<?xml version="1.0" encoding="UTF-8" ?>
<testsuite errors="0" failures="0" hostname="travis-job-4fb3c2af-1a2e-40b0-b830-f44fa18cc9ba" name="ptolemy.actor.lib.test.junit.JUnitTclTest" skipped="0" tests="517" time="61.599" timestamp="2018-07-16T01:36:38">
  <properties>
    <property name="npm.executable" value="npm" />
    <property name="file.encoding.pkg" value="sun.io" />
    <property name="ptII.mk.exists" value="true" />
    <property name="env.rvm_bin_path" value="/home/travis/.rvm/bin" />
    <property name="java.home" value="/usr/lib/jvm/java-8-oracle/jre" />
    <property name="env.TRAVIS_JOB_NUMBER" value="655.8" />
    <property name="env.DISPLAY" value=":99.0" />
    <property name="java.net.preferIPv4Stack" value="true" />
    <property name="env.TRAVIS_INIT" value="upstart" />
    <property name="env.SSH_TTY" value="/dev/pts/0" />
    <property name="env.RUN_TESTS" value="false" />
    <property name="timeout.short" value="1000000" />
    <property name="env.TRAVIS_STACK_NODE_ATTRIBUTES" value="/.node-attributes.yml" />
    <property name="junit.formatter" value="xml" />
    <property name="java.endorsed.dirs" value="/usr/lib/jvm/java-8-oracle/jre/lib/endorsed" />
    <property name="env.TRAVIS_SUDO" value="true" />
    <property name="env.LOGNAME" value="travis" />
    <property name="env.PT_TRAVIS_TEST_CORE1_XML" value="true" />
    <property name="jsdoc.home" value="node_modules/@terraswarm/jsdoc" />
    <property name="debuglevel" value="source,lines,vars" />
    <property name="checkstyle.formatter" value="xml" />
    <property name="bin.vergil.makeable" value="true" />
    <property name="env._system_version" value="14.04" />
    <property name="sun.os.patch.level" value="unknown" />
    <property name="java.vendor.url" value="http://java.oracle.com/" />
    <property name="java.version" value="1.8.0_151" />
    <property name="env.TZ" value="UTC" />
    <property name="env.PT_NO_NET" value="true" />
    <property name="env.TRAVIS_PULL_REQUEST_SHA" value="" />
    <property name="env.TRAVIS_SECURE_ENV_VARS" value="true" />
    <property name="env._system_type" value="Linux" />
    <property name="java.vendor.url.bug" value="http://bugreport.sun.com/bugreport/" />
    <property name="env.SSH_CLIENT" value="10.10.4.28 36780 22" />
    <property name="npmjs-org-is-up" value="true" />
    <property name="env.GEM_HOME" value="/home/travis/.rvm/gems/ruby-2.4.1" />
    <property name="env.HAS_ANTARES_THREE_LITTLE_FRONZIES_BADGE" value="true" />
    <property name="env.PS4" value="+" />
    <property name="ant.project.invoked-targets" value="build,test.core1.xml" />
    <property name="env.TRAVIS_PULL_REQUEST_BRANCH" value="" />
    <property name="env.TRAVIS_REPO_SLUG" value="icyphy/ptII" />
    <property name="node.in.path" value="true" />
    <property name="java.maxmemory" value="1400m" />
    <property name="env.RUBY_VERSION" value="ruby-2.4.1" />
    <property name="user.name" value="travis" />
    <property name="env.LANG" value="en_US.UTF-8" />
    <property name="sun.io.unicode.encoding" value="UnicodeLittle" />
    <property name="sun.jnu.encoding" value="UTF-8" />
    <property name="java.runtime.name" value="Java(TM) SE Runtime Environment" />
    <property name="usefile" value="false" />
    <property name="return.code" value="0" />
    <property name="junit.single.formatter" value="plain" />
    <property name="env.DYLD_LIBRARY_PATH" value="/home/travis/pthla/certi-tools/lib:" />
    <property name="env.DEBIAN_FRONTEND" value="noninteractive" />
    <property name="env.SSH_CONNECTION" value="10.10.4.28 36780 10.20.0.231 22" />
    <property name="env.MYSQL_UNIX_PORT" value="/var/run/mysqld/mysqld.sock" />
    <property name="env.TRAVIS_ALLOW_FAILURE" value="false" />
    <property name="env.LC_ALL" value="en_US.UTF-8" />
    <property name="java.specification.name" value="Java Platform API Specification" />
    <property name="node.works" value="true" />
    <property name="user.timezone" value="" />
    <property name="path.separator" value=":" />
    <property name="env.PYTHON_CFLAGS" value="-g -fstack-protector --param=ssp-buffer-size=4 -Wformat -Werror=format-security" />
    <property name="timeout.long" value="4000000" />
    <property name="env.CERTI_HOME" value="/home/travis/pthla/certi-tools" />
    <property name="file.encoding" value="UTF-8" />
    <property name="ant.file.ptII" value="/home/travis/build/icyphy/ptII/build.xml" />
    <property name="javadoc.packagenames" value="com.*,diva.*,lbnl.*,org.hlacerti.*,org.json.*,org.ptolemy.*,org.terraswarm.*,ptolemy.*,ptserver.*" />
    <property name="env.TRAVIS_PULL_REQUEST_SLUG" value="" />
    <property name="ant.project.default-target" value="build" />
    <property name="env.GIT_ASKPASS" value="echo" />
    <property name="env.HOME" value="/home/travis" />
    <property name="sun.java.command" value="org.apache.tools.ant.taskdefs.optional.junit.JUnitTestRunner ptolemy.actor.lib.test.junit.JUnitTclTest skipNonTests=false filtertrace=true haltOnError=false haltOnFailure=false formatter=org.apache.tools.ant.taskdefs.optional.junit.OutErrSummaryJUnitResultFormatter showoutput=true outputtoformatters=true logfailedtests=true threadid=0 logtestlistenerevents=false formatter=org.apache.tools.ant.taskdefs.optional.junit.XMLJUnitResultFormatter,/home/travis/build/icyphy/ptII/reports/junit/TEST-ptolemy.actor.lib.test.junit.JUnitTclTest.xml crashfile=/home/travis/build/icyphy/ptII/junitvmwatcher207413087974252616.properties propsfile=/home/travis/build/icyphy/ptII/junit4860319831818714624.properties" />
    <property name="env.MANPATH" value="/home/travis/.nvm/versions/node/v7.10.1/share/man:/home/travis/.kiex/elixirs/elixir-1.4.5/man:/home/travis/.rvm/rubies/ruby-2.4.1/share/man:/usr/local/man:/usr/local/cmake-3.9.2/man:/usr/local/clang-5.0.0/share/man:/usr/local/share/man:/usr/share/man:/home/travis/.rvm/man" />
    <property name="env.COMPOSER_NO_INTERACTION" value="1" />
    <property name="env.JDK_SWITCHER_DEFAULT" value="oraclejdk8" />
    <property name="ant.file" value="/home/travis/build/icyphy/ptII/build.xml" />
    <property name="env.TRAVIS_COMMIT_RANGE" value="d25b56b67c78ee4fe5a3d1cc3e10d9aaf4816ea6...5ba62ff625dde9b561beb5fe06cba0f87ec34e0b" />
    <property name="env._system_name" value="Ubuntu" />
    <property name="timeout" value="2400000" />
    <property name="ptII.classpath.optional.property" value="/home/travis/build/icyphy/ptII/lib/bsh-2.0b4.jar:/home/travis/build/icyphy/ptII/lib/ptCal.jar:/home/travis/build/icyphy/ptII/lib/java_cup.jar:/home/travis/build/icyphy/ptII/lib/saxon8.jar:/home/travis/build/icyphy/ptII/lib/saxon8-dom.jar:/home/travis/build/icyphy/ptII/lib/chic.jar:/home/travis/build/icyphy/ptII/lib/ptcolt.jar:/usr/lib/jvm/java-8-oracle/lib/tools.jar:/usr/lib/eclipse/plugins/org.eclipse.jdt.core_3.8.2.dist.jar:/usr/lib/eclipse/plugins/org.eclipse.core.runtime_3.8.0.dist.jar:/usr/lib/eclipse/plugins/org.eclipse.osgi_3.8.1.dist.jar:/usr/lib/eclipse/plugins/org.eclipse.core.resources_3.8.1.dist.jar:/usr/lib/eclipse/plugins/org.eclipse.equinox.common_3.6.100.dist.jar:/usr/lib/eclipse/plugins/org.eclipse.core.jobs_3.5.200.dist.jar:/usr/lib/eclipse/plugins/org.eclipse.core.contenttype_3.4.200.dist.jar:/usr/lib/eclipse/plugins/org.eclipse.equinox.preferences_3.5.0.dist.jar:/usr/lib/eclipse/plugins/org.eclipse.text_3.5.200.dist.jar:/usr/lib/eclipse/plugins/org.eclipse.ui.workbench_3.8.1.dist.jar:/usr/lib/eclipse/plugins/org.eclipse.jface_3.8.0.dist.jar:/usr/lib/eclipse/plugins/org.eclipse.swt_3.8.2.jar:/usr/lib/eclipse/plugins/org.eclipse.jface.text_3.8.1.dist.jar:/usr/lib/eclipse/plugins/org.eclipse.ui.workbench.texteditor_3.8.0.dist.jar:/usr/lib/eclipse/plugins/org.eclipse.ui.editors_3.8.0.dist.jar:/usr/lib/eclipse/plugins/org.eclipse.core.commands_3.6.1.dist.jar:/usr/lib/eclipse/plugins/org.eclipse.equinox.registry_3.5.200.dist.jar:/usr/lib/eclipse/plugins/org.eclipse.ui.console_3.5.100.dist.jar:/usr/lib/eclipse/plugins/org.eclipse.ui.forms_3.5.200.dist.jar:/usr/lib/eclipse/plugins/org.eclipse.ui.ide_3.8.1.dist.jar:/home/travis/build/icyphy/ptII/vendors/oracle/dbxml.jar:/home/travis/build/icyphy/ptII/vendors/oracle/db.jar:/home/travis/build/icyphy/ptII/vendors/misc/itext/iText.jar:/home/travis/build/icyphy/ptII/lib/g4ltl.jar:/home/travis/build/icyphy/ptII/lib/StructuralCoder.jar:/home/travis/build/icyphy/ptII/lib/org-openide-util.jar:/home/travis/build/icyphy/ptII/lib/org-openide-util-lookup.jar:/home/travis/build/icyphy/ptII/lib/org-netbeans-api-visual.jar:/home/travis/build/icyphy/ptII/vendors/jai-1_1_2_01/lib/jai_core.jar:/home/travis/build/icyphy/ptII/vendors/jai-1_1_2_01/lib/jai_codec.jar:/home/travis/build/icyphy/ptII/lib/jcerti.jar:/home/travis/build/icyphy/ptII/lib/smack.jar:/home/travis/build/icyphy/ptII/lib/smackx.jar:/home/travis/build/icyphy/ptII/lib/jetty-all-8.1.5-v20120716.jar:/home/travis/build/icyphy/ptII/lib/javax.servlet-api-3.0.1.jar:/home/travis/build/icyphy/ptII/lib/javax.mail.jar:/home/travis/build/icyphy/ptII/vendors/JMF-2.1.1e/lib/jmf.jar:/home/travis/build/icyphy/ptII/lib/jna-4.0.0-variadic.jar:/home/travis/build/icyphy/ptII/vendors/misc/joystick/Joystick.jar:/home/travis/build/icyphy/ptII/lib/ptjacl.jar:/home/travis/build/icyphy/ptII/lib/jsoup-1.8.2.jar:/home/travis/build/icyphy/ptII/lib/junit-4.8.2.jar:/home/travis/build/icyphy/ptII/lib/JUnitParams-0.4.0.jar:/home/travis/build/icyphy/ptII/ptolemy/actor/lib/excel/jxl.jar:/home/travis/build/icyphy/ptII/lib/jython.jar:/home/travis/build/icyphy/ptII/lib/kieler.jar:/home/travis/build/icyphy/ptII/vendors/opencv/share/OpenCV/java/opencv-341.jar:/home/travis/build/icyphy/ptII/lib/oscP5.jar:/home/travis/build/icyphy/ptII/lib/nrjavaserial-3.11.0.devel.jar:/home/travis/build/icyphy/ptII/vendors/j3d/lib/j3dcore.jar:/home/travis/build/icyphy/ptII/vendors/j3d/lib/j3dutils.jar:/home/travis/build/icyphy/ptII/vendors/j3d/lib/vecmath.jar:/home/travis/build/icyphy/ptII/ptolemy/distributed/jini/jar/jini-core.jar:/home/travis/build/icyphy/ptII/ptolemy/distributed/jini/jar/jini-ext.jar:/home/travis/build/icyphy/ptII/ptolemy/distributed/jini/jar/sun-util.jar:/home/travis/build/icyphy/ptII/lib/protobuf-java-2.4.1.jar:/home/travis/build/icyphy/ptII/lib/org.eclipse.paho.client.mqttv3.jar:/home/travis/build/icyphy/ptII/ptserver/lib/hessian-4.0.7.jar:/home/travis/build/icyphy/ptII/ptserver/lib/wmqtt.jar:/home/travis/build/icyphy/ptII/lib/mapss.jar:/home/travis/build/icyphy/ptII/ptolemy/actor/ptalon/antlr/antlr.jar:/home/travis/build/icyphy/ptII/lib/JRI.jar:/home/travis/build/icyphy/ptII/lib/commons-lang-2.6.jar:/home/travis/build/icyphy/ptII/lib/commons-logging-1.1.1.jar:/home/travis/build/icyphy/ptII/lib/sootclasses.jar:/home/travis/build/icyphy/ptII/ptolemy/actor/lib/database/mysql-connector-java-5.1.6-bin.jar:/home/travis/build/icyphy/ptII/vendors/misc/sphinx4/sphinx4-data-5prealpha.jar:/home/travis/build/icyphy/ptII/vendors/misc/sphinx4/sphinx4-core-5prealpha.jar:/home/travis/build/icyphy/ptII/lib/PDFRenderer.jar:/home/travis/build/icyphy/ptII/lib/svgSalamander.jar:/home/travis/build/icyphy/ptII/lib/rsyntaxtextarea-2.6.0-SNAPSHOT.jar:/home/travis/build/icyphy/ptII/lib/hazelcast-3.8.2.jar:/home/travis/build/icyphy/ptII/lib/jackson-annotations-2.9.0.jar:/home/travis/build/icyphy/ptII/lib/jackson-core-2.9.3.jar:/home/travis/build/icyphy/ptII/lib/jackson-databind-2.9.3.jar:/home/travis/build/icyphy/ptII/lib/netty-buffer-4.1.19.Final.jar:/home/travis/build/icyphy/ptII/lib/netty-codec-4.1.19.Final.jar:/home/travis/build/icyphy/ptII/lib/netty-codec-dns-4.1.19.Final.jar:/home/travis/build/icyphy/ptII/lib/netty-codec-http-4.1.19.Final.jar:/home/travis/build/icyphy/ptII/lib/netty-codec-http2-4.1.19.Final.jar:/home/travis/build/icyphy/ptII/lib/netty-common-4.1.19.Final.jar:/home/travis/build/icyphy/ptII/lib/netty-handler-4.1.19.Final.jar:/home/travis/build/icyphy/ptII/lib/netty-resolver-4.1.19.Final.jar:/home/travis/build/icyphy/ptII/lib/netty-resolver-dns-4.1.19.Final.jar:/home/travis/build/icyphy/ptII/lib/netty-transport-4.1.19.Final.jar:/home/travis/build/icyphy/ptII/lib/vertx-codegen-3.5.1.jar:/home/travis/build/icyphy/ptII/lib/vertx-core-3.5.2-SNAPSHOT.jar:/home/travis/build/icyphy/ptII/lib/vertx-hazelcast-3.5.1.jar:/home/travis/build/icyphy/ptII/lib/vertx-lang-js-3.5.1.jar:/home/travis/build/icyphy/ptII/lib/vertx-service-proxy-3.5.1.jar:/home/travis/build/icyphy/ptII/lib/vertx-web-3.5.1.jar:/home/travis/build/icyphy/ptII/lib/slf4j-api-1.7.13.jar:/home/travis/build/icyphy/ptII/lib/slf4j-simple-1.7.13.jar:/home/travis/build/icyphy/ptII/lib/webcam-capture-0.3.12.jar:/home/travis/build/icyphy/ptII/lib/bridj-0.7.0.jar:/home/travis/build/icyphy/ptII/lib/xbjlib-1.1.0.nrjavaserial.jar" />
    <property name="test.batch" value="**/junit/*.java" />
    <property name="env._" value="/usr/bin/timeout" />
    <property name="java.io.tmpdir" value="/tmp" />
    <property name="user.language" value="en" />
    <property name="env.HISTCONTROL" value="ignoredups:ignorespace" />
    <property name="env.GOROOT" value="/home/travis/.gimme/versions/go1.7.4.linux.amd64" />
    <property name="line.separator" value="&#xa;" />
    <property name="target" value="1.8" />
    <property name="env.TRAVIS_BUILD_DIR" value="/home/travis/build/icyphy/ptII" />
    <property name="env.ANT_OPTS" value="-Xmx2048m" />
    <property name="ant.file.type" value="file" />
    <property name="ptolemy.ptII.batchMode" value="true" />
    <property name="env.HISTSIZE" value="1000" />
    <property name="env.MERB_ENV" value="test" />
    <property name="java.vm.info" value="mixed mode" />
    <property name="source" value="1.8" />
    <property name="java.vm.specification.name" value="Java Virtual Machine Specification" />
    <property name="env.TRAVIS_TEST_RESULT" value="0" />
    <property name="jsdoc.command" value="node_modules/@terraswarm/jsdoc/jsdoc.js" />
    <property name="npm.works" value="true" />
    <property name="cobertura.dir" value="/home/travis/build/icyphy/ptII/vendors/cobertura-2.0.3" />
    <property name="env.rvm_path" value="/home/travis/.rvm" />
    <property name="env.GEM_PATH" value="/home/travis/.rvm/gems/ruby-2.4.1:/home/travis/.rvm/gems/ruby-2.4.1@global" />
    <property name="env.LC_CTYPE" value="en_US.UTF-8" />
    <property name="java.awt.printerjob" value="sun.print.PSPrinterJob" />
    <property name="env.TRAVIS_STACK_NAME" value="garnet" />
    <property name="ant.version" value="Apache Ant(TM) version 1.10.1 compiled on February 2 2017" />
    <property name="ptII.reports" value="/home/travis/build/icyphy/ptII/reports" />
    <property name="env.TRAVIS_STACK_TIMESTAMP" value="2017-12-05 19:33:09 UTC" />
    <property name="ant.file.type.ptII" value="file" />
    <property name="env.RBENV_SHELL" value="bash" />
    <property name="os.name" value="Linux" />
    <property name="java.specification.vendor" value="Oracle Corporation" />
    <property name="env.rvm_version" value="1.29.3 (latest)" />
    <property name="env.TERM" value="xterm" />
    <property name="java.vm.name" value="Java HotSpot(TM) 64-Bit Server VM" />
    <property name="env.TRAVIS_BUILD_NUMBER" value="655" />
    <property name="env.CI" value="true" />
    <property name="java.library.path" value="/home/travis/pthla/certi-tools/lib:/usr/lib/jni:/usr/local/share/OpenCV/java/:/usr/share/OpenCV/java::/usr/java/packages/lib/amd64:/usr/lib64:/lib64:/lib:/usr/lib" />
    <property name="env.rvm_prefix" value="/home/travis" />
    <property name="env.PATH" value="/home/travis/pthla/certi-tools/share/scripts:/home/travis/.rvm/gems/ruby-2.4.1/bin:/home/travis/.rvm/gems/ruby-2.4.1@global/bin:/home/travis/.rvm/rubies/ruby-2.4.1/bin:/home/travis/.rvm/bin:/home/travis/.nvm/versions/node/v7.10.1/bin:./node_modules/.bin:/home/travis/build/icyphy/ptII/bin:/home/travis/pthla/certi-tools/bin:/home/travis/bin:/home/travis/.local/bin:/opt/pyenv/shims:/home/travis/.phpenv/shims:/home/travis/perl5/perlbrew/bin:/home/travis/.kiex/elixirs/elixir-1.4.5/bin:/home/travis/.kiex/bin:/home/travis/gopath/bin:/home/travis/.gimme/versions/go1.7.4.linux.amd64/bin:/usr/local/phantomjs/bin:/usr/local/phantomjs:/usr/local/neo4j-3.2.7/bin:/usr/local/maven-3.5.2/bin:/usr/local/cmake-3.9.2/bin:/usr/local/clang-5.0.0/bin:/usr/local/sbin:/usr/local/bin:/usr/sbin:/usr/bin:/sbin:/bin:/home/travis/.phpenv/bin:/opt/pyenv/bin:/home/travis/.yarn/bin" />
    <property name="env.TRAVIS_OS_NAME" value="linux" />
    <property name="ant.java.version" value="1.8" />
    <property name="basedir" value="/home/travis/build/icyphy/ptII" />
    <property name="java.class.version" value="52.0" />
    <property name="env.SHLVL" value="3" />
    <property name="env.LD_LIBRARY_PATH" value="/home/travis/pthla/certi-tools/lib:/usr/lib/jni:/usr/local/share/OpenCV/java/:/usr/share/OpenCV/java:" />
    <property name="env.RACK_ENV" value="test" />
    <property name="ant.home" value="/home/travis/build/icyphy/ptII/ant" />
    <property name="env.NVM_DIR" value="/home/travis/.nvm" />
    <property name="env.PERLBREW_BASHRC_VERSION" value="0.80" />
    <property name="env.CERTI_FOM_PATH" value="/home/travis/pthla/certi-tools/share/federations" />
    <property name="env.TRAVIS_BUILD_ID" value="404262555" />
    <property name="env.PYENV_ROOT" value="/opt/pyenv" />
    <property name="env.TRAVIS_UID" value="2000" />
    <property name="env.rvm_pretty_print_flag" value="auto" />
    <property name="env.NVM_BIN" value="/home/travis/.nvm/versions/node/v7.10.1/bin" />
    <property name="env.TRAVIS_COMMIT" value="5ba62ff625dde9b561beb5fe06cba0f87ec34e0b" />
    <property name="env._system_arch" value="x86_64" />
    <property name="node.executable" value="node" />
    <property name="sun.boot.library.path" value="/usr/lib/jvm/java-8-oracle/jre/lib/amd64" />
    <property name="sun.management.compiler" value="HotSpot 64-Bit Tiered Compilers" />
    <property name="env.GOPATH" value="/home/travis/gopath" />
    <property name="java.awt.graphicsenv" value="sun.awt.X11GraphicsEnvironment" />
    <property name="ptolemy.ptII.dir" value="/home/travis/build/icyphy/ptII" />
    <property name="env.USER" value="travis" />
    <property name="env.HISTFILESIZE" value="2000" />
    <property name="timeout.longest" value="19000000" />
    <property name="env.TRAVIS_STACK_FEATURES" value="basic cassandra chromium couchdb disabled-ipv6 docker docker-compose elasticsearch firefox go-toolchain google-chrome jdk memcached mongodb mysql neo4j nodejs_interpreter perl_interpreter perlbrew phantomjs postgresql python_interpreter rabbitmq redis riak ruby_interpreter sqlite xserver" />
    <property name="env.TRAVIS_PULL_REQUEST" value="false" />
    <property name="env.PYENV_SHELL" value="bash" />
    <property name="ant.project.name" value="ptII" />
    <property name="java.vm.specification.version" value="1.8" />
    <property name="env.TRAVIS_DIST" value="trusty" />
    <property name="env.CERTI_VERSION" value="4.0.0" />
    <property name="env.NLSPATH" value="/usr/dt/lib/nls/msg/%L/%N.cat" />
    <property name="awt.toolkit" value="sun.awt.X11.XToolkit" />
    <property name="env.CERTI_HOST" value="localhost" />
    <property name="env.MY_RUBY_HOME" value="/home/travis/.rvm/rubies/ruby-2.4.1" />
    <property name="sun.cpu.isalist" value="" />
    <property name="java.ext.dirs" value="/usr/lib/jvm/java-8-oracle/jre/lib/ext:/usr/java/packages/lib/ext" />
    <property name="os.version" value="4.4.0-101-generic" />
    <property name="user.home" value="/home/travis" />
    <property name="env.MIX_ARCHIVES" value="/home/travis/.kiex/mix/elixir-1.4.5" />
    <property name="java.vm.vendor" value="Oracle Corporation" />
    <property name="env.TRAVIS_TAG" value="nightly" />
    <property name="env.TRAVIS_FILTERED" value="redirect_io" />
    <property name="env.JAVA_HOME" value="/usr/lib/jvm/java-8-oracle" />
    <property name="env.PTII" value="/home/travis/build/icyphy/ptII" />
    <property name="javadoc.excludepackagenames" value="adm.cvs2svn.*,build.*,config.*,doc.coding.templates.*,jni.test.jni.meaningOfLife.*,jni.test.jni.testDeux.*,jni.test.jni.testTrois.*,org.terraswarm.accessor.accessors.web.node_modules.*,org.terraswarm.accessor.accessors.web.hosts.cordova.demo.*,org.terraswarm.accessor.accessors.web.hosts.cordova.plugins.*,org.terraswarm.accessor.accessors-svn.*,pt-modules.*,ptolemy.apps.agilent.*,ptolemy.apps.anytimecontrol.*,ptolemy.apps.apes.*,ptolemy.apps.charon.*,ptolemy.apps.crazyboard.*,ptolemy.apps.eclipse.*,ptolemy.apps.etherealSting.*,ptolemy.apps.fullscreen.*,ptolemy.apps.giotto.*,ptolemy.apps.ia.*,ptolemy.apps.interfaces.*,ptolemy.apps.jmf.*,ptolemy.apps.kurt.*,ptolemy.apps.kvm.*,ptolemy.apps.lego.*,ptolemy.apps.lejos.*,ptolemy.apps.midp.*,ptolemy.apps.mobileCoding.*,ptolemy.apps.pendulum.*,ptolemy.apps.rijndael.*,ptolemy.apps.robot.*,ptolemy.apps.security.*,ptolemy.apps.sobel.*,ptolemy.apps.soot.*,ptolemy.apps.throttle.*,ptolemy.apps.tini.*,ptolemy.apps.transmission.*,ptolemy.apps.vergil.*,ptolemy.apps.waba.*,ptolemy.apps.websensor.*,ptolemy.apps.webstart.*,ptolemy.apps.xsl.*,ptolemy.apps.zaurus.*,ptolemy.backtrack.eclipse.plugin.*,ptolemy.backtrack.test.*,ptolemy.codegen.c.actor.lib.oldJavaFiles.*,ptolemy.codegen.dsp.lib.*,ptolemy.codegen.kernel.newInterfaces.*,ptolemy.codegen.lib.*,ptolemy.copernicus.kernel.fragment.*,ptolemy.copernicus.shallow.cg.*,ptolemy.domains.giotto.demo.Hierarchy.Hierarchy.*,ptolemy.domains.giotto.demo.Multimode.Multimode.*,ptolemy.domains.giotto.demo.Simple.Simple.*,ptolemy.domains.gr.lib.experimental.*,ptolemy.domains.gro.*,ptolemy.domains.pdf.*,ptolemy.domains.ptinyos.demo.Surge.output.*,ptolemy.moml.test.NoPackageActor.java*,ptolemy.plot.adm.*,ptolemy.plot.servlet.*,reports.*,signed.*,src.*,target.*,vendors.*,ptolemy.cg.adapter.generic.program.procedural.c.mbed*,ptolemy.actor.lib.fmi.fmus.omc*,ptolemy.domains.openmodelica*,ptdb.kernel.bl.save.test.*,ptdb.kernel.bl.load.test.*,ptdb.kernel.bl.search.test.*,ptdb.kernel.bl.migration.test.*,ptdb.kernel.database.test.*,ptdb.test.*,ptdb.gui.test.*,org.ptolemy.scala.*,diva.util.java2d.svg.*,ptolemy.domains.ptinyos.*,ptolemy.actor.lib.fmi.fmipp.*,,org.terraswarm.accessor.accessors.web.node_modules.*,org.terraswarm.accessor.accessors-svn,ptolemy.apps.*,ptolemy.actor.ptalon.demo.ptinyos.SendAndReceiveCnt.output,ptolemy.actor.ptalon.demo.ptinyos.SenseToLeds.output,ptolemy.domains.ptinyos.demo.CntToLedsAndRfm.output,ptolemy.domains.ptinyos.demo.RfmToLeds.output,ptolemy.domains.ptinyos.demo.SendAndReceiveCnt.output,ptolemy.domains.ptinyos.demo.SenseToLeds.output,ptolemy.actor.lib.jjs.modules.udpSocket.*" />
    <property name="env.TRAVIS_COMMIT_MESSAGE" value="Commented out notification section." />
    <property name="keystore" value="ptKeystore" />
    <property name="env.XDG_SESSION_ID" value="2" />
    <property name="junit.output.dir" value="/home/travis/build/icyphy/ptII/reports/junit" />
    <property name="npm.return.code" value="0" />
    <property name="user.dir" value="/home/travis/build/icyphy/ptII/ptolemy/actor/lib/test" />
    <property name="env.TRAVIS_NODE_VERSION" value="7" />
    <property name="env.XFILESEARCHPATH" value="/usr/dt/app-defaults/%L/Dt" />
    <property name="env.TRAVIS_EVENT_TYPE" value="cron" />
    <property name="env.MAIL" value="/var/mail/travis" />
    <property name="env.PERLBREW_ROOT" value="/home/travis/perl5/perlbrew" />
    <property name="env.PWD" value="/home/travis/build/icyphy/ptII" />
    <property name="timeout.npm" value="45000" />
    <property name="env.PAGER" value="cat" />
    <property name="sun.cpu.endian" value="little" />
    <property name="env.TRAVIS_BUILD_STAGE_NAME" value="Test" />
    <property name="env.PERLBREW_HOME" value="/home/travis/.perlbrew" />
    <property name="env.RAILS_ENV" value="test" />
    <property name="java.vm.version" value="25.151-b12" />
    <property name="java.class.path" value="/home/travis/.ptolemyII:/home/travis/.ptolemyII/*:/home/travis/build/icyphy/ptII:/home/travis/build/icyphy/ptII/lib/bsh-2.0b4.jar:/home/travis/build/icyphy/ptII/lib/ptCal.jar:/home/travis/build/icyphy/ptII/lib/java_cup.jar:/home/travis/build/icyphy/ptII/lib/saxon8.jar:/home/travis/build/icyphy/ptII/lib/saxon8-dom.jar:/home/travis/build/icyphy/ptII/lib/chic.jar:/home/travis/build/icyphy/ptII/lib/ptcolt.jar:/usr/lib/jvm/java-8-oracle/lib/tools.jar:/usr/lib/eclipse/plugins/org.eclipse.jdt.core_3.8.2.dist.jar:/usr/lib/eclipse/plugins/org.eclipse.core.runtime_3.8.0.dist.jar:/usr/lib/eclipse/plugins/org.eclipse.osgi_3.8.1.dist.jar:/usr/lib/eclipse/plugins/org.eclipse.core.resources_3.8.1.dist.jar:/usr/lib/eclipse/plugins/org.eclipse.equinox.common_3.6.100.dist.jar:/usr/lib/eclipse/plugins/org.eclipse.core.jobs_3.5.200.dist.jar:/usr/lib/eclipse/plugins/org.eclipse.core.contenttype_3.4.200.dist.jar:/usr/lib/eclipse/plugins/org.eclipse.equinox.preferences_3.5.0.dist.jar:/usr/lib/eclipse/plugins/org.eclipse.text_3.5.200.dist.jar:/usr/lib/eclipse/plugins/org.eclipse.ui.workbench_3.8.1.dist.jar:/usr/lib/eclipse/plugins/org.eclipse.jface_3.8.0.dist.jar:/usr/lib/eclipse/plugins/org.eclipse.swt_3.8.2.jar:/usr/lib/eclipse/plugins/org.eclipse.jface.text_3.8.1.dist.jar:/usr/lib/eclipse/plugins/org.eclipse.ui.workbench.texteditor_3.8.0.dist.jar:/usr/lib/eclipse/plugins/org.eclipse.ui.editors_3.8.0.dist.jar:/usr/lib/eclipse/plugins/org.eclipse.core.commands_3.6.1.dist.jar:/usr/lib/eclipse/plugins/org.eclipse.equinox.registry_3.5.200.dist.jar:/usr/lib/eclipse/plugins/org.eclipse.ui.console_3.5.100.dist.jar:/usr/lib/eclipse/plugins/org.eclipse.ui.forms_3.5.200.dist.jar:/usr/lib/eclipse/plugins/org.eclipse.ui.ide_3.8.1.dist.jar:/home/travis/build/icyphy/ptII/vendors/oracle/dbxml.jar:/home/travis/build/icyphy/ptII/vendors/oracle/db.jar:/home/travis/build/icyphy/ptII/vendors/misc/itext/iText.jar:/home/travis/build/icyphy/ptII/lib/g4ltl.jar:/home/travis/build/icyphy/ptII/lib/StructuralCoder.jar:/home/travis/build/icyphy/ptII/lib/org-openide-util.jar:/home/travis/build/icyphy/ptII/lib/org-openide-util-lookup.jar:/home/travis/build/icyphy/ptII/lib/org-netbeans-api-visual.jar:/home/travis/build/icyphy/ptII/vendors/jai-1_1_2_01/lib/jai_core.jar:/home/travis/build/icyphy/ptII/vendors/jai-1_1_2_01/lib/jai_codec.jar:/home/travis/build/icyphy/ptII/lib/jcerti.jar:/home/travis/build/icyphy/ptII/lib/smack.jar:/home/travis/build/icyphy/ptII/lib/smackx.jar:/home/travis/build/icyphy/ptII/lib/jetty-all-8.1.5-v20120716.jar:/home/travis/build/icyphy/ptII/lib/javax.servlet-api-3.0.1.jar:/home/travis/build/icyphy/ptII/lib/javax.mail.jar:/home/travis/build/icyphy/ptII/vendors/JMF-2.1.1e/lib/jmf.jar:/home/travis/build/icyphy/ptII/lib/jna-4.0.0-variadic.jar:/home/travis/build/icyphy/ptII/vendors/misc/joystick/Joystick.jar:/home/travis/build/icyphy/ptII/lib/ptjacl.jar:/home/travis/build/icyphy/ptII/lib/jsoup-1.8.2.jar:/home/travis/build/icyphy/ptII/lib/junit-4.8.2.jar:/home/travis/build/icyphy/ptII/lib/JUnitParams-0.4.0.jar:/home/travis/build/icyphy/ptII/ptolemy/actor/lib/excel/jxl.jar:/home/travis/build/icyphy/ptII/lib/jython.jar:/home/travis/build/icyphy/ptII/lib/kieler.jar:/home/travis/build/icyphy/ptII/vendors/opencv/share/OpenCV/java/opencv-341.jar:/home/travis/build/icyphy/ptII/lib/oscP5.jar:/home/travis/build/icyphy/ptII/lib/nrjavaserial-3.11.0.devel.jar:/home/travis/build/icyphy/ptII/vendors/j3d/lib/j3dcore.jar:/home/travis/build/icyphy/ptII/vendors/j3d/lib/j3dutils.jar:/home/travis/build/icyphy/ptII/vendors/j3d/lib/vecmath.jar:/home/travis/build/icyphy/ptII/ptolemy/distributed/jini/jar/jini-core.jar:/home/travis/build/icyphy/ptII/ptolemy/distributed/jini/jar/jini-ext.jar:/home/travis/build/icyphy/ptII/ptolemy/distributed/jini/jar/sun-util.jar:/home/travis/build/icyphy/ptII/lib/protobuf-java-2.4.1.jar:/home/travis/build/icyphy/ptII/lib/org.eclipse.paho.client.mqttv3.jar:/home/travis/build/icyphy/ptII/ptserver/lib/hessian-4.0.7.jar:/home/travis/build/icyphy/ptII/ptserver/lib/wmqtt.jar:/home/travis/build/icyphy/ptII/lib/mapss.jar:/home/travis/build/icyphy/ptII/ptolemy/actor/ptalon/antlr/antlr.jar:/home/travis/build/icyphy/ptII/lib/JRI.jar:/home/travis/build/icyphy/ptII/lib/commons-lang-2.6.jar:/home/travis/build/icyphy/ptII/lib/commons-logging-1.1.1.jar:/home/travis/build/icyphy/ptII/lib/sootclasses.jar:/home/travis/build/icyphy/ptII/ptolemy/actor/lib/database/mysql-connector-java-5.1.6-bin.jar:/home/travis/build/icyphy/ptII/vendors/misc/sphinx4/sphinx4-data-5prealpha.jar:/home/travis/build/icyphy/ptII/vendors/misc/sphinx4/sphinx4-core-5prealpha.jar:/home/travis/build/icyphy/ptII/lib/PDFRenderer.jar:/home/travis/build/icyphy/ptII/lib/svgSalamander.jar:/home/travis/build/icyphy/ptII/lib/rsyntaxtextarea-2.6.0-SNAPSHOT.jar:/home/travis/build/icyphy/ptII/lib/hazelcast-3.8.2.jar:/home/travis/build/icyphy/ptII/lib/jackson-annotations-2.9.0.jar:/home/travis/build/icyphy/ptII/lib/jackson-core-2.9.3.jar:/home/travis/build/icyphy/ptII/lib/jackson-databind-2.9.3.jar:/home/travis/build/icyphy/ptII/lib/netty-buffer-4.1.19.Final.jar:/home/travis/build/icyphy/ptII/lib/netty-codec-4.1.19.Final.jar:/home/travis/build/icyphy/ptII/lib/netty-codec-dns-4.1.19.Final.jar:/home/travis/build/icyphy/ptII/lib/netty-codec-http-4.1.19.Final.jar:/home/travis/build/icyphy/ptII/lib/netty-codec-http2-4.1.19.Final.jar:/home/travis/build/icyphy/ptII/lib/netty-common-4.1.19.Final.jar:/home/travis/build/icyphy/ptII/lib/netty-handler-4.1.19.Final.jar:/home/travis/build/icyphy/ptII/lib/netty-resolver-4.1.19.Final.jar:/home/travis/build/icyphy/ptII/lib/netty-resolver-dns-4.1.19.Final.jar:/home/travis/build/icyphy/ptII/lib/netty-transport-4.1.19.Final.jar:/home/travis/build/icyphy/ptII/lib/vertx-codegen-3.5.1.jar:/home/travis/build/icyphy/ptII/lib/vertx-core-3.5.2-SNAPSHOT.jar:/home/travis/build/icyphy/ptII/lib/vertx-hazelcast-3.5.1.jar:/home/travis/build/icyphy/ptII/lib/vertx-lang-js-3.5.1.jar:/home/travis/build/icyphy/ptII/lib/vertx-service-proxy-3.5.1.jar:/home/travis/build/icyphy/ptII/lib/vertx-web-3.5.1.jar:/home/travis/build/icyphy/ptII/lib/slf4j-api-1.7.13.jar:/home/travis/build/icyphy/ptII/lib/slf4j-simple-1.7.13.jar:/home/travis/build/icyphy/ptII/lib/webcam-capture-0.3.12.jar:/home/travis/build/icyphy/ptII/lib/bridj-0.7.0.jar:/home/travis/build/icyphy/ptII/lib/xbjlib-1.1.0.nrjavaserial.jar:/home/travis/build/icyphy/ptII/ptolemy/moml/test:/home/travis/build/icyphy/ptII/ant/lib/ant-launcher.jar:/home/travis/build/icyphy/ptII/ant/lib/ant.jar:/home/travis/build/icyphy/ptII/ant/lib/ant-junit.jar:/home/travis/build/icyphy/ptII/ant/lib/ant-junit4.jar" />
    <property name="ant.library.dir" value="/home/travis/build/icyphy/ptII/ant/lib" />
    <property name="os.arch" value="amd64" />
    <property name="env.TRAVIS_LANGUAGE" value="node_js" />
    <property name="env.CONTINUOUS_INTEGRATION" value="true" />
    <property name="env.TRAVIS_STACK_LANGUAGES" value="__garnet__ c c++ clojure cplusplus cpp default go groovy java node_js php pure_java python ruby scala" />
    <property name="test.name" value="ptolemy.actor.lib.test.junit.JUnitTclTest" />
    <property name="sun.java.launcher" value="SUN_STANDARD" />
    <property name="env.PYTHON_CONFIGURE_OPTS" value="--enable-unicode=ucs4 --with-wide-unicode --enable-shared --enable-ipv6 --enable-loadable-sqlite-extensions --with-computed-gotos" />
    <property name="ant.core.lib" value="/home/travis/build/icyphy/ptII/ant/lib/ant.jar" />
    <property name="java.vm.specification.vendor" value="Oracle Corporation" />
    <property name="env.BCVTB_HOME" value="/home/travis/build/icyphy/ptII/lbnl" />
    <property name="file.separator" value="/" />
    <property name="java.runtime.version" value="1.8.0_151-b12" />
    <property name="spotbugs.home" value="/home/travis/build/icyphy/ptII/vendors/spotbugs-3.1.1" />
    <property name="sun.boot.class.path" value="/usr/lib/jvm/java-8-oracle/jre/lib/resources.jar:/usr/lib/jvm/java-8-oracle/jre/lib/rt.jar:/usr/lib/jvm/java-8-oracle/jre/lib/sunrsasign.jar:/usr/lib/jvm/java-8-oracle/jre/lib/jsse.jar:/usr/lib/jvm/java-8-oracle/jre/lib/jce.jar:/usr/lib/jvm/java-8-oracle/jre/lib/charsets.jar:/usr/lib/jvm/java-8-oracle/jre/lib/jfr.jar:/usr/lib/jvm/java-8-oracle/jre/classes" />
    <property name="env.HAS_JOSH_K_SEAL_OF_APPROVAL" value="true" />
    <property name="env.XDG_RUNTIME_DIR" value="/run/user/2000" />
    <property name="env.TRAVIS_OSX_IMAGE" value="" />
    <property name="env.TRAVIS_BRANCH" value="master" />
    <property name="env.TRAVIS_JOB_ID" value="404262563" />
    <property name="user.country" value="US" />
    <property name="env.CERTI_HOME_TRAVIS" value="/home/travis/pthla/certi-tools" />
    <property name="env.SHELL" value="/bin/bash" />
    <property name="java.maxmemory.large" value="5000m" />
    <property name="model" value="" />
    <property name="env.CASHER_DIR" value="/home/travis/.casher" />
    <property name="env.NVM_CD_FLAGS" value="" />
    <property name="jshint.executable" value="/home/travis/node_modules/jshint/bin/jshint" />
    <property name="java.vendor" value="Oracle Corporation" />
    <property name="env.JRUBY_OPTS" value=" --client -J-XX:+TieredCompilation -J-XX:TieredStopAtLevel=1 -J-Xss2m -Xcompile.invokedynamic=false" />
    <property name="env.TRAVIS_PRE_CHEF_BOOTSTRAP_TIME" value="2017-12-05T19:32:55" />
    <property name="env.ELIXIR_VERSION" value="1.4.5" />
    <property name="env.TRAVIS_STACK_JOB_BOARD_REGISTER" value="/.job-board-register.yml" />
    <property name="java.specification.version" value="1.8" />
    <property name="env.TRAVIS" value="true" />
    <property name="env.IRBRC" value="/home/travis/.rvm/rubies/ruby-2.4.1/.irbrc" />
    <property name="sun.arch.data.model" value="64" />
  </properties>
  <testcase classname="ptolemy.util.test.junit.TclTests" name="[0] /home/travis/build/icyphy/ptII/ptolemy/actor/lib/test/AbsoluteValue.tcl (RunTclFile)" time="0.538" />
  <testcase classname="ptolemy.util.test.junit.TclTests" name="[1] /home/travis/build/icyphy/ptII/ptolemy/actor/lib/test/AddSubtract.tcl (RunTclFile)" time="0.066" />
  <testcase classname="ptolemy.util.test.junit.TclTests" name="[2] /home/travis/build/icyphy/ptII/ptolemy/actor/lib/test/Average.tcl (RunTclFile)" time="0.04" />
  <testcase classname="ptolemy.util.test.junit.TclTests" name="[3] /home/travis/build/icyphy/ptII/ptolemy/actor/lib/test/Bernoulli.tcl (RunTclFile)" time="0.046" />
  <testcase classname="ptolemy.util.test.junit.TclTests" name="[4] /home/travis/build/icyphy/ptII/ptolemy/actor/lib/test/Clock.tcl (RunTclFile)" time="0.091" />
  <testcase classname="ptolemy.util.test.junit.TclTests" name="[5] /home/travis/build/icyphy/ptII/ptolemy/actor/lib/test/Commutator.tcl (RunTclFile)" time="0.116" />
  <testcase classname="ptolemy.util.test.junit.TclTests" name="[6] /home/travis/build/icyphy/ptII/ptolemy/actor/lib/test/Const.tcl (RunTclFile)" time="0.173" />
  <testcase classname="ptolemy.util.test.junit.TclTests" name="[7] /home/travis/build/icyphy/ptII/ptolemy/actor/lib/test/CurrentTime.tcl (RunTclFile)" time="0.044" />
  <testcase classname="ptolemy.util.test.junit.TclTests" name="[8] /home/travis/build/icyphy/ptII/ptolemy/actor/lib/test/DB.tcl (RunTclFile)" time="0.028" />
  <testcase classname="ptolemy.util.test.junit.TclTests" name="[9] /home/travis/build/icyphy/ptII/ptolemy/actor/lib/test/DiscreteRandomSource.tcl (RunTclFile)" time="0.025" />
  <testcase classname="ptolemy.util.test.junit.TclTests" name="[10] /home/travis/build/icyphy/ptII/ptolemy/actor/lib/test/Distributor.tcl (RunTclFile)" time="0.079" />
  <testcase classname="ptolemy.util.test.junit.TclTests" name="[11] /home/travis/build/icyphy/ptII/ptolemy/actor/lib/test/Exit.tcl (RunTclFile)" time="0.064" />
  <testcase classname="ptolemy.util.test.junit.TclTests" name="[12] /home/travis/build/icyphy/ptII/ptolemy/actor/lib/test/Expression.tcl (RunTclFile)" time="0.13" />
  <testcase classname="ptolemy.util.test.junit.TclTests" name="[13] /home/travis/build/icyphy/ptII/ptolemy/actor/lib/test/Gaussian.tcl (RunTclFile)" time="0.725" />
  <testcase classname="ptolemy.util.test.junit.TclTests" name="[14] /home/travis/build/icyphy/ptII/ptolemy/actor/lib/test/IIR.tcl (RunTclFile)" time="0.022" />
  <testcase classname="ptolemy.util.test.junit.TclTests" name="[15] /home/travis/build/icyphy/ptII/ptolemy/actor/lib/test/Interpolator.tcl (RunTclFile)" time="0.081" />
  <testcase classname="ptolemy.util.test.junit.TclTests" name="[16] /home/travis/build/icyphy/ptII/ptolemy/actor/lib/test/MathFunction.tcl (RunTclFile)" time="0.062" />
  <testcase classname="ptolemy.util.test.junit.TclTests" name="[17] /home/travis/build/icyphy/ptII/ptolemy/actor/lib/test/Maximum.tcl (RunTclFile)" time="0.03" />
  <testcase classname="ptolemy.util.test.junit.TclTests" name="[18] /home/travis/build/icyphy/ptII/ptolemy/actor/lib/test/Minimum.tcl (RunTclFile)" time="0.031" />
  <testcase classname="ptolemy.util.test.junit.TclTests" name="[19] /home/travis/build/icyphy/ptII/ptolemy/actor/lib/test/MultiplyDivide.tcl (RunTclFile)" time="0.032" />
  <testcase classname="ptolemy.util.test.junit.TclTests" name="[20] /home/travis/build/icyphy/ptII/ptolemy/actor/lib/test/OrderedMerge.tcl (RunTclFile)" time="0.058" />
  <testcase classname="ptolemy.util.test.junit.TclTests" name="[21] /home/travis/build/icyphy/ptII/ptolemy/actor/lib/test/Publisher.tcl (RunTclFile)" time="0.836" />
  <testcase classname="ptolemy.util.test.junit.TclTests" name="[22] /home/travis/build/icyphy/ptII/ptolemy/actor/lib/test/Pulse.tcl (RunTclFile)" time="0.05" />
  <testcase classname="ptolemy.util.test.junit.TclTests" name="[23] /home/travis/build/icyphy/ptII/ptolemy/actor/lib/test/Ramp.tcl (RunTclFile)" time="1.921" />
  <testcase classname="ptolemy.util.test.junit.TclTests" name="[24] /home/travis/build/icyphy/ptII/ptolemy/actor/lib/test/RampContinuous.tcl (RunTclFile)" time="0.019" />
  <testcase classname="ptolemy.util.test.junit.TclTests" name="[25] /home/travis/build/icyphy/ptII/ptolemy/actor/lib/test/RecordAssembler.tcl (RunTclFile)" time="0.017" />
  <testcase classname="ptolemy.util.test.junit.TclTests" name="[26] /home/travis/build/icyphy/ptII/ptolemy/actor/lib/test/RecordDisassembler.tcl (RunTclFile)" time="0.029" />
  <testcase classname="ptolemy.util.test.junit.TclTests" name="[27] /home/travis/build/icyphy/ptII/ptolemy/actor/lib/test/Scale.tcl (RunTclFile)" time="0.034" />
  <testcase classname="ptolemy.util.test.junit.TclTests" name="[28] /home/travis/build/icyphy/ptII/ptolemy/actor/lib/test/SequentialClock.tcl (RunTclFile)" time="0.018" />
  <testcase classname="ptolemy.util.test.junit.TclTests" name="[29] /home/travis/build/icyphy/ptII/ptolemy/actor/lib/test/SetVariable.tcl (RunTclFile)" time="0.016" />
  <testcase classname="ptolemy.util.test.junit.TclTests" name="[30] /home/travis/build/icyphy/ptII/ptolemy/actor/lib/test/Sinewave.tcl (RunTclFile)" time="0.069" />
  <testcase classname="ptolemy.util.test.junit.TclTests" name="[31] /home/travis/build/icyphy/ptII/ptolemy/actor/lib/test/SubscriptionAggregator.tcl (RunTclFile)" time="2.009" />
  <testcase classname="ptolemy.util.test.junit.TclTests" name="[32] /home/travis/build/icyphy/ptII/ptolemy/actor/lib/test/Test.tcl (RunTclFile)" time="0.1" />
  <testcase classname="ptolemy.util.test.junit.TclTests" name="[33] /home/travis/build/icyphy/ptII/ptolemy/actor/lib/test/TestExceptionHandler.tcl (RunTclFile)" time="0.012" />
  <testcase classname="ptolemy.util.test.junit.TclTests" name="[34] /home/travis/build/icyphy/ptII/ptolemy/actor/lib/test/UnionDisassembler.tcl (RunTclFile)" time="0.067" />
  <testcase classname="ptolemy.util.test.junit.TclTests" name="[35] /home/travis/build/icyphy/ptII/ptolemy/actor/lib/test/VariableClock.tcl (RunTclFile)" time="0.03" />
  <testcase classname="ptolemy.util.test.junit.AutoKnownFailedTests" name="[0] /home/travis/build/icyphy/ptII/ptolemy/actor/lib/test/auto/knownFailedTests/PublisherPortToplevelSubscriber.xml (RunModel)" time="0.027" />
  <testcase classname="ptolemy.util.test.junit.AutoKnownFailedTests" name="[1] /home/travis/build/icyphy/ptII/ptolemy/actor/lib/test/auto/knownFailedTests/PublisherSubscriberPortToplevel.xml (RunModel)" time="0.025" />
  <testcase classname="ptolemy.util.test.junit.AutoKnownFailedTests" name="[2] /home/travis/build/icyphy/ptII/ptolemy/actor/lib/test/auto/knownFailedTests/PublisherSubscriptionAggregatorPort.xml (RunModel)" time="0.026" />
  <testcase classname="ptolemy.util.test.junit.AutoKnownFailedTests" name="[3] /home/travis/build/icyphy/ptII/ptolemy/actor/lib/test/auto/knownFailedTests/sizedarray3.xml (RunModel)" time="0.026" />
  <testcase classname="ptolemy.util.test.junit.AutoNameArchTests" name="[0] ThereAreNoAutoArchTests (RunModel)" time="0.001" />
  <testcase classname="ptolemy.util.test.junit.AutoTests" name="[0] /home/travis/build/icyphy/ptII/ptolemy/actor/lib/test/auto/AbsoluteValue.xml (RunModel)" time="0.152" />
  <testcase classname="ptolemy.util.test.junit.AutoTests" name="[1] /home/travis/build/icyphy/ptII/ptolemy/actor/lib/test/auto/AbsoluteValue2.xml (RunModel)" time="0.071" />
  <testcase classname="ptolemy.util.test.junit.AutoTests" name="[2] /home/travis/build/icyphy/ptII/ptolemy/actor/lib/test/auto/Accumulator.xml (RunModel)" time="0.066" />
  <testcase classname="ptolemy.util.test.junit.AutoTests" name="[3] /home/travis/build/icyphy/ptII/ptolemy/actor/lib/test/auto/Accumulator2.xml (RunModel)" time="0.049" />
  <testcase classname="ptolemy.util.test.junit.AutoTests" name="[4] /home/travis/build/icyphy/ptII/ptolemy/actor/lib/test/auto/Accumulator3.xml (RunModel)" time="0.03" />
  <testcase classname="ptolemy.util.test.junit.AutoTests" name="[5] /home/travis/build/icyphy/ptII/ptolemy/actor/lib/test/auto/ArrayAppend.xml (RunModel)" time="0.04" />
  <testcase classname="ptolemy.util.test.junit.AutoTests" name="[6] /home/travis/build/icyphy/ptII/ptolemy/actor/lib/test/auto/ArrayAppend2.xml (RunModel)" time="0.329" />
  <testcase classname="ptolemy.util.test.junit.AutoTests" name="[7] /home/travis/build/icyphy/ptII/ptolemy/actor/lib/test/auto/ArrayAppend3.xml (RunModel)" time="0.046" />
  <testcase classname="ptolemy.util.test.junit.AutoTests" name="[8] /home/travis/build/icyphy/ptII/ptolemy/actor/lib/test/auto/ArrayAppend4.xml (RunModel)" time="0.028" />
  <testcase classname="ptolemy.util.test.junit.AutoTests" name="[9] /home/travis/build/icyphy/ptII/ptolemy/actor/lib/test/auto/ArrayAppend5.xml (RunModel)" time="0.027" />
  <testcase classname="ptolemy.util.test.junit.AutoTests" name="[10] /home/travis/build/icyphy/ptII/ptolemy/actor/lib/test/auto/ArrayAppend6.xml (RunModel)" time="0.018" />
  <testcase classname="ptolemy.util.test.junit.AutoTests" name="[11] /home/travis/build/icyphy/ptII/ptolemy/actor/lib/test/auto/ArrayAppendPerformanceTest.xml (RunModel)" time="0.056" />
  <testcase classname="ptolemy.util.test.junit.AutoTests" name="[12] /home/travis/build/icyphy/ptII/ptolemy/actor/lib/test/auto/ArrayAppendWithEmptyInput.xml (RunModel)" time="0.057" />
  <testcase classname="ptolemy.util.test.junit.AutoTests" name="[13] /home/travis/build/icyphy/ptII/ptolemy/actor/lib/test/auto/ArrayAverage.xml (RunModel)" time="0.048" />
  <testcase classname="ptolemy.util.test.junit.AutoTests" name="[14] /home/travis/build/icyphy/ptII/ptolemy/actor/lib/test/auto/ArrayContains.xml (RunModel)" time="0.025" />
  <testcase classname="ptolemy.util.test.junit.AutoTests" name="[15] /home/travis/build/icyphy/ptII/ptolemy/actor/lib/test/auto/ArrayElement.xml (RunModel)" time="0.04" />
  <testcase classname="ptolemy.util.test.junit.AutoTests" name="[16] /home/travis/build/icyphy/ptII/ptolemy/actor/lib/test/auto/ArrayElementAsMatrix.xml (RunModel)" time="0.051" />
  <testcase classname="ptolemy.util.test.junit.AutoTests" name="[17] /home/travis/build/icyphy/ptII/ptolemy/actor/lib/test/auto/ArrayElementI.xml (RunModel)" time="0.021" />
  <testcase classname="ptolemy.util.test.junit.AutoTests" name="[18] /home/travis/build/icyphy/ptII/ptolemy/actor/lib/test/auto/ArrayExtract.xml (RunModel)" time="0.047" />
  <testcase classname="ptolemy.util.test.junit.AutoTests" name="[19] /home/travis/build/icyphy/ptII/ptolemy/actor/lib/test/auto/ArrayExtract2.xml (RunModel)" time="0.045" />
  <testcase classname="ptolemy.util.test.junit.AutoTests" name="[20] /home/travis/build/icyphy/ptII/ptolemy/actor/lib/test/auto/ArrayLength.xml (RunModel)" time="0.027" />
  <testcase classname="ptolemy.util.test.junit.AutoTests" name="[21] /home/travis/build/icyphy/ptII/ptolemy/actor/lib/test/auto/ArrayLevelCrossing.xml (RunModel)" time="0.031" />
  <testcase classname="ptolemy.util.test.junit.AutoTests" name="[22] /home/travis/build/icyphy/ptII/ptolemy/actor/lib/test/auto/ArrayLevelCrossing2.xml (RunModel)" time="0.027" />
  <testcase classname="ptolemy.util.test.junit.AutoTests" name="[23] /home/travis/build/icyphy/ptII/ptolemy/actor/lib/test/auto/ArrayPeakSearch.xml (RunModel)" time="0.046" />
  <testcase classname="ptolemy.util.test.junit.AutoTests" name="[24] /home/travis/build/icyphy/ptII/ptolemy/actor/lib/test/auto/ArrayPeakSearch2.xml (RunModel)" time="0.041" />
  <testcase classname="ptolemy.util.test.junit.AutoTests" name="[25] /home/travis/build/icyphy/ptII/ptolemy/actor/lib/test/auto/ArrayPeakSearch3.xml (RunModel)" time="0.046" />
  <testcase classname="ptolemy.util.test.junit.AutoTests" name="[26] /home/travis/build/icyphy/ptII/ptolemy/actor/lib/test/auto/ArrayRemoveElement.xml (RunModel)" time="0.035" />
  <testcase classname="ptolemy.util.test.junit.AutoTests" name="[27] /home/travis/build/icyphy/ptII/ptolemy/actor/lib/test/auto/ArraySort.xml (RunModel)" time="0.036" />
  <testcase classname="ptolemy.util.test.junit.AutoTests" name="[28] /home/travis/build/icyphy/ptII/ptolemy/actor/lib/test/auto/ArraySum.xml (RunModel)" time="0.025" />
  <testcase classname="ptolemy.util.test.junit.AutoTests" name="[29] /home/travis/build/icyphy/ptII/ptolemy/actor/lib/test/auto/ArrayToElements.xml (RunModel)" time="0.07" />
  <testcase classname="ptolemy.util.test.junit.AutoTests" name="[30] /home/travis/build/icyphy/ptII/ptolemy/actor/lib/test/auto/ArrayToMatrix.xml (RunModel)" time="0.053" />
  <testcase classname="ptolemy.util.test.junit.AutoTests" name="[31] /home/travis/build/icyphy/ptII/ptolemy/actor/lib/test/auto/ArrayUpdate1.xml (RunModel)" time="0.019" />
  <testcase classname="ptolemy.util.test.junit.AutoTests" name="[32] /home/travis/build/icyphy/ptII/ptolemy/actor/lib/test/auto/ArrayUpdate2.xml (RunModel)" time="0.019" />
  <testcase classname="ptolemy.util.test.junit.AutoTests" name="[33] /home/travis/build/icyphy/ptII/ptolemy/actor/lib/test/auto/ArrayUpdate3.xml (RunModel)" time="0.015" />
  <testcase classname="ptolemy.util.test.junit.AutoTests" name="[34] /home/travis/build/icyphy/ptII/ptolemy/actor/lib/test/auto/Assert1.xml (RunModel)" time="0.029" />
  <testcase classname="ptolemy.util.test.junit.AutoTests" name="[35] /home/travis/build/icyphy/ptII/ptolemy/actor/lib/test/auto/Assert2.xml (RunModel)" time="0.015" />
  <testcase classname="ptolemy.util.test.junit.AutoTests" name="[36] /home/travis/build/icyphy/ptII/ptolemy/actor/lib/test/auto/BooleanMultiplexor.xml (RunModel)" time="0.03" />
  <testcase classname="ptolemy.util.test.junit.AutoTests" name="[37] /home/travis/build/icyphy/ptII/ptolemy/actor/lib/test/auto/BooleanMultiplexor2.xml (RunModel)" time="0.035" />
  <testcase classname="ptolemy.util.test.junit.AutoTests" name="[38] /home/travis/build/icyphy/ptII/ptolemy/actor/lib/test/auto/BooleanMultiplexor3.xml (RunModel)" time="0.026" />
  <testcase classname="ptolemy.util.test.junit.AutoTests" name="[39] /home/travis/build/icyphy/ptII/ptolemy/actor/lib/test/auto/BooleanSelect.xml (RunModel)" time="0.021" />
  <testcase classname="ptolemy.util.test.junit.AutoTests" name="[40] /home/travis/build/icyphy/ptII/ptolemy/actor/lib/test/auto/BooleanSelect2.xml (RunModel)" time="0.013" />
  <testcase classname="ptolemy.util.test.junit.AutoTests" name="[41] /home/travis/build/icyphy/ptII/ptolemy/actor/lib/test/auto/BooleanSwitch.xml (RunModel)" time="0.028" />
  <testcase classname="ptolemy.util.test.junit.AutoTests" name="[42] /home/travis/build/icyphy/ptII/ptolemy/actor/lib/test/auto/BooleanSwitch2.xml (RunModel)" time="0.019" />
  <testcase classname="ptolemy.util.test.junit.AutoTests" name="[43] /home/travis/build/icyphy/ptII/ptolemy/actor/lib/test/auto/BooleanSwitchCloningBugWithClassRelationGroup.xml (RunModel)" time="0.031" />
  <testcase classname="ptolemy.util.test.junit.AutoTests" name="[44] /home/travis/build/icyphy/ptII/ptolemy/actor/lib/test/auto/BusActors.xml (RunModel)" time="0.037" />
  <testcase classname="ptolemy.util.test.junit.AutoTests" name="[45] /home/travis/build/icyphy/ptII/ptolemy/actor/lib/test/auto/ClassWrapper.xml (RunModel)" time="0.012" />
  <testcase classname="ptolemy.util.test.junit.AutoTests" name="[46] /home/travis/build/icyphy/ptII/ptolemy/actor/lib/test/auto/Clock.xml (RunModel)" time="0.023" />
  <testcase classname="ptolemy.util.test.junit.AutoTests" name="[47] /home/travis/build/icyphy/ptII/ptolemy/actor/lib/test/auto/Clock10.xml (RunModel)" time="0.02" />
  <testcase classname="ptolemy.util.test.junit.AutoTests" name="[48] /home/travis/build/icyphy/ptII/ptolemy/actor/lib/test/auto/Clock11.xml (RunModel)" time="0.021" />
  <testcase classname="ptolemy.util.test.junit.AutoTests" name="[49] /home/travis/build/icyphy/ptII/ptolemy/actor/lib/test/auto/Clock12.xml (RunModel)" time="0.034" />
  <testcase classname="ptolemy.util.test.junit.AutoTests" name="[50] /home/travis/build/icyphy/ptII/ptolemy/actor/lib/test/auto/Clock13.xml (RunModel)" time="0.021" />
  <testcase classname="ptolemy.util.test.junit.AutoTests" name="[51] /home/travis/build/icyphy/ptII/ptolemy/actor/lib/test/auto/Clock14.xml (RunModel)" time="0.022" />
  <testcase classname="ptolemy.util.test.junit.AutoTests" name="[52] /home/travis/build/icyphy/ptII/ptolemy/actor/lib/test/auto/Clock15.xml (RunModel)" time="0.019" />
  <testcase classname="ptolemy.util.test.junit.AutoTests" name="[53] /home/travis/build/icyphy/ptII/ptolemy/actor/lib/test/auto/Clock16.xml (RunModel)" time="0.079" />
  <testcase classname="ptolemy.util.test.junit.AutoTests" name="[54] /home/travis/build/icyphy/ptII/ptolemy/actor/lib/test/auto/Clock17.xml (RunModel)" time="0.074" />
  <testcase classname="ptolemy.util.test.junit.AutoTests" name="[55] /home/travis/build/icyphy/ptII/ptolemy/actor/lib/test/auto/Clock18.xml (RunModel)" time="0.056" />
  <testcase classname="ptolemy.util.test.junit.AutoTests" name="[56] /home/travis/build/icyphy/ptII/ptolemy/actor/lib/test/auto/Clock19.xml (RunModel)" time="0.05" />
  <testcase classname="ptolemy.util.test.junit.AutoTests" name="[57] /home/travis/build/icyphy/ptII/ptolemy/actor/lib/test/auto/Clock2.xml (RunModel)" time="0.017" />
  <testcase classname="ptolemy.util.test.junit.AutoTests" name="[58] /home/travis/build/icyphy/ptII/ptolemy/actor/lib/test/auto/Clock20.xml (RunModel)" time="0.034" />
  <testcase classname="ptolemy.util.test.junit.AutoTests" name="[59] /home/travis/build/icyphy/ptII/ptolemy/actor/lib/test/auto/Clock21.xml (RunModel)" time="0.019" />
  <testcase classname="ptolemy.util.test.junit.AutoTests" name="[60] /home/travis/build/icyphy/ptII/ptolemy/actor/lib/test/auto/Clock22.xml (RunModel)" time="0.017" />
  <testcase classname="ptolemy.util.test.junit.AutoTests" name="[61] /home/travis/build/icyphy/ptII/ptolemy/actor/lib/test/auto/Clock23.xml (RunModel)" time="0.017" />
  <testcase classname="ptolemy.util.test.junit.AutoTests" name="[62] /home/travis/build/icyphy/ptII/ptolemy/actor/lib/test/auto/Clock24.xml (RunModel)" time="0.014" />
  <testcase classname="ptolemy.util.test.junit.AutoTests" name="[63] /home/travis/build/icyphy/ptII/ptolemy/actor/lib/test/auto/Clock4.xml (RunModel)" time="0.013" />
  <testcase classname="ptolemy.util.test.junit.AutoTests" name="[64] /home/travis/build/icyphy/ptII/ptolemy/actor/lib/test/auto/Clock5.xml (RunModel)" time="0.012" />
  <testcase classname="ptolemy.util.test.junit.AutoTests" name="[65] /home/travis/build/icyphy/ptII/ptolemy/actor/lib/test/auto/Clock6.xml (RunModel)" time="0.011" />
  <testcase classname="ptolemy.util.test.junit.AutoTests" name="[66] /home/travis/build/icyphy/ptII/ptolemy/actor/lib/test/auto/Clock7.xml (RunModel)" time="0.014" />
  <testcase classname="ptolemy.util.test.junit.AutoTests" name="[67] /home/travis/build/icyphy/ptII/ptolemy/actor/lib/test/auto/Clock8.xml (RunModel)" time="0.022" />
  <testcase classname="ptolemy.util.test.junit.AutoTests" name="[68] /home/travis/build/icyphy/ptII/ptolemy/actor/lib/test/auto/Clock9.xml (RunModel)" time="0.018" />
  <testcase classname="ptolemy.util.test.junit.AutoTests" name="[69] /home/travis/build/icyphy/ptII/ptolemy/actor/lib/test/auto/CommDistDiscard.xml (RunModel)" time="0.026" />
  <testcase classname="ptolemy.util.test.junit.AutoTests" name="[70] /home/travis/build/icyphy/ptII/ptolemy/actor/lib/test/auto/Commutator.xml (RunModel)" time="0.015" />
  <testcase classname="ptolemy.util.test.junit.AutoTests" name="[71] /home/travis/build/icyphy/ptII/ptolemy/actor/lib/test/auto/Commutator2.xml (RunModel)" time="0.013" />
  <testcase classname="ptolemy.util.test.junit.AutoTests" name="[72] /home/travis/build/icyphy/ptII/ptolemy/actor/lib/test/auto/Commutator3.xml (RunModel)" time="0.013" />
  <testcase classname="ptolemy.util.test.junit.AutoTests" name="[73] /home/travis/build/icyphy/ptII/ptolemy/actor/lib/test/auto/Compare.xml (RunModel)" time="0.021" />
  <testcase classname="ptolemy.util.test.junit.AutoTests" name="[74] /home/travis/build/icyphy/ptII/ptolemy/actor/lib/test/auto/CompareDE.xml (RunModel)" time="0.021" />
  <testcase classname="ptolemy.util.test.junit.AutoTests" name="[75] /home/travis/build/icyphy/ptII/ptolemy/actor/lib/test/auto/ComplexDivide.xml (RunModel)" time="0.01" />
  <testcase classname="ptolemy.util.test.junit.AutoTests" name="[76] /home/travis/build/icyphy/ptII/ptolemy/actor/lib/test/auto/ComputeHistogram.xml (RunModel)" time="0.075" />
  <testcase classname="ptolemy.util.test.junit.AutoTests" name="[77] /home/travis/build/icyphy/ptII/ptolemy/actor/lib/test/auto/ConfigurationSelect.xml (RunModel)" time="0.022" />
  <testcase classname="ptolemy.util.test.junit.AutoTests" name="[78] /home/travis/build/icyphy/ptII/ptolemy/actor/lib/test/auto/ConfigurationSelect2.xml (RunModel)" time="0.014" />
  <testcase classname="ptolemy.util.test.junit.AutoTests" name="[79] /home/travis/build/icyphy/ptII/ptolemy/actor/lib/test/auto/ConfigurationSwitch.xml (RunModel)" time="0.028" />
  <testcase classname="ptolemy.util.test.junit.AutoTests" name="[80] /home/travis/build/icyphy/ptII/ptolemy/actor/lib/test/auto/ConfigurationSwitch2.xml (RunModel)" time="0.026" />
  <testcase classname="ptolemy.util.test.junit.AutoTests" name="[81] /home/travis/build/icyphy/ptII/ptolemy/actor/lib/test/auto/ConfigurationSwitchCloningBugWithClassRelationGroup.xml (RunModel)" time="0.02" />
  <testcase classname="ptolemy.util.test.junit.AutoTests" name="[82] /home/travis/build/icyphy/ptII/ptolemy/actor/lib/test/auto/ConfigurationSwitchSelectSDF.xml (RunModel)" time="0.012" />
  <testcase classname="ptolemy.util.test.junit.AutoTests" name="[83] /home/travis/build/icyphy/ptII/ptolemy/actor/lib/test/auto/ConfigurationSwitchSelectSDF2.xml (RunModel)" time="0.013" />
  <testcase classname="ptolemy.util.test.junit.AutoTests" name="[84] /home/travis/build/icyphy/ptII/ptolemy/actor/lib/test/auto/Const.xml (RunModel)" time="0.008" />
  <testcase classname="ptolemy.util.test.junit.AutoTests" name="[85] /home/travis/build/icyphy/ptII/ptolemy/actor/lib/test/auto/Const2.xml (RunModel)" time="0.012" />
  <testcase classname="ptolemy.util.test.junit.AutoTests" name="[86] /home/travis/build/icyphy/ptII/ptolemy/actor/lib/test/auto/Const3.xml (RunModel)" time="0.007" />
  <testcase classname="ptolemy.util.test.junit.AutoTests" name="[87] /home/travis/build/icyphy/ptII/ptolemy/actor/lib/test/auto/ConstantPublisherPort1.xml (RunModel)" time="0.028" />
  <testcase classname="ptolemy.util.test.junit.AutoTests" name="[88] /home/travis/build/icyphy/ptII/ptolemy/actor/lib/test/auto/ConstantPublisherPort2.xml (RunModel)" time="0.026" />
  <testcase classname="ptolemy.util.test.junit.AutoTests" name="[89] /home/travis/build/icyphy/ptII/ptolemy/actor/lib/test/auto/ConstantPublisherPort3.xml (RunModel)" time="0.02" />
  <testcase classname="ptolemy.util.test.junit.AutoTests" name="[90] /home/travis/build/icyphy/ptII/ptolemy/actor/lib/test/auto/ConstantPublisherPort4.xml (RunModel)" time="0.016" />
  <testcase classname="ptolemy.util.test.junit.AutoTests" name="[91] /home/travis/build/icyphy/ptII/ptolemy/actor/lib/test/auto/ConstantPublisherPort5.xml (RunModel)" time="0.038" />
  <testcase classname="ptolemy.util.test.junit.AutoTests" name="[92] /home/travis/build/icyphy/ptII/ptolemy/actor/lib/test/auto/ConstantPublisherPort6.xml (RunModel)" time="0.034" />
  <testcase classname="ptolemy.util.test.junit.AutoTests" name="[93] /home/travis/build/icyphy/ptII/ptolemy/actor/lib/test/auto/ConstantPublisherPort7.xml (RunModel)" time="0.039" />
  <testcase classname="ptolemy.util.test.junit.AutoTests" name="[94] /home/travis/build/icyphy/ptII/ptolemy/actor/lib/test/auto/ConstraintMonitor1.xml (RunModel)" time="0.035" />
  <testcase classname="ptolemy.util.test.junit.AutoTests" name="[95] /home/travis/build/icyphy/ptII/ptolemy/actor/lib/test/auto/ConstraintMonitor2.xml (RunModel)" time="0.015" />
  <testcase classname="ptolemy.util.test.junit.AutoTests" name="[96] /home/travis/build/icyphy/ptII/ptolemy/actor/lib/test/auto/ConstraintMonitor3.xml (RunModel)" time="0.015" />
  <testcase classname="ptolemy.util.test.junit.AutoTests" name="[97] /home/travis/build/icyphy/ptII/ptolemy/actor/lib/test/auto/ConstraintMonitor4.xml (RunModel)" time="0.012" />
  <testcase classname="ptolemy.util.test.junit.AutoTests" name="[98] /home/travis/build/icyphy/ptII/ptolemy/actor/lib/test/auto/ConstraintMonitor5.xml (RunModel)" time="0.01" />
  <testcase classname="ptolemy.util.test.junit.AutoTests" name="[99] /home/travis/build/icyphy/ptII/ptolemy/actor/lib/test/auto/ConstraintMonitor6.xml (RunModel)" time="0.019" />
  <testcase classname="ptolemy.util.test.junit.AutoTests" name="[100] /home/travis/build/icyphy/ptII/ptolemy/actor/lib/test/auto/ConstraintMonitor7.xml (RunModel)" time="0.02" />
  <testcase classname="ptolemy.util.test.junit.AutoTests" name="[101] /home/travis/build/icyphy/ptII/ptolemy/actor/lib/test/auto/ConstraintMonitor8.xml (RunModel)" time="0.023" />
  <testcase classname="ptolemy.util.test.junit.AutoTests" name="[102] /home/travis/build/icyphy/ptII/ptolemy/actor/lib/test/auto/Counter.xml (RunModel)" time="0.011" />
  <testcase classname="ptolemy.util.test.junit.AutoTests" name="[103] /home/travis/build/icyphy/ptII/ptolemy/actor/lib/test/auto/CurrentTimeSDF.xml (RunModel)" time="0.009" />
  <testcase classname="ptolemy.util.test.junit.AutoTests" name="[104] /home/travis/build/icyphy/ptII/ptolemy/actor/lib/test/auto/DB.xml (RunModel)" time="0.014" />
  <testcase classname="ptolemy.util.test.junit.AutoTests" name="[105] /home/travis/build/icyphy/ptII/ptolemy/actor/lib/test/auto/DBDE.xml (RunModel)" time="0.013" />
  <testcase classname="ptolemy.util.test.junit.AutoTests" name="[106] /home/travis/build/icyphy/ptII/ptolemy/actor/lib/test/auto/DateConstructor.xml (RunModel)" time="0.057" />
  <testcase classname="ptolemy.util.test.junit.AutoTests" name="[107] /home/travis/build/icyphy/ptII/ptolemy/actor/lib/test/auto/DelayTime.xml (RunModel)" time="0.015" />
  <testcase classname="ptolemy.util.test.junit.AutoTests" name="[108] /home/travis/build/icyphy/ptII/ptolemy/actor/lib/test/auto/Dictionary1.xml (RunModel)" time="0.016" />
  <testcase classname="ptolemy.util.test.junit.AutoTests" name="[109] /home/travis/build/icyphy/ptII/ptolemy/actor/lib/test/auto/Dictionary2.xml (RunModel)" time="0.019" />
  <testcase classname="ptolemy.util.test.junit.AutoTests" name="[110] /home/travis/build/icyphy/ptII/ptolemy/actor/lib/test/auto/Dictionary3.xml (RunModel)" time="0.012" />
  <testcase classname="ptolemy.util.test.junit.AutoTests" name="[111] /home/travis/build/icyphy/ptII/ptolemy/actor/lib/test/auto/Dictionary4.xml (RunModel)" time="0.016" />
  <testcase classname="ptolemy.util.test.junit.AutoTests" name="[112] /home/travis/build/icyphy/ptII/ptolemy/actor/lib/test/auto/Differential.xml (RunModel)" time="0.012" />
  <testcase classname="ptolemy.util.test.junit.AutoTests" name="[113] /home/travis/build/icyphy/ptII/ptolemy/actor/lib/test/auto/Director.xml (RunModel)" time="0.009" />
  <testcase classname="ptolemy.util.test.junit.AutoTests" name="[114] /home/travis/build/icyphy/ptII/ptolemy/actor/lib/test/auto/DiscreteClock.xml (RunModel)" time="0.008" />
  <testcase classname="ptolemy.util.test.junit.AutoTests" name="[115] /home/travis/build/icyphy/ptII/ptolemy/actor/lib/test/auto/DiscreteClock10.xml (RunModel)" time="0.015" />
  <testcase classname="ptolemy.util.test.junit.AutoTests" name="[116] /home/travis/build/icyphy/ptII/ptolemy/actor/lib/test/auto/DiscreteClock11.xml (RunModel)" time="0.012" />
  <testcase classname="ptolemy.util.test.junit.AutoTests" name="[117] /home/travis/build/icyphy/ptII/ptolemy/actor/lib/test/auto/DiscreteClock12.xml (RunModel)" time="0.012" />
  <testcase classname="ptolemy.util.test.junit.AutoTests" name="[118] /home/travis/build/icyphy/ptII/ptolemy/actor/lib/test/auto/DiscreteClock13.xml (RunModel)" time="0.018" />
  <testcase classname="ptolemy.util.test.junit.AutoTests" name="[119] /home/travis/build/icyphy/ptII/ptolemy/actor/lib/test/auto/DiscreteClock14.xml (RunModel)" time="0.014" />
  <testcase classname="ptolemy.util.test.junit.AutoTests" name="[120] /home/travis/build/icyphy/ptII/ptolemy/actor/lib/test/auto/DiscreteClock15.xml (RunModel)" time="0.011" />
  <testcase classname="ptolemy.util.test.junit.AutoTests" name="[121] /home/travis/build/icyphy/ptII/ptolemy/actor/lib/test/auto/DiscreteClock16.xml (RunModel)" time="0.062" />
  <testcase classname="ptolemy.util.test.junit.AutoTests" name="[122] /home/travis/build/icyphy/ptII/ptolemy/actor/lib/test/auto/DiscreteClock17.xml (RunModel)" time="0.041" />
  <testcase classname="ptolemy.util.test.junit.AutoTests" name="[123] /home/travis/build/icyphy/ptII/ptolemy/actor/lib/test/auto/DiscreteClock18.xml (RunModel)" time="0.042" />
  <testcase classname="ptolemy.util.test.junit.AutoTests" name="[124] /home/travis/build/icyphy/ptII/ptolemy/actor/lib/test/auto/DiscreteClock19.xml (RunModel)" time="0.047" />
  <testcase classname="ptolemy.util.test.junit.AutoTests" name="[125] /home/travis/build/icyphy/ptII/ptolemy/actor/lib/test/auto/DiscreteClock2.xml (RunModel)" time="0.012" />
  <testcase classname="ptolemy.util.test.junit.AutoTests" name="[126] /home/travis/build/icyphy/ptII/ptolemy/actor/lib/test/auto/DiscreteClock20.xml (RunModel)" time="0.029" />
  <testcase classname="ptolemy.util.test.junit.AutoTests" name="[127] /home/travis/build/icyphy/ptII/ptolemy/actor/lib/test/auto/DiscreteClock21.xml (RunModel)" time="0.038" />
  <testcase classname="ptolemy.util.test.junit.AutoTests" name="[128] /home/travis/build/icyphy/ptII/ptolemy/actor/lib/test/auto/DiscreteClock22.xml (RunModel)" time="0.014" />
  <testcase classname="ptolemy.util.test.junit.AutoTests" name="[129] /home/travis/build/icyphy/ptII/ptolemy/actor/lib/test/auto/DiscreteClock23.xml (RunModel)" time="0.019" />
  <testcase classname="ptolemy.util.test.junit.AutoTests" name="[130] /home/travis/build/icyphy/ptII/ptolemy/actor/lib/test/auto/DiscreteClock24.xml (RunModel)" time="0.577" />
  <testcase classname="ptolemy.util.test.junit.AutoTests" name="[131] /home/travis/build/icyphy/ptII/ptolemy/actor/lib/test/auto/DiscreteClock4.xml (RunModel)" time="0.013" />
  <testcase classname="ptolemy.util.test.junit.AutoTests" name="[132] /home/travis/build/icyphy/ptII/ptolemy/actor/lib/test/auto/DiscreteClock5.xml (RunModel)" time="0.013" />
  <testcase classname="ptolemy.util.test.junit.AutoTests" name="[133] /home/travis/build/icyphy/ptII/ptolemy/actor/lib/test/auto/DiscreteClock6.xml (RunModel)" time="0.01" />
  <testcase classname="ptolemy.util.test.junit.AutoTests" name="[134] /home/travis/build/icyphy/ptII/ptolemy/actor/lib/test/auto/DiscreteClock7.xml (RunModel)" time="0.019" />
  <testcase classname="ptolemy.util.test.junit.AutoTests" name="[135] /home/travis/build/icyphy/ptII/ptolemy/actor/lib/test/auto/DiscreteClock8.xml (RunModel)" time="0.019" />
  <testcase classname="ptolemy.util.test.junit.AutoTests" name="[136] /home/travis/build/icyphy/ptII/ptolemy/actor/lib/test/auto/DiscreteClock9.xml (RunModel)" time="0.018" />
  <testcase classname="ptolemy.util.test.junit.AutoTests" name="[137] /home/travis/build/icyphy/ptII/ptolemy/actor/lib/test/auto/DisplayArray.xml (RunModel)" time="0.02" />
  <testcase classname="ptolemy.util.test.junit.AutoTests" name="[138] /home/travis/build/icyphy/ptII/ptolemy/actor/lib/test/auto/Distributor.xml (RunModel)" time="0.009" />
  <testcase classname="ptolemy.util.test.junit.AutoTests" name="[139] /home/travis/build/icyphy/ptII/ptolemy/actor/lib/test/auto/Distributor2.xml (RunModel)" time="0.009" />
  <testcase classname="ptolemy.util.test.junit.AutoTests" name="[140] /home/travis/build/icyphy/ptII/ptolemy/actor/lib/test/auto/DownSample.xml (RunModel)" time="0.013" />
  <testcase classname="ptolemy.util.test.junit.AutoTests" name="[141] /home/travis/build/icyphy/ptII/ptolemy/actor/lib/test/auto/ElectronicUnitBase1.xml (RunModel)" time="0.085" />
  <testcase classname="ptolemy.util.test.junit.AutoTests" name="[142] /home/travis/build/icyphy/ptII/ptolemy/actor/lib/test/auto/ElementsToArray.xml (RunModel)" time="0.011" />
  <testcase classname="ptolemy.util.test.junit.AutoTests" name="[143] /home/travis/build/icyphy/ptII/ptolemy/actor/lib/test/auto/Equals.xml (RunModel)" time="0.019" />
  <testcase classname="ptolemy.util.test.junit.AutoTests" name="[144] /home/travis/build/icyphy/ptII/ptolemy/actor/lib/test/auto/Exec.xml (RunModel)" time="0.021" />
  <testcase classname="ptolemy.util.test.junit.AutoTests" name="[145] /home/travis/build/icyphy/ptII/ptolemy/actor/lib/test/auto/ExecEnvironment.xml (RunModel)" time="0.038" />
  <testcase classname="ptolemy.util.test.junit.AutoTests" name="[146] /home/travis/build/icyphy/ptII/ptolemy/actor/lib/test/auto/ExecNonZeroReturnOutput.xml (RunModel)" time="0.147" />
  <testcase classname="ptolemy.util.test.junit.AutoTests" name="[147] /home/travis/build/icyphy/ptII/ptolemy/actor/lib/test/auto/ExecRunDemos.xml (RunModel)" time="9.642" />
  <testcase classname="ptolemy.util.test.junit.AutoTests" name="[148] /home/travis/build/icyphy/ptII/ptolemy/actor/lib/test/auto/ExecStop.xml (RunModel)" time="5.037" />
  <testcase classname="ptolemy.util.test.junit.AutoTests" name="[149] /home/travis/build/icyphy/ptII/ptolemy/actor/lib/test/auto/ExecutionTimeSDF.xml (RunModel)" time="6.024" />
  <testcase classname="ptolemy.util.test.junit.AutoTests" name="[150] /home/travis/build/icyphy/ptII/ptolemy/actor/lib/test/auto/Expression1.xml (RunModel)" time="0.011" />
  <testcase classname="ptolemy.util.test.junit.AutoTests" name="[151] /home/travis/build/icyphy/ptII/ptolemy/actor/lib/test/auto/Expression10.xml (RunModel)" time="0.016" />
  <testcase classname="ptolemy.util.test.junit.AutoTests" name="[152] /home/travis/build/icyphy/ptII/ptolemy/actor/lib/test/auto/Expression11.xml (RunModel)" time="0.012" />
  <testcase classname="ptolemy.util.test.junit.AutoTests" name="[153] /home/travis/build/icyphy/ptII/ptolemy/actor/lib/test/auto/Expression12.xml (RunModel)" time="0.014" />
  <testcase classname="ptolemy.util.test.junit.AutoTests" name="[154] /home/travis/build/icyphy/ptII/ptolemy/actor/lib/test/auto/Expression13.xml (RunModel)" time="0.013" />
  <testcase classname="ptolemy.util.test.junit.AutoTests" name="[155] /home/travis/build/icyphy/ptII/ptolemy/actor/lib/test/auto/Expression14.xml (RunModel)" time="0.017" />
  <testcase classname="ptolemy.util.test.junit.AutoTests" name="[156] /home/travis/build/icyphy/ptII/ptolemy/actor/lib/test/auto/Expression15.xml (RunModel)" time="0.009" />
  <testcase classname="ptolemy.util.test.junit.AutoTests" name="[157] /home/travis/build/icyphy/ptII/ptolemy/actor/lib/test/auto/Expression16.xml (RunModel)" time="0.014" />
  <testcase classname="ptolemy.util.test.junit.AutoTests" name="[158] /home/travis/build/icyphy/ptII/ptolemy/actor/lib/test/auto/Expression17.xml (RunModel)" time="0.012" />
  <testcase classname="ptolemy.util.test.junit.AutoTests" name="[159] /home/travis/build/icyphy/ptII/ptolemy/actor/lib/test/auto/Expression18.xml (RunModel)" time="0.014" />
  <testcase classname="ptolemy.util.test.junit.AutoTests" name="[160] /home/travis/build/icyphy/ptII/ptolemy/actor/lib/test/auto/Expression2.xml (RunModel)" time="0.013" />
  <testcase classname="ptolemy.util.test.junit.AutoTests" name="[161] /home/travis/build/icyphy/ptII/ptolemy/actor/lib/test/auto/Expression3.xml (RunModel)" time="0.01" />
  <testcase classname="ptolemy.util.test.junit.AutoTests" name="[162] /home/travis/build/icyphy/ptII/ptolemy/actor/lib/test/auto/Expression4.xml (RunModel)" time="0.02" />
  <testcase classname="ptolemy.util.test.junit.AutoTests" name="[163] /home/travis/build/icyphy/ptII/ptolemy/actor/lib/test/auto/Expression5.xml (RunModel)" time="0.013" />
  <testcase classname="ptolemy.util.test.junit.AutoTests" name="[164] /home/travis/build/icyphy/ptII/ptolemy/actor/lib/test/auto/Expression6.xml (RunModel)" time="0.011" />
  <testcase classname="ptolemy.util.test.junit.AutoTests" name="[165] /home/travis/build/icyphy/ptII/ptolemy/actor/lib/test/auto/Expression7.xml (RunModel)" time="0.013" />
  <testcase classname="ptolemy.util.test.junit.AutoTests" name="[166] /home/travis/build/icyphy/ptII/ptolemy/actor/lib/test/auto/Expression8.xml (RunModel)" time="0.013" />
  <testcase classname="ptolemy.util.test.junit.AutoTests" name="[167] /home/travis/build/icyphy/ptII/ptolemy/actor/lib/test/auto/Expression9.xml (RunModel)" time="0.01" />
  <testcase classname="ptolemy.util.test.junit.AutoTests" name="[168] /home/travis/build/icyphy/ptII/ptolemy/actor/lib/test/auto/ExpressionConcatenateArrayType.xml (RunModel)" time="0.026" />
  <testcase classname="ptolemy.util.test.junit.AutoTests" name="[169] /home/travis/build/icyphy/ptII/ptolemy/actor/lib/test/auto/ExpressionConcatenateArrayType2.xml (RunModel)" time="0.017" />
  <testcase classname="ptolemy.util.test.junit.AutoTests" name="[170] /home/travis/build/icyphy/ptII/ptolemy/actor/lib/test/auto/ExpressionFix.xml (RunModel)" time="0.025" />
  <testcase classname="ptolemy.util.test.junit.AutoTests" name="[171] /home/travis/build/icyphy/ptII/ptolemy/actor/lib/test/auto/ExpressionFix2.xml (RunModel)" time="0.011" />
  <testcase classname="ptolemy.util.test.junit.AutoTests" name="[172] /home/travis/build/icyphy/ptII/ptolemy/actor/lib/test/auto/ExpressionFix3.xml (RunModel)" time="0.01" />
  <testcase classname="ptolemy.util.test.junit.AutoTests" name="[173] /home/travis/build/icyphy/ptII/ptolemy/actor/lib/test/auto/FileWriter1.xml (RunModel)" time="0.01" />
  <testcase classname="ptolemy.util.test.junit.AutoTests" name="[174] /home/travis/build/icyphy/ptII/ptolemy/actor/lib/test/auto/FileWriter2.xml (RunModel)" time="0.013" />
  <testcase classname="ptolemy.util.test.junit.AutoTests" name="[175] /home/travis/build/icyphy/ptII/ptolemy/actor/lib/test/auto/FileWriter3.xml (RunModel)" time="0.012" />
  <testcase classname="ptolemy.util.test.junit.AutoTests" name="[176] /home/travis/build/icyphy/ptII/ptolemy/actor/lib/test/auto/Gaussian.xml (RunModel)" time="0.011" />
  <testcase classname="ptolemy.util.test.junit.AutoTests" name="[177] /home/travis/build/icyphy/ptII/ptolemy/actor/lib/test/auto/Gaussian1.xml (RunModel)" time="0.012" />
  <testcase classname="ptolemy.util.test.junit.AutoTests" name="[178] /home/travis/build/icyphy/ptII/ptolemy/actor/lib/test/auto/Gaussian2.xml (RunModel)" time="0.016" />
  <testcase classname="ptolemy.util.test.junit.AutoTests" name="[179] /home/travis/build/icyphy/ptII/ptolemy/actor/lib/test/auto/GradientAdaptiveLattice.xml (RunModel)" time="0.017" />
  <testcase classname="ptolemy.util.test.junit.AutoTests" name="[180] /home/travis/build/icyphy/ptII/ptolemy/actor/lib/test/auto/IIR.xml (RunModel)" time="0.012" />
  <testcase classname="ptolemy.util.test.junit.AutoTests" name="[181] /home/travis/build/icyphy/ptII/ptolemy/actor/lib/test/auto/InputOutputTransparentPorts.xml (RunModel)" time="0.022" />
  <testcase classname="ptolemy.util.test.junit.AutoTests" name="[182] /home/travis/build/icyphy/ptII/ptolemy/actor/lib/test/auto/Interpolator.xml (RunModel)" time="0.015" />
  <testcase classname="ptolemy.util.test.junit.AutoTests" name="[183] /home/travis/build/icyphy/ptII/ptolemy/actor/lib/test/auto/InterpolatorFiringLimitDE.xml (RunModel)" time="0.011" />
  <testcase classname="ptolemy.util.test.junit.AutoTests" name="[184] /home/travis/build/icyphy/ptII/ptolemy/actor/lib/test/auto/Lattice.xml (RunModel)" time="0.007" />
  <testcase classname="ptolemy.util.test.junit.AutoTests" name="[185] /home/travis/build/icyphy/ptII/ptolemy/actor/lib/test/auto/LazyAOCTestLazy.xml (RunModel)" time="0.021" />
  <testcase classname="ptolemy.util.test.junit.AutoTests" name="[186] /home/travis/build/icyphy/ptII/ptolemy/actor/lib/test/auto/LazyAOCTestNonLazy.xml (RunModel)" time="0.045" />
  <testcase classname="ptolemy.util.test.junit.AutoTests" name="[187] /home/travis/build/icyphy/ptII/ptolemy/actor/lib/test/auto/LazyInnerClass.xml (RunModel)" time="0.044" />
  <testcase classname="ptolemy.util.test.junit.AutoTests" name="[188] /home/travis/build/icyphy/ptII/ptolemy/actor/lib/test/auto/LazyPubSub.xml (RunModel)" time="0.066" />
  <testcase classname="ptolemy.util.test.junit.AutoTests" name="[189] /home/travis/build/icyphy/ptII/ptolemy/actor/lib/test/auto/LazyPubSub2.xml (RunModel)" time="0.052" />
  <testcase classname="ptolemy.util.test.junit.AutoTests" name="[190] /home/travis/build/icyphy/ptII/ptolemy/actor/lib/test/auto/LazyPubSub3.xml (RunModel)" time="0.023" />
  <testcase classname="ptolemy.util.test.junit.AutoTests" name="[191] /home/travis/build/icyphy/ptII/ptolemy/actor/lib/test/auto/LazySubClassModel.xml (RunModel)" time="0.019" />
  <testcase classname="ptolemy.util.test.junit.AutoTests" name="[192] /home/travis/build/icyphy/ptII/ptolemy/actor/lib/test/auto/LevelCrossTest1.xml (RunModel)" time="0.011" />
  <testcase classname="ptolemy.util.test.junit.AutoTests" name="[193] /home/travis/build/icyphy/ptII/ptolemy/actor/lib/test/auto/LevelCrossTest10.xml (RunModel)" time="0.012" />
  <testcase classname="ptolemy.util.test.junit.AutoTests" name="[194] /home/travis/build/icyphy/ptII/ptolemy/actor/lib/test/auto/LevelCrossTest11.xml (RunModel)" time="0.012" />
  <testcase classname="ptolemy.util.test.junit.AutoTests" name="[195] /home/travis/build/icyphy/ptII/ptolemy/actor/lib/test/auto/LevelCrossTest12.xml (RunModel)" time="0.013" />
  <testcase classname="ptolemy.util.test.junit.AutoTests" name="[196] /home/travis/build/icyphy/ptII/ptolemy/actor/lib/test/auto/LevelCrossTest13.xml (RunModel)" time="0.014" />
  <testcase classname="ptolemy.util.test.junit.AutoTests" name="[197] /home/travis/build/icyphy/ptII/ptolemy/actor/lib/test/auto/LevelCrossTest2.xml (RunModel)" time="0.011" />
  <testcase classname="ptolemy.util.test.junit.AutoTests" name="[198] /home/travis/build/icyphy/ptII/ptolemy/actor/lib/test/auto/LevelCrossTest3.xml (RunModel)" time="0.012" />
  <testcase classname="ptolemy.util.test.junit.AutoTests" name="[199] /home/travis/build/icyphy/ptII/ptolemy/actor/lib/test/auto/LevelCrossTest4.xml (RunModel)" time="0.01" />
  <testcase classname="ptolemy.util.test.junit.AutoTests" name="[200] /home/travis/build/icyphy/ptII/ptolemy/actor/lib/test/auto/LevelCrossTest5.xml (RunModel)" time="0.012" />
  <testcase classname="ptolemy.util.test.junit.AutoTests" name="[201] /home/travis/build/icyphy/ptII/ptolemy/actor/lib/test/auto/LevelCrossTest6.xml (RunModel)" time="0.013" />
  <testcase classname="ptolemy.util.test.junit.AutoTests" name="[202] /home/travis/build/icyphy/ptII/ptolemy/actor/lib/test/auto/LevelCrossTest7.xml (RunModel)" time="0.013" />
  <testcase classname="ptolemy.util.test.junit.AutoTests" name="[203] /home/travis/build/icyphy/ptII/ptolemy/actor/lib/test/auto/LevelCrossTest8.xml (RunModel)" time="0.014" />
  <testcase classname="ptolemy.util.test.junit.AutoTests" name="[204] /home/travis/build/icyphy/ptII/ptolemy/actor/lib/test/auto/LevelCrossTest9.xml (RunModel)" time="0.013" />
  <testcase classname="ptolemy.util.test.junit.AutoTests" name="[205] /home/travis/build/icyphy/ptII/ptolemy/actor/lib/test/auto/LevinsonDurbin.xml (RunModel)" time="0.008" />
  <testcase classname="ptolemy.util.test.junit.AutoTests" name="[206] /home/travis/build/icyphy/ptII/ptolemy/actor/lib/test/auto/LevinsonDurbin2.xml (RunModel)" time="0.008" />
  <testcase classname="ptolemy.util.test.junit.AutoTests" name="[207] /home/travis/build/icyphy/ptII/ptolemy/actor/lib/test/auto/LevinsonDurbin3.xml (RunModel)" time="0.008" />
  <testcase classname="ptolemy.util.test.junit.AutoTests" name="[208] /home/travis/build/icyphy/ptII/ptolemy/actor/lib/test/auto/Limiter.xml (RunModel)" time="0.02" />
  <testcase classname="ptolemy.util.test.junit.AutoTests" name="[209] /home/travis/build/icyphy/ptII/ptolemy/actor/lib/test/auto/LinearDifferenceEquationSystem.xml (RunModel)" time="0.02" />
  <testcase classname="ptolemy.util.test.junit.AutoTests" name="[210] /home/travis/build/icyphy/ptII/ptolemy/actor/lib/test/auto/LookupTable.xml (RunModel)" time="0.009" />
  <testcase classname="ptolemy.util.test.junit.AutoTests" name="[211] /home/travis/build/icyphy/ptII/ptolemy/actor/lib/test/auto/MathFunction.xml (RunModel)" time="0.017" />
  <testcase classname="ptolemy.util.test.junit.AutoTests" name="[212] /home/travis/build/icyphy/ptII/ptolemy/actor/lib/test/auto/MathFunction2.xml (RunModel)" time="0.009" />
  <testcase classname="ptolemy.util.test.junit.AutoTests" name="[213] /home/travis/build/icyphy/ptII/ptolemy/actor/lib/test/auto/MathFunction3.xml (RunModel)" time="0.016" />
  <testcase classname="ptolemy.util.test.junit.AutoTests" name="[214] /home/travis/build/icyphy/ptII/ptolemy/actor/lib/test/auto/MatrixCropBoolean.xml (RunModel)" time="0.009" />
  <testcase classname="ptolemy.util.test.junit.AutoTests" name="[215] /home/travis/build/icyphy/ptII/ptolemy/actor/lib/test/auto/MatrixCropComplex.xml (RunModel)" time="0.01" />
  <testcase classname="ptolemy.util.test.junit.AutoTests" name="[216] /home/travis/build/icyphy/ptII/ptolemy/actor/lib/test/auto/MatrixCropDouble.xml (RunModel)" time="0.009" />
  <testcase classname="ptolemy.util.test.junit.AutoTests" name="[217] /home/travis/build/icyphy/ptII/ptolemy/actor/lib/test/auto/MatrixCropFix.xml (RunModel)" time="0.009" />
  <testcase classname="ptolemy.util.test.junit.AutoTests" name="[218] /home/travis/build/icyphy/ptII/ptolemy/actor/lib/test/auto/MatrixCropInt.xml (RunModel)" time="0.009" />
  <testcase classname="ptolemy.util.test.junit.AutoTests" name="[219] /home/travis/build/icyphy/ptII/ptolemy/actor/lib/test/auto/MatrixCropLong.xml (RunModel)" time="0.01" />
  <testcase classname="ptolemy.util.test.junit.AutoTests" name="[220] /home/travis/build/icyphy/ptII/ptolemy/actor/lib/test/auto/MatrixToArray.xml (RunModel)" time="0.042" />
  <testcase classname="ptolemy.util.test.junit.AutoTests" name="[221] /home/travis/build/icyphy/ptII/ptolemy/actor/lib/test/auto/MaxIndex.xml (RunModel)" time="0.012" />
  <testcase classname="ptolemy.util.test.junit.AutoTests" name="[222] /home/travis/build/icyphy/ptII/ptolemy/actor/lib/test/auto/Maximum.xml (RunModel)" time="0.014" />
  <testcase classname="ptolemy.util.test.junit.AutoTests" name="[223] /home/travis/build/icyphy/ptII/ptolemy/actor/lib/test/auto/MaximumComplex.xml (RunModel)" time="0.015" />
  <testcase classname="ptolemy.util.test.junit.AutoTests" name="[224] /home/travis/build/icyphy/ptII/ptolemy/actor/lib/test/auto/MethodCallTest.xml (RunModel)" time="0.022" />
  <testcase classname="ptolemy.util.test.junit.AutoTests" name="[225] /home/travis/build/icyphy/ptII/ptolemy/actor/lib/test/auto/Minimum.xml (RunModel)" time="0.014" />
  <testcase classname="ptolemy.util.test.junit.AutoTests" name="[226] /home/travis/build/icyphy/ptII/ptolemy/actor/lib/test/auto/MinimumComplex.xml (RunModel)" time="0.014" />
  <testcase classname="ptolemy.util.test.junit.AutoTests" name="[227] /home/travis/build/icyphy/ptII/ptolemy/actor/lib/test/auto/MinimumMultiports.xml (RunModel)" time="0.019" />
  <testcase classname="ptolemy.util.test.junit.AutoTests" name="[228] /home/travis/build/icyphy/ptII/ptolemy/actor/lib/test/auto/ModifyDate.xml (RunModel)" time="0.038" />
  <testcase classname="ptolemy.util.test.junit.AutoTests" name="[229] /home/travis/build/icyphy/ptII/ptolemy/actor/lib/test/auto/ModifyDate2.xml (RunModel)" time="0.029" />
  <testcase classname="ptolemy.util.test.junit.AutoTests" name="[230] /home/travis/build/icyphy/ptII/ptolemy/actor/lib/test/auto/MovingAverage.xml (RunModel)" time="0.013" />
  <testcase classname="ptolemy.util.test.junit.AutoTests" name="[231] /home/travis/build/icyphy/ptII/ptolemy/actor/lib/test/auto/MovingMaximum.xml (RunModel)" time="0.011" />
  <testcase classname="ptolemy.util.test.junit.AutoTests" name="[232] /home/travis/build/icyphy/ptII/ptolemy/actor/lib/test/auto/MultipleLinksToSameRelation.xml (RunModel)" time="0.007" />
  <testcase classname="ptolemy.util.test.junit.AutoTests" name="[233] /home/travis/build/icyphy/ptII/ptolemy/actor/lib/test/auto/MultipleLinksToSameRelationDE.xml (RunModel)" time="0.009" />
  <testcase classname="ptolemy.util.test.junit.AutoTests" name="[234] /home/travis/build/icyphy/ptII/ptolemy/actor/lib/test/auto/Multiplexor.xml (RunModel)" time="0.012" />
  <testcase classname="ptolemy.util.test.junit.AutoTests" name="[235] /home/travis/build/icyphy/ptII/ptolemy/actor/lib/test/auto/Multiplexor1.xml (RunModel)" time="0.013" />
  <testcase classname="ptolemy.util.test.junit.AutoTests" name="[236] /home/travis/build/icyphy/ptII/ptolemy/actor/lib/test/auto/Multiplexor2.xml (RunModel)" time="0.012" />
  <testcase classname="ptolemy.util.test.junit.AutoTests" name="[237] /home/travis/build/icyphy/ptII/ptolemy/actor/lib/test/auto/Multiplexor3.xml (RunModel)" time="0.009" />
  <testcase classname="ptolemy.util.test.junit.AutoTests" name="[238] /home/travis/build/icyphy/ptII/ptolemy/actor/lib/test/auto/MultiplexorDE.xml (RunModel)" time="0.016" />
  <testcase classname="ptolemy.util.test.junit.AutoTests" name="[239] /home/travis/build/icyphy/ptII/ptolemy/actor/lib/test/auto/MultiportBroadcastTest.xml (RunModel)" time="0.064" />
  <testcase classname="ptolemy.util.test.junit.AutoTests" name="[240] /home/travis/build/icyphy/ptII/ptolemy/actor/lib/test/auto/MultiportOutHangDuringGetWidth.xml (RunModel)" time="0.03" />
  <testcase classname="ptolemy.util.test.junit.AutoTests" name="[241] /home/travis/build/icyphy/ptII/ptolemy/actor/lib/test/auto/NilToken.xml (RunModel)" time="0.008" />
  <testcase classname="ptolemy.util.test.junit.AutoTests" name="[242] /home/travis/build/icyphy/ptII/ptolemy/actor/lib/test/auto/NilTokenNonStrictTest.xml (RunModel)" time="0.01" />
  <testcase classname="ptolemy.util.test.junit.AutoTests" name="[243] /home/travis/build/icyphy/ptII/ptolemy/actor/lib/test/auto/NilTokenRecord.xml (RunModel)" time="0.023" />
  <testcase classname="ptolemy.util.test.junit.AutoTests" name="[244] /home/travis/build/icyphy/ptII/ptolemy/actor/lib/test/auto/NilTokenTypeTest.xml (RunModel)" time="0.027" />
  <testcase classname="ptolemy.util.test.junit.AutoTests" name="[245] /home/travis/build/icyphy/ptII/ptolemy/actor/lib/test/auto/ObjectToken1.xml (RunModel)" time="0.009" />
  <testcase classname="ptolemy.util.test.junit.AutoTests" name="[246] /home/travis/build/icyphy/ptII/ptolemy/actor/lib/test/auto/OrderedMerge.xml (RunModel)" time="0.015" />
  <testcase classname="ptolemy.util.test.junit.AutoTests" name="[247] /home/travis/build/icyphy/ptII/ptolemy/actor/lib/test/auto/OrderedRecordDisassembler.xml (RunModel)" time="0.015" />
  <testcase classname="ptolemy.util.test.junit.AutoTests" name="[248] /home/travis/build/icyphy/ptII/ptolemy/actor/lib/test/auto/OrderedRecordDisassembler2.xml (RunModel)" time="0.02" />
  <testcase classname="ptolemy.util.test.junit.AutoTests" name="[249] /home/travis/build/icyphy/ptII/ptolemy/actor/lib/test/auto/OrderedRecordUpdater.xml (RunModel)" time="0.012" />
  <testcase classname="ptolemy.util.test.junit.AutoTests" name="[250] /home/travis/build/icyphy/ptII/ptolemy/actor/lib/test/auto/OrderedRecordUpdater2.xml (RunModel)" time="0.011" />
  <testcase classname="ptolemy.util.test.junit.AutoTests" name="[251] /home/travis/build/icyphy/ptII/ptolemy/actor/lib/test/auto/PhaseUnwrap.xml (RunModel)" time="0.014" />
  <testcase classname="ptolemy.util.test.junit.AutoTests" name="[252] /home/travis/build/icyphy/ptII/ptolemy/actor/lib/test/auto/PoissonClock.xml (RunModel)" time="0.012" />
  <testcase classname="ptolemy.util.test.junit.AutoTests" name="[253] /home/travis/build/icyphy/ptII/ptolemy/actor/lib/test/auto/PoissonClock2.xml (RunModel)" time="0.009" />
  <testcase classname="ptolemy.util.test.junit.AutoTests" name="[254] /home/travis/build/icyphy/ptII/ptolemy/actor/lib/test/auto/PoissonClock3.xml (RunModel)" time="0.012" />
  <testcase classname="ptolemy.util.test.junit.AutoTests" name="[255] /home/travis/build/icyphy/ptII/ptolemy/actor/lib/test/auto/PubSubWithInitialTokens.xml (RunModel)" time="0.013" />
  <testcase classname="ptolemy.util.test.junit.AutoTests" name="[256] /home/travis/build/icyphy/ptII/ptolemy/actor/lib/test/auto/PubSubWithInitialTokens2.xml (RunModel)" time="0.013" />
  <testcase classname="ptolemy.util.test.junit.AutoTests" name="[257] /home/travis/build/icyphy/ptII/ptolemy/actor/lib/test/auto/PublisherClassNoParameter.xml (RunModel)" time="0.024" />
  <testcase classname="ptolemy.util.test.junit.AutoTests" name="[258] /home/travis/build/icyphy/ptII/ptolemy/actor/lib/test/auto/PublisherClassParameter.xml (RunModel)" time="0.032" />
  <testcase classname="ptolemy.util.test.junit.AutoTests" name="[259] /home/travis/build/icyphy/ptII/ptolemy/actor/lib/test/auto/PublisherNonStrictTest.xml (RunModel)" time="0.023" />
  <testcase classname="ptolemy.util.test.junit.AutoTests" name="[260] /home/travis/build/icyphy/ptII/ptolemy/actor/lib/test/auto/PublisherPort1.xml (RunModel)" time="0.013" />
  <testcase classname="ptolemy.util.test.junit.AutoTests" name="[261] /home/travis/build/icyphy/ptII/ptolemy/actor/lib/test/auto/PublisherPort2.xml (RunModel)" time="0.01" />
  <testcase classname="ptolemy.util.test.junit.AutoTests" name="[262] /home/travis/build/icyphy/ptII/ptolemy/actor/lib/test/auto/PublisherPort3.xml (RunModel)" time="0.013" />
  <testcase classname="ptolemy.util.test.junit.AutoTests" name="[263] /home/travis/build/icyphy/ptII/ptolemy/actor/lib/test/auto/PublisherPort4.xml (RunModel)" time="0.012" />
  <testcase classname="ptolemy.util.test.junit.AutoTests" name="[264] /home/travis/build/icyphy/ptII/ptolemy/actor/lib/test/auto/PublisherPort5.xml (RunModel)" time="0.016" />
  <testcase classname="ptolemy.util.test.junit.AutoTests" name="[265] /home/travis/build/icyphy/ptII/ptolemy/actor/lib/test/auto/PublisherPort5LookAlike.xml (RunModel)" time="0.015" />
  <testcase classname="ptolemy.util.test.junit.AutoTests" name="[266] /home/travis/build/icyphy/ptII/ptolemy/actor/lib/test/auto/PublisherPort6.xml (RunModel)" time="0.013" />
  <testcase classname="ptolemy.util.test.junit.AutoTests" name="[267] /home/travis/build/icyphy/ptII/ptolemy/actor/lib/test/auto/PublisherPort7.xml (RunModel)" time="0.015" />
  <testcase classname="ptolemy.util.test.junit.AutoTests" name="[268] /home/travis/build/icyphy/ptII/ptolemy/actor/lib/test/auto/PublisherPort8.xml (RunModel)" time="0.016" />
  <testcase classname="ptolemy.util.test.junit.AutoTests" name="[269] /home/travis/build/icyphy/ptII/ptolemy/actor/lib/test/auto/PublisherPortSubscriberChannelVariablesAOC2.xml (RunModel)" time="0.03" />
  <testcase classname="ptolemy.util.test.junit.AutoTests" name="[270] /home/travis/build/icyphy/ptII/ptolemy/actor/lib/test/auto/PublisherPortSubscriberOpaqueWidthInference.xml (RunModel)" time="0.015" />
  <testcase classname="ptolemy.util.test.junit.AutoTests" name="[271] /home/travis/build/icyphy/ptII/ptolemy/actor/lib/test/auto/PublisherPortSubscriberPortAdjacent.xml (RunModel)" time="0.016" />
  <testcase classname="ptolemy.util.test.junit.AutoTests" name="[272] /home/travis/build/icyphy/ptII/ptolemy/actor/lib/test/auto/PublisherPortSubscriberPortExpression.xml (RunModel)" time="0.017" />
  <testcase classname="ptolemy.util.test.junit.AutoTests" name="[273] /home/travis/build/icyphy/ptII/ptolemy/actor/lib/test/auto/PublisherPortSubscriberPortOpaqueD3Reverse.xml (RunModel)" time="0.022" />
  <testcase classname="ptolemy.util.test.junit.AutoTests" name="[274] /home/travis/build/icyphy/ptII/ptolemy/actor/lib/test/auto/PublisherPortSubscriberPortOpaqueWidthInference.xml (RunModel)" time="0.018" />
  <testcase classname="ptolemy.util.test.junit.AutoTests" name="[275] /home/travis/build/icyphy/ptII/ptolemy/actor/lib/test/auto/PublisherPortToplevelSubscriberPortAOC.xml (RunModel)" time="0.011" />
  <testcase classname="ptolemy.util.test.junit.AutoTests" name="[276] /home/travis/build/icyphy/ptII/ptolemy/actor/lib/test/auto/PublisherSubscriber.xml (RunModel)" time="0.013" />
  <testcase classname="ptolemy.util.test.junit.AutoTests" name="[277] /home/travis/build/icyphy/ptII/ptolemy/actor/lib/test/auto/PublisherSubscriber10.xml (RunModel)" time="0.02" />
  <testcase classname="ptolemy.util.test.junit.AutoTests" name="[278] /home/travis/build/icyphy/ptII/ptolemy/actor/lib/test/auto/PublisherSubscriber10InitialOutputs.xml (RunModel)" time="0.02" />
  <testcase classname="ptolemy.util.test.junit.AutoTests" name="[279] /home/travis/build/icyphy/ptII/ptolemy/actor/lib/test/auto/PublisherSubscriber11.xml (RunModel)" time="0.012" />
  <testcase classname="ptolemy.util.test.junit.AutoTests" name="[280] /home/travis/build/icyphy/ptII/ptolemy/actor/lib/test/auto/PublisherSubscriber12.xml (RunModel)" time="0.013" />
  <testcase classname="ptolemy.util.test.junit.AutoTests" name="[281] /home/travis/build/icyphy/ptII/ptolemy/actor/lib/test/auto/PublisherSubscriber13.xml (RunModel)" time="0.011" />
  <testcase classname="ptolemy.util.test.junit.AutoTests" name="[282] /home/travis/build/icyphy/ptII/ptolemy/actor/lib/test/auto/PublisherSubscriber14.xml (RunModel)" time="0.021" />
  <testcase classname="ptolemy.util.test.junit.AutoTests" name="[283] /home/travis/build/icyphy/ptII/ptolemy/actor/lib/test/auto/PublisherSubscriber2.xml (RunModel)" time="0.01" />
  <testcase classname="ptolemy.util.test.junit.AutoTests" name="[284] /home/travis/build/icyphy/ptII/ptolemy/actor/lib/test/auto/PublisherSubscriber3.xml (RunModel)" time="0.01" />
  <testcase classname="ptolemy.util.test.junit.AutoTests" name="[285] /home/travis/build/icyphy/ptII/ptolemy/actor/lib/test/auto/PublisherSubscriber4.xml (RunModel)" time="0.009" />
  <testcase classname="ptolemy.util.test.junit.AutoTests" name="[286] /home/travis/build/icyphy/ptII/ptolemy/actor/lib/test/auto/PublisherSubscriber5.xml (RunModel)" time="0.013" />
  <testcase classname="ptolemy.util.test.junit.AutoTests" name="[287] /home/travis/build/icyphy/ptII/ptolemy/actor/lib/test/auto/PublisherSubscriber6.xml (RunModel)" time="0.014" />
  <testcase classname="ptolemy.util.test.junit.AutoTests" name="[288] /home/travis/build/icyphy/ptII/ptolemy/actor/lib/test/auto/PublisherSubscriber7.xml (RunModel)" time="0.014" />
  <testcase classname="ptolemy.util.test.junit.AutoTests" name="[289] /home/travis/build/icyphy/ptII/ptolemy/actor/lib/test/auto/PublisherSubscriber8.xml (RunModel)" time="0.026" />
  <testcase classname="ptolemy.util.test.junit.AutoTests" name="[290] /home/travis/build/icyphy/ptII/ptolemy/actor/lib/test/auto/PublisherSubscriber9.xml (RunModel)" time="0.021" />
  <testcase classname="ptolemy.util.test.junit.AutoTests" name="[291] /home/travis/build/icyphy/ptII/ptolemy/actor/lib/test/auto/PublisherSubscriberAdjacent.xml (RunModel)" time="0.018" />
  <testcase classname="ptolemy.util.test.junit.AutoTests" name="[292] /home/travis/build/icyphy/ptII/ptolemy/actor/lib/test/auto/PublisherSubscriberChannelVariablesAOC2.xml (RunModel)" time="0.026" />
  <testcase classname="ptolemy.util.test.junit.AutoTests" name="[293] /home/travis/build/icyphy/ptII/ptolemy/actor/lib/test/auto/PublisherSubscriberD3.xml (RunModel)" time="0.014" />
  <testcase classname="ptolemy.util.test.junit.AutoTests" name="[294] /home/travis/build/icyphy/ptII/ptolemy/actor/lib/test/auto/PublisherSubscriberD3Reverse.xml (RunModel)" time="0.017" />
  <testcase classname="ptolemy.util.test.junit.AutoTests" name="[295] /home/travis/build/icyphy/ptII/ptolemy/actor/lib/test/auto/PublisherSubscriberExpression.xml (RunModel)" time="0.019" />
  <testcase classname="ptolemy.util.test.junit.AutoTests" name="[296] /home/travis/build/icyphy/ptII/ptolemy/actor/lib/test/auto/PublisherSubscriberOpaque.xml (RunModel)" time="0.016" />
  <testcase classname="ptolemy.util.test.junit.AutoTests" name="[297] /home/travis/build/icyphy/ptII/ptolemy/actor/lib/test/auto/PublisherSubscriberOpaqueD3.xml (RunModel)" time="0.024" />
  <testcase classname="ptolemy.util.test.junit.AutoTests" name="[298] /home/travis/build/icyphy/ptII/ptolemy/actor/lib/test/auto/PublisherSubscriberOpaqueD3Reverse.xml (RunModel)" time="0.027" />
  <testcase classname="ptolemy.util.test.junit.AutoTests" name="[299] /home/travis/build/icyphy/ptII/ptolemy/actor/lib/test/auto/PublisherSubscriberOpaqueWidthInference.xml (RunModel)" time="0.017" />
  <testcase classname="ptolemy.util.test.junit.AutoTests" name="[300] /home/travis/build/icyphy/ptII/ptolemy/actor/lib/test/auto/PublisherTestSubscriber.xml (RunModel)" time="0.022" />
  <testcase classname="ptolemy.util.test.junit.AutoTests" name="[301] /home/travis/build/icyphy/ptII/ptolemy/actor/lib/test/auto/PublisherToplevelSubscriberPortAOC.xml (RunModel)" time="0.013" />
  <testcase classname="ptolemy.util.test.junit.AutoTests" name="[302] /home/travis/build/icyphy/ptII/ptolemy/actor/lib/test/auto/PulseFiringLimitDE.xml (RunModel)" time="0.013" />
  <testcase classname="ptolemy.util.test.junit.AutoTests" name="[303] /home/travis/build/icyphy/ptII/ptolemy/actor/lib/test/auto/Ramp1.xml (RunModel)" time="0.007" />
  <testcase classname="ptolemy.util.test.junit.AutoTests" name="[304] /home/travis/build/icyphy/ptII/ptolemy/actor/lib/test/auto/RampFiringLimitDE.xml (RunModel)" time="0.011" />
  <testcase classname="ptolemy.util.test.junit.AutoTests" name="[305] /home/travis/build/icyphy/ptII/ptolemy/actor/lib/test/auto/RampFiringLimitSDF.xml (RunModel)" time="0.011" />
  <testcase classname="ptolemy.util.test.junit.AutoTests" name="[306] /home/travis/build/icyphy/ptII/ptolemy/actor/lib/test/auto/RandomInteger.xml (RunModel)" time="0.008" />
  <testcase classname="ptolemy.util.test.junit.AutoTests" name="[307] /home/travis/build/icyphy/ptII/ptolemy/actor/lib/test/auto/ReadFile1.xml (RunModel)" time="0.009" />
  <testcase classname="ptolemy.util.test.junit.AutoTests" name="[308] /home/travis/build/icyphy/ptII/ptolemy/actor/lib/test/auto/ReadFile2.xml (RunModel)" time="0.014" />
  <testcase classname="ptolemy.util.test.junit.AutoTests" name="[309] /home/travis/build/icyphy/ptII/ptolemy/actor/lib/test/auto/Reader.xml (RunModel)" time="0.018" />
  <testcase classname="ptolemy.util.test.junit.AutoTests" name="[310] /home/travis/build/icyphy/ptII/ptolemy/actor/lib/test/auto/RecordAssemblerDisplayNameTest.xml (RunModel)" time="3.057" />
  <testcase classname="ptolemy.util.test.junit.AutoTests" name="[311] /home/travis/build/icyphy/ptII/ptolemy/actor/lib/test/auto/RecordAssemblerTypeError.xml (RunModel)" time="0.038" />
  <testcase classname="ptolemy.util.test.junit.AutoTests" name="[312] /home/travis/build/icyphy/ptII/ptolemy/actor/lib/test/auto/RecordDisassember.xml (RunModel)" time="0.009" />
  <testcase classname="ptolemy.util.test.junit.AutoTests" name="[313] /home/travis/build/icyphy/ptII/ptolemy/actor/lib/test/auto/RecordDisassemberDisplayNameTest.xml (RunModel)" time="0.024" />
  <testcase classname="ptolemy.util.test.junit.AutoTests" name="[314] /home/travis/build/icyphy/ptII/ptolemy/actor/lib/test/auto/RecordDisassembler.xml (RunModel)" time="0.011" />
  <testcase classname="ptolemy.util.test.junit.AutoTests" name="[315] /home/travis/build/icyphy/ptII/ptolemy/actor/lib/test/auto/RecordDisassembler2.xml (RunModel)" time="0.011" />
  <testcase classname="ptolemy.util.test.junit.AutoTests" name="[316] /home/travis/build/icyphy/ptII/ptolemy/actor/lib/test/auto/RecordUpdater.xml (RunModel)" time="0.01" />
  <testcase classname="ptolemy.util.test.junit.AutoTests" name="[317] /home/travis/build/icyphy/ptII/ptolemy/actor/lib/test/auto/RecordUpdater2.xml (RunModel)" time="0.009" />
  <testcase classname="ptolemy.util.test.junit.AutoTests" name="[318] /home/travis/build/icyphy/ptII/ptolemy/actor/lib/test/auto/RecursiveLattice.xml (RunModel)" time="0.008" />
  <testcase classname="ptolemy.util.test.junit.AutoTests" name="[319] /home/travis/build/icyphy/ptII/ptolemy/actor/lib/test/auto/Router.xml (RunModel)" time="3.025" />
  <testcase classname="ptolemy.util.test.junit.AutoTests" name="[320] /home/travis/build/icyphy/ptII/ptolemy/actor/lib/test/auto/Router2.xml (RunModel)" time="3.025" />
  <testcase classname="ptolemy.util.test.junit.AutoTests" name="[321] /home/travis/build/icyphy/ptII/ptolemy/actor/lib/test/auto/RunningMaximum.xml (RunModel)" time="0.013" />
  <testcase classname="ptolemy.util.test.junit.AutoTests" name="[322] /home/travis/build/icyphy/ptII/ptolemy/actor/lib/test/auto/RunningMinimum.xml (RunModel)" time="0.012" />
  <testcase classname="ptolemy.util.test.junit.AutoTests" name="[323] /home/travis/build/icyphy/ptII/ptolemy/actor/lib/test/auto/Scale.xml (RunModel)" time="0.008" />
  <testcase classname="ptolemy.util.test.junit.AutoTests" name="[324] /home/travis/build/icyphy/ptII/ptolemy/actor/lib/test/auto/Scale2.xml (RunModel)" time="0.009" />
  <testcase classname="ptolemy.util.test.junit.AutoTests" name="[325] /home/travis/build/icyphy/ptII/ptolemy/actor/lib/test/auto/Scale3.xml (RunModel)" time="0.014" />
  <testcase classname="ptolemy.util.test.junit.AutoTests" name="[326] /home/travis/build/icyphy/ptII/ptolemy/actor/lib/test/auto/ScaleArray.xml (RunModel)" time="0.008" />
  <testcase classname="ptolemy.util.test.junit.AutoTests" name="[327] /home/travis/build/icyphy/ptII/ptolemy/actor/lib/test/auto/ScaleArray2.xml (RunModel)" time="0.008" />
  <testcase classname="ptolemy.util.test.junit.AutoTests" name="[328] /home/travis/build/icyphy/ptII/ptolemy/actor/lib/test/auto/ScaleMatrix.xml (RunModel)" time="0.157" />
  <testcase classname="ptolemy.util.test.junit.AutoTests" name="[329] /home/travis/build/icyphy/ptII/ptolemy/actor/lib/test/auto/Select.xml (RunModel)" time="0.02" />
  <testcase classname="ptolemy.util.test.junit.AutoTests" name="[330] /home/travis/build/icyphy/ptII/ptolemy/actor/lib/test/auto/Select2.xml (RunModel)" time="0.009" />
  <testcase classname="ptolemy.util.test.junit.AutoTests" name="[331] /home/travis/build/icyphy/ptII/ptolemy/actor/lib/test/auto/SequenceToArray2.xml (RunModel)" time="0.165" />
  <testcase classname="ptolemy.util.test.junit.AutoTests" name="[332] /home/travis/build/icyphy/ptII/ptolemy/actor/lib/test/auto/SequentialClock.xml (RunModel)" time="0.013" />
  <testcase classname="ptolemy.util.test.junit.AutoTests" name="[333] /home/travis/build/icyphy/ptII/ptolemy/actor/lib/test/auto/SetVariable.xml (RunModel)" time="0.017" />
  <testcase classname="ptolemy.util.test.junit.AutoTests" name="[334] /home/travis/build/icyphy/ptII/ptolemy/actor/lib/test/auto/SetVariable2.xml (RunModel)" time="0.019" />
  <testcase classname="ptolemy.util.test.junit.AutoTests" name="[335] /home/travis/build/icyphy/ptII/ptolemy/actor/lib/test/auto/SetVariable3.xml (RunModel)" time="0.026" />
  <testcase classname="ptolemy.util.test.junit.AutoTests" name="[336] /home/travis/build/icyphy/ptII/ptolemy/actor/lib/test/auto/SetVariable4.xml (RunModel)" time="0.036" />
  <testcase classname="ptolemy.util.test.junit.AutoTests" name="[337] /home/travis/build/icyphy/ptII/ptolemy/actor/lib/test/auto/SetVariable5.xml (RunModel)" time="0.044" />
  <testcase classname="ptolemy.util.test.junit.AutoTests" name="[338] /home/travis/build/icyphy/ptII/ptolemy/actor/lib/test/auto/Sinewave.xml (RunModel)" time="0.036" />
  <testcase classname="ptolemy.util.test.junit.AutoTests" name="[339] /home/travis/build/icyphy/ptII/ptolemy/actor/lib/test/auto/Sinewave2.xml (RunModel)" time="0.032" />
  <testcase classname="ptolemy.util.test.junit.AutoTests" name="[340] /home/travis/build/icyphy/ptII/ptolemy/actor/lib/test/auto/Sinewave3.xml (RunModel)" time="0.024" />
  <testcase classname="ptolemy.util.test.junit.AutoTests" name="[341] /home/travis/build/icyphy/ptII/ptolemy/actor/lib/test/auto/SingleEvent.xml (RunModel)" time="0.011" />
  <testcase classname="ptolemy.util.test.junit.AutoTests" name="[342] /home/travis/build/icyphy/ptII/ptolemy/actor/lib/test/auto/Sleep.xml (RunModel)" time="6.014" />
  <testcase classname="ptolemy.util.test.junit.AutoTests" name="[343] /home/travis/build/icyphy/ptII/ptolemy/actor/lib/test/auto/SleepMultipleFire.xml (RunModel)" time="1.022" />
  <testcase classname="ptolemy.util.test.junit.AutoTests" name="[344] /home/travis/build/icyphy/ptII/ptolemy/actor/lib/test/auto/StopDE.xml (RunModel)" time="0.023" />
  <testcase classname="ptolemy.util.test.junit.AutoTests" name="[345] /home/travis/build/icyphy/ptII/ptolemy/actor/lib/test/auto/StopSDF.xml (RunModel)" time="0.019" />
  <testcase classname="ptolemy.util.test.junit.AutoTests" name="[346] /home/travis/build/icyphy/ptII/ptolemy/actor/lib/test/auto/StringConstant.xml (RunModel)" time="0.01" />
  <testcase classname="ptolemy.util.test.junit.AutoTests" name="[347] /home/travis/build/icyphy/ptII/ptolemy/actor/lib/test/auto/SubscriberPortInitialValues1.xml (RunModel)" time="0.018" />
  <testcase classname="ptolemy.util.test.junit.AutoTests" name="[348] /home/travis/build/icyphy/ptII/ptolemy/actor/lib/test/auto/SubscriberPortInitialValues13.xml (RunModel)" time="0.023" />
  <testcase classname="ptolemy.util.test.junit.AutoTests" name="[349] /home/travis/build/icyphy/ptII/ptolemy/actor/lib/test/auto/SubscriberPortInitialValues14.xml (RunModel)" time="0.014" />
  <testcase classname="ptolemy.util.test.junit.AutoTests" name="[350] /home/travis/build/icyphy/ptII/ptolemy/actor/lib/test/auto/SubscriberPortInitialValues2.xml (RunModel)" time="0.015" />
  <testcase classname="ptolemy.util.test.junit.AutoTests" name="[351] /home/travis/build/icyphy/ptII/ptolemy/actor/lib/test/auto/SubscriberPortInitialValues3.xml (RunModel)" time="0.019" />
  <testcase classname="ptolemy.util.test.junit.AutoTests" name="[352] /home/travis/build/icyphy/ptII/ptolemy/actor/lib/test/auto/SubscriptionAggregator.xml (RunModel)" time="0.011" />
  <testcase classname="ptolemy.util.test.junit.AutoTests" name="[353] /home/travis/build/icyphy/ptII/ptolemy/actor/lib/test/auto/SubscriptionAggregator2.xml (RunModel)" time="0.011" />
  <testcase classname="ptolemy.util.test.junit.AutoTests" name="[354] /home/travis/build/icyphy/ptII/ptolemy/actor/lib/test/auto/SubscriptionAggregator3.xml (RunModel)" time="0.015" />
  <testcase classname="ptolemy.util.test.junit.AutoTests" name="[355] /home/travis/build/icyphy/ptII/ptolemy/actor/lib/test/auto/SubscriptionAggregatorMultiply.xml (RunModel)" time="0.015" />
  <testcase classname="ptolemy.util.test.junit.AutoTests" name="[356] /home/travis/build/icyphy/ptII/ptolemy/actor/lib/test/auto/SubscriptionAggregatorPortMultiply1.xml (RunModel)" time="0.014" />
  <testcase classname="ptolemy.util.test.junit.AutoTests" name="[357] /home/travis/build/icyphy/ptII/ptolemy/actor/lib/test/auto/Switch.xml (RunModel)" time="0.014" />
  <testcase classname="ptolemy.util.test.junit.AutoTests" name="[358] /home/travis/build/icyphy/ptII/ptolemy/actor/lib/test/auto/Switch2.xml (RunModel)" time="0.014" />
  <testcase classname="ptolemy.util.test.junit.AutoTests" name="[359] /home/travis/build/icyphy/ptII/ptolemy/actor/lib/test/auto/SwitchDE.xml (RunModel)" time="0.013" />
  <testcase classname="ptolemy.util.test.junit.AutoTests" name="[360] /home/travis/build/icyphy/ptII/ptolemy/actor/lib/test/auto/SynchronizerDE.xml (RunModel)" time="0.02" />
  <testcase classname="ptolemy.util.test.junit.AutoTests" name="[361] /home/travis/build/icyphy/ptII/ptolemy/actor/lib/test/auto/Test.xml (RunModel)" time="0.01" />
  <testcase classname="ptolemy.util.test.junit.AutoTests" name="[362] /home/travis/build/icyphy/ptII/ptolemy/actor/lib/test/auto/TestExceptionAttribute1.xml (RunModel)" time="0.007" />
  <testcase classname="ptolemy.util.test.junit.AutoTests" name="[363] /home/travis/build/icyphy/ptII/ptolemy/actor/lib/test/auto/TestExceptionAttribute2.xml (RunModel)" time="0.013" />
  <testcase classname="ptolemy.util.test.junit.AutoTests" name="[364] /home/travis/build/icyphy/ptII/ptolemy/actor/lib/test/auto/TestExceptionAttribute3.xml (RunModel)" time="0.006" />
  <testcase classname="ptolemy.util.test.junit.AutoTests" name="[365] /home/travis/build/icyphy/ptII/ptolemy/actor/lib/test/auto/TestExceptionAttribute4.xml (RunModel)" time="0.007" />
  <testcase classname="ptolemy.util.test.junit.AutoTests" name="[366] /home/travis/build/icyphy/ptII/ptolemy/actor/lib/test/auto/TestExceptionHandler1.xml (RunModel)" time="0.005" />
  <testcase classname="ptolemy.util.test.junit.AutoTests" name="[367] /home/travis/build/icyphy/ptII/ptolemy/actor/lib/test/auto/TestExceptionHandler2.xml (RunModel)" time="0.008" />
  <testcase classname="ptolemy.util.test.junit.AutoTests" name="[368] /home/travis/build/icyphy/ptII/ptolemy/actor/lib/test/auto/TestExceptionHandler3.xml (RunModel)" time="0.02" />
  <testcase classname="ptolemy.util.test.junit.AutoTests" name="[369] /home/travis/build/icyphy/ptII/ptolemy/actor/lib/test/auto/TestExceptionHandler4.xml (RunModel)" time="0.006" />
  <testcase classname="ptolemy.util.test.junit.AutoTests" name="[370] /home/travis/build/icyphy/ptII/ptolemy/actor/lib/test/auto/TestRequireCorrectOrder.xml (RunModel)" time="0.01" />
  <testcase classname="ptolemy.util.test.junit.AutoTests" name="[371] /home/travis/build/icyphy/ptII/ptolemy/actor/lib/test/auto/TestSimple.xml (RunModel)" time="0.006" />
  <testcase classname="ptolemy.util.test.junit.AutoTests" name="[372] /home/travis/build/icyphy/ptII/ptolemy/actor/lib/test/auto/ThrowModelError.xml (RunModel)" time="0.012" />
  <testcase classname="ptolemy.util.test.junit.AutoTests" name="[373] /home/travis/build/icyphy/ptII/ptolemy/actor/lib/test/auto/TimeDelayMicrosteps.xml (RunModel)" time="0.014" />
  <testcase classname="ptolemy.util.test.junit.AutoTests" name="[374] /home/travis/build/icyphy/ptII/ptolemy/actor/lib/test/auto/TimeDelayMicrosteps2.xml (RunModel)" time="0.017" />
  <testcase classname="ptolemy.util.test.junit.AutoTests" name="[375] /home/travis/build/icyphy/ptII/ptolemy/actor/lib/test/auto/TimeDelayMicrosteps3.xml (RunModel)" time="0.014" />
  <testcase classname="ptolemy.util.test.junit.AutoTests" name="[376] /home/travis/build/icyphy/ptII/ptolemy/actor/lib/test/auto/TimeDelayVariableMicrosteps.xml (RunModel)" time="0.013" />
  <testcase classname="ptolemy.util.test.junit.AutoTests" name="[377] /home/travis/build/icyphy/ptII/ptolemy/actor/lib/test/auto/TimeGap.xml (RunModel)" time="0.017" />
  <testcase classname="ptolemy.util.test.junit.AutoTests" name="[378] /home/travis/build/icyphy/ptII/ptolemy/actor/lib/test/auto/TimeGap2.xml (RunModel)" time="0.015" />
  <testcase classname="ptolemy.util.test.junit.AutoTests" name="[379] /home/travis/build/icyphy/ptII/ptolemy/actor/lib/test/auto/TimedSinewave.xml (RunModel)" time="0.071" />
  <testcase classname="ptolemy.util.test.junit.AutoTests" name="[380] /home/travis/build/icyphy/ptII/ptolemy/actor/lib/test/auto/TimedSinewavePhase.xml (RunModel)" time="0.038" />
  <testcase classname="ptolemy.util.test.junit.AutoTests" name="[381] /home/travis/build/icyphy/ptII/ptolemy/actor/lib/test/auto/Timer.xml (RunModel)" time="0.013" />
  <testcase classname="ptolemy.util.test.junit.AutoTests" name="[382] /home/travis/build/icyphy/ptII/ptolemy/actor/lib/test/auto/TriangularDistTestModel.xml (RunModel)" time="0.024" />
  <testcase classname="ptolemy.util.test.junit.AutoTests" name="[383] /home/travis/build/icyphy/ptII/ptolemy/actor/lib/test/auto/TrigFunction.xml (RunModel)" time="0.011" />
  <testcase classname="ptolemy.util.test.junit.AutoTests" name="[384] /home/travis/build/icyphy/ptII/ptolemy/actor/lib/test/auto/TrigFunctionDE.xml (RunModel)" time="0.012" />
  <testcase classname="ptolemy.util.test.junit.AutoTests" name="[385] /home/travis/build/icyphy/ptII/ptolemy/actor/lib/test/auto/TrigFunctionInverse.xml (RunModel)" time="0.009" />
  <testcase classname="ptolemy.util.test.junit.AutoTests" name="[386] /home/travis/build/icyphy/ptII/ptolemy/actor/lib/test/auto/TrigFunctionTan.xml (RunModel)" time="0.007" />
  <testcase classname="ptolemy.util.test.junit.AutoTests" name="[387] /home/travis/build/icyphy/ptII/ptolemy/actor/lib/test/auto/TriggeredClock.xml (RunModel)" time="0.01" />
  <testcase classname="ptolemy.util.test.junit.AutoTests" name="[388] /home/travis/build/icyphy/ptII/ptolemy/actor/lib/test/auto/URLDirectoryReader.xml (RunModel)" time="0.118" />
  <testcase classname="ptolemy.util.test.junit.AutoTests" name="[389] /home/travis/build/icyphy/ptII/ptolemy/actor/lib/test/auto/URLDirectoryReader3.xml (RunModel)" time="1.495" />
  <testcase classname="ptolemy.util.test.junit.AutoTests" name="[390] /home/travis/build/icyphy/ptII/ptolemy/actor/lib/test/auto/UnaryMathFunction.xml (RunModel)" time="0.032" />
  <testcase classname="ptolemy.util.test.junit.AutoTests" name="[391] /home/travis/build/icyphy/ptII/ptolemy/actor/lib/test/auto/Uniform.xml (RunModel)" time="0.011" />
  <testcase classname="ptolemy.util.test.junit.AutoTests" name="[392] /home/travis/build/icyphy/ptII/ptolemy/actor/lib/test/auto/UnionDisassemblerTest.xml (RunModel)" time="0.007" />
  <testcase classname="ptolemy.util.test.junit.AutoTests" name="[393] /home/travis/build/icyphy/ptII/ptolemy/actor/lib/test/auto/UtilityFunctions.xml (RunModel)" time="0.007" />
  <testcase classname="ptolemy.util.test.junit.AutoTests" name="[394] /home/travis/build/icyphy/ptII/ptolemy/actor/lib/test/auto/VariableSleep.xml (RunModel)" time="0.513" />
  <testcase classname="ptolemy.util.test.junit.AutoTests" name="[395] /home/travis/build/icyphy/ptII/ptolemy/actor/lib/test/auto/VectorAssemblerDisassemblerCT.xml (RunModel)" time="0.112" />
  <testcase classname="ptolemy.util.test.junit.AutoTests" name="[396] /home/travis/build/icyphy/ptII/ptolemy/actor/lib/test/auto/VectorAssemblerDisassemblerDE.xml (RunModel)" time="0.014" />
  <testcase classname="ptolemy.util.test.junit.AutoTests" name="[397] /home/travis/build/icyphy/ptII/ptolemy/actor/lib/test/auto/VectorAssemblerDisassemblerSDF.xml (RunModel)" time="0.03" />
  <testcase classname="ptolemy.util.test.junit.AutoTests" name="[398] /home/travis/build/icyphy/ptII/ptolemy/actor/lib/test/auto/WallClockTime.xml (RunModel)" time="1.032" />
  <testcase classname="ptolemy.util.test.junit.AutoTests" name="[399] /home/travis/build/icyphy/ptII/ptolemy/actor/lib/test/auto/WidthTestWithSubscriberPublisher.xml (RunModel)" time="0.043" />
  <testcase classname="ptolemy.util.test.junit.AutoTests" name="[400] /home/travis/build/icyphy/ptII/ptolemy/actor/lib/test/auto/WidthTestWithSubscriberPublisher2.xml (RunModel)" time="0.019" />
  <testcase classname="ptolemy.util.test.junit.AutoTests" name="[401] /home/travis/build/icyphy/ptII/ptolemy/actor/lib/test/auto/WidthTestWithSubscriberPublisher3.xml (RunModel)" time="0.027" />
  <testcase classname="ptolemy.util.test.junit.AutoTests" name="[402] /home/travis/build/icyphy/ptII/ptolemy/actor/lib/test/auto/Writer.xml (RunModel)" time="0.008" />
  <testcase classname="ptolemy.util.test.junit.AutoTests" name="[403] /home/travis/build/icyphy/ptII/ptolemy/actor/lib/test/auto/array.xml (RunModel)" time="0.008" />
  <testcase classname="ptolemy.util.test.junit.AutoTests" name="[404] /home/travis/build/icyphy/ptII/ptolemy/actor/lib/test/auto/array2.xml (RunModel)" time="0.021" />
  <testcase classname="ptolemy.util.test.junit.AutoTests" name="[405] /home/travis/build/icyphy/ptII/ptolemy/actor/lib/test/auto/arrayType.xml (RunModel)" time="0.013" />
  <testcase classname="ptolemy.util.test.junit.AutoTests" name="[406] /home/travis/build/icyphy/ptII/ptolemy/actor/lib/test/auto/arrayType10.xml (RunModel)" time="0.012" />
  <testcase classname="ptolemy.util.test.junit.AutoTests" name="[407] /home/travis/build/icyphy/ptII/ptolemy/actor/lib/test/auto/arrayType11.xml (RunModel)" time="0.01" />
  <testcase classname="ptolemy.util.test.junit.AutoTests" name="[408] /home/travis/build/icyphy/ptII/ptolemy/actor/lib/test/auto/arrayType12.xml (RunModel)" time="0.01" />
  <testcase classname="ptolemy.util.test.junit.AutoTests" name="[409] /home/travis/build/icyphy/ptII/ptolemy/actor/lib/test/auto/arrayType13.xml (RunModel)" time="0.01" />
  <testcase classname="ptolemy.util.test.junit.AutoTests" name="[410] /home/travis/build/icyphy/ptII/ptolemy/actor/lib/test/auto/arrayType14.xml (RunModel)" time="0.011" />
  <testcase classname="ptolemy.util.test.junit.AutoTests" name="[411] /home/travis/build/icyphy/ptII/ptolemy/actor/lib/test/auto/arrayType15.xml (RunModel)" time="0.012" />
  <testcase classname="ptolemy.util.test.junit.AutoTests" name="[412] /home/travis/build/icyphy/ptII/ptolemy/actor/lib/test/auto/arrayType16.xml (RunModel)" time="0.011" />
  <testcase classname="ptolemy.util.test.junit.AutoTests" name="[413] /home/travis/build/icyphy/ptII/ptolemy/actor/lib/test/auto/arrayType17.xml (RunModel)" time="0.01" />
  <testcase classname="ptolemy.util.test.junit.AutoTests" name="[414] /home/travis/build/icyphy/ptII/ptolemy/actor/lib/test/auto/arrayType18.xml (RunModel)" time="0.01" />
  <testcase classname="ptolemy.util.test.junit.AutoTests" name="[415] /home/travis/build/icyphy/ptII/ptolemy/actor/lib/test/auto/arrayType19.xml (RunModel)" time="0.039" />
  <testcase classname="ptolemy.util.test.junit.AutoTests" name="[416] /home/travis/build/icyphy/ptII/ptolemy/actor/lib/test/auto/arrayType2.xml (RunModel)" time="0.018" />
  <testcase classname="ptolemy.util.test.junit.AutoTests" name="[417] /home/travis/build/icyphy/ptII/ptolemy/actor/lib/test/auto/arrayType20.xml (RunModel)" time="0.01" />
  <testcase classname="ptolemy.util.test.junit.AutoTests" name="[418] /home/travis/build/icyphy/ptII/ptolemy/actor/lib/test/auto/arrayType21.xml (RunModel)" time="0.01" />
  <testcase classname="ptolemy.util.test.junit.AutoTests" name="[419] /home/travis/build/icyphy/ptII/ptolemy/actor/lib/test/auto/arrayType22.xml (RunModel)" time="0.014" />
  <testcase classname="ptolemy.util.test.junit.AutoTests" name="[420] /home/travis/build/icyphy/ptII/ptolemy/actor/lib/test/auto/arrayType23.xml (RunModel)" time="0.01" />
  <testcase classname="ptolemy.util.test.junit.AutoTests" name="[421] /home/travis/build/icyphy/ptII/ptolemy/actor/lib/test/auto/arrayType24.xml (RunModel)" time="0.009" />
  <testcase classname="ptolemy.util.test.junit.AutoTests" name="[422] /home/travis/build/icyphy/ptII/ptolemy/actor/lib/test/auto/arrayType25.xml (RunModel)" time="0.009" />
  <testcase classname="ptolemy.util.test.junit.AutoTests" name="[423] /home/travis/build/icyphy/ptII/ptolemy/actor/lib/test/auto/arrayType26.xml (RunModel)" time="0.009" />
  <testcase classname="ptolemy.util.test.junit.AutoTests" name="[424] /home/travis/build/icyphy/ptII/ptolemy/actor/lib/test/auto/arrayType27.xml (RunModel)" time="0.009" />
  <testcase classname="ptolemy.util.test.junit.AutoTests" name="[425] /home/travis/build/icyphy/ptII/ptolemy/actor/lib/test/auto/arrayType28.xml (RunModel)" time="0.008" />
  <testcase classname="ptolemy.util.test.junit.AutoTests" name="[426] /home/travis/build/icyphy/ptII/ptolemy/actor/lib/test/auto/arrayType3.xml (RunModel)" time="0.011" />
  <testcase classname="ptolemy.util.test.junit.AutoTests" name="[427] /home/travis/build/icyphy/ptII/ptolemy/actor/lib/test/auto/arrayType4.xml (RunModel)" time="0.01" />
  <testcase classname="ptolemy.util.test.junit.AutoTests" name="[428] /home/travis/build/icyphy/ptII/ptolemy/actor/lib/test/auto/arrayType5.xml (RunModel)" time="0.009" />
  <testcase classname="ptolemy.util.test.junit.AutoTests" name="[429] /home/travis/build/icyphy/ptII/ptolemy/actor/lib/test/auto/arrayType6.xml (RunModel)" time="0.008" />
  <testcase classname="ptolemy.util.test.junit.AutoTests" name="[430] /home/travis/build/icyphy/ptII/ptolemy/actor/lib/test/auto/arrayType7.xml (RunModel)" time="0.01" />
  <testcase classname="ptolemy.util.test.junit.AutoTests" name="[431] /home/travis/build/icyphy/ptII/ptolemy/actor/lib/test/auto/arrayType8.xml (RunModel)" time="0.012" />
  <testcase classname="ptolemy.util.test.junit.AutoTests" name="[432] /home/travis/build/icyphy/ptII/ptolemy/actor/lib/test/auto/arrayType9.xml (RunModel)" time="0.023" />
  <testcase classname="ptolemy.util.test.junit.AutoTests" name="[433] /home/travis/build/icyphy/ptII/ptolemy/actor/lib/test/auto/cast.xml (RunModel)" time="0.009" />
  <testcase classname="ptolemy.util.test.junit.AutoTests" name="[434] /home/travis/build/icyphy/ptII/ptolemy/actor/lib/test/auto/compositeMultiPort.xml (RunModel)" time="0.017" />
  <testcase classname="ptolemy.util.test.junit.AutoTests" name="[435] /home/travis/build/icyphy/ptII/ptolemy/actor/lib/test/auto/expressionCastInference.xml (RunModel)" time="0.008" />
  <testcase classname="ptolemy.util.test.junit.AutoTests" name="[436] /home/travis/build/icyphy/ptII/ptolemy/actor/lib/test/auto/expressionCastInference2.xml (RunModel)" time="0.008" />
  <testcase classname="ptolemy.util.test.junit.AutoTests" name="[437] /home/travis/build/icyphy/ptII/ptolemy/actor/lib/test/auto/expressionInference.xml (RunModel)" time="0.008" />
  <testcase classname="ptolemy.util.test.junit.AutoTests" name="[438] /home/travis/build/icyphy/ptII/ptolemy/actor/lib/test/auto/expression_bug.xml (RunModel)" time="0.008" />
  <testcase classname="ptolemy.util.test.junit.AutoTests" name="[439] /home/travis/build/icyphy/ptII/ptolemy/actor/lib/test/auto/factorial.xml (RunModel)" time="0.058" />
  <testcase classname="ptolemy.util.test.junit.AutoTests" name="[440] /home/travis/build/icyphy/ptII/ptolemy/actor/lib/test/auto/filterTest1.xml (RunModel)" time="0.014" />
  <testcase classname="ptolemy.util.test.junit.AutoTests" name="[441] /home/travis/build/icyphy/ptII/ptolemy/actor/lib/test/auto/funcApplyInConst.xml (RunModel)" time="0.006" />
  <testcase classname="ptolemy.util.test.junit.AutoTests" name="[442] /home/travis/build/icyphy/ptII/ptolemy/actor/lib/test/auto/funcApplyInExpr.xml (RunModel)" time="0.006" />
  <testcase classname="ptolemy.util.test.junit.AutoTests" name="[443] /home/travis/build/icyphy/ptII/ptolemy/actor/lib/test/auto/function.xml (RunModel)" time="0.011" />
  <testcase classname="ptolemy.util.test.junit.AutoTests" name="[444] /home/travis/build/icyphy/ptII/ptolemy/actor/lib/test/auto/function2.xml (RunModel)" time="0.008" />
  <testcase classname="ptolemy.util.test.junit.AutoTests" name="[445] /home/travis/build/icyphy/ptII/ptolemy/actor/lib/test/auto/function3.xml (RunModel)" time="0.007" />
  <testcase classname="ptolemy.util.test.junit.AutoTests" name="[446] /home/travis/build/icyphy/ptII/ptolemy/actor/lib/test/auto/functionClosureTest1.xml (RunModel)" time="0.011" />
  <testcase classname="ptolemy.util.test.junit.AutoTests" name="[447] /home/travis/build/icyphy/ptII/ptolemy/actor/lib/test/auto/functionClosureTest2.xml (RunModel)" time="0.007" />
  <testcase classname="ptolemy.util.test.junit.AutoTests" name="[448] /home/travis/build/icyphy/ptII/ptolemy/actor/lib/test/auto/functionClosureTest3.xml (RunModel)" time="0.009" />
  <testcase classname="ptolemy.util.test.junit.AutoTests" name="[449] /home/travis/build/icyphy/ptII/ptolemy/actor/lib/test/auto/functionClosureTest4.xml (RunModel)" time="0.017" />
  <testcase classname="ptolemy.util.test.junit.AutoTests" name="[450] /home/travis/build/icyphy/ptII/ptolemy/actor/lib/test/auto/functionClosureTest5.xml (RunModel)" time="0.014" />
  <testcase classname="ptolemy.util.test.junit.AutoTests" name="[451] /home/travis/build/icyphy/ptII/ptolemy/actor/lib/test/auto/functionClosureTest6.xml (RunModel)" time="0.008" />
  <testcase classname="ptolemy.util.test.junit.AutoTests" name="[452] /home/travis/build/icyphy/ptII/ptolemy/actor/lib/test/auto/functionsOnArcs.xml (RunModel)" time="0.01" />
  <testcase classname="ptolemy.util.test.junit.AutoTests" name="[453] /home/travis/build/icyphy/ptII/ptolemy/actor/lib/test/auto/functionsOnArcsHOF.xml (RunModel)" time="0.011" />
  <testcase classname="ptolemy.util.test.junit.AutoTests" name="[454] /home/travis/build/icyphy/ptII/ptolemy/actor/lib/test/auto/logic.xml (RunModel)" time="0.018" />
  <testcase classname="ptolemy.util.test.junit.AutoTests" name="[455] /home/travis/build/icyphy/ptII/ptolemy/actor/lib/test/auto/matrixType.xml (RunModel)" time="0.009" />
  <testcase classname="ptolemy.util.test.junit.AutoTests" name="[456] /home/travis/build/icyphy/ptII/ptolemy/actor/lib/test/auto/matrixType10.xml (RunModel)" time="0.009" />
  <testcase classname="ptolemy.util.test.junit.AutoTests" name="[457] /home/travis/build/icyphy/ptII/ptolemy/actor/lib/test/auto/matrixType11.xml (RunModel)" time="0.009" />
  <testcase classname="ptolemy.util.test.junit.AutoTests" name="[458] /home/travis/build/icyphy/ptII/ptolemy/actor/lib/test/auto/matrixType12.xml (RunModel)" time="0.01" />
  <testcase classname="ptolemy.util.test.junit.AutoTests" name="[459] /home/travis/build/icyphy/ptII/ptolemy/actor/lib/test/auto/matrixType13.xml (RunModel)" time="0.009" />
  <testcase classname="ptolemy.util.test.junit.AutoTests" name="[460] /home/travis/build/icyphy/ptII/ptolemy/actor/lib/test/auto/matrixType14.xml (RunModel)" time="0.01" />
  <testcase classname="ptolemy.util.test.junit.AutoTests" name="[461] /home/travis/build/icyphy/ptII/ptolemy/actor/lib/test/auto/matrixType2.xml (RunModel)" time="0.009" />
  <testcase classname="ptolemy.util.test.junit.AutoTests" name="[462] /home/travis/build/icyphy/ptII/ptolemy/actor/lib/test/auto/matrixType3.xml (RunModel)" time="0.01" />
  <testcase classname="ptolemy.util.test.junit.AutoTests" name="[463] /home/travis/build/icyphy/ptII/ptolemy/actor/lib/test/auto/matrixType4.xml (RunModel)" time="0.009" />
  <testcase classname="ptolemy.util.test.junit.AutoTests" name="[464] /home/travis/build/icyphy/ptII/ptolemy/actor/lib/test/auto/matrixType5.xml (RunModel)" time="0.009" />
  <testcase classname="ptolemy.util.test.junit.AutoTests" name="[465] /home/travis/build/icyphy/ptII/ptolemy/actor/lib/test/auto/matrixType6.xml (RunModel)" time="0.009" />
  <testcase classname="ptolemy.util.test.junit.AutoTests" name="[466] /home/travis/build/icyphy/ptII/ptolemy/actor/lib/test/auto/matrixType7.xml (RunModel)" time="0.009" />
  <testcase classname="ptolemy.util.test.junit.AutoTests" name="[467] /home/travis/build/icyphy/ptII/ptolemy/actor/lib/test/auto/matrixType8.xml (RunModel)" time="0.008" />
  <testcase classname="ptolemy.util.test.junit.AutoTests" name="[468] /home/travis/build/icyphy/ptII/ptolemy/actor/lib/test/auto/matrixType9.xml (RunModel)" time="0.008" />
  <testcase classname="ptolemy.util.test.junit.AutoTests" name="[469] /home/travis/build/icyphy/ptII/ptolemy/actor/lib/test/auto/paraFunctest.xml (RunModel)" time="0.008" />
  <testcase classname="ptolemy.util.test.junit.AutoTests" name="[470] /home/travis/build/icyphy/ptII/ptolemy/actor/lib/test/auto/paraFunctest2.xml (RunModel)" time="0.008" />
  <testcase classname="ptolemy.util.test.junit.AutoTests" name="[471] /home/travis/build/icyphy/ptII/ptolemy/actor/lib/test/auto/parameterPassing.xml (RunModel)" time="0.009" />
  <testcase classname="ptolemy.util.test.junit.AutoTests" name="[472] /home/travis/build/icyphy/ptII/ptolemy/actor/lib/test/auto/record.xml (RunModel)" time="0.009" />
  <testcase classname="ptolemy.util.test.junit.AutoTests" name="[473] /home/travis/build/icyphy/ptII/ptolemy/actor/lib/test/auto/sizedarray1.xml (RunModel)" time="0.011" />
  <testcase classname="ptolemy.util.test.junit.AutoTests" name="[474] /home/travis/build/icyphy/ptII/ptolemy/actor/lib/test/auto/sizedarray2.xml (RunModel)" time="0.011" />
  <testcase classname="ptolemy.util.test.junit.AutoTests" name="[475] /home/travis/build/icyphy/ptII/ptolemy/actor/lib/test/auto/twoPublishers.xml (RunModel)" time="0.022" />
  <system-out><![CDATA[/home/travis/build/icyphy/ptII/ptolemy/actor/lib/test/AbsoluteValue.tcl
testDefs.tcl: setting time out to 9000 seconds at Mon Jul 16 01:36:38 UTC 2018
75 ms. Memory: 116224K Free: 106773K (92%)
9 ms. Memory: 116224K Free: 105581K (91%)
4 ms. Memory: 116224K Free: 104986K (90%)
6 ms. Memory: 116224K Free: 103794K (89%)
/home/travis/build/icyphy/ptII/ptolemy/actor/lib/test/AddSubtract.tcl
8 ms. Memory: 116224K Free: 101976K (88%)
5 ms. Memory: 116224K Free: 100760K (87%)
5 ms. Memory: 116224K Free: 100165K (86%)
7 ms. Memory: 116224K Free: 99561K (86%)
5 ms. Memory: 116224K Free: 98942K (85%)
13 ms. Memory: 116224K Free: 98306K (85%)
/home/travis/build/icyphy/ptII/ptolemy/actor/lib/test/Average.tcl
7 ms. Memory: 116224K Free: 96487K (83%)
6 ms. Memory: 116224K Free: 95280K (82%)
/home/travis/build/icyphy/ptII/ptolemy/actor/lib/test/Bernoulli.tcl
4 ms. Memory: 116224K Free: 93453K (80%)
2 ms. Memory: 116224K Free: 92850K (80%)
/home/travis/build/icyphy/ptII/ptolemy/actor/lib/test/Clock.tcl
preinitializing
resolving types
initializing
executing number 1
wrapping up
idle
12 ms. Memory: 116224K Free: 90451K (78%)
Completed execution with 5 iterations
preinitializing
resolving types
initializing
executing number 1
wrapping up
idle
4 ms. Memory: 116224K Free: 89815K (77%)
Completed execution with 5 iterations
preinitializing
resolving types
initializing
executing number 1
wrapping up
idle
3 ms. Memory: 116224K Free: 89212K (77%)
Completed execution with 5 iterations
/home/travis/build/icyphy/ptII/ptolemy/actor/lib/test/Commutator.tcl
6 ms. Memory: 116224K Free: 87393K (75%)
6 ms. Memory: 116224K Free: 86186K (74%)
14 ms. Memory: 116224K Free: 81897K (70%)
/home/travis/build/icyphy/ptII/ptolemy/actor/lib/test/Const.tcl
8 ms. Memory: 116224K Free: 110629K (95%)
3 ms. Memory: 116224K Free: 110013K (95%)
19 ms. Memory: 116224K Free: 109397K (94%)
2 ms. Memory: 116224K Free: 108781K (94%)
2 ms. Memory: 116224K Free: 108165K (93%)
27 ms. Memory: 116224K Free: 105733K (91%)
12 ms. Memory: 116224K Free: 105133K (90%)
8 ms. Memory: 116224K Free: 103901K (89%)
/home/travis/build/icyphy/ptII/ptolemy/actor/lib/test/CurrentTime.tcl
preinitializing
resolving types
initializing
executing number 1
wrapping up
idle
7 ms. Memory: 116224K Free: 102101K (88%)
Completed execution with 11 iterations
/home/travis/build/icyphy/ptII/ptolemy/actor/lib/test/DB.tcl
4 ms. Memory: 116224K Free: 100268K (86%)
2 ms. Memory: 116224K Free: 99668K (86%)
2 ms. Memory: 116224K Free: 99068K (85%)
/home/travis/build/icyphy/ptII/ptolemy/actor/lib/test/DiscreteRandomSource.tcl
preinitializing
resolving types
initializing
executing number 1
wrapping up
idle
4 ms. Memory: 116224K Free: 97868K (84%)
Completed execution with 4 iterations
preinitializing
resolving types
initializing
executing number 1
wrapping up
idle
2 ms. Memory: 116224K Free: 97236K (84%)
Completed execution with 4 iterations
preinitializing
resolving types
initializing
executing number 1
wrapping up
idle
2 ms. Memory: 116224K Free: 96604K (83%)
Completed execution with 4 iterations
preinitializing
resolving types
initializing
executing number 1
wrapping up
idle
3 ms. Memory: 116224K Free: 96604K (83%)
Completed execution with 4 iterations
preinitializing
resolving types
initializing
executing number 1
wrapping up
idle
4 ms. Memory: 116224K Free: 96003K (83%)
Completed execution with 4 iterations
/home/travis/build/icyphy/ptII/ptolemy/actor/lib/test/Distributor.tcl
10 ms. Memory: 116224K Free: 94203K (81%)
3 ms. Memory: 116224K Free: 93603K (81%)
StreamChangeRequest.changeExecuted(): <deleteEntity name="rec2"/> succeeded
StreamChangeRequest.changeExecuted(): <deleteRelation name="r2"/> succeeded
StreamChangeRequest.changeExecuted(): Record firings per iteration succeeded
14 ms. Memory: 116224K Free: 91154K (78%)
/home/travis/build/icyphy/ptII/ptolemy/actor/lib/test/Exit.tcl
Exit.tcl: this will print a message about Manager.exitAfterWrapup, which can be ignored.
9 ms. Memory: 116224K Free: 87507K (75%)
/home/travis/build/icyphy/ptII/ptolemy/actor/lib/test/Expression.tcl
9 ms. Memory: 116224K Free: 85092K (73%)
17 ms. Memory: 116224K Free: 84492K (73%)
3 ms. Memory: 116224K Free: 83892K (72%)
preinitializing
resolving types
initializing
executing number 1
wrapping up
idle
5 ms. Memory: 116224K Free: 82092K (71%)
Completed execution with 6 iterations
7 ms. Memory: 116224K Free: 81492K (70%)
22 ms. Memory: 116224K Free: 110616K (95%)
5 ms. Memory: 116224K Free: 109435K (94%)
5 ms. Memory: 116224K Free: 108253K (93%)
4 ms. Memory: 116224K Free: 107056K (92%)
/home/travis/build/icyphy/ptII/ptolemy/actor/lib/test/Gaussian.tcl
4 ms. Memory: 116224K Free: 105283K (91%)
sleeping 1 seconds: ...........................................................................................................................................................................................................................................................................................................................................................................................................................................................................................................................................................................................................................................................................................................................................................................................................................................................................................................................................................................................................................................................................................................................................................................................................................................................................................................................................................................................................................................................................................................................................................................................................................................................................................................................................................................................................................................................................................................................................................................................................................................................................................................................................................................................................................................................................................................................................................................................................................................................................................................................................................................................................................................................................................................................................................................................................................................................................................................................................................................................................................................................................................................................................................................................................................................................................................................................................................................................................................................................................................................................................................................................................................................................................................................................................................................................................................................................................................................................................................................................................................................................................................................................................................................................................................................................................................................................................................................................................................................................................................................................................................................................................................................................................................................................................................................................................................................................................................................................................................................................................................................................................................................................................................................................................................................................................................................................................................................................................................................................................................................................................................................................................................................................................................................................................................................................................................................................................................................................................................................................................................................................................................................................................................................................................................................................................................................................................................................................................................................................................................................................................................................................................................................................................................................................................................................................................................................................................................................................................................................................................................................................................................................................................................................................................................................................................................................................................................................................................................................................................................................................................................................................................................................................................................................................................................................................................................................................................................................................................................................................................................................................................................................................................................................................................................................................................................................................................................................................................................................................................................................................................................................................................................................................................................................................................................................................................................................................................................................................................................................................................................................................................................................................................................................................................................................................................................................................................................................................................................................................................................................................................................................................................................................................................................................................................................................................................................................................................................................................................................................................................................................................................................................................................................................................................................................................................................................................................................................................................................................................................................................................................................................................................................................................................................................................................................................................................................................................................................................................................................................................................................................................................................................................................................................................................................................................................................................................................................................................................................................................................................................................................................................................................................................................................................................................................................................................................................................................................................................................................................................................................................................................................................................................................................................................................................................................................................................................................................................................................................................................................................................................................................................................................................................................................................................................................................................................................................................................................................................................................................................................................................................................................................................................................................................................................................................................................................................................................................................................................................................................................................................................................................................................................................................................................................................................................................................................................................................................................................................................................................................................................................................................................................................................................................................................................................................................................................................................................................................................................................................................................................................................................................................................................................................................................................................................................................................................................................................................................................................................................................................................................................................................................................................................................................................................................................................................................................................................................................................................................................................................................................................................................................................................................................................................................................................................................................................................................................................................................................................................................................................................................................................................................................................................................................................................................................................................................................................................................................................................................................................................................................................................................................................................................................................................................................................................................................................................................................................................................................................................................................................................................................................................................................................................................................................................................................................................................................................................................................................................................................................................................................................................................................................................................................................................................................................................................................................................................................................................................................................................................................................................................................................................................................................................................................................................................................................................................................................................................................................................................................................................................................................................................................................................................................................................................................................................................................................................................................................................................................................................................................................................................................................................................................................................................................................................................................................................................................................................................................................................................................................................................................................................................................................................................................................................................................................................................................................................................................................................................................................................................................................................................................................................................................................................................................................................................................................................................................................................................................................................................................................................................................................................................................................................................................................................................................................................................................................................................................................................................................................................................................................................................................................................................................................................................................................................................................................................................................................................................................................................................................................................................................................................................................................................................................................................................................................................................................................................................................................................................................................................................................................................................................................................................................................................................................................................................................................................................................................................................................................................................................................................................................................................................................................................................................................................................................................................................................................................................................................................................................................................................................................................................................................................................................................................................................................................................................................................................................................................................................................................................................................................................................................................................................................................................................................................................................................................................................................................................................................................................................................................................................................................................................................................................................................................................................................................................................................................................................................................................................................................................................................................................................................................................................................................................................................................................................................................................................................................................................................................................................................................................................................................................................................................................................................................................................................................................................................................................................................................................................................................................................................................................................................................................................................................................................................................................................................................................................................................................................................................................................................................................................................................................................................................................................................................................................................................................................................................................................................................................................................................................................................................................................................................................................................................................................................................................................................................................................................................................................................................................................................................................................................................................................................................................................................................................................................................................................................................................................................................................................................................................................................................................................................................................................................................................................................................................................................................................................................................................................................................................................................................................................................................................................................................................................................................................................................................................................................................................................................................................................................................................................................................................................................................................................................................................................................................................................................................................................................................................................................................................................................................................................................................................................................................................................................................................................................................................................................................................................................................................................................................................................................................................................................................................................................................................................................................................................................................................................................................................................................................................................................................................................................................................................................................................................................................................................................................................................................................................................................................................................................................................................................................................................................................................................................................................................................................................................................................................................................................................................................................................................................................................................................................................................................................................................................................................................................................................................................................................................................................................................................................................................................................................................................................................................................................................................................................................................................................................................................................................................................................................................................................................................................................................................................................................................................................................................................................................................................................................................................................................................................................................................................................................................................................................................................................................................................................................................................................................................................................................................................................................................................................................................................................................................................................................................................................................................................................................................................................................................................................................................................................................................................................................................................................................................................................................................................................................................................................................................................................................................................................................................................................................................................................................................................................................................................................................................................................................................................................................................................................................................................................................................................................................................................................................................................................................................................................................................................................................................................................................................................................................................................................................................................................................................................................................................................................................................................................................................................................................................................................................................................................................................................................................................................................................................................................................................................................................................................................................................................................................................................................................................................................................................................................................................................................................................................................................................................................................................................................................................................................................................................................................................................................................................................................................................................................................................................................................................................................................................................................................................................................................................................................................................................................................................................................................................................................................................................................................................................................................................................................................................................................................................................................................................................................................................................................................................................................................................................................................................................................................................................................................................................................................................................................................................................................................................................................................................................................................................................................................................................................................................................................................................................................................................................................................................................................................................................................................................................................................................................................................................................................................................................................................................................................................................................................................................................................................................................................................................................................................................................................................................................................................................................................................................................................................................................................................................................................................................................................................................................................................................................................................................................................................................................................................................................................................................................................................................................................................................................................................................................................................................................................................................................................................................................................................................................................................................................................................................................................................................................................................................................................................................................................................................................................................................................................................................................................................................................................................................................................................................................................................................................................................................................................................................................................................................................................................................................................................................................................................................................................................................................................................................................................................................................................................................................................................................................................................................................................................................................................................................................................................................................................................................................................................................................................................................................................................................................................................................................................................................................................................................................................................................................................................................................................................................................................................................................................................................................................................................................................................................................................................................................................................................................................................................................................................................................................................................................................................................................................................................................................................................................................................................................................................................................................................................................................................................................................................................................................................................................................................................................................................................................................................................................................................................................................................................................................................................................................................................................................................................................................................................................................................................................................................................................................................................................................................................................................................................................................................................................................................................................................................................................................................................................................................................................................................................................................................................................................................................................................................................................................................................................................................................................................................................................................................................................................................................................................................................................................................................................................................................................................................................................................................................................................................................................................................................................................................................................................................................................................................................................................................................................................................................................................................................................................................................................................................................................................................................................................................................................................................................................................................................................................................................................................................................................................................................................................................................................................................................................................................................................................................................................................................................................................................................................................................................................................................................................................................................................................................................................................................................................................................................................................................................................................................................................................................................................................................................................................................................................................................................................................................................................................................................................................................................................................................................................................................................................................................................................................................................................................................................................................................................................................................................................................................................................................................................................................................................................................................................................................................................................................................................................................................................................................................................................................................................................................................................................................................................................................................................................................................................................................................................................................................................................................................................................................................................................................................................................................................................................................................................................................................................................................................................................................................................................................................................................................................................................................................................................................................................................................................................2 ms. Memory: 208896K Free: 145396K (70%)
2 ms. Memory: 208896K Free: 142965K (68%)
2 ms. Memory: 208896K Free: 142627K (68%)
2 ms. Memory: 208896K Free: 142627K (68%)
2 ms. Memory: 208896K Free: 140195K (67%)
/home/travis/build/icyphy/ptII/ptolemy/actor/lib/test/IIR.tcl
/home/travis/build/icyphy/ptII/ptolemy/actor/lib/test/Interpolator.tcl
3 ms. Memory: 208896K Free: 137764K (66%)
2 ms. Memory: 208896K Free: 137764K (66%)
1 ms. Memory: 208896K Free: 135332K (65%)
1 ms. Memory: 208896K Free: 135332K (65%)
8 ms. Memory: 208896K Free: 135332K (65%)
2 ms. Memory: 208896K Free: 132901K (64%)
3 ms. Memory: 208896K Free: 132901K (64%)
9 ms. Memory: 208896K Free: 132901K (64%)
2 ms. Memory: 208896K Free: 130469K (62%)
3 ms. Memory: 208896K Free: 130469K (62%)
/home/travis/build/icyphy/ptII/ptolemy/actor/lib/test/MathFunction.tcl
4 ms. Memory: 208896K Free: 128038K (61%)
2 ms. Memory: 208896K Free: 128038K (61%)
3 ms. Memory: 208896K Free: 125601K (60%)
10 ms. Memory: 208896K Free: 125601K (60%)
4 ms. Memory: 208896K Free: 123169K (59%)
14 ms. Memory: 208896K Free: 123169K (59%)
/home/travis/build/icyphy/ptII/ptolemy/actor/lib/test/Maximum.tcl
4 ms. Memory: 208896K Free: 120738K (58%)
2 ms. Memory: 208896K Free: 118306K (57%)
1 ms. Memory: 208896K Free: 118306K (57%)
3 ms. Memory: 208896K Free: 118306K (57%)
/home/travis/build/icyphy/ptII/ptolemy/actor/lib/test/Minimum.tcl
9 ms. Memory: 208896K Free: 115875K (55%)
6 ms. Memory: 208896K Free: 115875K (55%)
2 ms. Memory: 208896K Free: 115875K (55%)
2 ms. Memory: 208896K Free: 113443K (54%)
/home/travis/build/icyphy/ptII/ptolemy/actor/lib/test/MultiplyDivide.tcl
8 ms. Memory: 208896K Free: 111012K (53%)
3 ms. Memory: 208896K Free: 111012K (53%)
3 ms. Memory: 208896K Free: 111012K (53%)
2 ms. Memory: 208896K Free: 111012K (53%)
2 ms. Memory: 208896K Free: 108580K (52%)
/home/travis/build/icyphy/ptII/ptolemy/actor/lib/test/OrderedMerge.tcl
Connections changed on port: inputA
Connections changed on port: inputB
Connections changed on port: output
Connections changed on port: output
Connections changed on port: output
Connections changed on port: input
.top. Preinitializing ...
Invoking preinitialize():  .top.OrderedMerge
Called preinitialize()
Invoking preinitialize():  .top.Ramp
Called preinitialize()
Invoking preinitialize():  .top.Ramp2
Called preinitialize()
Invoking preinitialize():  .top.Test
Called preinitialize()
Connections changed on port: inputA
Connections changed on port: output
Connections changed on port: inputB
Connections changed on port: output
Connections changed on port: output
Connections changed on port: input
.top. Finished preinitialize().
Called initialize().
Invoking initialize():  .top.OrderedMerge
Initializing actor: .top.OrderedMerge
Adding a thread: .top.OrderedMerge
Invoking initialize():  .top.Ramp
Initializing actor: .top.Ramp
Adding a thread: .top.Ramp
Invoking initialize():  .top.Ramp2
Initializing actor: .top.Ramp2
Adding a thread: .top.Ramp2
Invoking initialize():  .top.Test
Initializing actor: .top.Test
Adding a thread: .top.Test
-- Starting thread.
Called initialize()
Called prefire()
Called fire()
-- Starting thread.
Called initialize()
Called prefire()
Called fire()
Called postfire()
Called prefire()
Called fire()
-- Starting thread.
Called initialize()
Called prefire()
Called fire()
Called postfire()
Called prefire()
Called fire()
Called fire().
Checking for deadlock:
There are 3 Blocked actors, 0 Stopped actors, and 4 active threads.
Waiting for actors to stop.
-- Starting thread.
Called initialize()
Called prefire()
Called fire()
Checking for deadlock:
There are 2 Blocked actors, 0 Stopped actors, and 4 active threads.
Waiting for actors to stop.
Called postfire()
Called prefire()
Called fire()
Checking for deadlock:
There are 3 Blocked actors, 0 Stopped actors, and 4 active threads.
Waiting for actors to stop.
Read input token from inputA with value 0.0
Next port to read input from is inputB
Called postfire()
Called prefire()
Called fire()
Checking for deadlock:
There are 2 Blocked actors, 0 Stopped actors, and 4 active threads.
Waiting for actors to stop.
Called postfire()
Called prefire()
Called fire()
Checking for deadlock:
There are 3 Blocked actors, 0 Stopped actors, and 4 active threads.
Waiting for actors to stop.
Read input token from inputB with value 0.0
Checking for deadlock:
There are 2 Blocked actors, 0 Stopped actors, and 4 active threads.
Waiting for actors to stop.
-- Read input: 0.0, which is expected to match: 0.0
Called prefire()
Called fire()
Checking for deadlock:
There are 3 Blocked actors, 0 Stopped actors, and 4 active threads.
Waiting for actors to stop.
Sent output token with value 0.0
Next port to read input from is inputA
Called postfire()
Called prefire()
Called fire()
Checking for deadlock:
There are 2 Blocked actors, 0 Stopped actors, and 4 active threads.
Waiting for actors to stop.
Called postfire()
Called prefire()
Called fire()
Checking for deadlock:
There are 3 Blocked actors, 0 Stopped actors, and 4 active threads.
Waiting for actors to stop.
Read input token from inputA with value 1.0
Checking for deadlock:
There are 2 Blocked actors, 0 Stopped actors, and 4 active threads.
Waiting for actors to stop.
-- Read input: 0.0, which is expected to match: 0.0
Called prefire()
Called fire()
Checking for deadlock:
There are 3 Blocked actors, 0 Stopped actors, and 4 active threads.
Waiting for actors to stop.
Sent output token with value 0.0
Next port to read input from is inputB
Called postfire()
Called prefire()
Called fire()
Checking for deadlock:
There are 2 Blocked actors, 0 Stopped actors, and 4 active threads.
Waiting for actors to stop.
Called postfire()
Called prefire()
Called fire()
Checking for deadlock:
There are 3 Blocked actors, 0 Stopped actors, and 4 active threads.
Waiting for actors to stop.
Read input token from inputB with value 1.5
Checking for deadlock:
There are 2 Blocked actors, 0 Stopped actors, and 4 active threads.
Waiting for actors to stop.
-- Read input: 1.0, which is expected to match: 1.0
Called prefire()
Called fire()
Checking for deadlock:
There are 3 Blocked actors, 0 Stopped actors, and 4 active threads.
Waiting for actors to stop.
Sent output token with value 1.0
Next port to read input from is inputA
Called postfire()
Called prefire()
Called fire()
Checking for deadlock:
There are 2 Blocked actors, 0 Stopped actors, and 4 active threads.
Waiting for actors to stop.
Called postfire()
Called prefire()
Called fire()
Checking for deadlock:
There are 3 Blocked actors, 0 Stopped actors, and 4 active threads.
Waiting for actors to stop.
Read input token from inputA with value 2.0
Checking for deadlock:
There are 2 Blocked actors, 0 Stopped actors, and 4 active threads.
Waiting for actors to stop.
-- Read input: 1.5, which is expected to match: 1.5
Called prefire()
Called fire()
Checking for deadlock:
There are 3 Blocked actors, 0 Stopped actors, and 4 active threads.
Waiting for actors to stop.
Sent output token with value 1.5
Next port to read input from is inputB
Called postfire()
Called prefire()
Called fire()
Checking for deadlock:
There are 2 Blocked actors, 0 Stopped actors, and 4 active threads.
Waiting for actors to stop.
Called postfire()
Called prefire()
Called fire()
Checking for deadlock:
There are 3 Blocked actors, 0 Stopped actors, and 4 active threads.
Waiting for actors to stop.
Read input token from inputB with value 3.0
Checking for deadlock:
There are 2 Blocked actors, 0 Stopped actors, and 4 active threads.
Waiting for actors to stop.
-- Read input: 2.0, which is expected to match: 2.0
Called prefire()
Called fire()
Checking for deadlock:
There are 3 Blocked actors, 0 Stopped actors, and 4 active threads.
Waiting for actors to stop.
Sent output token with value 2.0
Next port to read input from is inputA
Called postfire()
Called prefire()
Called fire()
Checking for deadlock:
There are 2 Blocked actors, 0 Stopped actors, and 4 active threads.
Waiting for actors to stop.
Called postfire()
Called prefire()
Called fire()
Checking for deadlock:
There are 3 Blocked actors, 0 Stopped actors, and 4 active threads.
Waiting for actors to stop.
Read input token from inputA with value 3.0
Checking for deadlock:
There are 2 Blocked actors, 0 Stopped actors, and 4 active threads.
Waiting for actors to stop.
-- Read input: 3.0, which is expected to match: 3.0
Called prefire()
Called fire()
Checking for deadlock:
There are 3 Blocked actors, 0 Stopped actors, and 4 active threads.
Waiting for actors to stop.
Sent output token with value 3.0
Next port to read input from is inputB
Called postfire()
Called prefire()
Called fire()
Checking for deadlock:
There are 2 Blocked actors, 0 Stopped actors, and 4 active threads.
Waiting for actors to stop.
Called postfire()
Called prefire()
Called fire()
Checking for deadlock:
There are 3 Blocked actors, 0 Stopped actors, and 4 active threads.
Waiting for actors to stop.
Read input token from inputB with value 4.5
Checking for deadlock:
There are 2 Blocked actors, 0 Stopped actors, and 4 active threads.
Waiting for actors to stop.
-- Read input: 3.0, which is expected to match: 3.0
Called prefire()
Called fire()
Checking for deadlock:
There are 3 Blocked actors, 0 Stopped actors, and 4 active threads.
Waiting for actors to stop.
Sent output token with value 3.0
Next port to read input from is inputA
Called postfire()
Called prefire()
Called fire()
Checking for deadlock:
There are 2 Blocked actors, 0 Stopped actors, and 4 active threads.
Waiting for actors to stop.
Called postfire()
Called prefire()
Called fire()
Checking for deadlock:
There are 3 Blocked actors, 0 Stopped actors, and 4 active threads.
Waiting for actors to stop.
Read input token from inputA with value 4.0
Checking for deadlock:
There are 2 Blocked actors, 0 Stopped actors, and 4 active threads.
Waiting for actors to stop.
-- Read input: 4.0, which is expected to match: 4.0
Called prefire()
Called fire()
Past the end of training data. Read and discard all inputs.
Checking for deadlock:
There are 3 Blocked actors, 0 Stopped actors, and 4 active threads.
Waiting for actors to stop.
Sent output token with value 4.0
Next port to read input from is inputA
Called postfire()
Called prefire()
Called fire()
Checking for deadlock:
There are 2 Blocked actors, 0 Stopped actors, and 4 active threads.
Waiting for actors to stop.
Called postfire()
Called prefire()
Called fire()
Checking for deadlock:
There are 3 Blocked actors, 0 Stopped actors, and 4 active threads.
Waiting for actors to stop.
Read input token from inputA with value 5.0
Checking for deadlock:
There are 2 Blocked actors, 0 Stopped actors, and 4 active threads.
Waiting for actors to stop.
Called prefire()
Called fire()
Past the end of training data. Read and discard all inputs.
Checking for deadlock:
There are 3 Blocked actors, 0 Stopped actors, and 4 active threads.
Waiting for actors to stop.
Sent output token with value 4.5
Next port to read input from is inputB
Called postfire()
Called prefire()
Called fire()
Checking for deadlock:
There are 2 Blocked actors, 0 Stopped actors, and 4 active threads.
Waiting for actors to stop.
Called postfire()
Called prefire()
Called fire()
Checking for deadlock:
There are 3 Blocked actors, 0 Stopped actors, and 4 active threads.
Waiting for actors to stop.
Read input token from inputB with value 6.0
Checking for deadlock:
There are 2 Blocked actors, 0 Stopped actors, and 4 active threads.
Waiting for actors to stop.
Called prefire()
Called fire()
Past the end of training data. Read and discard all inputs.
Checking for deadlock:
There are 3 Blocked actors, 0 Stopped actors, and 4 active threads.
Waiting for actors to stop.
Sent output token with value 5.0
Next port to read input from is inputA
Called postfire()
Called prefire()
Called fire()
Checking for deadlock:
There are 2 Blocked actors, 0 Stopped actors, and 4 active threads.
Waiting for actors to stop.
Called postfire()
Called prefire()
Called fire()
Checking for deadlock:
There are 3 Blocked actors, 0 Stopped actors, and 4 active threads.
Waiting for actors to stop.
Read input token from inputA with value 6.0
Checking for deadlock:
There are 2 Blocked actors, 0 Stopped actors, and 4 active threads.
Waiting for actors to stop.
Called prefire()
Called fire()
Past the end of training data. Read and discard all inputs.
Checking for deadlock:
There are 3 Blocked actors, 0 Stopped actors, and 4 active threads.
Waiting for actors to stop.
Sent output token with value 6.0
Next port to read input from is inputB
Called postfire()
Called prefire()
Called fire()
Checking for deadlock:
There are 2 Blocked actors, 0 Stopped actors, and 4 active threads.
Waiting for actors to stop.
Called postfire()
Called prefire()
Called fire()
Checking for deadlock:
There are 3 Blocked actors, 0 Stopped actors, and 4 active threads.
Waiting for actors to stop.
Read input token from inputB with value 7.5
Checking for deadlock:
There are 2 Blocked actors, 0 Stopped actors, and 4 active threads.
Waiting for actors to stop.
Called prefire()
Called fire()
Past the end of training data. Read and discard all inputs.
Checking for deadlock:
There are 3 Blocked actors, 0 Stopped actors, and 4 active threads.
Waiting for actors to stop.
Sent output token with value 6.0
Next port to read input from is inputA
Called postfire()
Called prefire()
Called fire()
Checking for deadlock:
There are 2 Blocked actors, 0 Stopped actors, and 4 active threads.
Waiting for actors to stop.
Called postfire()
Called prefire()
Called fire()
Checking for deadlock:
There are 3 Blocked actors, 0 Stopped actors, and 4 active threads.
Waiting for actors to stop.
Read input token from inputA with value 7.0
Checking for deadlock:
There are 2 Blocked actors, 0 Stopped actors, and 4 active threads.
Waiting for actors to stop.
Called prefire()
Called fire()
Past the end of training data. Read and discard all inputs.
Checking for deadlock:
There are 3 Blocked actors, 0 Stopped actors, and 4 active threads.
Waiting for actors to stop.
Sent output token with value 7.0
Next port to read input from is inputA
Called postfire()
Called prefire()
Called fire()
Checking for deadlock:
There are 2 Blocked actors, 0 Stopped actors, and 4 active threads.
Waiting for actors to stop.
-- Thread wrapup() called.
Called wrapup()
Thread .top.Ramp is exiting.
-- Thread stopped.
Checking for deadlock:
There are 2 Blocked actors, 0 Stopped actors, and 3 active threads.
Waiting for actors to stop.
Read input token from inputA with value 8.0
Checking for deadlock:
There are 1 Blocked actors, 0 Stopped actors, and 3 active threads.
Waiting for actors to stop.
Called prefire()
Called fire()
Past the end of training data. Read and discard all inputs.
Checking for deadlock:
There are 2 Blocked actors, 0 Stopped actors, and 3 active threads.
Waiting for actors to stop.
Sent output token with value 7.5
Next port to read input from is inputB
Called postfire()
Called prefire()
Called fire()
Checking for deadlock:
There are 1 Blocked actors, 0 Stopped actors, and 3 active threads.
Waiting for actors to stop.
Called postfire()
Called prefire()
Called fire()
Checking for deadlock:
There are 2 Blocked actors, 0 Stopped actors, and 3 active threads.
Waiting for actors to stop.
Read input token from inputB with value 9.0
Checking for deadlock:
There are 1 Blocked actors, 0 Stopped actors, and 3 active threads.
Waiting for actors to stop.
Called prefire()
Called fire()
Past the end of training data. Read and discard all inputs.
Checking for deadlock:
There are 2 Blocked actors, 0 Stopped actors, and 3 active threads.
Waiting for actors to stop.
Sent output token with value 8.0
Next port to read input from is inputA
Called postfire()
Called prefire()
Called fire()
Read input token from inputA with value 9.0
Checking for deadlock:
There are 1 Blocked actors, 0 Stopped actors, and 3 active threads.
Waiting for actors to stop.
Called prefire()
Called fire()
Past the end of training data. Read and discard all inputs.
Checking for deadlock:
There are 2 Blocked actors, 0 Stopped actors, and 3 active threads.
Waiting for actors to stop.
Sent output token with value 9.0
Next port to read input from is inputB
Called postfire()
Called prefire()
Called fire()
Checking for deadlock:
There are 1 Blocked actors, 0 Stopped actors, and 3 active threads.
Waiting for actors to stop.
Called postfire()
Called prefire()
Called fire()
Checking for deadlock:
There are 2 Blocked actors, 0 Stopped actors, and 3 active threads.
Waiting for actors to stop.
Read input token from inputB with value 10.5
Checking for deadlock:
There are 1 Blocked actors, 0 Stopped actors, and 3 active threads.
Waiting for actors to stop.
Called prefire()
Called fire()
Past the end of training data. Read and discard all inputs.
Checking for deadlock:
There are 2 Blocked actors, 0 Stopped actors, and 3 active threads.
Waiting for actors to stop.
Sent output token with value 9.0
Next port to read input from is inputA
Called postfire()
Called prefire()
Called fire()
Checking for deadlock:
There are 3 Blocked actors, 0 Stopped actors, and 3 active threads.
Actors have stopped.
Checking for deadlock:
There are 3 Blocked actors, 0 Stopped actors, and 3 active threads.
Deadlock detected.
Resolving Deadlock
Checking for deadlock:
There are 3 Blocked actors, 0 Stopped actors, and 3 active threads.
Artificial Deadlock - increasing queue capacity.
increasing the capacity of receiver ptolemy.actor.TypedIOPort {.top.OrderedMerge.inputB} to 2
Director: Called postfire().
Called postfire().
_stopRequested = false
_stopFireRequested = false
Returning from postfire(): true
Called fire().
Checking for deadlock:
There are 2 Blocked actors, 0 Stopped actors, and 3 active threads.
Waiting for actors to stop.
-- Thread wrapup() called.
Called wrapup()
Thread .top.Ramp2 is exiting.
-- Thread stopped.
Checking for deadlock:
There are 2 Blocked actors, 0 Stopped actors, and 2 active threads.
Actors have stopped.
Checking for deadlock:
There are 2 Blocked actors, 0 Stopped actors, and 2 active threads.
Deadlock detected.
Resolving Deadlock
Checking for deadlock:
There are 2 Blocked actors, 0 Stopped actors, and 2 active threads.
Deadlock detected: no processes blocked on write, but some are blocked on read.
Called postfire().
_stopRequested = false
_stopFireRequested = false
Returning from postfire(): false
Finished deactivating branches.
Called wrapup().
-- Thread wrapup() called.
Called wrapup()
Thread .top.Test is exiting.
-- Thread stopped.
-- Blocked Receiver call threw TerminateProcessException.
-- Thread wrapup() called.
Called wrapup()
Thread .top.OrderedMerge is exiting.
25 ms. Memory: 208896K Free: 101233K (48%)
.top. Preinitializing ...
Invoking preinitialize():  .top.OrderedMerge
Called preinitialize()
Invoking preinitialize():  .top.Ramp
Called preinitialize()
Invoking preinitialize():  .top.Ramp2
Called preinitialize()
Invoking preinitialize():  .top.Test
Called preinitialize()
.top. Finished preinitialize().
Called initialize().
Invoking initialize():  .top.OrderedMerge
Initializing actor: .top.OrderedMerge
Adding a thread: .top.OrderedMerge
Invoking initialize():  .top.Ramp
Initializing actor: .top.Ramp
Adding a thread: .top.Ramp
Invoking initialize():  .top.Ramp2
Initializing actor: .top.Ramp2
Adding a thread: .top.Ramp2
Invoking initialize():  .top.Test
Initializing actor: .top.Test
Adding a thread: .top.Test
-- Thread stopped.
-- Blocked Receiver call threw TerminateProcessException.
-- Starting thread.
Called initialize()
Called prefire()
Called fire()
-- Starting thread.
Called initialize()
Called prefire()
Called fire()
Called postfire()
Called prefire()
Called fire()
-- Starting thread.
Called initialize()
Called prefire()
Called fire()
Called postfire()
Called prefire()
Called fire()
Called fire().
Checking for deadlock:
There are 3 Blocked actors, 0 Stopped actors, and 4 active threads.
Waiting for actors to stop.
-- Starting thread.
Called initialize()
Called prefire()
Called fire()
Checking for deadlock:
There are 2 Blocked actors, 0 Stopped actors, and 4 active threads.
Waiting for actors to stop.
Called postfire()
Called prefire()
Called fire()
Checking for deadlock:
There are 3 Blocked actors, 0 Stopped actors, and 4 active threads.
Waiting for actors to stop.
Read input token from inputA with value 0.0
Next port to read input from is inputB
Called postfire()
Called prefire()
Called fire()
Checking for deadlock:
There are 2 Blocked actors, 0 Stopped actors, and 4 active threads.
Waiting for actors to stop.
Called postfire()
Called prefire()
Called fire()
Checking for deadlock:
There are 3 Blocked actors, 0 Stopped actors, and 4 active threads.
Waiting for actors to stop.
Read input token from inputB with value 0.0
Checking for deadlock:
There are 2 Blocked actors, 0 Stopped actors, and 4 active threads.
Waiting for actors to stop.
-- Read input: 0.0, which is expected to match: 0.0
Called prefire()
Called fire()
Checking for deadlock:
There are 3 Blocked actors, 0 Stopped actors, and 4 active threads.
Waiting for actors to stop.
Sent output token with value 0.0
Next port to read input from is inputA
Called postfire()
Called prefire()
Called fire()
Checking for deadlock:
There are 2 Blocked actors, 0 Stopped actors, and 4 active threads.
Waiting for actors to stop.
Called postfire()
Called prefire()
Called fire()
Checking for deadlock:
There are 3 Blocked actors, 0 Stopped actors, and 4 active threads.
Waiting for actors to stop.
Read input token from inputA with value 1.0
Checking for deadlock:
There are 2 Blocked actors, 0 Stopped actors, and 4 active threads.
Waiting for actors to stop.
-- Read input: 0.0, which is expected to match: 0.0
Called prefire()
Called fire()
Checking for deadlock:
There are 3 Blocked actors, 0 Stopped actors, and 4 active threads.
Waiting for actors to stop.
Sent output token with value 0.0
Next port to read input from is inputB
Called postfire()
Called prefire()
Called fire()
Checking for deadlock:
There are 2 Blocked actors, 0 Stopped actors, and 4 active threads.
Waiting for actors to stop.
Called postfire()
Called prefire()
Called fire()
Checking for deadlock:
There are 3 Blocked actors, 0 Stopped actors, and 4 active threads.
Waiting for actors to stop.
Read input token from inputB with value 1.5
Checking for deadlock:
There are 2 Blocked actors, 0 Stopped actors, and 4 active threads.
Waiting for actors to stop.
-- Read input: 1.0, which is expected to match: 1.0
Called prefire()
Called fire()
Checking for deadlock:
There are 3 Blocked actors, 0 Stopped actors, and 4 active threads.
Waiting for actors to stop.
Sent output token with value 1.0
Next port to read input from is inputA
Called postfire()
Called prefire()
Called fire()
Checking for deadlock:
There are 2 Blocked actors, 0 Stopped actors, and 4 active threads.
Waiting for actors to stop.
Called postfire()
Called prefire()
Called fire()
Checking for deadlock:
There are 3 Blocked actors, 0 Stopped actors, and 4 active threads.
Waiting for actors to stop.
Read input token from inputA with value 2.0
Checking for deadlock:
There are 2 Blocked actors, 0 Stopped actors, and 4 active threads.
Waiting for actors to stop.
-- Read input: 1.5, which is expected to match: 1.5
Called prefire()
Called fire()
Checking for deadlock:
There are 3 Blocked actors, 0 Stopped actors, and 4 active threads.
Waiting for actors to stop.
Sent output token with value 1.5
Next port to read input from is inputB
Called postfire()
Called prefire()
Called fire()
Checking for deadlock:
There are 2 Blocked actors, 0 Stopped actors, and 4 active threads.
Waiting for actors to stop.
Called postfire()
Called prefire()
Called fire()
Checking for deadlock:
There are 3 Blocked actors, 0 Stopped actors, and 4 active threads.
Waiting for actors to stop.
Read input token from inputB with value 3.0
Checking for deadlock:
There are 2 Blocked actors, 0 Stopped actors, and 4 active threads.
Waiting for actors to stop.
-- Read input: 2.0, which is expected to match: 2.0
Called prefire()
Called fire()
Checking for deadlock:
There are 3 Blocked actors, 0 Stopped actors, and 4 active threads.
Waiting for actors to stop.
Sent output token with value 2.0
Next port to read input from is inputA
Called postfire()
Called prefire()
Called fire()
Checking for deadlock:
There are 2 Blocked actors, 0 Stopped actors, and 4 active threads.
Waiting for actors to stop.
Called postfire()
Called prefire()
Called fire()
Read input token from inputA with value 3.0
Checking for deadlock:
There are 3 Blocked actors, 0 Stopped actors, and 4 active threads.
Waiting for actors to stop.
Checking for deadlock:
There are 2 Blocked actors, 0 Stopped actors, and 4 active threads.
Waiting for actors to stop.
-- Read input: 3.0, which is expected to match: 3.0
Called prefire()
Called fire()
Checking for deadlock:
There are 3 Blocked actors, 0 Stopped actors, and 4 active threads.
Waiting for actors to stop.
Sent output token with value 3.0
Next port to read input from is inputB
Called postfire()
Called prefire()
Called fire()
Checking for deadlock:
There are 2 Blocked actors, 0 Stopped actors, and 4 active threads.
Waiting for actors to stop.
Called postfire()
Called prefire()
Called fire()
Checking for deadlock:
There are 3 Blocked actors, 0 Stopped actors, and 4 active threads.
Waiting for actors to stop.
Read input token from inputB with value 4.5
Checking for deadlock:
There are 2 Blocked actors, 0 Stopped actors, and 4 active threads.
Waiting for actors to stop.
-- Read input: 3.0, which is expected to match: 3.0
Called prefire()
Called fire()
Checking for deadlock:
There are 3 Blocked actors, 0 Stopped actors, and 4 active threads.
Waiting for actors to stop.
Sent output token with value 3.0
Next port to read input from is inputA
Called postfire()
Called prefire()
Called fire()
Checking for deadlock:
There are 2 Blocked actors, 0 Stopped actors, and 4 active threads.
Waiting for actors to stop.
Called postfire()
Called prefire()
Called fire()
Checking for deadlock:
There are 3 Blocked actors, 0 Stopped actors, and 4 active threads.
Waiting for actors to stop.
Read input token from inputA with value 4.0
Checking for deadlock:
There are 2 Blocked actors, 0 Stopped actors, and 4 active threads.
Waiting for actors to stop.
-- Read input: 4.0, which is expected to match: 4.0
Called prefire()
Called fire()
Past the end of training data. Read and discard all inputs.
Checking for deadlock:
There are 3 Blocked actors, 0 Stopped actors, and 4 active threads.
Waiting for actors to stop.
Sent output token with value 4.0
Next port to read input from is inputA
Called postfire()
Called prefire()
Called fire()
Checking for deadlock:
There are 2 Blocked actors, 0 Stopped actors, and 4 active threads.
Waiting for actors to stop.
Called postfire()
Called prefire()
Called fire()
Checking for deadlock:
There are 3 Blocked actors, 0 Stopped actors, and 4 active threads.
Waiting for actors to stop.
Read input token from inputA with value 5.0
Checking for deadlock:
There are 2 Blocked actors, 0 Stopped actors, and 4 active threads.
Waiting for actors to stop.
Called prefire()
Called fire()
Past the end of training data. Read and discard all inputs.
Checking for deadlock:
There are 3 Blocked actors, 0 Stopped actors, and 4 active threads.
Waiting for actors to stop.
Sent output token with value 4.5
Next port to read input from is inputB
Called postfire()
Called prefire()
Called fire()
Checking for deadlock:
There are 2 Blocked actors, 0 Stopped actors, and 4 active threads.
Waiting for actors to stop.
Called postfire()
Called prefire()
Called fire()
Checking for deadlock:
There are 3 Blocked actors, 0 Stopped actors, and 4 active threads.
Waiting for actors to stop.
Read input token from inputB with value 6.0
Checking for deadlock:
There are 2 Blocked actors, 0 Stopped actors, and 4 active threads.
Waiting for actors to stop.
Called prefire()
Called fire()
Past the end of training data. Read and discard all inputs.
Checking for deadlock:
There are 3 Blocked actors, 0 Stopped actors, and 4 active threads.
Waiting for actors to stop.
Sent output token with value 5.0
Next port to read input from is inputA
Called postfire()
Called prefire()
Called fire()
Checking for deadlock:
There are 2 Blocked actors, 0 Stopped actors, and 4 active threads.
Waiting for actors to stop.
Called postfire()
Called prefire()
Called fire()
Checking for deadlock:
There are 3 Blocked actors, 0 Stopped actors, and 4 active threads.
Waiting for actors to stop.
Read input token from inputA with value 6.0
Checking for deadlock:
There are 2 Blocked actors, 0 Stopped actors, and 4 active threads.
Waiting for actors to stop.
Called prefire()
Called fire()
Past the end of training data. Read and discard all inputs.
Checking for deadlock:
There are 3 Blocked actors, 0 Stopped actors, and 4 active threads.
Waiting for actors to stop.
Sent output token with value 6.0
Next port to read input from is inputB
Called postfire()
Called prefire()
Called fire()
Checking for deadlock:
There are 2 Blocked actors, 0 Stopped actors, and 4 active threads.
Waiting for actors to stop.
Called postfire()
Called prefire()
Called fire()
Checking for deadlock:
There are 3 Blocked actors, 0 Stopped actors, and 4 active threads.
Waiting for actors to stop.
Read input token from inputB with value 7.5
Checking for deadlock:
There are 2 Blocked actors, 0 Stopped actors, and 4 active threads.
Waiting for actors to stop.
Called prefire()
Called fire()
Past the end of training data. Read and discard all inputs.
Checking for deadlock:
There are 3 Blocked actors, 0 Stopped actors, and 4 active threads.
Waiting for actors to stop.
Sent output token with value 6.0
Next port to read input from is inputA
Called postfire()
Called prefire()
Called fire()
Checking for deadlock:
There are 2 Blocked actors, 0 Stopped actors, and 4 active threads.
Waiting for actors to stop.
Called postfire()
Called prefire()
Called fire()
Checking for deadlock:
There are 3 Blocked actors, 0 Stopped actors, and 4 active threads.
Waiting for actors to stop.
Read input token from inputA with value 7.0
Checking for deadlock:
There are 2 Blocked actors, 0 Stopped actors, and 4 active threads.
Waiting for actors to stop.
Called prefire()
Called fire()
Past the end of training data. Read and discard all inputs.
Checking for deadlock:
There are 3 Blocked actors, 0 Stopped actors, and 4 active threads.
Waiting for actors to stop.
Sent output token with value 7.0
Next port to read input from is inputA
Called postfire()
Called prefire()
Called fire()
Checking for deadlock:
There are 2 Blocked actors, 0 Stopped actors, and 4 active threads.
Waiting for actors to stop.
-- Thread wrapup() called.
Called wrapup()
Thread .top.Ramp is exiting.
Checking for deadlock:
There are 2 Blocked actors, 0 Stopped actors, and 3 active threads.
Waiting for actors to stop.
-- Thread stopped.
Read input token from inputA with value 8.0
Checking for deadlock:
There are 1 Blocked actors, 0 Stopped actors, and 3 active threads.
Waiting for actors to stop.
Called prefire()
Called fire()
Past the end of training data. Read and discard all inputs.
Checking for deadlock:
There are 2 Blocked actors, 0 Stopped actors, and 3 active threads.
Waiting for actors to stop.
Sent output token with value 7.5
Next port to read input from is inputB
Called postfire()
Called prefire()
Called fire()
Checking for deadlock:
There are 1 Blocked actors, 0 Stopped actors, and 3 active threads.
Waiting for actors to stop.
Called postfire()
Called prefire()
Called fire()
Checking for deadlock:
There are 2 Blocked actors, 0 Stopped actors, and 3 active threads.
Waiting for actors to stop.
Read input token from inputB with value 9.0
Checking for deadlock:
There are 1 Blocked actors, 0 Stopped actors, and 3 active threads.
Waiting for actors to stop.
Called prefire()
Called fire()
Past the end of training data. Read and discard all inputs.
Checking for deadlock:
There are 2 Blocked actors, 0 Stopped actors, and 3 active threads.
Waiting for actors to stop.
Sent output token with value 8.0
Next port to read input from is inputA
Called postfire()
Called prefire()
Called fire()
Read input token from inputA with value 9.0
Checking for deadlock:
There are 1 Blocked actors, 0 Stopped actors, and 3 active threads.
Waiting for actors to stop.
Called prefire()
Called fire()
Past the end of training data. Read and discard all inputs.
Checking for deadlock:
There are 2 Blocked actors, 0 Stopped actors, and 3 active threads.
Waiting for actors to stop.
Sent output token with value 9.0
Next port to read input from is inputB
Called postfire()
Called prefire()
Called fire()
Checking for deadlock:
There are 1 Blocked actors, 0 Stopped actors, and 3 active threads.
Waiting for actors to stop.
Called postfire()
Called prefire()
Called fire()
Checking for deadlock:
There are 2 Blocked actors, 0 Stopped actors, and 3 active threads.
Waiting for actors to stop.
Read input token from inputB with value 10.5
Checking for deadlock:
There are 1 Blocked actors, 0 Stopped actors, and 3 active threads.
Waiting for actors to stop.
Called prefire()
Called fire()
Past the end of training data. Read and discard all inputs.
Checking for deadlock:
There are 2 Blocked actors, 0 Stopped actors, and 3 active threads.
Waiting for actors to stop.
Sent output token with value 9.0
Next port to read input from is inputA
Called postfire()
Called prefire()
Called fire()
Checking for deadlock:
There are 3 Blocked actors, 0 Stopped actors, and 3 active threads.
Actors have stopped.
Checking for deadlock:
There are 3 Blocked actors, 0 Stopped actors, and 3 active threads.
Deadlock detected.
Resolving Deadlock
Checking for deadlock:
There are 3 Blocked actors, 0 Stopped actors, and 3 active threads.
Artificial Deadlock - increasing queue capacity.
increasing the capacity of receiver ptolemy.actor.TypedIOPort {.top.OrderedMerge.inputB} to 2
Director: Called postfire().
Called postfire().
_stopRequested = false
_stopFireRequested = false
Returning from postfire(): true
Called fire().
Checking for deadlock:
There are 2 Blocked actors, 0 Stopped actors, and 3 active threads.
Waiting for actors to stop.
-- Thread wrapup() called.
Called wrapup()
Thread .top.Ramp2 is exiting.
-- Thread stopped.
Checking for deadlock:
There are 2 Blocked actors, 0 Stopped actors, and 2 active threads.
Actors have stopped.
Checking for deadlock:
There are 2 Blocked actors, 0 Stopped actors, and 2 active threads.
Deadlock detected.
Resolving Deadlock
Checking for deadlock:
There are 2 Blocked actors, 0 Stopped actors, and 2 active threads.
Deadlock detected: no processes blocked on write, but some are blocked on read.
Called postfire().
_stopRequested = false
_stopFireRequested = false
Returning from postfire(): false
Finished deactivating branches.
Called wrapup().
-- Thread wrapup() called.
Called wrapup()
Thread .top.Test is exiting.
-- Thread stopped.
-- Blocked Receiver call threw TerminateProcessException.
-- Thread wrapup() called.
Called wrapup()
Thread .top.OrderedMerge is exiting.
14 ms. Memory: 208896K Free: 96318K (46%)
/home/travis/build/icyphy/ptII/ptolemy/actor/lib/test/Publisher.tcl
-- Thread stopped.
-- Blocked Receiver call threw TerminateProcessException.
24 ms. Memory: 208896K Free: 88991K (43%)
4 ms. Memory: 208896K Free: 84128K (40%)
2 ms. Memory: 208896K Free: 80875K (39%)
21 ms. Memory: 208896K Free: 200241K (96%)
7 ms. Memory: 208896K Free: 200022K (96%)
10 ms. Memory: 208896K Free: 200022K (96%)
2 ms. Memory: 208896K Free: 197630K (95%)
11 ms. Memory: 208896K Free: 197630K (95%)
1 ms. Memory: 208896K Free: 188064K (90%)
3 ms. Memory: 208896K Free: 185673K (89%)
2 ms. Memory: 208896K Free: 183282K (88%)
1 ms. Memory: 208896K Free: 180890K (87%)
6 ms. Memory: 208896K Free: 173716K (83%)
14 ms. Memory: 208896K Free: 164150K (79%)
14 ms. Memory: 208896K Free: 152193K (73%)
/home/travis/build/icyphy/ptII/ptolemy/actor/lib/test/Pulse.tcl
4 ms. Memory: 208896K Free: 109059K (52%)
6 ms. Memory: 208896K Free: 109059K (52%)
2 ms. Memory: 208896K Free: 109059K (52%)
2 ms. Memory: 208896K Free: 106667K (51%)
1 ms. Memory: 208896K Free: 106667K (51%)
2 ms. Memory: 208896K Free: 106667K (51%)
2 ms. Memory: 208896K Free: 104276K (50%)
2 ms. Memory: 208896K Free: 104276K (50%)
1 ms. Memory: 208896K Free: 104276K (50%)
/home/travis/build/icyphy/ptII/ptolemy/actor/lib/test/Ramp.tcl
2 ms. Memory: 208896K Free: 101858K (49%)
1 ms. Memory: 208896K Free: 101858K (49%)
2 ms. Memory: 208896K Free: 99451K (48%)
2 ms. Memory: 208896K Free: 99451K (48%)
8 ms. Memory: 208896K Free: 99451K (48%)
4 ms. Memory: 208896K Free: 97043K (46%)
13 ms. Memory: 208896K Free: 97043K (46%)
5 actors
6000 microseconds per iteration to create
10 ms. Memory: 208896K Free: 94636K (45%)
2 ms. Memory: 208896K Free: 92244K (44%)
2 ms. Memory: 208896K Free: 92244K (44%)
1 ms. Memory: 208896K Free: 92244K (44%)
50 actors
25000 microseconds per iteration to create
48 ms. Memory: 332288K Free: 319134K (96%)
12 ms. Memory: 332288K Free: 319134K (96%)
5 ms. Memory: 332288K Free: 319134K (96%)
18 ms. Memory: 332288K Free: 314311K (95%)
500 actors
1338000 microseconds per iteration to create
251 ms. Memory: 332288K Free: 150084K (45%)
47 ms. Memory: 332288K Free: 145261K (44%)
47 ms. Memory: 332288K Free: 140438K (42%)
56 ms. Memory: 332288K Free: 135615K (41%)
/home/travis/build/icyphy/ptII/ptolemy/actor/lib/test/RampContinuous.tcl
8 ms. Memory: 332288K Free: 135615K (41%)
/home/travis/build/icyphy/ptII/ptolemy/actor/lib/test/RecordAssembler.tcl
6 ms. Memory: 332288K Free: 130776K (39%)
3 ms. Memory: 332288K Free: 130776K (39%)
/home/travis/build/icyphy/ptII/ptolemy/actor/lib/test/RecordDisassembler.tcl
7 ms. Memory: 332288K Free: 130776K (39%)
4 ms. Memory: 332288K Free: 130776K (39%)
6 ms. Memory: 332288K Free: 125954K (38%)
/home/travis/build/icyphy/ptII/ptolemy/actor/lib/test/Scale.tcl
3 ms. Memory: 332288K Free: 125954K (38%)
1 ms. Memory: 332288K Free: 125954K (38%)
1 ms. Memory: 332288K Free: 125954K (38%)
3 ms. Memory: 332288K Free: 125954K (38%)
7 ms. Memory: 332288K Free: 121123K (36%)
/home/travis/build/icyphy/ptII/ptolemy/actor/lib/test/SequentialClock.tcl
preinitializing
resolving types
initializing
executing number 1
wrapping up
idle
4 ms. Memory: 332288K Free: 121123K (36%)
Completed execution with 5 iterations
preinitializing
resolving types
initializing
executing number 1
wrapping up
idle
1 ms. Memory: 332288K Free: 121123K (36%)
Completed execution with 5 iterations
preinitializing
resolving types
initializing
executing number 1
wrapping up
idle
2 ms. Memory: 332288K Free: 121123K (36%)
Completed execution with 5 iterations
/home/travis/build/icyphy/ptII/ptolemy/actor/lib/test/SetVariable.tcl
5 ms. Memory: 332288K Free: 121123K (36%)
/home/travis/build/icyphy/ptII/ptolemy/actor/lib/test/Sinewave.tcl
/home/travis/build/icyphy/ptII/ptolemy/actor/lib/test/SubscriptionAggregator.tcl
10 ms. Memory: 332288K Free: 106654K (32%)
3 ms. Memory: 332288K Free: 106654K (32%)
1 ms. Memory: 332288K Free: 101815K (31%)
0 ms. Memory: 332288K Free: 101815K (31%)
1 ms. Memory: 332288K Free: 101815K (31%)
3 ms. Memory: 332288K Free: 96992K (29%)
...............................................................889 ms. Memory: 479232K Free: 202183K (42%)
/home/travis/build/icyphy/ptII/ptolemy/actor/lib/test/Test.tcl
 The next command will produce a warning about training mode,
   which may be ignored.
4 ms. Memory: 479232K Free: 202183K (42%)
2 ms. Memory: 479232K Free: 202183K (42%)
1 ms. Memory: 479232K Free: 202183K (42%)
1 ms. Memory: 479232K Free: 202183K (42%)
2 ms. Memory: 479232K Free: 202183K (42%)
2 ms. Memory: 479232K Free: 202183K (42%)
3 ms. Memory: 479232K Free: 202183K (42%)
 The next command will produce a warning about training mode,
   which may be ignored.
14 ms. Memory: 479232K Free: 194426K (41%)
 The next command will produce a warning about training mode,
   which may be ignored.
2 ms. Memory: 479232K Free: 194426K (41%)
0 ms. Memory: 479232K Free: 194426K (41%)
1 ms. Memory: 479232K Free: 194426K (41%)
2 ms. Memory: 479232K Free: 194426K (41%)
2 ms. Memory: 479232K Free: 194426K (41%)
5 ms. Memory: 479232K Free: 186664K (39%)
/home/travis/build/icyphy/ptII/ptolemy/actor/lib/test/TestExceptionHandler.tcl
 The next command will produce a warning about training mode,
   which may be ignored.
2 ms. Memory: 479232K Free: 186664K (39%)
1 ms. Memory: 479232K Free: 186664K (39%)
0 ms. Memory: 479232K Free: 186664K (39%)
/home/travis/build/icyphy/ptII/ptolemy/actor/lib/test/UnionDisassembler.tcl
22 ms. Memory: 479232K Free: 178901K (37%)
/home/travis/build/icyphy/ptII/ptolemy/actor/lib/test/VariableClock.tcl
preinitializing
resolving types
initializing
executing number 1
wrapping up
idle
3 ms. Memory: 479232K Free: 178901K (37%)
Completed execution with 11 iterations
preinitializing
resolving types
initializing
executing number 1
wrapping up
idle
10 ms. Memory: 479232K Free: 171138K (36%)
Completed execution with 10 iterations
07/16/18 01:36:46
Failed: 0  Total Tests: 234  ((Passed: 234, Newly Passed: 0)  Known Failed: 0) /home/travis/build/icyphy/ptII/ptolemy/actor/lib/test
----------------- testing (KnownFailure) /home/travis/build/icyphy/ptII/ptolemy/actor/lib/test/auto/knownFailedTests/PublisherPortToplevelSubscriber.xml
1 ms. Memory: 479232K Free: 163325K (34%)
Known Failure: java.lang.reflect.InvocationTargetException
----------------- testing (KnownFailure) /home/travis/build/icyphy/ptII/ptolemy/actor/lib/test/auto/knownFailedTests/PublisherSubscriberPortToplevel.xml
1 ms. Memory: 479232K Free: 147698K (31%)
Known Failure: java.lang.reflect.InvocationTargetException
----------------- testing (KnownFailure) /home/travis/build/icyphy/ptII/ptolemy/actor/lib/test/auto/knownFailedTests/PublisherSubscriptionAggregatorPort.xml
2 ms. Memory: 479232K Free: 132072K (28%)
Known Failure: java.lang.reflect.InvocationTargetException
----------------- testing (KnownFailure) /home/travis/build/icyphy/ptII/ptolemy/actor/lib/test/auto/knownFailedTests/sizedarray3.xml
4 ms. Memory: 479232K Free: 116445K (24%)
Known Failure: java.lang.reflect.InvocationTargetException
No auto/linux-amd64/*.xml tests in /home/travis/build/icyphy/ptII/ptolemy/actor/lib/test
AutoTests.java: About to close Vertx.
AutoTests.java: Vertx closed.

===========================================================================================
----------------- testing Mon Jul 16 01:36:47 UTC 2018 /home/travis/build/icyphy/ptII/ptolemy/actor/lib/test/auto/AbsoluteValue.xml
----------------- Instantiating /home/travis/build/icyphy/ptII/ptolemy/actor/lib/test/auto/AbsoluteValue.xml
5 ms. Memory: 481792K Free: 416848K (87%)
----------------- Invoking toplevel() on ptolemy.moml.MoMLSimpleApplication@b537344
----------------- Done invoking toplevel() on ptolemy.moml.MoMLSimpleApplication@b537344
reloadAllAccessors: .AbsoluteValue

===========================================================================================
----------------- testing Mon Jul 16 01:36:47 UTC 2018 /home/travis/build/icyphy/ptII/ptolemy/actor/lib/test/auto/AbsoluteValue2.xml
----------------- Instantiating /home/travis/build/icyphy/ptII/ptolemy/actor/lib/test/auto/AbsoluteValue2.xml
5 ms. Memory: 481792K Free: 401867K (83%)
----------------- Invoking toplevel() on ptolemy.moml.MoMLSimpleApplication@5af0fd6a
----------------- Done invoking toplevel() on ptolemy.moml.MoMLSimpleApplication@5af0fd6a
reloadAllAccessors: .AbsoluteValue2

===========================================================================================
----------------- testing Mon Jul 16 01:36:47 UTC 2018 /home/travis/build/icyphy/ptII/ptolemy/actor/lib/test/auto/Accumulator.xml
----------------- Instantiating /home/travis/build/icyphy/ptII/ptolemy/actor/lib/test/auto/Accumulator.xml
7 ms. Memory: 481792K Free: 394038K (82%)
----------------- Invoking toplevel() on ptolemy.moml.MoMLSimpleApplication@162437a1
----------------- Done invoking toplevel() on ptolemy.moml.MoMLSimpleApplication@162437a1
reloadAllAccessors: .Accumulator

===========================================================================================
----------------- testing Mon Jul 16 01:36:47 UTC 2018 /home/travis/build/icyphy/ptII/ptolemy/actor/lib/test/auto/Accumulator2.xml
----------------- Instantiating /home/travis/build/icyphy/ptII/ptolemy/actor/lib/test/auto/Accumulator2.xml
10 ms. Memory: 481792K Free: 386225K (80%)
----------------- Invoking toplevel() on ptolemy.moml.MoMLSimpleApplication@13978cae
----------------- Done invoking toplevel() on ptolemy.moml.MoMLSimpleApplication@13978cae
reloadAllAccessors: .Accumulator2

===========================================================================================
----------------- testing Mon Jul 16 01:36:47 UTC 2018 /home/travis/build/icyphy/ptII/ptolemy/actor/lib/test/auto/Accumulator3.xml
----------------- Instantiating /home/travis/build/icyphy/ptII/ptolemy/actor/lib/test/auto/Accumulator3.xml
6 ms. Memory: 481792K Free: 373740K (78%)
----------------- Invoking toplevel() on ptolemy.moml.MoMLSimpleApplication@78e9c47b
----------------- Done invoking toplevel() on ptolemy.moml.MoMLSimpleApplication@78e9c47b
reloadAllAccessors: .Accumulator3

===========================================================================================
----------------- testing Mon Jul 16 01:36:47 UTC 2018 /home/travis/build/icyphy/ptII/ptolemy/actor/lib/test/auto/ArrayAppend.xml
----------------- Instantiating /home/travis/build/icyphy/ptII/ptolemy/actor/lib/test/auto/ArrayAppend.xml
7 ms. Memory: 481792K Free: 365911K (76%)
----------------- Invoking toplevel() on ptolemy.moml.MoMLSimpleApplication@47727c7b
----------------- Done invoking toplevel() on ptolemy.moml.MoMLSimpleApplication@47727c7b
reloadAllAccessors: .ArrayAppend

===========================================================================================
----------------- testing Mon Jul 16 01:36:47 UTC 2018 /home/travis/build/icyphy/ptII/ptolemy/actor/lib/test/auto/ArrayAppend2.xml
----------------- Instantiating /home/travis/build/icyphy/ptII/ptolemy/actor/lib/test/auto/ArrayAppend2.xml
297 ms. Memory: 481792K Free: 303389K (63%)
----------------- Invoking toplevel() on ptolemy.moml.MoMLSimpleApplication@56ad5057
----------------- Done invoking toplevel() on ptolemy.moml.MoMLSimpleApplication@56ad5057
reloadAllAccessors: .ArrayAppend2

===========================================================================================
----------------- testing Mon Jul 16 01:36:47 UTC 2018 /home/travis/build/icyphy/ptII/ptolemy/actor/lib/test/auto/ArrayAppend3.xml
----------------- Instantiating /home/travis/build/icyphy/ptII/ptolemy/actor/lib/test/auto/ArrayAppend3.xml
6 ms. Memory: 481792K Free: 288425K (60%)
----------------- Invoking toplevel() on ptolemy.moml.MoMLSimpleApplication@47f35656
----------------- Done invoking toplevel() on ptolemy.moml.MoMLSimpleApplication@47f35656
reloadAllAccessors: .ArrayAppend3

===========================================================================================
----------------- testing Mon Jul 16 01:36:47 UTC 2018 /home/travis/build/icyphy/ptII/ptolemy/actor/lib/test/auto/ArrayAppend4.xml
----------------- Instantiating /home/travis/build/icyphy/ptII/ptolemy/actor/lib/test/auto/ArrayAppend4.xml
9 ms. Memory: 481792K Free: 280612K (58%)
----------------- Invoking toplevel() on ptolemy.moml.MoMLSimpleApplication@5de412d6
----------------- Done invoking toplevel() on ptolemy.moml.MoMLSimpleApplication@5de412d6
reloadAllAccessors: .ArrayAppend4

===========================================================================================
----------------- testing Mon Jul 16 01:36:48 UTC 2018 /home/travis/build/icyphy/ptII/ptolemy/actor/lib/test/auto/ArrayAppend5.xml
----------------- Instantiating /home/travis/build/icyphy/ptII/ptolemy/actor/lib/test/auto/ArrayAppend5.xml
6 ms. Memory: 481792K Free: 272798K (57%)
----------------- Invoking toplevel() on ptolemy.moml.MoMLSimpleApplication@79281ee5
----------------- Done invoking toplevel() on ptolemy.moml.MoMLSimpleApplication@79281ee5
reloadAllAccessors: .ArrayAppend5

===========================================================================================
----------------- testing Mon Jul 16 01:36:48 UTC 2018 /home/travis/build/icyphy/ptII/ptolemy/actor/lib/test/auto/ArrayAppend6.xml
----------------- Instantiating /home/travis/build/icyphy/ptII/ptolemy/actor/lib/test/auto/ArrayAppend6.xml
2 ms. Memory: 481792K Free: 257834K (54%)
----------------- Invoking toplevel() on ptolemy.moml.MoMLSimpleApplication@14e07afc
----------------- Done invoking toplevel() on ptolemy.moml.MoMLSimpleApplication@14e07afc
reloadAllAccessors: .ArrayAppend6

===========================================================================================
----------------- testing Mon Jul 16 01:36:48 UTC 2018 /home/travis/build/icyphy/ptII/ptolemy/actor/lib/test/auto/ArrayAppendPerformanceTest.xml
----------------- Instantiating /home/travis/build/icyphy/ptII/ptolemy/actor/lib/test/auto/ArrayAppendPerformanceTest.xml
23 ms. Memory: 481792K Free: 247408K (51%)
----------------- Invoking toplevel() on ptolemy.moml.MoMLSimpleApplication@5e9f78f8
----------------- Done invoking toplevel() on ptolemy.moml.MoMLSimpleApplication@5e9f78f8
reloadAllAccessors: .ArrayAppendPerformanceTest

===========================================================================================
----------------- testing Mon Jul 16 01:36:48 UTC 2018 /home/travis/build/icyphy/ptII/ptolemy/actor/lib/test/auto/ArrayAppendWithEmptyInput.xml
----------------- Instantiating /home/travis/build/icyphy/ptII/ptolemy/actor/lib/test/auto/ArrayAppendWithEmptyInput.xml
17 ms. Memory: 481792K Free: 236975K (49%)
----------------- Invoking toplevel() on ptolemy.moml.MoMLSimpleApplication@749e0f53
----------------- Done invoking toplevel() on ptolemy.moml.MoMLSimpleApplication@749e0f53
reloadAllAccessors: .ArrayAppendWithEmptyInput

===========================================================================================
----------------- testing Mon Jul 16 01:36:48 UTC 2018 /home/travis/build/icyphy/ptII/ptolemy/actor/lib/test/auto/ArrayAverage.xml
----------------- Instantiating /home/travis/build/icyphy/ptII/ptolemy/actor/lib/test/auto/ArrayAverage.xml
14 ms. Memory: 481792K Free: 226541K (47%)
----------------- Invoking toplevel() on ptolemy.moml.MoMLSimpleApplication@2ed36cb4
----------------- Done invoking toplevel() on ptolemy.moml.MoMLSimpleApplication@2ed36cb4
reloadAllAccessors: .ArrayAverage

===========================================================================================
----------------- testing Mon Jul 16 01:36:48 UTC 2018 /home/travis/build/icyphy/ptII/ptolemy/actor/lib/test/auto/ArrayContains.xml
----------------- Instantiating /home/travis/build/icyphy/ptII/ptolemy/actor/lib/test/auto/ArrayContains.xml
3 ms. Memory: 481792K Free: 211577K (44%)
----------------- Invoking toplevel() on ptolemy.moml.MoMLSimpleApplication@79c467af
----------------- Done invoking toplevel() on ptolemy.moml.MoMLSimpleApplication@79c467af
reloadAllAccessors: .ArrayContains

===========================================================================================
----------------- testing Mon Jul 16 01:36:48 UTC 2018 /home/travis/build/icyphy/ptII/ptolemy/actor/lib/test/auto/ArrayElement.xml
----------------- Instantiating /home/travis/build/icyphy/ptII/ptolemy/actor/lib/test/auto/ArrayElement.xml
5 ms. Memory: 481792K Free: 203764K (42%)
----------------- Invoking toplevel() on ptolemy.moml.MoMLSimpleApplication@5ffe75bb
----------------- Done invoking toplevel() on ptolemy.moml.MoMLSimpleApplication@5ffe75bb
reloadAllAccessors: .ArrayElement

===========================================================================================
----------------- testing Mon Jul 16 01:36:48 UTC 2018 /home/travis/build/icyphy/ptII/ptolemy/actor/lib/test/auto/ArrayElementAsMatrix.xml
----------------- Instantiating /home/travis/build/icyphy/ptII/ptolemy/actor/lib/test/auto/ArrayElementAsMatrix.xml
19 ms. Memory: 481792K Free: 193298K (40%)
----------------- Invoking toplevel() on ptolemy.moml.MoMLSimpleApplication@285d90ce
----------------- Done invoking toplevel() on ptolemy.moml.MoMLSimpleApplication@285d90ce
reloadAllAccessors: .ArrayElementAsMatrix

===========================================================================================
----------------- testing Mon Jul 16 01:36:48 UTC 2018 /home/travis/build/icyphy/ptII/ptolemy/actor/lib/test/auto/ArrayElementI.xml
----------------- Instantiating /home/travis/build/icyphy/ptII/ptolemy/actor/lib/test/auto/ArrayElementI.xml
3 ms. Memory: 481792K Free: 178317K (37%)
----------------- Invoking toplevel() on ptolemy.moml.MoMLSimpleApplication@2e35495
----------------- Done invoking toplevel() on ptolemy.moml.MoMLSimpleApplication@2e35495
reloadAllAccessors: .ArrayElementI

===========================================================================================
----------------- testing Mon Jul 16 01:36:48 UTC 2018 /home/travis/build/icyphy/ptII/ptolemy/actor/lib/test/auto/ArrayExtract.xml
----------------- Instantiating /home/travis/build/icyphy/ptII/ptolemy/actor/lib/test/auto/ArrayExtract.xml
14 ms. Memory: 481792K Free: 170504K (35%)
----------------- Invoking toplevel() on ptolemy.moml.MoMLSimpleApplication@1ac1ada8
----------------- Done invoking toplevel() on ptolemy.moml.MoMLSimpleApplication@1ac1ada8
reloadAllAccessors: .ArrayExtract

===========================================================================================
----------------- testing Mon Jul 16 01:36:48 UTC 2018 /home/travis/build/icyphy/ptII/ptolemy/actor/lib/test/auto/ArrayExtract2.xml
----------------- Instantiating /home/travis/build/icyphy/ptII/ptolemy/actor/lib/test/auto/ArrayExtract2.xml
4 ms. Memory: 481792K Free: 162674K (34%)
----------------- Invoking toplevel() on ptolemy.moml.MoMLSimpleApplication@3184e746
----------------- Done invoking toplevel() on ptolemy.moml.MoMLSimpleApplication@3184e746
reloadAllAccessors: .ArrayExtract2

===========================================================================================
----------------- testing Mon Jul 16 01:36:48 UTC 2018 /home/travis/build/icyphy/ptII/ptolemy/actor/lib/test/auto/ArrayLength.xml
----------------- Instantiating /home/travis/build/icyphy/ptII/ptolemy/actor/lib/test/auto/ArrayLength.xml
5 ms. Memory: 481792K Free: 150314K (31%)
----------------- Invoking toplevel() on ptolemy.moml.MoMLSimpleApplication@38730770
----------------- Done invoking toplevel() on ptolemy.moml.MoMLSimpleApplication@38730770
reloadAllAccessors: .ArrayLength

===========================================================================================
----------------- testing Mon Jul 16 01:36:48 UTC 2018 /home/travis/build/icyphy/ptII/ptolemy/actor/lib/test/auto/ArrayLevelCrossing.xml
----------------- Instantiating /home/travis/build/icyphy/ptII/ptolemy/actor/lib/test/auto/ArrayLevelCrossing.xml
3 ms. Memory: 481792K Free: 135982K (28%)
----------------- Invoking toplevel() on ptolemy.moml.MoMLSimpleApplication@700df0a0
----------------- Done invoking toplevel() on ptolemy.moml.MoMLSimpleApplication@700df0a0
reloadAllAccessors: .ArrayLevelCrossing

===========================================================================================
----------------- testing Mon Jul 16 01:36:48 UTC 2018 /home/travis/build/icyphy/ptII/ptolemy/actor/lib/test/auto/ArrayLevelCrossing2.xml
----------------- Instantiating /home/travis/build/icyphy/ptII/ptolemy/actor/lib/test/auto/ArrayLevelCrossing2.xml
2 ms. Memory: 481792K Free: 128169K (27%)
----------------- Invoking toplevel() on ptolemy.moml.MoMLSimpleApplication@7d05d2a2
----------------- Done invoking toplevel() on ptolemy.moml.MoMLSimpleApplication@7d05d2a2
reloadAllAccessors: .ArrayLevelCrossing2

===========================================================================================
----------------- testing Mon Jul 16 01:36:48 UTC 2018 /home/travis/build/icyphy/ptII/ptolemy/actor/lib/test/auto/ArrayPeakSearch.xml
----------------- Instantiating /home/travis/build/icyphy/ptII/ptolemy/actor/lib/test/auto/ArrayPeakSearch.xml
5 ms. Memory: 481792K Free: 110592K (23%)
----------------- Invoking toplevel() on ptolemy.moml.MoMLSimpleApplication@7404edc6
----------------- Done invoking toplevel() on ptolemy.moml.MoMLSimpleApplication@7404edc6
reloadAllAccessors: .ArrayPeakSearch

===========================================================================================
----------------- testing Mon Jul 16 01:36:48 UTC 2018 /home/travis/build/icyphy/ptII/ptolemy/actor/lib/test/auto/ArrayPeakSearch2.xml
----------------- Instantiating /home/travis/build/icyphy/ptII/ptolemy/actor/lib/test/auto/ArrayPeakSearch2.xml
4 ms. Memory: 481792K Free: 97530K (20%)
----------------- Invoking toplevel() on ptolemy.moml.MoMLSimpleApplication@50d721b3
----------------- Done invoking toplevel() on ptolemy.moml.MoMLSimpleApplication@50d721b3
reloadAllAccessors: .ArrayPeakSearch2

===========================================================================================
----------------- testing Mon Jul 16 01:36:48 UTC 2018 /home/travis/build/icyphy/ptII/ptolemy/actor/lib/test/auto/ArrayPeakSearch3.xml
----------------- Instantiating /home/travis/build/icyphy/ptII/ptolemy/actor/lib/test/auto/ArrayPeakSearch3.xml
7 ms. Memory: 481792K Free: 87096K (18%)
----------------- Invoking toplevel() on ptolemy.moml.MoMLSimpleApplication@4aa1df8c
----------------- Done invoking toplevel() on ptolemy.moml.MoMLSimpleApplication@4aa1df8c
reloadAllAccessors: .ArrayPeakSearch3

===========================================================================================
----------------- testing Mon Jul 16 01:36:48 UTC 2018 /home/travis/build/icyphy/ptII/ptolemy/actor/lib/test/auto/ArrayRemoveElement.xml
----------------- Instantiating /home/travis/build/icyphy/ptII/ptolemy/actor/lib/test/auto/ArrayRemoveElement.xml
6 ms. Memory: 481792K Free: 76679K (16%)
----------------- Invoking toplevel() on ptolemy.moml.MoMLSimpleApplication@47ba169d
----------------- Done invoking toplevel() on ptolemy.moml.MoMLSimpleApplication@47ba169d
reloadAllAccessors: .ArrayRemoveElement

===========================================================================================
----------------- testing Mon Jul 16 01:36:48 UTC 2018 /home/travis/build/icyphy/ptII/ptolemy/actor/lib/test/auto/ArraySort.xml
----------------- Instantiating /home/travis/build/icyphy/ptII/ptolemy/actor/lib/test/auto/ArraySort.xml
6 ms. Memory: 481792K Free: 59094K (12%)
----------------- Invoking toplevel() on ptolemy.moml.MoMLSimpleApplication@4a9e3c30
----------------- Done invoking toplevel() on ptolemy.moml.MoMLSimpleApplication@4a9e3c30
reloadAllAccessors: .ArraySort

===========================================================================================
----------------- testing Mon Jul 16 01:36:48 UTC 2018 /home/travis/build/icyphy/ptII/ptolemy/actor/lib/test/auto/ArraySum.xml
----------------- Instantiating /home/travis/build/icyphy/ptII/ptolemy/actor/lib/test/auto/ArraySum.xml
5 ms. Memory: 481792K Free: 52236K (11%)
----------------- Invoking toplevel() on ptolemy.moml.MoMLSimpleApplication@3d6e14e5
----------------- Done invoking toplevel() on ptolemy.moml.MoMLSimpleApplication@3d6e14e5
reloadAllAccessors: .ArraySum

===========================================================================================
----------------- testing Mon Jul 16 01:36:48 UTC 2018 /home/travis/build/icyphy/ptII/ptolemy/actor/lib/test/auto/ArrayToElements.xml
----------------- Instantiating /home/travis/build/icyphy/ptII/ptolemy/actor/lib/test/auto/ArrayToElements.xml
6 ms. Memory: 723456K Free: 675516K (93%)
----------------- Invoking toplevel() on ptolemy.moml.MoMLSimpleApplication@37a5cf95
----------------- Done invoking toplevel() on ptolemy.moml.MoMLSimpleApplication@37a5cf95
reloadAllAccessors: .ArrayToElements

===========================================================================================
----------------- testing Mon Jul 16 01:36:48 UTC 2018 /home/travis/build/icyphy/ptII/ptolemy/actor/lib/test/auto/ArrayToMatrix.xml
----------------- Instantiating /home/travis/build/icyphy/ptII/ptolemy/actor/lib/test/auto/ArrayToMatrix.xml
6 ms. Memory: 723456K Free: 646533K (89%)
----------------- Invoking toplevel() on ptolemy.moml.MoMLSimpleApplication@302e1cdf
----------------- Done invoking toplevel() on ptolemy.moml.MoMLSimpleApplication@302e1cdf
reloadAllAccessors: .ArrayToMatrix

===========================================================================================
----------------- testing Mon Jul 16 01:36:49 UTC 2018 /home/travis/build/icyphy/ptII/ptolemy/actor/lib/test/auto/ArrayUpdate1.xml
----------------- Instantiating /home/travis/build/icyphy/ptII/ptolemy/actor/lib/test/auto/ArrayUpdate1.xml
2 ms. Memory: 723456K Free: 638197K (88%)
----------------- Invoking toplevel() on ptolemy.moml.MoMLSimpleApplication@5adaa434
----------------- Done invoking toplevel() on ptolemy.moml.MoMLSimpleApplication@5adaa434
reloadAllAccessors: .ArrayUpdate1

===========================================================================================
----------------- testing Mon Jul 16 01:36:49 UTC 2018 /home/travis/build/icyphy/ptII/ptolemy/actor/lib/test/auto/ArrayUpdate2.xml
----------------- Instantiating /home/travis/build/icyphy/ptII/ptolemy/actor/lib/test/auto/ArrayUpdate2.xml
3 ms. Memory: 723456K Free: 629732K (87%)
----------------- Invoking toplevel() on ptolemy.moml.MoMLSimpleApplication@2a844a30
----------------- Done invoking toplevel() on ptolemy.moml.MoMLSimpleApplication@2a844a30
reloadAllAccessors: .ArrayUpdate2

===========================================================================================
----------------- testing Mon Jul 16 01:36:49 UTC 2018 /home/travis/build/icyphy/ptII/ptolemy/actor/lib/test/auto/ArrayUpdate3.xml
----------------- Instantiating /home/travis/build/icyphy/ptII/ptolemy/actor/lib/test/auto/ArrayUpdate3.xml
1 ms. Memory: 723456K Free: 613275K (85%)
----------------- Invoking toplevel() on ptolemy.moml.MoMLSimpleApplication@3d179e6d
----------------- Done invoking toplevel() on ptolemy.moml.MoMLSimpleApplication@3d179e6d
reloadAllAccessors: .ArrayUpdate3

===========================================================================================
----------------- testing Mon Jul 16 01:36:49 UTC 2018 /home/travis/build/icyphy/ptII/ptolemy/actor/lib/test/auto/Assert1.xml
----------------- Instantiating /home/travis/build/icyphy/ptII/ptolemy/actor/lib/test/auto/Assert1.xml
8 ms. Memory: 723456K Free: 604940K (84%)
----------------- Invoking toplevel() on ptolemy.moml.MoMLSimpleApplication@2e3bada6
----------------- Done invoking toplevel() on ptolemy.moml.MoMLSimpleApplication@2e3bada6
reloadAllAccessors: .Assert1

===========================================================================================
----------------- testing Mon Jul 16 01:36:49 UTC 2018 /home/travis/build/icyphy/ptII/ptolemy/actor/lib/test/auto/Assert2.xml
----------------- Instantiating /home/travis/build/icyphy/ptII/ptolemy/actor/lib/test/auto/Assert2.xml
7 ms. Memory: 723456K Free: 596604K (82%)
----------------- Invoking toplevel() on ptolemy.moml.MoMLSimpleApplication@59f47864
----------------- Done invoking toplevel() on ptolemy.moml.MoMLSimpleApplication@59f47864
reloadAllAccessors: .Assert2

===========================================================================================
----------------- testing Mon Jul 16 01:36:49 UTC 2018 /home/travis/build/icyphy/ptII/ptolemy/actor/lib/test/auto/BooleanMultiplexor.xml
----------------- Instantiating /home/travis/build/icyphy/ptII/ptolemy/actor/lib/test/auto/BooleanMultiplexor.xml
2 ms. Memory: 723456K Free: 588269K (81%)
----------------- Invoking toplevel() on ptolemy.moml.MoMLSimpleApplication@31ecb6b
----------------- Done invoking toplevel() on ptolemy.moml.MoMLSimpleApplication@31ecb6b
reloadAllAccessors: .BooleanMultiplexor

===========================================================================================
----------------- testing Mon Jul 16 01:36:49 UTC 2018 /home/travis/build/icyphy/ptII/ptolemy/actor/lib/test/auto/BooleanMultiplexor2.xml
----------------- Instantiating /home/travis/build/icyphy/ptII/ptolemy/actor/lib/test/auto/BooleanMultiplexor2.xml
10 ms. Memory: 723456K Free: 567629K (78%)
----------------- Invoking toplevel() on ptolemy.moml.MoMLSimpleApplication@550ace73
----------------- Done invoking toplevel() on ptolemy.moml.MoMLSimpleApplication@550ace73
reloadAllAccessors: .BooleanMultiplexor2

===========================================================================================
----------------- testing Mon Jul 16 01:36:49 UTC 2018 /home/travis/build/icyphy/ptII/ptolemy/actor/lib/test/auto/BooleanMultiplexor3.xml
----------------- Instantiating /home/travis/build/icyphy/ptII/ptolemy/actor/lib/test/auto/BooleanMultiplexor3.xml
6 ms. Memory: 723456K Free: 559293K (77%)
----------------- Invoking toplevel() on ptolemy.moml.MoMLSimpleApplication@611cf254
----------------- Done invoking toplevel() on ptolemy.moml.MoMLSimpleApplication@611cf254
reloadAllAccessors: .BooleanMultiplexor3

===========================================================================================
----------------- testing Mon Jul 16 01:36:49 UTC 2018 /home/travis/build/icyphy/ptII/ptolemy/actor/lib/test/auto/BooleanSelect.xml
----------------- Instantiating /home/travis/build/icyphy/ptII/ptolemy/actor/lib/test/auto/BooleanSelect.xml
6 ms. Memory: 723456K Free: 550958K (76%)
----------------- Invoking toplevel() on ptolemy.moml.MoMLSimpleApplication@2785a63b
----------------- Done invoking toplevel() on ptolemy.moml.MoMLSimpleApplication@2785a63b
reloadAllAccessors: .BooleanSelect

===========================================================================================
----------------- testing Mon Jul 16 01:36:49 UTC 2018 /home/travis/build/icyphy/ptII/ptolemy/actor/lib/test/auto/BooleanSelect2.xml
----------------- Instantiating /home/travis/build/icyphy/ptII/ptolemy/actor/lib/test/auto/BooleanSelect2.xml
2 ms. Memory: 723456K Free: 534502K (74%)
----------------- Invoking toplevel() on ptolemy.moml.MoMLSimpleApplication@1ad62a7f
----------------- Done invoking toplevel() on ptolemy.moml.MoMLSimpleApplication@1ad62a7f
reloadAllAccessors: .BooleanSelect2

===========================================================================================
----------------- testing Mon Jul 16 01:36:49 UTC 2018 /home/travis/build/icyphy/ptII/ptolemy/actor/lib/test/auto/BooleanSwitch.xml
----------------- Instantiating /home/travis/build/icyphy/ptII/ptolemy/actor/lib/test/auto/BooleanSwitch.xml
4 ms. Memory: 723456K Free: 526166K (73%)
----------------- Invoking toplevel() on ptolemy.moml.MoMLSimpleApplication@7eac07b2
----------------- Done invoking toplevel() on ptolemy.moml.MoMLSimpleApplication@7eac07b2
reloadAllAccessors: .BooleanSwitch

===========================================================================================
----------------- testing Mon Jul 16 01:36:49 UTC 2018 /home/travis/build/icyphy/ptII/ptolemy/actor/lib/test/auto/BooleanSwitch2.xml
----------------- Instantiating /home/travis/build/icyphy/ptII/ptolemy/actor/lib/test/auto/BooleanSwitch2.xml
3 ms. Memory: 723456K Free: 517831K (72%)
----------------- Invoking toplevel() on ptolemy.moml.MoMLSimpleApplication@542866e
----------------- Done invoking toplevel() on ptolemy.moml.MoMLSimpleApplication@542866e
reloadAllAccessors: .BooleanSwitch2

===========================================================================================
----------------- testing Mon Jul 16 01:36:49 UTC 2018 /home/travis/build/icyphy/ptII/ptolemy/actor/lib/test/auto/BooleanSwitchCloningBugWithClassRelationGroup.xml
----------------- Instantiating /home/travis/build/icyphy/ptII/ptolemy/actor/lib/test/auto/BooleanSwitchCloningBugWithClassRelationGroup.xml
3 ms. Memory: 723456K Free: 505312K (70%)
----------------- Invoking toplevel() on ptolemy.moml.MoMLSimpleApplication@6c526448
----------------- Done invoking toplevel() on ptolemy.moml.MoMLSimpleApplication@6c526448
reloadAllAccessors: .BooleanSwitchCloningBugWithClassRelationGroup

===========================================================================================
----------------- testing Mon Jul 16 01:36:49 UTC 2018 /home/travis/build/icyphy/ptII/ptolemy/actor/lib/test/auto/BusActors.xml
----------------- Instantiating /home/travis/build/icyphy/ptII/ptolemy/actor/lib/test/auto/BusActors.xml
4 ms. Memory: 723456K Free: 484671K (67%)
----------------- Invoking toplevel() on ptolemy.moml.MoMLSimpleApplication@24401b83
----------------- Done invoking toplevel() on ptolemy.moml.MoMLSimpleApplication@24401b83
reloadAllAccessors: .BusActors

===========================================================================================
----------------- testing Mon Jul 16 01:36:49 UTC 2018 /home/travis/build/icyphy/ptII/ptolemy/actor/lib/test/auto/ClassWrapper.xml
----------------- Instantiating /home/travis/build/icyphy/ptII/ptolemy/actor/lib/test/auto/ClassWrapper.xml
2 ms. Memory: 723456K Free: 476336K (66%)
----------------- Invoking toplevel() on ptolemy.moml.MoMLSimpleApplication@4dfb1b33
----------------- Done invoking toplevel() on ptolemy.moml.MoMLSimpleApplication@4dfb1b33
reloadAllAccessors: .ClassWrapper

===========================================================================================
----------------- testing Mon Jul 16 01:36:49 UTC 2018 /home/travis/build/icyphy/ptII/ptolemy/actor/lib/test/auto/Clock.xml
----------------- Instantiating /home/travis/build/icyphy/ptII/ptolemy/actor/lib/test/auto/Clock.xml
1 ms. Memory: 723456K Free: 468000K (65%)
----------------- Invoking toplevel() on ptolemy.moml.MoMLSimpleApplication@1191e70e
----------------- Done invoking toplevel() on ptolemy.moml.MoMLSimpleApplication@1191e70e
reloadAllAccessors: .Clock

===========================================================================================
----------------- testing Mon Jul 16 01:36:49 UTC 2018 /home/travis/build/icyphy/ptII/ptolemy/actor/lib/test/auto/Clock10.xml
----------------- Instantiating /home/travis/build/icyphy/ptII/ptolemy/actor/lib/test/auto/Clock10.xml
3 ms. Memory: 723456K Free: 459665K (64%)
----------------- Invoking toplevel() on ptolemy.moml.MoMLSimpleApplication@789ac9b6
----------------- Done invoking toplevel() on ptolemy.moml.MoMLSimpleApplication@789ac9b6
reloadAllAccessors: .Clock10

===========================================================================================
----------------- testing Mon Jul 16 01:36:49 UTC 2018 /home/travis/build/icyphy/ptII/ptolemy/actor/lib/test/auto/Clock11.xml
----------------- Instantiating /home/travis/build/icyphy/ptII/ptolemy/actor/lib/test/auto/Clock11.xml
5 ms. Memory: 723456K Free: 443209K (61%)
----------------- Invoking toplevel() on ptolemy.moml.MoMLSimpleApplication@3f2e2c92
----------------- Done invoking toplevel() on ptolemy.moml.MoMLSimpleApplication@3f2e2c92
reloadAllAccessors: .Clock11

===========================================================================================
----------------- testing Mon Jul 16 01:36:49 UTC 2018 /home/travis/build/icyphy/ptII/ptolemy/actor/lib/test/auto/Clock12.xml
----------------- Instantiating /home/travis/build/icyphy/ptII/ptolemy/actor/lib/test/auto/Clock12.xml
4 ms. Memory: 723456K Free: 434873K (60%)
----------------- Invoking toplevel() on ptolemy.moml.MoMLSimpleApplication@455bfa33
----------------- Done invoking toplevel() on ptolemy.moml.MoMLSimpleApplication@455bfa33
reloadAllAccessors: .Clock12

===========================================================================================
----------------- testing Mon Jul 16 01:36:49 UTC 2018 /home/travis/build/icyphy/ptII/ptolemy/actor/lib/test/auto/Clock13.xml
----------------- Instantiating /home/travis/build/icyphy/ptII/ptolemy/actor/lib/test/auto/Clock13.xml
8 ms. Memory: 723456K Free: 426538K (59%)
----------------- Invoking toplevel() on ptolemy.moml.MoMLSimpleApplication@3c43df1
----------------- Done invoking toplevel() on ptolemy.moml.MoMLSimpleApplication@3c43df1
reloadAllAccessors: .Clock13

===========================================================================================
----------------- testing Mon Jul 16 01:36:49 UTC 2018 /home/travis/build/icyphy/ptII/ptolemy/actor/lib/test/auto/Clock14.xml
----------------- Instantiating /home/travis/build/icyphy/ptII/ptolemy/actor/lib/test/auto/Clock14.xml
9 ms. Memory: 723456K Free: 410081K (57%)
----------------- Invoking toplevel() on ptolemy.moml.MoMLSimpleApplication@26dd2a9c
----------------- Done invoking toplevel() on ptolemy.moml.MoMLSimpleApplication@26dd2a9c
reloadAllAccessors: .Clock14

===========================================================================================
----------------- testing Mon Jul 16 01:36:49 UTC 2018 /home/travis/build/icyphy/ptII/ptolemy/actor/lib/test/auto/Clock15.xml
----------------- Instantiating /home/travis/build/icyphy/ptII/ptolemy/actor/lib/test/auto/Clock15.xml
8 ms. Memory: 723456K Free: 401746K (56%)
----------------- Invoking toplevel() on ptolemy.moml.MoMLSimpleApplication@1e9f282
----------------- Done invoking toplevel() on ptolemy.moml.MoMLSimpleApplication@1e9f282
reloadAllAccessors: .Clock15

===========================================================================================
----------------- testing Mon Jul 16 01:36:49 UTC 2018 /home/travis/build/icyphy/ptII/ptolemy/actor/lib/test/auto/Clock16.xml
----------------- Instantiating /home/travis/build/icyphy/ptII/ptolemy/actor/lib/test/auto/Clock16.xml
24 ms. Memory: 723456K Free: 385059K (53%)
----------------- Invoking toplevel() on ptolemy.moml.MoMLSimpleApplication@15309032
----------------- Done invoking toplevel() on ptolemy.moml.MoMLSimpleApplication@15309032
reloadAllAccessors: .Clock16

===========================================================================================
----------------- testing Mon Jul 16 01:36:49 UTC 2018 /home/travis/build/icyphy/ptII/ptolemy/actor/lib/test/auto/Clock17.xml
----------------- Instantiating /home/travis/build/icyphy/ptII/ptolemy/actor/lib/test/auto/Clock17.xml
27 ms. Memory: 723456K Free: 368380K (51%)
----------------- Invoking toplevel() on ptolemy.moml.MoMLSimpleApplication@447be546
----------------- Done invoking toplevel() on ptolemy.moml.MoMLSimpleApplication@447be546
reloadAllAccessors: .Clock17

===========================================================================================
----------------- testing Mon Jul 16 01:36:49 UTC 2018 /home/travis/build/icyphy/ptII/ptolemy/actor/lib/test/auto/Clock18.xml
----------------- Instantiating /home/travis/build/icyphy/ptII/ptolemy/actor/lib/test/auto/Clock18.xml
20 ms. Memory: 723456K Free: 343572K (47%)
----------------- Invoking toplevel() on ptolemy.moml.MoMLSimpleApplication@2c52d4d4
----------------- Done invoking toplevel() on ptolemy.moml.MoMLSimpleApplication@2c52d4d4
reloadAllAccessors: .Clock18

===========================================================================================
----------------- testing Mon Jul 16 01:36:49 UTC 2018 /home/travis/build/icyphy/ptII/ptolemy/actor/lib/test/auto/Clock19.xml
----------------- Instantiating /home/travis/build/icyphy/ptII/ptolemy/actor/lib/test/auto/Clock19.xml
18 ms. Memory: 723456K Free: 326869K (45%)
----------------- Invoking toplevel() on ptolemy.moml.MoMLSimpleApplication@453c0a1f
----------------- Done invoking toplevel() on ptolemy.moml.MoMLSimpleApplication@453c0a1f
reloadAllAccessors: .Clock19

===========================================================================================
----------------- testing Mon Jul 16 01:36:49 UTC 2018 /home/travis/build/icyphy/ptII/ptolemy/actor/lib/test/auto/Clock2.xml
----------------- Instantiating /home/travis/build/icyphy/ptII/ptolemy/actor/lib/test/auto/Clock2.xml
8 ms. Memory: 723456K Free: 318534K (44%)
----------------- Invoking toplevel() on ptolemy.moml.MoMLSimpleApplication@3e010c44
----------------- Done invoking toplevel() on ptolemy.moml.MoMLSimpleApplication@3e010c44
reloadAllAccessors: .Clock2

===========================================================================================
----------------- testing Mon Jul 16 01:36:49 UTC 2018 /home/travis/build/icyphy/ptII/ptolemy/actor/lib/test/auto/Clock20.xml
----------------- Instantiating /home/travis/build/icyphy/ptII/ptolemy/actor/lib/test/auto/Clock20.xml
12 ms. Memory: 723456K Free: 310198K (43%)
----------------- Invoking toplevel() on ptolemy.moml.MoMLSimpleApplication@623119ab
----------------- Done invoking toplevel() on ptolemy.moml.MoMLSimpleApplication@623119ab
reloadAllAccessors: .Clock20

===========================================================================================
----------------- testing Mon Jul 16 01:36:50 UTC 2018 /home/travis/build/icyphy/ptII/ptolemy/actor/lib/test/auto/Clock21.xml
----------------- Instantiating /home/travis/build/icyphy/ptII/ptolemy/actor/lib/test/auto/Clock21.xml
7 ms. Memory: 723456K Free: 293742K (41%)
----------------- Invoking toplevel() on ptolemy.moml.MoMLSimpleApplication@402d7fda
----------------- Done invoking toplevel() on ptolemy.moml.MoMLSimpleApplication@402d7fda
reloadAllAccessors: .Clock21

===========================================================================================
----------------- testing Mon Jul 16 01:36:50 UTC 2018 /home/travis/build/icyphy/ptII/ptolemy/actor/lib/test/auto/Clock22.xml
----------------- Instantiating /home/travis/build/icyphy/ptII/ptolemy/actor/lib/test/auto/Clock22.xml
8 ms. Memory: 723456K Free: 285407K (39%)
----------------- Invoking toplevel() on ptolemy.moml.MoMLSimpleApplication@44181b5c
----------------- Done invoking toplevel() on ptolemy.moml.MoMLSimpleApplication@44181b5c
reloadAllAccessors: .Clock22

===========================================================================================
----------------- testing Mon Jul 16 01:36:50 UTC 2018 /home/travis/build/icyphy/ptII/ptolemy/actor/lib/test/auto/Clock23.xml
----------------- Instantiating /home/travis/build/icyphy/ptII/ptolemy/actor/lib/test/auto/Clock23.xml
6 ms. Memory: 723456K Free: 277071K (38%)
----------------- Invoking toplevel() on ptolemy.moml.MoMLSimpleApplication@14e8832a
----------------- Done invoking toplevel() on ptolemy.moml.MoMLSimpleApplication@14e8832a
reloadAllAccessors: .Clock23

===========================================================================================
----------------- testing Mon Jul 16 01:36:50 UTC 2018 /home/travis/build/icyphy/ptII/ptolemy/actor/lib/test/auto/Clock24.xml
----------------- Instantiating /home/travis/build/icyphy/ptII/ptolemy/actor/lib/test/auto/Clock24.xml
2 ms. Memory: 723456K Free: 260615K (36%)
----------------- Invoking toplevel() on ptolemy.moml.MoMLSimpleApplication@1bc164ad
----------------- Done invoking toplevel() on ptolemy.moml.MoMLSimpleApplication@1bc164ad
reloadAllAccessors: .Clock24

===========================================================================================
----------------- testing Mon Jul 16 01:36:50 UTC 2018 /home/travis/build/icyphy/ptII/ptolemy/actor/lib/test/auto/Clock4.xml
----------------- Instantiating /home/travis/build/icyphy/ptII/ptolemy/actor/lib/test/auto/Clock4.xml
6 ms. Memory: 723456K Free: 252279K (35%)
----------------- Invoking toplevel() on ptolemy.moml.MoMLSimpleApplication@2a727152
----------------- Done invoking toplevel() on ptolemy.moml.MoMLSimpleApplication@2a727152
reloadAllAccessors: .Clock4

===========================================================================================
----------------- testing Mon Jul 16 01:36:50 UTC 2018 /home/travis/build/icyphy/ptII/ptolemy/actor/lib/test/auto/Clock5.xml
----------------- Instantiating /home/travis/build/icyphy/ptII/ptolemy/actor/lib/test/auto/Clock5.xml
1 ms. Memory: 723456K Free: 243944K (34%)
----------------- Invoking toplevel() on ptolemy.moml.MoMLSimpleApplication@1e00d7d7
----------------- Done invoking toplevel() on ptolemy.moml.MoMLSimpleApplication@1e00d7d7
reloadAllAccessors: .Clock5

===========================================================================================
----------------- testing Mon Jul 16 01:36:50 UTC 2018 /home/travis/build/icyphy/ptII/ptolemy/actor/lib/test/auto/Clock6.xml
----------------- Instantiating /home/travis/build/icyphy/ptII/ptolemy/actor/lib/test/auto/Clock6.xml
3 ms. Memory: 723456K Free: 235609K (33%)
----------------- Invoking toplevel() on ptolemy.moml.MoMLSimpleApplication@2cb29d1f
----------------- Done invoking toplevel() on ptolemy.moml.MoMLSimpleApplication@2cb29d1f
reloadAllAccessors: .Clock6

===========================================================================================
----------------- testing Mon Jul 16 01:36:50 UTC 2018 /home/travis/build/icyphy/ptII/ptolemy/actor/lib/test/auto/Clock7.xml
----------------- Instantiating /home/travis/build/icyphy/ptII/ptolemy/actor/lib/test/auto/Clock7.xml
4 ms. Memory: 723456K Free: 219152K (30%)
----------------- Invoking toplevel() on ptolemy.moml.MoMLSimpleApplication@1ac9b80c
----------------- Done invoking toplevel() on ptolemy.moml.MoMLSimpleApplication@1ac9b80c
reloadAllAccessors: .Clock7

===========================================================================================
----------------- testing Mon Jul 16 01:36:50 UTC 2018 /home/travis/build/icyphy/ptII/ptolemy/actor/lib/test/auto/Clock8.xml
----------------- Instantiating /home/travis/build/icyphy/ptII/ptolemy/actor/lib/test/auto/Clock8.xml
7 ms. Memory: 723456K Free: 210817K (29%)
----------------- Invoking toplevel() on ptolemy.moml.MoMLSimpleApplication@50097e5e
----------------- Done invoking toplevel() on ptolemy.moml.MoMLSimpleApplication@50097e5e
reloadAllAccessors: .Clock8

===========================================================================================
----------------- testing Mon Jul 16 01:36:50 UTC 2018 /home/travis/build/icyphy/ptII/ptolemy/actor/lib/test/auto/Clock9.xml
----------------- Instantiating /home/travis/build/icyphy/ptII/ptolemy/actor/lib/test/auto/Clock9.xml
5 ms. Memory: 723456K Free: 202481K (28%)
----------------- Invoking toplevel() on ptolemy.moml.MoMLSimpleApplication@360faa88
----------------- Done invoking toplevel() on ptolemy.moml.MoMLSimpleApplication@360faa88
reloadAllAccessors: .Clock9

===========================================================================================
----------------- testing Mon Jul 16 01:36:50 UTC 2018 /home/travis/build/icyphy/ptII/ptolemy/actor/lib/test/auto/CommDistDiscard.xml
----------------- Instantiating /home/travis/build/icyphy/ptII/ptolemy/actor/lib/test/auto/CommDistDiscard.xml
6 ms. Memory: 723456K Free: 186025K (26%)
----------------- Invoking toplevel() on ptolemy.moml.MoMLSimpleApplication@6ff56c37
----------------- Done invoking toplevel() on ptolemy.moml.MoMLSimpleApplication@6ff56c37
reloadAllAccessors: .CommDistDiscard

===========================================================================================
----------------- testing Mon Jul 16 01:36:50 UTC 2018 /home/travis/build/icyphy/ptII/ptolemy/actor/lib/test/auto/Commutator.xml
----------------- Instantiating /home/travis/build/icyphy/ptII/ptolemy/actor/lib/test/auto/Commutator.xml
2 ms. Memory: 723456K Free: 177689K (25%)
----------------- Invoking toplevel() on ptolemy.moml.MoMLSimpleApplication@1efc8f75
----------------- Done invoking toplevel() on ptolemy.moml.MoMLSimpleApplication@1efc8f75
reloadAllAccessors: .Commutator

===========================================================================================
----------------- testing Mon Jul 16 01:36:50 UTC 2018 /home/travis/build/icyphy/ptII/ptolemy/actor/lib/test/auto/Commutator2.xml
----------------- Instantiating /home/travis/build/icyphy/ptII/ptolemy/actor/lib/test/auto/Commutator2.xml
2 ms. Memory: 723456K Free: 169354K (23%)
----------------- Invoking toplevel() on ptolemy.moml.MoMLSimpleApplication@68a9e831
----------------- Done invoking toplevel() on ptolemy.moml.MoMLSimpleApplication@68a9e831
reloadAllAccessors: .Commutator2

===========================================================================================
----------------- testing Mon Jul 16 01:36:50 UTC 2018 /home/travis/build/icyphy/ptII/ptolemy/actor/lib/test/auto/Commutator3.xml
----------------- Instantiating /home/travis/build/icyphy/ptII/ptolemy/actor/lib/test/auto/Commutator3.xml
2 ms. Memory: 723456K Free: 161018K (22%)
----------------- Invoking toplevel() on ptolemy.moml.MoMLSimpleApplication@5ae4a5b4
----------------- Done invoking toplevel() on ptolemy.moml.MoMLSimpleApplication@5ae4a5b4
reloadAllAccessors: .Commutator3

===========================================================================================
----------------- testing Mon Jul 16 01:36:50 UTC 2018 /home/travis/build/icyphy/ptII/ptolemy/actor/lib/test/auto/Compare.xml
----------------- Instantiating /home/travis/build/icyphy/ptII/ptolemy/actor/lib/test/auto/Compare.xml
3 ms. Memory: 723456K Free: 140387K (19%)
----------------- Invoking toplevel() on ptolemy.moml.MoMLSimpleApplication@12c011ab
----------------- Done invoking toplevel() on ptolemy.moml.MoMLSimpleApplication@12c011ab
reloadAllAccessors: .Compare

===========================================================================================
----------------- testing Mon Jul 16 01:36:50 UTC 2018 /home/travis/build/icyphy/ptII/ptolemy/actor/lib/test/auto/CompareDE.xml
----------------- Instantiating /home/travis/build/icyphy/ptII/ptolemy/actor/lib/test/auto/CompareDE.xml
6 ms. Memory: 723456K Free: 127883K (18%)
----------------- Invoking toplevel() on ptolemy.moml.MoMLSimpleApplication@686fa2b8
----------------- Done invoking toplevel() on ptolemy.moml.MoMLSimpleApplication@686fa2b8
reloadAllAccessors: .CompareDE

===========================================================================================
----------------- testing Mon Jul 16 01:36:50 UTC 2018 /home/travis/build/icyphy/ptII/ptolemy/actor/lib/test/auto/ComplexDivide.xml
----------------- Instantiating /home/travis/build/icyphy/ptII/ptolemy/actor/lib/test/auto/ComplexDivide.xml
1 ms. Memory: 723456K Free: 119548K (17%)
----------------- Invoking toplevel() on ptolemy.moml.MoMLSimpleApplication@11e23310
----------------- Done invoking toplevel() on ptolemy.moml.MoMLSimpleApplication@11e23310
reloadAllAccessors: .ComplexDivide

===========================================================================================
----------------- testing Mon Jul 16 01:36:50 UTC 2018 /home/travis/build/icyphy/ptII/ptolemy/actor/lib/test/auto/ComputeHistogram.xml
----------------- Instantiating /home/travis/build/icyphy/ptII/ptolemy/actor/lib/test/auto/ComputeHistogram.xml
42 ms. Memory: 723456K Free: 102853K (14%)
----------------- Invoking toplevel() on ptolemy.moml.MoMLSimpleApplication@2a20e18
----------------- Done invoking toplevel() on ptolemy.moml.MoMLSimpleApplication@2a20e18
reloadAllAccessors: .ComputeHistogram

===========================================================================================
----------------- testing Mon Jul 16 01:36:50 UTC 2018 /home/travis/build/icyphy/ptII/ptolemy/actor/lib/test/auto/ConfigurationSelect.xml
----------------- Instantiating /home/travis/build/icyphy/ptII/ptolemy/actor/lib/test/auto/ConfigurationSelect.xml
7 ms. Memory: 723456K Free: 86397K (12%)
----------------- Invoking toplevel() on ptolemy.moml.MoMLSimpleApplication@568aa2a7
----------------- Done invoking toplevel() on ptolemy.moml.MoMLSimpleApplication@568aa2a7
reloadAllAccessors: .ConfigurationSelect

===========================================================================================
----------------- testing Mon Jul 16 01:36:50 UTC 2018 /home/travis/build/icyphy/ptII/ptolemy/actor/lib/test/auto/ConfigurationSelect2.xml
----------------- Instantiating /home/travis/build/icyphy/ptII/ptolemy/actor/lib/test/auto/ConfigurationSelect2.xml
3 ms. Memory: 723456K Free: 78061K (11%)
----------------- Invoking toplevel() on ptolemy.moml.MoMLSimpleApplication@a0ae70e
----------------- Done invoking toplevel() on ptolemy.moml.MoMLSimpleApplication@a0ae70e
reloadAllAccessors: .ConfigurationSelect2

===========================================================================================
----------------- testing Mon Jul 16 01:36:50 UTC 2018 /home/travis/build/icyphy/ptII/ptolemy/actor/lib/test/auto/ConfigurationSwitch.xml
----------------- Instantiating /home/travis/build/icyphy/ptII/ptolemy/actor/lib/test/auto/ConfigurationSwitch.xml
9 ms. Memory: 723456K Free: 69726K (10%)
----------------- Invoking toplevel() on ptolemy.moml.MoMLSimpleApplication@5fa3edc7
----------------- Done invoking toplevel() on ptolemy.moml.MoMLSimpleApplication@5fa3edc7
reloadAllAccessors: .ConfigurationSwitch

===========================================================================================
----------------- testing Mon Jul 16 01:36:50 UTC 2018 /home/travis/build/icyphy/ptII/ptolemy/actor/lib/test/auto/ConfigurationSwitch2.xml
----------------- Instantiating /home/travis/build/icyphy/ptII/ptolemy/actor/lib/test/auto/ConfigurationSwitch2.xml
4 ms. Memory: 723456K Free: 677029K (94%)
----------------- Invoking toplevel() on ptolemy.moml.MoMLSimpleApplication@5866cad0
----------------- Done invoking toplevel() on ptolemy.moml.MoMLSimpleApplication@5866cad0
reloadAllAccessors: .ConfigurationSwitch2

===========================================================================================
----------------- testing Mon Jul 16 01:36:50 UTC 2018 /home/travis/build/icyphy/ptII/ptolemy/actor/lib/test/auto/ConfigurationSwitchCloningBugWithClassRelationGroup.xml
----------------- Instantiating /home/travis/build/icyphy/ptII/ptolemy/actor/lib/test/auto/ConfigurationSwitchCloningBugWithClassRelationGroup.xml
1 ms. Memory: 723456K Free: 658407K (91%)
----------------- Invoking toplevel() on ptolemy.moml.MoMLSimpleApplication@79a642ee
----------------- Done invoking toplevel() on ptolemy.moml.MoMLSimpleApplication@79a642ee
reloadAllAccessors: .ConfigurationSwitchCloningBugWithClassRelationGroup

===========================================================================================
----------------- testing Mon Jul 16 01:36:50 UTC 2018 /home/travis/build/icyphy/ptII/ptolemy/actor/lib/test/auto/ConfigurationSwitchSelectSDF.xml
----------------- Instantiating /home/travis/build/icyphy/ptII/ptolemy/actor/lib/test/auto/ConfigurationSwitchSelectSDF.xml
2 ms. Memory: 723456K Free: 650071K (90%)
----------------- Invoking toplevel() on ptolemy.moml.MoMLSimpleApplication@5b4da5b7
----------------- Done invoking toplevel() on ptolemy.moml.MoMLSimpleApplication@5b4da5b7
reloadAllAccessors: .ConfigurationSwitchSelectSDF

===========================================================================================
----------------- testing Mon Jul 16 01:36:50 UTC 2018 /home/travis/build/icyphy/ptII/ptolemy/actor/lib/test/auto/ConfigurationSwitchSelectSDF2.xml
----------------- Instantiating /home/travis/build/icyphy/ptII/ptolemy/actor/lib/test/auto/ConfigurationSwitchSelectSDF2.xml
2 ms. Memory: 723456K Free: 635617K (88%)
----------------- Invoking toplevel() on ptolemy.moml.MoMLSimpleApplication@22ff777d
----------------- Done invoking toplevel() on ptolemy.moml.MoMLSimpleApplication@22ff777d
reloadAllAccessors: .ConfigurationSwitchSelectSDF2

===========================================================================================
----------------- testing Mon Jul 16 01:36:50 UTC 2018 /home/travis/build/icyphy/ptII/ptolemy/actor/lib/test/auto/Const.xml
----------------- Instantiating /home/travis/build/icyphy/ptII/ptolemy/actor/lib/test/auto/Const.xml
1 ms. Memory: 723456K Free: 627281K (87%)
----------------- Invoking toplevel() on ptolemy.moml.MoMLSimpleApplication@70584f28
----------------- Done invoking toplevel() on ptolemy.moml.MoMLSimpleApplication@70584f28
reloadAllAccessors: .Const

===========================================================================================
----------------- testing Mon Jul 16 01:36:50 UTC 2018 /home/travis/build/icyphy/ptII/ptolemy/actor/lib/test/auto/Const2.xml
----------------- Instantiating /home/travis/build/icyphy/ptII/ptolemy/actor/lib/test/auto/Const2.xml
1 ms. Memory: 723456K Free: 618946K (86%)
----------------- Invoking toplevel() on ptolemy.moml.MoMLSimpleApplication@3f5101cc
----------------- Done invoking toplevel() on ptolemy.moml.MoMLSimpleApplication@3f5101cc
reloadAllAccessors: .Const2

===========================================================================================
----------------- testing Mon Jul 16 01:36:50 UTC 2018 /home/travis/build/icyphy/ptII/ptolemy/actor/lib/test/auto/Const3.xml
----------------- Instantiating /home/travis/build/icyphy/ptII/ptolemy/actor/lib/test/auto/Const3.xml
1 ms. Memory: 723456K Free: 600428K (83%)
----------------- Invoking toplevel() on ptolemy.moml.MoMLSimpleApplication@382c75d6
----------------- Done invoking toplevel() on ptolemy.moml.MoMLSimpleApplication@382c75d6
reloadAllAccessors: .Const3

===========================================================================================
----------------- testing Mon Jul 16 01:36:50 UTC 2018 /home/travis/build/icyphy/ptII/ptolemy/actor/lib/test/auto/ConstantPublisherPort1.xml
----------------- Instantiating /home/travis/build/icyphy/ptII/ptolemy/actor/lib/test/auto/ConstantPublisherPort1.xml
6 ms. Memory: 723456K Free: 587824K (81%)
----------------- Invoking toplevel() on ptolemy.moml.MoMLSimpleApplication@4aa4dd3e
----------------- Done invoking toplevel() on ptolemy.moml.MoMLSimpleApplication@4aa4dd3e
reloadAllAccessors: .ConstantPublisherPort1

===========================================================================================
----------------- testing Mon Jul 16 01:36:50 UTC 2018 /home/travis/build/icyphy/ptII/ptolemy/actor/lib/test/auto/ConstantPublisherPort2.xml
----------------- Instantiating /home/travis/build/icyphy/ptII/ptolemy/actor/lib/test/auto/ConstantPublisherPort2.xml
8 ms. Memory: 723456K Free: 575305K (80%)
----------------- Invoking toplevel() on ptolemy.moml.MoMLSimpleApplication@51f262bb
----------------- Done invoking toplevel() on ptolemy.moml.MoMLSimpleApplication@51f262bb
reloadAllAccessors: .ConstantPublisherPort2

===========================================================================================
----------------- testing Mon Jul 16 01:36:50 UTC 2018 /home/travis/build/icyphy/ptII/ptolemy/actor/lib/test/auto/ConstantPublisherPort3.xml
----------------- Instantiating /home/travis/build/icyphy/ptII/ptolemy/actor/lib/test/auto/ConstantPublisherPort3.xml
6 ms. Memory: 723456K Free: 556667K (77%)
----------------- Invoking toplevel() on ptolemy.moml.MoMLSimpleApplication@34187ef5
----------------- Done invoking toplevel() on ptolemy.moml.MoMLSimpleApplication@34187ef5
reloadAllAccessors: .ConstantPublisherPort3

===========================================================================================
----------------- testing Mon Jul 16 01:36:50 UTC 2018 /home/travis/build/icyphy/ptII/ptolemy/actor/lib/test/auto/ConstantPublisherPort4.xml
----------------- Instantiating /home/travis/build/icyphy/ptII/ptolemy/actor/lib/test/auto/ConstantPublisherPort4.xml
4 ms. Memory: 723456K Free: 544148K (75%)
----------------- Invoking toplevel() on ptolemy.moml.MoMLSimpleApplication@1c02053
----------------- Done invoking toplevel() on ptolemy.moml.MoMLSimpleApplication@1c02053
reloadAllAccessors: .ConstantPublisherPort4

===========================================================================================
----------------- testing Mon Jul 16 01:36:50 UTC 2018 /home/travis/build/icyphy/ptII/ptolemy/actor/lib/test/auto/ConstantPublisherPort5.xml
----------------- Instantiating /home/travis/build/icyphy/ptII/ptolemy/actor/lib/test/auto/ConstantPublisherPort5.xml
25 ms. Memory: 723456K Free: 517182K (71%)
----------------- Invoking toplevel() on ptolemy.moml.MoMLSimpleApplication@119d7e3
----------------- Done invoking toplevel() on ptolemy.moml.MoMLSimpleApplication@119d7e3
reloadAllAccessors: .ConstantPublisherPort5

===========================================================================================
----------------- testing Mon Jul 16 01:36:50 UTC 2018 /home/travis/build/icyphy/ptII/ptolemy/actor/lib/test/auto/ConstantPublisherPort6.xml
----------------- Instantiating /home/travis/build/icyphy/ptII/ptolemy/actor/lib/test/auto/ConstantPublisherPort6.xml
18 ms. Memory: 723456K Free: 492160K (68%)
----------------- Invoking toplevel() on ptolemy.moml.MoMLSimpleApplication@7720b090
----------------- Done invoking toplevel() on ptolemy.moml.MoMLSimpleApplication@7720b090
reloadAllAccessors: .ConstantPublisherPort6

===========================================================================================
----------------- testing Mon Jul 16 01:36:50 UTC 2018 /home/travis/build/icyphy/ptII/ptolemy/actor/lib/test/auto/ConstantPublisherPort7.xml
----------------- Instantiating /home/travis/build/icyphy/ptII/ptolemy/actor/lib/test/auto/ConstantPublisherPort7.xml
17 ms. Memory: 723456K Free: 467138K (65%)
----------------- Invoking toplevel() on ptolemy.moml.MoMLSimpleApplication@49c5f05d
----------------- Done invoking toplevel() on ptolemy.moml.MoMLSimpleApplication@49c5f05d
reloadAllAccessors: .ConstantPublisherPort7

===========================================================================================
----------------- testing Mon Jul 16 01:36:50 UTC 2018 /home/travis/build/icyphy/ptII/ptolemy/actor/lib/test/auto/ConstraintMonitor1.xml
----------------- Instantiating /home/travis/build/icyphy/ptII/ptolemy/actor/lib/test/auto/ConstraintMonitor1.xml
3 ms. Memory: 723456K Free: 452683K (63%)
----------------- Invoking toplevel() on ptolemy.moml.MoMLSimpleApplication@2fb1fc22
----------------- Done invoking toplevel() on ptolemy.moml.MoMLSimpleApplication@2fb1fc22
reloadAllAccessors: .ConstraintMonitor1

===========================================================================================
----------------- testing Mon Jul 16 01:36:51 UTC 2018 /home/travis/build/icyphy/ptII/ptolemy/actor/lib/test/auto/ConstraintMonitor2.xml
----------------- Instantiating /home/travis/build/icyphy/ptII/ptolemy/actor/lib/test/auto/ConstraintMonitor2.xml
1 ms. Memory: 723456K Free: 444348K (61%)
----------------- Invoking toplevel() on ptolemy.moml.MoMLSimpleApplication@32c883f
----------------- Done invoking toplevel() on ptolemy.moml.MoMLSimpleApplication@32c883f
reloadAllAccessors: .ConstraintMonitor2

===========================================================================================
----------------- testing Mon Jul 16 01:36:51 UTC 2018 /home/travis/build/icyphy/ptII/ptolemy/actor/lib/test/auto/ConstraintMonitor3.xml
----------------- Instantiating /home/travis/build/icyphy/ptII/ptolemy/actor/lib/test/auto/ConstraintMonitor3.xml
2 ms. Memory: 723456K Free: 436012K (60%)
----------------- Invoking toplevel() on ptolemy.moml.MoMLSimpleApplication@578f86fd
----------------- Done invoking toplevel() on ptolemy.moml.MoMLSimpleApplication@578f86fd
reloadAllAccessors: .ConstraintMonitor3

===========================================================================================
----------------- testing Mon Jul 16 01:36:51 UTC 2018 /home/travis/build/icyphy/ptII/ptolemy/actor/lib/test/auto/ConstraintMonitor4.xml
----------------- Instantiating /home/travis/build/icyphy/ptII/ptolemy/actor/lib/test/auto/ConstraintMonitor4.xml
2 ms. Memory: 723456K Free: 421558K (58%)
----------------- Invoking toplevel() on ptolemy.moml.MoMLSimpleApplication@20787183
----------------- Done invoking toplevel() on ptolemy.moml.MoMLSimpleApplication@20787183
reloadAllAccessors: .ConstraintMonitor4

===========================================================================================
----------------- testing Mon Jul 16 01:36:51 UTC 2018 /home/travis/build/icyphy/ptII/ptolemy/actor/lib/test/auto/ConstraintMonitor5.xml
----------------- Instantiating /home/travis/build/icyphy/ptII/ptolemy/actor/lib/test/auto/ConstraintMonitor5.xml
1 ms. Memory: 723456K Free: 413222K (57%)
----------------- Invoking toplevel() on ptolemy.moml.MoMLSimpleApplication@265cddfb
----------------- Done invoking toplevel() on ptolemy.moml.MoMLSimpleApplication@265cddfb
reloadAllAccessors: .ConstraintMonitor5

===========================================================================================
----------------- testing Mon Jul 16 01:36:51 UTC 2018 /home/travis/build/icyphy/ptII/ptolemy/actor/lib/test/auto/ConstraintMonitor6.xml
----------------- Instantiating /home/travis/build/icyphy/ptII/ptolemy/actor/lib/test/auto/ConstraintMonitor6.xml
8 ms. Memory: 723456K Free: 398768K (55%)
----------------- Invoking toplevel() on ptolemy.moml.MoMLSimpleApplication@c5e6355
----------------- Done invoking toplevel() on ptolemy.moml.MoMLSimpleApplication@c5e6355
reloadAllAccessors: .ConstraintMonitor6

===========================================================================================
----------------- testing Mon Jul 16 01:36:51 UTC 2018 /home/travis/build/icyphy/ptII/ptolemy/actor/lib/test/auto/ConstraintMonitor7.xml
----------------- Instantiating /home/travis/build/icyphy/ptII/ptolemy/actor/lib/test/auto/ConstraintMonitor7.xml
6 ms. Memory: 723456K Free: 386249K (53%)
----------------- Invoking toplevel() on ptolemy.moml.MoMLSimpleApplication@eb85f25
----------------- Done invoking toplevel() on ptolemy.moml.MoMLSimpleApplication@eb85f25
reloadAllAccessors: .ConstraintMonitor7

===========================================================================================
----------------- testing Mon Jul 16 01:36:51 UTC 2018 /home/travis/build/icyphy/ptII/ptolemy/actor/lib/test/auto/ConstraintMonitor8.xml
----------------- Instantiating /home/travis/build/icyphy/ptII/ptolemy/actor/lib/test/auto/ConstraintMonitor8.xml
8 ms. Memory: 723456K Free: 373746K (52%)
----------------- Invoking toplevel() on ptolemy.moml.MoMLSimpleApplication@1c138fae
----------------- Done invoking toplevel() on ptolemy.moml.MoMLSimpleApplication@1c138fae
reloadAllAccessors: .ConstraintMonitor8

===========================================================================================
----------------- testing Mon Jul 16 01:36:51 UTC 2018 /home/travis/build/icyphy/ptII/ptolemy/actor/lib/test/auto/Counter.xml
----------------- Instantiating /home/travis/build/icyphy/ptII/ptolemy/actor/lib/test/auto/Counter.xml
3 ms. Memory: 723456K Free: 359291K (50%)
----------------- Invoking toplevel() on ptolemy.moml.MoMLSimpleApplication@5f777e67
----------------- Done invoking toplevel() on ptolemy.moml.MoMLSimpleApplication@5f777e67
reloadAllAccessors: .Counter

===========================================================================================
----------------- testing Mon Jul 16 01:36:51 UTC 2018 /home/travis/build/icyphy/ptII/ptolemy/actor/lib/test/auto/CurrentTimeSDF.xml
----------------- Instantiating /home/travis/build/icyphy/ptII/ptolemy/actor/lib/test/auto/CurrentTimeSDF.xml
1 ms. Memory: 723456K Free: 350956K (49%)
----------------- Invoking toplevel() on ptolemy.moml.MoMLSimpleApplication@4089758a
----------------- Done invoking toplevel() on ptolemy.moml.MoMLSimpleApplication@4089758a
reloadAllAccessors: .CurrentTimeSDF

===========================================================================================
----------------- testing Mon Jul 16 01:36:51 UTC 2018 /home/travis/build/icyphy/ptII/ptolemy/actor/lib/test/auto/DB.xml
----------------- Instantiating /home/travis/build/icyphy/ptII/ptolemy/actor/lib/test/auto/DB.xml
3 ms. Memory: 723456K Free: 336501K (47%)
----------------- Invoking toplevel() on ptolemy.moml.MoMLSimpleApplication@6fd97d70
----------------- Done invoking toplevel() on ptolemy.moml.MoMLSimpleApplication@6fd97d70
reloadAllAccessors: .DB

===========================================================================================
----------------- testing Mon Jul 16 01:36:51 UTC 2018 /home/travis/build/icyphy/ptII/ptolemy/actor/lib/test/auto/DBDE.xml
----------------- Instantiating /home/travis/build/icyphy/ptII/ptolemy/actor/lib/test/auto/DBDE.xml
2 ms. Memory: 723456K Free: 328166K (45%)
----------------- Invoking toplevel() on ptolemy.moml.MoMLSimpleApplication@4c968098
----------------- Done invoking toplevel() on ptolemy.moml.MoMLSimpleApplication@4c968098
reloadAllAccessors: .DBDE

===========================================================================================
----------------- testing Mon Jul 16 01:36:51 UTC 2018 /home/travis/build/icyphy/ptII/ptolemy/actor/lib/test/auto/DateConstructor.xml
----------------- Instantiating /home/travis/build/icyphy/ptII/ptolemy/actor/lib/test/auto/DateConstructor.xml
17 ms. Memory: 723456K Free: 307303K (42%)
----------------- Invoking toplevel() on ptolemy.moml.MoMLSimpleApplication@2816ace8
----------------- Done invoking toplevel() on ptolemy.moml.MoMLSimpleApplication@2816ace8
reloadAllAccessors: .DateConstructor

===========================================================================================
----------------- testing Mon Jul 16 01:36:51 UTC 2018 /home/travis/build/icyphy/ptII/ptolemy/actor/lib/test/auto/DelayTime.xml
----------------- Instantiating /home/travis/build/icyphy/ptII/ptolemy/actor/lib/test/auto/DelayTime.xml
3 ms. Memory: 723456K Free: 292849K (40%)
----------------- Invoking toplevel() on ptolemy.moml.MoMLSimpleApplication@5fa7a641
----------------- Done invoking toplevel() on ptolemy.moml.MoMLSimpleApplication@5fa7a641
reloadAllAccessors: .DelayTime

===========================================================================================
----------------- testing Mon Jul 16 01:36:51 UTC 2018 /home/travis/build/icyphy/ptII/ptolemy/actor/lib/test/auto/Dictionary1.xml
----------------- Instantiating /home/travis/build/icyphy/ptII/ptolemy/actor/lib/test/auto/Dictionary1.xml
2 ms. Memory: 723456K Free: 284513K (39%)
----------------- Invoking toplevel() on ptolemy.moml.MoMLSimpleApplication@179a2244
----------------- Done invoking toplevel() on ptolemy.moml.MoMLSimpleApplication@179a2244
reloadAllAccessors: .Dictionary1

===========================================================================================
----------------- testing Mon Jul 16 01:36:51 UTC 2018 /home/travis/build/icyphy/ptII/ptolemy/actor/lib/test/auto/Dictionary2.xml
----------------- Instantiating /home/travis/build/icyphy/ptII/ptolemy/actor/lib/test/auto/Dictionary2.xml
4 ms. Memory: 723456K Free: 276178K (38%)
----------------- Invoking toplevel() on ptolemy.moml.MoMLSimpleApplication@3aa0be4d
----------------- Done invoking toplevel() on ptolemy.moml.MoMLSimpleApplication@3aa0be4d
reloadAllAccessors: .Dictionary2

===========================================================================================
----------------- testing Mon Jul 16 01:36:51 UTC 2018 /home/travis/build/icyphy/ptII/ptolemy/actor/lib/test/auto/Dictionary3.xml
----------------- Instantiating /home/travis/build/icyphy/ptII/ptolemy/actor/lib/test/auto/Dictionary3.xml
1 ms. Memory: 723456K Free: 261723K (36%)
----------------- Invoking toplevel() on ptolemy.moml.MoMLSimpleApplication@7c516f90
----------------- Done invoking toplevel() on ptolemy.moml.MoMLSimpleApplication@7c516f90
reloadAllAccessors: .Dictionary3

===========================================================================================
----------------- testing Mon Jul 16 01:36:51 UTC 2018 /home/travis/build/icyphy/ptII/ptolemy/actor/lib/test/auto/Dictionary4.xml
----------------- Instantiating /home/travis/build/icyphy/ptII/ptolemy/actor/lib/test/auto/Dictionary4.xml
3 ms. Memory: 723456K Free: 249220K (34%)
----------------- Invoking toplevel() on ptolemy.moml.MoMLSimpleApplication@62f58c2
----------------- Done invoking toplevel() on ptolemy.moml.MoMLSimpleApplication@62f58c2
reloadAllAccessors: .Dictionary4

===========================================================================================
----------------- testing Mon Jul 16 01:36:51 UTC 2018 /home/travis/build/icyphy/ptII/ptolemy/actor/lib/test/auto/Differential.xml
----------------- Instantiating /home/travis/build/icyphy/ptII/ptolemy/actor/lib/test/auto/Differential.xml
4 ms. Memory: 723456K Free: 234766K (32%)
----------------- Invoking toplevel() on ptolemy.moml.MoMLSimpleApplication@5edb3a8f
----------------- Done invoking toplevel() on ptolemy.moml.MoMLSimpleApplication@5edb3a8f
reloadAllAccessors: .Differential

===========================================================================================
----------------- testing Mon Jul 16 01:36:51 UTC 2018 /home/travis/build/icyphy/ptII/ptolemy/actor/lib/test/auto/Director.xml
----------------- Instantiating /home/travis/build/icyphy/ptII/ptolemy/actor/lib/test/auto/Director.xml
2 ms. Memory: 723456K Free: 226430K (31%)
----------------- Invoking toplevel() on ptolemy.moml.MoMLSimpleApplication@511229cc
----------------- Done invoking toplevel() on ptolemy.moml.MoMLSimpleApplication@511229cc
reloadAllAccessors: .Director

===========================================================================================
----------------- testing Mon Jul 16 01:36:51 UTC 2018 /home/travis/build/icyphy/ptII/ptolemy/actor/lib/test/auto/DiscreteClock.xml
----------------- Instantiating /home/travis/build/icyphy/ptII/ptolemy/actor/lib/test/auto/DiscreteClock.xml
2 ms. Memory: 723456K Free: 218095K (30%)
----------------- Invoking toplevel() on ptolemy.moml.MoMLSimpleApplication@5c89d2d6
----------------- Done invoking toplevel() on ptolemy.moml.MoMLSimpleApplication@5c89d2d6
reloadAllAccessors: .DiscreteClock

===========================================================================================
----------------- testing Mon Jul 16 01:36:51 UTC 2018 /home/travis/build/icyphy/ptII/ptolemy/actor/lib/test/auto/DiscreteClock10.xml
----------------- Instantiating /home/travis/build/icyphy/ptII/ptolemy/actor/lib/test/auto/DiscreteClock10.xml
4 ms. Memory: 723456K Free: 203640K (28%)
----------------- Invoking toplevel() on ptolemy.moml.MoMLSimpleApplication@587f3bc9
----------------- Done invoking toplevel() on ptolemy.moml.MoMLSimpleApplication@587f3bc9
reloadAllAccessors: .DiscreteClock10

===========================================================================================
----------------- testing Mon Jul 16 01:36:51 UTC 2018 /home/travis/build/icyphy/ptII/ptolemy/actor/lib/test/auto/DiscreteClock11.xml
----------------- Instantiating /home/travis/build/icyphy/ptII/ptolemy/actor/lib/test/auto/DiscreteClock11.xml
2 ms. Memory: 723456K Free: 195305K (27%)
----------------- Invoking toplevel() on ptolemy.moml.MoMLSimpleApplication@31e9b54d
----------------- Done invoking toplevel() on ptolemy.moml.MoMLSimpleApplication@31e9b54d
reloadAllAccessors: .DiscreteClock11

===========================================================================================
----------------- testing Mon Jul 16 01:36:51 UTC 2018 /home/travis/build/icyphy/ptII/ptolemy/actor/lib/test/auto/DiscreteClock12.xml
----------------- Instantiating /home/travis/build/icyphy/ptII/ptolemy/actor/lib/test/auto/DiscreteClock12.xml
2 ms. Memory: 723456K Free: 186969K (26%)
----------------- Invoking toplevel() on ptolemy.moml.MoMLSimpleApplication@31fdad55
----------------- Done invoking toplevel() on ptolemy.moml.MoMLSimpleApplication@31fdad55
reloadAllAccessors: .DiscreteClock12

===========================================================================================
----------------- testing Mon Jul 16 01:36:51 UTC 2018 /home/travis/build/icyphy/ptII/ptolemy/actor/lib/test/auto/DiscreteClock13.xml
----------------- Instantiating /home/travis/build/icyphy/ptII/ptolemy/actor/lib/test/auto/DiscreteClock13.xml
9 ms. Memory: 723456K Free: 172515K (24%)
----------------- Invoking toplevel() on ptolemy.moml.MoMLSimpleApplication@11e9cad4
----------------- Done invoking toplevel() on ptolemy.moml.MoMLSimpleApplication@11e9cad4
reloadAllAccessors: .DiscreteClock13

===========================================================================================
----------------- testing Mon Jul 16 01:36:51 UTC 2018 /home/travis/build/icyphy/ptII/ptolemy/actor/lib/test/auto/DiscreteClock14.xml
----------------- Instantiating /home/travis/build/icyphy/ptII/ptolemy/actor/lib/test/auto/DiscreteClock14.xml
3 ms. Memory: 723456K Free: 164179K (23%)
----------------- Invoking toplevel() on ptolemy.moml.MoMLSimpleApplication@6f2c86b9
----------------- Done invoking toplevel() on ptolemy.moml.MoMLSimpleApplication@6f2c86b9
reloadAllAccessors: .DiscreteClock14

===========================================================================================
----------------- testing Mon Jul 16 01:36:51 UTC 2018 /home/travis/build/icyphy/ptII/ptolemy/actor/lib/test/auto/DiscreteClock15.xml
----------------- Instantiating /home/travis/build/icyphy/ptII/ptolemy/actor/lib/test/auto/DiscreteClock15.xml
2 ms. Memory: 723456K Free: 149725K (21%)
----------------- Invoking toplevel() on ptolemy.moml.MoMLSimpleApplication@6a37aec0
----------------- Done invoking toplevel() on ptolemy.moml.MoMLSimpleApplication@6a37aec0
reloadAllAccessors: .DiscreteClock15

===========================================================================================
----------------- testing Mon Jul 16 01:36:51 UTC 2018 /home/travis/build/icyphy/ptII/ptolemy/actor/lib/test/auto/DiscreteClock16.xml
----------------- Instantiating /home/travis/build/icyphy/ptII/ptolemy/actor/lib/test/auto/DiscreteClock16.xml
17 ms. Memory: 723456K Free: 133038K (18%)
----------------- Invoking toplevel() on ptolemy.moml.MoMLSimpleApplication@592cbc56
----------------- Done invoking toplevel() on ptolemy.moml.MoMLSimpleApplication@592cbc56
reloadAllAccessors: .DiscreteClock16

===========================================================================================
----------------- testing Mon Jul 16 01:36:51 UTC 2018 /home/travis/build/icyphy/ptII/ptolemy/actor/lib/test/auto/DiscreteClock17.xml
----------------- Instantiating /home/travis/build/icyphy/ptII/ptolemy/actor/lib/test/auto/DiscreteClock17.xml
13 ms. Memory: 723456K Free: 116351K (16%)
----------------- Invoking toplevel() on ptolemy.moml.MoMLSimpleApplication@1b0ed13
----------------- Done invoking toplevel() on ptolemy.moml.MoMLSimpleApplication@1b0ed13
reloadAllAccessors: .DiscreteClock17

===========================================================================================
----------------- testing Mon Jul 16 01:36:51 UTC 2018 /home/travis/build/icyphy/ptII/ptolemy/actor/lib/test/auto/DiscreteClock18.xml
----------------- Instantiating /home/travis/build/icyphy/ptII/ptolemy/actor/lib/test/auto/DiscreteClock18.xml
18 ms. Memory: 723456K Free: 93537K (13%)
----------------- Invoking toplevel() on ptolemy.moml.MoMLSimpleApplication@76021c20
----------------- Done invoking toplevel() on ptolemy.moml.MoMLSimpleApplication@76021c20
reloadAllAccessors: .DiscreteClock18

===========================================================================================
----------------- testing Mon Jul 16 01:36:51 UTC 2018 /home/travis/build/icyphy/ptII/ptolemy/actor/lib/test/auto/DiscreteClock19.xml
----------------- Instantiating /home/travis/build/icyphy/ptII/ptolemy/actor/lib/test/auto/DiscreteClock19.xml
18 ms. Memory: 723456K Free: 76834K (11%)
----------------- Invoking toplevel() on ptolemy.moml.MoMLSimpleApplication@668d79a8
----------------- Done invoking toplevel() on ptolemy.moml.MoMLSimpleApplication@668d79a8
reloadAllAccessors: .DiscreteClock19

===========================================================================================
----------------- testing Mon Jul 16 01:36:51 UTC 2018 /home/travis/build/icyphy/ptII/ptolemy/actor/lib/test/auto/DiscreteClock2.xml
----------------- Instantiating /home/travis/build/icyphy/ptII/ptolemy/actor/lib/test/auto/DiscreteClock2.xml
4 ms. Memory: 723456K Free: 68499K (9%)
----------------- Invoking toplevel() on ptolemy.moml.MoMLSimpleApplication@2bfa988a
----------------- Done invoking toplevel() on ptolemy.moml.MoMLSimpleApplication@2bfa988a
reloadAllAccessors: .DiscreteClock2

===========================================================================================
----------------- testing Mon Jul 16 01:36:51 UTC 2018 /home/travis/build/icyphy/ptII/ptolemy/actor/lib/test/auto/DiscreteClock20.xml
----------------- Instantiating /home/travis/build/icyphy/ptII/ptolemy/actor/lib/test/auto/DiscreteClock20.xml
13 ms. Memory: 1098752K Free: 1044846K (95%)
----------------- Invoking toplevel() on ptolemy.moml.MoMLSimpleApplication@1c7f9c33
----------------- Done invoking toplevel() on ptolemy.moml.MoMLSimpleApplication@1c7f9c33
reloadAllAccessors: .DiscreteClock20

===========================================================================================
----------------- testing Mon Jul 16 01:36:51 UTC 2018 /home/travis/build/icyphy/ptII/ptolemy/actor/lib/test/auto/DiscreteClock21.xml
----------------- Instantiating /home/travis/build/icyphy/ptII/ptolemy/actor/lib/test/auto/DiscreteClock21.xml
11 ms. Memory: 1098752K Free: 1023967K (93%)
----------------- Invoking toplevel() on ptolemy.moml.MoMLSimpleApplication@74d0edc
----------------- Done invoking toplevel() on ptolemy.moml.MoMLSimpleApplication@74d0edc
reloadAllAccessors: .DiscreteClock21

===========================================================================================
----------------- testing Mon Jul 16 01:36:51 UTC 2018 /home/travis/build/icyphy/ptII/ptolemy/actor/lib/test/auto/DiscreteClock22.xml
----------------- Instantiating /home/travis/build/icyphy/ptII/ptolemy/actor/lib/test/auto/DiscreteClock22.xml
4 ms. Memory: 1098752K Free: 1013875K (92%)
----------------- Invoking toplevel() on ptolemy.moml.MoMLSimpleApplication@76177bed
----------------- Done invoking toplevel() on ptolemy.moml.MoMLSimpleApplication@76177bed
reloadAllAccessors: .DiscreteClock22

===========================================================================================
----------------- testing Mon Jul 16 01:36:51 UTC 2018 /home/travis/build/icyphy/ptII/ptolemy/actor/lib/test/auto/DiscreteClock23.xml
----------------- Instantiating /home/travis/build/icyphy/ptII/ptolemy/actor/lib/test/auto/DiscreteClock23.xml
7 ms. Memory: 1098752K Free: 1003870K (91%)
----------------- Invoking toplevel() on ptolemy.moml.MoMLSimpleApplication@5e1576e
----------------- Done invoking toplevel() on ptolemy.moml.MoMLSimpleApplication@5e1576e
reloadAllAccessors: .DiscreteClock23

===========================================================================================
----------------- testing Mon Jul 16 01:36:51 UTC 2018 /home/travis/build/icyphy/ptII/ptolemy/actor/lib/test/auto/DiscreteClock24.xml
----------------- Instantiating /home/travis/build/icyphy/ptII/ptolemy/actor/lib/test/auto/DiscreteClock24.xml
9 ms. Memory: 1115136K Free: 1057834K (95%)
----------------- Invoking toplevel() on ptolemy.moml.MoMLSimpleApplication@7c2182c2
----------------- Done invoking toplevel() on ptolemy.moml.MoMLSimpleApplication@7c2182c2
reloadAllAccessors: .DiscreteClock24

===========================================================================================
----------------- testing Mon Jul 16 01:36:52 UTC 2018 /home/travis/build/icyphy/ptII/ptolemy/actor/lib/test/auto/DiscreteClock4.xml
----------------- Instantiating /home/travis/build/icyphy/ptII/ptolemy/actor/lib/test/auto/DiscreteClock4.xml
3 ms. Memory: 1115136K Free: 1040290K (93%)
----------------- Invoking toplevel() on ptolemy.moml.MoMLSimpleApplication@46d1c3f1
----------------- Done invoking toplevel() on ptolemy.moml.MoMLSimpleApplication@46d1c3f1
reloadAllAccessors: .DiscreteClock4

===========================================================================================
----------------- testing Mon Jul 16 01:36:52 UTC 2018 /home/travis/build/icyphy/ptII/ptolemy/actor/lib/test/auto/DiscreteClock5.xml
----------------- Instantiating /home/travis/build/icyphy/ptII/ptolemy/actor/lib/test/auto/DiscreteClock5.xml
1 ms. Memory: 1115136K Free: 1030286K (92%)
----------------- Invoking toplevel() on ptolemy.moml.MoMLSimpleApplication@5554d238
----------------- Done invoking toplevel() on ptolemy.moml.MoMLSimpleApplication@5554d238
reloadAllAccessors: .DiscreteClock5

===========================================================================================
----------------- testing Mon Jul 16 01:36:52 UTC 2018 /home/travis/build/icyphy/ptII/ptolemy/actor/lib/test/auto/DiscreteClock6.xml
----------------- Instantiating /home/travis/build/icyphy/ptII/ptolemy/actor/lib/test/auto/DiscreteClock6.xml
1 ms. Memory: 1115136K Free: 1020281K (91%)
----------------- Invoking toplevel() on ptolemy.moml.MoMLSimpleApplication@4c47e04d
----------------- Done invoking toplevel() on ptolemy.moml.MoMLSimpleApplication@4c47e04d
reloadAllAccessors: .DiscreteClock6

===========================================================================================
----------------- testing Mon Jul 16 01:36:52 UTC 2018 /home/travis/build/icyphy/ptII/ptolemy/actor/lib/test/auto/DiscreteClock7.xml
----------------- Instantiating /home/travis/build/icyphy/ptII/ptolemy/actor/lib/test/auto/DiscreteClock7.xml
1 ms. Memory: 1115136K Free: 1002737K (90%)
----------------- Invoking toplevel() on ptolemy.moml.MoMLSimpleApplication@6fb9803b
----------------- Done invoking toplevel() on ptolemy.moml.MoMLSimpleApplication@6fb9803b
reloadAllAccessors: .DiscreteClock7

===========================================================================================
----------------- testing Mon Jul 16 01:36:52 UTC 2018 /home/travis/build/icyphy/ptII/ptolemy/actor/lib/test/auto/DiscreteClock8.xml
----------------- Instantiating /home/travis/build/icyphy/ptII/ptolemy/actor/lib/test/auto/DiscreteClock8.xml
8 ms. Memory: 1115136K Free: 992733K (89%)
----------------- Invoking toplevel() on ptolemy.moml.MoMLSimpleApplication@45c15929
----------------- Done invoking toplevel() on ptolemy.moml.MoMLSimpleApplication@45c15929
reloadAllAccessors: .DiscreteClock8

===========================================================================================
----------------- testing Mon Jul 16 01:36:52 UTC 2018 /home/travis/build/icyphy/ptII/ptolemy/actor/lib/test/auto/DiscreteClock9.xml
----------------- Instantiating /home/travis/build/icyphy/ptII/ptolemy/actor/lib/test/auto/DiscreteClock9.xml
5 ms. Memory: 1115136K Free: 982728K (88%)
----------------- Invoking toplevel() on ptolemy.moml.MoMLSimpleApplication@5c4b0b7c
----------------- Done invoking toplevel() on ptolemy.moml.MoMLSimpleApplication@5c4b0b7c
reloadAllAccessors: .DiscreteClock9

===========================================================================================
----------------- testing Mon Jul 16 01:36:52 UTC 2018 /home/travis/build/icyphy/ptII/ptolemy/actor/lib/test/auto/DisplayArray.xml
----------------- Instantiating /home/travis/build/icyphy/ptII/ptolemy/actor/lib/test/auto/DisplayArray.xml
2 ms. Memory: 1115136K Free: 965096K (87%)
----------------- Invoking toplevel() on ptolemy.moml.MoMLSimpleApplication@3b9e25e6
----------------- Done invoking toplevel() on ptolemy.moml.MoMLSimpleApplication@3b9e25e6
reloadAllAccessors: .DisplayArray

===========================================================================================
----------------- testing Mon Jul 16 01:36:52 UTC 2018 /home/travis/build/icyphy/ptII/ptolemy/actor/lib/test/auto/Distributor.xml
----------------- Instantiating /home/travis/build/icyphy/ptII/ptolemy/actor/lib/test/auto/Distributor.xml
2 ms. Memory: 1115136K Free: 955092K (86%)
----------------- Invoking toplevel() on ptolemy.moml.MoMLSimpleApplication@40532ee2
----------------- Done invoking toplevel() on ptolemy.moml.MoMLSimpleApplication@40532ee2
reloadAllAccessors: .Distributor

===========================================================================================
----------------- testing Mon Jul 16 01:36:52 UTC 2018 /home/travis/build/icyphy/ptII/ptolemy/actor/lib/test/auto/Distributor2.xml
----------------- Instantiating /home/travis/build/icyphy/ptII/ptolemy/actor/lib/test/auto/Distributor2.xml
1 ms. Memory: 1115136K Free: 945087K (85%)
----------------- Invoking toplevel() on ptolemy.moml.MoMLSimpleApplication@7f1e11a9
----------------- Done invoking toplevel() on ptolemy.moml.MoMLSimpleApplication@7f1e11a9
reloadAllAccessors: .Distributor2

===========================================================================================
----------------- testing Mon Jul 16 01:36:52 UTC 2018 /home/travis/build/icyphy/ptII/ptolemy/actor/lib/test/auto/DownSample.xml
----------------- Instantiating /home/travis/build/icyphy/ptII/ptolemy/actor/lib/test/auto/DownSample.xml
2 ms. Memory: 1115136K Free: 927544K (83%)
----------------- Invoking toplevel() on ptolemy.moml.MoMLSimpleApplication@562216fe
----------------- Done invoking toplevel() on ptolemy.moml.MoMLSimpleApplication@562216fe
reloadAllAccessors: .DownSample

===========================================================================================
----------------- testing Mon Jul 16 01:36:52 UTC 2018 /home/travis/build/icyphy/ptII/ptolemy/actor/lib/test/auto/ElectronicUnitBase1.xml
----------------- Instantiating /home/travis/build/icyphy/ptII/ptolemy/actor/lib/test/auto/ElectronicUnitBase1.xml
20 ms. Memory: 1115136K Free: 907519K (81%)
----------------- Invoking toplevel() on ptolemy.moml.MoMLSimpleApplication@5c269c54
----------------- Done invoking toplevel() on ptolemy.moml.MoMLSimpleApplication@5c269c54
reloadAllAccessors: .ElectronicUnitBase1

===========================================================================================
----------------- testing Mon Jul 16 01:36:52 UTC 2018 /home/travis/build/icyphy/ptII/ptolemy/actor/lib/test/auto/ElementsToArray.xml
----------------- Instantiating /home/travis/build/icyphy/ptII/ptolemy/actor/lib/test/auto/ElementsToArray.xml
3 ms. Memory: 1115136K Free: 897514K (80%)
----------------- Invoking toplevel() on ptolemy.moml.MoMLSimpleApplication@5777214a
----------------- Done invoking toplevel() on ptolemy.moml.MoMLSimpleApplication@5777214a
reloadAllAccessors: .ElementsToArray

===========================================================================================
----------------- testing Mon Jul 16 01:36:52 UTC 2018 /home/travis/build/icyphy/ptII/ptolemy/actor/lib/test/auto/Equals.xml
----------------- Instantiating /home/travis/build/icyphy/ptII/ptolemy/actor/lib/test/auto/Equals.xml
3 ms. Memory: 1115136K Free: 879970K (79%)
----------------- Invoking toplevel() on ptolemy.moml.MoMLSimpleApplication@4f20056e
----------------- Done invoking toplevel() on ptolemy.moml.MoMLSimpleApplication@4f20056e
reloadAllAccessors: .Equals

===========================================================================================
----------------- testing Mon Jul 16 01:36:52 UTC 2018 /home/travis/build/icyphy/ptII/ptolemy/actor/lib/test/auto/Exec.xml
----------------- Instantiating /home/travis/build/icyphy/ptII/ptolemy/actor/lib/test/auto/Exec.xml
9 ms. Memory: 1115136K Free: 854959K (77%)
----------------- Invoking toplevel() on ptolemy.moml.MoMLSimpleApplication@2bc09d27
----------------- Done invoking toplevel() on ptolemy.moml.MoMLSimpleApplication@2bc09d27
reloadAllAccessors: .Exec

===========================================================================================
----------------- testing Mon Jul 16 01:36:52 UTC 2018 /home/travis/build/icyphy/ptII/ptolemy/actor/lib/test/auto/ExecEnvironment.xml
----------------- Instantiating /home/travis/build/icyphy/ptII/ptolemy/actor/lib/test/auto/ExecEnvironment.xml
23 ms. Memory: 1115136K Free: 839952K (75%)
----------------- Invoking toplevel() on ptolemy.moml.MoMLSimpleApplication@70729c06
----------------- Done invoking toplevel() on ptolemy.moml.MoMLSimpleApplication@70729c06
reloadAllAccessors: .ExecEnvironment

===========================================================================================
----------------- testing Mon Jul 16 01:36:52 UTC 2018 /home/travis/build/icyphy/ptII/ptolemy/actor/lib/test/auto/ExecNonZeroReturnOutput.xml
----------------- Instantiating /home/travis/build/icyphy/ptII/ptolemy/actor/lib/test/auto/ExecNonZeroReturnOutput.xml
130 ms. Memory: 1115136K Free: 757378K (68%)
----------------- Invoking toplevel() on ptolemy.moml.MoMLSimpleApplication@11c0d325
----------------- Done invoking toplevel() on ptolemy.moml.MoMLSimpleApplication@11c0d325
reloadAllAccessors: .ExecNonZeroReturnOutput

===========================================================================================
----------------- testing Mon Jul 16 01:36:53 UTC 2018 /home/travis/build/icyphy/ptII/ptolemy/actor/lib/test/auto/ExecRunDemos.xml
----------------- Instantiating /home/travis/build/icyphy/ptII/ptolemy/actor/lib/test/auto/ExecRunDemos.xml
Finished: 38 ms. Memory: 116224K Free: 100104K (86%)

Finished: 54 ms. Memory: 116224K Free: 96344K (83%)

Finished: 82 ms. Memory: 116224K Free: 96950K (83%)

Finished: 71 ms. Memory: 116224K Free: 98236K (85%)

Finished: 50 ms. Memory: 116224K Free: 99505K (86%)

9585 ms. Memory: 1115136K Free: 687316K (62%)
----------------- Invoking toplevel() on ptolemy.moml.MoMLSimpleApplication@1606fc86
----------------- Done invoking toplevel() on ptolemy.moml.MoMLSimpleApplication@1606fc86
reloadAllAccessors: .ExecRunDemos

===========================================================================================
----------------- testing Mon Jul 16 01:37:02 UTC 2018 /home/travis/build/icyphy/ptII/ptolemy/actor/lib/test/auto/ExecStop.xml
----------------- Instantiating /home/travis/build/icyphy/ptII/ptolemy/actor/lib/test/auto/ExecStop.xml
5019 ms. Memory: 1115136K Free: 512237K (46%)
----------------- Invoking toplevel() on ptolemy.moml.MoMLSimpleApplication@5c151a2f
----------------- Done invoking toplevel() on ptolemy.moml.MoMLSimpleApplication@5c151a2f
reloadAllAccessors: .ExecStop

===========================================================================================
----------------- testing Mon Jul 16 01:37:07 UTC 2018 /home/travis/build/icyphy/ptII/ptolemy/actor/lib/test/auto/ExecutionTimeSDF.xml
----------------- Instantiating /home/travis/build/icyphy/ptII/ptolemy/actor/lib/test/auto/ExecutionTimeSDF.xml
Fired ExecutionTime: -1927367296
Fired ExecutionTime: 920800000
Fired ExecutionTime: -1346967296
6004 ms. Memory: 1115136K Free: 497222K (45%)
----------------- Invoking toplevel() on ptolemy.moml.MoMLSimpleApplication@4fa6eb4c
----------------- Done invoking toplevel() on ptolemy.moml.MoMLSimpleApplication@4fa6eb4c
reloadAllAccessors: .ExecutionTimeSDF

===========================================================================================
----------------- testing Mon Jul 16 01:37:13 UTC 2018 /home/travis/build/icyphy/ptII/ptolemy/actor/lib/test/auto/Expression1.xml
----------------- Instantiating /home/travis/build/icyphy/ptII/ptolemy/actor/lib/test/auto/Expression1.xml
2 ms. Memory: 1115136K Free: 479678K (43%)
----------------- Invoking toplevel() on ptolemy.moml.MoMLSimpleApplication@633ab257
----------------- Done invoking toplevel() on ptolemy.moml.MoMLSimpleApplication@633ab257
reloadAllAccessors: .Expression1

===========================================================================================
----------------- testing Mon Jul 16 01:37:13 UTC 2018 /home/travis/build/icyphy/ptII/ptolemy/actor/lib/test/auto/Expression10.xml
----------------- Instantiating /home/travis/build/icyphy/ptII/ptolemy/actor/lib/test/auto/Expression10.xml
5 ms. Memory: 1115136K Free: 469674K (42%)
----------------- Invoking toplevel() on ptolemy.moml.MoMLSimpleApplication@16b4a168
----------------- Done invoking toplevel() on ptolemy.moml.MoMLSimpleApplication@16b4a168
reloadAllAccessors: .Expression10

===========================================================================================
----------------- testing Mon Jul 16 01:37:13 UTC 2018 /home/travis/build/icyphy/ptII/ptolemy/actor/lib/test/auto/Expression11.xml
----------------- Instantiating /home/travis/build/icyphy/ptII/ptolemy/actor/lib/test/auto/Expression11.xml
2 ms. Memory: 1115136K Free: 459669K (41%)
----------------- Invoking toplevel() on ptolemy.moml.MoMLSimpleApplication@7ab9f514
----------------- Done invoking toplevel() on ptolemy.moml.MoMLSimpleApplication@7ab9f514
reloadAllAccessors: .Expression11

===========================================================================================
----------------- testing Mon Jul 16 01:37:13 UTC 2018 /home/travis/build/icyphy/ptII/ptolemy/actor/lib/test/auto/Expression12.xml
----------------- Instantiating /home/travis/build/icyphy/ptII/ptolemy/actor/lib/test/auto/Expression12.xml
4 ms. Memory: 1115136K Free: 442125K (40%)
----------------- Invoking toplevel() on ptolemy.moml.MoMLSimpleApplication@30fbdf2
----------------- Done invoking toplevel() on ptolemy.moml.MoMLSimpleApplication@30fbdf2
reloadAllAccessors: .Expression12

===========================================================================================
----------------- testing Mon Jul 16 01:37:13 UTC 2018 /home/travis/build/icyphy/ptII/ptolemy/actor/lib/test/auto/Expression13.xml
----------------- Instantiating /home/travis/build/icyphy/ptII/ptolemy/actor/lib/test/auto/Expression13.xml
4 ms. Memory: 1115136K Free: 432121K (39%)
----------------- Invoking toplevel() on ptolemy.moml.MoMLSimpleApplication@2b5f9f5f
----------------- Done invoking toplevel() on ptolemy.moml.MoMLSimpleApplication@2b5f9f5f
reloadAllAccessors: .Expression13

===========================================================================================
----------------- testing Mon Jul 16 01:37:13 UTC 2018 /home/travis/build/icyphy/ptII/ptolemy/actor/lib/test/auto/Expression14.xml
----------------- Instantiating /home/travis/build/icyphy/ptII/ptolemy/actor/lib/test/auto/Expression14.xml
4 ms. Memory: 1115136K Free: 422116K (38%)
----------------- Invoking toplevel() on ptolemy.moml.MoMLSimpleApplication@5c5860ce
----------------- Done invoking toplevel() on ptolemy.moml.MoMLSimpleApplication@5c5860ce
reloadAllAccessors: .Expression14

===========================================================================================
----------------- testing Mon Jul 16 01:37:13 UTC 2018 /home/travis/build/icyphy/ptII/ptolemy/actor/lib/test/auto/Expression15.xml
----------------- Instantiating /home/travis/build/icyphy/ptII/ptolemy/actor/lib/test/auto/Expression15.xml
1 ms. Memory: 1115136K Free: 404572K (36%)
----------------- Invoking toplevel() on ptolemy.moml.MoMLSimpleApplication@3922cdcc
----------------- Done invoking toplevel() on ptolemy.moml.MoMLSimpleApplication@3922cdcc
reloadAllAccessors: .Expression15

===========================================================================================
----------------- testing Mon Jul 16 01:37:13 UTC 2018 /home/travis/build/icyphy/ptII/ptolemy/actor/lib/test/auto/Expression16.xml
----------------- Instantiating /home/travis/build/icyphy/ptII/ptolemy/actor/lib/test/auto/Expression16.xml
3 ms. Memory: 1115136K Free: 394568K (35%)
----------------- Invoking toplevel() on ptolemy.moml.MoMLSimpleApplication@7c8906ef
----------------- Done invoking toplevel() on ptolemy.moml.MoMLSimpleApplication@7c8906ef
reloadAllAccessors: .Expression16

===========================================================================================
----------------- testing Mon Jul 16 01:37:13 UTC 2018 /home/travis/build/icyphy/ptII/ptolemy/actor/lib/test/auto/Expression17.xml
----------------- Instantiating /home/travis/build/icyphy/ptII/ptolemy/actor/lib/test/auto/Expression17.xml
4 ms. Memory: 1115136K Free: 384563K (34%)
----------------- Invoking toplevel() on ptolemy.moml.MoMLSimpleApplication@2118ae1
----------------- Done invoking toplevel() on ptolemy.moml.MoMLSimpleApplication@2118ae1
reloadAllAccessors: .Expression17

===========================================================================================
----------------- testing Mon Jul 16 01:37:14 UTC 2018 /home/travis/build/icyphy/ptII/ptolemy/actor/lib/test/auto/Expression18.xml
----------------- Instantiating /home/travis/build/icyphy/ptII/ptolemy/actor/lib/test/auto/Expression18.xml
2 ms. Memory: 1115136K Free: 367020K (33%)
----------------- Invoking toplevel() on ptolemy.moml.MoMLSimpleApplication@2a22d1a9
----------------- Done invoking toplevel() on ptolemy.moml.MoMLSimpleApplication@2a22d1a9
reloadAllAccessors: .Expression18

===========================================================================================
----------------- testing Mon Jul 16 01:37:14 UTC 2018 /home/travis/build/icyphy/ptII/ptolemy/actor/lib/test/auto/Expression2.xml
----------------- Instantiating /home/travis/build/icyphy/ptII/ptolemy/actor/lib/test/auto/Expression2.xml
3 ms. Memory: 1115136K Free: 357015K (32%)
----------------- Invoking toplevel() on ptolemy.moml.MoMLSimpleApplication@3d7d775a
----------------- Done invoking toplevel() on ptolemy.moml.MoMLSimpleApplication@3d7d775a
reloadAllAccessors: .Expression2

===========================================================================================
----------------- testing Mon Jul 16 01:37:14 UTC 2018 /home/travis/build/icyphy/ptII/ptolemy/actor/lib/test/auto/Expression3.xml
----------------- Instantiating /home/travis/build/icyphy/ptII/ptolemy/actor/lib/test/auto/Expression3.xml
2 ms. Memory: 1115136K Free: 347011K (31%)
----------------- Invoking toplevel() on ptolemy.moml.MoMLSimpleApplication@5f70f6a6
----------------- Done invoking toplevel() on ptolemy.moml.MoMLSimpleApplication@5f70f6a6
reloadAllAccessors: .Expression3

===========================================================================================
----------------- testing Mon Jul 16 01:37:14 UTC 2018 /home/travis/build/icyphy/ptII/ptolemy/actor/lib/test/auto/Expression4.xml
----------------- Instantiating /home/travis/build/icyphy/ptII/ptolemy/actor/lib/test/auto/Expression4.xml
4 ms. Memory: 1115136K Free: 324449K (29%)
----------------- Invoking toplevel() on ptolemy.moml.MoMLSimpleApplication@23bb3427
----------------- Done invoking toplevel() on ptolemy.moml.MoMLSimpleApplication@23bb3427
reloadAllAccessors: .Expression4

===========================================================================================
----------------- testing Mon Jul 16 01:37:14 UTC 2018 /home/travis/build/icyphy/ptII/ptolemy/actor/lib/test/auto/Expression5.xml
----------------- Instantiating /home/travis/build/icyphy/ptII/ptolemy/actor/lib/test/auto/Expression5.xml
3 ms. Memory: 1115136K Free: 314444K (28%)
----------------- Invoking toplevel() on ptolemy.moml.MoMLSimpleApplication@514e862e
----------------- Done invoking toplevel() on ptolemy.moml.MoMLSimpleApplication@514e862e
reloadAllAccessors: .Expression5

===========================================================================================
----------------- testing Mon Jul 16 01:37:14 UTC 2018 /home/travis/build/icyphy/ptII/ptolemy/actor/lib/test/auto/Expression6.xml
----------------- Instantiating /home/travis/build/icyphy/ptII/ptolemy/actor/lib/test/auto/Expression6.xml
3 ms. Memory: 1115136K Free: 304439K (27%)
----------------- Invoking toplevel() on ptolemy.moml.MoMLSimpleApplication@20386e8d
----------------- Done invoking toplevel() on ptolemy.moml.MoMLSimpleApplication@20386e8d
reloadAllAccessors: .Expression6

===========================================================================================
----------------- testing Mon Jul 16 01:37:14 UTC 2018 /home/travis/build/icyphy/ptII/ptolemy/actor/lib/test/auto/Expression7.xml
----------------- Instantiating /home/travis/build/icyphy/ptII/ptolemy/actor/lib/test/auto/Expression7.xml
3 ms. Memory: 1115136K Free: 294435K (26%)
----------------- Invoking toplevel() on ptolemy.moml.MoMLSimpleApplication@408d2602
----------------- Done invoking toplevel() on ptolemy.moml.MoMLSimpleApplication@408d2602
reloadAllAccessors: .Expression7

===========================================================================================
----------------- testing Mon Jul 16 01:37:14 UTC 2018 /home/travis/build/icyphy/ptII/ptolemy/actor/lib/test/auto/Expression8.xml
----------------- Instantiating /home/travis/build/icyphy/ptII/ptolemy/actor/lib/test/auto/Expression8.xml
3 ms. Memory: 1115136K Free: 276891K (25%)
----------------- Invoking toplevel() on ptolemy.moml.MoMLSimpleApplication@34cd74c8
----------------- Done invoking toplevel() on ptolemy.moml.MoMLSimpleApplication@34cd74c8
reloadAllAccessors: .Expression8

===========================================================================================
----------------- testing Mon Jul 16 01:37:14 UTC 2018 /home/travis/build/icyphy/ptII/ptolemy/actor/lib/test/auto/Expression9.xml
----------------- Instantiating /home/travis/build/icyphy/ptII/ptolemy/actor/lib/test/auto/Expression9.xml
1 ms. Memory: 1115136K Free: 266887K (24%)
----------------- Invoking toplevel() on ptolemy.moml.MoMLSimpleApplication@60e62f53
----------------- Done invoking toplevel() on ptolemy.moml.MoMLSimpleApplication@60e62f53
reloadAllAccessors: .Expression9

===========================================================================================
----------------- testing Mon Jul 16 01:37:14 UTC 2018 /home/travis/build/icyphy/ptII/ptolemy/actor/lib/test/auto/ExpressionConcatenateArrayType.xml
----------------- Instantiating /home/travis/build/icyphy/ptII/ptolemy/actor/lib/test/auto/ExpressionConcatenateArrayType.xml
3 ms. Memory: 1115136K Free: 251864K (23%)
----------------- Invoking toplevel() on ptolemy.moml.MoMLSimpleApplication@63e345c0
----------------- Done invoking toplevel() on ptolemy.moml.MoMLSimpleApplication@63e345c0
reloadAllAccessors: .ExpressionConcatenateArrayType

===========================================================================================
----------------- testing Mon Jul 16 01:37:14 UTC 2018 /home/travis/build/icyphy/ptII/ptolemy/actor/lib/test/auto/ExpressionConcatenateArrayType2.xml
----------------- Instantiating /home/travis/build/icyphy/ptII/ptolemy/actor/lib/test/auto/ExpressionConcatenateArrayType2.xml
1 ms. Memory: 1115136K Free: 234320K (21%)
----------------- Invoking toplevel() on ptolemy.moml.MoMLSimpleApplication@37d85c96
----------------- Done invoking toplevel() on ptolemy.moml.MoMLSimpleApplication@37d85c96
reloadAllAccessors: .ExpressionConcatenateArrayType2

===========================================================================================
----------------- testing Mon Jul 16 01:37:14 UTC 2018 /home/travis/build/icyphy/ptII/ptolemy/actor/lib/test/auto/ExpressionFix.xml
----------------- Instantiating /home/travis/build/icyphy/ptII/ptolemy/actor/lib/test/auto/ExpressionFix.xml
8 ms. Memory: 1115136K Free: 224316K (20%)
----------------- Invoking toplevel() on ptolemy.moml.MoMLSimpleApplication@2ae356e2
----------------- Done invoking toplevel() on ptolemy.moml.MoMLSimpleApplication@2ae356e2
reloadAllAccessors: .ExpressionFix

===========================================================================================
----------------- testing Mon Jul 16 01:37:14 UTC 2018 /home/travis/build/icyphy/ptII/ptolemy/actor/lib/test/auto/ExpressionFix2.xml
----------------- Instantiating /home/travis/build/icyphy/ptII/ptolemy/actor/lib/test/auto/ExpressionFix2.xml
2 ms. Memory: 1115136K Free: 214311K (19%)
----------------- Invoking toplevel() on ptolemy.moml.MoMLSimpleApplication@5a599dbf
----------------- Done invoking toplevel() on ptolemy.moml.MoMLSimpleApplication@5a599dbf
reloadAllAccessors: .ExpressionFix2

===========================================================================================
----------------- testing Mon Jul 16 01:37:14 UTC 2018 /home/travis/build/icyphy/ptII/ptolemy/actor/lib/test/auto/ExpressionFix3.xml
----------------- Instantiating /home/travis/build/icyphy/ptII/ptolemy/actor/lib/test/auto/ExpressionFix3.xml
3 ms. Memory: 1115136K Free: 196767K (18%)
----------------- Invoking toplevel() on ptolemy.moml.MoMLSimpleApplication@90dde58
----------------- Done invoking toplevel() on ptolemy.moml.MoMLSimpleApplication@90dde58
reloadAllAccessors: .ExpressionFix3

===========================================================================================
----------------- testing Mon Jul 16 01:37:14 UTC 2018 /home/travis/build/icyphy/ptII/ptolemy/actor/lib/test/auto/FileWriter1.xml
----------------- Instantiating /home/travis/build/icyphy/ptII/ptolemy/actor/lib/test/auto/FileWriter1.xml
2 ms. Memory: 1115136K Free: 186763K (17%)
----------------- Invoking toplevel() on ptolemy.moml.MoMLSimpleApplication@202411d9
----------------- Done invoking toplevel() on ptolemy.moml.MoMLSimpleApplication@202411d9
reloadAllAccessors: .FileWriter1

===========================================================================================
----------------- testing Mon Jul 16 01:37:14 UTC 2018 /home/travis/build/icyphy/ptII/ptolemy/actor/lib/test/auto/FileWriter2.xml
----------------- Instantiating /home/travis/build/icyphy/ptII/ptolemy/actor/lib/test/auto/FileWriter2.xml
6 ms. Memory: 1115136K Free: 176758K (16%)
----------------- Invoking toplevel() on ptolemy.moml.MoMLSimpleApplication@60365d4c
----------------- Done invoking toplevel() on ptolemy.moml.MoMLSimpleApplication@60365d4c
reloadAllAccessors: .FileWriter2

===========================================================================================
----------------- testing Mon Jul 16 01:37:14 UTC 2018 /home/travis/build/icyphy/ptII/ptolemy/actor/lib/test/auto/FileWriter3.xml
----------------- Instantiating /home/travis/build/icyphy/ptII/ptolemy/actor/lib/test/auto/FileWriter3.xml
2 ms. Memory: 1115136K Free: 159214K (14%)
----------------- Invoking toplevel() on ptolemy.moml.MoMLSimpleApplication@243557e7
----------------- Done invoking toplevel() on ptolemy.moml.MoMLSimpleApplication@243557e7
reloadAllAccessors: .FileWriter3

===========================================================================================
----------------- testing Mon Jul 16 01:37:14 UTC 2018 /home/travis/build/icyphy/ptII/ptolemy/actor/lib/test/auto/Gaussian.xml
----------------- Instantiating /home/travis/build/icyphy/ptII/ptolemy/actor/lib/test/auto/Gaussian.xml
3 ms. Memory: 1115136K Free: 149210K (13%)
----------------- Invoking toplevel() on ptolemy.moml.MoMLSimpleApplication@6341a455
----------------- Done invoking toplevel() on ptolemy.moml.MoMLSimpleApplication@6341a455
reloadAllAccessors: .Gaussian

===========================================================================================
----------------- testing Mon Jul 16 01:37:14 UTC 2018 /home/travis/build/icyphy/ptII/ptolemy/actor/lib/test/auto/Gaussian1.xml
----------------- Instantiating /home/travis/build/icyphy/ptII/ptolemy/actor/lib/test/auto/Gaussian1.xml
2 ms. Memory: 1115136K Free: 139205K (12%)
----------------- Invoking toplevel() on ptolemy.moml.MoMLSimpleApplication@3bde4d5b
----------------- Done invoking toplevel() on ptolemy.moml.MoMLSimpleApplication@3bde4d5b
reloadAllAccessors: .Gaussian1

===========================================================================================
----------------- testing Mon Jul 16 01:37:14 UTC 2018 /home/travis/build/icyphy/ptII/ptolemy/actor/lib/test/auto/Gaussian2.xml
----------------- Instantiating /home/travis/build/icyphy/ptII/ptolemy/actor/lib/test/auto/Gaussian2.xml
2 ms. Memory: 1115136K Free: 121662K (11%)
----------------- Invoking toplevel() on ptolemy.moml.MoMLSimpleApplication@46c636e8
----------------- Done invoking toplevel() on ptolemy.moml.MoMLSimpleApplication@46c636e8
reloadAllAccessors: .Gaussian2

===========================================================================================
----------------- testing Mon Jul 16 01:37:14 UTC 2018 /home/travis/build/icyphy/ptII/ptolemy/actor/lib/test/auto/GradientAdaptiveLattice.xml
----------------- Instantiating /home/travis/build/icyphy/ptII/ptolemy/actor/lib/test/auto/GradientAdaptiveLattice.xml
2 ms. Memory: 1115136K Free: 111657K (10%)
----------------- Invoking toplevel() on ptolemy.moml.MoMLSimpleApplication@30136a5f
----------------- Done invoking toplevel() on ptolemy.moml.MoMLSimpleApplication@30136a5f
reloadAllAccessors: .GradientAdaptiveLattice

===========================================================================================
----------------- testing Mon Jul 16 01:37:14 UTC 2018 /home/travis/build/icyphy/ptII/ptolemy/actor/lib/test/auto/IIR.xml
----------------- Instantiating /home/travis/build/icyphy/ptII/ptolemy/actor/lib/test/auto/IIR.xml
3 ms. Memory: 1115136K Free: 101652K (9%)
----------------- Invoking toplevel() on ptolemy.moml.MoMLSimpleApplication@120d2e88
----------------- Done invoking toplevel() on ptolemy.moml.MoMLSimpleApplication@120d2e88
reloadAllAccessors: .IIR

===========================================================================================
----------------- testing Mon Jul 16 01:37:14 UTC 2018 /home/travis/build/icyphy/ptII/ptolemy/actor/lib/test/auto/InputOutputTransparentPorts.xml
----------------- Instantiating /home/travis/build/icyphy/ptII/ptolemy/actor/lib/test/auto/InputOutputTransparentPorts.xml
5 ms. Memory: 1115136K Free: 86645K (8%)
----------------- Invoking toplevel() on ptolemy.moml.MoMLSimpleApplication@50864fe6
----------------- Done invoking toplevel() on ptolemy.moml.MoMLSimpleApplication@50864fe6
reloadAllAccessors: .InputOutputTransparentPorts

===========================================================================================
----------------- testing Mon Jul 16 01:37:14 UTC 2018 /home/travis/build/icyphy/ptII/ptolemy/actor/lib/test/auto/Interpolator.xml
----------------- Instantiating /home/travis/build/icyphy/ptII/ptolemy/actor/lib/test/auto/Interpolator.xml
3 ms. Memory: 1298944K Free: 1251610K (96%)
----------------- Invoking toplevel() on ptolemy.moml.MoMLSimpleApplication@5bb44d95
----------------- Done invoking toplevel() on ptolemy.moml.MoMLSimpleApplication@5bb44d95
reloadAllAccessors: .Interpolator

===========================================================================================
----------------- testing Mon Jul 16 01:37:14 UTC 2018 /home/travis/build/icyphy/ptII/ptolemy/actor/lib/test/auto/InterpolatorFiringLimitDE.xml
----------------- Instantiating /home/travis/build/icyphy/ptII/ptolemy/actor/lib/test/auto/InterpolatorFiringLimitDE.xml
2 ms. Memory: 1298944K Free: 1232709K (95%)
----------------- Invoking toplevel() on ptolemy.moml.MoMLSimpleApplication@74506960
----------------- Done invoking toplevel() on ptolemy.moml.MoMLSimpleApplication@74506960
reloadAllAccessors: .InterpolatorFiringLimitDE

===========================================================================================
----------------- testing Mon Jul 16 01:37:14 UTC 2018 /home/travis/build/icyphy/ptII/ptolemy/actor/lib/test/auto/Lattice.xml
----------------- Instantiating /home/travis/build/icyphy/ptII/ptolemy/actor/lib/test/auto/Lattice.xml
1 ms. Memory: 1298944K Free: 1220703K (94%)
----------------- Invoking toplevel() on ptolemy.moml.MoMLSimpleApplication@5d94b4af
----------------- Done invoking toplevel() on ptolemy.moml.MoMLSimpleApplication@5d94b4af
reloadAllAccessors: .Lattice

===========================================================================================
----------------- testing Mon Jul 16 01:37:14 UTC 2018 /home/travis/build/icyphy/ptII/ptolemy/actor/lib/test/auto/LazyAOCTestLazy.xml
----------------- Instantiating /home/travis/build/icyphy/ptII/ptolemy/actor/lib/test/auto/LazyAOCTestLazy.xml
6 ms. Memory: 1298944K Free: 1201802K (93%)
----------------- Invoking toplevel() on ptolemy.moml.MoMLSimpleApplication@420e3ae7
----------------- Done invoking toplevel() on ptolemy.moml.MoMLSimpleApplication@420e3ae7
reloadAllAccessors: .LazyAOCTestLazy

===========================================================================================
----------------- testing Mon Jul 16 01:37:14 UTC 2018 /home/travis/build/icyphy/ptII/ptolemy/actor/lib/test/auto/LazyAOCTestNonLazy.xml
----------------- Instantiating /home/travis/build/icyphy/ptII/ptolemy/actor/lib/test/auto/LazyAOCTestNonLazy.xml
10 ms. Memory: 1298944K Free: 1189795K (92%)
----------------- Invoking toplevel() on ptolemy.moml.MoMLSimpleApplication@7a8293f2
----------------- Done invoking toplevel() on ptolemy.moml.MoMLSimpleApplication@7a8293f2
reloadAllAccessors: .LazyAOCTestNonLazy

===========================================================================================
----------------- testing Mon Jul 16 01:37:14 UTC 2018 /home/travis/build/icyphy/ptII/ptolemy/actor/lib/test/auto/LazyInnerClass.xml
----------------- Instantiating /home/travis/build/icyphy/ptII/ptolemy/actor/lib/test/auto/LazyInnerClass.xml
20 ms. Memory: 1298944K Free: 1177789K (91%)
----------------- Invoking toplevel() on ptolemy.moml.MoMLSimpleApplication@5ed4ba76
----------------- Done invoking toplevel() on ptolemy.moml.MoMLSimpleApplication@5ed4ba76
reloadAllAccessors: .LazyInnerClass

===========================================================================================
----------------- testing Mon Jul 16 01:37:14 UTC 2018 /home/travis/build/icyphy/ptII/ptolemy/actor/lib/test/auto/LazyPubSub.xml
----------------- Instantiating /home/travis/build/icyphy/ptII/ptolemy/actor/lib/test/auto/LazyPubSub.xml
23 ms. Memory: 1298944K Free: 1158888K (89%)
----------------- Invoking toplevel() on ptolemy.moml.MoMLSimpleApplication@11fe72f9
----------------- Done invoking toplevel() on ptolemy.moml.MoMLSimpleApplication@11fe72f9
reloadAllAccessors: .LazyPubSub

===========================================================================================
----------------- testing Mon Jul 16 01:37:14 UTC 2018 /home/travis/build/icyphy/ptII/ptolemy/actor/lib/test/auto/LazyPubSub2.xml
----------------- Instantiating /home/travis/build/icyphy/ptII/ptolemy/actor/lib/test/auto/LazyPubSub2.xml
20 ms. Memory: 1298944K Free: 1146813K (88%)
----------------- Invoking toplevel() on ptolemy.moml.MoMLSimpleApplication@ef13dfe
----------------- Done invoking toplevel() on ptolemy.moml.MoMLSimpleApplication@ef13dfe
reloadAllAccessors: .LazyPubSub2

===========================================================================================
----------------- testing Mon Jul 16 01:37:14 UTC 2018 /home/travis/build/icyphy/ptII/ptolemy/actor/lib/test/auto/LazyPubSub3.xml
----------------- Instantiating /home/travis/build/icyphy/ptII/ptolemy/actor/lib/test/auto/LazyPubSub3.xml
10 ms. Memory: 1298944K Free: 1134807K (87%)
----------------- Invoking toplevel() on ptolemy.moml.MoMLSimpleApplication@3922da78
----------------- Done invoking toplevel() on ptolemy.moml.MoMLSimpleApplication@3922da78
reloadAllAccessors: .LazyPubSub3

===========================================================================================
----------------- testing Mon Jul 16 01:37:14 UTC 2018 /home/travis/build/icyphy/ptII/ptolemy/actor/lib/test/auto/LazySubClassModel.xml
----------------- Instantiating /home/travis/build/icyphy/ptII/ptolemy/actor/lib/test/auto/LazySubClassModel.xml
2 ms. Memory: 1298944K Free: 1109887K (85%)
----------------- Invoking toplevel() on ptolemy.moml.MoMLSimpleApplication@754ecabf
----------------- Done invoking toplevel() on ptolemy.moml.MoMLSimpleApplication@754ecabf
reloadAllAccessors: .LazySubClassModel

===========================================================================================
----------------- testing Mon Jul 16 01:37:14 UTC 2018 /home/travis/build/icyphy/ptII/ptolemy/actor/lib/test/auto/LevelCrossTest1.xml
----------------- Instantiating /home/travis/build/icyphy/ptII/ptolemy/actor/lib/test/auto/LevelCrossTest1.xml
2 ms. Memory: 1298944K Free: 1097880K (85%)
----------------- Invoking toplevel() on ptolemy.moml.MoMLSimpleApplication@cf4920e
----------------- Done invoking toplevel() on ptolemy.moml.MoMLSimpleApplication@cf4920e
reloadAllAccessors: .broken

===========================================================================================
----------------- testing Mon Jul 16 01:37:14 UTC 2018 /home/travis/build/icyphy/ptII/ptolemy/actor/lib/test/auto/LevelCrossTest10.xml
----------------- Instantiating /home/travis/build/icyphy/ptII/ptolemy/actor/lib/test/auto/LevelCrossTest10.xml
1 ms. Memory: 1298944K Free: 1085874K (84%)
----------------- Invoking toplevel() on ptolemy.moml.MoMLSimpleApplication@6c74cce
----------------- Done invoking toplevel() on ptolemy.moml.MoMLSimpleApplication@6c74cce
reloadAllAccessors: .LevelCrossTest10

===========================================================================================
----------------- testing Mon Jul 16 01:37:14 UTC 2018 /home/travis/build/icyphy/ptII/ptolemy/actor/lib/test/auto/LevelCrossTest11.xml
----------------- Instantiating /home/travis/build/icyphy/ptII/ptolemy/actor/lib/test/auto/LevelCrossTest11.xml
1 ms. Memory: 1298944K Free: 1066973K (82%)
----------------- Invoking toplevel() on ptolemy.moml.MoMLSimpleApplication@1d38162d
----------------- Done invoking toplevel() on ptolemy.moml.MoMLSimpleApplication@1d38162d
reloadAllAccessors: .LevelCrossTest11

===========================================================================================
----------------- testing Mon Jul 16 01:37:14 UTC 2018 /home/travis/build/icyphy/ptII/ptolemy/actor/lib/test/auto/LevelCrossTest12.xml
----------------- Instantiating /home/travis/build/icyphy/ptII/ptolemy/actor/lib/test/auto/LevelCrossTest12.xml
1 ms. Memory: 1298944K Free: 1054967K (81%)
----------------- Invoking toplevel() on ptolemy.moml.MoMLSimpleApplication@47462ead
----------------- Done invoking toplevel() on ptolemy.moml.MoMLSimpleApplication@47462ead
reloadAllAccessors: .LevelCrossTest12

===========================================================================================
----------------- testing Mon Jul 16 01:37:14 UTC 2018 /home/travis/build/icyphy/ptII/ptolemy/actor/lib/test/auto/LevelCrossTest13.xml
----------------- Instantiating /home/travis/build/icyphy/ptII/ptolemy/actor/lib/test/auto/LevelCrossTest13.xml
1 ms. Memory: 1298944K Free: 1036941K (80%)
----------------- Invoking toplevel() on ptolemy.moml.MoMLSimpleApplication@5a58c4a3
----------------- Done invoking toplevel() on ptolemy.moml.MoMLSimpleApplication@5a58c4a3
reloadAllAccessors: .LevelCrossTest13

===========================================================================================
----------------- testing Mon Jul 16 01:37:14 UTC 2018 /home/travis/build/icyphy/ptII/ptolemy/actor/lib/test/auto/LevelCrossTest2.xml
----------------- Instantiating /home/travis/build/icyphy/ptII/ptolemy/actor/lib/test/auto/LevelCrossTest2.xml
1 ms. Memory: 1298944K Free: 1018040K (78%)
----------------- Invoking toplevel() on ptolemy.moml.MoMLSimpleApplication@3110b879
----------------- Done invoking toplevel() on ptolemy.moml.MoMLSimpleApplication@3110b879
reloadAllAccessors: .broken

===========================================================================================
----------------- testing Mon Jul 16 01:37:14 UTC 2018 /home/travis/build/icyphy/ptII/ptolemy/actor/lib/test/auto/LevelCrossTest3.xml
----------------- Instantiating /home/travis/build/icyphy/ptII/ptolemy/actor/lib/test/auto/LevelCrossTest3.xml
2 ms. Memory: 1298944K Free: 1006034K (77%)
----------------- Invoking toplevel() on ptolemy.moml.MoMLSimpleApplication@326e3e71
----------------- Done invoking toplevel() on ptolemy.moml.MoMLSimpleApplication@326e3e71
reloadAllAccessors: .LevelCrossTest3

===========================================================================================
----------------- testing Mon Jul 16 01:37:14 UTC 2018 /home/travis/build/icyphy/ptII/ptolemy/actor/lib/test/auto/LevelCrossTest4.xml
----------------- Instantiating /home/travis/build/icyphy/ptII/ptolemy/actor/lib/test/auto/LevelCrossTest4.xml
1 ms. Memory: 1298944K Free: 994027K (77%)
----------------- Invoking toplevel() on ptolemy.moml.MoMLSimpleApplication@427e5c2b
----------------- Done invoking toplevel() on ptolemy.moml.MoMLSimpleApplication@427e5c2b
reloadAllAccessors: .broken

===========================================================================================
----------------- testing Mon Jul 16 01:37:14 UTC 2018 /home/travis/build/icyphy/ptII/ptolemy/actor/lib/test/auto/LevelCrossTest5.xml
----------------- Instantiating /home/travis/build/icyphy/ptII/ptolemy/actor/lib/test/auto/LevelCrossTest5.xml
1 ms. Memory: 1298944K Free: 975126K (75%)
----------------- Invoking toplevel() on ptolemy.moml.MoMLSimpleApplication@318bec83
----------------- Done invoking toplevel() on ptolemy.moml.MoMLSimpleApplication@318bec83
reloadAllAccessors: .LevelCrossTest5

===========================================================================================
----------------- testing Mon Jul 16 01:37:14 UTC 2018 /home/travis/build/icyphy/ptII/ptolemy/actor/lib/test/auto/LevelCrossTest6.xml
----------------- Instantiating /home/travis/build/icyphy/ptII/ptolemy/actor/lib/test/auto/LevelCrossTest6.xml
1 ms. Memory: 1298944K Free: 963120K (74%)
----------------- Invoking toplevel() on ptolemy.moml.MoMLSimpleApplication@1a658a68
----------------- Done invoking toplevel() on ptolemy.moml.MoMLSimpleApplication@1a658a68
reloadAllAccessors: .LevelCrossTest6

===========================================================================================
----------------- testing Mon Jul 16 01:37:14 UTC 2018 /home/travis/build/icyphy/ptII/ptolemy/actor/lib/test/auto/LevelCrossTest7.xml
----------------- Instantiating /home/travis/build/icyphy/ptII/ptolemy/actor/lib/test/auto/LevelCrossTest7.xml
1 ms. Memory: 1298944K Free: 951113K (73%)
----------------- Invoking toplevel() on ptolemy.moml.MoMLSimpleApplication@a880c93
----------------- Done invoking toplevel() on ptolemy.moml.MoMLSimpleApplication@a880c93
reloadAllAccessors: .LevelCrossTest7

===========================================================================================
----------------- testing Mon Jul 16 01:37:15 UTC 2018 /home/travis/build/icyphy/ptII/ptolemy/actor/lib/test/auto/LevelCrossTest8.xml
----------------- Instantiating /home/travis/build/icyphy/ptII/ptolemy/actor/lib/test/auto/LevelCrossTest8.xml
1 ms. Memory: 1298944K Free: 926209K (71%)
----------------- Invoking toplevel() on ptolemy.moml.MoMLSimpleApplication@43fb2edf
----------------- Done invoking toplevel() on ptolemy.moml.MoMLSimpleApplication@43fb2edf
reloadAllAccessors: .LevelCrossTest8

===========================================================================================
----------------- testing Mon Jul 16 01:37:15 UTC 2018 /home/travis/build/icyphy/ptII/ptolemy/actor/lib/test/auto/LevelCrossTest9.xml
----------------- Instantiating /home/travis/build/icyphy/ptII/ptolemy/actor/lib/test/auto/LevelCrossTest9.xml
1 ms. Memory: 1298944K Free: 914203K (70%)
----------------- Invoking toplevel() on ptolemy.moml.MoMLSimpleApplication@52ba602b
----------------- Done invoking toplevel() on ptolemy.moml.MoMLSimpleApplication@52ba602b
reloadAllAccessors: .LevelCrossTest9

===========================================================================================
----------------- testing Mon Jul 16 01:37:15 UTC 2018 /home/travis/build/icyphy/ptII/ptolemy/actor/lib/test/auto/LevinsonDurbin.xml
----------------- Instantiating /home/travis/build/icyphy/ptII/ptolemy/actor/lib/test/auto/LevinsonDurbin.xml
1 ms. Memory: 1298944K Free: 895302K (69%)
----------------- Invoking toplevel() on ptolemy.moml.MoMLSimpleApplication@79a3bfd9
----------------- Done invoking toplevel() on ptolemy.moml.MoMLSimpleApplication@79a3bfd9
reloadAllAccessors: .LevinsonDurbin

===========================================================================================
----------------- testing Mon Jul 16 01:37:15 UTC 2018 /home/travis/build/icyphy/ptII/ptolemy/actor/lib/test/auto/LevinsonDurbin2.xml
----------------- Instantiating /home/travis/build/icyphy/ptII/ptolemy/actor/lib/test/auto/LevinsonDurbin2.xml
2 ms. Memory: 1298944K Free: 883295K (68%)
----------------- Invoking toplevel() on ptolemy.moml.MoMLSimpleApplication@2d87dd48
----------------- Done invoking toplevel() on ptolemy.moml.MoMLSimpleApplication@2d87dd48
reloadAllAccessors: .LevinsonDurbin2

===========================================================================================
----------------- testing Mon Jul 16 01:37:15 UTC 2018 /home/travis/build/icyphy/ptII/ptolemy/actor/lib/test/auto/LevinsonDurbin3.xml
----------------- Instantiating /home/travis/build/icyphy/ptII/ptolemy/actor/lib/test/auto/LevinsonDurbin3.xml
1 ms. Memory: 1298944K Free: 871289K (67%)
----------------- Invoking toplevel() on ptolemy.moml.MoMLSimpleApplication@4018f475
----------------- Done invoking toplevel() on ptolemy.moml.MoMLSimpleApplication@4018f475
reloadAllAccessors: .LevinsonDurbin3

===========================================================================================
----------------- testing Mon Jul 16 01:37:15 UTC 2018 /home/travis/build/icyphy/ptII/ptolemy/actor/lib/test/auto/Limiter.xml
----------------- Instantiating /home/travis/build/icyphy/ptII/ptolemy/actor/lib/test/auto/Limiter.xml
4 ms. Memory: 1298944K Free: 846369K (65%)
----------------- Invoking toplevel() on ptolemy.moml.MoMLSimpleApplication@3d730120
----------------- Done invoking toplevel() on ptolemy.moml.MoMLSimpleApplication@3d730120
reloadAllAccessors: .Limiter

===========================================================================================
----------------- testing Mon Jul 16 01:37:15 UTC 2018 /home/travis/build/icyphy/ptII/ptolemy/actor/lib/test/auto/LinearDifferenceEquationSystem.xml
----------------- Instantiating /home/travis/build/icyphy/ptII/ptolemy/actor/lib/test/auto/LinearDifferenceEquationSystem.xml
3 ms. Memory: 1298944K Free: 834362K (64%)
----------------- Invoking toplevel() on ptolemy.moml.MoMLSimpleApplication@26a1e448
----------------- Done invoking toplevel() on ptolemy.moml.MoMLSimpleApplication@26a1e448
reloadAllAccessors: .LinearDifferenceEquationSystem

===========================================================================================
----------------- testing Mon Jul 16 01:37:15 UTC 2018 /home/travis/build/icyphy/ptII/ptolemy/actor/lib/test/auto/LookupTable.xml
----------------- Instantiating /home/travis/build/icyphy/ptII/ptolemy/actor/lib/test/auto/LookupTable.xml
1 ms. Memory: 1298944K Free: 822356K (63%)
----------------- Invoking toplevel() on ptolemy.moml.MoMLSimpleApplication@1845361
----------------- Done invoking toplevel() on ptolemy.moml.MoMLSimpleApplication@1845361
reloadAllAccessors: .LookupTable

===========================================================================================
----------------- testing Mon Jul 16 01:37:15 UTC 2018 /home/travis/build/icyphy/ptII/ptolemy/actor/lib/test/auto/MathFunction.xml
----------------- Instantiating /home/travis/build/icyphy/ptII/ptolemy/actor/lib/test/auto/MathFunction.xml
2 ms. Memory: 1298944K Free: 797452K (61%)
----------------- Invoking toplevel() on ptolemy.moml.MoMLSimpleApplication@49f48f7d
----------------- Done invoking toplevel() on ptolemy.moml.MoMLSimpleApplication@49f48f7d
reloadAllAccessors: .MathFunction

===========================================================================================
----------------- testing Mon Jul 16 01:37:15 UTC 2018 /home/travis/build/icyphy/ptII/ptolemy/actor/lib/test/auto/MathFunction2.xml
----------------- Instantiating /home/travis/build/icyphy/ptII/ptolemy/actor/lib/test/auto/MathFunction2.xml
1 ms. Memory: 1298944K Free: 785445K (60%)
----------------- Invoking toplevel() on ptolemy.moml.MoMLSimpleApplication@103b07c1
----------------- Done invoking toplevel() on ptolemy.moml.MoMLSimpleApplication@103b07c1
reloadAllAccessors: .MathFunction2

===========================================================================================
----------------- testing Mon Jul 16 01:37:15 UTC 2018 /home/travis/build/icyphy/ptII/ptolemy/actor/lib/test/auto/MathFunction3.xml
----------------- Instantiating /home/travis/build/icyphy/ptII/ptolemy/actor/lib/test/auto/MathFunction3.xml
2 ms. Memory: 1298944K Free: 773439K (60%)
----------------- Invoking toplevel() on ptolemy.moml.MoMLSimpleApplication@47744c86
----------------- Done invoking toplevel() on ptolemy.moml.MoMLSimpleApplication@47744c86
reloadAllAccessors: .MathFunction3

===========================================================================================
----------------- testing Mon Jul 16 01:37:15 UTC 2018 /home/travis/build/icyphy/ptII/ptolemy/actor/lib/test/auto/MatrixCropBoolean.xml
----------------- Instantiating /home/travis/build/icyphy/ptII/ptolemy/actor/lib/test/auto/MatrixCropBoolean.xml
1 ms. Memory: 1298944K Free: 754538K (58%)
----------------- Invoking toplevel() on ptolemy.moml.MoMLSimpleApplication@11a7bc1a
----------------- Done invoking toplevel() on ptolemy.moml.MoMLSimpleApplication@11a7bc1a
reloadAllAccessors: .MatrixCropBoolean

===========================================================================================
----------------- testing Mon Jul 16 01:37:15 UTC 2018 /home/travis/build/icyphy/ptII/ptolemy/actor/lib/test/auto/MatrixCropComplex.xml
----------------- Instantiating /home/travis/build/icyphy/ptII/ptolemy/actor/lib/test/auto/MatrixCropComplex.xml
2 ms. Memory: 1298944K Free: 742532K (57%)
----------------- Invoking toplevel() on ptolemy.moml.MoMLSimpleApplication@7278a199
----------------- Done invoking toplevel() on ptolemy.moml.MoMLSimpleApplication@7278a199
reloadAllAccessors: .MatrixCropComplex

===========================================================================================
----------------- testing Mon Jul 16 01:37:15 UTC 2018 /home/travis/build/icyphy/ptII/ptolemy/actor/lib/test/auto/MatrixCropDouble.xml
----------------- Instantiating /home/travis/build/icyphy/ptII/ptolemy/actor/lib/test/auto/MatrixCropDouble.xml
2 ms. Memory: 1298944K Free: 730525K (56%)
----------------- Invoking toplevel() on ptolemy.moml.MoMLSimpleApplication@1cf96e54
----------------- Done invoking toplevel() on ptolemy.moml.MoMLSimpleApplication@1cf96e54
reloadAllAccessors: .MatrixCropDouble

===========================================================================================
----------------- testing Mon Jul 16 01:37:15 UTC 2018 /home/travis/build/icyphy/ptII/ptolemy/actor/lib/test/auto/MatrixCropFix.xml
----------------- Instantiating /home/travis/build/icyphy/ptII/ptolemy/actor/lib/test/auto/MatrixCropFix.xml
2 ms. Memory: 1298944K Free: 711624K (55%)
----------------- Invoking toplevel() on ptolemy.moml.MoMLSimpleApplication@5dca9166
----------------- Done invoking toplevel() on ptolemy.moml.MoMLSimpleApplication@5dca9166
reloadAllAccessors: .MatrixCropFix

===========================================================================================
----------------- testing Mon Jul 16 01:37:15 UTC 2018 /home/travis/build/icyphy/ptII/ptolemy/actor/lib/test/auto/MatrixCropInt.xml
----------------- Instantiating /home/travis/build/icyphy/ptII/ptolemy/actor/lib/test/auto/MatrixCropInt.xml
2 ms. Memory: 1298944K Free: 699618K (54%)
----------------- Invoking toplevel() on ptolemy.moml.MoMLSimpleApplication@5778fd33
----------------- Done invoking toplevel() on ptolemy.moml.MoMLSimpleApplication@5778fd33
reloadAllAccessors: .MatrixCropInt

===========================================================================================
----------------- testing Mon Jul 16 01:37:15 UTC 2018 /home/travis/build/icyphy/ptII/ptolemy/actor/lib/test/auto/MatrixCropLong.xml
----------------- Instantiating /home/travis/build/icyphy/ptII/ptolemy/actor/lib/test/auto/MatrixCropLong.xml
1 ms. Memory: 1298944K Free: 687612K (53%)
----------------- Invoking toplevel() on ptolemy.moml.MoMLSimpleApplication@69e5b517
----------------- Done invoking toplevel() on ptolemy.moml.MoMLSimpleApplication@69e5b517
reloadAllAccessors: .MatrixCropLong

===========================================================================================
----------------- testing Mon Jul 16 01:37:15 UTC 2018 /home/travis/build/icyphy/ptII/ptolemy/actor/lib/test/auto/MatrixToArray.xml
----------------- Instantiating /home/travis/build/icyphy/ptII/ptolemy/actor/lib/test/auto/MatrixToArray.xml
6 ms. Memory: 1298944K Free: 656673K (51%)
----------------- Invoking toplevel() on ptolemy.moml.MoMLSimpleApplication@29c80591
----------------- Done invoking toplevel() on ptolemy.moml.MoMLSimpleApplication@29c80591
reloadAllAccessors: .MatrixToArray

===========================================================================================
----------------- testing Mon Jul 16 01:37:15 UTC 2018 /home/travis/build/icyphy/ptII/ptolemy/actor/lib/test/auto/MaxIndex.xml
----------------- Instantiating /home/travis/build/icyphy/ptII/ptolemy/actor/lib/test/auto/MaxIndex.xml
2 ms. Memory: 1298944K Free: 644666K (50%)
----------------- Invoking toplevel() on ptolemy.moml.MoMLSimpleApplication@3e82c832
----------------- Done invoking toplevel() on ptolemy.moml.MoMLSimpleApplication@3e82c832
reloadAllAccessors: .MaxIndex

===========================================================================================
----------------- testing Mon Jul 16 01:37:15 UTC 2018 /home/travis/build/icyphy/ptII/ptolemy/actor/lib/test/auto/Maximum.xml
----------------- Instantiating /home/travis/build/icyphy/ptII/ptolemy/actor/lib/test/auto/Maximum.xml
3 ms. Memory: 1298944K Free: 625765K (48%)
----------------- Invoking toplevel() on ptolemy.moml.MoMLSimpleApplication@3190d83d
----------------- Done invoking toplevel() on ptolemy.moml.MoMLSimpleApplication@3190d83d
reloadAllAccessors: .Maximum

===========================================================================================
----------------- testing Mon Jul 16 01:37:15 UTC 2018 /home/travis/build/icyphy/ptII/ptolemy/actor/lib/test/auto/MaximumComplex.xml
----------------- Instantiating /home/travis/build/icyphy/ptII/ptolemy/actor/lib/test/auto/MaximumComplex.xml
3 ms. Memory: 1298944K Free: 613759K (47%)
----------------- Invoking toplevel() on ptolemy.moml.MoMLSimpleApplication@50588fa1
----------------- Done invoking toplevel() on ptolemy.moml.MoMLSimpleApplication@50588fa1
reloadAllAccessors: .MaximumComplex

===========================================================================================
----------------- testing Mon Jul 16 01:37:15 UTC 2018 /home/travis/build/icyphy/ptII/ptolemy/actor/lib/test/auto/MethodCallTest.xml
----------------- Instantiating /home/travis/build/icyphy/ptII/ptolemy/actor/lib/test/auto/MethodCallTest.xml
2 ms. Memory: 1298944K Free: 601753K (46%)
----------------- Invoking toplevel() on ptolemy.moml.MoMLSimpleApplication@3c0d5cd3
----------------- Done invoking toplevel() on ptolemy.moml.MoMLSimpleApplication@3c0d5cd3
reloadAllAccessors: .MethodCallTest

===========================================================================================
----------------- testing Mon Jul 16 01:37:15 UTC 2018 /home/travis/build/icyphy/ptII/ptolemy/actor/lib/test/auto/Minimum.xml
----------------- Instantiating /home/travis/build/icyphy/ptII/ptolemy/actor/lib/test/auto/Minimum.xml
3 ms. Memory: 1298944K Free: 582852K (45%)
----------------- Invoking toplevel() on ptolemy.moml.MoMLSimpleApplication@64fd507f
----------------- Done invoking toplevel() on ptolemy.moml.MoMLSimpleApplication@64fd507f
reloadAllAccessors: .Minimum

===========================================================================================
----------------- testing Mon Jul 16 01:37:15 UTC 2018 /home/travis/build/icyphy/ptII/ptolemy/actor/lib/test/auto/MinimumComplex.xml
----------------- Instantiating /home/travis/build/icyphy/ptII/ptolemy/actor/lib/test/auto/MinimumComplex.xml
2 ms. Memory: 1298944K Free: 570845K (44%)
----------------- Invoking toplevel() on ptolemy.moml.MoMLSimpleApplication@236f6c88
----------------- Done invoking toplevel() on ptolemy.moml.MoMLSimpleApplication@236f6c88
reloadAllAccessors: .MinimumComplex

===========================================================================================
----------------- testing Mon Jul 16 01:37:15 UTC 2018 /home/travis/build/icyphy/ptII/ptolemy/actor/lib/test/auto/MinimumMultiports.xml
----------------- Instantiating /home/travis/build/icyphy/ptII/ptolemy/actor/lib/test/auto/MinimumMultiports.xml
3 ms. Memory: 1298944K Free: 558839K (43%)
----------------- Invoking toplevel() on ptolemy.moml.MoMLSimpleApplication@1f3633d6
----------------- Done invoking toplevel() on ptolemy.moml.MoMLSimpleApplication@1f3633d6
reloadAllAccessors: .MinimumMultiports

===========================================================================================
----------------- testing Mon Jul 16 01:37:15 UTC 2018 /home/travis/build/icyphy/ptII/ptolemy/actor/lib/test/auto/ModifyDate.xml
----------------- Instantiating /home/travis/build/icyphy/ptII/ptolemy/actor/lib/test/auto/ModifyDate.xml
5 ms. Memory: 1298944K Free: 533919K (41%)
----------------- Invoking toplevel() on ptolemy.moml.MoMLSimpleApplication@a8a5def
----------------- Done invoking toplevel() on ptolemy.moml.MoMLSimpleApplication@a8a5def
reloadAllAccessors: .ModifyDate

===========================================================================================
----------------- testing Mon Jul 16 01:37:15 UTC 2018 /home/travis/build/icyphy/ptII/ptolemy/actor/lib/test/auto/ModifyDate2.xml
----------------- Instantiating /home/travis/build/icyphy/ptII/ptolemy/actor/lib/test/auto/ModifyDate2.xml
2 ms. Memory: 1298944K Free: 515909K (40%)
----------------- Invoking toplevel() on ptolemy.moml.MoMLSimpleApplication@72422fef
----------------- Done invoking toplevel() on ptolemy.moml.MoMLSimpleApplication@72422fef
reloadAllAccessors: .ModifyDate2

===========================================================================================
----------------- testing Mon Jul 16 01:37:15 UTC 2018 /home/travis/build/icyphy/ptII/ptolemy/actor/lib/test/auto/MovingAverage.xml
----------------- Instantiating /home/travis/build/icyphy/ptII/ptolemy/actor/lib/test/auto/MovingAverage.xml
2 ms. Memory: 1298944K Free: 503903K (39%)
----------------- Invoking toplevel() on ptolemy.moml.MoMLSimpleApplication@27b79288
----------------- Done invoking toplevel() on ptolemy.moml.MoMLSimpleApplication@27b79288
reloadAllAccessors: .MovingAverage

===========================================================================================
----------------- testing Mon Jul 16 01:37:15 UTC 2018 /home/travis/build/icyphy/ptII/ptolemy/actor/lib/test/auto/MovingMaximum.xml
----------------- Instantiating /home/travis/build/icyphy/ptII/ptolemy/actor/lib/test/auto/MovingMaximum.xml
2 ms. Memory: 1298944K Free: 485002K (37%)
----------------- Invoking toplevel() on ptolemy.moml.MoMLSimpleApplication@7f468a61
----------------- Done invoking toplevel() on ptolemy.moml.MoMLSimpleApplication@7f468a61
reloadAllAccessors: .MovingMaximum

===========================================================================================
----------------- testing Mon Jul 16 01:37:15 UTC 2018 /home/travis/build/icyphy/ptII/ptolemy/actor/lib/test/auto/MultipleLinksToSameRelation.xml
----------------- Instantiating /home/travis/build/icyphy/ptII/ptolemy/actor/lib/test/auto/MultipleLinksToSameRelation.xml
2 ms. Memory: 1298944K Free: 472996K (36%)
----------------- Invoking toplevel() on ptolemy.moml.MoMLSimpleApplication@6559573e
----------------- Done invoking toplevel() on ptolemy.moml.MoMLSimpleApplication@6559573e
reloadAllAccessors: .MultipleLinksToSameRelation

===========================================================================================
----------------- testing Mon Jul 16 01:37:15 UTC 2018 /home/travis/build/icyphy/ptII/ptolemy/actor/lib/test/auto/MultipleLinksToSameRelationDE.xml
----------------- Instantiating /home/travis/build/icyphy/ptII/ptolemy/actor/lib/test/auto/MultipleLinksToSameRelationDE.xml
2 ms. Memory: 1298944K Free: 460989K (35%)
----------------- Invoking toplevel() on ptolemy.moml.MoMLSimpleApplication@2773f020
----------------- Done invoking toplevel() on ptolemy.moml.MoMLSimpleApplication@2773f020
reloadAllAccessors: .MultipleLinksToSameRelationDE

===========================================================================================
----------------- testing Mon Jul 16 01:37:15 UTC 2018 /home/travis/build/icyphy/ptII/ptolemy/actor/lib/test/auto/Multiplexor.xml
----------------- Instantiating /home/travis/build/icyphy/ptII/ptolemy/actor/lib/test/auto/Multiplexor.xml
1 ms. Memory: 1298944K Free: 442089K (34%)
----------------- Invoking toplevel() on ptolemy.moml.MoMLSimpleApplication@51e202c2
----------------- Done invoking toplevel() on ptolemy.moml.MoMLSimpleApplication@51e202c2
reloadAllAccessors: .Multiplexor

===========================================================================================
----------------- testing Mon Jul 16 01:37:15 UTC 2018 /home/travis/build/icyphy/ptII/ptolemy/actor/lib/test/auto/Multiplexor1.xml
----------------- Instantiating /home/travis/build/icyphy/ptII/ptolemy/actor/lib/test/auto/Multiplexor1.xml
3 ms. Memory: 1298944K Free: 430082K (33%)
----------------- Invoking toplevel() on ptolemy.moml.MoMLSimpleApplication@20b7bee0
----------------- Done invoking toplevel() on ptolemy.moml.MoMLSimpleApplication@20b7bee0
reloadAllAccessors: .Multiplexor1

===========================================================================================
----------------- testing Mon Jul 16 01:37:15 UTC 2018 /home/travis/build/icyphy/ptII/ptolemy/actor/lib/test/auto/Multiplexor2.xml
----------------- Instantiating /home/travis/build/icyphy/ptII/ptolemy/actor/lib/test/auto/Multiplexor2.xml
1 ms. Memory: 1298944K Free: 418076K (32%)
----------------- Invoking toplevel() on ptolemy.moml.MoMLSimpleApplication@8128618
----------------- Done invoking toplevel() on ptolemy.moml.MoMLSimpleApplication@8128618
reloadAllAccessors: .Multiplexor2

===========================================================================================
----------------- testing Mon Jul 16 01:37:15 UTC 2018 /home/travis/build/icyphy/ptII/ptolemy/actor/lib/test/auto/Multiplexor3.xml
----------------- Instantiating /home/travis/build/icyphy/ptII/ptolemy/actor/lib/test/auto/Multiplexor3.xml
1 ms. Memory: 1298944K Free: 399175K (31%)
----------------- Invoking toplevel() on ptolemy.moml.MoMLSimpleApplication@3db258cb
----------------- Done invoking toplevel() on ptolemy.moml.MoMLSimpleApplication@3db258cb
reloadAllAccessors: .Multiplexor3

===========================================================================================
----------------- testing Mon Jul 16 01:37:15 UTC 2018 /home/travis/build/icyphy/ptII/ptolemy/actor/lib/test/auto/MultiplexorDE.xml
----------------- Instantiating /home/travis/build/icyphy/ptII/ptolemy/actor/lib/test/auto/MultiplexorDE.xml
2 ms. Memory: 1298944K Free: 387169K (30%)
----------------- Invoking toplevel() on ptolemy.moml.MoMLSimpleApplication@1a993ff2
----------------- Done invoking toplevel() on ptolemy.moml.MoMLSimpleApplication@1a993ff2
reloadAllAccessors: .MultiplexorDE

===========================================================================================
----------------- testing Mon Jul 16 01:37:15 UTC 2018 /home/travis/build/icyphy/ptII/ptolemy/actor/lib/test/auto/MultiportBroadcastTest.xml
----------------- Instantiating /home/travis/build/icyphy/ptII/ptolemy/actor/lib/test/auto/MultiportBroadcastTest.xml
54 ms. Memory: 1298944K Free: 368268K (28%)
----------------- Invoking toplevel() on ptolemy.moml.MoMLSimpleApplication@4051438d
----------------- Done invoking toplevel() on ptolemy.moml.MoMLSimpleApplication@4051438d
reloadAllAccessors: .MultiportBroadcastTest

===========================================================================================
----------------- testing Mon Jul 16 01:37:15 UTC 2018 /home/travis/build/icyphy/ptII/ptolemy/actor/lib/test/auto/MultiportOutHangDuringGetWidth.xml
----------------- Instantiating /home/travis/build/icyphy/ptII/ptolemy/actor/lib/test/auto/MultiportOutHangDuringGetWidth.xml
4 ms. Memory: 1298944K Free: 350258K (27%)
----------------- Invoking toplevel() on ptolemy.moml.MoMLSimpleApplication@36829ed3
----------------- Done invoking toplevel() on ptolemy.moml.MoMLSimpleApplication@36829ed3
reloadAllAccessors: .MultiportOutHangDuringGetWidth

===========================================================================================
----------------- testing Mon Jul 16 01:37:15 UTC 2018 /home/travis/build/icyphy/ptII/ptolemy/actor/lib/test/auto/NilToken.xml
----------------- Instantiating /home/travis/build/icyphy/ptII/ptolemy/actor/lib/test/auto/NilToken.xml
1 ms. Memory: 1298944K Free: 338252K (26%)
----------------- Invoking toplevel() on ptolemy.moml.MoMLSimpleApplication@5fcb4074
----------------- Done invoking toplevel() on ptolemy.moml.MoMLSimpleApplication@5fcb4074
reloadAllAccessors: .NilToken

===========================================================================================
----------------- testing Mon Jul 16 01:37:15 UTC 2018 /home/travis/build/icyphy/ptII/ptolemy/actor/lib/test/auto/NilTokenNonStrictTest.xml
----------------- Instantiating /home/travis/build/icyphy/ptII/ptolemy/actor/lib/test/auto/NilTokenNonStrictTest.xml
2 ms. Memory: 1298944K Free: 319351K (25%)
----------------- Invoking toplevel() on ptolemy.moml.MoMLSimpleApplication@28f92400
----------------- Done invoking toplevel() on ptolemy.moml.MoMLSimpleApplication@28f92400
reloadAllAccessors: .NilTokenNonStrictTest

===========================================================================================
----------------- testing Mon Jul 16 01:37:15 UTC 2018 /home/travis/build/icyphy/ptII/ptolemy/actor/lib/test/auto/NilTokenRecord.xml
----------------- Instantiating /home/travis/build/icyphy/ptII/ptolemy/actor/lib/test/auto/NilTokenRecord.xml
5 ms. Memory: 1298944K Free: 307345K (24%)
----------------- Invoking toplevel() on ptolemy.moml.MoMLSimpleApplication@3bf26643
----------------- Done invoking toplevel() on ptolemy.moml.MoMLSimpleApplication@3bf26643
reloadAllAccessors: .NilTokenRecord

===========================================================================================
----------------- testing Mon Jul 16 01:37:15 UTC 2018 /home/travis/build/icyphy/ptII/ptolemy/actor/lib/test/auto/NilTokenTypeTest.xml
----------------- Instantiating /home/travis/build/icyphy/ptII/ptolemy/actor/lib/test/auto/NilTokenTypeTest.xml
3 ms. Memory: 1298944K Free: 289319K (22%)
----------------- Invoking toplevel() on ptolemy.moml.MoMLSimpleApplication@4bcf0203
----------------- Done invoking toplevel() on ptolemy.moml.MoMLSimpleApplication@4bcf0203
reloadAllAccessors: .NilTokenTypeTest

===========================================================================================
----------------- testing Mon Jul 16 01:37:15 UTC 2018 /home/travis/build/icyphy/ptII/ptolemy/actor/lib/test/auto/ObjectToken1.xml
----------------- Instantiating /home/travis/build/icyphy/ptII/ptolemy/actor/lib/test/auto/ObjectToken1.xml
2 ms. Memory: 1298944K Free: 270418K (21%)
----------------- Invoking toplevel() on ptolemy.moml.MoMLSimpleApplication@e2f7ce
----------------- Done invoking toplevel() on ptolemy.moml.MoMLSimpleApplication@e2f7ce
reloadAllAccessors: .ObjectToken1

===========================================================================================
----------------- testing Mon Jul 16 01:37:15 UTC 2018 /home/travis/build/icyphy/ptII/ptolemy/actor/lib/test/auto/OrderedMerge.xml
----------------- Instantiating /home/travis/build/icyphy/ptII/ptolemy/actor/lib/test/auto/OrderedMerge.xml
7 ms. Memory: 1298944K Free: 234399K (18%)
----------------- Invoking toplevel() on ptolemy.moml.MoMLSimpleApplication@228210ef
----------------- Done invoking toplevel() on ptolemy.moml.MoMLSimpleApplication@228210ef
reloadAllAccessors: .OrderedMerge

===========================================================================================
----------------- testing Mon Jul 16 01:37:15 UTC 2018 /home/travis/build/icyphy/ptII/ptolemy/actor/lib/test/auto/OrderedRecordDisassembler.xml
----------------- Instantiating /home/travis/build/icyphy/ptII/ptolemy/actor/lib/test/auto/OrderedRecordDisassembler.xml
4 ms. Memory: 1298944K Free: 222392K (17%)
----------------- Invoking toplevel() on ptolemy.moml.MoMLSimpleApplication@76c2ab12
----------------- Done invoking toplevel() on ptolemy.moml.MoMLSimpleApplication@76c2ab12
reloadAllAccessors: .OrderedRecordDisassembler

===========================================================================================
----------------- testing Mon Jul 16 01:37:15 UTC 2018 /home/travis/build/icyphy/ptII/ptolemy/actor/lib/test/auto/OrderedRecordDisassembler2.xml
----------------- Instantiating /home/travis/build/icyphy/ptII/ptolemy/actor/lib/test/auto/OrderedRecordDisassembler2.xml
4 ms. Memory: 1298944K Free: 203491K (16%)
----------------- Invoking toplevel() on ptolemy.moml.MoMLSimpleApplication@20b051fe
----------------- Done invoking toplevel() on ptolemy.moml.MoMLSimpleApplication@20b051fe
reloadAllAccessors: .OrderedRecordDisassembler2

===========================================================================================
----------------- testing Mon Jul 16 01:37:16 UTC 2018 /home/travis/build/icyphy/ptII/ptolemy/actor/lib/test/auto/OrderedRecordUpdater.xml
----------------- Instantiating /home/travis/build/icyphy/ptII/ptolemy/actor/lib/test/auto/OrderedRecordUpdater.xml
3 ms. Memory: 1298944K Free: 191485K (15%)
----------------- Invoking toplevel() on ptolemy.moml.MoMLSimpleApplication@1cfd4aac
----------------- Done invoking toplevel() on ptolemy.moml.MoMLSimpleApplication@1cfd4aac
reloadAllAccessors: .RecordUpdater

===========================================================================================
----------------- testing Mon Jul 16 01:37:16 UTC 2018 /home/travis/build/icyphy/ptII/ptolemy/actor/lib/test/auto/OrderedRecordUpdater2.xml
----------------- Instantiating /home/travis/build/icyphy/ptII/ptolemy/actor/lib/test/auto/OrderedRecordUpdater2.xml
2 ms. Memory: 1298944K Free: 172584K (13%)
----------------- Invoking toplevel() on ptolemy.moml.MoMLSimpleApplication@7e0558a4
----------------- Done invoking toplevel() on ptolemy.moml.MoMLSimpleApplication@7e0558a4
reloadAllAccessors: .RecordUpdater2

===========================================================================================
----------------- testing Mon Jul 16 01:37:16 UTC 2018 /home/travis/build/icyphy/ptII/ptolemy/actor/lib/test/auto/PhaseUnwrap.xml
----------------- Instantiating /home/travis/build/icyphy/ptII/ptolemy/actor/lib/test/auto/PhaseUnwrap.xml
3 ms. Memory: 1298944K Free: 160578K (12%)
----------------- Invoking toplevel() on ptolemy.moml.MoMLSimpleApplication@582673d
----------------- Done invoking toplevel() on ptolemy.moml.MoMLSimpleApplication@582673d
reloadAllAccessors: .PhaseUnwrap

===========================================================================================
----------------- testing Mon Jul 16 01:37:16 UTC 2018 /home/travis/build/icyphy/ptII/ptolemy/actor/lib/test/auto/PoissonClock.xml
----------------- Instantiating /home/travis/build/icyphy/ptII/ptolemy/actor/lib/test/auto/PoissonClock.xml
2 ms. Memory: 1298944K Free: 148572K (11%)
----------------- Invoking toplevel() on ptolemy.moml.MoMLSimpleApplication@562cb7e
----------------- Done invoking toplevel() on ptolemy.moml.MoMLSimpleApplication@562cb7e
reloadAllAccessors: .PoissonClock

===========================================================================================
----------------- testing Mon Jul 16 01:37:16 UTC 2018 /home/travis/build/icyphy/ptII/ptolemy/actor/lib/test/auto/PoissonClock2.xml
----------------- Instantiating /home/travis/build/icyphy/ptII/ptolemy/actor/lib/test/auto/PoissonClock2.xml
2 ms. Memory: 1298944K Free: 129671K (10%)
----------------- Invoking toplevel() on ptolemy.moml.MoMLSimpleApplication@2009782d
----------------- Done invoking toplevel() on ptolemy.moml.MoMLSimpleApplication@2009782d
reloadAllAccessors: .PoissonClock2

===========================================================================================
----------------- testing Mon Jul 16 01:37:16 UTC 2018 /home/travis/build/icyphy/ptII/ptolemy/actor/lib/test/auto/PoissonClock3.xml
----------------- Instantiating /home/travis/build/icyphy/ptII/ptolemy/actor/lib/test/auto/PoissonClock3.xml
3 ms. Memory: 1298944K Free: 117665K (9%)
----------------- Invoking toplevel() on ptolemy.moml.MoMLSimpleApplication@3cceb386
----------------- Done invoking toplevel() on ptolemy.moml.MoMLSimpleApplication@3cceb386
reloadAllAccessors: .PoissonClock3

===========================================================================================
----------------- testing Mon Jul 16 01:37:16 UTC 2018 /home/travis/build/icyphy/ptII/ptolemy/actor/lib/test/auto/PubSubWithInitialTokens.xml
----------------- Instantiating /home/travis/build/icyphy/ptII/ptolemy/actor/lib/test/auto/PubSubWithInitialTokens.xml
3 ms. Memory: 1298944K Free: 105658K (8%)
----------------- Invoking toplevel() on ptolemy.moml.MoMLSimpleApplication@4023c78d
----------------- Done invoking toplevel() on ptolemy.moml.MoMLSimpleApplication@4023c78d
reloadAllAccessors: .PubSubWithInitialTokens

===========================================================================================
----------------- testing Mon Jul 16 01:37:16 UTC 2018 /home/travis/build/icyphy/ptII/ptolemy/actor/lib/test/auto/PubSubWithInitialTokens2.xml
----------------- Instantiating /home/travis/build/icyphy/ptII/ptolemy/actor/lib/test/auto/PubSubWithInitialTokens2.xml
3 ms. Memory: 1298944K Free: 86758K (7%)
----------------- Invoking toplevel() on ptolemy.moml.MoMLSimpleApplication@3b9a57d2
----------------- Done invoking toplevel() on ptolemy.moml.MoMLSimpleApplication@3b9a57d2
reloadAllAccessors: .PubSubWithInitialTokens2

===========================================================================================
----------------- testing Mon Jul 16 01:37:16 UTC 2018 /home/travis/build/icyphy/ptII/ptolemy/actor/lib/test/auto/PublisherClassNoParameter.xml
----------------- Instantiating /home/travis/build/icyphy/ptII/ptolemy/actor/lib/test/auto/PublisherClassNoParameter.xml
4 ms. Memory: 1298944K Free: 68732K (5%)
----------------- Invoking toplevel() on ptolemy.moml.MoMLSimpleApplication@1e916408
----------------- Done invoking toplevel() on ptolemy.moml.MoMLSimpleApplication@1e916408
reloadAllAccessors: .PublisherClassNoParameter

===========================================================================================
----------------- testing Mon Jul 16 01:37:16 UTC 2018 /home/travis/build/icyphy/ptII/ptolemy/actor/lib/test/auto/PublisherClassParameter.xml
----------------- Instantiating /home/travis/build/icyphy/ptII/ptolemy/actor/lib/test/auto/PublisherClassParameter.xml
2 ms. Memory: 1450496K Free: 1401528K (97%)
----------------- Invoking toplevel() on ptolemy.moml.MoMLSimpleApplication@60028d0e
----------------- Done invoking toplevel() on ptolemy.moml.MoMLSimpleApplication@60028d0e
reloadAllAccessors: .PublisherClassParameter

===========================================================================================
----------------- testing Mon Jul 16 01:37:16 UTC 2018 /home/travis/build/icyphy/ptII/ptolemy/actor/lib/test/auto/PublisherNonStrictTest.xml
----------------- Instantiating /home/travis/build/icyphy/ptII/ptolemy/actor/lib/test/auto/PublisherNonStrictTest.xml
9 ms. Memory: 1450496K Free: 1381755K (95%)
----------------- Invoking toplevel() on ptolemy.moml.MoMLSimpleApplication@455d656a
----------------- Done invoking toplevel() on ptolemy.moml.MoMLSimpleApplication@455d656a
reloadAllAccessors: .PublisherNonStrictTest

===========================================================================================
----------------- testing Mon Jul 16 01:37:16 UTC 2018 /home/travis/build/icyphy/ptII/ptolemy/actor/lib/test/auto/PublisherPort1.xml
----------------- Instantiating /home/travis/build/icyphy/ptII/ptolemy/actor/lib/test/auto/PublisherPort1.xml
3 ms. Memory: 1450496K Free: 1368387K (94%)
----------------- Invoking toplevel() on ptolemy.moml.MoMLSimpleApplication@1ec54e6f
----------------- Done invoking toplevel() on ptolemy.moml.MoMLSimpleApplication@1ec54e6f
reloadAllAccessors: .PublisherPort1

===========================================================================================
----------------- testing Mon Jul 16 01:37:16 UTC 2018 /home/travis/build/icyphy/ptII/ptolemy/actor/lib/test/auto/PublisherPort2.xml
----------------- Instantiating /home/travis/build/icyphy/ptII/ptolemy/actor/lib/test/auto/PublisherPort2.xml
2 ms. Memory: 1450496K Free: 1348614K (93%)
----------------- Invoking toplevel() on ptolemy.moml.MoMLSimpleApplication@21164e3c
----------------- Done invoking toplevel() on ptolemy.moml.MoMLSimpleApplication@21164e3c
reloadAllAccessors: .PublisherPort2

===========================================================================================
----------------- testing Mon Jul 16 01:37:16 UTC 2018 /home/travis/build/icyphy/ptII/ptolemy/actor/lib/test/auto/PublisherPort3.xml
----------------- Instantiating /home/travis/build/icyphy/ptII/ptolemy/actor/lib/test/auto/PublisherPort3.xml
3 ms. Memory: 1450496K Free: 1335245K (92%)
----------------- Invoking toplevel() on ptolemy.moml.MoMLSimpleApplication@2a642159
----------------- Done invoking toplevel() on ptolemy.moml.MoMLSimpleApplication@2a642159
reloadAllAccessors: .PublisherPort3

===========================================================================================
----------------- testing Mon Jul 16 01:37:16 UTC 2018 /home/travis/build/icyphy/ptII/ptolemy/actor/lib/test/auto/PublisherPort4.xml
----------------- Instantiating /home/travis/build/icyphy/ptII/ptolemy/actor/lib/test/auto/PublisherPort4.xml
2 ms. Memory: 1450496K Free: 1321877K (91%)
----------------- Invoking toplevel() on ptolemy.moml.MoMLSimpleApplication@2ad53414
----------------- Done invoking toplevel() on ptolemy.moml.MoMLSimpleApplication@2ad53414
reloadAllAccessors: .PublisherPort4

===========================================================================================
----------------- testing Mon Jul 16 01:37:16 UTC 2018 /home/travis/build/icyphy/ptII/ptolemy/actor/lib/test/auto/PublisherPort5.xml
----------------- Instantiating /home/travis/build/icyphy/ptII/ptolemy/actor/lib/test/auto/PublisherPort5.xml
3 ms. Memory: 1450496K Free: 1302104K (90%)
----------------- Invoking toplevel() on ptolemy.moml.MoMLSimpleApplication@5219366a
----------------- Done invoking toplevel() on ptolemy.moml.MoMLSimpleApplication@5219366a
reloadAllAccessors: .PublisherPort5

===========================================================================================
----------------- testing Mon Jul 16 01:37:16 UTC 2018 /home/travis/build/icyphy/ptII/ptolemy/actor/lib/test/auto/PublisherPort5LookAlike.xml
----------------- Instantiating /home/travis/build/icyphy/ptII/ptolemy/actor/lib/test/auto/PublisherPort5LookAlike.xml
3 ms. Memory: 1450496K Free: 1288686K (89%)
----------------- Invoking toplevel() on ptolemy.moml.MoMLSimpleApplication@73bc89a9
----------------- Done invoking toplevel() on ptolemy.moml.MoMLSimpleApplication@73bc89a9
reloadAllAccessors: .PublisherPort5LookAlike

===========================================================================================
----------------- testing Mon Jul 16 01:37:16 UTC 2018 /home/travis/build/icyphy/ptII/ptolemy/actor/lib/test/auto/PublisherPort6.xml
----------------- Instantiating /home/travis/build/icyphy/ptII/ptolemy/actor/lib/test/auto/PublisherPort6.xml
3 ms. Memory: 1450496K Free: 1268912K (87%)
----------------- Invoking toplevel() on ptolemy.moml.MoMLSimpleApplication@2bd659ae
----------------- Done invoking toplevel() on ptolemy.moml.MoMLSimpleApplication@2bd659ae
reloadAllAccessors: .PublisherPort6

===========================================================================================
----------------- testing Mon Jul 16 01:37:16 UTC 2018 /home/travis/build/icyphy/ptII/ptolemy/actor/lib/test/auto/PublisherPort7.xml
----------------- Instantiating /home/travis/build/icyphy/ptII/ptolemy/actor/lib/test/auto/PublisherPort7.xml
4 ms. Memory: 1450496K Free: 1255544K (87%)
----------------- Invoking toplevel() on ptolemy.moml.MoMLSimpleApplication@6ae64c1
----------------- Done invoking toplevel() on ptolemy.moml.MoMLSimpleApplication@6ae64c1
reloadAllAccessors: .PublisherPort7

===========================================================================================
----------------- testing Mon Jul 16 01:37:16 UTC 2018 /home/travis/build/icyphy/ptII/ptolemy/actor/lib/test/auto/PublisherPort8.xml
----------------- Instantiating /home/travis/build/icyphy/ptII/ptolemy/actor/lib/test/auto/PublisherPort8.xml
4 ms. Memory: 1450496K Free: 1242176K (86%)
----------------- Invoking toplevel() on ptolemy.moml.MoMLSimpleApplication@704b2127
----------------- Done invoking toplevel() on ptolemy.moml.MoMLSimpleApplication@704b2127
reloadAllAccessors: .PublisherPort8

===========================================================================================
----------------- testing Mon Jul 16 01:37:16 UTC 2018 /home/travis/build/icyphy/ptII/ptolemy/actor/lib/test/auto/PublisherPortSubscriberChannelVariablesAOC2.xml
----------------- Instantiating /home/travis/build/icyphy/ptII/ptolemy/actor/lib/test/auto/PublisherPortSubscriberChannelVariablesAOC2.xml
3 ms. Memory: 1450496K Free: 1209010K (83%)
----------------- Invoking toplevel() on ptolemy.moml.MoMLSimpleApplication@5d53e9a3
----------------- Done invoking toplevel() on ptolemy.moml.MoMLSimpleApplication@5d53e9a3
reloadAllAccessors: .PublisherPortSubscriberChannelVariablesAOC2

===========================================================================================
----------------- testing Mon Jul 16 01:37:16 UTC 2018 /home/travis/build/icyphy/ptII/ptolemy/actor/lib/test/auto/PublisherPortSubscriberOpaqueWidthInference.xml
----------------- Instantiating /home/travis/build/icyphy/ptII/ptolemy/actor/lib/test/auto/PublisherPortSubscriberOpaqueWidthInference.xml
4 ms. Memory: 1450496K Free: 1195642K (82%)
----------------- Invoking toplevel() on ptolemy.moml.MoMLSimpleApplication@4c8e2987
----------------- Done invoking toplevel() on ptolemy.moml.MoMLSimpleApplication@4c8e2987
reloadAllAccessors: .PublisherPortSubscriberOpaqueWidthInference

===========================================================================================
----------------- testing Mon Jul 16 01:37:16 UTC 2018 /home/travis/build/icyphy/ptII/ptolemy/actor/lib/test/auto/PublisherPortSubscriberPortAdjacent.xml
----------------- Instantiating /home/travis/build/icyphy/ptII/ptolemy/actor/lib/test/auto/PublisherPortSubscriberPortAdjacent.xml
2 ms. Memory: 1450496K Free: 1175869K (81%)
----------------- Invoking toplevel() on ptolemy.moml.MoMLSimpleApplication@1e166863
----------------- Done invoking toplevel() on ptolemy.moml.MoMLSimpleApplication@1e166863
reloadAllAccessors: .PublisherPortSubscriberPortAdjacent

===========================================================================================
----------------- testing Mon Jul 16 01:37:16 UTC 2018 /home/travis/build/icyphy/ptII/ptolemy/actor/lib/test/auto/PublisherPortSubscriberPortExpression.xml
----------------- Instantiating /home/travis/build/icyphy/ptII/ptolemy/actor/lib/test/auto/PublisherPortSubscriberPortExpression.xml
4 ms. Memory: 1450496K Free: 1162500K (80%)
----------------- Invoking toplevel() on ptolemy.moml.MoMLSimpleApplication@54daaf99
----------------- Done invoking toplevel() on ptolemy.moml.MoMLSimpleApplication@54daaf99
reloadAllAccessors: .PublisherPortSubscriberPortExpression

===========================================================================================
----------------- testing Mon Jul 16 01:37:16 UTC 2018 /home/travis/build/icyphy/ptII/ptolemy/actor/lib/test/auto/PublisherPortSubscriberPortOpaqueD3Reverse.xml
----------------- Instantiating /home/travis/build/icyphy/ptII/ptolemy/actor/lib/test/auto/PublisherPortSubscriberPortOpaqueD3Reverse.xml
6 ms. Memory: 1450496K Free: 1149132K (79%)
----------------- Invoking toplevel() on ptolemy.moml.MoMLSimpleApplication@21cc7700
----------------- Done invoking toplevel() on ptolemy.moml.MoMLSimpleApplication@21cc7700
reloadAllAccessors: .PublisherPortSubscriberPortOpaqueD3Reverse

===========================================================================================
----------------- testing Mon Jul 16 01:37:16 UTC 2018 /home/travis/build/icyphy/ptII/ptolemy/actor/lib/test/auto/PublisherPortSubscriberPortOpaqueWidthInference.xml
----------------- Instantiating /home/travis/build/icyphy/ptII/ptolemy/actor/lib/test/auto/PublisherPortSubscriberPortOpaqueWidthInference.xml
4 ms. Memory: 1450496K Free: 1129359K (78%)
----------------- Invoking toplevel() on ptolemy.moml.MoMLSimpleApplication@6f4cad9e
----------------- Done invoking toplevel() on ptolemy.moml.MoMLSimpleApplication@6f4cad9e
reloadAllAccessors: .PublisherPortSubscriberPortOpaqueWidthInference

===========================================================================================
----------------- testing Mon Jul 16 01:37:16 UTC 2018 /home/travis/build/icyphy/ptII/ptolemy/actor/lib/test/auto/PublisherPortToplevelSubscriberPortAOC.xml
----------------- Instantiating /home/travis/build/icyphy/ptII/ptolemy/actor/lib/test/auto/PublisherPortToplevelSubscriberPortAOC.xml
.PublisherPortToplevelSubscriberPortAOC.TestExceptionAttribute: initialize() was not invoked, but wrapup() was.  This is unusual, but not always a problem.  For example, exporting JNLP will do this.
0 ms. Memory: 1450496K Free: 1115990K (77%)
----------------- Invoking toplevel() on ptolemy.moml.MoMLSimpleApplication@773ddd53
----------------- Done invoking toplevel() on ptolemy.moml.MoMLSimpleApplication@773ddd53
reloadAllAccessors: .PublisherPortToplevelSubscriberPortAOC

===========================================================================================
----------------- testing Mon Jul 16 01:37:16 UTC 2018 /home/travis/build/icyphy/ptII/ptolemy/actor/lib/test/auto/PublisherSubscriber.xml
----------------- Instantiating /home/travis/build/icyphy/ptII/ptolemy/actor/lib/test/auto/PublisherSubscriber.xml
2 ms. Memory: 1450496K Free: 1096217K (76%)
----------------- Invoking toplevel() on ptolemy.moml.MoMLSimpleApplication@1675f973
----------------- Done invoking toplevel() on ptolemy.moml.MoMLSimpleApplication@1675f973
reloadAllAccessors: .PublisherSubscriber

===========================================================================================
----------------- testing Mon Jul 16 01:37:16 UTC 2018 /home/travis/build/icyphy/ptII/ptolemy/actor/lib/test/auto/PublisherSubscriber10.xml
----------------- Instantiating /home/travis/build/icyphy/ptII/ptolemy/actor/lib/test/auto/PublisherSubscriber10.xml
5 ms. Memory: 1450496K Free: 1082849K (75%)
----------------- Invoking toplevel() on ptolemy.moml.MoMLSimpleApplication@6ca92f70
----------------- Done invoking toplevel() on ptolemy.moml.MoMLSimpleApplication@6ca92f70
reloadAllAccessors: .PublisherSubscriber10

===========================================================================================
----------------- testing Mon Jul 16 01:37:16 UTC 2018 /home/travis/build/icyphy/ptII/ptolemy/actor/lib/test/auto/PublisherSubscriber10InitialOutputs.xml
----------------- Instantiating /home/travis/build/icyphy/ptII/ptolemy/actor/lib/test/auto/PublisherSubscriber10InitialOutputs.xml
5 ms. Memory: 1450496K Free: 1069480K (74%)
----------------- Invoking toplevel() on ptolemy.moml.MoMLSimpleApplication@41dabe75
----------------- Done invoking toplevel() on ptolemy.moml.MoMLSimpleApplication@41dabe75
reloadAllAccessors: .PublisherSubscriber10InitialOutputs

===========================================================================================
----------------- testing Mon Jul 16 01:37:16 UTC 2018 /home/travis/build/icyphy/ptII/ptolemy/actor/lib/test/auto/PublisherSubscriber11.xml
----------------- Instantiating /home/travis/build/icyphy/ptII/ptolemy/actor/lib/test/auto/PublisherSubscriber11.xml
2 ms. Memory: 1450496K Free: 1049707K (72%)
----------------- Invoking toplevel() on ptolemy.moml.MoMLSimpleApplication@2f28f4c9
----------------- Done invoking toplevel() on ptolemy.moml.MoMLSimpleApplication@2f28f4c9
reloadAllAccessors: .PublisherSubscriber11

===========================================================================================
----------------- testing Mon Jul 16 01:37:16 UTC 2018 /home/travis/build/icyphy/ptII/ptolemy/actor/lib/test/auto/PublisherSubscriber12.xml
----------------- Instantiating /home/travis/build/icyphy/ptII/ptolemy/actor/lib/test/auto/PublisherSubscriber12.xml
3 ms. Memory: 1450496K Free: 1036339K (71%)
----------------- Invoking toplevel() on ptolemy.moml.MoMLSimpleApplication@28bb74ea
----------------- Done invoking toplevel() on ptolemy.moml.MoMLSimpleApplication@28bb74ea
reloadAllAccessors: .PublisherSubscriber12

===========================================================================================
----------------- testing Mon Jul 16 01:37:16 UTC 2018 /home/travis/build/icyphy/ptII/ptolemy/actor/lib/test/auto/PublisherSubscriber13.xml
----------------- Instantiating /home/travis/build/icyphy/ptII/ptolemy/actor/lib/test/auto/PublisherSubscriber13.xml
3 ms. Memory: 1450496K Free: 1016565K (70%)
----------------- Invoking toplevel() on ptolemy.moml.MoMLSimpleApplication@1b7cdaee
----------------- Done invoking toplevel() on ptolemy.moml.MoMLSimpleApplication@1b7cdaee
reloadAllAccessors: .PublisherSubscriber13

===========================================================================================
----------------- testing Mon Jul 16 01:37:16 UTC 2018 /home/travis/build/icyphy/ptII/ptolemy/actor/lib/test/auto/PublisherSubscriber14.xml
----------------- Instantiating /home/travis/build/icyphy/ptII/ptolemy/actor/lib/test/auto/PublisherSubscriber14.xml
2 ms. Memory: 1450496K Free: 1003197K (69%)
----------------- Invoking toplevel() on ptolemy.moml.MoMLSimpleApplication@7f8fd5fb
----------------- Done invoking toplevel() on ptolemy.moml.MoMLSimpleApplication@7f8fd5fb
reloadAllAccessors: .PublisherSubscriber14

===========================================================================================
----------------- testing Mon Jul 16 01:37:16 UTC 2018 /home/travis/build/icyphy/ptII/ptolemy/actor/lib/test/auto/PublisherSubscriber2.xml
----------------- Instantiating /home/travis/build/icyphy/ptII/ptolemy/actor/lib/test/auto/PublisherSubscriber2.xml
2 ms. Memory: 1450496K Free: 989829K (68%)
----------------- Invoking toplevel() on ptolemy.moml.MoMLSimpleApplication@4eb1b7bd
----------------- Done invoking toplevel() on ptolemy.moml.MoMLSimpleApplication@4eb1b7bd
reloadAllAccessors: .PublisherSubscriber2

===========================================================================================
----------------- testing Mon Jul 16 01:37:16 UTC 2018 /home/travis/build/icyphy/ptII/ptolemy/actor/lib/test/auto/PublisherSubscriber3.xml
----------------- Instantiating /home/travis/build/icyphy/ptII/ptolemy/actor/lib/test/auto/PublisherSubscriber3.xml
2 ms. Memory: 1450496K Free: 970056K (67%)
----------------- Invoking toplevel() on ptolemy.moml.MoMLSimpleApplication@11f0bac5
----------------- Done invoking toplevel() on ptolemy.moml.MoMLSimpleApplication@11f0bac5
reloadAllAccessors: .PublisherSubscriber3

===========================================================================================
----------------- testing Mon Jul 16 01:37:16 UTC 2018 /home/travis/build/icyphy/ptII/ptolemy/actor/lib/test/auto/PublisherSubscriber4.xml
----------------- Instantiating /home/travis/build/icyphy/ptII/ptolemy/actor/lib/test/auto/PublisherSubscriber4.xml
2 ms. Memory: 1450496K Free: 956687K (66%)
----------------- Invoking toplevel() on ptolemy.moml.MoMLSimpleApplication@284509b7
----------------- Done invoking toplevel() on ptolemy.moml.MoMLSimpleApplication@284509b7
reloadAllAccessors: .PublisherSubscriber4

===========================================================================================
----------------- testing Mon Jul 16 01:37:16 UTC 2018 /home/travis/build/icyphy/ptII/ptolemy/actor/lib/test/auto/PublisherSubscriber5.xml
----------------- Instantiating /home/travis/build/icyphy/ptII/ptolemy/actor/lib/test/auto/PublisherSubscriber5.xml
3 ms. Memory: 1450496K Free: 936914K (65%)
----------------- Invoking toplevel() on ptolemy.moml.MoMLSimpleApplication@751b0c9f
----------------- Done invoking toplevel() on ptolemy.moml.MoMLSimpleApplication@751b0c9f
reloadAllAccessors: .PublisherSubscriber5

===========================================================================================
----------------- testing Mon Jul 16 01:37:16 UTC 2018 /home/travis/build/icyphy/ptII/ptolemy/actor/lib/test/auto/PublisherSubscriber6.xml
----------------- Instantiating /home/travis/build/icyphy/ptII/ptolemy/actor/lib/test/auto/PublisherSubscriber6.xml
3 ms. Memory: 1450496K Free: 923546K (64%)
----------------- Invoking toplevel() on ptolemy.moml.MoMLSimpleApplication@350d2245
----------------- Done invoking toplevel() on ptolemy.moml.MoMLSimpleApplication@350d2245
reloadAllAccessors: .PublisherSubscriber6

===========================================================================================
----------------- testing Mon Jul 16 01:37:16 UTC 2018 /home/travis/build/icyphy/ptII/ptolemy/actor/lib/test/auto/PublisherSubscriber7.xml
----------------- Instantiating /home/travis/build/icyphy/ptII/ptolemy/actor/lib/test/auto/PublisherSubscriber7.xml
3 ms. Memory: 1450496K Free: 910177K (63%)
----------------- Invoking toplevel() on ptolemy.moml.MoMLSimpleApplication@698764da
----------------- Done invoking toplevel() on ptolemy.moml.MoMLSimpleApplication@698764da
reloadAllAccessors: .PublisherSubscriber7

===========================================================================================
----------------- testing Mon Jul 16 01:37:16 UTC 2018 /home/travis/build/icyphy/ptII/ptolemy/actor/lib/test/auto/PublisherSubscriber8.xml
----------------- Instantiating /home/travis/build/icyphy/ptII/ptolemy/actor/lib/test/auto/PublisherSubscriber8.xml
13 ms. Memory: 1450496K Free: 823562K (57%)
----------------- Invoking toplevel() on ptolemy.moml.MoMLSimpleApplication@7b65cde6
----------------- Done invoking toplevel() on ptolemy.moml.MoMLSimpleApplication@7b65cde6
reloadAllAccessors: .PublisherSubscriber8

===========================================================================================
----------------- testing Mon Jul 16 01:37:16 UTC 2018 /home/travis/build/icyphy/ptII/ptolemy/actor/lib/test/auto/PublisherSubscriber9.xml
----------------- Instantiating /home/travis/build/icyphy/ptII/ptolemy/actor/lib/test/auto/PublisherSubscriber9.xml
3 ms. Memory: 1450496K Free: 810194K (56%)
----------------- Invoking toplevel() on ptolemy.moml.MoMLSimpleApplication@49a2c12d
----------------- Done invoking toplevel() on ptolemy.moml.MoMLSimpleApplication@49a2c12d
reloadAllAccessors: .PublisherSubscriber9

===========================================================================================
----------------- testing Mon Jul 16 01:37:16 UTC 2018 /home/travis/build/icyphy/ptII/ptolemy/actor/lib/test/auto/PublisherSubscriberAdjacent.xml
----------------- Instantiating /home/travis/build/icyphy/ptII/ptolemy/actor/lib/test/auto/PublisherSubscriberAdjacent.xml
1 ms. Memory: 1450496K Free: 783736K (54%)
----------------- Invoking toplevel() on ptolemy.moml.MoMLSimpleApplication@7fdcc511
----------------- Done invoking toplevel() on ptolemy.moml.MoMLSimpleApplication@7fdcc511
reloadAllAccessors: .PublisherSubscriberAdjacent

===========================================================================================
----------------- testing Mon Jul 16 01:37:16 UTC 2018 /home/travis/build/icyphy/ptII/ptolemy/actor/lib/test/auto/PublisherSubscriberChannelVariablesAOC2.xml
----------------- Instantiating /home/travis/build/icyphy/ptII/ptolemy/actor/lib/test/auto/PublisherSubscriberChannelVariablesAOC2.xml
3 ms. Memory: 1450496K Free: 763667K (53%)
----------------- Invoking toplevel() on ptolemy.moml.MoMLSimpleApplication@36028276
----------------- Done invoking toplevel() on ptolemy.moml.MoMLSimpleApplication@36028276
reloadAllAccessors: .PublisherSubscriberChannelVariablesAOC2

===========================================================================================
----------------- testing Mon Jul 16 01:37:16 UTC 2018 /home/travis/build/icyphy/ptII/ptolemy/actor/lib/test/auto/PublisherSubscriberD3.xml
----------------- Instantiating /home/travis/build/icyphy/ptII/ptolemy/actor/lib/test/auto/PublisherSubscriberD3.xml
2 ms. Memory: 1450496K Free: 750299K (52%)
----------------- Invoking toplevel() on ptolemy.moml.MoMLSimpleApplication@653ac1df
----------------- Done invoking toplevel() on ptolemy.moml.MoMLSimpleApplication@653ac1df
reloadAllAccessors: .PublisherSubscriberD3

===========================================================================================
----------------- testing Mon Jul 16 01:37:16 UTC 2018 /home/travis/build/icyphy/ptII/ptolemy/actor/lib/test/auto/PublisherSubscriberD3Reverse.xml
----------------- Instantiating /home/travis/build/icyphy/ptII/ptolemy/actor/lib/test/auto/PublisherSubscriberD3Reverse.xml
2 ms. Memory: 1450496K Free: 730526K (50%)
----------------- Invoking toplevel() on ptolemy.moml.MoMLSimpleApplication@69c01783
----------------- Done invoking toplevel() on ptolemy.moml.MoMLSimpleApplication@69c01783
reloadAllAccessors: .PublisherSubscriberD3Reverse

===========================================================================================
----------------- testing Mon Jul 16 01:37:17 UTC 2018 /home/travis/build/icyphy/ptII/ptolemy/actor/lib/test/auto/PublisherSubscriberExpression.xml
----------------- Instantiating /home/travis/build/icyphy/ptII/ptolemy/actor/lib/test/auto/PublisherSubscriberExpression.xml
5 ms. Memory: 1450496K Free: 717158K (49%)
----------------- Invoking toplevel() on ptolemy.moml.MoMLSimpleApplication@650fdff5
----------------- Done invoking toplevel() on ptolemy.moml.MoMLSimpleApplication@650fdff5
reloadAllAccessors: .PublisherSubscriberExpression

===========================================================================================
----------------- testing Mon Jul 16 01:37:17 UTC 2018 /home/travis/build/icyphy/ptII/ptolemy/actor/lib/test/auto/PublisherSubscriberOpaque.xml
----------------- Instantiating /home/travis/build/icyphy/ptII/ptolemy/actor/lib/test/auto/PublisherSubscriberOpaque.xml
3 ms. Memory: 1450496K Free: 697385K (48%)
----------------- Invoking toplevel() on ptolemy.moml.MoMLSimpleApplication@7b7ee236
----------------- Done invoking toplevel() on ptolemy.moml.MoMLSimpleApplication@7b7ee236
reloadAllAccessors: .PublisherSubscriberOpaque

===========================================================================================
----------------- testing Mon Jul 16 01:37:17 UTC 2018 /home/travis/build/icyphy/ptII/ptolemy/actor/lib/test/auto/PublisherSubscriberOpaqueD3.xml
----------------- Instantiating /home/travis/build/icyphy/ptII/ptolemy/actor/lib/test/auto/PublisherSubscriberOpaqueD3.xml
5 ms. Memory: 1450496K Free: 677316K (47%)
----------------- Invoking toplevel() on ptolemy.moml.MoMLSimpleApplication@43fd796a
----------------- Done invoking toplevel() on ptolemy.moml.MoMLSimpleApplication@43fd796a
reloadAllAccessors: .PublisherSubscriberOpaqueD3

===========================================================================================
----------------- testing Mon Jul 16 01:37:17 UTC 2018 /home/travis/build/icyphy/ptII/ptolemy/actor/lib/test/auto/PublisherSubscriberOpaqueD3Reverse.xml
----------------- Instantiating /home/travis/build/icyphy/ptII/ptolemy/actor/lib/test/auto/PublisherSubscriberOpaqueD3Reverse.xml
6 ms. Memory: 1450496K Free: 657256K (45%)
----------------- Invoking toplevel() on ptolemy.moml.MoMLSimpleApplication@4fa81ceb
----------------- Done invoking toplevel() on ptolemy.moml.MoMLSimpleApplication@4fa81ceb
reloadAllAccessors: .PublisherSubscriberOpaqueD3Reverse

===========================================================================================
----------------- testing Mon Jul 16 01:37:17 UTC 2018 /home/travis/build/icyphy/ptII/ptolemy/actor/lib/test/auto/PublisherSubscriberOpaqueWidthInference.xml
----------------- Instantiating /home/travis/build/icyphy/ptII/ptolemy/actor/lib/test/auto/PublisherSubscriberOpaqueWidthInference.xml
4 ms. Memory: 1450496K Free: 637482K (44%)
----------------- Invoking toplevel() on ptolemy.moml.MoMLSimpleApplication@2382989f
----------------- Done invoking toplevel() on ptolemy.moml.MoMLSimpleApplication@2382989f
reloadAllAccessors: .PublisherSubscriberOpaqueWidthInference

===========================================================================================
----------------- testing Mon Jul 16 01:37:17 UTC 2018 /home/travis/build/icyphy/ptII/ptolemy/actor/lib/test/auto/PublisherTestSubscriber.xml
----------------- Instantiating /home/travis/build/icyphy/ptII/ptolemy/actor/lib/test/auto/PublisherTestSubscriber.xml
3 ms. Memory: 1450496K Free: 624114K (43%)
----------------- Invoking toplevel() on ptolemy.moml.MoMLSimpleApplication@5dd0bf69
----------------- Done invoking toplevel() on ptolemy.moml.MoMLSimpleApplication@5dd0bf69
reloadAllAccessors: .PublisherTestSubscriber

===========================================================================================
----------------- testing Mon Jul 16 01:37:17 UTC 2018 /home/travis/build/icyphy/ptII/ptolemy/actor/lib/test/auto/PublisherToplevelSubscriberPortAOC.xml
----------------- Instantiating /home/travis/build/icyphy/ptII/ptolemy/actor/lib/test/auto/PublisherToplevelSubscriberPortAOC.xml
1 ms. Memory: 1450496K Free: 604341K (42%)
----------------- Invoking toplevel() on ptolemy.moml.MoMLSimpleApplication@8ed08cd
----------------- Done invoking toplevel() on ptolemy.moml.MoMLSimpleApplication@8ed08cd
reloadAllAccessors: .PublisherToplevelSubscriberPortAOC

===========================================================================================
----------------- testing Mon Jul 16 01:37:17 UTC 2018 /home/travis/build/icyphy/ptII/ptolemy/actor/lib/test/auto/PulseFiringLimitDE.xml
----------------- Instantiating /home/travis/build/icyphy/ptII/ptolemy/actor/lib/test/auto/PulseFiringLimitDE.xml
1 ms. Memory: 1450496K Free: 590973K (41%)
----------------- Invoking toplevel() on ptolemy.moml.MoMLSimpleApplication@3c9e1248
----------------- Done invoking toplevel() on ptolemy.moml.MoMLSimpleApplication@3c9e1248
reloadAllAccessors: .PulseFiringLimitDE

===========================================================================================
----------------- testing Mon Jul 16 01:37:17 UTC 2018 /home/travis/build/icyphy/ptII/ptolemy/actor/lib/test/auto/Ramp1.xml
----------------- Instantiating /home/travis/build/icyphy/ptII/ptolemy/actor/lib/test/auto/Ramp1.xml
1 ms. Memory: 1450496K Free: 577604K (40%)
----------------- Invoking toplevel() on ptolemy.moml.MoMLSimpleApplication@5e6f9ca3
----------------- Done invoking toplevel() on ptolemy.moml.MoMLSimpleApplication@5e6f9ca3
reloadAllAccessors: .Ramp1

===========================================================================================
----------------- testing Mon Jul 16 01:37:17 UTC 2018 /home/travis/build/icyphy/ptII/ptolemy/actor/lib/test/auto/RampFiringLimitDE.xml
----------------- Instantiating /home/travis/build/icyphy/ptII/ptolemy/actor/lib/test/auto/RampFiringLimitDE.xml
2 ms. Memory: 1450496K Free: 557831K (38%)
----------------- Invoking toplevel() on ptolemy.moml.MoMLSimpleApplication@5f9ae0d4
----------------- Done invoking toplevel() on ptolemy.moml.MoMLSimpleApplication@5f9ae0d4
reloadAllAccessors: .RampFiringLimitDE

===========================================================================================
----------------- testing Mon Jul 16 01:37:17 UTC 2018 /home/travis/build/icyphy/ptII/ptolemy/actor/lib/test/auto/RampFiringLimitSDF.xml
----------------- Instantiating /home/travis/build/icyphy/ptII/ptolemy/actor/lib/test/auto/RampFiringLimitSDF.xml
1 ms. Memory: 1450496K Free: 544463K (38%)
----------------- Invoking toplevel() on ptolemy.moml.MoMLSimpleApplication@58dc72d6
----------------- Done invoking toplevel() on ptolemy.moml.MoMLSimpleApplication@58dc72d6
reloadAllAccessors: .RampFiringLimitSDF

===========================================================================================
----------------- testing Mon Jul 16 01:37:17 UTC 2018 /home/travis/build/icyphy/ptII/ptolemy/actor/lib/test/auto/RandomInteger.xml
----------------- Instantiating /home/travis/build/icyphy/ptII/ptolemy/actor/lib/test/auto/RandomInteger.xml
2 ms. Memory: 1450496K Free: 524690K (36%)
----------------- Invoking toplevel() on ptolemy.moml.MoMLSimpleApplication@578afc5b
----------------- Done invoking toplevel() on ptolemy.moml.MoMLSimpleApplication@578afc5b
reloadAllAccessors: .RandomInteger

===========================================================================================
----------------- testing Mon Jul 16 01:37:17 UTC 2018 /home/travis/build/icyphy/ptII/ptolemy/actor/lib/test/auto/ReadFile1.xml
----------------- Instantiating /home/travis/build/icyphy/ptII/ptolemy/actor/lib/test/auto/ReadFile1.xml
2 ms. Memory: 1450496K Free: 511321K (35%)
----------------- Invoking toplevel() on ptolemy.moml.MoMLSimpleApplication@f410844
----------------- Done invoking toplevel() on ptolemy.moml.MoMLSimpleApplication@f410844
reloadAllAccessors: .ReadFile1

===========================================================================================
----------------- testing Mon Jul 16 01:37:17 UTC 2018 /home/travis/build/icyphy/ptII/ptolemy/actor/lib/test/auto/ReadFile2.xml
----------------- Instantiating /home/travis/build/icyphy/ptII/ptolemy/actor/lib/test/auto/ReadFile2.xml
1 ms. Memory: 1450496K Free: 497953K (34%)
----------------- Invoking toplevel() on ptolemy.moml.MoMLSimpleApplication@3dfe4f8e
----------------- Done invoking toplevel() on ptolemy.moml.MoMLSimpleApplication@3dfe4f8e
reloadAllAccessors: .ReadFile2

===========================================================================================
----------------- testing Mon Jul 16 01:37:17 UTC 2018 /home/travis/build/icyphy/ptII/ptolemy/actor/lib/test/auto/Reader.xml
----------------- Instantiating /home/travis/build/icyphy/ptII/ptolemy/actor/lib/test/auto/Reader.xml
actor.lib.Reader is obsolete, use actor.lib.io.ExpressionReader instead
6 ms. Memory: 1450496K Free: 478180K (33%)
----------------- Invoking toplevel() on ptolemy.moml.MoMLSimpleApplication@14ee6309
----------------- Done invoking toplevel() on ptolemy.moml.MoMLSimpleApplication@14ee6309
reloadAllAccessors: .Reader

===========================================================================================
----------------- testing Mon Jul 16 01:37:17 UTC 2018 /home/travis/build/icyphy/ptII/ptolemy/actor/lib/test/auto/RecordAssemblerDisplayNameTest.xml
----------------- Instantiating /home/travis/build/icyphy/ptII/ptolemy/actor/lib/test/auto/RecordAssemblerDisplayNameTest.xml
3046 ms. Memory: 1562112K Free: 675296K (43%)
----------------- Invoking toplevel() on ptolemy.moml.MoMLSimpleApplication@7557adec
----------------- Done invoking toplevel() on ptolemy.moml.MoMLSimpleApplication@7557adec
reloadAllAccessors: .RecordAssemblerDisplayNameTest

===========================================================================================
----------------- testing Mon Jul 16 01:37:20 UTC 2018 /home/travis/build/icyphy/ptII/ptolemy/actor/lib/test/auto/RecordAssemblerTypeError.xml
----------------- Instantiating /home/travis/build/icyphy/ptII/ptolemy/actor/lib/test/auto/RecordAssemblerTypeError.xml
11 ms. Memory: 1562112K Free: 644065K (41%)
----------------- Invoking toplevel() on ptolemy.moml.MoMLSimpleApplication@2e3aa1e
----------------- Done invoking toplevel() on ptolemy.moml.MoMLSimpleApplication@2e3aa1e
reloadAllAccessors: .RecordAssemblerTypeError

===========================================================================================
----------------- testing Mon Jul 16 01:37:20 UTC 2018 /home/travis/build/icyphy/ptII/ptolemy/actor/lib/test/auto/RecordDisassember.xml
----------------- Instantiating /home/travis/build/icyphy/ptII/ptolemy/actor/lib/test/auto/RecordDisassember.xml
3 ms. Memory: 1562112K Free: 629432K (40%)
----------------- Invoking toplevel() on ptolemy.moml.MoMLSimpleApplication@3096c2da
----------------- Done invoking toplevel() on ptolemy.moml.MoMLSimpleApplication@3096c2da
reloadAllAccessors: .RecordDisassember

===========================================================================================
----------------- testing Mon Jul 16 01:37:20 UTC 2018 /home/travis/build/icyphy/ptII/ptolemy/actor/lib/test/auto/RecordDisassemberDisplayNameTest.xml
----------------- Instantiating /home/travis/build/icyphy/ptII/ptolemy/actor/lib/test/auto/RecordDisassemberDisplayNameTest.xml
6 ms. Memory: 1562112K Free: 609212K (39%)
----------------- Invoking toplevel() on ptolemy.moml.MoMLSimpleApplication@1c0d3b1c
----------------- Done invoking toplevel() on ptolemy.moml.MoMLSimpleApplication@1c0d3b1c
reloadAllAccessors: .RecordDisassemberDisplayNameTest

===========================================================================================
----------------- testing Mon Jul 16 01:37:20 UTC 2018 /home/travis/build/icyphy/ptII/ptolemy/actor/lib/test/auto/RecordDisassembler.xml
----------------- Instantiating /home/travis/build/icyphy/ptII/ptolemy/actor/lib/test/auto/RecordDisassembler.xml
2 ms. Memory: 1562112K Free: 594579K (38%)
----------------- Invoking toplevel() on ptolemy.moml.MoMLSimpleApplication@4f7d3226
----------------- Done invoking toplevel() on ptolemy.moml.MoMLSimpleApplication@4f7d3226
reloadAllAccessors: .RecordDisassembler

===========================================================================================
----------------- testing Mon Jul 16 01:37:20 UTC 2018 /home/travis/build/icyphy/ptII/ptolemy/actor/lib/test/auto/RecordDisassembler2.xml
----------------- Instantiating /home/travis/build/icyphy/ptII/ptolemy/actor/lib/test/auto/RecordDisassembler2.xml
3 ms. Memory: 1562112K Free: 574358K (37%)
----------------- Invoking toplevel() on ptolemy.moml.MoMLSimpleApplication@28835ffd
----------------- Done invoking toplevel() on ptolemy.moml.MoMLSimpleApplication@28835ffd
reloadAllAccessors: .RecordDisassembler2

===========================================================================================
----------------- testing Mon Jul 16 01:37:20 UTC 2018 /home/travis/build/icyphy/ptII/ptolemy/actor/lib/test/auto/RecordUpdater.xml
----------------- Instantiating /home/travis/build/icyphy/ptII/ptolemy/actor/lib/test/auto/RecordUpdater.xml
1 ms. Memory: 1562112K Free: 559725K (36%)
----------------- Invoking toplevel() on ptolemy.moml.MoMLSimpleApplication@39b2a4f3
----------------- Done invoking toplevel() on ptolemy.moml.MoMLSimpleApplication@39b2a4f3
reloadAllAccessors: .RecordUpdater

===========================================================================================
----------------- testing Mon Jul 16 01:37:20 UTC 2018 /home/travis/build/icyphy/ptII/ptolemy/actor/lib/test/auto/RecordUpdater2.xml
----------------- Instantiating /home/travis/build/icyphy/ptII/ptolemy/actor/lib/test/auto/RecordUpdater2.xml
2 ms. Memory: 1562112K Free: 539505K (35%)
----------------- Invoking toplevel() on ptolemy.moml.MoMLSimpleApplication@6d1b04fa
----------------- Done invoking toplevel() on ptolemy.moml.MoMLSimpleApplication@6d1b04fa
reloadAllAccessors: .RecordUpdater2

===========================================================================================
----------------- testing Mon Jul 16 01:37:20 UTC 2018 /home/travis/build/icyphy/ptII/ptolemy/actor/lib/test/auto/RecursiveLattice.xml
----------------- Instantiating /home/travis/build/icyphy/ptII/ptolemy/actor/lib/test/auto/RecursiveLattice.xml
1 ms. Memory: 1562112K Free: 524872K (34%)
----------------- Invoking toplevel() on ptolemy.moml.MoMLSimpleApplication@174577a8
----------------- Done invoking toplevel() on ptolemy.moml.MoMLSimpleApplication@174577a8
reloadAllAccessors: .RecursiveLattice

===========================================================================================
----------------- testing Mon Jul 16 01:37:20 UTC 2018 /home/travis/build/icyphy/ptII/ptolemy/actor/lib/test/auto/Router.xml
----------------- Instantiating /home/travis/build/icyphy/ptII/ptolemy/actor/lib/test/auto/Router.xml
3004 ms. Memory: 1562112K Free: 504651K (32%)
----------------- Invoking toplevel() on ptolemy.moml.MoMLSimpleApplication@5c44c58b
----------------- Done invoking toplevel() on ptolemy.moml.MoMLSimpleApplication@5c44c58b
reloadAllAccessors: .Router

===========================================================================================
----------------- testing Mon Jul 16 01:37:23 UTC 2018 /home/travis/build/icyphy/ptII/ptolemy/actor/lib/test/auto/Router2.xml
----------------- Instantiating /home/travis/build/icyphy/ptII/ptolemy/actor/lib/test/auto/Router2.xml
3003 ms. Memory: 1562112K Free: 490018K (31%)
----------------- Invoking toplevel() on ptolemy.moml.MoMLSimpleApplication@6e140cfc
----------------- Done invoking toplevel() on ptolemy.moml.MoMLSimpleApplication@6e140cfc
reloadAllAccessors: .Router2

===========================================================================================
----------------- testing Mon Jul 16 01:37:26 UTC 2018 /home/travis/build/icyphy/ptII/ptolemy/actor/lib/test/auto/RunningMaximum.xml
----------------- Instantiating /home/travis/build/icyphy/ptII/ptolemy/actor/lib/test/auto/RunningMaximum.xml
2 ms. Memory: 1562112K Free: 469797K (30%)
----------------- Invoking toplevel() on ptolemy.moml.MoMLSimpleApplication@25e33edf
----------------- Done invoking toplevel() on ptolemy.moml.MoMLSimpleApplication@25e33edf
reloadAllAccessors: .RunningMaximum

===========================================================================================
----------------- testing Mon Jul 16 01:37:26 UTC 2018 /home/travis/build/icyphy/ptII/ptolemy/actor/lib/test/auto/RunningMinimum.xml
----------------- Instantiating /home/travis/build/icyphy/ptII/ptolemy/actor/lib/test/auto/RunningMinimum.xml
3 ms. Memory: 1562112K Free: 455164K (29%)
----------------- Invoking toplevel() on ptolemy.moml.MoMLSimpleApplication@2c3d1d62
----------------- Done invoking toplevel() on ptolemy.moml.MoMLSimpleApplication@2c3d1d62
reloadAllAccessors: .RunningMinimum

===========================================================================================
----------------- testing Mon Jul 16 01:37:26 UTC 2018 /home/travis/build/icyphy/ptII/ptolemy/actor/lib/test/auto/Scale.xml
----------------- Instantiating /home/travis/build/icyphy/ptII/ptolemy/actor/lib/test/auto/Scale.xml
1 ms. Memory: 1562112K Free: 434944K (28%)
----------------- Invoking toplevel() on ptolemy.moml.MoMLSimpleApplication@381ea42c
----------------- Done invoking toplevel() on ptolemy.moml.MoMLSimpleApplication@381ea42c
reloadAllAccessors: .Scale

===========================================================================================
----------------- testing Mon Jul 16 01:37:26 UTC 2018 /home/travis/build/icyphy/ptII/ptolemy/actor/lib/test/auto/Scale2.xml
----------------- Instantiating /home/travis/build/icyphy/ptII/ptolemy/actor/lib/test/auto/Scale2.xml
1 ms. Memory: 1562112K Free: 420311K (27%)
----------------- Invoking toplevel() on ptolemy.moml.MoMLSimpleApplication@6cf0624b
----------------- Done invoking toplevel() on ptolemy.moml.MoMLSimpleApplication@6cf0624b
reloadAllAccessors: .Scale2

===========================================================================================
----------------- testing Mon Jul 16 01:37:26 UTC 2018 /home/travis/build/icyphy/ptII/ptolemy/actor/lib/test/auto/Scale3.xml
----------------- Instantiating /home/travis/build/icyphy/ptII/ptolemy/actor/lib/test/auto/Scale3.xml
3 ms. Memory: 1562112K Free: 405678K (26%)
----------------- Invoking toplevel() on ptolemy.moml.MoMLSimpleApplication@1b7a4796
----------------- Done invoking toplevel() on ptolemy.moml.MoMLSimpleApplication@1b7a4796
reloadAllAccessors: .Scale3

===========================================================================================
----------------- testing Mon Jul 16 01:37:26 UTC 2018 /home/travis/build/icyphy/ptII/ptolemy/actor/lib/test/auto/ScaleArray.xml
----------------- Instantiating /home/travis/build/icyphy/ptII/ptolemy/actor/lib/test/auto/ScaleArray.xml
2 ms. Memory: 1562112K Free: 385457K (25%)
----------------- Invoking toplevel() on ptolemy.moml.MoMLSimpleApplication@4b5ea73e
----------------- Done invoking toplevel() on ptolemy.moml.MoMLSimpleApplication@4b5ea73e
reloadAllAccessors: .ScaleArray

===========================================================================================
----------------- testing Mon Jul 16 01:37:26 UTC 2018 /home/travis/build/icyphy/ptII/ptolemy/actor/lib/test/auto/ScaleArray2.xml
----------------- Instantiating /home/travis/build/icyphy/ptII/ptolemy/actor/lib/test/auto/ScaleArray2.xml
1 ms. Memory: 1562112K Free: 370825K (24%)
----------------- Invoking toplevel() on ptolemy.moml.MoMLSimpleApplication@315eab1b
----------------- Done invoking toplevel() on ptolemy.moml.MoMLSimpleApplication@315eab1b
reloadAllAccessors: .ScaleArray2

===========================================================================================
----------------- testing Mon Jul 16 01:37:26 UTC 2018 /home/travis/build/icyphy/ptII/ptolemy/actor/lib/test/auto/ScaleMatrix.xml
----------------- Instantiating /home/travis/build/icyphy/ptII/ptolemy/actor/lib/test/auto/ScaleMatrix.xml
150 ms. Memory: 1562112K Free: 343287K (22%)
----------------- Invoking toplevel() on ptolemy.moml.MoMLSimpleApplication@3cd75b1e
----------------- Done invoking toplevel() on ptolemy.moml.MoMLSimpleApplication@3cd75b1e
reloadAllAccessors: .ScaleMatrix

===========================================================================================
----------------- testing Mon Jul 16 01:37:26 UTC 2018 /home/travis/build/icyphy/ptII/ptolemy/actor/lib/test/auto/Select.xml
----------------- Instantiating /home/travis/build/icyphy/ptII/ptolemy/actor/lib/test/auto/Select.xml
9 ms. Memory: 1562112K Free: 328654K (21%)
----------------- Invoking toplevel() on ptolemy.moml.MoMLSimpleApplication@51945e2d
----------------- Done invoking toplevel() on ptolemy.moml.MoMLSimpleApplication@51945e2d
reloadAllAccessors: .Select

===========================================================================================
----------------- testing Mon Jul 16 01:37:26 UTC 2018 /home/travis/build/icyphy/ptII/ptolemy/actor/lib/test/auto/Select2.xml
----------------- Instantiating /home/travis/build/icyphy/ptII/ptolemy/actor/lib/test/auto/Select2.xml
1 ms. Memory: 1562112K Free: 308434K (20%)
----------------- Invoking toplevel() on ptolemy.moml.MoMLSimpleApplication@1fa1b631
----------------- Done invoking toplevel() on ptolemy.moml.MoMLSimpleApplication@1fa1b631
reloadAllAccessors: .Select2

===========================================================================================
----------------- testing Mon Jul 16 01:37:26 UTC 2018 /home/travis/build/icyphy/ptII/ptolemy/actor/lib/test/auto/SequenceToArray2.xml
----------------- Instantiating /home/travis/build/icyphy/ptII/ptolemy/actor/lib/test/auto/SequenceToArray2.xml
121 ms. Memory: 1562112K Free: 220620K (14%)
----------------- Invoking toplevel() on ptolemy.moml.MoMLSimpleApplication@3e4f87c5
----------------- Done invoking toplevel() on ptolemy.moml.MoMLSimpleApplication@3e4f87c5
reloadAllAccessors: .SequenceToArray2

===========================================================================================
----------------- testing Mon Jul 16 01:37:27 UTC 2018 /home/travis/build/icyphy/ptII/ptolemy/actor/lib/test/auto/SequentialClock.xml
----------------- Instantiating /home/travis/build/icyphy/ptII/ptolemy/actor/lib/test/auto/SequentialClock.xml
2 ms. Memory: 1562112K Free: 200399K (13%)
----------------- Invoking toplevel() on ptolemy.moml.MoMLSimpleApplication@9847de9
----------------- Done invoking toplevel() on ptolemy.moml.MoMLSimpleApplication@9847de9
reloadAllAccessors: .SequentialClock

===========================================================================================
----------------- testing Mon Jul 16 01:37:27 UTC 2018 /home/travis/build/icyphy/ptII/ptolemy/actor/lib/test/auto/SetVariable.xml
----------------- Instantiating /home/travis/build/icyphy/ptII/ptolemy/actor/lib/test/auto/SetVariable.xml
5 ms. Memory: 1562112K Free: 185766K (12%)
----------------- Invoking toplevel() on ptolemy.moml.MoMLSimpleApplication@4033a7fc
----------------- Done invoking toplevel() on ptolemy.moml.MoMLSimpleApplication@4033a7fc
reloadAllAccessors: .SetVariable

===========================================================================================
----------------- testing Mon Jul 16 01:37:27 UTC 2018 /home/travis/build/icyphy/ptII/ptolemy/actor/lib/test/auto/SetVariable2.xml
----------------- Instantiating /home/travis/build/icyphy/ptII/ptolemy/actor/lib/test/auto/SetVariable2.xml
7 ms. Memory: 1562112K Free: 165546K (11%)
----------------- Invoking toplevel() on ptolemy.moml.MoMLSimpleApplication@353ac108
----------------- Done invoking toplevel() on ptolemy.moml.MoMLSimpleApplication@353ac108
reloadAllAccessors: .SetVariable2

===========================================================================================
----------------- testing Mon Jul 16 01:37:27 UTC 2018 /home/travis/build/icyphy/ptII/ptolemy/actor/lib/test/auto/SetVariable3.xml
----------------- Instantiating /home/travis/build/icyphy/ptII/ptolemy/actor/lib/test/auto/SetVariable3.xml
13 ms. Memory: 1562112K Free: 150913K (10%)
----------------- Invoking toplevel() on ptolemy.moml.MoMLSimpleApplication@2f8b551e
----------------- Done invoking toplevel() on ptolemy.moml.MoMLSimpleApplication@2f8b551e
reloadAllAccessors: .SetVariable3

===========================================================================================
----------------- testing Mon Jul 16 01:37:27 UTC 2018 /home/travis/build/icyphy/ptII/ptolemy/actor/lib/test/auto/SetVariable4.xml
----------------- Instantiating /home/travis/build/icyphy/ptII/ptolemy/actor/lib/test/auto/SetVariable4.xml
21 ms. Memory: 1562112K Free: 79477K (5%)
----------------- Invoking toplevel() on ptolemy.moml.MoMLSimpleApplication@8850419
----------------- Done invoking toplevel() on ptolemy.moml.MoMLSimpleApplication@8850419
reloadAllAccessors: .SetVariable4

===========================================================================================
----------------- testing Mon Jul 16 01:37:27 UTC 2018 /home/travis/build/icyphy/ptII/ptolemy/actor/lib/test/auto/SetVariable5.xml
----------------- Instantiating /home/travis/build/icyphy/ptII/ptolemy/actor/lib/test/auto/SetVariable5.xml
22 ms. Memory: 1562112K Free: 64844K (4%)
----------------- Invoking toplevel() on ptolemy.moml.MoMLSimpleApplication@39635bf
----------------- Done invoking toplevel() on ptolemy.moml.MoMLSimpleApplication@39635bf
reloadAllAccessors: .SetVariable5

===========================================================================================
----------------- testing Mon Jul 16 01:37:27 UTC 2018 /home/travis/build/icyphy/ptII/ptolemy/actor/lib/test/auto/Sinewave.xml
----------------- Instantiating /home/travis/build/icyphy/ptII/ptolemy/actor/lib/test/auto/Sinewave.xml
4 ms. Memory: 1686016K Free: 1626738K (96%)
----------------- Invoking toplevel() on ptolemy.moml.MoMLSimpleApplication@82a460f
----------------- Done invoking toplevel() on ptolemy.moml.MoMLSimpleApplication@82a460f
reloadAllAccessors: .Sinewave

===========================================================================================
----------------- testing Mon Jul 16 01:37:27 UTC 2018 /home/travis/build/icyphy/ptII/ptolemy/actor/lib/test/auto/Sinewave2.xml
----------------- Instantiating /home/travis/build/icyphy/ptII/ptolemy/actor/lib/test/auto/Sinewave2.xml
5 ms. Memory: 1686016K Free: 1606480K (95%)
----------------- Invoking toplevel() on ptolemy.moml.MoMLSimpleApplication@69c4dc73
----------------- Done invoking toplevel() on ptolemy.moml.MoMLSimpleApplication@69c4dc73
reloadAllAccessors: .Sinewave2

===========================================================================================
----------------- testing Mon Jul 16 01:37:27 UTC 2018 /home/travis/build/icyphy/ptII/ptolemy/actor/lib/test/auto/Sinewave3.xml
----------------- Instantiating /home/travis/build/icyphy/ptII/ptolemy/actor/lib/test/auto/Sinewave3.xml
10 ms. Memory: 1686016K Free: 1586222K (94%)
----------------- Invoking toplevel() on ptolemy.moml.MoMLSimpleApplication@338007e2
----------------- Done invoking toplevel() on ptolemy.moml.MoMLSimpleApplication@338007e2
reloadAllAccessors: .Sinewave3

===========================================================================================
----------------- testing Mon Jul 16 01:37:27 UTC 2018 /home/travis/build/icyphy/ptII/ptolemy/actor/lib/test/auto/SingleEvent.xml
----------------- Instantiating /home/travis/build/icyphy/ptII/ptolemy/actor/lib/test/auto/SingleEvent.xml
1 ms. Memory: 1686016K Free: 1570488K (93%)
----------------- Invoking toplevel() on ptolemy.moml.MoMLSimpleApplication@7c4c7c90
----------------- Done invoking toplevel() on ptolemy.moml.MoMLSimpleApplication@7c4c7c90
reloadAllAccessors: .SingleEvent

===========================================================================================
----------------- testing Mon Jul 16 01:37:27 UTC 2018 /home/travis/build/icyphy/ptII/ptolemy/actor/lib/test/auto/Sleep.xml
----------------- Instantiating /home/travis/build/icyphy/ptII/ptolemy/actor/lib/test/auto/Sleep.xml
6003 ms. Memory: 1686016K Free: 1550230K (92%)
----------------- Invoking toplevel() on ptolemy.moml.MoMLSimpleApplication@50102dcc
----------------- Done invoking toplevel() on ptolemy.moml.MoMLSimpleApplication@50102dcc
reloadAllAccessors: .Sleep

===========================================================================================
----------------- testing Mon Jul 16 01:37:33 UTC 2018 /home/travis/build/icyphy/ptII/ptolemy/actor/lib/test/auto/SleepMultipleFire.xml
----------------- Instantiating /home/travis/build/icyphy/ptII/ptolemy/actor/lib/test/auto/SleepMultipleFire.xml
1005 ms. Memory: 1686016K Free: 1534496K (91%)
----------------- Invoking toplevel() on ptolemy.moml.MoMLSimpleApplication@25fad9e3
----------------- Done invoking toplevel() on ptolemy.moml.MoMLSimpleApplication@25fad9e3
reloadAllAccessors: .SleepMultipleFire

===========================================================================================
----------------- testing Mon Jul 16 01:37:34 UTC 2018 /home/travis/build/icyphy/ptII/ptolemy/actor/lib/test/auto/StopDE.xml
----------------- Instantiating /home/travis/build/icyphy/ptII/ptolemy/actor/lib/test/auto/StopDE.xml
3 ms. Memory: 1686016K Free: 1514238K (90%)
----------------- Invoking toplevel() on ptolemy.moml.MoMLSimpleApplication@35a3c118
----------------- Done invoking toplevel() on ptolemy.moml.MoMLSimpleApplication@35a3c118
reloadAllAccessors: .StopDE

===========================================================================================
----------------- testing Mon Jul 16 01:37:34 UTC 2018 /home/travis/build/icyphy/ptII/ptolemy/actor/lib/test/auto/StopSDF.xml
----------------- Instantiating /home/travis/build/icyphy/ptII/ptolemy/actor/lib/test/auto/StopSDF.xml
4 ms. Memory: 1686016K Free: 1493980K (89%)
----------------- Invoking toplevel() on ptolemy.moml.MoMLSimpleApplication@3f880c0
----------------- Done invoking toplevel() on ptolemy.moml.MoMLSimpleApplication@3f880c0
reloadAllAccessors: .StopSDF

===========================================================================================
----------------- testing Mon Jul 16 01:37:34 UTC 2018 /home/travis/build/icyphy/ptII/ptolemy/actor/lib/test/auto/StringConstant.xml
----------------- Instantiating /home/travis/build/icyphy/ptII/ptolemy/actor/lib/test/auto/StringConstant.xml
1 ms. Memory: 1686016K Free: 1478246K (88%)
----------------- Invoking toplevel() on ptolemy.moml.MoMLSimpleApplication@55e78803
----------------- Done invoking toplevel() on ptolemy.moml.MoMLSimpleApplication@55e78803
reloadAllAccessors: .StringConstant

===========================================================================================
----------------- testing Mon Jul 16 01:37:34 UTC 2018 /home/travis/build/icyphy/ptII/ptolemy/actor/lib/test/auto/SubscriberPortInitialValues1.xml
----------------- Instantiating /home/travis/build/icyphy/ptII/ptolemy/actor/lib/test/auto/SubscriberPortInitialValues1.xml
4 ms. Memory: 1686016K Free: 1457988K (86%)
----------------- Invoking toplevel() on ptolemy.moml.MoMLSimpleApplication@23db7d70
----------------- Done invoking toplevel() on ptolemy.moml.MoMLSimpleApplication@23db7d70
reloadAllAccessors: .SubscriberPortInitialValues1

===========================================================================================
----------------- testing Mon Jul 16 01:37:34 UTC 2018 /home/travis/build/icyphy/ptII/ptolemy/actor/lib/test/auto/SubscriberPortInitialValues13.xml
----------------- Instantiating /home/travis/build/icyphy/ptII/ptolemy/actor/lib/test/auto/SubscriberPortInitialValues13.xml
4 ms. Memory: 1686016K Free: 1434387K (85%)
----------------- Invoking toplevel() on ptolemy.moml.MoMLSimpleApplication@7e9de462
----------------- Done invoking toplevel() on ptolemy.moml.MoMLSimpleApplication@7e9de462
reloadAllAccessors: .SubscriberPortInitialValues13

===========================================================================================
----------------- testing Mon Jul 16 01:37:34 UTC 2018 /home/travis/build/icyphy/ptII/ptolemy/actor/lib/test/auto/SubscriberPortInitialValues14.xml
----------------- Instantiating /home/travis/build/icyphy/ptII/ptolemy/actor/lib/test/auto/SubscriberPortInitialValues14.xml
4 ms. Memory: 1686016K Free: 1414129K (84%)
----------------- Invoking toplevel() on ptolemy.moml.MoMLSimpleApplication@261b525f
----------------- Done invoking toplevel() on ptolemy.moml.MoMLSimpleApplication@261b525f
reloadAllAccessors: .SubscriberPortInitialValues14

===========================================================================================
----------------- testing Mon Jul 16 01:37:34 UTC 2018 /home/travis/build/icyphy/ptII/ptolemy/actor/lib/test/auto/SubscriberPortInitialValues2.xml
----------------- Instantiating /home/travis/build/icyphy/ptII/ptolemy/actor/lib/test/auto/SubscriberPortInitialValues2.xml
4 ms. Memory: 1686016K Free: 1398395K (83%)
----------------- Invoking toplevel() on ptolemy.moml.MoMLSimpleApplication@3e987adb
----------------- Done invoking toplevel() on ptolemy.moml.MoMLSimpleApplication@3e987adb
reloadAllAccessors: .SubscriberPortInitialValues2

===========================================================================================
----------------- testing Mon Jul 16 01:37:34 UTC 2018 /home/travis/build/icyphy/ptII/ptolemy/actor/lib/test/auto/SubscriberPortInitialValues3.xml
----------------- Instantiating /home/travis/build/icyphy/ptII/ptolemy/actor/lib/test/auto/SubscriberPortInitialValues3.xml
4 ms. Memory: 1686016K Free: 1370262K (81%)
----------------- Invoking toplevel() on ptolemy.moml.MoMLSimpleApplication@2dfc7aa4
----------------- Done invoking toplevel() on ptolemy.moml.MoMLSimpleApplication@2dfc7aa4
reloadAllAccessors: .SubscriberPortInitialValues3

===========================================================================================
----------------- testing Mon Jul 16 01:37:34 UTC 2018 /home/travis/build/icyphy/ptII/ptolemy/actor/lib/test/auto/SubscriptionAggregator.xml
----------------- Instantiating /home/travis/build/icyphy/ptII/ptolemy/actor/lib/test/auto/SubscriptionAggregator.xml
3 ms. Memory: 1686016K Free: 1350004K (80%)
----------------- Invoking toplevel() on ptolemy.moml.MoMLSimpleApplication@5d361922
----------------- Done invoking toplevel() on ptolemy.moml.MoMLSimpleApplication@5d361922
reloadAllAccessors: .SubscriptionAggregator

===========================================================================================
----------------- testing Mon Jul 16 01:37:34 UTC 2018 /home/travis/build/icyphy/ptII/ptolemy/actor/lib/test/auto/SubscriptionAggregator2.xml
----------------- Instantiating /home/travis/build/icyphy/ptII/ptolemy/actor/lib/test/auto/SubscriptionAggregator2.xml
2 ms. Memory: 1686016K Free: 1334270K (79%)
----------------- Invoking toplevel() on ptolemy.moml.MoMLSimpleApplication@45b11e
----------------- Done invoking toplevel() on ptolemy.moml.MoMLSimpleApplication@45b11e
reloadAllAccessors: .SubscriptionAggregator2

===========================================================================================
----------------- testing Mon Jul 16 01:37:34 UTC 2018 /home/travis/build/icyphy/ptII/ptolemy/actor/lib/test/auto/SubscriptionAggregator3.xml
----------------- Instantiating /home/travis/build/icyphy/ptII/ptolemy/actor/lib/test/auto/SubscriptionAggregator3.xml
3 ms. Memory: 1686016K Free: 1314011K (78%)
----------------- Invoking toplevel() on ptolemy.moml.MoMLSimpleApplication@6c98431
----------------- Done invoking toplevel() on ptolemy.moml.MoMLSimpleApplication@6c98431
reloadAllAccessors: .SubscriptionAggregator3

===========================================================================================
----------------- testing Mon Jul 16 01:37:34 UTC 2018 /home/travis/build/icyphy/ptII/ptolemy/actor/lib/test/auto/SubscriptionAggregatorMultiply.xml
----------------- Instantiating /home/travis/build/icyphy/ptII/ptolemy/actor/lib/test/auto/SubscriptionAggregatorMultiply.xml
3 ms. Memory: 1686016K Free: 1298278K (77%)
----------------- Invoking toplevel() on ptolemy.moml.MoMLSimpleApplication@2460835c
----------------- Done invoking toplevel() on ptolemy.moml.MoMLSimpleApplication@2460835c
reloadAllAccessors: .SubscriptionAggregatorMultiply

===========================================================================================
----------------- testing Mon Jul 16 01:37:34 UTC 2018 /home/travis/build/icyphy/ptII/ptolemy/actor/lib/test/auto/SubscriptionAggregatorPortMultiply1.xml
----------------- Instantiating /home/travis/build/icyphy/ptII/ptolemy/actor/lib/test/auto/SubscriptionAggregatorPortMultiply1.xml
4 ms. Memory: 1686016K Free: 1278020K (76%)
----------------- Invoking toplevel() on ptolemy.moml.MoMLSimpleApplication@5ea2471d
----------------- Done invoking toplevel() on ptolemy.moml.MoMLSimpleApplication@5ea2471d
reloadAllAccessors: .SubscriptionAggregatorPortMultiply1

===========================================================================================
----------------- testing Mon Jul 16 01:37:34 UTC 2018 /home/travis/build/icyphy/ptII/ptolemy/actor/lib/test/auto/Switch.xml
----------------- Instantiating /home/travis/build/icyphy/ptII/ptolemy/actor/lib/test/auto/Switch.xml
4 ms. Memory: 1686016K Free: 1210535K (72%)
----------------- Invoking toplevel() on ptolemy.moml.MoMLSimpleApplication@37e2207d
----------------- Done invoking toplevel() on ptolemy.moml.MoMLSimpleApplication@37e2207d
reloadAllAccessors: .Switch

===========================================================================================
----------------- testing Mon Jul 16 01:37:34 UTC 2018 /home/travis/build/icyphy/ptII/ptolemy/actor/lib/test/auto/Switch2.xml
----------------- Instantiating /home/travis/build/icyphy/ptII/ptolemy/actor/lib/test/auto/Switch2.xml
1 ms. Memory: 1686016K Free: 1194801K (71%)
----------------- Invoking toplevel() on ptolemy.moml.MoMLSimpleApplication@2392eb04
----------------- Done invoking toplevel() on ptolemy.moml.MoMLSimpleApplication@2392eb04
reloadAllAccessors: .Switch2

===========================================================================================
----------------- testing Mon Jul 16 01:37:34 UTC 2018 /home/travis/build/icyphy/ptII/ptolemy/actor/lib/test/auto/SwitchDE.xml
----------------- Instantiating /home/travis/build/icyphy/ptII/ptolemy/actor/lib/test/auto/SwitchDE.xml
2 ms. Memory: 1686016K Free: 1174543K (70%)
----------------- Invoking toplevel() on ptolemy.moml.MoMLSimpleApplication@716c73ec
----------------- Done invoking toplevel() on ptolemy.moml.MoMLSimpleApplication@716c73ec
reloadAllAccessors: .SwitchDE

===========================================================================================
----------------- testing Mon Jul 16 01:37:34 UTC 2018 /home/travis/build/icyphy/ptII/ptolemy/actor/lib/test/auto/SynchronizerDE.xml
----------------- Instantiating /home/travis/build/icyphy/ptII/ptolemy/actor/lib/test/auto/SynchronizerDE.xml
3 ms. Memory: 1686016K Free: 1158809K (69%)
----------------- Invoking toplevel() on ptolemy.moml.MoMLSimpleApplication@5e25d6c0
----------------- Done invoking toplevel() on ptolemy.moml.MoMLSimpleApplication@5e25d6c0
reloadAllAccessors: .SynchronizerDE

===========================================================================================
----------------- testing Mon Jul 16 01:37:34 UTC 2018 /home/travis/build/icyphy/ptII/ptolemy/actor/lib/test/auto/Test.xml
----------------- Instantiating /home/travis/build/icyphy/ptII/ptolemy/actor/lib/test/auto/Test.xml
2 ms. Memory: 1686016K Free: 1138551K (68%)
----------------- Invoking toplevel() on ptolemy.moml.MoMLSimpleApplication@3b938292
----------------- Done invoking toplevel() on ptolemy.moml.MoMLSimpleApplication@3b938292
reloadAllAccessors: .Test

===========================================================================================
----------------- testing Mon Jul 16 01:37:34 UTC 2018 /home/travis/build/icyphy/ptII/ptolemy/actor/lib/test/auto/TestExceptionAttribute1.xml
----------------- Instantiating /home/travis/build/icyphy/ptII/ptolemy/actor/lib/test/auto/TestExceptionAttribute1.xml
2 ms. Memory: 1686016K Free: 1122817K (67%)
----------------- Invoking toplevel() on ptolemy.moml.MoMLSimpleApplication@527c9673
----------------- Done invoking toplevel() on ptolemy.moml.MoMLSimpleApplication@527c9673
reloadAllAccessors: .TestExceptionAttribute1

===========================================================================================
----------------- testing Mon Jul 16 01:37:34 UTC 2018 /home/travis/build/icyphy/ptII/ptolemy/actor/lib/test/auto/TestExceptionAttribute2.xml
----------------- Instantiating /home/travis/build/icyphy/ptII/ptolemy/actor/lib/test/auto/TestExceptionAttribute2.xml
1 ms. Memory: 1686016K Free: 1102559K (65%)
----------------- Invoking toplevel() on ptolemy.moml.MoMLSimpleApplication@41de09b4
----------------- Done invoking toplevel() on ptolemy.moml.MoMLSimpleApplication@41de09b4
reloadAllAccessors: .TestExceptionAttribute2

===========================================================================================
----------------- testing Mon Jul 16 01:37:34 UTC 2018 /home/travis/build/icyphy/ptII/ptolemy/actor/lib/test/auto/TestExceptionAttribute3.xml
----------------- Instantiating /home/travis/build/icyphy/ptII/ptolemy/actor/lib/test/auto/TestExceptionAttribute3.xml
.TestExceptionAttribute3.TestExceptionAttribute: initialize() was not invoked, but wrapup() was.  This is unusual, but not always a problem.  For example, exporting JNLP will do this.
1 ms. Memory: 1686016K Free: 1082301K (64%)
----------------- Invoking toplevel() on ptolemy.moml.MoMLSimpleApplication@56e2ec82
----------------- Done invoking toplevel() on ptolemy.moml.MoMLSimpleApplication@56e2ec82
reloadAllAccessors: .TestExceptionAttribute3

===========================================================================================
----------------- testing Mon Jul 16 01:37:34 UTC 2018 /home/travis/build/icyphy/ptII/ptolemy/actor/lib/test/auto/TestExceptionAttribute4.xml
----------------- Instantiating /home/travis/build/icyphy/ptII/ptolemy/actor/lib/test/auto/TestExceptionAttribute4.xml
.TestExceptionAttribute4.TestExceptionAttribute: initialize() was not invoked, but wrapup() was.  This is unusual, but not always a problem.  For example, exporting JNLP will do this.
.TestExceptionAttribute4.TestExceptionAttribute2: initialize() was not invoked, but wrapup() was.  This is unusual, but not always a problem.  For example, exporting JNLP will do this.
0 ms. Memory: 1686016K Free: 1066567K (63%)
----------------- Invoking toplevel() on ptolemy.moml.MoMLSimpleApplication@5a6a7947
----------------- Done invoking toplevel() on ptolemy.moml.MoMLSimpleApplication@5a6a7947
reloadAllAccessors: .TestExceptionAttribute4

===========================================================================================
----------------- testing Mon Jul 16 01:37:34 UTC 2018 /home/travis/build/icyphy/ptII/ptolemy/actor/lib/test/auto/TestExceptionHandler1.xml
----------------- Instantiating /home/travis/build/icyphy/ptII/ptolemy/actor/lib/test/auto/TestExceptionHandler1.xml
1 ms. Memory: 1686016K Free: 1046309K (62%)
----------------- Invoking toplevel() on ptolemy.moml.MoMLSimpleApplication@6a2d7ee8
----------------- Done invoking toplevel() on ptolemy.moml.MoMLSimpleApplication@6a2d7ee8
reloadAllAccessors: .TestExceptionHandler1

===========================================================================================
----------------- testing Mon Jul 16 01:37:34 UTC 2018 /home/travis/build/icyphy/ptII/ptolemy/actor/lib/test/auto/TestExceptionHandler2.xml
----------------- Instantiating /home/travis/build/icyphy/ptII/ptolemy/actor/lib/test/auto/TestExceptionHandler2.xml
1 ms. Memory: 1686016K Free: 1030575K (61%)
----------------- Invoking toplevel() on ptolemy.moml.MoMLSimpleApplication@22bcfc5f
----------------- Done invoking toplevel() on ptolemy.moml.MoMLSimpleApplication@22bcfc5f
reloadAllAccessors: .TestExceptionHandler2

===========================================================================================
----------------- testing Mon Jul 16 01:37:34 UTC 2018 /home/travis/build/icyphy/ptII/ptolemy/actor/lib/test/auto/TestExceptionHandler3.xml
----------------- Instantiating /home/travis/build/icyphy/ptII/ptolemy/actor/lib/test/auto/TestExceptionHandler3.xml
1 ms. Memory: 1686016K Free: 1010317K (60%)
----------------- Invoking toplevel() on ptolemy.moml.MoMLSimpleApplication@67acde75
----------------- Done invoking toplevel() on ptolemy.moml.MoMLSimpleApplication@67acde75
reloadAllAccessors: .TestExceptionHandler3

===========================================================================================
----------------- testing Mon Jul 16 01:37:34 UTC 2018 /home/travis/build/icyphy/ptII/ptolemy/actor/lib/test/auto/TestExceptionHandler4.xml
----------------- Instantiating /home/travis/build/icyphy/ptII/ptolemy/actor/lib/test/auto/TestExceptionHandler4.xml
1 ms. Memory: 1686016K Free: 990059K (59%)
----------------- Invoking toplevel() on ptolemy.moml.MoMLSimpleApplication@705fb88b
----------------- Done invoking toplevel() on ptolemy.moml.MoMLSimpleApplication@705fb88b
reloadAllAccessors: .TestExceptionHandler4

===========================================================================================
----------------- testing Mon Jul 16 01:37:35 UTC 2018 /home/travis/build/icyphy/ptII/ptolemy/actor/lib/test/auto/TestRequireCorrectOrder.xml
----------------- Instantiating /home/travis/build/icyphy/ptII/ptolemy/actor/lib/test/auto/TestRequireCorrectOrder.xml
2 ms. Memory: 1686016K Free: 974325K (58%)
----------------- Invoking toplevel() on ptolemy.moml.MoMLSimpleApplication@413a49f8
----------------- Done invoking toplevel() on ptolemy.moml.MoMLSimpleApplication@413a49f8
reloadAllAccessors: .TestRequireCorrectOrder

===========================================================================================
----------------- testing Mon Jul 16 01:37:35 UTC 2018 /home/travis/build/icyphy/ptII/ptolemy/actor/lib/test/auto/TestSimple.xml
----------------- Instantiating /home/travis/build/icyphy/ptII/ptolemy/actor/lib/test/auto/TestSimple.xml
1 ms. Memory: 1686016K Free: 954067K (57%)
----------------- Invoking toplevel() on ptolemy.moml.MoMLSimpleApplication@6472e8f6
----------------- Done invoking toplevel() on ptolemy.moml.MoMLSimpleApplication@6472e8f6
reloadAllAccessors: .TestSimple

===========================================================================================
----------------- testing Mon Jul 16 01:37:35 UTC 2018 /home/travis/build/icyphy/ptII/ptolemy/actor/lib/test/auto/ThrowModelError.xml
----------------- Instantiating /home/travis/build/icyphy/ptII/ptolemy/actor/lib/test/auto/ThrowModelError.xml
1 ms. Memory: 1686016K Free: 938333K (56%)
----------------- Invoking toplevel() on ptolemy.moml.MoMLSimpleApplication@4e402b26
----------------- Done invoking toplevel() on ptolemy.moml.MoMLSimpleApplication@4e402b26
reloadAllAccessors: .ThrowModelError

===========================================================================================
----------------- testing Mon Jul 16 01:37:35 UTC 2018 /home/travis/build/icyphy/ptII/ptolemy/actor/lib/test/auto/TimeDelayMicrosteps.xml
----------------- Instantiating /home/travis/build/icyphy/ptII/ptolemy/actor/lib/test/auto/TimeDelayMicrosteps.xml
2 ms. Memory: 1686016K Free: 918075K (54%)
----------------- Invoking toplevel() on ptolemy.moml.MoMLSimpleApplication@b6b37a3
----------------- Done invoking toplevel() on ptolemy.moml.MoMLSimpleApplication@b6b37a3
reloadAllAccessors: .TimeDelayMicrosteps

===========================================================================================
----------------- testing Mon Jul 16 01:37:35 UTC 2018 /home/travis/build/icyphy/ptII/ptolemy/actor/lib/test/auto/TimeDelayMicrosteps2.xml
----------------- Instantiating /home/travis/build/icyphy/ptII/ptolemy/actor/lib/test/auto/TimeDelayMicrosteps2.xml
4 ms. Memory: 1686016K Free: 902341K (54%)
----------------- Invoking toplevel() on ptolemy.moml.MoMLSimpleApplication@769fdfee
----------------- Done invoking toplevel() on ptolemy.moml.MoMLSimpleApplication@769fdfee
reloadAllAccessors: .TimeDelayMicrosteps2

===========================================================================================
----------------- testing Mon Jul 16 01:37:35 UTC 2018 /home/travis/build/icyphy/ptII/ptolemy/actor/lib/test/auto/TimeDelayMicrosteps3.xml
----------------- Instantiating /home/travis/build/icyphy/ptII/ptolemy/actor/lib/test/auto/TimeDelayMicrosteps3.xml
2 ms. Memory: 1686016K Free: 882083K (52%)
----------------- Invoking toplevel() on ptolemy.moml.MoMLSimpleApplication@3938fb62
----------------- Done invoking toplevel() on ptolemy.moml.MoMLSimpleApplication@3938fb62
reloadAllAccessors: .TimeDelayMicrosteps3

===========================================================================================
----------------- testing Mon Jul 16 01:37:35 UTC 2018 /home/travis/build/icyphy/ptII/ptolemy/actor/lib/test/auto/TimeDelayVariableMicrosteps.xml
----------------- Instantiating /home/travis/build/icyphy/ptII/ptolemy/actor/lib/test/auto/TimeDelayVariableMicrosteps.xml
3 ms. Memory: 1686016K Free: 861825K (51%)
----------------- Invoking toplevel() on ptolemy.moml.MoMLSimpleApplication@548e8bf9
----------------- Done invoking toplevel() on ptolemy.moml.MoMLSimpleApplication@548e8bf9
reloadAllAccessors: .TimeDelayVariableMicrosteps

===========================================================================================
----------------- testing Mon Jul 16 01:37:35 UTC 2018 /home/travis/build/icyphy/ptII/ptolemy/actor/lib/test/auto/TimeGap.xml
----------------- Instantiating /home/travis/build/icyphy/ptII/ptolemy/actor/lib/test/auto/TimeGap.xml
3 ms. Memory: 1686016K Free: 846091K (50%)
----------------- Invoking toplevel() on ptolemy.moml.MoMLSimpleApplication@771d25de
----------------- Done invoking toplevel() on ptolemy.moml.MoMLSimpleApplication@771d25de
reloadAllAccessors: .TimeGap

===========================================================================================
----------------- testing Mon Jul 16 01:37:35 UTC 2018 /home/travis/build/icyphy/ptII/ptolemy/actor/lib/test/auto/TimeGap2.xml
----------------- Instantiating /home/travis/build/icyphy/ptII/ptolemy/actor/lib/test/auto/TimeGap2.xml
3 ms. Memory: 1686016K Free: 825833K (49%)
----------------- Invoking toplevel() on ptolemy.moml.MoMLSimpleApplication@5c54d500
----------------- Done invoking toplevel() on ptolemy.moml.MoMLSimpleApplication@5c54d500
reloadAllAccessors: .TimeGap2

===========================================================================================
----------------- testing Mon Jul 16 01:37:35 UTC 2018 /home/travis/build/icyphy/ptII/ptolemy/actor/lib/test/auto/TimedSinewave.xml
----------------- Instantiating /home/travis/build/icyphy/ptII/ptolemy/actor/lib/test/auto/TimedSinewave.xml
35 ms. Memory: 1686016K Free: 802232K (48%)
----------------- Invoking toplevel() on ptolemy.moml.MoMLSimpleApplication@93691a4
----------------- Done invoking toplevel() on ptolemy.moml.MoMLSimpleApplication@93691a4
reloadAllAccessors: .TimedSinewave

===========================================================================================
----------------- testing Mon Jul 16 01:37:35 UTC 2018 /home/travis/build/icyphy/ptII/ptolemy/actor/lib/test/auto/TimedSinewavePhase.xml
----------------- Instantiating /home/travis/build/icyphy/ptII/ptolemy/actor/lib/test/auto/TimedSinewavePhase.xml
9 ms. Memory: 1686016K Free: 781974K (46%)
----------------- Invoking toplevel() on ptolemy.moml.MoMLSimpleApplication@4fd63057
----------------- Done invoking toplevel() on ptolemy.moml.MoMLSimpleApplication@4fd63057
reloadAllAccessors: .TimedSinewavePhase

===========================================================================================
----------------- testing Mon Jul 16 01:37:35 UTC 2018 /home/travis/build/icyphy/ptII/ptolemy/actor/lib/test/auto/Timer.xml
----------------- Instantiating /home/travis/build/icyphy/ptII/ptolemy/actor/lib/test/auto/Timer.xml
3 ms. Memory: 1686016K Free: 761715K (45%)
----------------- Invoking toplevel() on ptolemy.moml.MoMLSimpleApplication@7483a3c5
----------------- Done invoking toplevel() on ptolemy.moml.MoMLSimpleApplication@7483a3c5
reloadAllAccessors: .Timer

===========================================================================================
----------------- testing Mon Jul 16 01:37:35 UTC 2018 /home/travis/build/icyphy/ptII/ptolemy/actor/lib/test/auto/TriangularDistTestModel.xml
----------------- Instantiating /home/travis/build/icyphy/ptII/ptolemy/actor/lib/test/auto/TriangularDistTestModel.xml
2 ms. Memory: 1686016K Free: 745982K (44%)
----------------- Invoking toplevel() on ptolemy.moml.MoMLSimpleApplication@f434d27
----------------- Done invoking toplevel() on ptolemy.moml.MoMLSimpleApplication@f434d27
reloadAllAccessors: .TriangularDistTestModel

===========================================================================================
----------------- testing Mon Jul 16 01:37:35 UTC 2018 /home/travis/build/icyphy/ptII/ptolemy/actor/lib/test/auto/TrigFunction.xml
----------------- Instantiating /home/travis/build/icyphy/ptII/ptolemy/actor/lib/test/auto/TrigFunction.xml
1 ms. Memory: 1686016K Free: 725724K (43%)
----------------- Invoking toplevel() on ptolemy.moml.MoMLSimpleApplication@aa885ed
----------------- Done invoking toplevel() on ptolemy.moml.MoMLSimpleApplication@aa885ed
reloadAllAccessors: .TrigFunction

===========================================================================================
----------------- testing Mon Jul 16 01:37:35 UTC 2018 /home/travis/build/icyphy/ptII/ptolemy/actor/lib/test/auto/TrigFunctionDE.xml
----------------- Instantiating /home/travis/build/icyphy/ptII/ptolemy/actor/lib/test/auto/TrigFunctionDE.xml
1 ms. Memory: 1686016K Free: 709990K (42%)
----------------- Invoking toplevel() on ptolemy.moml.MoMLSimpleApplication@19d244f1
----------------- Done invoking toplevel() on ptolemy.moml.MoMLSimpleApplication@19d244f1
reloadAllAccessors: .TrigFunctionDE

===========================================================================================
----------------- testing Mon Jul 16 01:37:35 UTC 2018 /home/travis/build/icyphy/ptII/ptolemy/actor/lib/test/auto/TrigFunctionInverse.xml
----------------- Instantiating /home/travis/build/icyphy/ptII/ptolemy/actor/lib/test/auto/TrigFunctionInverse.xml
2 ms. Memory: 1686016K Free: 689732K (41%)
----------------- Invoking toplevel() on ptolemy.moml.MoMLSimpleApplication@e58dba7
----------------- Done invoking toplevel() on ptolemy.moml.MoMLSimpleApplication@e58dba7
reloadAllAccessors: .TrigFunctionInverse

===========================================================================================
----------------- testing Mon Jul 16 01:37:35 UTC 2018 /home/travis/build/icyphy/ptII/ptolemy/actor/lib/test/auto/TrigFunctionTan.xml
----------------- Instantiating /home/travis/build/icyphy/ptII/ptolemy/actor/lib/test/auto/TrigFunctionTan.xml
2 ms. Memory: 1686016K Free: 669473K (40%)
----------------- Invoking toplevel() on ptolemy.moml.MoMLSimpleApplication@53fe74e4
----------------- Done invoking toplevel() on ptolemy.moml.MoMLSimpleApplication@53fe74e4
reloadAllAccessors: .TrigFunctionTan

===========================================================================================
----------------- testing Mon Jul 16 01:37:35 UTC 2018 /home/travis/build/icyphy/ptII/ptolemy/actor/lib/test/auto/TriggeredClock.xml
----------------- Instantiating /home/travis/build/icyphy/ptII/ptolemy/actor/lib/test/auto/TriggeredClock.xml
1 ms. Memory: 1686016K Free: 653740K (39%)
----------------- Invoking toplevel() on ptolemy.moml.MoMLSimpleApplication@51a67964
----------------- Done invoking toplevel() on ptolemy.moml.MoMLSimpleApplication@51a67964
reloadAllAccessors: .TriggeredClock

===========================================================================================
----------------- testing Mon Jul 16 01:37:35 UTC 2018 /home/travis/build/icyphy/ptII/ptolemy/actor/lib/test/auto/URLDirectoryReader.xml
----------------- Instantiating /home/travis/build/icyphy/ptII/ptolemy/actor/lib/test/auto/URLDirectoryReader.xml
41 ms. Memory: 1686016K Free: 633481K (38%)
----------------- Invoking toplevel() on ptolemy.moml.MoMLSimpleApplication@6429af9e
----------------- Done invoking toplevel() on ptolemy.moml.MoMLSimpleApplication@6429af9e
reloadAllAccessors: .URLDirectoryReader

===========================================================================================
----------------- testing Mon Jul 16 01:37:35 UTC 2018 /home/travis/build/icyphy/ptII/ptolemy/actor/lib/test/auto/URLDirectoryReader3.xml
----------------- Instantiating /home/travis/build/icyphy/ptII/ptolemy/actor/lib/test/auto/URLDirectoryReader3.xml
1275 ms. Memory: 1686016K Free: 570290K (34%)
----------------- Invoking toplevel() on ptolemy.moml.MoMLSimpleApplication@5e4da34e
----------------- Done invoking toplevel() on ptolemy.moml.MoMLSimpleApplication@5e4da34e
reloadAllAccessors: .URLDirectoryReader3

===========================================================================================
----------------- testing Mon Jul 16 01:37:37 UTC 2018 /home/travis/build/icyphy/ptII/ptolemy/actor/lib/test/auto/UnaryMathFunction.xml
----------------- Instantiating /home/travis/build/icyphy/ptII/ptolemy/actor/lib/test/auto/UnaryMathFunction.xml
2 ms. Memory: 1686016K Free: 550032K (33%)
----------------- Invoking toplevel() on ptolemy.moml.MoMLSimpleApplication@7bf009cc
----------------- Done invoking toplevel() on ptolemy.moml.MoMLSimpleApplication@7bf009cc
reloadAllAccessors: .UnaryMathFunction

===========================================================================================
----------------- testing Mon Jul 16 01:37:37 UTC 2018 /home/travis/build/icyphy/ptII/ptolemy/actor/lib/test/auto/Uniform.xml
----------------- Instantiating /home/travis/build/icyphy/ptII/ptolemy/actor/lib/test/auto/Uniform.xml
2 ms. Memory: 1686016K Free: 529774K (31%)
----------------- Invoking toplevel() on ptolemy.moml.MoMLSimpleApplication@32b3471d
----------------- Done invoking toplevel() on ptolemy.moml.MoMLSimpleApplication@32b3471d
reloadAllAccessors: .Uniform

===========================================================================================
----------------- testing Mon Jul 16 01:37:37 UTC 2018 /home/travis/build/icyphy/ptII/ptolemy/actor/lib/test/auto/UnionDisassemblerTest.xml
----------------- Instantiating /home/travis/build/icyphy/ptII/ptolemy/actor/lib/test/auto/UnionDisassemblerTest.xml
6 ms. Memory: 1686016K Free: 514040K (30%)
----------------- Invoking toplevel() on ptolemy.moml.MoMLSimpleApplication@188e362a
----------------- Done invoking toplevel() on ptolemy.moml.MoMLSimpleApplication@188e362a
reloadAllAccessors: .UnionDisassemblerTest

===========================================================================================
----------------- testing Mon Jul 16 01:37:37 UTC 2018 /home/travis/build/icyphy/ptII/ptolemy/actor/lib/test/auto/UtilityFunctions.xml
----------------- Instantiating /home/travis/build/icyphy/ptII/ptolemy/actor/lib/test/auto/UtilityFunctions.xml
1 ms. Memory: 1686016K Free: 493782K (29%)
----------------- Invoking toplevel() on ptolemy.moml.MoMLSimpleApplication@764a32b1
----------------- Done invoking toplevel() on ptolemy.moml.MoMLSimpleApplication@764a32b1
reloadAllAccessors: .UtilityFunctions

===========================================================================================
----------------- testing Mon Jul 16 01:37:37 UTC 2018 /home/travis/build/icyphy/ptII/ptolemy/actor/lib/test/auto/VariableSleep.xml
----------------- Instantiating /home/travis/build/icyphy/ptII/ptolemy/actor/lib/test/auto/VariableSleep.xml
502 ms. Memory: 1686016K Free: 478048K (28%)
----------------- Invoking toplevel() on ptolemy.moml.MoMLSimpleApplication@3db7260a
----------------- Done invoking toplevel() on ptolemy.moml.MoMLSimpleApplication@3db7260a
reloadAllAccessors: .VariableSleep

===========================================================================================
----------------- testing Mon Jul 16 01:37:37 UTC 2018 /home/travis/build/icyphy/ptII/ptolemy/actor/lib/test/auto/VectorAssemblerDisassemblerCT.xml
----------------- Instantiating /home/travis/build/icyphy/ptII/ptolemy/actor/lib/test/auto/VectorAssemblerDisassemblerCT.xml
65 ms. Memory: 1686016K Free: 442040K (26%)
----------------- Invoking toplevel() on ptolemy.moml.MoMLSimpleApplication@1c3288ce
----------------- Done invoking toplevel() on ptolemy.moml.MoMLSimpleApplication@1c3288ce
reloadAllAccessors: .VectorAssemblerDisassemblerCT

===========================================================================================
----------------- testing Mon Jul 16 01:37:37 UTC 2018 /home/travis/build/icyphy/ptII/ptolemy/actor/lib/test/auto/VectorAssemblerDisassemblerDE.xml
----------------- Instantiating /home/travis/build/icyphy/ptII/ptolemy/actor/lib/test/auto/VectorAssemblerDisassemblerDE.xml
3 ms. Memory: 1686016K Free: 421782K (25%)
----------------- Invoking toplevel() on ptolemy.moml.MoMLSimpleApplication@878e3ce
----------------- Done invoking toplevel() on ptolemy.moml.MoMLSimpleApplication@878e3ce
reloadAllAccessors: .VectorAssemblerDisassemblerDE

===========================================================================================
----------------- testing Mon Jul 16 01:37:37 UTC 2018 /home/travis/build/icyphy/ptII/ptolemy/actor/lib/test/auto/VectorAssemblerDisassemblerSDF.xml
----------------- Instantiating /home/travis/build/icyphy/ptII/ptolemy/actor/lib/test/auto/VectorAssemblerDisassemblerSDF.xml
3 ms. Memory: 1686016K Free: 406048K (24%)
----------------- Invoking toplevel() on ptolemy.moml.MoMLSimpleApplication@5c23bad6
----------------- Done invoking toplevel() on ptolemy.moml.MoMLSimpleApplication@5c23bad6
reloadAllAccessors: .VectorAssemblerDisassemblerSDF

===========================================================================================
----------------- testing Mon Jul 16 01:37:37 UTC 2018 /home/travis/build/icyphy/ptII/ptolemy/actor/lib/test/auto/WallClockTime.xml
----------------- Instantiating /home/travis/build/icyphy/ptII/ptolemy/actor/lib/test/auto/WallClockTime.xml
1005 ms. Memory: 1686016K Free: 385789K (23%)
----------------- Invoking toplevel() on ptolemy.moml.MoMLSimpleApplication@1ff7bad8
----------------- Done invoking toplevel() on ptolemy.moml.MoMLSimpleApplication@1ff7bad8
reloadAllAccessors: .WallClockTime

===========================================================================================
----------------- testing Mon Jul 16 01:37:38 UTC 2018 /home/travis/build/icyphy/ptII/ptolemy/actor/lib/test/auto/WidthTestWithSubscriberPublisher.xml
----------------- Instantiating /home/travis/build/icyphy/ptII/ptolemy/actor/lib/test/auto/WidthTestWithSubscriberPublisher.xml
7 ms. Memory: 1686016K Free: 354298K (21%)
----------------- Invoking toplevel() on ptolemy.moml.MoMLSimpleApplication@37f587ad
----------------- Done invoking toplevel() on ptolemy.moml.MoMLSimpleApplication@37f587ad
reloadAllAccessors: .WidthTestWithSubscriberPublisher

===========================================================================================
----------------- testing Mon Jul 16 01:37:38 UTC 2018 /home/travis/build/icyphy/ptII/ptolemy/actor/lib/test/auto/WidthTestWithSubscriberPublisher2.xml
----------------- Instantiating /home/travis/build/icyphy/ptII/ptolemy/actor/lib/test/auto/WidthTestWithSubscriberPublisher2.xml
2 ms. Memory: 1686016K Free: 334039K (20%)
----------------- Invoking toplevel() on ptolemy.moml.MoMLSimpleApplication@477cf1bc
----------------- Done invoking toplevel() on ptolemy.moml.MoMLSimpleApplication@477cf1bc
reloadAllAccessors: .WidthTestWithSubscriberPublisher2

===========================================================================================
----------------- testing Mon Jul 16 01:37:38 UTC 2018 /home/travis/build/icyphy/ptII/ptolemy/actor/lib/test/auto/WidthTestWithSubscriberPublisher3.xml
----------------- Instantiating /home/travis/build/icyphy/ptII/ptolemy/actor/lib/test/auto/WidthTestWithSubscriberPublisher3.xml
2 ms. Memory: 1686016K Free: 318306K (19%)
----------------- Invoking toplevel() on ptolemy.moml.MoMLSimpleApplication@69e6211e
----------------- Done invoking toplevel() on ptolemy.moml.MoMLSimpleApplication@69e6211e
reloadAllAccessors: .WidthTestWithSubscriberPublisher3

===========================================================================================
----------------- testing Mon Jul 16 01:37:38 UTC 2018 /home/travis/build/icyphy/ptII/ptolemy/actor/lib/test/auto/Writer.xml
----------------- Instantiating /home/travis/build/icyphy/ptII/ptolemy/actor/lib/test/auto/Writer.xml
0
1
2
3
4
1 ms. Memory: 1686016K Free: 298047K (18%)
----------------- Invoking toplevel() on ptolemy.moml.MoMLSimpleApplication@6957934d
----------------- Done invoking toplevel() on ptolemy.moml.MoMLSimpleApplication@6957934d
reloadAllAccessors: .Writer

===========================================================================================
----------------- testing Mon Jul 16 01:37:38 UTC 2018 /home/travis/build/icyphy/ptII/ptolemy/actor/lib/test/auto/array.xml
----------------- Instantiating /home/travis/build/icyphy/ptII/ptolemy/actor/lib/test/auto/array.xml
2 ms. Memory: 1686016K Free: 277789K (16%)
----------------- Invoking toplevel() on ptolemy.moml.MoMLSimpleApplication@7f041748
----------------- Done invoking toplevel() on ptolemy.moml.MoMLSimpleApplication@7f041748
reloadAllAccessors: .array

===========================================================================================
----------------- testing Mon Jul 16 01:37:39 UTC 2018 /home/travis/build/icyphy/ptII/ptolemy/actor/lib/test/auto/array2.xml
----------------- Instantiating /home/travis/build/icyphy/ptII/ptolemy/actor/lib/test/auto/array2.xml
7 ms. Memory: 1686016K Free: 262055K (16%)
----------------- Invoking toplevel() on ptolemy.moml.MoMLSimpleApplication@44a04b7b
----------------- Done invoking toplevel() on ptolemy.moml.MoMLSimpleApplication@44a04b7b
reloadAllAccessors: .array2

===========================================================================================
----------------- testing Mon Jul 16 01:37:39 UTC 2018 /home/travis/build/icyphy/ptII/ptolemy/actor/lib/test/auto/arrayType.xml
----------------- Instantiating /home/travis/build/icyphy/ptII/ptolemy/actor/lib/test/auto/arrayType.xml
2 ms. Memory: 1686016K Free: 241797K (14%)
----------------- Invoking toplevel() on ptolemy.moml.MoMLSimpleApplication@596b71b0
----------------- Done invoking toplevel() on ptolemy.moml.MoMLSimpleApplication@596b71b0
reloadAllAccessors: .arrayType

===========================================================================================
----------------- testing Mon Jul 16 01:37:39 UTC 2018 /home/travis/build/icyphy/ptII/ptolemy/actor/lib/test/auto/arrayType10.xml
----------------- Instantiating /home/travis/build/icyphy/ptII/ptolemy/actor/lib/test/auto/arrayType10.xml
2 ms. Memory: 1686016K Free: 226063K (13%)
----------------- Invoking toplevel() on ptolemy.moml.MoMLSimpleApplication@56266c8c
----------------- Done invoking toplevel() on ptolemy.moml.MoMLSimpleApplication@56266c8c
reloadAllAccessors: .arrayType10

===========================================================================================
----------------- testing Mon Jul 16 01:37:39 UTC 2018 /home/travis/build/icyphy/ptII/ptolemy/actor/lib/test/auto/arrayType11.xml
----------------- Instantiating /home/travis/build/icyphy/ptII/ptolemy/actor/lib/test/auto/arrayType11.xml
2 ms. Memory: 1686016K Free: 205805K (12%)
----------------- Invoking toplevel() on ptolemy.moml.MoMLSimpleApplication@10c798c3
----------------- Done invoking toplevel() on ptolemy.moml.MoMLSimpleApplication@10c798c3
reloadAllAccessors: .arrayType11

===========================================================================================
----------------- testing Mon Jul 16 01:37:39 UTC 2018 /home/travis/build/icyphy/ptII/ptolemy/actor/lib/test/auto/arrayType12.xml
----------------- Instantiating /home/travis/build/icyphy/ptII/ptolemy/actor/lib/test/auto/arrayType12.xml
2 ms. Memory: 1686016K Free: 185547K (11%)
----------------- Invoking toplevel() on ptolemy.moml.MoMLSimpleApplication@41a13f26
----------------- Done invoking toplevel() on ptolemy.moml.MoMLSimpleApplication@41a13f26
reloadAllAccessors: .arrayType12

===========================================================================================
----------------- testing Mon Jul 16 01:37:39 UTC 2018 /home/travis/build/icyphy/ptII/ptolemy/actor/lib/test/auto/arrayType13.xml
----------------- Instantiating /home/travis/build/icyphy/ptII/ptolemy/actor/lib/test/auto/arrayType13.xml
3 ms. Memory: 1686016K Free: 169813K (10%)
----------------- Invoking toplevel() on ptolemy.moml.MoMLSimpleApplication@68276932
----------------- Done invoking toplevel() on ptolemy.moml.MoMLSimpleApplication@68276932
reloadAllAccessors: .arrayType13

===========================================================================================
----------------- testing Mon Jul 16 01:37:39 UTC 2018 /home/travis/build/icyphy/ptII/ptolemy/actor/lib/test/auto/arrayType14.xml
----------------- Instantiating /home/travis/build/icyphy/ptII/ptolemy/actor/lib/test/auto/arrayType14.xml
2 ms. Memory: 1686016K Free: 149555K (9%)
----------------- Invoking toplevel() on ptolemy.moml.MoMLSimpleApplication@5a2bc648
----------------- Done invoking toplevel() on ptolemy.moml.MoMLSimpleApplication@5a2bc648
reloadAllAccessors: .arrayType14

===========================================================================================
----------------- testing Mon Jul 16 01:37:39 UTC 2018 /home/travis/build/icyphy/ptII/ptolemy/actor/lib/test/auto/arrayType15.xml
----------------- Instantiating /home/travis/build/icyphy/ptII/ptolemy/actor/lib/test/auto/arrayType15.xml
2 ms. Memory: 1686016K Free: 133821K (8%)
----------------- Invoking toplevel() on ptolemy.moml.MoMLSimpleApplication@5690649d
----------------- Done invoking toplevel() on ptolemy.moml.MoMLSimpleApplication@5690649d
reloadAllAccessors: .arrayType15

===========================================================================================
----------------- testing Mon Jul 16 01:37:39 UTC 2018 /home/travis/build/icyphy/ptII/ptolemy/actor/lib/test/auto/arrayType16.xml
----------------- Instantiating /home/travis/build/icyphy/ptII/ptolemy/actor/lib/test/auto/arrayType16.xml
2 ms. Memory: 1686016K Free: 113563K (7%)
----------------- Invoking toplevel() on ptolemy.moml.MoMLSimpleApplication@b3d1c94
----------------- Done invoking toplevel() on ptolemy.moml.MoMLSimpleApplication@b3d1c94
reloadAllAccessors: .arrayType16

===========================================================================================
----------------- testing Mon Jul 16 01:37:39 UTC 2018 /home/travis/build/icyphy/ptII/ptolemy/actor/lib/test/auto/arrayType17.xml
----------------- Instantiating /home/travis/build/icyphy/ptII/ptolemy/actor/lib/test/auto/arrayType17.xml
2 ms. Memory: 1686016K Free: 93305K (6%)
----------------- Invoking toplevel() on ptolemy.moml.MoMLSimpleApplication@37f7912a
----------------- Done invoking toplevel() on ptolemy.moml.MoMLSimpleApplication@37f7912a
reloadAllAccessors: .arrayType17

===========================================================================================
----------------- testing Mon Jul 16 01:37:39 UTC 2018 /home/travis/build/icyphy/ptII/ptolemy/actor/lib/test/auto/arrayType18.xml
----------------- Instantiating /home/travis/build/icyphy/ptII/ptolemy/actor/lib/test/auto/arrayType18.xml
3 ms. Memory: 1686016K Free: 77571K (5%)
----------------- Invoking toplevel() on ptolemy.moml.MoMLSimpleApplication@1c9241ae
----------------- Done invoking toplevel() on ptolemy.moml.MoMLSimpleApplication@1c9241ae
reloadAllAccessors: .arrayType18

===========================================================================================
----------------- testing Mon Jul 16 01:37:39 UTC 2018 /home/travis/build/icyphy/ptII/ptolemy/actor/lib/test/auto/arrayType19.xml
----------------- Instantiating /home/travis/build/icyphy/ptII/ptolemy/actor/lib/test/auto/arrayType19.xml
5 ms. Memory: 1688064K Free: 1632330K (97%)
----------------- Invoking toplevel() on ptolemy.moml.MoMLSimpleApplication@399bbb4d
----------------- Done invoking toplevel() on ptolemy.moml.MoMLSimpleApplication@399bbb4d
reloadAllAccessors: .arrayType19

===========================================================================================
----------------- testing Mon Jul 16 01:37:39 UTC 2018 /home/travis/build/icyphy/ptII/ptolemy/actor/lib/test/auto/arrayType2.xml
----------------- Instantiating /home/travis/build/icyphy/ptII/ptolemy/actor/lib/test/auto/arrayType2.xml
4 ms. Memory: 1688064K Free: 1601944K (95%)
----------------- Invoking toplevel() on ptolemy.moml.MoMLSimpleApplication@180a7c00
----------------- Done invoking toplevel() on ptolemy.moml.MoMLSimpleApplication@180a7c00
reloadAllAccessors: .arrayType2

===========================================================================================
----------------- testing Mon Jul 16 01:37:39 UTC 2018 /home/travis/build/icyphy/ptII/ptolemy/actor/lib/test/auto/arrayType20.xml
----------------- Instantiating /home/travis/build/icyphy/ptII/ptolemy/actor/lib/test/auto/arrayType20.xml
2 ms. Memory: 1688064K Free: 1581803K (94%)
----------------- Invoking toplevel() on ptolemy.moml.MoMLSimpleApplication@5acf082
----------------- Done invoking toplevel() on ptolemy.moml.MoMLSimpleApplication@5acf082
reloadAllAccessors: .arrayType20

===========================================================================================
----------------- testing Mon Jul 16 01:37:39 UTC 2018 /home/travis/build/icyphy/ptII/ptolemy/actor/lib/test/auto/arrayType21.xml
----------------- Instantiating /home/travis/build/icyphy/ptII/ptolemy/actor/lib/test/auto/arrayType21.xml
1 ms. Memory: 1688064K Free: 1566038K (93%)
----------------- Invoking toplevel() on ptolemy.moml.MoMLSimpleApplication@3a48c296
----------------- Done invoking toplevel() on ptolemy.moml.MoMLSimpleApplication@3a48c296
reloadAllAccessors: .arrayType21

===========================================================================================
----------------- testing Mon Jul 16 01:37:39 UTC 2018 /home/travis/build/icyphy/ptII/ptolemy/actor/lib/test/auto/arrayType22.xml
----------------- Instantiating /home/travis/build/icyphy/ptII/ptolemy/actor/lib/test/auto/arrayType22.xml
3 ms. Memory: 1688064K Free: 1545883K (92%)
----------------- Invoking toplevel() on ptolemy.moml.MoMLSimpleApplication@74818620
----------------- Done invoking toplevel() on ptolemy.moml.MoMLSimpleApplication@74818620
reloadAllAccessors: .arrayType22

===========================================================================================
----------------- testing Mon Jul 16 01:37:39 UTC 2018 /home/travis/build/icyphy/ptII/ptolemy/actor/lib/test/auto/arrayType23.xml
----------------- Instantiating /home/travis/build/icyphy/ptII/ptolemy/actor/lib/test/auto/arrayType23.xml
1 ms. Memory: 1688064K Free: 1525743K (90%)
----------------- Invoking toplevel() on ptolemy.moml.MoMLSimpleApplication@39c7cdf3
----------------- Done invoking toplevel() on ptolemy.moml.MoMLSimpleApplication@39c7cdf3
reloadAllAccessors: .arrayType23

===========================================================================================
----------------- testing Mon Jul 16 01:37:39 UTC 2018 /home/travis/build/icyphy/ptII/ptolemy/actor/lib/test/auto/arrayType24.xml
----------------- Instantiating /home/travis/build/icyphy/ptII/ptolemy/actor/lib/test/auto/arrayType24.xml
1 ms. Memory: 1688064K Free: 1509979K (89%)
----------------- Invoking toplevel() on ptolemy.moml.MoMLSimpleApplication@2d05de69
----------------- Done invoking toplevel() on ptolemy.moml.MoMLSimpleApplication@2d05de69
reloadAllAccessors: .arrayType24

===========================================================================================
----------------- testing Mon Jul 16 01:37:39 UTC 2018 /home/travis/build/icyphy/ptII/ptolemy/actor/lib/test/auto/arrayType25.xml
----------------- Instantiating /home/travis/build/icyphy/ptII/ptolemy/actor/lib/test/auto/arrayType25.xml
2 ms. Memory: 1688064K Free: 1489840K (88%)
----------------- Invoking toplevel() on ptolemy.moml.MoMLSimpleApplication@4089529f
----------------- Done invoking toplevel() on ptolemy.moml.MoMLSimpleApplication@4089529f
reloadAllAccessors: .arrayType25

===========================================================================================
----------------- testing Mon Jul 16 01:37:39 UTC 2018 /home/travis/build/icyphy/ptII/ptolemy/actor/lib/test/auto/arrayType26.xml
----------------- Instantiating /home/travis/build/icyphy/ptII/ptolemy/actor/lib/test/auto/arrayType26.xml
2 ms. Memory: 1688064K Free: 1474075K (87%)
----------------- Invoking toplevel() on ptolemy.moml.MoMLSimpleApplication@68eb2de8
----------------- Done invoking toplevel() on ptolemy.moml.MoMLSimpleApplication@68eb2de8
reloadAllAccessors: .arrayType26

===========================================================================================
----------------- testing Mon Jul 16 01:37:39 UTC 2018 /home/travis/build/icyphy/ptII/ptolemy/actor/lib/test/auto/arrayType27.xml
----------------- Instantiating /home/travis/build/icyphy/ptII/ptolemy/actor/lib/test/auto/arrayType27.xml
1 ms. Memory: 1688064K Free: 1453936K (86%)
----------------- Invoking toplevel() on ptolemy.moml.MoMLSimpleApplication@4567479b
----------------- Done invoking toplevel() on ptolemy.moml.MoMLSimpleApplication@4567479b
reloadAllAccessors: .arrayType27

===========================================================================================
----------------- testing Mon Jul 16 01:37:39 UTC 2018 /home/travis/build/icyphy/ptII/ptolemy/actor/lib/test/auto/arrayType28.xml
----------------- Instantiating /home/travis/build/icyphy/ptII/ptolemy/actor/lib/test/auto/arrayType28.xml
1 ms. Memory: 1688064K Free: 1433797K (85%)
----------------- Invoking toplevel() on ptolemy.moml.MoMLSimpleApplication@dbd44b7
----------------- Done invoking toplevel() on ptolemy.moml.MoMLSimpleApplication@dbd44b7
reloadAllAccessors: .arrayType28

===========================================================================================
----------------- testing Mon Jul 16 01:37:39 UTC 2018 /home/travis/build/icyphy/ptII/ptolemy/actor/lib/test/auto/arrayType3.xml
----------------- Instantiating /home/travis/build/icyphy/ptII/ptolemy/actor/lib/test/auto/arrayType3.xml
1 ms. Memory: 1688064K Free: 1418033K (84%)
----------------- Invoking toplevel() on ptolemy.moml.MoMLSimpleApplication@401ff0dc
----------------- Done invoking toplevel() on ptolemy.moml.MoMLSimpleApplication@401ff0dc
reloadAllAccessors: .arrayType3

===========================================================================================
----------------- testing Mon Jul 16 01:37:39 UTC 2018 /home/travis/build/icyphy/ptII/ptolemy/actor/lib/test/auto/arrayType4.xml
----------------- Instantiating /home/travis/build/icyphy/ptII/ptolemy/actor/lib/test/auto/arrayType4.xml
1 ms. Memory: 1688064K Free: 1397893K (83%)
----------------- Invoking toplevel() on ptolemy.moml.MoMLSimpleApplication@2730014a
----------------- Done invoking toplevel() on ptolemy.moml.MoMLSimpleApplication@2730014a
reloadAllAccessors: .arrayType4

===========================================================================================
----------------- testing Mon Jul 16 01:37:39 UTC 2018 /home/travis/build/icyphy/ptII/ptolemy/actor/lib/test/auto/arrayType5.xml
----------------- Instantiating /home/travis/build/icyphy/ptII/ptolemy/actor/lib/test/auto/arrayType5.xml
1 ms. Memory: 1688064K Free: 1377754K (82%)
----------------- Invoking toplevel() on ptolemy.moml.MoMLSimpleApplication@66561f32
----------------- Done invoking toplevel() on ptolemy.moml.MoMLSimpleApplication@66561f32
reloadAllAccessors: .arrayType5

===========================================================================================
----------------- testing Mon Jul 16 01:37:39 UTC 2018 /home/travis/build/icyphy/ptII/ptolemy/actor/lib/test/auto/arrayType6.xml
----------------- Instantiating /home/travis/build/icyphy/ptII/ptolemy/actor/lib/test/auto/arrayType6.xml
1 ms. Memory: 1688064K Free: 1361990K (81%)
----------------- Invoking toplevel() on ptolemy.moml.MoMLSimpleApplication@55c34b9f
----------------- Done invoking toplevel() on ptolemy.moml.MoMLSimpleApplication@55c34b9f
reloadAllAccessors: .arrayType6

===========================================================================================
----------------- testing Mon Jul 16 01:37:39 UTC 2018 /home/travis/build/icyphy/ptII/ptolemy/actor/lib/test/auto/arrayType7.xml
----------------- Instantiating /home/travis/build/icyphy/ptII/ptolemy/actor/lib/test/auto/arrayType7.xml
1 ms. Memory: 1688064K Free: 1341850K (79%)
----------------- Invoking toplevel() on ptolemy.moml.MoMLSimpleApplication@65695aeb
----------------- Done invoking toplevel() on ptolemy.moml.MoMLSimpleApplication@65695aeb
reloadAllAccessors: .arrayType7

===========================================================================================
----------------- testing Mon Jul 16 01:37:39 UTC 2018 /home/travis/build/icyphy/ptII/ptolemy/actor/lib/test/auto/arrayType8.xml
----------------- Instantiating /home/travis/build/icyphy/ptII/ptolemy/actor/lib/test/auto/arrayType8.xml
4 ms. Memory: 1688064K Free: 1326086K (79%)
----------------- Invoking toplevel() on ptolemy.moml.MoMLSimpleApplication@7c71b7c8
----------------- Done invoking toplevel() on ptolemy.moml.MoMLSimpleApplication@7c71b7c8
reloadAllAccessors: .arrayType8

===========================================================================================
----------------- testing Mon Jul 16 01:37:39 UTC 2018 /home/travis/build/icyphy/ptII/ptolemy/actor/lib/test/auto/arrayType9.xml
----------------- Instantiating /home/travis/build/icyphy/ptII/ptolemy/actor/lib/test/auto/arrayType9.xml
1 ms. Memory: 1688064K Free: 1305947K (77%)
----------------- Invoking toplevel() on ptolemy.moml.MoMLSimpleApplication@75f7deb7
----------------- Done invoking toplevel() on ptolemy.moml.MoMLSimpleApplication@75f7deb7
reloadAllAccessors: .arrayType9

===========================================================================================
----------------- testing Mon Jul 16 01:37:39 UTC 2018 /home/travis/build/icyphy/ptII/ptolemy/actor/lib/test/auto/cast.xml
----------------- Instantiating /home/travis/build/icyphy/ptII/ptolemy/actor/lib/test/auto/cast.xml
2 ms. Memory: 1688064K Free: 1285808K (76%)
----------------- Invoking toplevel() on ptolemy.moml.MoMLSimpleApplication@ccaf8c6
----------------- Done invoking toplevel() on ptolemy.moml.MoMLSimpleApplication@ccaf8c6
reloadAllAccessors: .cast

===========================================================================================
----------------- testing Mon Jul 16 01:37:39 UTC 2018 /home/travis/build/icyphy/ptII/ptolemy/actor/lib/test/auto/compositeMultiPort.xml
----------------- Instantiating /home/travis/build/icyphy/ptII/ptolemy/actor/lib/test/auto/compositeMultiPort.xml
3 ms. Memory: 1688064K Free: 1270043K (75%)
----------------- Invoking toplevel() on ptolemy.moml.MoMLSimpleApplication@76e5a620
----------------- Done invoking toplevel() on ptolemy.moml.MoMLSimpleApplication@76e5a620
reloadAllAccessors: .compositeMultiPort

===========================================================================================
----------------- testing Mon Jul 16 01:37:39 UTC 2018 /home/travis/build/icyphy/ptII/ptolemy/actor/lib/test/auto/expressionCastInference.xml
----------------- Instantiating /home/travis/build/icyphy/ptII/ptolemy/actor/lib/test/auto/expressionCastInference.xml
3 ms. Memory: 1688064K Free: 1249904K (74%)
----------------- Invoking toplevel() on ptolemy.moml.MoMLSimpleApplication@43e1c9b1
----------------- Done invoking toplevel() on ptolemy.moml.MoMLSimpleApplication@43e1c9b1
reloadAllAccessors: .expressionCastInference

===========================================================================================
----------------- testing Mon Jul 16 01:37:39 UTC 2018 /home/travis/build/icyphy/ptII/ptolemy/actor/lib/test/auto/expressionCastInference2.xml
----------------- Instantiating /home/travis/build/icyphy/ptII/ptolemy/actor/lib/test/auto/expressionCastInference2.xml
2 ms. Memory: 1688064K Free: 1229765K (73%)
----------------- Invoking toplevel() on ptolemy.moml.MoMLSimpleApplication@10aa65fe
----------------- Done invoking toplevel() on ptolemy.moml.MoMLSimpleApplication@10aa65fe
reloadAllAccessors: .expressionCastInference2

===========================================================================================
----------------- testing Mon Jul 16 01:37:39 UTC 2018 /home/travis/build/icyphy/ptII/ptolemy/actor/lib/test/auto/expressionInference.xml
----------------- Instantiating /home/travis/build/icyphy/ptII/ptolemy/actor/lib/test/auto/expressionInference.xml
1 ms. Memory: 1688064K Free: 1214000K (72%)
----------------- Invoking toplevel() on ptolemy.moml.MoMLSimpleApplication@409b5f82
----------------- Done invoking toplevel() on ptolemy.moml.MoMLSimpleApplication@409b5f82
reloadAllAccessors: .expressionInference

===========================================================================================
----------------- testing Mon Jul 16 01:37:39 UTC 2018 /home/travis/build/icyphy/ptII/ptolemy/actor/lib/test/auto/expression_bug.xml
----------------- Instantiating /home/travis/build/icyphy/ptII/ptolemy/actor/lib/test/auto/expression_bug.xml
1 ms. Memory: 1688064K Free: 1193861K (71%)
----------------- Invoking toplevel() on ptolemy.moml.MoMLSimpleApplication@79fba7f7
----------------- Done invoking toplevel() on ptolemy.moml.MoMLSimpleApplication@79fba7f7
reloadAllAccessors: .expression_bug

===========================================================================================
----------------- testing Mon Jul 16 01:37:39 UTC 2018 /home/travis/build/icyphy/ptII/ptolemy/actor/lib/test/auto/factorial.xml
----------------- Instantiating /home/travis/build/icyphy/ptII/ptolemy/actor/lib/test/auto/factorial.xml
44 ms. Memory: 1688064K Free: 1178096K (70%)
----------------- Invoking toplevel() on ptolemy.moml.MoMLSimpleApplication@769ad1f2
----------------- Done invoking toplevel() on ptolemy.moml.MoMLSimpleApplication@769ad1f2
reloadAllAccessors: .factorial

===========================================================================================
----------------- testing Mon Jul 16 01:37:39 UTC 2018 /home/travis/build/icyphy/ptII/ptolemy/actor/lib/test/auto/filterTest1.xml
----------------- Instantiating /home/travis/build/icyphy/ptII/ptolemy/actor/lib/test/auto/filterTest1.xml
3 ms. Memory: 1688064K Free: 1157957K (69%)
----------------- Invoking toplevel() on ptolemy.moml.MoMLSimpleApplication@5d21669e
----------------- Done invoking toplevel() on ptolemy.moml.MoMLSimpleApplication@5d21669e
reloadAllAccessors: .filterTest1

===========================================================================================
----------------- testing Mon Jul 16 01:37:39 UTC 2018 /home/travis/build/icyphy/ptII/ptolemy/actor/lib/test/auto/funcApplyInConst.xml
----------------- Instantiating /home/travis/build/icyphy/ptII/ptolemy/actor/lib/test/auto/funcApplyInConst.xml
1 ms. Memory: 1688064K Free: 1137818K (67%)
----------------- Invoking toplevel() on ptolemy.moml.MoMLSimpleApplication@4caf0f18
----------------- Done invoking toplevel() on ptolemy.moml.MoMLSimpleApplication@4caf0f18
reloadAllAccessors: .funcApplyInConst

===========================================================================================
----------------- testing Mon Jul 16 01:37:39 UTC 2018 /home/travis/build/icyphy/ptII/ptolemy/actor/lib/test/auto/funcApplyInExpr.xml
----------------- Instantiating /home/travis/build/icyphy/ptII/ptolemy/actor/lib/test/auto/funcApplyInExpr.xml
2 ms. Memory: 1688064K Free: 1122053K (66%)
----------------- Invoking toplevel() on ptolemy.moml.MoMLSimpleApplication@36d3828b
----------------- Done invoking toplevel() on ptolemy.moml.MoMLSimpleApplication@36d3828b
reloadAllAccessors: .funcApplyInExpr

===========================================================================================
----------------- testing Mon Jul 16 01:37:39 UTC 2018 /home/travis/build/icyphy/ptII/ptolemy/actor/lib/test/auto/function.xml
----------------- Instantiating /home/travis/build/icyphy/ptII/ptolemy/actor/lib/test/auto/function.xml
2 ms. Memory: 1688064K Free: 1101914K (65%)
----------------- Invoking toplevel() on ptolemy.moml.MoMLSimpleApplication@4d9bf4c3
----------------- Done invoking toplevel() on ptolemy.moml.MoMLSimpleApplication@4d9bf4c3
reloadAllAccessors: .function

===========================================================================================
----------------- testing Mon Jul 16 01:37:39 UTC 2018 /home/travis/build/icyphy/ptII/ptolemy/actor/lib/test/auto/function2.xml
----------------- Instantiating /home/travis/build/icyphy/ptII/ptolemy/actor/lib/test/auto/function2.xml
2 ms. Memory: 1688064K Free: 1081775K (64%)
----------------- Invoking toplevel() on ptolemy.moml.MoMLSimpleApplication@126e8f30
----------------- Done invoking toplevel() on ptolemy.moml.MoMLSimpleApplication@126e8f30
reloadAllAccessors: .function2

===========================================================================================
----------------- testing Mon Jul 16 01:37:39 UTC 2018 /home/travis/build/icyphy/ptII/ptolemy/actor/lib/test/auto/function3.xml
----------------- Instantiating /home/travis/build/icyphy/ptII/ptolemy/actor/lib/test/auto/function3.xml
2 ms. Memory: 1688064K Free: 1066010K (63%)
----------------- Invoking toplevel() on ptolemy.moml.MoMLSimpleApplication@5f2be7b9
----------------- Done invoking toplevel() on ptolemy.moml.MoMLSimpleApplication@5f2be7b9
reloadAllAccessors: .function3

===========================================================================================
----------------- testing Mon Jul 16 01:37:39 UTC 2018 /home/travis/build/icyphy/ptII/ptolemy/actor/lib/test/auto/functionClosureTest1.xml
----------------- Instantiating /home/travis/build/icyphy/ptII/ptolemy/actor/lib/test/auto/functionClosureTest1.xml
2 ms. Memory: 1688064K Free: 1045871K (62%)
----------------- Invoking toplevel() on ptolemy.moml.MoMLSimpleApplication@5d7e898c
----------------- Done invoking toplevel() on ptolemy.moml.MoMLSimpleApplication@5d7e898c
reloadAllAccessors: .functionClosureTest1

===========================================================================================
----------------- testing Mon Jul 16 01:37:39 UTC 2018 /home/travis/build/icyphy/ptII/ptolemy/actor/lib/test/auto/functionClosureTest2.xml
----------------- Instantiating /home/travis/build/icyphy/ptII/ptolemy/actor/lib/test/auto/functionClosureTest2.xml
1 ms. Memory: 1688064K Free: 1025732K (61%)
----------------- Invoking toplevel() on ptolemy.moml.MoMLSimpleApplication@5f2c5d46
----------------- Done invoking toplevel() on ptolemy.moml.MoMLSimpleApplication@5f2c5d46
reloadAllAccessors: .functionClosureTest2

===========================================================================================
----------------- testing Mon Jul 16 01:37:39 UTC 2018 /home/travis/build/icyphy/ptII/ptolemy/actor/lib/test/auto/functionClosureTest3.xml
----------------- Instantiating /home/travis/build/icyphy/ptII/ptolemy/actor/lib/test/auto/functionClosureTest3.xml
2 ms. Memory: 1688064K Free: 1009968K (60%)
----------------- Invoking toplevel() on ptolemy.moml.MoMLSimpleApplication@3f818c54
----------------- Done invoking toplevel() on ptolemy.moml.MoMLSimpleApplication@3f818c54
reloadAllAccessors: .functionClosureTest3

===========================================================================================
----------------- testing Mon Jul 16 01:37:39 UTC 2018 /home/travis/build/icyphy/ptII/ptolemy/actor/lib/test/auto/functionClosureTest4.xml
----------------- Instantiating /home/travis/build/icyphy/ptII/ptolemy/actor/lib/test/auto/functionClosureTest4.xml
3 ms. Memory: 1688064K Free: 989828K (59%)
----------------- Invoking toplevel() on ptolemy.moml.MoMLSimpleApplication@23db13b3
----------------- Done invoking toplevel() on ptolemy.moml.MoMLSimpleApplication@23db13b3
reloadAllAccessors: .functionClosureTest4

===========================================================================================
----------------- testing Mon Jul 16 01:37:39 UTC 2018 /home/travis/build/icyphy/ptII/ptolemy/actor/lib/test/auto/functionClosureTest5.xml
----------------- Instantiating /home/travis/build/icyphy/ptII/ptolemy/actor/lib/test/auto/functionClosureTest5.xml
7 ms. Memory: 1688064K Free: 974064K (58%)
----------------- Invoking toplevel() on ptolemy.moml.MoMLSimpleApplication@51b1895a
----------------- Done invoking toplevel() on ptolemy.moml.MoMLSimpleApplication@51b1895a
reloadAllAccessors: .functionClosureTest5

===========================================================================================
----------------- testing Mon Jul 16 01:37:39 UTC 2018 /home/travis/build/icyphy/ptII/ptolemy/actor/lib/test/auto/functionClosureTest6.xml
----------------- Instantiating /home/travis/build/icyphy/ptII/ptolemy/actor/lib/test/auto/functionClosureTest6.xml
2 ms. Memory: 1688064K Free: 953925K (57%)
----------------- Invoking toplevel() on ptolemy.moml.MoMLSimpleApplication@7f1e682
----------------- Done invoking toplevel() on ptolemy.moml.MoMLSimpleApplication@7f1e682
reloadAllAccessors: .functionClosureTest6

===========================================================================================
----------------- testing Mon Jul 16 01:37:39 UTC 2018 /home/travis/build/icyphy/ptII/ptolemy/actor/lib/test/auto/functionsOnArcs.xml
----------------- Instantiating /home/travis/build/icyphy/ptII/ptolemy/actor/lib/test/auto/functionsOnArcs.xml
2 ms. Memory: 1688064K Free: 933785K (55%)
----------------- Invoking toplevel() on ptolemy.moml.MoMLSimpleApplication@15bcc1f8
----------------- Done invoking toplevel() on ptolemy.moml.MoMLSimpleApplication@15bcc1f8
reloadAllAccessors: .functionsOnArcs

===========================================================================================
----------------- testing Mon Jul 16 01:37:39 UTC 2018 /home/travis/build/icyphy/ptII/ptolemy/actor/lib/test/auto/functionsOnArcsHOF.xml
----------------- Instantiating /home/travis/build/icyphy/ptII/ptolemy/actor/lib/test/auto/functionsOnArcsHOF.xml
3 ms. Memory: 1688064K Free: 918021K (54%)
----------------- Invoking toplevel() on ptolemy.moml.MoMLSimpleApplication@7186b0b2
----------------- Done invoking toplevel() on ptolemy.moml.MoMLSimpleApplication@7186b0b2
reloadAllAccessors: .functionsOnArcsHOF

===========================================================================================
----------------- testing Mon Jul 16 01:37:39 UTC 2018 /home/travis/build/icyphy/ptII/ptolemy/actor/lib/test/auto/logic.xml
----------------- Instantiating /home/travis/build/icyphy/ptII/ptolemy/actor/lib/test/auto/logic.xml
1 ms. Memory: 1688064K Free: 897882K (53%)
----------------- Invoking toplevel() on ptolemy.moml.MoMLSimpleApplication@3e23e3cb
----------------- Done invoking toplevel() on ptolemy.moml.MoMLSimpleApplication@3e23e3cb
reloadAllAccessors: .logic

===========================================================================================
----------------- testing Mon Jul 16 01:37:39 UTC 2018 /home/travis/build/icyphy/ptII/ptolemy/actor/lib/test/auto/matrixType.xml
----------------- Instantiating /home/travis/build/icyphy/ptII/ptolemy/actor/lib/test/auto/matrixType.xml
2 ms. Memory: 1688064K Free: 877743K (52%)
----------------- Invoking toplevel() on ptolemy.moml.MoMLSimpleApplication@e7f37bc
----------------- Done invoking toplevel() on ptolemy.moml.MoMLSimpleApplication@e7f37bc
reloadAllAccessors: .matrixType

===========================================================================================
----------------- testing Mon Jul 16 01:37:39 UTC 2018 /home/travis/build/icyphy/ptII/ptolemy/actor/lib/test/auto/matrixType10.xml
----------------- Instantiating /home/travis/build/icyphy/ptII/ptolemy/actor/lib/test/auto/matrixType10.xml
2 ms. Memory: 1688064K Free: 861978K (51%)
----------------- Invoking toplevel() on ptolemy.moml.MoMLSimpleApplication@6ba32ec9
----------------- Done invoking toplevel() on ptolemy.moml.MoMLSimpleApplication@6ba32ec9
reloadAllAccessors: .matrixType10

===========================================================================================
----------------- testing Mon Jul 16 01:37:39 UTC 2018 /home/travis/build/icyphy/ptII/ptolemy/actor/lib/test/auto/matrixType11.xml
----------------- Instantiating /home/travis/build/icyphy/ptII/ptolemy/actor/lib/test/auto/matrixType11.xml
1 ms. Memory: 1688064K Free: 841839K (50%)
----------------- Invoking toplevel() on ptolemy.moml.MoMLSimpleApplication@3bbfc9b7
----------------- Done invoking toplevel() on ptolemy.moml.MoMLSimpleApplication@3bbfc9b7
reloadAllAccessors: .matrixType11

===========================================================================================
----------------- testing Mon Jul 16 01:37:40 UTC 2018 /home/travis/build/icyphy/ptII/ptolemy/actor/lib/test/auto/matrixType12.xml
----------------- Instantiating /home/travis/build/icyphy/ptII/ptolemy/actor/lib/test/auto/matrixType12.xml
1 ms. Memory: 1688064K Free: 826074K (49%)
----------------- Invoking toplevel() on ptolemy.moml.MoMLSimpleApplication@7bd3f355
----------------- Done invoking toplevel() on ptolemy.moml.MoMLSimpleApplication@7bd3f355
reloadAllAccessors: .matrixType12

===========================================================================================
----------------- testing Mon Jul 16 01:37:40 UTC 2018 /home/travis/build/icyphy/ptII/ptolemy/actor/lib/test/auto/matrixType13.xml
----------------- Instantiating /home/travis/build/icyphy/ptII/ptolemy/actor/lib/test/auto/matrixType13.xml
1 ms. Memory: 1688064K Free: 805935K (48%)
----------------- Invoking toplevel() on ptolemy.moml.MoMLSimpleApplication@4eba3448
----------------- Done invoking toplevel() on ptolemy.moml.MoMLSimpleApplication@4eba3448
reloadAllAccessors: .matrixType13

===========================================================================================
----------------- testing Mon Jul 16 01:37:40 UTC 2018 /home/travis/build/icyphy/ptII/ptolemy/actor/lib/test/auto/matrixType14.xml
----------------- Instantiating /home/travis/build/icyphy/ptII/ptolemy/actor/lib/test/auto/matrixType14.xml
2 ms. Memory: 1688064K Free: 785796K (47%)
----------------- Invoking toplevel() on ptolemy.moml.MoMLSimpleApplication@31e69933
----------------- Done invoking toplevel() on ptolemy.moml.MoMLSimpleApplication@31e69933
reloadAllAccessors: .matrixType14

===========================================================================================
----------------- testing Mon Jul 16 01:37:40 UTC 2018 /home/travis/build/icyphy/ptII/ptolemy/actor/lib/test/auto/matrixType2.xml
----------------- Instantiating /home/travis/build/icyphy/ptII/ptolemy/actor/lib/test/auto/matrixType2.xml
1 ms. Memory: 1688064K Free: 770031K (46%)
----------------- Invoking toplevel() on ptolemy.moml.MoMLSimpleApplication@72a5e796
----------------- Done invoking toplevel() on ptolemy.moml.MoMLSimpleApplication@72a5e796
reloadAllAccessors: .matrixType2

===========================================================================================
----------------- testing Mon Jul 16 01:37:40 UTC 2018 /home/travis/build/icyphy/ptII/ptolemy/actor/lib/test/auto/matrixType3.xml
----------------- Instantiating /home/travis/build/icyphy/ptII/ptolemy/actor/lib/test/auto/matrixType3.xml
4 ms. Memory: 1688064K Free: 749892K (44%)
----------------- Invoking toplevel() on ptolemy.moml.MoMLSimpleApplication@20bd2fa5
----------------- Done invoking toplevel() on ptolemy.moml.MoMLSimpleApplication@20bd2fa5
reloadAllAccessors: .matrixType3

===========================================================================================
----------------- testing Mon Jul 16 01:37:40 UTC 2018 /home/travis/build/icyphy/ptII/ptolemy/actor/lib/test/auto/matrixType4.xml
----------------- Instantiating /home/travis/build/icyphy/ptII/ptolemy/actor/lib/test/auto/matrixType4.xml
1 ms. Memory: 1688064K Free: 729753K (43%)
----------------- Invoking toplevel() on ptolemy.moml.MoMLSimpleApplication@5e2e1ce5
----------------- Done invoking toplevel() on ptolemy.moml.MoMLSimpleApplication@5e2e1ce5
reloadAllAccessors: .matrixType4

===========================================================================================
----------------- testing Mon Jul 16 01:37:40 UTC 2018 /home/travis/build/icyphy/ptII/ptolemy/actor/lib/test/auto/matrixType5.xml
----------------- Instantiating /home/travis/build/icyphy/ptII/ptolemy/actor/lib/test/auto/matrixType5.xml
1 ms. Memory: 1688064K Free: 713989K (42%)
----------------- Invoking toplevel() on ptolemy.moml.MoMLSimpleApplication@d4fe59f
----------------- Done invoking toplevel() on ptolemy.moml.MoMLSimpleApplication@d4fe59f
reloadAllAccessors: .matrixType5

===========================================================================================
----------------- testing Mon Jul 16 01:37:40 UTC 2018 /home/travis/build/icyphy/ptII/ptolemy/actor/lib/test/auto/matrixType6.xml
----------------- Instantiating /home/travis/build/icyphy/ptII/ptolemy/actor/lib/test/auto/matrixType6.xml
1 ms. Memory: 1688064K Free: 693850K (41%)
----------------- Invoking toplevel() on ptolemy.moml.MoMLSimpleApplication@1b6c7a94
----------------- Done invoking toplevel() on ptolemy.moml.MoMLSimpleApplication@1b6c7a94
reloadAllAccessors: .matrixType6

===========================================================================================
----------------- testing Mon Jul 16 01:37:40 UTC 2018 /home/travis/build/icyphy/ptII/ptolemy/actor/lib/test/auto/matrixType7.xml
----------------- Instantiating /home/travis/build/icyphy/ptII/ptolemy/actor/lib/test/auto/matrixType7.xml
2 ms. Memory: 1688064K Free: 678085K (40%)
----------------- Invoking toplevel() on ptolemy.moml.MoMLSimpleApplication@570a451e
----------------- Done invoking toplevel() on ptolemy.moml.MoMLSimpleApplication@570a451e
reloadAllAccessors: .matrixType7

===========================================================================================
----------------- testing Mon Jul 16 01:37:40 UTC 2018 /home/travis/build/icyphy/ptII/ptolemy/actor/lib/test/auto/matrixType8.xml
----------------- Instantiating /home/travis/build/icyphy/ptII/ptolemy/actor/lib/test/auto/matrixType8.xml
2 ms. Memory: 1688064K Free: 657946K (39%)
----------------- Invoking toplevel() on ptolemy.moml.MoMLSimpleApplication@32ce42e7
----------------- Done invoking toplevel() on ptolemy.moml.MoMLSimpleApplication@32ce42e7
reloadAllAccessors: .matrixType8

===========================================================================================
----------------- testing Mon Jul 16 01:37:40 UTC 2018 /home/travis/build/icyphy/ptII/ptolemy/actor/lib/test/auto/matrixType9.xml
----------------- Instantiating /home/travis/build/icyphy/ptII/ptolemy/actor/lib/test/auto/matrixType9.xml
1 ms. Memory: 1688064K Free: 637807K (38%)
----------------- Invoking toplevel() on ptolemy.moml.MoMLSimpleApplication@45170173
----------------- Done invoking toplevel() on ptolemy.moml.MoMLSimpleApplication@45170173
reloadAllAccessors: .matrixType9

===========================================================================================
----------------- testing Mon Jul 16 01:37:40 UTC 2018 /home/travis/build/icyphy/ptII/ptolemy/actor/lib/test/auto/paraFunctest.xml
----------------- Instantiating /home/travis/build/icyphy/ptII/ptolemy/actor/lib/test/auto/paraFunctest.xml
1 ms. Memory: 1688064K Free: 622042K (37%)
----------------- Invoking toplevel() on ptolemy.moml.MoMLSimpleApplication@6acf841d
----------------- Done invoking toplevel() on ptolemy.moml.MoMLSimpleApplication@6acf841d
reloadAllAccessors: .paraFunctest

===========================================================================================
----------------- testing Mon Jul 16 01:37:40 UTC 2018 /home/travis/build/icyphy/ptII/ptolemy/actor/lib/test/auto/paraFunctest2.xml
----------------- Instantiating /home/travis/build/icyphy/ptII/ptolemy/actor/lib/test/auto/paraFunctest2.xml
1 ms. Memory: 1688064K Free: 595242K (35%)
----------------- Invoking toplevel() on ptolemy.moml.MoMLSimpleApplication@1e30bff3
----------------- Done invoking toplevel() on ptolemy.moml.MoMLSimpleApplication@1e30bff3
reloadAllAccessors: .paraFunctest2

===========================================================================================
----------------- testing Mon Jul 16 01:37:40 UTC 2018 /home/travis/build/icyphy/ptII/ptolemy/actor/lib/test/auto/parameterPassing.xml
----------------- Instantiating /home/travis/build/icyphy/ptII/ptolemy/actor/lib/test/auto/parameterPassing.xml
1 ms. Memory: 1688064K Free: 575103K (34%)
----------------- Invoking toplevel() on ptolemy.moml.MoMLSimpleApplication@33c2fbd8
----------------- Done invoking toplevel() on ptolemy.moml.MoMLSimpleApplication@33c2fbd8
reloadAllAccessors: .parameterPassing

===========================================================================================
----------------- testing Mon Jul 16 01:37:40 UTC 2018 /home/travis/build/icyphy/ptII/ptolemy/actor/lib/test/auto/record.xml
----------------- Instantiating /home/travis/build/icyphy/ptII/ptolemy/actor/lib/test/auto/record.xml
2 ms. Memory: 1688064K Free: 559339K (33%)
----------------- Invoking toplevel() on ptolemy.moml.MoMLSimpleApplication@428f7353
----------------- Done invoking toplevel() on ptolemy.moml.MoMLSimpleApplication@428f7353
reloadAllAccessors: .record

===========================================================================================
----------------- testing Mon Jul 16 01:37:40 UTC 2018 /home/travis/build/icyphy/ptII/ptolemy/actor/lib/test/auto/sizedarray1.xml
----------------- Instantiating /home/travis/build/icyphy/ptII/ptolemy/actor/lib/test/auto/sizedarray1.xml
2 ms. Memory: 1688064K Free: 539199K (32%)
----------------- Invoking toplevel() on ptolemy.moml.MoMLSimpleApplication@763407cb
----------------- Done invoking toplevel() on ptolemy.moml.MoMLSimpleApplication@763407cb
reloadAllAccessors: .sizedarray1

===========================================================================================
----------------- testing Mon Jul 16 01:37:40 UTC 2018 /home/travis/build/icyphy/ptII/ptolemy/actor/lib/test/auto/sizedarray2.xml
----------------- Instantiating /home/travis/build/icyphy/ptII/ptolemy/actor/lib/test/auto/sizedarray2.xml
3 ms. Memory: 1688064K Free: 523435K (31%)
----------------- Invoking toplevel() on ptolemy.moml.MoMLSimpleApplication@6e72e02d
----------------- Done invoking toplevel() on ptolemy.moml.MoMLSimpleApplication@6e72e02d
reloadAllAccessors: .sizedarray2

===========================================================================================
----------------- testing Mon Jul 16 01:37:40 UTC 2018 /home/travis/build/icyphy/ptII/ptolemy/actor/lib/test/auto/twoPublishers.xml
----------------- Instantiating /home/travis/build/icyphy/ptII/ptolemy/actor/lib/test/auto/twoPublishers.xml
5 ms. Memory: 1688064K Free: 495413K (29%)
----------------- Invoking toplevel() on ptolemy.moml.MoMLSimpleApplication@4b190b0b
----------------- Done invoking toplevel() on ptolemy.moml.MoMLSimpleApplication@4b190b0b
reloadAllAccessors: .twoPublishers
AutoTests.java: About to close Vertx.
AutoTests.java: Vertx closed.
]]></system-out>
  <system-err><![CDATA[java.lang.RuntimeException: Execution failed
	at ptolemy.moml.MoMLSimpleApplication$UnloadThread.run(MoMLSimpleApplication.java:402)
Caused by: java.lang.RuntimeException: Normally, we would exit here because Manager.exitAfterWrapup() was called.  However, because the ptolemy.ptII.exitAfterWrapup property is set, we throw this exception instead.
	at ptolemy.util.StringUtilities.exit(StringUtilities.java:363)
	at ptolemy.actor.Manager.wrapup(Manager.java:1531)
	at ptolemy.actor.Manager.execute(Manager.java:407)
	at ptolemy.actor.Manager.run(Manager.java:1263)
	at ptolemy.actor.Manager$PtolemyRunThread.run(Manager.java:1915)
Warning: '.top.test' is in training mode, set the trainingMode parameter to false before checking in
Warning: '.top.test' is in training mode, set the trainingMode parameter to false before checking in
Warning: '.top.test' is in training mode, set the trainingMode parameter to false before checking in
Warning: '.BooleanSwitch_RegressionTest_WrongTrainingValues.Test' is in training mode, set the trainingMode parameter to false before checking in
Warning: '.BooleanSwitch_RegressionTest_WrongTrainingValues.Test2' is in training mode, set the trainingMode parameter to false before checking in
Warning: '.BooleanSwitch_RegressionTest_WrongTrainingValues.Test2' The test produced 0 tokens.
Warning: '.top.testExceptionHandler' is in training mode, set the trainingMode parameter to false before checking in
java.lang.RuntimeException: Execution failed
	at ptolemy.moml.MoMLSimpleApplication$UnloadThread.run(MoMLSimpleApplication.java:402)
Caused by: ptolemy.kernel.util.IllegalActionException: PublisherPorts cannot be used at the top level, use a Publisher actor instead.
  in .PublisherPortToplevelSubscriber.PublisherPort
	at ptolemy.actor.PublisherPort.preinitialize(PublisherPort.java:403)
	at ptolemy.actor.CompositeActor.preinitialize(CompositeActor.java:1769)
	at ptolemy.actor.Manager.preinitializeAndResolveTypes(Manager.java:1040)
	at ptolemy.actor.Manager.initialize(Manager.java:710)
	at ptolemy.actor.Manager.execute(Manager.java:356)
	at ptolemy.actor.Manager.run(Manager.java:1263)
	at ptolemy.actor.Manager$PtolemyRunThread.run(Manager.java:1915)
java.lang.reflect.InvocationTargetException
	at sun.reflect.NativeConstructorAccessorImpl.newInstance0(Native Method)
	at sun.reflect.NativeConstructorAccessorImpl.newInstance(NativeConstructorAccessorImpl.java:62)
	at sun.reflect.DelegatingConstructorAccessorImpl.newInstance(DelegatingConstructorAccessorImpl.java:45)
	at java.lang.reflect.Constructor.newInstance(Constructor.java:423)
	at ptolemy.util.test.junit.AutoKnownFailedTests.RunModel(AutoKnownFailedTests.java:107)
	at sun.reflect.NativeMethodAccessorImpl.invoke0(Native Method)
	at sun.reflect.NativeMethodAccessorImpl.invoke(NativeMethodAccessorImpl.java:62)
	at sun.reflect.DelegatingMethodAccessorImpl.invoke(DelegatingMethodAccessorImpl.java:43)
	at java.lang.reflect.Method.invoke(Method.java:498)
	at org.junit.runners.model.FrameworkMethod$1.runReflectiveCall(FrameworkMethod.java:44)
	at org.junit.internal.runners.model.ReflectiveCallable.run(ReflectiveCallable.java:15)
	at org.junit.runners.model.FrameworkMethod.invokeExplosively(FrameworkMethod.java:41)
	at junitparams.internal.InvokeParameterisedMethod.evaluate(InvokeParameterisedMethod.java:102)
	at org.junit.internal.runners.statements.FailOnTimeout$1.run(FailOnTimeout.java:28)
Caused by: ptolemy.kernel.util.IllegalActionException: PublisherPorts cannot be used at the top level, use a Publisher actor instead.
  in .PublisherPortToplevelSubscriber.PublisherPort
	at ptolemy.actor.PublisherPort.preinitialize(PublisherPort.java:403)
	at ptolemy.actor.CompositeActor.preinitialize(CompositeActor.java:1769)
	at ptolemy.actor.Manager.preinitializeAndResolveTypes(Manager.java:1040)
	at ptolemy.actor.Manager.initialize(Manager.java:710)
	at ptolemy.actor.Manager.execute(Manager.java:356)
	at ptolemy.actor.Manager.run(Manager.java:1263)
	at ptolemy.actor.Manager$PtolemyRunThread.run(Manager.java:1915)
java.lang.RuntimeException: Execution failed
	at ptolemy.moml.MoMLSimpleApplication$UnloadThread.run(MoMLSimpleApplication.java:402)
Caused by: ptolemy.kernel.util.IllegalActionException: SubscriberPorts cannot be used at the top level, use a Subscriber actor instead.
  in .PublisherSubscriberPortToplevel.SubscriberPort
	at ptolemy.actor.SubscriberPort.preinitialize(SubscriberPort.java:328)
	at ptolemy.actor.CompositeActor.preinitialize(CompositeActor.java:1769)
	at ptolemy.actor.Manager.preinitializeAndResolveTypes(Manager.java:1040)
	at ptolemy.actor.Manager.initialize(Manager.java:710)
	at ptolemy.actor.Manager.execute(Manager.java:356)
	at ptolemy.actor.Manager.run(Manager.java:1263)
	at ptolemy.actor.Manager$PtolemyRunThread.run(Manager.java:1915)
java.lang.reflect.InvocationTargetException
	at sun.reflect.NativeConstructorAccessorImpl.newInstance0(Native Method)
	at sun.reflect.NativeConstructorAccessorImpl.newInstance(NativeConstructorAccessorImpl.java:62)
	at sun.reflect.DelegatingConstructorAccessorImpl.newInstance(DelegatingConstructorAccessorImpl.java:45)
	at java.lang.reflect.Constructor.newInstance(Constructor.java:423)
	at ptolemy.util.test.junit.AutoKnownFailedTests.RunModel(AutoKnownFailedTests.java:107)
	at sun.reflect.NativeMethodAccessorImpl.invoke0(Native Method)
	at sun.reflect.NativeMethodAccessorImpl.invoke(NativeMethodAccessorImpl.java:62)
	at sun.reflect.DelegatingMethodAccessorImpl.invoke(DelegatingMethodAccessorImpl.java:43)
	at java.lang.reflect.Method.invoke(Method.java:498)
	at org.junit.runners.model.FrameworkMethod$1.runReflectiveCall(FrameworkMethod.java:44)
	at org.junit.internal.runners.model.ReflectiveCallable.run(ReflectiveCallable.java:15)
	at org.junit.runners.model.FrameworkMethod.invokeExplosively(FrameworkMethod.java:41)
	at junitparams.internal.InvokeParameterisedMethod.evaluate(InvokeParameterisedMethod.java:102)
	at org.junit.internal.runners.statements.FailOnTimeout$1.run(FailOnTimeout.java:28)
Caused by: ptolemy.kernel.util.IllegalActionException: SubscriberPorts cannot be used at the top level, use a Subscriber actor instead.
  in .PublisherSubscriberPortToplevel.SubscriberPort
	at ptolemy.actor.SubscriberPort.preinitialize(SubscriberPort.java:328)
	at ptolemy.actor.CompositeActor.preinitialize(CompositeActor.java:1769)
	at ptolemy.actor.Manager.preinitializeAndResolveTypes(Manager.java:1040)
	at ptolemy.actor.Manager.initialize(Manager.java:710)
	at ptolemy.actor.Manager.execute(Manager.java:356)
	at ptolemy.actor.Manager.run(Manager.java:1263)
	at ptolemy.actor.Manager$PtolemyRunThread.run(Manager.java:1915)
java.lang.RuntimeException: Execution failed
	at ptolemy.moml.MoMLSimpleApplication$UnloadThread.run(MoMLSimpleApplication.java:402)
Caused by: ptolemy.kernel.util.IllegalActionException: SubscriptionAggregatorPorts cannot be used at the top level, use a SubscriptionAggregator actor instead.
  in .PublisherSubscriptionAggregatorPort.SubscriptionAggregatorPort
	at ptolemy.actor.SubscriptionAggregatorPort.preinitialize(SubscriptionAggregatorPort.java:353)
	at ptolemy.actor.CompositeActor.preinitialize(CompositeActor.java:1769)
	at ptolemy.actor.Manager.preinitializeAndResolveTypes(Manager.java:1040)
	at ptolemy.actor.Manager.initialize(Manager.java:710)
	at ptolemy.actor.Manager.execute(Manager.java:356)
	at ptolemy.actor.Manager.run(Manager.java:1263)
	at ptolemy.actor.Manager$PtolemyRunThread.run(Manager.java:1915)
java.lang.reflect.InvocationTargetException
	at sun.reflect.NativeConstructorAccessorImpl.newInstance0(Native Method)
	at sun.reflect.NativeConstructorAccessorImpl.newInstance(NativeConstructorAccessorImpl.java:62)
	at sun.reflect.DelegatingConstructorAccessorImpl.newInstance(DelegatingConstructorAccessorImpl.java:45)
	at java.lang.reflect.Constructor.newInstance(Constructor.java:423)
	at ptolemy.util.test.junit.AutoKnownFailedTests.RunModel(AutoKnownFailedTests.java:107)
	at sun.reflect.NativeMethodAccessorImpl.invoke0(Native Method)
	at sun.reflect.NativeMethodAccessorImpl.invoke(NativeMethodAccessorImpl.java:62)
	at sun.reflect.DelegatingMethodAccessorImpl.invoke(DelegatingMethodAccessorImpl.java:43)
	at java.lang.reflect.Method.invoke(Method.java:498)
	at org.junit.runners.model.FrameworkMethod$1.runReflectiveCall(FrameworkMethod.java:44)
	at org.junit.internal.runners.model.ReflectiveCallable.run(ReflectiveCallable.java:15)
	at org.junit.runners.model.FrameworkMethod.invokeExplosively(FrameworkMethod.java:41)
	at junitparams.internal.InvokeParameterisedMethod.evaluate(InvokeParameterisedMethod.java:102)
	at org.junit.internal.runners.statements.FailOnTimeout$1.run(FailOnTimeout.java:28)
Caused by: ptolemy.kernel.util.IllegalActionException: SubscriptionAggregatorPorts cannot be used at the top level, use a SubscriptionAggregator actor instead.
  in .PublisherSubscriptionAggregatorPort.SubscriptionAggregatorPort
	at ptolemy.actor.SubscriptionAggregatorPort.preinitialize(SubscriptionAggregatorPort.java:353)
	at ptolemy.actor.CompositeActor.preinitialize(CompositeActor.java:1769)
	at ptolemy.actor.Manager.preinitializeAndResolveTypes(Manager.java:1040)
	at ptolemy.actor.Manager.initialize(Manager.java:710)
	at ptolemy.actor.Manager.execute(Manager.java:356)
	at ptolemy.actor.Manager.run(Manager.java:1263)
	at ptolemy.actor.Manager$PtolemyRunThread.run(Manager.java:1915)
java.lang.RuntimeException: Execution failed
	at ptolemy.moml.MoMLSimpleApplication$UnloadThread.run(MoMLSimpleApplication.java:402)
Caused by: ptolemy.kernel.util.IllegalActionException: TypeTest actor has no training data.
  in .sizedarray3.TypeTest
	at ptolemy.actor.lib.TypeTest.initialize(TypeTest.java:250)
	at ptolemy.actor.Director.initialize(Director.java:938)
	at ptolemy.actor.Director.initialize(Director.java:907)
	at ptolemy.actor.sched.StaticSchedulingDirector.initialize(StaticSchedulingDirector.java:159)
	at ptolemy.domains.sdf.kernel.SDFDirector.initialize(SDFDirector.java:544)
	at ptolemy.actor.CompositeActor.initialize(CompositeActor.java:935)
	at ptolemy.actor.Manager.initialize(Manager.java:724)
	at ptolemy.actor.Manager.execute(Manager.java:356)
	at ptolemy.actor.Manager.run(Manager.java:1263)
	at ptolemy.actor.Manager$PtolemyRunThread.run(Manager.java:1915)
java.lang.reflect.InvocationTargetException
	at sun.reflect.NativeConstructorAccessorImpl.newInstance0(Native Method)
	at sun.reflect.NativeConstructorAccessorImpl.newInstance(NativeConstructorAccessorImpl.java:62)
	at sun.reflect.DelegatingConstructorAccessorImpl.newInstance(DelegatingConstructorAccessorImpl.java:45)
	at java.lang.reflect.Constructor.newInstance(Constructor.java:423)
	at ptolemy.util.test.junit.AutoKnownFailedTests.RunModel(AutoKnownFailedTests.java:107)
	at sun.reflect.NativeMethodAccessorImpl.invoke0(Native Method)
	at sun.reflect.NativeMethodAccessorImpl.invoke(NativeMethodAccessorImpl.java:62)
	at sun.reflect.DelegatingMethodAccessorImpl.invoke(DelegatingMethodAccessorImpl.java:43)
	at java.lang.reflect.Method.invoke(Method.java:498)
	at org.junit.runners.model.FrameworkMethod$1.runReflectiveCall(FrameworkMethod.java:44)
	at org.junit.internal.runners.model.ReflectiveCallable.run(ReflectiveCallable.java:15)
	at org.junit.runners.model.FrameworkMethod.invokeExplosively(FrameworkMethod.java:41)
	at junitparams.internal.InvokeParameterisedMethod.evaluate(InvokeParameterisedMethod.java:102)
	at org.junit.internal.runners.statements.FailOnTimeout$1.run(FailOnTimeout.java:28)
Caused by: ptolemy.kernel.util.IllegalActionException: TypeTest actor has no training data.
  in .sizedarray3.TypeTest
	at ptolemy.actor.lib.TypeTest.initialize(TypeTest.java:250)
	at ptolemy.actor.Director.initialize(Director.java:938)
	at ptolemy.actor.Director.initialize(Director.java:907)
	at ptolemy.actor.sched.StaticSchedulingDirector.initialize(StaticSchedulingDirector.java:159)
	at ptolemy.domains.sdf.kernel.SDFDirector.initialize(SDFDirector.java:544)
	at ptolemy.actor.CompositeActor.initialize(CompositeActor.java:935)
	at ptolemy.actor.Manager.initialize(Manager.java:724)
	at ptolemy.actor.Manager.execute(Manager.java:356)
	at ptolemy.actor.Manager.run(Manager.java:1263)
	at ptolemy.actor.Manager$PtolemyRunThread.run(Manager.java:1915)
]]></system-err>
</testsuite>
