<?xml version="1.0" encoding="UTF-8" ?>
<testsuite errors="0" failures="0" hostname="travis-job-e4a96018-f6b4-450e-b16b-e2dab9ddb97e" name="ptolemy.actor.lib.test.junit.JUnitTclTest" skipped="0" tests="517" time="59.023" timestamp="2019-02-16T04:53:58">
  <properties>
    <property name="npm.executable" value="npm" />
    <property name="file.encoding.pkg" value="sun.io" />
    <property name="env.TRAVIS_ROOT" value="/" />
    <property name="ptII.mk.exists" value="true" />
    <property name="env.TRAVIS_APP_HOST" value="build.travis-ci.org" />
    <property name="env.rvm_bin_path" value="/home/travis/.rvm/bin" />
    <property name="java.home" value="/usr/lib/jvm/java-8-oracle/jre" />
    <property name="env.TRAVIS_JOB_NUMBER" value="1004.8" />
    <property name="env.TRAVIS_HOME" value="/home/travis" />
    <property name="env.DISPLAY" value=":99.0" />
    <property name="java.net.preferIPv4Stack" value="true" />
    <property name="env.TRAVIS_INIT" value="upstart" />
    <property name="env.SSH_TTY" value="/dev/pts/0" />
    <property name="env.RUN_TESTS" value="true" />
    <property name="timeout.short" value="1000000" />
    <property name="env.TRAVIS_JOB_NAME" value="" />
    <property name="env.TRAVIS_STACK_NODE_ATTRIBUTES" value="/.node-attributes.yml" />
    <property name="junit.formatter" value="xml" />
    <property name="java.endorsed.dirs" value="/usr/lib/jvm/java-8-oracle/jre/lib/endorsed" />
    <property name="env.TRAVIS_SUDO" value="true" />
    <property name="env.LOGNAME" value="travis" />
    <property name="env.PT_TRAVIS_TEST_CORE1_XML" value="true" />
    <property name="jsdoc.home" value="node_modules/@terraswarm/jsdoc" />
    <property name="debuglevel" value="source,lines,vars" />
    <property name="checkstyle.formatter" value="xml" />
    <property name="bin.vergil.makeable" value="true" />
    <property name="env._system_version" value="14.04" />
    <property name="sun.os.patch.level" value="unknown" />
    <property name="java.vendor.url" value="http://java.oracle.com/" />
    <property name="env.TRAVIS_BUILD_WEB_URL" value="https://travis-ci.org/icyphy/ptII/builds/494099843" />
    <property name="java.version" value="1.8.0_151" />
    <property name="env.TZ" value="UTC" />
    <property name="env.PT_NO_NET" value="true" />
    <property name="env.TRAVIS_PULL_REQUEST_SHA" value="" />
    <property name="env.TRAVIS_SECURE_ENV_VARS" value="true" />
    <property name="env._system_type" value="Linux" />
    <property name="java.vendor.url.bug" value="http://bugreport.sun.com/bugreport/" />
    <property name="env.SSH_CLIENT" value="10.10.4.69 56490 22" />
    <property name="npmjs-org-is-up" value="true" />
    <property name="env.GEM_HOME" value="/home/travis/.rvm/gems/ruby-2.4.1" />
    <property name="env.HAS_ANTARES_THREE_LITTLE_FRONZIES_BADGE" value="true" />
    <property name="env.PS4" value="+" />
    <property name="ant.project.invoked-targets" value="build,test.core1.xml" />
    <property name="env.TRAVIS_PULL_REQUEST_BRANCH" value="" />
    <property name="env.TRAVIS_REPO_SLUG" value="icyphy/ptII" />
    <property name="env.TRAVIS_APT_PROXY" value="http://build-cache.travisci.net" />
    <property name="node.in.path" value="true" />
    <property name="java.maxmemory" value="1400m" />
    <property name="env.RUBY_VERSION" value="ruby-2.4.1" />
    <property name="user.name" value="travis" />
    <property name="env.LANG" value="en_US.UTF-8" />
    <property name="sun.io.unicode.encoding" value="UnicodeLittle" />
    <property name="sun.jnu.encoding" value="UTF-8" />
    <property name="java.runtime.name" value="Java(TM) SE Runtime Environment" />
    <property name="usefile" value="false" />
    <property name="return.code" value="0" />
    <property name="junit.single.formatter" value="plain" />
    <property name="env.DYLD_LIBRARY_PATH" value="/home/travis/pthla/certi-tools/lib:" />
    <property name="env.DEBIAN_FRONTEND" value="noninteractive" />
    <property name="env.SSH_CONNECTION" value="10.10.4.69 56490 10.20.0.95 22" />
    <property name="env.MYSQL_UNIX_PORT" value="/var/run/mysqld/mysqld.sock" />
    <property name="env.TRAVIS_ALLOW_FAILURE" value="false" />
    <property name="env.LC_ALL" value="en_US.UTF-8" />
    <property name="env.TRAVIS_JOB_WEB_URL" value="https://travis-ci.org/icyphy/ptII/jobs/494099851" />
    <property name="java.specification.name" value="Java Platform API Specification" />
    <property name="node.works" value="true" />
    <property name="user.timezone" value="" />
    <property name="path.separator" value=":" />
    <property name="env.TRAVIS_ENABLE_INFRA_DETECTION" value="true" />
    <property name="env.PYTHON_CFLAGS" value="-g -fstack-protector --param=ssp-buffer-size=4 -Wformat -Werror=format-security" />
    <property name="timeout.long" value="4000000" />
    <property name="env.CERTI_HOME" value="/home/travis/pthla/certi-tools" />
    <property name="file.encoding" value="UTF-8" />
    <property name="ant.file.ptII" value="/home/travis/build/icyphy/ptII/build.xml" />
    <property name="javadoc.packagenames" value="com.*,diva.*,lbnl.*,org.hlacerti.*,org.json.*,org.ptolemy.*,org.terraswarm.*,ptolemy.*,ptserver.*" />
    <property name="env.TRAVIS_PULL_REQUEST_SLUG" value="" />
    <property name="ant.project.default-target" value="build" />
    <property name="env.GIT_ASKPASS" value="echo" />
    <property name="env.HOME" value="/home/travis" />
    <property name="sun.java.command" value="org.apache.tools.ant.taskdefs.optional.junit.JUnitTestRunner ptolemy.actor.lib.test.junit.JUnitTclTest skipNonTests=false filtertrace=true haltOnError=false haltOnFailure=false formatter=org.apache.tools.ant.taskdefs.optional.junit.OutErrSummaryJUnitResultFormatter showoutput=true outputtoformatters=true logfailedtests=true threadid=0 logtestlistenerevents=false formatter=org.apache.tools.ant.taskdefs.optional.junit.XMLJUnitResultFormatter,/home/travis/build/icyphy/ptII/reports/junit/TEST-ptolemy.actor.lib.test.junit.JUnitTclTest.xml crashfile=/home/travis/build/icyphy/ptII/junitvmwatcher91845829352863621.properties propsfile=/home/travis/build/icyphy/ptII/junit8934543824758390354.properties" />
    <property name="env.MANPATH" value="/home/travis/.nvm/versions/node/v7.10.1/share/man:/home/travis/.kiex/elixirs/elixir-1.4.5/man:/home/travis/.rvm/rubies/ruby-2.4.1/share/man:/usr/local/man:/usr/local/cmake-3.9.2/man:/usr/local/clang-5.0.0/share/man:/usr/local/share/man:/usr/share/man:/home/travis/.rvm/man" />
    <property name="env.COMPOSER_NO_INTERACTION" value="1" />
    <property name="env.JDK_SWITCHER_DEFAULT" value="oraclejdk8" />
    <property name="env.TRAVIS_TIMER_ID" value="06def2e3" />
    <property name="ant.file" value="/home/travis/build/icyphy/ptII/build.xml" />
    <property name="env.TRAVIS_COMMIT_RANGE" value="879f111b998d...0e2f04a14549" />
    <property name="env._system_name" value="Ubuntu" />
    <property name="timeout" value="2400000" />
    <property name="ptII.classpath.optional.property" value="/home/travis/build/icyphy/ptII/lib/bsh-2.0b4.jar:/home/travis/build/icyphy/ptII/lib/ptCal.jar:/home/travis/build/icyphy/ptII/lib/java_cup.jar:/home/travis/build/icyphy/ptII/lib/saxon8.jar:/home/travis/build/icyphy/ptII/lib/saxon8-dom.jar:/home/travis/build/icyphy/ptII/lib/chic.jar:/home/travis/build/icyphy/ptII/lib/ptcolt.jar:/usr/lib/jvm/java-8-oracle/lib/tools.jar:/home/travis/build/icyphy/ptII/vendors/misc/itext/iText.jar:/home/travis/build/icyphy/ptII/lib/g4ltl.jar:/home/travis/build/icyphy/ptII/lib/StructuralCoder.jar:/home/travis/build/icyphy/ptII/vendors/jai-1_1_2_01/lib/jai_core.jar:/home/travis/build/icyphy/ptII/vendors/jai-1_1_2_01/lib/jai_codec.jar:/home/travis/build/icyphy/ptII/lib/jcerti.jar:/home/travis/build/icyphy/ptII/lib/javax.mail.jar:/home/travis/build/icyphy/ptII/vendors/JMF-2.1.1e/lib/jmf.jar:/home/travis/build/icyphy/ptII/lib/jna-4.0.0-variadic.jar:/home/travis/build/icyphy/ptII/vendors/misc/joystick/Joystick.jar:/home/travis/build/icyphy/ptII/lib/ptjacl.jar:/home/travis/build/icyphy/ptII/lib/jsoup-1.8.2.jar:/home/travis/build/icyphy/ptII/lib/junit-4.8.2.jar:/home/travis/build/icyphy/ptII/lib/JUnitParams-0.4.0.jar:/home/travis/build/icyphy/ptII/ptolemy/actor/lib/excel/jxl.jar:/home/travis/build/icyphy/ptII/lib/jython.jar:/home/travis/build/icyphy/ptII/lib/kieler.jar:/home/travis/build/icyphy/ptII/vendors/opencv/share/OpenCV/java/opencv-341.jar:/home/travis/build/icyphy/ptII/lib/oscP5.jar:/home/travis/build/icyphy/ptII/lib/nrjavaserial-3.11.0.devel.jar:/home/travis/build/icyphy/ptII/vendors/j3d/lib/j3dcore.jar:/home/travis/build/icyphy/ptII/vendors/j3d/lib/j3dutils.jar:/home/travis/build/icyphy/ptII/vendors/j3d/lib/vecmath.jar:/home/travis/build/icyphy/ptII/ptolemy/distributed/jini/jar/jini-core.jar:/home/travis/build/icyphy/ptII/ptolemy/distributed/jini/jar/jini-ext.jar:/home/travis/build/icyphy/ptII/ptolemy/distributed/jini/jar/sun-util.jar:/home/travis/build/icyphy/ptII/lib/protobuf-java-2.4.1.jar:/home/travis/build/icyphy/ptII/lib/org.eclipse.paho.client.mqttv3.jar:/home/travis/build/icyphy/ptII/lib/mapss.jar:/home/travis/build/icyphy/ptII/ptolemy/actor/ptalon/antlr/antlr.jar:/home/travis/build/icyphy/ptII/lib/JRI.jar:/home/travis/build/icyphy/ptII/lib/commons-lang-2.6.jar:/home/travis/build/icyphy/ptII/lib/commons-logging-1.1.1.jar:/home/travis/build/icyphy/ptII/lib/sootclasses.jar:/home/travis/build/icyphy/ptII/ptolemy/actor/lib/database/mysql-connector-java-5.1.6-bin.jar:/home/travis/build/icyphy/ptII/vendors/misc/sphinx4/sphinx4-data-5prealpha.jar:/home/travis/build/icyphy/ptII/vendors/misc/sphinx4/sphinx4-core-5prealpha.jar:/home/travis/build/icyphy/ptII/lib/PDFRenderer.jar:/home/travis/build/icyphy/ptII/lib/svgSalamander.jar:/home/travis/build/icyphy/ptII/lib/rsyntaxtextarea-2.6.0-SNAPSHOT.jar:/home/travis/build/icyphy/ptII/lib/hazelcast-3.8.2.jar:/home/travis/build/icyphy/ptII/lib/jackson-annotations-2.9.0.jar:/home/travis/build/icyphy/ptII/lib/jackson-core-2.9.3.jar:/home/travis/build/icyphy/ptII/lib/jackson-databind-2.9.3.jar:/home/travis/build/icyphy/ptII/lib/netty-buffer-4.1.19.Final.jar:/home/travis/build/icyphy/ptII/lib/netty-codec-4.1.19.Final.jar:/home/travis/build/icyphy/ptII/lib/netty-codec-dns-4.1.19.Final.jar:/home/travis/build/icyphy/ptII/lib/netty-codec-http-4.1.19.Final.jar:/home/travis/build/icyphy/ptII/lib/netty-codec-http2-4.1.19.Final.jar:/home/travis/build/icyphy/ptII/lib/netty-common-4.1.19.Final.jar:/home/travis/build/icyphy/ptII/lib/netty-handler-4.1.19.Final.jar:/home/travis/build/icyphy/ptII/lib/netty-resolver-4.1.19.Final.jar:/home/travis/build/icyphy/ptII/lib/netty-resolver-dns-4.1.19.Final.jar:/home/travis/build/icyphy/ptII/lib/netty-transport-4.1.19.Final.jar:/home/travis/build/icyphy/ptII/lib/vertx-codegen-3.5.1.jar:/home/travis/build/icyphy/ptII/lib/vertx-core-3.5.2-SNAPSHOT.jar:/home/travis/build/icyphy/ptII/lib/vertx-hazelcast-3.5.1.jar:/home/travis/build/icyphy/ptII/lib/vertx-lang-js-3.5.1.jar:/home/travis/build/icyphy/ptII/lib/vertx-service-proxy-3.5.1.jar:/home/travis/build/icyphy/ptII/lib/vertx-web-3.5.1.jar:/home/travis/build/icyphy/ptII/lib/slf4j-api-1.7.13.jar:/home/travis/build/icyphy/ptII/lib/slf4j-simple-1.7.13.jar:/home/travis/build/icyphy/ptII/lib/webcam-capture-0.3.12.jar:/home/travis/build/icyphy/ptII/lib/bridj-0.7.0.jar:/home/travis/build/icyphy/ptII/lib/xbjlib-1.1.0.nrjavaserial.jar" />
    <property name="test.batch" value="**/junit/*.java" />
    <property name="env._" value="/usr/bin/timeout" />
    <property name="java.io.tmpdir" value="/tmp" />
    <property name="env.TRAVIS_INTERNAL_RUBY_REGEX" value="^ruby-(2\.[0-4]\.[0-9]|1\.9\.3)" />
    <property name="user.language" value="en" />
    <property name="env.HISTCONTROL" value="ignoredups:ignorespace" />
    <property name="env.GOROOT" value="/home/travis/.gimme/versions/go1.7.4.linux.amd64" />
    <property name="line.separator" value="&#xa;" />
    <property name="target" value="1.8" />
    <property name="env.TRAVIS_BUILD_DIR" value="/home/travis/build/icyphy/ptII" />
    <property name="env.ANT_OPTS" value="-Xmx2048m" />
    <property name="ant.file.type" value="file" />
    <property name="ptolemy.ptII.batchMode" value="true" />
    <property name="env.HISTSIZE" value="1000" />
    <property name="env.MERB_ENV" value="test" />
    <property name="java.vm.info" value="mixed mode" />
    <property name="source" value="1.8" />
    <property name="java.vm.specification.name" value="Java Virtual Machine Specification" />
    <property name="env.TRAVIS_TEST_RESULT" value="0" />
    <property name="jsdoc.command" value="node_modules/@terraswarm/jsdoc/jsdoc.js" />
    <property name="npm.works" value="true" />
    <property name="cobertura.dir" value="/home/travis/build/icyphy/ptII/vendors/cobertura-2.0.3" />
    <property name="env.rvm_path" value="/home/travis/.rvm" />
    <property name="env.GEM_PATH" value="/home/travis/.rvm/gems/ruby-2.4.1:/home/travis/.rvm/gems/ruby-2.4.1@global" />
    <property name="env.LC_CTYPE" value="en_US.UTF-8" />
    <property name="java.awt.printerjob" value="sun.print.PSPrinterJob" />
    <property name="env.TRAVIS_CMD" value="$PTII/bin/ptIITravisBuild.sh $SECONDS" />
    <property name="env.TRAVIS_STACK_NAME" value="garnet" />
    <property name="env.TRAVIS_TIMER_START_TIME" value="1550292487099070651" />
    <property name="ant.version" value="Apache Ant(TM) version 1.10.1 compiled on February 2 2017" />
    <property name="ptII.reports" value="/home/travis/build/icyphy/ptII/reports" />
    <property name="env.TRAVIS_STACK_TIMESTAMP" value="2017-12-05 19:33:09 UTC" />
    <property name="ant.file.type.ptII" value="file" />
    <property name="env.RBENV_SHELL" value="bash" />
    <property name="os.name" value="Linux" />
    <property name="java.specification.vendor" value="Oracle Corporation" />
    <property name="env.rvm_version" value="1.29.3 (latest)" />
    <property name="env.TRAVIS_INFRA" value="gce" />
    <property name="env.TERM" value="xterm" />
    <property name="java.vm.name" value="Java HotSpot(TM) 64-Bit Server VM" />
    <property name="env.TRAVIS_BUILD_NUMBER" value="1004" />
    <property name="env.CI" value="true" />
    <property name="java.library.path" value="/home/travis/pthla/certi-tools/lib:/usr/lib/jni:/usr/local/share/OpenCV/java/:/usr/share/OpenCV/java::/usr/java/packages/lib/amd64:/usr/lib64:/lib64:/lib:/usr/lib" />
    <property name="env.rvm_prefix" value="/home/travis" />
    <property name="env.PATH" value="/home/travis/pthla/certi-tools/share/scripts:/home/travis/.rvm/gems/ruby-2.4.1/bin:/home/travis/.rvm/gems/ruby-2.4.1@global/bin:/home/travis/.rvm/rubies/ruby-2.4.1/bin:/home/travis/.rvm/bin:/home/travis/.nvm/versions/node/v7.10.1/bin:./node_modules/.bin:/home/travis/build/icyphy/ptII/bin:/home/travis/pthla/certi-tools/bin:/home/travis/bin:/home/travis/.local/bin:/opt/pyenv/shims:/home/travis/.phpenv/shims:/home/travis/perl5/perlbrew/bin:/home/travis/.kiex/elixirs/elixir-1.4.5/bin:/home/travis/.kiex/bin:/home/travis/gopath/bin:/home/travis/.gimme/versions/go1.7.4.linux.amd64/bin:/usr/local/phantomjs/bin:/usr/local/phantomjs:/usr/local/neo4j-3.2.7/bin:/usr/local/maven-3.5.2/bin:/usr/local/cmake-3.9.2/bin:/usr/local/clang-5.0.0/bin:/usr/local/sbin:/usr/local/bin:/usr/sbin:/usr/bin:/sbin:/bin:/home/travis/.phpenv/bin:/opt/pyenv/bin:/home/travis/.yarn/bin" />
    <property name="env.TRAVIS_OS_NAME" value="linux" />
    <property name="ant.java.version" value="1.8" />
    <property name="basedir" value="/home/travis/build/icyphy/ptII" />
    <property name="java.class.version" value="52.0" />
    <property name="env.SHLVL" value="3" />
    <property name="env.LD_LIBRARY_PATH" value="/home/travis/pthla/certi-tools/lib:/usr/lib/jni:/usr/local/share/OpenCV/java/:/usr/share/OpenCV/java:" />
    <property name="env.RACK_ENV" value="test" />
    <property name="ant.home" value="/home/travis/build/icyphy/ptII/ant" />
    <property name="env.PERLBREW_BASHRC_VERSION" value="0.80" />
    <property name="env.NVM_DIR" value="/home/travis/.nvm" />
    <property name="env.TRAVIS_BUILD_ID" value="494099843" />
    <property name="env.CERTI_FOM_PATH" value="/home/travis/pthla/certi-tools/share/federations" />
    <property name="env.PYENV_ROOT" value="/opt/pyenv" />
    <property name="env.TRAVIS_UID" value="2000" />
    <property name="env.rvm_pretty_print_flag" value="auto" />
    <property name="env.NVM_BIN" value="/home/travis/.nvm/versions/node/v7.10.1/bin" />
    <property name="env.TRAVIS_COMMIT" value="0e2f04a14549c9890de2b35e2e07ac857c7de90b" />
    <property name="env._system_arch" value="x86_64" />
    <property name="node.executable" value="node" />
    <property name="sun.boot.library.path" value="/usr/lib/jvm/java-8-oracle/jre/lib/amd64" />
    <property name="sun.management.compiler" value="HotSpot 64-Bit Tiered Compilers" />
    <property name="env.GOPATH" value="/home/travis/gopath" />
    <property name="java.awt.graphicsenv" value="sun.awt.X11GraphicsEnvironment" />
    <property name="ptolemy.ptII.dir" value="/home/travis/build/icyphy/ptII" />
    <property name="env.USER" value="travis" />
    <property name="env.HISTFILESIZE" value="2000" />
    <property name="timeout.longest" value="19000000" />
    <property name="env.TRAVIS_STACK_FEATURES" value="basic cassandra chromium couchdb disabled-ipv6 docker docker-compose elasticsearch firefox go-toolchain google-chrome jdk memcached mongodb mysql neo4j nodejs_interpreter perl_interpreter perlbrew phantomjs postgresql python_interpreter rabbitmq redis riak ruby_interpreter sqlite xserver" />
    <property name="env.TRAVIS_PULL_REQUEST" value="false" />
    <property name="env.PYENV_SHELL" value="bash" />
    <property name="ant.project.name" value="ptII" />
    <property name="java.vm.specification.version" value="1.8" />
    <property name="env.ANSI_RESET" value="\033[0m" />
    <property name="env.TRAVIS_DIST" value="trusty" />
    <property name="env.CERTI_VERSION" value="4.0.0" />
    <property name="env.NLSPATH" value="/usr/dt/lib/nls/msg/%L/%N.cat" />
    <property name="awt.toolkit" value="sun.awt.X11.XToolkit" />
    <property name="env.CERTI_HOST" value="localhost" />
    <property name="env.MY_RUBY_HOME" value="/home/travis/.rvm/rubies/ruby-2.4.1" />
    <property name="sun.cpu.isalist" value="" />
    <property name="env.TRAVIS_TMPDIR" value="/tmp/tmp.dpiMD6sOUB" />
    <property name="java.ext.dirs" value="/usr/lib/jvm/java-8-oracle/jre/lib/ext:/usr/java/packages/lib/ext" />
    <property name="os.version" value="4.4.0-101-generic" />
    <property name="user.home" value="/home/travis" />
    <property name="env.MIX_ARCHIVES" value="/home/travis/.kiex/mix/elixir-1.4.5" />
    <property name="java.vm.vendor" value="Oracle Corporation" />
    <property name="env.TRAVIS_TAG" value="nightly" />
    <property name="env.ANSI_YELLOW" value="\033[33;1m" />
    <property name="env.TRAVIS_FILTERED" value="redirect_io" />
    <property name="env.ANSI_GREEN" value="\033[32;1m" />
    <property name="env.JAVA_HOME" value="/usr/lib/jvm/java-8-oracle" />
    <property name="env.PTII" value="/home/travis/build/icyphy/ptII" />
    <property name="javadoc.excludepackagenames" value="adm.cvs2svn.*,build.*,config.*,doc.coding.templates.*,jni.test.jni.meaningOfLife.*,jni.test.jni.testDeux.*,jni.test.jni.testTrois.*,org.terraswarm.accessor.accessors.web.node_modules.*,org.terraswarm.accessor.accessors.web.hosts.cordova.demo.*,org.terraswarm.accessor.accessors.web.hosts.cordova.plugins.*,org.terraswarm.accessor.accessors-svn.*,pt-modules.*,ptolemy.apps.agilent.*,ptolemy.apps.anytimecontrol.*,ptolemy.apps.apes.*,ptolemy.apps.charon.*,ptolemy.apps.crazyboard.*,ptolemy.apps.eclipse.*,ptolemy.apps.etherealSting.*,ptolemy.apps.fullscreen.*,ptolemy.apps.giotto.*,ptolemy.apps.ia.*,ptolemy.apps.interfaces.*,ptolemy.apps.jmf.*,ptolemy.apps.kurt.*,ptolemy.apps.kvm.*,ptolemy.apps.lego.*,ptolemy.apps.lejos.*,ptolemy.apps.midp.*,ptolemy.apps.mobileCoding.*,ptolemy.apps.pendulum.*,ptolemy.apps.rijndael.*,ptolemy.apps.robot.*,ptolemy.apps.security.*,ptolemy.apps.sobel.*,ptolemy.apps.soot.*,ptolemy.apps.throttle.*,ptolemy.apps.tini.*,ptolemy.apps.transmission.*,ptolemy.apps.vergil.*,ptolemy.apps.waba.*,ptolemy.apps.websensor.*,ptolemy.apps.webstart.*,ptolemy.apps.xsl.*,ptolemy.apps.zaurus.*,ptolemy.codegen.c.actor.lib.oldJavaFiles.*,ptolemy.codegen.dsp.lib.*,ptolemy.codegen.kernel.newInterfaces.*,ptolemy.codegen.lib.*,ptolemy.copernicus.kernel.fragment.*,ptolemy.copernicus.shallow.cg.*,ptolemy.domains.giotto.demo.Hierarchy.Hierarchy.*,ptolemy.domains.giotto.demo.Multimode.Multimode.*,ptolemy.domains.giotto.demo.Simple.Simple.*,ptolemy.domains.gr.lib.experimental.*,ptolemy.domains.gro.*,ptolemy.domains.pdf.*,ptolemy.domains.ptinyos.demo.Surge.output.*,ptolemy.moml.test.NoPackageActor.java*,ptolemy.plot.adm.*,ptolemy.plot.servlet.*,reports.*,signed.*,src.*,target.*,vendors.*,ptolemy.apps.eclipse.awt.*,ptolemy.backtrack.*,ptolemy.backtrack.ast.*,ptolemy.cg.adapter.generic.program.procedural.c.mbed*,ptolemy.homer.*,org.ptolemy.scala.*,diva.util.java2d.svg.*,ptolemy.domains.ptinyos.*,ptolemy.actor.lib.fmi.fmipp.*,,org.terraswarm.accessor.accessors.web.node_modules.*,org.terraswarm.accessor.accessors-svn,ptolemy.apps.*,ptolemy.actor.ptalon.demo.ptinyos.SendAndReceiveCnt.output,ptolemy.actor.ptalon.demo.ptinyos.SenseToLeds.output,ptolemy.domains.ptinyos.demo.CntToLedsAndRfm.output,ptolemy.domains.ptinyos.demo.RfmToLeds.output,ptolemy.domains.ptinyos.demo.SendAndReceiveCnt.output,ptolemy.domains.ptinyos.demo.SenseToLeds.output,ptolemy.actor.lib.jjs.modules.udpSocket.*" />
    <property name="env.TRAVIS_COMMIT_MESSAGE" value="Minor tuning of docs and code" />
    <property name="keystore" value="ptKeystore" />
    <property name="env.XDG_SESSION_ID" value="2" />
    <property name="junit.output.dir" value="/home/travis/build/icyphy/ptII/reports/junit" />
    <property name="npm.return.code" value="0" />
    <property name="user.dir" value="/home/travis/build/icyphy/ptII/ptolemy/actor/lib/test" />
    <property name="env.TRAVIS_NODE_VERSION" value="7" />
    <property name="env.XFILESEARCHPATH" value="/usr/dt/app-defaults/%L/Dt" />
    <property name="env.TRAVIS_EVENT_TYPE" value="push" />
    <property name="env.MAIL" value="/var/mail/travis" />
    <property name="env.PWD" value="/home/travis/build/icyphy/ptII" />
    <property name="env.PERLBREW_ROOT" value="/home/travis/perl5/perlbrew" />
    <property name="timeout.npm" value="45000" />
    <property name="env.TRAVIS_ARCH" value="amd64" />
    <property name="env.PAGER" value="cat" />
    <property name="sun.cpu.endian" value="little" />
    <property name="env.TRAVIS_BUILD_STAGE_NAME" value="Test" />
    <property name="env.PERLBREW_HOME" value="/home/travis/.perlbrew" />
    <property name="env.RAILS_ENV" value="test" />
    <property name="java.vm.version" value="25.151-b12" />
    <property name="java.class.path" value="/home/travis/.ptolemyII:/home/travis/.ptolemyII/*:/home/travis/build/icyphy/ptII:/home/travis/build/icyphy/ptII/lib/bsh-2.0b4.jar:/home/travis/build/icyphy/ptII/lib/ptCal.jar:/home/travis/build/icyphy/ptII/lib/java_cup.jar:/home/travis/build/icyphy/ptII/lib/saxon8.jar:/home/travis/build/icyphy/ptII/lib/saxon8-dom.jar:/home/travis/build/icyphy/ptII/lib/chic.jar:/home/travis/build/icyphy/ptII/lib/ptcolt.jar:/usr/lib/jvm/java-8-oracle/lib/tools.jar:/home/travis/build/icyphy/ptII/vendors/misc/itext/iText.jar:/home/travis/build/icyphy/ptII/lib/g4ltl.jar:/home/travis/build/icyphy/ptII/lib/StructuralCoder.jar:/home/travis/build/icyphy/ptII/vendors/jai-1_1_2_01/lib/jai_core.jar:/home/travis/build/icyphy/ptII/vendors/jai-1_1_2_01/lib/jai_codec.jar:/home/travis/build/icyphy/ptII/lib/jcerti.jar:/home/travis/build/icyphy/ptII/lib/javax.mail.jar:/home/travis/build/icyphy/ptII/vendors/JMF-2.1.1e/lib/jmf.jar:/home/travis/build/icyphy/ptII/lib/jna-4.0.0-variadic.jar:/home/travis/build/icyphy/ptII/vendors/misc/joystick/Joystick.jar:/home/travis/build/icyphy/ptII/lib/ptjacl.jar:/home/travis/build/icyphy/ptII/lib/jsoup-1.8.2.jar:/home/travis/build/icyphy/ptII/lib/junit-4.8.2.jar:/home/travis/build/icyphy/ptII/lib/JUnitParams-0.4.0.jar:/home/travis/build/icyphy/ptII/ptolemy/actor/lib/excel/jxl.jar:/home/travis/build/icyphy/ptII/lib/jython.jar:/home/travis/build/icyphy/ptII/lib/kieler.jar:/home/travis/build/icyphy/ptII/vendors/opencv/share/OpenCV/java/opencv-341.jar:/home/travis/build/icyphy/ptII/lib/oscP5.jar:/home/travis/build/icyphy/ptII/lib/nrjavaserial-3.11.0.devel.jar:/home/travis/build/icyphy/ptII/vendors/j3d/lib/j3dcore.jar:/home/travis/build/icyphy/ptII/vendors/j3d/lib/j3dutils.jar:/home/travis/build/icyphy/ptII/vendors/j3d/lib/vecmath.jar:/home/travis/build/icyphy/ptII/ptolemy/distributed/jini/jar/jini-core.jar:/home/travis/build/icyphy/ptII/ptolemy/distributed/jini/jar/jini-ext.jar:/home/travis/build/icyphy/ptII/ptolemy/distributed/jini/jar/sun-util.jar:/home/travis/build/icyphy/ptII/lib/protobuf-java-2.4.1.jar:/home/travis/build/icyphy/ptII/lib/org.eclipse.paho.client.mqttv3.jar:/home/travis/build/icyphy/ptII/lib/mapss.jar:/home/travis/build/icyphy/ptII/ptolemy/actor/ptalon/antlr/antlr.jar:/home/travis/build/icyphy/ptII/lib/JRI.jar:/home/travis/build/icyphy/ptII/lib/commons-lang-2.6.jar:/home/travis/build/icyphy/ptII/lib/commons-logging-1.1.1.jar:/home/travis/build/icyphy/ptII/lib/sootclasses.jar:/home/travis/build/icyphy/ptII/ptolemy/actor/lib/database/mysql-connector-java-5.1.6-bin.jar:/home/travis/build/icyphy/ptII/vendors/misc/sphinx4/sphinx4-data-5prealpha.jar:/home/travis/build/icyphy/ptII/vendors/misc/sphinx4/sphinx4-core-5prealpha.jar:/home/travis/build/icyphy/ptII/lib/PDFRenderer.jar:/home/travis/build/icyphy/ptII/lib/svgSalamander.jar:/home/travis/build/icyphy/ptII/lib/rsyntaxtextarea-2.6.0-SNAPSHOT.jar:/home/travis/build/icyphy/ptII/lib/hazelcast-3.8.2.jar:/home/travis/build/icyphy/ptII/lib/jackson-annotations-2.9.0.jar:/home/travis/build/icyphy/ptII/lib/jackson-core-2.9.3.jar:/home/travis/build/icyphy/ptII/lib/jackson-databind-2.9.3.jar:/home/travis/build/icyphy/ptII/lib/netty-buffer-4.1.19.Final.jar:/home/travis/build/icyphy/ptII/lib/netty-codec-4.1.19.Final.jar:/home/travis/build/icyphy/ptII/lib/netty-codec-dns-4.1.19.Final.jar:/home/travis/build/icyphy/ptII/lib/netty-codec-http-4.1.19.Final.jar:/home/travis/build/icyphy/ptII/lib/netty-codec-http2-4.1.19.Final.jar:/home/travis/build/icyphy/ptII/lib/netty-common-4.1.19.Final.jar:/home/travis/build/icyphy/ptII/lib/netty-handler-4.1.19.Final.jar:/home/travis/build/icyphy/ptII/lib/netty-resolver-4.1.19.Final.jar:/home/travis/build/icyphy/ptII/lib/netty-resolver-dns-4.1.19.Final.jar:/home/travis/build/icyphy/ptII/lib/netty-transport-4.1.19.Final.jar:/home/travis/build/icyphy/ptII/lib/vertx-codegen-3.5.1.jar:/home/travis/build/icyphy/ptII/lib/vertx-core-3.5.2-SNAPSHOT.jar:/home/travis/build/icyphy/ptII/lib/vertx-hazelcast-3.5.1.jar:/home/travis/build/icyphy/ptII/lib/vertx-lang-js-3.5.1.jar:/home/travis/build/icyphy/ptII/lib/vertx-service-proxy-3.5.1.jar:/home/travis/build/icyphy/ptII/lib/vertx-web-3.5.1.jar:/home/travis/build/icyphy/ptII/lib/slf4j-api-1.7.13.jar:/home/travis/build/icyphy/ptII/lib/slf4j-simple-1.7.13.jar:/home/travis/build/icyphy/ptII/lib/webcam-capture-0.3.12.jar:/home/travis/build/icyphy/ptII/lib/bridj-0.7.0.jar:/home/travis/build/icyphy/ptII/lib/xbjlib-1.1.0.nrjavaserial.jar:/home/travis/build/icyphy/ptII/ptolemy/moml/test:/home/travis/build/icyphy/ptII/ant/lib/ant-launcher.jar:/home/travis/build/icyphy/ptII/ant/lib/ant.jar:/home/travis/build/icyphy/ptII/ant/lib/ant-junit.jar:/home/travis/build/icyphy/ptII/ant/lib/ant-junit4.jar" />
    <property name="ant.library.dir" value="/home/travis/build/icyphy/ptII/ant/lib" />
    <property name="os.arch" value="amd64" />
    <property name="env.TRAVIS_LANGUAGE" value="node_js" />
    <property name="env.CONTINUOUS_INTEGRATION" value="true" />
    <property name="env.TRAVIS_STACK_LANGUAGES" value="__garnet__ c c++ clojure cplusplus cpp default go groovy java node_js php pure_java python ruby scala" />
    <property name="test.name" value="ptolemy.actor.lib.test.junit.JUnitTclTest" />
    <property name="sun.java.launcher" value="SUN_STANDARD" />
    <property name="env.PYTHON_CONFIGURE_OPTS" value="--enable-unicode=ucs4 --with-wide-unicode --enable-shared --enable-ipv6 --enable-loadable-sqlite-extensions --with-computed-gotos" />
    <property name="ant.core.lib" value="/home/travis/build/icyphy/ptII/ant/lib/ant.jar" />
    <property name="java.vm.specification.vendor" value="Oracle Corporation" />
    <property name="env.BCVTB_HOME" value="/home/travis/build/icyphy/ptII/lbnl" />
    <property name="file.separator" value="/" />
    <property name="spotbugs.home" value="/home/travis/build/icyphy/ptII/vendors/spotbugs-3.1.1" />
    <property name="java.runtime.version" value="1.8.0_151-b12" />
    <property name="sun.boot.class.path" value="/usr/lib/jvm/java-8-oracle/jre/lib/resources.jar:/usr/lib/jvm/java-8-oracle/jre/lib/rt.jar:/usr/lib/jvm/java-8-oracle/jre/lib/sunrsasign.jar:/usr/lib/jvm/java-8-oracle/jre/lib/jsse.jar:/usr/lib/jvm/java-8-oracle/jre/lib/jce.jar:/usr/lib/jvm/java-8-oracle/jre/lib/charsets.jar:/usr/lib/jvm/java-8-oracle/jre/lib/jfr.jar:/usr/lib/jvm/java-8-oracle/jre/classes" />
    <property name="env.ANSI_CLEAR" value="\033[0K" />
    <property name="env.HAS_JOSH_K_SEAL_OF_APPROVAL" value="true" />
    <property name="env.XDG_RUNTIME_DIR" value="/run/user/2000" />
    <property name="env.TRAVIS_OSX_IMAGE" value="" />
    <property name="env.TRAVIS_BRANCH" value="master" />
    <property name="env.TRAVIS_JOB_ID" value="494099851" />
    <property name="user.country" value="US" />
    <property name="env.CERTI_HOME_TRAVIS" value="/home/travis/pthla/certi-tools" />
    <property name="env.SHELL" value="/bin/bash" />
    <property name="java.maxmemory.large" value="5000m" />
    <property name="model" value="" />
    <property name="env.CASHER_DIR" value="/home/travis/.casher" />
    <property name="env.NVM_CD_FLAGS" value="" />
    <property name="jshint.executable" value="/home/travis/node_modules/jshint/bin/jshint" />
    <property name="java.vendor" value="Oracle Corporation" />
    <property name="env.JRUBY_OPTS" value=" --client -J-XX:+TieredCompilation -J-XX:TieredStopAtLevel=1 -J-Xss2m -Xcompile.invokedynamic=false" />
    <property name="env.TRAVIS_PRE_CHEF_BOOTSTRAP_TIME" value="2017-12-05T19:32:55" />
    <property name="env.TRAVIS_STACK_JOB_BOARD_REGISTER" value="/.job-board-register.yml" />
    <property name="env.ELIXIR_VERSION" value="1.4.5" />
    <property name="env.ANSI_RED" value="\033[31;1m" />
    <property name="java.specification.version" value="1.8" />
    <property name="env.TRAVIS" value="true" />
    <property name="env.IRBRC" value="/home/travis/.rvm/rubies/ruby-2.4.1/.irbrc" />
    <property name="sun.arch.data.model" value="64" />
  </properties>
  <testcase classname="ptolemy.util.test.junit.TclTests" name="[0] /home/travis/build/icyphy/ptII/ptolemy/actor/lib/test/AbsoluteValue.tcl (RunTclFile)" time="0.449" />
  <testcase classname="ptolemy.util.test.junit.TclTests" name="[1] /home/travis/build/icyphy/ptII/ptolemy/actor/lib/test/AddSubtract.tcl (RunTclFile)" time="0.09" />
  <testcase classname="ptolemy.util.test.junit.TclTests" name="[2] /home/travis/build/icyphy/ptII/ptolemy/actor/lib/test/Average.tcl (RunTclFile)" time="0.062" />
  <testcase classname="ptolemy.util.test.junit.TclTests" name="[3] /home/travis/build/icyphy/ptII/ptolemy/actor/lib/test/Bernoulli.tcl (RunTclFile)" time="0.033" />
  <testcase classname="ptolemy.util.test.junit.TclTests" name="[4] /home/travis/build/icyphy/ptII/ptolemy/actor/lib/test/Clock.tcl (RunTclFile)" time="0.096" />
  <testcase classname="ptolemy.util.test.junit.TclTests" name="[5] /home/travis/build/icyphy/ptII/ptolemy/actor/lib/test/Commutator.tcl (RunTclFile)" time="0.131" />
  <testcase classname="ptolemy.util.test.junit.TclTests" name="[6] /home/travis/build/icyphy/ptII/ptolemy/actor/lib/test/Const.tcl (RunTclFile)" time="0.143" />
  <testcase classname="ptolemy.util.test.junit.TclTests" name="[7] /home/travis/build/icyphy/ptII/ptolemy/actor/lib/test/CurrentTime.tcl (RunTclFile)" time="0.045" />
  <testcase classname="ptolemy.util.test.junit.TclTests" name="[8] /home/travis/build/icyphy/ptII/ptolemy/actor/lib/test/DB.tcl (RunTclFile)" time="0.021" />
  <testcase classname="ptolemy.util.test.junit.TclTests" name="[9] /home/travis/build/icyphy/ptII/ptolemy/actor/lib/test/DiscreteRandomSource.tcl (RunTclFile)" time="0.041" />
  <testcase classname="ptolemy.util.test.junit.TclTests" name="[10] /home/travis/build/icyphy/ptII/ptolemy/actor/lib/test/Distributor.tcl (RunTclFile)" time="0.039" />
  <testcase classname="ptolemy.util.test.junit.TclTests" name="[11] /home/travis/build/icyphy/ptII/ptolemy/actor/lib/test/Exit.tcl (RunTclFile)" time="0.058" />
  <testcase classname="ptolemy.util.test.junit.TclTests" name="[12] /home/travis/build/icyphy/ptII/ptolemy/actor/lib/test/Expression.tcl (RunTclFile)" time="0.109" />
  <testcase classname="ptolemy.util.test.junit.TclTests" name="[13] /home/travis/build/icyphy/ptII/ptolemy/actor/lib/test/Gaussian.tcl (RunTclFile)" time="0.188" />
  <testcase classname="ptolemy.util.test.junit.TclTests" name="[14] /home/travis/build/icyphy/ptII/ptolemy/actor/lib/test/IIR.tcl (RunTclFile)" time="0.038" />
  <testcase classname="ptolemy.util.test.junit.TclTests" name="[15] /home/travis/build/icyphy/ptII/ptolemy/actor/lib/test/Interpolator.tcl (RunTclFile)" time="0.092" />
  <testcase classname="ptolemy.util.test.junit.TclTests" name="[16] /home/travis/build/icyphy/ptII/ptolemy/actor/lib/test/MathFunction.tcl (RunTclFile)" time="0.055" />
  <testcase classname="ptolemy.util.test.junit.TclTests" name="[17] /home/travis/build/icyphy/ptII/ptolemy/actor/lib/test/Maximum.tcl (RunTclFile)" time="0.042" />
  <testcase classname="ptolemy.util.test.junit.TclTests" name="[18] /home/travis/build/icyphy/ptII/ptolemy/actor/lib/test/Minimum.tcl (RunTclFile)" time="0.033" />
  <testcase classname="ptolemy.util.test.junit.TclTests" name="[19] /home/travis/build/icyphy/ptII/ptolemy/actor/lib/test/MultiplyDivide.tcl (RunTclFile)" time="0.043" />
  <testcase classname="ptolemy.util.test.junit.TclTests" name="[20] /home/travis/build/icyphy/ptII/ptolemy/actor/lib/test/OrderedMerge.tcl (RunTclFile)" time="0.089" />
  <testcase classname="ptolemy.util.test.junit.TclTests" name="[21] /home/travis/build/icyphy/ptII/ptolemy/actor/lib/test/Publisher.tcl (RunTclFile)" time="0.587" />
  <testcase classname="ptolemy.util.test.junit.TclTests" name="[22] /home/travis/build/icyphy/ptII/ptolemy/actor/lib/test/Pulse.tcl (RunTclFile)" time="0.035" />
  <testcase classname="ptolemy.util.test.junit.TclTests" name="[23] /home/travis/build/icyphy/ptII/ptolemy/actor/lib/test/Ramp.tcl (RunTclFile)" time="1.974" />
  <testcase classname="ptolemy.util.test.junit.TclTests" name="[24] /home/travis/build/icyphy/ptII/ptolemy/actor/lib/test/RampContinuous.tcl (RunTclFile)" time="0.019" />
  <testcase classname="ptolemy.util.test.junit.TclTests" name="[25] /home/travis/build/icyphy/ptII/ptolemy/actor/lib/test/RecordAssembler.tcl (RunTclFile)" time="0.02" />
  <testcase classname="ptolemy.util.test.junit.TclTests" name="[26] /home/travis/build/icyphy/ptII/ptolemy/actor/lib/test/RecordDisassembler.tcl (RunTclFile)" time="0.022" />
  <testcase classname="ptolemy.util.test.junit.TclTests" name="[27] /home/travis/build/icyphy/ptII/ptolemy/actor/lib/test/Scale.tcl (RunTclFile)" time="0.031" />
  <testcase classname="ptolemy.util.test.junit.TclTests" name="[28] /home/travis/build/icyphy/ptII/ptolemy/actor/lib/test/SequentialClock.tcl (RunTclFile)" time="0.024" />
  <testcase classname="ptolemy.util.test.junit.TclTests" name="[29] /home/travis/build/icyphy/ptII/ptolemy/actor/lib/test/SetVariable.tcl (RunTclFile)" time="0.015" />
  <testcase classname="ptolemy.util.test.junit.TclTests" name="[30] /home/travis/build/icyphy/ptII/ptolemy/actor/lib/test/Sinewave.tcl (RunTclFile)" time="0.059" />
  <testcase classname="ptolemy.util.test.junit.TclTests" name="[31] /home/travis/build/icyphy/ptII/ptolemy/actor/lib/test/SubscriptionAggregator.tcl (RunTclFile)" time="1.97" />
  <testcase classname="ptolemy.util.test.junit.TclTests" name="[32] /home/travis/build/icyphy/ptII/ptolemy/actor/lib/test/Test.tcl (RunTclFile)" time="0.102" />
  <testcase classname="ptolemy.util.test.junit.TclTests" name="[33] /home/travis/build/icyphy/ptII/ptolemy/actor/lib/test/TestExceptionHandler.tcl (RunTclFile)" time="0.013" />
  <testcase classname="ptolemy.util.test.junit.TclTests" name="[34] /home/travis/build/icyphy/ptII/ptolemy/actor/lib/test/UnionDisassembler.tcl (RunTclFile)" time="0.065" />
  <testcase classname="ptolemy.util.test.junit.TclTests" name="[35] /home/travis/build/icyphy/ptII/ptolemy/actor/lib/test/VariableClock.tcl (RunTclFile)" time="0.02" />
  <testcase classname="ptolemy.util.test.junit.AutoKnownFailedTests" name="[0] /home/travis/build/icyphy/ptII/ptolemy/actor/lib/test/auto/knownFailedTests/PublisherPortToplevelSubscriber.xml (RunModel)" time="0.015" />
  <testcase classname="ptolemy.util.test.junit.AutoKnownFailedTests" name="[1] /home/travis/build/icyphy/ptII/ptolemy/actor/lib/test/auto/knownFailedTests/PublisherSubscriberPortToplevel.xml (RunModel)" time="0.024" />
  <testcase classname="ptolemy.util.test.junit.AutoKnownFailedTests" name="[2] /home/travis/build/icyphy/ptII/ptolemy/actor/lib/test/auto/knownFailedTests/PublisherSubscriptionAggregatorPort.xml (RunModel)" time="0.027" />
  <testcase classname="ptolemy.util.test.junit.AutoKnownFailedTests" name="[3] /home/travis/build/icyphy/ptII/ptolemy/actor/lib/test/auto/knownFailedTests/sizedarray3.xml (RunModel)" time="0.027" />
  <testcase classname="ptolemy.util.test.junit.AutoNameArchTests" name="[0] ThereAreNoAutoArchTests (RunModel)" time="0.003" />
  <testcase classname="ptolemy.util.test.junit.AutoTests" name="[0] /home/travis/build/icyphy/ptII/ptolemy/actor/lib/test/auto/AbsoluteValue.xml (RunModel)" time="0.117" />
  <testcase classname="ptolemy.util.test.junit.AutoTests" name="[1] /home/travis/build/icyphy/ptII/ptolemy/actor/lib/test/auto/AbsoluteValue2.xml (RunModel)" time="0.062" />
  <testcase classname="ptolemy.util.test.junit.AutoTests" name="[2] /home/travis/build/icyphy/ptII/ptolemy/actor/lib/test/auto/Accumulator.xml (RunModel)" time="0.07" />
  <testcase classname="ptolemy.util.test.junit.AutoTests" name="[3] /home/travis/build/icyphy/ptII/ptolemy/actor/lib/test/auto/Accumulator2.xml (RunModel)" time="0.05" />
  <testcase classname="ptolemy.util.test.junit.AutoTests" name="[4] /home/travis/build/icyphy/ptII/ptolemy/actor/lib/test/auto/Accumulator3.xml (RunModel)" time="0.042" />
  <testcase classname="ptolemy.util.test.junit.AutoTests" name="[5] /home/travis/build/icyphy/ptII/ptolemy/actor/lib/test/auto/ArrayAppend.xml (RunModel)" time="0.035" />
  <testcase classname="ptolemy.util.test.junit.AutoTests" name="[6] /home/travis/build/icyphy/ptII/ptolemy/actor/lib/test/auto/ArrayAppend2.xml (RunModel)" time="0.513" />
  <testcase classname="ptolemy.util.test.junit.AutoTests" name="[7] /home/travis/build/icyphy/ptII/ptolemy/actor/lib/test/auto/ArrayAppend3.xml (RunModel)" time="0.037" />
  <testcase classname="ptolemy.util.test.junit.AutoTests" name="[8] /home/travis/build/icyphy/ptII/ptolemy/actor/lib/test/auto/ArrayAppend4.xml (RunModel)" time="0.035" />
  <testcase classname="ptolemy.util.test.junit.AutoTests" name="[9] /home/travis/build/icyphy/ptII/ptolemy/actor/lib/test/auto/ArrayAppend5.xml (RunModel)" time="0.028" />
  <testcase classname="ptolemy.util.test.junit.AutoTests" name="[10] /home/travis/build/icyphy/ptII/ptolemy/actor/lib/test/auto/ArrayAppend6.xml (RunModel)" time="0.028" />
  <testcase classname="ptolemy.util.test.junit.AutoTests" name="[11] /home/travis/build/icyphy/ptII/ptolemy/actor/lib/test/auto/ArrayAppendPerformanceTest.xml (RunModel)" time="0.055" />
  <testcase classname="ptolemy.util.test.junit.AutoTests" name="[12] /home/travis/build/icyphy/ptII/ptolemy/actor/lib/test/auto/ArrayAppendWithEmptyInput.xml (RunModel)" time="0.049" />
  <testcase classname="ptolemy.util.test.junit.AutoTests" name="[13] /home/travis/build/icyphy/ptII/ptolemy/actor/lib/test/auto/ArrayAverage.xml (RunModel)" time="0.059" />
  <testcase classname="ptolemy.util.test.junit.AutoTests" name="[14] /home/travis/build/icyphy/ptII/ptolemy/actor/lib/test/auto/ArrayContains.xml (RunModel)" time="0.035" />
  <testcase classname="ptolemy.util.test.junit.AutoTests" name="[15] /home/travis/build/icyphy/ptII/ptolemy/actor/lib/test/auto/ArrayElement.xml (RunModel)" time="0.036" />
  <testcase classname="ptolemy.util.test.junit.AutoTests" name="[16] /home/travis/build/icyphy/ptII/ptolemy/actor/lib/test/auto/ArrayElementAsMatrix.xml (RunModel)" time="0.048" />
  <testcase classname="ptolemy.util.test.junit.AutoTests" name="[17] /home/travis/build/icyphy/ptII/ptolemy/actor/lib/test/auto/ArrayElementI.xml (RunModel)" time="0.019" />
  <testcase classname="ptolemy.util.test.junit.AutoTests" name="[18] /home/travis/build/icyphy/ptII/ptolemy/actor/lib/test/auto/ArrayExtract.xml (RunModel)" time="0.039" />
  <testcase classname="ptolemy.util.test.junit.AutoTests" name="[19] /home/travis/build/icyphy/ptII/ptolemy/actor/lib/test/auto/ArrayExtract2.xml (RunModel)" time="0.022" />
  <testcase classname="ptolemy.util.test.junit.AutoTests" name="[20] /home/travis/build/icyphy/ptII/ptolemy/actor/lib/test/auto/ArrayLength.xml (RunModel)" time="0.021" />
  <testcase classname="ptolemy.util.test.junit.AutoTests" name="[21] /home/travis/build/icyphy/ptII/ptolemy/actor/lib/test/auto/ArrayLevelCrossing.xml (RunModel)" time="0.023" />
  <testcase classname="ptolemy.util.test.junit.AutoTests" name="[22] /home/travis/build/icyphy/ptII/ptolemy/actor/lib/test/auto/ArrayLevelCrossing2.xml (RunModel)" time="0.023" />
  <testcase classname="ptolemy.util.test.junit.AutoTests" name="[23] /home/travis/build/icyphy/ptII/ptolemy/actor/lib/test/auto/ArrayPeakSearch.xml (RunModel)" time="0.049" />
  <testcase classname="ptolemy.util.test.junit.AutoTests" name="[24] /home/travis/build/icyphy/ptII/ptolemy/actor/lib/test/auto/ArrayPeakSearch2.xml (RunModel)" time="0.032" />
  <testcase classname="ptolemy.util.test.junit.AutoTests" name="[25] /home/travis/build/icyphy/ptII/ptolemy/actor/lib/test/auto/ArrayPeakSearch3.xml (RunModel)" time="0.033" />
  <testcase classname="ptolemy.util.test.junit.AutoTests" name="[26] /home/travis/build/icyphy/ptII/ptolemy/actor/lib/test/auto/ArrayRemoveElement.xml (RunModel)" time="0.032" />
  <testcase classname="ptolemy.util.test.junit.AutoTests" name="[27] /home/travis/build/icyphy/ptII/ptolemy/actor/lib/test/auto/ArraySort.xml (RunModel)" time="0.038" />
  <testcase classname="ptolemy.util.test.junit.AutoTests" name="[28] /home/travis/build/icyphy/ptII/ptolemy/actor/lib/test/auto/ArraySum.xml (RunModel)" time="0.024" />
  <testcase classname="ptolemy.util.test.junit.AutoTests" name="[29] /home/travis/build/icyphy/ptII/ptolemy/actor/lib/test/auto/ArrayToElements.xml (RunModel)" time="0.026" />
  <testcase classname="ptolemy.util.test.junit.AutoTests" name="[30] /home/travis/build/icyphy/ptII/ptolemy/actor/lib/test/auto/ArrayToMatrix.xml (RunModel)" time="0.06" />
  <testcase classname="ptolemy.util.test.junit.AutoTests" name="[31] /home/travis/build/icyphy/ptII/ptolemy/actor/lib/test/auto/ArrayUpdate1.xml (RunModel)" time="0.032" />
  <testcase classname="ptolemy.util.test.junit.AutoTests" name="[32] /home/travis/build/icyphy/ptII/ptolemy/actor/lib/test/auto/ArrayUpdate2.xml (RunModel)" time="0.019" />
  <testcase classname="ptolemy.util.test.junit.AutoTests" name="[33] /home/travis/build/icyphy/ptII/ptolemy/actor/lib/test/auto/ArrayUpdate3.xml (RunModel)" time="0.015" />
  <testcase classname="ptolemy.util.test.junit.AutoTests" name="[34] /home/travis/build/icyphy/ptII/ptolemy/actor/lib/test/auto/Assert1.xml (RunModel)" time="0.027" />
  <testcase classname="ptolemy.util.test.junit.AutoTests" name="[35] /home/travis/build/icyphy/ptII/ptolemy/actor/lib/test/auto/Assert2.xml (RunModel)" time="0.017" />
  <testcase classname="ptolemy.util.test.junit.AutoTests" name="[36] /home/travis/build/icyphy/ptII/ptolemy/actor/lib/test/auto/BooleanMultiplexor.xml (RunModel)" time="0.016" />
  <testcase classname="ptolemy.util.test.junit.AutoTests" name="[37] /home/travis/build/icyphy/ptII/ptolemy/actor/lib/test/auto/BooleanMultiplexor2.xml (RunModel)" time="0.031" />
  <testcase classname="ptolemy.util.test.junit.AutoTests" name="[38] /home/travis/build/icyphy/ptII/ptolemy/actor/lib/test/auto/BooleanMultiplexor3.xml (RunModel)" time="0.017" />
  <testcase classname="ptolemy.util.test.junit.AutoTests" name="[39] /home/travis/build/icyphy/ptII/ptolemy/actor/lib/test/auto/BooleanSelect.xml (RunModel)" time="0.017" />
  <testcase classname="ptolemy.util.test.junit.AutoTests" name="[40] /home/travis/build/icyphy/ptII/ptolemy/actor/lib/test/auto/BooleanSelect2.xml (RunModel)" time="0.014" />
  <testcase classname="ptolemy.util.test.junit.AutoTests" name="[41] /home/travis/build/icyphy/ptII/ptolemy/actor/lib/test/auto/BooleanSwitch.xml (RunModel)" time="0.016" />
  <testcase classname="ptolemy.util.test.junit.AutoTests" name="[42] /home/travis/build/icyphy/ptII/ptolemy/actor/lib/test/auto/BooleanSwitch2.xml (RunModel)" time="0.012" />
  <testcase classname="ptolemy.util.test.junit.AutoTests" name="[43] /home/travis/build/icyphy/ptII/ptolemy/actor/lib/test/auto/BooleanSwitchCloningBugWithClassRelationGroup.xml (RunModel)" time="0.022" />
  <testcase classname="ptolemy.util.test.junit.AutoTests" name="[44] /home/travis/build/icyphy/ptII/ptolemy/actor/lib/test/auto/BusActors.xml (RunModel)" time="0.034" />
  <testcase classname="ptolemy.util.test.junit.AutoTests" name="[45] /home/travis/build/icyphy/ptII/ptolemy/actor/lib/test/auto/ClassWrapper.xml (RunModel)" time="0.012" />
  <testcase classname="ptolemy.util.test.junit.AutoTests" name="[46] /home/travis/build/icyphy/ptII/ptolemy/actor/lib/test/auto/Clock.xml (RunModel)" time="0.009" />
  <testcase classname="ptolemy.util.test.junit.AutoTests" name="[47] /home/travis/build/icyphy/ptII/ptolemy/actor/lib/test/auto/Clock10.xml (RunModel)" time="0.063" />
  <testcase classname="ptolemy.util.test.junit.AutoTests" name="[48] /home/travis/build/icyphy/ptII/ptolemy/actor/lib/test/auto/Clock11.xml (RunModel)" time="0.022" />
  <testcase classname="ptolemy.util.test.junit.AutoTests" name="[49] /home/travis/build/icyphy/ptII/ptolemy/actor/lib/test/auto/Clock12.xml (RunModel)" time="0.019" />
  <testcase classname="ptolemy.util.test.junit.AutoTests" name="[50] /home/travis/build/icyphy/ptII/ptolemy/actor/lib/test/auto/Clock13.xml (RunModel)" time="0.017" />
  <testcase classname="ptolemy.util.test.junit.AutoTests" name="[51] /home/travis/build/icyphy/ptII/ptolemy/actor/lib/test/auto/Clock14.xml (RunModel)" time="0.017" />
  <testcase classname="ptolemy.util.test.junit.AutoTests" name="[52] /home/travis/build/icyphy/ptII/ptolemy/actor/lib/test/auto/Clock15.xml (RunModel)" time="0.018" />
  <testcase classname="ptolemy.util.test.junit.AutoTests" name="[53] /home/travis/build/icyphy/ptII/ptolemy/actor/lib/test/auto/Clock16.xml (RunModel)" time="0.079" />
  <testcase classname="ptolemy.util.test.junit.AutoTests" name="[54] /home/travis/build/icyphy/ptII/ptolemy/actor/lib/test/auto/Clock17.xml (RunModel)" time="0.073" />
  <testcase classname="ptolemy.util.test.junit.AutoTests" name="[55] /home/travis/build/icyphy/ptII/ptolemy/actor/lib/test/auto/Clock18.xml (RunModel)" time="0.043" />
  <testcase classname="ptolemy.util.test.junit.AutoTests" name="[56] /home/travis/build/icyphy/ptII/ptolemy/actor/lib/test/auto/Clock19.xml (RunModel)" time="0.035" />
  <testcase classname="ptolemy.util.test.junit.AutoTests" name="[57] /home/travis/build/icyphy/ptII/ptolemy/actor/lib/test/auto/Clock2.xml (RunModel)" time="0.019" />
  <testcase classname="ptolemy.util.test.junit.AutoTests" name="[58] /home/travis/build/icyphy/ptII/ptolemy/actor/lib/test/auto/Clock20.xml (RunModel)" time="0.024" />
  <testcase classname="ptolemy.util.test.junit.AutoTests" name="[59] /home/travis/build/icyphy/ptII/ptolemy/actor/lib/test/auto/Clock21.xml (RunModel)" time="0.017" />
  <testcase classname="ptolemy.util.test.junit.AutoTests" name="[60] /home/travis/build/icyphy/ptII/ptolemy/actor/lib/test/auto/Clock22.xml (RunModel)" time="0.012" />
  <testcase classname="ptolemy.util.test.junit.AutoTests" name="[61] /home/travis/build/icyphy/ptII/ptolemy/actor/lib/test/auto/Clock23.xml (RunModel)" time="0.018" />
  <testcase classname="ptolemy.util.test.junit.AutoTests" name="[62] /home/travis/build/icyphy/ptII/ptolemy/actor/lib/test/auto/Clock24.xml (RunModel)" time="0.015" />
  <testcase classname="ptolemy.util.test.junit.AutoTests" name="[63] /home/travis/build/icyphy/ptII/ptolemy/actor/lib/test/auto/Clock4.xml (RunModel)" time="0.013" />
  <testcase classname="ptolemy.util.test.junit.AutoTests" name="[64] /home/travis/build/icyphy/ptII/ptolemy/actor/lib/test/auto/Clock5.xml (RunModel)" time="0.018" />
  <testcase classname="ptolemy.util.test.junit.AutoTests" name="[65] /home/travis/build/icyphy/ptII/ptolemy/actor/lib/test/auto/Clock6.xml (RunModel)" time="0.008" />
  <testcase classname="ptolemy.util.test.junit.AutoTests" name="[66] /home/travis/build/icyphy/ptII/ptolemy/actor/lib/test/auto/Clock7.xml (RunModel)" time="0.01" />
  <testcase classname="ptolemy.util.test.junit.AutoTests" name="[67] /home/travis/build/icyphy/ptII/ptolemy/actor/lib/test/auto/Clock8.xml (RunModel)" time="0.011" />
  <testcase classname="ptolemy.util.test.junit.AutoTests" name="[68] /home/travis/build/icyphy/ptII/ptolemy/actor/lib/test/auto/Clock9.xml (RunModel)" time="0.011" />
  <testcase classname="ptolemy.util.test.junit.AutoTests" name="[69] /home/travis/build/icyphy/ptII/ptolemy/actor/lib/test/auto/CommDistDiscard.xml (RunModel)" time="0.02" />
  <testcase classname="ptolemy.util.test.junit.AutoTests" name="[70] /home/travis/build/icyphy/ptII/ptolemy/actor/lib/test/auto/Commutator.xml (RunModel)" time="0.018" />
  <testcase classname="ptolemy.util.test.junit.AutoTests" name="[71] /home/travis/build/icyphy/ptII/ptolemy/actor/lib/test/auto/Commutator2.xml (RunModel)" time="0.012" />
  <testcase classname="ptolemy.util.test.junit.AutoTests" name="[72] /home/travis/build/icyphy/ptII/ptolemy/actor/lib/test/auto/Commutator3.xml (RunModel)" time="0.011" />
  <testcase classname="ptolemy.util.test.junit.AutoTests" name="[73] /home/travis/build/icyphy/ptII/ptolemy/actor/lib/test/auto/Compare.xml (RunModel)" time="0.02" />
  <testcase classname="ptolemy.util.test.junit.AutoTests" name="[74] /home/travis/build/icyphy/ptII/ptolemy/actor/lib/test/auto/CompareDE.xml (RunModel)" time="0.018" />
  <testcase classname="ptolemy.util.test.junit.AutoTests" name="[75] /home/travis/build/icyphy/ptII/ptolemy/actor/lib/test/auto/ComplexDivide.xml (RunModel)" time="0.017" />
  <testcase classname="ptolemy.util.test.junit.AutoTests" name="[76] /home/travis/build/icyphy/ptII/ptolemy/actor/lib/test/auto/ComputeHistogram.xml (RunModel)" time="0.072" />
  <testcase classname="ptolemy.util.test.junit.AutoTests" name="[77] /home/travis/build/icyphy/ptII/ptolemy/actor/lib/test/auto/ConfigurationSelect.xml (RunModel)" time="0.018" />
  <testcase classname="ptolemy.util.test.junit.AutoTests" name="[78] /home/travis/build/icyphy/ptII/ptolemy/actor/lib/test/auto/ConfigurationSelect2.xml (RunModel)" time="0.014" />
  <testcase classname="ptolemy.util.test.junit.AutoTests" name="[79] /home/travis/build/icyphy/ptII/ptolemy/actor/lib/test/auto/ConfigurationSwitch.xml (RunModel)" time="0.023" />
  <testcase classname="ptolemy.util.test.junit.AutoTests" name="[80] /home/travis/build/icyphy/ptII/ptolemy/actor/lib/test/auto/ConfigurationSwitch2.xml (RunModel)" time="0.019" />
  <testcase classname="ptolemy.util.test.junit.AutoTests" name="[81] /home/travis/build/icyphy/ptII/ptolemy/actor/lib/test/auto/ConfigurationSwitchCloningBugWithClassRelationGroup.xml (RunModel)" time="0.016" />
  <testcase classname="ptolemy.util.test.junit.AutoTests" name="[82] /home/travis/build/icyphy/ptII/ptolemy/actor/lib/test/auto/ConfigurationSwitchSelectSDF.xml (RunModel)" time="0.018" />
  <testcase classname="ptolemy.util.test.junit.AutoTests" name="[83] /home/travis/build/icyphy/ptII/ptolemy/actor/lib/test/auto/ConfigurationSwitchSelectSDF2.xml (RunModel)" time="0.012" />
  <testcase classname="ptolemy.util.test.junit.AutoTests" name="[84] /home/travis/build/icyphy/ptII/ptolemy/actor/lib/test/auto/Const.xml (RunModel)" time="0.008" />
  <testcase classname="ptolemy.util.test.junit.AutoTests" name="[85] /home/travis/build/icyphy/ptII/ptolemy/actor/lib/test/auto/Const2.xml (RunModel)" time="0.01" />
  <testcase classname="ptolemy.util.test.junit.AutoTests" name="[86] /home/travis/build/icyphy/ptII/ptolemy/actor/lib/test/auto/Const3.xml (RunModel)" time="0.007" />
  <testcase classname="ptolemy.util.test.junit.AutoTests" name="[87] /home/travis/build/icyphy/ptII/ptolemy/actor/lib/test/auto/ConstantPublisherPort1.xml (RunModel)" time="0.025" />
  <testcase classname="ptolemy.util.test.junit.AutoTests" name="[88] /home/travis/build/icyphy/ptII/ptolemy/actor/lib/test/auto/ConstantPublisherPort2.xml (RunModel)" time="0.023" />
  <testcase classname="ptolemy.util.test.junit.AutoTests" name="[89] /home/travis/build/icyphy/ptII/ptolemy/actor/lib/test/auto/ConstantPublisherPort3.xml (RunModel)" time="0.021" />
  <testcase classname="ptolemy.util.test.junit.AutoTests" name="[90] /home/travis/build/icyphy/ptII/ptolemy/actor/lib/test/auto/ConstantPublisherPort4.xml (RunModel)" time="0.023" />
  <testcase classname="ptolemy.util.test.junit.AutoTests" name="[91] /home/travis/build/icyphy/ptII/ptolemy/actor/lib/test/auto/ConstantPublisherPort5.xml (RunModel)" time="0.04" />
  <testcase classname="ptolemy.util.test.junit.AutoTests" name="[92] /home/travis/build/icyphy/ptII/ptolemy/actor/lib/test/auto/ConstantPublisherPort6.xml (RunModel)" time="0.031" />
  <testcase classname="ptolemy.util.test.junit.AutoTests" name="[93] /home/travis/build/icyphy/ptII/ptolemy/actor/lib/test/auto/ConstantPublisherPort7.xml (RunModel)" time="0.035" />
  <testcase classname="ptolemy.util.test.junit.AutoTests" name="[94] /home/travis/build/icyphy/ptII/ptolemy/actor/lib/test/auto/ConstraintMonitor1.xml (RunModel)" time="0.034" />
  <testcase classname="ptolemy.util.test.junit.AutoTests" name="[95] /home/travis/build/icyphy/ptII/ptolemy/actor/lib/test/auto/ConstraintMonitor2.xml (RunModel)" time="0.02" />
  <testcase classname="ptolemy.util.test.junit.AutoTests" name="[96] /home/travis/build/icyphy/ptII/ptolemy/actor/lib/test/auto/ConstraintMonitor3.xml (RunModel)" time="0.021" />
  <testcase classname="ptolemy.util.test.junit.AutoTests" name="[97] /home/travis/build/icyphy/ptII/ptolemy/actor/lib/test/auto/ConstraintMonitor4.xml (RunModel)" time="0.012" />
  <testcase classname="ptolemy.util.test.junit.AutoTests" name="[98] /home/travis/build/icyphy/ptII/ptolemy/actor/lib/test/auto/ConstraintMonitor5.xml (RunModel)" time="0.02" />
  <testcase classname="ptolemy.util.test.junit.AutoTests" name="[99] /home/travis/build/icyphy/ptII/ptolemy/actor/lib/test/auto/ConstraintMonitor6.xml (RunModel)" time="0.013" />
  <testcase classname="ptolemy.util.test.junit.AutoTests" name="[100] /home/travis/build/icyphy/ptII/ptolemy/actor/lib/test/auto/ConstraintMonitor7.xml (RunModel)" time="0.019" />
  <testcase classname="ptolemy.util.test.junit.AutoTests" name="[101] /home/travis/build/icyphy/ptII/ptolemy/actor/lib/test/auto/ConstraintMonitor8.xml (RunModel)" time="0.016" />
  <testcase classname="ptolemy.util.test.junit.AutoTests" name="[102] /home/travis/build/icyphy/ptII/ptolemy/actor/lib/test/auto/Counter.xml (RunModel)" time="0.042" />
  <testcase classname="ptolemy.util.test.junit.AutoTests" name="[103] /home/travis/build/icyphy/ptII/ptolemy/actor/lib/test/auto/CurrentTimeSDF.xml (RunModel)" time="0.011" />
  <testcase classname="ptolemy.util.test.junit.AutoTests" name="[104] /home/travis/build/icyphy/ptII/ptolemy/actor/lib/test/auto/DB.xml (RunModel)" time="0.011" />
  <testcase classname="ptolemy.util.test.junit.AutoTests" name="[105] /home/travis/build/icyphy/ptII/ptolemy/actor/lib/test/auto/DBDE.xml (RunModel)" time="0.012" />
  <testcase classname="ptolemy.util.test.junit.AutoTests" name="[106] /home/travis/build/icyphy/ptII/ptolemy/actor/lib/test/auto/DateConstructor.xml (RunModel)" time="0.042" />
  <testcase classname="ptolemy.util.test.junit.AutoTests" name="[107] /home/travis/build/icyphy/ptII/ptolemy/actor/lib/test/auto/DelayTime.xml (RunModel)" time="0.012" />
  <testcase classname="ptolemy.util.test.junit.AutoTests" name="[108] /home/travis/build/icyphy/ptII/ptolemy/actor/lib/test/auto/Dictionary1.xml (RunModel)" time="0.015" />
  <testcase classname="ptolemy.util.test.junit.AutoTests" name="[109] /home/travis/build/icyphy/ptII/ptolemy/actor/lib/test/auto/Dictionary2.xml (RunModel)" time="0.012" />
  <testcase classname="ptolemy.util.test.junit.AutoTests" name="[110] /home/travis/build/icyphy/ptII/ptolemy/actor/lib/test/auto/Dictionary3.xml (RunModel)" time="0.016" />
  <testcase classname="ptolemy.util.test.junit.AutoTests" name="[111] /home/travis/build/icyphy/ptII/ptolemy/actor/lib/test/auto/Dictionary4.xml (RunModel)" time="0.015" />
  <testcase classname="ptolemy.util.test.junit.AutoTests" name="[112] /home/travis/build/icyphy/ptII/ptolemy/actor/lib/test/auto/Differential.xml (RunModel)" time="0.01" />
  <testcase classname="ptolemy.util.test.junit.AutoTests" name="[113] /home/travis/build/icyphy/ptII/ptolemy/actor/lib/test/auto/Director.xml (RunModel)" time="0.009" />
  <testcase classname="ptolemy.util.test.junit.AutoTests" name="[114] /home/travis/build/icyphy/ptII/ptolemy/actor/lib/test/auto/DiscreteClock.xml (RunModel)" time="0.007" />
  <testcase classname="ptolemy.util.test.junit.AutoTests" name="[115] /home/travis/build/icyphy/ptII/ptolemy/actor/lib/test/auto/DiscreteClock10.xml (RunModel)" time="0.011" />
  <testcase classname="ptolemy.util.test.junit.AutoTests" name="[116] /home/travis/build/icyphy/ptII/ptolemy/actor/lib/test/auto/DiscreteClock11.xml (RunModel)" time="0.011" />
  <testcase classname="ptolemy.util.test.junit.AutoTests" name="[117] /home/travis/build/icyphy/ptII/ptolemy/actor/lib/test/auto/DiscreteClock12.xml (RunModel)" time="0.01" />
  <testcase classname="ptolemy.util.test.junit.AutoTests" name="[118] /home/travis/build/icyphy/ptII/ptolemy/actor/lib/test/auto/DiscreteClock13.xml (RunModel)" time="0.02" />
  <testcase classname="ptolemy.util.test.junit.AutoTests" name="[119] /home/travis/build/icyphy/ptII/ptolemy/actor/lib/test/auto/DiscreteClock14.xml (RunModel)" time="0.014" />
  <testcase classname="ptolemy.util.test.junit.AutoTests" name="[120] /home/travis/build/icyphy/ptII/ptolemy/actor/lib/test/auto/DiscreteClock15.xml (RunModel)" time="0.014" />
  <testcase classname="ptolemy.util.test.junit.AutoTests" name="[121] /home/travis/build/icyphy/ptII/ptolemy/actor/lib/test/auto/DiscreteClock16.xml (RunModel)" time="0.034" />
  <testcase classname="ptolemy.util.test.junit.AutoTests" name="[122] /home/travis/build/icyphy/ptII/ptolemy/actor/lib/test/auto/DiscreteClock17.xml (RunModel)" time="0.035" />
  <testcase classname="ptolemy.util.test.junit.AutoTests" name="[123] /home/travis/build/icyphy/ptII/ptolemy/actor/lib/test/auto/DiscreteClock18.xml (RunModel)" time="0.035" />
  <testcase classname="ptolemy.util.test.junit.AutoTests" name="[124] /home/travis/build/icyphy/ptII/ptolemy/actor/lib/test/auto/DiscreteClock19.xml (RunModel)" time="0.035" />
  <testcase classname="ptolemy.util.test.junit.AutoTests" name="[125] /home/travis/build/icyphy/ptII/ptolemy/actor/lib/test/auto/DiscreteClock2.xml (RunModel)" time="0.012" />
  <testcase classname="ptolemy.util.test.junit.AutoTests" name="[126] /home/travis/build/icyphy/ptII/ptolemy/actor/lib/test/auto/DiscreteClock20.xml (RunModel)" time="0.015" />
  <testcase classname="ptolemy.util.test.junit.AutoTests" name="[127] /home/travis/build/icyphy/ptII/ptolemy/actor/lib/test/auto/DiscreteClock21.xml (RunModel)" time="0.019" />
  <testcase classname="ptolemy.util.test.junit.AutoTests" name="[128] /home/travis/build/icyphy/ptII/ptolemy/actor/lib/test/auto/DiscreteClock22.xml (RunModel)" time="0.015" />
  <testcase classname="ptolemy.util.test.junit.AutoTests" name="[129] /home/travis/build/icyphy/ptII/ptolemy/actor/lib/test/auto/DiscreteClock23.xml (RunModel)" time="0.016" />
  <testcase classname="ptolemy.util.test.junit.AutoTests" name="[130] /home/travis/build/icyphy/ptII/ptolemy/actor/lib/test/auto/DiscreteClock24.xml (RunModel)" time="0.012" />
  <testcase classname="ptolemy.util.test.junit.AutoTests" name="[131] /home/travis/build/icyphy/ptII/ptolemy/actor/lib/test/auto/DiscreteClock4.xml (RunModel)" time="0.44" />
  <testcase classname="ptolemy.util.test.junit.AutoTests" name="[132] /home/travis/build/icyphy/ptII/ptolemy/actor/lib/test/auto/DiscreteClock5.xml (RunModel)" time="0.009" />
  <testcase classname="ptolemy.util.test.junit.AutoTests" name="[133] /home/travis/build/icyphy/ptII/ptolemy/actor/lib/test/auto/DiscreteClock6.xml (RunModel)" time="0.007" />
  <testcase classname="ptolemy.util.test.junit.AutoTests" name="[134] /home/travis/build/icyphy/ptII/ptolemy/actor/lib/test/auto/DiscreteClock7.xml (RunModel)" time="0.011" />
  <testcase classname="ptolemy.util.test.junit.AutoTests" name="[135] /home/travis/build/icyphy/ptII/ptolemy/actor/lib/test/auto/DiscreteClock8.xml (RunModel)" time="0.014" />
  <testcase classname="ptolemy.util.test.junit.AutoTests" name="[136] /home/travis/build/icyphy/ptII/ptolemy/actor/lib/test/auto/DiscreteClock9.xml (RunModel)" time="0.014" />
  <testcase classname="ptolemy.util.test.junit.AutoTests" name="[137] /home/travis/build/icyphy/ptII/ptolemy/actor/lib/test/auto/DisplayArray.xml (RunModel)" time="0.009" />
  <testcase classname="ptolemy.util.test.junit.AutoTests" name="[138] /home/travis/build/icyphy/ptII/ptolemy/actor/lib/test/auto/Distributor.xml (RunModel)" time="0.009" />
  <testcase classname="ptolemy.util.test.junit.AutoTests" name="[139] /home/travis/build/icyphy/ptII/ptolemy/actor/lib/test/auto/Distributor2.xml (RunModel)" time="0.009" />
  <testcase classname="ptolemy.util.test.junit.AutoTests" name="[140] /home/travis/build/icyphy/ptII/ptolemy/actor/lib/test/auto/DownSample.xml (RunModel)" time="0.011" />
  <testcase classname="ptolemy.util.test.junit.AutoTests" name="[141] /home/travis/build/icyphy/ptII/ptolemy/actor/lib/test/auto/ElectronicUnitBase1.xml (RunModel)" time="0.062" />
  <testcase classname="ptolemy.util.test.junit.AutoTests" name="[142] /home/travis/build/icyphy/ptII/ptolemy/actor/lib/test/auto/ElementsToArray.xml (RunModel)" time="0.008" />
  <testcase classname="ptolemy.util.test.junit.AutoTests" name="[143] /home/travis/build/icyphy/ptII/ptolemy/actor/lib/test/auto/Equals.xml (RunModel)" time="0.01" />
  <testcase classname="ptolemy.util.test.junit.AutoTests" name="[144] /home/travis/build/icyphy/ptII/ptolemy/actor/lib/test/auto/Exec.xml (RunModel)" time="0.021" />
  <testcase classname="ptolemy.util.test.junit.AutoTests" name="[145] /home/travis/build/icyphy/ptII/ptolemy/actor/lib/test/auto/ExecEnvironment.xml (RunModel)" time="0.033" />
  <testcase classname="ptolemy.util.test.junit.AutoTests" name="[146] /home/travis/build/icyphy/ptII/ptolemy/actor/lib/test/auto/ExecNonZeroReturnOutput.xml (RunModel)" time="0.133" />
  <testcase classname="ptolemy.util.test.junit.AutoTests" name="[147] /home/travis/build/icyphy/ptII/ptolemy/actor/lib/test/auto/ExecRunDemos.xml (RunModel)" time="9.325" />
  <testcase classname="ptolemy.util.test.junit.AutoTests" name="[148] /home/travis/build/icyphy/ptII/ptolemy/actor/lib/test/auto/ExecStop.xml (RunModel)" time="5.026" />
  <testcase classname="ptolemy.util.test.junit.AutoTests" name="[149] /home/travis/build/icyphy/ptII/ptolemy/actor/lib/test/auto/ExecutionTimeSDF.xml (RunModel)" time="6.041" />
  <testcase classname="ptolemy.util.test.junit.AutoTests" name="[150] /home/travis/build/icyphy/ptII/ptolemy/actor/lib/test/auto/Expression1.xml (RunModel)" time="0.021" />
  <testcase classname="ptolemy.util.test.junit.AutoTests" name="[151] /home/travis/build/icyphy/ptII/ptolemy/actor/lib/test/auto/Expression10.xml (RunModel)" time="0.018" />
  <testcase classname="ptolemy.util.test.junit.AutoTests" name="[152] /home/travis/build/icyphy/ptII/ptolemy/actor/lib/test/auto/Expression11.xml (RunModel)" time="0.014" />
  <testcase classname="ptolemy.util.test.junit.AutoTests" name="[153] /home/travis/build/icyphy/ptII/ptolemy/actor/lib/test/auto/Expression12.xml (RunModel)" time="0.015" />
  <testcase classname="ptolemy.util.test.junit.AutoTests" name="[154] /home/travis/build/icyphy/ptII/ptolemy/actor/lib/test/auto/Expression13.xml (RunModel)" time="0.013" />
  <testcase classname="ptolemy.util.test.junit.AutoTests" name="[155] /home/travis/build/icyphy/ptII/ptolemy/actor/lib/test/auto/Expression14.xml (RunModel)" time="0.025" />
  <testcase classname="ptolemy.util.test.junit.AutoTests" name="[156] /home/travis/build/icyphy/ptII/ptolemy/actor/lib/test/auto/Expression15.xml (RunModel)" time="0.008" />
  <testcase classname="ptolemy.util.test.junit.AutoTests" name="[157] /home/travis/build/icyphy/ptII/ptolemy/actor/lib/test/auto/Expression16.xml (RunModel)" time="0.013" />
  <testcase classname="ptolemy.util.test.junit.AutoTests" name="[158] /home/travis/build/icyphy/ptII/ptolemy/actor/lib/test/auto/Expression17.xml (RunModel)" time="0.013" />
  <testcase classname="ptolemy.util.test.junit.AutoTests" name="[159] /home/travis/build/icyphy/ptII/ptolemy/actor/lib/test/auto/Expression18.xml (RunModel)" time="0.014" />
  <testcase classname="ptolemy.util.test.junit.AutoTests" name="[160] /home/travis/build/icyphy/ptII/ptolemy/actor/lib/test/auto/Expression2.xml (RunModel)" time="0.014" />
  <testcase classname="ptolemy.util.test.junit.AutoTests" name="[161] /home/travis/build/icyphy/ptII/ptolemy/actor/lib/test/auto/Expression3.xml (RunModel)" time="0.014" />
  <testcase classname="ptolemy.util.test.junit.AutoTests" name="[162] /home/travis/build/icyphy/ptII/ptolemy/actor/lib/test/auto/Expression4.xml (RunModel)" time="0.018" />
  <testcase classname="ptolemy.util.test.junit.AutoTests" name="[163] /home/travis/build/icyphy/ptII/ptolemy/actor/lib/test/auto/Expression5.xml (RunModel)" time="0.015" />
  <testcase classname="ptolemy.util.test.junit.AutoTests" name="[164] /home/travis/build/icyphy/ptII/ptolemy/actor/lib/test/auto/Expression6.xml (RunModel)" time="0.01" />
  <testcase classname="ptolemy.util.test.junit.AutoTests" name="[165] /home/travis/build/icyphy/ptII/ptolemy/actor/lib/test/auto/Expression7.xml (RunModel)" time="0.012" />
  <testcase classname="ptolemy.util.test.junit.AutoTests" name="[166] /home/travis/build/icyphy/ptII/ptolemy/actor/lib/test/auto/Expression8.xml (RunModel)" time="0.016" />
  <testcase classname="ptolemy.util.test.junit.AutoTests" name="[167] /home/travis/build/icyphy/ptII/ptolemy/actor/lib/test/auto/Expression9.xml (RunModel)" time="0.011" />
  <testcase classname="ptolemy.util.test.junit.AutoTests" name="[168] /home/travis/build/icyphy/ptII/ptolemy/actor/lib/test/auto/ExpressionConcatenateArrayType.xml (RunModel)" time="0.031" />
  <testcase classname="ptolemy.util.test.junit.AutoTests" name="[169] /home/travis/build/icyphy/ptII/ptolemy/actor/lib/test/auto/ExpressionConcatenateArrayType2.xml (RunModel)" time="0.021" />
  <testcase classname="ptolemy.util.test.junit.AutoTests" name="[170] /home/travis/build/icyphy/ptII/ptolemy/actor/lib/test/auto/ExpressionFix.xml (RunModel)" time="0.043" />
  <testcase classname="ptolemy.util.test.junit.AutoTests" name="[171] /home/travis/build/icyphy/ptII/ptolemy/actor/lib/test/auto/ExpressionFix2.xml (RunModel)" time="0.015" />
  <testcase classname="ptolemy.util.test.junit.AutoTests" name="[172] /home/travis/build/icyphy/ptII/ptolemy/actor/lib/test/auto/ExpressionFix3.xml (RunModel)" time="0.014" />
  <testcase classname="ptolemy.util.test.junit.AutoTests" name="[173] /home/travis/build/icyphy/ptII/ptolemy/actor/lib/test/auto/FileWriter1.xml (RunModel)" time="0.015" />
  <testcase classname="ptolemy.util.test.junit.AutoTests" name="[174] /home/travis/build/icyphy/ptII/ptolemy/actor/lib/test/auto/FileWriter2.xml (RunModel)" time="0.015" />
  <testcase classname="ptolemy.util.test.junit.AutoTests" name="[175] /home/travis/build/icyphy/ptII/ptolemy/actor/lib/test/auto/FileWriter3.xml (RunModel)" time="0.018" />
  <testcase classname="ptolemy.util.test.junit.AutoTests" name="[176] /home/travis/build/icyphy/ptII/ptolemy/actor/lib/test/auto/Gaussian.xml (RunModel)" time="0.015" />
  <testcase classname="ptolemy.util.test.junit.AutoTests" name="[177] /home/travis/build/icyphy/ptII/ptolemy/actor/lib/test/auto/Gaussian1.xml (RunModel)" time="0.02" />
  <testcase classname="ptolemy.util.test.junit.AutoTests" name="[178] /home/travis/build/icyphy/ptII/ptolemy/actor/lib/test/auto/Gaussian2.xml (RunModel)" time="0.02" />
  <testcase classname="ptolemy.util.test.junit.AutoTests" name="[179] /home/travis/build/icyphy/ptII/ptolemy/actor/lib/test/auto/GradientAdaptiveLattice.xml (RunModel)" time="0.016" />
  <testcase classname="ptolemy.util.test.junit.AutoTests" name="[180] /home/travis/build/icyphy/ptII/ptolemy/actor/lib/test/auto/IIR.xml (RunModel)" time="0.009" />
  <testcase classname="ptolemy.util.test.junit.AutoTests" name="[181] /home/travis/build/icyphy/ptII/ptolemy/actor/lib/test/auto/InputOutputTransparentPorts.xml (RunModel)" time="0.017" />
  <testcase classname="ptolemy.util.test.junit.AutoTests" name="[182] /home/travis/build/icyphy/ptII/ptolemy/actor/lib/test/auto/Interpolator.xml (RunModel)" time="0.01" />
  <testcase classname="ptolemy.util.test.junit.AutoTests" name="[183] /home/travis/build/icyphy/ptII/ptolemy/actor/lib/test/auto/InterpolatorFiringLimitDE.xml (RunModel)" time="0.012" />
  <testcase classname="ptolemy.util.test.junit.AutoTests" name="[184] /home/travis/build/icyphy/ptII/ptolemy/actor/lib/test/auto/Lattice.xml (RunModel)" time="0.008" />
  <testcase classname="ptolemy.util.test.junit.AutoTests" name="[185] /home/travis/build/icyphy/ptII/ptolemy/actor/lib/test/auto/LazyAOCTestLazy.xml (RunModel)" time="0.019" />
  <testcase classname="ptolemy.util.test.junit.AutoTests" name="[186] /home/travis/build/icyphy/ptII/ptolemy/actor/lib/test/auto/LazyAOCTestNonLazy.xml (RunModel)" time="0.041" />
  <testcase classname="ptolemy.util.test.junit.AutoTests" name="[187] /home/travis/build/icyphy/ptII/ptolemy/actor/lib/test/auto/LazyInnerClass.xml (RunModel)" time="0.046" />
  <testcase classname="ptolemy.util.test.junit.AutoTests" name="[188] /home/travis/build/icyphy/ptII/ptolemy/actor/lib/test/auto/LazyPubSub.xml (RunModel)" time="0.066" />
  <testcase classname="ptolemy.util.test.junit.AutoTests" name="[189] /home/travis/build/icyphy/ptII/ptolemy/actor/lib/test/auto/LazyPubSub2.xml (RunModel)" time="0.046" />
  <testcase classname="ptolemy.util.test.junit.AutoTests" name="[190] /home/travis/build/icyphy/ptII/ptolemy/actor/lib/test/auto/LazyPubSub3.xml (RunModel)" time="0.025" />
  <testcase classname="ptolemy.util.test.junit.AutoTests" name="[191] /home/travis/build/icyphy/ptII/ptolemy/actor/lib/test/auto/LazySubClassModel.xml (RunModel)" time="0.028" />
  <testcase classname="ptolemy.util.test.junit.AutoTests" name="[192] /home/travis/build/icyphy/ptII/ptolemy/actor/lib/test/auto/LevelCrossTest1.xml (RunModel)" time="0.011" />
  <testcase classname="ptolemy.util.test.junit.AutoTests" name="[193] /home/travis/build/icyphy/ptII/ptolemy/actor/lib/test/auto/LevelCrossTest10.xml (RunModel)" time="0.02" />
  <testcase classname="ptolemy.util.test.junit.AutoTests" name="[194] /home/travis/build/icyphy/ptII/ptolemy/actor/lib/test/auto/LevelCrossTest11.xml (RunModel)" time="0.014" />
  <testcase classname="ptolemy.util.test.junit.AutoTests" name="[195] /home/travis/build/icyphy/ptII/ptolemy/actor/lib/test/auto/LevelCrossTest12.xml (RunModel)" time="0.018" />
  <testcase classname="ptolemy.util.test.junit.AutoTests" name="[196] /home/travis/build/icyphy/ptII/ptolemy/actor/lib/test/auto/LevelCrossTest13.xml (RunModel)" time="0.013" />
  <testcase classname="ptolemy.util.test.junit.AutoTests" name="[197] /home/travis/build/icyphy/ptII/ptolemy/actor/lib/test/auto/LevelCrossTest2.xml (RunModel)" time="0.009" />
  <testcase classname="ptolemy.util.test.junit.AutoTests" name="[198] /home/travis/build/icyphy/ptII/ptolemy/actor/lib/test/auto/LevelCrossTest3.xml (RunModel)" time="0.012" />
  <testcase classname="ptolemy.util.test.junit.AutoTests" name="[199] /home/travis/build/icyphy/ptII/ptolemy/actor/lib/test/auto/LevelCrossTest4.xml (RunModel)" time="0.009" />
  <testcase classname="ptolemy.util.test.junit.AutoTests" name="[200] /home/travis/build/icyphy/ptII/ptolemy/actor/lib/test/auto/LevelCrossTest5.xml (RunModel)" time="0.013" />
  <testcase classname="ptolemy.util.test.junit.AutoTests" name="[201] /home/travis/build/icyphy/ptII/ptolemy/actor/lib/test/auto/LevelCrossTest6.xml (RunModel)" time="0.012" />
  <testcase classname="ptolemy.util.test.junit.AutoTests" name="[202] /home/travis/build/icyphy/ptII/ptolemy/actor/lib/test/auto/LevelCrossTest7.xml (RunModel)" time="0.023" />
  <testcase classname="ptolemy.util.test.junit.AutoTests" name="[203] /home/travis/build/icyphy/ptII/ptolemy/actor/lib/test/auto/LevelCrossTest8.xml (RunModel)" time="0.013" />
  <testcase classname="ptolemy.util.test.junit.AutoTests" name="[204] /home/travis/build/icyphy/ptII/ptolemy/actor/lib/test/auto/LevelCrossTest9.xml (RunModel)" time="0.016" />
  <testcase classname="ptolemy.util.test.junit.AutoTests" name="[205] /home/travis/build/icyphy/ptII/ptolemy/actor/lib/test/auto/LevinsonDurbin.xml (RunModel)" time="0.014" />
  <testcase classname="ptolemy.util.test.junit.AutoTests" name="[206] /home/travis/build/icyphy/ptII/ptolemy/actor/lib/test/auto/LevinsonDurbin2.xml (RunModel)" time="0.011" />
  <testcase classname="ptolemy.util.test.junit.AutoTests" name="[207] /home/travis/build/icyphy/ptII/ptolemy/actor/lib/test/auto/LevinsonDurbin3.xml (RunModel)" time="0.013" />
  <testcase classname="ptolemy.util.test.junit.AutoTests" name="[208] /home/travis/build/icyphy/ptII/ptolemy/actor/lib/test/auto/Limiter.xml (RunModel)" time="0.031" />
  <testcase classname="ptolemy.util.test.junit.AutoTests" name="[209] /home/travis/build/icyphy/ptII/ptolemy/actor/lib/test/auto/LinearDifferenceEquationSystem.xml (RunModel)" time="0.026" />
  <testcase classname="ptolemy.util.test.junit.AutoTests" name="[210] /home/travis/build/icyphy/ptII/ptolemy/actor/lib/test/auto/LookupTable.xml (RunModel)" time="0.015" />
  <testcase classname="ptolemy.util.test.junit.AutoTests" name="[211] /home/travis/build/icyphy/ptII/ptolemy/actor/lib/test/auto/MathFunction.xml (RunModel)" time="0.022" />
  <testcase classname="ptolemy.util.test.junit.AutoTests" name="[212] /home/travis/build/icyphy/ptII/ptolemy/actor/lib/test/auto/MathFunction2.xml (RunModel)" time="0.011" />
  <testcase classname="ptolemy.util.test.junit.AutoTests" name="[213] /home/travis/build/icyphy/ptII/ptolemy/actor/lib/test/auto/MathFunction3.xml (RunModel)" time="0.02" />
  <testcase classname="ptolemy.util.test.junit.AutoTests" name="[214] /home/travis/build/icyphy/ptII/ptolemy/actor/lib/test/auto/MatrixCropBoolean.xml (RunModel)" time="0.012" />
  <testcase classname="ptolemy.util.test.junit.AutoTests" name="[215] /home/travis/build/icyphy/ptII/ptolemy/actor/lib/test/auto/MatrixCropComplex.xml (RunModel)" time="0.01" />
  <testcase classname="ptolemy.util.test.junit.AutoTests" name="[216] /home/travis/build/icyphy/ptII/ptolemy/actor/lib/test/auto/MatrixCropDouble.xml (RunModel)" time="0.008" />
  <testcase classname="ptolemy.util.test.junit.AutoTests" name="[217] /home/travis/build/icyphy/ptII/ptolemy/actor/lib/test/auto/MatrixCropFix.xml (RunModel)" time="0.012" />
  <testcase classname="ptolemy.util.test.junit.AutoTests" name="[218] /home/travis/build/icyphy/ptII/ptolemy/actor/lib/test/auto/MatrixCropInt.xml (RunModel)" time="0.014" />
  <testcase classname="ptolemy.util.test.junit.AutoTests" name="[219] /home/travis/build/icyphy/ptII/ptolemy/actor/lib/test/auto/MatrixCropLong.xml (RunModel)" time="0.008" />
  <testcase classname="ptolemy.util.test.junit.AutoTests" name="[220] /home/travis/build/icyphy/ptII/ptolemy/actor/lib/test/auto/MatrixToArray.xml (RunModel)" time="0.049" />
  <testcase classname="ptolemy.util.test.junit.AutoTests" name="[221] /home/travis/build/icyphy/ptII/ptolemy/actor/lib/test/auto/MaxIndex.xml (RunModel)" time="0.012" />
  <testcase classname="ptolemy.util.test.junit.AutoTests" name="[222] /home/travis/build/icyphy/ptII/ptolemy/actor/lib/test/auto/Maximum.xml (RunModel)" time="0.013" />
  <testcase classname="ptolemy.util.test.junit.AutoTests" name="[223] /home/travis/build/icyphy/ptII/ptolemy/actor/lib/test/auto/MaximumComplex.xml (RunModel)" time="0.017" />
  <testcase classname="ptolemy.util.test.junit.AutoTests" name="[224] /home/travis/build/icyphy/ptII/ptolemy/actor/lib/test/auto/MethodCallTest.xml (RunModel)" time="0.021" />
  <testcase classname="ptolemy.util.test.junit.AutoTests" name="[225] /home/travis/build/icyphy/ptII/ptolemy/actor/lib/test/auto/Minimum.xml (RunModel)" time="0.015" />
  <testcase classname="ptolemy.util.test.junit.AutoTests" name="[226] /home/travis/build/icyphy/ptII/ptolemy/actor/lib/test/auto/MinimumComplex.xml (RunModel)" time="0.017" />
  <testcase classname="ptolemy.util.test.junit.AutoTests" name="[227] /home/travis/build/icyphy/ptII/ptolemy/actor/lib/test/auto/MinimumMultiports.xml (RunModel)" time="0.023" />
  <testcase classname="ptolemy.util.test.junit.AutoTests" name="[228] /home/travis/build/icyphy/ptII/ptolemy/actor/lib/test/auto/ModifyDate.xml (RunModel)" time="0.041" />
  <testcase classname="ptolemy.util.test.junit.AutoTests" name="[229] /home/travis/build/icyphy/ptII/ptolemy/actor/lib/test/auto/ModifyDate2.xml (RunModel)" time="0.026" />
  <testcase classname="ptolemy.util.test.junit.AutoTests" name="[230] /home/travis/build/icyphy/ptII/ptolemy/actor/lib/test/auto/MovingAverage.xml (RunModel)" time="0.01" />
  <testcase classname="ptolemy.util.test.junit.AutoTests" name="[231] /home/travis/build/icyphy/ptII/ptolemy/actor/lib/test/auto/MovingMaximum.xml (RunModel)" time="0.009" />
  <testcase classname="ptolemy.util.test.junit.AutoTests" name="[232] /home/travis/build/icyphy/ptII/ptolemy/actor/lib/test/auto/MultipleLinksToSameRelation.xml (RunModel)" time="0.008" />
  <testcase classname="ptolemy.util.test.junit.AutoTests" name="[233] /home/travis/build/icyphy/ptII/ptolemy/actor/lib/test/auto/MultipleLinksToSameRelationDE.xml (RunModel)" time="0.01" />
  <testcase classname="ptolemy.util.test.junit.AutoTests" name="[234] /home/travis/build/icyphy/ptII/ptolemy/actor/lib/test/auto/Multiplexor.xml (RunModel)" time="0.014" />
  <testcase classname="ptolemy.util.test.junit.AutoTests" name="[235] /home/travis/build/icyphy/ptII/ptolemy/actor/lib/test/auto/Multiplexor1.xml (RunModel)" time="0.01" />
  <testcase classname="ptolemy.util.test.junit.AutoTests" name="[236] /home/travis/build/icyphy/ptII/ptolemy/actor/lib/test/auto/Multiplexor2.xml (RunModel)" time="0.016" />
  <testcase classname="ptolemy.util.test.junit.AutoTests" name="[237] /home/travis/build/icyphy/ptII/ptolemy/actor/lib/test/auto/Multiplexor3.xml (RunModel)" time="0.008" />
  <testcase classname="ptolemy.util.test.junit.AutoTests" name="[238] /home/travis/build/icyphy/ptII/ptolemy/actor/lib/test/auto/MultiplexorDE.xml (RunModel)" time="0.022" />
  <testcase classname="ptolemy.util.test.junit.AutoTests" name="[239] /home/travis/build/icyphy/ptII/ptolemy/actor/lib/test/auto/MultiportBroadcastTest.xml (RunModel)" time="0.091" />
  <testcase classname="ptolemy.util.test.junit.AutoTests" name="[240] /home/travis/build/icyphy/ptII/ptolemy/actor/lib/test/auto/MultiportOutHangDuringGetWidth.xml (RunModel)" time="0.026" />
  <testcase classname="ptolemy.util.test.junit.AutoTests" name="[241] /home/travis/build/icyphy/ptII/ptolemy/actor/lib/test/auto/NilToken.xml (RunModel)" time="0.008" />
  <testcase classname="ptolemy.util.test.junit.AutoTests" name="[242] /home/travis/build/icyphy/ptII/ptolemy/actor/lib/test/auto/NilTokenNonStrictTest.xml (RunModel)" time="0.011" />
  <testcase classname="ptolemy.util.test.junit.AutoTests" name="[243] /home/travis/build/icyphy/ptII/ptolemy/actor/lib/test/auto/NilTokenRecord.xml (RunModel)" time="0.021" />
  <testcase classname="ptolemy.util.test.junit.AutoTests" name="[244] /home/travis/build/icyphy/ptII/ptolemy/actor/lib/test/auto/NilTokenTypeTest.xml (RunModel)" time="0.029" />
  <testcase classname="ptolemy.util.test.junit.AutoTests" name="[245] /home/travis/build/icyphy/ptII/ptolemy/actor/lib/test/auto/ObjectToken1.xml (RunModel)" time="0.008" />
  <testcase classname="ptolemy.util.test.junit.AutoTests" name="[246] /home/travis/build/icyphy/ptII/ptolemy/actor/lib/test/auto/OrderedMerge.xml (RunModel)" time="0.011" />
  <testcase classname="ptolemy.util.test.junit.AutoTests" name="[247] /home/travis/build/icyphy/ptII/ptolemy/actor/lib/test/auto/OrderedRecordDisassembler.xml (RunModel)" time="0.014" />
  <testcase classname="ptolemy.util.test.junit.AutoTests" name="[248] /home/travis/build/icyphy/ptII/ptolemy/actor/lib/test/auto/OrderedRecordDisassembler2.xml (RunModel)" time="0.02" />
  <testcase classname="ptolemy.util.test.junit.AutoTests" name="[249] /home/travis/build/icyphy/ptII/ptolemy/actor/lib/test/auto/OrderedRecordUpdater.xml (RunModel)" time="0.009" />
  <testcase classname="ptolemy.util.test.junit.AutoTests" name="[250] /home/travis/build/icyphy/ptII/ptolemy/actor/lib/test/auto/OrderedRecordUpdater2.xml (RunModel)" time="0.009" />
  <testcase classname="ptolemy.util.test.junit.AutoTests" name="[251] /home/travis/build/icyphy/ptII/ptolemy/actor/lib/test/auto/PhaseUnwrap.xml (RunModel)" time="0.012" />
  <testcase classname="ptolemy.util.test.junit.AutoTests" name="[252] /home/travis/build/icyphy/ptII/ptolemy/actor/lib/test/auto/PoissonClock.xml (RunModel)" time="0.023" />
  <testcase classname="ptolemy.util.test.junit.AutoTests" name="[253] /home/travis/build/icyphy/ptII/ptolemy/actor/lib/test/auto/PoissonClock2.xml (RunModel)" time="0.006" />
  <testcase classname="ptolemy.util.test.junit.AutoTests" name="[254] /home/travis/build/icyphy/ptII/ptolemy/actor/lib/test/auto/PoissonClock3.xml (RunModel)" time="0.007" />
  <testcase classname="ptolemy.util.test.junit.AutoTests" name="[255] /home/travis/build/icyphy/ptII/ptolemy/actor/lib/test/auto/PubSubWithInitialTokens.xml (RunModel)" time="0.014" />
  <testcase classname="ptolemy.util.test.junit.AutoTests" name="[256] /home/travis/build/icyphy/ptII/ptolemy/actor/lib/test/auto/PubSubWithInitialTokens2.xml (RunModel)" time="0.011" />
  <testcase classname="ptolemy.util.test.junit.AutoTests" name="[257] /home/travis/build/icyphy/ptII/ptolemy/actor/lib/test/auto/PublisherClassNoParameter.xml (RunModel)" time="0.026" />
  <testcase classname="ptolemy.util.test.junit.AutoTests" name="[258] /home/travis/build/icyphy/ptII/ptolemy/actor/lib/test/auto/PublisherClassParameter.xml (RunModel)" time="0.02" />
  <testcase classname="ptolemy.util.test.junit.AutoTests" name="[259] /home/travis/build/icyphy/ptII/ptolemy/actor/lib/test/auto/PublisherNonStrictTest.xml (RunModel)" time="0.013" />
  <testcase classname="ptolemy.util.test.junit.AutoTests" name="[260] /home/travis/build/icyphy/ptII/ptolemy/actor/lib/test/auto/PublisherPort1.xml (RunModel)" time="0.009" />
  <testcase classname="ptolemy.util.test.junit.AutoTests" name="[261] /home/travis/build/icyphy/ptII/ptolemy/actor/lib/test/auto/PublisherPort2.xml (RunModel)" time="0.016" />
  <testcase classname="ptolemy.util.test.junit.AutoTests" name="[262] /home/travis/build/icyphy/ptII/ptolemy/actor/lib/test/auto/PublisherPort3.xml (RunModel)" time="0.016" />
  <testcase classname="ptolemy.util.test.junit.AutoTests" name="[263] /home/travis/build/icyphy/ptII/ptolemy/actor/lib/test/auto/PublisherPort4.xml (RunModel)" time="0.011" />
  <testcase classname="ptolemy.util.test.junit.AutoTests" name="[264] /home/travis/build/icyphy/ptII/ptolemy/actor/lib/test/auto/PublisherPort5.xml (RunModel)" time="0.013" />
  <testcase classname="ptolemy.util.test.junit.AutoTests" name="[265] /home/travis/build/icyphy/ptII/ptolemy/actor/lib/test/auto/PublisherPort5LookAlike.xml (RunModel)" time="0.016" />
  <testcase classname="ptolemy.util.test.junit.AutoTests" name="[266] /home/travis/build/icyphy/ptII/ptolemy/actor/lib/test/auto/PublisherPort6.xml (RunModel)" time="0.012" />
  <testcase classname="ptolemy.util.test.junit.AutoTests" name="[267] /home/travis/build/icyphy/ptII/ptolemy/actor/lib/test/auto/PublisherPort7.xml (RunModel)" time="0.013" />
  <testcase classname="ptolemy.util.test.junit.AutoTests" name="[268] /home/travis/build/icyphy/ptII/ptolemy/actor/lib/test/auto/PublisherPort8.xml (RunModel)" time="0.015" />
  <testcase classname="ptolemy.util.test.junit.AutoTests" name="[269] /home/travis/build/icyphy/ptII/ptolemy/actor/lib/test/auto/PublisherPortSubscriberChannelVariablesAOC2.xml (RunModel)" time="0.027" />
  <testcase classname="ptolemy.util.test.junit.AutoTests" name="[270] /home/travis/build/icyphy/ptII/ptolemy/actor/lib/test/auto/PublisherPortSubscriberOpaqueWidthInference.xml (RunModel)" time="0.015" />
  <testcase classname="ptolemy.util.test.junit.AutoTests" name="[271] /home/travis/build/icyphy/ptII/ptolemy/actor/lib/test/auto/PublisherPortSubscriberPortAdjacent.xml (RunModel)" time="0.02" />
  <testcase classname="ptolemy.util.test.junit.AutoTests" name="[272] /home/travis/build/icyphy/ptII/ptolemy/actor/lib/test/auto/PublisherPortSubscriberPortExpression.xml (RunModel)" time="0.027" />
  <testcase classname="ptolemy.util.test.junit.AutoTests" name="[273] /home/travis/build/icyphy/ptII/ptolemy/actor/lib/test/auto/PublisherPortSubscriberPortOpaqueD3Reverse.xml (RunModel)" time="0.026" />
  <testcase classname="ptolemy.util.test.junit.AutoTests" name="[274] /home/travis/build/icyphy/ptII/ptolemy/actor/lib/test/auto/PublisherPortSubscriberPortOpaqueWidthInference.xml (RunModel)" time="0.015" />
  <testcase classname="ptolemy.util.test.junit.AutoTests" name="[275] /home/travis/build/icyphy/ptII/ptolemy/actor/lib/test/auto/PublisherPortToplevelSubscriberPortAOC.xml (RunModel)" time="0.009" />
  <testcase classname="ptolemy.util.test.junit.AutoTests" name="[276] /home/travis/build/icyphy/ptII/ptolemy/actor/lib/test/auto/PublisherSubscriber.xml (RunModel)" time="0.02" />
  <testcase classname="ptolemy.util.test.junit.AutoTests" name="[277] /home/travis/build/icyphy/ptII/ptolemy/actor/lib/test/auto/PublisherSubscriber10.xml (RunModel)" time="0.02" />
  <testcase classname="ptolemy.util.test.junit.AutoTests" name="[278] /home/travis/build/icyphy/ptII/ptolemy/actor/lib/test/auto/PublisherSubscriber10InitialOutputs.xml (RunModel)" time="0.028" />
  <testcase classname="ptolemy.util.test.junit.AutoTests" name="[279] /home/travis/build/icyphy/ptII/ptolemy/actor/lib/test/auto/PublisherSubscriber11.xml (RunModel)" time="0.015" />
  <testcase classname="ptolemy.util.test.junit.AutoTests" name="[280] /home/travis/build/icyphy/ptII/ptolemy/actor/lib/test/auto/PublisherSubscriber12.xml (RunModel)" time="0.012" />
  <testcase classname="ptolemy.util.test.junit.AutoTests" name="[281] /home/travis/build/icyphy/ptII/ptolemy/actor/lib/test/auto/PublisherSubscriber13.xml (RunModel)" time="0.009" />
  <testcase classname="ptolemy.util.test.junit.AutoTests" name="[282] /home/travis/build/icyphy/ptII/ptolemy/actor/lib/test/auto/PublisherSubscriber14.xml (RunModel)" time="0.016" />
  <testcase classname="ptolemy.util.test.junit.AutoTests" name="[283] /home/travis/build/icyphy/ptII/ptolemy/actor/lib/test/auto/PublisherSubscriber2.xml (RunModel)" time="0.009" />
  <testcase classname="ptolemy.util.test.junit.AutoTests" name="[284] /home/travis/build/icyphy/ptII/ptolemy/actor/lib/test/auto/PublisherSubscriber3.xml (RunModel)" time="0.009" />
  <testcase classname="ptolemy.util.test.junit.AutoTests" name="[285] /home/travis/build/icyphy/ptII/ptolemy/actor/lib/test/auto/PublisherSubscriber4.xml (RunModel)" time="0.008" />
  <testcase classname="ptolemy.util.test.junit.AutoTests" name="[286] /home/travis/build/icyphy/ptII/ptolemy/actor/lib/test/auto/PublisherSubscriber5.xml (RunModel)" time="0.011" />
  <testcase classname="ptolemy.util.test.junit.AutoTests" name="[287] /home/travis/build/icyphy/ptII/ptolemy/actor/lib/test/auto/PublisherSubscriber6.xml (RunModel)" time="0.011" />
  <testcase classname="ptolemy.util.test.junit.AutoTests" name="[288] /home/travis/build/icyphy/ptII/ptolemy/actor/lib/test/auto/PublisherSubscriber7.xml (RunModel)" time="0.013" />
  <testcase classname="ptolemy.util.test.junit.AutoTests" name="[289] /home/travis/build/icyphy/ptII/ptolemy/actor/lib/test/auto/PublisherSubscriber8.xml (RunModel)" time="0.045" />
  <testcase classname="ptolemy.util.test.junit.AutoTests" name="[290] /home/travis/build/icyphy/ptII/ptolemy/actor/lib/test/auto/PublisherSubscriber9.xml (RunModel)" time="0.018" />
  <testcase classname="ptolemy.util.test.junit.AutoTests" name="[291] /home/travis/build/icyphy/ptII/ptolemy/actor/lib/test/auto/PublisherSubscriberAdjacent.xml (RunModel)" time="0.015" />
  <testcase classname="ptolemy.util.test.junit.AutoTests" name="[292] /home/travis/build/icyphy/ptII/ptolemy/actor/lib/test/auto/PublisherSubscriberChannelVariablesAOC2.xml (RunModel)" time="0.023" />
  <testcase classname="ptolemy.util.test.junit.AutoTests" name="[293] /home/travis/build/icyphy/ptII/ptolemy/actor/lib/test/auto/PublisherSubscriberD3.xml (RunModel)" time="0.013" />
  <testcase classname="ptolemy.util.test.junit.AutoTests" name="[294] /home/travis/build/icyphy/ptII/ptolemy/actor/lib/test/auto/PublisherSubscriberD3Reverse.xml (RunModel)" time="0.01" />
  <testcase classname="ptolemy.util.test.junit.AutoTests" name="[295] /home/travis/build/icyphy/ptII/ptolemy/actor/lib/test/auto/PublisherSubscriberExpression.xml (RunModel)" time="0.016" />
  <testcase classname="ptolemy.util.test.junit.AutoTests" name="[296] /home/travis/build/icyphy/ptII/ptolemy/actor/lib/test/auto/PublisherSubscriberOpaque.xml (RunModel)" time="0.013" />
  <testcase classname="ptolemy.util.test.junit.AutoTests" name="[297] /home/travis/build/icyphy/ptII/ptolemy/actor/lib/test/auto/PublisherSubscriberOpaqueD3.xml (RunModel)" time="0.021" />
  <testcase classname="ptolemy.util.test.junit.AutoTests" name="[298] /home/travis/build/icyphy/ptII/ptolemy/actor/lib/test/auto/PublisherSubscriberOpaqueD3Reverse.xml (RunModel)" time="0.021" />
  <testcase classname="ptolemy.util.test.junit.AutoTests" name="[299] /home/travis/build/icyphy/ptII/ptolemy/actor/lib/test/auto/PublisherSubscriberOpaqueWidthInference.xml (RunModel)" time="0.016" />
  <testcase classname="ptolemy.util.test.junit.AutoTests" name="[300] /home/travis/build/icyphy/ptII/ptolemy/actor/lib/test/auto/PublisherTestSubscriber.xml (RunModel)" time="0.014" />
  <testcase classname="ptolemy.util.test.junit.AutoTests" name="[301] /home/travis/build/icyphy/ptII/ptolemy/actor/lib/test/auto/PublisherToplevelSubscriberPortAOC.xml (RunModel)" time="0.016" />
  <testcase classname="ptolemy.util.test.junit.AutoTests" name="[302] /home/travis/build/icyphy/ptII/ptolemy/actor/lib/test/auto/PulseFiringLimitDE.xml (RunModel)" time="0.015" />
  <testcase classname="ptolemy.util.test.junit.AutoTests" name="[303] /home/travis/build/icyphy/ptII/ptolemy/actor/lib/test/auto/Ramp1.xml (RunModel)" time="0.006" />
  <testcase classname="ptolemy.util.test.junit.AutoTests" name="[304] /home/travis/build/icyphy/ptII/ptolemy/actor/lib/test/auto/RampFiringLimitDE.xml (RunModel)" time="0.01" />
  <testcase classname="ptolemy.util.test.junit.AutoTests" name="[305] /home/travis/build/icyphy/ptII/ptolemy/actor/lib/test/auto/RampFiringLimitSDF.xml (RunModel)" time="0.009" />
  <testcase classname="ptolemy.util.test.junit.AutoTests" name="[306] /home/travis/build/icyphy/ptII/ptolemy/actor/lib/test/auto/RandomInteger.xml (RunModel)" time="0.007" />
  <testcase classname="ptolemy.util.test.junit.AutoTests" name="[307] /home/travis/build/icyphy/ptII/ptolemy/actor/lib/test/auto/ReadFile1.xml (RunModel)" time="0.007" />
  <testcase classname="ptolemy.util.test.junit.AutoTests" name="[308] /home/travis/build/icyphy/ptII/ptolemy/actor/lib/test/auto/ReadFile2.xml (RunModel)" time="0.007" />
  <testcase classname="ptolemy.util.test.junit.AutoTests" name="[309] /home/travis/build/icyphy/ptII/ptolemy/actor/lib/test/auto/Reader.xml (RunModel)" time="0.016" />
  <testcase classname="ptolemy.util.test.junit.AutoTests" name="[310] /home/travis/build/icyphy/ptII/ptolemy/actor/lib/test/auto/RecordAssemblerDisplayNameTest.xml (RunModel)" time="2.996" />
  <testcase classname="ptolemy.util.test.junit.AutoTests" name="[311] /home/travis/build/icyphy/ptII/ptolemy/actor/lib/test/auto/RecordAssemblerTypeError.xml (RunModel)" time="0.029" />
  <testcase classname="ptolemy.util.test.junit.AutoTests" name="[312] /home/travis/build/icyphy/ptII/ptolemy/actor/lib/test/auto/RecordDisassember.xml (RunModel)" time="0.008" />
  <testcase classname="ptolemy.util.test.junit.AutoTests" name="[313] /home/travis/build/icyphy/ptII/ptolemy/actor/lib/test/auto/RecordDisassemberDisplayNameTest.xml (RunModel)" time="0.017" />
  <testcase classname="ptolemy.util.test.junit.AutoTests" name="[314] /home/travis/build/icyphy/ptII/ptolemy/actor/lib/test/auto/RecordDisassembler.xml (RunModel)" time="0.011" />
  <testcase classname="ptolemy.util.test.junit.AutoTests" name="[315] /home/travis/build/icyphy/ptII/ptolemy/actor/lib/test/auto/RecordDisassembler2.xml (RunModel)" time="0.009" />
  <testcase classname="ptolemy.util.test.junit.AutoTests" name="[316] /home/travis/build/icyphy/ptII/ptolemy/actor/lib/test/auto/RecordUpdater.xml (RunModel)" time="0.011" />
  <testcase classname="ptolemy.util.test.junit.AutoTests" name="[317] /home/travis/build/icyphy/ptII/ptolemy/actor/lib/test/auto/RecordUpdater2.xml (RunModel)" time="0.011" />
  <testcase classname="ptolemy.util.test.junit.AutoTests" name="[318] /home/travis/build/icyphy/ptII/ptolemy/actor/lib/test/auto/RecursiveLattice.xml (RunModel)" time="0.008" />
  <testcase classname="ptolemy.util.test.junit.AutoTests" name="[319] /home/travis/build/icyphy/ptII/ptolemy/actor/lib/test/auto/Router.xml (RunModel)" time="3.023" />
  <testcase classname="ptolemy.util.test.junit.AutoTests" name="[320] /home/travis/build/icyphy/ptII/ptolemy/actor/lib/test/auto/Router2.xml (RunModel)" time="3.02" />
  <testcase classname="ptolemy.util.test.junit.AutoTests" name="[321] /home/travis/build/icyphy/ptII/ptolemy/actor/lib/test/auto/RunningMaximum.xml (RunModel)" time="0.01" />
  <testcase classname="ptolemy.util.test.junit.AutoTests" name="[322] /home/travis/build/icyphy/ptII/ptolemy/actor/lib/test/auto/RunningMinimum.xml (RunModel)" time="0.009" />
  <testcase classname="ptolemy.util.test.junit.AutoTests" name="[323] /home/travis/build/icyphy/ptII/ptolemy/actor/lib/test/auto/Scale.xml (RunModel)" time="0.006" />
  <testcase classname="ptolemy.util.test.junit.AutoTests" name="[324] /home/travis/build/icyphy/ptII/ptolemy/actor/lib/test/auto/Scale2.xml (RunModel)" time="0.008" />
  <testcase classname="ptolemy.util.test.junit.AutoTests" name="[325] /home/travis/build/icyphy/ptII/ptolemy/actor/lib/test/auto/Scale3.xml (RunModel)" time="0.012" />
  <testcase classname="ptolemy.util.test.junit.AutoTests" name="[326] /home/travis/build/icyphy/ptII/ptolemy/actor/lib/test/auto/ScaleArray.xml (RunModel)" time="0.007" />
  <testcase classname="ptolemy.util.test.junit.AutoTests" name="[327] /home/travis/build/icyphy/ptII/ptolemy/actor/lib/test/auto/ScaleArray2.xml (RunModel)" time="0.007" />
  <testcase classname="ptolemy.util.test.junit.AutoTests" name="[328] /home/travis/build/icyphy/ptII/ptolemy/actor/lib/test/auto/ScaleMatrix.xml (RunModel)" time="0.098" />
  <testcase classname="ptolemy.util.test.junit.AutoTests" name="[329] /home/travis/build/icyphy/ptII/ptolemy/actor/lib/test/auto/Select.xml (RunModel)" time="0.011" />
  <testcase classname="ptolemy.util.test.junit.AutoTests" name="[330] /home/travis/build/icyphy/ptII/ptolemy/actor/lib/test/auto/Select2.xml (RunModel)" time="0.007" />
  <testcase classname="ptolemy.util.test.junit.AutoTests" name="[331] /home/travis/build/icyphy/ptII/ptolemy/actor/lib/test/auto/SequenceToArray2.xml (RunModel)" time="0.091" />
  <testcase classname="ptolemy.util.test.junit.AutoTests" name="[332] /home/travis/build/icyphy/ptII/ptolemy/actor/lib/test/auto/SequentialClock.xml (RunModel)" time="0.011" />
  <testcase classname="ptolemy.util.test.junit.AutoTests" name="[333] /home/travis/build/icyphy/ptII/ptolemy/actor/lib/test/auto/SetVariable.xml (RunModel)" time="0.009" />
  <testcase classname="ptolemy.util.test.junit.AutoTests" name="[334] /home/travis/build/icyphy/ptII/ptolemy/actor/lib/test/auto/SetVariable2.xml (RunModel)" time="0.009" />
  <testcase classname="ptolemy.util.test.junit.AutoTests" name="[335] /home/travis/build/icyphy/ptII/ptolemy/actor/lib/test/auto/SetVariable3.xml (RunModel)" time="0.014" />
  <testcase classname="ptolemy.util.test.junit.AutoTests" name="[336] /home/travis/build/icyphy/ptII/ptolemy/actor/lib/test/auto/SetVariable4.xml (RunModel)" time="0.023" />
  <testcase classname="ptolemy.util.test.junit.AutoTests" name="[337] /home/travis/build/icyphy/ptII/ptolemy/actor/lib/test/auto/SetVariable5.xml (RunModel)" time="0.027" />
  <testcase classname="ptolemy.util.test.junit.AutoTests" name="[338] /home/travis/build/icyphy/ptII/ptolemy/actor/lib/test/auto/Sinewave.xml (RunModel)" time="0.024" />
  <testcase classname="ptolemy.util.test.junit.AutoTests" name="[339] /home/travis/build/icyphy/ptII/ptolemy/actor/lib/test/auto/Sinewave2.xml (RunModel)" time="0.014" />
  <testcase classname="ptolemy.util.test.junit.AutoTests" name="[340] /home/travis/build/icyphy/ptII/ptolemy/actor/lib/test/auto/Sinewave3.xml (RunModel)" time="0.015" />
  <testcase classname="ptolemy.util.test.junit.AutoTests" name="[341] /home/travis/build/icyphy/ptII/ptolemy/actor/lib/test/auto/SingleEvent.xml (RunModel)" time="0.005" />
  <testcase classname="ptolemy.util.test.junit.AutoTests" name="[342] /home/travis/build/icyphy/ptII/ptolemy/actor/lib/test/auto/Sleep.xml (RunModel)" time="6.01" />
  <testcase classname="ptolemy.util.test.junit.AutoTests" name="[343] /home/travis/build/icyphy/ptII/ptolemy/actor/lib/test/auto/SleepMultipleFire.xml (RunModel)" time="1.023" />
  <testcase classname="ptolemy.util.test.junit.AutoTests" name="[344] /home/travis/build/icyphy/ptII/ptolemy/actor/lib/test/auto/StopDE.xml (RunModel)" time="0.01" />
  <testcase classname="ptolemy.util.test.junit.AutoTests" name="[345] /home/travis/build/icyphy/ptII/ptolemy/actor/lib/test/auto/StopSDF.xml (RunModel)" time="0.029" />
  <testcase classname="ptolemy.util.test.junit.AutoTests" name="[346] /home/travis/build/icyphy/ptII/ptolemy/actor/lib/test/auto/StringConstant.xml (RunModel)" time="0.033" />
  <testcase classname="ptolemy.util.test.junit.AutoTests" name="[347] /home/travis/build/icyphy/ptII/ptolemy/actor/lib/test/auto/SubscriberPortInitialValues1.xml (RunModel)" time="0.042" />
  <testcase classname="ptolemy.util.test.junit.AutoTests" name="[348] /home/travis/build/icyphy/ptII/ptolemy/actor/lib/test/auto/SubscriberPortInitialValues13.xml (RunModel)" time="0.055" />
  <testcase classname="ptolemy.util.test.junit.AutoTests" name="[349] /home/travis/build/icyphy/ptII/ptolemy/actor/lib/test/auto/SubscriberPortInitialValues14.xml (RunModel)" time="0.039" />
  <testcase classname="ptolemy.util.test.junit.AutoTests" name="[350] /home/travis/build/icyphy/ptII/ptolemy/actor/lib/test/auto/SubscriberPortInitialValues2.xml (RunModel)" time="0.018" />
  <testcase classname="ptolemy.util.test.junit.AutoTests" name="[351] /home/travis/build/icyphy/ptII/ptolemy/actor/lib/test/auto/SubscriberPortInitialValues3.xml (RunModel)" time="0.018" />
  <testcase classname="ptolemy.util.test.junit.AutoTests" name="[352] /home/travis/build/icyphy/ptII/ptolemy/actor/lib/test/auto/SubscriptionAggregator.xml (RunModel)" time="0.01" />
  <testcase classname="ptolemy.util.test.junit.AutoTests" name="[353] /home/travis/build/icyphy/ptII/ptolemy/actor/lib/test/auto/SubscriptionAggregator2.xml (RunModel)" time="0.009" />
  <testcase classname="ptolemy.util.test.junit.AutoTests" name="[354] /home/travis/build/icyphy/ptII/ptolemy/actor/lib/test/auto/SubscriptionAggregator3.xml (RunModel)" time="0.016" />
  <testcase classname="ptolemy.util.test.junit.AutoTests" name="[355] /home/travis/build/icyphy/ptII/ptolemy/actor/lib/test/auto/SubscriptionAggregatorMultiply.xml (RunModel)" time="0.012" />
  <testcase classname="ptolemy.util.test.junit.AutoTests" name="[356] /home/travis/build/icyphy/ptII/ptolemy/actor/lib/test/auto/SubscriptionAggregatorPortMultiply1.xml (RunModel)" time="0.011" />
  <testcase classname="ptolemy.util.test.junit.AutoTests" name="[357] /home/travis/build/icyphy/ptII/ptolemy/actor/lib/test/auto/Switch.xml (RunModel)" time="0.015" />
  <testcase classname="ptolemy.util.test.junit.AutoTests" name="[358] /home/travis/build/icyphy/ptII/ptolemy/actor/lib/test/auto/Switch2.xml (RunModel)" time="0.013" />
  <testcase classname="ptolemy.util.test.junit.AutoTests" name="[359] /home/travis/build/icyphy/ptII/ptolemy/actor/lib/test/auto/SwitchDE.xml (RunModel)" time="0.012" />
  <testcase classname="ptolemy.util.test.junit.AutoTests" name="[360] /home/travis/build/icyphy/ptII/ptolemy/actor/lib/test/auto/SynchronizerDE.xml (RunModel)" time="0.024" />
  <testcase classname="ptolemy.util.test.junit.AutoTests" name="[361] /home/travis/build/icyphy/ptII/ptolemy/actor/lib/test/auto/Test.xml (RunModel)" time="0.015" />
  <testcase classname="ptolemy.util.test.junit.AutoTests" name="[362] /home/travis/build/icyphy/ptII/ptolemy/actor/lib/test/auto/TestExceptionAttribute1.xml (RunModel)" time="0.012" />
  <testcase classname="ptolemy.util.test.junit.AutoTests" name="[363] /home/travis/build/icyphy/ptII/ptolemy/actor/lib/test/auto/TestExceptionAttribute2.xml (RunModel)" time="0.005" />
  <testcase classname="ptolemy.util.test.junit.AutoTests" name="[364] /home/travis/build/icyphy/ptII/ptolemy/actor/lib/test/auto/TestExceptionAttribute3.xml (RunModel)" time="0.006" />
  <testcase classname="ptolemy.util.test.junit.AutoTests" name="[365] /home/travis/build/icyphy/ptII/ptolemy/actor/lib/test/auto/TestExceptionAttribute4.xml (RunModel)" time="0.005" />
  <testcase classname="ptolemy.util.test.junit.AutoTests" name="[366] /home/travis/build/icyphy/ptII/ptolemy/actor/lib/test/auto/TestExceptionHandler1.xml (RunModel)" time="0.006" />
  <testcase classname="ptolemy.util.test.junit.AutoTests" name="[367] /home/travis/build/icyphy/ptII/ptolemy/actor/lib/test/auto/TestExceptionHandler2.xml (RunModel)" time="0.006" />
  <testcase classname="ptolemy.util.test.junit.AutoTests" name="[368] /home/travis/build/icyphy/ptII/ptolemy/actor/lib/test/auto/TestExceptionHandler3.xml (RunModel)" time="0.016" />
  <testcase classname="ptolemy.util.test.junit.AutoTests" name="[369] /home/travis/build/icyphy/ptII/ptolemy/actor/lib/test/auto/TestExceptionHandler4.xml (RunModel)" time="0.005" />
  <testcase classname="ptolemy.util.test.junit.AutoTests" name="[370] /home/travis/build/icyphy/ptII/ptolemy/actor/lib/test/auto/TestRequireCorrectOrder.xml (RunModel)" time="0.009" />
  <testcase classname="ptolemy.util.test.junit.AutoTests" name="[371] /home/travis/build/icyphy/ptII/ptolemy/actor/lib/test/auto/TestSimple.xml (RunModel)" time="0.005" />
  <testcase classname="ptolemy.util.test.junit.AutoTests" name="[372] /home/travis/build/icyphy/ptII/ptolemy/actor/lib/test/auto/ThrowModelError.xml (RunModel)" time="0.01" />
  <testcase classname="ptolemy.util.test.junit.AutoTests" name="[373] /home/travis/build/icyphy/ptII/ptolemy/actor/lib/test/auto/TimeDelayMicrosteps.xml (RunModel)" time="0.013" />
  <testcase classname="ptolemy.util.test.junit.AutoTests" name="[374] /home/travis/build/icyphy/ptII/ptolemy/actor/lib/test/auto/TimeDelayMicrosteps2.xml (RunModel)" time="0.013" />
  <testcase classname="ptolemy.util.test.junit.AutoTests" name="[375] /home/travis/build/icyphy/ptII/ptolemy/actor/lib/test/auto/TimeDelayMicrosteps3.xml (RunModel)" time="0.011" />
  <testcase classname="ptolemy.util.test.junit.AutoTests" name="[376] /home/travis/build/icyphy/ptII/ptolemy/actor/lib/test/auto/TimeDelayVariableMicrosteps.xml (RunModel)" time="0.01" />
  <testcase classname="ptolemy.util.test.junit.AutoTests" name="[377] /home/travis/build/icyphy/ptII/ptolemy/actor/lib/test/auto/TimeGap.xml (RunModel)" time="0.011" />
  <testcase classname="ptolemy.util.test.junit.AutoTests" name="[378] /home/travis/build/icyphy/ptII/ptolemy/actor/lib/test/auto/TimeGap2.xml (RunModel)" time="0.01" />
  <testcase classname="ptolemy.util.test.junit.AutoTests" name="[379] /home/travis/build/icyphy/ptII/ptolemy/actor/lib/test/auto/TimedSinewave.xml (RunModel)" time="0.039" />
  <testcase classname="ptolemy.util.test.junit.AutoTests" name="[380] /home/travis/build/icyphy/ptII/ptolemy/actor/lib/test/auto/TimedSinewavePhase.xml (RunModel)" time="0.026" />
  <testcase classname="ptolemy.util.test.junit.AutoTests" name="[381] /home/travis/build/icyphy/ptII/ptolemy/actor/lib/test/auto/Timer.xml (RunModel)" time="0.011" />
  <testcase classname="ptolemy.util.test.junit.AutoTests" name="[382] /home/travis/build/icyphy/ptII/ptolemy/actor/lib/test/auto/TriangularDistTestModel.xml (RunModel)" time="0.022" />
  <testcase classname="ptolemy.util.test.junit.AutoTests" name="[383] /home/travis/build/icyphy/ptII/ptolemy/actor/lib/test/auto/TrigFunction.xml (RunModel)" time="0.007" />
  <testcase classname="ptolemy.util.test.junit.AutoTests" name="[384] /home/travis/build/icyphy/ptII/ptolemy/actor/lib/test/auto/TrigFunctionDE.xml (RunModel)" time="0.013" />
  <testcase classname="ptolemy.util.test.junit.AutoTests" name="[385] /home/travis/build/icyphy/ptII/ptolemy/actor/lib/test/auto/TrigFunctionInverse.xml (RunModel)" time="0.008" />
  <testcase classname="ptolemy.util.test.junit.AutoTests" name="[386] /home/travis/build/icyphy/ptII/ptolemy/actor/lib/test/auto/TrigFunctionTan.xml (RunModel)" time="0.009" />
  <testcase classname="ptolemy.util.test.junit.AutoTests" name="[387] /home/travis/build/icyphy/ptII/ptolemy/actor/lib/test/auto/TriggeredClock.xml (RunModel)" time="0.007" />
  <testcase classname="ptolemy.util.test.junit.AutoTests" name="[388] /home/travis/build/icyphy/ptII/ptolemy/actor/lib/test/auto/URLDirectoryReader.xml (RunModel)" time="0.09" />
  <testcase classname="ptolemy.util.test.junit.AutoTests" name="[389] /home/travis/build/icyphy/ptII/ptolemy/actor/lib/test/auto/URLDirectoryReader3.xml (RunModel)" time="1.423" />
  <testcase classname="ptolemy.util.test.junit.AutoTests" name="[390] /home/travis/build/icyphy/ptII/ptolemy/actor/lib/test/auto/UnaryMathFunction.xml (RunModel)" time="0.018" />
  <testcase classname="ptolemy.util.test.junit.AutoTests" name="[391] /home/travis/build/icyphy/ptII/ptolemy/actor/lib/test/auto/Uniform.xml (RunModel)" time="0.011" />
  <testcase classname="ptolemy.util.test.junit.AutoTests" name="[392] /home/travis/build/icyphy/ptII/ptolemy/actor/lib/test/auto/UnionDisassemblerTest.xml (RunModel)" time="0.008" />
  <testcase classname="ptolemy.util.test.junit.AutoTests" name="[393] /home/travis/build/icyphy/ptII/ptolemy/actor/lib/test/auto/UtilityFunctions.xml (RunModel)" time="0.007" />
  <testcase classname="ptolemy.util.test.junit.AutoTests" name="[394] /home/travis/build/icyphy/ptII/ptolemy/actor/lib/test/auto/VariableSleep.xml (RunModel)" time="0.513" />
  <testcase classname="ptolemy.util.test.junit.AutoTests" name="[395] /home/travis/build/icyphy/ptII/ptolemy/actor/lib/test/auto/VectorAssemblerDisassemblerCT.xml (RunModel)" time="0.127" />
  <testcase classname="ptolemy.util.test.junit.AutoTests" name="[396] /home/travis/build/icyphy/ptII/ptolemy/actor/lib/test/auto/VectorAssemblerDisassemblerDE.xml (RunModel)" time="0.014" />
  <testcase classname="ptolemy.util.test.junit.AutoTests" name="[397] /home/travis/build/icyphy/ptII/ptolemy/actor/lib/test/auto/VectorAssemblerDisassemblerSDF.xml (RunModel)" time="0.016" />
  <testcase classname="ptolemy.util.test.junit.AutoTests" name="[398] /home/travis/build/icyphy/ptII/ptolemy/actor/lib/test/auto/WallClockTime.xml (RunModel)" time="1.03" />
  <testcase classname="ptolemy.util.test.junit.AutoTests" name="[399] /home/travis/build/icyphy/ptII/ptolemy/actor/lib/test/auto/WidthTestWithSubscriberPublisher.xml (RunModel)" time="0.037" />
  <testcase classname="ptolemy.util.test.junit.AutoTests" name="[400] /home/travis/build/icyphy/ptII/ptolemy/actor/lib/test/auto/WidthTestWithSubscriberPublisher2.xml (RunModel)" time="0.013" />
  <testcase classname="ptolemy.util.test.junit.AutoTests" name="[401] /home/travis/build/icyphy/ptII/ptolemy/actor/lib/test/auto/WidthTestWithSubscriberPublisher3.xml (RunModel)" time="0.009" />
  <testcase classname="ptolemy.util.test.junit.AutoTests" name="[402] /home/travis/build/icyphy/ptII/ptolemy/actor/lib/test/auto/Writer.xml (RunModel)" time="0.006" />
  <testcase classname="ptolemy.util.test.junit.AutoTests" name="[403] /home/travis/build/icyphy/ptII/ptolemy/actor/lib/test/auto/array.xml (RunModel)" time="0.008" />
  <testcase classname="ptolemy.util.test.junit.AutoTests" name="[404] /home/travis/build/icyphy/ptII/ptolemy/actor/lib/test/auto/array2.xml (RunModel)" time="0.008" />
  <testcase classname="ptolemy.util.test.junit.AutoTests" name="[405] /home/travis/build/icyphy/ptII/ptolemy/actor/lib/test/auto/arrayType.xml (RunModel)" time="0.008" />
  <testcase classname="ptolemy.util.test.junit.AutoTests" name="[406] /home/travis/build/icyphy/ptII/ptolemy/actor/lib/test/auto/arrayType10.xml (RunModel)" time="0.007" />
  <testcase classname="ptolemy.util.test.junit.AutoTests" name="[407] /home/travis/build/icyphy/ptII/ptolemy/actor/lib/test/auto/arrayType11.xml (RunModel)" time="0.007" />
  <testcase classname="ptolemy.util.test.junit.AutoTests" name="[408] /home/travis/build/icyphy/ptII/ptolemy/actor/lib/test/auto/arrayType12.xml (RunModel)" time="0.008" />
  <testcase classname="ptolemy.util.test.junit.AutoTests" name="[409] /home/travis/build/icyphy/ptII/ptolemy/actor/lib/test/auto/arrayType13.xml (RunModel)" time="0.007" />
  <testcase classname="ptolemy.util.test.junit.AutoTests" name="[410] /home/travis/build/icyphy/ptII/ptolemy/actor/lib/test/auto/arrayType14.xml (RunModel)" time="0.008" />
  <testcase classname="ptolemy.util.test.junit.AutoTests" name="[411] /home/travis/build/icyphy/ptII/ptolemy/actor/lib/test/auto/arrayType15.xml (RunModel)" time="0.008" />
  <testcase classname="ptolemy.util.test.junit.AutoTests" name="[412] /home/travis/build/icyphy/ptII/ptolemy/actor/lib/test/auto/arrayType16.xml (RunModel)" time="0.008" />
  <testcase classname="ptolemy.util.test.junit.AutoTests" name="[413] /home/travis/build/icyphy/ptII/ptolemy/actor/lib/test/auto/arrayType17.xml (RunModel)" time="0.008" />
  <testcase classname="ptolemy.util.test.junit.AutoTests" name="[414] /home/travis/build/icyphy/ptII/ptolemy/actor/lib/test/auto/arrayType18.xml (RunModel)" time="0.006" />
  <testcase classname="ptolemy.util.test.junit.AutoTests" name="[415] /home/travis/build/icyphy/ptII/ptolemy/actor/lib/test/auto/arrayType19.xml (RunModel)" time="0.007" />
  <testcase classname="ptolemy.util.test.junit.AutoTests" name="[416] /home/travis/build/icyphy/ptII/ptolemy/actor/lib/test/auto/arrayType2.xml (RunModel)" time="0.007" />
  <testcase classname="ptolemy.util.test.junit.AutoTests" name="[417] /home/travis/build/icyphy/ptII/ptolemy/actor/lib/test/auto/arrayType20.xml (RunModel)" time="0.008" />
  <testcase classname="ptolemy.util.test.junit.AutoTests" name="[418] /home/travis/build/icyphy/ptII/ptolemy/actor/lib/test/auto/arrayType21.xml (RunModel)" time="0.007" />
  <testcase classname="ptolemy.util.test.junit.AutoTests" name="[419] /home/travis/build/icyphy/ptII/ptolemy/actor/lib/test/auto/arrayType22.xml (RunModel)" time="0.007" />
  <testcase classname="ptolemy.util.test.junit.AutoTests" name="[420] /home/travis/build/icyphy/ptII/ptolemy/actor/lib/test/auto/arrayType23.xml (RunModel)" time="0.008" />
  <testcase classname="ptolemy.util.test.junit.AutoTests" name="[421] /home/travis/build/icyphy/ptII/ptolemy/actor/lib/test/auto/arrayType24.xml (RunModel)" time="0.008" />
  <testcase classname="ptolemy.util.test.junit.AutoTests" name="[422] /home/travis/build/icyphy/ptII/ptolemy/actor/lib/test/auto/arrayType25.xml (RunModel)" time="0.008" />
  <testcase classname="ptolemy.util.test.junit.AutoTests" name="[423] /home/travis/build/icyphy/ptII/ptolemy/actor/lib/test/auto/arrayType26.xml (RunModel)" time="0.008" />
  <testcase classname="ptolemy.util.test.junit.AutoTests" name="[424] /home/travis/build/icyphy/ptII/ptolemy/actor/lib/test/auto/arrayType27.xml (RunModel)" time="0.008" />
  <testcase classname="ptolemy.util.test.junit.AutoTests" name="[425] /home/travis/build/icyphy/ptII/ptolemy/actor/lib/test/auto/arrayType28.xml (RunModel)" time="0.007" />
  <testcase classname="ptolemy.util.test.junit.AutoTests" name="[426] /home/travis/build/icyphy/ptII/ptolemy/actor/lib/test/auto/arrayType3.xml (RunModel)" time="0.008" />
  <testcase classname="ptolemy.util.test.junit.AutoTests" name="[427] /home/travis/build/icyphy/ptII/ptolemy/actor/lib/test/auto/arrayType4.xml (RunModel)" time="0.008" />
  <testcase classname="ptolemy.util.test.junit.AutoTests" name="[428] /home/travis/build/icyphy/ptII/ptolemy/actor/lib/test/auto/arrayType5.xml (RunModel)" time="0.008" />
  <testcase classname="ptolemy.util.test.junit.AutoTests" name="[429] /home/travis/build/icyphy/ptII/ptolemy/actor/lib/test/auto/arrayType6.xml (RunModel)" time="0.007" />
  <testcase classname="ptolemy.util.test.junit.AutoTests" name="[430] /home/travis/build/icyphy/ptII/ptolemy/actor/lib/test/auto/arrayType7.xml (RunModel)" time="0.007" />
  <testcase classname="ptolemy.util.test.junit.AutoTests" name="[431] /home/travis/build/icyphy/ptII/ptolemy/actor/lib/test/auto/arrayType8.xml (RunModel)" time="0.008" />
  <testcase classname="ptolemy.util.test.junit.AutoTests" name="[432] /home/travis/build/icyphy/ptII/ptolemy/actor/lib/test/auto/arrayType9.xml (RunModel)" time="0.007" />
  <testcase classname="ptolemy.util.test.junit.AutoTests" name="[433] /home/travis/build/icyphy/ptII/ptolemy/actor/lib/test/auto/cast.xml (RunModel)" time="0.007" />
  <testcase classname="ptolemy.util.test.junit.AutoTests" name="[434] /home/travis/build/icyphy/ptII/ptolemy/actor/lib/test/auto/compositeMultiPort.xml (RunModel)" time="0.015" />
  <testcase classname="ptolemy.util.test.junit.AutoTests" name="[435] /home/travis/build/icyphy/ptII/ptolemy/actor/lib/test/auto/expressionCastInference.xml (RunModel)" time="0.008" />
  <testcase classname="ptolemy.util.test.junit.AutoTests" name="[436] /home/travis/build/icyphy/ptII/ptolemy/actor/lib/test/auto/expressionCastInference2.xml (RunModel)" time="0.007" />
  <testcase classname="ptolemy.util.test.junit.AutoTests" name="[437] /home/travis/build/icyphy/ptII/ptolemy/actor/lib/test/auto/expressionInference.xml (RunModel)" time="0.006" />
  <testcase classname="ptolemy.util.test.junit.AutoTests" name="[438] /home/travis/build/icyphy/ptII/ptolemy/actor/lib/test/auto/expression_bug.xml (RunModel)" time="0.006" />
  <testcase classname="ptolemy.util.test.junit.AutoTests" name="[439] /home/travis/build/icyphy/ptII/ptolemy/actor/lib/test/auto/factorial.xml (RunModel)" time="0.04" />
  <testcase classname="ptolemy.util.test.junit.AutoTests" name="[440] /home/travis/build/icyphy/ptII/ptolemy/actor/lib/test/auto/filterTest1.xml (RunModel)" time="0.011" />
  <testcase classname="ptolemy.util.test.junit.AutoTests" name="[441] /home/travis/build/icyphy/ptII/ptolemy/actor/lib/test/auto/funcApplyInConst.xml (RunModel)" time="0.005" />
  <testcase classname="ptolemy.util.test.junit.AutoTests" name="[442] /home/travis/build/icyphy/ptII/ptolemy/actor/lib/test/auto/funcApplyInExpr.xml (RunModel)" time="0.004" />
  <testcase classname="ptolemy.util.test.junit.AutoTests" name="[443] /home/travis/build/icyphy/ptII/ptolemy/actor/lib/test/auto/function.xml (RunModel)" time="0.007" />
  <testcase classname="ptolemy.util.test.junit.AutoTests" name="[444] /home/travis/build/icyphy/ptII/ptolemy/actor/lib/test/auto/function2.xml (RunModel)" time="0.007" />
  <testcase classname="ptolemy.util.test.junit.AutoTests" name="[445] /home/travis/build/icyphy/ptII/ptolemy/actor/lib/test/auto/function3.xml (RunModel)" time="0.005" />
  <testcase classname="ptolemy.util.test.junit.AutoTests" name="[446] /home/travis/build/icyphy/ptII/ptolemy/actor/lib/test/auto/functionClosureTest1.xml (RunModel)" time="0.008" />
  <testcase classname="ptolemy.util.test.junit.AutoTests" name="[447] /home/travis/build/icyphy/ptII/ptolemy/actor/lib/test/auto/functionClosureTest2.xml (RunModel)" time="0.006" />
  <testcase classname="ptolemy.util.test.junit.AutoTests" name="[448] /home/travis/build/icyphy/ptII/ptolemy/actor/lib/test/auto/functionClosureTest3.xml (RunModel)" time="0.007" />
  <testcase classname="ptolemy.util.test.junit.AutoTests" name="[449] /home/travis/build/icyphy/ptII/ptolemy/actor/lib/test/auto/functionClosureTest4.xml (RunModel)" time="0.011" />
  <testcase classname="ptolemy.util.test.junit.AutoTests" name="[450] /home/travis/build/icyphy/ptII/ptolemy/actor/lib/test/auto/functionClosureTest5.xml (RunModel)" time="0.009" />
  <testcase classname="ptolemy.util.test.junit.AutoTests" name="[451] /home/travis/build/icyphy/ptII/ptolemy/actor/lib/test/auto/functionClosureTest6.xml (RunModel)" time="0.007" />
  <testcase classname="ptolemy.util.test.junit.AutoTests" name="[452] /home/travis/build/icyphy/ptII/ptolemy/actor/lib/test/auto/functionsOnArcs.xml (RunModel)" time="0.008" />
  <testcase classname="ptolemy.util.test.junit.AutoTests" name="[453] /home/travis/build/icyphy/ptII/ptolemy/actor/lib/test/auto/functionsOnArcsHOF.xml (RunModel)" time="0.009" />
  <testcase classname="ptolemy.util.test.junit.AutoTests" name="[454] /home/travis/build/icyphy/ptII/ptolemy/actor/lib/test/auto/logic.xml (RunModel)" time="0.014" />
  <testcase classname="ptolemy.util.test.junit.AutoTests" name="[455] /home/travis/build/icyphy/ptII/ptolemy/actor/lib/test/auto/matrixType.xml (RunModel)" time="0.007" />
  <testcase classname="ptolemy.util.test.junit.AutoTests" name="[456] /home/travis/build/icyphy/ptII/ptolemy/actor/lib/test/auto/matrixType10.xml (RunModel)" time="0.007" />
  <testcase classname="ptolemy.util.test.junit.AutoTests" name="[457] /home/travis/build/icyphy/ptII/ptolemy/actor/lib/test/auto/matrixType11.xml (RunModel)" time="0.007" />
  <testcase classname="ptolemy.util.test.junit.AutoTests" name="[458] /home/travis/build/icyphy/ptII/ptolemy/actor/lib/test/auto/matrixType12.xml (RunModel)" time="0.01" />
  <testcase classname="ptolemy.util.test.junit.AutoTests" name="[459] /home/travis/build/icyphy/ptII/ptolemy/actor/lib/test/auto/matrixType13.xml (RunModel)" time="0.007" />
  <testcase classname="ptolemy.util.test.junit.AutoTests" name="[460] /home/travis/build/icyphy/ptII/ptolemy/actor/lib/test/auto/matrixType14.xml (RunModel)" time="0.008" />
  <testcase classname="ptolemy.util.test.junit.AutoTests" name="[461] /home/travis/build/icyphy/ptII/ptolemy/actor/lib/test/auto/matrixType2.xml (RunModel)" time="0.007" />
  <testcase classname="ptolemy.util.test.junit.AutoTests" name="[462] /home/travis/build/icyphy/ptII/ptolemy/actor/lib/test/auto/matrixType3.xml (RunModel)" time="0.007" />
  <testcase classname="ptolemy.util.test.junit.AutoTests" name="[463] /home/travis/build/icyphy/ptII/ptolemy/actor/lib/test/auto/matrixType4.xml (RunModel)" time="0.007" />
  <testcase classname="ptolemy.util.test.junit.AutoTests" name="[464] /home/travis/build/icyphy/ptII/ptolemy/actor/lib/test/auto/matrixType5.xml (RunModel)" time="0.006" />
  <testcase classname="ptolemy.util.test.junit.AutoTests" name="[465] /home/travis/build/icyphy/ptII/ptolemy/actor/lib/test/auto/matrixType6.xml (RunModel)" time="0.007" />
  <testcase classname="ptolemy.util.test.junit.AutoTests" name="[466] /home/travis/build/icyphy/ptII/ptolemy/actor/lib/test/auto/matrixType7.xml (RunModel)" time="0.007" />
  <testcase classname="ptolemy.util.test.junit.AutoTests" name="[467] /home/travis/build/icyphy/ptII/ptolemy/actor/lib/test/auto/matrixType8.xml (RunModel)" time="0.007" />
  <testcase classname="ptolemy.util.test.junit.AutoTests" name="[468] /home/travis/build/icyphy/ptII/ptolemy/actor/lib/test/auto/matrixType9.xml (RunModel)" time="0.007" />
  <testcase classname="ptolemy.util.test.junit.AutoTests" name="[469] /home/travis/build/icyphy/ptII/ptolemy/actor/lib/test/auto/paraFunctest.xml (RunModel)" time="0.006" />
  <testcase classname="ptolemy.util.test.junit.AutoTests" name="[470] /home/travis/build/icyphy/ptII/ptolemy/actor/lib/test/auto/paraFunctest2.xml (RunModel)" time="0.006" />
  <testcase classname="ptolemy.util.test.junit.AutoTests" name="[471] /home/travis/build/icyphy/ptII/ptolemy/actor/lib/test/auto/parameterPassing.xml (RunModel)" time="0.006" />
  <testcase classname="ptolemy.util.test.junit.AutoTests" name="[472] /home/travis/build/icyphy/ptII/ptolemy/actor/lib/test/auto/record.xml (RunModel)" time="0.007" />
  <testcase classname="ptolemy.util.test.junit.AutoTests" name="[473] /home/travis/build/icyphy/ptII/ptolemy/actor/lib/test/auto/sizedarray1.xml (RunModel)" time="0.008" />
  <testcase classname="ptolemy.util.test.junit.AutoTests" name="[474] /home/travis/build/icyphy/ptII/ptolemy/actor/lib/test/auto/sizedarray2.xml (RunModel)" time="0.009" />
  <testcase classname="ptolemy.util.test.junit.AutoTests" name="[475] /home/travis/build/icyphy/ptII/ptolemy/actor/lib/test/auto/twoPublishers.xml (RunModel)" time="0.016" />
  <system-out><![CDATA[/home/travis/build/icyphy/ptII/ptolemy/actor/lib/test/AbsoluteValue.tcl
testDefs.tcl: setting time out to 9000 seconds at Sat Feb 16 04:53:58 UTC 2019
82 ms. Memory: 116224K Free: 109605K (94%)
3 ms. Memory: 116224K Free: 108417K (93%)
4 ms. Memory: 116224K Free: 107816K (93%)
4 ms. Memory: 116224K Free: 106621K (92%)
/home/travis/build/icyphy/ptII/ptolemy/actor/lib/test/AddSubtract.tcl
12 ms. Memory: 116224K Free: 104800K (90%)
5 ms. Memory: 116224K Free: 104167K (90%)
5 ms. Memory: 116224K Free: 102979K (89%)
8 ms. Memory: 116224K Free: 102386K (88%)
15 ms. Memory: 116224K Free: 101784K (88%)
14 ms. Memory: 116224K Free: 101151K (87%)
/home/travis/build/icyphy/ptII/ptolemy/actor/lib/test/Average.tcl
7 ms. Memory: 116224K Free: 99330K (85%)
14 ms. Memory: 116224K Free: 98103K (84%)
/home/travis/build/icyphy/ptII/ptolemy/actor/lib/test/Bernoulli.tcl
5 ms. Memory: 116224K Free: 96307K (83%)
1 ms. Memory: 116224K Free: 95713K (82%)
/home/travis/build/icyphy/ptII/ptolemy/actor/lib/test/Clock.tcl
preinitializing
resolving types
initializing
executing number 1
wrapping up
idle
20 ms. Memory: 116224K Free: 93901K (81%)
Completed execution with 5 iterations
preinitializing
resolving types
initializing
executing number 1
wrapping up
idle
3 ms. Memory: 116224K Free: 92698K (80%)
Completed execution with 5 iterations
preinitializing
resolving types
initializing
executing number 1
wrapping up
idle
3 ms. Memory: 116224K Free: 92088K (79%)
Completed execution with 5 iterations
/home/travis/build/icyphy/ptII/ptolemy/actor/lib/test/Commutator.tcl
14 ms. Memory: 116224K Free: 90291K (78%)
10 ms. Memory: 116224K Free: 89088K (77%)
14 ms. Memory: 116224K Free: 84878K (73%)
/home/travis/build/icyphy/ptII/ptolemy/actor/lib/test/Const.tcl
3 ms. Memory: 116224K Free: 82448K (71%)
2 ms. Memory: 116224K Free: 81855K (70%)
7 ms. Memory: 116224K Free: 81261K (70%)
18 ms. Memory: 146944K Free: 140394K (96%)
1 ms. Memory: 146944K Free: 140394K (96%)
20 ms. Memory: 146944K Free: 138782K (94%)
12 ms. Memory: 146944K Free: 137586K (94%)
3 ms. Memory: 146944K Free: 136390K (93%)
/home/travis/build/icyphy/ptII/ptolemy/actor/lib/test/CurrentTime.tcl
preinitializing
resolving types
initializing
executing number 1
wrapping up
idle
16 ms. Memory: 146944K Free: 133966K (91%)
Completed execution with 11 iterations
/home/travis/build/icyphy/ptII/ptolemy/actor/lib/test/DB.tcl
3 ms. Memory: 146944K Free: 132770K (90%)
2 ms. Memory: 146944K Free: 131558K (90%)
1 ms. Memory: 146944K Free: 131558K (90%)
/home/travis/build/icyphy/ptII/ptolemy/actor/lib/test/DiscreteRandomSource.tcl
preinitializing
resolving types
initializing
executing number 1
wrapping up
idle
8 ms. Memory: 146944K Free: 130363K (89%)
Completed execution with 4 iterations
preinitializing
resolving types
initializing
executing number 1
wrapping up
idle
9 ms. Memory: 146944K Free: 129159K (88%)
Completed execution with 4 iterations
preinitializing
resolving types
initializing
executing number 1
wrapping up
idle
2 ms. Memory: 146944K Free: 129159K (88%)
Completed execution with 4 iterations
preinitializing
resolving types
initializing
executing number 1
wrapping up
idle
7 ms. Memory: 146944K Free: 129159K (88%)
Completed execution with 4 iterations
preinitializing
resolving types
initializing
executing number 1
wrapping up
idle
3 ms. Memory: 146944K Free: 127947K (87%)
Completed execution with 4 iterations
/home/travis/build/icyphy/ptII/ptolemy/actor/lib/test/Distributor.tcl
3 ms. Memory: 146944K Free: 126743K (86%)
3 ms. Memory: 146944K Free: 125531K (85%)
StreamChangeRequest.changeExecuted(): <deleteEntity name="rec2"/> succeeded
StreamChangeRequest.changeExecuted(): <deleteRelation name="r2"/> succeeded
StreamChangeRequest.changeExecuted(): Record firings per iteration succeeded
4 ms. Memory: 146944K Free: 123091K (84%)
/home/travis/build/icyphy/ptII/ptolemy/actor/lib/test/Exit.tcl
Exit.tcl: this will print a message about Manager.exitAfterWrapup, which can be ignored.
4 ms. Memory: 146944K Free: 120069K (82%)
/home/travis/build/icyphy/ptII/ptolemy/actor/lib/test/Expression.tcl
7 ms. Memory: 146944K Free: 116432K (79%)
9 ms. Memory: 146944K Free: 116432K (79%)
2 ms. Memory: 146944K Free: 115236K (78%)
preinitializing
resolving types
initializing
executing number 1
wrapping up
idle
8 ms. Memory: 146944K Free: 114024K (78%)
Completed execution with 6 iterations
14 ms. Memory: 146944K Free: 112829K (77%)
2 ms. Memory: 146944K Free: 112829K (77%)
13 ms. Memory: 146944K Free: 111617K (76%)
3 ms. Memory: 146944K Free: 110413K (75%)
4 ms. Memory: 146944K Free: 109209K (74%)
/home/travis/build/icyphy/ptII/ptolemy/actor/lib/test/Gaussian.tcl
5 ms. Memory: 146944K Free: 106793K (73%)
sleeping 1 seconds: ...................................................................................................................................................................................................................................................................................................................................................................................................................................................................................................................................................................................................................................................................................................................................................................................................................................................................................................................................................................................................................................................................................................................................................................................................................................................................................................................................................................................................................................................................................................................................................................................................................................................................................................................................................................................................................................................................................................................................................................................................................................................................................................................................................................................................................................................................................................................................................................................................................................................................................................................................................................................................................................................................................................................................................................................................................................................................................................................................................................................................................................................................................................................................................................................................................................................................................................................................................................................................................................................................................................................................................................................................................................................................................................................................................................................................................................................................................................................................................................................................................................................................................................................................................................................................................................................................................................................................................................................................................................................................................................................................................................................................................................................................................................................................................................................................................................................................................................................................................................................................................................................................................................................................................................................................................................................................................................................................................................................................................................................................................................................................................................................................................................................................................................................................................................................................................................................................................................................................................................................................................................................................................................................................................................................................................................................................................................................................................................................................................................................................................................................................................................................................................................................................................................................................................................................................................................................................................................................................................................................................................8 ms. Memory: 146944K Free: 138178K (94%)
3 ms. Memory: 146944K Free: 136988K (93%)
1 ms. Memory: 146944K Free: 136988K (93%)
4 ms. Memory: 146944K Free: 135806K (92%)
3 ms. Memory: 146944K Free: 135806K (92%)
/home/travis/build/icyphy/ptII/ptolemy/actor/lib/test/IIR.tcl
/home/travis/build/icyphy/ptII/ptolemy/actor/lib/test/Interpolator.tcl
5 ms. Memory: 146944K Free: 131055K (89%)
2 ms. Memory: 146944K Free: 131055K (89%)
3 ms. Memory: 146944K Free: 129873K (88%)
2 ms. Memory: 146944K Free: 129873K (88%)
9 ms. Memory: 146944K Free: 128691K (88%)
4 ms. Memory: 146944K Free: 128691K (88%)
5 ms. Memory: 146944K Free: 127509K (87%)
2 ms. Memory: 146944K Free: 126327K (86%)
2 ms. Memory: 146944K Free: 125145K (85%)
2 ms. Memory: 146944K Free: 125145K (85%)
/home/travis/build/icyphy/ptII/ptolemy/actor/lib/test/MathFunction.tcl
6 ms. Memory: 146944K Free: 122781K (84%)
2 ms. Memory: 146944K Free: 121599K (83%)
2 ms. Memory: 146944K Free: 120416K (82%)
2 ms. Memory: 146944K Free: 119234K (81%)
3 ms. Memory: 146944K Free: 118052K (80%)
5 ms. Memory: 146944K Free: 115688K (79%)
/home/travis/build/icyphy/ptII/ptolemy/actor/lib/test/Maximum.tcl
4 ms. Memory: 146944K Free: 114506K (78%)
4 ms. Memory: 146944K Free: 113324K (77%)
17 ms. Memory: 146944K Free: 113324K (77%)
2 ms. Memory: 146944K Free: 112142K (76%)
/home/travis/build/icyphy/ptII/ptolemy/actor/lib/test/Minimum.tcl
7 ms. Memory: 146944K Free: 110960K (76%)
5 ms. Memory: 146944K Free: 109778K (75%)
1 ms. Memory: 146944K Free: 108595K (74%)
2 ms. Memory: 146944K Free: 108595K (74%)
/home/travis/build/icyphy/ptII/ptolemy/actor/lib/test/MultiplyDivide.tcl
9 ms. Memory: 146944K Free: 106231K (72%)
11 ms. Memory: 146944K Free: 106231K (72%)
2 ms. Memory: 146944K Free: 105049K (71%)
2 ms. Memory: 146944K Free: 103867K (71%)
5 ms. Memory: 146944K Free: 103867K (71%)
/home/travis/build/icyphy/ptII/ptolemy/actor/lib/test/OrderedMerge.tcl
Connections changed on port: inputA
Connections changed on port: inputB
Connections changed on port: output
Connections changed on port: output
Connections changed on port: output
Connections changed on port: input
.top. Preinitializing ...
Invoking preinitialize():  .top.OrderedMerge
Called preinitialize()
Invoking preinitialize():  .top.Ramp
Called preinitialize()
Invoking preinitialize():  .top.Ramp2
Called preinitialize()
Invoking preinitialize():  .top.Test
Called preinitialize()
Connections changed on port: inputA
Connections changed on port: output
Connections changed on port: inputB
Connections changed on port: output
Connections changed on port: output
Connections changed on port: input
.top. Finished preinitialize().
Called initialize().
Invoking initialize():  .top.OrderedMerge
Initializing actor: .top.OrderedMerge
Adding a thread: .top.OrderedMerge
Invoking initialize():  .top.Ramp
Initializing actor: .top.Ramp
Adding a thread: .top.Ramp
Invoking initialize():  .top.Ramp2
Initializing actor: .top.Ramp2
Adding a thread: .top.Ramp2
Invoking initialize():  .top.Test
Initializing actor: .top.Test
Adding a thread: .top.Test
-- Starting thread.
Called initialize()
Called prefire()
Called fire()
-- Starting thread.
Called initialize()
Called prefire()
Called fire()
Called postfire()
Called prefire()
Called fire()
-- Starting thread.
Called initialize()
Called prefire()
Called fire()
Called postfire()
Called prefire()
Called fire()
Called fire().
Checking for deadlock:
There are 3 Blocked actors, 0 Stopped actors, and 4 active threads.
Waiting for actors to stop.
-- Starting thread.
Called initialize()
Called prefire()
Called fire()
Checking for deadlock:
There are 2 Blocked actors, 0 Stopped actors, and 4 active threads.
Waiting for actors to stop.
Called postfire()
Called prefire()
Called fire()
Checking for deadlock:
There are 3 Blocked actors, 0 Stopped actors, and 4 active threads.
Waiting for actors to stop.
Read input token from inputA with value 0.0
Next port to read input from is inputB
Called postfire()
Called prefire()
Called fire()
Checking for deadlock:
There are 2 Blocked actors, 0 Stopped actors, and 4 active threads.
Waiting for actors to stop.
Called postfire()
Called prefire()
Called fire()
Checking for deadlock:
There are 3 Blocked actors, 0 Stopped actors, and 4 active threads.
Waiting for actors to stop.
Read input token from inputB with value 0.0
Checking for deadlock:
There are 2 Blocked actors, 0 Stopped actors, and 4 active threads.
Waiting for actors to stop.
-- Read input: 0.0, which is expected to match: 0.0
Called prefire()
Called fire()
Checking for deadlock:
There are 3 Blocked actors, 0 Stopped actors, and 4 active threads.
Waiting for actors to stop.
Sent output token with value 0.0
Next port to read input from is inputA
Called postfire()
Called prefire()
Called fire()
Called postfire()
Called prefire()
Called fire()
Checking for deadlock:
There are 3 Blocked actors, 0 Stopped actors, and 4 active threads.
Waiting for actors to stop.
Read input token from inputA with value 1.0
-- Read input: 0.0, which is expected to match: 0.0
Called prefire()
Called fire()
Checking for deadlock:
There are 3 Blocked actors, 0 Stopped actors, and 4 active threads.
Waiting for actors to stop.
Sent output token with value 0.0
Next port to read input from is inputB
Called postfire()
Called prefire()
Called fire()
Checking for deadlock:
There are 2 Blocked actors, 0 Stopped actors, and 4 active threads.
Waiting for actors to stop.
Called postfire()
Called prefire()
Called fire()
Checking for deadlock:
There are 3 Blocked actors, 0 Stopped actors, and 4 active threads.
Waiting for actors to stop.
Read input token from inputB with value 1.5
Checking for deadlock:
There are 2 Blocked actors, 0 Stopped actors, and 4 active threads.
Waiting for actors to stop.
-- Read input: 1.0, which is expected to match: 1.0
Called prefire()
Called fire()
Checking for deadlock:
There are 3 Blocked actors, 0 Stopped actors, and 4 active threads.
Waiting for actors to stop.
Sent output token with value 1.0
Next port to read input from is inputA
Called postfire()
Called prefire()
Called fire()
Called postfire()
Called prefire()
Called fire()
Checking for deadlock:
There are 3 Blocked actors, 0 Stopped actors, and 4 active threads.
Waiting for actors to stop.
Read input token from inputA with value 2.0
-- Read input: 1.5, which is expected to match: 1.5
Called prefire()
Called fire()
Checking for deadlock:
There are 3 Blocked actors, 0 Stopped actors, and 4 active threads.
Waiting for actors to stop.
Sent output token with value 1.5
Next port to read input from is inputB
Called postfire()
Called prefire()
Called fire()
Checking for deadlock:
There are 2 Blocked actors, 0 Stopped actors, and 4 active threads.
Waiting for actors to stop.
Called postfire()
Called prefire()
Called fire()
Checking for deadlock:
There are 3 Blocked actors, 0 Stopped actors, and 4 active threads.
Waiting for actors to stop.
Read input token from inputB with value 3.0
Checking for deadlock:
There are 2 Blocked actors, 0 Stopped actors, and 4 active threads.
Waiting for actors to stop.
-- Read input: 2.0, which is expected to match: 2.0
Called prefire()
Called fire()
Checking for deadlock:
There are 3 Blocked actors, 0 Stopped actors, and 4 active threads.
Waiting for actors to stop.
Sent output token with value 2.0
Next port to read input from is inputA
Called postfire()
Called prefire()
Called fire()
Called postfire()
Called prefire()
Called fire()
Checking for deadlock:
There are 3 Blocked actors, 0 Stopped actors, and 4 active threads.
Waiting for actors to stop.
Read input token from inputA with value 3.0
-- Read input: 3.0, which is expected to match: 3.0
Called prefire()
Called fire()
Checking for deadlock:
There are 3 Blocked actors, 0 Stopped actors, and 4 active threads.
Waiting for actors to stop.
Sent output token with value 3.0
Next port to read input from is inputB
Called postfire()
Called prefire()
Called fire()
Checking for deadlock:
There are 2 Blocked actors, 0 Stopped actors, and 4 active threads.
Waiting for actors to stop.
Called postfire()
Called prefire()
Called fire()
Checking for deadlock:
There are 3 Blocked actors, 0 Stopped actors, and 4 active threads.
Waiting for actors to stop.
Read input token from inputB with value 4.5
Checking for deadlock:
There are 2 Blocked actors, 0 Stopped actors, and 4 active threads.
Waiting for actors to stop.
-- Read input: 3.0, which is expected to match: 3.0
Called prefire()
Called fire()
Checking for deadlock:
There are 3 Blocked actors, 0 Stopped actors, and 4 active threads.
Waiting for actors to stop.
Sent output token with value 3.0
Next port to read input from is inputA
Called postfire()
Called prefire()
Called fire()
Called postfire()
Called prefire()
Called fire()
Checking for deadlock:
There are 3 Blocked actors, 0 Stopped actors, and 4 active threads.
Waiting for actors to stop.
Read input token from inputA with value 4.0
-- Read input: 4.0, which is expected to match: 4.0
Called prefire()
Called fire()
Past the end of training data. Read and discard all inputs.
Checking for deadlock:
There are 3 Blocked actors, 0 Stopped actors, and 4 active threads.
Waiting for actors to stop.
Sent output token with value 4.0
Next port to read input from is inputA
Called postfire()
Called prefire()
Called fire()
Called postfire()
Called prefire()
Called fire()
Checking for deadlock:
There are 3 Blocked actors, 0 Stopped actors, and 4 active threads.
Waiting for actors to stop.
Read input token from inputA with value 5.0
Called prefire()
Called fire()
Past the end of training data. Read and discard all inputs.
Checking for deadlock:
There are 3 Blocked actors, 0 Stopped actors, and 4 active threads.
Waiting for actors to stop.
Sent output token with value 4.5
Next port to read input from is inputB
Called postfire()
Called prefire()
Called fire()
Checking for deadlock:
There are 2 Blocked actors, 0 Stopped actors, and 4 active threads.
Waiting for actors to stop.
Called postfire()
Called prefire()
Called fire()
Checking for deadlock:
There are 3 Blocked actors, 0 Stopped actors, and 4 active threads.
Waiting for actors to stop.
Read input token from inputB with value 6.0
Checking for deadlock:
There are 2 Blocked actors, 0 Stopped actors, and 4 active threads.
Waiting for actors to stop.
Called prefire()
Called fire()
Past the end of training data. Read and discard all inputs.
Checking for deadlock:
There are 3 Blocked actors, 0 Stopped actors, and 4 active threads.
Waiting for actors to stop.
Sent output token with value 5.0
Next port to read input from is inputA
Called postfire()
Called prefire()
Called fire()
Called postfire()
Called prefire()
Called fire()
Checking for deadlock:
There are 3 Blocked actors, 0 Stopped actors, and 4 active threads.
Waiting for actors to stop.
Read input token from inputA with value 6.0
Called prefire()
Called fire()
Past the end of training data. Read and discard all inputs.
Checking for deadlock:
There are 3 Blocked actors, 0 Stopped actors, and 4 active threads.
Waiting for actors to stop.
Sent output token with value 6.0
Next port to read input from is inputB
Called postfire()
Called prefire()
Called fire()
Checking for deadlock:
There are 2 Blocked actors, 0 Stopped actors, and 4 active threads.
Waiting for actors to stop.
Called postfire()
Called prefire()
Called fire()
Checking for deadlock:
There are 3 Blocked actors, 0 Stopped actors, and 4 active threads.
Waiting for actors to stop.
Read input token from inputB with value 7.5
Checking for deadlock:
There are 2 Blocked actors, 0 Stopped actors, and 4 active threads.
Waiting for actors to stop.
Called prefire()
Called fire()
Past the end of training data. Read and discard all inputs.
Checking for deadlock:
There are 3 Blocked actors, 0 Stopped actors, and 4 active threads.
Waiting for actors to stop.
Sent output token with value 6.0
Next port to read input from is inputA
Called postfire()
Called prefire()
Called fire()
Called postfire()
Called prefire()
Called fire()
Checking for deadlock:
There are 3 Blocked actors, 0 Stopped actors, and 4 active threads.
Waiting for actors to stop.
Read input token from inputA with value 7.0
Called prefire()
Called fire()
Past the end of training data. Read and discard all inputs.
Checking for deadlock:
There are 3 Blocked actors, 0 Stopped actors, and 4 active threads.
Waiting for actors to stop.
Sent output token with value 7.0
Next port to read input from is inputA
Called postfire()
Called prefire()
Called fire()
-- Thread wrapup() called.
Called wrapup()
Thread .top.Ramp is exiting.
-- Thread stopped.
Checking for deadlock:
There are 2 Blocked actors, 0 Stopped actors, and 3 active threads.
Waiting for actors to stop.
Read input token from inputA with value 8.0
Called prefire()
Called fire()
Past the end of training data. Read and discard all inputs.
Checking for deadlock:
There are 2 Blocked actors, 0 Stopped actors, and 3 active threads.
Waiting for actors to stop.
Sent output token with value 7.5
Next port to read input from is inputB
Called postfire()
Called prefire()
Called fire()
Checking for deadlock:
There are 1 Blocked actors, 0 Stopped actors, and 3 active threads.
Waiting for actors to stop.
Called postfire()
Called prefire()
Called fire()
Checking for deadlock:
There are 2 Blocked actors, 0 Stopped actors, and 3 active threads.
Waiting for actors to stop.
Read input token from inputB with value 9.0
Checking for deadlock:
There are 1 Blocked actors, 0 Stopped actors, and 3 active threads.
Waiting for actors to stop.
Called prefire()
Called fire()
Past the end of training data. Read and discard all inputs.
Checking for deadlock:
There are 2 Blocked actors, 0 Stopped actors, and 3 active threads.
Waiting for actors to stop.
Sent output token with value 8.0
Next port to read input from is inputA
Called postfire()
Called prefire()
Called fire()
Read input token from inputA with value 9.0
Checking for deadlock:
There are 1 Blocked actors, 0 Stopped actors, and 3 active threads.
Waiting for actors to stop.
Called prefire()
Called fire()
Past the end of training data. Read and discard all inputs.
Checking for deadlock:
There are 2 Blocked actors, 0 Stopped actors, and 3 active threads.
Waiting for actors to stop.
Sent output token with value 9.0
Next port to read input from is inputB
Called postfire()
Called prefire()
Called fire()
Checking for deadlock:
There are 1 Blocked actors, 0 Stopped actors, and 3 active threads.
Waiting for actors to stop.
Called postfire()
Called prefire()
Called fire()
Checking for deadlock:
There are 2 Blocked actors, 0 Stopped actors, and 3 active threads.
Waiting for actors to stop.
Read input token from inputB with value 10.5
Checking for deadlock:
There are 1 Blocked actors, 0 Stopped actors, and 3 active threads.
Waiting for actors to stop.
Called prefire()
Called fire()
Past the end of training data. Read and discard all inputs.
Checking for deadlock:
There are 2 Blocked actors, 0 Stopped actors, and 3 active threads.
Waiting for actors to stop.
Sent output token with value 9.0
Next port to read input from is inputA
Called postfire()
Called prefire()
Called fire()
Checking for deadlock:
There are 3 Blocked actors, 0 Stopped actors, and 3 active threads.
Actors have stopped.
Checking for deadlock:
There are 3 Blocked actors, 0 Stopped actors, and 3 active threads.
Deadlock detected.
Resolving Deadlock
Checking for deadlock:
There are 3 Blocked actors, 0 Stopped actors, and 3 active threads.
Artificial Deadlock - increasing queue capacity.
increasing the capacity of receiver ptolemy.actor.TypedIOPort {.top.OrderedMerge.inputB} to 2
Director: Called postfire().
Called postfire().
_stopRequested = false
_stopFireRequested = false
Returning from postfire(): true
Called fire().
Checking for deadlock:
There are 2 Blocked actors, 0 Stopped actors, and 3 active threads.
Waiting for actors to stop.
-- Thread wrapup() called.
Called wrapup()
Thread .top.Ramp2 is exiting.
-- Thread stopped.
Checking for deadlock:
There are 2 Blocked actors, 0 Stopped actors, and 2 active threads.
Actors have stopped.
Checking for deadlock:
There are 2 Blocked actors, 0 Stopped actors, and 2 active threads.
Deadlock detected.
Resolving Deadlock
Checking for deadlock:
There are 2 Blocked actors, 0 Stopped actors, and 2 active threads.
Deadlock detected: no processes blocked on write, but some are blocked on read.
Called postfire().
_stopRequested = false
_stopFireRequested = false
Returning from postfire(): false
Finished deactivating branches.
Called wrapup().
-- Thread wrapup() called.
Called wrapup()
Thread .top.Test is exiting.
-- Thread stopped.
-- Blocked Receiver call threw TerminateProcessException.
-- Thread wrapup() called.
Called wrapup()
Thread .top.OrderedMerge is exiting.
37 ms. Memory: 146944K Free: 99860K (68%)
.top. Preinitializing ...
Invoking preinitialize():  .top.OrderedMerge
Called preinitialize()
Invoking preinitialize():  .top.Ramp
Called preinitialize()
Invoking preinitialize():  .top.Ramp2
Called preinitialize()
Invoking preinitialize():  .top.Test
Called preinitialize()
.top. Finished preinitialize().
Called initialize().
Invoking initialize():  .top.OrderedMerge
Initializing actor: .top.OrderedMerge
Adding a thread: .top.OrderedMerge
Invoking initialize():  .top.Ramp
Initializing actor: .top.Ramp
Adding a thread: .top.Ramp
Invoking initialize():  .top.Ramp2
Initializing actor: .top.Ramp2
Adding a thread: .top.Ramp2
Invoking initialize():  .top.Test
Initializing actor: .top.Test
Adding a thread: .top.Test
-- Thread stopped.
-- Blocked Receiver call threw TerminateProcessException.
-- Starting thread.
Called initialize()
Called prefire()
Called fire()
-- Starting thread.
Called initialize()
Called prefire()
Called fire()
Called postfire()
Called prefire()
Called fire()
-- Starting thread.
Called initialize()
Called prefire()
Called fire()
Called postfire()
Called prefire()
Called fire()
Called fire().
Checking for deadlock:
There are 3 Blocked actors, 0 Stopped actors, and 4 active threads.
Waiting for actors to stop.
-- Starting thread.
Called initialize()
Called prefire()
Called fire()
Checking for deadlock:
There are 2 Blocked actors, 0 Stopped actors, and 4 active threads.
Waiting for actors to stop.
Called postfire()
Called prefire()
Called fire()
Checking for deadlock:
There are 3 Blocked actors, 0 Stopped actors, and 4 active threads.
Waiting for actors to stop.
Read input token from inputA with value 0.0
Next port to read input from is inputB
Called postfire()
Called prefire()
Called fire()
Checking for deadlock:
There are 2 Blocked actors, 0 Stopped actors, and 4 active threads.
Waiting for actors to stop.
Called postfire()
Called prefire()
Called fire()
Checking for deadlock:
There are 3 Blocked actors, 0 Stopped actors, and 4 active threads.
Waiting for actors to stop.
Read input token from inputB with value 0.0
Checking for deadlock:
There are 2 Blocked actors, 0 Stopped actors, and 4 active threads.
Waiting for actors to stop.
-- Read input: 0.0, which is expected to match: 0.0
Called prefire()
Called fire()
Checking for deadlock:
There are 3 Blocked actors, 0 Stopped actors, and 4 active threads.
Waiting for actors to stop.
Sent output token with value 0.0
Next port to read input from is inputA
Called postfire()
Called prefire()
Called fire()
Checking for deadlock:
There are 2 Blocked actors, 0 Stopped actors, and 4 active threads.
Waiting for actors to stop.
Called postfire()
Called prefire()
Called fire()
Checking for deadlock:
There are 3 Blocked actors, 0 Stopped actors, and 4 active threads.
Waiting for actors to stop.
Read input token from inputA with value 1.0
Checking for deadlock:
There are 2 Blocked actors, 0 Stopped actors, and 4 active threads.
Waiting for actors to stop.
-- Read input: 0.0, which is expected to match: 0.0
Called prefire()
Called fire()
Checking for deadlock:
There are 3 Blocked actors, 0 Stopped actors, and 4 active threads.
Waiting for actors to stop.
Sent output token with value 0.0
Next port to read input from is inputB
Called postfire()
Called prefire()
Called fire()
Checking for deadlock:
There are 2 Blocked actors, 0 Stopped actors, and 4 active threads.
Waiting for actors to stop.
Called postfire()
Called prefire()
Called fire()
Checking for deadlock:
There are 3 Blocked actors, 0 Stopped actors, and 4 active threads.
Waiting for actors to stop.
Read input token from inputB with value 1.5
Checking for deadlock:
There are 2 Blocked actors, 0 Stopped actors, and 4 active threads.
Waiting for actors to stop.
-- Read input: 1.0, which is expected to match: 1.0
Called prefire()
Called fire()
Checking for deadlock:
There are 3 Blocked actors, 0 Stopped actors, and 4 active threads.
Waiting for actors to stop.
Sent output token with value 1.0
Next port to read input from is inputA
Called postfire()
Called prefire()
Called fire()
Checking for deadlock:
There are 2 Blocked actors, 0 Stopped actors, and 4 active threads.
Waiting for actors to stop.
Called postfire()
Called prefire()
Called fire()
Checking for deadlock:
There are 3 Blocked actors, 0 Stopped actors, and 4 active threads.
Waiting for actors to stop.
Read input token from inputA with value 2.0
Checking for deadlock:
There are 2 Blocked actors, 0 Stopped actors, and 4 active threads.
Waiting for actors to stop.
-- Read input: 1.5, which is expected to match: 1.5
Called prefire()
Called fire()
Checking for deadlock:
There are 3 Blocked actors, 0 Stopped actors, and 4 active threads.
Waiting for actors to stop.
Sent output token with value 1.5
Next port to read input from is inputB
Called postfire()
Called prefire()
Called fire()
Checking for deadlock:
There are 2 Blocked actors, 0 Stopped actors, and 4 active threads.
Waiting for actors to stop.
Called postfire()
Called prefire()
Called fire()
Checking for deadlock:
There are 3 Blocked actors, 0 Stopped actors, and 4 active threads.
Waiting for actors to stop.
Read input token from inputB with value 3.0
Checking for deadlock:
There are 2 Blocked actors, 0 Stopped actors, and 4 active threads.
Waiting for actors to stop.
-- Read input: 2.0, which is expected to match: 2.0
Called prefire()
Called fire()
Checking for deadlock:
There are 3 Blocked actors, 0 Stopped actors, and 4 active threads.
Waiting for actors to stop.
Sent output token with value 2.0
Next port to read input from is inputA
Called postfire()
Called prefire()
Called fire()
Checking for deadlock:
There are 2 Blocked actors, 0 Stopped actors, and 4 active threads.
Waiting for actors to stop.
Called postfire()
Called prefire()
Called fire()
Checking for deadlock:
There are 3 Blocked actors, 0 Stopped actors, and 4 active threads.
Waiting for actors to stop.
Read input token from inputA with value 3.0
Checking for deadlock:
There are 2 Blocked actors, 0 Stopped actors, and 4 active threads.
Waiting for actors to stop.
-- Read input: 3.0, which is expected to match: 3.0
Called prefire()
Called fire()
Checking for deadlock:
There are 3 Blocked actors, 0 Stopped actors, and 4 active threads.
Waiting for actors to stop.
Sent output token with value 3.0
Next port to read input from is inputB
Called postfire()
Called prefire()
Called fire()
Checking for deadlock:
There are 2 Blocked actors, 0 Stopped actors, and 4 active threads.
Waiting for actors to stop.
Called postfire()
Called prefire()
Called fire()
Checking for deadlock:
There are 3 Blocked actors, 0 Stopped actors, and 4 active threads.
Waiting for actors to stop.
Read input token from inputB with value 4.5
Checking for deadlock:
There are 2 Blocked actors, 0 Stopped actors, and 4 active threads.
Waiting for actors to stop.
-- Read input: 3.0, which is expected to match: 3.0
Called prefire()
Called fire()
Checking for deadlock:
There are 3 Blocked actors, 0 Stopped actors, and 4 active threads.
Waiting for actors to stop.
Sent output token with value 3.0
Next port to read input from is inputA
Called postfire()
Called prefire()
Called fire()
Checking for deadlock:
There are 2 Blocked actors, 0 Stopped actors, and 4 active threads.
Waiting for actors to stop.
Called postfire()
Called prefire()
Called fire()
Checking for deadlock:
There are 3 Blocked actors, 0 Stopped actors, and 4 active threads.
Waiting for actors to stop.
Read input token from inputA with value 4.0
Checking for deadlock:
There are 2 Blocked actors, 0 Stopped actors, and 4 active threads.
Waiting for actors to stop.
-- Read input: 4.0, which is expected to match: 4.0
Called prefire()
Called fire()
Past the end of training data. Read and discard all inputs.
Checking for deadlock:
There are 3 Blocked actors, 0 Stopped actors, and 4 active threads.
Waiting for actors to stop.
Sent output token with value 4.0
Next port to read input from is inputA
Called postfire()
Called prefire()
Called fire()
Checking for deadlock:
There are 2 Blocked actors, 0 Stopped actors, and 4 active threads.
Waiting for actors to stop.
Called postfire()
Called prefire()
Called fire()
Checking for deadlock:
There are 3 Blocked actors, 0 Stopped actors, and 4 active threads.
Waiting for actors to stop.
Read input token from inputA with value 5.0
Checking for deadlock:
There are 2 Blocked actors, 0 Stopped actors, and 4 active threads.
Waiting for actors to stop.
Called prefire()
Called fire()
Past the end of training data. Read and discard all inputs.
Checking for deadlock:
There are 3 Blocked actors, 0 Stopped actors, and 4 active threads.
Waiting for actors to stop.
Sent output token with value 4.5
Next port to read input from is inputB
Called postfire()
Called prefire()
Called fire()
Checking for deadlock:
There are 2 Blocked actors, 0 Stopped actors, and 4 active threads.
Waiting for actors to stop.
Called postfire()
Called prefire()
Called fire()
Checking for deadlock:
There are 3 Blocked actors, 0 Stopped actors, and 4 active threads.
Waiting for actors to stop.
Read input token from inputB with value 6.0
Checking for deadlock:
There are 2 Blocked actors, 0 Stopped actors, and 4 active threads.
Waiting for actors to stop.
Called prefire()
Called fire()
Past the end of training data. Read and discard all inputs.
Checking for deadlock:
There are 3 Blocked actors, 0 Stopped actors, and 4 active threads.
Waiting for actors to stop.
Sent output token with value 5.0
Next port to read input from is inputA
Called postfire()
Called prefire()
Called fire()
Checking for deadlock:
There are 2 Blocked actors, 0 Stopped actors, and 4 active threads.
Waiting for actors to stop.
Called postfire()
Called prefire()
Called fire()
Checking for deadlock:
There are 3 Blocked actors, 0 Stopped actors, and 4 active threads.
Waiting for actors to stop.
Read input token from inputA with value 6.0
Checking for deadlock:
There are 2 Blocked actors, 0 Stopped actors, and 4 active threads.
Waiting for actors to stop.
Called prefire()
Called fire()
Past the end of training data. Read and discard all inputs.
Checking for deadlock:
There are 3 Blocked actors, 0 Stopped actors, and 4 active threads.
Waiting for actors to stop.
Sent output token with value 6.0
Next port to read input from is inputB
Called postfire()
Called prefire()
Called fire()
Checking for deadlock:
There are 2 Blocked actors, 0 Stopped actors, and 4 active threads.
Waiting for actors to stop.
Called postfire()
Called prefire()
Called fire()
Checking for deadlock:
There are 3 Blocked actors, 0 Stopped actors, and 4 active threads.
Waiting for actors to stop.
Read input token from inputB with value 7.5
Checking for deadlock:
There are 2 Blocked actors, 0 Stopped actors, and 4 active threads.
Waiting for actors to stop.
Called prefire()
Called fire()
Past the end of training data. Read and discard all inputs.
Checking for deadlock:
There are 3 Blocked actors, 0 Stopped actors, and 4 active threads.
Waiting for actors to stop.
Sent output token with value 6.0
Next port to read input from is inputA
Called postfire()
Called prefire()
Called fire()
Called postfire()
Called prefire()
Called fire()
Checking for deadlock:
There are 3 Blocked actors, 0 Stopped actors, and 4 active threads.
Waiting for actors to stop.
Read input token from inputA with value 7.0
Called prefire()
Called fire()
Past the end of training data. Read and discard all inputs.
Checking for deadlock:
There are 3 Blocked actors, 0 Stopped actors, and 4 active threads.
Waiting for actors to stop.
Sent output token with value 7.0
Next port to read input from is inputA
Called postfire()
Called prefire()
Called fire()
-- Thread wrapup() called.
Called wrapup()
Thread .top.Ramp is exiting.
-- Thread stopped.
Checking for deadlock:
There are 2 Blocked actors, 0 Stopped actors, and 3 active threads.
Waiting for actors to stop.
Read input token from inputA with value 8.0
Called prefire()
Called fire()
Past the end of training data. Read and discard all inputs.
Checking for deadlock:
There are 2 Blocked actors, 0 Stopped actors, and 3 active threads.
Waiting for actors to stop.
Sent output token with value 7.5
Next port to read input from is inputB
Called postfire()
Called prefire()
Called fire()
Checking for deadlock:
There are 1 Blocked actors, 0 Stopped actors, and 3 active threads.
Waiting for actors to stop.
Called postfire()
Called prefire()
Called fire()
Checking for deadlock:
There are 2 Blocked actors, 0 Stopped actors, and 3 active threads.
Waiting for actors to stop.
Read input token from inputB with value 9.0
Checking for deadlock:
There are 1 Blocked actors, 0 Stopped actors, and 3 active threads.
Waiting for actors to stop.
Called prefire()
Called fire()
Past the end of training data. Read and discard all inputs.
Checking for deadlock:
There are 2 Blocked actors, 0 Stopped actors, and 3 active threads.
Waiting for actors to stop.
Sent output token with value 8.0
Next port to read input from is inputA
Called postfire()
Called prefire()
Called fire()
Read input token from inputA with value 9.0
Checking for deadlock:
There are 1 Blocked actors, 0 Stopped actors, and 3 active threads.
Waiting for actors to stop.
Called prefire()
Called fire()
Past the end of training data. Read and discard all inputs.
Checking for deadlock:
There are 2 Blocked actors, 0 Stopped actors, and 3 active threads.
Waiting for actors to stop.
Sent output token with value 9.0
Next port to read input from is inputB
Called postfire()
Called prefire()
Called fire()
Checking for deadlock:
There are 1 Blocked actors, 0 Stopped actors, and 3 active threads.
Waiting for actors to stop.
Called postfire()
Called prefire()
Called fire()
Checking for deadlock:
There are 2 Blocked actors, 0 Stopped actors, and 3 active threads.
Waiting for actors to stop.
Read input token from inputB with value 10.5
Checking for deadlock:
There are 1 Blocked actors, 0 Stopped actors, and 3 active threads.
Waiting for actors to stop.
Called prefire()
Called fire()
Past the end of training data. Read and discard all inputs.
Checking for deadlock:
There are 2 Blocked actors, 0 Stopped actors, and 3 active threads.
Waiting for actors to stop.
Sent output token with value 9.0
Next port to read input from is inputA
Called postfire()
Called prefire()
Called fire()
Checking for deadlock:
There are 3 Blocked actors, 0 Stopped actors, and 3 active threads.
Actors have stopped.
Checking for deadlock:
There are 3 Blocked actors, 0 Stopped actors, and 3 active threads.
Deadlock detected.
Resolving Deadlock
Checking for deadlock:
There are 3 Blocked actors, 0 Stopped actors, and 3 active threads.
Artificial Deadlock - increasing queue capacity.
increasing the capacity of receiver ptolemy.actor.TypedIOPort {.top.OrderedMerge.inputB} to 2
Director: Called postfire().
Called postfire().
_stopRequested = false
_stopFireRequested = false
Returning from postfire(): true
Called fire().
Checking for deadlock:
There are 2 Blocked actors, 0 Stopped actors, and 3 active threads.
Waiting for actors to stop.
-- Thread wrapup() called.
Called wrapup()
Thread .top.Ramp2 is exiting.
-- Thread stopped.
Checking for deadlock:
There are 2 Blocked actors, 0 Stopped actors, and 2 active threads.
Actors have stopped.
Checking for deadlock:
There are 2 Blocked actors, 0 Stopped actors, and 2 active threads.
Deadlock detected.
Resolving Deadlock
Checking for deadlock:
There are 2 Blocked actors, 0 Stopped actors, and 2 active threads.
Deadlock detected: no processes blocked on write, but some are blocked on read.
Called postfire().
_stopRequested = false
_stopFireRequested = false
Returning from postfire(): false
Finished deactivating branches.
Called wrapup().
-- Thread wrapup() called.
Called wrapup()
Thread .top.Test is exiting.
-- Thread stopped.
-- Blocked Receiver call threw TerminateProcessException.
-- Thread wrapup() called.
Called wrapup()
Thread .top.OrderedMerge is exiting.
18 ms. Memory: 146944K Free: 98222K (67%)
/home/travis/build/icyphy/ptII/ptolemy/actor/lib/test/Publisher.tcl
-- Thread stopped.
-- Blocked Receiver call threw TerminateProcessException.
6 ms. Memory: 146944K Free: 91129K (62%)
3 ms. Memory: 146944K Free: 86384K (59%)
2 ms. Memory: 146944K Free: 81648K (56%)
3 ms. Memory: 146944K Free: 81648K (56%)
3 ms. Memory: 146944K Free: 80544K (55%)
23 ms. Memory: 208384K Free: 199587K (96%)
2 ms. Memory: 208384K Free: 199587K (96%)
3 ms. Memory: 208384K Free: 199587K (96%)
1 ms. Memory: 208384K Free: 190144K (91%)
3 ms. Memory: 208384K Free: 185422K (89%)
1 ms. Memory: 208384K Free: 185422K (89%)
1 ms. Memory: 208384K Free: 183061K (88%)
13 ms. Memory: 208384K Free: 175979K (84%)
5 ms. Memory: 208384K Free: 164158K (79%)
6 ms. Memory: 208384K Free: 154675K (74%)
/home/travis/build/icyphy/ptII/ptolemy/actor/lib/test/Pulse.tcl
2 ms. Memory: 208384K Free: 112059K (54%)
2 ms. Memory: 208384K Free: 112059K (54%)
1 ms. Memory: 208384K Free: 112059K (54%)
2 ms. Memory: 208384K Free: 112059K (54%)
1 ms. Memory: 208384K Free: 109697K (53%)
1 ms. Memory: 208384K Free: 109697K (53%)
2 ms. Memory: 208384K Free: 109697K (53%)
2 ms. Memory: 208384K Free: 107333K (52%)
2 ms. Memory: 208384K Free: 107333K (52%)
/home/travis/build/icyphy/ptII/ptolemy/actor/lib/test/Ramp.tcl
3 ms. Memory: 208384K Free: 104964K (50%)
2 ms. Memory: 208384K Free: 104964K (50%)
2 ms. Memory: 208384K Free: 104964K (50%)
1 ms. Memory: 208384K Free: 102603K (49%)
3 ms. Memory: 208384K Free: 102603K (49%)
12 ms. Memory: 208384K Free: 100227K (48%)
4 ms. Memory: 208384K Free: 100227K (48%)
5 actors
10000 microseconds per iteration to create
12 ms. Memory: 208384K Free: 97858K (47%)
2 ms. Memory: 208384K Free: 97858K (47%)
2 ms. Memory: 208384K Free: 95481K (46%)
14 ms. Memory: 208384K Free: 95481K (46%)
50 actors
41000 microseconds per iteration to create
28 ms. Memory: 208384K Free: 81236K (39%)
12 ms. Memory: 208384K Free: 79422K (38%)
40 ms. Memory: 208384K Free: 197670K (95%)
6 ms. Memory: 208384K Free: 197670K (95%)
500 actors
1365000 microseconds per iteration to create
251 ms. Memory: 332288K Free: 267605K (81%)
42 ms. Memory: 332288K Free: 262813K (79%)
37 ms. Memory: 332288K Free: 258021K (78%)
40 ms. Memory: 332288K Free: 253227K (76%)
/home/travis/build/icyphy/ptII/ptolemy/actor/lib/test/RampContinuous.tcl
9 ms. Memory: 332288K Free: 253227K (76%)
/home/travis/build/icyphy/ptII/ptolemy/actor/lib/test/RecordAssembler.tcl
7 ms. Memory: 332288K Free: 248434K (75%)
4 ms. Memory: 332288K Free: 248434K (75%)
/home/travis/build/icyphy/ptII/ptolemy/actor/lib/test/RecordDisassembler.tcl
7 ms. Memory: 332288K Free: 248434K (75%)
3 ms. Memory: 332288K Free: 248434K (75%)
3 ms. Memory: 332288K Free: 243642K (73%)
/home/travis/build/icyphy/ptII/ptolemy/actor/lib/test/Scale.tcl
3 ms. Memory: 332288K Free: 243642K (73%)
2 ms. Memory: 332288K Free: 243642K (73%)
2 ms. Memory: 332288K Free: 243642K (73%)
4 ms. Memory: 332288K Free: 243642K (73%)
3 ms. Memory: 332288K Free: 238833K (72%)
/home/travis/build/icyphy/ptII/ptolemy/actor/lib/test/SequentialClock.tcl
preinitializing
resolving types
initializing
executing number 1
wrapping up
idle
5 ms. Memory: 332288K Free: 238833K (72%)
Completed execution with 5 iterations
preinitializing
resolving types
initializing
executing number 1
wrapping up
idle
2 ms. Memory: 332288K Free: 238833K (72%)
Completed execution with 5 iterations
preinitializing
resolving types
initializing
executing number 1
wrapping up
idle
3 ms. Memory: 332288K Free: 238833K (72%)
Completed execution with 5 iterations
/home/travis/build/icyphy/ptII/ptolemy/actor/lib/test/SetVariable.tcl
5 ms. Memory: 332288K Free: 234025K (70%)
/home/travis/build/icyphy/ptII/ptolemy/actor/lib/test/Sinewave.tcl
/home/travis/build/icyphy/ptII/ptolemy/actor/lib/test/SubscriptionAggregator.tcl
6 ms. Memory: 332288K Free: 224408K (68%)
5 ms. Memory: 332288K Free: 224408K (68%)
0 ms. Memory: 332288K Free: 224408K (68%)
1 ms. Memory: 332288K Free: 219599K (66%)
5 ms. Memory: 332288K Free: 219599K (66%)
3 ms. Memory: 332288K Free: 214791K (65%)
...............................................................929 ms. Memory: 581632K Free: 346052K (59%)
/home/travis/build/icyphy/ptII/ptolemy/actor/lib/test/Test.tcl
 The next command will produce a warning about training mode,
   which may be ignored.
4 ms. Memory: 581632K Free: 336407K (58%)
2 ms. Memory: 581632K Free: 336407K (58%)
9 ms. Memory: 581632K Free: 336407K (58%)
11 ms. Memory: 581632K Free: 336407K (58%)
2 ms. Memory: 581632K Free: 336407K (58%)
3 ms. Memory: 581632K Free: 336407K (58%)
2 ms. Memory: 581632K Free: 336407K (58%)
 The next command will produce a warning about training mode,
   which may be ignored.
3 ms. Memory: 581632K Free: 336407K (58%)
 The next command will produce a warning about training mode,
   which may be ignored.
2 ms. Memory: 581632K Free: 336407K (58%)
1 ms. Memory: 581632K Free: 336407K (58%)
1 ms. Memory: 581632K Free: 326754K (56%)
2 ms. Memory: 581632K Free: 326754K (56%)
1 ms. Memory: 581632K Free: 326754K (56%)
4 ms. Memory: 581632K Free: 326754K (56%)
/home/travis/build/icyphy/ptII/ptolemy/actor/lib/test/TestExceptionHandler.tcl
 The next command will produce a warning about training mode,
   which may be ignored.
2 ms. Memory: 581632K Free: 326754K (56%)
1 ms. Memory: 581632K Free: 326754K (56%)
1 ms. Memory: 581632K Free: 326754K (56%)
/home/travis/build/icyphy/ptII/ptolemy/actor/lib/test/UnionDisassembler.tcl
20 ms. Memory: 581632K Free: 317117K (55%)
/home/travis/build/icyphy/ptII/ptolemy/actor/lib/test/VariableClock.tcl
preinitializing
resolving types
initializing
executing number 1
wrapping up
idle
3 ms. Memory: 581632K Free: 317117K (55%)
Completed execution with 11 iterations
preinitializing
resolving types
initializing
executing number 1
wrapping up
idle
5 ms. Memory: 581632K Free: 317117K (55%)
Completed execution with 10 iterations
02/16/19 04:54:05
Failed: 0  Total Tests: 234  ((Passed: 234, Newly Passed: 0)  Known Failed: 0) /home/travis/build/icyphy/ptII/ptolemy/actor/lib/test
----------------- testing (KnownFailure) /home/travis/build/icyphy/ptII/ptolemy/actor/lib/test/auto/knownFailedTests/PublisherPortToplevelSubscriber.xml
1 ms. Memory: 581632K Free: 297732K (51%)
Known Failure: java.lang.reflect.InvocationTargetException
----------------- testing (KnownFailure) /home/travis/build/icyphy/ptII/ptolemy/actor/lib/test/auto/knownFailedTests/PublisherSubscriberPortToplevel.xml
1 ms. Memory: 581632K Free: 278235K (48%)
Known Failure: java.lang.reflect.InvocationTargetException
----------------- testing (KnownFailure) /home/travis/build/icyphy/ptII/ptolemy/actor/lib/test/auto/knownFailedTests/PublisherSubscriptionAggregatorPort.xml
2 ms. Memory: 581632K Free: 258737K (44%)
Known Failure: java.lang.reflect.InvocationTargetException
----------------- testing (KnownFailure) /home/travis/build/icyphy/ptII/ptolemy/actor/lib/test/auto/knownFailedTests/sizedarray3.xml
4 ms. Memory: 581632K Free: 239240K (41%)
Known Failure: java.lang.reflect.InvocationTargetException
No auto/linux-amd64/*.xml tests in /home/travis/build/icyphy/ptII/ptolemy/actor/lib/test
AutoTests.java: About to close Vertx.
AutoTests.java: Vertx closed.

===========================================================================================
----------------- testing Sat Feb 16 04:54:05 UTC 2019 /home/travis/build/icyphy/ptII/ptolemy/actor/lib/test/auto/AbsoluteValue.xml
----------------- Instantiating /home/travis/build/icyphy/ptII/ptolemy/actor/lib/test/auto/AbsoluteValue.xml
11 ms. Memory: 581632K Free: 161475K (28%)
----------------- Invoking toplevel() on ptolemy.moml.MoMLSimpleApplication@b537344
----------------- Done invoking toplevel() on ptolemy.moml.MoMLSimpleApplication@b537344
reloadAllAccessors: .AbsoluteValue

===========================================================================================
----------------- testing Sat Feb 16 04:54:05 UTC 2019 /home/travis/build/icyphy/ptII/ptolemy/actor/lib/test/auto/AbsoluteValue2.xml
----------------- Instantiating /home/travis/build/icyphy/ptII/ptolemy/actor/lib/test/auto/AbsoluteValue2.xml
5 ms. Memory: 581632K Free: 146836K (25%)
----------------- Invoking toplevel() on ptolemy.moml.MoMLSimpleApplication@6d87dd26
----------------- Done invoking toplevel() on ptolemy.moml.MoMLSimpleApplication@6d87dd26
reloadAllAccessors: .AbsoluteValue2

===========================================================================================
----------------- testing Sat Feb 16 04:54:06 UTC 2019 /home/travis/build/icyphy/ptII/ptolemy/actor/lib/test/auto/Accumulator.xml
----------------- Instantiating /home/travis/build/icyphy/ptII/ptolemy/actor/lib/test/auto/Accumulator.xml
15 ms. Memory: 581632K Free: 137088K (24%)
----------------- Invoking toplevel() on ptolemy.moml.MoMLSimpleApplication@68b2019c
----------------- Done invoking toplevel() on ptolemy.moml.MoMLSimpleApplication@68b2019c
reloadAllAccessors: .Accumulator

===========================================================================================
----------------- testing Sat Feb 16 04:54:06 UTC 2019 /home/travis/build/icyphy/ptII/ptolemy/actor/lib/test/auto/Accumulator2.xml
----------------- Instantiating /home/travis/build/icyphy/ptII/ptolemy/actor/lib/test/auto/Accumulator2.xml
7 ms. Memory: 581632K Free: 117702K (20%)
----------------- Invoking toplevel() on ptolemy.moml.MoMLSimpleApplication@6a88a9d6
----------------- Done invoking toplevel() on ptolemy.moml.MoMLSimpleApplication@6a88a9d6
reloadAllAccessors: .Accumulator2

===========================================================================================
----------------- testing Sat Feb 16 04:54:06 UTC 2019 /home/travis/build/icyphy/ptII/ptolemy/actor/lib/test/auto/Accumulator3.xml
----------------- Instantiating /home/travis/build/icyphy/ptII/ptolemy/actor/lib/test/auto/Accumulator3.xml
3 ms. Memory: 581632K Free: 107954K (19%)
----------------- Invoking toplevel() on ptolemy.moml.MoMLSimpleApplication@45b1ff59
----------------- Done invoking toplevel() on ptolemy.moml.MoMLSimpleApplication@45b1ff59
reloadAllAccessors: .Accumulator3

===========================================================================================
----------------- testing Sat Feb 16 04:54:06 UTC 2019 /home/travis/build/icyphy/ptII/ptolemy/actor/lib/test/auto/ArrayAppend.xml
----------------- Instantiating /home/travis/build/icyphy/ptII/ptolemy/actor/lib/test/auto/ArrayAppend.xml
4 ms. Memory: 581632K Free: 98205K (17%)
----------------- Invoking toplevel() on ptolemy.moml.MoMLSimpleApplication@74bd8316
----------------- Done invoking toplevel() on ptolemy.moml.MoMLSimpleApplication@74bd8316
reloadAllAccessors: .ArrayAppend

===========================================================================================
----------------- testing Sat Feb 16 04:54:06 UTC 2019 /home/travis/build/icyphy/ptII/ptolemy/actor/lib/test/auto/ArrayAppend2.xml
----------------- Instantiating /home/travis/build/icyphy/ptII/ptolemy/actor/lib/test/auto/ArrayAppend2.xml
479 ms. Memory: 582656K Free: 502539K (86%)
----------------- Invoking toplevel() on ptolemy.moml.MoMLSimpleApplication@45d095d4
----------------- Done invoking toplevel() on ptolemy.moml.MoMLSimpleApplication@45d095d4
reloadAllAccessors: .ArrayAppend2

===========================================================================================
----------------- testing Sat Feb 16 04:54:06 UTC 2019 /home/travis/build/icyphy/ptII/ptolemy/actor/lib/test/auto/ArrayAppend3.xml
----------------- Instantiating /home/travis/build/icyphy/ptII/ptolemy/actor/lib/test/auto/ArrayAppend3.xml
3 ms. Memory: 582656K Free: 485294K (83%)
----------------- Invoking toplevel() on ptolemy.moml.MoMLSimpleApplication@e9b296e
----------------- Done invoking toplevel() on ptolemy.moml.MoMLSimpleApplication@e9b296e
reloadAllAccessors: .ArrayAppend3

===========================================================================================
----------------- testing Sat Feb 16 04:54:06 UTC 2019 /home/travis/build/icyphy/ptII/ptolemy/actor/lib/test/auto/ArrayAppend4.xml
----------------- Instantiating /home/travis/build/icyphy/ptII/ptolemy/actor/lib/test/auto/ArrayAppend4.xml
16 ms. Memory: 582656K Free: 478795K (82%)
----------------- Invoking toplevel() on ptolemy.moml.MoMLSimpleApplication@420785f1
----------------- Done invoking toplevel() on ptolemy.moml.MoMLSimpleApplication@420785f1
reloadAllAccessors: .ArrayAppend4

===========================================================================================
----------------- testing Sat Feb 16 04:54:06 UTC 2019 /home/travis/build/icyphy/ptII/ptolemy/actor/lib/test/auto/ArrayAppend5.xml
----------------- Instantiating /home/travis/build/icyphy/ptII/ptolemy/actor/lib/test/auto/ArrayAppend5.xml
1 ms. Memory: 582656K Free: 472296K (81%)
----------------- Invoking toplevel() on ptolemy.moml.MoMLSimpleApplication@7db6c555
----------------- Done invoking toplevel() on ptolemy.moml.MoMLSimpleApplication@7db6c555
reloadAllAccessors: .ArrayAppend5

===========================================================================================
----------------- testing Sat Feb 16 04:54:06 UTC 2019 /home/travis/build/icyphy/ptII/ptolemy/actor/lib/test/auto/ArrayAppend6.xml
----------------- Instantiating /home/travis/build/icyphy/ptII/ptolemy/actor/lib/test/auto/ArrayAppend6.xml
4 ms. Memory: 582656K Free: 457643K (79%)
----------------- Invoking toplevel() on ptolemy.moml.MoMLSimpleApplication@2709f385
----------------- Done invoking toplevel() on ptolemy.moml.MoMLSimpleApplication@2709f385
reloadAllAccessors: .ArrayAppend6

===========================================================================================
----------------- testing Sat Feb 16 04:54:06 UTC 2019 /home/travis/build/icyphy/ptII/ptolemy/actor/lib/test/auto/ArrayAppendPerformanceTest.xml
----------------- Instantiating /home/travis/build/icyphy/ptII/ptolemy/actor/lib/test/auto/ArrayAppendPerformanceTest.xml
27 ms. Memory: 582656K Free: 444629K (76%)
----------------- Invoking toplevel() on ptolemy.moml.MoMLSimpleApplication@3f7af742
----------------- Done invoking toplevel() on ptolemy.moml.MoMLSimpleApplication@3f7af742
reloadAllAccessors: .ArrayAppendPerformanceTest

===========================================================================================
----------------- testing Sat Feb 16 04:54:06 UTC 2019 /home/travis/build/icyphy/ptII/ptolemy/actor/lib/test/auto/ArrayAppendWithEmptyInput.xml
----------------- Instantiating /home/travis/build/icyphy/ptII/ptolemy/actor/lib/test/auto/ArrayAppendWithEmptyInput.xml
7 ms. Memory: 582656K Free: 434864K (75%)
----------------- Invoking toplevel() on ptolemy.moml.MoMLSimpleApplication@399990fc
----------------- Done invoking toplevel() on ptolemy.moml.MoMLSimpleApplication@399990fc
reloadAllAccessors: .ArrayAppendWithEmptyInput

===========================================================================================
----------------- testing Sat Feb 16 04:54:07 UTC 2019 /home/travis/build/icyphy/ptII/ptolemy/actor/lib/test/auto/ArrayAverage.xml
----------------- Instantiating /home/travis/build/icyphy/ptII/ptolemy/actor/lib/test/auto/ArrayAverage.xml
4 ms. Memory: 582656K Free: 425100K (73%)
----------------- Invoking toplevel() on ptolemy.moml.MoMLSimpleApplication@8c2318
----------------- Done invoking toplevel() on ptolemy.moml.MoMLSimpleApplication@8c2318
reloadAllAccessors: .ArrayAverage

===========================================================================================
----------------- testing Sat Feb 16 04:54:07 UTC 2019 /home/travis/build/icyphy/ptII/ptolemy/actor/lib/test/auto/ArrayContains.xml
----------------- Instantiating /home/travis/build/icyphy/ptII/ptolemy/actor/lib/test/auto/ArrayContains.xml
7 ms. Memory: 582656K Free: 407190K (70%)
----------------- Invoking toplevel() on ptolemy.moml.MoMLSimpleApplication@8b888f7
----------------- Done invoking toplevel() on ptolemy.moml.MoMLSimpleApplication@8b888f7
reloadAllAccessors: .ArrayContains

===========================================================================================
----------------- testing Sat Feb 16 04:54:07 UTC 2019 /home/travis/build/icyphy/ptII/ptolemy/actor/lib/test/auto/ArrayElement.xml
----------------- Instantiating /home/travis/build/icyphy/ptII/ptolemy/actor/lib/test/auto/ArrayElement.xml
10 ms. Memory: 582656K Free: 400691K (69%)
----------------- Invoking toplevel() on ptolemy.moml.MoMLSimpleApplication@7a5ffd1
----------------- Done invoking toplevel() on ptolemy.moml.MoMLSimpleApplication@7a5ffd1
reloadAllAccessors: .ArrayElement

===========================================================================================
----------------- testing Sat Feb 16 04:54:07 UTC 2019 /home/travis/build/icyphy/ptII/ptolemy/actor/lib/test/auto/ArrayElementAsMatrix.xml
----------------- Instantiating /home/travis/build/icyphy/ptII/ptolemy/actor/lib/test/auto/ArrayElementAsMatrix.xml
21 ms. Memory: 582656K Free: 390926K (67%)
----------------- Invoking toplevel() on ptolemy.moml.MoMLSimpleApplication@2b8a87cb
----------------- Done invoking toplevel() on ptolemy.moml.MoMLSimpleApplication@2b8a87cb
reloadAllAccessors: .ArrayElementAsMatrix

===========================================================================================
----------------- testing Sat Feb 16 04:54:07 UTC 2019 /home/travis/build/icyphy/ptII/ptolemy/actor/lib/test/auto/ArrayElementI.xml
----------------- Instantiating /home/travis/build/icyphy/ptII/ptolemy/actor/lib/test/auto/ArrayElementI.xml
5 ms. Memory: 582656K Free: 384427K (66%)
----------------- Invoking toplevel() on ptolemy.moml.MoMLSimpleApplication@701aa65a
----------------- Done invoking toplevel() on ptolemy.moml.MoMLSimpleApplication@701aa65a
reloadAllAccessors: .ArrayElementI

===========================================================================================
----------------- testing Sat Feb 16 04:54:07 UTC 2019 /home/travis/build/icyphy/ptII/ptolemy/actor/lib/test/auto/ArrayExtract.xml
----------------- Instantiating /home/travis/build/icyphy/ptII/ptolemy/actor/lib/test/auto/ArrayExtract.xml
5 ms. Memory: 582656K Free: 366510K (63%)
----------------- Invoking toplevel() on ptolemy.moml.MoMLSimpleApplication@64021e5a
----------------- Done invoking toplevel() on ptolemy.moml.MoMLSimpleApplication@64021e5a
reloadAllAccessors: .ArrayExtract

===========================================================================================
----------------- testing Sat Feb 16 04:54:07 UTC 2019 /home/travis/build/icyphy/ptII/ptolemy/actor/lib/test/auto/ArrayExtract2.xml
----------------- Instantiating /home/travis/build/icyphy/ptII/ptolemy/actor/lib/test/auto/ArrayExtract2.xml
2 ms. Memory: 582656K Free: 360011K (62%)
----------------- Invoking toplevel() on ptolemy.moml.MoMLSimpleApplication@43acf44a
----------------- Done invoking toplevel() on ptolemy.moml.MoMLSimpleApplication@43acf44a
reloadAllAccessors: .ArrayExtract2

===========================================================================================
----------------- testing Sat Feb 16 04:54:07 UTC 2019 /home/travis/build/icyphy/ptII/ptolemy/actor/lib/test/auto/ArrayLength.xml
----------------- Instantiating /home/travis/build/icyphy/ptII/ptolemy/actor/lib/test/auto/ArrayLength.xml
1 ms. Memory: 582656K Free: 353512K (61%)
----------------- Invoking toplevel() on ptolemy.moml.MoMLSimpleApplication@34912fb3
----------------- Done invoking toplevel() on ptolemy.moml.MoMLSimpleApplication@34912fb3
reloadAllAccessors: .ArrayLength

===========================================================================================
----------------- testing Sat Feb 16 04:54:07 UTC 2019 /home/travis/build/icyphy/ptII/ptolemy/actor/lib/test/auto/ArrayLevelCrossing.xml
----------------- Instantiating /home/travis/build/icyphy/ptII/ptolemy/actor/lib/test/auto/ArrayLevelCrossing.xml
3 ms. Memory: 582656K Free: 335594K (58%)
----------------- Invoking toplevel() on ptolemy.moml.MoMLSimpleApplication@3dffacd7
----------------- Done invoking toplevel() on ptolemy.moml.MoMLSimpleApplication@3dffacd7
reloadAllAccessors: .ArrayLevelCrossing

===========================================================================================
----------------- testing Sat Feb 16 04:54:07 UTC 2019 /home/travis/build/icyphy/ptII/ptolemy/actor/lib/test/auto/ArrayLevelCrossing2.xml
----------------- Instantiating /home/travis/build/icyphy/ptII/ptolemy/actor/lib/test/auto/ArrayLevelCrossing2.xml
3 ms. Memory: 582656K Free: 325845K (56%)
----------------- Invoking toplevel() on ptolemy.moml.MoMLSimpleApplication@7957ce2a
----------------- Done invoking toplevel() on ptolemy.moml.MoMLSimpleApplication@7957ce2a
reloadAllAccessors: .ArrayLevelCrossing2

===========================================================================================
----------------- testing Sat Feb 16 04:54:07 UTC 2019 /home/travis/build/icyphy/ptII/ptolemy/actor/lib/test/auto/ArrayPeakSearch.xml
----------------- Instantiating /home/travis/build/icyphy/ptII/ptolemy/actor/lib/test/auto/ArrayPeakSearch.xml
5 ms. Memory: 582656K Free: 316081K (54%)
----------------- Invoking toplevel() on ptolemy.moml.MoMLSimpleApplication@1288122c
----------------- Done invoking toplevel() on ptolemy.moml.MoMLSimpleApplication@1288122c
reloadAllAccessors: .ArrayPeakSearch

===========================================================================================
----------------- testing Sat Feb 16 04:54:07 UTC 2019 /home/travis/build/icyphy/ptII/ptolemy/actor/lib/test/auto/ArrayPeakSearch2.xml
----------------- Instantiating /home/travis/build/icyphy/ptII/ptolemy/actor/lib/test/auto/ArrayPeakSearch2.xml
4 ms. Memory: 582656K Free: 299817K (51%)
----------------- Invoking toplevel() on ptolemy.moml.MoMLSimpleApplication@55040bbb
----------------- Done invoking toplevel() on ptolemy.moml.MoMLSimpleApplication@55040bbb
reloadAllAccessors: .ArrayPeakSearch2

===========================================================================================
----------------- testing Sat Feb 16 04:54:07 UTC 2019 /home/travis/build/icyphy/ptII/ptolemy/actor/lib/test/auto/ArrayPeakSearch3.xml
----------------- Instantiating /home/travis/build/icyphy/ptII/ptolemy/actor/lib/test/auto/ArrayPeakSearch3.xml
5 ms. Memory: 582656K Free: 278634K (48%)
----------------- Invoking toplevel() on ptolemy.moml.MoMLSimpleApplication@ab9bf33
----------------- Done invoking toplevel() on ptolemy.moml.MoMLSimpleApplication@ab9bf33
reloadAllAccessors: .ArrayPeakSearch3

===========================================================================================
----------------- testing Sat Feb 16 04:54:07 UTC 2019 /home/travis/build/icyphy/ptII/ptolemy/actor/lib/test/auto/ArrayRemoveElement.xml
----------------- Instantiating /home/travis/build/icyphy/ptII/ptolemy/actor/lib/test/auto/ArrayRemoveElement.xml
6 ms. Memory: 582656K Free: 268869K (46%)
----------------- Invoking toplevel() on ptolemy.moml.MoMLSimpleApplication@693fd41
----------------- Done invoking toplevel() on ptolemy.moml.MoMLSimpleApplication@693fd41
reloadAllAccessors: .ArrayRemoveElement

===========================================================================================
----------------- testing Sat Feb 16 04:54:07 UTC 2019 /home/travis/build/icyphy/ptII/ptolemy/actor/lib/test/auto/ArraySort.xml
----------------- Instantiating /home/travis/build/icyphy/ptII/ptolemy/actor/lib/test/auto/ArraySort.xml
5 ms. Memory: 582656K Free: 255855K (44%)
----------------- Invoking toplevel() on ptolemy.moml.MoMLSimpleApplication@4fbc871e
----------------- Done invoking toplevel() on ptolemy.moml.MoMLSimpleApplication@4fbc871e
reloadAllAccessors: .ArraySort

===========================================================================================
----------------- testing Sat Feb 16 04:54:07 UTC 2019 /home/travis/build/icyphy/ptII/ptolemy/actor/lib/test/auto/ArraySum.xml
----------------- Instantiating /home/travis/build/icyphy/ptII/ptolemy/actor/lib/test/auto/ArraySum.xml
6 ms. Memory: 582656K Free: 249356K (43%)
----------------- Invoking toplevel() on ptolemy.moml.MoMLSimpleApplication@7f33f4f2
----------------- Done invoking toplevel() on ptolemy.moml.MoMLSimpleApplication@7f33f4f2
reloadAllAccessors: .ArraySum

===========================================================================================
----------------- testing Sat Feb 16 04:54:07 UTC 2019 /home/travis/build/icyphy/ptII/ptolemy/actor/lib/test/auto/ArrayToElements.xml
----------------- Instantiating /home/travis/build/icyphy/ptII/ptolemy/actor/lib/test/auto/ArrayToElements.xml
7 ms. Memory: 582656K Free: 231439K (40%)
----------------- Invoking toplevel() on ptolemy.moml.MoMLSimpleApplication@1038a063
----------------- Done invoking toplevel() on ptolemy.moml.MoMLSimpleApplication@1038a063
reloadAllAccessors: .ArrayToElements

===========================================================================================
----------------- testing Sat Feb 16 04:54:07 UTC 2019 /home/travis/build/icyphy/ptII/ptolemy/actor/lib/test/auto/ArrayToMatrix.xml
----------------- Instantiating /home/travis/build/icyphy/ptII/ptolemy/actor/lib/test/auto/ArrayToMatrix.xml
9 ms. Memory: 582656K Free: 215159K (37%)
----------------- Invoking toplevel() on ptolemy.moml.MoMLSimpleApplication@352cff32
----------------- Done invoking toplevel() on ptolemy.moml.MoMLSimpleApplication@352cff32
reloadAllAccessors: .ArrayToMatrix

===========================================================================================
----------------- testing Sat Feb 16 04:54:07 UTC 2019 /home/travis/build/icyphy/ptII/ptolemy/actor/lib/test/auto/ArrayUpdate1.xml
----------------- Instantiating /home/travis/build/icyphy/ptII/ptolemy/actor/lib/test/auto/ArrayUpdate1.xml
8 ms. Memory: 582656K Free: 208660K (36%)
----------------- Invoking toplevel() on ptolemy.moml.MoMLSimpleApplication@65de6262
----------------- Done invoking toplevel() on ptolemy.moml.MoMLSimpleApplication@65de6262
reloadAllAccessors: .ArrayUpdate1

===========================================================================================
----------------- testing Sat Feb 16 04:54:07 UTC 2019 /home/travis/build/icyphy/ptII/ptolemy/actor/lib/test/auto/ArrayUpdate2.xml
----------------- Instantiating /home/travis/build/icyphy/ptII/ptolemy/actor/lib/test/auto/ArrayUpdate2.xml
2 ms. Memory: 582656K Free: 190758K (33%)
----------------- Invoking toplevel() on ptolemy.moml.MoMLSimpleApplication@21a262c2
----------------- Done invoking toplevel() on ptolemy.moml.MoMLSimpleApplication@21a262c2
reloadAllAccessors: .ArrayUpdate2

===========================================================================================
----------------- testing Sat Feb 16 04:54:07 UTC 2019 /home/travis/build/icyphy/ptII/ptolemy/actor/lib/test/auto/ArrayUpdate3.xml
----------------- Instantiating /home/travis/build/icyphy/ptII/ptolemy/actor/lib/test/auto/ArrayUpdate3.xml
6 ms. Memory: 582656K Free: 184259K (32%)
----------------- Invoking toplevel() on ptolemy.moml.MoMLSimpleApplication@44517114
----------------- Done invoking toplevel() on ptolemy.moml.MoMLSimpleApplication@44517114
reloadAllAccessors: .ArrayUpdate3

===========================================================================================
----------------- testing Sat Feb 16 04:54:07 UTC 2019 /home/travis/build/icyphy/ptII/ptolemy/actor/lib/test/auto/Assert1.xml
----------------- Instantiating /home/travis/build/icyphy/ptII/ptolemy/actor/lib/test/auto/Assert1.xml
3 ms. Memory: 582656K Free: 177760K (31%)
----------------- Invoking toplevel() on ptolemy.moml.MoMLSimpleApplication@45956c4f
----------------- Done invoking toplevel() on ptolemy.moml.MoMLSimpleApplication@45956c4f
reloadAllAccessors: .Assert1

===========================================================================================
----------------- testing Sat Feb 16 04:54:07 UTC 2019 /home/travis/build/icyphy/ptII/ptolemy/actor/lib/test/auto/Assert2.xml
----------------- Instantiating /home/travis/build/icyphy/ptII/ptolemy/actor/lib/test/auto/Assert2.xml
6 ms. Memory: 582656K Free: 171261K (29%)
----------------- Invoking toplevel() on ptolemy.moml.MoMLSimpleApplication@1fb1e59d
----------------- Done invoking toplevel() on ptolemy.moml.MoMLSimpleApplication@1fb1e59d
reloadAllAccessors: .Assert2

===========================================================================================
----------------- testing Sat Feb 16 04:54:07 UTC 2019 /home/travis/build/icyphy/ptII/ptolemy/actor/lib/test/auto/BooleanMultiplexor.xml
----------------- Instantiating /home/travis/build/icyphy/ptII/ptolemy/actor/lib/test/auto/BooleanMultiplexor.xml
2 ms. Memory: 582656K Free: 153343K (26%)
----------------- Invoking toplevel() on ptolemy.moml.MoMLSimpleApplication@42a5d064
----------------- Done invoking toplevel() on ptolemy.moml.MoMLSimpleApplication@42a5d064
reloadAllAccessors: .BooleanMultiplexor

===========================================================================================
----------------- testing Sat Feb 16 04:54:07 UTC 2019 /home/travis/build/icyphy/ptII/ptolemy/actor/lib/test/auto/BooleanMultiplexor2.xml
----------------- Instantiating /home/travis/build/icyphy/ptII/ptolemy/actor/lib/test/auto/BooleanMultiplexor2.xml
6 ms. Memory: 582656K Free: 143579K (25%)
----------------- Invoking toplevel() on ptolemy.moml.MoMLSimpleApplication@77dd335
----------------- Done invoking toplevel() on ptolemy.moml.MoMLSimpleApplication@77dd335
reloadAllAccessors: .BooleanMultiplexor2

===========================================================================================
----------------- testing Sat Feb 16 04:54:07 UTC 2019 /home/travis/build/icyphy/ptII/ptolemy/actor/lib/test/auto/BooleanMultiplexor3.xml
----------------- Instantiating /home/travis/build/icyphy/ptII/ptolemy/actor/lib/test/auto/BooleanMultiplexor3.xml
2 ms. Memory: 582656K Free: 137080K (24%)
----------------- Invoking toplevel() on ptolemy.moml.MoMLSimpleApplication@7fb70295
----------------- Done invoking toplevel() on ptolemy.moml.MoMLSimpleApplication@7fb70295
reloadAllAccessors: .BooleanMultiplexor3

===========================================================================================
----------------- testing Sat Feb 16 04:54:07 UTC 2019 /home/travis/build/icyphy/ptII/ptolemy/actor/lib/test/auto/BooleanSelect.xml
----------------- Instantiating /home/travis/build/icyphy/ptII/ptolemy/actor/lib/test/auto/BooleanSelect.xml
3 ms. Memory: 582656K Free: 127315K (22%)
----------------- Invoking toplevel() on ptolemy.moml.MoMLSimpleApplication@797846f9
----------------- Done invoking toplevel() on ptolemy.moml.MoMLSimpleApplication@797846f9
reloadAllAccessors: .BooleanSelect

===========================================================================================
----------------- testing Sat Feb 16 04:54:07 UTC 2019 /home/travis/build/icyphy/ptII/ptolemy/actor/lib/test/auto/BooleanSelect2.xml
----------------- Instantiating /home/travis/build/icyphy/ptII/ptolemy/actor/lib/test/auto/BooleanSelect2.xml
1 ms. Memory: 582656K Free: 112663K (19%)
----------------- Invoking toplevel() on ptolemy.moml.MoMLSimpleApplication@591501c4
----------------- Done invoking toplevel() on ptolemy.moml.MoMLSimpleApplication@591501c4
reloadAllAccessors: .BooleanSelect2

===========================================================================================
----------------- testing Sat Feb 16 04:54:08 UTC 2019 /home/travis/build/icyphy/ptII/ptolemy/actor/lib/test/auto/BooleanSwitch.xml
----------------- Instantiating /home/travis/build/icyphy/ptII/ptolemy/actor/lib/test/auto/BooleanSwitch.xml
2 ms. Memory: 582656K Free: 102898K (18%)
----------------- Invoking toplevel() on ptolemy.moml.MoMLSimpleApplication@70f917cc
----------------- Done invoking toplevel() on ptolemy.moml.MoMLSimpleApplication@70f917cc
reloadAllAccessors: .BooleanSwitch

===========================================================================================
----------------- testing Sat Feb 16 04:54:08 UTC 2019 /home/travis/build/icyphy/ptII/ptolemy/actor/lib/test/auto/BooleanSwitch2.xml
----------------- Instantiating /home/travis/build/icyphy/ptII/ptolemy/actor/lib/test/auto/BooleanSwitch2.xml
1 ms. Memory: 582656K Free: 96399K (17%)
----------------- Invoking toplevel() on ptolemy.moml.MoMLSimpleApplication@5b0507b3
----------------- Done invoking toplevel() on ptolemy.moml.MoMLSimpleApplication@5b0507b3
reloadAllAccessors: .BooleanSwitch2

===========================================================================================
----------------- testing Sat Feb 16 04:54:08 UTC 2019 /home/travis/build/icyphy/ptII/ptolemy/actor/lib/test/auto/BooleanSwitchCloningBugWithClassRelationGroup.xml
----------------- Instantiating /home/travis/build/icyphy/ptII/ptolemy/actor/lib/test/auto/BooleanSwitchCloningBugWithClassRelationGroup.xml
3 ms. Memory: 582656K Free: 78481K (13%)
----------------- Invoking toplevel() on ptolemy.moml.MoMLSimpleApplication@69c5135
----------------- Done invoking toplevel() on ptolemy.moml.MoMLSimpleApplication@69c5135
reloadAllAccessors: .BooleanSwitchCloningBugWithClassRelationGroup

===========================================================================================
----------------- testing Sat Feb 16 04:54:08 UTC 2019 /home/travis/build/icyphy/ptII/ptolemy/actor/lib/test/auto/BusActors.xml
----------------- Instantiating /home/travis/build/icyphy/ptII/ptolemy/actor/lib/test/auto/BusActors.xml
4 ms. Memory: 582656K Free: 68717K (12%)
----------------- Invoking toplevel() on ptolemy.moml.MoMLSimpleApplication@60f7b6aa
----------------- Done invoking toplevel() on ptolemy.moml.MoMLSimpleApplication@60f7b6aa
reloadAllAccessors: .BusActors

===========================================================================================
----------------- testing Sat Feb 16 04:54:08 UTC 2019 /home/travis/build/icyphy/ptII/ptolemy/actor/lib/test/auto/ClassWrapper.xml
----------------- Instantiating /home/travis/build/icyphy/ptII/ptolemy/actor/lib/test/auto/ClassWrapper.xml
2 ms. Memory: 582656K Free: 62218K (11%)
----------------- Invoking toplevel() on ptolemy.moml.MoMLSimpleApplication@5af71199
----------------- Done invoking toplevel() on ptolemy.moml.MoMLSimpleApplication@5af71199
reloadAllAccessors: .ClassWrapper

===========================================================================================
----------------- testing Sat Feb 16 04:54:08 UTC 2019 /home/travis/build/icyphy/ptII/ptolemy/actor/lib/test/auto/Clock.xml
----------------- Instantiating /home/travis/build/icyphy/ptII/ptolemy/actor/lib/test/auto/Clock.xml
2 ms. Memory: 582656K Free: 55719K (10%)
----------------- Invoking toplevel() on ptolemy.moml.MoMLSimpleApplication@632d0a6c
----------------- Done invoking toplevel() on ptolemy.moml.MoMLSimpleApplication@632d0a6c
reloadAllAccessors: .Clock

===========================================================================================
----------------- testing Sat Feb 16 04:54:08 UTC 2019 /home/travis/build/icyphy/ptII/ptolemy/actor/lib/test/auto/Clock10.xml
----------------- Instantiating /home/travis/build/icyphy/ptII/ptolemy/actor/lib/test/auto/Clock10.xml
4 ms. Memory: 880640K Free: 828626K (94%)
----------------- Invoking toplevel() on ptolemy.moml.MoMLSimpleApplication@320f67cf
----------------- Done invoking toplevel() on ptolemy.moml.MoMLSimpleApplication@320f67cf
reloadAllAccessors: .Clock10

===========================================================================================
----------------- testing Sat Feb 16 04:54:08 UTC 2019 /home/travis/build/icyphy/ptII/ptolemy/actor/lib/test/auto/Clock11.xml
----------------- Instantiating /home/travis/build/icyphy/ptII/ptolemy/actor/lib/test/auto/Clock11.xml
6 ms. Memory: 880640K Free: 808659K (92%)
----------------- Invoking toplevel() on ptolemy.moml.MoMLSimpleApplication@51a653f6
----------------- Done invoking toplevel() on ptolemy.moml.MoMLSimpleApplication@51a653f6
reloadAllAccessors: .Clock11

===========================================================================================
----------------- testing Sat Feb 16 04:54:08 UTC 2019 /home/travis/build/icyphy/ptII/ptolemy/actor/lib/test/auto/Clock12.xml
----------------- Instantiating /home/travis/build/icyphy/ptII/ptolemy/actor/lib/test/auto/Clock12.xml
4 ms. Memory: 880640K Free: 798255K (91%)
----------------- Invoking toplevel() on ptolemy.moml.MoMLSimpleApplication@1cd81d0e
----------------- Done invoking toplevel() on ptolemy.moml.MoMLSimpleApplication@1cd81d0e
reloadAllAccessors: .Clock12

===========================================================================================
----------------- testing Sat Feb 16 04:54:08 UTC 2019 /home/travis/build/icyphy/ptII/ptolemy/actor/lib/test/auto/Clock13.xml
----------------- Instantiating /home/travis/build/icyphy/ptII/ptolemy/actor/lib/test/auto/Clock13.xml
2 ms. Memory: 880640K Free: 787851K (89%)
----------------- Invoking toplevel() on ptolemy.moml.MoMLSimpleApplication@737fbe6e
----------------- Done invoking toplevel() on ptolemy.moml.MoMLSimpleApplication@737fbe6e
reloadAllAccessors: .Clock13

===========================================================================================
----------------- testing Sat Feb 16 04:54:08 UTC 2019 /home/travis/build/icyphy/ptII/ptolemy/actor/lib/test/auto/Clock14.xml
----------------- Instantiating /home/travis/build/icyphy/ptII/ptolemy/actor/lib/test/auto/Clock14.xml
3 ms. Memory: 880640K Free: 777447K (88%)
----------------- Invoking toplevel() on ptolemy.moml.MoMLSimpleApplication@7f47282a
----------------- Done invoking toplevel() on ptolemy.moml.MoMLSimpleApplication@7f47282a
reloadAllAccessors: .Clock14

===========================================================================================
----------------- testing Sat Feb 16 04:54:08 UTC 2019 /home/travis/build/icyphy/ptII/ptolemy/actor/lib/test/auto/Clock15.xml
----------------- Instantiating /home/travis/build/icyphy/ptII/ptolemy/actor/lib/test/auto/Clock15.xml
6 ms. Memory: 880640K Free: 757480K (86%)
----------------- Invoking toplevel() on ptolemy.moml.MoMLSimpleApplication@3ea2db8f
----------------- Done invoking toplevel() on ptolemy.moml.MoMLSimpleApplication@3ea2db8f
reloadAllAccessors: .Clock15

===========================================================================================
----------------- testing Sat Feb 16 04:54:08 UTC 2019 /home/travis/build/icyphy/ptII/ptolemy/actor/lib/test/auto/Clock16.xml
----------------- Instantiating /home/travis/build/icyphy/ptII/ptolemy/actor/lib/test/auto/Clock16.xml
27 ms. Memory: 880640K Free: 741858K (84%)
----------------- Invoking toplevel() on ptolemy.moml.MoMLSimpleApplication@71db64c2
----------------- Done invoking toplevel() on ptolemy.moml.MoMLSimpleApplication@71db64c2
reloadAllAccessors: .Clock16

===========================================================================================
----------------- testing Sat Feb 16 04:54:08 UTC 2019 /home/travis/build/icyphy/ptII/ptolemy/actor/lib/test/auto/Clock17.xml
----------------- Instantiating /home/travis/build/icyphy/ptII/ptolemy/actor/lib/test/auto/Clock17.xml
26 ms. Memory: 880640K Free: 726244K (82%)
----------------- Invoking toplevel() on ptolemy.moml.MoMLSimpleApplication@59f66710
----------------- Done invoking toplevel() on ptolemy.moml.MoMLSimpleApplication@59f66710
reloadAllAccessors: .Clock17

===========================================================================================
----------------- testing Sat Feb 16 04:54:08 UTC 2019 /home/travis/build/icyphy/ptII/ptolemy/actor/lib/test/auto/Clock18.xml
----------------- Instantiating /home/travis/build/icyphy/ptII/ptolemy/actor/lib/test/auto/Clock18.xml
19 ms. Memory: 880640K Free: 710622K (81%)
----------------- Invoking toplevel() on ptolemy.moml.MoMLSimpleApplication@451b8103
----------------- Done invoking toplevel() on ptolemy.moml.MoMLSimpleApplication@451b8103
reloadAllAccessors: .Clock18

===========================================================================================
----------------- testing Sat Feb 16 04:54:08 UTC 2019 /home/travis/build/icyphy/ptII/ptolemy/actor/lib/test/auto/Clock19.xml
----------------- Instantiating /home/travis/build/icyphy/ptII/ptolemy/actor/lib/test/auto/Clock19.xml
7 ms. Memory: 880640K Free: 685437K (78%)
----------------- Invoking toplevel() on ptolemy.moml.MoMLSimpleApplication@ebfe6d8
----------------- Done invoking toplevel() on ptolemy.moml.MoMLSimpleApplication@ebfe6d8
reloadAllAccessors: .Clock19

===========================================================================================
----------------- testing Sat Feb 16 04:54:08 UTC 2019 /home/travis/build/icyphy/ptII/ptolemy/actor/lib/test/auto/Clock2.xml
----------------- Instantiating /home/travis/build/icyphy/ptII/ptolemy/actor/lib/test/auto/Clock2.xml
5 ms. Memory: 880640K Free: 675033K (77%)
----------------- Invoking toplevel() on ptolemy.moml.MoMLSimpleApplication@479feec3
----------------- Done invoking toplevel() on ptolemy.moml.MoMLSimpleApplication@479feec3
reloadAllAccessors: .Clock2

===========================================================================================
----------------- testing Sat Feb 16 04:54:08 UTC 2019 /home/travis/build/icyphy/ptII/ptolemy/actor/lib/test/auto/Clock20.xml
----------------- Instantiating /home/travis/build/icyphy/ptII/ptolemy/actor/lib/test/auto/Clock20.xml
9 ms. Memory: 880640K Free: 664629K (75%)
----------------- Invoking toplevel() on ptolemy.moml.MoMLSimpleApplication@4c85fa64
----------------- Done invoking toplevel() on ptolemy.moml.MoMLSimpleApplication@4c85fa64
reloadAllAccessors: .Clock20

===========================================================================================
----------------- testing Sat Feb 16 04:54:08 UTC 2019 /home/travis/build/icyphy/ptII/ptolemy/actor/lib/test/auto/Clock21.xml
----------------- Instantiating /home/travis/build/icyphy/ptII/ptolemy/actor/lib/test/auto/Clock21.xml
1 ms. Memory: 880640K Free: 654225K (74%)
----------------- Invoking toplevel() on ptolemy.moml.MoMLSimpleApplication@17570f99
----------------- Done invoking toplevel() on ptolemy.moml.MoMLSimpleApplication@17570f99
reloadAllAccessors: .Clock21

===========================================================================================
----------------- testing Sat Feb 16 04:54:08 UTC 2019 /home/travis/build/icyphy/ptII/ptolemy/actor/lib/test/auto/Clock22.xml
----------------- Instantiating /home/travis/build/icyphy/ptII/ptolemy/actor/lib/test/auto/Clock22.xml
2 ms. Memory: 880640K Free: 634258K (72%)
----------------- Invoking toplevel() on ptolemy.moml.MoMLSimpleApplication@41ec1b25
----------------- Done invoking toplevel() on ptolemy.moml.MoMLSimpleApplication@41ec1b25
reloadAllAccessors: .Clock22

===========================================================================================
----------------- testing Sat Feb 16 04:54:08 UTC 2019 /home/travis/build/icyphy/ptII/ptolemy/actor/lib/test/auto/Clock23.xml
----------------- Instantiating /home/travis/build/icyphy/ptII/ptolemy/actor/lib/test/auto/Clock23.xml
2 ms. Memory: 880640K Free: 623854K (71%)
----------------- Invoking toplevel() on ptolemy.moml.MoMLSimpleApplication@436a44b3
----------------- Done invoking toplevel() on ptolemy.moml.MoMLSimpleApplication@436a44b3
reloadAllAccessors: .Clock23

===========================================================================================
----------------- testing Sat Feb 16 04:54:08 UTC 2019 /home/travis/build/icyphy/ptII/ptolemy/actor/lib/test/auto/Clock24.xml
----------------- Instantiating /home/travis/build/icyphy/ptII/ptolemy/actor/lib/test/auto/Clock24.xml
3 ms. Memory: 880640K Free: 613450K (70%)
----------------- Invoking toplevel() on ptolemy.moml.MoMLSimpleApplication@1205e40d
----------------- Done invoking toplevel() on ptolemy.moml.MoMLSimpleApplication@1205e40d
reloadAllAccessors: .Clock24

===========================================================================================
----------------- testing Sat Feb 16 04:54:08 UTC 2019 /home/travis/build/icyphy/ptII/ptolemy/actor/lib/test/auto/Clock4.xml
----------------- Instantiating /home/travis/build/icyphy/ptII/ptolemy/actor/lib/test/auto/Clock4.xml
2 ms. Memory: 880640K Free: 603046K (68%)
----------------- Invoking toplevel() on ptolemy.moml.MoMLSimpleApplication@1c6ee942
----------------- Done invoking toplevel() on ptolemy.moml.MoMLSimpleApplication@1c6ee942
reloadAllAccessors: .Clock4

===========================================================================================
----------------- testing Sat Feb 16 04:54:08 UTC 2019 /home/travis/build/icyphy/ptII/ptolemy/actor/lib/test/auto/Clock5.xml
----------------- Instantiating /home/travis/build/icyphy/ptII/ptolemy/actor/lib/test/auto/Clock5.xml
1 ms. Memory: 880640K Free: 592642K (67%)
----------------- Invoking toplevel() on ptolemy.moml.MoMLSimpleApplication@5c2abd8d
----------------- Done invoking toplevel() on ptolemy.moml.MoMLSimpleApplication@5c2abd8d
reloadAllAccessors: .Clock5

===========================================================================================
----------------- testing Sat Feb 16 04:54:08 UTC 2019 /home/travis/build/icyphy/ptII/ptolemy/actor/lib/test/auto/Clock6.xml
----------------- Instantiating /home/travis/build/icyphy/ptII/ptolemy/actor/lib/test/auto/Clock6.xml
1 ms. Memory: 880640K Free: 572675K (65%)
----------------- Invoking toplevel() on ptolemy.moml.MoMLSimpleApplication@36970224
----------------- Done invoking toplevel() on ptolemy.moml.MoMLSimpleApplication@36970224
reloadAllAccessors: .Clock6

===========================================================================================
----------------- testing Sat Feb 16 04:54:08 UTC 2019 /home/travis/build/icyphy/ptII/ptolemy/actor/lib/test/auto/Clock7.xml
----------------- Instantiating /home/travis/build/icyphy/ptII/ptolemy/actor/lib/test/auto/Clock7.xml
2 ms. Memory: 880640K Free: 562271K (64%)
----------------- Invoking toplevel() on ptolemy.moml.MoMLSimpleApplication@49f9191e
----------------- Done invoking toplevel() on ptolemy.moml.MoMLSimpleApplication@49f9191e
reloadAllAccessors: .Clock7

===========================================================================================
----------------- testing Sat Feb 16 04:54:08 UTC 2019 /home/travis/build/icyphy/ptII/ptolemy/actor/lib/test/auto/Clock8.xml
----------------- Instantiating /home/travis/build/icyphy/ptII/ptolemy/actor/lib/test/auto/Clock8.xml
2 ms. Memory: 880640K Free: 551867K (63%)
----------------- Invoking toplevel() on ptolemy.moml.MoMLSimpleApplication@7b32614a
----------------- Done invoking toplevel() on ptolemy.moml.MoMLSimpleApplication@7b32614a
reloadAllAccessors: .Clock8

===========================================================================================
----------------- testing Sat Feb 16 04:54:08 UTC 2019 /home/travis/build/icyphy/ptII/ptolemy/actor/lib/test/auto/Clock9.xml
----------------- Instantiating /home/travis/build/icyphy/ptII/ptolemy/actor/lib/test/auto/Clock9.xml
2 ms. Memory: 880640K Free: 541463K (61%)
----------------- Invoking toplevel() on ptolemy.moml.MoMLSimpleApplication@113d956e
----------------- Done invoking toplevel() on ptolemy.moml.MoMLSimpleApplication@113d956e
reloadAllAccessors: .Clock9

===========================================================================================
----------------- testing Sat Feb 16 04:54:08 UTC 2019 /home/travis/build/icyphy/ptII/ptolemy/actor/lib/test/auto/CommDistDiscard.xml
----------------- Instantiating /home/travis/build/icyphy/ptII/ptolemy/actor/lib/test/auto/CommDistDiscard.xml
4 ms. Memory: 880640K Free: 521496K (59%)
----------------- Invoking toplevel() on ptolemy.moml.MoMLSimpleApplication@5ab536d
----------------- Done invoking toplevel() on ptolemy.moml.MoMLSimpleApplication@5ab536d
reloadAllAccessors: .CommDistDiscard

===========================================================================================
----------------- testing Sat Feb 16 04:54:08 UTC 2019 /home/travis/build/icyphy/ptII/ptolemy/actor/lib/test/auto/Commutator.xml
----------------- Instantiating /home/travis/build/icyphy/ptII/ptolemy/actor/lib/test/auto/Commutator.xml
1 ms. Memory: 880640K Free: 511092K (58%)
----------------- Invoking toplevel() on ptolemy.moml.MoMLSimpleApplication@3df0a819
----------------- Done invoking toplevel() on ptolemy.moml.MoMLSimpleApplication@3df0a819
reloadAllAccessors: .Commutator

===========================================================================================
----------------- testing Sat Feb 16 04:54:08 UTC 2019 /home/travis/build/icyphy/ptII/ptolemy/actor/lib/test/auto/Commutator2.xml
----------------- Instantiating /home/travis/build/icyphy/ptII/ptolemy/actor/lib/test/auto/Commutator2.xml
1 ms. Memory: 880640K Free: 500688K (57%)
----------------- Invoking toplevel() on ptolemy.moml.MoMLSimpleApplication@59cbb51f
----------------- Done invoking toplevel() on ptolemy.moml.MoMLSimpleApplication@59cbb51f
reloadAllAccessors: .Commutator2

===========================================================================================
----------------- testing Sat Feb 16 04:54:08 UTC 2019 /home/travis/build/icyphy/ptII/ptolemy/actor/lib/test/auto/Commutator3.xml
----------------- Instantiating /home/travis/build/icyphy/ptII/ptolemy/actor/lib/test/auto/Commutator3.xml
1 ms. Memory: 880640K Free: 490284K (56%)
----------------- Invoking toplevel() on ptolemy.moml.MoMLSimpleApplication@328889b9
----------------- Done invoking toplevel() on ptolemy.moml.MoMLSimpleApplication@328889b9
reloadAllAccessors: .Commutator3

===========================================================================================
----------------- testing Sat Feb 16 04:54:08 UTC 2019 /home/travis/build/icyphy/ptII/ptolemy/actor/lib/test/auto/Compare.xml
----------------- Instantiating /home/travis/build/icyphy/ptII/ptolemy/actor/lib/test/auto/Compare.xml
1 ms. Memory: 880640K Free: 470316K (53%)
----------------- Invoking toplevel() on ptolemy.moml.MoMLSimpleApplication@462d39d8
----------------- Done invoking toplevel() on ptolemy.moml.MoMLSimpleApplication@462d39d8
reloadAllAccessors: .Compare

===========================================================================================
----------------- testing Sat Feb 16 04:54:08 UTC 2019 /home/travis/build/icyphy/ptII/ptolemy/actor/lib/test/auto/CompareDE.xml
----------------- Instantiating /home/travis/build/icyphy/ptII/ptolemy/actor/lib/test/auto/CompareDE.xml
6 ms. Memory: 880640K Free: 459913K (52%)
----------------- Invoking toplevel() on ptolemy.moml.MoMLSimpleApplication@3f6540fb
----------------- Done invoking toplevel() on ptolemy.moml.MoMLSimpleApplication@3f6540fb
reloadAllAccessors: .CompareDE

===========================================================================================
----------------- testing Sat Feb 16 04:54:09 UTC 2019 /home/travis/build/icyphy/ptII/ptolemy/actor/lib/test/auto/ComplexDivide.xml
----------------- Instantiating /home/travis/build/icyphy/ptII/ptolemy/actor/lib/test/auto/ComplexDivide.xml
9 ms. Memory: 880640K Free: 449509K (51%)
----------------- Invoking toplevel() on ptolemy.moml.MoMLSimpleApplication@5b93108f
----------------- Done invoking toplevel() on ptolemy.moml.MoMLSimpleApplication@5b93108f
reloadAllAccessors: .ComplexDivide

===========================================================================================
----------------- testing Sat Feb 16 04:54:09 UTC 2019 /home/travis/build/icyphy/ptII/ptolemy/actor/lib/test/auto/ComputeHistogram.xml
----------------- Instantiating /home/travis/build/icyphy/ptII/ptolemy/actor/lib/test/auto/ComputeHistogram.xml
35 ms. Memory: 880640K Free: 433887K (49%)
----------------- Invoking toplevel() on ptolemy.moml.MoMLSimpleApplication@4210f4ea
----------------- Done invoking toplevel() on ptolemy.moml.MoMLSimpleApplication@4210f4ea
reloadAllAccessors: .ComputeHistogram

===========================================================================================
----------------- testing Sat Feb 16 04:54:09 UTC 2019 /home/travis/build/icyphy/ptII/ptolemy/actor/lib/test/auto/ConfigurationSelect.xml
----------------- Instantiating /home/travis/build/icyphy/ptII/ptolemy/actor/lib/test/auto/ConfigurationSelect.xml
3 ms. Memory: 880640K Free: 413919K (47%)
----------------- Invoking toplevel() on ptolemy.moml.MoMLSimpleApplication@3e5e356b
----------------- Done invoking toplevel() on ptolemy.moml.MoMLSimpleApplication@3e5e356b
reloadAllAccessors: .ConfigurationSelect

===========================================================================================
----------------- testing Sat Feb 16 04:54:09 UTC 2019 /home/travis/build/icyphy/ptII/ptolemy/actor/lib/test/auto/ConfigurationSelect2.xml
----------------- Instantiating /home/travis/build/icyphy/ptII/ptolemy/actor/lib/test/auto/ConfigurationSelect2.xml
2 ms. Memory: 880640K Free: 403516K (46%)
----------------- Invoking toplevel() on ptolemy.moml.MoMLSimpleApplication@2dd6d399
----------------- Done invoking toplevel() on ptolemy.moml.MoMLSimpleApplication@2dd6d399
reloadAllAccessors: .ConfigurationSelect2

===========================================================================================
----------------- testing Sat Feb 16 04:54:09 UTC 2019 /home/travis/build/icyphy/ptII/ptolemy/actor/lib/test/auto/ConfigurationSwitch.xml
----------------- Instantiating /home/travis/build/icyphy/ptII/ptolemy/actor/lib/test/auto/ConfigurationSwitch.xml
2 ms. Memory: 880640K Free: 393112K (45%)
----------------- Invoking toplevel() on ptolemy.moml.MoMLSimpleApplication@1fbbe3c8
----------------- Done invoking toplevel() on ptolemy.moml.MoMLSimpleApplication@1fbbe3c8
reloadAllAccessors: .ConfigurationSwitch

===========================================================================================
----------------- testing Sat Feb 16 04:54:09 UTC 2019 /home/travis/build/icyphy/ptII/ptolemy/actor/lib/test/auto/ConfigurationSwitch2.xml
----------------- Instantiating /home/travis/build/icyphy/ptII/ptolemy/actor/lib/test/auto/ConfigurationSwitch2.xml
2 ms. Memory: 880640K Free: 382708K (43%)
----------------- Invoking toplevel() on ptolemy.moml.MoMLSimpleApplication@6ee641ed
----------------- Done invoking toplevel() on ptolemy.moml.MoMLSimpleApplication@6ee641ed
reloadAllAccessors: .ConfigurationSwitch2

===========================================================================================
----------------- testing Sat Feb 16 04:54:09 UTC 2019 /home/travis/build/icyphy/ptII/ptolemy/actor/lib/test/auto/ConfigurationSwitchCloningBugWithClassRelationGroup.xml
----------------- Instantiating /home/travis/build/icyphy/ptII/ptolemy/actor/lib/test/auto/ConfigurationSwitchCloningBugWithClassRelationGroup.xml
1 ms. Memory: 880640K Free: 362740K (41%)
----------------- Invoking toplevel() on ptolemy.moml.MoMLSimpleApplication@107ffbf7
----------------- Done invoking toplevel() on ptolemy.moml.MoMLSimpleApplication@107ffbf7
reloadAllAccessors: .ConfigurationSwitchCloningBugWithClassRelationGroup

===========================================================================================
----------------- testing Sat Feb 16 04:54:09 UTC 2019 /home/travis/build/icyphy/ptII/ptolemy/actor/lib/test/auto/ConfigurationSwitchSelectSDF.xml
----------------- Instantiating /home/travis/build/icyphy/ptII/ptolemy/actor/lib/test/auto/ConfigurationSwitchSelectSDF.xml
3 ms. Memory: 880640K Free: 352336K (40%)
----------------- Invoking toplevel() on ptolemy.moml.MoMLSimpleApplication@79b3c05f
----------------- Done invoking toplevel() on ptolemy.moml.MoMLSimpleApplication@79b3c05f
reloadAllAccessors: .ConfigurationSwitchSelectSDF

===========================================================================================
----------------- testing Sat Feb 16 04:54:09 UTC 2019 /home/travis/build/icyphy/ptII/ptolemy/actor/lib/test/auto/ConfigurationSwitchSelectSDF2.xml
----------------- Instantiating /home/travis/build/icyphy/ptII/ptolemy/actor/lib/test/auto/ConfigurationSwitchSelectSDF2.xml
1 ms. Memory: 880640K Free: 341932K (39%)
----------------- Invoking toplevel() on ptolemy.moml.MoMLSimpleApplication@f997acf
----------------- Done invoking toplevel() on ptolemy.moml.MoMLSimpleApplication@f997acf
reloadAllAccessors: .ConfigurationSwitchSelectSDF2

===========================================================================================
----------------- testing Sat Feb 16 04:54:09 UTC 2019 /home/travis/build/icyphy/ptII/ptolemy/actor/lib/test/auto/Const.xml
----------------- Instantiating /home/travis/build/icyphy/ptII/ptolemy/actor/lib/test/auto/Const.xml
1 ms. Memory: 880640K Free: 331528K (38%)
----------------- Invoking toplevel() on ptolemy.moml.MoMLSimpleApplication@6fed1a58
----------------- Done invoking toplevel() on ptolemy.moml.MoMLSimpleApplication@6fed1a58
reloadAllAccessors: .Const

===========================================================================================
----------------- testing Sat Feb 16 04:54:09 UTC 2019 /home/travis/build/icyphy/ptII/ptolemy/actor/lib/test/auto/Const2.xml
----------------- Instantiating /home/travis/build/icyphy/ptII/ptolemy/actor/lib/test/auto/Const2.xml
2 ms. Memory: 880640K Free: 321124K (36%)
----------------- Invoking toplevel() on ptolemy.moml.MoMLSimpleApplication@49cab867
----------------- Done invoking toplevel() on ptolemy.moml.MoMLSimpleApplication@49cab867
reloadAllAccessors: .Const2

===========================================================================================
----------------- testing Sat Feb 16 04:54:09 UTC 2019 /home/travis/build/icyphy/ptII/ptolemy/actor/lib/test/auto/Const3.xml
----------------- Instantiating /home/travis/build/icyphy/ptII/ptolemy/actor/lib/test/auto/Const3.xml
2 ms. Memory: 880640K Free: 301157K (34%)
----------------- Invoking toplevel() on ptolemy.moml.MoMLSimpleApplication@39240f37
----------------- Done invoking toplevel() on ptolemy.moml.MoMLSimpleApplication@39240f37
reloadAllAccessors: .Const3

===========================================================================================
----------------- testing Sat Feb 16 04:54:09 UTC 2019 /home/travis/build/icyphy/ptII/ptolemy/actor/lib/test/auto/ConstantPublisherPort1.xml
----------------- Instantiating /home/travis/build/icyphy/ptII/ptolemy/actor/lib/test/auto/ConstantPublisherPort1.xml
7 ms. Memory: 880640K Free: 285551K (32%)
----------------- Invoking toplevel() on ptolemy.moml.MoMLSimpleApplication@3338528
----------------- Done invoking toplevel() on ptolemy.moml.MoMLSimpleApplication@3338528
reloadAllAccessors: .ConstantPublisherPort1

===========================================================================================
----------------- testing Sat Feb 16 04:54:09 UTC 2019 /home/travis/build/icyphy/ptII/ptolemy/actor/lib/test/auto/ConstantPublisherPort2.xml
----------------- Instantiating /home/travis/build/icyphy/ptII/ptolemy/actor/lib/test/auto/ConstantPublisherPort2.xml
9 ms. Memory: 880640K Free: 275147K (31%)
----------------- Invoking toplevel() on ptolemy.moml.MoMLSimpleApplication@5163555f
----------------- Done invoking toplevel() on ptolemy.moml.MoMLSimpleApplication@5163555f
reloadAllAccessors: .ConstantPublisherPort2

===========================================================================================
----------------- testing Sat Feb 16 04:54:09 UTC 2019 /home/travis/build/icyphy/ptII/ptolemy/actor/lib/test/auto/ConstantPublisherPort3.xml
----------------- Instantiating /home/travis/build/icyphy/ptII/ptolemy/actor/lib/test/auto/ConstantPublisherPort3.xml
6 ms. Memory: 880640K Free: 264743K (30%)
----------------- Invoking toplevel() on ptolemy.moml.MoMLSimpleApplication@307523fa
----------------- Done invoking toplevel() on ptolemy.moml.MoMLSimpleApplication@307523fa
reloadAllAccessors: .ConstantPublisherPort3

===========================================================================================
----------------- testing Sat Feb 16 04:54:09 UTC 2019 /home/travis/build/icyphy/ptII/ptolemy/actor/lib/test/auto/ConstantPublisherPort4.xml
----------------- Instantiating /home/travis/build/icyphy/ptII/ptolemy/actor/lib/test/auto/ConstantPublisherPort4.xml
5 ms. Memory: 880640K Free: 244776K (28%)
----------------- Invoking toplevel() on ptolemy.moml.MoMLSimpleApplication@21cd0f8d
----------------- Done invoking toplevel() on ptolemy.moml.MoMLSimpleApplication@21cd0f8d
reloadAllAccessors: .ConstantPublisherPort4

===========================================================================================
----------------- testing Sat Feb 16 04:54:09 UTC 2019 /home/travis/build/icyphy/ptII/ptolemy/actor/lib/test/auto/ConstantPublisherPort5.xml
----------------- Instantiating /home/travis/build/icyphy/ptII/ptolemy/actor/lib/test/auto/ConstantPublisherPort5.xml
26 ms. Memory: 880640K Free: 218750K (25%)
----------------- Invoking toplevel() on ptolemy.moml.MoMLSimpleApplication@62545b8a
----------------- Done invoking toplevel() on ptolemy.moml.MoMLSimpleApplication@62545b8a
reloadAllAccessors: .ConstantPublisherPort5

===========================================================================================
----------------- testing Sat Feb 16 04:54:09 UTC 2019 /home/travis/build/icyphy/ptII/ptolemy/actor/lib/test/auto/ConstantPublisherPort6.xml
----------------- Instantiating /home/travis/build/icyphy/ptII/ptolemy/actor/lib/test/auto/ConstantPublisherPort6.xml
16 ms. Memory: 880640K Free: 192740K (22%)
----------------- Invoking toplevel() on ptolemy.moml.MoMLSimpleApplication@3139d035
----------------- Done invoking toplevel() on ptolemy.moml.MoMLSimpleApplication@3139d035
reloadAllAccessors: .ConstantPublisherPort6

===========================================================================================
----------------- testing Sat Feb 16 04:54:09 UTC 2019 /home/travis/build/icyphy/ptII/ptolemy/actor/lib/test/auto/ConstantPublisherPort7.xml
----------------- Instantiating /home/travis/build/icyphy/ptII/ptolemy/actor/lib/test/auto/ConstantPublisherPort7.xml
20 ms. Memory: 880640K Free: 166730K (19%)
----------------- Invoking toplevel() on ptolemy.moml.MoMLSimpleApplication@3d7c3caf
----------------- Done invoking toplevel() on ptolemy.moml.MoMLSimpleApplication@3d7c3caf
reloadAllAccessors: .ConstantPublisherPort7

===========================================================================================
----------------- testing Sat Feb 16 04:54:09 UTC 2019 /home/travis/build/icyphy/ptII/ptolemy/actor/lib/test/auto/ConstraintMonitor1.xml
----------------- Instantiating /home/travis/build/icyphy/ptII/ptolemy/actor/lib/test/auto/ConstraintMonitor1.xml
5 ms. Memory: 880640K Free: 146763K (17%)
----------------- Invoking toplevel() on ptolemy.moml.MoMLSimpleApplication@10152a9c
----------------- Done invoking toplevel() on ptolemy.moml.MoMLSimpleApplication@10152a9c
reloadAllAccessors: .ConstraintMonitor1

===========================================================================================
----------------- testing Sat Feb 16 04:54:09 UTC 2019 /home/travis/build/icyphy/ptII/ptolemy/actor/lib/test/auto/ConstraintMonitor2.xml
----------------- Instantiating /home/travis/build/icyphy/ptII/ptolemy/actor/lib/test/auto/ConstraintMonitor2.xml
3 ms. Memory: 880640K Free: 136359K (15%)
----------------- Invoking toplevel() on ptolemy.moml.MoMLSimpleApplication@35d35b63
----------------- Done invoking toplevel() on ptolemy.moml.MoMLSimpleApplication@35d35b63
reloadAllAccessors: .ConstraintMonitor2

===========================================================================================
----------------- testing Sat Feb 16 04:54:09 UTC 2019 /home/travis/build/icyphy/ptII/ptolemy/actor/lib/test/auto/ConstraintMonitor3.xml
----------------- Instantiating /home/travis/build/icyphy/ptII/ptolemy/actor/lib/test/auto/ConstraintMonitor3.xml
6 ms. Memory: 880640K Free: 125955K (14%)
----------------- Invoking toplevel() on ptolemy.moml.MoMLSimpleApplication@782a2b08
----------------- Done invoking toplevel() on ptolemy.moml.MoMLSimpleApplication@782a2b08
reloadAllAccessors: .ConstraintMonitor3

===========================================================================================
----------------- testing Sat Feb 16 04:54:09 UTC 2019 /home/travis/build/icyphy/ptII/ptolemy/actor/lib/test/auto/ConstraintMonitor4.xml
----------------- Instantiating /home/travis/build/icyphy/ptII/ptolemy/actor/lib/test/auto/ConstraintMonitor4.xml
2 ms. Memory: 880640K Free: 115551K (13%)
----------------- Invoking toplevel() on ptolemy.moml.MoMLSimpleApplication@438df5e4
----------------- Done invoking toplevel() on ptolemy.moml.MoMLSimpleApplication@438df5e4
reloadAllAccessors: .ConstraintMonitor4

===========================================================================================
----------------- testing Sat Feb 16 04:54:09 UTC 2019 /home/travis/build/icyphy/ptII/ptolemy/actor/lib/test/auto/ConstraintMonitor5.xml
----------------- Instantiating /home/travis/build/icyphy/ptII/ptolemy/actor/lib/test/auto/ConstraintMonitor5.xml
7 ms. Memory: 880640K Free: 95583K (11%)
----------------- Invoking toplevel() on ptolemy.moml.MoMLSimpleApplication@cd78ecd
----------------- Done invoking toplevel() on ptolemy.moml.MoMLSimpleApplication@cd78ecd
reloadAllAccessors: .ConstraintMonitor5

===========================================================================================
----------------- testing Sat Feb 16 04:54:09 UTC 2019 /home/travis/build/icyphy/ptII/ptolemy/actor/lib/test/auto/ConstraintMonitor6.xml
----------------- Instantiating /home/travis/build/icyphy/ptII/ptolemy/actor/lib/test/auto/ConstraintMonitor6.xml
3 ms. Memory: 880640K Free: 85179K (10%)
----------------- Invoking toplevel() on ptolemy.moml.MoMLSimpleApplication@1d868611
----------------- Done invoking toplevel() on ptolemy.moml.MoMLSimpleApplication@1d868611
reloadAllAccessors: .ConstraintMonitor6

===========================================================================================
----------------- testing Sat Feb 16 04:54:09 UTC 2019 /home/travis/build/icyphy/ptII/ptolemy/actor/lib/test/auto/ConstraintMonitor7.xml
----------------- Instantiating /home/travis/build/icyphy/ptII/ptolemy/actor/lib/test/auto/ConstraintMonitor7.xml
7 ms. Memory: 880640K Free: 74775K (8%)
----------------- Invoking toplevel() on ptolemy.moml.MoMLSimpleApplication@2e536c8b
----------------- Done invoking toplevel() on ptolemy.moml.MoMLSimpleApplication@2e536c8b
reloadAllAccessors: .ConstraintMonitor7

===========================================================================================
----------------- testing Sat Feb 16 04:54:09 UTC 2019 /home/travis/build/icyphy/ptII/ptolemy/actor/lib/test/auto/ConstraintMonitor8.xml
----------------- Instantiating /home/travis/build/icyphy/ptII/ptolemy/actor/lib/test/auto/ConstraintMonitor8.xml
2 ms. Memory: 880640K Free: 64372K (7%)
----------------- Invoking toplevel() on ptolemy.moml.MoMLSimpleApplication@735f97ca
----------------- Done invoking toplevel() on ptolemy.moml.MoMLSimpleApplication@735f97ca
reloadAllAccessors: .ConstraintMonitor8

===========================================================================================
----------------- testing Sat Feb 16 04:54:09 UTC 2019 /home/travis/build/icyphy/ptII/ptolemy/actor/lib/test/auto/Counter.xml
----------------- Instantiating /home/travis/build/icyphy/ptII/ptolemy/actor/lib/test/auto/Counter.xml
2 ms. Memory: 881664K Free: 824129K (93%)
----------------- Invoking toplevel() on ptolemy.moml.MoMLSimpleApplication@2b1b0905
----------------- Done invoking toplevel() on ptolemy.moml.MoMLSimpleApplication@2b1b0905
reloadAllAccessors: .Counter

===========================================================================================
----------------- testing Sat Feb 16 04:54:09 UTC 2019 /home/travis/build/icyphy/ptII/ptolemy/actor/lib/test/auto/CurrentTimeSDF.xml
----------------- Instantiating /home/travis/build/icyphy/ptII/ptolemy/actor/lib/test/auto/CurrentTimeSDF.xml
4 ms. Memory: 881664K Free: 806633K (91%)
----------------- Invoking toplevel() on ptolemy.moml.MoMLSimpleApplication@53a2fdef
----------------- Done invoking toplevel() on ptolemy.moml.MoMLSimpleApplication@53a2fdef
reloadAllAccessors: .CurrentTimeSDF

===========================================================================================
----------------- testing Sat Feb 16 04:54:09 UTC 2019 /home/travis/build/icyphy/ptII/ptolemy/actor/lib/test/auto/DB.xml
----------------- Instantiating /home/travis/build/icyphy/ptII/ptolemy/actor/lib/test/auto/DB.xml
2 ms. Memory: 881664K Free: 796229K (90%)
----------------- Invoking toplevel() on ptolemy.moml.MoMLSimpleApplication@568ef8f9
----------------- Done invoking toplevel() on ptolemy.moml.MoMLSimpleApplication@568ef8f9
reloadAllAccessors: .DB

===========================================================================================
----------------- testing Sat Feb 16 04:54:09 UTC 2019 /home/travis/build/icyphy/ptII/ptolemy/actor/lib/test/auto/DBDE.xml
----------------- Instantiating /home/travis/build/icyphy/ptII/ptolemy/actor/lib/test/auto/DBDE.xml
2 ms. Memory: 881664K Free: 785825K (89%)
----------------- Invoking toplevel() on ptolemy.moml.MoMLSimpleApplication@7aab5909
----------------- Done invoking toplevel() on ptolemy.moml.MoMLSimpleApplication@7aab5909
reloadAllAccessors: .DBDE

===========================================================================================
----------------- testing Sat Feb 16 04:54:09 UTC 2019 /home/travis/build/icyphy/ptII/ptolemy/actor/lib/test/auto/DateConstructor.xml
----------------- Instantiating /home/travis/build/icyphy/ptII/ptolemy/actor/lib/test/auto/DateConstructor.xml
11 ms. Memory: 881664K Free: 757908K (86%)
----------------- Invoking toplevel() on ptolemy.moml.MoMLSimpleApplication@5cb131ab
----------------- Done invoking toplevel() on ptolemy.moml.MoMLSimpleApplication@5cb131ab
reloadAllAccessors: .DateConstructor

===========================================================================================
----------------- testing Sat Feb 16 04:54:09 UTC 2019 /home/travis/build/icyphy/ptII/ptolemy/actor/lib/test/auto/DelayTime.xml
----------------- Instantiating /home/travis/build/icyphy/ptII/ptolemy/actor/lib/test/auto/DelayTime.xml
2 ms. Memory: 881664K Free: 747505K (85%)
----------------- Invoking toplevel() on ptolemy.moml.MoMLSimpleApplication@7131dcc7
----------------- Done invoking toplevel() on ptolemy.moml.MoMLSimpleApplication@7131dcc7
reloadAllAccessors: .DelayTime

===========================================================================================
----------------- testing Sat Feb 16 04:54:09 UTC 2019 /home/travis/build/icyphy/ptII/ptolemy/actor/lib/test/auto/Dictionary1.xml
----------------- Instantiating /home/travis/build/icyphy/ptII/ptolemy/actor/lib/test/auto/Dictionary1.xml
2 ms. Memory: 881664K Free: 737101K (84%)
----------------- Invoking toplevel() on ptolemy.moml.MoMLSimpleApplication@67e84283
----------------- Done invoking toplevel() on ptolemy.moml.MoMLSimpleApplication@67e84283
reloadAllAccessors: .Dictionary1

===========================================================================================
----------------- testing Sat Feb 16 04:54:09 UTC 2019 /home/travis/build/icyphy/ptII/ptolemy/actor/lib/test/auto/Dictionary2.xml
----------------- Instantiating /home/travis/build/icyphy/ptII/ptolemy/actor/lib/test/auto/Dictionary2.xml
2 ms. Memory: 881664K Free: 719604K (82%)
----------------- Invoking toplevel() on ptolemy.moml.MoMLSimpleApplication@39fc5a57
----------------- Done invoking toplevel() on ptolemy.moml.MoMLSimpleApplication@39fc5a57
reloadAllAccessors: .Dictionary2

===========================================================================================
----------------- testing Sat Feb 16 04:54:09 UTC 2019 /home/travis/build/icyphy/ptII/ptolemy/actor/lib/test/auto/Dictionary3.xml
----------------- Instantiating /home/travis/build/icyphy/ptII/ptolemy/actor/lib/test/auto/Dictionary3.xml
1 ms. Memory: 881664K Free: 709200K (80%)
----------------- Invoking toplevel() on ptolemy.moml.MoMLSimpleApplication@3d5a919f
----------------- Done invoking toplevel() on ptolemy.moml.MoMLSimpleApplication@3d5a919f
reloadAllAccessors: .Dictionary3

===========================================================================================
----------------- testing Sat Feb 16 04:54:09 UTC 2019 /home/travis/build/icyphy/ptII/ptolemy/actor/lib/test/auto/Dictionary4.xml
----------------- Instantiating /home/travis/build/icyphy/ptII/ptolemy/actor/lib/test/auto/Dictionary4.xml
4 ms. Memory: 881664K Free: 698796K (79%)
----------------- Invoking toplevel() on ptolemy.moml.MoMLSimpleApplication@17de8b00
----------------- Done invoking toplevel() on ptolemy.moml.MoMLSimpleApplication@17de8b00
reloadAllAccessors: .Dictionary4

===========================================================================================
----------------- testing Sat Feb 16 04:54:10 UTC 2019 /home/travis/build/icyphy/ptII/ptolemy/actor/lib/test/auto/Differential.xml
----------------- Instantiating /home/travis/build/icyphy/ptII/ptolemy/actor/lib/test/auto/Differential.xml
2 ms. Memory: 881664K Free: 681300K (77%)
----------------- Invoking toplevel() on ptolemy.moml.MoMLSimpleApplication@3b26be6d
----------------- Done invoking toplevel() on ptolemy.moml.MoMLSimpleApplication@3b26be6d
reloadAllAccessors: .Differential

===========================================================================================
----------------- testing Sat Feb 16 04:54:10 UTC 2019 /home/travis/build/icyphy/ptII/ptolemy/actor/lib/test/auto/Director.xml
----------------- Instantiating /home/travis/build/icyphy/ptII/ptolemy/actor/lib/test/auto/Director.xml
2 ms. Memory: 881664K Free: 670896K (76%)
----------------- Invoking toplevel() on ptolemy.moml.MoMLSimpleApplication@76bd025d
----------------- Done invoking toplevel() on ptolemy.moml.MoMLSimpleApplication@76bd025d
reloadAllAccessors: .Director

===========================================================================================
----------------- testing Sat Feb 16 04:54:10 UTC 2019 /home/travis/build/icyphy/ptII/ptolemy/actor/lib/test/auto/DiscreteClock.xml
----------------- Instantiating /home/travis/build/icyphy/ptII/ptolemy/actor/lib/test/auto/DiscreteClock.xml
2 ms. Memory: 881664K Free: 660492K (75%)
----------------- Invoking toplevel() on ptolemy.moml.MoMLSimpleApplication@175a63cd
----------------- Done invoking toplevel() on ptolemy.moml.MoMLSimpleApplication@175a63cd
reloadAllAccessors: .DiscreteClock

===========================================================================================
----------------- testing Sat Feb 16 04:54:10 UTC 2019 /home/travis/build/icyphy/ptII/ptolemy/actor/lib/test/auto/DiscreteClock10.xml
----------------- Instantiating /home/travis/build/icyphy/ptII/ptolemy/actor/lib/test/auto/DiscreteClock10.xml
3 ms. Memory: 881664K Free: 642996K (73%)
----------------- Invoking toplevel() on ptolemy.moml.MoMLSimpleApplication@ad33585
----------------- Done invoking toplevel() on ptolemy.moml.MoMLSimpleApplication@ad33585
reloadAllAccessors: .DiscreteClock10

===========================================================================================
----------------- testing Sat Feb 16 04:54:10 UTC 2019 /home/travis/build/icyphy/ptII/ptolemy/actor/lib/test/auto/DiscreteClock11.xml
----------------- Instantiating /home/travis/build/icyphy/ptII/ptolemy/actor/lib/test/auto/DiscreteClock11.xml
2 ms. Memory: 881664K Free: 632592K (72%)
----------------- Invoking toplevel() on ptolemy.moml.MoMLSimpleApplication@5b406fcc
----------------- Done invoking toplevel() on ptolemy.moml.MoMLSimpleApplication@5b406fcc
reloadAllAccessors: .DiscreteClock11

===========================================================================================
----------------- testing Sat Feb 16 04:54:10 UTC 2019 /home/travis/build/icyphy/ptII/ptolemy/actor/lib/test/auto/DiscreteClock12.xml
----------------- Instantiating /home/travis/build/icyphy/ptII/ptolemy/actor/lib/test/auto/DiscreteClock12.xml
2 ms. Memory: 881664K Free: 622188K (71%)
----------------- Invoking toplevel() on ptolemy.moml.MoMLSimpleApplication@1fd121f9
----------------- Done invoking toplevel() on ptolemy.moml.MoMLSimpleApplication@1fd121f9
reloadAllAccessors: .DiscreteClock12

===========================================================================================
----------------- testing Sat Feb 16 04:54:10 UTC 2019 /home/travis/build/icyphy/ptII/ptolemy/actor/lib/test/auto/DiscreteClock13.xml
----------------- Instantiating /home/travis/build/icyphy/ptII/ptolemy/actor/lib/test/auto/DiscreteClock13.xml
6 ms. Memory: 881664K Free: 604691K (69%)
----------------- Invoking toplevel() on ptolemy.moml.MoMLSimpleApplication@7308d71e
----------------- Done invoking toplevel() on ptolemy.moml.MoMLSimpleApplication@7308d71e
reloadAllAccessors: .DiscreteClock13

===========================================================================================
----------------- testing Sat Feb 16 04:54:10 UTC 2019 /home/travis/build/icyphy/ptII/ptolemy/actor/lib/test/auto/DiscreteClock14.xml
----------------- Instantiating /home/travis/build/icyphy/ptII/ptolemy/actor/lib/test/auto/DiscreteClock14.xml
6 ms. Memory: 881664K Free: 594287K (67%)
----------------- Invoking toplevel() on ptolemy.moml.MoMLSimpleApplication@2479e2bc
----------------- Done invoking toplevel() on ptolemy.moml.MoMLSimpleApplication@2479e2bc
reloadAllAccessors: .DiscreteClock14

===========================================================================================
----------------- testing Sat Feb 16 04:54:10 UTC 2019 /home/travis/build/icyphy/ptII/ptolemy/actor/lib/test/auto/DiscreteClock15.xml
----------------- Instantiating /home/travis/build/icyphy/ptII/ptolemy/actor/lib/test/auto/DiscreteClock15.xml
6 ms. Memory: 881664K Free: 583883K (66%)
----------------- Invoking toplevel() on ptolemy.moml.MoMLSimpleApplication@a2b39ac
----------------- Done invoking toplevel() on ptolemy.moml.MoMLSimpleApplication@a2b39ac
reloadAllAccessors: .DiscreteClock15

===========================================================================================
----------------- testing Sat Feb 16 04:54:10 UTC 2019 /home/travis/build/icyphy/ptII/ptolemy/actor/lib/test/auto/DiscreteClock16.xml
----------------- Instantiating /home/travis/build/icyphy/ptII/ptolemy/actor/lib/test/auto/DiscreteClock16.xml
13 ms. Memory: 881664K Free: 561169K (64%)
----------------- Invoking toplevel() on ptolemy.moml.MoMLSimpleApplication@453d2784
----------------- Done invoking toplevel() on ptolemy.moml.MoMLSimpleApplication@453d2784
reloadAllAccessors: .DiscreteClock16

===========================================================================================
----------------- testing Sat Feb 16 04:54:10 UTC 2019 /home/travis/build/icyphy/ptII/ptolemy/actor/lib/test/auto/DiscreteClock17.xml
----------------- Instantiating /home/travis/build/icyphy/ptII/ptolemy/actor/lib/test/auto/DiscreteClock17.xml
15 ms. Memory: 881664K Free: 545547K (62%)
----------------- Invoking toplevel() on ptolemy.moml.MoMLSimpleApplication@4c8e8da7
----------------- Done invoking toplevel() on ptolemy.moml.MoMLSimpleApplication@4c8e8da7
reloadAllAccessors: .DiscreteClock17

===========================================================================================
----------------- testing Sat Feb 16 04:54:10 UTC 2019 /home/travis/build/icyphy/ptII/ptolemy/actor/lib/test/auto/DiscreteClock18.xml
----------------- Instantiating /home/travis/build/icyphy/ptII/ptolemy/actor/lib/test/auto/DiscreteClock18.xml
12 ms. Memory: 881664K Free: 529925K (60%)
----------------- Invoking toplevel() on ptolemy.moml.MoMLSimpleApplication@71f5a85c
----------------- Done invoking toplevel() on ptolemy.moml.MoMLSimpleApplication@71f5a85c
reloadAllAccessors: .DiscreteClock18

===========================================================================================
----------------- testing Sat Feb 16 04:54:10 UTC 2019 /home/travis/build/icyphy/ptII/ptolemy/actor/lib/test/auto/DiscreteClock19.xml
----------------- Instantiating /home/travis/build/icyphy/ptII/ptolemy/actor/lib/test/auto/DiscreteClock19.xml
13 ms. Memory: 881664K Free: 507210K (58%)
----------------- Invoking toplevel() on ptolemy.moml.MoMLSimpleApplication@5e4971b7
----------------- Done invoking toplevel() on ptolemy.moml.MoMLSimpleApplication@5e4971b7
reloadAllAccessors: .DiscreteClock19

===========================================================================================
----------------- testing Sat Feb 16 04:54:10 UTC 2019 /home/travis/build/icyphy/ptII/ptolemy/actor/lib/test/auto/DiscreteClock2.xml
----------------- Instantiating /home/travis/build/icyphy/ptII/ptolemy/actor/lib/test/auto/DiscreteClock2.xml
5 ms. Memory: 881664K Free: 496807K (56%)
----------------- Invoking toplevel() on ptolemy.moml.MoMLSimpleApplication@2915574c
----------------- Done invoking toplevel() on ptolemy.moml.MoMLSimpleApplication@2915574c
reloadAllAccessors: .DiscreteClock2

===========================================================================================
----------------- testing Sat Feb 16 04:54:10 UTC 2019 /home/travis/build/icyphy/ptII/ptolemy/actor/lib/test/auto/DiscreteClock20.xml
----------------- Instantiating /home/travis/build/icyphy/ptII/ptolemy/actor/lib/test/auto/DiscreteClock20.xml
7 ms. Memory: 881664K Free: 486403K (55%)
----------------- Invoking toplevel() on ptolemy.moml.MoMLSimpleApplication@368a5f33
----------------- Done invoking toplevel() on ptolemy.moml.MoMLSimpleApplication@368a5f33
reloadAllAccessors: .DiscreteClock20

===========================================================================================
----------------- testing Sat Feb 16 04:54:10 UTC 2019 /home/travis/build/icyphy/ptII/ptolemy/actor/lib/test/auto/DiscreteClock21.xml
----------------- Instantiating /home/travis/build/icyphy/ptII/ptolemy/actor/lib/test/auto/DiscreteClock21.xml
6 ms. Memory: 881664K Free: 468906K (53%)
----------------- Invoking toplevel() on ptolemy.moml.MoMLSimpleApplication@41d5c8b0
----------------- Done invoking toplevel() on ptolemy.moml.MoMLSimpleApplication@41d5c8b0
reloadAllAccessors: .DiscreteClock21

===========================================================================================
----------------- testing Sat Feb 16 04:54:10 UTC 2019 /home/travis/build/icyphy/ptII/ptolemy/actor/lib/test/auto/DiscreteClock22.xml
----------------- Instantiating /home/travis/build/icyphy/ptII/ptolemy/actor/lib/test/auto/DiscreteClock22.xml
6 ms. Memory: 881664K Free: 458502K (52%)
----------------- Invoking toplevel() on ptolemy.moml.MoMLSimpleApplication@19c7f7ad
----------------- Done invoking toplevel() on ptolemy.moml.MoMLSimpleApplication@19c7f7ad
reloadAllAccessors: .DiscreteClock22

===========================================================================================
----------------- testing Sat Feb 16 04:54:10 UTC 2019 /home/travis/build/icyphy/ptII/ptolemy/actor/lib/test/auto/DiscreteClock23.xml
----------------- Instantiating /home/travis/build/icyphy/ptII/ptolemy/actor/lib/test/auto/DiscreteClock23.xml
5 ms. Memory: 881664K Free: 448099K (51%)
----------------- Invoking toplevel() on ptolemy.moml.MoMLSimpleApplication@6b034891
----------------- Done invoking toplevel() on ptolemy.moml.MoMLSimpleApplication@6b034891
reloadAllAccessors: .DiscreteClock23

===========================================================================================
----------------- testing Sat Feb 16 04:54:10 UTC 2019 /home/travis/build/icyphy/ptII/ptolemy/actor/lib/test/auto/DiscreteClock24.xml
----------------- Instantiating /home/travis/build/icyphy/ptII/ptolemy/actor/lib/test/auto/DiscreteClock24.xml
1 ms. Memory: 881664K Free: 430602K (49%)
----------------- Invoking toplevel() on ptolemy.moml.MoMLSimpleApplication@51c52d06
----------------- Done invoking toplevel() on ptolemy.moml.MoMLSimpleApplication@51c52d06
reloadAllAccessors: .DiscreteClock24

===========================================================================================
----------------- testing Sat Feb 16 04:54:10 UTC 2019 /home/travis/build/icyphy/ptII/ptolemy/actor/lib/test/auto/DiscreteClock4.xml
----------------- Instantiating /home/travis/build/icyphy/ptII/ptolemy/actor/lib/test/auto/DiscreteClock4.xml
1 ms. Memory: 1366016K Free: 1316223K (96%)
----------------- Invoking toplevel() on ptolemy.moml.MoMLSimpleApplication@5da7f630
----------------- Done invoking toplevel() on ptolemy.moml.MoMLSimpleApplication@5da7f630
reloadAllAccessors: .DiscreteClock4

===========================================================================================
----------------- testing Sat Feb 16 04:54:10 UTC 2019 /home/travis/build/icyphy/ptII/ptolemy/actor/lib/test/auto/DiscreteClock5.xml
----------------- Instantiating /home/travis/build/icyphy/ptII/ptolemy/actor/lib/test/auto/DiscreteClock5.xml
2 ms. Memory: 1366016K Free: 1285571K (94%)
----------------- Invoking toplevel() on ptolemy.moml.MoMLSimpleApplication@77c99de6
----------------- Done invoking toplevel() on ptolemy.moml.MoMLSimpleApplication@77c99de6
reloadAllAccessors: .DiscreteClock5

===========================================================================================
----------------- testing Sat Feb 16 04:54:10 UTC 2019 /home/travis/build/icyphy/ptII/ptolemy/actor/lib/test/auto/DiscreteClock6.xml
----------------- Instantiating /home/travis/build/icyphy/ptII/ptolemy/actor/lib/test/auto/DiscreteClock6.xml
1 ms. Memory: 1366016K Free: 1268928K (93%)
----------------- Invoking toplevel() on ptolemy.moml.MoMLSimpleApplication@581e77af
----------------- Done invoking toplevel() on ptolemy.moml.MoMLSimpleApplication@581e77af
reloadAllAccessors: .DiscreteClock6

===========================================================================================
----------------- testing Sat Feb 16 04:54:10 UTC 2019 /home/travis/build/icyphy/ptII/ptolemy/actor/lib/test/auto/DiscreteClock7.xml
----------------- Instantiating /home/travis/build/icyphy/ptII/ptolemy/actor/lib/test/auto/DiscreteClock7.xml
1 ms. Memory: 1366016K Free: 1252284K (92%)
----------------- Invoking toplevel() on ptolemy.moml.MoMLSimpleApplication@3ee707b7
----------------- Done invoking toplevel() on ptolemy.moml.MoMLSimpleApplication@3ee707b7
reloadAllAccessors: .DiscreteClock7

===========================================================================================
----------------- testing Sat Feb 16 04:54:10 UTC 2019 /home/travis/build/icyphy/ptII/ptolemy/actor/lib/test/auto/DiscreteClock8.xml
----------------- Instantiating /home/travis/build/icyphy/ptII/ptolemy/actor/lib/test/auto/DiscreteClock8.xml
5 ms. Memory: 1366016K Free: 1226906K (90%)
----------------- Invoking toplevel() on ptolemy.moml.MoMLSimpleApplication@768e53ea
----------------- Done invoking toplevel() on ptolemy.moml.MoMLSimpleApplication@768e53ea
reloadAllAccessors: .DiscreteClock8

===========================================================================================
----------------- testing Sat Feb 16 04:54:10 UTC 2019 /home/travis/build/icyphy/ptII/ptolemy/actor/lib/test/auto/DiscreteClock9.xml
----------------- Instantiating /home/travis/build/icyphy/ptII/ptolemy/actor/lib/test/auto/DiscreteClock9.xml
6 ms. Memory: 1366016K Free: 1210263K (89%)
----------------- Invoking toplevel() on ptolemy.moml.MoMLSimpleApplication@7dca007a
----------------- Done invoking toplevel() on ptolemy.moml.MoMLSimpleApplication@7dca007a
reloadAllAccessors: .DiscreteClock9

===========================================================================================
----------------- testing Sat Feb 16 04:54:10 UTC 2019 /home/travis/build/icyphy/ptII/ptolemy/actor/lib/test/auto/DisplayArray.xml
----------------- Instantiating /home/travis/build/icyphy/ptII/ptolemy/actor/lib/test/auto/DisplayArray.xml
1 ms. Memory: 1366016K Free: 1193620K (87%)
----------------- Invoking toplevel() on ptolemy.moml.MoMLSimpleApplication@7eb55a3b
----------------- Done invoking toplevel() on ptolemy.moml.MoMLSimpleApplication@7eb55a3b
reloadAllAccessors: .DisplayArray

===========================================================================================
----------------- testing Sat Feb 16 04:54:11 UTC 2019 /home/travis/build/icyphy/ptII/ptolemy/actor/lib/test/auto/Distributor.xml
----------------- Instantiating /home/travis/build/icyphy/ptII/ptolemy/actor/lib/test/auto/Distributor.xml
1 ms. Memory: 1366016K Free: 1176976K (86%)
----------------- Invoking toplevel() on ptolemy.moml.MoMLSimpleApplication@7cf87e96
----------------- Done invoking toplevel() on ptolemy.moml.MoMLSimpleApplication@7cf87e96
reloadAllAccessors: .Distributor

===========================================================================================
----------------- testing Sat Feb 16 04:54:11 UTC 2019 /home/travis/build/icyphy/ptII/ptolemy/actor/lib/test/auto/Distributor2.xml
----------------- Instantiating /home/travis/build/icyphy/ptII/ptolemy/actor/lib/test/auto/Distributor2.xml
1 ms. Memory: 1366016K Free: 1151599K (84%)
----------------- Invoking toplevel() on ptolemy.moml.MoMLSimpleApplication@63ad5cc3
----------------- Done invoking toplevel() on ptolemy.moml.MoMLSimpleApplication@63ad5cc3
reloadAllAccessors: .Distributor2

===========================================================================================
----------------- testing Sat Feb 16 04:54:11 UTC 2019 /home/travis/build/icyphy/ptII/ptolemy/actor/lib/test/auto/DownSample.xml
----------------- Instantiating /home/travis/build/icyphy/ptII/ptolemy/actor/lib/test/auto/DownSample.xml
2 ms. Memory: 1366016K Free: 1134955K (83%)
----------------- Invoking toplevel() on ptolemy.moml.MoMLSimpleApplication@36dd4239
----------------- Done invoking toplevel() on ptolemy.moml.MoMLSimpleApplication@36dd4239
reloadAllAccessors: .DownSample

===========================================================================================
----------------- testing Sat Feb 16 04:54:11 UTC 2019 /home/travis/build/icyphy/ptII/ptolemy/actor/lib/test/auto/ElectronicUnitBase1.xml
----------------- Instantiating /home/travis/build/icyphy/ptII/ptolemy/actor/lib/test/auto/ElectronicUnitBase1.xml
16 ms. Memory: 1366016K Free: 1109990K (81%)
----------------- Invoking toplevel() on ptolemy.moml.MoMLSimpleApplication@2064fa66
----------------- Done invoking toplevel() on ptolemy.moml.MoMLSimpleApplication@2064fa66
reloadAllAccessors: .ElectronicUnitBase1

===========================================================================================
----------------- testing Sat Feb 16 04:54:11 UTC 2019 /home/travis/build/icyphy/ptII/ptolemy/actor/lib/test/auto/ElementsToArray.xml
----------------- Instantiating /home/travis/build/icyphy/ptII/ptolemy/actor/lib/test/auto/ElementsToArray.xml
1 ms. Memory: 1366016K Free: 1093346K (80%)
----------------- Invoking toplevel() on ptolemy.moml.MoMLSimpleApplication@43524764
----------------- Done invoking toplevel() on ptolemy.moml.MoMLSimpleApplication@43524764
reloadAllAccessors: .ElementsToArray

===========================================================================================
----------------- testing Sat Feb 16 04:54:11 UTC 2019 /home/travis/build/icyphy/ptII/ptolemy/actor/lib/test/auto/Equals.xml
----------------- Instantiating /home/travis/build/icyphy/ptII/ptolemy/actor/lib/test/auto/Equals.xml
1 ms. Memory: 1366016K Free: 1067969K (78%)
----------------- Invoking toplevel() on ptolemy.moml.MoMLSimpleApplication@43f4a7b5
----------------- Done invoking toplevel() on ptolemy.moml.MoMLSimpleApplication@43f4a7b5
reloadAllAccessors: .Equals

===========================================================================================
----------------- testing Sat Feb 16 04:54:11 UTC 2019 /home/travis/build/icyphy/ptII/ptolemy/actor/lib/test/auto/Exec.xml
----------------- Instantiating /home/travis/build/icyphy/ptII/ptolemy/actor/lib/test/auto/Exec.xml
13 ms. Memory: 1366016K Free: 1030521K (75%)
----------------- Invoking toplevel() on ptolemy.moml.MoMLSimpleApplication@2d7ec752
----------------- Done invoking toplevel() on ptolemy.moml.MoMLSimpleApplication@2d7ec752
reloadAllAccessors: .Exec

===========================================================================================
----------------- testing Sat Feb 16 04:54:11 UTC 2019 /home/travis/build/icyphy/ptII/ptolemy/actor/lib/test/auto/ExecEnvironment.xml
----------------- Instantiating /home/travis/build/icyphy/ptII/ptolemy/actor/lib/test/auto/ExecEnvironment.xml
22 ms. Memory: 1366016K Free: 1013878K (74%)
----------------- Invoking toplevel() on ptolemy.moml.MoMLSimpleApplication@1dae154c
----------------- Done invoking toplevel() on ptolemy.moml.MoMLSimpleApplication@1dae154c
reloadAllAccessors: .ExecEnvironment

===========================================================================================
----------------- testing Sat Feb 16 04:54:11 UTC 2019 /home/travis/build/icyphy/ptII/ptolemy/actor/lib/test/auto/ExecNonZeroReturnOutput.xml
----------------- Instantiating /home/travis/build/icyphy/ptII/ptolemy/actor/lib/test/auto/ExecNonZeroReturnOutput.xml
115 ms. Memory: 1366016K Free: 880317K (64%)
----------------- Invoking toplevel() on ptolemy.moml.MoMLSimpleApplication@7dda2451
----------------- Done invoking toplevel() on ptolemy.moml.MoMLSimpleApplication@7dda2451
reloadAllAccessors: .ExecNonZeroReturnOutput

===========================================================================================
----------------- testing Sat Feb 16 04:54:11 UTC 2019 /home/travis/build/icyphy/ptII/ptolemy/actor/lib/test/auto/ExecRunDemos.xml
----------------- Instantiating /home/travis/build/icyphy/ptII/ptolemy/actor/lib/test/auto/ExecRunDemos.xml
Finished: 70 ms. Memory: 116224K Free: 100672K (87%)

Finished: 51 ms. Memory: 116224K Free: 97676K (84%)

Finished: 41 ms. Memory: 116224K Free: 98218K (85%)

Finished: 37 ms. Memory: 116224K Free: 99544K (86%)

Finished: 40 ms. Memory: 116224K Free: 100658K (87%)

9292 ms. Memory: 1366016K Free: 772125K (57%)
----------------- Invoking toplevel() on ptolemy.moml.MoMLSimpleApplication@6c79ec8b
----------------- Done invoking toplevel() on ptolemy.moml.MoMLSimpleApplication@6c79ec8b
reloadAllAccessors: .ExecRunDemos

===========================================================================================
----------------- testing Sat Feb 16 04:54:20 UTC 2019 /home/travis/build/icyphy/ptII/ptolemy/actor/lib/test/auto/ExecStop.xml
----------------- Instantiating /home/travis/build/icyphy/ptII/ptolemy/actor/lib/test/auto/ExecStop.xml
5013 ms. Memory: 1366016K Free: 555760K (41%)
----------------- Invoking toplevel() on ptolemy.moml.MoMLSimpleApplication@177d487b
----------------- Done invoking toplevel() on ptolemy.moml.MoMLSimpleApplication@177d487b
reloadAllAccessors: .ExecStop

===========================================================================================
----------------- testing Sat Feb 16 04:54:25 UTC 2019 /home/travis/build/icyphy/ptII/ptolemy/actor/lib/test/auto/ExecutionTimeSDF.xml
----------------- Instantiating /home/travis/build/icyphy/ptII/ptolemy/actor/lib/test/auto/ExecutionTimeSDF.xml
Fired ExecutionTime: -532567296
Fired ExecutionTime: 919600000
Fired ExecutionTime: 946400000
6010 ms. Memory: 1366016K Free: 530787K (39%)
----------------- Invoking toplevel() on ptolemy.moml.MoMLSimpleApplication@34029182
----------------- Done invoking toplevel() on ptolemy.moml.MoMLSimpleApplication@34029182
reloadAllAccessors: .ExecutionTimeSDF

===========================================================================================
----------------- testing Sat Feb 16 04:54:31 UTC 2019 /home/travis/build/icyphy/ptII/ptolemy/actor/lib/test/auto/Expression1.xml
----------------- Instantiating /home/travis/build/icyphy/ptII/ptolemy/actor/lib/test/auto/Expression1.xml
2 ms. Memory: 1366016K Free: 505409K (37%)
----------------- Invoking toplevel() on ptolemy.moml.MoMLSimpleApplication@2554c0bf
----------------- Done invoking toplevel() on ptolemy.moml.MoMLSimpleApplication@2554c0bf
reloadAllAccessors: .Expression1

===========================================================================================
----------------- testing Sat Feb 16 04:54:31 UTC 2019 /home/travis/build/icyphy/ptII/ptolemy/actor/lib/test/auto/Expression10.xml
----------------- Instantiating /home/travis/build/icyphy/ptII/ptolemy/actor/lib/test/auto/Expression10.xml
7 ms. Memory: 1366016K Free: 488766K (36%)
----------------- Invoking toplevel() on ptolemy.moml.MoMLSimpleApplication@3bf45929
----------------- Done invoking toplevel() on ptolemy.moml.MoMLSimpleApplication@3bf45929
reloadAllAccessors: .Expression10

===========================================================================================
----------------- testing Sat Feb 16 04:54:31 UTC 2019 /home/travis/build/icyphy/ptII/ptolemy/actor/lib/test/auto/Expression11.xml
----------------- Instantiating /home/travis/build/icyphy/ptII/ptolemy/actor/lib/test/auto/Expression11.xml
3 ms. Memory: 1366016K Free: 472122K (35%)
----------------- Invoking toplevel() on ptolemy.moml.MoMLSimpleApplication@17c04490
----------------- Done invoking toplevel() on ptolemy.moml.MoMLSimpleApplication@17c04490
reloadAllAccessors: .Expression11

===========================================================================================
----------------- testing Sat Feb 16 04:54:31 UTC 2019 /home/travis/build/icyphy/ptII/ptolemy/actor/lib/test/auto/Expression12.xml
----------------- Instantiating /home/travis/build/icyphy/ptII/ptolemy/actor/lib/test/auto/Expression12.xml
3 ms. Memory: 1366016K Free: 455479K (33%)
----------------- Invoking toplevel() on ptolemy.moml.MoMLSimpleApplication@1d710438
----------------- Done invoking toplevel() on ptolemy.moml.MoMLSimpleApplication@1d710438
reloadAllAccessors: .Expression12

===========================================================================================
----------------- testing Sat Feb 16 04:54:31 UTC 2019 /home/travis/build/icyphy/ptII/ptolemy/actor/lib/test/auto/Expression13.xml
----------------- Instantiating /home/travis/build/icyphy/ptII/ptolemy/actor/lib/test/auto/Expression13.xml
3 ms. Memory: 1366016K Free: 430101K (31%)
----------------- Invoking toplevel() on ptolemy.moml.MoMLSimpleApplication@3eda7599
----------------- Done invoking toplevel() on ptolemy.moml.MoMLSimpleApplication@3eda7599
reloadAllAccessors: .Expression13

===========================================================================================
----------------- testing Sat Feb 16 04:54:31 UTC 2019 /home/travis/build/icyphy/ptII/ptolemy/actor/lib/test/auto/Expression14.xml
----------------- Instantiating /home/travis/build/icyphy/ptII/ptolemy/actor/lib/test/auto/Expression14.xml
8 ms. Memory: 1366016K Free: 413458K (30%)
----------------- Invoking toplevel() on ptolemy.moml.MoMLSimpleApplication@1c39e57
----------------- Done invoking toplevel() on ptolemy.moml.MoMLSimpleApplication@1c39e57
reloadAllAccessors: .Expression14

===========================================================================================
----------------- testing Sat Feb 16 04:54:31 UTC 2019 /home/travis/build/icyphy/ptII/ptolemy/actor/lib/test/auto/Expression15.xml
----------------- Instantiating /home/travis/build/icyphy/ptII/ptolemy/actor/lib/test/auto/Expression15.xml
2 ms. Memory: 1366016K Free: 396814K (29%)
----------------- Invoking toplevel() on ptolemy.moml.MoMLSimpleApplication@58ce38dd
----------------- Done invoking toplevel() on ptolemy.moml.MoMLSimpleApplication@58ce38dd
reloadAllAccessors: .Expression15

===========================================================================================
----------------- testing Sat Feb 16 04:54:31 UTC 2019 /home/travis/build/icyphy/ptII/ptolemy/actor/lib/test/auto/Expression16.xml
----------------- Instantiating /home/travis/build/icyphy/ptII/ptolemy/actor/lib/test/auto/Expression16.xml
3 ms. Memory: 1366016K Free: 371437K (27%)
----------------- Invoking toplevel() on ptolemy.moml.MoMLSimpleApplication@361a829e
----------------- Done invoking toplevel() on ptolemy.moml.MoMLSimpleApplication@361a829e
reloadAllAccessors: .Expression16

===========================================================================================
----------------- testing Sat Feb 16 04:54:31 UTC 2019 /home/travis/build/icyphy/ptII/ptolemy/actor/lib/test/auto/Expression17.xml
----------------- Instantiating /home/travis/build/icyphy/ptII/ptolemy/actor/lib/test/auto/Expression17.xml
4 ms. Memory: 1366016K Free: 354793K (26%)
----------------- Invoking toplevel() on ptolemy.moml.MoMLSimpleApplication@48d990b7
----------------- Done invoking toplevel() on ptolemy.moml.MoMLSimpleApplication@48d990b7
reloadAllAccessors: .Expression17

===========================================================================================
----------------- testing Sat Feb 16 04:54:31 UTC 2019 /home/travis/build/icyphy/ptII/ptolemy/actor/lib/test/auto/Expression18.xml
----------------- Instantiating /home/travis/build/icyphy/ptII/ptolemy/actor/lib/test/auto/Expression18.xml
4 ms. Memory: 1366016K Free: 338150K (25%)
----------------- Invoking toplevel() on ptolemy.moml.MoMLSimpleApplication@51f8be8e
----------------- Done invoking toplevel() on ptolemy.moml.MoMLSimpleApplication@51f8be8e
reloadAllAccessors: .Expression18

===========================================================================================
----------------- testing Sat Feb 16 04:54:31 UTC 2019 /home/travis/build/icyphy/ptII/ptolemy/actor/lib/test/auto/Expression2.xml
----------------- Instantiating /home/travis/build/icyphy/ptII/ptolemy/actor/lib/test/auto/Expression2.xml
4 ms. Memory: 1366016K Free: 321506K (24%)
----------------- Invoking toplevel() on ptolemy.moml.MoMLSimpleApplication@69bfb4d7
----------------- Done invoking toplevel() on ptolemy.moml.MoMLSimpleApplication@69bfb4d7
reloadAllAccessors: .Expression2

===========================================================================================
----------------- testing Sat Feb 16 04:54:32 UTC 2019 /home/travis/build/icyphy/ptII/ptolemy/actor/lib/test/auto/Expression3.xml
----------------- Instantiating /home/travis/build/icyphy/ptII/ptolemy/actor/lib/test/auto/Expression3.xml
5 ms. Memory: 1366016K Free: 296129K (22%)
----------------- Invoking toplevel() on ptolemy.moml.MoMLSimpleApplication@3f0b9cb7
----------------- Done invoking toplevel() on ptolemy.moml.MoMLSimpleApplication@3f0b9cb7
reloadAllAccessors: .Expression3

===========================================================================================
----------------- testing Sat Feb 16 04:54:32 UTC 2019 /home/travis/build/icyphy/ptII/ptolemy/actor/lib/test/auto/Expression4.xml
----------------- Instantiating /home/travis/build/icyphy/ptII/ptolemy/actor/lib/test/auto/Expression4.xml
4 ms. Memory: 1366016K Free: 279485K (20%)
----------------- Invoking toplevel() on ptolemy.moml.MoMLSimpleApplication@48c5d19a
----------------- Done invoking toplevel() on ptolemy.moml.MoMLSimpleApplication@48c5d19a
reloadAllAccessors: .Expression4

===========================================================================================
----------------- testing Sat Feb 16 04:54:32 UTC 2019 /home/travis/build/icyphy/ptII/ptolemy/actor/lib/test/auto/Expression5.xml
----------------- Instantiating /home/travis/build/icyphy/ptII/ptolemy/actor/lib/test/auto/Expression5.xml
5 ms. Memory: 1366016K Free: 262842K (19%)
----------------- Invoking toplevel() on ptolemy.moml.MoMLSimpleApplication@532532b2
----------------- Done invoking toplevel() on ptolemy.moml.MoMLSimpleApplication@532532b2
reloadAllAccessors: .Expression5

===========================================================================================
----------------- testing Sat Feb 16 04:54:32 UTC 2019 /home/travis/build/icyphy/ptII/ptolemy/actor/lib/test/auto/Expression6.xml
----------------- Instantiating /home/travis/build/icyphy/ptII/ptolemy/actor/lib/test/auto/Expression6.xml
2 ms. Memory: 1366016K Free: 246198K (18%)
----------------- Invoking toplevel() on ptolemy.moml.MoMLSimpleApplication@69d26cc5
----------------- Done invoking toplevel() on ptolemy.moml.MoMLSimpleApplication@69d26cc5
reloadAllAccessors: .Expression6

===========================================================================================
----------------- testing Sat Feb 16 04:54:32 UTC 2019 /home/travis/build/icyphy/ptII/ptolemy/actor/lib/test/auto/Expression7.xml
----------------- Instantiating /home/travis/build/icyphy/ptII/ptolemy/actor/lib/test/auto/Expression7.xml
3 ms. Memory: 1366016K Free: 220821K (16%)
----------------- Invoking toplevel() on ptolemy.moml.MoMLSimpleApplication@1c3ab794
----------------- Done invoking toplevel() on ptolemy.moml.MoMLSimpleApplication@1c3ab794
reloadAllAccessors: .Expression7

===========================================================================================
----------------- testing Sat Feb 16 04:54:32 UTC 2019 /home/travis/build/icyphy/ptII/ptolemy/actor/lib/test/auto/Expression8.xml
----------------- Instantiating /home/travis/build/icyphy/ptII/ptolemy/actor/lib/test/auto/Expression8.xml
8 ms. Memory: 1366016K Free: 204177K (15%)
----------------- Invoking toplevel() on ptolemy.moml.MoMLSimpleApplication@103ad98e
----------------- Done invoking toplevel() on ptolemy.moml.MoMLSimpleApplication@103ad98e
reloadAllAccessors: .Expression8

===========================================================================================
----------------- testing Sat Feb 16 04:54:32 UTC 2019 /home/travis/build/icyphy/ptII/ptolemy/actor/lib/test/auto/Expression9.xml
----------------- Instantiating /home/travis/build/icyphy/ptII/ptolemy/actor/lib/test/auto/Expression9.xml
3 ms. Memory: 1366016K Free: 187534K (14%)
----------------- Invoking toplevel() on ptolemy.moml.MoMLSimpleApplication@babe23b
----------------- Done invoking toplevel() on ptolemy.moml.MoMLSimpleApplication@babe23b
reloadAllAccessors: .Expression9

===========================================================================================
----------------- testing Sat Feb 16 04:54:32 UTC 2019 /home/travis/build/icyphy/ptII/ptolemy/actor/lib/test/auto/ExpressionConcatenateArrayType.xml
----------------- Instantiating /home/travis/build/icyphy/ptII/ptolemy/actor/lib/test/auto/ExpressionConcatenateArrayType.xml
5 ms. Memory: 1366016K Free: 162157K (12%)
----------------- Invoking toplevel() on ptolemy.moml.MoMLSimpleApplication@4619adbf
----------------- Done invoking toplevel() on ptolemy.moml.MoMLSimpleApplication@4619adbf
reloadAllAccessors: .ExpressionConcatenateArrayType

===========================================================================================
----------------- testing Sat Feb 16 04:54:32 UTC 2019 /home/travis/build/icyphy/ptII/ptolemy/actor/lib/test/auto/ExpressionConcatenateArrayType2.xml
----------------- Instantiating /home/travis/build/icyphy/ptII/ptolemy/actor/lib/test/auto/ExpressionConcatenateArrayType2.xml
2 ms. Memory: 1366016K Free: 145513K (11%)
----------------- Invoking toplevel() on ptolemy.moml.MoMLSimpleApplication@4b29566f
----------------- Done invoking toplevel() on ptolemy.moml.MoMLSimpleApplication@4b29566f
reloadAllAccessors: .ExpressionConcatenateArrayType2

===========================================================================================
----------------- testing Sat Feb 16 04:54:32 UTC 2019 /home/travis/build/icyphy/ptII/ptolemy/actor/lib/test/auto/ExpressionFix.xml
----------------- Instantiating /home/travis/build/icyphy/ptII/ptolemy/actor/lib/test/auto/ExpressionFix.xml
18 ms. Memory: 1366016K Free: 128870K (9%)
----------------- Invoking toplevel() on ptolemy.moml.MoMLSimpleApplication@674b16be
----------------- Done invoking toplevel() on ptolemy.moml.MoMLSimpleApplication@674b16be
reloadAllAccessors: .ExpressionFix

===========================================================================================
----------------- testing Sat Feb 16 04:54:32 UTC 2019 /home/travis/build/icyphy/ptII/ptolemy/actor/lib/test/auto/ExpressionFix2.xml
----------------- Instantiating /home/travis/build/icyphy/ptII/ptolemy/actor/lib/test/auto/ExpressionFix2.xml
5 ms. Memory: 1366016K Free: 112226K (8%)
----------------- Invoking toplevel() on ptolemy.moml.MoMLSimpleApplication@24127096
----------------- Done invoking toplevel() on ptolemy.moml.MoMLSimpleApplication@24127096
reloadAllAccessors: .ExpressionFix2

===========================================================================================
----------------- testing Sat Feb 16 04:54:32 UTC 2019 /home/travis/build/icyphy/ptII/ptolemy/actor/lib/test/auto/ExpressionFix3.xml
----------------- Instantiating /home/travis/build/icyphy/ptII/ptolemy/actor/lib/test/auto/ExpressionFix3.xml
2 ms. Memory: 1366016K Free: 86849K (6%)
----------------- Invoking toplevel() on ptolemy.moml.MoMLSimpleApplication@6b4e9783
----------------- Done invoking toplevel() on ptolemy.moml.MoMLSimpleApplication@6b4e9783
reloadAllAccessors: .ExpressionFix3

===========================================================================================
----------------- testing Sat Feb 16 04:54:32 UTC 2019 /home/travis/build/icyphy/ptII/ptolemy/actor/lib/test/auto/FileWriter1.xml
----------------- Instantiating /home/travis/build/icyphy/ptII/ptolemy/actor/lib/test/auto/FileWriter1.xml
8 ms. Memory: 1366528K Free: 1319849K (97%)
----------------- Invoking toplevel() on ptolemy.moml.MoMLSimpleApplication@1e53353b
----------------- Done invoking toplevel() on ptolemy.moml.MoMLSimpleApplication@1e53353b
reloadAllAccessors: .FileWriter1

===========================================================================================
----------------- testing Sat Feb 16 04:54:32 UTC 2019 /home/travis/build/icyphy/ptII/ptolemy/actor/lib/test/auto/FileWriter2.xml
----------------- Instantiating /home/travis/build/icyphy/ptII/ptolemy/actor/lib/test/auto/FileWriter2.xml
2 ms. Memory: 1366528K Free: 1296856K (95%)
----------------- Invoking toplevel() on ptolemy.moml.MoMLSimpleApplication@3b3f30e3
----------------- Done invoking toplevel() on ptolemy.moml.MoMLSimpleApplication@3b3f30e3
reloadAllAccessors: .FileWriter2

===========================================================================================
----------------- testing Sat Feb 16 04:54:32 UTC 2019 /home/travis/build/icyphy/ptII/ptolemy/actor/lib/test/auto/FileWriter3.xml
----------------- Instantiating /home/travis/build/icyphy/ptII/ptolemy/actor/lib/test/auto/FileWriter3.xml
5 ms. Memory: 1366528K Free: 1284373K (94%)
----------------- Invoking toplevel() on ptolemy.moml.MoMLSimpleApplication@55e827b5
----------------- Done invoking toplevel() on ptolemy.moml.MoMLSimpleApplication@55e827b5
reloadAllAccessors: .FileWriter3

===========================================================================================
----------------- testing Sat Feb 16 04:54:32 UTC 2019 /home/travis/build/icyphy/ptII/ptolemy/actor/lib/test/auto/Gaussian.xml
----------------- Instantiating /home/travis/build/icyphy/ptII/ptolemy/actor/lib/test/auto/Gaussian.xml
5 ms. Memory: 1366528K Free: 1265541K (93%)
----------------- Invoking toplevel() on ptolemy.moml.MoMLSimpleApplication@6a9353d
----------------- Done invoking toplevel() on ptolemy.moml.MoMLSimpleApplication@6a9353d
reloadAllAccessors: .Gaussian

===========================================================================================
----------------- testing Sat Feb 16 04:54:32 UTC 2019 /home/travis/build/icyphy/ptII/ptolemy/actor/lib/test/auto/Gaussian1.xml
----------------- Instantiating /home/travis/build/icyphy/ptII/ptolemy/actor/lib/test/auto/Gaussian1.xml
6 ms. Memory: 1366528K Free: 1253059K (92%)
----------------- Invoking toplevel() on ptolemy.moml.MoMLSimpleApplication@69e1ef43
----------------- Done invoking toplevel() on ptolemy.moml.MoMLSimpleApplication@69e1ef43
reloadAllAccessors: .Gaussian1

===========================================================================================
----------------- testing Sat Feb 16 04:54:32 UTC 2019 /home/travis/build/icyphy/ptII/ptolemy/actor/lib/test/auto/Gaussian2.xml
----------------- Instantiating /home/travis/build/icyphy/ptII/ptolemy/actor/lib/test/auto/Gaussian2.xml
2 ms. Memory: 1366528K Free: 1240576K (91%)
----------------- Invoking toplevel() on ptolemy.moml.MoMLSimpleApplication@21bf7131
----------------- Done invoking toplevel() on ptolemy.moml.MoMLSimpleApplication@21bf7131
reloadAllAccessors: .Gaussian2

===========================================================================================
----------------- testing Sat Feb 16 04:54:32 UTC 2019 /home/travis/build/icyphy/ptII/ptolemy/actor/lib/test/auto/GradientAdaptiveLattice.xml
----------------- Instantiating /home/travis/build/icyphy/ptII/ptolemy/actor/lib/test/auto/GradientAdaptiveLattice.xml
2 ms. Memory: 1366528K Free: 1221744K (89%)
----------------- Invoking toplevel() on ptolemy.moml.MoMLSimpleApplication@6ff9e531
----------------- Done invoking toplevel() on ptolemy.moml.MoMLSimpleApplication@6ff9e531
reloadAllAccessors: .GradientAdaptiveLattice

===========================================================================================
----------------- testing Sat Feb 16 04:54:32 UTC 2019 /home/travis/build/icyphy/ptII/ptolemy/actor/lib/test/auto/IIR.xml
----------------- Instantiating /home/travis/build/icyphy/ptII/ptolemy/actor/lib/test/auto/IIR.xml
2 ms. Memory: 1366528K Free: 1209261K (88%)
----------------- Invoking toplevel() on ptolemy.moml.MoMLSimpleApplication@23da7559
----------------- Done invoking toplevel() on ptolemy.moml.MoMLSimpleApplication@23da7559
reloadAllAccessors: .IIR

===========================================================================================
----------------- testing Sat Feb 16 04:54:32 UTC 2019 /home/travis/build/icyphy/ptII/ptolemy/actor/lib/test/auto/InputOutputTransparentPorts.xml
----------------- Instantiating /home/travis/build/icyphy/ptII/ptolemy/actor/lib/test/auto/InputOutputTransparentPorts.xml
2 ms. Memory: 1366528K Free: 1190429K (87%)
----------------- Invoking toplevel() on ptolemy.moml.MoMLSimpleApplication@179f5c17
----------------- Done invoking toplevel() on ptolemy.moml.MoMLSimpleApplication@179f5c17
reloadAllAccessors: .InputOutputTransparentPorts

===========================================================================================
----------------- testing Sat Feb 16 04:54:32 UTC 2019 /home/travis/build/icyphy/ptII/ptolemy/actor/lib/test/auto/Interpolator.xml
----------------- Instantiating /home/travis/build/icyphy/ptII/ptolemy/actor/lib/test/auto/Interpolator.xml
3 ms. Memory: 1366528K Free: 1177946K (86%)
----------------- Invoking toplevel() on ptolemy.moml.MoMLSimpleApplication@c07a3bd
----------------- Done invoking toplevel() on ptolemy.moml.MoMLSimpleApplication@c07a3bd
reloadAllAccessors: .Interpolator

===========================================================================================
----------------- testing Sat Feb 16 04:54:32 UTC 2019 /home/travis/build/icyphy/ptII/ptolemy/actor/lib/test/auto/InterpolatorFiringLimitDE.xml
----------------- Instantiating /home/travis/build/icyphy/ptII/ptolemy/actor/lib/test/auto/InterpolatorFiringLimitDE.xml
2 ms. Memory: 1366528K Free: 1165464K (85%)
----------------- Invoking toplevel() on ptolemy.moml.MoMLSimpleApplication@2ea2ec74
----------------- Done invoking toplevel() on ptolemy.moml.MoMLSimpleApplication@2ea2ec74
reloadAllAccessors: .InterpolatorFiringLimitDE

===========================================================================================
----------------- testing Sat Feb 16 04:54:32 UTC 2019 /home/travis/build/icyphy/ptII/ptolemy/actor/lib/test/auto/Lattice.xml
----------------- Instantiating /home/travis/build/icyphy/ptII/ptolemy/actor/lib/test/auto/Lattice.xml
1 ms. Memory: 1366528K Free: 1146631K (84%)
----------------- Invoking toplevel() on ptolemy.moml.MoMLSimpleApplication@e17788
----------------- Done invoking toplevel() on ptolemy.moml.MoMLSimpleApplication@e17788
reloadAllAccessors: .Lattice

===========================================================================================
----------------- testing Sat Feb 16 04:54:32 UTC 2019 /home/travis/build/icyphy/ptII/ptolemy/actor/lib/test/auto/LazyAOCTestLazy.xml
----------------- Instantiating /home/travis/build/icyphy/ptII/ptolemy/actor/lib/test/auto/LazyAOCTestLazy.xml
6 ms. Memory: 1366528K Free: 1134149K (83%)
----------------- Invoking toplevel() on ptolemy.moml.MoMLSimpleApplication@15165245
----------------- Done invoking toplevel() on ptolemy.moml.MoMLSimpleApplication@15165245
reloadAllAccessors: .LazyAOCTestLazy

===========================================================================================
----------------- testing Sat Feb 16 04:54:32 UTC 2019 /home/travis/build/icyphy/ptII/ptolemy/actor/lib/test/auto/LazyAOCTestNonLazy.xml
----------------- Instantiating /home/travis/build/icyphy/ptII/ptolemy/actor/lib/test/auto/LazyAOCTestNonLazy.xml
14 ms. Memory: 1366528K Free: 1121666K (82%)
----------------- Invoking toplevel() on ptolemy.moml.MoMLSimpleApplication@2ed0a051
----------------- Done invoking toplevel() on ptolemy.moml.MoMLSimpleApplication@2ed0a051
reloadAllAccessors: .LazyAOCTestNonLazy

===========================================================================================
----------------- testing Sat Feb 16 04:54:32 UTC 2019 /home/travis/build/icyphy/ptII/ptolemy/actor/lib/test/auto/LazyInnerClass.xml
----------------- Instantiating /home/travis/build/icyphy/ptII/ptolemy/actor/lib/test/auto/LazyInnerClass.xml
13 ms. Memory: 1366528K Free: 1102834K (81%)
----------------- Invoking toplevel() on ptolemy.moml.MoMLSimpleApplication@91e1c3b
----------------- Done invoking toplevel() on ptolemy.moml.MoMLSimpleApplication@91e1c3b
reloadAllAccessors: .LazyInnerClass

===========================================================================================
----------------- testing Sat Feb 16 04:54:32 UTC 2019 /home/travis/build/icyphy/ptII/ptolemy/actor/lib/test/auto/LazyPubSub.xml
----------------- Instantiating /home/travis/build/icyphy/ptII/ptolemy/actor/lib/test/auto/LazyPubSub.xml
23 ms. Memory: 1366528K Free: 1090351K (80%)
----------------- Invoking toplevel() on ptolemy.moml.MoMLSimpleApplication@70f6f511
----------------- Done invoking toplevel() on ptolemy.moml.MoMLSimpleApplication@70f6f511
reloadAllAccessors: .LazyPubSub

===========================================================================================
----------------- testing Sat Feb 16 04:54:32 UTC 2019 /home/travis/build/icyphy/ptII/ptolemy/actor/lib/test/auto/LazyPubSub2.xml
----------------- Instantiating /home/travis/build/icyphy/ptII/ptolemy/actor/lib/test/auto/LazyPubSub2.xml
15 ms. Memory: 1366528K Free: 1071447K (78%)
----------------- Invoking toplevel() on ptolemy.moml.MoMLSimpleApplication@2cd87db1
----------------- Done invoking toplevel() on ptolemy.moml.MoMLSimpleApplication@2cd87db1
reloadAllAccessors: .LazyPubSub2

===========================================================================================
----------------- testing Sat Feb 16 04:54:32 UTC 2019 /home/travis/build/icyphy/ptII/ptolemy/actor/lib/test/auto/LazyPubSub3.xml
----------------- Instantiating /home/travis/build/icyphy/ptII/ptolemy/actor/lib/test/auto/LazyPubSub3.xml
10 ms. Memory: 1366528K Free: 1058965K (77%)
----------------- Invoking toplevel() on ptolemy.moml.MoMLSimpleApplication@642c3d7e
----------------- Done invoking toplevel() on ptolemy.moml.MoMLSimpleApplication@642c3d7e
reloadAllAccessors: .LazyPubSub3

===========================================================================================
----------------- testing Sat Feb 16 04:54:32 UTC 2019 /home/travis/build/icyphy/ptII/ptolemy/actor/lib/test/auto/LazySubClassModel.xml
----------------- Instantiating /home/travis/build/icyphy/ptII/ptolemy/actor/lib/test/auto/LazySubClassModel.xml
1 ms. Memory: 1366528K Free: 1040225K (76%)
----------------- Invoking toplevel() on ptolemy.moml.MoMLSimpleApplication@48e737ca
----------------- Done invoking toplevel() on ptolemy.moml.MoMLSimpleApplication@48e737ca
reloadAllAccessors: .LazySubClassModel

===========================================================================================
----------------- testing Sat Feb 16 04:54:32 UTC 2019 /home/travis/build/icyphy/ptII/ptolemy/actor/lib/test/auto/LevelCrossTest1.xml
----------------- Instantiating /home/travis/build/icyphy/ptII/ptolemy/actor/lib/test/auto/LevelCrossTest1.xml
1 ms. Memory: 1366528K Free: 1021393K (75%)
----------------- Invoking toplevel() on ptolemy.moml.MoMLSimpleApplication@23bb280c
----------------- Done invoking toplevel() on ptolemy.moml.MoMLSimpleApplication@23bb280c
reloadAllAccessors: .broken

===========================================================================================
----------------- testing Sat Feb 16 04:54:32 UTC 2019 /home/travis/build/icyphy/ptII/ptolemy/actor/lib/test/auto/LevelCrossTest10.xml
----------------- Instantiating /home/travis/build/icyphy/ptII/ptolemy/actor/lib/test/auto/LevelCrossTest10.xml
1 ms. Memory: 1366528K Free: 1008910K (74%)
----------------- Invoking toplevel() on ptolemy.moml.MoMLSimpleApplication@58cc6f8d
----------------- Done invoking toplevel() on ptolemy.moml.MoMLSimpleApplication@58cc6f8d
reloadAllAccessors: .LevelCrossTest10

===========================================================================================
----------------- testing Sat Feb 16 04:54:32 UTC 2019 /home/travis/build/icyphy/ptII/ptolemy/actor/lib/test/auto/LevelCrossTest11.xml
----------------- Instantiating /home/travis/build/icyphy/ptII/ptolemy/actor/lib/test/auto/LevelCrossTest11.xml
1 ms. Memory: 1366528K Free: 996428K (73%)
----------------- Invoking toplevel() on ptolemy.moml.MoMLSimpleApplication@388b0f3f
----------------- Done invoking toplevel() on ptolemy.moml.MoMLSimpleApplication@388b0f3f
reloadAllAccessors: .LevelCrossTest11

===========================================================================================
----------------- testing Sat Feb 16 04:54:32 UTC 2019 /home/travis/build/icyphy/ptII/ptolemy/actor/lib/test/auto/LevelCrossTest12.xml
----------------- Instantiating /home/travis/build/icyphy/ptII/ptolemy/actor/lib/test/auto/LevelCrossTest12.xml
1 ms. Memory: 1366528K Free: 977595K (72%)
----------------- Invoking toplevel() on ptolemy.moml.MoMLSimpleApplication@13f68bb8
----------------- Done invoking toplevel() on ptolemy.moml.MoMLSimpleApplication@13f68bb8
reloadAllAccessors: .LevelCrossTest12

===========================================================================================
----------------- testing Sat Feb 16 04:54:32 UTC 2019 /home/travis/build/icyphy/ptII/ptolemy/actor/lib/test/auto/LevelCrossTest13.xml
----------------- Instantiating /home/travis/build/icyphy/ptII/ptolemy/actor/lib/test/auto/LevelCrossTest13.xml
2 ms. Memory: 1366528K Free: 965113K (71%)
----------------- Invoking toplevel() on ptolemy.moml.MoMLSimpleApplication@6b05ee06
----------------- Done invoking toplevel() on ptolemy.moml.MoMLSimpleApplication@6b05ee06
reloadAllAccessors: .LevelCrossTest13

===========================================================================================
----------------- testing Sat Feb 16 04:54:32 UTC 2019 /home/travis/build/icyphy/ptII/ptolemy/actor/lib/test/auto/LevelCrossTest2.xml
----------------- Instantiating /home/travis/build/icyphy/ptII/ptolemy/actor/lib/test/auto/LevelCrossTest2.xml
1 ms. Memory: 1366528K Free: 946280K (69%)
----------------- Invoking toplevel() on ptolemy.moml.MoMLSimpleApplication@205e6e59
----------------- Done invoking toplevel() on ptolemy.moml.MoMLSimpleApplication@205e6e59
reloadAllAccessors: .broken

===========================================================================================
----------------- testing Sat Feb 16 04:54:32 UTC 2019 /home/travis/build/icyphy/ptII/ptolemy/actor/lib/test/auto/LevelCrossTest3.xml
----------------- Instantiating /home/travis/build/icyphy/ptII/ptolemy/actor/lib/test/auto/LevelCrossTest3.xml
1 ms. Memory: 1366528K Free: 933798K (68%)
----------------- Invoking toplevel() on ptolemy.moml.MoMLSimpleApplication@409c6ff0
----------------- Done invoking toplevel() on ptolemy.moml.MoMLSimpleApplication@409c6ff0
reloadAllAccessors: .LevelCrossTest3

===========================================================================================
----------------- testing Sat Feb 16 04:54:32 UTC 2019 /home/travis/build/icyphy/ptII/ptolemy/actor/lib/test/auto/LevelCrossTest4.xml
----------------- Instantiating /home/travis/build/icyphy/ptII/ptolemy/actor/lib/test/auto/LevelCrossTest4.xml
1 ms. Memory: 1366528K Free: 921315K (67%)
----------------- Invoking toplevel() on ptolemy.moml.MoMLSimpleApplication@2d60f67e
----------------- Done invoking toplevel() on ptolemy.moml.MoMLSimpleApplication@2d60f67e
reloadAllAccessors: .broken

===========================================================================================
----------------- testing Sat Feb 16 04:54:32 UTC 2019 /home/travis/build/icyphy/ptII/ptolemy/actor/lib/test/auto/LevelCrossTest5.xml
----------------- Instantiating /home/travis/build/icyphy/ptII/ptolemy/actor/lib/test/auto/LevelCrossTest5.xml
1 ms. Memory: 1366528K Free: 902483K (66%)
----------------- Invoking toplevel() on ptolemy.moml.MoMLSimpleApplication@11b066eb
----------------- Done invoking toplevel() on ptolemy.moml.MoMLSimpleApplication@11b066eb
reloadAllAccessors: .LevelCrossTest5

===========================================================================================
----------------- testing Sat Feb 16 04:54:32 UTC 2019 /home/travis/build/icyphy/ptII/ptolemy/actor/lib/test/auto/LevelCrossTest6.xml
----------------- Instantiating /home/travis/build/icyphy/ptII/ptolemy/actor/lib/test/auto/LevelCrossTest6.xml
1 ms. Memory: 1366528K Free: 890000K (65%)
----------------- Invoking toplevel() on ptolemy.moml.MoMLSimpleApplication@61ab073e
----------------- Done invoking toplevel() on ptolemy.moml.MoMLSimpleApplication@61ab073e
reloadAllAccessors: .LevelCrossTest6

===========================================================================================
----------------- testing Sat Feb 16 04:54:32 UTC 2019 /home/travis/build/icyphy/ptII/ptolemy/actor/lib/test/auto/LevelCrossTest7.xml
----------------- Instantiating /home/travis/build/icyphy/ptII/ptolemy/actor/lib/test/auto/LevelCrossTest7.xml
3 ms. Memory: 1366528K Free: 871168K (64%)
----------------- Invoking toplevel() on ptolemy.moml.MoMLSimpleApplication@51fc811d
----------------- Done invoking toplevel() on ptolemy.moml.MoMLSimpleApplication@51fc811d
reloadAllAccessors: .LevelCrossTest7

===========================================================================================
----------------- testing Sat Feb 16 04:54:33 UTC 2019 /home/travis/build/icyphy/ptII/ptolemy/actor/lib/test/auto/LevelCrossTest8.xml
----------------- Instantiating /home/travis/build/icyphy/ptII/ptolemy/actor/lib/test/auto/LevelCrossTest8.xml
1 ms. Memory: 1366528K Free: 858685K (63%)
----------------- Invoking toplevel() on ptolemy.moml.MoMLSimpleApplication@59f624fb
----------------- Done invoking toplevel() on ptolemy.moml.MoMLSimpleApplication@59f624fb
reloadAllAccessors: .LevelCrossTest8

===========================================================================================
----------------- testing Sat Feb 16 04:54:33 UTC 2019 /home/travis/build/icyphy/ptII/ptolemy/actor/lib/test/auto/LevelCrossTest9.xml
----------------- Instantiating /home/travis/build/icyphy/ptII/ptolemy/actor/lib/test/auto/LevelCrossTest9.xml
2 ms. Memory: 1366528K Free: 846203K (62%)
----------------- Invoking toplevel() on ptolemy.moml.MoMLSimpleApplication@b16d427
----------------- Done invoking toplevel() on ptolemy.moml.MoMLSimpleApplication@b16d427
reloadAllAccessors: .LevelCrossTest9

===========================================================================================
----------------- testing Sat Feb 16 04:54:33 UTC 2019 /home/travis/build/icyphy/ptII/ptolemy/actor/lib/test/auto/LevinsonDurbin.xml
----------------- Instantiating /home/travis/build/icyphy/ptII/ptolemy/actor/lib/test/auto/LevinsonDurbin.xml
5 ms. Memory: 1366528K Free: 827370K (61%)
----------------- Invoking toplevel() on ptolemy.moml.MoMLSimpleApplication@d6b0437
----------------- Done invoking toplevel() on ptolemy.moml.MoMLSimpleApplication@d6b0437
reloadAllAccessors: .LevinsonDurbin

===========================================================================================
----------------- testing Sat Feb 16 04:54:33 UTC 2019 /home/travis/build/icyphy/ptII/ptolemy/actor/lib/test/auto/LevinsonDurbin2.xml
----------------- Instantiating /home/travis/build/icyphy/ptII/ptolemy/actor/lib/test/auto/LevinsonDurbin2.xml
3 ms. Memory: 1366528K Free: 814887K (60%)
----------------- Invoking toplevel() on ptolemy.moml.MoMLSimpleApplication@184eeb33
----------------- Done invoking toplevel() on ptolemy.moml.MoMLSimpleApplication@184eeb33
reloadAllAccessors: .LevinsonDurbin2

===========================================================================================
----------------- testing Sat Feb 16 04:54:33 UTC 2019 /home/travis/build/icyphy/ptII/ptolemy/actor/lib/test/auto/LevinsonDurbin3.xml
----------------- Instantiating /home/travis/build/icyphy/ptII/ptolemy/actor/lib/test/auto/LevinsonDurbin3.xml
3 ms. Memory: 1366528K Free: 802405K (59%)
----------------- Invoking toplevel() on ptolemy.moml.MoMLSimpleApplication@73cdf49d
----------------- Done invoking toplevel() on ptolemy.moml.MoMLSimpleApplication@73cdf49d
reloadAllAccessors: .LevinsonDurbin3

===========================================================================================
----------------- testing Sat Feb 16 04:54:33 UTC 2019 /home/travis/build/icyphy/ptII/ptolemy/actor/lib/test/auto/Limiter.xml
----------------- Instantiating /home/travis/build/icyphy/ptII/ptolemy/actor/lib/test/auto/Limiter.xml
3 ms. Memory: 1366528K Free: 783572K (57%)
----------------- Invoking toplevel() on ptolemy.moml.MoMLSimpleApplication@34678441
----------------- Done invoking toplevel() on ptolemy.moml.MoMLSimpleApplication@34678441
reloadAllAccessors: .Limiter

===========================================================================================
----------------- testing Sat Feb 16 04:54:33 UTC 2019 /home/travis/build/icyphy/ptII/ptolemy/actor/lib/test/auto/LinearDifferenceEquationSystem.xml
----------------- Instantiating /home/travis/build/icyphy/ptII/ptolemy/actor/lib/test/auto/LinearDifferenceEquationSystem.xml
10 ms. Memory: 1366528K Free: 771090K (56%)
----------------- Invoking toplevel() on ptolemy.moml.MoMLSimpleApplication@2855e09e
----------------- Done invoking toplevel() on ptolemy.moml.MoMLSimpleApplication@2855e09e
reloadAllAccessors: .LinearDifferenceEquationSystem

===========================================================================================
----------------- testing Sat Feb 16 04:54:33 UTC 2019 /home/travis/build/icyphy/ptII/ptolemy/actor/lib/test/auto/LookupTable.xml
----------------- Instantiating /home/travis/build/icyphy/ptII/ptolemy/actor/lib/test/auto/LookupTable.xml
1 ms. Memory: 1366528K Free: 752257K (55%)
----------------- Invoking toplevel() on ptolemy.moml.MoMLSimpleApplication@78eace2d
----------------- Done invoking toplevel() on ptolemy.moml.MoMLSimpleApplication@78eace2d
reloadAllAccessors: .LookupTable

===========================================================================================
----------------- testing Sat Feb 16 04:54:33 UTC 2019 /home/travis/build/icyphy/ptII/ptolemy/actor/lib/test/auto/MathFunction.xml
----------------- Instantiating /home/travis/build/icyphy/ptII/ptolemy/actor/lib/test/auto/MathFunction.xml
1 ms. Memory: 1366528K Free: 739775K (54%)
----------------- Invoking toplevel() on ptolemy.moml.MoMLSimpleApplication@5437f023
----------------- Done invoking toplevel() on ptolemy.moml.MoMLSimpleApplication@5437f023
reloadAllAccessors: .MathFunction

===========================================================================================
----------------- testing Sat Feb 16 04:54:33 UTC 2019 /home/travis/build/icyphy/ptII/ptolemy/actor/lib/test/auto/MathFunction2.xml
----------------- Instantiating /home/travis/build/icyphy/ptII/ptolemy/actor/lib/test/auto/MathFunction2.xml
1 ms. Memory: 1366528K Free: 727292K (53%)
----------------- Invoking toplevel() on ptolemy.moml.MoMLSimpleApplication@630b119d
----------------- Done invoking toplevel() on ptolemy.moml.MoMLSimpleApplication@630b119d
reloadAllAccessors: .MathFunction2

===========================================================================================
----------------- testing Sat Feb 16 04:54:33 UTC 2019 /home/travis/build/icyphy/ptII/ptolemy/actor/lib/test/auto/MathFunction3.xml
----------------- Instantiating /home/travis/build/icyphy/ptII/ptolemy/actor/lib/test/auto/MathFunction3.xml
5 ms. Memory: 1366528K Free: 708460K (52%)
----------------- Invoking toplevel() on ptolemy.moml.MoMLSimpleApplication@1258e4ac
----------------- Done invoking toplevel() on ptolemy.moml.MoMLSimpleApplication@1258e4ac
reloadAllAccessors: .MathFunction3

===========================================================================================
----------------- testing Sat Feb 16 04:54:33 UTC 2019 /home/travis/build/icyphy/ptII/ptolemy/actor/lib/test/auto/MatrixCropBoolean.xml
----------------- Instantiating /home/travis/build/icyphy/ptII/ptolemy/actor/lib/test/auto/MatrixCropBoolean.xml
1 ms. Memory: 1366528K Free: 695977K (51%)
----------------- Invoking toplevel() on ptolemy.moml.MoMLSimpleApplication@208169d5
----------------- Done invoking toplevel() on ptolemy.moml.MoMLSimpleApplication@208169d5
reloadAllAccessors: .MatrixCropBoolean

===========================================================================================
----------------- testing Sat Feb 16 04:54:33 UTC 2019 /home/travis/build/icyphy/ptII/ptolemy/actor/lib/test/auto/MatrixCropComplex.xml
----------------- Instantiating /home/travis/build/icyphy/ptII/ptolemy/actor/lib/test/auto/MatrixCropComplex.xml
2 ms. Memory: 1366528K Free: 677145K (50%)
----------------- Invoking toplevel() on ptolemy.moml.MoMLSimpleApplication@5d4c73b5
----------------- Done invoking toplevel() on ptolemy.moml.MoMLSimpleApplication@5d4c73b5
reloadAllAccessors: .MatrixCropComplex

===========================================================================================
----------------- testing Sat Feb 16 04:54:33 UTC 2019 /home/travis/build/icyphy/ptII/ptolemy/actor/lib/test/auto/MatrixCropDouble.xml
----------------- Instantiating /home/travis/build/icyphy/ptII/ptolemy/actor/lib/test/auto/MatrixCropDouble.xml
2 ms. Memory: 1366528K Free: 664662K (49%)
----------------- Invoking toplevel() on ptolemy.moml.MoMLSimpleApplication@1cfc5616
----------------- Done invoking toplevel() on ptolemy.moml.MoMLSimpleApplication@1cfc5616
reloadAllAccessors: .MatrixCropDouble

===========================================================================================
----------------- testing Sat Feb 16 04:54:33 UTC 2019 /home/travis/build/icyphy/ptII/ptolemy/actor/lib/test/auto/MatrixCropFix.xml
----------------- Instantiating /home/travis/build/icyphy/ptII/ptolemy/actor/lib/test/auto/MatrixCropFix.xml
3 ms. Memory: 1366528K Free: 652180K (48%)
----------------- Invoking toplevel() on ptolemy.moml.MoMLSimpleApplication@6cd0a1e2
----------------- Done invoking toplevel() on ptolemy.moml.MoMLSimpleApplication@6cd0a1e2
reloadAllAccessors: .MatrixCropFix

===========================================================================================
----------------- testing Sat Feb 16 04:54:33 UTC 2019 /home/travis/build/icyphy/ptII/ptolemy/actor/lib/test/auto/MatrixCropInt.xml
----------------- Instantiating /home/travis/build/icyphy/ptII/ptolemy/actor/lib/test/auto/MatrixCropInt.xml
3 ms. Memory: 1366528K Free: 633348K (46%)
----------------- Invoking toplevel() on ptolemy.moml.MoMLSimpleApplication@413ca1d0
----------------- Done invoking toplevel() on ptolemy.moml.MoMLSimpleApplication@413ca1d0
reloadAllAccessors: .MatrixCropInt

===========================================================================================
----------------- testing Sat Feb 16 04:54:33 UTC 2019 /home/travis/build/icyphy/ptII/ptolemy/actor/lib/test/auto/MatrixCropLong.xml
----------------- Instantiating /home/travis/build/icyphy/ptII/ptolemy/actor/lib/test/auto/MatrixCropLong.xml
2 ms. Memory: 1366528K Free: 620865K (45%)
----------------- Invoking toplevel() on ptolemy.moml.MoMLSimpleApplication@10df2d2a
----------------- Done invoking toplevel() on ptolemy.moml.MoMLSimpleApplication@10df2d2a
reloadAllAccessors: .MatrixCropLong

===========================================================================================
----------------- testing Sat Feb 16 04:54:33 UTC 2019 /home/travis/build/icyphy/ptII/ptolemy/actor/lib/test/auto/MatrixToArray.xml
----------------- Instantiating /home/travis/build/icyphy/ptII/ptolemy/actor/lib/test/auto/MatrixToArray.xml
6 ms. Memory: 1366528K Free: 595876K (44%)
----------------- Invoking toplevel() on ptolemy.moml.MoMLSimpleApplication@16a8d26b
----------------- Done invoking toplevel() on ptolemy.moml.MoMLSimpleApplication@16a8d26b
reloadAllAccessors: .MatrixToArray

===========================================================================================
----------------- testing Sat Feb 16 04:54:33 UTC 2019 /home/travis/build/icyphy/ptII/ptolemy/actor/lib/test/auto/MaxIndex.xml
----------------- Instantiating /home/travis/build/icyphy/ptII/ptolemy/actor/lib/test/auto/MaxIndex.xml
2 ms. Memory: 1366528K Free: 577043K (42%)
----------------- Invoking toplevel() on ptolemy.moml.MoMLSimpleApplication@2d474177
----------------- Done invoking toplevel() on ptolemy.moml.MoMLSimpleApplication@2d474177
reloadAllAccessors: .MaxIndex

===========================================================================================
----------------- testing Sat Feb 16 04:54:33 UTC 2019 /home/travis/build/icyphy/ptII/ptolemy/actor/lib/test/auto/Maximum.xml
----------------- Instantiating /home/travis/build/icyphy/ptII/ptolemy/actor/lib/test/auto/Maximum.xml
2 ms. Memory: 1366528K Free: 564561K (41%)
----------------- Invoking toplevel() on ptolemy.moml.MoMLSimpleApplication@463ceaef
----------------- Done invoking toplevel() on ptolemy.moml.MoMLSimpleApplication@463ceaef
reloadAllAccessors: .Maximum

===========================================================================================
----------------- testing Sat Feb 16 04:54:33 UTC 2019 /home/travis/build/icyphy/ptII/ptolemy/actor/lib/test/auto/MaximumComplex.xml
----------------- Instantiating /home/travis/build/icyphy/ptII/ptolemy/actor/lib/test/auto/MaximumComplex.xml
4 ms. Memory: 1366528K Free: 545728K (40%)
----------------- Invoking toplevel() on ptolemy.moml.MoMLSimpleApplication@265c238b
----------------- Done invoking toplevel() on ptolemy.moml.MoMLSimpleApplication@265c238b
reloadAllAccessors: .MaximumComplex

===========================================================================================
----------------- testing Sat Feb 16 04:54:33 UTC 2019 /home/travis/build/icyphy/ptII/ptolemy/actor/lib/test/auto/MethodCallTest.xml
----------------- Instantiating /home/travis/build/icyphy/ptII/ptolemy/actor/lib/test/auto/MethodCallTest.xml
2 ms. Memory: 1366528K Free: 533246K (39%)
----------------- Invoking toplevel() on ptolemy.moml.MoMLSimpleApplication@73dd92a1
----------------- Done invoking toplevel() on ptolemy.moml.MoMLSimpleApplication@73dd92a1
reloadAllAccessors: .MethodCallTest

===========================================================================================
----------------- testing Sat Feb 16 04:54:33 UTC 2019 /home/travis/build/icyphy/ptII/ptolemy/actor/lib/test/auto/Minimum.xml
----------------- Instantiating /home/travis/build/icyphy/ptII/ptolemy/actor/lib/test/auto/Minimum.xml
2 ms. Memory: 1366528K Free: 520763K (38%)
----------------- Invoking toplevel() on ptolemy.moml.MoMLSimpleApplication@2dfb4f2
----------------- Done invoking toplevel() on ptolemy.moml.MoMLSimpleApplication@2dfb4f2
reloadAllAccessors: .Minimum

===========================================================================================
----------------- testing Sat Feb 16 04:54:33 UTC 2019 /home/travis/build/icyphy/ptII/ptolemy/actor/lib/test/auto/MinimumComplex.xml
----------------- Instantiating /home/travis/build/icyphy/ptII/ptolemy/actor/lib/test/auto/MinimumComplex.xml
3 ms. Memory: 1366528K Free: 501931K (37%)
----------------- Invoking toplevel() on ptolemy.moml.MoMLSimpleApplication@4e508c59
----------------- Done invoking toplevel() on ptolemy.moml.MoMLSimpleApplication@4e508c59
reloadAllAccessors: .MinimumComplex

===========================================================================================
----------------- testing Sat Feb 16 04:54:33 UTC 2019 /home/travis/build/icyphy/ptII/ptolemy/actor/lib/test/auto/MinimumMultiports.xml
----------------- Instantiating /home/travis/build/icyphy/ptII/ptolemy/actor/lib/test/auto/MinimumMultiports.xml
4 ms. Memory: 1366528K Free: 489448K (36%)
----------------- Invoking toplevel() on ptolemy.moml.MoMLSimpleApplication@8e94c5f
----------------- Done invoking toplevel() on ptolemy.moml.MoMLSimpleApplication@8e94c5f
reloadAllAccessors: .MinimumMultiports

===========================================================================================
----------------- testing Sat Feb 16 04:54:33 UTC 2019 /home/travis/build/icyphy/ptII/ptolemy/actor/lib/test/auto/ModifyDate.xml
----------------- Instantiating /home/travis/build/icyphy/ptII/ptolemy/actor/lib/test/auto/ModifyDate.xml
8 ms. Memory: 1366528K Free: 464359K (34%)
----------------- Invoking toplevel() on ptolemy.moml.MoMLSimpleApplication@2b6c4a22
----------------- Done invoking toplevel() on ptolemy.moml.MoMLSimpleApplication@2b6c4a22
reloadAllAccessors: .ModifyDate

===========================================================================================
----------------- testing Sat Feb 16 04:54:33 UTC 2019 /home/travis/build/icyphy/ptII/ptolemy/actor/lib/test/auto/ModifyDate2.xml
----------------- Instantiating /home/travis/build/icyphy/ptII/ptolemy/actor/lib/test/auto/ModifyDate2.xml
2 ms. Memory: 1366528K Free: 445627K (33%)
----------------- Invoking toplevel() on ptolemy.moml.MoMLSimpleApplication@9b8ffe1
----------------- Done invoking toplevel() on ptolemy.moml.MoMLSimpleApplication@9b8ffe1
reloadAllAccessors: .ModifyDate2

===========================================================================================
----------------- testing Sat Feb 16 04:54:33 UTC 2019 /home/travis/build/icyphy/ptII/ptolemy/actor/lib/test/auto/MovingAverage.xml
----------------- Instantiating /home/travis/build/icyphy/ptII/ptolemy/actor/lib/test/auto/MovingAverage.xml
2 ms. Memory: 1366528K Free: 433144K (32%)
----------------- Invoking toplevel() on ptolemy.moml.MoMLSimpleApplication@3176c044
----------------- Done invoking toplevel() on ptolemy.moml.MoMLSimpleApplication@3176c044
reloadAllAccessors: .MovingAverage

===========================================================================================
----------------- testing Sat Feb 16 04:54:33 UTC 2019 /home/travis/build/icyphy/ptII/ptolemy/actor/lib/test/auto/MovingMaximum.xml
----------------- Instantiating /home/travis/build/icyphy/ptII/ptolemy/actor/lib/test/auto/MovingMaximum.xml
1 ms. Memory: 1366528K Free: 414312K (30%)
----------------- Invoking toplevel() on ptolemy.moml.MoMLSimpleApplication@77acf739
----------------- Done invoking toplevel() on ptolemy.moml.MoMLSimpleApplication@77acf739
reloadAllAccessors: .MovingMaximum

===========================================================================================
----------------- testing Sat Feb 16 04:54:33 UTC 2019 /home/travis/build/icyphy/ptII/ptolemy/actor/lib/test/auto/MultipleLinksToSameRelation.xml
----------------- Instantiating /home/travis/build/icyphy/ptII/ptolemy/actor/lib/test/auto/MultipleLinksToSameRelation.xml
3 ms. Memory: 1366528K Free: 401829K (29%)
----------------- Invoking toplevel() on ptolemy.moml.MoMLSimpleApplication@1d9ce889
----------------- Done invoking toplevel() on ptolemy.moml.MoMLSimpleApplication@1d9ce889
reloadAllAccessors: .MultipleLinksToSameRelation

===========================================================================================
----------------- testing Sat Feb 16 04:54:33 UTC 2019 /home/travis/build/icyphy/ptII/ptolemy/actor/lib/test/auto/MultipleLinksToSameRelationDE.xml
----------------- Instantiating /home/travis/build/icyphy/ptII/ptolemy/actor/lib/test/auto/MultipleLinksToSameRelationDE.xml
1 ms. Memory: 1366528K Free: 389347K (28%)
----------------- Invoking toplevel() on ptolemy.moml.MoMLSimpleApplication@46844fe9
----------------- Done invoking toplevel() on ptolemy.moml.MoMLSimpleApplication@46844fe9
reloadAllAccessors: .MultipleLinksToSameRelationDE

===========================================================================================
----------------- testing Sat Feb 16 04:54:33 UTC 2019 /home/travis/build/icyphy/ptII/ptolemy/actor/lib/test/auto/Multiplexor.xml
----------------- Instantiating /home/travis/build/icyphy/ptII/ptolemy/actor/lib/test/auto/Multiplexor.xml
2 ms. Memory: 1366528K Free: 370514K (27%)
----------------- Invoking toplevel() on ptolemy.moml.MoMLSimpleApplication@2826b425
----------------- Done invoking toplevel() on ptolemy.moml.MoMLSimpleApplication@2826b425
reloadAllAccessors: .Multiplexor

===========================================================================================
----------------- testing Sat Feb 16 04:54:33 UTC 2019 /home/travis/build/icyphy/ptII/ptolemy/actor/lib/test/auto/Multiplexor1.xml
----------------- Instantiating /home/travis/build/icyphy/ptII/ptolemy/actor/lib/test/auto/Multiplexor1.xml
2 ms. Memory: 1366528K Free: 358032K (26%)
----------------- Invoking toplevel() on ptolemy.moml.MoMLSimpleApplication@5ddcf2d9
----------------- Done invoking toplevel() on ptolemy.moml.MoMLSimpleApplication@5ddcf2d9
reloadAllAccessors: .Multiplexor1

===========================================================================================
----------------- testing Sat Feb 16 04:54:33 UTC 2019 /home/travis/build/icyphy/ptII/ptolemy/actor/lib/test/auto/Multiplexor2.xml
----------------- Instantiating /home/travis/build/icyphy/ptII/ptolemy/actor/lib/test/auto/Multiplexor2.xml
5 ms. Memory: 1366528K Free: 339199K (25%)
----------------- Invoking toplevel() on ptolemy.moml.MoMLSimpleApplication@7cff03cf
----------------- Done invoking toplevel() on ptolemy.moml.MoMLSimpleApplication@7cff03cf
reloadAllAccessors: .Multiplexor2

===========================================================================================
----------------- testing Sat Feb 16 04:54:33 UTC 2019 /home/travis/build/icyphy/ptII/ptolemy/actor/lib/test/auto/Multiplexor3.xml
----------------- Instantiating /home/travis/build/icyphy/ptII/ptolemy/actor/lib/test/auto/Multiplexor3.xml
2 ms. Memory: 1366528K Free: 326717K (24%)
----------------- Invoking toplevel() on ptolemy.moml.MoMLSimpleApplication@78d39a9b
----------------- Done invoking toplevel() on ptolemy.moml.MoMLSimpleApplication@78d39a9b
reloadAllAccessors: .Multiplexor3

===========================================================================================
----------------- testing Sat Feb 16 04:54:33 UTC 2019 /home/travis/build/icyphy/ptII/ptolemy/actor/lib/test/auto/MultiplexorDE.xml
----------------- Instantiating /home/travis/build/icyphy/ptII/ptolemy/actor/lib/test/auto/MultiplexorDE.xml
1 ms. Memory: 1366528K Free: 314234K (23%)
----------------- Invoking toplevel() on ptolemy.moml.MoMLSimpleApplication@2273e676
----------------- Done invoking toplevel() on ptolemy.moml.MoMLSimpleApplication@2273e676
reloadAllAccessors: .MultiplexorDE

===========================================================================================
----------------- testing Sat Feb 16 04:54:33 UTC 2019 /home/travis/build/icyphy/ptII/ptolemy/actor/lib/test/auto/MultiportBroadcastTest.xml
----------------- Instantiating /home/travis/build/icyphy/ptII/ptolemy/actor/lib/test/auto/MultiportBroadcastTest.xml
83 ms. Memory: 1366528K Free: 295402K (22%)
----------------- Invoking toplevel() on ptolemy.moml.MoMLSimpleApplication@59ceb04d
----------------- Done invoking toplevel() on ptolemy.moml.MoMLSimpleApplication@59ceb04d
reloadAllAccessors: .MultiportBroadcastTest

===========================================================================================
----------------- testing Sat Feb 16 04:54:33 UTC 2019 /home/travis/build/icyphy/ptII/ptolemy/actor/lib/test/auto/MultiportOutHangDuringGetWidth.xml
----------------- Instantiating /home/travis/build/icyphy/ptII/ptolemy/actor/lib/test/auto/MultiportOutHangDuringGetWidth.xml
5 ms. Memory: 1366528K Free: 276678K (20%)
----------------- Invoking toplevel() on ptolemy.moml.MoMLSimpleApplication@2ece54c
----------------- Done invoking toplevel() on ptolemy.moml.MoMLSimpleApplication@2ece54c
reloadAllAccessors: .MultiportOutHangDuringGetWidth

===========================================================================================
----------------- testing Sat Feb 16 04:54:33 UTC 2019 /home/travis/build/icyphy/ptII/ptolemy/actor/lib/test/auto/NilToken.xml
----------------- Instantiating /home/travis/build/icyphy/ptII/ptolemy/actor/lib/test/auto/NilToken.xml
1 ms. Memory: 1366528K Free: 257845K (19%)
----------------- Invoking toplevel() on ptolemy.moml.MoMLSimpleApplication@1063431e
----------------- Done invoking toplevel() on ptolemy.moml.MoMLSimpleApplication@1063431e
reloadAllAccessors: .NilToken

===========================================================================================
----------------- testing Sat Feb 16 04:54:33 UTC 2019 /home/travis/build/icyphy/ptII/ptolemy/actor/lib/test/auto/NilTokenNonStrictTest.xml
----------------- Instantiating /home/travis/build/icyphy/ptII/ptolemy/actor/lib/test/auto/NilTokenNonStrictTest.xml
2 ms. Memory: 1366528K Free: 245363K (18%)
----------------- Invoking toplevel() on ptolemy.moml.MoMLSimpleApplication@2a989f53
----------------- Done invoking toplevel() on ptolemy.moml.MoMLSimpleApplication@2a989f53
reloadAllAccessors: .NilTokenNonStrictTest

===========================================================================================
----------------- testing Sat Feb 16 04:54:33 UTC 2019 /home/travis/build/icyphy/ptII/ptolemy/actor/lib/test/auto/NilTokenRecord.xml
----------------- Instantiating /home/travis/build/icyphy/ptII/ptolemy/actor/lib/test/auto/NilTokenRecord.xml
4 ms. Memory: 1366528K Free: 232880K (17%)
----------------- Invoking toplevel() on ptolemy.moml.MoMLSimpleApplication@1acee832
----------------- Done invoking toplevel() on ptolemy.moml.MoMLSimpleApplication@1acee832
reloadAllAccessors: .NilTokenRecord

===========================================================================================
----------------- testing Sat Feb 16 04:54:33 UTC 2019 /home/travis/build/icyphy/ptII/ptolemy/actor/lib/test/auto/NilTokenTypeTest.xml
----------------- Instantiating /home/travis/build/icyphy/ptII/ptolemy/actor/lib/test/auto/NilTokenTypeTest.xml
8 ms. Memory: 1366528K Free: 207799K (15%)
----------------- Invoking toplevel() on ptolemy.moml.MoMLSimpleApplication@3f482349
----------------- Done invoking toplevel() on ptolemy.moml.MoMLSimpleApplication@3f482349
reloadAllAccessors: .NilTokenTypeTest

===========================================================================================
----------------- testing Sat Feb 16 04:54:34 UTC 2019 /home/travis/build/icyphy/ptII/ptolemy/actor/lib/test/auto/ObjectToken1.xml
----------------- Instantiating /home/travis/build/icyphy/ptII/ptolemy/actor/lib/test/auto/ObjectToken1.xml
2 ms. Memory: 1366528K Free: 195316K (14%)
----------------- Invoking toplevel() on ptolemy.moml.MoMLSimpleApplication@37757c01
----------------- Done invoking toplevel() on ptolemy.moml.MoMLSimpleApplication@37757c01
reloadAllAccessors: .ObjectToken1

===========================================================================================
----------------- testing Sat Feb 16 04:54:34 UTC 2019 /home/travis/build/icyphy/ptII/ptolemy/actor/lib/test/auto/OrderedMerge.xml
----------------- Instantiating /home/travis/build/icyphy/ptII/ptolemy/actor/lib/test/auto/OrderedMerge.xml
5 ms. Memory: 1366528K Free: 151519K (11%)
----------------- Invoking toplevel() on ptolemy.moml.MoMLSimpleApplication@1b3d98ff
----------------- Done invoking toplevel() on ptolemy.moml.MoMLSimpleApplication@1b3d98ff
reloadAllAccessors: .OrderedMerge

===========================================================================================
----------------- testing Sat Feb 16 04:54:34 UTC 2019 /home/travis/build/icyphy/ptII/ptolemy/actor/lib/test/auto/OrderedRecordDisassembler.xml
----------------- Instantiating /home/travis/build/icyphy/ptII/ptolemy/actor/lib/test/auto/OrderedRecordDisassembler.xml
3 ms. Memory: 1366528K Free: 139036K (10%)
----------------- Invoking toplevel() on ptolemy.moml.MoMLSimpleApplication@6e7fc8ff
----------------- Done invoking toplevel() on ptolemy.moml.MoMLSimpleApplication@6e7fc8ff
reloadAllAccessors: .OrderedRecordDisassembler

===========================================================================================
----------------- testing Sat Feb 16 04:54:34 UTC 2019 /home/travis/build/icyphy/ptII/ptolemy/actor/lib/test/auto/OrderedRecordDisassembler2.xml
----------------- Instantiating /home/travis/build/icyphy/ptII/ptolemy/actor/lib/test/auto/OrderedRecordDisassembler2.xml
4 ms. Memory: 1366528K Free: 126554K (9%)
----------------- Invoking toplevel() on ptolemy.moml.MoMLSimpleApplication@129bca1d
----------------- Done invoking toplevel() on ptolemy.moml.MoMLSimpleApplication@129bca1d
reloadAllAccessors: .OrderedRecordDisassembler2

===========================================================================================
----------------- testing Sat Feb 16 04:54:34 UTC 2019 /home/travis/build/icyphy/ptII/ptolemy/actor/lib/test/auto/OrderedRecordUpdater.xml
----------------- Instantiating /home/travis/build/icyphy/ptII/ptolemy/actor/lib/test/auto/OrderedRecordUpdater.xml
2 ms. Memory: 1366528K Free: 107721K (8%)
----------------- Invoking toplevel() on ptolemy.moml.MoMLSimpleApplication@1c8567c7
----------------- Done invoking toplevel() on ptolemy.moml.MoMLSimpleApplication@1c8567c7
reloadAllAccessors: .RecordUpdater

===========================================================================================
----------------- testing Sat Feb 16 04:54:34 UTC 2019 /home/travis/build/icyphy/ptII/ptolemy/actor/lib/test/auto/OrderedRecordUpdater2.xml
----------------- Instantiating /home/travis/build/icyphy/ptII/ptolemy/actor/lib/test/auto/OrderedRecordUpdater2.xml
2 ms. Memory: 1366528K Free: 95239K (7%)
----------------- Invoking toplevel() on ptolemy.moml.MoMLSimpleApplication@75d5ef7a
----------------- Done invoking toplevel() on ptolemy.moml.MoMLSimpleApplication@75d5ef7a
reloadAllAccessors: .RecordUpdater2

===========================================================================================
----------------- testing Sat Feb 16 04:54:34 UTC 2019 /home/travis/build/icyphy/ptII/ptolemy/actor/lib/test/auto/PhaseUnwrap.xml
----------------- Instantiating /home/travis/build/icyphy/ptII/ptolemy/actor/lib/test/auto/PhaseUnwrap.xml
2 ms. Memory: 1366528K Free: 79915K (6%)
----------------- Invoking toplevel() on ptolemy.moml.MoMLSimpleApplication@27aa140
----------------- Done invoking toplevel() on ptolemy.moml.MoMLSimpleApplication@27aa140
reloadAllAccessors: .PhaseUnwrap

===========================================================================================
----------------- testing Sat Feb 16 04:54:34 UTC 2019 /home/travis/build/icyphy/ptII/ptolemy/actor/lib/test/auto/PoissonClock.xml
----------------- Instantiating /home/travis/build/icyphy/ptII/ptolemy/actor/lib/test/auto/PoissonClock.xml
5 ms. Memory: 1586176K Free: 1536256K (97%)
----------------- Invoking toplevel() on ptolemy.moml.MoMLSimpleApplication@9d86af8
----------------- Done invoking toplevel() on ptolemy.moml.MoMLSimpleApplication@9d86af8
reloadAllAccessors: .PoissonClock

===========================================================================================
----------------- testing Sat Feb 16 04:54:34 UTC 2019 /home/travis/build/icyphy/ptII/ptolemy/actor/lib/test/auto/PoissonClock2.xml
----------------- Instantiating /home/travis/build/icyphy/ptII/ptolemy/actor/lib/test/auto/PoissonClock2.xml
1 ms. Memory: 1586176K Free: 1514847K (96%)
----------------- Invoking toplevel() on ptolemy.moml.MoMLSimpleApplication@25bd57db
----------------- Done invoking toplevel() on ptolemy.moml.MoMLSimpleApplication@25bd57db
reloadAllAccessors: .PoissonClock2

===========================================================================================
----------------- testing Sat Feb 16 04:54:34 UTC 2019 /home/travis/build/icyphy/ptII/ptolemy/actor/lib/test/auto/PoissonClock3.xml
----------------- Instantiating /home/travis/build/icyphy/ptII/ptolemy/actor/lib/test/auto/PoissonClock3.xml
1 ms. Memory: 1586176K Free: 1499918K (95%)
----------------- Invoking toplevel() on ptolemy.moml.MoMLSimpleApplication@506d6050
----------------- Done invoking toplevel() on ptolemy.moml.MoMLSimpleApplication@506d6050
reloadAllAccessors: .PoissonClock3

===========================================================================================
----------------- testing Sat Feb 16 04:54:34 UTC 2019 /home/travis/build/icyphy/ptII/ptolemy/actor/lib/test/auto/PubSubWithInitialTokens.xml
----------------- Instantiating /home/travis/build/icyphy/ptII/ptolemy/actor/lib/test/auto/PubSubWithInitialTokens.xml
2 ms. Memory: 1586176K Free: 1478510K (93%)
----------------- Invoking toplevel() on ptolemy.moml.MoMLSimpleApplication@1193dd90
----------------- Done invoking toplevel() on ptolemy.moml.MoMLSimpleApplication@1193dd90
reloadAllAccessors: .PubSubWithInitialTokens

===========================================================================================
----------------- testing Sat Feb 16 04:54:34 UTC 2019 /home/travis/build/icyphy/ptII/ptolemy/actor/lib/test/auto/PubSubWithInitialTokens2.xml
----------------- Instantiating /home/travis/build/icyphy/ptII/ptolemy/actor/lib/test/auto/PubSubWithInitialTokens2.xml
2 ms. Memory: 1586176K Free: 1463636K (92%)
----------------- Invoking toplevel() on ptolemy.moml.MoMLSimpleApplication@78fe26d0
----------------- Done invoking toplevel() on ptolemy.moml.MoMLSimpleApplication@78fe26d0
reloadAllAccessors: .PubSubWithInitialTokens2

===========================================================================================
----------------- testing Sat Feb 16 04:54:34 UTC 2019 /home/travis/build/icyphy/ptII/ptolemy/actor/lib/test/auto/PublisherClassNoParameter.xml
----------------- Instantiating /home/travis/build/icyphy/ptII/ptolemy/actor/lib/test/auto/PublisherClassNoParameter.xml
2 ms. Memory: 1586176K Free: 1441325K (91%)
----------------- Invoking toplevel() on ptolemy.moml.MoMLSimpleApplication@5b706ec
----------------- Done invoking toplevel() on ptolemy.moml.MoMLSimpleApplication@5b706ec
reloadAllAccessors: .PublisherClassNoParameter

===========================================================================================
----------------- testing Sat Feb 16 04:54:34 UTC 2019 /home/travis/build/icyphy/ptII/ptolemy/actor/lib/test/auto/PublisherClassParameter.xml
----------------- Instantiating /home/travis/build/icyphy/ptII/ptolemy/actor/lib/test/auto/PublisherClassParameter.xml
2 ms. Memory: 1586176K Free: 1412464K (89%)
----------------- Invoking toplevel() on ptolemy.moml.MoMLSimpleApplication@628d7852
----------------- Done invoking toplevel() on ptolemy.moml.MoMLSimpleApplication@628d7852
reloadAllAccessors: .PublisherClassParameter

===========================================================================================
----------------- testing Sat Feb 16 04:54:34 UTC 2019 /home/travis/build/icyphy/ptII/ptolemy/actor/lib/test/auto/PublisherNonStrictTest.xml
----------------- Instantiating /home/travis/build/icyphy/ptII/ptolemy/actor/lib/test/auto/PublisherNonStrictTest.xml
3 ms. Memory: 1586176K Free: 1397590K (88%)
----------------- Invoking toplevel() on ptolemy.moml.MoMLSimpleApplication@26135c0e
----------------- Done invoking toplevel() on ptolemy.moml.MoMLSimpleApplication@26135c0e
reloadAllAccessors: .PublisherNonStrictTest

===========================================================================================
----------------- testing Sat Feb 16 04:54:34 UTC 2019 /home/travis/build/icyphy/ptII/ptolemy/actor/lib/test/auto/PublisherPort1.xml
----------------- Instantiating /home/travis/build/icyphy/ptII/ptolemy/actor/lib/test/auto/PublisherPort1.xml
2 ms. Memory: 1586176K Free: 1376182K (87%)
----------------- Invoking toplevel() on ptolemy.moml.MoMLSimpleApplication@7eea3c7f
----------------- Done invoking toplevel() on ptolemy.moml.MoMLSimpleApplication@7eea3c7f
reloadAllAccessors: .PublisherPort1

===========================================================================================
----------------- testing Sat Feb 16 04:54:34 UTC 2019 /home/travis/build/icyphy/ptII/ptolemy/actor/lib/test/auto/PublisherPort2.xml
----------------- Instantiating /home/travis/build/icyphy/ptII/ptolemy/actor/lib/test/auto/PublisherPort2.xml
6 ms. Memory: 1586176K Free: 1361308K (86%)
----------------- Invoking toplevel() on ptolemy.moml.MoMLSimpleApplication@12204a3f
----------------- Done invoking toplevel() on ptolemy.moml.MoMLSimpleApplication@12204a3f
reloadAllAccessors: .PublisherPort2

===========================================================================================
----------------- testing Sat Feb 16 04:54:34 UTC 2019 /home/travis/build/icyphy/ptII/ptolemy/actor/lib/test/auto/PublisherPort3.xml
----------------- Instantiating /home/travis/build/icyphy/ptII/ptolemy/actor/lib/test/auto/PublisherPort3.xml
3 ms. Memory: 1586176K Free: 1346434K (85%)
----------------- Invoking toplevel() on ptolemy.moml.MoMLSimpleApplication@1641960b
----------------- Done invoking toplevel() on ptolemy.moml.MoMLSimpleApplication@1641960b
reloadAllAccessors: .PublisherPort3

===========================================================================================
----------------- testing Sat Feb 16 04:54:34 UTC 2019 /home/travis/build/icyphy/ptII/ptolemy/actor/lib/test/auto/PublisherPort4.xml
----------------- Instantiating /home/travis/build/icyphy/ptII/ptolemy/actor/lib/test/auto/PublisherPort4.xml
1 ms. Memory: 1586176K Free: 1325026K (84%)
----------------- Invoking toplevel() on ptolemy.moml.MoMLSimpleApplication@710c7cc1
----------------- Done invoking toplevel() on ptolemy.moml.MoMLSimpleApplication@710c7cc1
reloadAllAccessors: .PublisherPort4

===========================================================================================
----------------- testing Sat Feb 16 04:54:34 UTC 2019 /home/travis/build/icyphy/ptII/ptolemy/actor/lib/test/auto/PublisherPort5.xml
----------------- Instantiating /home/travis/build/icyphy/ptII/ptolemy/actor/lib/test/auto/PublisherPort5.xml
3 ms. Memory: 1586176K Free: 1310152K (83%)
----------------- Invoking toplevel() on ptolemy.moml.MoMLSimpleApplication@630a71a0
----------------- Done invoking toplevel() on ptolemy.moml.MoMLSimpleApplication@630a71a0
reloadAllAccessors: .PublisherPort5

===========================================================================================
----------------- testing Sat Feb 16 04:54:34 UTC 2019 /home/travis/build/icyphy/ptII/ptolemy/actor/lib/test/auto/PublisherPort5LookAlike.xml
----------------- Instantiating /home/travis/build/icyphy/ptII/ptolemy/actor/lib/test/auto/PublisherPort5LookAlike.xml
6 ms. Memory: 1586176K Free: 1295278K (82%)
----------------- Invoking toplevel() on ptolemy.moml.MoMLSimpleApplication@46dda416
----------------- Done invoking toplevel() on ptolemy.moml.MoMLSimpleApplication@46dda416
reloadAllAccessors: .PublisherPort5LookAlike

===========================================================================================
----------------- testing Sat Feb 16 04:54:34 UTC 2019 /home/travis/build/icyphy/ptII/ptolemy/actor/lib/test/auto/PublisherPort6.xml
----------------- Instantiating /home/travis/build/icyphy/ptII/ptolemy/actor/lib/test/auto/PublisherPort6.xml
2 ms. Memory: 1586176K Free: 1273870K (80%)
----------------- Invoking toplevel() on ptolemy.moml.MoMLSimpleApplication@526ee5d7
----------------- Done invoking toplevel() on ptolemy.moml.MoMLSimpleApplication@526ee5d7
reloadAllAccessors: .PublisherPort6

===========================================================================================
----------------- testing Sat Feb 16 04:54:34 UTC 2019 /home/travis/build/icyphy/ptII/ptolemy/actor/lib/test/auto/PublisherPort7.xml
----------------- Instantiating /home/travis/build/icyphy/ptII/ptolemy/actor/lib/test/auto/PublisherPort7.xml
3 ms. Memory: 1586176K Free: 1258996K (79%)
----------------- Invoking toplevel() on ptolemy.moml.MoMLSimpleApplication@241908c
----------------- Done invoking toplevel() on ptolemy.moml.MoMLSimpleApplication@241908c
reloadAllAccessors: .PublisherPort7

===========================================================================================
----------------- testing Sat Feb 16 04:54:34 UTC 2019 /home/travis/build/icyphy/ptII/ptolemy/actor/lib/test/auto/PublisherPort8.xml
----------------- Instantiating /home/travis/build/icyphy/ptII/ptolemy/actor/lib/test/auto/PublisherPort8.xml
3 ms. Memory: 1586176K Free: 1237587K (78%)
----------------- Invoking toplevel() on ptolemy.moml.MoMLSimpleApplication@37e81a12
----------------- Done invoking toplevel() on ptolemy.moml.MoMLSimpleApplication@37e81a12
reloadAllAccessors: .PublisherPort8

===========================================================================================
----------------- testing Sat Feb 16 04:54:34 UTC 2019 /home/travis/build/icyphy/ptII/ptolemy/actor/lib/test/auto/PublisherPortSubscriberChannelVariablesAOC2.xml
----------------- Instantiating /home/travis/build/icyphy/ptII/ptolemy/actor/lib/test/auto/PublisherPortSubscriberChannelVariablesAOC2.xml
3 ms. Memory: 1586176K Free: 1215261K (77%)
----------------- Invoking toplevel() on ptolemy.moml.MoMLSimpleApplication@6ef2f0c4
----------------- Done invoking toplevel() on ptolemy.moml.MoMLSimpleApplication@6ef2f0c4
reloadAllAccessors: .PublisherPortSubscriberChannelVariablesAOC2

===========================================================================================
----------------- testing Sat Feb 16 04:54:34 UTC 2019 /home/travis/build/icyphy/ptII/ptolemy/actor/lib/test/auto/PublisherPortSubscriberOpaqueWidthInference.xml
----------------- Instantiating /home/travis/build/icyphy/ptII/ptolemy/actor/lib/test/auto/PublisherPortSubscriberOpaqueWidthInference.xml
3 ms. Memory: 1586176K Free: 1200387K (76%)
----------------- Invoking toplevel() on ptolemy.moml.MoMLSimpleApplication@59b3863
----------------- Done invoking toplevel() on ptolemy.moml.MoMLSimpleApplication@59b3863
reloadAllAccessors: .PublisherPortSubscriberOpaqueWidthInference

===========================================================================================
----------------- testing Sat Feb 16 04:54:34 UTC 2019 /home/travis/build/icyphy/ptII/ptolemy/actor/lib/test/auto/PublisherPortSubscriberPortAdjacent.xml
----------------- Instantiating /home/travis/build/icyphy/ptII/ptolemy/actor/lib/test/auto/PublisherPortSubscriberPortAdjacent.xml
1 ms. Memory: 1586176K Free: 1178978K (74%)
----------------- Invoking toplevel() on ptolemy.moml.MoMLSimpleApplication@17d35700
----------------- Done invoking toplevel() on ptolemy.moml.MoMLSimpleApplication@17d35700
reloadAllAccessors: .PublisherPortSubscriberPortAdjacent

===========================================================================================
----------------- testing Sat Feb 16 04:54:34 UTC 2019 /home/travis/build/icyphy/ptII/ptolemy/actor/lib/test/auto/PublisherPortSubscriberPortExpression.xml
----------------- Instantiating /home/travis/build/icyphy/ptII/ptolemy/actor/lib/test/auto/PublisherPortSubscriberPortExpression.xml
9 ms. Memory: 1586176K Free: 1164105K (73%)
----------------- Invoking toplevel() on ptolemy.moml.MoMLSimpleApplication@4a9c0031
----------------- Done invoking toplevel() on ptolemy.moml.MoMLSimpleApplication@4a9c0031
reloadAllAccessors: .PublisherPortSubscriberPortExpression

===========================================================================================
----------------- testing Sat Feb 16 04:54:34 UTC 2019 /home/travis/build/icyphy/ptII/ptolemy/actor/lib/test/auto/PublisherPortSubscriberPortOpaqueD3Reverse.xml
----------------- Instantiating /home/travis/build/icyphy/ptII/ptolemy/actor/lib/test/auto/PublisherPortSubscriberPortOpaqueD3Reverse.xml
5 ms. Memory: 1586176K Free: 1142696K (72%)
----------------- Invoking toplevel() on ptolemy.moml.MoMLSimpleApplication@2977c4f1
----------------- Done invoking toplevel() on ptolemy.moml.MoMLSimpleApplication@2977c4f1
reloadAllAccessors: .PublisherPortSubscriberPortOpaqueD3Reverse

===========================================================================================
----------------- testing Sat Feb 16 04:54:34 UTC 2019 /home/travis/build/icyphy/ptII/ptolemy/actor/lib/test/auto/PublisherPortSubscriberPortOpaqueWidthInference.xml
----------------- Instantiating /home/travis/build/icyphy/ptII/ptolemy/actor/lib/test/auto/PublisherPortSubscriberPortOpaqueWidthInference.xml
5 ms. Memory: 1586176K Free: 1127822K (71%)
----------------- Invoking toplevel() on ptolemy.moml.MoMLSimpleApplication@c76fc18
----------------- Done invoking toplevel() on ptolemy.moml.MoMLSimpleApplication@c76fc18
reloadAllAccessors: .PublisherPortSubscriberPortOpaqueWidthInference

===========================================================================================
----------------- testing Sat Feb 16 04:54:34 UTC 2019 /home/travis/build/icyphy/ptII/ptolemy/actor/lib/test/auto/PublisherPortToplevelSubscriberPortAOC.xml
----------------- Instantiating /home/travis/build/icyphy/ptII/ptolemy/actor/lib/test/auto/PublisherPortToplevelSubscriberPortAOC.xml
.PublisherPortToplevelSubscriberPortAOC.TestExceptionAttribute: initialize() was not invoked, but wrapup() was.  This is unusual, but not always a problem.  For example, exporting JNLP will do this.
1 ms. Memory: 1586176K Free: 1112949K (70%)
----------------- Invoking toplevel() on ptolemy.moml.MoMLSimpleApplication@3a8aa9fe
----------------- Done invoking toplevel() on ptolemy.moml.MoMLSimpleApplication@3a8aa9fe
reloadAllAccessors: .PublisherPortToplevelSubscriberPortAOC

===========================================================================================
----------------- testing Sat Feb 16 04:54:34 UTC 2019 /home/travis/build/icyphy/ptII/ptolemy/actor/lib/test/auto/PublisherSubscriber.xml
----------------- Instantiating /home/travis/build/icyphy/ptII/ptolemy/actor/lib/test/auto/PublisherSubscriber.xml
3 ms. Memory: 1586176K Free: 1091540K (69%)
----------------- Invoking toplevel() on ptolemy.moml.MoMLSimpleApplication@4653e421
----------------- Done invoking toplevel() on ptolemy.moml.MoMLSimpleApplication@4653e421
reloadAllAccessors: .PublisherSubscriber

===========================================================================================
----------------- testing Sat Feb 16 04:54:34 UTC 2019 /home/travis/build/icyphy/ptII/ptolemy/actor/lib/test/auto/PublisherSubscriber10.xml
----------------- Instantiating /home/travis/build/icyphy/ptII/ptolemy/actor/lib/test/auto/PublisherSubscriber10.xml
5 ms. Memory: 1586176K Free: 1076666K (68%)
----------------- Invoking toplevel() on ptolemy.moml.MoMLSimpleApplication@e5082c6
----------------- Done invoking toplevel() on ptolemy.moml.MoMLSimpleApplication@e5082c6
reloadAllAccessors: .PublisherSubscriber10

===========================================================================================
----------------- testing Sat Feb 16 04:54:34 UTC 2019 /home/travis/build/icyphy/ptII/ptolemy/actor/lib/test/auto/PublisherSubscriber10InitialOutputs.xml
----------------- Instantiating /home/travis/build/icyphy/ptII/ptolemy/actor/lib/test/auto/PublisherSubscriber10InitialOutputs.xml
6 ms. Memory: 1586176K Free: 1055258K (67%)
----------------- Invoking toplevel() on ptolemy.moml.MoMLSimpleApplication@37aaa45d
----------------- Done invoking toplevel() on ptolemy.moml.MoMLSimpleApplication@37aaa45d
reloadAllAccessors: .PublisherSubscriber10InitialOutputs

===========================================================================================
----------------- testing Sat Feb 16 04:54:34 UTC 2019 /home/travis/build/icyphy/ptII/ptolemy/actor/lib/test/auto/PublisherSubscriber11.xml
----------------- Instantiating /home/travis/build/icyphy/ptII/ptolemy/actor/lib/test/auto/PublisherSubscriber11.xml
2 ms. Memory: 1586176K Free: 1040384K (66%)
----------------- Invoking toplevel() on ptolemy.moml.MoMLSimpleApplication@51766e21
----------------- Done invoking toplevel() on ptolemy.moml.MoMLSimpleApplication@51766e21
reloadAllAccessors: .PublisherSubscriber11

===========================================================================================
----------------- testing Sat Feb 16 04:54:34 UTC 2019 /home/travis/build/icyphy/ptII/ptolemy/actor/lib/test/auto/PublisherSubscriber12.xml
----------------- Instantiating /home/travis/build/icyphy/ptII/ptolemy/actor/lib/test/auto/PublisherSubscriber12.xml
2 ms. Memory: 1586176K Free: 1025510K (65%)
----------------- Invoking toplevel() on ptolemy.moml.MoMLSimpleApplication@6a5b5eea
----------------- Done invoking toplevel() on ptolemy.moml.MoMLSimpleApplication@6a5b5eea
reloadAllAccessors: .PublisherSubscriber12

===========================================================================================
----------------- testing Sat Feb 16 04:54:34 UTC 2019 /home/travis/build/icyphy/ptII/ptolemy/actor/lib/test/auto/PublisherSubscriber13.xml
----------------- Instantiating /home/travis/build/icyphy/ptII/ptolemy/actor/lib/test/auto/PublisherSubscriber13.xml
2 ms. Memory: 1586176K Free: 1004102K (63%)
----------------- Invoking toplevel() on ptolemy.moml.MoMLSimpleApplication@771eea00
----------------- Done invoking toplevel() on ptolemy.moml.MoMLSimpleApplication@771eea00
reloadAllAccessors: .PublisherSubscriber13

===========================================================================================
----------------- testing Sat Feb 16 04:54:34 UTC 2019 /home/travis/build/icyphy/ptII/ptolemy/actor/lib/test/auto/PublisherSubscriber14.xml
----------------- Instantiating /home/travis/build/icyphy/ptII/ptolemy/actor/lib/test/auto/PublisherSubscriber14.xml
1 ms. Memory: 1586176K Free: 989228K (62%)
----------------- Invoking toplevel() on ptolemy.moml.MoMLSimpleApplication@5e8cb2f7
----------------- Done invoking toplevel() on ptolemy.moml.MoMLSimpleApplication@5e8cb2f7
reloadAllAccessors: .PublisherSubscriber14

===========================================================================================
----------------- testing Sat Feb 16 04:54:34 UTC 2019 /home/travis/build/icyphy/ptII/ptolemy/actor/lib/test/auto/PublisherSubscriber2.xml
----------------- Instantiating /home/travis/build/icyphy/ptII/ptolemy/actor/lib/test/auto/PublisherSubscriber2.xml
2 ms. Memory: 1586176K Free: 974355K (61%)
----------------- Invoking toplevel() on ptolemy.moml.MoMLSimpleApplication@563cb91e
----------------- Done invoking toplevel() on ptolemy.moml.MoMLSimpleApplication@563cb91e
reloadAllAccessors: .PublisherSubscriber2

===========================================================================================
----------------- testing Sat Feb 16 04:54:34 UTC 2019 /home/travis/build/icyphy/ptII/ptolemy/actor/lib/test/auto/PublisherSubscriber3.xml
----------------- Instantiating /home/travis/build/icyphy/ptII/ptolemy/actor/lib/test/auto/PublisherSubscriber3.xml
2 ms. Memory: 1586176K Free: 952946K (60%)
----------------- Invoking toplevel() on ptolemy.moml.MoMLSimpleApplication@7153f291
----------------- Done invoking toplevel() on ptolemy.moml.MoMLSimpleApplication@7153f291
reloadAllAccessors: .PublisherSubscriber3

===========================================================================================
----------------- testing Sat Feb 16 04:54:34 UTC 2019 /home/travis/build/icyphy/ptII/ptolemy/actor/lib/test/auto/PublisherSubscriber4.xml
----------------- Instantiating /home/travis/build/icyphy/ptII/ptolemy/actor/lib/test/auto/PublisherSubscriber4.xml
2 ms. Memory: 1586176K Free: 938072K (59%)
----------------- Invoking toplevel() on ptolemy.moml.MoMLSimpleApplication@72c2c60a
----------------- Done invoking toplevel() on ptolemy.moml.MoMLSimpleApplication@72c2c60a
reloadAllAccessors: .PublisherSubscriber4

===========================================================================================
----------------- testing Sat Feb 16 04:54:34 UTC 2019 /home/travis/build/icyphy/ptII/ptolemy/actor/lib/test/auto/PublisherSubscriber5.xml
----------------- Instantiating /home/travis/build/icyphy/ptII/ptolemy/actor/lib/test/auto/PublisherSubscriber5.xml
2 ms. Memory: 1586176K Free: 916663K (58%)
----------------- Invoking toplevel() on ptolemy.moml.MoMLSimpleApplication@3109c887
----------------- Done invoking toplevel() on ptolemy.moml.MoMLSimpleApplication@3109c887
reloadAllAccessors: .PublisherSubscriber5

===========================================================================================
----------------- testing Sat Feb 16 04:54:34 UTC 2019 /home/travis/build/icyphy/ptII/ptolemy/actor/lib/test/auto/PublisherSubscriber6.xml
----------------- Instantiating /home/travis/build/icyphy/ptII/ptolemy/actor/lib/test/auto/PublisherSubscriber6.xml
2 ms. Memory: 1586176K Free: 901790K (57%)
----------------- Invoking toplevel() on ptolemy.moml.MoMLSimpleApplication@15c77926
----------------- Done invoking toplevel() on ptolemy.moml.MoMLSimpleApplication@15c77926
reloadAllAccessors: .PublisherSubscriber6

===========================================================================================
----------------- testing Sat Feb 16 04:54:34 UTC 2019 /home/travis/build/icyphy/ptII/ptolemy/actor/lib/test/auto/PublisherSubscriber7.xml
----------------- Instantiating /home/travis/build/icyphy/ptII/ptolemy/actor/lib/test/auto/PublisherSubscriber7.xml
2 ms. Memory: 1586176K Free: 886916K (56%)
----------------- Invoking toplevel() on ptolemy.moml.MoMLSimpleApplication@3b8ec279
----------------- Done invoking toplevel() on ptolemy.moml.MoMLSimpleApplication@3b8ec279
reloadAllAccessors: .PublisherSubscriber7

===========================================================================================
----------------- testing Sat Feb 16 04:54:34 UTC 2019 /home/travis/build/icyphy/ptII/ptolemy/actor/lib/test/auto/PublisherSubscriber8.xml
----------------- Instantiating /home/travis/build/icyphy/ptII/ptolemy/actor/lib/test/auto/PublisherSubscriber8.xml
33 ms. Memory: 1586176K Free: 791139K (50%)
----------------- Invoking toplevel() on ptolemy.moml.MoMLSimpleApplication@37a1e610
----------------- Done invoking toplevel() on ptolemy.moml.MoMLSimpleApplication@37a1e610
reloadAllAccessors: .PublisherSubscriber8

===========================================================================================
----------------- testing Sat Feb 16 04:54:34 UTC 2019 /home/travis/build/icyphy/ptII/ptolemy/actor/lib/test/auto/PublisherSubscriber9.xml
----------------- Instantiating /home/travis/build/icyphy/ptII/ptolemy/actor/lib/test/auto/PublisherSubscriber9.xml
3 ms. Memory: 1586176K Free: 776265K (49%)
----------------- Invoking toplevel() on ptolemy.moml.MoMLSimpleApplication@3f20eb3f
----------------- Done invoking toplevel() on ptolemy.moml.MoMLSimpleApplication@3f20eb3f
reloadAllAccessors: .PublisherSubscriber9

===========================================================================================
----------------- testing Sat Feb 16 04:54:34 UTC 2019 /home/travis/build/icyphy/ptII/ptolemy/actor/lib/test/auto/PublisherSubscriberAdjacent.xml
----------------- Instantiating /home/travis/build/icyphy/ptII/ptolemy/actor/lib/test/auto/PublisherSubscriberAdjacent.xml
1 ms. Memory: 1586176K Free: 754856K (48%)
----------------- Invoking toplevel() on ptolemy.moml.MoMLSimpleApplication@3d306587
----------------- Done invoking toplevel() on ptolemy.moml.MoMLSimpleApplication@3d306587
reloadAllAccessors: .PublisherSubscriberAdjacent

===========================================================================================
----------------- testing Sat Feb 16 04:54:34 UTC 2019 /home/travis/build/icyphy/ptII/ptolemy/actor/lib/test/auto/PublisherSubscriberChannelVariablesAOC2.xml
----------------- Instantiating /home/travis/build/icyphy/ptII/ptolemy/actor/lib/test/auto/PublisherSubscriberChannelVariablesAOC2.xml
3 ms. Memory: 1586176K Free: 732546K (46%)
----------------- Invoking toplevel() on ptolemy.moml.MoMLSimpleApplication@7718c10c
----------------- Done invoking toplevel() on ptolemy.moml.MoMLSimpleApplication@7718c10c
reloadAllAccessors: .PublisherSubscriberChannelVariablesAOC2

===========================================================================================
----------------- testing Sat Feb 16 04:54:35 UTC 2019 /home/travis/build/icyphy/ptII/ptolemy/actor/lib/test/auto/PublisherSubscriberD3.xml
----------------- Instantiating /home/travis/build/icyphy/ptII/ptolemy/actor/lib/test/auto/PublisherSubscriberD3.xml
2 ms. Memory: 1586176K Free: 717672K (45%)
----------------- Invoking toplevel() on ptolemy.moml.MoMLSimpleApplication@685f2b04
----------------- Done invoking toplevel() on ptolemy.moml.MoMLSimpleApplication@685f2b04
reloadAllAccessors: .PublisherSubscriberD3

===========================================================================================
----------------- testing Sat Feb 16 04:54:35 UTC 2019 /home/travis/build/icyphy/ptII/ptolemy/actor/lib/test/auto/PublisherSubscriberD3Reverse.xml
----------------- Instantiating /home/travis/build/icyphy/ptII/ptolemy/actor/lib/test/auto/PublisherSubscriberD3Reverse.xml
1 ms. Memory: 1586176K Free: 696264K (44%)
----------------- Invoking toplevel() on ptolemy.moml.MoMLSimpleApplication@cc1203
----------------- Done invoking toplevel() on ptolemy.moml.MoMLSimpleApplication@cc1203
reloadAllAccessors: .PublisherSubscriberD3Reverse

===========================================================================================
----------------- testing Sat Feb 16 04:54:35 UTC 2019 /home/travis/build/icyphy/ptII/ptolemy/actor/lib/test/auto/PublisherSubscriberExpression.xml
----------------- Instantiating /home/travis/build/icyphy/ptII/ptolemy/actor/lib/test/auto/PublisherSubscriberExpression.xml
3 ms. Memory: 1586176K Free: 681390K (43%)
----------------- Invoking toplevel() on ptolemy.moml.MoMLSimpleApplication@4acbd211
----------------- Done invoking toplevel() on ptolemy.moml.MoMLSimpleApplication@4acbd211
reloadAllAccessors: .PublisherSubscriberExpression

===========================================================================================
----------------- testing Sat Feb 16 04:54:35 UTC 2019 /home/travis/build/icyphy/ptII/ptolemy/actor/lib/test/auto/PublisherSubscriberOpaque.xml
----------------- Instantiating /home/travis/build/icyphy/ptII/ptolemy/actor/lib/test/auto/PublisherSubscriberOpaque.xml
3 ms. Memory: 1586176K Free: 659981K (42%)
----------------- Invoking toplevel() on ptolemy.moml.MoMLSimpleApplication@5c3dc66f
----------------- Done invoking toplevel() on ptolemy.moml.MoMLSimpleApplication@5c3dc66f
reloadAllAccessors: .PublisherSubscriberOpaque

===========================================================================================
----------------- testing Sat Feb 16 04:54:35 UTC 2019 /home/travis/build/icyphy/ptII/ptolemy/actor/lib/test/auto/PublisherSubscriberOpaqueD3.xml
----------------- Instantiating /home/travis/build/icyphy/ptII/ptolemy/actor/lib/test/auto/PublisherSubscriberOpaqueD3.xml
6 ms. Memory: 1586176K Free: 637655K (40%)
----------------- Invoking toplevel() on ptolemy.moml.MoMLSimpleApplication@148854e4
----------------- Done invoking toplevel() on ptolemy.moml.MoMLSimpleApplication@148854e4
reloadAllAccessors: .PublisherSubscriberOpaqueD3

===========================================================================================
----------------- testing Sat Feb 16 04:54:35 UTC 2019 /home/travis/build/icyphy/ptII/ptolemy/actor/lib/test/auto/PublisherSubscriberOpaqueD3Reverse.xml
----------------- Instantiating /home/travis/build/icyphy/ptII/ptolemy/actor/lib/test/auto/PublisherSubscriberOpaqueD3Reverse.xml
6 ms. Memory: 1586176K Free: 622781K (39%)
----------------- Invoking toplevel() on ptolemy.moml.MoMLSimpleApplication@67f5153c
----------------- Done invoking toplevel() on ptolemy.moml.MoMLSimpleApplication@67f5153c
reloadAllAccessors: .PublisherSubscriberOpaqueD3Reverse

===========================================================================================
----------------- testing Sat Feb 16 04:54:35 UTC 2019 /home/travis/build/icyphy/ptII/ptolemy/actor/lib/test/auto/PublisherSubscriberOpaqueWidthInference.xml
----------------- Instantiating /home/travis/build/icyphy/ptII/ptolemy/actor/lib/test/auto/PublisherSubscriberOpaqueWidthInference.xml
4 ms. Memory: 1586176K Free: 601372K (38%)
----------------- Invoking toplevel() on ptolemy.moml.MoMLSimpleApplication@134df5c7
----------------- Done invoking toplevel() on ptolemy.moml.MoMLSimpleApplication@134df5c7
reloadAllAccessors: .PublisherSubscriberOpaqueWidthInference

===========================================================================================
----------------- testing Sat Feb 16 04:54:35 UTC 2019 /home/travis/build/icyphy/ptII/ptolemy/actor/lib/test/auto/PublisherTestSubscriber.xml
----------------- Instantiating /home/travis/build/icyphy/ptII/ptolemy/actor/lib/test/auto/PublisherTestSubscriber.xml
3 ms. Memory: 1586176K Free: 586499K (37%)
----------------- Invoking toplevel() on ptolemy.moml.MoMLSimpleApplication@406f0aa2
----------------- Done invoking toplevel() on ptolemy.moml.MoMLSimpleApplication@406f0aa2
reloadAllAccessors: .PublisherTestSubscriber

===========================================================================================
----------------- testing Sat Feb 16 04:54:35 UTC 2019 /home/travis/build/icyphy/ptII/ptolemy/actor/lib/test/auto/PublisherToplevelSubscriberPortAOC.xml
----------------- Instantiating /home/travis/build/icyphy/ptII/ptolemy/actor/lib/test/auto/PublisherToplevelSubscriberPortAOC.xml
3 ms. Memory: 1586176K Free: 571625K (36%)
----------------- Invoking toplevel() on ptolemy.moml.MoMLSimpleApplication@608d5708
----------------- Done invoking toplevel() on ptolemy.moml.MoMLSimpleApplication@608d5708
reloadAllAccessors: .PublisherToplevelSubscriberPortAOC

===========================================================================================
----------------- testing Sat Feb 16 04:54:35 UTC 2019 /home/travis/build/icyphy/ptII/ptolemy/actor/lib/test/auto/PulseFiringLimitDE.xml
----------------- Instantiating /home/travis/build/icyphy/ptII/ptolemy/actor/lib/test/auto/PulseFiringLimitDE.xml
1 ms. Memory: 1586176K Free: 550216K (35%)
----------------- Invoking toplevel() on ptolemy.moml.MoMLSimpleApplication@3a4fd01f
----------------- Done invoking toplevel() on ptolemy.moml.MoMLSimpleApplication@3a4fd01f
reloadAllAccessors: .PulseFiringLimitDE

===========================================================================================
----------------- testing Sat Feb 16 04:54:35 UTC 2019 /home/travis/build/icyphy/ptII/ptolemy/actor/lib/test/auto/Ramp1.xml
----------------- Instantiating /home/travis/build/icyphy/ptII/ptolemy/actor/lib/test/auto/Ramp1.xml
1 ms. Memory: 1586176K Free: 535343K (34%)
----------------- Invoking toplevel() on ptolemy.moml.MoMLSimpleApplication@7a5639cb
----------------- Done invoking toplevel() on ptolemy.moml.MoMLSimpleApplication@7a5639cb
reloadAllAccessors: .Ramp1

===========================================================================================
----------------- testing Sat Feb 16 04:54:35 UTC 2019 /home/travis/build/icyphy/ptII/ptolemy/actor/lib/test/auto/RampFiringLimitDE.xml
----------------- Instantiating /home/travis/build/icyphy/ptII/ptolemy/actor/lib/test/auto/RampFiringLimitDE.xml
2 ms. Memory: 1586176K Free: 513934K (32%)
----------------- Invoking toplevel() on ptolemy.moml.MoMLSimpleApplication@35ccfb36
----------------- Done invoking toplevel() on ptolemy.moml.MoMLSimpleApplication@35ccfb36
reloadAllAccessors: .RampFiringLimitDE

===========================================================================================
----------------- testing Sat Feb 16 04:54:35 UTC 2019 /home/travis/build/icyphy/ptII/ptolemy/actor/lib/test/auto/RampFiringLimitSDF.xml
----------------- Instantiating /home/travis/build/icyphy/ptII/ptolemy/actor/lib/test/auto/RampFiringLimitSDF.xml
2 ms. Memory: 1586176K Free: 499060K (31%)
----------------- Invoking toplevel() on ptolemy.moml.MoMLSimpleApplication@39572cff
----------------- Done invoking toplevel() on ptolemy.moml.MoMLSimpleApplication@39572cff
reloadAllAccessors: .RampFiringLimitSDF

===========================================================================================
----------------- testing Sat Feb 16 04:54:35 UTC 2019 /home/travis/build/icyphy/ptII/ptolemy/actor/lib/test/auto/RandomInteger.xml
----------------- Instantiating /home/travis/build/icyphy/ptII/ptolemy/actor/lib/test/auto/RandomInteger.xml
1 ms. Memory: 1586176K Free: 484187K (31%)
----------------- Invoking toplevel() on ptolemy.moml.MoMLSimpleApplication@ab9072b
----------------- Done invoking toplevel() on ptolemy.moml.MoMLSimpleApplication@ab9072b
reloadAllAccessors: .RandomInteger

===========================================================================================
----------------- testing Sat Feb 16 04:54:35 UTC 2019 /home/travis/build/icyphy/ptII/ptolemy/actor/lib/test/auto/ReadFile1.xml
----------------- Instantiating /home/travis/build/icyphy/ptII/ptolemy/actor/lib/test/auto/ReadFile1.xml
2 ms. Memory: 1586176K Free: 462778K (29%)
----------------- Invoking toplevel() on ptolemy.moml.MoMLSimpleApplication@412c51a6
----------------- Done invoking toplevel() on ptolemy.moml.MoMLSimpleApplication@412c51a6
reloadAllAccessors: .ReadFile1

===========================================================================================
----------------- testing Sat Feb 16 04:54:35 UTC 2019 /home/travis/build/icyphy/ptII/ptolemy/actor/lib/test/auto/ReadFile2.xml
----------------- Instantiating /home/travis/build/icyphy/ptII/ptolemy/actor/lib/test/auto/ReadFile2.xml
0 ms. Memory: 1586176K Free: 447904K (28%)
----------------- Invoking toplevel() on ptolemy.moml.MoMLSimpleApplication@783c5c34
----------------- Done invoking toplevel() on ptolemy.moml.MoMLSimpleApplication@783c5c34
reloadAllAccessors: .ReadFile2

===========================================================================================
----------------- testing Sat Feb 16 04:54:35 UTC 2019 /home/travis/build/icyphy/ptII/ptolemy/actor/lib/test/auto/Reader.xml
----------------- Instantiating /home/travis/build/icyphy/ptII/ptolemy/actor/lib/test/auto/Reader.xml
actor.lib.Reader is obsolete, use actor.lib.io.ExpressionReader instead
5 ms. Memory: 1586176K Free: 426496K (27%)
----------------- Invoking toplevel() on ptolemy.moml.MoMLSimpleApplication@59cf847f
----------------- Done invoking toplevel() on ptolemy.moml.MoMLSimpleApplication@59cf847f
reloadAllAccessors: .Reader

===========================================================================================
----------------- testing Sat Feb 16 04:54:35 UTC 2019 /home/travis/build/icyphy/ptII/ptolemy/actor/lib/test/auto/RecordAssemblerDisplayNameTest.xml
----------------- Instantiating /home/travis/build/icyphy/ptII/ptolemy/actor/lib/test/auto/RecordAssemblerDisplayNameTest.xml
2988 ms. Memory: 1622528K Free: 678711K (42%)
----------------- Invoking toplevel() on ptolemy.moml.MoMLSimpleApplication@5ebb4d1b
----------------- Done invoking toplevel() on ptolemy.moml.MoMLSimpleApplication@5ebb4d1b
reloadAllAccessors: .RecordAssemblerDisplayNameTest

===========================================================================================
----------------- testing Sat Feb 16 04:54:38 UTC 2019 /home/travis/build/icyphy/ptII/ptolemy/actor/lib/test/auto/RecordAssemblerTypeError.xml
----------------- Instantiating /home/travis/build/icyphy/ptII/ptolemy/actor/lib/test/auto/RecordAssemblerTypeError.xml
5 ms. Memory: 1622528K Free: 646996K (40%)
----------------- Invoking toplevel() on ptolemy.moml.MoMLSimpleApplication@2416cc8f
----------------- Done invoking toplevel() on ptolemy.moml.MoMLSimpleApplication@2416cc8f
reloadAllAccessors: .RecordAssemblerTypeError

===========================================================================================
----------------- testing Sat Feb 16 04:54:38 UTC 2019 /home/travis/build/icyphy/ptII/ptolemy/actor/lib/test/auto/RecordDisassember.xml
----------------- Instantiating /home/travis/build/icyphy/ptII/ptolemy/actor/lib/test/auto/RecordDisassember.xml
2 ms. Memory: 1622528K Free: 631944K (39%)
----------------- Invoking toplevel() on ptolemy.moml.MoMLSimpleApplication@2906134f
----------------- Done invoking toplevel() on ptolemy.moml.MoMLSimpleApplication@2906134f
reloadAllAccessors: .RecordDisassember

===========================================================================================
----------------- testing Sat Feb 16 04:54:38 UTC 2019 /home/travis/build/icyphy/ptII/ptolemy/actor/lib/test/auto/RecordDisassemberDisplayNameTest.xml
----------------- Instantiating /home/travis/build/icyphy/ptII/ptolemy/actor/lib/test/auto/RecordDisassemberDisplayNameTest.xml
4 ms. Memory: 1622528K Free: 611555K (38%)
----------------- Invoking toplevel() on ptolemy.moml.MoMLSimpleApplication@1a7ec55f
----------------- Done invoking toplevel() on ptolemy.moml.MoMLSimpleApplication@1a7ec55f
reloadAllAccessors: .RecordDisassemberDisplayNameTest

===========================================================================================
----------------- testing Sat Feb 16 04:54:38 UTC 2019 /home/travis/build/icyphy/ptII/ptolemy/actor/lib/test/auto/RecordDisassembler.xml
----------------- Instantiating /home/travis/build/icyphy/ptII/ptolemy/actor/lib/test/auto/RecordDisassembler.xml
2 ms. Memory: 1622528K Free: 596502K (37%)
----------------- Invoking toplevel() on ptolemy.moml.MoMLSimpleApplication@241400f
----------------- Done invoking toplevel() on ptolemy.moml.MoMLSimpleApplication@241400f
reloadAllAccessors: .RecordDisassembler

===========================================================================================
----------------- testing Sat Feb 16 04:54:38 UTC 2019 /home/travis/build/icyphy/ptII/ptolemy/actor/lib/test/auto/RecordDisassembler2.xml
----------------- Instantiating /home/travis/build/icyphy/ptII/ptolemy/actor/lib/test/auto/RecordDisassembler2.xml
2 ms. Memory: 1622528K Free: 576113K (36%)
----------------- Invoking toplevel() on ptolemy.moml.MoMLSimpleApplication@349e4ec5
----------------- Done invoking toplevel() on ptolemy.moml.MoMLSimpleApplication@349e4ec5
reloadAllAccessors: .RecordDisassembler2

===========================================================================================
----------------- testing Sat Feb 16 04:54:38 UTC 2019 /home/travis/build/icyphy/ptII/ptolemy/actor/lib/test/auto/RecordUpdater.xml
----------------- Instantiating /home/travis/build/icyphy/ptII/ptolemy/actor/lib/test/auto/RecordUpdater.xml
2 ms. Memory: 1622528K Free: 561060K (35%)
----------------- Invoking toplevel() on ptolemy.moml.MoMLSimpleApplication@147bd6da
----------------- Done invoking toplevel() on ptolemy.moml.MoMLSimpleApplication@147bd6da
reloadAllAccessors: .RecordUpdater

===========================================================================================
----------------- testing Sat Feb 16 04:54:38 UTC 2019 /home/travis/build/icyphy/ptII/ptolemy/actor/lib/test/auto/RecordUpdater2.xml
----------------- Instantiating /home/travis/build/icyphy/ptII/ptolemy/actor/lib/test/auto/RecordUpdater2.xml
1 ms. Memory: 1622528K Free: 540671K (33%)
----------------- Invoking toplevel() on ptolemy.moml.MoMLSimpleApplication@247c3537
----------------- Done invoking toplevel() on ptolemy.moml.MoMLSimpleApplication@247c3537
reloadAllAccessors: .RecordUpdater2

===========================================================================================
----------------- testing Sat Feb 16 04:54:38 UTC 2019 /home/travis/build/icyphy/ptII/ptolemy/actor/lib/test/auto/RecursiveLattice.xml
----------------- Instantiating /home/travis/build/icyphy/ptII/ptolemy/actor/lib/test/auto/RecursiveLattice.xml
1 ms. Memory: 1622528K Free: 525618K (32%)
----------------- Invoking toplevel() on ptolemy.moml.MoMLSimpleApplication@a2671b9
----------------- Done invoking toplevel() on ptolemy.moml.MoMLSimpleApplication@a2671b9
reloadAllAccessors: .RecursiveLattice

===========================================================================================
----------------- testing Sat Feb 16 04:54:38 UTC 2019 /home/travis/build/icyphy/ptII/ptolemy/actor/lib/test/auto/Router.xml
----------------- Instantiating /home/travis/build/icyphy/ptII/ptolemy/actor/lib/test/auto/Router.xml
3003 ms. Memory: 1622528K Free: 505229K (31%)
----------------- Invoking toplevel() on ptolemy.moml.MoMLSimpleApplication@32b5e8c3
----------------- Done invoking toplevel() on ptolemy.moml.MoMLSimpleApplication@32b5e8c3
reloadAllAccessors: .Router

===========================================================================================
----------------- testing Sat Feb 16 04:54:41 UTC 2019 /home/travis/build/icyphy/ptII/ptolemy/actor/lib/test/auto/Router2.xml
----------------- Instantiating /home/travis/build/icyphy/ptII/ptolemy/actor/lib/test/auto/Router2.xml
3003 ms. Memory: 1622528K Free: 490176K (30%)
----------------- Invoking toplevel() on ptolemy.moml.MoMLSimpleApplication@4f67398a
----------------- Done invoking toplevel() on ptolemy.moml.MoMLSimpleApplication@4f67398a
reloadAllAccessors: .Router2

===========================================================================================
----------------- testing Sat Feb 16 04:54:44 UTC 2019 /home/travis/build/icyphy/ptII/ptolemy/actor/lib/test/auto/RunningMaximum.xml
----------------- Instantiating /home/travis/build/icyphy/ptII/ptolemy/actor/lib/test/auto/RunningMaximum.xml
1 ms. Memory: 1622528K Free: 469787K (29%)
----------------- Invoking toplevel() on ptolemy.moml.MoMLSimpleApplication@76159b62
----------------- Done invoking toplevel() on ptolemy.moml.MoMLSimpleApplication@76159b62
reloadAllAccessors: .RunningMaximum

===========================================================================================
----------------- testing Sat Feb 16 04:54:44 UTC 2019 /home/travis/build/icyphy/ptII/ptolemy/actor/lib/test/auto/RunningMinimum.xml
----------------- Instantiating /home/travis/build/icyphy/ptII/ptolemy/actor/lib/test/auto/RunningMinimum.xml
1 ms. Memory: 1622528K Free: 454734K (28%)
----------------- Invoking toplevel() on ptolemy.moml.MoMLSimpleApplication@736a838b
----------------- Done invoking toplevel() on ptolemy.moml.MoMLSimpleApplication@736a838b
reloadAllAccessors: .RunningMinimum

===========================================================================================
----------------- testing Sat Feb 16 04:54:44 UTC 2019 /home/travis/build/icyphy/ptII/ptolemy/actor/lib/test/auto/Scale.xml
----------------- Instantiating /home/travis/build/icyphy/ptII/ptolemy/actor/lib/test/auto/Scale.xml
1 ms. Memory: 1622528K Free: 434345K (27%)
----------------- Invoking toplevel() on ptolemy.moml.MoMLSimpleApplication@3e76ca4b
----------------- Done invoking toplevel() on ptolemy.moml.MoMLSimpleApplication@3e76ca4b
reloadAllAccessors: .Scale

===========================================================================================
----------------- testing Sat Feb 16 04:54:44 UTC 2019 /home/travis/build/icyphy/ptII/ptolemy/actor/lib/test/auto/Scale2.xml
----------------- Instantiating /home/travis/build/icyphy/ptII/ptolemy/actor/lib/test/auto/Scale2.xml
1 ms. Memory: 1622528K Free: 419292K (26%)
----------------- Invoking toplevel() on ptolemy.moml.MoMLSimpleApplication@1fcded33
----------------- Done invoking toplevel() on ptolemy.moml.MoMLSimpleApplication@1fcded33
reloadAllAccessors: .Scale2

===========================================================================================
----------------- testing Sat Feb 16 04:54:44 UTC 2019 /home/travis/build/icyphy/ptII/ptolemy/actor/lib/test/auto/Scale3.xml
----------------- Instantiating /home/travis/build/icyphy/ptII/ptolemy/actor/lib/test/auto/Scale3.xml
3 ms. Memory: 1622528K Free: 398903K (25%)
----------------- Invoking toplevel() on ptolemy.moml.MoMLSimpleApplication@90f39ee
----------------- Done invoking toplevel() on ptolemy.moml.MoMLSimpleApplication@90f39ee
reloadAllAccessors: .Scale3

===========================================================================================
----------------- testing Sat Feb 16 04:54:44 UTC 2019 /home/travis/build/icyphy/ptII/ptolemy/actor/lib/test/auto/ScaleArray.xml
----------------- Instantiating /home/travis/build/icyphy/ptII/ptolemy/actor/lib/test/auto/ScaleArray.xml
1 ms. Memory: 1622528K Free: 383850K (24%)
----------------- Invoking toplevel() on ptolemy.moml.MoMLSimpleApplication@25c7b53
----------------- Done invoking toplevel() on ptolemy.moml.MoMLSimpleApplication@25c7b53
reloadAllAccessors: .ScaleArray

===========================================================================================
----------------- testing Sat Feb 16 04:54:44 UTC 2019 /home/travis/build/icyphy/ptII/ptolemy/actor/lib/test/auto/ScaleArray2.xml
----------------- Instantiating /home/travis/build/icyphy/ptII/ptolemy/actor/lib/test/auto/ScaleArray2.xml
1 ms. Memory: 1622528K Free: 363460K (22%)
----------------- Invoking toplevel() on ptolemy.moml.MoMLSimpleApplication@14255a63
----------------- Done invoking toplevel() on ptolemy.moml.MoMLSimpleApplication@14255a63
reloadAllAccessors: .ScaleArray2

===========================================================================================
----------------- testing Sat Feb 16 04:54:44 UTC 2019 /home/travis/build/icyphy/ptII/ptolemy/actor/lib/test/auto/ScaleMatrix.xml
----------------- Instantiating /home/travis/build/icyphy/ptII/ptolemy/actor/lib/test/auto/ScaleMatrix.xml
93 ms. Memory: 1622528K Free: 340881K (21%)
----------------- Invoking toplevel() on ptolemy.moml.MoMLSimpleApplication@64437e30
----------------- Done invoking toplevel() on ptolemy.moml.MoMLSimpleApplication@64437e30
reloadAllAccessors: .ScaleMatrix

===========================================================================================
----------------- testing Sat Feb 16 04:54:44 UTC 2019 /home/travis/build/icyphy/ptII/ptolemy/actor/lib/test/auto/Select.xml
----------------- Instantiating /home/travis/build/icyphy/ptII/ptolemy/actor/lib/test/auto/Select.xml
2 ms. Memory: 1622528K Free: 320492K (20%)
----------------- Invoking toplevel() on ptolemy.moml.MoMLSimpleApplication@42505fda
----------------- Done invoking toplevel() on ptolemy.moml.MoMLSimpleApplication@42505fda
reloadAllAccessors: .Select

===========================================================================================
----------------- testing Sat Feb 16 04:54:44 UTC 2019 /home/travis/build/icyphy/ptII/ptolemy/actor/lib/test/auto/Select2.xml
----------------- Instantiating /home/travis/build/icyphy/ptII/ptolemy/actor/lib/test/auto/Select2.xml
0 ms. Memory: 1622528K Free: 305439K (19%)
----------------- Invoking toplevel() on ptolemy.moml.MoMLSimpleApplication@4307afe8
----------------- Done invoking toplevel() on ptolemy.moml.MoMLSimpleApplication@4307afe8
reloadAllAccessors: .Select2

===========================================================================================
----------------- testing Sat Feb 16 04:54:44 UTC 2019 /home/travis/build/icyphy/ptII/ptolemy/actor/lib/test/auto/SequenceToArray2.xml
----------------- Instantiating /home/travis/build/icyphy/ptII/ptolemy/actor/lib/test/auto/SequenceToArray2.xml
59 ms. Memory: 1622528K Free: 209786K (13%)
----------------- Invoking toplevel() on ptolemy.moml.MoMLSimpleApplication@6d4dc60
----------------- Done invoking toplevel() on ptolemy.moml.MoMLSimpleApplication@6d4dc60
reloadAllAccessors: .SequenceToArray2

===========================================================================================
----------------- testing Sat Feb 16 04:54:44 UTC 2019 /home/travis/build/icyphy/ptII/ptolemy/actor/lib/test/auto/SequentialClock.xml
----------------- Instantiating /home/travis/build/icyphy/ptII/ptolemy/actor/lib/test/auto/SequentialClock.xml
1 ms. Memory: 1622528K Free: 194733K (12%)
----------------- Invoking toplevel() on ptolemy.moml.MoMLSimpleApplication@2043100d
----------------- Done invoking toplevel() on ptolemy.moml.MoMLSimpleApplication@2043100d
reloadAllAccessors: .SequentialClock

===========================================================================================
----------------- testing Sat Feb 16 04:54:44 UTC 2019 /home/travis/build/icyphy/ptII/ptolemy/actor/lib/test/auto/SetVariable.xml
----------------- Instantiating /home/travis/build/icyphy/ptII/ptolemy/actor/lib/test/auto/SetVariable.xml
2 ms. Memory: 1622528K Free: 174344K (11%)
----------------- Invoking toplevel() on ptolemy.moml.MoMLSimpleApplication@9552541
----------------- Done invoking toplevel() on ptolemy.moml.MoMLSimpleApplication@9552541
reloadAllAccessors: .SetVariable

===========================================================================================
----------------- testing Sat Feb 16 04:54:44 UTC 2019 /home/travis/build/icyphy/ptII/ptolemy/actor/lib/test/auto/SetVariable2.xml
----------------- Instantiating /home/travis/build/icyphy/ptII/ptolemy/actor/lib/test/auto/SetVariable2.xml
2 ms. Memory: 1622528K Free: 159291K (10%)
----------------- Invoking toplevel() on ptolemy.moml.MoMLSimpleApplication@2ca7f3ea
----------------- Done invoking toplevel() on ptolemy.moml.MoMLSimpleApplication@2ca7f3ea
reloadAllAccessors: .SetVariable2

===========================================================================================
----------------- testing Sat Feb 16 04:54:44 UTC 2019 /home/travis/build/icyphy/ptII/ptolemy/actor/lib/test/auto/SetVariable3.xml
----------------- Instantiating /home/travis/build/icyphy/ptII/ptolemy/actor/lib/test/auto/SetVariable3.xml
6 ms. Memory: 1622528K Free: 138902K (9%)
----------------- Invoking toplevel() on ptolemy.moml.MoMLSimpleApplication@217032fb
----------------- Done invoking toplevel() on ptolemy.moml.MoMLSimpleApplication@217032fb
reloadAllAccessors: .SetVariable3

===========================================================================================
----------------- testing Sat Feb 16 04:54:44 UTC 2019 /home/travis/build/icyphy/ptII/ptolemy/actor/lib/test/auto/SetVariable4.xml
----------------- Instantiating /home/travis/build/icyphy/ptII/ptolemy/actor/lib/test/auto/SetVariable4.xml
14 ms. Memory: 1622528K Free: 78203K (5%)
----------------- Invoking toplevel() on ptolemy.moml.MoMLSimpleApplication@35979afd
----------------- Done invoking toplevel() on ptolemy.moml.MoMLSimpleApplication@35979afd
reloadAllAccessors: .SetVariable4

===========================================================================================
----------------- testing Sat Feb 16 04:54:44 UTC 2019 /home/travis/build/icyphy/ptII/ptolemy/actor/lib/test/auto/SetVariable5.xml
----------------- Instantiating /home/travis/build/icyphy/ptII/ptolemy/actor/lib/test/auto/SetVariable5.xml
7 ms. Memory: 1781248K Free: 1715169K (96%)
----------------- Invoking toplevel() on ptolemy.moml.MoMLSimpleApplication@3f8027ad
----------------- Done invoking toplevel() on ptolemy.moml.MoMLSimpleApplication@3f8027ad
reloadAllAccessors: .SetVariable5

===========================================================================================
----------------- testing Sat Feb 16 04:54:44 UTC 2019 /home/travis/build/icyphy/ptII/ptolemy/actor/lib/test/auto/Sinewave.xml
----------------- Instantiating /home/travis/build/icyphy/ptII/ptolemy/actor/lib/test/auto/Sinewave.xml
4 ms. Memory: 1781248K Free: 1692955K (95%)
----------------- Invoking toplevel() on ptolemy.moml.MoMLSimpleApplication@3cf3dfb0
----------------- Done invoking toplevel() on ptolemy.moml.MoMLSimpleApplication@3cf3dfb0
reloadAllAccessors: .Sinewave

===========================================================================================
----------------- testing Sat Feb 16 04:54:44 UTC 2019 /home/travis/build/icyphy/ptII/ptolemy/actor/lib/test/auto/Sinewave2.xml
----------------- Instantiating /home/travis/build/icyphy/ptII/ptolemy/actor/lib/test/auto/Sinewave2.xml
4 ms. Memory: 1781248K Free: 1666297K (94%)
----------------- Invoking toplevel() on ptolemy.moml.MoMLSimpleApplication@c9cae5c
----------------- Done invoking toplevel() on ptolemy.moml.MoMLSimpleApplication@c9cae5c
reloadAllAccessors: .Sinewave2

===========================================================================================
----------------- testing Sat Feb 16 04:54:45 UTC 2019 /home/travis/build/icyphy/ptII/ptolemy/actor/lib/test/auto/Sinewave3.xml
----------------- Instantiating /home/travis/build/icyphy/ptII/ptolemy/actor/lib/test/auto/Sinewave3.xml
5 ms. Memory: 1781248K Free: 1644083K (92%)
----------------- Invoking toplevel() on ptolemy.moml.MoMLSimpleApplication@4fc67d57
----------------- Done invoking toplevel() on ptolemy.moml.MoMLSimpleApplication@4fc67d57
reloadAllAccessors: .Sinewave3

===========================================================================================
----------------- testing Sat Feb 16 04:54:45 UTC 2019 /home/travis/build/icyphy/ptII/ptolemy/actor/lib/test/auto/SingleEvent.xml
----------------- Instantiating /home/travis/build/icyphy/ptII/ptolemy/actor/lib/test/auto/SingleEvent.xml
1 ms. Memory: 1781248K Free: 1617425K (91%)
----------------- Invoking toplevel() on ptolemy.moml.MoMLSimpleApplication@5396d36a
----------------- Done invoking toplevel() on ptolemy.moml.MoMLSimpleApplication@5396d36a
reloadAllAccessors: .SingleEvent

===========================================================================================
----------------- testing Sat Feb 16 04:54:45 UTC 2019 /home/travis/build/icyphy/ptII/ptolemy/actor/lib/test/auto/Sleep.xml
----------------- Instantiating /home/travis/build/icyphy/ptII/ptolemy/actor/lib/test/auto/Sleep.xml
6003 ms. Memory: 1781248K Free: 1590766K (89%)
----------------- Invoking toplevel() on ptolemy.moml.MoMLSimpleApplication@4974b96e
----------------- Done invoking toplevel() on ptolemy.moml.MoMLSimpleApplication@4974b96e
reloadAllAccessors: .Sleep

===========================================================================================
----------------- testing Sat Feb 16 04:54:51 UTC 2019 /home/travis/build/icyphy/ptII/ptolemy/actor/lib/test/auto/SleepMultipleFire.xml
----------------- Instantiating /home/travis/build/icyphy/ptII/ptolemy/actor/lib/test/auto/SleepMultipleFire.xml
1012 ms. Memory: 1781248K Free: 1568552K (88%)
----------------- Invoking toplevel() on ptolemy.moml.MoMLSimpleApplication@15ae23ee
----------------- Done invoking toplevel() on ptolemy.moml.MoMLSimpleApplication@15ae23ee
reloadAllAccessors: .SleepMultipleFire

===========================================================================================
----------------- testing Sat Feb 16 04:54:52 UTC 2019 /home/travis/build/icyphy/ptII/ptolemy/actor/lib/test/auto/StopDE.xml
----------------- Instantiating /home/travis/build/icyphy/ptII/ptolemy/actor/lib/test/auto/StopDE.xml
2 ms. Memory: 1781248K Free: 1541894K (87%)
----------------- Invoking toplevel() on ptolemy.moml.MoMLSimpleApplication@442a1cce
----------------- Done invoking toplevel() on ptolemy.moml.MoMLSimpleApplication@442a1cce
reloadAllAccessors: .StopDE

===========================================================================================
----------------- testing Sat Feb 16 04:54:52 UTC 2019 /home/travis/build/icyphy/ptII/ptolemy/actor/lib/test/auto/StopSDF.xml
----------------- Instantiating /home/travis/build/icyphy/ptII/ptolemy/actor/lib/test/auto/StopSDF.xml
6 ms. Memory: 1781248K Free: 1519680K (85%)
----------------- Invoking toplevel() on ptolemy.moml.MoMLSimpleApplication@6fe1d2f3
----------------- Done invoking toplevel() on ptolemy.moml.MoMLSimpleApplication@6fe1d2f3
reloadAllAccessors: .StopSDF

===========================================================================================
----------------- testing Sat Feb 16 04:54:52 UTC 2019 /home/travis/build/icyphy/ptII/ptolemy/actor/lib/test/auto/StringConstant.xml
----------------- Instantiating /home/travis/build/icyphy/ptII/ptolemy/actor/lib/test/auto/StringConstant.xml
9 ms. Memory: 1781248K Free: 1493022K (84%)
----------------- Invoking toplevel() on ptolemy.moml.MoMLSimpleApplication@679f96f2
----------------- Done invoking toplevel() on ptolemy.moml.MoMLSimpleApplication@679f96f2
reloadAllAccessors: .StringConstant

===========================================================================================
----------------- testing Sat Feb 16 04:54:52 UTC 2019 /home/travis/build/icyphy/ptII/ptolemy/actor/lib/test/auto/SubscriberPortInitialValues1.xml
----------------- Instantiating /home/travis/build/icyphy/ptII/ptolemy/actor/lib/test/auto/SubscriberPortInitialValues1.xml
12 ms. Memory: 1781248K Free: 1466364K (82%)
----------------- Invoking toplevel() on ptolemy.moml.MoMLSimpleApplication@5cd214d2
----------------- Done invoking toplevel() on ptolemy.moml.MoMLSimpleApplication@5cd214d2
reloadAllAccessors: .SubscriberPortInitialValues1

===========================================================================================
----------------- testing Sat Feb 16 04:54:52 UTC 2019 /home/travis/build/icyphy/ptII/ptolemy/actor/lib/test/auto/SubscriberPortInitialValues13.xml
----------------- Instantiating /home/travis/build/icyphy/ptII/ptolemy/actor/lib/test/auto/SubscriberPortInitialValues13.xml
12 ms. Memory: 1781248K Free: 1444150K (81%)
----------------- Invoking toplevel() on ptolemy.moml.MoMLSimpleApplication@361154dd
----------------- Done invoking toplevel() on ptolemy.moml.MoMLSimpleApplication@361154dd
reloadAllAccessors: .SubscriberPortInitialValues13

===========================================================================================
----------------- testing Sat Feb 16 04:54:52 UTC 2019 /home/travis/build/icyphy/ptII/ptolemy/actor/lib/test/auto/SubscriberPortInitialValues14.xml
----------------- Instantiating /home/travis/build/icyphy/ptII/ptolemy/actor/lib/test/auto/SubscriberPortInitialValues14.xml
9 ms. Memory: 1781248K Free: 1417492K (80%)
----------------- Invoking toplevel() on ptolemy.moml.MoMLSimpleApplication@5c549141
----------------- Done invoking toplevel() on ptolemy.moml.MoMLSimpleApplication@5c549141
reloadAllAccessors: .SubscriberPortInitialValues14

===========================================================================================
----------------- testing Sat Feb 16 04:54:52 UTC 2019 /home/travis/build/icyphy/ptII/ptolemy/actor/lib/test/auto/SubscriberPortInitialValues2.xml
----------------- Instantiating /home/travis/build/icyphy/ptII/ptolemy/actor/lib/test/auto/SubscriberPortInitialValues2.xml
4 ms. Memory: 1781248K Free: 1395278K (78%)
----------------- Invoking toplevel() on ptolemy.moml.MoMLSimpleApplication@7aed00c4
----------------- Done invoking toplevel() on ptolemy.moml.MoMLSimpleApplication@7aed00c4
reloadAllAccessors: .SubscriberPortInitialValues2

===========================================================================================
----------------- testing Sat Feb 16 04:54:52 UTC 2019 /home/travis/build/icyphy/ptII/ptolemy/actor/lib/test/auto/SubscriberPortInitialValues3.xml
----------------- Instantiating /home/travis/build/icyphy/ptII/ptolemy/actor/lib/test/auto/SubscriberPortInitialValues3.xml
3 ms. Memory: 1781248K Free: 1368620K (77%)
----------------- Invoking toplevel() on ptolemy.moml.MoMLSimpleApplication@3826d6aa
----------------- Done invoking toplevel() on ptolemy.moml.MoMLSimpleApplication@3826d6aa
reloadAllAccessors: .SubscriberPortInitialValues3

===========================================================================================
----------------- testing Sat Feb 16 04:54:52 UTC 2019 /home/travis/build/icyphy/ptII/ptolemy/actor/lib/test/auto/SubscriptionAggregator.xml
----------------- Instantiating /home/travis/build/icyphy/ptII/ptolemy/actor/lib/test/auto/SubscriptionAggregator.xml
2 ms. Memory: 1781248K Free: 1341962K (75%)
----------------- Invoking toplevel() on ptolemy.moml.MoMLSimpleApplication@76c386d9
----------------- Done invoking toplevel() on ptolemy.moml.MoMLSimpleApplication@76c386d9
reloadAllAccessors: .SubscriptionAggregator

===========================================================================================
----------------- testing Sat Feb 16 04:54:52 UTC 2019 /home/travis/build/icyphy/ptII/ptolemy/actor/lib/test/auto/SubscriptionAggregator2.xml
----------------- Instantiating /home/travis/build/icyphy/ptII/ptolemy/actor/lib/test/auto/SubscriptionAggregator2.xml
2 ms. Memory: 1781248K Free: 1319748K (74%)
----------------- Invoking toplevel() on ptolemy.moml.MoMLSimpleApplication@1e395e9c
----------------- Done invoking toplevel() on ptolemy.moml.MoMLSimpleApplication@1e395e9c
reloadAllAccessors: .SubscriptionAggregator2

===========================================================================================
----------------- testing Sat Feb 16 04:54:52 UTC 2019 /home/travis/build/icyphy/ptII/ptolemy/actor/lib/test/auto/SubscriptionAggregator3.xml
----------------- Instantiating /home/travis/build/icyphy/ptII/ptolemy/actor/lib/test/auto/SubscriptionAggregator3.xml
5 ms. Memory: 1781248K Free: 1293090K (73%)
----------------- Invoking toplevel() on ptolemy.moml.MoMLSimpleApplication@5f2ecb7
----------------- Done invoking toplevel() on ptolemy.moml.MoMLSimpleApplication@5f2ecb7
reloadAllAccessors: .SubscriptionAggregator3

===========================================================================================
----------------- testing Sat Feb 16 04:54:52 UTC 2019 /home/travis/build/icyphy/ptII/ptolemy/actor/lib/test/auto/SubscriptionAggregatorMultiply.xml
----------------- Instantiating /home/travis/build/icyphy/ptII/ptolemy/actor/lib/test/auto/SubscriptionAggregatorMultiply.xml
2 ms. Memory: 1781248K Free: 1270876K (71%)
----------------- Invoking toplevel() on ptolemy.moml.MoMLSimpleApplication@5bba80a8
----------------- Done invoking toplevel() on ptolemy.moml.MoMLSimpleApplication@5bba80a8
reloadAllAccessors: .SubscriptionAggregatorMultiply

===========================================================================================
----------------- testing Sat Feb 16 04:54:52 UTC 2019 /home/travis/build/icyphy/ptII/ptolemy/actor/lib/test/auto/SubscriptionAggregatorPortMultiply1.xml
----------------- Instantiating /home/travis/build/icyphy/ptII/ptolemy/actor/lib/test/auto/SubscriptionAggregatorPortMultiply1.xml
3 ms. Memory: 1781248K Free: 1244217K (70%)
----------------- Invoking toplevel() on ptolemy.moml.MoMLSimpleApplication@615167d6
----------------- Done invoking toplevel() on ptolemy.moml.MoMLSimpleApplication@615167d6
reloadAllAccessors: .SubscriptionAggregatorPortMultiply1

===========================================================================================
----------------- testing Sat Feb 16 04:54:52 UTC 2019 /home/travis/build/icyphy/ptII/ptolemy/actor/lib/test/auto/Switch.xml
----------------- Instantiating /home/travis/build/icyphy/ptII/ptolemy/actor/lib/test/auto/Switch.xml
6 ms. Memory: 1781248K Free: 1155335K (65%)
----------------- Invoking toplevel() on ptolemy.moml.MoMLSimpleApplication@16bce2a5
----------------- Done invoking toplevel() on ptolemy.moml.MoMLSimpleApplication@16bce2a5
reloadAllAccessors: .Switch

===========================================================================================
----------------- testing Sat Feb 16 04:54:52 UTC 2019 /home/travis/build/icyphy/ptII/ptolemy/actor/lib/test/auto/Switch2.xml
----------------- Instantiating /home/travis/build/icyphy/ptII/ptolemy/actor/lib/test/auto/Switch2.xml
1 ms. Memory: 1781248K Free: 1128677K (63%)
----------------- Invoking toplevel() on ptolemy.moml.MoMLSimpleApplication@3609e4e2
----------------- Done invoking toplevel() on ptolemy.moml.MoMLSimpleApplication@3609e4e2
reloadAllAccessors: .Switch2

===========================================================================================
----------------- testing Sat Feb 16 04:54:52 UTC 2019 /home/travis/build/icyphy/ptII/ptolemy/actor/lib/test/auto/SwitchDE.xml
----------------- Instantiating /home/travis/build/icyphy/ptII/ptolemy/actor/lib/test/auto/SwitchDE.xml
2 ms. Memory: 1781248K Free: 1102019K (62%)
----------------- Invoking toplevel() on ptolemy.moml.MoMLSimpleApplication@758c3216
----------------- Done invoking toplevel() on ptolemy.moml.MoMLSimpleApplication@758c3216
reloadAllAccessors: .SwitchDE

===========================================================================================
----------------- testing Sat Feb 16 04:54:52 UTC 2019 /home/travis/build/icyphy/ptII/ptolemy/actor/lib/test/auto/SynchronizerDE.xml
----------------- Instantiating /home/travis/build/icyphy/ptII/ptolemy/actor/lib/test/auto/SynchronizerDE.xml
6 ms. Memory: 1781248K Free: 1079805K (61%)
----------------- Invoking toplevel() on ptolemy.moml.MoMLSimpleApplication@6831e3c0
----------------- Done invoking toplevel() on ptolemy.moml.MoMLSimpleApplication@6831e3c0
reloadAllAccessors: .SynchronizerDE

===========================================================================================
----------------- testing Sat Feb 16 04:54:52 UTC 2019 /home/travis/build/icyphy/ptII/ptolemy/actor/lib/test/auto/Test.xml
----------------- Instantiating /home/travis/build/icyphy/ptII/ptolemy/actor/lib/test/auto/Test.xml
9 ms. Memory: 1781248K Free: 1053147K (59%)
----------------- Invoking toplevel() on ptolemy.moml.MoMLSimpleApplication@6dd44765
----------------- Done invoking toplevel() on ptolemy.moml.MoMLSimpleApplication@6dd44765
reloadAllAccessors: .Test

===========================================================================================
----------------- testing Sat Feb 16 04:54:52 UTC 2019 /home/travis/build/icyphy/ptII/ptolemy/actor/lib/test/auto/TestExceptionAttribute1.xml
----------------- Instantiating /home/travis/build/icyphy/ptII/ptolemy/actor/lib/test/auto/TestExceptionAttribute1.xml
1 ms. Memory: 1781248K Free: 1030933K (58%)
----------------- Invoking toplevel() on ptolemy.moml.MoMLSimpleApplication@2a8e11db
----------------- Done invoking toplevel() on ptolemy.moml.MoMLSimpleApplication@2a8e11db
reloadAllAccessors: .TestExceptionAttribute1

===========================================================================================
----------------- testing Sat Feb 16 04:54:52 UTC 2019 /home/travis/build/icyphy/ptII/ptolemy/actor/lib/test/auto/TestExceptionAttribute2.xml
----------------- Instantiating /home/travis/build/icyphy/ptII/ptolemy/actor/lib/test/auto/TestExceptionAttribute2.xml
1 ms. Memory: 1781248K Free: 1004274K (56%)
----------------- Invoking toplevel() on ptolemy.moml.MoMLSimpleApplication@6705852f
----------------- Done invoking toplevel() on ptolemy.moml.MoMLSimpleApplication@6705852f
reloadAllAccessors: .TestExceptionAttribute2

===========================================================================================
----------------- testing Sat Feb 16 04:54:52 UTC 2019 /home/travis/build/icyphy/ptII/ptolemy/actor/lib/test/auto/TestExceptionAttribute3.xml
----------------- Instantiating /home/travis/build/icyphy/ptII/ptolemy/actor/lib/test/auto/TestExceptionAttribute3.xml
.TestExceptionAttribute3.TestExceptionAttribute: initialize() was not invoked, but wrapup() was.  This is unusual, but not always a problem.  For example, exporting JNLP will do this.
0 ms. Memory: 1781248K Free: 977616K (55%)
----------------- Invoking toplevel() on ptolemy.moml.MoMLSimpleApplication@11d9da2b
----------------- Done invoking toplevel() on ptolemy.moml.MoMLSimpleApplication@11d9da2b
reloadAllAccessors: .TestExceptionAttribute3

===========================================================================================
----------------- testing Sat Feb 16 04:54:52 UTC 2019 /home/travis/build/icyphy/ptII/ptolemy/actor/lib/test/auto/TestExceptionAttribute4.xml
----------------- Instantiating /home/travis/build/icyphy/ptII/ptolemy/actor/lib/test/auto/TestExceptionAttribute4.xml
.TestExceptionAttribute4.TestExceptionAttribute: initialize() was not invoked, but wrapup() was.  This is unusual, but not always a problem.  For example, exporting JNLP will do this.
.TestExceptionAttribute4.TestExceptionAttribute2: initialize() was not invoked, but wrapup() was.  This is unusual, but not always a problem.  For example, exporting JNLP will do this.
0 ms. Memory: 1781248K Free: 955402K (54%)
----------------- Invoking toplevel() on ptolemy.moml.MoMLSimpleApplication@26a757ec
----------------- Done invoking toplevel() on ptolemy.moml.MoMLSimpleApplication@26a757ec
reloadAllAccessors: .TestExceptionAttribute4

===========================================================================================
----------------- testing Sat Feb 16 04:54:52 UTC 2019 /home/travis/build/icyphy/ptII/ptolemy/actor/lib/test/auto/TestExceptionHandler1.xml
----------------- Instantiating /home/travis/build/icyphy/ptII/ptolemy/actor/lib/test/auto/TestExceptionHandler1.xml
0 ms. Memory: 1781248K Free: 928744K (52%)
----------------- Invoking toplevel() on ptolemy.moml.MoMLSimpleApplication@6112fd76
----------------- Done invoking toplevel() on ptolemy.moml.MoMLSimpleApplication@6112fd76
reloadAllAccessors: .TestExceptionHandler1

===========================================================================================
----------------- testing Sat Feb 16 04:54:52 UTC 2019 /home/travis/build/icyphy/ptII/ptolemy/actor/lib/test/auto/TestExceptionHandler2.xml
----------------- Instantiating /home/travis/build/icyphy/ptII/ptolemy/actor/lib/test/auto/TestExceptionHandler2.xml
1 ms. Memory: 1781248K Free: 906530K (51%)
----------------- Invoking toplevel() on ptolemy.moml.MoMLSimpleApplication@4ce1f603
----------------- Done invoking toplevel() on ptolemy.moml.MoMLSimpleApplication@4ce1f603
reloadAllAccessors: .TestExceptionHandler2

===========================================================================================
----------------- testing Sat Feb 16 04:54:52 UTC 2019 /home/travis/build/icyphy/ptII/ptolemy/actor/lib/test/auto/TestExceptionHandler3.xml
----------------- Instantiating /home/travis/build/icyphy/ptII/ptolemy/actor/lib/test/auto/TestExceptionHandler3.xml
2 ms. Memory: 1781248K Free: 879872K (49%)
----------------- Invoking toplevel() on ptolemy.moml.MoMLSimpleApplication@2b071ac5
----------------- Done invoking toplevel() on ptolemy.moml.MoMLSimpleApplication@2b071ac5
reloadAllAccessors: .TestExceptionHandler3

===========================================================================================
----------------- testing Sat Feb 16 04:54:52 UTC 2019 /home/travis/build/icyphy/ptII/ptolemy/actor/lib/test/auto/TestExceptionHandler4.xml
----------------- Instantiating /home/travis/build/icyphy/ptII/ptolemy/actor/lib/test/auto/TestExceptionHandler4.xml
1 ms. Memory: 1781248K Free: 853214K (48%)
----------------- Invoking toplevel() on ptolemy.moml.MoMLSimpleApplication@7d3b2749
----------------- Done invoking toplevel() on ptolemy.moml.MoMLSimpleApplication@7d3b2749
reloadAllAccessors: .TestExceptionHandler4

===========================================================================================
----------------- testing Sat Feb 16 04:54:52 UTC 2019 /home/travis/build/icyphy/ptII/ptolemy/actor/lib/test/auto/TestRequireCorrectOrder.xml
----------------- Instantiating /home/travis/build/icyphy/ptII/ptolemy/actor/lib/test/auto/TestRequireCorrectOrder.xml
2 ms. Memory: 1781248K Free: 831000K (47%)
----------------- Invoking toplevel() on ptolemy.moml.MoMLSimpleApplication@4986edeb
----------------- Done invoking toplevel() on ptolemy.moml.MoMLSimpleApplication@4986edeb
reloadAllAccessors: .TestRequireCorrectOrder

===========================================================================================
----------------- testing Sat Feb 16 04:54:52 UTC 2019 /home/travis/build/icyphy/ptII/ptolemy/actor/lib/test/auto/TestSimple.xml
----------------- Instantiating /home/travis/build/icyphy/ptII/ptolemy/actor/lib/test/auto/TestSimple.xml
1 ms. Memory: 1781248K Free: 804342K (45%)
----------------- Invoking toplevel() on ptolemy.moml.MoMLSimpleApplication@3cd65f0a
----------------- Done invoking toplevel() on ptolemy.moml.MoMLSimpleApplication@3cd65f0a
reloadAllAccessors: .TestSimple

===========================================================================================
----------------- testing Sat Feb 16 04:54:52 UTC 2019 /home/travis/build/icyphy/ptII/ptolemy/actor/lib/test/auto/ThrowModelError.xml
----------------- Instantiating /home/travis/build/icyphy/ptII/ptolemy/actor/lib/test/auto/ThrowModelError.xml
1 ms. Memory: 1781248K Free: 782128K (44%)
----------------- Invoking toplevel() on ptolemy.moml.MoMLSimpleApplication@7379d4a
----------------- Done invoking toplevel() on ptolemy.moml.MoMLSimpleApplication@7379d4a
reloadAllAccessors: .ThrowModelError

===========================================================================================
----------------- testing Sat Feb 16 04:54:52 UTC 2019 /home/travis/build/icyphy/ptII/ptolemy/actor/lib/test/auto/TimeDelayMicrosteps.xml
----------------- Instantiating /home/travis/build/icyphy/ptII/ptolemy/actor/lib/test/auto/TimeDelayMicrosteps.xml
2 ms. Memory: 1781248K Free: 755469K (42%)
----------------- Invoking toplevel() on ptolemy.moml.MoMLSimpleApplication@1736ad17
----------------- Done invoking toplevel() on ptolemy.moml.MoMLSimpleApplication@1736ad17
reloadAllAccessors: .TimeDelayMicrosteps

===========================================================================================
----------------- testing Sat Feb 16 04:54:52 UTC 2019 /home/travis/build/icyphy/ptII/ptolemy/actor/lib/test/auto/TimeDelayMicrosteps2.xml
----------------- Instantiating /home/travis/build/icyphy/ptII/ptolemy/actor/lib/test/auto/TimeDelayMicrosteps2.xml
3 ms. Memory: 1781248K Free: 728811K (41%)
----------------- Invoking toplevel() on ptolemy.moml.MoMLSimpleApplication@423905b7
----------------- Done invoking toplevel() on ptolemy.moml.MoMLSimpleApplication@423905b7
reloadAllAccessors: .TimeDelayMicrosteps2

===========================================================================================
----------------- testing Sat Feb 16 04:54:52 UTC 2019 /home/travis/build/icyphy/ptII/ptolemy/actor/lib/test/auto/TimeDelayMicrosteps3.xml
----------------- Instantiating /home/travis/build/icyphy/ptII/ptolemy/actor/lib/test/auto/TimeDelayMicrosteps3.xml
2 ms. Memory: 1781248K Free: 706597K (40%)
----------------- Invoking toplevel() on ptolemy.moml.MoMLSimpleApplication@771ed207
----------------- Done invoking toplevel() on ptolemy.moml.MoMLSimpleApplication@771ed207
reloadAllAccessors: .TimeDelayMicrosteps3

===========================================================================================
----------------- testing Sat Feb 16 04:54:52 UTC 2019 /home/travis/build/icyphy/ptII/ptolemy/actor/lib/test/auto/TimeDelayVariableMicrosteps.xml
----------------- Instantiating /home/travis/build/icyphy/ptII/ptolemy/actor/lib/test/auto/TimeDelayVariableMicrosteps.xml
2 ms. Memory: 1781248K Free: 679939K (38%)
----------------- Invoking toplevel() on ptolemy.moml.MoMLSimpleApplication@18f823ef
----------------- Done invoking toplevel() on ptolemy.moml.MoMLSimpleApplication@18f823ef
reloadAllAccessors: .TimeDelayVariableMicrosteps

===========================================================================================
----------------- testing Sat Feb 16 04:54:52 UTC 2019 /home/travis/build/icyphy/ptII/ptolemy/actor/lib/test/auto/TimeGap.xml
----------------- Instantiating /home/travis/build/icyphy/ptII/ptolemy/actor/lib/test/auto/TimeGap.xml
2 ms. Memory: 1781248K Free: 657725K (37%)
----------------- Invoking toplevel() on ptolemy.moml.MoMLSimpleApplication@20ffa072
----------------- Done invoking toplevel() on ptolemy.moml.MoMLSimpleApplication@20ffa072
reloadAllAccessors: .TimeGap

===========================================================================================
----------------- testing Sat Feb 16 04:54:52 UTC 2019 /home/travis/build/icyphy/ptII/ptolemy/actor/lib/test/auto/TimeGap2.xml
----------------- Instantiating /home/travis/build/icyphy/ptII/ptolemy/actor/lib/test/auto/TimeGap2.xml
2 ms. Memory: 1781248K Free: 631067K (35%)
----------------- Invoking toplevel() on ptolemy.moml.MoMLSimpleApplication@54e1a348
----------------- Done invoking toplevel() on ptolemy.moml.MoMLSimpleApplication@54e1a348
reloadAllAccessors: .TimeGap2

===========================================================================================
----------------- testing Sat Feb 16 04:54:52 UTC 2019 /home/travis/build/icyphy/ptII/ptolemy/actor/lib/test/auto/TimedSinewave.xml
----------------- Instantiating /home/travis/build/icyphy/ptII/ptolemy/actor/lib/test/auto/TimedSinewave.xml
16 ms. Memory: 1781248K Free: 593302K (33%)
----------------- Invoking toplevel() on ptolemy.moml.MoMLSimpleApplication@61905618
----------------- Done invoking toplevel() on ptolemy.moml.MoMLSimpleApplication@61905618
reloadAllAccessors: .TimedSinewave

===========================================================================================
----------------- testing Sat Feb 16 04:54:52 UTC 2019 /home/travis/build/icyphy/ptII/ptolemy/actor/lib/test/auto/TimedSinewavePhase.xml
----------------- Instantiating /home/travis/build/icyphy/ptII/ptolemy/actor/lib/test/auto/TimedSinewavePhase.xml
15 ms. Memory: 1781248K Free: 571088K (32%)
----------------- Invoking toplevel() on ptolemy.moml.MoMLSimpleApplication@1dbfd70e
----------------- Done invoking toplevel() on ptolemy.moml.MoMLSimpleApplication@1dbfd70e
reloadAllAccessors: .TimedSinewavePhase

===========================================================================================
----------------- testing Sat Feb 16 04:54:52 UTC 2019 /home/travis/build/icyphy/ptII/ptolemy/actor/lib/test/auto/Timer.xml
----------------- Instantiating /home/travis/build/icyphy/ptII/ptolemy/actor/lib/test/auto/Timer.xml
2 ms. Memory: 1781248K Free: 544429K (31%)
----------------- Invoking toplevel() on ptolemy.moml.MoMLSimpleApplication@4ac37f2c
----------------- Done invoking toplevel() on ptolemy.moml.MoMLSimpleApplication@4ac37f2c
reloadAllAccessors: .Timer

===========================================================================================
----------------- testing Sat Feb 16 04:54:52 UTC 2019 /home/travis/build/icyphy/ptII/ptolemy/actor/lib/test/auto/TriangularDistTestModel.xml
----------------- Instantiating /home/travis/build/icyphy/ptII/ptolemy/actor/lib/test/auto/TriangularDistTestModel.xml
1 ms. Memory: 1781248K Free: 522215K (29%)
----------------- Invoking toplevel() on ptolemy.moml.MoMLSimpleApplication@352a0a7e
----------------- Done invoking toplevel() on ptolemy.moml.MoMLSimpleApplication@352a0a7e
reloadAllAccessors: .TriangularDistTestModel

===========================================================================================
----------------- testing Sat Feb 16 04:54:52 UTC 2019 /home/travis/build/icyphy/ptII/ptolemy/actor/lib/test/auto/TrigFunction.xml
----------------- Instantiating /home/travis/build/icyphy/ptII/ptolemy/actor/lib/test/auto/TrigFunction.xml
1 ms. Memory: 1781248K Free: 495557K (28%)
----------------- Invoking toplevel() on ptolemy.moml.MoMLSimpleApplication@1bbb1c7f
----------------- Done invoking toplevel() on ptolemy.moml.MoMLSimpleApplication@1bbb1c7f
reloadAllAccessors: .TrigFunction

===========================================================================================
----------------- testing Sat Feb 16 04:54:52 UTC 2019 /home/travis/build/icyphy/ptII/ptolemy/actor/lib/test/auto/TrigFunctionDE.xml
----------------- Instantiating /home/travis/build/icyphy/ptII/ptolemy/actor/lib/test/auto/TrigFunctionDE.xml
2 ms. Memory: 1781248K Free: 468899K (26%)
----------------- Invoking toplevel() on ptolemy.moml.MoMLSimpleApplication@2afa18e0
----------------- Done invoking toplevel() on ptolemy.moml.MoMLSimpleApplication@2afa18e0
reloadAllAccessors: .TrigFunctionDE

===========================================================================================
----------------- testing Sat Feb 16 04:54:52 UTC 2019 /home/travis/build/icyphy/ptII/ptolemy/actor/lib/test/auto/TrigFunctionInverse.xml
----------------- Instantiating /home/travis/build/icyphy/ptII/ptolemy/actor/lib/test/auto/TrigFunctionInverse.xml
2 ms. Memory: 1781248K Free: 446685K (25%)
----------------- Invoking toplevel() on ptolemy.moml.MoMLSimpleApplication@48b2074c
----------------- Done invoking toplevel() on ptolemy.moml.MoMLSimpleApplication@48b2074c
reloadAllAccessors: .TrigFunctionInverse

===========================================================================================
----------------- testing Sat Feb 16 04:54:52 UTC 2019 /home/travis/build/icyphy/ptII/ptolemy/actor/lib/test/auto/TrigFunctionTan.xml
----------------- Instantiating /home/travis/build/icyphy/ptII/ptolemy/actor/lib/test/auto/TrigFunctionTan.xml
3 ms. Memory: 1781248K Free: 420027K (24%)
----------------- Invoking toplevel() on ptolemy.moml.MoMLSimpleApplication@d39999a
----------------- Done invoking toplevel() on ptolemy.moml.MoMLSimpleApplication@d39999a
reloadAllAccessors: .TrigFunctionTan

===========================================================================================
----------------- testing Sat Feb 16 04:54:52 UTC 2019 /home/travis/build/icyphy/ptII/ptolemy/actor/lib/test/auto/TriggeredClock.xml
----------------- Instantiating /home/travis/build/icyphy/ptII/ptolemy/actor/lib/test/auto/TriggeredClock.xml
1 ms. Memory: 1781248K Free: 397813K (22%)
----------------- Invoking toplevel() on ptolemy.moml.MoMLSimpleApplication@2dce4d4f
----------------- Done invoking toplevel() on ptolemy.moml.MoMLSimpleApplication@2dce4d4f
reloadAllAccessors: .TriggeredClock

===========================================================================================
----------------- testing Sat Feb 16 04:54:52 UTC 2019 /home/travis/build/icyphy/ptII/ptolemy/actor/lib/test/auto/URLDirectoryReader.xml
----------------- Instantiating /home/travis/build/icyphy/ptII/ptolemy/actor/lib/test/auto/URLDirectoryReader.xml
34 ms. Memory: 1781248K Free: 371154K (21%)
----------------- Invoking toplevel() on ptolemy.moml.MoMLSimpleApplication@722bb77b
----------------- Done invoking toplevel() on ptolemy.moml.MoMLSimpleApplication@722bb77b
reloadAllAccessors: .URLDirectoryReader

===========================================================================================
----------------- testing Sat Feb 16 04:54:53 UTC 2019 /home/travis/build/icyphy/ptII/ptolemy/actor/lib/test/auto/URLDirectoryReader3.xml
----------------- Instantiating /home/travis/build/icyphy/ptII/ptolemy/actor/lib/test/auto/URLDirectoryReader3.xml
1211 ms. Memory: 1781248K Free: 288961K (16%)
----------------- Invoking toplevel() on ptolemy.moml.MoMLSimpleApplication@afd21d6
----------------- Done invoking toplevel() on ptolemy.moml.MoMLSimpleApplication@afd21d6
reloadAllAccessors: .URLDirectoryReader3

===========================================================================================
----------------- testing Sat Feb 16 04:54:54 UTC 2019 /home/travis/build/icyphy/ptII/ptolemy/actor/lib/test/auto/UnaryMathFunction.xml
----------------- Instantiating /home/travis/build/icyphy/ptII/ptolemy/actor/lib/test/auto/UnaryMathFunction.xml
2 ms. Memory: 1781248K Free: 266747K (15%)
----------------- Invoking toplevel() on ptolemy.moml.MoMLSimpleApplication@4361fec8
----------------- Done invoking toplevel() on ptolemy.moml.MoMLSimpleApplication@4361fec8
reloadAllAccessors: .UnaryMathFunction

===========================================================================================
----------------- testing Sat Feb 16 04:54:54 UTC 2019 /home/travis/build/icyphy/ptII/ptolemy/actor/lib/test/auto/Uniform.xml
----------------- Instantiating /home/travis/build/icyphy/ptII/ptolemy/actor/lib/test/auto/Uniform.xml
2 ms. Memory: 1781248K Free: 240089K (13%)
----------------- Invoking toplevel() on ptolemy.moml.MoMLSimpleApplication@741afac6
----------------- Done invoking toplevel() on ptolemy.moml.MoMLSimpleApplication@741afac6
reloadAllAccessors: .Uniform

===========================================================================================
----------------- testing Sat Feb 16 04:54:54 UTC 2019 /home/travis/build/icyphy/ptII/ptolemy/actor/lib/test/auto/UnionDisassemblerTest.xml
----------------- Instantiating /home/travis/build/icyphy/ptII/ptolemy/actor/lib/test/auto/UnionDisassemblerTest.xml
7 ms. Memory: 1781248K Free: 217875K (12%)
----------------- Invoking toplevel() on ptolemy.moml.MoMLSimpleApplication@1836fc45
----------------- Done invoking toplevel() on ptolemy.moml.MoMLSimpleApplication@1836fc45
reloadAllAccessors: .UnionDisassemblerTest

===========================================================================================
----------------- testing Sat Feb 16 04:54:54 UTC 2019 /home/travis/build/icyphy/ptII/ptolemy/actor/lib/test/auto/UtilityFunctions.xml
----------------- Instantiating /home/travis/build/icyphy/ptII/ptolemy/actor/lib/test/auto/UtilityFunctions.xml
1 ms. Memory: 1781248K Free: 191217K (11%)
----------------- Invoking toplevel() on ptolemy.moml.MoMLSimpleApplication@130f1a80
----------------- Done invoking toplevel() on ptolemy.moml.MoMLSimpleApplication@130f1a80
reloadAllAccessors: .UtilityFunctions

===========================================================================================
----------------- testing Sat Feb 16 04:54:54 UTC 2019 /home/travis/build/icyphy/ptII/ptolemy/actor/lib/test/auto/VariableSleep.xml
----------------- Instantiating /home/travis/build/icyphy/ptII/ptolemy/actor/lib/test/auto/VariableSleep.xml
502 ms. Memory: 1781248K Free: 164558K (9%)
----------------- Invoking toplevel() on ptolemy.moml.MoMLSimpleApplication@70a7ee32
----------------- Done invoking toplevel() on ptolemy.moml.MoMLSimpleApplication@70a7ee32
reloadAllAccessors: .VariableSleep

===========================================================================================
----------------- testing Sat Feb 16 04:54:55 UTC 2019 /home/travis/build/icyphy/ptII/ptolemy/actor/lib/test/auto/VectorAssemblerDisassemblerCT.xml
----------------- Instantiating /home/travis/build/icyphy/ptII/ptolemy/actor/lib/test/auto/VectorAssemblerDisassemblerCT.xml
71 ms. Memory: 1781248K Free: 131229K (7%)
----------------- Invoking toplevel() on ptolemy.moml.MoMLSimpleApplication@4d50dc1c
----------------- Done invoking toplevel() on ptolemy.moml.MoMLSimpleApplication@4d50dc1c
reloadAllAccessors: .VectorAssemblerDisassemblerCT

===========================================================================================
----------------- testing Sat Feb 16 04:54:55 UTC 2019 /home/travis/build/icyphy/ptII/ptolemy/actor/lib/test/auto/VectorAssemblerDisassemblerDE.xml
----------------- Instantiating /home/travis/build/icyphy/ptII/ptolemy/actor/lib/test/auto/VectorAssemblerDisassemblerDE.xml
3 ms. Memory: 1781248K Free: 104571K (6%)
----------------- Invoking toplevel() on ptolemy.moml.MoMLSimpleApplication@a5de76e
----------------- Done invoking toplevel() on ptolemy.moml.MoMLSimpleApplication@a5de76e
reloadAllAccessors: .VectorAssemblerDisassemblerDE

===========================================================================================
----------------- testing Sat Feb 16 04:54:55 UTC 2019 /home/travis/build/icyphy/ptII/ptolemy/actor/lib/test/auto/VectorAssemblerDisassemblerSDF.xml
----------------- Instantiating /home/travis/build/icyphy/ptII/ptolemy/actor/lib/test/auto/VectorAssemblerDisassemblerSDF.xml
4 ms. Memory: 1781248K Free: 82357K (5%)
----------------- Invoking toplevel() on ptolemy.moml.MoMLSimpleApplication@3f83ad80
----------------- Done invoking toplevel() on ptolemy.moml.MoMLSimpleApplication@3f83ad80
reloadAllAccessors: .VectorAssemblerDisassemblerSDF

===========================================================================================
----------------- testing Sat Feb 16 04:54:55 UTC 2019 /home/travis/build/icyphy/ptII/ptolemy/actor/lib/test/auto/WallClockTime.xml
----------------- Instantiating /home/travis/build/icyphy/ptII/ptolemy/actor/lib/test/auto/WallClockTime.xml
1004 ms. Memory: 1782272K Free: 1719998K (97%)
----------------- Invoking toplevel() on ptolemy.moml.MoMLSimpleApplication@62f4b912
----------------- Done invoking toplevel() on ptolemy.moml.MoMLSimpleApplication@62f4b912
reloadAllAccessors: .WallClockTime

===========================================================================================
----------------- testing Sat Feb 16 04:54:56 UTC 2019 /home/travis/build/icyphy/ptII/ptolemy/actor/lib/test/auto/WidthTestWithSubscriberPublisher.xml
----------------- Instantiating /home/travis/build/icyphy/ptII/ptolemy/actor/lib/test/auto/WidthTestWithSubscriberPublisher.xml
6 ms. Memory: 1782272K Free: 1690990K (95%)
----------------- Invoking toplevel() on ptolemy.moml.MoMLSimpleApplication@281aed2a
----------------- Done invoking toplevel() on ptolemy.moml.MoMLSimpleApplication@281aed2a
reloadAllAccessors: .WidthTestWithSubscriberPublisher

===========================================================================================
----------------- testing Sat Feb 16 04:54:56 UTC 2019 /home/travis/build/icyphy/ptII/ptolemy/actor/lib/test/auto/WidthTestWithSubscriberPublisher2.xml
----------------- Instantiating /home/travis/build/icyphy/ptII/ptolemy/actor/lib/test/auto/WidthTestWithSubscriberPublisher2.xml
3 ms. Memory: 1782272K Free: 1670321K (94%)
----------------- Invoking toplevel() on ptolemy.moml.MoMLSimpleApplication@12814bfc
----------------- Done invoking toplevel() on ptolemy.moml.MoMLSimpleApplication@12814bfc
reloadAllAccessors: .WidthTestWithSubscriberPublisher2

===========================================================================================
----------------- testing Sat Feb 16 04:54:56 UTC 2019 /home/travis/build/icyphy/ptII/ptolemy/actor/lib/test/auto/WidthTestWithSubscriberPublisher3.xml
----------------- Instantiating /home/travis/build/icyphy/ptII/ptolemy/actor/lib/test/auto/WidthTestWithSubscriberPublisher3.xml
1 ms. Memory: 1782272K Free: 1649652K (93%)
----------------- Invoking toplevel() on ptolemy.moml.MoMLSimpleApplication@42c0a045
----------------- Done invoking toplevel() on ptolemy.moml.MoMLSimpleApplication@42c0a045
reloadAllAccessors: .WidthTestWithSubscriberPublisher3

===========================================================================================
----------------- testing Sat Feb 16 04:54:56 UTC 2019 /home/travis/build/icyphy/ptII/ptolemy/actor/lib/test/auto/Writer.xml
----------------- Instantiating /home/travis/build/icyphy/ptII/ptolemy/actor/lib/test/auto/Writer.xml
0
1
2
3
4
1 ms. Memory: 1782272K Free: 1632992K (92%)
----------------- Invoking toplevel() on ptolemy.moml.MoMLSimpleApplication@7505bb04
----------------- Done invoking toplevel() on ptolemy.moml.MoMLSimpleApplication@7505bb04
reloadAllAccessors: .Writer

===========================================================================================
----------------- testing Sat Feb 16 04:54:56 UTC 2019 /home/travis/build/icyphy/ptII/ptolemy/actor/lib/test/auto/array.xml
----------------- Instantiating /home/travis/build/icyphy/ptII/ptolemy/actor/lib/test/auto/array.xml
1 ms. Memory: 1782272K Free: 1612323K (90%)
----------------- Invoking toplevel() on ptolemy.moml.MoMLSimpleApplication@663416a2
----------------- Done invoking toplevel() on ptolemy.moml.MoMLSimpleApplication@663416a2
reloadAllAccessors: .array

===========================================================================================
----------------- testing Sat Feb 16 04:54:56 UTC 2019 /home/travis/build/icyphy/ptII/ptolemy/actor/lib/test/auto/array2.xml
----------------- Instantiating /home/travis/build/icyphy/ptII/ptolemy/actor/lib/test/auto/array2.xml
2 ms. Memory: 1782272K Free: 1591654K (89%)
----------------- Invoking toplevel() on ptolemy.moml.MoMLSimpleApplication@9ae192b
----------------- Done invoking toplevel() on ptolemy.moml.MoMLSimpleApplication@9ae192b
reloadAllAccessors: .array2

===========================================================================================
----------------- testing Sat Feb 16 04:54:56 UTC 2019 /home/travis/build/icyphy/ptII/ptolemy/actor/lib/test/auto/arrayType.xml
----------------- Instantiating /home/travis/build/icyphy/ptII/ptolemy/actor/lib/test/auto/arrayType.xml
2 ms. Memory: 1782272K Free: 1574993K (88%)
----------------- Invoking toplevel() on ptolemy.moml.MoMLSimpleApplication@5869c7ac
----------------- Done invoking toplevel() on ptolemy.moml.MoMLSimpleApplication@5869c7ac
reloadAllAccessors: .arrayType

===========================================================================================
----------------- testing Sat Feb 16 04:54:56 UTC 2019 /home/travis/build/icyphy/ptII/ptolemy/actor/lib/test/auto/arrayType10.xml
----------------- Instantiating /home/travis/build/icyphy/ptII/ptolemy/actor/lib/test/auto/arrayType10.xml
1 ms. Memory: 1782272K Free: 1554324K (87%)
----------------- Invoking toplevel() on ptolemy.moml.MoMLSimpleApplication@7cf1bf77
----------------- Done invoking toplevel() on ptolemy.moml.MoMLSimpleApplication@7cf1bf77
reloadAllAccessors: .arrayType10

===========================================================================================
----------------- testing Sat Feb 16 04:54:56 UTC 2019 /home/travis/build/icyphy/ptII/ptolemy/actor/lib/test/auto/arrayType11.xml
----------------- Instantiating /home/travis/build/icyphy/ptII/ptolemy/actor/lib/test/auto/arrayType11.xml
2 ms. Memory: 1782272K Free: 1533655K (86%)
----------------- Invoking toplevel() on ptolemy.moml.MoMLSimpleApplication@18cbad49
----------------- Done invoking toplevel() on ptolemy.moml.MoMLSimpleApplication@18cbad49
reloadAllAccessors: .arrayType11

===========================================================================================
----------------- testing Sat Feb 16 04:54:56 UTC 2019 /home/travis/build/icyphy/ptII/ptolemy/actor/lib/test/auto/arrayType12.xml
----------------- Instantiating /home/travis/build/icyphy/ptII/ptolemy/actor/lib/test/auto/arrayType12.xml
1 ms. Memory: 1782272K Free: 1516994K (85%)
----------------- Invoking toplevel() on ptolemy.moml.MoMLSimpleApplication@49e62baf
----------------- Done invoking toplevel() on ptolemy.moml.MoMLSimpleApplication@49e62baf
reloadAllAccessors: .arrayType12

===========================================================================================
----------------- testing Sat Feb 16 04:54:56 UTC 2019 /home/travis/build/icyphy/ptII/ptolemy/actor/lib/test/auto/arrayType13.xml
----------------- Instantiating /home/travis/build/icyphy/ptII/ptolemy/actor/lib/test/auto/arrayType13.xml
2 ms. Memory: 1782272K Free: 1496325K (84%)
----------------- Invoking toplevel() on ptolemy.moml.MoMLSimpleApplication@4567479b
----------------- Done invoking toplevel() on ptolemy.moml.MoMLSimpleApplication@4567479b
reloadAllAccessors: .arrayType13

===========================================================================================
----------------- testing Sat Feb 16 04:54:56 UTC 2019 /home/travis/build/icyphy/ptII/ptolemy/actor/lib/test/auto/arrayType14.xml
----------------- Instantiating /home/travis/build/icyphy/ptII/ptolemy/actor/lib/test/auto/arrayType14.xml
1 ms. Memory: 1782272K Free: 1475656K (83%)
----------------- Invoking toplevel() on ptolemy.moml.MoMLSimpleApplication@dbd44b7
----------------- Done invoking toplevel() on ptolemy.moml.MoMLSimpleApplication@dbd44b7
reloadAllAccessors: .arrayType14

===========================================================================================
----------------- testing Sat Feb 16 04:54:56 UTC 2019 /home/travis/build/icyphy/ptII/ptolemy/actor/lib/test/auto/arrayType15.xml
----------------- Instantiating /home/travis/build/icyphy/ptII/ptolemy/actor/lib/test/auto/arrayType15.xml
1 ms. Memory: 1782272K Free: 1458996K (82%)
----------------- Invoking toplevel() on ptolemy.moml.MoMLSimpleApplication@401ff0dc
----------------- Done invoking toplevel() on ptolemy.moml.MoMLSimpleApplication@401ff0dc
reloadAllAccessors: .arrayType15

===========================================================================================
----------------- testing Sat Feb 16 04:54:56 UTC 2019 /home/travis/build/icyphy/ptII/ptolemy/actor/lib/test/auto/arrayType16.xml
----------------- Instantiating /home/travis/build/icyphy/ptII/ptolemy/actor/lib/test/auto/arrayType16.xml
2 ms. Memory: 1782272K Free: 1438327K (81%)
----------------- Invoking toplevel() on ptolemy.moml.MoMLSimpleApplication@2730014a
----------------- Done invoking toplevel() on ptolemy.moml.MoMLSimpleApplication@2730014a
reloadAllAccessors: .arrayType16

===========================================================================================
----------------- testing Sat Feb 16 04:54:56 UTC 2019 /home/travis/build/icyphy/ptII/ptolemy/actor/lib/test/auto/arrayType17.xml
----------------- Instantiating /home/travis/build/icyphy/ptII/ptolemy/actor/lib/test/auto/arrayType17.xml
1 ms. Memory: 1782272K Free: 1417657K (80%)
----------------- Invoking toplevel() on ptolemy.moml.MoMLSimpleApplication@66561f32
----------------- Done invoking toplevel() on ptolemy.moml.MoMLSimpleApplication@66561f32
reloadAllAccessors: .arrayType17

===========================================================================================
----------------- testing Sat Feb 16 04:54:56 UTC 2019 /home/travis/build/icyphy/ptII/ptolemy/actor/lib/test/auto/arrayType18.xml
----------------- Instantiating /home/travis/build/icyphy/ptII/ptolemy/actor/lib/test/auto/arrayType18.xml
1 ms. Memory: 1782272K Free: 1400997K (79%)
----------------- Invoking toplevel() on ptolemy.moml.MoMLSimpleApplication@55c34b9f
----------------- Done invoking toplevel() on ptolemy.moml.MoMLSimpleApplication@55c34b9f
reloadAllAccessors: .arrayType18

===========================================================================================
----------------- testing Sat Feb 16 04:54:56 UTC 2019 /home/travis/build/icyphy/ptII/ptolemy/actor/lib/test/auto/arrayType19.xml
----------------- Instantiating /home/travis/build/icyphy/ptII/ptolemy/actor/lib/test/auto/arrayType19.xml
1 ms. Memory: 1782272K Free: 1380328K (77%)
----------------- Invoking toplevel() on ptolemy.moml.MoMLSimpleApplication@65695aeb
----------------- Done invoking toplevel() on ptolemy.moml.MoMLSimpleApplication@65695aeb
reloadAllAccessors: .arrayType19

===========================================================================================
----------------- testing Sat Feb 16 04:54:56 UTC 2019 /home/travis/build/icyphy/ptII/ptolemy/actor/lib/test/auto/arrayType2.xml
----------------- Instantiating /home/travis/build/icyphy/ptII/ptolemy/actor/lib/test/auto/arrayType2.xml
2 ms. Memory: 1782272K Free: 1359658K (76%)
----------------- Invoking toplevel() on ptolemy.moml.MoMLSimpleApplication@70a6ca54
----------------- Done invoking toplevel() on ptolemy.moml.MoMLSimpleApplication@70a6ca54
reloadAllAccessors: .arrayType2

===========================================================================================
----------------- testing Sat Feb 16 04:54:56 UTC 2019 /home/travis/build/icyphy/ptII/ptolemy/actor/lib/test/auto/arrayType20.xml
----------------- Instantiating /home/travis/build/icyphy/ptII/ptolemy/actor/lib/test/auto/arrayType20.xml
1 ms. Memory: 1782272K Free: 1342998K (75%)
----------------- Invoking toplevel() on ptolemy.moml.MoMLSimpleApplication@1b7d8326
----------------- Done invoking toplevel() on ptolemy.moml.MoMLSimpleApplication@1b7d8326
reloadAllAccessors: .arrayType20

===========================================================================================
----------------- testing Sat Feb 16 04:54:56 UTC 2019 /home/travis/build/icyphy/ptII/ptolemy/actor/lib/test/auto/arrayType21.xml
----------------- Instantiating /home/travis/build/icyphy/ptII/ptolemy/actor/lib/test/auto/arrayType21.xml
1 ms. Memory: 1782272K Free: 1322329K (74%)
----------------- Invoking toplevel() on ptolemy.moml.MoMLSimpleApplication@655690b6
----------------- Done invoking toplevel() on ptolemy.moml.MoMLSimpleApplication@655690b6
reloadAllAccessors: .arrayType21

===========================================================================================
----------------- testing Sat Feb 16 04:54:56 UTC 2019 /home/travis/build/icyphy/ptII/ptolemy/actor/lib/test/auto/arrayType22.xml
----------------- Instantiating /home/travis/build/icyphy/ptII/ptolemy/actor/lib/test/auto/arrayType22.xml
2 ms. Memory: 1782272K Free: 1301659K (73%)
----------------- Invoking toplevel() on ptolemy.moml.MoMLSimpleApplication@1ec39924
----------------- Done invoking toplevel() on ptolemy.moml.MoMLSimpleApplication@1ec39924
reloadAllAccessors: .arrayType22

===========================================================================================
----------------- testing Sat Feb 16 04:54:56 UTC 2019 /home/travis/build/icyphy/ptII/ptolemy/actor/lib/test/auto/arrayType23.xml
----------------- Instantiating /home/travis/build/icyphy/ptII/ptolemy/actor/lib/test/auto/arrayType23.xml
1 ms. Memory: 1782272K Free: 1284999K (72%)
----------------- Invoking toplevel() on ptolemy.moml.MoMLSimpleApplication@46d2bdc8
----------------- Done invoking toplevel() on ptolemy.moml.MoMLSimpleApplication@46d2bdc8
reloadAllAccessors: .arrayType23

===========================================================================================
----------------- testing Sat Feb 16 04:54:56 UTC 2019 /home/travis/build/icyphy/ptII/ptolemy/actor/lib/test/auto/arrayType24.xml
----------------- Instantiating /home/travis/build/icyphy/ptII/ptolemy/actor/lib/test/auto/arrayType24.xml
1 ms. Memory: 1782272K Free: 1264330K (71%)
----------------- Invoking toplevel() on ptolemy.moml.MoMLSimpleApplication@36f3aa69
----------------- Done invoking toplevel() on ptolemy.moml.MoMLSimpleApplication@36f3aa69
reloadAllAccessors: .arrayType24

===========================================================================================
----------------- testing Sat Feb 16 04:54:56 UTC 2019 /home/travis/build/icyphy/ptII/ptolemy/actor/lib/test/auto/arrayType25.xml
----------------- Instantiating /home/travis/build/icyphy/ptII/ptolemy/actor/lib/test/auto/arrayType25.xml
2 ms. Memory: 1782272K Free: 1243661K (70%)
----------------- Invoking toplevel() on ptolemy.moml.MoMLSimpleApplication@57fbbe90
----------------- Done invoking toplevel() on ptolemy.moml.MoMLSimpleApplication@57fbbe90
reloadAllAccessors: .arrayType25

===========================================================================================
----------------- testing Sat Feb 16 04:54:56 UTC 2019 /home/travis/build/icyphy/ptII/ptolemy/actor/lib/test/auto/arrayType26.xml
----------------- Instantiating /home/travis/build/icyphy/ptII/ptolemy/actor/lib/test/auto/arrayType26.xml
1 ms. Memory: 1782272K Free: 1227000K (69%)
----------------- Invoking toplevel() on ptolemy.moml.MoMLSimpleApplication@5ba4a46
----------------- Done invoking toplevel() on ptolemy.moml.MoMLSimpleApplication@5ba4a46
reloadAllAccessors: .arrayType26

===========================================================================================
----------------- testing Sat Feb 16 04:54:56 UTC 2019 /home/travis/build/icyphy/ptII/ptolemy/actor/lib/test/auto/arrayType27.xml
----------------- Instantiating /home/travis/build/icyphy/ptII/ptolemy/actor/lib/test/auto/arrayType27.xml
2 ms. Memory: 1782272K Free: 1206331K (68%)
----------------- Invoking toplevel() on ptolemy.moml.MoMLSimpleApplication@230446ef
----------------- Done invoking toplevel() on ptolemy.moml.MoMLSimpleApplication@230446ef
reloadAllAccessors: .arrayType27

===========================================================================================
----------------- testing Sat Feb 16 04:54:56 UTC 2019 /home/travis/build/icyphy/ptII/ptolemy/actor/lib/test/auto/arrayType28.xml
----------------- Instantiating /home/travis/build/icyphy/ptII/ptolemy/actor/lib/test/auto/arrayType28.xml
1 ms. Memory: 1782272K Free: 1185645K (67%)
----------------- Invoking toplevel() on ptolemy.moml.MoMLSimpleApplication@6f5c6185
----------------- Done invoking toplevel() on ptolemy.moml.MoMLSimpleApplication@6f5c6185
reloadAllAccessors: .arrayType28

===========================================================================================
----------------- testing Sat Feb 16 04:54:56 UTC 2019 /home/travis/build/icyphy/ptII/ptolemy/actor/lib/test/auto/arrayType3.xml
----------------- Instantiating /home/travis/build/icyphy/ptII/ptolemy/actor/lib/test/auto/arrayType3.xml
1 ms. Memory: 1782272K Free: 1168984K (66%)
----------------- Invoking toplevel() on ptolemy.moml.MoMLSimpleApplication@4278122f
----------------- Done invoking toplevel() on ptolemy.moml.MoMLSimpleApplication@4278122f
reloadAllAccessors: .arrayType3

===========================================================================================
----------------- testing Sat Feb 16 04:54:56 UTC 2019 /home/travis/build/icyphy/ptII/ptolemy/actor/lib/test/auto/arrayType4.xml
----------------- Instantiating /home/travis/build/icyphy/ptII/ptolemy/actor/lib/test/auto/arrayType4.xml
1 ms. Memory: 1782272K Free: 1148315K (64%)
----------------- Invoking toplevel() on ptolemy.moml.MoMLSimpleApplication@42c0a3d8
----------------- Done invoking toplevel() on ptolemy.moml.MoMLSimpleApplication@42c0a3d8
reloadAllAccessors: .arrayType4

===========================================================================================
----------------- testing Sat Feb 16 04:54:56 UTC 2019 /home/travis/build/icyphy/ptII/ptolemy/actor/lib/test/auto/arrayType5.xml
----------------- Instantiating /home/travis/build/icyphy/ptII/ptolemy/actor/lib/test/auto/arrayType5.xml
2 ms. Memory: 1782272K Free: 1127646K (63%)
----------------- Invoking toplevel() on ptolemy.moml.MoMLSimpleApplication@7217f45c
----------------- Done invoking toplevel() on ptolemy.moml.MoMLSimpleApplication@7217f45c
reloadAllAccessors: .arrayType5

===========================================================================================
----------------- testing Sat Feb 16 04:54:56 UTC 2019 /home/travis/build/icyphy/ptII/ptolemy/actor/lib/test/auto/arrayType6.xml
----------------- Instantiating /home/travis/build/icyphy/ptII/ptolemy/actor/lib/test/auto/arrayType6.xml
1 ms. Memory: 1782272K Free: 1110986K (62%)
----------------- Invoking toplevel() on ptolemy.moml.MoMLSimpleApplication@e779c8b
----------------- Done invoking toplevel() on ptolemy.moml.MoMLSimpleApplication@e779c8b
reloadAllAccessors: .arrayType6

===========================================================================================
----------------- testing Sat Feb 16 04:54:56 UTC 2019 /home/travis/build/icyphy/ptII/ptolemy/actor/lib/test/auto/arrayType7.xml
----------------- Instantiating /home/travis/build/icyphy/ptII/ptolemy/actor/lib/test/auto/arrayType7.xml
1 ms. Memory: 1782272K Free: 1090317K (61%)
----------------- Invoking toplevel() on ptolemy.moml.MoMLSimpleApplication@3f363c3f
----------------- Done invoking toplevel() on ptolemy.moml.MoMLSimpleApplication@3f363c3f
reloadAllAccessors: .arrayType7

===========================================================================================
----------------- testing Sat Feb 16 04:54:56 UTC 2019 /home/travis/build/icyphy/ptII/ptolemy/actor/lib/test/auto/arrayType8.xml
----------------- Instantiating /home/travis/build/icyphy/ptII/ptolemy/actor/lib/test/auto/arrayType8.xml
1 ms. Memory: 1782272K Free: 1069647K (60%)
----------------- Invoking toplevel() on ptolemy.moml.MoMLSimpleApplication@137af874
----------------- Done invoking toplevel() on ptolemy.moml.MoMLSimpleApplication@137af874
reloadAllAccessors: .arrayType8

===========================================================================================
----------------- testing Sat Feb 16 04:54:56 UTC 2019 /home/travis/build/icyphy/ptII/ptolemy/actor/lib/test/auto/arrayType9.xml
----------------- Instantiating /home/travis/build/icyphy/ptII/ptolemy/actor/lib/test/auto/arrayType9.xml
1 ms. Memory: 1782272K Free: 1048978K (59%)
----------------- Invoking toplevel() on ptolemy.moml.MoMLSimpleApplication@6b701894
----------------- Done invoking toplevel() on ptolemy.moml.MoMLSimpleApplication@6b701894
reloadAllAccessors: .arrayType9

===========================================================================================
----------------- testing Sat Feb 16 04:54:56 UTC 2019 /home/travis/build/icyphy/ptII/ptolemy/actor/lib/test/auto/cast.xml
----------------- Instantiating /home/travis/build/icyphy/ptII/ptolemy/actor/lib/test/auto/cast.xml
2 ms. Memory: 1782272K Free: 1032318K (58%)
----------------- Invoking toplevel() on ptolemy.moml.MoMLSimpleApplication@1b49ba80
----------------- Done invoking toplevel() on ptolemy.moml.MoMLSimpleApplication@1b49ba80
reloadAllAccessors: .cast

===========================================================================================
----------------- testing Sat Feb 16 04:54:56 UTC 2019 /home/travis/build/icyphy/ptII/ptolemy/actor/lib/test/auto/compositeMultiPort.xml
----------------- Instantiating /home/travis/build/icyphy/ptII/ptolemy/actor/lib/test/auto/compositeMultiPort.xml
4 ms. Memory: 1782272K Free: 1011649K (57%)
----------------- Invoking toplevel() on ptolemy.moml.MoMLSimpleApplication@dc2dc90
----------------- Done invoking toplevel() on ptolemy.moml.MoMLSimpleApplication@dc2dc90
reloadAllAccessors: .compositeMultiPort

===========================================================================================
----------------- testing Sat Feb 16 04:54:56 UTC 2019 /home/travis/build/icyphy/ptII/ptolemy/actor/lib/test/auto/expressionCastInference.xml
----------------- Instantiating /home/travis/build/icyphy/ptII/ptolemy/actor/lib/test/auto/expressionCastInference.xml
1 ms. Memory: 1782272K Free: 990979K (56%)
----------------- Invoking toplevel() on ptolemy.moml.MoMLSimpleApplication@7524bd81
----------------- Done invoking toplevel() on ptolemy.moml.MoMLSimpleApplication@7524bd81
reloadAllAccessors: .expressionCastInference

===========================================================================================
----------------- testing Sat Feb 16 04:54:56 UTC 2019 /home/travis/build/icyphy/ptII/ptolemy/actor/lib/test/auto/expressionCastInference2.xml
----------------- Instantiating /home/travis/build/icyphy/ptII/ptolemy/actor/lib/test/auto/expressionCastInference2.xml
1 ms. Memory: 1782272K Free: 974319K (55%)
----------------- Invoking toplevel() on ptolemy.moml.MoMLSimpleApplication@9409a70
----------------- Done invoking toplevel() on ptolemy.moml.MoMLSimpleApplication@9409a70
reloadAllAccessors: .expressionCastInference2

===========================================================================================
----------------- testing Sat Feb 16 04:54:56 UTC 2019 /home/travis/build/icyphy/ptII/ptolemy/actor/lib/test/auto/expressionInference.xml
----------------- Instantiating /home/travis/build/icyphy/ptII/ptolemy/actor/lib/test/auto/expressionInference.xml
1 ms. Memory: 1782272K Free: 953650K (54%)
----------------- Invoking toplevel() on ptolemy.moml.MoMLSimpleApplication@567a4a9f
----------------- Done invoking toplevel() on ptolemy.moml.MoMLSimpleApplication@567a4a9f
reloadAllAccessors: .expressionInference

===========================================================================================
----------------- testing Sat Feb 16 04:54:56 UTC 2019 /home/travis/build/icyphy/ptII/ptolemy/actor/lib/test/auto/expression_bug.xml
----------------- Instantiating /home/travis/build/icyphy/ptII/ptolemy/actor/lib/test/auto/expression_bug.xml
1 ms. Memory: 1782272K Free: 932981K (52%)
----------------- Invoking toplevel() on ptolemy.moml.MoMLSimpleApplication@2b860365
----------------- Done invoking toplevel() on ptolemy.moml.MoMLSimpleApplication@2b860365
reloadAllAccessors: .expression_bug

===========================================================================================
----------------- testing Sat Feb 16 04:54:56 UTC 2019 /home/travis/build/icyphy/ptII/ptolemy/actor/lib/test/auto/factorial.xml
----------------- Instantiating /home/travis/build/icyphy/ptII/ptolemy/actor/lib/test/auto/factorial.xml
29 ms. Memory: 1782272K Free: 916320K (51%)
----------------- Invoking toplevel() on ptolemy.moml.MoMLSimpleApplication@1f7baa4
----------------- Done invoking toplevel() on ptolemy.moml.MoMLSimpleApplication@1f7baa4
reloadAllAccessors: .factorial

===========================================================================================
----------------- testing Sat Feb 16 04:54:56 UTC 2019 /home/travis/build/icyphy/ptII/ptolemy/actor/lib/test/auto/filterTest1.xml
----------------- Instantiating /home/travis/build/icyphy/ptII/ptolemy/actor/lib/test/auto/filterTest1.xml
3 ms. Memory: 1782272K Free: 895651K (50%)
----------------- Invoking toplevel() on ptolemy.moml.MoMLSimpleApplication@4cc0472
----------------- Done invoking toplevel() on ptolemy.moml.MoMLSimpleApplication@4cc0472
reloadAllAccessors: .filterTest1

===========================================================================================
----------------- testing Sat Feb 16 04:54:56 UTC 2019 /home/travis/build/icyphy/ptII/ptolemy/actor/lib/test/auto/funcApplyInConst.xml
----------------- Instantiating /home/travis/build/icyphy/ptII/ptolemy/actor/lib/test/auto/funcApplyInConst.xml
0 ms. Memory: 1782272K Free: 874982K (49%)
----------------- Invoking toplevel() on ptolemy.moml.MoMLSimpleApplication@5a670919
----------------- Done invoking toplevel() on ptolemy.moml.MoMLSimpleApplication@5a670919
reloadAllAccessors: .funcApplyInConst

===========================================================================================
----------------- testing Sat Feb 16 04:54:56 UTC 2019 /home/travis/build/icyphy/ptII/ptolemy/actor/lib/test/auto/funcApplyInExpr.xml
----------------- Instantiating /home/travis/build/icyphy/ptII/ptolemy/actor/lib/test/auto/funcApplyInExpr.xml
1 ms. Memory: 1782272K Free: 858321K (48%)
----------------- Invoking toplevel() on ptolemy.moml.MoMLSimpleApplication@5e23a1f1
----------------- Done invoking toplevel() on ptolemy.moml.MoMLSimpleApplication@5e23a1f1
reloadAllAccessors: .funcApplyInExpr

===========================================================================================
----------------- testing Sat Feb 16 04:54:56 UTC 2019 /home/travis/build/icyphy/ptII/ptolemy/actor/lib/test/auto/function.xml
----------------- Instantiating /home/travis/build/icyphy/ptII/ptolemy/actor/lib/test/auto/function.xml
1 ms. Memory: 1782272K Free: 837652K (47%)
----------------- Invoking toplevel() on ptolemy.moml.MoMLSimpleApplication@66668aee
----------------- Done invoking toplevel() on ptolemy.moml.MoMLSimpleApplication@66668aee
reloadAllAccessors: .function

===========================================================================================
----------------- testing Sat Feb 16 04:54:56 UTC 2019 /home/travis/build/icyphy/ptII/ptolemy/actor/lib/test/auto/function2.xml
----------------- Instantiating /home/travis/build/icyphy/ptII/ptolemy/actor/lib/test/auto/function2.xml
2 ms. Memory: 1782272K Free: 816983K (46%)
----------------- Invoking toplevel() on ptolemy.moml.MoMLSimpleApplication@55907ce
----------------- Done invoking toplevel() on ptolemy.moml.MoMLSimpleApplication@55907ce
reloadAllAccessors: .function2

===========================================================================================
----------------- testing Sat Feb 16 04:54:56 UTC 2019 /home/travis/build/icyphy/ptII/ptolemy/actor/lib/test/auto/function3.xml
----------------- Instantiating /home/travis/build/icyphy/ptII/ptolemy/actor/lib/test/auto/function3.xml
1 ms. Memory: 1782272K Free: 800322K (45%)
----------------- Invoking toplevel() on ptolemy.moml.MoMLSimpleApplication@274c6c96
----------------- Done invoking toplevel() on ptolemy.moml.MoMLSimpleApplication@274c6c96
reloadAllAccessors: .function3

===========================================================================================
----------------- testing Sat Feb 16 04:54:56 UTC 2019 /home/travis/build/icyphy/ptII/ptolemy/actor/lib/test/auto/functionClosureTest1.xml
----------------- Instantiating /home/travis/build/icyphy/ptII/ptolemy/actor/lib/test/auto/functionClosureTest1.xml
1 ms. Memory: 1782272K Free: 779653K (44%)
----------------- Invoking toplevel() on ptolemy.moml.MoMLSimpleApplication@5a8d80d7
----------------- Done invoking toplevel() on ptolemy.moml.MoMLSimpleApplication@5a8d80d7
reloadAllAccessors: .functionClosureTest1

===========================================================================================
----------------- testing Sat Feb 16 04:54:57 UTC 2019 /home/travis/build/icyphy/ptII/ptolemy/actor/lib/test/auto/functionClosureTest2.xml
----------------- Instantiating /home/travis/build/icyphy/ptII/ptolemy/actor/lib/test/auto/functionClosureTest2.xml
1 ms. Memory: 1782272K Free: 758984K (43%)
----------------- Invoking toplevel() on ptolemy.moml.MoMLSimpleApplication@5546a57b
----------------- Done invoking toplevel() on ptolemy.moml.MoMLSimpleApplication@5546a57b
reloadAllAccessors: .functionClosureTest2

===========================================================================================
----------------- testing Sat Feb 16 04:54:57 UTC 2019 /home/travis/build/icyphy/ptII/ptolemy/actor/lib/test/auto/functionClosureTest3.xml
----------------- Instantiating /home/travis/build/icyphy/ptII/ptolemy/actor/lib/test/auto/functionClosureTest3.xml
1 ms. Memory: 1782272K Free: 738315K (41%)
----------------- Invoking toplevel() on ptolemy.moml.MoMLSimpleApplication@459be3d1
----------------- Done invoking toplevel() on ptolemy.moml.MoMLSimpleApplication@459be3d1
reloadAllAccessors: .functionClosureTest3

===========================================================================================
----------------- testing Sat Feb 16 04:54:57 UTC 2019 /home/travis/build/icyphy/ptII/ptolemy/actor/lib/test/auto/functionClosureTest4.xml
----------------- Instantiating /home/travis/build/icyphy/ptII/ptolemy/actor/lib/test/auto/functionClosureTest4.xml
2 ms. Memory: 1782272K Free: 721654K (40%)
----------------- Invoking toplevel() on ptolemy.moml.MoMLSimpleApplication@1898637e
----------------- Done invoking toplevel() on ptolemy.moml.MoMLSimpleApplication@1898637e
reloadAllAccessors: .functionClosureTest4

===========================================================================================
----------------- testing Sat Feb 16 04:54:57 UTC 2019 /home/travis/build/icyphy/ptII/ptolemy/actor/lib/test/auto/functionClosureTest5.xml
----------------- Instantiating /home/travis/build/icyphy/ptII/ptolemy/actor/lib/test/auto/functionClosureTest5.xml
3 ms. Memory: 1782272K Free: 700985K (39%)
----------------- Invoking toplevel() on ptolemy.moml.MoMLSimpleApplication@74e8280c
----------------- Done invoking toplevel() on ptolemy.moml.MoMLSimpleApplication@74e8280c
reloadAllAccessors: .functionClosureTest5

===========================================================================================
----------------- testing Sat Feb 16 04:54:57 UTC 2019 /home/travis/build/icyphy/ptII/ptolemy/actor/lib/test/auto/functionClosureTest6.xml
----------------- Instantiating /home/travis/build/icyphy/ptII/ptolemy/actor/lib/test/auto/functionClosureTest6.xml
1 ms. Memory: 1782272K Free: 680316K (38%)
----------------- Invoking toplevel() on ptolemy.moml.MoMLSimpleApplication@412ad12
----------------- Done invoking toplevel() on ptolemy.moml.MoMLSimpleApplication@412ad12
reloadAllAccessors: .functionClosureTest6

===========================================================================================
----------------- testing Sat Feb 16 04:54:57 UTC 2019 /home/travis/build/icyphy/ptII/ptolemy/actor/lib/test/auto/functionsOnArcs.xml
----------------- Instantiating /home/travis/build/icyphy/ptII/ptolemy/actor/lib/test/auto/functionsOnArcs.xml
1 ms. Memory: 1782272K Free: 663656K (37%)
----------------- Invoking toplevel() on ptolemy.moml.MoMLSimpleApplication@21feb9e6
----------------- Done invoking toplevel() on ptolemy.moml.MoMLSimpleApplication@21feb9e6
reloadAllAccessors: .functionsOnArcs

===========================================================================================
----------------- testing Sat Feb 16 04:54:57 UTC 2019 /home/travis/build/icyphy/ptII/ptolemy/actor/lib/test/auto/functionsOnArcsHOF.xml
----------------- Instantiating /home/travis/build/icyphy/ptII/ptolemy/actor/lib/test/auto/functionsOnArcsHOF.xml
2 ms. Memory: 1782272K Free: 642986K (36%)
----------------- Invoking toplevel() on ptolemy.moml.MoMLSimpleApplication@740cf967
----------------- Done invoking toplevel() on ptolemy.moml.MoMLSimpleApplication@740cf967
reloadAllAccessors: .functionsOnArcsHOF

===========================================================================================
----------------- testing Sat Feb 16 04:54:57 UTC 2019 /home/travis/build/icyphy/ptII/ptolemy/actor/lib/test/auto/logic.xml
----------------- Instantiating /home/travis/build/icyphy/ptII/ptolemy/actor/lib/test/auto/logic.xml
2 ms. Memory: 1782272K Free: 622317K (35%)
----------------- Invoking toplevel() on ptolemy.moml.MoMLSimpleApplication@6343efad
----------------- Done invoking toplevel() on ptolemy.moml.MoMLSimpleApplication@6343efad
reloadAllAccessors: .logic

===========================================================================================
----------------- testing Sat Feb 16 04:54:57 UTC 2019 /home/travis/build/icyphy/ptII/ptolemy/actor/lib/test/auto/matrixType.xml
----------------- Instantiating /home/travis/build/icyphy/ptII/ptolemy/actor/lib/test/auto/matrixType.xml
1 ms. Memory: 1782272K Free: 605657K (34%)
----------------- Invoking toplevel() on ptolemy.moml.MoMLSimpleApplication@7c126543
----------------- Done invoking toplevel() on ptolemy.moml.MoMLSimpleApplication@7c126543
reloadAllAccessors: .matrixType

===========================================================================================
----------------- testing Sat Feb 16 04:54:57 UTC 2019 /home/travis/build/icyphy/ptII/ptolemy/actor/lib/test/auto/matrixType10.xml
----------------- Instantiating /home/travis/build/icyphy/ptII/ptolemy/actor/lib/test/auto/matrixType10.xml
2 ms. Memory: 1782272K Free: 584988K (33%)
----------------- Invoking toplevel() on ptolemy.moml.MoMLSimpleApplication@1a361e2f
----------------- Done invoking toplevel() on ptolemy.moml.MoMLSimpleApplication@1a361e2f
reloadAllAccessors: .matrixType10

===========================================================================================
----------------- testing Sat Feb 16 04:54:57 UTC 2019 /home/travis/build/icyphy/ptII/ptolemy/actor/lib/test/auto/matrixType11.xml
----------------- Instantiating /home/travis/build/icyphy/ptII/ptolemy/actor/lib/test/auto/matrixType11.xml
1 ms. Memory: 1782272K Free: 564319K (32%)
----------------- Invoking toplevel() on ptolemy.moml.MoMLSimpleApplication@13ef8a3f
----------------- Done invoking toplevel() on ptolemy.moml.MoMLSimpleApplication@13ef8a3f
reloadAllAccessors: .matrixType11

===========================================================================================
----------------- testing Sat Feb 16 04:54:57 UTC 2019 /home/travis/build/icyphy/ptII/ptolemy/actor/lib/test/auto/matrixType12.xml
----------------- Instantiating /home/travis/build/icyphy/ptII/ptolemy/actor/lib/test/auto/matrixType12.xml
4 ms. Memory: 1782272K Free: 547658K (31%)
----------------- Invoking toplevel() on ptolemy.moml.MoMLSimpleApplication@77333200
----------------- Done invoking toplevel() on ptolemy.moml.MoMLSimpleApplication@77333200
reloadAllAccessors: .matrixType12

===========================================================================================
----------------- testing Sat Feb 16 04:54:57 UTC 2019 /home/travis/build/icyphy/ptII/ptolemy/actor/lib/test/auto/matrixType13.xml
----------------- Instantiating /home/travis/build/icyphy/ptII/ptolemy/actor/lib/test/auto/matrixType13.xml
2 ms. Memory: 1782272K Free: 526989K (30%)
----------------- Invoking toplevel() on ptolemy.moml.MoMLSimpleApplication@6fb8ada0
----------------- Done invoking toplevel() on ptolemy.moml.MoMLSimpleApplication@6fb8ada0
reloadAllAccessors: .matrixType13

===========================================================================================
----------------- testing Sat Feb 16 04:54:57 UTC 2019 /home/travis/build/icyphy/ptII/ptolemy/actor/lib/test/auto/matrixType14.xml
----------------- Instantiating /home/travis/build/icyphy/ptII/ptolemy/actor/lib/test/auto/matrixType14.xml
2 ms. Memory: 1782272K Free: 506320K (28%)
----------------- Invoking toplevel() on ptolemy.moml.MoMLSimpleApplication@1170f37d
----------------- Done invoking toplevel() on ptolemy.moml.MoMLSimpleApplication@1170f37d
reloadAllAccessors: .matrixType14

===========================================================================================
----------------- testing Sat Feb 16 04:54:57 UTC 2019 /home/travis/build/icyphy/ptII/ptolemy/actor/lib/test/auto/matrixType2.xml
----------------- Instantiating /home/travis/build/icyphy/ptII/ptolemy/actor/lib/test/auto/matrixType2.xml
1 ms. Memory: 1782272K Free: 489659K (27%)
----------------- Invoking toplevel() on ptolemy.moml.MoMLSimpleApplication@70348197
----------------- Done invoking toplevel() on ptolemy.moml.MoMLSimpleApplication@70348197
reloadAllAccessors: .matrixType2

===========================================================================================
----------------- testing Sat Feb 16 04:54:57 UTC 2019 /home/travis/build/icyphy/ptII/ptolemy/actor/lib/test/auto/matrixType3.xml
----------------- Instantiating /home/travis/build/icyphy/ptII/ptolemy/actor/lib/test/auto/matrixType3.xml
1 ms. Memory: 1782272K Free: 468990K (26%)
----------------- Invoking toplevel() on ptolemy.moml.MoMLSimpleApplication@51aca1a4
----------------- Done invoking toplevel() on ptolemy.moml.MoMLSimpleApplication@51aca1a4
reloadAllAccessors: .matrixType3

===========================================================================================
----------------- testing Sat Feb 16 04:54:57 UTC 2019 /home/travis/build/icyphy/ptII/ptolemy/actor/lib/test/auto/matrixType4.xml
----------------- Instantiating /home/travis/build/icyphy/ptII/ptolemy/actor/lib/test/auto/matrixType4.xml
1 ms. Memory: 1782272K Free: 448320K (25%)
----------------- Invoking toplevel() on ptolemy.moml.MoMLSimpleApplication@5df0002f
----------------- Done invoking toplevel() on ptolemy.moml.MoMLSimpleApplication@5df0002f
reloadAllAccessors: .matrixType4

===========================================================================================
----------------- testing Sat Feb 16 04:54:57 UTC 2019 /home/travis/build/icyphy/ptII/ptolemy/actor/lib/test/auto/matrixType5.xml
----------------- Instantiating /home/travis/build/icyphy/ptII/ptolemy/actor/lib/test/auto/matrixType5.xml
1 ms. Memory: 1782272K Free: 427651K (24%)
----------------- Invoking toplevel() on ptolemy.moml.MoMLSimpleApplication@56bec880
----------------- Done invoking toplevel() on ptolemy.moml.MoMLSimpleApplication@56bec880
reloadAllAccessors: .matrixType5

===========================================================================================
----------------- testing Sat Feb 16 04:54:57 UTC 2019 /home/travis/build/icyphy/ptII/ptolemy/actor/lib/test/auto/matrixType6.xml
----------------- Instantiating /home/travis/build/icyphy/ptII/ptolemy/actor/lib/test/auto/matrixType6.xml
1 ms. Memory: 1782272K Free: 410991K (23%)
----------------- Invoking toplevel() on ptolemy.moml.MoMLSimpleApplication@49653c3d
----------------- Done invoking toplevel() on ptolemy.moml.MoMLSimpleApplication@49653c3d
reloadAllAccessors: .matrixType6

===========================================================================================
----------------- testing Sat Feb 16 04:54:57 UTC 2019 /home/travis/build/icyphy/ptII/ptolemy/actor/lib/test/auto/matrixType7.xml
----------------- Instantiating /home/travis/build/icyphy/ptII/ptolemy/actor/lib/test/auto/matrixType7.xml
2 ms. Memory: 1782272K Free: 390322K (22%)
----------------- Invoking toplevel() on ptolemy.moml.MoMLSimpleApplication@6a955500
----------------- Done invoking toplevel() on ptolemy.moml.MoMLSimpleApplication@6a955500
reloadAllAccessors: .matrixType7

===========================================================================================
----------------- testing Sat Feb 16 04:54:57 UTC 2019 /home/travis/build/icyphy/ptII/ptolemy/actor/lib/test/auto/matrixType8.xml
----------------- Instantiating /home/travis/build/icyphy/ptII/ptolemy/actor/lib/test/auto/matrixType8.xml
1 ms. Memory: 1782272K Free: 369653K (21%)
----------------- Invoking toplevel() on ptolemy.moml.MoMLSimpleApplication@5070b5a7
----------------- Done invoking toplevel() on ptolemy.moml.MoMLSimpleApplication@5070b5a7
reloadAllAccessors: .matrixType8

===========================================================================================
----------------- testing Sat Feb 16 04:54:57 UTC 2019 /home/travis/build/icyphy/ptII/ptolemy/actor/lib/test/auto/matrixType9.xml
----------------- Instantiating /home/travis/build/icyphy/ptII/ptolemy/actor/lib/test/auto/matrixType9.xml
1 ms. Memory: 1782272K Free: 352992K (20%)
----------------- Invoking toplevel() on ptolemy.moml.MoMLSimpleApplication@6ed1fc30
----------------- Done invoking toplevel() on ptolemy.moml.MoMLSimpleApplication@6ed1fc30
reloadAllAccessors: .matrixType9

===========================================================================================
----------------- testing Sat Feb 16 04:54:57 UTC 2019 /home/travis/build/icyphy/ptII/ptolemy/actor/lib/test/auto/paraFunctest.xml
----------------- Instantiating /home/travis/build/icyphy/ptII/ptolemy/actor/lib/test/auto/paraFunctest.xml
2 ms. Memory: 1782272K Free: 332323K (19%)
----------------- Invoking toplevel() on ptolemy.moml.MoMLSimpleApplication@4955d495
----------------- Done invoking toplevel() on ptolemy.moml.MoMLSimpleApplication@4955d495
reloadAllAccessors: .paraFunctest

===========================================================================================
----------------- testing Sat Feb 16 04:54:57 UTC 2019 /home/travis/build/icyphy/ptII/ptolemy/actor/lib/test/auto/paraFunctest2.xml
----------------- Instantiating /home/travis/build/icyphy/ptII/ptolemy/actor/lib/test/auto/paraFunctest2.xml
1 ms. Memory: 1782272K Free: 311654K (17%)
----------------- Invoking toplevel() on ptolemy.moml.MoMLSimpleApplication@6a9e94c4
----------------- Done invoking toplevel() on ptolemy.moml.MoMLSimpleApplication@6a9e94c4
reloadAllAccessors: .paraFunctest2

===========================================================================================
----------------- testing Sat Feb 16 04:54:57 UTC 2019 /home/travis/build/icyphy/ptII/ptolemy/actor/lib/test/auto/parameterPassing.xml
----------------- Instantiating /home/travis/build/icyphy/ptII/ptolemy/actor/lib/test/auto/parameterPassing.xml
1 ms. Memory: 1782272K Free: 294993K (17%)
----------------- Invoking toplevel() on ptolemy.moml.MoMLSimpleApplication@6467658e
----------------- Done invoking toplevel() on ptolemy.moml.MoMLSimpleApplication@6467658e
reloadAllAccessors: .parameterPassing

===========================================================================================
----------------- testing Sat Feb 16 04:54:57 UTC 2019 /home/travis/build/icyphy/ptII/ptolemy/actor/lib/test/auto/record.xml
----------------- Instantiating /home/travis/build/icyphy/ptII/ptolemy/actor/lib/test/auto/record.xml
2 ms. Memory: 1782272K Free: 274324K (15%)
----------------- Invoking toplevel() on ptolemy.moml.MoMLSimpleApplication@109151f9
----------------- Done invoking toplevel() on ptolemy.moml.MoMLSimpleApplication@109151f9
reloadAllAccessors: .record

===========================================================================================
----------------- testing Sat Feb 16 04:54:57 UTC 2019 /home/travis/build/icyphy/ptII/ptolemy/actor/lib/test/auto/sizedarray1.xml
----------------- Instantiating /home/travis/build/icyphy/ptII/ptolemy/actor/lib/test/auto/sizedarray1.xml
1 ms. Memory: 1782272K Free: 253655K (14%)
----------------- Invoking toplevel() on ptolemy.moml.MoMLSimpleApplication@14a32bb3
----------------- Done invoking toplevel() on ptolemy.moml.MoMLSimpleApplication@14a32bb3
reloadAllAccessors: .sizedarray1

===========================================================================================
----------------- testing Sat Feb 16 04:54:57 UTC 2019 /home/travis/build/icyphy/ptII/ptolemy/actor/lib/test/auto/sizedarray2.xml
----------------- Instantiating /home/travis/build/icyphy/ptII/ptolemy/actor/lib/test/auto/sizedarray2.xml
2 ms. Memory: 1782272K Free: 232986K (13%)
----------------- Invoking toplevel() on ptolemy.moml.MoMLSimpleApplication@41ba182d
----------------- Done invoking toplevel() on ptolemy.moml.MoMLSimpleApplication@41ba182d
reloadAllAccessors: .sizedarray2

===========================================================================================
----------------- testing Sat Feb 16 04:54:57 UTC 2019 /home/travis/build/icyphy/ptII/ptolemy/actor/lib/test/auto/twoPublishers.xml
----------------- Instantiating /home/travis/build/icyphy/ptII/ptolemy/actor/lib/test/auto/twoPublishers.xml
2 ms. Memory: 1782272K Free: 207979K (12%)
----------------- Invoking toplevel() on ptolemy.moml.MoMLSimpleApplication@216b2457
----------------- Done invoking toplevel() on ptolemy.moml.MoMLSimpleApplication@216b2457
reloadAllAccessors: .twoPublishers
AutoTests.java: About to close Vertx.
AutoTests.java: Vertx closed.
]]></system-out>
  <system-err><![CDATA[java.lang.RuntimeException: Execution failed
	at ptolemy.moml.MoMLSimpleApplication$UnloadThread.run(MoMLSimpleApplication.java:402)
Caused by: java.lang.RuntimeException: StringUtilities.exit() was called. Normally, we would exit here because Manager.exitAfterWrapup() was called.  However, because the ptolemy.ptII.exitAfterWrapup property is set, we throw this exception instead.
	at ptolemy.util.StringUtilities.exit(StringUtilities.java:363)
	at ptolemy.actor.Manager.wrapup(Manager.java:1531)
	at ptolemy.actor.Manager.execute(Manager.java:407)
	at ptolemy.actor.Manager.run(Manager.java:1263)
	at ptolemy.actor.Manager$PtolemyRunThread.run(Manager.java:1915)
Warning: '.top.test' is in training mode, set the trainingMode parameter to false before checking in
Warning: '.top.test' is in training mode, set the trainingMode parameter to false before checking in
Warning: '.top.test' is in training mode, set the trainingMode parameter to false before checking in
Warning: '.BooleanSwitch_RegressionTest_WrongTrainingValues.Test' is in training mode, set the trainingMode parameter to false before checking in
Warning: '.BooleanSwitch_RegressionTest_WrongTrainingValues.Test2' is in training mode, set the trainingMode parameter to false before checking in
Warning: '.BooleanSwitch_RegressionTest_WrongTrainingValues.Test2' The test produced 0 tokens.
Warning: '.top.testExceptionHandler' is in training mode, set the trainingMode parameter to false before checking in
java.lang.RuntimeException: Execution failed
	at ptolemy.moml.MoMLSimpleApplication$UnloadThread.run(MoMLSimpleApplication.java:402)
Caused by: ptolemy.kernel.util.IllegalActionException: PublisherPorts cannot be used at the top level, use a Publisher actor instead.
  in .PublisherPortToplevelSubscriber.PublisherPort
	at ptolemy.actor.PublisherPort.preinitialize(PublisherPort.java:403)
	at ptolemy.actor.CompositeActor.preinitialize(CompositeActor.java:1769)
	at ptolemy.actor.Manager.preinitializeAndResolveTypes(Manager.java:1040)
	at ptolemy.actor.Manager.initialize(Manager.java:710)
	at ptolemy.actor.Manager.execute(Manager.java:356)
	at ptolemy.actor.Manager.run(Manager.java:1263)
	at ptolemy.actor.Manager$PtolemyRunThread.run(Manager.java:1915)
java.lang.reflect.InvocationTargetException
	at sun.reflect.NativeConstructorAccessorImpl.newInstance0(Native Method)
	at sun.reflect.NativeConstructorAccessorImpl.newInstance(NativeConstructorAccessorImpl.java:62)
	at sun.reflect.DelegatingConstructorAccessorImpl.newInstance(DelegatingConstructorAccessorImpl.java:45)
	at java.lang.reflect.Constructor.newInstance(Constructor.java:423)
	at ptolemy.util.test.junit.AutoKnownFailedTests.RunModel(AutoKnownFailedTests.java:105)
	at sun.reflect.NativeMethodAccessorImpl.invoke0(Native Method)
	at sun.reflect.NativeMethodAccessorImpl.invoke(NativeMethodAccessorImpl.java:62)
	at sun.reflect.DelegatingMethodAccessorImpl.invoke(DelegatingMethodAccessorImpl.java:43)
	at java.lang.reflect.Method.invoke(Method.java:498)
	at org.junit.runners.model.FrameworkMethod$1.runReflectiveCall(FrameworkMethod.java:44)
	at org.junit.internal.runners.model.ReflectiveCallable.run(ReflectiveCallable.java:15)
	at org.junit.runners.model.FrameworkMethod.invokeExplosively(FrameworkMethod.java:41)
	at junitparams.internal.InvokeParameterisedMethod.evaluate(InvokeParameterisedMethod.java:102)
	at org.junit.internal.runners.statements.FailOnTimeout$1.run(FailOnTimeout.java:28)
Caused by: ptolemy.kernel.util.IllegalActionException: PublisherPorts cannot be used at the top level, use a Publisher actor instead.
  in .PublisherPortToplevelSubscriber.PublisherPort
	at ptolemy.actor.PublisherPort.preinitialize(PublisherPort.java:403)
	at ptolemy.actor.CompositeActor.preinitialize(CompositeActor.java:1769)
	at ptolemy.actor.Manager.preinitializeAndResolveTypes(Manager.java:1040)
	at ptolemy.actor.Manager.initialize(Manager.java:710)
	at ptolemy.actor.Manager.execute(Manager.java:356)
	at ptolemy.actor.Manager.run(Manager.java:1263)
	at ptolemy.actor.Manager$PtolemyRunThread.run(Manager.java:1915)
java.lang.RuntimeException: Execution failed
	at ptolemy.moml.MoMLSimpleApplication$UnloadThread.run(MoMLSimpleApplication.java:402)
Caused by: ptolemy.kernel.util.IllegalActionException: SubscriberPorts cannot be used at the top level, use a Subscriber actor instead.
  in .PublisherSubscriberPortToplevel.SubscriberPort
	at ptolemy.actor.SubscriberPort.preinitialize(SubscriberPort.java:328)
	at ptolemy.actor.CompositeActor.preinitialize(CompositeActor.java:1769)
	at ptolemy.actor.Manager.preinitializeAndResolveTypes(Manager.java:1040)
	at ptolemy.actor.Manager.initialize(Manager.java:710)
	at ptolemy.actor.Manager.execute(Manager.java:356)
	at ptolemy.actor.Manager.run(Manager.java:1263)
	at ptolemy.actor.Manager$PtolemyRunThread.run(Manager.java:1915)
java.lang.reflect.InvocationTargetException
	at sun.reflect.NativeConstructorAccessorImpl.newInstance0(Native Method)
	at sun.reflect.NativeConstructorAccessorImpl.newInstance(NativeConstructorAccessorImpl.java:62)
	at sun.reflect.DelegatingConstructorAccessorImpl.newInstance(DelegatingConstructorAccessorImpl.java:45)
	at java.lang.reflect.Constructor.newInstance(Constructor.java:423)
	at ptolemy.util.test.junit.AutoKnownFailedTests.RunModel(AutoKnownFailedTests.java:105)
	at sun.reflect.NativeMethodAccessorImpl.invoke0(Native Method)
	at sun.reflect.NativeMethodAccessorImpl.invoke(NativeMethodAccessorImpl.java:62)
	at sun.reflect.DelegatingMethodAccessorImpl.invoke(DelegatingMethodAccessorImpl.java:43)
	at java.lang.reflect.Method.invoke(Method.java:498)
	at org.junit.runners.model.FrameworkMethod$1.runReflectiveCall(FrameworkMethod.java:44)
	at org.junit.internal.runners.model.ReflectiveCallable.run(ReflectiveCallable.java:15)
	at org.junit.runners.model.FrameworkMethod.invokeExplosively(FrameworkMethod.java:41)
	at junitparams.internal.InvokeParameterisedMethod.evaluate(InvokeParameterisedMethod.java:102)
	at org.junit.internal.runners.statements.FailOnTimeout$1.run(FailOnTimeout.java:28)
Caused by: ptolemy.kernel.util.IllegalActionException: SubscriberPorts cannot be used at the top level, use a Subscriber actor instead.
  in .PublisherSubscriberPortToplevel.SubscriberPort
	at ptolemy.actor.SubscriberPort.preinitialize(SubscriberPort.java:328)
	at ptolemy.actor.CompositeActor.preinitialize(CompositeActor.java:1769)
	at ptolemy.actor.Manager.preinitializeAndResolveTypes(Manager.java:1040)
	at ptolemy.actor.Manager.initialize(Manager.java:710)
	at ptolemy.actor.Manager.execute(Manager.java:356)
	at ptolemy.actor.Manager.run(Manager.java:1263)
	at ptolemy.actor.Manager$PtolemyRunThread.run(Manager.java:1915)
java.lang.RuntimeException: Execution failed
	at ptolemy.moml.MoMLSimpleApplication$UnloadThread.run(MoMLSimpleApplication.java:402)
Caused by: ptolemy.kernel.util.IllegalActionException: SubscriptionAggregatorPorts cannot be used at the top level, use a SubscriptionAggregator actor instead.
  in .PublisherSubscriptionAggregatorPort.SubscriptionAggregatorPort
	at ptolemy.actor.SubscriptionAggregatorPort.preinitialize(SubscriptionAggregatorPort.java:353)
	at ptolemy.actor.CompositeActor.preinitialize(CompositeActor.java:1769)
	at ptolemy.actor.Manager.preinitializeAndResolveTypes(Manager.java:1040)
	at ptolemy.actor.Manager.initialize(Manager.java:710)
	at ptolemy.actor.Manager.execute(Manager.java:356)
	at ptolemy.actor.Manager.run(Manager.java:1263)
	at ptolemy.actor.Manager$PtolemyRunThread.run(Manager.java:1915)
java.lang.reflect.InvocationTargetException
	at sun.reflect.NativeConstructorAccessorImpl.newInstance0(Native Method)
	at sun.reflect.NativeConstructorAccessorImpl.newInstance(NativeConstructorAccessorImpl.java:62)
	at sun.reflect.DelegatingConstructorAccessorImpl.newInstance(DelegatingConstructorAccessorImpl.java:45)
	at java.lang.reflect.Constructor.newInstance(Constructor.java:423)
	at ptolemy.util.test.junit.AutoKnownFailedTests.RunModel(AutoKnownFailedTests.java:105)
	at sun.reflect.NativeMethodAccessorImpl.invoke0(Native Method)
	at sun.reflect.NativeMethodAccessorImpl.invoke(NativeMethodAccessorImpl.java:62)
	at sun.reflect.DelegatingMethodAccessorImpl.invoke(DelegatingMethodAccessorImpl.java:43)
	at java.lang.reflect.Method.invoke(Method.java:498)
	at org.junit.runners.model.FrameworkMethod$1.runReflectiveCall(FrameworkMethod.java:44)
	at org.junit.internal.runners.model.ReflectiveCallable.run(ReflectiveCallable.java:15)
	at org.junit.runners.model.FrameworkMethod.invokeExplosively(FrameworkMethod.java:41)
	at junitparams.internal.InvokeParameterisedMethod.evaluate(InvokeParameterisedMethod.java:102)
	at org.junit.internal.runners.statements.FailOnTimeout$1.run(FailOnTimeout.java:28)
Caused by: ptolemy.kernel.util.IllegalActionException: SubscriptionAggregatorPorts cannot be used at the top level, use a SubscriptionAggregator actor instead.
  in .PublisherSubscriptionAggregatorPort.SubscriptionAggregatorPort
	at ptolemy.actor.SubscriptionAggregatorPort.preinitialize(SubscriptionAggregatorPort.java:353)
	at ptolemy.actor.CompositeActor.preinitialize(CompositeActor.java:1769)
	at ptolemy.actor.Manager.preinitializeAndResolveTypes(Manager.java:1040)
	at ptolemy.actor.Manager.initialize(Manager.java:710)
	at ptolemy.actor.Manager.execute(Manager.java:356)
	at ptolemy.actor.Manager.run(Manager.java:1263)
	at ptolemy.actor.Manager$PtolemyRunThread.run(Manager.java:1915)
java.lang.RuntimeException: Execution failed
	at ptolemy.moml.MoMLSimpleApplication$UnloadThread.run(MoMLSimpleApplication.java:402)
Caused by: ptolemy.kernel.util.IllegalActionException: TypeTest actor has no training data.
  in .sizedarray3.TypeTest
	at ptolemy.actor.lib.TypeTest.initialize(TypeTest.java:250)
	at ptolemy.actor.Director.initialize(Director.java:938)
	at ptolemy.actor.Director.initialize(Director.java:907)
	at ptolemy.actor.sched.StaticSchedulingDirector.initialize(StaticSchedulingDirector.java:159)
	at ptolemy.domains.sdf.kernel.SDFDirector.initialize(SDFDirector.java:544)
	at ptolemy.actor.CompositeActor.initialize(CompositeActor.java:935)
	at ptolemy.actor.Manager.initialize(Manager.java:724)
	at ptolemy.actor.Manager.execute(Manager.java:356)
	at ptolemy.actor.Manager.run(Manager.java:1263)
	at ptolemy.actor.Manager$PtolemyRunThread.run(Manager.java:1915)
java.lang.reflect.InvocationTargetException
	at sun.reflect.NativeConstructorAccessorImpl.newInstance0(Native Method)
	at sun.reflect.NativeConstructorAccessorImpl.newInstance(NativeConstructorAccessorImpl.java:62)
	at sun.reflect.DelegatingConstructorAccessorImpl.newInstance(DelegatingConstructorAccessorImpl.java:45)
	at java.lang.reflect.Constructor.newInstance(Constructor.java:423)
	at ptolemy.util.test.junit.AutoKnownFailedTests.RunModel(AutoKnownFailedTests.java:105)
	at sun.reflect.NativeMethodAccessorImpl.invoke0(Native Method)
	at sun.reflect.NativeMethodAccessorImpl.invoke(NativeMethodAccessorImpl.java:62)
	at sun.reflect.DelegatingMethodAccessorImpl.invoke(DelegatingMethodAccessorImpl.java:43)
	at java.lang.reflect.Method.invoke(Method.java:498)
	at org.junit.runners.model.FrameworkMethod$1.runReflectiveCall(FrameworkMethod.java:44)
	at org.junit.internal.runners.model.ReflectiveCallable.run(ReflectiveCallable.java:15)
	at org.junit.runners.model.FrameworkMethod.invokeExplosively(FrameworkMethod.java:41)
	at junitparams.internal.InvokeParameterisedMethod.evaluate(InvokeParameterisedMethod.java:102)
	at org.junit.internal.runners.statements.FailOnTimeout$1.run(FailOnTimeout.java:28)
Caused by: ptolemy.kernel.util.IllegalActionException: TypeTest actor has no training data.
  in .sizedarray3.TypeTest
	at ptolemy.actor.lib.TypeTest.initialize(TypeTest.java:250)
	at ptolemy.actor.Director.initialize(Director.java:938)
	at ptolemy.actor.Director.initialize(Director.java:907)
	at ptolemy.actor.sched.StaticSchedulingDirector.initialize(StaticSchedulingDirector.java:159)
	at ptolemy.domains.sdf.kernel.SDFDirector.initialize(SDFDirector.java:544)
	at ptolemy.actor.CompositeActor.initialize(CompositeActor.java:935)
	at ptolemy.actor.Manager.initialize(Manager.java:724)
	at ptolemy.actor.Manager.execute(Manager.java:356)
	at ptolemy.actor.Manager.run(Manager.java:1263)
	at ptolemy.actor.Manager$PtolemyRunThread.run(Manager.java:1915)
]]></system-err>
</testsuite>
