<?xml version="1.0" encoding="UTF-8" ?>
<testsuite errors="0" failures="0" hostname="travis-job-6a982ce5-fb1d-4081-9f46-989bed0af8c8" name="ptolemy.actor.lib.test.junit.JUnitTclTest" skipped="0" tests="517" time="60.767" timestamp="2020-06-21T14:49:51">
  <properties>
    <property name="npm.executable" value="npm" />
    <property name="env.TRAVIS_ROOT" value="/" />
    <property name="ptII.mk.exists" value="true" />
    <property name="env.TRAVIS_APP_HOST" value="build.travis-ci.org" />
    <property name="env.rvm_bin_path" value="/home/travis/.rvm/bin" />
    <property name="java.home" value="/usr/local/lib/jvm/openjdk11" />
    <property name="env.TRAVIS_JOB_NUMBER" value="1669.8" />
    <property name="env.TRAVIS_HOME" value="/home/travis" />
    <property name="env.DISPLAY" value=":99.0" />
    <property name="env.TRAVIS_INIT" value="systemd" />
    <property name="env.SSH_TTY" value="/dev/pts/0" />
    <property name="java.net.preferIPv4Stack" value="true" />
    <property name="env.RUN_TESTS" value="true" />
    <property name="timeout.short" value="1000000" />
    <property name="junit.formatter" value="xml" />
    <property name="env.TRAVIS_SUDO" value="true" />
    <property name="env.TRAVIS_JOB_NAME" value="" />
    <property name="env.TRAVIS_STACK_NODE_ATTRIBUTES" value="/.node-attributes.yml" />
    <property name="env.LOGNAME" value="travis" />
    <property name="env.PT_TRAVIS_TEST_CORE1_XML" value="true" />
    <property name="jsdoc.home" value="node_modules/@terraswarm/jsdoc" />
    <property name="debuglevel" value="source,lines,vars" />
    <property name="checkstyle.formatter" value="xml" />
    <property name="env._system_version" value="16.04" />
    <property name="bin.vergil.makeable" value="true" />
    <property name="sun.os.patch.level" value="unknown" />
    <property name="java.vendor.url" value="http://java.oracle.com/" />
    <property name="env.TRAVIS_BUILD_WEB_URL" value="https://travis-ci.org/icyphy/ptII/builds/700586002" />
    <property name="java.version" value="11.0.2" />
    <property name="env.TZ" value="UTC" />
    <property name="env.TRAVIS_PULL_REQUEST_SHA" value="" />
    <property name="env.PT_NO_NET" value="true" />
    <property name="env.TRAVIS_SECURE_ENV_VARS" value="true" />
    <property name="env._system_type" value="Linux" />
    <property name="java.vendor.url.bug" value="http://bugreport.java.com/bugreport/" />
    <property name="npmjs-org-is-up" value="true" />
    <property name="env.LANGUAGE" value="en_US.UTF-8" />
    <property name="env.SSH_CLIENT" value="10.52.7.34 36758 22" />
    <property name="env.GEM_HOME" value="/home/travis/.rvm/gems/ruby-2.5.3" />
    <property name="env.HAS_ANTARES_THREE_LITTLE_FRONZIES_BADGE" value="true" />
    <property name="java.version.date" value="2019-01-15" />
    <property name="env.PS4" value="+" />
    <property name="ant.project.invoked-targets" value="build,test.core1.xml" />
    <property name="env.TRAVIS_PULL_REQUEST_BRANCH" value="" />
    <property name="env.TRAVIS_REPO_SLUG" value="icyphy/ptII" />
    <property name="env.XDG_DATA_DIRS" value="/usr/local/share:/usr/share:/var/lib/snapd/desktop" />
    <property name="jdk.debug" value="release" />
    <property name="env.TRAVIS_APT_PROXY" value="http://build-cache.travisci.net" />
    <property name="env.TRAVIS_CPU_ARCH" value="amd64" />
    <property name="node.in.path" value="true" />
    <property name="user.name" value="travis" />
    <property name="java.maxmemory" value="1400m" />
    <property name="env.RUBY_VERSION" value="ruby-2.5.3" />
    <property name="env.LANG" value="en_US.UTF-8" />
    <property name="sun.io.unicode.encoding" value="UnicodeLittle" />
    <property name="sun.jnu.encoding" value="UTF-8" />
    <property name="java.runtime.name" value="OpenJDK Runtime Environment" />
    <property name="usefile" value="false" />
    <property name="return.code" value="0" />
    <property name="junit.single.formatter" value="plain" />
    <property name="env.DYLD_LIBRARY_PATH" value="/home/travis/pthla/certi-tools/lib:" />
    <property name="env.DEBIAN_FRONTEND" value="noninteractive" />
    <property name="env.SSH_CONNECTION" value="10.52.7.34 36758 10.20.0.206 22" />
    <property name="env.MYSQL_UNIX_PORT" value="/var/run/mysqld/mysqld.sock" />
    <property name="env.LC_ALL" value="en_US.UTF-8" />
    <property name="env.TRAVIS_ALLOW_FAILURE" value="" />
    <property name="env.TRAVIS_JOB_WEB_URL" value="https://travis-ci.org/icyphy/ptII/jobs/700586010" />
    <property name="java.specification.name" value="Java Platform API Specification" />
    <property name="node.works" value="true" />
    <property name="user.timezone" value="" />
    <property name="path.separator" value=":" />
    <property name="env.TRAVIS_ENABLE_INFRA_DETECTION" value="true" />
    <property name="env.PYTHON_CFLAGS" value="-g -fstack-protector --param=ssp-buffer-size=4 -Wformat -Werror=format-security" />
    <property name="timeout.long" value="4000000" />
    <property name="env.CERTI_HOME" value="/home/travis/pthla/certi-tools" />
    <property name="ant.file.ptII" value="/home/travis/build/icyphy/ptII/build.xml" />
    <property name="javadoc.packagenames" value="com.*,diva.*,lbnl.*,org.hlacerti.*,org.json.*,org.ptolemy.*,org.terraswarm.*,ptolemy.*,ptserver.*" />
    <property name="file.encoding" value="UTF-8" />
    <property name="env.TRAVIS_PULL_REQUEST_SLUG" value="" />
    <property name="ant.project.default-target" value="build" />
    <property name="env.GIT_ASKPASS" value="echo" />
    <property name="env.HOME" value="/home/travis" />
    <property name="sun.java.command" value="org.apache.tools.ant.taskdefs.optional.junit.JUnitTestRunner ptolemy.actor.lib.test.junit.JUnitTclTest skipNonTests=false filtertrace=true haltOnError=false haltOnFailure=false formatter=org.apache.tools.ant.taskdefs.optional.junit.OutErrSummaryJUnitResultFormatter showoutput=true outputtoformatters=true logfailedtests=true threadid=0 logtestlistenerevents=false formatter=org.apache.tools.ant.taskdefs.optional.junit.XMLJUnitResultFormatter,/home/travis/build/icyphy/ptII/reports/junit/TEST-ptolemy.actor.lib.test.junit.JUnitTclTest.xml crashfile=/home/travis/build/icyphy/ptII/junitvmwatcher3618404688107631533.properties propsfile=/home/travis/build/icyphy/ptII/junit10593581130324118154.properties" />
    <property name="env.COMPOSER_NO_INTERACTION" value="1" />
    <property name="env.MANPATH" value="/home/travis/.nvm/versions/node/v7.10.1/share/man:/home/travis/.rvm/rubies/ruby-2.5.3/share/man:/usr/local/cmake-3.12.4/man:/usr/local/clang-7.0.0/share/man:/usr/local/man:/usr/local/share/man:/usr/share/man:/home/travis/.rvm/man" />
    <property name="env.TRAVIS_TIMER_ID" value="1a9c9f34" />
    <property name="ant.file" value="/home/travis/build/icyphy/ptII/build.xml" />
    <property name="env.TRAVIS_COMMIT_RANGE" value="3e950cfe0f3c004454147d0a7dfedd7f8d8e77cc...52bfcaaec950ad6b43d11ffdb9cd3f924b0c1f76" />
    <property name="env._system_name" value="Ubuntu" />
    <property name="ptII.classpath.optional.property" value="/home/travis/build/icyphy/ptII/lib/bsh-2.0b4.jar:/home/travis/build/icyphy/ptII/lib/ptCal.jar:/home/travis/build/icyphy/ptII/lib/java_cup.jar:/home/travis/build/icyphy/ptII/lib/saxon8.jar:/home/travis/build/icyphy/ptII/lib/saxon8-dom.jar:/home/travis/build/icyphy/ptII/lib/chic.jar:/home/travis/build/icyphy/ptII/lib/ptcolt.jar:/home/travis/build/icyphy/ptII/vendors/misc/itext/iText.jar:/home/travis/build/icyphy/ptII/lib/g4ltl.jar:/home/travis/build/icyphy/ptII/lib/StructuralCoder.jar:/home/travis/build/icyphy/ptII/lib/jcerti.jar:/home/travis/build/icyphy/ptII/lib/javax.mail.jar:/home/travis/build/icyphy/ptII/vendors/JMF-2.1.1e/lib/jmf.jar:/home/travis/build/icyphy/ptII/lib/jna-4.0.0-variadic.jar:/home/travis/build/icyphy/ptII/vendors/misc/joystick/Joystick.jar:/home/travis/build/icyphy/ptII/lib/ptjacl.jar:/home/travis/build/icyphy/ptII/lib/jsoup-1.8.2.jar:/home/travis/build/icyphy/ptII/lib/junit-4.8.2.jar:/home/travis/build/icyphy/ptII/lib/JUnitParams-0.4.0.jar:/home/travis/build/icyphy/ptII/ptolemy/actor/lib/excel/jxl.jar:/home/travis/build/icyphy/ptII/lib/jython.jar:/home/travis/build/icyphy/ptII/lib/kieler.jar:/home/travis/build/icyphy/ptII/vendors/opencv/share/OpenCV/java/opencv-341.jar:/home/travis/build/icyphy/ptII/lib/oscP5.jar:/home/travis/build/icyphy/ptII/lib/nrjavaserial-3.11.0.devel.jar:/home/travis/build/icyphy/ptII/vendors/j3d/lib/Linux/j3dcore.jar:/home/travis/build/icyphy/ptII/vendors/j3d/lib/Linux/j3dutils.jar:/home/travis/build/icyphy/ptII/vendors/j3d/lib/Linux/vecmath.jar:/home/travis/build/icyphy/ptII/vendors/jogl/lib/Linux/gluegen-rt-natives-linux-amd64.jar:/home/travis/build/icyphy/ptII/vendors/jogl/lib/Linux/gluegen-rt.jar:/home/travis/build/icyphy/ptII/vendors/jogl/lib/Linux/jogl-all-natives-linux-amd64.jar:/home/travis/build/icyphy/ptII/vendors/jogl/lib/Linux/jogl-all.jar:/home/travis/build/icyphy/ptII/ptolemy/distributed/jini/jar/jini-core.jar:/home/travis/build/icyphy/ptII/ptolemy/distributed/jini/jar/jini-ext.jar:/home/travis/build/icyphy/ptII/ptolemy/distributed/jini/jar/sun-util.jar:/home/travis/build/icyphy/ptII/lib/protobuf-java-2.4.1.jar:/home/travis/build/icyphy/ptII/lib/org.eclipse.paho.client.mqttv3.jar:/home/travis/build/icyphy/ptII/lib/mapss.jar:/home/travis/build/icyphy/ptII/ptolemy/actor/ptalon/antlr/antlr.jar:/home/travis/build/icyphy/ptII/lib/JRI.jar:/home/travis/build/icyphy/ptII/lib/commons-lang-2.6.jar:/home/travis/build/icyphy/ptII/lib/commons-logging-1.1.1.jar:/home/travis/build/icyphy/ptII/lib/sootclasses.jar:/home/travis/build/icyphy/ptII/ptolemy/actor/lib/database/mysql-connector-java-5.1.6-bin.jar:/home/travis/build/icyphy/ptII/vendors/misc/sphinx4/sphinx4-data-5prealpha.jar:/home/travis/build/icyphy/ptII/vendors/misc/sphinx4/sphinx4-core-5prealpha.jar:/home/travis/build/icyphy/ptII/lib/PDFRenderer.jar:/home/travis/build/icyphy/ptII/lib/svgSalamander.jar:/home/travis/build/icyphy/ptII/lib/rsyntaxtextarea-2.6.0-SNAPSHOT.jar:/home/travis/build/icyphy/ptII/lib/hazelcast-3.8.2.jar:/home/travis/build/icyphy/ptII/lib/jackson-annotations-2.9.0.jar:/home/travis/build/icyphy/ptII/lib/jackson-core-2.9.3.jar:/home/travis/build/icyphy/ptII/lib/jackson-databind-2.9.3.jar:/home/travis/build/icyphy/ptII/lib/netty-buffer-4.1.19.Final.jar:/home/travis/build/icyphy/ptII/lib/netty-codec-4.1.19.Final.jar:/home/travis/build/icyphy/ptII/lib/netty-codec-dns-4.1.19.Final.jar:/home/travis/build/icyphy/ptII/lib/netty-codec-http-4.1.19.Final.jar:/home/travis/build/icyphy/ptII/lib/netty-codec-http2-4.1.19.Final.jar:/home/travis/build/icyphy/ptII/lib/netty-common-4.1.19.Final.jar:/home/travis/build/icyphy/ptII/lib/netty-handler-4.1.19.Final.jar:/home/travis/build/icyphy/ptII/lib/netty-resolver-4.1.19.Final.jar:/home/travis/build/icyphy/ptII/lib/netty-resolver-dns-4.1.19.Final.jar:/home/travis/build/icyphy/ptII/lib/netty-transport-4.1.19.Final.jar:/home/travis/build/icyphy/ptII/lib/vertx-codegen-3.5.1.jar:/home/travis/build/icyphy/ptII/lib/vertx-core-3.5.2-SNAPSHOT.jar:/home/travis/build/icyphy/ptII/lib/vertx-hazelcast-3.5.1.jar:/home/travis/build/icyphy/ptII/lib/vertx-lang-js-3.5.1.jar:/home/travis/build/icyphy/ptII/lib/vertx-service-proxy-3.5.1.jar:/home/travis/build/icyphy/ptII/lib/vertx-web-3.5.1.jar:/home/travis/build/icyphy/ptII/lib/slf4j-api-1.7.13.jar:/home/travis/build/icyphy/ptII/lib/slf4j-simple-1.7.13.jar:/home/travis/build/icyphy/ptII/lib/webcam-capture-0.3.12.jar:/home/travis/build/icyphy/ptII/lib/bridj-0.7.0.jar:/home/travis/build/icyphy/ptII/lib/xbjlib-1.1.0.nrjavaserial.jar" />
    <property name="timeout" value="2400000" />
    <property name="test.batch" value="**/junit/*.java" />
    <property name="env._" value="/usr/bin/timeout" />
    <property name="java.io.tmpdir" value="/tmp" />
    <property name="user.language" value="en" />
    <property name="env.TRAVIS_INTERNAL_RUBY_REGEX" value="^ruby-(2\.[0-4]\.[0-9]|1\.9\.3)" />
    <property name="env.HISTCONTROL" value="ignoredups:ignorespace" />
    <property name="env.GOROOT" value="/home/travis/.gimme/versions/go1.11.1.linux.amd64" />
    <property name="line.separator" value="&#xa;" />
    <property name="target" value="11" />
    <property name="env.TRAVIS_BUILD_DIR" value="/home/travis/build/icyphy/ptII" />
    <property name="env.ANT_OPTS" value="-Xmx2048m" />
    <property name="ant.file.type" value="file" />
    <property name="ptolemy.ptII.batchMode" value="true" />
    <property name="env.HISTSIZE" value="1000" />
    <property name="env.MERB_ENV" value="test" />
    <property name="java.vm.info" value="mixed mode" />
    <property name="source" value="11" />
    <property name="java.vm.specification.name" value="Java Virtual Machine Specification" />
    <property name="env.TRAVIS_TEST_RESULT" value="0" />
    <property name="jsdoc.command" value="node_modules/@terraswarm/jsdoc/jsdoc.js" />
    <property name="npm.works" value="true" />
    <property name="cobertura.dir" value="/home/travis/build/icyphy/ptII/vendors/cobertura-2.0.3" />
    <property name="jsdoc.command.exists" value="true" />
    <property name="env.rvm_path" value="/home/travis/.rvm" />
    <property name="env.GEM_PATH" value="/home/travis/.rvm/gems/ruby-2.5.3:/home/travis/.rvm/gems/ruby-2.5.3@global" />
    <property name="env.LC_CTYPE" value="en_US.UTF-8" />
    <property name="env.TRAVIS_CMD" value="$PTII/bin/ptIITravisBuild.sh $SECONDS" />
    <property name="java.awt.printerjob" value="sun.print.PSPrinterJob" />
    <property name="env.TRAVIS_STACK_NAME" value="sardonyx" />
    <property name="env.TRAVIS_TIMER_START_TIME" value="1592750339389105862" />
    <property name="ant.version" value="Apache Ant(TM) version 1.10.1 compiled on February 2 2017" />
    <property name="ptII.reports" value="/home/travis/build/icyphy/ptII/reports" />
    <property name="env.TRAVIS_STACK_TIMESTAMP" value="2019-03-25 16:16:56 UTC" />
    <property name="ant.file.type.ptII" value="file" />
    <property name="env.RBENV_SHELL" value="bash" />
    <property name="os.name" value="Linux" />
    <property name="java.specification.vendor" value="Oracle Corporation" />
    <property name="env.rvm_version" value="1.29.7 (latest)" />
    <property name="env.TRAVIS_INFRA" value="unknown" />
    <property name="env.TERM" value="xterm" />
    <property name="java.vm.name" value="OpenJDK 64-Bit Server VM" />
    <property name="env.TRAVIS_BUILD_NUMBER" value="1669" />
    <property name="env.CI" value="true" />
    <property name="java.library.path" value="/home/travis/pthla/certi-tools/lib:/usr/lib/jni:/usr/local/share/OpenCV/java/:/usr/share/OpenCV/java::/usr/java/packages/lib:/usr/lib64:/lib64:/lib:/usr/lib" />
    <property name="jdk.module.path" value="/home/travis/build/icyphy/ptII/vendors/javafx/javafx-sdk-11.0.2/lib:" />
    <property name="env.rvm_prefix" value="/home/travis" />
    <property name="env.PATH" value="/home/travis/pthla/certi-tools/share/scripts:/home/travis/.rvm/gems/ruby-2.5.3/bin:/home/travis/.rvm/gems/ruby-2.5.3@global/bin:/home/travis/.rvm/rubies/ruby-2.5.3/bin:/home/travis/.rvm/bin:/home/travis/.nvm/versions/node/v7.10.1/bin:./node_modules/.bin:/home/travis/build/icyphy/ptII/bin:/home/travis/pthla/certi-tools/bin:/home/travis/bin:/home/travis/.local/bin:/usr/local/lib/jvm/openjdk11/bin:/opt/pyenv/shims:/home/travis/.phpenv/shims:/home/travis/perl5/perlbrew/bin:/home/travis/gopath/bin:/home/travis/.gimme/versions/go1.11.1.linux.amd64/bin:/usr/local/maven-3.6.0/bin:/usr/local/cmake-3.12.4/bin:/usr/local/clang-7.0.0/bin:/usr/local/sbin:/usr/local/bin:/usr/sbin:/usr/bin:/sbin:/bin:/snap/bin:/home/travis/.phpenv/bin:/opt/pyenv/bin:/home/travis/.yarn/bin" />
    <property name="env.TRAVIS_OS_NAME" value="linux" />
    <property name="ant.java.version" value="9" />
    <property name="basedir" value="/home/travis/build/icyphy/ptII" />
    <property name="java.class.version" value="55.0" />
    <property name="env.SHLVL" value="3" />
    <property name="env.LD_LIBRARY_PATH" value="/home/travis/pthla/certi-tools/lib:/usr/lib/jni:/usr/local/share/OpenCV/java/:/usr/share/OpenCV/java:" />
    <property name="env.RACK_ENV" value="test" />
    <property name="ant.home" value="/home/travis/build/icyphy/ptII/ant" />
    <property name="env.NVM_DIR" value="/home/travis/.nvm" />
    <property name="env.CERTI_FOM_PATH" value="/home/travis/pthla/certi-tools/share/federations" />
    <property name="env.TRAVIS_BUILD_ID" value="700586002" />
    <property name="env.PYENV_ROOT" value="/opt/pyenv" />
    <property name="env.TRAVIS_UID" value="2000" />
    <property name="prism.verbose" value="true" />
    <property name="env.NVM_BIN" value="/home/travis/.nvm/versions/node/v7.10.1/bin" />
    <property name="env.TRAVIS_COMMIT" value="52bfcaaec950ad6b43d11ffdb9cd3f924b0c1f76" />
    <property name="env._system_arch" value="x86_64" />
    <property name="node.executable" value="node" />
    <property name="sun.boot.library.path" value="/usr/local/lib/jvm/openjdk11/lib" />
    <property name="sun.management.compiler" value="HotSpot 64-Bit Tiered Compilers" />
    <property name="java.awt.graphicsenv" value="sun.awt.X11GraphicsEnvironment" />
    <property name="env.GOPATH" value="/home/travis/gopath" />
    <property name="ptolemy.ptII.dir" value="/home/travis/build/icyphy/ptII" />
    <property name="env.USER" value="travis" />
    <property name="env.HISTFILESIZE" value="2000" />
    <property name="env.NVM_INC" value="/home/travis/.nvm/versions/node/v7.10.1/include/node" />
    <property name="timeout.longest" value="19000000" />
    <property name="env.PERLBREW_SHELLRC_VERSION" value="0.86" />
    <property name="env.TRAVIS_STACK_FEATURES" value="basic couchdb disabled-ipv6 docker docker-compose elasticsearch firefox go-toolchain google-chrome jdk memcached mongodb mysql nodejs_interpreter perl_interpreter perlbrew phantomjs postgresql python_interpreter redis ruby_interpreter sqlite xserver" />
    <property name="env.TRAVIS_PULL_REQUEST" value="false" />
    <property name="env.PYENV_SHELL" value="bash" />
    <property name="ant.project.name" value="ptII" />
    <property name="env.ANSI_RESET" value="\033[0m" />
    <property name="java.vm.specification.version" value="11" />
    <property name="env.TRAVIS_DIST" value="xenial" />
    <property name="env.CERTI_VERSION" value="4.0.0" />
    <property name="env.CERTI_HOST" value="localhost" />
    <property name="awt.toolkit" value="sun.awt.X11.XToolkit" />
    <property name="env.MY_RUBY_HOME" value="/home/travis/.rvm/rubies/ruby-2.5.3" />
    <property name="sun.cpu.isalist" value="" />
    <property name="env.TRAVIS_TMPDIR" value="/tmp/tmp.vHRRKyXHYu" />
    <property name="java.vm.compressedOopsMode" value="Zero based" />
    <property name="os.version" value="4.15.0-1028-gcp" />
    <property name="user.home" value="/home/travis" />
    <property name="java.vm.vendor" value="Oracle Corporation" />
    <property name="env.TRAVIS_TAG" value="nightly" />
    <property name="env.ANSI_YELLOW" value="\033[33;1m" />
    <property name="env.TRAVIS_FILTERED" value="redirect_io" />
    <property name="env.ANSI_GREEN" value="\033[32;1m" />
    <property name="env.JAVA_HOME" value="/usr/local/lib/jvm/openjdk11" />
    <property name="javadoc.excludepackagenames" value="adm.cvs2svn.*,build.*,config.*,doc.coding.templates.*,jni.test.jni.meaningOfLife.*,jni.test.jni.testDeux.*,jni.test.jni.testTrois.*,org.terraswarm.accessor.accessors.web.node_modules.*,org.terraswarm.accessor.accessors.web.hosts.cordova.demo.*,org.terraswarm.accessor.accessors.web.hosts.cordova.plugins.*,org.terraswarm.accessor.accessors-svn.*,pt-modules.*,ptolemy.apps.agilent.*,ptolemy.apps.anytimecontrol.*,ptolemy.apps.apes.*,ptolemy.apps.charon.*,ptolemy.apps.crazyboard.*,ptolemy.apps.eclipse.*,ptolemy.apps.etherealSting.*,ptolemy.apps.fullscreen.*,ptolemy.apps.giotto.*,ptolemy.apps.ia.*,ptolemy.apps.interfaces.*,ptolemy.apps.jmf.*,ptolemy.apps.kurt.*,ptolemy.apps.kvm.*,ptolemy.apps.lego.*,ptolemy.apps.lejos.*,ptolemy.apps.midp.*,ptolemy.apps.mobileCoding.*,ptolemy.apps.pendulum.*,ptolemy.apps.rijndael.*,ptolemy.apps.robot.*,ptolemy.apps.security.*,ptolemy.apps.sobel.*,ptolemy.apps.soot.*,ptolemy.apps.throttle.*,ptolemy.apps.tini.*,ptolemy.apps.transmission.*,ptolemy.apps.vergil.*,ptolemy.apps.waba.*,ptolemy.apps.websensor.*,ptolemy.apps.webstart.*,ptolemy.apps.xsl.*,ptolemy.apps.zaurus.*,ptolemy.codegen.c.actor.lib.oldJavaFiles.*,ptolemy.codegen.dsp.lib.*,ptolemy.codegen.kernel.newInterfaces.*,ptolemy.codegen.lib.*,ptolemy.copernicus.kernel.fragment.*,ptolemy.copernicus.shallow.cg.*,ptolemy.domains.giotto.demo.Hierarchy.Hierarchy.*,ptolemy.domains.giotto.demo.Multimode.Multimode.*,ptolemy.domains.giotto.demo.Simple.Simple.*,ptolemy.domains.gr.lib.experimental.*,ptolemy.domains.gro.*,ptolemy.domains.pdf.*,ptolemy.domains.ptinyos.demo.Surge.output.*,ptolemy.moml.test.NoPackageActor.java*,ptolemy.plot.adm.*,ptolemy.plot.servlet.*,reports.*,signed.*,src.*,target.*,vendors.*,ptolemy.copernicus.applet.*,ptolemy.media.viewer.*,ptolemy.actor.corba.*,doc.doclets.*,ptolemy.apps.eclipse.awt.*,ptolemy.backtrack.*,ptolemy.backtrack.ast.*,ptolemy.cg.adapter.generic.program.procedural.c.mbed*,ptolemy.homer.*,ptolemy.actor.lib.jai.*,org.ptolemy.scala.*,diva.util.java2d.svg.*,ptolemy.domains.ptinyos.*,ptolemy.actor.lib.fmi.fmipp.*,,org.terraswarm.accessor.accessors.web.node_modules.*,org.terraswarm.accessor.accessors-svn,ptolemy.apps.*,ptolemy.actor.ptalon.demo.ptinyos.SendAndReceiveCnt.output,ptolemy.actor.ptalon.demo.ptinyos.SenseToLeds.output,ptolemy.domains.ptinyos.demo.CntToLedsAndRfm.output,ptolemy.domains.ptinyos.demo.RfmToLeds.output,ptolemy.domains.ptinyos.demo.SendAndReceiveCnt.output,ptolemy.domains.ptinyos.demo.SenseToLeds.output,ptolemy.actor.lib.jjs.modules.udpSocket.*" />
    <property name="env.PTII" value="/home/travis/build/icyphy/ptII" />
    <property name="env.XDG_SESSION_ID" value="2" />
    <property name="keystore" value="ptKeystore" />
    <property name="env.TRAVIS_COMMIT_MESSAGE" value="Updating models using array data type." />
    <property name="junit.output.dir" value="/home/travis/build/icyphy/ptII/reports/junit" />
    <property name="npm.return.code" value="0" />
    <property name="user.dir" value="/home/travis/build/icyphy/ptII/ptolemy/actor/lib/test" />
    <property name="env.TRAVIS_NODE_VERSION" value="7" />
    <property name="env.TRAVIS_EVENT_TYPE" value="cron" />
    <property name="env.MAIL" value="/var/mail/travis" />
    <property name="env.PERLBREW_ROOT" value="/home/travis/perl5/perlbrew" />
    <property name="env.PWD" value="/home/travis/build/icyphy/ptII" />
    <property name="timeout.npm" value="45000" />
    <property name="env.TRAVIS_ARCH" value="amd64" />
    <property name="sun.cpu.endian" value="little" />
    <property name="env.PAGER" value="cat" />
    <property name="env.TRAVIS_BUILD_STAGE_NAME" value="test" />
    <property name="env.PERLBREW_HOME" value="/home/travis/.perlbrew" />
    <property name="java.vm.version" value="11.0.2+9" />
    <property name="env.RAILS_ENV" value="test" />
    <property name="java.class.path" value="/home/travis/.ptolemyII:/home/travis/.ptolemyII/*:/home/travis/build/icyphy/ptII:/home/travis/build/icyphy/ptII/lib/bsh-2.0b4.jar:/home/travis/build/icyphy/ptII/lib/ptCal.jar:/home/travis/build/icyphy/ptII/lib/java_cup.jar:/home/travis/build/icyphy/ptII/lib/saxon8.jar:/home/travis/build/icyphy/ptII/lib/saxon8-dom.jar:/home/travis/build/icyphy/ptII/lib/chic.jar:/home/travis/build/icyphy/ptII/lib/ptcolt.jar:/home/travis/build/icyphy/ptII/vendors/misc/itext/iText.jar:/home/travis/build/icyphy/ptII/lib/g4ltl.jar:/home/travis/build/icyphy/ptII/lib/StructuralCoder.jar:/home/travis/build/icyphy/ptII/lib/jcerti.jar:/home/travis/build/icyphy/ptII/lib/javax.mail.jar:/home/travis/build/icyphy/ptII/vendors/JMF-2.1.1e/lib/jmf.jar:/home/travis/build/icyphy/ptII/lib/jna-4.0.0-variadic.jar:/home/travis/build/icyphy/ptII/vendors/misc/joystick/Joystick.jar:/home/travis/build/icyphy/ptII/lib/ptjacl.jar:/home/travis/build/icyphy/ptII/lib/jsoup-1.8.2.jar:/home/travis/build/icyphy/ptII/lib/junit-4.8.2.jar:/home/travis/build/icyphy/ptII/lib/JUnitParams-0.4.0.jar:/home/travis/build/icyphy/ptII/ptolemy/actor/lib/excel/jxl.jar:/home/travis/build/icyphy/ptII/lib/jython.jar:/home/travis/build/icyphy/ptII/lib/kieler.jar:/home/travis/build/icyphy/ptII/vendors/opencv/share/OpenCV/java/opencv-341.jar:/home/travis/build/icyphy/ptII/lib/oscP5.jar:/home/travis/build/icyphy/ptII/lib/nrjavaserial-3.11.0.devel.jar:/home/travis/build/icyphy/ptII/vendors/j3d/lib/Linux/j3dcore.jar:/home/travis/build/icyphy/ptII/vendors/j3d/lib/Linux/j3dutils.jar:/home/travis/build/icyphy/ptII/vendors/j3d/lib/Linux/vecmath.jar:/home/travis/build/icyphy/ptII/vendors/jogl/lib/Linux/gluegen-rt-natives-linux-amd64.jar:/home/travis/build/icyphy/ptII/vendors/jogl/lib/Linux/gluegen-rt.jar:/home/travis/build/icyphy/ptII/vendors/jogl/lib/Linux/jogl-all-natives-linux-amd64.jar:/home/travis/build/icyphy/ptII/vendors/jogl/lib/Linux/jogl-all.jar:/home/travis/build/icyphy/ptII/ptolemy/distributed/jini/jar/jini-core.jar:/home/travis/build/icyphy/ptII/ptolemy/distributed/jini/jar/jini-ext.jar:/home/travis/build/icyphy/ptII/ptolemy/distributed/jini/jar/sun-util.jar:/home/travis/build/icyphy/ptII/lib/protobuf-java-2.4.1.jar:/home/travis/build/icyphy/ptII/lib/org.eclipse.paho.client.mqttv3.jar:/home/travis/build/icyphy/ptII/lib/mapss.jar:/home/travis/build/icyphy/ptII/ptolemy/actor/ptalon/antlr/antlr.jar:/home/travis/build/icyphy/ptII/lib/JRI.jar:/home/travis/build/icyphy/ptII/lib/commons-lang-2.6.jar:/home/travis/build/icyphy/ptII/lib/commons-logging-1.1.1.jar:/home/travis/build/icyphy/ptII/lib/sootclasses.jar:/home/travis/build/icyphy/ptII/ptolemy/actor/lib/database/mysql-connector-java-5.1.6-bin.jar:/home/travis/build/icyphy/ptII/vendors/misc/sphinx4/sphinx4-data-5prealpha.jar:/home/travis/build/icyphy/ptII/vendors/misc/sphinx4/sphinx4-core-5prealpha.jar:/home/travis/build/icyphy/ptII/lib/PDFRenderer.jar:/home/travis/build/icyphy/ptII/lib/svgSalamander.jar:/home/travis/build/icyphy/ptII/lib/rsyntaxtextarea-2.6.0-SNAPSHOT.jar:/home/travis/build/icyphy/ptII/lib/hazelcast-3.8.2.jar:/home/travis/build/icyphy/ptII/lib/jackson-annotations-2.9.0.jar:/home/travis/build/icyphy/ptII/lib/jackson-core-2.9.3.jar:/home/travis/build/icyphy/ptII/lib/jackson-databind-2.9.3.jar:/home/travis/build/icyphy/ptII/lib/netty-buffer-4.1.19.Final.jar:/home/travis/build/icyphy/ptII/lib/netty-codec-4.1.19.Final.jar:/home/travis/build/icyphy/ptII/lib/netty-codec-dns-4.1.19.Final.jar:/home/travis/build/icyphy/ptII/lib/netty-codec-http-4.1.19.Final.jar:/home/travis/build/icyphy/ptII/lib/netty-codec-http2-4.1.19.Final.jar:/home/travis/build/icyphy/ptII/lib/netty-common-4.1.19.Final.jar:/home/travis/build/icyphy/ptII/lib/netty-handler-4.1.19.Final.jar:/home/travis/build/icyphy/ptII/lib/netty-resolver-4.1.19.Final.jar:/home/travis/build/icyphy/ptII/lib/netty-resolver-dns-4.1.19.Final.jar:/home/travis/build/icyphy/ptII/lib/netty-transport-4.1.19.Final.jar:/home/travis/build/icyphy/ptII/lib/vertx-codegen-3.5.1.jar:/home/travis/build/icyphy/ptII/lib/vertx-core-3.5.2-SNAPSHOT.jar:/home/travis/build/icyphy/ptII/lib/vertx-hazelcast-3.5.1.jar:/home/travis/build/icyphy/ptII/lib/vertx-lang-js-3.5.1.jar:/home/travis/build/icyphy/ptII/lib/vertx-service-proxy-3.5.1.jar:/home/travis/build/icyphy/ptII/lib/vertx-web-3.5.1.jar:/home/travis/build/icyphy/ptII/lib/slf4j-api-1.7.13.jar:/home/travis/build/icyphy/ptII/lib/slf4j-simple-1.7.13.jar:/home/travis/build/icyphy/ptII/lib/webcam-capture-0.3.12.jar:/home/travis/build/icyphy/ptII/lib/bridj-0.7.0.jar:/home/travis/build/icyphy/ptII/lib/xbjlib-1.1.0.nrjavaserial.jar:/home/travis/build/icyphy/ptII/ptolemy/moml/test:/home/travis/build/icyphy/ptII/ant/lib/ant-launcher.jar:/home/travis/build/icyphy/ptII/ant/lib/ant.jar:/home/travis/build/icyphy/ptII/ant/lib/ant-junit.jar:/home/travis/build/icyphy/ptII/ant/lib/ant-junit4.jar" />
    <property name="ant.library.dir" value="/home/travis/build/icyphy/ptII/ant/lib" />
    <property name="os.arch" value="amd64" />
    <property name="env.CONTINUOUS_INTEGRATION" value="true" />
    <property name="env.TRAVIS_LANGUAGE" value="node_js" />
    <property name="env.TRAVIS_STACK_LANGUAGES" value="__sardonyx__ c c++ clojure cplusplus cpp default generic go groovy java node_js php pure_java python ruby scala" />
    <property name="test.name" value="ptolemy.actor.lib.test.junit.JUnitTclTest" />
    <property name="env.APT_KEY_DONT_WARN_ON_DANGEROUS_USAGE" value="1" />
    <property name="sun.java.launcher" value="SUN_STANDARD" />
    <property name="env.PYTHON_CONFIGURE_OPTS" value="--enable-unicode=ucs4 --with-wide-unicode --enable-shared --enable-ipv6 --enable-loadable-sqlite-extensions --with-computed-gotos" />
    <property name="ant.core.lib" value="/home/travis/build/icyphy/ptII/ant/lib/ant.jar" />
    <property name="java.vm.specification.vendor" value="Oracle Corporation" />
    <property name="env.BCVTB_HOME" value="/home/travis/build/icyphy/ptII/lbnl" />
    <property name="file.separator" value="/" />
    <property name="spotbugs.home" value="/home/travis/build/icyphy/ptII/vendors/spotbugs-3.1.1" />
    <property name="java.runtime.version" value="11.0.2+9" />
    <property name="env.ANSI_CLEAR" value="\033[0K" />
    <property name="javafx.verbose" value="true" />
    <property name="env.HAS_JOSH_K_SEAL_OF_APPROVAL" value="true" />
    <property name="env.XDG_RUNTIME_DIR" value="/run/user/2000" />
    <property name="env.TRAVIS_OSX_IMAGE" value="" />
    <property name="env.TRAVIS_JOB_ID" value="700586010" />
    <property name="env.TRAVIS_BRANCH" value="master" />
    <property name="user.country" value="US" />
    <property name="env.CERTI_HOME_TRAVIS" value="/home/travis/pthla/certi-tools" />
    <property name="env.SHELL" value="/bin/bash" />
    <property name="java.maxmemory.large" value="3200m" />
    <property name="model" value="" />
    <property name="env.CASHER_DIR" value="/home/travis/.casher" />
    <property name="env.NVM_CD_FLAGS" value="" />
    <property name="java.vendor.version" value="18.9" />
    <property name="jshint.executable" value="/home/travis/node_modules/jshint/bin/jshint" />
    <property name="env.JRUBY_OPTS" value=" --client -J-XX:+TieredCompilation -J-XX:TieredStopAtLevel=1 -J-Xss2m -Xcompile.invokedynamic=false" />
    <property name="java.vendor" value="Oracle Corporation" />
    <property name="env.TRAVIS_PRE_CHEF_BOOTSTRAP_TIME" value="2019-03-25T16:16:42" />
    <property name="env.TRAVIS_STACK_JOB_BOARD_REGISTER" value="/.job-board-register.yml" />
    <property name="env.ANSI_RED" value="\033[31;1m" />
    <property name="java.specification.version" value="11" />
    <property name="env.IRBRC" value="/home/travis/.rvm/rubies/ruby-2.5.3/.irbrc" />
    <property name="env.TRAVIS" value="true" />
    <property name="sun.arch.data.model" value="64" />
  </properties>
  <testcase classname="ptolemy.util.test.junit.TclTests" name="[0] /home/travis/build/icyphy/ptII/ptolemy/actor/lib/test/AbsoluteValue.tcl (RunTclFile)" time="0.616" />
  <testcase classname="ptolemy.util.test.junit.TclTests" name="[1] /home/travis/build/icyphy/ptII/ptolemy/actor/lib/test/AddSubtract.tcl (RunTclFile)" time="0.206" />
  <testcase classname="ptolemy.util.test.junit.TclTests" name="[2] /home/travis/build/icyphy/ptII/ptolemy/actor/lib/test/Average.tcl (RunTclFile)" time="0.061" />
  <testcase classname="ptolemy.util.test.junit.TclTests" name="[3] /home/travis/build/icyphy/ptII/ptolemy/actor/lib/test/Bernoulli.tcl (RunTclFile)" time="0.045" />
  <testcase classname="ptolemy.util.test.junit.TclTests" name="[4] /home/travis/build/icyphy/ptII/ptolemy/actor/lib/test/Clock.tcl (RunTclFile)" time="0.123" />
  <testcase classname="ptolemy.util.test.junit.TclTests" name="[5] /home/travis/build/icyphy/ptII/ptolemy/actor/lib/test/Commutator.tcl (RunTclFile)" time="0.122" />
  <testcase classname="ptolemy.util.test.junit.TclTests" name="[6] /home/travis/build/icyphy/ptII/ptolemy/actor/lib/test/Const.tcl (RunTclFile)" time="0.102" />
  <testcase classname="ptolemy.util.test.junit.TclTests" name="[7] /home/travis/build/icyphy/ptII/ptolemy/actor/lib/test/CurrentTime.tcl (RunTclFile)" time="0.02" />
  <testcase classname="ptolemy.util.test.junit.TclTests" name="[8] /home/travis/build/icyphy/ptII/ptolemy/actor/lib/test/DB.tcl (RunTclFile)" time="0.021" />
  <testcase classname="ptolemy.util.test.junit.TclTests" name="[9] /home/travis/build/icyphy/ptII/ptolemy/actor/lib/test/DiscreteRandomSource.tcl (RunTclFile)" time="0.037" />
  <testcase classname="ptolemy.util.test.junit.TclTests" name="[10] /home/travis/build/icyphy/ptII/ptolemy/actor/lib/test/Distributor.tcl (RunTclFile)" time="0.107" />
  <testcase classname="ptolemy.util.test.junit.TclTests" name="[11] /home/travis/build/icyphy/ptII/ptolemy/actor/lib/test/Exit.tcl (RunTclFile)" time="0.097" />
  <testcase classname="ptolemy.util.test.junit.TclTests" name="[12] /home/travis/build/icyphy/ptII/ptolemy/actor/lib/test/Expression.tcl (RunTclFile)" time="0.065" />
  <testcase classname="ptolemy.util.test.junit.TclTests" name="[13] /home/travis/build/icyphy/ptII/ptolemy/actor/lib/test/Gaussian.tcl (RunTclFile)" time="0.485" />
  <testcase classname="ptolemy.util.test.junit.TclTests" name="[14] /home/travis/build/icyphy/ptII/ptolemy/actor/lib/test/IIR.tcl (RunTclFile)" time="0.046" />
  <testcase classname="ptolemy.util.test.junit.TclTests" name="[15] /home/travis/build/icyphy/ptII/ptolemy/actor/lib/test/Interpolator.tcl (RunTclFile)" time="0.105" />
  <testcase classname="ptolemy.util.test.junit.TclTests" name="[16] /home/travis/build/icyphy/ptII/ptolemy/actor/lib/test/MathFunction.tcl (RunTclFile)" time="0.054" />
  <testcase classname="ptolemy.util.test.junit.TclTests" name="[17] /home/travis/build/icyphy/ptII/ptolemy/actor/lib/test/Maximum.tcl (RunTclFile)" time="0.026" />
  <testcase classname="ptolemy.util.test.junit.TclTests" name="[18] /home/travis/build/icyphy/ptII/ptolemy/actor/lib/test/Minimum.tcl (RunTclFile)" time="0.02" />
  <testcase classname="ptolemy.util.test.junit.TclTests" name="[19] /home/travis/build/icyphy/ptII/ptolemy/actor/lib/test/MultiplyDivide.tcl (RunTclFile)" time="0.047" />
  <testcase classname="ptolemy.util.test.junit.TclTests" name="[20] /home/travis/build/icyphy/ptII/ptolemy/actor/lib/test/OrderedMerge.tcl (RunTclFile)" time="0.142" />
  <testcase classname="ptolemy.util.test.junit.TclTests" name="[21] /home/travis/build/icyphy/ptII/ptolemy/actor/lib/test/Publisher.tcl (RunTclFile)" time="0.735" />
  <testcase classname="ptolemy.util.test.junit.TclTests" name="[22] /home/travis/build/icyphy/ptII/ptolemy/actor/lib/test/Pulse.tcl (RunTclFile)" time="0.036" />
  <testcase classname="ptolemy.util.test.junit.TclTests" name="[23] /home/travis/build/icyphy/ptII/ptolemy/actor/lib/test/Ramp.tcl (RunTclFile)" time="2.067" />
  <testcase classname="ptolemy.util.test.junit.TclTests" name="[24] /home/travis/build/icyphy/ptII/ptolemy/actor/lib/test/RampContinuous.tcl (RunTclFile)" time="0.02" />
  <testcase classname="ptolemy.util.test.junit.TclTests" name="[25] /home/travis/build/icyphy/ptII/ptolemy/actor/lib/test/RecordAssembler.tcl (RunTclFile)" time="0.017" />
  <testcase classname="ptolemy.util.test.junit.TclTests" name="[26] /home/travis/build/icyphy/ptII/ptolemy/actor/lib/test/RecordDisassembler.tcl (RunTclFile)" time="0.029" />
  <testcase classname="ptolemy.util.test.junit.TclTests" name="[27] /home/travis/build/icyphy/ptII/ptolemy/actor/lib/test/Scale.tcl (RunTclFile)" time="0.035" />
  <testcase classname="ptolemy.util.test.junit.TclTests" name="[28] /home/travis/build/icyphy/ptII/ptolemy/actor/lib/test/SequentialClock.tcl (RunTclFile)" time="0.014" />
  <testcase classname="ptolemy.util.test.junit.TclTests" name="[29] /home/travis/build/icyphy/ptII/ptolemy/actor/lib/test/SetVariable.tcl (RunTclFile)" time="0.009" />
  <testcase classname="ptolemy.util.test.junit.TclTests" name="[30] /home/travis/build/icyphy/ptII/ptolemy/actor/lib/test/Sinewave.tcl (RunTclFile)" time="0.051" />
  <testcase classname="ptolemy.util.test.junit.TclTests" name="[31] /home/travis/build/icyphy/ptII/ptolemy/actor/lib/test/SubscriptionAggregator.tcl (RunTclFile)" time="2.039" />
  <testcase classname="ptolemy.util.test.junit.TclTests" name="[32] /home/travis/build/icyphy/ptII/ptolemy/actor/lib/test/Test.tcl (RunTclFile)" time="0.149" />
  <testcase classname="ptolemy.util.test.junit.TclTests" name="[33] /home/travis/build/icyphy/ptII/ptolemy/actor/lib/test/TestExceptionHandler.tcl (RunTclFile)" time="0.013" />
  <testcase classname="ptolemy.util.test.junit.TclTests" name="[34] /home/travis/build/icyphy/ptII/ptolemy/actor/lib/test/UnionDisassembler.tcl (RunTclFile)" time="0.072" />
  <testcase classname="ptolemy.util.test.junit.TclTests" name="[35] /home/travis/build/icyphy/ptII/ptolemy/actor/lib/test/VariableClock.tcl (RunTclFile)" time="0.016" />
  <testcase classname="ptolemy.util.test.junit.AutoKnownFailedTests" name="[0] /home/travis/build/icyphy/ptII/ptolemy/actor/lib/test/auto/knownFailedTests/PublisherPortToplevelSubscriber.xml (RunModel)" time="0.023" />
  <testcase classname="ptolemy.util.test.junit.AutoKnownFailedTests" name="[1] /home/travis/build/icyphy/ptII/ptolemy/actor/lib/test/auto/knownFailedTests/PublisherSubscriberPortToplevel.xml (RunModel)" time="0.025" />
  <testcase classname="ptolemy.util.test.junit.AutoKnownFailedTests" name="[2] /home/travis/build/icyphy/ptII/ptolemy/actor/lib/test/auto/knownFailedTests/PublisherSubscriptionAggregatorPort.xml (RunModel)" time="0.015" />
  <testcase classname="ptolemy.util.test.junit.AutoKnownFailedTests" name="[3] /home/travis/build/icyphy/ptII/ptolemy/actor/lib/test/auto/knownFailedTests/sizedarray3.xml (RunModel)" time="0.022" />
  <testcase classname="ptolemy.util.test.junit.AutoNameArchTests" name="[0] ThereAreNoAutoArchTests (RunModel)" time="0.003" />
  <testcase classname="ptolemy.util.test.junit.AutoTests" name="[0] /home/travis/build/icyphy/ptII/ptolemy/actor/lib/test/auto/AbsoluteValue.xml (RunModel)" time="0.087" />
  <testcase classname="ptolemy.util.test.junit.AutoTests" name="[1] /home/travis/build/icyphy/ptII/ptolemy/actor/lib/test/auto/AbsoluteValue2.xml (RunModel)" time="0.041" />
  <testcase classname="ptolemy.util.test.junit.AutoTests" name="[2] /home/travis/build/icyphy/ptII/ptolemy/actor/lib/test/auto/Accumulator.xml (RunModel)" time="0.073" />
  <testcase classname="ptolemy.util.test.junit.AutoTests" name="[3] /home/travis/build/icyphy/ptII/ptolemy/actor/lib/test/auto/Accumulator2.xml (RunModel)" time="0.018" />
  <testcase classname="ptolemy.util.test.junit.AutoTests" name="[4] /home/travis/build/icyphy/ptII/ptolemy/actor/lib/test/auto/Accumulator3.xml (RunModel)" time="0.096" />
  <testcase classname="ptolemy.util.test.junit.AutoTests" name="[5] /home/travis/build/icyphy/ptII/ptolemy/actor/lib/test/auto/ArrayAppend.xml (RunModel)" time="0.05" />
  <testcase classname="ptolemy.util.test.junit.AutoTests" name="[6] /home/travis/build/icyphy/ptII/ptolemy/actor/lib/test/auto/ArrayAppend2.xml (RunModel)" time="0.263" />
  <testcase classname="ptolemy.util.test.junit.AutoTests" name="[7] /home/travis/build/icyphy/ptII/ptolemy/actor/lib/test/auto/ArrayAppend3.xml (RunModel)" time="0.022" />
  <testcase classname="ptolemy.util.test.junit.AutoTests" name="[8] /home/travis/build/icyphy/ptII/ptolemy/actor/lib/test/auto/ArrayAppend4.xml (RunModel)" time="0.023" />
  <testcase classname="ptolemy.util.test.junit.AutoTests" name="[9] /home/travis/build/icyphy/ptII/ptolemy/actor/lib/test/auto/ArrayAppend5.xml (RunModel)" time="0.022" />
  <testcase classname="ptolemy.util.test.junit.AutoTests" name="[10] /home/travis/build/icyphy/ptII/ptolemy/actor/lib/test/auto/ArrayAppend6.xml (RunModel)" time="0.023" />
  <testcase classname="ptolemy.util.test.junit.AutoTests" name="[11] /home/travis/build/icyphy/ptII/ptolemy/actor/lib/test/auto/ArrayAppendPerformanceTest.xml (RunModel)" time="0.06" />
  <testcase classname="ptolemy.util.test.junit.AutoTests" name="[12] /home/travis/build/icyphy/ptII/ptolemy/actor/lib/test/auto/ArrayAppendWithEmptyInput.xml (RunModel)" time="0.064" />
  <testcase classname="ptolemy.util.test.junit.AutoTests" name="[13] /home/travis/build/icyphy/ptII/ptolemy/actor/lib/test/auto/ArrayAverage.xml (RunModel)" time="0.027" />
  <testcase classname="ptolemy.util.test.junit.AutoTests" name="[14] /home/travis/build/icyphy/ptII/ptolemy/actor/lib/test/auto/ArrayContains.xml (RunModel)" time="0.015" />
  <testcase classname="ptolemy.util.test.junit.AutoTests" name="[15] /home/travis/build/icyphy/ptII/ptolemy/actor/lib/test/auto/ArrayElement.xml (RunModel)" time="0.023" />
  <testcase classname="ptolemy.util.test.junit.AutoTests" name="[16] /home/travis/build/icyphy/ptII/ptolemy/actor/lib/test/auto/ArrayElementAsMatrix.xml (RunModel)" time="0.108" />
  <testcase classname="ptolemy.util.test.junit.AutoTests" name="[17] /home/travis/build/icyphy/ptII/ptolemy/actor/lib/test/auto/ArrayElementI.xml (RunModel)" time="0.017" />
  <testcase classname="ptolemy.util.test.junit.AutoTests" name="[18] /home/travis/build/icyphy/ptII/ptolemy/actor/lib/test/auto/ArrayExtract.xml (RunModel)" time="0.027" />
  <testcase classname="ptolemy.util.test.junit.AutoTests" name="[19] /home/travis/build/icyphy/ptII/ptolemy/actor/lib/test/auto/ArrayExtract2.xml (RunModel)" time="0.012" />
  <testcase classname="ptolemy.util.test.junit.AutoTests" name="[20] /home/travis/build/icyphy/ptII/ptolemy/actor/lib/test/auto/ArrayLength.xml (RunModel)" time="0.013" />
  <testcase classname="ptolemy.util.test.junit.AutoTests" name="[21] /home/travis/build/icyphy/ptII/ptolemy/actor/lib/test/auto/ArrayLevelCrossing.xml (RunModel)" time="0.028" />
  <testcase classname="ptolemy.util.test.junit.AutoTests" name="[22] /home/travis/build/icyphy/ptII/ptolemy/actor/lib/test/auto/ArrayLevelCrossing2.xml (RunModel)" time="0.02" />
  <testcase classname="ptolemy.util.test.junit.AutoTests" name="[23] /home/travis/build/icyphy/ptII/ptolemy/actor/lib/test/auto/ArrayPeakSearch.xml (RunModel)" time="0.026" />
  <testcase classname="ptolemy.util.test.junit.AutoTests" name="[24] /home/travis/build/icyphy/ptII/ptolemy/actor/lib/test/auto/ArrayPeakSearch2.xml (RunModel)" time="0.032" />
  <testcase classname="ptolemy.util.test.junit.AutoTests" name="[25] /home/travis/build/icyphy/ptII/ptolemy/actor/lib/test/auto/ArrayPeakSearch3.xml (RunModel)" time="0.034" />
  <testcase classname="ptolemy.util.test.junit.AutoTests" name="[26] /home/travis/build/icyphy/ptII/ptolemy/actor/lib/test/auto/ArrayRemoveElement.xml (RunModel)" time="0.027" />
  <testcase classname="ptolemy.util.test.junit.AutoTests" name="[27] /home/travis/build/icyphy/ptII/ptolemy/actor/lib/test/auto/ArraySort.xml (RunModel)" time="0.036" />
  <testcase classname="ptolemy.util.test.junit.AutoTests" name="[28] /home/travis/build/icyphy/ptII/ptolemy/actor/lib/test/auto/ArraySum.xml (RunModel)" time="0.017" />
  <testcase classname="ptolemy.util.test.junit.AutoTests" name="[29] /home/travis/build/icyphy/ptII/ptolemy/actor/lib/test/auto/ArrayToElements.xml (RunModel)" time="0.02" />
  <testcase classname="ptolemy.util.test.junit.AutoTests" name="[30] /home/travis/build/icyphy/ptII/ptolemy/actor/lib/test/auto/ArrayToMatrix.xml (RunModel)" time="0.044" />
  <testcase classname="ptolemy.util.test.junit.AutoTests" name="[31] /home/travis/build/icyphy/ptII/ptolemy/actor/lib/test/auto/ArrayUpdate1.xml (RunModel)" time="0.025" />
  <testcase classname="ptolemy.util.test.junit.AutoTests" name="[32] /home/travis/build/icyphy/ptII/ptolemy/actor/lib/test/auto/ArrayUpdate2.xml (RunModel)" time="0.022" />
  <testcase classname="ptolemy.util.test.junit.AutoTests" name="[33] /home/travis/build/icyphy/ptII/ptolemy/actor/lib/test/auto/ArrayUpdate3.xml (RunModel)" time="0.014" />
  <testcase classname="ptolemy.util.test.junit.AutoTests" name="[34] /home/travis/build/icyphy/ptII/ptolemy/actor/lib/test/auto/Assert1.xml (RunModel)" time="0.022" />
  <testcase classname="ptolemy.util.test.junit.AutoTests" name="[35] /home/travis/build/icyphy/ptII/ptolemy/actor/lib/test/auto/Assert2.xml (RunModel)" time="0.012" />
  <testcase classname="ptolemy.util.test.junit.AutoTests" name="[36] /home/travis/build/icyphy/ptII/ptolemy/actor/lib/test/auto/BooleanMultiplexor.xml (RunModel)" time="0.014" />
  <testcase classname="ptolemy.util.test.junit.AutoTests" name="[37] /home/travis/build/icyphy/ptII/ptolemy/actor/lib/test/auto/BooleanMultiplexor2.xml (RunModel)" time="0.026" />
  <testcase classname="ptolemy.util.test.junit.AutoTests" name="[38] /home/travis/build/icyphy/ptII/ptolemy/actor/lib/test/auto/BooleanMultiplexor3.xml (RunModel)" time="0.021" />
  <testcase classname="ptolemy.util.test.junit.AutoTests" name="[39] /home/travis/build/icyphy/ptII/ptolemy/actor/lib/test/auto/BooleanSelect.xml (RunModel)" time="0.021" />
  <testcase classname="ptolemy.util.test.junit.AutoTests" name="[40] /home/travis/build/icyphy/ptII/ptolemy/actor/lib/test/auto/BooleanSelect2.xml (RunModel)" time="0.066" />
  <testcase classname="ptolemy.util.test.junit.AutoTests" name="[41] /home/travis/build/icyphy/ptII/ptolemy/actor/lib/test/auto/BooleanSwitch.xml (RunModel)" time="0.027" />
  <testcase classname="ptolemy.util.test.junit.AutoTests" name="[42] /home/travis/build/icyphy/ptII/ptolemy/actor/lib/test/auto/BooleanSwitch2.xml (RunModel)" time="0.011" />
  <testcase classname="ptolemy.util.test.junit.AutoTests" name="[43] /home/travis/build/icyphy/ptII/ptolemy/actor/lib/test/auto/BooleanSwitchCloningBugWithClassRelationGroup.xml (RunModel)" time="0.031" />
  <testcase classname="ptolemy.util.test.junit.AutoTests" name="[44] /home/travis/build/icyphy/ptII/ptolemy/actor/lib/test/auto/BusActors.xml (RunModel)" time="0.032" />
  <testcase classname="ptolemy.util.test.junit.AutoTests" name="[45] /home/travis/build/icyphy/ptII/ptolemy/actor/lib/test/auto/ClassWrapper.xml (RunModel)" time="0.012" />
  <testcase classname="ptolemy.util.test.junit.AutoTests" name="[46] /home/travis/build/icyphy/ptII/ptolemy/actor/lib/test/auto/Clock.xml (RunModel)" time="0.009" />
  <testcase classname="ptolemy.util.test.junit.AutoTests" name="[47] /home/travis/build/icyphy/ptII/ptolemy/actor/lib/test/auto/Clock10.xml (RunModel)" time="0.017" />
  <testcase classname="ptolemy.util.test.junit.AutoTests" name="[48] /home/travis/build/icyphy/ptII/ptolemy/actor/lib/test/auto/Clock11.xml (RunModel)" time="0.017" />
  <testcase classname="ptolemy.util.test.junit.AutoTests" name="[49] /home/travis/build/icyphy/ptII/ptolemy/actor/lib/test/auto/Clock12.xml (RunModel)" time="0.02" />
  <testcase classname="ptolemy.util.test.junit.AutoTests" name="[50] /home/travis/build/icyphy/ptII/ptolemy/actor/lib/test/auto/Clock13.xml (RunModel)" time="0.015" />
  <testcase classname="ptolemy.util.test.junit.AutoTests" name="[51] /home/travis/build/icyphy/ptII/ptolemy/actor/lib/test/auto/Clock14.xml (RunModel)" time="0.011" />
  <testcase classname="ptolemy.util.test.junit.AutoTests" name="[52] /home/travis/build/icyphy/ptII/ptolemy/actor/lib/test/auto/Clock15.xml (RunModel)" time="0.01" />
  <testcase classname="ptolemy.util.test.junit.AutoTests" name="[53] /home/travis/build/icyphy/ptII/ptolemy/actor/lib/test/auto/Clock16.xml (RunModel)" time="0.083" />
  <testcase classname="ptolemy.util.test.junit.AutoTests" name="[54] /home/travis/build/icyphy/ptII/ptolemy/actor/lib/test/auto/Clock17.xml (RunModel)" time="0.033" />
  <testcase classname="ptolemy.util.test.junit.AutoTests" name="[55] /home/travis/build/icyphy/ptII/ptolemy/actor/lib/test/auto/Clock18.xml (RunModel)" time="0.046" />
  <testcase classname="ptolemy.util.test.junit.AutoTests" name="[56] /home/travis/build/icyphy/ptII/ptolemy/actor/lib/test/auto/Clock19.xml (RunModel)" time="0.035" />
  <testcase classname="ptolemy.util.test.junit.AutoTests" name="[57] /home/travis/build/icyphy/ptII/ptolemy/actor/lib/test/auto/Clock2.xml (RunModel)" time="0.012" />
  <testcase classname="ptolemy.util.test.junit.AutoTests" name="[58] /home/travis/build/icyphy/ptII/ptolemy/actor/lib/test/auto/Clock20.xml (RunModel)" time="0.018" />
  <testcase classname="ptolemy.util.test.junit.AutoTests" name="[59] /home/travis/build/icyphy/ptII/ptolemy/actor/lib/test/auto/Clock21.xml (RunModel)" time="0.015" />
  <testcase classname="ptolemy.util.test.junit.AutoTests" name="[60] /home/travis/build/icyphy/ptII/ptolemy/actor/lib/test/auto/Clock22.xml (RunModel)" time="0.014" />
  <testcase classname="ptolemy.util.test.junit.AutoTests" name="[61] /home/travis/build/icyphy/ptII/ptolemy/actor/lib/test/auto/Clock23.xml (RunModel)" time="0.016" />
  <testcase classname="ptolemy.util.test.junit.AutoTests" name="[62] /home/travis/build/icyphy/ptII/ptolemy/actor/lib/test/auto/Clock24.xml (RunModel)" time="0.013" />
  <testcase classname="ptolemy.util.test.junit.AutoTests" name="[63] /home/travis/build/icyphy/ptII/ptolemy/actor/lib/test/auto/Clock4.xml (RunModel)" time="0.016" />
  <testcase classname="ptolemy.util.test.junit.AutoTests" name="[64] /home/travis/build/icyphy/ptII/ptolemy/actor/lib/test/auto/Clock5.xml (RunModel)" time="0.025" />
  <testcase classname="ptolemy.util.test.junit.AutoTests" name="[65] /home/travis/build/icyphy/ptII/ptolemy/actor/lib/test/auto/Clock6.xml (RunModel)" time="0.009" />
  <testcase classname="ptolemy.util.test.junit.AutoTests" name="[66] /home/travis/build/icyphy/ptII/ptolemy/actor/lib/test/auto/Clock7.xml (RunModel)" time="0.009" />
  <testcase classname="ptolemy.util.test.junit.AutoTests" name="[67] /home/travis/build/icyphy/ptII/ptolemy/actor/lib/test/auto/Clock8.xml (RunModel)" time="0.014" />
  <testcase classname="ptolemy.util.test.junit.AutoTests" name="[68] /home/travis/build/icyphy/ptII/ptolemy/actor/lib/test/auto/Clock9.xml (RunModel)" time="0.014" />
  <testcase classname="ptolemy.util.test.junit.AutoTests" name="[69] /home/travis/build/icyphy/ptII/ptolemy/actor/lib/test/auto/CommDistDiscard.xml (RunModel)" time="0.019" />
  <testcase classname="ptolemy.util.test.junit.AutoTests" name="[70] /home/travis/build/icyphy/ptII/ptolemy/actor/lib/test/auto/Commutator.xml (RunModel)" time="0.012" />
  <testcase classname="ptolemy.util.test.junit.AutoTests" name="[71] /home/travis/build/icyphy/ptII/ptolemy/actor/lib/test/auto/Commutator2.xml (RunModel)" time="0.011" />
  <testcase classname="ptolemy.util.test.junit.AutoTests" name="[72] /home/travis/build/icyphy/ptII/ptolemy/actor/lib/test/auto/Commutator3.xml (RunModel)" time="0.012" />
  <testcase classname="ptolemy.util.test.junit.AutoTests" name="[73] /home/travis/build/icyphy/ptII/ptolemy/actor/lib/test/auto/Compare.xml (RunModel)" time="0.019" />
  <testcase classname="ptolemy.util.test.junit.AutoTests" name="[74] /home/travis/build/icyphy/ptII/ptolemy/actor/lib/test/auto/CompareDE.xml (RunModel)" time="0.018" />
  <testcase classname="ptolemy.util.test.junit.AutoTests" name="[75] /home/travis/build/icyphy/ptII/ptolemy/actor/lib/test/auto/ComplexDivide.xml (RunModel)" time="0.009" />
  <testcase classname="ptolemy.util.test.junit.AutoTests" name="[76] /home/travis/build/icyphy/ptII/ptolemy/actor/lib/test/auto/ComputeHistogram.xml (RunModel)" time="0.05" />
  <testcase classname="ptolemy.util.test.junit.AutoTests" name="[77] /home/travis/build/icyphy/ptII/ptolemy/actor/lib/test/auto/ConfigurationSelect.xml (RunModel)" time="0.018" />
  <testcase classname="ptolemy.util.test.junit.AutoTests" name="[78] /home/travis/build/icyphy/ptII/ptolemy/actor/lib/test/auto/ConfigurationSelect2.xml (RunModel)" time="0.018" />
  <testcase classname="ptolemy.util.test.junit.AutoTests" name="[79] /home/travis/build/icyphy/ptII/ptolemy/actor/lib/test/auto/ConfigurationSwitch.xml (RunModel)" time="0.028" />
  <testcase classname="ptolemy.util.test.junit.AutoTests" name="[80] /home/travis/build/icyphy/ptII/ptolemy/actor/lib/test/auto/ConfigurationSwitch2.xml (RunModel)" time="0.024" />
  <testcase classname="ptolemy.util.test.junit.AutoTests" name="[81] /home/travis/build/icyphy/ptII/ptolemy/actor/lib/test/auto/ConfigurationSwitchCloningBugWithClassRelationGroup.xml (RunModel)" time="0.017" />
  <testcase classname="ptolemy.util.test.junit.AutoTests" name="[82] /home/travis/build/icyphy/ptII/ptolemy/actor/lib/test/auto/ConfigurationSwitchSelectSDF.xml (RunModel)" time="0.014" />
  <testcase classname="ptolemy.util.test.junit.AutoTests" name="[83] /home/travis/build/icyphy/ptII/ptolemy/actor/lib/test/auto/ConfigurationSwitchSelectSDF2.xml (RunModel)" time="0.022" />
  <testcase classname="ptolemy.util.test.junit.AutoTests" name="[84] /home/travis/build/icyphy/ptII/ptolemy/actor/lib/test/auto/Const.xml (RunModel)" time="0.008" />
  <testcase classname="ptolemy.util.test.junit.AutoTests" name="[85] /home/travis/build/icyphy/ptII/ptolemy/actor/lib/test/auto/Const2.xml (RunModel)" time="0.011" />
  <testcase classname="ptolemy.util.test.junit.AutoTests" name="[86] /home/travis/build/icyphy/ptII/ptolemy/actor/lib/test/auto/Const3.xml (RunModel)" time="0.008" />
  <testcase classname="ptolemy.util.test.junit.AutoTests" name="[87] /home/travis/build/icyphy/ptII/ptolemy/actor/lib/test/auto/ConstantPublisherPort1.xml (RunModel)" time="0.022" />
  <testcase classname="ptolemy.util.test.junit.AutoTests" name="[88] /home/travis/build/icyphy/ptII/ptolemy/actor/lib/test/auto/ConstantPublisherPort2.xml (RunModel)" time="0.026" />
  <testcase classname="ptolemy.util.test.junit.AutoTests" name="[89] /home/travis/build/icyphy/ptII/ptolemy/actor/lib/test/auto/ConstantPublisherPort3.xml (RunModel)" time="0.02" />
  <testcase classname="ptolemy.util.test.junit.AutoTests" name="[90] /home/travis/build/icyphy/ptII/ptolemy/actor/lib/test/auto/ConstantPublisherPort4.xml (RunModel)" time="0.03" />
  <testcase classname="ptolemy.util.test.junit.AutoTests" name="[91] /home/travis/build/icyphy/ptII/ptolemy/actor/lib/test/auto/ConstantPublisherPort5.xml (RunModel)" time="0.039" />
  <testcase classname="ptolemy.util.test.junit.AutoTests" name="[92] /home/travis/build/icyphy/ptII/ptolemy/actor/lib/test/auto/ConstantPublisherPort6.xml (RunModel)" time="0.03" />
  <testcase classname="ptolemy.util.test.junit.AutoTests" name="[93] /home/travis/build/icyphy/ptII/ptolemy/actor/lib/test/auto/ConstantPublisherPort7.xml (RunModel)" time="0.04" />
  <testcase classname="ptolemy.util.test.junit.AutoTests" name="[94] /home/travis/build/icyphy/ptII/ptolemy/actor/lib/test/auto/ConstraintMonitor1.xml (RunModel)" time="0.038" />
  <testcase classname="ptolemy.util.test.junit.AutoTests" name="[95] /home/travis/build/icyphy/ptII/ptolemy/actor/lib/test/auto/ConstraintMonitor2.xml (RunModel)" time="0.019" />
  <testcase classname="ptolemy.util.test.junit.AutoTests" name="[96] /home/travis/build/icyphy/ptII/ptolemy/actor/lib/test/auto/ConstraintMonitor3.xml (RunModel)" time="0.018" />
  <testcase classname="ptolemy.util.test.junit.AutoTests" name="[97] /home/travis/build/icyphy/ptII/ptolemy/actor/lib/test/auto/ConstraintMonitor4.xml (RunModel)" time="0.011" />
  <testcase classname="ptolemy.util.test.junit.AutoTests" name="[98] /home/travis/build/icyphy/ptII/ptolemy/actor/lib/test/auto/ConstraintMonitor5.xml (RunModel)" time="0.014" />
  <testcase classname="ptolemy.util.test.junit.AutoTests" name="[99] /home/travis/build/icyphy/ptII/ptolemy/actor/lib/test/auto/ConstraintMonitor6.xml (RunModel)" time="0.019" />
  <testcase classname="ptolemy.util.test.junit.AutoTests" name="[100] /home/travis/build/icyphy/ptII/ptolemy/actor/lib/test/auto/ConstraintMonitor7.xml (RunModel)" time="0.024" />
  <testcase classname="ptolemy.util.test.junit.AutoTests" name="[101] /home/travis/build/icyphy/ptII/ptolemy/actor/lib/test/auto/ConstraintMonitor8.xml (RunModel)" time="0.022" />
  <testcase classname="ptolemy.util.test.junit.AutoTests" name="[102] /home/travis/build/icyphy/ptII/ptolemy/actor/lib/test/auto/Counter.xml (RunModel)" time="0.018" />
  <testcase classname="ptolemy.util.test.junit.AutoTests" name="[103] /home/travis/build/icyphy/ptII/ptolemy/actor/lib/test/auto/CurrentTimeSDF.xml (RunModel)" time="0.009" />
  <testcase classname="ptolemy.util.test.junit.AutoTests" name="[104] /home/travis/build/icyphy/ptII/ptolemy/actor/lib/test/auto/DB.xml (RunModel)" time="0.013" />
  <testcase classname="ptolemy.util.test.junit.AutoTests" name="[105] /home/travis/build/icyphy/ptII/ptolemy/actor/lib/test/auto/DBDE.xml (RunModel)" time="0.016" />
  <testcase classname="ptolemy.util.test.junit.AutoTests" name="[106] /home/travis/build/icyphy/ptII/ptolemy/actor/lib/test/auto/DateConstructor.xml (RunModel)" time="0.089" />
  <testcase classname="ptolemy.util.test.junit.AutoTests" name="[107] /home/travis/build/icyphy/ptII/ptolemy/actor/lib/test/auto/DelayTime.xml (RunModel)" time="0.016" />
  <testcase classname="ptolemy.util.test.junit.AutoTests" name="[108] /home/travis/build/icyphy/ptII/ptolemy/actor/lib/test/auto/Dictionary1.xml (RunModel)" time="0.021" />
  <testcase classname="ptolemy.util.test.junit.AutoTests" name="[109] /home/travis/build/icyphy/ptII/ptolemy/actor/lib/test/auto/Dictionary2.xml (RunModel)" time="0.016" />
  <testcase classname="ptolemy.util.test.junit.AutoTests" name="[110] /home/travis/build/icyphy/ptII/ptolemy/actor/lib/test/auto/Dictionary3.xml (RunModel)" time="0.012" />
  <testcase classname="ptolemy.util.test.junit.AutoTests" name="[111] /home/travis/build/icyphy/ptII/ptolemy/actor/lib/test/auto/Dictionary4.xml (RunModel)" time="0.016" />
  <testcase classname="ptolemy.util.test.junit.AutoTests" name="[112] /home/travis/build/icyphy/ptII/ptolemy/actor/lib/test/auto/Differential.xml (RunModel)" time="0.011" />
  <testcase classname="ptolemy.util.test.junit.AutoTests" name="[113] /home/travis/build/icyphy/ptII/ptolemy/actor/lib/test/auto/Director.xml (RunModel)" time="0.01" />
  <testcase classname="ptolemy.util.test.junit.AutoTests" name="[114] /home/travis/build/icyphy/ptII/ptolemy/actor/lib/test/auto/DiscreteClock.xml (RunModel)" time="0.008" />
  <testcase classname="ptolemy.util.test.junit.AutoTests" name="[115] /home/travis/build/icyphy/ptII/ptolemy/actor/lib/test/auto/DiscreteClock10.xml (RunModel)" time="0.049" />
  <testcase classname="ptolemy.util.test.junit.AutoTests" name="[116] /home/travis/build/icyphy/ptII/ptolemy/actor/lib/test/auto/DiscreteClock11.xml (RunModel)" time="0.01" />
  <testcase classname="ptolemy.util.test.junit.AutoTests" name="[117] /home/travis/build/icyphy/ptII/ptolemy/actor/lib/test/auto/DiscreteClock12.xml (RunModel)" time="0.011" />
  <testcase classname="ptolemy.util.test.junit.AutoTests" name="[118] /home/travis/build/icyphy/ptII/ptolemy/actor/lib/test/auto/DiscreteClock13.xml (RunModel)" time="0.013" />
  <testcase classname="ptolemy.util.test.junit.AutoTests" name="[119] /home/travis/build/icyphy/ptII/ptolemy/actor/lib/test/auto/DiscreteClock14.xml (RunModel)" time="0.013" />
  <testcase classname="ptolemy.util.test.junit.AutoTests" name="[120] /home/travis/build/icyphy/ptII/ptolemy/actor/lib/test/auto/DiscreteClock15.xml (RunModel)" time="0.015" />
  <testcase classname="ptolemy.util.test.junit.AutoTests" name="[121] /home/travis/build/icyphy/ptII/ptolemy/actor/lib/test/auto/DiscreteClock16.xml (RunModel)" time="0.035" />
  <testcase classname="ptolemy.util.test.junit.AutoTests" name="[122] /home/travis/build/icyphy/ptII/ptolemy/actor/lib/test/auto/DiscreteClock17.xml (RunModel)" time="0.035" />
  <testcase classname="ptolemy.util.test.junit.AutoTests" name="[123] /home/travis/build/icyphy/ptII/ptolemy/actor/lib/test/auto/DiscreteClock18.xml (RunModel)" time="0.031" />
  <testcase classname="ptolemy.util.test.junit.AutoTests" name="[124] /home/travis/build/icyphy/ptII/ptolemy/actor/lib/test/auto/DiscreteClock19.xml (RunModel)" time="0.033" />
  <testcase classname="ptolemy.util.test.junit.AutoTests" name="[125] /home/travis/build/icyphy/ptII/ptolemy/actor/lib/test/auto/DiscreteClock2.xml (RunModel)" time="0.012" />
  <testcase classname="ptolemy.util.test.junit.AutoTests" name="[126] /home/travis/build/icyphy/ptII/ptolemy/actor/lib/test/auto/DiscreteClock20.xml (RunModel)" time="0.015" />
  <testcase classname="ptolemy.util.test.junit.AutoTests" name="[127] /home/travis/build/icyphy/ptII/ptolemy/actor/lib/test/auto/DiscreteClock21.xml (RunModel)" time="0.017" />
  <testcase classname="ptolemy.util.test.junit.AutoTests" name="[128] /home/travis/build/icyphy/ptII/ptolemy/actor/lib/test/auto/DiscreteClock22.xml (RunModel)" time="0.013" />
  <testcase classname="ptolemy.util.test.junit.AutoTests" name="[129] /home/travis/build/icyphy/ptII/ptolemy/actor/lib/test/auto/DiscreteClock23.xml (RunModel)" time="0.02" />
  <testcase classname="ptolemy.util.test.junit.AutoTests" name="[130] /home/travis/build/icyphy/ptII/ptolemy/actor/lib/test/auto/DiscreteClock24.xml (RunModel)" time="0.012" />
  <testcase classname="ptolemy.util.test.junit.AutoTests" name="[131] /home/travis/build/icyphy/ptII/ptolemy/actor/lib/test/auto/DiscreteClock4.xml (RunModel)" time="0.012" />
  <testcase classname="ptolemy.util.test.junit.AutoTests" name="[132] /home/travis/build/icyphy/ptII/ptolemy/actor/lib/test/auto/DiscreteClock5.xml (RunModel)" time="0.008" />
  <testcase classname="ptolemy.util.test.junit.AutoTests" name="[133] /home/travis/build/icyphy/ptII/ptolemy/actor/lib/test/auto/DiscreteClock6.xml (RunModel)" time="0.007" />
  <testcase classname="ptolemy.util.test.junit.AutoTests" name="[134] /home/travis/build/icyphy/ptII/ptolemy/actor/lib/test/auto/DiscreteClock7.xml (RunModel)" time="0.009" />
  <testcase classname="ptolemy.util.test.junit.AutoTests" name="[135] /home/travis/build/icyphy/ptII/ptolemy/actor/lib/test/auto/DiscreteClock8.xml (RunModel)" time="0.019" />
  <testcase classname="ptolemy.util.test.junit.AutoTests" name="[136] /home/travis/build/icyphy/ptII/ptolemy/actor/lib/test/auto/DiscreteClock9.xml (RunModel)" time="0.012" />
  <testcase classname="ptolemy.util.test.junit.AutoTests" name="[137] /home/travis/build/icyphy/ptII/ptolemy/actor/lib/test/auto/DisplayArray.xml (RunModel)" time="0.008" />
  <testcase classname="ptolemy.util.test.junit.AutoTests" name="[138] /home/travis/build/icyphy/ptII/ptolemy/actor/lib/test/auto/Distributor.xml (RunModel)" time="0.009" />
  <testcase classname="ptolemy.util.test.junit.AutoTests" name="[139] /home/travis/build/icyphy/ptII/ptolemy/actor/lib/test/auto/Distributor2.xml (RunModel)" time="0.008" />
  <testcase classname="ptolemy.util.test.junit.AutoTests" name="[140] /home/travis/build/icyphy/ptII/ptolemy/actor/lib/test/auto/DownSample.xml (RunModel)" time="0.021" />
  <testcase classname="ptolemy.util.test.junit.AutoTests" name="[141] /home/travis/build/icyphy/ptII/ptolemy/actor/lib/test/auto/ElectronicUnitBase1.xml (RunModel)" time="0.069" />
  <testcase classname="ptolemy.util.test.junit.AutoTests" name="[142] /home/travis/build/icyphy/ptII/ptolemy/actor/lib/test/auto/ElementsToArray.xml (RunModel)" time="0.01" />
  <testcase classname="ptolemy.util.test.junit.AutoTests" name="[143] /home/travis/build/icyphy/ptII/ptolemy/actor/lib/test/auto/Equals.xml (RunModel)" time="0.013" />
  <testcase classname="ptolemy.util.test.junit.AutoTests" name="[144] /home/travis/build/icyphy/ptII/ptolemy/actor/lib/test/auto/Exec.xml (RunModel)" time="0.023" />
  <testcase classname="ptolemy.util.test.junit.AutoTests" name="[145] /home/travis/build/icyphy/ptII/ptolemy/actor/lib/test/auto/ExecEnvironment.xml (RunModel)" time="0.039" />
  <testcase classname="ptolemy.util.test.junit.AutoTests" name="[146] /home/travis/build/icyphy/ptII/ptolemy/actor/lib/test/auto/ExecNonZeroReturnOutput.xml (RunModel)" time="0.194" />
  <testcase classname="ptolemy.util.test.junit.AutoTests" name="[147] /home/travis/build/icyphy/ptII/ptolemy/actor/lib/test/auto/ExecRunDemos.xml (RunModel)" time="10.121" />
  <testcase classname="ptolemy.util.test.junit.AutoTests" name="[148] /home/travis/build/icyphy/ptII/ptolemy/actor/lib/test/auto/ExecStop.xml (RunModel)" time="5.047" />
  <testcase classname="ptolemy.util.test.junit.AutoTests" name="[149] /home/travis/build/icyphy/ptII/ptolemy/actor/lib/test/auto/ExecutionTimeSDF.xml (RunModel)" time="6.027" />
  <testcase classname="ptolemy.util.test.junit.AutoTests" name="[150] /home/travis/build/icyphy/ptII/ptolemy/actor/lib/test/auto/Expression1.xml (RunModel)" time="0.02" />
  <testcase classname="ptolemy.util.test.junit.AutoTests" name="[151] /home/travis/build/icyphy/ptII/ptolemy/actor/lib/test/auto/Expression10.xml (RunModel)" time="0.015" />
  <testcase classname="ptolemy.util.test.junit.AutoTests" name="[152] /home/travis/build/icyphy/ptII/ptolemy/actor/lib/test/auto/Expression11.xml (RunModel)" time="0.013" />
  <testcase classname="ptolemy.util.test.junit.AutoTests" name="[153] /home/travis/build/icyphy/ptII/ptolemy/actor/lib/test/auto/Expression12.xml (RunModel)" time="0.012" />
  <testcase classname="ptolemy.util.test.junit.AutoTests" name="[154] /home/travis/build/icyphy/ptII/ptolemy/actor/lib/test/auto/Expression13.xml (RunModel)" time="0.012" />
  <testcase classname="ptolemy.util.test.junit.AutoTests" name="[155] /home/travis/build/icyphy/ptII/ptolemy/actor/lib/test/auto/Expression14.xml (RunModel)" time="0.018" />
  <testcase classname="ptolemy.util.test.junit.AutoTests" name="[156] /home/travis/build/icyphy/ptII/ptolemy/actor/lib/test/auto/Expression15.xml (RunModel)" time="0.007" />
  <testcase classname="ptolemy.util.test.junit.AutoTests" name="[157] /home/travis/build/icyphy/ptII/ptolemy/actor/lib/test/auto/Expression16.xml (RunModel)" time="0.012" />
  <testcase classname="ptolemy.util.test.junit.AutoTests" name="[158] /home/travis/build/icyphy/ptII/ptolemy/actor/lib/test/auto/Expression17.xml (RunModel)" time="0.011" />
  <testcase classname="ptolemy.util.test.junit.AutoTests" name="[159] /home/travis/build/icyphy/ptII/ptolemy/actor/lib/test/auto/Expression18.xml (RunModel)" time="0.01" />
  <testcase classname="ptolemy.util.test.junit.AutoTests" name="[160] /home/travis/build/icyphy/ptII/ptolemy/actor/lib/test/auto/Expression2.xml (RunModel)" time="0.011" />
  <testcase classname="ptolemy.util.test.junit.AutoTests" name="[161] /home/travis/build/icyphy/ptII/ptolemy/actor/lib/test/auto/Expression3.xml (RunModel)" time="0.014" />
  <testcase classname="ptolemy.util.test.junit.AutoTests" name="[162] /home/travis/build/icyphy/ptII/ptolemy/actor/lib/test/auto/Expression4.xml (RunModel)" time="0.017" />
  <testcase classname="ptolemy.util.test.junit.AutoTests" name="[163] /home/travis/build/icyphy/ptII/ptolemy/actor/lib/test/auto/Expression5.xml (RunModel)" time="0.011" />
  <testcase classname="ptolemy.util.test.junit.AutoTests" name="[164] /home/travis/build/icyphy/ptII/ptolemy/actor/lib/test/auto/Expression6.xml (RunModel)" time="0.008" />
  <testcase classname="ptolemy.util.test.junit.AutoTests" name="[165] /home/travis/build/icyphy/ptII/ptolemy/actor/lib/test/auto/Expression7.xml (RunModel)" time="0.017" />
  <testcase classname="ptolemy.util.test.junit.AutoTests" name="[166] /home/travis/build/icyphy/ptII/ptolemy/actor/lib/test/auto/Expression8.xml (RunModel)" time="0.015" />
  <testcase classname="ptolemy.util.test.junit.AutoTests" name="[167] /home/travis/build/icyphy/ptII/ptolemy/actor/lib/test/auto/Expression9.xml (RunModel)" time="0.007" />
  <testcase classname="ptolemy.util.test.junit.AutoTests" name="[168] /home/travis/build/icyphy/ptII/ptolemy/actor/lib/test/auto/ExpressionConcatenateArrayType.xml (RunModel)" time="0.021" />
  <testcase classname="ptolemy.util.test.junit.AutoTests" name="[169] /home/travis/build/icyphy/ptII/ptolemy/actor/lib/test/auto/ExpressionConcatenateArrayType2.xml (RunModel)" time="0.015" />
  <testcase classname="ptolemy.util.test.junit.AutoTests" name="[170] /home/travis/build/icyphy/ptII/ptolemy/actor/lib/test/auto/ExpressionFix.xml (RunModel)" time="0.044" />
  <testcase classname="ptolemy.util.test.junit.AutoTests" name="[171] /home/travis/build/icyphy/ptII/ptolemy/actor/lib/test/auto/ExpressionFix2.xml (RunModel)" time="0.011" />
  <testcase classname="ptolemy.util.test.junit.AutoTests" name="[172] /home/travis/build/icyphy/ptII/ptolemy/actor/lib/test/auto/ExpressionFix3.xml (RunModel)" time="0.013" />
  <testcase classname="ptolemy.util.test.junit.AutoTests" name="[173] /home/travis/build/icyphy/ptII/ptolemy/actor/lib/test/auto/FileWriter1.xml (RunModel)" time="0.012" />
  <testcase classname="ptolemy.util.test.junit.AutoTests" name="[174] /home/travis/build/icyphy/ptII/ptolemy/actor/lib/test/auto/FileWriter2.xml (RunModel)" time="0.009" />
  <testcase classname="ptolemy.util.test.junit.AutoTests" name="[175] /home/travis/build/icyphy/ptII/ptolemy/actor/lib/test/auto/FileWriter3.xml (RunModel)" time="0.013" />
  <testcase classname="ptolemy.util.test.junit.AutoTests" name="[176] /home/travis/build/icyphy/ptII/ptolemy/actor/lib/test/auto/Gaussian.xml (RunModel)" time="0.011" />
  <testcase classname="ptolemy.util.test.junit.AutoTests" name="[177] /home/travis/build/icyphy/ptII/ptolemy/actor/lib/test/auto/Gaussian1.xml (RunModel)" time="0.012" />
  <testcase classname="ptolemy.util.test.junit.AutoTests" name="[178] /home/travis/build/icyphy/ptII/ptolemy/actor/lib/test/auto/Gaussian2.xml (RunModel)" time="0.024" />
  <testcase classname="ptolemy.util.test.junit.AutoTests" name="[179] /home/travis/build/icyphy/ptII/ptolemy/actor/lib/test/auto/GradientAdaptiveLattice.xml (RunModel)" time="0.017" />
  <testcase classname="ptolemy.util.test.junit.AutoTests" name="[180] /home/travis/build/icyphy/ptII/ptolemy/actor/lib/test/auto/IIR.xml (RunModel)" time="0.011" />
  <testcase classname="ptolemy.util.test.junit.AutoTests" name="[181] /home/travis/build/icyphy/ptII/ptolemy/actor/lib/test/auto/InputOutputTransparentPorts.xml (RunModel)" time="0.015" />
  <testcase classname="ptolemy.util.test.junit.AutoTests" name="[182] /home/travis/build/icyphy/ptII/ptolemy/actor/lib/test/auto/Interpolator.xml (RunModel)" time="0.01" />
  <testcase classname="ptolemy.util.test.junit.AutoTests" name="[183] /home/travis/build/icyphy/ptII/ptolemy/actor/lib/test/auto/InterpolatorFiringLimitDE.xml (RunModel)" time="0.012" />
  <testcase classname="ptolemy.util.test.junit.AutoTests" name="[184] /home/travis/build/icyphy/ptII/ptolemy/actor/lib/test/auto/Lattice.xml (RunModel)" time="0.008" />
  <testcase classname="ptolemy.util.test.junit.AutoTests" name="[185] /home/travis/build/icyphy/ptII/ptolemy/actor/lib/test/auto/LazyAOCTestLazy.xml (RunModel)" time="0.023" />
  <testcase classname="ptolemy.util.test.junit.AutoTests" name="[186] /home/travis/build/icyphy/ptII/ptolemy/actor/lib/test/auto/LazyAOCTestNonLazy.xml (RunModel)" time="0.049" />
  <testcase classname="ptolemy.util.test.junit.AutoTests" name="[187] /home/travis/build/icyphy/ptII/ptolemy/actor/lib/test/auto/LazyInnerClass.xml (RunModel)" time="0.04" />
  <testcase classname="ptolemy.util.test.junit.AutoTests" name="[188] /home/travis/build/icyphy/ptII/ptolemy/actor/lib/test/auto/LazyPubSub.xml (RunModel)" time="0.051" />
  <testcase classname="ptolemy.util.test.junit.AutoTests" name="[189] /home/travis/build/icyphy/ptII/ptolemy/actor/lib/test/auto/LazyPubSub2.xml (RunModel)" time="0.059" />
  <testcase classname="ptolemy.util.test.junit.AutoTests" name="[190] /home/travis/build/icyphy/ptII/ptolemy/actor/lib/test/auto/LazyPubSub3.xml (RunModel)" time="0.028" />
  <testcase classname="ptolemy.util.test.junit.AutoTests" name="[191] /home/travis/build/icyphy/ptII/ptolemy/actor/lib/test/auto/LazySubClassModel.xml (RunModel)" time="0.025" />
  <testcase classname="ptolemy.util.test.junit.AutoTests" name="[192] /home/travis/build/icyphy/ptII/ptolemy/actor/lib/test/auto/LevelCrossTest1.xml (RunModel)" time="0.009" />
  <testcase classname="ptolemy.util.test.junit.AutoTests" name="[193] /home/travis/build/icyphy/ptII/ptolemy/actor/lib/test/auto/LevelCrossTest10.xml (RunModel)" time="0.012" />
  <testcase classname="ptolemy.util.test.junit.AutoTests" name="[194] /home/travis/build/icyphy/ptII/ptolemy/actor/lib/test/auto/LevelCrossTest11.xml (RunModel)" time="0.012" />
  <testcase classname="ptolemy.util.test.junit.AutoTests" name="[195] /home/travis/build/icyphy/ptII/ptolemy/actor/lib/test/auto/LevelCrossTest12.xml (RunModel)" time="0.018" />
  <testcase classname="ptolemy.util.test.junit.AutoTests" name="[196] /home/travis/build/icyphy/ptII/ptolemy/actor/lib/test/auto/LevelCrossTest13.xml (RunModel)" time="0.013" />
  <testcase classname="ptolemy.util.test.junit.AutoTests" name="[197] /home/travis/build/icyphy/ptII/ptolemy/actor/lib/test/auto/LevelCrossTest2.xml (RunModel)" time="0.01" />
  <testcase classname="ptolemy.util.test.junit.AutoTests" name="[198] /home/travis/build/icyphy/ptII/ptolemy/actor/lib/test/auto/LevelCrossTest3.xml (RunModel)" time="0.012" />
  <testcase classname="ptolemy.util.test.junit.AutoTests" name="[199] /home/travis/build/icyphy/ptII/ptolemy/actor/lib/test/auto/LevelCrossTest4.xml (RunModel)" time="0.01" />
  <testcase classname="ptolemy.util.test.junit.AutoTests" name="[200] /home/travis/build/icyphy/ptII/ptolemy/actor/lib/test/auto/LevelCrossTest5.xml (RunModel)" time="0.013" />
  <testcase classname="ptolemy.util.test.junit.AutoTests" name="[201] /home/travis/build/icyphy/ptII/ptolemy/actor/lib/test/auto/LevelCrossTest6.xml (RunModel)" time="0.013" />
  <testcase classname="ptolemy.util.test.junit.AutoTests" name="[202] /home/travis/build/icyphy/ptII/ptolemy/actor/lib/test/auto/LevelCrossTest7.xml (RunModel)" time="0.019" />
  <testcase classname="ptolemy.util.test.junit.AutoTests" name="[203] /home/travis/build/icyphy/ptII/ptolemy/actor/lib/test/auto/LevelCrossTest8.xml (RunModel)" time="0.014" />
  <testcase classname="ptolemy.util.test.junit.AutoTests" name="[204] /home/travis/build/icyphy/ptII/ptolemy/actor/lib/test/auto/LevelCrossTest9.xml (RunModel)" time="0.013" />
  <testcase classname="ptolemy.util.test.junit.AutoTests" name="[205] /home/travis/build/icyphy/ptII/ptolemy/actor/lib/test/auto/LevinsonDurbin.xml (RunModel)" time="0.02" />
  <testcase classname="ptolemy.util.test.junit.AutoTests" name="[206] /home/travis/build/icyphy/ptII/ptolemy/actor/lib/test/auto/LevinsonDurbin2.xml (RunModel)" time="0.015" />
  <testcase classname="ptolemy.util.test.junit.AutoTests" name="[207] /home/travis/build/icyphy/ptII/ptolemy/actor/lib/test/auto/LevinsonDurbin3.xml (RunModel)" time="0.011" />
  <testcase classname="ptolemy.util.test.junit.AutoTests" name="[208] /home/travis/build/icyphy/ptII/ptolemy/actor/lib/test/auto/Limiter.xml (RunModel)" time="0.036" />
  <testcase classname="ptolemy.util.test.junit.AutoTests" name="[209] /home/travis/build/icyphy/ptII/ptolemy/actor/lib/test/auto/LinearDifferenceEquationSystem.xml (RunModel)" time="0.024" />
  <testcase classname="ptolemy.util.test.junit.AutoTests" name="[210] /home/travis/build/icyphy/ptII/ptolemy/actor/lib/test/auto/LookupTable.xml (RunModel)" time="0.01" />
  <testcase classname="ptolemy.util.test.junit.AutoTests" name="[211] /home/travis/build/icyphy/ptII/ptolemy/actor/lib/test/auto/MathFunction.xml (RunModel)" time="0.021" />
  <testcase classname="ptolemy.util.test.junit.AutoTests" name="[212] /home/travis/build/icyphy/ptII/ptolemy/actor/lib/test/auto/MathFunction2.xml (RunModel)" time="0.012" />
  <testcase classname="ptolemy.util.test.junit.AutoTests" name="[213] /home/travis/build/icyphy/ptII/ptolemy/actor/lib/test/auto/MathFunction3.xml (RunModel)" time="0.018" />
  <testcase classname="ptolemy.util.test.junit.AutoTests" name="[214] /home/travis/build/icyphy/ptII/ptolemy/actor/lib/test/auto/MatrixCropBoolean.xml (RunModel)" time="0.011" />
  <testcase classname="ptolemy.util.test.junit.AutoTests" name="[215] /home/travis/build/icyphy/ptII/ptolemy/actor/lib/test/auto/MatrixCropComplex.xml (RunModel)" time="0.008" />
  <testcase classname="ptolemy.util.test.junit.AutoTests" name="[216] /home/travis/build/icyphy/ptII/ptolemy/actor/lib/test/auto/MatrixCropDouble.xml (RunModel)" time="0.01" />
  <testcase classname="ptolemy.util.test.junit.AutoTests" name="[217] /home/travis/build/icyphy/ptII/ptolemy/actor/lib/test/auto/MatrixCropFix.xml (RunModel)" time="0.013" />
  <testcase classname="ptolemy.util.test.junit.AutoTests" name="[218] /home/travis/build/icyphy/ptII/ptolemy/actor/lib/test/auto/MatrixCropInt.xml (RunModel)" time="0.013" />
  <testcase classname="ptolemy.util.test.junit.AutoTests" name="[219] /home/travis/build/icyphy/ptII/ptolemy/actor/lib/test/auto/MatrixCropLong.xml (RunModel)" time="0.009" />
  <testcase classname="ptolemy.util.test.junit.AutoTests" name="[220] /home/travis/build/icyphy/ptII/ptolemy/actor/lib/test/auto/MatrixToArray.xml (RunModel)" time="0.054" />
  <testcase classname="ptolemy.util.test.junit.AutoTests" name="[221] /home/travis/build/icyphy/ptII/ptolemy/actor/lib/test/auto/MaxIndex.xml (RunModel)" time="0.012" />
  <testcase classname="ptolemy.util.test.junit.AutoTests" name="[222] /home/travis/build/icyphy/ptII/ptolemy/actor/lib/test/auto/Maximum.xml (RunModel)" time="0.012" />
  <testcase classname="ptolemy.util.test.junit.AutoTests" name="[223] /home/travis/build/icyphy/ptII/ptolemy/actor/lib/test/auto/MaximumComplex.xml (RunModel)" time="0.012" />
  <testcase classname="ptolemy.util.test.junit.AutoTests" name="[224] /home/travis/build/icyphy/ptII/ptolemy/actor/lib/test/auto/MethodCallTest.xml (RunModel)" time="0.022" />
  <testcase classname="ptolemy.util.test.junit.AutoTests" name="[225] /home/travis/build/icyphy/ptII/ptolemy/actor/lib/test/auto/Minimum.xml (RunModel)" time="0.014" />
  <testcase classname="ptolemy.util.test.junit.AutoTests" name="[226] /home/travis/build/icyphy/ptII/ptolemy/actor/lib/test/auto/MinimumComplex.xml (RunModel)" time="0.027" />
  <testcase classname="ptolemy.util.test.junit.AutoTests" name="[227] /home/travis/build/icyphy/ptII/ptolemy/actor/lib/test/auto/MinimumMultiports.xml (RunModel)" time="0.015" />
  <testcase classname="ptolemy.util.test.junit.AutoTests" name="[228] /home/travis/build/icyphy/ptII/ptolemy/actor/lib/test/auto/ModifyDate.xml (RunModel)" time="0.037" />
  <testcase classname="ptolemy.util.test.junit.AutoTests" name="[229] /home/travis/build/icyphy/ptII/ptolemy/actor/lib/test/auto/ModifyDate2.xml (RunModel)" time="0.027" />
  <testcase classname="ptolemy.util.test.junit.AutoTests" name="[230] /home/travis/build/icyphy/ptII/ptolemy/actor/lib/test/auto/MovingAverage.xml (RunModel)" time="0.019" />
  <testcase classname="ptolemy.util.test.junit.AutoTests" name="[231] /home/travis/build/icyphy/ptII/ptolemy/actor/lib/test/auto/MovingMaximum.xml (RunModel)" time="0.011" />
  <testcase classname="ptolemy.util.test.junit.AutoTests" name="[232] /home/travis/build/icyphy/ptII/ptolemy/actor/lib/test/auto/MultipleLinksToSameRelation.xml (RunModel)" time="0.008" />
  <testcase classname="ptolemy.util.test.junit.AutoTests" name="[233] /home/travis/build/icyphy/ptII/ptolemy/actor/lib/test/auto/MultipleLinksToSameRelationDE.xml (RunModel)" time="0.009" />
  <testcase classname="ptolemy.util.test.junit.AutoTests" name="[234] /home/travis/build/icyphy/ptII/ptolemy/actor/lib/test/auto/Multiplexor.xml (RunModel)" time="0.011" />
  <testcase classname="ptolemy.util.test.junit.AutoTests" name="[235] /home/travis/build/icyphy/ptII/ptolemy/actor/lib/test/auto/Multiplexor1.xml (RunModel)" time="0.01" />
  <testcase classname="ptolemy.util.test.junit.AutoTests" name="[236] /home/travis/build/icyphy/ptII/ptolemy/actor/lib/test/auto/Multiplexor2.xml (RunModel)" time="0.016" />
  <testcase classname="ptolemy.util.test.junit.AutoTests" name="[237] /home/travis/build/icyphy/ptII/ptolemy/actor/lib/test/auto/Multiplexor3.xml (RunModel)" time="0.008" />
  <testcase classname="ptolemy.util.test.junit.AutoTests" name="[238] /home/travis/build/icyphy/ptII/ptolemy/actor/lib/test/auto/MultiplexorDE.xml (RunModel)" time="0.015" />
  <testcase classname="ptolemy.util.test.junit.AutoTests" name="[239] /home/travis/build/icyphy/ptII/ptolemy/actor/lib/test/auto/MultiportBroadcastTest.xml (RunModel)" time="0.101" />
  <testcase classname="ptolemy.util.test.junit.AutoTests" name="[240] /home/travis/build/icyphy/ptII/ptolemy/actor/lib/test/auto/MultiportOutHangDuringGetWidth.xml (RunModel)" time="0.04" />
  <testcase classname="ptolemy.util.test.junit.AutoTests" name="[241] /home/travis/build/icyphy/ptII/ptolemy/actor/lib/test/auto/NilToken.xml (RunModel)" time="0.011" />
  <testcase classname="ptolemy.util.test.junit.AutoTests" name="[242] /home/travis/build/icyphy/ptII/ptolemy/actor/lib/test/auto/NilTokenNonStrictTest.xml (RunModel)" time="0.01" />
  <testcase classname="ptolemy.util.test.junit.AutoTests" name="[243] /home/travis/build/icyphy/ptII/ptolemy/actor/lib/test/auto/NilTokenRecord.xml (RunModel)" time="0.02" />
  <testcase classname="ptolemy.util.test.junit.AutoTests" name="[244] /home/travis/build/icyphy/ptII/ptolemy/actor/lib/test/auto/NilTokenTypeTest.xml (RunModel)" time="0.03" />
  <testcase classname="ptolemy.util.test.junit.AutoTests" name="[245] /home/travis/build/icyphy/ptII/ptolemy/actor/lib/test/auto/ObjectToken1.xml (RunModel)" time="0.007" />
  <testcase classname="ptolemy.util.test.junit.AutoTests" name="[246] /home/travis/build/icyphy/ptII/ptolemy/actor/lib/test/auto/OrderedMerge.xml (RunModel)" time="0.015" />
  <testcase classname="ptolemy.util.test.junit.AutoTests" name="[247] /home/travis/build/icyphy/ptII/ptolemy/actor/lib/test/auto/OrderedRecordDisassembler.xml (RunModel)" time="0.018" />
  <testcase classname="ptolemy.util.test.junit.AutoTests" name="[248] /home/travis/build/icyphy/ptII/ptolemy/actor/lib/test/auto/OrderedRecordDisassembler2.xml (RunModel)" time="0.017" />
  <testcase classname="ptolemy.util.test.junit.AutoTests" name="[249] /home/travis/build/icyphy/ptII/ptolemy/actor/lib/test/auto/OrderedRecordUpdater.xml (RunModel)" time="0.009" />
  <testcase classname="ptolemy.util.test.junit.AutoTests" name="[250] /home/travis/build/icyphy/ptII/ptolemy/actor/lib/test/auto/OrderedRecordUpdater2.xml (RunModel)" time="0.015" />
  <testcase classname="ptolemy.util.test.junit.AutoTests" name="[251] /home/travis/build/icyphy/ptII/ptolemy/actor/lib/test/auto/PhaseUnwrap.xml (RunModel)" time="0.013" />
  <testcase classname="ptolemy.util.test.junit.AutoTests" name="[252] /home/travis/build/icyphy/ptII/ptolemy/actor/lib/test/auto/PoissonClock.xml (RunModel)" time="0.01" />
  <testcase classname="ptolemy.util.test.junit.AutoTests" name="[253] /home/travis/build/icyphy/ptII/ptolemy/actor/lib/test/auto/PoissonClock2.xml (RunModel)" time="0.006" />
  <testcase classname="ptolemy.util.test.junit.AutoTests" name="[254] /home/travis/build/icyphy/ptII/ptolemy/actor/lib/test/auto/PoissonClock3.xml (RunModel)" time="0.021" />
  <testcase classname="ptolemy.util.test.junit.AutoTests" name="[255] /home/travis/build/icyphy/ptII/ptolemy/actor/lib/test/auto/PubSubWithInitialTokens.xml (RunModel)" time="0.014" />
  <testcase classname="ptolemy.util.test.junit.AutoTests" name="[256] /home/travis/build/icyphy/ptII/ptolemy/actor/lib/test/auto/PubSubWithInitialTokens2.xml (RunModel)" time="0.009" />
  <testcase classname="ptolemy.util.test.junit.AutoTests" name="[257] /home/travis/build/icyphy/ptII/ptolemy/actor/lib/test/auto/PublisherClassNoParameter.xml (RunModel)" time="0.024" />
  <testcase classname="ptolemy.util.test.junit.AutoTests" name="[258] /home/travis/build/icyphy/ptII/ptolemy/actor/lib/test/auto/PublisherClassParameter.xml (RunModel)" time="0.02" />
  <testcase classname="ptolemy.util.test.junit.AutoTests" name="[259] /home/travis/build/icyphy/ptII/ptolemy/actor/lib/test/auto/PublisherNonStrictTest.xml (RunModel)" time="0.014" />
  <testcase classname="ptolemy.util.test.junit.AutoTests" name="[260] /home/travis/build/icyphy/ptII/ptolemy/actor/lib/test/auto/PublisherPort1.xml (RunModel)" time="0.009" />
  <testcase classname="ptolemy.util.test.junit.AutoTests" name="[261] /home/travis/build/icyphy/ptII/ptolemy/actor/lib/test/auto/PublisherPort2.xml (RunModel)" time="0.007" />
  <testcase classname="ptolemy.util.test.junit.AutoTests" name="[262] /home/travis/build/icyphy/ptII/ptolemy/actor/lib/test/auto/PublisherPort3.xml (RunModel)" time="0.018" />
  <testcase classname="ptolemy.util.test.junit.AutoTests" name="[263] /home/travis/build/icyphy/ptII/ptolemy/actor/lib/test/auto/PublisherPort4.xml (RunModel)" time="0.014" />
  <testcase classname="ptolemy.util.test.junit.AutoTests" name="[264] /home/travis/build/icyphy/ptII/ptolemy/actor/lib/test/auto/PublisherPort5.xml (RunModel)" time="0.012" />
  <testcase classname="ptolemy.util.test.junit.AutoTests" name="[265] /home/travis/build/icyphy/ptII/ptolemy/actor/lib/test/auto/PublisherPort5LookAlike.xml (RunModel)" time="0.016" />
  <testcase classname="ptolemy.util.test.junit.AutoTests" name="[266] /home/travis/build/icyphy/ptII/ptolemy/actor/lib/test/auto/PublisherPort6.xml (RunModel)" time="0.013" />
  <testcase classname="ptolemy.util.test.junit.AutoTests" name="[267] /home/travis/build/icyphy/ptII/ptolemy/actor/lib/test/auto/PublisherPort7.xml (RunModel)" time="0.013" />
  <testcase classname="ptolemy.util.test.junit.AutoTests" name="[268] /home/travis/build/icyphy/ptII/ptolemy/actor/lib/test/auto/PublisherPort8.xml (RunModel)" time="0.021" />
  <testcase classname="ptolemy.util.test.junit.AutoTests" name="[269] /home/travis/build/icyphy/ptII/ptolemy/actor/lib/test/auto/PublisherPortSubscriberChannelVariablesAOC2.xml (RunModel)" time="0.028" />
  <testcase classname="ptolemy.util.test.junit.AutoTests" name="[270] /home/travis/build/icyphy/ptII/ptolemy/actor/lib/test/auto/PublisherPortSubscriberOpaqueWidthInference.xml (RunModel)" time="0.012" />
  <testcase classname="ptolemy.util.test.junit.AutoTests" name="[271] /home/travis/build/icyphy/ptII/ptolemy/actor/lib/test/auto/PublisherPortSubscriberPortAdjacent.xml (RunModel)" time="0.016" />
  <testcase classname="ptolemy.util.test.junit.AutoTests" name="[272] /home/travis/build/icyphy/ptII/ptolemy/actor/lib/test/auto/PublisherPortSubscriberPortExpression.xml (RunModel)" time="0.014" />
  <testcase classname="ptolemy.util.test.junit.AutoTests" name="[273] /home/travis/build/icyphy/ptII/ptolemy/actor/lib/test/auto/PublisherPortSubscriberPortOpaqueD3Reverse.xml (RunModel)" time="0.033" />
  <testcase classname="ptolemy.util.test.junit.AutoTests" name="[274] /home/travis/build/icyphy/ptII/ptolemy/actor/lib/test/auto/PublisherPortSubscriberPortOpaqueWidthInference.xml (RunModel)" time="0.033" />
  <testcase classname="ptolemy.util.test.junit.AutoTests" name="[275] /home/travis/build/icyphy/ptII/ptolemy/actor/lib/test/auto/PublisherPortToplevelSubscriberPortAOC.xml (RunModel)" time="0.009" />
  <testcase classname="ptolemy.util.test.junit.AutoTests" name="[276] /home/travis/build/icyphy/ptII/ptolemy/actor/lib/test/auto/PublisherSubscriber.xml (RunModel)" time="0.011" />
  <testcase classname="ptolemy.util.test.junit.AutoTests" name="[277] /home/travis/build/icyphy/ptII/ptolemy/actor/lib/test/auto/PublisherSubscriber10.xml (RunModel)" time="0.02" />
  <testcase classname="ptolemy.util.test.junit.AutoTests" name="[278] /home/travis/build/icyphy/ptII/ptolemy/actor/lib/test/auto/PublisherSubscriber10InitialOutputs.xml (RunModel)" time="0.03" />
  <testcase classname="ptolemy.util.test.junit.AutoTests" name="[279] /home/travis/build/icyphy/ptII/ptolemy/actor/lib/test/auto/PublisherSubscriber11.xml (RunModel)" time="0.019" />
  <testcase classname="ptolemy.util.test.junit.AutoTests" name="[280] /home/travis/build/icyphy/ptII/ptolemy/actor/lib/test/auto/PublisherSubscriber12.xml (RunModel)" time="0.02" />
  <testcase classname="ptolemy.util.test.junit.AutoTests" name="[281] /home/travis/build/icyphy/ptII/ptolemy/actor/lib/test/auto/PublisherSubscriber13.xml (RunModel)" time="0.011" />
  <testcase classname="ptolemy.util.test.junit.AutoTests" name="[282] /home/travis/build/icyphy/ptII/ptolemy/actor/lib/test/auto/PublisherSubscriber14.xml (RunModel)" time="0.019" />
  <testcase classname="ptolemy.util.test.junit.AutoTests" name="[283] /home/travis/build/icyphy/ptII/ptolemy/actor/lib/test/auto/PublisherSubscriber2.xml (RunModel)" time="0.042" />
  <testcase classname="ptolemy.util.test.junit.AutoTests" name="[284] /home/travis/build/icyphy/ptII/ptolemy/actor/lib/test/auto/PublisherSubscriber3.xml (RunModel)" time="0.008" />
  <testcase classname="ptolemy.util.test.junit.AutoTests" name="[285] /home/travis/build/icyphy/ptII/ptolemy/actor/lib/test/auto/PublisherSubscriber4.xml (RunModel)" time="0.007" />
  <testcase classname="ptolemy.util.test.junit.AutoTests" name="[286] /home/travis/build/icyphy/ptII/ptolemy/actor/lib/test/auto/PublisherSubscriber5.xml (RunModel)" time="0.009" />
  <testcase classname="ptolemy.util.test.junit.AutoTests" name="[287] /home/travis/build/icyphy/ptII/ptolemy/actor/lib/test/auto/PublisherSubscriber6.xml (RunModel)" time="0.014" />
  <testcase classname="ptolemy.util.test.junit.AutoTests" name="[288] /home/travis/build/icyphy/ptII/ptolemy/actor/lib/test/auto/PublisherSubscriber7.xml (RunModel)" time="0.016" />
  <testcase classname="ptolemy.util.test.junit.AutoTests" name="[289] /home/travis/build/icyphy/ptII/ptolemy/actor/lib/test/auto/PublisherSubscriber8.xml (RunModel)" time="0.032" />
  <testcase classname="ptolemy.util.test.junit.AutoTests" name="[290] /home/travis/build/icyphy/ptII/ptolemy/actor/lib/test/auto/PublisherSubscriber9.xml (RunModel)" time="0.015" />
  <testcase classname="ptolemy.util.test.junit.AutoTests" name="[291] /home/travis/build/icyphy/ptII/ptolemy/actor/lib/test/auto/PublisherSubscriberAdjacent.xml (RunModel)" time="0.014" />
  <testcase classname="ptolemy.util.test.junit.AutoTests" name="[292] /home/travis/build/icyphy/ptII/ptolemy/actor/lib/test/auto/PublisherSubscriberChannelVariablesAOC2.xml (RunModel)" time="0.022" />
  <testcase classname="ptolemy.util.test.junit.AutoTests" name="[293] /home/travis/build/icyphy/ptII/ptolemy/actor/lib/test/auto/PublisherSubscriberD3.xml (RunModel)" time="0.011" />
  <testcase classname="ptolemy.util.test.junit.AutoTests" name="[294] /home/travis/build/icyphy/ptII/ptolemy/actor/lib/test/auto/PublisherSubscriberD3Reverse.xml (RunModel)" time="0.009" />
  <testcase classname="ptolemy.util.test.junit.AutoTests" name="[295] /home/travis/build/icyphy/ptII/ptolemy/actor/lib/test/auto/PublisherSubscriberExpression.xml (RunModel)" time="0.013" />
  <testcase classname="ptolemy.util.test.junit.AutoTests" name="[296] /home/travis/build/icyphy/ptII/ptolemy/actor/lib/test/auto/PublisherSubscriberOpaque.xml (RunModel)" time="0.013" />
  <testcase classname="ptolemy.util.test.junit.AutoTests" name="[297] /home/travis/build/icyphy/ptII/ptolemy/actor/lib/test/auto/PublisherSubscriberOpaqueD3.xml (RunModel)" time="0.019" />
  <testcase classname="ptolemy.util.test.junit.AutoTests" name="[298] /home/travis/build/icyphy/ptII/ptolemy/actor/lib/test/auto/PublisherSubscriberOpaqueD3Reverse.xml (RunModel)" time="0.019" />
  <testcase classname="ptolemy.util.test.junit.AutoTests" name="[299] /home/travis/build/icyphy/ptII/ptolemy/actor/lib/test/auto/PublisherSubscriberOpaqueWidthInference.xml (RunModel)" time="0.016" />
  <testcase classname="ptolemy.util.test.junit.AutoTests" name="[300] /home/travis/build/icyphy/ptII/ptolemy/actor/lib/test/auto/PublisherTestSubscriber.xml (RunModel)" time="0.013" />
  <testcase classname="ptolemy.util.test.junit.AutoTests" name="[301] /home/travis/build/icyphy/ptII/ptolemy/actor/lib/test/auto/PublisherToplevelSubscriberPortAOC.xml (RunModel)" time="0.017" />
  <testcase classname="ptolemy.util.test.junit.AutoTests" name="[302] /home/travis/build/icyphy/ptII/ptolemy/actor/lib/test/auto/PulseFiringLimitDE.xml (RunModel)" time="0.013" />
  <testcase classname="ptolemy.util.test.junit.AutoTests" name="[303] /home/travis/build/icyphy/ptII/ptolemy/actor/lib/test/auto/Ramp1.xml (RunModel)" time="0.006" />
  <testcase classname="ptolemy.util.test.junit.AutoTests" name="[304] /home/travis/build/icyphy/ptII/ptolemy/actor/lib/test/auto/RampFiringLimitDE.xml (RunModel)" time="0.009" />
  <testcase classname="ptolemy.util.test.junit.AutoTests" name="[305] /home/travis/build/icyphy/ptII/ptolemy/actor/lib/test/auto/RampFiringLimitSDF.xml (RunModel)" time="0.008" />
  <testcase classname="ptolemy.util.test.junit.AutoTests" name="[306] /home/travis/build/icyphy/ptII/ptolemy/actor/lib/test/auto/RandomInteger.xml (RunModel)" time="0.007" />
  <testcase classname="ptolemy.util.test.junit.AutoTests" name="[307] /home/travis/build/icyphy/ptII/ptolemy/actor/lib/test/auto/ReadFile1.xml (RunModel)" time="0.007" />
  <testcase classname="ptolemy.util.test.junit.AutoTests" name="[308] /home/travis/build/icyphy/ptII/ptolemy/actor/lib/test/auto/ReadFile2.xml (RunModel)" time="0.006" />
  <testcase classname="ptolemy.util.test.junit.AutoTests" name="[309] /home/travis/build/icyphy/ptII/ptolemy/actor/lib/test/auto/Reader.xml (RunModel)" time="0.011" />
  <testcase classname="ptolemy.util.test.junit.AutoTests" name="[310] /home/travis/build/icyphy/ptII/ptolemy/actor/lib/test/auto/RecordAssemblerDisplayNameTest.xml (RunModel)" time="3.431" />
  <testcase classname="ptolemy.util.test.junit.AutoTests" name="[311] /home/travis/build/icyphy/ptII/ptolemy/actor/lib/test/auto/RecordAssemblerTypeError.xml (RunModel)" time="0.035" />
  <testcase classname="ptolemy.util.test.junit.AutoTests" name="[312] /home/travis/build/icyphy/ptII/ptolemy/actor/lib/test/auto/RecordDisassember.xml (RunModel)" time="0.018" />
  <testcase classname="ptolemy.util.test.junit.AutoTests" name="[313] /home/travis/build/icyphy/ptII/ptolemy/actor/lib/test/auto/RecordDisassemberDisplayNameTest.xml (RunModel)" time="0.017" />
  <testcase classname="ptolemy.util.test.junit.AutoTests" name="[314] /home/travis/build/icyphy/ptII/ptolemy/actor/lib/test/auto/RecordDisassembler.xml (RunModel)" time="0.008" />
  <testcase classname="ptolemy.util.test.junit.AutoTests" name="[315] /home/travis/build/icyphy/ptII/ptolemy/actor/lib/test/auto/RecordDisassembler2.xml (RunModel)" time="0.009" />
  <testcase classname="ptolemy.util.test.junit.AutoTests" name="[316] /home/travis/build/icyphy/ptII/ptolemy/actor/lib/test/auto/RecordUpdater.xml (RunModel)" time="0.011" />
  <testcase classname="ptolemy.util.test.junit.AutoTests" name="[317] /home/travis/build/icyphy/ptII/ptolemy/actor/lib/test/auto/RecordUpdater2.xml (RunModel)" time="0.008" />
  <testcase classname="ptolemy.util.test.junit.AutoTests" name="[318] /home/travis/build/icyphy/ptII/ptolemy/actor/lib/test/auto/RecursiveLattice.xml (RunModel)" time="0.009" />
  <testcase classname="ptolemy.util.test.junit.AutoTests" name="[319] /home/travis/build/icyphy/ptII/ptolemy/actor/lib/test/auto/Router.xml (RunModel)" time="3.024" />
  <testcase classname="ptolemy.util.test.junit.AutoTests" name="[320] /home/travis/build/icyphy/ptII/ptolemy/actor/lib/test/auto/Router2.xml (RunModel)" time="3.026" />
  <testcase classname="ptolemy.util.test.junit.AutoTests" name="[321] /home/travis/build/icyphy/ptII/ptolemy/actor/lib/test/auto/RunningMaximum.xml (RunModel)" time="0.017" />
  <testcase classname="ptolemy.util.test.junit.AutoTests" name="[322] /home/travis/build/icyphy/ptII/ptolemy/actor/lib/test/auto/RunningMinimum.xml (RunModel)" time="0.019" />
  <testcase classname="ptolemy.util.test.junit.AutoTests" name="[323] /home/travis/build/icyphy/ptII/ptolemy/actor/lib/test/auto/Scale.xml (RunModel)" time="0.014" />
  <testcase classname="ptolemy.util.test.junit.AutoTests" name="[324] /home/travis/build/icyphy/ptII/ptolemy/actor/lib/test/auto/Scale2.xml (RunModel)" time="0.017" />
  <testcase classname="ptolemy.util.test.junit.AutoTests" name="[325] /home/travis/build/icyphy/ptII/ptolemy/actor/lib/test/auto/Scale3.xml (RunModel)" time="0.013" />
  <testcase classname="ptolemy.util.test.junit.AutoTests" name="[326] /home/travis/build/icyphy/ptII/ptolemy/actor/lib/test/auto/ScaleArray.xml (RunModel)" time="0.008" />
  <testcase classname="ptolemy.util.test.junit.AutoTests" name="[327] /home/travis/build/icyphy/ptII/ptolemy/actor/lib/test/auto/ScaleArray2.xml (RunModel)" time="0.007" />
  <testcase classname="ptolemy.util.test.junit.AutoTests" name="[328] /home/travis/build/icyphy/ptII/ptolemy/actor/lib/test/auto/ScaleMatrix.xml (RunModel)" time="0.202" />
  <testcase classname="ptolemy.util.test.junit.AutoTests" name="[329] /home/travis/build/icyphy/ptII/ptolemy/actor/lib/test/auto/Select.xml (RunModel)" time="0.039" />
  <testcase classname="ptolemy.util.test.junit.AutoTests" name="[330] /home/travis/build/icyphy/ptII/ptolemy/actor/lib/test/auto/Select2.xml (RunModel)" time="0.008" />
  <testcase classname="ptolemy.util.test.junit.AutoTests" name="[331] /home/travis/build/icyphy/ptII/ptolemy/actor/lib/test/auto/SequenceToArray2.xml (RunModel)" time="0.133" />
  <testcase classname="ptolemy.util.test.junit.AutoTests" name="[332] /home/travis/build/icyphy/ptII/ptolemy/actor/lib/test/auto/SequentialClock.xml (RunModel)" time="0.012" />
  <testcase classname="ptolemy.util.test.junit.AutoTests" name="[333] /home/travis/build/icyphy/ptII/ptolemy/actor/lib/test/auto/SetVariable.xml (RunModel)" time="0.01" />
  <testcase classname="ptolemy.util.test.junit.AutoTests" name="[334] /home/travis/build/icyphy/ptII/ptolemy/actor/lib/test/auto/SetVariable2.xml (RunModel)" time="0.009" />
  <testcase classname="ptolemy.util.test.junit.AutoTests" name="[335] /home/travis/build/icyphy/ptII/ptolemy/actor/lib/test/auto/SetVariable3.xml (RunModel)" time="0.015" />
  <testcase classname="ptolemy.util.test.junit.AutoTests" name="[336] /home/travis/build/icyphy/ptII/ptolemy/actor/lib/test/auto/SetVariable4.xml (RunModel)" time="0.027" />
  <testcase classname="ptolemy.util.test.junit.AutoTests" name="[337] /home/travis/build/icyphy/ptII/ptolemy/actor/lib/test/auto/SetVariable5.xml (RunModel)" time="0.025" />
  <testcase classname="ptolemy.util.test.junit.AutoTests" name="[338] /home/travis/build/icyphy/ptII/ptolemy/actor/lib/test/auto/Sinewave.xml (RunModel)" time="0.026" />
  <testcase classname="ptolemy.util.test.junit.AutoTests" name="[339] /home/travis/build/icyphy/ptII/ptolemy/actor/lib/test/auto/Sinewave2.xml (RunModel)" time="0.027" />
  <testcase classname="ptolemy.util.test.junit.AutoTests" name="[340] /home/travis/build/icyphy/ptII/ptolemy/actor/lib/test/auto/Sinewave3.xml (RunModel)" time="0.021" />
  <testcase classname="ptolemy.util.test.junit.AutoTests" name="[341] /home/travis/build/icyphy/ptII/ptolemy/actor/lib/test/auto/SingleEvent.xml (RunModel)" time="0.008" />
  <testcase classname="ptolemy.util.test.junit.AutoTests" name="[342] /home/travis/build/icyphy/ptII/ptolemy/actor/lib/test/auto/Sleep.xml (RunModel)" time="6.022" />
  <testcase classname="ptolemy.util.test.junit.AutoTests" name="[343] /home/travis/build/icyphy/ptII/ptolemy/actor/lib/test/auto/SleepMultipleFire.xml (RunModel)" time="1.021" />
  <testcase classname="ptolemy.util.test.junit.AutoTests" name="[344] /home/travis/build/icyphy/ptII/ptolemy/actor/lib/test/auto/StopDE.xml (RunModel)" time="0.013" />
  <testcase classname="ptolemy.util.test.junit.AutoTests" name="[345] /home/travis/build/icyphy/ptII/ptolemy/actor/lib/test/auto/StopSDF.xml (RunModel)" time="0.013" />
  <testcase classname="ptolemy.util.test.junit.AutoTests" name="[346] /home/travis/build/icyphy/ptII/ptolemy/actor/lib/test/auto/StringConstant.xml (RunModel)" time="0.021" />
  <testcase classname="ptolemy.util.test.junit.AutoTests" name="[347] /home/travis/build/icyphy/ptII/ptolemy/actor/lib/test/auto/SubscriberPortInitialValues1.xml (RunModel)" time="0.02" />
  <testcase classname="ptolemy.util.test.junit.AutoTests" name="[348] /home/travis/build/icyphy/ptII/ptolemy/actor/lib/test/auto/SubscriberPortInitialValues13.xml (RunModel)" time="0.029" />
  <testcase classname="ptolemy.util.test.junit.AutoTests" name="[349] /home/travis/build/icyphy/ptII/ptolemy/actor/lib/test/auto/SubscriberPortInitialValues14.xml (RunModel)" time="0.017" />
  <testcase classname="ptolemy.util.test.junit.AutoTests" name="[350] /home/travis/build/icyphy/ptII/ptolemy/actor/lib/test/auto/SubscriberPortInitialValues2.xml (RunModel)" time="0.015" />
  <testcase classname="ptolemy.util.test.junit.AutoTests" name="[351] /home/travis/build/icyphy/ptII/ptolemy/actor/lib/test/auto/SubscriberPortInitialValues3.xml (RunModel)" time="0.019" />
  <testcase classname="ptolemy.util.test.junit.AutoTests" name="[352] /home/travis/build/icyphy/ptII/ptolemy/actor/lib/test/auto/SubscriptionAggregator.xml (RunModel)" time="0.01" />
  <testcase classname="ptolemy.util.test.junit.AutoTests" name="[353] /home/travis/build/icyphy/ptII/ptolemy/actor/lib/test/auto/SubscriptionAggregator2.xml (RunModel)" time="0.012" />
  <testcase classname="ptolemy.util.test.junit.AutoTests" name="[354] /home/travis/build/icyphy/ptII/ptolemy/actor/lib/test/auto/SubscriptionAggregator3.xml (RunModel)" time="0.017" />
  <testcase classname="ptolemy.util.test.junit.AutoTests" name="[355] /home/travis/build/icyphy/ptII/ptolemy/actor/lib/test/auto/SubscriptionAggregatorMultiply.xml (RunModel)" time="0.014" />
  <testcase classname="ptolemy.util.test.junit.AutoTests" name="[356] /home/travis/build/icyphy/ptII/ptolemy/actor/lib/test/auto/SubscriptionAggregatorPortMultiply1.xml (RunModel)" time="0.012" />
  <testcase classname="ptolemy.util.test.junit.AutoTests" name="[357] /home/travis/build/icyphy/ptII/ptolemy/actor/lib/test/auto/Switch.xml (RunModel)" time="0.017" />
  <testcase classname="ptolemy.util.test.junit.AutoTests" name="[358] /home/travis/build/icyphy/ptII/ptolemy/actor/lib/test/auto/Switch2.xml (RunModel)" time="0.011" />
  <testcase classname="ptolemy.util.test.junit.AutoTests" name="[359] /home/travis/build/icyphy/ptII/ptolemy/actor/lib/test/auto/SwitchDE.xml (RunModel)" time="0.013" />
  <testcase classname="ptolemy.util.test.junit.AutoTests" name="[360] /home/travis/build/icyphy/ptII/ptolemy/actor/lib/test/auto/SynchronizerDE.xml (RunModel)" time="0.02" />
  <testcase classname="ptolemy.util.test.junit.AutoTests" name="[361] /home/travis/build/icyphy/ptII/ptolemy/actor/lib/test/auto/Test.xml (RunModel)" time="0.008" />
  <testcase classname="ptolemy.util.test.junit.AutoTests" name="[362] /home/travis/build/icyphy/ptII/ptolemy/actor/lib/test/auto/TestExceptionAttribute1.xml (RunModel)" time="0.007" />
  <testcase classname="ptolemy.util.test.junit.AutoTests" name="[363] /home/travis/build/icyphy/ptII/ptolemy/actor/lib/test/auto/TestExceptionAttribute2.xml (RunModel)" time="0.007" />
  <testcase classname="ptolemy.util.test.junit.AutoTests" name="[364] /home/travis/build/icyphy/ptII/ptolemy/actor/lib/test/auto/TestExceptionAttribute3.xml (RunModel)" time="0.01" />
  <testcase classname="ptolemy.util.test.junit.AutoTests" name="[365] /home/travis/build/icyphy/ptII/ptolemy/actor/lib/test/auto/TestExceptionAttribute4.xml (RunModel)" time="0.007" />
  <testcase classname="ptolemy.util.test.junit.AutoTests" name="[366] /home/travis/build/icyphy/ptII/ptolemy/actor/lib/test/auto/TestExceptionHandler1.xml (RunModel)" time="0.009" />
  <testcase classname="ptolemy.util.test.junit.AutoTests" name="[367] /home/travis/build/icyphy/ptII/ptolemy/actor/lib/test/auto/TestExceptionHandler2.xml (RunModel)" time="0.009" />
  <testcase classname="ptolemy.util.test.junit.AutoTests" name="[368] /home/travis/build/icyphy/ptII/ptolemy/actor/lib/test/auto/TestExceptionHandler3.xml (RunModel)" time="0.005" />
  <testcase classname="ptolemy.util.test.junit.AutoTests" name="[369] /home/travis/build/icyphy/ptII/ptolemy/actor/lib/test/auto/TestExceptionHandler4.xml (RunModel)" time="0.005" />
  <testcase classname="ptolemy.util.test.junit.AutoTests" name="[370] /home/travis/build/icyphy/ptII/ptolemy/actor/lib/test/auto/TestRequireCorrectOrder.xml (RunModel)" time="0.008" />
  <testcase classname="ptolemy.util.test.junit.AutoTests" name="[371] /home/travis/build/icyphy/ptII/ptolemy/actor/lib/test/auto/TestSimple.xml (RunModel)" time="0.006" />
  <testcase classname="ptolemy.util.test.junit.AutoTests" name="[372] /home/travis/build/icyphy/ptII/ptolemy/actor/lib/test/auto/ThrowModelError.xml (RunModel)" time="0.01" />
  <testcase classname="ptolemy.util.test.junit.AutoTests" name="[373] /home/travis/build/icyphy/ptII/ptolemy/actor/lib/test/auto/TimeDelayMicrosteps.xml (RunModel)" time="0.014" />
  <testcase classname="ptolemy.util.test.junit.AutoTests" name="[374] /home/travis/build/icyphy/ptII/ptolemy/actor/lib/test/auto/TimeDelayMicrosteps2.xml (RunModel)" time="0.013" />
  <testcase classname="ptolemy.util.test.junit.AutoTests" name="[375] /home/travis/build/icyphy/ptII/ptolemy/actor/lib/test/auto/TimeDelayMicrosteps3.xml (RunModel)" time="0.044" />
  <testcase classname="ptolemy.util.test.junit.AutoTests" name="[376] /home/travis/build/icyphy/ptII/ptolemy/actor/lib/test/auto/TimeDelayVariableMicrosteps.xml (RunModel)" time="0.011" />
  <testcase classname="ptolemy.util.test.junit.AutoTests" name="[377] /home/travis/build/icyphy/ptII/ptolemy/actor/lib/test/auto/TimeGap.xml (RunModel)" time="0.015" />
  <testcase classname="ptolemy.util.test.junit.AutoTests" name="[378] /home/travis/build/icyphy/ptII/ptolemy/actor/lib/test/auto/TimeGap2.xml (RunModel)" time="0.01" />
  <testcase classname="ptolemy.util.test.junit.AutoTests" name="[379] /home/travis/build/icyphy/ptII/ptolemy/actor/lib/test/auto/TimedSinewave.xml (RunModel)" time="0.051" />
  <testcase classname="ptolemy.util.test.junit.AutoTests" name="[380] /home/travis/build/icyphy/ptII/ptolemy/actor/lib/test/auto/TimedSinewavePhase.xml (RunModel)" time="0.037" />
  <testcase classname="ptolemy.util.test.junit.AutoTests" name="[381] /home/travis/build/icyphy/ptII/ptolemy/actor/lib/test/auto/Timer.xml (RunModel)" time="0.011" />
  <testcase classname="ptolemy.util.test.junit.AutoTests" name="[382] /home/travis/build/icyphy/ptII/ptolemy/actor/lib/test/auto/TriangularDistTestModel.xml (RunModel)" time="0.017" />
  <testcase classname="ptolemy.util.test.junit.AutoTests" name="[383] /home/travis/build/icyphy/ptII/ptolemy/actor/lib/test/auto/TrigFunction.xml (RunModel)" time="0.008" />
  <testcase classname="ptolemy.util.test.junit.AutoTests" name="[384] /home/travis/build/icyphy/ptII/ptolemy/actor/lib/test/auto/TrigFunctionDE.xml (RunModel)" time="0.01" />
  <testcase classname="ptolemy.util.test.junit.AutoTests" name="[385] /home/travis/build/icyphy/ptII/ptolemy/actor/lib/test/auto/TrigFunctionInverse.xml (RunModel)" time="0.009" />
  <testcase classname="ptolemy.util.test.junit.AutoTests" name="[386] /home/travis/build/icyphy/ptII/ptolemy/actor/lib/test/auto/TrigFunctionTan.xml (RunModel)" time="0.007" />
  <testcase classname="ptolemy.util.test.junit.AutoTests" name="[387] /home/travis/build/icyphy/ptII/ptolemy/actor/lib/test/auto/TriggeredClock.xml (RunModel)" time="0.008" />
  <testcase classname="ptolemy.util.test.junit.AutoTests" name="[388] /home/travis/build/icyphy/ptII/ptolemy/actor/lib/test/auto/URLDirectoryReader.xml (RunModel)" time="0.082" />
  <testcase classname="ptolemy.util.test.junit.AutoTests" name="[389] /home/travis/build/icyphy/ptII/ptolemy/actor/lib/test/auto/URLDirectoryReader3.xml (RunModel)" time="1.765" />
  <testcase classname="ptolemy.util.test.junit.AutoTests" name="[390] /home/travis/build/icyphy/ptII/ptolemy/actor/lib/test/auto/UnaryMathFunction.xml (RunModel)" time="0.021" />
  <testcase classname="ptolemy.util.test.junit.AutoTests" name="[391] /home/travis/build/icyphy/ptII/ptolemy/actor/lib/test/auto/Uniform.xml (RunModel)" time="0.017" />
  <testcase classname="ptolemy.util.test.junit.AutoTests" name="[392] /home/travis/build/icyphy/ptII/ptolemy/actor/lib/test/auto/UnionDisassemblerTest.xml (RunModel)" time="0.015" />
  <testcase classname="ptolemy.util.test.junit.AutoTests" name="[393] /home/travis/build/icyphy/ptII/ptolemy/actor/lib/test/auto/UtilityFunctions.xml (RunModel)" time="0.007" />
  <testcase classname="ptolemy.util.test.junit.AutoTests" name="[394] /home/travis/build/icyphy/ptII/ptolemy/actor/lib/test/auto/VariableSleep.xml (RunModel)" time="0.511" />
  <testcase classname="ptolemy.util.test.junit.AutoTests" name="[395] /home/travis/build/icyphy/ptII/ptolemy/actor/lib/test/auto/VectorAssemblerDisassemblerCT.xml (RunModel)" time="0.101" />
  <testcase classname="ptolemy.util.test.junit.AutoTests" name="[396] /home/travis/build/icyphy/ptII/ptolemy/actor/lib/test/auto/VectorAssemblerDisassemblerDE.xml (RunModel)" time="0.021" />
  <testcase classname="ptolemy.util.test.junit.AutoTests" name="[397] /home/travis/build/icyphy/ptII/ptolemy/actor/lib/test/auto/VectorAssemblerDisassemblerSDF.xml (RunModel)" time="0.011" />
  <testcase classname="ptolemy.util.test.junit.AutoTests" name="[398] /home/travis/build/icyphy/ptII/ptolemy/actor/lib/test/auto/WallClockTime.xml (RunModel)" time="1.011" />
  <testcase classname="ptolemy.util.test.junit.AutoTests" name="[399] /home/travis/build/icyphy/ptII/ptolemy/actor/lib/test/auto/WidthTestWithSubscriberPublisher.xml (RunModel)" time="0.039" />
  <testcase classname="ptolemy.util.test.junit.AutoTests" name="[400] /home/travis/build/icyphy/ptII/ptolemy/actor/lib/test/auto/WidthTestWithSubscriberPublisher2.xml (RunModel)" time="0.016" />
  <testcase classname="ptolemy.util.test.junit.AutoTests" name="[401] /home/travis/build/icyphy/ptII/ptolemy/actor/lib/test/auto/WidthTestWithSubscriberPublisher3.xml (RunModel)" time="0.012" />
  <testcase classname="ptolemy.util.test.junit.AutoTests" name="[402] /home/travis/build/icyphy/ptII/ptolemy/actor/lib/test/auto/Writer.xml (RunModel)" time="0.007" />
  <testcase classname="ptolemy.util.test.junit.AutoTests" name="[403] /home/travis/build/icyphy/ptII/ptolemy/actor/lib/test/auto/array.xml (RunModel)" time="0.018" />
  <testcase classname="ptolemy.util.test.junit.AutoTests" name="[404] /home/travis/build/icyphy/ptII/ptolemy/actor/lib/test/auto/array2.xml (RunModel)" time="0.011" />
  <testcase classname="ptolemy.util.test.junit.AutoTests" name="[405] /home/travis/build/icyphy/ptII/ptolemy/actor/lib/test/auto/arrayType.xml (RunModel)" time="0.01" />
  <testcase classname="ptolemy.util.test.junit.AutoTests" name="[406] /home/travis/build/icyphy/ptII/ptolemy/actor/lib/test/auto/arrayType10.xml (RunModel)" time="0.008" />
  <testcase classname="ptolemy.util.test.junit.AutoTests" name="[407] /home/travis/build/icyphy/ptII/ptolemy/actor/lib/test/auto/arrayType11.xml (RunModel)" time="0.007" />
  <testcase classname="ptolemy.util.test.junit.AutoTests" name="[408] /home/travis/build/icyphy/ptII/ptolemy/actor/lib/test/auto/arrayType12.xml (RunModel)" time="0.007" />
  <testcase classname="ptolemy.util.test.junit.AutoTests" name="[409] /home/travis/build/icyphy/ptII/ptolemy/actor/lib/test/auto/arrayType13.xml (RunModel)" time="0.007" />
  <testcase classname="ptolemy.util.test.junit.AutoTests" name="[410] /home/travis/build/icyphy/ptII/ptolemy/actor/lib/test/auto/arrayType14.xml (RunModel)" time="0.012" />
  <testcase classname="ptolemy.util.test.junit.AutoTests" name="[411] /home/travis/build/icyphy/ptII/ptolemy/actor/lib/test/auto/arrayType15.xml (RunModel)" time="0.017" />
  <testcase classname="ptolemy.util.test.junit.AutoTests" name="[412] /home/travis/build/icyphy/ptII/ptolemy/actor/lib/test/auto/arrayType16.xml (RunModel)" time="0.008" />
  <testcase classname="ptolemy.util.test.junit.AutoTests" name="[413] /home/travis/build/icyphy/ptII/ptolemy/actor/lib/test/auto/arrayType17.xml (RunModel)" time="0.008" />
  <testcase classname="ptolemy.util.test.junit.AutoTests" name="[414] /home/travis/build/icyphy/ptII/ptolemy/actor/lib/test/auto/arrayType18.xml (RunModel)" time="0.007" />
  <testcase classname="ptolemy.util.test.junit.AutoTests" name="[415] /home/travis/build/icyphy/ptII/ptolemy/actor/lib/test/auto/arrayType19.xml (RunModel)" time="0.007" />
  <testcase classname="ptolemy.util.test.junit.AutoTests" name="[416] /home/travis/build/icyphy/ptII/ptolemy/actor/lib/test/auto/arrayType2.xml (RunModel)" time="0.008" />
  <testcase classname="ptolemy.util.test.junit.AutoTests" name="[417] /home/travis/build/icyphy/ptII/ptolemy/actor/lib/test/auto/arrayType20.xml (RunModel)" time="0.008" />
  <testcase classname="ptolemy.util.test.junit.AutoTests" name="[418] /home/travis/build/icyphy/ptII/ptolemy/actor/lib/test/auto/arrayType21.xml (RunModel)" time="0.007" />
  <testcase classname="ptolemy.util.test.junit.AutoTests" name="[419] /home/travis/build/icyphy/ptII/ptolemy/actor/lib/test/auto/arrayType22.xml (RunModel)" time="0.007" />
  <testcase classname="ptolemy.util.test.junit.AutoTests" name="[420] /home/travis/build/icyphy/ptII/ptolemy/actor/lib/test/auto/arrayType23.xml (RunModel)" time="0.007" />
  <testcase classname="ptolemy.util.test.junit.AutoTests" name="[421] /home/travis/build/icyphy/ptII/ptolemy/actor/lib/test/auto/arrayType24.xml (RunModel)" time="0.008" />
  <testcase classname="ptolemy.util.test.junit.AutoTests" name="[422] /home/travis/build/icyphy/ptII/ptolemy/actor/lib/test/auto/arrayType25.xml (RunModel)" time="0.009" />
  <testcase classname="ptolemy.util.test.junit.AutoTests" name="[423] /home/travis/build/icyphy/ptII/ptolemy/actor/lib/test/auto/arrayType26.xml (RunModel)" time="0.008" />
  <testcase classname="ptolemy.util.test.junit.AutoTests" name="[424] /home/travis/build/icyphy/ptII/ptolemy/actor/lib/test/auto/arrayType27.xml (RunModel)" time="0.007" />
  <testcase classname="ptolemy.util.test.junit.AutoTests" name="[425] /home/travis/build/icyphy/ptII/ptolemy/actor/lib/test/auto/arrayType28.xml (RunModel)" time="0.01" />
  <testcase classname="ptolemy.util.test.junit.AutoTests" name="[426] /home/travis/build/icyphy/ptII/ptolemy/actor/lib/test/auto/arrayType3.xml (RunModel)" time="0.008" />
  <testcase classname="ptolemy.util.test.junit.AutoTests" name="[427] /home/travis/build/icyphy/ptII/ptolemy/actor/lib/test/auto/arrayType4.xml (RunModel)" time="0.025" />
  <testcase classname="ptolemy.util.test.junit.AutoTests" name="[428] /home/travis/build/icyphy/ptII/ptolemy/actor/lib/test/auto/arrayType5.xml (RunModel)" time="0.009" />
  <testcase classname="ptolemy.util.test.junit.AutoTests" name="[429] /home/travis/build/icyphy/ptII/ptolemy/actor/lib/test/auto/arrayType6.xml (RunModel)" time="0.008" />
  <testcase classname="ptolemy.util.test.junit.AutoTests" name="[430] /home/travis/build/icyphy/ptII/ptolemy/actor/lib/test/auto/arrayType7.xml (RunModel)" time="0.014" />
  <testcase classname="ptolemy.util.test.junit.AutoTests" name="[431] /home/travis/build/icyphy/ptII/ptolemy/actor/lib/test/auto/arrayType8.xml (RunModel)" time="0.01" />
  <testcase classname="ptolemy.util.test.junit.AutoTests" name="[432] /home/travis/build/icyphy/ptII/ptolemy/actor/lib/test/auto/arrayType9.xml (RunModel)" time="0.008" />
  <testcase classname="ptolemy.util.test.junit.AutoTests" name="[433] /home/travis/build/icyphy/ptII/ptolemy/actor/lib/test/auto/cast.xml (RunModel)" time="0.009" />
  <testcase classname="ptolemy.util.test.junit.AutoTests" name="[434] /home/travis/build/icyphy/ptII/ptolemy/actor/lib/test/auto/compositeMultiPort.xml (RunModel)" time="0.018" />
  <testcase classname="ptolemy.util.test.junit.AutoTests" name="[435] /home/travis/build/icyphy/ptII/ptolemy/actor/lib/test/auto/expressionCastInference.xml (RunModel)" time="0.008" />
  <testcase classname="ptolemy.util.test.junit.AutoTests" name="[436] /home/travis/build/icyphy/ptII/ptolemy/actor/lib/test/auto/expressionCastInference2.xml (RunModel)" time="0.007" />
  <testcase classname="ptolemy.util.test.junit.AutoTests" name="[437] /home/travis/build/icyphy/ptII/ptolemy/actor/lib/test/auto/expressionInference.xml (RunModel)" time="0.006" />
  <testcase classname="ptolemy.util.test.junit.AutoTests" name="[438] /home/travis/build/icyphy/ptII/ptolemy/actor/lib/test/auto/expression_bug.xml (RunModel)" time="0.006" />
  <testcase classname="ptolemy.util.test.junit.AutoTests" name="[439] /home/travis/build/icyphy/ptII/ptolemy/actor/lib/test/auto/factorial.xml (RunModel)" time="0.051" />
  <testcase classname="ptolemy.util.test.junit.AutoTests" name="[440] /home/travis/build/icyphy/ptII/ptolemy/actor/lib/test/auto/filterTest1.xml (RunModel)" time="0.02" />
  <testcase classname="ptolemy.util.test.junit.AutoTests" name="[441] /home/travis/build/icyphy/ptII/ptolemy/actor/lib/test/auto/funcApplyInConst.xml (RunModel)" time="0.007" />
  <testcase classname="ptolemy.util.test.junit.AutoTests" name="[442] /home/travis/build/icyphy/ptII/ptolemy/actor/lib/test/auto/funcApplyInExpr.xml (RunModel)" time="0.006" />
  <testcase classname="ptolemy.util.test.junit.AutoTests" name="[443] /home/travis/build/icyphy/ptII/ptolemy/actor/lib/test/auto/function.xml (RunModel)" time="0.046" />
  <testcase classname="ptolemy.util.test.junit.AutoTests" name="[444] /home/travis/build/icyphy/ptII/ptolemy/actor/lib/test/auto/function2.xml (RunModel)" time="0.032" />
  <testcase classname="ptolemy.util.test.junit.AutoTests" name="[445] /home/travis/build/icyphy/ptII/ptolemy/actor/lib/test/auto/function3.xml (RunModel)" time="0.03" />
  <testcase classname="ptolemy.util.test.junit.AutoTests" name="[446] /home/travis/build/icyphy/ptII/ptolemy/actor/lib/test/auto/functionClosureTest1.xml (RunModel)" time="0.043" />
  <testcase classname="ptolemy.util.test.junit.AutoTests" name="[447] /home/travis/build/icyphy/ptII/ptolemy/actor/lib/test/auto/functionClosureTest2.xml (RunModel)" time="0.04" />
  <testcase classname="ptolemy.util.test.junit.AutoTests" name="[448] /home/travis/build/icyphy/ptII/ptolemy/actor/lib/test/auto/functionClosureTest3.xml (RunModel)" time="0.036" />
  <testcase classname="ptolemy.util.test.junit.AutoTests" name="[449] /home/travis/build/icyphy/ptII/ptolemy/actor/lib/test/auto/functionClosureTest4.xml (RunModel)" time="0.036" />
  <testcase classname="ptolemy.util.test.junit.AutoTests" name="[450] /home/travis/build/icyphy/ptII/ptolemy/actor/lib/test/auto/functionClosureTest5.xml (RunModel)" time="0.01" />
  <testcase classname="ptolemy.util.test.junit.AutoTests" name="[451] /home/travis/build/icyphy/ptII/ptolemy/actor/lib/test/auto/functionClosureTest6.xml (RunModel)" time="0.007" />
  <testcase classname="ptolemy.util.test.junit.AutoTests" name="[452] /home/travis/build/icyphy/ptII/ptolemy/actor/lib/test/auto/functionsOnArcs.xml (RunModel)" time="0.008" />
  <testcase classname="ptolemy.util.test.junit.AutoTests" name="[453] /home/travis/build/icyphy/ptII/ptolemy/actor/lib/test/auto/functionsOnArcsHOF.xml (RunModel)" time="0.011" />
  <testcase classname="ptolemy.util.test.junit.AutoTests" name="[454] /home/travis/build/icyphy/ptII/ptolemy/actor/lib/test/auto/logic.xml (RunModel)" time="0.017" />
  <testcase classname="ptolemy.util.test.junit.AutoTests" name="[455] /home/travis/build/icyphy/ptII/ptolemy/actor/lib/test/auto/matrixType.xml (RunModel)" time="0.009" />
  <testcase classname="ptolemy.util.test.junit.AutoTests" name="[456] /home/travis/build/icyphy/ptII/ptolemy/actor/lib/test/auto/matrixType10.xml (RunModel)" time="0.009" />
  <testcase classname="ptolemy.util.test.junit.AutoTests" name="[457] /home/travis/build/icyphy/ptII/ptolemy/actor/lib/test/auto/matrixType11.xml (RunModel)" time="0.008" />
  <testcase classname="ptolemy.util.test.junit.AutoTests" name="[458] /home/travis/build/icyphy/ptII/ptolemy/actor/lib/test/auto/matrixType12.xml (RunModel)" time="0.01" />
  <testcase classname="ptolemy.util.test.junit.AutoTests" name="[459] /home/travis/build/icyphy/ptII/ptolemy/actor/lib/test/auto/matrixType13.xml (RunModel)" time="0.008" />
  <testcase classname="ptolemy.util.test.junit.AutoTests" name="[460] /home/travis/build/icyphy/ptII/ptolemy/actor/lib/test/auto/matrixType14.xml (RunModel)" time="0.009" />
  <testcase classname="ptolemy.util.test.junit.AutoTests" name="[461] /home/travis/build/icyphy/ptII/ptolemy/actor/lib/test/auto/matrixType2.xml (RunModel)" time="0.009" />
  <testcase classname="ptolemy.util.test.junit.AutoTests" name="[462] /home/travis/build/icyphy/ptII/ptolemy/actor/lib/test/auto/matrixType3.xml (RunModel)" time="0.013" />
  <testcase classname="ptolemy.util.test.junit.AutoTests" name="[463] /home/travis/build/icyphy/ptII/ptolemy/actor/lib/test/auto/matrixType4.xml (RunModel)" time="0.008" />
  <testcase classname="ptolemy.util.test.junit.AutoTests" name="[464] /home/travis/build/icyphy/ptII/ptolemy/actor/lib/test/auto/matrixType5.xml (RunModel)" time="0.008" />
  <testcase classname="ptolemy.util.test.junit.AutoTests" name="[465] /home/travis/build/icyphy/ptII/ptolemy/actor/lib/test/auto/matrixType6.xml (RunModel)" time="0.008" />
  <testcase classname="ptolemy.util.test.junit.AutoTests" name="[466] /home/travis/build/icyphy/ptII/ptolemy/actor/lib/test/auto/matrixType7.xml (RunModel)" time="0.009" />
  <testcase classname="ptolemy.util.test.junit.AutoTests" name="[467] /home/travis/build/icyphy/ptII/ptolemy/actor/lib/test/auto/matrixType8.xml (RunModel)" time="0.008" />
  <testcase classname="ptolemy.util.test.junit.AutoTests" name="[468] /home/travis/build/icyphy/ptII/ptolemy/actor/lib/test/auto/matrixType9.xml (RunModel)" time="0.007" />
  <testcase classname="ptolemy.util.test.junit.AutoTests" name="[469] /home/travis/build/icyphy/ptII/ptolemy/actor/lib/test/auto/paraFunctest.xml (RunModel)" time="0.008" />
  <testcase classname="ptolemy.util.test.junit.AutoTests" name="[470] /home/travis/build/icyphy/ptII/ptolemy/actor/lib/test/auto/paraFunctest2.xml (RunModel)" time="0.015" />
  <testcase classname="ptolemy.util.test.junit.AutoTests" name="[471] /home/travis/build/icyphy/ptII/ptolemy/actor/lib/test/auto/parameterPassing.xml (RunModel)" time="0.01" />
  <testcase classname="ptolemy.util.test.junit.AutoTests" name="[472] /home/travis/build/icyphy/ptII/ptolemy/actor/lib/test/auto/record.xml (RunModel)" time="0.008" />
  <testcase classname="ptolemy.util.test.junit.AutoTests" name="[473] /home/travis/build/icyphy/ptII/ptolemy/actor/lib/test/auto/sizedarray1.xml (RunModel)" time="0.009" />
  <testcase classname="ptolemy.util.test.junit.AutoTests" name="[474] /home/travis/build/icyphy/ptII/ptolemy/actor/lib/test/auto/sizedarray2.xml (RunModel)" time="0.008" />
  <testcase classname="ptolemy.util.test.junit.AutoTests" name="[475] /home/travis/build/icyphy/ptII/ptolemy/actor/lib/test/auto/twoPublishers.xml (RunModel)" time="0.017" />
  <system-out><![CDATA[/home/travis/build/icyphy/ptII/ptolemy/actor/lib/test/AbsoluteValue.tcl
testDefs.tcl: setting time out to 9000 seconds at Sun Jun 21 14:49:51 UTC 2020
118 ms. Memory: 129024K Free: 93128K (72%)
9 ms. Memory: 129024K Free: 91080K (71%)
4 ms. Memory: 129024K Free: 90056K (70%)
11 ms. Memory: 129024K Free: 89527K (69%)
/home/travis/build/icyphy/ptII/ptolemy/actor/lib/test/AddSubtract.tcl
24 ms. Memory: 129024K Free: 87479K (68%)
12 ms. Memory: 129024K Free: 86984K (67%)
12 ms. Memory: 129024K Free: 85960K (67%)
16 ms. Memory: 129024K Free: 85431K (66%)
77 ms. Memory: 129024K Free: 82374K (64%)
13 ms. Memory: 129024K Free: 81335K (63%)
/home/travis/build/icyphy/ptII/ptolemy/actor/lib/test/Average.tcl
16 ms. Memory: 129024K Free: 79816K (62%)
13 ms. Memory: 129024K Free: 78792K (61%)
/home/travis/build/icyphy/ptII/ptolemy/actor/lib/test/Bernoulli.tcl
8 ms. Memory: 129024K Free: 77247K (60%)
6 ms. Memory: 129024K Free: 76744K (59%)
/home/travis/build/icyphy/ptII/ptolemy/actor/lib/test/Clock.tcl
preinitializing
resolving types
initializing
executing number 1
wrapping up
idle
44 ms. Memory: 129024K Free: 74182K (57%)
Completed execution with 5 iterations
preinitializing
resolving types
initializing
executing number 1
wrapping up
idle
8 ms. Memory: 129024K Free: 73143K (57%)
Completed execution with 5 iterations
preinitializing
resolving types
initializing
executing number 1
wrapping up
idle
3 ms. Memory: 129024K Free: 72648K (56%)
Completed execution with 5 iterations
/home/travis/build/icyphy/ptII/ptolemy/actor/lib/test/Commutator.tcl
8 ms. Memory: 129024K Free: 70600K (55%)
6 ms. Memory: 129024K Free: 69576K (54%)
17 ms. Memory: 129024K Free: 63927K (50%)
/home/travis/build/icyphy/ptII/ptolemy/actor/lib/test/Const.tcl
11 ms. Memory: 129024K Free: 62408K (48%)
2 ms. Memory: 129024K Free: 61879K (48%)
15 ms. Memory: 129024K Free: 61384K (48%)
2 ms. Memory: 129024K Free: 60870K (47%)
2 ms. Memory: 129024K Free: 60360K (47%)
12 ms. Memory: 129024K Free: 58312K (45%)
5 ms. Memory: 129024K Free: 57288K (44%)
4 ms. Memory: 129024K Free: 56767K (44%)
/home/travis/build/icyphy/ptII/ptolemy/actor/lib/test/CurrentTime.tcl
preinitializing
resolving types
initializing
executing number 1
wrapping up
idle
7 ms. Memory: 129024K Free: 54711K (42%)
Completed execution with 11 iterations
/home/travis/build/icyphy/ptII/ptolemy/actor/lib/test/DB.tcl
4 ms. Memory: 129024K Free: 53192K (41%)
2 ms. Memory: 129024K Free: 52168K (40%)
2 ms. Memory: 129024K Free: 52168K (40%)
/home/travis/build/icyphy/ptII/ptolemy/actor/lib/test/DiscreteRandomSource.tcl
preinitializing
resolving types
initializing
executing number 1
wrapping up
idle
4 ms. Memory: 129024K Free: 50615K (39%)
Completed execution with 4 iterations
preinitializing
resolving types
initializing
executing number 1
wrapping up
idle
3 ms. Memory: 129024K Free: 50120K (39%)
Completed execution with 4 iterations
preinitializing
resolving types
initializing
executing number 1
wrapping up
idle
4 ms. Memory: 129024K Free: 49591K (38%)
Completed execution with 4 iterations
preinitializing
resolving types
initializing
executing number 1
wrapping up
idle
2 ms. Memory: 129024K Free: 49096K (38%)
Completed execution with 4 iterations
preinitializing
resolving types
initializing
executing number 1
wrapping up
idle
12 ms. Memory: 129024K Free: 48567K (38%)
Completed execution with 4 iterations
/home/travis/build/icyphy/ptII/ptolemy/actor/lib/test/Distributor.tcl
44 ms. Memory: 129024K Free: 113528K (88%)
6 ms. Memory: 129024K Free: 112616K (87%)
StreamChangeRequest.changeExecuted(): <deleteEntity name="rec2"/> succeeded
StreamChangeRequest.changeExecuted(): <deleteRelation name="r2"/> succeeded
StreamChangeRequest.changeExecuted(): Record firings per iteration succeeded
14 ms. Memory: 129024K Free: 110456K (86%)
/home/travis/build/icyphy/ptII/ptolemy/actor/lib/test/Exit.tcl
Exit.tcl: this will print a message about Manager.exitAfterWrapup, which can be ignored.
6 ms. Memory: 129024K Free: 107433K (83%)
/home/travis/build/icyphy/ptII/ptolemy/actor/lib/test/Expression.tcl
12 ms. Memory: 129024K Free: 103865K (81%)
3 ms. Memory: 129024K Free: 103405K (80%)
2 ms. Memory: 129024K Free: 102376K (79%)
preinitializing
resolving types
initializing
executing number 1
wrapping up
idle
5 ms. Memory: 129024K Free: 100794K (78%)
Completed execution with 6 iterations
3 ms. Memory: 129024K Free: 100334K (78%)
3 ms. Memory: 129024K Free: 99310K (77%)
4 ms. Memory: 129024K Free: 98264K (76%)
4 ms. Memory: 129024K Free: 96698K (75%)
3 ms. Memory: 129024K Free: 95674K (74%)
/home/travis/build/icyphy/ptII/ptolemy/actor/lib/test/Gaussian.tcl
4 ms. Memory: 129024K Free: 94190K (73%)
sleeping 1 seconds: .........................................................................................................................................................................................................................................................................................................................................................................................................................................................................................................................................................................................................................................................................................................................................................................................................................................................................................................................................................................................................................................................................................................................................................................................................................................................................................................................................................................................................................................................................................................................................................................................................................................................................................................................................................................................................................................................................................................................................................................................................................................................................................................................................................................................................................................................................................................................................................................................................................................................................................................................................................................................................................................................................................................................................................................................................................................................................................................................................................................................................................................................................................................................................................................................................................................................................................................................................................................................................................................................................................................................................................................................................................................................................................................................................................................................................................................................................................................................................................................................................................................................................................................................................................................................................................................................................................................................................................................................................................................................................................................................................................................................................................................................................................................................................................................................................................................................................................................................................................................................................................................................................................................................................................................................................................................................................................................................................................................................................................................................................................................................................................................................................................................................................................................................................................................................................................................................................................................................................................................................................................................................................................................................................................................................................................................................................................................................................................................................................................................................................................................................................................................................................................................................................................................................................................................................................................................................................................................................................................................................................................................................................................................................................................................................................................................................................................................................................................................................................................................................................................................................................................................................................................................................................................................................................................................................................................................................................................................................................................................................................................................................................................................................................................................................................................................................................................................................................................................................................................................................................................................................................................................................................................................................................................................................................................................................................................................................................................................................................................................................................................................................................................................................................................................................................................................................................................................................................................................................................................................................................................................................................................................................................................................................................................................................................................................................................................................................................................................................................................................................................................................................................................................................................................................................................................................................................................................................................................................................................................................................................................................................................................................................................................................................................................................................................................................................................................................................................................................................................................................................................................................................................................................................................................................................................................................................................................................................................................................................................................................................................................................................................................................................................................................................................................................................................................................................................................................................................................................................................................................................................................................................................................................................................................................................................................................................................................................................................................................................................................................................................................................................................................................................................................................................................................................................................................................................................................................................................................................................................................................................................................................................................................................................................................................................................................................................................................................................................................................................................................................................................................................................................................................................................................................................................................................................................................................................................................................................................................................................................................................................................................................................................................................................................................................................................................................................................................................................................................................................................................................................................................................................................................................................................................................................................................................................................................................................................................................................................................................................................................................................................................................................................................................................................................................................................................................................................................................................................................................................................................................................................................................................................................................................................................................................................................................................................................................................................................................................................................................................................................................................................................................................................................................................................................................................................................................................................................................................................................................................................................................................................................................................................................................................................................................................................................................................................................................................................................................................................................................................................................................................................................................................................................................................................................................................................................................................................................................................................................................................................................................................................................................................................................................................................................................................................................................................................................................................................................................................................................................................................................................................................................................................................................................................................................................................................................................................................................................................................................................................................................................................................................................................................................................................................................................................................................................................................................................................................................................................................................................................................................................................................................................................................................................................................................................................................................................................................................................................................................................................................................................................................................................................................................................................................................................................................................................................................................................................................................................................................................................................................................................................................................................................................................................................................................................................................................................................................................................................................................................................................................................................................................................................................................................................................................................................................................................................................................................................................................................................................................................................................................................................................................................................................................................................................................................................................................................................................................................................................................................................................................................................................................................................................................................................................................................................................................................................................................................................................................................................................................................................................................4 ms. Memory: 129024K Free: 108061K (84%)
3 ms. Memory: 129024K Free: 107037K (83%)
2 ms. Memory: 129024K Free: 106523K (83%)
5 ms. Memory: 129024K Free: 106011K (82%)
3 ms. Memory: 129024K Free: 105499K (82%)
/home/travis/build/icyphy/ptII/ptolemy/actor/lib/test/IIR.tcl
/home/travis/build/icyphy/ptII/ptolemy/actor/lib/test/Interpolator.tcl
4 ms. Memory: 129024K Free: 101917K (79%)
2 ms. Memory: 129024K Free: 100893K (78%)
4 ms. Memory: 129024K Free: 100379K (78%)
4 ms. Memory: 129024K Free: 99869K (77%)
11 ms. Memory: 129024K Free: 98845K (77%)
2 ms. Memory: 129024K Free: 98317K (76%)
10 ms. Memory: 129024K Free: 97293K (75%)
2 ms. Memory: 129024K Free: 96277K (75%)
4 ms. Memory: 129024K Free: 95773K (74%)
5 ms. Memory: 129024K Free: 94749K (73%)
/home/travis/build/icyphy/ptII/ptolemy/actor/lib/test/MathFunction.tcl
5 ms. Memory: 129024K Free: 92701K (72%)
2 ms. Memory: 129024K Free: 91677K (71%)
2 ms. Memory: 129024K Free: 90139K (70%)
2 ms. Memory: 129024K Free: 89629K (69%)
3 ms. Memory: 129024K Free: 88091K (68%)
5 ms. Memory: 129024K Free: 86557K (67%)
/home/travis/build/icyphy/ptII/ptolemy/actor/lib/test/Maximum.tcl
3 ms. Memory: 129024K Free: 84509K (65%)
2 ms. Memory: 129024K Free: 83485K (65%)
2 ms. Memory: 129024K Free: 82957K (64%)
2 ms. Memory: 129024K Free: 82461K (64%)
/home/travis/build/icyphy/ptII/ptolemy/actor/lib/test/Minimum.tcl
4 ms. Memory: 129024K Free: 80909K (63%)
2 ms. Memory: 129024K Free: 79899K (62%)
2 ms. Memory: 129024K Free: 79389K (62%)
2 ms. Memory: 129024K Free: 78861K (61%)
/home/travis/build/icyphy/ptII/ptolemy/actor/lib/test/MultiplyDivide.tcl
4 ms. Memory: 129024K Free: 76827K (60%)
5 ms. Memory: 129024K Free: 76315K (59%)
2 ms. Memory: 129024K Free: 75293K (58%)
7 ms. Memory: 129024K Free: 74779K (58%)
5 ms. Memory: 129024K Free: 73741K (57%)
/home/travis/build/icyphy/ptII/ptolemy/actor/lib/test/OrderedMerge.tcl
Connections changed on port: inputA
Connections changed on port: inputB
Connections changed on port: output
Connections changed on port: output
Connections changed on port: output
Connections changed on port: input
.top. Preinitializing ...
Invoking preinitialize():  .top.OrderedMerge
Called preinitialize()
Invoking preinitialize():  .top.Ramp
Called preinitialize()
Invoking preinitialize():  .top.Ramp2
Called preinitialize()
Invoking preinitialize():  .top.Test
Called preinitialize()
Connections changed on port: inputA
Connections changed on port: output
Connections changed on port: output
Connections changed on port: input
Connections changed on port: inputB
Connections changed on port: output
.top. Finished preinitialize().
Called initialize().
Invoking initialize():  .top.OrderedMerge
Initializing actor: .top.OrderedMerge
Adding a thread: .top.OrderedMerge
Invoking initialize():  .top.Ramp
Initializing actor: .top.Ramp
Adding a thread: .top.Ramp
Invoking initialize():  .top.Ramp2
Initializing actor: .top.Ramp2
Adding a thread: .top.Ramp2
Invoking initialize():  .top.Test
Initializing actor: .top.Test
Adding a thread: .top.Test
Called fire().
Checking for deadlock:
-- Starting thread.
Called initialize()
Called prefire()
Called fire()
-- Starting thread.
Called initialize()
-- Starting thread.
Called initialize()
There are 0 Blocked actors, 0 Stopped actors, and 4 active threads.
Waiting for actors to stop.
Called prefire()
Called prefire()
-- Starting thread.
Called fire()
Called initialize()
Called fire()
Called prefire()
Called fire()
Checking for deadlock:
There are 1 Blocked actors, 0 Stopped actors, and 4 active threads.
Waiting for actors to stop.
Called postfire()
Called prefire()
Called fire()
Called postfire()
Called prefire()
Called fire()
Checking for deadlock:
There are 2 Blocked actors, 0 Stopped actors, and 4 active threads.
Waiting for actors to stop.
Called postfire()
Called prefire()
Called fire()
Read input token from inputA with value 0.0
Next port to read input from is inputB
Called postfire()
Called prefire()
Called fire()
Read input token from inputB with value 0.0
Sent output token with value 0.0
Next port to read input from is inputA
Called postfire()
Called prefire()
Called fire()
Read input token from inputA with value 1.0
Checking for deadlock:
There are 1 Blocked actors, 0 Stopped actors, and 4 active threads.
Waiting for actors to stop.
Called postfire()
Called prefire()
Called fire()
Called postfire()
Called prefire()
Called fire()
Checking for deadlock:
There are 2 Blocked actors, 0 Stopped actors, and 4 active threads.
Waiting for actors to stop.
Sent output token with value 0.0
Next port to read input from is inputB
Called postfire()
Called prefire()
Called fire()
Called postfire()
Called prefire()
Called fire()
-- Read input: 0.0, which is expected to match: 0.0
Read input token from inputB with value 1.5
Checking for deadlock:
Called prefire()
Called fire()
There are 3 Blocked actors, 0 Stopped actors, and 4 active threads.
Waiting for actors to stop.
-- Read input: 0.0, which is expected to match: 0.0
Checking for deadlock:
Called prefire()
There are 2 Blocked actors, 0 Stopped actors, and 4 active threads.
Called fire()
Waiting for actors to stop.
Sent output token with value 1.0
-- Read input: 1.0, which is expected to match: 1.0
Called prefire()
Next port to read input from is inputA
Called postfire()
Called fire()
Called prefire()
Called fire()
Read input token from inputA with value 2.0
Sent output token with value 1.5
Next port to read input from is inputB
Called postfire()
Called prefire()
Called fire()
Read input token from inputB with value 3.0
Checking for deadlock:
There are 1 Blocked actors, 0 Stopped actors, and 4 active threads.
Waiting for actors to stop.
Called postfire()
Called prefire()
Called fire()
Called postfire()
Called prefire()
Called fire()
-- Read input: 1.5, which is expected to match: 1.5
Checking for deadlock:
There are 2 Blocked actors, 0 Stopped actors, and 4 active threads.
Called prefire()
Called fire()
Waiting for actors to stop.
Sent output token with value 2.0
Next port to read input from is inputA
Called postfire()
Called prefire()
Called fire()
Read input token from inputA with value 3.0
Checking for deadlock:
There are 2 Blocked actors, 0 Stopped actors, and 4 active threads.
Waiting for actors to stop.
Called postfire()
Called prefire()
Called fire()
-- Read input: 2.0, which is expected to match: 2.0
Checking for deadlock:
Called prefire()
There are 2 Blocked actors, 0 Stopped actors, and 4 active threads.
Waiting for actors to stop.
Called fire()
Checking for deadlock:
-- Read input: 3.0, which is expected to match: 3.0
There are 2 Blocked actors, 0 Stopped actors, and 4 active threads.
Waiting for actors to stop.
Called prefire()
Called fire()
Sent output token with value 3.0
Checking for deadlock:
There are 3 Blocked actors, 0 Stopped actors, and 4 active threads.
Waiting for actors to stop.
Next port to read input from is inputB
Called postfire()
Called prefire()
Called fire()
Called postfire()
Called prefire()
Called fire()
Checking for deadlock:
There are 3 Blocked actors, 0 Stopped actors, and 4 active threads.
Waiting for actors to stop.
Read input token from inputB with value 4.5
Sent output token with value 3.0
Next port to read input from is inputA
Called postfire()
Called prefire()
Called fire()
Read input token from inputA with value 4.0
Checking for deadlock:
There are 1 Blocked actors, 0 Stopped actors, and 4 active threads.
Waiting for actors to stop.
-- Read input: 3.0, which is expected to match: 3.0
Called prefire()
Called fire()
Called postfire()
Called prefire()
Called fire()
Checking for deadlock:
There are 3 Blocked actors, 0 Stopped actors, and 4 active threads.
Waiting for actors to stop.
Checking for deadlock:
There are 2 Blocked actors, 0 Stopped actors, and 4 active threads.
Waiting for actors to stop.
-- Read input: 4.0, which is expected to match: 4.0
Called prefire()
Called fire()
Past the end of training data. Read and discard all inputs.
Checking for deadlock:
There are 3 Blocked actors, 0 Stopped actors, and 4 active threads.
Waiting for actors to stop.
Sent output token with value 4.0
Next port to read input from is inputA
Called postfire()
Called prefire()
Called fire()
Read input token from inputA with value 5.0
Sent output token with value 4.5
Next port to read input from is inputB
Called postfire()
Called prefire()
Called fire()
Read input token from inputB with value 6.0
Checking for deadlock:
There are 1 Blocked actors, 0 Stopped actors, and 4 active threads.
Waiting for actors to stop.
Called postfire()
Called prefire()
Called fire()
Called postfire()
Called prefire()
Called fire()
Checking for deadlock:
There are 3 Blocked actors, 0 Stopped actors, and 4 active threads.
Waiting for actors to stop.
Checking for deadlock:
There are 2 Blocked actors, 0 Stopped actors, and 4 active threads.
Waiting for actors to stop.
Called prefire()
Called fire()
Past the end of training data. Read and discard all inputs.
Sent output token with value 5.0
Called prefire()
Called fire()
Past the end of training data. Read and discard all inputs.
Next port to read input from is inputA
Called postfire()
Called prefire()
Called fire()
Read input token from inputA with value 6.0
Sent output token with value 6.0
Next port to read input from is inputB
Called postfire()
Called prefire()
Called fire()
Read input token from inputB with value 7.5
Checking for deadlock:
There are 1 Blocked actors, 0 Stopped actors, and 4 active threads.
Waiting for actors to stop.
Called prefire()
Called fire()
Called postfire()
Past the end of training data. Read and discard all inputs.
Called prefire()
Called fire()
Called postfire()
Called prefire()
Called fire()
Checking for deadlock:
There are 3 Blocked actors, 0 Stopped actors, and 4 active threads.
Waiting for actors to stop.
Checking for deadlock:
There are 2 Blocked actors, 0 Stopped actors, and 4 active threads.
Waiting for actors to stop.
Called prefire()
Called fire()
Past the end of training data. Read and discard all inputs.
Sent output token with value 6.0
Checking for deadlock:
There are 3 Blocked actors, 0 Stopped actors, and 4 active threads.
Waiting for actors to stop.
Next port to read input from is inputA
Called postfire()
Called prefire()
Called fire()
Called postfire()
Called prefire()
Called fire()
Checking for deadlock:
There are 3 Blocked actors, 0 Stopped actors, and 4 active threads.
Waiting for actors to stop.
Read input token from inputA with value 7.0
Checking for deadlock:
Called prefire()
There are 2 Blocked actors, 0 Stopped actors, and 4 active threads.
Waiting for actors to stop.
Called fire()
Past the end of training data. Read and discard all inputs.
Sent output token with value 7.0
Next port to read input from is inputA
Called postfire()
Called prefire()
Called fire()
Checking for deadlock:
There are 3 Blocked actors, 0 Stopped actors, and 4 active threads.
Waiting for actors to stop.
Read input token from inputA with value 8.0
Sent output token with value 7.5
Next port to read input from is inputB
Called postfire()
Called prefire()
Called fire()
Read input token from inputB with value 9.0
Checking for deadlock:
There are 1 Blocked actors, 0 Stopped actors, and 4 active threads.
Waiting for actors to stop.
Called postfire()
Called prefire()
Called fire()
-- Thread wrapup() called.
Called wrapup()
Thread .top.Ramp is exiting.
-- Thread stopped.
Checking for deadlock:
There are 2 Blocked actors, 0 Stopped actors, and 3 active threads.
Waiting for actors to stop.
Checking for deadlock:
There are 1 Blocked actors, 0 Stopped actors, and 3 active threads.
Waiting for actors to stop.
Called prefire()
Called fire()
Past the end of training data. Read and discard all inputs.
Called prefire()
Called fire()
Past the end of training data. Read and discard all inputs.
Sent output token with value 8.0
Next port to read input from is inputA
Called postfire()
Called prefire()
Called fire()
Read input token from inputA with value 9.0
Sent output token with value 9.0
Next port to read input from is inputB
Called postfire()
Called prefire()
Called fire()
Read input token from inputB with value 10.5
Checking for deadlock:
There are 1 Blocked actors, 0 Stopped actors, and 3 active threads.
Waiting for actors to stop.
Called prefire()
Called postfire()
Called fire()
Called prefire()
Past the end of training data. Read and discard all inputs.
Called fire()
Checking for deadlock:
There are 2 Blocked actors, 0 Stopped actors, and 3 active threads.
Waiting for actors to stop.
Called prefire()
Called fire()
Past the end of training data. Read and discard all inputs.
Sent output token with value 9.0
Next port to read input from is inputA
Called postfire()
Called prefire()
Called fire()
Checking for deadlock:
There are 1 Blocked actors, 0 Stopped actors, and 3 active threads.
Waiting for actors to stop.
Checking for deadlock:
There are 3 Blocked actors, 0 Stopped actors, and 3 active threads.
Actors have stopped.
Checking for deadlock:
There are 3 Blocked actors, 0 Stopped actors, and 3 active threads.
Deadlock detected.
Resolving Deadlock
Checking for deadlock:
There are 3 Blocked actors, 0 Stopped actors, and 3 active threads.
Artificial Deadlock - increasing queue capacity.
increasing the capacity of receiver ptolemy.actor.TypedIOPort {.top.OrderedMerge.inputB} to 2
-- Thread wrapup() called.
Called wrapup()
Thread .top.Ramp2 is exiting.
-- Thread stopped.
Director: Called postfire().
Called postfire().
_stopRequested = false
_stopFireRequested = false
Returning from postfire(): true
Called fire().
Checking for deadlock:
There are 2 Blocked actors, 0 Stopped actors, and 2 active threads.
Actors have stopped.
Checking for deadlock:
There are 2 Blocked actors, 0 Stopped actors, and 2 active threads.
Deadlock detected.
Resolving Deadlock
Checking for deadlock:
There are 2 Blocked actors, 0 Stopped actors, and 2 active threads.
Deadlock detected: no processes blocked on write, but some are blocked on read.
Called postfire().
_stopRequested = false
_stopFireRequested = false
Returning from postfire(): false
Finished deactivating branches.
Called wrapup().
-- Thread wrapup() called.
-- Thread wrapup() called.
Called wrapup()
Called wrapup()
Thread .top.OrderedMerge is exiting.
-- Thread stopped.
-- Blocked Receiver call threw TerminateProcessException.
Thread .top.Test is exiting.
-- Thread stopped.
-- Blocked Receiver call threw TerminateProcessException.
68 ms. Memory: 129024K Free: 69149K (54%)
.top. Preinitializing ...
Invoking preinitialize():  .top.OrderedMerge
Called preinitialize()
Invoking preinitialize():  .top.Ramp
Called preinitialize()
Invoking preinitialize():  .top.Ramp2
Called preinitialize()
Invoking preinitialize():  .top.Test
Called preinitialize()
.top. Finished preinitialize().
Called initialize().
Invoking initialize():  .top.OrderedMerge
Initializing actor: .top.OrderedMerge
Adding a thread: .top.OrderedMerge
Invoking initialize():  .top.Ramp
Initializing actor: .top.Ramp
Adding a thread: .top.Ramp
Invoking initialize():  .top.Ramp2
Initializing actor: .top.Ramp2
Adding a thread: .top.Ramp2
Invoking initialize():  .top.Test
Initializing actor: .top.Test
Adding a thread: .top.Test
-- Starting thread.
Called initialize()
Called prefire()
Called fire()
-- Starting thread.
Called initialize()
Called prefire()
Called fire()
Called postfire()
Called prefire()
Called fire()
-- Starting thread.
Called initialize()
Called prefire()
Called fire()
Called postfire()
Called prefire()
Called fire()
Called fire().
Checking for deadlock:
There are 3 Blocked actors, 0 Stopped actors, and 4 active threads.
Waiting for actors to stop.
-- Starting thread.
Called initialize()
Called prefire()
Called fire()
Checking for deadlock:
There are 2 Blocked actors, 0 Stopped actors, and 4 active threads.
Waiting for actors to stop.
Read input token from inputA with value 0.0
Called postfire()
Called prefire()
Called fire()
Checking for deadlock:
Next port to read input from is inputB
There are 3 Blocked actors, 0 Stopped actors, and 4 active threads.
Waiting for actors to stop.
Called postfire()
Called prefire()
Called fire()
Called postfire()
Called prefire()
Called fire()
Read input token from inputB with value 0.0
Sent output token with value 0.0
-- Read input: 0.0, which is expected to match: 0.0
Next port to read input from is inputA
Checking for deadlock:
Called postfire()
There are 2 Blocked actors, 0 Stopped actors, and 4 active threads.
Called prefire()
Called prefire()
Called fire()
Waiting for actors to stop.
Called fire()
Read input token from inputA with value 1.0
Sent output token with value 0.0
Next port to read input from is inputB
Called postfire()
Called prefire()
Called fire()
Read input token from inputB with value 1.5
Called postfire()
Called prefire()
Called fire()
-- Read input: 0.0, which is expected to match: 0.0
Called prefire()
Called postfire()
Called fire()
Called prefire()
Called fire()
Checking for deadlock:
There are 2 Blocked actors, 0 Stopped actors, and 4 active threads.
Waiting for actors to stop.
Checking for deadlock:
There are 3 Blocked actors, 0 Stopped actors, and 4 active threads.
Waiting for actors to stop.
Sent output token with value 1.0
Next port to read input from is inputA
Called postfire()
Called prefire()
Called fire()
Read input token from inputA with value 2.0
Called postfire()
-- Read input: 1.0, which is expected to match: 1.0
Called prefire()
Called fire()
Checking for deadlock:
There are 2 Blocked actors, 0 Stopped actors, and 4 active threads.
Waiting for actors to stop.
Called prefire()
Called fire()
Checking for deadlock:
There are 3 Blocked actors, 0 Stopped actors, and 4 active threads.
Waiting for actors to stop.
Checking for deadlock:
There are 2 Blocked actors, 0 Stopped actors, and 4 active threads.
Waiting for actors to stop.
-- Read input: 1.5, which is expected to match: 1.5
Called prefire()
Called fire()
Checking for deadlock:
There are 3 Blocked actors, 0 Stopped actors, and 4 active threads.
Waiting for actors to stop.
Sent output token with value 1.5
Next port to read input from is inputB
Called postfire()
Called prefire()
Called fire()
Read input token from inputB with value 3.0
Sent output token with value 2.0
Next port to read input from is inputA
Called postfire()
Called prefire()
Called fire()
Read input token from inputA with value 3.0
Called postfire()
Checking for deadlock:
There are 1 Blocked actors, 0 Stopped actors, and 4 active threads.
Waiting for actors to stop.
-- Read input: 2.0, which is expected to match: 2.0
Called prefire()
Called fire()
Called prefire()
Called fire()
Called postfire()
Called prefire()
Called fire()
Sent output token with value 3.0
Next port to read input from is inputB
Called postfire()
Called prefire()
Called fire()
Read input token from inputB with value 4.5
Called postfire()
Called prefire()
Called fire()
-- Read input: 3.0, which is expected to match: 3.0
Called prefire()
Called fire()
Checking for deadlock:
There are 3 Blocked actors, 0 Stopped actors, and 4 active threads.
Waiting for actors to stop.
-- Read input: 3.0, which is expected to match: 3.0
Called prefire()
Called fire()
Checking for deadlock:
There are 3 Blocked actors, 0 Stopped actors, and 4 active threads.
Waiting for actors to stop.
Sent output token with value 3.0
Next port to read input from is inputA
Called postfire()
Called prefire()
Called fire()
Checking for deadlock:
There are 2 Blocked actors, 0 Stopped actors, and 4 active threads.
Waiting for actors to stop.
Called postfire()
Called prefire()
Called fire()
Checking for deadlock:
There are 3 Blocked actors, 0 Stopped actors, and 4 active threads.
Waiting for actors to stop.
Read input token from inputA with value 4.0
Checking for deadlock:
There are 2 Blocked actors, 0 Stopped actors, and 4 active threads.
Waiting for actors to stop.
-- Read input: 4.0, which is expected to match: 4.0
Called prefire()
Called fire()
Past the end of training data. Read and discard all inputs.
Checking for deadlock:
There are 3 Blocked actors, 0 Stopped actors, and 4 active threads.
Waiting for actors to stop.
Sent output token with value 4.0
Next port to read input from is inputA
Called postfire()
Called prefire()
Called fire()
Checking for deadlock:
There are 2 Blocked actors, 0 Stopped actors, and 4 active threads.
Waiting for actors to stop.
Called postfire()
Called prefire()
Called fire()
Checking for deadlock:
There are 3 Blocked actors, 0 Stopped actors, and 4 active threads.
Waiting for actors to stop.
Read input token from inputA with value 5.0
Checking for deadlock:
There are 2 Blocked actors, 0 Stopped actors, and 4 active threads.
Waiting for actors to stop.
Called prefire()
Called fire()
Past the end of training data. Read and discard all inputs.
Checking for deadlock:
There are 3 Blocked actors, 0 Stopped actors, and 4 active threads.
Waiting for actors to stop.
Sent output token with value 4.5
Next port to read input from is inputB
Called postfire()
Called prefire()
Called fire()
Checking for deadlock:
There are 2 Blocked actors, 0 Stopped actors, and 4 active threads.
Waiting for actors to stop.
Called postfire()
Called prefire()
Called fire()
Read input token from inputB with value 6.0
Checking for deadlock:
There are 3 Blocked actors, 0 Stopped actors, and 4 active threads.
Waiting for actors to stop.
Checking for deadlock:
There are 2 Blocked actors, 0 Stopped actors, and 4 active threads.
Waiting for actors to stop.
Called prefire()
Called fire()
Past the end of training data. Read and discard all inputs.
Checking for deadlock:
There are 3 Blocked actors, 0 Stopped actors, and 4 active threads.
Waiting for actors to stop.
Sent output token with value 5.0
Next port to read input from is inputA
Called postfire()
Called prefire()
Called fire()
Checking for deadlock:
There are 2 Blocked actors, 0 Stopped actors, and 4 active threads.
Waiting for actors to stop.
Called postfire()
Called prefire()
Called fire()
Checking for deadlock:
There are 3 Blocked actors, 0 Stopped actors, and 4 active threads.
Waiting for actors to stop.
Read input token from inputA with value 6.0
Checking for deadlock:
There are 2 Blocked actors, 0 Stopped actors, and 4 active threads.
Waiting for actors to stop.
Called prefire()
Called fire()
Past the end of training data. Read and discard all inputs.
Checking for deadlock:
There are 3 Blocked actors, 0 Stopped actors, and 4 active threads.
Waiting for actors to stop.
Sent output token with value 6.0
Next port to read input from is inputB
Called postfire()
Called prefire()
Called fire()
Checking for deadlock:
There are 2 Blocked actors, 0 Stopped actors, and 4 active threads.
Waiting for actors to stop.
Called postfire()
Called prefire()
Called fire()
Read input token from inputB with value 7.5
Checking for deadlock:
There are 3 Blocked actors, 0 Stopped actors, and 4 active threads.
Waiting for actors to stop.
Checking for deadlock:
There are 2 Blocked actors, 0 Stopped actors, and 4 active threads.
Waiting for actors to stop.
Called prefire()
Called fire()
Past the end of training data. Read and discard all inputs.
Checking for deadlock:
There are 3 Blocked actors, 0 Stopped actors, and 4 active threads.
Waiting for actors to stop.
Sent output token with value 6.0
Next port to read input from is inputA
Called postfire()
Called prefire()
Called fire()
Checking for deadlock:
There are 2 Blocked actors, 0 Stopped actors, and 4 active threads.
Waiting for actors to stop.
Called postfire()
Called prefire()
Called fire()
Checking for deadlock:
There are 3 Blocked actors, 0 Stopped actors, and 4 active threads.
Waiting for actors to stop.
Read input token from inputA with value 7.0
Checking for deadlock:
There are 2 Blocked actors, 0 Stopped actors, and 4 active threads.
Waiting for actors to stop.
Called prefire()
Called fire()
Past the end of training data. Read and discard all inputs.
Checking for deadlock:
There are 3 Blocked actors, 0 Stopped actors, and 4 active threads.
Waiting for actors to stop.
Sent output token with value 7.0
Next port to read input from is inputA
Called postfire()
Called prefire()
Called fire()
Checking for deadlock:
There are 2 Blocked actors, 0 Stopped actors, and 4 active threads.
Waiting for actors to stop.
-- Thread wrapup() called.
Called wrapup()
Thread .top.Ramp is exiting.
Checking for deadlock:
There are 2 Blocked actors, 0 Stopped actors, and 3 active threads.
Waiting for actors to stop.
-- Thread stopped.
Read input token from inputA with value 8.0
Called prefire()
Called fire()
Past the end of training data. Read and discard all inputs.
Checking for deadlock:
There are 2 Blocked actors, 0 Stopped actors, and 3 active threads.
Waiting for actors to stop.
Sent output token with value 7.5
Next port to read input from is inputB
Called postfire()
Called prefire()
Called fire()
Checking for deadlock:
There are 1 Blocked actors, 0 Stopped actors, and 3 active threads.
Waiting for actors to stop.
Called postfire()
Called prefire()
Called fire()
Checking for deadlock:
There are 2 Blocked actors, 0 Stopped actors, and 3 active threads.
Waiting for actors to stop.
Read input token from inputB with value 9.0
Checking for deadlock:
There are 1 Blocked actors, 0 Stopped actors, and 3 active threads.
Waiting for actors to stop.
Called prefire()
Called fire()
Past the end of training data. Read and discard all inputs.
Checking for deadlock:
There are 2 Blocked actors, 0 Stopped actors, and 3 active threads.
Waiting for actors to stop.
Sent output token with value 8.0
Next port to read input from is inputA
Called postfire()
Called prefire()
Called fire()
Read input token from inputA with value 9.0
Called prefire()
Called fire()
Past the end of training data. Read and discard all inputs.
Checking for deadlock:
There are 2 Blocked actors, 0 Stopped actors, and 3 active threads.
Waiting for actors to stop.
Sent output token with value 9.0
Next port to read input from is inputB
Called postfire()
Called prefire()
Called fire()
Checking for deadlock:
There are 1 Blocked actors, 0 Stopped actors, and 3 active threads.
Waiting for actors to stop.
Called postfire()
Called prefire()
Called fire()
Checking for deadlock:
There are 2 Blocked actors, 0 Stopped actors, and 3 active threads.
Waiting for actors to stop.
Read input token from inputB with value 10.5
Checking for deadlock:
There are 1 Blocked actors, 0 Stopped actors, and 3 active threads.
Waiting for actors to stop.
Called prefire()
Called fire()
Past the end of training data. Read and discard all inputs.
Checking for deadlock:
There are 2 Blocked actors, 0 Stopped actors, and 3 active threads.
Waiting for actors to stop.
Sent output token with value 9.0
Next port to read input from is inputA
Called postfire()
Called prefire()
Called fire()
Checking for deadlock:
There are 3 Blocked actors, 0 Stopped actors, and 3 active threads.
Actors have stopped.
Checking for deadlock:
There are 3 Blocked actors, 0 Stopped actors, and 3 active threads.
Deadlock detected.
Resolving Deadlock
Checking for deadlock:
There are 3 Blocked actors, 0 Stopped actors, and 3 active threads.
Artificial Deadlock - increasing queue capacity.
increasing the capacity of receiver ptolemy.actor.TypedIOPort {.top.OrderedMerge.inputB} to 2
Director: Called postfire().
Called postfire().
_stopRequested = false
_stopFireRequested = false
Returning from postfire(): true
Called fire().
Checking for deadlock:
There are 2 Blocked actors, 0 Stopped actors, and 3 active threads.
Waiting for actors to stop.
-- Thread wrapup() called.
Called wrapup()
Thread .top.Ramp2 is exiting.
-- Thread stopped.
Checking for deadlock:
There are 2 Blocked actors, 0 Stopped actors, and 2 active threads.
Actors have stopped.
Checking for deadlock:
There are 2 Blocked actors, 0 Stopped actors, and 2 active threads.
Deadlock detected.
Resolving Deadlock
Checking for deadlock:
There are 2 Blocked actors, 0 Stopped actors, and 2 active threads.
Deadlock detected: no processes blocked on write, but some are blocked on read.
Called postfire().
_stopRequested = false
_stopFireRequested = false
Returning from postfire(): false
Finished deactivating branches.
Called wrapup().
-- Thread wrapup() called.
Called wrapup()
Thread .top.OrderedMerge is exiting.
-- Thread stopped.
-- Blocked Receiver call threw TerminateProcessException.
-- Thread wrapup() called.
Called wrapup()
Thread .top.Test is exiting.
-- Thread stopped.
-- Blocked Receiver call threw TerminateProcessException.
52 ms. Memory: 129024K Free: 66587K (52%)
/home/travis/build/icyphy/ptII/ptolemy/actor/lib/test/Publisher.tcl
6 ms. Memory: 129024K Free: 60443K (47%)
17 ms. Memory: 129024K Free: 112444K (87%)
12 ms. Memory: 129024K Free: 108860K (84%)
3 ms. Memory: 129024K Free: 107836K (84%)
4 ms. Memory: 129024K Free: 107316K (83%)
3 ms. Memory: 129024K Free: 106298K (82%)
2 ms. Memory: 129024K Free: 105788K (82%)
3 ms. Memory: 129024K Free: 104764K (81%)
16 ms. Memory: 129024K Free: 94524K (73%)
3 ms. Memory: 129024K Free: 90938K (70%)
2 ms. Memory: 129024K Free: 90428K (70%)
4 ms. Memory: 129024K Free: 87866K (68%)
13 ms. Memory: 129024K Free: 80188K (62%)
5 ms. Memory: 129024K Free: 70972K (55%)
11 ms. Memory: 129024K Free: 107042K (83%)
/home/travis/build/icyphy/ptII/ptolemy/actor/lib/test/Pulse.tcl
2 ms. Memory: 129024K Free: 69650K (54%)
2 ms. Memory: 129024K Free: 69152K (54%)
1 ms. Memory: 129024K Free: 68640K (53%)
1 ms. Memory: 129024K Free: 68130K (53%)
1 ms. Memory: 129024K Free: 67616K (52%)
5 ms. Memory: 129024K Free: 66082K (51%)
2 ms. Memory: 129024K Free: 65058K (50%)
2 ms. Memory: 129024K Free: 64530K (50%)
1 ms. Memory: 129024K Free: 64034K (50%)
/home/travis/build/icyphy/ptII/ptolemy/actor/lib/test/Ramp.tcl
3 ms. Memory: 129024K Free: 61986K (48%)
1 ms. Memory: 129024K Free: 60962K (47%)
2 ms. Memory: 129024K Free: 60448K (47%)
11 ms. Memory: 159744K Free: 141803K (89%)
4 ms. Memory: 159744K Free: 141293K (88%)
4 ms. Memory: 159744K Free: 140269K (88%)
5 ms. Memory: 159744K Free: 139245K (87%)
5 actors
5000 microseconds per iteration to create
6 ms. Memory: 159744K Free: 136683K (86%)
2 ms. Memory: 159744K Free: 136173K (85%)
2 ms. Memory: 159744K Free: 135659K (85%)
2 ms. Memory: 159744K Free: 135149K (85%)
50 actors
33000 microseconds per iteration to create
31 ms. Memory: 159744K Free: 119275K (75%)
6 ms. Memory: 159744K Free: 118251K (74%)
6 ms. Memory: 159744K Free: 117228K (73%)
5 ms. Memory: 159744K Free: 116203K (73%)
500 actors
1556000 microseconds per iteration to create
234 ms. Memory: 159744K Free: 89236K (56%)
47 ms. Memory: 159744K Free: 84116K (53%)
41 ms. Memory: 159744K Free: 78486K (49%)
38 ms. Memory: 159744K Free: 73366K (46%)
/home/travis/build/icyphy/ptII/ptolemy/actor/lib/test/RampContinuous.tcl
10 ms. Memory: 159744K Free: 71828K (45%)
/home/travis/build/icyphy/ptII/ptolemy/actor/lib/test/RecordAssembler.tcl
5 ms. Memory: 159744K Free: 70294K (44%)
3 ms. Memory: 159744K Free: 69270K (43%)
/home/travis/build/icyphy/ptII/ptolemy/actor/lib/test/RecordDisassembler.tcl
12 ms. Memory: 159744K Free: 67732K (42%)
4 ms. Memory: 159744K Free: 66708K (42%)
3 ms. Memory: 159744K Free: 65684K (41%)
/home/travis/build/icyphy/ptII/ptolemy/actor/lib/test/Scale.tcl
3 ms. Memory: 159744K Free: 64150K (40%)
1 ms. Memory: 159744K Free: 63126K (40%)
12 ms. Memory: 159744K Free: 136186K (85%)
2 ms. Memory: 159744K Free: 135170K (85%)
3 ms. Memory: 159744K Free: 134138K (84%)
/home/travis/build/icyphy/ptII/ptolemy/actor/lib/test/SequentialClock.tcl
preinitializing
resolving types
initializing
executing number 1
wrapping up
idle
3 ms. Memory: 159744K Free: 133114K (83%)
Completed execution with 5 iterations
preinitializing
resolving types
initializing
executing number 1
wrapping up
idle
1 ms. Memory: 159744K Free: 132618K (83%)
Completed execution with 5 iterations
preinitializing
resolving types
initializing
executing number 1
wrapping up
idle
2 ms. Memory: 159744K Free: 132104K (83%)
Completed execution with 5 iterations
/home/travis/build/icyphy/ptII/ptolemy/actor/lib/test/SetVariable.tcl
3 ms. Memory: 159744K Free: 130042K (81%)
/home/travis/build/icyphy/ptII/ptolemy/actor/lib/test/Sinewave.tcl
/home/travis/build/icyphy/ptII/ptolemy/actor/lib/test/SubscriptionAggregator.tcl
4 ms. Memory: 159744K Free: 118778K (74%)
2 ms. Memory: 159744K Free: 118282K (74%)
2 ms. Memory: 159744K Free: 117768K (74%)
1 ms. Memory: 159744K Free: 117258K (73%)
3 ms. Memory: 159744K Free: 113658K (71%)
8 ms. Memory: 159744K Free: 111114K (70%)
...............................................................956 ms. Memory: 276480K Free: 192879K (70%)
/home/travis/build/icyphy/ptII/ptolemy/actor/lib/test/Test.tcl
 The next command will produce a warning about training mode,
   which may be ignored.
14 ms. Memory: 276480K Free: 190833K (69%)
3 ms. Memory: 276480K Free: 190288K (69%)
6 ms. Memory: 276480K Free: 189280K (68%)
2 ms. Memory: 276480K Free: 188785K (68%)
2 ms. Memory: 276480K Free: 188264K (68%)
4 ms. Memory: 276480K Free: 187232K (68%)
4 ms. Memory: 276480K Free: 185713K (67%)
 The next command will produce a warning about training mode,
   which may be ignored.
6 ms. Memory: 276480K Free: 183151K (66%)
 The next command will produce a warning about training mode,
   which may be ignored.
3 ms. Memory: 276480K Free: 182127K (66%)
1 ms. Memory: 276480K Free: 181617K (66%)
1 ms. Memory: 276480K Free: 181088K (65%)
3 ms. Memory: 276480K Free: 180593K (65%)
13 ms. Memory: 276480K Free: 179569K (65%)
6 ms. Memory: 276480K Free: 175976K (64%)
/home/travis/build/icyphy/ptII/ptolemy/actor/lib/test/TestExceptionHandler.tcl
 The next command will produce a warning about training mode,
   which may be ignored.
3 ms. Memory: 276480K Free: 174449K (63%)
1 ms. Memory: 276480K Free: 173935K (63%)
1 ms. Memory: 276480K Free: 173425K (63%)
/home/travis/build/icyphy/ptII/ptolemy/actor/lib/test/UnionDisassembler.tcl
23 ms. Memory: 276480K Free: 166257K (60%)
/home/travis/build/icyphy/ptII/ptolemy/actor/lib/test/VariableClock.tcl
preinitializing
resolving types
initializing
executing number 1
wrapping up
idle
4 ms. Memory: 276480K Free: 164209K (59%)
Completed execution with 11 iterations
preinitializing
resolving types
initializing
executing number 1
wrapping up
idle
4 ms. Memory: 276480K Free: 163185K (59%)
Completed execution with 10 iterations
06/21/20 02:49:59
Failed: 0  Total Tests: 233  ((Passed: 233, Newly Passed: 0)  Known Failed: 0) /home/travis/build/icyphy/ptII/ptolemy/actor/lib/test
----------------- testing (KnownFailure) /home/travis/build/icyphy/ptII/ptolemy/actor/lib/test/auto/knownFailedTests/PublisherPortToplevelSubscriber.xml
0 ms. Memory: 276480K Free: 159599K (58%)
Known Failure: java.lang.reflect.InvocationTargetException
----------------- testing (KnownFailure) /home/travis/build/icyphy/ptII/ptolemy/actor/lib/test/auto/knownFailedTests/PublisherSubscriberPortToplevel.xml
7 ms. Memory: 276480K Free: 155503K (56%)
Known Failure: java.lang.reflect.InvocationTargetException
----------------- testing (KnownFailure) /home/travis/build/icyphy/ptII/ptolemy/actor/lib/test/auto/knownFailedTests/PublisherSubscriptionAggregatorPort.xml
1 ms. Memory: 276480K Free: 150897K (55%)
Known Failure: java.lang.reflect.InvocationTargetException
----------------- testing (KnownFailure) /home/travis/build/icyphy/ptII/ptolemy/actor/lib/test/auto/knownFailedTests/sizedarray3.xml
3 ms. Memory: 276480K Free: 146801K (53%)
Known Failure: java.lang.reflect.InvocationTargetException
No auto/linux-amd64/*.xml tests in /home/travis/build/icyphy/ptII/ptolemy/actor/lib/test
AutoTests.java: About to close Vertx.
AutoTests.java: Vertx closed.

===========================================================================================
----------------- testing Sun Jun 21 14:50:00 UTC 2020 /home/travis/build/icyphy/ptII/ptolemy/actor/lib/test/auto/AbsoluteValue.xml
----------------- Instantiating /home/travis/build/icyphy/ptII/ptolemy/actor/lib/test/auto/AbsoluteValue.xml
15 ms. Memory: 276480K Free: 123759K (45%)
----------------- Invoking toplevel() on ptolemy.moml.MoMLSimpleApplication@4548eca0
----------------- Done invoking toplevel() on ptolemy.moml.MoMLSimpleApplication@4548eca0
reloadAllAccessors: .AbsoluteValue

===========================================================================================
----------------- testing Sun Jun 21 14:50:00 UTC 2020 /home/travis/build/icyphy/ptII/ptolemy/actor/lib/test/auto/AbsoluteValue2.xml
----------------- Instantiating /home/travis/build/icyphy/ptII/ptolemy/actor/lib/test/auto/AbsoluteValue2.xml
4 ms. Memory: 276480K Free: 117105K (42%)
----------------- Invoking toplevel() on ptolemy.moml.MoMLSimpleApplication@2e484dcc
----------------- Done invoking toplevel() on ptolemy.moml.MoMLSimpleApplication@2e484dcc
reloadAllAccessors: .AbsoluteValue2

===========================================================================================
----------------- testing Sun Jun 21 14:50:00 UTC 2020 /home/travis/build/icyphy/ptII/ptolemy/actor/lib/test/auto/Accumulator.xml
----------------- Instantiating /home/travis/build/icyphy/ptII/ptolemy/actor/lib/test/auto/Accumulator.xml
5 ms. Memory: 276480K Free: 110961K (40%)
----------------- Invoking toplevel() on ptolemy.moml.MoMLSimpleApplication@59479bd6
----------------- Done invoking toplevel() on ptolemy.moml.MoMLSimpleApplication@59479bd6
reloadAllAccessors: .Accumulator

===========================================================================================
----------------- testing Sun Jun 21 14:50:00 UTC 2020 /home/travis/build/icyphy/ptII/ptolemy/actor/lib/test/auto/Accumulator2.xml
----------------- Instantiating /home/travis/build/icyphy/ptII/ptolemy/actor/lib/test/auto/Accumulator2.xml
2 ms. Memory: 276480K Free: 105327K (38%)
----------------- Invoking toplevel() on ptolemy.moml.MoMLSimpleApplication@6a6df7d4
----------------- Done invoking toplevel() on ptolemy.moml.MoMLSimpleApplication@6a6df7d4
reloadAllAccessors: .Accumulator2

===========================================================================================
----------------- testing Sun Jun 21 14:50:00 UTC 2020 /home/travis/build/icyphy/ptII/ptolemy/actor/lib/test/auto/Accumulator3.xml
----------------- Instantiating /home/travis/build/icyphy/ptII/ptolemy/actor/lib/test/auto/Accumulator3.xml
6 ms. Memory: 276480K Free: 226213K (82%)
----------------- Invoking toplevel() on ptolemy.moml.MoMLSimpleApplication@2e7c8de9
----------------- Done invoking toplevel() on ptolemy.moml.MoMLSimpleApplication@2e7c8de9
reloadAllAccessors: .Accumulator3

===========================================================================================
----------------- testing Sun Jun 21 14:50:00 UTC 2020 /home/travis/build/icyphy/ptII/ptolemy/actor/lib/test/auto/ArrayAppend.xml
----------------- Instantiating /home/travis/build/icyphy/ptII/ptolemy/actor/lib/test/auto/ArrayAppend.xml
9 ms. Memory: 276480K Free: 219541K (79%)
----------------- Invoking toplevel() on ptolemy.moml.MoMLSimpleApplication@1150cc7c
----------------- Done invoking toplevel() on ptolemy.moml.MoMLSimpleApplication@1150cc7c
reloadAllAccessors: .ArrayAppend

===========================================================================================
----------------- testing Sun Jun 21 14:50:00 UTC 2020 /home/travis/build/icyphy/ptII/ptolemy/actor/lib/test/auto/ArrayAppend2.xml
----------------- Instantiating /home/travis/build/icyphy/ptII/ptolemy/actor/lib/test/auto/ArrayAppend2.xml
241 ms. Memory: 276480K Free: 159139K (58%)
----------------- Invoking toplevel() on ptolemy.moml.MoMLSimpleApplication@78e65224
----------------- Done invoking toplevel() on ptolemy.moml.MoMLSimpleApplication@78e65224
reloadAllAccessors: .ArrayAppend2

===========================================================================================
----------------- testing Sun Jun 21 14:50:00 UTC 2020 /home/travis/build/icyphy/ptII/ptolemy/actor/lib/test/auto/ArrayAppend3.xml
----------------- Instantiating /home/travis/build/icyphy/ptII/ptolemy/actor/lib/test/auto/ArrayAppend3.xml
3 ms. Memory: 276480K Free: 153509K (56%)
----------------- Invoking toplevel() on ptolemy.moml.MoMLSimpleApplication@5b67bf5b
----------------- Done invoking toplevel() on ptolemy.moml.MoMLSimpleApplication@5b67bf5b
reloadAllAccessors: .ArrayAppend3

===========================================================================================
----------------- testing Sun Jun 21 14:50:00 UTC 2020 /home/travis/build/icyphy/ptII/ptolemy/actor/lib/test/auto/ArrayAppend4.xml
----------------- Instantiating /home/travis/build/icyphy/ptII/ptolemy/actor/lib/test/auto/ArrayAppend4.xml
3 ms. Memory: 276480K Free: 148389K (54%)
----------------- Invoking toplevel() on ptolemy.moml.MoMLSimpleApplication@3f452c30
----------------- Done invoking toplevel() on ptolemy.moml.MoMLSimpleApplication@3f452c30
reloadAllAccessors: .ArrayAppend4

===========================================================================================
----------------- testing Sun Jun 21 14:50:00 UTC 2020 /home/travis/build/icyphy/ptII/ptolemy/actor/lib/test/auto/ArrayAppend5.xml
----------------- Instantiating /home/travis/build/icyphy/ptII/ptolemy/actor/lib/test/auto/ArrayAppend5.xml
10 ms. Memory: 276480K Free: 142755K (52%)
----------------- Invoking toplevel() on ptolemy.moml.MoMLSimpleApplication@2c818c8d
----------------- Done invoking toplevel() on ptolemy.moml.MoMLSimpleApplication@2c818c8d
reloadAllAccessors: .ArrayAppend5

===========================================================================================
----------------- testing Sun Jun 21 14:50:00 UTC 2020 /home/travis/build/icyphy/ptII/ptolemy/actor/lib/test/auto/ArrayAppend6.xml
----------------- Instantiating /home/travis/build/icyphy/ptII/ptolemy/actor/lib/test/auto/ArrayAppend6.xml
4 ms. Memory: 276480K Free: 137635K (50%)
----------------- Invoking toplevel() on ptolemy.moml.MoMLSimpleApplication@2c902329
----------------- Done invoking toplevel() on ptolemy.moml.MoMLSimpleApplication@2c902329
reloadAllAccessors: .ArrayAppend6

===========================================================================================
----------------- testing Sun Jun 21 14:50:00 UTC 2020 /home/travis/build/icyphy/ptII/ptolemy/actor/lib/test/auto/ArrayAppendPerformanceTest.xml
----------------- Instantiating /home/travis/build/icyphy/ptII/ptolemy/actor/lib/test/auto/ArrayAppendPerformanceTest.xml
35 ms. Memory: 276480K Free: 126371K (46%)
----------------- Invoking toplevel() on ptolemy.moml.MoMLSimpleApplication@bcade56
----------------- Done invoking toplevel() on ptolemy.moml.MoMLSimpleApplication@bcade56
reloadAllAccessors: .ArrayAppendPerformanceTest

===========================================================================================
----------------- testing Sun Jun 21 14:50:01 UTC 2020 /home/travis/build/icyphy/ptII/ptolemy/actor/lib/test/auto/ArrayAppendWithEmptyInput.xml
----------------- Instantiating /home/travis/build/icyphy/ptII/ptolemy/actor/lib/test/auto/ArrayAppendWithEmptyInput.xml
20 ms. Memory: 276480K Free: 118693K (43%)
----------------- Invoking toplevel() on ptolemy.moml.MoMLSimpleApplication@69384069
----------------- Done invoking toplevel() on ptolemy.moml.MoMLSimpleApplication@69384069
reloadAllAccessors: .ArrayAppendWithEmptyInput

===========================================================================================
----------------- testing Sun Jun 21 14:50:01 UTC 2020 /home/travis/build/icyphy/ptII/ptolemy/actor/lib/test/auto/ArrayAverage.xml
----------------- Instantiating /home/travis/build/icyphy/ptII/ptolemy/actor/lib/test/auto/ArrayAverage.xml
5 ms. Memory: 276480K Free: 110501K (40%)
----------------- Invoking toplevel() on ptolemy.moml.MoMLSimpleApplication@49124cbe
----------------- Done invoking toplevel() on ptolemy.moml.MoMLSimpleApplication@49124cbe
reloadAllAccessors: .ArrayAverage

===========================================================================================
----------------- testing Sun Jun 21 14:50:01 UTC 2020 /home/travis/build/icyphy/ptII/ptolemy/actor/lib/test/auto/ArrayContains.xml
----------------- Instantiating /home/travis/build/icyphy/ptII/ptolemy/actor/lib/test/auto/ArrayContains.xml
2 ms. Memory: 276480K Free: 104357K (38%)
----------------- Invoking toplevel() on ptolemy.moml.MoMLSimpleApplication@379f8c4c
----------------- Done invoking toplevel() on ptolemy.moml.MoMLSimpleApplication@379f8c4c
reloadAllAccessors: .ArrayContains

===========================================================================================
----------------- testing Sun Jun 21 14:50:01 UTC 2020 /home/travis/build/icyphy/ptII/ptolemy/actor/lib/test/auto/ArrayElement.xml
----------------- Instantiating /home/travis/build/icyphy/ptII/ptolemy/actor/lib/test/auto/ArrayElement.xml
10 ms. Memory: 276480K Free: 98723K (36%)
----------------- Invoking toplevel() on ptolemy.moml.MoMLSimpleApplication@11eff996
----------------- Done invoking toplevel() on ptolemy.moml.MoMLSimpleApplication@11eff996
reloadAllAccessors: .ArrayElement

===========================================================================================
----------------- testing Sun Jun 21 14:50:01 UTC 2020 /home/travis/build/icyphy/ptII/ptolemy/actor/lib/test/auto/ArrayElementAsMatrix.xml
----------------- Instantiating /home/travis/build/icyphy/ptII/ptolemy/actor/lib/test/auto/ArrayElementAsMatrix.xml
64 ms. Memory: 276480K Free: 226523K (82%)
----------------- Invoking toplevel() on ptolemy.moml.MoMLSimpleApplication@20aea542
----------------- Done invoking toplevel() on ptolemy.moml.MoMLSimpleApplication@20aea542
reloadAllAccessors: .ArrayElementAsMatrix

===========================================================================================
----------------- testing Sun Jun 21 14:50:01 UTC 2020 /home/travis/build/icyphy/ptII/ptolemy/actor/lib/test/auto/ArrayElementI.xml
----------------- Instantiating /home/travis/build/icyphy/ptII/ptolemy/actor/lib/test/auto/ArrayElementI.xml
4 ms. Memory: 276480K Free: 220694K (80%)
----------------- Invoking toplevel() on ptolemy.moml.MoMLSimpleApplication@239d7d11
----------------- Done invoking toplevel() on ptolemy.moml.MoMLSimpleApplication@239d7d11
reloadAllAccessors: .ArrayElementI

===========================================================================================
----------------- testing Sun Jun 21 14:50:01 UTC 2020 /home/travis/build/icyphy/ptII/ptolemy/actor/lib/test/auto/ArrayExtract.xml
----------------- Instantiating /home/travis/build/icyphy/ptII/ptolemy/actor/lib/test/auto/ArrayExtract.xml
6 ms. Memory: 276480K Free: 212502K (77%)
----------------- Invoking toplevel() on ptolemy.moml.MoMLSimpleApplication@3dcb7834
----------------- Done invoking toplevel() on ptolemy.moml.MoMLSimpleApplication@3dcb7834
reloadAllAccessors: .ArrayExtract

===========================================================================================
----------------- testing Sun Jun 21 14:50:01 UTC 2020 /home/travis/build/icyphy/ptII/ptolemy/actor/lib/test/auto/ArrayExtract2.xml
----------------- Instantiating /home/travis/build/icyphy/ptII/ptolemy/actor/lib/test/auto/ArrayExtract2.xml
2 ms. Memory: 276480K Free: 207382K (75%)
----------------- Invoking toplevel() on ptolemy.moml.MoMLSimpleApplication@530f183f
----------------- Done invoking toplevel() on ptolemy.moml.MoMLSimpleApplication@530f183f
reloadAllAccessors: .ArrayExtract2

===========================================================================================
----------------- testing Sun Jun 21 14:50:01 UTC 2020 /home/travis/build/icyphy/ptII/ptolemy/actor/lib/test/auto/ArrayLength.xml
----------------- Instantiating /home/travis/build/icyphy/ptII/ptolemy/actor/lib/test/auto/ArrayLength.xml
1 ms. Memory: 276480K Free: 203286K (74%)
----------------- Invoking toplevel() on ptolemy.moml.MoMLSimpleApplication@5d683529
----------------- Done invoking toplevel() on ptolemy.moml.MoMLSimpleApplication@5d683529
reloadAllAccessors: .ArrayLength

===========================================================================================
----------------- testing Sun Jun 21 14:50:01 UTC 2020 /home/travis/build/icyphy/ptII/ptolemy/actor/lib/test/auto/ArrayLevelCrossing.xml
----------------- Instantiating /home/travis/build/icyphy/ptII/ptolemy/actor/lib/test/auto/ArrayLevelCrossing.xml
3 ms. Memory: 276480K Free: 195604K (71%)
----------------- Invoking toplevel() on ptolemy.moml.MoMLSimpleApplication@7e2c77e6
----------------- Done invoking toplevel() on ptolemy.moml.MoMLSimpleApplication@7e2c77e6
reloadAllAccessors: .ArrayLevelCrossing

===========================================================================================
----------------- testing Sun Jun 21 14:50:01 UTC 2020 /home/travis/build/icyphy/ptII/ptolemy/actor/lib/test/auto/ArrayLevelCrossing2.xml
----------------- Instantiating /home/travis/build/icyphy/ptII/ptolemy/actor/lib/test/auto/ArrayLevelCrossing2.xml
2 ms. Memory: 276480K Free: 187926K (68%)
----------------- Invoking toplevel() on ptolemy.moml.MoMLSimpleApplication@3bada1dc
----------------- Done invoking toplevel() on ptolemy.moml.MoMLSimpleApplication@3bada1dc
reloadAllAccessors: .ArrayLevelCrossing2

===========================================================================================
----------------- testing Sun Jun 21 14:50:01 UTC 2020 /home/travis/build/icyphy/ptII/ptolemy/actor/lib/test/auto/ArrayPeakSearch.xml
----------------- Instantiating /home/travis/build/icyphy/ptII/ptolemy/actor/lib/test/auto/ArrayPeakSearch.xml
3 ms. Memory: 276480K Free: 179220K (65%)
----------------- Invoking toplevel() on ptolemy.moml.MoMLSimpleApplication@caad86e
----------------- Done invoking toplevel() on ptolemy.moml.MoMLSimpleApplication@caad86e
reloadAllAccessors: .ArrayPeakSearch

===========================================================================================
----------------- testing Sun Jun 21 14:50:01 UTC 2020 /home/travis/build/icyphy/ptII/ptolemy/actor/lib/test/auto/ArrayPeakSearch2.xml
----------------- Instantiating /home/travis/build/icyphy/ptII/ptolemy/actor/lib/test/auto/ArrayPeakSearch2.xml
8 ms. Memory: 276480K Free: 168950K (61%)
----------------- Invoking toplevel() on ptolemy.moml.MoMLSimpleApplication@d98adca
----------------- Done invoking toplevel() on ptolemy.moml.MoMLSimpleApplication@d98adca
reloadAllAccessors: .ArrayPeakSearch2

===========================================================================================
----------------- testing Sun Jun 21 14:50:01 UTC 2020 /home/travis/build/icyphy/ptII/ptolemy/actor/lib/test/auto/ArrayPeakSearch3.xml
----------------- Instantiating /home/travis/build/icyphy/ptII/ptolemy/actor/lib/test/auto/ArrayPeakSearch3.xml
5 ms. Memory: 276480K Free: 159764K (58%)
----------------- Invoking toplevel() on ptolemy.moml.MoMLSimpleApplication@1f820fbc
----------------- Done invoking toplevel() on ptolemy.moml.MoMLSimpleApplication@1f820fbc
reloadAllAccessors: .ArrayPeakSearch3

===========================================================================================
----------------- testing Sun Jun 21 14:50:01 UTC 2020 /home/travis/build/icyphy/ptII/ptolemy/actor/lib/test/auto/ArrayRemoveElement.xml
----------------- Instantiating /home/travis/build/icyphy/ptII/ptolemy/actor/lib/test/auto/ArrayRemoveElement.xml
3 ms. Memory: 276480K Free: 152086K (55%)
----------------- Invoking toplevel() on ptolemy.moml.MoMLSimpleApplication@7ba707
----------------- Done invoking toplevel() on ptolemy.moml.MoMLSimpleApplication@7ba707
reloadAllAccessors: .ArrayRemoveElement

===========================================================================================
----------------- testing Sun Jun 21 14:50:01 UTC 2020 /home/travis/build/icyphy/ptII/ptolemy/actor/lib/test/auto/ArraySort.xml
----------------- Instantiating /home/travis/build/icyphy/ptII/ptolemy/actor/lib/test/auto/ArraySort.xml
9 ms. Memory: 276480K Free: 142870K (52%)
----------------- Invoking toplevel() on ptolemy.moml.MoMLSimpleApplication@4f29c4f5
----------------- Done invoking toplevel() on ptolemy.moml.MoMLSimpleApplication@4f29c4f5
reloadAllAccessors: .ArraySort

===========================================================================================
----------------- testing Sun Jun 21 14:50:01 UTC 2020 /home/travis/build/icyphy/ptII/ptolemy/actor/lib/test/auto/ArraySum.xml
----------------- Instantiating /home/travis/build/icyphy/ptII/ptolemy/actor/lib/test/auto/ArraySum.xml
6 ms. Memory: 276480K Free: 137750K (50%)
----------------- Invoking toplevel() on ptolemy.moml.MoMLSimpleApplication@692281b8
----------------- Done invoking toplevel() on ptolemy.moml.MoMLSimpleApplication@692281b8
reloadAllAccessors: .ArraySum

===========================================================================================
----------------- testing Sun Jun 21 14:50:01 UTC 2020 /home/travis/build/icyphy/ptII/ptolemy/actor/lib/test/auto/ArrayToElements.xml
----------------- Instantiating /home/travis/build/icyphy/ptII/ptolemy/actor/lib/test/auto/ArrayToElements.xml
8 ms. Memory: 276480K Free: 132116K (48%)
----------------- Invoking toplevel() on ptolemy.moml.MoMLSimpleApplication@773f20b1
----------------- Done invoking toplevel() on ptolemy.moml.MoMLSimpleApplication@773f20b1
reloadAllAccessors: .ArrayToElements

===========================================================================================
----------------- testing Sun Jun 21 14:50:01 UTC 2020 /home/travis/build/icyphy/ptII/ptolemy/actor/lib/test/auto/ArrayToMatrix.xml
----------------- Instantiating /home/travis/build/icyphy/ptII/ptolemy/actor/lib/test/auto/ArrayToMatrix.xml
12 ms. Memory: 276480K Free: 118294K (43%)
----------------- Invoking toplevel() on ptolemy.moml.MoMLSimpleApplication@58dc0d7c
----------------- Done invoking toplevel() on ptolemy.moml.MoMLSimpleApplication@58dc0d7c
reloadAllAccessors: .ArrayToMatrix

===========================================================================================
----------------- testing Sun Jun 21 14:50:01 UTC 2020 /home/travis/build/icyphy/ptII/ptolemy/actor/lib/test/auto/ArrayUpdate1.xml
----------------- Instantiating /home/travis/build/icyphy/ptII/ptolemy/actor/lib/test/auto/ArrayUpdate1.xml
2 ms. Memory: 276480K Free: 113174K (41%)
----------------- Invoking toplevel() on ptolemy.moml.MoMLSimpleApplication@39e34039
----------------- Done invoking toplevel() on ptolemy.moml.MoMLSimpleApplication@39e34039
reloadAllAccessors: .ArrayUpdate1

===========================================================================================
----------------- testing Sun Jun 21 14:50:01 UTC 2020 /home/travis/build/icyphy/ptII/ptolemy/actor/lib/test/auto/ArrayUpdate2.xml
----------------- Instantiating /home/travis/build/icyphy/ptII/ptolemy/actor/lib/test/auto/ArrayUpdate2.xml
9 ms. Memory: 276480K Free: 107526K (39%)
----------------- Invoking toplevel() on ptolemy.moml.MoMLSimpleApplication@12c73d9d
----------------- Done invoking toplevel() on ptolemy.moml.MoMLSimpleApplication@12c73d9d
reloadAllAccessors: .ArrayUpdate2

===========================================================================================
----------------- testing Sun Jun 21 14:50:01 UTC 2020 /home/travis/build/icyphy/ptII/ptolemy/actor/lib/test/auto/ArrayUpdate3.xml
----------------- Instantiating /home/travis/build/icyphy/ptII/ptolemy/actor/lib/test/auto/ArrayUpdate3.xml
3 ms. Memory: 276480K Free: 102420K (37%)
----------------- Invoking toplevel() on ptolemy.moml.MoMLSimpleApplication@bd5c99d
----------------- Done invoking toplevel() on ptolemy.moml.MoMLSimpleApplication@bd5c99d
reloadAllAccessors: .ArrayUpdate3

===========================================================================================
----------------- testing Sun Jun 21 14:50:01 UTC 2020 /home/travis/build/icyphy/ptII/ptolemy/actor/lib/test/auto/Assert1.xml
----------------- Instantiating /home/travis/build/icyphy/ptII/ptolemy/actor/lib/test/auto/Assert1.xml
3 ms. Memory: 276480K Free: 98324K (36%)
----------------- Invoking toplevel() on ptolemy.moml.MoMLSimpleApplication@5ca32a03
----------------- Done invoking toplevel() on ptolemy.moml.MoMLSimpleApplication@5ca32a03
reloadAllAccessors: .Assert1

===========================================================================================
----------------- testing Sun Jun 21 14:50:01 UTC 2020 /home/travis/build/icyphy/ptII/ptolemy/actor/lib/test/auto/Assert2.xml
----------------- Instantiating /home/travis/build/icyphy/ptII/ptolemy/actor/lib/test/auto/Assert2.xml
2 ms. Memory: 276480K Free: 93204K (34%)
----------------- Invoking toplevel() on ptolemy.moml.MoMLSimpleApplication@57d33ddd
----------------- Done invoking toplevel() on ptolemy.moml.MoMLSimpleApplication@57d33ddd
reloadAllAccessors: .Assert2

===========================================================================================
----------------- testing Sun Jun 21 14:50:01 UTC 2020 /home/travis/build/icyphy/ptII/ptolemy/actor/lib/test/auto/BooleanMultiplexor.xml
----------------- Instantiating /home/travis/build/icyphy/ptII/ptolemy/actor/lib/test/auto/BooleanMultiplexor.xml
2 ms. Memory: 276480K Free: 88070K (32%)
----------------- Invoking toplevel() on ptolemy.moml.MoMLSimpleApplication@71804015
----------------- Done invoking toplevel() on ptolemy.moml.MoMLSimpleApplication@71804015
reloadAllAccessors: .BooleanMultiplexor

===========================================================================================
----------------- testing Sun Jun 21 14:50:01 UTC 2020 /home/travis/build/icyphy/ptII/ptolemy/actor/lib/test/auto/BooleanMultiplexor2.xml
----------------- Instantiating /home/travis/build/icyphy/ptII/ptolemy/actor/lib/test/auto/BooleanMultiplexor2.xml
11 ms. Memory: 276480K Free: 81428K (29%)
----------------- Invoking toplevel() on ptolemy.moml.MoMLSimpleApplication@1c5d9354
----------------- Done invoking toplevel() on ptolemy.moml.MoMLSimpleApplication@1c5d9354
reloadAllAccessors: .BooleanMultiplexor2

===========================================================================================
----------------- testing Sun Jun 21 14:50:01 UTC 2020 /home/travis/build/icyphy/ptII/ptolemy/actor/lib/test/auto/BooleanMultiplexor3.xml
----------------- Instantiating /home/travis/build/icyphy/ptII/ptolemy/actor/lib/test/auto/BooleanMultiplexor3.xml
4 ms. Memory: 276480K Free: 77844K (28%)
----------------- Invoking toplevel() on ptolemy.moml.MoMLSimpleApplication@1c6d648
----------------- Done invoking toplevel() on ptolemy.moml.MoMLSimpleApplication@1c6d648
reloadAllAccessors: .BooleanMultiplexor3

===========================================================================================
----------------- testing Sun Jun 21 14:50:01 UTC 2020 /home/travis/build/icyphy/ptII/ptolemy/actor/lib/test/auto/BooleanSelect.xml
----------------- Instantiating /home/travis/build/icyphy/ptII/ptolemy/actor/lib/test/auto/BooleanSelect.xml
9 ms. Memory: 276480K Free: 71686K (26%)
----------------- Invoking toplevel() on ptolemy.moml.MoMLSimpleApplication@70daeb2e
----------------- Done invoking toplevel() on ptolemy.moml.MoMLSimpleApplication@70daeb2e
reloadAllAccessors: .BooleanSelect

===========================================================================================
----------------- testing Sun Jun 21 14:50:01 UTC 2020 /home/travis/build/icyphy/ptII/ptolemy/actor/lib/test/auto/BooleanSelect2.xml
----------------- Instantiating /home/travis/build/icyphy/ptII/ptolemy/actor/lib/test/auto/BooleanSelect2.xml
1 ms. Memory: 276480K Free: 225012K (81%)
----------------- Invoking toplevel() on ptolemy.moml.MoMLSimpleApplication@681393fe
----------------- Done invoking toplevel() on ptolemy.moml.MoMLSimpleApplication@681393fe
reloadAllAccessors: .BooleanSelect2

===========================================================================================
----------------- testing Sun Jun 21 14:50:01 UTC 2020 /home/travis/build/icyphy/ptII/ptolemy/actor/lib/test/auto/BooleanSwitch.xml
----------------- Instantiating /home/travis/build/icyphy/ptII/ptolemy/actor/lib/test/auto/BooleanSwitch.xml
4 ms. Memory: 276480K Free: 218646K (79%)
----------------- Invoking toplevel() on ptolemy.moml.MoMLSimpleApplication@29d53673
----------------- Done invoking toplevel() on ptolemy.moml.MoMLSimpleApplication@29d53673
reloadAllAccessors: .BooleanSwitch

===========================================================================================
----------------- testing Sun Jun 21 14:50:02 UTC 2020 /home/travis/build/icyphy/ptII/ptolemy/actor/lib/test/auto/BooleanSwitch2.xml
----------------- Instantiating /home/travis/build/icyphy/ptII/ptolemy/actor/lib/test/auto/BooleanSwitch2.xml
2 ms. Memory: 276480K Free: 214550K (78%)
----------------- Invoking toplevel() on ptolemy.moml.MoMLSimpleApplication@a0d45af
----------------- Done invoking toplevel() on ptolemy.moml.MoMLSimpleApplication@a0d45af
reloadAllAccessors: .BooleanSwitch2

===========================================================================================
----------------- testing Sun Jun 21 14:50:02 UTC 2020 /home/travis/build/icyphy/ptII/ptolemy/actor/lib/test/auto/BooleanSwitchCloningBugWithClassRelationGroup.xml
----------------- Instantiating /home/travis/build/icyphy/ptII/ptolemy/actor/lib/test/auto/BooleanSwitchCloningBugWithClassRelationGroup.xml
4 ms. Memory: 276480K Free: 207892K (75%)
----------------- Invoking toplevel() on ptolemy.moml.MoMLSimpleApplication@6f58ed8f
----------------- Done invoking toplevel() on ptolemy.moml.MoMLSimpleApplication@6f58ed8f
reloadAllAccessors: .BooleanSwitchCloningBugWithClassRelationGroup

===========================================================================================
----------------- testing Sun Jun 21 14:50:02 UTC 2020 /home/travis/build/icyphy/ptII/ptolemy/actor/lib/test/auto/BusActors.xml
----------------- Instantiating /home/travis/build/icyphy/ptII/ptolemy/actor/lib/test/auto/BusActors.xml
6 ms. Memory: 276480K Free: 200214K (72%)
----------------- Invoking toplevel() on ptolemy.moml.MoMLSimpleApplication@7e5b6d10
----------------- Done invoking toplevel() on ptolemy.moml.MoMLSimpleApplication@7e5b6d10
reloadAllAccessors: .BusActors

===========================================================================================
----------------- testing Sun Jun 21 14:50:02 UTC 2020 /home/travis/build/icyphy/ptII/ptolemy/actor/lib/test/auto/ClassWrapper.xml
----------------- Instantiating /home/travis/build/icyphy/ptII/ptolemy/actor/lib/test/auto/ClassWrapper.xml
3 ms. Memory: 276480K Free: 195604K (71%)
----------------- Invoking toplevel() on ptolemy.moml.MoMLSimpleApplication@63f79cb
----------------- Done invoking toplevel() on ptolemy.moml.MoMLSimpleApplication@63f79cb
reloadAllAccessors: .ClassWrapper

===========================================================================================
----------------- testing Sun Jun 21 14:50:02 UTC 2020 /home/travis/build/icyphy/ptII/ptolemy/actor/lib/test/auto/Clock.xml
----------------- Instantiating /home/travis/build/icyphy/ptII/ptolemy/actor/lib/test/auto/Clock.xml
1 ms. Memory: 276480K Free: 192022K (69%)
----------------- Invoking toplevel() on ptolemy.moml.MoMLSimpleApplication@69ccbefc
----------------- Done invoking toplevel() on ptolemy.moml.MoMLSimpleApplication@69ccbefc
reloadAllAccessors: .Clock

===========================================================================================
----------------- testing Sun Jun 21 14:50:02 UTC 2020 /home/travis/build/icyphy/ptII/ptolemy/actor/lib/test/auto/Clock10.xml
----------------- Instantiating /home/travis/build/icyphy/ptII/ptolemy/actor/lib/test/auto/Clock10.xml
3 ms. Memory: 276480K Free: 185878K (67%)
----------------- Invoking toplevel() on ptolemy.moml.MoMLSimpleApplication@95f8a81
----------------- Done invoking toplevel() on ptolemy.moml.MoMLSimpleApplication@95f8a81
reloadAllAccessors: .Clock10

===========================================================================================
----------------- testing Sun Jun 21 14:50:02 UTC 2020 /home/travis/build/icyphy/ptII/ptolemy/actor/lib/test/auto/Clock11.xml
----------------- Instantiating /home/travis/build/icyphy/ptII/ptolemy/actor/lib/test/auto/Clock11.xml
5 ms. Memory: 276480K Free: 180244K (65%)
----------------- Invoking toplevel() on ptolemy.moml.MoMLSimpleApplication@6618f87e
----------------- Done invoking toplevel() on ptolemy.moml.MoMLSimpleApplication@6618f87e
reloadAllAccessors: .Clock11

===========================================================================================
----------------- testing Sun Jun 21 14:50:02 UTC 2020 /home/travis/build/icyphy/ptII/ptolemy/actor/lib/test/auto/Clock12.xml
----------------- Instantiating /home/travis/build/icyphy/ptII/ptolemy/actor/lib/test/auto/Clock12.xml
7 ms. Memory: 276480K Free: 174100K (63%)
----------------- Invoking toplevel() on ptolemy.moml.MoMLSimpleApplication@39ffa978
----------------- Done invoking toplevel() on ptolemy.moml.MoMLSimpleApplication@39ffa978
reloadAllAccessors: .Clock12

===========================================================================================
----------------- testing Sun Jun 21 14:50:02 UTC 2020 /home/travis/build/icyphy/ptII/ptolemy/actor/lib/test/auto/Clock13.xml
----------------- Instantiating /home/travis/build/icyphy/ptII/ptolemy/actor/lib/test/auto/Clock13.xml
2 ms. Memory: 276480K Free: 168470K (61%)
----------------- Invoking toplevel() on ptolemy.moml.MoMLSimpleApplication@ea02189
----------------- Done invoking toplevel() on ptolemy.moml.MoMLSimpleApplication@ea02189
reloadAllAccessors: .Clock13

===========================================================================================
----------------- testing Sun Jun 21 14:50:02 UTC 2020 /home/travis/build/icyphy/ptII/ptolemy/actor/lib/test/auto/Clock14.xml
----------------- Instantiating /home/travis/build/icyphy/ptII/ptolemy/actor/lib/test/auto/Clock14.xml
2 ms. Memory: 276480K Free: 162326K (59%)
----------------- Invoking toplevel() on ptolemy.moml.MoMLSimpleApplication@f9c95ea
----------------- Done invoking toplevel() on ptolemy.moml.MoMLSimpleApplication@f9c95ea
reloadAllAccessors: .Clock14

===========================================================================================
----------------- testing Sun Jun 21 14:50:02 UTC 2020 /home/travis/build/icyphy/ptII/ptolemy/actor/lib/test/auto/Clock15.xml
----------------- Instantiating /home/travis/build/icyphy/ptII/ptolemy/actor/lib/test/auto/Clock15.xml
2 ms. Memory: 276480K Free: 156686K (57%)
----------------- Invoking toplevel() on ptolemy.moml.MoMLSimpleApplication@533b544c
----------------- Done invoking toplevel() on ptolemy.moml.MoMLSimpleApplication@533b544c
reloadAllAccessors: .Clock15

===========================================================================================
----------------- testing Sun Jun 21 14:50:02 UTC 2020 /home/travis/build/icyphy/ptII/ptolemy/actor/lib/test/auto/Clock16.xml
----------------- Instantiating /home/travis/build/icyphy/ptII/ptolemy/actor/lib/test/auto/Clock16.xml
36 ms. Memory: 276480K Free: 141846K (51%)
----------------- Invoking toplevel() on ptolemy.moml.MoMLSimpleApplication@19caa67a
----------------- Done invoking toplevel() on ptolemy.moml.MoMLSimpleApplication@19caa67a
reloadAllAccessors: .Clock16

===========================================================================================
----------------- testing Sun Jun 21 14:50:02 UTC 2020 /home/travis/build/icyphy/ptII/ptolemy/actor/lib/test/auto/Clock17.xml
----------------- Instantiating /home/travis/build/icyphy/ptII/ptolemy/actor/lib/test/auto/Clock17.xml
12 ms. Memory: 276480K Free: 127510K (46%)
----------------- Invoking toplevel() on ptolemy.moml.MoMLSimpleApplication@3a0652d3
----------------- Done invoking toplevel() on ptolemy.moml.MoMLSimpleApplication@3a0652d3
reloadAllAccessors: .Clock17

===========================================================================================
----------------- testing Sun Jun 21 14:50:02 UTC 2020 /home/travis/build/icyphy/ptII/ptolemy/actor/lib/test/auto/Clock18.xml
----------------- Instantiating /home/travis/build/icyphy/ptII/ptolemy/actor/lib/test/auto/Clock18.xml
22 ms. Memory: 276480K Free: 114694K (41%)
----------------- Invoking toplevel() on ptolemy.moml.MoMLSimpleApplication@3eb3a354
----------------- Done invoking toplevel() on ptolemy.moml.MoMLSimpleApplication@3eb3a354
reloadAllAccessors: .Clock18

===========================================================================================
----------------- testing Sun Jun 21 14:50:02 UTC 2020 /home/travis/build/icyphy/ptII/ptolemy/actor/lib/test/auto/Clock19.xml
----------------- Instantiating /home/travis/build/icyphy/ptII/ptolemy/actor/lib/test/auto/Clock19.xml
12 ms. Memory: 276480K Free: 101382K (37%)
----------------- Invoking toplevel() on ptolemy.moml.MoMLSimpleApplication@25947315
----------------- Done invoking toplevel() on ptolemy.moml.MoMLSimpleApplication@25947315
reloadAllAccessors: .Clock19

===========================================================================================
----------------- testing Sun Jun 21 14:50:02 UTC 2020 /home/travis/build/icyphy/ptII/ptolemy/actor/lib/test/auto/Clock2.xml
----------------- Instantiating /home/travis/build/icyphy/ptII/ptolemy/actor/lib/test/auto/Clock2.xml
5 ms. Memory: 276480K Free: 96790K (35%)
----------------- Invoking toplevel() on ptolemy.moml.MoMLSimpleApplication@c5076da
----------------- Done invoking toplevel() on ptolemy.moml.MoMLSimpleApplication@c5076da
reloadAllAccessors: .Clock2

===========================================================================================
----------------- testing Sun Jun 21 14:50:02 UTC 2020 /home/travis/build/icyphy/ptII/ptolemy/actor/lib/test/auto/Clock20.xml
----------------- Instantiating /home/travis/build/icyphy/ptII/ptolemy/actor/lib/test/auto/Clock20.xml
9 ms. Memory: 276480K Free: 91156K (33%)
----------------- Invoking toplevel() on ptolemy.moml.MoMLSimpleApplication@5b1ab5f5
----------------- Done invoking toplevel() on ptolemy.moml.MoMLSimpleApplication@5b1ab5f5
reloadAllAccessors: .Clock20

===========================================================================================
----------------- testing Sun Jun 21 14:50:02 UTC 2020 /home/travis/build/icyphy/ptII/ptolemy/actor/lib/test/auto/Clock21.xml
----------------- Instantiating /home/travis/build/icyphy/ptII/ptolemy/actor/lib/test/auto/Clock21.xml
6 ms. Memory: 276480K Free: 86036K (31%)
----------------- Invoking toplevel() on ptolemy.moml.MoMLSimpleApplication@1567ab3f
----------------- Done invoking toplevel() on ptolemy.moml.MoMLSimpleApplication@1567ab3f
reloadAllAccessors: .Clock21

===========================================================================================
----------------- testing Sun Jun 21 14:50:02 UTC 2020 /home/travis/build/icyphy/ptII/ptolemy/actor/lib/test/auto/Clock22.xml
----------------- Instantiating /home/travis/build/icyphy/ptII/ptolemy/actor/lib/test/auto/Clock22.xml
5 ms. Memory: 276480K Free: 80406K (29%)
----------------- Invoking toplevel() on ptolemy.moml.MoMLSimpleApplication@4858f963
----------------- Done invoking toplevel() on ptolemy.moml.MoMLSimpleApplication@4858f963
reloadAllAccessors: .Clock22

===========================================================================================
----------------- testing Sun Jun 21 14:50:02 UTC 2020 /home/travis/build/icyphy/ptII/ptolemy/actor/lib/test/auto/Clock23.xml
----------------- Instantiating /home/travis/build/icyphy/ptII/ptolemy/actor/lib/test/auto/Clock23.xml
5 ms. Memory: 276480K Free: 75286K (27%)
----------------- Invoking toplevel() on ptolemy.moml.MoMLSimpleApplication@6e06e6f0
----------------- Done invoking toplevel() on ptolemy.moml.MoMLSimpleApplication@6e06e6f0
reloadAllAccessors: .Clock23

===========================================================================================
----------------- testing Sun Jun 21 14:50:02 UTC 2020 /home/travis/build/icyphy/ptII/ptolemy/actor/lib/test/auto/Clock24.xml
----------------- Instantiating /home/travis/build/icyphy/ptII/ptolemy/actor/lib/test/auto/Clock24.xml
4 ms. Memory: 276480K Free: 69652K (25%)
----------------- Invoking toplevel() on ptolemy.moml.MoMLSimpleApplication@61fb33ec
----------------- Done invoking toplevel() on ptolemy.moml.MoMLSimpleApplication@61fb33ec
reloadAllAccessors: .Clock24

===========================================================================================
----------------- testing Sun Jun 21 14:50:02 UTC 2020 /home/travis/build/icyphy/ptII/ptolemy/actor/lib/test/auto/Clock4.xml
----------------- Instantiating /home/travis/build/icyphy/ptII/ptolemy/actor/lib/test/auto/Clock4.xml
2 ms. Memory: 533504K Free: 479222K (90%)
----------------- Invoking toplevel() on ptolemy.moml.MoMLSimpleApplication@16586c06
----------------- Done invoking toplevel() on ptolemy.moml.MoMLSimpleApplication@16586c06
reloadAllAccessors: .Clock4

===========================================================================================
----------------- testing Sun Jun 21 14:50:02 UTC 2020 /home/travis/build/icyphy/ptII/ptolemy/actor/lib/test/auto/Clock5.xml
----------------- Instantiating /home/travis/build/icyphy/ptII/ptolemy/actor/lib/test/auto/Clock5.xml
2 ms. Memory: 533504K Free: 474118K (89%)
----------------- Invoking toplevel() on ptolemy.moml.MoMLSimpleApplication@7d388189
----------------- Done invoking toplevel() on ptolemy.moml.MoMLSimpleApplication@7d388189
reloadAllAccessors: .Clock5

===========================================================================================
----------------- testing Sun Jun 21 14:50:02 UTC 2020 /home/travis/build/icyphy/ptII/ptolemy/actor/lib/test/auto/Clock6.xml
----------------- Instantiating /home/travis/build/icyphy/ptII/ptolemy/actor/lib/test/auto/Clock6.xml
1 ms. Memory: 533504K Free: 470022K (88%)
----------------- Invoking toplevel() on ptolemy.moml.MoMLSimpleApplication@a23031b
----------------- Done invoking toplevel() on ptolemy.moml.MoMLSimpleApplication@a23031b
reloadAllAccessors: .Clock6

===========================================================================================
----------------- testing Sun Jun 21 14:50:02 UTC 2020 /home/travis/build/icyphy/ptII/ptolemy/actor/lib/test/auto/Clock7.xml
----------------- Instantiating /home/travis/build/icyphy/ptII/ptolemy/actor/lib/test/auto/Clock7.xml
2 ms. Memory: 533504K Free: 465940K (87%)
----------------- Invoking toplevel() on ptolemy.moml.MoMLSimpleApplication@3a62c9e9
----------------- Done invoking toplevel() on ptolemy.moml.MoMLSimpleApplication@3a62c9e9
reloadAllAccessors: .Clock7

===========================================================================================
----------------- testing Sun Jun 21 14:50:02 UTC 2020 /home/travis/build/icyphy/ptII/ptolemy/actor/lib/test/auto/Clock8.xml
----------------- Instantiating /home/travis/build/icyphy/ptII/ptolemy/actor/lib/test/auto/Clock8.xml
5 ms. Memory: 533504K Free: 460308K (86%)
----------------- Invoking toplevel() on ptolemy.moml.MoMLSimpleApplication@763bf2b9
----------------- Done invoking toplevel() on ptolemy.moml.MoMLSimpleApplication@763bf2b9
reloadAllAccessors: .Clock8

===========================================================================================
----------------- testing Sun Jun 21 14:50:02 UTC 2020 /home/travis/build/icyphy/ptII/ptolemy/actor/lib/test/auto/Clock9.xml
----------------- Instantiating /home/travis/build/icyphy/ptII/ptolemy/actor/lib/test/auto/Clock9.xml
4 ms. Memory: 533504K Free: 455190K (85%)
----------------- Invoking toplevel() on ptolemy.moml.MoMLSimpleApplication@74683393
----------------- Done invoking toplevel() on ptolemy.moml.MoMLSimpleApplication@74683393
reloadAllAccessors: .Clock9

===========================================================================================
----------------- testing Sun Jun 21 14:50:02 UTC 2020 /home/travis/build/icyphy/ptII/ptolemy/actor/lib/test/auto/CommDistDiscard.xml
----------------- Instantiating /home/travis/build/icyphy/ptII/ptolemy/actor/lib/test/auto/CommDistDiscard.xml
2 ms. Memory: 533504K Free: 449556K (84%)
----------------- Invoking toplevel() on ptolemy.moml.MoMLSimpleApplication@366c7d6d
----------------- Done invoking toplevel() on ptolemy.moml.MoMLSimpleApplication@366c7d6d
reloadAllAccessors: .CommDistDiscard

===========================================================================================
----------------- testing Sun Jun 21 14:50:02 UTC 2020 /home/travis/build/icyphy/ptII/ptolemy/actor/lib/test/auto/Commutator.xml
----------------- Instantiating /home/travis/build/icyphy/ptII/ptolemy/actor/lib/test/auto/Commutator.xml
2 ms. Memory: 533504K Free: 445460K (83%)
----------------- Invoking toplevel() on ptolemy.moml.MoMLSimpleApplication@6f6094c6
----------------- Done invoking toplevel() on ptolemy.moml.MoMLSimpleApplication@6f6094c6
reloadAllAccessors: .Commutator

===========================================================================================
----------------- testing Sun Jun 21 14:50:02 UTC 2020 /home/travis/build/icyphy/ptII/ptolemy/actor/lib/test/auto/Commutator2.xml
----------------- Instantiating /home/travis/build/icyphy/ptII/ptolemy/actor/lib/test/auto/Commutator2.xml
1 ms. Memory: 533504K Free: 440854K (83%)
----------------- Invoking toplevel() on ptolemy.moml.MoMLSimpleApplication@12666f89
----------------- Done invoking toplevel() on ptolemy.moml.MoMLSimpleApplication@12666f89
reloadAllAccessors: .Commutator2

===========================================================================================
----------------- testing Sun Jun 21 14:50:02 UTC 2020 /home/travis/build/icyphy/ptII/ptolemy/actor/lib/test/auto/Commutator3.xml
----------------- Instantiating /home/travis/build/icyphy/ptII/ptolemy/actor/lib/test/auto/Commutator3.xml
2 ms. Memory: 533504K Free: 436244K (82%)
----------------- Invoking toplevel() on ptolemy.moml.MoMLSimpleApplication@d945e1
----------------- Done invoking toplevel() on ptolemy.moml.MoMLSimpleApplication@d945e1
reloadAllAccessors: .Commutator3

===========================================================================================
----------------- testing Sun Jun 21 14:50:02 UTC 2020 /home/travis/build/icyphy/ptII/ptolemy/actor/lib/test/auto/Compare.xml
----------------- Instantiating /home/travis/build/icyphy/ptII/ptolemy/actor/lib/test/auto/Compare.xml
2 ms. Memory: 533504K Free: 430100K (81%)
----------------- Invoking toplevel() on ptolemy.moml.MoMLSimpleApplication@4b31c4d
----------------- Done invoking toplevel() on ptolemy.moml.MoMLSimpleApplication@4b31c4d
reloadAllAccessors: .Compare

===========================================================================================
----------------- testing Sun Jun 21 14:50:02 UTC 2020 /home/travis/build/icyphy/ptII/ptolemy/actor/lib/test/auto/CompareDE.xml
----------------- Instantiating /home/travis/build/icyphy/ptII/ptolemy/actor/lib/test/auto/CompareDE.xml
3 ms. Memory: 533504K Free: 422918K (79%)
----------------- Invoking toplevel() on ptolemy.moml.MoMLSimpleApplication@1e4a290b
----------------- Done invoking toplevel() on ptolemy.moml.MoMLSimpleApplication@1e4a290b
reloadAllAccessors: .CompareDE

===========================================================================================
----------------- testing Sun Jun 21 14:50:02 UTC 2020 /home/travis/build/icyphy/ptII/ptolemy/actor/lib/test/auto/ComplexDivide.xml
----------------- Instantiating /home/travis/build/icyphy/ptII/ptolemy/actor/lib/test/auto/ComplexDivide.xml
2 ms. Memory: 533504K Free: 419350K (79%)
----------------- Invoking toplevel() on ptolemy.moml.MoMLSimpleApplication@7051b796
----------------- Done invoking toplevel() on ptolemy.moml.MoMLSimpleApplication@7051b796
reloadAllAccessors: .ComplexDivide

===========================================================================================
----------------- testing Sun Jun 21 14:50:02 UTC 2020 /home/travis/build/icyphy/ptII/ptolemy/actor/lib/test/auto/ComputeHistogram.xml
----------------- Instantiating /home/travis/build/icyphy/ptII/ptolemy/actor/lib/test/auto/ComputeHistogram.xml
21 ms. Memory: 533504K Free: 406548K (76%)
----------------- Invoking toplevel() on ptolemy.moml.MoMLSimpleApplication@6e702690
----------------- Done invoking toplevel() on ptolemy.moml.MoMLSimpleApplication@6e702690
reloadAllAccessors: .ComputeHistogram

===========================================================================================
----------------- testing Sun Jun 21 14:50:02 UTC 2020 /home/travis/build/icyphy/ptII/ptolemy/actor/lib/test/auto/ConfigurationSelect.xml
----------------- Instantiating /home/travis/build/icyphy/ptII/ptolemy/actor/lib/test/auto/ConfigurationSelect.xml
2 ms. Memory: 533504K Free: 401398K (75%)
----------------- Invoking toplevel() on ptolemy.moml.MoMLSimpleApplication@690ae30
----------------- Done invoking toplevel() on ptolemy.moml.MoMLSimpleApplication@690ae30
reloadAllAccessors: .ConfigurationSelect

===========================================================================================
----------------- testing Sun Jun 21 14:50:02 UTC 2020 /home/travis/build/icyphy/ptII/ptolemy/actor/lib/test/auto/ConfigurationSelect2.xml
----------------- Instantiating /home/travis/build/icyphy/ptII/ptolemy/actor/lib/test/auto/ConfigurationSelect2.xml
2 ms. Memory: 533504K Free: 396822K (74%)
----------------- Invoking toplevel() on ptolemy.moml.MoMLSimpleApplication@f5f5a6c
----------------- Done invoking toplevel() on ptolemy.moml.MoMLSimpleApplication@f5f5a6c
reloadAllAccessors: .ConfigurationSelect2

===========================================================================================
----------------- testing Sun Jun 21 14:50:02 UTC 2020 /home/travis/build/icyphy/ptII/ptolemy/actor/lib/test/auto/ConfigurationSwitch.xml
----------------- Instantiating /home/travis/build/icyphy/ptII/ptolemy/actor/lib/test/auto/ConfigurationSwitch.xml
4 ms. Memory: 533504K Free: 391188K (73%)
----------------- Invoking toplevel() on ptolemy.moml.MoMLSimpleApplication@4643fe75
----------------- Done invoking toplevel() on ptolemy.moml.MoMLSimpleApplication@4643fe75
reloadAllAccessors: .ConfigurationSwitch

===========================================================================================
----------------- testing Sun Jun 21 14:50:02 UTC 2020 /home/travis/build/icyphy/ptII/ptolemy/actor/lib/test/auto/ConfigurationSwitch2.xml
----------------- Instantiating /home/travis/build/icyphy/ptII/ptolemy/actor/lib/test/auto/ConfigurationSwitch2.xml
2 ms. Memory: 533504K Free: 386068K (72%)
----------------- Invoking toplevel() on ptolemy.moml.MoMLSimpleApplication@22d1d6b9
----------------- Done invoking toplevel() on ptolemy.moml.MoMLSimpleApplication@22d1d6b9
reloadAllAccessors: .ConfigurationSwitch2

===========================================================================================
----------------- testing Sun Jun 21 14:50:02 UTC 2020 /home/travis/build/icyphy/ptII/ptolemy/actor/lib/test/auto/ConfigurationSwitchCloningBugWithClassRelationGroup.xml
----------------- Instantiating /home/travis/build/icyphy/ptII/ptolemy/actor/lib/test/auto/ConfigurationSwitchCloningBugWithClassRelationGroup.xml
2 ms. Memory: 533504K Free: 379414K (71%)
----------------- Invoking toplevel() on ptolemy.moml.MoMLSimpleApplication@2423461c
----------------- Done invoking toplevel() on ptolemy.moml.MoMLSimpleApplication@2423461c
reloadAllAccessors: .ConfigurationSwitchCloningBugWithClassRelationGroup

===========================================================================================
----------------- testing Sun Jun 21 14:50:03 UTC 2020 /home/travis/build/icyphy/ptII/ptolemy/actor/lib/test/auto/ConfigurationSwitchSelectSDF.xml
----------------- Instantiating /home/travis/build/icyphy/ptII/ptolemy/actor/lib/test/auto/ConfigurationSwitchSelectSDF.xml
3 ms. Memory: 533504K Free: 374294K (70%)
----------------- Invoking toplevel() on ptolemy.moml.MoMLSimpleApplication@1c557e00
----------------- Done invoking toplevel() on ptolemy.moml.MoMLSimpleApplication@1c557e00
reloadAllAccessors: .ConfigurationSwitchSelectSDF

===========================================================================================
----------------- testing Sun Jun 21 14:50:03 UTC 2020 /home/travis/build/icyphy/ptII/ptolemy/actor/lib/test/auto/ConfigurationSwitchSelectSDF2.xml
----------------- Instantiating /home/travis/build/icyphy/ptII/ptolemy/actor/lib/test/auto/ConfigurationSwitchSelectSDF2.xml
3 ms. Memory: 533504K Free: 368150K (69%)
----------------- Invoking toplevel() on ptolemy.moml.MoMLSimpleApplication@4bc5797a
----------------- Done invoking toplevel() on ptolemy.moml.MoMLSimpleApplication@4bc5797a
reloadAllAccessors: .ConfigurationSwitchSelectSDF2

===========================================================================================
----------------- testing Sun Jun 21 14:50:03 UTC 2020 /home/travis/build/icyphy/ptII/ptolemy/actor/lib/test/auto/Const.xml
----------------- Instantiating /home/travis/build/icyphy/ptII/ptolemy/actor/lib/test/auto/Const.xml
1 ms. Memory: 533504K Free: 365078K (68%)
----------------- Invoking toplevel() on ptolemy.moml.MoMLSimpleApplication@2e470cc8
----------------- Done invoking toplevel() on ptolemy.moml.MoMLSimpleApplication@2e470cc8
reloadAllAccessors: .Const

===========================================================================================
----------------- testing Sun Jun 21 14:50:03 UTC 2020 /home/travis/build/icyphy/ptII/ptolemy/actor/lib/test/auto/Const2.xml
----------------- Instantiating /home/travis/build/icyphy/ptII/ptolemy/actor/lib/test/auto/Const2.xml
1 ms. Memory: 533504K Free: 360982K (68%)
----------------- Invoking toplevel() on ptolemy.moml.MoMLSimpleApplication@54d0347c
----------------- Done invoking toplevel() on ptolemy.moml.MoMLSimpleApplication@54d0347c
reloadAllAccessors: .Const2

===========================================================================================
----------------- testing Sun Jun 21 14:50:03 UTC 2020 /home/travis/build/icyphy/ptII/ptolemy/actor/lib/test/auto/Const3.xml
----------------- Instantiating /home/travis/build/icyphy/ptII/ptolemy/actor/lib/test/auto/Const3.xml
1 ms. Memory: 533504K Free: 357910K (67%)
----------------- Invoking toplevel() on ptolemy.moml.MoMLSimpleApplication@7e98233f
----------------- Done invoking toplevel() on ptolemy.moml.MoMLSimpleApplication@7e98233f
reloadAllAccessors: .Const3

===========================================================================================
----------------- testing Sun Jun 21 14:50:03 UTC 2020 /home/travis/build/icyphy/ptII/ptolemy/actor/lib/test/auto/ConstantPublisherPort1.xml
----------------- Instantiating /home/travis/build/icyphy/ptII/ptolemy/actor/lib/test/auto/ConstantPublisherPort1.xml
7 ms. Memory: 533504K Free: 349204K (65%)
----------------- Invoking toplevel() on ptolemy.moml.MoMLSimpleApplication@68774bbf
----------------- Done invoking toplevel() on ptolemy.moml.MoMLSimpleApplication@68774bbf
reloadAllAccessors: .ConstantPublisherPort1

===========================================================================================
----------------- testing Sun Jun 21 14:50:03 UTC 2020 /home/travis/build/icyphy/ptII/ptolemy/actor/lib/test/auto/ConstantPublisherPort2.xml
----------------- Instantiating /home/travis/build/icyphy/ptII/ptolemy/actor/lib/test/auto/ConstantPublisherPort2.xml
9 ms. Memory: 533504K Free: 341526K (64%)
----------------- Invoking toplevel() on ptolemy.moml.MoMLSimpleApplication@2f5e28a3
----------------- Done invoking toplevel() on ptolemy.moml.MoMLSimpleApplication@2f5e28a3
reloadAllAccessors: .ConstantPublisherPort2

===========================================================================================
----------------- testing Sun Jun 21 14:50:03 UTC 2020 /home/travis/build/icyphy/ptII/ptolemy/actor/lib/test/auto/ConstantPublisherPort3.xml
----------------- Instantiating /home/travis/build/icyphy/ptII/ptolemy/actor/lib/test/auto/ConstantPublisherPort3.xml
6 ms. Memory: 533504K Free: 334358K (63%)
----------------- Invoking toplevel() on ptolemy.moml.MoMLSimpleApplication@4733d4fb
----------------- Done invoking toplevel() on ptolemy.moml.MoMLSimpleApplication@4733d4fb
reloadAllAccessors: .ConstantPublisherPort3

===========================================================================================
----------------- testing Sun Jun 21 14:50:03 UTC 2020 /home/travis/build/icyphy/ptII/ptolemy/actor/lib/test/auto/ConstantPublisherPort4.xml
----------------- Instantiating /home/travis/build/icyphy/ptII/ptolemy/actor/lib/test/auto/ConstantPublisherPort4.xml
5 ms. Memory: 533504K Free: 327190K (61%)
----------------- Invoking toplevel() on ptolemy.moml.MoMLSimpleApplication@5c3d63df
----------------- Done invoking toplevel() on ptolemy.moml.MoMLSimpleApplication@5c3d63df
reloadAllAccessors: .ConstantPublisherPort4

===========================================================================================
----------------- testing Sun Jun 21 14:50:03 UTC 2020 /home/travis/build/icyphy/ptII/ptolemy/actor/lib/test/auto/ConstantPublisherPort5.xml
----------------- Instantiating /home/travis/build/icyphy/ptII/ptolemy/actor/lib/test/auto/ConstantPublisherPort5.xml
21 ms. Memory: 533504K Free: 317974K (60%)
----------------- Invoking toplevel() on ptolemy.moml.MoMLSimpleApplication@654f4aae
----------------- Done invoking toplevel() on ptolemy.moml.MoMLSimpleApplication@654f4aae
reloadAllAccessors: .ConstantPublisherPort5

===========================================================================================
----------------- testing Sun Jun 21 14:50:03 UTC 2020 /home/travis/build/icyphy/ptII/ptolemy/actor/lib/test/auto/ConstantPublisherPort6.xml
----------------- Instantiating /home/travis/build/icyphy/ptII/ptolemy/actor/lib/test/auto/ConstantPublisherPort6.xml
14 ms. Memory: 533504K Free: 309268K (58%)
----------------- Invoking toplevel() on ptolemy.moml.MoMLSimpleApplication@77a76352
----------------- Done invoking toplevel() on ptolemy.moml.MoMLSimpleApplication@77a76352
reloadAllAccessors: .ConstantPublisherPort6

===========================================================================================
----------------- testing Sun Jun 21 14:50:03 UTC 2020 /home/travis/build/icyphy/ptII/ptolemy/actor/lib/test/auto/ConstantPublisherPort7.xml
----------------- Instantiating /home/travis/build/icyphy/ptII/ptolemy/actor/lib/test/auto/ConstantPublisherPort7.xml
23 ms. Memory: 533504K Free: 299542K (56%)
----------------- Invoking toplevel() on ptolemy.moml.MoMLSimpleApplication@79cfb83a
----------------- Done invoking toplevel() on ptolemy.moml.MoMLSimpleApplication@79cfb83a
reloadAllAccessors: .ConstantPublisherPort7

===========================================================================================
----------------- testing Sun Jun 21 14:50:03 UTC 2020 /home/travis/build/icyphy/ptII/ptolemy/actor/lib/test/auto/ConstraintMonitor1.xml
----------------- Instantiating /home/travis/build/icyphy/ptII/ptolemy/actor/lib/test/auto/ConstraintMonitor1.xml
5 ms. Memory: 533504K Free: 294932K (55%)
----------------- Invoking toplevel() on ptolemy.moml.MoMLSimpleApplication@22da4ece
----------------- Done invoking toplevel() on ptolemy.moml.MoMLSimpleApplication@22da4ece
reloadAllAccessors: .ConstraintMonitor1

===========================================================================================
----------------- testing Sun Jun 21 14:50:03 UTC 2020 /home/travis/build/icyphy/ptII/ptolemy/actor/lib/test/auto/ConstraintMonitor2.xml
----------------- Instantiating /home/travis/build/icyphy/ptII/ptolemy/actor/lib/test/auto/ConstraintMonitor2.xml
6 ms. Memory: 533504K Free: 289812K (54%)
----------------- Invoking toplevel() on ptolemy.moml.MoMLSimpleApplication@7d1028dd
----------------- Done invoking toplevel() on ptolemy.moml.MoMLSimpleApplication@7d1028dd
reloadAllAccessors: .ConstraintMonitor2

===========================================================================================
----------------- testing Sun Jun 21 14:50:03 UTC 2020 /home/travis/build/icyphy/ptII/ptolemy/actor/lib/test/auto/ConstraintMonitor3.xml
----------------- Instantiating /home/travis/build/icyphy/ptII/ptolemy/actor/lib/test/auto/ConstraintMonitor3.xml
4 ms. Memory: 533504K Free: 285206K (53%)
----------------- Invoking toplevel() on ptolemy.moml.MoMLSimpleApplication@55386074
----------------- Done invoking toplevel() on ptolemy.moml.MoMLSimpleApplication@55386074
reloadAllAccessors: .ConstraintMonitor3

===========================================================================================
----------------- testing Sun Jun 21 14:50:03 UTC 2020 /home/travis/build/icyphy/ptII/ptolemy/actor/lib/test/auto/ConstraintMonitor4.xml
----------------- Instantiating /home/travis/build/icyphy/ptII/ptolemy/actor/lib/test/auto/ConstraintMonitor4.xml
2 ms. Memory: 533504K Free: 280596K (53%)
----------------- Invoking toplevel() on ptolemy.moml.MoMLSimpleApplication@7f51faa9
----------------- Done invoking toplevel() on ptolemy.moml.MoMLSimpleApplication@7f51faa9
reloadAllAccessors: .ConstraintMonitor4

===========================================================================================
----------------- testing Sun Jun 21 14:50:03 UTC 2020 /home/travis/build/icyphy/ptII/ptolemy/actor/lib/test/auto/ConstraintMonitor5.xml
----------------- Instantiating /home/travis/build/icyphy/ptII/ptolemy/actor/lib/test/auto/ConstraintMonitor5.xml
4 ms. Memory: 533504K Free: 274966K (52%)
----------------- Invoking toplevel() on ptolemy.moml.MoMLSimpleApplication@2472e702
----------------- Done invoking toplevel() on ptolemy.moml.MoMLSimpleApplication@2472e702
reloadAllAccessors: .ConstraintMonitor5

===========================================================================================
----------------- testing Sun Jun 21 14:50:03 UTC 2020 /home/travis/build/icyphy/ptII/ptolemy/actor/lib/test/auto/ConstraintMonitor6.xml
----------------- Instantiating /home/travis/build/icyphy/ptII/ptolemy/actor/lib/test/auto/ConstraintMonitor6.xml
3 ms. Memory: 533504K Free: 268822K (50%)
----------------- Invoking toplevel() on ptolemy.moml.MoMLSimpleApplication@7fae1ebe
----------------- Done invoking toplevel() on ptolemy.moml.MoMLSimpleApplication@7fae1ebe
reloadAllAccessors: .ConstraintMonitor6

===========================================================================================
----------------- testing Sun Jun 21 14:50:03 UTC 2020 /home/travis/build/icyphy/ptII/ptolemy/actor/lib/test/auto/ConstraintMonitor7.xml
----------------- Instantiating /home/travis/build/icyphy/ptII/ptolemy/actor/lib/test/auto/ConstraintMonitor7.xml
5 ms. Memory: 533504K Free: 262678K (49%)
----------------- Invoking toplevel() on ptolemy.moml.MoMLSimpleApplication@77272ef0
----------------- Done invoking toplevel() on ptolemy.moml.MoMLSimpleApplication@77272ef0
reloadAllAccessors: .ConstraintMonitor7

===========================================================================================
----------------- testing Sun Jun 21 14:50:03 UTC 2020 /home/travis/build/icyphy/ptII/ptolemy/actor/lib/test/auto/ConstraintMonitor8.xml
----------------- Instantiating /home/travis/build/icyphy/ptII/ptolemy/actor/lib/test/auto/ConstraintMonitor8.xml
7 ms. Memory: 533504K Free: 254486K (48%)
----------------- Invoking toplevel() on ptolemy.moml.MoMLSimpleApplication@5315d996
----------------- Done invoking toplevel() on ptolemy.moml.MoMLSimpleApplication@5315d996
reloadAllAccessors: .ConstraintMonitor8

===========================================================================================
----------------- testing Sun Jun 21 14:50:03 UTC 2020 /home/travis/build/icyphy/ptII/ptolemy/actor/lib/test/auto/Counter.xml
----------------- Instantiating /home/travis/build/icyphy/ptII/ptolemy/actor/lib/test/auto/Counter.xml
2 ms. Memory: 533504K Free: 249876K (47%)
----------------- Invoking toplevel() on ptolemy.moml.MoMLSimpleApplication@fb737f0
----------------- Done invoking toplevel() on ptolemy.moml.MoMLSimpleApplication@fb737f0
reloadAllAccessors: .Counter

===========================================================================================
----------------- testing Sun Jun 21 14:50:03 UTC 2020 /home/travis/build/icyphy/ptII/ptolemy/actor/lib/test/auto/CurrentTimeSDF.xml
----------------- Instantiating /home/travis/build/icyphy/ptII/ptolemy/actor/lib/test/auto/CurrentTimeSDF.xml
1 ms. Memory: 533504K Free: 245780K (46%)
----------------- Invoking toplevel() on ptolemy.moml.MoMLSimpleApplication@793d992a
----------------- Done invoking toplevel() on ptolemy.moml.MoMLSimpleApplication@793d992a
reloadAllAccessors: .CurrentTimeSDF

===========================================================================================
----------------- testing Sun Jun 21 14:50:03 UTC 2020 /home/travis/build/icyphy/ptII/ptolemy/actor/lib/test/auto/DB.xml
----------------- Instantiating /home/travis/build/icyphy/ptII/ptolemy/actor/lib/test/auto/DB.xml
3 ms. Memory: 533504K Free: 240150K (45%)
----------------- Invoking toplevel() on ptolemy.moml.MoMLSimpleApplication@56f9262b
----------------- Done invoking toplevel() on ptolemy.moml.MoMLSimpleApplication@56f9262b
reloadAllAccessors: .DB

===========================================================================================
----------------- testing Sun Jun 21 14:50:03 UTC 2020 /home/travis/build/icyphy/ptII/ptolemy/actor/lib/test/auto/DBDE.xml
----------------- Instantiating /home/travis/build/icyphy/ptII/ptolemy/actor/lib/test/auto/DBDE.xml
2 ms. Memory: 533504K Free: 234510K (44%)
----------------- Invoking toplevel() on ptolemy.moml.MoMLSimpleApplication@ea4efed
----------------- Done invoking toplevel() on ptolemy.moml.MoMLSimpleApplication@ea4efed
reloadAllAccessors: .DBDE

===========================================================================================
----------------- testing Sun Jun 21 14:50:03 UTC 2020 /home/travis/build/icyphy/ptII/ptolemy/actor/lib/test/auto/DateConstructor.xml
----------------- Instantiating /home/travis/build/icyphy/ptII/ptolemy/actor/lib/test/auto/DateConstructor.xml
36 ms. Memory: 533504K Free: 217108K (41%)
----------------- Invoking toplevel() on ptolemy.moml.MoMLSimpleApplication@85d1df4
----------------- Done invoking toplevel() on ptolemy.moml.MoMLSimpleApplication@85d1df4
reloadAllAccessors: .DateConstructor

===========================================================================================
----------------- testing Sun Jun 21 14:50:03 UTC 2020 /home/travis/build/icyphy/ptII/ptolemy/actor/lib/test/auto/DelayTime.xml
----------------- Instantiating /home/travis/build/icyphy/ptII/ptolemy/actor/lib/test/auto/DelayTime.xml
5 ms. Memory: 533504K Free: 211988K (40%)
----------------- Invoking toplevel() on ptolemy.moml.MoMLSimpleApplication@24b3dc55
----------------- Done invoking toplevel() on ptolemy.moml.MoMLSimpleApplication@24b3dc55
reloadAllAccessors: .DelayTime

===========================================================================================
----------------- testing Sun Jun 21 14:50:03 UTC 2020 /home/travis/build/icyphy/ptII/ptolemy/actor/lib/test/auto/Dictionary1.xml
----------------- Instantiating /home/travis/build/icyphy/ptII/ptolemy/actor/lib/test/auto/Dictionary1.xml
6 ms. Memory: 533504K Free: 206868K (39%)
----------------- Invoking toplevel() on ptolemy.moml.MoMLSimpleApplication@1b4c6554
----------------- Done invoking toplevel() on ptolemy.moml.MoMLSimpleApplication@1b4c6554
reloadAllAccessors: .Dictionary1

===========================================================================================
----------------- testing Sun Jun 21 14:50:03 UTC 2020 /home/travis/build/icyphy/ptII/ptolemy/actor/lib/test/auto/Dictionary2.xml
----------------- Instantiating /home/travis/build/icyphy/ptII/ptolemy/actor/lib/test/auto/Dictionary2.xml
4 ms. Memory: 533504K Free: 201238K (38%)
----------------- Invoking toplevel() on ptolemy.moml.MoMLSimpleApplication@7082c943
----------------- Done invoking toplevel() on ptolemy.moml.MoMLSimpleApplication@7082c943
reloadAllAccessors: .Dictionary2

===========================================================================================
----------------- testing Sun Jun 21 14:50:03 UTC 2020 /home/travis/build/icyphy/ptII/ptolemy/actor/lib/test/auto/Dictionary3.xml
----------------- Instantiating /home/travis/build/icyphy/ptII/ptolemy/actor/lib/test/auto/Dictionary3.xml
2 ms. Memory: 533504K Free: 195604K (37%)
----------------- Invoking toplevel() on ptolemy.moml.MoMLSimpleApplication@4c488a86
----------------- Done invoking toplevel() on ptolemy.moml.MoMLSimpleApplication@4c488a86
reloadAllAccessors: .Dictionary3

===========================================================================================
----------------- testing Sun Jun 21 14:50:03 UTC 2020 /home/travis/build/icyphy/ptII/ptolemy/actor/lib/test/auto/Dictionary4.xml
----------------- Instantiating /home/travis/build/icyphy/ptII/ptolemy/actor/lib/test/auto/Dictionary4.xml
4 ms. Memory: 533504K Free: 188430K (35%)
----------------- Invoking toplevel() on ptolemy.moml.MoMLSimpleApplication@2018183
----------------- Done invoking toplevel() on ptolemy.moml.MoMLSimpleApplication@2018183
reloadAllAccessors: .Dictionary4

===========================================================================================
----------------- testing Sun Jun 21 14:50:03 UTC 2020 /home/travis/build/icyphy/ptII/ptolemy/actor/lib/test/auto/Differential.xml
----------------- Instantiating /home/travis/build/icyphy/ptII/ptolemy/actor/lib/test/auto/Differential.xml
2 ms. Memory: 533504K Free: 184340K (35%)
----------------- Invoking toplevel() on ptolemy.moml.MoMLSimpleApplication@3ee1e221
----------------- Done invoking toplevel() on ptolemy.moml.MoMLSimpleApplication@3ee1e221
reloadAllAccessors: .Differential

===========================================================================================
----------------- testing Sun Jun 21 14:50:03 UTC 2020 /home/travis/build/icyphy/ptII/ptolemy/actor/lib/test/auto/Director.xml
----------------- Instantiating /home/travis/build/icyphy/ptII/ptolemy/actor/lib/test/auto/Director.xml
3 ms. Memory: 533504K Free: 180758K (34%)
----------------- Invoking toplevel() on ptolemy.moml.MoMLSimpleApplication@39bdb9a
----------------- Done invoking toplevel() on ptolemy.moml.MoMLSimpleApplication@39bdb9a
reloadAllAccessors: .Director

===========================================================================================
----------------- testing Sun Jun 21 14:50:03 UTC 2020 /home/travis/build/icyphy/ptII/ptolemy/actor/lib/test/auto/DiscreteClock.xml
----------------- Instantiating /home/travis/build/icyphy/ptII/ptolemy/actor/lib/test/auto/DiscreteClock.xml
1 ms. Memory: 533504K Free: 176662K (33%)
----------------- Invoking toplevel() on ptolemy.moml.MoMLSimpleApplication@7d37c1b3
----------------- Done invoking toplevel() on ptolemy.moml.MoMLSimpleApplication@7d37c1b3
reloadAllAccessors: .DiscreteClock

===========================================================================================
----------------- testing Sun Jun 21 14:50:03 UTC 2020 /home/travis/build/icyphy/ptII/ptolemy/actor/lib/test/auto/DiscreteClock10.xml
----------------- Instantiating /home/travis/build/icyphy/ptII/ptolemy/actor/lib/test/auto/DiscreteClock10.xml
2 ms. Memory: 533504K Free: 481814K (90%)
----------------- Invoking toplevel() on ptolemy.moml.MoMLSimpleApplication@2a3ccf0b
----------------- Done invoking toplevel() on ptolemy.moml.MoMLSimpleApplication@2a3ccf0b
reloadAllAccessors: .DiscreteClock10

===========================================================================================
----------------- testing Sun Jun 21 14:50:03 UTC 2020 /home/travis/build/icyphy/ptII/ptolemy/actor/lib/test/auto/DiscreteClock11.xml
----------------- Instantiating /home/travis/build/icyphy/ptII/ptolemy/actor/lib/test/auto/DiscreteClock11.xml
2 ms. Memory: 533504K Free: 475670K (89%)
----------------- Invoking toplevel() on ptolemy.moml.MoMLSimpleApplication@12e6c4d7
----------------- Done invoking toplevel() on ptolemy.moml.MoMLSimpleApplication@12e6c4d7
reloadAllAccessors: .DiscreteClock11

===========================================================================================
----------------- testing Sun Jun 21 14:50:03 UTC 2020 /home/travis/build/icyphy/ptII/ptolemy/actor/lib/test/auto/DiscreteClock12.xml
----------------- Instantiating /home/travis/build/icyphy/ptII/ptolemy/actor/lib/test/auto/DiscreteClock12.xml
3 ms. Memory: 533504K Free: 469526K (88%)
----------------- Invoking toplevel() on ptolemy.moml.MoMLSimpleApplication@c92e580
----------------- Done invoking toplevel() on ptolemy.moml.MoMLSimpleApplication@c92e580
reloadAllAccessors: .DiscreteClock12

===========================================================================================
----------------- testing Sun Jun 21 14:50:03 UTC 2020 /home/travis/build/icyphy/ptII/ptolemy/actor/lib/test/auto/DiscreteClock13.xml
----------------- Instantiating /home/travis/build/icyphy/ptII/ptolemy/actor/lib/test/auto/DiscreteClock13.xml
4 ms. Memory: 533504K Free: 463382K (87%)
----------------- Invoking toplevel() on ptolemy.moml.MoMLSimpleApplication@71a0b828
----------------- Done invoking toplevel() on ptolemy.moml.MoMLSimpleApplication@71a0b828
reloadAllAccessors: .DiscreteClock13

===========================================================================================
----------------- testing Sun Jun 21 14:50:03 UTC 2020 /home/travis/build/icyphy/ptII/ptolemy/actor/lib/test/auto/DiscreteClock14.xml
----------------- Instantiating /home/travis/build/icyphy/ptII/ptolemy/actor/lib/test/auto/DiscreteClock14.xml
5 ms. Memory: 533504K Free: 457718K (86%)
----------------- Invoking toplevel() on ptolemy.moml.MoMLSimpleApplication@97d1ce0
----------------- Done invoking toplevel() on ptolemy.moml.MoMLSimpleApplication@97d1ce0
reloadAllAccessors: .DiscreteClock14

===========================================================================================
----------------- testing Sun Jun 21 14:50:04 UTC 2020 /home/travis/build/icyphy/ptII/ptolemy/actor/lib/test/auto/DiscreteClock15.xml
----------------- Instantiating /home/travis/build/icyphy/ptII/ptolemy/actor/lib/test/auto/DiscreteClock15.xml
4 ms. Memory: 533504K Free: 451598K (85%)
----------------- Invoking toplevel() on ptolemy.moml.MoMLSimpleApplication@71981e6c
----------------- Done invoking toplevel() on ptolemy.moml.MoMLSimpleApplication@71981e6c
reloadAllAccessors: .DiscreteClock15

===========================================================================================
----------------- testing Sun Jun 21 14:50:04 UTC 2020 /home/travis/build/icyphy/ptII/ptolemy/actor/lib/test/auto/DiscreteClock16.xml
----------------- Instantiating /home/travis/build/icyphy/ptII/ptolemy/actor/lib/test/auto/DiscreteClock16.xml
11 ms. Memory: 533504K Free: 437782K (82%)
----------------- Invoking toplevel() on ptolemy.moml.MoMLSimpleApplication@82df456
----------------- Done invoking toplevel() on ptolemy.moml.MoMLSimpleApplication@82df456
reloadAllAccessors: .DiscreteClock16

===========================================================================================
----------------- testing Sun Jun 21 14:50:04 UTC 2020 /home/travis/build/icyphy/ptII/ptolemy/actor/lib/test/auto/DiscreteClock17.xml
----------------- Instantiating /home/travis/build/icyphy/ptII/ptolemy/actor/lib/test/auto/DiscreteClock17.xml
14 ms. Memory: 533504K Free: 422902K (79%)
----------------- Invoking toplevel() on ptolemy.moml.MoMLSimpleApplication@3067a024
----------------- Done invoking toplevel() on ptolemy.moml.MoMLSimpleApplication@3067a024
reloadAllAccessors: .DiscreteClock17

===========================================================================================
----------------- testing Sun Jun 21 14:50:04 UTC 2020 /home/travis/build/icyphy/ptII/ptolemy/actor/lib/test/auto/DiscreteClock18.xml
----------------- Instantiating /home/travis/build/icyphy/ptII/ptolemy/actor/lib/test/auto/DiscreteClock18.xml
10 ms. Memory: 533504K Free: 409110K (77%)
----------------- Invoking toplevel() on ptolemy.moml.MoMLSimpleApplication@7bab1d70
----------------- Done invoking toplevel() on ptolemy.moml.MoMLSimpleApplication@7bab1d70
reloadAllAccessors: .DiscreteClock18

===========================================================================================
----------------- testing Sun Jun 21 14:50:04 UTC 2020 /home/travis/build/icyphy/ptII/ptolemy/actor/lib/test/auto/DiscreteClock19.xml
----------------- Instantiating /home/travis/build/icyphy/ptII/ptolemy/actor/lib/test/auto/DiscreteClock19.xml
12 ms. Memory: 533504K Free: 395798K (74%)
----------------- Invoking toplevel() on ptolemy.moml.MoMLSimpleApplication@e3581a3
----------------- Done invoking toplevel() on ptolemy.moml.MoMLSimpleApplication@e3581a3
reloadAllAccessors: .DiscreteClock19

===========================================================================================
----------------- testing Sun Jun 21 14:50:04 UTC 2020 /home/travis/build/icyphy/ptII/ptolemy/actor/lib/test/auto/DiscreteClock2.xml
----------------- Instantiating /home/travis/build/icyphy/ptII/ptolemy/actor/lib/test/auto/DiscreteClock2.xml
2 ms. Memory: 533504K Free: 390678K (73%)
----------------- Invoking toplevel() on ptolemy.moml.MoMLSimpleApplication@4cbdfd57
----------------- Done invoking toplevel() on ptolemy.moml.MoMLSimpleApplication@4cbdfd57
reloadAllAccessors: .DiscreteClock2

===========================================================================================
----------------- testing Sun Jun 21 14:50:04 UTC 2020 /home/travis/build/icyphy/ptII/ptolemy/actor/lib/test/auto/DiscreteClock20.xml
----------------- Instantiating /home/travis/build/icyphy/ptII/ptolemy/actor/lib/test/auto/DiscreteClock20.xml
4 ms. Memory: 533504K Free: 385044K (72%)
----------------- Invoking toplevel() on ptolemy.moml.MoMLSimpleApplication@330aaf8a
----------------- Done invoking toplevel() on ptolemy.moml.MoMLSimpleApplication@330aaf8a
reloadAllAccessors: .DiscreteClock20

===========================================================================================
----------------- testing Sun Jun 21 14:50:04 UTC 2020 /home/travis/build/icyphy/ptII/ptolemy/actor/lib/test/auto/DiscreteClock21.xml
----------------- Instantiating /home/travis/build/icyphy/ptII/ptolemy/actor/lib/test/auto/DiscreteClock21.xml
3 ms. Memory: 533504K Free: 379414K (71%)
----------------- Invoking toplevel() on ptolemy.moml.MoMLSimpleApplication@61b6abc4
----------------- Done invoking toplevel() on ptolemy.moml.MoMLSimpleApplication@61b6abc4
reloadAllAccessors: .DiscreteClock21

===========================================================================================
----------------- testing Sun Jun 21 14:50:04 UTC 2020 /home/travis/build/icyphy/ptII/ptolemy/actor/lib/test/auto/DiscreteClock22.xml
----------------- Instantiating /home/travis/build/icyphy/ptII/ptolemy/actor/lib/test/auto/DiscreteClock22.xml
1 ms. Memory: 533504K Free: 374294K (70%)
----------------- Invoking toplevel() on ptolemy.moml.MoMLSimpleApplication@7409da14
----------------- Done invoking toplevel() on ptolemy.moml.MoMLSimpleApplication@7409da14
reloadAllAccessors: .DiscreteClock22

===========================================================================================
----------------- testing Sun Jun 21 14:50:04 UTC 2020 /home/travis/build/icyphy/ptII/ptolemy/actor/lib/test/auto/DiscreteClock23.xml
----------------- Instantiating /home/travis/build/icyphy/ptII/ptolemy/actor/lib/test/auto/DiscreteClock23.xml
9 ms. Memory: 533504K Free: 368660K (69%)
----------------- Invoking toplevel() on ptolemy.moml.MoMLSimpleApplication@c6b4f47
----------------- Done invoking toplevel() on ptolemy.moml.MoMLSimpleApplication@c6b4f47
reloadAllAccessors: .DiscreteClock23

===========================================================================================
----------------- testing Sun Jun 21 14:50:04 UTC 2020 /home/travis/build/icyphy/ptII/ptolemy/actor/lib/test/auto/DiscreteClock24.xml
----------------- Instantiating /home/travis/build/icyphy/ptII/ptolemy/actor/lib/test/auto/DiscreteClock24.xml
4 ms. Memory: 533504K Free: 363030K (68%)
----------------- Invoking toplevel() on ptolemy.moml.MoMLSimpleApplication@6cd99240
----------------- Done invoking toplevel() on ptolemy.moml.MoMLSimpleApplication@6cd99240
reloadAllAccessors: .DiscreteClock24

===========================================================================================
----------------- testing Sun Jun 21 14:50:04 UTC 2020 /home/travis/build/icyphy/ptII/ptolemy/actor/lib/test/auto/DiscreteClock4.xml
----------------- Instantiating /home/travis/build/icyphy/ptII/ptolemy/actor/lib/test/auto/DiscreteClock4.xml
3 ms. Memory: 533504K Free: 357396K (67%)
----------------- Invoking toplevel() on ptolemy.moml.MoMLSimpleApplication@4689fdf9
----------------- Done invoking toplevel() on ptolemy.moml.MoMLSimpleApplication@4689fdf9
reloadAllAccessors: .DiscreteClock4

===========================================================================================
----------------- testing Sun Jun 21 14:50:04 UTC 2020 /home/travis/build/icyphy/ptII/ptolemy/actor/lib/test/auto/DiscreteClock5.xml
----------------- Instantiating /home/travis/build/icyphy/ptII/ptolemy/actor/lib/test/auto/DiscreteClock5.xml
1 ms. Memory: 533504K Free: 352276K (66%)
----------------- Invoking toplevel() on ptolemy.moml.MoMLSimpleApplication@76e7059e
----------------- Done invoking toplevel() on ptolemy.moml.MoMLSimpleApplication@76e7059e
reloadAllAccessors: .DiscreteClock5

===========================================================================================
----------------- testing Sun Jun 21 14:50:04 UTC 2020 /home/travis/build/icyphy/ptII/ptolemy/actor/lib/test/auto/DiscreteClock6.xml
----------------- Instantiating /home/travis/build/icyphy/ptII/ptolemy/actor/lib/test/auto/DiscreteClock6.xml
1 ms. Memory: 533504K Free: 348166K (65%)
----------------- Invoking toplevel() on ptolemy.moml.MoMLSimpleApplication@2fc40e77
----------------- Done invoking toplevel() on ptolemy.moml.MoMLSimpleApplication@2fc40e77
reloadAllAccessors: .DiscreteClock6

===========================================================================================
----------------- testing Sun Jun 21 14:50:04 UTC 2020 /home/travis/build/icyphy/ptII/ptolemy/actor/lib/test/auto/DiscreteClock7.xml
----------------- Instantiating /home/travis/build/icyphy/ptII/ptolemy/actor/lib/test/auto/DiscreteClock7.xml
1 ms. Memory: 533504K Free: 343060K (64%)
----------------- Invoking toplevel() on ptolemy.moml.MoMLSimpleApplication@7715a145
----------------- Done invoking toplevel() on ptolemy.moml.MoMLSimpleApplication@7715a145
reloadAllAccessors: .DiscreteClock7

===========================================================================================
----------------- testing Sun Jun 21 14:50:04 UTC 2020 /home/travis/build/icyphy/ptII/ptolemy/actor/lib/test/auto/DiscreteClock8.xml
----------------- Instantiating /home/travis/build/icyphy/ptII/ptolemy/actor/lib/test/auto/DiscreteClock8.xml
4 ms. Memory: 533504K Free: 337934K (63%)
----------------- Invoking toplevel() on ptolemy.moml.MoMLSimpleApplication@5c5ddb1b
----------------- Done invoking toplevel() on ptolemy.moml.MoMLSimpleApplication@5c5ddb1b
reloadAllAccessors: .DiscreteClock8

===========================================================================================
----------------- testing Sun Jun 21 14:50:04 UTC 2020 /home/travis/build/icyphy/ptII/ptolemy/actor/lib/test/auto/DiscreteClock9.xml
----------------- Instantiating /home/travis/build/icyphy/ptII/ptolemy/actor/lib/test/auto/DiscreteClock9.xml
3 ms. Memory: 533504K Free: 331766K (62%)
----------------- Invoking toplevel() on ptolemy.moml.MoMLSimpleApplication@5b755860
----------------- Done invoking toplevel() on ptolemy.moml.MoMLSimpleApplication@5b755860
reloadAllAccessors: .DiscreteClock9

===========================================================================================
----------------- testing Sun Jun 21 14:50:04 UTC 2020 /home/travis/build/icyphy/ptII/ptolemy/actor/lib/test/auto/DisplayArray.xml
----------------- Instantiating /home/travis/build/icyphy/ptII/ptolemy/actor/lib/test/auto/DisplayArray.xml
1 ms. Memory: 533504K Free: 328214K (62%)
----------------- Invoking toplevel() on ptolemy.moml.MoMLSimpleApplication@53a0a7e9
----------------- Done invoking toplevel() on ptolemy.moml.MoMLSimpleApplication@53a0a7e9
reloadAllAccessors: .DisplayArray

===========================================================================================
----------------- testing Sun Jun 21 14:50:04 UTC 2020 /home/travis/build/icyphy/ptII/ptolemy/actor/lib/test/auto/Distributor.xml
----------------- Instantiating /home/travis/build/icyphy/ptII/ptolemy/actor/lib/test/auto/Distributor.xml
1 ms. Memory: 533504K Free: 323604K (61%)
----------------- Invoking toplevel() on ptolemy.moml.MoMLSimpleApplication@1eebcd4e
----------------- Done invoking toplevel() on ptolemy.moml.MoMLSimpleApplication@1eebcd4e
reloadAllAccessors: .Distributor

===========================================================================================
----------------- testing Sun Jun 21 14:50:04 UTC 2020 /home/travis/build/icyphy/ptII/ptolemy/actor/lib/test/auto/Distributor2.xml
----------------- Instantiating /home/travis/build/icyphy/ptII/ptolemy/actor/lib/test/auto/Distributor2.xml
1 ms. Memory: 533504K Free: 318484K (60%)
----------------- Invoking toplevel() on ptolemy.moml.MoMLSimpleApplication@3694005c
----------------- Done invoking toplevel() on ptolemy.moml.MoMLSimpleApplication@3694005c
reloadAllAccessors: .Distributor2

===========================================================================================
----------------- testing Sun Jun 21 14:50:04 UTC 2020 /home/travis/build/icyphy/ptII/ptolemy/actor/lib/test/auto/DownSample.xml
----------------- Instantiating /home/travis/build/icyphy/ptII/ptolemy/actor/lib/test/auto/DownSample.xml
9 ms. Memory: 533504K Free: 314388K (59%)
----------------- Invoking toplevel() on ptolemy.moml.MoMLSimpleApplication@5242be27
----------------- Done invoking toplevel() on ptolemy.moml.MoMLSimpleApplication@5242be27
reloadAllAccessors: .DownSample

===========================================================================================
----------------- testing Sun Jun 21 14:50:04 UTC 2020 /home/travis/build/icyphy/ptII/ptolemy/actor/lib/test/auto/ElectronicUnitBase1.xml
----------------- Instantiating /home/travis/build/icyphy/ptII/ptolemy/actor/lib/test/auto/ElectronicUnitBase1.xml
17 ms. Memory: 533504K Free: 298004K (56%)
----------------- Invoking toplevel() on ptolemy.moml.MoMLSimpleApplication@549c6322
----------------- Done invoking toplevel() on ptolemy.moml.MoMLSimpleApplication@549c6322
reloadAllAccessors: .ElectronicUnitBase1

===========================================================================================
----------------- testing Sun Jun 21 14:50:04 UTC 2020 /home/travis/build/icyphy/ptII/ptolemy/actor/lib/test/auto/ElementsToArray.xml
----------------- Instantiating /home/travis/build/icyphy/ptII/ptolemy/actor/lib/test/auto/ElementsToArray.xml
2 ms. Memory: 533504K Free: 292884K (55%)
----------------- Invoking toplevel() on ptolemy.moml.MoMLSimpleApplication@13e8b050
----------------- Done invoking toplevel() on ptolemy.moml.MoMLSimpleApplication@13e8b050
reloadAllAccessors: .ElementsToArray

===========================================================================================
----------------- testing Sun Jun 21 14:50:04 UTC 2020 /home/travis/build/icyphy/ptII/ptolemy/actor/lib/test/auto/Equals.xml
----------------- Instantiating /home/travis/build/icyphy/ptII/ptolemy/actor/lib/test/auto/Equals.xml
2 ms. Memory: 533504K Free: 288278K (54%)
----------------- Invoking toplevel() on ptolemy.moml.MoMLSimpleApplication@2d55a9bc
----------------- Done invoking toplevel() on ptolemy.moml.MoMLSimpleApplication@2d55a9bc
reloadAllAccessors: .Equals

===========================================================================================
----------------- testing Sun Jun 21 14:50:04 UTC 2020 /home/travis/build/icyphy/ptII/ptolemy/actor/lib/test/auto/Exec.xml
----------------- Instantiating /home/travis/build/icyphy/ptII/ptolemy/actor/lib/test/auto/Exec.xml
13 ms. Memory: 533504K Free: 282644K (53%)
----------------- Invoking toplevel() on ptolemy.moml.MoMLSimpleApplication@242556f9
----------------- Done invoking toplevel() on ptolemy.moml.MoMLSimpleApplication@242556f9
reloadAllAccessors: .Exec

===========================================================================================
----------------- testing Sun Jun 21 14:50:04 UTC 2020 /home/travis/build/icyphy/ptII/ptolemy/actor/lib/test/auto/ExecEnvironment.xml
----------------- Instantiating /home/travis/build/icyphy/ptII/ptolemy/actor/lib/test/auto/ExecEnvironment.xml
26 ms. Memory: 533504K Free: 277524K (52%)
----------------- Invoking toplevel() on ptolemy.moml.MoMLSimpleApplication@1f3efb7
----------------- Done invoking toplevel() on ptolemy.moml.MoMLSimpleApplication@1f3efb7
reloadAllAccessors: .ExecEnvironment

===========================================================================================
----------------- testing Sun Jun 21 14:50:04 UTC 2020 /home/travis/build/icyphy/ptII/ptolemy/actor/lib/test/auto/ExecNonZeroReturnOutput.xml
----------------- Instantiating /home/travis/build/icyphy/ptII/ptolemy/actor/lib/test/auto/ExecNonZeroReturnOutput.xml
175 ms. Memory: 533504K Free: 265750K (50%)
----------------- Invoking toplevel() on ptolemy.moml.MoMLSimpleApplication@31116ece
----------------- Done invoking toplevel() on ptolemy.moml.MoMLSimpleApplication@31116ece
reloadAllAccessors: .ExecNonZeroReturnOutput

===========================================================================================
----------------- testing Sun Jun 21 14:50:04 UTC 2020 /home/travis/build/icyphy/ptII/ptolemy/actor/lib/test/auto/ExecRunDemos.xml
----------------- Instantiating /home/travis/build/icyphy/ptII/ptolemy/actor/lib/test/auto/ExecRunDemos.xml
Finished: 90 ms. Memory: 129024K Free: 112061K (87%)

Finished: 65 ms. Memory: 129024K Free: 109430K (85%)

Finished: 65 ms. Memory: 129024K Free: 109553K (85%)

Finished: 54 ms. Memory: 129024K Free: 110994K (86%)

Finished: 76 ms. Memory: 129024K Free: 112028K (87%)

10088 ms. Memory: 533504K Free: 245780K (46%)
----------------- Invoking toplevel() on ptolemy.moml.MoMLSimpleApplication@62b1c4c0
----------------- Done invoking toplevel() on ptolemy.moml.MoMLSimpleApplication@62b1c4c0
reloadAllAccessors: .ExecRunDemos

===========================================================================================
----------------- testing Sun Jun 21 14:50:14 UTC 2020 /home/travis/build/icyphy/ptII/ptolemy/actor/lib/test/auto/ExecStop.xml
----------------- Instantiating /home/travis/build/icyphy/ptII/ptolemy/actor/lib/test/auto/ExecStop.xml
5024 ms. Memory: 533504K Free: 410644K (77%)
----------------- Invoking toplevel() on ptolemy.moml.MoMLSimpleApplication@3cf75a9
----------------- Done invoking toplevel() on ptolemy.moml.MoMLSimpleApplication@3cf75a9
reloadAllAccessors: .ExecStop

===========================================================================================
----------------- testing Sun Jun 21 14:50:20 UTC 2020 /home/travis/build/icyphy/ptII/ptolemy/actor/lib/test/auto/ExecutionTimeSDF.xml
----------------- Instantiating /home/travis/build/icyphy/ptII/ptolemy/actor/lib/test/auto/ExecutionTimeSDF.xml
Fired ExecutionTime: -296567296
Fired ExecutionTime: 1346000000
Fired ExecutionTime: 1353600000
6004 ms. Memory: 533504K Free: 397846K (75%)
----------------- Invoking toplevel() on ptolemy.moml.MoMLSimpleApplication@7f7a6bbb
----------------- Done invoking toplevel() on ptolemy.moml.MoMLSimpleApplication@7f7a6bbb
reloadAllAccessors: .ExecutionTimeSDF

===========================================================================================
----------------- testing Sun Jun 21 14:50:26 UTC 2020 /home/travis/build/icyphy/ptII/ptolemy/actor/lib/test/auto/Expression1.xml
----------------- Instantiating /home/travis/build/icyphy/ptII/ptolemy/actor/lib/test/auto/Expression1.xml
1 ms. Memory: 533504K Free: 394774K (74%)
----------------- Invoking toplevel() on ptolemy.moml.MoMLSimpleApplication@34eeb996
----------------- Done invoking toplevel() on ptolemy.moml.MoMLSimpleApplication@34eeb996
reloadAllAccessors: .Expression1

===========================================================================================
----------------- testing Sun Jun 21 14:50:26 UTC 2020 /home/travis/build/icyphy/ptII/ptolemy/actor/lib/test/auto/Expression10.xml
----------------- Instantiating /home/travis/build/icyphy/ptII/ptolemy/actor/lib/test/auto/Expression10.xml
4 ms. Memory: 533504K Free: 389140K (73%)
----------------- Invoking toplevel() on ptolemy.moml.MoMLSimpleApplication@3f7fe566
----------------- Done invoking toplevel() on ptolemy.moml.MoMLSimpleApplication@3f7fe566
reloadAllAccessors: .Expression10

===========================================================================================
----------------- testing Sun Jun 21 14:50:26 UTC 2020 /home/travis/build/icyphy/ptII/ptolemy/actor/lib/test/auto/Expression11.xml
----------------- Instantiating /home/travis/build/icyphy/ptII/ptolemy/actor/lib/test/auto/Expression11.xml
4 ms. Memory: 533504K Free: 385044K (72%)
----------------- Invoking toplevel() on ptolemy.moml.MoMLSimpleApplication@45e2b3d3
----------------- Done invoking toplevel() on ptolemy.moml.MoMLSimpleApplication@45e2b3d3
reloadAllAccessors: .Expression11

===========================================================================================
----------------- testing Sun Jun 21 14:50:26 UTC 2020 /home/travis/build/icyphy/ptII/ptolemy/actor/lib/test/auto/Expression12.xml
----------------- Instantiating /home/travis/build/icyphy/ptII/ptolemy/actor/lib/test/auto/Expression12.xml
2 ms. Memory: 533504K Free: 379414K (71%)
----------------- Invoking toplevel() on ptolemy.moml.MoMLSimpleApplication@5289bf98
----------------- Done invoking toplevel() on ptolemy.moml.MoMLSimpleApplication@5289bf98
reloadAllAccessors: .Expression12

===========================================================================================
----------------- testing Sun Jun 21 14:50:26 UTC 2020 /home/travis/build/icyphy/ptII/ptolemy/actor/lib/test/auto/Expression13.xml
----------------- Instantiating /home/travis/build/icyphy/ptII/ptolemy/actor/lib/test/auto/Expression13.xml
3 ms. Memory: 533504K Free: 374294K (70%)
----------------- Invoking toplevel() on ptolemy.moml.MoMLSimpleApplication@64da6ea0
----------------- Done invoking toplevel() on ptolemy.moml.MoMLSimpleApplication@64da6ea0
reloadAllAccessors: .Expression13

===========================================================================================
----------------- testing Sun Jun 21 14:50:26 UTC 2020 /home/travis/build/icyphy/ptII/ptolemy/actor/lib/test/auto/Expression14.xml
----------------- Instantiating /home/travis/build/icyphy/ptII/ptolemy/actor/lib/test/auto/Expression14.xml
9 ms. Memory: 533504K Free: 368660K (69%)
----------------- Invoking toplevel() on ptolemy.moml.MoMLSimpleApplication@4fb8a684
----------------- Done invoking toplevel() on ptolemy.moml.MoMLSimpleApplication@4fb8a684
reloadAllAccessors: .Expression14

===========================================================================================
----------------- testing Sun Jun 21 14:50:26 UTC 2020 /home/travis/build/icyphy/ptII/ptolemy/actor/lib/test/auto/Expression15.xml
----------------- Instantiating /home/travis/build/icyphy/ptII/ptolemy/actor/lib/test/auto/Expression15.xml
2 ms. Memory: 533504K Free: 364564K (68%)
----------------- Invoking toplevel() on ptolemy.moml.MoMLSimpleApplication@70130b11
----------------- Done invoking toplevel() on ptolemy.moml.MoMLSimpleApplication@70130b11
reloadAllAccessors: .Expression15

===========================================================================================
----------------- testing Sun Jun 21 14:50:26 UTC 2020 /home/travis/build/icyphy/ptII/ptolemy/actor/lib/test/auto/Expression16.xml
----------------- Instantiating /home/travis/build/icyphy/ptII/ptolemy/actor/lib/test/auto/Expression16.xml
3 ms. Memory: 533504K Free: 359958K (67%)
----------------- Invoking toplevel() on ptolemy.moml.MoMLSimpleApplication@71446f0a
----------------- Done invoking toplevel() on ptolemy.moml.MoMLSimpleApplication@71446f0a
reloadAllAccessors: .Expression16

===========================================================================================
----------------- testing Sun Jun 21 14:50:26 UTC 2020 /home/travis/build/icyphy/ptII/ptolemy/actor/lib/test/auto/Expression17.xml
----------------- Instantiating /home/travis/build/icyphy/ptII/ptolemy/actor/lib/test/auto/Expression17.xml
3 ms. Memory: 533504K Free: 354838K (67%)
----------------- Invoking toplevel() on ptolemy.moml.MoMLSimpleApplication@7aaec16
----------------- Done invoking toplevel() on ptolemy.moml.MoMLSimpleApplication@7aaec16
reloadAllAccessors: .Expression17

===========================================================================================
----------------- testing Sun Jun 21 14:50:26 UTC 2020 /home/travis/build/icyphy/ptII/ptolemy/actor/lib/test/auto/Expression18.xml
----------------- Instantiating /home/travis/build/icyphy/ptII/ptolemy/actor/lib/test/auto/Expression18.xml
3 ms. Memory: 533504K Free: 350228K (66%)
----------------- Invoking toplevel() on ptolemy.moml.MoMLSimpleApplication@7077457f
----------------- Done invoking toplevel() on ptolemy.moml.MoMLSimpleApplication@7077457f
reloadAllAccessors: .Expression18

===========================================================================================
----------------- testing Sun Jun 21 14:50:26 UTC 2020 /home/travis/build/icyphy/ptII/ptolemy/actor/lib/test/auto/Expression2.xml
----------------- Instantiating /home/travis/build/icyphy/ptII/ptolemy/actor/lib/test/auto/Expression2.xml
2 ms. Memory: 533504K Free: 345108K (65%)
----------------- Invoking toplevel() on ptolemy.moml.MoMLSimpleApplication@351a6beb
----------------- Done invoking toplevel() on ptolemy.moml.MoMLSimpleApplication@351a6beb
reloadAllAccessors: .Expression2

===========================================================================================
----------------- testing Sun Jun 21 14:50:26 UTC 2020 /home/travis/build/icyphy/ptII/ptolemy/actor/lib/test/auto/Expression3.xml
----------------- Instantiating /home/travis/build/icyphy/ptII/ptolemy/actor/lib/test/auto/Expression3.xml
6 ms. Memory: 533504K Free: 339988K (64%)
----------------- Invoking toplevel() on ptolemy.moml.MoMLSimpleApplication@51747e61
----------------- Done invoking toplevel() on ptolemy.moml.MoMLSimpleApplication@51747e61
reloadAllAccessors: .Expression3

===========================================================================================
----------------- testing Sun Jun 21 14:50:26 UTC 2020 /home/travis/build/icyphy/ptII/ptolemy/actor/lib/test/auto/Expression4.xml
----------------- Instantiating /home/travis/build/icyphy/ptII/ptolemy/actor/lib/test/auto/Expression4.xml
5 ms. Memory: 533504K Free: 332820K (62%)
----------------- Invoking toplevel() on ptolemy.moml.MoMLSimpleApplication@6951ca3
----------------- Done invoking toplevel() on ptolemy.moml.MoMLSimpleApplication@6951ca3
reloadAllAccessors: .Expression4

===========================================================================================
----------------- testing Sun Jun 21 14:50:26 UTC 2020 /home/travis/build/icyphy/ptII/ptolemy/actor/lib/test/auto/Expression5.xml
----------------- Instantiating /home/travis/build/icyphy/ptII/ptolemy/actor/lib/test/auto/Expression5.xml
3 ms. Memory: 533504K Free: 327700K (61%)
----------------- Invoking toplevel() on ptolemy.moml.MoMLSimpleApplication@67a557db
----------------- Done invoking toplevel() on ptolemy.moml.MoMLSimpleApplication@67a557db
reloadAllAccessors: .Expression5

===========================================================================================
----------------- testing Sun Jun 21 14:50:26 UTC 2020 /home/travis/build/icyphy/ptII/ptolemy/actor/lib/test/auto/Expression6.xml
----------------- Instantiating /home/travis/build/icyphy/ptII/ptolemy/actor/lib/test/auto/Expression6.xml
1 ms. Memory: 533504K Free: 323604K (61%)
----------------- Invoking toplevel() on ptolemy.moml.MoMLSimpleApplication@53f2b4aa
----------------- Done invoking toplevel() on ptolemy.moml.MoMLSimpleApplication@53f2b4aa
reloadAllAccessors: .Expression6

===========================================================================================
----------------- testing Sun Jun 21 14:50:26 UTC 2020 /home/travis/build/icyphy/ptII/ptolemy/actor/lib/test/auto/Expression7.xml
----------------- Instantiating /home/travis/build/icyphy/ptII/ptolemy/actor/lib/test/auto/Expression7.xml
8 ms. Memory: 533504K Free: 318481K (60%)
----------------- Invoking toplevel() on ptolemy.moml.MoMLSimpleApplication@1bcf99ff
----------------- Done invoking toplevel() on ptolemy.moml.MoMLSimpleApplication@1bcf99ff
reloadAllAccessors: .Expression7

===========================================================================================
----------------- testing Sun Jun 21 14:50:26 UTC 2020 /home/travis/build/icyphy/ptII/ptolemy/actor/lib/test/auto/Expression8.xml
----------------- Instantiating /home/travis/build/icyphy/ptII/ptolemy/actor/lib/test/auto/Expression8.xml
8 ms. Memory: 533504K Free: 313364K (59%)
----------------- Invoking toplevel() on ptolemy.moml.MoMLSimpleApplication@23621759
----------------- Done invoking toplevel() on ptolemy.moml.MoMLSimpleApplication@23621759
reloadAllAccessors: .Expression8

===========================================================================================
----------------- testing Sun Jun 21 14:50:26 UTC 2020 /home/travis/build/icyphy/ptII/ptolemy/actor/lib/test/auto/Expression9.xml
----------------- Instantiating /home/travis/build/icyphy/ptII/ptolemy/actor/lib/test/auto/Expression9.xml
1 ms. Memory: 533504K Free: 309782K (58%)
----------------- Invoking toplevel() on ptolemy.moml.MoMLSimpleApplication@443851dc
----------------- Done invoking toplevel() on ptolemy.moml.MoMLSimpleApplication@443851dc
reloadAllAccessors: .Expression9

===========================================================================================
----------------- testing Sun Jun 21 14:50:26 UTC 2020 /home/travis/build/icyphy/ptII/ptolemy/actor/lib/test/auto/ExpressionConcatenateArrayType.xml
----------------- Instantiating /home/travis/build/icyphy/ptII/ptolemy/actor/lib/test/auto/ExpressionConcatenateArrayType.xml
3 ms. Memory: 533504K Free: 303124K (57%)
----------------- Invoking toplevel() on ptolemy.moml.MoMLSimpleApplication@7b7ae8e8
----------------- Done invoking toplevel() on ptolemy.moml.MoMLSimpleApplication@7b7ae8e8
reloadAllAccessors: .ExpressionConcatenateArrayType

===========================================================================================
----------------- testing Sun Jun 21 14:50:26 UTC 2020 /home/travis/build/icyphy/ptII/ptolemy/actor/lib/test/auto/ExpressionConcatenateArrayType2.xml
----------------- Instantiating /home/travis/build/icyphy/ptII/ptolemy/actor/lib/test/auto/ExpressionConcatenateArrayType2.xml
2 ms. Memory: 533504K Free: 297494K (56%)
----------------- Invoking toplevel() on ptolemy.moml.MoMLSimpleApplication@56f7c7d
----------------- Done invoking toplevel() on ptolemy.moml.MoMLSimpleApplication@56f7c7d
reloadAllAccessors: .ExpressionConcatenateArrayType2

===========================================================================================
----------------- testing Sun Jun 21 14:50:26 UTC 2020 /home/travis/build/icyphy/ptII/ptolemy/actor/lib/test/auto/ExpressionFix.xml
----------------- Instantiating /home/travis/build/icyphy/ptII/ptolemy/actor/lib/test/auto/ExpressionFix.xml
21 ms. Memory: 533504K Free: 291350K (55%)
----------------- Invoking toplevel() on ptolemy.moml.MoMLSimpleApplication@6caaf426
----------------- Done invoking toplevel() on ptolemy.moml.MoMLSimpleApplication@6caaf426
reloadAllAccessors: .ExpressionFix

===========================================================================================
----------------- testing Sun Jun 21 14:50:26 UTC 2020 /home/travis/build/icyphy/ptII/ptolemy/actor/lib/test/auto/ExpressionFix2.xml
----------------- Instantiating /home/travis/build/icyphy/ptII/ptolemy/actor/lib/test/auto/ExpressionFix2.xml
3 ms. Memory: 533504K Free: 287254K (54%)
----------------- Invoking toplevel() on ptolemy.moml.MoMLSimpleApplication@58d8e551
----------------- Done invoking toplevel() on ptolemy.moml.MoMLSimpleApplication@58d8e551
reloadAllAccessors: .ExpressionFix2

===========================================================================================
----------------- testing Sun Jun 21 14:50:26 UTC 2020 /home/travis/build/icyphy/ptII/ptolemy/actor/lib/test/auto/ExpressionFix3.xml
----------------- Instantiating /home/travis/build/icyphy/ptII/ptolemy/actor/lib/test/auto/ExpressionFix3.xml
3 ms. Memory: 533504K Free: 283158K (53%)
----------------- Invoking toplevel() on ptolemy.moml.MoMLSimpleApplication@3922160d
----------------- Done invoking toplevel() on ptolemy.moml.MoMLSimpleApplication@3922160d
reloadAllAccessors: .ExpressionFix3

===========================================================================================
----------------- testing Sun Jun 21 14:50:26 UTC 2020 /home/travis/build/icyphy/ptII/ptolemy/actor/lib/test/auto/FileWriter1.xml
----------------- Instantiating /home/travis/build/icyphy/ptII/ptolemy/actor/lib/test/auto/FileWriter1.xml
5 ms. Memory: 533504K Free: 279062K (52%)
----------------- Invoking toplevel() on ptolemy.moml.MoMLSimpleApplication@608064a0
----------------- Done invoking toplevel() on ptolemy.moml.MoMLSimpleApplication@608064a0
reloadAllAccessors: .FileWriter1

===========================================================================================
----------------- testing Sun Jun 21 14:50:26 UTC 2020 /home/travis/build/icyphy/ptII/ptolemy/actor/lib/test/auto/FileWriter2.xml
----------------- Instantiating /home/travis/build/icyphy/ptII/ptolemy/actor/lib/test/auto/FileWriter2.xml
2 ms. Memory: 533504K Free: 274438K (51%)
----------------- Invoking toplevel() on ptolemy.moml.MoMLSimpleApplication@46dda807
----------------- Done invoking toplevel() on ptolemy.moml.MoMLSimpleApplication@46dda807
reloadAllAccessors: .FileWriter2

===========================================================================================
----------------- testing Sun Jun 21 14:50:26 UTC 2020 /home/travis/build/icyphy/ptII/ptolemy/actor/lib/test/auto/FileWriter3.xml
----------------- Instantiating /home/travis/build/icyphy/ptII/ptolemy/actor/lib/test/auto/FileWriter3.xml
1 ms. Memory: 533504K Free: 270870K (51%)
----------------- Invoking toplevel() on ptolemy.moml.MoMLSimpleApplication@6d07108
----------------- Done invoking toplevel() on ptolemy.moml.MoMLSimpleApplication@6d07108
reloadAllAccessors: .FileWriter3

===========================================================================================
----------------- testing Sun Jun 21 14:50:26 UTC 2020 /home/travis/build/icyphy/ptII/ptolemy/actor/lib/test/auto/Gaussian.xml
----------------- Instantiating /home/travis/build/icyphy/ptII/ptolemy/actor/lib/test/auto/Gaussian.xml
3 ms. Memory: 533504K Free: 266260K (50%)
----------------- Invoking toplevel() on ptolemy.moml.MoMLSimpleApplication@7b932ffc
----------------- Done invoking toplevel() on ptolemy.moml.MoMLSimpleApplication@7b932ffc
reloadAllAccessors: .Gaussian

===========================================================================================
----------------- testing Sun Jun 21 14:50:26 UTC 2020 /home/travis/build/icyphy/ptII/ptolemy/actor/lib/test/auto/Gaussian1.xml
----------------- Instantiating /home/travis/build/icyphy/ptII/ptolemy/actor/lib/test/auto/Gaussian1.xml
2 ms. Memory: 533504K Free: 260630K (49%)
----------------- Invoking toplevel() on ptolemy.moml.MoMLSimpleApplication@edb59d7
----------------- Done invoking toplevel() on ptolemy.moml.MoMLSimpleApplication@edb59d7
reloadAllAccessors: .Gaussian1

===========================================================================================
----------------- testing Sun Jun 21 14:50:26 UTC 2020 /home/travis/build/icyphy/ptII/ptolemy/actor/lib/test/auto/Gaussian2.xml
----------------- Instantiating /home/travis/build/icyphy/ptII/ptolemy/actor/lib/test/auto/Gaussian2.xml
3 ms. Memory: 533504K Free: 255510K (48%)
----------------- Invoking toplevel() on ptolemy.moml.MoMLSimpleApplication@28f47c9e
----------------- Done invoking toplevel() on ptolemy.moml.MoMLSimpleApplication@28f47c9e
reloadAllAccessors: .Gaussian2

===========================================================================================
----------------- testing Sun Jun 21 14:50:26 UTC 2020 /home/travis/build/icyphy/ptII/ptolemy/actor/lib/test/auto/GradientAdaptiveLattice.xml
----------------- Instantiating /home/travis/build/icyphy/ptII/ptolemy/actor/lib/test/auto/GradientAdaptiveLattice.xml
2 ms. Memory: 533504K Free: 250390K (47%)
----------------- Invoking toplevel() on ptolemy.moml.MoMLSimpleApplication@2024523a
----------------- Done invoking toplevel() on ptolemy.moml.MoMLSimpleApplication@2024523a
reloadAllAccessors: .GradientAdaptiveLattice

===========================================================================================
----------------- testing Sun Jun 21 14:50:26 UTC 2020 /home/travis/build/icyphy/ptII/ptolemy/actor/lib/test/auto/IIR.xml
----------------- Instantiating /home/travis/build/icyphy/ptII/ptolemy/actor/lib/test/auto/IIR.xml
1 ms. Memory: 533504K Free: 245780K (46%)
----------------- Invoking toplevel() on ptolemy.moml.MoMLSimpleApplication@7742041c
----------------- Done invoking toplevel() on ptolemy.moml.MoMLSimpleApplication@7742041c
reloadAllAccessors: .IIR

===========================================================================================
----------------- testing Sun Jun 21 14:50:26 UTC 2020 /home/travis/build/icyphy/ptII/ptolemy/actor/lib/test/auto/InputOutputTransparentPorts.xml
----------------- Instantiating /home/travis/build/icyphy/ptII/ptolemy/actor/lib/test/auto/InputOutputTransparentPorts.xml
2 ms. Memory: 533504K Free: 238612K (45%)
----------------- Invoking toplevel() on ptolemy.moml.MoMLSimpleApplication@4901a251
----------------- Done invoking toplevel() on ptolemy.moml.MoMLSimpleApplication@4901a251
reloadAllAccessors: .InputOutputTransparentPorts

===========================================================================================
----------------- testing Sun Jun 21 14:50:26 UTC 2020 /home/travis/build/icyphy/ptII/ptolemy/actor/lib/test/auto/Interpolator.xml
----------------- Instantiating /home/travis/build/icyphy/ptII/ptolemy/actor/lib/test/auto/Interpolator.xml
4 ms. Memory: 533504K Free: 234516K (44%)
----------------- Invoking toplevel() on ptolemy.moml.MoMLSimpleApplication@405fefa1
----------------- Done invoking toplevel() on ptolemy.moml.MoMLSimpleApplication@405fefa1
reloadAllAccessors: .Interpolator

===========================================================================================
----------------- testing Sun Jun 21 14:50:26 UTC 2020 /home/travis/build/icyphy/ptII/ptolemy/actor/lib/test/auto/InterpolatorFiringLimitDE.xml
----------------- Instantiating /home/travis/build/icyphy/ptII/ptolemy/actor/lib/test/auto/InterpolatorFiringLimitDE.xml
2 ms. Memory: 533504K Free: 228372K (43%)
----------------- Invoking toplevel() on ptolemy.moml.MoMLSimpleApplication@5ef84e00
----------------- Done invoking toplevel() on ptolemy.moml.MoMLSimpleApplication@5ef84e00
reloadAllAccessors: .InterpolatorFiringLimitDE

===========================================================================================
----------------- testing Sun Jun 21 14:50:26 UTC 2020 /home/travis/build/icyphy/ptII/ptolemy/actor/lib/test/auto/Lattice.xml
----------------- Instantiating /home/travis/build/icyphy/ptII/ptolemy/actor/lib/test/auto/Lattice.xml
1 ms. Memory: 533504K Free: 224790K (42%)
----------------- Invoking toplevel() on ptolemy.moml.MoMLSimpleApplication@3460ad9d
----------------- Done invoking toplevel() on ptolemy.moml.MoMLSimpleApplication@3460ad9d
reloadAllAccessors: .Lattice

===========================================================================================
----------------- testing Sun Jun 21 14:50:26 UTC 2020 /home/travis/build/icyphy/ptII/ptolemy/actor/lib/test/auto/LazyAOCTestLazy.xml
----------------- Instantiating /home/travis/build/icyphy/ptII/ptolemy/actor/lib/test/auto/LazyAOCTestLazy.xml
11 ms. Memory: 533504K Free: 218646K (41%)
----------------- Invoking toplevel() on ptolemy.moml.MoMLSimpleApplication@6e9f6a45
----------------- Done invoking toplevel() on ptolemy.moml.MoMLSimpleApplication@6e9f6a45
reloadAllAccessors: .LazyAOCTestLazy

===========================================================================================
----------------- testing Sun Jun 21 14:50:26 UTC 2020 /home/travis/build/icyphy/ptII/ptolemy/actor/lib/test/auto/LazyAOCTestNonLazy.xml
----------------- Instantiating /home/travis/build/icyphy/ptII/ptolemy/actor/lib/test/auto/LazyAOCTestNonLazy.xml
2 ms. Memory: 533504K Free: 211988K (40%)
----------------- Invoking toplevel() on ptolemy.moml.MoMLSimpleApplication@3919c8b8
----------------- Done invoking toplevel() on ptolemy.moml.MoMLSimpleApplication@3919c8b8
reloadAllAccessors: .LazyAOCTestNonLazy

===========================================================================================
----------------- testing Sun Jun 21 14:50:26 UTC 2020 /home/travis/build/icyphy/ptII/ptolemy/actor/lib/test/auto/LazyInnerClass.xml
----------------- Instantiating /home/travis/build/icyphy/ptII/ptolemy/actor/lib/test/auto/LazyInnerClass.xml
18 ms. Memory: 533504K Free: 203782K (38%)
----------------- Invoking toplevel() on ptolemy.moml.MoMLSimpleApplication@623de6e8
----------------- Done invoking toplevel() on ptolemy.moml.MoMLSimpleApplication@623de6e8
reloadAllAccessors: .LazyInnerClass

===========================================================================================
----------------- testing Sun Jun 21 14:50:26 UTC 2020 /home/travis/build/icyphy/ptII/ptolemy/actor/lib/test/auto/LazyPubSub.xml
----------------- Instantiating /home/travis/build/icyphy/ptII/ptolemy/actor/lib/test/auto/LazyPubSub.xml
18 ms. Memory: 533504K Free: 193556K (36%)
----------------- Invoking toplevel() on ptolemy.moml.MoMLSimpleApplication@34dffe7a
----------------- Done invoking toplevel() on ptolemy.moml.MoMLSimpleApplication@34dffe7a
reloadAllAccessors: .LazyPubSub

===========================================================================================
----------------- testing Sun Jun 21 14:50:26 UTC 2020 /home/travis/build/icyphy/ptII/ptolemy/actor/lib/test/auto/LazyPubSub2.xml
----------------- Instantiating /home/travis/build/icyphy/ptII/ptolemy/actor/lib/test/auto/LazyPubSub2.xml
23 ms. Memory: 533504K Free: 183316K (34%)
----------------- Invoking toplevel() on ptolemy.moml.MoMLSimpleApplication@19865c27
----------------- Done invoking toplevel() on ptolemy.moml.MoMLSimpleApplication@19865c27
reloadAllAccessors: .LazyPubSub2

===========================================================================================
----------------- testing Sun Jun 21 14:50:26 UTC 2020 /home/travis/build/icyphy/ptII/ptolemy/actor/lib/test/auto/LazyPubSub3.xml
----------------- Instantiating /home/travis/build/icyphy/ptII/ptolemy/actor/lib/test/auto/LazyPubSub3.xml
15 ms. Memory: 533504K Free: 173590K (33%)
----------------- Invoking toplevel() on ptolemy.moml.MoMLSimpleApplication@4ab89fd0
----------------- Done invoking toplevel() on ptolemy.moml.MoMLSimpleApplication@4ab89fd0
reloadAllAccessors: .LazyPubSub3

===========================================================================================
----------------- testing Sun Jun 21 14:50:26 UTC 2020 /home/travis/build/icyphy/ptII/ptolemy/actor/lib/test/auto/LazySubClassModel.xml
----------------- Instantiating /home/travis/build/icyphy/ptII/ptolemy/actor/lib/test/auto/LazySubClassModel.xml
1 ms. Memory: 533504K Free: 473620K (89%)
----------------- Invoking toplevel() on ptolemy.moml.MoMLSimpleApplication@47559cd1
----------------- Done invoking toplevel() on ptolemy.moml.MoMLSimpleApplication@47559cd1
reloadAllAccessors: .LazySubClassModel

===========================================================================================
----------------- testing Sun Jun 21 14:50:26 UTC 2020 /home/travis/build/icyphy/ptII/ptolemy/actor/lib/test/auto/LevelCrossTest1.xml
----------------- Instantiating /home/travis/build/icyphy/ptII/ptolemy/actor/lib/test/auto/LevelCrossTest1.xml
1 ms. Memory: 533504K Free: 467990K (88%)
----------------- Invoking toplevel() on ptolemy.moml.MoMLSimpleApplication@72503b57
----------------- Done invoking toplevel() on ptolemy.moml.MoMLSimpleApplication@72503b57
reloadAllAccessors: .broken

===========================================================================================
----------------- testing Sun Jun 21 14:50:26 UTC 2020 /home/travis/build/icyphy/ptII/ptolemy/actor/lib/test/auto/LevelCrossTest10.xml
----------------- Instantiating /home/travis/build/icyphy/ptII/ptolemy/actor/lib/test/auto/LevelCrossTest10.xml
1 ms. Memory: 533504K Free: 461332K (86%)
----------------- Invoking toplevel() on ptolemy.moml.MoMLSimpleApplication@a9116d4
----------------- Done invoking toplevel() on ptolemy.moml.MoMLSimpleApplication@a9116d4
reloadAllAccessors: .LevelCrossTest10

===========================================================================================
----------------- testing Sun Jun 21 14:50:27 UTC 2020 /home/travis/build/icyphy/ptII/ptolemy/actor/lib/test/auto/LevelCrossTest11.xml
----------------- Instantiating /home/travis/build/icyphy/ptII/ptolemy/actor/lib/test/auto/LevelCrossTest11.xml
1 ms. Memory: 533504K Free: 454678K (85%)
----------------- Invoking toplevel() on ptolemy.moml.MoMLSimpleApplication@6adc5cf8
----------------- Done invoking toplevel() on ptolemy.moml.MoMLSimpleApplication@6adc5cf8
reloadAllAccessors: .LevelCrossTest11

===========================================================================================
----------------- testing Sun Jun 21 14:50:27 UTC 2020 /home/travis/build/icyphy/ptII/ptolemy/actor/lib/test/auto/LevelCrossTest12.xml
----------------- Instantiating /home/travis/build/icyphy/ptII/ptolemy/actor/lib/test/auto/LevelCrossTest12.xml
1 ms. Memory: 533504K Free: 448020K (84%)
----------------- Invoking toplevel() on ptolemy.moml.MoMLSimpleApplication@260ce590
----------------- Done invoking toplevel() on ptolemy.moml.MoMLSimpleApplication@260ce590
reloadAllAccessors: .LevelCrossTest12

===========================================================================================
----------------- testing Sun Jun 21 14:50:27 UTC 2020 /home/travis/build/icyphy/ptII/ptolemy/actor/lib/test/auto/LevelCrossTest13.xml
----------------- Instantiating /home/travis/build/icyphy/ptII/ptolemy/actor/lib/test/auto/LevelCrossTest13.xml
1 ms. Memory: 533504K Free: 440342K (83%)
----------------- Invoking toplevel() on ptolemy.moml.MoMLSimpleApplication@23f77441
----------------- Done invoking toplevel() on ptolemy.moml.MoMLSimpleApplication@23f77441
reloadAllAccessors: .LevelCrossTest13

===========================================================================================
----------------- testing Sun Jun 21 14:50:27 UTC 2020 /home/travis/build/icyphy/ptII/ptolemy/actor/lib/test/auto/LevelCrossTest2.xml
----------------- Instantiating /home/travis/build/icyphy/ptII/ptolemy/actor/lib/test/auto/LevelCrossTest2.xml
1 ms. Memory: 533504K Free: 434708K (81%)
----------------- Invoking toplevel() on ptolemy.moml.MoMLSimpleApplication@3563fbb6
----------------- Done invoking toplevel() on ptolemy.moml.MoMLSimpleApplication@3563fbb6
reloadAllAccessors: .broken

===========================================================================================
----------------- testing Sun Jun 21 14:50:27 UTC 2020 /home/travis/build/icyphy/ptII/ptolemy/actor/lib/test/auto/LevelCrossTest3.xml
----------------- Instantiating /home/travis/build/icyphy/ptII/ptolemy/actor/lib/test/auto/LevelCrossTest3.xml
3 ms. Memory: 533504K Free: 428564K (80%)
----------------- Invoking toplevel() on ptolemy.moml.MoMLSimpleApplication@477b449d
----------------- Done invoking toplevel() on ptolemy.moml.MoMLSimpleApplication@477b449d
reloadAllAccessors: .LevelCrossTest3

===========================================================================================
----------------- testing Sun Jun 21 14:50:27 UTC 2020 /home/travis/build/icyphy/ptII/ptolemy/actor/lib/test/auto/LevelCrossTest4.xml
----------------- Instantiating /home/travis/build/icyphy/ptII/ptolemy/actor/lib/test/auto/LevelCrossTest4.xml
1 ms. Memory: 533504K Free: 422934K (79%)
----------------- Invoking toplevel() on ptolemy.moml.MoMLSimpleApplication@734793f
----------------- Done invoking toplevel() on ptolemy.moml.MoMLSimpleApplication@734793f
reloadAllAccessors: .broken

===========================================================================================
----------------- testing Sun Jun 21 14:50:27 UTC 2020 /home/travis/build/icyphy/ptII/ptolemy/actor/lib/test/auto/LevelCrossTest5.xml
----------------- Instantiating /home/travis/build/icyphy/ptII/ptolemy/actor/lib/test/auto/LevelCrossTest5.xml
1 ms. Memory: 533504K Free: 416790K (78%)
----------------- Invoking toplevel() on ptolemy.moml.MoMLSimpleApplication@2df43703
----------------- Done invoking toplevel() on ptolemy.moml.MoMLSimpleApplication@2df43703
reloadAllAccessors: .LevelCrossTest5

===========================================================================================
----------------- testing Sun Jun 21 14:50:27 UTC 2020 /home/travis/build/icyphy/ptII/ptolemy/actor/lib/test/auto/LevelCrossTest6.xml
----------------- Instantiating /home/travis/build/icyphy/ptII/ptolemy/actor/lib/test/auto/LevelCrossTest6.xml
1 ms. Memory: 533504K Free: 410132K (77%)
----------------- Invoking toplevel() on ptolemy.moml.MoMLSimpleApplication@39a77feb
----------------- Done invoking toplevel() on ptolemy.moml.MoMLSimpleApplication@39a77feb
reloadAllAccessors: .LevelCrossTest6

===========================================================================================
----------------- testing Sun Jun 21 14:50:27 UTC 2020 /home/travis/build/icyphy/ptII/ptolemy/actor/lib/test/auto/LevelCrossTest7.xml
----------------- Instantiating /home/travis/build/icyphy/ptII/ptolemy/actor/lib/test/auto/LevelCrossTest7.xml
1 ms. Memory: 533504K Free: 402454K (75%)
----------------- Invoking toplevel() on ptolemy.moml.MoMLSimpleApplication@2824f0
----------------- Done invoking toplevel() on ptolemy.moml.MoMLSimpleApplication@2824f0
reloadAllAccessors: .LevelCrossTest7

===========================================================================================
----------------- testing Sun Jun 21 14:50:27 UTC 2020 /home/travis/build/icyphy/ptII/ptolemy/actor/lib/test/auto/LevelCrossTest8.xml
----------------- Instantiating /home/travis/build/icyphy/ptII/ptolemy/actor/lib/test/auto/LevelCrossTest8.xml
1 ms. Memory: 533504K Free: 396310K (74%)
----------------- Invoking toplevel() on ptolemy.moml.MoMLSimpleApplication@7184e33e
----------------- Done invoking toplevel() on ptolemy.moml.MoMLSimpleApplication@7184e33e
reloadAllAccessors: .LevelCrossTest8

===========================================================================================
----------------- testing Sun Jun 21 14:50:27 UTC 2020 /home/travis/build/icyphy/ptII/ptolemy/actor/lib/test/auto/LevelCrossTest9.xml
----------------- Instantiating /home/travis/build/icyphy/ptII/ptolemy/actor/lib/test/auto/LevelCrossTest9.xml
1 ms. Memory: 533504K Free: 389652K (73%)
----------------- Invoking toplevel() on ptolemy.moml.MoMLSimpleApplication@3a401da1
----------------- Done invoking toplevel() on ptolemy.moml.MoMLSimpleApplication@3a401da1
reloadAllAccessors: .LevelCrossTest9

===========================================================================================
----------------- testing Sun Jun 21 14:50:27 UTC 2020 /home/travis/build/icyphy/ptII/ptolemy/actor/lib/test/auto/LevinsonDurbin.xml
----------------- Instantiating /home/travis/build/icyphy/ptII/ptolemy/actor/lib/test/auto/LevinsonDurbin.xml
12 ms. Memory: 533504K Free: 385556K (72%)
----------------- Invoking toplevel() on ptolemy.moml.MoMLSimpleApplication@79a9e392
----------------- Done invoking toplevel() on ptolemy.moml.MoMLSimpleApplication@79a9e392
reloadAllAccessors: .LevinsonDurbin

===========================================================================================
----------------- testing Sun Jun 21 14:50:27 UTC 2020 /home/travis/build/icyphy/ptII/ptolemy/actor/lib/test/auto/LevinsonDurbin2.xml
----------------- Instantiating /home/travis/build/icyphy/ptII/ptolemy/actor/lib/test/auto/LevinsonDurbin2.xml
1 ms. Memory: 533504K Free: 381460K (72%)
----------------- Invoking toplevel() on ptolemy.moml.MoMLSimpleApplication@396aa067
----------------- Done invoking toplevel() on ptolemy.moml.MoMLSimpleApplication@396aa067
reloadAllAccessors: .LevinsonDurbin2

===========================================================================================
----------------- testing Sun Jun 21 14:50:27 UTC 2020 /home/travis/build/icyphy/ptII/ptolemy/actor/lib/test/auto/LevinsonDurbin3.xml
----------------- Instantiating /home/travis/build/icyphy/ptII/ptolemy/actor/lib/test/auto/LevinsonDurbin3.xml
3 ms. Memory: 533504K Free: 377878K (71%)
----------------- Invoking toplevel() on ptolemy.moml.MoMLSimpleApplication@70699720
----------------- Done invoking toplevel() on ptolemy.moml.MoMLSimpleApplication@70699720
reloadAllAccessors: .LevinsonDurbin3

===========================================================================================
----------------- testing Sun Jun 21 14:50:27 UTC 2020 /home/travis/build/icyphy/ptII/ptolemy/actor/lib/test/auto/Limiter.xml
----------------- Instantiating /home/travis/build/icyphy/ptII/ptolemy/actor/lib/test/auto/Limiter.xml
4 ms. Memory: 533504K Free: 368662K (69%)
----------------- Invoking toplevel() on ptolemy.moml.MoMLSimpleApplication@7020b83c
----------------- Done invoking toplevel() on ptolemy.moml.MoMLSimpleApplication@7020b83c
reloadAllAccessors: .Limiter

===========================================================================================
----------------- testing Sun Jun 21 14:50:27 UTC 2020 /home/travis/build/icyphy/ptII/ptolemy/actor/lib/test/auto/LinearDifferenceEquationSystem.xml
----------------- Instantiating /home/travis/build/icyphy/ptII/ptolemy/actor/lib/test/auto/LinearDifferenceEquationSystem.xml
8 ms. Memory: 533504K Free: 360980K (68%)
----------------- Invoking toplevel() on ptolemy.moml.MoMLSimpleApplication@1c3bf179
----------------- Done invoking toplevel() on ptolemy.moml.MoMLSimpleApplication@1c3bf179
reloadAllAccessors: .LinearDifferenceEquationSystem

===========================================================================================
----------------- testing Sun Jun 21 14:50:27 UTC 2020 /home/travis/build/icyphy/ptII/ptolemy/actor/lib/test/auto/LookupTable.xml
----------------- Instantiating /home/travis/build/icyphy/ptII/ptolemy/actor/lib/test/auto/LookupTable.xml
2 ms. Memory: 533504K Free: 356374K (67%)
----------------- Invoking toplevel() on ptolemy.moml.MoMLSimpleApplication@4c6a50c4
----------------- Done invoking toplevel() on ptolemy.moml.MoMLSimpleApplication@4c6a50c4
reloadAllAccessors: .LookupTable

===========================================================================================
----------------- testing Sun Jun 21 14:50:27 UTC 2020 /home/travis/build/icyphy/ptII/ptolemy/actor/lib/test/auto/MathFunction.xml
----------------- Instantiating /home/travis/build/icyphy/ptII/ptolemy/actor/lib/test/auto/MathFunction.xml
4 ms. Memory: 533504K Free: 348692K (65%)
----------------- Invoking toplevel() on ptolemy.moml.MoMLSimpleApplication@17982c33
----------------- Done invoking toplevel() on ptolemy.moml.MoMLSimpleApplication@17982c33
reloadAllAccessors: .MathFunction

===========================================================================================
----------------- testing Sun Jun 21 14:50:27 UTC 2020 /home/travis/build/icyphy/ptII/ptolemy/actor/lib/test/auto/MathFunction2.xml
----------------- Instantiating /home/travis/build/icyphy/ptII/ptolemy/actor/lib/test/auto/MathFunction2.xml
4 ms. Memory: 533504K Free: 344596K (65%)
----------------- Invoking toplevel() on ptolemy.moml.MoMLSimpleApplication@61fe56c
----------------- Done invoking toplevel() on ptolemy.moml.MoMLSimpleApplication@61fe56c
reloadAllAccessors: .MathFunction2

===========================================================================================
----------------- testing Sun Jun 21 14:50:27 UTC 2020 /home/travis/build/icyphy/ptII/ptolemy/actor/lib/test/auto/MathFunction3.xml
----------------- Instantiating /home/travis/build/icyphy/ptII/ptolemy/actor/lib/test/auto/MathFunction3.xml
2 ms. Memory: 533504K Free: 337428K (63%)
----------------- Invoking toplevel() on ptolemy.moml.MoMLSimpleApplication@7d7d73fc
----------------- Done invoking toplevel() on ptolemy.moml.MoMLSimpleApplication@7d7d73fc
reloadAllAccessors: .MathFunction3

===========================================================================================
----------------- testing Sun Jun 21 14:50:27 UTC 2020 /home/travis/build/icyphy/ptII/ptolemy/actor/lib/test/auto/MatrixCropBoolean.xml
----------------- Instantiating /home/travis/build/icyphy/ptII/ptolemy/actor/lib/test/auto/MatrixCropBoolean.xml
2 ms. Memory: 533504K Free: 332822K (62%)
----------------- Invoking toplevel() on ptolemy.moml.MoMLSimpleApplication@12677125
----------------- Done invoking toplevel() on ptolemy.moml.MoMLSimpleApplication@12677125
reloadAllAccessors: .MatrixCropBoolean

===========================================================================================
----------------- testing Sun Jun 21 14:50:27 UTC 2020 /home/travis/build/icyphy/ptII/ptolemy/actor/lib/test/auto/MatrixCropComplex.xml
----------------- Instantiating /home/travis/build/icyphy/ptII/ptolemy/actor/lib/test/auto/MatrixCropComplex.xml
2 ms. Memory: 533504K Free: 328182K (62%)
----------------- Invoking toplevel() on ptolemy.moml.MoMLSimpleApplication@3dfdc16a
----------------- Done invoking toplevel() on ptolemy.moml.MoMLSimpleApplication@3dfdc16a
reloadAllAccessors: .MatrixCropComplex

===========================================================================================
----------------- testing Sun Jun 21 14:50:27 UTC 2020 /home/travis/build/icyphy/ptII/ptolemy/actor/lib/test/auto/MatrixCropDouble.xml
----------------- Instantiating /home/travis/build/icyphy/ptII/ptolemy/actor/lib/test/auto/MatrixCropDouble.xml
2 ms. Memory: 533504K Free: 323062K (61%)
----------------- Invoking toplevel() on ptolemy.moml.MoMLSimpleApplication@1cb91115
----------------- Done invoking toplevel() on ptolemy.moml.MoMLSimpleApplication@1cb91115
reloadAllAccessors: .MatrixCropDouble

===========================================================================================
----------------- testing Sun Jun 21 14:50:27 UTC 2020 /home/travis/build/icyphy/ptII/ptolemy/actor/lib/test/auto/MatrixCropFix.xml
----------------- Instantiating /home/travis/build/icyphy/ptII/ptolemy/actor/lib/test/auto/MatrixCropFix.xml
1 ms. Memory: 533504K Free: 317942K (60%)
----------------- Invoking toplevel() on ptolemy.moml.MoMLSimpleApplication@200ce7c8
----------------- Done invoking toplevel() on ptolemy.moml.MoMLSimpleApplication@200ce7c8
reloadAllAccessors: .MatrixCropFix

===========================================================================================
----------------- testing Sun Jun 21 14:50:27 UTC 2020 /home/travis/build/icyphy/ptII/ptolemy/actor/lib/test/auto/MatrixCropInt.xml
----------------- Instantiating /home/travis/build/icyphy/ptII/ptolemy/actor/lib/test/auto/MatrixCropInt.xml
5 ms. Memory: 533504K Free: 312822K (59%)
----------------- Invoking toplevel() on ptolemy.moml.MoMLSimpleApplication@12a9ded0
----------------- Done invoking toplevel() on ptolemy.moml.MoMLSimpleApplication@12a9ded0
reloadAllAccessors: .MatrixCropInt

===========================================================================================
----------------- testing Sun Jun 21 14:50:27 UTC 2020 /home/travis/build/icyphy/ptII/ptolemy/actor/lib/test/auto/MatrixCropLong.xml
----------------- Instantiating /home/travis/build/icyphy/ptII/ptolemy/actor/lib/test/auto/MatrixCropLong.xml
2 ms. Memory: 533504K Free: 307702K (58%)
----------------- Invoking toplevel() on ptolemy.moml.MoMLSimpleApplication@54f2b46
----------------- Done invoking toplevel() on ptolemy.moml.MoMLSimpleApplication@54f2b46
reloadAllAccessors: .MatrixCropLong

===========================================================================================
----------------- testing Sun Jun 21 14:50:27 UTC 2020 /home/travis/build/icyphy/ptII/ptolemy/actor/lib/test/auto/MatrixToArray.xml
----------------- Instantiating /home/travis/build/icyphy/ptII/ptolemy/actor/lib/test/auto/MatrixToArray.xml
13 ms. Memory: 533504K Free: 292886K (55%)
----------------- Invoking toplevel() on ptolemy.moml.MoMLSimpleApplication@6e789095
----------------- Done invoking toplevel() on ptolemy.moml.MoMLSimpleApplication@6e789095
reloadAllAccessors: .MatrixToArray

===========================================================================================
----------------- testing Sun Jun 21 14:50:27 UTC 2020 /home/travis/build/icyphy/ptII/ptolemy/actor/lib/test/auto/MaxIndex.xml
----------------- Instantiating /home/travis/build/icyphy/ptII/ptolemy/actor/lib/test/auto/MaxIndex.xml
2 ms. Memory: 533504K Free: 287766K (54%)
----------------- Invoking toplevel() on ptolemy.moml.MoMLSimpleApplication@43ad562b
----------------- Done invoking toplevel() on ptolemy.moml.MoMLSimpleApplication@43ad562b
reloadAllAccessors: .MaxIndex

===========================================================================================
----------------- testing Sun Jun 21 14:50:27 UTC 2020 /home/travis/build/icyphy/ptII/ptolemy/actor/lib/test/auto/Maximum.xml
----------------- Instantiating /home/travis/build/icyphy/ptII/ptolemy/actor/lib/test/auto/Maximum.xml
3 ms. Memory: 533504K Free: 281078K (53%)
----------------- Invoking toplevel() on ptolemy.moml.MoMLSimpleApplication@232d3284
----------------- Done invoking toplevel() on ptolemy.moml.MoMLSimpleApplication@232d3284
reloadAllAccessors: .Maximum

===========================================================================================
----------------- testing Sun Jun 21 14:50:27 UTC 2020 /home/travis/build/icyphy/ptII/ptolemy/actor/lib/test/auto/MaximumComplex.xml
----------------- Instantiating /home/travis/build/icyphy/ptII/ptolemy/actor/lib/test/auto/MaximumComplex.xml
4 ms. Memory: 533504K Free: 274964K (52%)
----------------- Invoking toplevel() on ptolemy.moml.MoMLSimpleApplication@64018a10
----------------- Done invoking toplevel() on ptolemy.moml.MoMLSimpleApplication@64018a10
reloadAllAccessors: .MaximumComplex

===========================================================================================
----------------- testing Sun Jun 21 14:50:27 UTC 2020 /home/travis/build/icyphy/ptII/ptolemy/actor/lib/test/auto/MethodCallTest.xml
----------------- Instantiating /home/travis/build/icyphy/ptII/ptolemy/actor/lib/test/auto/MethodCallTest.xml
2 ms. Memory: 533504K Free: 268310K (50%)
----------------- Invoking toplevel() on ptolemy.moml.MoMLSimpleApplication@1bb10468
----------------- Done invoking toplevel() on ptolemy.moml.MoMLSimpleApplication@1bb10468
reloadAllAccessors: .MethodCallTest

===========================================================================================
----------------- testing Sun Jun 21 14:50:27 UTC 2020 /home/travis/build/icyphy/ptII/ptolemy/actor/lib/test/auto/Minimum.xml
----------------- Instantiating /home/travis/build/icyphy/ptII/ptolemy/actor/lib/test/auto/Minimum.xml
3 ms. Memory: 533504K Free: 262646K (49%)
----------------- Invoking toplevel() on ptolemy.moml.MoMLSimpleApplication@f65b9d6
----------------- Done invoking toplevel() on ptolemy.moml.MoMLSimpleApplication@f65b9d6
reloadAllAccessors: .Minimum

===========================================================================================
----------------- testing Sun Jun 21 14:50:27 UTC 2020 /home/travis/build/icyphy/ptII/ptolemy/actor/lib/test/auto/MinimumComplex.xml
----------------- Instantiating /home/travis/build/icyphy/ptII/ptolemy/actor/lib/test/auto/MinimumComplex.xml
4 ms. Memory: 533504K Free: 256532K (48%)
----------------- Invoking toplevel() on ptolemy.moml.MoMLSimpleApplication@7e18d084
----------------- Done invoking toplevel() on ptolemy.moml.MoMLSimpleApplication@7e18d084
reloadAllAccessors: .MinimumComplex

===========================================================================================
----------------- testing Sun Jun 21 14:50:27 UTC 2020 /home/travis/build/icyphy/ptII/ptolemy/actor/lib/test/auto/MinimumMultiports.xml
----------------- Instantiating /home/travis/build/icyphy/ptII/ptolemy/actor/lib/test/auto/MinimumMultiports.xml
3 ms. Memory: 533504K Free: 247830K (46%)
----------------- Invoking toplevel() on ptolemy.moml.MoMLSimpleApplication@11daad99
----------------- Done invoking toplevel() on ptolemy.moml.MoMLSimpleApplication@11daad99
reloadAllAccessors: .MinimumMultiports

===========================================================================================
----------------- testing Sun Jun 21 14:50:27 UTC 2020 /home/travis/build/icyphy/ptII/ptolemy/actor/lib/test/auto/ModifyDate.xml
----------------- Instantiating /home/travis/build/icyphy/ptII/ptolemy/actor/lib/test/auto/ModifyDate.xml
7 ms. Memory: 533504K Free: 234518K (44%)
----------------- Invoking toplevel() on ptolemy.moml.MoMLSimpleApplication@16ec1bd3
----------------- Done invoking toplevel() on ptolemy.moml.MoMLSimpleApplication@16ec1bd3
reloadAllAccessors: .ModifyDate

===========================================================================================
----------------- testing Sun Jun 21 14:50:27 UTC 2020 /home/travis/build/icyphy/ptII/ptolemy/actor/lib/test/auto/ModifyDate2.xml
----------------- Instantiating /home/travis/build/icyphy/ptII/ptolemy/actor/lib/test/auto/ModifyDate2.xml
8 ms. Memory: 533504K Free: 225812K (42%)
----------------- Invoking toplevel() on ptolemy.moml.MoMLSimpleApplication@3b5cf9d9
----------------- Done invoking toplevel() on ptolemy.moml.MoMLSimpleApplication@3b5cf9d9
reloadAllAccessors: .ModifyDate2

===========================================================================================
----------------- testing Sun Jun 21 14:50:27 UTC 2020 /home/travis/build/icyphy/ptII/ptolemy/actor/lib/test/auto/MovingAverage.xml
----------------- Instantiating /home/travis/build/icyphy/ptII/ptolemy/actor/lib/test/auto/MovingAverage.xml
9 ms. Memory: 533504K Free: 221206K (41%)
----------------- Invoking toplevel() on ptolemy.moml.MoMLSimpleApplication@102c6dd6
----------------- Done invoking toplevel() on ptolemy.moml.MoMLSimpleApplication@102c6dd6
reloadAllAccessors: .MovingAverage

===========================================================================================
----------------- testing Sun Jun 21 14:50:27 UTC 2020 /home/travis/build/icyphy/ptII/ptolemy/actor/lib/test/auto/MovingMaximum.xml
----------------- Instantiating /home/travis/build/icyphy/ptII/ptolemy/actor/lib/test/auto/MovingMaximum.xml
1 ms. Memory: 533504K Free: 216596K (41%)
----------------- Invoking toplevel() on ptolemy.moml.MoMLSimpleApplication@2cdcdba3
----------------- Done invoking toplevel() on ptolemy.moml.MoMLSimpleApplication@2cdcdba3
reloadAllAccessors: .MovingMaximum

===========================================================================================
----------------- testing Sun Jun 21 14:50:27 UTC 2020 /home/travis/build/icyphy/ptII/ptolemy/actor/lib/test/auto/MultipleLinksToSameRelation.xml
----------------- Instantiating /home/travis/build/icyphy/ptII/ptolemy/actor/lib/test/auto/MultipleLinksToSameRelation.xml
2 ms. Memory: 533504K Free: 212500K (40%)
----------------- Invoking toplevel() on ptolemy.moml.MoMLSimpleApplication@14d910f
----------------- Done invoking toplevel() on ptolemy.moml.MoMLSimpleApplication@14d910f
reloadAllAccessors: .MultipleLinksToSameRelation

===========================================================================================
----------------- testing Sun Jun 21 14:50:27 UTC 2020 /home/travis/build/icyphy/ptII/ptolemy/actor/lib/test/auto/MultipleLinksToSameRelationDE.xml
----------------- Instantiating /home/travis/build/icyphy/ptII/ptolemy/actor/lib/test/auto/MultipleLinksToSameRelationDE.xml
4 ms. Memory: 533504K Free: 207894K (39%)
----------------- Invoking toplevel() on ptolemy.moml.MoMLSimpleApplication@3eb32deb
----------------- Done invoking toplevel() on ptolemy.moml.MoMLSimpleApplication@3eb32deb
reloadAllAccessors: .MultipleLinksToSameRelationDE

===========================================================================================
----------------- testing Sun Jun 21 14:50:27 UTC 2020 /home/travis/build/icyphy/ptII/ptolemy/actor/lib/test/auto/Multiplexor.xml
----------------- Instantiating /home/travis/build/icyphy/ptII/ptolemy/actor/lib/test/auto/Multiplexor.xml
1 ms. Memory: 533504K Free: 202260K (38%)
----------------- Invoking toplevel() on ptolemy.moml.MoMLSimpleApplication@582d0ab0
----------------- Done invoking toplevel() on ptolemy.moml.MoMLSimpleApplication@582d0ab0
reloadAllAccessors: .Multiplexor

===========================================================================================
----------------- testing Sun Jun 21 14:50:27 UTC 2020 /home/travis/build/icyphy/ptII/ptolemy/actor/lib/test/auto/Multiplexor1.xml
----------------- Instantiating /home/travis/build/icyphy/ptII/ptolemy/actor/lib/test/auto/Multiplexor1.xml
2 ms. Memory: 533504K Free: 197110K (37%)
----------------- Invoking toplevel() on ptolemy.moml.MoMLSimpleApplication@6a50d974
----------------- Done invoking toplevel() on ptolemy.moml.MoMLSimpleApplication@6a50d974
reloadAllAccessors: .Multiplexor1

===========================================================================================
----------------- testing Sun Jun 21 14:50:27 UTC 2020 /home/travis/build/icyphy/ptII/ptolemy/actor/lib/test/auto/Multiplexor2.xml
----------------- Instantiating /home/travis/build/icyphy/ptII/ptolemy/actor/lib/test/auto/Multiplexor2.xml
6 ms. Memory: 533504K Free: 190484K (36%)
----------------- Invoking toplevel() on ptolemy.moml.MoMLSimpleApplication@1d313994
----------------- Done invoking toplevel() on ptolemy.moml.MoMLSimpleApplication@1d313994
reloadAllAccessors: .Multiplexor2

===========================================================================================
----------------- testing Sun Jun 21 14:50:27 UTC 2020 /home/travis/build/icyphy/ptII/ptolemy/actor/lib/test/auto/Multiplexor3.xml
----------------- Instantiating /home/travis/build/icyphy/ptII/ptolemy/actor/lib/test/auto/Multiplexor3.xml
1 ms. Memory: 533504K Free: 186390K (35%)
----------------- Invoking toplevel() on ptolemy.moml.MoMLSimpleApplication@48784c8d
----------------- Done invoking toplevel() on ptolemy.moml.MoMLSimpleApplication@48784c8d
reloadAllAccessors: .Multiplexor3

===========================================================================================
----------------- testing Sun Jun 21 14:50:27 UTC 2020 /home/travis/build/icyphy/ptII/ptolemy/actor/lib/test/auto/MultiplexorDE.xml
----------------- Instantiating /home/travis/build/icyphy/ptII/ptolemy/actor/lib/test/auto/MultiplexorDE.xml
2 ms. Memory: 533504K Free: 178694K (33%)
----------------- Invoking toplevel() on ptolemy.moml.MoMLSimpleApplication@ebc32d6
----------------- Done invoking toplevel() on ptolemy.moml.MoMLSimpleApplication@ebc32d6
reloadAllAccessors: .MultiplexorDE

===========================================================================================
----------------- testing Sun Jun 21 14:50:27 UTC 2020 /home/travis/build/icyphy/ptII/ptolemy/actor/lib/test/auto/MultiportBroadcastTest.xml
----------------- Instantiating /home/travis/build/icyphy/ptII/ptolemy/actor/lib/test/auto/MultiportBroadcastTest.xml
91 ms. Memory: 533504K Free: 172054K (32%)
----------------- Invoking toplevel() on ptolemy.moml.MoMLSimpleApplication@39f04458
----------------- Done invoking toplevel() on ptolemy.moml.MoMLSimpleApplication@39f04458
reloadAllAccessors: .MultiportBroadcastTest

===========================================================================================
----------------- testing Sun Jun 21 14:50:28 UTC 2020 /home/travis/build/icyphy/ptII/ptolemy/actor/lib/test/auto/MultiportOutHangDuringGetWidth.xml
----------------- Instantiating /home/travis/build/icyphy/ptII/ptolemy/actor/lib/test/auto/MultiportOutHangDuringGetWidth.xml
10 ms. Memory: 533504K Free: 470550K (88%)
----------------- Invoking toplevel() on ptolemy.moml.MoMLSimpleApplication@64bc8d77
----------------- Done invoking toplevel() on ptolemy.moml.MoMLSimpleApplication@64bc8d77
reloadAllAccessors: .MultiportOutHangDuringGetWidth

===========================================================================================
----------------- testing Sun Jun 21 14:50:28 UTC 2020 /home/travis/build/icyphy/ptII/ptolemy/actor/lib/test/auto/NilToken.xml
----------------- Instantiating /home/travis/build/icyphy/ptII/ptolemy/actor/lib/test/auto/NilToken.xml
1 ms. Memory: 533504K Free: 466964K (88%)
----------------- Invoking toplevel() on ptolemy.moml.MoMLSimpleApplication@5426765e
----------------- Done invoking toplevel() on ptolemy.moml.MoMLSimpleApplication@5426765e
reloadAllAccessors: .NilToken

===========================================================================================
----------------- testing Sun Jun 21 14:50:28 UTC 2020 /home/travis/build/icyphy/ptII/ptolemy/actor/lib/test/auto/NilTokenNonStrictTest.xml
----------------- Instantiating /home/travis/build/icyphy/ptII/ptolemy/actor/lib/test/auto/NilTokenNonStrictTest.xml
1 ms. Memory: 533504K Free: 461844K (87%)
----------------- Invoking toplevel() on ptolemy.moml.MoMLSimpleApplication@169db681
----------------- Done invoking toplevel() on ptolemy.moml.MoMLSimpleApplication@169db681
reloadAllAccessors: .NilTokenNonStrictTest

===========================================================================================
----------------- testing Sun Jun 21 14:50:28 UTC 2020 /home/travis/build/icyphy/ptII/ptolemy/actor/lib/test/auto/NilTokenRecord.xml
----------------- Instantiating /home/travis/build/icyphy/ptII/ptolemy/actor/lib/test/auto/NilTokenRecord.xml
6 ms. Memory: 533504K Free: 455190K (85%)
----------------- Invoking toplevel() on ptolemy.moml.MoMLSimpleApplication@297c023c
----------------- Done invoking toplevel() on ptolemy.moml.MoMLSimpleApplication@297c023c
reloadAllAccessors: .NilTokenRecord

===========================================================================================
----------------- testing Sun Jun 21 14:50:28 UTC 2020 /home/travis/build/icyphy/ptII/ptolemy/actor/lib/test/auto/NilTokenTypeTest.xml
----------------- Instantiating /home/travis/build/icyphy/ptII/ptolemy/actor/lib/test/auto/NilTokenTypeTest.xml
5 ms. Memory: 533504K Free: 445460K (83%)
----------------- Invoking toplevel() on ptolemy.moml.MoMLSimpleApplication@1c0df9c8
----------------- Done invoking toplevel() on ptolemy.moml.MoMLSimpleApplication@1c0df9c8
reloadAllAccessors: .NilTokenTypeTest

===========================================================================================
----------------- testing Sun Jun 21 14:50:28 UTC 2020 /home/travis/build/icyphy/ptII/ptolemy/actor/lib/test/auto/ObjectToken1.xml
----------------- Instantiating /home/travis/build/icyphy/ptII/ptolemy/actor/lib/test/auto/ObjectToken1.xml
3 ms. Memory: 533504K Free: 441364K (83%)
----------------- Invoking toplevel() on ptolemy.moml.MoMLSimpleApplication@28cf4e7e
----------------- Done invoking toplevel() on ptolemy.moml.MoMLSimpleApplication@28cf4e7e
reloadAllAccessors: .ObjectToken1

===========================================================================================
----------------- testing Sun Jun 21 14:50:28 UTC 2020 /home/travis/build/icyphy/ptII/ptolemy/actor/lib/test/auto/OrderedMerge.xml
----------------- Instantiating /home/travis/build/icyphy/ptII/ptolemy/actor/lib/test/auto/OrderedMerge.xml
7 ms. Memory: 533504K Free: 435734K (82%)
----------------- Invoking toplevel() on ptolemy.moml.MoMLSimpleApplication@46a567ba
----------------- Done invoking toplevel() on ptolemy.moml.MoMLSimpleApplication@46a567ba
reloadAllAccessors: .OrderedMerge

===========================================================================================
----------------- testing Sun Jun 21 14:50:28 UTC 2020 /home/travis/build/icyphy/ptII/ptolemy/actor/lib/test/auto/OrderedRecordDisassembler.xml
----------------- Instantiating /home/travis/build/icyphy/ptII/ptolemy/actor/lib/test/auto/OrderedRecordDisassembler.xml
3 ms. Memory: 533504K Free: 431118K (81%)
----------------- Invoking toplevel() on ptolemy.moml.MoMLSimpleApplication@257ae10
----------------- Done invoking toplevel() on ptolemy.moml.MoMLSimpleApplication@257ae10
reloadAllAccessors: .OrderedRecordDisassembler

===========================================================================================
----------------- testing Sun Jun 21 14:50:28 UTC 2020 /home/travis/build/icyphy/ptII/ptolemy/actor/lib/test/auto/OrderedRecordDisassembler2.xml
----------------- Instantiating /home/travis/build/icyphy/ptII/ptolemy/actor/lib/test/auto/OrderedRecordDisassembler2.xml
4 ms. Memory: 533504K Free: 423446K (79%)
----------------- Invoking toplevel() on ptolemy.moml.MoMLSimpleApplication@4a69f60
----------------- Done invoking toplevel() on ptolemy.moml.MoMLSimpleApplication@4a69f60
reloadAllAccessors: .OrderedRecordDisassembler2

===========================================================================================
----------------- testing Sun Jun 21 14:50:28 UTC 2020 /home/travis/build/icyphy/ptII/ptolemy/actor/lib/test/auto/OrderedRecordUpdater.xml
----------------- Instantiating /home/travis/build/icyphy/ptII/ptolemy/actor/lib/test/auto/OrderedRecordUpdater.xml
1 ms. Memory: 533504K Free: 418836K (79%)
----------------- Invoking toplevel() on ptolemy.moml.MoMLSimpleApplication@37ef8c75
----------------- Done invoking toplevel() on ptolemy.moml.MoMLSimpleApplication@37ef8c75
reloadAllAccessors: .RecordUpdater

===========================================================================================
----------------- testing Sun Jun 21 14:50:28 UTC 2020 /home/travis/build/icyphy/ptII/ptolemy/actor/lib/test/auto/OrderedRecordUpdater2.xml
----------------- Instantiating /home/travis/build/icyphy/ptII/ptolemy/actor/lib/test/auto/OrderedRecordUpdater2.xml
3 ms. Memory: 533504K Free: 413716K (78%)
----------------- Invoking toplevel() on ptolemy.moml.MoMLSimpleApplication@1df3f197
----------------- Done invoking toplevel() on ptolemy.moml.MoMLSimpleApplication@1df3f197
reloadAllAccessors: .RecordUpdater2

===========================================================================================
----------------- testing Sun Jun 21 14:50:28 UTC 2020 /home/travis/build/icyphy/ptII/ptolemy/actor/lib/test/auto/PhaseUnwrap.xml
----------------- Instantiating /home/travis/build/icyphy/ptII/ptolemy/actor/lib/test/auto/PhaseUnwrap.xml
2 ms. Memory: 533504K Free: 409110K (77%)
----------------- Invoking toplevel() on ptolemy.moml.MoMLSimpleApplication@57f043aa
----------------- Done invoking toplevel() on ptolemy.moml.MoMLSimpleApplication@57f043aa
reloadAllAccessors: .PhaseUnwrap

===========================================================================================
----------------- testing Sun Jun 21 14:50:28 UTC 2020 /home/travis/build/icyphy/ptII/ptolemy/actor/lib/test/auto/PoissonClock.xml
----------------- Instantiating /home/travis/build/icyphy/ptII/ptolemy/actor/lib/test/auto/PoissonClock.xml
1 ms. Memory: 533504K Free: 405014K (76%)
----------------- Invoking toplevel() on ptolemy.moml.MoMLSimpleApplication@42fc2f1b
----------------- Done invoking toplevel() on ptolemy.moml.MoMLSimpleApplication@42fc2f1b
reloadAllAccessors: .PoissonClock

===========================================================================================
----------------- testing Sun Jun 21 14:50:28 UTC 2020 /home/travis/build/icyphy/ptII/ptolemy/actor/lib/test/auto/PoissonClock2.xml
----------------- Instantiating /home/travis/build/icyphy/ptII/ptolemy/actor/lib/test/auto/PoissonClock2.xml
1 ms. Memory: 533504K Free: 400404K (75%)
----------------- Invoking toplevel() on ptolemy.moml.MoMLSimpleApplication@526a2b3f
----------------- Done invoking toplevel() on ptolemy.moml.MoMLSimpleApplication@526a2b3f
reloadAllAccessors: .PoissonClock2

===========================================================================================
----------------- testing Sun Jun 21 14:50:28 UTC 2020 /home/travis/build/icyphy/ptII/ptolemy/actor/lib/test/auto/PoissonClock3.xml
----------------- Instantiating /home/travis/build/icyphy/ptII/ptolemy/actor/lib/test/auto/PoissonClock3.xml
1 ms. Memory: 533504K Free: 396308K (74%)
----------------- Invoking toplevel() on ptolemy.moml.MoMLSimpleApplication@e7b1e32
----------------- Done invoking toplevel() on ptolemy.moml.MoMLSimpleApplication@e7b1e32
reloadAllAccessors: .PoissonClock3

===========================================================================================
----------------- testing Sun Jun 21 14:50:28 UTC 2020 /home/travis/build/icyphy/ptII/ptolemy/actor/lib/test/auto/PubSubWithInitialTokens.xml
----------------- Instantiating /home/travis/build/icyphy/ptII/ptolemy/actor/lib/test/auto/PubSubWithInitialTokens.xml
1 ms. Memory: 533504K Free: 390678K (73%)
----------------- Invoking toplevel() on ptolemy.moml.MoMLSimpleApplication@64f6a572
----------------- Done invoking toplevel() on ptolemy.moml.MoMLSimpleApplication@64f6a572
reloadAllAccessors: .PubSubWithInitialTokens

===========================================================================================
----------------- testing Sun Jun 21 14:50:28 UTC 2020 /home/travis/build/icyphy/ptII/ptolemy/actor/lib/test/auto/PubSubWithInitialTokens2.xml
----------------- Instantiating /home/travis/build/icyphy/ptII/ptolemy/actor/lib/test/auto/PubSubWithInitialTokens2.xml
2 ms. Memory: 533504K Free: 384534K (72%)
----------------- Invoking toplevel() on ptolemy.moml.MoMLSimpleApplication@7454966e
----------------- Done invoking toplevel() on ptolemy.moml.MoMLSimpleApplication@7454966e
reloadAllAccessors: .PubSubWithInitialTokens2

===========================================================================================
----------------- testing Sun Jun 21 14:50:28 UTC 2020 /home/travis/build/icyphy/ptII/ptolemy/actor/lib/test/auto/PublisherClassNoParameter.xml
----------------- Instantiating /home/travis/build/icyphy/ptII/ptolemy/actor/lib/test/auto/PublisherClassNoParameter.xml
2 ms. Memory: 533504K Free: 374294K (70%)
----------------- Invoking toplevel() on ptolemy.moml.MoMLSimpleApplication@daeb9fa
----------------- Done invoking toplevel() on ptolemy.moml.MoMLSimpleApplication@daeb9fa
reloadAllAccessors: .PublisherClassNoParameter

===========================================================================================
----------------- testing Sun Jun 21 14:50:28 UTC 2020 /home/travis/build/icyphy/ptII/ptolemy/actor/lib/test/auto/PublisherClassParameter.xml
----------------- Instantiating /home/travis/build/icyphy/ptII/ptolemy/actor/lib/test/auto/PublisherClassParameter.xml
2 ms. Memory: 533504K Free: 364054K (68%)
----------------- Invoking toplevel() on ptolemy.moml.MoMLSimpleApplication@304ab455
----------------- Done invoking toplevel() on ptolemy.moml.MoMLSimpleApplication@304ab455
reloadAllAccessors: .PublisherClassParameter

===========================================================================================
----------------- testing Sun Jun 21 14:50:28 UTC 2020 /home/travis/build/icyphy/ptII/ptolemy/actor/lib/test/auto/PublisherNonStrictTest.xml
----------------- Instantiating /home/travis/build/icyphy/ptII/ptolemy/actor/lib/test/auto/PublisherNonStrictTest.xml
2 ms. Memory: 533504K Free: 356366K (67%)
----------------- Invoking toplevel() on ptolemy.moml.MoMLSimpleApplication@686cbaaa
----------------- Done invoking toplevel() on ptolemy.moml.MoMLSimpleApplication@686cbaaa
reloadAllAccessors: .PublisherNonStrictTest

===========================================================================================
----------------- testing Sun Jun 21 14:50:28 UTC 2020 /home/travis/build/icyphy/ptII/ptolemy/actor/lib/test/auto/PublisherPort1.xml
----------------- Instantiating /home/travis/build/icyphy/ptII/ptolemy/actor/lib/test/auto/PublisherPort1.xml
3 ms. Memory: 533504K Free: 350742K (66%)
----------------- Invoking toplevel() on ptolemy.moml.MoMLSimpleApplication@5d48023c
----------------- Done invoking toplevel() on ptolemy.moml.MoMLSimpleApplication@5d48023c
reloadAllAccessors: .PublisherPort1

===========================================================================================
----------------- testing Sun Jun 21 14:50:28 UTC 2020 /home/travis/build/icyphy/ptII/ptolemy/actor/lib/test/auto/PublisherPort2.xml
----------------- Instantiating /home/travis/build/icyphy/ptII/ptolemy/actor/lib/test/auto/PublisherPort2.xml
1 ms. Memory: 533504K Free: 346132K (65%)
----------------- Invoking toplevel() on ptolemy.moml.MoMLSimpleApplication@794d6045
----------------- Done invoking toplevel() on ptolemy.moml.MoMLSimpleApplication@794d6045
reloadAllAccessors: .PublisherPort2

===========================================================================================
----------------- testing Sun Jun 21 14:50:28 UTC 2020 /home/travis/build/icyphy/ptII/ptolemy/actor/lib/test/auto/PublisherPort3.xml
----------------- Instantiating /home/travis/build/icyphy/ptII/ptolemy/actor/lib/test/auto/PublisherPort3.xml
11 ms. Memory: 533504K Free: 339478K (64%)
----------------- Invoking toplevel() on ptolemy.moml.MoMLSimpleApplication@440a5936
----------------- Done invoking toplevel() on ptolemy.moml.MoMLSimpleApplication@440a5936
reloadAllAccessors: .PublisherPort3

===========================================================================================
----------------- testing Sun Jun 21 14:50:28 UTC 2020 /home/travis/build/icyphy/ptII/ptolemy/actor/lib/test/auto/PublisherPort4.xml
----------------- Instantiating /home/travis/build/icyphy/ptII/ptolemy/actor/lib/test/auto/PublisherPort4.xml
2 ms. Memory: 533504K Free: 333830K (63%)
----------------- Invoking toplevel() on ptolemy.moml.MoMLSimpleApplication@36fd0d43
----------------- Done invoking toplevel() on ptolemy.moml.MoMLSimpleApplication@36fd0d43
reloadAllAccessors: .PublisherPort4

===========================================================================================
----------------- testing Sun Jun 21 14:50:28 UTC 2020 /home/travis/build/icyphy/ptII/ptolemy/actor/lib/test/auto/PublisherPort5.xml
----------------- Instantiating /home/travis/build/icyphy/ptII/ptolemy/actor/lib/test/auto/PublisherPort5.xml
3 ms. Memory: 533504K Free: 326166K (61%)
----------------- Invoking toplevel() on ptolemy.moml.MoMLSimpleApplication@3febf1d1
----------------- Done invoking toplevel() on ptolemy.moml.MoMLSimpleApplication@3febf1d1
reloadAllAccessors: .PublisherPort5

===========================================================================================
----------------- testing Sun Jun 21 14:50:28 UTC 2020 /home/travis/build/icyphy/ptII/ptolemy/actor/lib/test/auto/PublisherPort5LookAlike.xml
----------------- Instantiating /home/travis/build/icyphy/ptII/ptolemy/actor/lib/test/auto/PublisherPort5LookAlike.xml
7 ms. Memory: 533504K Free: 318484K (60%)
----------------- Invoking toplevel() on ptolemy.moml.MoMLSimpleApplication@2fecd3bb
----------------- Done invoking toplevel() on ptolemy.moml.MoMLSimpleApplication@2fecd3bb
reloadAllAccessors: .PublisherPort5LookAlike

===========================================================================================
----------------- testing Sun Jun 21 14:50:28 UTC 2020 /home/travis/build/icyphy/ptII/ptolemy/actor/lib/test/auto/PublisherPort6.xml
----------------- Instantiating /home/travis/build/icyphy/ptII/ptolemy/actor/lib/test/auto/PublisherPort6.xml
2 ms. Memory: 533504K Free: 311830K (58%)
----------------- Invoking toplevel() on ptolemy.moml.MoMLSimpleApplication@49a3a4df
----------------- Done invoking toplevel() on ptolemy.moml.MoMLSimpleApplication@49a3a4df
reloadAllAccessors: .PublisherPort6

===========================================================================================
----------------- testing Sun Jun 21 14:50:28 UTC 2020 /home/travis/build/icyphy/ptII/ptolemy/actor/lib/test/auto/PublisherPort7.xml
----------------- Instantiating /home/travis/build/icyphy/ptII/ptolemy/actor/lib/test/auto/PublisherPort7.xml
3 ms. Memory: 533504K Free: 304148K (57%)
----------------- Invoking toplevel() on ptolemy.moml.MoMLSimpleApplication@162abd30
----------------- Done invoking toplevel() on ptolemy.moml.MoMLSimpleApplication@162abd30
reloadAllAccessors: .PublisherPort7

===========================================================================================
----------------- testing Sun Jun 21 14:50:28 UTC 2020 /home/travis/build/icyphy/ptII/ptolemy/actor/lib/test/auto/PublisherPort8.xml
----------------- Instantiating /home/travis/build/icyphy/ptII/ptolemy/actor/lib/test/auto/PublisherPort8.xml
4 ms. Memory: 533504K Free: 295446K (55%)
----------------- Invoking toplevel() on ptolemy.moml.MoMLSimpleApplication@59a04546
----------------- Done invoking toplevel() on ptolemy.moml.MoMLSimpleApplication@59a04546
reloadAllAccessors: .PublisherPort8

===========================================================================================
----------------- testing Sun Jun 21 14:50:28 UTC 2020 /home/travis/build/icyphy/ptII/ptolemy/actor/lib/test/auto/PublisherPortSubscriberChannelVariablesAOC2.xml
----------------- Instantiating /home/travis/build/icyphy/ptII/ptolemy/actor/lib/test/auto/PublisherPortSubscriberChannelVariablesAOC2.xml
3 ms. Memory: 533504K Free: 278548K (52%)
----------------- Invoking toplevel() on ptolemy.moml.MoMLSimpleApplication@23c9079
----------------- Done invoking toplevel() on ptolemy.moml.MoMLSimpleApplication@23c9079
reloadAllAccessors: .PublisherPortSubscriberChannelVariablesAOC2

===========================================================================================
----------------- testing Sun Jun 21 14:50:28 UTC 2020 /home/travis/build/icyphy/ptII/ptolemy/actor/lib/test/auto/PublisherPortSubscriberOpaqueWidthInference.xml
----------------- Instantiating /home/travis/build/icyphy/ptII/ptolemy/actor/lib/test/auto/PublisherPortSubscriberOpaqueWidthInference.xml
3 ms. Memory: 533504K Free: 270342K (51%)
----------------- Invoking toplevel() on ptolemy.moml.MoMLSimpleApplication@19f12b56
----------------- Done invoking toplevel() on ptolemy.moml.MoMLSimpleApplication@19f12b56
reloadAllAccessors: .PublisherPortSubscriberOpaqueWidthInference

===========================================================================================
----------------- testing Sun Jun 21 14:50:28 UTC 2020 /home/travis/build/icyphy/ptII/ptolemy/actor/lib/test/auto/PublisherPortSubscriberPortAdjacent.xml
----------------- Instantiating /home/travis/build/icyphy/ptII/ptolemy/actor/lib/test/auto/PublisherPortSubscriberPortAdjacent.xml
1 ms. Memory: 533504K Free: 262164K (49%)
----------------- Invoking toplevel() on ptolemy.moml.MoMLSimpleApplication@47a928fb
----------------- Done invoking toplevel() on ptolemy.moml.MoMLSimpleApplication@47a928fb
reloadAllAccessors: .PublisherPortSubscriberPortAdjacent

===========================================================================================
----------------- testing Sun Jun 21 14:50:28 UTC 2020 /home/travis/build/icyphy/ptII/ptolemy/actor/lib/test/auto/PublisherPortSubscriberPortExpression.xml
----------------- Instantiating /home/travis/build/icyphy/ptII/ptolemy/actor/lib/test/auto/PublisherPortSubscriberPortExpression.xml
3 ms. Memory: 533504K Free: 254990K (48%)
----------------- Invoking toplevel() on ptolemy.moml.MoMLSimpleApplication@69d111d3
----------------- Done invoking toplevel() on ptolemy.moml.MoMLSimpleApplication@69d111d3
reloadAllAccessors: .PublisherPortSubscriberPortExpression

===========================================================================================
----------------- testing Sun Jun 21 14:50:28 UTC 2020 /home/travis/build/icyphy/ptII/ptolemy/actor/lib/test/auto/PublisherPortSubscriberPortOpaqueD3Reverse.xml
----------------- Instantiating /home/travis/build/icyphy/ptII/ptolemy/actor/lib/test/auto/PublisherPortSubscriberPortOpaqueD3Reverse.xml
6 ms. Memory: 533504K Free: 244756K (46%)
----------------- Invoking toplevel() on ptolemy.moml.MoMLSimpleApplication@161217e7
----------------- Done invoking toplevel() on ptolemy.moml.MoMLSimpleApplication@161217e7
reloadAllAccessors: .PublisherPortSubscriberPortOpaqueD3Reverse

===========================================================================================
----------------- testing Sun Jun 21 14:50:28 UTC 2020 /home/travis/build/icyphy/ptII/ptolemy/actor/lib/test/auto/PublisherPortSubscriberPortOpaqueWidthInference.xml
----------------- Instantiating /home/travis/build/icyphy/ptII/ptolemy/actor/lib/test/auto/PublisherPortSubscriberPortOpaqueWidthInference.xml
3 ms. Memory: 533504K Free: 237078K (44%)
----------------- Invoking toplevel() on ptolemy.moml.MoMLSimpleApplication@22b818a8
----------------- Done invoking toplevel() on ptolemy.moml.MoMLSimpleApplication@22b818a8
reloadAllAccessors: .PublisherPortSubscriberPortOpaqueWidthInference

===========================================================================================
----------------- testing Sun Jun 21 14:50:28 UTC 2020 /home/travis/build/icyphy/ptII/ptolemy/actor/lib/test/auto/PublisherPortToplevelSubscriberPortAOC.xml
----------------- Instantiating /home/travis/build/icyphy/ptII/ptolemy/actor/lib/test/auto/PublisherPortToplevelSubscriberPortAOC.xml
.PublisherPortToplevelSubscriberPortAOC.TestExceptionAttribute: initialize() was not invoked, but wrapup() was.  This is unusual, but not always a problem.  For example, exporting JNLP will do this.
1 ms. Memory: 533504K Free: 231444K (43%)
----------------- Invoking toplevel() on ptolemy.moml.MoMLSimpleApplication@1c772829
----------------- Done invoking toplevel() on ptolemy.moml.MoMLSimpleApplication@1c772829
reloadAllAccessors: .PublisherPortToplevelSubscriberPortAOC

===========================================================================================
----------------- testing Sun Jun 21 14:50:28 UTC 2020 /home/travis/build/icyphy/ptII/ptolemy/actor/lib/test/auto/PublisherSubscriber.xml
----------------- Instantiating /home/travis/build/icyphy/ptII/ptolemy/actor/lib/test/auto/PublisherSubscriber.xml
2 ms. Memory: 533504K Free: 223766K (42%)
----------------- Invoking toplevel() on ptolemy.moml.MoMLSimpleApplication@705a58a5
----------------- Done invoking toplevel() on ptolemy.moml.MoMLSimpleApplication@705a58a5
reloadAllAccessors: .PublisherSubscriber

===========================================================================================
----------------- testing Sun Jun 21 14:50:28 UTC 2020 /home/travis/build/icyphy/ptII/ptolemy/actor/lib/test/auto/PublisherSubscriber10.xml
----------------- Instantiating /home/travis/build/icyphy/ptII/ptolemy/actor/lib/test/auto/PublisherSubscriber10.xml
6 ms. Memory: 533504K Free: 214550K (40%)
----------------- Invoking toplevel() on ptolemy.moml.MoMLSimpleApplication@1bdc3e12
----------------- Done invoking toplevel() on ptolemy.moml.MoMLSimpleApplication@1bdc3e12
reloadAllAccessors: .PublisherSubscriber10

===========================================================================================
----------------- testing Sun Jun 21 14:50:28 UTC 2020 /home/travis/build/icyphy/ptII/ptolemy/actor/lib/test/auto/PublisherSubscriber10InitialOutputs.xml
----------------- Instantiating /home/travis/build/icyphy/ptII/ptolemy/actor/lib/test/auto/PublisherSubscriber10InitialOutputs.xml
15 ms. Memory: 533504K Free: 205334K (38%)
----------------- Invoking toplevel() on ptolemy.moml.MoMLSimpleApplication@4e5e0424
----------------- Done invoking toplevel() on ptolemy.moml.MoMLSimpleApplication@4e5e0424
reloadAllAccessors: .PublisherSubscriber10InitialOutputs

===========================================================================================
----------------- testing Sun Jun 21 14:50:28 UTC 2020 /home/travis/build/icyphy/ptII/ptolemy/actor/lib/test/auto/PublisherSubscriber11.xml
----------------- Instantiating /home/travis/build/icyphy/ptII/ptolemy/actor/lib/test/auto/PublisherSubscriber11.xml
3 ms. Memory: 533504K Free: 199190K (37%)
----------------- Invoking toplevel() on ptolemy.moml.MoMLSimpleApplication@5431a53d
----------------- Done invoking toplevel() on ptolemy.moml.MoMLSimpleApplication@5431a53d
reloadAllAccessors: .PublisherSubscriber11

===========================================================================================
----------------- testing Sun Jun 21 14:50:28 UTC 2020 /home/travis/build/icyphy/ptII/ptolemy/actor/lib/test/auto/PublisherSubscriber12.xml
----------------- Instantiating /home/travis/build/icyphy/ptII/ptolemy/actor/lib/test/auto/PublisherSubscriber12.xml
4 ms. Memory: 533504K Free: 192022K (36%)
----------------- Invoking toplevel() on ptolemy.moml.MoMLSimpleApplication@72e84f55
----------------- Done invoking toplevel() on ptolemy.moml.MoMLSimpleApplication@72e84f55
reloadAllAccessors: .PublisherSubscriber12

===========================================================================================
----------------- testing Sun Jun 21 14:50:28 UTC 2020 /home/travis/build/icyphy/ptII/ptolemy/actor/lib/test/auto/PublisherSubscriber13.xml
----------------- Instantiating /home/travis/build/icyphy/ptII/ptolemy/actor/lib/test/auto/PublisherSubscriber13.xml
3 ms. Memory: 533504K Free: 186358K (35%)
----------------- Invoking toplevel() on ptolemy.moml.MoMLSimpleApplication@4119ff92
----------------- Done invoking toplevel() on ptolemy.moml.MoMLSimpleApplication@4119ff92
reloadAllAccessors: .PublisherSubscriber13

===========================================================================================
----------------- testing Sun Jun 21 14:50:28 UTC 2020 /home/travis/build/icyphy/ptII/ptolemy/actor/lib/test/auto/PublisherSubscriber14.xml
----------------- Instantiating /home/travis/build/icyphy/ptII/ptolemy/actor/lib/test/auto/PublisherSubscriber14.xml
2 ms. Memory: 533504K Free: 177686K (33%)
----------------- Invoking toplevel() on ptolemy.moml.MoMLSimpleApplication@6af52814
----------------- Done invoking toplevel() on ptolemy.moml.MoMLSimpleApplication@6af52814
reloadAllAccessors: .PublisherSubscriber14

===========================================================================================
----------------- testing Sun Jun 21 14:50:28 UTC 2020 /home/travis/build/icyphy/ptII/ptolemy/actor/lib/test/auto/PublisherSubscriber2.xml
----------------- Instantiating /home/travis/build/icyphy/ptII/ptolemy/actor/lib/test/auto/PublisherSubscriber2.xml
32 ms. Memory: 533504K Free: 482033K (90%)
----------------- Invoking toplevel() on ptolemy.moml.MoMLSimpleApplication@4349cb9
----------------- Done invoking toplevel() on ptolemy.moml.MoMLSimpleApplication@4349cb9
reloadAllAccessors: .PublisherSubscriber2

===========================================================================================
----------------- testing Sun Jun 21 14:50:28 UTC 2020 /home/travis/build/icyphy/ptII/ptolemy/actor/lib/test/auto/PublisherSubscriber3.xml
----------------- Instantiating /home/travis/build/icyphy/ptII/ptolemy/actor/lib/test/auto/PublisherSubscriber3.xml
2 ms. Memory: 533504K Free: 475654K (89%)
----------------- Invoking toplevel() on ptolemy.moml.MoMLSimpleApplication@76e6d128
----------------- Done invoking toplevel() on ptolemy.moml.MoMLSimpleApplication@76e6d128
reloadAllAccessors: .PublisherSubscriber3

===========================================================================================
----------------- testing Sun Jun 21 14:50:28 UTC 2020 /home/travis/build/icyphy/ptII/ptolemy/actor/lib/test/auto/PublisherSubscriber4.xml
----------------- Instantiating /home/travis/build/icyphy/ptII/ptolemy/actor/lib/test/auto/PublisherSubscriber4.xml
2 ms. Memory: 533504K Free: 470518K (88%)
----------------- Invoking toplevel() on ptolemy.moml.MoMLSimpleApplication@2f789b47
----------------- Done invoking toplevel() on ptolemy.moml.MoMLSimpleApplication@2f789b47
reloadAllAccessors: .PublisherSubscriber4

===========================================================================================
----------------- testing Sun Jun 21 14:50:28 UTC 2020 /home/travis/build/icyphy/ptII/ptolemy/actor/lib/test/auto/PublisherSubscriber5.xml
----------------- Instantiating /home/travis/build/icyphy/ptII/ptolemy/actor/lib/test/auto/PublisherSubscriber5.xml
2 ms. Memory: 533504K Free: 463894K (87%)
----------------- Invoking toplevel() on ptolemy.moml.MoMLSimpleApplication@e3f06c3
----------------- Done invoking toplevel() on ptolemy.moml.MoMLSimpleApplication@e3f06c3
reloadAllAccessors: .PublisherSubscriber5

===========================================================================================
----------------- testing Sun Jun 21 14:50:28 UTC 2020 /home/travis/build/icyphy/ptII/ptolemy/actor/lib/test/auto/PublisherSubscriber6.xml
----------------- Instantiating /home/travis/build/icyphy/ptII/ptolemy/actor/lib/test/auto/PublisherSubscriber6.xml
3 ms. Memory: 533504K Free: 457222K (86%)
----------------- Invoking toplevel() on ptolemy.moml.MoMLSimpleApplication@30b63e8a
----------------- Done invoking toplevel() on ptolemy.moml.MoMLSimpleApplication@30b63e8a
reloadAllAccessors: .PublisherSubscriber6

===========================================================================================
----------------- testing Sun Jun 21 14:50:28 UTC 2020 /home/travis/build/icyphy/ptII/ptolemy/actor/lib/test/auto/PublisherSubscriber7.xml
----------------- Instantiating /home/travis/build/icyphy/ptII/ptolemy/actor/lib/test/auto/PublisherSubscriber7.xml
6 ms. Memory: 533504K Free: 450582K (84%)
----------------- Invoking toplevel() on ptolemy.moml.MoMLSimpleApplication@40656bc9
----------------- Done invoking toplevel() on ptolemy.moml.MoMLSimpleApplication@40656bc9
reloadAllAccessors: .PublisherSubscriber7

===========================================================================================
----------------- testing Sun Jun 21 14:50:28 UTC 2020 /home/travis/build/icyphy/ptII/ptolemy/actor/lib/test/auto/PublisherSubscriber8.xml
----------------- Instantiating /home/travis/build/icyphy/ptII/ptolemy/actor/lib/test/auto/PublisherSubscriber8.xml
20 ms. Memory: 533504K Free: 438804K (82%)
----------------- Invoking toplevel() on ptolemy.moml.MoMLSimpleApplication@603901aa
----------------- Done invoking toplevel() on ptolemy.moml.MoMLSimpleApplication@603901aa
reloadAllAccessors: .PublisherSubscriber8

===========================================================================================
----------------- testing Sun Jun 21 14:50:29 UTC 2020 /home/travis/build/icyphy/ptII/ptolemy/actor/lib/test/auto/PublisherSubscriber9.xml
----------------- Instantiating /home/travis/build/icyphy/ptII/ptolemy/actor/lib/test/auto/PublisherSubscriber9.xml
2 ms. Memory: 533504K Free: 431622K (81%)
----------------- Invoking toplevel() on ptolemy.moml.MoMLSimpleApplication@5a4c7fe9
----------------- Done invoking toplevel() on ptolemy.moml.MoMLSimpleApplication@5a4c7fe9
reloadAllAccessors: .PublisherSubscriber9

===========================================================================================
----------------- testing Sun Jun 21 14:50:29 UTC 2020 /home/travis/build/icyphy/ptII/ptolemy/actor/lib/test/auto/PublisherSubscriberAdjacent.xml
----------------- Instantiating /home/travis/build/icyphy/ptII/ptolemy/actor/lib/test/auto/PublisherSubscriberAdjacent.xml
1 ms. Memory: 533504K Free: 422934K (79%)
----------------- Invoking toplevel() on ptolemy.moml.MoMLSimpleApplication@55c1c306
----------------- Done invoking toplevel() on ptolemy.moml.MoMLSimpleApplication@55c1c306
reloadAllAccessors: .PublisherSubscriberAdjacent

===========================================================================================
----------------- testing Sun Jun 21 14:50:29 UTC 2020 /home/travis/build/icyphy/ptII/ptolemy/actor/lib/test/auto/PublisherSubscriberChannelVariablesAOC2.xml
----------------- Instantiating /home/travis/build/icyphy/ptII/ptolemy/actor/lib/test/auto/PublisherSubscriberChannelVariablesAOC2.xml
3 ms. Memory: 533504K Free: 408070K (76%)
----------------- Invoking toplevel() on ptolemy.moml.MoMLSimpleApplication@6c8cbc1d
----------------- Done invoking toplevel() on ptolemy.moml.MoMLSimpleApplication@6c8cbc1d
reloadAllAccessors: .PublisherSubscriberChannelVariablesAOC2

===========================================================================================
----------------- testing Sun Jun 21 14:50:29 UTC 2020 /home/travis/build/icyphy/ptII/ptolemy/actor/lib/test/auto/PublisherSubscriberD3.xml
----------------- Instantiating /home/travis/build/icyphy/ptII/ptolemy/actor/lib/test/auto/PublisherSubscriberD3.xml
1 ms. Memory: 533504K Free: 400916K (75%)
----------------- Invoking toplevel() on ptolemy.moml.MoMLSimpleApplication@292d6cda
----------------- Done invoking toplevel() on ptolemy.moml.MoMLSimpleApplication@292d6cda
reloadAllAccessors: .PublisherSubscriberD3

===========================================================================================
----------------- testing Sun Jun 21 14:50:29 UTC 2020 /home/travis/build/icyphy/ptII/ptolemy/actor/lib/test/auto/PublisherSubscriberD3Reverse.xml
----------------- Instantiating /home/travis/build/icyphy/ptII/ptolemy/actor/lib/test/auto/PublisherSubscriberD3Reverse.xml
1 ms. Memory: 533504K Free: 394772K (74%)
----------------- Invoking toplevel() on ptolemy.moml.MoMLSimpleApplication@3dc0d9c5
----------------- Done invoking toplevel() on ptolemy.moml.MoMLSimpleApplication@3dc0d9c5
reloadAllAccessors: .PublisherSubscriberD3Reverse

===========================================================================================
----------------- testing Sun Jun 21 14:50:29 UTC 2020 /home/travis/build/icyphy/ptII/ptolemy/actor/lib/test/auto/PublisherSubscriberExpression.xml
----------------- Instantiating /home/travis/build/icyphy/ptII/ptolemy/actor/lib/test/auto/PublisherSubscriberExpression.xml
3 ms. Memory: 533504K Free: 386566K (72%)
----------------- Invoking toplevel() on ptolemy.moml.MoMLSimpleApplication@7abadedd
----------------- Done invoking toplevel() on ptolemy.moml.MoMLSimpleApplication@7abadedd
reloadAllAccessors: .PublisherSubscriberExpression

===========================================================================================
----------------- testing Sun Jun 21 14:50:29 UTC 2020 /home/travis/build/icyphy/ptII/ptolemy/actor/lib/test/auto/PublisherSubscriberOpaque.xml
----------------- Instantiating /home/travis/build/icyphy/ptII/ptolemy/actor/lib/test/auto/PublisherSubscriberOpaque.xml
3 ms. Memory: 533504K Free: 378388K (71%)
----------------- Invoking toplevel() on ptolemy.moml.MoMLSimpleApplication@459a61b8
----------------- Done invoking toplevel() on ptolemy.moml.MoMLSimpleApplication@459a61b8
reloadAllAccessors: .PublisherSubscriberOpaque

===========================================================================================
----------------- testing Sun Jun 21 14:50:29 UTC 2020 /home/travis/build/icyphy/ptII/ptolemy/actor/lib/test/auto/PublisherSubscriberOpaqueD3.xml
----------------- Instantiating /home/travis/build/icyphy/ptII/ptolemy/actor/lib/test/auto/PublisherSubscriberOpaqueD3.xml
5 ms. Memory: 533504K Free: 367124K (69%)
----------------- Invoking toplevel() on ptolemy.moml.MoMLSimpleApplication@4492e3b0
----------------- Done invoking toplevel() on ptolemy.moml.MoMLSimpleApplication@4492e3b0
reloadAllAccessors: .PublisherSubscriberOpaqueD3

===========================================================================================
----------------- testing Sun Jun 21 14:50:29 UTC 2020 /home/travis/build/icyphy/ptII/ptolemy/actor/lib/test/auto/PublisherSubscriberOpaqueD3Reverse.xml
----------------- Instantiating /home/travis/build/icyphy/ptII/ptolemy/actor/lib/test/auto/PublisherSubscriberOpaqueD3Reverse.xml
7 ms. Memory: 533504K Free: 356374K (67%)
----------------- Invoking toplevel() on ptolemy.moml.MoMLSimpleApplication@e22be20
----------------- Done invoking toplevel() on ptolemy.moml.MoMLSimpleApplication@e22be20
reloadAllAccessors: .PublisherSubscriberOpaqueD3Reverse

===========================================================================================
----------------- testing Sun Jun 21 14:50:29 UTC 2020 /home/travis/build/icyphy/ptII/ptolemy/actor/lib/test/auto/PublisherSubscriberOpaqueWidthInference.xml
----------------- Instantiating /home/travis/build/icyphy/ptII/ptolemy/actor/lib/test/auto/PublisherSubscriberOpaqueWidthInference.xml
4 ms. Memory: 533504K Free: 348182K (65%)
----------------- Invoking toplevel() on ptolemy.moml.MoMLSimpleApplication@3d072ab1
----------------- Done invoking toplevel() on ptolemy.moml.MoMLSimpleApplication@3d072ab1
reloadAllAccessors: .PublisherSubscriberOpaqueWidthInference

===========================================================================================
----------------- testing Sun Jun 21 14:50:29 UTC 2020 /home/travis/build/icyphy/ptII/ptolemy/actor/lib/test/auto/PublisherTestSubscriber.xml
----------------- Instantiating /home/travis/build/icyphy/ptII/ptolemy/actor/lib/test/auto/PublisherTestSubscriber.xml
2 ms. Memory: 533504K Free: 340494K (64%)
----------------- Invoking toplevel() on ptolemy.moml.MoMLSimpleApplication@3cbb9bbb
----------------- Done invoking toplevel() on ptolemy.moml.MoMLSimpleApplication@3cbb9bbb
reloadAllAccessors: .PublisherTestSubscriber

===========================================================================================
----------------- testing Sun Jun 21 14:50:29 UTC 2020 /home/travis/build/icyphy/ptII/ptolemy/actor/lib/test/auto/PublisherToplevelSubscriberPortAOC.xml
----------------- Instantiating /home/travis/build/icyphy/ptII/ptolemy/actor/lib/test/auto/PublisherToplevelSubscriberPortAOC.xml
2 ms. Memory: 533504K Free: 334326K (63%)
----------------- Invoking toplevel() on ptolemy.moml.MoMLSimpleApplication@1b8fa30d
----------------- Done invoking toplevel() on ptolemy.moml.MoMLSimpleApplication@1b8fa30d
reloadAllAccessors: .PublisherToplevelSubscriberPortAOC

===========================================================================================
----------------- testing Sun Jun 21 14:50:29 UTC 2020 /home/travis/build/icyphy/ptII/ptolemy/actor/lib/test/auto/PulseFiringLimitDE.xml
----------------- Instantiating /home/travis/build/icyphy/ptII/ptolemy/actor/lib/test/auto/PulseFiringLimitDE.xml
2 ms. Memory: 533504K Free: 328212K (62%)
----------------- Invoking toplevel() on ptolemy.moml.MoMLSimpleApplication@6760fc4
----------------- Done invoking toplevel() on ptolemy.moml.MoMLSimpleApplication@6760fc4
reloadAllAccessors: .PulseFiringLimitDE

===========================================================================================
----------------- testing Sun Jun 21 14:50:29 UTC 2020 /home/travis/build/icyphy/ptII/ptolemy/actor/lib/test/auto/Ramp1.xml
----------------- Instantiating /home/travis/build/icyphy/ptII/ptolemy/actor/lib/test/auto/Ramp1.xml
1 ms. Memory: 533504K Free: 324116K (61%)
----------------- Invoking toplevel() on ptolemy.moml.MoMLSimpleApplication@6cf94f6
----------------- Done invoking toplevel() on ptolemy.moml.MoMLSimpleApplication@6cf94f6
reloadAllAccessors: .Ramp1

===========================================================================================
----------------- testing Sun Jun 21 14:50:29 UTC 2020 /home/travis/build/icyphy/ptII/ptolemy/actor/lib/test/auto/RampFiringLimitDE.xml
----------------- Instantiating /home/travis/build/icyphy/ptII/ptolemy/actor/lib/test/auto/RampFiringLimitDE.xml
3 ms. Memory: 533504K Free: 317958K (60%)
----------------- Invoking toplevel() on ptolemy.moml.MoMLSimpleApplication@3bb4971
----------------- Done invoking toplevel() on ptolemy.moml.MoMLSimpleApplication@3bb4971
reloadAllAccessors: .RampFiringLimitDE

===========================================================================================
----------------- testing Sun Jun 21 14:50:29 UTC 2020 /home/travis/build/icyphy/ptII/ptolemy/actor/lib/test/auto/RampFiringLimitSDF.xml
----------------- Instantiating /home/travis/build/icyphy/ptII/ptolemy/actor/lib/test/auto/RampFiringLimitSDF.xml
2 ms. Memory: 533504K Free: 312838K (59%)
----------------- Invoking toplevel() on ptolemy.moml.MoMLSimpleApplication@1d4d4f56
----------------- Done invoking toplevel() on ptolemy.moml.MoMLSimpleApplication@1d4d4f56
reloadAllAccessors: .RampFiringLimitSDF

===========================================================================================
----------------- testing Sun Jun 21 14:50:29 UTC 2020 /home/travis/build/icyphy/ptII/ptolemy/actor/lib/test/auto/RandomInteger.xml
----------------- Instantiating /home/travis/build/icyphy/ptII/ptolemy/actor/lib/test/auto/RandomInteger.xml
1 ms. Memory: 533504K Free: 308756K (58%)
----------------- Invoking toplevel() on ptolemy.moml.MoMLSimpleApplication@5a8a93a2
----------------- Done invoking toplevel() on ptolemy.moml.MoMLSimpleApplication@5a8a93a2
reloadAllAccessors: .RandomInteger

===========================================================================================
----------------- testing Sun Jun 21 14:50:29 UTC 2020 /home/travis/build/icyphy/ptII/ptolemy/actor/lib/test/auto/ReadFile1.xml
----------------- Instantiating /home/travis/build/icyphy/ptII/ptolemy/actor/lib/test/auto/ReadFile1.xml
1 ms. Memory: 533504K Free: 304150K (57%)
----------------- Invoking toplevel() on ptolemy.moml.MoMLSimpleApplication@5ad71ea5
----------------- Done invoking toplevel() on ptolemy.moml.MoMLSimpleApplication@5ad71ea5
reloadAllAccessors: .ReadFile1

===========================================================================================
----------------- testing Sun Jun 21 14:50:29 UTC 2020 /home/travis/build/icyphy/ptII/ptolemy/actor/lib/test/auto/ReadFile2.xml
----------------- Instantiating /home/travis/build/icyphy/ptII/ptolemy/actor/lib/test/auto/ReadFile2.xml
0 ms. Memory: 533504K Free: 300054K (56%)
----------------- Invoking toplevel() on ptolemy.moml.MoMLSimpleApplication@3441499b
----------------- Done invoking toplevel() on ptolemy.moml.MoMLSimpleApplication@3441499b
reloadAllAccessors: .ReadFile2

===========================================================================================
----------------- testing Sun Jun 21 14:50:29 UTC 2020 /home/travis/build/icyphy/ptII/ptolemy/actor/lib/test/auto/Reader.xml
----------------- Instantiating /home/travis/build/icyphy/ptII/ptolemy/actor/lib/test/auto/Reader.xml
actor.lib.Reader is obsolete, use actor.lib.io.ExpressionReader instead
3 ms. Memory: 533504K Free: 295958K (55%)
----------------- Invoking toplevel() on ptolemy.moml.MoMLSimpleApplication@7dc476b1
----------------- Done invoking toplevel() on ptolemy.moml.MoMLSimpleApplication@7dc476b1
reloadAllAccessors: .Reader

===========================================================================================
----------------- testing Sun Jun 21 14:50:29 UTC 2020 /home/travis/build/icyphy/ptII/ptolemy/actor/lib/test/auto/RecordAssemblerDisplayNameTest.xml
----------------- Instantiating /home/travis/build/icyphy/ptII/ptolemy/actor/lib/test/auto/RecordAssemblerDisplayNameTest.xml
3424 ms. Memory: 533504K Free: 292886K (55%)
----------------- Invoking toplevel() on ptolemy.moml.MoMLSimpleApplication@c10c25d
----------------- Done invoking toplevel() on ptolemy.moml.MoMLSimpleApplication@c10c25d
reloadAllAccessors: .RecordAssemblerDisplayNameTest

===========================================================================================
----------------- testing Sun Jun 21 14:50:32 UTC 2020 /home/travis/build/icyphy/ptII/ptolemy/actor/lib/test/auto/RecordAssemblerTypeError.xml
----------------- Instantiating /home/travis/build/icyphy/ptII/ptolemy/actor/lib/test/auto/RecordAssemblerTypeError.xml
16 ms. Memory: 533504K Free: 283156K (53%)
----------------- Invoking toplevel() on ptolemy.moml.MoMLSimpleApplication@784af48b
----------------- Done invoking toplevel() on ptolemy.moml.MoMLSimpleApplication@784af48b
reloadAllAccessors: .RecordAssemblerTypeError

===========================================================================================
----------------- testing Sun Jun 21 14:50:32 UTC 2020 /home/travis/build/icyphy/ptII/ptolemy/actor/lib/test/auto/RecordDisassember.xml
----------------- Instantiating /home/travis/build/icyphy/ptII/ptolemy/actor/lib/test/auto/RecordDisassember.xml
5 ms. Memory: 533504K Free: 278550K (52%)
----------------- Invoking toplevel() on ptolemy.moml.MoMLSimpleApplication@7971478
----------------- Done invoking toplevel() on ptolemy.moml.MoMLSimpleApplication@7971478
reloadAllAccessors: .RecordDisassember

===========================================================================================
----------------- testing Sun Jun 21 14:50:32 UTC 2020 /home/travis/build/icyphy/ptII/ptolemy/actor/lib/test/auto/RecordDisassemberDisplayNameTest.xml
----------------- Instantiating /home/travis/build/icyphy/ptII/ptolemy/actor/lib/test/auto/RecordDisassemberDisplayNameTest.xml
5 ms. Memory: 533504K Free: 270868K (51%)
----------------- Invoking toplevel() on ptolemy.moml.MoMLSimpleApplication@13d5ae9a
----------------- Done invoking toplevel() on ptolemy.moml.MoMLSimpleApplication@13d5ae9a
reloadAllAccessors: .RecordDisassemberDisplayNameTest

===========================================================================================
----------------- testing Sun Jun 21 14:50:32 UTC 2020 /home/travis/build/icyphy/ptII/ptolemy/actor/lib/test/auto/RecordDisassembler.xml
----------------- Instantiating /home/travis/build/icyphy/ptII/ptolemy/actor/lib/test/auto/RecordDisassembler.xml
3 ms. Memory: 533504K Free: 265718K (50%)
----------------- Invoking toplevel() on ptolemy.moml.MoMLSimpleApplication@4db4544
----------------- Done invoking toplevel() on ptolemy.moml.MoMLSimpleApplication@4db4544
reloadAllAccessors: .RecordDisassembler

===========================================================================================
----------------- testing Sun Jun 21 14:50:32 UTC 2020 /home/travis/build/icyphy/ptII/ptolemy/actor/lib/test/auto/RecordDisassembler2.xml
----------------- Instantiating /home/travis/build/icyphy/ptII/ptolemy/actor/lib/test/auto/RecordDisassembler2.xml
2 ms. Memory: 533504K Free: 260598K (49%)
----------------- Invoking toplevel() on ptolemy.moml.MoMLSimpleApplication@1c79c867
----------------- Done invoking toplevel() on ptolemy.moml.MoMLSimpleApplication@1c79c867
reloadAllAccessors: .RecordDisassembler2

===========================================================================================
----------------- testing Sun Jun 21 14:50:32 UTC 2020 /home/travis/build/icyphy/ptII/ptolemy/actor/lib/test/auto/RecordUpdater.xml
----------------- Instantiating /home/travis/build/icyphy/ptII/ptolemy/actor/lib/test/auto/RecordUpdater.xml
2 ms. Memory: 533504K Free: 255508K (48%)
----------------- Invoking toplevel() on ptolemy.moml.MoMLSimpleApplication@6c26e100
----------------- Done invoking toplevel() on ptolemy.moml.MoMLSimpleApplication@6c26e100
reloadAllAccessors: .RecordUpdater

===========================================================================================
----------------- testing Sun Jun 21 14:50:32 UTC 2020 /home/travis/build/icyphy/ptII/ptolemy/actor/lib/test/auto/RecordUpdater2.xml
----------------- Instantiating /home/travis/build/icyphy/ptII/ptolemy/actor/lib/test/auto/RecordUpdater2.xml
2 ms. Memory: 533504K Free: 250388K (47%)
----------------- Invoking toplevel() on ptolemy.moml.MoMLSimpleApplication@238c808d
----------------- Done invoking toplevel() on ptolemy.moml.MoMLSimpleApplication@238c808d
reloadAllAccessors: .RecordUpdater2

===========================================================================================
----------------- testing Sun Jun 21 14:50:32 UTC 2020 /home/travis/build/icyphy/ptII/ptolemy/actor/lib/test/auto/RecursiveLattice.xml
----------------- Instantiating /home/travis/build/icyphy/ptII/ptolemy/actor/lib/test/auto/RecursiveLattice.xml
3 ms. Memory: 533504K Free: 246262K (46%)
----------------- Invoking toplevel() on ptolemy.moml.MoMLSimpleApplication@438155d9
----------------- Done invoking toplevel() on ptolemy.moml.MoMLSimpleApplication@438155d9
reloadAllAccessors: .RecursiveLattice

===========================================================================================
----------------- testing Sun Jun 21 14:50:32 UTC 2020 /home/travis/build/icyphy/ptII/ptolemy/actor/lib/test/auto/Router.xml
----------------- Instantiating /home/travis/build/icyphy/ptII/ptolemy/actor/lib/test/auto/Router.xml
3004 ms. Memory: 533504K Free: 234518K (44%)
----------------- Invoking toplevel() on ptolemy.moml.MoMLSimpleApplication@51f9140d
----------------- Done invoking toplevel() on ptolemy.moml.MoMLSimpleApplication@51f9140d
reloadAllAccessors: .Router

===========================================================================================
----------------- testing Sun Jun 21 14:50:35 UTC 2020 /home/travis/build/icyphy/ptII/ptolemy/actor/lib/test/auto/Router2.xml
----------------- Instantiating /home/travis/build/icyphy/ptII/ptolemy/actor/lib/test/auto/Router2.xml
3003 ms. Memory: 533504K Free: 224278K (42%)
----------------- Invoking toplevel() on ptolemy.moml.MoMLSimpleApplication@3f68cd37
----------------- Done invoking toplevel() on ptolemy.moml.MoMLSimpleApplication@3f68cd37
reloadAllAccessors: .Router2

===========================================================================================
----------------- testing Sun Jun 21 14:50:38 UTC 2020 /home/travis/build/icyphy/ptII/ptolemy/actor/lib/test/auto/RunningMaximum.xml
----------------- Instantiating /home/travis/build/icyphy/ptII/ptolemy/actor/lib/test/auto/RunningMaximum.xml
2 ms. Memory: 533504K Free: 219668K (41%)
----------------- Invoking toplevel() on ptolemy.moml.MoMLSimpleApplication@785f8989
----------------- Done invoking toplevel() on ptolemy.moml.MoMLSimpleApplication@785f8989
reloadAllAccessors: .RunningMaximum

===========================================================================================
----------------- testing Sun Jun 21 14:50:39 UTC 2020 /home/travis/build/icyphy/ptII/ptolemy/actor/lib/test/auto/RunningMinimum.xml
----------------- Instantiating /home/travis/build/icyphy/ptII/ptolemy/actor/lib/test/auto/RunningMinimum.xml
6 ms. Memory: 533504K Free: 215062K (40%)
----------------- Invoking toplevel() on ptolemy.moml.MoMLSimpleApplication@71a532f9
----------------- Done invoking toplevel() on ptolemy.moml.MoMLSimpleApplication@71a532f9
reloadAllAccessors: .RunningMinimum

===========================================================================================
----------------- testing Sun Jun 21 14:50:39 UTC 2020 /home/travis/build/icyphy/ptII/ptolemy/actor/lib/test/auto/Scale.xml
----------------- Instantiating /home/travis/build/icyphy/ptII/ptolemy/actor/lib/test/auto/Scale.xml
2 ms. Memory: 533504K Free: 210452K (39%)
----------------- Invoking toplevel() on ptolemy.moml.MoMLSimpleApplication@760d85f3
----------------- Done invoking toplevel() on ptolemy.moml.MoMLSimpleApplication@760d85f3
reloadAllAccessors: .Scale

===========================================================================================
----------------- testing Sun Jun 21 14:50:39 UTC 2020 /home/travis/build/icyphy/ptII/ptolemy/actor/lib/test/auto/Scale2.xml
----------------- Instantiating /home/travis/build/icyphy/ptII/ptolemy/actor/lib/test/auto/Scale2.xml
2 ms. Memory: 533504K Free: 205846K (39%)
----------------- Invoking toplevel() on ptolemy.moml.MoMLSimpleApplication@59612516
----------------- Done invoking toplevel() on ptolemy.moml.MoMLSimpleApplication@59612516
reloadAllAccessors: .Scale2

===========================================================================================
----------------- testing Sun Jun 21 14:50:39 UTC 2020 /home/travis/build/icyphy/ptII/ptolemy/actor/lib/test/auto/Scale3.xml
----------------- Instantiating /home/travis/build/icyphy/ptII/ptolemy/actor/lib/test/auto/Scale3.xml
4 ms. Memory: 533504K Free: 199188K (37%)
----------------- Invoking toplevel() on ptolemy.moml.MoMLSimpleApplication@326a80f3
----------------- Done invoking toplevel() on ptolemy.moml.MoMLSimpleApplication@326a80f3
reloadAllAccessors: .Scale3

===========================================================================================
----------------- testing Sun Jun 21 14:50:39 UTC 2020 /home/travis/build/icyphy/ptII/ptolemy/actor/lib/test/auto/ScaleArray.xml
----------------- Instantiating /home/travis/build/icyphy/ptII/ptolemy/actor/lib/test/auto/ScaleArray.xml
2 ms. Memory: 533504K Free: 194582K (36%)
----------------- Invoking toplevel() on ptolemy.moml.MoMLSimpleApplication@40517ed8
----------------- Done invoking toplevel() on ptolemy.moml.MoMLSimpleApplication@40517ed8
reloadAllAccessors: .ScaleArray

===========================================================================================
----------------- testing Sun Jun 21 14:50:39 UTC 2020 /home/travis/build/icyphy/ptII/ptolemy/actor/lib/test/auto/ScaleArray2.xml
----------------- Instantiating /home/travis/build/icyphy/ptII/ptolemy/actor/lib/test/auto/ScaleArray2.xml
1 ms. Memory: 533504K Free: 189972K (36%)
----------------- Invoking toplevel() on ptolemy.moml.MoMLSimpleApplication@474d4d0a
----------------- Done invoking toplevel() on ptolemy.moml.MoMLSimpleApplication@474d4d0a
reloadAllAccessors: .ScaleArray2

===========================================================================================
----------------- testing Sun Jun 21 14:50:39 UTC 2020 /home/travis/build/icyphy/ptII/ptolemy/actor/lib/test/auto/ScaleMatrix.xml
----------------- Instantiating /home/travis/build/icyphy/ptII/ptolemy/actor/lib/test/auto/ScaleMatrix.xml
194 ms. Memory: 533504K Free: 174612K (33%)
----------------- Invoking toplevel() on ptolemy.moml.MoMLSimpleApplication@20c1b655
----------------- Done invoking toplevel() on ptolemy.moml.MoMLSimpleApplication@20c1b655
reloadAllAccessors: .ScaleMatrix

===========================================================================================
----------------- testing Sun Jun 21 14:50:39 UTC 2020 /home/travis/build/icyphy/ptII/ptolemy/actor/lib/test/auto/Select.xml
----------------- Instantiating /home/travis/build/icyphy/ptII/ptolemy/actor/lib/test/auto/Select.xml
2 ms. Memory: 533504K Free: 478214K (90%)
----------------- Invoking toplevel() on ptolemy.moml.MoMLSimpleApplication@4f227092
----------------- Done invoking toplevel() on ptolemy.moml.MoMLSimpleApplication@4f227092
reloadAllAccessors: .Select

===========================================================================================
----------------- testing Sun Jun 21 14:50:39 UTC 2020 /home/travis/build/icyphy/ptII/ptolemy/actor/lib/test/auto/Select2.xml
----------------- Instantiating /home/travis/build/icyphy/ptII/ptolemy/actor/lib/test/auto/Select2.xml
1 ms. Memory: 533504K Free: 473108K (89%)
----------------- Invoking toplevel() on ptolemy.moml.MoMLSimpleApplication@2c675438
----------------- Done invoking toplevel() on ptolemy.moml.MoMLSimpleApplication@2c675438
reloadAllAccessors: .Select2

===========================================================================================
----------------- testing Sun Jun 21 14:50:39 UTC 2020 /home/travis/build/icyphy/ptII/ptolemy/actor/lib/test/auto/SequenceToArray2.xml
----------------- Instantiating /home/travis/build/icyphy/ptII/ptolemy/actor/lib/test/auto/SequenceToArray2.xml
98 ms. Memory: 533504K Free: 449046K (84%)
----------------- Invoking toplevel() on ptolemy.moml.MoMLSimpleApplication@3d5dbb5c
----------------- Done invoking toplevel() on ptolemy.moml.MoMLSimpleApplication@3d5dbb5c
reloadAllAccessors: .SequenceToArray2

===========================================================================================
----------------- testing Sun Jun 21 14:50:39 UTC 2020 /home/travis/build/icyphy/ptII/ptolemy/actor/lib/test/auto/SequentialClock.xml
----------------- Instantiating /home/travis/build/icyphy/ptII/ptolemy/actor/lib/test/auto/SequentialClock.xml
1 ms. Memory: 533504K Free: 444950K (83%)
----------------- Invoking toplevel() on ptolemy.moml.MoMLSimpleApplication@2a340650
----------------- Done invoking toplevel() on ptolemy.moml.MoMLSimpleApplication@2a340650
reloadAllAccessors: .SequentialClock

===========================================================================================
----------------- testing Sun Jun 21 14:50:39 UTC 2020 /home/travis/build/icyphy/ptII/ptolemy/actor/lib/test/auto/SetVariable.xml
----------------- Instantiating /home/travis/build/icyphy/ptII/ptolemy/actor/lib/test/auto/SetVariable.xml
3 ms. Memory: 533504K Free: 440340K (83%)
----------------- Invoking toplevel() on ptolemy.moml.MoMLSimpleApplication@2a9e0f07
----------------- Done invoking toplevel() on ptolemy.moml.MoMLSimpleApplication@2a9e0f07
reloadAllAccessors: .SetVariable

===========================================================================================
----------------- testing Sun Jun 21 14:50:39 UTC 2020 /home/travis/build/icyphy/ptII/ptolemy/actor/lib/test/auto/SetVariable2.xml
----------------- Instantiating /home/travis/build/icyphy/ptII/ptolemy/actor/lib/test/auto/SetVariable2.xml
3 ms. Memory: 533504K Free: 435220K (82%)
----------------- Invoking toplevel() on ptolemy.moml.MoMLSimpleApplication@49ce80ae
----------------- Done invoking toplevel() on ptolemy.moml.MoMLSimpleApplication@49ce80ae
reloadAllAccessors: .SetVariable2

===========================================================================================
----------------- testing Sun Jun 21 14:50:39 UTC 2020 /home/travis/build/icyphy/ptII/ptolemy/actor/lib/test/auto/SetVariable3.xml
----------------- Instantiating /home/travis/build/icyphy/ptII/ptolemy/actor/lib/test/auto/SetVariable3.xml
8 ms. Memory: 533504K Free: 430100K (81%)
----------------- Invoking toplevel() on ptolemy.moml.MoMLSimpleApplication@17215ea2
----------------- Done invoking toplevel() on ptolemy.moml.MoMLSimpleApplication@17215ea2
reloadAllAccessors: .SetVariable3

===========================================================================================
----------------- testing Sun Jun 21 14:50:39 UTC 2020 /home/travis/build/icyphy/ptII/ptolemy/actor/lib/test/auto/SetVariable4.xml
----------------- Instantiating /home/travis/build/icyphy/ptII/ptolemy/actor/lib/test/auto/SetVariable4.xml
17 ms. Memory: 533504K Free: 420374K (79%)
----------------- Invoking toplevel() on ptolemy.moml.MoMLSimpleApplication@43ea442b
----------------- Done invoking toplevel() on ptolemy.moml.MoMLSimpleApplication@43ea442b
reloadAllAccessors: .SetVariable4

===========================================================================================
----------------- testing Sun Jun 21 14:50:39 UTC 2020 /home/travis/build/icyphy/ptII/ptolemy/actor/lib/test/auto/SetVariable5.xml
----------------- Instantiating /home/travis/build/icyphy/ptII/ptolemy/actor/lib/test/auto/SetVariable5.xml
9 ms. Memory: 533504K Free: 411158K (77%)
----------------- Invoking toplevel() on ptolemy.moml.MoMLSimpleApplication@25b4cf7f
----------------- Done invoking toplevel() on ptolemy.moml.MoMLSimpleApplication@25b4cf7f
reloadAllAccessors: .SetVariable5

===========================================================================================
----------------- testing Sun Jun 21 14:50:39 UTC 2020 /home/travis/build/icyphy/ptII/ptolemy/actor/lib/test/auto/Sinewave.xml
----------------- Instantiating /home/travis/build/icyphy/ptII/ptolemy/actor/lib/test/auto/Sinewave.xml
4 ms. Memory: 533504K Free: 400404K (75%)
----------------- Invoking toplevel() on ptolemy.moml.MoMLSimpleApplication@223b3669
----------------- Done invoking toplevel() on ptolemy.moml.MoMLSimpleApplication@223b3669
reloadAllAccessors: .Sinewave

===========================================================================================
----------------- testing Sun Jun 21 14:50:39 UTC 2020 /home/travis/build/icyphy/ptII/ptolemy/actor/lib/test/auto/Sinewave2.xml
----------------- Instantiating /home/travis/build/icyphy/ptII/ptolemy/actor/lib/test/auto/Sinewave2.xml
17 ms. Memory: 533504K Free: 392212K (74%)
----------------- Invoking toplevel() on ptolemy.moml.MoMLSimpleApplication@2a60c46e
----------------- Done invoking toplevel() on ptolemy.moml.MoMLSimpleApplication@2a60c46e
reloadAllAccessors: .Sinewave2

===========================================================================================
----------------- testing Sun Jun 21 14:50:39 UTC 2020 /home/travis/build/icyphy/ptII/ptolemy/actor/lib/test/auto/Sinewave3.xml
----------------- Instantiating /home/travis/build/icyphy/ptII/ptolemy/actor/lib/test/auto/Sinewave3.xml
10 ms. Memory: 533504K Free: 383510K (72%)
----------------- Invoking toplevel() on ptolemy.moml.MoMLSimpleApplication@1ee96a2a
----------------- Done invoking toplevel() on ptolemy.moml.MoMLSimpleApplication@1ee96a2a
reloadAllAccessors: .Sinewave3

===========================================================================================
----------------- testing Sun Jun 21 14:50:39 UTC 2020 /home/travis/build/icyphy/ptII/ptolemy/actor/lib/test/auto/SingleEvent.xml
----------------- Instantiating /home/travis/build/icyphy/ptII/ptolemy/actor/lib/test/auto/SingleEvent.xml
1 ms. Memory: 533504K Free: 378900K (71%)
----------------- Invoking toplevel() on ptolemy.moml.MoMLSimpleApplication@73b0e694
----------------- Done invoking toplevel() on ptolemy.moml.MoMLSimpleApplication@73b0e694
reloadAllAccessors: .SingleEvent

===========================================================================================
----------------- testing Sun Jun 21 14:50:39 UTC 2020 /home/travis/build/icyphy/ptII/ptolemy/actor/lib/test/auto/Sleep.xml
----------------- Instantiating /home/travis/build/icyphy/ptII/ptolemy/actor/lib/test/auto/Sleep.xml
6003 ms. Memory: 533504K Free: 372756K (70%)
----------------- Invoking toplevel() on ptolemy.moml.MoMLSimpleApplication@76ff632f
----------------- Done invoking toplevel() on ptolemy.moml.MoMLSimpleApplication@76ff632f
reloadAllAccessors: .Sleep

===========================================================================================
----------------- testing Sun Jun 21 14:50:45 UTC 2020 /home/travis/build/icyphy/ptII/ptolemy/actor/lib/test/auto/SleepMultipleFire.xml
----------------- Instantiating /home/travis/build/icyphy/ptII/ptolemy/actor/lib/test/auto/SleepMultipleFire.xml
1007 ms. Memory: 533504K Free: 367126K (69%)
----------------- Invoking toplevel() on ptolemy.moml.MoMLSimpleApplication@148a0640
----------------- Done invoking toplevel() on ptolemy.moml.MoMLSimpleApplication@148a0640
reloadAllAccessors: .SleepMultipleFire

===========================================================================================
----------------- testing Sun Jun 21 14:50:46 UTC 2020 /home/travis/build/icyphy/ptII/ptolemy/actor/lib/test/auto/StopDE.xml
----------------- Instantiating /home/travis/build/icyphy/ptII/ptolemy/actor/lib/test/auto/StopDE.xml
2 ms. Memory: 533504K Free: 361492K (68%)
----------------- Invoking toplevel() on ptolemy.moml.MoMLSimpleApplication@e6e7aec
----------------- Done invoking toplevel() on ptolemy.moml.MoMLSimpleApplication@e6e7aec
reloadAllAccessors: .StopDE

===========================================================================================
----------------- testing Sun Jun 21 14:50:46 UTC 2020 /home/travis/build/icyphy/ptII/ptolemy/actor/lib/test/auto/StopSDF.xml
----------------- Instantiating /home/travis/build/icyphy/ptII/ptolemy/actor/lib/test/auto/StopSDF.xml
3 ms. Memory: 533504K Free: 356372K (67%)
----------------- Invoking toplevel() on ptolemy.moml.MoMLSimpleApplication@638704ae
----------------- Done invoking toplevel() on ptolemy.moml.MoMLSimpleApplication@638704ae
reloadAllAccessors: .StopSDF

===========================================================================================
----------------- testing Sun Jun 21 14:50:46 UTC 2020 /home/travis/build/icyphy/ptII/ptolemy/actor/lib/test/auto/StringConstant.xml
----------------- Instantiating /home/travis/build/icyphy/ptII/ptolemy/actor/lib/test/auto/StringConstant.xml
15 ms. Memory: 533504K Free: 352276K (66%)
----------------- Invoking toplevel() on ptolemy.moml.MoMLSimpleApplication@5f45ec38
----------------- Done invoking toplevel() on ptolemy.moml.MoMLSimpleApplication@5f45ec38
reloadAllAccessors: .StringConstant

===========================================================================================
----------------- testing Sun Jun 21 14:50:46 UTC 2020 /home/travis/build/icyphy/ptII/ptolemy/actor/lib/test/auto/SubscriberPortInitialValues1.xml
----------------- Instantiating /home/travis/build/icyphy/ptII/ptolemy/actor/lib/test/auto/SubscriberPortInitialValues1.xml
6 ms. Memory: 533504K Free: 343574K (64%)
----------------- Invoking toplevel() on ptolemy.moml.MoMLSimpleApplication@40cc42a3
----------------- Done invoking toplevel() on ptolemy.moml.MoMLSimpleApplication@40cc42a3
reloadAllAccessors: .SubscriberPortInitialValues1

===========================================================================================
----------------- testing Sun Jun 21 14:50:46 UTC 2020 /home/travis/build/icyphy/ptII/ptolemy/actor/lib/test/auto/SubscriberPortInitialValues13.xml
----------------- Instantiating /home/travis/build/icyphy/ptII/ptolemy/actor/lib/test/auto/SubscriberPortInitialValues13.xml
5 ms. Memory: 533504K Free: 330772K (62%)
----------------- Invoking toplevel() on ptolemy.moml.MoMLSimpleApplication@2fb38079
----------------- Done invoking toplevel() on ptolemy.moml.MoMLSimpleApplication@2fb38079
reloadAllAccessors: .SubscriberPortInitialValues13

===========================================================================================
----------------- testing Sun Jun 21 14:50:46 UTC 2020 /home/travis/build/icyphy/ptII/ptolemy/actor/lib/test/auto/SubscriberPortInitialValues14.xml
----------------- Instantiating /home/travis/build/icyphy/ptII/ptolemy/actor/lib/test/auto/SubscriberPortInitialValues14.xml
7 ms. Memory: 533504K Free: 323094K (61%)
----------------- Invoking toplevel() on ptolemy.moml.MoMLSimpleApplication@6aa6da25
----------------- Done invoking toplevel() on ptolemy.moml.MoMLSimpleApplication@6aa6da25
reloadAllAccessors: .SubscriberPortInitialValues14

===========================================================================================
----------------- testing Sun Jun 21 14:50:46 UTC 2020 /home/travis/build/icyphy/ptII/ptolemy/actor/lib/test/auto/SubscriberPortInitialValues2.xml
----------------- Instantiating /home/travis/build/icyphy/ptII/ptolemy/actor/lib/test/auto/SubscriberPortInitialValues2.xml
3 ms. Memory: 533504K Free: 314902K (59%)
----------------- Invoking toplevel() on ptolemy.moml.MoMLSimpleApplication@72659526
----------------- Done invoking toplevel() on ptolemy.moml.MoMLSimpleApplication@72659526
reloadAllAccessors: .SubscriberPortInitialValues2

===========================================================================================
----------------- testing Sun Jun 21 14:50:46 UTC 2020 /home/travis/build/icyphy/ptII/ptolemy/actor/lib/test/auto/SubscriberPortInitialValues3.xml
----------------- Instantiating /home/travis/build/icyphy/ptII/ptolemy/actor/lib/test/auto/SubscriberPortInitialValues3.xml
6 ms. Memory: 533504K Free: 303638K (57%)
----------------- Invoking toplevel() on ptolemy.moml.MoMLSimpleApplication@12391db6
----------------- Done invoking toplevel() on ptolemy.moml.MoMLSimpleApplication@12391db6
reloadAllAccessors: .SubscriberPortInitialValues3

===========================================================================================
----------------- testing Sun Jun 21 14:50:46 UTC 2020 /home/travis/build/icyphy/ptII/ptolemy/actor/lib/test/auto/SubscriptionAggregator.xml
----------------- Instantiating /home/travis/build/icyphy/ptII/ptolemy/actor/lib/test/auto/SubscriptionAggregator.xml
3 ms. Memory: 533504K Free: 296966K (56%)
----------------- Invoking toplevel() on ptolemy.moml.MoMLSimpleApplication@7a6afc3
----------------- Done invoking toplevel() on ptolemy.moml.MoMLSimpleApplication@7a6afc3
reloadAllAccessors: .SubscriptionAggregator

===========================================================================================
----------------- testing Sun Jun 21 14:50:46 UTC 2020 /home/travis/build/icyphy/ptII/ptolemy/actor/lib/test/auto/SubscriptionAggregator2.xml
----------------- Instantiating /home/travis/build/icyphy/ptII/ptolemy/actor/lib/test/auto/SubscriptionAggregator2.xml
2 ms. Memory: 533504K Free: 290326K (54%)
----------------- Invoking toplevel() on ptolemy.moml.MoMLSimpleApplication@55e6ca0c
----------------- Done invoking toplevel() on ptolemy.moml.MoMLSimpleApplication@55e6ca0c
reloadAllAccessors: .SubscriptionAggregator2

===========================================================================================
----------------- testing Sun Jun 21 14:50:46 UTC 2020 /home/travis/build/icyphy/ptII/ptolemy/actor/lib/test/auto/SubscriptionAggregator3.xml
----------------- Instantiating /home/travis/build/icyphy/ptII/ptolemy/actor/lib/test/auto/SubscriptionAggregator3.xml
5 ms. Memory: 533504K Free: 281614K (53%)
----------------- Invoking toplevel() on ptolemy.moml.MoMLSimpleApplication@73d735eb
----------------- Done invoking toplevel() on ptolemy.moml.MoMLSimpleApplication@73d735eb
reloadAllAccessors: .SubscriptionAggregator3

===========================================================================================
----------------- testing Sun Jun 21 14:50:46 UTC 2020 /home/travis/build/icyphy/ptII/ptolemy/actor/lib/test/auto/SubscriptionAggregatorMultiply.xml
----------------- Instantiating /home/travis/build/icyphy/ptII/ptolemy/actor/lib/test/auto/SubscriptionAggregatorMultiply.xml
3 ms. Memory: 533504K Free: 272918K (51%)
----------------- Invoking toplevel() on ptolemy.moml.MoMLSimpleApplication@6a466deb
----------------- Done invoking toplevel() on ptolemy.moml.MoMLSimpleApplication@6a466deb
reloadAllAccessors: .SubscriptionAggregatorMultiply

===========================================================================================
----------------- testing Sun Jun 21 14:50:47 UTC 2020 /home/travis/build/icyphy/ptII/ptolemy/actor/lib/test/auto/SubscriptionAggregatorPortMultiply1.xml
----------------- Instantiating /home/travis/build/icyphy/ptII/ptolemy/actor/lib/test/auto/SubscriptionAggregatorPortMultiply1.xml
4 ms. Memory: 533504K Free: 265236K (50%)
----------------- Invoking toplevel() on ptolemy.moml.MoMLSimpleApplication@5410f3ba
----------------- Done invoking toplevel() on ptolemy.moml.MoMLSimpleApplication@5410f3ba
reloadAllAccessors: .SubscriptionAggregatorPortMultiply1

===========================================================================================
----------------- testing Sun Jun 21 14:50:47 UTC 2020 /home/travis/build/icyphy/ptII/ptolemy/actor/lib/test/auto/Switch.xml
----------------- Instantiating /home/travis/build/icyphy/ptII/ptolemy/actor/lib/test/auto/Switch.xml
8 ms. Memory: 533504K Free: 256534K (48%)
----------------- Invoking toplevel() on ptolemy.moml.MoMLSimpleApplication@7941e5b4
----------------- Done invoking toplevel() on ptolemy.moml.MoMLSimpleApplication@7941e5b4
reloadAllAccessors: .Switch

===========================================================================================
----------------- testing Sun Jun 21 14:50:47 UTC 2020 /home/travis/build/icyphy/ptII/ptolemy/actor/lib/test/auto/Switch2.xml
----------------- Instantiating /home/travis/build/icyphy/ptII/ptolemy/actor/lib/test/auto/Switch2.xml
1 ms. Memory: 533504K Free: 251924K (47%)
----------------- Invoking toplevel() on ptolemy.moml.MoMLSimpleApplication@7bebb20e
----------------- Done invoking toplevel() on ptolemy.moml.MoMLSimpleApplication@7bebb20e
reloadAllAccessors: .Switch2

===========================================================================================
----------------- testing Sun Jun 21 14:50:47 UTC 2020 /home/travis/build/icyphy/ptII/ptolemy/actor/lib/test/auto/SwitchDE.xml
----------------- Instantiating /home/travis/build/icyphy/ptII/ptolemy/actor/lib/test/auto/SwitchDE.xml
4 ms. Memory: 533504K Free: 245750K (46%)
----------------- Invoking toplevel() on ptolemy.moml.MoMLSimpleApplication@42d0435c
----------------- Done invoking toplevel() on ptolemy.moml.MoMLSimpleApplication@42d0435c
reloadAllAccessors: .SwitchDE

===========================================================================================
----------------- testing Sun Jun 21 14:50:47 UTC 2020 /home/travis/build/icyphy/ptII/ptolemy/actor/lib/test/auto/SynchronizerDE.xml
----------------- Instantiating /home/travis/build/icyphy/ptII/ptolemy/actor/lib/test/auto/SynchronizerDE.xml
7 ms. Memory: 533504K Free: 237582K (45%)
----------------- Invoking toplevel() on ptolemy.moml.MoMLSimpleApplication@43aa4d11
----------------- Done invoking toplevel() on ptolemy.moml.MoMLSimpleApplication@43aa4d11
reloadAllAccessors: .SynchronizerDE

===========================================================================================
----------------- testing Sun Jun 21 14:50:47 UTC 2020 /home/travis/build/icyphy/ptII/ptolemy/actor/lib/test/auto/Test.xml
----------------- Instantiating /home/travis/build/icyphy/ptII/ptolemy/actor/lib/test/auto/Test.xml
2 ms. Memory: 533504K Free: 232438K (44%)
----------------- Invoking toplevel() on ptolemy.moml.MoMLSimpleApplication@607be3f5
----------------- Done invoking toplevel() on ptolemy.moml.MoMLSimpleApplication@607be3f5
reloadAllAccessors: .Test

===========================================================================================
----------------- testing Sun Jun 21 14:50:47 UTC 2020 /home/travis/build/icyphy/ptII/ptolemy/actor/lib/test/auto/TestExceptionAttribute1.xml
----------------- Instantiating /home/travis/build/icyphy/ptII/ptolemy/actor/lib/test/auto/TestExceptionAttribute1.xml
2 ms. Memory: 533504K Free: 228372K (43%)
----------------- Invoking toplevel() on ptolemy.moml.MoMLSimpleApplication@50943fcd
----------------- Done invoking toplevel() on ptolemy.moml.MoMLSimpleApplication@50943fcd
reloadAllAccessors: .TestExceptionAttribute1

===========================================================================================
----------------- testing Sun Jun 21 14:50:47 UTC 2020 /home/travis/build/icyphy/ptII/ptolemy/actor/lib/test/auto/TestExceptionAttribute2.xml
----------------- Instantiating /home/travis/build/icyphy/ptII/ptolemy/actor/lib/test/auto/TestExceptionAttribute2.xml
2 ms. Memory: 533504K Free: 224790K (42%)
----------------- Invoking toplevel() on ptolemy.moml.MoMLSimpleApplication@46da61e3
----------------- Done invoking toplevel() on ptolemy.moml.MoMLSimpleApplication@46da61e3
reloadAllAccessors: .TestExceptionAttribute2

===========================================================================================
----------------- testing Sun Jun 21 14:50:47 UTC 2020 /home/travis/build/icyphy/ptII/ptolemy/actor/lib/test/auto/TestExceptionAttribute3.xml
----------------- Instantiating /home/travis/build/icyphy/ptII/ptolemy/actor/lib/test/auto/TestExceptionAttribute3.xml
.TestExceptionAttribute3.TestExceptionAttribute: initialize() was not invoked, but wrapup() was.  This is unusual, but not always a problem.  For example, exporting JNLP will do this.
0 ms. Memory: 533504K Free: 221204K (41%)
----------------- Invoking toplevel() on ptolemy.moml.MoMLSimpleApplication@4bc392bd
----------------- Done invoking toplevel() on ptolemy.moml.MoMLSimpleApplication@4bc392bd
reloadAllAccessors: .TestExceptionAttribute3

===========================================================================================
----------------- testing Sun Jun 21 14:50:47 UTC 2020 /home/travis/build/icyphy/ptII/ptolemy/actor/lib/test/auto/TestExceptionAttribute4.xml
----------------- Instantiating /home/travis/build/icyphy/ptII/ptolemy/actor/lib/test/auto/TestExceptionAttribute4.xml
.TestExceptionAttribute4.TestExceptionAttribute: initialize() was not invoked, but wrapup() was.  This is unusual, but not always a problem.  For example, exporting JNLP will do this.
.TestExceptionAttribute4.TestExceptionAttribute2: initialize() was not invoked, but wrapup() was.  This is unusual, but not always a problem.  For example, exporting JNLP will do this.
0 ms. Memory: 533504K Free: 217108K (41%)
----------------- Invoking toplevel() on ptolemy.moml.MoMLSimpleApplication@3eff5440
----------------- Done invoking toplevel() on ptolemy.moml.MoMLSimpleApplication@3eff5440
reloadAllAccessors: .TestExceptionAttribute4

===========================================================================================
----------------- testing Sun Jun 21 14:50:47 UTC 2020 /home/travis/build/icyphy/ptII/ptolemy/actor/lib/test/auto/TestExceptionHandler1.xml
----------------- Instantiating /home/travis/build/icyphy/ptII/ptolemy/actor/lib/test/auto/TestExceptionHandler1.xml
1 ms. Memory: 533504K Free: 213526K (40%)
----------------- Invoking toplevel() on ptolemy.moml.MoMLSimpleApplication@55baa126
----------------- Done invoking toplevel() on ptolemy.moml.MoMLSimpleApplication@55baa126
reloadAllAccessors: .TestExceptionHandler1

===========================================================================================
----------------- testing Sun Jun 21 14:50:47 UTC 2020 /home/travis/build/icyphy/ptII/ptolemy/actor/lib/test/auto/TestExceptionHandler2.xml
----------------- Instantiating /home/travis/build/icyphy/ptII/ptolemy/actor/lib/test/auto/TestExceptionHandler2.xml
1 ms. Memory: 533504K Free: 209940K (39%)
----------------- Invoking toplevel() on ptolemy.moml.MoMLSimpleApplication@6d8805b9
----------------- Done invoking toplevel() on ptolemy.moml.MoMLSimpleApplication@6d8805b9
reloadAllAccessors: .TestExceptionHandler2

===========================================================================================
----------------- testing Sun Jun 21 14:50:47 UTC 2020 /home/travis/build/icyphy/ptII/ptolemy/actor/lib/test/auto/TestExceptionHandler3.xml
----------------- Instantiating /home/travis/build/icyphy/ptII/ptolemy/actor/lib/test/auto/TestExceptionHandler3.xml
1 ms. Memory: 533504K Free: 206358K (39%)
----------------- Invoking toplevel() on ptolemy.moml.MoMLSimpleApplication@bb66eb0
----------------- Done invoking toplevel() on ptolemy.moml.MoMLSimpleApplication@bb66eb0
reloadAllAccessors: .TestExceptionHandler3

===========================================================================================
----------------- testing Sun Jun 21 14:50:47 UTC 2020 /home/travis/build/icyphy/ptII/ptolemy/actor/lib/test/auto/TestExceptionHandler4.xml
----------------- Instantiating /home/travis/build/icyphy/ptII/ptolemy/actor/lib/test/auto/TestExceptionHandler4.xml
1 ms. Memory: 533504K Free: 202262K (38%)
----------------- Invoking toplevel() on ptolemy.moml.MoMLSimpleApplication@706c4a65
----------------- Done invoking toplevel() on ptolemy.moml.MoMLSimpleApplication@706c4a65
reloadAllAccessors: .TestExceptionHandler4

===========================================================================================
----------------- testing Sun Jun 21 14:50:47 UTC 2020 /home/travis/build/icyphy/ptII/ptolemy/actor/lib/test/auto/TestRequireCorrectOrder.xml
----------------- Instantiating /home/travis/build/icyphy/ptII/ptolemy/actor/lib/test/auto/TestRequireCorrectOrder.xml
1 ms. Memory: 533504K Free: 197142K (37%)
----------------- Invoking toplevel() on ptolemy.moml.MoMLSimpleApplication@6b663e9
----------------- Done invoking toplevel() on ptolemy.moml.MoMLSimpleApplication@6b663e9
reloadAllAccessors: .TestRequireCorrectOrder

===========================================================================================
----------------- testing Sun Jun 21 14:50:47 UTC 2020 /home/travis/build/icyphy/ptII/ptolemy/actor/lib/test/auto/TestSimple.xml
----------------- Instantiating /home/travis/build/icyphy/ptII/ptolemy/actor/lib/test/auto/TestSimple.xml
2 ms. Memory: 533504K Free: 192532K (36%)
----------------- Invoking toplevel() on ptolemy.moml.MoMLSimpleApplication@43ee4ad9
----------------- Done invoking toplevel() on ptolemy.moml.MoMLSimpleApplication@43ee4ad9
reloadAllAccessors: .TestSimple

===========================================================================================
----------------- testing Sun Jun 21 14:50:47 UTC 2020 /home/travis/build/icyphy/ptII/ptolemy/actor/lib/test/auto/ThrowModelError.xml
----------------- Instantiating /home/travis/build/icyphy/ptII/ptolemy/actor/lib/test/auto/ThrowModelError.xml
2 ms. Memory: 533504K Free: 187926K (35%)
----------------- Invoking toplevel() on ptolemy.moml.MoMLSimpleApplication@1297d75d
----------------- Done invoking toplevel() on ptolemy.moml.MoMLSimpleApplication@1297d75d
reloadAllAccessors: .ThrowModelError

===========================================================================================
----------------- testing Sun Jun 21 14:50:47 UTC 2020 /home/travis/build/icyphy/ptII/ptolemy/actor/lib/test/auto/TimeDelayMicrosteps.xml
----------------- Instantiating /home/travis/build/icyphy/ptII/ptolemy/actor/lib/test/auto/TimeDelayMicrosteps.xml
4 ms. Memory: 533504K Free: 181254K (34%)
----------------- Invoking toplevel() on ptolemy.moml.MoMLSimpleApplication@4297a51d
----------------- Done invoking toplevel() on ptolemy.moml.MoMLSimpleApplication@4297a51d
reloadAllAccessors: .TimeDelayMicrosteps

===========================================================================================
----------------- testing Sun Jun 21 14:50:47 UTC 2020 /home/travis/build/icyphy/ptII/ptolemy/actor/lib/test/auto/TimeDelayMicrosteps2.xml
----------------- Instantiating /home/travis/build/icyphy/ptII/ptolemy/actor/lib/test/auto/TimeDelayMicrosteps2.xml
4 ms. Memory: 533504K Free: 174086K (33%)
----------------- Invoking toplevel() on ptolemy.moml.MoMLSimpleApplication@446ea1df
----------------- Done invoking toplevel() on ptolemy.moml.MoMLSimpleApplication@446ea1df
reloadAllAccessors: .TimeDelayMicrosteps2

===========================================================================================
----------------- testing Sun Jun 21 14:50:47 UTC 2020 /home/travis/build/icyphy/ptII/ptolemy/actor/lib/test/auto/TimeDelayMicrosteps3.xml
----------------- Instantiating /home/travis/build/icyphy/ptII/ptolemy/actor/lib/test/auto/TimeDelayMicrosteps3.xml
3 ms. Memory: 533504K Free: 476694K (89%)
----------------- Invoking toplevel() on ptolemy.moml.MoMLSimpleApplication@664c8b24
----------------- Done invoking toplevel() on ptolemy.moml.MoMLSimpleApplication@664c8b24
reloadAllAccessors: .TimeDelayMicrosteps3

===========================================================================================
----------------- testing Sun Jun 21 14:50:47 UTC 2020 /home/travis/build/icyphy/ptII/ptolemy/actor/lib/test/auto/TimeDelayVariableMicrosteps.xml
----------------- Instantiating /home/travis/build/icyphy/ptII/ptolemy/actor/lib/test/auto/TimeDelayVariableMicrosteps.xml
3 ms. Memory: 533504K Free: 469526K (88%)
----------------- Invoking toplevel() on ptolemy.moml.MoMLSimpleApplication@572f741b
----------------- Done invoking toplevel() on ptolemy.moml.MoMLSimpleApplication@572f741b
reloadAllAccessors: .TimeDelayVariableMicrosteps

===========================================================================================
----------------- testing Sun Jun 21 14:50:47 UTC 2020 /home/travis/build/icyphy/ptII/ptolemy/actor/lib/test/auto/TimeGap.xml
----------------- Instantiating /home/travis/build/icyphy/ptII/ptolemy/actor/lib/test/auto/TimeGap.xml
4 ms. Memory: 533504K Free: 464406K (87%)
----------------- Invoking toplevel() on ptolemy.moml.MoMLSimpleApplication@59aa6223
----------------- Done invoking toplevel() on ptolemy.moml.MoMLSimpleApplication@59aa6223
reloadAllAccessors: .TimeGap

===========================================================================================
----------------- testing Sun Jun 21 14:50:47 UTC 2020 /home/travis/build/icyphy/ptII/ptolemy/actor/lib/test/auto/TimeGap2.xml
----------------- Instantiating /home/travis/build/icyphy/ptII/ptolemy/actor/lib/test/auto/TimeGap2.xml
2 ms. Memory: 533504K Free: 458758K (86%)
----------------- Invoking toplevel() on ptolemy.moml.MoMLSimpleApplication@13c66516
----------------- Done invoking toplevel() on ptolemy.moml.MoMLSimpleApplication@13c66516
reloadAllAccessors: .TimeGap2

===========================================================================================
----------------- testing Sun Jun 21 14:50:47 UTC 2020 /home/travis/build/icyphy/ptII/ptolemy/actor/lib/test/auto/TimedSinewave.xml
----------------- Instantiating /home/travis/build/icyphy/ptII/ptolemy/actor/lib/test/auto/TimedSinewave.xml
23 ms. Memory: 533504K Free: 444950K (83%)
----------------- Invoking toplevel() on ptolemy.moml.MoMLSimpleApplication@3074f9f1
----------------- Done invoking toplevel() on ptolemy.moml.MoMLSimpleApplication@3074f9f1
reloadAllAccessors: .TimedSinewave

===========================================================================================
----------------- testing Sun Jun 21 14:50:47 UTC 2020 /home/travis/build/icyphy/ptII/ptolemy/actor/lib/test/auto/TimedSinewavePhase.xml
----------------- Instantiating /home/travis/build/icyphy/ptII/ptolemy/actor/lib/test/auto/TimedSinewavePhase.xml
8 ms. Memory: 533504K Free: 435220K (82%)
----------------- Invoking toplevel() on ptolemy.moml.MoMLSimpleApplication@2035e3fc
----------------- Done invoking toplevel() on ptolemy.moml.MoMLSimpleApplication@2035e3fc
reloadAllAccessors: .TimedSinewavePhase

===========================================================================================
----------------- testing Sun Jun 21 14:50:47 UTC 2020 /home/travis/build/icyphy/ptII/ptolemy/actor/lib/test/auto/Timer.xml
----------------- Instantiating /home/travis/build/icyphy/ptII/ptolemy/actor/lib/test/auto/Timer.xml
2 ms. Memory: 533504K Free: 429590K (81%)
----------------- Invoking toplevel() on ptolemy.moml.MoMLSimpleApplication@42cb92d0
----------------- Done invoking toplevel() on ptolemy.moml.MoMLSimpleApplication@42cb92d0
reloadAllAccessors: .Timer

===========================================================================================
----------------- testing Sun Jun 21 14:50:47 UTC 2020 /home/travis/build/icyphy/ptII/ptolemy/actor/lib/test/auto/TriangularDistTestModel.xml
----------------- Instantiating /home/travis/build/icyphy/ptII/ptolemy/actor/lib/test/auto/TriangularDistTestModel.xml
2 ms. Memory: 533504K Free: 423926K (79%)
----------------- Invoking toplevel() on ptolemy.moml.MoMLSimpleApplication@77b6a437
----------------- Done invoking toplevel() on ptolemy.moml.MoMLSimpleApplication@77b6a437
reloadAllAccessors: .TriangularDistTestModel

===========================================================================================
----------------- testing Sun Jun 21 14:50:47 UTC 2020 /home/travis/build/icyphy/ptII/ptolemy/actor/lib/test/auto/TrigFunction.xml
----------------- Instantiating /home/travis/build/icyphy/ptII/ptolemy/actor/lib/test/auto/TrigFunction.xml
2 ms. Memory: 533504K Free: 418836K (79%)
----------------- Invoking toplevel() on ptolemy.moml.MoMLSimpleApplication@5d14c428
----------------- Done invoking toplevel() on ptolemy.moml.MoMLSimpleApplication@5d14c428
reloadAllAccessors: .TrigFunction

===========================================================================================
----------------- testing Sun Jun 21 14:50:47 UTC 2020 /home/travis/build/icyphy/ptII/ptolemy/actor/lib/test/auto/TrigFunctionDE.xml
----------------- Instantiating /home/travis/build/icyphy/ptII/ptolemy/actor/lib/test/auto/TrigFunctionDE.xml
1 ms. Memory: 533504K Free: 413206K (77%)
----------------- Invoking toplevel() on ptolemy.moml.MoMLSimpleApplication@5821343a
----------------- Done invoking toplevel() on ptolemy.moml.MoMLSimpleApplication@5821343a
reloadAllAccessors: .TrigFunctionDE

===========================================================================================
----------------- testing Sun Jun 21 14:50:47 UTC 2020 /home/travis/build/icyphy/ptII/ptolemy/actor/lib/test/auto/TrigFunctionInverse.xml
----------------- Instantiating /home/travis/build/icyphy/ptII/ptolemy/actor/lib/test/auto/TrigFunctionInverse.xml
2 ms. Memory: 533504K Free: 407062K (76%)
----------------- Invoking toplevel() on ptolemy.moml.MoMLSimpleApplication@e42900a
----------------- Done invoking toplevel() on ptolemy.moml.MoMLSimpleApplication@e42900a
reloadAllAccessors: .TrigFunctionInverse

===========================================================================================
----------------- testing Sun Jun 21 14:50:47 UTC 2020 /home/travis/build/icyphy/ptII/ptolemy/actor/lib/test/auto/TrigFunctionTan.xml
----------------- Instantiating /home/travis/build/icyphy/ptII/ptolemy/actor/lib/test/auto/TrigFunctionTan.xml
1 ms. Memory: 533504K Free: 402966K (76%)
----------------- Invoking toplevel() on ptolemy.moml.MoMLSimpleApplication@47b286c
----------------- Done invoking toplevel() on ptolemy.moml.MoMLSimpleApplication@47b286c
reloadAllAccessors: .TrigFunctionTan

===========================================================================================
----------------- testing Sun Jun 21 14:50:47 UTC 2020 /home/travis/build/icyphy/ptII/ptolemy/actor/lib/test/auto/TriggeredClock.xml
----------------- Instantiating /home/travis/build/icyphy/ptII/ptolemy/actor/lib/test/auto/TriggeredClock.xml
2 ms. Memory: 533504K Free: 397846K (75%)
----------------- Invoking toplevel() on ptolemy.moml.MoMLSimpleApplication@6dc14a6e
----------------- Done invoking toplevel() on ptolemy.moml.MoMLSimpleApplication@6dc14a6e
reloadAllAccessors: .TriggeredClock

===========================================================================================
----------------- testing Sun Jun 21 14:50:47 UTC 2020 /home/travis/build/icyphy/ptII/ptolemy/actor/lib/test/auto/URLDirectoryReader.xml
----------------- Instantiating /home/travis/build/icyphy/ptII/ptolemy/actor/lib/test/auto/URLDirectoryReader.xml
30 ms. Memory: 533504K Free: 388630K (73%)
----------------- Invoking toplevel() on ptolemy.moml.MoMLSimpleApplication@28bf7327
----------------- Done invoking toplevel() on ptolemy.moml.MoMLSimpleApplication@28bf7327
reloadAllAccessors: .URLDirectoryReader

===========================================================================================
----------------- testing Sun Jun 21 14:50:47 UTC 2020 /home/travis/build/icyphy/ptII/ptolemy/actor/lib/test/auto/URLDirectoryReader3.xml
----------------- Instantiating /home/travis/build/icyphy/ptII/ptolemy/actor/lib/test/auto/URLDirectoryReader3.xml
1439 ms. Memory: 533504K Free: 471254K (88%)
----------------- Invoking toplevel() on ptolemy.moml.MoMLSimpleApplication@5d364820
----------------- Done invoking toplevel() on ptolemy.moml.MoMLSimpleApplication@5d364820
reloadAllAccessors: .URLDirectoryReader3

===========================================================================================
----------------- testing Sun Jun 21 14:50:49 UTC 2020 /home/travis/build/icyphy/ptII/ptolemy/actor/lib/test/auto/UnaryMathFunction.xml
----------------- Instantiating /home/travis/build/icyphy/ptII/ptolemy/actor/lib/test/auto/UnaryMathFunction.xml
3 ms. Memory: 533504K Free: 463069K (87%)
----------------- Invoking toplevel() on ptolemy.moml.MoMLSimpleApplication@3330e1e1
----------------- Done invoking toplevel() on ptolemy.moml.MoMLSimpleApplication@3330e1e1
reloadAllAccessors: .UnaryMathFunction

===========================================================================================
----------------- testing Sun Jun 21 14:50:49 UTC 2020 /home/travis/build/icyphy/ptII/ptolemy/actor/lib/test/auto/Uniform.xml
----------------- Instantiating /home/travis/build/icyphy/ptII/ptolemy/actor/lib/test/auto/Uniform.xml
4 ms. Memory: 533504K Free: 458463K (86%)
----------------- Invoking toplevel() on ptolemy.moml.MoMLSimpleApplication@31bd31dd
----------------- Done invoking toplevel() on ptolemy.moml.MoMLSimpleApplication@31bd31dd
reloadAllAccessors: .Uniform

===========================================================================================
----------------- testing Sun Jun 21 14:50:49 UTC 2020 /home/travis/build/icyphy/ptII/ptolemy/actor/lib/test/auto/UnionDisassemblerTest.xml
----------------- Instantiating /home/travis/build/icyphy/ptII/ptolemy/actor/lib/test/auto/UnionDisassemblerTest.xml
15 ms. Memory: 533504K Free: 454870K (85%)
----------------- Invoking toplevel() on ptolemy.moml.MoMLSimpleApplication@1e0fc0f3
----------------- Done invoking toplevel() on ptolemy.moml.MoMLSimpleApplication@1e0fc0f3
reloadAllAccessors: .UnionDisassemblerTest

===========================================================================================
----------------- testing Sun Jun 21 14:50:49 UTC 2020 /home/travis/build/icyphy/ptII/ptolemy/actor/lib/test/auto/UtilityFunctions.xml
----------------- Instantiating /home/travis/build/icyphy/ptII/ptolemy/actor/lib/test/auto/UtilityFunctions.xml
1 ms. Memory: 533504K Free: 450781K (84%)
----------------- Invoking toplevel() on ptolemy.moml.MoMLSimpleApplication@54111ec3
----------------- Done invoking toplevel() on ptolemy.moml.MoMLSimpleApplication@54111ec3
reloadAllAccessors: .UtilityFunctions

===========================================================================================
----------------- testing Sun Jun 21 14:50:49 UTC 2020 /home/travis/build/icyphy/ptII/ptolemy/actor/lib/test/auto/VariableSleep.xml
----------------- Instantiating /home/travis/build/icyphy/ptII/ptolemy/actor/lib/test/auto/VariableSleep.xml
503 ms. Memory: 533504K Free: 445661K (84%)
----------------- Invoking toplevel() on ptolemy.moml.MoMLSimpleApplication@7e2a53d4
----------------- Done invoking toplevel() on ptolemy.moml.MoMLSimpleApplication@7e2a53d4
reloadAllAccessors: .VariableSleep

===========================================================================================
----------------- testing Sun Jun 21 14:50:50 UTC 2020 /home/travis/build/icyphy/ptII/ptolemy/actor/lib/test/auto/VectorAssemblerDisassemblerCT.xml
----------------- Instantiating /home/travis/build/icyphy/ptII/ptolemy/actor/lib/test/auto/VectorAssemblerDisassemblerCT.xml
65 ms. Memory: 533504K Free: 425181K (80%)
----------------- Invoking toplevel() on ptolemy.moml.MoMLSimpleApplication@5476a07b
----------------- Done invoking toplevel() on ptolemy.moml.MoMLSimpleApplication@5476a07b
reloadAllAccessors: .VectorAssemblerDisassemblerCT

===========================================================================================
----------------- testing Sun Jun 21 14:50:50 UTC 2020 /home/travis/build/icyphy/ptII/ptolemy/actor/lib/test/auto/VectorAssemblerDisassemblerDE.xml
----------------- Instantiating /home/travis/build/icyphy/ptII/ptolemy/actor/lib/test/auto/VectorAssemblerDisassemblerDE.xml
9 ms. Memory: 533504K Free: 418013K (78%)
----------------- Invoking toplevel() on ptolemy.moml.MoMLSimpleApplication@3a2af086
----------------- Done invoking toplevel() on ptolemy.moml.MoMLSimpleApplication@3a2af086
reloadAllAccessors: .VectorAssemblerDisassemblerDE

===========================================================================================
----------------- testing Sun Jun 21 14:50:50 UTC 2020 /home/travis/build/icyphy/ptII/ptolemy/actor/lib/test/auto/VectorAssemblerDisassemblerSDF.xml
----------------- Instantiating /home/travis/build/icyphy/ptII/ptolemy/actor/lib/test/auto/VectorAssemblerDisassemblerSDF.xml
2 ms. Memory: 533504K Free: 411359K (77%)
----------------- Invoking toplevel() on ptolemy.moml.MoMLSimpleApplication@24b2965f
----------------- Done invoking toplevel() on ptolemy.moml.MoMLSimpleApplication@24b2965f
reloadAllAccessors: .VectorAssemblerDisassemblerSDF

===========================================================================================
----------------- testing Sun Jun 21 14:50:50 UTC 2020 /home/travis/build/icyphy/ptII/ptolemy/actor/lib/test/auto/WallClockTime.xml
----------------- Instantiating /home/travis/build/icyphy/ptII/ptolemy/actor/lib/test/auto/WallClockTime.xml
1004 ms. Memory: 533504K Free: 406239K (76%)
----------------- Invoking toplevel() on ptolemy.moml.MoMLSimpleApplication@14fed1a0
----------------- Done invoking toplevel() on ptolemy.moml.MoMLSimpleApplication@14fed1a0
reloadAllAccessors: .WallClockTime

===========================================================================================
----------------- testing Sun Jun 21 14:50:51 UTC 2020 /home/travis/build/icyphy/ptII/ptolemy/actor/lib/test/auto/WidthTestWithSubscriberPublisher.xml
----------------- Instantiating /home/travis/build/icyphy/ptII/ptolemy/actor/lib/test/auto/WidthTestWithSubscriberPublisher.xml
7 ms. Memory: 533504K Free: 388317K (73%)
----------------- Invoking toplevel() on ptolemy.moml.MoMLSimpleApplication@7b0cfde9
----------------- Done invoking toplevel() on ptolemy.moml.MoMLSimpleApplication@7b0cfde9
reloadAllAccessors: .WidthTestWithSubscriberPublisher

===========================================================================================
----------------- testing Sun Jun 21 14:50:51 UTC 2020 /home/travis/build/icyphy/ptII/ptolemy/actor/lib/test/auto/WidthTestWithSubscriberPublisher2.xml
----------------- Instantiating /home/travis/build/icyphy/ptII/ptolemy/actor/lib/test/auto/WidthTestWithSubscriberPublisher2.xml
2 ms. Memory: 533504K Free: 381663K (72%)
----------------- Invoking toplevel() on ptolemy.moml.MoMLSimpleApplication@5f094f47
----------------- Done invoking toplevel() on ptolemy.moml.MoMLSimpleApplication@5f094f47
reloadAllAccessors: .WidthTestWithSubscriberPublisher2

===========================================================================================
----------------- testing Sun Jun 21 14:50:51 UTC 2020 /home/travis/build/icyphy/ptII/ptolemy/actor/lib/test/auto/WidthTestWithSubscriberPublisher3.xml
----------------- Instantiating /home/travis/build/icyphy/ptII/ptolemy/actor/lib/test/auto/WidthTestWithSubscriberPublisher3.xml
2 ms. Memory: 533504K Free: 376029K (70%)
----------------- Invoking toplevel() on ptolemy.moml.MoMLSimpleApplication@5e048f10
----------------- Done invoking toplevel() on ptolemy.moml.MoMLSimpleApplication@5e048f10
reloadAllAccessors: .WidthTestWithSubscriberPublisher3

===========================================================================================
----------------- testing Sun Jun 21 14:50:51 UTC 2020 /home/travis/build/icyphy/ptII/ptolemy/actor/lib/test/auto/Writer.xml
----------------- Instantiating /home/travis/build/icyphy/ptII/ptolemy/actor/lib/test/auto/Writer.xml
0
1
2
3
4
1 ms. Memory: 533504K Free: 371926K (70%)
----------------- Invoking toplevel() on ptolemy.moml.MoMLSimpleApplication@2dcb00b7
----------------- Done invoking toplevel() on ptolemy.moml.MoMLSimpleApplication@2dcb00b7
reloadAllAccessors: .Writer

===========================================================================================
----------------- testing Sun Jun 21 14:50:51 UTC 2020 /home/travis/build/icyphy/ptII/ptolemy/actor/lib/test/auto/array.xml
----------------- Instantiating /home/travis/build/icyphy/ptII/ptolemy/actor/lib/test/auto/array.xml
2 ms. Memory: 533504K Free: 367327K (69%)
----------------- Invoking toplevel() on ptolemy.moml.MoMLSimpleApplication@1abe2f87
----------------- Done invoking toplevel() on ptolemy.moml.MoMLSimpleApplication@1abe2f87
reloadAllAccessors: .array

===========================================================================================
----------------- testing Sun Jun 21 14:50:51 UTC 2020 /home/travis/build/icyphy/ptII/ptolemy/actor/lib/test/auto/array2.xml
----------------- Instantiating /home/travis/build/icyphy/ptII/ptolemy/actor/lib/test/auto/array2.xml
4 ms. Memory: 533504K Free: 362702K (68%)
----------------- Invoking toplevel() on ptolemy.moml.MoMLSimpleApplication@2676654d
----------------- Done invoking toplevel() on ptolemy.moml.MoMLSimpleApplication@2676654d
reloadAllAccessors: .array2

===========================================================================================
----------------- testing Sun Jun 21 14:50:51 UTC 2020 /home/travis/build/icyphy/ptII/ptolemy/actor/lib/test/auto/arrayType.xml
----------------- Instantiating /home/travis/build/icyphy/ptII/ptolemy/actor/lib/test/auto/arrayType.xml
2 ms. Memory: 533504K Free: 357087K (67%)
----------------- Invoking toplevel() on ptolemy.moml.MoMLSimpleApplication@11de2875
----------------- Done invoking toplevel() on ptolemy.moml.MoMLSimpleApplication@11de2875
reloadAllAccessors: .arrayType

===========================================================================================
----------------- testing Sun Jun 21 14:50:51 UTC 2020 /home/travis/build/icyphy/ptII/ptolemy/actor/lib/test/auto/arrayType10.xml
----------------- Instantiating /home/travis/build/icyphy/ptII/ptolemy/actor/lib/test/auto/arrayType10.xml
1 ms. Memory: 533504K Free: 352477K (66%)
----------------- Invoking toplevel() on ptolemy.moml.MoMLSimpleApplication@255fe86c
----------------- Done invoking toplevel() on ptolemy.moml.MoMLSimpleApplication@255fe86c
reloadAllAccessors: .arrayType10

===========================================================================================
----------------- testing Sun Jun 21 14:50:51 UTC 2020 /home/travis/build/icyphy/ptII/ptolemy/actor/lib/test/auto/arrayType11.xml
----------------- Instantiating /home/travis/build/icyphy/ptII/ptolemy/actor/lib/test/auto/arrayType11.xml
1 ms. Memory: 533504K Free: 347871K (65%)
----------------- Invoking toplevel() on ptolemy.moml.MoMLSimpleApplication@22b38875
----------------- Done invoking toplevel() on ptolemy.moml.MoMLSimpleApplication@22b38875
reloadAllAccessors: .arrayType11

===========================================================================================
----------------- testing Sun Jun 21 14:50:51 UTC 2020 /home/travis/build/icyphy/ptII/ptolemy/actor/lib/test/auto/arrayType12.xml
----------------- Instantiating /home/travis/build/icyphy/ptII/ptolemy/actor/lib/test/auto/arrayType12.xml
2 ms. Memory: 533504K Free: 342751K (64%)
----------------- Invoking toplevel() on ptolemy.moml.MoMLSimpleApplication@5505dedf
----------------- Done invoking toplevel() on ptolemy.moml.MoMLSimpleApplication@5505dedf
reloadAllAccessors: .arrayType12

===========================================================================================
----------------- testing Sun Jun 21 14:50:51 UTC 2020 /home/travis/build/icyphy/ptII/ptolemy/actor/lib/test/auto/arrayType13.xml
----------------- Instantiating /home/travis/build/icyphy/ptII/ptolemy/actor/lib/test/auto/arrayType13.xml
1 ms. Memory: 533504K Free: 337631K (63%)
----------------- Invoking toplevel() on ptolemy.moml.MoMLSimpleApplication@4b46bc41
----------------- Done invoking toplevel() on ptolemy.moml.MoMLSimpleApplication@4b46bc41
reloadAllAccessors: .arrayType13

===========================================================================================
----------------- testing Sun Jun 21 14:50:51 UTC 2020 /home/travis/build/icyphy/ptII/ptolemy/actor/lib/test/auto/arrayType14.xml
----------------- Instantiating /home/travis/build/icyphy/ptII/ptolemy/actor/lib/test/auto/arrayType14.xml
7 ms. Memory: 533504K Free: 331997K (62%)
----------------- Invoking toplevel() on ptolemy.moml.MoMLSimpleApplication@65ef322e
----------------- Done invoking toplevel() on ptolemy.moml.MoMLSimpleApplication@65ef322e
reloadAllAccessors: .arrayType14

===========================================================================================
----------------- testing Sun Jun 21 14:50:51 UTC 2020 /home/travis/build/icyphy/ptII/ptolemy/actor/lib/test/auto/arrayType15.xml
----------------- Instantiating /home/travis/build/icyphy/ptII/ptolemy/actor/lib/test/auto/arrayType15.xml
2 ms. Memory: 533504K Free: 326877K (61%)
----------------- Invoking toplevel() on ptolemy.moml.MoMLSimpleApplication@7b21fd25
----------------- Done invoking toplevel() on ptolemy.moml.MoMLSimpleApplication@7b21fd25
reloadAllAccessors: .arrayType15

===========================================================================================
----------------- testing Sun Jun 21 14:50:51 UTC 2020 /home/travis/build/icyphy/ptII/ptolemy/actor/lib/test/auto/arrayType16.xml
----------------- Instantiating /home/travis/build/icyphy/ptII/ptolemy/actor/lib/test/auto/arrayType16.xml
2 ms. Memory: 533504K Free: 321757K (60%)
----------------- Invoking toplevel() on ptolemy.moml.MoMLSimpleApplication@cc6b01
----------------- Done invoking toplevel() on ptolemy.moml.MoMLSimpleApplication@cc6b01
reloadAllAccessors: .arrayType16

===========================================================================================
----------------- testing Sun Jun 21 14:50:51 UTC 2020 /home/travis/build/icyphy/ptII/ptolemy/actor/lib/test/auto/arrayType17.xml
----------------- Instantiating /home/travis/build/icyphy/ptII/ptolemy/actor/lib/test/auto/arrayType17.xml
2 ms. Memory: 533504K Free: 316637K (59%)
----------------- Invoking toplevel() on ptolemy.moml.MoMLSimpleApplication@2c1ae056
----------------- Done invoking toplevel() on ptolemy.moml.MoMLSimpleApplication@2c1ae056
reloadAllAccessors: .arrayType17

===========================================================================================
----------------- testing Sun Jun 21 14:50:51 UTC 2020 /home/travis/build/icyphy/ptII/ptolemy/actor/lib/test/auto/arrayType18.xml
----------------- Instantiating /home/travis/build/icyphy/ptII/ptolemy/actor/lib/test/auto/arrayType18.xml
1 ms. Memory: 533504K Free: 311517K (58%)
----------------- Invoking toplevel() on ptolemy.moml.MoMLSimpleApplication@4b0a26fd
----------------- Done invoking toplevel() on ptolemy.moml.MoMLSimpleApplication@4b0a26fd
reloadAllAccessors: .arrayType18

===========================================================================================
----------------- testing Sun Jun 21 14:50:51 UTC 2020 /home/travis/build/icyphy/ptII/ptolemy/actor/lib/test/auto/arrayType19.xml
----------------- Instantiating /home/travis/build/icyphy/ptII/ptolemy/actor/lib/test/auto/arrayType19.xml
1 ms. Memory: 533504K Free: 306911K (58%)
----------------- Invoking toplevel() on ptolemy.moml.MoMLSimpleApplication@701bb1e5
----------------- Done invoking toplevel() on ptolemy.moml.MoMLSimpleApplication@701bb1e5
reloadAllAccessors: .arrayType19

===========================================================================================
----------------- testing Sun Jun 21 14:50:51 UTC 2020 /home/travis/build/icyphy/ptII/ptolemy/actor/lib/test/auto/arrayType2.xml
----------------- Instantiating /home/travis/build/icyphy/ptII/ptolemy/actor/lib/test/auto/arrayType2.xml
2 ms. Memory: 533504K Free: 301791K (57%)
----------------- Invoking toplevel() on ptolemy.moml.MoMLSimpleApplication@29057000
----------------- Done invoking toplevel() on ptolemy.moml.MoMLSimpleApplication@29057000
reloadAllAccessors: .arrayType2

===========================================================================================
----------------- testing Sun Jun 21 14:50:51 UTC 2020 /home/travis/build/icyphy/ptII/ptolemy/actor/lib/test/auto/arrayType20.xml
----------------- Instantiating /home/travis/build/icyphy/ptII/ptolemy/actor/lib/test/auto/arrayType20.xml
2 ms. Memory: 533504K Free: 296671K (56%)
----------------- Invoking toplevel() on ptolemy.moml.MoMLSimpleApplication@b0d678
----------------- Done invoking toplevel() on ptolemy.moml.MoMLSimpleApplication@b0d678
reloadAllAccessors: .arrayType20

===========================================================================================
----------------- testing Sun Jun 21 14:50:51 UTC 2020 /home/travis/build/icyphy/ptII/ptolemy/actor/lib/test/auto/arrayType21.xml
----------------- Instantiating /home/travis/build/icyphy/ptII/ptolemy/actor/lib/test/auto/arrayType21.xml
1 ms. Memory: 533504K Free: 291551K (55%)
----------------- Invoking toplevel() on ptolemy.moml.MoMLSimpleApplication@6c27c45d
----------------- Done invoking toplevel() on ptolemy.moml.MoMLSimpleApplication@6c27c45d
reloadAllAccessors: .arrayType21

===========================================================================================
----------------- testing Sun Jun 21 14:50:51 UTC 2020 /home/travis/build/icyphy/ptII/ptolemy/actor/lib/test/auto/arrayType22.xml
----------------- Instantiating /home/travis/build/icyphy/ptII/ptolemy/actor/lib/test/auto/arrayType22.xml
1 ms. Memory: 533504K Free: 286941K (54%)
----------------- Invoking toplevel() on ptolemy.moml.MoMLSimpleApplication@4161b41a
----------------- Done invoking toplevel() on ptolemy.moml.MoMLSimpleApplication@4161b41a
reloadAllAccessors: .arrayType22

===========================================================================================
----------------- testing Sun Jun 21 14:50:51 UTC 2020 /home/travis/build/icyphy/ptII/ptolemy/actor/lib/test/auto/arrayType23.xml
----------------- Instantiating /home/travis/build/icyphy/ptII/ptolemy/actor/lib/test/auto/arrayType23.xml
1 ms. Memory: 533504K Free: 282335K (53%)
----------------- Invoking toplevel() on ptolemy.moml.MoMLSimpleApplication@1205afe0
----------------- Done invoking toplevel() on ptolemy.moml.MoMLSimpleApplication@1205afe0
reloadAllAccessors: .arrayType23

===========================================================================================
----------------- testing Sun Jun 21 14:50:51 UTC 2020 /home/travis/build/icyphy/ptII/ptolemy/actor/lib/test/auto/arrayType24.xml
----------------- Instantiating /home/travis/build/icyphy/ptII/ptolemy/actor/lib/test/auto/arrayType24.xml
2 ms. Memory: 533504K Free: 277215K (52%)
----------------- Invoking toplevel() on ptolemy.moml.MoMLSimpleApplication@1f395ac4
----------------- Done invoking toplevel() on ptolemy.moml.MoMLSimpleApplication@1f395ac4
reloadAllAccessors: .arrayType24

===========================================================================================
----------------- testing Sun Jun 21 14:50:51 UTC 2020 /home/travis/build/icyphy/ptII/ptolemy/actor/lib/test/auto/arrayType25.xml
----------------- Instantiating /home/travis/build/icyphy/ptII/ptolemy/actor/lib/test/auto/arrayType25.xml
3 ms. Memory: 533504K Free: 271581K (51%)
----------------- Invoking toplevel() on ptolemy.moml.MoMLSimpleApplication@5851408e
----------------- Done invoking toplevel() on ptolemy.moml.MoMLSimpleApplication@5851408e
reloadAllAccessors: .arrayType25

===========================================================================================
----------------- testing Sun Jun 21 14:50:51 UTC 2020 /home/travis/build/icyphy/ptII/ptolemy/actor/lib/test/auto/arrayType26.xml
----------------- Instantiating /home/travis/build/icyphy/ptII/ptolemy/actor/lib/test/auto/arrayType26.xml
1 ms. Memory: 533504K Free: 266461K (50%)
----------------- Invoking toplevel() on ptolemy.moml.MoMLSimpleApplication@3a8da35b
----------------- Done invoking toplevel() on ptolemy.moml.MoMLSimpleApplication@3a8da35b
reloadAllAccessors: .arrayType26

===========================================================================================
----------------- testing Sun Jun 21 14:50:51 UTC 2020 /home/travis/build/icyphy/ptII/ptolemy/actor/lib/test/auto/arrayType27.xml
----------------- Instantiating /home/travis/build/icyphy/ptII/ptolemy/actor/lib/test/auto/arrayType27.xml
1 ms. Memory: 533504K Free: 261341K (49%)
----------------- Invoking toplevel() on ptolemy.moml.MoMLSimpleApplication@3c556eba
----------------- Done invoking toplevel() on ptolemy.moml.MoMLSimpleApplication@3c556eba
reloadAllAccessors: .arrayType27

===========================================================================================
----------------- testing Sun Jun 21 14:50:51 UTC 2020 /home/travis/build/icyphy/ptII/ptolemy/actor/lib/test/auto/arrayType28.xml
----------------- Instantiating /home/travis/build/icyphy/ptII/ptolemy/actor/lib/test/auto/arrayType28.xml
3 ms. Memory: 533504K Free: 256221K (48%)
----------------- Invoking toplevel() on ptolemy.moml.MoMLSimpleApplication@4febd458
----------------- Done invoking toplevel() on ptolemy.moml.MoMLSimpleApplication@4febd458
reloadAllAccessors: .arrayType28

===========================================================================================
----------------- testing Sun Jun 21 14:50:51 UTC 2020 /home/travis/build/icyphy/ptII/ptolemy/actor/lib/test/auto/arrayType3.xml
----------------- Instantiating /home/travis/build/icyphy/ptII/ptolemy/actor/lib/test/auto/arrayType3.xml
1 ms. Memory: 533504K Free: 250591K (47%)
----------------- Invoking toplevel() on ptolemy.moml.MoMLSimpleApplication@75d12568
----------------- Done invoking toplevel() on ptolemy.moml.MoMLSimpleApplication@75d12568
reloadAllAccessors: .arrayType3

===========================================================================================
----------------- testing Sun Jun 21 14:50:51 UTC 2020 /home/travis/build/icyphy/ptII/ptolemy/actor/lib/test/auto/arrayType4.xml
----------------- Instantiating /home/travis/build/icyphy/ptII/ptolemy/actor/lib/test/auto/arrayType4.xml
4 ms. Memory: 533504K Free: 245471K (46%)
----------------- Invoking toplevel() on ptolemy.moml.MoMLSimpleApplication@11d31141
----------------- Done invoking toplevel() on ptolemy.moml.MoMLSimpleApplication@11d31141
reloadAllAccessors: .arrayType4

===========================================================================================
----------------- testing Sun Jun 21 14:50:51 UTC 2020 /home/travis/build/icyphy/ptII/ptolemy/actor/lib/test/auto/arrayType5.xml
----------------- Instantiating /home/travis/build/icyphy/ptII/ptolemy/actor/lib/test/auto/arrayType5.xml
1 ms. Memory: 533504K Free: 240351K (45%)
----------------- Invoking toplevel() on ptolemy.moml.MoMLSimpleApplication@59af8b12
----------------- Done invoking toplevel() on ptolemy.moml.MoMLSimpleApplication@59af8b12
reloadAllAccessors: .arrayType5

===========================================================================================
----------------- testing Sun Jun 21 14:50:51 UTC 2020 /home/travis/build/icyphy/ptII/ptolemy/actor/lib/test/auto/arrayType6.xml
----------------- Instantiating /home/travis/build/icyphy/ptII/ptolemy/actor/lib/test/auto/arrayType6.xml
1 ms. Memory: 533504K Free: 235741K (44%)
----------------- Invoking toplevel() on ptolemy.moml.MoMLSimpleApplication@576cc691
----------------- Done invoking toplevel() on ptolemy.moml.MoMLSimpleApplication@576cc691
reloadAllAccessors: .arrayType6

===========================================================================================
----------------- testing Sun Jun 21 14:50:51 UTC 2020 /home/travis/build/icyphy/ptII/ptolemy/actor/lib/test/auto/arrayType7.xml
----------------- Instantiating /home/travis/build/icyphy/ptII/ptolemy/actor/lib/test/auto/arrayType7.xml
6 ms. Memory: 533504K Free: 230621K (43%)
----------------- Invoking toplevel() on ptolemy.moml.MoMLSimpleApplication@13a83af6
----------------- Done invoking toplevel() on ptolemy.moml.MoMLSimpleApplication@13a83af6
reloadAllAccessors: .arrayType7

===========================================================================================
----------------- testing Sun Jun 21 14:50:51 UTC 2020 /home/travis/build/icyphy/ptII/ptolemy/actor/lib/test/auto/arrayType8.xml
----------------- Instantiating /home/travis/build/icyphy/ptII/ptolemy/actor/lib/test/auto/arrayType8.xml
1 ms. Memory: 533504K Free: 226015K (42%)
----------------- Invoking toplevel() on ptolemy.moml.MoMLSimpleApplication@498846a4
----------------- Done invoking toplevel() on ptolemy.moml.MoMLSimpleApplication@498846a4
reloadAllAccessors: .arrayType8

===========================================================================================
----------------- testing Sun Jun 21 14:50:51 UTC 2020 /home/travis/build/icyphy/ptII/ptolemy/actor/lib/test/auto/arrayType9.xml
----------------- Instantiating /home/travis/build/icyphy/ptII/ptolemy/actor/lib/test/auto/arrayType9.xml
2 ms. Memory: 533504K Free: 221405K (42%)
----------------- Invoking toplevel() on ptolemy.moml.MoMLSimpleApplication@5acec28d
----------------- Done invoking toplevel() on ptolemy.moml.MoMLSimpleApplication@5acec28d
reloadAllAccessors: .arrayType9

===========================================================================================
----------------- testing Sun Jun 21 14:50:51 UTC 2020 /home/travis/build/icyphy/ptII/ptolemy/actor/lib/test/auto/cast.xml
----------------- Instantiating /home/travis/build/icyphy/ptII/ptolemy/actor/lib/test/auto/cast.xml
2 ms. Memory: 533504K Free: 216285K (41%)
----------------- Invoking toplevel() on ptolemy.moml.MoMLSimpleApplication@171e948f
----------------- Done invoking toplevel() on ptolemy.moml.MoMLSimpleApplication@171e948f
reloadAllAccessors: .cast

===========================================================================================
----------------- testing Sun Jun 21 14:50:51 UTC 2020 /home/travis/build/icyphy/ptII/ptolemy/actor/lib/test/auto/compositeMultiPort.xml
----------------- Instantiating /home/travis/build/icyphy/ptII/ptolemy/actor/lib/test/auto/compositeMultiPort.xml
4 ms. Memory: 533504K Free: 207583K (39%)
----------------- Invoking toplevel() on ptolemy.moml.MoMLSimpleApplication@6b78f567
----------------- Done invoking toplevel() on ptolemy.moml.MoMLSimpleApplication@6b78f567
reloadAllAccessors: .compositeMultiPort

===========================================================================================
----------------- testing Sun Jun 21 14:50:51 UTC 2020 /home/travis/build/icyphy/ptII/ptolemy/actor/lib/test/auto/expressionCastInference.xml
----------------- Instantiating /home/travis/build/icyphy/ptII/ptolemy/actor/lib/test/auto/expressionCastInference.xml
2 ms. Memory: 533504K Free: 202973K (38%)
----------------- Invoking toplevel() on ptolemy.moml.MoMLSimpleApplication@9bd5c5e
----------------- Done invoking toplevel() on ptolemy.moml.MoMLSimpleApplication@9bd5c5e
reloadAllAccessors: .expressionCastInference

===========================================================================================
----------------- testing Sun Jun 21 14:50:51 UTC 2020 /home/travis/build/icyphy/ptII/ptolemy/actor/lib/test/auto/expressionCastInference2.xml
----------------- Instantiating /home/travis/build/icyphy/ptII/ptolemy/actor/lib/test/auto/expressionCastInference2.xml
1 ms. Memory: 533504K Free: 198367K (37%)
----------------- Invoking toplevel() on ptolemy.moml.MoMLSimpleApplication@5747ded0
----------------- Done invoking toplevel() on ptolemy.moml.MoMLSimpleApplication@5747ded0
reloadAllAccessors: .expressionCastInference2

===========================================================================================
----------------- testing Sun Jun 21 14:50:51 UTC 2020 /home/travis/build/icyphy/ptII/ptolemy/actor/lib/test/auto/expressionInference.xml
----------------- Instantiating /home/travis/build/icyphy/ptII/ptolemy/actor/lib/test/auto/expressionInference.xml
1 ms. Memory: 533504K Free: 193757K (36%)
----------------- Invoking toplevel() on ptolemy.moml.MoMLSimpleApplication@28bccee4
----------------- Done invoking toplevel() on ptolemy.moml.MoMLSimpleApplication@28bccee4
reloadAllAccessors: .expressionInference

===========================================================================================
----------------- testing Sun Jun 21 14:50:51 UTC 2020 /home/travis/build/icyphy/ptII/ptolemy/actor/lib/test/auto/expression_bug.xml
----------------- Instantiating /home/travis/build/icyphy/ptII/ptolemy/actor/lib/test/auto/expression_bug.xml
2 ms. Memory: 533504K Free: 189661K (36%)
----------------- Invoking toplevel() on ptolemy.moml.MoMLSimpleApplication@44bbae47
----------------- Done invoking toplevel() on ptolemy.moml.MoMLSimpleApplication@44bbae47
reloadAllAccessors: .expression_bug

===========================================================================================
----------------- testing Sun Jun 21 14:50:51 UTC 2020 /home/travis/build/icyphy/ptII/ptolemy/actor/lib/test/auto/factorial.xml
----------------- Instantiating /home/travis/build/icyphy/ptII/ptolemy/actor/lib/test/auto/factorial.xml
41 ms. Memory: 533504K Free: 180959K (34%)
----------------- Invoking toplevel() on ptolemy.moml.MoMLSimpleApplication@1c25d829
----------------- Done invoking toplevel() on ptolemy.moml.MoMLSimpleApplication@1c25d829
reloadAllAccessors: .factorial

===========================================================================================
----------------- testing Sun Jun 21 14:50:51 UTC 2020 /home/travis/build/icyphy/ptII/ptolemy/actor/lib/test/auto/filterTest1.xml
----------------- Instantiating /home/travis/build/icyphy/ptII/ptolemy/actor/lib/test/auto/filterTest1.xml
10 ms. Memory: 533504K Free: 174815K (33%)
----------------- Invoking toplevel() on ptolemy.moml.MoMLSimpleApplication@28c1a89d
----------------- Done invoking toplevel() on ptolemy.moml.MoMLSimpleApplication@28c1a89d
reloadAllAccessors: .filterTest1

===========================================================================================
----------------- testing Sun Jun 21 14:50:51 UTC 2020 /home/travis/build/icyphy/ptII/ptolemy/actor/lib/test/auto/funcApplyInConst.xml
----------------- Instantiating /home/travis/build/icyphy/ptII/ptolemy/actor/lib/test/auto/funcApplyInConst.xml
1 ms. Memory: 533504K Free: 171229K (32%)
----------------- Invoking toplevel() on ptolemy.moml.MoMLSimpleApplication@58ce6bc9
----------------- Done invoking toplevel() on ptolemy.moml.MoMLSimpleApplication@58ce6bc9
reloadAllAccessors: .funcApplyInConst

===========================================================================================
----------------- testing Sun Jun 21 14:50:51 UTC 2020 /home/travis/build/icyphy/ptII/ptolemy/actor/lib/test/auto/funcApplyInExpr.xml
----------------- Instantiating /home/travis/build/icyphy/ptII/ptolemy/actor/lib/test/auto/funcApplyInExpr.xml
1 ms. Memory: 533504K Free: 167647K (31%)
----------------- Invoking toplevel() on ptolemy.moml.MoMLSimpleApplication@6066fe4e
----------------- Done invoking toplevel() on ptolemy.moml.MoMLSimpleApplication@6066fe4e
reloadAllAccessors: .funcApplyInExpr

===========================================================================================
----------------- testing Sun Jun 21 14:50:51 UTC 2020 /home/travis/build/icyphy/ptII/ptolemy/actor/lib/test/auto/function.xml
----------------- Instantiating /home/travis/build/icyphy/ptII/ptolemy/actor/lib/test/auto/function.xml
2 ms. Memory: 533504K Free: 476160K (89%)
----------------- Invoking toplevel() on ptolemy.moml.MoMLSimpleApplication@1e85b2fc
----------------- Done invoking toplevel() on ptolemy.moml.MoMLSimpleApplication@1e85b2fc
reloadAllAccessors: .function

===========================================================================================
----------------- testing Sun Jun 21 14:50:51 UTC 2020 /home/travis/build/icyphy/ptII/ptolemy/actor/lib/test/auto/function2.xml
----------------- Instantiating /home/travis/build/icyphy/ptII/ptolemy/actor/lib/test/auto/function2.xml
4 ms. Memory: 533504K Free: 471040K (88%)
----------------- Invoking toplevel() on ptolemy.moml.MoMLSimpleApplication@2a49f93
----------------- Done invoking toplevel() on ptolemy.moml.MoMLSimpleApplication@2a49f93
reloadAllAccessors: .function2

===========================================================================================
----------------- testing Sun Jun 21 14:50:51 UTC 2020 /home/travis/build/icyphy/ptII/ptolemy/actor/lib/test/auto/function3.xml
----------------- Instantiating /home/travis/build/icyphy/ptII/ptolemy/actor/lib/test/auto/function3.xml
1 ms. Memory: 533504K Free: 467454K (88%)
----------------- Invoking toplevel() on ptolemy.moml.MoMLSimpleApplication@1d508cc9
----------------- Done invoking toplevel() on ptolemy.moml.MoMLSimpleApplication@1d508cc9
reloadAllAccessors: .function3

===========================================================================================
----------------- testing Sun Jun 21 14:50:51 UTC 2020 /home/travis/build/icyphy/ptII/ptolemy/actor/lib/test/auto/functionClosureTest1.xml
----------------- Instantiating /home/travis/build/icyphy/ptII/ptolemy/actor/lib/test/auto/functionClosureTest1.xml
2 ms. Memory: 533504K Free: 461824K (87%)
----------------- Invoking toplevel() on ptolemy.moml.MoMLSimpleApplication@2b4ea7b7
----------------- Done invoking toplevel() on ptolemy.moml.MoMLSimpleApplication@2b4ea7b7
reloadAllAccessors: .functionClosureTest1

===========================================================================================
----------------- testing Sun Jun 21 14:50:52 UTC 2020 /home/travis/build/icyphy/ptII/ptolemy/actor/lib/test/auto/functionClosureTest2.xml
----------------- Instantiating /home/travis/build/icyphy/ptII/ptolemy/actor/lib/test/auto/functionClosureTest2.xml
2 ms. Memory: 533504K Free: 457728K (86%)
----------------- Invoking toplevel() on ptolemy.moml.MoMLSimpleApplication@6ee4a288
----------------- Done invoking toplevel() on ptolemy.moml.MoMLSimpleApplication@6ee4a288
reloadAllAccessors: .functionClosureTest2

===========================================================================================
----------------- testing Sun Jun 21 14:50:52 UTC 2020 /home/travis/build/icyphy/ptII/ptolemy/actor/lib/test/auto/functionClosureTest3.xml
----------------- Instantiating /home/travis/build/icyphy/ptII/ptolemy/actor/lib/test/auto/functionClosureTest3.xml
2 ms. Memory: 533504K Free: 452608K (85%)
----------------- Invoking toplevel() on ptolemy.moml.MoMLSimpleApplication@3439e584
----------------- Done invoking toplevel() on ptolemy.moml.MoMLSimpleApplication@3439e584
reloadAllAccessors: .functionClosureTest3

===========================================================================================
----------------- testing Sun Jun 21 14:50:52 UTC 2020 /home/travis/build/icyphy/ptII/ptolemy/actor/lib/test/auto/functionClosureTest4.xml
----------------- Instantiating /home/travis/build/icyphy/ptII/ptolemy/actor/lib/test/auto/functionClosureTest4.xml
4 ms. Memory: 533504K Free: 446464K (84%)
----------------- Invoking toplevel() on ptolemy.moml.MoMLSimpleApplication@3eb17446
----------------- Done invoking toplevel() on ptolemy.moml.MoMLSimpleApplication@3eb17446
reloadAllAccessors: .functionClosureTest4

===========================================================================================
----------------- testing Sun Jun 21 14:50:52 UTC 2020 /home/travis/build/icyphy/ptII/ptolemy/actor/lib/test/auto/functionClosureTest5.xml
----------------- Instantiating /home/travis/build/icyphy/ptII/ptolemy/actor/lib/test/auto/functionClosureTest5.xml
3 ms. Memory: 533504K Free: 440815K (83%)
----------------- Invoking toplevel() on ptolemy.moml.MoMLSimpleApplication@2633774
----------------- Done invoking toplevel() on ptolemy.moml.MoMLSimpleApplication@2633774
reloadAllAccessors: .functionClosureTest5

===========================================================================================
----------------- testing Sun Jun 21 14:50:52 UTC 2020 /home/travis/build/icyphy/ptII/ptolemy/actor/lib/test/auto/functionClosureTest6.xml
----------------- Instantiating /home/travis/build/icyphy/ptII/ptolemy/actor/lib/test/auto/functionClosureTest6.xml
1 ms. Memory: 533504K Free: 436224K (82%)
----------------- Invoking toplevel() on ptolemy.moml.MoMLSimpleApplication@5d24267e
----------------- Done invoking toplevel() on ptolemy.moml.MoMLSimpleApplication@5d24267e
reloadAllAccessors: .functionClosureTest6

===========================================================================================
----------------- testing Sun Jun 21 14:50:52 UTC 2020 /home/travis/build/icyphy/ptII/ptolemy/actor/lib/test/auto/functionsOnArcs.xml
----------------- Instantiating /home/travis/build/icyphy/ptII/ptolemy/actor/lib/test/auto/functionsOnArcs.xml
1 ms. Memory: 533504K Free: 431104K (81%)
----------------- Invoking toplevel() on ptolemy.moml.MoMLSimpleApplication@2f6c1fa
----------------- Done invoking toplevel() on ptolemy.moml.MoMLSimpleApplication@2f6c1fa
reloadAllAccessors: .functionsOnArcs

===========================================================================================
----------------- testing Sun Jun 21 14:50:52 UTC 2020 /home/travis/build/icyphy/ptII/ptolemy/actor/lib/test/auto/functionsOnArcsHOF.xml
----------------- Instantiating /home/travis/build/icyphy/ptII/ptolemy/actor/lib/test/auto/functionsOnArcsHOF.xml
4 ms. Memory: 533504K Free: 424960K (80%)
----------------- Invoking toplevel() on ptolemy.moml.MoMLSimpleApplication@5bbeec21
----------------- Done invoking toplevel() on ptolemy.moml.MoMLSimpleApplication@5bbeec21
reloadAllAccessors: .functionsOnArcsHOF

===========================================================================================
----------------- testing Sun Jun 21 14:50:52 UTC 2020 /home/travis/build/icyphy/ptII/ptolemy/actor/lib/test/auto/logic.xml
----------------- Instantiating /home/travis/build/icyphy/ptII/ptolemy/actor/lib/test/auto/logic.xml
3 ms. Memory: 533504K Free: 417792K (78%)
----------------- Invoking toplevel() on ptolemy.moml.MoMLSimpleApplication@481da1f3
----------------- Done invoking toplevel() on ptolemy.moml.MoMLSimpleApplication@481da1f3
reloadAllAccessors: .logic

===========================================================================================
----------------- testing Sun Jun 21 14:50:52 UTC 2020 /home/travis/build/icyphy/ptII/ptolemy/actor/lib/test/auto/matrixType.xml
----------------- Instantiating /home/travis/build/icyphy/ptII/ptolemy/actor/lib/test/auto/matrixType.xml
1 ms. Memory: 533504K Free: 412158K (77%)
----------------- Invoking toplevel() on ptolemy.moml.MoMLSimpleApplication@59788457
----------------- Done invoking toplevel() on ptolemy.moml.MoMLSimpleApplication@59788457
reloadAllAccessors: .matrixType

===========================================================================================
----------------- testing Sun Jun 21 14:50:52 UTC 2020 /home/travis/build/icyphy/ptII/ptolemy/actor/lib/test/auto/matrixType10.xml
----------------- Instantiating /home/travis/build/icyphy/ptII/ptolemy/actor/lib/test/auto/matrixType10.xml
2 ms. Memory: 533504K Free: 407552K (76%)
----------------- Invoking toplevel() on ptolemy.moml.MoMLSimpleApplication@2471e355
----------------- Done invoking toplevel() on ptolemy.moml.MoMLSimpleApplication@2471e355
reloadAllAccessors: .matrixType10

===========================================================================================
----------------- testing Sun Jun 21 14:50:52 UTC 2020 /home/travis/build/icyphy/ptII/ptolemy/actor/lib/test/auto/matrixType11.xml
----------------- Instantiating /home/travis/build/icyphy/ptII/ptolemy/actor/lib/test/auto/matrixType11.xml
2 ms. Memory: 533504K Free: 402942K (76%)
----------------- Invoking toplevel() on ptolemy.moml.MoMLSimpleApplication@3c4396f1
----------------- Done invoking toplevel() on ptolemy.moml.MoMLSimpleApplication@3c4396f1
reloadAllAccessors: .matrixType11

===========================================================================================
----------------- testing Sun Jun 21 14:50:52 UTC 2020 /home/travis/build/icyphy/ptII/ptolemy/actor/lib/test/auto/matrixType12.xml
----------------- Instantiating /home/travis/build/icyphy/ptII/ptolemy/actor/lib/test/auto/matrixType12.xml
1 ms. Memory: 533504K Free: 397822K (75%)
----------------- Invoking toplevel() on ptolemy.moml.MoMLSimpleApplication@4f1a8125
----------------- Done invoking toplevel() on ptolemy.moml.MoMLSimpleApplication@4f1a8125
reloadAllAccessors: .matrixType12

===========================================================================================
----------------- testing Sun Jun 21 14:50:52 UTC 2020 /home/travis/build/icyphy/ptII/ptolemy/actor/lib/test/auto/matrixType13.xml
----------------- Instantiating /home/travis/build/icyphy/ptII/ptolemy/actor/lib/test/auto/matrixType13.xml
1 ms. Memory: 533504K Free: 393216K (74%)
----------------- Invoking toplevel() on ptolemy.moml.MoMLSimpleApplication@4ad31177
----------------- Done invoking toplevel() on ptolemy.moml.MoMLSimpleApplication@4ad31177
reloadAllAccessors: .matrixType13

===========================================================================================
----------------- testing Sun Jun 21 14:50:52 UTC 2020 /home/travis/build/icyphy/ptII/ptolemy/actor/lib/test/auto/matrixType14.xml
----------------- Instantiating /home/travis/build/icyphy/ptII/ptolemy/actor/lib/test/auto/matrixType14.xml
2 ms. Memory: 533504K Free: 388606K (73%)
----------------- Invoking toplevel() on ptolemy.moml.MoMLSimpleApplication@1098f04f
----------------- Done invoking toplevel() on ptolemy.moml.MoMLSimpleApplication@1098f04f
reloadAllAccessors: .matrixType14

===========================================================================================
----------------- testing Sun Jun 21 14:50:52 UTC 2020 /home/travis/build/icyphy/ptII/ptolemy/actor/lib/test/auto/matrixType2.xml
----------------- Instantiating /home/travis/build/icyphy/ptII/ptolemy/actor/lib/test/auto/matrixType2.xml
2 ms. Memory: 533504K Free: 383486K (72%)
----------------- Invoking toplevel() on ptolemy.moml.MoMLSimpleApplication@50cb28f0
----------------- Done invoking toplevel() on ptolemy.moml.MoMLSimpleApplication@50cb28f0
reloadAllAccessors: .matrixType2

===========================================================================================
----------------- testing Sun Jun 21 14:50:52 UTC 2020 /home/travis/build/icyphy/ptII/ptolemy/actor/lib/test/auto/matrixType3.xml
----------------- Instantiating /home/travis/build/icyphy/ptII/ptolemy/actor/lib/test/auto/matrixType3.xml
3 ms. Memory: 533504K Free: 378880K (71%)
----------------- Invoking toplevel() on ptolemy.moml.MoMLSimpleApplication@71826e3f
----------------- Done invoking toplevel() on ptolemy.moml.MoMLSimpleApplication@71826e3f
reloadAllAccessors: .matrixType3

===========================================================================================
----------------- testing Sun Jun 21 14:50:52 UTC 2020 /home/travis/build/icyphy/ptII/ptolemy/actor/lib/test/auto/matrixType4.xml
----------------- Instantiating /home/travis/build/icyphy/ptII/ptolemy/actor/lib/test/auto/matrixType4.xml
2 ms. Memory: 533504K Free: 374270K (70%)
----------------- Invoking toplevel() on ptolemy.moml.MoMLSimpleApplication@5feb8c0f
----------------- Done invoking toplevel() on ptolemy.moml.MoMLSimpleApplication@5feb8c0f
reloadAllAccessors: .matrixType4

===========================================================================================
----------------- testing Sun Jun 21 14:50:52 UTC 2020 /home/travis/build/icyphy/ptII/ptolemy/actor/lib/test/auto/matrixType5.xml
----------------- Instantiating /home/travis/build/icyphy/ptII/ptolemy/actor/lib/test/auto/matrixType5.xml
1 ms. Memory: 533504K Free: 369150K (69%)
----------------- Invoking toplevel() on ptolemy.moml.MoMLSimpleApplication@1e01101d
----------------- Done invoking toplevel() on ptolemy.moml.MoMLSimpleApplication@1e01101d
reloadAllAccessors: .matrixType5

===========================================================================================
----------------- testing Sun Jun 21 14:50:52 UTC 2020 /home/travis/build/icyphy/ptII/ptolemy/actor/lib/test/auto/matrixType6.xml
----------------- Instantiating /home/travis/build/icyphy/ptII/ptolemy/actor/lib/test/auto/matrixType6.xml
1 ms. Memory: 533504K Free: 364544K (68%)
----------------- Invoking toplevel() on ptolemy.moml.MoMLSimpleApplication@680b3adb
----------------- Done invoking toplevel() on ptolemy.moml.MoMLSimpleApplication@680b3adb
reloadAllAccessors: .matrixType6

===========================================================================================
----------------- testing Sun Jun 21 14:50:52 UTC 2020 /home/travis/build/icyphy/ptII/ptolemy/actor/lib/test/auto/matrixType7.xml
----------------- Instantiating /home/travis/build/icyphy/ptII/ptolemy/actor/lib/test/auto/matrixType7.xml
2 ms. Memory: 533504K Free: 359424K (67%)
----------------- Invoking toplevel() on ptolemy.moml.MoMLSimpleApplication@aeb1cea
----------------- Done invoking toplevel() on ptolemy.moml.MoMLSimpleApplication@aeb1cea
reloadAllAccessors: .matrixType7

===========================================================================================
----------------- testing Sun Jun 21 14:50:52 UTC 2020 /home/travis/build/icyphy/ptII/ptolemy/actor/lib/test/auto/matrixType8.xml
----------------- Instantiating /home/travis/build/icyphy/ptII/ptolemy/actor/lib/test/auto/matrixType8.xml
2 ms. Memory: 533504K Free: 354814K (67%)
----------------- Invoking toplevel() on ptolemy.moml.MoMLSimpleApplication@4d96550c
----------------- Done invoking toplevel() on ptolemy.moml.MoMLSimpleApplication@4d96550c
reloadAllAccessors: .matrixType8

===========================================================================================
----------------- testing Sun Jun 21 14:50:52 UTC 2020 /home/travis/build/icyphy/ptII/ptolemy/actor/lib/test/auto/matrixType9.xml
----------------- Instantiating /home/travis/build/icyphy/ptII/ptolemy/actor/lib/test/auto/matrixType9.xml
1 ms. Memory: 533504K Free: 350208K (66%)
----------------- Invoking toplevel() on ptolemy.moml.MoMLSimpleApplication@1a44f8a0
----------------- Done invoking toplevel() on ptolemy.moml.MoMLSimpleApplication@1a44f8a0
reloadAllAccessors: .matrixType9

===========================================================================================
----------------- testing Sun Jun 21 14:50:52 UTC 2020 /home/travis/build/icyphy/ptII/ptolemy/actor/lib/test/auto/paraFunctest.xml
----------------- Instantiating /home/travis/build/icyphy/ptII/ptolemy/actor/lib/test/auto/paraFunctest.xml
2 ms. Memory: 533504K Free: 345598K (65%)
----------------- Invoking toplevel() on ptolemy.moml.MoMLSimpleApplication@2b2d7763
----------------- Done invoking toplevel() on ptolemy.moml.MoMLSimpleApplication@2b2d7763
reloadAllAccessors: .paraFunctest

===========================================================================================
----------------- testing Sun Jun 21 14:50:52 UTC 2020 /home/travis/build/icyphy/ptII/ptolemy/actor/lib/test/auto/paraFunctest2.xml
----------------- Instantiating /home/travis/build/icyphy/ptII/ptolemy/actor/lib/test/auto/paraFunctest2.xml
2 ms. Memory: 533504K Free: 341502K (64%)
----------------- Invoking toplevel() on ptolemy.moml.MoMLSimpleApplication@670419f5
----------------- Done invoking toplevel() on ptolemy.moml.MoMLSimpleApplication@670419f5
reloadAllAccessors: .paraFunctest2

===========================================================================================
----------------- testing Sun Jun 21 14:50:52 UTC 2020 /home/travis/build/icyphy/ptII/ptolemy/actor/lib/test/auto/parameterPassing.xml
----------------- Instantiating /home/travis/build/icyphy/ptII/ptolemy/actor/lib/test/auto/parameterPassing.xml
1 ms. Memory: 533504K Free: 337406K (63%)
----------------- Invoking toplevel() on ptolemy.moml.MoMLSimpleApplication@7d519468
----------------- Done invoking toplevel() on ptolemy.moml.MoMLSimpleApplication@7d519468
reloadAllAccessors: .parameterPassing

===========================================================================================
----------------- testing Sun Jun 21 14:50:52 UTC 2020 /home/travis/build/icyphy/ptII/ptolemy/actor/lib/test/auto/record.xml
----------------- Instantiating /home/travis/build/icyphy/ptII/ptolemy/actor/lib/test/auto/record.xml
2 ms. Memory: 533504K Free: 332286K (62%)
----------------- Invoking toplevel() on ptolemy.moml.MoMLSimpleApplication@4a8d09e
----------------- Done invoking toplevel() on ptolemy.moml.MoMLSimpleApplication@4a8d09e
reloadAllAccessors: .record

===========================================================================================
----------------- testing Sun Jun 21 14:50:52 UTC 2020 /home/travis/build/icyphy/ptII/ptolemy/actor/lib/test/auto/sizedarray1.xml
----------------- Instantiating /home/travis/build/icyphy/ptII/ptolemy/actor/lib/test/auto/sizedarray1.xml
1 ms. Memory: 533504K Free: 327166K (61%)
----------------- Invoking toplevel() on ptolemy.moml.MoMLSimpleApplication@795750ec
----------------- Done invoking toplevel() on ptolemy.moml.MoMLSimpleApplication@795750ec
reloadAllAccessors: .sizedarray1

===========================================================================================
----------------- testing Sun Jun 21 14:50:52 UTC 2020 /home/travis/build/icyphy/ptII/ptolemy/actor/lib/test/auto/sizedarray2.xml
----------------- Instantiating /home/travis/build/icyphy/ptII/ptolemy/actor/lib/test/auto/sizedarray2.xml
1 ms. Memory: 533504K Free: 321022K (60%)
----------------- Invoking toplevel() on ptolemy.moml.MoMLSimpleApplication@1ee3f716
----------------- Done invoking toplevel() on ptolemy.moml.MoMLSimpleApplication@1ee3f716
reloadAllAccessors: .sizedarray2

===========================================================================================
----------------- testing Sun Jun 21 14:50:52 UTC 2020 /home/travis/build/icyphy/ptII/ptolemy/actor/lib/test/auto/twoPublishers.xml
----------------- Instantiating /home/travis/build/icyphy/ptII/ptolemy/actor/lib/test/auto/twoPublishers.xml
3 ms. Memory: 533504K Free: 310782K (58%)
----------------- Invoking toplevel() on ptolemy.moml.MoMLSimpleApplication@17c3a14d
----------------- Done invoking toplevel() on ptolemy.moml.MoMLSimpleApplication@17c3a14d
reloadAllAccessors: .twoPublishers
AutoTests.java: About to close Vertx.
AutoTests.java: Vertx closed.
]]></system-out>
  <system-err><![CDATA[java.lang.RuntimeException: Execution failed
	at ptolemy.moml.MoMLSimpleApplication$UnloadThread.run(MoMLSimpleApplication.java:402)
Caused by: java.lang.RuntimeException: StringUtilities.exit() was called. Normally, we would exit here because Manager.exitAfterWrapup() was called.  However, because the ptolemy.ptII.exitAfterWrapup property is set, we throw this exception instead.
	at ptolemy.util.StringUtilities.exit(StringUtilities.java:365)
	at ptolemy.actor.Manager.wrapup(Manager.java:1549)
	at ptolemy.actor.Manager.execute(Manager.java:407)
	at ptolemy.actor.Manager.run(Manager.java:1263)
	at ptolemy.actor.Manager$PtolemyRunThread.run(Manager.java:1933)
Warning: '.top.test' is in training mode, set the trainingMode parameter to false before checking in
Warning: '.top.test' is in training mode, set the trainingMode parameter to false before checking in
Warning: '.top.test' is in training mode, set the trainingMode parameter to false before checking in
Warning: '.BooleanSwitch_RegressionTest_WrongTrainingValues.Test' is in training mode, set the trainingMode parameter to false before checking in
Warning: '.BooleanSwitch_RegressionTest_WrongTrainingValues.Test2' is in training mode, set the trainingMode parameter to false before checking in
Warning: '.BooleanSwitch_RegressionTest_WrongTrainingValues.Test2' The test produced 0 tokens.
Warning: '.top.testExceptionHandler' is in training mode, set the trainingMode parameter to false before checking in
java.lang.RuntimeException: Execution failed
	at ptolemy.moml.MoMLSimpleApplication$UnloadThread.run(MoMLSimpleApplication.java:402)
Caused by: ptolemy.kernel.util.IllegalActionException: PublisherPorts cannot be used at the top level, use a Publisher actor instead.
  in .PublisherPortToplevelSubscriber.PublisherPort
	at ptolemy.actor.PublisherPort.preinitialize(PublisherPort.java:403)
	at ptolemy.actor.CompositeActor.preinitialize(CompositeActor.java:1769)
	at ptolemy.actor.Manager.preinitializeAndResolveTypes(Manager.java:1040)
	at ptolemy.actor.Manager.initialize(Manager.java:710)
	at ptolemy.actor.Manager.execute(Manager.java:356)
	at ptolemy.actor.Manager.run(Manager.java:1263)
	at ptolemy.actor.Manager$PtolemyRunThread.run(Manager.java:1933)
java.lang.reflect.InvocationTargetException
	at java.base/jdk.internal.reflect.NativeConstructorAccessorImpl.newInstance0(Native Method)
	at java.base/jdk.internal.reflect.NativeConstructorAccessorImpl.newInstance(NativeConstructorAccessorImpl.java:62)
	at java.base/jdk.internal.reflect.DelegatingConstructorAccessorImpl.newInstance(DelegatingConstructorAccessorImpl.java:45)
	at java.base/java.lang.reflect.Constructor.newInstance(Constructor.java:490)
	at ptolemy.util.test.junit.AutoKnownFailedTests.RunModel(AutoKnownFailedTests.java:105)
	at java.base/jdk.internal.reflect.NativeMethodAccessorImpl.invoke0(Native Method)
	at java.base/jdk.internal.reflect.NativeMethodAccessorImpl.invoke(NativeMethodAccessorImpl.java:62)
	at java.base/jdk.internal.reflect.DelegatingMethodAccessorImpl.invoke(DelegatingMethodAccessorImpl.java:43)
	at java.base/java.lang.reflect.Method.invoke(Method.java:566)
	at org.junit.runners.model.FrameworkMethod$1.runReflectiveCall(FrameworkMethod.java:44)
	at org.junit.internal.runners.model.ReflectiveCallable.run(ReflectiveCallable.java:15)
	at org.junit.runners.model.FrameworkMethod.invokeExplosively(FrameworkMethod.java:41)
	at junitparams.internal.InvokeParameterisedMethod.evaluate(InvokeParameterisedMethod.java:102)
	at org.junit.internal.runners.statements.FailOnTimeout$1.run(FailOnTimeout.java:28)
Caused by: ptolemy.kernel.util.IllegalActionException: PublisherPorts cannot be used at the top level, use a Publisher actor instead.
  in .PublisherPortToplevelSubscriber.PublisherPort
	at ptolemy.actor.PublisherPort.preinitialize(PublisherPort.java:403)
	at ptolemy.actor.CompositeActor.preinitialize(CompositeActor.java:1769)
	at ptolemy.actor.Manager.preinitializeAndResolveTypes(Manager.java:1040)
	at ptolemy.actor.Manager.initialize(Manager.java:710)
	at ptolemy.actor.Manager.execute(Manager.java:356)
	at ptolemy.actor.Manager.run(Manager.java:1263)
	at ptolemy.actor.Manager$PtolemyRunThread.run(Manager.java:1933)
java.lang.RuntimeException: Execution failed
	at ptolemy.moml.MoMLSimpleApplication$UnloadThread.run(MoMLSimpleApplication.java:402)
Caused by: ptolemy.kernel.util.IllegalActionException: SubscriberPorts cannot be used at the top level, use a Subscriber actor instead.
  in .PublisherSubscriberPortToplevel.SubscriberPort
	at ptolemy.actor.SubscriberPort.preinitialize(SubscriberPort.java:328)
	at ptolemy.actor.CompositeActor.preinitialize(CompositeActor.java:1769)
	at ptolemy.actor.Manager.preinitializeAndResolveTypes(Manager.java:1040)
	at ptolemy.actor.Manager.initialize(Manager.java:710)
	at ptolemy.actor.Manager.execute(Manager.java:356)
	at ptolemy.actor.Manager.run(Manager.java:1263)
	at ptolemy.actor.Manager$PtolemyRunThread.run(Manager.java:1933)
java.lang.reflect.InvocationTargetException
	at java.base/jdk.internal.reflect.NativeConstructorAccessorImpl.newInstance0(Native Method)
	at java.base/jdk.internal.reflect.NativeConstructorAccessorImpl.newInstance(NativeConstructorAccessorImpl.java:62)
	at java.base/jdk.internal.reflect.DelegatingConstructorAccessorImpl.newInstance(DelegatingConstructorAccessorImpl.java:45)
	at java.base/java.lang.reflect.Constructor.newInstance(Constructor.java:490)
	at ptolemy.util.test.junit.AutoKnownFailedTests.RunModel(AutoKnownFailedTests.java:105)
	at java.base/jdk.internal.reflect.NativeMethodAccessorImpl.invoke0(Native Method)
	at java.base/jdk.internal.reflect.NativeMethodAccessorImpl.invoke(NativeMethodAccessorImpl.java:62)
	at java.base/jdk.internal.reflect.DelegatingMethodAccessorImpl.invoke(DelegatingMethodAccessorImpl.java:43)
	at java.base/java.lang.reflect.Method.invoke(Method.java:566)
	at org.junit.runners.model.FrameworkMethod$1.runReflectiveCall(FrameworkMethod.java:44)
	at org.junit.internal.runners.model.ReflectiveCallable.run(ReflectiveCallable.java:15)
	at org.junit.runners.model.FrameworkMethod.invokeExplosively(FrameworkMethod.java:41)
	at junitparams.internal.InvokeParameterisedMethod.evaluate(InvokeParameterisedMethod.java:102)
	at org.junit.internal.runners.statements.FailOnTimeout$1.run(FailOnTimeout.java:28)
Caused by: ptolemy.kernel.util.IllegalActionException: SubscriberPorts cannot be used at the top level, use a Subscriber actor instead.
  in .PublisherSubscriberPortToplevel.SubscriberPort
	at ptolemy.actor.SubscriberPort.preinitialize(SubscriberPort.java:328)
	at ptolemy.actor.CompositeActor.preinitialize(CompositeActor.java:1769)
	at ptolemy.actor.Manager.preinitializeAndResolveTypes(Manager.java:1040)
	at ptolemy.actor.Manager.initialize(Manager.java:710)
	at ptolemy.actor.Manager.execute(Manager.java:356)
	at ptolemy.actor.Manager.run(Manager.java:1263)
	at ptolemy.actor.Manager$PtolemyRunThread.run(Manager.java:1933)
java.lang.RuntimeException: Execution failed
	at ptolemy.moml.MoMLSimpleApplication$UnloadThread.run(MoMLSimpleApplication.java:402)
Caused by: ptolemy.kernel.util.IllegalActionException: SubscriptionAggregatorPorts cannot be used at the top level, use a SubscriptionAggregator actor instead.
  in .PublisherSubscriptionAggregatorPort.SubscriptionAggregatorPort
	at ptolemy.actor.SubscriptionAggregatorPort.preinitialize(SubscriptionAggregatorPort.java:353)
	at ptolemy.actor.CompositeActor.preinitialize(CompositeActor.java:1769)
	at ptolemy.actor.Manager.preinitializeAndResolveTypes(Manager.java:1040)
	at ptolemy.actor.Manager.initialize(Manager.java:710)
	at ptolemy.actor.Manager.execute(Manager.java:356)
	at ptolemy.actor.Manager.run(Manager.java:1263)
	at ptolemy.actor.Manager$PtolemyRunThread.run(Manager.java:1933)
java.lang.reflect.InvocationTargetException
	at java.base/jdk.internal.reflect.NativeConstructorAccessorImpl.newInstance0(Native Method)
	at java.base/jdk.internal.reflect.NativeConstructorAccessorImpl.newInstance(NativeConstructorAccessorImpl.java:62)
	at java.base/jdk.internal.reflect.DelegatingConstructorAccessorImpl.newInstance(DelegatingConstructorAccessorImpl.java:45)
	at java.base/java.lang.reflect.Constructor.newInstance(Constructor.java:490)
	at ptolemy.util.test.junit.AutoKnownFailedTests.RunModel(AutoKnownFailedTests.java:105)
	at java.base/jdk.internal.reflect.NativeMethodAccessorImpl.invoke0(Native Method)
	at java.base/jdk.internal.reflect.NativeMethodAccessorImpl.invoke(NativeMethodAccessorImpl.java:62)
	at java.base/jdk.internal.reflect.DelegatingMethodAccessorImpl.invoke(DelegatingMethodAccessorImpl.java:43)
	at java.base/java.lang.reflect.Method.invoke(Method.java:566)
	at org.junit.runners.model.FrameworkMethod$1.runReflectiveCall(FrameworkMethod.java:44)
	at org.junit.internal.runners.model.ReflectiveCallable.run(ReflectiveCallable.java:15)
	at org.junit.runners.model.FrameworkMethod.invokeExplosively(FrameworkMethod.java:41)
	at junitparams.internal.InvokeParameterisedMethod.evaluate(InvokeParameterisedMethod.java:102)
	at org.junit.internal.runners.statements.FailOnTimeout$1.run(FailOnTimeout.java:28)
Caused by: ptolemy.kernel.util.IllegalActionException: SubscriptionAggregatorPorts cannot be used at the top level, use a SubscriptionAggregator actor instead.
  in .PublisherSubscriptionAggregatorPort.SubscriptionAggregatorPort
	at ptolemy.actor.SubscriptionAggregatorPort.preinitialize(SubscriptionAggregatorPort.java:353)
	at ptolemy.actor.CompositeActor.preinitialize(CompositeActor.java:1769)
	at ptolemy.actor.Manager.preinitializeAndResolveTypes(Manager.java:1040)
	at ptolemy.actor.Manager.initialize(Manager.java:710)
	at ptolemy.actor.Manager.execute(Manager.java:356)
	at ptolemy.actor.Manager.run(Manager.java:1263)
	at ptolemy.actor.Manager$PtolemyRunThread.run(Manager.java:1933)
java.lang.RuntimeException: Execution failed
	at ptolemy.moml.MoMLSimpleApplication$UnloadThread.run(MoMLSimpleApplication.java:402)
Caused by: ptolemy.kernel.util.IllegalActionException: TypeTest actor has no training data.
  in .sizedarray3.TypeTest
	at ptolemy.actor.lib.TypeTest.initialize(TypeTest.java:250)
	at ptolemy.actor.Director.initialize(Director.java:938)
	at ptolemy.actor.Director.initialize(Director.java:907)
	at ptolemy.actor.sched.StaticSchedulingDirector.initialize(StaticSchedulingDirector.java:159)
	at ptolemy.domains.sdf.kernel.SDFDirector.initialize(SDFDirector.java:544)
	at ptolemy.actor.CompositeActor.initialize(CompositeActor.java:935)
	at ptolemy.actor.Manager.initialize(Manager.java:724)
	at ptolemy.actor.Manager.execute(Manager.java:356)
	at ptolemy.actor.Manager.run(Manager.java:1263)
	at ptolemy.actor.Manager$PtolemyRunThread.run(Manager.java:1933)
java.lang.reflect.InvocationTargetException
	at java.base/jdk.internal.reflect.NativeConstructorAccessorImpl.newInstance0(Native Method)
	at java.base/jdk.internal.reflect.NativeConstructorAccessorImpl.newInstance(NativeConstructorAccessorImpl.java:62)
	at java.base/jdk.internal.reflect.DelegatingConstructorAccessorImpl.newInstance(DelegatingConstructorAccessorImpl.java:45)
	at java.base/java.lang.reflect.Constructor.newInstance(Constructor.java:490)
	at ptolemy.util.test.junit.AutoKnownFailedTests.RunModel(AutoKnownFailedTests.java:105)
	at java.base/jdk.internal.reflect.NativeMethodAccessorImpl.invoke0(Native Method)
	at java.base/jdk.internal.reflect.NativeMethodAccessorImpl.invoke(NativeMethodAccessorImpl.java:62)
	at java.base/jdk.internal.reflect.DelegatingMethodAccessorImpl.invoke(DelegatingMethodAccessorImpl.java:43)
	at java.base/java.lang.reflect.Method.invoke(Method.java:566)
	at org.junit.runners.model.FrameworkMethod$1.runReflectiveCall(FrameworkMethod.java:44)
	at org.junit.internal.runners.model.ReflectiveCallable.run(ReflectiveCallable.java:15)
	at org.junit.runners.model.FrameworkMethod.invokeExplosively(FrameworkMethod.java:41)
	at junitparams.internal.InvokeParameterisedMethod.evaluate(InvokeParameterisedMethod.java:102)
	at org.junit.internal.runners.statements.FailOnTimeout$1.run(FailOnTimeout.java:28)
Caused by: ptolemy.kernel.util.IllegalActionException: TypeTest actor has no training data.
  in .sizedarray3.TypeTest
	at ptolemy.actor.lib.TypeTest.initialize(TypeTest.java:250)
	at ptolemy.actor.Director.initialize(Director.java:938)
	at ptolemy.actor.Director.initialize(Director.java:907)
	at ptolemy.actor.sched.StaticSchedulingDirector.initialize(StaticSchedulingDirector.java:159)
	at ptolemy.domains.sdf.kernel.SDFDirector.initialize(SDFDirector.java:544)
	at ptolemy.actor.CompositeActor.initialize(CompositeActor.java:935)
	at ptolemy.actor.Manager.initialize(Manager.java:724)
	at ptolemy.actor.Manager.execute(Manager.java:356)
	at ptolemy.actor.Manager.run(Manager.java:1263)
	at ptolemy.actor.Manager$PtolemyRunThread.run(Manager.java:1933)
]]></system-err>
</testsuite>
