<?xml version="1.0" encoding="UTF-8" ?>
<testsuite errors="1" failures="2" hostname="travis-job-bbb987c9-1e8b-419d-8e6c-f0d0ad02edd2" name="ptolemy.actor.lib.test.junit.JUnitTclTest" skipped="0" tests="517" time="62.916" timestamp="2019-07-12T05:54:17">
  <properties>
    <property name="npm.executable" value="npm" />
    <property name="env.TRAVIS_ROOT" value="/" />
    <property name="ptII.mk.exists" value="true" />
    <property name="env.TRAVIS_APP_HOST" value="build.travis-ci.org" />
    <property name="env.rvm_bin_path" value="/home/travis/.rvm/bin" />
    <property name="java.home" value="/usr/local/lib/jvm/openjdk11" />
    <property name="env.TRAVIS_JOB_NUMBER" value="1225.8" />
    <property name="env.TRAVIS_HOME" value="/home/travis" />
    <property name="env.DISPLAY" value=":99.0" />
    <property name="env.TRAVIS_INIT" value="systemd" />
    <property name="env.SSH_TTY" value="/dev/pts/0" />
    <property name="java.net.preferIPv4Stack" value="true" />
    <property name="env.RUN_TESTS" value="true" />
    <property name="timeout.short" value="1000000" />
    <property name="junit.formatter" value="xml" />
    <property name="env.TRAVIS_SUDO" value="true" />
    <property name="env.TRAVIS_JOB_NAME" value="" />
    <property name="env.TRAVIS_STACK_NODE_ATTRIBUTES" value="/.node-attributes.yml" />
    <property name="env.LOGNAME" value="travis" />
    <property name="env.PT_TRAVIS_TEST_CORE1_XML" value="true" />
    <property name="jsdoc.home" value="node_modules/@terraswarm/jsdoc" />
    <property name="debuglevel" value="source,lines,vars" />
    <property name="checkstyle.formatter" value="xml" />
    <property name="env._system_version" value="16.04" />
    <property name="bin.vergil.makeable" value="true" />
    <property name="sun.os.patch.level" value="unknown" />
    <property name="java.vendor.url" value="http://java.oracle.com/" />
    <property name="env.TRAVIS_BUILD_WEB_URL" value="https://travis-ci.org/icyphy/ptII/builds/557670489" />
    <property name="java.version" value="11.0.2" />
    <property name="env.TZ" value="UTC" />
    <property name="env.TRAVIS_PULL_REQUEST_SHA" value="" />
    <property name="env.PT_NO_NET" value="true" />
    <property name="env.TRAVIS_SECURE_ENV_VARS" value="true" />
    <property name="env._system_type" value="Linux" />
    <property name="java.vendor.url.bug" value="http://bugreport.java.com/bugreport/" />
    <property name="npmjs-org-is-up" value="true" />
    <property name="env.LANGUAGE" value="en_US.UTF-8" />
    <property name="env.SSH_CLIENT" value="10.10.16.78 54368 22" />
    <property name="env.GEM_HOME" value="/home/travis/.rvm/gems/ruby-2.5.3" />
    <property name="env.HAS_ANTARES_THREE_LITTLE_FRONZIES_BADGE" value="true" />
    <property name="java.version.date" value="2019-01-15" />
    <property name="env.PS4" value="+" />
    <property name="ant.project.invoked-targets" value="build,test.core1.xml" />
    <property name="env.TRAVIS_PULL_REQUEST_BRANCH" value="" />
    <property name="env.TRAVIS_REPO_SLUG" value="icyphy/ptII" />
    <property name="env.XDG_DATA_DIRS" value="/usr/local/share:/usr/share:/var/lib/snapd/desktop" />
    <property name="jdk.debug" value="release" />
    <property name="env.TRAVIS_APT_PROXY" value="http://apt.cache.travis-ci.com" />
    <property name="node.in.path" value="true" />
    <property name="user.name" value="travis" />
    <property name="java.maxmemory" value="1400m" />
    <property name="env.RUBY_VERSION" value="ruby-2.5.3" />
    <property name="env.LANG" value="en_US.UTF-8" />
    <property name="sun.io.unicode.encoding" value="UnicodeLittle" />
    <property name="sun.jnu.encoding" value="UTF-8" />
    <property name="java.runtime.name" value="OpenJDK Runtime Environment" />
    <property name="usefile" value="false" />
    <property name="return.code" value="0" />
    <property name="junit.single.formatter" value="plain" />
    <property name="env.DYLD_LIBRARY_PATH" value="/home/travis/pthla/certi-tools/lib:" />
    <property name="env.DEBIAN_FRONTEND" value="noninteractive" />
    <property name="env.SSH_CONNECTION" value="10.10.16.78 54368 10.20.0.56 22" />
    <property name="env.MYSQL_UNIX_PORT" value="/var/run/mysqld/mysqld.sock" />
    <property name="env.LC_ALL" value="en_US.UTF-8" />
    <property name="env.TRAVIS_ALLOW_FAILURE" value="false" />
    <property name="env.TRAVIS_JOB_WEB_URL" value="https://travis-ci.org/icyphy/ptII/jobs/557670497" />
    <property name="java.specification.name" value="Java Platform API Specification" />
    <property name="node.works" value="true" />
    <property name="user.timezone" value="" />
    <property name="path.separator" value=":" />
    <property name="env.TRAVIS_ENABLE_INFRA_DETECTION" value="true" />
    <property name="env.PYTHON_CFLAGS" value="-g -fstack-protector --param=ssp-buffer-size=4 -Wformat -Werror=format-security" />
    <property name="timeout.long" value="4000000" />
    <property name="env.CERTI_HOME" value="/home/travis/pthla/certi-tools" />
    <property name="ant.file.ptII" value="/home/travis/build/icyphy/ptII/build.xml" />
    <property name="javadoc.packagenames" value="com.*,diva.*,lbnl.*,org.hlacerti.*,org.json.*,org.ptolemy.*,org.terraswarm.*,ptolemy.*,ptserver.*" />
    <property name="file.encoding" value="UTF-8" />
    <property name="env.TRAVIS_PULL_REQUEST_SLUG" value="" />
    <property name="ant.project.default-target" value="build" />
    <property name="env.GIT_ASKPASS" value="echo" />
    <property name="env.HOME" value="/home/travis" />
    <property name="sun.java.command" value="org.apache.tools.ant.taskdefs.optional.junit.JUnitTestRunner ptolemy.actor.lib.test.junit.JUnitTclTest skipNonTests=false filtertrace=true haltOnError=false haltOnFailure=false formatter=org.apache.tools.ant.taskdefs.optional.junit.OutErrSummaryJUnitResultFormatter showoutput=true outputtoformatters=true logfailedtests=true threadid=0 logtestlistenerevents=false formatter=org.apache.tools.ant.taskdefs.optional.junit.XMLJUnitResultFormatter,/home/travis/build/icyphy/ptII/reports/junit/TEST-ptolemy.actor.lib.test.junit.JUnitTclTest.xml crashfile=/home/travis/build/icyphy/ptII/junitvmwatcher16822238461620248355.properties propsfile=/home/travis/build/icyphy/ptII/junit7728588575591299793.properties" />
    <property name="env.COMPOSER_NO_INTERACTION" value="1" />
    <property name="env.MANPATH" value="/home/travis/.nvm/versions/node/v7.10.1/share/man:/home/travis/.rvm/rubies/ruby-2.5.3/share/man:/usr/local/cmake-3.12.4/man:/usr/local/clang-7.0.0/share/man:/usr/local/man:/usr/local/share/man:/usr/share/man:/home/travis/.rvm/man" />
    <property name="env.TRAVIS_TIMER_ID" value="08744be6" />
    <property name="ant.file" value="/home/travis/build/icyphy/ptII/build.xml" />
    <property name="env.TRAVIS_COMMIT_RANGE" value="4bb401de3d99...53805d6ca7ec" />
    <property name="env._system_name" value="Ubuntu" />
    <property name="ptII.classpath.optional.property" value="/home/travis/build/icyphy/ptII/lib/bsh-2.0b4.jar:/home/travis/build/icyphy/ptII/lib/ptCal.jar:/home/travis/build/icyphy/ptII/lib/java_cup.jar:/home/travis/build/icyphy/ptII/lib/saxon8.jar:/home/travis/build/icyphy/ptII/lib/saxon8-dom.jar:/home/travis/build/icyphy/ptII/lib/chic.jar:/home/travis/build/icyphy/ptII/lib/ptcolt.jar:/home/travis/build/icyphy/ptII/vendors/misc/itext/iText.jar:/home/travis/build/icyphy/ptII/lib/g4ltl.jar:/home/travis/build/icyphy/ptII/lib/StructuralCoder.jar:/home/travis/build/icyphy/ptII/vendors/jai-1_1_2_01/lib/jai_core.jar:/home/travis/build/icyphy/ptII/vendors/jai-1_1_2_01/lib/jai_codec.jar:/home/travis/build/icyphy/ptII/lib/jcerti.jar:/home/travis/build/icyphy/ptII/lib/javax.mail.jar:/home/travis/build/icyphy/ptII/vendors/JMF-2.1.1e/lib/jmf.jar:/home/travis/build/icyphy/ptII/lib/jna-4.0.0-variadic.jar:/home/travis/build/icyphy/ptII/vendors/misc/joystick/Joystick.jar:/home/travis/build/icyphy/ptII/lib/ptjacl.jar:/home/travis/build/icyphy/ptII/lib/jsoup-1.8.2.jar:/home/travis/build/icyphy/ptII/lib/junit-4.8.2.jar:/home/travis/build/icyphy/ptII/lib/JUnitParams-0.4.0.jar:/home/travis/build/icyphy/ptII/ptolemy/actor/lib/excel/jxl.jar:/home/travis/build/icyphy/ptII/lib/jython.jar:/home/travis/build/icyphy/ptII/lib/kieler.jar:/home/travis/build/icyphy/ptII/vendors/opencv/share/OpenCV/java/opencv-341.jar:/home/travis/build/icyphy/ptII/lib/oscP5.jar:/home/travis/build/icyphy/ptII/lib/nrjavaserial-3.11.0.devel.jar:/home/travis/build/icyphy/ptII/vendors/j3d/lib/j3dcore.jar:/home/travis/build/icyphy/ptII/vendors/j3d/lib/j3dutils.jar:/home/travis/build/icyphy/ptII/vendors/j3d/lib/vecmath.jar:/home/travis/build/icyphy/ptII/ptolemy/distributed/jini/jar/jini-core.jar:/home/travis/build/icyphy/ptII/ptolemy/distributed/jini/jar/jini-ext.jar:/home/travis/build/icyphy/ptII/ptolemy/distributed/jini/jar/sun-util.jar:/home/travis/build/icyphy/ptII/lib/protobuf-java-2.4.1.jar:/home/travis/build/icyphy/ptII/lib/org.eclipse.paho.client.mqttv3.jar:/home/travis/build/icyphy/ptII/lib/mapss.jar:/home/travis/build/icyphy/ptII/ptolemy/actor/ptalon/antlr/antlr.jar:/home/travis/build/icyphy/ptII/lib/JRI.jar:/home/travis/build/icyphy/ptII/lib/commons-lang-2.6.jar:/home/travis/build/icyphy/ptII/lib/commons-logging-1.1.1.jar:/home/travis/build/icyphy/ptII/lib/sootclasses.jar:/home/travis/build/icyphy/ptII/ptolemy/actor/lib/database/mysql-connector-java-5.1.6-bin.jar:/home/travis/build/icyphy/ptII/vendors/misc/sphinx4/sphinx4-data-5prealpha.jar:/home/travis/build/icyphy/ptII/vendors/misc/sphinx4/sphinx4-core-5prealpha.jar:/home/travis/build/icyphy/ptII/lib/PDFRenderer.jar:/home/travis/build/icyphy/ptII/lib/svgSalamander.jar:/home/travis/build/icyphy/ptII/lib/rsyntaxtextarea-2.6.0-SNAPSHOT.jar:/home/travis/build/icyphy/ptII/lib/hazelcast-3.8.2.jar:/home/travis/build/icyphy/ptII/lib/jackson-annotations-2.9.0.jar:/home/travis/build/icyphy/ptII/lib/jackson-core-2.9.3.jar:/home/travis/build/icyphy/ptII/lib/jackson-databind-2.9.3.jar:/home/travis/build/icyphy/ptII/lib/netty-buffer-4.1.19.Final.jar:/home/travis/build/icyphy/ptII/lib/netty-codec-4.1.19.Final.jar:/home/travis/build/icyphy/ptII/lib/netty-codec-dns-4.1.19.Final.jar:/home/travis/build/icyphy/ptII/lib/netty-codec-http-4.1.19.Final.jar:/home/travis/build/icyphy/ptII/lib/netty-codec-http2-4.1.19.Final.jar:/home/travis/build/icyphy/ptII/lib/netty-common-4.1.19.Final.jar:/home/travis/build/icyphy/ptII/lib/netty-handler-4.1.19.Final.jar:/home/travis/build/icyphy/ptII/lib/netty-resolver-4.1.19.Final.jar:/home/travis/build/icyphy/ptII/lib/netty-resolver-dns-4.1.19.Final.jar:/home/travis/build/icyphy/ptII/lib/netty-transport-4.1.19.Final.jar:/home/travis/build/icyphy/ptII/lib/vertx-codegen-3.5.1.jar:/home/travis/build/icyphy/ptII/lib/vertx-core-3.5.2-SNAPSHOT.jar:/home/travis/build/icyphy/ptII/lib/vertx-hazelcast-3.5.1.jar:/home/travis/build/icyphy/ptII/lib/vertx-lang-js-3.5.1.jar:/home/travis/build/icyphy/ptII/lib/vertx-service-proxy-3.5.1.jar:/home/travis/build/icyphy/ptII/lib/vertx-web-3.5.1.jar:/home/travis/build/icyphy/ptII/lib/slf4j-api-1.7.13.jar:/home/travis/build/icyphy/ptII/lib/slf4j-simple-1.7.13.jar:/home/travis/build/icyphy/ptII/lib/webcam-capture-0.3.12.jar:/home/travis/build/icyphy/ptII/lib/bridj-0.7.0.jar:/home/travis/build/icyphy/ptII/lib/xbjlib-1.1.0.nrjavaserial.jar" />
    <property name="timeout" value="2400000" />
    <property name="test.batch" value="**/junit/*.java" />
    <property name="env._" value="/usr/bin/timeout" />
    <property name="java.io.tmpdir" value="/tmp" />
    <property name="user.language" value="en" />
    <property name="env.TRAVIS_INTERNAL_RUBY_REGEX" value="^ruby-(2\.[0-4]\.[0-9]|1\.9\.3)" />
    <property name="env.HISTCONTROL" value="ignoredups:ignorespace" />
    <property name="env.GOROOT" value="/home/travis/.gimme/versions/go1.11.1.linux.amd64" />
    <property name="line.separator" value="&#xa;" />
    <property name="target" value="11" />
    <property name="env.TRAVIS_BUILD_DIR" value="/home/travis/build/icyphy/ptII" />
    <property name="env.ANT_OPTS" value="-Xmx2048m" />
    <property name="ant.file.type" value="file" />
    <property name="ptolemy.ptII.batchMode" value="true" />
    <property name="env.HISTSIZE" value="1000" />
    <property name="env.MERB_ENV" value="test" />
    <property name="java.vm.info" value="mixed mode" />
    <property name="source" value="11" />
    <property name="java.vm.specification.name" value="Java Virtual Machine Specification" />
    <property name="env.TRAVIS_TEST_RESULT" value="0" />
    <property name="jsdoc.command" value="node_modules/@terraswarm/jsdoc/jsdoc.js" />
    <property name="npm.works" value="true" />
    <property name="cobertura.dir" value="/home/travis/build/icyphy/ptII/vendors/cobertura-2.0.3" />
    <property name="jsdoc.command.exists" value="true" />
    <property name="env.rvm_path" value="/home/travis/.rvm" />
    <property name="env.GEM_PATH" value="/home/travis/.rvm/gems/ruby-2.5.3:/home/travis/.rvm/gems/ruby-2.5.3@global" />
    <property name="env.LC_CTYPE" value="en_US.UTF-8" />
    <property name="env.TRAVIS_CMD" value="$PTII/bin/ptIITravisBuild.sh $SECONDS" />
    <property name="java.awt.printerjob" value="sun.print.PSPrinterJob" />
    <property name="env.TRAVIS_STACK_NAME" value="sardonyx" />
    <property name="env.TRAVIS_TIMER_START_TIME" value="1562910230893790548" />
    <property name="ant.version" value="Apache Ant(TM) version 1.10.1 compiled on February 2 2017" />
    <property name="ptII.reports" value="/home/travis/build/icyphy/ptII/reports" />
    <property name="env.TRAVIS_STACK_TIMESTAMP" value="2019-03-25 16:16:56 UTC" />
    <property name="ant.file.type.ptII" value="file" />
    <property name="env.RBENV_SHELL" value="bash" />
    <property name="os.name" value="Linux" />
    <property name="java.specification.vendor" value="Oracle Corporation" />
    <property name="env.rvm_version" value="1.29.7 (latest)" />
    <property name="env.TRAVIS_INFRA" value="gce" />
    <property name="env.TERM" value="xterm" />
    <property name="java.vm.name" value="OpenJDK 64-Bit Server VM" />
    <property name="env.TRAVIS_BUILD_NUMBER" value="1225" />
    <property name="env.CI" value="true" />
    <property name="java.library.path" value="/home/travis/pthla/certi-tools/lib:/usr/lib/jni:/usr/local/share/OpenCV/java/:/usr/share/OpenCV/java::/usr/java/packages/lib:/usr/lib64:/lib64:/lib:/usr/lib" />
    <property name="env.rvm_prefix" value="/home/travis" />
    <property name="env.PATH" value="/home/travis/pthla/certi-tools/share/scripts:/home/travis/.rvm/gems/ruby-2.5.3/bin:/home/travis/.rvm/gems/ruby-2.5.3@global/bin:/home/travis/.rvm/rubies/ruby-2.5.3/bin:/home/travis/.rvm/bin:/home/travis/.nvm/versions/node/v7.10.1/bin:./node_modules/.bin:/home/travis/build/icyphy/ptII/bin:/home/travis/pthla/certi-tools/bin:/home/travis/bin:/home/travis/.local/bin:/usr/local/lib/jvm/openjdk11/bin:/opt/pyenv/shims:/home/travis/.phpenv/shims:/home/travis/perl5/perlbrew/bin:/home/travis/gopath/bin:/home/travis/.gimme/versions/go1.11.1.linux.amd64/bin:/usr/local/maven-3.6.0/bin:/usr/local/cmake-3.12.4/bin:/usr/local/clang-7.0.0/bin:/usr/local/sbin:/usr/local/bin:/usr/sbin:/usr/bin:/sbin:/bin:/snap/bin:/home/travis/.phpenv/bin:/opt/pyenv/bin:/home/travis/.yarn/bin" />
    <property name="env.TRAVIS_OS_NAME" value="linux" />
    <property name="ant.java.version" value="9" />
    <property name="basedir" value="/home/travis/build/icyphy/ptII" />
    <property name="java.class.version" value="55.0" />
    <property name="env.SHLVL" value="3" />
    <property name="env.LD_LIBRARY_PATH" value="/home/travis/pthla/certi-tools/lib:/usr/lib/jni:/usr/local/share/OpenCV/java/:/usr/share/OpenCV/java:" />
    <property name="env.RACK_ENV" value="test" />
    <property name="ant.home" value="/home/travis/build/icyphy/ptII/ant" />
    <property name="env.NVM_DIR" value="/home/travis/.nvm" />
    <property name="env.CERTI_FOM_PATH" value="/home/travis/pthla/certi-tools/share/federations" />
    <property name="env.TRAVIS_BUILD_ID" value="557670489" />
    <property name="env.PYENV_ROOT" value="/opt/pyenv" />
    <property name="env.TRAVIS_UID" value="2000" />
    <property name="prism.verbose" value="true" />
    <property name="env.NVM_BIN" value="/home/travis/.nvm/versions/node/v7.10.1/bin" />
    <property name="env.TRAVIS_COMMIT" value="53805d6ca7ec75fa18bfa51bfcf5005170db6611" />
    <property name="env._system_arch" value="x86_64" />
    <property name="node.executable" value="node" />
    <property name="sun.boot.library.path" value="/usr/local/lib/jvm/openjdk11/lib" />
    <property name="sun.management.compiler" value="HotSpot 64-Bit Tiered Compilers" />
    <property name="java.awt.graphicsenv" value="sun.awt.X11GraphicsEnvironment" />
    <property name="env.GOPATH" value="/home/travis/gopath" />
    <property name="ptolemy.ptII.dir" value="/home/travis/build/icyphy/ptII" />
    <property name="env.USER" value="travis" />
    <property name="env.HISTFILESIZE" value="2000" />
    <property name="timeout.longest" value="19000000" />
    <property name="env.PERLBREW_SHELLRC_VERSION" value="0.86" />
    <property name="env.TRAVIS_STACK_FEATURES" value="basic couchdb disabled-ipv6 docker docker-compose elasticsearch firefox go-toolchain google-chrome jdk memcached mongodb mysql nodejs_interpreter perl_interpreter perlbrew phantomjs postgresql python_interpreter redis ruby_interpreter sqlite xserver" />
    <property name="env.TRAVIS_PULL_REQUEST" value="false" />
    <property name="env.PYENV_SHELL" value="bash" />
    <property name="ant.project.name" value="ptII" />
    <property name="env.ANSI_RESET" value="\033[0m" />
    <property name="java.vm.specification.version" value="11" />
    <property name="env.TRAVIS_DIST" value="xenial" />
    <property name="env.CERTI_VERSION" value="4.0.0" />
    <property name="env.CERTI_HOST" value="localhost" />
    <property name="awt.toolkit" value="sun.awt.X11.XToolkit" />
    <property name="env.MY_RUBY_HOME" value="/home/travis/.rvm/rubies/ruby-2.5.3" />
    <property name="sun.cpu.isalist" value="" />
    <property name="env.TRAVIS_TMPDIR" value="/tmp/tmp.dJwH81NTOV" />
    <property name="java.vm.compressedOopsMode" value="Zero based" />
    <property name="os.version" value="4.15.0-1028-gcp" />
    <property name="user.home" value="/home/travis" />
    <property name="java.vm.vendor" value="Oracle Corporation" />
    <property name="env.TRAVIS_TAG" value="nightly" />
    <property name="env.ANSI_YELLOW" value="\033[33;1m" />
    <property name="env.TRAVIS_FILTERED" value="redirect_io" />
    <property name="env.ANSI_GREEN" value="\033[32;1m" />
    <property name="env.JAVA_HOME" value="/usr/local/lib/jvm/openjdk11" />
    <property name="javadoc.excludepackagenames" value="adm.cvs2svn.*,build.*,config.*,doc.coding.templates.*,jni.test.jni.meaningOfLife.*,jni.test.jni.testDeux.*,jni.test.jni.testTrois.*,org.terraswarm.accessor.accessors.web.node_modules.*,org.terraswarm.accessor.accessors.web.hosts.cordova.demo.*,org.terraswarm.accessor.accessors.web.hosts.cordova.plugins.*,org.terraswarm.accessor.accessors-svn.*,pt-modules.*,ptolemy.apps.agilent.*,ptolemy.apps.anytimecontrol.*,ptolemy.apps.apes.*,ptolemy.apps.charon.*,ptolemy.apps.crazyboard.*,ptolemy.apps.eclipse.*,ptolemy.apps.etherealSting.*,ptolemy.apps.fullscreen.*,ptolemy.apps.giotto.*,ptolemy.apps.ia.*,ptolemy.apps.interfaces.*,ptolemy.apps.jmf.*,ptolemy.apps.kurt.*,ptolemy.apps.kvm.*,ptolemy.apps.lego.*,ptolemy.apps.lejos.*,ptolemy.apps.midp.*,ptolemy.apps.mobileCoding.*,ptolemy.apps.pendulum.*,ptolemy.apps.rijndael.*,ptolemy.apps.robot.*,ptolemy.apps.security.*,ptolemy.apps.sobel.*,ptolemy.apps.soot.*,ptolemy.apps.throttle.*,ptolemy.apps.tini.*,ptolemy.apps.transmission.*,ptolemy.apps.vergil.*,ptolemy.apps.waba.*,ptolemy.apps.websensor.*,ptolemy.apps.webstart.*,ptolemy.apps.xsl.*,ptolemy.apps.zaurus.*,ptolemy.codegen.c.actor.lib.oldJavaFiles.*,ptolemy.codegen.dsp.lib.*,ptolemy.codegen.kernel.newInterfaces.*,ptolemy.codegen.lib.*,ptolemy.copernicus.kernel.fragment.*,ptolemy.copernicus.shallow.cg.*,ptolemy.domains.giotto.demo.Hierarchy.Hierarchy.*,ptolemy.domains.giotto.demo.Multimode.Multimode.*,ptolemy.domains.giotto.demo.Simple.Simple.*,ptolemy.domains.gr.lib.experimental.*,ptolemy.domains.gro.*,ptolemy.domains.pdf.*,ptolemy.domains.ptinyos.demo.Surge.output.*,ptolemy.moml.test.NoPackageActor.java*,ptolemy.plot.adm.*,ptolemy.plot.servlet.*,reports.*,signed.*,src.*,target.*,vendors.*,ptolemy.copernicus.applet.*,ptolemy.media.viewer.*,ptolemy.actor.corba.*,doc.doclets.*,ptolemy.apps.eclipse.awt.*,ptolemy.backtrack.*,ptolemy.backtrack.ast.*,ptolemy.cg.adapter.generic.program.procedural.c.mbed*,ptolemy.homer.*,org.ptolemy.scala.*,diva.util.java2d.svg.*,ptolemy.domains.ptinyos.*,ptolemy.actor.lib.fmi.fmipp.*,,org.terraswarm.accessor.accessors.web.node_modules.*,org.terraswarm.accessor.accessors-svn,ptolemy.apps.*,ptolemy.actor.ptalon.demo.ptinyos.SendAndReceiveCnt.output,ptolemy.actor.ptalon.demo.ptinyos.SenseToLeds.output,ptolemy.domains.ptinyos.demo.CntToLedsAndRfm.output,ptolemy.domains.ptinyos.demo.RfmToLeds.output,ptolemy.domains.ptinyos.demo.SendAndReceiveCnt.output,ptolemy.domains.ptinyos.demo.SenseToLeds.output,ptolemy.actor.lib.jjs.modules.udpSocket.*" />
    <property name="env.PTII" value="/home/travis/build/icyphy/ptII" />
    <property name="env.XDG_SESSION_ID" value="2" />
    <property name="keystore" value="ptKeystore" />
    <property name="env.TRAVIS_COMMIT_MESSAGE" value="configure.in changed." />
    <property name="junit.output.dir" value="/home/travis/build/icyphy/ptII/reports/junit" />
    <property name="npm.return.code" value="0" />
    <property name="user.dir" value="/home/travis/build/icyphy/ptII/ptolemy/actor/lib/test" />
    <property name="env.TRAVIS_NODE_VERSION" value="7" />
    <property name="env.TRAVIS_EVENT_TYPE" value="push" />
    <property name="env.MAIL" value="/var/mail/travis" />
    <property name="env.PERLBREW_ROOT" value="/home/travis/perl5/perlbrew" />
    <property name="env.PWD" value="/home/travis/build/icyphy/ptII" />
    <property name="timeout.npm" value="45000" />
    <property name="env.TRAVIS_ARCH" value="amd64" />
    <property name="sun.cpu.endian" value="little" />
    <property name="env.PAGER" value="cat" />
    <property name="env.TRAVIS_BUILD_STAGE_NAME" value="Test" />
    <property name="env.PERLBREW_HOME" value="/home/travis/.perlbrew" />
    <property name="java.vm.version" value="11.0.2+9" />
    <property name="env.RAILS_ENV" value="test" />
    <property name="java.class.path" value="/home/travis/.ptolemyII:/home/travis/.ptolemyII/*:/home/travis/build/icyphy/ptII:/home/travis/build/icyphy/ptII/lib/bsh-2.0b4.jar:/home/travis/build/icyphy/ptII/lib/ptCal.jar:/home/travis/build/icyphy/ptII/lib/java_cup.jar:/home/travis/build/icyphy/ptII/lib/saxon8.jar:/home/travis/build/icyphy/ptII/lib/saxon8-dom.jar:/home/travis/build/icyphy/ptII/lib/chic.jar:/home/travis/build/icyphy/ptII/lib/ptcolt.jar:/home/travis/build/icyphy/ptII/vendors/misc/itext/iText.jar:/home/travis/build/icyphy/ptII/lib/g4ltl.jar:/home/travis/build/icyphy/ptII/lib/StructuralCoder.jar:/home/travis/build/icyphy/ptII/vendors/jai-1_1_2_01/lib/jai_core.jar:/home/travis/build/icyphy/ptII/vendors/jai-1_1_2_01/lib/jai_codec.jar:/home/travis/build/icyphy/ptII/lib/jcerti.jar:/home/travis/build/icyphy/ptII/lib/javax.mail.jar:/home/travis/build/icyphy/ptII/vendors/JMF-2.1.1e/lib/jmf.jar:/home/travis/build/icyphy/ptII/lib/jna-4.0.0-variadic.jar:/home/travis/build/icyphy/ptII/vendors/misc/joystick/Joystick.jar:/home/travis/build/icyphy/ptII/lib/ptjacl.jar:/home/travis/build/icyphy/ptII/lib/jsoup-1.8.2.jar:/home/travis/build/icyphy/ptII/lib/junit-4.8.2.jar:/home/travis/build/icyphy/ptII/lib/JUnitParams-0.4.0.jar:/home/travis/build/icyphy/ptII/ptolemy/actor/lib/excel/jxl.jar:/home/travis/build/icyphy/ptII/lib/jython.jar:/home/travis/build/icyphy/ptII/lib/kieler.jar:/home/travis/build/icyphy/ptII/vendors/opencv/share/OpenCV/java/opencv-341.jar:/home/travis/build/icyphy/ptII/lib/oscP5.jar:/home/travis/build/icyphy/ptII/lib/nrjavaserial-3.11.0.devel.jar:/home/travis/build/icyphy/ptII/vendors/j3d/lib/j3dcore.jar:/home/travis/build/icyphy/ptII/vendors/j3d/lib/j3dutils.jar:/home/travis/build/icyphy/ptII/vendors/j3d/lib/vecmath.jar:/home/travis/build/icyphy/ptII/ptolemy/distributed/jini/jar/jini-core.jar:/home/travis/build/icyphy/ptII/ptolemy/distributed/jini/jar/jini-ext.jar:/home/travis/build/icyphy/ptII/ptolemy/distributed/jini/jar/sun-util.jar:/home/travis/build/icyphy/ptII/lib/protobuf-java-2.4.1.jar:/home/travis/build/icyphy/ptII/lib/org.eclipse.paho.client.mqttv3.jar:/home/travis/build/icyphy/ptII/lib/mapss.jar:/home/travis/build/icyphy/ptII/ptolemy/actor/ptalon/antlr/antlr.jar:/home/travis/build/icyphy/ptII/lib/JRI.jar:/home/travis/build/icyphy/ptII/lib/commons-lang-2.6.jar:/home/travis/build/icyphy/ptII/lib/commons-logging-1.1.1.jar:/home/travis/build/icyphy/ptII/lib/sootclasses.jar:/home/travis/build/icyphy/ptII/ptolemy/actor/lib/database/mysql-connector-java-5.1.6-bin.jar:/home/travis/build/icyphy/ptII/vendors/misc/sphinx4/sphinx4-data-5prealpha.jar:/home/travis/build/icyphy/ptII/vendors/misc/sphinx4/sphinx4-core-5prealpha.jar:/home/travis/build/icyphy/ptII/lib/PDFRenderer.jar:/home/travis/build/icyphy/ptII/lib/svgSalamander.jar:/home/travis/build/icyphy/ptII/lib/rsyntaxtextarea-2.6.0-SNAPSHOT.jar:/home/travis/build/icyphy/ptII/lib/hazelcast-3.8.2.jar:/home/travis/build/icyphy/ptII/lib/jackson-annotations-2.9.0.jar:/home/travis/build/icyphy/ptII/lib/jackson-core-2.9.3.jar:/home/travis/build/icyphy/ptII/lib/jackson-databind-2.9.3.jar:/home/travis/build/icyphy/ptII/lib/netty-buffer-4.1.19.Final.jar:/home/travis/build/icyphy/ptII/lib/netty-codec-4.1.19.Final.jar:/home/travis/build/icyphy/ptII/lib/netty-codec-dns-4.1.19.Final.jar:/home/travis/build/icyphy/ptII/lib/netty-codec-http-4.1.19.Final.jar:/home/travis/build/icyphy/ptII/lib/netty-codec-http2-4.1.19.Final.jar:/home/travis/build/icyphy/ptII/lib/netty-common-4.1.19.Final.jar:/home/travis/build/icyphy/ptII/lib/netty-handler-4.1.19.Final.jar:/home/travis/build/icyphy/ptII/lib/netty-resolver-4.1.19.Final.jar:/home/travis/build/icyphy/ptII/lib/netty-resolver-dns-4.1.19.Final.jar:/home/travis/build/icyphy/ptII/lib/netty-transport-4.1.19.Final.jar:/home/travis/build/icyphy/ptII/lib/vertx-codegen-3.5.1.jar:/home/travis/build/icyphy/ptII/lib/vertx-core-3.5.2-SNAPSHOT.jar:/home/travis/build/icyphy/ptII/lib/vertx-hazelcast-3.5.1.jar:/home/travis/build/icyphy/ptII/lib/vertx-lang-js-3.5.1.jar:/home/travis/build/icyphy/ptII/lib/vertx-service-proxy-3.5.1.jar:/home/travis/build/icyphy/ptII/lib/vertx-web-3.5.1.jar:/home/travis/build/icyphy/ptII/lib/slf4j-api-1.7.13.jar:/home/travis/build/icyphy/ptII/lib/slf4j-simple-1.7.13.jar:/home/travis/build/icyphy/ptII/lib/webcam-capture-0.3.12.jar:/home/travis/build/icyphy/ptII/lib/bridj-0.7.0.jar:/home/travis/build/icyphy/ptII/lib/xbjlib-1.1.0.nrjavaserial.jar:/home/travis/build/icyphy/ptII/ptolemy/moml/test:/home/travis/build/icyphy/ptII/ant/lib/ant-launcher.jar:/home/travis/build/icyphy/ptII/ant/lib/ant.jar:/home/travis/build/icyphy/ptII/ant/lib/ant-junit.jar:/home/travis/build/icyphy/ptII/ant/lib/ant-junit4.jar" />
    <property name="ant.library.dir" value="/home/travis/build/icyphy/ptII/ant/lib" />
    <property name="os.arch" value="amd64" />
    <property name="env.CONTINUOUS_INTEGRATION" value="true" />
    <property name="env.TRAVIS_LANGUAGE" value="node_js" />
    <property name="env.TRAVIS_STACK_LANGUAGES" value="__sardonyx__ c c++ clojure cplusplus cpp default generic go groovy java node_js php pure_java python ruby scala" />
    <property name="test.name" value="ptolemy.actor.lib.test.junit.JUnitTclTest" />
    <property name="env.APT_KEY_DONT_WARN_ON_DANGEROUS_USAGE" value="1" />
    <property name="sun.java.launcher" value="SUN_STANDARD" />
    <property name="env.PYTHON_CONFIGURE_OPTS" value="--enable-unicode=ucs4 --with-wide-unicode --enable-shared --enable-ipv6 --enable-loadable-sqlite-extensions --with-computed-gotos" />
    <property name="ant.core.lib" value="/home/travis/build/icyphy/ptII/ant/lib/ant.jar" />
    <property name="java.vm.specification.vendor" value="Oracle Corporation" />
    <property name="env.BCVTB_HOME" value="/home/travis/build/icyphy/ptII/lbnl" />
    <property name="file.separator" value="/" />
    <property name="spotbugs.home" value="/home/travis/build/icyphy/ptII/vendors/spotbugs-3.1.1" />
    <property name="java.runtime.version" value="11.0.2+9" />
    <property name="env.ANSI_CLEAR" value="\033[0K" />
    <property name="javafx.verbose" value="true" />
    <property name="env.HAS_JOSH_K_SEAL_OF_APPROVAL" value="true" />
    <property name="env.XDG_RUNTIME_DIR" value="/run/user/2000" />
    <property name="env.TRAVIS_OSX_IMAGE" value="" />
    <property name="env.TRAVIS_JOB_ID" value="557670497" />
    <property name="env.TRAVIS_BRANCH" value="master" />
    <property name="user.country" value="US" />
    <property name="env.CERTI_HOME_TRAVIS" value="/home/travis/pthla/certi-tools" />
    <property name="env.SHELL" value="/bin/bash" />
    <property name="java.maxmemory.large" value="5000m" />
    <property name="model" value="" />
    <property name="env.CASHER_DIR" value="/home/travis/.casher" />
    <property name="env.NVM_CD_FLAGS" value="" />
    <property name="java.vendor.version" value="18.9" />
    <property name="jshint.executable" value="/home/travis/node_modules/jshint/bin/jshint" />
    <property name="env.JRUBY_OPTS" value=" --client -J-XX:+TieredCompilation -J-XX:TieredStopAtLevel=1 -J-Xss2m -Xcompile.invokedynamic=false" />
    <property name="java.vendor" value="Oracle Corporation" />
    <property name="env.TRAVIS_PRE_CHEF_BOOTSTRAP_TIME" value="2019-03-25T16:16:42" />
    <property name="env.TRAVIS_STACK_JOB_BOARD_REGISTER" value="/.job-board-register.yml" />
    <property name="env.ANSI_RED" value="\033[31;1m" />
    <property name="java.specification.version" value="11" />
    <property name="env.IRBRC" value="/home/travis/.rvm/rubies/ruby-2.5.3/.irbrc" />
    <property name="env.TRAVIS" value="true" />
    <property name="sun.arch.data.model" value="64" />
  </properties>
  <testcase classname="ptolemy.util.test.junit.TclTests" name="[0] /home/travis/build/icyphy/ptII/ptolemy/actor/lib/test/AbsoluteValue.tcl (RunTclFile)" time="0.492" />
  <testcase classname="ptolemy.util.test.junit.TclTests" name="[1] /home/travis/build/icyphy/ptII/ptolemy/actor/lib/test/AddSubtract.tcl (RunTclFile)" time="0.16" />
  <testcase classname="ptolemy.util.test.junit.TclTests" name="[2] /home/travis/build/icyphy/ptII/ptolemy/actor/lib/test/Average.tcl (RunTclFile)" time="0.031" />
  <testcase classname="ptolemy.util.test.junit.TclTests" name="[3] /home/travis/build/icyphy/ptII/ptolemy/actor/lib/test/Bernoulli.tcl (RunTclFile)" time="0.04" />
  <testcase classname="ptolemy.util.test.junit.TclTests" name="[4] /home/travis/build/icyphy/ptII/ptolemy/actor/lib/test/Clock.tcl (RunTclFile)" time="0.076" />
  <testcase classname="ptolemy.util.test.junit.TclTests" name="[5] /home/travis/build/icyphy/ptII/ptolemy/actor/lib/test/Commutator.tcl (RunTclFile)" time="0.203">
    <failure message="Number of failed tests is has increased. expected:&lt;0&gt; but was:&lt;1&gt;" type="junit.framework.AssertionFailedError">junit.framework.AssertionFailedError: Number of failed tests is has increased. expected:&lt;0&gt; but was:&lt;1&gt;
	at ptolemy.util.test.junit.TclTests.RunTclFile(TclTests.java:286)
	at java.base/jdk.internal.reflect.NativeMethodAccessorImpl.invoke0(Native Method)
	at java.base/jdk.internal.reflect.NativeMethodAccessorImpl.invoke(NativeMethodAccessorImpl.java:62)
	at java.base/jdk.internal.reflect.DelegatingMethodAccessorImpl.invoke(DelegatingMethodAccessorImpl.java:43)
	at junitparams.internal.InvokeParameterisedMethod.evaluate(InvokeParameterisedMethod.java:102)
	at junitparams.internal.ParameterisedTestMethodRunner.runMethodInvoker(ParameterisedTestMethodRunner.java:47)
	at junitparams.internal.ParameterisedTestMethodRunner.runTestMethod(ParameterisedTestMethodRunner.java:41)
	at junitparams.internal.ParameterisedTestClassRunner.runParameterisedTest(ParameterisedTestClassRunner.java:143)
	at junitparams.JUnitParamsRunner.runChild(JUnitParamsRunner.java:237)
	at junitparams.JUnitParamsRunner.runChild(JUnitParamsRunner.java:215)
</failure>
  </testcase>
  <testcase classname="ptolemy.util.test.junit.TclTests" name="[6] /home/travis/build/icyphy/ptII/ptolemy/actor/lib/test/Const.tcl (RunTclFile)" time="0.138" />
  <testcase classname="ptolemy.util.test.junit.TclTests" name="[7] /home/travis/build/icyphy/ptII/ptolemy/actor/lib/test/CurrentTime.tcl (RunTclFile)" time="0.046" />
  <testcase classname="ptolemy.util.test.junit.TclTests" name="[8] /home/travis/build/icyphy/ptII/ptolemy/actor/lib/test/DB.tcl (RunTclFile)" time="0.046" />
  <testcase classname="ptolemy.util.test.junit.TclTests" name="[9] /home/travis/build/icyphy/ptII/ptolemy/actor/lib/test/DiscreteRandomSource.tcl (RunTclFile)" time="0.025" />
  <testcase classname="ptolemy.util.test.junit.TclTests" name="[10] /home/travis/build/icyphy/ptII/ptolemy/actor/lib/test/Distributor.tcl (RunTclFile)" time="0.052" />
  <testcase classname="ptolemy.util.test.junit.TclTests" name="[11] /home/travis/build/icyphy/ptII/ptolemy/actor/lib/test/Exit.tcl (RunTclFile)" time="0.093" />
  <testcase classname="ptolemy.util.test.junit.TclTests" name="[12] /home/travis/build/icyphy/ptII/ptolemy/actor/lib/test/Expression.tcl (RunTclFile)" time="0.093" />
  <testcase classname="ptolemy.util.test.junit.TclTests" name="[13] /home/travis/build/icyphy/ptII/ptolemy/actor/lib/test/Gaussian.tcl (RunTclFile)" time="0.128" />
  <testcase classname="ptolemy.util.test.junit.TclTests" name="[14] /home/travis/build/icyphy/ptII/ptolemy/actor/lib/test/IIR.tcl (RunTclFile)" time="0.042" />
  <testcase classname="ptolemy.util.test.junit.TclTests" name="[15] /home/travis/build/icyphy/ptII/ptolemy/actor/lib/test/Interpolator.tcl (RunTclFile)" time="0.111" />
  <testcase classname="ptolemy.util.test.junit.TclTests" name="[16] /home/travis/build/icyphy/ptII/ptolemy/actor/lib/test/MathFunction.tcl (RunTclFile)" time="0.042" />
  <testcase classname="ptolemy.util.test.junit.TclTests" name="[17] /home/travis/build/icyphy/ptII/ptolemy/actor/lib/test/Maximum.tcl (RunTclFile)" time="0.031" />
  <testcase classname="ptolemy.util.test.junit.TclTests" name="[18] /home/travis/build/icyphy/ptII/ptolemy/actor/lib/test/Minimum.tcl (RunTclFile)" time="0.035" />
  <testcase classname="ptolemy.util.test.junit.TclTests" name="[19] /home/travis/build/icyphy/ptII/ptolemy/actor/lib/test/MultiplyDivide.tcl (RunTclFile)" time="0.042" />
  <testcase classname="ptolemy.util.test.junit.TclTests" name="[20] /home/travis/build/icyphy/ptII/ptolemy/actor/lib/test/OrderedMerge.tcl (RunTclFile)" time="0.14" />
  <testcase classname="ptolemy.util.test.junit.TclTests" name="[21] /home/travis/build/icyphy/ptII/ptolemy/actor/lib/test/Publisher.tcl (RunTclFile)" time="0.791" />
  <testcase classname="ptolemy.util.test.junit.TclTests" name="[22] /home/travis/build/icyphy/ptII/ptolemy/actor/lib/test/Pulse.tcl (RunTclFile)" time="0.109" />
  <testcase classname="ptolemy.util.test.junit.TclTests" name="[23] /home/travis/build/icyphy/ptII/ptolemy/actor/lib/test/Ramp.tcl (RunTclFile)" time="2.412" />
  <testcase classname="ptolemy.util.test.junit.TclTests" name="[24] /home/travis/build/icyphy/ptII/ptolemy/actor/lib/test/RampContinuous.tcl (RunTclFile)" time="0.017" />
  <testcase classname="ptolemy.util.test.junit.TclTests" name="[25] /home/travis/build/icyphy/ptII/ptolemy/actor/lib/test/RecordAssembler.tcl (RunTclFile)" time="0.018" />
  <testcase classname="ptolemy.util.test.junit.TclTests" name="[26] /home/travis/build/icyphy/ptII/ptolemy/actor/lib/test/RecordDisassembler.tcl (RunTclFile)" time="0.026" />
  <testcase classname="ptolemy.util.test.junit.TclTests" name="[27] /home/travis/build/icyphy/ptII/ptolemy/actor/lib/test/Scale.tcl (RunTclFile)" time="0.036" />
  <testcase classname="ptolemy.util.test.junit.TclTests" name="[28] /home/travis/build/icyphy/ptII/ptolemy/actor/lib/test/SequentialClock.tcl (RunTclFile)" time="0.017" />
  <testcase classname="ptolemy.util.test.junit.TclTests" name="[29] /home/travis/build/icyphy/ptII/ptolemy/actor/lib/test/SetVariable.tcl (RunTclFile)" time="0.028">
    <failure message="Number of failed tests is has increased. expected:&lt;1&gt; but was:&lt;2&gt;" type="junit.framework.AssertionFailedError">junit.framework.AssertionFailedError: Number of failed tests is has increased. expected:&lt;1&gt; but was:&lt;2&gt;
	at ptolemy.util.test.junit.TclTests.RunTclFile(TclTests.java:286)
	at jdk.internal.reflect.GeneratedMethodAccessor19.invoke(Unknown Source)
	at java.base/jdk.internal.reflect.DelegatingMethodAccessorImpl.invoke(DelegatingMethodAccessorImpl.java:43)
	at junitparams.internal.InvokeParameterisedMethod.evaluate(InvokeParameterisedMethod.java:102)
	at junitparams.internal.ParameterisedTestMethodRunner.runMethodInvoker(ParameterisedTestMethodRunner.java:47)
	at junitparams.internal.ParameterisedTestMethodRunner.runTestMethod(ParameterisedTestMethodRunner.java:41)
	at junitparams.internal.ParameterisedTestClassRunner.runParameterisedTest(ParameterisedTestClassRunner.java:143)
	at junitparams.JUnitParamsRunner.runChild(JUnitParamsRunner.java:237)
	at junitparams.JUnitParamsRunner.runChild(JUnitParamsRunner.java:215)
</failure>
  </testcase>
  <testcase classname="ptolemy.util.test.junit.TclTests" name="[30] /home/travis/build/icyphy/ptII/ptolemy/actor/lib/test/Sinewave.tcl (RunTclFile)" time="0.06" />
  <testcase classname="ptolemy.util.test.junit.TclTests" name="[31] /home/travis/build/icyphy/ptII/ptolemy/actor/lib/test/SubscriptionAggregator.tcl (RunTclFile)" time="2.242" />
  <testcase classname="ptolemy.util.test.junit.TclTests" name="[32] /home/travis/build/icyphy/ptII/ptolemy/actor/lib/test/Test.tcl (RunTclFile)" time="0.085" />
  <testcase classname="ptolemy.util.test.junit.TclTests" name="[33] /home/travis/build/icyphy/ptII/ptolemy/actor/lib/test/TestExceptionHandler.tcl (RunTclFile)" time="0.01" />
  <testcase classname="ptolemy.util.test.junit.TclTests" name="[34] /home/travis/build/icyphy/ptII/ptolemy/actor/lib/test/UnionDisassembler.tcl (RunTclFile)" time="0.064" />
  <testcase classname="ptolemy.util.test.junit.TclTests" name="[35] /home/travis/build/icyphy/ptII/ptolemy/actor/lib/test/VariableClock.tcl (RunTclFile)" time="0.027" />
  <testcase classname="ptolemy.util.test.junit.AutoKnownFailedTests" name="[0] /home/travis/build/icyphy/ptII/ptolemy/actor/lib/test/auto/knownFailedTests/PublisherPortToplevelSubscriber.xml (RunModel)" time="0.025" />
  <testcase classname="ptolemy.util.test.junit.AutoKnownFailedTests" name="[1] /home/travis/build/icyphy/ptII/ptolemy/actor/lib/test/auto/knownFailedTests/PublisherSubscriberPortToplevel.xml (RunModel)" time="0.023" />
  <testcase classname="ptolemy.util.test.junit.AutoKnownFailedTests" name="[2] /home/travis/build/icyphy/ptII/ptolemy/actor/lib/test/auto/knownFailedTests/PublisherSubscriptionAggregatorPort.xml (RunModel)" time="0.02" />
  <testcase classname="ptolemy.util.test.junit.AutoKnownFailedTests" name="[3] /home/travis/build/icyphy/ptII/ptolemy/actor/lib/test/auto/knownFailedTests/sizedarray3.xml (RunModel)" time="0.029" />
  <testcase classname="ptolemy.util.test.junit.AutoNameArchTests" name="[0] ThereAreNoAutoArchTests (RunModel)" time="0.005" />
  <testcase classname="ptolemy.util.test.junit.AutoTests" name="[0] /home/travis/build/icyphy/ptII/ptolemy/actor/lib/test/auto/AbsoluteValue.xml (RunModel)" time="0.096" />
  <testcase classname="ptolemy.util.test.junit.AutoTests" name="[1] /home/travis/build/icyphy/ptII/ptolemy/actor/lib/test/auto/AbsoluteValue2.xml (RunModel)" time="0.082" />
  <testcase classname="ptolemy.util.test.junit.AutoTests" name="[2] /home/travis/build/icyphy/ptII/ptolemy/actor/lib/test/auto/Accumulator.xml (RunModel)" time="0.071" />
  <testcase classname="ptolemy.util.test.junit.AutoTests" name="[3] /home/travis/build/icyphy/ptII/ptolemy/actor/lib/test/auto/Accumulator2.xml (RunModel)" time="0.044" />
  <testcase classname="ptolemy.util.test.junit.AutoTests" name="[4] /home/travis/build/icyphy/ptII/ptolemy/actor/lib/test/auto/Accumulator3.xml (RunModel)" time="0.051" />
  <testcase classname="ptolemy.util.test.junit.AutoTests" name="[5] /home/travis/build/icyphy/ptII/ptolemy/actor/lib/test/auto/ArrayAppend.xml (RunModel)" time="0.033" />
  <testcase classname="ptolemy.util.test.junit.AutoTests" name="[6] /home/travis/build/icyphy/ptII/ptolemy/actor/lib/test/auto/ArrayAppend2.xml (RunModel)" time="0.488" />
  <testcase classname="ptolemy.util.test.junit.AutoTests" name="[7] /home/travis/build/icyphy/ptII/ptolemy/actor/lib/test/auto/ArrayAppend3.xml (RunModel)" time="0.05" />
  <testcase classname="ptolemy.util.test.junit.AutoTests" name="[8] /home/travis/build/icyphy/ptII/ptolemy/actor/lib/test/auto/ArrayAppend4.xml (RunModel)" time="0.017" />
  <testcase classname="ptolemy.util.test.junit.AutoTests" name="[9] /home/travis/build/icyphy/ptII/ptolemy/actor/lib/test/auto/ArrayAppend5.xml (RunModel)" time="0.02" />
  <testcase classname="ptolemy.util.test.junit.AutoTests" name="[10] /home/travis/build/icyphy/ptII/ptolemy/actor/lib/test/auto/ArrayAppend6.xml (RunModel)" time="0.02" />
  <testcase classname="ptolemy.util.test.junit.AutoTests" name="[11] /home/travis/build/icyphy/ptII/ptolemy/actor/lib/test/auto/ArrayAppendPerformanceTest.xml (RunModel)" time="0.061" />
  <testcase classname="ptolemy.util.test.junit.AutoTests" name="[12] /home/travis/build/icyphy/ptII/ptolemy/actor/lib/test/auto/ArrayAppendWithEmptyInput.xml (RunModel)" time="0.118" />
  <testcase classname="ptolemy.util.test.junit.AutoTests" name="[13] /home/travis/build/icyphy/ptII/ptolemy/actor/lib/test/auto/ArrayAverage.xml (RunModel)" time="0.043" />
  <testcase classname="ptolemy.util.test.junit.AutoTests" name="[14] /home/travis/build/icyphy/ptII/ptolemy/actor/lib/test/auto/ArrayContains.xml (RunModel)" time="0.032" />
  <testcase classname="ptolemy.util.test.junit.AutoTests" name="[15] /home/travis/build/icyphy/ptII/ptolemy/actor/lib/test/auto/ArrayElement.xml (RunModel)" time="0.016" />
  <testcase classname="ptolemy.util.test.junit.AutoTests" name="[16] /home/travis/build/icyphy/ptII/ptolemy/actor/lib/test/auto/ArrayElementAsMatrix.xml (RunModel)" time="0.046" />
  <testcase classname="ptolemy.util.test.junit.AutoTests" name="[17] /home/travis/build/icyphy/ptII/ptolemy/actor/lib/test/auto/ArrayElementI.xml (RunModel)" time="0.015" />
  <testcase classname="ptolemy.util.test.junit.AutoTests" name="[18] /home/travis/build/icyphy/ptII/ptolemy/actor/lib/test/auto/ArrayExtract.xml (RunModel)" time="0.027" />
  <testcase classname="ptolemy.util.test.junit.AutoTests" name="[19] /home/travis/build/icyphy/ptII/ptolemy/actor/lib/test/auto/ArrayExtract2.xml (RunModel)" time="0.014" />
  <testcase classname="ptolemy.util.test.junit.AutoTests" name="[20] /home/travis/build/icyphy/ptII/ptolemy/actor/lib/test/auto/ArrayLength.xml (RunModel)" time="0.033" />
  <testcase classname="ptolemy.util.test.junit.AutoTests" name="[21] /home/travis/build/icyphy/ptII/ptolemy/actor/lib/test/auto/ArrayLevelCrossing.xml (RunModel)" time="0.029" />
  <testcase classname="ptolemy.util.test.junit.AutoTests" name="[22] /home/travis/build/icyphy/ptII/ptolemy/actor/lib/test/auto/ArrayLevelCrossing2.xml (RunModel)" time="0.023" />
  <testcase classname="ptolemy.util.test.junit.AutoTests" name="[23] /home/travis/build/icyphy/ptII/ptolemy/actor/lib/test/auto/ArrayPeakSearch.xml (RunModel)" time="0.046" />
  <testcase classname="ptolemy.util.test.junit.AutoTests" name="[24] /home/travis/build/icyphy/ptII/ptolemy/actor/lib/test/auto/ArrayPeakSearch2.xml (RunModel)" time="0.042" />
  <testcase classname="ptolemy.util.test.junit.AutoTests" name="[25] /home/travis/build/icyphy/ptII/ptolemy/actor/lib/test/auto/ArrayPeakSearch3.xml (RunModel)" time="0.034" />
  <testcase classname="ptolemy.util.test.junit.AutoTests" name="[26] /home/travis/build/icyphy/ptII/ptolemy/actor/lib/test/auto/ArrayRemoveElement.xml (RunModel)" time="0.029" />
  <testcase classname="ptolemy.util.test.junit.AutoTests" name="[27] /home/travis/build/icyphy/ptII/ptolemy/actor/lib/test/auto/ArraySort.xml (RunModel)" time="0.032" />
  <testcase classname="ptolemy.util.test.junit.AutoTests" name="[28] /home/travis/build/icyphy/ptII/ptolemy/actor/lib/test/auto/ArraySum.xml (RunModel)" time="0.023" />
  <testcase classname="ptolemy.util.test.junit.AutoTests" name="[29] /home/travis/build/icyphy/ptII/ptolemy/actor/lib/test/auto/ArrayToElements.xml (RunModel)" time="0.032" />
  <testcase classname="ptolemy.util.test.junit.AutoTests" name="[30] /home/travis/build/icyphy/ptII/ptolemy/actor/lib/test/auto/ArrayToMatrix.xml (RunModel)" time="0.048" />
  <testcase classname="ptolemy.util.test.junit.AutoTests" name="[31] /home/travis/build/icyphy/ptII/ptolemy/actor/lib/test/auto/ArrayUpdate1.xml (RunModel)" time="0.017" />
  <testcase classname="ptolemy.util.test.junit.AutoTests" name="[32] /home/travis/build/icyphy/ptII/ptolemy/actor/lib/test/auto/ArrayUpdate2.xml (RunModel)" time="0.018" />
  <testcase classname="ptolemy.util.test.junit.AutoTests" name="[33] /home/travis/build/icyphy/ptII/ptolemy/actor/lib/test/auto/ArrayUpdate3.xml (RunModel)" time="0.015" />
  <testcase classname="ptolemy.util.test.junit.AutoTests" name="[34] /home/travis/build/icyphy/ptII/ptolemy/actor/lib/test/auto/Assert1.xml (RunModel)" time="0.026" />
  <testcase classname="ptolemy.util.test.junit.AutoTests" name="[35] /home/travis/build/icyphy/ptII/ptolemy/actor/lib/test/auto/Assert2.xml (RunModel)" time="0.018" />
  <testcase classname="ptolemy.util.test.junit.AutoTests" name="[36] /home/travis/build/icyphy/ptII/ptolemy/actor/lib/test/auto/BooleanMultiplexor.xml (RunModel)" time="0.026" />
  <testcase classname="ptolemy.util.test.junit.AutoTests" name="[37] /home/travis/build/icyphy/ptII/ptolemy/actor/lib/test/auto/BooleanMultiplexor2.xml (RunModel)" time="0.038" />
  <testcase classname="ptolemy.util.test.junit.AutoTests" name="[38] /home/travis/build/icyphy/ptII/ptolemy/actor/lib/test/auto/BooleanMultiplexor3.xml (RunModel)" time="0.028" />
  <testcase classname="ptolemy.util.test.junit.AutoTests" name="[39] /home/travis/build/icyphy/ptII/ptolemy/actor/lib/test/auto/BooleanSelect.xml (RunModel)" time="0.025" />
  <testcase classname="ptolemy.util.test.junit.AutoTests" name="[40] /home/travis/build/icyphy/ptII/ptolemy/actor/lib/test/auto/BooleanSelect2.xml (RunModel)" time="0.018" />
  <testcase classname="ptolemy.util.test.junit.AutoTests" name="[41] /home/travis/build/icyphy/ptII/ptolemy/actor/lib/test/auto/BooleanSwitch.xml (RunModel)" time="0.027" />
  <testcase classname="ptolemy.util.test.junit.AutoTests" name="[42] /home/travis/build/icyphy/ptII/ptolemy/actor/lib/test/auto/BooleanSwitch2.xml (RunModel)" time="0.019" />
  <testcase classname="ptolemy.util.test.junit.AutoTests" name="[43] /home/travis/build/icyphy/ptII/ptolemy/actor/lib/test/auto/BooleanSwitchCloningBugWithClassRelationGroup.xml (RunModel)" time="0.048" />
  <testcase classname="ptolemy.util.test.junit.AutoTests" name="[44] /home/travis/build/icyphy/ptII/ptolemy/actor/lib/test/auto/BusActors.xml (RunModel)" time="0.04" />
  <testcase classname="ptolemy.util.test.junit.AutoTests" name="[45] /home/travis/build/icyphy/ptII/ptolemy/actor/lib/test/auto/ClassWrapper.xml (RunModel)" time="0.034" />
  <testcase classname="ptolemy.util.test.junit.AutoTests" name="[46] /home/travis/build/icyphy/ptII/ptolemy/actor/lib/test/auto/Clock.xml (RunModel)" time="0.009" />
  <testcase classname="ptolemy.util.test.junit.AutoTests" name="[47] /home/travis/build/icyphy/ptII/ptolemy/actor/lib/test/auto/Clock10.xml (RunModel)" time="0.017" />
  <testcase classname="ptolemy.util.test.junit.AutoTests" name="[48] /home/travis/build/icyphy/ptII/ptolemy/actor/lib/test/auto/Clock11.xml (RunModel)" time="0.018" />
  <testcase classname="ptolemy.util.test.junit.AutoTests" name="[49] /home/travis/build/icyphy/ptII/ptolemy/actor/lib/test/auto/Clock12.xml (RunModel)" time="0.017" />
  <testcase classname="ptolemy.util.test.junit.AutoTests" name="[50] /home/travis/build/icyphy/ptII/ptolemy/actor/lib/test/auto/Clock13.xml (RunModel)" time="0.022" />
  <testcase classname="ptolemy.util.test.junit.AutoTests" name="[51] /home/travis/build/icyphy/ptII/ptolemy/actor/lib/test/auto/Clock14.xml (RunModel)" time="0.021" />
  <testcase classname="ptolemy.util.test.junit.AutoTests" name="[52] /home/travis/build/icyphy/ptII/ptolemy/actor/lib/test/auto/Clock15.xml (RunModel)" time="0.015" />
  <testcase classname="ptolemy.util.test.junit.AutoTests" name="[53] /home/travis/build/icyphy/ptII/ptolemy/actor/lib/test/auto/Clock16.xml (RunModel)" time="0.09" />
  <testcase classname="ptolemy.util.test.junit.AutoTests" name="[54] /home/travis/build/icyphy/ptII/ptolemy/actor/lib/test/auto/Clock17.xml (RunModel)" time="0.076" />
  <testcase classname="ptolemy.util.test.junit.AutoTests" name="[55] /home/travis/build/icyphy/ptII/ptolemy/actor/lib/test/auto/Clock18.xml (RunModel)" time="0.067" />
  <testcase classname="ptolemy.util.test.junit.AutoTests" name="[56] /home/travis/build/icyphy/ptII/ptolemy/actor/lib/test/auto/Clock19.xml (RunModel)" time="0.048" />
  <testcase classname="ptolemy.util.test.junit.AutoTests" name="[57] /home/travis/build/icyphy/ptII/ptolemy/actor/lib/test/auto/Clock2.xml (RunModel)" time="0.018" />
  <testcase classname="ptolemy.util.test.junit.AutoTests" name="[58] /home/travis/build/icyphy/ptII/ptolemy/actor/lib/test/auto/Clock20.xml (RunModel)" time="0.02" />
  <testcase classname="ptolemy.util.test.junit.AutoTests" name="[59] /home/travis/build/icyphy/ptII/ptolemy/actor/lib/test/auto/Clock21.xml (RunModel)" time="0.015" />
  <testcase classname="ptolemy.util.test.junit.AutoTests" name="[60] /home/travis/build/icyphy/ptII/ptolemy/actor/lib/test/auto/Clock22.xml (RunModel)" time="0.019" />
  <testcase classname="ptolemy.util.test.junit.AutoTests" name="[61] /home/travis/build/icyphy/ptII/ptolemy/actor/lib/test/auto/Clock23.xml (RunModel)" time="0.016" />
  <testcase classname="ptolemy.util.test.junit.AutoTests" name="[62] /home/travis/build/icyphy/ptII/ptolemy/actor/lib/test/auto/Clock24.xml (RunModel)" time="0.015" />
  <testcase classname="ptolemy.util.test.junit.AutoTests" name="[63] /home/travis/build/icyphy/ptII/ptolemy/actor/lib/test/auto/Clock4.xml (RunModel)" time="0.016" />
  <testcase classname="ptolemy.util.test.junit.AutoTests" name="[64] /home/travis/build/icyphy/ptII/ptolemy/actor/lib/test/auto/Clock5.xml (RunModel)" time="0.017" />
  <testcase classname="ptolemy.util.test.junit.AutoTests" name="[65] /home/travis/build/icyphy/ptII/ptolemy/actor/lib/test/auto/Clock6.xml (RunModel)" time="0.015" />
  <testcase classname="ptolemy.util.test.junit.AutoTests" name="[66] /home/travis/build/icyphy/ptII/ptolemy/actor/lib/test/auto/Clock7.xml (RunModel)" time="0.012" />
  <testcase classname="ptolemy.util.test.junit.AutoTests" name="[67] /home/travis/build/icyphy/ptII/ptolemy/actor/lib/test/auto/Clock8.xml (RunModel)" time="0.014" />
  <testcase classname="ptolemy.util.test.junit.AutoTests" name="[68] /home/travis/build/icyphy/ptII/ptolemy/actor/lib/test/auto/Clock9.xml (RunModel)" time="0.017" />
  <testcase classname="ptolemy.util.test.junit.AutoTests" name="[69] /home/travis/build/icyphy/ptII/ptolemy/actor/lib/test/auto/CommDistDiscard.xml (RunModel)" time="0.028" />
  <testcase classname="ptolemy.util.test.junit.AutoTests" name="[70] /home/travis/build/icyphy/ptII/ptolemy/actor/lib/test/auto/Commutator.xml (RunModel)" time="0.014" />
  <testcase classname="ptolemy.util.test.junit.AutoTests" name="[71] /home/travis/build/icyphy/ptII/ptolemy/actor/lib/test/auto/Commutator2.xml (RunModel)" time="0.012" />
  <testcase classname="ptolemy.util.test.junit.AutoTests" name="[72] /home/travis/build/icyphy/ptII/ptolemy/actor/lib/test/auto/Commutator3.xml (RunModel)" time="0.013" />
  <testcase classname="ptolemy.util.test.junit.AutoTests" name="[73] /home/travis/build/icyphy/ptII/ptolemy/actor/lib/test/auto/Compare.xml (RunModel)" time="0.021" />
  <testcase classname="ptolemy.util.test.junit.AutoTests" name="[74] /home/travis/build/icyphy/ptII/ptolemy/actor/lib/test/auto/CompareDE.xml (RunModel)" time="0.018" />
  <testcase classname="ptolemy.util.test.junit.AutoTests" name="[75] /home/travis/build/icyphy/ptII/ptolemy/actor/lib/test/auto/ComplexDivide.xml (RunModel)" time="0.012" />
  <testcase classname="ptolemy.util.test.junit.AutoTests" name="[76] /home/travis/build/icyphy/ptII/ptolemy/actor/lib/test/auto/ComputeHistogram.xml (RunModel)" time="0.076" />
  <testcase classname="ptolemy.util.test.junit.AutoTests" name="[77] /home/travis/build/icyphy/ptII/ptolemy/actor/lib/test/auto/ConfigurationSelect.xml (RunModel)" time="0.02" />
  <testcase classname="ptolemy.util.test.junit.AutoTests" name="[78] /home/travis/build/icyphy/ptII/ptolemy/actor/lib/test/auto/ConfigurationSelect2.xml (RunModel)" time="0.012" />
  <testcase classname="ptolemy.util.test.junit.AutoTests" name="[79] /home/travis/build/icyphy/ptII/ptolemy/actor/lib/test/auto/ConfigurationSwitch.xml (RunModel)" time="0.021" />
  <testcase classname="ptolemy.util.test.junit.AutoTests" name="[80] /home/travis/build/icyphy/ptII/ptolemy/actor/lib/test/auto/ConfigurationSwitch2.xml (RunModel)" time="0.024" />
  <testcase classname="ptolemy.util.test.junit.AutoTests" name="[81] /home/travis/build/icyphy/ptII/ptolemy/actor/lib/test/auto/ConfigurationSwitchCloningBugWithClassRelationGroup.xml (RunModel)" time="0.02" />
  <testcase classname="ptolemy.util.test.junit.AutoTests" name="[82] /home/travis/build/icyphy/ptII/ptolemy/actor/lib/test/auto/ConfigurationSwitchSelectSDF.xml (RunModel)" time="0.017" />
  <testcase classname="ptolemy.util.test.junit.AutoTests" name="[83] /home/travis/build/icyphy/ptII/ptolemy/actor/lib/test/auto/ConfigurationSwitchSelectSDF2.xml (RunModel)" time="0.016" />
  <testcase classname="ptolemy.util.test.junit.AutoTests" name="[84] /home/travis/build/icyphy/ptII/ptolemy/actor/lib/test/auto/Const.xml (RunModel)" time="0.007" />
  <testcase classname="ptolemy.util.test.junit.AutoTests" name="[85] /home/travis/build/icyphy/ptII/ptolemy/actor/lib/test/auto/Const2.xml (RunModel)" time="0.021" />
  <testcase classname="ptolemy.util.test.junit.AutoTests" name="[86] /home/travis/build/icyphy/ptII/ptolemy/actor/lib/test/auto/Const3.xml (RunModel)" time="0.01" />
  <testcase classname="ptolemy.util.test.junit.AutoTests" name="[87] /home/travis/build/icyphy/ptII/ptolemy/actor/lib/test/auto/ConstantPublisherPort1.xml (RunModel)" time="0.029" />
  <testcase classname="ptolemy.util.test.junit.AutoTests" name="[88] /home/travis/build/icyphy/ptII/ptolemy/actor/lib/test/auto/ConstantPublisherPort2.xml (RunModel)" time="0.027" />
  <testcase classname="ptolemy.util.test.junit.AutoTests" name="[89] /home/travis/build/icyphy/ptII/ptolemy/actor/lib/test/auto/ConstantPublisherPort3.xml (RunModel)" time="0.025" />
  <testcase classname="ptolemy.util.test.junit.AutoTests" name="[90] /home/travis/build/icyphy/ptII/ptolemy/actor/lib/test/auto/ConstantPublisherPort4.xml (RunModel)" time="0.017" />
  <testcase classname="ptolemy.util.test.junit.AutoTests" name="[91] /home/travis/build/icyphy/ptII/ptolemy/actor/lib/test/auto/ConstantPublisherPort5.xml (RunModel)" time="0.046" />
  <testcase classname="ptolemy.util.test.junit.AutoTests" name="[92] /home/travis/build/icyphy/ptII/ptolemy/actor/lib/test/auto/ConstantPublisherPort6.xml (RunModel)" time="0.031" />
  <testcase classname="ptolemy.util.test.junit.AutoTests" name="[93] /home/travis/build/icyphy/ptII/ptolemy/actor/lib/test/auto/ConstantPublisherPort7.xml (RunModel)" time="0.039" />
  <testcase classname="ptolemy.util.test.junit.AutoTests" name="[94] /home/travis/build/icyphy/ptII/ptolemy/actor/lib/test/auto/ConstraintMonitor1.xml (RunModel)" time="0.038" />
  <testcase classname="ptolemy.util.test.junit.AutoTests" name="[95] /home/travis/build/icyphy/ptII/ptolemy/actor/lib/test/auto/ConstraintMonitor2.xml (RunModel)" time="0.017" />
  <testcase classname="ptolemy.util.test.junit.AutoTests" name="[96] /home/travis/build/icyphy/ptII/ptolemy/actor/lib/test/auto/ConstraintMonitor3.xml (RunModel)" time="0.016" />
  <testcase classname="ptolemy.util.test.junit.AutoTests" name="[97] /home/travis/build/icyphy/ptII/ptolemy/actor/lib/test/auto/ConstraintMonitor4.xml (RunModel)" time="0.014" />
  <testcase classname="ptolemy.util.test.junit.AutoTests" name="[98] /home/travis/build/icyphy/ptII/ptolemy/actor/lib/test/auto/ConstraintMonitor5.xml (RunModel)" time="0.013" />
  <testcase classname="ptolemy.util.test.junit.AutoTests" name="[99] /home/travis/build/icyphy/ptII/ptolemy/actor/lib/test/auto/ConstraintMonitor6.xml (RunModel)" time="0.012" />
  <testcase classname="ptolemy.util.test.junit.AutoTests" name="[100] /home/travis/build/icyphy/ptII/ptolemy/actor/lib/test/auto/ConstraintMonitor7.xml (RunModel)" time="0.015" />
  <testcase classname="ptolemy.util.test.junit.AutoTests" name="[101] /home/travis/build/icyphy/ptII/ptolemy/actor/lib/test/auto/ConstraintMonitor8.xml (RunModel)" time="0.014" />
  <testcase classname="ptolemy.util.test.junit.AutoTests" name="[102] /home/travis/build/icyphy/ptII/ptolemy/actor/lib/test/auto/Counter.xml (RunModel)" time="0.011" />
  <testcase classname="ptolemy.util.test.junit.AutoTests" name="[103] /home/travis/build/icyphy/ptII/ptolemy/actor/lib/test/auto/CurrentTimeSDF.xml (RunModel)" time="0.009" />
  <testcase classname="ptolemy.util.test.junit.AutoTests" name="[104] /home/travis/build/icyphy/ptII/ptolemy/actor/lib/test/auto/DB.xml (RunModel)" time="0.012" />
  <testcase classname="ptolemy.util.test.junit.AutoTests" name="[105] /home/travis/build/icyphy/ptII/ptolemy/actor/lib/test/auto/DBDE.xml (RunModel)" time="0.022" />
  <testcase classname="ptolemy.util.test.junit.AutoTests" name="[106] /home/travis/build/icyphy/ptII/ptolemy/actor/lib/test/auto/DateConstructor.xml (RunModel)" time="0.074" />
  <testcase classname="ptolemy.util.test.junit.AutoTests" name="[107] /home/travis/build/icyphy/ptII/ptolemy/actor/lib/test/auto/DelayTime.xml (RunModel)" time="0.018" />
  <testcase classname="ptolemy.util.test.junit.AutoTests" name="[108] /home/travis/build/icyphy/ptII/ptolemy/actor/lib/test/auto/Dictionary1.xml (RunModel)" time="0.016" />
  <testcase classname="ptolemy.util.test.junit.AutoTests" name="[109] /home/travis/build/icyphy/ptII/ptolemy/actor/lib/test/auto/Dictionary2.xml (RunModel)" time="0.013" />
  <testcase classname="ptolemy.util.test.junit.AutoTests" name="[110] /home/travis/build/icyphy/ptII/ptolemy/actor/lib/test/auto/Dictionary3.xml (RunModel)" time="0.012" />
  <testcase classname="ptolemy.util.test.junit.AutoTests" name="[111] /home/travis/build/icyphy/ptII/ptolemy/actor/lib/test/auto/Dictionary4.xml (RunModel)" time="0.016" />
  <testcase classname="ptolemy.util.test.junit.AutoTests" name="[112] /home/travis/build/icyphy/ptII/ptolemy/actor/lib/test/auto/Differential.xml (RunModel)" time="0.013" />
  <testcase classname="ptolemy.util.test.junit.AutoTests" name="[113] /home/travis/build/icyphy/ptII/ptolemy/actor/lib/test/auto/Director.xml (RunModel)" time="0.009" />
  <testcase classname="ptolemy.util.test.junit.AutoTests" name="[114] /home/travis/build/icyphy/ptII/ptolemy/actor/lib/test/auto/DiscreteClock.xml (RunModel)" time="0.007" />
  <testcase classname="ptolemy.util.test.junit.AutoTests" name="[115] /home/travis/build/icyphy/ptII/ptolemy/actor/lib/test/auto/DiscreteClock10.xml (RunModel)" time="0.013" />
  <testcase classname="ptolemy.util.test.junit.AutoTests" name="[116] /home/travis/build/icyphy/ptII/ptolemy/actor/lib/test/auto/DiscreteClock11.xml (RunModel)" time="0.015" />
  <testcase classname="ptolemy.util.test.junit.AutoTests" name="[117] /home/travis/build/icyphy/ptII/ptolemy/actor/lib/test/auto/DiscreteClock12.xml (RunModel)" time="0.013" />
  <testcase classname="ptolemy.util.test.junit.AutoTests" name="[118] /home/travis/build/icyphy/ptII/ptolemy/actor/lib/test/auto/DiscreteClock13.xml (RunModel)" time="0.014" />
  <testcase classname="ptolemy.util.test.junit.AutoTests" name="[119] /home/travis/build/icyphy/ptII/ptolemy/actor/lib/test/auto/DiscreteClock14.xml (RunModel)" time="0.013" />
  <testcase classname="ptolemy.util.test.junit.AutoTests" name="[120] /home/travis/build/icyphy/ptII/ptolemy/actor/lib/test/auto/DiscreteClock15.xml (RunModel)" time="0.017" />
  <testcase classname="ptolemy.util.test.junit.AutoTests" name="[121] /home/travis/build/icyphy/ptII/ptolemy/actor/lib/test/auto/DiscreteClock16.xml (RunModel)" time="0.046" />
  <testcase classname="ptolemy.util.test.junit.AutoTests" name="[122] /home/travis/build/icyphy/ptII/ptolemy/actor/lib/test/auto/DiscreteClock17.xml (RunModel)" time="0.04" />
  <testcase classname="ptolemy.util.test.junit.AutoTests" name="[123] /home/travis/build/icyphy/ptII/ptolemy/actor/lib/test/auto/DiscreteClock18.xml (RunModel)" time="0.042" />
  <testcase classname="ptolemy.util.test.junit.AutoTests" name="[124] /home/travis/build/icyphy/ptII/ptolemy/actor/lib/test/auto/DiscreteClock19.xml (RunModel)" time="0.054" />
  <testcase classname="ptolemy.util.test.junit.AutoTests" name="[125] /home/travis/build/icyphy/ptII/ptolemy/actor/lib/test/auto/DiscreteClock2.xml (RunModel)" time="0.017" />
  <testcase classname="ptolemy.util.test.junit.AutoTests" name="[126] /home/travis/build/icyphy/ptII/ptolemy/actor/lib/test/auto/DiscreteClock20.xml (RunModel)" time="0.02" />
  <testcase classname="ptolemy.util.test.junit.AutoTests" name="[127] /home/travis/build/icyphy/ptII/ptolemy/actor/lib/test/auto/DiscreteClock21.xml (RunModel)" time="0.016" />
  <testcase classname="ptolemy.util.test.junit.AutoTests" name="[128] /home/travis/build/icyphy/ptII/ptolemy/actor/lib/test/auto/DiscreteClock22.xml (RunModel)" time="0.015" />
  <testcase classname="ptolemy.util.test.junit.AutoTests" name="[129] /home/travis/build/icyphy/ptII/ptolemy/actor/lib/test/auto/DiscreteClock23.xml (RunModel)" time="0.022" />
  <testcase classname="ptolemy.util.test.junit.AutoTests" name="[130] /home/travis/build/icyphy/ptII/ptolemy/actor/lib/test/auto/DiscreteClock24.xml (RunModel)" time="0.013" />
  <testcase classname="ptolemy.util.test.junit.AutoTests" name="[131] /home/travis/build/icyphy/ptII/ptolemy/actor/lib/test/auto/DiscreteClock4.xml (RunModel)" time="0.012" />
  <testcase classname="ptolemy.util.test.junit.AutoTests" name="[132] /home/travis/build/icyphy/ptII/ptolemy/actor/lib/test/auto/DiscreteClock5.xml (RunModel)" time="0.012" />
  <testcase classname="ptolemy.util.test.junit.AutoTests" name="[133] /home/travis/build/icyphy/ptII/ptolemy/actor/lib/test/auto/DiscreteClock6.xml (RunModel)" time="0.011" />
  <testcase classname="ptolemy.util.test.junit.AutoTests" name="[134] /home/travis/build/icyphy/ptII/ptolemy/actor/lib/test/auto/DiscreteClock7.xml (RunModel)" time="0.01" />
  <testcase classname="ptolemy.util.test.junit.AutoTests" name="[135] /home/travis/build/icyphy/ptII/ptolemy/actor/lib/test/auto/DiscreteClock8.xml (RunModel)" time="0.012" />
  <testcase classname="ptolemy.util.test.junit.AutoTests" name="[136] /home/travis/build/icyphy/ptII/ptolemy/actor/lib/test/auto/DiscreteClock9.xml (RunModel)" time="0.01" />
  <testcase classname="ptolemy.util.test.junit.AutoTests" name="[137] /home/travis/build/icyphy/ptII/ptolemy/actor/lib/test/auto/DisplayArray.xml (RunModel)" time="0.025" />
  <testcase classname="ptolemy.util.test.junit.AutoTests" name="[138] /home/travis/build/icyphy/ptII/ptolemy/actor/lib/test/auto/Distributor.xml (RunModel)" time="0.009" />
  <testcase classname="ptolemy.util.test.junit.AutoTests" name="[139] /home/travis/build/icyphy/ptII/ptolemy/actor/lib/test/auto/Distributor2.xml (RunModel)" time="0.011" />
  <testcase classname="ptolemy.util.test.junit.AutoTests" name="[140] /home/travis/build/icyphy/ptII/ptolemy/actor/lib/test/auto/DownSample.xml (RunModel)" time="0.008" />
  <testcase classname="ptolemy.util.test.junit.AutoTests" name="[141] /home/travis/build/icyphy/ptII/ptolemy/actor/lib/test/auto/ElectronicUnitBase1.xml (RunModel)" time="0.102" />
  <testcase classname="ptolemy.util.test.junit.AutoTests" name="[142] /home/travis/build/icyphy/ptII/ptolemy/actor/lib/test/auto/ElementsToArray.xml (RunModel)" time="0.025" />
  <testcase classname="ptolemy.util.test.junit.AutoTests" name="[143] /home/travis/build/icyphy/ptII/ptolemy/actor/lib/test/auto/Equals.xml (RunModel)" time="0.014" />
  <testcase classname="ptolemy.util.test.junit.AutoTests" name="[144] /home/travis/build/icyphy/ptII/ptolemy/actor/lib/test/auto/Exec.xml (RunModel)" time="0.032" />
  <testcase classname="ptolemy.util.test.junit.AutoTests" name="[145] /home/travis/build/icyphy/ptII/ptolemy/actor/lib/test/auto/ExecEnvironment.xml (RunModel)" time="0.047" />
  <testcase classname="ptolemy.util.test.junit.AutoTests" name="[146] /home/travis/build/icyphy/ptII/ptolemy/actor/lib/test/auto/ExecNonZeroReturnOutput.xml (RunModel)" time="0.218" />
  <testcase classname="ptolemy.util.test.junit.AutoTests" name="[147] /home/travis/build/icyphy/ptII/ptolemy/actor/lib/test/auto/ExecRunDemos.xml (RunModel)" time="10.854">
    <error type="java.lang.reflect.InvocationTargetException">java.lang.reflect.InvocationTargetException
	at jdk.internal.reflect.GeneratedConstructorAccessor36.newInstance(Unknown Source)
	at java.base/jdk.internal.reflect.DelegatingConstructorAccessorImpl.newInstance(DelegatingConstructorAccessorImpl.java:45)
	at java.base/java.lang.reflect.Constructor.newInstance(Constructor.java:490)
	at ptolemy.util.test.junit.AutoTests.RunModel(AutoTests.java:193)
	at jdk.internal.reflect.GeneratedMethodAccessor43.invoke(Unknown Source)
	at java.base/jdk.internal.reflect.DelegatingMethodAccessorImpl.invoke(DelegatingMethodAccessorImpl.java:43)
	at junitparams.internal.InvokeParameterisedMethod.evaluate(InvokeParameterisedMethod.java:102)
Caused by: ptolemy.kernel.util.IllegalActionException: Test fails in iteration 0.
Value was: &quot;WARNING: An illegal reflective access operation has occurred\nWARNING: Illegal reflective access by io.netty.util.internal.ReflectionUtil (file:/home/travis/build/icyphy/ptII/lib/netty-common-4.1.19.Final.jar) to constructor java.nio.DirectByteBuffer(long,int)\nWARNING: Please consider reporting this to the maintainers of io.netty.util.internal.ReflectionUtil\nWARNING: Use --illegal-access=warn to enable warnings of further illegal reflective access operations\nWARNING: All illegal access operations will be denied in a future release\n&quot;. Should have been: &quot;&quot;
  in .ExecRunDemos.Test
	at ptolemy.actor.lib.Test.fire(Test.java:268)
	at ptolemy.actor.AtomicActor.iterate(AtomicActor.java:512)
	at ptolemy.actor.sched.StaticSchedulingDirector.fire(StaticSchedulingDirector.java:216)
	at ptolemy.domains.sdf.kernel.SDFDirector.fire(SDFDirector.java:500)
	at ptolemy.actor.CompositeActor.fire(CompositeActor.java:455)
	at ptolemy.actor.Manager.iterate(Manager.java:851)
	at ptolemy.actor.Manager.execute(Manager.java:369)
	at ptolemy.actor.Manager.run(Manager.java:1263)
	at ptolemy.actor.Manager$PtolemyRunThread.run(Manager.java:1915)
</error>
  </testcase>
  <testcase classname="ptolemy.util.test.junit.AutoTests" name="[148] /home/travis/build/icyphy/ptII/ptolemy/actor/lib/test/auto/ExecStop.xml (RunModel)" time="5.029" />
  <testcase classname="ptolemy.util.test.junit.AutoTests" name="[149] /home/travis/build/icyphy/ptII/ptolemy/actor/lib/test/auto/ExecutionTimeSDF.xml (RunModel)" time="6.034" />
  <testcase classname="ptolemy.util.test.junit.AutoTests" name="[150] /home/travis/build/icyphy/ptII/ptolemy/actor/lib/test/auto/Expression1.xml (RunModel)" time="0.009" />
  <testcase classname="ptolemy.util.test.junit.AutoTests" name="[151] /home/travis/build/icyphy/ptII/ptolemy/actor/lib/test/auto/Expression10.xml (RunModel)" time="0.017" />
  <testcase classname="ptolemy.util.test.junit.AutoTests" name="[152] /home/travis/build/icyphy/ptII/ptolemy/actor/lib/test/auto/Expression11.xml (RunModel)" time="0.011" />
  <testcase classname="ptolemy.util.test.junit.AutoTests" name="[153] /home/travis/build/icyphy/ptII/ptolemy/actor/lib/test/auto/Expression12.xml (RunModel)" time="0.012" />
  <testcase classname="ptolemy.util.test.junit.AutoTests" name="[154] /home/travis/build/icyphy/ptII/ptolemy/actor/lib/test/auto/Expression13.xml (RunModel)" time="0.011" />
  <testcase classname="ptolemy.util.test.junit.AutoTests" name="[155] /home/travis/build/icyphy/ptII/ptolemy/actor/lib/test/auto/Expression14.xml (RunModel)" time="0.019" />
  <testcase classname="ptolemy.util.test.junit.AutoTests" name="[156] /home/travis/build/icyphy/ptII/ptolemy/actor/lib/test/auto/Expression15.xml (RunModel)" time="0.008" />
  <testcase classname="ptolemy.util.test.junit.AutoTests" name="[157] /home/travis/build/icyphy/ptII/ptolemy/actor/lib/test/auto/Expression16.xml (RunModel)" time="0.012" />
  <testcase classname="ptolemy.util.test.junit.AutoTests" name="[158] /home/travis/build/icyphy/ptII/ptolemy/actor/lib/test/auto/Expression17.xml (RunModel)" time="0.024" />
  <testcase classname="ptolemy.util.test.junit.AutoTests" name="[159] /home/travis/build/icyphy/ptII/ptolemy/actor/lib/test/auto/Expression18.xml (RunModel)" time="0.015" />
  <testcase classname="ptolemy.util.test.junit.AutoTests" name="[160] /home/travis/build/icyphy/ptII/ptolemy/actor/lib/test/auto/Expression2.xml (RunModel)" time="0.014" />
  <testcase classname="ptolemy.util.test.junit.AutoTests" name="[161] /home/travis/build/icyphy/ptII/ptolemy/actor/lib/test/auto/Expression3.xml (RunModel)" time="0.013" />
  <testcase classname="ptolemy.util.test.junit.AutoTests" name="[162] /home/travis/build/icyphy/ptII/ptolemy/actor/lib/test/auto/Expression4.xml (RunModel)" time="0.02" />
  <testcase classname="ptolemy.util.test.junit.AutoTests" name="[163] /home/travis/build/icyphy/ptII/ptolemy/actor/lib/test/auto/Expression5.xml (RunModel)" time="0.011" />
  <testcase classname="ptolemy.util.test.junit.AutoTests" name="[164] /home/travis/build/icyphy/ptII/ptolemy/actor/lib/test/auto/Expression6.xml (RunModel)" time="0.008" />
  <testcase classname="ptolemy.util.test.junit.AutoTests" name="[165] /home/travis/build/icyphy/ptII/ptolemy/actor/lib/test/auto/Expression7.xml (RunModel)" time="0.011" />
  <testcase classname="ptolemy.util.test.junit.AutoTests" name="[166] /home/travis/build/icyphy/ptII/ptolemy/actor/lib/test/auto/Expression8.xml (RunModel)" time="0.037" />
  <testcase classname="ptolemy.util.test.junit.AutoTests" name="[167] /home/travis/build/icyphy/ptII/ptolemy/actor/lib/test/auto/Expression9.xml (RunModel)" time="0.007" />
  <testcase classname="ptolemy.util.test.junit.AutoTests" name="[168] /home/travis/build/icyphy/ptII/ptolemy/actor/lib/test/auto/ExpressionConcatenateArrayType.xml (RunModel)" time="0.029" />
  <testcase classname="ptolemy.util.test.junit.AutoTests" name="[169] /home/travis/build/icyphy/ptII/ptolemy/actor/lib/test/auto/ExpressionConcatenateArrayType2.xml (RunModel)" time="0.025" />
  <testcase classname="ptolemy.util.test.junit.AutoTests" name="[170] /home/travis/build/icyphy/ptII/ptolemy/actor/lib/test/auto/ExpressionFix.xml (RunModel)" time="0.038" />
  <testcase classname="ptolemy.util.test.junit.AutoTests" name="[171] /home/travis/build/icyphy/ptII/ptolemy/actor/lib/test/auto/ExpressionFix2.xml (RunModel)" time="0.023" />
  <testcase classname="ptolemy.util.test.junit.AutoTests" name="[172] /home/travis/build/icyphy/ptII/ptolemy/actor/lib/test/auto/ExpressionFix3.xml (RunModel)" time="0.012" />
  <testcase classname="ptolemy.util.test.junit.AutoTests" name="[173] /home/travis/build/icyphy/ptII/ptolemy/actor/lib/test/auto/FileWriter1.xml (RunModel)" time="0.012" />
  <testcase classname="ptolemy.util.test.junit.AutoTests" name="[174] /home/travis/build/icyphy/ptII/ptolemy/actor/lib/test/auto/FileWriter2.xml (RunModel)" time="0.013" />
  <testcase classname="ptolemy.util.test.junit.AutoTests" name="[175] /home/travis/build/icyphy/ptII/ptolemy/actor/lib/test/auto/FileWriter3.xml (RunModel)" time="0.014" />
  <testcase classname="ptolemy.util.test.junit.AutoTests" name="[176] /home/travis/build/icyphy/ptII/ptolemy/actor/lib/test/auto/Gaussian.xml (RunModel)" time="0.013" />
  <testcase classname="ptolemy.util.test.junit.AutoTests" name="[177] /home/travis/build/icyphy/ptII/ptolemy/actor/lib/test/auto/Gaussian1.xml (RunModel)" time="0.023" />
  <testcase classname="ptolemy.util.test.junit.AutoTests" name="[178] /home/travis/build/icyphy/ptII/ptolemy/actor/lib/test/auto/Gaussian2.xml (RunModel)" time="0.018" />
  <testcase classname="ptolemy.util.test.junit.AutoTests" name="[179] /home/travis/build/icyphy/ptII/ptolemy/actor/lib/test/auto/GradientAdaptiveLattice.xml (RunModel)" time="0.014" />
  <testcase classname="ptolemy.util.test.junit.AutoTests" name="[180] /home/travis/build/icyphy/ptII/ptolemy/actor/lib/test/auto/IIR.xml (RunModel)" time="0.01" />
  <testcase classname="ptolemy.util.test.junit.AutoTests" name="[181] /home/travis/build/icyphy/ptII/ptolemy/actor/lib/test/auto/InputOutputTransparentPorts.xml (RunModel)" time="0.017" />
  <testcase classname="ptolemy.util.test.junit.AutoTests" name="[182] /home/travis/build/icyphy/ptII/ptolemy/actor/lib/test/auto/Interpolator.xml (RunModel)" time="0.012" />
  <testcase classname="ptolemy.util.test.junit.AutoTests" name="[183] /home/travis/build/icyphy/ptII/ptolemy/actor/lib/test/auto/InterpolatorFiringLimitDE.xml (RunModel)" time="0.012" />
  <testcase classname="ptolemy.util.test.junit.AutoTests" name="[184] /home/travis/build/icyphy/ptII/ptolemy/actor/lib/test/auto/Lattice.xml (RunModel)" time="0.009" />
  <testcase classname="ptolemy.util.test.junit.AutoTests" name="[185] /home/travis/build/icyphy/ptII/ptolemy/actor/lib/test/auto/LazyAOCTestLazy.xml (RunModel)" time="0.037" />
  <testcase classname="ptolemy.util.test.junit.AutoTests" name="[186] /home/travis/build/icyphy/ptII/ptolemy/actor/lib/test/auto/LazyAOCTestNonLazy.xml (RunModel)" time="0.039" />
  <testcase classname="ptolemy.util.test.junit.AutoTests" name="[187] /home/travis/build/icyphy/ptII/ptolemy/actor/lib/test/auto/LazyInnerClass.xml (RunModel)" time="0.044" />
  <testcase classname="ptolemy.util.test.junit.AutoTests" name="[188] /home/travis/build/icyphy/ptII/ptolemy/actor/lib/test/auto/LazyPubSub.xml (RunModel)" time="0.053" />
  <testcase classname="ptolemy.util.test.junit.AutoTests" name="[189] /home/travis/build/icyphy/ptII/ptolemy/actor/lib/test/auto/LazyPubSub2.xml (RunModel)" time="0.062" />
  <testcase classname="ptolemy.util.test.junit.AutoTests" name="[190] /home/travis/build/icyphy/ptII/ptolemy/actor/lib/test/auto/LazyPubSub3.xml (RunModel)" time="0.021" />
  <testcase classname="ptolemy.util.test.junit.AutoTests" name="[191] /home/travis/build/icyphy/ptII/ptolemy/actor/lib/test/auto/LazySubClassModel.xml (RunModel)" time="0.018" />
  <testcase classname="ptolemy.util.test.junit.AutoTests" name="[192] /home/travis/build/icyphy/ptII/ptolemy/actor/lib/test/auto/LevelCrossTest1.xml (RunModel)" time="0.009" />
  <testcase classname="ptolemy.util.test.junit.AutoTests" name="[193] /home/travis/build/icyphy/ptII/ptolemy/actor/lib/test/auto/LevelCrossTest10.xml (RunModel)" time="0.013" />
  <testcase classname="ptolemy.util.test.junit.AutoTests" name="[194] /home/travis/build/icyphy/ptII/ptolemy/actor/lib/test/auto/LevelCrossTest11.xml (RunModel)" time="0.012" />
  <testcase classname="ptolemy.util.test.junit.AutoTests" name="[195] /home/travis/build/icyphy/ptII/ptolemy/actor/lib/test/auto/LevelCrossTest12.xml (RunModel)" time="0.016" />
  <testcase classname="ptolemy.util.test.junit.AutoTests" name="[196] /home/travis/build/icyphy/ptII/ptolemy/actor/lib/test/auto/LevelCrossTest13.xml (RunModel)" time="0.012" />
  <testcase classname="ptolemy.util.test.junit.AutoTests" name="[197] /home/travis/build/icyphy/ptII/ptolemy/actor/lib/test/auto/LevelCrossTest2.xml (RunModel)" time="0.009" />
  <testcase classname="ptolemy.util.test.junit.AutoTests" name="[198] /home/travis/build/icyphy/ptII/ptolemy/actor/lib/test/auto/LevelCrossTest3.xml (RunModel)" time="0.01" />
  <testcase classname="ptolemy.util.test.junit.AutoTests" name="[199] /home/travis/build/icyphy/ptII/ptolemy/actor/lib/test/auto/LevelCrossTest4.xml (RunModel)" time="0.011" />
  <testcase classname="ptolemy.util.test.junit.AutoTests" name="[200] /home/travis/build/icyphy/ptII/ptolemy/actor/lib/test/auto/LevelCrossTest5.xml (RunModel)" time="0.011" />
  <testcase classname="ptolemy.util.test.junit.AutoTests" name="[201] /home/travis/build/icyphy/ptII/ptolemy/actor/lib/test/auto/LevelCrossTest6.xml (RunModel)" time="0.014" />
  <testcase classname="ptolemy.util.test.junit.AutoTests" name="[202] /home/travis/build/icyphy/ptII/ptolemy/actor/lib/test/auto/LevelCrossTest7.xml (RunModel)" time="0.019" />
  <testcase classname="ptolemy.util.test.junit.AutoTests" name="[203] /home/travis/build/icyphy/ptII/ptolemy/actor/lib/test/auto/LevelCrossTest8.xml (RunModel)" time="0.013" />
  <testcase classname="ptolemy.util.test.junit.AutoTests" name="[204] /home/travis/build/icyphy/ptII/ptolemy/actor/lib/test/auto/LevelCrossTest9.xml (RunModel)" time="0.013" />
  <testcase classname="ptolemy.util.test.junit.AutoTests" name="[205] /home/travis/build/icyphy/ptII/ptolemy/actor/lib/test/auto/LevinsonDurbin.xml (RunModel)" time="0.017" />
  <testcase classname="ptolemy.util.test.junit.AutoTests" name="[206] /home/travis/build/icyphy/ptII/ptolemy/actor/lib/test/auto/LevinsonDurbin2.xml (RunModel)" time="0.009" />
  <testcase classname="ptolemy.util.test.junit.AutoTests" name="[207] /home/travis/build/icyphy/ptII/ptolemy/actor/lib/test/auto/LevinsonDurbin3.xml (RunModel)" time="0.012" />
  <testcase classname="ptolemy.util.test.junit.AutoTests" name="[208] /home/travis/build/icyphy/ptII/ptolemy/actor/lib/test/auto/Limiter.xml (RunModel)" time="0.044" />
  <testcase classname="ptolemy.util.test.junit.AutoTests" name="[209] /home/travis/build/icyphy/ptII/ptolemy/actor/lib/test/auto/LinearDifferenceEquationSystem.xml (RunModel)" time="0.022" />
  <testcase classname="ptolemy.util.test.junit.AutoTests" name="[210] /home/travis/build/icyphy/ptII/ptolemy/actor/lib/test/auto/LookupTable.xml (RunModel)" time="0.01" />
  <testcase classname="ptolemy.util.test.junit.AutoTests" name="[211] /home/travis/build/icyphy/ptII/ptolemy/actor/lib/test/auto/MathFunction.xml (RunModel)" time="0.02" />
  <testcase classname="ptolemy.util.test.junit.AutoTests" name="[212] /home/travis/build/icyphy/ptII/ptolemy/actor/lib/test/auto/MathFunction2.xml (RunModel)" time="0.032" />
  <testcase classname="ptolemy.util.test.junit.AutoTests" name="[213] /home/travis/build/icyphy/ptII/ptolemy/actor/lib/test/auto/MathFunction3.xml (RunModel)" time="0.02" />
  <testcase classname="ptolemy.util.test.junit.AutoTests" name="[214] /home/travis/build/icyphy/ptII/ptolemy/actor/lib/test/auto/MatrixCropBoolean.xml (RunModel)" time="0.011" />
  <testcase classname="ptolemy.util.test.junit.AutoTests" name="[215] /home/travis/build/icyphy/ptII/ptolemy/actor/lib/test/auto/MatrixCropComplex.xml (RunModel)" time="0.01" />
  <testcase classname="ptolemy.util.test.junit.AutoTests" name="[216] /home/travis/build/icyphy/ptII/ptolemy/actor/lib/test/auto/MatrixCropDouble.xml (RunModel)" time="0.01" />
  <testcase classname="ptolemy.util.test.junit.AutoTests" name="[217] /home/travis/build/icyphy/ptII/ptolemy/actor/lib/test/auto/MatrixCropFix.xml (RunModel)" time="0.012" />
  <testcase classname="ptolemy.util.test.junit.AutoTests" name="[218] /home/travis/build/icyphy/ptII/ptolemy/actor/lib/test/auto/MatrixCropInt.xml (RunModel)" time="0.01" />
  <testcase classname="ptolemy.util.test.junit.AutoTests" name="[219] /home/travis/build/icyphy/ptII/ptolemy/actor/lib/test/auto/MatrixCropLong.xml (RunModel)" time="0.018" />
  <testcase classname="ptolemy.util.test.junit.AutoTests" name="[220] /home/travis/build/icyphy/ptII/ptolemy/actor/lib/test/auto/MatrixToArray.xml (RunModel)" time="0.05" />
  <testcase classname="ptolemy.util.test.junit.AutoTests" name="[221] /home/travis/build/icyphy/ptII/ptolemy/actor/lib/test/auto/MaxIndex.xml (RunModel)" time="0.012" />
  <testcase classname="ptolemy.util.test.junit.AutoTests" name="[222] /home/travis/build/icyphy/ptII/ptolemy/actor/lib/test/auto/Maximum.xml (RunModel)" time="0.015" />
  <testcase classname="ptolemy.util.test.junit.AutoTests" name="[223] /home/travis/build/icyphy/ptII/ptolemy/actor/lib/test/auto/MaximumComplex.xml (RunModel)" time="0.014" />
  <testcase classname="ptolemy.util.test.junit.AutoTests" name="[224] /home/travis/build/icyphy/ptII/ptolemy/actor/lib/test/auto/MethodCallTest.xml (RunModel)" time="0.024" />
  <testcase classname="ptolemy.util.test.junit.AutoTests" name="[225] /home/travis/build/icyphy/ptII/ptolemy/actor/lib/test/auto/Minimum.xml (RunModel)" time="0.014" />
  <testcase classname="ptolemy.util.test.junit.AutoTests" name="[226] /home/travis/build/icyphy/ptII/ptolemy/actor/lib/test/auto/MinimumComplex.xml (RunModel)" time="0.022" />
  <testcase classname="ptolemy.util.test.junit.AutoTests" name="[227] /home/travis/build/icyphy/ptII/ptolemy/actor/lib/test/auto/MinimumMultiports.xml (RunModel)" time="0.021" />
  <testcase classname="ptolemy.util.test.junit.AutoTests" name="[228] /home/travis/build/icyphy/ptII/ptolemy/actor/lib/test/auto/ModifyDate.xml (RunModel)" time="0.044" />
  <testcase classname="ptolemy.util.test.junit.AutoTests" name="[229] /home/travis/build/icyphy/ptII/ptolemy/actor/lib/test/auto/ModifyDate2.xml (RunModel)" time="0.03" />
  <testcase classname="ptolemy.util.test.junit.AutoTests" name="[230] /home/travis/build/icyphy/ptII/ptolemy/actor/lib/test/auto/MovingAverage.xml (RunModel)" time="0.01" />
  <testcase classname="ptolemy.util.test.junit.AutoTests" name="[231] /home/travis/build/icyphy/ptII/ptolemy/actor/lib/test/auto/MovingMaximum.xml (RunModel)" time="0.011" />
  <testcase classname="ptolemy.util.test.junit.AutoTests" name="[232] /home/travis/build/icyphy/ptII/ptolemy/actor/lib/test/auto/MultipleLinksToSameRelation.xml (RunModel)" time="0.006" />
  <testcase classname="ptolemy.util.test.junit.AutoTests" name="[233] /home/travis/build/icyphy/ptII/ptolemy/actor/lib/test/auto/MultipleLinksToSameRelationDE.xml (RunModel)" time="0.009" />
  <testcase classname="ptolemy.util.test.junit.AutoTests" name="[234] /home/travis/build/icyphy/ptII/ptolemy/actor/lib/test/auto/Multiplexor.xml (RunModel)" time="0.018" />
  <testcase classname="ptolemy.util.test.junit.AutoTests" name="[235] /home/travis/build/icyphy/ptII/ptolemy/actor/lib/test/auto/Multiplexor1.xml (RunModel)" time="0.011" />
  <testcase classname="ptolemy.util.test.junit.AutoTests" name="[236] /home/travis/build/icyphy/ptII/ptolemy/actor/lib/test/auto/Multiplexor2.xml (RunModel)" time="0.012" />
  <testcase classname="ptolemy.util.test.junit.AutoTests" name="[237] /home/travis/build/icyphy/ptII/ptolemy/actor/lib/test/auto/Multiplexor3.xml (RunModel)" time="0.008" />
  <testcase classname="ptolemy.util.test.junit.AutoTests" name="[238] /home/travis/build/icyphy/ptII/ptolemy/actor/lib/test/auto/MultiplexorDE.xml (RunModel)" time="0.015" />
  <testcase classname="ptolemy.util.test.junit.AutoTests" name="[239] /home/travis/build/icyphy/ptII/ptolemy/actor/lib/test/auto/MultiportBroadcastTest.xml (RunModel)" time="0.097" />
  <testcase classname="ptolemy.util.test.junit.AutoTests" name="[240] /home/travis/build/icyphy/ptII/ptolemy/actor/lib/test/auto/MultiportOutHangDuringGetWidth.xml (RunModel)" time="0.036" />
  <testcase classname="ptolemy.util.test.junit.AutoTests" name="[241] /home/travis/build/icyphy/ptII/ptolemy/actor/lib/test/auto/NilToken.xml (RunModel)" time="0.011" />
  <testcase classname="ptolemy.util.test.junit.AutoTests" name="[242] /home/travis/build/icyphy/ptII/ptolemy/actor/lib/test/auto/NilTokenNonStrictTest.xml (RunModel)" time="0.01" />
  <testcase classname="ptolemy.util.test.junit.AutoTests" name="[243] /home/travis/build/icyphy/ptII/ptolemy/actor/lib/test/auto/NilTokenRecord.xml (RunModel)" time="0.028" />
  <testcase classname="ptolemy.util.test.junit.AutoTests" name="[244] /home/travis/build/icyphy/ptII/ptolemy/actor/lib/test/auto/NilTokenTypeTest.xml (RunModel)" time="0.038" />
  <testcase classname="ptolemy.util.test.junit.AutoTests" name="[245] /home/travis/build/icyphy/ptII/ptolemy/actor/lib/test/auto/ObjectToken1.xml (RunModel)" time="0.008" />
  <testcase classname="ptolemy.util.test.junit.AutoTests" name="[246] /home/travis/build/icyphy/ptII/ptolemy/actor/lib/test/auto/OrderedMerge.xml (RunModel)" time="0.017" />
  <testcase classname="ptolemy.util.test.junit.AutoTests" name="[247] /home/travis/build/icyphy/ptII/ptolemy/actor/lib/test/auto/OrderedRecordDisassembler.xml (RunModel)" time="0.019" />
  <testcase classname="ptolemy.util.test.junit.AutoTests" name="[248] /home/travis/build/icyphy/ptII/ptolemy/actor/lib/test/auto/OrderedRecordDisassembler2.xml (RunModel)" time="0.017" />
  <testcase classname="ptolemy.util.test.junit.AutoTests" name="[249] /home/travis/build/icyphy/ptII/ptolemy/actor/lib/test/auto/OrderedRecordUpdater.xml (RunModel)" time="0.01" />
  <testcase classname="ptolemy.util.test.junit.AutoTests" name="[250] /home/travis/build/icyphy/ptII/ptolemy/actor/lib/test/auto/OrderedRecordUpdater2.xml (RunModel)" time="0.018" />
  <testcase classname="ptolemy.util.test.junit.AutoTests" name="[251] /home/travis/build/icyphy/ptII/ptolemy/actor/lib/test/auto/PhaseUnwrap.xml (RunModel)" time="0.014" />
  <testcase classname="ptolemy.util.test.junit.AutoTests" name="[252] /home/travis/build/icyphy/ptII/ptolemy/actor/lib/test/auto/PoissonClock.xml (RunModel)" time="0.01" />
  <testcase classname="ptolemy.util.test.junit.AutoTests" name="[253] /home/travis/build/icyphy/ptII/ptolemy/actor/lib/test/auto/PoissonClock2.xml (RunModel)" time="0.007" />
  <testcase classname="ptolemy.util.test.junit.AutoTests" name="[254] /home/travis/build/icyphy/ptII/ptolemy/actor/lib/test/auto/PoissonClock3.xml (RunModel)" time="0.025" />
  <testcase classname="ptolemy.util.test.junit.AutoTests" name="[255] /home/travis/build/icyphy/ptII/ptolemy/actor/lib/test/auto/PubSubWithInitialTokens.xml (RunModel)" time="0.014" />
  <testcase classname="ptolemy.util.test.junit.AutoTests" name="[256] /home/travis/build/icyphy/ptII/ptolemy/actor/lib/test/auto/PubSubWithInitialTokens2.xml (RunModel)" time="0.015" />
  <testcase classname="ptolemy.util.test.junit.AutoTests" name="[257] /home/travis/build/icyphy/ptII/ptolemy/actor/lib/test/auto/PublisherClassNoParameter.xml (RunModel)" time="0.025" />
  <testcase classname="ptolemy.util.test.junit.AutoTests" name="[258] /home/travis/build/icyphy/ptII/ptolemy/actor/lib/test/auto/PublisherClassParameter.xml (RunModel)" time="0.019" />
  <testcase classname="ptolemy.util.test.junit.AutoTests" name="[259] /home/travis/build/icyphy/ptII/ptolemy/actor/lib/test/auto/PublisherNonStrictTest.xml (RunModel)" time="0.014" />
  <testcase classname="ptolemy.util.test.junit.AutoTests" name="[260] /home/travis/build/icyphy/ptII/ptolemy/actor/lib/test/auto/PublisherPort1.xml (RunModel)" time="0.02" />
  <testcase classname="ptolemy.util.test.junit.AutoTests" name="[261] /home/travis/build/icyphy/ptII/ptolemy/actor/lib/test/auto/PublisherPort2.xml (RunModel)" time="0.022" />
  <testcase classname="ptolemy.util.test.junit.AutoTests" name="[262] /home/travis/build/icyphy/ptII/ptolemy/actor/lib/test/auto/PublisherPort3.xml (RunModel)" time="0.011" />
  <testcase classname="ptolemy.util.test.junit.AutoTests" name="[263] /home/travis/build/icyphy/ptII/ptolemy/actor/lib/test/auto/PublisherPort4.xml (RunModel)" time="0.012" />
  <testcase classname="ptolemy.util.test.junit.AutoTests" name="[264] /home/travis/build/icyphy/ptII/ptolemy/actor/lib/test/auto/PublisherPort5.xml (RunModel)" time="0.013" />
  <testcase classname="ptolemy.util.test.junit.AutoTests" name="[265] /home/travis/build/icyphy/ptII/ptolemy/actor/lib/test/auto/PublisherPort5LookAlike.xml (RunModel)" time="0.014" />
  <testcase classname="ptolemy.util.test.junit.AutoTests" name="[266] /home/travis/build/icyphy/ptII/ptolemy/actor/lib/test/auto/PublisherPort6.xml (RunModel)" time="0.013" />
  <testcase classname="ptolemy.util.test.junit.AutoTests" name="[267] /home/travis/build/icyphy/ptII/ptolemy/actor/lib/test/auto/PublisherPort7.xml (RunModel)" time="0.014" />
  <testcase classname="ptolemy.util.test.junit.AutoTests" name="[268] /home/travis/build/icyphy/ptII/ptolemy/actor/lib/test/auto/PublisherPort8.xml (RunModel)" time="0.016" />
  <testcase classname="ptolemy.util.test.junit.AutoTests" name="[269] /home/travis/build/icyphy/ptII/ptolemy/actor/lib/test/auto/PublisherPortSubscriberChannelVariablesAOC2.xml (RunModel)" time="0.03" />
  <testcase classname="ptolemy.util.test.junit.AutoTests" name="[270] /home/travis/build/icyphy/ptII/ptolemy/actor/lib/test/auto/PublisherPortSubscriberOpaqueWidthInference.xml (RunModel)" time="0.014" />
  <testcase classname="ptolemy.util.test.junit.AutoTests" name="[271] /home/travis/build/icyphy/ptII/ptolemy/actor/lib/test/auto/PublisherPortSubscriberPortAdjacent.xml (RunModel)" time="0.018" />
  <testcase classname="ptolemy.util.test.junit.AutoTests" name="[272] /home/travis/build/icyphy/ptII/ptolemy/actor/lib/test/auto/PublisherPortSubscriberPortExpression.xml (RunModel)" time="0.019" />
  <testcase classname="ptolemy.util.test.junit.AutoTests" name="[273] /home/travis/build/icyphy/ptII/ptolemy/actor/lib/test/auto/PublisherPortSubscriberPortOpaqueD3Reverse.xml (RunModel)" time="0.033" />
  <testcase classname="ptolemy.util.test.junit.AutoTests" name="[274] /home/travis/build/icyphy/ptII/ptolemy/actor/lib/test/auto/PublisherPortSubscriberPortOpaqueWidthInference.xml (RunModel)" time="0.014" />
  <testcase classname="ptolemy.util.test.junit.AutoTests" name="[275] /home/travis/build/icyphy/ptII/ptolemy/actor/lib/test/auto/PublisherPortToplevelSubscriberPortAOC.xml (RunModel)" time="0.011" />
  <testcase classname="ptolemy.util.test.junit.AutoTests" name="[276] /home/travis/build/icyphy/ptII/ptolemy/actor/lib/test/auto/PublisherSubscriber.xml (RunModel)" time="0.013" />
  <testcase classname="ptolemy.util.test.junit.AutoTests" name="[277] /home/travis/build/icyphy/ptII/ptolemy/actor/lib/test/auto/PublisherSubscriber10.xml (RunModel)" time="0.022" />
  <testcase classname="ptolemy.util.test.junit.AutoTests" name="[278] /home/travis/build/icyphy/ptII/ptolemy/actor/lib/test/auto/PublisherSubscriber10InitialOutputs.xml (RunModel)" time="0.027" />
  <testcase classname="ptolemy.util.test.junit.AutoTests" name="[279] /home/travis/build/icyphy/ptII/ptolemy/actor/lib/test/auto/PublisherSubscriber11.xml (RunModel)" time="0.02" />
  <testcase classname="ptolemy.util.test.junit.AutoTests" name="[280] /home/travis/build/icyphy/ptII/ptolemy/actor/lib/test/auto/PublisherSubscriber12.xml (RunModel)" time="0.015" />
  <testcase classname="ptolemy.util.test.junit.AutoTests" name="[281] /home/travis/build/icyphy/ptII/ptolemy/actor/lib/test/auto/PublisherSubscriber13.xml (RunModel)" time="0.012" />
  <testcase classname="ptolemy.util.test.junit.AutoTests" name="[282] /home/travis/build/icyphy/ptII/ptolemy/actor/lib/test/auto/PublisherSubscriber14.xml (RunModel)" time="0.019" />
  <testcase classname="ptolemy.util.test.junit.AutoTests" name="[283] /home/travis/build/icyphy/ptII/ptolemy/actor/lib/test/auto/PublisherSubscriber2.xml (RunModel)" time="0.015" />
  <testcase classname="ptolemy.util.test.junit.AutoTests" name="[284] /home/travis/build/icyphy/ptII/ptolemy/actor/lib/test/auto/PublisherSubscriber3.xml (RunModel)" time="0.014" />
  <testcase classname="ptolemy.util.test.junit.AutoTests" name="[285] /home/travis/build/icyphy/ptII/ptolemy/actor/lib/test/auto/PublisherSubscriber4.xml (RunModel)" time="0.011" />
  <testcase classname="ptolemy.util.test.junit.AutoTests" name="[286] /home/travis/build/icyphy/ptII/ptolemy/actor/lib/test/auto/PublisherSubscriber5.xml (RunModel)" time="0.022" />
  <testcase classname="ptolemy.util.test.junit.AutoTests" name="[287] /home/travis/build/icyphy/ptII/ptolemy/actor/lib/test/auto/PublisherSubscriber6.xml (RunModel)" time="0.022" />
  <testcase classname="ptolemy.util.test.junit.AutoTests" name="[288] /home/travis/build/icyphy/ptII/ptolemy/actor/lib/test/auto/PublisherSubscriber7.xml (RunModel)" time="0.02" />
  <testcase classname="ptolemy.util.test.junit.AutoTests" name="[289] /home/travis/build/icyphy/ptII/ptolemy/actor/lib/test/auto/PublisherSubscriber8.xml (RunModel)" time="0.038" />
  <testcase classname="ptolemy.util.test.junit.AutoTests" name="[290] /home/travis/build/icyphy/ptII/ptolemy/actor/lib/test/auto/PublisherSubscriber9.xml (RunModel)" time="0.015" />
  <testcase classname="ptolemy.util.test.junit.AutoTests" name="[291] /home/travis/build/icyphy/ptII/ptolemy/actor/lib/test/auto/PublisherSubscriberAdjacent.xml (RunModel)" time="0.017" />
  <testcase classname="ptolemy.util.test.junit.AutoTests" name="[292] /home/travis/build/icyphy/ptII/ptolemy/actor/lib/test/auto/PublisherSubscriberChannelVariablesAOC2.xml (RunModel)" time="0.027" />
  <testcase classname="ptolemy.util.test.junit.AutoTests" name="[293] /home/travis/build/icyphy/ptII/ptolemy/actor/lib/test/auto/PublisherSubscriberD3.xml (RunModel)" time="0.013" />
  <testcase classname="ptolemy.util.test.junit.AutoTests" name="[294] /home/travis/build/icyphy/ptII/ptolemy/actor/lib/test/auto/PublisherSubscriberD3Reverse.xml (RunModel)" time="0.013" />
  <testcase classname="ptolemy.util.test.junit.AutoTests" name="[295] /home/travis/build/icyphy/ptII/ptolemy/actor/lib/test/auto/PublisherSubscriberExpression.xml (RunModel)" time="0.018" />
  <testcase classname="ptolemy.util.test.junit.AutoTests" name="[296] /home/travis/build/icyphy/ptII/ptolemy/actor/lib/test/auto/PublisherSubscriberOpaque.xml (RunModel)" time="0.015" />
  <testcase classname="ptolemy.util.test.junit.AutoTests" name="[297] /home/travis/build/icyphy/ptII/ptolemy/actor/lib/test/auto/PublisherSubscriberOpaqueD3.xml (RunModel)" time="0.024" />
  <testcase classname="ptolemy.util.test.junit.AutoTests" name="[298] /home/travis/build/icyphy/ptII/ptolemy/actor/lib/test/auto/PublisherSubscriberOpaqueD3Reverse.xml (RunModel)" time="0.024" />
  <testcase classname="ptolemy.util.test.junit.AutoTests" name="[299] /home/travis/build/icyphy/ptII/ptolemy/actor/lib/test/auto/PublisherSubscriberOpaqueWidthInference.xml (RunModel)" time="0.017" />
  <testcase classname="ptolemy.util.test.junit.AutoTests" name="[300] /home/travis/build/icyphy/ptII/ptolemy/actor/lib/test/auto/PublisherTestSubscriber.xml (RunModel)" time="0.021" />
  <testcase classname="ptolemy.util.test.junit.AutoTests" name="[301] /home/travis/build/icyphy/ptII/ptolemy/actor/lib/test/auto/PublisherToplevelSubscriberPortAOC.xml (RunModel)" time="0.011" />
  <testcase classname="ptolemy.util.test.junit.AutoTests" name="[302] /home/travis/build/icyphy/ptII/ptolemy/actor/lib/test/auto/PulseFiringLimitDE.xml (RunModel)" time="0.014" />
  <testcase classname="ptolemy.util.test.junit.AutoTests" name="[303] /home/travis/build/icyphy/ptII/ptolemy/actor/lib/test/auto/Ramp1.xml (RunModel)" time="0.007" />
  <testcase classname="ptolemy.util.test.junit.AutoTests" name="[304] /home/travis/build/icyphy/ptII/ptolemy/actor/lib/test/auto/RampFiringLimitDE.xml (RunModel)" time="0.01" />
  <testcase classname="ptolemy.util.test.junit.AutoTests" name="[305] /home/travis/build/icyphy/ptII/ptolemy/actor/lib/test/auto/RampFiringLimitSDF.xml (RunModel)" time="0.009" />
  <testcase classname="ptolemy.util.test.junit.AutoTests" name="[306] /home/travis/build/icyphy/ptII/ptolemy/actor/lib/test/auto/RandomInteger.xml (RunModel)" time="0.008" />
  <testcase classname="ptolemy.util.test.junit.AutoTests" name="[307] /home/travis/build/icyphy/ptII/ptolemy/actor/lib/test/auto/ReadFile1.xml (RunModel)" time="0.007" />
  <testcase classname="ptolemy.util.test.junit.AutoTests" name="[308] /home/travis/build/icyphy/ptII/ptolemy/actor/lib/test/auto/ReadFile2.xml (RunModel)" time="0.007" />
  <testcase classname="ptolemy.util.test.junit.AutoTests" name="[309] /home/travis/build/icyphy/ptII/ptolemy/actor/lib/test/auto/Reader.xml (RunModel)" time="0.021" />
  <testcase classname="ptolemy.util.test.junit.AutoTests" name="[310] /home/travis/build/icyphy/ptII/ptolemy/actor/lib/test/auto/RecordAssemblerDisplayNameTest.xml (RunModel)" time="3.606" />
  <testcase classname="ptolemy.util.test.junit.AutoTests" name="[311] /home/travis/build/icyphy/ptII/ptolemy/actor/lib/test/auto/RecordAssemblerTypeError.xml (RunModel)" time="0.042" />
  <testcase classname="ptolemy.util.test.junit.AutoTests" name="[312] /home/travis/build/icyphy/ptII/ptolemy/actor/lib/test/auto/RecordDisassember.xml (RunModel)" time="0.013" />
  <testcase classname="ptolemy.util.test.junit.AutoTests" name="[313] /home/travis/build/icyphy/ptII/ptolemy/actor/lib/test/auto/RecordDisassemberDisplayNameTest.xml (RunModel)" time="0.018" />
  <testcase classname="ptolemy.util.test.junit.AutoTests" name="[314] /home/travis/build/icyphy/ptII/ptolemy/actor/lib/test/auto/RecordDisassembler.xml (RunModel)" time="0.01" />
  <testcase classname="ptolemy.util.test.junit.AutoTests" name="[315] /home/travis/build/icyphy/ptII/ptolemy/actor/lib/test/auto/RecordDisassembler2.xml (RunModel)" time="0.008" />
  <testcase classname="ptolemy.util.test.junit.AutoTests" name="[316] /home/travis/build/icyphy/ptII/ptolemy/actor/lib/test/auto/RecordUpdater.xml (RunModel)" time="0.011" />
  <testcase classname="ptolemy.util.test.junit.AutoTests" name="[317] /home/travis/build/icyphy/ptII/ptolemy/actor/lib/test/auto/RecordUpdater2.xml (RunModel)" time="0.008" />
  <testcase classname="ptolemy.util.test.junit.AutoTests" name="[318] /home/travis/build/icyphy/ptII/ptolemy/actor/lib/test/auto/RecursiveLattice.xml (RunModel)" time="0.007" />
  <testcase classname="ptolemy.util.test.junit.AutoTests" name="[319] /home/travis/build/icyphy/ptII/ptolemy/actor/lib/test/auto/Router.xml (RunModel)" time="3.023" />
  <testcase classname="ptolemy.util.test.junit.AutoTests" name="[320] /home/travis/build/icyphy/ptII/ptolemy/actor/lib/test/auto/Router2.xml (RunModel)" time="3.021" />
  <testcase classname="ptolemy.util.test.junit.AutoTests" name="[321] /home/travis/build/icyphy/ptII/ptolemy/actor/lib/test/auto/RunningMaximum.xml (RunModel)" time="0.014" />
  <testcase classname="ptolemy.util.test.junit.AutoTests" name="[322] /home/travis/build/icyphy/ptII/ptolemy/actor/lib/test/auto/RunningMinimum.xml (RunModel)" time="0.018" />
  <testcase classname="ptolemy.util.test.junit.AutoTests" name="[323] /home/travis/build/icyphy/ptII/ptolemy/actor/lib/test/auto/Scale.xml (RunModel)" time="0.009" />
  <testcase classname="ptolemy.util.test.junit.AutoTests" name="[324] /home/travis/build/icyphy/ptII/ptolemy/actor/lib/test/auto/Scale2.xml (RunModel)" time="0.009" />
  <testcase classname="ptolemy.util.test.junit.AutoTests" name="[325] /home/travis/build/icyphy/ptII/ptolemy/actor/lib/test/auto/Scale3.xml (RunModel)" time="0.013" />
  <testcase classname="ptolemy.util.test.junit.AutoTests" name="[326] /home/travis/build/icyphy/ptII/ptolemy/actor/lib/test/auto/ScaleArray.xml (RunModel)" time="0.006" />
  <testcase classname="ptolemy.util.test.junit.AutoTests" name="[327] /home/travis/build/icyphy/ptII/ptolemy/actor/lib/test/auto/ScaleArray2.xml (RunModel)" time="0.007" />
  <testcase classname="ptolemy.util.test.junit.AutoTests" name="[328] /home/travis/build/icyphy/ptII/ptolemy/actor/lib/test/auto/ScaleMatrix.xml (RunModel)" time="0.179" />
  <testcase classname="ptolemy.util.test.junit.AutoTests" name="[329] /home/travis/build/icyphy/ptII/ptolemy/actor/lib/test/auto/Select.xml (RunModel)" time="0.014" />
  <testcase classname="ptolemy.util.test.junit.AutoTests" name="[330] /home/travis/build/icyphy/ptII/ptolemy/actor/lib/test/auto/Select2.xml (RunModel)" time="0.007" />
  <testcase classname="ptolemy.util.test.junit.AutoTests" name="[331] /home/travis/build/icyphy/ptII/ptolemy/actor/lib/test/auto/SequenceToArray2.xml (RunModel)" time="0.123" />
  <testcase classname="ptolemy.util.test.junit.AutoTests" name="[332] /home/travis/build/icyphy/ptII/ptolemy/actor/lib/test/auto/SequentialClock.xml (RunModel)" time="0.01" />
  <testcase classname="ptolemy.util.test.junit.AutoTests" name="[333] /home/travis/build/icyphy/ptII/ptolemy/actor/lib/test/auto/SetVariable.xml (RunModel)" time="0.01" />
  <testcase classname="ptolemy.util.test.junit.AutoTests" name="[334] /home/travis/build/icyphy/ptII/ptolemy/actor/lib/test/auto/SetVariable2.xml (RunModel)" time="0.018" />
  <testcase classname="ptolemy.util.test.junit.AutoTests" name="[335] /home/travis/build/icyphy/ptII/ptolemy/actor/lib/test/auto/SetVariable3.xml (RunModel)" time="0.015" />
  <testcase classname="ptolemy.util.test.junit.AutoTests" name="[336] /home/travis/build/icyphy/ptII/ptolemy/actor/lib/test/auto/SetVariable4.xml (RunModel)" time="0.022" />
  <testcase classname="ptolemy.util.test.junit.AutoTests" name="[337] /home/travis/build/icyphy/ptII/ptolemy/actor/lib/test/auto/SetVariable5.xml (RunModel)" time="0.035" />
  <testcase classname="ptolemy.util.test.junit.AutoTests" name="[338] /home/travis/build/icyphy/ptII/ptolemy/actor/lib/test/auto/Sinewave.xml (RunModel)" time="0.026" />
  <testcase classname="ptolemy.util.test.junit.AutoTests" name="[339] /home/travis/build/icyphy/ptII/ptolemy/actor/lib/test/auto/Sinewave2.xml (RunModel)" time="0.016" />
  <testcase classname="ptolemy.util.test.junit.AutoTests" name="[340] /home/travis/build/icyphy/ptII/ptolemy/actor/lib/test/auto/Sinewave3.xml (RunModel)" time="0.022" />
  <testcase classname="ptolemy.util.test.junit.AutoTests" name="[341] /home/travis/build/icyphy/ptII/ptolemy/actor/lib/test/auto/SingleEvent.xml (RunModel)" time="0.006" />
  <testcase classname="ptolemy.util.test.junit.AutoTests" name="[342] /home/travis/build/icyphy/ptII/ptolemy/actor/lib/test/auto/Sleep.xml (RunModel)" time="6.015" />
  <testcase classname="ptolemy.util.test.junit.AutoTests" name="[343] /home/travis/build/icyphy/ptII/ptolemy/actor/lib/test/auto/SleepMultipleFire.xml (RunModel)" time="1.018" />
  <testcase classname="ptolemy.util.test.junit.AutoTests" name="[344] /home/travis/build/icyphy/ptII/ptolemy/actor/lib/test/auto/StopDE.xml (RunModel)" time="0.012" />
  <testcase classname="ptolemy.util.test.junit.AutoTests" name="[345] /home/travis/build/icyphy/ptII/ptolemy/actor/lib/test/auto/StopSDF.xml (RunModel)" time="0.01" />
  <testcase classname="ptolemy.util.test.junit.AutoTests" name="[346] /home/travis/build/icyphy/ptII/ptolemy/actor/lib/test/auto/StringConstant.xml (RunModel)" time="0.015" />
  <testcase classname="ptolemy.util.test.junit.AutoTests" name="[347] /home/travis/build/icyphy/ptII/ptolemy/actor/lib/test/auto/SubscriberPortInitialValues1.xml (RunModel)" time="0.017" />
  <testcase classname="ptolemy.util.test.junit.AutoTests" name="[348] /home/travis/build/icyphy/ptII/ptolemy/actor/lib/test/auto/SubscriberPortInitialValues13.xml (RunModel)" time="0.024" />
  <testcase classname="ptolemy.util.test.junit.AutoTests" name="[349] /home/travis/build/icyphy/ptII/ptolemy/actor/lib/test/auto/SubscriberPortInitialValues14.xml (RunModel)" time="0.013" />
  <testcase classname="ptolemy.util.test.junit.AutoTests" name="[350] /home/travis/build/icyphy/ptII/ptolemy/actor/lib/test/auto/SubscriberPortInitialValues2.xml (RunModel)" time="0.014" />
  <testcase classname="ptolemy.util.test.junit.AutoTests" name="[351] /home/travis/build/icyphy/ptII/ptolemy/actor/lib/test/auto/SubscriberPortInitialValues3.xml (RunModel)" time="0.022" />
  <testcase classname="ptolemy.util.test.junit.AutoTests" name="[352] /home/travis/build/icyphy/ptII/ptolemy/actor/lib/test/auto/SubscriptionAggregator.xml (RunModel)" time="0.012" />
  <testcase classname="ptolemy.util.test.junit.AutoTests" name="[353] /home/travis/build/icyphy/ptII/ptolemy/actor/lib/test/auto/SubscriptionAggregator2.xml (RunModel)" time="0.013" />
  <testcase classname="ptolemy.util.test.junit.AutoTests" name="[354] /home/travis/build/icyphy/ptII/ptolemy/actor/lib/test/auto/SubscriptionAggregator3.xml (RunModel)" time="0.016" />
  <testcase classname="ptolemy.util.test.junit.AutoTests" name="[355] /home/travis/build/icyphy/ptII/ptolemy/actor/lib/test/auto/SubscriptionAggregatorMultiply.xml (RunModel)" time="0.025" />
  <testcase classname="ptolemy.util.test.junit.AutoTests" name="[356] /home/travis/build/icyphy/ptII/ptolemy/actor/lib/test/auto/SubscriptionAggregatorPortMultiply1.xml (RunModel)" time="0.013" />
  <testcase classname="ptolemy.util.test.junit.AutoTests" name="[357] /home/travis/build/icyphy/ptII/ptolemy/actor/lib/test/auto/Switch.xml (RunModel)" time="0.018" />
  <testcase classname="ptolemy.util.test.junit.AutoTests" name="[358] /home/travis/build/icyphy/ptII/ptolemy/actor/lib/test/auto/Switch2.xml (RunModel)" time="0.011" />
  <testcase classname="ptolemy.util.test.junit.AutoTests" name="[359] /home/travis/build/icyphy/ptII/ptolemy/actor/lib/test/auto/SwitchDE.xml (RunModel)" time="0.014" />
  <testcase classname="ptolemy.util.test.junit.AutoTests" name="[360] /home/travis/build/icyphy/ptII/ptolemy/actor/lib/test/auto/SynchronizerDE.xml (RunModel)" time="0.02" />
  <testcase classname="ptolemy.util.test.junit.AutoTests" name="[361] /home/travis/build/icyphy/ptII/ptolemy/actor/lib/test/auto/Test.xml (RunModel)" time="0.018" />
  <testcase classname="ptolemy.util.test.junit.AutoTests" name="[362] /home/travis/build/icyphy/ptII/ptolemy/actor/lib/test/auto/TestExceptionAttribute1.xml (RunModel)" time="0.011" />
  <testcase classname="ptolemy.util.test.junit.AutoTests" name="[363] /home/travis/build/icyphy/ptII/ptolemy/actor/lib/test/auto/TestExceptionAttribute2.xml (RunModel)" time="0.01" />
  <testcase classname="ptolemy.util.test.junit.AutoTests" name="[364] /home/travis/build/icyphy/ptII/ptolemy/actor/lib/test/auto/TestExceptionAttribute3.xml (RunModel)" time="0.005" />
  <testcase classname="ptolemy.util.test.junit.AutoTests" name="[365] /home/travis/build/icyphy/ptII/ptolemy/actor/lib/test/auto/TestExceptionAttribute4.xml (RunModel)" time="0.005" />
  <testcase classname="ptolemy.util.test.junit.AutoTests" name="[366] /home/travis/build/icyphy/ptII/ptolemy/actor/lib/test/auto/TestExceptionHandler1.xml (RunModel)" time="0.01" />
  <testcase classname="ptolemy.util.test.junit.AutoTests" name="[367] /home/travis/build/icyphy/ptII/ptolemy/actor/lib/test/auto/TestExceptionHandler2.xml (RunModel)" time="0.016" />
  <testcase classname="ptolemy.util.test.junit.AutoTests" name="[368] /home/travis/build/icyphy/ptII/ptolemy/actor/lib/test/auto/TestExceptionHandler3.xml (RunModel)" time="0.005" />
  <testcase classname="ptolemy.util.test.junit.AutoTests" name="[369] /home/travis/build/icyphy/ptII/ptolemy/actor/lib/test/auto/TestExceptionHandler4.xml (RunModel)" time="0.005" />
  <testcase classname="ptolemy.util.test.junit.AutoTests" name="[370] /home/travis/build/icyphy/ptII/ptolemy/actor/lib/test/auto/TestRequireCorrectOrder.xml (RunModel)" time="0.013" />
  <testcase classname="ptolemy.util.test.junit.AutoTests" name="[371] /home/travis/build/icyphy/ptII/ptolemy/actor/lib/test/auto/TestSimple.xml (RunModel)" time="0.009" />
  <testcase classname="ptolemy.util.test.junit.AutoTests" name="[372] /home/travis/build/icyphy/ptII/ptolemy/actor/lib/test/auto/ThrowModelError.xml (RunModel)" time="0.011" />
  <testcase classname="ptolemy.util.test.junit.AutoTests" name="[373] /home/travis/build/icyphy/ptII/ptolemy/actor/lib/test/auto/TimeDelayMicrosteps.xml (RunModel)" time="0.013" />
  <testcase classname="ptolemy.util.test.junit.AutoTests" name="[374] /home/travis/build/icyphy/ptII/ptolemy/actor/lib/test/auto/TimeDelayMicrosteps2.xml (RunModel)" time="0.013" />
  <testcase classname="ptolemy.util.test.junit.AutoTests" name="[375] /home/travis/build/icyphy/ptII/ptolemy/actor/lib/test/auto/TimeDelayMicrosteps3.xml (RunModel)" time="0.016" />
  <testcase classname="ptolemy.util.test.junit.AutoTests" name="[376] /home/travis/build/icyphy/ptII/ptolemy/actor/lib/test/auto/TimeDelayVariableMicrosteps.xml (RunModel)" time="0.011" />
  <testcase classname="ptolemy.util.test.junit.AutoTests" name="[377] /home/travis/build/icyphy/ptII/ptolemy/actor/lib/test/auto/TimeGap.xml (RunModel)" time="0.013" />
  <testcase classname="ptolemy.util.test.junit.AutoTests" name="[378] /home/travis/build/icyphy/ptII/ptolemy/actor/lib/test/auto/TimeGap2.xml (RunModel)" time="0.01" />
  <testcase classname="ptolemy.util.test.junit.AutoTests" name="[379] /home/travis/build/icyphy/ptII/ptolemy/actor/lib/test/auto/TimedSinewave.xml (RunModel)" time="0.052" />
  <testcase classname="ptolemy.util.test.junit.AutoTests" name="[380] /home/travis/build/icyphy/ptII/ptolemy/actor/lib/test/auto/TimedSinewavePhase.xml (RunModel)" time="0.035" />
  <testcase classname="ptolemy.util.test.junit.AutoTests" name="[381] /home/travis/build/icyphy/ptII/ptolemy/actor/lib/test/auto/Timer.xml (RunModel)" time="0.015" />
  <testcase classname="ptolemy.util.test.junit.AutoTests" name="[382] /home/travis/build/icyphy/ptII/ptolemy/actor/lib/test/auto/TriangularDistTestModel.xml (RunModel)" time="0.016" />
  <testcase classname="ptolemy.util.test.junit.AutoTests" name="[383] /home/travis/build/icyphy/ptII/ptolemy/actor/lib/test/auto/TrigFunction.xml (RunModel)" time="0.007" />
  <testcase classname="ptolemy.util.test.junit.AutoTests" name="[384] /home/travis/build/icyphy/ptII/ptolemy/actor/lib/test/auto/TrigFunctionDE.xml (RunModel)" time="0.01" />
  <testcase classname="ptolemy.util.test.junit.AutoTests" name="[385] /home/travis/build/icyphy/ptII/ptolemy/actor/lib/test/auto/TrigFunctionInverse.xml (RunModel)" time="0.007" />
  <testcase classname="ptolemy.util.test.junit.AutoTests" name="[386] /home/travis/build/icyphy/ptII/ptolemy/actor/lib/test/auto/TrigFunctionTan.xml (RunModel)" time="0.005" />
  <testcase classname="ptolemy.util.test.junit.AutoTests" name="[387] /home/travis/build/icyphy/ptII/ptolemy/actor/lib/test/auto/TriggeredClock.xml (RunModel)" time="0.007" />
  <testcase classname="ptolemy.util.test.junit.AutoTests" name="[388] /home/travis/build/icyphy/ptII/ptolemy/actor/lib/test/auto/URLDirectoryReader.xml (RunModel)" time="0.114" />
  <testcase classname="ptolemy.util.test.junit.AutoTests" name="[389] /home/travis/build/icyphy/ptII/ptolemy/actor/lib/test/auto/URLDirectoryReader3.xml (RunModel)" time="1.526" />
  <testcase classname="ptolemy.util.test.junit.AutoTests" name="[390] /home/travis/build/icyphy/ptII/ptolemy/actor/lib/test/auto/UnaryMathFunction.xml (RunModel)" time="0.027" />
  <testcase classname="ptolemy.util.test.junit.AutoTests" name="[391] /home/travis/build/icyphy/ptII/ptolemy/actor/lib/test/auto/Uniform.xml (RunModel)" time="0.013" />
  <testcase classname="ptolemy.util.test.junit.AutoTests" name="[392] /home/travis/build/icyphy/ptII/ptolemy/actor/lib/test/auto/UnionDisassemblerTest.xml (RunModel)" time="0.021" />
  <testcase classname="ptolemy.util.test.junit.AutoTests" name="[393] /home/travis/build/icyphy/ptII/ptolemy/actor/lib/test/auto/UtilityFunctions.xml (RunModel)" time="0.007" />
  <testcase classname="ptolemy.util.test.junit.AutoTests" name="[394] /home/travis/build/icyphy/ptII/ptolemy/actor/lib/test/auto/VariableSleep.xml (RunModel)" time="0.511" />
  <testcase classname="ptolemy.util.test.junit.AutoTests" name="[395] /home/travis/build/icyphy/ptII/ptolemy/actor/lib/test/auto/VectorAssemblerDisassemblerCT.xml (RunModel)" time="0.112" />
  <testcase classname="ptolemy.util.test.junit.AutoTests" name="[396] /home/travis/build/icyphy/ptII/ptolemy/actor/lib/test/auto/VectorAssemblerDisassemblerDE.xml (RunModel)" time="0.014" />
  <testcase classname="ptolemy.util.test.junit.AutoTests" name="[397] /home/travis/build/icyphy/ptII/ptolemy/actor/lib/test/auto/VectorAssemblerDisassemblerSDF.xml (RunModel)" time="0.012" />
  <testcase classname="ptolemy.util.test.junit.AutoTests" name="[398] /home/travis/build/icyphy/ptII/ptolemy/actor/lib/test/auto/WallClockTime.xml (RunModel)" time="1.018" />
  <testcase classname="ptolemy.util.test.junit.AutoTests" name="[399] /home/travis/build/icyphy/ptII/ptolemy/actor/lib/test/auto/WidthTestWithSubscriberPublisher.xml (RunModel)" time="0.041" />
  <testcase classname="ptolemy.util.test.junit.AutoTests" name="[400] /home/travis/build/icyphy/ptII/ptolemy/actor/lib/test/auto/WidthTestWithSubscriberPublisher2.xml (RunModel)" time="0.014" />
  <testcase classname="ptolemy.util.test.junit.AutoTests" name="[401] /home/travis/build/icyphy/ptII/ptolemy/actor/lib/test/auto/WidthTestWithSubscriberPublisher3.xml (RunModel)" time="0.011" />
  <testcase classname="ptolemy.util.test.junit.AutoTests" name="[402] /home/travis/build/icyphy/ptII/ptolemy/actor/lib/test/auto/Writer.xml (RunModel)" time="0.007" />
  <testcase classname="ptolemy.util.test.junit.AutoTests" name="[403] /home/travis/build/icyphy/ptII/ptolemy/actor/lib/test/auto/array.xml (RunModel)" time="0.025" />
  <testcase classname="ptolemy.util.test.junit.AutoTests" name="[404] /home/travis/build/icyphy/ptII/ptolemy/actor/lib/test/auto/array2.xml (RunModel)" time="0.013" />
  <testcase classname="ptolemy.util.test.junit.AutoTests" name="[405] /home/travis/build/icyphy/ptII/ptolemy/actor/lib/test/auto/arrayType.xml (RunModel)" time="0.013" />
  <testcase classname="ptolemy.util.test.junit.AutoTests" name="[406] /home/travis/build/icyphy/ptII/ptolemy/actor/lib/test/auto/arrayType10.xml (RunModel)" time="0.007" />
  <testcase classname="ptolemy.util.test.junit.AutoTests" name="[407] /home/travis/build/icyphy/ptII/ptolemy/actor/lib/test/auto/arrayType11.xml (RunModel)" time="0.007" />
  <testcase classname="ptolemy.util.test.junit.AutoTests" name="[408] /home/travis/build/icyphy/ptII/ptolemy/actor/lib/test/auto/arrayType12.xml (RunModel)" time="0.008" />
  <testcase classname="ptolemy.util.test.junit.AutoTests" name="[409] /home/travis/build/icyphy/ptII/ptolemy/actor/lib/test/auto/arrayType13.xml (RunModel)" time="0.009" />
  <testcase classname="ptolemy.util.test.junit.AutoTests" name="[410] /home/travis/build/icyphy/ptII/ptolemy/actor/lib/test/auto/arrayType14.xml (RunModel)" time="0.01" />
  <testcase classname="ptolemy.util.test.junit.AutoTests" name="[411] /home/travis/build/icyphy/ptII/ptolemy/actor/lib/test/auto/arrayType15.xml (RunModel)" time="0.01" />
  <testcase classname="ptolemy.util.test.junit.AutoTests" name="[412] /home/travis/build/icyphy/ptII/ptolemy/actor/lib/test/auto/arrayType16.xml (RunModel)" time="0.009" />
  <testcase classname="ptolemy.util.test.junit.AutoTests" name="[413] /home/travis/build/icyphy/ptII/ptolemy/actor/lib/test/auto/arrayType17.xml (RunModel)" time="0.008" />
  <testcase classname="ptolemy.util.test.junit.AutoTests" name="[414] /home/travis/build/icyphy/ptII/ptolemy/actor/lib/test/auto/arrayType18.xml (RunModel)" time="0.007" />
  <testcase classname="ptolemy.util.test.junit.AutoTests" name="[415] /home/travis/build/icyphy/ptII/ptolemy/actor/lib/test/auto/arrayType19.xml (RunModel)" time="0.007" />
  <testcase classname="ptolemy.util.test.junit.AutoTests" name="[416] /home/travis/build/icyphy/ptII/ptolemy/actor/lib/test/auto/arrayType2.xml (RunModel)" time="0.008" />
  <testcase classname="ptolemy.util.test.junit.AutoTests" name="[417] /home/travis/build/icyphy/ptII/ptolemy/actor/lib/test/auto/arrayType20.xml (RunModel)" time="0.007" />
  <testcase classname="ptolemy.util.test.junit.AutoTests" name="[418] /home/travis/build/icyphy/ptII/ptolemy/actor/lib/test/auto/arrayType21.xml (RunModel)" time="0.007" />
  <testcase classname="ptolemy.util.test.junit.AutoTests" name="[419] /home/travis/build/icyphy/ptII/ptolemy/actor/lib/test/auto/arrayType22.xml (RunModel)" time="0.007" />
  <testcase classname="ptolemy.util.test.junit.AutoTests" name="[420] /home/travis/build/icyphy/ptII/ptolemy/actor/lib/test/auto/arrayType23.xml (RunModel)" time="0.007" />
  <testcase classname="ptolemy.util.test.junit.AutoTests" name="[421] /home/travis/build/icyphy/ptII/ptolemy/actor/lib/test/auto/arrayType24.xml (RunModel)" time="0.007" />
  <testcase classname="ptolemy.util.test.junit.AutoTests" name="[422] /home/travis/build/icyphy/ptII/ptolemy/actor/lib/test/auto/arrayType25.xml (RunModel)" time="0.007" />
  <testcase classname="ptolemy.util.test.junit.AutoTests" name="[423] /home/travis/build/icyphy/ptII/ptolemy/actor/lib/test/auto/arrayType26.xml (RunModel)" time="0.008" />
  <testcase classname="ptolemy.util.test.junit.AutoTests" name="[424] /home/travis/build/icyphy/ptII/ptolemy/actor/lib/test/auto/arrayType27.xml (RunModel)" time="0.009" />
  <testcase classname="ptolemy.util.test.junit.AutoTests" name="[425] /home/travis/build/icyphy/ptII/ptolemy/actor/lib/test/auto/arrayType28.xml (RunModel)" time="0.008" />
  <testcase classname="ptolemy.util.test.junit.AutoTests" name="[426] /home/travis/build/icyphy/ptII/ptolemy/actor/lib/test/auto/arrayType3.xml (RunModel)" time="0.007" />
  <testcase classname="ptolemy.util.test.junit.AutoTests" name="[427] /home/travis/build/icyphy/ptII/ptolemy/actor/lib/test/auto/arrayType4.xml (RunModel)" time="0.007" />
  <testcase classname="ptolemy.util.test.junit.AutoTests" name="[428] /home/travis/build/icyphy/ptII/ptolemy/actor/lib/test/auto/arrayType5.xml (RunModel)" time="0.008" />
  <testcase classname="ptolemy.util.test.junit.AutoTests" name="[429] /home/travis/build/icyphy/ptII/ptolemy/actor/lib/test/auto/arrayType6.xml (RunModel)" time="0.019" />
  <testcase classname="ptolemy.util.test.junit.AutoTests" name="[430] /home/travis/build/icyphy/ptII/ptolemy/actor/lib/test/auto/arrayType7.xml (RunModel)" time="0.008" />
  <testcase classname="ptolemy.util.test.junit.AutoTests" name="[431] /home/travis/build/icyphy/ptII/ptolemy/actor/lib/test/auto/arrayType8.xml (RunModel)" time="0.013" />
  <testcase classname="ptolemy.util.test.junit.AutoTests" name="[432] /home/travis/build/icyphy/ptII/ptolemy/actor/lib/test/auto/arrayType9.xml (RunModel)" time="0.008" />
  <testcase classname="ptolemy.util.test.junit.AutoTests" name="[433] /home/travis/build/icyphy/ptII/ptolemy/actor/lib/test/auto/cast.xml (RunModel)" time="0.008" />
  <testcase classname="ptolemy.util.test.junit.AutoTests" name="[434] /home/travis/build/icyphy/ptII/ptolemy/actor/lib/test/auto/compositeMultiPort.xml (RunModel)" time="0.022" />
  <testcase classname="ptolemy.util.test.junit.AutoTests" name="[435] /home/travis/build/icyphy/ptII/ptolemy/actor/lib/test/auto/expressionCastInference.xml (RunModel)" time="0.008" />
  <testcase classname="ptolemy.util.test.junit.AutoTests" name="[436] /home/travis/build/icyphy/ptII/ptolemy/actor/lib/test/auto/expressionCastInference2.xml (RunModel)" time="0.006" />
  <testcase classname="ptolemy.util.test.junit.AutoTests" name="[437] /home/travis/build/icyphy/ptII/ptolemy/actor/lib/test/auto/expressionInference.xml (RunModel)" time="0.006" />
  <testcase classname="ptolemy.util.test.junit.AutoTests" name="[438] /home/travis/build/icyphy/ptII/ptolemy/actor/lib/test/auto/expression_bug.xml (RunModel)" time="0.01" />
  <testcase classname="ptolemy.util.test.junit.AutoTests" name="[439] /home/travis/build/icyphy/ptII/ptolemy/actor/lib/test/auto/factorial.xml (RunModel)" time="0.045" />
  <testcase classname="ptolemy.util.test.junit.AutoTests" name="[440] /home/travis/build/icyphy/ptII/ptolemy/actor/lib/test/auto/filterTest1.xml (RunModel)" time="0.011" />
  <testcase classname="ptolemy.util.test.junit.AutoTests" name="[441] /home/travis/build/icyphy/ptII/ptolemy/actor/lib/test/auto/funcApplyInConst.xml (RunModel)" time="0.005" />
  <testcase classname="ptolemy.util.test.junit.AutoTests" name="[442] /home/travis/build/icyphy/ptII/ptolemy/actor/lib/test/auto/funcApplyInExpr.xml (RunModel)" time="0.005" />
  <testcase classname="ptolemy.util.test.junit.AutoTests" name="[443] /home/travis/build/icyphy/ptII/ptolemy/actor/lib/test/auto/function.xml (RunModel)" time="0.046" />
  <testcase classname="ptolemy.util.test.junit.AutoTests" name="[444] /home/travis/build/icyphy/ptII/ptolemy/actor/lib/test/auto/function2.xml (RunModel)" time="0.031" />
  <testcase classname="ptolemy.util.test.junit.AutoTests" name="[445] /home/travis/build/icyphy/ptII/ptolemy/actor/lib/test/auto/function3.xml (RunModel)" time="0.027" />
  <testcase classname="ptolemy.util.test.junit.AutoTests" name="[446] /home/travis/build/icyphy/ptII/ptolemy/actor/lib/test/auto/functionClosureTest1.xml (RunModel)" time="0.043" />
  <testcase classname="ptolemy.util.test.junit.AutoTests" name="[447] /home/travis/build/icyphy/ptII/ptolemy/actor/lib/test/auto/functionClosureTest2.xml (RunModel)" time="0.023" />
  <testcase classname="ptolemy.util.test.junit.AutoTests" name="[448] /home/travis/build/icyphy/ptII/ptolemy/actor/lib/test/auto/functionClosureTest3.xml (RunModel)" time="0.055" />
  <testcase classname="ptolemy.util.test.junit.AutoTests" name="[449] /home/travis/build/icyphy/ptII/ptolemy/actor/lib/test/auto/functionClosureTest4.xml (RunModel)" time="0.03" />
  <testcase classname="ptolemy.util.test.junit.AutoTests" name="[450] /home/travis/build/icyphy/ptII/ptolemy/actor/lib/test/auto/functionClosureTest5.xml (RunModel)" time="0.049" />
  <testcase classname="ptolemy.util.test.junit.AutoTests" name="[451] /home/travis/build/icyphy/ptII/ptolemy/actor/lib/test/auto/functionClosureTest6.xml (RunModel)" time="0.009" />
  <testcase classname="ptolemy.util.test.junit.AutoTests" name="[452] /home/travis/build/icyphy/ptII/ptolemy/actor/lib/test/auto/functionsOnArcs.xml (RunModel)" time="0.01" />
  <testcase classname="ptolemy.util.test.junit.AutoTests" name="[453] /home/travis/build/icyphy/ptII/ptolemy/actor/lib/test/auto/functionsOnArcsHOF.xml (RunModel)" time="0.013" />
  <testcase classname="ptolemy.util.test.junit.AutoTests" name="[454] /home/travis/build/icyphy/ptII/ptolemy/actor/lib/test/auto/logic.xml (RunModel)" time="0.017" />
  <testcase classname="ptolemy.util.test.junit.AutoTests" name="[455] /home/travis/build/icyphy/ptII/ptolemy/actor/lib/test/auto/matrixType.xml (RunModel)" time="0.009" />
  <testcase classname="ptolemy.util.test.junit.AutoTests" name="[456] /home/travis/build/icyphy/ptII/ptolemy/actor/lib/test/auto/matrixType10.xml (RunModel)" time="0.008" />
  <testcase classname="ptolemy.util.test.junit.AutoTests" name="[457] /home/travis/build/icyphy/ptII/ptolemy/actor/lib/test/auto/matrixType11.xml (RunModel)" time="0.007" />
  <testcase classname="ptolemy.util.test.junit.AutoTests" name="[458] /home/travis/build/icyphy/ptII/ptolemy/actor/lib/test/auto/matrixType12.xml (RunModel)" time="0.009" />
  <testcase classname="ptolemy.util.test.junit.AutoTests" name="[459] /home/travis/build/icyphy/ptII/ptolemy/actor/lib/test/auto/matrixType13.xml (RunModel)" time="0.007" />
  <testcase classname="ptolemy.util.test.junit.AutoTests" name="[460] /home/travis/build/icyphy/ptII/ptolemy/actor/lib/test/auto/matrixType14.xml (RunModel)" time="0.009" />
  <testcase classname="ptolemy.util.test.junit.AutoTests" name="[461] /home/travis/build/icyphy/ptII/ptolemy/actor/lib/test/auto/matrixType2.xml (RunModel)" time="0.008" />
  <testcase classname="ptolemy.util.test.junit.AutoTests" name="[462] /home/travis/build/icyphy/ptII/ptolemy/actor/lib/test/auto/matrixType3.xml (RunModel)" time="0.009" />
  <testcase classname="ptolemy.util.test.junit.AutoTests" name="[463] /home/travis/build/icyphy/ptII/ptolemy/actor/lib/test/auto/matrixType4.xml (RunModel)" time="0.007" />
  <testcase classname="ptolemy.util.test.junit.AutoTests" name="[464] /home/travis/build/icyphy/ptII/ptolemy/actor/lib/test/auto/matrixType5.xml (RunModel)" time="0.007" />
  <testcase classname="ptolemy.util.test.junit.AutoTests" name="[465] /home/travis/build/icyphy/ptII/ptolemy/actor/lib/test/auto/matrixType6.xml (RunModel)" time="0.007" />
  <testcase classname="ptolemy.util.test.junit.AutoTests" name="[466] /home/travis/build/icyphy/ptII/ptolemy/actor/lib/test/auto/matrixType7.xml (RunModel)" time="0.008" />
  <testcase classname="ptolemy.util.test.junit.AutoTests" name="[467] /home/travis/build/icyphy/ptII/ptolemy/actor/lib/test/auto/matrixType8.xml (RunModel)" time="0.008" />
  <testcase classname="ptolemy.util.test.junit.AutoTests" name="[468] /home/travis/build/icyphy/ptII/ptolemy/actor/lib/test/auto/matrixType9.xml (RunModel)" time="0.008" />
  <testcase classname="ptolemy.util.test.junit.AutoTests" name="[469] /home/travis/build/icyphy/ptII/ptolemy/actor/lib/test/auto/paraFunctest.xml (RunModel)" time="0.006" />
  <testcase classname="ptolemy.util.test.junit.AutoTests" name="[470] /home/travis/build/icyphy/ptII/ptolemy/actor/lib/test/auto/paraFunctest2.xml (RunModel)" time="0.009" />
  <testcase classname="ptolemy.util.test.junit.AutoTests" name="[471] /home/travis/build/icyphy/ptII/ptolemy/actor/lib/test/auto/parameterPassing.xml (RunModel)" time="0.009" />
  <testcase classname="ptolemy.util.test.junit.AutoTests" name="[472] /home/travis/build/icyphy/ptII/ptolemy/actor/lib/test/auto/record.xml (RunModel)" time="0.011" />
  <testcase classname="ptolemy.util.test.junit.AutoTests" name="[473] /home/travis/build/icyphy/ptII/ptolemy/actor/lib/test/auto/sizedarray1.xml (RunModel)" time="0.009" />
  <testcase classname="ptolemy.util.test.junit.AutoTests" name="[474] /home/travis/build/icyphy/ptII/ptolemy/actor/lib/test/auto/sizedarray2.xml (RunModel)" time="0.009" />
  <testcase classname="ptolemy.util.test.junit.AutoTests" name="[475] /home/travis/build/icyphy/ptII/ptolemy/actor/lib/test/auto/twoPublishers.xml (RunModel)" time="0.022" />
  <system-out><![CDATA[/home/travis/build/icyphy/ptII/ptolemy/actor/lib/test/AbsoluteValue.tcl
testDefs.tcl: setting time out to 9000 seconds at Fri Jul 12 05:54:17 UTC 2019
83 ms. Memory: 120832K Free: 100231K (83%)
5 ms. Memory: 120832K Free: 98333K (81%)
5 ms. Memory: 120832K Free: 97596K (81%)
5 ms. Memory: 120832K Free: 96871K (80%)
/home/travis/build/icyphy/ptII/ptolemy/actor/lib/test/AddSubtract.tcl
19 ms. Memory: 120832K Free: 107428K (89%)
5 ms. Memory: 120832K Free: 106857K (88%)
12 ms. Memory: 120832K Free: 106012K (88%)
16 ms. Memory: 120832K Free: 104958K (87%)
65 ms. Memory: 120832K Free: 102337K (85%)
5 ms. Memory: 120832K Free: 101314K (84%)
/home/travis/build/icyphy/ptII/ptolemy/actor/lib/test/Average.tcl
6 ms. Memory: 120832K Free: 99846K (83%)
6 ms. Memory: 120832K Free: 98665K (82%)
/home/travis/build/icyphy/ptII/ptolemy/actor/lib/test/Bernoulli.tcl
4 ms. Memory: 120832K Free: 97196K (80%)
5 ms. Memory: 120832K Free: 96774K (80%)
/home/travis/build/icyphy/ptII/ptolemy/actor/lib/test/Clock.tcl
preinitializing
resolving types
initializing
executing number 1
wrapping up
idle
19 ms. Memory: 120832K Free: 93724K (78%)
Completed execution with 5 iterations
preinitializing
resolving types
initializing
executing number 1
wrapping up
idle
4 ms. Memory: 120832K Free: 93084K (77%)
Completed execution with 5 iterations
preinitializing
resolving types
initializing
executing number 1
wrapping up
idle
4 ms. Memory: 120832K Free: 92646K (77%)
Completed execution with 5 iterations
/home/travis/build/icyphy/ptII/ptolemy/actor/lib/test/Commutator.tcl
7 ms. Memory: 120832K Free: 90614K (75%)
6 ms. Memory: 120832K Free: 89614K (74%)


==== $PTII/ptolemy/actor/lib/test/Commutator.tcl: Commutator-4.1 run with mutations
==== Contents of test case:

    # Grab stdout and put it into results
    jdkCapture {
	$m addChangeListener  [java::new ptolemy.kernel.util.StreamChangeListener]

	set dir [$e0 getDirector]
	#	$dir addDebugListener  #		[java::new ptolemy.kernel.util.StreamListener]
	$m initialize
	$m iterate
	set c1 [java::new ptolemy.moml.MoMLChangeRequest $e0 $e0  {<deleteEntity name="ramp1"/>}]
	set c2 [java::new ptolemy.moml.MoMLChangeRequest $e0 $e0  {<deleteRelation name="r1"/>}]
	$e0 requestChange $c1
	$e0 requestChange $c2
	$m iterate
	$m wrapup
    } results
    # The MoML within <group> ...</group> comes 
    # from SDFScheduler._setBufferSize
    list $results  [enumToTokenValues [$rec getRecord 0]]

==== Result was:
{} {0 0 1}
---- Result should have been:
{StreamChangeRequest.changeExecuted(): <deleteEntity name="ramp1"/> succeeded
StreamChangeRequest.changeExecuted(): <deleteRelation name="r1"/> succeeded
StreamChangeRequest.changeExecuted(): Record firings per iteration succeeded
} {0 0 1}
---- Commutator-4.1 FAILED
19 ms. Memory: 165888K Free: 149134K (90%)
/home/travis/build/icyphy/ptII/ptolemy/actor/lib/test/Const.tcl
8 ms. Memory: 165888K Free: 147566K (89%)
3 ms. Memory: 165888K Free: 147086K (89%)
7 ms. Memory: 165888K Free: 146566K (88%)
2 ms. Memory: 165888K Free: 146062K (88%)
1 ms. Memory: 165888K Free: 145038K (87%)
22 ms. Memory: 165888K Free: 143494K (87%)
6 ms. Memory: 165888K Free: 142476K (86%)
3 ms. Memory: 165888K Free: 141966K (86%)
/home/travis/build/icyphy/ptII/ptolemy/actor/lib/test/CurrentTime.tcl
preinitializing
resolving types
initializing
executing number 1
wrapping up
idle
17 ms. Memory: 165888K Free: 139918K (84%)
Completed execution with 11 iterations
/home/travis/build/icyphy/ptII/ptolemy/actor/lib/test/DB.tcl
5 ms. Memory: 165888K Free: 138366K (83%)
2 ms. Memory: 165888K Free: 137356K (83%)
2 ms. Memory: 165888K Free: 137356K (83%)
/home/travis/build/icyphy/ptII/ptolemy/actor/lib/test/DiscreteRandomSource.tcl
preinitializing
resolving types
initializing
executing number 1
wrapping up
idle
4 ms. Memory: 165888K Free: 135822K (82%)
Completed execution with 4 iterations
preinitializing
resolving types
initializing
executing number 1
wrapping up
idle
2 ms. Memory: 165888K Free: 135294K (82%)
Completed execution with 4 iterations
preinitializing
resolving types
initializing
executing number 1
wrapping up
idle
3 ms. Memory: 165888K Free: 134798K (81%)
Completed execution with 4 iterations
preinitializing
resolving types
initializing
executing number 1
wrapping up
idle
2 ms. Memory: 165888K Free: 134278K (81%)
Completed execution with 4 iterations
preinitializing
resolving types
initializing
executing number 1
wrapping up
idle
4 ms. Memory: 165888K Free: 133774K (81%)
Completed execution with 4 iterations
/home/travis/build/icyphy/ptII/ptolemy/actor/lib/test/Distributor.tcl
5 ms. Memory: 165888K Free: 132222K (80%)
9 ms. Memory: 165888K Free: 131726K (79%)
StreamChangeRequest.changeExecuted(): <deleteEntity name="rec2"/> succeeded
StreamChangeRequest.changeExecuted(): <deleteRelation name="r2"/> succeeded
StreamChangeRequest.changeExecuted(): Record firings per iteration succeeded
5 ms. Memory: 165888K Free: 129158K (78%)
/home/travis/build/icyphy/ptII/ptolemy/actor/lib/test/Exit.tcl
Exit.tcl: this will print a message about Manager.exitAfterWrapup, which can be ignored.
11 ms. Memory: 165888K Free: 125867K (76%)
/home/travis/build/icyphy/ptII/ptolemy/actor/lib/test/Expression.tcl
14 ms. Memory: 165888K Free: 122510K (74%)
4 ms. Memory: 165888K Free: 121486K (73%)
3 ms. Memory: 165888K Free: 120958K (73%)
preinitializing
resolving types
initializing
executing number 1
wrapping up
idle
6 ms. Memory: 165888K Free: 119438K (72%)
Completed execution with 6 iterations
4 ms. Memory: 165888K Free: 118414K (71%)
3 ms. Memory: 165888K Free: 117886K (71%)
7 ms. Memory: 165888K Free: 116366K (70%)
13 ms. Memory: 165888K Free: 150866K (91%)
4 ms. Memory: 165888K Free: 149842K (90%)
/home/travis/build/icyphy/ptII/ptolemy/actor/lib/test/Gaussian.tcl
4 ms. Memory: 165888K Free: 147794K (89%)
sleeping 1 seconds: ............................................................................................................................................................................................................................................................................................................................................................................................................................................................................................................................................................................................................................................................................................................................................................................................................................................................................................................................................................................................................................................................................................................................................................................................................................................................................................................................................................................................................................................................................................................................................................................................................................................................................................................................................................................................................................................................................................................................................................................................................................................................................................................................................................................................................................................................................................................................................................................................................................................................................................................................................................................................................2 ms. Memory: 165888K Free: 136530K (82%)
10 ms. Memory: 165888K Free: 136016K (82%)
1 ms. Memory: 165888K Free: 135506K (82%)
2 ms. Memory: 165888K Free: 134482K (81%)
5 ms. Memory: 165888K Free: 133968K (81%)
/home/travis/build/icyphy/ptII/ptolemy/actor/lib/test/IIR.tcl
/home/travis/build/icyphy/ptII/ptolemy/actor/lib/test/Interpolator.tcl
7 ms. Memory: 165888K Free: 130386K (79%)
3 ms. Memory: 165888K Free: 129842K (78%)
3 ms. Memory: 165888K Free: 129362K (78%)
6 ms. Memory: 165888K Free: 128848K (78%)
5 ms. Memory: 165888K Free: 127810K (77%)
2 ms. Memory: 165888K Free: 126786K (76%)
6 ms. Memory: 165888K Free: 126290K (76%)
2 ms. Memory: 165888K Free: 125266K (76%)
2 ms. Memory: 165888K Free: 124242K (75%)
4 ms. Memory: 165888K Free: 123218K (74%)
/home/travis/build/icyphy/ptII/ptolemy/actor/lib/test/MathFunction.tcl
4 ms. Memory: 165888K Free: 121170K (73%)
2 ms. Memory: 165888K Free: 120146K (72%)
2 ms. Memory: 165888K Free: 119122K (72%)
2 ms. Memory: 165888K Free: 118098K (71%)
4 ms. Memory: 165888K Free: 117074K (71%)
5 ms. Memory: 165888K Free: 115026K (69%)
/home/travis/build/icyphy/ptII/ptolemy/actor/lib/test/Maximum.tcl
5 ms. Memory: 165888K Free: 112978K (68%)
2 ms. Memory: 165888K Free: 112464K (68%)
2 ms. Memory: 165888K Free: 111954K (67%)
3 ms. Memory: 165888K Free: 111440K (67%)
/home/travis/build/icyphy/ptII/ptolemy/actor/lib/test/Minimum.tcl
8 ms. Memory: 165888K Free: 109392K (66%)
2 ms. Memory: 165888K Free: 108882K (66%)
5 ms. Memory: 165888K Free: 108354K (65%)
3 ms. Memory: 165888K Free: 107330K (65%)
/home/travis/build/icyphy/ptII/ptolemy/actor/lib/test/MultiplyDivide.tcl
11 ms. Memory: 165888K Free: 105810K (64%)
2 ms. Memory: 165888K Free: 104786K (63%)
2 ms. Memory: 165888K Free: 104258K (63%)
3 ms. Memory: 165888K Free: 103234K (62%)
3 ms. Memory: 165888K Free: 102738K (62%)
/home/travis/build/icyphy/ptII/ptolemy/actor/lib/test/OrderedMerge.tcl
Connections changed on port: inputA
Connections changed on port: inputB
Connections changed on port: output
Connections changed on port: output
Connections changed on port: output
Connections changed on port: input
.top. Preinitializing ...
Invoking preinitialize():  .top.OrderedMerge
Called preinitialize()
Invoking preinitialize():  .top.Ramp
Called preinitialize()
Invoking preinitialize():  .top.Ramp2
Called preinitialize()
Invoking preinitialize():  .top.Test
Called preinitialize()
Connections changed on port: inputA
Connections changed on port: output
Connections changed on port: output
Connections changed on port: input
Connections changed on port: inputB
Connections changed on port: output
.top. Finished preinitialize().
Called initialize().
Invoking initialize():  .top.OrderedMerge
Initializing actor: .top.OrderedMerge
Adding a thread: .top.OrderedMerge
Invoking initialize():  .top.Ramp
Initializing actor: .top.Ramp
Adding a thread: .top.Ramp
Invoking initialize():  .top.Ramp2
Initializing actor: .top.Ramp2
Adding a thread: .top.Ramp2
Invoking initialize():  .top.Test
Initializing actor: .top.Test
Adding a thread: .top.Test
-- Starting thread.
Called initialize()
Called prefire()
Called fire()
Called fire().
Checking for deadlock:
-- Starting thread.
Called initialize()
Called prefire()
-- Starting thread.
Called initialize()
-- Starting thread.
Called fire()
Called prefire()
Called initialize()
Called fire()
Called prefire()
Called fire()
There are 1 Blocked actors, 0 Stopped actors, and 4 active threads.
Waiting for actors to stop.
Called postfire()
Called postfire()
Called prefire()
Called fire()
Called postfire()
Called prefire()
Called fire()
Called prefire()
Called fire()
Read input token from inputA with value 0.0
Next port to read input from is inputB
Called postfire()
Called prefire()
Called fire()
Read input token from inputB with value 0.0
Sent output token with value 0.0
Next port to read input from is inputA
Called postfire()
Called prefire()
Called fire()
Read input token from inputA with value 1.0
Checking for deadlock:
There are 1 Blocked actors, 0 Stopped actors, and 4 active threads.
Waiting for actors to stop.
Called postfire()
Called prefire()
Called fire()
Called postfire()
Called prefire()
Called fire()
Checking for deadlock:
There are 2 Blocked actors, 0 Stopped actors, and 4 active threads.
Waiting for actors to stop.
Sent output token with value 0.0
Next port to read input from is inputB
Called postfire()
Called prefire()
Called fire()
Read input token from inputB with value 1.5
Called postfire()
-- Read input: 0.0, which is expected to match: 0.0
Checking for deadlock:
Called prefire()
Called fire()
Called prefire()
Called fire()
There are 2 Blocked actors, 0 Stopped actors, and 4 active threads.
Waiting for actors to stop.
-- Read input: 0.0, which is expected to match: 0.0
Checking for deadlock:
Called prefire()
Called fire()
There are 2 Blocked actors, 0 Stopped actors, and 4 active threads.
Waiting for actors to stop.
Sent output token with value 1.0
Next port to read input from is inputA
Called postfire()
Called prefire()
Called fire()
Read input token from inputA with value 2.0
Checking for deadlock:
There are 1 Blocked actors, 0 Stopped actors, and 4 active threads.
Waiting for actors to stop.
-- Read input: 1.0, which is expected to match: 1.0
Called postfire()
Called prefire()
Called prefire()
Called fire()
Called fire()
Sent output token with value 1.5
Next port to read input from is inputB
Called postfire()
Called prefire()
Called fire()
Read input token from inputB with value 3.0
Checking for deadlock:
There are 2 Blocked actors, 0 Stopped actors, and 4 active threads.
Waiting for actors to stop.
Called postfire()
Called prefire()
Called fire()
-- Read input: 1.5, which is expected to match: 1.5
Called prefire()
Called fire()
Sent output token with value 2.0
Next port to read input from is inputA
-- Read input: 2.0, which is expected to match: 2.0
Called postfire()
Called prefire()
Called fire()
Checking for deadlock:
Called prefire()
Called fire()
There are 2 Blocked actors, 0 Stopped actors, and 4 active threads.
Waiting for actors to stop.
Read input token from inputA with value 3.0
Sent output token with value 3.0
Next port to read input from is inputB
Called postfire()
Called prefire()
Called fire()
Read input token from inputB with value 4.5
Called postfire()
Called prefire()
Called fire()
Checking for deadlock:
There are 2 Blocked actors, 0 Stopped actors, and 4 active threads.
Waiting for actors to stop.
Called postfire()
Called prefire()
Called fire()
Checking for deadlock:
Sent output token with value 3.0
-- Read input: 3.0, which is expected to match: 3.0
Called prefire()
Next port to read input from is inputA
Called postfire()
Called fire()
Called prefire()
Called fire()
There are 2 Blocked actors, 0 Stopped actors, and 4 active threads.
Waiting for actors to stop.
Called postfire()
Called prefire()
-- Read input: 3.0, which is expected to match: 3.0
Read input token from inputA with value 4.0
Called fire()
Called prefire()
Called fire()
-- Read input: 4.0, which is expected to match: 4.0
Checking for deadlock:
Sent output token with value 4.0
Called prefire()
Called fire()
Next port to read input from is inputA
Called postfire()
Past the end of training data. Read and discard all inputs.
Called prefire()
Called fire()
There are 2 Blocked actors, 0 Stopped actors, and 4 active threads.
Waiting for actors to stop.
Read input token from inputA with value 5.0
Sent output token with value 4.5
Next port to read input from is inputB
Called postfire()
Called prefire()
Called fire()
Read input token from inputB with value 6.0
Checking for deadlock:
There are 1 Blocked actors, 0 Stopped actors, and 4 active threads.
Waiting for actors to stop.
Called postfire()
Called prefire()
Called fire()
Called postfire()
Called prefire()
Called prefire()
Checking for deadlock:
Called fire()
Called fire()
Past the end of training data. Read and discard all inputs.
There are 1 Blocked actors, 0 Stopped actors, and 4 active threads.
Waiting for actors to stop.
Called prefire()
Called fire()
Past the end of training data. Read and discard all inputs.
Sent output token with value 5.0
Next port to read input from is inputA
Called postfire()
Called prefire()
Called fire()
Read input token from inputA with value 6.0
Sent output token with value 6.0
Next port to read input from is inputB
Called postfire()
Called prefire()
Called fire()
Read input token from inputB with value 7.5
Checking for deadlock:
There are 1 Blocked actors, 0 Stopped actors, and 4 active threads.
Waiting for actors to stop.
Called prefire()
Called fire()
Past the end of training data. Read and discard all inputs.
Called postfire()
Called prefire()
Called fire()
Called postfire()
Called prefire()
Called fire()
Checking for deadlock:
There are 3 Blocked actors, 0 Stopped actors, and 4 active threads.
Waiting for actors to stop.
Sent output token with value 6.0
Next port to read input from is inputA
Called postfire()
Called prefire()
Called fire()
Read input token from inputA with value 7.0
Checking for deadlock:
There are 2 Blocked actors, 0 Stopped actors, and 4 active threads.
Waiting for actors to stop.
Called prefire()
Called fire()
Past the end of training data. Read and discard all inputs.
Called postfire()
Called prefire()
Called fire()
Checking for deadlock:
There are 3 Blocked actors, 0 Stopped actors, and 4 active threads.
Waiting for actors to stop.
Sent output token with value 7.0
Next port to read input from is inputA
Called postfire()
Called prefire()
Called fire()
Read input token from inputA with value 8.0
Checking for deadlock:
There are 2 Blocked actors, 0 Stopped actors, and 4 active threads.
Waiting for actors to stop.
-- Thread wrapup() called.
Called wrapup()
Thread .top.Ramp is exiting.
-- Thread stopped.
Checking for deadlock:
There are 2 Blocked actors, 0 Stopped actors, and 3 active threads.
Waiting for actors to stop.
Called prefire()
Called fire()
Past the end of training data. Read and discard all inputs.
Checking for deadlock:
There are 2 Blocked actors, 0 Stopped actors, and 3 active threads.
Waiting for actors to stop.
Sent output token with value 7.5
Next port to read input from is inputB
Called postfire()
Called prefire()
Called fire()
Read input token from inputB with value 9.0
Called postfire()
Called prefire()
Called fire()
Called prefire()
Called fire()
Past the end of training data. Read and discard all inputs.
Checking for deadlock:
There are 2 Blocked actors, 0 Stopped actors, and 3 active threads.
Waiting for actors to stop.
Called prefire()
Called fire()
Past the end of training data. Read and discard all inputs.
Sent output token with value 8.0
Next port to read input from is inputA
Called postfire()
Called prefire()
Called fire()
Read input token from inputA with value 9.0
Sent output token with value 9.0
Next port to read input from is inputB
Called postfire()
Called prefire()
Called fire()
Read input token from inputB with value 10.5
Checking for deadlock:
There are 1 Blocked actors, 0 Stopped actors, and 3 active threads.
Waiting for actors to stop.
Called postfire()
Called prefire()
Called fire()
Called prefire()
Called fire()
Past the end of training data. Read and discard all inputs.
Sent output token with value 9.0
Next port to read input from is inputA
Called postfire()
Called prefire()
Called fire()
Checking for deadlock:
There are 2 Blocked actors, 0 Stopped actors, and 3 active threads.
Waiting for actors to stop.
Called prefire()
Called fire()
Past the end of training data. Read and discard all inputs.
Checking for deadlock:
There are 3 Blocked actors, 0 Stopped actors, and 3 active threads.
Actors have stopped.
Checking for deadlock:
There are 3 Blocked actors, 0 Stopped actors, and 3 active threads.
Deadlock detected.
Resolving Deadlock
Checking for deadlock:
There are 3 Blocked actors, 0 Stopped actors, and 3 active threads.
Artificial Deadlock - increasing queue capacity.
increasing the capacity of receiver ptolemy.actor.TypedIOPort {.top.OrderedMerge.inputB} to 2
-- Thread wrapup() called.
Called wrapup()
Thread .top.Ramp2 is exiting.
-- Thread stopped.
Director: Called postfire().
Called postfire().
_stopRequested = false
_stopFireRequested = false
Returning from postfire(): true
Called fire().
Checking for deadlock:
There are 2 Blocked actors, 0 Stopped actors, and 2 active threads.
Actors have stopped.
Checking for deadlock:
There are 2 Blocked actors, 0 Stopped actors, and 2 active threads.
Deadlock detected.
Resolving Deadlock
Checking for deadlock:
There are 2 Blocked actors, 0 Stopped actors, and 2 active threads.
Deadlock detected: no processes blocked on write, but some are blocked on read.
Called postfire().
_stopRequested = false
_stopFireRequested = false
Returning from postfire(): false
Finished deactivating branches.
Called wrapup().
-- Thread wrapup() called.
Called wrapup()
Thread .top.Test is exiting.
-- Thread stopped.
-- Blocked Receiver call threw TerminateProcessException.
-- Thread wrapup() called.
Called wrapup()
Thread .top.OrderedMerge is exiting.
-- Thread stopped.
-- Blocked Receiver call threw TerminateProcessException.
82 ms. Memory: 165888K Free: 98128K (59%)
.top. Preinitializing ...
Invoking preinitialize():  .top.OrderedMerge
Called preinitialize()
Invoking preinitialize():  .top.Ramp
Called preinitialize()
Invoking preinitialize():  .top.Ramp2
Called preinitialize()
Invoking preinitialize():  .top.Test
Called preinitialize()
.top. Finished preinitialize().
Called initialize().
Invoking initialize():  .top.OrderedMerge
Initializing actor: .top.OrderedMerge
Adding a thread: .top.OrderedMerge
Invoking initialize():  .top.Ramp
Initializing actor: .top.Ramp
Adding a thread: .top.Ramp
Invoking initialize():  .top.Ramp2
Initializing actor: .top.Ramp2
Adding a thread: .top.Ramp2
Invoking initialize():  .top.Test
Initializing actor: .top.Test
Adding a thread: .top.Test
-- Starting thread.
Called initialize()
Called prefire()
Called fire()
-- Starting thread.
Called initialize()
Called prefire()
Called fire()
Called postfire()
Called prefire()
Called fire()
-- Starting thread.
Called initialize()
Called prefire()
Called fire()
Called postfire()
Called prefire()
Called fire()
Called fire().
Checking for deadlock:
There are 3 Blocked actors, 0 Stopped actors, and 4 active threads.
Waiting for actors to stop.
-- Starting thread.
Called initialize()
Called prefire()
Called fire()
Checking for deadlock:
There are 2 Blocked actors, 0 Stopped actors, and 4 active threads.
Waiting for actors to stop.
Read input token from inputA with value 0.0
Called postfire()
Called prefire()
Called fire()
Next port to read input from is inputB
Called postfire()
Called prefire()
Checking for deadlock:
Called fire()
There are 3 Blocked actors, 0 Stopped actors, and 4 active threads.
Waiting for actors to stop.
Checking for deadlock:
There are 2 Blocked actors, 0 Stopped actors, and 4 active threads.
Read input token from inputB with value 0.0
Waiting for actors to stop.
Sent output token with value 0.0
Next port to read input from is inputA
Called postfire()
Called prefire()
Called fire()
Read input token from inputA with value 1.0
Checking for deadlock:
There are 1 Blocked actors, 0 Stopped actors, and 4 active threads.
Waiting for actors to stop.
-- Read input: 0.0, which is expected to match: 0.0
Called postfire()
Called prefire()
Called fire()
Called postfire()
Checking for deadlock:
Called prefire()
There are 0 Blocked actors, 0 Stopped actors, and 4 active threads.
Called fire()
Waiting for actors to stop.
Called prefire()
Called fire()
-- Read input: 0.0, which is expected to match: 0.0
Called prefire()
Called fire()
Sent output token with value 0.0
Next port to read input from is inputB
Called postfire()
Called prefire()
Called fire()
Read input token from inputB with value 1.5
Sent output token with value 1.0
Next port to read input from is inputA
Called postfire()
Called prefire()
Called fire()
Read input token from inputA with value 2.0
Called postfire()
Called prefire()
Called fire()
Checking for deadlock:
-- Read input: 1.0, which is expected to match: 1.0
There are 1 Blocked actors, 0 Stopped actors, and 4 active threads.
Waiting for actors to stop.
Called prefire()
Called fire()
Sent output token with value 1.5
-- Read input: 1.5, which is expected to match: 1.5
Next port to read input from is inputB
Called postfire()
Called prefire()
Called prefire()
Called fire()
Called fire()
Called postfire()
Called prefire()
Called fire()
Read input token from inputB with value 3.0
Sent output token with value 2.0
Next port to read input from is inputA
Called postfire()
Called prefire()
Called fire()
Read input token from inputA with value 3.0
Checking for deadlock:
There are 1 Blocked actors, 0 Stopped actors, and 4 active threads.
Waiting for actors to stop.
-- Read input: 2.0, which is expected to match: 2.0
Called prefire()
Called fire()
Called postfire()
Called prefire()
Called fire()
Called postfire()
Checking for deadlock:
There are 2 Blocked actors, 0 Stopped actors, and 4 active threads.
Waiting for actors to stop.
Sent output token with value 3.0
Next port to read input from is inputB
Called postfire()
Called prefire()
Called fire()
Read input token from inputB with value 4.5
Checking for deadlock:
There are 1 Blocked actors, 0 Stopped actors, and 4 active threads.
Waiting for actors to stop.
Called postfire()
Called prefire()
Called fire()
-- Read input: 3.0, which is expected to match: 3.0
Called prefire()
Called fire()
Sent output token with value 3.0
-- Read input: 3.0, which is expected to match: 3.0
Called prefire()
Called fire()
Next port to read input from is inputA
Called postfire()
Called prefire()
Called fire()
Checking for deadlock:
There are 1 Blocked actors, 0 Stopped actors, and 4 active threads.
Waiting for actors to stop.
Read input token from inputA with value 4.0
Sent output token with value 4.0
Next port to read input from is inputA
Called postfire()
Called prefire()
Called fire()
Checking for deadlock:
There are 2 Blocked actors, 0 Stopped actors, and 4 active threads.
Waiting for actors to stop.
-- Read input: 4.0, which is expected to match: 4.0
Called prefire()
Called prefire()
Called fire()
Called fire()
Past the end of training data. Read and discard all inputs.
Read input token from inputA with value 5.0
Sent output token with value 4.5
Next port to read input from is inputB
Called postfire()
Called prefire()
Called fire()
Read input token from inputB with value 6.0
Checking for deadlock:
There are 1 Blocked actors, 0 Stopped actors, and 4 active threads.
Waiting for actors to stop.
Called postfire()
Called prefire()
Called fire()
Past the end of training data. Read and discard all inputs.
Called prefire()
Called fire()
Sent output token with value 5.0
Next port to read input from is inputA
Called postfire()
Called prefire()
Called fire()
Checking for deadlock:
There are 1 Blocked actors, 0 Stopped actors, and 4 active threads.
Waiting for actors to stop.
Called prefire()
Past the end of training data. Read and discard all inputs.
Called fire()
Checking for deadlock:
There are 3 Blocked actors, 0 Stopped actors, and 4 active threads.
Waiting for actors to stop.
Called postfire()
Called prefire()
Called fire()
Called postfire()
Called prefire()
Called fire()
Checking for deadlock:
There are 3 Blocked actors, 0 Stopped actors, and 4 active threads.
Waiting for actors to stop.
Read input token from inputA with value 6.0
Sent output token with value 6.0
Next port to read input from is inputB
Called postfire()
Called prefire()
Called fire()
Read input token from inputB with value 7.5
Called postfire()
Called prefire()
Called prefire()
Called fire()
Past the end of training data. Read and discard all inputs.
Called postfire()
Called prefire()
Called fire()
Checking for deadlock:
There are 2 Blocked actors, 0 Stopped actors, and 4 active threads.
Waiting for actors to stop.
Called fire()
Checking for deadlock:
There are 3 Blocked actors, 0 Stopped actors, and 4 active threads.
Waiting for actors to stop.
Sent output token with value 6.0
Next port to read input from is inputA
Called postfire()
Called prefire()
Called fire()
Read input token from inputA with value 7.0
Called postfire()
Called prefire()
Called fire()
Checking for deadlock:
There are 3 Blocked actors, 0 Stopped actors, and 4 active threads.
Waiting for actors to stop.
Called prefire()
Called fire()
Past the end of training data. Read and discard all inputs.
Sent output token with value 7.0
Called prefire()
Next port to read input from is inputA
Called postfire()
Called fire()
Checking for deadlock:
There are 2 Blocked actors, 0 Stopped actors, and 4 active threads.
Waiting for actors to stop.
Called prefire()
Called fire()
Past the end of training data. Read and discard all inputs.
Read input token from inputA with value 8.0
Sent output token with value 7.5
Next port to read input from is inputB
Called postfire()
Called prefire()
Called fire()
Read input token from inputB with value 9.0
Called prefire()
-- Thread wrapup() called.
Called wrapup()
Called fire()
Past the end of training data. Read and discard all inputs.
Thread .top.Ramp is exiting.
-- Thread stopped.
Called postfire()
Called prefire()
Called fire()
Checking for deadlock:
There are 1 Blocked actors, 0 Stopped actors, and 3 active threads.
Waiting for actors to stop.
Sent output token with value 8.0
Next port to read input from is inputA
Called postfire()
Called prefire()
Called fire()
Read input token from inputA with value 9.0
Checking for deadlock:
There are 2 Blocked actors, 0 Stopped actors, and 3 active threads.
Waiting for actors to stop.
Called prefire()
Called fire()
Sent output token with value 9.0
Past the end of training data. Read and discard all inputs.
Called prefire()
Called fire()
Next port to read input from is inputB
Called postfire()
Past the end of training data. Read and discard all inputs.
Checking for deadlock:
There are 1 Blocked actors, 0 Stopped actors, and 3 active threads.
Waiting for actors to stop.
Called prefire()
Called fire()
Read input token from inputB with value 10.5
Sent output token with value 9.0
Next port to read input from is inputA
Called postfire()
Called prefire()
Called fire()
Called postfire()
Called prefire()
Called prefire()
Checking for deadlock:
There are 1 Blocked actors, 0 Stopped actors, and 3 active threads.
Waiting for actors to stop.
Called fire()
Called fire()
Past the end of training data. Read and discard all inputs.
Checking for deadlock:
There are 2 Blocked actors, 0 Stopped actors, and 3 active threads.
Waiting for actors to stop.
Checking for deadlock:
There are 3 Blocked actors, 0 Stopped actors, and 3 active threads.
Actors have stopped.
Checking for deadlock:
There are 3 Blocked actors, 0 Stopped actors, and 3 active threads.
Deadlock detected.
Resolving Deadlock
Checking for deadlock:
There are 3 Blocked actors, 0 Stopped actors, and 3 active threads.
Artificial Deadlock - increasing queue capacity.
increasing the capacity of receiver ptolemy.actor.TypedIOPort {.top.OrderedMerge.inputB} to 2
Director: Called postfire().
Called postfire().
_stopRequested = false
_stopFireRequested = false
Returning from postfire(): true
Called fire().
Checking for deadlock:
There are 2 Blocked actors, 0 Stopped actors, and 3 active threads.
Waiting for actors to stop.
-- Thread wrapup() called.
Called wrapup()
Thread .top.Ramp2 is exiting.
-- Thread stopped.
Checking for deadlock:
There are 2 Blocked actors, 0 Stopped actors, and 2 active threads.
Actors have stopped.
Checking for deadlock:
There are 2 Blocked actors, 0 Stopped actors, and 2 active threads.
Deadlock detected.
Resolving Deadlock
Checking for deadlock:
There are 2 Blocked actors, 0 Stopped actors, and 2 active threads.
Deadlock detected: no processes blocked on write, but some are blocked on read.
Called postfire().
_stopRequested = false
_stopFireRequested = false
Returning from postfire(): false
Finished deactivating branches.
Called wrapup().
-- Thread wrapup() called.
Called wrapup()
-- Thread wrapup() called.
Called wrapup()
Thread .top.Test is exiting.
-- Thread stopped.
-- Blocked Receiver call threw TerminateProcessException.
Thread .top.OrderedMerge is exiting.
-- Thread stopped.
-- Blocked Receiver call threw TerminateProcessException.
35 ms. Memory: 165888K Free: 96594K (58%)
/home/travis/build/icyphy/ptII/ptolemy/actor/lib/test/Publisher.tcl
14 ms. Memory: 165888K Free: 89922K (54%)
4 ms. Memory: 165888K Free: 84786K (51%)
7 ms. Memory: 165888K Free: 148499K (90%)
8 ms. Memory: 165888K Free: 147477K (89%)
3 ms. Memory: 165888K Free: 146453K (88%)
11 ms. Memory: 165888K Free: 145939K (88%)
2 ms. Memory: 165888K Free: 144885K (87%)
3 ms. Memory: 165888K Free: 143891K (87%)
20 ms. Memory: 165888K Free: 134165K (81%)
4 ms. Memory: 165888K Free: 130069K (78%)
2 ms. Memory: 165888K Free: 129555K (78%)
4 ms. Memory: 165888K Free: 127507K (77%)
16 ms. Memory: 165888K Free: 119827K (72%)
13 ms. Memory: 165888K Free: 110611K (67%)
14 ms. Memory: 165888K Free: 99349K (60%)
/home/travis/build/icyphy/ptII/ptolemy/actor/lib/test/Pulse.tcl
11 ms. Memory: 165888K Free: 62485K (38%)
10 ms. Memory: 165888K Free: 61941K (37%)
1 ms. Memory: 165888K Free: 61461K (37%)
6 ms. Memory: 165888K Free: 60933K (37%)
1 ms. Memory: 165888K Free: 60437K (36%)
5 ms. Memory: 165888K Free: 148040K (89%)
28 ms. Memory: 230400K Free: 212390K (92%)
2 ms. Memory: 230400K Free: 211878K (92%)
1 ms. Memory: 230400K Free: 210854K (92%)
/home/travis/build/icyphy/ptII/ptolemy/actor/lib/test/Ramp.tcl
19 ms. Memory: 230400K Free: 209320K (91%)
5 ms. Memory: 230400K Free: 208296K (90%)
11 ms. Memory: 230400K Free: 207768K (90%)
6 ms. Memory: 230400K Free: 206758K (90%)
6 ms. Memory: 230400K Free: 206248K (90%)
8 ms. Memory: 230400K Free: 205224K (89%)
8 ms. Memory: 230400K Free: 204200K (89%)
5 actors
4000 microseconds per iteration to create
12 ms. Memory: 230400K Free: 201608K (88%)
2 ms. Memory: 230400K Free: 201128K (87%)
2 ms. Memory: 230400K Free: 200600K (87%)
10 ms. Memory: 230400K Free: 199590K (87%)
50 actors
56000 microseconds per iteration to create
37 ms. Memory: 230400K Free: 184230K (80%)
6 ms. Memory: 230400K Free: 183206K (80%)
13 ms. Memory: 230400K Free: 182182K (79%)
4 ms. Memory: 230400K Free: 181158K (79%)
500 actors
1808000 microseconds per iteration to create
239 ms. Memory: 230400K Free: 108456K (47%)
36 ms. Memory: 230400K Free: 103336K (45%)
36 ms. Memory: 230400K Free: 97702K (42%)
33 ms. Memory: 230400K Free: 92582K (40%)
/home/travis/build/icyphy/ptII/ptolemy/actor/lib/test/RampContinuous.tcl
7 ms. Memory: 230400K Free: 91048K (40%)
/home/travis/build/icyphy/ptII/ptolemy/actor/lib/test/RecordAssembler.tcl
4 ms. Memory: 230400K Free: 89510K (39%)
5 ms. Memory: 230400K Free: 88486K (38%)
/home/travis/build/icyphy/ptII/ptolemy/actor/lib/test/RecordDisassembler.tcl
7 ms. Memory: 230400K Free: 86952K (38%)
4 ms. Memory: 230400K Free: 85928K (37%)
3 ms. Memory: 230400K Free: 84904K (37%)
/home/travis/build/icyphy/ptII/ptolemy/actor/lib/test/Scale.tcl
5 ms. Memory: 230400K Free: 206972K (90%)
2 ms. Memory: 230400K Free: 206443K (90%)
2 ms. Memory: 230400K Free: 205419K (89%)
5 ms. Memory: 230400K Free: 204924K (89%)
2 ms. Memory: 230400K Free: 203900K (88%)
/home/travis/build/icyphy/ptII/ptolemy/actor/lib/test/SequentialClock.tcl
preinitializing
resolving types
initializing
executing number 1
wrapping up
idle
2 ms. Memory: 230400K Free: 202876K (88%)
Completed execution with 5 iterations
preinitializing
resolving types
initializing
executing number 1
wrapping up
idle
3 ms. Memory: 230400K Free: 202362K (88%)
Completed execution with 5 iterations
preinitializing
resolving types
initializing
executing number 1
wrapping up
idle
1 ms. Memory: 230400K Free: 201852K (88%)
Completed execution with 5 iterations
/home/travis/build/icyphy/ptII/ptolemy/actor/lib/test/SetVariable.tcl
5 ms. Memory: 230400K Free: 199804K (87%)


==== $PTII/ptolemy/actor/lib/test/SetVariable.tcl: SetVariable-3.1 changeFailed
==== Contents of test case:

    #Uses 2.1 above
    jdkCaptureErr {
        # This test was failing if we ran Exit.tcl and then this test.
        # MessageHandler.error() now actually throws the Exception.
	catch {$setVariable changeFailed [java::null]  [java::new Exception {Test exception for SetVariable.changeFailed()}]} errMsg
    } results
    list [string range $results 0 89] "\n" $errMsg

==== Result was:
{java.lang.Exception: Test exception for SetVariable.changeFailed()
	at java.base/jdk.inter} {
} {java.lang.RuntimeException: java.lang.Exception: Test exception for SetVariable.changeFailed()}
---- Result should have been:
{java.lang.Exception: Test exception for SetVariable.changeFailed()
	at sun.reflect.NativeC} {
} {java.lang.RuntimeException: java.lang.Exception: Test exception for SetVariable.changeFailed()}
---- SetVariable-3.1 FAILED
/home/travis/build/icyphy/ptII/ptolemy/actor/lib/test/Sinewave.tcl
/home/travis/build/icyphy/ptII/ptolemy/actor/lib/test/SubscriptionAggregator.tcl
10 ms. Memory: 230400K Free: 188026K (82%)
2 ms. Memory: 230400K Free: 187516K (81%)
5 ms. Memory: 230400K Free: 187002K (81%)
1 ms. Memory: 230400K Free: 186492K (81%)
2 ms. Memory: 230400K Free: 182906K (79%)
12 ms. Memory: 230400K Free: 180858K (78%)
...............................................................995 ms. Memory: 310272K Free: 156686K (50%)
/home/travis/build/icyphy/ptII/ptolemy/actor/lib/test/Test.tcl
 The next command will produce a warning about training mode,
   which may be ignored.
4 ms. Memory: 310272K Free: 154623K (50%)
3 ms. Memory: 310272K Free: 154128K (50%)
1 ms. Memory: 310272K Free: 153599K (50%)
1 ms. Memory: 310272K Free: 152575K (49%)
2 ms. Memory: 310272K Free: 152080K (49%)
2 ms. Memory: 310272K Free: 151056K (49%)
3 ms. Memory: 310272K Free: 149518K (48%)
 The next command will produce a warning about training mode,
   which may be ignored.
3 ms. Memory: 310272K Free: 147455K (48%)
 The next command will produce a warning about training mode,
   which may be ignored.
2 ms. Memory: 310272K Free: 145936K (47%)
1 ms. Memory: 310272K Free: 145936K (47%)
1 ms. Memory: 310272K Free: 145422K (47%)
1 ms. Memory: 310272K Free: 144398K (47%)
6 ms. Memory: 310272K Free: 143888K (46%)
3 ms. Memory: 310272K Free: 139792K (45%)
/home/travis/build/icyphy/ptII/ptolemy/actor/lib/test/TestExceptionHandler.tcl
 The next command will produce a warning about training mode,
   which may be ignored.
2 ms. Memory: 310272K Free: 138768K (45%)
1 ms. Memory: 310272K Free: 138254K (45%)
1 ms. Memory: 310272K Free: 137744K (44%)
/home/travis/build/icyphy/ptII/ptolemy/actor/lib/test/UnionDisassembler.tcl
21 ms. Memory: 310272K Free: 130576K (42%)
/home/travis/build/icyphy/ptII/ptolemy/actor/lib/test/VariableClock.tcl
preinitializing
resolving types
initializing
executing number 1
wrapping up
idle
14 ms. Memory: 310272K Free: 128526K (41%)
Completed execution with 11 iterations
preinitializing
resolving types
initializing
executing number 1
wrapping up
idle
3 ms. Memory: 310272K Free: 126983K (41%)
Completed execution with 10 iterations
07/12/19 05:54:25
Failed: 2  Total Tests: 234  ((Passed: 232, Newly Passed: 0)  Known Failed: 0) /home/travis/build/icyphy/ptII/ptolemy/actor/lib/test
----------------- testing (KnownFailure) /home/travis/build/icyphy/ptII/ptolemy/actor/lib/test/auto/knownFailedTests/PublisherPortToplevelSubscriber.xml
0 ms. Memory: 310272K Free: 123408K (40%)
Known Failure: java.lang.reflect.InvocationTargetException
----------------- testing (KnownFailure) /home/travis/build/icyphy/ptII/ptolemy/actor/lib/test/auto/knownFailedTests/PublisherSubscriberPortToplevel.xml
0 ms. Memory: 310272K Free: 119822K (39%)
Known Failure: java.lang.reflect.InvocationTargetException
----------------- testing (KnownFailure) /home/travis/build/icyphy/ptII/ptolemy/actor/lib/test/auto/knownFailedTests/PublisherSubscriptionAggregatorPort.xml
1 ms. Memory: 310272K Free: 115726K (37%)
Known Failure: java.lang.reflect.InvocationTargetException
----------------- testing (KnownFailure) /home/travis/build/icyphy/ptII/ptolemy/actor/lib/test/auto/knownFailedTests/sizedarray3.xml
3 ms. Memory: 310272K Free: 111630K (36%)
Known Failure: java.lang.reflect.InvocationTargetException
No auto/linux-amd64/*.xml tests in /home/travis/build/icyphy/ptII/ptolemy/actor/lib/test
AutoTests.java: About to close Vertx.
AutoTests.java: Vertx closed.

===========================================================================================
----------------- testing Fri Jul 12 05:54:26 UTC 2019 /home/travis/build/icyphy/ptII/ptolemy/actor/lib/test/auto/AbsoluteValue.xml
----------------- Instantiating /home/travis/build/icyphy/ptII/ptolemy/actor/lib/test/auto/AbsoluteValue.xml
8 ms. Memory: 310272K Free: 248291K (80%)
----------------- Invoking toplevel() on ptolemy.moml.MoMLSimpleApplication@12a3e46
----------------- Done invoking toplevel() on ptolemy.moml.MoMLSimpleApplication@12a3e46
reloadAllAccessors: .AbsoluteValue

===========================================================================================
----------------- testing Fri Jul 12 05:54:26 UTC 2019 /home/travis/build/icyphy/ptII/ptolemy/actor/lib/test/auto/AbsoluteValue2.xml
----------------- Instantiating /home/travis/build/icyphy/ptII/ptolemy/actor/lib/test/auto/AbsoluteValue2.xml
5 ms. Memory: 310272K Free: 241123K (78%)
----------------- Invoking toplevel() on ptolemy.moml.MoMLSimpleApplication@23d281e9
----------------- Done invoking toplevel() on ptolemy.moml.MoMLSimpleApplication@23d281e9
reloadAllAccessors: .AbsoluteValue2

===========================================================================================
----------------- testing Fri Jul 12 05:54:26 UTC 2019 /home/travis/build/icyphy/ptII/ptolemy/actor/lib/test/auto/Accumulator.xml
----------------- Instantiating /home/travis/build/icyphy/ptII/ptolemy/actor/lib/test/auto/Accumulator.xml
6 ms. Memory: 310272K Free: 234979K (76%)
----------------- Invoking toplevel() on ptolemy.moml.MoMLSimpleApplication@5787cf0
----------------- Done invoking toplevel() on ptolemy.moml.MoMLSimpleApplication@5787cf0
reloadAllAccessors: .Accumulator

===========================================================================================
----------------- testing Fri Jul 12 05:54:26 UTC 2019 /home/travis/build/icyphy/ptII/ptolemy/actor/lib/test/auto/Accumulator2.xml
----------------- Instantiating /home/travis/build/icyphy/ptII/ptolemy/actor/lib/test/auto/Accumulator2.xml
3 ms. Memory: 310272K Free: 229345K (74%)
----------------- Invoking toplevel() on ptolemy.moml.MoMLSimpleApplication@7aff4a18
----------------- Done invoking toplevel() on ptolemy.moml.MoMLSimpleApplication@7aff4a18
reloadAllAccessors: .Accumulator2

===========================================================================================
----------------- testing Fri Jul 12 05:54:26 UTC 2019 /home/travis/build/icyphy/ptII/ptolemy/actor/lib/test/auto/Accumulator3.xml
----------------- Instantiating /home/travis/build/icyphy/ptII/ptolemy/actor/lib/test/auto/Accumulator3.xml
9 ms. Memory: 310272K Free: 225249K (73%)
----------------- Invoking toplevel() on ptolemy.moml.MoMLSimpleApplication@1d92a79e
----------------- Done invoking toplevel() on ptolemy.moml.MoMLSimpleApplication@1d92a79e
reloadAllAccessors: .Accumulator3

===========================================================================================
----------------- testing Fri Jul 12 05:54:26 UTC 2019 /home/travis/build/icyphy/ptII/ptolemy/actor/lib/test/auto/ArrayAppend.xml
----------------- Instantiating /home/travis/build/icyphy/ptII/ptolemy/actor/lib/test/auto/ArrayAppend.xml
5 ms. Memory: 310272K Free: 219619K (71%)
----------------- Invoking toplevel() on ptolemy.moml.MoMLSimpleApplication@7bff2bea
----------------- Done invoking toplevel() on ptolemy.moml.MoMLSimpleApplication@7bff2bea
reloadAllAccessors: .ArrayAppend

===========================================================================================
----------------- testing Fri Jul 12 05:54:26 UTC 2019 /home/travis/build/icyphy/ptII/ptolemy/actor/lib/test/auto/ArrayAppend2.xml
----------------- Instantiating /home/travis/build/icyphy/ptII/ptolemy/actor/lib/test/auto/ArrayAppend2.xml
459 ms. Memory: 310272K Free: 136675K (44%)
----------------- Invoking toplevel() on ptolemy.moml.MoMLSimpleApplication@58123c00
----------------- Done invoking toplevel() on ptolemy.moml.MoMLSimpleApplication@58123c00
reloadAllAccessors: .ArrayAppend2

===========================================================================================
----------------- testing Fri Jul 12 05:54:26 UTC 2019 /home/travis/build/icyphy/ptII/ptolemy/actor/lib/test/auto/ArrayAppend3.xml
----------------- Instantiating /home/travis/build/icyphy/ptII/ptolemy/actor/lib/test/auto/ArrayAppend3.xml
12 ms. Memory: 310272K Free: 131555K (42%)
----------------- Invoking toplevel() on ptolemy.moml.MoMLSimpleApplication@19629c38
----------------- Done invoking toplevel() on ptolemy.moml.MoMLSimpleApplication@19629c38
reloadAllAccessors: .ArrayAppend3

===========================================================================================
----------------- testing Fri Jul 12 05:54:26 UTC 2019 /home/travis/build/icyphy/ptII/ptolemy/actor/lib/test/auto/ArrayAppend4.xml
----------------- Instantiating /home/travis/build/icyphy/ptII/ptolemy/actor/lib/test/auto/ArrayAppend4.xml
3 ms. Memory: 310272K Free: 125921K (41%)
----------------- Invoking toplevel() on ptolemy.moml.MoMLSimpleApplication@4475a753
----------------- Done invoking toplevel() on ptolemy.moml.MoMLSimpleApplication@4475a753
reloadAllAccessors: .ArrayAppend4

===========================================================================================
----------------- testing Fri Jul 12 05:54:26 UTC 2019 /home/travis/build/icyphy/ptII/ptolemy/actor/lib/test/auto/ArrayAppend5.xml
----------------- Instantiating /home/travis/build/icyphy/ptII/ptolemy/actor/lib/test/auto/ArrayAppend5.xml
2 ms. Memory: 310272K Free: 121315K (39%)
----------------- Invoking toplevel() on ptolemy.moml.MoMLSimpleApplication@2bfe59f8
----------------- Done invoking toplevel() on ptolemy.moml.MoMLSimpleApplication@2bfe59f8
reloadAllAccessors: .ArrayAppend5

===========================================================================================
----------------- testing Fri Jul 12 05:54:27 UTC 2019 /home/travis/build/icyphy/ptII/ptolemy/actor/lib/test/auto/ArrayAppend6.xml
----------------- Instantiating /home/travis/build/icyphy/ptII/ptolemy/actor/lib/test/auto/ArrayAppend6.xml
4 ms. Memory: 310272K Free: 115681K (37%)
----------------- Invoking toplevel() on ptolemy.moml.MoMLSimpleApplication@45ca3a18
----------------- Done invoking toplevel() on ptolemy.moml.MoMLSimpleApplication@45ca3a18
reloadAllAccessors: .ArrayAppend6

===========================================================================================
----------------- testing Fri Jul 12 05:54:27 UTC 2019 /home/travis/build/icyphy/ptII/ptolemy/actor/lib/test/auto/ArrayAppendPerformanceTest.xml
----------------- Instantiating /home/travis/build/icyphy/ptII/ptolemy/actor/lib/test/auto/ArrayAppendPerformanceTest.xml
35 ms. Memory: 310272K Free: 105441K (34%)
----------------- Invoking toplevel() on ptolemy.moml.MoMLSimpleApplication@3cb001ad
----------------- Done invoking toplevel() on ptolemy.moml.MoMLSimpleApplication@3cb001ad
reloadAllAccessors: .ArrayAppendPerformanceTest

===========================================================================================
----------------- testing Fri Jul 12 05:54:27 UTC 2019 /home/travis/build/icyphy/ptII/ptolemy/actor/lib/test/auto/ArrayAppendWithEmptyInput.xml
----------------- Instantiating /home/travis/build/icyphy/ptII/ptolemy/actor/lib/test/auto/ArrayAppendWithEmptyInput.xml
11 ms. Memory: 310272K Free: 257477K (83%)
----------------- Invoking toplevel() on ptolemy.moml.MoMLSimpleApplication@49a2d9da
----------------- Done invoking toplevel() on ptolemy.moml.MoMLSimpleApplication@49a2d9da
reloadAllAccessors: .ArrayAppendWithEmptyInput

===========================================================================================
----------------- testing Fri Jul 12 05:54:27 UTC 2019 /home/travis/build/icyphy/ptII/ptolemy/actor/lib/test/auto/ArrayAverage.xml
----------------- Instantiating /home/travis/build/icyphy/ptII/ptolemy/actor/lib/test/auto/ArrayAverage.xml
4 ms. Memory: 310272K Free: 249285K (80%)
----------------- Invoking toplevel() on ptolemy.moml.MoMLSimpleApplication@13a3c960
----------------- Done invoking toplevel() on ptolemy.moml.MoMLSimpleApplication@13a3c960
reloadAllAccessors: .ArrayAverage

===========================================================================================
----------------- testing Fri Jul 12 05:54:27 UTC 2019 /home/travis/build/icyphy/ptII/ptolemy/actor/lib/test/auto/ArrayContains.xml
----------------- Instantiating /home/travis/build/icyphy/ptII/ptolemy/actor/lib/test/auto/ArrayContains.xml
11 ms. Memory: 310272K Free: 243651K (79%)
----------------- Invoking toplevel() on ptolemy.moml.MoMLSimpleApplication@32354cbb
----------------- Done invoking toplevel() on ptolemy.moml.MoMLSimpleApplication@32354cbb
reloadAllAccessors: .ArrayContains

===========================================================================================
----------------- testing Fri Jul 12 05:54:27 UTC 2019 /home/travis/build/icyphy/ptII/ptolemy/actor/lib/test/auto/ArrayElement.xml
----------------- Instantiating /home/travis/build/icyphy/ptII/ptolemy/actor/lib/test/auto/ArrayElement.xml
3 ms. Memory: 310272K Free: 237507K (77%)
----------------- Invoking toplevel() on ptolemy.moml.MoMLSimpleApplication@218bb664
----------------- Done invoking toplevel() on ptolemy.moml.MoMLSimpleApplication@218bb664
reloadAllAccessors: .ArrayElement

===========================================================================================
----------------- testing Fri Jul 12 05:54:27 UTC 2019 /home/travis/build/icyphy/ptII/ptolemy/actor/lib/test/auto/ArrayElementAsMatrix.xml
----------------- Instantiating /home/travis/build/icyphy/ptII/ptolemy/actor/lib/test/auto/ArrayElementAsMatrix.xml
16 ms. Memory: 310272K Free: 227781K (73%)
----------------- Invoking toplevel() on ptolemy.moml.MoMLSimpleApplication@204fc554
----------------- Done invoking toplevel() on ptolemy.moml.MoMLSimpleApplication@204fc554
reloadAllAccessors: .ArrayElementAsMatrix

===========================================================================================
----------------- testing Fri Jul 12 05:54:27 UTC 2019 /home/travis/build/icyphy/ptII/ptolemy/actor/lib/test/auto/ArrayElementI.xml
----------------- Instantiating /home/travis/build/icyphy/ptII/ptolemy/actor/lib/test/auto/ArrayElementI.xml
4 ms. Memory: 310272K Free: 222140K (72%)
----------------- Invoking toplevel() on ptolemy.moml.MoMLSimpleApplication@18db8723
----------------- Done invoking toplevel() on ptolemy.moml.MoMLSimpleApplication@18db8723
reloadAllAccessors: .ArrayElementI

===========================================================================================
----------------- testing Fri Jul 12 05:54:27 UTC 2019 /home/travis/build/icyphy/ptII/ptolemy/actor/lib/test/auto/ArrayExtract.xml
----------------- Instantiating /home/travis/build/icyphy/ptII/ptolemy/actor/lib/test/auto/ArrayExtract.xml
5 ms. Memory: 310272K Free: 213955K (69%)
----------------- Invoking toplevel() on ptolemy.moml.MoMLSimpleApplication@3758f2f3
----------------- Done invoking toplevel() on ptolemy.moml.MoMLSimpleApplication@3758f2f3
reloadAllAccessors: .ArrayExtract

===========================================================================================
----------------- testing Fri Jul 12 05:54:27 UTC 2019 /home/travis/build/icyphy/ptII/ptolemy/actor/lib/test/auto/ArrayExtract2.xml
----------------- Instantiating /home/travis/build/icyphy/ptII/ptolemy/actor/lib/test/auto/ArrayExtract2.xml
2 ms. Memory: 310272K Free: 208325K (67%)
----------------- Invoking toplevel() on ptolemy.moml.MoMLSimpleApplication@11bc128c
----------------- Done invoking toplevel() on ptolemy.moml.MoMLSimpleApplication@11bc128c
reloadAllAccessors: .ArrayExtract2

===========================================================================================
----------------- testing Fri Jul 12 05:54:27 UTC 2019 /home/travis/build/icyphy/ptII/ptolemy/actor/lib/test/auto/ArrayLength.xml
----------------- Instantiating /home/travis/build/icyphy/ptII/ptolemy/actor/lib/test/auto/ArrayLength.xml
3 ms. Memory: 310272K Free: 204739K (66%)
----------------- Invoking toplevel() on ptolemy.moml.MoMLSimpleApplication@10e39331
----------------- Done invoking toplevel() on ptolemy.moml.MoMLSimpleApplication@10e39331
reloadAllAccessors: .ArrayLength

===========================================================================================
----------------- testing Fri Jul 12 05:54:27 UTC 2019 /home/travis/build/icyphy/ptII/ptolemy/actor/lib/test/auto/ArrayLevelCrossing.xml
----------------- Instantiating /home/travis/build/icyphy/ptII/ptolemy/actor/lib/test/auto/ArrayLevelCrossing.xml
4 ms. Memory: 310272K Free: 196547K (63%)
----------------- Invoking toplevel() on ptolemy.moml.MoMLSimpleApplication@54388f2f
----------------- Done invoking toplevel() on ptolemy.moml.MoMLSimpleApplication@54388f2f
reloadAllAccessors: .ArrayLevelCrossing

===========================================================================================
----------------- testing Fri Jul 12 05:54:27 UTC 2019 /home/travis/build/icyphy/ptII/ptolemy/actor/lib/test/auto/ArrayLevelCrossing2.xml
----------------- Instantiating /home/travis/build/icyphy/ptII/ptolemy/actor/lib/test/auto/ArrayLevelCrossing2.xml
2 ms. Memory: 310272K Free: 189893K (61%)
----------------- Invoking toplevel() on ptolemy.moml.MoMLSimpleApplication@1c37b9be
----------------- Done invoking toplevel() on ptolemy.moml.MoMLSimpleApplication@1c37b9be
reloadAllAccessors: .ArrayLevelCrossing2

===========================================================================================
----------------- testing Fri Jul 12 05:54:27 UTC 2019 /home/travis/build/icyphy/ptII/ptolemy/actor/lib/test/auto/ArrayPeakSearch.xml
----------------- Instantiating /home/travis/build/icyphy/ptII/ptolemy/actor/lib/test/auto/ArrayPeakSearch.xml
8 ms. Memory: 310272K Free: 180677K (58%)
----------------- Invoking toplevel() on ptolemy.moml.MoMLSimpleApplication@4d81d7dd
----------------- Done invoking toplevel() on ptolemy.moml.MoMLSimpleApplication@4d81d7dd
reloadAllAccessors: .ArrayPeakSearch

===========================================================================================
----------------- testing Fri Jul 12 05:54:27 UTC 2019 /home/travis/build/icyphy/ptII/ptolemy/actor/lib/test/auto/ArrayPeakSearch2.xml
----------------- Instantiating /home/travis/build/icyphy/ptII/ptolemy/actor/lib/test/auto/ArrayPeakSearch2.xml
7 ms. Memory: 310272K Free: 170437K (55%)
----------------- Invoking toplevel() on ptolemy.moml.MoMLSimpleApplication@56070e73
----------------- Done invoking toplevel() on ptolemy.moml.MoMLSimpleApplication@56070e73
reloadAllAccessors: .ArrayPeakSearch2

===========================================================================================
----------------- testing Fri Jul 12 05:54:27 UTC 2019 /home/travis/build/icyphy/ptII/ptolemy/actor/lib/test/auto/ArrayPeakSearch3.xml
----------------- Instantiating /home/travis/build/icyphy/ptII/ptolemy/actor/lib/test/auto/ArrayPeakSearch3.xml
5 ms. Memory: 310272K Free: 161731K (52%)
----------------- Invoking toplevel() on ptolemy.moml.MoMLSimpleApplication@7606e363
----------------- Done invoking toplevel() on ptolemy.moml.MoMLSimpleApplication@7606e363
reloadAllAccessors: .ArrayPeakSearch3

===========================================================================================
----------------- testing Fri Jul 12 05:54:27 UTC 2019 /home/travis/build/icyphy/ptII/ptolemy/actor/lib/test/auto/ArrayRemoveElement.xml
----------------- Instantiating /home/travis/build/icyphy/ptII/ptolemy/actor/lib/test/auto/ArrayRemoveElement.xml
3 ms. Memory: 310272K Free: 153539K (49%)
----------------- Invoking toplevel() on ptolemy.moml.MoMLSimpleApplication@683bf8d1
----------------- Done invoking toplevel() on ptolemy.moml.MoMLSimpleApplication@683bf8d1
reloadAllAccessors: .ArrayRemoveElement

===========================================================================================
----------------- testing Fri Jul 12 05:54:27 UTC 2019 /home/travis/build/icyphy/ptII/ptolemy/actor/lib/test/auto/ArraySort.xml
----------------- Instantiating /home/travis/build/icyphy/ptII/ptolemy/actor/lib/test/auto/ArraySort.xml
6 ms. Memory: 310272K Free: 144837K (47%)
----------------- Invoking toplevel() on ptolemy.moml.MoMLSimpleApplication@8e24326
----------------- Done invoking toplevel() on ptolemy.moml.MoMLSimpleApplication@8e24326
reloadAllAccessors: .ArraySort

===========================================================================================
----------------- testing Fri Jul 12 05:54:27 UTC 2019 /home/travis/build/icyphy/ptII/ptolemy/actor/lib/test/auto/ArraySum.xml
----------------- Instantiating /home/travis/build/icyphy/ptII/ptolemy/actor/lib/test/auto/ArraySum.xml
2 ms. Memory: 310272K Free: 139203K (45%)
----------------- Invoking toplevel() on ptolemy.moml.MoMLSimpleApplication@422784c0
----------------- Done invoking toplevel() on ptolemy.moml.MoMLSimpleApplication@422784c0
reloadAllAccessors: .ArraySum

===========================================================================================
----------------- testing Fri Jul 12 05:54:27 UTC 2019 /home/travis/build/icyphy/ptII/ptolemy/actor/lib/test/auto/ArrayToElements.xml
----------------- Instantiating /home/travis/build/icyphy/ptII/ptolemy/actor/lib/test/auto/ArrayToElements.xml
7 ms. Memory: 310272K Free: 134083K (43%)
----------------- Invoking toplevel() on ptolemy.moml.MoMLSimpleApplication@75dbe0f9
----------------- Done invoking toplevel() on ptolemy.moml.MoMLSimpleApplication@75dbe0f9
reloadAllAccessors: .ArrayToElements

===========================================================================================
----------------- testing Fri Jul 12 05:54:27 UTC 2019 /home/travis/build/icyphy/ptII/ptolemy/actor/lib/test/auto/ArrayToMatrix.xml
----------------- Instantiating /home/travis/build/icyphy/ptII/ptolemy/actor/lib/test/auto/ArrayToMatrix.xml
8 ms. Memory: 310272K Free: 119747K (39%)
----------------- Invoking toplevel() on ptolemy.moml.MoMLSimpleApplication@6c22aa95
----------------- Done invoking toplevel() on ptolemy.moml.MoMLSimpleApplication@6c22aa95
reloadAllAccessors: .ArrayToMatrix

===========================================================================================
----------------- testing Fri Jul 12 05:54:27 UTC 2019 /home/travis/build/icyphy/ptII/ptolemy/actor/lib/test/auto/ArrayUpdate1.xml
----------------- Instantiating /home/travis/build/icyphy/ptII/ptolemy/actor/lib/test/auto/ArrayUpdate1.xml
2 ms. Memory: 310272K Free: 115141K (37%)
----------------- Invoking toplevel() on ptolemy.moml.MoMLSimpleApplication@22b34888
----------------- Done invoking toplevel() on ptolemy.moml.MoMLSimpleApplication@22b34888
reloadAllAccessors: .ArrayUpdate1

===========================================================================================
----------------- testing Fri Jul 12 05:54:27 UTC 2019 /home/travis/build/icyphy/ptII/ptolemy/actor/lib/test/auto/ArrayUpdate2.xml
----------------- Instantiating /home/travis/build/icyphy/ptII/ptolemy/actor/lib/test/auto/ArrayUpdate2.xml
6 ms. Memory: 310272K Free: 108468K (35%)
----------------- Invoking toplevel() on ptolemy.moml.MoMLSimpleApplication@436d6a44
----------------- Done invoking toplevel() on ptolemy.moml.MoMLSimpleApplication@436d6a44
reloadAllAccessors: .ArrayUpdate2

===========================================================================================
----------------- testing Fri Jul 12 05:54:27 UTC 2019 /home/travis/build/icyphy/ptII/ptolemy/actor/lib/test/auto/ArrayUpdate3.xml
----------------- Instantiating /home/travis/build/icyphy/ptII/ptolemy/actor/lib/test/auto/ArrayUpdate3.xml
2 ms. Memory: 310272K Free: 103877K (33%)
----------------- Invoking toplevel() on ptolemy.moml.MoMLSimpleApplication@3f5f0915
----------------- Done invoking toplevel() on ptolemy.moml.MoMLSimpleApplication@3f5f0915
reloadAllAccessors: .ArrayUpdate3

===========================================================================================
----------------- testing Fri Jul 12 05:54:27 UTC 2019 /home/travis/build/icyphy/ptII/ptolemy/actor/lib/test/auto/Assert1.xml
----------------- Instantiating /home/travis/build/icyphy/ptII/ptolemy/actor/lib/test/auto/Assert1.xml
7 ms. Memory: 310272K Free: 99267K (32%)
----------------- Invoking toplevel() on ptolemy.moml.MoMLSimpleApplication@6e2654d
----------------- Done invoking toplevel() on ptolemy.moml.MoMLSimpleApplication@6e2654d
reloadAllAccessors: .Assert1

===========================================================================================
----------------- testing Fri Jul 12 05:54:27 UTC 2019 /home/travis/build/icyphy/ptII/ptolemy/actor/lib/test/auto/Assert2.xml
----------------- Instantiating /home/travis/build/icyphy/ptII/ptolemy/actor/lib/test/auto/Assert2.xml
9 ms. Memory: 310272K Free: 95171K (31%)
----------------- Invoking toplevel() on ptolemy.moml.MoMLSimpleApplication@335fd894
----------------- Done invoking toplevel() on ptolemy.moml.MoMLSimpleApplication@335fd894
reloadAllAccessors: .Assert2

===========================================================================================
----------------- testing Fri Jul 12 05:54:28 UTC 2019 /home/travis/build/icyphy/ptII/ptolemy/actor/lib/test/auto/BooleanMultiplexor.xml
----------------- Instantiating /home/travis/build/icyphy/ptII/ptolemy/actor/lib/test/auto/BooleanMultiplexor.xml
2 ms. Memory: 310272K Free: 89541K (29%)
----------------- Invoking toplevel() on ptolemy.moml.MoMLSimpleApplication@45f24a1d
----------------- Done invoking toplevel() on ptolemy.moml.MoMLSimpleApplication@45f24a1d
reloadAllAccessors: .BooleanMultiplexor

===========================================================================================
----------------- testing Fri Jul 12 05:54:28 UTC 2019 /home/travis/build/icyphy/ptII/ptolemy/actor/lib/test/auto/BooleanMultiplexor2.xml
----------------- Instantiating /home/travis/build/icyphy/ptII/ptolemy/actor/lib/test/auto/BooleanMultiplexor2.xml
21 ms. Memory: 538624K Free: 490947K (91%)
----------------- Invoking toplevel() on ptolemy.moml.MoMLSimpleApplication@7829a8a1
----------------- Done invoking toplevel() on ptolemy.moml.MoMLSimpleApplication@7829a8a1
reloadAllAccessors: .BooleanMultiplexor2

===========================================================================================
----------------- testing Fri Jul 12 05:54:28 UTC 2019 /home/travis/build/icyphy/ptII/ptolemy/actor/lib/test/auto/BooleanMultiplexor3.xml
----------------- Instantiating /home/travis/build/icyphy/ptII/ptolemy/actor/lib/test/auto/BooleanMultiplexor3.xml
8 ms. Memory: 538624K Free: 486339K (90%)
----------------- Invoking toplevel() on ptolemy.moml.MoMLSimpleApplication@585b7b7
----------------- Done invoking toplevel() on ptolemy.moml.MoMLSimpleApplication@585b7b7
reloadAllAccessors: .BooleanMultiplexor3

===========================================================================================
----------------- testing Fri Jul 12 05:54:28 UTC 2019 /home/travis/build/icyphy/ptII/ptolemy/actor/lib/test/auto/BooleanSelect.xml
----------------- Instantiating /home/travis/build/icyphy/ptII/ptolemy/actor/lib/test/auto/BooleanSelect.xml
8 ms. Memory: 538624K Free: 480709K (89%)
----------------- Invoking toplevel() on ptolemy.moml.MoMLSimpleApplication@5b01809
----------------- Done invoking toplevel() on ptolemy.moml.MoMLSimpleApplication@5b01809
reloadAllAccessors: .BooleanSelect

===========================================================================================
----------------- testing Fri Jul 12 05:54:28 UTC 2019 /home/travis/build/icyphy/ptII/ptolemy/actor/lib/test/auto/BooleanSelect2.xml
----------------- Instantiating /home/travis/build/icyphy/ptII/ptolemy/actor/lib/test/auto/BooleanSelect2.xml
2 ms. Memory: 538624K Free: 476099K (88%)
----------------- Invoking toplevel() on ptolemy.moml.MoMLSimpleApplication@4629a3c0
----------------- Done invoking toplevel() on ptolemy.moml.MoMLSimpleApplication@4629a3c0
reloadAllAccessors: .BooleanSelect2

===========================================================================================
----------------- testing Fri Jul 12 05:54:28 UTC 2019 /home/travis/build/icyphy/ptII/ptolemy/actor/lib/test/auto/BooleanSwitch.xml
----------------- Instantiating /home/travis/build/icyphy/ptII/ptolemy/actor/lib/test/auto/BooleanSwitch.xml
8 ms. Memory: 538624K Free: 470469K (87%)
----------------- Invoking toplevel() on ptolemy.moml.MoMLSimpleApplication@3abcf4df
----------------- Done invoking toplevel() on ptolemy.moml.MoMLSimpleApplication@3abcf4df
reloadAllAccessors: .BooleanSwitch

===========================================================================================
----------------- testing Fri Jul 12 05:54:28 UTC 2019 /home/travis/build/icyphy/ptII/ptolemy/actor/lib/test/auto/BooleanSwitch2.xml
----------------- Instantiating /home/travis/build/icyphy/ptII/ptolemy/actor/lib/test/auto/BooleanSwitch2.xml
2 ms. Memory: 538624K Free: 465859K (86%)
----------------- Invoking toplevel() on ptolemy.moml.MoMLSimpleApplication@d0a597
----------------- Done invoking toplevel() on ptolemy.moml.MoMLSimpleApplication@d0a597
reloadAllAccessors: .BooleanSwitch2

===========================================================================================
----------------- testing Fri Jul 12 05:54:28 UTC 2019 /home/travis/build/icyphy/ptII/ptolemy/actor/lib/test/auto/BooleanSwitchCloningBugWithClassRelationGroup.xml
----------------- Instantiating /home/travis/build/icyphy/ptII/ptolemy/actor/lib/test/auto/BooleanSwitchCloningBugWithClassRelationGroup.xml
4 ms. Memory: 538624K Free: 459205K (85%)
----------------- Invoking toplevel() on ptolemy.moml.MoMLSimpleApplication@2b32bac9
----------------- Done invoking toplevel() on ptolemy.moml.MoMLSimpleApplication@2b32bac9
reloadAllAccessors: .BooleanSwitchCloningBugWithClassRelationGroup

===========================================================================================
----------------- testing Fri Jul 12 05:54:28 UTC 2019 /home/travis/build/icyphy/ptII/ptolemy/actor/lib/test/auto/BusActors.xml
----------------- Instantiating /home/travis/build/icyphy/ptII/ptolemy/actor/lib/test/auto/BusActors.xml
9 ms. Memory: 538624K Free: 451523K (84%)
----------------- Invoking toplevel() on ptolemy.moml.MoMLSimpleApplication@17b4e3c7
----------------- Done invoking toplevel() on ptolemy.moml.MoMLSimpleApplication@17b4e3c7
reloadAllAccessors: .BusActors

===========================================================================================
----------------- testing Fri Jul 12 05:54:28 UTC 2019 /home/travis/build/icyphy/ptII/ptolemy/actor/lib/test/auto/ClassWrapper.xml
----------------- Instantiating /home/travis/build/icyphy/ptII/ptolemy/actor/lib/test/auto/ClassWrapper.xml
5 ms. Memory: 538624K Free: 446917K (83%)
----------------- Invoking toplevel() on ptolemy.moml.MoMLSimpleApplication@5f738f64
----------------- Done invoking toplevel() on ptolemy.moml.MoMLSimpleApplication@5f738f64
reloadAllAccessors: .ClassWrapper

===========================================================================================
----------------- testing Fri Jul 12 05:54:28 UTC 2019 /home/travis/build/icyphy/ptII/ptolemy/actor/lib/test/auto/Clock.xml
----------------- Instantiating /home/travis/build/icyphy/ptII/ptolemy/actor/lib/test/auto/Clock.xml
2 ms. Memory: 538624K Free: 443331K (82%)
----------------- Invoking toplevel() on ptolemy.moml.MoMLSimpleApplication@631a6be6
----------------- Done invoking toplevel() on ptolemy.moml.MoMLSimpleApplication@631a6be6
reloadAllAccessors: .Clock

===========================================================================================
----------------- testing Fri Jul 12 05:54:28 UTC 2019 /home/travis/build/icyphy/ptII/ptolemy/actor/lib/test/auto/Clock10.xml
----------------- Instantiating /home/travis/build/icyphy/ptII/ptolemy/actor/lib/test/auto/Clock10.xml
3 ms. Memory: 538624K Free: 437187K (81%)
----------------- Invoking toplevel() on ptolemy.moml.MoMLSimpleApplication@385732aa
----------------- Done invoking toplevel() on ptolemy.moml.MoMLSimpleApplication@385732aa
reloadAllAccessors: .Clock10

===========================================================================================
----------------- testing Fri Jul 12 05:54:28 UTC 2019 /home/travis/build/icyphy/ptII/ptolemy/actor/lib/test/auto/Clock11.xml
----------------- Instantiating /home/travis/build/icyphy/ptII/ptolemy/actor/lib/test/auto/Clock11.xml
4 ms. Memory: 538624K Free: 431557K (80%)
----------------- Invoking toplevel() on ptolemy.moml.MoMLSimpleApplication@758a1d35
----------------- Done invoking toplevel() on ptolemy.moml.MoMLSimpleApplication@758a1d35
reloadAllAccessors: .Clock11

===========================================================================================
----------------- testing Fri Jul 12 05:54:28 UTC 2019 /home/travis/build/icyphy/ptII/ptolemy/actor/lib/test/auto/Clock12.xml
----------------- Instantiating /home/travis/build/icyphy/ptII/ptolemy/actor/lib/test/auto/Clock12.xml
5 ms. Memory: 538624K Free: 425413K (79%)
----------------- Invoking toplevel() on ptolemy.moml.MoMLSimpleApplication@4094a7d5
----------------- Done invoking toplevel() on ptolemy.moml.MoMLSimpleApplication@4094a7d5
reloadAllAccessors: .Clock12

===========================================================================================
----------------- testing Fri Jul 12 05:54:28 UTC 2019 /home/travis/build/icyphy/ptII/ptolemy/actor/lib/test/auto/Clock13.xml
----------------- Instantiating /home/travis/build/icyphy/ptII/ptolemy/actor/lib/test/auto/Clock13.xml
7 ms. Memory: 538624K Free: 419764K (78%)
----------------- Invoking toplevel() on ptolemy.moml.MoMLSimpleApplication@6f38e9a6
----------------- Done invoking toplevel() on ptolemy.moml.MoMLSimpleApplication@6f38e9a6
reloadAllAccessors: .Clock13

===========================================================================================
----------------- testing Fri Jul 12 05:54:28 UTC 2019 /home/travis/build/icyphy/ptII/ptolemy/actor/lib/test/auto/Clock14.xml
----------------- Instantiating /home/travis/build/icyphy/ptII/ptolemy/actor/lib/test/auto/Clock14.xml
6 ms. Memory: 538624K Free: 413604K (77%)
----------------- Invoking toplevel() on ptolemy.moml.MoMLSimpleApplication@b00ce1e
----------------- Done invoking toplevel() on ptolemy.moml.MoMLSimpleApplication@b00ce1e
reloadAllAccessors: .Clock14

===========================================================================================
----------------- testing Fri Jul 12 05:54:28 UTC 2019 /home/travis/build/icyphy/ptII/ptolemy/actor/lib/test/auto/Clock15.xml
----------------- Instantiating /home/travis/build/icyphy/ptII/ptolemy/actor/lib/test/auto/Clock15.xml
5 ms. Memory: 538624K Free: 408005K (76%)
----------------- Invoking toplevel() on ptolemy.moml.MoMLSimpleApplication@5a3ef206
----------------- Done invoking toplevel() on ptolemy.moml.MoMLSimpleApplication@5a3ef206
reloadAllAccessors: .Clock15

===========================================================================================
----------------- testing Fri Jul 12 05:54:28 UTC 2019 /home/travis/build/icyphy/ptII/ptolemy/actor/lib/test/auto/Clock16.xml
----------------- Instantiating /home/travis/build/icyphy/ptII/ptolemy/actor/lib/test/auto/Clock16.xml
33 ms. Memory: 538624K Free: 393140K (73%)
----------------- Invoking toplevel() on ptolemy.moml.MoMLSimpleApplication@1a0234f
----------------- Done invoking toplevel() on ptolemy.moml.MoMLSimpleApplication@1a0234f
reloadAllAccessors: .Clock16

===========================================================================================
----------------- testing Fri Jul 12 05:54:28 UTC 2019 /home/travis/build/icyphy/ptII/ptolemy/actor/lib/test/auto/Clock17.xml
----------------- Instantiating /home/travis/build/icyphy/ptII/ptolemy/actor/lib/test/auto/Clock17.xml
27 ms. Memory: 538624K Free: 378804K (70%)
----------------- Invoking toplevel() on ptolemy.moml.MoMLSimpleApplication@6826b934
----------------- Done invoking toplevel() on ptolemy.moml.MoMLSimpleApplication@6826b934
reloadAllAccessors: .Clock17

===========================================================================================
----------------- testing Fri Jul 12 05:54:28 UTC 2019 /home/travis/build/icyphy/ptII/ptolemy/actor/lib/test/auto/Clock18.xml
----------------- Instantiating /home/travis/build/icyphy/ptII/ptolemy/actor/lib/test/auto/Clock18.xml
26 ms. Memory: 538624K Free: 366021K (68%)
----------------- Invoking toplevel() on ptolemy.moml.MoMLSimpleApplication@767907df
----------------- Done invoking toplevel() on ptolemy.moml.MoMLSimpleApplication@767907df
reloadAllAccessors: .Clock18

===========================================================================================
----------------- testing Fri Jul 12 05:54:28 UTC 2019 /home/travis/build/icyphy/ptII/ptolemy/actor/lib/test/auto/Clock19.xml
----------------- Instantiating /home/travis/build/icyphy/ptII/ptolemy/actor/lib/test/auto/Clock19.xml
18 ms. Memory: 538624K Free: 352709K (65%)
----------------- Invoking toplevel() on ptolemy.moml.MoMLSimpleApplication@4f4b61e0
----------------- Done invoking toplevel() on ptolemy.moml.MoMLSimpleApplication@4f4b61e0
reloadAllAccessors: .Clock19

===========================================================================================
----------------- testing Fri Jul 12 05:54:28 UTC 2019 /home/travis/build/icyphy/ptII/ptolemy/actor/lib/test/auto/Clock2.xml
----------------- Instantiating /home/travis/build/icyphy/ptII/ptolemy/actor/lib/test/auto/Clock2.xml
5 ms. Memory: 538624K Free: 348084K (65%)
----------------- Invoking toplevel() on ptolemy.moml.MoMLSimpleApplication@75f7d603
----------------- Done invoking toplevel() on ptolemy.moml.MoMLSimpleApplication@75f7d603
reloadAllAccessors: .Clock2

===========================================================================================
----------------- testing Fri Jul 12 05:54:28 UTC 2019 /home/travis/build/icyphy/ptII/ptolemy/actor/lib/test/auto/Clock20.xml
----------------- Instantiating /home/travis/build/icyphy/ptII/ptolemy/actor/lib/test/auto/Clock20.xml
7 ms. Memory: 538624K Free: 342469K (64%)
----------------- Invoking toplevel() on ptolemy.moml.MoMLSimpleApplication@33eb00c0
----------------- Done invoking toplevel() on ptolemy.moml.MoMLSimpleApplication@33eb00c0
reloadAllAccessors: .Clock20

===========================================================================================
----------------- testing Fri Jul 12 05:54:28 UTC 2019 /home/travis/build/icyphy/ptII/ptolemy/actor/lib/test/auto/Clock21.xml
----------------- Instantiating /home/travis/build/icyphy/ptII/ptolemy/actor/lib/test/auto/Clock21.xml
3 ms. Memory: 538624K Free: 337349K (63%)
----------------- Invoking toplevel() on ptolemy.moml.MoMLSimpleApplication@2e13ae30
----------------- Done invoking toplevel() on ptolemy.moml.MoMLSimpleApplication@2e13ae30
reloadAllAccessors: .Clock21

===========================================================================================
----------------- testing Fri Jul 12 05:54:28 UTC 2019 /home/travis/build/icyphy/ptII/ptolemy/actor/lib/test/auto/Clock22.xml
----------------- Instantiating /home/travis/build/icyphy/ptII/ptolemy/actor/lib/test/auto/Clock22.xml
6 ms. Memory: 538624K Free: 331715K (62%)
----------------- Invoking toplevel() on ptolemy.moml.MoMLSimpleApplication@42ddb37e
----------------- Done invoking toplevel() on ptolemy.moml.MoMLSimpleApplication@42ddb37e
reloadAllAccessors: .Clock22

===========================================================================================
----------------- testing Fri Jul 12 05:54:28 UTC 2019 /home/travis/build/icyphy/ptII/ptolemy/actor/lib/test/auto/Clock23.xml
----------------- Instantiating /home/travis/build/icyphy/ptII/ptolemy/actor/lib/test/auto/Clock23.xml
4 ms. Memory: 538624K Free: 326085K (61%)
----------------- Invoking toplevel() on ptolemy.moml.MoMLSimpleApplication@21cd1efc
----------------- Done invoking toplevel() on ptolemy.moml.MoMLSimpleApplication@21cd1efc
reloadAllAccessors: .Clock23

===========================================================================================
----------------- testing Fri Jul 12 05:54:28 UTC 2019 /home/travis/build/icyphy/ptII/ptolemy/actor/lib/test/auto/Clock24.xml
----------------- Instantiating /home/travis/build/icyphy/ptII/ptolemy/actor/lib/test/auto/Clock24.xml
2 ms. Memory: 538624K Free: 320965K (60%)
----------------- Invoking toplevel() on ptolemy.moml.MoMLSimpleApplication@10c26005
----------------- Done invoking toplevel() on ptolemy.moml.MoMLSimpleApplication@10c26005
reloadAllAccessors: .Clock24

===========================================================================================
----------------- testing Fri Jul 12 05:54:28 UTC 2019 /home/travis/build/icyphy/ptII/ptolemy/actor/lib/test/auto/Clock4.xml
----------------- Instantiating /home/travis/build/icyphy/ptII/ptolemy/actor/lib/test/auto/Clock4.xml
2 ms. Memory: 538624K Free: 315845K (59%)
----------------- Invoking toplevel() on ptolemy.moml.MoMLSimpleApplication@54e7e4ba
----------------- Done invoking toplevel() on ptolemy.moml.MoMLSimpleApplication@54e7e4ba
reloadAllAccessors: .Clock4

===========================================================================================
----------------- testing Fri Jul 12 05:54:28 UTC 2019 /home/travis/build/icyphy/ptII/ptolemy/actor/lib/test/auto/Clock5.xml
----------------- Instantiating /home/travis/build/icyphy/ptII/ptolemy/actor/lib/test/auto/Clock5.xml
2 ms. Memory: 538624K Free: 310725K (58%)
----------------- Invoking toplevel() on ptolemy.moml.MoMLSimpleApplication@f8058fa
----------------- Done invoking toplevel() on ptolemy.moml.MoMLSimpleApplication@f8058fa
reloadAllAccessors: .Clock5

===========================================================================================
----------------- testing Fri Jul 12 05:54:29 UTC 2019 /home/travis/build/icyphy/ptII/ptolemy/actor/lib/test/auto/Clock6.xml
----------------- Instantiating /home/travis/build/icyphy/ptII/ptolemy/actor/lib/test/auto/Clock6.xml
2 ms. Memory: 538624K Free: 306629K (57%)
----------------- Invoking toplevel() on ptolemy.moml.MoMLSimpleApplication@77d73539
----------------- Done invoking toplevel() on ptolemy.moml.MoMLSimpleApplication@77d73539
reloadAllAccessors: .Clock6

===========================================================================================
----------------- testing Fri Jul 12 05:54:29 UTC 2019 /home/travis/build/icyphy/ptII/ptolemy/actor/lib/test/auto/Clock7.xml
----------------- Instantiating /home/travis/build/icyphy/ptII/ptolemy/actor/lib/test/auto/Clock7.xml
2 ms. Memory: 538624K Free: 302531K (56%)
----------------- Invoking toplevel() on ptolemy.moml.MoMLSimpleApplication@7ffff60b
----------------- Done invoking toplevel() on ptolemy.moml.MoMLSimpleApplication@7ffff60b
reloadAllAccessors: .Clock7

===========================================================================================
----------------- testing Fri Jul 12 05:54:29 UTC 2019 /home/travis/build/icyphy/ptII/ptolemy/actor/lib/test/auto/Clock8.xml
----------------- Instantiating /home/travis/build/icyphy/ptII/ptolemy/actor/lib/test/auto/Clock8.xml
3 ms. Memory: 538624K Free: 296884K (55%)
----------------- Invoking toplevel() on ptolemy.moml.MoMLSimpleApplication@7fbc39bb
----------------- Done invoking toplevel() on ptolemy.moml.MoMLSimpleApplication@7fbc39bb
reloadAllAccessors: .Clock8

===========================================================================================
----------------- testing Fri Jul 12 05:54:29 UTC 2019 /home/travis/build/icyphy/ptII/ptolemy/actor/lib/test/auto/Clock9.xml
----------------- Instantiating /home/travis/build/icyphy/ptII/ptolemy/actor/lib/test/auto/Clock9.xml
3 ms. Memory: 538624K Free: 291269K (54%)
----------------- Invoking toplevel() on ptolemy.moml.MoMLSimpleApplication@5d5b57f4
----------------- Done invoking toplevel() on ptolemy.moml.MoMLSimpleApplication@5d5b57f4
reloadAllAccessors: .Clock9

===========================================================================================
----------------- testing Fri Jul 12 05:54:29 UTC 2019 /home/travis/build/icyphy/ptII/ptolemy/actor/lib/test/auto/CommDistDiscard.xml
----------------- Instantiating /home/travis/build/icyphy/ptII/ptolemy/actor/lib/test/auto/CommDistDiscard.xml
4 ms. Memory: 538624K Free: 286149K (53%)
----------------- Invoking toplevel() on ptolemy.moml.MoMLSimpleApplication@28eca94e
----------------- Done invoking toplevel() on ptolemy.moml.MoMLSimpleApplication@28eca94e
reloadAllAccessors: .CommDistDiscard

===========================================================================================
----------------- testing Fri Jul 12 05:54:29 UTC 2019 /home/travis/build/icyphy/ptII/ptolemy/actor/lib/test/auto/Commutator.xml
----------------- Instantiating /home/travis/build/icyphy/ptII/ptolemy/actor/lib/test/auto/Commutator.xml
2 ms. Memory: 538624K Free: 281539K (52%)
----------------- Invoking toplevel() on ptolemy.moml.MoMLSimpleApplication@7fbb2b0f
----------------- Done invoking toplevel() on ptolemy.moml.MoMLSimpleApplication@7fbb2b0f
reloadAllAccessors: .Commutator

===========================================================================================
----------------- testing Fri Jul 12 05:54:29 UTC 2019 /home/travis/build/icyphy/ptII/ptolemy/actor/lib/test/auto/Commutator2.xml
----------------- Instantiating /home/travis/build/icyphy/ptII/ptolemy/actor/lib/test/auto/Commutator2.xml
2 ms. Memory: 538624K Free: 277443K (52%)
----------------- Invoking toplevel() on ptolemy.moml.MoMLSimpleApplication@68a45239
----------------- Done invoking toplevel() on ptolemy.moml.MoMLSimpleApplication@68a45239
reloadAllAccessors: .Commutator2

===========================================================================================
----------------- testing Fri Jul 12 05:54:29 UTC 2019 /home/travis/build/icyphy/ptII/ptolemy/actor/lib/test/auto/Commutator3.xml
----------------- Instantiating /home/travis/build/icyphy/ptII/ptolemy/actor/lib/test/auto/Commutator3.xml
2 ms. Memory: 538624K Free: 272837K (51%)
----------------- Invoking toplevel() on ptolemy.moml.MoMLSimpleApplication@1d6b77b7
----------------- Done invoking toplevel() on ptolemy.moml.MoMLSimpleApplication@1d6b77b7
reloadAllAccessors: .Commutator3

===========================================================================================
----------------- testing Fri Jul 12 05:54:29 UTC 2019 /home/travis/build/icyphy/ptII/ptolemy/actor/lib/test/auto/Compare.xml
----------------- Instantiating /home/travis/build/icyphy/ptII/ptolemy/actor/lib/test/auto/Compare.xml
2 ms. Memory: 538624K Free: 266179K (49%)
----------------- Invoking toplevel() on ptolemy.moml.MoMLSimpleApplication@36aa87ad
----------------- Done invoking toplevel() on ptolemy.moml.MoMLSimpleApplication@36aa87ad
reloadAllAccessors: .Compare

===========================================================================================
----------------- testing Fri Jul 12 05:54:29 UTC 2019 /home/travis/build/icyphy/ptII/ptolemy/actor/lib/test/auto/CompareDE.xml
----------------- Instantiating /home/travis/build/icyphy/ptII/ptolemy/actor/lib/test/auto/CompareDE.xml
4 ms. Memory: 538624K Free: 259525K (48%)
----------------- Invoking toplevel() on ptolemy.moml.MoMLSimpleApplication@63d69b0
----------------- Done invoking toplevel() on ptolemy.moml.MoMLSimpleApplication@63d69b0
reloadAllAccessors: .CompareDE

===========================================================================================
----------------- testing Fri Jul 12 05:54:29 UTC 2019 /home/travis/build/icyphy/ptII/ptolemy/actor/lib/test/auto/ComplexDivide.xml
----------------- Instantiating /home/travis/build/icyphy/ptII/ptolemy/actor/lib/test/auto/ComplexDivide.xml
1 ms. Memory: 538624K Free: 255429K (47%)
----------------- Invoking toplevel() on ptolemy.moml.MoMLSimpleApplication@1f99a45e
----------------- Done invoking toplevel() on ptolemy.moml.MoMLSimpleApplication@1f99a45e
reloadAllAccessors: .ComplexDivide

===========================================================================================
----------------- testing Fri Jul 12 05:54:29 UTC 2019 /home/travis/build/icyphy/ptII/ptolemy/actor/lib/test/auto/ComputeHistogram.xml
----------------- Instantiating /home/travis/build/icyphy/ptII/ptolemy/actor/lib/test/auto/ComputeHistogram.xml
42 ms. Memory: 538624K Free: 243141K (45%)
----------------- Invoking toplevel() on ptolemy.moml.MoMLSimpleApplication@3adab97
----------------- Done invoking toplevel() on ptolemy.moml.MoMLSimpleApplication@3adab97
reloadAllAccessors: .ComputeHistogram

===========================================================================================
----------------- testing Fri Jul 12 05:54:29 UTC 2019 /home/travis/build/icyphy/ptII/ptolemy/actor/lib/test/auto/ConfigurationSelect.xml
----------------- Instantiating /home/travis/build/icyphy/ptII/ptolemy/actor/lib/test/auto/ConfigurationSelect.xml
8 ms. Memory: 538624K Free: 238021K (44%)
----------------- Invoking toplevel() on ptolemy.moml.MoMLSimpleApplication@ec7e79
----------------- Done invoking toplevel() on ptolemy.moml.MoMLSimpleApplication@ec7e79
reloadAllAccessors: .ConfigurationSelect

===========================================================================================
----------------- testing Fri Jul 12 05:54:29 UTC 2019 /home/travis/build/icyphy/ptII/ptolemy/actor/lib/test/auto/ConfigurationSelect2.xml
----------------- Instantiating /home/travis/build/icyphy/ptII/ptolemy/actor/lib/test/auto/ConfigurationSelect2.xml
1 ms. Memory: 538624K Free: 233411K (43%)
----------------- Invoking toplevel() on ptolemy.moml.MoMLSimpleApplication@7f8651e1
----------------- Done invoking toplevel() on ptolemy.moml.MoMLSimpleApplication@7f8651e1
reloadAllAccessors: .ConfigurationSelect2

===========================================================================================
----------------- testing Fri Jul 12 05:54:29 UTC 2019 /home/travis/build/icyphy/ptII/ptolemy/actor/lib/test/auto/ConfigurationSwitch.xml
----------------- Instantiating /home/travis/build/icyphy/ptII/ptolemy/actor/lib/test/auto/ConfigurationSwitch.xml
2 ms. Memory: 538624K Free: 228291K (42%)
----------------- Invoking toplevel() on ptolemy.moml.MoMLSimpleApplication@3ced0d76
----------------- Done invoking toplevel() on ptolemy.moml.MoMLSimpleApplication@3ced0d76
reloadAllAccessors: .ConfigurationSwitch

===========================================================================================
----------------- testing Fri Jul 12 05:54:29 UTC 2019 /home/travis/build/icyphy/ptII/ptolemy/actor/lib/test/auto/ConfigurationSwitch2.xml
----------------- Instantiating /home/travis/build/icyphy/ptII/ptolemy/actor/lib/test/auto/ConfigurationSwitch2.xml
1 ms. Memory: 538624K Free: 222661K (41%)
----------------- Invoking toplevel() on ptolemy.moml.MoMLSimpleApplication@7c8aa45
----------------- Done invoking toplevel() on ptolemy.moml.MoMLSimpleApplication@7c8aa45
reloadAllAccessors: .ConfigurationSwitch2

===========================================================================================
----------------- testing Fri Jul 12 05:54:29 UTC 2019 /home/travis/build/icyphy/ptII/ptolemy/actor/lib/test/auto/ConfigurationSwitchCloningBugWithClassRelationGroup.xml
----------------- Instantiating /home/travis/build/icyphy/ptII/ptolemy/actor/lib/test/auto/ConfigurationSwitchCloningBugWithClassRelationGroup.xml
1 ms. Memory: 538624K Free: 216003K (40%)
----------------- Invoking toplevel() on ptolemy.moml.MoMLSimpleApplication@68e54cc3
----------------- Done invoking toplevel() on ptolemy.moml.MoMLSimpleApplication@68e54cc3
reloadAllAccessors: .ConfigurationSwitchCloningBugWithClassRelationGroup

===========================================================================================
----------------- testing Fri Jul 12 05:54:29 UTC 2019 /home/travis/build/icyphy/ptII/ptolemy/actor/lib/test/auto/ConfigurationSwitchSelectSDF.xml
----------------- Instantiating /home/travis/build/icyphy/ptII/ptolemy/actor/lib/test/auto/ConfigurationSwitchSelectSDF.xml
3 ms. Memory: 538624K Free: 210883K (39%)
----------------- Invoking toplevel() on ptolemy.moml.MoMLSimpleApplication@1634cff2
----------------- Done invoking toplevel() on ptolemy.moml.MoMLSimpleApplication@1634cff2
reloadAllAccessors: .ConfigurationSwitchSelectSDF

===========================================================================================
----------------- testing Fri Jul 12 05:54:29 UTC 2019 /home/travis/build/icyphy/ptII/ptolemy/actor/lib/test/auto/ConfigurationSwitchSelectSDF2.xml
----------------- Instantiating /home/travis/build/icyphy/ptII/ptolemy/actor/lib/test/auto/ConfigurationSwitchSelectSDF2.xml
4 ms. Memory: 538624K Free: 204739K (38%)
----------------- Invoking toplevel() on ptolemy.moml.MoMLSimpleApplication@60ca299
----------------- Done invoking toplevel() on ptolemy.moml.MoMLSimpleApplication@60ca299
reloadAllAccessors: .ConfigurationSwitchSelectSDF2

===========================================================================================
----------------- testing Fri Jul 12 05:54:29 UTC 2019 /home/travis/build/icyphy/ptII/ptolemy/actor/lib/test/auto/Const.xml
----------------- Instantiating /home/travis/build/icyphy/ptII/ptolemy/actor/lib/test/auto/Const.xml
1 ms. Memory: 538624K Free: 201157K (37%)
----------------- Invoking toplevel() on ptolemy.moml.MoMLSimpleApplication@7fc104c7
----------------- Done invoking toplevel() on ptolemy.moml.MoMLSimpleApplication@7fc104c7
reloadAllAccessors: .Const

===========================================================================================
----------------- testing Fri Jul 12 05:54:29 UTC 2019 /home/travis/build/icyphy/ptII/ptolemy/actor/lib/test/auto/Const2.xml
----------------- Instantiating /home/travis/build/icyphy/ptII/ptolemy/actor/lib/test/auto/Const2.xml
2 ms. Memory: 538624K Free: 490460K (91%)
----------------- Invoking toplevel() on ptolemy.moml.MoMLSimpleApplication@495e4659
----------------- Done invoking toplevel() on ptolemy.moml.MoMLSimpleApplication@495e4659
reloadAllAccessors: .Const2

===========================================================================================
----------------- testing Fri Jul 12 05:54:29 UTC 2019 /home/travis/build/icyphy/ptII/ptolemy/actor/lib/test/auto/Const3.xml
----------------- Instantiating /home/travis/build/icyphy/ptII/ptolemy/actor/lib/test/auto/Const3.xml
1 ms. Memory: 538624K Free: 487394K (90%)
----------------- Invoking toplevel() on ptolemy.moml.MoMLSimpleApplication@706184ba
----------------- Done invoking toplevel() on ptolemy.moml.MoMLSimpleApplication@706184ba
reloadAllAccessors: .Const3

===========================================================================================
----------------- testing Fri Jul 12 05:54:29 UTC 2019 /home/travis/build/icyphy/ptII/ptolemy/actor/lib/test/auto/ConstantPublisherPort1.xml
----------------- Instantiating /home/travis/build/icyphy/ptII/ptolemy/actor/lib/test/auto/ConstantPublisherPort1.xml
6 ms. Memory: 538624K Free: 478692K (89%)
----------------- Invoking toplevel() on ptolemy.moml.MoMLSimpleApplication@47694383
----------------- Done invoking toplevel() on ptolemy.moml.MoMLSimpleApplication@47694383
reloadAllAccessors: .ConstantPublisherPort1

===========================================================================================
----------------- testing Fri Jul 12 05:54:29 UTC 2019 /home/travis/build/icyphy/ptII/ptolemy/actor/lib/test/auto/ConstantPublisherPort2.xml
----------------- Instantiating /home/travis/build/icyphy/ptII/ptolemy/actor/lib/test/auto/ConstantPublisherPort2.xml
8 ms. Memory: 538624K Free: 471524K (88%)
----------------- Invoking toplevel() on ptolemy.moml.MoMLSimpleApplication@7c36dbc5
----------------- Done invoking toplevel() on ptolemy.moml.MoMLSimpleApplication@7c36dbc5
reloadAllAccessors: .ConstantPublisherPort2

===========================================================================================
----------------- testing Fri Jul 12 05:54:29 UTC 2019 /home/travis/build/icyphy/ptII/ptolemy/actor/lib/test/auto/ConstantPublisherPort3.xml
----------------- Instantiating /home/travis/build/icyphy/ptII/ptolemy/actor/lib/test/auto/ConstantPublisherPort3.xml
11 ms. Memory: 538624K Free: 463842K (86%)
----------------- Invoking toplevel() on ptolemy.moml.MoMLSimpleApplication@65a34ccd
----------------- Done invoking toplevel() on ptolemy.moml.MoMLSimpleApplication@65a34ccd
reloadAllAccessors: .ConstantPublisherPort3

===========================================================================================
----------------- testing Fri Jul 12 05:54:29 UTC 2019 /home/travis/build/icyphy/ptII/ptolemy/actor/lib/test/auto/ConstantPublisherPort4.xml
----------------- Instantiating /home/travis/build/icyphy/ptII/ptolemy/actor/lib/test/auto/ConstantPublisherPort4.xml
2 ms. Memory: 538624K Free: 456660K (85%)
----------------- Invoking toplevel() on ptolemy.moml.MoMLSimpleApplication@306af8a6
----------------- Done invoking toplevel() on ptolemy.moml.MoMLSimpleApplication@306af8a6
reloadAllAccessors: .ConstantPublisherPort4

===========================================================================================
----------------- testing Fri Jul 12 05:54:29 UTC 2019 /home/travis/build/icyphy/ptII/ptolemy/actor/lib/test/auto/ConstantPublisherPort5.xml
----------------- Instantiating /home/travis/build/icyphy/ptII/ptolemy/actor/lib/test/auto/ConstantPublisherPort5.xml
32 ms. Memory: 538624K Free: 447458K (83%)
----------------- Invoking toplevel() on ptolemy.moml.MoMLSimpleApplication@7595e47
----------------- Done invoking toplevel() on ptolemy.moml.MoMLSimpleApplication@7595e47
reloadAllAccessors: .ConstantPublisherPort5

===========================================================================================
----------------- testing Fri Jul 12 05:54:29 UTC 2019 /home/travis/build/icyphy/ptII/ptolemy/actor/lib/test/auto/ConstantPublisherPort6.xml
----------------- Instantiating /home/travis/build/icyphy/ptII/ptolemy/actor/lib/test/auto/ConstantPublisherPort6.xml
14 ms. Memory: 538624K Free: 438242K (81%)
----------------- Invoking toplevel() on ptolemy.moml.MoMLSimpleApplication@7b2f944c
----------------- Done invoking toplevel() on ptolemy.moml.MoMLSimpleApplication@7b2f944c
reloadAllAccessors: .ConstantPublisherPort6

===========================================================================================
----------------- testing Fri Jul 12 05:54:29 UTC 2019 /home/travis/build/icyphy/ptII/ptolemy/actor/lib/test/auto/ConstantPublisherPort7.xml
----------------- Instantiating /home/travis/build/icyphy/ptII/ptolemy/actor/lib/test/auto/ConstantPublisherPort7.xml
24 ms. Memory: 538624K Free: 428516K (80%)
----------------- Invoking toplevel() on ptolemy.moml.MoMLSimpleApplication@2689c45a
----------------- Done invoking toplevel() on ptolemy.moml.MoMLSimpleApplication@2689c45a
reloadAllAccessors: .ConstantPublisherPort7

===========================================================================================
----------------- testing Fri Jul 12 05:54:29 UTC 2019 /home/travis/build/icyphy/ptII/ptolemy/actor/lib/test/auto/ConstraintMonitor1.xml
----------------- Instantiating /home/travis/build/icyphy/ptII/ptolemy/actor/lib/test/auto/ConstraintMonitor1.xml
5 ms. Memory: 538624K Free: 423906K (79%)
----------------- Invoking toplevel() on ptolemy.moml.MoMLSimpleApplication@179d2b
----------------- Done invoking toplevel() on ptolemy.moml.MoMLSimpleApplication@179d2b
reloadAllAccessors: .ConstraintMonitor1

===========================================================================================
----------------- testing Fri Jul 12 05:54:29 UTC 2019 /home/travis/build/icyphy/ptII/ptolemy/actor/lib/test/auto/ConstraintMonitor2.xml
----------------- Instantiating /home/travis/build/icyphy/ptII/ptolemy/actor/lib/test/auto/ConstraintMonitor2.xml
5 ms. Memory: 538624K Free: 419300K (78%)
----------------- Invoking toplevel() on ptolemy.moml.MoMLSimpleApplication@7e4f8d28
----------------- Done invoking toplevel() on ptolemy.moml.MoMLSimpleApplication@7e4f8d28
reloadAllAccessors: .ConstraintMonitor2

===========================================================================================
----------------- testing Fri Jul 12 05:54:29 UTC 2019 /home/travis/build/icyphy/ptII/ptolemy/actor/lib/test/auto/ConstraintMonitor3.xml
----------------- Instantiating /home/travis/build/icyphy/ptII/ptolemy/actor/lib/test/auto/ConstraintMonitor3.xml
5 ms. Memory: 538624K Free: 414690K (77%)
----------------- Invoking toplevel() on ptolemy.moml.MoMLSimpleApplication@380dcb9c
----------------- Done invoking toplevel() on ptolemy.moml.MoMLSimpleApplication@380dcb9c
reloadAllAccessors: .ConstraintMonitor3

===========================================================================================
----------------- testing Fri Jul 12 05:54:29 UTC 2019 /home/travis/build/icyphy/ptII/ptolemy/actor/lib/test/auto/ConstraintMonitor4.xml
----------------- Instantiating /home/travis/build/icyphy/ptII/ptolemy/actor/lib/test/auto/ConstraintMonitor4.xml
4 ms. Memory: 538624K Free: 410084K (76%)
----------------- Invoking toplevel() on ptolemy.moml.MoMLSimpleApplication@736a481d
----------------- Done invoking toplevel() on ptolemy.moml.MoMLSimpleApplication@736a481d
reloadAllAccessors: .ConstraintMonitor4

===========================================================================================
----------------- testing Fri Jul 12 05:54:29 UTC 2019 /home/travis/build/icyphy/ptII/ptolemy/actor/lib/test/auto/ConstraintMonitor5.xml
----------------- Instantiating /home/travis/build/icyphy/ptII/ptolemy/actor/lib/test/auto/ConstraintMonitor5.xml
5 ms. Memory: 538624K Free: 404964K (75%)
----------------- Invoking toplevel() on ptolemy.moml.MoMLSimpleApplication@96cb2d0
----------------- Done invoking toplevel() on ptolemy.moml.MoMLSimpleApplication@96cb2d0
reloadAllAccessors: .ConstraintMonitor5

===========================================================================================
----------------- testing Fri Jul 12 05:54:29 UTC 2019 /home/travis/build/icyphy/ptII/ptolemy/actor/lib/test/auto/ConstraintMonitor6.xml
----------------- Instantiating /home/travis/build/icyphy/ptII/ptolemy/actor/lib/test/auto/ConstraintMonitor6.xml
3 ms. Memory: 538624K Free: 398276K (74%)
----------------- Invoking toplevel() on ptolemy.moml.MoMLSimpleApplication@5d72b8ec
----------------- Done invoking toplevel() on ptolemy.moml.MoMLSimpleApplication@5d72b8ec
reloadAllAccessors: .ConstraintMonitor6

===========================================================================================
----------------- testing Fri Jul 12 05:54:29 UTC 2019 /home/travis/build/icyphy/ptII/ptolemy/actor/lib/test/auto/ConstraintMonitor7.xml
----------------- Instantiating /home/travis/build/icyphy/ptII/ptolemy/actor/lib/test/auto/ConstraintMonitor7.xml
2 ms. Memory: 538624K Free: 391652K (73%)
----------------- Invoking toplevel() on ptolemy.moml.MoMLSimpleApplication@75aab085
----------------- Done invoking toplevel() on ptolemy.moml.MoMLSimpleApplication@75aab085
reloadAllAccessors: .ConstraintMonitor7

===========================================================================================
----------------- testing Fri Jul 12 05:54:29 UTC 2019 /home/travis/build/icyphy/ptII/ptolemy/actor/lib/test/auto/ConstraintMonitor8.xml
----------------- Instantiating /home/travis/build/icyphy/ptII/ptolemy/actor/lib/test/auto/ConstraintMonitor8.xml
4 ms. Memory: 538624K Free: 384484K (71%)
----------------- Invoking toplevel() on ptolemy.moml.MoMLSimpleApplication@54804cb3
----------------- Done invoking toplevel() on ptolemy.moml.MoMLSimpleApplication@54804cb3
reloadAllAccessors: .ConstraintMonitor8

===========================================================================================
----------------- testing Fri Jul 12 05:54:29 UTC 2019 /home/travis/build/icyphy/ptII/ptolemy/actor/lib/test/auto/Counter.xml
----------------- Instantiating /home/travis/build/icyphy/ptII/ptolemy/actor/lib/test/auto/Counter.xml
2 ms. Memory: 538624K Free: 378850K (70%)
----------------- Invoking toplevel() on ptolemy.moml.MoMLSimpleApplication@3556693f
----------------- Done invoking toplevel() on ptolemy.moml.MoMLSimpleApplication@3556693f
reloadAllAccessors: .Counter

===========================================================================================
----------------- testing Fri Jul 12 05:54:29 UTC 2019 /home/travis/build/icyphy/ptII/ptolemy/actor/lib/test/auto/CurrentTimeSDF.xml
----------------- Instantiating /home/travis/build/icyphy/ptII/ptolemy/actor/lib/test/auto/CurrentTimeSDF.xml
2 ms. Memory: 538624K Free: 374754K (70%)
----------------- Invoking toplevel() on ptolemy.moml.MoMLSimpleApplication@50e63308
----------------- Done invoking toplevel() on ptolemy.moml.MoMLSimpleApplication@50e63308
reloadAllAccessors: .CurrentTimeSDF

===========================================================================================
----------------- testing Fri Jul 12 05:54:30 UTC 2019 /home/travis/build/icyphy/ptII/ptolemy/actor/lib/test/auto/DB.xml
----------------- Instantiating /home/travis/build/icyphy/ptII/ptolemy/actor/lib/test/auto/DB.xml
3 ms. Memory: 538624K Free: 370148K (69%)
----------------- Invoking toplevel() on ptolemy.moml.MoMLSimpleApplication@730d03c2
----------------- Done invoking toplevel() on ptolemy.moml.MoMLSimpleApplication@730d03c2
reloadAllAccessors: .DB

===========================================================================================
----------------- testing Fri Jul 12 05:54:30 UTC 2019 /home/travis/build/icyphy/ptII/ptolemy/actor/lib/test/auto/DBDE.xml
----------------- Instantiating /home/travis/build/icyphy/ptII/ptolemy/actor/lib/test/auto/DBDE.xml
2 ms. Memory: 538624K Free: 364004K (68%)
----------------- Invoking toplevel() on ptolemy.moml.MoMLSimpleApplication@7cfc74d5
----------------- Done invoking toplevel() on ptolemy.moml.MoMLSimpleApplication@7cfc74d5
reloadAllAccessors: .DBDE

===========================================================================================
----------------- testing Fri Jul 12 05:54:30 UTC 2019 /home/travis/build/icyphy/ptII/ptolemy/actor/lib/test/auto/DateConstructor.xml
----------------- Instantiating /home/travis/build/icyphy/ptII/ptolemy/actor/lib/test/auto/DateConstructor.xml
28 ms. Memory: 538624K Free: 346082K (64%)
----------------- Invoking toplevel() on ptolemy.moml.MoMLSimpleApplication@444f14b8
----------------- Done invoking toplevel() on ptolemy.moml.MoMLSimpleApplication@444f14b8
reloadAllAccessors: .DateConstructor

===========================================================================================
----------------- testing Fri Jul 12 05:54:30 UTC 2019 /home/travis/build/icyphy/ptII/ptolemy/actor/lib/test/auto/DelayTime.xml
----------------- Instantiating /home/travis/build/icyphy/ptII/ptolemy/actor/lib/test/auto/DelayTime.xml
8 ms. Memory: 538624K Free: 341476K (63%)
----------------- Invoking toplevel() on ptolemy.moml.MoMLSimpleApplication@42913cd1
----------------- Done invoking toplevel() on ptolemy.moml.MoMLSimpleApplication@42913cd1
reloadAllAccessors: .DelayTime

===========================================================================================
----------------- testing Fri Jul 12 05:54:30 UTC 2019 /home/travis/build/icyphy/ptII/ptolemy/actor/lib/test/auto/Dictionary1.xml
----------------- Instantiating /home/travis/build/icyphy/ptII/ptolemy/actor/lib/test/auto/Dictionary1.xml
1 ms. Memory: 538624K Free: 335842K (62%)
----------------- Invoking toplevel() on ptolemy.moml.MoMLSimpleApplication@467f4921
----------------- Done invoking toplevel() on ptolemy.moml.MoMLSimpleApplication@467f4921
reloadAllAccessors: .Dictionary1

===========================================================================================
----------------- testing Fri Jul 12 05:54:30 UTC 2019 /home/travis/build/icyphy/ptII/ptolemy/actor/lib/test/auto/Dictionary2.xml
----------------- Instantiating /home/travis/build/icyphy/ptII/ptolemy/actor/lib/test/auto/Dictionary2.xml
2 ms. Memory: 538624K Free: 330212K (61%)
----------------- Invoking toplevel() on ptolemy.moml.MoMLSimpleApplication@5d8744fe
----------------- Done invoking toplevel() on ptolemy.moml.MoMLSimpleApplication@5d8744fe
reloadAllAccessors: .Dictionary2

===========================================================================================
----------------- testing Fri Jul 12 05:54:30 UTC 2019 /home/travis/build/icyphy/ptII/ptolemy/actor/lib/test/auto/Dictionary3.xml
----------------- Instantiating /home/travis/build/icyphy/ptII/ptolemy/actor/lib/test/auto/Dictionary3.xml
2 ms. Memory: 538624K Free: 324578K (60%)
----------------- Invoking toplevel() on ptolemy.moml.MoMLSimpleApplication@457e2924
----------------- Done invoking toplevel() on ptolemy.moml.MoMLSimpleApplication@457e2924
reloadAllAccessors: .Dictionary3

===========================================================================================
----------------- testing Fri Jul 12 05:54:30 UTC 2019 /home/travis/build/icyphy/ptII/ptolemy/actor/lib/test/auto/Dictionary4.xml
----------------- Instantiating /home/travis/build/icyphy/ptII/ptolemy/actor/lib/test/auto/Dictionary4.xml
3 ms. Memory: 538624K Free: 317924K (59%)
----------------- Invoking toplevel() on ptolemy.moml.MoMLSimpleApplication@33bf7068
----------------- Done invoking toplevel() on ptolemy.moml.MoMLSimpleApplication@33bf7068
reloadAllAccessors: .Dictionary4

===========================================================================================
----------------- testing Fri Jul 12 05:54:30 UTC 2019 /home/travis/build/icyphy/ptII/ptolemy/actor/lib/test/auto/Differential.xml
----------------- Instantiating /home/travis/build/icyphy/ptII/ptolemy/actor/lib/test/auto/Differential.xml
1 ms. Memory: 538624K Free: 313314K (58%)
----------------- Invoking toplevel() on ptolemy.moml.MoMLSimpleApplication@52c694d1
----------------- Done invoking toplevel() on ptolemy.moml.MoMLSimpleApplication@52c694d1
reloadAllAccessors: .Differential

===========================================================================================
----------------- testing Fri Jul 12 05:54:30 UTC 2019 /home/travis/build/icyphy/ptII/ptolemy/actor/lib/test/auto/Director.xml
----------------- Instantiating /home/travis/build/icyphy/ptII/ptolemy/actor/lib/test/auto/Director.xml
1 ms. Memory: 538624K Free: 309732K (58%)
----------------- Invoking toplevel() on ptolemy.moml.MoMLSimpleApplication@19221941
----------------- Done invoking toplevel() on ptolemy.moml.MoMLSimpleApplication@19221941
reloadAllAccessors: .Director

===========================================================================================
----------------- testing Fri Jul 12 05:54:30 UTC 2019 /home/travis/build/icyphy/ptII/ptolemy/actor/lib/test/auto/DiscreteClock.xml
----------------- Instantiating /home/travis/build/icyphy/ptII/ptolemy/actor/lib/test/auto/DiscreteClock.xml
1 ms. Memory: 538624K Free: 306146K (57%)
----------------- Invoking toplevel() on ptolemy.moml.MoMLSimpleApplication@44b8123d
----------------- Done invoking toplevel() on ptolemy.moml.MoMLSimpleApplication@44b8123d
reloadAllAccessors: .DiscreteClock

===========================================================================================
----------------- testing Fri Jul 12 05:54:30 UTC 2019 /home/travis/build/icyphy/ptII/ptolemy/actor/lib/test/auto/DiscreteClock10.xml
----------------- Instantiating /home/travis/build/icyphy/ptII/ptolemy/actor/lib/test/auto/DiscreteClock10.xml
2 ms. Memory: 538624K Free: 300002K (56%)
----------------- Invoking toplevel() on ptolemy.moml.MoMLSimpleApplication@5958933b
----------------- Done invoking toplevel() on ptolemy.moml.MoMLSimpleApplication@5958933b
reloadAllAccessors: .DiscreteClock10

===========================================================================================
----------------- testing Fri Jul 12 05:54:30 UTC 2019 /home/travis/build/icyphy/ptII/ptolemy/actor/lib/test/auto/DiscreteClock11.xml
----------------- Instantiating /home/travis/build/icyphy/ptII/ptolemy/actor/lib/test/auto/DiscreteClock11.xml
2 ms. Memory: 538624K Free: 293858K (55%)
----------------- Invoking toplevel() on ptolemy.moml.MoMLSimpleApplication@bebf44f
----------------- Done invoking toplevel() on ptolemy.moml.MoMLSimpleApplication@bebf44f
reloadAllAccessors: .DiscreteClock11

===========================================================================================
----------------- testing Fri Jul 12 05:54:30 UTC 2019 /home/travis/build/icyphy/ptII/ptolemy/actor/lib/test/auto/DiscreteClock12.xml
----------------- Instantiating /home/travis/build/icyphy/ptII/ptolemy/actor/lib/test/auto/DiscreteClock12.xml
3 ms. Memory: 538624K Free: 287714K (53%)
----------------- Invoking toplevel() on ptolemy.moml.MoMLSimpleApplication@94a3312
----------------- Done invoking toplevel() on ptolemy.moml.MoMLSimpleApplication@94a3312
reloadAllAccessors: .DiscreteClock12

===========================================================================================
----------------- testing Fri Jul 12 05:54:30 UTC 2019 /home/travis/build/icyphy/ptII/ptolemy/actor/lib/test/auto/DiscreteClock13.xml
----------------- Instantiating /home/travis/build/icyphy/ptII/ptolemy/actor/lib/test/auto/DiscreteClock13.xml
4 ms. Memory: 538624K Free: 282084K (52%)
----------------- Invoking toplevel() on ptolemy.moml.MoMLSimpleApplication@e04d05c
----------------- Done invoking toplevel() on ptolemy.moml.MoMLSimpleApplication@e04d05c
reloadAllAccessors: .DiscreteClock13

===========================================================================================
----------------- testing Fri Jul 12 05:54:30 UTC 2019 /home/travis/build/icyphy/ptII/ptolemy/actor/lib/test/auto/DiscreteClock14.xml
----------------- Instantiating /home/travis/build/icyphy/ptII/ptolemy/actor/lib/test/auto/DiscreteClock14.xml
3 ms. Memory: 538624K Free: 275940K (51%)
----------------- Invoking toplevel() on ptolemy.moml.MoMLSimpleApplication@236343e3
----------------- Done invoking toplevel() on ptolemy.moml.MoMLSimpleApplication@236343e3
reloadAllAccessors: .DiscreteClock14

===========================================================================================
----------------- testing Fri Jul 12 05:54:30 UTC 2019 /home/travis/build/icyphy/ptII/ptolemy/actor/lib/test/auto/DiscreteClock15.xml
----------------- Instantiating /home/travis/build/icyphy/ptII/ptolemy/actor/lib/test/auto/DiscreteClock15.xml
3 ms. Memory: 538624K Free: 269796K (50%)
----------------- Invoking toplevel() on ptolemy.moml.MoMLSimpleApplication@59dcc581
----------------- Done invoking toplevel() on ptolemy.moml.MoMLSimpleApplication@59dcc581
reloadAllAccessors: .DiscreteClock15

===========================================================================================
----------------- testing Fri Jul 12 05:54:30 UTC 2019 /home/travis/build/icyphy/ptII/ptolemy/actor/lib/test/auto/DiscreteClock16.xml
----------------- Instantiating /home/travis/build/icyphy/ptII/ptolemy/actor/lib/test/auto/DiscreteClock16.xml
15 ms. Memory: 538624K Free: 256484K (48%)
----------------- Invoking toplevel() on ptolemy.moml.MoMLSimpleApplication@40380af5
----------------- Done invoking toplevel() on ptolemy.moml.MoMLSimpleApplication@40380af5
reloadAllAccessors: .DiscreteClock16

===========================================================================================
----------------- testing Fri Jul 12 05:54:30 UTC 2019 /home/travis/build/icyphy/ptII/ptolemy/actor/lib/test/auto/DiscreteClock17.xml
----------------- Instantiating /home/travis/build/icyphy/ptII/ptolemy/actor/lib/test/auto/DiscreteClock17.xml
18 ms. Memory: 538624K Free: 242644K (45%)
----------------- Invoking toplevel() on ptolemy.moml.MoMLSimpleApplication@4af382a0
----------------- Done invoking toplevel() on ptolemy.moml.MoMLSimpleApplication@4af382a0
reloadAllAccessors: .DiscreteClock17

===========================================================================================
----------------- testing Fri Jul 12 05:54:30 UTC 2019 /home/travis/build/icyphy/ptII/ptolemy/actor/lib/test/auto/DiscreteClock18.xml
----------------- Instantiating /home/travis/build/icyphy/ptII/ptolemy/actor/lib/test/auto/DiscreteClock18.xml
21 ms. Memory: 538624K Free: 229346K (43%)
----------------- Invoking toplevel() on ptolemy.moml.MoMLSimpleApplication@7c0b2f98
----------------- Done invoking toplevel() on ptolemy.moml.MoMLSimpleApplication@7c0b2f98
reloadAllAccessors: .DiscreteClock18

===========================================================================================
----------------- testing Fri Jul 12 05:54:30 UTC 2019 /home/travis/build/icyphy/ptII/ptolemy/actor/lib/test/auto/DiscreteClock19.xml
----------------- Instantiating /home/travis/build/icyphy/ptII/ptolemy/actor/lib/test/auto/DiscreteClock19.xml
24 ms. Memory: 538624K Free: 215524K (40%)
----------------- Invoking toplevel() on ptolemy.moml.MoMLSimpleApplication@480469cc
----------------- Done invoking toplevel() on ptolemy.moml.MoMLSimpleApplication@480469cc
reloadAllAccessors: .DiscreteClock19

===========================================================================================
----------------- testing Fri Jul 12 05:54:30 UTC 2019 /home/travis/build/icyphy/ptII/ptolemy/actor/lib/test/auto/DiscreteClock2.xml
----------------- Instantiating /home/travis/build/icyphy/ptII/ptolemy/actor/lib/test/auto/DiscreteClock2.xml
8 ms. Memory: 538624K Free: 210404K (39%)
----------------- Invoking toplevel() on ptolemy.moml.MoMLSimpleApplication@7240e437
----------------- Done invoking toplevel() on ptolemy.moml.MoMLSimpleApplication@7240e437
reloadAllAccessors: .DiscreteClock2

===========================================================================================
----------------- testing Fri Jul 12 05:54:30 UTC 2019 /home/travis/build/icyphy/ptII/ptolemy/actor/lib/test/auto/DiscreteClock20.xml
----------------- Instantiating /home/travis/build/icyphy/ptII/ptolemy/actor/lib/test/auto/DiscreteClock20.xml
11 ms. Memory: 538624K Free: 205284K (38%)
----------------- Invoking toplevel() on ptolemy.moml.MoMLSimpleApplication@51017bf5
----------------- Done invoking toplevel() on ptolemy.moml.MoMLSimpleApplication@51017bf5
reloadAllAccessors: .DiscreteClock20

===========================================================================================
----------------- testing Fri Jul 12 05:54:30 UTC 2019 /home/travis/build/icyphy/ptII/ptolemy/actor/lib/test/auto/DiscreteClock21.xml
----------------- Instantiating /home/travis/build/icyphy/ptII/ptolemy/actor/lib/test/auto/DiscreteClock21.xml
6 ms. Memory: 538624K Free: 199650K (37%)
----------------- Invoking toplevel() on ptolemy.moml.MoMLSimpleApplication@6a35b35a
----------------- Done invoking toplevel() on ptolemy.moml.MoMLSimpleApplication@6a35b35a
reloadAllAccessors: .DiscreteClock21

===========================================================================================
----------------- testing Fri Jul 12 05:54:30 UTC 2019 /home/travis/build/icyphy/ptII/ptolemy/actor/lib/test/auto/DiscreteClock22.xml
----------------- Instantiating /home/travis/build/icyphy/ptII/ptolemy/actor/lib/test/auto/DiscreteClock22.xml
4 ms. Memory: 538624K Free: 194020K (36%)
----------------- Invoking toplevel() on ptolemy.moml.MoMLSimpleApplication@7a21f289
----------------- Done invoking toplevel() on ptolemy.moml.MoMLSimpleApplication@7a21f289
reloadAllAccessors: .DiscreteClock22

===========================================================================================
----------------- testing Fri Jul 12 05:54:30 UTC 2019 /home/travis/build/icyphy/ptII/ptolemy/actor/lib/test/auto/DiscreteClock23.xml
----------------- Instantiating /home/travis/build/icyphy/ptII/ptolemy/actor/lib/test/auto/DiscreteClock23.xml
10 ms. Memory: 538624K Free: 188386K (35%)
----------------- Invoking toplevel() on ptolemy.moml.MoMLSimpleApplication@54518e69
----------------- Done invoking toplevel() on ptolemy.moml.MoMLSimpleApplication@54518e69
reloadAllAccessors: .DiscreteClock23

===========================================================================================
----------------- testing Fri Jul 12 05:54:30 UTC 2019 /home/travis/build/icyphy/ptII/ptolemy/actor/lib/test/auto/DiscreteClock24.xml
----------------- Instantiating /home/travis/build/icyphy/ptII/ptolemy/actor/lib/test/auto/DiscreteClock24.xml
3 ms. Memory: 538624K Free: 183266K (34%)
----------------- Invoking toplevel() on ptolemy.moml.MoMLSimpleApplication@6b043bd9
----------------- Done invoking toplevel() on ptolemy.moml.MoMLSimpleApplication@6b043bd9
reloadAllAccessors: .DiscreteClock24

===========================================================================================
----------------- testing Fri Jul 12 05:54:30 UTC 2019 /home/travis/build/icyphy/ptII/ptolemy/actor/lib/test/auto/DiscreteClock4.xml
----------------- Instantiating /home/travis/build/icyphy/ptII/ptolemy/actor/lib/test/auto/DiscreteClock4.xml
4 ms. Memory: 538624K Free: 177636K (33%)
----------------- Invoking toplevel() on ptolemy.moml.MoMLSimpleApplication@58fad30f
----------------- Done invoking toplevel() on ptolemy.moml.MoMLSimpleApplication@58fad30f
reloadAllAccessors: .DiscreteClock4

===========================================================================================
----------------- testing Fri Jul 12 05:54:30 UTC 2019 /home/travis/build/icyphy/ptII/ptolemy/actor/lib/test/auto/DiscreteClock5.xml
----------------- Instantiating /home/travis/build/icyphy/ptII/ptolemy/actor/lib/test/auto/DiscreteClock5.xml
2 ms. Memory: 538624K Free: 171988K (32%)
----------------- Invoking toplevel() on ptolemy.moml.MoMLSimpleApplication@3c13216c
----------------- Done invoking toplevel() on ptolemy.moml.MoMLSimpleApplication@3c13216c
reloadAllAccessors: .DiscreteClock5

===========================================================================================
----------------- testing Fri Jul 12 05:54:30 UTC 2019 /home/travis/build/icyphy/ptII/ptolemy/actor/lib/test/auto/DiscreteClock6.xml
----------------- Instantiating /home/travis/build/icyphy/ptII/ptolemy/actor/lib/test/auto/DiscreteClock6.xml
1 ms. Memory: 538624K Free: 488482K (91%)
----------------- Invoking toplevel() on ptolemy.moml.MoMLSimpleApplication@2ea35b7d
----------------- Done invoking toplevel() on ptolemy.moml.MoMLSimpleApplication@2ea35b7d
reloadAllAccessors: .DiscreteClock6

===========================================================================================
----------------- testing Fri Jul 12 05:54:30 UTC 2019 /home/travis/build/icyphy/ptII/ptolemy/actor/lib/test/auto/DiscreteClock7.xml
----------------- Instantiating /home/travis/build/icyphy/ptII/ptolemy/actor/lib/test/auto/DiscreteClock7.xml
2 ms. Memory: 538624K Free: 484386K (90%)
----------------- Invoking toplevel() on ptolemy.moml.MoMLSimpleApplication@2457dae1
----------------- Done invoking toplevel() on ptolemy.moml.MoMLSimpleApplication@2457dae1
reloadAllAccessors: .DiscreteClock7

===========================================================================================
----------------- testing Fri Jul 12 05:54:30 UTC 2019 /home/travis/build/icyphy/ptII/ptolemy/actor/lib/test/auto/DiscreteClock8.xml
----------------- Instantiating /home/travis/build/icyphy/ptII/ptolemy/actor/lib/test/auto/DiscreteClock8.xml
4 ms. Memory: 538624K Free: 478756K (89%)
----------------- Invoking toplevel() on ptolemy.moml.MoMLSimpleApplication@3a1100da
----------------- Done invoking toplevel() on ptolemy.moml.MoMLSimpleApplication@3a1100da
reloadAllAccessors: .DiscreteClock8

===========================================================================================
----------------- testing Fri Jul 12 05:54:30 UTC 2019 /home/travis/build/icyphy/ptII/ptolemy/actor/lib/test/auto/DiscreteClock9.xml
----------------- Instantiating /home/travis/build/icyphy/ptII/ptolemy/actor/lib/test/auto/DiscreteClock9.xml
3 ms. Memory: 538624K Free: 473092K (88%)
----------------- Invoking toplevel() on ptolemy.moml.MoMLSimpleApplication@13de9460
----------------- Done invoking toplevel() on ptolemy.moml.MoMLSimpleApplication@13de9460
reloadAllAccessors: .DiscreteClock9

===========================================================================================
----------------- testing Fri Jul 12 05:54:30 UTC 2019 /home/travis/build/icyphy/ptII/ptolemy/actor/lib/test/auto/DisplayArray.xml
----------------- Instantiating /home/travis/build/icyphy/ptII/ptolemy/actor/lib/test/auto/DisplayArray.xml
1 ms. Memory: 538624K Free: 469540K (87%)
----------------- Invoking toplevel() on ptolemy.moml.MoMLSimpleApplication@6bb11611
----------------- Done invoking toplevel() on ptolemy.moml.MoMLSimpleApplication@6bb11611
reloadAllAccessors: .DisplayArray

===========================================================================================
----------------- testing Fri Jul 12 05:54:30 UTC 2019 /home/travis/build/icyphy/ptII/ptolemy/actor/lib/test/auto/Distributor.xml
----------------- Instantiating /home/travis/build/icyphy/ptII/ptolemy/actor/lib/test/auto/Distributor.xml
1 ms. Memory: 538624K Free: 464420K (86%)
----------------- Invoking toplevel() on ptolemy.moml.MoMLSimpleApplication@3ecafe83
----------------- Done invoking toplevel() on ptolemy.moml.MoMLSimpleApplication@3ecafe83
reloadAllAccessors: .Distributor

===========================================================================================
----------------- testing Fri Jul 12 05:54:30 UTC 2019 /home/travis/build/icyphy/ptII/ptolemy/actor/lib/test/auto/Distributor2.xml
----------------- Instantiating /home/travis/build/icyphy/ptII/ptolemy/actor/lib/test/auto/Distributor2.xml
1 ms. Memory: 538624K Free: 459810K (85%)
----------------- Invoking toplevel() on ptolemy.moml.MoMLSimpleApplication@1abca19d
----------------- Done invoking toplevel() on ptolemy.moml.MoMLSimpleApplication@1abca19d
reloadAllAccessors: .Distributor2

===========================================================================================
----------------- testing Fri Jul 12 05:54:30 UTC 2019 /home/travis/build/icyphy/ptII/ptolemy/actor/lib/test/auto/DownSample.xml
----------------- Instantiating /home/travis/build/icyphy/ptII/ptolemy/actor/lib/test/auto/DownSample.xml
2 ms. Memory: 538624K Free: 455204K (85%)
----------------- Invoking toplevel() on ptolemy.moml.MoMLSimpleApplication@6e5f9b75
----------------- Done invoking toplevel() on ptolemy.moml.MoMLSimpleApplication@6e5f9b75
reloadAllAccessors: .DownSample

===========================================================================================
----------------- testing Fri Jul 12 05:54:30 UTC 2019 /home/travis/build/icyphy/ptII/ptolemy/actor/lib/test/auto/ElectronicUnitBase1.xml
----------------- Instantiating /home/travis/build/icyphy/ptII/ptolemy/actor/lib/test/auto/ElectronicUnitBase1.xml
23 ms. Memory: 538624K Free: 439330K (82%)
----------------- Invoking toplevel() on ptolemy.moml.MoMLSimpleApplication@48fc1627
----------------- Done invoking toplevel() on ptolemy.moml.MoMLSimpleApplication@48fc1627
reloadAllAccessors: .ElectronicUnitBase1

===========================================================================================
----------------- testing Fri Jul 12 05:54:31 UTC 2019 /home/travis/build/icyphy/ptII/ptolemy/actor/lib/test/auto/ElementsToArray.xml
----------------- Instantiating /home/travis/build/icyphy/ptII/ptolemy/actor/lib/test/auto/ElementsToArray.xml
2 ms. Memory: 538624K Free: 434210K (81%)
----------------- Invoking toplevel() on ptolemy.moml.MoMLSimpleApplication@324a5c38
----------------- Done invoking toplevel() on ptolemy.moml.MoMLSimpleApplication@324a5c38
reloadAllAccessors: .ElementsToArray

===========================================================================================
----------------- testing Fri Jul 12 05:54:31 UTC 2019 /home/travis/build/icyphy/ptII/ptolemy/actor/lib/test/auto/Equals.xml
----------------- Instantiating /home/travis/build/icyphy/ptII/ptolemy/actor/lib/test/auto/Equals.xml
3 ms. Memory: 538624K Free: 429604K (80%)
----------------- Invoking toplevel() on ptolemy.moml.MoMLSimpleApplication@5ee2c2d6
----------------- Done invoking toplevel() on ptolemy.moml.MoMLSimpleApplication@5ee2c2d6
reloadAllAccessors: .Equals

===========================================================================================
----------------- testing Fri Jul 12 05:54:31 UTC 2019 /home/travis/build/icyphy/ptII/ptolemy/actor/lib/test/auto/Exec.xml
----------------- Instantiating /home/travis/build/icyphy/ptII/ptolemy/actor/lib/test/auto/Exec.xml
21 ms. Memory: 538624K Free: 424994K (79%)
----------------- Invoking toplevel() on ptolemy.moml.MoMLSimpleApplication@14814956
----------------- Done invoking toplevel() on ptolemy.moml.MoMLSimpleApplication@14814956
reloadAllAccessors: .Exec

===========================================================================================
----------------- testing Fri Jul 12 05:54:31 UTC 2019 /home/travis/build/icyphy/ptII/ptolemy/actor/lib/test/auto/ExecEnvironment.xml
----------------- Instantiating /home/travis/build/icyphy/ptII/ptolemy/actor/lib/test/auto/ExecEnvironment.xml
33 ms. Memory: 538624K Free: 419860K (78%)
----------------- Invoking toplevel() on ptolemy.moml.MoMLSimpleApplication@19c1b717
----------------- Done invoking toplevel() on ptolemy.moml.MoMLSimpleApplication@19c1b717
reloadAllAccessors: .ExecEnvironment

===========================================================================================
----------------- testing Fri Jul 12 05:54:31 UTC 2019 /home/travis/build/icyphy/ptII/ptolemy/actor/lib/test/auto/ExecNonZeroReturnOutput.xml
----------------- Instantiating /home/travis/build/icyphy/ptII/ptolemy/actor/lib/test/auto/ExecNonZeroReturnOutput.xml
193 ms. Memory: 538624K Free: 408610K (76%)
----------------- Invoking toplevel() on ptolemy.moml.MoMLSimpleApplication@25b6cf29
----------------- Done invoking toplevel() on ptolemy.moml.MoMLSimpleApplication@25b6cf29
reloadAllAccessors: .ExecNonZeroReturnOutput

===========================================================================================
----------------- testing Fri Jul 12 05:54:31 UTC 2019 /home/travis/build/icyphy/ptII/ptolemy/actor/lib/test/auto/ExecRunDemos.xml
----------------- Instantiating /home/travis/build/icyphy/ptII/ptolemy/actor/lib/test/auto/ExecRunDemos.xml
10804 ms. Memory: 538624K Free: 388644K (72%)

===========================================================================================
----------------- testing Fri Jul 12 05:54:42 UTC 2019 /home/travis/build/icyphy/ptII/ptolemy/actor/lib/test/auto/ExecStop.xml
----------------- Instantiating /home/travis/build/icyphy/ptII/ptolemy/actor/lib/test/auto/ExecStop.xml
5014 ms. Memory: 538624K Free: 265250K (49%)
----------------- Invoking toplevel() on ptolemy.moml.MoMLSimpleApplication@54139698
----------------- Done invoking toplevel() on ptolemy.moml.MoMLSimpleApplication@54139698
reloadAllAccessors: .ExecStop

===========================================================================================
----------------- testing Fri Jul 12 05:54:47 UTC 2019 /home/travis/build/icyphy/ptII/ptolemy/actor/lib/test/auto/ExecutionTimeSDF.xml
----------------- Instantiating /home/travis/build/icyphy/ptII/ptolemy/actor/lib/test/auto/ExecutionTimeSDF.xml
Fired ExecutionTime: -1764967296
Fired ExecutionTime: 1076400000
Fired ExecutionTime: -1042567296
6004 ms. Memory: 538624K Free: 252948K (47%)
----------------- Invoking toplevel() on ptolemy.moml.MoMLSimpleApplication@2edf45f2
----------------- Done invoking toplevel() on ptolemy.moml.MoMLSimpleApplication@2edf45f2
reloadAllAccessors: .ExecutionTimeSDF

===========================================================================================
----------------- testing Fri Jul 12 05:54:53 UTC 2019 /home/travis/build/icyphy/ptII/ptolemy/actor/lib/test/auto/Expression1.xml
----------------- Instantiating /home/travis/build/icyphy/ptII/ptolemy/actor/lib/test/auto/Expression1.xml
1 ms. Memory: 538624K Free: 249890K (46%)
----------------- Invoking toplevel() on ptolemy.moml.MoMLSimpleApplication@5a09351
----------------- Done invoking toplevel() on ptolemy.moml.MoMLSimpleApplication@5a09351
reloadAllAccessors: .Expression1

===========================================================================================
----------------- testing Fri Jul 12 05:54:53 UTC 2019 /home/travis/build/icyphy/ptII/ptolemy/actor/lib/test/auto/Expression10.xml
----------------- Instantiating /home/travis/build/icyphy/ptII/ptolemy/actor/lib/test/auto/Expression10.xml
7 ms. Memory: 538624K Free: 244260K (45%)
----------------- Invoking toplevel() on ptolemy.moml.MoMLSimpleApplication@1a1e2004
----------------- Done invoking toplevel() on ptolemy.moml.MoMLSimpleApplication@1a1e2004
reloadAllAccessors: .Expression10

===========================================================================================
----------------- testing Fri Jul 12 05:54:53 UTC 2019 /home/travis/build/icyphy/ptII/ptolemy/actor/lib/test/auto/Expression11.xml
----------------- Instantiating /home/travis/build/icyphy/ptII/ptolemy/actor/lib/test/auto/Expression11.xml
2 ms. Memory: 538624K Free: 239650K (44%)
----------------- Invoking toplevel() on ptolemy.moml.MoMLSimpleApplication@3c76b9ea
----------------- Done invoking toplevel() on ptolemy.moml.MoMLSimpleApplication@3c76b9ea
reloadAllAccessors: .Expression11

===========================================================================================
----------------- testing Fri Jul 12 05:54:53 UTC 2019 /home/travis/build/icyphy/ptII/ptolemy/actor/lib/test/auto/Expression12.xml
----------------- Instantiating /home/travis/build/icyphy/ptII/ptolemy/actor/lib/test/auto/Expression12.xml
2 ms. Memory: 538624K Free: 234530K (44%)
----------------- Invoking toplevel() on ptolemy.moml.MoMLSimpleApplication@12ec7b71
----------------- Done invoking toplevel() on ptolemy.moml.MoMLSimpleApplication@12ec7b71
reloadAllAccessors: .Expression12

===========================================================================================
----------------- testing Fri Jul 12 05:54:53 UTC 2019 /home/travis/build/icyphy/ptII/ptolemy/actor/lib/test/auto/Expression13.xml
----------------- Instantiating /home/travis/build/icyphy/ptII/ptolemy/actor/lib/test/auto/Expression13.xml
3 ms. Memory: 538624K Free: 229410K (43%)
----------------- Invoking toplevel() on ptolemy.moml.MoMLSimpleApplication@50348d63
----------------- Done invoking toplevel() on ptolemy.moml.MoMLSimpleApplication@50348d63
reloadAllAccessors: .Expression13

===========================================================================================
----------------- testing Fri Jul 12 05:54:53 UTC 2019 /home/travis/build/icyphy/ptII/ptolemy/actor/lib/test/auto/Expression14.xml
----------------- Instantiating /home/travis/build/icyphy/ptII/ptolemy/actor/lib/test/auto/Expression14.xml
9 ms. Memory: 538624K Free: 223266K (41%)
----------------- Invoking toplevel() on ptolemy.moml.MoMLSimpleApplication@7db0e728
----------------- Done invoking toplevel() on ptolemy.moml.MoMLSimpleApplication@7db0e728
reloadAllAccessors: .Expression14

===========================================================================================
----------------- testing Fri Jul 12 05:54:53 UTC 2019 /home/travis/build/icyphy/ptII/ptolemy/actor/lib/test/auto/Expression15.xml
----------------- Instantiating /home/travis/build/icyphy/ptII/ptolemy/actor/lib/test/auto/Expression15.xml
1 ms. Memory: 538624K Free: 219684K (41%)
----------------- Invoking toplevel() on ptolemy.moml.MoMLSimpleApplication@1f35b35
----------------- Done invoking toplevel() on ptolemy.moml.MoMLSimpleApplication@1f35b35
reloadAllAccessors: .Expression15

===========================================================================================
----------------- testing Fri Jul 12 05:54:53 UTC 2019 /home/travis/build/icyphy/ptII/ptolemy/actor/lib/test/auto/Expression16.xml
----------------- Instantiating /home/travis/build/icyphy/ptII/ptolemy/actor/lib/test/auto/Expression16.xml
3 ms. Memory: 538624K Free: 214564K (40%)
----------------- Invoking toplevel() on ptolemy.moml.MoMLSimpleApplication@c307138
----------------- Done invoking toplevel() on ptolemy.moml.MoMLSimpleApplication@c307138
reloadAllAccessors: .Expression16

===========================================================================================
----------------- testing Fri Jul 12 05:54:53 UTC 2019 /home/travis/build/icyphy/ptII/ptolemy/actor/lib/test/auto/Expression17.xml
----------------- Instantiating /home/travis/build/icyphy/ptII/ptolemy/actor/lib/test/auto/Expression17.xml
5 ms. Memory: 538624K Free: 209444K (39%)
----------------- Invoking toplevel() on ptolemy.moml.MoMLSimpleApplication@38c93f33
----------------- Done invoking toplevel() on ptolemy.moml.MoMLSimpleApplication@38c93f33
reloadAllAccessors: .Expression17

===========================================================================================
----------------- testing Fri Jul 12 05:54:53 UTC 2019 /home/travis/build/icyphy/ptII/ptolemy/actor/lib/test/auto/Expression18.xml
----------------- Instantiating /home/travis/build/icyphy/ptII/ptolemy/actor/lib/test/auto/Expression18.xml
4 ms. Memory: 538624K Free: 204834K (38%)
----------------- Invoking toplevel() on ptolemy.moml.MoMLSimpleApplication@4a54a932
----------------- Done invoking toplevel() on ptolemy.moml.MoMLSimpleApplication@4a54a932
reloadAllAccessors: .Expression18

===========================================================================================
----------------- testing Fri Jul 12 05:54:53 UTC 2019 /home/travis/build/icyphy/ptII/ptolemy/actor/lib/test/auto/Expression2.xml
----------------- Instantiating /home/travis/build/icyphy/ptII/ptolemy/actor/lib/test/auto/Expression2.xml
2 ms. Memory: 538624K Free: 199714K (37%)
----------------- Invoking toplevel() on ptolemy.moml.MoMLSimpleApplication@65a2dae5
----------------- Done invoking toplevel() on ptolemy.moml.MoMLSimpleApplication@65a2dae5
reloadAllAccessors: .Expression2

===========================================================================================
----------------- testing Fri Jul 12 05:54:53 UTC 2019 /home/travis/build/icyphy/ptII/ptolemy/actor/lib/test/auto/Expression3.xml
----------------- Instantiating /home/travis/build/icyphy/ptII/ptolemy/actor/lib/test/auto/Expression3.xml
6 ms. Memory: 538624K Free: 194594K (36%)
----------------- Invoking toplevel() on ptolemy.moml.MoMLSimpleApplication@48101043
----------------- Done invoking toplevel() on ptolemy.moml.MoMLSimpleApplication@48101043
reloadAllAccessors: .Expression3

===========================================================================================
----------------- testing Fri Jul 12 05:54:53 UTC 2019 /home/travis/build/icyphy/ptII/ptolemy/actor/lib/test/auto/Expression4.xml
----------------- Instantiating /home/travis/build/icyphy/ptII/ptolemy/actor/lib/test/auto/Expression4.xml
7 ms. Memory: 538624K Free: 186916K (35%)
----------------- Invoking toplevel() on ptolemy.moml.MoMLSimpleApplication@4488e7c
----------------- Done invoking toplevel() on ptolemy.moml.MoMLSimpleApplication@4488e7c
reloadAllAccessors: .Expression4

===========================================================================================
----------------- testing Fri Jul 12 05:54:53 UTC 2019 /home/travis/build/icyphy/ptII/ptolemy/actor/lib/test/auto/Expression5.xml
----------------- Instantiating /home/travis/build/icyphy/ptII/ptolemy/actor/lib/test/auto/Expression5.xml
4 ms. Memory: 538624K Free: 182306K (34%)
----------------- Invoking toplevel() on ptolemy.moml.MoMLSimpleApplication@56a4707d
----------------- Done invoking toplevel() on ptolemy.moml.MoMLSimpleApplication@56a4707d
reloadAllAccessors: .Expression5

===========================================================================================
----------------- testing Fri Jul 12 05:54:53 UTC 2019 /home/travis/build/icyphy/ptII/ptolemy/actor/lib/test/auto/Expression6.xml
----------------- Instantiating /home/travis/build/icyphy/ptII/ptolemy/actor/lib/test/auto/Expression6.xml
2 ms. Memory: 538624K Free: 177700K (33%)
----------------- Invoking toplevel() on ptolemy.moml.MoMLSimpleApplication@2f490114
----------------- Done invoking toplevel() on ptolemy.moml.MoMLSimpleApplication@2f490114
reloadAllAccessors: .Expression6

===========================================================================================
----------------- testing Fri Jul 12 05:54:53 UTC 2019 /home/travis/build/icyphy/ptII/ptolemy/actor/lib/test/auto/Expression7.xml
----------------- Instantiating /home/travis/build/icyphy/ptII/ptolemy/actor/lib/test/auto/Expression7.xml
2 ms. Memory: 538624K Free: 172580K (32%)
----------------- Invoking toplevel() on ptolemy.moml.MoMLSimpleApplication@494a4393
----------------- Done invoking toplevel() on ptolemy.moml.MoMLSimpleApplication@494a4393
reloadAllAccessors: .Expression7

===========================================================================================
----------------- testing Fri Jul 12 05:54:53 UTC 2019 /home/travis/build/icyphy/ptII/ptolemy/actor/lib/test/auto/Expression8.xml
----------------- Instantiating /home/travis/build/icyphy/ptII/ptolemy/actor/lib/test/auto/Expression8.xml
9 ms. Memory: 538624K Free: 487834K (91%)
----------------- Invoking toplevel() on ptolemy.moml.MoMLSimpleApplication@31fbf6a2
----------------- Done invoking toplevel() on ptolemy.moml.MoMLSimpleApplication@31fbf6a2
reloadAllAccessors: .Expression8

===========================================================================================
----------------- testing Fri Jul 12 05:54:53 UTC 2019 /home/travis/build/icyphy/ptII/ptolemy/actor/lib/test/auto/Expression9.xml
----------------- Instantiating /home/travis/build/icyphy/ptII/ptolemy/actor/lib/test/auto/Expression9.xml
1 ms. Memory: 538624K Free: 483738K (90%)
----------------- Invoking toplevel() on ptolemy.moml.MoMLSimpleApplication@374eb7a
----------------- Done invoking toplevel() on ptolemy.moml.MoMLSimpleApplication@374eb7a
reloadAllAccessors: .Expression9

===========================================================================================
----------------- testing Fri Jul 12 05:54:53 UTC 2019 /home/travis/build/icyphy/ptII/ptolemy/actor/lib/test/auto/ExpressionConcatenateArrayType.xml
----------------- Instantiating /home/travis/build/icyphy/ptII/ptolemy/actor/lib/test/auto/ExpressionConcatenateArrayType.xml
3 ms. Memory: 538624K Free: 477084K (89%)
----------------- Invoking toplevel() on ptolemy.moml.MoMLSimpleApplication@7bff72ee
----------------- Done invoking toplevel() on ptolemy.moml.MoMLSimpleApplication@7bff72ee
reloadAllAccessors: .ExpressionConcatenateArrayType

===========================================================================================
----------------- testing Fri Jul 12 05:54:53 UTC 2019 /home/travis/build/icyphy/ptII/ptolemy/actor/lib/test/auto/ExpressionConcatenateArrayType2.xml
----------------- Instantiating /home/travis/build/icyphy/ptII/ptolemy/actor/lib/test/auto/ExpressionConcatenateArrayType2.xml
2 ms. Memory: 538624K Free: 471450K (88%)
----------------- Invoking toplevel() on ptolemy.moml.MoMLSimpleApplication@62743b4a
----------------- Done invoking toplevel() on ptolemy.moml.MoMLSimpleApplication@62743b4a
reloadAllAccessors: .ExpressionConcatenateArrayType2

===========================================================================================
----------------- testing Fri Jul 12 05:54:53 UTC 2019 /home/travis/build/icyphy/ptII/ptolemy/actor/lib/test/auto/ExpressionFix.xml
----------------- Instantiating /home/travis/build/icyphy/ptII/ptolemy/actor/lib/test/auto/ExpressionFix.xml
21 ms. Memory: 538624K Free: 465304K (86%)
----------------- Invoking toplevel() on ptolemy.moml.MoMLSimpleApplication@25b6534c
----------------- Done invoking toplevel() on ptolemy.moml.MoMLSimpleApplication@25b6534c
reloadAllAccessors: .ExpressionFix

===========================================================================================
----------------- testing Fri Jul 12 05:54:53 UTC 2019 /home/travis/build/icyphy/ptII/ptolemy/actor/lib/test/auto/ExpressionFix2.xml
----------------- Instantiating /home/travis/build/icyphy/ptII/ptolemy/actor/lib/test/auto/ExpressionFix2.xml
2 ms. Memory: 538624K Free: 461210K (86%)
----------------- Invoking toplevel() on ptolemy.moml.MoMLSimpleApplication@e30d017
----------------- Done invoking toplevel() on ptolemy.moml.MoMLSimpleApplication@e30d017
reloadAllAccessors: .ExpressionFix2

===========================================================================================
----------------- testing Fri Jul 12 05:54:53 UTC 2019 /home/travis/build/icyphy/ptII/ptolemy/actor/lib/test/auto/ExpressionFix3.xml
----------------- Instantiating /home/travis/build/icyphy/ptII/ptolemy/actor/lib/test/auto/ExpressionFix3.xml
3 ms. Memory: 538624K Free: 456604K (85%)
----------------- Invoking toplevel() on ptolemy.moml.MoMLSimpleApplication@115979fe
----------------- Done invoking toplevel() on ptolemy.moml.MoMLSimpleApplication@115979fe
reloadAllAccessors: .ExpressionFix3

===========================================================================================
----------------- testing Fri Jul 12 05:54:53 UTC 2019 /home/travis/build/icyphy/ptII/ptolemy/actor/lib/test/auto/FileWriter1.xml
----------------- Instantiating /home/travis/build/icyphy/ptII/ptolemy/actor/lib/test/auto/FileWriter1.xml
2 ms. Memory: 538624K Free: 452508K (84%)
----------------- Invoking toplevel() on ptolemy.moml.MoMLSimpleApplication@63207aa2
----------------- Done invoking toplevel() on ptolemy.moml.MoMLSimpleApplication@63207aa2
reloadAllAccessors: .FileWriter1

===========================================================================================
----------------- testing Fri Jul 12 05:54:53 UTC 2019 /home/travis/build/icyphy/ptII/ptolemy/actor/lib/test/auto/FileWriter2.xml
----------------- Instantiating /home/travis/build/icyphy/ptII/ptolemy/actor/lib/test/auto/FileWriter2.xml
6 ms. Memory: 538624K Free: 448922K (83%)
----------------- Invoking toplevel() on ptolemy.moml.MoMLSimpleApplication@567e0c5d
----------------- Done invoking toplevel() on ptolemy.moml.MoMLSimpleApplication@567e0c5d
reloadAllAccessors: .FileWriter2

===========================================================================================
----------------- testing Fri Jul 12 05:54:53 UTC 2019 /home/travis/build/icyphy/ptII/ptolemy/actor/lib/test/auto/FileWriter3.xml
----------------- Instantiating /home/travis/build/icyphy/ptII/ptolemy/actor/lib/test/auto/FileWriter3.xml
4 ms. Memory: 538624K Free: 444316K (82%)
----------------- Invoking toplevel() on ptolemy.moml.MoMLSimpleApplication@7f2c7574
----------------- Done invoking toplevel() on ptolemy.moml.MoMLSimpleApplication@7f2c7574
reloadAllAccessors: .FileWriter3

===========================================================================================
----------------- testing Fri Jul 12 05:54:53 UTC 2019 /home/travis/build/icyphy/ptII/ptolemy/actor/lib/test/auto/Gaussian.xml
----------------- Instantiating /home/travis/build/icyphy/ptII/ptolemy/actor/lib/test/auto/Gaussian.xml
2 ms. Memory: 538624K Free: 439692K (82%)
----------------- Invoking toplevel() on ptolemy.moml.MoMLSimpleApplication@56908f9e
----------------- Done invoking toplevel() on ptolemy.moml.MoMLSimpleApplication@56908f9e
reloadAllAccessors: .Gaussian

===========================================================================================
----------------- testing Fri Jul 12 05:54:53 UTC 2019 /home/travis/build/icyphy/ptII/ptolemy/actor/lib/test/auto/Gaussian1.xml
----------------- Instantiating /home/travis/build/icyphy/ptII/ptolemy/actor/lib/test/auto/Gaussian1.xml
10 ms. Memory: 538624K Free: 434076K (81%)
----------------- Invoking toplevel() on ptolemy.moml.MoMLSimpleApplication@5c21193a
----------------- Done invoking toplevel() on ptolemy.moml.MoMLSimpleApplication@5c21193a
reloadAllAccessors: .Gaussian1

===========================================================================================
----------------- testing Fri Jul 12 05:54:53 UTC 2019 /home/travis/build/icyphy/ptII/ptolemy/actor/lib/test/auto/Gaussian2.xml
----------------- Instantiating /home/travis/build/icyphy/ptII/ptolemy/actor/lib/test/auto/Gaussian2.xml
2 ms. Memory: 538624K Free: 428956K (80%)
----------------- Invoking toplevel() on ptolemy.moml.MoMLSimpleApplication@2325ce78
----------------- Done invoking toplevel() on ptolemy.moml.MoMLSimpleApplication@2325ce78
reloadAllAccessors: .Gaussian2

===========================================================================================
----------------- testing Fri Jul 12 05:54:53 UTC 2019 /home/travis/build/icyphy/ptII/ptolemy/actor/lib/test/auto/GradientAdaptiveLattice.xml
----------------- Instantiating /home/travis/build/icyphy/ptII/ptolemy/actor/lib/test/auto/GradientAdaptiveLattice.xml
2 ms. Memory: 538624K Free: 423836K (79%)
----------------- Invoking toplevel() on ptolemy.moml.MoMLSimpleApplication@53f63765
----------------- Done invoking toplevel() on ptolemy.moml.MoMLSimpleApplication@53f63765
reloadAllAccessors: .GradientAdaptiveLattice

===========================================================================================
----------------- testing Fri Jul 12 05:54:53 UTC 2019 /home/travis/build/icyphy/ptII/ptolemy/actor/lib/test/auto/IIR.xml
----------------- Instantiating /home/travis/build/icyphy/ptII/ptolemy/actor/lib/test/auto/IIR.xml
2 ms. Memory: 538624K Free: 419226K (78%)
----------------- Invoking toplevel() on ptolemy.moml.MoMLSimpleApplication@3e49d9d0
----------------- Done invoking toplevel() on ptolemy.moml.MoMLSimpleApplication@3e49d9d0
reloadAllAccessors: .IIR

===========================================================================================
----------------- testing Fri Jul 12 05:54:53 UTC 2019 /home/travis/build/icyphy/ptII/ptolemy/actor/lib/test/auto/InputOutputTransparentPorts.xml
----------------- Instantiating /home/travis/build/icyphy/ptII/ptolemy/actor/lib/test/auto/InputOutputTransparentPorts.xml
2 ms. Memory: 538624K Free: 412058K (77%)
----------------- Invoking toplevel() on ptolemy.moml.MoMLSimpleApplication@4410ecd4
----------------- Done invoking toplevel() on ptolemy.moml.MoMLSimpleApplication@4410ecd4
reloadAllAccessors: .InputOutputTransparentPorts

===========================================================================================
----------------- testing Fri Jul 12 05:54:53 UTC 2019 /home/travis/build/icyphy/ptII/ptolemy/actor/lib/test/auto/Interpolator.xml
----------------- Instantiating /home/travis/build/icyphy/ptII/ptolemy/actor/lib/test/auto/Interpolator.xml
3 ms. Memory: 538624K Free: 407962K (76%)
----------------- Invoking toplevel() on ptolemy.moml.MoMLSimpleApplication@4e09f23
----------------- Done invoking toplevel() on ptolemy.moml.MoMLSimpleApplication@4e09f23
reloadAllAccessors: .Interpolator

===========================================================================================
----------------- testing Fri Jul 12 05:54:53 UTC 2019 /home/travis/build/icyphy/ptII/ptolemy/actor/lib/test/auto/InterpolatorFiringLimitDE.xml
----------------- Instantiating /home/travis/build/icyphy/ptII/ptolemy/actor/lib/test/auto/InterpolatorFiringLimitDE.xml
2 ms. Memory: 538624K Free: 401818K (75%)
----------------- Invoking toplevel() on ptolemy.moml.MoMLSimpleApplication@7a4eab8b
----------------- Done invoking toplevel() on ptolemy.moml.MoMLSimpleApplication@7a4eab8b
reloadAllAccessors: .InterpolatorFiringLimitDE

===========================================================================================
----------------- testing Fri Jul 12 05:54:53 UTC 2019 /home/travis/build/icyphy/ptII/ptolemy/actor/lib/test/auto/Lattice.xml
----------------- Instantiating /home/travis/build/icyphy/ptII/ptolemy/actor/lib/test/auto/Lattice.xml
2 ms. Memory: 538624K Free: 397722K (74%)
----------------- Invoking toplevel() on ptolemy.moml.MoMLSimpleApplication@66b14893
----------------- Done invoking toplevel() on ptolemy.moml.MoMLSimpleApplication@66b14893
reloadAllAccessors: .Lattice

===========================================================================================
----------------- testing Fri Jul 12 05:54:53 UTC 2019 /home/travis/build/icyphy/ptII/ptolemy/actor/lib/test/auto/LazyAOCTestLazy.xml
----------------- Instantiating /home/travis/build/icyphy/ptII/ptolemy/actor/lib/test/auto/LazyAOCTestLazy.xml
7 ms. Memory: 538624K Free: 391564K (73%)
----------------- Invoking toplevel() on ptolemy.moml.MoMLSimpleApplication@f5b6784
----------------- Done invoking toplevel() on ptolemy.moml.MoMLSimpleApplication@f5b6784
reloadAllAccessors: .LazyAOCTestLazy

===========================================================================================
----------------- testing Fri Jul 12 05:54:54 UTC 2019 /home/travis/build/icyphy/ptII/ptolemy/actor/lib/test/auto/LazyAOCTestNonLazy.xml
----------------- Instantiating /home/travis/build/icyphy/ptII/ptolemy/actor/lib/test/auto/LazyAOCTestNonLazy.xml
2 ms. Memory: 538624K Free: 384924K (71%)
----------------- Invoking toplevel() on ptolemy.moml.MoMLSimpleApplication@6ce6366d
----------------- Done invoking toplevel() on ptolemy.moml.MoMLSimpleApplication@6ce6366d
reloadAllAccessors: .LazyAOCTestNonLazy

===========================================================================================
----------------- testing Fri Jul 12 05:54:54 UTC 2019 /home/travis/build/icyphy/ptII/ptolemy/actor/lib/test/auto/LazyInnerClass.xml
----------------- Instantiating /home/travis/build/icyphy/ptII/ptolemy/actor/lib/test/auto/LazyInnerClass.xml
11 ms. Memory: 538624K Free: 376732K (70%)
----------------- Invoking toplevel() on ptolemy.moml.MoMLSimpleApplication@6d05587f
----------------- Done invoking toplevel() on ptolemy.moml.MoMLSimpleApplication@6d05587f
reloadAllAccessors: .LazyInnerClass

===========================================================================================
----------------- testing Fri Jul 12 05:54:54 UTC 2019 /home/travis/build/icyphy/ptII/ptolemy/actor/lib/test/auto/LazyPubSub.xml
----------------- Instantiating /home/travis/build/icyphy/ptII/ptolemy/actor/lib/test/auto/LazyPubSub.xml
20 ms. Memory: 538624K Free: 366492K (68%)
----------------- Invoking toplevel() on ptolemy.moml.MoMLSimpleApplication@57011739
----------------- Done invoking toplevel() on ptolemy.moml.MoMLSimpleApplication@57011739
reloadAllAccessors: .LazyPubSub

===========================================================================================
----------------- testing Fri Jul 12 05:54:54 UTC 2019 /home/travis/build/icyphy/ptII/ptolemy/actor/lib/test/auto/LazyPubSub2.xml
----------------- Instantiating /home/travis/build/icyphy/ptII/ptolemy/actor/lib/test/auto/LazyPubSub2.xml
26 ms. Memory: 538624K Free: 356762K (66%)
----------------- Invoking toplevel() on ptolemy.moml.MoMLSimpleApplication@6784371a
----------------- Done invoking toplevel() on ptolemy.moml.MoMLSimpleApplication@6784371a
reloadAllAccessors: .LazyPubSub2

===========================================================================================
----------------- testing Fri Jul 12 05:54:54 UTC 2019 /home/travis/build/icyphy/ptII/ptolemy/actor/lib/test/auto/LazyPubSub3.xml
----------------- Instantiating /home/travis/build/icyphy/ptII/ptolemy/actor/lib/test/auto/LazyPubSub3.xml
10 ms. Memory: 538624K Free: 346522K (64%)
----------------- Invoking toplevel() on ptolemy.moml.MoMLSimpleApplication@32d01b9e
----------------- Done invoking toplevel() on ptolemy.moml.MoMLSimpleApplication@32d01b9e
reloadAllAccessors: .LazyPubSub3

===========================================================================================
----------------- testing Fri Jul 12 05:54:54 UTC 2019 /home/travis/build/icyphy/ptII/ptolemy/actor/lib/test/auto/LazySubClassModel.xml
----------------- Instantiating /home/travis/build/icyphy/ptII/ptolemy/actor/lib/test/auto/LazySubClassModel.xml
2 ms. Memory: 538624K Free: 337306K (63%)
----------------- Invoking toplevel() on ptolemy.moml.MoMLSimpleApplication@e68bfc7
----------------- Done invoking toplevel() on ptolemy.moml.MoMLSimpleApplication@e68bfc7
reloadAllAccessors: .LazySubClassModel

===========================================================================================
----------------- testing Fri Jul 12 05:54:54 UTC 2019 /home/travis/build/icyphy/ptII/ptolemy/actor/lib/test/auto/LevelCrossTest1.xml
----------------- Instantiating /home/travis/build/icyphy/ptII/ptolemy/actor/lib/test/auto/LevelCrossTest1.xml
1 ms. Memory: 538624K Free: 332186K (62%)
----------------- Invoking toplevel() on ptolemy.moml.MoMLSimpleApplication@359fee0f
----------------- Done invoking toplevel() on ptolemy.moml.MoMLSimpleApplication@359fee0f
reloadAllAccessors: .broken

===========================================================================================
----------------- testing Fri Jul 12 05:54:54 UTC 2019 /home/travis/build/icyphy/ptII/ptolemy/actor/lib/test/auto/LevelCrossTest10.xml
----------------- Instantiating /home/travis/build/icyphy/ptII/ptolemy/actor/lib/test/auto/LevelCrossTest10.xml
1 ms. Memory: 538624K Free: 324508K (60%)
----------------- Invoking toplevel() on ptolemy.moml.MoMLSimpleApplication@46276090
----------------- Done invoking toplevel() on ptolemy.moml.MoMLSimpleApplication@46276090
reloadAllAccessors: .LevelCrossTest10

===========================================================================================
----------------- testing Fri Jul 12 05:54:54 UTC 2019 /home/travis/build/icyphy/ptII/ptolemy/actor/lib/test/auto/LevelCrossTest11.xml
----------------- Instantiating /home/travis/build/icyphy/ptII/ptolemy/actor/lib/test/auto/LevelCrossTest11.xml
1 ms. Memory: 538624K Free: 316826K (59%)
----------------- Invoking toplevel() on ptolemy.moml.MoMLSimpleApplication@4ec0780f
----------------- Done invoking toplevel() on ptolemy.moml.MoMLSimpleApplication@4ec0780f
reloadAllAccessors: .LevelCrossTest11

===========================================================================================
----------------- testing Fri Jul 12 05:54:54 UTC 2019 /home/travis/build/icyphy/ptII/ptolemy/actor/lib/test/auto/LevelCrossTest12.xml
----------------- Instantiating /home/travis/build/icyphy/ptII/ptolemy/actor/lib/test/auto/LevelCrossTest12.xml
1 ms. Memory: 538624K Free: 309658K (57%)
----------------- Invoking toplevel() on ptolemy.moml.MoMLSimpleApplication@56a74493
----------------- Done invoking toplevel() on ptolemy.moml.MoMLSimpleApplication@56a74493
reloadAllAccessors: .LevelCrossTest12

===========================================================================================
----------------- testing Fri Jul 12 05:54:54 UTC 2019 /home/travis/build/icyphy/ptII/ptolemy/actor/lib/test/auto/LevelCrossTest13.xml
----------------- Instantiating /home/travis/build/icyphy/ptII/ptolemy/actor/lib/test/auto/LevelCrossTest13.xml
1 ms. Memory: 538624K Free: 301980K (56%)
----------------- Invoking toplevel() on ptolemy.moml.MoMLSimpleApplication@29cedf18
----------------- Done invoking toplevel() on ptolemy.moml.MoMLSimpleApplication@29cedf18
reloadAllAccessors: .LevelCrossTest13

===========================================================================================
----------------- testing Fri Jul 12 05:54:54 UTC 2019 /home/travis/build/icyphy/ptII/ptolemy/actor/lib/test/auto/LevelCrossTest2.xml
----------------- Instantiating /home/travis/build/icyphy/ptII/ptolemy/actor/lib/test/auto/LevelCrossTest2.xml
1 ms. Memory: 538624K Free: 296860K (55%)
----------------- Invoking toplevel() on ptolemy.moml.MoMLSimpleApplication@3221338
----------------- Done invoking toplevel() on ptolemy.moml.MoMLSimpleApplication@3221338
reloadAllAccessors: .broken

===========================================================================================
----------------- testing Fri Jul 12 05:54:54 UTC 2019 /home/travis/build/icyphy/ptII/ptolemy/actor/lib/test/auto/LevelCrossTest3.xml
----------------- Instantiating /home/travis/build/icyphy/ptII/ptolemy/actor/lib/test/auto/LevelCrossTest3.xml
1 ms. Memory: 538624K Free: 290716K (54%)
----------------- Invoking toplevel() on ptolemy.moml.MoMLSimpleApplication@77633b58
----------------- Done invoking toplevel() on ptolemy.moml.MoMLSimpleApplication@77633b58
reloadAllAccessors: .LevelCrossTest3

===========================================================================================
----------------- testing Fri Jul 12 05:54:54 UTC 2019 /home/travis/build/icyphy/ptII/ptolemy/actor/lib/test/auto/LevelCrossTest4.xml
----------------- Instantiating /home/travis/build/icyphy/ptII/ptolemy/actor/lib/test/auto/LevelCrossTest4.xml
1 ms. Memory: 538624K Free: 285596K (53%)
----------------- Invoking toplevel() on ptolemy.moml.MoMLSimpleApplication@4d5b94bd
----------------- Done invoking toplevel() on ptolemy.moml.MoMLSimpleApplication@4d5b94bd
reloadAllAccessors: .broken

===========================================================================================
----------------- testing Fri Jul 12 05:54:54 UTC 2019 /home/travis/build/icyphy/ptII/ptolemy/actor/lib/test/auto/LevelCrossTest5.xml
----------------- Instantiating /home/travis/build/icyphy/ptII/ptolemy/actor/lib/test/auto/LevelCrossTest5.xml
2 ms. Memory: 538624K Free: 278938K (52%)
----------------- Invoking toplevel() on ptolemy.moml.MoMLSimpleApplication@77f14bec
----------------- Done invoking toplevel() on ptolemy.moml.MoMLSimpleApplication@77f14bec
reloadAllAccessors: .LevelCrossTest5

===========================================================================================
----------------- testing Fri Jul 12 05:54:54 UTC 2019 /home/travis/build/icyphy/ptII/ptolemy/actor/lib/test/auto/LevelCrossTest6.xml
----------------- Instantiating /home/travis/build/icyphy/ptII/ptolemy/actor/lib/test/auto/LevelCrossTest6.xml
4 ms. Memory: 538624K Free: 271770K (50%)
----------------- Invoking toplevel() on ptolemy.moml.MoMLSimpleApplication@5216947d
----------------- Done invoking toplevel() on ptolemy.moml.MoMLSimpleApplication@5216947d
reloadAllAccessors: .LevelCrossTest6

===========================================================================================
----------------- testing Fri Jul 12 05:54:54 UTC 2019 /home/travis/build/icyphy/ptII/ptolemy/actor/lib/test/auto/LevelCrossTest7.xml
----------------- Instantiating /home/travis/build/icyphy/ptII/ptolemy/actor/lib/test/auto/LevelCrossTest7.xml
1 ms. Memory: 538624K Free: 264092K (49%)
----------------- Invoking toplevel() on ptolemy.moml.MoMLSimpleApplication@22973f8a
----------------- Done invoking toplevel() on ptolemy.moml.MoMLSimpleApplication@22973f8a
reloadAllAccessors: .LevelCrossTest7

===========================================================================================
----------------- testing Fri Jul 12 05:54:54 UTC 2019 /home/travis/build/icyphy/ptII/ptolemy/actor/lib/test/auto/LevelCrossTest8.xml
----------------- Instantiating /home/travis/build/icyphy/ptII/ptolemy/actor/lib/test/auto/LevelCrossTest8.xml
2 ms. Memory: 538624K Free: 256924K (48%)
----------------- Invoking toplevel() on ptolemy.moml.MoMLSimpleApplication@1463920a
----------------- Done invoking toplevel() on ptolemy.moml.MoMLSimpleApplication@1463920a
reloadAllAccessors: .LevelCrossTest8

===========================================================================================
----------------- testing Fri Jul 12 05:54:54 UTC 2019 /home/travis/build/icyphy/ptII/ptolemy/actor/lib/test/auto/LevelCrossTest9.xml
----------------- Instantiating /home/travis/build/icyphy/ptII/ptolemy/actor/lib/test/auto/LevelCrossTest9.xml
1 ms. Memory: 538624K Free: 250266K (46%)
----------------- Invoking toplevel() on ptolemy.moml.MoMLSimpleApplication@3aab2aaf
----------------- Done invoking toplevel() on ptolemy.moml.MoMLSimpleApplication@3aab2aaf
reloadAllAccessors: .LevelCrossTest9

===========================================================================================
----------------- testing Fri Jul 12 05:54:54 UTC 2019 /home/travis/build/icyphy/ptII/ptolemy/actor/lib/test/auto/LevinsonDurbin.xml
----------------- Instantiating /home/travis/build/icyphy/ptII/ptolemy/actor/lib/test/auto/LevinsonDurbin.xml
10 ms. Memory: 538624K Free: 246170K (46%)
----------------- Invoking toplevel() on ptolemy.moml.MoMLSimpleApplication@3214bd49
----------------- Done invoking toplevel() on ptolemy.moml.MoMLSimpleApplication@3214bd49
reloadAllAccessors: .LevinsonDurbin

===========================================================================================
----------------- testing Fri Jul 12 05:54:54 UTC 2019 /home/travis/build/icyphy/ptII/ptolemy/actor/lib/test/auto/LevinsonDurbin2.xml
----------------- Instantiating /home/travis/build/icyphy/ptII/ptolemy/actor/lib/test/auto/LevinsonDurbin2.xml
1 ms. Memory: 538624K Free: 242074K (45%)
----------------- Invoking toplevel() on ptolemy.moml.MoMLSimpleApplication@b81936b
----------------- Done invoking toplevel() on ptolemy.moml.MoMLSimpleApplication@b81936b
reloadAllAccessors: .LevinsonDurbin2

===========================================================================================
----------------- testing Fri Jul 12 05:54:54 UTC 2019 /home/travis/build/icyphy/ptII/ptolemy/actor/lib/test/auto/LevinsonDurbin3.xml
----------------- Instantiating /home/travis/build/icyphy/ptII/ptolemy/actor/lib/test/auto/LevinsonDurbin3.xml
2 ms. Memory: 538624K Free: 237978K (44%)
----------------- Invoking toplevel() on ptolemy.moml.MoMLSimpleApplication@212e2b3a
----------------- Done invoking toplevel() on ptolemy.moml.MoMLSimpleApplication@212e2b3a
reloadAllAccessors: .LevinsonDurbin3

===========================================================================================
----------------- testing Fri Jul 12 05:54:54 UTC 2019 /home/travis/build/icyphy/ptII/ptolemy/actor/lib/test/auto/Limiter.xml
----------------- Instantiating /home/travis/build/icyphy/ptII/ptolemy/actor/lib/test/auto/Limiter.xml
10 ms. Memory: 538624K Free: 229276K (43%)
----------------- Invoking toplevel() on ptolemy.moml.MoMLSimpleApplication@356fcad8
----------------- Done invoking toplevel() on ptolemy.moml.MoMLSimpleApplication@356fcad8
reloadAllAccessors: .Limiter

===========================================================================================
----------------- testing Fri Jul 12 05:54:54 UTC 2019 /home/travis/build/icyphy/ptII/ptolemy/actor/lib/test/auto/LinearDifferenceEquationSystem.xml
----------------- Instantiating /home/travis/build/icyphy/ptII/ptolemy/actor/lib/test/auto/LinearDifferenceEquationSystem.xml
3 ms. Memory: 538624K Free: 222108K (41%)
----------------- Invoking toplevel() on ptolemy.moml.MoMLSimpleApplication@426284be
----------------- Done invoking toplevel() on ptolemy.moml.MoMLSimpleApplication@426284be
reloadAllAccessors: .LinearDifferenceEquationSystem

===========================================================================================
----------------- testing Fri Jul 12 05:54:54 UTC 2019 /home/travis/build/icyphy/ptII/ptolemy/actor/lib/test/auto/LookupTable.xml
----------------- Instantiating /home/travis/build/icyphy/ptII/ptolemy/actor/lib/test/auto/LookupTable.xml
1 ms. Memory: 538624K Free: 217498K (40%)
----------------- Invoking toplevel() on ptolemy.moml.MoMLSimpleApplication@6cb04267
----------------- Done invoking toplevel() on ptolemy.moml.MoMLSimpleApplication@6cb04267
reloadAllAccessors: .LookupTable

===========================================================================================
----------------- testing Fri Jul 12 05:54:54 UTC 2019 /home/travis/build/icyphy/ptII/ptolemy/actor/lib/test/auto/MathFunction.xml
----------------- Instantiating /home/travis/build/icyphy/ptII/ptolemy/actor/lib/test/auto/MathFunction.xml
3 ms. Memory: 538624K Free: 209306K (39%)
----------------- Invoking toplevel() on ptolemy.moml.MoMLSimpleApplication@7e632325
----------------- Done invoking toplevel() on ptolemy.moml.MoMLSimpleApplication@7e632325
reloadAllAccessors: .MathFunction

===========================================================================================
----------------- testing Fri Jul 12 05:54:54 UTC 2019 /home/travis/build/icyphy/ptII/ptolemy/actor/lib/test/auto/MathFunction2.xml
----------------- Instantiating /home/travis/build/icyphy/ptII/ptolemy/actor/lib/test/auto/MathFunction2.xml
9 ms. Memory: 538624K Free: 205210K (38%)
----------------- Invoking toplevel() on ptolemy.moml.MoMLSimpleApplication@55b4833e
----------------- Done invoking toplevel() on ptolemy.moml.MoMLSimpleApplication@55b4833e
reloadAllAccessors: .MathFunction2

===========================================================================================
----------------- testing Fri Jul 12 05:54:54 UTC 2019 /home/travis/build/icyphy/ptII/ptolemy/actor/lib/test/auto/MathFunction3.xml
----------------- Instantiating /home/travis/build/icyphy/ptII/ptolemy/actor/lib/test/auto/MathFunction3.xml
2 ms. Memory: 538624K Free: 198042K (37%)
----------------- Invoking toplevel() on ptolemy.moml.MoMLSimpleApplication@886bd1b
----------------- Done invoking toplevel() on ptolemy.moml.MoMLSimpleApplication@886bd1b
reloadAllAccessors: .MathFunction3

===========================================================================================
----------------- testing Fri Jul 12 05:54:54 UTC 2019 /home/travis/build/icyphy/ptII/ptolemy/actor/lib/test/auto/MatrixCropBoolean.xml
----------------- Instantiating /home/travis/build/icyphy/ptII/ptolemy/actor/lib/test/auto/MatrixCropBoolean.xml
2 ms. Memory: 538624K Free: 192892K (36%)
----------------- Invoking toplevel() on ptolemy.moml.MoMLSimpleApplication@5be802b6
----------------- Done invoking toplevel() on ptolemy.moml.MoMLSimpleApplication@5be802b6
reloadAllAccessors: .MatrixCropBoolean

===========================================================================================
----------------- testing Fri Jul 12 05:54:54 UTC 2019 /home/travis/build/icyphy/ptII/ptolemy/actor/lib/test/auto/MatrixCropComplex.xml
----------------- Instantiating /home/travis/build/icyphy/ptII/ptolemy/actor/lib/test/auto/MatrixCropComplex.xml
2 ms. Memory: 538624K Free: 188812K (35%)
----------------- Invoking toplevel() on ptolemy.moml.MoMLSimpleApplication@4e89350a
----------------- Done invoking toplevel() on ptolemy.moml.MoMLSimpleApplication@4e89350a
reloadAllAccessors: .MatrixCropComplex

===========================================================================================
----------------- testing Fri Jul 12 05:54:54 UTC 2019 /home/travis/build/icyphy/ptII/ptolemy/actor/lib/test/auto/MatrixCropDouble.xml
----------------- Instantiating /home/travis/build/icyphy/ptII/ptolemy/actor/lib/test/auto/MatrixCropDouble.xml
2 ms. Memory: 538624K Free: 184220K (34%)
----------------- Invoking toplevel() on ptolemy.moml.MoMLSimpleApplication@24ccfcd0
----------------- Done invoking toplevel() on ptolemy.moml.MoMLSimpleApplication@24ccfcd0
reloadAllAccessors: .MatrixCropDouble

===========================================================================================
----------------- testing Fri Jul 12 05:54:54 UTC 2019 /home/travis/build/icyphy/ptII/ptolemy/actor/lib/test/auto/MatrixCropFix.xml
----------------- Instantiating /home/travis/build/icyphy/ptII/ptolemy/actor/lib/test/auto/MatrixCropFix.xml
2 ms. Memory: 538624K Free: 179100K (33%)
----------------- Invoking toplevel() on ptolemy.moml.MoMLSimpleApplication@70561c7f
----------------- Done invoking toplevel() on ptolemy.moml.MoMLSimpleApplication@70561c7f
reloadAllAccessors: .MatrixCropFix

===========================================================================================
----------------- testing Fri Jul 12 05:54:54 UTC 2019 /home/travis/build/icyphy/ptII/ptolemy/actor/lib/test/auto/MatrixCropInt.xml
----------------- Instantiating /home/travis/build/icyphy/ptII/ptolemy/actor/lib/test/auto/MatrixCropInt.xml
1 ms. Memory: 538624K Free: 173980K (32%)
----------------- Invoking toplevel() on ptolemy.moml.MoMLSimpleApplication@4cd35fb6
----------------- Done invoking toplevel() on ptolemy.moml.MoMLSimpleApplication@4cd35fb6
reloadAllAccessors: .MatrixCropInt

===========================================================================================
----------------- testing Fri Jul 12 05:54:54 UTC 2019 /home/travis/build/icyphy/ptII/ptolemy/actor/lib/test/auto/MatrixCropLong.xml
----------------- Instantiating /home/travis/build/icyphy/ptII/ptolemy/actor/lib/test/auto/MatrixCropLong.xml
2 ms. Memory: 538624K Free: 488156K (91%)
----------------- Invoking toplevel() on ptolemy.moml.MoMLSimpleApplication@7dccefb5
----------------- Done invoking toplevel() on ptolemy.moml.MoMLSimpleApplication@7dccefb5
reloadAllAccessors: .MatrixCropLong

===========================================================================================
----------------- testing Fri Jul 12 05:54:54 UTC 2019 /home/travis/build/icyphy/ptII/ptolemy/actor/lib/test/auto/MatrixToArray.xml
----------------- Instantiating /home/travis/build/icyphy/ptII/ptolemy/actor/lib/test/auto/MatrixToArray.xml
8 ms. Memory: 538624K Free: 473324K (88%)
----------------- Invoking toplevel() on ptolemy.moml.MoMLSimpleApplication@1cd104d4
----------------- Done invoking toplevel() on ptolemy.moml.MoMLSimpleApplication@1cd104d4
reloadAllAccessors: .MatrixToArray

===========================================================================================
----------------- testing Fri Jul 12 05:54:54 UTC 2019 /home/travis/build/icyphy/ptII/ptolemy/actor/lib/test/auto/MaxIndex.xml
----------------- Instantiating /home/travis/build/icyphy/ptII/ptolemy/actor/lib/test/auto/MaxIndex.xml
2 ms. Memory: 538624K Free: 468204K (87%)
----------------- Invoking toplevel() on ptolemy.moml.MoMLSimpleApplication@266cf11a
----------------- Done invoking toplevel() on ptolemy.moml.MoMLSimpleApplication@266cf11a
reloadAllAccessors: .MaxIndex

===========================================================================================
----------------- testing Fri Jul 12 05:54:54 UTC 2019 /home/travis/build/icyphy/ptII/ptolemy/actor/lib/test/auto/Maximum.xml
----------------- Instantiating /home/travis/build/icyphy/ptII/ptolemy/actor/lib/test/auto/Maximum.xml
5 ms. Memory: 538624K Free: 461516K (86%)
----------------- Invoking toplevel() on ptolemy.moml.MoMLSimpleApplication@5911a418
----------------- Done invoking toplevel() on ptolemy.moml.MoMLSimpleApplication@5911a418
reloadAllAccessors: .Maximum

===========================================================================================
----------------- testing Fri Jul 12 05:54:54 UTC 2019 /home/travis/build/icyphy/ptII/ptolemy/actor/lib/test/auto/MaximumComplex.xml
----------------- Instantiating /home/travis/build/icyphy/ptII/ptolemy/actor/lib/test/auto/MaximumComplex.xml
4 ms. Memory: 538624K Free: 455372K (85%)
----------------- Invoking toplevel() on ptolemy.moml.MoMLSimpleApplication@201e9a13
----------------- Done invoking toplevel() on ptolemy.moml.MoMLSimpleApplication@201e9a13
reloadAllAccessors: .MaximumComplex

===========================================================================================
----------------- testing Fri Jul 12 05:54:54 UTC 2019 /home/travis/build/icyphy/ptII/ptolemy/actor/lib/test/auto/MethodCallTest.xml
----------------- Instantiating /home/travis/build/icyphy/ptII/ptolemy/actor/lib/test/auto/MethodCallTest.xml
6 ms. Memory: 538624K Free: 448748K (83%)
----------------- Invoking toplevel() on ptolemy.moml.MoMLSimpleApplication@2006b01
----------------- Done invoking toplevel() on ptolemy.moml.MoMLSimpleApplication@2006b01
reloadAllAccessors: .MethodCallTest

===========================================================================================
----------------- testing Fri Jul 12 05:54:54 UTC 2019 /home/travis/build/icyphy/ptII/ptolemy/actor/lib/test/auto/Minimum.xml
----------------- Instantiating /home/travis/build/icyphy/ptII/ptolemy/actor/lib/test/auto/Minimum.xml
2 ms. Memory: 538624K Free: 442604K (82%)
----------------- Invoking toplevel() on ptolemy.moml.MoMLSimpleApplication@452baafd
----------------- Done invoking toplevel() on ptolemy.moml.MoMLSimpleApplication@452baafd
reloadAllAccessors: .Minimum

===========================================================================================
----------------- testing Fri Jul 12 05:54:54 UTC 2019 /home/travis/build/icyphy/ptII/ptolemy/actor/lib/test/auto/MinimumComplex.xml
----------------- Instantiating /home/travis/build/icyphy/ptII/ptolemy/actor/lib/test/auto/MinimumComplex.xml
4 ms. Memory: 538624K Free: 436460K (81%)
----------------- Invoking toplevel() on ptolemy.moml.MoMLSimpleApplication@6f519df3
----------------- Done invoking toplevel() on ptolemy.moml.MoMLSimpleApplication@6f519df3
reloadAllAccessors: .MinimumComplex

===========================================================================================
----------------- testing Fri Jul 12 05:54:55 UTC 2019 /home/travis/build/icyphy/ptII/ptolemy/actor/lib/test/auto/MinimumMultiports.xml
----------------- Instantiating /home/travis/build/icyphy/ptII/ptolemy/actor/lib/test/auto/MinimumMultiports.xml
3 ms. Memory: 538624K Free: 427740K (79%)
----------------- Invoking toplevel() on ptolemy.moml.MoMLSimpleApplication@339ad5d3
----------------- Done invoking toplevel() on ptolemy.moml.MoMLSimpleApplication@339ad5d3
reloadAllAccessors: .MinimumMultiports

===========================================================================================
----------------- testing Fri Jul 12 05:54:55 UTC 2019 /home/travis/build/icyphy/ptII/ptolemy/actor/lib/test/auto/ModifyDate.xml
----------------- Instantiating /home/travis/build/icyphy/ptII/ptolemy/actor/lib/test/auto/ModifyDate.xml
10 ms. Memory: 538624K Free: 414956K (77%)
----------------- Invoking toplevel() on ptolemy.moml.MoMLSimpleApplication@6b618c96
----------------- Done invoking toplevel() on ptolemy.moml.MoMLSimpleApplication@6b618c96
reloadAllAccessors: .ModifyDate

===========================================================================================
----------------- testing Fri Jul 12 05:54:55 UTC 2019 /home/travis/build/icyphy/ptII/ptolemy/actor/lib/test/auto/ModifyDate2.xml
----------------- Instantiating /home/travis/build/icyphy/ptII/ptolemy/actor/lib/test/auto/ModifyDate2.xml
4 ms. Memory: 538624K Free: 406764K (76%)
----------------- Invoking toplevel() on ptolemy.moml.MoMLSimpleApplication@327345eb
----------------- Done invoking toplevel() on ptolemy.moml.MoMLSimpleApplication@327345eb
reloadAllAccessors: .ModifyDate2

===========================================================================================
----------------- testing Fri Jul 12 05:54:55 UTC 2019 /home/travis/build/icyphy/ptII/ptolemy/actor/lib/test/auto/MovingAverage.xml
----------------- Instantiating /home/travis/build/icyphy/ptII/ptolemy/actor/lib/test/auto/MovingAverage.xml
1 ms. Memory: 538624K Free: 401644K (75%)
----------------- Invoking toplevel() on ptolemy.moml.MoMLSimpleApplication@1b05ab52
----------------- Done invoking toplevel() on ptolemy.moml.MoMLSimpleApplication@1b05ab52
reloadAllAccessors: .MovingAverage

===========================================================================================
----------------- testing Fri Jul 12 05:54:55 UTC 2019 /home/travis/build/icyphy/ptII/ptolemy/actor/lib/test/auto/MovingMaximum.xml
----------------- Instantiating /home/travis/build/icyphy/ptII/ptolemy/actor/lib/test/auto/MovingMaximum.xml
1 ms. Memory: 538624K Free: 397034K (74%)
----------------- Invoking toplevel() on ptolemy.moml.MoMLSimpleApplication@76aa41bb
----------------- Done invoking toplevel() on ptolemy.moml.MoMLSimpleApplication@76aa41bb
reloadAllAccessors: .MovingMaximum

===========================================================================================
----------------- testing Fri Jul 12 05:54:55 UTC 2019 /home/travis/build/icyphy/ptII/ptolemy/actor/lib/test/auto/MultipleLinksToSameRelation.xml
----------------- Instantiating /home/travis/build/icyphy/ptII/ptolemy/actor/lib/test/auto/MultipleLinksToSameRelation.xml
2 ms. Memory: 538624K Free: 392938K (73%)
----------------- Invoking toplevel() on ptolemy.moml.MoMLSimpleApplication@7e66f5c2
----------------- Done invoking toplevel() on ptolemy.moml.MoMLSimpleApplication@7e66f5c2
reloadAllAccessors: .MultipleLinksToSameRelation

===========================================================================================
----------------- testing Fri Jul 12 05:54:55 UTC 2019 /home/travis/build/icyphy/ptII/ptolemy/actor/lib/test/auto/MultipleLinksToSameRelationDE.xml
----------------- Instantiating /home/travis/build/icyphy/ptII/ptolemy/actor/lib/test/auto/MultipleLinksToSameRelationDE.xml
1 ms. Memory: 538624K Free: 388332K (72%)
----------------- Invoking toplevel() on ptolemy.moml.MoMLSimpleApplication@af34350
----------------- Done invoking toplevel() on ptolemy.moml.MoMLSimpleApplication@af34350
reloadAllAccessors: .MultipleLinksToSameRelationDE

===========================================================================================
----------------- testing Fri Jul 12 05:54:55 UTC 2019 /home/travis/build/icyphy/ptII/ptolemy/actor/lib/test/auto/Multiplexor.xml
----------------- Instantiating /home/travis/build/icyphy/ptII/ptolemy/actor/lib/test/auto/Multiplexor.xml
2 ms. Memory: 538624K Free: 382698K (71%)
----------------- Invoking toplevel() on ptolemy.moml.MoMLSimpleApplication@77274e03
----------------- Done invoking toplevel() on ptolemy.moml.MoMLSimpleApplication@77274e03
reloadAllAccessors: .Multiplexor

===========================================================================================
----------------- testing Fri Jul 12 05:54:55 UTC 2019 /home/travis/build/icyphy/ptII/ptolemy/actor/lib/test/auto/Multiplexor1.xml
----------------- Instantiating /home/travis/build/icyphy/ptII/ptolemy/actor/lib/test/auto/Multiplexor1.xml
1 ms. Memory: 538624K Free: 377068K (70%)
----------------- Invoking toplevel() on ptolemy.moml.MoMLSimpleApplication@77f44891
----------------- Done invoking toplevel() on ptolemy.moml.MoMLSimpleApplication@77f44891
reloadAllAccessors: .Multiplexor1

===========================================================================================
----------------- testing Fri Jul 12 05:54:55 UTC 2019 /home/travis/build/icyphy/ptII/ptolemy/actor/lib/test/auto/Multiplexor2.xml
----------------- Instantiating /home/travis/build/icyphy/ptII/ptolemy/actor/lib/test/auto/Multiplexor2.xml
3 ms. Memory: 538624K Free: 370410K (69%)
----------------- Invoking toplevel() on ptolemy.moml.MoMLSimpleApplication@526a3707
----------------- Done invoking toplevel() on ptolemy.moml.MoMLSimpleApplication@526a3707
reloadAllAccessors: .Multiplexor2

===========================================================================================
----------------- testing Fri Jul 12 05:54:55 UTC 2019 /home/travis/build/icyphy/ptII/ptolemy/actor/lib/test/auto/Multiplexor3.xml
----------------- Instantiating /home/travis/build/icyphy/ptII/ptolemy/actor/lib/test/auto/Multiplexor3.xml
1 ms. Memory: 538624K Free: 366314K (68%)
----------------- Invoking toplevel() on ptolemy.moml.MoMLSimpleApplication@3d96c8e9
----------------- Done invoking toplevel() on ptolemy.moml.MoMLSimpleApplication@3d96c8e9
reloadAllAccessors: .Multiplexor3

===========================================================================================
----------------- testing Fri Jul 12 05:54:55 UTC 2019 /home/travis/build/icyphy/ptII/ptolemy/actor/lib/test/auto/MultiplexorDE.xml
----------------- Instantiating /home/travis/build/icyphy/ptII/ptolemy/actor/lib/test/auto/MultiplexorDE.xml
3 ms. Memory: 538624K Free: 358636K (67%)
----------------- Invoking toplevel() on ptolemy.moml.MoMLSimpleApplication@1f8b1977
----------------- Done invoking toplevel() on ptolemy.moml.MoMLSimpleApplication@1f8b1977
reloadAllAccessors: .MultiplexorDE

===========================================================================================
----------------- testing Fri Jul 12 05:54:55 UTC 2019 /home/travis/build/icyphy/ptII/ptolemy/actor/lib/test/auto/MultiportBroadcastTest.xml
----------------- Instantiating /home/travis/build/icyphy/ptII/ptolemy/actor/lib/test/auto/MultiportBroadcastTest.xml
87 ms. Memory: 538624K Free: 352492K (65%)
----------------- Invoking toplevel() on ptolemy.moml.MoMLSimpleApplication@597561b5
----------------- Done invoking toplevel() on ptolemy.moml.MoMLSimpleApplication@597561b5
reloadAllAccessors: .MultiportBroadcastTest

===========================================================================================
----------------- testing Fri Jul 12 05:54:55 UTC 2019 /home/travis/build/icyphy/ptII/ptolemy/actor/lib/test/auto/MultiportOutHangDuringGetWidth.xml
----------------- Instantiating /home/travis/build/icyphy/ptII/ptolemy/actor/lib/test/auto/MultiportOutHangDuringGetWidth.xml
6 ms. Memory: 538624K Free: 340700K (63%)
----------------- Invoking toplevel() on ptolemy.moml.MoMLSimpleApplication@fcfafbe
----------------- Done invoking toplevel() on ptolemy.moml.MoMLSimpleApplication@fcfafbe
reloadAllAccessors: .MultiportOutHangDuringGetWidth

===========================================================================================
----------------- testing Fri Jul 12 05:54:55 UTC 2019 /home/travis/build/icyphy/ptII/ptolemy/actor/lib/test/auto/NilToken.xml
----------------- Instantiating /home/travis/build/icyphy/ptII/ptolemy/actor/lib/test/auto/NilToken.xml
2 ms. Memory: 538624K Free: 337132K (63%)
----------------- Invoking toplevel() on ptolemy.moml.MoMLSimpleApplication@5ccea276
----------------- Done invoking toplevel() on ptolemy.moml.MoMLSimpleApplication@5ccea276
reloadAllAccessors: .NilToken

===========================================================================================
----------------- testing Fri Jul 12 05:54:55 UTC 2019 /home/travis/build/icyphy/ptII/ptolemy/actor/lib/test/auto/NilTokenNonStrictTest.xml
----------------- Instantiating /home/travis/build/icyphy/ptII/ptolemy/actor/lib/test/auto/NilTokenNonStrictTest.xml
1 ms. Memory: 538624K Free: 332522K (62%)
----------------- Invoking toplevel() on ptolemy.moml.MoMLSimpleApplication@6a1e752f
----------------- Done invoking toplevel() on ptolemy.moml.MoMLSimpleApplication@6a1e752f
reloadAllAccessors: .NilTokenNonStrictTest

===========================================================================================
----------------- testing Fri Jul 12 05:54:55 UTC 2019 /home/travis/build/icyphy/ptII/ptolemy/actor/lib/test/auto/NilTokenRecord.xml
----------------- Instantiating /home/travis/build/icyphy/ptII/ptolemy/actor/lib/test/auto/NilTokenRecord.xml
10 ms. Memory: 538624K Free: 325868K (61%)
----------------- Invoking toplevel() on ptolemy.moml.MoMLSimpleApplication@9088527
----------------- Done invoking toplevel() on ptolemy.moml.MoMLSimpleApplication@9088527
reloadAllAccessors: .NilTokenRecord

===========================================================================================
----------------- testing Fri Jul 12 05:54:55 UTC 2019 /home/travis/build/icyphy/ptII/ptolemy/actor/lib/test/auto/NilTokenTypeTest.xml
----------------- Instantiating /home/travis/build/icyphy/ptII/ptolemy/actor/lib/test/auto/NilTokenTypeTest.xml
12 ms. Memory: 538624K Free: 316138K (59%)
----------------- Invoking toplevel() on ptolemy.moml.MoMLSimpleApplication@b52b6e3
----------------- Done invoking toplevel() on ptolemy.moml.MoMLSimpleApplication@b52b6e3
reloadAllAccessors: .NilTokenTypeTest

===========================================================================================
----------------- testing Fri Jul 12 05:54:55 UTC 2019 /home/travis/build/icyphy/ptII/ptolemy/actor/lib/test/auto/ObjectToken1.xml
----------------- Instantiating /home/travis/build/icyphy/ptII/ptolemy/actor/lib/test/auto/ObjectToken1.xml
2 ms. Memory: 538624K Free: 312042K (58%)
----------------- Invoking toplevel() on ptolemy.moml.MoMLSimpleApplication@3a3737a1
----------------- Done invoking toplevel() on ptolemy.moml.MoMLSimpleApplication@3a3737a1
reloadAllAccessors: .ObjectToken1

===========================================================================================
----------------- testing Fri Jul 12 05:54:55 UTC 2019 /home/travis/build/icyphy/ptII/ptolemy/actor/lib/test/auto/OrderedMerge.xml
----------------- Instantiating /home/travis/build/icyphy/ptII/ptolemy/actor/lib/test/auto/OrderedMerge.xml
9 ms. Memory: 538624K Free: 306412K (57%)
----------------- Invoking toplevel() on ptolemy.moml.MoMLSimpleApplication@35b685cb
----------------- Done invoking toplevel() on ptolemy.moml.MoMLSimpleApplication@35b685cb
reloadAllAccessors: .OrderedMerge

===========================================================================================
----------------- testing Fri Jul 12 05:54:55 UTC 2019 /home/travis/build/icyphy/ptII/ptolemy/actor/lib/test/auto/OrderedRecordDisassembler.xml
----------------- Instantiating /home/travis/build/icyphy/ptII/ptolemy/actor/lib/test/auto/OrderedRecordDisassembler.xml
3 ms. Memory: 538624K Free: 301292K (56%)
----------------- Invoking toplevel() on ptolemy.moml.MoMLSimpleApplication@3b56b193
----------------- Done invoking toplevel() on ptolemy.moml.MoMLSimpleApplication@3b56b193
reloadAllAccessors: .OrderedRecordDisassembler

===========================================================================================
----------------- testing Fri Jul 12 05:54:55 UTC 2019 /home/travis/build/icyphy/ptII/ptolemy/actor/lib/test/auto/OrderedRecordDisassembler2.xml
----------------- Instantiating /home/travis/build/icyphy/ptII/ptolemy/actor/lib/test/auto/OrderedRecordDisassembler2.xml
3 ms. Memory: 538624K Free: 293596K (55%)
----------------- Invoking toplevel() on ptolemy.moml.MoMLSimpleApplication@7affd7a1
----------------- Done invoking toplevel() on ptolemy.moml.MoMLSimpleApplication@7affd7a1
reloadAllAccessors: .OrderedRecordDisassembler2

===========================================================================================
----------------- testing Fri Jul 12 05:54:55 UTC 2019 /home/travis/build/icyphy/ptII/ptolemy/actor/lib/test/auto/OrderedRecordUpdater.xml
----------------- Instantiating /home/travis/build/icyphy/ptII/ptolemy/actor/lib/test/auto/OrderedRecordUpdater.xml
1 ms. Memory: 538624K Free: 288490K (54%)
----------------- Invoking toplevel() on ptolemy.moml.MoMLSimpleApplication@7ad4d25a
----------------- Done invoking toplevel() on ptolemy.moml.MoMLSimpleApplication@7ad4d25a
reloadAllAccessors: .RecordUpdater

===========================================================================================
----------------- testing Fri Jul 12 05:54:55 UTC 2019 /home/travis/build/icyphy/ptII/ptolemy/actor/lib/test/auto/OrderedRecordUpdater2.xml
----------------- Instantiating /home/travis/build/icyphy/ptII/ptolemy/actor/lib/test/auto/OrderedRecordUpdater2.xml
3 ms. Memory: 538624K Free: 283370K (53%)
----------------- Invoking toplevel() on ptolemy.moml.MoMLSimpleApplication@560487dd
----------------- Done invoking toplevel() on ptolemy.moml.MoMLSimpleApplication@560487dd
reloadAllAccessors: .RecordUpdater2

===========================================================================================
----------------- testing Fri Jul 12 05:54:55 UTC 2019 /home/travis/build/icyphy/ptII/ptolemy/actor/lib/test/auto/PhaseUnwrap.xml
----------------- Instantiating /home/travis/build/icyphy/ptII/ptolemy/actor/lib/test/auto/PhaseUnwrap.xml
1 ms. Memory: 538624K Free: 278764K (52%)
----------------- Invoking toplevel() on ptolemy.moml.MoMLSimpleApplication@46cf094f
----------------- Done invoking toplevel() on ptolemy.moml.MoMLSimpleApplication@46cf094f
reloadAllAccessors: .PhaseUnwrap

===========================================================================================
----------------- testing Fri Jul 12 05:54:55 UTC 2019 /home/travis/build/icyphy/ptII/ptolemy/actor/lib/test/auto/PoissonClock.xml
----------------- Instantiating /home/travis/build/icyphy/ptII/ptolemy/actor/lib/test/auto/PoissonClock.xml
1 ms. Memory: 538624K Free: 274668K (51%)
----------------- Invoking toplevel() on ptolemy.moml.MoMLSimpleApplication@3c3a2e02
----------------- Done invoking toplevel() on ptolemy.moml.MoMLSimpleApplication@3c3a2e02
reloadAllAccessors: .PoissonClock

===========================================================================================
----------------- testing Fri Jul 12 05:54:55 UTC 2019 /home/travis/build/icyphy/ptII/ptolemy/actor/lib/test/auto/PoissonClock2.xml
----------------- Instantiating /home/travis/build/icyphy/ptII/ptolemy/actor/lib/test/auto/PoissonClock2.xml
1 ms. Memory: 538624K Free: 270058K (50%)
----------------- Invoking toplevel() on ptolemy.moml.MoMLSimpleApplication@f7a49f4
----------------- Done invoking toplevel() on ptolemy.moml.MoMLSimpleApplication@f7a49f4
reloadAllAccessors: .PoissonClock2

===========================================================================================
----------------- testing Fri Jul 12 05:54:55 UTC 2019 /home/travis/build/icyphy/ptII/ptolemy/actor/lib/test/auto/PoissonClock3.xml
----------------- Instantiating /home/travis/build/icyphy/ptII/ptolemy/actor/lib/test/auto/PoissonClock3.xml
1 ms. Memory: 538624K Free: 265452K (49%)
----------------- Invoking toplevel() on ptolemy.moml.MoMLSimpleApplication@4a729493
----------------- Done invoking toplevel() on ptolemy.moml.MoMLSimpleApplication@4a729493
reloadAllAccessors: .PoissonClock3

===========================================================================================
----------------- testing Fri Jul 12 05:54:55 UTC 2019 /home/travis/build/icyphy/ptII/ptolemy/actor/lib/test/auto/PubSubWithInitialTokens.xml
----------------- Instantiating /home/travis/build/icyphy/ptII/ptolemy/actor/lib/test/auto/PubSubWithInitialTokens.xml
2 ms. Memory: 538624K Free: 259804K (48%)
----------------- Invoking toplevel() on ptolemy.moml.MoMLSimpleApplication@5925df66
----------------- Done invoking toplevel() on ptolemy.moml.MoMLSimpleApplication@5925df66
reloadAllAccessors: .PubSubWithInitialTokens

===========================================================================================
----------------- testing Fri Jul 12 05:54:55 UTC 2019 /home/travis/build/icyphy/ptII/ptolemy/actor/lib/test/auto/PubSubWithInitialTokens2.xml
----------------- Instantiating /home/travis/build/icyphy/ptII/ptolemy/actor/lib/test/auto/PubSubWithInitialTokens2.xml
2 ms. Memory: 538624K Free: 253660K (47%)
----------------- Invoking toplevel() on ptolemy.moml.MoMLSimpleApplication@11b4673d
----------------- Done invoking toplevel() on ptolemy.moml.MoMLSimpleApplication@11b4673d
reloadAllAccessors: .PubSubWithInitialTokens2

===========================================================================================
----------------- testing Fri Jul 12 05:54:55 UTC 2019 /home/travis/build/icyphy/ptII/ptolemy/actor/lib/test/auto/PublisherClassNoParameter.xml
----------------- Instantiating /home/travis/build/icyphy/ptII/ptolemy/actor/lib/test/auto/PublisherClassNoParameter.xml
2 ms. Memory: 538624K Free: 243948K (45%)
----------------- Invoking toplevel() on ptolemy.moml.MoMLSimpleApplication@57d84a5b
----------------- Done invoking toplevel() on ptolemy.moml.MoMLSimpleApplication@57d84a5b
reloadAllAccessors: .PublisherClassNoParameter

===========================================================================================
----------------- testing Fri Jul 12 05:54:55 UTC 2019 /home/travis/build/icyphy/ptII/ptolemy/actor/lib/test/auto/PublisherClassParameter.xml
----------------- Instantiating /home/travis/build/icyphy/ptII/ptolemy/actor/lib/test/auto/PublisherClassParameter.xml
2 ms. Memory: 538624K Free: 233708K (43%)
----------------- Invoking toplevel() on ptolemy.moml.MoMLSimpleApplication@3cc98e1c
----------------- Done invoking toplevel() on ptolemy.moml.MoMLSimpleApplication@3cc98e1c
reloadAllAccessors: .PublisherClassParameter

===========================================================================================
----------------- testing Fri Jul 12 05:54:55 UTC 2019 /home/travis/build/icyphy/ptII/ptolemy/actor/lib/test/auto/PublisherNonStrictTest.xml
----------------- Instantiating /home/travis/build/icyphy/ptII/ptolemy/actor/lib/test/auto/PublisherNonStrictTest.xml
2 ms. Memory: 538624K Free: 226020K (42%)
----------------- Invoking toplevel() on ptolemy.moml.MoMLSimpleApplication@43dc2f
----------------- Done invoking toplevel() on ptolemy.moml.MoMLSimpleApplication@43dc2f
reloadAllAccessors: .PublisherNonStrictTest

===========================================================================================
----------------- testing Fri Jul 12 05:54:55 UTC 2019 /home/travis/build/icyphy/ptII/ptolemy/actor/lib/test/auto/PublisherPort1.xml
----------------- Instantiating /home/travis/build/icyphy/ptII/ptolemy/actor/lib/test/auto/PublisherPort1.xml
14 ms. Memory: 538624K Free: 220396K (41%)
----------------- Invoking toplevel() on ptolemy.moml.MoMLSimpleApplication@2d1c3982
----------------- Done invoking toplevel() on ptolemy.moml.MoMLSimpleApplication@2d1c3982
reloadAllAccessors: .PublisherPort1

===========================================================================================
----------------- testing Fri Jul 12 05:54:55 UTC 2019 /home/travis/build/icyphy/ptII/ptolemy/actor/lib/test/auto/PublisherPort2.xml
----------------- Instantiating /home/travis/build/icyphy/ptII/ptolemy/actor/lib/test/auto/PublisherPort2.xml
2 ms. Memory: 538624K Free: 215276K (40%)
----------------- Invoking toplevel() on ptolemy.moml.MoMLSimpleApplication@f84721f
----------------- Done invoking toplevel() on ptolemy.moml.MoMLSimpleApplication@f84721f
reloadAllAccessors: .PublisherPort2

===========================================================================================
----------------- testing Fri Jul 12 05:54:55 UTC 2019 /home/travis/build/icyphy/ptII/ptolemy/actor/lib/test/auto/PublisherPort3.xml
----------------- Instantiating /home/travis/build/icyphy/ptII/ptolemy/actor/lib/test/auto/PublisherPort3.xml
4 ms. Memory: 538624K Free: 208588K (39%)
----------------- Invoking toplevel() on ptolemy.moml.MoMLSimpleApplication@34f1d662
----------------- Done invoking toplevel() on ptolemy.moml.MoMLSimpleApplication@34f1d662
reloadAllAccessors: .PublisherPort3

===========================================================================================
----------------- testing Fri Jul 12 05:54:55 UTC 2019 /home/travis/build/icyphy/ptII/ptolemy/actor/lib/test/auto/PublisherPort4.xml
----------------- Instantiating /home/travis/build/icyphy/ptII/ptolemy/actor/lib/test/auto/PublisherPort4.xml
2 ms. Memory: 538624K Free: 202988K (38%)
----------------- Invoking toplevel() on ptolemy.moml.MoMLSimpleApplication@d032bcd
----------------- Done invoking toplevel() on ptolemy.moml.MoMLSimpleApplication@d032bcd
reloadAllAccessors: .PublisherPort4

===========================================================================================
----------------- testing Fri Jul 12 05:54:55 UTC 2019 /home/travis/build/icyphy/ptII/ptolemy/actor/lib/test/auto/PublisherPort5.xml
----------------- Instantiating /home/travis/build/icyphy/ptII/ptolemy/actor/lib/test/auto/PublisherPort5.xml
3 ms. Memory: 538624K Free: 195306K (36%)
----------------- Invoking toplevel() on ptolemy.moml.MoMLSimpleApplication@12510b51
----------------- Done invoking toplevel() on ptolemy.moml.MoMLSimpleApplication@12510b51
reloadAllAccessors: .PublisherPort5

===========================================================================================
----------------- testing Fri Jul 12 05:54:55 UTC 2019 /home/travis/build/icyphy/ptII/ptolemy/actor/lib/test/auto/PublisherPort5LookAlike.xml
----------------- Instantiating /home/travis/build/icyphy/ptII/ptolemy/actor/lib/test/auto/PublisherPort5LookAlike.xml
4 ms. Memory: 538624K Free: 187628K (35%)
----------------- Invoking toplevel() on ptolemy.moml.MoMLSimpleApplication@4f110ad6
----------------- Done invoking toplevel() on ptolemy.moml.MoMLSimpleApplication@4f110ad6
reloadAllAccessors: .PublisherPort5LookAlike

===========================================================================================
----------------- testing Fri Jul 12 05:54:55 UTC 2019 /home/travis/build/icyphy/ptII/ptolemy/actor/lib/test/auto/PublisherPort6.xml
----------------- Instantiating /home/travis/build/icyphy/ptII/ptolemy/actor/lib/test/auto/PublisherPort6.xml
2 ms. Memory: 538624K Free: 180956K (34%)
----------------- Invoking toplevel() on ptolemy.moml.MoMLSimpleApplication@6b9d06af
----------------- Done invoking toplevel() on ptolemy.moml.MoMLSimpleApplication@6b9d06af
reloadAllAccessors: .PublisherPort6

===========================================================================================
----------------- testing Fri Jul 12 05:54:55 UTC 2019 /home/travis/build/icyphy/ptII/ptolemy/actor/lib/test/auto/PublisherPort7.xml
----------------- Instantiating /home/travis/build/icyphy/ptII/ptolemy/actor/lib/test/auto/PublisherPort7.xml
3 ms. Memory: 538624K Free: 173292K (32%)
----------------- Invoking toplevel() on ptolemy.moml.MoMLSimpleApplication@5ac1328e
----------------- Done invoking toplevel() on ptolemy.moml.MoMLSimpleApplication@5ac1328e
reloadAllAccessors: .PublisherPort7

===========================================================================================
----------------- testing Fri Jul 12 05:54:55 UTC 2019 /home/travis/build/icyphy/ptII/ptolemy/actor/lib/test/auto/PublisherPort8.xml
----------------- Instantiating /home/travis/build/icyphy/ptII/ptolemy/actor/lib/test/auto/PublisherPort8.xml
4 ms. Memory: 538624K Free: 482776K (90%)
----------------- Invoking toplevel() on ptolemy.moml.MoMLSimpleApplication@4196dd8b
----------------- Done invoking toplevel() on ptolemy.moml.MoMLSimpleApplication@4196dd8b
reloadAllAccessors: .PublisherPort8

===========================================================================================
----------------- testing Fri Jul 12 05:54:55 UTC 2019 /home/travis/build/icyphy/ptII/ptolemy/actor/lib/test/auto/PublisherPortSubscriberChannelVariablesAOC2.xml
----------------- Instantiating /home/travis/build/icyphy/ptII/ptolemy/actor/lib/test/auto/PublisherPortSubscriberChannelVariablesAOC2.xml
3 ms. Memory: 538624K Free: 464858K (86%)
----------------- Invoking toplevel() on ptolemy.moml.MoMLSimpleApplication@3a155d9b
----------------- Done invoking toplevel() on ptolemy.moml.MoMLSimpleApplication@3a155d9b
reloadAllAccessors: .PublisherPortSubscriberChannelVariablesAOC2

===========================================================================================
----------------- testing Fri Jul 12 05:54:56 UTC 2019 /home/travis/build/icyphy/ptII/ptolemy/actor/lib/test/auto/PublisherPortSubscriberOpaqueWidthInference.xml
----------------- Instantiating /home/travis/build/icyphy/ptII/ptolemy/actor/lib/test/auto/PublisherPortSubscriberOpaqueWidthInference.xml
4 ms. Memory: 538624K Free: 456666K (85%)
----------------- Invoking toplevel() on ptolemy.moml.MoMLSimpleApplication@1e2162b7
----------------- Done invoking toplevel() on ptolemy.moml.MoMLSimpleApplication@1e2162b7
reloadAllAccessors: .PublisherPortSubscriberOpaqueWidthInference

===========================================================================================
----------------- testing Fri Jul 12 05:54:56 UTC 2019 /home/travis/build/icyphy/ptII/ptolemy/actor/lib/test/auto/PublisherPortSubscriberPortAdjacent.xml
----------------- Instantiating /home/travis/build/icyphy/ptII/ptolemy/actor/lib/test/auto/PublisherPortSubscriberPortAdjacent.xml
2 ms. Memory: 538624K Free: 448474K (83%)
----------------- Invoking toplevel() on ptolemy.moml.MoMLSimpleApplication@63feeadc
----------------- Done invoking toplevel() on ptolemy.moml.MoMLSimpleApplication@63feeadc
reloadAllAccessors: .PublisherPortSubscriberPortAdjacent

===========================================================================================
----------------- testing Fri Jul 12 05:54:56 UTC 2019 /home/travis/build/icyphy/ptII/ptolemy/actor/lib/test/auto/PublisherPortSubscriberPortExpression.xml
----------------- Instantiating /home/travis/build/icyphy/ptII/ptolemy/actor/lib/test/auto/PublisherPortSubscriberPortExpression.xml
4 ms. Memory: 538624K Free: 440786K (82%)
----------------- Invoking toplevel() on ptolemy.moml.MoMLSimpleApplication@2ffa1458
----------------- Done invoking toplevel() on ptolemy.moml.MoMLSimpleApplication@2ffa1458
reloadAllAccessors: .PublisherPortSubscriberPortExpression

===========================================================================================
----------------- testing Fri Jul 12 05:54:56 UTC 2019 /home/travis/build/icyphy/ptII/ptolemy/actor/lib/test/auto/PublisherPortSubscriberPortOpaqueD3Reverse.xml
----------------- Instantiating /home/travis/build/icyphy/ptII/ptolemy/actor/lib/test/auto/PublisherPortSubscriberPortOpaqueD3Reverse.xml
5 ms. Memory: 538624K Free: 430552K (80%)
----------------- Invoking toplevel() on ptolemy.moml.MoMLSimpleApplication@5d231a5c
----------------- Done invoking toplevel() on ptolemy.moml.MoMLSimpleApplication@5d231a5c
reloadAllAccessors: .PublisherPortSubscriberPortOpaqueD3Reverse

===========================================================================================
----------------- testing Fri Jul 12 05:54:56 UTC 2019 /home/travis/build/icyphy/ptII/ptolemy/actor/lib/test/auto/PublisherPortSubscriberPortOpaqueWidthInference.xml
----------------- Instantiating /home/travis/build/icyphy/ptII/ptolemy/actor/lib/test/auto/PublisherPortSubscriberPortOpaqueWidthInference.xml
3 ms. Memory: 538624K Free: 422874K (79%)
----------------- Invoking toplevel() on ptolemy.moml.MoMLSimpleApplication@753e336
----------------- Done invoking toplevel() on ptolemy.moml.MoMLSimpleApplication@753e336
reloadAllAccessors: .PublisherPortSubscriberPortOpaqueWidthInference

===========================================================================================
----------------- testing Fri Jul 12 05:54:56 UTC 2019 /home/travis/build/icyphy/ptII/ptolemy/actor/lib/test/auto/PublisherPortToplevelSubscriberPortAOC.xml
----------------- Instantiating /home/travis/build/icyphy/ptII/ptolemy/actor/lib/test/auto/PublisherPortToplevelSubscriberPortAOC.xml
.PublisherPortToplevelSubscriberPortAOC.TestExceptionAttribute: initialize() was not invoked, but wrapup() was.  This is unusual, but not always a problem.  For example, exporting JNLP will do this.
1 ms. Memory: 538624K Free: 417240K (77%)
----------------- Invoking toplevel() on ptolemy.moml.MoMLSimpleApplication@12466273
----------------- Done invoking toplevel() on ptolemy.moml.MoMLSimpleApplication@12466273
reloadAllAccessors: .PublisherPortToplevelSubscriberPortAOC

===========================================================================================
----------------- testing Fri Jul 12 05:54:56 UTC 2019 /home/travis/build/icyphy/ptII/ptolemy/actor/lib/test/auto/PublisherSubscriber.xml
----------------- Instantiating /home/travis/build/icyphy/ptII/ptolemy/actor/lib/test/auto/PublisherSubscriber.xml
2 ms. Memory: 538624K Free: 410042K (76%)
----------------- Invoking toplevel() on ptolemy.moml.MoMLSimpleApplication@398aed6a
----------------- Done invoking toplevel() on ptolemy.moml.MoMLSimpleApplication@398aed6a
reloadAllAccessors: .PublisherSubscriber

===========================================================================================
----------------- testing Fri Jul 12 05:54:56 UTC 2019 /home/travis/build/icyphy/ptII/ptolemy/actor/lib/test/auto/PublisherSubscriber10.xml
----------------- Instantiating /home/travis/build/icyphy/ptII/ptolemy/actor/lib/test/auto/PublisherSubscriber10.xml
6 ms. Memory: 538624K Free: 400346K (74%)
----------------- Invoking toplevel() on ptolemy.moml.MoMLSimpleApplication@5a025ac4
----------------- Done invoking toplevel() on ptolemy.moml.MoMLSimpleApplication@5a025ac4
reloadAllAccessors: .PublisherSubscriber10

===========================================================================================
----------------- testing Fri Jul 12 05:54:56 UTC 2019 /home/travis/build/icyphy/ptII/ptolemy/actor/lib/test/auto/PublisherSubscriber10InitialOutputs.xml
----------------- Instantiating /home/travis/build/icyphy/ptII/ptolemy/actor/lib/test/auto/PublisherSubscriber10InitialOutputs.xml
13 ms. Memory: 538624K Free: 391130K (73%)
----------------- Invoking toplevel() on ptolemy.moml.MoMLSimpleApplication@64f2b79d
----------------- Done invoking toplevel() on ptolemy.moml.MoMLSimpleApplication@64f2b79d
reloadAllAccessors: .PublisherSubscriber10InitialOutputs

===========================================================================================
----------------- testing Fri Jul 12 05:54:56 UTC 2019 /home/travis/build/icyphy/ptII/ptolemy/actor/lib/test/auto/PublisherSubscriber11.xml
----------------- Instantiating /home/travis/build/icyphy/ptII/ptolemy/actor/lib/test/auto/PublisherSubscriber11.xml
4 ms. Memory: 538624K Free: 384986K (71%)
----------------- Invoking toplevel() on ptolemy.moml.MoMLSimpleApplication@70faef8b
----------------- Done invoking toplevel() on ptolemy.moml.MoMLSimpleApplication@70faef8b
reloadAllAccessors: .PublisherSubscriber11

===========================================================================================
----------------- testing Fri Jul 12 05:54:56 UTC 2019 /home/travis/build/icyphy/ptII/ptolemy/actor/lib/test/auto/PublisherSubscriber12.xml
----------------- Instantiating /home/travis/build/icyphy/ptII/ptolemy/actor/lib/test/auto/PublisherSubscriber12.xml
5 ms. Memory: 538624K Free: 377818K (70%)
----------------- Invoking toplevel() on ptolemy.moml.MoMLSimpleApplication@7d7ee4f3
----------------- Done invoking toplevel() on ptolemy.moml.MoMLSimpleApplication@7d7ee4f3
reloadAllAccessors: .PublisherSubscriber12

===========================================================================================
----------------- testing Fri Jul 12 05:54:56 UTC 2019 /home/travis/build/icyphy/ptII/ptolemy/actor/lib/test/auto/PublisherSubscriber13.xml
----------------- Instantiating /home/travis/build/icyphy/ptII/ptolemy/actor/lib/test/auto/PublisherSubscriber13.xml
2 ms. Memory: 538624K Free: 372154K (69%)
----------------- Invoking toplevel() on ptolemy.moml.MoMLSimpleApplication@20668af8
----------------- Done invoking toplevel() on ptolemy.moml.MoMLSimpleApplication@20668af8
reloadAllAccessors: .PublisherSubscriber13

===========================================================================================
----------------- testing Fri Jul 12 05:54:56 UTC 2019 /home/travis/build/icyphy/ptII/ptolemy/actor/lib/test/auto/PublisherSubscriber14.xml
----------------- Instantiating /home/travis/build/icyphy/ptII/ptolemy/actor/lib/test/auto/PublisherSubscriber14.xml
2 ms. Memory: 538624K Free: 363482K (67%)
----------------- Invoking toplevel() on ptolemy.moml.MoMLSimpleApplication@92e9fdf
----------------- Done invoking toplevel() on ptolemy.moml.MoMLSimpleApplication@92e9fdf
reloadAllAccessors: .PublisherSubscriber14

===========================================================================================
----------------- testing Fri Jul 12 05:54:56 UTC 2019 /home/travis/build/icyphy/ptII/ptolemy/actor/lib/test/auto/PublisherSubscriber2.xml
----------------- Instantiating /home/travis/build/icyphy/ptII/ptolemy/actor/lib/test/auto/PublisherSubscriber2.xml
7 ms. Memory: 538624K Free: 357834K (66%)
----------------- Invoking toplevel() on ptolemy.moml.MoMLSimpleApplication@6d343518
----------------- Done invoking toplevel() on ptolemy.moml.MoMLSimpleApplication@6d343518
reloadAllAccessors: .PublisherSubscriber2

===========================================================================================
----------------- testing Fri Jul 12 05:54:56 UTC 2019 /home/travis/build/icyphy/ptII/ptolemy/actor/lib/test/auto/PublisherSubscriber3.xml
----------------- Instantiating /home/travis/build/icyphy/ptII/ptolemy/actor/lib/test/auto/PublisherSubscriber3.xml
2 ms. Memory: 538624K Free: 352218K (65%)
----------------- Invoking toplevel() on ptolemy.moml.MoMLSimpleApplication@58674415
----------------- Done invoking toplevel() on ptolemy.moml.MoMLSimpleApplication@58674415
reloadAllAccessors: .PublisherSubscriber3

===========================================================================================
----------------- testing Fri Jul 12 05:54:56 UTC 2019 /home/travis/build/icyphy/ptII/ptolemy/actor/lib/test/auto/PublisherSubscriber4.xml
----------------- Instantiating /home/travis/build/icyphy/ptII/ptolemy/actor/lib/test/auto/PublisherSubscriber4.xml
2 ms. Memory: 538624K Free: 347098K (64%)
----------------- Invoking toplevel() on ptolemy.moml.MoMLSimpleApplication@1430dc5a
----------------- Done invoking toplevel() on ptolemy.moml.MoMLSimpleApplication@1430dc5a
reloadAllAccessors: .PublisherSubscriber4

===========================================================================================
----------------- testing Fri Jul 12 05:54:56 UTC 2019 /home/travis/build/icyphy/ptII/ptolemy/actor/lib/test/auto/PublisherSubscriber5.xml
----------------- Instantiating /home/travis/build/icyphy/ptII/ptolemy/actor/lib/test/auto/PublisherSubscriber5.xml
2 ms. Memory: 538624K Free: 340434K (63%)
----------------- Invoking toplevel() on ptolemy.moml.MoMLSimpleApplication@303d3e5d
----------------- Done invoking toplevel() on ptolemy.moml.MoMLSimpleApplication@303d3e5d
reloadAllAccessors: .PublisherSubscriber5

===========================================================================================
----------------- testing Fri Jul 12 05:54:56 UTC 2019 /home/travis/build/icyphy/ptII/ptolemy/actor/lib/test/auto/PublisherSubscriber6.xml
----------------- Instantiating /home/travis/build/icyphy/ptII/ptolemy/actor/lib/test/auto/PublisherSubscriber6.xml
7 ms. Memory: 538624K Free: 333786K (62%)
----------------- Invoking toplevel() on ptolemy.moml.MoMLSimpleApplication@65f38634
----------------- Done invoking toplevel() on ptolemy.moml.MoMLSimpleApplication@65f38634
reloadAllAccessors: .PublisherSubscriber6

===========================================================================================
----------------- testing Fri Jul 12 05:54:56 UTC 2019 /home/travis/build/icyphy/ptII/ptolemy/actor/lib/test/auto/PublisherSubscriber7.xml
----------------- Instantiating /home/travis/build/icyphy/ptII/ptolemy/actor/lib/test/auto/PublisherSubscriber7.xml
8 ms. Memory: 538624K Free: 326104K (61%)
----------------- Invoking toplevel() on ptolemy.moml.MoMLSimpleApplication@25e27284
----------------- Done invoking toplevel() on ptolemy.moml.MoMLSimpleApplication@25e27284
reloadAllAccessors: .PublisherSubscriber7

===========================================================================================
----------------- testing Fri Jul 12 05:54:56 UTC 2019 /home/travis/build/icyphy/ptII/ptolemy/actor/lib/test/auto/PublisherSubscriber8.xml
----------------- Instantiating /home/travis/build/icyphy/ptII/ptolemy/actor/lib/test/auto/PublisherSubscriber8.xml
21 ms. Memory: 538624K Free: 314330K (58%)
----------------- Invoking toplevel() on ptolemy.moml.MoMLSimpleApplication@782f0147
----------------- Done invoking toplevel() on ptolemy.moml.MoMLSimpleApplication@782f0147
reloadAllAccessors: .PublisherSubscriber8

===========================================================================================
----------------- testing Fri Jul 12 05:54:56 UTC 2019 /home/travis/build/icyphy/ptII/ptolemy/actor/lib/test/auto/PublisherSubscriber9.xml
----------------- Instantiating /home/travis/build/icyphy/ptII/ptolemy/actor/lib/test/auto/PublisherSubscriber9.xml
2 ms. Memory: 538624K Free: 307162K (57%)
----------------- Invoking toplevel() on ptolemy.moml.MoMLSimpleApplication@2d581e5a
----------------- Done invoking toplevel() on ptolemy.moml.MoMLSimpleApplication@2d581e5a
reloadAllAccessors: .PublisherSubscriber9

===========================================================================================
----------------- testing Fri Jul 12 05:54:56 UTC 2019 /home/travis/build/icyphy/ptII/ptolemy/actor/lib/test/auto/PublisherSubscriberAdjacent.xml
----------------- Instantiating /home/travis/build/icyphy/ptII/ptolemy/actor/lib/test/auto/PublisherSubscriberAdjacent.xml
2 ms. Memory: 538624K Free: 298970K (56%)
----------------- Invoking toplevel() on ptolemy.moml.MoMLSimpleApplication@490071b2
----------------- Done invoking toplevel() on ptolemy.moml.MoMLSimpleApplication@490071b2
reloadAllAccessors: .PublisherSubscriberAdjacent

===========================================================================================
----------------- testing Fri Jul 12 05:54:56 UTC 2019 /home/travis/build/icyphy/ptII/ptolemy/actor/lib/test/auto/PublisherSubscriberChannelVariablesAOC2.xml
----------------- Instantiating /home/travis/build/icyphy/ptII/ptolemy/actor/lib/test/auto/PublisherSubscriberChannelVariablesAOC2.xml
3 ms. Memory: 538624K Free: 284106K (53%)
----------------- Invoking toplevel() on ptolemy.moml.MoMLSimpleApplication@68d395db
----------------- Done invoking toplevel() on ptolemy.moml.MoMLSimpleApplication@68d395db
reloadAllAccessors: .PublisherSubscriberChannelVariablesAOC2

===========================================================================================
----------------- testing Fri Jul 12 05:54:56 UTC 2019 /home/travis/build/icyphy/ptII/ptolemy/actor/lib/test/auto/PublisherSubscriberD3.xml
----------------- Instantiating /home/travis/build/icyphy/ptII/ptolemy/actor/lib/test/auto/PublisherSubscriberD3.xml
1 ms. Memory: 538624K Free: 276952K (51%)
----------------- Invoking toplevel() on ptolemy.moml.MoMLSimpleApplication@5b57506a
----------------- Done invoking toplevel() on ptolemy.moml.MoMLSimpleApplication@5b57506a
reloadAllAccessors: .PublisherSubscriberD3

===========================================================================================
----------------- testing Fri Jul 12 05:54:56 UTC 2019 /home/travis/build/icyphy/ptII/ptolemy/actor/lib/test/auto/PublisherSubscriberD3Reverse.xml
----------------- Instantiating /home/travis/build/icyphy/ptII/ptolemy/actor/lib/test/auto/PublisherSubscriberD3Reverse.xml
1 ms. Memory: 538624K Free: 270808K (50%)
----------------- Invoking toplevel() on ptolemy.moml.MoMLSimpleApplication@5b446d1e
----------------- Done invoking toplevel() on ptolemy.moml.MoMLSimpleApplication@5b446d1e
reloadAllAccessors: .PublisherSubscriberD3Reverse

===========================================================================================
----------------- testing Fri Jul 12 05:54:56 UTC 2019 /home/travis/build/icyphy/ptII/ptolemy/actor/lib/test/auto/PublisherSubscriberExpression.xml
----------------- Instantiating /home/travis/build/icyphy/ptII/ptolemy/actor/lib/test/auto/PublisherSubscriberExpression.xml
4 ms. Memory: 538624K Free: 262602K (49%)
----------------- Invoking toplevel() on ptolemy.moml.MoMLSimpleApplication@19336d7f
----------------- Done invoking toplevel() on ptolemy.moml.MoMLSimpleApplication@19336d7f
reloadAllAccessors: .PublisherSubscriberExpression

===========================================================================================
----------------- testing Fri Jul 12 05:54:56 UTC 2019 /home/travis/build/icyphy/ptII/ptolemy/actor/lib/test/auto/PublisherSubscriberOpaque.xml
----------------- Instantiating /home/travis/build/icyphy/ptII/ptolemy/actor/lib/test/auto/PublisherSubscriberOpaque.xml
4 ms. Memory: 538624K Free: 254410K (47%)
----------------- Invoking toplevel() on ptolemy.moml.MoMLSimpleApplication@731cf89
----------------- Done invoking toplevel() on ptolemy.moml.MoMLSimpleApplication@731cf89
reloadAllAccessors: .PublisherSubscriberOpaque

===========================================================================================
----------------- testing Fri Jul 12 05:54:56 UTC 2019 /home/travis/build/icyphy/ptII/ptolemy/actor/lib/test/auto/PublisherSubscriberOpaqueD3.xml
----------------- Instantiating /home/travis/build/icyphy/ptII/ptolemy/actor/lib/test/auto/PublisherSubscriberOpaqueD3.xml
8 ms. Memory: 538624K Free: 243160K (45%)
----------------- Invoking toplevel() on ptolemy.moml.MoMLSimpleApplication@7cb16eac
----------------- Done invoking toplevel() on ptolemy.moml.MoMLSimpleApplication@7cb16eac
reloadAllAccessors: .PublisherSubscriberOpaqueD3

===========================================================================================
----------------- testing Fri Jul 12 05:54:56 UTC 2019 /home/travis/build/icyphy/ptII/ptolemy/actor/lib/test/auto/PublisherSubscriberOpaqueD3Reverse.xml
----------------- Instantiating /home/travis/build/icyphy/ptII/ptolemy/actor/lib/test/auto/PublisherSubscriberOpaqueD3Reverse.xml
8 ms. Memory: 538624K Free: 232410K (43%)
----------------- Invoking toplevel() on ptolemy.moml.MoMLSimpleApplication@6fbcdb57
----------------- Done invoking toplevel() on ptolemy.moml.MoMLSimpleApplication@6fbcdb57
reloadAllAccessors: .PublisherSubscriberOpaqueD3Reverse

===========================================================================================
----------------- testing Fri Jul 12 05:54:56 UTC 2019 /home/travis/build/icyphy/ptII/ptolemy/actor/lib/test/auto/PublisherSubscriberOpaqueWidthInference.xml
----------------- Instantiating /home/travis/build/icyphy/ptII/ptolemy/actor/lib/test/auto/PublisherSubscriberOpaqueWidthInference.xml
4 ms. Memory: 538624K Free: 224218K (42%)
----------------- Invoking toplevel() on ptolemy.moml.MoMLSimpleApplication@55bc31e
----------------- Done invoking toplevel() on ptolemy.moml.MoMLSimpleApplication@55bc31e
reloadAllAccessors: .PublisherSubscriberOpaqueWidthInference

===========================================================================================
----------------- testing Fri Jul 12 05:54:56 UTC 2019 /home/travis/build/icyphy/ptII/ptolemy/actor/lib/test/auto/PublisherTestSubscriber.xml
----------------- Instantiating /home/travis/build/icyphy/ptII/ptolemy/actor/lib/test/auto/PublisherTestSubscriber.xml
5 ms. Memory: 538624K Free: 216026K (40%)
----------------- Invoking toplevel() on ptolemy.moml.MoMLSimpleApplication@76d49b29
----------------- Done invoking toplevel() on ptolemy.moml.MoMLSimpleApplication@76d49b29
reloadAllAccessors: .PublisherTestSubscriber

===========================================================================================
----------------- testing Fri Jul 12 05:54:56 UTC 2019 /home/travis/build/icyphy/ptII/ptolemy/actor/lib/test/auto/PublisherToplevelSubscriberPortAOC.xml
----------------- Instantiating /home/travis/build/icyphy/ptII/ptolemy/actor/lib/test/auto/PublisherToplevelSubscriberPortAOC.xml
1 ms. Memory: 538624K Free: 209338K (39%)
----------------- Invoking toplevel() on ptolemy.moml.MoMLSimpleApplication@23e317fc
----------------- Done invoking toplevel() on ptolemy.moml.MoMLSimpleApplication@23e317fc
reloadAllAccessors: .PublisherToplevelSubscriberPortAOC

===========================================================================================
----------------- testing Fri Jul 12 05:54:56 UTC 2019 /home/travis/build/icyphy/ptII/ptolemy/actor/lib/test/auto/PulseFiringLimitDE.xml
----------------- Instantiating /home/travis/build/icyphy/ptII/ptolemy/actor/lib/test/auto/PulseFiringLimitDE.xml
2 ms. Memory: 538624K Free: 203224K (38%)
----------------- Invoking toplevel() on ptolemy.moml.MoMLSimpleApplication@b011e4b
----------------- Done invoking toplevel() on ptolemy.moml.MoMLSimpleApplication@b011e4b
reloadAllAccessors: .PulseFiringLimitDE

===========================================================================================
----------------- testing Fri Jul 12 05:54:56 UTC 2019 /home/travis/build/icyphy/ptII/ptolemy/actor/lib/test/auto/Ramp1.xml
----------------- Instantiating /home/travis/build/icyphy/ptII/ptolemy/actor/lib/test/auto/Ramp1.xml
1 ms. Memory: 538624K Free: 199114K (37%)
----------------- Invoking toplevel() on ptolemy.moml.MoMLSimpleApplication@97cdad4
----------------- Done invoking toplevel() on ptolemy.moml.MoMLSimpleApplication@97cdad4
reloadAllAccessors: .Ramp1

===========================================================================================
----------------- testing Fri Jul 12 05:54:56 UTC 2019 /home/travis/build/icyphy/ptII/ptolemy/actor/lib/test/auto/RampFiringLimitDE.xml
----------------- Instantiating /home/travis/build/icyphy/ptII/ptolemy/actor/lib/test/auto/RampFiringLimitDE.xml
3 ms. Memory: 538624K Free: 192970K (36%)
----------------- Invoking toplevel() on ptolemy.moml.MoMLSimpleApplication@42e6a492
----------------- Done invoking toplevel() on ptolemy.moml.MoMLSimpleApplication@42e6a492
reloadAllAccessors: .RampFiringLimitDE

===========================================================================================
----------------- testing Fri Jul 12 05:54:56 UTC 2019 /home/travis/build/icyphy/ptII/ptolemy/actor/lib/test/auto/RampFiringLimitSDF.xml
----------------- Instantiating /home/travis/build/icyphy/ptII/ptolemy/actor/lib/test/auto/RampFiringLimitSDF.xml
2 ms. Memory: 538624K Free: 187858K (35%)
----------------- Invoking toplevel() on ptolemy.moml.MoMLSimpleApplication@654654bd
----------------- Done invoking toplevel() on ptolemy.moml.MoMLSimpleApplication@654654bd
reloadAllAccessors: .RampFiringLimitSDF

===========================================================================================
----------------- testing Fri Jul 12 05:54:56 UTC 2019 /home/travis/build/icyphy/ptII/ptolemy/actor/lib/test/auto/RandomInteger.xml
----------------- Instantiating /home/travis/build/icyphy/ptII/ptolemy/actor/lib/test/auto/RandomInteger.xml
2 ms. Memory: 538624K Free: 183768K (34%)
----------------- Invoking toplevel() on ptolemy.moml.MoMLSimpleApplication@6b047c76
----------------- Done invoking toplevel() on ptolemy.moml.MoMLSimpleApplication@6b047c76
reloadAllAccessors: .RandomInteger

===========================================================================================
----------------- testing Fri Jul 12 05:54:56 UTC 2019 /home/travis/build/icyphy/ptII/ptolemy/actor/lib/test/auto/ReadFile1.xml
----------------- Instantiating /home/travis/build/icyphy/ptII/ptolemy/actor/lib/test/auto/ReadFile1.xml
1 ms. Memory: 538624K Free: 179162K (33%)
----------------- Invoking toplevel() on ptolemy.moml.MoMLSimpleApplication@2671d21e
----------------- Done invoking toplevel() on ptolemy.moml.MoMLSimpleApplication@2671d21e
reloadAllAccessors: .ReadFile1

===========================================================================================
----------------- testing Fri Jul 12 05:54:56 UTC 2019 /home/travis/build/icyphy/ptII/ptolemy/actor/lib/test/auto/ReadFile2.xml
----------------- Instantiating /home/travis/build/icyphy/ptII/ptolemy/actor/lib/test/auto/ReadFile2.xml
1 ms. Memory: 538624K Free: 174552K (32%)
----------------- Invoking toplevel() on ptolemy.moml.MoMLSimpleApplication@3151262a
----------------- Done invoking toplevel() on ptolemy.moml.MoMLSimpleApplication@3151262a
reloadAllAccessors: .ReadFile2

===========================================================================================
----------------- testing Fri Jul 12 05:54:56 UTC 2019 /home/travis/build/icyphy/ptII/ptolemy/actor/lib/test/auto/Reader.xml
----------------- Instantiating /home/travis/build/icyphy/ptII/ptolemy/actor/lib/test/auto/Reader.xml
actor.lib.Reader is obsolete, use actor.lib.io.ExpressionReader instead
4 ms. Memory: 538624K Free: 488838K (91%)
----------------- Invoking toplevel() on ptolemy.moml.MoMLSimpleApplication@45bc4a7f
----------------- Done invoking toplevel() on ptolemy.moml.MoMLSimpleApplication@45bc4a7f
reloadAllAccessors: .Reader

===========================================================================================
----------------- testing Fri Jul 12 05:54:56 UTC 2019 /home/travis/build/icyphy/ptII/ptolemy/actor/lib/test/auto/RecordAssemblerDisplayNameTest.xml
----------------- Instantiating /home/travis/build/icyphy/ptII/ptolemy/actor/lib/test/auto/RecordAssemblerDisplayNameTest.xml
3596 ms. Memory: 538624K Free: 254117K (47%)
----------------- Invoking toplevel() on ptolemy.moml.MoMLSimpleApplication@13b8fda
----------------- Done invoking toplevel() on ptolemy.moml.MoMLSimpleApplication@13b8fda
reloadAllAccessors: .RecordAssemblerDisplayNameTest

===========================================================================================
----------------- testing Fri Jul 12 05:55:00 UTC 2019 /home/travis/build/icyphy/ptII/ptolemy/actor/lib/test/auto/RecordAssemblerTypeError.xml
----------------- Instantiating /home/travis/build/icyphy/ptII/ptolemy/actor/lib/test/auto/RecordAssemblerTypeError.xml
14 ms. Memory: 538624K Free: 244387K (45%)
----------------- Invoking toplevel() on ptolemy.moml.MoMLSimpleApplication@393120c4
----------------- Done invoking toplevel() on ptolemy.moml.MoMLSimpleApplication@393120c4
reloadAllAccessors: .RecordAssemblerTypeError

===========================================================================================
----------------- testing Fri Jul 12 05:55:00 UTC 2019 /home/travis/build/icyphy/ptII/ptolemy/actor/lib/test/auto/RecordDisassember.xml
----------------- Instantiating /home/travis/build/icyphy/ptII/ptolemy/actor/lib/test/auto/RecordDisassember.xml
4 ms. Memory: 538624K Free: 239781K (45%)
----------------- Invoking toplevel() on ptolemy.moml.MoMLSimpleApplication@3fd5053a
----------------- Done invoking toplevel() on ptolemy.moml.MoMLSimpleApplication@3fd5053a
reloadAllAccessors: .RecordDisassember

===========================================================================================
----------------- testing Fri Jul 12 05:55:00 UTC 2019 /home/travis/build/icyphy/ptII/ptolemy/actor/lib/test/auto/RecordDisassemberDisplayNameTest.xml
----------------- Instantiating /home/travis/build/icyphy/ptII/ptolemy/actor/lib/test/auto/RecordDisassemberDisplayNameTest.xml
5 ms. Memory: 538624K Free: 232099K (43%)
----------------- Invoking toplevel() on ptolemy.moml.MoMLSimpleApplication@2f8a3a9e
----------------- Done invoking toplevel() on ptolemy.moml.MoMLSimpleApplication@2f8a3a9e
reloadAllAccessors: .RecordDisassemberDisplayNameTest

===========================================================================================
----------------- testing Fri Jul 12 05:55:00 UTC 2019 /home/travis/build/icyphy/ptII/ptolemy/actor/lib/test/auto/RecordDisassembler.xml
----------------- Instantiating /home/travis/build/icyphy/ptII/ptolemy/actor/lib/test/auto/RecordDisassembler.xml
2 ms. Memory: 538624K Free: 226469K (42%)
----------------- Invoking toplevel() on ptolemy.moml.MoMLSimpleApplication@3d108213
----------------- Done invoking toplevel() on ptolemy.moml.MoMLSimpleApplication@3d108213
reloadAllAccessors: .RecordDisassembler

===========================================================================================
----------------- testing Fri Jul 12 05:55:00 UTC 2019 /home/travis/build/icyphy/ptII/ptolemy/actor/lib/test/auto/RecordDisassembler2.xml
----------------- Instantiating /home/travis/build/icyphy/ptII/ptolemy/actor/lib/test/auto/RecordDisassembler2.xml
2 ms. Memory: 538624K Free: 221349K (41%)
----------------- Invoking toplevel() on ptolemy.moml.MoMLSimpleApplication@119a9258
----------------- Done invoking toplevel() on ptolemy.moml.MoMLSimpleApplication@119a9258
reloadAllAccessors: .RecordDisassembler2

===========================================================================================
----------------- testing Fri Jul 12 05:55:00 UTC 2019 /home/travis/build/icyphy/ptII/ptolemy/actor/lib/test/auto/RecordUpdater.xml
----------------- Instantiating /home/travis/build/icyphy/ptII/ptolemy/actor/lib/test/auto/RecordUpdater.xml
3 ms. Memory: 538624K Free: 216739K (40%)
----------------- Invoking toplevel() on ptolemy.moml.MoMLSimpleApplication@6f5e3b3a
----------------- Done invoking toplevel() on ptolemy.moml.MoMLSimpleApplication@6f5e3b3a
reloadAllAccessors: .RecordUpdater

===========================================================================================
----------------- testing Fri Jul 12 05:55:00 UTC 2019 /home/travis/build/icyphy/ptII/ptolemy/actor/lib/test/auto/RecordUpdater2.xml
----------------- Instantiating /home/travis/build/icyphy/ptII/ptolemy/actor/lib/test/auto/RecordUpdater2.xml
2 ms. Memory: 538624K Free: 211619K (39%)
----------------- Invoking toplevel() on ptolemy.moml.MoMLSimpleApplication@16d0d04e
----------------- Done invoking toplevel() on ptolemy.moml.MoMLSimpleApplication@16d0d04e
reloadAllAccessors: .RecordUpdater2

===========================================================================================
----------------- testing Fri Jul 12 05:55:00 UTC 2019 /home/travis/build/icyphy/ptII/ptolemy/actor/lib/test/auto/RecursiveLattice.xml
----------------- Instantiating /home/travis/build/icyphy/ptII/ptolemy/actor/lib/test/auto/RecursiveLattice.xml
1 ms. Memory: 538624K Free: 207509K (39%)
----------------- Invoking toplevel() on ptolemy.moml.MoMLSimpleApplication@56e1511b
----------------- Done invoking toplevel() on ptolemy.moml.MoMLSimpleApplication@56e1511b
reloadAllAccessors: .RecursiveLattice

===========================================================================================
----------------- testing Fri Jul 12 05:55:00 UTC 2019 /home/travis/build/icyphy/ptII/ptolemy/actor/lib/test/auto/Router.xml
----------------- Instantiating /home/travis/build/icyphy/ptII/ptolemy/actor/lib/test/auto/Router.xml
3004 ms. Memory: 538624K Free: 197283K (37%)
----------------- Invoking toplevel() on ptolemy.moml.MoMLSimpleApplication@7c659cbb
----------------- Done invoking toplevel() on ptolemy.moml.MoMLSimpleApplication@7c659cbb
reloadAllAccessors: .Router

===========================================================================================
----------------- testing Fri Jul 12 05:55:03 UTC 2019 /home/travis/build/icyphy/ptII/ptolemy/actor/lib/test/auto/Router2.xml
----------------- Instantiating /home/travis/build/icyphy/ptII/ptolemy/actor/lib/test/auto/Router2.xml
3004 ms. Memory: 538624K Free: 187557K (35%)
----------------- Invoking toplevel() on ptolemy.moml.MoMLSimpleApplication@77e7779
----------------- Done invoking toplevel() on ptolemy.moml.MoMLSimpleApplication@77e7779
reloadAllAccessors: .Router2

===========================================================================================
----------------- testing Fri Jul 12 05:55:06 UTC 2019 /home/travis/build/icyphy/ptII/ptolemy/actor/lib/test/auto/RunningMaximum.xml
----------------- Instantiating /home/travis/build/icyphy/ptII/ptolemy/actor/lib/test/auto/RunningMaximum.xml
3 ms. Memory: 538624K Free: 182437K (34%)
----------------- Invoking toplevel() on ptolemy.moml.MoMLSimpleApplication@62dd6751
----------------- Done invoking toplevel() on ptolemy.moml.MoMLSimpleApplication@62dd6751
reloadAllAccessors: .RunningMaximum

===========================================================================================
----------------- testing Fri Jul 12 05:55:06 UTC 2019 /home/travis/build/icyphy/ptII/ptolemy/actor/lib/test/auto/RunningMinimum.xml
----------------- Instantiating /home/travis/build/icyphy/ptII/ptolemy/actor/lib/test/auto/RunningMinimum.xml
8 ms. Memory: 538624K Free: 177827K (33%)
----------------- Invoking toplevel() on ptolemy.moml.MoMLSimpleApplication@21bd6aed
----------------- Done invoking toplevel() on ptolemy.moml.MoMLSimpleApplication@21bd6aed
reloadAllAccessors: .RunningMinimum

===========================================================================================
----------------- testing Fri Jul 12 05:55:06 UTC 2019 /home/travis/build/icyphy/ptII/ptolemy/actor/lib/test/auto/Scale.xml
----------------- Instantiating /home/travis/build/icyphy/ptII/ptolemy/actor/lib/test/auto/Scale.xml
1 ms. Memory: 538624K Free: 173221K (32%)
----------------- Invoking toplevel() on ptolemy.moml.MoMLSimpleApplication@587d6d2c
----------------- Done invoking toplevel() on ptolemy.moml.MoMLSimpleApplication@587d6d2c
reloadAllAccessors: .Scale

===========================================================================================
----------------- testing Fri Jul 12 05:55:06 UTC 2019 /home/travis/build/icyphy/ptII/ptolemy/actor/lib/test/auto/Scale2.xml
----------------- Instantiating /home/travis/build/icyphy/ptII/ptolemy/actor/lib/test/auto/Scale2.xml
1 ms. Memory: 538624K Free: 487073K (90%)
----------------- Invoking toplevel() on ptolemy.moml.MoMLSimpleApplication@7828836d
----------------- Done invoking toplevel() on ptolemy.moml.MoMLSimpleApplication@7828836d
reloadAllAccessors: .Scale2

===========================================================================================
----------------- testing Fri Jul 12 05:55:06 UTC 2019 /home/travis/build/icyphy/ptII/ptolemy/actor/lib/test/auto/Scale3.xml
----------------- Instantiating /home/travis/build/icyphy/ptII/ptolemy/actor/lib/test/auto/Scale3.xml
3 ms. Memory: 538624K Free: 480419K (89%)
----------------- Invoking toplevel() on ptolemy.moml.MoMLSimpleApplication@7e4cb963
----------------- Done invoking toplevel() on ptolemy.moml.MoMLSimpleApplication@7e4cb963
reloadAllAccessors: .Scale3

===========================================================================================
----------------- testing Fri Jul 12 05:55:06 UTC 2019 /home/travis/build/icyphy/ptII/ptolemy/actor/lib/test/auto/ScaleArray.xml
----------------- Instantiating /home/travis/build/icyphy/ptII/ptolemy/actor/lib/test/auto/ScaleArray.xml
2 ms. Memory: 538624K Free: 475809K (88%)
----------------- Invoking toplevel() on ptolemy.moml.MoMLSimpleApplication@11dbf69a
----------------- Done invoking toplevel() on ptolemy.moml.MoMLSimpleApplication@11dbf69a
reloadAllAccessors: .ScaleArray

===========================================================================================
----------------- testing Fri Jul 12 05:55:06 UTC 2019 /home/travis/build/icyphy/ptII/ptolemy/actor/lib/test/auto/ScaleArray2.xml
----------------- Instantiating /home/travis/build/icyphy/ptII/ptolemy/actor/lib/test/auto/ScaleArray2.xml
1 ms. Memory: 538624K Free: 471203K (87%)
----------------- Invoking toplevel() on ptolemy.moml.MoMLSimpleApplication@2b3ac196
----------------- Done invoking toplevel() on ptolemy.moml.MoMLSimpleApplication@2b3ac196
reloadAllAccessors: .ScaleArray2

===========================================================================================
----------------- testing Fri Jul 12 05:55:06 UTC 2019 /home/travis/build/icyphy/ptII/ptolemy/actor/lib/test/auto/ScaleMatrix.xml
----------------- Instantiating /home/travis/build/icyphy/ptII/ptolemy/actor/lib/test/auto/ScaleMatrix.xml
173 ms. Memory: 538624K Free: 456353K (85%)
----------------- Invoking toplevel() on ptolemy.moml.MoMLSimpleApplication@28b6d71a
----------------- Done invoking toplevel() on ptolemy.moml.MoMLSimpleApplication@28b6d71a
reloadAllAccessors: .ScaleMatrix

===========================================================================================
----------------- testing Fri Jul 12 05:55:06 UTC 2019 /home/travis/build/icyphy/ptII/ptolemy/actor/lib/test/auto/Select.xml
----------------- Instantiating /home/travis/build/icyphy/ptII/ptolemy/actor/lib/test/auto/Select.xml
2 ms. Memory: 538624K Free: 450203K (84%)
----------------- Invoking toplevel() on ptolemy.moml.MoMLSimpleApplication@3e4f7f9
----------------- Done invoking toplevel() on ptolemy.moml.MoMLSimpleApplication@3e4f7f9
reloadAllAccessors: .Select

===========================================================================================
----------------- testing Fri Jul 12 05:55:06 UTC 2019 /home/travis/build/icyphy/ptII/ptolemy/actor/lib/test/auto/Select2.xml
----------------- Instantiating /home/travis/build/icyphy/ptII/ptolemy/actor/lib/test/auto/Select2.xml
1 ms. Memory: 538624K Free: 445603K (83%)
----------------- Invoking toplevel() on ptolemy.moml.MoMLSimpleApplication@d5285e6
----------------- Done invoking toplevel() on ptolemy.moml.MoMLSimpleApplication@d5285e6
reloadAllAccessors: .Select2

===========================================================================================
----------------- testing Fri Jul 12 05:55:06 UTC 2019 /home/travis/build/icyphy/ptII/ptolemy/actor/lib/test/auto/SequenceToArray2.xml
----------------- Instantiating /home/travis/build/icyphy/ptII/ptolemy/actor/lib/test/auto/SequenceToArray2.xml
90 ms. Memory: 538624K Free: 422051K (78%)
----------------- Invoking toplevel() on ptolemy.moml.MoMLSimpleApplication@6d525f5b
----------------- Done invoking toplevel() on ptolemy.moml.MoMLSimpleApplication@6d525f5b
reloadAllAccessors: .SequenceToArray2

===========================================================================================
----------------- testing Fri Jul 12 05:55:07 UTC 2019 /home/travis/build/icyphy/ptII/ptolemy/actor/lib/test/auto/SequentialClock.xml
----------------- Instantiating /home/travis/build/icyphy/ptII/ptolemy/actor/lib/test/auto/SequentialClock.xml
1 ms. Memory: 538624K Free: 417955K (78%)
----------------- Invoking toplevel() on ptolemy.moml.MoMLSimpleApplication@2f57fe3
----------------- Done invoking toplevel() on ptolemy.moml.MoMLSimpleApplication@2f57fe3
reloadAllAccessors: .SequentialClock

===========================================================================================
----------------- testing Fri Jul 12 05:55:07 UTC 2019 /home/travis/build/icyphy/ptII/ptolemy/actor/lib/test/auto/SetVariable.xml
----------------- Instantiating /home/travis/build/icyphy/ptII/ptolemy/actor/lib/test/auto/SetVariable.xml
3 ms. Memory: 538624K Free: 412835K (77%)
----------------- Invoking toplevel() on ptolemy.moml.MoMLSimpleApplication@105b2546
----------------- Done invoking toplevel() on ptolemy.moml.MoMLSimpleApplication@105b2546
reloadAllAccessors: .SetVariable

===========================================================================================
----------------- testing Fri Jul 12 05:55:07 UTC 2019 /home/travis/build/icyphy/ptII/ptolemy/actor/lib/test/auto/SetVariable2.xml
----------------- Instantiating /home/travis/build/icyphy/ptII/ptolemy/actor/lib/test/auto/SetVariable2.xml
9 ms. Memory: 538624K Free: 407715K (76%)
----------------- Invoking toplevel() on ptolemy.moml.MoMLSimpleApplication@7c6258e1
----------------- Done invoking toplevel() on ptolemy.moml.MoMLSimpleApplication@7c6258e1
reloadAllAccessors: .SetVariable2

===========================================================================================
----------------- testing Fri Jul 12 05:55:07 UTC 2019 /home/travis/build/icyphy/ptII/ptolemy/actor/lib/test/auto/SetVariable3.xml
----------------- Instantiating /home/travis/build/icyphy/ptII/ptolemy/actor/lib/test/auto/SetVariable3.xml
7 ms. Memory: 538624K Free: 402595K (75%)
----------------- Invoking toplevel() on ptolemy.moml.MoMLSimpleApplication@3e7ee076
----------------- Done invoking toplevel() on ptolemy.moml.MoMLSimpleApplication@3e7ee076
reloadAllAccessors: .SetVariable3

===========================================================================================
----------------- testing Fri Jul 12 05:55:07 UTC 2019 /home/travis/build/icyphy/ptII/ptolemy/actor/lib/test/auto/SetVariable4.xml
----------------- Instantiating /home/travis/build/icyphy/ptII/ptolemy/actor/lib/test/auto/SetVariable4.xml
13 ms. Memory: 538624K Free: 393379K (73%)
----------------- Invoking toplevel() on ptolemy.moml.MoMLSimpleApplication@4353baf8
----------------- Done invoking toplevel() on ptolemy.moml.MoMLSimpleApplication@4353baf8
reloadAllAccessors: .SetVariable4

===========================================================================================
----------------- testing Fri Jul 12 05:55:07 UTC 2019 /home/travis/build/icyphy/ptII/ptolemy/actor/lib/test/auto/SetVariable5.xml
----------------- Instantiating /home/travis/build/icyphy/ptII/ptolemy/actor/lib/test/auto/SetVariable5.xml
17 ms. Memory: 538624K Free: 384163K (71%)
----------------- Invoking toplevel() on ptolemy.moml.MoMLSimpleApplication@6c13bddd
----------------- Done invoking toplevel() on ptolemy.moml.MoMLSimpleApplication@6c13bddd
reloadAllAccessors: .SetVariable5

===========================================================================================
----------------- testing Fri Jul 12 05:55:07 UTC 2019 /home/travis/build/icyphy/ptII/ptolemy/actor/lib/test/auto/Sinewave.xml
----------------- Instantiating /home/travis/build/icyphy/ptII/ptolemy/actor/lib/test/auto/Sinewave.xml
4 ms. Memory: 538624K Free: 373923K (69%)
----------------- Invoking toplevel() on ptolemy.moml.MoMLSimpleApplication@4b40f99d
----------------- Done invoking toplevel() on ptolemy.moml.MoMLSimpleApplication@4b40f99d
reloadAllAccessors: .Sinewave

===========================================================================================
----------------- testing Fri Jul 12 05:55:07 UTC 2019 /home/travis/build/icyphy/ptII/ptolemy/actor/lib/test/auto/Sinewave2.xml
----------------- Instantiating /home/travis/build/icyphy/ptII/ptolemy/actor/lib/test/auto/Sinewave2.xml
7 ms. Memory: 538624K Free: 365217K (68%)
----------------- Invoking toplevel() on ptolemy.moml.MoMLSimpleApplication@1b2376e
----------------- Done invoking toplevel() on ptolemy.moml.MoMLSimpleApplication@1b2376e
reloadAllAccessors: .Sinewave2

===========================================================================================
----------------- testing Fri Jul 12 05:55:07 UTC 2019 /home/travis/build/icyphy/ptII/ptolemy/actor/lib/test/auto/Sinewave3.xml
----------------- Instantiating /home/travis/build/icyphy/ptII/ptolemy/actor/lib/test/auto/Sinewave3.xml
10 ms. Memory: 538624K Free: 357011K (66%)
----------------- Invoking toplevel() on ptolemy.moml.MoMLSimpleApplication@49640e9e
----------------- Done invoking toplevel() on ptolemy.moml.MoMLSimpleApplication@49640e9e
reloadAllAccessors: .Sinewave3

===========================================================================================
----------------- testing Fri Jul 12 05:55:07 UTC 2019 /home/travis/build/icyphy/ptII/ptolemy/actor/lib/test/auto/SingleEvent.xml
----------------- Instantiating /home/travis/build/icyphy/ptII/ptolemy/actor/lib/test/auto/SingleEvent.xml
1 ms. Memory: 538624K Free: 352929K (66%)
----------------- Invoking toplevel() on ptolemy.moml.MoMLSimpleApplication@7d06a108
----------------- Done invoking toplevel() on ptolemy.moml.MoMLSimpleApplication@7d06a108
reloadAllAccessors: .SingleEvent

===========================================================================================
----------------- testing Fri Jul 12 05:55:07 UTC 2019 /home/travis/build/icyphy/ptII/ptolemy/actor/lib/test/auto/Sleep.xml
----------------- Instantiating /home/travis/build/icyphy/ptII/ptolemy/actor/lib/test/auto/Sleep.xml
6003 ms. Memory: 538624K Free: 347795K (65%)
----------------- Invoking toplevel() on ptolemy.moml.MoMLSimpleApplication@63c049a2
----------------- Done invoking toplevel() on ptolemy.moml.MoMLSimpleApplication@63c049a2
reloadAllAccessors: .Sleep

===========================================================================================
----------------- testing Fri Jul 12 05:55:13 UTC 2019 /home/travis/build/icyphy/ptII/ptolemy/actor/lib/test/auto/SleepMultipleFire.xml
----------------- Instantiating /home/travis/build/icyphy/ptII/ptolemy/actor/lib/test/auto/SleepMultipleFire.xml
1005 ms. Memory: 538624K Free: 341665K (63%)
----------------- Invoking toplevel() on ptolemy.moml.MoMLSimpleApplication@41c1e941
----------------- Done invoking toplevel() on ptolemy.moml.MoMLSimpleApplication@41c1e941
reloadAllAccessors: .SleepMultipleFire

===========================================================================================
----------------- testing Fri Jul 12 05:55:14 UTC 2019 /home/travis/build/icyphy/ptII/ptolemy/actor/lib/test/auto/StopDE.xml
----------------- Instantiating /home/travis/build/icyphy/ptII/ptolemy/actor/lib/test/auto/StopDE.xml
4 ms. Memory: 538624K Free: 336035K (62%)
----------------- Invoking toplevel() on ptolemy.moml.MoMLSimpleApplication@3cb28978
----------------- Done invoking toplevel() on ptolemy.moml.MoMLSimpleApplication@3cb28978
reloadAllAccessors: .StopDE

===========================================================================================
----------------- testing Fri Jul 12 05:55:14 UTC 2019 /home/travis/build/icyphy/ptII/ptolemy/actor/lib/test/auto/StopSDF.xml
----------------- Instantiating /home/travis/build/icyphy/ptII/ptolemy/actor/lib/test/auto/StopSDF.xml
3 ms. Memory: 538624K Free: 330915K (61%)
----------------- Invoking toplevel() on ptolemy.moml.MoMLSimpleApplication@4630964a
----------------- Done invoking toplevel() on ptolemy.moml.MoMLSimpleApplication@4630964a
reloadAllAccessors: .StopSDF

===========================================================================================
----------------- testing Fri Jul 12 05:55:14 UTC 2019 /home/travis/build/icyphy/ptII/ptolemy/actor/lib/test/auto/StringConstant.xml
----------------- Instantiating /home/travis/build/icyphy/ptII/ptolemy/actor/lib/test/auto/StringConstant.xml
9 ms. Memory: 538624K Free: 326819K (61%)
----------------- Invoking toplevel() on ptolemy.moml.MoMLSimpleApplication@4ab4c2b6
----------------- Done invoking toplevel() on ptolemy.moml.MoMLSimpleApplication@4ab4c2b6
reloadAllAccessors: .StringConstant

===========================================================================================
----------------- testing Fri Jul 12 05:55:14 UTC 2019 /home/travis/build/icyphy/ptII/ptolemy/actor/lib/test/auto/SubscriberPortInitialValues1.xml
----------------- Instantiating /home/travis/build/icyphy/ptII/ptolemy/actor/lib/test/auto/SubscriberPortInitialValues1.xml
7 ms. Memory: 538624K Free: 318113K (59%)
----------------- Invoking toplevel() on ptolemy.moml.MoMLSimpleApplication@4a8c6c08
----------------- Done invoking toplevel() on ptolemy.moml.MoMLSimpleApplication@4a8c6c08
reloadAllAccessors: .SubscriberPortInitialValues1

===========================================================================================
----------------- testing Fri Jul 12 05:55:14 UTC 2019 /home/travis/build/icyphy/ptII/ptolemy/actor/lib/test/auto/SubscriberPortInitialValues13.xml
----------------- Instantiating /home/travis/build/icyphy/ptII/ptolemy/actor/lib/test/auto/SubscriberPortInitialValues13.xml
7 ms. Memory: 538624K Free: 305315K (57%)
----------------- Invoking toplevel() on ptolemy.moml.MoMLSimpleApplication@37a67d07
----------------- Done invoking toplevel() on ptolemy.moml.MoMLSimpleApplication@37a67d07
reloadAllAccessors: .SubscriberPortInitialValues13

===========================================================================================
----------------- testing Fri Jul 12 05:55:14 UTC 2019 /home/travis/build/icyphy/ptII/ptolemy/actor/lib/test/auto/SubscriberPortInitialValues14.xml
----------------- Instantiating /home/travis/build/icyphy/ptII/ptolemy/actor/lib/test/auto/SubscriberPortInitialValues14.xml
4 ms. Memory: 538624K Free: 297633K (55%)
----------------- Invoking toplevel() on ptolemy.moml.MoMLSimpleApplication@4bf94893
----------------- Done invoking toplevel() on ptolemy.moml.MoMLSimpleApplication@4bf94893
reloadAllAccessors: .SubscriberPortInitialValues14

===========================================================================================
----------------- testing Fri Jul 12 05:55:14 UTC 2019 /home/travis/build/icyphy/ptII/ptolemy/actor/lib/test/auto/SubscriberPortInitialValues2.xml
----------------- Instantiating /home/travis/build/icyphy/ptII/ptolemy/actor/lib/test/auto/SubscriberPortInitialValues2.xml
4 ms. Memory: 538624K Free: 289955K (54%)
----------------- Invoking toplevel() on ptolemy.moml.MoMLSimpleApplication@4583ba6f
----------------- Done invoking toplevel() on ptolemy.moml.MoMLSimpleApplication@4583ba6f
reloadAllAccessors: .SubscriberPortInitialValues2

===========================================================================================
----------------- testing Fri Jul 12 05:55:14 UTC 2019 /home/travis/build/icyphy/ptII/ptolemy/actor/lib/test/auto/SubscriberPortInitialValues3.xml
----------------- Instantiating /home/travis/build/icyphy/ptII/ptolemy/actor/lib/test/auto/SubscriberPortInitialValues3.xml
4 ms. Memory: 538624K Free: 279201K (52%)
----------------- Invoking toplevel() on ptolemy.moml.MoMLSimpleApplication@26d35ac
----------------- Done invoking toplevel() on ptolemy.moml.MoMLSimpleApplication@26d35ac
reloadAllAccessors: .SubscriberPortInitialValues3

===========================================================================================
----------------- testing Fri Jul 12 05:55:14 UTC 2019 /home/travis/build/icyphy/ptII/ptolemy/actor/lib/test/auto/SubscriptionAggregator.xml
----------------- Instantiating /home/travis/build/icyphy/ptII/ptolemy/actor/lib/test/auto/SubscriptionAggregator.xml
2 ms. Memory: 538624K Free: 272027K (51%)
----------------- Invoking toplevel() on ptolemy.moml.MoMLSimpleApplication@11cbfbb7
----------------- Done invoking toplevel() on ptolemy.moml.MoMLSimpleApplication@11cbfbb7
reloadAllAccessors: .SubscriptionAggregator

===========================================================================================
----------------- testing Fri Jul 12 05:55:14 UTC 2019 /home/travis/build/icyphy/ptII/ptolemy/actor/lib/test/auto/SubscriptionAggregator2.xml
----------------- Instantiating /home/travis/build/icyphy/ptII/ptolemy/actor/lib/test/auto/SubscriptionAggregator2.xml
2 ms. Memory: 538624K Free: 265379K (49%)
----------------- Invoking toplevel() on ptolemy.moml.MoMLSimpleApplication@6d73ef94
----------------- Done invoking toplevel() on ptolemy.moml.MoMLSimpleApplication@6d73ef94
reloadAllAccessors: .SubscriptionAggregator2

===========================================================================================
----------------- testing Fri Jul 12 05:55:14 UTC 2019 /home/travis/build/icyphy/ptII/ptolemy/actor/lib/test/auto/SubscriptionAggregator3.xml
----------------- Instantiating /home/travis/build/icyphy/ptII/ptolemy/actor/lib/test/auto/SubscriptionAggregator3.xml
4 ms. Memory: 538624K Free: 257187K (48%)
----------------- Invoking toplevel() on ptolemy.moml.MoMLSimpleApplication@271993f6
----------------- Done invoking toplevel() on ptolemy.moml.MoMLSimpleApplication@271993f6
reloadAllAccessors: .SubscriptionAggregator3

===========================================================================================
----------------- testing Fri Jul 12 05:55:14 UTC 2019 /home/travis/build/icyphy/ptII/ptolemy/actor/lib/test/auto/SubscriptionAggregatorMultiply.xml
----------------- Instantiating /home/travis/build/icyphy/ptII/ptolemy/actor/lib/test/auto/SubscriptionAggregatorMultiply.xml
14 ms. Memory: 538624K Free: 248995K (46%)
----------------- Invoking toplevel() on ptolemy.moml.MoMLSimpleApplication@4e7f7b7b
----------------- Done invoking toplevel() on ptolemy.moml.MoMLSimpleApplication@4e7f7b7b
reloadAllAccessors: .SubscriptionAggregatorMultiply

===========================================================================================
----------------- testing Fri Jul 12 05:55:14 UTC 2019 /home/travis/build/icyphy/ptII/ptolemy/actor/lib/test/auto/SubscriptionAggregatorPortMultiply1.xml
----------------- Instantiating /home/travis/build/icyphy/ptII/ptolemy/actor/lib/test/auto/SubscriptionAggregatorPortMultiply1.xml
3 ms. Memory: 538624K Free: 241313K (45%)
----------------- Invoking toplevel() on ptolemy.moml.MoMLSimpleApplication@7cfc24b0
----------------- Done invoking toplevel() on ptolemy.moml.MoMLSimpleApplication@7cfc24b0
reloadAllAccessors: .SubscriptionAggregatorPortMultiply1

===========================================================================================
----------------- testing Fri Jul 12 05:55:14 UTC 2019 /home/travis/build/icyphy/ptII/ptolemy/actor/lib/test/auto/Switch.xml
----------------- Instantiating /home/travis/build/icyphy/ptII/ptolemy/actor/lib/test/auto/Switch.xml
9 ms. Memory: 538624K Free: 232611K (43%)
----------------- Invoking toplevel() on ptolemy.moml.MoMLSimpleApplication@4f0be7c8
----------------- Done invoking toplevel() on ptolemy.moml.MoMLSimpleApplication@4f0be7c8
reloadAllAccessors: .Switch

===========================================================================================
----------------- testing Fri Jul 12 05:55:14 UTC 2019 /home/travis/build/icyphy/ptII/ptolemy/actor/lib/test/auto/Switch2.xml
----------------- Instantiating /home/travis/build/icyphy/ptII/ptolemy/actor/lib/test/auto/Switch2.xml
1 ms. Memory: 538624K Free: 228001K (42%)
----------------- Invoking toplevel() on ptolemy.moml.MoMLSimpleApplication@7b2e1523
----------------- Done invoking toplevel() on ptolemy.moml.MoMLSimpleApplication@7b2e1523
reloadAllAccessors: .Switch2

===========================================================================================
----------------- testing Fri Jul 12 05:55:14 UTC 2019 /home/travis/build/icyphy/ptII/ptolemy/actor/lib/test/auto/SwitchDE.xml
----------------- Instantiating /home/travis/build/icyphy/ptII/ptolemy/actor/lib/test/auto/SwitchDE.xml
3 ms. Memory: 538624K Free: 221851K (41%)
----------------- Invoking toplevel() on ptolemy.moml.MoMLSimpleApplication@4a71d70a
----------------- Done invoking toplevel() on ptolemy.moml.MoMLSimpleApplication@4a71d70a
reloadAllAccessors: .SwitchDE

===========================================================================================
----------------- testing Fri Jul 12 05:55:14 UTC 2019 /home/travis/build/icyphy/ptII/ptolemy/actor/lib/test/auto/SynchronizerDE.xml
----------------- Instantiating /home/travis/build/icyphy/ptII/ptolemy/actor/lib/test/auto/SynchronizerDE.xml
7 ms. Memory: 538624K Free: 213635K (40%)
----------------- Invoking toplevel() on ptolemy.moml.MoMLSimpleApplication@2e3b95ff
----------------- Done invoking toplevel() on ptolemy.moml.MoMLSimpleApplication@2e3b95ff
reloadAllAccessors: .SynchronizerDE

===========================================================================================
----------------- testing Fri Jul 12 05:55:14 UTC 2019 /home/travis/build/icyphy/ptII/ptolemy/actor/lib/test/auto/Test.xml
----------------- Instantiating /home/travis/build/icyphy/ptII/ptolemy/actor/lib/test/auto/Test.xml
2 ms. Memory: 538624K Free: 208035K (39%)
----------------- Invoking toplevel() on ptolemy.moml.MoMLSimpleApplication@3d50d420
----------------- Done invoking toplevel() on ptolemy.moml.MoMLSimpleApplication@3d50d420
reloadAllAccessors: .Test

===========================================================================================
----------------- testing Fri Jul 12 05:55:14 UTC 2019 /home/travis/build/icyphy/ptII/ptolemy/actor/lib/test/auto/TestExceptionAttribute1.xml
----------------- Instantiating /home/travis/build/icyphy/ptII/ptolemy/actor/lib/test/auto/TestExceptionAttribute1.xml
1 ms. Memory: 538624K Free: 204449K (38%)
----------------- Invoking toplevel() on ptolemy.moml.MoMLSimpleApplication@787a1ad8
----------------- Done invoking toplevel() on ptolemy.moml.MoMLSimpleApplication@787a1ad8
reloadAllAccessors: .TestExceptionAttribute1

===========================================================================================
----------------- testing Fri Jul 12 05:55:14 UTC 2019 /home/travis/build/icyphy/ptII/ptolemy/actor/lib/test/auto/TestExceptionAttribute2.xml
----------------- Instantiating /home/travis/build/icyphy/ptII/ptolemy/actor/lib/test/auto/TestExceptionAttribute2.xml
2 ms. Memory: 538624K Free: 200867K (37%)
----------------- Invoking toplevel() on ptolemy.moml.MoMLSimpleApplication@5ac1b1a5
----------------- Done invoking toplevel() on ptolemy.moml.MoMLSimpleApplication@5ac1b1a5
reloadAllAccessors: .TestExceptionAttribute2

===========================================================================================
----------------- testing Fri Jul 12 05:55:14 UTC 2019 /home/travis/build/icyphy/ptII/ptolemy/actor/lib/test/auto/TestExceptionAttribute3.xml
----------------- Instantiating /home/travis/build/icyphy/ptII/ptolemy/actor/lib/test/auto/TestExceptionAttribute3.xml
.TestExceptionAttribute3.TestExceptionAttribute: initialize() was not invoked, but wrapup() was.  This is unusual, but not always a problem.  For example, exporting JNLP will do this.
0 ms. Memory: 538624K Free: 196771K (37%)
----------------- Invoking toplevel() on ptolemy.moml.MoMLSimpleApplication@331a6c7f
----------------- Done invoking toplevel() on ptolemy.moml.MoMLSimpleApplication@331a6c7f
reloadAllAccessors: .TestExceptionAttribute3

===========================================================================================
----------------- testing Fri Jul 12 05:55:14 UTC 2019 /home/travis/build/icyphy/ptII/ptolemy/actor/lib/test/auto/TestExceptionAttribute4.xml
----------------- Instantiating /home/travis/build/icyphy/ptII/ptolemy/actor/lib/test/auto/TestExceptionAttribute4.xml
.TestExceptionAttribute4.TestExceptionAttribute: initialize() was not invoked, but wrapup() was.  This is unusual, but not always a problem.  For example, exporting JNLP will do this.
.TestExceptionAttribute4.TestExceptionAttribute2: initialize() was not invoked, but wrapup() was.  This is unusual, but not always a problem.  For example, exporting JNLP will do this.
0 ms. Memory: 538624K Free: 192675K (36%)
----------------- Invoking toplevel() on ptolemy.moml.MoMLSimpleApplication@90fef74
----------------- Done invoking toplevel() on ptolemy.moml.MoMLSimpleApplication@90fef74
reloadAllAccessors: .TestExceptionAttribute4

===========================================================================================
----------------- testing Fri Jul 12 05:55:14 UTC 2019 /home/travis/build/icyphy/ptII/ptolemy/actor/lib/test/auto/TestExceptionHandler1.xml
----------------- Instantiating /home/travis/build/icyphy/ptII/ptolemy/actor/lib/test/auto/TestExceptionHandler1.xml
1 ms. Memory: 538624K Free: 189089K (35%)
----------------- Invoking toplevel() on ptolemy.moml.MoMLSimpleApplication@3d8a1fa4
----------------- Done invoking toplevel() on ptolemy.moml.MoMLSimpleApplication@3d8a1fa4
reloadAllAccessors: .TestExceptionHandler1

===========================================================================================
----------------- testing Fri Jul 12 05:55:14 UTC 2019 /home/travis/build/icyphy/ptII/ptolemy/actor/lib/test/auto/TestExceptionHandler2.xml
----------------- Instantiating /home/travis/build/icyphy/ptII/ptolemy/actor/lib/test/auto/TestExceptionHandler2.xml
1 ms. Memory: 538624K Free: 185507K (34%)
----------------- Invoking toplevel() on ptolemy.moml.MoMLSimpleApplication@5f815f95
----------------- Done invoking toplevel() on ptolemy.moml.MoMLSimpleApplication@5f815f95
reloadAllAccessors: .TestExceptionHandler2

===========================================================================================
----------------- testing Fri Jul 12 05:55:14 UTC 2019 /home/travis/build/icyphy/ptII/ptolemy/actor/lib/test/auto/TestExceptionHandler3.xml
----------------- Instantiating /home/travis/build/icyphy/ptII/ptolemy/actor/lib/test/auto/TestExceptionHandler3.xml
0 ms. Memory: 538624K Free: 181411K (34%)
----------------- Invoking toplevel() on ptolemy.moml.MoMLSimpleApplication@42dde5a5
----------------- Done invoking toplevel() on ptolemy.moml.MoMLSimpleApplication@42dde5a5
reloadAllAccessors: .TestExceptionHandler3

===========================================================================================
----------------- testing Fri Jul 12 05:55:14 UTC 2019 /home/travis/build/icyphy/ptII/ptolemy/actor/lib/test/auto/TestExceptionHandler4.xml
----------------- Instantiating /home/travis/build/icyphy/ptII/ptolemy/actor/lib/test/auto/TestExceptionHandler4.xml
1 ms. Memory: 538624K Free: 177315K (33%)
----------------- Invoking toplevel() on ptolemy.moml.MoMLSimpleApplication@5f9d753a
----------------- Done invoking toplevel() on ptolemy.moml.MoMLSimpleApplication@5f9d753a
reloadAllAccessors: .TestExceptionHandler4

===========================================================================================
----------------- testing Fri Jul 12 05:55:14 UTC 2019 /home/travis/build/icyphy/ptII/ptolemy/actor/lib/test/auto/TestRequireCorrectOrder.xml
----------------- Instantiating /home/travis/build/icyphy/ptII/ptolemy/actor/lib/test/auto/TestRequireCorrectOrder.xml
6 ms. Memory: 538624K Free: 172195K (32%)
----------------- Invoking toplevel() on ptolemy.moml.MoMLSimpleApplication@6cc5f60a
----------------- Done invoking toplevel() on ptolemy.moml.MoMLSimpleApplication@6cc5f60a
reloadAllAccessors: .TestRequireCorrectOrder

===========================================================================================
----------------- testing Fri Jul 12 05:55:14 UTC 2019 /home/travis/build/icyphy/ptII/ptolemy/actor/lib/test/auto/TestSimple.xml
----------------- Instantiating /home/travis/build/icyphy/ptII/ptolemy/actor/lib/test/auto/TestSimple.xml
2 ms. Memory: 538624K Free: 485258K (90%)
----------------- Invoking toplevel() on ptolemy.moml.MoMLSimpleApplication@a1ac87c
----------------- Done invoking toplevel() on ptolemy.moml.MoMLSimpleApplication@a1ac87c
reloadAllAccessors: .TestSimple

===========================================================================================
----------------- testing Fri Jul 12 05:55:14 UTC 2019 /home/travis/build/icyphy/ptII/ptolemy/actor/lib/test/auto/ThrowModelError.xml
----------------- Instantiating /home/travis/build/icyphy/ptII/ptolemy/actor/lib/test/auto/ThrowModelError.xml
2 ms. Memory: 538624K Free: 480648K (89%)
----------------- Invoking toplevel() on ptolemy.moml.MoMLSimpleApplication@72cc498d
----------------- Done invoking toplevel() on ptolemy.moml.MoMLSimpleApplication@72cc498d
reloadAllAccessors: .ThrowModelError

===========================================================================================
----------------- testing Fri Jul 12 05:55:14 UTC 2019 /home/travis/build/icyphy/ptII/ptolemy/actor/lib/test/auto/TimeDelayMicrosteps.xml
----------------- Instantiating /home/travis/build/icyphy/ptII/ptolemy/actor/lib/test/auto/TimeDelayMicrosteps.xml
3 ms. Memory: 538624K Free: 473994K (88%)
----------------- Invoking toplevel() on ptolemy.moml.MoMLSimpleApplication@78b2125d
----------------- Done invoking toplevel() on ptolemy.moml.MoMLSimpleApplication@78b2125d
reloadAllAccessors: .TimeDelayMicrosteps

===========================================================================================
----------------- testing Fri Jul 12 05:55:14 UTC 2019 /home/travis/build/icyphy/ptII/ptolemy/actor/lib/test/auto/TimeDelayMicrosteps2.xml
----------------- Instantiating /home/travis/build/icyphy/ptII/ptolemy/actor/lib/test/auto/TimeDelayMicrosteps2.xml
3 ms. Memory: 538624K Free: 466826K (87%)
----------------- Invoking toplevel() on ptolemy.moml.MoMLSimpleApplication@7668019
----------------- Done invoking toplevel() on ptolemy.moml.MoMLSimpleApplication@7668019
reloadAllAccessors: .TimeDelayMicrosteps2

===========================================================================================
----------------- testing Fri Jul 12 05:55:14 UTC 2019 /home/travis/build/icyphy/ptII/ptolemy/actor/lib/test/auto/TimeDelayMicrosteps3.xml
----------------- Instantiating /home/travis/build/icyphy/ptII/ptolemy/actor/lib/test/auto/TimeDelayMicrosteps3.xml
4 ms. Memory: 538624K Free: 459656K (85%)
----------------- Invoking toplevel() on ptolemy.moml.MoMLSimpleApplication@6435486c
----------------- Done invoking toplevel() on ptolemy.moml.MoMLSimpleApplication@6435486c
reloadAllAccessors: .TimeDelayMicrosteps3

===========================================================================================
----------------- testing Fri Jul 12 05:55:14 UTC 2019 /home/travis/build/icyphy/ptII/ptolemy/actor/lib/test/auto/TimeDelayVariableMicrosteps.xml
----------------- Instantiating /home/travis/build/icyphy/ptII/ptolemy/actor/lib/test/auto/TimeDelayVariableMicrosteps.xml
3 ms. Memory: 538624K Free: 453514K (84%)
----------------- Invoking toplevel() on ptolemy.moml.MoMLSimpleApplication@4b43c2ff
----------------- Done invoking toplevel() on ptolemy.moml.MoMLSimpleApplication@4b43c2ff
reloadAllAccessors: .TimeDelayVariableMicrosteps

===========================================================================================
----------------- testing Fri Jul 12 05:55:14 UTC 2019 /home/travis/build/icyphy/ptII/ptolemy/actor/lib/test/auto/TimeGap.xml
----------------- Instantiating /home/travis/build/icyphy/ptII/ptolemy/actor/lib/test/auto/TimeGap.xml
2 ms. Memory: 538624K Free: 448394K (83%)
----------------- Invoking toplevel() on ptolemy.moml.MoMLSimpleApplication@495387e9
----------------- Done invoking toplevel() on ptolemy.moml.MoMLSimpleApplication@495387e9
reloadAllAccessors: .TimeGap

===========================================================================================
----------------- testing Fri Jul 12 05:55:15 UTC 2019 /home/travis/build/icyphy/ptII/ptolemy/actor/lib/test/auto/TimeGap2.xml
----------------- Instantiating /home/travis/build/icyphy/ptII/ptolemy/actor/lib/test/auto/TimeGap2.xml
1 ms. Memory: 538624K Free: 442250K (82%)
----------------- Invoking toplevel() on ptolemy.moml.MoMLSimpleApplication@47b73b3f
----------------- Done invoking toplevel() on ptolemy.moml.MoMLSimpleApplication@47b73b3f
reloadAllAccessors: .TimeGap2

===========================================================================================
----------------- testing Fri Jul 12 05:55:15 UTC 2019 /home/travis/build/icyphy/ptII/ptolemy/actor/lib/test/auto/TimedSinewave.xml
----------------- Instantiating /home/travis/build/icyphy/ptII/ptolemy/actor/lib/test/auto/TimedSinewave.xml
22 ms. Memory: 538624K Free: 427914K (79%)
----------------- Invoking toplevel() on ptolemy.moml.MoMLSimpleApplication@59c928cb
----------------- Done invoking toplevel() on ptolemy.moml.MoMLSimpleApplication@59c928cb
reloadAllAccessors: .TimedSinewave

===========================================================================================
----------------- testing Fri Jul 12 05:55:15 UTC 2019 /home/travis/build/icyphy/ptII/ptolemy/actor/lib/test/auto/TimedSinewavePhase.xml
----------------- Instantiating /home/travis/build/icyphy/ptII/ptolemy/actor/lib/test/auto/TimedSinewavePhase.xml
9 ms. Memory: 538624K Free: 418184K (78%)
----------------- Invoking toplevel() on ptolemy.moml.MoMLSimpleApplication@78a08d65
----------------- Done invoking toplevel() on ptolemy.moml.MoMLSimpleApplication@78a08d65
reloadAllAccessors: .TimedSinewavePhase

===========================================================================================
----------------- testing Fri Jul 12 05:55:15 UTC 2019 /home/travis/build/icyphy/ptII/ptolemy/actor/lib/test/auto/Timer.xml
----------------- Instantiating /home/travis/build/icyphy/ptII/ptolemy/actor/lib/test/auto/Timer.xml
2 ms. Memory: 538624K Free: 412554K (77%)
----------------- Invoking toplevel() on ptolemy.moml.MoMLSimpleApplication@7448fe32
----------------- Done invoking toplevel() on ptolemy.moml.MoMLSimpleApplication@7448fe32
reloadAllAccessors: .Timer

===========================================================================================
----------------- testing Fri Jul 12 05:55:15 UTC 2019 /home/travis/build/icyphy/ptII/ptolemy/actor/lib/test/auto/TriangularDistTestModel.xml
----------------- Instantiating /home/travis/build/icyphy/ptII/ptolemy/actor/lib/test/auto/TriangularDistTestModel.xml
2 ms. Memory: 538624K Free: 406410K (75%)
----------------- Invoking toplevel() on ptolemy.moml.MoMLSimpleApplication@17425b8f
----------------- Done invoking toplevel() on ptolemy.moml.MoMLSimpleApplication@17425b8f
reloadAllAccessors: .TriangularDistTestModel

===========================================================================================
----------------- testing Fri Jul 12 05:55:15 UTC 2019 /home/travis/build/icyphy/ptII/ptolemy/actor/lib/test/auto/TrigFunction.xml
----------------- Instantiating /home/travis/build/icyphy/ptII/ptolemy/actor/lib/test/auto/TrigFunction.xml
1 ms. Memory: 538624K Free: 401800K (75%)
----------------- Invoking toplevel() on ptolemy.moml.MoMLSimpleApplication@25fd07fe
----------------- Done invoking toplevel() on ptolemy.moml.MoMLSimpleApplication@25fd07fe
reloadAllAccessors: .TrigFunction

===========================================================================================
----------------- testing Fri Jul 12 05:55:15 UTC 2019 /home/travis/build/icyphy/ptII/ptolemy/actor/lib/test/auto/TrigFunctionDE.xml
----------------- Instantiating /home/travis/build/icyphy/ptII/ptolemy/actor/lib/test/auto/TrigFunctionDE.xml
2 ms. Memory: 538624K Free: 396170K (74%)
----------------- Invoking toplevel() on ptolemy.moml.MoMLSimpleApplication@3a768b3d
----------------- Done invoking toplevel() on ptolemy.moml.MoMLSimpleApplication@3a768b3d
reloadAllAccessors: .TrigFunctionDE

===========================================================================================
----------------- testing Fri Jul 12 05:55:15 UTC 2019 /home/travis/build/icyphy/ptII/ptolemy/actor/lib/test/auto/TrigFunctionInverse.xml
----------------- Instantiating /home/travis/build/icyphy/ptII/ptolemy/actor/lib/test/auto/TrigFunctionInverse.xml
2 ms. Memory: 538624K Free: 390536K (73%)
----------------- Invoking toplevel() on ptolemy.moml.MoMLSimpleApplication@4adff769
----------------- Done invoking toplevel() on ptolemy.moml.MoMLSimpleApplication@4adff769
reloadAllAccessors: .TrigFunctionInverse

===========================================================================================
----------------- testing Fri Jul 12 05:55:15 UTC 2019 /home/travis/build/icyphy/ptII/ptolemy/actor/lib/test/auto/TrigFunctionTan.xml
----------------- Instantiating /home/travis/build/icyphy/ptII/ptolemy/actor/lib/test/auto/TrigFunctionTan.xml
2 ms. Memory: 538624K Free: 386440K (72%)
----------------- Invoking toplevel() on ptolemy.moml.MoMLSimpleApplication@e796b8e
----------------- Done invoking toplevel() on ptolemy.moml.MoMLSimpleApplication@e796b8e
reloadAllAccessors: .TrigFunctionTan

===========================================================================================
----------------- testing Fri Jul 12 05:55:15 UTC 2019 /home/travis/build/icyphy/ptII/ptolemy/actor/lib/test/auto/TriggeredClock.xml
----------------- Instantiating /home/travis/build/icyphy/ptII/ptolemy/actor/lib/test/auto/TriggeredClock.xml
1 ms. Memory: 538624K Free: 381802K (71%)
----------------- Invoking toplevel() on ptolemy.moml.MoMLSimpleApplication@5bc0625c
----------------- Done invoking toplevel() on ptolemy.moml.MoMLSimpleApplication@5bc0625c
reloadAllAccessors: .TriggeredClock

===========================================================================================
----------------- testing Fri Jul 12 05:55:15 UTC 2019 /home/travis/build/icyphy/ptII/ptolemy/actor/lib/test/auto/URLDirectoryReader.xml
----------------- Instantiating /home/travis/build/icyphy/ptII/ptolemy/actor/lib/test/auto/URLDirectoryReader.xml
28 ms. Memory: 538624K Free: 372104K (69%)
----------------- Invoking toplevel() on ptolemy.moml.MoMLSimpleApplication@73195f2b
----------------- Done invoking toplevel() on ptolemy.moml.MoMLSimpleApplication@73195f2b
reloadAllAccessors: .URLDirectoryReader

===========================================================================================
----------------- testing Fri Jul 12 05:55:15 UTC 2019 /home/travis/build/icyphy/ptII/ptolemy/actor/lib/test/auto/URLDirectoryReader3.xml
----------------- Instantiating /home/travis/build/icyphy/ptII/ptolemy/actor/lib/test/auto/URLDirectoryReader3.xml
1302 ms. Memory: 538624K Free: 480084K (89%)
----------------- Invoking toplevel() on ptolemy.moml.MoMLSimpleApplication@6863f040
----------------- Done invoking toplevel() on ptolemy.moml.MoMLSimpleApplication@6863f040
reloadAllAccessors: .URLDirectoryReader3

===========================================================================================
----------------- testing Fri Jul 12 05:55:16 UTC 2019 /home/travis/build/icyphy/ptII/ptolemy/actor/lib/test/auto/UnaryMathFunction.xml
----------------- Instantiating /home/travis/build/icyphy/ptII/ptolemy/actor/lib/test/auto/UnaryMathFunction.xml
3 ms. Memory: 538624K Free: 471892K (88%)
----------------- Invoking toplevel() on ptolemy.moml.MoMLSimpleApplication@51f16ce6
----------------- Done invoking toplevel() on ptolemy.moml.MoMLSimpleApplication@51f16ce6
reloadAllAccessors: .UnaryMathFunction

===========================================================================================
----------------- testing Fri Jul 12 05:55:16 UTC 2019 /home/travis/build/icyphy/ptII/ptolemy/actor/lib/test/auto/Uniform.xml
----------------- Instantiating /home/travis/build/icyphy/ptII/ptolemy/actor/lib/test/auto/Uniform.xml
5 ms. Memory: 538624K Free: 467276K (87%)
----------------- Invoking toplevel() on ptolemy.moml.MoMLSimpleApplication@4d8dfdb6
----------------- Done invoking toplevel() on ptolemy.moml.MoMLSimpleApplication@4d8dfdb6
reloadAllAccessors: .Uniform

===========================================================================================
----------------- testing Fri Jul 12 05:55:16 UTC 2019 /home/travis/build/icyphy/ptII/ptolemy/actor/lib/test/auto/UnionDisassemblerTest.xml
----------------- Instantiating /home/travis/build/icyphy/ptII/ptolemy/actor/lib/test/auto/UnionDisassemblerTest.xml
20 ms. Memory: 538624K Free: 463172K (86%)
----------------- Invoking toplevel() on ptolemy.moml.MoMLSimpleApplication@619cf2c5
----------------- Done invoking toplevel() on ptolemy.moml.MoMLSimpleApplication@619cf2c5
reloadAllAccessors: .UnionDisassemblerTest

===========================================================================================
----------------- testing Fri Jul 12 05:55:16 UTC 2019 /home/travis/build/icyphy/ptII/ptolemy/actor/lib/test/auto/UtilityFunctions.xml
----------------- Instantiating /home/travis/build/icyphy/ptII/ptolemy/actor/lib/test/auto/UtilityFunctions.xml
1 ms. Memory: 538624K Free: 459604K (85%)
----------------- Invoking toplevel() on ptolemy.moml.MoMLSimpleApplication@3d4d2af7
----------------- Done invoking toplevel() on ptolemy.moml.MoMLSimpleApplication@3d4d2af7
reloadAllAccessors: .UtilityFunctions

===========================================================================================
----------------- testing Fri Jul 12 05:55:16 UTC 2019 /home/travis/build/icyphy/ptII/ptolemy/actor/lib/test/auto/VariableSleep.xml
----------------- Instantiating /home/travis/build/icyphy/ptII/ptolemy/actor/lib/test/auto/VariableSleep.xml
503 ms. Memory: 538624K Free: 454484K (84%)
----------------- Invoking toplevel() on ptolemy.moml.MoMLSimpleApplication@568c225f
----------------- Done invoking toplevel() on ptolemy.moml.MoMLSimpleApplication@568c225f
reloadAllAccessors: .VariableSleep

===========================================================================================
----------------- testing Fri Jul 12 05:55:17 UTC 2019 /home/travis/build/icyphy/ptII/ptolemy/actor/lib/test/auto/VectorAssemblerDisassemblerCT.xml
----------------- Instantiating /home/travis/build/icyphy/ptII/ptolemy/actor/lib/test/auto/VectorAssemblerDisassemblerCT.xml
72 ms. Memory: 538624K Free: 433490K (80%)
----------------- Invoking toplevel() on ptolemy.moml.MoMLSimpleApplication@5799288c
----------------- Done invoking toplevel() on ptolemy.moml.MoMLSimpleApplication@5799288c
reloadAllAccessors: .VectorAssemblerDisassemblerCT

===========================================================================================
----------------- testing Fri Jul 12 05:55:17 UTC 2019 /home/travis/build/icyphy/ptII/ptolemy/actor/lib/test/auto/VectorAssemblerDisassemblerDE.xml
----------------- Instantiating /home/travis/build/icyphy/ptII/ptolemy/actor/lib/test/auto/VectorAssemblerDisassemblerDE.xml
2 ms. Memory: 538624K Free: 426322K (79%)
----------------- Invoking toplevel() on ptolemy.moml.MoMLSimpleApplication@257c28bf
----------------- Done invoking toplevel() on ptolemy.moml.MoMLSimpleApplication@257c28bf
reloadAllAccessors: .VectorAssemblerDisassemblerDE

===========================================================================================
----------------- testing Fri Jul 12 05:55:17 UTC 2019 /home/travis/build/icyphy/ptII/ptolemy/actor/lib/test/auto/VectorAssemblerDisassemblerSDF.xml
----------------- Instantiating /home/travis/build/icyphy/ptII/ptolemy/actor/lib/test/auto/VectorAssemblerDisassemblerSDF.xml
4 ms. Memory: 538624K Free: 419668K (78%)
----------------- Invoking toplevel() on ptolemy.moml.MoMLSimpleApplication@2e9ee4e6
----------------- Done invoking toplevel() on ptolemy.moml.MoMLSimpleApplication@2e9ee4e6
reloadAllAccessors: .VectorAssemblerDisassemblerSDF

===========================================================================================
----------------- testing Fri Jul 12 05:55:17 UTC 2019 /home/travis/build/icyphy/ptII/ptolemy/actor/lib/test/auto/WallClockTime.xml
----------------- Instantiating /home/travis/build/icyphy/ptII/ptolemy/actor/lib/test/auto/WallClockTime.xml
1004 ms. Memory: 538624K Free: 414034K (77%)
----------------- Invoking toplevel() on ptolemy.moml.MoMLSimpleApplication@19ed6b7e
----------------- Done invoking toplevel() on ptolemy.moml.MoMLSimpleApplication@19ed6b7e
reloadAllAccessors: .WallClockTime

===========================================================================================
----------------- testing Fri Jul 12 05:55:18 UTC 2019 /home/travis/build/icyphy/ptII/ptolemy/actor/lib/test/auto/WidthTestWithSubscriberPublisher.xml
----------------- Instantiating /home/travis/build/icyphy/ptII/ptolemy/actor/lib/test/auto/WidthTestWithSubscriberPublisher.xml
8 ms. Memory: 538624K Free: 396116K (74%)
----------------- Invoking toplevel() on ptolemy.moml.MoMLSimpleApplication@6b817ceb
----------------- Done invoking toplevel() on ptolemy.moml.MoMLSimpleApplication@6b817ceb
reloadAllAccessors: .WidthTestWithSubscriberPublisher

===========================================================================================
----------------- testing Fri Jul 12 05:55:18 UTC 2019 /home/travis/build/icyphy/ptII/ptolemy/actor/lib/test/auto/WidthTestWithSubscriberPublisher2.xml
----------------- Instantiating /home/travis/build/icyphy/ptII/ptolemy/actor/lib/test/auto/WidthTestWithSubscriberPublisher2.xml
2 ms. Memory: 538624K Free: 389972K (72%)
----------------- Invoking toplevel() on ptolemy.moml.MoMLSimpleApplication@5b54b44f
----------------- Done invoking toplevel() on ptolemy.moml.MoMLSimpleApplication@5b54b44f
reloadAllAccessors: .WidthTestWithSubscriberPublisher2

===========================================================================================
----------------- testing Fri Jul 12 05:55:18 UTC 2019 /home/travis/build/icyphy/ptII/ptolemy/actor/lib/test/auto/WidthTestWithSubscriberPublisher3.xml
----------------- Instantiating /home/travis/build/icyphy/ptII/ptolemy/actor/lib/test/auto/WidthTestWithSubscriberPublisher3.xml
2 ms. Memory: 538624K Free: 383828K (71%)
----------------- Invoking toplevel() on ptolemy.moml.MoMLSimpleApplication@2054fc2c
----------------- Done invoking toplevel() on ptolemy.moml.MoMLSimpleApplication@2054fc2c
reloadAllAccessors: .WidthTestWithSubscriberPublisher3

===========================================================================================
----------------- testing Fri Jul 12 05:55:18 UTC 2019 /home/travis/build/icyphy/ptII/ptolemy/actor/lib/test/auto/Writer.xml
----------------- Instantiating /home/travis/build/icyphy/ptII/ptolemy/actor/lib/test/auto/Writer.xml
0
1
2
3
4
2 ms. Memory: 538624K Free: 379732K (71%)
----------------- Invoking toplevel() on ptolemy.moml.MoMLSimpleApplication@304b6c6e
----------------- Done invoking toplevel() on ptolemy.moml.MoMLSimpleApplication@304b6c6e
reloadAllAccessors: .Writer

===========================================================================================
----------------- testing Fri Jul 12 05:55:18 UTC 2019 /home/travis/build/icyphy/ptII/ptolemy/actor/lib/test/auto/array.xml
----------------- Instantiating /home/travis/build/icyphy/ptII/ptolemy/actor/lib/test/auto/array.xml
2 ms. Memory: 538624K Free: 375122K (70%)
----------------- Invoking toplevel() on ptolemy.moml.MoMLSimpleApplication@6193e319
----------------- Done invoking toplevel() on ptolemy.moml.MoMLSimpleApplication@6193e319
reloadAllAccessors: .array

===========================================================================================
----------------- testing Fri Jul 12 05:55:18 UTC 2019 /home/travis/build/icyphy/ptII/ptolemy/actor/lib/test/auto/array2.xml
----------------- Instantiating /home/travis/build/icyphy/ptII/ptolemy/actor/lib/test/auto/array2.xml
5 ms. Memory: 538624K Free: 370516K (69%)
----------------- Invoking toplevel() on ptolemy.moml.MoMLSimpleApplication@3bc5033
----------------- Done invoking toplevel() on ptolemy.moml.MoMLSimpleApplication@3bc5033
reloadAllAccessors: .array2

===========================================================================================
----------------- testing Fri Jul 12 05:55:18 UTC 2019 /home/travis/build/icyphy/ptII/ptolemy/actor/lib/test/auto/arrayType.xml
----------------- Instantiating /home/travis/build/icyphy/ptII/ptolemy/actor/lib/test/auto/arrayType.xml
5 ms. Memory: 538624K Free: 364882K (68%)
----------------- Invoking toplevel() on ptolemy.moml.MoMLSimpleApplication@46543757
----------------- Done invoking toplevel() on ptolemy.moml.MoMLSimpleApplication@46543757
reloadAllAccessors: .arrayType

===========================================================================================
----------------- testing Fri Jul 12 05:55:18 UTC 2019 /home/travis/build/icyphy/ptII/ptolemy/actor/lib/test/auto/arrayType10.xml
----------------- Instantiating /home/travis/build/icyphy/ptII/ptolemy/actor/lib/test/auto/arrayType10.xml
1 ms. Memory: 538624K Free: 360276K (67%)
----------------- Invoking toplevel() on ptolemy.moml.MoMLSimpleApplication@9b0a821
----------------- Done invoking toplevel() on ptolemy.moml.MoMLSimpleApplication@9b0a821
reloadAllAccessors: .arrayType10

===========================================================================================
----------------- testing Fri Jul 12 05:55:18 UTC 2019 /home/travis/build/icyphy/ptII/ptolemy/actor/lib/test/auto/arrayType11.xml
----------------- Instantiating /home/travis/build/icyphy/ptII/ptolemy/actor/lib/test/auto/arrayType11.xml
2 ms. Memory: 538624K Free: 355666K (66%)
----------------- Invoking toplevel() on ptolemy.moml.MoMLSimpleApplication@2f8cce73
----------------- Done invoking toplevel() on ptolemy.moml.MoMLSimpleApplication@2f8cce73
reloadAllAccessors: .arrayType11

===========================================================================================
----------------- testing Fri Jul 12 05:55:18 UTC 2019 /home/travis/build/icyphy/ptII/ptolemy/actor/lib/test/auto/arrayType12.xml
----------------- Instantiating /home/travis/build/icyphy/ptII/ptolemy/actor/lib/test/auto/arrayType12.xml
1 ms. Memory: 538624K Free: 350546K (65%)
----------------- Invoking toplevel() on ptolemy.moml.MoMLSimpleApplication@9175ba
----------------- Done invoking toplevel() on ptolemy.moml.MoMLSimpleApplication@9175ba
reloadAllAccessors: .arrayType12

===========================================================================================
----------------- testing Fri Jul 12 05:55:18 UTC 2019 /home/travis/build/icyphy/ptII/ptolemy/actor/lib/test/auto/arrayType13.xml
----------------- Instantiating /home/travis/build/icyphy/ptII/ptolemy/actor/lib/test/auto/arrayType13.xml
1 ms. Memory: 538624K Free: 345426K (64%)
----------------- Invoking toplevel() on ptolemy.moml.MoMLSimpleApplication@1cbc8a44
----------------- Done invoking toplevel() on ptolemy.moml.MoMLSimpleApplication@1cbc8a44
reloadAllAccessors: .arrayType13

===========================================================================================
----------------- testing Fri Jul 12 05:55:18 UTC 2019 /home/travis/build/icyphy/ptII/ptolemy/actor/lib/test/auto/arrayType14.xml
----------------- Instantiating /home/travis/build/icyphy/ptII/ptolemy/actor/lib/test/auto/arrayType14.xml
4 ms. Memory: 538624K Free: 339796K (63%)
----------------- Invoking toplevel() on ptolemy.moml.MoMLSimpleApplication@48da47e5
----------------- Done invoking toplevel() on ptolemy.moml.MoMLSimpleApplication@48da47e5
reloadAllAccessors: .arrayType14

===========================================================================================
----------------- testing Fri Jul 12 05:55:18 UTC 2019 /home/travis/build/icyphy/ptII/ptolemy/actor/lib/test/auto/arrayType15.xml
----------------- Instantiating /home/travis/build/icyphy/ptII/ptolemy/actor/lib/test/auto/arrayType15.xml
3 ms. Memory: 538624K Free: 334676K (62%)
----------------- Invoking toplevel() on ptolemy.moml.MoMLSimpleApplication@3dbbb386
----------------- Done invoking toplevel() on ptolemy.moml.MoMLSimpleApplication@3dbbb386
reloadAllAccessors: .arrayType15

===========================================================================================
----------------- testing Fri Jul 12 05:55:18 UTC 2019 /home/travis/build/icyphy/ptII/ptolemy/actor/lib/test/auto/arrayType16.xml
----------------- Instantiating /home/travis/build/icyphy/ptII/ptolemy/actor/lib/test/auto/arrayType16.xml
3 ms. Memory: 538624K Free: 329556K (61%)
----------------- Invoking toplevel() on ptolemy.moml.MoMLSimpleApplication@70af79b3
----------------- Done invoking toplevel() on ptolemy.moml.MoMLSimpleApplication@70af79b3
reloadAllAccessors: .arrayType16

===========================================================================================
----------------- testing Fri Jul 12 05:55:18 UTC 2019 /home/travis/build/icyphy/ptII/ptolemy/actor/lib/test/auto/arrayType17.xml
----------------- Instantiating /home/travis/build/icyphy/ptII/ptolemy/actor/lib/test/auto/arrayType17.xml
1 ms. Memory: 538624K Free: 323922K (60%)
----------------- Invoking toplevel() on ptolemy.moml.MoMLSimpleApplication@26283e1c
----------------- Done invoking toplevel() on ptolemy.moml.MoMLSimpleApplication@26283e1c
reloadAllAccessors: .arrayType17

===========================================================================================
----------------- testing Fri Jul 12 05:55:18 UTC 2019 /home/travis/build/icyphy/ptII/ptolemy/actor/lib/test/auto/arrayType18.xml
----------------- Instantiating /home/travis/build/icyphy/ptII/ptolemy/actor/lib/test/auto/arrayType18.xml
1 ms. Memory: 538624K Free: 319316K (59%)
----------------- Invoking toplevel() on ptolemy.moml.MoMLSimpleApplication@6e3b8b17
----------------- Done invoking toplevel() on ptolemy.moml.MoMLSimpleApplication@6e3b8b17
reloadAllAccessors: .arrayType18

===========================================================================================
----------------- testing Fri Jul 12 05:55:18 UTC 2019 /home/travis/build/icyphy/ptII/ptolemy/actor/lib/test/auto/arrayType19.xml
----------------- Instantiating /home/travis/build/icyphy/ptII/ptolemy/actor/lib/test/auto/arrayType19.xml
1 ms. Memory: 538624K Free: 314706K (58%)
----------------- Invoking toplevel() on ptolemy.moml.MoMLSimpleApplication@1f7f9ebd
----------------- Done invoking toplevel() on ptolemy.moml.MoMLSimpleApplication@1f7f9ebd
reloadAllAccessors: .arrayType19

===========================================================================================
----------------- testing Fri Jul 12 05:55:18 UTC 2019 /home/travis/build/icyphy/ptII/ptolemy/actor/lib/test/auto/arrayType2.xml
----------------- Instantiating /home/travis/build/icyphy/ptII/ptolemy/actor/lib/test/auto/arrayType2.xml
2 ms. Memory: 538624K Free: 309076K (57%)
----------------- Invoking toplevel() on ptolemy.moml.MoMLSimpleApplication@2a3d1dce
----------------- Done invoking toplevel() on ptolemy.moml.MoMLSimpleApplication@2a3d1dce
reloadAllAccessors: .arrayType2

===========================================================================================
----------------- testing Fri Jul 12 05:55:18 UTC 2019 /home/travis/build/icyphy/ptII/ptolemy/actor/lib/test/auto/arrayType20.xml
----------------- Instantiating /home/travis/build/icyphy/ptII/ptolemy/actor/lib/test/auto/arrayType20.xml
1 ms. Memory: 538624K Free: 304466K (57%)
----------------- Invoking toplevel() on ptolemy.moml.MoMLSimpleApplication@158cfe6f
----------------- Done invoking toplevel() on ptolemy.moml.MoMLSimpleApplication@158cfe6f
reloadAllAccessors: .arrayType20

===========================================================================================
----------------- testing Fri Jul 12 05:55:18 UTC 2019 /home/travis/build/icyphy/ptII/ptolemy/actor/lib/test/auto/arrayType21.xml
----------------- Instantiating /home/travis/build/icyphy/ptII/ptolemy/actor/lib/test/auto/arrayType21.xml
2 ms. Memory: 538624K Free: 299860K (56%)
----------------- Invoking toplevel() on ptolemy.moml.MoMLSimpleApplication@1d624af
----------------- Done invoking toplevel() on ptolemy.moml.MoMLSimpleApplication@1d624af
reloadAllAccessors: .arrayType21

===========================================================================================
----------------- testing Fri Jul 12 05:55:18 UTC 2019 /home/travis/build/icyphy/ptII/ptolemy/actor/lib/test/auto/arrayType22.xml
----------------- Instantiating /home/travis/build/icyphy/ptII/ptolemy/actor/lib/test/auto/arrayType22.xml
1 ms. Memory: 538624K Free: 294740K (55%)
----------------- Invoking toplevel() on ptolemy.moml.MoMLSimpleApplication@57e43726
----------------- Done invoking toplevel() on ptolemy.moml.MoMLSimpleApplication@57e43726
reloadAllAccessors: .arrayType22

===========================================================================================
----------------- testing Fri Jul 12 05:55:18 UTC 2019 /home/travis/build/icyphy/ptII/ptolemy/actor/lib/test/auto/arrayType23.xml
----------------- Instantiating /home/travis/build/icyphy/ptII/ptolemy/actor/lib/test/auto/arrayType23.xml
1 ms. Memory: 538624K Free: 289106K (54%)
----------------- Invoking toplevel() on ptolemy.moml.MoMLSimpleApplication@61c4ff1d
----------------- Done invoking toplevel() on ptolemy.moml.MoMLSimpleApplication@61c4ff1d
reloadAllAccessors: .arrayType23

===========================================================================================
----------------- testing Fri Jul 12 05:55:18 UTC 2019 /home/travis/build/icyphy/ptII/ptolemy/actor/lib/test/auto/arrayType24.xml
----------------- Instantiating /home/travis/build/icyphy/ptII/ptolemy/actor/lib/test/auto/arrayType24.xml
1 ms. Memory: 538624K Free: 284498K (53%)
----------------- Invoking toplevel() on ptolemy.moml.MoMLSimpleApplication@699c0da5
----------------- Done invoking toplevel() on ptolemy.moml.MoMLSimpleApplication@699c0da5
reloadAllAccessors: .arrayType24

===========================================================================================
----------------- testing Fri Jul 12 05:55:19 UTC 2019 /home/travis/build/icyphy/ptII/ptolemy/actor/lib/test/auto/arrayType25.xml
----------------- Instantiating /home/travis/build/icyphy/ptII/ptolemy/actor/lib/test/auto/arrayType25.xml
2 ms. Memory: 538624K Free: 278866K (52%)
----------------- Invoking toplevel() on ptolemy.moml.MoMLSimpleApplication@3851e206
----------------- Done invoking toplevel() on ptolemy.moml.MoMLSimpleApplication@3851e206
reloadAllAccessors: .arrayType25

===========================================================================================
----------------- testing Fri Jul 12 05:55:19 UTC 2019 /home/travis/build/icyphy/ptII/ptolemy/actor/lib/test/auto/arrayType26.xml
----------------- Instantiating /home/travis/build/icyphy/ptII/ptolemy/actor/lib/test/auto/arrayType26.xml
1 ms. Memory: 538624K Free: 273746K (51%)
----------------- Invoking toplevel() on ptolemy.moml.MoMLSimpleApplication@758b7e5e
----------------- Done invoking toplevel() on ptolemy.moml.MoMLSimpleApplication@758b7e5e
reloadAllAccessors: .arrayType26

===========================================================================================
----------------- testing Fri Jul 12 05:55:19 UTC 2019 /home/travis/build/icyphy/ptII/ptolemy/actor/lib/test/auto/arrayType27.xml
----------------- Instantiating /home/travis/build/icyphy/ptII/ptolemy/actor/lib/test/auto/arrayType27.xml
3 ms. Memory: 538624K Free: 268116K (50%)
----------------- Invoking toplevel() on ptolemy.moml.MoMLSimpleApplication@492b31e6
----------------- Done invoking toplevel() on ptolemy.moml.MoMLSimpleApplication@492b31e6
reloadAllAccessors: .arrayType27

===========================================================================================
----------------- testing Fri Jul 12 05:55:19 UTC 2019 /home/travis/build/icyphy/ptII/ptolemy/actor/lib/test/auto/arrayType28.xml
----------------- Instantiating /home/travis/build/icyphy/ptII/ptolemy/actor/lib/test/auto/arrayType28.xml
2 ms. Memory: 538624K Free: 262996K (49%)
----------------- Invoking toplevel() on ptolemy.moml.MoMLSimpleApplication@7e893154
----------------- Done invoking toplevel() on ptolemy.moml.MoMLSimpleApplication@7e893154
reloadAllAccessors: .arrayType28

===========================================================================================
----------------- testing Fri Jul 12 05:55:19 UTC 2019 /home/travis/build/icyphy/ptII/ptolemy/actor/lib/test/auto/arrayType3.xml
----------------- Instantiating /home/travis/build/icyphy/ptII/ptolemy/actor/lib/test/auto/arrayType3.xml
2 ms. Memory: 538624K Free: 257876K (48%)
----------------- Invoking toplevel() on ptolemy.moml.MoMLSimpleApplication@6c1566bc
----------------- Done invoking toplevel() on ptolemy.moml.MoMLSimpleApplication@6c1566bc
reloadAllAccessors: .arrayType3

===========================================================================================
----------------- testing Fri Jul 12 05:55:19 UTC 2019 /home/travis/build/icyphy/ptII/ptolemy/actor/lib/test/auto/arrayType4.xml
----------------- Instantiating /home/travis/build/icyphy/ptII/ptolemy/actor/lib/test/auto/arrayType4.xml
1 ms. Memory: 538624K Free: 252242K (47%)
----------------- Invoking toplevel() on ptolemy.moml.MoMLSimpleApplication@1b400422
----------------- Done invoking toplevel() on ptolemy.moml.MoMLSimpleApplication@1b400422
reloadAllAccessors: .arrayType4

===========================================================================================
----------------- testing Fri Jul 12 05:55:19 UTC 2019 /home/travis/build/icyphy/ptII/ptolemy/actor/lib/test/auto/arrayType5.xml
----------------- Instantiating /home/travis/build/icyphy/ptII/ptolemy/actor/lib/test/auto/arrayType5.xml
2 ms. Memory: 538624K Free: 247122K (46%)
----------------- Invoking toplevel() on ptolemy.moml.MoMLSimpleApplication@1a84f4f5
----------------- Done invoking toplevel() on ptolemy.moml.MoMLSimpleApplication@1a84f4f5
reloadAllAccessors: .arrayType5

===========================================================================================
----------------- testing Fri Jul 12 05:55:19 UTC 2019 /home/travis/build/icyphy/ptII/ptolemy/actor/lib/test/auto/arrayType6.xml
----------------- Instantiating /home/travis/build/icyphy/ptII/ptolemy/actor/lib/test/auto/arrayType6.xml
2 ms. Memory: 538624K Free: 242002K (45%)
----------------- Invoking toplevel() on ptolemy.moml.MoMLSimpleApplication@6ac76ded
----------------- Done invoking toplevel() on ptolemy.moml.MoMLSimpleApplication@6ac76ded
reloadAllAccessors: .arrayType6

===========================================================================================
----------------- testing Fri Jul 12 05:55:19 UTC 2019 /home/travis/build/icyphy/ptII/ptolemy/actor/lib/test/auto/arrayType7.xml
----------------- Instantiating /home/travis/build/icyphy/ptII/ptolemy/actor/lib/test/auto/arrayType7.xml
1 ms. Memory: 538624K Free: 237396K (44%)
----------------- Invoking toplevel() on ptolemy.moml.MoMLSimpleApplication@2a65e894
----------------- Done invoking toplevel() on ptolemy.moml.MoMLSimpleApplication@2a65e894
reloadAllAccessors: .arrayType7

===========================================================================================
----------------- testing Fri Jul 12 05:55:19 UTC 2019 /home/travis/build/icyphy/ptII/ptolemy/actor/lib/test/auto/arrayType8.xml
----------------- Instantiating /home/travis/build/icyphy/ptII/ptolemy/actor/lib/test/auto/arrayType8.xml
6 ms. Memory: 538624K Free: 232786K (43%)
----------------- Invoking toplevel() on ptolemy.moml.MoMLSimpleApplication@277186ae
----------------- Done invoking toplevel() on ptolemy.moml.MoMLSimpleApplication@277186ae
reloadAllAccessors: .arrayType8

===========================================================================================
----------------- testing Fri Jul 12 05:55:19 UTC 2019 /home/travis/build/icyphy/ptII/ptolemy/actor/lib/test/auto/arrayType9.xml
----------------- Instantiating /home/travis/build/icyphy/ptII/ptolemy/actor/lib/test/auto/arrayType9.xml
1 ms. Memory: 538624K Free: 227666K (42%)
----------------- Invoking toplevel() on ptolemy.moml.MoMLSimpleApplication@3f0c2ee
----------------- Done invoking toplevel() on ptolemy.moml.MoMLSimpleApplication@3f0c2ee
reloadAllAccessors: .arrayType9

===========================================================================================
----------------- testing Fri Jul 12 05:55:19 UTC 2019 /home/travis/build/icyphy/ptII/ptolemy/actor/lib/test/auto/cast.xml
----------------- Instantiating /home/travis/build/icyphy/ptII/ptolemy/actor/lib/test/auto/cast.xml
2 ms. Memory: 538624K Free: 223060K (41%)
----------------- Invoking toplevel() on ptolemy.moml.MoMLSimpleApplication@44c70028
----------------- Done invoking toplevel() on ptolemy.moml.MoMLSimpleApplication@44c70028
reloadAllAccessors: .cast

===========================================================================================
----------------- testing Fri Jul 12 05:55:19 UTC 2019 /home/travis/build/icyphy/ptII/ptolemy/actor/lib/test/auto/compositeMultiPort.xml
----------------- Instantiating /home/travis/build/icyphy/ptII/ptolemy/actor/lib/test/auto/compositeMultiPort.xml
11 ms. Memory: 538624K Free: 213844K (40%)
----------------- Invoking toplevel() on ptolemy.moml.MoMLSimpleApplication@18d84e50
----------------- Done invoking toplevel() on ptolemy.moml.MoMLSimpleApplication@18d84e50
reloadAllAccessors: .compositeMultiPort

===========================================================================================
----------------- testing Fri Jul 12 05:55:19 UTC 2019 /home/travis/build/icyphy/ptII/ptolemy/actor/lib/test/auto/expressionCastInference.xml
----------------- Instantiating /home/travis/build/icyphy/ptII/ptolemy/actor/lib/test/auto/expressionCastInference.xml
2 ms. Memory: 538624K Free: 209234K (39%)
----------------- Invoking toplevel() on ptolemy.moml.MoMLSimpleApplication@6f828b76
----------------- Done invoking toplevel() on ptolemy.moml.MoMLSimpleApplication@6f828b76
reloadAllAccessors: .expressionCastInference

===========================================================================================
----------------- testing Fri Jul 12 05:55:19 UTC 2019 /home/travis/build/icyphy/ptII/ptolemy/actor/lib/test/auto/expressionCastInference2.xml
----------------- Instantiating /home/travis/build/icyphy/ptII/ptolemy/actor/lib/test/auto/expressionCastInference2.xml
2 ms. Memory: 538624K Free: 204628K (38%)
----------------- Invoking toplevel() on ptolemy.moml.MoMLSimpleApplication@dca88b1
----------------- Done invoking toplevel() on ptolemy.moml.MoMLSimpleApplication@dca88b1
reloadAllAccessors: .expressionCastInference2

===========================================================================================
----------------- testing Fri Jul 12 05:55:19 UTC 2019 /home/travis/build/icyphy/ptII/ptolemy/actor/lib/test/auto/expressionInference.xml
----------------- Instantiating /home/travis/build/icyphy/ptII/ptolemy/actor/lib/test/auto/expressionInference.xml
2 ms. Memory: 538624K Free: 200018K (37%)
----------------- Invoking toplevel() on ptolemy.moml.MoMLSimpleApplication@19bd2d37
----------------- Done invoking toplevel() on ptolemy.moml.MoMLSimpleApplication@19bd2d37
reloadAllAccessors: .expressionInference

===========================================================================================
----------------- testing Fri Jul 12 05:55:19 UTC 2019 /home/travis/build/icyphy/ptII/ptolemy/actor/lib/test/auto/expression_bug.xml
----------------- Instantiating /home/travis/build/icyphy/ptII/ptolemy/actor/lib/test/auto/expression_bug.xml
1 ms. Memory: 538624K Free: 195922K (36%)
----------------- Invoking toplevel() on ptolemy.moml.MoMLSimpleApplication@4fa47527
----------------- Done invoking toplevel() on ptolemy.moml.MoMLSimpleApplication@4fa47527
reloadAllAccessors: .expression_bug

===========================================================================================
----------------- testing Fri Jul 12 05:55:19 UTC 2019 /home/travis/build/icyphy/ptII/ptolemy/actor/lib/test/auto/factorial.xml
----------------- Instantiating /home/travis/build/icyphy/ptII/ptolemy/actor/lib/test/auto/factorial.xml
27 ms. Memory: 538624K Free: 187220K (35%)
----------------- Invoking toplevel() on ptolemy.moml.MoMLSimpleApplication@6dc74c6c
----------------- Done invoking toplevel() on ptolemy.moml.MoMLSimpleApplication@6dc74c6c
reloadAllAccessors: .factorial

===========================================================================================
----------------- testing Fri Jul 12 05:55:19 UTC 2019 /home/travis/build/icyphy/ptII/ptolemy/actor/lib/test/auto/filterTest1.xml
----------------- Instantiating /home/travis/build/icyphy/ptII/ptolemy/actor/lib/test/auto/filterTest1.xml
3 ms. Memory: 538624K Free: 181572K (34%)
----------------- Invoking toplevel() on ptolemy.moml.MoMLSimpleApplication@415aca70
----------------- Done invoking toplevel() on ptolemy.moml.MoMLSimpleApplication@415aca70
reloadAllAccessors: .filterTest1

===========================================================================================
----------------- testing Fri Jul 12 05:55:19 UTC 2019 /home/travis/build/icyphy/ptII/ptolemy/actor/lib/test/auto/funcApplyInConst.xml
----------------- Instantiating /home/travis/build/icyphy/ptII/ptolemy/actor/lib/test/auto/funcApplyInConst.xml
1 ms. Memory: 538624K Free: 178004K (33%)
----------------- Invoking toplevel() on ptolemy.moml.MoMLSimpleApplication@38b639f7
----------------- Done invoking toplevel() on ptolemy.moml.MoMLSimpleApplication@38b639f7
reloadAllAccessors: .funcApplyInConst

===========================================================================================
----------------- testing Fri Jul 12 05:55:19 UTC 2019 /home/travis/build/icyphy/ptII/ptolemy/actor/lib/test/auto/funcApplyInExpr.xml
----------------- Instantiating /home/travis/build/icyphy/ptII/ptolemy/actor/lib/test/auto/funcApplyInExpr.xml
1 ms. Memory: 538624K Free: 173908K (32%)
----------------- Invoking toplevel() on ptolemy.moml.MoMLSimpleApplication@7a48bf61
----------------- Done invoking toplevel() on ptolemy.moml.MoMLSimpleApplication@7a48bf61
reloadAllAccessors: .funcApplyInExpr

===========================================================================================
----------------- testing Fri Jul 12 05:55:19 UTC 2019 /home/travis/build/icyphy/ptII/ptolemy/actor/lib/test/auto/function.xml
----------------- Instantiating /home/travis/build/icyphy/ptII/ptolemy/actor/lib/test/auto/function.xml
2 ms. Memory: 538624K Free: 484319K (90%)
----------------- Invoking toplevel() on ptolemy.moml.MoMLSimpleApplication@28be1212
----------------- Done invoking toplevel() on ptolemy.moml.MoMLSimpleApplication@28be1212
reloadAllAccessors: .function

===========================================================================================
----------------- testing Fri Jul 12 05:55:19 UTC 2019 /home/travis/build/icyphy/ptII/ptolemy/actor/lib/test/auto/function2.xml
----------------- Instantiating /home/travis/build/icyphy/ptII/ptolemy/actor/lib/test/auto/function2.xml
1 ms. Memory: 538624K Free: 479199K (89%)
----------------- Invoking toplevel() on ptolemy.moml.MoMLSimpleApplication@56c6a9e
----------------- Done invoking toplevel() on ptolemy.moml.MoMLSimpleApplication@56c6a9e
reloadAllAccessors: .function2

===========================================================================================
----------------- testing Fri Jul 12 05:55:19 UTC 2019 /home/travis/build/icyphy/ptII/ptolemy/actor/lib/test/auto/function3.xml
----------------- Instantiating /home/travis/build/icyphy/ptII/ptolemy/actor/lib/test/auto/function3.xml
2 ms. Memory: 538624K Free: 475613K (88%)
----------------- Invoking toplevel() on ptolemy.moml.MoMLSimpleApplication@5caaae9b
----------------- Done invoking toplevel() on ptolemy.moml.MoMLSimpleApplication@5caaae9b
reloadAllAccessors: .function3

===========================================================================================
----------------- testing Fri Jul 12 05:55:19 UTC 2019 /home/travis/build/icyphy/ptII/ptolemy/actor/lib/test/auto/functionClosureTest1.xml
----------------- Instantiating /home/travis/build/icyphy/ptII/ptolemy/actor/lib/test/auto/functionClosureTest1.xml
2 ms. Memory: 538624K Free: 469463K (87%)
----------------- Invoking toplevel() on ptolemy.moml.MoMLSimpleApplication@4ffccbbf
----------------- Done invoking toplevel() on ptolemy.moml.MoMLSimpleApplication@4ffccbbf
reloadAllAccessors: .functionClosureTest1

===========================================================================================
----------------- testing Fri Jul 12 05:55:19 UTC 2019 /home/travis/build/icyphy/ptII/ptolemy/actor/lib/test/auto/functionClosureTest2.xml
----------------- Instantiating /home/travis/build/icyphy/ptII/ptolemy/actor/lib/test/auto/functionClosureTest2.xml
1 ms. Memory: 538624K Free: 465887K (86%)
----------------- Invoking toplevel() on ptolemy.moml.MoMLSimpleApplication@14647742
----------------- Done invoking toplevel() on ptolemy.moml.MoMLSimpleApplication@14647742
reloadAllAccessors: .functionClosureTest2

===========================================================================================
----------------- testing Fri Jul 12 05:55:19 UTC 2019 /home/travis/build/icyphy/ptII/ptolemy/actor/lib/test/auto/functionClosureTest3.xml
----------------- Instantiating /home/travis/build/icyphy/ptII/ptolemy/actor/lib/test/auto/functionClosureTest3.xml
2 ms. Memory: 538624K Free: 460239K (85%)
----------------- Invoking toplevel() on ptolemy.moml.MoMLSimpleApplication@330b5d31
----------------- Done invoking toplevel() on ptolemy.moml.MoMLSimpleApplication@330b5d31
reloadAllAccessors: .functionClosureTest3

===========================================================================================
----------------- testing Fri Jul 12 05:55:19 UTC 2019 /home/travis/build/icyphy/ptII/ptolemy/actor/lib/test/auto/functionClosureTest4.xml
----------------- Instantiating /home/travis/build/icyphy/ptII/ptolemy/actor/lib/test/auto/functionClosureTest4.xml
2 ms. Memory: 538624K Free: 454109K (84%)
----------------- Invoking toplevel() on ptolemy.moml.MoMLSimpleApplication@5e483d93
----------------- Done invoking toplevel() on ptolemy.moml.MoMLSimpleApplication@5e483d93
reloadAllAccessors: .functionClosureTest4

===========================================================================================
----------------- testing Fri Jul 12 05:55:19 UTC 2019 /home/travis/build/icyphy/ptII/ptolemy/actor/lib/test/auto/functionClosureTest5.xml
----------------- Instantiating /home/travis/build/icyphy/ptII/ptolemy/actor/lib/test/auto/functionClosureTest5.xml
4 ms. Memory: 538624K Free: 448479K (83%)
----------------- Invoking toplevel() on ptolemy.moml.MoMLSimpleApplication@12ada47b
----------------- Done invoking toplevel() on ptolemy.moml.MoMLSimpleApplication@12ada47b
reloadAllAccessors: .functionClosureTest5

===========================================================================================
----------------- testing Fri Jul 12 05:55:19 UTC 2019 /home/travis/build/icyphy/ptII/ptolemy/actor/lib/test/auto/functionClosureTest6.xml
----------------- Instantiating /home/travis/build/icyphy/ptII/ptolemy/actor/lib/test/auto/functionClosureTest6.xml
2 ms. Memory: 538624K Free: 443869K (82%)
----------------- Invoking toplevel() on ptolemy.moml.MoMLSimpleApplication@3a73a571
----------------- Done invoking toplevel() on ptolemy.moml.MoMLSimpleApplication@3a73a571
reloadAllAccessors: .functionClosureTest6

===========================================================================================
----------------- testing Fri Jul 12 05:55:19 UTC 2019 /home/travis/build/icyphy/ptII/ptolemy/actor/lib/test/auto/functionsOnArcs.xml
----------------- Instantiating /home/travis/build/icyphy/ptII/ptolemy/actor/lib/test/auto/functionsOnArcs.xml
2 ms. Memory: 538624K Free: 438239K (81%)
----------------- Invoking toplevel() on ptolemy.moml.MoMLSimpleApplication@574f8b0d
----------------- Done invoking toplevel() on ptolemy.moml.MoMLSimpleApplication@574f8b0d
reloadAllAccessors: .functionsOnArcs

===========================================================================================
----------------- testing Fri Jul 12 05:55:19 UTC 2019 /home/travis/build/icyphy/ptII/ptolemy/actor/lib/test/auto/functionsOnArcsHOF.xml
----------------- Instantiating /home/travis/build/icyphy/ptII/ptolemy/actor/lib/test/auto/functionsOnArcsHOF.xml
3 ms. Memory: 538624K Free: 432605K (80%)
----------------- Invoking toplevel() on ptolemy.moml.MoMLSimpleApplication@6101dd4
----------------- Done invoking toplevel() on ptolemy.moml.MoMLSimpleApplication@6101dd4
reloadAllAccessors: .functionsOnArcsHOF

===========================================================================================
----------------- testing Fri Jul 12 05:55:19 UTC 2019 /home/travis/build/icyphy/ptII/ptolemy/actor/lib/test/auto/logic.xml
----------------- Instantiating /home/travis/build/icyphy/ptII/ptolemy/actor/lib/test/auto/logic.xml
2 ms. Memory: 538624K Free: 425437K (79%)
----------------- Invoking toplevel() on ptolemy.moml.MoMLSimpleApplication@616fb9c1
----------------- Done invoking toplevel() on ptolemy.moml.MoMLSimpleApplication@616fb9c1
reloadAllAccessors: .logic

===========================================================================================
----------------- testing Fri Jul 12 05:55:19 UTC 2019 /home/travis/build/icyphy/ptII/ptolemy/actor/lib/test/auto/matrixType.xml
----------------- Instantiating /home/travis/build/icyphy/ptII/ptolemy/actor/lib/test/auto/matrixType.xml
2 ms. Memory: 538624K Free: 420317K (78%)
----------------- Invoking toplevel() on ptolemy.moml.MoMLSimpleApplication@462a6b27
----------------- Done invoking toplevel() on ptolemy.moml.MoMLSimpleApplication@462a6b27
reloadAllAccessors: .matrixType

===========================================================================================
----------------- testing Fri Jul 12 05:55:19 UTC 2019 /home/travis/build/icyphy/ptII/ptolemy/actor/lib/test/auto/matrixType10.xml
----------------- Instantiating /home/travis/build/icyphy/ptII/ptolemy/actor/lib/test/auto/matrixType10.xml
1 ms. Memory: 538624K Free: 415711K (77%)
----------------- Invoking toplevel() on ptolemy.moml.MoMLSimpleApplication@350a918f
----------------- Done invoking toplevel() on ptolemy.moml.MoMLSimpleApplication@350a918f
reloadAllAccessors: .matrixType10

===========================================================================================
----------------- testing Fri Jul 12 05:55:19 UTC 2019 /home/travis/build/icyphy/ptII/ptolemy/actor/lib/test/auto/matrixType11.xml
----------------- Instantiating /home/travis/build/icyphy/ptII/ptolemy/actor/lib/test/auto/matrixType11.xml
2 ms. Memory: 538624K Free: 410591K (76%)
----------------- Invoking toplevel() on ptolemy.moml.MoMLSimpleApplication@29586669
----------------- Done invoking toplevel() on ptolemy.moml.MoMLSimpleApplication@29586669
reloadAllAccessors: .matrixType11

===========================================================================================
----------------- testing Fri Jul 12 05:55:19 UTC 2019 /home/travis/build/icyphy/ptII/ptolemy/actor/lib/test/auto/matrixType12.xml
----------------- Instantiating /home/travis/build/icyphy/ptII/ptolemy/actor/lib/test/auto/matrixType12.xml
1 ms. Memory: 538624K Free: 405981K (75%)
----------------- Invoking toplevel() on ptolemy.moml.MoMLSimpleApplication@2624059c
----------------- Done invoking toplevel() on ptolemy.moml.MoMLSimpleApplication@2624059c
reloadAllAccessors: .matrixType12

===========================================================================================
----------------- testing Fri Jul 12 05:55:19 UTC 2019 /home/travis/build/icyphy/ptII/ptolemy/actor/lib/test/auto/matrixType13.xml
----------------- Instantiating /home/travis/build/icyphy/ptII/ptolemy/actor/lib/test/auto/matrixType13.xml
1 ms. Memory: 538624K Free: 400861K (74%)
----------------- Invoking toplevel() on ptolemy.moml.MoMLSimpleApplication@5152badd
----------------- Done invoking toplevel() on ptolemy.moml.MoMLSimpleApplication@5152badd
reloadAllAccessors: .matrixType13

===========================================================================================
----------------- testing Fri Jul 12 05:55:19 UTC 2019 /home/travis/build/icyphy/ptII/ptolemy/actor/lib/test/auto/matrixType14.xml
----------------- Instantiating /home/travis/build/icyphy/ptII/ptolemy/actor/lib/test/auto/matrixType14.xml
1 ms. Memory: 538624K Free: 395741K (73%)
----------------- Invoking toplevel() on ptolemy.moml.MoMLSimpleApplication@4035e985
----------------- Done invoking toplevel() on ptolemy.moml.MoMLSimpleApplication@4035e985
reloadAllAccessors: .matrixType14

===========================================================================================
----------------- testing Fri Jul 12 05:55:19 UTC 2019 /home/travis/build/icyphy/ptII/ptolemy/actor/lib/test/auto/matrixType2.xml
----------------- Instantiating /home/travis/build/icyphy/ptII/ptolemy/actor/lib/test/auto/matrixType2.xml
2 ms. Memory: 538624K Free: 390621K (73%)
----------------- Invoking toplevel() on ptolemy.moml.MoMLSimpleApplication@82161dc
----------------- Done invoking toplevel() on ptolemy.moml.MoMLSimpleApplication@82161dc
reloadAllAccessors: .matrixType2

===========================================================================================
----------------- testing Fri Jul 12 05:55:19 UTC 2019 /home/travis/build/icyphy/ptII/ptolemy/actor/lib/test/auto/matrixType3.xml
----------------- Instantiating /home/travis/build/icyphy/ptII/ptolemy/actor/lib/test/auto/matrixType3.xml
4 ms. Memory: 538624K Free: 386015K (72%)
----------------- Invoking toplevel() on ptolemy.moml.MoMLSimpleApplication@7d457dff
----------------- Done invoking toplevel() on ptolemy.moml.MoMLSimpleApplication@7d457dff
reloadAllAccessors: .matrixType3

===========================================================================================
----------------- testing Fri Jul 12 05:55:19 UTC 2019 /home/travis/build/icyphy/ptII/ptolemy/actor/lib/test/auto/matrixType4.xml
----------------- Instantiating /home/travis/build/icyphy/ptII/ptolemy/actor/lib/test/auto/matrixType4.xml
1 ms. Memory: 538624K Free: 380895K (71%)
----------------- Invoking toplevel() on ptolemy.moml.MoMLSimpleApplication@3ade9601
----------------- Done invoking toplevel() on ptolemy.moml.MoMLSimpleApplication@3ade9601
reloadAllAccessors: .matrixType4

===========================================================================================
----------------- testing Fri Jul 12 05:55:19 UTC 2019 /home/travis/build/icyphy/ptII/ptolemy/actor/lib/test/auto/matrixType5.xml
----------------- Instantiating /home/travis/build/icyphy/ptII/ptolemy/actor/lib/test/auto/matrixType5.xml
1 ms. Memory: 538624K Free: 376285K (70%)
----------------- Invoking toplevel() on ptolemy.moml.MoMLSimpleApplication@683b01ae
----------------- Done invoking toplevel() on ptolemy.moml.MoMLSimpleApplication@683b01ae
reloadAllAccessors: .matrixType5

===========================================================================================
----------------- testing Fri Jul 12 05:55:19 UTC 2019 /home/travis/build/icyphy/ptII/ptolemy/actor/lib/test/auto/matrixType6.xml
----------------- Instantiating /home/travis/build/icyphy/ptII/ptolemy/actor/lib/test/auto/matrixType6.xml
2 ms. Memory: 538624K Free: 371165K (69%)
----------------- Invoking toplevel() on ptolemy.moml.MoMLSimpleApplication@28f91c39
----------------- Done invoking toplevel() on ptolemy.moml.MoMLSimpleApplication@28f91c39
reloadAllAccessors: .matrixType6

===========================================================================================
----------------- testing Fri Jul 12 05:55:19 UTC 2019 /home/travis/build/icyphy/ptII/ptolemy/actor/lib/test/auto/matrixType7.xml
----------------- Instantiating /home/travis/build/icyphy/ptII/ptolemy/actor/lib/test/auto/matrixType7.xml
2 ms. Memory: 538624K Free: 366559K (68%)
----------------- Invoking toplevel() on ptolemy.moml.MoMLSimpleApplication@70f16052
----------------- Done invoking toplevel() on ptolemy.moml.MoMLSimpleApplication@70f16052
reloadAllAccessors: .matrixType7

===========================================================================================
----------------- testing Fri Jul 12 05:55:19 UTC 2019 /home/travis/build/icyphy/ptII/ptolemy/actor/lib/test/auto/matrixType8.xml
----------------- Instantiating /home/travis/build/icyphy/ptII/ptolemy/actor/lib/test/auto/matrixType8.xml
2 ms. Memory: 538624K Free: 361439K (67%)
----------------- Invoking toplevel() on ptolemy.moml.MoMLSimpleApplication@16e70fd3
----------------- Done invoking toplevel() on ptolemy.moml.MoMLSimpleApplication@16e70fd3
reloadAllAccessors: .matrixType8

===========================================================================================
----------------- testing Fri Jul 12 05:55:19 UTC 2019 /home/travis/build/icyphy/ptII/ptolemy/actor/lib/test/auto/matrixType9.xml
----------------- Instantiating /home/travis/build/icyphy/ptII/ptolemy/actor/lib/test/auto/matrixType9.xml
1 ms. Memory: 538624K Free: 356829K (66%)
----------------- Invoking toplevel() on ptolemy.moml.MoMLSimpleApplication@3c4eafe9
----------------- Done invoking toplevel() on ptolemy.moml.MoMLSimpleApplication@3c4eafe9
reloadAllAccessors: .matrixType9

===========================================================================================
----------------- testing Fri Jul 12 05:55:19 UTC 2019 /home/travis/build/icyphy/ptII/ptolemy/actor/lib/test/auto/paraFunctest.xml
----------------- Instantiating /home/travis/build/icyphy/ptII/ptolemy/actor/lib/test/auto/paraFunctest.xml
2 ms. Memory: 538624K Free: 352223K (65%)
----------------- Invoking toplevel() on ptolemy.moml.MoMLSimpleApplication@7775fd72
----------------- Done invoking toplevel() on ptolemy.moml.MoMLSimpleApplication@7775fd72
reloadAllAccessors: .paraFunctest

===========================================================================================
----------------- testing Fri Jul 12 05:55:19 UTC 2019 /home/travis/build/icyphy/ptII/ptolemy/actor/lib/test/auto/paraFunctest2.xml
----------------- Instantiating /home/travis/build/icyphy/ptII/ptolemy/actor/lib/test/auto/paraFunctest2.xml
2 ms. Memory: 538624K Free: 348637K (65%)
----------------- Invoking toplevel() on ptolemy.moml.MoMLSimpleApplication@6f419e0
----------------- Done invoking toplevel() on ptolemy.moml.MoMLSimpleApplication@6f419e0
reloadAllAccessors: .paraFunctest2

===========================================================================================
----------------- testing Fri Jul 12 05:55:19 UTC 2019 /home/travis/build/icyphy/ptII/ptolemy/actor/lib/test/auto/parameterPassing.xml
----------------- Instantiating /home/travis/build/icyphy/ptII/ptolemy/actor/lib/test/auto/parameterPassing.xml
1 ms. Memory: 538624K Free: 344031K (64%)
----------------- Invoking toplevel() on ptolemy.moml.MoMLSimpleApplication@7a1b0909
----------------- Done invoking toplevel() on ptolemy.moml.MoMLSimpleApplication@7a1b0909
reloadAllAccessors: .parameterPassing

===========================================================================================
----------------- testing Fri Jul 12 05:55:19 UTC 2019 /home/travis/build/icyphy/ptII/ptolemy/actor/lib/test/auto/record.xml
----------------- Instantiating /home/travis/build/icyphy/ptII/ptolemy/actor/lib/test/auto/record.xml
2 ms. Memory: 538624K Free: 339421K (63%)
----------------- Invoking toplevel() on ptolemy.moml.MoMLSimpleApplication@6658c52f
----------------- Done invoking toplevel() on ptolemy.moml.MoMLSimpleApplication@6658c52f
reloadAllAccessors: .record

===========================================================================================
----------------- testing Fri Jul 12 05:55:19 UTC 2019 /home/travis/build/icyphy/ptII/ptolemy/actor/lib/test/auto/sizedarray1.xml
----------------- Instantiating /home/travis/build/icyphy/ptII/ptolemy/actor/lib/test/auto/sizedarray1.xml
1 ms. Memory: 538624K Free: 333791K (62%)
----------------- Invoking toplevel() on ptolemy.moml.MoMLSimpleApplication@7687d8df
----------------- Done invoking toplevel() on ptolemy.moml.MoMLSimpleApplication@7687d8df
reloadAllAccessors: .sizedarray1

===========================================================================================
----------------- testing Fri Jul 12 05:55:20 UTC 2019 /home/travis/build/icyphy/ptII/ptolemy/actor/lib/test/auto/sizedarray2.xml
----------------- Instantiating /home/travis/build/icyphy/ptII/ptolemy/actor/lib/test/auto/sizedarray2.xml
3 ms. Memory: 538624K Free: 328671K (61%)
----------------- Invoking toplevel() on ptolemy.moml.MoMLSimpleApplication@3c09cb2a
----------------- Done invoking toplevel() on ptolemy.moml.MoMLSimpleApplication@3c09cb2a
reloadAllAccessors: .sizedarray2

===========================================================================================
----------------- testing Fri Jul 12 05:55:20 UTC 2019 /home/travis/build/icyphy/ptII/ptolemy/actor/lib/test/auto/twoPublishers.xml
----------------- Instantiating /home/travis/build/icyphy/ptII/ptolemy/actor/lib/test/auto/twoPublishers.xml
6 ms. Memory: 538624K Free: 317917K (59%)
----------------- Invoking toplevel() on ptolemy.moml.MoMLSimpleApplication@b4b71f6
----------------- Done invoking toplevel() on ptolemy.moml.MoMLSimpleApplication@b4b71f6
reloadAllAccessors: .twoPublishers
AutoTests.java: About to close Vertx.
AutoTests.java: Vertx closed.
]]></system-out>
  <system-err><![CDATA[java.lang.RuntimeException: Execution failed
	at ptolemy.moml.MoMLSimpleApplication$UnloadThread.run(MoMLSimpleApplication.java:402)
Caused by: java.lang.RuntimeException: StringUtilities.exit() was called. Normally, we would exit here because Manager.exitAfterWrapup() was called.  However, because the ptolemy.ptII.exitAfterWrapup property is set, we throw this exception instead.
	at ptolemy.util.StringUtilities.exit(StringUtilities.java:363)
	at ptolemy.actor.Manager.wrapup(Manager.java:1531)
	at ptolemy.actor.Manager.execute(Manager.java:407)
	at ptolemy.actor.Manager.run(Manager.java:1263)
	at ptolemy.actor.Manager$PtolemyRunThread.run(Manager.java:1915)
Warning: '.top.test' is in training mode, set the trainingMode parameter to false before checking in
Warning: '.top.test' is in training mode, set the trainingMode parameter to false before checking in
Warning: '.top.test' is in training mode, set the trainingMode parameter to false before checking in
Warning: '.BooleanSwitch_RegressionTest_WrongTrainingValues.Test' is in training mode, set the trainingMode parameter to false before checking in
Warning: '.BooleanSwitch_RegressionTest_WrongTrainingValues.Test2' is in training mode, set the trainingMode parameter to false before checking in
Warning: '.BooleanSwitch_RegressionTest_WrongTrainingValues.Test2' The test produced 0 tokens.
Warning: '.top.testExceptionHandler' is in training mode, set the trainingMode parameter to false before checking in
java.lang.RuntimeException: Execution failed
	at ptolemy.moml.MoMLSimpleApplication$UnloadThread.run(MoMLSimpleApplication.java:402)
Caused by: ptolemy.kernel.util.IllegalActionException: PublisherPorts cannot be used at the top level, use a Publisher actor instead.
  in .PublisherPortToplevelSubscriber.PublisherPort
	at ptolemy.actor.PublisherPort.preinitialize(PublisherPort.java:403)
	at ptolemy.actor.CompositeActor.preinitialize(CompositeActor.java:1769)
	at ptolemy.actor.Manager.preinitializeAndResolveTypes(Manager.java:1040)
	at ptolemy.actor.Manager.initialize(Manager.java:710)
	at ptolemy.actor.Manager.execute(Manager.java:356)
	at ptolemy.actor.Manager.run(Manager.java:1263)
	at ptolemy.actor.Manager$PtolemyRunThread.run(Manager.java:1915)
java.lang.reflect.InvocationTargetException
	at java.base/jdk.internal.reflect.NativeConstructorAccessorImpl.newInstance0(Native Method)
	at java.base/jdk.internal.reflect.NativeConstructorAccessorImpl.newInstance(NativeConstructorAccessorImpl.java:62)
	at java.base/jdk.internal.reflect.DelegatingConstructorAccessorImpl.newInstance(DelegatingConstructorAccessorImpl.java:45)
	at java.base/java.lang.reflect.Constructor.newInstance(Constructor.java:490)
	at ptolemy.util.test.junit.AutoKnownFailedTests.RunModel(AutoKnownFailedTests.java:105)
	at java.base/jdk.internal.reflect.NativeMethodAccessorImpl.invoke0(Native Method)
	at java.base/jdk.internal.reflect.NativeMethodAccessorImpl.invoke(NativeMethodAccessorImpl.java:62)
	at java.base/jdk.internal.reflect.DelegatingMethodAccessorImpl.invoke(DelegatingMethodAccessorImpl.java:43)
	at java.base/java.lang.reflect.Method.invoke(Method.java:566)
	at org.junit.runners.model.FrameworkMethod$1.runReflectiveCall(FrameworkMethod.java:44)
	at org.junit.internal.runners.model.ReflectiveCallable.run(ReflectiveCallable.java:15)
	at org.junit.runners.model.FrameworkMethod.invokeExplosively(FrameworkMethod.java:41)
	at junitparams.internal.InvokeParameterisedMethod.evaluate(InvokeParameterisedMethod.java:102)
	at org.junit.internal.runners.statements.FailOnTimeout$1.run(FailOnTimeout.java:28)
Caused by: ptolemy.kernel.util.IllegalActionException: PublisherPorts cannot be used at the top level, use a Publisher actor instead.
  in .PublisherPortToplevelSubscriber.PublisherPort
	at ptolemy.actor.PublisherPort.preinitialize(PublisherPort.java:403)
	at ptolemy.actor.CompositeActor.preinitialize(CompositeActor.java:1769)
	at ptolemy.actor.Manager.preinitializeAndResolveTypes(Manager.java:1040)
	at ptolemy.actor.Manager.initialize(Manager.java:710)
	at ptolemy.actor.Manager.execute(Manager.java:356)
	at ptolemy.actor.Manager.run(Manager.java:1263)
	at ptolemy.actor.Manager$PtolemyRunThread.run(Manager.java:1915)
java.lang.RuntimeException: Execution failed
	at ptolemy.moml.MoMLSimpleApplication$UnloadThread.run(MoMLSimpleApplication.java:402)
Caused by: ptolemy.kernel.util.IllegalActionException: SubscriberPorts cannot be used at the top level, use a Subscriber actor instead.
  in .PublisherSubscriberPortToplevel.SubscriberPort
	at ptolemy.actor.SubscriberPort.preinitialize(SubscriberPort.java:328)
	at ptolemy.actor.CompositeActor.preinitialize(CompositeActor.java:1769)
	at ptolemy.actor.Manager.preinitializeAndResolveTypes(Manager.java:1040)
	at ptolemy.actor.Manager.initialize(Manager.java:710)
	at ptolemy.actor.Manager.execute(Manager.java:356)
	at ptolemy.actor.Manager.run(Manager.java:1263)
	at ptolemy.actor.Manager$PtolemyRunThread.run(Manager.java:1915)
java.lang.reflect.InvocationTargetException
	at java.base/jdk.internal.reflect.NativeConstructorAccessorImpl.newInstance0(Native Method)
	at java.base/jdk.internal.reflect.NativeConstructorAccessorImpl.newInstance(NativeConstructorAccessorImpl.java:62)
	at java.base/jdk.internal.reflect.DelegatingConstructorAccessorImpl.newInstance(DelegatingConstructorAccessorImpl.java:45)
	at java.base/java.lang.reflect.Constructor.newInstance(Constructor.java:490)
	at ptolemy.util.test.junit.AutoKnownFailedTests.RunModel(AutoKnownFailedTests.java:105)
	at java.base/jdk.internal.reflect.NativeMethodAccessorImpl.invoke0(Native Method)
	at java.base/jdk.internal.reflect.NativeMethodAccessorImpl.invoke(NativeMethodAccessorImpl.java:62)
	at java.base/jdk.internal.reflect.DelegatingMethodAccessorImpl.invoke(DelegatingMethodAccessorImpl.java:43)
	at java.base/java.lang.reflect.Method.invoke(Method.java:566)
	at org.junit.runners.model.FrameworkMethod$1.runReflectiveCall(FrameworkMethod.java:44)
	at org.junit.internal.runners.model.ReflectiveCallable.run(ReflectiveCallable.java:15)
	at org.junit.runners.model.FrameworkMethod.invokeExplosively(FrameworkMethod.java:41)
	at junitparams.internal.InvokeParameterisedMethod.evaluate(InvokeParameterisedMethod.java:102)
	at org.junit.internal.runners.statements.FailOnTimeout$1.run(FailOnTimeout.java:28)
Caused by: ptolemy.kernel.util.IllegalActionException: SubscriberPorts cannot be used at the top level, use a Subscriber actor instead.
  in .PublisherSubscriberPortToplevel.SubscriberPort
	at ptolemy.actor.SubscriberPort.preinitialize(SubscriberPort.java:328)
	at ptolemy.actor.CompositeActor.preinitialize(CompositeActor.java:1769)
	at ptolemy.actor.Manager.preinitializeAndResolveTypes(Manager.java:1040)
	at ptolemy.actor.Manager.initialize(Manager.java:710)
	at ptolemy.actor.Manager.execute(Manager.java:356)
	at ptolemy.actor.Manager.run(Manager.java:1263)
	at ptolemy.actor.Manager$PtolemyRunThread.run(Manager.java:1915)
java.lang.RuntimeException: Execution failed
	at ptolemy.moml.MoMLSimpleApplication$UnloadThread.run(MoMLSimpleApplication.java:402)
Caused by: ptolemy.kernel.util.IllegalActionException: SubscriptionAggregatorPorts cannot be used at the top level, use a SubscriptionAggregator actor instead.
  in .PublisherSubscriptionAggregatorPort.SubscriptionAggregatorPort
	at ptolemy.actor.SubscriptionAggregatorPort.preinitialize(SubscriptionAggregatorPort.java:353)
	at ptolemy.actor.CompositeActor.preinitialize(CompositeActor.java:1769)
	at ptolemy.actor.Manager.preinitializeAndResolveTypes(Manager.java:1040)
	at ptolemy.actor.Manager.initialize(Manager.java:710)
	at ptolemy.actor.Manager.execute(Manager.java:356)
	at ptolemy.actor.Manager.run(Manager.java:1263)
	at ptolemy.actor.Manager$PtolemyRunThread.run(Manager.java:1915)
java.lang.reflect.InvocationTargetException
	at java.base/jdk.internal.reflect.NativeConstructorAccessorImpl.newInstance0(Native Method)
	at java.base/jdk.internal.reflect.NativeConstructorAccessorImpl.newInstance(NativeConstructorAccessorImpl.java:62)
	at java.base/jdk.internal.reflect.DelegatingConstructorAccessorImpl.newInstance(DelegatingConstructorAccessorImpl.java:45)
	at java.base/java.lang.reflect.Constructor.newInstance(Constructor.java:490)
	at ptolemy.util.test.junit.AutoKnownFailedTests.RunModel(AutoKnownFailedTests.java:105)
	at java.base/jdk.internal.reflect.NativeMethodAccessorImpl.invoke0(Native Method)
	at java.base/jdk.internal.reflect.NativeMethodAccessorImpl.invoke(NativeMethodAccessorImpl.java:62)
	at java.base/jdk.internal.reflect.DelegatingMethodAccessorImpl.invoke(DelegatingMethodAccessorImpl.java:43)
	at java.base/java.lang.reflect.Method.invoke(Method.java:566)
	at org.junit.runners.model.FrameworkMethod$1.runReflectiveCall(FrameworkMethod.java:44)
	at org.junit.internal.runners.model.ReflectiveCallable.run(ReflectiveCallable.java:15)
	at org.junit.runners.model.FrameworkMethod.invokeExplosively(FrameworkMethod.java:41)
	at junitparams.internal.InvokeParameterisedMethod.evaluate(InvokeParameterisedMethod.java:102)
	at org.junit.internal.runners.statements.FailOnTimeout$1.run(FailOnTimeout.java:28)
Caused by: ptolemy.kernel.util.IllegalActionException: SubscriptionAggregatorPorts cannot be used at the top level, use a SubscriptionAggregator actor instead.
  in .PublisherSubscriptionAggregatorPort.SubscriptionAggregatorPort
	at ptolemy.actor.SubscriptionAggregatorPort.preinitialize(SubscriptionAggregatorPort.java:353)
	at ptolemy.actor.CompositeActor.preinitialize(CompositeActor.java:1769)
	at ptolemy.actor.Manager.preinitializeAndResolveTypes(Manager.java:1040)
	at ptolemy.actor.Manager.initialize(Manager.java:710)
	at ptolemy.actor.Manager.execute(Manager.java:356)
	at ptolemy.actor.Manager.run(Manager.java:1263)
	at ptolemy.actor.Manager$PtolemyRunThread.run(Manager.java:1915)
java.lang.RuntimeException: Execution failed
	at ptolemy.moml.MoMLSimpleApplication$UnloadThread.run(MoMLSimpleApplication.java:402)
Caused by: ptolemy.kernel.util.IllegalActionException: TypeTest actor has no training data.
  in .sizedarray3.TypeTest
	at ptolemy.actor.lib.TypeTest.initialize(TypeTest.java:250)
	at ptolemy.actor.Director.initialize(Director.java:938)
	at ptolemy.actor.Director.initialize(Director.java:907)
	at ptolemy.actor.sched.StaticSchedulingDirector.initialize(StaticSchedulingDirector.java:159)
	at ptolemy.domains.sdf.kernel.SDFDirector.initialize(SDFDirector.java:544)
	at ptolemy.actor.CompositeActor.initialize(CompositeActor.java:935)
	at ptolemy.actor.Manager.initialize(Manager.java:724)
	at ptolemy.actor.Manager.execute(Manager.java:356)
	at ptolemy.actor.Manager.run(Manager.java:1263)
	at ptolemy.actor.Manager$PtolemyRunThread.run(Manager.java:1915)
java.lang.reflect.InvocationTargetException
	at java.base/jdk.internal.reflect.NativeConstructorAccessorImpl.newInstance0(Native Method)
	at java.base/jdk.internal.reflect.NativeConstructorAccessorImpl.newInstance(NativeConstructorAccessorImpl.java:62)
	at java.base/jdk.internal.reflect.DelegatingConstructorAccessorImpl.newInstance(DelegatingConstructorAccessorImpl.java:45)
	at java.base/java.lang.reflect.Constructor.newInstance(Constructor.java:490)
	at ptolemy.util.test.junit.AutoKnownFailedTests.RunModel(AutoKnownFailedTests.java:105)
	at java.base/jdk.internal.reflect.NativeMethodAccessorImpl.invoke0(Native Method)
	at java.base/jdk.internal.reflect.NativeMethodAccessorImpl.invoke(NativeMethodAccessorImpl.java:62)
	at java.base/jdk.internal.reflect.DelegatingMethodAccessorImpl.invoke(DelegatingMethodAccessorImpl.java:43)
	at java.base/java.lang.reflect.Method.invoke(Method.java:566)
	at org.junit.runners.model.FrameworkMethod$1.runReflectiveCall(FrameworkMethod.java:44)
	at org.junit.internal.runners.model.ReflectiveCallable.run(ReflectiveCallable.java:15)
	at org.junit.runners.model.FrameworkMethod.invokeExplosively(FrameworkMethod.java:41)
	at junitparams.internal.InvokeParameterisedMethod.evaluate(InvokeParameterisedMethod.java:102)
	at org.junit.internal.runners.statements.FailOnTimeout$1.run(FailOnTimeout.java:28)
Caused by: ptolemy.kernel.util.IllegalActionException: TypeTest actor has no training data.
  in .sizedarray3.TypeTest
	at ptolemy.actor.lib.TypeTest.initialize(TypeTest.java:250)
	at ptolemy.actor.Director.initialize(Director.java:938)
	at ptolemy.actor.Director.initialize(Director.java:907)
	at ptolemy.actor.sched.StaticSchedulingDirector.initialize(StaticSchedulingDirector.java:159)
	at ptolemy.domains.sdf.kernel.SDFDirector.initialize(SDFDirector.java:544)
	at ptolemy.actor.CompositeActor.initialize(CompositeActor.java:935)
	at ptolemy.actor.Manager.initialize(Manager.java:724)
	at ptolemy.actor.Manager.execute(Manager.java:356)
	at ptolemy.actor.Manager.run(Manager.java:1263)
	at ptolemy.actor.Manager$PtolemyRunThread.run(Manager.java:1915)
java.lang.RuntimeException: Execution failed
	at ptolemy.moml.MoMLSimpleApplication$UnloadThread.run(MoMLSimpleApplication.java:402)
Caused by: ptolemy.kernel.util.IllegalActionException: Test fails in iteration 0.
Value was: "WARNING: An illegal reflective access operation has occurred\nWARNING: Illegal reflective access by io.netty.util.internal.ReflectionUtil (file:/home/travis/build/icyphy/ptII/lib/netty-common-4.1.19.Final.jar) to constructor java.nio.DirectByteBuffer(long,int)\nWARNING: Please consider reporting this to the maintainers of io.netty.util.internal.ReflectionUtil\nWARNING: Use --illegal-access=warn to enable warnings of further illegal reflective access operations\nWARNING: All illegal access operations will be denied in a future release\n". Should have been: ""
  in .ExecRunDemos.Test
	at ptolemy.actor.lib.Test.fire(Test.java:268)
	at ptolemy.actor.AtomicActor.iterate(AtomicActor.java:512)
	at ptolemy.actor.sched.StaticSchedulingDirector.fire(StaticSchedulingDirector.java:216)
	at ptolemy.domains.sdf.kernel.SDFDirector.fire(SDFDirector.java:500)
	at ptolemy.actor.CompositeActor.fire(CompositeActor.java:455)
	at ptolemy.actor.Manager.iterate(Manager.java:851)
	at ptolemy.actor.Manager.execute(Manager.java:369)
	at ptolemy.actor.Manager.run(Manager.java:1263)
	at ptolemy.actor.Manager$PtolemyRunThread.run(Manager.java:1915)
]]></system-err>
</testsuite>
