<?xml version="1.0" encoding="UTF-8" ?>
<testsuite errors="0" failures="0" hostname="travis-job-1f4a967b-9359-4524-8cb1-8d3b0b6054a9" name="ptolemy.domains.de.test.junit.JUnitTclTest" skipped="0" tests="101" time="129.517" timestamp="2019-05-04T01:24:07">
  <properties>
    <property name="npm.executable" value="npm" />
    <property name="file.encoding.pkg" value="sun.io" />
    <property name="env.TRAVIS_ROOT" value="/" />
    <property name="ptII.mk.exists" value="true" />
    <property name="env.TRAVIS_APP_HOST" value="build.travis-ci.org" />
    <property name="env.rvm_bin_path" value="/home/travis/.rvm/bin" />
    <property name="java.home" value="/usr/lib/jvm/java-8-oracle/jre" />
    <property name="env.TRAVIS_JOB_NUMBER" value="1117.9" />
    <property name="env.TRAVIS_HOME" value="/home/travis" />
    <property name="env.DISPLAY" value=":99.0" />
    <property name="java.net.preferIPv4Stack" value="true" />
    <property name="env.TRAVIS_INIT" value="upstart" />
    <property name="env.SSH_TTY" value="/dev/pts/0" />
    <property name="env.RUN_TESTS" value="true" />
    <property name="timeout.short" value="1000000" />
    <property name="env.TRAVIS_JOB_NAME" value="" />
    <property name="env.TRAVIS_STACK_NODE_ATTRIBUTES" value="/.node-attributes.yml" />
    <property name="junit.formatter" value="xml" />
    <property name="java.endorsed.dirs" value="/usr/lib/jvm/java-8-oracle/jre/lib/endorsed" />
    <property name="env.TRAVIS_SUDO" value="true" />
    <property name="env.LOGNAME" value="travis" />
    <property name="jsdoc.home" value="node_modules/@terraswarm/jsdoc" />
    <property name="debuglevel" value="source,lines,vars" />
    <property name="checkstyle.formatter" value="xml" />
    <property name="bin.vergil.makeable" value="true" />
    <property name="env._system_version" value="14.04" />
    <property name="sun.os.patch.level" value="unknown" />
    <property name="java.vendor.url" value="http://java.oracle.com/" />
    <property name="env.TRAVIS_BUILD_WEB_URL" value="https://travis-ci.org/icyphy/ptII/builds/528018608" />
    <property name="java.version" value="1.8.0_151" />
    <property name="env.TZ" value="UTC" />
    <property name="env.PT_NO_NET" value="true" />
    <property name="env.TRAVIS_PULL_REQUEST_SHA" value="" />
    <property name="env.TRAVIS_SECURE_ENV_VARS" value="true" />
    <property name="env._system_type" value="Linux" />
    <property name="java.vendor.url.bug" value="http://bugreport.sun.com/bugreport/" />
    <property name="env.SSH_CLIENT" value="10.10.4.22 39488 22" />
    <property name="npmjs-org-is-up" value="true" />
    <property name="env.GEM_HOME" value="/home/travis/.rvm/gems/ruby-2.4.1" />
    <property name="env.HAS_ANTARES_THREE_LITTLE_FRONZIES_BADGE" value="true" />
    <property name="env.PS4" value="+" />
    <property name="ant.project.invoked-targets" value="build,test.core2.xml" />
    <property name="env.TRAVIS_PULL_REQUEST_BRANCH" value="" />
    <property name="env.TRAVIS_REPO_SLUG" value="icyphy/ptII" />
    <property name="env.TRAVIS_APT_PROXY" value="http://build-cache.travisci.net" />
    <property name="node.in.path" value="true" />
    <property name="java.maxmemory" value="1400m" />
    <property name="env.RUBY_VERSION" value="ruby-2.4.1" />
    <property name="user.name" value="travis" />
    <property name="env.LANG" value="en_US.UTF-8" />
    <property name="sun.io.unicode.encoding" value="UnicodeLittle" />
    <property name="sun.jnu.encoding" value="UTF-8" />
    <property name="java.runtime.name" value="Java(TM) SE Runtime Environment" />
    <property name="usefile" value="false" />
    <property name="return.code" value="0" />
    <property name="junit.single.formatter" value="plain" />
    <property name="env.DYLD_LIBRARY_PATH" value="/home/travis/pthla/certi-tools/lib:" />
    <property name="env.DEBIAN_FRONTEND" value="noninteractive" />
    <property name="env.SSH_CONNECTION" value="10.10.4.22 39488 10.20.0.29 22" />
    <property name="env.MYSQL_UNIX_PORT" value="/var/run/mysqld/mysqld.sock" />
    <property name="env.TRAVIS_ALLOW_FAILURE" value="false" />
    <property name="env.LC_ALL" value="en_US.UTF-8" />
    <property name="env.TRAVIS_JOB_WEB_URL" value="https://travis-ci.org/icyphy/ptII/jobs/528018617" />
    <property name="java.specification.name" value="Java Platform API Specification" />
    <property name="node.works" value="true" />
    <property name="user.timezone" value="" />
    <property name="path.separator" value=":" />
    <property name="env.TRAVIS_ENABLE_INFRA_DETECTION" value="true" />
    <property name="env.PYTHON_CFLAGS" value="-g -fstack-protector --param=ssp-buffer-size=4 -Wformat -Werror=format-security" />
    <property name="timeout.long" value="4000000" />
    <property name="env.CERTI_HOME" value="/home/travis/pthla/certi-tools" />
    <property name="file.encoding" value="UTF-8" />
    <property name="ant.file.ptII" value="/home/travis/build/icyphy/ptII/build.xml" />
    <property name="javadoc.packagenames" value="com.*,diva.*,lbnl.*,org.hlacerti.*,org.json.*,org.ptolemy.*,org.terraswarm.*,ptolemy.*,ptserver.*" />
    <property name="env.TRAVIS_PULL_REQUEST_SLUG" value="" />
    <property name="ant.project.default-target" value="build" />
    <property name="env.GIT_ASKPASS" value="echo" />
    <property name="env.HOME" value="/home/travis" />
    <property name="sun.java.command" value="org.apache.tools.ant.taskdefs.optional.junit.JUnitTestRunner ptolemy.domains.de.test.junit.JUnitTclTest skipNonTests=false filtertrace=true haltOnError=false haltOnFailure=false formatter=org.apache.tools.ant.taskdefs.optional.junit.OutErrSummaryJUnitResultFormatter showoutput=true outputtoformatters=true logfailedtests=true threadid=0 logtestlistenerevents=false formatter=org.apache.tools.ant.taskdefs.optional.junit.XMLJUnitResultFormatter,/home/travis/build/icyphy/ptII/reports/junit/TEST-ptolemy.domains.de.test.junit.JUnitTclTest.xml crashfile=/home/travis/build/icyphy/ptII/junitvmwatcher5227449242941449344.properties propsfile=/home/travis/build/icyphy/ptII/junit3756000909577612988.properties" />
    <property name="env.MANPATH" value="/home/travis/.nvm/versions/node/v7.10.1/share/man:/home/travis/.kiex/elixirs/elixir-1.4.5/man:/home/travis/.rvm/rubies/ruby-2.4.1/share/man:/usr/local/man:/usr/local/cmake-3.9.2/man:/usr/local/clang-5.0.0/share/man:/usr/local/share/man:/usr/share/man:/home/travis/.rvm/man" />
    <property name="env.COMPOSER_NO_INTERACTION" value="1" />
    <property name="env.JDK_SWITCHER_DEFAULT" value="oraclejdk8" />
    <property name="env.TRAVIS_TIMER_ID" value="019ad0c0" />
    <property name="ant.file" value="/home/travis/build/icyphy/ptII/build.xml" />
    <property name="env.TRAVIS_COMMIT_RANGE" value="777fcfefa266...fdc7cd51071d" />
    <property name="env._system_name" value="Ubuntu" />
    <property name="timeout" value="2400000" />
    <property name="ptII.classpath.optional.property" value="/home/travis/build/icyphy/ptII/lib/bsh-2.0b4.jar:/home/travis/build/icyphy/ptII/lib/ptCal.jar:/home/travis/build/icyphy/ptII/lib/java_cup.jar:/home/travis/build/icyphy/ptII/lib/saxon8.jar:/home/travis/build/icyphy/ptII/lib/saxon8-dom.jar:/home/travis/build/icyphy/ptII/lib/chic.jar:/home/travis/build/icyphy/ptII/lib/ptcolt.jar:/usr/lib/jvm/java-8-oracle/lib/tools.jar:/home/travis/build/icyphy/ptII/vendors/misc/itext/iText.jar:/home/travis/build/icyphy/ptII/lib/g4ltl.jar:/home/travis/build/icyphy/ptII/lib/StructuralCoder.jar:/home/travis/build/icyphy/ptII/vendors/jai-1_1_2_01/lib/jai_core.jar:/home/travis/build/icyphy/ptII/vendors/jai-1_1_2_01/lib/jai_codec.jar:/home/travis/build/icyphy/ptII/lib/jcerti.jar:/home/travis/build/icyphy/ptII/lib/javax.mail.jar:/home/travis/build/icyphy/ptII/vendors/JMF-2.1.1e/lib/jmf.jar:/home/travis/build/icyphy/ptII/lib/jna-4.0.0-variadic.jar:/home/travis/build/icyphy/ptII/vendors/misc/joystick/Joystick.jar:/home/travis/build/icyphy/ptII/lib/ptjacl.jar:/home/travis/build/icyphy/ptII/lib/jsoup-1.8.2.jar:/home/travis/build/icyphy/ptII/lib/junit-4.8.2.jar:/home/travis/build/icyphy/ptII/lib/JUnitParams-0.4.0.jar:/home/travis/build/icyphy/ptII/ptolemy/actor/lib/excel/jxl.jar:/home/travis/build/icyphy/ptII/lib/jython.jar:/home/travis/build/icyphy/ptII/lib/kieler.jar:/home/travis/build/icyphy/ptII/vendors/opencv/share/OpenCV/java/opencv-341.jar:/home/travis/build/icyphy/ptII/lib/oscP5.jar:/home/travis/build/icyphy/ptII/lib/nrjavaserial-3.11.0.devel.jar:/home/travis/build/icyphy/ptII/vendors/j3d/lib/j3dcore.jar:/home/travis/build/icyphy/ptII/vendors/j3d/lib/j3dutils.jar:/home/travis/build/icyphy/ptII/vendors/j3d/lib/vecmath.jar:/home/travis/build/icyphy/ptII/ptolemy/distributed/jini/jar/jini-core.jar:/home/travis/build/icyphy/ptII/ptolemy/distributed/jini/jar/jini-ext.jar:/home/travis/build/icyphy/ptII/ptolemy/distributed/jini/jar/sun-util.jar:/home/travis/build/icyphy/ptII/lib/protobuf-java-2.4.1.jar:/home/travis/build/icyphy/ptII/lib/org.eclipse.paho.client.mqttv3.jar:/home/travis/build/icyphy/ptII/lib/mapss.jar:/home/travis/build/icyphy/ptII/ptolemy/actor/ptalon/antlr/antlr.jar:/home/travis/build/icyphy/ptII/lib/JRI.jar:/home/travis/build/icyphy/ptII/lib/commons-lang-2.6.jar:/home/travis/build/icyphy/ptII/lib/commons-logging-1.1.1.jar:/home/travis/build/icyphy/ptII/lib/sootclasses.jar:/home/travis/build/icyphy/ptII/ptolemy/actor/lib/database/mysql-connector-java-5.1.6-bin.jar:/home/travis/build/icyphy/ptII/vendors/misc/sphinx4/sphinx4-data-5prealpha.jar:/home/travis/build/icyphy/ptII/vendors/misc/sphinx4/sphinx4-core-5prealpha.jar:/home/travis/build/icyphy/ptII/lib/PDFRenderer.jar:/home/travis/build/icyphy/ptII/lib/svgSalamander.jar:/home/travis/build/icyphy/ptII/lib/rsyntaxtextarea-2.6.0-SNAPSHOT.jar:/home/travis/build/icyphy/ptII/lib/hazelcast-3.8.2.jar:/home/travis/build/icyphy/ptII/lib/jackson-annotations-2.9.0.jar:/home/travis/build/icyphy/ptII/lib/jackson-core-2.9.3.jar:/home/travis/build/icyphy/ptII/lib/jackson-databind-2.9.3.jar:/home/travis/build/icyphy/ptII/lib/netty-buffer-4.1.19.Final.jar:/home/travis/build/icyphy/ptII/lib/netty-codec-4.1.19.Final.jar:/home/travis/build/icyphy/ptII/lib/netty-codec-dns-4.1.19.Final.jar:/home/travis/build/icyphy/ptII/lib/netty-codec-http-4.1.19.Final.jar:/home/travis/build/icyphy/ptII/lib/netty-codec-http2-4.1.19.Final.jar:/home/travis/build/icyphy/ptII/lib/netty-common-4.1.19.Final.jar:/home/travis/build/icyphy/ptII/lib/netty-handler-4.1.19.Final.jar:/home/travis/build/icyphy/ptII/lib/netty-resolver-4.1.19.Final.jar:/home/travis/build/icyphy/ptII/lib/netty-resolver-dns-4.1.19.Final.jar:/home/travis/build/icyphy/ptII/lib/netty-transport-4.1.19.Final.jar:/home/travis/build/icyphy/ptII/lib/vertx-codegen-3.5.1.jar:/home/travis/build/icyphy/ptII/lib/vertx-core-3.5.2-SNAPSHOT.jar:/home/travis/build/icyphy/ptII/lib/vertx-hazelcast-3.5.1.jar:/home/travis/build/icyphy/ptII/lib/vertx-lang-js-3.5.1.jar:/home/travis/build/icyphy/ptII/lib/vertx-service-proxy-3.5.1.jar:/home/travis/build/icyphy/ptII/lib/vertx-web-3.5.1.jar:/home/travis/build/icyphy/ptII/lib/slf4j-api-1.7.13.jar:/home/travis/build/icyphy/ptII/lib/slf4j-simple-1.7.13.jar:/home/travis/build/icyphy/ptII/lib/webcam-capture-0.3.12.jar:/home/travis/build/icyphy/ptII/lib/bridj-0.7.0.jar:/home/travis/build/icyphy/ptII/lib/xbjlib-1.1.0.nrjavaserial.jar" />
    <property name="test.batch" value="**/junit/*.java" />
    <property name="env._" value="/usr/bin/timeout" />
    <property name="java.io.tmpdir" value="/tmp" />
    <property name="env.TRAVIS_INTERNAL_RUBY_REGEX" value="^ruby-(2\.[0-4]\.[0-9]|1\.9\.3)" />
    <property name="user.language" value="en" />
    <property name="env.HISTCONTROL" value="ignoredups:ignorespace" />
    <property name="env.GOROOT" value="/home/travis/.gimme/versions/go1.7.4.linux.amd64" />
    <property name="line.separator" value="&#xa;" />
    <property name="target" value="1.8" />
    <property name="env.TRAVIS_BUILD_DIR" value="/home/travis/build/icyphy/ptII" />
    <property name="env.ANT_OPTS" value="-Xmx2048m" />
    <property name="ant.file.type" value="file" />
    <property name="ptolemy.ptII.batchMode" value="true" />
    <property name="env.HISTSIZE" value="1000" />
    <property name="env.MERB_ENV" value="test" />
    <property name="java.vm.info" value="mixed mode" />
    <property name="source" value="1.8" />
    <property name="java.vm.specification.name" value="Java Virtual Machine Specification" />
    <property name="env.TRAVIS_TEST_RESULT" value="0" />
    <property name="jsdoc.command" value="node_modules/@terraswarm/jsdoc/jsdoc.js" />
    <property name="npm.works" value="true" />
    <property name="cobertura.dir" value="/home/travis/build/icyphy/ptII/vendors/cobertura-2.0.3" />
    <property name="env.rvm_path" value="/home/travis/.rvm" />
    <property name="env.GEM_PATH" value="/home/travis/.rvm/gems/ruby-2.4.1:/home/travis/.rvm/gems/ruby-2.4.1@global" />
    <property name="env.LC_CTYPE" value="en_US.UTF-8" />
    <property name="java.awt.printerjob" value="sun.print.PSPrinterJob" />
    <property name="env.TRAVIS_CMD" value="$PTII/bin/ptIITravisBuild.sh $SECONDS" />
    <property name="env.TRAVIS_STACK_NAME" value="garnet" />
    <property name="env.TRAVIS_TIMER_START_TIME" value="1556932519082539070" />
    <property name="ant.version" value="Apache Ant(TM) version 1.10.1 compiled on February 2 2017" />
    <property name="ptII.reports" value="/home/travis/build/icyphy/ptII/reports" />
    <property name="env.TRAVIS_STACK_TIMESTAMP" value="2017-12-05 19:33:09 UTC" />
    <property name="ant.file.type.ptII" value="file" />
    <property name="env.RBENV_SHELL" value="bash" />
    <property name="os.name" value="Linux" />
    <property name="java.specification.vendor" value="Oracle Corporation" />
    <property name="env.rvm_version" value="1.29.3 (latest)" />
    <property name="env.TRAVIS_INFRA" value="gce" />
    <property name="env.TERM" value="xterm" />
    <property name="java.vm.name" value="Java HotSpot(TM) 64-Bit Server VM" />
    <property name="env.TRAVIS_BUILD_NUMBER" value="1117" />
    <property name="env.CI" value="true" />
    <property name="java.library.path" value="/home/travis/pthla/certi-tools/lib:/usr/lib/jni:/usr/local/share/OpenCV/java/:/usr/share/OpenCV/java::/usr/java/packages/lib/amd64:/usr/lib64:/lib64:/lib:/usr/lib" />
    <property name="env.rvm_prefix" value="/home/travis" />
    <property name="env.PATH" value="/home/travis/pthla/certi-tools/share/scripts:/home/travis/.rvm/gems/ruby-2.4.1/bin:/home/travis/.rvm/gems/ruby-2.4.1@global/bin:/home/travis/.rvm/rubies/ruby-2.4.1/bin:/home/travis/.rvm/bin:/home/travis/.nvm/versions/node/v7.10.1/bin:./node_modules/.bin:/home/travis/build/icyphy/ptII/bin:/home/travis/pthla/certi-tools/bin:/home/travis/bin:/home/travis/.local/bin:/opt/pyenv/shims:/home/travis/.phpenv/shims:/home/travis/perl5/perlbrew/bin:/home/travis/.kiex/elixirs/elixir-1.4.5/bin:/home/travis/.kiex/bin:/home/travis/gopath/bin:/home/travis/.gimme/versions/go1.7.4.linux.amd64/bin:/usr/local/phantomjs/bin:/usr/local/phantomjs:/usr/local/neo4j-3.2.7/bin:/usr/local/maven-3.5.2/bin:/usr/local/cmake-3.9.2/bin:/usr/local/clang-5.0.0/bin:/usr/local/sbin:/usr/local/bin:/usr/sbin:/usr/bin:/sbin:/bin:/home/travis/.phpenv/bin:/opt/pyenv/bin:/home/travis/.yarn/bin" />
    <property name="env.TRAVIS_OS_NAME" value="linux" />
    <property name="ant.java.version" value="1.8" />
    <property name="basedir" value="/home/travis/build/icyphy/ptII" />
    <property name="java.class.version" value="52.0" />
    <property name="env.SHLVL" value="3" />
    <property name="env.LD_LIBRARY_PATH" value="/home/travis/pthla/certi-tools/lib:/usr/lib/jni:/usr/local/share/OpenCV/java/:/usr/share/OpenCV/java:" />
    <property name="env.RACK_ENV" value="test" />
    <property name="ant.home" value="/home/travis/build/icyphy/ptII/ant" />
    <property name="env.PERLBREW_BASHRC_VERSION" value="0.80" />
    <property name="env.NVM_DIR" value="/home/travis/.nvm" />
    <property name="env.TRAVIS_BUILD_ID" value="528018608" />
    <property name="env.CERTI_FOM_PATH" value="/home/travis/pthla/certi-tools/share/federations" />
    <property name="env.PYENV_ROOT" value="/opt/pyenv" />
    <property name="env.TRAVIS_UID" value="2000" />
    <property name="env.rvm_pretty_print_flag" value="auto" />
    <property name="env.NVM_BIN" value="/home/travis/.nvm/versions/node/v7.10.1/bin" />
    <property name="env.TRAVIS_COMMIT" value="fdc7cd51071de7cfa162e83a056e47972639de4d" />
    <property name="env._system_arch" value="x86_64" />
    <property name="node.executable" value="node" />
    <property name="sun.boot.library.path" value="/usr/lib/jvm/java-8-oracle/jre/lib/amd64" />
    <property name="sun.management.compiler" value="HotSpot 64-Bit Tiered Compilers" />
    <property name="env.GOPATH" value="/home/travis/gopath" />
    <property name="java.awt.graphicsenv" value="sun.awt.X11GraphicsEnvironment" />
    <property name="ptolemy.ptII.dir" value="/home/travis/build/icyphy/ptII" />
    <property name="env.USER" value="travis" />
    <property name="env.HISTFILESIZE" value="2000" />
    <property name="timeout.longest" value="19000000" />
    <property name="env.TRAVIS_STACK_FEATURES" value="basic cassandra chromium couchdb disabled-ipv6 docker docker-compose elasticsearch firefox go-toolchain google-chrome jdk memcached mongodb mysql neo4j nodejs_interpreter perl_interpreter perlbrew phantomjs postgresql python_interpreter rabbitmq redis riak ruby_interpreter sqlite xserver" />
    <property name="env.TRAVIS_PULL_REQUEST" value="false" />
    <property name="env.PYENV_SHELL" value="bash" />
    <property name="ant.project.name" value="ptII" />
    <property name="java.vm.specification.version" value="1.8" />
    <property name="env.ANSI_RESET" value="\033[0m" />
    <property name="env.TRAVIS_DIST" value="trusty" />
    <property name="env.CERTI_VERSION" value="4.0.0" />
    <property name="env.NLSPATH" value="/usr/dt/lib/nls/msg/%L/%N.cat" />
    <property name="awt.toolkit" value="sun.awt.X11.XToolkit" />
    <property name="env.CERTI_HOST" value="localhost" />
    <property name="env.MY_RUBY_HOME" value="/home/travis/.rvm/rubies/ruby-2.4.1" />
    <property name="sun.cpu.isalist" value="" />
    <property name="env.TRAVIS_TMPDIR" value="/tmp/tmp.MkOkUsOJVA" />
    <property name="java.ext.dirs" value="/usr/lib/jvm/java-8-oracle/jre/lib/ext:/usr/java/packages/lib/ext" />
    <property name="os.version" value="4.4.0-101-generic" />
    <property name="user.home" value="/home/travis" />
    <property name="env.MIX_ARCHIVES" value="/home/travis/.kiex/mix/elixir-1.4.5" />
    <property name="java.vm.vendor" value="Oracle Corporation" />
    <property name="env.TRAVIS_TAG" value="nightly" />
    <property name="env.ANSI_YELLOW" value="\033[33;1m" />
    <property name="env.TRAVIS_FILTERED" value="redirect_io" />
    <property name="env.ANSI_GREEN" value="\033[32;1m" />
    <property name="env.JAVA_HOME" value="/usr/lib/jvm/java-8-oracle" />
    <property name="env.PTII" value="/home/travis/build/icyphy/ptII" />
    <property name="javadoc.excludepackagenames" value="adm.cvs2svn.*,build.*,config.*,doc.coding.templates.*,jni.test.jni.meaningOfLife.*,jni.test.jni.testDeux.*,jni.test.jni.testTrois.*,org.terraswarm.accessor.accessors.web.node_modules.*,org.terraswarm.accessor.accessors.web.hosts.cordova.demo.*,org.terraswarm.accessor.accessors.web.hosts.cordova.plugins.*,org.terraswarm.accessor.accessors-svn.*,pt-modules.*,ptolemy.apps.agilent.*,ptolemy.apps.anytimecontrol.*,ptolemy.apps.apes.*,ptolemy.apps.charon.*,ptolemy.apps.crazyboard.*,ptolemy.apps.eclipse.*,ptolemy.apps.etherealSting.*,ptolemy.apps.fullscreen.*,ptolemy.apps.giotto.*,ptolemy.apps.ia.*,ptolemy.apps.interfaces.*,ptolemy.apps.jmf.*,ptolemy.apps.kurt.*,ptolemy.apps.kvm.*,ptolemy.apps.lego.*,ptolemy.apps.lejos.*,ptolemy.apps.midp.*,ptolemy.apps.mobileCoding.*,ptolemy.apps.pendulum.*,ptolemy.apps.rijndael.*,ptolemy.apps.robot.*,ptolemy.apps.security.*,ptolemy.apps.sobel.*,ptolemy.apps.soot.*,ptolemy.apps.throttle.*,ptolemy.apps.tini.*,ptolemy.apps.transmission.*,ptolemy.apps.vergil.*,ptolemy.apps.waba.*,ptolemy.apps.websensor.*,ptolemy.apps.webstart.*,ptolemy.apps.xsl.*,ptolemy.apps.zaurus.*,ptolemy.codegen.c.actor.lib.oldJavaFiles.*,ptolemy.codegen.dsp.lib.*,ptolemy.codegen.kernel.newInterfaces.*,ptolemy.codegen.lib.*,ptolemy.copernicus.kernel.fragment.*,ptolemy.copernicus.shallow.cg.*,ptolemy.domains.giotto.demo.Hierarchy.Hierarchy.*,ptolemy.domains.giotto.demo.Multimode.Multimode.*,ptolemy.domains.giotto.demo.Simple.Simple.*,ptolemy.domains.gr.lib.experimental.*,ptolemy.domains.gro.*,ptolemy.domains.pdf.*,ptolemy.domains.ptinyos.demo.Surge.output.*,ptolemy.moml.test.NoPackageActor.java*,ptolemy.plot.adm.*,ptolemy.plot.servlet.*,reports.*,signed.*,src.*,target.*,vendors.*,ptolemy.apps.eclipse.awt.*,ptolemy.backtrack.*,ptolemy.backtrack.ast.*,ptolemy.cg.adapter.generic.program.procedural.c.mbed*,ptolemy.homer.*,org.ptolemy.scala.*,diva.util.java2d.svg.*,ptolemy.domains.ptinyos.*,ptolemy.actor.lib.fmi.fmipp.*,,org.terraswarm.accessor.accessors.web.node_modules.*,org.terraswarm.accessor.accessors-svn,ptolemy.apps.*,ptolemy.actor.ptalon.demo.ptinyos.SendAndReceiveCnt.output,ptolemy.actor.ptalon.demo.ptinyos.SenseToLeds.output,ptolemy.domains.ptinyos.demo.CntToLedsAndRfm.output,ptolemy.domains.ptinyos.demo.RfmToLeds.output,ptolemy.domains.ptinyos.demo.SendAndReceiveCnt.output,ptolemy.domains.ptinyos.demo.SenseToLeds.output,ptolemy.actor.lib.jjs.modules.udpSocket.*" />
    <property name="env.TRAVIS_COMMIT_MESSAGE" value="Merge branch &apos;master&apos; of https://github.com/icyphy/ptII" />
    <property name="keystore" value="ptKeystore" />
    <property name="env.XDG_SESSION_ID" value="2" />
    <property name="junit.output.dir" value="/home/travis/build/icyphy/ptII/reports/junit" />
    <property name="npm.return.code" value="0" />
    <property name="user.dir" value="/home/travis/build/icyphy/ptII/ptolemy/domains/de/test" />
    <property name="env.TRAVIS_NODE_VERSION" value="7" />
    <property name="env.XFILESEARCHPATH" value="/usr/dt/app-defaults/%L/Dt" />
    <property name="env.TRAVIS_EVENT_TYPE" value="push" />
    <property name="env.MAIL" value="/var/mail/travis" />
    <property name="env.PWD" value="/home/travis/build/icyphy/ptII" />
    <property name="env.PERLBREW_ROOT" value="/home/travis/perl5/perlbrew" />
    <property name="timeout.npm" value="45000" />
    <property name="env.PT_TRAVIS_TEST_CORE2_XML" value="true" />
    <property name="env.TRAVIS_ARCH" value="amd64" />
    <property name="env.PAGER" value="cat" />
    <property name="sun.cpu.endian" value="little" />
    <property name="env.TRAVIS_BUILD_STAGE_NAME" value="Test" />
    <property name="env.PERLBREW_HOME" value="/home/travis/.perlbrew" />
    <property name="env.RAILS_ENV" value="test" />
    <property name="java.vm.version" value="25.151-b12" />
    <property name="java.class.path" value="/home/travis/build/icyphy/ptII:/home/travis/build/icyphy/ptII/lib/bsh-2.0b4.jar:/home/travis/build/icyphy/ptII/lib/ptCal.jar:/home/travis/build/icyphy/ptII/lib/java_cup.jar:/home/travis/build/icyphy/ptII/lib/saxon8.jar:/home/travis/build/icyphy/ptII/lib/saxon8-dom.jar:/home/travis/build/icyphy/ptII/lib/chic.jar:/home/travis/build/icyphy/ptII/lib/ptcolt.jar:/usr/lib/jvm/java-8-oracle/lib/tools.jar:/home/travis/build/icyphy/ptII/vendors/misc/itext/iText.jar:/home/travis/build/icyphy/ptII/lib/g4ltl.jar:/home/travis/build/icyphy/ptII/lib/StructuralCoder.jar:/home/travis/build/icyphy/ptII/vendors/jai-1_1_2_01/lib/jai_core.jar:/home/travis/build/icyphy/ptII/vendors/jai-1_1_2_01/lib/jai_codec.jar:/home/travis/build/icyphy/ptII/lib/jcerti.jar:/home/travis/build/icyphy/ptII/lib/javax.mail.jar:/home/travis/build/icyphy/ptII/vendors/JMF-2.1.1e/lib/jmf.jar:/home/travis/build/icyphy/ptII/lib/jna-4.0.0-variadic.jar:/home/travis/build/icyphy/ptII/vendors/misc/joystick/Joystick.jar:/home/travis/build/icyphy/ptII/lib/ptjacl.jar:/home/travis/build/icyphy/ptII/lib/jsoup-1.8.2.jar:/home/travis/build/icyphy/ptII/lib/junit-4.8.2.jar:/home/travis/build/icyphy/ptII/lib/JUnitParams-0.4.0.jar:/home/travis/build/icyphy/ptII/ptolemy/actor/lib/excel/jxl.jar:/home/travis/build/icyphy/ptII/lib/jython.jar:/home/travis/build/icyphy/ptII/lib/kieler.jar:/home/travis/build/icyphy/ptII/vendors/opencv/share/OpenCV/java/opencv-341.jar:/home/travis/build/icyphy/ptII/lib/oscP5.jar:/home/travis/build/icyphy/ptII/lib/nrjavaserial-3.11.0.devel.jar:/home/travis/build/icyphy/ptII/vendors/j3d/lib/j3dcore.jar:/home/travis/build/icyphy/ptII/vendors/j3d/lib/j3dutils.jar:/home/travis/build/icyphy/ptII/vendors/j3d/lib/vecmath.jar:/home/travis/build/icyphy/ptII/ptolemy/distributed/jini/jar/jini-core.jar:/home/travis/build/icyphy/ptII/ptolemy/distributed/jini/jar/jini-ext.jar:/home/travis/build/icyphy/ptII/ptolemy/distributed/jini/jar/sun-util.jar:/home/travis/build/icyphy/ptII/lib/protobuf-java-2.4.1.jar:/home/travis/build/icyphy/ptII/lib/org.eclipse.paho.client.mqttv3.jar:/home/travis/build/icyphy/ptII/lib/mapss.jar:/home/travis/build/icyphy/ptII/ptolemy/actor/ptalon/antlr/antlr.jar:/home/travis/build/icyphy/ptII/lib/JRI.jar:/home/travis/build/icyphy/ptII/lib/commons-lang-2.6.jar:/home/travis/build/icyphy/ptII/lib/commons-logging-1.1.1.jar:/home/travis/build/icyphy/ptII/lib/sootclasses.jar:/home/travis/build/icyphy/ptII/ptolemy/actor/lib/database/mysql-connector-java-5.1.6-bin.jar:/home/travis/build/icyphy/ptII/vendors/misc/sphinx4/sphinx4-data-5prealpha.jar:/home/travis/build/icyphy/ptII/vendors/misc/sphinx4/sphinx4-core-5prealpha.jar:/home/travis/build/icyphy/ptII/lib/PDFRenderer.jar:/home/travis/build/icyphy/ptII/lib/svgSalamander.jar:/home/travis/build/icyphy/ptII/lib/rsyntaxtextarea-2.6.0-SNAPSHOT.jar:/home/travis/build/icyphy/ptII/lib/hazelcast-3.8.2.jar:/home/travis/build/icyphy/ptII/lib/jackson-annotations-2.9.0.jar:/home/travis/build/icyphy/ptII/lib/jackson-core-2.9.3.jar:/home/travis/build/icyphy/ptII/lib/jackson-databind-2.9.3.jar:/home/travis/build/icyphy/ptII/lib/netty-buffer-4.1.19.Final.jar:/home/travis/build/icyphy/ptII/lib/netty-codec-4.1.19.Final.jar:/home/travis/build/icyphy/ptII/lib/netty-codec-dns-4.1.19.Final.jar:/home/travis/build/icyphy/ptII/lib/netty-codec-http-4.1.19.Final.jar:/home/travis/build/icyphy/ptII/lib/netty-codec-http2-4.1.19.Final.jar:/home/travis/build/icyphy/ptII/lib/netty-common-4.1.19.Final.jar:/home/travis/build/icyphy/ptII/lib/netty-handler-4.1.19.Final.jar:/home/travis/build/icyphy/ptII/lib/netty-resolver-4.1.19.Final.jar:/home/travis/build/icyphy/ptII/lib/netty-resolver-dns-4.1.19.Final.jar:/home/travis/build/icyphy/ptII/lib/netty-transport-4.1.19.Final.jar:/home/travis/build/icyphy/ptII/lib/vertx-codegen-3.5.1.jar:/home/travis/build/icyphy/ptII/lib/vertx-core-3.5.2-SNAPSHOT.jar:/home/travis/build/icyphy/ptII/lib/vertx-hazelcast-3.5.1.jar:/home/travis/build/icyphy/ptII/lib/vertx-lang-js-3.5.1.jar:/home/travis/build/icyphy/ptII/lib/vertx-service-proxy-3.5.1.jar:/home/travis/build/icyphy/ptII/lib/vertx-web-3.5.1.jar:/home/travis/build/icyphy/ptII/lib/slf4j-api-1.7.13.jar:/home/travis/build/icyphy/ptII/lib/slf4j-simple-1.7.13.jar:/home/travis/build/icyphy/ptII/lib/webcam-capture-0.3.12.jar:/home/travis/build/icyphy/ptII/lib/bridj-0.7.0.jar:/home/travis/build/icyphy/ptII/lib/xbjlib-1.1.0.nrjavaserial.jar:/home/travis/build/icyphy/ptII/ptolemy/moml/test:/home/travis/build/icyphy/ptII/ant/lib/ant-launcher.jar:/home/travis/build/icyphy/ptII/ant/lib/ant.jar:/home/travis/build/icyphy/ptII/ant/lib/ant-junit.jar:/home/travis/build/icyphy/ptII/ant/lib/ant-junit4.jar" />
    <property name="ant.library.dir" value="/home/travis/build/icyphy/ptII/ant/lib" />
    <property name="os.arch" value="amd64" />
    <property name="env.TRAVIS_LANGUAGE" value="node_js" />
    <property name="env.CONTINUOUS_INTEGRATION" value="true" />
    <property name="env.TRAVIS_STACK_LANGUAGES" value="__garnet__ c c++ clojure cplusplus cpp default go groovy java node_js php pure_java python ruby scala" />
    <property name="test.name" value="ptolemy.actor.lib.test.junit.JUnitTclTest" />
    <property name="sun.java.launcher" value="SUN_STANDARD" />
    <property name="env.PYTHON_CONFIGURE_OPTS" value="--enable-unicode=ucs4 --with-wide-unicode --enable-shared --enable-ipv6 --enable-loadable-sqlite-extensions --with-computed-gotos" />
    <property name="ant.core.lib" value="/home/travis/build/icyphy/ptII/ant/lib/ant.jar" />
    <property name="java.vm.specification.vendor" value="Oracle Corporation" />
    <property name="env.BCVTB_HOME" value="/home/travis/build/icyphy/ptII/lbnl" />
    <property name="file.separator" value="/" />
    <property name="spotbugs.home" value="/home/travis/build/icyphy/ptII/vendors/spotbugs-3.1.1" />
    <property name="java.runtime.version" value="1.8.0_151-b12" />
    <property name="sun.boot.class.path" value="/usr/lib/jvm/java-8-oracle/jre/lib/resources.jar:/usr/lib/jvm/java-8-oracle/jre/lib/rt.jar:/usr/lib/jvm/java-8-oracle/jre/lib/sunrsasign.jar:/usr/lib/jvm/java-8-oracle/jre/lib/jsse.jar:/usr/lib/jvm/java-8-oracle/jre/lib/jce.jar:/usr/lib/jvm/java-8-oracle/jre/lib/charsets.jar:/usr/lib/jvm/java-8-oracle/jre/lib/jfr.jar:/usr/lib/jvm/java-8-oracle/jre/classes" />
    <property name="env.ANSI_CLEAR" value="\033[0K" />
    <property name="env.HAS_JOSH_K_SEAL_OF_APPROVAL" value="true" />
    <property name="env.XDG_RUNTIME_DIR" value="/run/user/2000" />
    <property name="env.TRAVIS_OSX_IMAGE" value="" />
    <property name="env.TRAVIS_BRANCH" value="master" />
    <property name="env.TRAVIS_JOB_ID" value="528018617" />
    <property name="user.country" value="US" />
    <property name="env.CERTI_HOME_TRAVIS" value="/home/travis/pthla/certi-tools" />
    <property name="env.SHELL" value="/bin/bash" />
    <property name="java.maxmemory.large" value="5000m" />
    <property name="model" value="" />
    <property name="env.CASHER_DIR" value="/home/travis/.casher" />
    <property name="env.NVM_CD_FLAGS" value="" />
    <property name="jshint.executable" value="/home/travis/node_modules/jshint/bin/jshint" />
    <property name="java.vendor" value="Oracle Corporation" />
    <property name="env.JRUBY_OPTS" value=" --client -J-XX:+TieredCompilation -J-XX:TieredStopAtLevel=1 -J-Xss2m -Xcompile.invokedynamic=false" />
    <property name="env.TRAVIS_PRE_CHEF_BOOTSTRAP_TIME" value="2017-12-05T19:32:55" />
    <property name="env.TRAVIS_STACK_JOB_BOARD_REGISTER" value="/.job-board-register.yml" />
    <property name="env.ELIXIR_VERSION" value="1.4.5" />
    <property name="env.ANSI_RED" value="\033[31;1m" />
    <property name="java.specification.version" value="1.8" />
    <property name="env.TRAVIS" value="true" />
    <property name="env.IRBRC" value="/home/travis/.rvm/rubies/ruby-2.4.1/.irbrc" />
    <property name="sun.arch.data.model" value="64" />
  </properties>
  <testcase classname="ptolemy.util.test.junit.TclTests" name="[0] /home/travis/build/icyphy/ptII/ptolemy/domains/de/test/DependencyLoop.tcl (RunTclFile)" time="0.787" />
  <testcase classname="ptolemy.util.test.junit.TclTests" name="[1] /home/travis/build/icyphy/ptII/ptolemy/domains/de/test/RunDETestsAsQSS.tcl (RunTclFile)" time="88.65" />
  <testcase classname="ptolemy.util.test.junit.AutoKnownFailedTests" name="[0] /home/travis/build/icyphy/ptII/ptolemy/domains/de/test/auto/knownFailedTests/DESDFClockTest.xml (RunModel)" time="2.031" />
  <testcase classname="ptolemy.util.test.junit.AutoKnownFailedTests" name="[1] /home/travis/build/icyphy/ptII/ptolemy/domains/de/test/auto/knownFailedTests/DirectFeedback.xml (RunModel)" time="0.014" />
  <testcase classname="ptolemy.util.test.junit.AutoKnownFailedTests" name="[2] /home/travis/build/icyphy/ptII/ptolemy/domains/de/test/auto/knownFailedTests/FSMSource.xml (RunModel)" time="0.039" />
  <testcase classname="ptolemy.util.test.junit.AutoKnownFailedTests" name="[3] /home/travis/build/icyphy/ptII/ptolemy/domains/de/test/auto/knownFailedTests/HierarchicalModel.xml (RunModel)" time="0.043" />
  <testcase classname="ptolemy.util.test.junit.AutoKnownFailedTests" name="[4] /home/travis/build/icyphy/ptII/ptolemy/domains/de/test/auto/knownFailedTests/dependencyLoop.xml (RunModel)" time="0.036" />
  <testcase classname="ptolemy.util.test.junit.AutoKnownFailedTests" name="[5] /home/travis/build/icyphy/ptII/ptolemy/domains/de/test/auto/knownFailedTests/dependencyLoop2.xml (RunModel)" time="0.032" />
  <testcase classname="ptolemy.util.test.junit.AutoNameArchTests" name="[0] ThereAreNoAutoArchTests (RunModel)" time="0.0" />
  <testcase classname="ptolemy.util.test.junit.AutoTests" name="[0] /home/travis/build/icyphy/ptII/ptolemy/domains/de/test/auto/ActorDepthCalculation_actorWithoutPorts.xml (RunModel)" time="0.014" />
  <testcase classname="ptolemy.util.test.junit.AutoTests" name="[1] /home/travis/build/icyphy/ptII/ptolemy/domains/de/test/auto/AssemblyLine.xml (RunModel)" time="0.017" />
  <testcase classname="ptolemy.util.test.junit.AutoTests" name="[2] /home/travis/build/icyphy/ptII/ptolemy/domains/de/test/auto/CQBug1.xml (RunModel)" time="0.007" />
  <testcase classname="ptolemy.util.test.junit.AutoTests" name="[3] /home/travis/build/icyphy/ptII/ptolemy/domains/de/test/auto/CancelFireAt.xml (RunModel)" time="0.006" />
  <testcase classname="ptolemy.util.test.junit.AutoTests" name="[4] /home/travis/build/icyphy/ptII/ptolemy/domains/de/test/auto/CausalityAndComposabilityAnalysis.xml (RunModel)" time="0.011" />
  <testcase classname="ptolemy.util.test.junit.AutoTests" name="[5] /home/travis/build/icyphy/ptII/ptolemy/domains/de/test/auto/CausalityInterface1.xml (RunModel)" time="0.012" />
  <testcase classname="ptolemy.util.test.junit.AutoTests" name="[6] /home/travis/build/icyphy/ptII/ptolemy/domains/de/test/auto/CausalityInterface15.xml (RunModel)" time="0.013" />
  <testcase classname="ptolemy.util.test.junit.AutoTests" name="[7] /home/travis/build/icyphy/ptII/ptolemy/domains/de/test/auto/CausalityInterface2.xml (RunModel)" time="0.01" />
  <testcase classname="ptolemy.util.test.junit.AutoTests" name="[8] /home/travis/build/icyphy/ptII/ptolemy/domains/de/test/auto/CausalityInterface3.xml (RunModel)" time="0.018" />
  <testcase classname="ptolemy.util.test.junit.AutoTests" name="[9] /home/travis/build/icyphy/ptII/ptolemy/domains/de/test/auto/ClockDrift.xml (RunModel)" time="0.033" />
  <testcase classname="ptolemy.util.test.junit.AutoTests" name="[10] /home/travis/build/icyphy/ptII/ptolemy/domains/de/test/auto/ClockDriftAndValueChange.xml (RunModel)" time="0.032" />
  <testcase classname="ptolemy.util.test.junit.AutoTests" name="[11] /home/travis/build/icyphy/ptII/ptolemy/domains/de/test/auto/ClockDriftChange.xml (RunModel)" time="0.026" />
  <testcase classname="ptolemy.util.test.junit.AutoTests" name="[12] /home/travis/build/icyphy/ptII/ptolemy/domains/de/test/auto/ComposableCausalityAnalysis.xml (RunModel)" time="0.016" />
  <testcase classname="ptolemy.util.test.junit.AutoTests" name="[13] /home/travis/build/icyphy/ptII/ptolemy/domains/de/test/auto/DEFixedPointLimitation.xml (RunModel)" time="0.009" />
  <testcase classname="ptolemy.util.test.junit.AutoTests" name="[14] /home/travis/build/icyphy/ptII/ptolemy/domains/de/test/auto/DEScheduleTest.xml (RunModel)" time="0.011" />
  <testcase classname="ptolemy.util.test.junit.AutoTests" name="[15] /home/travis/build/icyphy/ptII/ptolemy/domains/de/test/auto/DEinDEwithStartTimes.xml (RunModel)" time="0.013" />
  <testcase classname="ptolemy.util.test.junit.AutoTests" name="[16] /home/travis/build/icyphy/ptII/ptolemy/domains/de/test/auto/DEinDEwithStartTimes2.xml (RunModel)" time="0.013" />
  <testcase classname="ptolemy.util.test.junit.AutoTests" name="[17] /home/travis/build/icyphy/ptII/ptolemy/domains/de/test/auto/DateDemo.xml (RunModel)" time="0.027" />
  <testcase classname="ptolemy.util.test.junit.AutoTests" name="[18] /home/travis/build/icyphy/ptII/ptolemy/domains/de/test/auto/DateToEvent.xml (RunModel)" time="2.041" />
  <testcase classname="ptolemy.util.test.junit.AutoTests" name="[19] /home/travis/build/icyphy/ptII/ptolemy/domains/de/test/auto/DepthTest1.xml (RunModel)" time="0.007" />
  <testcase classname="ptolemy.util.test.junit.AutoTests" name="[20] /home/travis/build/icyphy/ptII/ptolemy/domains/de/test/auto/DepthTest2.xml (RunModel)" time="0.018" />
  <testcase classname="ptolemy.util.test.junit.AutoTests" name="[21] /home/travis/build/icyphy/ptII/ptolemy/domains/de/test/auto/DepthTest3.xml (RunModel)" time="0.007" />
  <testcase classname="ptolemy.util.test.junit.AutoTests" name="[22] /home/travis/build/icyphy/ptII/ptolemy/domains/de/test/auto/DepthTest4.xml (RunModel)" time="0.012" />
  <testcase classname="ptolemy.util.test.junit.AutoTests" name="[23] /home/travis/build/icyphy/ptII/ptolemy/domains/de/test/auto/DepthTest5.xml (RunModel)" time="0.014" />
  <testcase classname="ptolemy.util.test.junit.AutoTests" name="[24] /home/travis/build/icyphy/ptII/ptolemy/domains/de/test/auto/DepthTest6.xml (RunModel)" time="0.013" />
  <testcase classname="ptolemy.util.test.junit.AutoTests" name="[25] /home/travis/build/icyphy/ptII/ptolemy/domains/de/test/auto/DepthTest7.xml (RunModel)" time="0.011" />
  <testcase classname="ptolemy.util.test.junit.AutoTests" name="[26] /home/travis/build/icyphy/ptII/ptolemy/domains/de/test/auto/EventToDate.xml (RunModel)" time="3.033" />
  <testcase classname="ptolemy.util.test.junit.AutoTests" name="[27] /home/travis/build/icyphy/ptII/ptolemy/domains/de/test/auto/FSM1.xml (RunModel)" time="0.031" />
  <testcase classname="ptolemy.util.test.junit.AutoTests" name="[28] /home/travis/build/icyphy/ptII/ptolemy/domains/de/test/auto/FSM7.xml (RunModel)" time="0.029" />
  <testcase classname="ptolemy.util.test.junit.AutoTests" name="[29] /home/travis/build/icyphy/ptII/ptolemy/domains/de/test/auto/Inspection.xml (RunModel)" time="0.058" />
  <testcase classname="ptolemy.util.test.junit.AutoTests" name="[30] /home/travis/build/icyphy/ptII/ptolemy/domains/de/test/auto/Iteration.xml (RunModel)" time="0.032" />
  <testcase classname="ptolemy.util.test.junit.AutoTests" name="[31] /home/travis/build/icyphy/ptII/ptolemy/domains/de/test/auto/LineFault.xml (RunModel)" time="0.541" />
  <testcase classname="ptolemy.util.test.junit.AutoTests" name="[32] /home/travis/build/icyphy/ptII/ptolemy/domains/de/test/auto/MergeModel1Add.xml (RunModel)" time="0.039" />
  <testcase classname="ptolemy.util.test.junit.AutoTests" name="[33] /home/travis/build/icyphy/ptII/ptolemy/domains/de/test/auto/MergeModel2Add.xml (RunModel)" time="0.035" />
  <testcase classname="ptolemy.util.test.junit.AutoTests" name="[34] /home/travis/build/icyphy/ptII/ptolemy/domains/de/test/auto/MergeModel3Add.xml (RunModel)" time="0.039" />
  <testcase classname="ptolemy.util.test.junit.AutoTests" name="[35] /home/travis/build/icyphy/ptII/ptolemy/domains/de/test/auto/MergeWithoutDiscard.xml (RunModel)" time="0.01" />
  <testcase classname="ptolemy.util.test.junit.AutoTests" name="[36] /home/travis/build/icyphy/ptII/ptolemy/domains/de/test/auto/Modal1.xml (RunModel)" time="0.031" />
  <testcase classname="ptolemy.util.test.junit.AutoTests" name="[37] /home/travis/build/icyphy/ptII/ptolemy/domains/de/test/auto/Modal2.xml (RunModel)" time="0.03" />
  <testcase classname="ptolemy.util.test.junit.AutoTests" name="[38] /home/travis/build/icyphy/ptII/ptolemy/domains/de/test/auto/Modal3.xml (RunModel)" time="0.033" />
  <testcase classname="ptolemy.util.test.junit.AutoTests" name="[39] /home/travis/build/icyphy/ptII/ptolemy/domains/de/test/auto/Modal4.xml (RunModel)" time="0.028" />
  <testcase classname="ptolemy.util.test.junit.AutoTests" name="[40] /home/travis/build/icyphy/ptII/ptolemy/domains/de/test/auto/Modal5.xml (RunModel)" time="0.029" />
  <testcase classname="ptolemy.util.test.junit.AutoTests" name="[41] /home/travis/build/icyphy/ptII/ptolemy/domains/de/test/auto/Modal6.xml (RunModel)" time="0.027" />
  <testcase classname="ptolemy.util.test.junit.AutoTests" name="[42] /home/travis/build/icyphy/ptII/ptolemy/domains/de/test/auto/Modal7.xml (RunModel)" time="0.027" />
  <testcase classname="ptolemy.util.test.junit.AutoTests" name="[43] /home/travis/build/icyphy/ptII/ptolemy/domains/de/test/auto/ModalModel.xml (RunModel)" time="0.146" />
  <testcase classname="ptolemy.util.test.junit.AutoTests" name="[44] /home/travis/build/icyphy/ptII/ptolemy/domains/de/test/auto/ModalSource.xml (RunModel)" time="0.017" />
  <testcase classname="ptolemy.util.test.junit.AutoTests" name="[45] /home/travis/build/icyphy/ptII/ptolemy/domains/de/test/auto/NonInterruptibleTimerZeroDelay.xml (RunModel)" time="0.011" />
  <testcase classname="ptolemy.util.test.junit.AutoTests" name="[46] /home/travis/build/icyphy/ptII/ptolemy/domains/de/test/auto/OpenQueueingNetwork.xml (RunModel)" time="2.136" />
  <testcase classname="ptolemy.util.test.junit.AutoTests" name="[47] /home/travis/build/icyphy/ptII/ptolemy/domains/de/test/auto/OpenQueuingNetwork.xml (RunModel)" time="0.265" />
  <testcase classname="ptolemy.util.test.junit.AutoTests" name="[48] /home/travis/build/icyphy/ptII/ptolemy/domains/de/test/auto/PeriodicSampler.xml (RunModel)" time="0.008" />
  <testcase classname="ptolemy.util.test.junit.AutoTests" name="[49] /home/travis/build/icyphy/ptII/ptolemy/domains/de/test/auto/PersistentIO.xml (RunModel)" time="0.017" />
  <testcase classname="ptolemy.util.test.junit.AutoTests" name="[50] /home/travis/build/icyphy/ptII/ptolemy/domains/de/test/auto/PortParameterResetOnInitialize.xml (RunModel)" time="0.01" />
  <testcase classname="ptolemy.util.test.junit.AutoTests" name="[51] /home/travis/build/icyphy/ptII/ptolemy/domains/de/test/auto/PortParameterUpdates.xml (RunModel)" time="0.014" />
  <testcase classname="ptolemy.util.test.junit.AutoTests" name="[52] /home/travis/build/icyphy/ptII/ptolemy/domains/de/test/auto/QueueAndServer.xml (RunModel)" time="0.022" />
  <testcase classname="ptolemy.util.test.junit.AutoTests" name="[53] /home/travis/build/icyphy/ptII/ptolemy/domains/de/test/auto/Records.xml (RunModel)" time="0.018" />
  <testcase classname="ptolemy.util.test.junit.AutoTests" name="[54] /home/travis/build/icyphy/ptII/ptolemy/domains/de/test/auto/ResetTransitionWithStartTime1.xml (RunModel)" time="0.016" />
  <testcase classname="ptolemy.util.test.junit.AutoTests" name="[55] /home/travis/build/icyphy/ptII/ptolemy/domains/de/test/auto/ResetTransitionWithStartTime2.xml (RunModel)" time="0.019" />
  <testcase classname="ptolemy.util.test.junit.AutoTests" name="[56] /home/travis/build/icyphy/ptII/ptolemy/domains/de/test/auto/ResetTransitionWithStartTime3.xml (RunModel)" time="0.018" />
  <testcase classname="ptolemy.util.test.junit.AutoTests" name="[57] /home/travis/build/icyphy/ptII/ptolemy/domains/de/test/auto/ResetTransitionWithStartTime4.xml (RunModel)" time="0.017" />
  <testcase classname="ptolemy.util.test.junit.AutoTests" name="[58] /home/travis/build/icyphy/ptII/ptolemy/domains/de/test/auto/ResettableTimer1.xml (RunModel)" time="0.01" />
  <testcase classname="ptolemy.util.test.junit.AutoTests" name="[59] /home/travis/build/icyphy/ptII/ptolemy/domains/de/test/auto/ResettableTimer2.xml (RunModel)" time="0.009" />
  <testcase classname="ptolemy.util.test.junit.AutoTests" name="[60] /home/travis/build/icyphy/ptII/ptolemy/domains/de/test/auto/ResettableTimer3.xml (RunModel)" time="0.008" />
  <testcase classname="ptolemy.util.test.junit.AutoTests" name="[61] /home/travis/build/icyphy/ptII/ptolemy/domains/de/test/auto/ResettableTimer4.xml (RunModel)" time="0.011" />
  <testcase classname="ptolemy.util.test.junit.AutoTests" name="[62] /home/travis/build/icyphy/ptII/ptolemy/domains/de/test/auto/ResettableTimer5.xml (RunModel)" time="0.011" />
  <testcase classname="ptolemy.util.test.junit.AutoTests" name="[63] /home/travis/build/icyphy/ptII/ptolemy/domains/de/test/auto/ResettableTimer6.xml (RunModel)" time="0.021" />
  <testcase classname="ptolemy.util.test.junit.AutoTests" name="[64] /home/travis/build/icyphy/ptII/ptolemy/domains/de/test/auto/ServerZeroDelay.xml (RunModel)" time="0.01" />
  <testcase classname="ptolemy.util.test.junit.AutoTests" name="[65] /home/travis/build/icyphy/ptII/ptolemy/domains/de/test/auto/SmartSender.xml (RunModel)" time="3.009" />
  <testcase classname="ptolemy.util.test.junit.AutoTests" name="[66] /home/travis/build/icyphy/ptII/ptolemy/domains/de/test/auto/ThreadedComposite.xml (RunModel)" time="0.132" />
  <testcase classname="ptolemy.util.test.junit.AutoTests" name="[67] /home/travis/build/icyphy/ptII/ptolemy/domains/de/test/auto/Time.xml (RunModel)" time="0.422" />
  <testcase classname="ptolemy.util.test.junit.AutoTests" name="[68] /home/travis/build/icyphy/ptII/ptolemy/domains/de/test/auto/TimeDelayZeroDelay.xml (RunModel)" time="0.011" />
  <testcase classname="ptolemy.util.test.junit.AutoTests" name="[69] /home/travis/build/icyphy/ptII/ptolemy/domains/de/test/auto/TimerZeroDelay.xml (RunModel)" time="0.011" />
  <testcase classname="ptolemy.util.test.junit.AutoTests" name="[70] /home/travis/build/icyphy/ptII/ptolemy/domains/de/test/auto/TimingParadox.xml (RunModel)" time="0.356" />
  <testcase classname="ptolemy.util.test.junit.AutoTests" name="[71] /home/travis/build/icyphy/ptII/ptolemy/domains/de/test/auto/TransferInputs.xml (RunModel)" time="0.009" />
  <testcase classname="ptolemy.util.test.junit.AutoTests" name="[72] /home/travis/build/icyphy/ptII/ptolemy/domains/de/test/auto/TransferOutputs2.xml (RunModel)" time="0.014" />
  <testcase classname="ptolemy.util.test.junit.AutoTests" name="[73] /home/travis/build/icyphy/ptII/ptolemy/domains/de/test/auto/Trilateration.xml (RunModel)" time="11.992" />
  <testcase classname="ptolemy.util.test.junit.AutoTests" name="[74] /home/travis/build/icyphy/ptII/ptolemy/domains/de/test/auto/TwoSigmaDelta.xml (RunModel)" time="2.15" />
  <testcase classname="ptolemy.util.test.junit.AutoTests" name="[75] /home/travis/build/icyphy/ptII/ptolemy/domains/de/test/auto/VariableDelay.xml (RunModel)" time="0.014" />
  <testcase classname="ptolemy.util.test.junit.AutoTests" name="[76] /home/travis/build/icyphy/ptII/ptolemy/domains/de/test/auto/VariableDelay2.xml (RunModel)" time="0.009" />
  <testcase classname="ptolemy.util.test.junit.AutoTests" name="[77] /home/travis/build/icyphy/ptII/ptolemy/domains/de/test/auto/VariableDelayZeroDelay.xml (RunModel)" time="0.009" />
  <testcase classname="ptolemy.util.test.junit.AutoTests" name="[78] /home/travis/build/icyphy/ptII/ptolemy/domains/de/test/auto/VariableDelayZeroDelay2.xml (RunModel)" time="0.008" />
  <testcase classname="ptolemy.util.test.junit.AutoTests" name="[79] /home/travis/build/icyphy/ptII/ptolemy/domains/de/test/auto/deInCt.xml (RunModel)" time="0.012" />
  <testcase classname="ptolemy.util.test.junit.AutoTests" name="[80] /home/travis/build/icyphy/ptII/ptolemy/domains/de/test/auto/deInCt2.xml (RunModel)" time="0.013" />
  <testcase classname="ptolemy.util.test.junit.AutoTests" name="[81] /home/travis/build/icyphy/ptII/ptolemy/domains/de/test/auto/dynamicCausalityInterface1.xml (RunModel)" time="0.019" />
  <testcase classname="ptolemy.util.test.junit.AutoTests" name="[82] /home/travis/build/icyphy/ptII/ptolemy/domains/de/test/auto/fsm_de_test.xml (RunModel)" time="0.02" />
  <testcase classname="ptolemy.util.test.junit.AutoTests" name="[83] /home/travis/build/icyphy/ptII/ptolemy/domains/de/test/auto/functionDependencyReconstruction.xml (RunModel)" time="0.029" />
  <testcase classname="ptolemy.util.test.junit.AutoTests" name="[84] /home/travis/build/icyphy/ptII/ptolemy/domains/de/test/auto/multirate.xml (RunModel)" time="0.014" />
  <testcase classname="ptolemy.util.test.junit.AutoTests" name="[85] /home/travis/build/icyphy/ptII/ptolemy/domains/de/test/auto/multirate2.xml (RunModel)" time="0.014" />
  <testcase classname="ptolemy.util.test.junit.AutoTests" name="[86] /home/travis/build/icyphy/ptII/ptolemy/domains/de/test/auto/realtime.xml (RunModel)" time="10.01" />
  <testcase classname="ptolemy.util.test.junit.AutoTests" name="[87] /home/travis/build/icyphy/ptII/ptolemy/domains/de/test/auto/relationGroup.xml (RunModel)" time="0.013" />
  <testcase classname="ptolemy.util.test.junit.AutoTests" name="[88] /home/travis/build/icyphy/ptII/ptolemy/domains/de/test/auto/relationGroup2.xml (RunModel)" time="0.007" />
  <testcase classname="ptolemy.util.test.junit.AutoTests" name="[89] /home/travis/build/icyphy/ptII/ptolemy/domains/de/test/auto/sortWithOpaquePorts.xml (RunModel)" time="0.008" />
  <testcase classname="ptolemy.util.test.junit.AutoTests" name="[90] /home/travis/build/icyphy/ptII/ptolemy/domains/de/test/auto/transferInputsandOutputs.xml (RunModel)" time="0.014" />
  <testcase classname="ptolemy.util.test.junit.AutoTests" name="[91] /home/travis/build/icyphy/ptII/ptolemy/domains/de/test/auto/triggerType.xml (RunModel)" time="0.008" />
  <system-out><![CDATA[/home/travis/build/icyphy/ptII/ptolemy/domains/de/test/DependencyLoop.tcl
testDefs.tcl: setting time out to 9000 seconds at Sat May 04 01:24:07 UTC 2019
45 ms. Memory: 116224K Free: 97522K (84%)
16 ms. Memory: 146944K Free: 141126K (96%)
/home/travis/build/icyphy/ptII/ptolemy/domains/de/test/RunDETestsAsQSS.tcl
Run the DE tests using ptolemy.domains.qss.test.QSSDirectorTest, which extends QSSDirector and prints a message in the constructors.
------------------ testing $PTII/ptolemy/domains/de/test/auto/knownFailedTests/dependencyLoop.xml (Known Failure) 
11 ms. Memory: 146944K Free: 136880K (93%)


==== $PTIIhome/travis/build/icyphy/ptII/ptolemy/domains/de/test/../../../../: Auto Automatic test in file $PTII/ptolemy/domains/de/test/auto/knownFailedTests/dependencyLoop.xml
==== Contents of test case:

	    # FIXME: we should use $relativeFilename here, but it
	    # might have backslashes under Windows, which causes no end
	    # of trouble.
	    createAndExecute $file
	    list {}
	
.... Test generated KNOWN error:
    while executing
ptolemy.kernel.util.IllegalActionException: Found a zero delay loop containing .dependencyLoop.original
  in .dependencyLoop and .dependencyLoop.original
	at ptolemy.actor.util.CausalityInterfaceForComposites._computeOutputPortDepth(CausalityInterfaceForComposites.java:759)
	at ptolemy.actor.util.CausalityInterfaceForComposites._computeInputDepth(CausalityInterfaceForComposites.java:696)
	at ptolemy.actor.util.CausalityInterfaceForComposites._computeOutputPortDepth(CausalityInterfaceForComposites.java:765)
	at ptolemy.actor.util.CausalityInterfaceForComposites._computeInputDepth(CausalityInterfaceForComposites.java:696)
	at ptolemy.actor.util.CausalityInterfaceForComposites._computeOutputPortDepth(CausalityInterfaceForComposites.java:765)
	at ptolemy.actor.util.CausalityInterfaceForComposites._computeInputDepth(CausalityInterfaceForComposites.java:696)
	at ptolemy.actor.util.CausalityInterfaceForComposites._computeActorDepth(CausalityInterfaceForComposites.java:532)
	at ptolemy.actor.util.CausalityInterfaceForComposites.checkForCycles(CausalityInterfaceForComposites.java:96)
	at ptolemy.domains.de.kernel.DEDirector.preinitialize(DEDirector.java:1338)
	at ptolemy.actor.CompositeActor.preinitialize(CompositeActor.java:1828)
	at ptolemy.actor.Manager.preinitializeAndResolveTypes(Manager.java:1040)
	at ptolemy.actor.Manager.initialize(Manager.java:710)
	at ptolemy.actor.Manager.execute(Manager.java:356)
	at ptolemy.actor.Manager.run(Manager.java:1263)
	at ptolemy.actor.Manager$PtolemyRunThread.run(Manager.java:1915)

    while executing
ptolemy.kernel.util.IllegalActionException: Found a zero delay loop containing .dependencyLoop.original
  in .dependencyLoop and .dependencyLoop.original
    while executing
"java::new ptolemy.moml.MoMLSimpleApplication $file
"
    (procedure "createAndExecute" line 2)
    invoked from within
"createAndExecute $file"
    ("uplevel" body line 5)
    invoked from within
"uplevel $contents_of_test"
------------------ testing $PTII/ptolemy/domains/de/test/auto/knownFailedTests/DESDFClockTest.xml (Known Failure) 
2053 ms. Memory: 146944K Free: 121326K (83%)


==== $PTIIhome/travis/build/icyphy/ptII/ptolemy/domains/de/test/../../../../: Auto Automatic test in file $PTII/ptolemy/domains/de/test/auto/knownFailedTests/DESDFClockTest.xml
==== Contents of test case:

	    # FIXME: we should use $relativeFilename here, but it
	    # might have backslashes under Windows, which causes no end
	    # of trouble.
	    createAndExecute $file
	    list {}
	
.... Test generated KNOWN error:
    while executing
ptolemy.kernel.util.IllegalActionException: Actor is not ready to fire.  Perhaps UpSample.prefire() returned false? Try debugging the actor by selecting "Listen to Actor".  Also, for SDF check moml for tokenConsumptionRate on input.
  in .DESDFClockTest.Play Bell.Copy1:SDF Director and .DESDFClockTest.Play Bell.UpSample
	at ptolemy.actor.sched.StaticSchedulingDirector.fire(StaticSchedulingDirector.java:227)
	at ptolemy.domains.sdf.kernel.SDFDirector.fire(SDFDirector.java:500)
	at ptolemy.actor.CompositeActor.fire(CompositeActor.java:455)
	at ptolemy.domains.de.kernel.DEDirector._fire(DEDirector.java:1949)
	at ptolemy.domains.de.kernel.DEDirector.fire(DEDirector.java:502)
	at ptolemy.actor.CompositeActor.fire(CompositeActor.java:455)
	at ptolemy.actor.Manager.iterate(Manager.java:851)
	at ptolemy.actor.Manager.execute(Manager.java:369)
	at ptolemy.actor.Manager.run(Manager.java:1263)
	at ptolemy.actor.Manager$PtolemyRunThread.run(Manager.java:1915)

    while executing
ptolemy.kernel.util.IllegalActionException: Actor is not ready to fire.  Perhaps UpSample.prefire() returned false? Try debugging the actor by selecting "Listen to Actor".  Also, for SDF check moml for tokenConsumptionRate on input.
  in .DESDFClockTest.Play Bell.Copy1:SDF Director and .DESDFClockTest.Play Bell.UpSample
    while executing
"java::new ptolemy.moml.MoMLSimpleApplication $file
"
    (procedure "createAndExecute" line 2)
    invoked from within
"createAndExecute $file"
    ("uplevel" body line 5)
    invoked from within
"uplevel $contents_of_test"
------------------ testing $PTII/ptolemy/domains/de/test/auto/knownFailedTests/FSMSource.xml (Known Failure) 
20 ms. Memory: 146944K Free: 112491K (77%)
!!!! Auto was marked as failing, but now passes
------------------ testing $PTII/ptolemy/domains/de/test/auto/knownFailedTests/dependencyLoop2.xml (Known Failure) 
6 ms. Memory: 146944K Free: 110608K (75%)


==== $PTIIhome/travis/build/icyphy/ptII/ptolemy/domains/de/test/../../../../: Auto Automatic test in file $PTII/ptolemy/domains/de/test/auto/knownFailedTests/dependencyLoop2.xml
==== Contents of test case:

	    # FIXME: we should use $relativeFilename here, but it
	    # might have backslashes under Windows, which causes no end
	    # of trouble.
	    createAndExecute $file
	    list {}
	
.... Test generated KNOWN error:
    while executing
ptolemy.kernel.util.IllegalActionException: Found a zero delay loop containing .dependencyLoop2.original
  in .dependencyLoop2 and .dependencyLoop2.original
	at ptolemy.actor.util.CausalityInterfaceForComposites._computeOutputPortDepth(CausalityInterfaceForComposites.java:759)
	at ptolemy.actor.util.CausalityInterfaceForComposites._computeInputDepth(CausalityInterfaceForComposites.java:696)
	at ptolemy.actor.util.CausalityInterfaceForComposites._computeOutputPortDepth(CausalityInterfaceForComposites.java:765)
	at ptolemy.actor.util.CausalityInterfaceForComposites._computeInputDepth(CausalityInterfaceForComposites.java:696)
	at ptolemy.actor.util.CausalityInterfaceForComposites._computeOutputPortDepth(CausalityInterfaceForComposites.java:765)
	at ptolemy.actor.util.CausalityInterfaceForComposites._computeInputDepth(CausalityInterfaceForComposites.java:696)
	at ptolemy.actor.util.CausalityInterfaceForComposites._computeActorDepth(CausalityInterfaceForComposites.java:532)
	at ptolemy.actor.util.CausalityInterfaceForComposites.checkForCycles(CausalityInterfaceForComposites.java:96)
	at ptolemy.domains.de.kernel.DEDirector.preinitialize(DEDirector.java:1338)
	at ptolemy.actor.CompositeActor.preinitialize(CompositeActor.java:1828)
	at ptolemy.actor.Manager.preinitializeAndResolveTypes(Manager.java:1040)
	at ptolemy.actor.Manager.initialize(Manager.java:710)
	at ptolemy.actor.Manager.execute(Manager.java:356)
	at ptolemy.actor.Manager.run(Manager.java:1263)
	at ptolemy.actor.Manager$PtolemyRunThread.run(Manager.java:1915)

    while executing
ptolemy.kernel.util.IllegalActionException: Found a zero delay loop containing .dependencyLoop2.original
  in .dependencyLoop2 and .dependencyLoop2.original
    while executing
"java::new ptolemy.moml.MoMLSimpleApplication $file
"
    (procedure "createAndExecute" line 2)
    invoked from within
"createAndExecute $file"
    ("uplevel" body line 5)
    invoked from within
"uplevel $contents_of_test"
------------------ testing $PTII/ptolemy/domains/de/test/auto/knownFailedTests/HierarchicalModel.xml (Known Failure) 
6 ms. Memory: 146944K Free: 90472K (62%)


==== $PTIIhome/travis/build/icyphy/ptII/ptolemy/domains/de/test/../../../../: Auto Automatic test in file $PTII/ptolemy/domains/de/test/auto/knownFailedTests/HierarchicalModel.xml
==== Contents of test case:

	    # FIXME: we should use $relativeFilename here, but it
	    # might have backslashes under Windows, which causes no end
	    # of trouble.
	    createAndExecute $file
	    list {}
	
.... Test generated KNOWN error:
    while executing
ptolemy.kernel.util.IllegalActionException: Found a zero delay loop containing .HierarchicalModel.A
  in .HierarchicalModel and .HierarchicalModel.A
	at ptolemy.actor.util.CausalityInterfaceForComposites._computeOutputPortDepth(CausalityInterfaceForComposites.java:759)
	at ptolemy.actor.util.CausalityInterfaceForComposites._computeInputDepth(CausalityInterfaceForComposites.java:696)
	at ptolemy.actor.util.CausalityInterfaceForComposites._computeOutputPortDepth(CausalityInterfaceForComposites.java:765)
	at ptolemy.actor.util.CausalityInterfaceForComposites._computeInputDepth(CausalityInterfaceForComposites.java:696)
	at ptolemy.actor.util.CausalityInterfaceForComposites._computeOutputPortDepth(CausalityInterfaceForComposites.java:765)
	at ptolemy.actor.util.CausalityInterfaceForComposites._computeInputDepth(CausalityInterfaceForComposites.java:696)
	at ptolemy.actor.util.CausalityInterfaceForComposites._computeActorDepth(CausalityInterfaceForComposites.java:532)
	at ptolemy.actor.util.CausalityInterfaceForComposites.checkForCycles(CausalityInterfaceForComposites.java:96)
	at ptolemy.domains.de.kernel.DEDirector.preinitialize(DEDirector.java:1338)
	at ptolemy.actor.CompositeActor.preinitialize(CompositeActor.java:1828)
	at ptolemy.actor.Manager.preinitializeAndResolveTypes(Manager.java:1040)
	at ptolemy.actor.Manager.initialize(Manager.java:710)
	at ptolemy.actor.Manager.execute(Manager.java:356)
	at ptolemy.actor.Manager.run(Manager.java:1263)
	at ptolemy.actor.Manager$PtolemyRunThread.run(Manager.java:1915)

    while executing
ptolemy.kernel.util.IllegalActionException: Found a zero delay loop containing .HierarchicalModel.A
  in .HierarchicalModel and .HierarchicalModel.A
    while executing
"java::new ptolemy.moml.MoMLSimpleApplication $file
"
    (procedure "createAndExecute" line 2)
    invoked from within
"createAndExecute $file"
    ("uplevel" body line 5)
    invoked from within
"uplevel $contents_of_test"
------------------ testing $PTII/ptolemy/domains/de/test/auto/knownFailedTests/DirectFeedback.xml (Known Failure) 
5 ms. Memory: 146944K Free: 86361K (59%)


==== $PTIIhome/travis/build/icyphy/ptII/ptolemy/domains/de/test/../../../../: Auto Automatic test in file $PTII/ptolemy/domains/de/test/auto/knownFailedTests/DirectFeedback.xml
==== Contents of test case:

	    # FIXME: we should use $relativeFilename here, but it
	    # might have backslashes under Windows, which causes no end
	    # of trouble.
	    createAndExecute $file
	    list {}
	
.... Test generated KNOWN error:
    while executing
ptolemy.kernel.util.IllegalActionException: Test fails in iteration 1.
Value was: 1.0. Should have been: 2.0
  in .DirectFeedback.Test
	at ptolemy.actor.lib.Test.fire(Test.java:268)
	at ptolemy.domains.de.kernel.DEDirector._fire(DEDirector.java:1949)
	at ptolemy.domains.de.kernel.DEDirector.fire(DEDirector.java:502)
	at ptolemy.actor.CompositeActor.fire(CompositeActor.java:455)
	at ptolemy.actor.Manager.iterate(Manager.java:851)
	at ptolemy.actor.Manager.execute(Manager.java:369)
	at ptolemy.actor.Manager.run(Manager.java:1263)
	at ptolemy.actor.Manager$PtolemyRunThread.run(Manager.java:1915)

    while executing
ptolemy.kernel.util.IllegalActionException: Test fails in iteration 1.
Value was: 1.0. Should have been: 2.0
  in .DirectFeedback.Test
    while executing
"java::new ptolemy.moml.MoMLSimpleApplication $file
"
    (procedure "createAndExecute" line 2)
    invoked from within
"createAndExecute $file"
    ("uplevel" body line 5)
    invoked from within
"uplevel $contents_of_test"
------------------ testing $PTII/ptolemy/domains/de/test/auto/ActorDepthCalculation_actorWithoutPorts.xml
auto.tcl: Setting watchdog for 200 seconds at Sat May 04 01:24:11 UTC 2019
4 ms. Memory: 146944K Free: 138692K (94%)
ptolemy.util.test.WatchDog.cancel(): canceling Sat May 04 01:24:11 UTC 2019
auto.tcl: Setting watchdog for 200 seconds at Sat May 04 01:24:11 UTC 2019
4 ms. Memory: 146944K Free: 137672K (94%)
ptolemy.util.test.WatchDog.cancel(): canceling Sat May 04 01:24:11 UTC 2019
------------------ testing $PTII/ptolemy/domains/de/test/auto/AssemblyLine.xml
auto.tcl: Setting watchdog for 200 seconds at Sat May 04 01:24:11 UTC 2019
18 ms. Memory: 208384K Free: 183400K (88%)
ptolemy.util.test.WatchDog.cancel(): canceling Sat May 04 01:24:11 UTC 2019
auto.tcl: Setting watchdog for 200 seconds at Sat May 04 01:24:11 UTC 2019
10 ms. Memory: 208384K Free: 183400K (88%)
ptolemy.util.test.WatchDog.cancel(): canceling Sat May 04 01:24:11 UTC 2019
------------------ testing $PTII/ptolemy/domains/de/test/auto/CQBug1.xml
auto.tcl: Setting watchdog for 200 seconds at Sat May 04 01:24:11 UTC 2019
7 ms. Memory: 208384K Free: 197905K (95%)
ptolemy.util.test.WatchDog.cancel(): canceling Sat May 04 01:24:11 UTC 2019
auto.tcl: Setting watchdog for 200 seconds at Sat May 04 01:24:11 UTC 2019
2 ms. Memory: 208384K Free: 197905K (95%)
ptolemy.util.test.WatchDog.cancel(): canceling Sat May 04 01:24:11 UTC 2019
------------------ testing $PTII/ptolemy/domains/de/test/auto/CancelFireAt.xml
auto.tcl: Setting watchdog for 200 seconds at Sat May 04 01:24:11 UTC 2019
4 ms. Memory: 208384K Free: 201567K (97%)
ptolemy.util.test.WatchDog.cancel(): canceling Sat May 04 01:24:11 UTC 2019
auto.tcl: Setting watchdog for 200 seconds at Sat May 04 01:24:11 UTC 2019
2 ms. Memory: 208384K Free: 199526K (96%)
ptolemy.util.test.WatchDog.cancel(): canceling Sat May 04 01:24:11 UTC 2019
------------------ testing $PTII/ptolemy/domains/de/test/auto/CausalityAndComposabilityAnalysis.xml
auto.tcl: Setting watchdog for 200 seconds at Sat May 04 01:24:12 UTC 2019
22 ms. Memory: 208384K Free: 198604K (95%)
ptolemy.util.test.WatchDog.cancel(): canceling Sat May 04 01:24:12 UTC 2019
auto.tcl: Setting watchdog for 200 seconds at Sat May 04 01:24:12 UTC 2019
8 ms. Memory: 208384K Free: 196563K (94%)
ptolemy.util.test.WatchDog.cancel(): canceling Sat May 04 01:24:12 UTC 2019
------------------ testing $PTII/ptolemy/domains/de/test/auto/CausalityInterface1.xml
auto.tcl: Setting watchdog for 200 seconds at Sat May 04 01:24:12 UTC 2019
9 ms. Memory: 208384K Free: 196499K (94%)
ptolemy.util.test.WatchDog.cancel(): canceling Sat May 04 01:24:12 UTC 2019
auto.tcl: Setting watchdog for 200 seconds at Sat May 04 01:24:12 UTC 2019
9 ms. Memory: 208384K Free: 196499K (94%)
ptolemy.util.test.WatchDog.cancel(): canceling Sat May 04 01:24:12 UTC 2019
------------------ testing $PTII/ptolemy/domains/de/test/auto/CausalityInterface15.xml
auto.tcl: Setting watchdog for 200 seconds at Sat May 04 01:24:12 UTC 2019
5 ms. Memory: 208384K Free: 196459K (94%)
ptolemy.util.test.WatchDog.cancel(): canceling Sat May 04 01:24:12 UTC 2019
auto.tcl: Setting watchdog for 200 seconds at Sat May 04 01:24:12 UTC 2019
4 ms. Memory: 208384K Free: 196459K (94%)
ptolemy.util.test.WatchDog.cancel(): canceling Sat May 04 01:24:12 UTC 2019
------------------ testing $PTII/ptolemy/domains/de/test/auto/CausalityInterface2.xml
auto.tcl: Setting watchdog for 200 seconds at Sat May 04 01:24:12 UTC 2019
7 ms. Memory: 208384K Free: 196474K (94%)
ptolemy.util.test.WatchDog.cancel(): canceling Sat May 04 01:24:12 UTC 2019
auto.tcl: Setting watchdog for 200 seconds at Sat May 04 01:24:12 UTC 2019
2 ms. Memory: 208384K Free: 196474K (94%)
ptolemy.util.test.WatchDog.cancel(): canceling Sat May 04 01:24:12 UTC 2019
------------------ testing $PTII/ptolemy/domains/de/test/auto/CausalityInterface3.xml
auto.tcl: Setting watchdog for 200 seconds at Sat May 04 01:24:12 UTC 2019
5 ms. Memory: 208384K Free: 196486K (94%)
ptolemy.util.test.WatchDog.cancel(): canceling Sat May 04 01:24:12 UTC 2019
auto.tcl: Setting watchdog for 200 seconds at Sat May 04 01:24:12 UTC 2019
7 ms. Memory: 208384K Free: 196486K (94%)
ptolemy.util.test.WatchDog.cancel(): canceling Sat May 04 01:24:12 UTC 2019
------------------ testing $PTII/ptolemy/domains/de/test/auto/ClockDrift.xml
auto.tcl: Setting watchdog for 200 seconds at Sat May 04 01:24:12 UTC 2019
66 ms. Memory: 208384K Free: 187895K (90%)
ptolemy.util.test.WatchDog.cancel(): canceling Sat May 04 01:24:12 UTC 2019
auto.tcl: Setting watchdog for 200 seconds at Sat May 04 01:24:12 UTC 2019
61 ms. Memory: 208384K Free: 185853K (89%)
ptolemy.util.test.WatchDog.cancel(): canceling Sat May 04 01:24:12 UTC 2019
------------------ testing $PTII/ptolemy/domains/de/test/auto/ClockDriftAndValueChange.xml
auto.tcl: Setting watchdog for 200 seconds at Sat May 04 01:24:12 UTC 2019
55 ms. Memory: 208384K Free: 189772K (91%)
ptolemy.util.test.WatchDog.cancel(): canceling Sat May 04 01:24:12 UTC 2019
auto.tcl: Setting watchdog for 200 seconds at Sat May 04 01:24:12 UTC 2019
35 ms. Memory: 208384K Free: 185689K (89%)
ptolemy.util.test.WatchDog.cancel(): canceling Sat May 04 01:24:12 UTC 2019
------------------ testing $PTII/ptolemy/domains/de/test/auto/ClockDriftChange.xml
auto.tcl: Setting watchdog for 200 seconds at Sat May 04 01:24:12 UTC 2019
34 ms. Memory: 208384K Free: 190993K (92%)
ptolemy.util.test.WatchDog.cancel(): canceling Sat May 04 01:24:13 UTC 2019
auto.tcl: Setting watchdog for 200 seconds at Sat May 04 01:24:13 UTC 2019
32 ms. Memory: 208384K Free: 188952K (91%)
ptolemy.util.test.WatchDog.cancel(): canceling Sat May 04 01:24:13 UTC 2019
------------------ testing $PTII/ptolemy/domains/de/test/auto/ComposableCausalityAnalysis.xml
auto.tcl: Setting watchdog for 200 seconds at Sat May 04 01:24:13 UTC 2019
2 ms. Memory: 208384K Free: 196341K (94%)
ptolemy.util.test.WatchDog.cancel(): canceling Sat May 04 01:24:13 UTC 2019
auto.tcl: Setting watchdog for 200 seconds at Sat May 04 01:24:13 UTC 2019
2 ms. Memory: 208384K Free: 194300K (93%)
ptolemy.util.test.WatchDog.cancel(): canceling Sat May 04 01:24:13 UTC 2019
------------------ testing $PTII/ptolemy/domains/de/test/auto/DEFixedPointLimitation.xml
auto.tcl: Setting watchdog for 200 seconds at Sat May 04 01:24:13 UTC 2019
2 ms. Memory: 208384K Free: 198261K (95%)
ptolemy.util.test.WatchDog.cancel(): canceling Sat May 04 01:24:13 UTC 2019
auto.tcl: Setting watchdog for 200 seconds at Sat May 04 01:24:13 UTC 2019
1 ms. Memory: 208384K Free: 196219K (94%)
ptolemy.util.test.WatchDog.cancel(): canceling Sat May 04 01:24:13 UTC 2019
------------------ testing $PTII/ptolemy/domains/de/test/auto/DEScheduleTest.xml
auto.tcl: Setting watchdog for 200 seconds at Sat May 04 01:24:13 UTC 2019
3 ms. Memory: 208384K Free: 198815K (95%)
ptolemy.util.test.WatchDog.cancel(): canceling Sat May 04 01:24:13 UTC 2019
auto.tcl: Setting watchdog for 200 seconds at Sat May 04 01:24:13 UTC 2019
6 ms. Memory: 208384K Free: 196254K (94%)
ptolemy.util.test.WatchDog.cancel(): canceling Sat May 04 01:24:13 UTC 2019
------------------ testing $PTII/ptolemy/domains/de/test/auto/DEinDEwithStartTimes.xml
auto.tcl: Setting watchdog for 200 seconds at Sat May 04 01:24:13 UTC 2019
4 ms. Memory: 208384K Free: 196224K (94%)
ptolemy.util.test.WatchDog.cancel(): canceling Sat May 04 01:24:13 UTC 2019
auto.tcl: Setting watchdog for 200 seconds at Sat May 04 01:24:13 UTC 2019
3 ms. Memory: 208384K Free: 196224K (94%)
ptolemy.util.test.WatchDog.cancel(): canceling Sat May 04 01:24:13 UTC 2019
------------------ testing $PTII/ptolemy/domains/de/test/auto/DEinDEwithStartTimes2.xml
auto.tcl: Setting watchdog for 200 seconds at Sat May 04 01:24:13 UTC 2019
4 ms. Memory: 208384K Free: 196203K (94%)
ptolemy.util.test.WatchDog.cancel(): canceling Sat May 04 01:24:13 UTC 2019
auto.tcl: Setting watchdog for 200 seconds at Sat May 04 01:24:13 UTC 2019
3 ms. Memory: 208384K Free: 194162K (93%)
ptolemy.util.test.WatchDog.cancel(): canceling Sat May 04 01:24:13 UTC 2019
------------------ testing $PTII/ptolemy/domains/de/test/auto/DateDemo.xml
auto.tcl: Setting watchdog for 200 seconds at Sat May 04 01:24:13 UTC 2019
8 ms. Memory: 208384K Free: 188827K (91%)
ptolemy.util.test.WatchDog.cancel(): canceling Sat May 04 01:24:13 UTC 2019
auto.tcl: Setting watchdog for 200 seconds at Sat May 04 01:24:13 UTC 2019
6 ms. Memory: 208384K Free: 186785K (90%)
ptolemy.util.test.WatchDog.cancel(): canceling Sat May 04 01:24:13 UTC 2019
------------------ testing $PTII/ptolemy/domains/de/test/auto/DateToEvent.xml
auto.tcl: Setting watchdog for 200 seconds at Sat May 04 01:24:13 UTC 2019
2018 ms. Memory: 208384K Free: 183694K (88%)
ptolemy.util.test.WatchDog.cancel(): canceling Sat May 04 01:24:15 UTC 2019
auto.tcl: Setting watchdog for 200 seconds at Sat May 04 01:24:15 UTC 2019
2007 ms. Memory: 208384K Free: 183694K (88%)
ptolemy.util.test.WatchDog.cancel(): canceling Sat May 04 01:24:17 UTC 2019
------------------ testing $PTII/ptolemy/domains/de/test/auto/DepthTest1.xml
auto.tcl: Setting watchdog for 200 seconds at Sat May 04 01:24:17 UTC 2019
4 ms. Memory: 208384K Free: 198344K (95%)
ptolemy.util.test.WatchDog.cancel(): canceling Sat May 04 01:24:17 UTC 2019
auto.tcl: Setting watchdog for 200 seconds at Sat May 04 01:24:17 UTC 2019
4 ms. Memory: 208384K Free: 198344K (95%)
ptolemy.util.test.WatchDog.cancel(): canceling Sat May 04 01:24:17 UTC 2019
------------------ testing $PTII/ptolemy/domains/de/test/auto/DepthTest2.xml
auto.tcl: Setting watchdog for 200 seconds at Sat May 04 01:24:17 UTC 2019
4 ms. Memory: 208384K Free: 194695K (93%)
ptolemy.util.test.WatchDog.cancel(): canceling Sat May 04 01:24:17 UTC 2019
auto.tcl: Setting watchdog for 200 seconds at Sat May 04 01:24:17 UTC 2019
6 ms. Memory: 208384K Free: 194695K (93%)
ptolemy.util.test.WatchDog.cancel(): canceling Sat May 04 01:24:17 UTC 2019
------------------ testing $PTII/ptolemy/domains/de/test/auto/DepthTest3.xml
auto.tcl: Setting watchdog for 200 seconds at Sat May 04 01:24:17 UTC 2019
4 ms. Memory: 208384K Free: 196931K (95%)
ptolemy.util.test.WatchDog.cancel(): canceling Sat May 04 01:24:18 UTC 2019
auto.tcl: Setting watchdog for 200 seconds at Sat May 04 01:24:18 UTC 2019
2 ms. Memory: 208384K Free: 196931K (95%)
ptolemy.util.test.WatchDog.cancel(): canceling Sat May 04 01:24:18 UTC 2019
------------------ testing $PTII/ptolemy/domains/de/test/auto/DepthTest4.xml
auto.tcl: Setting watchdog for 200 seconds at Sat May 04 01:24:18 UTC 2019
10 ms. Memory: 208384K Free: 196206K (94%)
ptolemy.util.test.WatchDog.cancel(): canceling Sat May 04 01:24:18 UTC 2019
auto.tcl: Setting watchdog for 200 seconds at Sat May 04 01:24:18 UTC 2019
3 ms. Memory: 208384K Free: 196206K (94%)
ptolemy.util.test.WatchDog.cancel(): canceling Sat May 04 01:24:18 UTC 2019
------------------ testing $PTII/ptolemy/domains/de/test/auto/DepthTest5.xml
auto.tcl: Setting watchdog for 200 seconds at Sat May 04 01:24:18 UTC 2019
4 ms. Memory: 208384K Free: 196153K (94%)
ptolemy.util.test.WatchDog.cancel(): canceling Sat May 04 01:24:18 UTC 2019
auto.tcl: Setting watchdog for 200 seconds at Sat May 04 01:24:18 UTC 2019
3 ms. Memory: 208384K Free: 196153K (94%)
ptolemy.util.test.WatchDog.cancel(): canceling Sat May 04 01:24:18 UTC 2019
------------------ testing $PTII/ptolemy/domains/de/test/auto/DepthTest6.xml
auto.tcl: Setting watchdog for 200 seconds at Sat May 04 01:24:18 UTC 2019
6 ms. Memory: 208384K Free: 196648K (94%)
ptolemy.util.test.WatchDog.cancel(): canceling Sat May 04 01:24:18 UTC 2019
auto.tcl: Setting watchdog for 200 seconds at Sat May 04 01:24:18 UTC 2019
2 ms. Memory: 208384K Free: 196648K (94%)
ptolemy.util.test.WatchDog.cancel(): canceling Sat May 04 01:24:18 UTC 2019
------------------ testing $PTII/ptolemy/domains/de/test/auto/DepthTest7.xml
auto.tcl: Setting watchdog for 200 seconds at Sat May 04 01:24:18 UTC 2019
3 ms. Memory: 208384K Free: 196110K (94%)
ptolemy.util.test.WatchDog.cancel(): canceling Sat May 04 01:24:18 UTC 2019
auto.tcl: Setting watchdog for 200 seconds at Sat May 04 01:24:18 UTC 2019
2 ms. Memory: 208384K Free: 196110K (94%)
ptolemy.util.test.WatchDog.cancel(): canceling Sat May 04 01:24:18 UTC 2019
------------------ testing $PTII/ptolemy/domains/de/test/auto/EventToDate.xml
auto.tcl: Setting watchdog for 200 seconds at Sat May 04 01:24:18 UTC 2019
3007 ms. Memory: 208384K Free: 187959K (90%)
ptolemy.util.test.WatchDog.cancel(): canceling Sat May 04 01:24:21 UTC 2019
auto.tcl: Setting watchdog for 200 seconds at Sat May 04 01:24:21 UTC 2019
3005 ms. Memory: 208384K Free: 185918K (89%)
ptolemy.util.test.WatchDog.cancel(): canceling Sat May 04 01:24:24 UTC 2019
------------------ testing $PTII/ptolemy/domains/de/test/auto/FSM1.xml
auto.tcl: Setting watchdog for 200 seconds at Sat May 04 01:24:24 UTC 2019
25 ms. Memory: 208384K Free: 189280K (91%)
ptolemy.util.test.WatchDog.cancel(): canceling Sat May 04 01:24:24 UTC 2019
auto.tcl: Setting watchdog for 200 seconds at Sat May 04 01:24:24 UTC 2019
22 ms. Memory: 208384K Free: 185198K (89%)
ptolemy.util.test.WatchDog.cancel(): canceling Sat May 04 01:24:24 UTC 2019
------------------ testing $PTII/ptolemy/domains/de/test/auto/FSM7.xml
auto.tcl: Setting watchdog for 200 seconds at Sat May 04 01:24:24 UTC 2019
31 ms. Memory: 208384K Free: 189482K (91%)
ptolemy.util.test.WatchDog.cancel(): canceling Sat May 04 01:24:24 UTC 2019
auto.tcl: Setting watchdog for 200 seconds at Sat May 04 01:24:24 UTC 2019
23 ms. Memory: 208384K Free: 185399K (89%)
ptolemy.util.test.WatchDog.cancel(): canceling Sat May 04 01:24:24 UTC 2019
------------------ testing $PTII/ptolemy/domains/de/test/auto/Inspection.xml
auto.tcl: Setting watchdog for 200 seconds at Sat May 04 01:24:24 UTC 2019
34 ms. Memory: 208384K Free: 188646K (91%)
ptolemy.util.test.WatchDog.cancel(): canceling Sat May 04 01:24:24 UTC 2019
auto.tcl: Setting watchdog for 200 seconds at Sat May 04 01:24:24 UTC 2019
34 ms. Memory: 208384K Free: 186605K (90%)
ptolemy.util.test.WatchDog.cancel(): canceling Sat May 04 01:24:24 UTC 2019
------------------ testing $PTII/ptolemy/domains/de/test/auto/Iteration.xml
auto.tcl: Setting watchdog for 200 seconds at Sat May 04 01:24:24 UTC 2019
13 ms. Memory: 208384K Free: 195914K (94%)
ptolemy.util.test.WatchDog.cancel(): canceling Sat May 04 01:24:24 UTC 2019
auto.tcl: Setting watchdog for 200 seconds at Sat May 04 01:24:24 UTC 2019
7 ms. Memory: 208384K Free: 193873K (93%)
ptolemy.util.test.WatchDog.cancel(): canceling Sat May 04 01:24:24 UTC 2019
------------------ testing $PTII/ptolemy/domains/de/test/auto/LineFault.xml
auto.tcl: Setting watchdog for 200 seconds at Sat May 04 01:24:25 UTC 2019
786 ms. Memory: 208384K Free: 199635K (96%)
ptolemy.util.test.WatchDog.cancel(): canceling Sat May 04 01:24:26 UTC 2019
auto.tcl: Setting watchdog for 200 seconds at Sat May 04 01:24:26 UTC 2019
677 ms. Memory: 208384K Free: 142232K (68%)
ptolemy.util.test.WatchDog.cancel(): canceling Sat May 04 01:24:26 UTC 2019
------------------ testing $PTII/ptolemy/domains/de/test/auto/MergeModel1Add.xml
auto.tcl: Setting watchdog for 200 seconds at Sat May 04 01:24:26 UTC 2019
30 ms. Memory: 331264K Free: 300596K (91%)
ptolemy.util.test.WatchDog.cancel(): canceling Sat May 04 01:24:26 UTC 2019
auto.tcl: Setting watchdog for 200 seconds at Sat May 04 01:24:26 UTC 2019
18 ms. Memory: 331264K Free: 300596K (91%)
ptolemy.util.test.WatchDog.cancel(): canceling Sat May 04 01:24:26 UTC 2019
------------------ testing $PTII/ptolemy/domains/de/test/auto/MergeModel2Add.xml
auto.tcl: Setting watchdog for 200 seconds at Sat May 04 01:24:27 UTC 2019
15 ms. Memory: 331264K Free: 305534K (92%)
ptolemy.util.test.WatchDog.cancel(): canceling Sat May 04 01:24:27 UTC 2019
auto.tcl: Setting watchdog for 200 seconds at Sat May 04 01:24:27 UTC 2019
10 ms. Memory: 331264K Free: 301967K (91%)
ptolemy.util.test.WatchDog.cancel(): canceling Sat May 04 01:24:27 UTC 2019
------------------ testing $PTII/ptolemy/domains/de/test/auto/MergeModel3Add.xml
auto.tcl: Setting watchdog for 200 seconds at Sat May 04 01:24:27 UTC 2019
10 ms. Memory: 331264K Free: 305544K (92%)
ptolemy.util.test.WatchDog.cancel(): canceling Sat May 04 01:24:27 UTC 2019
auto.tcl: Setting watchdog for 200 seconds at Sat May 04 01:24:27 UTC 2019
8 ms. Memory: 331264K Free: 301977K (91%)
ptolemy.util.test.WatchDog.cancel(): canceling Sat May 04 01:24:27 UTC 2019
------------------ testing $PTII/ptolemy/domains/de/test/auto/MergeWithoutDiscard.xml
auto.tcl: Setting watchdog for 200 seconds at Sat May 04 01:24:27 UTC 2019
3 ms. Memory: 331264K Free: 316916K (96%)
ptolemy.util.test.WatchDog.cancel(): canceling Sat May 04 01:24:27 UTC 2019
auto.tcl: Setting watchdog for 200 seconds at Sat May 04 01:24:27 UTC 2019
2 ms. Memory: 331264K Free: 316241K (95%)
ptolemy.util.test.WatchDog.cancel(): canceling Sat May 04 01:24:27 UTC 2019
------------------ testing $PTII/ptolemy/domains/de/test/auto/Modal1.xml
auto.tcl: Setting watchdog for 200 seconds at Sat May 04 01:24:27 UTC 2019
22 ms. Memory: 331264K Free: 310499K (94%)
ptolemy.util.test.WatchDog.cancel(): canceling Sat May 04 01:24:27 UTC 2019
auto.tcl: Setting watchdog for 200 seconds at Sat May 04 01:24:27 UTC 2019
26 ms. Memory: 331264K Free: 306932K (93%)
ptolemy.util.test.WatchDog.cancel(): canceling Sat May 04 01:24:27 UTC 2019
------------------ testing $PTII/ptolemy/domains/de/test/auto/Modal2.xml
auto.tcl: Setting watchdog for 200 seconds at Sat May 04 01:24:27 UTC 2019
17 ms. Memory: 331264K Free: 310372K (94%)
ptolemy.util.test.WatchDog.cancel(): canceling Sat May 04 01:24:27 UTC 2019
auto.tcl: Setting watchdog for 200 seconds at Sat May 04 01:24:27 UTC 2019
12 ms. Memory: 331264K Free: 306805K (93%)
ptolemy.util.test.WatchDog.cancel(): canceling Sat May 04 01:24:27 UTC 2019
------------------ testing $PTII/ptolemy/domains/de/test/auto/Modal3.xml
auto.tcl: Setting watchdog for 200 seconds at Sat May 04 01:24:27 UTC 2019
17 ms. Memory: 331264K Free: 310371K (94%)
ptolemy.util.test.WatchDog.cancel(): canceling Sat May 04 01:24:27 UTC 2019
auto.tcl: Setting watchdog for 200 seconds at Sat May 04 01:24:27 UTC 2019
16 ms. Memory: 331264K Free: 306804K (93%)
ptolemy.util.test.WatchDog.cancel(): canceling Sat May 04 01:24:27 UTC 2019
------------------ testing $PTII/ptolemy/domains/de/test/auto/Modal4.xml
auto.tcl: Setting watchdog for 200 seconds at Sat May 04 01:24:27 UTC 2019
29 ms. Memory: 331264K Free: 310400K (94%)
ptolemy.util.test.WatchDog.cancel(): canceling Sat May 04 01:24:27 UTC 2019
auto.tcl: Setting watchdog for 200 seconds at Sat May 04 01:24:27 UTC 2019
15 ms. Memory: 331264K Free: 306833K (93%)
ptolemy.util.test.WatchDog.cancel(): canceling Sat May 04 01:24:27 UTC 2019
------------------ testing $PTII/ptolemy/domains/de/test/auto/Modal5.xml
auto.tcl: Setting watchdog for 200 seconds at Sat May 04 01:24:27 UTC 2019
23 ms. Memory: 331264K Free: 310387K (94%)
ptolemy.util.test.WatchDog.cancel(): canceling Sat May 04 01:24:27 UTC 2019
auto.tcl: Setting watchdog for 200 seconds at Sat May 04 01:24:27 UTC 2019
14 ms. Memory: 331264K Free: 306821K (93%)
ptolemy.util.test.WatchDog.cancel(): canceling Sat May 04 01:24:27 UTC 2019
------------------ testing $PTII/ptolemy/domains/de/test/auto/Modal6.xml
auto.tcl: Setting watchdog for 200 seconds at Sat May 04 01:24:27 UTC 2019
15 ms. Memory: 331264K Free: 310385K (94%)
ptolemy.util.test.WatchDog.cancel(): canceling Sat May 04 01:24:28 UTC 2019
auto.tcl: Setting watchdog for 200 seconds at Sat May 04 01:24:28 UTC 2019
18 ms. Memory: 331264K Free: 306818K (93%)
ptolemy.util.test.WatchDog.cancel(): canceling Sat May 04 01:24:28 UTC 2019
------------------ testing $PTII/ptolemy/domains/de/test/auto/Modal7.xml
auto.tcl: Setting watchdog for 200 seconds at Sat May 04 01:24:28 UTC 2019
18 ms. Memory: 331264K Free: 306818K (93%)
ptolemy.util.test.WatchDog.cancel(): canceling Sat May 04 01:24:28 UTC 2019
auto.tcl: Setting watchdog for 200 seconds at Sat May 04 01:24:28 UTC 2019
11 ms. Memory: 331264K Free: 303251K (92%)
ptolemy.util.test.WatchDog.cancel(): canceling Sat May 04 01:24:28 UTC 2019
------------------ testing $PTII/ptolemy/domains/de/test/auto/ModalModel.xml
auto.tcl: Setting watchdog for 200 seconds at Sat May 04 01:24:28 UTC 2019
210 ms. Memory: 331264K Free: 248043K (75%)
ptolemy.util.test.WatchDog.cancel(): canceling Sat May 04 01:24:28 UTC 2019
auto.tcl: Setting watchdog for 200 seconds at Sat May 04 01:24:28 UTC 2019
188 ms. Memory: 331264K Free: 190977K (58%)
ptolemy.util.test.WatchDog.cancel(): canceling Sat May 04 01:24:28 UTC 2019
------------------ testing $PTII/ptolemy/domains/de/test/auto/ModalSource.xml
auto.tcl: Setting watchdog for 200 seconds at Sat May 04 01:24:28 UTC 2019
6 ms. Memory: 331264K Free: 316663K (96%)
ptolemy.util.test.WatchDog.cancel(): canceling Sat May 04 01:24:28 UTC 2019
auto.tcl: Setting watchdog for 200 seconds at Sat May 04 01:24:28 UTC 2019
6 ms. Memory: 331264K Free: 313396K (95%)
ptolemy.util.test.WatchDog.cancel(): canceling Sat May 04 01:24:28 UTC 2019
------------------ testing $PTII/ptolemy/domains/de/test/auto/NonInterruptibleTimerZeroDelay.xml
auto.tcl: Setting watchdog for 200 seconds at Sat May 04 01:24:28 UTC 2019
4 ms. Memory: 331264K Free: 321020K (97%)
ptolemy.util.test.WatchDog.cancel(): canceling Sat May 04 01:24:28 UTC 2019
auto.tcl: Setting watchdog for 200 seconds at Sat May 04 01:24:28 UTC 2019
2 ms. Memory: 331264K Free: 317754K (96%)
ptolemy.util.test.WatchDog.cancel(): canceling Sat May 04 01:24:28 UTC 2019
------------------ testing $PTII/ptolemy/domains/de/test/auto/OpenQueueingNetwork.xml
auto.tcl: Setting watchdog for 200 seconds at Sat May 04 01:24:28 UTC 2019
2962 ms. Memory: 317952K Free: 161112K (51%)
ptolemy.util.test.WatchDog.cancel(): canceling Sat May 04 01:24:31 UTC 2019
auto.tcl: Setting watchdog for 200 seconds at Sat May 04 01:24:31 UTC 2019
2668 ms. Memory: 287232K Free: 208462K (73%)
ptolemy.util.test.WatchDog.cancel(): canceling Sat May 04 01:24:34 UTC 2019
------------------ testing $PTII/ptolemy/domains/de/test/auto/OpenQueuingNetwork.xml
auto.tcl: Setting watchdog for 200 seconds at Sat May 04 01:24:34 UTC 2019
234 ms. Memory: 287232K Free: 183369K (64%)
ptolemy.util.test.WatchDog.cancel(): canceling Sat May 04 01:24:35 UTC 2019
auto.tcl: Setting watchdog for 200 seconds at Sat May 04 01:24:35 UTC 2019
228 ms. Memory: 287232K Free: 123565K (43%)
ptolemy.util.test.WatchDog.cancel(): canceling Sat May 04 01:24:35 UTC 2019
------------------ testing $PTII/ptolemy/domains/de/test/auto/PeriodicSampler.xml
auto.tcl: Setting watchdog for 200 seconds at Sat May 04 01:24:35 UTC 2019
3 ms. Memory: 289792K Free: 279752K (97%)
ptolemy.util.test.WatchDog.cancel(): canceling Sat May 04 01:24:35 UTC 2019
auto.tcl: Setting watchdog for 200 seconds at Sat May 04 01:24:35 UTC 2019
2 ms. Memory: 289792K Free: 276899K (96%)
ptolemy.util.test.WatchDog.cancel(): canceling Sat May 04 01:24:35 UTC 2019
------------------ testing $PTII/ptolemy/domains/de/test/auto/PersistentIO.xml
auto.tcl: Setting watchdog for 200 seconds at Sat May 04 01:24:35 UTC 2019
10 ms. Memory: 287232K Free: 272070K (95%)
ptolemy.util.test.WatchDog.cancel(): canceling Sat May 04 01:24:35 UTC 2019
auto.tcl: Setting watchdog for 200 seconds at Sat May 04 01:24:35 UTC 2019
4 ms. Memory: 287232K Free: 269210K (94%)
ptolemy.util.test.WatchDog.cancel(): canceling Sat May 04 01:24:35 UTC 2019
------------------ testing $PTII/ptolemy/domains/de/test/auto/PortParameterResetOnInitialize.xml
auto.tcl: Setting watchdog for 200 seconds at Sat May 04 01:24:35 UTC 2019
3 ms. Memory: 289280K Free: 276693K (96%)
ptolemy.util.test.WatchDog.cancel(): canceling Sat May 04 01:24:35 UTC 2019
auto.tcl: Setting watchdog for 200 seconds at Sat May 04 01:24:35 UTC 2019
2 ms. Memory: 289280K Free: 276693K (96%)
ptolemy.util.test.WatchDog.cancel(): canceling Sat May 04 01:24:35 UTC 2019
------------------ testing $PTII/ptolemy/domains/de/test/auto/PortParameterUpdates.xml
auto.tcl: Setting watchdog for 200 seconds at Sat May 04 01:24:35 UTC 2019
3 ms. Memory: 287232K Free: 274762K (96%)
ptolemy.util.test.WatchDog.cancel(): canceling Sat May 04 01:24:35 UTC 2019
auto.tcl: Setting watchdog for 200 seconds at Sat May 04 01:24:35 UTC 2019
3 ms. Memory: 287232K Free: 271894K (95%)
ptolemy.util.test.WatchDog.cancel(): canceling Sat May 04 01:24:35 UTC 2019
------------------ testing $PTII/ptolemy/domains/de/test/auto/QueueAndServer.xml
auto.tcl: Setting watchdog for 200 seconds at Sat May 04 01:24:35 UTC 2019
20 ms. Memory: 289280K Free: 273921K (95%)
ptolemy.util.test.WatchDog.cancel(): canceling Sat May 04 01:24:35 UTC 2019
auto.tcl: Setting watchdog for 200 seconds at Sat May 04 01:24:35 UTC 2019
7 ms. Memory: 289280K Free: 273921K (95%)
ptolemy.util.test.WatchDog.cancel(): canceling Sat May 04 01:24:35 UTC 2019
------------------ testing $PTII/ptolemy/domains/de/test/auto/Records.xml
auto.tcl: Setting watchdog for 200 seconds at Sat May 04 01:24:35 UTC 2019
11 ms. Memory: 287232K Free: 274667K (96%)
ptolemy.util.test.WatchDog.cancel(): canceling Sat May 04 01:24:35 UTC 2019
auto.tcl: Setting watchdog for 200 seconds at Sat May 04 01:24:35 UTC 2019
1 ms. Memory: 287232K Free: 274667K (96%)
ptolemy.util.test.WatchDog.cancel(): canceling Sat May 04 01:24:35 UTC 2019
------------------ testing $PTII/ptolemy/domains/de/test/auto/ResetTransitionWithStartTime1.xml
auto.tcl: Setting watchdog for 200 seconds at Sat May 04 01:24:35 UTC 2019
17 ms. Memory: 288768K Free: 273359K (95%)
ptolemy.util.test.WatchDog.cancel(): canceling Sat May 04 01:24:35 UTC 2019
auto.tcl: Setting watchdog for 200 seconds at Sat May 04 01:24:35 UTC 2019
6 ms. Memory: 288768K Free: 270507K (94%)
ptolemy.util.test.WatchDog.cancel(): canceling Sat May 04 01:24:35 UTC 2019
------------------ testing $PTII/ptolemy/domains/de/test/auto/ResetTransitionWithStartTime2.xml
auto.tcl: Setting watchdog for 200 seconds at Sat May 04 01:24:35 UTC 2019
9 ms. Memory: 287232K Free: 271970K (95%)
ptolemy.util.test.WatchDog.cancel(): canceling Sat May 04 01:24:35 UTC 2019
auto.tcl: Setting watchdog for 200 seconds at Sat May 04 01:24:35 UTC 2019
7 ms. Memory: 287232K Free: 269109K (94%)
ptolemy.util.test.WatchDog.cancel(): canceling Sat May 04 01:24:35 UTC 2019
------------------ testing $PTII/ptolemy/domains/de/test/auto/ResetTransitionWithStartTime3.xml
auto.tcl: Setting watchdog for 200 seconds at Sat May 04 01:24:35 UTC 2019
6 ms. Memory: 288768K Free: 273349K (95%)
ptolemy.util.test.WatchDog.cancel(): canceling Sat May 04 01:24:35 UTC 2019
auto.tcl: Setting watchdog for 200 seconds at Sat May 04 01:24:35 UTC 2019
7 ms. Memory: 288768K Free: 270481K (94%)
ptolemy.util.test.WatchDog.cancel(): canceling Sat May 04 01:24:35 UTC 2019
------------------ testing $PTII/ptolemy/domains/de/test/auto/ResetTransitionWithStartTime4.xml
auto.tcl: Setting watchdog for 200 seconds at Sat May 04 01:24:36 UTC 2019
5 ms. Memory: 287232K Free: 271812K (95%)
ptolemy.util.test.WatchDog.cancel(): canceling Sat May 04 01:24:36 UTC 2019
auto.tcl: Setting watchdog for 200 seconds at Sat May 04 01:24:36 UTC 2019
4 ms. Memory: 287232K Free: 271812K (95%)
ptolemy.util.test.WatchDog.cancel(): canceling Sat May 04 01:24:36 UTC 2019
------------------ testing $PTII/ptolemy/domains/de/test/auto/ResettableTimer1.xml
auto.tcl: Setting watchdog for 200 seconds at Sat May 04 01:24:36 UTC 2019
2 ms. Memory: 288768K Free: 276228K (96%)
ptolemy.util.test.WatchDog.cancel(): canceling Sat May 04 01:24:36 UTC 2019
auto.tcl: Setting watchdog for 200 seconds at Sat May 04 01:24:36 UTC 2019
2 ms. Memory: 288768K Free: 276228K (96%)
ptolemy.util.test.WatchDog.cancel(): canceling Sat May 04 01:24:36 UTC 2019
------------------ testing $PTII/ptolemy/domains/de/test/auto/ResettableTimer2.xml
auto.tcl: Setting watchdog for 200 seconds at Sat May 04 01:24:36 UTC 2019
2 ms. Memory: 287232K Free: 274890K (96%)
ptolemy.util.test.WatchDog.cancel(): canceling Sat May 04 01:24:36 UTC 2019
auto.tcl: Setting watchdog for 200 seconds at Sat May 04 01:24:36 UTC 2019
2 ms. Memory: 287232K Free: 274890K (96%)
ptolemy.util.test.WatchDog.cancel(): canceling Sat May 04 01:24:36 UTC 2019
------------------ testing $PTII/ptolemy/domains/de/test/auto/ResettableTimer3.xml
auto.tcl: Setting watchdog for 200 seconds at Sat May 04 01:24:36 UTC 2019
2 ms. Memory: 288256K Free: 275766K (96%)
ptolemy.util.test.WatchDog.cancel(): canceling Sat May 04 01:24:36 UTC 2019
auto.tcl: Setting watchdog for 200 seconds at Sat May 04 01:24:36 UTC 2019
1 ms. Memory: 288256K Free: 275766K (96%)
ptolemy.util.test.WatchDog.cancel(): canceling Sat May 04 01:24:36 UTC 2019
------------------ testing $PTII/ptolemy/domains/de/test/auto/ResettableTimer4.xml
auto.tcl: Setting watchdog for 200 seconds at Sat May 04 01:24:36 UTC 2019
1 ms. Memory: 287232K Free: 274909K (96%)
ptolemy.util.test.WatchDog.cancel(): canceling Sat May 04 01:24:36 UTC 2019
auto.tcl: Setting watchdog for 200 seconds at Sat May 04 01:24:36 UTC 2019
1 ms. Memory: 287232K Free: 274909K (96%)
ptolemy.util.test.WatchDog.cancel(): canceling Sat May 04 01:24:36 UTC 2019
------------------ testing $PTII/ptolemy/domains/de/test/auto/ResettableTimer5.xml
auto.tcl: Setting watchdog for 200 seconds at Sat May 04 01:24:36 UTC 2019
1 ms. Memory: 288256K Free: 273873K (95%)
ptolemy.util.test.WatchDog.cancel(): canceling Sat May 04 01:24:36 UTC 2019
auto.tcl: Setting watchdog for 200 seconds at Sat May 04 01:24:36 UTC 2019
2 ms. Memory: 288256K Free: 273873K (95%)
ptolemy.util.test.WatchDog.cancel(): canceling Sat May 04 01:24:36 UTC 2019
------------------ testing $PTII/ptolemy/domains/de/test/auto/ResettableTimer6.xml
auto.tcl: Setting watchdog for 200 seconds at Sat May 04 01:24:36 UTC 2019
2 ms. Memory: 287232K Free: 272635K (95%)
ptolemy.util.test.WatchDog.cancel(): canceling Sat May 04 01:24:36 UTC 2019
auto.tcl: Setting watchdog for 200 seconds at Sat May 04 01:24:36 UTC 2019
2 ms. Memory: 287232K Free: 272635K (95%)
ptolemy.util.test.WatchDog.cancel(): canceling Sat May 04 01:24:36 UTC 2019
------------------ testing $PTII/ptolemy/domains/de/test/auto/ServerZeroDelay.xml
auto.tcl: Setting watchdog for 200 seconds at Sat May 04 01:24:36 UTC 2019
2 ms. Memory: 288256K Free: 275864K (96%)
ptolemy.util.test.WatchDog.cancel(): canceling Sat May 04 01:24:36 UTC 2019
auto.tcl: Setting watchdog for 200 seconds at Sat May 04 01:24:36 UTC 2019
2 ms. Memory: 288256K Free: 275864K (96%)
ptolemy.util.test.WatchDog.cancel(): canceling Sat May 04 01:24:36 UTC 2019
------------------ testing $PTII/ptolemy/domains/de/test/auto/SmartSender.xml
auto.tcl: Setting watchdog for 200 seconds at Sat May 04 01:24:36 UTC 2019
3000 ms. Memory: 287232K Free: 270719K (94%)
ptolemy.util.test.WatchDog.cancel(): canceling Sat May 04 01:24:39 UTC 2019
auto.tcl: Setting watchdog for 200 seconds at Sat May 04 01:24:39 UTC 2019
3001 ms. Memory: 287232K Free: 270719K (94%)
ptolemy.util.test.WatchDog.cancel(): canceling Sat May 04 01:24:42 UTC 2019
------------------ testing $PTII/ptolemy/domains/de/test/auto/ThreadedComposite.xml
auto.tcl: Setting watchdog for 200 seconds at Sat May 04 01:24:42 UTC 2019
238 ms. Memory: 288256K Free: 254794K (88%)
ptolemy.util.test.WatchDog.cancel(): canceling Sat May 04 01:24:42 UTC 2019
auto.tcl: Setting watchdog for 200 seconds at Sat May 04 01:24:42 UTC 2019
137 ms. Memory: 288256K Free: 238797K (83%)
ptolemy.util.test.WatchDog.cancel(): canceling Sat May 04 01:24:43 UTC 2019
------------------ testing $PTII/ptolemy/domains/de/test/auto/Time.xml
auto.tcl: Setting watchdog for 200 seconds at Sat May 04 01:24:43 UTC 2019
524 ms. Memory: 287232K Free: 222946K (78%)
ptolemy.util.test.WatchDog.cancel(): canceling Sat May 04 01:24:43 UTC 2019
auto.tcl: Setting watchdog for 200 seconds at Sat May 04 01:24:43 UTC 2019
505 ms. Memory: 287232K Free: 168748K (59%)
ptolemy.util.test.WatchDog.cancel(): canceling Sat May 04 01:24:44 UTC 2019
------------------ testing $PTII/ptolemy/domains/de/test/auto/TimeDelayZeroDelay.xml
auto.tcl: Setting watchdog for 200 seconds at Sat May 04 01:24:44 UTC 2019
2 ms. Memory: 287744K Free: 275716K (96%)
ptolemy.util.test.WatchDog.cancel(): canceling Sat May 04 01:24:44 UTC 2019
auto.tcl: Setting watchdog for 200 seconds at Sat May 04 01:24:44 UTC 2019
2 ms. Memory: 287744K Free: 275716K (96%)
ptolemy.util.test.WatchDog.cancel(): canceling Sat May 04 01:24:44 UTC 2019
------------------ testing $PTII/ptolemy/domains/de/test/auto/TimerZeroDelay.xml
auto.tcl: Setting watchdog for 200 seconds at Sat May 04 01:24:44 UTC 2019
3 ms. Memory: 287232K Free: 275357K (96%)
ptolemy.util.test.WatchDog.cancel(): canceling Sat May 04 01:24:44 UTC 2019
auto.tcl: Setting watchdog for 200 seconds at Sat May 04 01:24:44 UTC 2019
1 ms. Memory: 287232K Free: 275357K (96%)
ptolemy.util.test.WatchDog.cancel(): canceling Sat May 04 01:24:44 UTC 2019
------------------ testing $PTII/ptolemy/domains/de/test/auto/TimingParadox.xml
auto.tcl: Setting watchdog for 200 seconds at Sat May 04 01:24:44 UTC 2019
361 ms. Memory: 287744K Free: 209773K (73%)
ptolemy.util.test.WatchDog.cancel(): canceling Sat May 04 01:24:44 UTC 2019
auto.tcl: Setting watchdog for 200 seconds at Sat May 04 01:24:44 UTC 2019
349 ms. Memory: 287744K Free: 173682K (60%)
ptolemy.util.test.WatchDog.cancel(): canceling Sat May 04 01:24:45 UTC 2019
------------------ testing $PTII/ptolemy/domains/de/test/auto/TransferInputs.xml
auto.tcl: Setting watchdog for 200 seconds at Sat May 04 01:24:45 UTC 2019
2 ms. Memory: 287744K Free: 274800K (96%)
ptolemy.util.test.WatchDog.cancel(): canceling Sat May 04 01:24:45 UTC 2019
auto.tcl: Setting watchdog for 200 seconds at Sat May 04 01:24:45 UTC 2019
6 ms. Memory: 287744K Free: 274800K (96%)
ptolemy.util.test.WatchDog.cancel(): canceling Sat May 04 01:24:45 UTC 2019
------------------ testing $PTII/ptolemy/domains/de/test/auto/TransferOutputs2.xml
auto.tcl: Setting watchdog for 200 seconds at Sat May 04 01:24:45 UTC 2019
2 ms. Memory: 287232K Free: 272789K (95%)
ptolemy.util.test.WatchDog.cancel(): canceling Sat May 04 01:24:45 UTC 2019
auto.tcl: Setting watchdog for 200 seconds at Sat May 04 01:24:45 UTC 2019
3 ms. Memory: 287232K Free: 270196K (94%)
ptolemy.util.test.WatchDog.cancel(): canceling Sat May 04 01:24:45 UTC 2019
------------------ testing $PTII/ptolemy/domains/de/test/auto/Trilateration.xml
auto.tcl: Setting watchdog for 200 seconds at Sat May 04 01:24:45 UTC 2019
13840 ms. Memory: 473088K Free: 259218K (55%)
ptolemy.util.test.WatchDog.cancel(): canceling Sat May 04 01:25:00 UTC 2019
auto.tcl: Setting watchdog for 200 seconds at Sat May 04 01:25:00 UTC 2019
10839 ms. Memory: 352256K Free: 197898K (56%)
ptolemy.util.test.WatchDog.cancel(): canceling Sat May 04 01:25:11 UTC 2019
------------------ testing $PTII/ptolemy/domains/de/test/auto/TwoSigmaDelta.xml
auto.tcl: Setting watchdog for 200 seconds at Sat May 04 01:25:11 UTC 2019
2732 ms. Memory: 339968K Free: 317821K (93%)
ptolemy.util.test.WatchDog.cancel(): canceling Sat May 04 01:25:13 UTC 2019
auto.tcl: Setting watchdog for 200 seconds at Sat May 04 01:25:13 UTC 2019
2107 ms. Memory: 339968K Free: 87025K (26%)
ptolemy.util.test.WatchDog.cancel(): canceling Sat May 04 01:25:16 UTC 2019
------------------ testing $PTII/ptolemy/domains/de/test/auto/VariableDelay.xml
auto.tcl: Setting watchdog for 200 seconds at Sat May 04 01:25:16 UTC 2019
2 ms. Memory: 337408K Free: 325773K (97%)
ptolemy.util.test.WatchDog.cancel(): canceling Sat May 04 01:25:16 UTC 2019
auto.tcl: Setting watchdog for 200 seconds at Sat May 04 01:25:16 UTC 2019
1 ms. Memory: 337408K Free: 321826K (95%)
ptolemy.util.test.WatchDog.cancel(): canceling Sat May 04 01:25:16 UTC 2019
------------------ testing $PTII/ptolemy/domains/de/test/auto/VariableDelay2.xml
auto.tcl: Setting watchdog for 200 seconds at Sat May 04 01:25:16 UTC 2019
1 ms. Memory: 339456K Free: 328234K (97%)
ptolemy.util.test.WatchDog.cancel(): canceling Sat May 04 01:25:16 UTC 2019
auto.tcl: Setting watchdog for 200 seconds at Sat May 04 01:25:16 UTC 2019
2 ms. Memory: 339456K Free: 324294K (96%)
ptolemy.util.test.WatchDog.cancel(): canceling Sat May 04 01:25:16 UTC 2019
------------------ testing $PTII/ptolemy/domains/de/test/auto/VariableDelayZeroDelay.xml
auto.tcl: Setting watchdog for 200 seconds at Sat May 04 01:25:16 UTC 2019
2 ms. Memory: 337408K Free: 323624K (96%)
ptolemy.util.test.WatchDog.cancel(): canceling Sat May 04 01:25:16 UTC 2019
auto.tcl: Setting watchdog for 200 seconds at Sat May 04 01:25:16 UTC 2019
2 ms. Memory: 337408K Free: 323624K (96%)
ptolemy.util.test.WatchDog.cancel(): canceling Sat May 04 01:25:16 UTC 2019
------------------ testing $PTII/ptolemy/domains/de/test/auto/VariableDelayZeroDelay2.xml
auto.tcl: Setting watchdog for 200 seconds at Sat May 04 01:25:16 UTC 2019
2 ms. Memory: 339456K Free: 325670K (96%)
ptolemy.util.test.WatchDog.cancel(): canceling Sat May 04 01:25:16 UTC 2019
auto.tcl: Setting watchdog for 200 seconds at Sat May 04 01:25:16 UTC 2019
2 ms. Memory: 339456K Free: 321723K (95%)
ptolemy.util.test.WatchDog.cancel(): canceling Sat May 04 01:25:16 UTC 2019
------------------ testing $PTII/ptolemy/domains/de/test/auto/deInCt.xml
auto.tcl: Setting watchdog for 200 seconds at Sat May 04 01:25:16 UTC 2019
0
1
1
1
1
1
1
1
0
0
0
0
1
1
1
0
0
0
0
1
1
1
0
0
0
0
1
1
1
1
7 ms. Memory: 337408K Free: 323613K (96%)
ptolemy.util.test.WatchDog.cancel(): canceling Sat May 04 01:25:16 UTC 2019
auto.tcl: Setting watchdog for 200 seconds at Sat May 04 01:25:16 UTC 2019
0
1
1
1
0
0
0
0
1
1
1
0
0
0
0
0
1
1
1
1
0
0
0
1
1
1
0
0
1
1
1
0
0
1
1
1
0
0
0
0
6 ms. Memory: 337408K Free: 319674K (95%)
ptolemy.util.test.WatchDog.cancel(): canceling Sat May 04 01:25:16 UTC 2019
------------------ testing $PTII/ptolemy/domains/de/test/auto/deInCt2.xml
auto.tcl: Setting watchdog for 200 seconds at Sat May 04 01:25:16 UTC 2019
0
1
1
1
0
0
1
1
1
0
0
1
1
1
0
0
1
1
1
0
0
1
1
1
0
0
1
1
1
0
0
1
1
1
0
0
1
1
1
0
0
0
8 ms. Memory: 338944K Free: 325148K (96%)
ptolemy.util.test.WatchDog.cancel(): canceling Sat May 04 01:25:16 UTC 2019
auto.tcl: Setting watchdog for 200 seconds at Sat May 04 01:25:16 UTC 2019
0
1
1
1
0
0
1
1
1
0
0
1
1
1
0
0
1
1
1
0
0
1
1
1
0
0
1
1
1
0
0
1
1
1
0
0
1
1
1
0
0
0
7 ms. Memory: 338944K Free: 321193K (95%)
ptolemy.util.test.WatchDog.cancel(): canceling Sat May 04 01:25:16 UTC 2019
------------------ testing $PTII/ptolemy/domains/de/test/auto/dynamicCausalityInterface1.xml
auto.tcl: Setting watchdog for 200 seconds at Sat May 04 01:25:16 UTC 2019
1 ms. Memory: 337408K Free: 318263K (94%)
ptolemy.util.test.WatchDog.cancel(): canceling Sat May 04 01:25:16 UTC 2019
auto.tcl: Setting watchdog for 200 seconds at Sat May 04 01:25:16 UTC 2019
1 ms. Memory: 337408K Free: 318263K (94%)
ptolemy.util.test.WatchDog.cancel(): canceling Sat May 04 01:25:16 UTC 2019
------------------ testing $PTII/ptolemy/domains/de/test/auto/fsm_de_test.xml
auto.tcl: Setting watchdog for 200 seconds at Sat May 04 01:25:16 UTC 2019
9 ms. Memory: 338944K Free: 321090K (95%)
ptolemy.util.test.WatchDog.cancel(): canceling Sat May 04 01:25:16 UTC 2019
auto.tcl: Setting watchdog for 200 seconds at Sat May 04 01:25:16 UTC 2019
4 ms. Memory: 338944K Free: 317134K (94%)
ptolemy.util.test.WatchDog.cancel(): canceling Sat May 04 01:25:16 UTC 2019
------------------ testing $PTII/ptolemy/domains/de/test/auto/functionDependencyReconstruction.xml
auto.tcl: Setting watchdog for 200 seconds at Sat May 04 01:25:16 UTC 2019
3 ms. Memory: 337408K Free: 311650K (92%)
ptolemy.util.test.WatchDog.cancel(): canceling Sat May 04 01:25:16 UTC 2019
auto.tcl: Setting watchdog for 200 seconds at Sat May 04 01:25:16 UTC 2019
3 ms. Memory: 337408K Free: 307694K (91%)
ptolemy.util.test.WatchDog.cancel(): canceling Sat May 04 01:25:16 UTC 2019
------------------ testing $PTII/ptolemy/domains/de/test/auto/multirate.xml
auto.tcl: Setting watchdog for 200 seconds at Sat May 04 01:25:16 UTC 2019
6 ms. Memory: 338432K Free: 320452K (95%)
ptolemy.util.test.WatchDog.cancel(): canceling Sat May 04 01:25:16 UTC 2019
auto.tcl: Setting watchdog for 200 seconds at Sat May 04 01:25:16 UTC 2019
3 ms. Memory: 338432K Free: 320446K (95%)
ptolemy.util.test.WatchDog.cancel(): canceling Sat May 04 01:25:16 UTC 2019
------------------ testing $PTII/ptolemy/domains/de/test/auto/multirate2.xml
auto.tcl: Setting watchdog for 200 seconds at Sat May 04 01:25:16 UTC 2019
2 ms. Memory: 337408K Free: 319608K (95%)
ptolemy.util.test.WatchDog.cancel(): canceling Sat May 04 01:25:16 UTC 2019
auto.tcl: Setting watchdog for 200 seconds at Sat May 04 01:25:16 UTC 2019
3 ms. Memory: 337408K Free: 319608K (95%)
ptolemy.util.test.WatchDog.cancel(): canceling Sat May 04 01:25:16 UTC 2019
------------------ testing $PTII/ptolemy/domains/de/test/auto/realtime.xml
auto.tcl: Setting watchdog for 200 seconds at Sat May 04 01:25:16 UTC 2019
10003 ms. Memory: 338432K Free: 324580K (96%)
ptolemy.util.test.WatchDog.cancel(): canceling Sat May 04 01:25:26 UTC 2019
auto.tcl: Setting watchdog for 200 seconds at Sat May 04 01:25:26 UTC 2019
10001 ms. Memory: 338432K Free: 320624K (95%)
ptolemy.util.test.WatchDog.cancel(): canceling Sat May 04 01:25:36 UTC 2019
------------------ testing $PTII/ptolemy/domains/de/test/auto/relationGroup.xml
auto.tcl: Setting watchdog for 200 seconds at Sat May 04 01:25:36 UTC 2019
9 ms. Memory: 337408K Free: 326147K (97%)
ptolemy.util.test.WatchDog.cancel(): canceling Sat May 04 01:25:36 UTC 2019
auto.tcl: Setting watchdog for 200 seconds at Sat May 04 01:25:36 UTC 2019
2 ms. Memory: 337408K Free: 326147K (97%)
ptolemy.util.test.WatchDog.cancel(): canceling Sat May 04 01:25:36 UTC 2019
------------------ testing $PTII/ptolemy/domains/de/test/auto/relationGroup2.xml
auto.tcl: Setting watchdog for 200 seconds at Sat May 04 01:25:36 UTC 2019
1 ms. Memory: 338432K Free: 324638K (96%)
ptolemy.util.test.WatchDog.cancel(): canceling Sat May 04 01:25:36 UTC 2019
auto.tcl: Setting watchdog for 200 seconds at Sat May 04 01:25:36 UTC 2019
1 ms. Memory: 338432K Free: 324638K (96%)
ptolemy.util.test.WatchDog.cancel(): canceling Sat May 04 01:25:36 UTC 2019
------------------ testing $PTII/ptolemy/domains/de/test/auto/sortWithOpaquePorts.xml
auto.tcl: Setting watchdog for 200 seconds at Sat May 04 01:25:37 UTC 2019
2 ms. Memory: 337408K Free: 323615K (96%)
ptolemy.util.test.WatchDog.cancel(): canceling Sat May 04 01:25:37 UTC 2019
auto.tcl: Setting watchdog for 200 seconds at Sat May 04 01:25:37 UTC 2019
2 ms. Memory: 337408K Free: 319659K (95%)
ptolemy.util.test.WatchDog.cancel(): canceling Sat May 04 01:25:37 UTC 2019
------------------ testing $PTII/ptolemy/domains/de/test/auto/transferInputsandOutputs.xml
auto.tcl: Setting watchdog for 200 seconds at Sat May 04 01:25:37 UTC 2019
2 ms. Memory: 337920K Free: 320167K (95%)
ptolemy.util.test.WatchDog.cancel(): canceling Sat May 04 01:25:37 UTC 2019
auto.tcl: Setting watchdog for 200 seconds at Sat May 04 01:25:37 UTC 2019
3 ms. Memory: 337920K Free: 320167K (95%)
ptolemy.util.test.WatchDog.cancel(): canceling Sat May 04 01:25:37 UTC 2019
------------------ testing $PTII/ptolemy/domains/de/test/auto/triggerType.xml
auto.tcl: Setting watchdog for 200 seconds at Sat May 04 01:25:37 UTC 2019
2 ms. Memory: 337408K Free: 323553K (96%)
ptolemy.util.test.WatchDog.cancel(): canceling Sat May 04 01:25:37 UTC 2019
auto.tcl: Setting watchdog for 200 seconds at Sat May 04 01:25:37 UTC 2019
1 ms. Memory: 337408K Free: 319605K (95%)
ptolemy.util.test.WatchDog.cancel(): canceling Sat May 04 01:25:37 UTC 2019
05/04/19 01:25:37
Failed: 0  Total Tests: 192  ((Passed: 187, Newly Passed: 1)  Known Failed: 5) /home/travis/build/icyphy/ptII/ptolemy/domains/de/test
05/04/19 01:25:37
Failed: 0  Total Tests: 192  ((Passed: 187, Newly Passed: 1)  Known Failed: 5) /home/travis/build/icyphy/ptII/ptolemy/domains/de/test
----------------- testing (KnownFailure) /home/travis/build/icyphy/ptII/ptolemy/domains/de/test/auto/knownFailedTests/DESDFClockTest.xml
2010 ms. Memory: 337920K Free: 313856K (93%)
Known Failure: java.lang.reflect.InvocationTargetException
----------------- testing (KnownFailure) /home/travis/build/icyphy/ptII/ptolemy/domains/de/test/auto/knownFailedTests/DirectFeedback.xml
1 ms. Memory: 337920K Free: 293376K (87%)
Known Failure: java.lang.reflect.InvocationTargetException
----------------- testing (KnownFailure) /home/travis/build/icyphy/ptII/ptolemy/domains/de/test/auto/knownFailedTests/FSMSource.xml
17 ms. Memory: 337920K Free: 272895K (81%)
----------------- testing (KnownFailure) /home/travis/build/icyphy/ptII/ptolemy/domains/de/test/auto/knownFailedTests/HierarchicalModel.xml
1 ms. Memory: 337920K Free: 247279K (73%)
Known Failure: java.lang.reflect.InvocationTargetException
----------------- testing (KnownFailure) /home/travis/build/icyphy/ptII/ptolemy/domains/de/test/auto/knownFailedTests/dependencyLoop.xml
2 ms. Memory: 337920K Free: 216559K (64%)
Known Failure: java.lang.reflect.InvocationTargetException
----------------- testing (KnownFailure) /home/travis/build/icyphy/ptII/ptolemy/domains/de/test/auto/knownFailedTests/dependencyLoop2.xml
2 ms. Memory: 337920K Free: 185838K (55%)
Known Failure: java.lang.reflect.InvocationTargetException
No auto/linux-amd64/*.xml tests in /home/travis/build/icyphy/ptII/ptolemy/domains/de/test
AutoTests.java: About to close Vertx.
AutoTests.java: Vertx closed.

===========================================================================================
----------------- testing Sat May 04 01:25:39 UTC 2019 /home/travis/build/icyphy/ptII/ptolemy/domains/de/test/auto/ActorDepthCalculation_actorWithoutPorts.xml
----------------- Instantiating /home/travis/build/icyphy/ptII/ptolemy/domains/de/test/auto/ActorDepthCalculation_actorWithoutPorts.xml
1 ms. Memory: 337920K Free: 160238K (47%)
----------------- Invoking toplevel() on ptolemy.moml.MoMLSimpleApplication@fbb3ea4
----------------- Done invoking toplevel() on ptolemy.moml.MoMLSimpleApplication@fbb3ea4
reloadAllAccessors: .ActorDepthCalculation_actorWithoutPorts

===========================================================================================
----------------- testing Sat May 04 01:25:39 UTC 2019 /home/travis/build/icyphy/ptII/ptolemy/domains/de/test/auto/AssemblyLine.xml
----------------- Instantiating /home/travis/build/icyphy/ptII/ptolemy/domains/de/test/auto/AssemblyLine.xml
1 ms. Memory: 337920K Free: 144870K (43%)
----------------- Invoking toplevel() on ptolemy.moml.MoMLSimpleApplication@3e5483d7
----------------- Done invoking toplevel() on ptolemy.moml.MoMLSimpleApplication@3e5483d7
reloadAllAccessors: .AssemblyLine

===========================================================================================
----------------- testing Sat May 04 01:25:39 UTC 2019 /home/travis/build/icyphy/ptII/ptolemy/domains/de/test/auto/CQBug1.xml
----------------- Instantiating /home/travis/build/icyphy/ptII/ptolemy/domains/de/test/auto/CQBug1.xml
1 ms. Memory: 337920K Free: 134630K (40%)
----------------- Invoking toplevel() on ptolemy.moml.MoMLSimpleApplication@3f395c57
----------------- Done invoking toplevel() on ptolemy.moml.MoMLSimpleApplication@3f395c57
reloadAllAccessors: .CQBug1

===========================================================================================
----------------- testing Sat May 04 01:25:39 UTC 2019 /home/travis/build/icyphy/ptII/ptolemy/domains/de/test/auto/CancelFireAt.xml
----------------- Instantiating /home/travis/build/icyphy/ptII/ptolemy/domains/de/test/auto/CancelFireAt.xml
1 ms. Memory: 337920K Free: 124390K (37%)
----------------- Invoking toplevel() on ptolemy.moml.MoMLSimpleApplication@1c0dfca5
----------------- Done invoking toplevel() on ptolemy.moml.MoMLSimpleApplication@1c0dfca5
reloadAllAccessors: .CancelFireAt

===========================================================================================
----------------- testing Sat May 04 01:25:39 UTC 2019 /home/travis/build/icyphy/ptII/ptolemy/domains/de/test/auto/CausalityAndComposabilityAnalysis.xml
----------------- Instantiating /home/travis/build/icyphy/ptII/ptolemy/domains/de/test/auto/CausalityAndComposabilityAnalysis.xml
2 ms. Memory: 337920K Free: 114150K (34%)
----------------- Invoking toplevel() on ptolemy.moml.MoMLSimpleApplication@188beded
----------------- Done invoking toplevel() on ptolemy.moml.MoMLSimpleApplication@188beded
reloadAllAccessors: .CausalityAndComposabilityAnalysis

===========================================================================================
----------------- testing Sat May 04 01:25:39 UTC 2019 /home/travis/build/icyphy/ptII/ptolemy/domains/de/test/auto/CausalityInterface1.xml
----------------- Instantiating /home/travis/build/icyphy/ptII/ptolemy/domains/de/test/auto/CausalityInterface1.xml
3 ms. Memory: 337920K Free: 103910K (31%)
----------------- Invoking toplevel() on ptolemy.moml.MoMLSimpleApplication@668c885
----------------- Done invoking toplevel() on ptolemy.moml.MoMLSimpleApplication@668c885
reloadAllAccessors: .CausalityInterface1

===========================================================================================
----------------- testing Sat May 04 01:25:39 UTC 2019 /home/travis/build/icyphy/ptII/ptolemy/domains/de/test/auto/CausalityInterface15.xml
----------------- Instantiating /home/travis/build/icyphy/ptII/ptolemy/domains/de/test/auto/CausalityInterface15.xml
1 ms. Memory: 337920K Free: 89730K (27%)
----------------- Invoking toplevel() on ptolemy.moml.MoMLSimpleApplication@4a04409b
----------------- Done invoking toplevel() on ptolemy.moml.MoMLSimpleApplication@4a04409b
reloadAllAccessors: .CausalityInterface15

===========================================================================================
----------------- testing Sat May 04 01:25:39 UTC 2019 /home/travis/build/icyphy/ptII/ptolemy/domains/de/test/auto/CausalityInterface2.xml
----------------- Instantiating /home/travis/build/icyphy/ptII/ptolemy/domains/de/test/auto/CausalityInterface2.xml
2 ms. Memory: 337920K Free: 79490K (24%)
----------------- Invoking toplevel() on ptolemy.moml.MoMLSimpleApplication@392b62f7
----------------- Done invoking toplevel() on ptolemy.moml.MoMLSimpleApplication@392b62f7
reloadAllAccessors: .CausalityInterface2

===========================================================================================
----------------- testing Sat May 04 01:25:39 UTC 2019 /home/travis/build/icyphy/ptII/ptolemy/domains/de/test/auto/CausalityInterface3.xml
----------------- Instantiating /home/travis/build/icyphy/ptII/ptolemy/domains/de/test/auto/CausalityInterface3.xml
3 ms. Memory: 326656K Free: 316467K (97%)
----------------- Invoking toplevel() on ptolemy.moml.MoMLSimpleApplication@3d78da2f
----------------- Done invoking toplevel() on ptolemy.moml.MoMLSimpleApplication@3d78da2f
reloadAllAccessors: .CausalityInterface3

===========================================================================================
----------------- testing Sat May 04 01:25:39 UTC 2019 /home/travis/build/icyphy/ptII/ptolemy/domains/de/test/auto/ClockDrift.xml
----------------- Instantiating /home/travis/build/icyphy/ptII/ptolemy/domains/de/test/auto/ClockDrift.xml
13 ms. Memory: 326656K Free: 296813K (91%)
----------------- Invoking toplevel() on ptolemy.moml.MoMLSimpleApplication@21043f6e
----------------- Done invoking toplevel() on ptolemy.moml.MoMLSimpleApplication@21043f6e
reloadAllAccessors: .ClockDrift

===========================================================================================
----------------- testing Sat May 04 01:25:39 UTC 2019 /home/travis/build/icyphy/ptII/ptolemy/domains/de/test/auto/ClockDriftAndValueChange.xml
----------------- Instantiating /home/travis/build/icyphy/ptII/ptolemy/domains/de/test/auto/ClockDriftAndValueChange.xml
11 ms. Memory: 326656K Free: 282105K (86%)
----------------- Invoking toplevel() on ptolemy.moml.MoMLSimpleApplication@79b57e7e
----------------- Done invoking toplevel() on ptolemy.moml.MoMLSimpleApplication@79b57e7e
reloadAllAccessors: .ClockDriftAndValueChange

===========================================================================================
----------------- testing Sat May 04 01:25:39 UTC 2019 /home/travis/build/icyphy/ptII/ptolemy/domains/de/test/auto/ClockDriftChange.xml
----------------- Instantiating /home/travis/build/icyphy/ptII/ptolemy/domains/de/test/auto/ClockDriftChange.xml
11 ms. Memory: 326656K Free: 269836K (83%)
----------------- Invoking toplevel() on ptolemy.moml.MoMLSimpleApplication@13f5bb1
----------------- Done invoking toplevel() on ptolemy.moml.MoMLSimpleApplication@13f5bb1
reloadAllAccessors: .ClockDriftChange

===========================================================================================
----------------- testing Sat May 04 01:25:39 UTC 2019 /home/travis/build/icyphy/ptII/ptolemy/domains/de/test/auto/ComposableCausalityAnalysis.xml
----------------- Instantiating /home/travis/build/icyphy/ptII/ptolemy/domains/de/test/auto/ComposableCausalityAnalysis.xml
1 ms. Memory: 326656K Free: 262478K (80%)
----------------- Invoking toplevel() on ptolemy.moml.MoMLSimpleApplication@1e6fd998
----------------- Done invoking toplevel() on ptolemy.moml.MoMLSimpleApplication@1e6fd998
reloadAllAccessors: .ComposableCausalityAnalysis

===========================================================================================
----------------- testing Sat May 04 01:25:39 UTC 2019 /home/travis/build/icyphy/ptII/ptolemy/domains/de/test/auto/DEFixedPointLimitation.xml
----------------- Instantiating /home/travis/build/icyphy/ptII/ptolemy/domains/de/test/auto/DEFixedPointLimitation.xml
0 ms. Memory: 326656K Free: 255120K (78%)
----------------- Invoking toplevel() on ptolemy.moml.MoMLSimpleApplication@6b2894d8
----------------- Done invoking toplevel() on ptolemy.moml.MoMLSimpleApplication@6b2894d8
reloadAllAccessors: .DEFixedPointLimitation

===========================================================================================
----------------- testing Sat May 04 01:25:39 UTC 2019 /home/travis/build/icyphy/ptII/ptolemy/domains/de/test/auto/DEScheduleTest.xml
----------------- Instantiating /home/travis/build/icyphy/ptII/ptolemy/domains/de/test/auto/DEScheduleTest.xml
2 ms. Memory: 326656K Free: 245287K (75%)
----------------- Invoking toplevel() on ptolemy.moml.MoMLSimpleApplication@7553825d
----------------- Done invoking toplevel() on ptolemy.moml.MoMLSimpleApplication@7553825d
reloadAllAccessors: .DEScheduleTest

===========================================================================================
----------------- testing Sat May 04 01:25:39 UTC 2019 /home/travis/build/icyphy/ptII/ptolemy/domains/de/test/auto/DEinDEwithStartTimes.xml
----------------- Instantiating /home/travis/build/icyphy/ptII/ptolemy/domains/de/test/auto/DEinDEwithStartTimes.xml
2 ms. Memory: 326656K Free: 237929K (73%)
----------------- Invoking toplevel() on ptolemy.moml.MoMLSimpleApplication@6a44ac9e
----------------- Done invoking toplevel() on ptolemy.moml.MoMLSimpleApplication@6a44ac9e
reloadAllAccessors: .DEinDEwithStartTimes

===========================================================================================
----------------- testing Sat May 04 01:25:39 UTC 2019 /home/travis/build/icyphy/ptII/ptolemy/domains/de/test/auto/DEinDEwithStartTimes2.xml
----------------- Instantiating /home/travis/build/icyphy/ptII/ptolemy/domains/de/test/auto/DEinDEwithStartTimes2.xml
2 ms. Memory: 326656K Free: 228115K (70%)
----------------- Invoking toplevel() on ptolemy.moml.MoMLSimpleApplication@517548b5
----------------- Done invoking toplevel() on ptolemy.moml.MoMLSimpleApplication@517548b5
reloadAllAccessors: .DEinDEwithStartTimes2

===========================================================================================
----------------- testing Sat May 04 01:25:39 UTC 2019 /home/travis/build/icyphy/ptII/ptolemy/domains/de/test/auto/DateDemo.xml
----------------- Instantiating /home/travis/build/icyphy/ptII/ptolemy/domains/de/test/auto/DateDemo.xml
4 ms. Memory: 326656K Free: 213379K (65%)
----------------- Invoking toplevel() on ptolemy.moml.MoMLSimpleApplication@5e50eb81
----------------- Done invoking toplevel() on ptolemy.moml.MoMLSimpleApplication@5e50eb81
reloadAllAccessors: .DateDemo

===========================================================================================
----------------- testing Sat May 04 01:25:39 UTC 2019 /home/travis/build/icyphy/ptII/ptolemy/domains/de/test/auto/DateToEvent.xml
----------------- Instantiating /home/travis/build/icyphy/ptII/ptolemy/domains/de/test/auto/DateToEvent.xml
2008 ms. Memory: 326656K Free: 193744K (59%)
----------------- Invoking toplevel() on ptolemy.moml.MoMLSimpleApplication@7409cb3e
----------------- Done invoking toplevel() on ptolemy.moml.MoMLSimpleApplication@7409cb3e
reloadAllAccessors: .DateToEvent

===========================================================================================
----------------- testing Sat May 04 01:25:41 UTC 2019 /home/travis/build/icyphy/ptII/ptolemy/domains/de/test/auto/DepthTest1.xml
----------------- Instantiating /home/travis/build/icyphy/ptII/ptolemy/domains/de/test/auto/DepthTest1.xml
1 ms. Memory: 326656K Free: 186375K (57%)
----------------- Invoking toplevel() on ptolemy.moml.MoMLSimpleApplication@7982360
----------------- Done invoking toplevel() on ptolemy.moml.MoMLSimpleApplication@7982360
reloadAllAccessors: .DepthTest1

===========================================================================================
----------------- testing Sat May 04 01:25:41 UTC 2019 /home/travis/build/icyphy/ptII/ptolemy/domains/de/test/auto/DepthTest2.xml
----------------- Instantiating /home/travis/build/icyphy/ptII/ptolemy/domains/de/test/auto/DepthTest2.xml
2 ms. Memory: 326656K Free: 176569K (54%)
----------------- Invoking toplevel() on ptolemy.moml.MoMLSimpleApplication@77ff07b
----------------- Done invoking toplevel() on ptolemy.moml.MoMLSimpleApplication@77ff07b
reloadAllAccessors: .DepthTest2

===========================================================================================
----------------- testing Sat May 04 01:25:41 UTC 2019 /home/travis/build/icyphy/ptII/ptolemy/domains/de/test/auto/DepthTest3.xml
----------------- Instantiating /home/travis/build/icyphy/ptII/ptolemy/domains/de/test/auto/DepthTest3.xml
1 ms. Memory: 326656K Free: 171675K (53%)
----------------- Invoking toplevel() on ptolemy.moml.MoMLSimpleApplication@41192714
----------------- Done invoking toplevel() on ptolemy.moml.MoMLSimpleApplication@41192714
reloadAllAccessors: .DepthTest3

===========================================================================================
----------------- testing Sat May 04 01:25:41 UTC 2019 /home/travis/build/icyphy/ptII/ptolemy/domains/de/test/auto/DepthTest4.xml
----------------- Instantiating /home/travis/build/icyphy/ptII/ptolemy/domains/de/test/auto/DepthTest4.xml
1 ms. Memory: 326656K Free: 164324K (50%)
----------------- Invoking toplevel() on ptolemy.moml.MoMLSimpleApplication@696343f5
----------------- Done invoking toplevel() on ptolemy.moml.MoMLSimpleApplication@696343f5
reloadAllAccessors: .DepthTest4

===========================================================================================
----------------- testing Sat May 04 01:25:41 UTC 2019 /home/travis/build/icyphy/ptII/ptolemy/domains/de/test/auto/DepthTest5.xml
----------------- Instantiating /home/travis/build/icyphy/ptII/ptolemy/domains/de/test/auto/DepthTest5.xml
1 ms. Memory: 326656K Free: 156982K (48%)
----------------- Invoking toplevel() on ptolemy.moml.MoMLSimpleApplication@78192767
----------------- Done invoking toplevel() on ptolemy.moml.MoMLSimpleApplication@78192767
reloadAllAccessors: .DepthTest5

===========================================================================================
----------------- testing Sat May 04 01:25:41 UTC 2019 /home/travis/build/icyphy/ptII/ptolemy/domains/de/test/auto/DepthTest6.xml
----------------- Instantiating /home/travis/build/icyphy/ptII/ptolemy/domains/de/test/auto/DepthTest6.xml
2 ms. Memory: 326656K Free: 149624K (46%)
----------------- Invoking toplevel() on ptolemy.moml.MoMLSimpleApplication@10ea013a
----------------- Done invoking toplevel() on ptolemy.moml.MoMLSimpleApplication@10ea013a
reloadAllAccessors: .DepthTest6

===========================================================================================
----------------- testing Sat May 04 01:25:41 UTC 2019 /home/travis/build/icyphy/ptII/ptolemy/domains/de/test/auto/DepthTest7.xml
----------------- Instantiating /home/travis/build/icyphy/ptII/ptolemy/domains/de/test/auto/DepthTest7.xml
2 ms. Memory: 326656K Free: 139792K (43%)
----------------- Invoking toplevel() on ptolemy.moml.MoMLSimpleApplication@2cd7c378
----------------- Done invoking toplevel() on ptolemy.moml.MoMLSimpleApplication@2cd7c378
reloadAllAccessors: .DepthTest7

===========================================================================================
----------------- testing Sat May 04 01:25:41 UTC 2019 /home/travis/build/icyphy/ptII/ptolemy/domains/de/test/auto/EventToDate.xml
----------------- Instantiating /home/travis/build/icyphy/ptII/ptolemy/domains/de/test/auto/EventToDate.xml
3003 ms. Memory: 326656K Free: 122628K (38%)
----------------- Invoking toplevel() on ptolemy.moml.MoMLSimpleApplication@6e3f0799
----------------- Done invoking toplevel() on ptolemy.moml.MoMLSimpleApplication@6e3f0799
reloadAllAccessors: .EventToDate

===========================================================================================
----------------- testing Sat May 04 01:25:44 UTC 2019 /home/travis/build/icyphy/ptII/ptolemy/domains/de/test/auto/FSM1.xml
----------------- Instantiating /home/travis/build/icyphy/ptII/ptolemy/domains/de/test/auto/FSM1.xml
8 ms. Memory: 326656K Free: 107912K (33%)
----------------- Invoking toplevel() on ptolemy.moml.MoMLSimpleApplication@5da6c8fe
----------------- Done invoking toplevel() on ptolemy.moml.MoMLSimpleApplication@5da6c8fe
reloadAllAccessors: .FSM1

===========================================================================================
----------------- testing Sat May 04 01:25:44 UTC 2019 /home/travis/build/icyphy/ptII/ptolemy/domains/de/test/auto/FSM7.xml
----------------- Instantiating /home/travis/build/icyphy/ptII/ptolemy/domains/de/test/auto/FSM7.xml
8 ms. Memory: 326656K Free: 93180K (29%)
----------------- Invoking toplevel() on ptolemy.moml.MoMLSimpleApplication@164ede4c
----------------- Done invoking toplevel() on ptolemy.moml.MoMLSimpleApplication@164ede4c
reloadAllAccessors: .FSM7

===========================================================================================
----------------- testing Sat May 04 01:25:44 UTC 2019 /home/travis/build/icyphy/ptII/ptolemy/domains/de/test/auto/Inspection.xml
----------------- Instantiating /home/travis/build/icyphy/ptII/ptolemy/domains/de/test/auto/Inspection.xml
12 ms. Memory: 326656K Free: 78479K (24%)
----------------- Invoking toplevel() on ptolemy.moml.MoMLSimpleApplication@374ac9f8
----------------- Done invoking toplevel() on ptolemy.moml.MoMLSimpleApplication@374ac9f8
reloadAllAccessors: .Inspection

===========================================================================================
----------------- testing Sat May 04 01:25:45 UTC 2019 /home/travis/build/icyphy/ptII/ptolemy/domains/de/test/auto/Iteration.xml
----------------- Instantiating /home/travis/build/icyphy/ptII/ptolemy/domains/de/test/auto/Iteration.xml
10 ms. Memory: 315392K Free: 300750K (95%)
----------------- Invoking toplevel() on ptolemy.moml.MoMLSimpleApplication@5b8bd5ec
----------------- Done invoking toplevel() on ptolemy.moml.MoMLSimpleApplication@5b8bd5ec
reloadAllAccessors: .Iteration

===========================================================================================
----------------- testing Sat May 04 01:25:45 UTC 2019 /home/travis/build/icyphy/ptII/ptolemy/domains/de/test/auto/LineFault.xml
----------------- Instantiating /home/travis/build/icyphy/ptII/ptolemy/domains/de/test/auto/LineFault.xml
421 ms. Memory: 315392K Free: 184318K (58%)
----------------- Invoking toplevel() on ptolemy.moml.MoMLSimpleApplication@46994dbb
----------------- Done invoking toplevel() on ptolemy.moml.MoMLSimpleApplication@46994dbb
reloadAllAccessors: .LineFault

===========================================================================================
----------------- testing Sat May 04 01:25:45 UTC 2019 /home/travis/build/icyphy/ptII/ptolemy/domains/de/test/auto/MergeModel1Add.xml
----------------- Instantiating /home/travis/build/icyphy/ptII/ptolemy/domains/de/test/auto/MergeModel1Add.xml
6 ms. Memory: 315392K Free: 163211K (52%)
----------------- Invoking toplevel() on ptolemy.moml.MoMLSimpleApplication@4f1b3dfb
----------------- Done invoking toplevel() on ptolemy.moml.MoMLSimpleApplication@4f1b3dfb
reloadAllAccessors: .MergeModel1Add

===========================================================================================
----------------- testing Sat May 04 01:25:45 UTC 2019 /home/travis/build/icyphy/ptII/ptolemy/domains/de/test/auto/MergeModel2Add.xml
----------------- Instantiating /home/travis/build/icyphy/ptII/ptolemy/domains/de/test/auto/MergeModel2Add.xml
6 ms. Memory: 315392K Free: 142064K (45%)
----------------- Invoking toplevel() on ptolemy.moml.MoMLSimpleApplication@5a3dbaf3
----------------- Done invoking toplevel() on ptolemy.moml.MoMLSimpleApplication@5a3dbaf3
reloadAllAccessors: .MergeModel2Add

===========================================================================================
----------------- testing Sat May 04 01:25:45 UTC 2019 /home/travis/build/icyphy/ptII/ptolemy/domains/de/test/auto/MergeModel3Add.xml
----------------- Instantiating /home/travis/build/icyphy/ptII/ptolemy/domains/de/test/auto/MergeModel3Add.xml
5 ms. Memory: 315392K Free: 119338K (38%)
----------------- Invoking toplevel() on ptolemy.moml.MoMLSimpleApplication@67a77d05
----------------- Done invoking toplevel() on ptolemy.moml.MoMLSimpleApplication@67a77d05
reloadAllAccessors: .MergeModel3Add

===========================================================================================
----------------- testing Sat May 04 01:25:45 UTC 2019 /home/travis/build/icyphy/ptII/ptolemy/domains/de/test/auto/MergeWithoutDiscard.xml
----------------- Instantiating /home/travis/build/icyphy/ptII/ptolemy/domains/de/test/auto/MergeWithoutDiscard.xml
1 ms. Memory: 315392K Free: 112318K (36%)
----------------- Invoking toplevel() on ptolemy.moml.MoMLSimpleApplication@22390568
----------------- Done invoking toplevel() on ptolemy.moml.MoMLSimpleApplication@22390568
reloadAllAccessors: .MergeWithoutDiscard

===========================================================================================
----------------- testing Sat May 04 01:25:45 UTC 2019 /home/travis/build/icyphy/ptII/ptolemy/domains/de/test/auto/Modal1.xml
----------------- Instantiating /home/travis/build/icyphy/ptII/ptolemy/domains/de/test/auto/Modal1.xml
7 ms. Memory: 315392K Free: 98247K (31%)
----------------- Invoking toplevel() on ptolemy.moml.MoMLSimpleApplication@2364eb7d
----------------- Done invoking toplevel() on ptolemy.moml.MoMLSimpleApplication@2364eb7d
reloadAllAccessors: .Modal1

===========================================================================================
----------------- testing Sat May 04 01:25:45 UTC 2019 /home/travis/build/icyphy/ptII/ptolemy/domains/de/test/auto/Modal2.xml
----------------- Instantiating /home/travis/build/icyphy/ptII/ptolemy/domains/de/test/auto/Modal2.xml
9 ms. Memory: 315392K Free: 82549K (26%)
----------------- Invoking toplevel() on ptolemy.moml.MoMLSimpleApplication@6e1deaa0
----------------- Done invoking toplevel() on ptolemy.moml.MoMLSimpleApplication@6e1deaa0
reloadAllAccessors: .Modal2

===========================================================================================
----------------- testing Sat May 04 01:25:45 UTC 2019 /home/travis/build/icyphy/ptII/ptolemy/domains/de/test/auto/Modal3.xml
----------------- Instantiating /home/travis/build/icyphy/ptII/ptolemy/domains/de/test/auto/Modal3.xml
7 ms. Memory: 305152K Free: 291514K (96%)
----------------- Invoking toplevel() on ptolemy.moml.MoMLSimpleApplication@3b96156c
----------------- Done invoking toplevel() on ptolemy.moml.MoMLSimpleApplication@3b96156c
reloadAllAccessors: .Modal3

===========================================================================================
----------------- testing Sat May 04 01:25:45 UTC 2019 /home/travis/build/icyphy/ptII/ptolemy/domains/de/test/auto/Modal4.xml
----------------- Instantiating /home/travis/build/icyphy/ptII/ptolemy/domains/de/test/auto/Modal4.xml
8 ms. Memory: 305152K Free: 274778K (90%)
----------------- Invoking toplevel() on ptolemy.moml.MoMLSimpleApplication@57da2ebd
----------------- Done invoking toplevel() on ptolemy.moml.MoMLSimpleApplication@57da2ebd
reloadAllAccessors: .Modal4

===========================================================================================
----------------- testing Sat May 04 01:25:45 UTC 2019 /home/travis/build/icyphy/ptII/ptolemy/domains/de/test/auto/Modal5.xml
----------------- Instantiating /home/travis/build/icyphy/ptII/ptolemy/domains/de/test/auto/Modal5.xml
8 ms. Memory: 305152K Free: 259076K (85%)
----------------- Invoking toplevel() on ptolemy.moml.MoMLSimpleApplication@466fb406
----------------- Done invoking toplevel() on ptolemy.moml.MoMLSimpleApplication@466fb406
reloadAllAccessors: .Modal5

===========================================================================================
----------------- testing Sat May 04 01:25:45 UTC 2019 /home/travis/build/icyphy/ptII/ptolemy/domains/de/test/auto/Modal6.xml
----------------- Instantiating /home/travis/build/icyphy/ptII/ptolemy/domains/de/test/auto/Modal6.xml
8 ms. Memory: 305152K Free: 244579K (80%)
----------------- Invoking toplevel() on ptolemy.moml.MoMLSimpleApplication@43991500
----------------- Done invoking toplevel() on ptolemy.moml.MoMLSimpleApplication@43991500
reloadAllAccessors: .Modal6

===========================================================================================
----------------- testing Sat May 04 01:25:45 UTC 2019 /home/travis/build/icyphy/ptII/ptolemy/domains/de/test/auto/Modal7.xml
----------------- Instantiating /home/travis/build/icyphy/ptII/ptolemy/domains/de/test/auto/Modal7.xml
6 ms. Memory: 305152K Free: 228884K (75%)
----------------- Invoking toplevel() on ptolemy.moml.MoMLSimpleApplication@5c51ea8c
----------------- Done invoking toplevel() on ptolemy.moml.MoMLSimpleApplication@5c51ea8c
reloadAllAccessors: .Modal7

===========================================================================================
----------------- testing Sat May 04 01:25:45 UTC 2019 /home/travis/build/icyphy/ptII/ptolemy/domains/de/test/auto/ModalModel.xml
----------------- Instantiating /home/travis/build/icyphy/ptII/ptolemy/domains/de/test/auto/ModalModel.xml
105 ms. Memory: 305152K Free: 155979K (51%)
----------------- Invoking toplevel() on ptolemy.moml.MoMLSimpleApplication@4471166e
----------------- Done invoking toplevel() on ptolemy.moml.MoMLSimpleApplication@4471166e
reloadAllAccessors: .ModalModel

===========================================================================================
----------------- testing Sat May 04 01:25:46 UTC 2019 /home/travis/build/icyphy/ptII/ptolemy/domains/de/test/auto/ModalSource.xml
----------------- Instantiating /home/travis/build/icyphy/ptII/ptolemy/domains/de/test/auto/ModalSource.xml
4 ms. Memory: 305152K Free: 147021K (48%)
----------------- Invoking toplevel() on ptolemy.moml.MoMLSimpleApplication@10014e02
----------------- Done invoking toplevel() on ptolemy.moml.MoMLSimpleApplication@10014e02
reloadAllAccessors: .ModalSource

===========================================================================================
----------------- testing Sat May 04 01:25:46 UTC 2019 /home/travis/build/icyphy/ptII/ptolemy/domains/de/test/auto/NonInterruptibleTimerZeroDelay.xml
----------------- Instantiating /home/travis/build/icyphy/ptII/ptolemy/domains/de/test/auto/NonInterruptibleTimerZeroDelay.xml
2 ms. Memory: 305152K Free: 139268K (46%)
----------------- Invoking toplevel() on ptolemy.moml.MoMLSimpleApplication@76363a40
----------------- Done invoking toplevel() on ptolemy.moml.MoMLSimpleApplication@76363a40
reloadAllAccessors: .NonInterruptibleTimerZeroDelay

===========================================================================================
----------------- testing Sat May 04 01:25:46 UTC 2019 /home/travis/build/icyphy/ptII/ptolemy/domains/de/test/auto/OpenQueueingNetwork.xml
----------------- Instantiating /home/travis/build/icyphy/ptII/ptolemy/domains/de/test/auto/OpenQueueingNetwork.xml
2050 ms. Memory: 279552K Free: 129206K (46%)
----------------- Invoking toplevel() on ptolemy.moml.MoMLSimpleApplication@473a63e0
----------------- Done invoking toplevel() on ptolemy.moml.MoMLSimpleApplication@473a63e0
reloadAllAccessors: .OpenQueueingNetwork

===========================================================================================
----------------- testing Sat May 04 01:25:48 UTC 2019 /home/travis/build/icyphy/ptII/ptolemy/domains/de/test/auto/OpenQueuingNetwork.xml
----------------- Instantiating /home/travis/build/icyphy/ptII/ptolemy/domains/de/test/auto/OpenQueuingNetwork.xml
218 ms. Memory: 269824K Free: 225343K (84%)
----------------- Invoking toplevel() on ptolemy.moml.MoMLSimpleApplication@6850d1ce
----------------- Done invoking toplevel() on ptolemy.moml.MoMLSimpleApplication@6850d1ce
reloadAllAccessors: .OpenQueuingNetwork

===========================================================================================
----------------- testing Sat May 04 01:25:48 UTC 2019 /home/travis/build/icyphy/ptII/ptolemy/domains/de/test/auto/PeriodicSampler.xml
----------------- Instantiating /home/travis/build/icyphy/ptII/ptolemy/domains/de/test/auto/PeriodicSampler.xml
2 ms. Memory: 269824K Free: 217750K (81%)
----------------- Invoking toplevel() on ptolemy.moml.MoMLSimpleApplication@3f03c9b6
----------------- Done invoking toplevel() on ptolemy.moml.MoMLSimpleApplication@3f03c9b6
reloadAllAccessors: .PeriodicSampler

===========================================================================================
----------------- testing Sat May 04 01:25:48 UTC 2019 /home/travis/build/icyphy/ptII/ptolemy/domains/de/test/auto/PersistentIO.xml
----------------- Instantiating /home/travis/build/icyphy/ptII/ptolemy/domains/de/test/auto/PersistentIO.xml
3 ms. Memory: 269824K Free: 206057K (76%)
----------------- Invoking toplevel() on ptolemy.moml.MoMLSimpleApplication@3a8b245c
----------------- Done invoking toplevel() on ptolemy.moml.MoMLSimpleApplication@3a8b245c
reloadAllAccessors: .PersistentIO

===========================================================================================
----------------- testing Sat May 04 01:25:48 UTC 2019 /home/travis/build/icyphy/ptII/ptolemy/domains/de/test/auto/PortParameterResetOnInitialize.xml
----------------- Instantiating /home/travis/build/icyphy/ptII/ptolemy/domains/de/test/auto/PortParameterResetOnInitialize.xml
2 ms. Memory: 269824K Free: 199648K (74%)
----------------- Invoking toplevel() on ptolemy.moml.MoMLSimpleApplication@486530c4
----------------- Done invoking toplevel() on ptolemy.moml.MoMLSimpleApplication@486530c4
reloadAllAccessors: .PortParameterResetOnInitialize

===========================================================================================
----------------- testing Sat May 04 01:25:48 UTC 2019 /home/travis/build/icyphy/ptII/ptolemy/domains/de/test/auto/PortParameterUpdates.xml
----------------- Instantiating /home/travis/build/icyphy/ptII/ptolemy/domains/de/test/auto/PortParameterUpdates.xml
4 ms. Memory: 269824K Free: 191754K (71%)
----------------- Invoking toplevel() on ptolemy.moml.MoMLSimpleApplication@c2ff2bc
----------------- Done invoking toplevel() on ptolemy.moml.MoMLSimpleApplication@c2ff2bc
reloadAllAccessors: .PortParameterUpdates

===========================================================================================
----------------- testing Sat May 04 01:25:48 UTC 2019 /home/travis/build/icyphy/ptII/ptolemy/domains/de/test/auto/QueueAndServer.xml
----------------- Instantiating /home/travis/build/icyphy/ptII/ptolemy/domains/de/test/auto/QueueAndServer.xml
5 ms. Memory: 269824K Free: 181962K (67%)
----------------- Invoking toplevel() on ptolemy.moml.MoMLSimpleApplication@15a4263
----------------- Done invoking toplevel() on ptolemy.moml.MoMLSimpleApplication@15a4263
reloadAllAccessors: .QueueAndServer

===========================================================================================
----------------- testing Sat May 04 01:25:48 UTC 2019 /home/travis/build/icyphy/ptII/ptolemy/domains/de/test/auto/Records.xml
----------------- Instantiating /home/travis/build/icyphy/ptII/ptolemy/domains/de/test/auto/Records.xml
4 ms. Memory: 269824K Free: 173682K (64%)
----------------- Invoking toplevel() on ptolemy.moml.MoMLSimpleApplication@45cf4e94
----------------- Done invoking toplevel() on ptolemy.moml.MoMLSimpleApplication@45cf4e94
reloadAllAccessors: .Records

===========================================================================================
----------------- testing Sat May 04 01:25:48 UTC 2019 /home/travis/build/icyphy/ptII/ptolemy/domains/de/test/auto/ResetTransitionWithStartTime1.xml
----------------- Instantiating /home/travis/build/icyphy/ptII/ptolemy/domains/de/test/auto/ResetTransitionWithStartTime1.xml
4 ms. Memory: 269824K Free: 161990K (60%)
----------------- Invoking toplevel() on ptolemy.moml.MoMLSimpleApplication@d6b41e4
----------------- Done invoking toplevel() on ptolemy.moml.MoMLSimpleApplication@d6b41e4
reloadAllAccessors: .ResetTransitionWithStartTime1

===========================================================================================
----------------- testing Sat May 04 01:25:48 UTC 2019 /home/travis/build/icyphy/ptII/ptolemy/domains/de/test/auto/ResetTransitionWithStartTime2.xml
----------------- Instantiating /home/travis/build/icyphy/ptII/ptolemy/domains/de/test/auto/ResetTransitionWithStartTime2.xml
7 ms. Memory: 269824K Free: 150298K (56%)
----------------- Invoking toplevel() on ptolemy.moml.MoMLSimpleApplication@19321fcc
----------------- Done invoking toplevel() on ptolemy.moml.MoMLSimpleApplication@19321fcc
reloadAllAccessors: .ResetTransitionWithStartTime2

===========================================================================================
----------------- testing Sat May 04 01:25:48 UTC 2019 /home/travis/build/icyphy/ptII/ptolemy/domains/de/test/auto/ResetTransitionWithStartTime3.xml
----------------- Instantiating /home/travis/build/icyphy/ptII/ptolemy/domains/de/test/auto/ResetTransitionWithStartTime3.xml
3 ms. Memory: 269824K Free: 138219K (51%)
----------------- Invoking toplevel() on ptolemy.moml.MoMLSimpleApplication@695d40bc
----------------- Done invoking toplevel() on ptolemy.moml.MoMLSimpleApplication@695d40bc
reloadAllAccessors: .ResetTransitionWithStartTime3

===========================================================================================
----------------- testing Sat May 04 01:25:48 UTC 2019 /home/travis/build/icyphy/ptII/ptolemy/domains/de/test/auto/ResetTransitionWithStartTime4.xml
----------------- Instantiating /home/travis/build/icyphy/ptII/ptolemy/domains/de/test/auto/ResetTransitionWithStartTime4.xml
3 ms. Memory: 269824K Free: 128429K (48%)
----------------- Invoking toplevel() on ptolemy.moml.MoMLSimpleApplication@75451698
----------------- Done invoking toplevel() on ptolemy.moml.MoMLSimpleApplication@75451698
reloadAllAccessors: .ResetTransitionWithStartTime4

===========================================================================================
----------------- testing Sat May 04 01:25:48 UTC 2019 /home/travis/build/icyphy/ptII/ptolemy/domains/de/test/auto/ResettableTimer1.xml
----------------- Instantiating /home/travis/build/icyphy/ptII/ptolemy/domains/de/test/auto/ResettableTimer1.xml
2 ms. Memory: 269824K Free: 122398K (45%)
----------------- Invoking toplevel() on ptolemy.moml.MoMLSimpleApplication@6dbf7489
----------------- Done invoking toplevel() on ptolemy.moml.MoMLSimpleApplication@6dbf7489
reloadAllAccessors: .ResettableTimer1

===========================================================================================
----------------- testing Sat May 04 01:25:48 UTC 2019 /home/travis/build/icyphy/ptII/ptolemy/domains/de/test/auto/ResettableTimer2.xml
----------------- Instantiating /home/travis/build/icyphy/ptII/ptolemy/domains/de/test/auto/ResettableTimer2.xml
1 ms. Memory: 269824K Free: 115989K (43%)
----------------- Invoking toplevel() on ptolemy.moml.MoMLSimpleApplication@653d617c
----------------- Done invoking toplevel() on ptolemy.moml.MoMLSimpleApplication@653d617c
reloadAllAccessors: .ResettableTimer2

===========================================================================================
----------------- testing Sat May 04 01:25:48 UTC 2019 /home/travis/build/icyphy/ptII/ptolemy/domains/de/test/auto/ResettableTimer3.xml
----------------- Instantiating /home/travis/build/icyphy/ptII/ptolemy/domains/de/test/auto/ResettableTimer3.xml
1 ms. Memory: 269824K Free: 109958K (41%)
----------------- Invoking toplevel() on ptolemy.moml.MoMLSimpleApplication@21afaa
----------------- Done invoking toplevel() on ptolemy.moml.MoMLSimpleApplication@21afaa
reloadAllAccessors: .ResettableTimer3

===========================================================================================
----------------- testing Sat May 04 01:25:48 UTC 2019 /home/travis/build/icyphy/ptII/ptolemy/domains/de/test/auto/ResettableTimer4.xml
----------------- Instantiating /home/travis/build/icyphy/ptII/ptolemy/domains/de/test/auto/ResettableTimer4.xml
1 ms. Memory: 269824K Free: 103927K (39%)
----------------- Invoking toplevel() on ptolemy.moml.MoMLSimpleApplication@27a919dc
----------------- Done invoking toplevel() on ptolemy.moml.MoMLSimpleApplication@27a919dc
reloadAllAccessors: .ResettableTimer4

===========================================================================================
----------------- testing Sat May 04 01:25:48 UTC 2019 /home/travis/build/icyphy/ptII/ptolemy/domains/de/test/auto/ResettableTimer5.xml
----------------- Instantiating /home/travis/build/icyphy/ptII/ptolemy/domains/de/test/auto/ResettableTimer5.xml
2 ms. Memory: 269824K Free: 97526K (36%)
----------------- Invoking toplevel() on ptolemy.moml.MoMLSimpleApplication@66d50540
----------------- Done invoking toplevel() on ptolemy.moml.MoMLSimpleApplication@66d50540
reloadAllAccessors: .ResettableTimer5

===========================================================================================
----------------- testing Sat May 04 01:25:48 UTC 2019 /home/travis/build/icyphy/ptII/ptolemy/domains/de/test/auto/ResettableTimer6.xml
----------------- Instantiating /home/travis/build/icyphy/ptII/ptolemy/domains/de/test/auto/ResettableTimer6.xml
4 ms. Memory: 269824K Free: 89607K (33%)
----------------- Invoking toplevel() on ptolemy.moml.MoMLSimpleApplication@2fbe3e29
----------------- Done invoking toplevel() on ptolemy.moml.MoMLSimpleApplication@2fbe3e29
reloadAllAccessors: .ResettableTimer6

===========================================================================================
----------------- testing Sat May 04 01:25:48 UTC 2019 /home/travis/build/icyphy/ptII/ptolemy/domains/de/test/auto/ServerZeroDelay.xml
----------------- Instantiating /home/travis/build/icyphy/ptII/ptolemy/domains/de/test/auto/ServerZeroDelay.xml
2 ms. Memory: 269824K Free: 83206K (31%)
----------------- Invoking toplevel() on ptolemy.moml.MoMLSimpleApplication@36bf20c0
----------------- Done invoking toplevel() on ptolemy.moml.MoMLSimpleApplication@36bf20c0
reloadAllAccessors: .ServerZeroDelay

===========================================================================================
----------------- testing Sat May 04 01:25:48 UTC 2019 /home/travis/build/icyphy/ptII/ptolemy/domains/de/test/auto/SmartSender.xml
----------------- Instantiating /home/travis/build/icyphy/ptII/ptolemy/domains/de/test/auto/SmartSender.xml
3001 ms. Memory: 269824K Free: 77183K (29%)
----------------- Invoking toplevel() on ptolemy.moml.MoMLSimpleApplication@1248822
----------------- Done invoking toplevel() on ptolemy.moml.MoMLSimpleApplication@1248822
reloadAllAccessors: .SmartSender

===========================================================================================
----------------- testing Sat May 04 01:25:51 UTC 2019 /home/travis/build/icyphy/ptII/ptolemy/domains/de/test/auto/ThreadedComposite.xml
----------------- Instantiating /home/travis/build/icyphy/ptII/ptolemy/domains/de/test/auto/ThreadedComposite.xml
89 ms. Memory: 262144K Free: 233178K (89%)
----------------- Invoking toplevel() on ptolemy.moml.MoMLSimpleApplication@13e4b842
----------------- Done invoking toplevel() on ptolemy.moml.MoMLSimpleApplication@13e4b842
reloadAllAccessors: .ThreadedComposite

===========================================================================================
----------------- testing Sat May 04 01:25:51 UTC 2019 /home/travis/build/icyphy/ptII/ptolemy/domains/de/test/auto/Time.xml
----------------- Instantiating /home/travis/build/icyphy/ptII/ptolemy/domains/de/test/auto/Time.xml
413 ms. Memory: 262144K Free: 176671K (67%)
----------------- Invoking toplevel() on ptolemy.moml.MoMLSimpleApplication@1115fef2
----------------- Done invoking toplevel() on ptolemy.moml.MoMLSimpleApplication@1115fef2
reloadAllAccessors: .Time

===========================================================================================
----------------- testing Sat May 04 01:25:52 UTC 2019 /home/travis/build/icyphy/ptII/ptolemy/domains/de/test/auto/TimeDelayZeroDelay.xml
----------------- Instantiating /home/travis/build/icyphy/ptII/ptolemy/domains/de/test/auto/TimeDelayZeroDelay.xml
2 ms. Memory: 262144K Free: 170643K (65%)
----------------- Invoking toplevel() on ptolemy.moml.MoMLSimpleApplication@24e819f3
----------------- Done invoking toplevel() on ptolemy.moml.MoMLSimpleApplication@24e819f3
reloadAllAccessors: .TimeDelayZeroDelay

===========================================================================================
----------------- testing Sat May 04 01:25:52 UTC 2019 /home/travis/build/icyphy/ptII/ptolemy/domains/de/test/auto/TimerZeroDelay.xml
----------------- Instantiating /home/travis/build/icyphy/ptII/ptolemy/domains/de/test/auto/TimerZeroDelay.xml
3 ms. Memory: 262144K Free: 164616K (63%)
----------------- Invoking toplevel() on ptolemy.moml.MoMLSimpleApplication@11d7e483
----------------- Done invoking toplevel() on ptolemy.moml.MoMLSimpleApplication@11d7e483
reloadAllAccessors: .TimerZeroDelay

===========================================================================================
----------------- testing Sat May 04 01:25:52 UTC 2019 /home/travis/build/icyphy/ptII/ptolemy/domains/de/test/auto/TimingParadox.xml
----------------- Instantiating /home/travis/build/icyphy/ptII/ptolemy/domains/de/test/auto/TimingParadox.xml
297 ms. Memory: 262144K Free: 95571K (36%)
----------------- Invoking toplevel() on ptolemy.moml.MoMLSimpleApplication@201774e8
----------------- Done invoking toplevel() on ptolemy.moml.MoMLSimpleApplication@201774e8
reloadAllAccessors: .TimingParadox

===========================================================================================
----------------- testing Sat May 04 01:25:52 UTC 2019 /home/travis/build/icyphy/ptII/ptolemy/domains/de/test/auto/TransferInputs.xml
----------------- Instantiating /home/travis/build/icyphy/ptII/ptolemy/domains/de/test/auto/TransferInputs.xml
1 ms. Memory: 262144K Free: 89559K (34%)
----------------- Invoking toplevel() on ptolemy.moml.MoMLSimpleApplication@4aa35e90
----------------- Done invoking toplevel() on ptolemy.moml.MoMLSimpleApplication@4aa35e90
reloadAllAccessors: .TransferInputs

===========================================================================================
----------------- testing Sat May 04 01:25:52 UTC 2019 /home/travis/build/icyphy/ptII/ptolemy/domains/de/test/auto/TransferOutputs2.xml
----------------- Instantiating /home/travis/build/icyphy/ptII/ptolemy/domains/de/test/auto/TransferOutputs2.xml
2 ms. Memory: 262144K Free: 79911K (30%)
----------------- Invoking toplevel() on ptolemy.moml.MoMLSimpleApplication@16cb1f8e
----------------- Done invoking toplevel() on ptolemy.moml.MoMLSimpleApplication@16cb1f8e
reloadAllAccessors: .TransferOutputs2

===========================================================================================
----------------- testing Sat May 04 01:25:52 UTC 2019 /home/travis/build/icyphy/ptII/ptolemy/domains/de/test/auto/Trilateration.xml
----------------- Instantiating /home/travis/build/icyphy/ptII/ptolemy/domains/de/test/auto/Trilateration.xml
11302 ms. Memory: 716288K Free: 460480K (64%)
----------------- Invoking toplevel() on ptolemy.moml.MoMLSimpleApplication@5d677d88
----------------- Done invoking toplevel() on ptolemy.moml.MoMLSimpleApplication@5d677d88
reloadAllAccessors: .Trilateration

===========================================================================================
----------------- testing Sat May 04 01:26:04 UTC 2019 /home/travis/build/icyphy/ptII/ptolemy/domains/de/test/auto/TwoSigmaDelta.xml
----------------- Instantiating /home/travis/build/icyphy/ptII/ptolemy/domains/de/test/auto/TwoSigmaDelta.xml
2109 ms. Memory: 716288K Free: 162443K (23%)
----------------- Invoking toplevel() on ptolemy.moml.MoMLSimpleApplication@4c409089
----------------- Done invoking toplevel() on ptolemy.moml.MoMLSimpleApplication@4c409089
reloadAllAccessors: .TwoSigmaDelta

===========================================================================================
----------------- testing Sat May 04 01:26:06 UTC 2019 /home/travis/build/icyphy/ptII/ptolemy/domains/de/test/auto/VariableDelay.xml
----------------- Instantiating /home/travis/build/icyphy/ptII/ptolemy/domains/de/test/auto/VariableDelay.xml
1 ms. Memory: 716288K Free: 136489K (19%)
----------------- Invoking toplevel() on ptolemy.moml.MoMLSimpleApplication@401202d9
----------------- Done invoking toplevel() on ptolemy.moml.MoMLSimpleApplication@401202d9
reloadAllAccessors: .VariableDelay

===========================================================================================
----------------- testing Sat May 04 01:26:06 UTC 2019 /home/travis/build/icyphy/ptII/ptolemy/domains/de/test/auto/VariableDelay2.xml
----------------- Instantiating /home/travis/build/icyphy/ptII/ptolemy/domains/de/test/auto/VariableDelay2.xml
1 ms. Memory: 716288K Free: 110536K (15%)
----------------- Invoking toplevel() on ptolemy.moml.MoMLSimpleApplication@70916d03
----------------- Done invoking toplevel() on ptolemy.moml.MoMLSimpleApplication@70916d03
reloadAllAccessors: .VariableDelay2

===========================================================================================
----------------- testing Sat May 04 01:26:06 UTC 2019 /home/travis/build/icyphy/ptII/ptolemy/domains/de/test/auto/VariableDelayZeroDelay.xml
----------------- Instantiating /home/travis/build/icyphy/ptII/ptolemy/domains/de/test/auto/VariableDelayZeroDelay.xml
2 ms. Memory: 716288K Free: 85366K (12%)
----------------- Invoking toplevel() on ptolemy.moml.MoMLSimpleApplication@710b5892
----------------- Done invoking toplevel() on ptolemy.moml.MoMLSimpleApplication@710b5892
reloadAllAccessors: .VariableDelayZeroDelay

===========================================================================================
----------------- testing Sat May 04 01:26:06 UTC 2019 /home/travis/build/icyphy/ptII/ptolemy/domains/de/test/auto/VariableDelayZeroDelay2.xml
----------------- Instantiating /home/travis/build/icyphy/ptII/ptolemy/domains/de/test/auto/VariableDelayZeroDelay2.xml
2 ms. Memory: 716288K Free: 63883K (9%)
----------------- Invoking toplevel() on ptolemy.moml.MoMLSimpleApplication@63587af2
----------------- Done invoking toplevel() on ptolemy.moml.MoMLSimpleApplication@63587af2
reloadAllAccessors: .VariableDelayZeroDelay2

===========================================================================================
----------------- testing Sat May 04 01:26:06 UTC 2019 /home/travis/build/icyphy/ptII/ptolemy/domains/de/test/auto/deInCt.xml
----------------- Instantiating /home/travis/build/icyphy/ptII/ptolemy/domains/de/test/auto/deInCt.xml
0
1
1
1
1
0
0
0
1
1
1
1
0
0
0
1
1
1
1
1
0
0
0
0
0
1
1
1
1
4 ms. Memory: 680960K Free: 633126K (93%)
----------------- Invoking toplevel() on ptolemy.moml.MoMLSimpleApplication@592cdd76
----------------- Done invoking toplevel() on ptolemy.moml.MoMLSimpleApplication@592cdd76
reloadAllAccessors: .deInCt

===========================================================================================
----------------- testing Sat May 04 01:26:07 UTC 2019 /home/travis/build/icyphy/ptII/ptolemy/domains/de/test/auto/deInCt2.xml
----------------- Instantiating /home/travis/build/icyphy/ptII/ptolemy/domains/de/test/auto/deInCt2.xml
0
1
1
1
0
0
1
1
1
0
0
1
1
1
0
0
1
1
1
0
0
1
1
1
0
0
1
1
1
0
0
1
1
1
0
0
1
1
1
0
0
0
5 ms. Memory: 680960K Free: 608633K (89%)
----------------- Invoking toplevel() on ptolemy.moml.MoMLSimpleApplication@129f6f9
----------------- Done invoking toplevel() on ptolemy.moml.MoMLSimpleApplication@129f6f9
reloadAllAccessors: .deInCt2

===========================================================================================
----------------- testing Sat May 04 01:26:07 UTC 2019 /home/travis/build/icyphy/ptII/ptolemy/domains/de/test/auto/dynamicCausalityInterface1.xml
----------------- Instantiating /home/travis/build/icyphy/ptII/ptolemy/domains/de/test/auto/dynamicCausalityInterface1.xml
1 ms. Memory: 680960K Free: 584139K (86%)
----------------- Invoking toplevel() on ptolemy.moml.MoMLSimpleApplication@62f0968a
----------------- Done invoking toplevel() on ptolemy.moml.MoMLSimpleApplication@62f0968a
reloadAllAccessors: .dynamicCausalityInterface1

===========================================================================================
----------------- testing Sat May 04 01:26:07 UTC 2019 /home/travis/build/icyphy/ptII/ptolemy/domains/de/test/auto/fsm_de_test.xml
----------------- Instantiating /home/travis/build/icyphy/ptII/ptolemy/domains/de/test/auto/fsm_de_test.xml
4 ms. Memory: 680960K Free: 559643K (82%)
----------------- Invoking toplevel() on ptolemy.moml.MoMLSimpleApplication@6098d491
----------------- Done invoking toplevel() on ptolemy.moml.MoMLSimpleApplication@6098d491
reloadAllAccessors: .fsm_de_test

===========================================================================================
----------------- testing Sat May 04 01:26:07 UTC 2019 /home/travis/build/icyphy/ptII/ptolemy/domains/de/test/auto/functionDependencyReconstruction.xml
----------------- Instantiating /home/travis/build/icyphy/ptII/ptolemy/domains/de/test/auto/functionDependencyReconstruction.xml
2 ms. Memory: 680960K Free: 523143K (77%)
----------------- Invoking toplevel() on ptolemy.moml.MoMLSimpleApplication@5934c4d1
----------------- Done invoking toplevel() on ptolemy.moml.MoMLSimpleApplication@5934c4d1
reloadAllAccessors: .functionDependencyReconstruction

===========================================================================================
----------------- testing Sat May 04 01:26:07 UTC 2019 /home/travis/build/icyphy/ptII/ptolemy/domains/de/test/auto/multirate.xml
----------------- Instantiating /home/travis/build/icyphy/ptII/ptolemy/domains/de/test/auto/multirate.xml
3 ms. Memory: 680960K Free: 498649K (73%)
----------------- Invoking toplevel() on ptolemy.moml.MoMLSimpleApplication@211bcbfe
----------------- Done invoking toplevel() on ptolemy.moml.MoMLSimpleApplication@211bcbfe
reloadAllAccessors: .multirate

===========================================================================================
----------------- testing Sat May 04 01:26:07 UTC 2019 /home/travis/build/icyphy/ptII/ptolemy/domains/de/test/auto/multirate2.xml
----------------- Instantiating /home/travis/build/icyphy/ptII/ptolemy/domains/de/test/auto/multirate2.xml
2 ms. Memory: 680960K Free: 474156K (70%)
----------------- Invoking toplevel() on ptolemy.moml.MoMLSimpleApplication@5e55af4d
----------------- Done invoking toplevel() on ptolemy.moml.MoMLSimpleApplication@5e55af4d
reloadAllAccessors: .multirate2

===========================================================================================
----------------- testing Sat May 04 01:26:07 UTC 2019 /home/travis/build/icyphy/ptII/ptolemy/domains/de/test/auto/realtime.xml
----------------- Instantiating /home/travis/build/icyphy/ptII/ptolemy/domains/de/test/auto/realtime.xml
10002 ms. Memory: 680960K Free: 449662K (66%)
----------------- Invoking toplevel() on ptolemy.moml.MoMLSimpleApplication@33cb9f81
----------------- Done invoking toplevel() on ptolemy.moml.MoMLSimpleApplication@33cb9f81
reloadAllAccessors: .realtime

===========================================================================================
----------------- testing Sat May 04 01:26:17 UTC 2019 /home/travis/build/icyphy/ptII/ptolemy/domains/de/test/auto/relationGroup.xml
----------------- Instantiating /home/travis/build/icyphy/ptII/ptolemy/domains/de/test/auto/relationGroup.xml
1 ms. Memory: 680960K Free: 425169K (62%)
----------------- Invoking toplevel() on ptolemy.moml.MoMLSimpleApplication@2b18dc0d
----------------- Done invoking toplevel() on ptolemy.moml.MoMLSimpleApplication@2b18dc0d
reloadAllAccessors: .relationGroup

===========================================================================================
----------------- testing Sat May 04 01:26:17 UTC 2019 /home/travis/build/icyphy/ptII/ptolemy/domains/de/test/auto/relationGroup2.xml
----------------- Instantiating /home/travis/build/icyphy/ptII/ptolemy/domains/de/test/auto/relationGroup2.xml
2 ms. Memory: 680960K Free: 400675K (59%)
----------------- Invoking toplevel() on ptolemy.moml.MoMLSimpleApplication@5b9f2cf4
----------------- Done invoking toplevel() on ptolemy.moml.MoMLSimpleApplication@5b9f2cf4
reloadAllAccessors: .relationGroup2

===========================================================================================
----------------- testing Sat May 04 01:26:17 UTC 2019 /home/travis/build/icyphy/ptII/ptolemy/domains/de/test/auto/sortWithOpaquePorts.xml
----------------- Instantiating /home/travis/build/icyphy/ptII/ptolemy/domains/de/test/auto/sortWithOpaquePorts.xml
1 ms. Memory: 680960K Free: 375670K (55%)
----------------- Invoking toplevel() on ptolemy.moml.MoMLSimpleApplication@5dc249a4
----------------- Done invoking toplevel() on ptolemy.moml.MoMLSimpleApplication@5dc249a4
reloadAllAccessors: .sortWithOpaquePorts

===========================================================================================
----------------- testing Sat May 04 01:26:17 UTC 2019 /home/travis/build/icyphy/ptII/ptolemy/domains/de/test/auto/transferInputsandOutputs.xml
----------------- Instantiating /home/travis/build/icyphy/ptII/ptolemy/domains/de/test/auto/transferInputsandOutputs.xml
2 ms. Memory: 680960K Free: 351177K (52%)
----------------- Invoking toplevel() on ptolemy.moml.MoMLSimpleApplication@168db7e9
----------------- Done invoking toplevel() on ptolemy.moml.MoMLSimpleApplication@168db7e9
reloadAllAccessors: .transferInputsandOutputs

===========================================================================================
----------------- testing Sat May 04 01:26:17 UTC 2019 /home/travis/build/icyphy/ptII/ptolemy/domains/de/test/auto/triggerType.xml
----------------- Instantiating /home/travis/build/icyphy/ptII/ptolemy/domains/de/test/auto/triggerType.xml
1 ms. Memory: 680960K Free: 326683K (48%)
----------------- Invoking toplevel() on ptolemy.moml.MoMLSimpleApplication@440e2f5a
----------------- Done invoking toplevel() on ptolemy.moml.MoMLSimpleApplication@440e2f5a
reloadAllAccessors: .triggerType
AutoTests.java: About to close Vertx.
AutoTests.java: Vertx closed.
]]></system-out>
  <system-err><![CDATA[java.lang.RuntimeException: Execution failed
	at ptolemy.moml.MoMLSimpleApplication$UnloadThread.run(MoMLSimpleApplication.java:402)
Caused by: ptolemy.kernel.util.IllegalActionException: Found a zero delay loop containing .dependencyLoop.original
  in .dependencyLoop and .dependencyLoop.original
	at ptolemy.actor.util.CausalityInterfaceForComposites._computeOutputPortDepth(CausalityInterfaceForComposites.java:759)
	at ptolemy.actor.util.CausalityInterfaceForComposites._computeInputDepth(CausalityInterfaceForComposites.java:696)
	at ptolemy.actor.util.CausalityInterfaceForComposites._computeOutputPortDepth(CausalityInterfaceForComposites.java:765)
	at ptolemy.actor.util.CausalityInterfaceForComposites._computeInputDepth(CausalityInterfaceForComposites.java:696)
	at ptolemy.actor.util.CausalityInterfaceForComposites._computeOutputPortDepth(CausalityInterfaceForComposites.java:765)
	at ptolemy.actor.util.CausalityInterfaceForComposites._computeInputDepth(CausalityInterfaceForComposites.java:696)
	at ptolemy.actor.util.CausalityInterfaceForComposites._computeActorDepth(CausalityInterfaceForComposites.java:532)
	at ptolemy.actor.util.CausalityInterfaceForComposites.checkForCycles(CausalityInterfaceForComposites.java:96)
	at ptolemy.domains.de.kernel.DEDirector.preinitialize(DEDirector.java:1338)
	at ptolemy.actor.CompositeActor.preinitialize(CompositeActor.java:1828)
	at ptolemy.actor.Manager.preinitializeAndResolveTypes(Manager.java:1040)
	at ptolemy.actor.Manager.initialize(Manager.java:710)
	at ptolemy.actor.Manager.execute(Manager.java:356)
	at ptolemy.actor.Manager.run(Manager.java:1263)
	at ptolemy.actor.Manager$PtolemyRunThread.run(Manager.java:1915)
java.lang.RuntimeException: Execution failed
	at ptolemy.moml.MoMLSimpleApplication$UnloadThread.run(MoMLSimpleApplication.java:402)
Caused by: ptolemy.kernel.util.IllegalActionException: Found a zero delay loop containing .dependencyLoop2.original
  in .dependencyLoop2 and .dependencyLoop2.original
	at ptolemy.actor.util.CausalityInterfaceForComposites._computeOutputPortDepth(CausalityInterfaceForComposites.java:759)
	at ptolemy.actor.util.CausalityInterfaceForComposites._computeInputDepth(CausalityInterfaceForComposites.java:696)
	at ptolemy.actor.util.CausalityInterfaceForComposites._computeOutputPortDepth(CausalityInterfaceForComposites.java:765)
	at ptolemy.actor.util.CausalityInterfaceForComposites._computeInputDepth(CausalityInterfaceForComposites.java:696)
	at ptolemy.actor.util.CausalityInterfaceForComposites._computeOutputPortDepth(CausalityInterfaceForComposites.java:765)
	at ptolemy.actor.util.CausalityInterfaceForComposites._computeInputDepth(CausalityInterfaceForComposites.java:696)
	at ptolemy.actor.util.CausalityInterfaceForComposites._computeActorDepth(CausalityInterfaceForComposites.java:532)
	at ptolemy.actor.util.CausalityInterfaceForComposites.checkForCycles(CausalityInterfaceForComposites.java:96)
	at ptolemy.domains.de.kernel.DEDirector.preinitialize(DEDirector.java:1338)
	at ptolemy.actor.CompositeActor.preinitialize(CompositeActor.java:1828)
	at ptolemy.actor.Manager.preinitializeAndResolveTypes(Manager.java:1040)
	at ptolemy.actor.Manager.initialize(Manager.java:710)
	at ptolemy.actor.Manager.execute(Manager.java:356)
	at ptolemy.actor.Manager.run(Manager.java:1263)
	at ptolemy.actor.Manager$PtolemyRunThread.run(Manager.java:1915)
java.lang.RuntimeException: Execution failed
	at ptolemy.moml.MoMLSimpleApplication$UnloadThread.run(MoMLSimpleApplication.java:402)
Caused by: ptolemy.kernel.util.IllegalActionException: Found a zero delay loop containing .dependencyLoop.original
  in .dependencyLoop and .dependencyLoop.original
	at ptolemy.actor.util.CausalityInterfaceForComposites._computeOutputPortDepth(CausalityInterfaceForComposites.java:759)
	at ptolemy.actor.util.CausalityInterfaceForComposites._computeInputDepth(CausalityInterfaceForComposites.java:696)
	at ptolemy.actor.util.CausalityInterfaceForComposites._computeOutputPortDepth(CausalityInterfaceForComposites.java:765)
	at ptolemy.actor.util.CausalityInterfaceForComposites._computeInputDepth(CausalityInterfaceForComposites.java:696)
	at ptolemy.actor.util.CausalityInterfaceForComposites._computeOutputPortDepth(CausalityInterfaceForComposites.java:765)
	at ptolemy.actor.util.CausalityInterfaceForComposites._computeInputDepth(CausalityInterfaceForComposites.java:696)
	at ptolemy.actor.util.CausalityInterfaceForComposites._computeActorDepth(CausalityInterfaceForComposites.java:532)
	at ptolemy.actor.util.CausalityInterfaceForComposites.checkForCycles(CausalityInterfaceForComposites.java:96)
	at ptolemy.domains.de.kernel.DEDirector.preinitialize(DEDirector.java:1338)
	at ptolemy.actor.CompositeActor.preinitialize(CompositeActor.java:1828)
	at ptolemy.actor.Manager.preinitializeAndResolveTypes(Manager.java:1040)
	at ptolemy.actor.Manager.initialize(Manager.java:710)
	at ptolemy.actor.Manager.execute(Manager.java:356)
	at ptolemy.actor.Manager.run(Manager.java:1263)
	at ptolemy.actor.Manager$PtolemyRunThread.run(Manager.java:1915)
java.lang.RuntimeException: Execution failed
	at ptolemy.moml.MoMLSimpleApplication$UnloadThread.run(MoMLSimpleApplication.java:402)
Caused by: ptolemy.kernel.util.IllegalActionException: Actor is not ready to fire.  Perhaps UpSample.prefire() returned false? Try debugging the actor by selecting "Listen to Actor".  Also, for SDF check moml for tokenConsumptionRate on input.
  in .DESDFClockTest.Play Bell.Copy1:SDF Director and .DESDFClockTest.Play Bell.UpSample
	at ptolemy.actor.sched.StaticSchedulingDirector.fire(StaticSchedulingDirector.java:227)
	at ptolemy.domains.sdf.kernel.SDFDirector.fire(SDFDirector.java:500)
	at ptolemy.actor.CompositeActor.fire(CompositeActor.java:455)
	at ptolemy.domains.de.kernel.DEDirector._fire(DEDirector.java:1949)
	at ptolemy.domains.de.kernel.DEDirector.fire(DEDirector.java:502)
	at ptolemy.actor.CompositeActor.fire(CompositeActor.java:455)
	at ptolemy.actor.Manager.iterate(Manager.java:851)
	at ptolemy.actor.Manager.execute(Manager.java:369)
	at ptolemy.actor.Manager.run(Manager.java:1263)
	at ptolemy.actor.Manager$PtolemyRunThread.run(Manager.java:1915)
java.lang.RuntimeException: Execution failed
	at ptolemy.moml.MoMLSimpleApplication$UnloadThread.run(MoMLSimpleApplication.java:402)
Caused by: ptolemy.kernel.util.IllegalActionException: Found a zero delay loop containing .dependencyLoop2.original
  in .dependencyLoop2 and .dependencyLoop2.original
	at ptolemy.actor.util.CausalityInterfaceForComposites._computeOutputPortDepth(CausalityInterfaceForComposites.java:759)
	at ptolemy.actor.util.CausalityInterfaceForComposites._computeInputDepth(CausalityInterfaceForComposites.java:696)
	at ptolemy.actor.util.CausalityInterfaceForComposites._computeOutputPortDepth(CausalityInterfaceForComposites.java:765)
	at ptolemy.actor.util.CausalityInterfaceForComposites._computeInputDepth(CausalityInterfaceForComposites.java:696)
	at ptolemy.actor.util.CausalityInterfaceForComposites._computeOutputPortDepth(CausalityInterfaceForComposites.java:765)
	at ptolemy.actor.util.CausalityInterfaceForComposites._computeInputDepth(CausalityInterfaceForComposites.java:696)
	at ptolemy.actor.util.CausalityInterfaceForComposites._computeActorDepth(CausalityInterfaceForComposites.java:532)
	at ptolemy.actor.util.CausalityInterfaceForComposites.checkForCycles(CausalityInterfaceForComposites.java:96)
	at ptolemy.domains.de.kernel.DEDirector.preinitialize(DEDirector.java:1338)
	at ptolemy.actor.CompositeActor.preinitialize(CompositeActor.java:1828)
	at ptolemy.actor.Manager.preinitializeAndResolveTypes(Manager.java:1040)
	at ptolemy.actor.Manager.initialize(Manager.java:710)
	at ptolemy.actor.Manager.execute(Manager.java:356)
	at ptolemy.actor.Manager.run(Manager.java:1263)
	at ptolemy.actor.Manager$PtolemyRunThread.run(Manager.java:1915)
java.lang.RuntimeException: Execution failed
	at ptolemy.moml.MoMLSimpleApplication$UnloadThread.run(MoMLSimpleApplication.java:402)
Caused by: ptolemy.kernel.util.IllegalActionException: Found a zero delay loop containing .HierarchicalModel.A
  in .HierarchicalModel and .HierarchicalModel.A
	at ptolemy.actor.util.CausalityInterfaceForComposites._computeOutputPortDepth(CausalityInterfaceForComposites.java:759)
	at ptolemy.actor.util.CausalityInterfaceForComposites._computeInputDepth(CausalityInterfaceForComposites.java:696)
	at ptolemy.actor.util.CausalityInterfaceForComposites._computeOutputPortDepth(CausalityInterfaceForComposites.java:765)
	at ptolemy.actor.util.CausalityInterfaceForComposites._computeInputDepth(CausalityInterfaceForComposites.java:696)
	at ptolemy.actor.util.CausalityInterfaceForComposites._computeOutputPortDepth(CausalityInterfaceForComposites.java:765)
	at ptolemy.actor.util.CausalityInterfaceForComposites._computeInputDepth(CausalityInterfaceForComposites.java:696)
	at ptolemy.actor.util.CausalityInterfaceForComposites._computeActorDepth(CausalityInterfaceForComposites.java:532)
	at ptolemy.actor.util.CausalityInterfaceForComposites.checkForCycles(CausalityInterfaceForComposites.java:96)
	at ptolemy.domains.de.kernel.DEDirector.preinitialize(DEDirector.java:1338)
	at ptolemy.actor.CompositeActor.preinitialize(CompositeActor.java:1828)
	at ptolemy.actor.Manager.preinitializeAndResolveTypes(Manager.java:1040)
	at ptolemy.actor.Manager.initialize(Manager.java:710)
	at ptolemy.actor.Manager.execute(Manager.java:356)
	at ptolemy.actor.Manager.run(Manager.java:1263)
	at ptolemy.actor.Manager$PtolemyRunThread.run(Manager.java:1915)
java.lang.RuntimeException: Execution failed
	at ptolemy.moml.MoMLSimpleApplication$UnloadThread.run(MoMLSimpleApplication.java:402)
Caused by: ptolemy.kernel.util.IllegalActionException: Test fails in iteration 1.
Value was: 1.0. Should have been: 2.0
  in .DirectFeedback.Test
	at ptolemy.actor.lib.Test.fire(Test.java:268)
	at ptolemy.domains.de.kernel.DEDirector._fire(DEDirector.java:1949)
	at ptolemy.domains.de.kernel.DEDirector.fire(DEDirector.java:502)
	at ptolemy.actor.CompositeActor.fire(CompositeActor.java:455)
	at ptolemy.actor.Manager.iterate(Manager.java:851)
	at ptolemy.actor.Manager.execute(Manager.java:369)
	at ptolemy.actor.Manager.run(Manager.java:1263)
	at ptolemy.actor.Manager$PtolemyRunThread.run(Manager.java:1915)
java.lang.RuntimeException: Execution failed
	at ptolemy.moml.MoMLSimpleApplication$UnloadThread.run(MoMLSimpleApplication.java:402)
Caused by: ptolemy.kernel.util.IllegalActionException: Actor is not ready to fire.  Perhaps UpSample.prefire() returned false? Try debugging the actor by selecting "Listen to Actor".  Also, for SDF check moml for tokenConsumptionRate on input.
  in .DESDFClockTest.Play Bell.Copy1:SDF Director and .DESDFClockTest.Play Bell.UpSample
	at ptolemy.actor.sched.StaticSchedulingDirector.fire(StaticSchedulingDirector.java:227)
	at ptolemy.domains.sdf.kernel.SDFDirector.fire(SDFDirector.java:500)
	at ptolemy.actor.CompositeActor.fire(CompositeActor.java:455)
	at ptolemy.domains.de.kernel.DEDirector._fire(DEDirector.java:1949)
	at ptolemy.domains.de.kernel.DEDirector.fire(DEDirector.java:502)
	at ptolemy.actor.CompositeActor.fire(CompositeActor.java:455)
	at ptolemy.actor.Manager.iterate(Manager.java:851)
	at ptolemy.actor.Manager.execute(Manager.java:369)
	at ptolemy.actor.Manager.run(Manager.java:1263)
	at ptolemy.actor.Manager$PtolemyRunThread.run(Manager.java:1915)
java.lang.reflect.InvocationTargetException
	at sun.reflect.NativeConstructorAccessorImpl.newInstance0(Native Method)
	at sun.reflect.NativeConstructorAccessorImpl.newInstance(NativeConstructorAccessorImpl.java:62)
	at sun.reflect.DelegatingConstructorAccessorImpl.newInstance(DelegatingConstructorAccessorImpl.java:45)
	at java.lang.reflect.Constructor.newInstance(Constructor.java:423)
	at ptolemy.util.test.junit.AutoKnownFailedTests.RunModel(AutoKnownFailedTests.java:105)
	at sun.reflect.NativeMethodAccessorImpl.invoke0(Native Method)
	at sun.reflect.NativeMethodAccessorImpl.invoke(NativeMethodAccessorImpl.java:62)
	at sun.reflect.DelegatingMethodAccessorImpl.invoke(DelegatingMethodAccessorImpl.java:43)
	at java.lang.reflect.Method.invoke(Method.java:498)
	at org.junit.runners.model.FrameworkMethod$1.runReflectiveCall(FrameworkMethod.java:44)
	at org.junit.internal.runners.model.ReflectiveCallable.run(ReflectiveCallable.java:15)
	at org.junit.runners.model.FrameworkMethod.invokeExplosively(FrameworkMethod.java:41)
	at junitparams.internal.InvokeParameterisedMethod.evaluate(InvokeParameterisedMethod.java:102)
	at org.junit.internal.runners.statements.FailOnTimeout$1.run(FailOnTimeout.java:28)
Caused by: ptolemy.kernel.util.IllegalActionException: Actor is not ready to fire.  Perhaps UpSample.prefire() returned false? Try debugging the actor by selecting "Listen to Actor".  Also, for SDF check moml for tokenConsumptionRate on input.
  in .DESDFClockTest.Play Bell.Copy1:SDF Director and .DESDFClockTest.Play Bell.UpSample
	at ptolemy.actor.sched.StaticSchedulingDirector.fire(StaticSchedulingDirector.java:227)
	at ptolemy.domains.sdf.kernel.SDFDirector.fire(SDFDirector.java:500)
	at ptolemy.actor.CompositeActor.fire(CompositeActor.java:455)
	at ptolemy.domains.de.kernel.DEDirector._fire(DEDirector.java:1949)
	at ptolemy.domains.de.kernel.DEDirector.fire(DEDirector.java:502)
	at ptolemy.actor.CompositeActor.fire(CompositeActor.java:455)
	at ptolemy.actor.Manager.iterate(Manager.java:851)
	at ptolemy.actor.Manager.execute(Manager.java:369)
	at ptolemy.actor.Manager.run(Manager.java:1263)
	at ptolemy.actor.Manager$PtolemyRunThread.run(Manager.java:1915)
java.lang.RuntimeException: Execution failed
	at ptolemy.moml.MoMLSimpleApplication$UnloadThread.run(MoMLSimpleApplication.java:402)
Caused by: ptolemy.kernel.util.IllegalActionException: Test fails in iteration 1.
Value was: 1.0. Should have been: 2.0
  in .DirectFeedback.Test
	at ptolemy.actor.lib.Test.fire(Test.java:268)
	at ptolemy.domains.de.kernel.DEDirector._fire(DEDirector.java:1949)
	at ptolemy.domains.de.kernel.DEDirector.fire(DEDirector.java:502)
	at ptolemy.actor.CompositeActor.fire(CompositeActor.java:455)
	at ptolemy.actor.Manager.iterate(Manager.java:851)
	at ptolemy.actor.Manager.execute(Manager.java:369)
	at ptolemy.actor.Manager.run(Manager.java:1263)
	at ptolemy.actor.Manager$PtolemyRunThread.run(Manager.java:1915)
java.lang.reflect.InvocationTargetException
	at sun.reflect.NativeConstructorAccessorImpl.newInstance0(Native Method)
	at sun.reflect.NativeConstructorAccessorImpl.newInstance(NativeConstructorAccessorImpl.java:62)
	at sun.reflect.DelegatingConstructorAccessorImpl.newInstance(DelegatingConstructorAccessorImpl.java:45)
	at java.lang.reflect.Constructor.newInstance(Constructor.java:423)
	at ptolemy.util.test.junit.AutoKnownFailedTests.RunModel(AutoKnownFailedTests.java:105)
	at sun.reflect.NativeMethodAccessorImpl.invoke0(Native Method)
	at sun.reflect.NativeMethodAccessorImpl.invoke(NativeMethodAccessorImpl.java:62)
	at sun.reflect.DelegatingMethodAccessorImpl.invoke(DelegatingMethodAccessorImpl.java:43)
	at java.lang.reflect.Method.invoke(Method.java:498)
	at org.junit.runners.model.FrameworkMethod$1.runReflectiveCall(FrameworkMethod.java:44)
	at org.junit.internal.runners.model.ReflectiveCallable.run(ReflectiveCallable.java:15)
	at org.junit.runners.model.FrameworkMethod.invokeExplosively(FrameworkMethod.java:41)
	at junitparams.internal.InvokeParameterisedMethod.evaluate(InvokeParameterisedMethod.java:102)
	at org.junit.internal.runners.statements.FailOnTimeout$1.run(FailOnTimeout.java:28)
Caused by: ptolemy.kernel.util.IllegalActionException: Test fails in iteration 1.
Value was: 1.0. Should have been: 2.0
  in .DirectFeedback.Test
	at ptolemy.actor.lib.Test.fire(Test.java:268)
	at ptolemy.domains.de.kernel.DEDirector._fire(DEDirector.java:1949)
	at ptolemy.domains.de.kernel.DEDirector.fire(DEDirector.java:502)
	at ptolemy.actor.CompositeActor.fire(CompositeActor.java:455)
	at ptolemy.actor.Manager.iterate(Manager.java:851)
	at ptolemy.actor.Manager.execute(Manager.java:369)
	at ptolemy.actor.Manager.run(Manager.java:1263)
	at ptolemy.actor.Manager$PtolemyRunThread.run(Manager.java:1915)
java.lang.RuntimeException: Execution failed
	at ptolemy.moml.MoMLSimpleApplication$UnloadThread.run(MoMLSimpleApplication.java:402)
Caused by: ptolemy.kernel.util.IllegalActionException: Found a zero delay loop containing .HierarchicalModel.A
  in .HierarchicalModel and .HierarchicalModel.A
	at ptolemy.actor.util.CausalityInterfaceForComposites._computeOutputPortDepth(CausalityInterfaceForComposites.java:759)
	at ptolemy.actor.util.CausalityInterfaceForComposites._computeInputDepth(CausalityInterfaceForComposites.java:696)
	at ptolemy.actor.util.CausalityInterfaceForComposites._computeOutputPortDepth(CausalityInterfaceForComposites.java:765)
	at ptolemy.actor.util.CausalityInterfaceForComposites._computeInputDepth(CausalityInterfaceForComposites.java:696)
	at ptolemy.actor.util.CausalityInterfaceForComposites._computeOutputPortDepth(CausalityInterfaceForComposites.java:765)
	at ptolemy.actor.util.CausalityInterfaceForComposites._computeInputDepth(CausalityInterfaceForComposites.java:696)
	at ptolemy.actor.util.CausalityInterfaceForComposites._computeActorDepth(CausalityInterfaceForComposites.java:532)
	at ptolemy.actor.util.CausalityInterfaceForComposites.checkForCycles(CausalityInterfaceForComposites.java:96)
	at ptolemy.domains.de.kernel.DEDirector.preinitialize(DEDirector.java:1338)
	at ptolemy.actor.CompositeActor.preinitialize(CompositeActor.java:1828)
	at ptolemy.actor.Manager.preinitializeAndResolveTypes(Manager.java:1040)
	at ptolemy.actor.Manager.initialize(Manager.java:710)
	at ptolemy.actor.Manager.execute(Manager.java:356)
	at ptolemy.actor.Manager.run(Manager.java:1263)
	at ptolemy.actor.Manager$PtolemyRunThread.run(Manager.java:1915)
java.lang.reflect.InvocationTargetException
	at sun.reflect.NativeConstructorAccessorImpl.newInstance0(Native Method)
	at sun.reflect.NativeConstructorAccessorImpl.newInstance(NativeConstructorAccessorImpl.java:62)
	at sun.reflect.DelegatingConstructorAccessorImpl.newInstance(DelegatingConstructorAccessorImpl.java:45)
	at java.lang.reflect.Constructor.newInstance(Constructor.java:423)
	at ptolemy.util.test.junit.AutoKnownFailedTests.RunModel(AutoKnownFailedTests.java:105)
	at sun.reflect.NativeMethodAccessorImpl.invoke0(Native Method)
	at sun.reflect.NativeMethodAccessorImpl.invoke(NativeMethodAccessorImpl.java:62)
	at sun.reflect.DelegatingMethodAccessorImpl.invoke(DelegatingMethodAccessorImpl.java:43)
	at java.lang.reflect.Method.invoke(Method.java:498)
	at org.junit.runners.model.FrameworkMethod$1.runReflectiveCall(FrameworkMethod.java:44)
	at org.junit.internal.runners.model.ReflectiveCallable.run(ReflectiveCallable.java:15)
	at org.junit.runners.model.FrameworkMethod.invokeExplosively(FrameworkMethod.java:41)
	at junitparams.internal.InvokeParameterisedMethod.evaluate(InvokeParameterisedMethod.java:102)
	at org.junit.internal.runners.statements.FailOnTimeout$1.run(FailOnTimeout.java:28)
Caused by: ptolemy.kernel.util.IllegalActionException: Found a zero delay loop containing .HierarchicalModel.A
  in .HierarchicalModel and .HierarchicalModel.A
	at ptolemy.actor.util.CausalityInterfaceForComposites._computeOutputPortDepth(CausalityInterfaceForComposites.java:759)
	at ptolemy.actor.util.CausalityInterfaceForComposites._computeInputDepth(CausalityInterfaceForComposites.java:696)
	at ptolemy.actor.util.CausalityInterfaceForComposites._computeOutputPortDepth(CausalityInterfaceForComposites.java:765)
	at ptolemy.actor.util.CausalityInterfaceForComposites._computeInputDepth(CausalityInterfaceForComposites.java:696)
	at ptolemy.actor.util.CausalityInterfaceForComposites._computeOutputPortDepth(CausalityInterfaceForComposites.java:765)
	at ptolemy.actor.util.CausalityInterfaceForComposites._computeInputDepth(CausalityInterfaceForComposites.java:696)
	at ptolemy.actor.util.CausalityInterfaceForComposites._computeActorDepth(CausalityInterfaceForComposites.java:532)
	at ptolemy.actor.util.CausalityInterfaceForComposites.checkForCycles(CausalityInterfaceForComposites.java:96)
	at ptolemy.domains.de.kernel.DEDirector.preinitialize(DEDirector.java:1338)
	at ptolemy.actor.CompositeActor.preinitialize(CompositeActor.java:1828)
	at ptolemy.actor.Manager.preinitializeAndResolveTypes(Manager.java:1040)
	at ptolemy.actor.Manager.initialize(Manager.java:710)
	at ptolemy.actor.Manager.execute(Manager.java:356)
	at ptolemy.actor.Manager.run(Manager.java:1263)
	at ptolemy.actor.Manager$PtolemyRunThread.run(Manager.java:1915)
java.lang.RuntimeException: Execution failed
	at ptolemy.moml.MoMLSimpleApplication$UnloadThread.run(MoMLSimpleApplication.java:402)
Caused by: ptolemy.kernel.util.IllegalActionException: Found a zero delay loop containing .dependencyLoop.original
  in .dependencyLoop and .dependencyLoop.original
	at ptolemy.actor.util.CausalityInterfaceForComposites._computeOutputPortDepth(CausalityInterfaceForComposites.java:759)
	at ptolemy.actor.util.CausalityInterfaceForComposites._computeInputDepth(CausalityInterfaceForComposites.java:696)
	at ptolemy.actor.util.CausalityInterfaceForComposites._computeOutputPortDepth(CausalityInterfaceForComposites.java:765)
	at ptolemy.actor.util.CausalityInterfaceForComposites._computeInputDepth(CausalityInterfaceForComposites.java:696)
	at ptolemy.actor.util.CausalityInterfaceForComposites._computeOutputPortDepth(CausalityInterfaceForComposites.java:765)
	at ptolemy.actor.util.CausalityInterfaceForComposites._computeInputDepth(CausalityInterfaceForComposites.java:696)
	at ptolemy.actor.util.CausalityInterfaceForComposites._computeActorDepth(CausalityInterfaceForComposites.java:532)
	at ptolemy.actor.util.CausalityInterfaceForComposites.checkForCycles(CausalityInterfaceForComposites.java:96)
	at ptolemy.domains.de.kernel.DEDirector.preinitialize(DEDirector.java:1338)
	at ptolemy.actor.CompositeActor.preinitialize(CompositeActor.java:1828)
	at ptolemy.actor.Manager.preinitializeAndResolveTypes(Manager.java:1040)
	at ptolemy.actor.Manager.initialize(Manager.java:710)
	at ptolemy.actor.Manager.execute(Manager.java:356)
	at ptolemy.actor.Manager.run(Manager.java:1263)
	at ptolemy.actor.Manager$PtolemyRunThread.run(Manager.java:1915)
java.lang.reflect.InvocationTargetException
	at sun.reflect.NativeConstructorAccessorImpl.newInstance0(Native Method)
	at sun.reflect.NativeConstructorAccessorImpl.newInstance(NativeConstructorAccessorImpl.java:62)
	at sun.reflect.DelegatingConstructorAccessorImpl.newInstance(DelegatingConstructorAccessorImpl.java:45)
	at java.lang.reflect.Constructor.newInstance(Constructor.java:423)
	at ptolemy.util.test.junit.AutoKnownFailedTests.RunModel(AutoKnownFailedTests.java:105)
	at sun.reflect.NativeMethodAccessorImpl.invoke0(Native Method)
	at sun.reflect.NativeMethodAccessorImpl.invoke(NativeMethodAccessorImpl.java:62)
	at sun.reflect.DelegatingMethodAccessorImpl.invoke(DelegatingMethodAccessorImpl.java:43)
	at java.lang.reflect.Method.invoke(Method.java:498)
	at org.junit.runners.model.FrameworkMethod$1.runReflectiveCall(FrameworkMethod.java:44)
	at org.junit.internal.runners.model.ReflectiveCallable.run(ReflectiveCallable.java:15)
	at org.junit.runners.model.FrameworkMethod.invokeExplosively(FrameworkMethod.java:41)
	at junitparams.internal.InvokeParameterisedMethod.evaluate(InvokeParameterisedMethod.java:102)
	at org.junit.internal.runners.statements.FailOnTimeout$1.run(FailOnTimeout.java:28)
Caused by: ptolemy.kernel.util.IllegalActionException: Found a zero delay loop containing .dependencyLoop.original
  in .dependencyLoop and .dependencyLoop.original
	at ptolemy.actor.util.CausalityInterfaceForComposites._computeOutputPortDepth(CausalityInterfaceForComposites.java:759)
	at ptolemy.actor.util.CausalityInterfaceForComposites._computeInputDepth(CausalityInterfaceForComposites.java:696)
	at ptolemy.actor.util.CausalityInterfaceForComposites._computeOutputPortDepth(CausalityInterfaceForComposites.java:765)
	at ptolemy.actor.util.CausalityInterfaceForComposites._computeInputDepth(CausalityInterfaceForComposites.java:696)
	at ptolemy.actor.util.CausalityInterfaceForComposites._computeOutputPortDepth(CausalityInterfaceForComposites.java:765)
	at ptolemy.actor.util.CausalityInterfaceForComposites._computeInputDepth(CausalityInterfaceForComposites.java:696)
	at ptolemy.actor.util.CausalityInterfaceForComposites._computeActorDepth(CausalityInterfaceForComposites.java:532)
	at ptolemy.actor.util.CausalityInterfaceForComposites.checkForCycles(CausalityInterfaceForComposites.java:96)
	at ptolemy.domains.de.kernel.DEDirector.preinitialize(DEDirector.java:1338)
	at ptolemy.actor.CompositeActor.preinitialize(CompositeActor.java:1828)
	at ptolemy.actor.Manager.preinitializeAndResolveTypes(Manager.java:1040)
	at ptolemy.actor.Manager.initialize(Manager.java:710)
	at ptolemy.actor.Manager.execute(Manager.java:356)
	at ptolemy.actor.Manager.run(Manager.java:1263)
	at ptolemy.actor.Manager$PtolemyRunThread.run(Manager.java:1915)
java.lang.RuntimeException: Execution failed
	at ptolemy.moml.MoMLSimpleApplication$UnloadThread.run(MoMLSimpleApplication.java:402)
Caused by: ptolemy.kernel.util.IllegalActionException: Found a zero delay loop containing .dependencyLoop2.original
  in .dependencyLoop2 and .dependencyLoop2.original
	at ptolemy.actor.util.CausalityInterfaceForComposites._computeOutputPortDepth(CausalityInterfaceForComposites.java:759)
	at ptolemy.actor.util.CausalityInterfaceForComposites._computeInputDepth(CausalityInterfaceForComposites.java:696)
	at ptolemy.actor.util.CausalityInterfaceForComposites._computeOutputPortDepth(CausalityInterfaceForComposites.java:765)
	at ptolemy.actor.util.CausalityInterfaceForComposites._computeInputDepth(CausalityInterfaceForComposites.java:696)
	at ptolemy.actor.util.CausalityInterfaceForComposites._computeOutputPortDepth(CausalityInterfaceForComposites.java:765)
	at ptolemy.actor.util.CausalityInterfaceForComposites._computeInputDepth(CausalityInterfaceForComposites.java:696)
	at ptolemy.actor.util.CausalityInterfaceForComposites._computeActorDepth(CausalityInterfaceForComposites.java:532)
	at ptolemy.actor.util.CausalityInterfaceForComposites.checkForCycles(CausalityInterfaceForComposites.java:96)
	at ptolemy.domains.de.kernel.DEDirector.preinitialize(DEDirector.java:1338)
	at ptolemy.actor.CompositeActor.preinitialize(CompositeActor.java:1828)
	at ptolemy.actor.Manager.preinitializeAndResolveTypes(Manager.java:1040)
	at ptolemy.actor.Manager.initialize(Manager.java:710)
	at ptolemy.actor.Manager.execute(Manager.java:356)
	at ptolemy.actor.Manager.run(Manager.java:1263)
	at ptolemy.actor.Manager$PtolemyRunThread.run(Manager.java:1915)
java.lang.reflect.InvocationTargetException
	at sun.reflect.NativeConstructorAccessorImpl.newInstance0(Native Method)
	at sun.reflect.NativeConstructorAccessorImpl.newInstance(NativeConstructorAccessorImpl.java:62)
	at sun.reflect.DelegatingConstructorAccessorImpl.newInstance(DelegatingConstructorAccessorImpl.java:45)
	at java.lang.reflect.Constructor.newInstance(Constructor.java:423)
	at ptolemy.util.test.junit.AutoKnownFailedTests.RunModel(AutoKnownFailedTests.java:105)
	at sun.reflect.NativeMethodAccessorImpl.invoke0(Native Method)
	at sun.reflect.NativeMethodAccessorImpl.invoke(NativeMethodAccessorImpl.java:62)
	at sun.reflect.DelegatingMethodAccessorImpl.invoke(DelegatingMethodAccessorImpl.java:43)
	at java.lang.reflect.Method.invoke(Method.java:498)
	at org.junit.runners.model.FrameworkMethod$1.runReflectiveCall(FrameworkMethod.java:44)
	at org.junit.internal.runners.model.ReflectiveCallable.run(ReflectiveCallable.java:15)
	at org.junit.runners.model.FrameworkMethod.invokeExplosively(FrameworkMethod.java:41)
	at junitparams.internal.InvokeParameterisedMethod.evaluate(InvokeParameterisedMethod.java:102)
	at org.junit.internal.runners.statements.FailOnTimeout$1.run(FailOnTimeout.java:28)
Caused by: ptolemy.kernel.util.IllegalActionException: Found a zero delay loop containing .dependencyLoop2.original
  in .dependencyLoop2 and .dependencyLoop2.original
	at ptolemy.actor.util.CausalityInterfaceForComposites._computeOutputPortDepth(CausalityInterfaceForComposites.java:759)
	at ptolemy.actor.util.CausalityInterfaceForComposites._computeInputDepth(CausalityInterfaceForComposites.java:696)
	at ptolemy.actor.util.CausalityInterfaceForComposites._computeOutputPortDepth(CausalityInterfaceForComposites.java:765)
	at ptolemy.actor.util.CausalityInterfaceForComposites._computeInputDepth(CausalityInterfaceForComposites.java:696)
	at ptolemy.actor.util.CausalityInterfaceForComposites._computeOutputPortDepth(CausalityInterfaceForComposites.java:765)
	at ptolemy.actor.util.CausalityInterfaceForComposites._computeInputDepth(CausalityInterfaceForComposites.java:696)
	at ptolemy.actor.util.CausalityInterfaceForComposites._computeActorDepth(CausalityInterfaceForComposites.java:532)
	at ptolemy.actor.util.CausalityInterfaceForComposites.checkForCycles(CausalityInterfaceForComposites.java:96)
	at ptolemy.domains.de.kernel.DEDirector.preinitialize(DEDirector.java:1338)
	at ptolemy.actor.CompositeActor.preinitialize(CompositeActor.java:1828)
	at ptolemy.actor.Manager.preinitializeAndResolveTypes(Manager.java:1040)
	at ptolemy.actor.Manager.initialize(Manager.java:710)
	at ptolemy.actor.Manager.execute(Manager.java:356)
	at ptolemy.actor.Manager.run(Manager.java:1263)
	at ptolemy.actor.Manager$PtolemyRunThread.run(Manager.java:1915)
]]></system-err>
</testsuite>
