<?xml version="1.0" encoding="UTF-8" ?>
<testsuite errors="0" failures="0" hostname="travis-job-dc684737-ea4d-4c79-bb6b-93f75e46fdaf" name="ptolemy.actor.lib.test.junit.JUnitTclTest" skipped="0" tests="517" time="62.919" timestamp="2019-03-29T03:51:04">
  <properties>
    <property name="npm.executable" value="npm" />
    <property name="file.encoding.pkg" value="sun.io" />
    <property name="env.TRAVIS_ROOT" value="/" />
    <property name="ptII.mk.exists" value="true" />
    <property name="env.TRAVIS_APP_HOST" value="build.travis-ci.org" />
    <property name="env.rvm_bin_path" value="/home/travis/.rvm/bin" />
    <property name="java.home" value="/usr/lib/jvm/java-8-oracle/jre" />
    <property name="env.TRAVIS_JOB_NUMBER" value="1066.8" />
    <property name="env.TRAVIS_HOME" value="/home/travis" />
    <property name="env.DISPLAY" value=":99.0" />
    <property name="java.net.preferIPv4Stack" value="true" />
    <property name="env.TRAVIS_INIT" value="upstart" />
    <property name="env.SSH_TTY" value="/dev/pts/0" />
    <property name="env.RUN_TESTS" value="true" />
    <property name="timeout.short" value="1000000" />
    <property name="env.TRAVIS_JOB_NAME" value="" />
    <property name="env.TRAVIS_STACK_NODE_ATTRIBUTES" value="/.node-attributes.yml" />
    <property name="junit.formatter" value="xml" />
    <property name="java.endorsed.dirs" value="/usr/lib/jvm/java-8-oracle/jre/lib/endorsed" />
    <property name="env.TRAVIS_SUDO" value="true" />
    <property name="env.LOGNAME" value="travis" />
    <property name="env.PT_TRAVIS_TEST_CORE1_XML" value="true" />
    <property name="jsdoc.home" value="node_modules/@terraswarm/jsdoc" />
    <property name="debuglevel" value="source,lines,vars" />
    <property name="checkstyle.formatter" value="xml" />
    <property name="bin.vergil.makeable" value="true" />
    <property name="env._system_version" value="14.04" />
    <property name="sun.os.patch.level" value="unknown" />
    <property name="java.vendor.url" value="http://java.oracle.com/" />
    <property name="env.TRAVIS_BUILD_WEB_URL" value="https://travis-ci.org/icyphy/ptII/builds/512828221" />
    <property name="java.version" value="1.8.0_151" />
    <property name="env.TZ" value="UTC" />
    <property name="env.PT_NO_NET" value="true" />
    <property name="env.TRAVIS_PULL_REQUEST_SHA" value="" />
    <property name="env.TRAVIS_SECURE_ENV_VARS" value="true" />
    <property name="env._system_type" value="Linux" />
    <property name="java.vendor.url.bug" value="http://bugreport.sun.com/bugreport/" />
    <property name="env.SSH_CLIENT" value="10.10.4.59 54806 22" />
    <property name="npmjs-org-is-up" value="true" />
    <property name="env.GEM_HOME" value="/home/travis/.rvm/gems/ruby-2.4.1" />
    <property name="env.HAS_ANTARES_THREE_LITTLE_FRONZIES_BADGE" value="true" />
    <property name="env.PS4" value="+" />
    <property name="ant.project.invoked-targets" value="build,test.core1.xml" />
    <property name="env.TRAVIS_PULL_REQUEST_BRANCH" value="" />
    <property name="env.TRAVIS_REPO_SLUG" value="icyphy/ptII" />
    <property name="env.TRAVIS_APT_PROXY" value="http://build-cache.travisci.net" />
    <property name="node.in.path" value="true" />
    <property name="java.maxmemory" value="1400m" />
    <property name="env.RUBY_VERSION" value="ruby-2.4.1" />
    <property name="user.name" value="travis" />
    <property name="env.LANG" value="en_US.UTF-8" />
    <property name="sun.io.unicode.encoding" value="UnicodeLittle" />
    <property name="sun.jnu.encoding" value="UTF-8" />
    <property name="java.runtime.name" value="Java(TM) SE Runtime Environment" />
    <property name="usefile" value="false" />
    <property name="return.code" value="0" />
    <property name="junit.single.formatter" value="plain" />
    <property name="env.DYLD_LIBRARY_PATH" value="/home/travis/pthla/certi-tools/lib:" />
    <property name="env.DEBIAN_FRONTEND" value="noninteractive" />
    <property name="env.SSH_CONNECTION" value="10.10.4.59 54806 10.20.0.33 22" />
    <property name="env.MYSQL_UNIX_PORT" value="/var/run/mysqld/mysqld.sock" />
    <property name="env.TRAVIS_ALLOW_FAILURE" value="false" />
    <property name="env.LC_ALL" value="en_US.UTF-8" />
    <property name="env.TRAVIS_JOB_WEB_URL" value="https://travis-ci.org/icyphy/ptII/jobs/512828233" />
    <property name="java.specification.name" value="Java Platform API Specification" />
    <property name="node.works" value="true" />
    <property name="user.timezone" value="" />
    <property name="path.separator" value=":" />
    <property name="env.TRAVIS_ENABLE_INFRA_DETECTION" value="true" />
    <property name="env.PYTHON_CFLAGS" value="-g -fstack-protector --param=ssp-buffer-size=4 -Wformat -Werror=format-security" />
    <property name="timeout.long" value="4000000" />
    <property name="env.CERTI_HOME" value="/home/travis/pthla/certi-tools" />
    <property name="file.encoding" value="UTF-8" />
    <property name="ant.file.ptII" value="/home/travis/build/icyphy/ptII/build.xml" />
    <property name="javadoc.packagenames" value="com.*,diva.*,lbnl.*,org.hlacerti.*,org.json.*,org.ptolemy.*,org.terraswarm.*,ptolemy.*,ptserver.*" />
    <property name="env.TRAVIS_PULL_REQUEST_SLUG" value="" />
    <property name="ant.project.default-target" value="build" />
    <property name="env.GIT_ASKPASS" value="echo" />
    <property name="env.HOME" value="/home/travis" />
    <property name="sun.java.command" value="org.apache.tools.ant.taskdefs.optional.junit.JUnitTestRunner ptolemy.actor.lib.test.junit.JUnitTclTest skipNonTests=false filtertrace=true haltOnError=false haltOnFailure=false formatter=org.apache.tools.ant.taskdefs.optional.junit.OutErrSummaryJUnitResultFormatter showoutput=true outputtoformatters=true logfailedtests=true threadid=0 logtestlistenerevents=false formatter=org.apache.tools.ant.taskdefs.optional.junit.XMLJUnitResultFormatter,/home/travis/build/icyphy/ptII/reports/junit/TEST-ptolemy.actor.lib.test.junit.JUnitTclTest.xml crashfile=/home/travis/build/icyphy/ptII/junitvmwatcher8718006721122355202.properties propsfile=/home/travis/build/icyphy/ptII/junit7662847466818096297.properties" />
    <property name="env.MANPATH" value="/home/travis/.nvm/versions/node/v7.10.1/share/man:/home/travis/.kiex/elixirs/elixir-1.4.5/man:/home/travis/.rvm/rubies/ruby-2.4.1/share/man:/usr/local/man:/usr/local/cmake-3.9.2/man:/usr/local/clang-5.0.0/share/man:/usr/local/share/man:/usr/share/man:/home/travis/.rvm/man" />
    <property name="env.COMPOSER_NO_INTERACTION" value="1" />
    <property name="env.JDK_SWITCHER_DEFAULT" value="oraclejdk8" />
    <property name="env.TRAVIS_TIMER_ID" value="12d241ea" />
    <property name="ant.file" value="/home/travis/build/icyphy/ptII/build.xml" />
    <property name="env.TRAVIS_COMMIT_RANGE" value="957937ed47d2203b072c1ffe922bf40d236472ed...779d1b852c9e60806072503222d54fd2abd3548d" />
    <property name="env._system_name" value="Ubuntu" />
    <property name="timeout" value="2400000" />
    <property name="ptII.classpath.optional.property" value="/home/travis/build/icyphy/ptII/lib/bsh-2.0b4.jar:/home/travis/build/icyphy/ptII/lib/ptCal.jar:/home/travis/build/icyphy/ptII/lib/java_cup.jar:/home/travis/build/icyphy/ptII/lib/saxon8.jar:/home/travis/build/icyphy/ptII/lib/saxon8-dom.jar:/home/travis/build/icyphy/ptII/lib/chic.jar:/home/travis/build/icyphy/ptII/lib/ptcolt.jar:/usr/lib/jvm/java-8-oracle/lib/tools.jar:/home/travis/build/icyphy/ptII/vendors/misc/itext/iText.jar:/home/travis/build/icyphy/ptII/lib/g4ltl.jar:/home/travis/build/icyphy/ptII/lib/StructuralCoder.jar:/home/travis/build/icyphy/ptII/vendors/jai-1_1_2_01/lib/jai_core.jar:/home/travis/build/icyphy/ptII/vendors/jai-1_1_2_01/lib/jai_codec.jar:/home/travis/build/icyphy/ptII/lib/jcerti.jar:/home/travis/build/icyphy/ptII/lib/javax.mail.jar:/home/travis/build/icyphy/ptII/vendors/JMF-2.1.1e/lib/jmf.jar:/home/travis/build/icyphy/ptII/lib/jna-4.0.0-variadic.jar:/home/travis/build/icyphy/ptII/vendors/misc/joystick/Joystick.jar:/home/travis/build/icyphy/ptII/lib/ptjacl.jar:/home/travis/build/icyphy/ptII/lib/jsoup-1.8.2.jar:/home/travis/build/icyphy/ptII/lib/junit-4.8.2.jar:/home/travis/build/icyphy/ptII/lib/JUnitParams-0.4.0.jar:/home/travis/build/icyphy/ptII/ptolemy/actor/lib/excel/jxl.jar:/home/travis/build/icyphy/ptII/lib/jython.jar:/home/travis/build/icyphy/ptII/lib/kieler.jar:/home/travis/build/icyphy/ptII/vendors/opencv/share/OpenCV/java/opencv-341.jar:/home/travis/build/icyphy/ptII/lib/oscP5.jar:/home/travis/build/icyphy/ptII/lib/nrjavaserial-3.11.0.devel.jar:/home/travis/build/icyphy/ptII/vendors/j3d/lib/j3dcore.jar:/home/travis/build/icyphy/ptII/vendors/j3d/lib/j3dutils.jar:/home/travis/build/icyphy/ptII/vendors/j3d/lib/vecmath.jar:/home/travis/build/icyphy/ptII/ptolemy/distributed/jini/jar/jini-core.jar:/home/travis/build/icyphy/ptII/ptolemy/distributed/jini/jar/jini-ext.jar:/home/travis/build/icyphy/ptII/ptolemy/distributed/jini/jar/sun-util.jar:/home/travis/build/icyphy/ptII/lib/protobuf-java-2.4.1.jar:/home/travis/build/icyphy/ptII/lib/org.eclipse.paho.client.mqttv3.jar:/home/travis/build/icyphy/ptII/lib/mapss.jar:/home/travis/build/icyphy/ptII/ptolemy/actor/ptalon/antlr/antlr.jar:/home/travis/build/icyphy/ptII/lib/JRI.jar:/home/travis/build/icyphy/ptII/lib/commons-lang-2.6.jar:/home/travis/build/icyphy/ptII/lib/commons-logging-1.1.1.jar:/home/travis/build/icyphy/ptII/lib/sootclasses.jar:/home/travis/build/icyphy/ptII/ptolemy/actor/lib/database/mysql-connector-java-5.1.6-bin.jar:/home/travis/build/icyphy/ptII/vendors/misc/sphinx4/sphinx4-data-5prealpha.jar:/home/travis/build/icyphy/ptII/vendors/misc/sphinx4/sphinx4-core-5prealpha.jar:/home/travis/build/icyphy/ptII/lib/PDFRenderer.jar:/home/travis/build/icyphy/ptII/lib/svgSalamander.jar:/home/travis/build/icyphy/ptII/lib/rsyntaxtextarea-2.6.0-SNAPSHOT.jar:/home/travis/build/icyphy/ptII/lib/hazelcast-3.8.2.jar:/home/travis/build/icyphy/ptII/lib/jackson-annotations-2.9.0.jar:/home/travis/build/icyphy/ptII/lib/jackson-core-2.9.3.jar:/home/travis/build/icyphy/ptII/lib/jackson-databind-2.9.3.jar:/home/travis/build/icyphy/ptII/lib/netty-buffer-4.1.19.Final.jar:/home/travis/build/icyphy/ptII/lib/netty-codec-4.1.19.Final.jar:/home/travis/build/icyphy/ptII/lib/netty-codec-dns-4.1.19.Final.jar:/home/travis/build/icyphy/ptII/lib/netty-codec-http-4.1.19.Final.jar:/home/travis/build/icyphy/ptII/lib/netty-codec-http2-4.1.19.Final.jar:/home/travis/build/icyphy/ptII/lib/netty-common-4.1.19.Final.jar:/home/travis/build/icyphy/ptII/lib/netty-handler-4.1.19.Final.jar:/home/travis/build/icyphy/ptII/lib/netty-resolver-4.1.19.Final.jar:/home/travis/build/icyphy/ptII/lib/netty-resolver-dns-4.1.19.Final.jar:/home/travis/build/icyphy/ptII/lib/netty-transport-4.1.19.Final.jar:/home/travis/build/icyphy/ptII/lib/vertx-codegen-3.5.1.jar:/home/travis/build/icyphy/ptII/lib/vertx-core-3.5.2-SNAPSHOT.jar:/home/travis/build/icyphy/ptII/lib/vertx-hazelcast-3.5.1.jar:/home/travis/build/icyphy/ptII/lib/vertx-lang-js-3.5.1.jar:/home/travis/build/icyphy/ptII/lib/vertx-service-proxy-3.5.1.jar:/home/travis/build/icyphy/ptII/lib/vertx-web-3.5.1.jar:/home/travis/build/icyphy/ptII/lib/slf4j-api-1.7.13.jar:/home/travis/build/icyphy/ptII/lib/slf4j-simple-1.7.13.jar:/home/travis/build/icyphy/ptII/lib/webcam-capture-0.3.12.jar:/home/travis/build/icyphy/ptII/lib/bridj-0.7.0.jar:/home/travis/build/icyphy/ptII/lib/xbjlib-1.1.0.nrjavaserial.jar" />
    <property name="test.batch" value="**/junit/*.java" />
    <property name="env._" value="/usr/bin/timeout" />
    <property name="java.io.tmpdir" value="/tmp" />
    <property name="env.TRAVIS_INTERNAL_RUBY_REGEX" value="^ruby-(2\.[0-4]\.[0-9]|1\.9\.3)" />
    <property name="user.language" value="en" />
    <property name="env.HISTCONTROL" value="ignoredups:ignorespace" />
    <property name="env.GOROOT" value="/home/travis/.gimme/versions/go1.7.4.linux.amd64" />
    <property name="line.separator" value="&#xa;" />
    <property name="target" value="1.8" />
    <property name="env.TRAVIS_BUILD_DIR" value="/home/travis/build/icyphy/ptII" />
    <property name="env.ANT_OPTS" value="-Xmx2048m" />
    <property name="ant.file.type" value="file" />
    <property name="ptolemy.ptII.batchMode" value="true" />
    <property name="env.HISTSIZE" value="1000" />
    <property name="env.MERB_ENV" value="test" />
    <property name="java.vm.info" value="mixed mode" />
    <property name="source" value="1.8" />
    <property name="java.vm.specification.name" value="Java Virtual Machine Specification" />
    <property name="env.TRAVIS_TEST_RESULT" value="0" />
    <property name="jsdoc.command" value="node_modules/@terraswarm/jsdoc/jsdoc.js" />
    <property name="npm.works" value="true" />
    <property name="cobertura.dir" value="/home/travis/build/icyphy/ptII/vendors/cobertura-2.0.3" />
    <property name="env.rvm_path" value="/home/travis/.rvm" />
    <property name="env.GEM_PATH" value="/home/travis/.rvm/gems/ruby-2.4.1:/home/travis/.rvm/gems/ruby-2.4.1@global" />
    <property name="env.LC_CTYPE" value="en_US.UTF-8" />
    <property name="java.awt.printerjob" value="sun.print.PSPrinterJob" />
    <property name="env.TRAVIS_CMD" value="$PTII/bin/ptIITravisBuild.sh $SECONDS" />
    <property name="env.TRAVIS_STACK_NAME" value="garnet" />
    <property name="env.TRAVIS_TIMER_START_TIME" value="1553831062763056542" />
    <property name="ant.version" value="Apache Ant(TM) version 1.10.1 compiled on February 2 2017" />
    <property name="ptII.reports" value="/home/travis/build/icyphy/ptII/reports" />
    <property name="env.TRAVIS_STACK_TIMESTAMP" value="2017-12-05 19:33:09 UTC" />
    <property name="ant.file.type.ptII" value="file" />
    <property name="env.RBENV_SHELL" value="bash" />
    <property name="os.name" value="Linux" />
    <property name="java.specification.vendor" value="Oracle Corporation" />
    <property name="env.rvm_version" value="1.29.3 (latest)" />
    <property name="env.TRAVIS_INFRA" value="gce" />
    <property name="env.TERM" value="xterm" />
    <property name="java.vm.name" value="Java HotSpot(TM) 64-Bit Server VM" />
    <property name="env.TRAVIS_BUILD_NUMBER" value="1066" />
    <property name="env.CI" value="true" />
    <property name="java.library.path" value="/home/travis/pthla/certi-tools/lib:/usr/lib/jni:/usr/local/share/OpenCV/java/:/usr/share/OpenCV/java::/usr/java/packages/lib/amd64:/usr/lib64:/lib64:/lib:/usr/lib" />
    <property name="env.rvm_prefix" value="/home/travis" />
    <property name="env.PATH" value="/home/travis/pthla/certi-tools/share/scripts:/home/travis/.rvm/gems/ruby-2.4.1/bin:/home/travis/.rvm/gems/ruby-2.4.1@global/bin:/home/travis/.rvm/rubies/ruby-2.4.1/bin:/home/travis/.rvm/bin:/home/travis/.nvm/versions/node/v7.10.1/bin:./node_modules/.bin:/home/travis/build/icyphy/ptII/bin:/home/travis/pthla/certi-tools/bin:/home/travis/bin:/home/travis/.local/bin:/opt/pyenv/shims:/home/travis/.phpenv/shims:/home/travis/perl5/perlbrew/bin:/home/travis/.kiex/elixirs/elixir-1.4.5/bin:/home/travis/.kiex/bin:/home/travis/gopath/bin:/home/travis/.gimme/versions/go1.7.4.linux.amd64/bin:/usr/local/phantomjs/bin:/usr/local/phantomjs:/usr/local/neo4j-3.2.7/bin:/usr/local/maven-3.5.2/bin:/usr/local/cmake-3.9.2/bin:/usr/local/clang-5.0.0/bin:/usr/local/sbin:/usr/local/bin:/usr/sbin:/usr/bin:/sbin:/bin:/home/travis/.phpenv/bin:/opt/pyenv/bin:/home/travis/.yarn/bin" />
    <property name="env.TRAVIS_OS_NAME" value="linux" />
    <property name="ant.java.version" value="1.8" />
    <property name="basedir" value="/home/travis/build/icyphy/ptII" />
    <property name="java.class.version" value="52.0" />
    <property name="env.SHLVL" value="3" />
    <property name="env.LD_LIBRARY_PATH" value="/home/travis/pthla/certi-tools/lib:/usr/lib/jni:/usr/local/share/OpenCV/java/:/usr/share/OpenCV/java:" />
    <property name="env.RACK_ENV" value="test" />
    <property name="ant.home" value="/home/travis/build/icyphy/ptII/ant" />
    <property name="env.PERLBREW_BASHRC_VERSION" value="0.80" />
    <property name="env.NVM_DIR" value="/home/travis/.nvm" />
    <property name="env.TRAVIS_BUILD_ID" value="512828221" />
    <property name="env.CERTI_FOM_PATH" value="/home/travis/pthla/certi-tools/share/federations" />
    <property name="env.PYENV_ROOT" value="/opt/pyenv" />
    <property name="env.TRAVIS_UID" value="2000" />
    <property name="env.rvm_pretty_print_flag" value="auto" />
    <property name="env.NVM_BIN" value="/home/travis/.nvm/versions/node/v7.10.1/bin" />
    <property name="env.TRAVIS_COMMIT" value="779d1b852c9e60806072503222d54fd2abd3548d" />
    <property name="env._system_arch" value="x86_64" />
    <property name="node.executable" value="node" />
    <property name="sun.boot.library.path" value="/usr/lib/jvm/java-8-oracle/jre/lib/amd64" />
    <property name="sun.management.compiler" value="HotSpot 64-Bit Tiered Compilers" />
    <property name="env.GOPATH" value="/home/travis/gopath" />
    <property name="java.awt.graphicsenv" value="sun.awt.X11GraphicsEnvironment" />
    <property name="ptolemy.ptII.dir" value="/home/travis/build/icyphy/ptII" />
    <property name="env.USER" value="travis" />
    <property name="env.HISTFILESIZE" value="2000" />
    <property name="timeout.longest" value="19000000" />
    <property name="env.TRAVIS_STACK_FEATURES" value="basic cassandra chromium couchdb disabled-ipv6 docker docker-compose elasticsearch firefox go-toolchain google-chrome jdk memcached mongodb mysql neo4j nodejs_interpreter perl_interpreter perlbrew phantomjs postgresql python_interpreter rabbitmq redis riak ruby_interpreter sqlite xserver" />
    <property name="env.TRAVIS_PULL_REQUEST" value="false" />
    <property name="env.PYENV_SHELL" value="bash" />
    <property name="ant.project.name" value="ptII" />
    <property name="java.vm.specification.version" value="1.8" />
    <property name="env.ANSI_RESET" value="\033[0m" />
    <property name="env.TRAVIS_DIST" value="trusty" />
    <property name="env.CERTI_VERSION" value="4.0.0" />
    <property name="env.NLSPATH" value="/usr/dt/lib/nls/msg/%L/%N.cat" />
    <property name="awt.toolkit" value="sun.awt.X11.XToolkit" />
    <property name="env.CERTI_HOST" value="localhost" />
    <property name="env.MY_RUBY_HOME" value="/home/travis/.rvm/rubies/ruby-2.4.1" />
    <property name="sun.cpu.isalist" value="" />
    <property name="env.TRAVIS_TMPDIR" value="/tmp/tmp.HNevpUo72V" />
    <property name="java.ext.dirs" value="/usr/lib/jvm/java-8-oracle/jre/lib/ext:/usr/java/packages/lib/ext" />
    <property name="os.version" value="4.4.0-101-generic" />
    <property name="user.home" value="/home/travis" />
    <property name="env.MIX_ARCHIVES" value="/home/travis/.kiex/mix/elixir-1.4.5" />
    <property name="java.vm.vendor" value="Oracle Corporation" />
    <property name="env.TRAVIS_TAG" value="nightly" />
    <property name="env.ANSI_YELLOW" value="\033[33;1m" />
    <property name="env.TRAVIS_FILTERED" value="redirect_io" />
    <property name="env.ANSI_GREEN" value="\033[32;1m" />
    <property name="env.JAVA_HOME" value="/usr/lib/jvm/java-8-oracle" />
    <property name="env.PTII" value="/home/travis/build/icyphy/ptII" />
    <property name="javadoc.excludepackagenames" value="adm.cvs2svn.*,build.*,config.*,doc.coding.templates.*,jni.test.jni.meaningOfLife.*,jni.test.jni.testDeux.*,jni.test.jni.testTrois.*,org.terraswarm.accessor.accessors.web.node_modules.*,org.terraswarm.accessor.accessors.web.hosts.cordova.demo.*,org.terraswarm.accessor.accessors.web.hosts.cordova.plugins.*,org.terraswarm.accessor.accessors-svn.*,pt-modules.*,ptolemy.apps.agilent.*,ptolemy.apps.anytimecontrol.*,ptolemy.apps.apes.*,ptolemy.apps.charon.*,ptolemy.apps.crazyboard.*,ptolemy.apps.eclipse.*,ptolemy.apps.etherealSting.*,ptolemy.apps.fullscreen.*,ptolemy.apps.giotto.*,ptolemy.apps.ia.*,ptolemy.apps.interfaces.*,ptolemy.apps.jmf.*,ptolemy.apps.kurt.*,ptolemy.apps.kvm.*,ptolemy.apps.lego.*,ptolemy.apps.lejos.*,ptolemy.apps.midp.*,ptolemy.apps.mobileCoding.*,ptolemy.apps.pendulum.*,ptolemy.apps.rijndael.*,ptolemy.apps.robot.*,ptolemy.apps.security.*,ptolemy.apps.sobel.*,ptolemy.apps.soot.*,ptolemy.apps.throttle.*,ptolemy.apps.tini.*,ptolemy.apps.transmission.*,ptolemy.apps.vergil.*,ptolemy.apps.waba.*,ptolemy.apps.websensor.*,ptolemy.apps.webstart.*,ptolemy.apps.xsl.*,ptolemy.apps.zaurus.*,ptolemy.codegen.c.actor.lib.oldJavaFiles.*,ptolemy.codegen.dsp.lib.*,ptolemy.codegen.kernel.newInterfaces.*,ptolemy.codegen.lib.*,ptolemy.copernicus.kernel.fragment.*,ptolemy.copernicus.shallow.cg.*,ptolemy.domains.giotto.demo.Hierarchy.Hierarchy.*,ptolemy.domains.giotto.demo.Multimode.Multimode.*,ptolemy.domains.giotto.demo.Simple.Simple.*,ptolemy.domains.gr.lib.experimental.*,ptolemy.domains.gro.*,ptolemy.domains.pdf.*,ptolemy.domains.ptinyos.demo.Surge.output.*,ptolemy.moml.test.NoPackageActor.java*,ptolemy.plot.adm.*,ptolemy.plot.servlet.*,reports.*,signed.*,src.*,target.*,vendors.*,ptolemy.apps.eclipse.awt.*,ptolemy.backtrack.*,ptolemy.backtrack.ast.*,ptolemy.cg.adapter.generic.program.procedural.c.mbed*,ptolemy.homer.*,org.ptolemy.scala.*,diva.util.java2d.svg.*,ptolemy.domains.ptinyos.*,ptolemy.actor.lib.fmi.fmipp.*,,org.terraswarm.accessor.accessors.web.node_modules.*,org.terraswarm.accessor.accessors-svn,ptolemy.apps.*,ptolemy.actor.ptalon.demo.ptinyos.SendAndReceiveCnt.output,ptolemy.actor.ptalon.demo.ptinyos.SenseToLeds.output,ptolemy.domains.ptinyos.demo.CntToLedsAndRfm.output,ptolemy.domains.ptinyos.demo.RfmToLeds.output,ptolemy.domains.ptinyos.demo.SendAndReceiveCnt.output,ptolemy.domains.ptinyos.demo.SenseToLeds.output,ptolemy.actor.lib.jjs.modules.udpSocket.*" />
    <property name="env.TRAVIS_COMMIT_MESSAGE" value="Adding comments in org/hlacerti/lib/HlaManager.java." />
    <property name="keystore" value="ptKeystore" />
    <property name="env.XDG_SESSION_ID" value="2" />
    <property name="junit.output.dir" value="/home/travis/build/icyphy/ptII/reports/junit" />
    <property name="npm.return.code" value="0" />
    <property name="user.dir" value="/home/travis/build/icyphy/ptII/ptolemy/actor/lib/test" />
    <property name="env.TRAVIS_NODE_VERSION" value="7" />
    <property name="env.XFILESEARCHPATH" value="/usr/dt/app-defaults/%L/Dt" />
    <property name="env.TRAVIS_EVENT_TYPE" value="cron" />
    <property name="env.MAIL" value="/var/mail/travis" />
    <property name="env.PWD" value="/home/travis/build/icyphy/ptII" />
    <property name="env.PERLBREW_ROOT" value="/home/travis/perl5/perlbrew" />
    <property name="timeout.npm" value="45000" />
    <property name="env.TRAVIS_ARCH" value="amd64" />
    <property name="env.PAGER" value="cat" />
    <property name="sun.cpu.endian" value="little" />
    <property name="env.TRAVIS_BUILD_STAGE_NAME" value="Test" />
    <property name="env.PERLBREW_HOME" value="/home/travis/.perlbrew" />
    <property name="env.RAILS_ENV" value="test" />
    <property name="java.vm.version" value="25.151-b12" />
    <property name="java.class.path" value="/home/travis/.ptolemyII:/home/travis/.ptolemyII/*:/home/travis/build/icyphy/ptII:/home/travis/build/icyphy/ptII/lib/bsh-2.0b4.jar:/home/travis/build/icyphy/ptII/lib/ptCal.jar:/home/travis/build/icyphy/ptII/lib/java_cup.jar:/home/travis/build/icyphy/ptII/lib/saxon8.jar:/home/travis/build/icyphy/ptII/lib/saxon8-dom.jar:/home/travis/build/icyphy/ptII/lib/chic.jar:/home/travis/build/icyphy/ptII/lib/ptcolt.jar:/usr/lib/jvm/java-8-oracle/lib/tools.jar:/home/travis/build/icyphy/ptII/vendors/misc/itext/iText.jar:/home/travis/build/icyphy/ptII/lib/g4ltl.jar:/home/travis/build/icyphy/ptII/lib/StructuralCoder.jar:/home/travis/build/icyphy/ptII/vendors/jai-1_1_2_01/lib/jai_core.jar:/home/travis/build/icyphy/ptII/vendors/jai-1_1_2_01/lib/jai_codec.jar:/home/travis/build/icyphy/ptII/lib/jcerti.jar:/home/travis/build/icyphy/ptII/lib/javax.mail.jar:/home/travis/build/icyphy/ptII/vendors/JMF-2.1.1e/lib/jmf.jar:/home/travis/build/icyphy/ptII/lib/jna-4.0.0-variadic.jar:/home/travis/build/icyphy/ptII/vendors/misc/joystick/Joystick.jar:/home/travis/build/icyphy/ptII/lib/ptjacl.jar:/home/travis/build/icyphy/ptII/lib/jsoup-1.8.2.jar:/home/travis/build/icyphy/ptII/lib/junit-4.8.2.jar:/home/travis/build/icyphy/ptII/lib/JUnitParams-0.4.0.jar:/home/travis/build/icyphy/ptII/ptolemy/actor/lib/excel/jxl.jar:/home/travis/build/icyphy/ptII/lib/jython.jar:/home/travis/build/icyphy/ptII/lib/kieler.jar:/home/travis/build/icyphy/ptII/vendors/opencv/share/OpenCV/java/opencv-341.jar:/home/travis/build/icyphy/ptII/lib/oscP5.jar:/home/travis/build/icyphy/ptII/lib/nrjavaserial-3.11.0.devel.jar:/home/travis/build/icyphy/ptII/vendors/j3d/lib/j3dcore.jar:/home/travis/build/icyphy/ptII/vendors/j3d/lib/j3dutils.jar:/home/travis/build/icyphy/ptII/vendors/j3d/lib/vecmath.jar:/home/travis/build/icyphy/ptII/ptolemy/distributed/jini/jar/jini-core.jar:/home/travis/build/icyphy/ptII/ptolemy/distributed/jini/jar/jini-ext.jar:/home/travis/build/icyphy/ptII/ptolemy/distributed/jini/jar/sun-util.jar:/home/travis/build/icyphy/ptII/lib/protobuf-java-2.4.1.jar:/home/travis/build/icyphy/ptII/lib/org.eclipse.paho.client.mqttv3.jar:/home/travis/build/icyphy/ptII/lib/mapss.jar:/home/travis/build/icyphy/ptII/ptolemy/actor/ptalon/antlr/antlr.jar:/home/travis/build/icyphy/ptII/lib/JRI.jar:/home/travis/build/icyphy/ptII/lib/commons-lang-2.6.jar:/home/travis/build/icyphy/ptII/lib/commons-logging-1.1.1.jar:/home/travis/build/icyphy/ptII/lib/sootclasses.jar:/home/travis/build/icyphy/ptII/ptolemy/actor/lib/database/mysql-connector-java-5.1.6-bin.jar:/home/travis/build/icyphy/ptII/vendors/misc/sphinx4/sphinx4-data-5prealpha.jar:/home/travis/build/icyphy/ptII/vendors/misc/sphinx4/sphinx4-core-5prealpha.jar:/home/travis/build/icyphy/ptII/lib/PDFRenderer.jar:/home/travis/build/icyphy/ptII/lib/svgSalamander.jar:/home/travis/build/icyphy/ptII/lib/rsyntaxtextarea-2.6.0-SNAPSHOT.jar:/home/travis/build/icyphy/ptII/lib/hazelcast-3.8.2.jar:/home/travis/build/icyphy/ptII/lib/jackson-annotations-2.9.0.jar:/home/travis/build/icyphy/ptII/lib/jackson-core-2.9.3.jar:/home/travis/build/icyphy/ptII/lib/jackson-databind-2.9.3.jar:/home/travis/build/icyphy/ptII/lib/netty-buffer-4.1.19.Final.jar:/home/travis/build/icyphy/ptII/lib/netty-codec-4.1.19.Final.jar:/home/travis/build/icyphy/ptII/lib/netty-codec-dns-4.1.19.Final.jar:/home/travis/build/icyphy/ptII/lib/netty-codec-http-4.1.19.Final.jar:/home/travis/build/icyphy/ptII/lib/netty-codec-http2-4.1.19.Final.jar:/home/travis/build/icyphy/ptII/lib/netty-common-4.1.19.Final.jar:/home/travis/build/icyphy/ptII/lib/netty-handler-4.1.19.Final.jar:/home/travis/build/icyphy/ptII/lib/netty-resolver-4.1.19.Final.jar:/home/travis/build/icyphy/ptII/lib/netty-resolver-dns-4.1.19.Final.jar:/home/travis/build/icyphy/ptII/lib/netty-transport-4.1.19.Final.jar:/home/travis/build/icyphy/ptII/lib/vertx-codegen-3.5.1.jar:/home/travis/build/icyphy/ptII/lib/vertx-core-3.5.2-SNAPSHOT.jar:/home/travis/build/icyphy/ptII/lib/vertx-hazelcast-3.5.1.jar:/home/travis/build/icyphy/ptII/lib/vertx-lang-js-3.5.1.jar:/home/travis/build/icyphy/ptII/lib/vertx-service-proxy-3.5.1.jar:/home/travis/build/icyphy/ptII/lib/vertx-web-3.5.1.jar:/home/travis/build/icyphy/ptII/lib/slf4j-api-1.7.13.jar:/home/travis/build/icyphy/ptII/lib/slf4j-simple-1.7.13.jar:/home/travis/build/icyphy/ptII/lib/webcam-capture-0.3.12.jar:/home/travis/build/icyphy/ptII/lib/bridj-0.7.0.jar:/home/travis/build/icyphy/ptII/lib/xbjlib-1.1.0.nrjavaserial.jar:/home/travis/build/icyphy/ptII/ptolemy/moml/test:/home/travis/build/icyphy/ptII/ant/lib/ant-launcher.jar:/home/travis/build/icyphy/ptII/ant/lib/ant.jar:/home/travis/build/icyphy/ptII/ant/lib/ant-junit.jar:/home/travis/build/icyphy/ptII/ant/lib/ant-junit4.jar" />
    <property name="ant.library.dir" value="/home/travis/build/icyphy/ptII/ant/lib" />
    <property name="os.arch" value="amd64" />
    <property name="env.TRAVIS_LANGUAGE" value="node_js" />
    <property name="env.CONTINUOUS_INTEGRATION" value="true" />
    <property name="env.TRAVIS_STACK_LANGUAGES" value="__garnet__ c c++ clojure cplusplus cpp default go groovy java node_js php pure_java python ruby scala" />
    <property name="test.name" value="ptolemy.actor.lib.test.junit.JUnitTclTest" />
    <property name="sun.java.launcher" value="SUN_STANDARD" />
    <property name="env.PYTHON_CONFIGURE_OPTS" value="--enable-unicode=ucs4 --with-wide-unicode --enable-shared --enable-ipv6 --enable-loadable-sqlite-extensions --with-computed-gotos" />
    <property name="ant.core.lib" value="/home/travis/build/icyphy/ptII/ant/lib/ant.jar" />
    <property name="java.vm.specification.vendor" value="Oracle Corporation" />
    <property name="env.BCVTB_HOME" value="/home/travis/build/icyphy/ptII/lbnl" />
    <property name="file.separator" value="/" />
    <property name="spotbugs.home" value="/home/travis/build/icyphy/ptII/vendors/spotbugs-3.1.1" />
    <property name="java.runtime.version" value="1.8.0_151-b12" />
    <property name="sun.boot.class.path" value="/usr/lib/jvm/java-8-oracle/jre/lib/resources.jar:/usr/lib/jvm/java-8-oracle/jre/lib/rt.jar:/usr/lib/jvm/java-8-oracle/jre/lib/sunrsasign.jar:/usr/lib/jvm/java-8-oracle/jre/lib/jsse.jar:/usr/lib/jvm/java-8-oracle/jre/lib/jce.jar:/usr/lib/jvm/java-8-oracle/jre/lib/charsets.jar:/usr/lib/jvm/java-8-oracle/jre/lib/jfr.jar:/usr/lib/jvm/java-8-oracle/jre/classes" />
    <property name="env.ANSI_CLEAR" value="\033[0K" />
    <property name="env.HAS_JOSH_K_SEAL_OF_APPROVAL" value="true" />
    <property name="env.XDG_RUNTIME_DIR" value="/run/user/2000" />
    <property name="env.TRAVIS_OSX_IMAGE" value="" />
    <property name="env.TRAVIS_BRANCH" value="master" />
    <property name="env.TRAVIS_JOB_ID" value="512828233" />
    <property name="user.country" value="US" />
    <property name="env.CERTI_HOME_TRAVIS" value="/home/travis/pthla/certi-tools" />
    <property name="env.SHELL" value="/bin/bash" />
    <property name="java.maxmemory.large" value="5000m" />
    <property name="model" value="" />
    <property name="env.CASHER_DIR" value="/home/travis/.casher" />
    <property name="env.NVM_CD_FLAGS" value="" />
    <property name="jshint.executable" value="/home/travis/node_modules/jshint/bin/jshint" />
    <property name="java.vendor" value="Oracle Corporation" />
    <property name="env.JRUBY_OPTS" value=" --client -J-XX:+TieredCompilation -J-XX:TieredStopAtLevel=1 -J-Xss2m -Xcompile.invokedynamic=false" />
    <property name="env.TRAVIS_PRE_CHEF_BOOTSTRAP_TIME" value="2017-12-05T19:32:55" />
    <property name="env.TRAVIS_STACK_JOB_BOARD_REGISTER" value="/.job-board-register.yml" />
    <property name="env.ELIXIR_VERSION" value="1.4.5" />
    <property name="env.ANSI_RED" value="\033[31;1m" />
    <property name="java.specification.version" value="1.8" />
    <property name="env.TRAVIS" value="true" />
    <property name="env.IRBRC" value="/home/travis/.rvm/rubies/ruby-2.4.1/.irbrc" />
    <property name="sun.arch.data.model" value="64" />
  </properties>
  <testcase classname="ptolemy.util.test.junit.TclTests" name="[0] /home/travis/build/icyphy/ptII/ptolemy/actor/lib/test/AbsoluteValue.tcl (RunTclFile)" time="0.523" />
  <testcase classname="ptolemy.util.test.junit.TclTests" name="[1] /home/travis/build/icyphy/ptII/ptolemy/actor/lib/test/AddSubtract.tcl (RunTclFile)" time="0.065" />
  <testcase classname="ptolemy.util.test.junit.TclTests" name="[2] /home/travis/build/icyphy/ptII/ptolemy/actor/lib/test/Average.tcl (RunTclFile)" time="0.071" />
  <testcase classname="ptolemy.util.test.junit.TclTests" name="[3] /home/travis/build/icyphy/ptII/ptolemy/actor/lib/test/Bernoulli.tcl (RunTclFile)" time="0.037" />
  <testcase classname="ptolemy.util.test.junit.TclTests" name="[4] /home/travis/build/icyphy/ptII/ptolemy/actor/lib/test/Clock.tcl (RunTclFile)" time="0.096" />
  <testcase classname="ptolemy.util.test.junit.TclTests" name="[5] /home/travis/build/icyphy/ptII/ptolemy/actor/lib/test/Commutator.tcl (RunTclFile)" time="0.107" />
  <testcase classname="ptolemy.util.test.junit.TclTests" name="[6] /home/travis/build/icyphy/ptII/ptolemy/actor/lib/test/Const.tcl (RunTclFile)" time="0.159" />
  <testcase classname="ptolemy.util.test.junit.TclTests" name="[7] /home/travis/build/icyphy/ptII/ptolemy/actor/lib/test/CurrentTime.tcl (RunTclFile)" time="0.03" />
  <testcase classname="ptolemy.util.test.junit.TclTests" name="[8] /home/travis/build/icyphy/ptII/ptolemy/actor/lib/test/DB.tcl (RunTclFile)" time="0.043" />
  <testcase classname="ptolemy.util.test.junit.TclTests" name="[9] /home/travis/build/icyphy/ptII/ptolemy/actor/lib/test/DiscreteRandomSource.tcl (RunTclFile)" time="0.035" />
  <testcase classname="ptolemy.util.test.junit.TclTests" name="[10] /home/travis/build/icyphy/ptII/ptolemy/actor/lib/test/Distributor.tcl (RunTclFile)" time="0.045" />
  <testcase classname="ptolemy.util.test.junit.TclTests" name="[11] /home/travis/build/icyphy/ptII/ptolemy/actor/lib/test/Exit.tcl (RunTclFile)" time="0.051" />
  <testcase classname="ptolemy.util.test.junit.TclTests" name="[12] /home/travis/build/icyphy/ptII/ptolemy/actor/lib/test/Expression.tcl (RunTclFile)" time="0.127" />
  <testcase classname="ptolemy.util.test.junit.TclTests" name="[13] /home/travis/build/icyphy/ptII/ptolemy/actor/lib/test/Gaussian.tcl (RunTclFile)" time="1.012" />
  <testcase classname="ptolemy.util.test.junit.TclTests" name="[14] /home/travis/build/icyphy/ptII/ptolemy/actor/lib/test/IIR.tcl (RunTclFile)" time="0.027" />
  <testcase classname="ptolemy.util.test.junit.TclTests" name="[15] /home/travis/build/icyphy/ptII/ptolemy/actor/lib/test/Interpolator.tcl (RunTclFile)" time="0.072" />
  <testcase classname="ptolemy.util.test.junit.TclTests" name="[16] /home/travis/build/icyphy/ptII/ptolemy/actor/lib/test/MathFunction.tcl (RunTclFile)" time="0.103" />
  <testcase classname="ptolemy.util.test.junit.TclTests" name="[17] /home/travis/build/icyphy/ptII/ptolemy/actor/lib/test/Maximum.tcl (RunTclFile)" time="0.061" />
  <testcase classname="ptolemy.util.test.junit.TclTests" name="[18] /home/travis/build/icyphy/ptII/ptolemy/actor/lib/test/Minimum.tcl (RunTclFile)" time="0.049" />
  <testcase classname="ptolemy.util.test.junit.TclTests" name="[19] /home/travis/build/icyphy/ptII/ptolemy/actor/lib/test/MultiplyDivide.tcl (RunTclFile)" time="0.027" />
  <testcase classname="ptolemy.util.test.junit.TclTests" name="[20] /home/travis/build/icyphy/ptII/ptolemy/actor/lib/test/OrderedMerge.tcl (RunTclFile)" time="0.06" />
  <testcase classname="ptolemy.util.test.junit.TclTests" name="[21] /home/travis/build/icyphy/ptII/ptolemy/actor/lib/test/Publisher.tcl (RunTclFile)" time="0.641" />
  <testcase classname="ptolemy.util.test.junit.TclTests" name="[22] /home/travis/build/icyphy/ptII/ptolemy/actor/lib/test/Pulse.tcl (RunTclFile)" time="0.044" />
  <testcase classname="ptolemy.util.test.junit.TclTests" name="[23] /home/travis/build/icyphy/ptII/ptolemy/actor/lib/test/Ramp.tcl (RunTclFile)" time="2.113" />
  <testcase classname="ptolemy.util.test.junit.TclTests" name="[24] /home/travis/build/icyphy/ptII/ptolemy/actor/lib/test/RampContinuous.tcl (RunTclFile)" time="0.021" />
  <testcase classname="ptolemy.util.test.junit.TclTests" name="[25] /home/travis/build/icyphy/ptII/ptolemy/actor/lib/test/RecordAssembler.tcl (RunTclFile)" time="0.02" />
  <testcase classname="ptolemy.util.test.junit.TclTests" name="[26] /home/travis/build/icyphy/ptII/ptolemy/actor/lib/test/RecordDisassembler.tcl (RunTclFile)" time="0.035" />
  <testcase classname="ptolemy.util.test.junit.TclTests" name="[27] /home/travis/build/icyphy/ptII/ptolemy/actor/lib/test/Scale.tcl (RunTclFile)" time="0.041" />
  <testcase classname="ptolemy.util.test.junit.TclTests" name="[28] /home/travis/build/icyphy/ptII/ptolemy/actor/lib/test/SequentialClock.tcl (RunTclFile)" time="0.02" />
  <testcase classname="ptolemy.util.test.junit.TclTests" name="[29] /home/travis/build/icyphy/ptII/ptolemy/actor/lib/test/SetVariable.tcl (RunTclFile)" time="0.019" />
  <testcase classname="ptolemy.util.test.junit.TclTests" name="[30] /home/travis/build/icyphy/ptII/ptolemy/actor/lib/test/Sinewave.tcl (RunTclFile)" time="0.07" />
  <testcase classname="ptolemy.util.test.junit.TclTests" name="[31] /home/travis/build/icyphy/ptII/ptolemy/actor/lib/test/SubscriptionAggregator.tcl (RunTclFile)" time="2.337" />
  <testcase classname="ptolemy.util.test.junit.TclTests" name="[32] /home/travis/build/icyphy/ptII/ptolemy/actor/lib/test/Test.tcl (RunTclFile)" time="0.127" />
  <testcase classname="ptolemy.util.test.junit.TclTests" name="[33] /home/travis/build/icyphy/ptII/ptolemy/actor/lib/test/TestExceptionHandler.tcl (RunTclFile)" time="0.015" />
  <testcase classname="ptolemy.util.test.junit.TclTests" name="[34] /home/travis/build/icyphy/ptII/ptolemy/actor/lib/test/UnionDisassembler.tcl (RunTclFile)" time="0.077" />
  <testcase classname="ptolemy.util.test.junit.TclTests" name="[35] /home/travis/build/icyphy/ptII/ptolemy/actor/lib/test/VariableClock.tcl (RunTclFile)" time="0.03" />
  <testcase classname="ptolemy.util.test.junit.AutoKnownFailedTests" name="[0] /home/travis/build/icyphy/ptII/ptolemy/actor/lib/test/auto/knownFailedTests/PublisherPortToplevelSubscriber.xml (RunModel)" time="0.019" />
  <testcase classname="ptolemy.util.test.junit.AutoKnownFailedTests" name="[1] /home/travis/build/icyphy/ptII/ptolemy/actor/lib/test/auto/knownFailedTests/PublisherSubscriberPortToplevel.xml (RunModel)" time="0.05" />
  <testcase classname="ptolemy.util.test.junit.AutoKnownFailedTests" name="[2] /home/travis/build/icyphy/ptII/ptolemy/actor/lib/test/auto/knownFailedTests/PublisherSubscriptionAggregatorPort.xml (RunModel)" time="0.035" />
  <testcase classname="ptolemy.util.test.junit.AutoKnownFailedTests" name="[3] /home/travis/build/icyphy/ptII/ptolemy/actor/lib/test/auto/knownFailedTests/sizedarray3.xml (RunModel)" time="0.025" />
  <testcase classname="ptolemy.util.test.junit.AutoNameArchTests" name="[0] ThereAreNoAutoArchTests (RunModel)" time="0.001" />
  <testcase classname="ptolemy.util.test.junit.AutoTests" name="[0] /home/travis/build/icyphy/ptII/ptolemy/actor/lib/test/auto/AbsoluteValue.xml (RunModel)" time="0.088" />
  <testcase classname="ptolemy.util.test.junit.AutoTests" name="[1] /home/travis/build/icyphy/ptII/ptolemy/actor/lib/test/auto/AbsoluteValue2.xml (RunModel)" time="0.067" />
  <testcase classname="ptolemy.util.test.junit.AutoTests" name="[2] /home/travis/build/icyphy/ptII/ptolemy/actor/lib/test/auto/Accumulator.xml (RunModel)" time="0.089" />
  <testcase classname="ptolemy.util.test.junit.AutoTests" name="[3] /home/travis/build/icyphy/ptII/ptolemy/actor/lib/test/auto/Accumulator2.xml (RunModel)" time="0.059" />
  <testcase classname="ptolemy.util.test.junit.AutoTests" name="[4] /home/travis/build/icyphy/ptII/ptolemy/actor/lib/test/auto/Accumulator3.xml (RunModel)" time="0.048" />
  <testcase classname="ptolemy.util.test.junit.AutoTests" name="[5] /home/travis/build/icyphy/ptII/ptolemy/actor/lib/test/auto/ArrayAppend.xml (RunModel)" time="0.033" />
  <testcase classname="ptolemy.util.test.junit.AutoTests" name="[6] /home/travis/build/icyphy/ptII/ptolemy/actor/lib/test/auto/ArrayAppend2.xml (RunModel)" time="0.751" />
  <testcase classname="ptolemy.util.test.junit.AutoTests" name="[7] /home/travis/build/icyphy/ptII/ptolemy/actor/lib/test/auto/ArrayAppend3.xml (RunModel)" time="0.038" />
  <testcase classname="ptolemy.util.test.junit.AutoTests" name="[8] /home/travis/build/icyphy/ptII/ptolemy/actor/lib/test/auto/ArrayAppend4.xml (RunModel)" time="0.023" />
  <testcase classname="ptolemy.util.test.junit.AutoTests" name="[9] /home/travis/build/icyphy/ptII/ptolemy/actor/lib/test/auto/ArrayAppend5.xml (RunModel)" time="0.023" />
  <testcase classname="ptolemy.util.test.junit.AutoTests" name="[10] /home/travis/build/icyphy/ptII/ptolemy/actor/lib/test/auto/ArrayAppend6.xml (RunModel)" time="0.018" />
  <testcase classname="ptolemy.util.test.junit.AutoTests" name="[11] /home/travis/build/icyphy/ptII/ptolemy/actor/lib/test/auto/ArrayAppendPerformanceTest.xml (RunModel)" time="0.06" />
  <testcase classname="ptolemy.util.test.junit.AutoTests" name="[12] /home/travis/build/icyphy/ptII/ptolemy/actor/lib/test/auto/ArrayAppendWithEmptyInput.xml (RunModel)" time="0.058" />
  <testcase classname="ptolemy.util.test.junit.AutoTests" name="[13] /home/travis/build/icyphy/ptII/ptolemy/actor/lib/test/auto/ArrayAverage.xml (RunModel)" time="0.074" />
  <testcase classname="ptolemy.util.test.junit.AutoTests" name="[14] /home/travis/build/icyphy/ptII/ptolemy/actor/lib/test/auto/ArrayContains.xml (RunModel)" time="0.037" />
  <testcase classname="ptolemy.util.test.junit.AutoTests" name="[15] /home/travis/build/icyphy/ptII/ptolemy/actor/lib/test/auto/ArrayElement.xml (RunModel)" time="0.05" />
  <testcase classname="ptolemy.util.test.junit.AutoTests" name="[16] /home/travis/build/icyphy/ptII/ptolemy/actor/lib/test/auto/ArrayElementAsMatrix.xml (RunModel)" time="0.058" />
  <testcase classname="ptolemy.util.test.junit.AutoTests" name="[17] /home/travis/build/icyphy/ptII/ptolemy/actor/lib/test/auto/ArrayElementI.xml (RunModel)" time="0.017" />
  <testcase classname="ptolemy.util.test.junit.AutoTests" name="[18] /home/travis/build/icyphy/ptII/ptolemy/actor/lib/test/auto/ArrayExtract.xml (RunModel)" time="0.05" />
  <testcase classname="ptolemy.util.test.junit.AutoTests" name="[19] /home/travis/build/icyphy/ptII/ptolemy/actor/lib/test/auto/ArrayExtract2.xml (RunModel)" time="0.024" />
  <testcase classname="ptolemy.util.test.junit.AutoTests" name="[20] /home/travis/build/icyphy/ptII/ptolemy/actor/lib/test/auto/ArrayLength.xml (RunModel)" time="0.018" />
  <testcase classname="ptolemy.util.test.junit.AutoTests" name="[21] /home/travis/build/icyphy/ptII/ptolemy/actor/lib/test/auto/ArrayLevelCrossing.xml (RunModel)" time="0.041" />
  <testcase classname="ptolemy.util.test.junit.AutoTests" name="[22] /home/travis/build/icyphy/ptII/ptolemy/actor/lib/test/auto/ArrayLevelCrossing2.xml (RunModel)" time="0.028" />
  <testcase classname="ptolemy.util.test.junit.AutoTests" name="[23] /home/travis/build/icyphy/ptII/ptolemy/actor/lib/test/auto/ArrayPeakSearch.xml (RunModel)" time="0.046" />
  <testcase classname="ptolemy.util.test.junit.AutoTests" name="[24] /home/travis/build/icyphy/ptII/ptolemy/actor/lib/test/auto/ArrayPeakSearch2.xml (RunModel)" time="0.044" />
  <testcase classname="ptolemy.util.test.junit.AutoTests" name="[25] /home/travis/build/icyphy/ptII/ptolemy/actor/lib/test/auto/ArrayPeakSearch3.xml (RunModel)" time="0.039" />
  <testcase classname="ptolemy.util.test.junit.AutoTests" name="[26] /home/travis/build/icyphy/ptII/ptolemy/actor/lib/test/auto/ArrayRemoveElement.xml (RunModel)" time="0.033" />
  <testcase classname="ptolemy.util.test.junit.AutoTests" name="[27] /home/travis/build/icyphy/ptII/ptolemy/actor/lib/test/auto/ArraySort.xml (RunModel)" time="0.041" />
  <testcase classname="ptolemy.util.test.junit.AutoTests" name="[28] /home/travis/build/icyphy/ptII/ptolemy/actor/lib/test/auto/ArraySum.xml (RunModel)" time="0.021" />
  <testcase classname="ptolemy.util.test.junit.AutoTests" name="[29] /home/travis/build/icyphy/ptII/ptolemy/actor/lib/test/auto/ArrayToElements.xml (RunModel)" time="0.032" />
  <testcase classname="ptolemy.util.test.junit.AutoTests" name="[30] /home/travis/build/icyphy/ptII/ptolemy/actor/lib/test/auto/ArrayToMatrix.xml (RunModel)" time="0.064" />
  <testcase classname="ptolemy.util.test.junit.AutoTests" name="[31] /home/travis/build/icyphy/ptII/ptolemy/actor/lib/test/auto/ArrayUpdate1.xml (RunModel)" time="0.028" />
  <testcase classname="ptolemy.util.test.junit.AutoTests" name="[32] /home/travis/build/icyphy/ptII/ptolemy/actor/lib/test/auto/ArrayUpdate2.xml (RunModel)" time="0.025" />
  <testcase classname="ptolemy.util.test.junit.AutoTests" name="[33] /home/travis/build/icyphy/ptII/ptolemy/actor/lib/test/auto/ArrayUpdate3.xml (RunModel)" time="0.018" />
  <testcase classname="ptolemy.util.test.junit.AutoTests" name="[34] /home/travis/build/icyphy/ptII/ptolemy/actor/lib/test/auto/Assert1.xml (RunModel)" time="0.032" />
  <testcase classname="ptolemy.util.test.junit.AutoTests" name="[35] /home/travis/build/icyphy/ptII/ptolemy/actor/lib/test/auto/Assert2.xml (RunModel)" time="0.017" />
  <testcase classname="ptolemy.util.test.junit.AutoTests" name="[36] /home/travis/build/icyphy/ptII/ptolemy/actor/lib/test/auto/BooleanMultiplexor.xml (RunModel)" time="0.016" />
  <testcase classname="ptolemy.util.test.junit.AutoTests" name="[37] /home/travis/build/icyphy/ptII/ptolemy/actor/lib/test/auto/BooleanMultiplexor2.xml (RunModel)" time="0.03" />
  <testcase classname="ptolemy.util.test.junit.AutoTests" name="[38] /home/travis/build/icyphy/ptII/ptolemy/actor/lib/test/auto/BooleanMultiplexor3.xml (RunModel)" time="0.023" />
  <testcase classname="ptolemy.util.test.junit.AutoTests" name="[39] /home/travis/build/icyphy/ptII/ptolemy/actor/lib/test/auto/BooleanSelect.xml (RunModel)" time="0.038" />
  <testcase classname="ptolemy.util.test.junit.AutoTests" name="[40] /home/travis/build/icyphy/ptII/ptolemy/actor/lib/test/auto/BooleanSelect2.xml (RunModel)" time="0.016" />
  <testcase classname="ptolemy.util.test.junit.AutoTests" name="[41] /home/travis/build/icyphy/ptII/ptolemy/actor/lib/test/auto/BooleanSwitch.xml (RunModel)" time="0.023" />
  <testcase classname="ptolemy.util.test.junit.AutoTests" name="[42] /home/travis/build/icyphy/ptII/ptolemy/actor/lib/test/auto/BooleanSwitch2.xml (RunModel)" time="0.018" />
  <testcase classname="ptolemy.util.test.junit.AutoTests" name="[43] /home/travis/build/icyphy/ptII/ptolemy/actor/lib/test/auto/BooleanSwitchCloningBugWithClassRelationGroup.xml (RunModel)" time="0.032" />
  <testcase classname="ptolemy.util.test.junit.AutoTests" name="[44] /home/travis/build/icyphy/ptII/ptolemy/actor/lib/test/auto/BusActors.xml (RunModel)" time="0.043" />
  <testcase classname="ptolemy.util.test.junit.AutoTests" name="[45] /home/travis/build/icyphy/ptII/ptolemy/actor/lib/test/auto/ClassWrapper.xml (RunModel)" time="0.017" />
  <testcase classname="ptolemy.util.test.junit.AutoTests" name="[46] /home/travis/build/icyphy/ptII/ptolemy/actor/lib/test/auto/Clock.xml (RunModel)" time="0.015" />
  <testcase classname="ptolemy.util.test.junit.AutoTests" name="[47] /home/travis/build/icyphy/ptII/ptolemy/actor/lib/test/auto/Clock10.xml (RunModel)" time="0.025" />
  <testcase classname="ptolemy.util.test.junit.AutoTests" name="[48] /home/travis/build/icyphy/ptII/ptolemy/actor/lib/test/auto/Clock11.xml (RunModel)" time="0.024" />
  <testcase classname="ptolemy.util.test.junit.AutoTests" name="[49] /home/travis/build/icyphy/ptII/ptolemy/actor/lib/test/auto/Clock12.xml (RunModel)" time="0.016" />
  <testcase classname="ptolemy.util.test.junit.AutoTests" name="[50] /home/travis/build/icyphy/ptII/ptolemy/actor/lib/test/auto/Clock13.xml (RunModel)" time="0.015" />
  <testcase classname="ptolemy.util.test.junit.AutoTests" name="[51] /home/travis/build/icyphy/ptII/ptolemy/actor/lib/test/auto/Clock14.xml (RunModel)" time="0.016" />
  <testcase classname="ptolemy.util.test.junit.AutoTests" name="[52] /home/travis/build/icyphy/ptII/ptolemy/actor/lib/test/auto/Clock15.xml (RunModel)" time="0.014" />
  <testcase classname="ptolemy.util.test.junit.AutoTests" name="[53] /home/travis/build/icyphy/ptII/ptolemy/actor/lib/test/auto/Clock16.xml (RunModel)" time="0.1" />
  <testcase classname="ptolemy.util.test.junit.AutoTests" name="[54] /home/travis/build/icyphy/ptII/ptolemy/actor/lib/test/auto/Clock17.xml (RunModel)" time="0.05" />
  <testcase classname="ptolemy.util.test.junit.AutoTests" name="[55] /home/travis/build/icyphy/ptII/ptolemy/actor/lib/test/auto/Clock18.xml (RunModel)" time="0.077" />
  <testcase classname="ptolemy.util.test.junit.AutoTests" name="[56] /home/travis/build/icyphy/ptII/ptolemy/actor/lib/test/auto/Clock19.xml (RunModel)" time="0.092" />
  <testcase classname="ptolemy.util.test.junit.AutoTests" name="[57] /home/travis/build/icyphy/ptII/ptolemy/actor/lib/test/auto/Clock2.xml (RunModel)" time="0.015" />
  <testcase classname="ptolemy.util.test.junit.AutoTests" name="[58] /home/travis/build/icyphy/ptII/ptolemy/actor/lib/test/auto/Clock20.xml (RunModel)" time="0.029" />
  <testcase classname="ptolemy.util.test.junit.AutoTests" name="[59] /home/travis/build/icyphy/ptII/ptolemy/actor/lib/test/auto/Clock21.xml (RunModel)" time="0.02" />
  <testcase classname="ptolemy.util.test.junit.AutoTests" name="[60] /home/travis/build/icyphy/ptII/ptolemy/actor/lib/test/auto/Clock22.xml (RunModel)" time="0.017" />
  <testcase classname="ptolemy.util.test.junit.AutoTests" name="[61] /home/travis/build/icyphy/ptII/ptolemy/actor/lib/test/auto/Clock23.xml (RunModel)" time="0.021" />
  <testcase classname="ptolemy.util.test.junit.AutoTests" name="[62] /home/travis/build/icyphy/ptII/ptolemy/actor/lib/test/auto/Clock24.xml (RunModel)" time="0.019" />
  <testcase classname="ptolemy.util.test.junit.AutoTests" name="[63] /home/travis/build/icyphy/ptII/ptolemy/actor/lib/test/auto/Clock4.xml (RunModel)" time="0.018" />
  <testcase classname="ptolemy.util.test.junit.AutoTests" name="[64] /home/travis/build/icyphy/ptII/ptolemy/actor/lib/test/auto/Clock5.xml (RunModel)" time="0.012" />
  <testcase classname="ptolemy.util.test.junit.AutoTests" name="[65] /home/travis/build/icyphy/ptII/ptolemy/actor/lib/test/auto/Clock6.xml (RunModel)" time="0.01" />
  <testcase classname="ptolemy.util.test.junit.AutoTests" name="[66] /home/travis/build/icyphy/ptII/ptolemy/actor/lib/test/auto/Clock7.xml (RunModel)" time="0.011" />
  <testcase classname="ptolemy.util.test.junit.AutoTests" name="[67] /home/travis/build/icyphy/ptII/ptolemy/actor/lib/test/auto/Clock8.xml (RunModel)" time="0.018" />
  <testcase classname="ptolemy.util.test.junit.AutoTests" name="[68] /home/travis/build/icyphy/ptII/ptolemy/actor/lib/test/auto/Clock9.xml (RunModel)" time="0.014" />
  <testcase classname="ptolemy.util.test.junit.AutoTests" name="[69] /home/travis/build/icyphy/ptII/ptolemy/actor/lib/test/auto/CommDistDiscard.xml (RunModel)" time="0.029" />
  <testcase classname="ptolemy.util.test.junit.AutoTests" name="[70] /home/travis/build/icyphy/ptII/ptolemy/actor/lib/test/auto/Commutator.xml (RunModel)" time="0.021" />
  <testcase classname="ptolemy.util.test.junit.AutoTests" name="[71] /home/travis/build/icyphy/ptII/ptolemy/actor/lib/test/auto/Commutator2.xml (RunModel)" time="0.014" />
  <testcase classname="ptolemy.util.test.junit.AutoTests" name="[72] /home/travis/build/icyphy/ptII/ptolemy/actor/lib/test/auto/Commutator3.xml (RunModel)" time="0.013" />
  <testcase classname="ptolemy.util.test.junit.AutoTests" name="[73] /home/travis/build/icyphy/ptII/ptolemy/actor/lib/test/auto/Compare.xml (RunModel)" time="0.023" />
  <testcase classname="ptolemy.util.test.junit.AutoTests" name="[74] /home/travis/build/icyphy/ptII/ptolemy/actor/lib/test/auto/CompareDE.xml (RunModel)" time="0.021" />
  <testcase classname="ptolemy.util.test.junit.AutoTests" name="[75] /home/travis/build/icyphy/ptII/ptolemy/actor/lib/test/auto/ComplexDivide.xml (RunModel)" time="0.011" />
  <testcase classname="ptolemy.util.test.junit.AutoTests" name="[76] /home/travis/build/icyphy/ptII/ptolemy/actor/lib/test/auto/ComputeHistogram.xml (RunModel)" time="0.072" />
  <testcase classname="ptolemy.util.test.junit.AutoTests" name="[77] /home/travis/build/icyphy/ptII/ptolemy/actor/lib/test/auto/ConfigurationSelect.xml (RunModel)" time="0.02" />
  <testcase classname="ptolemy.util.test.junit.AutoTests" name="[78] /home/travis/build/icyphy/ptII/ptolemy/actor/lib/test/auto/ConfigurationSelect2.xml (RunModel)" time="0.014" />
  <testcase classname="ptolemy.util.test.junit.AutoTests" name="[79] /home/travis/build/icyphy/ptII/ptolemy/actor/lib/test/auto/ConfigurationSwitch.xml (RunModel)" time="0.025" />
  <testcase classname="ptolemy.util.test.junit.AutoTests" name="[80] /home/travis/build/icyphy/ptII/ptolemy/actor/lib/test/auto/ConfigurationSwitch2.xml (RunModel)" time="0.016" />
  <testcase classname="ptolemy.util.test.junit.AutoTests" name="[81] /home/travis/build/icyphy/ptII/ptolemy/actor/lib/test/auto/ConfigurationSwitchCloningBugWithClassRelationGroup.xml (RunModel)" time="0.024" />
  <testcase classname="ptolemy.util.test.junit.AutoTests" name="[82] /home/travis/build/icyphy/ptII/ptolemy/actor/lib/test/auto/ConfigurationSwitchSelectSDF.xml (RunModel)" time="0.02" />
  <testcase classname="ptolemy.util.test.junit.AutoTests" name="[83] /home/travis/build/icyphy/ptII/ptolemy/actor/lib/test/auto/ConfigurationSwitchSelectSDF2.xml (RunModel)" time="0.014" />
  <testcase classname="ptolemy.util.test.junit.AutoTests" name="[84] /home/travis/build/icyphy/ptII/ptolemy/actor/lib/test/auto/Const.xml (RunModel)" time="0.008" />
  <testcase classname="ptolemy.util.test.junit.AutoTests" name="[85] /home/travis/build/icyphy/ptII/ptolemy/actor/lib/test/auto/Const2.xml (RunModel)" time="0.013" />
  <testcase classname="ptolemy.util.test.junit.AutoTests" name="[86] /home/travis/build/icyphy/ptII/ptolemy/actor/lib/test/auto/Const3.xml (RunModel)" time="0.007" />
  <testcase classname="ptolemy.util.test.junit.AutoTests" name="[87] /home/travis/build/icyphy/ptII/ptolemy/actor/lib/test/auto/ConstantPublisherPort1.xml (RunModel)" time="0.026" />
  <testcase classname="ptolemy.util.test.junit.AutoTests" name="[88] /home/travis/build/icyphy/ptII/ptolemy/actor/lib/test/auto/ConstantPublisherPort2.xml (RunModel)" time="0.03" />
  <testcase classname="ptolemy.util.test.junit.AutoTests" name="[89] /home/travis/build/icyphy/ptII/ptolemy/actor/lib/test/auto/ConstantPublisherPort3.xml (RunModel)" time="0.026" />
  <testcase classname="ptolemy.util.test.junit.AutoTests" name="[90] /home/travis/build/icyphy/ptII/ptolemy/actor/lib/test/auto/ConstantPublisherPort4.xml (RunModel)" time="0.02" />
  <testcase classname="ptolemy.util.test.junit.AutoTests" name="[91] /home/travis/build/icyphy/ptII/ptolemy/actor/lib/test/auto/ConstantPublisherPort5.xml (RunModel)" time="0.039" />
  <testcase classname="ptolemy.util.test.junit.AutoTests" name="[92] /home/travis/build/icyphy/ptII/ptolemy/actor/lib/test/auto/ConstantPublisherPort6.xml (RunModel)" time="0.031" />
  <testcase classname="ptolemy.util.test.junit.AutoTests" name="[93] /home/travis/build/icyphy/ptII/ptolemy/actor/lib/test/auto/ConstantPublisherPort7.xml (RunModel)" time="0.033" />
  <testcase classname="ptolemy.util.test.junit.AutoTests" name="[94] /home/travis/build/icyphy/ptII/ptolemy/actor/lib/test/auto/ConstraintMonitor1.xml (RunModel)" time="0.045" />
  <testcase classname="ptolemy.util.test.junit.AutoTests" name="[95] /home/travis/build/icyphy/ptII/ptolemy/actor/lib/test/auto/ConstraintMonitor2.xml (RunModel)" time="0.019" />
  <testcase classname="ptolemy.util.test.junit.AutoTests" name="[96] /home/travis/build/icyphy/ptII/ptolemy/actor/lib/test/auto/ConstraintMonitor3.xml (RunModel)" time="0.019" />
  <testcase classname="ptolemy.util.test.junit.AutoTests" name="[97] /home/travis/build/icyphy/ptII/ptolemy/actor/lib/test/auto/ConstraintMonitor4.xml (RunModel)" time="0.013" />
  <testcase classname="ptolemy.util.test.junit.AutoTests" name="[98] /home/travis/build/icyphy/ptII/ptolemy/actor/lib/test/auto/ConstraintMonitor5.xml (RunModel)" time="0.016" />
  <testcase classname="ptolemy.util.test.junit.AutoTests" name="[99] /home/travis/build/icyphy/ptII/ptolemy/actor/lib/test/auto/ConstraintMonitor6.xml (RunModel)" time="0.021" />
  <testcase classname="ptolemy.util.test.junit.AutoTests" name="[100] /home/travis/build/icyphy/ptII/ptolemy/actor/lib/test/auto/ConstraintMonitor7.xml (RunModel)" time="0.02" />
  <testcase classname="ptolemy.util.test.junit.AutoTests" name="[101] /home/travis/build/icyphy/ptII/ptolemy/actor/lib/test/auto/ConstraintMonitor8.xml (RunModel)" time="0.023" />
  <testcase classname="ptolemy.util.test.junit.AutoTests" name="[102] /home/travis/build/icyphy/ptII/ptolemy/actor/lib/test/auto/Counter.xml (RunModel)" time="0.014" />
  <testcase classname="ptolemy.util.test.junit.AutoTests" name="[103] /home/travis/build/icyphy/ptII/ptolemy/actor/lib/test/auto/CurrentTimeSDF.xml (RunModel)" time="0.012" />
  <testcase classname="ptolemy.util.test.junit.AutoTests" name="[104] /home/travis/build/icyphy/ptII/ptolemy/actor/lib/test/auto/DB.xml (RunModel)" time="0.018" />
  <testcase classname="ptolemy.util.test.junit.AutoTests" name="[105] /home/travis/build/icyphy/ptII/ptolemy/actor/lib/test/auto/DBDE.xml (RunModel)" time="0.014" />
  <testcase classname="ptolemy.util.test.junit.AutoTests" name="[106] /home/travis/build/icyphy/ptII/ptolemy/actor/lib/test/auto/DateConstructor.xml (RunModel)" time="0.064" />
  <testcase classname="ptolemy.util.test.junit.AutoTests" name="[107] /home/travis/build/icyphy/ptII/ptolemy/actor/lib/test/auto/DelayTime.xml (RunModel)" time="0.018" />
  <testcase classname="ptolemy.util.test.junit.AutoTests" name="[108] /home/travis/build/icyphy/ptII/ptolemy/actor/lib/test/auto/Dictionary1.xml (RunModel)" time="0.021" />
  <testcase classname="ptolemy.util.test.junit.AutoTests" name="[109] /home/travis/build/icyphy/ptII/ptolemy/actor/lib/test/auto/Dictionary2.xml (RunModel)" time="0.019" />
  <testcase classname="ptolemy.util.test.junit.AutoTests" name="[110] /home/travis/build/icyphy/ptII/ptolemy/actor/lib/test/auto/Dictionary3.xml (RunModel)" time="0.014" />
  <testcase classname="ptolemy.util.test.junit.AutoTests" name="[111] /home/travis/build/icyphy/ptII/ptolemy/actor/lib/test/auto/Dictionary4.xml (RunModel)" time="0.034" />
  <testcase classname="ptolemy.util.test.junit.AutoTests" name="[112] /home/travis/build/icyphy/ptII/ptolemy/actor/lib/test/auto/Differential.xml (RunModel)" time="0.016" />
  <testcase classname="ptolemy.util.test.junit.AutoTests" name="[113] /home/travis/build/icyphy/ptII/ptolemy/actor/lib/test/auto/Director.xml (RunModel)" time="0.011" />
  <testcase classname="ptolemy.util.test.junit.AutoTests" name="[114] /home/travis/build/icyphy/ptII/ptolemy/actor/lib/test/auto/DiscreteClock.xml (RunModel)" time="0.009" />
  <testcase classname="ptolemy.util.test.junit.AutoTests" name="[115] /home/travis/build/icyphy/ptII/ptolemy/actor/lib/test/auto/DiscreteClock10.xml (RunModel)" time="0.014" />
  <testcase classname="ptolemy.util.test.junit.AutoTests" name="[116] /home/travis/build/icyphy/ptII/ptolemy/actor/lib/test/auto/DiscreteClock11.xml (RunModel)" time="0.013" />
  <testcase classname="ptolemy.util.test.junit.AutoTests" name="[117] /home/travis/build/icyphy/ptII/ptolemy/actor/lib/test/auto/DiscreteClock12.xml (RunModel)" time="0.014" />
  <testcase classname="ptolemy.util.test.junit.AutoTests" name="[118] /home/travis/build/icyphy/ptII/ptolemy/actor/lib/test/auto/DiscreteClock13.xml (RunModel)" time="0.018" />
  <testcase classname="ptolemy.util.test.junit.AutoTests" name="[119] /home/travis/build/icyphy/ptII/ptolemy/actor/lib/test/auto/DiscreteClock14.xml (RunModel)" time="0.017" />
  <testcase classname="ptolemy.util.test.junit.AutoTests" name="[120] /home/travis/build/icyphy/ptII/ptolemy/actor/lib/test/auto/DiscreteClock15.xml (RunModel)" time="0.017" />
  <testcase classname="ptolemy.util.test.junit.AutoTests" name="[121] /home/travis/build/icyphy/ptII/ptolemy/actor/lib/test/auto/DiscreteClock16.xml (RunModel)" time="0.042" />
  <testcase classname="ptolemy.util.test.junit.AutoTests" name="[122] /home/travis/build/icyphy/ptII/ptolemy/actor/lib/test/auto/DiscreteClock17.xml (RunModel)" time="0.039" />
  <testcase classname="ptolemy.util.test.junit.AutoTests" name="[123] /home/travis/build/icyphy/ptII/ptolemy/actor/lib/test/auto/DiscreteClock18.xml (RunModel)" time="0.04" />
  <testcase classname="ptolemy.util.test.junit.AutoTests" name="[124] /home/travis/build/icyphy/ptII/ptolemy/actor/lib/test/auto/DiscreteClock19.xml (RunModel)" time="0.053" />
  <testcase classname="ptolemy.util.test.junit.AutoTests" name="[125] /home/travis/build/icyphy/ptII/ptolemy/actor/lib/test/auto/DiscreteClock2.xml (RunModel)" time="0.013" />
  <testcase classname="ptolemy.util.test.junit.AutoTests" name="[126] /home/travis/build/icyphy/ptII/ptolemy/actor/lib/test/auto/DiscreteClock20.xml (RunModel)" time="0.027" />
  <testcase classname="ptolemy.util.test.junit.AutoTests" name="[127] /home/travis/build/icyphy/ptII/ptolemy/actor/lib/test/auto/DiscreteClock21.xml (RunModel)" time="0.021" />
  <testcase classname="ptolemy.util.test.junit.AutoTests" name="[128] /home/travis/build/icyphy/ptII/ptolemy/actor/lib/test/auto/DiscreteClock22.xml (RunModel)" time="0.017" />
  <testcase classname="ptolemy.util.test.junit.AutoTests" name="[129] /home/travis/build/icyphy/ptII/ptolemy/actor/lib/test/auto/DiscreteClock23.xml (RunModel)" time="0.022" />
  <testcase classname="ptolemy.util.test.junit.AutoTests" name="[130] /home/travis/build/icyphy/ptII/ptolemy/actor/lib/test/auto/DiscreteClock24.xml (RunModel)" time="0.018" />
  <testcase classname="ptolemy.util.test.junit.AutoTests" name="[131] /home/travis/build/icyphy/ptII/ptolemy/actor/lib/test/auto/DiscreteClock4.xml (RunModel)" time="0.518" />
  <testcase classname="ptolemy.util.test.junit.AutoTests" name="[132] /home/travis/build/icyphy/ptII/ptolemy/actor/lib/test/auto/DiscreteClock5.xml (RunModel)" time="0.011" />
  <testcase classname="ptolemy.util.test.junit.AutoTests" name="[133] /home/travis/build/icyphy/ptII/ptolemy/actor/lib/test/auto/DiscreteClock6.xml (RunModel)" time="0.01" />
  <testcase classname="ptolemy.util.test.junit.AutoTests" name="[134] /home/travis/build/icyphy/ptII/ptolemy/actor/lib/test/auto/DiscreteClock7.xml (RunModel)" time="0.012" />
  <testcase classname="ptolemy.util.test.junit.AutoTests" name="[135] /home/travis/build/icyphy/ptII/ptolemy/actor/lib/test/auto/DiscreteClock8.xml (RunModel)" time="0.018" />
  <testcase classname="ptolemy.util.test.junit.AutoTests" name="[136] /home/travis/build/icyphy/ptII/ptolemy/actor/lib/test/auto/DiscreteClock9.xml (RunModel)" time="0.016" />
  <testcase classname="ptolemy.util.test.junit.AutoTests" name="[137] /home/travis/build/icyphy/ptII/ptolemy/actor/lib/test/auto/DisplayArray.xml (RunModel)" time="0.026" />
  <testcase classname="ptolemy.util.test.junit.AutoTests" name="[138] /home/travis/build/icyphy/ptII/ptolemy/actor/lib/test/auto/Distributor.xml (RunModel)" time="0.011" />
  <testcase classname="ptolemy.util.test.junit.AutoTests" name="[139] /home/travis/build/icyphy/ptII/ptolemy/actor/lib/test/auto/Distributor2.xml (RunModel)" time="0.012" />
  <testcase classname="ptolemy.util.test.junit.AutoTests" name="[140] /home/travis/build/icyphy/ptII/ptolemy/actor/lib/test/auto/DownSample.xml (RunModel)" time="0.012" />
  <testcase classname="ptolemy.util.test.junit.AutoTests" name="[141] /home/travis/build/icyphy/ptII/ptolemy/actor/lib/test/auto/ElectronicUnitBase1.xml (RunModel)" time="0.082" />
  <testcase classname="ptolemy.util.test.junit.AutoTests" name="[142] /home/travis/build/icyphy/ptII/ptolemy/actor/lib/test/auto/ElementsToArray.xml (RunModel)" time="0.014" />
  <testcase classname="ptolemy.util.test.junit.AutoTests" name="[143] /home/travis/build/icyphy/ptII/ptolemy/actor/lib/test/auto/Equals.xml (RunModel)" time="0.018" />
  <testcase classname="ptolemy.util.test.junit.AutoTests" name="[144] /home/travis/build/icyphy/ptII/ptolemy/actor/lib/test/auto/Exec.xml (RunModel)" time="0.026" />
  <testcase classname="ptolemy.util.test.junit.AutoTests" name="[145] /home/travis/build/icyphy/ptII/ptolemy/actor/lib/test/auto/ExecEnvironment.xml (RunModel)" time="0.032" />
  <testcase classname="ptolemy.util.test.junit.AutoTests" name="[146] /home/travis/build/icyphy/ptII/ptolemy/actor/lib/test/auto/ExecNonZeroReturnOutput.xml (RunModel)" time="0.165" />
  <testcase classname="ptolemy.util.test.junit.AutoTests" name="[147] /home/travis/build/icyphy/ptII/ptolemy/actor/lib/test/auto/ExecRunDemos.xml (RunModel)" time="9.563" />
  <testcase classname="ptolemy.util.test.junit.AutoTests" name="[148] /home/travis/build/icyphy/ptII/ptolemy/actor/lib/test/auto/ExecStop.xml (RunModel)" time="5.037" />
  <testcase classname="ptolemy.util.test.junit.AutoTests" name="[149] /home/travis/build/icyphy/ptII/ptolemy/actor/lib/test/auto/ExecutionTimeSDF.xml (RunModel)" time="6.036" />
  <testcase classname="ptolemy.util.test.junit.AutoTests" name="[150] /home/travis/build/icyphy/ptII/ptolemy/actor/lib/test/auto/Expression1.xml (RunModel)" time="0.011" />
  <testcase classname="ptolemy.util.test.junit.AutoTests" name="[151] /home/travis/build/icyphy/ptII/ptolemy/actor/lib/test/auto/Expression10.xml (RunModel)" time="0.018" />
  <testcase classname="ptolemy.util.test.junit.AutoTests" name="[152] /home/travis/build/icyphy/ptII/ptolemy/actor/lib/test/auto/Expression11.xml (RunModel)" time="0.014" />
  <testcase classname="ptolemy.util.test.junit.AutoTests" name="[153] /home/travis/build/icyphy/ptII/ptolemy/actor/lib/test/auto/Expression12.xml (RunModel)" time="0.019" />
  <testcase classname="ptolemy.util.test.junit.AutoTests" name="[154] /home/travis/build/icyphy/ptII/ptolemy/actor/lib/test/auto/Expression13.xml (RunModel)" time="0.016" />
  <testcase classname="ptolemy.util.test.junit.AutoTests" name="[155] /home/travis/build/icyphy/ptII/ptolemy/actor/lib/test/auto/Expression14.xml (RunModel)" time="0.021" />
  <testcase classname="ptolemy.util.test.junit.AutoTests" name="[156] /home/travis/build/icyphy/ptII/ptolemy/actor/lib/test/auto/Expression15.xml (RunModel)" time="0.011" />
  <testcase classname="ptolemy.util.test.junit.AutoTests" name="[157] /home/travis/build/icyphy/ptII/ptolemy/actor/lib/test/auto/Expression16.xml (RunModel)" time="0.016" />
  <testcase classname="ptolemy.util.test.junit.AutoTests" name="[158] /home/travis/build/icyphy/ptII/ptolemy/actor/lib/test/auto/Expression17.xml (RunModel)" time="0.015" />
  <testcase classname="ptolemy.util.test.junit.AutoTests" name="[159] /home/travis/build/icyphy/ptII/ptolemy/actor/lib/test/auto/Expression18.xml (RunModel)" time="0.015" />
  <testcase classname="ptolemy.util.test.junit.AutoTests" name="[160] /home/travis/build/icyphy/ptII/ptolemy/actor/lib/test/auto/Expression2.xml (RunModel)" time="0.014" />
  <testcase classname="ptolemy.util.test.junit.AutoTests" name="[161] /home/travis/build/icyphy/ptII/ptolemy/actor/lib/test/auto/Expression3.xml (RunModel)" time="0.013" />
  <testcase classname="ptolemy.util.test.junit.AutoTests" name="[162] /home/travis/build/icyphy/ptII/ptolemy/actor/lib/test/auto/Expression4.xml (RunModel)" time="0.021" />
  <testcase classname="ptolemy.util.test.junit.AutoTests" name="[163] /home/travis/build/icyphy/ptII/ptolemy/actor/lib/test/auto/Expression5.xml (RunModel)" time="0.013" />
  <testcase classname="ptolemy.util.test.junit.AutoTests" name="[164] /home/travis/build/icyphy/ptII/ptolemy/actor/lib/test/auto/Expression6.xml (RunModel)" time="0.016" />
  <testcase classname="ptolemy.util.test.junit.AutoTests" name="[165] /home/travis/build/icyphy/ptII/ptolemy/actor/lib/test/auto/Expression7.xml (RunModel)" time="0.014" />
  <testcase classname="ptolemy.util.test.junit.AutoTests" name="[166] /home/travis/build/icyphy/ptII/ptolemy/actor/lib/test/auto/Expression8.xml (RunModel)" time="0.021" />
  <testcase classname="ptolemy.util.test.junit.AutoTests" name="[167] /home/travis/build/icyphy/ptII/ptolemy/actor/lib/test/auto/Expression9.xml (RunModel)" time="0.01" />
  <testcase classname="ptolemy.util.test.junit.AutoTests" name="[168] /home/travis/build/icyphy/ptII/ptolemy/actor/lib/test/auto/ExpressionConcatenateArrayType.xml (RunModel)" time="0.028" />
  <testcase classname="ptolemy.util.test.junit.AutoTests" name="[169] /home/travis/build/icyphy/ptII/ptolemy/actor/lib/test/auto/ExpressionConcatenateArrayType2.xml (RunModel)" time="0.032" />
  <testcase classname="ptolemy.util.test.junit.AutoTests" name="[170] /home/travis/build/icyphy/ptII/ptolemy/actor/lib/test/auto/ExpressionFix.xml (RunModel)" time="0.027" />
  <testcase classname="ptolemy.util.test.junit.AutoTests" name="[171] /home/travis/build/icyphy/ptII/ptolemy/actor/lib/test/auto/ExpressionFix2.xml (RunModel)" time="0.01" />
  <testcase classname="ptolemy.util.test.junit.AutoTests" name="[172] /home/travis/build/icyphy/ptII/ptolemy/actor/lib/test/auto/ExpressionFix3.xml (RunModel)" time="0.012" />
  <testcase classname="ptolemy.util.test.junit.AutoTests" name="[173] /home/travis/build/icyphy/ptII/ptolemy/actor/lib/test/auto/FileWriter1.xml (RunModel)" time="0.012" />
  <testcase classname="ptolemy.util.test.junit.AutoTests" name="[174] /home/travis/build/icyphy/ptII/ptolemy/actor/lib/test/auto/FileWriter2.xml (RunModel)" time="0.011" />
  <testcase classname="ptolemy.util.test.junit.AutoTests" name="[175] /home/travis/build/icyphy/ptII/ptolemy/actor/lib/test/auto/FileWriter3.xml (RunModel)" time="0.013" />
  <testcase classname="ptolemy.util.test.junit.AutoTests" name="[176] /home/travis/build/icyphy/ptII/ptolemy/actor/lib/test/auto/Gaussian.xml (RunModel)" time="0.013" />
  <testcase classname="ptolemy.util.test.junit.AutoTests" name="[177] /home/travis/build/icyphy/ptII/ptolemy/actor/lib/test/auto/Gaussian1.xml (RunModel)" time="0.021" />
  <testcase classname="ptolemy.util.test.junit.AutoTests" name="[178] /home/travis/build/icyphy/ptII/ptolemy/actor/lib/test/auto/Gaussian2.xml (RunModel)" time="0.022" />
  <testcase classname="ptolemy.util.test.junit.AutoTests" name="[179] /home/travis/build/icyphy/ptII/ptolemy/actor/lib/test/auto/GradientAdaptiveLattice.xml (RunModel)" time="0.017" />
  <testcase classname="ptolemy.util.test.junit.AutoTests" name="[180] /home/travis/build/icyphy/ptII/ptolemy/actor/lib/test/auto/IIR.xml (RunModel)" time="0.011" />
  <testcase classname="ptolemy.util.test.junit.AutoTests" name="[181] /home/travis/build/icyphy/ptII/ptolemy/actor/lib/test/auto/InputOutputTransparentPorts.xml (RunModel)" time="0.022" />
  <testcase classname="ptolemy.util.test.junit.AutoTests" name="[182] /home/travis/build/icyphy/ptII/ptolemy/actor/lib/test/auto/Interpolator.xml (RunModel)" time="0.013" />
  <testcase classname="ptolemy.util.test.junit.AutoTests" name="[183] /home/travis/build/icyphy/ptII/ptolemy/actor/lib/test/auto/InterpolatorFiringLimitDE.xml (RunModel)" time="0.016" />
  <testcase classname="ptolemy.util.test.junit.AutoTests" name="[184] /home/travis/build/icyphy/ptII/ptolemy/actor/lib/test/auto/Lattice.xml (RunModel)" time="0.009" />
  <testcase classname="ptolemy.util.test.junit.AutoTests" name="[185] /home/travis/build/icyphy/ptII/ptolemy/actor/lib/test/auto/LazyAOCTestLazy.xml (RunModel)" time="0.051" />
  <testcase classname="ptolemy.util.test.junit.AutoTests" name="[186] /home/travis/build/icyphy/ptII/ptolemy/actor/lib/test/auto/LazyAOCTestNonLazy.xml (RunModel)" time="0.054" />
  <testcase classname="ptolemy.util.test.junit.AutoTests" name="[187] /home/travis/build/icyphy/ptII/ptolemy/actor/lib/test/auto/LazyInnerClass.xml (RunModel)" time="0.052" />
  <testcase classname="ptolemy.util.test.junit.AutoTests" name="[188] /home/travis/build/icyphy/ptII/ptolemy/actor/lib/test/auto/LazyPubSub.xml (RunModel)" time="0.068" />
  <testcase classname="ptolemy.util.test.junit.AutoTests" name="[189] /home/travis/build/icyphy/ptII/ptolemy/actor/lib/test/auto/LazyPubSub2.xml (RunModel)" time="0.043" />
  <testcase classname="ptolemy.util.test.junit.AutoTests" name="[190] /home/travis/build/icyphy/ptII/ptolemy/actor/lib/test/auto/LazyPubSub3.xml (RunModel)" time="0.031" />
  <testcase classname="ptolemy.util.test.junit.AutoTests" name="[191] /home/travis/build/icyphy/ptII/ptolemy/actor/lib/test/auto/LazySubClassModel.xml (RunModel)" time="0.025" />
  <testcase classname="ptolemy.util.test.junit.AutoTests" name="[192] /home/travis/build/icyphy/ptII/ptolemy/actor/lib/test/auto/LevelCrossTest1.xml (RunModel)" time="0.014" />
  <testcase classname="ptolemy.util.test.junit.AutoTests" name="[193] /home/travis/build/icyphy/ptII/ptolemy/actor/lib/test/auto/LevelCrossTest10.xml (RunModel)" time="0.025" />
  <testcase classname="ptolemy.util.test.junit.AutoTests" name="[194] /home/travis/build/icyphy/ptII/ptolemy/actor/lib/test/auto/LevelCrossTest11.xml (RunModel)" time="0.016" />
  <testcase classname="ptolemy.util.test.junit.AutoTests" name="[195] /home/travis/build/icyphy/ptII/ptolemy/actor/lib/test/auto/LevelCrossTest12.xml (RunModel)" time="0.021" />
  <testcase classname="ptolemy.util.test.junit.AutoTests" name="[196] /home/travis/build/icyphy/ptII/ptolemy/actor/lib/test/auto/LevelCrossTest13.xml (RunModel)" time="0.016" />
  <testcase classname="ptolemy.util.test.junit.AutoTests" name="[197] /home/travis/build/icyphy/ptII/ptolemy/actor/lib/test/auto/LevelCrossTest2.xml (RunModel)" time="0.012" />
  <testcase classname="ptolemy.util.test.junit.AutoTests" name="[198] /home/travis/build/icyphy/ptII/ptolemy/actor/lib/test/auto/LevelCrossTest3.xml (RunModel)" time="0.02" />
  <testcase classname="ptolemy.util.test.junit.AutoTests" name="[199] /home/travis/build/icyphy/ptII/ptolemy/actor/lib/test/auto/LevelCrossTest4.xml (RunModel)" time="0.013" />
  <testcase classname="ptolemy.util.test.junit.AutoTests" name="[200] /home/travis/build/icyphy/ptII/ptolemy/actor/lib/test/auto/LevelCrossTest5.xml (RunModel)" time="0.015" />
  <testcase classname="ptolemy.util.test.junit.AutoTests" name="[201] /home/travis/build/icyphy/ptII/ptolemy/actor/lib/test/auto/LevelCrossTest6.xml (RunModel)" time="0.016" />
  <testcase classname="ptolemy.util.test.junit.AutoTests" name="[202] /home/travis/build/icyphy/ptII/ptolemy/actor/lib/test/auto/LevelCrossTest7.xml (RunModel)" time="0.032" />
  <testcase classname="ptolemy.util.test.junit.AutoTests" name="[203] /home/travis/build/icyphy/ptII/ptolemy/actor/lib/test/auto/LevelCrossTest8.xml (RunModel)" time="0.024" />
  <testcase classname="ptolemy.util.test.junit.AutoTests" name="[204] /home/travis/build/icyphy/ptII/ptolemy/actor/lib/test/auto/LevelCrossTest9.xml (RunModel)" time="0.016" />
  <testcase classname="ptolemy.util.test.junit.AutoTests" name="[205] /home/travis/build/icyphy/ptII/ptolemy/actor/lib/test/auto/LevinsonDurbin.xml (RunModel)" time="0.016" />
  <testcase classname="ptolemy.util.test.junit.AutoTests" name="[206] /home/travis/build/icyphy/ptII/ptolemy/actor/lib/test/auto/LevinsonDurbin2.xml (RunModel)" time="0.014" />
  <testcase classname="ptolemy.util.test.junit.AutoTests" name="[207] /home/travis/build/icyphy/ptII/ptolemy/actor/lib/test/auto/LevinsonDurbin3.xml (RunModel)" time="0.013" />
  <testcase classname="ptolemy.util.test.junit.AutoTests" name="[208] /home/travis/build/icyphy/ptII/ptolemy/actor/lib/test/auto/Limiter.xml (RunModel)" time="0.04" />
  <testcase classname="ptolemy.util.test.junit.AutoTests" name="[209] /home/travis/build/icyphy/ptII/ptolemy/actor/lib/test/auto/LinearDifferenceEquationSystem.xml (RunModel)" time="0.025" />
  <testcase classname="ptolemy.util.test.junit.AutoTests" name="[210] /home/travis/build/icyphy/ptII/ptolemy/actor/lib/test/auto/LookupTable.xml (RunModel)" time="0.013" />
  <testcase classname="ptolemy.util.test.junit.AutoTests" name="[211] /home/travis/build/icyphy/ptII/ptolemy/actor/lib/test/auto/MathFunction.xml (RunModel)" time="0.022" />
  <testcase classname="ptolemy.util.test.junit.AutoTests" name="[212] /home/travis/build/icyphy/ptII/ptolemy/actor/lib/test/auto/MathFunction2.xml (RunModel)" time="0.012" />
  <testcase classname="ptolemy.util.test.junit.AutoTests" name="[213] /home/travis/build/icyphy/ptII/ptolemy/actor/lib/test/auto/MathFunction3.xml (RunModel)" time="0.024" />
  <testcase classname="ptolemy.util.test.junit.AutoTests" name="[214] /home/travis/build/icyphy/ptII/ptolemy/actor/lib/test/auto/MatrixCropBoolean.xml (RunModel)" time="0.017" />
  <testcase classname="ptolemy.util.test.junit.AutoTests" name="[215] /home/travis/build/icyphy/ptII/ptolemy/actor/lib/test/auto/MatrixCropComplex.xml (RunModel)" time="0.011" />
  <testcase classname="ptolemy.util.test.junit.AutoTests" name="[216] /home/travis/build/icyphy/ptII/ptolemy/actor/lib/test/auto/MatrixCropDouble.xml (RunModel)" time="0.015" />
  <testcase classname="ptolemy.util.test.junit.AutoTests" name="[217] /home/travis/build/icyphy/ptII/ptolemy/actor/lib/test/auto/MatrixCropFix.xml (RunModel)" time="0.014" />
  <testcase classname="ptolemy.util.test.junit.AutoTests" name="[218] /home/travis/build/icyphy/ptII/ptolemy/actor/lib/test/auto/MatrixCropInt.xml (RunModel)" time="0.01" />
  <testcase classname="ptolemy.util.test.junit.AutoTests" name="[219] /home/travis/build/icyphy/ptII/ptolemy/actor/lib/test/auto/MatrixCropLong.xml (RunModel)" time="0.011" />
  <testcase classname="ptolemy.util.test.junit.AutoTests" name="[220] /home/travis/build/icyphy/ptII/ptolemy/actor/lib/test/auto/MatrixToArray.xml (RunModel)" time="0.061" />
  <testcase classname="ptolemy.util.test.junit.AutoTests" name="[221] /home/travis/build/icyphy/ptII/ptolemy/actor/lib/test/auto/MaxIndex.xml (RunModel)" time="0.014" />
  <testcase classname="ptolemy.util.test.junit.AutoTests" name="[222] /home/travis/build/icyphy/ptII/ptolemy/actor/lib/test/auto/Maximum.xml (RunModel)" time="0.02" />
  <testcase classname="ptolemy.util.test.junit.AutoTests" name="[223] /home/travis/build/icyphy/ptII/ptolemy/actor/lib/test/auto/MaximumComplex.xml (RunModel)" time="0.019" />
  <testcase classname="ptolemy.util.test.junit.AutoTests" name="[224] /home/travis/build/icyphy/ptII/ptolemy/actor/lib/test/auto/MethodCallTest.xml (RunModel)" time="0.026" />
  <testcase classname="ptolemy.util.test.junit.AutoTests" name="[225] /home/travis/build/icyphy/ptII/ptolemy/actor/lib/test/auto/Minimum.xml (RunModel)" time="0.021" />
  <testcase classname="ptolemy.util.test.junit.AutoTests" name="[226] /home/travis/build/icyphy/ptII/ptolemy/actor/lib/test/auto/MinimumComplex.xml (RunModel)" time="0.021" />
  <testcase classname="ptolemy.util.test.junit.AutoTests" name="[227] /home/travis/build/icyphy/ptII/ptolemy/actor/lib/test/auto/MinimumMultiports.xml (RunModel)" time="0.023" />
  <testcase classname="ptolemy.util.test.junit.AutoTests" name="[228] /home/travis/build/icyphy/ptII/ptolemy/actor/lib/test/auto/ModifyDate.xml (RunModel)" time="0.046" />
  <testcase classname="ptolemy.util.test.junit.AutoTests" name="[229] /home/travis/build/icyphy/ptII/ptolemy/actor/lib/test/auto/ModifyDate2.xml (RunModel)" time="0.032" />
  <testcase classname="ptolemy.util.test.junit.AutoTests" name="[230] /home/travis/build/icyphy/ptII/ptolemy/actor/lib/test/auto/MovingAverage.xml (RunModel)" time="0.014" />
  <testcase classname="ptolemy.util.test.junit.AutoTests" name="[231] /home/travis/build/icyphy/ptII/ptolemy/actor/lib/test/auto/MovingMaximum.xml (RunModel)" time="0.012" />
  <testcase classname="ptolemy.util.test.junit.AutoTests" name="[232] /home/travis/build/icyphy/ptII/ptolemy/actor/lib/test/auto/MultipleLinksToSameRelation.xml (RunModel)" time="0.009" />
  <testcase classname="ptolemy.util.test.junit.AutoTests" name="[233] /home/travis/build/icyphy/ptII/ptolemy/actor/lib/test/auto/MultipleLinksToSameRelationDE.xml (RunModel)" time="0.013" />
  <testcase classname="ptolemy.util.test.junit.AutoTests" name="[234] /home/travis/build/icyphy/ptII/ptolemy/actor/lib/test/auto/Multiplexor.xml (RunModel)" time="0.014" />
  <testcase classname="ptolemy.util.test.junit.AutoTests" name="[235] /home/travis/build/icyphy/ptII/ptolemy/actor/lib/test/auto/Multiplexor1.xml (RunModel)" time="0.014" />
  <testcase classname="ptolemy.util.test.junit.AutoTests" name="[236] /home/travis/build/icyphy/ptII/ptolemy/actor/lib/test/auto/Multiplexor2.xml (RunModel)" time="0.015" />
  <testcase classname="ptolemy.util.test.junit.AutoTests" name="[237] /home/travis/build/icyphy/ptII/ptolemy/actor/lib/test/auto/Multiplexor3.xml (RunModel)" time="0.01" />
  <testcase classname="ptolemy.util.test.junit.AutoTests" name="[238] /home/travis/build/icyphy/ptII/ptolemy/actor/lib/test/auto/MultiplexorDE.xml (RunModel)" time="0.02" />
  <testcase classname="ptolemy.util.test.junit.AutoTests" name="[239] /home/travis/build/icyphy/ptII/ptolemy/actor/lib/test/auto/MultiportBroadcastTest.xml (RunModel)" time="0.112" />
  <testcase classname="ptolemy.util.test.junit.AutoTests" name="[240] /home/travis/build/icyphy/ptII/ptolemy/actor/lib/test/auto/MultiportOutHangDuringGetWidth.xml (RunModel)" time="0.039" />
  <testcase classname="ptolemy.util.test.junit.AutoTests" name="[241] /home/travis/build/icyphy/ptII/ptolemy/actor/lib/test/auto/NilToken.xml (RunModel)" time="0.019" />
  <testcase classname="ptolemy.util.test.junit.AutoTests" name="[242] /home/travis/build/icyphy/ptII/ptolemy/actor/lib/test/auto/NilTokenNonStrictTest.xml (RunModel)" time="0.016" />
  <testcase classname="ptolemy.util.test.junit.AutoTests" name="[243] /home/travis/build/icyphy/ptII/ptolemy/actor/lib/test/auto/NilTokenRecord.xml (RunModel)" time="0.025" />
  <testcase classname="ptolemy.util.test.junit.AutoTests" name="[244] /home/travis/build/icyphy/ptII/ptolemy/actor/lib/test/auto/NilTokenTypeTest.xml (RunModel)" time="0.036" />
  <testcase classname="ptolemy.util.test.junit.AutoTests" name="[245] /home/travis/build/icyphy/ptII/ptolemy/actor/lib/test/auto/ObjectToken1.xml (RunModel)" time="0.01" />
  <testcase classname="ptolemy.util.test.junit.AutoTests" name="[246] /home/travis/build/icyphy/ptII/ptolemy/actor/lib/test/auto/OrderedMerge.xml (RunModel)" time="0.024" />
  <testcase classname="ptolemy.util.test.junit.AutoTests" name="[247] /home/travis/build/icyphy/ptII/ptolemy/actor/lib/test/auto/OrderedRecordDisassembler.xml (RunModel)" time="0.02" />
  <testcase classname="ptolemy.util.test.junit.AutoTests" name="[248] /home/travis/build/icyphy/ptII/ptolemy/actor/lib/test/auto/OrderedRecordDisassembler2.xml (RunModel)" time="0.034" />
  <testcase classname="ptolemy.util.test.junit.AutoTests" name="[249] /home/travis/build/icyphy/ptII/ptolemy/actor/lib/test/auto/OrderedRecordUpdater.xml (RunModel)" time="0.015" />
  <testcase classname="ptolemy.util.test.junit.AutoTests" name="[250] /home/travis/build/icyphy/ptII/ptolemy/actor/lib/test/auto/OrderedRecordUpdater2.xml (RunModel)" time="0.028" />
  <testcase classname="ptolemy.util.test.junit.AutoTests" name="[251] /home/travis/build/icyphy/ptII/ptolemy/actor/lib/test/auto/PhaseUnwrap.xml (RunModel)" time="0.026" />
  <testcase classname="ptolemy.util.test.junit.AutoTests" name="[252] /home/travis/build/icyphy/ptII/ptolemy/actor/lib/test/auto/PoissonClock.xml (RunModel)" time="0.013" />
  <testcase classname="ptolemy.util.test.junit.AutoTests" name="[253] /home/travis/build/icyphy/ptII/ptolemy/actor/lib/test/auto/PoissonClock2.xml (RunModel)" time="0.009" />
  <testcase classname="ptolemy.util.test.junit.AutoTests" name="[254] /home/travis/build/icyphy/ptII/ptolemy/actor/lib/test/auto/PoissonClock3.xml (RunModel)" time="0.016" />
  <testcase classname="ptolemy.util.test.junit.AutoTests" name="[255] /home/travis/build/icyphy/ptII/ptolemy/actor/lib/test/auto/PubSubWithInitialTokens.xml (RunModel)" time="0.017" />
  <testcase classname="ptolemy.util.test.junit.AutoTests" name="[256] /home/travis/build/icyphy/ptII/ptolemy/actor/lib/test/auto/PubSubWithInitialTokens2.xml (RunModel)" time="0.015" />
  <testcase classname="ptolemy.util.test.junit.AutoTests" name="[257] /home/travis/build/icyphy/ptII/ptolemy/actor/lib/test/auto/PublisherClassNoParameter.xml (RunModel)" time="0.024" />
  <testcase classname="ptolemy.util.test.junit.AutoTests" name="[258] /home/travis/build/icyphy/ptII/ptolemy/actor/lib/test/auto/PublisherClassParameter.xml (RunModel)" time="0.024" />
  <testcase classname="ptolemy.util.test.junit.AutoTests" name="[259] /home/travis/build/icyphy/ptII/ptolemy/actor/lib/test/auto/PublisherNonStrictTest.xml (RunModel)" time="0.018" />
  <testcase classname="ptolemy.util.test.junit.AutoTests" name="[260] /home/travis/build/icyphy/ptII/ptolemy/actor/lib/test/auto/PublisherPort1.xml (RunModel)" time="0.013" />
  <testcase classname="ptolemy.util.test.junit.AutoTests" name="[261] /home/travis/build/icyphy/ptII/ptolemy/actor/lib/test/auto/PublisherPort2.xml (RunModel)" time="0.011" />
  <testcase classname="ptolemy.util.test.junit.AutoTests" name="[262] /home/travis/build/icyphy/ptII/ptolemy/actor/lib/test/auto/PublisherPort3.xml (RunModel)" time="0.027" />
  <testcase classname="ptolemy.util.test.junit.AutoTests" name="[263] /home/travis/build/icyphy/ptII/ptolemy/actor/lib/test/auto/PublisherPort4.xml (RunModel)" time="0.022" />
  <testcase classname="ptolemy.util.test.junit.AutoTests" name="[264] /home/travis/build/icyphy/ptII/ptolemy/actor/lib/test/auto/PublisherPort5.xml (RunModel)" time="0.015" />
  <testcase classname="ptolemy.util.test.junit.AutoTests" name="[265] /home/travis/build/icyphy/ptII/ptolemy/actor/lib/test/auto/PublisherPort5LookAlike.xml (RunModel)" time="0.019" />
  <testcase classname="ptolemy.util.test.junit.AutoTests" name="[266] /home/travis/build/icyphy/ptII/ptolemy/actor/lib/test/auto/PublisherPort6.xml (RunModel)" time="0.013" />
  <testcase classname="ptolemy.util.test.junit.AutoTests" name="[267] /home/travis/build/icyphy/ptII/ptolemy/actor/lib/test/auto/PublisherPort7.xml (RunModel)" time="0.015" />
  <testcase classname="ptolemy.util.test.junit.AutoTests" name="[268] /home/travis/build/icyphy/ptII/ptolemy/actor/lib/test/auto/PublisherPort8.xml (RunModel)" time="0.016" />
  <testcase classname="ptolemy.util.test.junit.AutoTests" name="[269] /home/travis/build/icyphy/ptII/ptolemy/actor/lib/test/auto/PublisherPortSubscriberChannelVariablesAOC2.xml (RunModel)" time="0.031" />
  <testcase classname="ptolemy.util.test.junit.AutoTests" name="[270] /home/travis/build/icyphy/ptII/ptolemy/actor/lib/test/auto/PublisherPortSubscriberOpaqueWidthInference.xml (RunModel)" time="0.016" />
  <testcase classname="ptolemy.util.test.junit.AutoTests" name="[271] /home/travis/build/icyphy/ptII/ptolemy/actor/lib/test/auto/PublisherPortSubscriberPortAdjacent.xml (RunModel)" time="0.02" />
  <testcase classname="ptolemy.util.test.junit.AutoTests" name="[272] /home/travis/build/icyphy/ptII/ptolemy/actor/lib/test/auto/PublisherPortSubscriberPortExpression.xml (RunModel)" time="0.015" />
  <testcase classname="ptolemy.util.test.junit.AutoTests" name="[273] /home/travis/build/icyphy/ptII/ptolemy/actor/lib/test/auto/PublisherPortSubscriberPortOpaqueD3Reverse.xml (RunModel)" time="0.02" />
  <testcase classname="ptolemy.util.test.junit.AutoTests" name="[274] /home/travis/build/icyphy/ptII/ptolemy/actor/lib/test/auto/PublisherPortSubscriberPortOpaqueWidthInference.xml (RunModel)" time="0.022" />
  <testcase classname="ptolemy.util.test.junit.AutoTests" name="[275] /home/travis/build/icyphy/ptII/ptolemy/actor/lib/test/auto/PublisherPortToplevelSubscriberPortAOC.xml (RunModel)" time="0.011" />
  <testcase classname="ptolemy.util.test.junit.AutoTests" name="[276] /home/travis/build/icyphy/ptII/ptolemy/actor/lib/test/auto/PublisherSubscriber.xml (RunModel)" time="0.013" />
  <testcase classname="ptolemy.util.test.junit.AutoTests" name="[277] /home/travis/build/icyphy/ptII/ptolemy/actor/lib/test/auto/PublisherSubscriber10.xml (RunModel)" time="0.022" />
  <testcase classname="ptolemy.util.test.junit.AutoTests" name="[278] /home/travis/build/icyphy/ptII/ptolemy/actor/lib/test/auto/PublisherSubscriber10InitialOutputs.xml (RunModel)" time="0.031" />
  <testcase classname="ptolemy.util.test.junit.AutoTests" name="[279] /home/travis/build/icyphy/ptII/ptolemy/actor/lib/test/auto/PublisherSubscriber11.xml (RunModel)" time="0.019" />
  <testcase classname="ptolemy.util.test.junit.AutoTests" name="[280] /home/travis/build/icyphy/ptII/ptolemy/actor/lib/test/auto/PublisherSubscriber12.xml (RunModel)" time="0.017" />
  <testcase classname="ptolemy.util.test.junit.AutoTests" name="[281] /home/travis/build/icyphy/ptII/ptolemy/actor/lib/test/auto/PublisherSubscriber13.xml (RunModel)" time="0.011" />
  <testcase classname="ptolemy.util.test.junit.AutoTests" name="[282] /home/travis/build/icyphy/ptII/ptolemy/actor/lib/test/auto/PublisherSubscriber14.xml (RunModel)" time="0.03" />
  <testcase classname="ptolemy.util.test.junit.AutoTests" name="[283] /home/travis/build/icyphy/ptII/ptolemy/actor/lib/test/auto/PublisherSubscriber2.xml (RunModel)" time="0.012" />
  <testcase classname="ptolemy.util.test.junit.AutoTests" name="[284] /home/travis/build/icyphy/ptII/ptolemy/actor/lib/test/auto/PublisherSubscriber3.xml (RunModel)" time="0.011" />
  <testcase classname="ptolemy.util.test.junit.AutoTests" name="[285] /home/travis/build/icyphy/ptII/ptolemy/actor/lib/test/auto/PublisherSubscriber4.xml (RunModel)" time="0.009" />
  <testcase classname="ptolemy.util.test.junit.AutoTests" name="[286] /home/travis/build/icyphy/ptII/ptolemy/actor/lib/test/auto/PublisherSubscriber5.xml (RunModel)" time="0.014" />
  <testcase classname="ptolemy.util.test.junit.AutoTests" name="[287] /home/travis/build/icyphy/ptII/ptolemy/actor/lib/test/auto/PublisherSubscriber6.xml (RunModel)" time="0.013" />
  <testcase classname="ptolemy.util.test.junit.AutoTests" name="[288] /home/travis/build/icyphy/ptII/ptolemy/actor/lib/test/auto/PublisherSubscriber7.xml (RunModel)" time="0.015" />
  <testcase classname="ptolemy.util.test.junit.AutoTests" name="[289] /home/travis/build/icyphy/ptII/ptolemy/actor/lib/test/auto/PublisherSubscriber8.xml (RunModel)" time="0.073" />
  <testcase classname="ptolemy.util.test.junit.AutoTests" name="[290] /home/travis/build/icyphy/ptII/ptolemy/actor/lib/test/auto/PublisherSubscriber9.xml (RunModel)" time="0.02" />
  <testcase classname="ptolemy.util.test.junit.AutoTests" name="[291] /home/travis/build/icyphy/ptII/ptolemy/actor/lib/test/auto/PublisherSubscriberAdjacent.xml (RunModel)" time="0.018" />
  <testcase classname="ptolemy.util.test.junit.AutoTests" name="[292] /home/travis/build/icyphy/ptII/ptolemy/actor/lib/test/auto/PublisherSubscriberChannelVariablesAOC2.xml (RunModel)" time="0.027" />
  <testcase classname="ptolemy.util.test.junit.AutoTests" name="[293] /home/travis/build/icyphy/ptII/ptolemy/actor/lib/test/auto/PublisherSubscriberD3.xml (RunModel)" time="0.015" />
  <testcase classname="ptolemy.util.test.junit.AutoTests" name="[294] /home/travis/build/icyphy/ptII/ptolemy/actor/lib/test/auto/PublisherSubscriberD3Reverse.xml (RunModel)" time="0.013" />
  <testcase classname="ptolemy.util.test.junit.AutoTests" name="[295] /home/travis/build/icyphy/ptII/ptolemy/actor/lib/test/auto/PublisherSubscriberExpression.xml (RunModel)" time="0.018" />
  <testcase classname="ptolemy.util.test.junit.AutoTests" name="[296] /home/travis/build/icyphy/ptII/ptolemy/actor/lib/test/auto/PublisherSubscriberOpaque.xml (RunModel)" time="0.018" />
  <testcase classname="ptolemy.util.test.junit.AutoTests" name="[297] /home/travis/build/icyphy/ptII/ptolemy/actor/lib/test/auto/PublisherSubscriberOpaqueD3.xml (RunModel)" time="0.025" />
  <testcase classname="ptolemy.util.test.junit.AutoTests" name="[298] /home/travis/build/icyphy/ptII/ptolemy/actor/lib/test/auto/PublisherSubscriberOpaqueD3Reverse.xml (RunModel)" time="0.025" />
  <testcase classname="ptolemy.util.test.junit.AutoTests" name="[299] /home/travis/build/icyphy/ptII/ptolemy/actor/lib/test/auto/PublisherSubscriberOpaqueWidthInference.xml (RunModel)" time="0.016" />
  <testcase classname="ptolemy.util.test.junit.AutoTests" name="[300] /home/travis/build/icyphy/ptII/ptolemy/actor/lib/test/auto/PublisherTestSubscriber.xml (RunModel)" time="0.016" />
  <testcase classname="ptolemy.util.test.junit.AutoTests" name="[301] /home/travis/build/icyphy/ptII/ptolemy/actor/lib/test/auto/PublisherToplevelSubscriberPortAOC.xml (RunModel)" time="0.012" />
  <testcase classname="ptolemy.util.test.junit.AutoTests" name="[302] /home/travis/build/icyphy/ptII/ptolemy/actor/lib/test/auto/PulseFiringLimitDE.xml (RunModel)" time="0.018" />
  <testcase classname="ptolemy.util.test.junit.AutoTests" name="[303] /home/travis/build/icyphy/ptII/ptolemy/actor/lib/test/auto/Ramp1.xml (RunModel)" time="0.009" />
  <testcase classname="ptolemy.util.test.junit.AutoTests" name="[304] /home/travis/build/icyphy/ptII/ptolemy/actor/lib/test/auto/RampFiringLimitDE.xml (RunModel)" time="0.012" />
  <testcase classname="ptolemy.util.test.junit.AutoTests" name="[305] /home/travis/build/icyphy/ptII/ptolemy/actor/lib/test/auto/RampFiringLimitSDF.xml (RunModel)" time="0.012" />
  <testcase classname="ptolemy.util.test.junit.AutoTests" name="[306] /home/travis/build/icyphy/ptII/ptolemy/actor/lib/test/auto/RandomInteger.xml (RunModel)" time="0.009" />
  <testcase classname="ptolemy.util.test.junit.AutoTests" name="[307] /home/travis/build/icyphy/ptII/ptolemy/actor/lib/test/auto/ReadFile1.xml (RunModel)" time="0.01" />
  <testcase classname="ptolemy.util.test.junit.AutoTests" name="[308] /home/travis/build/icyphy/ptII/ptolemy/actor/lib/test/auto/ReadFile2.xml (RunModel)" time="0.008" />
  <testcase classname="ptolemy.util.test.junit.AutoTests" name="[309] /home/travis/build/icyphy/ptII/ptolemy/actor/lib/test/auto/Reader.xml (RunModel)" time="0.011" />
  <testcase classname="ptolemy.util.test.junit.AutoTests" name="[310] /home/travis/build/icyphy/ptII/ptolemy/actor/lib/test/auto/RecordAssemblerDisplayNameTest.xml (RunModel)" time="2.987" />
  <testcase classname="ptolemy.util.test.junit.AutoTests" name="[311] /home/travis/build/icyphy/ptII/ptolemy/actor/lib/test/auto/RecordAssemblerTypeError.xml (RunModel)" time="0.031" />
  <testcase classname="ptolemy.util.test.junit.AutoTests" name="[312] /home/travis/build/icyphy/ptII/ptolemy/actor/lib/test/auto/RecordDisassember.xml (RunModel)" time="0.011" />
  <testcase classname="ptolemy.util.test.junit.AutoTests" name="[313] /home/travis/build/icyphy/ptII/ptolemy/actor/lib/test/auto/RecordDisassemberDisplayNameTest.xml (RunModel)" time="0.018" />
  <testcase classname="ptolemy.util.test.junit.AutoTests" name="[314] /home/travis/build/icyphy/ptII/ptolemy/actor/lib/test/auto/RecordDisassembler.xml (RunModel)" time="0.01" />
  <testcase classname="ptolemy.util.test.junit.AutoTests" name="[315] /home/travis/build/icyphy/ptII/ptolemy/actor/lib/test/auto/RecordDisassembler2.xml (RunModel)" time="0.013" />
  <testcase classname="ptolemy.util.test.junit.AutoTests" name="[316] /home/travis/build/icyphy/ptII/ptolemy/actor/lib/test/auto/RecordUpdater.xml (RunModel)" time="0.01" />
  <testcase classname="ptolemy.util.test.junit.AutoTests" name="[317] /home/travis/build/icyphy/ptII/ptolemy/actor/lib/test/auto/RecordUpdater2.xml (RunModel)" time="0.009" />
  <testcase classname="ptolemy.util.test.junit.AutoTests" name="[318] /home/travis/build/icyphy/ptII/ptolemy/actor/lib/test/auto/RecursiveLattice.xml (RunModel)" time="0.009" />
  <testcase classname="ptolemy.util.test.junit.AutoTests" name="[319] /home/travis/build/icyphy/ptII/ptolemy/actor/lib/test/auto/Router.xml (RunModel)" time="3.027" />
  <testcase classname="ptolemy.util.test.junit.AutoTests" name="[320] /home/travis/build/icyphy/ptII/ptolemy/actor/lib/test/auto/Router2.xml (RunModel)" time="3.032" />
  <testcase classname="ptolemy.util.test.junit.AutoTests" name="[321] /home/travis/build/icyphy/ptII/ptolemy/actor/lib/test/auto/RunningMaximum.xml (RunModel)" time="0.017" />
  <testcase classname="ptolemy.util.test.junit.AutoTests" name="[322] /home/travis/build/icyphy/ptII/ptolemy/actor/lib/test/auto/RunningMinimum.xml (RunModel)" time="0.013" />
  <testcase classname="ptolemy.util.test.junit.AutoTests" name="[323] /home/travis/build/icyphy/ptII/ptolemy/actor/lib/test/auto/Scale.xml (RunModel)" time="0.009" />
  <testcase classname="ptolemy.util.test.junit.AutoTests" name="[324] /home/travis/build/icyphy/ptII/ptolemy/actor/lib/test/auto/Scale2.xml (RunModel)" time="0.01" />
  <testcase classname="ptolemy.util.test.junit.AutoTests" name="[325] /home/travis/build/icyphy/ptII/ptolemy/actor/lib/test/auto/Scale3.xml (RunModel)" time="0.015" />
  <testcase classname="ptolemy.util.test.junit.AutoTests" name="[326] /home/travis/build/icyphy/ptII/ptolemy/actor/lib/test/auto/ScaleArray.xml (RunModel)" time="0.009" />
  <testcase classname="ptolemy.util.test.junit.AutoTests" name="[327] /home/travis/build/icyphy/ptII/ptolemy/actor/lib/test/auto/ScaleArray2.xml (RunModel)" time="0.009" />
  <testcase classname="ptolemy.util.test.junit.AutoTests" name="[328] /home/travis/build/icyphy/ptII/ptolemy/actor/lib/test/auto/ScaleMatrix.xml (RunModel)" time="0.107" />
  <testcase classname="ptolemy.util.test.junit.AutoTests" name="[329] /home/travis/build/icyphy/ptII/ptolemy/actor/lib/test/auto/Select.xml (RunModel)" time="0.016" />
  <testcase classname="ptolemy.util.test.junit.AutoTests" name="[330] /home/travis/build/icyphy/ptII/ptolemy/actor/lib/test/auto/Select2.xml (RunModel)" time="0.01" />
  <testcase classname="ptolemy.util.test.junit.AutoTests" name="[331] /home/travis/build/icyphy/ptII/ptolemy/actor/lib/test/auto/SequenceToArray2.xml (RunModel)" time="0.126" />
  <testcase classname="ptolemy.util.test.junit.AutoTests" name="[332] /home/travis/build/icyphy/ptII/ptolemy/actor/lib/test/auto/SequentialClock.xml (RunModel)" time="0.013" />
  <testcase classname="ptolemy.util.test.junit.AutoTests" name="[333] /home/travis/build/icyphy/ptII/ptolemy/actor/lib/test/auto/SetVariable.xml (RunModel)" time="0.01" />
  <testcase classname="ptolemy.util.test.junit.AutoTests" name="[334] /home/travis/build/icyphy/ptII/ptolemy/actor/lib/test/auto/SetVariable2.xml (RunModel)" time="0.012" />
  <testcase classname="ptolemy.util.test.junit.AutoTests" name="[335] /home/travis/build/icyphy/ptII/ptolemy/actor/lib/test/auto/SetVariable3.xml (RunModel)" time="0.017" />
  <testcase classname="ptolemy.util.test.junit.AutoTests" name="[336] /home/travis/build/icyphy/ptII/ptolemy/actor/lib/test/auto/SetVariable4.xml (RunModel)" time="0.029" />
  <testcase classname="ptolemy.util.test.junit.AutoTests" name="[337] /home/travis/build/icyphy/ptII/ptolemy/actor/lib/test/auto/SetVariable5.xml (RunModel)" time="0.03" />
  <testcase classname="ptolemy.util.test.junit.AutoTests" name="[338] /home/travis/build/icyphy/ptII/ptolemy/actor/lib/test/auto/Sinewave.xml (RunModel)" time="0.025" />
  <testcase classname="ptolemy.util.test.junit.AutoTests" name="[339] /home/travis/build/icyphy/ptII/ptolemy/actor/lib/test/auto/Sinewave2.xml (RunModel)" time="0.015" />
  <testcase classname="ptolemy.util.test.junit.AutoTests" name="[340] /home/travis/build/icyphy/ptII/ptolemy/actor/lib/test/auto/Sinewave3.xml (RunModel)" time="0.022" />
  <testcase classname="ptolemy.util.test.junit.AutoTests" name="[341] /home/travis/build/icyphy/ptII/ptolemy/actor/lib/test/auto/SingleEvent.xml (RunModel)" time="0.007" />
  <testcase classname="ptolemy.util.test.junit.AutoTests" name="[342] /home/travis/build/icyphy/ptII/ptolemy/actor/lib/test/auto/Sleep.xml (RunModel)" time="6.013" />
  <testcase classname="ptolemy.util.test.junit.AutoTests" name="[343] /home/travis/build/icyphy/ptII/ptolemy/actor/lib/test/auto/SleepMultipleFire.xml (RunModel)" time="1.017" />
  <testcase classname="ptolemy.util.test.junit.AutoTests" name="[344] /home/travis/build/icyphy/ptII/ptolemy/actor/lib/test/auto/StopDE.xml (RunModel)" time="0.014" />
  <testcase classname="ptolemy.util.test.junit.AutoTests" name="[345] /home/travis/build/icyphy/ptII/ptolemy/actor/lib/test/auto/StopSDF.xml (RunModel)" time="0.013" />
  <testcase classname="ptolemy.util.test.junit.AutoTests" name="[346] /home/travis/build/icyphy/ptII/ptolemy/actor/lib/test/auto/StringConstant.xml (RunModel)" time="0.019" />
  <testcase classname="ptolemy.util.test.junit.AutoTests" name="[347] /home/travis/build/icyphy/ptII/ptolemy/actor/lib/test/auto/SubscriberPortInitialValues1.xml (RunModel)" time="0.019" />
  <testcase classname="ptolemy.util.test.junit.AutoTests" name="[348] /home/travis/build/icyphy/ptII/ptolemy/actor/lib/test/auto/SubscriberPortInitialValues13.xml (RunModel)" time="0.025" />
  <testcase classname="ptolemy.util.test.junit.AutoTests" name="[349] /home/travis/build/icyphy/ptII/ptolemy/actor/lib/test/auto/SubscriberPortInitialValues14.xml (RunModel)" time="0.016" />
  <testcase classname="ptolemy.util.test.junit.AutoTests" name="[350] /home/travis/build/icyphy/ptII/ptolemy/actor/lib/test/auto/SubscriberPortInitialValues2.xml (RunModel)" time="0.017" />
  <testcase classname="ptolemy.util.test.junit.AutoTests" name="[351] /home/travis/build/icyphy/ptII/ptolemy/actor/lib/test/auto/SubscriberPortInitialValues3.xml (RunModel)" time="0.021" />
  <testcase classname="ptolemy.util.test.junit.AutoTests" name="[352] /home/travis/build/icyphy/ptII/ptolemy/actor/lib/test/auto/SubscriptionAggregator.xml (RunModel)" time="0.013" />
  <testcase classname="ptolemy.util.test.junit.AutoTests" name="[353] /home/travis/build/icyphy/ptII/ptolemy/actor/lib/test/auto/SubscriptionAggregator2.xml (RunModel)" time="0.013" />
  <testcase classname="ptolemy.util.test.junit.AutoTests" name="[354] /home/travis/build/icyphy/ptII/ptolemy/actor/lib/test/auto/SubscriptionAggregator3.xml (RunModel)" time="0.019" />
  <testcase classname="ptolemy.util.test.junit.AutoTests" name="[355] /home/travis/build/icyphy/ptII/ptolemy/actor/lib/test/auto/SubscriptionAggregatorMultiply.xml (RunModel)" time="0.018" />
  <testcase classname="ptolemy.util.test.junit.AutoTests" name="[356] /home/travis/build/icyphy/ptII/ptolemy/actor/lib/test/auto/SubscriptionAggregatorPortMultiply1.xml (RunModel)" time="0.022" />
  <testcase classname="ptolemy.util.test.junit.AutoTests" name="[357] /home/travis/build/icyphy/ptII/ptolemy/actor/lib/test/auto/Switch.xml (RunModel)" time="0.015" />
  <testcase classname="ptolemy.util.test.junit.AutoTests" name="[358] /home/travis/build/icyphy/ptII/ptolemy/actor/lib/test/auto/Switch2.xml (RunModel)" time="0.01" />
  <testcase classname="ptolemy.util.test.junit.AutoTests" name="[359] /home/travis/build/icyphy/ptII/ptolemy/actor/lib/test/auto/SwitchDE.xml (RunModel)" time="0.013" />
  <testcase classname="ptolemy.util.test.junit.AutoTests" name="[360] /home/travis/build/icyphy/ptII/ptolemy/actor/lib/test/auto/SynchronizerDE.xml (RunModel)" time="0.018" />
  <testcase classname="ptolemy.util.test.junit.AutoTests" name="[361] /home/travis/build/icyphy/ptII/ptolemy/actor/lib/test/auto/Test.xml (RunModel)" time="0.01" />
  <testcase classname="ptolemy.util.test.junit.AutoTests" name="[362] /home/travis/build/icyphy/ptII/ptolemy/actor/lib/test/auto/TestExceptionAttribute1.xml (RunModel)" time="0.006" />
  <testcase classname="ptolemy.util.test.junit.AutoTests" name="[363] /home/travis/build/icyphy/ptII/ptolemy/actor/lib/test/auto/TestExceptionAttribute2.xml (RunModel)" time="0.007" />
  <testcase classname="ptolemy.util.test.junit.AutoTests" name="[364] /home/travis/build/icyphy/ptII/ptolemy/actor/lib/test/auto/TestExceptionAttribute3.xml (RunModel)" time="0.006" />
  <testcase classname="ptolemy.util.test.junit.AutoTests" name="[365] /home/travis/build/icyphy/ptII/ptolemy/actor/lib/test/auto/TestExceptionAttribute4.xml (RunModel)" time="0.007" />
  <testcase classname="ptolemy.util.test.junit.AutoTests" name="[366] /home/travis/build/icyphy/ptII/ptolemy/actor/lib/test/auto/TestExceptionHandler1.xml (RunModel)" time="0.006" />
  <testcase classname="ptolemy.util.test.junit.AutoTests" name="[367] /home/travis/build/icyphy/ptII/ptolemy/actor/lib/test/auto/TestExceptionHandler2.xml (RunModel)" time="0.006" />
  <testcase classname="ptolemy.util.test.junit.AutoTests" name="[368] /home/travis/build/icyphy/ptII/ptolemy/actor/lib/test/auto/TestExceptionHandler3.xml (RunModel)" time="0.006" />
  <testcase classname="ptolemy.util.test.junit.AutoTests" name="[369] /home/travis/build/icyphy/ptII/ptolemy/actor/lib/test/auto/TestExceptionHandler4.xml (RunModel)" time="0.007" />
  <testcase classname="ptolemy.util.test.junit.AutoTests" name="[370] /home/travis/build/icyphy/ptII/ptolemy/actor/lib/test/auto/TestRequireCorrectOrder.xml (RunModel)" time="0.01" />
  <testcase classname="ptolemy.util.test.junit.AutoTests" name="[371] /home/travis/build/icyphy/ptII/ptolemy/actor/lib/test/auto/TestSimple.xml (RunModel)" time="0.007" />
  <testcase classname="ptolemy.util.test.junit.AutoTests" name="[372] /home/travis/build/icyphy/ptII/ptolemy/actor/lib/test/auto/ThrowModelError.xml (RunModel)" time="0.011" />
  <testcase classname="ptolemy.util.test.junit.AutoTests" name="[373] /home/travis/build/icyphy/ptII/ptolemy/actor/lib/test/auto/TimeDelayMicrosteps.xml (RunModel)" time="0.015" />
  <testcase classname="ptolemy.util.test.junit.AutoTests" name="[374] /home/travis/build/icyphy/ptII/ptolemy/actor/lib/test/auto/TimeDelayMicrosteps2.xml (RunModel)" time="0.015" />
  <testcase classname="ptolemy.util.test.junit.AutoTests" name="[375] /home/travis/build/icyphy/ptII/ptolemy/actor/lib/test/auto/TimeDelayMicrosteps3.xml (RunModel)" time="0.013" />
  <testcase classname="ptolemy.util.test.junit.AutoTests" name="[376] /home/travis/build/icyphy/ptII/ptolemy/actor/lib/test/auto/TimeDelayVariableMicrosteps.xml (RunModel)" time="0.012" />
  <testcase classname="ptolemy.util.test.junit.AutoTests" name="[377] /home/travis/build/icyphy/ptII/ptolemy/actor/lib/test/auto/TimeGap.xml (RunModel)" time="0.013" />
  <testcase classname="ptolemy.util.test.junit.AutoTests" name="[378] /home/travis/build/icyphy/ptII/ptolemy/actor/lib/test/auto/TimeGap2.xml (RunModel)" time="0.011" />
  <testcase classname="ptolemy.util.test.junit.AutoTests" name="[379] /home/travis/build/icyphy/ptII/ptolemy/actor/lib/test/auto/TimedSinewave.xml (RunModel)" time="0.038" />
  <testcase classname="ptolemy.util.test.junit.AutoTests" name="[380] /home/travis/build/icyphy/ptII/ptolemy/actor/lib/test/auto/TimedSinewavePhase.xml (RunModel)" time="0.05" />
  <testcase classname="ptolemy.util.test.junit.AutoTests" name="[381] /home/travis/build/icyphy/ptII/ptolemy/actor/lib/test/auto/Timer.xml (RunModel)" time="0.023" />
  <testcase classname="ptolemy.util.test.junit.AutoTests" name="[382] /home/travis/build/icyphy/ptII/ptolemy/actor/lib/test/auto/TriangularDistTestModel.xml (RunModel)" time="0.018" />
  <testcase classname="ptolemy.util.test.junit.AutoTests" name="[383] /home/travis/build/icyphy/ptII/ptolemy/actor/lib/test/auto/TrigFunction.xml (RunModel)" time="0.009" />
  <testcase classname="ptolemy.util.test.junit.AutoTests" name="[384] /home/travis/build/icyphy/ptII/ptolemy/actor/lib/test/auto/TrigFunctionDE.xml (RunModel)" time="0.012" />
  <testcase classname="ptolemy.util.test.junit.AutoTests" name="[385] /home/travis/build/icyphy/ptII/ptolemy/actor/lib/test/auto/TrigFunctionInverse.xml (RunModel)" time="0.009" />
  <testcase classname="ptolemy.util.test.junit.AutoTests" name="[386] /home/travis/build/icyphy/ptII/ptolemy/actor/lib/test/auto/TrigFunctionTan.xml (RunModel)" time="0.007" />
  <testcase classname="ptolemy.util.test.junit.AutoTests" name="[387] /home/travis/build/icyphy/ptII/ptolemy/actor/lib/test/auto/TriggeredClock.xml (RunModel)" time="0.009" />
  <testcase classname="ptolemy.util.test.junit.AutoTests" name="[388] /home/travis/build/icyphy/ptII/ptolemy/actor/lib/test/auto/URLDirectoryReader.xml (RunModel)" time="0.089" />
  <testcase classname="ptolemy.util.test.junit.AutoTests" name="[389] /home/travis/build/icyphy/ptII/ptolemy/actor/lib/test/auto/URLDirectoryReader3.xml (RunModel)" time="1.377" />
  <testcase classname="ptolemy.util.test.junit.AutoTests" name="[390] /home/travis/build/icyphy/ptII/ptolemy/actor/lib/test/auto/UnaryMathFunction.xml (RunModel)" time="0.059" />
  <testcase classname="ptolemy.util.test.junit.AutoTests" name="[391] /home/travis/build/icyphy/ptII/ptolemy/actor/lib/test/auto/Uniform.xml (RunModel)" time="0.039" />
  <testcase classname="ptolemy.util.test.junit.AutoTests" name="[392] /home/travis/build/icyphy/ptII/ptolemy/actor/lib/test/auto/UnionDisassemblerTest.xml (RunModel)" time="0.03" />
  <testcase classname="ptolemy.util.test.junit.AutoTests" name="[393] /home/travis/build/icyphy/ptII/ptolemy/actor/lib/test/auto/UtilityFunctions.xml (RunModel)" time="0.03" />
  <testcase classname="ptolemy.util.test.junit.AutoTests" name="[394] /home/travis/build/icyphy/ptII/ptolemy/actor/lib/test/auto/VariableSleep.xml (RunModel)" time="0.533" />
  <testcase classname="ptolemy.util.test.junit.AutoTests" name="[395] /home/travis/build/icyphy/ptII/ptolemy/actor/lib/test/auto/VectorAssemblerDisassemblerCT.xml (RunModel)" time="0.124" />
  <testcase classname="ptolemy.util.test.junit.AutoTests" name="[396] /home/travis/build/icyphy/ptII/ptolemy/actor/lib/test/auto/VectorAssemblerDisassemblerDE.xml (RunModel)" time="0.015" />
  <testcase classname="ptolemy.util.test.junit.AutoTests" name="[397] /home/travis/build/icyphy/ptII/ptolemy/actor/lib/test/auto/VectorAssemblerDisassemblerSDF.xml (RunModel)" time="0.013" />
  <testcase classname="ptolemy.util.test.junit.AutoTests" name="[398] /home/travis/build/icyphy/ptII/ptolemy/actor/lib/test/auto/WallClockTime.xml (RunModel)" time="1.015" />
  <testcase classname="ptolemy.util.test.junit.AutoTests" name="[399] /home/travis/build/icyphy/ptII/ptolemy/actor/lib/test/auto/WidthTestWithSubscriberPublisher.xml (RunModel)" time="0.054" />
  <testcase classname="ptolemy.util.test.junit.AutoTests" name="[400] /home/travis/build/icyphy/ptII/ptolemy/actor/lib/test/auto/WidthTestWithSubscriberPublisher2.xml (RunModel)" time="0.015" />
  <testcase classname="ptolemy.util.test.junit.AutoTests" name="[401] /home/travis/build/icyphy/ptII/ptolemy/actor/lib/test/auto/WidthTestWithSubscriberPublisher3.xml (RunModel)" time="0.011" />
  <testcase classname="ptolemy.util.test.junit.AutoTests" name="[402] /home/travis/build/icyphy/ptII/ptolemy/actor/lib/test/auto/Writer.xml (RunModel)" time="0.01" />
  <testcase classname="ptolemy.util.test.junit.AutoTests" name="[403] /home/travis/build/icyphy/ptII/ptolemy/actor/lib/test/auto/array.xml (RunModel)" time="0.012" />
  <testcase classname="ptolemy.util.test.junit.AutoTests" name="[404] /home/travis/build/icyphy/ptII/ptolemy/actor/lib/test/auto/array2.xml (RunModel)" time="0.01" />
  <testcase classname="ptolemy.util.test.junit.AutoTests" name="[405] /home/travis/build/icyphy/ptII/ptolemy/actor/lib/test/auto/arrayType.xml (RunModel)" time="0.01" />
  <testcase classname="ptolemy.util.test.junit.AutoTests" name="[406] /home/travis/build/icyphy/ptII/ptolemy/actor/lib/test/auto/arrayType10.xml (RunModel)" time="0.009" />
  <testcase classname="ptolemy.util.test.junit.AutoTests" name="[407] /home/travis/build/icyphy/ptII/ptolemy/actor/lib/test/auto/arrayType11.xml (RunModel)" time="0.009" />
  <testcase classname="ptolemy.util.test.junit.AutoTests" name="[408] /home/travis/build/icyphy/ptII/ptolemy/actor/lib/test/auto/arrayType12.xml (RunModel)" time="0.01" />
  <testcase classname="ptolemy.util.test.junit.AutoTests" name="[409] /home/travis/build/icyphy/ptII/ptolemy/actor/lib/test/auto/arrayType13.xml (RunModel)" time="0.011" />
  <testcase classname="ptolemy.util.test.junit.AutoTests" name="[410] /home/travis/build/icyphy/ptII/ptolemy/actor/lib/test/auto/arrayType14.xml (RunModel)" time="0.01" />
  <testcase classname="ptolemy.util.test.junit.AutoTests" name="[411] /home/travis/build/icyphy/ptII/ptolemy/actor/lib/test/auto/arrayType15.xml (RunModel)" time="0.009" />
  <testcase classname="ptolemy.util.test.junit.AutoTests" name="[412] /home/travis/build/icyphy/ptII/ptolemy/actor/lib/test/auto/arrayType16.xml (RunModel)" time="0.01" />
  <testcase classname="ptolemy.util.test.junit.AutoTests" name="[413] /home/travis/build/icyphy/ptII/ptolemy/actor/lib/test/auto/arrayType17.xml (RunModel)" time="0.01" />
  <testcase classname="ptolemy.util.test.junit.AutoTests" name="[414] /home/travis/build/icyphy/ptII/ptolemy/actor/lib/test/auto/arrayType18.xml (RunModel)" time="0.009" />
  <testcase classname="ptolemy.util.test.junit.AutoTests" name="[415] /home/travis/build/icyphy/ptII/ptolemy/actor/lib/test/auto/arrayType19.xml (RunModel)" time="0.009" />
  <testcase classname="ptolemy.util.test.junit.AutoTests" name="[416] /home/travis/build/icyphy/ptII/ptolemy/actor/lib/test/auto/arrayType2.xml (RunModel)" time="0.01" />
  <testcase classname="ptolemy.util.test.junit.AutoTests" name="[417] /home/travis/build/icyphy/ptII/ptolemy/actor/lib/test/auto/arrayType20.xml (RunModel)" time="0.011" />
  <testcase classname="ptolemy.util.test.junit.AutoTests" name="[418] /home/travis/build/icyphy/ptII/ptolemy/actor/lib/test/auto/arrayType21.xml (RunModel)" time="0.008" />
  <testcase classname="ptolemy.util.test.junit.AutoTests" name="[419] /home/travis/build/icyphy/ptII/ptolemy/actor/lib/test/auto/arrayType22.xml (RunModel)" time="0.009" />
  <testcase classname="ptolemy.util.test.junit.AutoTests" name="[420] /home/travis/build/icyphy/ptII/ptolemy/actor/lib/test/auto/arrayType23.xml (RunModel)" time="0.009" />
  <testcase classname="ptolemy.util.test.junit.AutoTests" name="[421] /home/travis/build/icyphy/ptII/ptolemy/actor/lib/test/auto/arrayType24.xml (RunModel)" time="0.009" />
  <testcase classname="ptolemy.util.test.junit.AutoTests" name="[422] /home/travis/build/icyphy/ptII/ptolemy/actor/lib/test/auto/arrayType25.xml (RunModel)" time="0.01" />
  <testcase classname="ptolemy.util.test.junit.AutoTests" name="[423] /home/travis/build/icyphy/ptII/ptolemy/actor/lib/test/auto/arrayType26.xml (RunModel)" time="0.01" />
  <testcase classname="ptolemy.util.test.junit.AutoTests" name="[424] /home/travis/build/icyphy/ptII/ptolemy/actor/lib/test/auto/arrayType27.xml (RunModel)" time="0.009" />
  <testcase classname="ptolemy.util.test.junit.AutoTests" name="[425] /home/travis/build/icyphy/ptII/ptolemy/actor/lib/test/auto/arrayType28.xml (RunModel)" time="0.009" />
  <testcase classname="ptolemy.util.test.junit.AutoTests" name="[426] /home/travis/build/icyphy/ptII/ptolemy/actor/lib/test/auto/arrayType3.xml (RunModel)" time="0.011" />
  <testcase classname="ptolemy.util.test.junit.AutoTests" name="[427] /home/travis/build/icyphy/ptII/ptolemy/actor/lib/test/auto/arrayType4.xml (RunModel)" time="0.013" />
  <testcase classname="ptolemy.util.test.junit.AutoTests" name="[428] /home/travis/build/icyphy/ptII/ptolemy/actor/lib/test/auto/arrayType5.xml (RunModel)" time="0.009" />
  <testcase classname="ptolemy.util.test.junit.AutoTests" name="[429] /home/travis/build/icyphy/ptII/ptolemy/actor/lib/test/auto/arrayType6.xml (RunModel)" time="0.009" />
  <testcase classname="ptolemy.util.test.junit.AutoTests" name="[430] /home/travis/build/icyphy/ptII/ptolemy/actor/lib/test/auto/arrayType7.xml (RunModel)" time="0.009" />
  <testcase classname="ptolemy.util.test.junit.AutoTests" name="[431] /home/travis/build/icyphy/ptII/ptolemy/actor/lib/test/auto/arrayType8.xml (RunModel)" time="0.01" />
  <testcase classname="ptolemy.util.test.junit.AutoTests" name="[432] /home/travis/build/icyphy/ptII/ptolemy/actor/lib/test/auto/arrayType9.xml (RunModel)" time="0.009" />
  <testcase classname="ptolemy.util.test.junit.AutoTests" name="[433] /home/travis/build/icyphy/ptII/ptolemy/actor/lib/test/auto/cast.xml (RunModel)" time="0.009" />
  <testcase classname="ptolemy.util.test.junit.AutoTests" name="[434] /home/travis/build/icyphy/ptII/ptolemy/actor/lib/test/auto/compositeMultiPort.xml (RunModel)" time="0.019" />
  <testcase classname="ptolemy.util.test.junit.AutoTests" name="[435] /home/travis/build/icyphy/ptII/ptolemy/actor/lib/test/auto/expressionCastInference.xml (RunModel)" time="0.008" />
  <testcase classname="ptolemy.util.test.junit.AutoTests" name="[436] /home/travis/build/icyphy/ptII/ptolemy/actor/lib/test/auto/expressionCastInference2.xml (RunModel)" time="0.008" />
  <testcase classname="ptolemy.util.test.junit.AutoTests" name="[437] /home/travis/build/icyphy/ptII/ptolemy/actor/lib/test/auto/expressionInference.xml (RunModel)" time="0.007" />
  <testcase classname="ptolemy.util.test.junit.AutoTests" name="[438] /home/travis/build/icyphy/ptII/ptolemy/actor/lib/test/auto/expression_bug.xml (RunModel)" time="0.008" />
  <testcase classname="ptolemy.util.test.junit.AutoTests" name="[439] /home/travis/build/icyphy/ptII/ptolemy/actor/lib/test/auto/factorial.xml (RunModel)" time="0.045" />
  <testcase classname="ptolemy.util.test.junit.AutoTests" name="[440] /home/travis/build/icyphy/ptII/ptolemy/actor/lib/test/auto/filterTest1.xml (RunModel)" time="0.014" />
  <testcase classname="ptolemy.util.test.junit.AutoTests" name="[441] /home/travis/build/icyphy/ptII/ptolemy/actor/lib/test/auto/funcApplyInConst.xml (RunModel)" time="0.006" />
  <testcase classname="ptolemy.util.test.junit.AutoTests" name="[442] /home/travis/build/icyphy/ptII/ptolemy/actor/lib/test/auto/funcApplyInExpr.xml (RunModel)" time="0.007" />
  <testcase classname="ptolemy.util.test.junit.AutoTests" name="[443] /home/travis/build/icyphy/ptII/ptolemy/actor/lib/test/auto/function.xml (RunModel)" time="0.009" />
  <testcase classname="ptolemy.util.test.junit.AutoTests" name="[444] /home/travis/build/icyphy/ptII/ptolemy/actor/lib/test/auto/function2.xml (RunModel)" time="0.01" />
  <testcase classname="ptolemy.util.test.junit.AutoTests" name="[445] /home/travis/build/icyphy/ptII/ptolemy/actor/lib/test/auto/function3.xml (RunModel)" time="0.008" />
  <testcase classname="ptolemy.util.test.junit.AutoTests" name="[446] /home/travis/build/icyphy/ptII/ptolemy/actor/lib/test/auto/functionClosureTest1.xml (RunModel)" time="0.011" />
  <testcase classname="ptolemy.util.test.junit.AutoTests" name="[447] /home/travis/build/icyphy/ptII/ptolemy/actor/lib/test/auto/functionClosureTest2.xml (RunModel)" time="0.008" />
  <testcase classname="ptolemy.util.test.junit.AutoTests" name="[448] /home/travis/build/icyphy/ptII/ptolemy/actor/lib/test/auto/functionClosureTest3.xml (RunModel)" time="0.01" />
  <testcase classname="ptolemy.util.test.junit.AutoTests" name="[449] /home/travis/build/icyphy/ptII/ptolemy/actor/lib/test/auto/functionClosureTest4.xml (RunModel)" time="0.014" />
  <testcase classname="ptolemy.util.test.junit.AutoTests" name="[450] /home/travis/build/icyphy/ptII/ptolemy/actor/lib/test/auto/functionClosureTest5.xml (RunModel)" time="0.012" />
  <testcase classname="ptolemy.util.test.junit.AutoTests" name="[451] /home/travis/build/icyphy/ptII/ptolemy/actor/lib/test/auto/functionClosureTest6.xml (RunModel)" time="0.008" />
  <testcase classname="ptolemy.util.test.junit.AutoTests" name="[452] /home/travis/build/icyphy/ptII/ptolemy/actor/lib/test/auto/functionsOnArcs.xml (RunModel)" time="0.01" />
  <testcase classname="ptolemy.util.test.junit.AutoTests" name="[453] /home/travis/build/icyphy/ptII/ptolemy/actor/lib/test/auto/functionsOnArcsHOF.xml (RunModel)" time="0.012" />
  <testcase classname="ptolemy.util.test.junit.AutoTests" name="[454] /home/travis/build/icyphy/ptII/ptolemy/actor/lib/test/auto/logic.xml (RunModel)" time="0.019" />
  <testcase classname="ptolemy.util.test.junit.AutoTests" name="[455] /home/travis/build/icyphy/ptII/ptolemy/actor/lib/test/auto/matrixType.xml (RunModel)" time="0.01" />
  <testcase classname="ptolemy.util.test.junit.AutoTests" name="[456] /home/travis/build/icyphy/ptII/ptolemy/actor/lib/test/auto/matrixType10.xml (RunModel)" time="0.01" />
  <testcase classname="ptolemy.util.test.junit.AutoTests" name="[457] /home/travis/build/icyphy/ptII/ptolemy/actor/lib/test/auto/matrixType11.xml (RunModel)" time="0.009" />
  <testcase classname="ptolemy.util.test.junit.AutoTests" name="[458] /home/travis/build/icyphy/ptII/ptolemy/actor/lib/test/auto/matrixType12.xml (RunModel)" time="0.01" />
  <testcase classname="ptolemy.util.test.junit.AutoTests" name="[459] /home/travis/build/icyphy/ptII/ptolemy/actor/lib/test/auto/matrixType13.xml (RunModel)" time="0.009" />
  <testcase classname="ptolemy.util.test.junit.AutoTests" name="[460] /home/travis/build/icyphy/ptII/ptolemy/actor/lib/test/auto/matrixType14.xml (RunModel)" time="0.01" />
  <testcase classname="ptolemy.util.test.junit.AutoTests" name="[461] /home/travis/build/icyphy/ptII/ptolemy/actor/lib/test/auto/matrixType2.xml (RunModel)" time="0.01" />
  <testcase classname="ptolemy.util.test.junit.AutoTests" name="[462] /home/travis/build/icyphy/ptII/ptolemy/actor/lib/test/auto/matrixType3.xml (RunModel)" time="0.009" />
  <testcase classname="ptolemy.util.test.junit.AutoTests" name="[463] /home/travis/build/icyphy/ptII/ptolemy/actor/lib/test/auto/matrixType4.xml (RunModel)" time="0.009" />
  <testcase classname="ptolemy.util.test.junit.AutoTests" name="[464] /home/travis/build/icyphy/ptII/ptolemy/actor/lib/test/auto/matrixType5.xml (RunModel)" time="0.009" />
  <testcase classname="ptolemy.util.test.junit.AutoTests" name="[465] /home/travis/build/icyphy/ptII/ptolemy/actor/lib/test/auto/matrixType6.xml (RunModel)" time="0.009" />
  <testcase classname="ptolemy.util.test.junit.AutoTests" name="[466] /home/travis/build/icyphy/ptII/ptolemy/actor/lib/test/auto/matrixType7.xml (RunModel)" time="0.009" />
  <testcase classname="ptolemy.util.test.junit.AutoTests" name="[467] /home/travis/build/icyphy/ptII/ptolemy/actor/lib/test/auto/matrixType8.xml (RunModel)" time="0.009" />
  <testcase classname="ptolemy.util.test.junit.AutoTests" name="[468] /home/travis/build/icyphy/ptII/ptolemy/actor/lib/test/auto/matrixType9.xml (RunModel)" time="0.008" />
  <testcase classname="ptolemy.util.test.junit.AutoTests" name="[469] /home/travis/build/icyphy/ptII/ptolemy/actor/lib/test/auto/paraFunctest.xml (RunModel)" time="0.008" />
  <testcase classname="ptolemy.util.test.junit.AutoTests" name="[470] /home/travis/build/icyphy/ptII/ptolemy/actor/lib/test/auto/paraFunctest2.xml (RunModel)" time="0.01" />
  <testcase classname="ptolemy.util.test.junit.AutoTests" name="[471] /home/travis/build/icyphy/ptII/ptolemy/actor/lib/test/auto/parameterPassing.xml (RunModel)" time="0.01" />
  <testcase classname="ptolemy.util.test.junit.AutoTests" name="[472] /home/travis/build/icyphy/ptII/ptolemy/actor/lib/test/auto/record.xml (RunModel)" time="0.009" />
  <testcase classname="ptolemy.util.test.junit.AutoTests" name="[473] /home/travis/build/icyphy/ptII/ptolemy/actor/lib/test/auto/sizedarray1.xml (RunModel)" time="0.01" />
  <testcase classname="ptolemy.util.test.junit.AutoTests" name="[474] /home/travis/build/icyphy/ptII/ptolemy/actor/lib/test/auto/sizedarray2.xml (RunModel)" time="0.01" />
  <testcase classname="ptolemy.util.test.junit.AutoTests" name="[475] /home/travis/build/icyphy/ptII/ptolemy/actor/lib/test/auto/twoPublishers.xml (RunModel)" time="0.023" />
  <system-out><![CDATA[/home/travis/build/icyphy/ptII/ptolemy/actor/lib/test/AbsoluteValue.tcl
testDefs.tcl: setting time out to 9000 seconds at Fri Mar 29 03:51:04 UTC 2019
92 ms. Memory: 116224K Free: 109633K (94%)
5 ms. Memory: 116224K Free: 108430K (93%)
9 ms. Memory: 116224K Free: 107813K (93%)
4 ms. Memory: 116224K Free: 106618K (92%)
/home/travis/build/icyphy/ptII/ptolemy/actor/lib/test/AddSubtract.tcl
9 ms. Memory: 116224K Free: 104797K (90%)
6 ms. Memory: 116224K Free: 104187K (90%)
5 ms. Memory: 116224K Free: 102984K (89%)
7 ms. Memory: 116224K Free: 102358K (88%)
6 ms. Memory: 116224K Free: 101749K (88%)
5 ms. Memory: 116224K Free: 101131K (87%)
/home/travis/build/icyphy/ptII/ptolemy/actor/lib/test/Average.tcl
18 ms. Memory: 116224K Free: 99310K (85%)
22 ms. Memory: 116224K Free: 98083K (84%)
/home/travis/build/icyphy/ptII/ptolemy/actor/lib/test/Bernoulli.tcl
4 ms. Memory: 116224K Free: 96285K (83%)
3 ms. Memory: 116224K Free: 95668K (82%)
/home/travis/build/icyphy/ptII/ptolemy/actor/lib/test/Clock.tcl
preinitializing
resolving types
initializing
executing number 1
wrapping up
idle
28 ms. Memory: 116224K Free: 93871K (81%)
Completed execution with 5 iterations
preinitializing
resolving types
initializing
executing number 1
wrapping up
idle
3 ms. Memory: 116224K Free: 92668K (80%)
Completed execution with 5 iterations
preinitializing
resolving types
initializing
executing number 1
wrapping up
idle
4 ms. Memory: 116224K Free: 92058K (79%)
Completed execution with 5 iterations
/home/travis/build/icyphy/ptII/ptolemy/actor/lib/test/Commutator.tcl
9 ms. Memory: 116224K Free: 90261K (78%)
6 ms. Memory: 116224K Free: 89058K (77%)
8 ms. Memory: 116224K Free: 84854K (73%)
/home/travis/build/icyphy/ptII/ptolemy/actor/lib/test/Const.tcl
10 ms. Memory: 116224K Free: 82459K (71%)
3 ms. Memory: 116224K Free: 81865K (70%)
4 ms. Memory: 116224K Free: 81272K (70%)
18 ms. Memory: 146944K Free: 140421K (96%)
2 ms. Memory: 146944K Free: 140022K (95%)
21 ms. Memory: 146944K Free: 138814K (94%)
5 ms. Memory: 146944K Free: 137621K (94%)
3 ms. Memory: 146944K Free: 136429K (93%)
/home/travis/build/icyphy/ptII/ptolemy/actor/lib/test/CurrentTime.tcl
preinitializing
resolving types
initializing
executing number 1
wrapping up
idle
9 ms. Memory: 146944K Free: 134020K (91%)
Completed execution with 11 iterations
/home/travis/build/icyphy/ptII/ptolemy/actor/lib/test/DB.tcl
4 ms. Memory: 146944K Free: 132827K (90%)
6 ms. Memory: 146944K Free: 131635K (90%)
3 ms. Memory: 146944K Free: 131635K (90%)
/home/travis/build/icyphy/ptII/ptolemy/actor/lib/test/DiscreteRandomSource.tcl
preinitializing
resolving types
initializing
executing number 1
wrapping up
idle
4 ms. Memory: 146944K Free: 130443K (89%)
Completed execution with 4 iterations
preinitializing
resolving types
initializing
executing number 1
wrapping up
idle
3 ms. Memory: 146944K Free: 129242K (88%)
Completed execution with 4 iterations
preinitializing
resolving types
initializing
executing number 1
wrapping up
idle
3 ms. Memory: 146944K Free: 129242K (88%)
Completed execution with 4 iterations
preinitializing
resolving types
initializing
executing number 1
wrapping up
idle
3 ms. Memory: 146944K Free: 129242K (88%)
Completed execution with 4 iterations
preinitializing
resolving types
initializing
executing number 1
wrapping up
idle
3 ms. Memory: 146944K Free: 128050K (87%)
Completed execution with 4 iterations
/home/travis/build/icyphy/ptII/ptolemy/actor/lib/test/Distributor.tcl
9 ms. Memory: 146944K Free: 126857K (86%)
3 ms. Memory: 146944K Free: 125665K (86%)
StreamChangeRequest.changeExecuted(): <deleteEntity name="rec2"/> succeeded
StreamChangeRequest.changeExecuted(): <deleteRelation name="r2"/> succeeded
StreamChangeRequest.changeExecuted(): Record firings per iteration succeeded
6 ms. Memory: 146944K Free: 123248K (84%)
/home/travis/build/icyphy/ptII/ptolemy/actor/lib/test/Exit.tcl
Exit.tcl: this will print a message about Manager.exitAfterWrapup, which can be ignored.
3 ms. Memory: 146944K Free: 120249K (82%)
/home/travis/build/icyphy/ptII/ptolemy/actor/lib/test/Expression.tcl
5 ms. Memory: 146944K Free: 116635K (79%)
9 ms. Memory: 146944K Free: 116635K (79%)
3 ms. Memory: 146944K Free: 115443K (79%)
preinitializing
resolving types
initializing
executing number 1
wrapping up
idle
5 ms. Memory: 146944K Free: 114234K (78%)
Completed execution with 6 iterations
3 ms. Memory: 146944K Free: 113026K (77%)
8 ms. Memory: 146944K Free: 113026K (77%)
5 ms. Memory: 146944K Free: 111833K (76%)
13 ms. Memory: 146944K Free: 110640K (75%)
4 ms. Memory: 146944K Free: 109448K (74%)
/home/travis/build/icyphy/ptII/ptolemy/actor/lib/test/Gaussian.tcl
4 ms. Memory: 146944K Free: 107063K (73%)
sleeping 1 seconds: ...............................................................................................................................................................................................................................................................................................................................................................................................................................................................................................................................................................................................................................................................................................................................................................................................................................................................................................................................................................................................................................................................................................................................................................................................................................................................................................................................................................................................................................................................................................................................................................................................................................................................................................................................................................................................................................................................................................................................................................................................................................................................................................................................................................................................................................................................................................................................................................................................................................................................................................................................................................................................................................................................................................................................................................................................................................................................................................................................................................................................................................................................................................................................................................................................................................................................................................................................................................................................................................................................................................................................................................................................................................................................................................................................................................................................................................................................................................................................................................................................................................................................................................................................................................................................................................................................................................................................................................................................................................................................................................................................................................................................................................................................................................................................................................................................................................................................................................................................................................................................................................................................................................................................................................................................................................................................................................................................................................................................................................................................................................................................................................................................................................................................................................................................................................................................................................................................................................................................................................................................................................................................................................................................................................................................................................................................................................................................................................................................................................................................................................................................................................................................................................................................................................................................................................................................................................................................................................................................................................................................................................................................................................................................................................................................................................................................................................................................................................................................................................................................................................................................................................................................................................................................................................................................................................................................................................................................................................................................................................................................................................................................................................................................................................................................................................................................................................................................................................................................................................................................................................................................................................................................................................................................................................................................................................................................................................................................................................................................................................................................................................................................................................................................................................................................................................................................................................................................................................................................................................................................................................................................................................................................................................................................................................................................................................................................................................................................................................................................................................................................................................................................................................................................................................................................................................................................................................................................................................................................................................................................................................................................................................................................................................................................................................................................................................................................................................................................................................................................................................................................................................................................................................................................................................................................................................................................................................................................................................................................................................................................................................................................................................................................................................................................................................................................................................................................................................................................................................................................................................................................................................................................................................................................................................................................................................................................................................................................................................................................................................................................................................................................................................................................................................................................................................................................................................................................................................................................................................................................................................................................................................................................................................................................................................................................................................................................................................................................................................................................................................................................................................................................................................................................................................................................................................................................................................................................................................................................................................................................................................................................................................................................................................................................................................................................................................................................................................................................................................................................................................................................................................................................................................................................................................................................................................................................................................................................................................................................................................................................................................................................................................................................................................................................................................................................................................................................................................................................................................................................................................................................................................................................................................................................................................................................................................................................................................................................................................................................................................................................................................................................................................................................................................................................................................................................................................................................................................................................................................................................................................................................................................................................................................................................................................................................................................................................................................................................................................................................................................................................................................................................................................................................................................................................................................................................................................................................................................................................................................................................................................................................................................................................................................................................................................................................................................................................................................................................................................................................................................................................................................................................................................................................................................................................................................................................................................................................................................................................................................................................................................................................................................................................................................................................................................................................................................................................................................................................................................................................................................................................................................................................................................................................................................................................................................................................................................................................................................................................................................................................................................................................................................................................................................................................................................................................................................................................................................................................................................................................................................................................................................................................................................................................................................................................................................................................................................................................................................................................................................................................................................................................................................................................................................................................................................................................................................................................................................................................................................................................................................................................................................................................................................................................................................................................................................................................................................................................................................................................................................................................................................................................................................................................................................................................................................................................................................................................................................................................................................................................................................................................................................................................................................................................................................................................................................................................................................................................................................................................................................................................................................................................................................................................................................................................................................................................................................................................................................................................................................................................................................................................................................................................................................................................................................................................................................................................................................................................................................................................................................................................................................................................................................................................................................................................................................................................................................................................................................................................................................................................................................................................................................................................................................................................................................................................................................................................................................................................................................................................................................................................................................................................................................................................................................................................................................................................................................................................................................................................................................................................................................................................................................................................................................................................................................................................................................................................................................................................................................................................................................................................................................................................................................................................................................................................................................................................................................................................................................................................................................................................................................................................................................................................................................................................................................................................................................................................................................................................................................................................................................................................................................................................................................................................................................................................................................................................................................................................................................................................................................................................................................................................................................................................................................................................................................................................................................................................................................................................................................................................................................................................................................................................................................................................................................................................................................................................................................................................................................................................................................................................................................................................................................................................................................................................................................................................................................................................................................................................................................................................................................................................................................................................................................................................................................................................................................................................................................................................................................................................................................................................................................................................................................................................................................................................................................................................................................................................................................................................................................................................................................................................................................................................................................................................................................................................................................................................................................................................................................................................................................................................................................................................................................................................................................................................................................................................................................................................................................................................................................................................................................................................................................................................................................................................................................................................................................................................................................................................................................................................................................................................................................................................................................................................................................................................................................................................................................................................................................................................................................................................................................................................................................................................................................................................................................................................................................................................................................................................................................................................................................................................................................................................................................................................................................................................................................................................................................................................................................................................................................................................................................................................................................................................................................................................................................................................................................................................................................................................................................................................................................................................................................................................................................................................................................................................................................................................................................................................................................................................................................................................................................................................................................................................................................................................................................................................................................................................................................................................................................................................................................................................................................................................................................................................................................................................................................................................................................................................................................................................................................................................................................................................................................................................................................................................................................................................................................................................................................................................................................................................................................................................................................................................................................................................................................................................................................................................................................................................................................................................................................................................................................................................................................................................................................................................................................................................................................................................................................................................................................................................................................................................................................................................................................................................................................................................................................................................................................................................................................................................................................................................................................................................................................................................................................................................................................................................................................................................................................................................................................................................................................................................................................................................................................................................................................................................................................................................................................................................................................................................................................................................................................................................................................................................................................................................................................................................................................................................................................................................................................................................................................................................................................................................................................................................................................................................................................................................................................................................................................................................................................................................................................................................................................................................................................................................................................................................................................................................................................................................................................................................................................................................................................................................................................................................................................................................................................................................................................................................................................................................................................................................................................................................................................................................................................................................................................................................................................................................................................................................................................................................................................................................................................................................................................................................................................................................................................................................................................................................................................................................................................................................................................................................................................................................................................................................................................................................................................................................................................................................................................................................................................................................................................................................................................................................................................................................................................................................................................................................................................................................................................................................................................................................................................................................................................................................................................................................................................................................................................................................................................................................................................................................................................................................................................................................................................................................................................................................................................................................................................................................................................................................................................................................................................................................................................................................................................................................................................................................................................................................................................................................................................................................................................................................................................................................................................................................................................................................................................................................................................................................................................................................................................................................................................................................................................................................................................................................................................................................................................................................................................................................................................................................................................................................................................................................................................................................................................................................................................................................................................................................................................................................................................................................................................................................................................................................................................................................................................................................................................................................................................................................................................................................................................................................................................................................................................................................................................................................................................................................................................................................................................................................................................................................................................................................................................................................................................................................................................................................................................................................................................................................................................................................................................................................................................................................................................................................................................................................................................................................................................................................................................................................................................................................................................................................................................................................................................................................................................................................................................................................................................................................................................................................................................................................................................................................................................................................................................................................................................................................................................................................................................................................................................................................................................................................................................................................................................................................................................................................................................................................................................................................................................................................................................................................................................................................................................................................................................................................................................................................................................................................................................................................................................................................................................................................................................................................................................................................................................................................................................................................................................................................................................................................................................................................................................................................................................................................................................................................................................................................................................................................................................................................................................................................................................................................................................................................................................................................................................................................................................................................................................................................................................................................................................................................................................................................................................................................................................................................................................................................................................................................................................................................................................................................................................................................................................................................................................................................................................................................................................................................................................................................................................................................................................................................................................................................................................................................................................................................................................................................................................................................................................................................................................................................................................................................................................................................................................................................................................................................................................................................................................................................................................................................................................................................................................................................................................................................................................................................................................................................................................................................................................................................................................................................................................................................................................................................................................................................................................................................................................................................................................................................................................................................................................................................................................................................................................................................................................................................................................................................................................................................................................................................................................................................................................................................................................................................................................................................................................................................................................................................................................................................................................................................................................................................................................................................................................................................................................................................................................................................................................................................................................................................................................................................................................................................................................................................................................................................................................................................................................................................................................................................................................................................................................................................................................................................................................................................................................................................................................................................................................................................................................................................................................................................................................................................................................................................................................................................................................................................................................................................................................................................................................................................................................................................................................................................................................................................................................................................................................................................................................................................................................................................................................................................................................................................................................................................................................................................................................................................................................................................................................................................................................................................................................................................................................................................................................................................................................................................................................................................................................................................................................................................................................................................................................................................................................................................................................................................................................................................................................................................................................................................................................................................................................................................................................................................................................................................................................................................................................................................................................................................................................................................................................................................................................................................................................................................................................................................................................................................................................................................................................................................................................................................................................................................................................................................................................................................................................................................................................................................................................................................................................................................................................................................................................................................................................................................................................................................................................................................................................................................................................................................................................................................................................................................................................................................................................................................................................................................................................................................................................................................................................................................................................................................................................................................................................................................................................................................................................................................................................................................................................................................................................................................................................................................................................................................................................................................................................................................................................................................................................................................................................................................................................................................................................................................................................................................................................................................................................................................................................................................................................................................................................................................................................................................................................................................................................................................................................................................................................................................................................................................................................................................................................................................................................................................................................................................................................................................................................................................................................................................................................................................................................................................................................................................................................................................................................................................................................................................................................................................................................................................................................................................................................................................................................................................................................................................................................................................................................................................................................................................................................................................................................................................................................................................................................................................................................................................................................................................................................................................................................................................................................................................................................................................................................................................................................................................................................................................................................................................................................................................................................................................................................................................................................................................................................................................................................................................................................................................................................................................................................................................................................................................................................................................................................................................................................................................................................................................................................................................................................................................................................................................................................................................................................................................................................................................................................................................................................................................................................................................................................................................................................................................................................................................................................................................................................................................................................................................................................................................................................................................................................................................................................................................................................................................................................................................................................................................................................................................................................................................................................................................................................................................................................................................................................................................................................................................................................................................................................................................................................................................................................................................................................................................................................................................................................................................................................................................................................................................................................................................................................................................................................................................................................................................................................................................................................................................................................................................................................................................................................................................................................................................................................................................................................................................................................................................................................................................................................................................................................................................................................................................................................................................................................................................................................................................................................................................................................................................................................................................................................................................................................................................................................................................................................................................................................................................................................................................................................................................................................................................................................................................................................................................................................................................................................................................................................................................................................................................................................................................................................................................................................................................................................................................................................................................................................................................................................................................................................................................................................................................................................................................................................................................................................................................................................................................................................................................................................................................................................................................................................................................................................................................................................................................................................................................................................................................................................................................................................................................................................................................................................................................................................................................................................................................................................................................................................................................................................................................................................................................................................................................................................................................................................................................................................................................................................................................................................................................................................................................................................................................................................................................................................................................................................................................................................................................................................................................................................................................................................................................................................................................................................................................................................................................................................................................................................................................................................................................................................................................................................................................................................................................................................................................................................................................................................................................................................................................................................................................................................................................................................................................................................................................................................................................................................................................................................................................................................................................................................................................................................................................................................................................................................................................................................................................................................................................................................................................................................................................................................................................................................................................................................................................................................................................................................................................................................................................................................................................................................................................................................................................................................................................................................................................................................................................................................................................................................................................................................................................................................................................................................................................................................................................................................................................................................................................................................................................................................................................................................................................................................................................................................................................................................................................................................................................................................................................................................................................................................................................................................................................................................................................................................................................................................................................................................................................................................................................................................................................................................................................................................................................................................................................................................................................................................................................................................................................................................................................................................................................................................................................................................................................................................................................................................................................................................................................................................................................................................................................................................................................................................................................................................................................................................................................................................................................................................................................................................................................................................................................................................................................................................................................................................................................................................................................................................................................................................................................................................................................................................................................................................................................................................................................................................................................................................................................................................................................................................................................................................................................................................................................................................................................................................................................................................................................................................................................................................................................................................................................................................................................................................................................................................................................................................................................................................................................................................................................................................................................................................................................................................................................................................................................................................................................................................................................................................................................................................................................................................................................................................................................................................................................................................................................................................................................................................................................................................................................................................................................................................................................................................................................................................................................................................................................................................................................................................................................................................................................................................................................................................................................................................................................................................................................................................................................................................................................................................................................................................................................................................................................................................................................................................................................................................................................................................................................................................................................................................................................................................................................................................................................................................................................................................................................................................................................................................................................................................................................................................................................................................................................................................................................................................................................................................................................................................................................................................................................................................................................................................................................................................................................................................................................................................................................................................................................................................................................................................................................................................................................................................................................................................................................................................................................................................................................................................................2 ms. Memory: 331776K Free: 312082K (94%)
6 ms. Memory: 331776K Free: 311407K (94%)
2 ms. Memory: 331776K Free: 311407K (94%)
2 ms. Memory: 331776K Free: 311407K (94%)
5 ms. Memory: 331776K Free: 311407K (94%)
/home/travis/build/icyphy/ptII/ptolemy/actor/lib/test/IIR.tcl
/home/travis/build/icyphy/ptII/ptolemy/actor/lib/test/Interpolator.tcl
3 ms. Memory: 331776K Free: 306546K (92%)
2 ms. Memory: 331776K Free: 306546K (92%)
2 ms. Memory: 331776K Free: 306546K (92%)
1 ms. Memory: 331776K Free: 306546K (92%)
3 ms. Memory: 331776K Free: 301694K (91%)
2 ms. Memory: 331776K Free: 301694K (91%)
2 ms. Memory: 331776K Free: 301694K (91%)
3 ms. Memory: 331776K Free: 301694K (91%)
3 ms. Memory: 331776K Free: 301694K (91%)
3 ms. Memory: 331776K Free: 296841K (89%)
/home/travis/build/icyphy/ptII/ptolemy/actor/lib/test/MathFunction.tcl
7 ms. Memory: 331776K Free: 296841K (89%)
3 ms. Memory: 331776K Free: 296841K (89%)
3 ms. Memory: 331776K Free: 296841K (89%)
18 ms. Memory: 331776K Free: 291989K (88%)
6 ms. Memory: 331776K Free: 291989K (88%)
15 ms. Memory: 331776K Free: 291989K (88%)
/home/travis/build/icyphy/ptII/ptolemy/actor/lib/test/Maximum.tcl
7 ms. Memory: 331776K Free: 287136K (87%)
8 ms. Memory: 331776K Free: 287136K (87%)
7 ms. Memory: 331776K Free: 287136K (87%)
9 ms. Memory: 331776K Free: 287136K (87%)
/home/travis/build/icyphy/ptII/ptolemy/actor/lib/test/Minimum.tcl
11 ms. Memory: 331776K Free: 287136K (87%)
3 ms. Memory: 331776K Free: 282284K (85%)
6 ms. Memory: 331776K Free: 282284K (85%)
8 ms. Memory: 331776K Free: 282284K (85%)
/home/travis/build/icyphy/ptII/ptolemy/actor/lib/test/MultiplyDivide.tcl
5 ms. Memory: 331776K Free: 282284K (85%)
2 ms. Memory: 331776K Free: 282284K (85%)
3 ms. Memory: 331776K Free: 277431K (84%)
3 ms. Memory: 331776K Free: 277431K (84%)
3 ms. Memory: 331776K Free: 277431K (84%)
/home/travis/build/icyphy/ptII/ptolemy/actor/lib/test/OrderedMerge.tcl
Connections changed on port: inputA
Connections changed on port: inputB
Connections changed on port: output
Connections changed on port: output
Connections changed on port: output
Connections changed on port: input
.top. Preinitializing ...
Invoking preinitialize():  .top.OrderedMerge
Called preinitialize()
Invoking preinitialize():  .top.Ramp
Called preinitialize()
Invoking preinitialize():  .top.Ramp2
Called preinitialize()
Invoking preinitialize():  .top.Test
Called preinitialize()
Connections changed on port: inputA
Connections changed on port: output
Connections changed on port: inputB
Connections changed on port: output
Connections changed on port: output
Connections changed on port: input
.top. Finished preinitialize().
Called initialize().
Invoking initialize():  .top.OrderedMerge
Initializing actor: .top.OrderedMerge
Adding a thread: .top.OrderedMerge
Invoking initialize():  .top.Ramp
Initializing actor: .top.Ramp
Adding a thread: .top.Ramp
Invoking initialize():  .top.Ramp2
Initializing actor: .top.Ramp2
Adding a thread: .top.Ramp2
Invoking initialize():  .top.Test
Initializing actor: .top.Test
Adding a thread: .top.Test
-- Starting thread.
Called initialize()
Called prefire()
Called fire()
-- Starting thread.
Called initialize()
Called prefire()
Called fire()
Called postfire()
Called prefire()
Called fire()
-- Starting thread.
Called initialize()
Called prefire()
Called fire()
Called postfire()
Called prefire()
Called fire()
Called fire().
Checking for deadlock:
There are 3 Blocked actors, 0 Stopped actors, and 4 active threads.
Waiting for actors to stop.
-- Starting thread.
Called initialize()
Called prefire()
Called fire()
Checking for deadlock:
There are 2 Blocked actors, 0 Stopped actors, and 4 active threads.
Waiting for actors to stop.
Called postfire()
Called prefire()
Called fire()
Checking for deadlock:
There are 3 Blocked actors, 0 Stopped actors, and 4 active threads.
Waiting for actors to stop.
Read input token from inputA with value 0.0
Next port to read input from is inputB
Called postfire()
Called prefire()
Called fire()
Checking for deadlock:
There are 2 Blocked actors, 0 Stopped actors, and 4 active threads.
Waiting for actors to stop.
Called postfire()
Called prefire()
Called fire()
Checking for deadlock:
There are 3 Blocked actors, 0 Stopped actors, and 4 active threads.
Waiting for actors to stop.
Read input token from inputB with value 0.0
Checking for deadlock:
There are 2 Blocked actors, 0 Stopped actors, and 4 active threads.
Waiting for actors to stop.
-- Read input: 0.0, which is expected to match: 0.0
Called prefire()
Called fire()
Checking for deadlock:
There are 3 Blocked actors, 0 Stopped actors, and 4 active threads.
Waiting for actors to stop.
Sent output token with value 0.0
Next port to read input from is inputA
Called postfire()
Called prefire()
Called fire()
Checking for deadlock:
There are 2 Blocked actors, 0 Stopped actors, and 4 active threads.
Waiting for actors to stop.
Called postfire()
Called prefire()
Called fire()
Checking for deadlock:
There are 3 Blocked actors, 0 Stopped actors, and 4 active threads.
Waiting for actors to stop.
Read input token from inputA with value 1.0
Checking for deadlock:
There are 2 Blocked actors, 0 Stopped actors, and 4 active threads.
Waiting for actors to stop.
-- Read input: 0.0, which is expected to match: 0.0
Called prefire()
Called fire()
Checking for deadlock:
There are 3 Blocked actors, 0 Stopped actors, and 4 active threads.
Waiting for actors to stop.
Sent output token with value 0.0
Next port to read input from is inputB
Called postfire()
Called prefire()
Called fire()
Checking for deadlock:
There are 2 Blocked actors, 0 Stopped actors, and 4 active threads.
Waiting for actors to stop.
Called postfire()
Called prefire()
Called fire()
Checking for deadlock:
There are 3 Blocked actors, 0 Stopped actors, and 4 active threads.
Waiting for actors to stop.
Read input token from inputB with value 1.5
Checking for deadlock:
There are 2 Blocked actors, 0 Stopped actors, and 4 active threads.
Waiting for actors to stop.
-- Read input: 1.0, which is expected to match: 1.0
Called prefire()
Called fire()
Checking for deadlock:
There are 3 Blocked actors, 0 Stopped actors, and 4 active threads.
Waiting for actors to stop.
Sent output token with value 1.0
Next port to read input from is inputA
Called postfire()
Called prefire()
Called fire()
Checking for deadlock:
There are 2 Blocked actors, 0 Stopped actors, and 4 active threads.
Waiting for actors to stop.
Called postfire()
Called prefire()
Called fire()
Checking for deadlock:
There are 3 Blocked actors, 0 Stopped actors, and 4 active threads.
Waiting for actors to stop.
Read input token from inputA with value 2.0
Checking for deadlock:
There are 2 Blocked actors, 0 Stopped actors, and 4 active threads.
Waiting for actors to stop.
-- Read input: 1.5, which is expected to match: 1.5
Called prefire()
Called fire()
Checking for deadlock:
There are 3 Blocked actors, 0 Stopped actors, and 4 active threads.
Waiting for actors to stop.
Sent output token with value 1.5
Next port to read input from is inputB
Called postfire()
Called prefire()
Called fire()
Checking for deadlock:
There are 2 Blocked actors, 0 Stopped actors, and 4 active threads.
Waiting for actors to stop.
Called postfire()
Called prefire()
Called fire()
Checking for deadlock:
There are 3 Blocked actors, 0 Stopped actors, and 4 active threads.
Waiting for actors to stop.
Read input token from inputB with value 3.0
Checking for deadlock:
There are 2 Blocked actors, 0 Stopped actors, and 4 active threads.
Waiting for actors to stop.
-- Read input: 2.0, which is expected to match: 2.0
Called prefire()
Called fire()
Checking for deadlock:
There are 3 Blocked actors, 0 Stopped actors, and 4 active threads.
Waiting for actors to stop.
Sent output token with value 2.0
Next port to read input from is inputA
Called postfire()
Called prefire()
Called fire()
Checking for deadlock:
There are 2 Blocked actors, 0 Stopped actors, and 4 active threads.
Waiting for actors to stop.
Called postfire()
Called prefire()
Called fire()
Checking for deadlock:
There are 3 Blocked actors, 0 Stopped actors, and 4 active threads.
Waiting for actors to stop.
Read input token from inputA with value 3.0
Checking for deadlock:
There are 2 Blocked actors, 0 Stopped actors, and 4 active threads.
Waiting for actors to stop.
-- Read input: 3.0, which is expected to match: 3.0
Called prefire()
Called fire()
Checking for deadlock:
There are 3 Blocked actors, 0 Stopped actors, and 4 active threads.
Waiting for actors to stop.
Sent output token with value 3.0
Next port to read input from is inputB
Called postfire()
Called prefire()
Called fire()
Checking for deadlock:
There are 2 Blocked actors, 0 Stopped actors, and 4 active threads.
Waiting for actors to stop.
Called postfire()
Called prefire()
Called fire()
Checking for deadlock:
There are 3 Blocked actors, 0 Stopped actors, and 4 active threads.
Waiting for actors to stop.
Read input token from inputB with value 4.5
Checking for deadlock:
There are 2 Blocked actors, 0 Stopped actors, and 4 active threads.
Waiting for actors to stop.
-- Read input: 3.0, which is expected to match: 3.0
Called prefire()
Called fire()
Checking for deadlock:
There are 3 Blocked actors, 0 Stopped actors, and 4 active threads.
Waiting for actors to stop.
Sent output token with value 3.0
Next port to read input from is inputA
Called postfire()
Called prefire()
Called fire()
Checking for deadlock:
There are 2 Blocked actors, 0 Stopped actors, and 4 active threads.
Waiting for actors to stop.
Called postfire()
Called prefire()
Called fire()
Checking for deadlock:
There are 3 Blocked actors, 0 Stopped actors, and 4 active threads.
Waiting for actors to stop.
Read input token from inputA with value 4.0
Checking for deadlock:
There are 2 Blocked actors, 0 Stopped actors, and 4 active threads.
Waiting for actors to stop.
-- Read input: 4.0, which is expected to match: 4.0
Called prefire()
Called fire()
Past the end of training data. Read and discard all inputs.
Checking for deadlock:
There are 3 Blocked actors, 0 Stopped actors, and 4 active threads.
Waiting for actors to stop.
Sent output token with value 4.0
Next port to read input from is inputA
Called postfire()
Called prefire()
Called fire()
Checking for deadlock:
There are 2 Blocked actors, 0 Stopped actors, and 4 active threads.
Waiting for actors to stop.
Called postfire()
Called prefire()
Called fire()
Checking for deadlock:
There are 3 Blocked actors, 0 Stopped actors, and 4 active threads.
Waiting for actors to stop.
Read input token from inputA with value 5.0
Checking for deadlock:
There are 2 Blocked actors, 0 Stopped actors, and 4 active threads.
Waiting for actors to stop.
Called prefire()
Called fire()
Past the end of training data. Read and discard all inputs.
Checking for deadlock:
There are 3 Blocked actors, 0 Stopped actors, and 4 active threads.
Waiting for actors to stop.
Sent output token with value 4.5
Next port to read input from is inputB
Called postfire()
Called prefire()
Called fire()
Checking for deadlock:
There are 2 Blocked actors, 0 Stopped actors, and 4 active threads.
Waiting for actors to stop.
Called postfire()
Called prefire()
Called fire()
Checking for deadlock:
There are 3 Blocked actors, 0 Stopped actors, and 4 active threads.
Waiting for actors to stop.
Read input token from inputB with value 6.0
Checking for deadlock:
There are 2 Blocked actors, 0 Stopped actors, and 4 active threads.
Waiting for actors to stop.
Called prefire()
Called fire()
Past the end of training data. Read and discard all inputs.
Checking for deadlock:
There are 3 Blocked actors, 0 Stopped actors, and 4 active threads.
Waiting for actors to stop.
Sent output token with value 5.0
Next port to read input from is inputA
Called postfire()
Called prefire()
Called fire()
Checking for deadlock:
There are 2 Blocked actors, 0 Stopped actors, and 4 active threads.
Waiting for actors to stop.
Called postfire()
Called prefire()
Called fire()
Checking for deadlock:
There are 3 Blocked actors, 0 Stopped actors, and 4 active threads.
Waiting for actors to stop.
Read input token from inputA with value 6.0
Checking for deadlock:
There are 2 Blocked actors, 0 Stopped actors, and 4 active threads.
Waiting for actors to stop.
Called prefire()
Called fire()
Past the end of training data. Read and discard all inputs.
Checking for deadlock:
There are 3 Blocked actors, 0 Stopped actors, and 4 active threads.
Waiting for actors to stop.
Sent output token with value 6.0
Next port to read input from is inputB
Called postfire()
Called prefire()
Called fire()
Checking for deadlock:
There are 2 Blocked actors, 0 Stopped actors, and 4 active threads.
Waiting for actors to stop.
Called postfire()
Called prefire()
Called fire()
Checking for deadlock:
There are 3 Blocked actors, 0 Stopped actors, and 4 active threads.
Waiting for actors to stop.
Read input token from inputB with value 7.5
Checking for deadlock:
There are 2 Blocked actors, 0 Stopped actors, and 4 active threads.
Waiting for actors to stop.
Called prefire()
Called fire()
Past the end of training data. Read and discard all inputs.
Checking for deadlock:
There are 3 Blocked actors, 0 Stopped actors, and 4 active threads.
Waiting for actors to stop.
Sent output token with value 6.0
Next port to read input from is inputA
Called postfire()
Called prefire()
Called fire()
Checking for deadlock:
There are 2 Blocked actors, 0 Stopped actors, and 4 active threads.
Waiting for actors to stop.
Called postfire()
Called prefire()
Called fire()
Checking for deadlock:
There are 3 Blocked actors, 0 Stopped actors, and 4 active threads.
Waiting for actors to stop.
Read input token from inputA with value 7.0
Checking for deadlock:
There are 2 Blocked actors, 0 Stopped actors, and 4 active threads.
Waiting for actors to stop.
Called prefire()
Called fire()
Past the end of training data. Read and discard all inputs.
Checking for deadlock:
There are 3 Blocked actors, 0 Stopped actors, and 4 active threads.
Waiting for actors to stop.
Sent output token with value 7.0
Next port to read input from is inputA
Called postfire()
Called prefire()
Called fire()
Checking for deadlock:
There are 2 Blocked actors, 0 Stopped actors, and 4 active threads.
Waiting for actors to stop.
-- Thread wrapup() called.
Called wrapup()
Thread .top.Ramp is exiting.
-- Thread stopped.
Checking for deadlock:
There are 2 Blocked actors, 0 Stopped actors, and 3 active threads.
Waiting for actors to stop.
Read input token from inputA with value 8.0
Checking for deadlock:
There are 1 Blocked actors, 0 Stopped actors, and 3 active threads.
Waiting for actors to stop.
Called prefire()
Called fire()
Past the end of training data. Read and discard all inputs.
Checking for deadlock:
There are 2 Blocked actors, 0 Stopped actors, and 3 active threads.
Waiting for actors to stop.
Sent output token with value 7.5
Next port to read input from is inputB
Called postfire()
Called prefire()
Called fire()
Checking for deadlock:
There are 1 Blocked actors, 0 Stopped actors, and 3 active threads.
Waiting for actors to stop.
Called postfire()
Called prefire()
Called fire()
Checking for deadlock:
There are 2 Blocked actors, 0 Stopped actors, and 3 active threads.
Waiting for actors to stop.
Read input token from inputB with value 9.0
Checking for deadlock:
There are 1 Blocked actors, 0 Stopped actors, and 3 active threads.
Waiting for actors to stop.
Called prefire()
Called fire()
Past the end of training data. Read and discard all inputs.
Checking for deadlock:
There are 2 Blocked actors, 0 Stopped actors, and 3 active threads.
Waiting for actors to stop.
Sent output token with value 8.0
Next port to read input from is inputA
Called postfire()
Called prefire()
Called fire()
Read input token from inputA with value 9.0
Checking for deadlock:
There are 1 Blocked actors, 0 Stopped actors, and 3 active threads.
Waiting for actors to stop.
Called prefire()
Called fire()
Past the end of training data. Read and discard all inputs.
Checking for deadlock:
There are 2 Blocked actors, 0 Stopped actors, and 3 active threads.
Waiting for actors to stop.
Sent output token with value 9.0
Next port to read input from is inputB
Called postfire()
Called prefire()
Called fire()
Checking for deadlock:
There are 1 Blocked actors, 0 Stopped actors, and 3 active threads.
Waiting for actors to stop.
Called postfire()
Called prefire()
Called fire()
Checking for deadlock:
There are 2 Blocked actors, 0 Stopped actors, and 3 active threads.
Waiting for actors to stop.
Read input token from inputB with value 10.5
Checking for deadlock:
There are 1 Blocked actors, 0 Stopped actors, and 3 active threads.
Waiting for actors to stop.
Called prefire()
Called fire()
Past the end of training data. Read and discard all inputs.
Checking for deadlock:
There are 2 Blocked actors, 0 Stopped actors, and 3 active threads.
Waiting for actors to stop.
Sent output token with value 9.0
Next port to read input from is inputA
Called postfire()
Called prefire()
Called fire()
Checking for deadlock:
There are 3 Blocked actors, 0 Stopped actors, and 3 active threads.
Actors have stopped.
Checking for deadlock:
There are 3 Blocked actors, 0 Stopped actors, and 3 active threads.
Deadlock detected.
Resolving Deadlock
Checking for deadlock:
There are 3 Blocked actors, 0 Stopped actors, and 3 active threads.
Artificial Deadlock - increasing queue capacity.
increasing the capacity of receiver ptolemy.actor.TypedIOPort {.top.OrderedMerge.inputB} to 2
Director: Called postfire().
Called postfire().
_stopRequested = false
_stopFireRequested = false
Returning from postfire(): true
Called fire().
Checking for deadlock:
There are 2 Blocked actors, 0 Stopped actors, and 3 active threads.
Waiting for actors to stop.
-- Thread wrapup() called.
Called wrapup()
Thread .top.Ramp2 is exiting.
-- Thread stopped.
Checking for deadlock:
There are 2 Blocked actors, 0 Stopped actors, and 2 active threads.
Actors have stopped.
Checking for deadlock:
There are 2 Blocked actors, 0 Stopped actors, and 2 active threads.
Deadlock detected.
Resolving Deadlock
Checking for deadlock:
There are 2 Blocked actors, 0 Stopped actors, and 2 active threads.
Deadlock detected: no processes blocked on write, but some are blocked on read.
Called postfire().
_stopRequested = false
_stopFireRequested = false
Returning from postfire(): false
Finished deactivating branches.
Called wrapup().
-- Thread wrapup() called.
Called wrapup()
Thread .top.Test is exiting.
-- Thread stopped.
-- Blocked Receiver call threw TerminateProcessException.
-- Thread wrapup() called.
Called wrapup()
Thread .top.OrderedMerge is exiting.
24 ms. Memory: 331776K Free: 267601K (81%)
.top. Preinitializing ...
Invoking preinitialize():  .top.OrderedMerge
Called preinitialize()
Invoking preinitialize():  .top.Ramp
Called preinitialize()
Invoking preinitialize():  .top.Ramp2
Called preinitialize()
Invoking preinitialize():  .top.Test
Called preinitialize()
.top. Finished preinitialize().
Called initialize().
Invoking initialize():  .top.OrderedMerge
Initializing actor: .top.OrderedMerge
Adding a thread: .top.OrderedMerge
Invoking initialize():  .top.Ramp
Initializing actor: .top.Ramp
Adding a thread: .top.Ramp
Invoking initialize():  .top.Ramp2
Initializing actor: .top.Ramp2
Adding a thread: .top.Ramp2
Invoking initialize():  .top.Test
Initializing actor: .top.Test
Adding a thread: .top.Test
-- Thread stopped.
-- Blocked Receiver call threw TerminateProcessException.
-- Starting thread.
Called initialize()
Called prefire()
Called fire()
-- Starting thread.
Called initialize()
Called prefire()
Called fire()
Called postfire()
Called prefire()
Called fire()
-- Starting thread.
Called initialize()
Called prefire()
Called fire()
Called postfire()
Called prefire()
Called fire()
Called fire().
Checking for deadlock:
There are 3 Blocked actors, 0 Stopped actors, and 4 active threads.
Waiting for actors to stop.
-- Starting thread.
Called initialize()
Called prefire()
Called fire()
Checking for deadlock:
There are 2 Blocked actors, 0 Stopped actors, and 4 active threads.
Waiting for actors to stop.
Called postfire()
Called prefire()
Called fire()
Checking for deadlock:
There are 3 Blocked actors, 0 Stopped actors, and 4 active threads.
Waiting for actors to stop.
Read input token from inputA with value 0.0
Next port to read input from is inputB
Called postfire()
Called prefire()
Called fire()
Checking for deadlock:
There are 2 Blocked actors, 0 Stopped actors, and 4 active threads.
Waiting for actors to stop.
Called postfire()
Called prefire()
Called fire()
Checking for deadlock:
There are 3 Blocked actors, 0 Stopped actors, and 4 active threads.
Waiting for actors to stop.
Read input token from inputB with value 0.0
Checking for deadlock:
There are 2 Blocked actors, 0 Stopped actors, and 4 active threads.
Waiting for actors to stop.
-- Read input: 0.0, which is expected to match: 0.0
Called prefire()
Called fire()
Checking for deadlock:
There are 3 Blocked actors, 0 Stopped actors, and 4 active threads.
Waiting for actors to stop.
Sent output token with value 0.0
Next port to read input from is inputA
Called postfire()
Called prefire()
Called fire()
Checking for deadlock:
There are 2 Blocked actors, 0 Stopped actors, and 4 active threads.
Waiting for actors to stop.
Called postfire()
Called prefire()
Called fire()
Checking for deadlock:
There are 3 Blocked actors, 0 Stopped actors, and 4 active threads.
Waiting for actors to stop.
Read input token from inputA with value 1.0
Checking for deadlock:
There are 2 Blocked actors, 0 Stopped actors, and 4 active threads.
Waiting for actors to stop.
-- Read input: 0.0, which is expected to match: 0.0
Called prefire()
Called fire()
Checking for deadlock:
There are 3 Blocked actors, 0 Stopped actors, and 4 active threads.
Waiting for actors to stop.
Sent output token with value 0.0
Next port to read input from is inputB
Called postfire()
Called prefire()
Called fire()
Checking for deadlock:
There are 2 Blocked actors, 0 Stopped actors, and 4 active threads.
Waiting for actors to stop.
Called postfire()
Called prefire()
Called fire()
Checking for deadlock:
There are 3 Blocked actors, 0 Stopped actors, and 4 active threads.
Waiting for actors to stop.
Read input token from inputB with value 1.5
Checking for deadlock:
There are 2 Blocked actors, 0 Stopped actors, and 4 active threads.
Waiting for actors to stop.
-- Read input: 1.0, which is expected to match: 1.0
Called prefire()
Called fire()
Checking for deadlock:
There are 3 Blocked actors, 0 Stopped actors, and 4 active threads.
Waiting for actors to stop.
Sent output token with value 1.0
Next port to read input from is inputA
Called postfire()
Called prefire()
Called fire()
Checking for deadlock:
There are 2 Blocked actors, 0 Stopped actors, and 4 active threads.
Waiting for actors to stop.
Called postfire()
Called prefire()
Called fire()
Checking for deadlock:
There are 3 Blocked actors, 0 Stopped actors, and 4 active threads.
Waiting for actors to stop.
Read input token from inputA with value 2.0
Checking for deadlock:
There are 2 Blocked actors, 0 Stopped actors, and 4 active threads.
Waiting for actors to stop.
-- Read input: 1.5, which is expected to match: 1.5
Called prefire()
Called fire()
Checking for deadlock:
There are 3 Blocked actors, 0 Stopped actors, and 4 active threads.
Waiting for actors to stop.
Sent output token with value 1.5
Next port to read input from is inputB
Called postfire()
Called prefire()
Called fire()
Checking for deadlock:
There are 2 Blocked actors, 0 Stopped actors, and 4 active threads.
Waiting for actors to stop.
Called postfire()
Called prefire()
Called fire()
Checking for deadlock:
There are 3 Blocked actors, 0 Stopped actors, and 4 active threads.
Waiting for actors to stop.
Read input token from inputB with value 3.0
Checking for deadlock:
There are 2 Blocked actors, 0 Stopped actors, and 4 active threads.
Waiting for actors to stop.
-- Read input: 2.0, which is expected to match: 2.0
Called prefire()
Called fire()
Checking for deadlock:
There are 3 Blocked actors, 0 Stopped actors, and 4 active threads.
Waiting for actors to stop.
Sent output token with value 2.0
Next port to read input from is inputA
Called postfire()
Called prefire()
Called fire()
Checking for deadlock:
There are 2 Blocked actors, 0 Stopped actors, and 4 active threads.
Waiting for actors to stop.
Called postfire()
Called prefire()
Called fire()
Checking for deadlock:
There are 3 Blocked actors, 0 Stopped actors, and 4 active threads.
Waiting for actors to stop.
Read input token from inputA with value 3.0
Checking for deadlock:
There are 2 Blocked actors, 0 Stopped actors, and 4 active threads.
Waiting for actors to stop.
-- Read input: 3.0, which is expected to match: 3.0
Called prefire()
Called fire()
Checking for deadlock:
There are 3 Blocked actors, 0 Stopped actors, and 4 active threads.
Waiting for actors to stop.
Sent output token with value 3.0
Next port to read input from is inputB
Called postfire()
Called prefire()
Called fire()
Checking for deadlock:
There are 2 Blocked actors, 0 Stopped actors, and 4 active threads.
Waiting for actors to stop.
Called postfire()
Called prefire()
Called fire()
Checking for deadlock:
There are 3 Blocked actors, 0 Stopped actors, and 4 active threads.
Waiting for actors to stop.
Read input token from inputB with value 4.5
Checking for deadlock:
There are 2 Blocked actors, 0 Stopped actors, and 4 active threads.
Waiting for actors to stop.
-- Read input: 3.0, which is expected to match: 3.0
Called prefire()
Called fire()
Checking for deadlock:
There are 3 Blocked actors, 0 Stopped actors, and 4 active threads.
Waiting for actors to stop.
Sent output token with value 3.0
Next port to read input from is inputA
Called postfire()
Called prefire()
Called fire()
Checking for deadlock:
There are 2 Blocked actors, 0 Stopped actors, and 4 active threads.
Waiting for actors to stop.
Called postfire()
Called prefire()
Called fire()
Checking for deadlock:
There are 3 Blocked actors, 0 Stopped actors, and 4 active threads.
Waiting for actors to stop.
Read input token from inputA with value 4.0
Checking for deadlock:
There are 2 Blocked actors, 0 Stopped actors, and 4 active threads.
Waiting for actors to stop.
-- Read input: 4.0, which is expected to match: 4.0
Called prefire()
Called fire()
Past the end of training data. Read and discard all inputs.
Checking for deadlock:
There are 3 Blocked actors, 0 Stopped actors, and 4 active threads.
Waiting for actors to stop.
Sent output token with value 4.0
Next port to read input from is inputA
Called postfire()
Called prefire()
Called fire()
Checking for deadlock:
There are 2 Blocked actors, 0 Stopped actors, and 4 active threads.
Waiting for actors to stop.
Called postfire()
Called prefire()
Called fire()
Checking for deadlock:
There are 3 Blocked actors, 0 Stopped actors, and 4 active threads.
Waiting for actors to stop.
Read input token from inputA with value 5.0
Checking for deadlock:
There are 2 Blocked actors, 0 Stopped actors, and 4 active threads.
Waiting for actors to stop.
Called prefire()
Called fire()
Past the end of training data. Read and discard all inputs.
Checking for deadlock:
There are 3 Blocked actors, 0 Stopped actors, and 4 active threads.
Waiting for actors to stop.
Sent output token with value 4.5
Next port to read input from is inputB
Called postfire()
Called prefire()
Called fire()
Checking for deadlock:
There are 2 Blocked actors, 0 Stopped actors, and 4 active threads.
Waiting for actors to stop.
Called postfire()
Called prefire()
Called fire()
Checking for deadlock:
There are 3 Blocked actors, 0 Stopped actors, and 4 active threads.
Waiting for actors to stop.
Read input token from inputB with value 6.0
Checking for deadlock:
There are 2 Blocked actors, 0 Stopped actors, and 4 active threads.
Waiting for actors to stop.
Called prefire()
Called fire()
Past the end of training data. Read and discard all inputs.
Checking for deadlock:
There are 3 Blocked actors, 0 Stopped actors, and 4 active threads.
Waiting for actors to stop.
Sent output token with value 5.0
Next port to read input from is inputA
Called postfire()
Called prefire()
Called fire()
Checking for deadlock:
There are 2 Blocked actors, 0 Stopped actors, and 4 active threads.
Waiting for actors to stop.
Called postfire()
Called prefire()
Called fire()
Checking for deadlock:
There are 3 Blocked actors, 0 Stopped actors, and 4 active threads.
Waiting for actors to stop.
Read input token from inputA with value 6.0
Checking for deadlock:
There are 2 Blocked actors, 0 Stopped actors, and 4 active threads.
Waiting for actors to stop.
Called prefire()
Called fire()
Past the end of training data. Read and discard all inputs.
Checking for deadlock:
There are 3 Blocked actors, 0 Stopped actors, and 4 active threads.
Waiting for actors to stop.
Sent output token with value 6.0
Next port to read input from is inputB
Called postfire()
Called prefire()
Called fire()
Checking for deadlock:
There are 2 Blocked actors, 0 Stopped actors, and 4 active threads.
Waiting for actors to stop.
Called postfire()
Called prefire()
Called fire()
Checking for deadlock:
There are 3 Blocked actors, 0 Stopped actors, and 4 active threads.
Waiting for actors to stop.
Read input token from inputB with value 7.5
Checking for deadlock:
There are 2 Blocked actors, 0 Stopped actors, and 4 active threads.
Waiting for actors to stop.
Called prefire()
Called fire()
Past the end of training data. Read and discard all inputs.
Checking for deadlock:
There are 3 Blocked actors, 0 Stopped actors, and 4 active threads.
Waiting for actors to stop.
Sent output token with value 6.0
Next port to read input from is inputA
Called postfire()
Called prefire()
Called fire()
Called postfire()
Called prefire()
Called fire()
Checking for deadlock:
There are 3 Blocked actors, 0 Stopped actors, and 4 active threads.
Waiting for actors to stop.
Read input token from inputA with value 7.0
Called prefire()
Called fire()
Past the end of training data. Read and discard all inputs.
Checking for deadlock:
There are 3 Blocked actors, 0 Stopped actors, and 4 active threads.
Waiting for actors to stop.
Sent output token with value 7.0
Next port to read input from is inputA
Called postfire()
Called prefire()
Called fire()
-- Thread wrapup() called.
Called wrapup()
Thread .top.Ramp is exiting.
-- Thread stopped.
Checking for deadlock:
There are 2 Blocked actors, 0 Stopped actors, and 3 active threads.
Waiting for actors to stop.
Read input token from inputA with value 8.0
Called prefire()
Called fire()
Past the end of training data. Read and discard all inputs.
Checking for deadlock:
There are 2 Blocked actors, 0 Stopped actors, and 3 active threads.
Waiting for actors to stop.
Sent output token with value 7.5
Next port to read input from is inputB
Called postfire()
Called prefire()
Called fire()
Checking for deadlock:
There are 1 Blocked actors, 0 Stopped actors, and 3 active threads.
Waiting for actors to stop.
Called postfire()
Called prefire()
Called fire()
Checking for deadlock:
There are 2 Blocked actors, 0 Stopped actors, and 3 active threads.
Waiting for actors to stop.
Read input token from inputB with value 9.0
Checking for deadlock:
There are 1 Blocked actors, 0 Stopped actors, and 3 active threads.
Waiting for actors to stop.
Called prefire()
Called fire()
Past the end of training data. Read and discard all inputs.
Checking for deadlock:
There are 2 Blocked actors, 0 Stopped actors, and 3 active threads.
Waiting for actors to stop.
Sent output token with value 8.0
Next port to read input from is inputA
Called postfire()
Called prefire()
Called fire()
Read input token from inputA with value 9.0
Checking for deadlock:
There are 1 Blocked actors, 0 Stopped actors, and 3 active threads.
Waiting for actors to stop.
Called prefire()
Called fire()
Past the end of training data. Read and discard all inputs.
Checking for deadlock:
There are 2 Blocked actors, 0 Stopped actors, and 3 active threads.
Waiting for actors to stop.
Sent output token with value 9.0
Next port to read input from is inputB
Called postfire()
Called prefire()
Called fire()
Checking for deadlock:
There are 1 Blocked actors, 0 Stopped actors, and 3 active threads.
Waiting for actors to stop.
Called postfire()
Called prefire()
Called fire()
Checking for deadlock:
There are 2 Blocked actors, 0 Stopped actors, and 3 active threads.
Waiting for actors to stop.
Read input token from inputB with value 10.5
Checking for deadlock:
There are 1 Blocked actors, 0 Stopped actors, and 3 active threads.
Waiting for actors to stop.
Called prefire()
Called fire()
Past the end of training data. Read and discard all inputs.
Checking for deadlock:
There are 2 Blocked actors, 0 Stopped actors, and 3 active threads.
Waiting for actors to stop.
Sent output token with value 9.0
Next port to read input from is inputA
Called postfire()
Called prefire()
Called fire()
Checking for deadlock:
There are 3 Blocked actors, 0 Stopped actors, and 3 active threads.
Actors have stopped.
Checking for deadlock:
There are 3 Blocked actors, 0 Stopped actors, and 3 active threads.
Deadlock detected.
Resolving Deadlock
Checking for deadlock:
There are 3 Blocked actors, 0 Stopped actors, and 3 active threads.
Artificial Deadlock - increasing queue capacity.
increasing the capacity of receiver ptolemy.actor.TypedIOPort {.top.OrderedMerge.inputB} to 2
Director: Called postfire().
Called postfire().
_stopRequested = false
_stopFireRequested = false
Returning from postfire(): true
Called fire().
Checking for deadlock:
There are 2 Blocked actors, 0 Stopped actors, and 3 active threads.
Waiting for actors to stop.
-- Thread wrapup() called.
Called wrapup()
Thread .top.Ramp2 is exiting.
-- Thread stopped.
Checking for deadlock:
There are 2 Blocked actors, 0 Stopped actors, and 2 active threads.
Actors have stopped.
Checking for deadlock:
There are 2 Blocked actors, 0 Stopped actors, and 2 active threads.
Deadlock detected.
Resolving Deadlock
Checking for deadlock:
There are 2 Blocked actors, 0 Stopped actors, and 2 active threads.
Deadlock detected: no processes blocked on write, but some are blocked on read.
Called postfire().
_stopRequested = false
_stopFireRequested = false
Returning from postfire(): false
Finished deactivating branches.
Called wrapup().
-- Thread wrapup() called.
Called wrapup()
Thread .top.Test is exiting.
-- Thread stopped.
-- Blocked Receiver call threw TerminateProcessException.
-- Thread wrapup() called.
Called wrapup()
Thread .top.OrderedMerge is exiting.
13 ms. Memory: 331776K Free: 257770K (78%)
/home/travis/build/icyphy/ptII/ptolemy/actor/lib/test/Publisher.tcl
-- Thread stopped.
-- Blocked Receiver call threw TerminateProcessException.
7 ms. Memory: 331776K Free: 248065K (75%)
4 ms. Memory: 331776K Free: 243213K (73%)
8 ms. Memory: 331776K Free: 238361K (72%)
8 ms. Memory: 331776K Free: 238361K (72%)
7 ms. Memory: 331776K Free: 238361K (72%)
10 ms. Memory: 331776K Free: 238361K (72%)
3 ms. Memory: 331776K Free: 238361K (72%)
12 ms. Memory: 331776K Free: 238361K (72%)
1 ms. Memory: 331776K Free: 228648K (69%)
3 ms. Memory: 331776K Free: 223795K (67%)
3 ms. Memory: 331776K Free: 223795K (67%)
2 ms. Memory: 331776K Free: 218943K (66%)
12 ms. Memory: 331776K Free: 214090K (65%)
6 ms. Memory: 331776K Free: 204385K (62%)
7 ms. Memory: 331776K Free: 189827K (57%)
/home/travis/build/icyphy/ptII/ptolemy/actor/lib/test/Pulse.tcl
2 ms. Memory: 331776K Free: 151008K (46%)
3 ms. Memory: 331776K Free: 151008K (46%)
1 ms. Memory: 331776K Free: 151008K (46%)
2 ms. Memory: 331776K Free: 146155K (44%)
1 ms. Memory: 331776K Free: 146155K (44%)
2 ms. Memory: 331776K Free: 146155K (44%)
3 ms. Memory: 331776K Free: 146155K (44%)
2 ms. Memory: 331776K Free: 146155K (44%)
2 ms. Memory: 331776K Free: 146155K (44%)
/home/travis/build/icyphy/ptII/ptolemy/actor/lib/test/Ramp.tcl
4 ms. Memory: 331776K Free: 141303K (43%)
2 ms. Memory: 331776K Free: 141303K (43%)
3 ms. Memory: 331776K Free: 141303K (43%)
2 ms. Memory: 331776K Free: 141303K (43%)
4 ms. Memory: 331776K Free: 141303K (43%)
14 ms. Memory: 331776K Free: 136450K (41%)
15 ms. Memory: 331776K Free: 136450K (41%)
5 actors
15000 microseconds per iteration to create
8 ms. Memory: 331776K Free: 136450K (41%)
3 ms. Memory: 331776K Free: 136450K (41%)
2 ms. Memory: 331776K Free: 131598K (40%)
2 ms. Memory: 331776K Free: 131598K (40%)
50 actors
54000 microseconds per iteration to create
59 ms. Memory: 331776K Free: 117040K (35%)
26 ms. Memory: 331776K Free: 117040K (35%)
14 ms. Memory: 331776K Free: 117040K (35%)
6 ms. Memory: 331776K Free: 117040K (35%)
500 actors
1390000 microseconds per iteration to create
260 ms. Memory: 331776K Free: 184123K (55%)
64 ms. Memory: 331776K Free: 179392K (54%)
64 ms. Memory: 331776K Free: 174660K (53%)
52 ms. Memory: 331776K Free: 169929K (51%)
/home/travis/build/icyphy/ptII/ptolemy/actor/lib/test/RampContinuous.tcl
9 ms. Memory: 331776K Free: 165198K (50%)
/home/travis/build/icyphy/ptII/ptolemy/actor/lib/test/RecordAssembler.tcl
6 ms. Memory: 331776K Free: 165198K (50%)
4 ms. Memory: 331776K Free: 165198K (50%)
/home/travis/build/icyphy/ptII/ptolemy/actor/lib/test/RecordDisassembler.tcl
10 ms. Memory: 331776K Free: 160466K (48%)
5 ms. Memory: 331776K Free: 160466K (48%)
5 ms. Memory: 331776K Free: 160466K (48%)
/home/travis/build/icyphy/ptII/ptolemy/actor/lib/test/Scale.tcl
3 ms. Memory: 331776K Free: 155719K (47%)
2 ms. Memory: 331776K Free: 155719K (47%)
2 ms. Memory: 331776K Free: 155719K (47%)
6 ms. Memory: 331776K Free: 155719K (47%)
4 ms. Memory: 331776K Free: 155719K (47%)
/home/travis/build/icyphy/ptII/ptolemy/actor/lib/test/SequentialClock.tcl
preinitializing
resolving types
initializing
executing number 1
wrapping up
idle
6 ms. Memory: 331776K Free: 150980K (46%)
Completed execution with 5 iterations
preinitializing
resolving types
initializing
executing number 1
wrapping up
idle
4 ms. Memory: 331776K Free: 150980K (46%)
Completed execution with 5 iterations
preinitializing
resolving types
initializing
executing number 1
wrapping up
idle
2 ms. Memory: 331776K Free: 150980K (46%)
Completed execution with 5 iterations
/home/travis/build/icyphy/ptII/ptolemy/actor/lib/test/SetVariable.tcl
6 ms. Memory: 331776K Free: 150980K (46%)
/home/travis/build/icyphy/ptII/ptolemy/actor/lib/test/Sinewave.tcl
/home/travis/build/icyphy/ptII/ptolemy/actor/lib/test/SubscriptionAggregator.tcl
4 ms. Memory: 331776K Free: 136770K (41%)
11 ms. Memory: 331776K Free: 136770K (41%)
0 ms. Memory: 331776K Free: 136770K (41%)
1 ms. Memory: 331776K Free: 136770K (41%)
1 ms. Memory: 331776K Free: 132039K (40%)
4 ms. Memory: 331776K Free: 132039K (40%)
...............................................................1215 ms. Memory: 580096K Free: 486783K (84%)
/home/travis/build/icyphy/ptII/ptolemy/actor/lib/test/Test.tcl
 The next command will produce a warning about training mode,
   which may be ignored.
4 ms. Memory: 580096K Free: 486783K (84%)
2 ms. Memory: 580096K Free: 486783K (84%)
2 ms. Memory: 580096K Free: 486783K (84%)
2 ms. Memory: 580096K Free: 486783K (84%)
5 ms. Memory: 580096K Free: 486783K (84%)
3 ms. Memory: 580096K Free: 486783K (84%)
3 ms. Memory: 580096K Free: 486783K (84%)
 The next command will produce a warning about training mode,
   which may be ignored.
8 ms. Memory: 580096K Free: 477139K (82%)
 The next command will produce a warning about training mode,
   which may be ignored.
2 ms. Memory: 580096K Free: 477139K (82%)
4 ms. Memory: 580096K Free: 477139K (82%)
2 ms. Memory: 580096K Free: 477139K (82%)
3 ms. Memory: 580096K Free: 477139K (82%)
5 ms. Memory: 580096K Free: 477139K (82%)
6 ms. Memory: 580096K Free: 477139K (82%)
/home/travis/build/icyphy/ptII/ptolemy/actor/lib/test/TestExceptionHandler.tcl
 The next command will produce a warning about training mode,
   which may be ignored.
2 ms. Memory: 580096K Free: 477139K (82%)
2 ms. Memory: 580096K Free: 467494K (81%)
2 ms. Memory: 580096K Free: 467494K (81%)
/home/travis/build/icyphy/ptII/ptolemy/actor/lib/test/UnionDisassembler.tcl
24 ms. Memory: 580096K Free: 467494K (81%)
/home/travis/build/icyphy/ptII/ptolemy/actor/lib/test/VariableClock.tcl
preinitializing
resolving types
initializing
executing number 1
wrapping up
idle
11 ms. Memory: 580096K Free: 457865K (79%)
Completed execution with 11 iterations
preinitializing
resolving types
initializing
executing number 1
wrapping up
idle
4 ms. Memory: 580096K Free: 457865K (79%)
Completed execution with 10 iterations
03/29/19 03:51:13
Failed: 0  Total Tests: 234  ((Passed: 234, Newly Passed: 0)  Known Failed: 0) /home/travis/build/icyphy/ptII/ptolemy/actor/lib/test
----------------- testing (KnownFailure) /home/travis/build/icyphy/ptII/ptolemy/actor/lib/test/auto/knownFailedTests/PublisherPortToplevelSubscriber.xml
0 ms. Memory: 580096K Free: 448075K (77%)
Known Failure: java.lang.reflect.InvocationTargetException
----------------- testing (KnownFailure) /home/travis/build/icyphy/ptII/ptolemy/actor/lib/test/auto/knownFailedTests/PublisherSubscriberPortToplevel.xml
1 ms. Memory: 580096K Free: 428496K (74%)
Known Failure: java.lang.reflect.InvocationTargetException
----------------- testing (KnownFailure) /home/travis/build/icyphy/ptII/ptolemy/actor/lib/test/auto/knownFailedTests/PublisherSubscriptionAggregatorPort.xml
2 ms. Memory: 580096K Free: 408917K (70%)
Known Failure: java.lang.reflect.InvocationTargetException
----------------- testing (KnownFailure) /home/travis/build/icyphy/ptII/ptolemy/actor/lib/test/auto/knownFailedTests/sizedarray3.xml
5 ms. Memory: 580096K Free: 389338K (67%)
Known Failure: java.lang.reflect.InvocationTargetException
No auto/linux-amd64/*.xml tests in /home/travis/build/icyphy/ptII/ptolemy/actor/lib/test
AutoTests.java: About to close Vertx.
AutoTests.java: Vertx closed.

===========================================================================================
----------------- testing Fri Mar 29 03:51:13 UTC 2019 /home/travis/build/icyphy/ptII/ptolemy/actor/lib/test/auto/AbsoluteValue.xml
----------------- Instantiating /home/travis/build/icyphy/ptII/ptolemy/actor/lib/test/auto/AbsoluteValue.xml
14 ms. Memory: 580096K Free: 311321K (54%)
----------------- Invoking toplevel() on ptolemy.moml.MoMLSimpleApplication@7f2a4962
----------------- Done invoking toplevel() on ptolemy.moml.MoMLSimpleApplication@7f2a4962
reloadAllAccessors: .AbsoluteValue

===========================================================================================
----------------- testing Fri Mar 29 03:51:13 UTC 2019 /home/travis/build/icyphy/ptII/ptolemy/actor/lib/test/auto/AbsoluteValue2.xml
----------------- Instantiating /home/travis/build/icyphy/ptII/ptolemy/actor/lib/test/auto/AbsoluteValue2.xml
5 ms. Memory: 580096K Free: 301531K (52%)
----------------- Invoking toplevel() on ptolemy.moml.MoMLSimpleApplication@7bc61cc0
----------------- Done invoking toplevel() on ptolemy.moml.MoMLSimpleApplication@7bc61cc0
reloadAllAccessors: .AbsoluteValue2

===========================================================================================
----------------- testing Fri Mar 29 03:51:13 UTC 2019 /home/travis/build/icyphy/ptII/ptolemy/actor/lib/test/auto/Accumulator.xml
----------------- Instantiating /home/travis/build/icyphy/ptII/ptolemy/actor/lib/test/auto/Accumulator.xml
16 ms. Memory: 580096K Free: 282113K (49%)
----------------- Invoking toplevel() on ptolemy.moml.MoMLSimpleApplication@42236196
----------------- Done invoking toplevel() on ptolemy.moml.MoMLSimpleApplication@42236196
reloadAllAccessors: .Accumulator

===========================================================================================
----------------- testing Fri Mar 29 03:51:13 UTC 2019 /home/travis/build/icyphy/ptII/ptolemy/actor/lib/test/auto/Accumulator2.xml
----------------- Instantiating /home/travis/build/icyphy/ptII/ptolemy/actor/lib/test/auto/Accumulator2.xml
10 ms. Memory: 580096K Free: 272323K (47%)
----------------- Invoking toplevel() on ptolemy.moml.MoMLSimpleApplication@15f764ee
----------------- Done invoking toplevel() on ptolemy.moml.MoMLSimpleApplication@15f764ee
reloadAllAccessors: .Accumulator2

===========================================================================================
----------------- testing Fri Mar 29 03:51:13 UTC 2019 /home/travis/build/icyphy/ptII/ptolemy/actor/lib/test/auto/Accumulator3.xml
----------------- Instantiating /home/travis/build/icyphy/ptII/ptolemy/actor/lib/test/auto/Accumulator3.xml
3 ms. Memory: 580096K Free: 262534K (45%)
----------------- Invoking toplevel() on ptolemy.moml.MoMLSimpleApplication@78e9c47b
----------------- Done invoking toplevel() on ptolemy.moml.MoMLSimpleApplication@78e9c47b
reloadAllAccessors: .Accumulator3

===========================================================================================
----------------- testing Fri Mar 29 03:51:13 UTC 2019 /home/travis/build/icyphy/ptII/ptolemy/actor/lib/test/auto/ArrayAppend.xml
----------------- Instantiating /home/travis/build/icyphy/ptII/ptolemy/actor/lib/test/auto/ArrayAppend.xml
8 ms. Memory: 580096K Free: 252744K (44%)
----------------- Invoking toplevel() on ptolemy.moml.MoMLSimpleApplication@47727c7b
----------------- Done invoking toplevel() on ptolemy.moml.MoMLSimpleApplication@47727c7b
reloadAllAccessors: .ArrayAppend

===========================================================================================
----------------- testing Fri Mar 29 03:51:14 UTC 2019 /home/travis/build/icyphy/ptII/ptolemy/actor/lib/test/auto/ArrayAppend2.xml
----------------- Instantiating /home/travis/build/icyphy/ptII/ptolemy/actor/lib/test/auto/ArrayAppend2.xml
714 ms. Memory: 580096K Free: 164639K (28%)
----------------- Invoking toplevel() on ptolemy.moml.MoMLSimpleApplication@6f8358ed
----------------- Done invoking toplevel() on ptolemy.moml.MoMLSimpleApplication@6f8358ed
reloadAllAccessors: .ArrayAppend2

===========================================================================================
----------------- testing Fri Mar 29 03:51:14 UTC 2019 /home/travis/build/icyphy/ptII/ptolemy/actor/lib/test/auto/ArrayAppend3.xml
----------------- Instantiating /home/travis/build/icyphy/ptII/ptolemy/actor/lib/test/auto/ArrayAppend3.xml
10 ms. Memory: 580096K Free: 145221K (25%)
----------------- Invoking toplevel() on ptolemy.moml.MoMLSimpleApplication@2728121b
----------------- Done invoking toplevel() on ptolemy.moml.MoMLSimpleApplication@2728121b
reloadAllAccessors: .ArrayAppend3

===========================================================================================
----------------- testing Fri Mar 29 03:51:14 UTC 2019 /home/travis/build/icyphy/ptII/ptolemy/actor/lib/test/auto/ArrayAppend4.xml
----------------- Instantiating /home/travis/build/icyphy/ptII/ptolemy/actor/lib/test/auto/ArrayAppend4.xml
10 ms. Memory: 580096K Free: 135431K (23%)
----------------- Invoking toplevel() on ptolemy.moml.MoMLSimpleApplication@5de412d6
----------------- Done invoking toplevel() on ptolemy.moml.MoMLSimpleApplication@5de412d6
reloadAllAccessors: .ArrayAppend4

===========================================================================================
----------------- testing Fri Mar 29 03:51:14 UTC 2019 /home/travis/build/icyphy/ptII/ptolemy/actor/lib/test/auto/ArrayAppend5.xml
----------------- Instantiating /home/travis/build/icyphy/ptII/ptolemy/actor/lib/test/auto/ArrayAppend5.xml
2 ms. Memory: 580096K Free: 125642K (22%)
----------------- Invoking toplevel() on ptolemy.moml.MoMLSimpleApplication@76fd714
----------------- Done invoking toplevel() on ptolemy.moml.MoMLSimpleApplication@76fd714
reloadAllAccessors: .ArrayAppend5

===========================================================================================
----------------- testing Fri Mar 29 03:51:14 UTC 2019 /home/travis/build/icyphy/ptII/ptolemy/actor/lib/test/auto/ArrayAppend6.xml
----------------- Instantiating /home/travis/build/icyphy/ptII/ptolemy/actor/lib/test/auto/ArrayAppend6.xml
3 ms. Memory: 580096K Free: 115852K (20%)
----------------- Invoking toplevel() on ptolemy.moml.MoMLSimpleApplication@48819f62
----------------- Done invoking toplevel() on ptolemy.moml.MoMLSimpleApplication@48819f62
reloadAllAccessors: .ArrayAppend6

===========================================================================================
----------------- testing Fri Mar 29 03:51:14 UTC 2019 /home/travis/build/icyphy/ptII/ptolemy/actor/lib/test/auto/ArrayAppendPerformanceTest.xml
----------------- Instantiating /home/travis/build/icyphy/ptII/ptolemy/actor/lib/test/auto/ArrayAppendPerformanceTest.xml
23 ms. Memory: 580096K Free: 91523K (16%)
----------------- Invoking toplevel() on ptolemy.moml.MoMLSimpleApplication@541d21d
----------------- Done invoking toplevel() on ptolemy.moml.MoMLSimpleApplication@541d21d
reloadAllAccessors: .ArrayAppendPerformanceTest

===========================================================================================
----------------- testing Fri Mar 29 03:51:14 UTC 2019 /home/travis/build/icyphy/ptII/ptolemy/actor/lib/test/auto/ArrayAppendWithEmptyInput.xml
----------------- Instantiating /home/travis/build/icyphy/ptII/ptolemy/actor/lib/test/auto/ArrayAppendWithEmptyInput.xml
15 ms. Memory: 580096K Free: 76823K (13%)
----------------- Invoking toplevel() on ptolemy.moml.MoMLSimpleApplication@474a765f
----------------- Done invoking toplevel() on ptolemy.moml.MoMLSimpleApplication@474a765f
reloadAllAccessors: .ArrayAppendWithEmptyInput

===========================================================================================
----------------- testing Fri Mar 29 03:51:15 UTC 2019 /home/travis/build/icyphy/ptII/ptolemy/actor/lib/test/auto/ArrayAverage.xml
----------------- Instantiating /home/travis/build/icyphy/ptII/ptolemy/actor/lib/test/auto/ArrayAverage.xml
7 ms. Memory: 580096K Free: 62123K (11%)
----------------- Invoking toplevel() on ptolemy.moml.MoMLSimpleApplication@20bca4ea
----------------- Done invoking toplevel() on ptolemy.moml.MoMLSimpleApplication@20bca4ea
reloadAllAccessors: .ArrayAverage

===========================================================================================
----------------- testing Fri Mar 29 03:51:15 UTC 2019 /home/travis/build/icyphy/ptII/ptolemy/actor/lib/test/auto/ArrayContains.xml
----------------- Instantiating /home/travis/build/icyphy/ptII/ptolemy/actor/lib/test/auto/ArrayContains.xml
11 ms. Memory: 580096K Free: 55454K (10%)
----------------- Invoking toplevel() on ptolemy.moml.MoMLSimpleApplication@62bded43
----------------- Done invoking toplevel() on ptolemy.moml.MoMLSimpleApplication@62bded43
reloadAllAccessors: .ArrayContains

===========================================================================================
----------------- testing Fri Mar 29 03:51:15 UTC 2019 /home/travis/build/icyphy/ptII/ptolemy/actor/lib/test/auto/ArrayElement.xml
----------------- Instantiating /home/travis/build/icyphy/ptII/ptolemy/actor/lib/test/auto/ArrayElement.xml
18 ms. Memory: 880640K Free: 803498K (91%)
----------------- Invoking toplevel() on ptolemy.moml.MoMLSimpleApplication@1c37c412
----------------- Done invoking toplevel() on ptolemy.moml.MoMLSimpleApplication@1c37c412
reloadAllAccessors: .ArrayElement

===========================================================================================
----------------- testing Fri Mar 29 03:51:15 UTC 2019 /home/travis/build/icyphy/ptII/ptolemy/actor/lib/test/auto/ArrayElementAsMatrix.xml
----------------- Instantiating /home/travis/build/icyphy/ptII/ptolemy/actor/lib/test/auto/ArrayElementAsMatrix.xml
14 ms. Memory: 880640K Free: 787478K (89%)
----------------- Invoking toplevel() on ptolemy.moml.MoMLSimpleApplication@64317831
----------------- Done invoking toplevel() on ptolemy.moml.MoMLSimpleApplication@64317831
reloadAllAccessors: .ArrayElementAsMatrix

===========================================================================================
----------------- testing Fri Mar 29 03:51:15 UTC 2019 /home/travis/build/icyphy/ptII/ptolemy/actor/lib/test/auto/ArrayElementI.xml
----------------- Instantiating /home/travis/build/icyphy/ptII/ptolemy/actor/lib/test/auto/ArrayElementI.xml
3 ms. Memory: 880640K Free: 771842K (88%)
----------------- Invoking toplevel() on ptolemy.moml.MoMLSimpleApplication@4cbc3f6f
----------------- Done invoking toplevel() on ptolemy.moml.MoMLSimpleApplication@4cbc3f6f
reloadAllAccessors: .ArrayElementI

===========================================================================================
----------------- testing Fri Mar 29 03:51:15 UTC 2019 /home/travis/build/icyphy/ptII/ptolemy/actor/lib/test/auto/ArrayExtract.xml
----------------- Instantiating /home/travis/build/icyphy/ptII/ptolemy/actor/lib/test/auto/ArrayExtract.xml
5 ms. Memory: 880640K Free: 751123K (85%)
----------------- Invoking toplevel() on ptolemy.moml.MoMLSimpleApplication@7e474ff3
----------------- Done invoking toplevel() on ptolemy.moml.MoMLSimpleApplication@7e474ff3
reloadAllAccessors: .ArrayExtract

===========================================================================================
----------------- testing Fri Mar 29 03:51:15 UTC 2019 /home/travis/build/icyphy/ptII/ptolemy/actor/lib/test/auto/ArrayExtract2.xml
----------------- Instantiating /home/travis/build/icyphy/ptII/ptolemy/actor/lib/test/auto/ArrayExtract2.xml
3 ms. Memory: 880640K Free: 735487K (84%)
----------------- Invoking toplevel() on ptolemy.moml.MoMLSimpleApplication@697f82e6
----------------- Done invoking toplevel() on ptolemy.moml.MoMLSimpleApplication@697f82e6
reloadAllAccessors: .ArrayExtract2

===========================================================================================
----------------- testing Fri Mar 29 03:51:15 UTC 2019 /home/travis/build/icyphy/ptII/ptolemy/actor/lib/test/auto/ArrayLength.xml
----------------- Instantiating /home/travis/build/icyphy/ptII/ptolemy/actor/lib/test/auto/ArrayLength.xml
2 ms. Memory: 880640K Free: 719850K (82%)
----------------- Invoking toplevel() on ptolemy.moml.MoMLSimpleApplication@6c21a8d8
----------------- Done invoking toplevel() on ptolemy.moml.MoMLSimpleApplication@6c21a8d8
reloadAllAccessors: .ArrayLength

===========================================================================================
----------------- testing Fri Mar 29 03:51:15 UTC 2019 /home/travis/build/icyphy/ptII/ptolemy/actor/lib/test/auto/ArrayLevelCrossing.xml
----------------- Instantiating /home/travis/build/icyphy/ptII/ptolemy/actor/lib/test/auto/ArrayLevelCrossing.xml
6 ms. Memory: 880640K Free: 692709K (79%)
----------------- Invoking toplevel() on ptolemy.moml.MoMLSimpleApplication@3207db77
----------------- Done invoking toplevel() on ptolemy.moml.MoMLSimpleApplication@3207db77
reloadAllAccessors: .ArrayLevelCrossing

===========================================================================================
----------------- testing Fri Mar 29 03:51:15 UTC 2019 /home/travis/build/icyphy/ptII/ptolemy/actor/lib/test/auto/ArrayLevelCrossing2.xml
----------------- Instantiating /home/travis/build/icyphy/ptII/ptolemy/actor/lib/test/auto/ArrayLevelCrossing2.xml
3 ms. Memory: 880640K Free: 677073K (77%)
----------------- Invoking toplevel() on ptolemy.moml.MoMLSimpleApplication@1b2b302
----------------- Done invoking toplevel() on ptolemy.moml.MoMLSimpleApplication@1b2b302
reloadAllAccessors: .ArrayLevelCrossing2

===========================================================================================
----------------- testing Fri Mar 29 03:51:15 UTC 2019 /home/travis/build/icyphy/ptII/ptolemy/actor/lib/test/auto/ArrayPeakSearch.xml
----------------- Instantiating /home/travis/build/icyphy/ptII/ptolemy/actor/lib/test/auto/ArrayPeakSearch.xml
6 ms. Memory: 880640K Free: 661436K (75%)
----------------- Invoking toplevel() on ptolemy.moml.MoMLSimpleApplication@1cb91057
----------------- Done invoking toplevel() on ptolemy.moml.MoMLSimpleApplication@1cb91057
reloadAllAccessors: .ArrayPeakSearch

===========================================================================================
----------------- testing Fri Mar 29 03:51:15 UTC 2019 /home/travis/build/icyphy/ptII/ptolemy/actor/lib/test/auto/ArrayPeakSearch2.xml
----------------- Instantiating /home/travis/build/icyphy/ptII/ptolemy/actor/lib/test/auto/ArrayPeakSearch2.xml
6 ms. Memory: 880640K Free: 637965K (72%)
----------------- Invoking toplevel() on ptolemy.moml.MoMLSimpleApplication@2c2e9956
----------------- Done invoking toplevel() on ptolemy.moml.MoMLSimpleApplication@2c2e9956
reloadAllAccessors: .ArrayPeakSearch2

===========================================================================================
----------------- testing Fri Mar 29 03:51:15 UTC 2019 /home/travis/build/icyphy/ptII/ptolemy/actor/lib/test/auto/ArrayPeakSearch3.xml
----------------- Instantiating /home/travis/build/icyphy/ptII/ptolemy/actor/lib/test/auto/ArrayPeakSearch3.xml
6 ms. Memory: 880640K Free: 622329K (71%)
----------------- Invoking toplevel() on ptolemy.moml.MoMLSimpleApplication@752e42a2
----------------- Done invoking toplevel() on ptolemy.moml.MoMLSimpleApplication@752e42a2
reloadAllAccessors: .ArrayPeakSearch3

===========================================================================================
----------------- testing Fri Mar 29 03:51:15 UTC 2019 /home/travis/build/icyphy/ptII/ptolemy/actor/lib/test/auto/ArrayRemoveElement.xml
----------------- Instantiating /home/travis/build/icyphy/ptII/ptolemy/actor/lib/test/auto/ArrayRemoveElement.xml
4 ms. Memory: 880640K Free: 595188K (68%)
----------------- Invoking toplevel() on ptolemy.moml.MoMLSimpleApplication@2fd2cdaa
----------------- Done invoking toplevel() on ptolemy.moml.MoMLSimpleApplication@2fd2cdaa
reloadAllAccessors: .ArrayRemoveElement

===========================================================================================
----------------- testing Fri Mar 29 03:51:15 UTC 2019 /home/travis/build/icyphy/ptII/ptolemy/actor/lib/test/auto/ArraySort.xml
----------------- Instantiating /home/travis/build/icyphy/ptII/ptolemy/actor/lib/test/auto/ArraySort.xml
6 ms. Memory: 880640K Free: 579551K (66%)
----------------- Invoking toplevel() on ptolemy.moml.MoMLSimpleApplication@39eb35ab
----------------- Done invoking toplevel() on ptolemy.moml.MoMLSimpleApplication@39eb35ab
reloadAllAccessors: .ArraySort

===========================================================================================
----------------- testing Fri Mar 29 03:51:15 UTC 2019 /home/travis/build/icyphy/ptII/ptolemy/actor/lib/test/auto/ArraySum.xml
----------------- Instantiating /home/travis/build/icyphy/ptII/ptolemy/actor/lib/test/auto/ArraySum.xml
3 ms. Memory: 880640K Free: 563915K (64%)
----------------- Invoking toplevel() on ptolemy.moml.MoMLSimpleApplication@4d559591
----------------- Done invoking toplevel() on ptolemy.moml.MoMLSimpleApplication@4d559591
reloadAllAccessors: .ArraySum

===========================================================================================
----------------- testing Fri Mar 29 03:51:15 UTC 2019 /home/travis/build/icyphy/ptII/ptolemy/actor/lib/test/auto/ArrayToElements.xml
----------------- Instantiating /home/travis/build/icyphy/ptII/ptolemy/actor/lib/test/auto/ArrayToElements.xml
10 ms. Memory: 880640K Free: 548278K (62%)
----------------- Invoking toplevel() on ptolemy.moml.MoMLSimpleApplication@48a3f5cb
----------------- Done invoking toplevel() on ptolemy.moml.MoMLSimpleApplication@48a3f5cb
reloadAllAccessors: .ArrayToElements

===========================================================================================
----------------- testing Fri Mar 29 03:51:15 UTC 2019 /home/travis/build/icyphy/ptII/ptolemy/actor/lib/test/auto/ArrayToMatrix.xml
----------------- Instantiating /home/travis/build/icyphy/ptII/ptolemy/actor/lib/test/auto/ArrayToMatrix.xml
7 ms. Memory: 880640K Free: 524815K (60%)
----------------- Invoking toplevel() on ptolemy.moml.MoMLSimpleApplication@2024ef3d
----------------- Done invoking toplevel() on ptolemy.moml.MoMLSimpleApplication@2024ef3d
reloadAllAccessors: .ArrayToMatrix

===========================================================================================
----------------- testing Fri Mar 29 03:51:15 UTC 2019 /home/travis/build/icyphy/ptII/ptolemy/actor/lib/test/auto/ArrayUpdate1.xml
----------------- Instantiating /home/travis/build/icyphy/ptII/ptolemy/actor/lib/test/auto/ArrayUpdate1.xml
2 ms. Memory: 880640K Free: 497675K (57%)
----------------- Invoking toplevel() on ptolemy.moml.MoMLSimpleApplication@6da31fcb
----------------- Done invoking toplevel() on ptolemy.moml.MoMLSimpleApplication@6da31fcb
reloadAllAccessors: .ArrayUpdate1

===========================================================================================
----------------- testing Fri Mar 29 03:51:15 UTC 2019 /home/travis/build/icyphy/ptII/ptolemy/actor/lib/test/auto/ArrayUpdate2.xml
----------------- Instantiating /home/travis/build/icyphy/ptII/ptolemy/actor/lib/test/auto/ArrayUpdate2.xml
5 ms. Memory: 880640K Free: 482038K (55%)
----------------- Invoking toplevel() on ptolemy.moml.MoMLSimpleApplication@2847b749
----------------- Done invoking toplevel() on ptolemy.moml.MoMLSimpleApplication@2847b749
reloadAllAccessors: .ArrayUpdate2

===========================================================================================
----------------- testing Fri Mar 29 03:51:15 UTC 2019 /home/travis/build/icyphy/ptII/ptolemy/actor/lib/test/auto/ArrayUpdate3.xml
----------------- Instantiating /home/travis/build/icyphy/ptII/ptolemy/actor/lib/test/auto/ArrayUpdate3.xml
2 ms. Memory: 880640K Free: 466401K (53%)
----------------- Invoking toplevel() on ptolemy.moml.MoMLSimpleApplication@568ad974
----------------- Done invoking toplevel() on ptolemy.moml.MoMLSimpleApplication@568ad974
reloadAllAccessors: .ArrayUpdate3

===========================================================================================
----------------- testing Fri Mar 29 03:51:16 UTC 2019 /home/travis/build/icyphy/ptII/ptolemy/actor/lib/test/auto/Assert1.xml
----------------- Instantiating /home/travis/build/icyphy/ptII/ptolemy/actor/lib/test/auto/Assert1.xml
4 ms. Memory: 880640K Free: 450765K (51%)
----------------- Invoking toplevel() on ptolemy.moml.MoMLSimpleApplication@15c6f633
----------------- Done invoking toplevel() on ptolemy.moml.MoMLSimpleApplication@15c6f633
reloadAllAccessors: .Assert1

===========================================================================================
----------------- testing Fri Mar 29 03:51:16 UTC 2019 /home/travis/build/icyphy/ptII/ptolemy/actor/lib/test/auto/Assert2.xml
----------------- Instantiating /home/travis/build/icyphy/ptII/ptolemy/actor/lib/test/auto/Assert2.xml
7 ms. Memory: 880640K Free: 435128K (49%)
----------------- Invoking toplevel() on ptolemy.moml.MoMLSimpleApplication@1bb7cdcf
----------------- Done invoking toplevel() on ptolemy.moml.MoMLSimpleApplication@1bb7cdcf
reloadAllAccessors: .Assert2

===========================================================================================
----------------- testing Fri Mar 29 03:51:16 UTC 2019 /home/travis/build/icyphy/ptII/ptolemy/actor/lib/test/auto/BooleanMultiplexor.xml
----------------- Instantiating /home/travis/build/icyphy/ptII/ptolemy/actor/lib/test/auto/BooleanMultiplexor.xml
3 ms. Memory: 880640K Free: 407988K (46%)
----------------- Invoking toplevel() on ptolemy.moml.MoMLSimpleApplication@6b080db
----------------- Done invoking toplevel() on ptolemy.moml.MoMLSimpleApplication@6b080db
reloadAllAccessors: .BooleanMultiplexor

===========================================================================================
----------------- testing Fri Mar 29 03:51:16 UTC 2019 /home/travis/build/icyphy/ptII/ptolemy/actor/lib/test/auto/BooleanMultiplexor2.xml
----------------- Instantiating /home/travis/build/icyphy/ptII/ptolemy/actor/lib/test/auto/BooleanMultiplexor2.xml
10 ms. Memory: 880640K Free: 392351K (45%)
----------------- Invoking toplevel() on ptolemy.moml.MoMLSimpleApplication@502c1749
----------------- Done invoking toplevel() on ptolemy.moml.MoMLSimpleApplication@502c1749
reloadAllAccessors: .BooleanMultiplexor2

===========================================================================================
----------------- testing Fri Mar 29 03:51:16 UTC 2019 /home/travis/build/icyphy/ptII/ptolemy/actor/lib/test/auto/BooleanMultiplexor3.xml
----------------- Instantiating /home/travis/build/icyphy/ptII/ptolemy/actor/lib/test/auto/BooleanMultiplexor3.xml
7 ms. Memory: 880640K Free: 376714K (43%)
----------------- Invoking toplevel() on ptolemy.moml.MoMLSimpleApplication@1169fad5
----------------- Done invoking toplevel() on ptolemy.moml.MoMLSimpleApplication@1169fad5
reloadAllAccessors: .BooleanMultiplexor3

===========================================================================================
----------------- testing Fri Mar 29 03:51:16 UTC 2019 /home/travis/build/icyphy/ptII/ptolemy/actor/lib/test/auto/BooleanSelect.xml
----------------- Instantiating /home/travis/build/icyphy/ptII/ptolemy/actor/lib/test/auto/BooleanSelect.xml
8 ms. Memory: 880640K Free: 361078K (41%)
----------------- Invoking toplevel() on ptolemy.moml.MoMLSimpleApplication@15845e24
----------------- Done invoking toplevel() on ptolemy.moml.MoMLSimpleApplication@15845e24
reloadAllAccessors: .BooleanSelect

===========================================================================================
----------------- testing Fri Mar 29 03:51:16 UTC 2019 /home/travis/build/icyphy/ptII/ptolemy/actor/lib/test/auto/BooleanSelect2.xml
----------------- Instantiating /home/travis/build/icyphy/ptII/ptolemy/actor/lib/test/auto/BooleanSelect2.xml
2 ms. Memory: 880640K Free: 345441K (39%)
----------------- Invoking toplevel() on ptolemy.moml.MoMLSimpleApplication@230da38c
----------------- Done invoking toplevel() on ptolemy.moml.MoMLSimpleApplication@230da38c
reloadAllAccessors: .BooleanSelect2

===========================================================================================
----------------- testing Fri Mar 29 03:51:16 UTC 2019 /home/travis/build/icyphy/ptII/ptolemy/actor/lib/test/auto/BooleanSwitch.xml
----------------- Instantiating /home/travis/build/icyphy/ptII/ptolemy/actor/lib/test/auto/BooleanSwitch.xml
7 ms. Memory: 880640K Free: 318300K (36%)
----------------- Invoking toplevel() on ptolemy.moml.MoMLSimpleApplication@23866f96
----------------- Done invoking toplevel() on ptolemy.moml.MoMLSimpleApplication@23866f96
reloadAllAccessors: .BooleanSwitch

===========================================================================================
----------------- testing Fri Mar 29 03:51:16 UTC 2019 /home/travis/build/icyphy/ptII/ptolemy/actor/lib/test/auto/BooleanSwitch2.xml
----------------- Instantiating /home/travis/build/icyphy/ptII/ptolemy/actor/lib/test/auto/BooleanSwitch2.xml
2 ms. Memory: 880640K Free: 302664K (34%)
----------------- Invoking toplevel() on ptolemy.moml.MoMLSimpleApplication@20c15c0a
----------------- Done invoking toplevel() on ptolemy.moml.MoMLSimpleApplication@20c15c0a
reloadAllAccessors: .BooleanSwitch2

===========================================================================================
----------------- testing Fri Mar 29 03:51:16 UTC 2019 /home/travis/build/icyphy/ptII/ptolemy/actor/lib/test/auto/BooleanSwitchCloningBugWithClassRelationGroup.xml
----------------- Instantiating /home/travis/build/icyphy/ptII/ptolemy/actor/lib/test/auto/BooleanSwitchCloningBugWithClassRelationGroup.xml
5 ms. Memory: 880640K Free: 287027K (33%)
----------------- Invoking toplevel() on ptolemy.moml.MoMLSimpleApplication@b256145
----------------- Done invoking toplevel() on ptolemy.moml.MoMLSimpleApplication@b256145
reloadAllAccessors: .BooleanSwitchCloningBugWithClassRelationGroup

===========================================================================================
----------------- testing Fri Mar 29 03:51:16 UTC 2019 /home/travis/build/icyphy/ptII/ptolemy/actor/lib/test/auto/BusActors.xml
----------------- Instantiating /home/travis/build/icyphy/ptII/ptolemy/actor/lib/test/auto/BusActors.xml
9 ms. Memory: 880640K Free: 271391K (31%)
----------------- Invoking toplevel() on ptolemy.moml.MoMLSimpleApplication@3cace2c5
----------------- Done invoking toplevel() on ptolemy.moml.MoMLSimpleApplication@3cace2c5
reloadAllAccessors: .BusActors

===========================================================================================
----------------- testing Fri Mar 29 03:51:16 UTC 2019 /home/travis/build/icyphy/ptII/ptolemy/actor/lib/test/auto/ClassWrapper.xml
----------------- Instantiating /home/travis/build/icyphy/ptII/ptolemy/actor/lib/test/auto/ClassWrapper.xml
3 ms. Memory: 880640K Free: 255754K (29%)
----------------- Invoking toplevel() on ptolemy.moml.MoMLSimpleApplication@7d4957ef
----------------- Done invoking toplevel() on ptolemy.moml.MoMLSimpleApplication@7d4957ef
reloadAllAccessors: .ClassWrapper

===========================================================================================
----------------- testing Fri Mar 29 03:51:16 UTC 2019 /home/travis/build/icyphy/ptII/ptolemy/actor/lib/test/auto/Clock.xml
----------------- Instantiating /home/travis/build/icyphy/ptII/ptolemy/actor/lib/test/auto/Clock.xml
3 ms. Memory: 880640K Free: 240118K (27%)
----------------- Invoking toplevel() on ptolemy.moml.MoMLSimpleApplication@6d067d62
----------------- Done invoking toplevel() on ptolemy.moml.MoMLSimpleApplication@6d067d62
reloadAllAccessors: .Clock

===========================================================================================
----------------- testing Fri Mar 29 03:51:16 UTC 2019 /home/travis/build/icyphy/ptII/ptolemy/actor/lib/test/auto/Clock10.xml
----------------- Instantiating /home/travis/build/icyphy/ptII/ptolemy/actor/lib/test/auto/Clock10.xml
5 ms. Memory: 880640K Free: 212977K (24%)
----------------- Invoking toplevel() on ptolemy.moml.MoMLSimpleApplication@4b84f4be
----------------- Done invoking toplevel() on ptolemy.moml.MoMLSimpleApplication@4b84f4be
reloadAllAccessors: .Clock10

===========================================================================================
----------------- testing Fri Mar 29 03:51:16 UTC 2019 /home/travis/build/icyphy/ptII/ptolemy/actor/lib/test/auto/Clock11.xml
----------------- Instantiating /home/travis/build/icyphy/ptII/ptolemy/actor/lib/test/auto/Clock11.xml
7 ms. Memory: 880640K Free: 197340K (22%)
----------------- Invoking toplevel() on ptolemy.moml.MoMLSimpleApplication@4c43fdcc
----------------- Done invoking toplevel() on ptolemy.moml.MoMLSimpleApplication@4c43fdcc
reloadAllAccessors: .Clock11

===========================================================================================
----------------- testing Fri Mar 29 03:51:16 UTC 2019 /home/travis/build/icyphy/ptII/ptolemy/actor/lib/test/auto/Clock12.xml
----------------- Instantiating /home/travis/build/icyphy/ptII/ptolemy/actor/lib/test/auto/Clock12.xml
3 ms. Memory: 880640K Free: 181704K (21%)
----------------- Invoking toplevel() on ptolemy.moml.MoMLSimpleApplication@76a5b3ad
----------------- Done invoking toplevel() on ptolemy.moml.MoMLSimpleApplication@76a5b3ad
reloadAllAccessors: .Clock12

===========================================================================================
----------------- testing Fri Mar 29 03:51:16 UTC 2019 /home/travis/build/icyphy/ptII/ptolemy/actor/lib/test/auto/Clock13.xml
----------------- Instantiating /home/travis/build/icyphy/ptII/ptolemy/actor/lib/test/auto/Clock13.xml
2 ms. Memory: 880640K Free: 166067K (19%)
----------------- Invoking toplevel() on ptolemy.moml.MoMLSimpleApplication@36aa21fe
----------------- Done invoking toplevel() on ptolemy.moml.MoMLSimpleApplication@36aa21fe
reloadAllAccessors: .Clock13

===========================================================================================
----------------- testing Fri Mar 29 03:51:16 UTC 2019 /home/travis/build/icyphy/ptII/ptolemy/actor/lib/test/auto/Clock14.xml
----------------- Instantiating /home/travis/build/icyphy/ptII/ptolemy/actor/lib/test/auto/Clock14.xml
4 ms. Memory: 880640K Free: 150431K (17%)
----------------- Invoking toplevel() on ptolemy.moml.MoMLSimpleApplication@64bb09d3
----------------- Done invoking toplevel() on ptolemy.moml.MoMLSimpleApplication@64bb09d3
reloadAllAccessors: .Clock14

===========================================================================================
----------------- testing Fri Mar 29 03:51:16 UTC 2019 /home/travis/build/icyphy/ptII/ptolemy/actor/lib/test/auto/Clock15.xml
----------------- Instantiating /home/travis/build/icyphy/ptII/ptolemy/actor/lib/test/auto/Clock15.xml
2 ms. Memory: 880640K Free: 123290K (14%)
----------------- Invoking toplevel() on ptolemy.moml.MoMLSimpleApplication@3c43df1
----------------- Done invoking toplevel() on ptolemy.moml.MoMLSimpleApplication@3c43df1
reloadAllAccessors: .Clock15

===========================================================================================
----------------- testing Fri Mar 29 03:51:16 UTC 2019 /home/travis/build/icyphy/ptII/ptolemy/actor/lib/test/auto/Clock16.xml
----------------- Instantiating /home/travis/build/icyphy/ptII/ptolemy/actor/lib/test/auto/Clock16.xml
32 ms. Memory: 880640K Free: 99819K (11%)
----------------- Invoking toplevel() on ptolemy.moml.MoMLSimpleApplication@4823cb44
----------------- Done invoking toplevel() on ptolemy.moml.MoMLSimpleApplication@4823cb44
reloadAllAccessors: .Clock16

===========================================================================================
----------------- testing Fri Mar 29 03:51:16 UTC 2019 /home/travis/build/icyphy/ptII/ptolemy/actor/lib/test/auto/Clock17.xml
----------------- Instantiating /home/travis/build/icyphy/ptII/ptolemy/actor/lib/test/auto/Clock17.xml
18 ms. Memory: 880640K Free: 76348K (9%)
----------------- Invoking toplevel() on ptolemy.moml.MoMLSimpleApplication@7f11fa7a
----------------- Done invoking toplevel() on ptolemy.moml.MoMLSimpleApplication@7f11fa7a
reloadAllAccessors: .Clock17

===========================================================================================
----------------- testing Fri Mar 29 03:51:16 UTC 2019 /home/travis/build/icyphy/ptII/ptolemy/actor/lib/test/auto/Clock18.xml
----------------- Instantiating /home/travis/build/icyphy/ptII/ptolemy/actor/lib/test/auto/Clock18.xml
24 ms. Memory: 880640K Free: 56634K (6%)
----------------- Invoking toplevel() on ptolemy.moml.MoMLSimpleApplication@43255d8e
----------------- Done invoking toplevel() on ptolemy.moml.MoMLSimpleApplication@43255d8e
reloadAllAccessors: .Clock18

===========================================================================================
----------------- testing Fri Mar 29 03:51:16 UTC 2019 /home/travis/build/icyphy/ptII/ptolemy/actor/lib/test/auto/Clock19.xml
----------------- Instantiating /home/travis/build/icyphy/ptII/ptolemy/actor/lib/test/auto/Clock19.xml
7 ms. Memory: 882176K Free: 819812K (93%)
----------------- Invoking toplevel() on ptolemy.moml.MoMLSimpleApplication@4522ebe5
----------------- Done invoking toplevel() on ptolemy.moml.MoMLSimpleApplication@4522ebe5
reloadAllAccessors: .Clock19

===========================================================================================
----------------- testing Fri Mar 29 03:51:16 UTC 2019 /home/travis/build/icyphy/ptII/ptolemy/actor/lib/test/auto/Clock2.xml
----------------- Instantiating /home/travis/build/icyphy/ptII/ptolemy/actor/lib/test/auto/Clock2.xml
7 ms. Memory: 882176K Free: 801346K (91%)
----------------- Invoking toplevel() on ptolemy.moml.MoMLSimpleApplication@341f218f
----------------- Done invoking toplevel() on ptolemy.moml.MoMLSimpleApplication@341f218f
reloadAllAccessors: .Clock2

===========================================================================================
----------------- testing Fri Mar 29 03:51:16 UTC 2019 /home/travis/build/icyphy/ptII/ptolemy/actor/lib/test/auto/Clock20.xml
----------------- Instantiating /home/travis/build/icyphy/ptII/ptolemy/actor/lib/test/auto/Clock20.xml
14 ms. Memory: 882176K Free: 790922K (90%)
----------------- Invoking toplevel() on ptolemy.moml.MoMLSimpleApplication@34db54b4
----------------- Done invoking toplevel() on ptolemy.moml.MoMLSimpleApplication@34db54b4
reloadAllAccessors: .Clock20

===========================================================================================
----------------- testing Fri Mar 29 03:51:17 UTC 2019 /home/travis/build/icyphy/ptII/ptolemy/actor/lib/test/auto/Clock21.xml
----------------- Instantiating /home/travis/build/icyphy/ptII/ptolemy/actor/lib/test/auto/Clock21.xml
8 ms. Memory: 882176K Free: 780497K (88%)
----------------- Invoking toplevel() on ptolemy.moml.MoMLSimpleApplication@278193a5
----------------- Done invoking toplevel() on ptolemy.moml.MoMLSimpleApplication@278193a5
reloadAllAccessors: .Clock21

===========================================================================================
----------------- testing Fri Mar 29 03:51:17 UTC 2019 /home/travis/build/icyphy/ptII/ptolemy/actor/lib/test/auto/Clock22.xml
----------------- Instantiating /home/travis/build/icyphy/ptII/ptolemy/actor/lib/test/auto/Clock22.xml
7 ms. Memory: 882176K Free: 762031K (86%)
----------------- Invoking toplevel() on ptolemy.moml.MoMLSimpleApplication@402d7fda
----------------- Done invoking toplevel() on ptolemy.moml.MoMLSimpleApplication@402d7fda
reloadAllAccessors: .Clock22

===========================================================================================
----------------- testing Fri Mar 29 03:51:17 UTC 2019 /home/travis/build/icyphy/ptII/ptolemy/actor/lib/test/auto/Clock23.xml
----------------- Instantiating /home/travis/build/icyphy/ptII/ptolemy/actor/lib/test/auto/Clock23.xml
4 ms. Memory: 882176K Free: 751607K (85%)
----------------- Invoking toplevel() on ptolemy.moml.MoMLSimpleApplication@6ce762f5
----------------- Done invoking toplevel() on ptolemy.moml.MoMLSimpleApplication@6ce762f5
reloadAllAccessors: .Clock23

===========================================================================================
----------------- testing Fri Mar 29 03:51:17 UTC 2019 /home/travis/build/icyphy/ptII/ptolemy/actor/lib/test/auto/Clock24.xml
----------------- Instantiating /home/travis/build/icyphy/ptII/ptolemy/actor/lib/test/auto/Clock24.xml
7 ms. Memory: 882176K Free: 741182K (84%)
----------------- Invoking toplevel() on ptolemy.moml.MoMLSimpleApplication@3e681297
----------------- Done invoking toplevel() on ptolemy.moml.MoMLSimpleApplication@3e681297
reloadAllAccessors: .Clock24

===========================================================================================
----------------- testing Fri Mar 29 03:51:17 UTC 2019 /home/travis/build/icyphy/ptII/ptolemy/actor/lib/test/auto/Clock4.xml
----------------- Instantiating /home/travis/build/icyphy/ptII/ptolemy/actor/lib/test/auto/Clock4.xml
6 ms. Memory: 882176K Free: 730758K (83%)
----------------- Invoking toplevel() on ptolemy.moml.MoMLSimpleApplication@569d5aab
----------------- Done invoking toplevel() on ptolemy.moml.MoMLSimpleApplication@569d5aab
reloadAllAccessors: .Clock4

===========================================================================================
----------------- testing Fri Mar 29 03:51:17 UTC 2019 /home/travis/build/icyphy/ptII/ptolemy/actor/lib/test/auto/Clock5.xml
----------------- Instantiating /home/travis/build/icyphy/ptII/ptolemy/actor/lib/test/auto/Clock5.xml
2 ms. Memory: 882176K Free: 712292K (81%)
----------------- Invoking toplevel() on ptolemy.moml.MoMLSimpleApplication@1e191c7e
----------------- Done invoking toplevel() on ptolemy.moml.MoMLSimpleApplication@1e191c7e
reloadAllAccessors: .Clock5

===========================================================================================
----------------- testing Fri Mar 29 03:51:17 UTC 2019 /home/travis/build/icyphy/ptII/ptolemy/actor/lib/test/auto/Clock6.xml
----------------- Instantiating /home/travis/build/icyphy/ptII/ptolemy/actor/lib/test/auto/Clock6.xml
2 ms. Memory: 882176K Free: 701868K (80%)
----------------- Invoking toplevel() on ptolemy.moml.MoMLSimpleApplication@b0014d6
----------------- Done invoking toplevel() on ptolemy.moml.MoMLSimpleApplication@b0014d6
reloadAllAccessors: .Clock6

===========================================================================================
----------------- testing Fri Mar 29 03:51:17 UTC 2019 /home/travis/build/icyphy/ptII/ptolemy/actor/lib/test/auto/Clock7.xml
----------------- Instantiating /home/travis/build/icyphy/ptII/ptolemy/actor/lib/test/auto/Clock7.xml
3 ms. Memory: 882176K Free: 691443K (78%)
----------------- Invoking toplevel() on ptolemy.moml.MoMLSimpleApplication@6f976ca0
----------------- Done invoking toplevel() on ptolemy.moml.MoMLSimpleApplication@6f976ca0
reloadAllAccessors: .Clock7

===========================================================================================
----------------- testing Fri Mar 29 03:51:17 UTC 2019 /home/travis/build/icyphy/ptII/ptolemy/actor/lib/test/auto/Clock8.xml
----------------- Instantiating /home/travis/build/icyphy/ptII/ptolemy/actor/lib/test/auto/Clock8.xml
5 ms. Memory: 882176K Free: 672977K (76%)
----------------- Invoking toplevel() on ptolemy.moml.MoMLSimpleApplication@1de5363a
----------------- Done invoking toplevel() on ptolemy.moml.MoMLSimpleApplication@1de5363a
reloadAllAccessors: .Clock8

===========================================================================================
----------------- testing Fri Mar 29 03:51:17 UTC 2019 /home/travis/build/icyphy/ptII/ptolemy/actor/lib/test/auto/Clock9.xml
----------------- Instantiating /home/travis/build/icyphy/ptII/ptolemy/actor/lib/test/auto/Clock9.xml
3 ms. Memory: 882176K Free: 662553K (75%)
----------------- Invoking toplevel() on ptolemy.moml.MoMLSimpleApplication@50097e5e
----------------- Done invoking toplevel() on ptolemy.moml.MoMLSimpleApplication@50097e5e
reloadAllAccessors: .Clock9

===========================================================================================
----------------- testing Fri Mar 29 03:51:17 UTC 2019 /home/travis/build/icyphy/ptII/ptolemy/actor/lib/test/auto/CommDistDiscard.xml
----------------- Instantiating /home/travis/build/icyphy/ptII/ptolemy/actor/lib/test/auto/CommDistDiscard.xml
5 ms. Memory: 882176K Free: 652129K (74%)
----------------- Invoking toplevel() on ptolemy.moml.MoMLSimpleApplication@18c7f2b0
----------------- Done invoking toplevel() on ptolemy.moml.MoMLSimpleApplication@18c7f2b0
reloadAllAccessors: .CommDistDiscard

===========================================================================================
----------------- testing Fri Mar 29 03:51:17 UTC 2019 /home/travis/build/icyphy/ptII/ptolemy/actor/lib/test/auto/Commutator.xml
----------------- Instantiating /home/travis/build/icyphy/ptII/ptolemy/actor/lib/test/auto/Commutator.xml
4 ms. Memory: 882176K Free: 641704K (73%)
----------------- Invoking toplevel() on ptolemy.moml.MoMLSimpleApplication@6b768cc7
----------------- Done invoking toplevel() on ptolemy.moml.MoMLSimpleApplication@6b768cc7
reloadAllAccessors: .Commutator

===========================================================================================
----------------- testing Fri Mar 29 03:51:17 UTC 2019 /home/travis/build/icyphy/ptII/ptolemy/actor/lib/test/auto/Commutator2.xml
----------------- Instantiating /home/travis/build/icyphy/ptII/ptolemy/actor/lib/test/auto/Commutator2.xml
2 ms. Memory: 882176K Free: 623238K (71%)
----------------- Invoking toplevel() on ptolemy.moml.MoMLSimpleApplication@257c082c
----------------- Done invoking toplevel() on ptolemy.moml.MoMLSimpleApplication@257c082c
reloadAllAccessors: .Commutator2

===========================================================================================
----------------- testing Fri Mar 29 03:51:17 UTC 2019 /home/travis/build/icyphy/ptII/ptolemy/actor/lib/test/auto/Commutator3.xml
----------------- Instantiating /home/travis/build/icyphy/ptII/ptolemy/actor/lib/test/auto/Commutator3.xml
2 ms. Memory: 882176K Free: 612814K (69%)
----------------- Invoking toplevel() on ptolemy.moml.MoMLSimpleApplication@1cbe91a7
----------------- Done invoking toplevel() on ptolemy.moml.MoMLSimpleApplication@1cbe91a7
reloadAllAccessors: .Commutator3

===========================================================================================
----------------- testing Fri Mar 29 03:51:17 UTC 2019 /home/travis/build/icyphy/ptII/ptolemy/actor/lib/test/auto/Compare.xml
----------------- Instantiating /home/travis/build/icyphy/ptII/ptolemy/actor/lib/test/auto/Compare.xml
2 ms. Memory: 882176K Free: 602390K (68%)
----------------- Invoking toplevel() on ptolemy.moml.MoMLSimpleApplication@4ddfb2bd
----------------- Done invoking toplevel() on ptolemy.moml.MoMLSimpleApplication@4ddfb2bd
reloadAllAccessors: .Compare

===========================================================================================
----------------- testing Fri Mar 29 03:51:17 UTC 2019 /home/travis/build/icyphy/ptII/ptolemy/actor/lib/test/auto/CompareDE.xml
----------------- Instantiating /home/travis/build/icyphy/ptII/ptolemy/actor/lib/test/auto/CompareDE.xml
6 ms. Memory: 882176K Free: 583924K (66%)
----------------- Invoking toplevel() on ptolemy.moml.MoMLSimpleApplication@3acabbcf
----------------- Done invoking toplevel() on ptolemy.moml.MoMLSimpleApplication@3acabbcf
reloadAllAccessors: .CompareDE

===========================================================================================
----------------- testing Fri Mar 29 03:51:17 UTC 2019 /home/travis/build/icyphy/ptII/ptolemy/actor/lib/test/auto/ComplexDivide.xml
----------------- Instantiating /home/travis/build/icyphy/ptII/ptolemy/actor/lib/test/auto/ComplexDivide.xml
2 ms. Memory: 882176K Free: 573499K (65%)
----------------- Invoking toplevel() on ptolemy.moml.MoMLSimpleApplication@87130e7
----------------- Done invoking toplevel() on ptolemy.moml.MoMLSimpleApplication@87130e7
reloadAllAccessors: .ComplexDivide

===========================================================================================
----------------- testing Fri Mar 29 03:51:17 UTC 2019 /home/travis/build/icyphy/ptII/ptolemy/actor/lib/test/auto/ComputeHistogram.xml
----------------- Instantiating /home/travis/build/icyphy/ptII/ptolemy/actor/lib/test/auto/ComputeHistogram.xml
37 ms. Memory: 882176K Free: 557847K (63%)
----------------- Invoking toplevel() on ptolemy.moml.MoMLSimpleApplication@327dbc3f
----------------- Done invoking toplevel() on ptolemy.moml.MoMLSimpleApplication@327dbc3f
reloadAllAccessors: .ComputeHistogram

===========================================================================================
----------------- testing Fri Mar 29 03:51:17 UTC 2019 /home/travis/build/icyphy/ptII/ptolemy/actor/lib/test/auto/ConfigurationSelect.xml
----------------- Instantiating /home/travis/build/icyphy/ptII/ptolemy/actor/lib/test/auto/ConfigurationSelect.xml
3 ms. Memory: 882176K Free: 547422K (62%)
----------------- Invoking toplevel() on ptolemy.moml.MoMLSimpleApplication@38f3f513
----------------- Done invoking toplevel() on ptolemy.moml.MoMLSimpleApplication@38f3f513
reloadAllAccessors: .ConfigurationSelect

===========================================================================================
----------------- testing Fri Mar 29 03:51:17 UTC 2019 /home/travis/build/icyphy/ptII/ptolemy/actor/lib/test/auto/ConfigurationSelect2.xml
----------------- Instantiating /home/travis/build/icyphy/ptII/ptolemy/actor/lib/test/auto/ConfigurationSelect2.xml
2 ms. Memory: 882176K Free: 528956K (60%)
----------------- Invoking toplevel() on ptolemy.moml.MoMLSimpleApplication@12602495
----------------- Done invoking toplevel() on ptolemy.moml.MoMLSimpleApplication@12602495
reloadAllAccessors: .ConfigurationSelect2

===========================================================================================
----------------- testing Fri Mar 29 03:51:17 UTC 2019 /home/travis/build/icyphy/ptII/ptolemy/actor/lib/test/auto/ConfigurationSwitch.xml
----------------- Instantiating /home/travis/build/icyphy/ptII/ptolemy/actor/lib/test/auto/ConfigurationSwitch.xml
2 ms. Memory: 882176K Free: 518532K (59%)
----------------- Invoking toplevel() on ptolemy.moml.MoMLSimpleApplication@1ebb9586
----------------- Done invoking toplevel() on ptolemy.moml.MoMLSimpleApplication@1ebb9586
reloadAllAccessors: .ConfigurationSwitch

===========================================================================================
----------------- testing Fri Mar 29 03:51:17 UTC 2019 /home/travis/build/icyphy/ptII/ptolemy/actor/lib/test/auto/ConfigurationSwitch2.xml
----------------- Instantiating /home/travis/build/icyphy/ptII/ptolemy/actor/lib/test/auto/ConfigurationSwitch2.xml
4 ms. Memory: 882176K Free: 508108K (58%)
----------------- Invoking toplevel() on ptolemy.moml.MoMLSimpleApplication@46e3b77f
----------------- Done invoking toplevel() on ptolemy.moml.MoMLSimpleApplication@46e3b77f
reloadAllAccessors: .ConfigurationSwitch2

===========================================================================================
----------------- testing Fri Mar 29 03:51:17 UTC 2019 /home/travis/build/icyphy/ptII/ptolemy/actor/lib/test/auto/ConfigurationSwitchCloningBugWithClassRelationGroup.xml
----------------- Instantiating /home/travis/build/icyphy/ptII/ptolemy/actor/lib/test/auto/ConfigurationSwitchCloningBugWithClassRelationGroup.xml
1 ms. Memory: 882176K Free: 489642K (56%)
----------------- Invoking toplevel() on ptolemy.moml.MoMLSimpleApplication@27b40c82
----------------- Done invoking toplevel() on ptolemy.moml.MoMLSimpleApplication@27b40c82
reloadAllAccessors: .ConfigurationSwitchCloningBugWithClassRelationGroup

===========================================================================================
----------------- testing Fri Mar 29 03:51:17 UTC 2019 /home/travis/build/icyphy/ptII/ptolemy/actor/lib/test/auto/ConfigurationSwitchSelectSDF.xml
----------------- Instantiating /home/travis/build/icyphy/ptII/ptolemy/actor/lib/test/auto/ConfigurationSwitchSelectSDF.xml
2 ms. Memory: 882176K Free: 479217K (54%)
----------------- Invoking toplevel() on ptolemy.moml.MoMLSimpleApplication@3d486a09
----------------- Done invoking toplevel() on ptolemy.moml.MoMLSimpleApplication@3d486a09
reloadAllAccessors: .ConfigurationSwitchSelectSDF

===========================================================================================
----------------- testing Fri Mar 29 03:51:17 UTC 2019 /home/travis/build/icyphy/ptII/ptolemy/actor/lib/test/auto/ConfigurationSwitchSelectSDF2.xml
----------------- Instantiating /home/travis/build/icyphy/ptII/ptolemy/actor/lib/test/auto/ConfigurationSwitchSelectSDF2.xml
2 ms. Memory: 882176K Free: 468793K (53%)
----------------- Invoking toplevel() on ptolemy.moml.MoMLSimpleApplication@6c71d63f
----------------- Done invoking toplevel() on ptolemy.moml.MoMLSimpleApplication@6c71d63f
reloadAllAccessors: .ConfigurationSwitchSelectSDF2

===========================================================================================
----------------- testing Fri Mar 29 03:51:17 UTC 2019 /home/travis/build/icyphy/ptII/ptolemy/actor/lib/test/auto/Const.xml
----------------- Instantiating /home/travis/build/icyphy/ptII/ptolemy/actor/lib/test/auto/Const.xml
1 ms. Memory: 882176K Free: 458368K (52%)
----------------- Invoking toplevel() on ptolemy.moml.MoMLSimpleApplication@1b195f20
----------------- Done invoking toplevel() on ptolemy.moml.MoMLSimpleApplication@1b195f20
reloadAllAccessors: .Const

===========================================================================================
----------------- testing Fri Mar 29 03:51:17 UTC 2019 /home/travis/build/icyphy/ptII/ptolemy/actor/lib/test/auto/Const2.xml
----------------- Instantiating /home/travis/build/icyphy/ptII/ptolemy/actor/lib/test/auto/Const2.xml
2 ms. Memory: 882176K Free: 439903K (50%)
----------------- Invoking toplevel() on ptolemy.moml.MoMLSimpleApplication@436657a
----------------- Done invoking toplevel() on ptolemy.moml.MoMLSimpleApplication@436657a
reloadAllAccessors: .Const2

===========================================================================================
----------------- testing Fri Mar 29 03:51:17 UTC 2019 /home/travis/build/icyphy/ptII/ptolemy/actor/lib/test/auto/Const3.xml
----------------- Instantiating /home/travis/build/icyphy/ptII/ptolemy/actor/lib/test/auto/Const3.xml
1 ms. Memory: 882176K Free: 429478K (49%)
----------------- Invoking toplevel() on ptolemy.moml.MoMLSimpleApplication@4933faea
----------------- Done invoking toplevel() on ptolemy.moml.MoMLSimpleApplication@4933faea
reloadAllAccessors: .Const3

===========================================================================================
----------------- testing Fri Mar 29 03:51:17 UTC 2019 /home/travis/build/icyphy/ptII/ptolemy/actor/lib/test/auto/ConstantPublisherPort1.xml
----------------- Instantiating /home/travis/build/icyphy/ptII/ptolemy/actor/lib/test/auto/ConstantPublisherPort1.xml
7 ms. Memory: 882176K Free: 413826K (47%)
----------------- Invoking toplevel() on ptolemy.moml.MoMLSimpleApplication@10e42f84
----------------- Done invoking toplevel() on ptolemy.moml.MoMLSimpleApplication@10e42f84
reloadAllAccessors: .ConstantPublisherPort1

===========================================================================================
----------------- testing Fri Mar 29 03:51:17 UTC 2019 /home/travis/build/icyphy/ptII/ptolemy/actor/lib/test/auto/ConstantPublisherPort2.xml
----------------- Instantiating /home/travis/build/icyphy/ptII/ptolemy/actor/lib/test/auto/ConstantPublisherPort2.xml
10 ms. Memory: 882176K Free: 395359K (45%)
----------------- Invoking toplevel() on ptolemy.moml.MoMLSimpleApplication@7084782e
----------------- Done invoking toplevel() on ptolemy.moml.MoMLSimpleApplication@7084782e
reloadAllAccessors: .ConstantPublisherPort2

===========================================================================================
----------------- testing Fri Mar 29 03:51:17 UTC 2019 /home/travis/build/icyphy/ptII/ptolemy/actor/lib/test/auto/ConstantPublisherPort3.xml
----------------- Instantiating /home/travis/build/icyphy/ptII/ptolemy/actor/lib/test/auto/ConstantPublisherPort3.xml
9 ms. Memory: 882176K Free: 384935K (44%)
----------------- Invoking toplevel() on ptolemy.moml.MoMLSimpleApplication@f3ccc07
----------------- Done invoking toplevel() on ptolemy.moml.MoMLSimpleApplication@f3ccc07
reloadAllAccessors: .ConstantPublisherPort3

===========================================================================================
----------------- testing Fri Mar 29 03:51:17 UTC 2019 /home/travis/build/icyphy/ptII/ptolemy/actor/lib/test/auto/ConstantPublisherPort4.xml
----------------- Instantiating /home/travis/build/icyphy/ptII/ptolemy/actor/lib/test/auto/ConstantPublisherPort4.xml
4 ms. Memory: 882176K Free: 374511K (42%)
----------------- Invoking toplevel() on ptolemy.moml.MoMLSimpleApplication@247398df
----------------- Done invoking toplevel() on ptolemy.moml.MoMLSimpleApplication@247398df
reloadAllAccessors: .ConstantPublisherPort4

===========================================================================================
----------------- testing Fri Mar 29 03:51:17 UTC 2019 /home/travis/build/icyphy/ptII/ptolemy/actor/lib/test/auto/ConstantPublisherPort5.xml
----------------- Instantiating /home/travis/build/icyphy/ptII/ptolemy/actor/lib/test/auto/ConstantPublisherPort5.xml
18 ms. Memory: 882176K Free: 348434K (39%)
----------------- Invoking toplevel() on ptolemy.moml.MoMLSimpleApplication@4473fdaa
----------------- Done invoking toplevel() on ptolemy.moml.MoMLSimpleApplication@4473fdaa
reloadAllAccessors: .ConstantPublisherPort5

===========================================================================================
----------------- testing Fri Mar 29 03:51:17 UTC 2019 /home/travis/build/icyphy/ptII/ptolemy/actor/lib/test/auto/ConstantPublisherPort6.xml
----------------- Instantiating /home/travis/build/icyphy/ptII/ptolemy/actor/lib/test/auto/ConstantPublisherPort6.xml
15 ms. Memory: 882176K Free: 314331K (36%)
----------------- Invoking toplevel() on ptolemy.moml.MoMLSimpleApplication@3ebf5035
----------------- Done invoking toplevel() on ptolemy.moml.MoMLSimpleApplication@3ebf5035
reloadAllAccessors: .ConstantPublisherPort6

===========================================================================================
----------------- testing Fri Mar 29 03:51:17 UTC 2019 /home/travis/build/icyphy/ptII/ptolemy/actor/lib/test/auto/ConstantPublisherPort7.xml
----------------- Instantiating /home/travis/build/icyphy/ptII/ptolemy/actor/lib/test/auto/ConstantPublisherPort7.xml
14 ms. Memory: 882176K Free: 288270K (33%)
----------------- Invoking toplevel() on ptolemy.moml.MoMLSimpleApplication@4f3ef636
----------------- Done invoking toplevel() on ptolemy.moml.MoMLSimpleApplication@4f3ef636
reloadAllAccessors: .ConstantPublisherPort7

===========================================================================================
----------------- testing Fri Mar 29 03:51:17 UTC 2019 /home/travis/build/icyphy/ptII/ptolemy/actor/lib/test/auto/ConstraintMonitor1.xml
----------------- Instantiating /home/travis/build/icyphy/ptII/ptolemy/actor/lib/test/auto/ConstraintMonitor1.xml
9 ms. Memory: 882176K Free: 277846K (31%)
----------------- Invoking toplevel() on ptolemy.moml.MoMLSimpleApplication@1713260f
----------------- Done invoking toplevel() on ptolemy.moml.MoMLSimpleApplication@1713260f
reloadAllAccessors: .ConstraintMonitor1

===========================================================================================
----------------- testing Fri Mar 29 03:51:18 UTC 2019 /home/travis/build/icyphy/ptII/ptolemy/actor/lib/test/auto/ConstraintMonitor2.xml
----------------- Instantiating /home/travis/build/icyphy/ptII/ptolemy/actor/lib/test/auto/ConstraintMonitor2.xml
5 ms. Memory: 882176K Free: 259380K (29%)
----------------- Invoking toplevel() on ptolemy.moml.MoMLSimpleApplication@350b21ae
----------------- Done invoking toplevel() on ptolemy.moml.MoMLSimpleApplication@350b21ae
reloadAllAccessors: .ConstraintMonitor2

===========================================================================================
----------------- testing Fri Mar 29 03:51:18 UTC 2019 /home/travis/build/icyphy/ptII/ptolemy/actor/lib/test/auto/ConstraintMonitor3.xml
----------------- Instantiating /home/travis/build/icyphy/ptII/ptolemy/actor/lib/test/auto/ConstraintMonitor3.xml
2 ms. Memory: 882176K Free: 248955K (28%)
----------------- Invoking toplevel() on ptolemy.moml.MoMLSimpleApplication@66e3f94b
----------------- Done invoking toplevel() on ptolemy.moml.MoMLSimpleApplication@66e3f94b
reloadAllAccessors: .ConstraintMonitor3

===========================================================================================
----------------- testing Fri Mar 29 03:51:18 UTC 2019 /home/travis/build/icyphy/ptII/ptolemy/actor/lib/test/auto/ConstraintMonitor4.xml
----------------- Instantiating /home/travis/build/icyphy/ptII/ptolemy/actor/lib/test/auto/ConstraintMonitor4.xml
2 ms. Memory: 882176K Free: 238531K (27%)
----------------- Invoking toplevel() on ptolemy.moml.MoMLSimpleApplication@2c258388
----------------- Done invoking toplevel() on ptolemy.moml.MoMLSimpleApplication@2c258388
reloadAllAccessors: .ConstraintMonitor4

===========================================================================================
----------------- testing Fri Mar 29 03:51:18 UTC 2019 /home/travis/build/icyphy/ptII/ptolemy/actor/lib/test/auto/ConstraintMonitor5.xml
----------------- Instantiating /home/travis/build/icyphy/ptII/ptolemy/actor/lib/test/auto/ConstraintMonitor5.xml
2 ms. Memory: 882176K Free: 228107K (26%)
----------------- Invoking toplevel() on ptolemy.moml.MoMLSimpleApplication@6de2e92d
----------------- Done invoking toplevel() on ptolemy.moml.MoMLSimpleApplication@6de2e92d
reloadAllAccessors: .ConstraintMonitor5

===========================================================================================
----------------- testing Fri Mar 29 03:51:18 UTC 2019 /home/travis/build/icyphy/ptII/ptolemy/actor/lib/test/auto/ConstraintMonitor6.xml
----------------- Instantiating /home/travis/build/icyphy/ptII/ptolemy/actor/lib/test/auto/ConstraintMonitor6.xml
3 ms. Memory: 882176K Free: 209641K (24%)
----------------- Invoking toplevel() on ptolemy.moml.MoMLSimpleApplication@14e29ea2
----------------- Done invoking toplevel() on ptolemy.moml.MoMLSimpleApplication@14e29ea2
reloadAllAccessors: .ConstraintMonitor6

===========================================================================================
----------------- testing Fri Mar 29 03:51:18 UTC 2019 /home/travis/build/icyphy/ptII/ptolemy/actor/lib/test/auto/ConstraintMonitor7.xml
----------------- Instantiating /home/travis/build/icyphy/ptII/ptolemy/actor/lib/test/auto/ConstraintMonitor7.xml
4 ms. Memory: 882176K Free: 199216K (23%)
----------------- Invoking toplevel() on ptolemy.moml.MoMLSimpleApplication@6810c6bb
----------------- Done invoking toplevel() on ptolemy.moml.MoMLSimpleApplication@6810c6bb
reloadAllAccessors: .ConstraintMonitor7

===========================================================================================
----------------- testing Fri Mar 29 03:51:18 UTC 2019 /home/travis/build/icyphy/ptII/ptolemy/actor/lib/test/auto/ConstraintMonitor8.xml
----------------- Instantiating /home/travis/build/icyphy/ptII/ptolemy/actor/lib/test/auto/ConstraintMonitor8.xml
8 ms. Memory: 882176K Free: 188792K (21%)
----------------- Invoking toplevel() on ptolemy.moml.MoMLSimpleApplication@5e83dc7c
----------------- Done invoking toplevel() on ptolemy.moml.MoMLSimpleApplication@5e83dc7c
reloadAllAccessors: .ConstraintMonitor8

===========================================================================================
----------------- testing Fri Mar 29 03:51:18 UTC 2019 /home/travis/build/icyphy/ptII/ptolemy/actor/lib/test/auto/Counter.xml
----------------- Instantiating /home/travis/build/icyphy/ptII/ptolemy/actor/lib/test/auto/Counter.xml
2 ms. Memory: 882176K Free: 170326K (19%)
----------------- Invoking toplevel() on ptolemy.moml.MoMLSimpleApplication@2afd7bd7
----------------- Done invoking toplevel() on ptolemy.moml.MoMLSimpleApplication@2afd7bd7
reloadAllAccessors: .Counter

===========================================================================================
----------------- testing Fri Mar 29 03:51:18 UTC 2019 /home/travis/build/icyphy/ptII/ptolemy/actor/lib/test/auto/CurrentTimeSDF.xml
----------------- Instantiating /home/travis/build/icyphy/ptII/ptolemy/actor/lib/test/auto/CurrentTimeSDF.xml
4 ms. Memory: 882176K Free: 159901K (18%)
----------------- Invoking toplevel() on ptolemy.moml.MoMLSimpleApplication@4e542c6a
----------------- Done invoking toplevel() on ptolemy.moml.MoMLSimpleApplication@4e542c6a
reloadAllAccessors: .CurrentTimeSDF

===========================================================================================
----------------- testing Fri Mar 29 03:51:18 UTC 2019 /home/travis/build/icyphy/ptII/ptolemy/actor/lib/test/auto/DB.xml
----------------- Instantiating /home/travis/build/icyphy/ptII/ptolemy/actor/lib/test/auto/DB.xml
2 ms. Memory: 882176K Free: 149477K (17%)
----------------- Invoking toplevel() on ptolemy.moml.MoMLSimpleApplication@4a31ec6
----------------- Done invoking toplevel() on ptolemy.moml.MoMLSimpleApplication@4a31ec6
reloadAllAccessors: .DB

===========================================================================================
----------------- testing Fri Mar 29 03:51:18 UTC 2019 /home/travis/build/icyphy/ptII/ptolemy/actor/lib/test/auto/DBDE.xml
----------------- Instantiating /home/travis/build/icyphy/ptII/ptolemy/actor/lib/test/auto/DBDE.xml
2 ms. Memory: 882176K Free: 139053K (16%)
----------------- Invoking toplevel() on ptolemy.moml.MoMLSimpleApplication@2e22ff57
----------------- Done invoking toplevel() on ptolemy.moml.MoMLSimpleApplication@2e22ff57
reloadAllAccessors: .DBDE

===========================================================================================
----------------- testing Fri Mar 29 03:51:18 UTC 2019 /home/travis/build/icyphy/ptII/ptolemy/actor/lib/test/auto/DateConstructor.xml
----------------- Instantiating /home/travis/build/icyphy/ptII/ptolemy/actor/lib/test/auto/DateConstructor.xml
19 ms. Memory: 882176K Free: 110146K (12%)
----------------- Invoking toplevel() on ptolemy.moml.MoMLSimpleApplication@6de9d541
----------------- Done invoking toplevel() on ptolemy.moml.MoMLSimpleApplication@6de9d541
reloadAllAccessors: .DateConstructor

===========================================================================================
----------------- testing Fri Mar 29 03:51:18 UTC 2019 /home/travis/build/icyphy/ptII/ptolemy/actor/lib/test/auto/DelayTime.xml
----------------- Instantiating /home/travis/build/icyphy/ptII/ptolemy/actor/lib/test/auto/DelayTime.xml
4 ms. Memory: 882176K Free: 99722K (11%)
----------------- Invoking toplevel() on ptolemy.moml.MoMLSimpleApplication@73ed1ea7
----------------- Done invoking toplevel() on ptolemy.moml.MoMLSimpleApplication@73ed1ea7
reloadAllAccessors: .DelayTime

===========================================================================================
----------------- testing Fri Mar 29 03:51:18 UTC 2019 /home/travis/build/icyphy/ptII/ptolemy/actor/lib/test/auto/Dictionary1.xml
----------------- Instantiating /home/travis/build/icyphy/ptII/ptolemy/actor/lib/test/auto/Dictionary1.xml
1 ms. Memory: 882176K Free: 89298K (10%)
----------------- Invoking toplevel() on ptolemy.moml.MoMLSimpleApplication@499fca11
----------------- Done invoking toplevel() on ptolemy.moml.MoMLSimpleApplication@499fca11
reloadAllAccessors: .Dictionary1

===========================================================================================
----------------- testing Fri Mar 29 03:51:18 UTC 2019 /home/travis/build/icyphy/ptII/ptolemy/actor/lib/test/auto/Dictionary2.xml
----------------- Instantiating /home/travis/build/icyphy/ptII/ptolemy/actor/lib/test/auto/Dictionary2.xml
4 ms. Memory: 882176K Free: 70831K (8%)
----------------- Invoking toplevel() on ptolemy.moml.MoMLSimpleApplication@64b4ca95
----------------- Done invoking toplevel() on ptolemy.moml.MoMLSimpleApplication@64b4ca95
reloadAllAccessors: .Dictionary2

===========================================================================================
----------------- testing Fri Mar 29 03:51:18 UTC 2019 /home/travis/build/icyphy/ptII/ptolemy/actor/lib/test/auto/Dictionary3.xml
----------------- Instantiating /home/travis/build/icyphy/ptII/ptolemy/actor/lib/test/auto/Dictionary3.xml
2 ms. Memory: 882176K Free: 60407K (7%)
----------------- Invoking toplevel() on ptolemy.moml.MoMLSimpleApplication@70227201
----------------- Done invoking toplevel() on ptolemy.moml.MoMLSimpleApplication@70227201
reloadAllAccessors: .Dictionary3

===========================================================================================
----------------- testing Fri Mar 29 03:51:18 UTC 2019 /home/travis/build/icyphy/ptII/ptolemy/actor/lib/test/auto/Dictionary4.xml
----------------- Instantiating /home/travis/build/icyphy/ptII/ptolemy/actor/lib/test/auto/Dictionary4.xml
6 ms. Memory: 1352192K Free: 1289680K (95%)
----------------- Invoking toplevel() on ptolemy.moml.MoMLSimpleApplication@64a35d78
----------------- Done invoking toplevel() on ptolemy.moml.MoMLSimpleApplication@64a35d78
reloadAllAccessors: .Dictionary4

===========================================================================================
----------------- testing Fri Mar 29 03:51:18 UTC 2019 /home/travis/build/icyphy/ptII/ptolemy/actor/lib/test/auto/Differential.xml
----------------- Instantiating /home/travis/build/icyphy/ptII/ptolemy/actor/lib/test/auto/Differential.xml
2 ms. Memory: 1352192K Free: 1263159K (93%)
----------------- Invoking toplevel() on ptolemy.moml.MoMLSimpleApplication@5e4441d
----------------- Done invoking toplevel() on ptolemy.moml.MoMLSimpleApplication@5e4441d
reloadAllAccessors: .Differential

===========================================================================================
----------------- testing Fri Mar 29 03:51:18 UTC 2019 /home/travis/build/icyphy/ptII/ptolemy/actor/lib/test/auto/Director.xml
----------------- Instantiating /home/travis/build/icyphy/ptII/ptolemy/actor/lib/test/auto/Director.xml
2 ms. Memory: 1352192K Free: 1246475K (92%)
----------------- Invoking toplevel() on ptolemy.moml.MoMLSimpleApplication@239fb3cf
----------------- Done invoking toplevel() on ptolemy.moml.MoMLSimpleApplication@239fb3cf
reloadAllAccessors: .Director

===========================================================================================
----------------- testing Fri Mar 29 03:51:18 UTC 2019 /home/travis/build/icyphy/ptII/ptolemy/actor/lib/test/auto/DiscreteClock.xml
----------------- Instantiating /home/travis/build/icyphy/ptII/ptolemy/actor/lib/test/auto/DiscreteClock.xml
2 ms. Memory: 1352192K Free: 1229790K (91%)
----------------- Invoking toplevel() on ptolemy.moml.MoMLSimpleApplication@51783ddf
----------------- Done invoking toplevel() on ptolemy.moml.MoMLSimpleApplication@51783ddf
reloadAllAccessors: .DiscreteClock

===========================================================================================
----------------- testing Fri Mar 29 03:51:18 UTC 2019 /home/travis/build/icyphy/ptII/ptolemy/actor/lib/test/auto/DiscreteClock10.xml
----------------- Instantiating /home/travis/build/icyphy/ptII/ptolemy/actor/lib/test/auto/DiscreteClock10.xml
3 ms. Memory: 1352192K Free: 1212846K (90%)
----------------- Invoking toplevel() on ptolemy.moml.MoMLSimpleApplication@18b72c85
----------------- Done invoking toplevel() on ptolemy.moml.MoMLSimpleApplication@18b72c85
reloadAllAccessors: .DiscreteClock10

===========================================================================================
----------------- testing Fri Mar 29 03:51:18 UTC 2019 /home/travis/build/icyphy/ptII/ptolemy/actor/lib/test/auto/DiscreteClock11.xml
----------------- Instantiating /home/travis/build/icyphy/ptII/ptolemy/actor/lib/test/auto/DiscreteClock11.xml
2 ms. Memory: 1352192K Free: 1186324K (88%)
----------------- Invoking toplevel() on ptolemy.moml.MoMLSimpleApplication@62fcffb9
----------------- Done invoking toplevel() on ptolemy.moml.MoMLSimpleApplication@62fcffb9
reloadAllAccessors: .DiscreteClock11

===========================================================================================
----------------- testing Fri Mar 29 03:51:18 UTC 2019 /home/travis/build/icyphy/ptII/ptolemy/actor/lib/test/auto/DiscreteClock12.xml
----------------- Instantiating /home/travis/build/icyphy/ptII/ptolemy/actor/lib/test/auto/DiscreteClock12.xml
2 ms. Memory: 1352192K Free: 1169640K (86%)
----------------- Invoking toplevel() on ptolemy.moml.MoMLSimpleApplication@3dff4f
----------------- Done invoking toplevel() on ptolemy.moml.MoMLSimpleApplication@3dff4f
reloadAllAccessors: .DiscreteClock12

===========================================================================================
----------------- testing Fri Mar 29 03:51:18 UTC 2019 /home/travis/build/icyphy/ptII/ptolemy/actor/lib/test/auto/DiscreteClock13.xml
----------------- Instantiating /home/travis/build/icyphy/ptII/ptolemy/actor/lib/test/auto/DiscreteClock13.xml
7 ms. Memory: 1352192K Free: 1152956K (85%)
----------------- Invoking toplevel() on ptolemy.moml.MoMLSimpleApplication@3097b171
----------------- Done invoking toplevel() on ptolemy.moml.MoMLSimpleApplication@3097b171
reloadAllAccessors: .DiscreteClock13

===========================================================================================
----------------- testing Fri Mar 29 03:51:18 UTC 2019 /home/travis/build/icyphy/ptII/ptolemy/actor/lib/test/auto/DiscreteClock14.xml
----------------- Instantiating /home/travis/build/icyphy/ptII/ptolemy/actor/lib/test/auto/DiscreteClock14.xml
7 ms. Memory: 1352192K Free: 1136271K (84%)
----------------- Invoking toplevel() on ptolemy.moml.MoMLSimpleApplication@79f9c4cc
----------------- Done invoking toplevel() on ptolemy.moml.MoMLSimpleApplication@79f9c4cc
reloadAllAccessors: .DiscreteClock14

===========================================================================================
----------------- testing Fri Mar 29 03:51:18 UTC 2019 /home/travis/build/icyphy/ptII/ptolemy/actor/lib/test/auto/DiscreteClock15.xml
----------------- Instantiating /home/travis/build/icyphy/ptII/ptolemy/actor/lib/test/auto/DiscreteClock15.xml
6 ms. Memory: 1352192K Free: 1109750K (82%)
----------------- Invoking toplevel() on ptolemy.moml.MoMLSimpleApplication@690bbfe2
----------------- Done invoking toplevel() on ptolemy.moml.MoMLSimpleApplication@690bbfe2
reloadAllAccessors: .DiscreteClock15

===========================================================================================
----------------- testing Fri Mar 29 03:51:18 UTC 2019 /home/travis/build/icyphy/ptII/ptolemy/actor/lib/test/auto/DiscreteClock16.xml
----------------- Instantiating /home/travis/build/icyphy/ptII/ptolemy/actor/lib/test/auto/DiscreteClock16.xml
15 ms. Memory: 1352192K Free: 1084723K (80%)
----------------- Invoking toplevel() on ptolemy.moml.MoMLSimpleApplication@568411b7
----------------- Done invoking toplevel() on ptolemy.moml.MoMLSimpleApplication@568411b7
reloadAllAccessors: .DiscreteClock16

===========================================================================================
----------------- testing Fri Mar 29 03:51:18 UTC 2019 /home/travis/build/icyphy/ptII/ptolemy/actor/lib/test/auto/DiscreteClock17.xml
----------------- Instantiating /home/travis/build/icyphy/ptII/ptolemy/actor/lib/test/auto/DiscreteClock17.xml
12 ms. Memory: 1352192K Free: 1059681K (78%)
----------------- Invoking toplevel() on ptolemy.moml.MoMLSimpleApplication@32e79c1b
----------------- Done invoking toplevel() on ptolemy.moml.MoMLSimpleApplication@32e79c1b
reloadAllAccessors: .DiscreteClock17

===========================================================================================
----------------- testing Fri Mar 29 03:51:18 UTC 2019 /home/travis/build/icyphy/ptII/ptolemy/actor/lib/test/auto/DiscreteClock18.xml
----------------- Instantiating /home/travis/build/icyphy/ptII/ptolemy/actor/lib/test/auto/DiscreteClock18.xml
13 ms. Memory: 1352192K Free: 1034638K (77%)
----------------- Invoking toplevel() on ptolemy.moml.MoMLSimpleApplication@cf95b2a
----------------- Done invoking toplevel() on ptolemy.moml.MoMLSimpleApplication@cf95b2a
reloadAllAccessors: .DiscreteClock18

===========================================================================================
----------------- testing Fri Mar 29 03:51:18 UTC 2019 /home/travis/build/icyphy/ptII/ptolemy/actor/lib/test/auto/DiscreteClock19.xml
----------------- Instantiating /home/travis/build/icyphy/ptII/ptolemy/actor/lib/test/auto/DiscreteClock19.xml
19 ms. Memory: 1352192K Free: 999766K (74%)
----------------- Invoking toplevel() on ptolemy.moml.MoMLSimpleApplication@5ef16cac
----------------- Done invoking toplevel() on ptolemy.moml.MoMLSimpleApplication@5ef16cac
reloadAllAccessors: .DiscreteClock19

===========================================================================================
----------------- testing Fri Mar 29 03:51:18 UTC 2019 /home/travis/build/icyphy/ptII/ptolemy/actor/lib/test/auto/DiscreteClock2.xml
----------------- Instantiating /home/travis/build/icyphy/ptII/ptolemy/actor/lib/test/auto/DiscreteClock2.xml
6 ms. Memory: 1352192K Free: 983082K (73%)
----------------- Invoking toplevel() on ptolemy.moml.MoMLSimpleApplication@2e0b6ddb
----------------- Done invoking toplevel() on ptolemy.moml.MoMLSimpleApplication@2e0b6ddb
reloadAllAccessors: .DiscreteClock2

===========================================================================================
----------------- testing Fri Mar 29 03:51:18 UTC 2019 /home/travis/build/icyphy/ptII/ptolemy/actor/lib/test/auto/DiscreteClock20.xml
----------------- Instantiating /home/travis/build/icyphy/ptII/ptolemy/actor/lib/test/auto/DiscreteClock20.xml
11 ms. Memory: 1352192K Free: 966397K (71%)
----------------- Invoking toplevel() on ptolemy.moml.MoMLSimpleApplication@121c7bdb
----------------- Done invoking toplevel() on ptolemy.moml.MoMLSimpleApplication@121c7bdb
reloadAllAccessors: .DiscreteClock20

===========================================================================================
----------------- testing Fri Mar 29 03:51:19 UTC 2019 /home/travis/build/icyphy/ptII/ptolemy/actor/lib/test/auto/DiscreteClock21.xml
----------------- Instantiating /home/travis/build/icyphy/ptII/ptolemy/actor/lib/test/auto/DiscreteClock21.xml
8 ms. Memory: 1352192K Free: 949713K (70%)
----------------- Invoking toplevel() on ptolemy.moml.MoMLSimpleApplication@62eef561
----------------- Done invoking toplevel() on ptolemy.moml.MoMLSimpleApplication@62eef561
reloadAllAccessors: .DiscreteClock21

===========================================================================================
----------------- testing Fri Mar 29 03:51:19 UTC 2019 /home/travis/build/icyphy/ptII/ptolemy/actor/lib/test/auto/DiscreteClock22.xml
----------------- Instantiating /home/travis/build/icyphy/ptII/ptolemy/actor/lib/test/auto/DiscreteClock22.xml
7 ms. Memory: 1352192K Free: 923192K (68%)
----------------- Invoking toplevel() on ptolemy.moml.MoMLSimpleApplication@c4ec072
----------------- Done invoking toplevel() on ptolemy.moml.MoMLSimpleApplication@c4ec072
reloadAllAccessors: .DiscreteClock22

===========================================================================================
----------------- testing Fri Mar 29 03:51:19 UTC 2019 /home/travis/build/icyphy/ptII/ptolemy/actor/lib/test/auto/DiscreteClock23.xml
----------------- Instantiating /home/travis/build/icyphy/ptII/ptolemy/actor/lib/test/auto/DiscreteClock23.xml
11 ms. Memory: 1352192K Free: 906507K (67%)
----------------- Invoking toplevel() on ptolemy.moml.MoMLSimpleApplication@1c7f9c33
----------------- Done invoking toplevel() on ptolemy.moml.MoMLSimpleApplication@1c7f9c33
reloadAllAccessors: .DiscreteClock23

===========================================================================================
----------------- testing Fri Mar 29 03:51:19 UTC 2019 /home/travis/build/icyphy/ptII/ptolemy/actor/lib/test/auto/DiscreteClock24.xml
----------------- Instantiating /home/travis/build/icyphy/ptII/ptolemy/actor/lib/test/auto/DiscreteClock24.xml
6 ms. Memory: 1352192K Free: 889823K (66%)
----------------- Invoking toplevel() on ptolemy.moml.MoMLSimpleApplication@7a8e333a
----------------- Done invoking toplevel() on ptolemy.moml.MoMLSimpleApplication@7a8e333a
reloadAllAccessors: .DiscreteClock24

===========================================================================================
----------------- testing Fri Mar 29 03:51:19 UTC 2019 /home/travis/build/icyphy/ptII/ptolemy/actor/lib/test/auto/DiscreteClock4.xml
----------------- Instantiating /home/travis/build/icyphy/ptII/ptolemy/actor/lib/test/auto/DiscreteClock4.xml
4 ms. Memory: 1370112K Free: 1307868K (95%)
----------------- Invoking toplevel() on ptolemy.moml.MoMLSimpleApplication@7035074d
----------------- Done invoking toplevel() on ptolemy.moml.MoMLSimpleApplication@7035074d
reloadAllAccessors: .DiscreteClock4

===========================================================================================
----------------- testing Fri Mar 29 03:51:19 UTC 2019 /home/travis/build/icyphy/ptII/ptolemy/actor/lib/test/auto/DiscreteClock5.xml
----------------- Instantiating /home/travis/build/icyphy/ptII/ptolemy/actor/lib/test/auto/DiscreteClock5.xml
2 ms. Memory: 1370112K Free: 1281347K (94%)
----------------- Invoking toplevel() on ptolemy.moml.MoMLSimpleApplication@21d73574
----------------- Done invoking toplevel() on ptolemy.moml.MoMLSimpleApplication@21d73574
reloadAllAccessors: .DiscreteClock5

===========================================================================================
----------------- testing Fri Mar 29 03:51:19 UTC 2019 /home/travis/build/icyphy/ptII/ptolemy/actor/lib/test/auto/DiscreteClock6.xml
----------------- Instantiating /home/travis/build/icyphy/ptII/ptolemy/actor/lib/test/auto/DiscreteClock6.xml
1 ms. Memory: 1370112K Free: 1264662K (92%)
----------------- Invoking toplevel() on ptolemy.moml.MoMLSimpleApplication@731ea6c9
----------------- Done invoking toplevel() on ptolemy.moml.MoMLSimpleApplication@731ea6c9
reloadAllAccessors: .DiscreteClock6

===========================================================================================
----------------- testing Fri Mar 29 03:51:19 UTC 2019 /home/travis/build/icyphy/ptII/ptolemy/actor/lib/test/auto/DiscreteClock7.xml
----------------- Instantiating /home/travis/build/icyphy/ptII/ptolemy/actor/lib/test/auto/DiscreteClock7.xml
2 ms. Memory: 1370112K Free: 1247978K (91%)
----------------- Invoking toplevel() on ptolemy.moml.MoMLSimpleApplication@7158b2
----------------- Done invoking toplevel() on ptolemy.moml.MoMLSimpleApplication@7158b2
reloadAllAccessors: .DiscreteClock7

===========================================================================================
----------------- testing Fri Mar 29 03:51:19 UTC 2019 /home/travis/build/icyphy/ptII/ptolemy/actor/lib/test/auto/DiscreteClock8.xml
----------------- Instantiating /home/travis/build/icyphy/ptII/ptolemy/actor/lib/test/auto/DiscreteClock8.xml
5 ms. Memory: 1370112K Free: 1231293K (90%)
----------------- Invoking toplevel() on ptolemy.moml.MoMLSimpleApplication@666d5102
----------------- Done invoking toplevel() on ptolemy.moml.MoMLSimpleApplication@666d5102
reloadAllAccessors: .DiscreteClock8

===========================================================================================
----------------- testing Fri Mar 29 03:51:19 UTC 2019 /home/travis/build/icyphy/ptII/ptolemy/actor/lib/test/auto/DiscreteClock9.xml
----------------- Instantiating /home/travis/build/icyphy/ptII/ptolemy/actor/lib/test/auto/DiscreteClock9.xml
6 ms. Memory: 1370112K Free: 1204772K (88%)
----------------- Invoking toplevel() on ptolemy.moml.MoMLSimpleApplication@af5d0d5
----------------- Done invoking toplevel() on ptolemy.moml.MoMLSimpleApplication@af5d0d5
reloadAllAccessors: .DiscreteClock9

===========================================================================================
----------------- testing Fri Mar 29 03:51:19 UTC 2019 /home/travis/build/icyphy/ptII/ptolemy/actor/lib/test/auto/DisplayArray.xml
----------------- Instantiating /home/travis/build/icyphy/ptII/ptolemy/actor/lib/test/auto/DisplayArray.xml
2 ms. Memory: 1370112K Free: 1188088K (87%)
----------------- Invoking toplevel() on ptolemy.moml.MoMLSimpleApplication@32973d25
----------------- Done invoking toplevel() on ptolemy.moml.MoMLSimpleApplication@32973d25
reloadAllAccessors: .DisplayArray

===========================================================================================
----------------- testing Fri Mar 29 03:51:19 UTC 2019 /home/travis/build/icyphy/ptII/ptolemy/actor/lib/test/auto/Distributor.xml
----------------- Instantiating /home/travis/build/icyphy/ptII/ptolemy/actor/lib/test/auto/Distributor.xml
1 ms. Memory: 1370112K Free: 1171403K (85%)
----------------- Invoking toplevel() on ptolemy.moml.MoMLSimpleApplication@46d059d2
----------------- Done invoking toplevel() on ptolemy.moml.MoMLSimpleApplication@46d059d2
reloadAllAccessors: .Distributor

===========================================================================================
----------------- testing Fri Mar 29 03:51:19 UTC 2019 /home/travis/build/icyphy/ptII/ptolemy/actor/lib/test/auto/Distributor2.xml
----------------- Instantiating /home/travis/build/icyphy/ptII/ptolemy/actor/lib/test/auto/Distributor2.xml
2 ms. Memory: 1370112K Free: 1154719K (84%)
----------------- Invoking toplevel() on ptolemy.moml.MoMLSimpleApplication@48b121be
----------------- Done invoking toplevel() on ptolemy.moml.MoMLSimpleApplication@48b121be
reloadAllAccessors: .Distributor2

===========================================================================================
----------------- testing Fri Mar 29 03:51:19 UTC 2019 /home/travis/build/icyphy/ptII/ptolemy/actor/lib/test/auto/DownSample.xml
----------------- Instantiating /home/travis/build/icyphy/ptII/ptolemy/actor/lib/test/auto/DownSample.xml
1 ms. Memory: 1370112K Free: 1128197K (82%)
----------------- Invoking toplevel() on ptolemy.moml.MoMLSimpleApplication@4262c4aa
----------------- Done invoking toplevel() on ptolemy.moml.MoMLSimpleApplication@4262c4aa
reloadAllAccessors: .DownSample

===========================================================================================
----------------- testing Fri Mar 29 03:51:19 UTC 2019 /home/travis/build/icyphy/ptII/ptolemy/actor/lib/test/auto/ElectronicUnitBase1.xml
----------------- Instantiating /home/travis/build/icyphy/ptII/ptolemy/actor/lib/test/auto/ElectronicUnitBase1.xml
24 ms. Memory: 1370112K Free: 1103171K (81%)
----------------- Invoking toplevel() on ptolemy.moml.MoMLSimpleApplication@31e35faf
----------------- Done invoking toplevel() on ptolemy.moml.MoMLSimpleApplication@31e35faf
reloadAllAccessors: .ElectronicUnitBase1

===========================================================================================
----------------- testing Fri Mar 29 03:51:19 UTC 2019 /home/travis/build/icyphy/ptII/ptolemy/actor/lib/test/auto/ElementsToArray.xml
----------------- Instantiating /home/travis/build/icyphy/ptII/ptolemy/actor/lib/test/auto/ElementsToArray.xml
3 ms. Memory: 1370112K Free: 1086486K (79%)
----------------- Invoking toplevel() on ptolemy.moml.MoMLSimpleApplication@10adf8b
----------------- Done invoking toplevel() on ptolemy.moml.MoMLSimpleApplication@10adf8b
reloadAllAccessors: .ElementsToArray

===========================================================================================
----------------- testing Fri Mar 29 03:51:19 UTC 2019 /home/travis/build/icyphy/ptII/ptolemy/actor/lib/test/auto/Equals.xml
----------------- Instantiating /home/travis/build/icyphy/ptII/ptolemy/actor/lib/test/auto/Equals.xml
4 ms. Memory: 1370112K Free: 1069802K (78%)
----------------- Invoking toplevel() on ptolemy.moml.MoMLSimpleApplication@60695899
----------------- Done invoking toplevel() on ptolemy.moml.MoMLSimpleApplication@60695899
reloadAllAccessors: .Equals

===========================================================================================
----------------- testing Fri Mar 29 03:51:20 UTC 2019 /home/travis/build/icyphy/ptII/ptolemy/actor/lib/test/auto/Exec.xml
----------------- Instantiating /home/travis/build/icyphy/ptII/ptolemy/actor/lib/test/auto/Exec.xml
10 ms. Memory: 1370112K Free: 1030767K (75%)
----------------- Invoking toplevel() on ptolemy.moml.MoMLSimpleApplication@e989252
----------------- Done invoking toplevel() on ptolemy.moml.MoMLSimpleApplication@e989252
reloadAllAccessors: .Exec

===========================================================================================
----------------- testing Fri Mar 29 03:51:20 UTC 2019 /home/travis/build/icyphy/ptII/ptolemy/actor/lib/test/auto/ExecEnvironment.xml
----------------- Instantiating /home/travis/build/icyphy/ptII/ptolemy/actor/lib/test/auto/ExecEnvironment.xml
19 ms. Memory: 1370112K Free: 989056K (72%)
----------------- Invoking toplevel() on ptolemy.moml.MoMLSimpleApplication@9d87d7d
----------------- Done invoking toplevel() on ptolemy.moml.MoMLSimpleApplication@9d87d7d
reloadAllAccessors: .ExecEnvironment

===========================================================================================
----------------- testing Fri Mar 29 03:51:20 UTC 2019 /home/travis/build/icyphy/ptII/ptolemy/actor/lib/test/auto/ExecNonZeroReturnOutput.xml
----------------- Instantiating /home/travis/build/icyphy/ptII/ptolemy/actor/lib/test/auto/ExecNonZeroReturnOutput.xml
142 ms. Memory: 1370112K Free: 863922K (63%)
----------------- Invoking toplevel() on ptolemy.moml.MoMLSimpleApplication@6cf49d2f
----------------- Done invoking toplevel() on ptolemy.moml.MoMLSimpleApplication@6cf49d2f
reloadAllAccessors: .ExecNonZeroReturnOutput

===========================================================================================
----------------- testing Fri Mar 29 03:51:20 UTC 2019 /home/travis/build/icyphy/ptII/ptolemy/actor/lib/test/auto/ExecRunDemos.xml
----------------- Instantiating /home/travis/build/icyphy/ptII/ptolemy/actor/lib/test/auto/ExecRunDemos.xml
Finished: 48 ms. Memory: 116224K Free: 100672K (87%)

Finished: 59 ms. Memory: 116224K Free: 97676K (84%)

Finished: 44 ms. Memory: 116224K Free: 98218K (85%)

Finished: 41 ms. Memory: 116224K Free: 99544K (86%)

Finished: 58 ms. Memory: 116224K Free: 100658K (87%)

9523 ms. Memory: 1370112K Free: 755456K (55%)
----------------- Invoking toplevel() on ptolemy.moml.MoMLSimpleApplication@79908949
----------------- Done invoking toplevel() on ptolemy.moml.MoMLSimpleApplication@79908949
reloadAllAccessors: .ExecRunDemos

===========================================================================================
----------------- testing Fri Mar 29 03:51:29 UTC 2019 /home/travis/build/icyphy/ptII/ptolemy/actor/lib/test/auto/ExecStop.xml
----------------- Instantiating /home/travis/build/icyphy/ptII/ptolemy/actor/lib/test/auto/ExecStop.xml
5017 ms. Memory: 1370112K Free: 470326K (34%)
----------------- Invoking toplevel() on ptolemy.moml.MoMLSimpleApplication@34fe3636
----------------- Done invoking toplevel() on ptolemy.moml.MoMLSimpleApplication@34fe3636
reloadAllAccessors: .ExecStop

===========================================================================================
----------------- testing Fri Mar 29 03:51:34 UTC 2019 /home/travis/build/icyphy/ptII/ptolemy/actor/lib/test/auto/ExecutionTimeSDF.xml
----------------- Instantiating /home/travis/build/icyphy/ptII/ptolemy/actor/lib/test/auto/ExecutionTimeSDF.xml
Fired ExecutionTime: 1738800000
Fired ExecutionTime: 962800000
Fired ExecutionTime: 989200000
6004 ms. Memory: 1370112K Free: 445283K (32%)
----------------- Invoking toplevel() on ptolemy.moml.MoMLSimpleApplication@3ceefa87
----------------- Done invoking toplevel() on ptolemy.moml.MoMLSimpleApplication@3ceefa87
reloadAllAccessors: .ExecutionTimeSDF

===========================================================================================
----------------- testing Fri Mar 29 03:51:40 UTC 2019 /home/travis/build/icyphy/ptII/ptolemy/actor/lib/test/auto/Expression1.xml
----------------- Instantiating /home/travis/build/icyphy/ptII/ptolemy/actor/lib/test/auto/Expression1.xml
2 ms. Memory: 1370112K Free: 428599K (31%)
----------------- Invoking toplevel() on ptolemy.moml.MoMLSimpleApplication@62c9f524
----------------- Done invoking toplevel() on ptolemy.moml.MoMLSimpleApplication@62c9f524
reloadAllAccessors: .Expression1

===========================================================================================
----------------- testing Fri Mar 29 03:51:40 UTC 2019 /home/travis/build/icyphy/ptII/ptolemy/actor/lib/test/auto/Expression10.xml
----------------- Instantiating /home/travis/build/icyphy/ptII/ptolemy/actor/lib/test/auto/Expression10.xml
6 ms. Memory: 1370112K Free: 411914K (30%)
----------------- Invoking toplevel() on ptolemy.moml.MoMLSimpleApplication@623727d9
----------------- Done invoking toplevel() on ptolemy.moml.MoMLSimpleApplication@623727d9
reloadAllAccessors: .Expression10

===========================================================================================
----------------- testing Fri Mar 29 03:51:40 UTC 2019 /home/travis/build/icyphy/ptII/ptolemy/actor/lib/test/auto/Expression11.xml
----------------- Instantiating /home/travis/build/icyphy/ptII/ptolemy/actor/lib/test/auto/Expression11.xml
2 ms. Memory: 1370112K Free: 385393K (28%)
----------------- Invoking toplevel() on ptolemy.moml.MoMLSimpleApplication@79527736
----------------- Done invoking toplevel() on ptolemy.moml.MoMLSimpleApplication@79527736
reloadAllAccessors: .Expression11

===========================================================================================
----------------- testing Fri Mar 29 03:51:40 UTC 2019 /home/travis/build/icyphy/ptII/ptolemy/actor/lib/test/auto/Expression12.xml
----------------- Instantiating /home/travis/build/icyphy/ptII/ptolemy/actor/lib/test/auto/Expression12.xml
3 ms. Memory: 1370112K Free: 368708K (27%)
----------------- Invoking toplevel() on ptolemy.moml.MoMLSimpleApplication@7fbc2139
----------------- Done invoking toplevel() on ptolemy.moml.MoMLSimpleApplication@7fbc2139
reloadAllAccessors: .Expression12

===========================================================================================
----------------- testing Fri Mar 29 03:51:41 UTC 2019 /home/travis/build/icyphy/ptII/ptolemy/actor/lib/test/auto/Expression13.xml
----------------- Instantiating /home/travis/build/icyphy/ptII/ptolemy/actor/lib/test/auto/Expression13.xml
4 ms. Memory: 1370112K Free: 352024K (26%)
----------------- Invoking toplevel() on ptolemy.moml.MoMLSimpleApplication@16b4a168
----------------- Done invoking toplevel() on ptolemy.moml.MoMLSimpleApplication@16b4a168
reloadAllAccessors: .Expression13

===========================================================================================
----------------- testing Fri Mar 29 03:51:41 UTC 2019 /home/travis/build/icyphy/ptII/ptolemy/actor/lib/test/auto/Expression14.xml
----------------- Instantiating /home/travis/build/icyphy/ptII/ptolemy/actor/lib/test/auto/Expression14.xml
5 ms. Memory: 1370112K Free: 335339K (24%)
----------------- Invoking toplevel() on ptolemy.moml.MoMLSimpleApplication@21239c74
----------------- Done invoking toplevel() on ptolemy.moml.MoMLSimpleApplication@21239c74
reloadAllAccessors: .Expression14

===========================================================================================
----------------- testing Fri Mar 29 03:51:41 UTC 2019 /home/travis/build/icyphy/ptII/ptolemy/actor/lib/test/auto/Expression15.xml
----------------- Instantiating /home/travis/build/icyphy/ptII/ptolemy/actor/lib/test/auto/Expression15.xml
2 ms. Memory: 1370112K Free: 318655K (23%)
----------------- Invoking toplevel() on ptolemy.moml.MoMLSimpleApplication@1d0de54a
----------------- Done invoking toplevel() on ptolemy.moml.MoMLSimpleApplication@1d0de54a
reloadAllAccessors: .Expression15

===========================================================================================
----------------- testing Fri Mar 29 03:51:41 UTC 2019 /home/travis/build/icyphy/ptII/ptolemy/actor/lib/test/auto/Expression16.xml
----------------- Instantiating /home/travis/build/icyphy/ptII/ptolemy/actor/lib/test/auto/Expression16.xml
3 ms. Memory: 1370112K Free: 292134K (21%)
----------------- Invoking toplevel() on ptolemy.moml.MoMLSimpleApplication@2de6f063
----------------- Done invoking toplevel() on ptolemy.moml.MoMLSimpleApplication@2de6f063
reloadAllAccessors: .Expression16

===========================================================================================
----------------- testing Fri Mar 29 03:51:41 UTC 2019 /home/travis/build/icyphy/ptII/ptolemy/actor/lib/test/auto/Expression17.xml
----------------- Instantiating /home/travis/build/icyphy/ptII/ptolemy/actor/lib/test/auto/Expression17.xml
3 ms. Memory: 1370112K Free: 275449K (20%)
----------------- Invoking toplevel() on ptolemy.moml.MoMLSimpleApplication@17f479f5
----------------- Done invoking toplevel() on ptolemy.moml.MoMLSimpleApplication@17f479f5
reloadAllAccessors: .Expression17

===========================================================================================
----------------- testing Fri Mar 29 03:51:41 UTC 2019 /home/travis/build/icyphy/ptII/ptolemy/actor/lib/test/auto/Expression18.xml
----------------- Instantiating /home/travis/build/icyphy/ptII/ptolemy/actor/lib/test/auto/Expression18.xml
3 ms. Memory: 1370112K Free: 258765K (19%)
----------------- Invoking toplevel() on ptolemy.moml.MoMLSimpleApplication@36871b6f
----------------- Done invoking toplevel() on ptolemy.moml.MoMLSimpleApplication@36871b6f
reloadAllAccessors: .Expression18

===========================================================================================
----------------- testing Fri Mar 29 03:51:41 UTC 2019 /home/travis/build/icyphy/ptII/ptolemy/actor/lib/test/auto/Expression2.xml
----------------- Instantiating /home/travis/build/icyphy/ptII/ptolemy/actor/lib/test/auto/Expression2.xml
3 ms. Memory: 1370112K Free: 242080K (18%)
----------------- Invoking toplevel() on ptolemy.moml.MoMLSimpleApplication@12c4ad79
----------------- Done invoking toplevel() on ptolemy.moml.MoMLSimpleApplication@12c4ad79
reloadAllAccessors: .Expression2

===========================================================================================
----------------- testing Fri Mar 29 03:51:41 UTC 2019 /home/travis/build/icyphy/ptII/ptolemy/actor/lib/test/auto/Expression3.xml
----------------- Instantiating /home/travis/build/icyphy/ptII/ptolemy/actor/lib/test/auto/Expression3.xml
4 ms. Memory: 1370112K Free: 215559K (16%)
----------------- Invoking toplevel() on ptolemy.moml.MoMLSimpleApplication@35481f1
----------------- Done invoking toplevel() on ptolemy.moml.MoMLSimpleApplication@35481f1
reloadAllAccessors: .Expression3

===========================================================================================
----------------- testing Fri Mar 29 03:51:41 UTC 2019 /home/travis/build/icyphy/ptII/ptolemy/actor/lib/test/auto/Expression4.xml
----------------- Instantiating /home/travis/build/icyphy/ptII/ptolemy/actor/lib/test/auto/Expression4.xml
4 ms. Memory: 1370112K Free: 198875K (15%)
----------------- Invoking toplevel() on ptolemy.moml.MoMLSimpleApplication@16d1c7b6
----------------- Done invoking toplevel() on ptolemy.moml.MoMLSimpleApplication@16d1c7b6
reloadAllAccessors: .Expression4

===========================================================================================
----------------- testing Fri Mar 29 03:51:41 UTC 2019 /home/travis/build/icyphy/ptII/ptolemy/actor/lib/test/auto/Expression5.xml
----------------- Instantiating /home/travis/build/icyphy/ptII/ptolemy/actor/lib/test/auto/Expression5.xml
3 ms. Memory: 1370112K Free: 182190K (13%)
----------------- Invoking toplevel() on ptolemy.moml.MoMLSimpleApplication@452ba03a
----------------- Done invoking toplevel() on ptolemy.moml.MoMLSimpleApplication@452ba03a
reloadAllAccessors: .Expression5

===========================================================================================
----------------- testing Fri Mar 29 03:51:41 UTC 2019 /home/travis/build/icyphy/ptII/ptolemy/actor/lib/test/auto/Expression6.xml
----------------- Instantiating /home/travis/build/icyphy/ptII/ptolemy/actor/lib/test/auto/Expression6.xml
3 ms. Memory: 1370112K Free: 165506K (12%)
----------------- Invoking toplevel() on ptolemy.moml.MoMLSimpleApplication@3fd6c0bd
----------------- Done invoking toplevel() on ptolemy.moml.MoMLSimpleApplication@3fd6c0bd
reloadAllAccessors: .Expression6

===========================================================================================
----------------- testing Fri Mar 29 03:51:41 UTC 2019 /home/travis/build/icyphy/ptII/ptolemy/actor/lib/test/auto/Expression7.xml
----------------- Instantiating /home/travis/build/icyphy/ptII/ptolemy/actor/lib/test/auto/Expression7.xml
3 ms. Memory: 1370112K Free: 148821K (11%)
----------------- Invoking toplevel() on ptolemy.moml.MoMLSimpleApplication@60347088
----------------- Done invoking toplevel() on ptolemy.moml.MoMLSimpleApplication@60347088
reloadAllAccessors: .Expression7

===========================================================================================
----------------- testing Fri Mar 29 03:51:41 UTC 2019 /home/travis/build/icyphy/ptII/ptolemy/actor/lib/test/auto/Expression8.xml
----------------- Instantiating /home/travis/build/icyphy/ptII/ptolemy/actor/lib/test/auto/Expression8.xml
4 ms. Memory: 1370112K Free: 122300K (9%)
----------------- Invoking toplevel() on ptolemy.moml.MoMLSimpleApplication@5f4f1b58
----------------- Done invoking toplevel() on ptolemy.moml.MoMLSimpleApplication@5f4f1b58
reloadAllAccessors: .Expression8

===========================================================================================
----------------- testing Fri Mar 29 03:51:41 UTC 2019 /home/travis/build/icyphy/ptII/ptolemy/actor/lib/test/auto/Expression9.xml
----------------- Instantiating /home/travis/build/icyphy/ptII/ptolemy/actor/lib/test/auto/Expression9.xml
2 ms. Memory: 1370112K Free: 105616K (8%)
----------------- Invoking toplevel() on ptolemy.moml.MoMLSimpleApplication@5982236a
----------------- Done invoking toplevel() on ptolemy.moml.MoMLSimpleApplication@5982236a
reloadAllAccessors: .Expression9

===========================================================================================
----------------- testing Fri Mar 29 03:51:41 UTC 2019 /home/travis/build/icyphy/ptII/ptolemy/actor/lib/test/auto/ExpressionConcatenateArrayType.xml
----------------- Instantiating /home/travis/build/icyphy/ptII/ptolemy/actor/lib/test/auto/ExpressionConcatenateArrayType.xml
3 ms. Memory: 1370112K Free: 83644K (6%)
----------------- Invoking toplevel() on ptolemy.moml.MoMLSimpleApplication@a7ff387
----------------- Done invoking toplevel() on ptolemy.moml.MoMLSimpleApplication@a7ff387
reloadAllAccessors: .ExpressionConcatenateArrayType

===========================================================================================
----------------- testing Fri Mar 29 03:51:41 UTC 2019 /home/travis/build/icyphy/ptII/ptolemy/actor/lib/test/auto/ExpressionConcatenateArrayType2.xml
----------------- Instantiating /home/travis/build/icyphy/ptII/ptolemy/actor/lib/test/auto/ExpressionConcatenateArrayType2.xml
4 ms. Memory: 1593344K Free: 1542723K (97%)
----------------- Invoking toplevel() on ptolemy.moml.MoMLSimpleApplication@30206b27
----------------- Done invoking toplevel() on ptolemy.moml.MoMLSimpleApplication@30206b27
reloadAllAccessors: .ExpressionConcatenateArrayType2

===========================================================================================
----------------- testing Fri Mar 29 03:51:41 UTC 2019 /home/travis/build/icyphy/ptII/ptolemy/actor/lib/test/auto/ExpressionFix.xml
----------------- Instantiating /home/travis/build/icyphy/ptII/ptolemy/actor/lib/test/auto/ExpressionFix.xml
9 ms. Memory: 1593344K Free: 1519298K (95%)
----------------- Invoking toplevel() on ptolemy.moml.MoMLSimpleApplication@28c79fb8
----------------- Done invoking toplevel() on ptolemy.moml.MoMLSimpleApplication@28c79fb8
reloadAllAccessors: .ExpressionFix

===========================================================================================
----------------- testing Fri Mar 29 03:51:41 UTC 2019 /home/travis/build/icyphy/ptII/ptolemy/actor/lib/test/auto/ExpressionFix2.xml
----------------- Instantiating /home/travis/build/icyphy/ptII/ptolemy/actor/lib/test/auto/ExpressionFix2.xml
2 ms. Memory: 1593344K Free: 1504363K (94%)
----------------- Invoking toplevel() on ptolemy.moml.MoMLSimpleApplication@6565857e
----------------- Done invoking toplevel() on ptolemy.moml.MoMLSimpleApplication@6565857e
reloadAllAccessors: .ExpressionFix2

===========================================================================================
----------------- testing Fri Mar 29 03:51:41 UTC 2019 /home/travis/build/icyphy/ptII/ptolemy/actor/lib/test/auto/ExpressionFix3.xml
----------------- Instantiating /home/travis/build/icyphy/ptII/ptolemy/actor/lib/test/auto/ExpressionFix3.xml
2 ms. Memory: 1593344K Free: 1489428K (93%)
----------------- Invoking toplevel() on ptolemy.moml.MoMLSimpleApplication@4349003b
----------------- Done invoking toplevel() on ptolemy.moml.MoMLSimpleApplication@4349003b
reloadAllAccessors: .ExpressionFix3

===========================================================================================
----------------- testing Fri Mar 29 03:51:41 UTC 2019 /home/travis/build/icyphy/ptII/ptolemy/actor/lib/test/auto/FileWriter1.xml
----------------- Instantiating /home/travis/build/icyphy/ptII/ptolemy/actor/lib/test/auto/FileWriter1.xml
3 ms. Memory: 1593344K Free: 1466204K (92%)
----------------- Invoking toplevel() on ptolemy.moml.MoMLSimpleApplication@182efd20
----------------- Done invoking toplevel() on ptolemy.moml.MoMLSimpleApplication@182efd20
reloadAllAccessors: .FileWriter1

===========================================================================================
----------------- testing Fri Mar 29 03:51:41 UTC 2019 /home/travis/build/icyphy/ptII/ptolemy/actor/lib/test/auto/FileWriter2.xml
----------------- Instantiating /home/travis/build/icyphy/ptII/ptolemy/actor/lib/test/auto/FileWriter2.xml
3 ms. Memory: 1593344K Free: 1451268K (91%)
----------------- Invoking toplevel() on ptolemy.moml.MoMLSimpleApplication@4a72d8d7
----------------- Done invoking toplevel() on ptolemy.moml.MoMLSimpleApplication@4a72d8d7
reloadAllAccessors: .FileWriter2

===========================================================================================
----------------- testing Fri Mar 29 03:51:41 UTC 2019 /home/travis/build/icyphy/ptII/ptolemy/actor/lib/test/auto/FileWriter3.xml
----------------- Instantiating /home/travis/build/icyphy/ptII/ptolemy/actor/lib/test/auto/FileWriter3.xml
1 ms. Memory: 1593344K Free: 1436333K (90%)
----------------- Invoking toplevel() on ptolemy.moml.MoMLSimpleApplication@adde75d
----------------- Done invoking toplevel() on ptolemy.moml.MoMLSimpleApplication@adde75d
reloadAllAccessors: .FileWriter3

===========================================================================================
----------------- testing Fri Mar 29 03:51:41 UTC 2019 /home/travis/build/icyphy/ptII/ptolemy/actor/lib/test/auto/Gaussian.xml
----------------- Instantiating /home/travis/build/icyphy/ptII/ptolemy/actor/lib/test/auto/Gaussian.xml
3 ms. Memory: 1593344K Free: 1421398K (89%)
----------------- Invoking toplevel() on ptolemy.moml.MoMLSimpleApplication@739c2a5e
----------------- Done invoking toplevel() on ptolemy.moml.MoMLSimpleApplication@739c2a5e
reloadAllAccessors: .Gaussian

===========================================================================================
----------------- testing Fri Mar 29 03:51:41 UTC 2019 /home/travis/build/icyphy/ptII/ptolemy/actor/lib/test/auto/Gaussian1.xml
----------------- Instantiating /home/travis/build/icyphy/ptII/ptolemy/actor/lib/test/auto/Gaussian1.xml
8 ms. Memory: 1593344K Free: 1398174K (88%)
----------------- Invoking toplevel() on ptolemy.moml.MoMLSimpleApplication@c8ae4ca
----------------- Done invoking toplevel() on ptolemy.moml.MoMLSimpleApplication@c8ae4ca
reloadAllAccessors: .Gaussian1

===========================================================================================
----------------- testing Fri Mar 29 03:51:41 UTC 2019 /home/travis/build/icyphy/ptII/ptolemy/actor/lib/test/auto/Gaussian2.xml
----------------- Instantiating /home/travis/build/icyphy/ptII/ptolemy/actor/lib/test/auto/Gaussian2.xml
2 ms. Memory: 1593344K Free: 1383239K (87%)
----------------- Invoking toplevel() on ptolemy.moml.MoMLSimpleApplication@5547bb2c
----------------- Done invoking toplevel() on ptolemy.moml.MoMLSimpleApplication@5547bb2c
reloadAllAccessors: .Gaussian2

===========================================================================================
----------------- testing Fri Mar 29 03:51:41 UTC 2019 /home/travis/build/icyphy/ptII/ptolemy/actor/lib/test/auto/GradientAdaptiveLattice.xml
----------------- Instantiating /home/travis/build/icyphy/ptII/ptolemy/actor/lib/test/auto/GradientAdaptiveLattice.xml
3 ms. Memory: 1593344K Free: 1368304K (86%)
----------------- Invoking toplevel() on ptolemy.moml.MoMLSimpleApplication@30542d96
----------------- Done invoking toplevel() on ptolemy.moml.MoMLSimpleApplication@30542d96
reloadAllAccessors: .GradientAdaptiveLattice

===========================================================================================
----------------- testing Fri Mar 29 03:51:41 UTC 2019 /home/travis/build/icyphy/ptII/ptolemy/actor/lib/test/auto/IIR.xml
----------------- Instantiating /home/travis/build/icyphy/ptII/ptolemy/actor/lib/test/auto/IIR.xml
2 ms. Memory: 1593344K Free: 1345080K (84%)
----------------- Invoking toplevel() on ptolemy.moml.MoMLSimpleApplication@27fe9302
----------------- Done invoking toplevel() on ptolemy.moml.MoMLSimpleApplication@27fe9302
reloadAllAccessors: .IIR

===========================================================================================
----------------- testing Fri Mar 29 03:51:41 UTC 2019 /home/travis/build/icyphy/ptII/ptolemy/actor/lib/test/auto/InputOutputTransparentPorts.xml
----------------- Instantiating /home/travis/build/icyphy/ptII/ptolemy/actor/lib/test/auto/InputOutputTransparentPorts.xml
3 ms. Memory: 1593344K Free: 1330145K (83%)
----------------- Invoking toplevel() on ptolemy.moml.MoMLSimpleApplication@572a9f12
----------------- Done invoking toplevel() on ptolemy.moml.MoMLSimpleApplication@572a9f12
reloadAllAccessors: .InputOutputTransparentPorts

===========================================================================================
----------------- testing Fri Mar 29 03:51:41 UTC 2019 /home/travis/build/icyphy/ptII/ptolemy/actor/lib/test/auto/Interpolator.xml
----------------- Instantiating /home/travis/build/icyphy/ptII/ptolemy/actor/lib/test/auto/Interpolator.xml
4 ms. Memory: 1593344K Free: 1315210K (83%)
----------------- Invoking toplevel() on ptolemy.moml.MoMLSimpleApplication@22e45460
----------------- Done invoking toplevel() on ptolemy.moml.MoMLSimpleApplication@22e45460
reloadAllAccessors: .Interpolator

===========================================================================================
----------------- testing Fri Mar 29 03:51:41 UTC 2019 /home/travis/build/icyphy/ptII/ptolemy/actor/lib/test/auto/InterpolatorFiringLimitDE.xml
----------------- Instantiating /home/travis/build/icyphy/ptII/ptolemy/actor/lib/test/auto/InterpolatorFiringLimitDE.xml
2 ms. Memory: 1593344K Free: 1300275K (82%)
----------------- Invoking toplevel() on ptolemy.moml.MoMLSimpleApplication@4da94db0
----------------- Done invoking toplevel() on ptolemy.moml.MoMLSimpleApplication@4da94db0
reloadAllAccessors: .InterpolatorFiringLimitDE

===========================================================================================
----------------- testing Fri Mar 29 03:51:41 UTC 2019 /home/travis/build/icyphy/ptII/ptolemy/actor/lib/test/auto/Lattice.xml
----------------- Instantiating /home/travis/build/icyphy/ptII/ptolemy/actor/lib/test/auto/Lattice.xml
1 ms. Memory: 1593344K Free: 1277051K (80%)
----------------- Invoking toplevel() on ptolemy.moml.MoMLSimpleApplication@2a8d91b2
----------------- Done invoking toplevel() on ptolemy.moml.MoMLSimpleApplication@2a8d91b2
reloadAllAccessors: .Lattice

===========================================================================================
----------------- testing Fri Mar 29 03:51:41 UTC 2019 /home/travis/build/icyphy/ptII/ptolemy/actor/lib/test/auto/LazyAOCTestLazy.xml
----------------- Instantiating /home/travis/build/icyphy/ptII/ptolemy/actor/lib/test/auto/LazyAOCTestLazy.xml
21 ms. Memory: 1593344K Free: 1262116K (79%)
----------------- Invoking toplevel() on ptolemy.moml.MoMLSimpleApplication@41f9deb5
----------------- Done invoking toplevel() on ptolemy.moml.MoMLSimpleApplication@41f9deb5
reloadAllAccessors: .LazyAOCTestLazy

===========================================================================================
----------------- testing Fri Mar 29 03:51:41 UTC 2019 /home/travis/build/icyphy/ptII/ptolemy/actor/lib/test/auto/LazyAOCTestNonLazy.xml
----------------- Instantiating /home/travis/build/icyphy/ptII/ptolemy/actor/lib/test/auto/LazyAOCTestNonLazy.xml
2 ms. Memory: 1593344K Free: 1247181K (78%)
----------------- Invoking toplevel() on ptolemy.moml.MoMLSimpleApplication@6f831b85
----------------- Done invoking toplevel() on ptolemy.moml.MoMLSimpleApplication@6f831b85
reloadAllAccessors: .LazyAOCTestNonLazy

===========================================================================================
----------------- testing Fri Mar 29 03:51:41 UTC 2019 /home/travis/build/icyphy/ptII/ptolemy/actor/lib/test/auto/LazyInnerClass.xml
----------------- Instantiating /home/travis/build/icyphy/ptII/ptolemy/actor/lib/test/auto/LazyInnerClass.xml
19 ms. Memory: 1593344K Free: 1232245K (77%)
----------------- Invoking toplevel() on ptolemy.moml.MoMLSimpleApplication@5ce55b71
----------------- Done invoking toplevel() on ptolemy.moml.MoMLSimpleApplication@5ce55b71
reloadAllAccessors: .LazyInnerClass

===========================================================================================
----------------- testing Fri Mar 29 03:51:41 UTC 2019 /home/travis/build/icyphy/ptII/ptolemy/actor/lib/test/auto/LazyPubSub.xml
----------------- Instantiating /home/travis/build/icyphy/ptII/ptolemy/actor/lib/test/auto/LazyPubSub.xml
26 ms. Memory: 1593344K Free: 1209022K (76%)
----------------- Invoking toplevel() on ptolemy.moml.MoMLSimpleApplication@48c87993
----------------- Done invoking toplevel() on ptolemy.moml.MoMLSimpleApplication@48c87993
reloadAllAccessors: .LazyPubSub

===========================================================================================
----------------- testing Fri Mar 29 03:51:41 UTC 2019 /home/travis/build/icyphy/ptII/ptolemy/actor/lib/test/auto/LazyPubSub2.xml
----------------- Instantiating /home/travis/build/icyphy/ptII/ptolemy/actor/lib/test/auto/LazyPubSub2.xml
21 ms. Memory: 1593344K Free: 1194086K (75%)
----------------- Invoking toplevel() on ptolemy.moml.MoMLSimpleApplication@75478dec
----------------- Done invoking toplevel() on ptolemy.moml.MoMLSimpleApplication@75478dec
reloadAllAccessors: .LazyPubSub2

===========================================================================================
----------------- testing Fri Mar 29 03:51:41 UTC 2019 /home/travis/build/icyphy/ptII/ptolemy/actor/lib/test/auto/LazyPubSub3.xml
----------------- Instantiating /home/travis/build/icyphy/ptII/ptolemy/actor/lib/test/auto/LazyPubSub3.xml
16 ms. Memory: 1593344K Free: 1179151K (74%)
----------------- Invoking toplevel() on ptolemy.moml.MoMLSimpleApplication@66b5742b
----------------- Done invoking toplevel() on ptolemy.moml.MoMLSimpleApplication@66b5742b
reloadAllAccessors: .LazyPubSub3

===========================================================================================
----------------- testing Fri Mar 29 03:51:41 UTC 2019 /home/travis/build/icyphy/ptII/ptolemy/actor/lib/test/auto/LazySubClassModel.xml
----------------- Instantiating /home/travis/build/icyphy/ptII/ptolemy/actor/lib/test/auto/LazySubClassModel.xml
2 ms. Memory: 1593344K Free: 1155927K (73%)
----------------- Invoking toplevel() on ptolemy.moml.MoMLSimpleApplication@69ab96cf
----------------- Done invoking toplevel() on ptolemy.moml.MoMLSimpleApplication@69ab96cf
reloadAllAccessors: .LazySubClassModel

===========================================================================================
----------------- testing Fri Mar 29 03:51:42 UTC 2019 /home/travis/build/icyphy/ptII/ptolemy/actor/lib/test/auto/LevelCrossTest1.xml
----------------- Instantiating /home/travis/build/icyphy/ptII/ptolemy/actor/lib/test/auto/LevelCrossTest1.xml
1 ms. Memory: 1593344K Free: 1140992K (72%)
----------------- Invoking toplevel() on ptolemy.moml.MoMLSimpleApplication@46887ecf
----------------- Done invoking toplevel() on ptolemy.moml.MoMLSimpleApplication@46887ecf
reloadAllAccessors: .broken

===========================================================================================
----------------- testing Fri Mar 29 03:51:42 UTC 2019 /home/travis/build/icyphy/ptII/ptolemy/actor/lib/test/auto/LevelCrossTest10.xml
----------------- Instantiating /home/travis/build/icyphy/ptII/ptolemy/actor/lib/test/auto/LevelCrossTest10.xml
1 ms. Memory: 1593344K Free: 1126057K (71%)
----------------- Invoking toplevel() on ptolemy.moml.MoMLSimpleApplication@73b8338f
----------------- Done invoking toplevel() on ptolemy.moml.MoMLSimpleApplication@73b8338f
reloadAllAccessors: .LevelCrossTest10

===========================================================================================
----------------- testing Fri Mar 29 03:51:42 UTC 2019 /home/travis/build/icyphy/ptII/ptolemy/actor/lib/test/auto/LevelCrossTest11.xml
----------------- Instantiating /home/travis/build/icyphy/ptII/ptolemy/actor/lib/test/auto/LevelCrossTest11.xml
1 ms. Memory: 1593344K Free: 1111122K (70%)
----------------- Invoking toplevel() on ptolemy.moml.MoMLSimpleApplication@295e3b92
----------------- Done invoking toplevel() on ptolemy.moml.MoMLSimpleApplication@295e3b92
reloadAllAccessors: .LevelCrossTest11

===========================================================================================
----------------- testing Fri Mar 29 03:51:42 UTC 2019 /home/travis/build/icyphy/ptII/ptolemy/actor/lib/test/auto/LevelCrossTest12.xml
----------------- Instantiating /home/travis/build/icyphy/ptII/ptolemy/actor/lib/test/auto/LevelCrossTest12.xml
1 ms. Memory: 1593344K Free: 1087898K (68%)
----------------- Invoking toplevel() on ptolemy.moml.MoMLSimpleApplication@1581ae7
----------------- Done invoking toplevel() on ptolemy.moml.MoMLSimpleApplication@1581ae7
reloadAllAccessors: .LevelCrossTest12

===========================================================================================
----------------- testing Fri Mar 29 03:51:42 UTC 2019 /home/travis/build/icyphy/ptII/ptolemy/actor/lib/test/auto/LevelCrossTest13.xml
----------------- Instantiating /home/travis/build/icyphy/ptII/ptolemy/actor/lib/test/auto/LevelCrossTest13.xml
1 ms. Memory: 1593344K Free: 1072963K (67%)
----------------- Invoking toplevel() on ptolemy.moml.MoMLSimpleApplication@774d2206
----------------- Done invoking toplevel() on ptolemy.moml.MoMLSimpleApplication@774d2206
reloadAllAccessors: .LevelCrossTest13

===========================================================================================
----------------- testing Fri Mar 29 03:51:42 UTC 2019 /home/travis/build/icyphy/ptII/ptolemy/actor/lib/test/auto/LevelCrossTest2.xml
----------------- Instantiating /home/travis/build/icyphy/ptII/ptolemy/actor/lib/test/auto/LevelCrossTest2.xml
2 ms. Memory: 1593344K Free: 1058028K (66%)
----------------- Invoking toplevel() on ptolemy.moml.MoMLSimpleApplication@44234ffd
----------------- Done invoking toplevel() on ptolemy.moml.MoMLSimpleApplication@44234ffd
reloadAllAccessors: .broken

===========================================================================================
----------------- testing Fri Mar 29 03:51:42 UTC 2019 /home/travis/build/icyphy/ptII/ptolemy/actor/lib/test/auto/LevelCrossTest3.xml
----------------- Instantiating /home/travis/build/icyphy/ptII/ptolemy/actor/lib/test/auto/LevelCrossTest3.xml
4 ms. Memory: 1593344K Free: 1034804K (65%)
----------------- Invoking toplevel() on ptolemy.moml.MoMLSimpleApplication@45712e2
----------------- Done invoking toplevel() on ptolemy.moml.MoMLSimpleApplication@45712e2
reloadAllAccessors: .LevelCrossTest3

===========================================================================================
----------------- testing Fri Mar 29 03:51:42 UTC 2019 /home/travis/build/icyphy/ptII/ptolemy/actor/lib/test/auto/LevelCrossTest4.xml
----------------- Instantiating /home/travis/build/icyphy/ptII/ptolemy/actor/lib/test/auto/LevelCrossTest4.xml
1 ms. Memory: 1593344K Free: 1019869K (64%)
----------------- Invoking toplevel() on ptolemy.moml.MoMLSimpleApplication@2ce42574
----------------- Done invoking toplevel() on ptolemy.moml.MoMLSimpleApplication@2ce42574
reloadAllAccessors: .broken

===========================================================================================
----------------- testing Fri Mar 29 03:51:42 UTC 2019 /home/travis/build/icyphy/ptII/ptolemy/actor/lib/test/auto/LevelCrossTest5.xml
----------------- Instantiating /home/travis/build/icyphy/ptII/ptolemy/actor/lib/test/auto/LevelCrossTest5.xml
1 ms. Memory: 1593344K Free: 1004934K (63%)
----------------- Invoking toplevel() on ptolemy.moml.MoMLSimpleApplication@1a187e46
----------------- Done invoking toplevel() on ptolemy.moml.MoMLSimpleApplication@1a187e46
reloadAllAccessors: .LevelCrossTest5

===========================================================================================
----------------- testing Fri Mar 29 03:51:42 UTC 2019 /home/travis/build/icyphy/ptII/ptolemy/actor/lib/test/auto/LevelCrossTest6.xml
----------------- Instantiating /home/travis/build/icyphy/ptII/ptolemy/actor/lib/test/auto/LevelCrossTest6.xml
1 ms. Memory: 1593344K Free: 989999K (62%)
----------------- Invoking toplevel() on ptolemy.moml.MoMLSimpleApplication@4a2a28db
----------------- Done invoking toplevel() on ptolemy.moml.MoMLSimpleApplication@4a2a28db
reloadAllAccessors: .LevelCrossTest6

===========================================================================================
----------------- testing Fri Mar 29 03:51:42 UTC 2019 /home/travis/build/icyphy/ptII/ptolemy/actor/lib/test/auto/LevelCrossTest7.xml
----------------- Instantiating /home/travis/build/icyphy/ptII/ptolemy/actor/lib/test/auto/LevelCrossTest7.xml
6 ms. Memory: 1593344K Free: 966775K (61%)
----------------- Invoking toplevel() on ptolemy.moml.MoMLSimpleApplication@739133b2
----------------- Done invoking toplevel() on ptolemy.moml.MoMLSimpleApplication@739133b2
reloadAllAccessors: .LevelCrossTest7

===========================================================================================
----------------- testing Fri Mar 29 03:51:42 UTC 2019 /home/travis/build/icyphy/ptII/ptolemy/actor/lib/test/auto/LevelCrossTest8.xml
----------------- Instantiating /home/travis/build/icyphy/ptII/ptolemy/actor/lib/test/auto/LevelCrossTest8.xml
1 ms. Memory: 1593344K Free: 951840K (60%)
----------------- Invoking toplevel() on ptolemy.moml.MoMLSimpleApplication@77e8863
----------------- Done invoking toplevel() on ptolemy.moml.MoMLSimpleApplication@77e8863
reloadAllAccessors: .LevelCrossTest8

===========================================================================================
----------------- testing Fri Mar 29 03:51:42 UTC 2019 /home/travis/build/icyphy/ptII/ptolemy/actor/lib/test/auto/LevelCrossTest9.xml
----------------- Instantiating /home/travis/build/icyphy/ptII/ptolemy/actor/lib/test/auto/LevelCrossTest9.xml
2 ms. Memory: 1593344K Free: 936905K (59%)
----------------- Invoking toplevel() on ptolemy.moml.MoMLSimpleApplication@41479827
----------------- Done invoking toplevel() on ptolemy.moml.MoMLSimpleApplication@41479827
reloadAllAccessors: .LevelCrossTest9

===========================================================================================
----------------- testing Fri Mar 29 03:51:42 UTC 2019 /home/travis/build/icyphy/ptII/ptolemy/actor/lib/test/auto/LevinsonDurbin.xml
----------------- Instantiating /home/travis/build/icyphy/ptII/ptolemy/actor/lib/test/auto/LevinsonDurbin.xml
5 ms. Memory: 1593344K Free: 921969K (58%)
----------------- Invoking toplevel() on ptolemy.moml.MoMLSimpleApplication@68525167
----------------- Done invoking toplevel() on ptolemy.moml.MoMLSimpleApplication@68525167
reloadAllAccessors: .LevinsonDurbin

===========================================================================================
----------------- testing Fri Mar 29 03:51:42 UTC 2019 /home/travis/build/icyphy/ptII/ptolemy/actor/lib/test/auto/LevinsonDurbin2.xml
----------------- Instantiating /home/travis/build/icyphy/ptII/ptolemy/actor/lib/test/auto/LevinsonDurbin2.xml
3 ms. Memory: 1593344K Free: 898746K (56%)
----------------- Invoking toplevel() on ptolemy.moml.MoMLSimpleApplication@22ae4211
----------------- Done invoking toplevel() on ptolemy.moml.MoMLSimpleApplication@22ae4211
reloadAllAccessors: .LevinsonDurbin2

===========================================================================================
----------------- testing Fri Mar 29 03:51:42 UTC 2019 /home/travis/build/icyphy/ptII/ptolemy/actor/lib/test/auto/LevinsonDurbin3.xml
----------------- Instantiating /home/travis/build/icyphy/ptII/ptolemy/actor/lib/test/auto/LevinsonDurbin3.xml
4 ms. Memory: 1593344K Free: 883810K (55%)
----------------- Invoking toplevel() on ptolemy.moml.MoMLSimpleApplication@3b9d81a0
----------------- Done invoking toplevel() on ptolemy.moml.MoMLSimpleApplication@3b9d81a0
reloadAllAccessors: .LevinsonDurbin3

===========================================================================================
----------------- testing Fri Mar 29 03:51:42 UTC 2019 /home/travis/build/icyphy/ptII/ptolemy/actor/lib/test/auto/Limiter.xml
----------------- Instantiating /home/travis/build/icyphy/ptII/ptolemy/actor/lib/test/auto/Limiter.xml
4 ms. Memory: 1593344K Free: 868875K (55%)
----------------- Invoking toplevel() on ptolemy.moml.MoMLSimpleApplication@1c438a94
----------------- Done invoking toplevel() on ptolemy.moml.MoMLSimpleApplication@1c438a94
reloadAllAccessors: .Limiter

===========================================================================================
----------------- testing Fri Mar 29 03:51:42 UTC 2019 /home/travis/build/icyphy/ptII/ptolemy/actor/lib/test/auto/LinearDifferenceEquationSystem.xml
----------------- Instantiating /home/travis/build/icyphy/ptII/ptolemy/actor/lib/test/auto/LinearDifferenceEquationSystem.xml
4 ms. Memory: 1593344K Free: 845651K (53%)
----------------- Invoking toplevel() on ptolemy.moml.MoMLSimpleApplication@11a45f11
----------------- Done invoking toplevel() on ptolemy.moml.MoMLSimpleApplication@11a45f11
reloadAllAccessors: .LinearDifferenceEquationSystem

===========================================================================================
----------------- testing Fri Mar 29 03:51:42 UTC 2019 /home/travis/build/icyphy/ptII/ptolemy/actor/lib/test/auto/LookupTable.xml
----------------- Instantiating /home/travis/build/icyphy/ptII/ptolemy/actor/lib/test/auto/LookupTable.xml
2 ms. Memory: 1593344K Free: 830716K (52%)
----------------- Invoking toplevel() on ptolemy.moml.MoMLSimpleApplication@589fd5bc
----------------- Done invoking toplevel() on ptolemy.moml.MoMLSimpleApplication@589fd5bc
reloadAllAccessors: .LookupTable

===========================================================================================
----------------- testing Fri Mar 29 03:51:42 UTC 2019 /home/travis/build/icyphy/ptII/ptolemy/actor/lib/test/auto/MathFunction.xml
----------------- Instantiating /home/travis/build/icyphy/ptII/ptolemy/actor/lib/test/auto/MathFunction.xml
2 ms. Memory: 1593344K Free: 815781K (51%)
----------------- Invoking toplevel() on ptolemy.moml.MoMLSimpleApplication@14f52d68
----------------- Done invoking toplevel() on ptolemy.moml.MoMLSimpleApplication@14f52d68
reloadAllAccessors: .MathFunction

===========================================================================================
----------------- testing Fri Mar 29 03:51:42 UTC 2019 /home/travis/build/icyphy/ptII/ptolemy/actor/lib/test/auto/MathFunction2.xml
----------------- Instantiating /home/travis/build/icyphy/ptII/ptolemy/actor/lib/test/auto/MathFunction2.xml
1 ms. Memory: 1593344K Free: 800846K (50%)
----------------- Invoking toplevel() on ptolemy.moml.MoMLSimpleApplication@51873a5
----------------- Done invoking toplevel() on ptolemy.moml.MoMLSimpleApplication@51873a5
reloadAllAccessors: .MathFunction2

===========================================================================================
----------------- testing Fri Mar 29 03:51:42 UTC 2019 /home/travis/build/icyphy/ptII/ptolemy/actor/lib/test/auto/MathFunction3.xml
----------------- Instantiating /home/travis/build/icyphy/ptII/ptolemy/actor/lib/test/auto/MathFunction3.xml
6 ms. Memory: 1593344K Free: 777622K (49%)
----------------- Invoking toplevel() on ptolemy.moml.MoMLSimpleApplication@391918c2
----------------- Done invoking toplevel() on ptolemy.moml.MoMLSimpleApplication@391918c2
reloadAllAccessors: .MathFunction3

===========================================================================================
----------------- testing Fri Mar 29 03:51:42 UTC 2019 /home/travis/build/icyphy/ptII/ptolemy/actor/lib/test/auto/MatrixCropBoolean.xml
----------------- Instantiating /home/travis/build/icyphy/ptII/ptolemy/actor/lib/test/auto/MatrixCropBoolean.xml
3 ms. Memory: 1593344K Free: 762687K (48%)
----------------- Invoking toplevel() on ptolemy.moml.MoMLSimpleApplication@201c58be
----------------- Done invoking toplevel() on ptolemy.moml.MoMLSimpleApplication@201c58be
reloadAllAccessors: .MatrixCropBoolean

===========================================================================================
----------------- testing Fri Mar 29 03:51:42 UTC 2019 /home/travis/build/icyphy/ptII/ptolemy/actor/lib/test/auto/MatrixCropComplex.xml
----------------- Instantiating /home/travis/build/icyphy/ptII/ptolemy/actor/lib/test/auto/MatrixCropComplex.xml
2 ms. Memory: 1593344K Free: 747752K (47%)
----------------- Invoking toplevel() on ptolemy.moml.MoMLSimpleApplication@11a7bc1a
----------------- Done invoking toplevel() on ptolemy.moml.MoMLSimpleApplication@11a7bc1a
reloadAllAccessors: .MatrixCropComplex

===========================================================================================
----------------- testing Fri Mar 29 03:51:42 UTC 2019 /home/travis/build/icyphy/ptII/ptolemy/actor/lib/test/auto/MatrixCropDouble.xml
----------------- Instantiating /home/travis/build/icyphy/ptII/ptolemy/actor/lib/test/auto/MatrixCropDouble.xml
3 ms. Memory: 1593344K Free: 724528K (45%)
----------------- Invoking toplevel() on ptolemy.moml.MoMLSimpleApplication@4b4e1865
----------------- Done invoking toplevel() on ptolemy.moml.MoMLSimpleApplication@4b4e1865
reloadAllAccessors: .MatrixCropDouble

===========================================================================================
----------------- testing Fri Mar 29 03:51:42 UTC 2019 /home/travis/build/icyphy/ptII/ptolemy/actor/lib/test/auto/MatrixCropFix.xml
----------------- Instantiating /home/travis/build/icyphy/ptII/ptolemy/actor/lib/test/auto/MatrixCropFix.xml
2 ms. Memory: 1593344K Free: 709593K (45%)
----------------- Invoking toplevel() on ptolemy.moml.MoMLSimpleApplication@5d00fda6
----------------- Done invoking toplevel() on ptolemy.moml.MoMLSimpleApplication@5d00fda6
reloadAllAccessors: .MatrixCropFix

===========================================================================================
----------------- testing Fri Mar 29 03:51:42 UTC 2019 /home/travis/build/icyphy/ptII/ptolemy/actor/lib/test/auto/MatrixCropInt.xml
----------------- Instantiating /home/travis/build/icyphy/ptII/ptolemy/actor/lib/test/auto/MatrixCropInt.xml
2 ms. Memory: 1593344K Free: 694658K (44%)
----------------- Invoking toplevel() on ptolemy.moml.MoMLSimpleApplication@1b9135a2
----------------- Done invoking toplevel() on ptolemy.moml.MoMLSimpleApplication@1b9135a2
reloadAllAccessors: .MatrixCropInt

===========================================================================================
----------------- testing Fri Mar 29 03:51:42 UTC 2019 /home/travis/build/icyphy/ptII/ptolemy/actor/lib/test/auto/MatrixCropLong.xml
----------------- Instantiating /home/travis/build/icyphy/ptII/ptolemy/actor/lib/test/auto/MatrixCropLong.xml
2 ms. Memory: 1593344K Free: 679723K (43%)
----------------- Invoking toplevel() on ptolemy.moml.MoMLSimpleApplication@65f7ef45
----------------- Done invoking toplevel() on ptolemy.moml.MoMLSimpleApplication@65f7ef45
reloadAllAccessors: .MatrixCropLong

===========================================================================================
----------------- testing Fri Mar 29 03:51:42 UTC 2019 /home/travis/build/icyphy/ptII/ptolemy/actor/lib/test/auto/MatrixToArray.xml
----------------- Instantiating /home/travis/build/icyphy/ptII/ptolemy/actor/lib/test/auto/MatrixToArray.xml
7 ms. Memory: 1593344K Free: 649015K (41%)
----------------- Invoking toplevel() on ptolemy.moml.MoMLSimpleApplication@bfc8218
----------------- Done invoking toplevel() on ptolemy.moml.MoMLSimpleApplication@bfc8218
reloadAllAccessors: .MatrixToArray

===========================================================================================
----------------- testing Fri Mar 29 03:51:42 UTC 2019 /home/travis/build/icyphy/ptII/ptolemy/actor/lib/test/auto/MaxIndex.xml
----------------- Instantiating /home/travis/build/icyphy/ptII/ptolemy/actor/lib/test/auto/MaxIndex.xml
1 ms. Memory: 1593344K Free: 634080K (40%)
----------------- Invoking toplevel() on ptolemy.moml.MoMLSimpleApplication@4f384084
----------------- Done invoking toplevel() on ptolemy.moml.MoMLSimpleApplication@4f384084
reloadAllAccessors: .MaxIndex

===========================================================================================
----------------- testing Fri Mar 29 03:51:42 UTC 2019 /home/travis/build/icyphy/ptII/ptolemy/actor/lib/test/auto/Maximum.xml
----------------- Instantiating /home/travis/build/icyphy/ptII/ptolemy/actor/lib/test/auto/Maximum.xml
8 ms. Memory: 1593344K Free: 619145K (39%)
----------------- Invoking toplevel() on ptolemy.moml.MoMLSimpleApplication@4d447674
----------------- Done invoking toplevel() on ptolemy.moml.MoMLSimpleApplication@4d447674
reloadAllAccessors: .Maximum

===========================================================================================
----------------- testing Fri Mar 29 03:51:42 UTC 2019 /home/travis/build/icyphy/ptII/ptolemy/actor/lib/test/auto/MaximumComplex.xml
----------------- Instantiating /home/travis/build/icyphy/ptII/ptolemy/actor/lib/test/auto/MaximumComplex.xml
5 ms. Memory: 1593344K Free: 595921K (37%)
----------------- Invoking toplevel() on ptolemy.moml.MoMLSimpleApplication@57a56aaf
----------------- Done invoking toplevel() on ptolemy.moml.MoMLSimpleApplication@57a56aaf
reloadAllAccessors: .MaximumComplex

===========================================================================================
----------------- testing Fri Mar 29 03:51:42 UTC 2019 /home/travis/build/icyphy/ptII/ptolemy/actor/lib/test/auto/MethodCallTest.xml
----------------- Instantiating /home/travis/build/icyphy/ptII/ptolemy/actor/lib/test/auto/MethodCallTest.xml
3 ms. Memory: 1593344K Free: 580986K (36%)
----------------- Invoking toplevel() on ptolemy.moml.MoMLSimpleApplication@2d80d7e9
----------------- Done invoking toplevel() on ptolemy.moml.MoMLSimpleApplication@2d80d7e9
reloadAllAccessors: .MethodCallTest

===========================================================================================
----------------- testing Fri Mar 29 03:51:42 UTC 2019 /home/travis/build/icyphy/ptII/ptolemy/actor/lib/test/auto/Minimum.xml
----------------- Instantiating /home/travis/build/icyphy/ptII/ptolemy/actor/lib/test/auto/Minimum.xml
5 ms. Memory: 1593344K Free: 566051K (36%)
----------------- Invoking toplevel() on ptolemy.moml.MoMLSimpleApplication@67facd17
----------------- Done invoking toplevel() on ptolemy.moml.MoMLSimpleApplication@67facd17
reloadAllAccessors: .Minimum

===========================================================================================
----------------- testing Fri Mar 29 03:51:42 UTC 2019 /home/travis/build/icyphy/ptII/ptolemy/actor/lib/test/auto/MinimumComplex.xml
----------------- Instantiating /home/travis/build/icyphy/ptII/ptolemy/actor/lib/test/auto/MinimumComplex.xml
3 ms. Memory: 1593344K Free: 551116K (35%)
----------------- Invoking toplevel() on ptolemy.moml.MoMLSimpleApplication@4a4edf36
----------------- Done invoking toplevel() on ptolemy.moml.MoMLSimpleApplication@4a4edf36
reloadAllAccessors: .MinimumComplex

===========================================================================================
----------------- testing Fri Mar 29 03:51:42 UTC 2019 /home/travis/build/icyphy/ptII/ptolemy/actor/lib/test/auto/MinimumMultiports.xml
----------------- Instantiating /home/travis/build/icyphy/ptII/ptolemy/actor/lib/test/auto/MinimumMultiports.xml
4 ms. Memory: 1593344K Free: 527892K (33%)
----------------- Invoking toplevel() on ptolemy.moml.MoMLSimpleApplication@273bd503
----------------- Done invoking toplevel() on ptolemy.moml.MoMLSimpleApplication@273bd503
reloadAllAccessors: .MinimumMultiports

===========================================================================================
----------------- testing Fri Mar 29 03:51:42 UTC 2019 /home/travis/build/icyphy/ptII/ptolemy/actor/lib/test/auto/ModifyDate.xml
----------------- Instantiating /home/travis/build/icyphy/ptII/ptolemy/actor/lib/test/auto/ModifyDate.xml
7 ms. Memory: 1593344K Free: 505474K (32%)
----------------- Invoking toplevel() on ptolemy.moml.MoMLSimpleApplication@31e7cf43
----------------- Done invoking toplevel() on ptolemy.moml.MoMLSimpleApplication@31e7cf43
reloadAllAccessors: .ModifyDate

===========================================================================================
----------------- testing Fri Mar 29 03:51:42 UTC 2019 /home/travis/build/icyphy/ptII/ptolemy/actor/lib/test/auto/ModifyDate2.xml
----------------- Instantiating /home/travis/build/icyphy/ptII/ptolemy/actor/lib/test/auto/ModifyDate2.xml
6 ms. Memory: 1593344K Free: 483071K (30%)
----------------- Invoking toplevel() on ptolemy.moml.MoMLSimpleApplication@5cb4a17c
----------------- Done invoking toplevel() on ptolemy.moml.MoMLSimpleApplication@5cb4a17c
reloadAllAccessors: .ModifyDate2

===========================================================================================
----------------- testing Fri Mar 29 03:51:42 UTC 2019 /home/travis/build/icyphy/ptII/ptolemy/actor/lib/test/auto/MovingAverage.xml
----------------- Instantiating /home/travis/build/icyphy/ptII/ptolemy/actor/lib/test/auto/MovingAverage.xml
3 ms. Memory: 1593344K Free: 459847K (29%)
----------------- Invoking toplevel() on ptolemy.moml.MoMLSimpleApplication@23b89abe
----------------- Done invoking toplevel() on ptolemy.moml.MoMLSimpleApplication@23b89abe
reloadAllAccessors: .MovingAverage

===========================================================================================
----------------- testing Fri Mar 29 03:51:43 UTC 2019 /home/travis/build/icyphy/ptII/ptolemy/actor/lib/test/auto/MovingMaximum.xml
----------------- Instantiating /home/travis/build/icyphy/ptII/ptolemy/actor/lib/test/auto/MovingMaximum.xml
2 ms. Memory: 1593344K Free: 444912K (28%)
----------------- Invoking toplevel() on ptolemy.moml.MoMLSimpleApplication@73e1704d
----------------- Done invoking toplevel() on ptolemy.moml.MoMLSimpleApplication@73e1704d
reloadAllAccessors: .MovingMaximum

===========================================================================================
----------------- testing Fri Mar 29 03:51:43 UTC 2019 /home/travis/build/icyphy/ptII/ptolemy/actor/lib/test/auto/MultipleLinksToSameRelation.xml
----------------- Instantiating /home/travis/build/icyphy/ptII/ptolemy/actor/lib/test/auto/MultipleLinksToSameRelation.xml
2 ms. Memory: 1593344K Free: 429977K (27%)
----------------- Invoking toplevel() on ptolemy.moml.MoMLSimpleApplication@40065811
----------------- Done invoking toplevel() on ptolemy.moml.MoMLSimpleApplication@40065811
reloadAllAccessors: .MultipleLinksToSameRelation

===========================================================================================
----------------- testing Fri Mar 29 03:51:43 UTC 2019 /home/travis/build/icyphy/ptII/ptolemy/actor/lib/test/auto/MultipleLinksToSameRelationDE.xml
----------------- Instantiating /home/travis/build/icyphy/ptII/ptolemy/actor/lib/test/auto/MultipleLinksToSameRelationDE.xml
2 ms. Memory: 1593344K Free: 415042K (26%)
----------------- Invoking toplevel() on ptolemy.moml.MoMLSimpleApplication@32e1e2ea
----------------- Done invoking toplevel() on ptolemy.moml.MoMLSimpleApplication@32e1e2ea
reloadAllAccessors: .MultipleLinksToSameRelationDE

===========================================================================================
----------------- testing Fri Mar 29 03:51:43 UTC 2019 /home/travis/build/icyphy/ptII/ptolemy/actor/lib/test/auto/Multiplexor.xml
----------------- Instantiating /home/travis/build/icyphy/ptII/ptolemy/actor/lib/test/auto/Multiplexor.xml
2 ms. Memory: 1593344K Free: 391818K (25%)
----------------- Invoking toplevel() on ptolemy.moml.MoMLSimpleApplication@cb977ae
----------------- Done invoking toplevel() on ptolemy.moml.MoMLSimpleApplication@cb977ae
reloadAllAccessors: .Multiplexor

===========================================================================================
----------------- testing Fri Mar 29 03:51:43 UTC 2019 /home/travis/build/icyphy/ptII/ptolemy/actor/lib/test/auto/Multiplexor1.xml
----------------- Instantiating /home/travis/build/icyphy/ptII/ptolemy/actor/lib/test/auto/Multiplexor1.xml
2 ms. Memory: 1593344K Free: 376883K (24%)
----------------- Invoking toplevel() on ptolemy.moml.MoMLSimpleApplication@178bf185
----------------- Done invoking toplevel() on ptolemy.moml.MoMLSimpleApplication@178bf185
reloadAllAccessors: .Multiplexor1

===========================================================================================
----------------- testing Fri Mar 29 03:51:43 UTC 2019 /home/travis/build/icyphy/ptII/ptolemy/actor/lib/test/auto/Multiplexor2.xml
----------------- Instantiating /home/travis/build/icyphy/ptII/ptolemy/actor/lib/test/auto/Multiplexor2.xml
3 ms. Memory: 1593344K Free: 361948K (23%)
----------------- Invoking toplevel() on ptolemy.moml.MoMLSimpleApplication@4b50577d
----------------- Done invoking toplevel() on ptolemy.moml.MoMLSimpleApplication@4b50577d
reloadAllAccessors: .Multiplexor2

===========================================================================================
----------------- testing Fri Mar 29 03:51:43 UTC 2019 /home/travis/build/icyphy/ptII/ptolemy/actor/lib/test/auto/Multiplexor3.xml
----------------- Instantiating /home/travis/build/icyphy/ptII/ptolemy/actor/lib/test/auto/Multiplexor3.xml
2 ms. Memory: 1593344K Free: 338724K (21%)
----------------- Invoking toplevel() on ptolemy.moml.MoMLSimpleApplication@6da101bd
----------------- Done invoking toplevel() on ptolemy.moml.MoMLSimpleApplication@6da101bd
reloadAllAccessors: .Multiplexor3

===========================================================================================
----------------- testing Fri Mar 29 03:51:43 UTC 2019 /home/travis/build/icyphy/ptII/ptolemy/actor/lib/test/auto/MultiplexorDE.xml
----------------- Instantiating /home/travis/build/icyphy/ptII/ptolemy/actor/lib/test/auto/MultiplexorDE.xml
3 ms. Memory: 1593344K Free: 323789K (20%)
----------------- Invoking toplevel() on ptolemy.moml.MoMLSimpleApplication@36938a10
----------------- Done invoking toplevel() on ptolemy.moml.MoMLSimpleApplication@36938a10
reloadAllAccessors: .MultiplexorDE

===========================================================================================
----------------- testing Fri Mar 29 03:51:43 UTC 2019 /home/travis/build/icyphy/ptII/ptolemy/actor/lib/test/auto/MultiportBroadcastTest.xml
----------------- Instantiating /home/travis/build/icyphy/ptII/ptolemy/actor/lib/test/auto/MultiportBroadcastTest.xml
96 ms. Memory: 1593344K Free: 308854K (19%)
----------------- Invoking toplevel() on ptolemy.moml.MoMLSimpleApplication@190f979a
----------------- Done invoking toplevel() on ptolemy.moml.MoMLSimpleApplication@190f979a
reloadAllAccessors: .MultiportBroadcastTest

===========================================================================================
----------------- testing Fri Mar 29 03:51:43 UTC 2019 /home/travis/build/icyphy/ptII/ptolemy/actor/lib/test/auto/MultiportOutHangDuringGetWidth.xml
----------------- Instantiating /home/travis/build/icyphy/ptII/ptolemy/actor/lib/test/auto/MultiportOutHangDuringGetWidth.xml
6 ms. Memory: 1593344K Free: 286443K (18%)
----------------- Invoking toplevel() on ptolemy.moml.MoMLSimpleApplication@690dd4b7
----------------- Done invoking toplevel() on ptolemy.moml.MoMLSimpleApplication@690dd4b7
reloadAllAccessors: .MultiportOutHangDuringGetWidth

===========================================================================================
----------------- testing Fri Mar 29 03:51:43 UTC 2019 /home/travis/build/icyphy/ptII/ptolemy/actor/lib/test/auto/NilToken.xml
----------------- Instantiating /home/travis/build/icyphy/ptII/ptolemy/actor/lib/test/auto/NilToken.xml
2 ms. Memory: 1593344K Free: 263219K (17%)
----------------- Invoking toplevel() on ptolemy.moml.MoMLSimpleApplication@755c306
----------------- Done invoking toplevel() on ptolemy.moml.MoMLSimpleApplication@755c306
reloadAllAccessors: .NilToken

===========================================================================================
----------------- testing Fri Mar 29 03:51:43 UTC 2019 /home/travis/build/icyphy/ptII/ptolemy/actor/lib/test/auto/NilTokenNonStrictTest.xml
----------------- Instantiating /home/travis/build/icyphy/ptII/ptolemy/actor/lib/test/auto/NilTokenNonStrictTest.xml
4 ms. Memory: 1593344K Free: 248284K (16%)
----------------- Invoking toplevel() on ptolemy.moml.MoMLSimpleApplication@20f03c4d
----------------- Done invoking toplevel() on ptolemy.moml.MoMLSimpleApplication@20f03c4d
reloadAllAccessors: .NilTokenNonStrictTest

===========================================================================================
----------------- testing Fri Mar 29 03:51:43 UTC 2019 /home/travis/build/icyphy/ptII/ptolemy/actor/lib/test/auto/NilTokenRecord.xml
----------------- Instantiating /home/travis/build/icyphy/ptII/ptolemy/actor/lib/test/auto/NilTokenRecord.xml
6 ms. Memory: 1593344K Free: 233349K (15%)
----------------- Invoking toplevel() on ptolemy.moml.MoMLSimpleApplication@1f64706c
----------------- Done invoking toplevel() on ptolemy.moml.MoMLSimpleApplication@1f64706c
reloadAllAccessors: .NilTokenRecord

===========================================================================================
----------------- testing Fri Mar 29 03:51:43 UTC 2019 /home/travis/build/icyphy/ptII/ptolemy/actor/lib/test/auto/NilTokenTypeTest.xml
----------------- Instantiating /home/travis/build/icyphy/ptII/ptolemy/actor/lib/test/auto/NilTokenTypeTest.xml
7 ms. Memory: 1593344K Free: 202642K (13%)
----------------- Invoking toplevel() on ptolemy.moml.MoMLSimpleApplication@2119db71
----------------- Done invoking toplevel() on ptolemy.moml.MoMLSimpleApplication@2119db71
reloadAllAccessors: .NilTokenTypeTest

===========================================================================================
----------------- testing Fri Mar 29 03:51:43 UTC 2019 /home/travis/build/icyphy/ptII/ptolemy/actor/lib/test/auto/ObjectToken1.xml
----------------- Instantiating /home/travis/build/icyphy/ptII/ptolemy/actor/lib/test/auto/ObjectToken1.xml
2 ms. Memory: 1593344K Free: 187707K (12%)
----------------- Invoking toplevel() on ptolemy.moml.MoMLSimpleApplication@66dfb9ad
----------------- Done invoking toplevel() on ptolemy.moml.MoMLSimpleApplication@66dfb9ad
reloadAllAccessors: .ObjectToken1

===========================================================================================
----------------- testing Fri Mar 29 03:51:43 UTC 2019 /home/travis/build/icyphy/ptII/ptolemy/actor/lib/test/auto/OrderedMerge.xml
----------------- Instantiating /home/travis/build/icyphy/ptII/ptolemy/actor/lib/test/auto/OrderedMerge.xml
14 ms. Memory: 1593344K Free: 142901K (9%)
----------------- Invoking toplevel() on ptolemy.moml.MoMLSimpleApplication@56f5090a
----------------- Done invoking toplevel() on ptolemy.moml.MoMLSimpleApplication@56f5090a
reloadAllAccessors: .OrderedMerge

===========================================================================================
----------------- testing Fri Mar 29 03:51:43 UTC 2019 /home/travis/build/icyphy/ptII/ptolemy/actor/lib/test/auto/OrderedRecordDisassembler.xml
----------------- Instantiating /home/travis/build/icyphy/ptII/ptolemy/actor/lib/test/auto/OrderedRecordDisassembler.xml
4 ms. Memory: 1593344K Free: 127966K (8%)
----------------- Invoking toplevel() on ptolemy.moml.MoMLSimpleApplication@4719c049
----------------- Done invoking toplevel() on ptolemy.moml.MoMLSimpleApplication@4719c049
reloadAllAccessors: .OrderedRecordDisassembler

===========================================================================================
----------------- testing Fri Mar 29 03:51:43 UTC 2019 /home/travis/build/icyphy/ptII/ptolemy/actor/lib/test/auto/OrderedRecordDisassembler2.xml
----------------- Instantiating /home/travis/build/icyphy/ptII/ptolemy/actor/lib/test/auto/OrderedRecordDisassembler2.xml
6 ms. Memory: 1593344K Free: 104743K (7%)
----------------- Invoking toplevel() on ptolemy.moml.MoMLSimpleApplication@78e27d5d
----------------- Done invoking toplevel() on ptolemy.moml.MoMLSimpleApplication@78e27d5d
reloadAllAccessors: .OrderedRecordDisassembler2

===========================================================================================
----------------- testing Fri Mar 29 03:51:43 UTC 2019 /home/travis/build/icyphy/ptII/ptolemy/actor/lib/test/auto/OrderedRecordUpdater.xml
----------------- Instantiating /home/travis/build/icyphy/ptII/ptolemy/actor/lib/test/auto/OrderedRecordUpdater.xml
2 ms. Memory: 1593344K Free: 89808K (6%)
----------------- Invoking toplevel() on ptolemy.moml.MoMLSimpleApplication@b202f2
----------------- Done invoking toplevel() on ptolemy.moml.MoMLSimpleApplication@b202f2
reloadAllAccessors: .RecordUpdater

===========================================================================================
----------------- testing Fri Mar 29 03:51:43 UTC 2019 /home/travis/build/icyphy/ptII/ptolemy/actor/lib/test/auto/OrderedRecordUpdater2.xml
----------------- Instantiating /home/travis/build/icyphy/ptII/ptolemy/actor/lib/test/auto/OrderedRecordUpdater2.xml
5 ms. Memory: 1593344K Free: 74873K (5%)
----------------- Invoking toplevel() on ptolemy.moml.MoMLSimpleApplication@29695c77
----------------- Done invoking toplevel() on ptolemy.moml.MoMLSimpleApplication@29695c77
reloadAllAccessors: .RecordUpdater2

===========================================================================================
----------------- testing Fri Mar 29 03:51:43 UTC 2019 /home/travis/build/icyphy/ptII/ptolemy/actor/lib/test/auto/PhaseUnwrap.xml
----------------- Instantiating /home/travis/build/icyphy/ptII/ptolemy/actor/lib/test/auto/PhaseUnwrap.xml
14 ms. Memory: 1766912K Free: 1724280K (98%)
----------------- Invoking toplevel() on ptolemy.moml.MoMLSimpleApplication@358879af
----------------- Done invoking toplevel() on ptolemy.moml.MoMLSimpleApplication@358879af
reloadAllAccessors: .PhaseUnwrap

===========================================================================================
----------------- testing Fri Mar 29 03:51:43 UTC 2019 /home/travis/build/icyphy/ptII/ptolemy/actor/lib/test/auto/PoissonClock.xml
----------------- Instantiating /home/travis/build/icyphy/ptII/ptolemy/actor/lib/test/auto/PoissonClock.xml
2 ms. Memory: 1766912K Free: 1696182K (96%)
----------------- Invoking toplevel() on ptolemy.moml.MoMLSimpleApplication@7d38b656
----------------- Done invoking toplevel() on ptolemy.moml.MoMLSimpleApplication@7d38b656
reloadAllAccessors: .PoissonClock

===========================================================================================
----------------- testing Fri Mar 29 03:51:43 UTC 2019 /home/travis/build/icyphy/ptII/ptolemy/actor/lib/test/auto/PoissonClock2.xml
----------------- Instantiating /home/travis/build/icyphy/ptII/ptolemy/actor/lib/test/auto/PoissonClock2.xml
1 ms. Memory: 1766912K Free: 1679696K (95%)
----------------- Invoking toplevel() on ptolemy.moml.MoMLSimpleApplication@7acb756f
----------------- Done invoking toplevel() on ptolemy.moml.MoMLSimpleApplication@7acb756f
reloadAllAccessors: .PoissonClock2

===========================================================================================
----------------- testing Fri Mar 29 03:51:43 UTC 2019 /home/travis/build/icyphy/ptII/ptolemy/actor/lib/test/auto/PoissonClock3.xml
----------------- Instantiating /home/travis/build/icyphy/ptII/ptolemy/actor/lib/test/auto/PoissonClock3.xml
2 ms. Memory: 1766912K Free: 1663065K (94%)
----------------- Invoking toplevel() on ptolemy.moml.MoMLSimpleApplication@49bf0ae9
----------------- Done invoking toplevel() on ptolemy.moml.MoMLSimpleApplication@49bf0ae9
reloadAllAccessors: .PoissonClock3

===========================================================================================
----------------- testing Fri Mar 29 03:51:43 UTC 2019 /home/travis/build/icyphy/ptII/ptolemy/actor/lib/test/auto/PubSubWithInitialTokens.xml
----------------- Instantiating /home/travis/build/icyphy/ptII/ptolemy/actor/lib/test/auto/PubSubWithInitialTokens.xml
2 ms. Memory: 1766912K Free: 1639089K (93%)
----------------- Invoking toplevel() on ptolemy.moml.MoMLSimpleApplication@41efff64
----------------- Done invoking toplevel() on ptolemy.moml.MoMLSimpleApplication@41efff64
reloadAllAccessors: .PubSubWithInitialTokens

===========================================================================================
----------------- testing Fri Mar 29 03:51:43 UTC 2019 /home/travis/build/icyphy/ptII/ptolemy/actor/lib/test/auto/PubSubWithInitialTokens2.xml
----------------- Instantiating /home/travis/build/icyphy/ptII/ptolemy/actor/lib/test/auto/PubSubWithInitialTokens2.xml
2 ms. Memory: 1766912K Free: 1622603K (92%)
----------------- Invoking toplevel() on ptolemy.moml.MoMLSimpleApplication@72f04c93
----------------- Done invoking toplevel() on ptolemy.moml.MoMLSimpleApplication@72f04c93
reloadAllAccessors: .PubSubWithInitialTokens2

===========================================================================================
----------------- testing Fri Mar 29 03:51:43 UTC 2019 /home/travis/build/icyphy/ptII/ptolemy/actor/lib/test/auto/PublisherClassNoParameter.xml
----------------- Instantiating /home/travis/build/icyphy/ptII/ptolemy/actor/lib/test/auto/PublisherClassNoParameter.xml
2 ms. Memory: 1766912K Free: 1606116K (91%)
----------------- Invoking toplevel() on ptolemy.moml.MoMLSimpleApplication@25658504
----------------- Done invoking toplevel() on ptolemy.moml.MoMLSimpleApplication@25658504
reloadAllAccessors: .PublisherClassNoParameter

===========================================================================================
----------------- testing Fri Mar 29 03:51:43 UTC 2019 /home/travis/build/icyphy/ptII/ptolemy/actor/lib/test/auto/PublisherClassParameter.xml
----------------- Instantiating /home/travis/build/icyphy/ptII/ptolemy/actor/lib/test/auto/PublisherClassParameter.xml
2 ms. Memory: 1766912K Free: 1573881K (89%)
----------------- Invoking toplevel() on ptolemy.moml.MoMLSimpleApplication@491f3e51
----------------- Done invoking toplevel() on ptolemy.moml.MoMLSimpleApplication@491f3e51
reloadAllAccessors: .PublisherClassParameter

===========================================================================================
----------------- testing Fri Mar 29 03:51:43 UTC 2019 /home/travis/build/icyphy/ptII/ptolemy/actor/lib/test/auto/PublisherNonStrictTest.xml
----------------- Instantiating /home/travis/build/icyphy/ptII/ptolemy/actor/lib/test/auto/PublisherNonStrictTest.xml
3 ms. Memory: 1766912K Free: 1557394K (88%)
----------------- Invoking toplevel() on ptolemy.moml.MoMLSimpleApplication@25cc5ccd
----------------- Done invoking toplevel() on ptolemy.moml.MoMLSimpleApplication@25cc5ccd
reloadAllAccessors: .PublisherNonStrictTest

===========================================================================================
----------------- testing Fri Mar 29 03:51:43 UTC 2019 /home/travis/build/icyphy/ptII/ptolemy/actor/lib/test/auto/PublisherPort1.xml
----------------- Instantiating /home/travis/build/icyphy/ptII/ptolemy/actor/lib/test/auto/PublisherPort1.xml
3 ms. Memory: 1766912K Free: 1540908K (87%)
----------------- Invoking toplevel() on ptolemy.moml.MoMLSimpleApplication@7b430ab
----------------- Done invoking toplevel() on ptolemy.moml.MoMLSimpleApplication@7b430ab
reloadAllAccessors: .PublisherPort1

===========================================================================================
----------------- testing Fri Mar 29 03:51:43 UTC 2019 /home/travis/build/icyphy/ptII/ptolemy/actor/lib/test/auto/PublisherPort2.xml
----------------- Instantiating /home/travis/build/icyphy/ptII/ptolemy/actor/lib/test/auto/PublisherPort2.xml
1 ms. Memory: 1766912K Free: 1516932K (86%)
----------------- Invoking toplevel() on ptolemy.moml.MoMLSimpleApplication@52168e6e
----------------- Done invoking toplevel() on ptolemy.moml.MoMLSimpleApplication@52168e6e
reloadAllAccessors: .PublisherPort2

===========================================================================================
----------------- testing Fri Mar 29 03:51:43 UTC 2019 /home/travis/build/icyphy/ptII/ptolemy/actor/lib/test/auto/PublisherPort3.xml
----------------- Instantiating /home/travis/build/icyphy/ptII/ptolemy/actor/lib/test/auto/PublisherPort3.xml
10 ms. Memory: 1766912K Free: 1500446K (85%)
----------------- Invoking toplevel() on ptolemy.moml.MoMLSimpleApplication@2566922b
----------------- Done invoking toplevel() on ptolemy.moml.MoMLSimpleApplication@2566922b
reloadAllAccessors: .PublisherPort3

===========================================================================================
----------------- testing Fri Mar 29 03:51:43 UTC 2019 /home/travis/build/icyphy/ptII/ptolemy/actor/lib/test/auto/PublisherPort4.xml
----------------- Instantiating /home/travis/build/icyphy/ptII/ptolemy/actor/lib/test/auto/PublisherPort4.xml
2 ms. Memory: 1766912K Free: 1483959K (84%)
----------------- Invoking toplevel() on ptolemy.moml.MoMLSimpleApplication@62b3c05f
----------------- Done invoking toplevel() on ptolemy.moml.MoMLSimpleApplication@62b3c05f
reloadAllAccessors: .PublisherPort4

===========================================================================================
----------------- testing Fri Mar 29 03:51:43 UTC 2019 /home/travis/build/icyphy/ptII/ptolemy/actor/lib/test/auto/PublisherPort5.xml
----------------- Instantiating /home/travis/build/icyphy/ptII/ptolemy/actor/lib/test/auto/PublisherPort5.xml
3 ms. Memory: 1766912K Free: 1459983K (83%)
----------------- Invoking toplevel() on ptolemy.moml.MoMLSimpleApplication@234624ae
----------------- Done invoking toplevel() on ptolemy.moml.MoMLSimpleApplication@234624ae
reloadAllAccessors: .PublisherPort5

===========================================================================================
----------------- testing Fri Mar 29 03:51:43 UTC 2019 /home/travis/build/icyphy/ptII/ptolemy/actor/lib/test/auto/PublisherPort5LookAlike.xml
----------------- Instantiating /home/travis/build/icyphy/ptII/ptolemy/actor/lib/test/auto/PublisherPort5LookAlike.xml
7 ms. Memory: 1766912K Free: 1443497K (82%)
----------------- Invoking toplevel() on ptolemy.moml.MoMLSimpleApplication@7adae971
----------------- Done invoking toplevel() on ptolemy.moml.MoMLSimpleApplication@7adae971
reloadAllAccessors: .PublisherPort5LookAlike

===========================================================================================
----------------- testing Fri Mar 29 03:51:43 UTC 2019 /home/travis/build/icyphy/ptII/ptolemy/actor/lib/test/auto/PublisherPort6.xml
----------------- Instantiating /home/travis/build/icyphy/ptII/ptolemy/actor/lib/test/auto/PublisherPort6.xml
2 ms. Memory: 1766912K Free: 1427010K (81%)
----------------- Invoking toplevel() on ptolemy.moml.MoMLSimpleApplication@7c0a8068
----------------- Done invoking toplevel() on ptolemy.moml.MoMLSimpleApplication@7c0a8068
reloadAllAccessors: .PublisherPort6

===========================================================================================
----------------- testing Fri Mar 29 03:51:43 UTC 2019 /home/travis/build/icyphy/ptII/ptolemy/actor/lib/test/auto/PublisherPort7.xml
----------------- Instantiating /home/travis/build/icyphy/ptII/ptolemy/actor/lib/test/auto/PublisherPort7.xml
4 ms. Memory: 1766912K Free: 1403034K (79%)
----------------- Invoking toplevel() on ptolemy.moml.MoMLSimpleApplication@6065bd6d
----------------- Done invoking toplevel() on ptolemy.moml.MoMLSimpleApplication@6065bd6d
reloadAllAccessors: .PublisherPort7

===========================================================================================
----------------- testing Fri Mar 29 03:51:43 UTC 2019 /home/travis/build/icyphy/ptII/ptolemy/actor/lib/test/auto/PublisherPort8.xml
----------------- Instantiating /home/travis/build/icyphy/ptII/ptolemy/actor/lib/test/auto/PublisherPort8.xml
4 ms. Memory: 1766912K Free: 1386548K (78%)
----------------- Invoking toplevel() on ptolemy.moml.MoMLSimpleApplication@29689073
----------------- Done invoking toplevel() on ptolemy.moml.MoMLSimpleApplication@29689073
reloadAllAccessors: .PublisherPort8

===========================================================================================
----------------- testing Fri Mar 29 03:51:43 UTC 2019 /home/travis/build/icyphy/ptII/ptolemy/actor/lib/test/auto/PublisherPortSubscriberChannelVariablesAOC2.xml
----------------- Instantiating /home/travis/build/icyphy/ptII/ptolemy/actor/lib/test/auto/PublisherPortSubscriberChannelVariablesAOC2.xml
3 ms. Memory: 1766912K Free: 1361802K (77%)
----------------- Invoking toplevel() on ptolemy.moml.MoMLSimpleApplication@7a4a0ba3
----------------- Done invoking toplevel() on ptolemy.moml.MoMLSimpleApplication@7a4a0ba3
reloadAllAccessors: .PublisherPortSubscriberChannelVariablesAOC2

===========================================================================================
----------------- testing Fri Mar 29 03:51:44 UTC 2019 /home/travis/build/icyphy/ptII/ptolemy/actor/lib/test/auto/PublisherPortSubscriberOpaqueWidthInference.xml
----------------- Instantiating /home/travis/build/icyphy/ptII/ptolemy/actor/lib/test/auto/PublisherPortSubscriberOpaqueWidthInference.xml
4 ms. Memory: 1766912K Free: 1337826K (76%)
----------------- Invoking toplevel() on ptolemy.moml.MoMLSimpleApplication@7df110e0
----------------- Done invoking toplevel() on ptolemy.moml.MoMLSimpleApplication@7df110e0
reloadAllAccessors: .PublisherPortSubscriberOpaqueWidthInference

===========================================================================================
----------------- testing Fri Mar 29 03:51:44 UTC 2019 /home/travis/build/icyphy/ptII/ptolemy/actor/lib/test/auto/PublisherPortSubscriberPortAdjacent.xml
----------------- Instantiating /home/travis/build/icyphy/ptII/ptolemy/actor/lib/test/auto/PublisherPortSubscriberPortAdjacent.xml
1 ms. Memory: 1766912K Free: 1321339K (75%)
----------------- Invoking toplevel() on ptolemy.moml.MoMLSimpleApplication@6b0f8876
----------------- Done invoking toplevel() on ptolemy.moml.MoMLSimpleApplication@6b0f8876
reloadAllAccessors: .PublisherPortSubscriberPortAdjacent

===========================================================================================
----------------- testing Fri Mar 29 03:51:44 UTC 2019 /home/travis/build/icyphy/ptII/ptolemy/actor/lib/test/auto/PublisherPortSubscriberPortExpression.xml
----------------- Instantiating /home/travis/build/icyphy/ptII/ptolemy/actor/lib/test/auto/PublisherPortSubscriberPortExpression.xml
3 ms. Memory: 1766912K Free: 1304853K (74%)
----------------- Invoking toplevel() on ptolemy.moml.MoMLSimpleApplication@78717b34
----------------- Done invoking toplevel() on ptolemy.moml.MoMLSimpleApplication@78717b34
reloadAllAccessors: .PublisherPortSubscriberPortExpression

===========================================================================================
----------------- testing Fri Mar 29 03:51:44 UTC 2019 /home/travis/build/icyphy/ptII/ptolemy/actor/lib/test/auto/PublisherPortSubscriberPortOpaqueD3Reverse.xml
----------------- Instantiating /home/travis/build/icyphy/ptII/ptolemy/actor/lib/test/auto/PublisherPortSubscriberPortOpaqueD3Reverse.xml
7 ms. Memory: 1766912K Free: 1280877K (72%)
----------------- Invoking toplevel() on ptolemy.moml.MoMLSimpleApplication@2d4f018
----------------- Done invoking toplevel() on ptolemy.moml.MoMLSimpleApplication@2d4f018
reloadAllAccessors: .PublisherPortSubscriberPortOpaqueD3Reverse

===========================================================================================
----------------- testing Fri Mar 29 03:51:44 UTC 2019 /home/travis/build/icyphy/ptII/ptolemy/actor/lib/test/auto/PublisherPortSubscriberPortOpaqueWidthInference.xml
----------------- Instantiating /home/travis/build/icyphy/ptII/ptolemy/actor/lib/test/auto/PublisherPortSubscriberPortOpaqueWidthInference.xml
4 ms. Memory: 1766912K Free: 1264391K (72%)
----------------- Invoking toplevel() on ptolemy.moml.MoMLSimpleApplication@5c419cb9
----------------- Done invoking toplevel() on ptolemy.moml.MoMLSimpleApplication@5c419cb9
reloadAllAccessors: .PublisherPortSubscriberPortOpaqueWidthInference

===========================================================================================
----------------- testing Fri Mar 29 03:51:44 UTC 2019 /home/travis/build/icyphy/ptII/ptolemy/actor/lib/test/auto/PublisherPortToplevelSubscriberPortAOC.xml
----------------- Instantiating /home/travis/build/icyphy/ptII/ptolemy/actor/lib/test/auto/PublisherPortToplevelSubscriberPortAOC.xml
.PublisherPortToplevelSubscriberPortAOC.TestExceptionAttribute: initialize() was not invoked, but wrapup() was.  This is unusual, but not always a problem.  For example, exporting JNLP will do this.
1 ms. Memory: 1766912K Free: 1247904K (71%)
----------------- Invoking toplevel() on ptolemy.moml.MoMLSimpleApplication@256e435b
----------------- Done invoking toplevel() on ptolemy.moml.MoMLSimpleApplication@256e435b
reloadAllAccessors: .PublisherPortToplevelSubscriberPortAOC

===========================================================================================
----------------- testing Fri Mar 29 03:51:44 UTC 2019 /home/travis/build/icyphy/ptII/ptolemy/actor/lib/test/auto/PublisherSubscriber.xml
----------------- Instantiating /home/travis/build/icyphy/ptII/ptolemy/actor/lib/test/auto/PublisherSubscriber.xml
3 ms. Memory: 1766912K Free: 1223928K (69%)
----------------- Invoking toplevel() on ptolemy.moml.MoMLSimpleApplication@7176c4e8
----------------- Done invoking toplevel() on ptolemy.moml.MoMLSimpleApplication@7176c4e8
reloadAllAccessors: .PublisherSubscriber

===========================================================================================
----------------- testing Fri Mar 29 03:51:44 UTC 2019 /home/travis/build/icyphy/ptII/ptolemy/actor/lib/test/auto/PublisherSubscriber10.xml
----------------- Instantiating /home/travis/build/icyphy/ptII/ptolemy/actor/lib/test/auto/PublisherSubscriber10.xml
7 ms. Memory: 1766912K Free: 1207442K (68%)
----------------- Invoking toplevel() on ptolemy.moml.MoMLSimpleApplication@37d966fa
----------------- Done invoking toplevel() on ptolemy.moml.MoMLSimpleApplication@37d966fa
reloadAllAccessors: .PublisherSubscriber10

===========================================================================================
----------------- testing Fri Mar 29 03:51:44 UTC 2019 /home/travis/build/icyphy/ptII/ptolemy/actor/lib/test/auto/PublisherSubscriber10InitialOutputs.xml
----------------- Instantiating /home/travis/build/icyphy/ptII/ptolemy/actor/lib/test/auto/PublisherSubscriber10InitialOutputs.xml
15 ms. Memory: 1766912K Free: 1190955K (67%)
----------------- Invoking toplevel() on ptolemy.moml.MoMLSimpleApplication@2ce2586a
----------------- Done invoking toplevel() on ptolemy.moml.MoMLSimpleApplication@2ce2586a
reloadAllAccessors: .PublisherSubscriber10InitialOutputs

===========================================================================================
----------------- testing Fri Mar 29 03:51:44 UTC 2019 /home/travis/build/icyphy/ptII/ptolemy/actor/lib/test/auto/PublisherSubscriber11.xml
----------------- Instantiating /home/travis/build/icyphy/ptII/ptolemy/actor/lib/test/auto/PublisherSubscriber11.xml
4 ms. Memory: 1766912K Free: 1174469K (66%)
----------------- Invoking toplevel() on ptolemy.moml.MoMLSimpleApplication@4f58fc1
----------------- Done invoking toplevel() on ptolemy.moml.MoMLSimpleApplication@4f58fc1
reloadAllAccessors: .PublisherSubscriber11

===========================================================================================
----------------- testing Fri Mar 29 03:51:44 UTC 2019 /home/travis/build/icyphy/ptII/ptolemy/actor/lib/test/auto/PublisherSubscriber12.xml
----------------- Instantiating /home/travis/build/icyphy/ptII/ptolemy/actor/lib/test/auto/PublisherSubscriber12.xml
6 ms. Memory: 1766912K Free: 1150493K (65%)
----------------- Invoking toplevel() on ptolemy.moml.MoMLSimpleApplication@4d4f5ac0
----------------- Done invoking toplevel() on ptolemy.moml.MoMLSimpleApplication@4d4f5ac0
reloadAllAccessors: .PublisherSubscriber12

===========================================================================================
----------------- testing Fri Mar 29 03:51:44 UTC 2019 /home/travis/build/icyphy/ptII/ptolemy/actor/lib/test/auto/PublisherSubscriber13.xml
----------------- Instantiating /home/travis/build/icyphy/ptII/ptolemy/actor/lib/test/auto/PublisherSubscriber13.xml
2 ms. Memory: 1766912K Free: 1134007K (64%)
----------------- Invoking toplevel() on ptolemy.moml.MoMLSimpleApplication@533b2add
----------------- Done invoking toplevel() on ptolemy.moml.MoMLSimpleApplication@533b2add
reloadAllAccessors: .PublisherSubscriber13

===========================================================================================
----------------- testing Fri Mar 29 03:51:44 UTC 2019 /home/travis/build/icyphy/ptII/ptolemy/actor/lib/test/auto/PublisherSubscriber14.xml
----------------- Instantiating /home/travis/build/icyphy/ptII/ptolemy/actor/lib/test/auto/PublisherSubscriber14.xml
2 ms. Memory: 1766912K Free: 1117520K (63%)
----------------- Invoking toplevel() on ptolemy.moml.MoMLSimpleApplication@30cabcf0
----------------- Done invoking toplevel() on ptolemy.moml.MoMLSimpleApplication@30cabcf0
reloadAllAccessors: .PublisherSubscriber14

===========================================================================================
----------------- testing Fri Mar 29 03:51:44 UTC 2019 /home/travis/build/icyphy/ptII/ptolemy/actor/lib/test/auto/PublisherSubscriber2.xml
----------------- Instantiating /home/travis/build/icyphy/ptII/ptolemy/actor/lib/test/auto/PublisherSubscriber2.xml
3 ms. Memory: 1766912K Free: 1093544K (62%)
----------------- Invoking toplevel() on ptolemy.moml.MoMLSimpleApplication@6331cefc
----------------- Done invoking toplevel() on ptolemy.moml.MoMLSimpleApplication@6331cefc
reloadAllAccessors: .PublisherSubscriber2

===========================================================================================
----------------- testing Fri Mar 29 03:51:44 UTC 2019 /home/travis/build/icyphy/ptII/ptolemy/actor/lib/test/auto/PublisherSubscriber3.xml
----------------- Instantiating /home/travis/build/icyphy/ptII/ptolemy/actor/lib/test/auto/PublisherSubscriber3.xml
2 ms. Memory: 1766912K Free: 1077058K (61%)
----------------- Invoking toplevel() on ptolemy.moml.MoMLSimpleApplication@7ec4de2d
----------------- Done invoking toplevel() on ptolemy.moml.MoMLSimpleApplication@7ec4de2d
reloadAllAccessors: .PublisherSubscriber3

===========================================================================================
----------------- testing Fri Mar 29 03:51:44 UTC 2019 /home/travis/build/icyphy/ptII/ptolemy/actor/lib/test/auto/PublisherSubscriber4.xml
----------------- Instantiating /home/travis/build/icyphy/ptII/ptolemy/actor/lib/test/auto/PublisherSubscriber4.xml
2 ms. Memory: 1766912K Free: 1060571K (60%)
----------------- Invoking toplevel() on ptolemy.moml.MoMLSimpleApplication@7a3ba5f7
----------------- Done invoking toplevel() on ptolemy.moml.MoMLSimpleApplication@7a3ba5f7
reloadAllAccessors: .PublisherSubscriber4

===========================================================================================
----------------- testing Fri Mar 29 03:51:44 UTC 2019 /home/travis/build/icyphy/ptII/ptolemy/actor/lib/test/auto/PublisherSubscriber5.xml
----------------- Instantiating /home/travis/build/icyphy/ptII/ptolemy/actor/lib/test/auto/PublisherSubscriber5.xml
2 ms. Memory: 1766912K Free: 1036595K (59%)
----------------- Invoking toplevel() on ptolemy.moml.MoMLSimpleApplication@51245095
----------------- Done invoking toplevel() on ptolemy.moml.MoMLSimpleApplication@51245095
reloadAllAccessors: .PublisherSubscriber5

===========================================================================================
----------------- testing Fri Mar 29 03:51:44 UTC 2019 /home/travis/build/icyphy/ptII/ptolemy/actor/lib/test/auto/PublisherSubscriber6.xml
----------------- Instantiating /home/travis/build/icyphy/ptII/ptolemy/actor/lib/test/auto/PublisherSubscriber6.xml
2 ms. Memory: 1766912K Free: 1020108K (58%)
----------------- Invoking toplevel() on ptolemy.moml.MoMLSimpleApplication@5bb6b56c
----------------- Done invoking toplevel() on ptolemy.moml.MoMLSimpleApplication@5bb6b56c
reloadAllAccessors: .PublisherSubscriber6

===========================================================================================
----------------- testing Fri Mar 29 03:51:44 UTC 2019 /home/travis/build/icyphy/ptII/ptolemy/actor/lib/test/auto/PublisherSubscriber7.xml
----------------- Instantiating /home/travis/build/icyphy/ptII/ptolemy/actor/lib/test/auto/PublisherSubscriber7.xml
2 ms. Memory: 1766912K Free: 1003622K (57%)
----------------- Invoking toplevel() on ptolemy.moml.MoMLSimpleApplication@c8d7c33
----------------- Done invoking toplevel() on ptolemy.moml.MoMLSimpleApplication@c8d7c33
reloadAllAccessors: .PublisherSubscriber7

===========================================================================================
----------------- testing Fri Mar 29 03:51:44 UTC 2019 /home/travis/build/icyphy/ptII/ptolemy/actor/lib/test/auto/PublisherSubscriber8.xml
----------------- Instantiating /home/travis/build/icyphy/ptII/ptolemy/actor/lib/test/auto/PublisherSubscriber8.xml
59 ms. Memory: 1766912K Free: 897214K (51%)
----------------- Invoking toplevel() on ptolemy.moml.MoMLSimpleApplication@6923833b
----------------- Done invoking toplevel() on ptolemy.moml.MoMLSimpleApplication@6923833b
reloadAllAccessors: .PublisherSubscriber8

===========================================================================================
----------------- testing Fri Mar 29 03:51:44 UTC 2019 /home/travis/build/icyphy/ptII/ptolemy/actor/lib/test/auto/PublisherSubscriber9.xml
----------------- Instantiating /home/travis/build/icyphy/ptII/ptolemy/actor/lib/test/auto/PublisherSubscriber9.xml
3 ms. Memory: 1766912K Free: 880727K (50%)
----------------- Invoking toplevel() on ptolemy.moml.MoMLSimpleApplication@54ad3d1e
----------------- Done invoking toplevel() on ptolemy.moml.MoMLSimpleApplication@54ad3d1e
reloadAllAccessors: .PublisherSubscriber9

===========================================================================================
----------------- testing Fri Mar 29 03:51:44 UTC 2019 /home/travis/build/icyphy/ptII/ptolemy/actor/lib/test/auto/PublisherSubscriberAdjacent.xml
----------------- Instantiating /home/travis/build/icyphy/ptII/ptolemy/actor/lib/test/auto/PublisherSubscriberAdjacent.xml
2 ms. Memory: 1766912K Free: 864241K (49%)
----------------- Invoking toplevel() on ptolemy.moml.MoMLSimpleApplication@1c6a7bfa
----------------- Done invoking toplevel() on ptolemy.moml.MoMLSimpleApplication@1c6a7bfa
reloadAllAccessors: .PublisherSubscriberAdjacent

===========================================================================================
----------------- testing Fri Mar 29 03:51:44 UTC 2019 /home/travis/build/icyphy/ptII/ptolemy/actor/lib/test/auto/PublisherSubscriberChannelVariablesAOC2.xml
----------------- Instantiating /home/travis/build/icyphy/ptII/ptolemy/actor/lib/test/auto/PublisherSubscriberChannelVariablesAOC2.xml
3 ms. Memory: 1766912K Free: 832006K (47%)
----------------- Invoking toplevel() on ptolemy.moml.MoMLSimpleApplication@696722bf
----------------- Done invoking toplevel() on ptolemy.moml.MoMLSimpleApplication@696722bf
reloadAllAccessors: .PublisherSubscriberChannelVariablesAOC2

===========================================================================================
----------------- testing Fri Mar 29 03:51:44 UTC 2019 /home/travis/build/icyphy/ptII/ptolemy/actor/lib/test/auto/PublisherSubscriberD3.xml
----------------- Instantiating /home/travis/build/icyphy/ptII/ptolemy/actor/lib/test/auto/PublisherSubscriberD3.xml
2 ms. Memory: 1766912K Free: 815519K (46%)
----------------- Invoking toplevel() on ptolemy.moml.MoMLSimpleApplication@12c586b6
----------------- Done invoking toplevel() on ptolemy.moml.MoMLSimpleApplication@12c586b6
reloadAllAccessors: .PublisherSubscriberD3

===========================================================================================
----------------- testing Fri Mar 29 03:51:44 UTC 2019 /home/travis/build/icyphy/ptII/ptolemy/actor/lib/test/auto/PublisherSubscriberD3Reverse.xml
----------------- Instantiating /home/travis/build/icyphy/ptII/ptolemy/actor/lib/test/auto/PublisherSubscriberD3Reverse.xml
1 ms. Memory: 1766912K Free: 799033K (45%)
----------------- Invoking toplevel() on ptolemy.moml.MoMLSimpleApplication@2901b29f
----------------- Done invoking toplevel() on ptolemy.moml.MoMLSimpleApplication@2901b29f
reloadAllAccessors: .PublisherSubscriberD3Reverse

===========================================================================================
----------------- testing Fri Mar 29 03:51:44 UTC 2019 /home/travis/build/icyphy/ptII/ptolemy/actor/lib/test/auto/PublisherSubscriberExpression.xml
----------------- Instantiating /home/travis/build/icyphy/ptII/ptolemy/actor/lib/test/auto/PublisherSubscriberExpression.xml
4 ms. Memory: 1766912K Free: 775057K (44%)
----------------- Invoking toplevel() on ptolemy.moml.MoMLSimpleApplication@3edd8904
----------------- Done invoking toplevel() on ptolemy.moml.MoMLSimpleApplication@3edd8904
reloadAllAccessors: .PublisherSubscriberExpression

===========================================================================================
----------------- testing Fri Mar 29 03:51:44 UTC 2019 /home/travis/build/icyphy/ptII/ptolemy/actor/lib/test/auto/PublisherSubscriberOpaque.xml
----------------- Instantiating /home/travis/build/icyphy/ptII/ptolemy/actor/lib/test/auto/PublisherSubscriberOpaque.xml
4 ms. Memory: 1766912K Free: 758570K (43%)
----------------- Invoking toplevel() on ptolemy.moml.MoMLSimpleApplication@7cbe0997
----------------- Done invoking toplevel() on ptolemy.moml.MoMLSimpleApplication@7cbe0997
reloadAllAccessors: .PublisherSubscriberOpaque

===========================================================================================
----------------- testing Fri Mar 29 03:51:44 UTC 2019 /home/travis/build/icyphy/ptII/ptolemy/actor/lib/test/auto/PublisherSubscriberOpaqueD3.xml
----------------- Instantiating /home/travis/build/icyphy/ptII/ptolemy/actor/lib/test/auto/PublisherSubscriberOpaqueD3.xml
6 ms. Memory: 1766912K Free: 742084K (42%)
----------------- Invoking toplevel() on ptolemy.moml.MoMLSimpleApplication@e47935b
----------------- Done invoking toplevel() on ptolemy.moml.MoMLSimpleApplication@e47935b
reloadAllAccessors: .PublisherSubscriberOpaqueD3

===========================================================================================
----------------- testing Fri Mar 29 03:51:44 UTC 2019 /home/travis/build/icyphy/ptII/ptolemy/actor/lib/test/auto/PublisherSubscriberOpaqueD3Reverse.xml
----------------- Instantiating /home/travis/build/icyphy/ptII/ptolemy/actor/lib/test/auto/PublisherSubscriberOpaqueD3Reverse.xml
7 ms. Memory: 1766912K Free: 718108K (41%)
----------------- Invoking toplevel() on ptolemy.moml.MoMLSimpleApplication@7b9c7a53
----------------- Done invoking toplevel() on ptolemy.moml.MoMLSimpleApplication@7b9c7a53
reloadAllAccessors: .PublisherSubscriberOpaqueD3Reverse

===========================================================================================
----------------- testing Fri Mar 29 03:51:44 UTC 2019 /home/travis/build/icyphy/ptII/ptolemy/actor/lib/test/auto/PublisherSubscriberOpaqueWidthInference.xml
----------------- Instantiating /home/travis/build/icyphy/ptII/ptolemy/actor/lib/test/auto/PublisherSubscriberOpaqueWidthInference.xml
4 ms. Memory: 1766912K Free: 701622K (40%)
----------------- Invoking toplevel() on ptolemy.moml.MoMLSimpleApplication@55f5c196
----------------- Done invoking toplevel() on ptolemy.moml.MoMLSimpleApplication@55f5c196
reloadAllAccessors: .PublisherSubscriberOpaqueWidthInference

===========================================================================================
----------------- testing Fri Mar 29 03:51:44 UTC 2019 /home/travis/build/icyphy/ptII/ptolemy/actor/lib/test/auto/PublisherTestSubscriber.xml
----------------- Instantiating /home/travis/build/icyphy/ptII/ptolemy/actor/lib/test/auto/PublisherTestSubscriber.xml
3 ms. Memory: 1766912K Free: 685135K (39%)
----------------- Invoking toplevel() on ptolemy.moml.MoMLSimpleApplication@84861c6
----------------- Done invoking toplevel() on ptolemy.moml.MoMLSimpleApplication@84861c6
reloadAllAccessors: .PublisherTestSubscriber

===========================================================================================
----------------- testing Fri Mar 29 03:51:44 UTC 2019 /home/travis/build/icyphy/ptII/ptolemy/actor/lib/test/auto/PublisherToplevelSubscriberPortAOC.xml
----------------- Instantiating /home/travis/build/icyphy/ptII/ptolemy/actor/lib/test/auto/PublisherToplevelSubscriberPortAOC.xml
1 ms. Memory: 1766912K Free: 661159K (37%)
----------------- Invoking toplevel() on ptolemy.moml.MoMLSimpleApplication@693b9b91
----------------- Done invoking toplevel() on ptolemy.moml.MoMLSimpleApplication@693b9b91
reloadAllAccessors: .PublisherToplevelSubscriberPortAOC

===========================================================================================
----------------- testing Fri Mar 29 03:51:44 UTC 2019 /home/travis/build/icyphy/ptII/ptolemy/actor/lib/test/auto/PulseFiringLimitDE.xml
----------------- Instantiating /home/travis/build/icyphy/ptII/ptolemy/actor/lib/test/auto/PulseFiringLimitDE.xml
2 ms. Memory: 1766912K Free: 644673K (36%)
----------------- Invoking toplevel() on ptolemy.moml.MoMLSimpleApplication@441c2f67
----------------- Done invoking toplevel() on ptolemy.moml.MoMLSimpleApplication@441c2f67
reloadAllAccessors: .PulseFiringLimitDE

===========================================================================================
----------------- testing Fri Mar 29 03:51:44 UTC 2019 /home/travis/build/icyphy/ptII/ptolemy/actor/lib/test/auto/Ramp1.xml
----------------- Instantiating /home/travis/build/icyphy/ptII/ptolemy/actor/lib/test/auto/Ramp1.xml
1 ms. Memory: 1766912K Free: 628187K (36%)
----------------- Invoking toplevel() on ptolemy.moml.MoMLSimpleApplication@2c9e8084
----------------- Done invoking toplevel() on ptolemy.moml.MoMLSimpleApplication@2c9e8084
reloadAllAccessors: .Ramp1

===========================================================================================
----------------- testing Fri Mar 29 03:51:44 UTC 2019 /home/travis/build/icyphy/ptII/ptolemy/actor/lib/test/auto/RampFiringLimitDE.xml
----------------- Instantiating /home/travis/build/icyphy/ptII/ptolemy/actor/lib/test/auto/RampFiringLimitDE.xml
3 ms. Memory: 1766912K Free: 604210K (34%)
----------------- Invoking toplevel() on ptolemy.moml.MoMLSimpleApplication@23be461
----------------- Done invoking toplevel() on ptolemy.moml.MoMLSimpleApplication@23be461
reloadAllAccessors: .RampFiringLimitDE

===========================================================================================
----------------- testing Fri Mar 29 03:51:44 UTC 2019 /home/travis/build/icyphy/ptII/ptolemy/actor/lib/test/auto/RampFiringLimitSDF.xml
----------------- Instantiating /home/travis/build/icyphy/ptII/ptolemy/actor/lib/test/auto/RampFiringLimitSDF.xml
2 ms. Memory: 1766912K Free: 587724K (33%)
----------------- Invoking toplevel() on ptolemy.moml.MoMLSimpleApplication@51fc3ec7
----------------- Done invoking toplevel() on ptolemy.moml.MoMLSimpleApplication@51fc3ec7
reloadAllAccessors: .RampFiringLimitSDF

===========================================================================================
----------------- testing Fri Mar 29 03:51:44 UTC 2019 /home/travis/build/icyphy/ptII/ptolemy/actor/lib/test/auto/RandomInteger.xml
----------------- Instantiating /home/travis/build/icyphy/ptII/ptolemy/actor/lib/test/auto/RandomInteger.xml
1 ms. Memory: 1766912K Free: 571237K (32%)
----------------- Invoking toplevel() on ptolemy.moml.MoMLSimpleApplication@1e342204
----------------- Done invoking toplevel() on ptolemy.moml.MoMLSimpleApplication@1e342204
reloadAllAccessors: .RandomInteger

===========================================================================================
----------------- testing Fri Mar 29 03:51:44 UTC 2019 /home/travis/build/icyphy/ptII/ptolemy/actor/lib/test/auto/ReadFile1.xml
----------------- Instantiating /home/travis/build/icyphy/ptII/ptolemy/actor/lib/test/auto/ReadFile1.xml
2 ms. Memory: 1766912K Free: 547261K (31%)
----------------- Invoking toplevel() on ptolemy.moml.MoMLSimpleApplication@42ba6c10
----------------- Done invoking toplevel() on ptolemy.moml.MoMLSimpleApplication@42ba6c10
reloadAllAccessors: .ReadFile1

===========================================================================================
----------------- testing Fri Mar 29 03:51:44 UTC 2019 /home/travis/build/icyphy/ptII/ptolemy/actor/lib/test/auto/ReadFile2.xml
----------------- Instantiating /home/travis/build/icyphy/ptII/ptolemy/actor/lib/test/auto/ReadFile2.xml
1 ms. Memory: 1766912K Free: 530775K (30%)
----------------- Invoking toplevel() on ptolemy.moml.MoMLSimpleApplication@5a1bf9f0
----------------- Done invoking toplevel() on ptolemy.moml.MoMLSimpleApplication@5a1bf9f0
reloadAllAccessors: .ReadFile2

===========================================================================================
----------------- testing Fri Mar 29 03:51:44 UTC 2019 /home/travis/build/icyphy/ptII/ptolemy/actor/lib/test/auto/Reader.xml
----------------- Instantiating /home/travis/build/icyphy/ptII/ptolemy/actor/lib/test/auto/Reader.xml
actor.lib.Reader is obsolete, use actor.lib.io.ExpressionReader instead
2 ms. Memory: 1766912K Free: 514288K (29%)
----------------- Invoking toplevel() on ptolemy.moml.MoMLSimpleApplication@7e206ced
----------------- Done invoking toplevel() on ptolemy.moml.MoMLSimpleApplication@7e206ced
reloadAllAccessors: .Reader

===========================================================================================
----------------- testing Fri Mar 29 03:51:44 UTC 2019 /home/travis/build/icyphy/ptII/ptolemy/actor/lib/test/auto/RecordAssemblerDisplayNameTest.xml
----------------- Instantiating /home/travis/build/icyphy/ptII/ptolemy/actor/lib/test/auto/RecordAssemblerDisplayNameTest.xml
2976 ms. Memory: 1784320K Free: 916478K (51%)
----------------- Invoking toplevel() on ptolemy.moml.MoMLSimpleApplication@2354e2b3
----------------- Done invoking toplevel() on ptolemy.moml.MoMLSimpleApplication@2354e2b3
reloadAllAccessors: .RecordAssemblerDisplayNameTest

===========================================================================================
----------------- testing Fri Mar 29 03:51:47 UTC 2019 /home/travis/build/icyphy/ptII/ptolemy/actor/lib/test/auto/RecordAssemblerTypeError.xml
----------------- Instantiating /home/travis/build/icyphy/ptII/ptolemy/actor/lib/test/auto/RecordAssemblerTypeError.xml
5 ms. Memory: 1784320K Free: 881336K (49%)
----------------- Invoking toplevel() on ptolemy.moml.MoMLSimpleApplication@31cd201e
----------------- Done invoking toplevel() on ptolemy.moml.MoMLSimpleApplication@31cd201e
reloadAllAccessors: .RecordAssemblerTypeError

===========================================================================================
----------------- testing Fri Mar 29 03:51:47 UTC 2019 /home/travis/build/icyphy/ptII/ptolemy/actor/lib/test/auto/RecordDisassember.xml
----------------- Instantiating /home/travis/build/icyphy/ptII/ptolemy/actor/lib/test/auto/RecordDisassember.xml
3 ms. Memory: 1784320K Free: 864655K (48%)
----------------- Invoking toplevel() on ptolemy.moml.MoMLSimpleApplication@6bcc7211
----------------- Done invoking toplevel() on ptolemy.moml.MoMLSimpleApplication@6bcc7211
reloadAllAccessors: .RecordDisassember

===========================================================================================
----------------- testing Fri Mar 29 03:51:48 UTC 2019 /home/travis/build/icyphy/ptII/ptolemy/actor/lib/test/auto/RecordDisassemberDisplayNameTest.xml
----------------- Instantiating /home/travis/build/icyphy/ptII/ptolemy/actor/lib/test/auto/RecordDisassemberDisplayNameTest.xml
5 ms. Memory: 1784320K Free: 842040K (47%)
----------------- Invoking toplevel() on ptolemy.moml.MoMLSimpleApplication@78910f43
----------------- Done invoking toplevel() on ptolemy.moml.MoMLSimpleApplication@78910f43
reloadAllAccessors: .RecordDisassemberDisplayNameTest

===========================================================================================
----------------- testing Fri Mar 29 03:51:48 UTC 2019 /home/travis/build/icyphy/ptII/ptolemy/actor/lib/test/auto/RecordDisassembler.xml
----------------- Instantiating /home/travis/build/icyphy/ptII/ptolemy/actor/lib/test/auto/RecordDisassembler.xml
3 ms. Memory: 1784320K Free: 825359K (46%)
----------------- Invoking toplevel() on ptolemy.moml.MoMLSimpleApplication@5b0c6488
----------------- Done invoking toplevel() on ptolemy.moml.MoMLSimpleApplication@5b0c6488
reloadAllAccessors: .RecordDisassembler

===========================================================================================
----------------- testing Fri Mar 29 03:51:48 UTC 2019 /home/travis/build/icyphy/ptII/ptolemy/actor/lib/test/auto/RecordDisassembler2.xml
----------------- Instantiating /home/travis/build/icyphy/ptII/ptolemy/actor/lib/test/auto/RecordDisassembler2.xml
3 ms. Memory: 1784320K Free: 802744K (45%)
----------------- Invoking toplevel() on ptolemy.moml.MoMLSimpleApplication@7e4543
----------------- Done invoking toplevel() on ptolemy.moml.MoMLSimpleApplication@7e4543
reloadAllAccessors: .RecordDisassembler2

===========================================================================================
----------------- testing Fri Mar 29 03:51:48 UTC 2019 /home/travis/build/icyphy/ptII/ptolemy/actor/lib/test/auto/RecordUpdater.xml
----------------- Instantiating /home/travis/build/icyphy/ptII/ptolemy/actor/lib/test/auto/RecordUpdater.xml
1 ms. Memory: 1784320K Free: 786063K (44%)
----------------- Invoking toplevel() on ptolemy.moml.MoMLSimpleApplication@33a9fab5
----------------- Done invoking toplevel() on ptolemy.moml.MoMLSimpleApplication@33a9fab5
reloadAllAccessors: .RecordUpdater

===========================================================================================
----------------- testing Fri Mar 29 03:51:48 UTC 2019 /home/travis/build/icyphy/ptII/ptolemy/actor/lib/test/auto/RecordUpdater2.xml
----------------- Instantiating /home/travis/build/icyphy/ptII/ptolemy/actor/lib/test/auto/RecordUpdater2.xml
1 ms. Memory: 1784320K Free: 769382K (43%)
----------------- Invoking toplevel() on ptolemy.moml.MoMLSimpleApplication@6343ec47
----------------- Done invoking toplevel() on ptolemy.moml.MoMLSimpleApplication@6343ec47
reloadAllAccessors: .RecordUpdater2

===========================================================================================
----------------- testing Fri Mar 29 03:51:48 UTC 2019 /home/travis/build/icyphy/ptII/ptolemy/actor/lib/test/auto/RecursiveLattice.xml
----------------- Instantiating /home/travis/build/icyphy/ptII/ptolemy/actor/lib/test/auto/RecursiveLattice.xml
2 ms. Memory: 1784320K Free: 746767K (42%)
----------------- Invoking toplevel() on ptolemy.moml.MoMLSimpleApplication@6c555712
----------------- Done invoking toplevel() on ptolemy.moml.MoMLSimpleApplication@6c555712
reloadAllAccessors: .RecursiveLattice

===========================================================================================
----------------- testing Fri Mar 29 03:51:48 UTC 2019 /home/travis/build/icyphy/ptII/ptolemy/actor/lib/test/auto/Router.xml
----------------- Instantiating /home/travis/build/icyphy/ptII/ptolemy/actor/lib/test/auto/Router.xml
3003 ms. Memory: 1784320K Free: 730086K (41%)
----------------- Invoking toplevel() on ptolemy.moml.MoMLSimpleApplication@167dd712
----------------- Done invoking toplevel() on ptolemy.moml.MoMLSimpleApplication@167dd712
reloadAllAccessors: .Router

===========================================================================================
----------------- testing Fri Mar 29 03:51:51 UTC 2019 /home/travis/build/icyphy/ptII/ptolemy/actor/lib/test/auto/Router2.xml
----------------- Instantiating /home/travis/build/icyphy/ptII/ptolemy/actor/lib/test/auto/Router2.xml
3006 ms. Memory: 1784320K Free: 707471K (40%)
----------------- Invoking toplevel() on ptolemy.moml.MoMLSimpleApplication@4cc08c69
----------------- Done invoking toplevel() on ptolemy.moml.MoMLSimpleApplication@4cc08c69
reloadAllAccessors: .Router2

===========================================================================================
----------------- testing Fri Mar 29 03:51:54 UTC 2019 /home/travis/build/icyphy/ptII/ptolemy/actor/lib/test/auto/RunningMaximum.xml
----------------- Instantiating /home/travis/build/icyphy/ptII/ptolemy/actor/lib/test/auto/RunningMaximum.xml
2 ms. Memory: 1784320K Free: 690790K (39%)
----------------- Invoking toplevel() on ptolemy.moml.MoMLSimpleApplication@3b72a122
----------------- Done invoking toplevel() on ptolemy.moml.MoMLSimpleApplication@3b72a122
reloadAllAccessors: .RunningMaximum

===========================================================================================
----------------- testing Fri Mar 29 03:51:54 UTC 2019 /home/travis/build/icyphy/ptII/ptolemy/actor/lib/test/auto/RunningMinimum.xml
----------------- Instantiating /home/travis/build/icyphy/ptII/ptolemy/actor/lib/test/auto/RunningMinimum.xml
2 ms. Memory: 1784320K Free: 674109K (38%)
----------------- Invoking toplevel() on ptolemy.moml.MoMLSimpleApplication@59ddfe81
----------------- Done invoking toplevel() on ptolemy.moml.MoMLSimpleApplication@59ddfe81
reloadAllAccessors: .RunningMinimum

===========================================================================================
----------------- testing Fri Mar 29 03:51:54 UTC 2019 /home/travis/build/icyphy/ptII/ptolemy/actor/lib/test/auto/Scale.xml
----------------- Instantiating /home/travis/build/icyphy/ptII/ptolemy/actor/lib/test/auto/Scale.xml
2 ms. Memory: 1784320K Free: 651494K (37%)
----------------- Invoking toplevel() on ptolemy.moml.MoMLSimpleApplication@3ec37dd1
----------------- Done invoking toplevel() on ptolemy.moml.MoMLSimpleApplication@3ec37dd1
reloadAllAccessors: .Scale

===========================================================================================
----------------- testing Fri Mar 29 03:51:54 UTC 2019 /home/travis/build/icyphy/ptII/ptolemy/actor/lib/test/auto/Scale2.xml
----------------- Instantiating /home/travis/build/icyphy/ptII/ptolemy/actor/lib/test/auto/Scale2.xml
2 ms. Memory: 1784320K Free: 634813K (36%)
----------------- Invoking toplevel() on ptolemy.moml.MoMLSimpleApplication@5cda37f
----------------- Done invoking toplevel() on ptolemy.moml.MoMLSimpleApplication@5cda37f
reloadAllAccessors: .Scale2

===========================================================================================
----------------- testing Fri Mar 29 03:51:54 UTC 2019 /home/travis/build/icyphy/ptII/ptolemy/actor/lib/test/auto/Scale3.xml
----------------- Instantiating /home/travis/build/icyphy/ptII/ptolemy/actor/lib/test/auto/Scale3.xml
3 ms. Memory: 1784320K Free: 612198K (34%)
----------------- Invoking toplevel() on ptolemy.moml.MoMLSimpleApplication@4829295c
----------------- Done invoking toplevel() on ptolemy.moml.MoMLSimpleApplication@4829295c
reloadAllAccessors: .Scale3

===========================================================================================
----------------- testing Fri Mar 29 03:51:54 UTC 2019 /home/travis/build/icyphy/ptII/ptolemy/actor/lib/test/auto/ScaleArray.xml
----------------- Instantiating /home/travis/build/icyphy/ptII/ptolemy/actor/lib/test/auto/ScaleArray.xml
2 ms. Memory: 1784320K Free: 595517K (33%)
----------------- Invoking toplevel() on ptolemy.moml.MoMLSimpleApplication@6c073d6b
----------------- Done invoking toplevel() on ptolemy.moml.MoMLSimpleApplication@6c073d6b
reloadAllAccessors: .ScaleArray

===========================================================================================
----------------- testing Fri Mar 29 03:51:54 UTC 2019 /home/travis/build/icyphy/ptII/ptolemy/actor/lib/test/auto/ScaleArray2.xml
----------------- Instantiating /home/travis/build/icyphy/ptII/ptolemy/actor/lib/test/auto/ScaleArray2.xml
2 ms. Memory: 1784320K Free: 572902K (32%)
----------------- Invoking toplevel() on ptolemy.moml.MoMLSimpleApplication@3fd4658b
----------------- Done invoking toplevel() on ptolemy.moml.MoMLSimpleApplication@3fd4658b
reloadAllAccessors: .ScaleArray2

===========================================================================================
----------------- testing Fri Mar 29 03:51:54 UTC 2019 /home/travis/build/icyphy/ptII/ptolemy/actor/lib/test/auto/ScaleMatrix.xml
----------------- Instantiating /home/travis/build/icyphy/ptII/ptolemy/actor/lib/test/auto/ScaleMatrix.xml
100 ms. Memory: 1784320K Free: 547785K (31%)
----------------- Invoking toplevel() on ptolemy.moml.MoMLSimpleApplication@55365425
----------------- Done invoking toplevel() on ptolemy.moml.MoMLSimpleApplication@55365425
reloadAllAccessors: .ScaleMatrix

===========================================================================================
----------------- testing Fri Mar 29 03:51:54 UTC 2019 /home/travis/build/icyphy/ptII/ptolemy/actor/lib/test/auto/Select.xml
----------------- Instantiating /home/travis/build/icyphy/ptII/ptolemy/actor/lib/test/auto/Select.xml
2 ms. Memory: 1784320K Free: 531104K (30%)
----------------- Invoking toplevel() on ptolemy.moml.MoMLSimpleApplication@b7b09b1
----------------- Done invoking toplevel() on ptolemy.moml.MoMLSimpleApplication@b7b09b1
reloadAllAccessors: .Select

===========================================================================================
----------------- testing Fri Mar 29 03:51:54 UTC 2019 /home/travis/build/icyphy/ptII/ptolemy/actor/lib/test/auto/Select2.xml
----------------- Instantiating /home/travis/build/icyphy/ptII/ptolemy/actor/lib/test/auto/Select2.xml
1 ms. Memory: 1784320K Free: 508489K (28%)
----------------- Invoking toplevel() on ptolemy.moml.MoMLSimpleApplication@7ba40239
----------------- Done invoking toplevel() on ptolemy.moml.MoMLSimpleApplication@7ba40239
reloadAllAccessors: .Select2

===========================================================================================
----------------- testing Fri Mar 29 03:51:54 UTC 2019 /home/travis/build/icyphy/ptII/ptolemy/actor/lib/test/auto/SequenceToArray2.xml
----------------- Instantiating /home/travis/build/icyphy/ptII/ptolemy/actor/lib/test/auto/SequenceToArray2.xml
87 ms. Memory: 1784320K Free: 408387K (23%)
----------------- Invoking toplevel() on ptolemy.moml.MoMLSimpleApplication@7c6a059
----------------- Done invoking toplevel() on ptolemy.moml.MoMLSimpleApplication@7c6a059
reloadAllAccessors: .SequenceToArray2

===========================================================================================
----------------- testing Fri Mar 29 03:51:54 UTC 2019 /home/travis/build/icyphy/ptII/ptolemy/actor/lib/test/auto/SequentialClock.xml
----------------- Instantiating /home/travis/build/icyphy/ptII/ptolemy/actor/lib/test/auto/SequentialClock.xml
1 ms. Memory: 1784320K Free: 385772K (22%)
----------------- Invoking toplevel() on ptolemy.moml.MoMLSimpleApplication@6a5c2b92
----------------- Done invoking toplevel() on ptolemy.moml.MoMLSimpleApplication@6a5c2b92
reloadAllAccessors: .SequentialClock

===========================================================================================
----------------- testing Fri Mar 29 03:51:54 UTC 2019 /home/travis/build/icyphy/ptII/ptolemy/actor/lib/test/auto/SetVariable.xml
----------------- Instantiating /home/travis/build/icyphy/ptII/ptolemy/actor/lib/test/auto/SetVariable.xml
2 ms. Memory: 1784320K Free: 369091K (21%)
----------------- Invoking toplevel() on ptolemy.moml.MoMLSimpleApplication@1886a926
----------------- Done invoking toplevel() on ptolemy.moml.MoMLSimpleApplication@1886a926
reloadAllAccessors: .SetVariable

===========================================================================================
----------------- testing Fri Mar 29 03:51:54 UTC 2019 /home/travis/build/icyphy/ptII/ptolemy/actor/lib/test/auto/SetVariable2.xml
----------------- Instantiating /home/travis/build/icyphy/ptII/ptolemy/actor/lib/test/auto/SetVariable2.xml
5 ms. Memory: 1784320K Free: 346475K (19%)
----------------- Invoking toplevel() on ptolemy.moml.MoMLSimpleApplication@4789b0d3
----------------- Done invoking toplevel() on ptolemy.moml.MoMLSimpleApplication@4789b0d3
reloadAllAccessors: .SetVariable2

===========================================================================================
----------------- testing Fri Mar 29 03:51:54 UTC 2019 /home/travis/build/icyphy/ptII/ptolemy/actor/lib/test/auto/SetVariable3.xml
----------------- Instantiating /home/travis/build/icyphy/ptII/ptolemy/actor/lib/test/auto/SetVariable3.xml
8 ms. Memory: 1784320K Free: 329795K (18%)
----------------- Invoking toplevel() on ptolemy.moml.MoMLSimpleApplication@39e347f7
----------------- Done invoking toplevel() on ptolemy.moml.MoMLSimpleApplication@39e347f7
reloadAllAccessors: .SetVariable3

===========================================================================================
----------------- testing Fri Mar 29 03:51:54 UTC 2019 /home/travis/build/icyphy/ptII/ptolemy/actor/lib/test/auto/SetVariable4.xml
----------------- Instantiating /home/travis/build/icyphy/ptII/ptolemy/actor/lib/test/auto/SetVariable4.xml
19 ms. Memory: 1784320K Free: 254730K (14%)
----------------- Invoking toplevel() on ptolemy.moml.MoMLSimpleApplication@188189e9
----------------- Done invoking toplevel() on ptolemy.moml.MoMLSimpleApplication@188189e9
reloadAllAccessors: .SetVariable4

===========================================================================================
----------------- testing Fri Mar 29 03:51:54 UTC 2019 /home/travis/build/icyphy/ptII/ptolemy/actor/lib/test/auto/SetVariable5.xml
----------------- Instantiating /home/travis/build/icyphy/ptII/ptolemy/actor/lib/test/auto/SetVariable5.xml
9 ms. Memory: 1784320K Free: 232115K (13%)
----------------- Invoking toplevel() on ptolemy.moml.MoMLSimpleApplication@645a778f
----------------- Done invoking toplevel() on ptolemy.moml.MoMLSimpleApplication@645a778f
reloadAllAccessors: .SetVariable5

===========================================================================================
----------------- testing Fri Mar 29 03:51:54 UTC 2019 /home/travis/build/icyphy/ptII/ptolemy/actor/lib/test/auto/Sinewave.xml
----------------- Instantiating /home/travis/build/icyphy/ptII/ptolemy/actor/lib/test/auto/Sinewave.xml
5 ms. Memory: 1784320K Free: 215434K (12%)
----------------- Invoking toplevel() on ptolemy.moml.MoMLSimpleApplication@7e651a5b
----------------- Done invoking toplevel() on ptolemy.moml.MoMLSimpleApplication@7e651a5b
reloadAllAccessors: .Sinewave

===========================================================================================
----------------- testing Fri Mar 29 03:51:54 UTC 2019 /home/travis/build/icyphy/ptII/ptolemy/actor/lib/test/auto/Sinewave2.xml
----------------- Instantiating /home/travis/build/icyphy/ptII/ptolemy/actor/lib/test/auto/Sinewave2.xml
5 ms. Memory: 1784320K Free: 192819K (11%)
----------------- Invoking toplevel() on ptolemy.moml.MoMLSimpleApplication@4f2b698
----------------- Done invoking toplevel() on ptolemy.moml.MoMLSimpleApplication@4f2b698
reloadAllAccessors: .Sinewave2

===========================================================================================
----------------- testing Fri Mar 29 03:51:54 UTC 2019 /home/travis/build/icyphy/ptII/ptolemy/actor/lib/test/auto/Sinewave3.xml
----------------- Instantiating /home/travis/build/icyphy/ptII/ptolemy/actor/lib/test/auto/Sinewave3.xml
6 ms. Memory: 1784320K Free: 176138K (10%)
----------------- Invoking toplevel() on ptolemy.moml.MoMLSimpleApplication@794ec414
----------------- Done invoking toplevel() on ptolemy.moml.MoMLSimpleApplication@794ec414
reloadAllAccessors: .Sinewave3

===========================================================================================
----------------- testing Fri Mar 29 03:51:54 UTC 2019 /home/travis/build/icyphy/ptII/ptolemy/actor/lib/test/auto/SingleEvent.xml
----------------- Instantiating /home/travis/build/icyphy/ptII/ptolemy/actor/lib/test/auto/SingleEvent.xml
1 ms. Memory: 1784320K Free: 159457K (9%)
----------------- Invoking toplevel() on ptolemy.moml.MoMLSimpleApplication@2d413ea2
----------------- Done invoking toplevel() on ptolemy.moml.MoMLSimpleApplication@2d413ea2
reloadAllAccessors: .SingleEvent

===========================================================================================
----------------- testing Fri Mar 29 03:51:54 UTC 2019 /home/travis/build/icyphy/ptII/ptolemy/actor/lib/test/auto/Sleep.xml
----------------- Instantiating /home/travis/build/icyphy/ptII/ptolemy/actor/lib/test/auto/Sleep.xml
6004 ms. Memory: 1784320K Free: 136842K (8%)
----------------- Invoking toplevel() on ptolemy.moml.MoMLSimpleApplication@35defabf
----------------- Done invoking toplevel() on ptolemy.moml.MoMLSimpleApplication@35defabf
reloadAllAccessors: .Sleep

===========================================================================================
----------------- testing Fri Mar 29 03:52:00 UTC 2019 /home/travis/build/icyphy/ptII/ptolemy/actor/lib/test/auto/SleepMultipleFire.xml
----------------- Instantiating /home/travis/build/icyphy/ptII/ptolemy/actor/lib/test/auto/SleepMultipleFire.xml
1005 ms. Memory: 1784320K Free: 120161K (7%)
----------------- Invoking toplevel() on ptolemy.moml.MoMLSimpleApplication@12cd3132
----------------- Done invoking toplevel() on ptolemy.moml.MoMLSimpleApplication@12cd3132
reloadAllAccessors: .SleepMultipleFire

===========================================================================================
----------------- testing Fri Mar 29 03:52:01 UTC 2019 /home/travis/build/icyphy/ptII/ptolemy/actor/lib/test/auto/StopDE.xml
----------------- Instantiating /home/travis/build/icyphy/ptII/ptolemy/actor/lib/test/auto/StopDE.xml
2 ms. Memory: 1784320K Free: 97546K (5%)
----------------- Invoking toplevel() on ptolemy.moml.MoMLSimpleApplication@8c06edb
----------------- Done invoking toplevel() on ptolemy.moml.MoMLSimpleApplication@8c06edb
reloadAllAccessors: .StopDE

===========================================================================================
----------------- testing Fri Mar 29 03:52:01 UTC 2019 /home/travis/build/icyphy/ptII/ptolemy/actor/lib/test/auto/StopSDF.xml
----------------- Instantiating /home/travis/build/icyphy/ptII/ptolemy/actor/lib/test/auto/StopSDF.xml
3 ms. Memory: 1784320K Free: 80865K (5%)
----------------- Invoking toplevel() on ptolemy.moml.MoMLSimpleApplication@6cf021c7
----------------- Done invoking toplevel() on ptolemy.moml.MoMLSimpleApplication@6cf021c7
reloadAllAccessors: .StopSDF

===========================================================================================
----------------- testing Fri Mar 29 03:52:01 UTC 2019 /home/travis/build/icyphy/ptII/ptolemy/actor/lib/test/auto/StringConstant.xml
----------------- Instantiating /home/travis/build/icyphy/ptII/ptolemy/actor/lib/test/auto/StringConstant.xml
2 ms. Memory: 1785344K Free: 1733269K (97%)
----------------- Invoking toplevel() on ptolemy.moml.MoMLSimpleApplication@64f04f19
----------------- Done invoking toplevel() on ptolemy.moml.MoMLSimpleApplication@64f04f19
reloadAllAccessors: .StringConstant

===========================================================================================
----------------- testing Fri Mar 29 03:52:01 UTC 2019 /home/travis/build/icyphy/ptII/ptolemy/actor/lib/test/auto/SubscriberPortInitialValues1.xml
----------------- Instantiating /home/travis/build/icyphy/ptII/ptolemy/actor/lib/test/auto/SubscriberPortInitialValues1.xml
6 ms. Memory: 1785344K Free: 1712104K (96%)
----------------- Invoking toplevel() on ptolemy.moml.MoMLSimpleApplication@17ad7548
----------------- Done invoking toplevel() on ptolemy.moml.MoMLSimpleApplication@17ad7548
reloadAllAccessors: .SubscriberPortInitialValues1

===========================================================================================
----------------- testing Fri Mar 29 03:52:01 UTC 2019 /home/travis/build/icyphy/ptII/ptolemy/actor/lib/test/auto/SubscriberPortInitialValues13.xml
----------------- Instantiating /home/travis/build/icyphy/ptII/ptolemy/actor/lib/test/auto/SubscriberPortInitialValues13.xml
4 ms. Memory: 1785344K Free: 1682598K (94%)
----------------- Invoking toplevel() on ptolemy.moml.MoMLSimpleApplication@57d658e1
----------------- Done invoking toplevel() on ptolemy.moml.MoMLSimpleApplication@57d658e1
reloadAllAccessors: .SubscriberPortInitialValues13

===========================================================================================
----------------- testing Fri Mar 29 03:52:01 UTC 2019 /home/travis/build/icyphy/ptII/ptolemy/actor/lib/test/auto/SubscriberPortInitialValues14.xml
----------------- Instantiating /home/travis/build/icyphy/ptII/ptolemy/actor/lib/test/auto/SubscriberPortInitialValues14.xml
5 ms. Memory: 1785344K Free: 1665917K (93%)
----------------- Invoking toplevel() on ptolemy.moml.MoMLSimpleApplication@51677dde
----------------- Done invoking toplevel() on ptolemy.moml.MoMLSimpleApplication@51677dde
reloadAllAccessors: .SubscriberPortInitialValues14

===========================================================================================
----------------- testing Fri Mar 29 03:52:01 UTC 2019 /home/travis/build/icyphy/ptII/ptolemy/actor/lib/test/auto/SubscriberPortInitialValues2.xml
----------------- Instantiating /home/travis/build/icyphy/ptII/ptolemy/actor/lib/test/auto/SubscriberPortInitialValues2.xml
5 ms. Memory: 1785344K Free: 1644752K (92%)
----------------- Invoking toplevel() on ptolemy.moml.MoMLSimpleApplication@2006c836
----------------- Done invoking toplevel() on ptolemy.moml.MoMLSimpleApplication@2006c836
reloadAllAccessors: .SubscriberPortInitialValues2

===========================================================================================
----------------- testing Fri Mar 29 03:52:02 UTC 2019 /home/travis/build/icyphy/ptII/ptolemy/actor/lib/test/auto/SubscriberPortInitialValues3.xml
----------------- Instantiating /home/travis/build/icyphy/ptII/ptolemy/actor/lib/test/auto/SubscriberPortInitialValues3.xml
4 ms. Memory: 1785344K Free: 1628071K (91%)
----------------- Invoking toplevel() on ptolemy.moml.MoMLSimpleApplication@3bc4de89
----------------- Done invoking toplevel() on ptolemy.moml.MoMLSimpleApplication@3bc4de89
reloadAllAccessors: .SubscriberPortInitialValues3

===========================================================================================
----------------- testing Fri Mar 29 03:52:02 UTC 2019 /home/travis/build/icyphy/ptII/ptolemy/actor/lib/test/auto/SubscriptionAggregator.xml
----------------- Instantiating /home/travis/build/icyphy/ptII/ptolemy/actor/lib/test/auto/SubscriptionAggregator.xml
3 ms. Memory: 1785344K Free: 1606906K (90%)
----------------- Invoking toplevel() on ptolemy.moml.MoMLSimpleApplication@7e7fd88b
----------------- Done invoking toplevel() on ptolemy.moml.MoMLSimpleApplication@7e7fd88b
reloadAllAccessors: .SubscriptionAggregator

===========================================================================================
----------------- testing Fri Mar 29 03:52:02 UTC 2019 /home/travis/build/icyphy/ptII/ptolemy/actor/lib/test/auto/SubscriptionAggregator2.xml
----------------- Instantiating /home/travis/build/icyphy/ptII/ptolemy/actor/lib/test/auto/SubscriptionAggregator2.xml
3 ms. Memory: 1785344K Free: 1590225K (89%)
----------------- Invoking toplevel() on ptolemy.moml.MoMLSimpleApplication@2317146
----------------- Done invoking toplevel() on ptolemy.moml.MoMLSimpleApplication@2317146
reloadAllAccessors: .SubscriptionAggregator2

===========================================================================================
----------------- testing Fri Mar 29 03:52:02 UTC 2019 /home/travis/build/icyphy/ptII/ptolemy/actor/lib/test/auto/SubscriptionAggregator3.xml
----------------- Instantiating /home/travis/build/icyphy/ptII/ptolemy/actor/lib/test/auto/SubscriptionAggregator3.xml
3 ms. Memory: 1785344K Free: 1569060K (88%)
----------------- Invoking toplevel() on ptolemy.moml.MoMLSimpleApplication@64af57dd
----------------- Done invoking toplevel() on ptolemy.moml.MoMLSimpleApplication@64af57dd
reloadAllAccessors: .SubscriptionAggregator3

===========================================================================================
----------------- testing Fri Mar 29 03:52:02 UTC 2019 /home/travis/build/icyphy/ptII/ptolemy/actor/lib/test/auto/SubscriptionAggregatorMultiply.xml
----------------- Instantiating /home/travis/build/icyphy/ptII/ptolemy/actor/lib/test/auto/SubscriptionAggregatorMultiply.xml
4 ms. Memory: 1785344K Free: 1552379K (87%)
----------------- Invoking toplevel() on ptolemy.moml.MoMLSimpleApplication@1aeaa304
----------------- Done invoking toplevel() on ptolemy.moml.MoMLSimpleApplication@1aeaa304
reloadAllAccessors: .SubscriptionAggregatorMultiply

===========================================================================================
----------------- testing Fri Mar 29 03:52:02 UTC 2019 /home/travis/build/icyphy/ptII/ptolemy/actor/lib/test/auto/SubscriptionAggregatorPortMultiply1.xml
----------------- Instantiating /home/travis/build/icyphy/ptII/ptolemy/actor/lib/test/auto/SubscriptionAggregatorPortMultiply1.xml
3 ms. Memory: 1785344K Free: 1531213K (86%)
----------------- Invoking toplevel() on ptolemy.moml.MoMLSimpleApplication@20085473
----------------- Done invoking toplevel() on ptolemy.moml.MoMLSimpleApplication@20085473
reloadAllAccessors: .SubscriptionAggregatorPortMultiply1

===========================================================================================
----------------- testing Fri Mar 29 03:52:02 UTC 2019 /home/travis/build/icyphy/ptII/ptolemy/actor/lib/test/auto/Switch.xml
----------------- Instantiating /home/travis/build/icyphy/ptII/ptolemy/actor/lib/test/auto/Switch.xml
3 ms. Memory: 1785344K Free: 1459944K (82%)
----------------- Invoking toplevel() on ptolemy.moml.MoMLSimpleApplication@328c4380
----------------- Done invoking toplevel() on ptolemy.moml.MoMLSimpleApplication@328c4380
reloadAllAccessors: .Switch

===========================================================================================
----------------- testing Fri Mar 29 03:52:02 UTC 2019 /home/travis/build/icyphy/ptII/ptolemy/actor/lib/test/auto/Switch2.xml
----------------- Instantiating /home/travis/build/icyphy/ptII/ptolemy/actor/lib/test/auto/Switch2.xml
1 ms. Memory: 1785344K Free: 1443263K (81%)
----------------- Invoking toplevel() on ptolemy.moml.MoMLSimpleApplication@5c2e479a
----------------- Done invoking toplevel() on ptolemy.moml.MoMLSimpleApplication@5c2e479a
reloadAllAccessors: .Switch2

===========================================================================================
----------------- testing Fri Mar 29 03:52:02 UTC 2019 /home/travis/build/icyphy/ptII/ptolemy/actor/lib/test/auto/SwitchDE.xml
----------------- Instantiating /home/travis/build/icyphy/ptII/ptolemy/actor/lib/test/auto/SwitchDE.xml
2 ms. Memory: 1785344K Free: 1422098K (80%)
----------------- Invoking toplevel() on ptolemy.moml.MoMLSimpleApplication@4d440169
----------------- Done invoking toplevel() on ptolemy.moml.MoMLSimpleApplication@4d440169
reloadAllAccessors: .SwitchDE

===========================================================================================
----------------- testing Fri Mar 29 03:52:02 UTC 2019 /home/travis/build/icyphy/ptII/ptolemy/actor/lib/test/auto/SynchronizerDE.xml
----------------- Instantiating /home/travis/build/icyphy/ptII/ptolemy/actor/lib/test/auto/SynchronizerDE.xml
3 ms. Memory: 1785344K Free: 1405417K (79%)
----------------- Invoking toplevel() on ptolemy.moml.MoMLSimpleApplication@21ec024a
----------------- Done invoking toplevel() on ptolemy.moml.MoMLSimpleApplication@21ec024a
reloadAllAccessors: .SynchronizerDE

===========================================================================================
----------------- testing Fri Mar 29 03:52:02 UTC 2019 /home/travis/build/icyphy/ptII/ptolemy/actor/lib/test/auto/Test.xml
----------------- Instantiating /home/travis/build/icyphy/ptII/ptolemy/actor/lib/test/auto/Test.xml
2 ms. Memory: 1785344K Free: 1384251K (78%)
----------------- Invoking toplevel() on ptolemy.moml.MoMLSimpleApplication@6dcc876a
----------------- Done invoking toplevel() on ptolemy.moml.MoMLSimpleApplication@6dcc876a
reloadAllAccessors: .Test

===========================================================================================
----------------- testing Fri Mar 29 03:52:02 UTC 2019 /home/travis/build/icyphy/ptII/ptolemy/actor/lib/test/auto/TestExceptionAttribute1.xml
----------------- Instantiating /home/travis/build/icyphy/ptII/ptolemy/actor/lib/test/auto/TestExceptionAttribute1.xml
1 ms. Memory: 1785344K Free: 1367570K (77%)
----------------- Invoking toplevel() on ptolemy.moml.MoMLSimpleApplication@236aee9c
----------------- Done invoking toplevel() on ptolemy.moml.MoMLSimpleApplication@236aee9c
reloadAllAccessors: .TestExceptionAttribute1

===========================================================================================
----------------- testing Fri Mar 29 03:52:02 UTC 2019 /home/travis/build/icyphy/ptII/ptolemy/actor/lib/test/auto/TestExceptionAttribute2.xml
----------------- Instantiating /home/travis/build/icyphy/ptII/ptolemy/actor/lib/test/auto/TestExceptionAttribute2.xml
1 ms. Memory: 1785344K Free: 1346405K (75%)
----------------- Invoking toplevel() on ptolemy.moml.MoMLSimpleApplication@40425d11
----------------- Done invoking toplevel() on ptolemy.moml.MoMLSimpleApplication@40425d11
reloadAllAccessors: .TestExceptionAttribute2

===========================================================================================
----------------- testing Fri Mar 29 03:52:02 UTC 2019 /home/travis/build/icyphy/ptII/ptolemy/actor/lib/test/auto/TestExceptionAttribute3.xml
----------------- Instantiating /home/travis/build/icyphy/ptII/ptolemy/actor/lib/test/auto/TestExceptionAttribute3.xml
.TestExceptionAttribute3.TestExceptionAttribute: initialize() was not invoked, but wrapup() was.  This is unusual, but not always a problem.  For example, exporting JNLP will do this.
0 ms. Memory: 1785344K Free: 1329724K (74%)
----------------- Invoking toplevel() on ptolemy.moml.MoMLSimpleApplication@4484885e
----------------- Done invoking toplevel() on ptolemy.moml.MoMLSimpleApplication@4484885e
reloadAllAccessors: .TestExceptionAttribute3

===========================================================================================
----------------- testing Fri Mar 29 03:52:02 UTC 2019 /home/travis/build/icyphy/ptII/ptolemy/actor/lib/test/auto/TestExceptionAttribute4.xml
----------------- Instantiating /home/travis/build/icyphy/ptII/ptolemy/actor/lib/test/auto/TestExceptionAttribute4.xml
.TestExceptionAttribute4.TestExceptionAttribute: initialize() was not invoked, but wrapup() was.  This is unusual, but not always a problem.  For example, exporting JNLP will do this.
.TestExceptionAttribute4.TestExceptionAttribute2: initialize() was not invoked, but wrapup() was.  This is unusual, but not always a problem.  For example, exporting JNLP will do this.
1 ms. Memory: 1785344K Free: 1308559K (73%)
----------------- Invoking toplevel() on ptolemy.moml.MoMLSimpleApplication@2a7bfa82
----------------- Done invoking toplevel() on ptolemy.moml.MoMLSimpleApplication@2a7bfa82
reloadAllAccessors: .TestExceptionAttribute4

===========================================================================================
----------------- testing Fri Mar 29 03:52:02 UTC 2019 /home/travis/build/icyphy/ptII/ptolemy/actor/lib/test/auto/TestExceptionHandler1.xml
----------------- Instantiating /home/travis/build/icyphy/ptII/ptolemy/actor/lib/test/auto/TestExceptionHandler1.xml
1 ms. Memory: 1785344K Free: 1287394K (72%)
----------------- Invoking toplevel() on ptolemy.moml.MoMLSimpleApplication@47bac743
----------------- Done invoking toplevel() on ptolemy.moml.MoMLSimpleApplication@47bac743
reloadAllAccessors: .TestExceptionHandler1

===========================================================================================
----------------- testing Fri Mar 29 03:52:02 UTC 2019 /home/travis/build/icyphy/ptII/ptolemy/actor/lib/test/auto/TestExceptionHandler2.xml
----------------- Instantiating /home/travis/build/icyphy/ptII/ptolemy/actor/lib/test/auto/TestExceptionHandler2.xml
1 ms. Memory: 1785344K Free: 1270713K (71%)
----------------- Invoking toplevel() on ptolemy.moml.MoMLSimpleApplication@49281909
----------------- Done invoking toplevel() on ptolemy.moml.MoMLSimpleApplication@49281909
reloadAllAccessors: .TestExceptionHandler2

===========================================================================================
----------------- testing Fri Mar 29 03:52:02 UTC 2019 /home/travis/build/icyphy/ptII/ptolemy/actor/lib/test/auto/TestExceptionHandler3.xml
----------------- Instantiating /home/travis/build/icyphy/ptII/ptolemy/actor/lib/test/auto/TestExceptionHandler3.xml
1 ms. Memory: 1785344K Free: 1249548K (70%)
----------------- Invoking toplevel() on ptolemy.moml.MoMLSimpleApplication@7f6b2601
----------------- Done invoking toplevel() on ptolemy.moml.MoMLSimpleApplication@7f6b2601
reloadAllAccessors: .TestExceptionHandler3

===========================================================================================
----------------- testing Fri Mar 29 03:52:02 UTC 2019 /home/travis/build/icyphy/ptII/ptolemy/actor/lib/test/auto/TestExceptionHandler4.xml
----------------- Instantiating /home/travis/build/icyphy/ptII/ptolemy/actor/lib/test/auto/TestExceptionHandler4.xml
0 ms. Memory: 1785344K Free: 1232867K (69%)
----------------- Invoking toplevel() on ptolemy.moml.MoMLSimpleApplication@6d76fe97
----------------- Done invoking toplevel() on ptolemy.moml.MoMLSimpleApplication@6d76fe97
reloadAllAccessors: .TestExceptionHandler4

===========================================================================================
----------------- testing Fri Mar 29 03:52:02 UTC 2019 /home/travis/build/icyphy/ptII/ptolemy/actor/lib/test/auto/TestRequireCorrectOrder.xml
----------------- Instantiating /home/travis/build/icyphy/ptII/ptolemy/actor/lib/test/auto/TestRequireCorrectOrder.xml
3 ms. Memory: 1785344K Free: 1211702K (68%)
----------------- Invoking toplevel() on ptolemy.moml.MoMLSimpleApplication@1b9c6a8b
----------------- Done invoking toplevel() on ptolemy.moml.MoMLSimpleApplication@1b9c6a8b
reloadAllAccessors: .TestRequireCorrectOrder

===========================================================================================
----------------- testing Fri Mar 29 03:52:02 UTC 2019 /home/travis/build/icyphy/ptII/ptolemy/actor/lib/test/auto/TestSimple.xml
----------------- Instantiating /home/travis/build/icyphy/ptII/ptolemy/actor/lib/test/auto/TestSimple.xml
2 ms. Memory: 1785344K Free: 1195021K (67%)
----------------- Invoking toplevel() on ptolemy.moml.MoMLSimpleApplication@648a5af9
----------------- Done invoking toplevel() on ptolemy.moml.MoMLSimpleApplication@648a5af9
reloadAllAccessors: .TestSimple

===========================================================================================
----------------- testing Fri Mar 29 03:52:02 UTC 2019 /home/travis/build/icyphy/ptII/ptolemy/actor/lib/test/auto/ThrowModelError.xml
----------------- Instantiating /home/travis/build/icyphy/ptII/ptolemy/actor/lib/test/auto/ThrowModelError.xml
1 ms. Memory: 1785344K Free: 1173856K (66%)
----------------- Invoking toplevel() on ptolemy.moml.MoMLSimpleApplication@17bf4b1a
----------------- Done invoking toplevel() on ptolemy.moml.MoMLSimpleApplication@17bf4b1a
reloadAllAccessors: .ThrowModelError

===========================================================================================
----------------- testing Fri Mar 29 03:52:02 UTC 2019 /home/travis/build/icyphy/ptII/ptolemy/actor/lib/test/auto/TimeDelayMicrosteps.xml
----------------- Instantiating /home/travis/build/icyphy/ptII/ptolemy/actor/lib/test/auto/TimeDelayMicrosteps.xml
2 ms. Memory: 1785344K Free: 1157175K (65%)
----------------- Invoking toplevel() on ptolemy.moml.MoMLSimpleApplication@66c4ab74
----------------- Done invoking toplevel() on ptolemy.moml.MoMLSimpleApplication@66c4ab74
reloadAllAccessors: .TimeDelayMicrosteps

===========================================================================================
----------------- testing Fri Mar 29 03:52:02 UTC 2019 /home/travis/build/icyphy/ptII/ptolemy/actor/lib/test/auto/TimeDelayMicrosteps2.xml
----------------- Instantiating /home/travis/build/icyphy/ptII/ptolemy/actor/lib/test/auto/TimeDelayMicrosteps2.xml
3 ms. Memory: 1785344K Free: 1136010K (64%)
----------------- Invoking toplevel() on ptolemy.moml.MoMLSimpleApplication@75f187f3
----------------- Done invoking toplevel() on ptolemy.moml.MoMLSimpleApplication@75f187f3
reloadAllAccessors: .TimeDelayMicrosteps2

===========================================================================================
----------------- testing Fri Mar 29 03:52:02 UTC 2019 /home/travis/build/icyphy/ptII/ptolemy/actor/lib/test/auto/TimeDelayMicrosteps3.xml
----------------- Instantiating /home/travis/build/icyphy/ptII/ptolemy/actor/lib/test/auto/TimeDelayMicrosteps3.xml
3 ms. Memory: 1785344K Free: 1114845K (62%)
----------------- Invoking toplevel() on ptolemy.moml.MoMLSimpleApplication@22d43b26
----------------- Done invoking toplevel() on ptolemy.moml.MoMLSimpleApplication@22d43b26
reloadAllAccessors: .TimeDelayMicrosteps3

===========================================================================================
----------------- testing Fri Mar 29 03:52:02 UTC 2019 /home/travis/build/icyphy/ptII/ptolemy/actor/lib/test/auto/TimeDelayVariableMicrosteps.xml
----------------- Instantiating /home/travis/build/icyphy/ptII/ptolemy/actor/lib/test/auto/TimeDelayVariableMicrosteps.xml
2 ms. Memory: 1785344K Free: 1098164K (62%)
----------------- Invoking toplevel() on ptolemy.moml.MoMLSimpleApplication@765ef303
----------------- Done invoking toplevel() on ptolemy.moml.MoMLSimpleApplication@765ef303
reloadAllAccessors: .TimeDelayVariableMicrosteps

===========================================================================================
----------------- testing Fri Mar 29 03:52:02 UTC 2019 /home/travis/build/icyphy/ptII/ptolemy/actor/lib/test/auto/TimeGap.xml
----------------- Instantiating /home/travis/build/icyphy/ptII/ptolemy/actor/lib/test/auto/TimeGap.xml
3 ms. Memory: 1785344K Free: 1076999K (60%)
----------------- Invoking toplevel() on ptolemy.moml.MoMLSimpleApplication@37c82134
----------------- Done invoking toplevel() on ptolemy.moml.MoMLSimpleApplication@37c82134
reloadAllAccessors: .TimeGap

===========================================================================================
----------------- testing Fri Mar 29 03:52:02 UTC 2019 /home/travis/build/icyphy/ptII/ptolemy/actor/lib/test/auto/TimeGap2.xml
----------------- Instantiating /home/travis/build/icyphy/ptII/ptolemy/actor/lib/test/auto/TimeGap2.xml
2 ms. Memory: 1785344K Free: 1060318K (59%)
----------------- Invoking toplevel() on ptolemy.moml.MoMLSimpleApplication@56a805e8
----------------- Done invoking toplevel() on ptolemy.moml.MoMLSimpleApplication@56a805e8
reloadAllAccessors: .TimeGap2

===========================================================================================
----------------- testing Fri Mar 29 03:52:02 UTC 2019 /home/travis/build/icyphy/ptII/ptolemy/actor/lib/test/auto/TimedSinewave.xml
----------------- Instantiating /home/travis/build/icyphy/ptII/ptolemy/actor/lib/test/auto/TimedSinewave.xml
13 ms. Memory: 1785344K Free: 1030796K (58%)
----------------- Invoking toplevel() on ptolemy.moml.MoMLSimpleApplication@333d8fc6
----------------- Done invoking toplevel() on ptolemy.moml.MoMLSimpleApplication@333d8fc6
reloadAllAccessors: .TimedSinewave

===========================================================================================
----------------- testing Fri Mar 29 03:52:02 UTC 2019 /home/travis/build/icyphy/ptII/ptolemy/actor/lib/test/auto/TimedSinewavePhase.xml
----------------- Instantiating /home/travis/build/icyphy/ptII/ptolemy/actor/lib/test/auto/TimedSinewavePhase.xml
16 ms. Memory: 1785344K Free: 1014115K (57%)
----------------- Invoking toplevel() on ptolemy.moml.MoMLSimpleApplication@61f11c8d
----------------- Done invoking toplevel() on ptolemy.moml.MoMLSimpleApplication@61f11c8d
reloadAllAccessors: .TimedSinewavePhase

===========================================================================================
----------------- testing Fri Mar 29 03:52:02 UTC 2019 /home/travis/build/icyphy/ptII/ptolemy/actor/lib/test/auto/Timer.xml
----------------- Instantiating /home/travis/build/icyphy/ptII/ptolemy/actor/lib/test/auto/Timer.xml
2 ms. Memory: 1785344K Free: 992950K (56%)
----------------- Invoking toplevel() on ptolemy.moml.MoMLSimpleApplication@4749f75b
----------------- Done invoking toplevel() on ptolemy.moml.MoMLSimpleApplication@4749f75b
reloadAllAccessors: .Timer

===========================================================================================
----------------- testing Fri Mar 29 03:52:02 UTC 2019 /home/travis/build/icyphy/ptII/ptolemy/actor/lib/test/auto/TriangularDistTestModel.xml
----------------- Instantiating /home/travis/build/icyphy/ptII/ptolemy/actor/lib/test/auto/TriangularDistTestModel.xml
2 ms. Memory: 1785344K Free: 971785K (54%)
----------------- Invoking toplevel() on ptolemy.moml.MoMLSimpleApplication@31616f03
----------------- Done invoking toplevel() on ptolemy.moml.MoMLSimpleApplication@31616f03
reloadAllAccessors: .TriangularDistTestModel

===========================================================================================
----------------- testing Fri Mar 29 03:52:02 UTC 2019 /home/travis/build/icyphy/ptII/ptolemy/actor/lib/test/auto/TrigFunction.xml
----------------- Instantiating /home/travis/build/icyphy/ptII/ptolemy/actor/lib/test/auto/TrigFunction.xml
2 ms. Memory: 1785344K Free: 955104K (53%)
----------------- Invoking toplevel() on ptolemy.moml.MoMLSimpleApplication@d7ded
----------------- Done invoking toplevel() on ptolemy.moml.MoMLSimpleApplication@d7ded
reloadAllAccessors: .TrigFunction

===========================================================================================
----------------- testing Fri Mar 29 03:52:02 UTC 2019 /home/travis/build/icyphy/ptII/ptolemy/actor/lib/test/auto/TrigFunctionDE.xml
----------------- Instantiating /home/travis/build/icyphy/ptII/ptolemy/actor/lib/test/auto/TrigFunctionDE.xml
2 ms. Memory: 1785344K Free: 933938K (52%)
----------------- Invoking toplevel() on ptolemy.moml.MoMLSimpleApplication@5f0a0f3
----------------- Done invoking toplevel() on ptolemy.moml.MoMLSimpleApplication@5f0a0f3
reloadAllAccessors: .TrigFunctionDE

===========================================================================================
----------------- testing Fri Mar 29 03:52:02 UTC 2019 /home/travis/build/icyphy/ptII/ptolemy/actor/lib/test/auto/TrigFunctionInverse.xml
----------------- Instantiating /home/travis/build/icyphy/ptII/ptolemy/actor/lib/test/auto/TrigFunctionInverse.xml
2 ms. Memory: 1785344K Free: 917257K (51%)
----------------- Invoking toplevel() on ptolemy.moml.MoMLSimpleApplication@52ab7a46
----------------- Done invoking toplevel() on ptolemy.moml.MoMLSimpleApplication@52ab7a46
reloadAllAccessors: .TrigFunctionInverse

===========================================================================================
----------------- testing Fri Mar 29 03:52:02 UTC 2019 /home/travis/build/icyphy/ptII/ptolemy/actor/lib/test/auto/TrigFunctionTan.xml
----------------- Instantiating /home/travis/build/icyphy/ptII/ptolemy/actor/lib/test/auto/TrigFunctionTan.xml
1 ms. Memory: 1785344K Free: 896092K (50%)
----------------- Invoking toplevel() on ptolemy.moml.MoMLSimpleApplication@73618ddb
----------------- Done invoking toplevel() on ptolemy.moml.MoMLSimpleApplication@73618ddb
reloadAllAccessors: .TrigFunctionTan

===========================================================================================
----------------- testing Fri Mar 29 03:52:02 UTC 2019 /home/travis/build/icyphy/ptII/ptolemy/actor/lib/test/auto/TriggeredClock.xml
----------------- Instantiating /home/travis/build/icyphy/ptII/ptolemy/actor/lib/test/auto/TriggeredClock.xml
2 ms. Memory: 1785344K Free: 879411K (49%)
----------------- Invoking toplevel() on ptolemy.moml.MoMLSimpleApplication@11cf8c9a
----------------- Done invoking toplevel() on ptolemy.moml.MoMLSimpleApplication@11cf8c9a
reloadAllAccessors: .TriggeredClock

===========================================================================================
----------------- testing Fri Mar 29 03:52:02 UTC 2019 /home/travis/build/icyphy/ptII/ptolemy/actor/lib/test/auto/URLDirectoryReader.xml
----------------- Instantiating /home/travis/build/icyphy/ptII/ptolemy/actor/lib/test/auto/URLDirectoryReader.xml
29 ms. Memory: 1785344K Free: 858246K (48%)
----------------- Invoking toplevel() on ptolemy.moml.MoMLSimpleApplication@13a46523
----------------- Done invoking toplevel() on ptolemy.moml.MoMLSimpleApplication@13a46523
reloadAllAccessors: .URLDirectoryReader

===========================================================================================
----------------- testing Fri Mar 29 03:52:02 UTC 2019 /home/travis/build/icyphy/ptII/ptolemy/actor/lib/test/auto/URLDirectoryReader3.xml
----------------- Instantiating /home/travis/build/icyphy/ptII/ptolemy/actor/lib/test/auto/URLDirectoryReader3.xml
1141 ms. Memory: 1785344K Free: 799863K (45%)
----------------- Invoking toplevel() on ptolemy.moml.MoMLSimpleApplication@696f73c6
----------------- Done invoking toplevel() on ptolemy.moml.MoMLSimpleApplication@696f73c6
reloadAllAccessors: .URLDirectoryReader3

===========================================================================================
----------------- testing Fri Mar 29 03:52:04 UTC 2019 /home/travis/build/icyphy/ptII/ptolemy/actor/lib/test/auto/UnaryMathFunction.xml
----------------- Instantiating /home/travis/build/icyphy/ptII/ptolemy/actor/lib/test/auto/UnaryMathFunction.xml
11 ms. Memory: 1785344K Free: 778697K (44%)
----------------- Invoking toplevel() on ptolemy.moml.MoMLSimpleApplication@4e9265fd
----------------- Done invoking toplevel() on ptolemy.moml.MoMLSimpleApplication@4e9265fd
reloadAllAccessors: .UnaryMathFunction

===========================================================================================
----------------- testing Fri Mar 29 03:52:04 UTC 2019 /home/travis/build/icyphy/ptII/ptolemy/actor/lib/test/auto/Uniform.xml
----------------- Instantiating /home/travis/build/icyphy/ptII/ptolemy/actor/lib/test/auto/Uniform.xml
7 ms. Memory: 1785344K Free: 757532K (42%)
----------------- Invoking toplevel() on ptolemy.moml.MoMLSimpleApplication@1e888e6d
----------------- Done invoking toplevel() on ptolemy.moml.MoMLSimpleApplication@1e888e6d
reloadAllAccessors: .Uniform

===========================================================================================
----------------- testing Fri Mar 29 03:52:04 UTC 2019 /home/travis/build/icyphy/ptII/ptolemy/actor/lib/test/auto/UnionDisassemblerTest.xml
----------------- Instantiating /home/travis/build/icyphy/ptII/ptolemy/actor/lib/test/auto/UnionDisassemblerTest.xml
15 ms. Memory: 1785344K Free: 740851K (41%)
----------------- Invoking toplevel() on ptolemy.moml.MoMLSimpleApplication@20cb8607
----------------- Done invoking toplevel() on ptolemy.moml.MoMLSimpleApplication@20cb8607
reloadAllAccessors: .UnionDisassemblerTest

===========================================================================================
----------------- testing Fri Mar 29 03:52:04 UTC 2019 /home/travis/build/icyphy/ptII/ptolemy/actor/lib/test/auto/UtilityFunctions.xml
----------------- Instantiating /home/travis/build/icyphy/ptII/ptolemy/actor/lib/test/auto/UtilityFunctions.xml
6 ms. Memory: 1785344K Free: 719686K (40%)
----------------- Invoking toplevel() on ptolemy.moml.MoMLSimpleApplication@117730d9
----------------- Done invoking toplevel() on ptolemy.moml.MoMLSimpleApplication@117730d9
reloadAllAccessors: .UtilityFunctions

===========================================================================================
----------------- testing Fri Mar 29 03:52:04 UTC 2019 /home/travis/build/icyphy/ptII/ptolemy/actor/lib/test/auto/VariableSleep.xml
----------------- Instantiating /home/travis/build/icyphy/ptII/ptolemy/actor/lib/test/auto/VariableSleep.xml
504 ms. Memory: 1785344K Free: 703005K (39%)
----------------- Invoking toplevel() on ptolemy.moml.MoMLSimpleApplication@1bd89604
----------------- Done invoking toplevel() on ptolemy.moml.MoMLSimpleApplication@1bd89604
reloadAllAccessors: .VariableSleep

===========================================================================================
----------------- testing Fri Mar 29 03:52:04 UTC 2019 /home/travis/build/icyphy/ptII/ptolemy/actor/lib/test/auto/VectorAssemblerDisassemblerCT.xml
----------------- Instantiating /home/travis/build/icyphy/ptII/ptolemy/actor/lib/test/auto/VectorAssemblerDisassemblerCT.xml
76 ms. Memory: 1785344K Free: 673499K (38%)
----------------- Invoking toplevel() on ptolemy.moml.MoMLSimpleApplication@70fe1f89
----------------- Done invoking toplevel() on ptolemy.moml.MoMLSimpleApplication@70fe1f89
reloadAllAccessors: .VectorAssemblerDisassemblerCT

===========================================================================================
----------------- testing Fri Mar 29 03:52:05 UTC 2019 /home/travis/build/icyphy/ptII/ptolemy/actor/lib/test/auto/VectorAssemblerDisassemblerDE.xml
----------------- Instantiating /home/travis/build/icyphy/ptII/ptolemy/actor/lib/test/auto/VectorAssemblerDisassemblerDE.xml
2 ms. Memory: 1785344K Free: 656818K (37%)
----------------- Invoking toplevel() on ptolemy.moml.MoMLSimpleApplication@6e7503d2
----------------- Done invoking toplevel() on ptolemy.moml.MoMLSimpleApplication@6e7503d2
reloadAllAccessors: .VectorAssemblerDisassemblerDE

===========================================================================================
----------------- testing Fri Mar 29 03:52:05 UTC 2019 /home/travis/build/icyphy/ptII/ptolemy/actor/lib/test/auto/VectorAssemblerDisassemblerSDF.xml
----------------- Instantiating /home/travis/build/icyphy/ptII/ptolemy/actor/lib/test/auto/VectorAssemblerDisassemblerSDF.xml
2 ms. Memory: 1785344K Free: 635653K (36%)
----------------- Invoking toplevel() on ptolemy.moml.MoMLSimpleApplication@3cbee2e4
----------------- Done invoking toplevel() on ptolemy.moml.MoMLSimpleApplication@3cbee2e4
reloadAllAccessors: .VectorAssemblerDisassemblerSDF

===========================================================================================
----------------- testing Fri Mar 29 03:52:05 UTC 2019 /home/travis/build/icyphy/ptII/ptolemy/actor/lib/test/auto/WallClockTime.xml
----------------- Instantiating /home/travis/build/icyphy/ptII/ptolemy/actor/lib/test/auto/WallClockTime.xml
1006 ms. Memory: 1785344K Free: 614488K (34%)
----------------- Invoking toplevel() on ptolemy.moml.MoMLSimpleApplication@699d876f
----------------- Done invoking toplevel() on ptolemy.moml.MoMLSimpleApplication@699d876f
reloadAllAccessors: .WallClockTime

===========================================================================================
----------------- testing Fri Mar 29 03:52:06 UTC 2019 /home/travis/build/icyphy/ptII/ptolemy/actor/lib/test/auto/WidthTestWithSubscriberPublisher.xml
----------------- Instantiating /home/travis/build/icyphy/ptII/ptolemy/actor/lib/test/auto/WidthTestWithSubscriberPublisher.xml
8 ms. Memory: 1785344K Free: 589450K (33%)
----------------- Invoking toplevel() on ptolemy.moml.MoMLSimpleApplication@3deb4e2f
----------------- Done invoking toplevel() on ptolemy.moml.MoMLSimpleApplication@3deb4e2f
reloadAllAccessors: .WidthTestWithSubscriberPublisher

===========================================================================================
----------------- testing Fri Mar 29 03:52:06 UTC 2019 /home/travis/build/icyphy/ptII/ptolemy/actor/lib/test/auto/WidthTestWithSubscriberPublisher2.xml
----------------- Instantiating /home/travis/build/icyphy/ptII/ptolemy/actor/lib/test/auto/WidthTestWithSubscriberPublisher2.xml
2 ms. Memory: 1785344K Free: 568285K (32%)
----------------- Invoking toplevel() on ptolemy.moml.MoMLSimpleApplication@78f3f68c
----------------- Done invoking toplevel() on ptolemy.moml.MoMLSimpleApplication@78f3f68c
reloadAllAccessors: .WidthTestWithSubscriberPublisher2

===========================================================================================
----------------- testing Fri Mar 29 03:52:06 UTC 2019 /home/travis/build/icyphy/ptII/ptolemy/actor/lib/test/auto/WidthTestWithSubscriberPublisher3.xml
----------------- Instantiating /home/travis/build/icyphy/ptII/ptolemy/actor/lib/test/auto/WidthTestWithSubscriberPublisher3.xml
2 ms. Memory: 1785344K Free: 551604K (31%)
----------------- Invoking toplevel() on ptolemy.moml.MoMLSimpleApplication@54f432a4
----------------- Done invoking toplevel() on ptolemy.moml.MoMLSimpleApplication@54f432a4
reloadAllAccessors: .WidthTestWithSubscriberPublisher3

===========================================================================================
----------------- testing Fri Mar 29 03:52:06 UTC 2019 /home/travis/build/icyphy/ptII/ptolemy/actor/lib/test/auto/Writer.xml
----------------- Instantiating /home/travis/build/icyphy/ptII/ptolemy/actor/lib/test/auto/Writer.xml
0
1
2
3
4
3 ms. Memory: 1785344K Free: 530439K (30%)
----------------- Invoking toplevel() on ptolemy.moml.MoMLSimpleApplication@2f26f822
----------------- Done invoking toplevel() on ptolemy.moml.MoMLSimpleApplication@2f26f822
reloadAllAccessors: .Writer

===========================================================================================
----------------- testing Fri Mar 29 03:52:06 UTC 2019 /home/travis/build/icyphy/ptII/ptolemy/actor/lib/test/auto/array.xml
----------------- Instantiating /home/travis/build/icyphy/ptII/ptolemy/actor/lib/test/auto/array.xml
1 ms. Memory: 1785344K Free: 513758K (29%)
----------------- Invoking toplevel() on ptolemy.moml.MoMLSimpleApplication@484e11d0
----------------- Done invoking toplevel() on ptolemy.moml.MoMLSimpleApplication@484e11d0
reloadAllAccessors: .array

===========================================================================================
----------------- testing Fri Mar 29 03:52:06 UTC 2019 /home/travis/build/icyphy/ptII/ptolemy/actor/lib/test/auto/array2.xml
----------------- Instantiating /home/travis/build/icyphy/ptII/ptolemy/actor/lib/test/auto/array2.xml
2 ms. Memory: 1785344K Free: 492593K (28%)
----------------- Invoking toplevel() on ptolemy.moml.MoMLSimpleApplication@2e03c80c
----------------- Done invoking toplevel() on ptolemy.moml.MoMLSimpleApplication@2e03c80c
reloadAllAccessors: .array2

===========================================================================================
----------------- testing Fri Mar 29 03:52:06 UTC 2019 /home/travis/build/icyphy/ptII/ptolemy/actor/lib/test/auto/arrayType.xml
----------------- Instantiating /home/travis/build/icyphy/ptII/ptolemy/actor/lib/test/auto/arrayType.xml
2 ms. Memory: 1785344K Free: 475912K (27%)
----------------- Invoking toplevel() on ptolemy.moml.MoMLSimpleApplication@1f6c60d8
----------------- Done invoking toplevel() on ptolemy.moml.MoMLSimpleApplication@1f6c60d8
reloadAllAccessors: .arrayType

===========================================================================================
----------------- testing Fri Mar 29 03:52:06 UTC 2019 /home/travis/build/icyphy/ptII/ptolemy/actor/lib/test/auto/arrayType10.xml
----------------- Instantiating /home/travis/build/icyphy/ptII/ptolemy/actor/lib/test/auto/arrayType10.xml
1 ms. Memory: 1785344K Free: 454747K (25%)
----------------- Invoking toplevel() on ptolemy.moml.MoMLSimpleApplication@6545046
----------------- Done invoking toplevel() on ptolemy.moml.MoMLSimpleApplication@6545046
reloadAllAccessors: .arrayType10

===========================================================================================
----------------- testing Fri Mar 29 03:52:06 UTC 2019 /home/travis/build/icyphy/ptII/ptolemy/actor/lib/test/auto/arrayType11.xml
----------------- Instantiating /home/travis/build/icyphy/ptII/ptolemy/actor/lib/test/auto/arrayType11.xml
2 ms. Memory: 1785344K Free: 433582K (24%)
----------------- Invoking toplevel() on ptolemy.moml.MoMLSimpleApplication@41b0b869
----------------- Done invoking toplevel() on ptolemy.moml.MoMLSimpleApplication@41b0b869
reloadAllAccessors: .arrayType11

===========================================================================================
----------------- testing Fri Mar 29 03:52:06 UTC 2019 /home/travis/build/icyphy/ptII/ptolemy/actor/lib/test/auto/arrayType12.xml
----------------- Instantiating /home/travis/build/icyphy/ptII/ptolemy/actor/lib/test/auto/arrayType12.xml
2 ms. Memory: 1785344K Free: 416901K (23%)
----------------- Invoking toplevel() on ptolemy.moml.MoMLSimpleApplication@2417609f
----------------- Done invoking toplevel() on ptolemy.moml.MoMLSimpleApplication@2417609f
reloadAllAccessors: .arrayType12

===========================================================================================
----------------- testing Fri Mar 29 03:52:06 UTC 2019 /home/travis/build/icyphy/ptII/ptolemy/actor/lib/test/auto/arrayType13.xml
----------------- Instantiating /home/travis/build/icyphy/ptII/ptolemy/actor/lib/test/auto/arrayType13.xml
1 ms. Memory: 1785344K Free: 395736K (22%)
----------------- Invoking toplevel() on ptolemy.moml.MoMLSimpleApplication@20174ce3
----------------- Done invoking toplevel() on ptolemy.moml.MoMLSimpleApplication@20174ce3
reloadAllAccessors: .arrayType13

===========================================================================================
----------------- testing Fri Mar 29 03:52:06 UTC 2019 /home/travis/build/icyphy/ptII/ptolemy/actor/lib/test/auto/arrayType14.xml
----------------- Instantiating /home/travis/build/icyphy/ptII/ptolemy/actor/lib/test/auto/arrayType14.xml
2 ms. Memory: 1785344K Free: 379055K (21%)
----------------- Invoking toplevel() on ptolemy.moml.MoMLSimpleApplication@1147eaad
----------------- Done invoking toplevel() on ptolemy.moml.MoMLSimpleApplication@1147eaad
reloadAllAccessors: .arrayType14

===========================================================================================
----------------- testing Fri Mar 29 03:52:06 UTC 2019 /home/travis/build/icyphy/ptII/ptolemy/actor/lib/test/auto/arrayType15.xml
----------------- Instantiating /home/travis/build/icyphy/ptII/ptolemy/actor/lib/test/auto/arrayType15.xml
2 ms. Memory: 1785344K Free: 357890K (20%)
----------------- Invoking toplevel() on ptolemy.moml.MoMLSimpleApplication@25588c29
----------------- Done invoking toplevel() on ptolemy.moml.MoMLSimpleApplication@25588c29
reloadAllAccessors: .arrayType15

===========================================================================================
----------------- testing Fri Mar 29 03:52:06 UTC 2019 /home/travis/build/icyphy/ptII/ptolemy/actor/lib/test/auto/arrayType16.xml
----------------- Instantiating /home/travis/build/icyphy/ptII/ptolemy/actor/lib/test/auto/arrayType16.xml
1 ms. Memory: 1785344K Free: 341209K (19%)
----------------- Invoking toplevel() on ptolemy.moml.MoMLSimpleApplication@2018f712
----------------- Done invoking toplevel() on ptolemy.moml.MoMLSimpleApplication@2018f712
reloadAllAccessors: .arrayType16

===========================================================================================
----------------- testing Fri Mar 29 03:52:06 UTC 2019 /home/travis/build/icyphy/ptII/ptolemy/actor/lib/test/auto/arrayType17.xml
----------------- Instantiating /home/travis/build/icyphy/ptII/ptolemy/actor/lib/test/auto/arrayType17.xml
1 ms. Memory: 1785344K Free: 320043K (18%)
----------------- Invoking toplevel() on ptolemy.moml.MoMLSimpleApplication@441bbaaf
----------------- Done invoking toplevel() on ptolemy.moml.MoMLSimpleApplication@441bbaaf
reloadAllAccessors: .arrayType17

===========================================================================================
----------------- testing Fri Mar 29 03:52:06 UTC 2019 /home/travis/build/icyphy/ptII/ptolemy/actor/lib/test/auto/arrayType18.xml
----------------- Instantiating /home/travis/build/icyphy/ptII/ptolemy/actor/lib/test/auto/arrayType18.xml
2 ms. Memory: 1785344K Free: 298878K (17%)
----------------- Invoking toplevel() on ptolemy.moml.MoMLSimpleApplication@242d8634
----------------- Done invoking toplevel() on ptolemy.moml.MoMLSimpleApplication@242d8634
reloadAllAccessors: .arrayType18

===========================================================================================
----------------- testing Fri Mar 29 03:52:06 UTC 2019 /home/travis/build/icyphy/ptII/ptolemy/actor/lib/test/auto/arrayType19.xml
----------------- Instantiating /home/travis/build/icyphy/ptII/ptolemy/actor/lib/test/auto/arrayType19.xml
1 ms. Memory: 1785344K Free: 282197K (16%)
----------------- Invoking toplevel() on ptolemy.moml.MoMLSimpleApplication@d29f91b
----------------- Done invoking toplevel() on ptolemy.moml.MoMLSimpleApplication@d29f91b
reloadAllAccessors: .arrayType19

===========================================================================================
----------------- testing Fri Mar 29 03:52:06 UTC 2019 /home/travis/build/icyphy/ptII/ptolemy/actor/lib/test/auto/arrayType2.xml
----------------- Instantiating /home/travis/build/icyphy/ptII/ptolemy/actor/lib/test/auto/arrayType2.xml
2 ms. Memory: 1785344K Free: 261032K (15%)
----------------- Invoking toplevel() on ptolemy.moml.MoMLSimpleApplication@5a2bc648
----------------- Done invoking toplevel() on ptolemy.moml.MoMLSimpleApplication@5a2bc648
reloadAllAccessors: .arrayType2

===========================================================================================
----------------- testing Fri Mar 29 03:52:06 UTC 2019 /home/travis/build/icyphy/ptII/ptolemy/actor/lib/test/auto/arrayType20.xml
----------------- Instantiating /home/travis/build/icyphy/ptII/ptolemy/actor/lib/test/auto/arrayType20.xml
1 ms. Memory: 1785344K Free: 244351K (14%)
----------------- Invoking toplevel() on ptolemy.moml.MoMLSimpleApplication@6982bab9
----------------- Done invoking toplevel() on ptolemy.moml.MoMLSimpleApplication@6982bab9
reloadAllAccessors: .arrayType20

===========================================================================================
----------------- testing Fri Mar 29 03:52:06 UTC 2019 /home/travis/build/icyphy/ptII/ptolemy/actor/lib/test/auto/arrayType21.xml
----------------- Instantiating /home/travis/build/icyphy/ptII/ptolemy/actor/lib/test/auto/arrayType21.xml
2 ms. Memory: 1785344K Free: 223185K (13%)
----------------- Invoking toplevel() on ptolemy.moml.MoMLSimpleApplication@185bdb1
----------------- Done invoking toplevel() on ptolemy.moml.MoMLSimpleApplication@185bdb1
reloadAllAccessors: .arrayType21

===========================================================================================
----------------- testing Fri Mar 29 03:52:06 UTC 2019 /home/travis/build/icyphy/ptII/ptolemy/actor/lib/test/auto/arrayType22.xml
----------------- Instantiating /home/travis/build/icyphy/ptII/ptolemy/actor/lib/test/auto/arrayType22.xml
1 ms. Memory: 1785344K Free: 206504K (12%)
----------------- Invoking toplevel() on ptolemy.moml.MoMLSimpleApplication@3e6f30dc
----------------- Done invoking toplevel() on ptolemy.moml.MoMLSimpleApplication@3e6f30dc
reloadAllAccessors: .arrayType22

===========================================================================================
----------------- testing Fri Mar 29 03:52:06 UTC 2019 /home/travis/build/icyphy/ptII/ptolemy/actor/lib/test/auto/arrayType23.xml
----------------- Instantiating /home/travis/build/icyphy/ptII/ptolemy/actor/lib/test/auto/arrayType23.xml
1 ms. Memory: 1785344K Free: 185339K (10%)
----------------- Invoking toplevel() on ptolemy.moml.MoMLSimpleApplication@1c9241ae
----------------- Done invoking toplevel() on ptolemy.moml.MoMLSimpleApplication@1c9241ae
reloadAllAccessors: .arrayType23

===========================================================================================
----------------- testing Fri Mar 29 03:52:06 UTC 2019 /home/travis/build/icyphy/ptII/ptolemy/actor/lib/test/auto/arrayType24.xml
----------------- Instantiating /home/travis/build/icyphy/ptII/ptolemy/actor/lib/test/auto/arrayType24.xml
2 ms. Memory: 1785344K Free: 164174K (9%)
----------------- Invoking toplevel() on ptolemy.moml.MoMLSimpleApplication@2c6d720c
----------------- Done invoking toplevel() on ptolemy.moml.MoMLSimpleApplication@2c6d720c
reloadAllAccessors: .arrayType24

===========================================================================================
----------------- testing Fri Mar 29 03:52:06 UTC 2019 /home/travis/build/icyphy/ptII/ptolemy/actor/lib/test/auto/arrayType25.xml
----------------- Instantiating /home/travis/build/icyphy/ptII/ptolemy/actor/lib/test/auto/arrayType25.xml
2 ms. Memory: 1785344K Free: 147493K (8%)
----------------- Invoking toplevel() on ptolemy.moml.MoMLSimpleApplication@1d3d83a5
----------------- Done invoking toplevel() on ptolemy.moml.MoMLSimpleApplication@1d3d83a5
reloadAllAccessors: .arrayType25

===========================================================================================
----------------- testing Fri Mar 29 03:52:06 UTC 2019 /home/travis/build/icyphy/ptII/ptolemy/actor/lib/test/auto/arrayType26.xml
----------------- Instantiating /home/travis/build/icyphy/ptII/ptolemy/actor/lib/test/auto/arrayType26.xml
2 ms. Memory: 1785344K Free: 126328K (7%)
----------------- Invoking toplevel() on ptolemy.moml.MoMLSimpleApplication@3ba7e83f
----------------- Done invoking toplevel() on ptolemy.moml.MoMLSimpleApplication@3ba7e83f
reloadAllAccessors: .arrayType26

===========================================================================================
----------------- testing Fri Mar 29 03:52:06 UTC 2019 /home/travis/build/icyphy/ptII/ptolemy/actor/lib/test/auto/arrayType27.xml
----------------- Instantiating /home/travis/build/icyphy/ptII/ptolemy/actor/lib/test/auto/arrayType27.xml
1 ms. Memory: 1785344K Free: 109647K (6%)
----------------- Invoking toplevel() on ptolemy.moml.MoMLSimpleApplication@5d34e511
----------------- Done invoking toplevel() on ptolemy.moml.MoMLSimpleApplication@5d34e511
reloadAllAccessors: .arrayType27

===========================================================================================
----------------- testing Fri Mar 29 03:52:06 UTC 2019 /home/travis/build/icyphy/ptII/ptolemy/actor/lib/test/auto/arrayType28.xml
----------------- Instantiating /home/travis/build/icyphy/ptII/ptolemy/actor/lib/test/auto/arrayType28.xml
2 ms. Memory: 1785344K Free: 88481K (5%)
----------------- Invoking toplevel() on ptolemy.moml.MoMLSimpleApplication@4f17b73c
----------------- Done invoking toplevel() on ptolemy.moml.MoMLSimpleApplication@4f17b73c
reloadAllAccessors: .arrayType28

===========================================================================================
----------------- testing Fri Mar 29 03:52:06 UTC 2019 /home/travis/build/icyphy/ptII/ptolemy/actor/lib/test/auto/arrayType3.xml
----------------- Instantiating /home/travis/build/icyphy/ptII/ptolemy/actor/lib/test/auto/arrayType3.xml
2 ms. Memory: 1785344K Free: 77683K (4%)
----------------- Invoking toplevel() on ptolemy.moml.MoMLSimpleApplication@79da5674
----------------- Done invoking toplevel() on ptolemy.moml.MoMLSimpleApplication@79da5674
reloadAllAccessors: .arrayType3

===========================================================================================
----------------- testing Fri Mar 29 03:52:06 UTC 2019 /home/travis/build/icyphy/ptII/ptolemy/actor/lib/test/auto/arrayType4.xml
----------------- Instantiating /home/travis/build/icyphy/ptII/ptolemy/actor/lib/test/auto/arrayType4.xml
2 ms. Memory: 1785856K Free: 1714037K (96%)
----------------- Invoking toplevel() on ptolemy.moml.MoMLSimpleApplication@f6ce21c
----------------- Done invoking toplevel() on ptolemy.moml.MoMLSimpleApplication@f6ce21c
reloadAllAccessors: .arrayType4

===========================================================================================
----------------- testing Fri Mar 29 03:52:06 UTC 2019 /home/travis/build/icyphy/ptII/ptolemy/actor/lib/test/auto/arrayType5.xml
----------------- Instantiating /home/travis/build/icyphy/ptII/ptolemy/actor/lib/test/auto/arrayType5.xml
2 ms. Memory: 1785856K Free: 1692994K (95%)
----------------- Invoking toplevel() on ptolemy.moml.MoMLSimpleApplication@7f1e6723
----------------- Done invoking toplevel() on ptolemy.moml.MoMLSimpleApplication@7f1e6723
reloadAllAccessors: .arrayType5

===========================================================================================
----------------- testing Fri Mar 29 03:52:06 UTC 2019 /home/travis/build/icyphy/ptII/ptolemy/actor/lib/test/auto/arrayType6.xml
----------------- Instantiating /home/travis/build/icyphy/ptII/ptolemy/actor/lib/test/auto/arrayType6.xml
2 ms. Memory: 1785856K Free: 1676287K (94%)
----------------- Invoking toplevel() on ptolemy.moml.MoMLSimpleApplication@18cbad49
----------------- Done invoking toplevel() on ptolemy.moml.MoMLSimpleApplication@18cbad49
reloadAllAccessors: .arrayType6

===========================================================================================
----------------- testing Fri Mar 29 03:52:06 UTC 2019 /home/travis/build/icyphy/ptII/ptolemy/actor/lib/test/auto/arrayType7.xml
----------------- Instantiating /home/travis/build/icyphy/ptII/ptolemy/actor/lib/test/auto/arrayType7.xml
2 ms. Memory: 1785856K Free: 1655244K (93%)
----------------- Invoking toplevel() on ptolemy.moml.MoMLSimpleApplication@57bb918c
----------------- Done invoking toplevel() on ptolemy.moml.MoMLSimpleApplication@57bb918c
reloadAllAccessors: .arrayType7

===========================================================================================
----------------- testing Fri Mar 29 03:52:06 UTC 2019 /home/travis/build/icyphy/ptII/ptolemy/actor/lib/test/auto/arrayType8.xml
----------------- Instantiating /home/travis/build/icyphy/ptII/ptolemy/actor/lib/test/auto/arrayType8.xml
1 ms. Memory: 1785856K Free: 1638537K (92%)
----------------- Invoking toplevel() on ptolemy.moml.MoMLSimpleApplication@32dd5430
----------------- Done invoking toplevel() on ptolemy.moml.MoMLSimpleApplication@32dd5430
reloadAllAccessors: .arrayType8

===========================================================================================
----------------- testing Fri Mar 29 03:52:06 UTC 2019 /home/travis/build/icyphy/ptII/ptolemy/actor/lib/test/auto/arrayType9.xml
----------------- Instantiating /home/travis/build/icyphy/ptII/ptolemy/actor/lib/test/auto/arrayType9.xml
1 ms. Memory: 1785856K Free: 1617494K (91%)
----------------- Invoking toplevel() on ptolemy.moml.MoMLSimpleApplication@4275c974
----------------- Done invoking toplevel() on ptolemy.moml.MoMLSimpleApplication@4275c974
reloadAllAccessors: .arrayType9

===========================================================================================
----------------- testing Fri Mar 29 03:52:06 UTC 2019 /home/travis/build/icyphy/ptII/ptolemy/actor/lib/test/auto/cast.xml
----------------- Instantiating /home/travis/build/icyphy/ptII/ptolemy/actor/lib/test/auto/cast.xml
2 ms. Memory: 1785856K Free: 1596450K (89%)
----------------- Invoking toplevel() on ptolemy.moml.MoMLSimpleApplication@1903919b
----------------- Done invoking toplevel() on ptolemy.moml.MoMLSimpleApplication@1903919b
reloadAllAccessors: .cast

===========================================================================================
----------------- testing Fri Mar 29 03:52:06 UTC 2019 /home/travis/build/icyphy/ptII/ptolemy/actor/lib/test/auto/compositeMultiPort.xml
----------------- Instantiating /home/travis/build/icyphy/ptII/ptolemy/actor/lib/test/auto/compositeMultiPort.xml
3 ms. Memory: 1785856K Free: 1579744K (88%)
----------------- Invoking toplevel() on ptolemy.moml.MoMLSimpleApplication@37c70cae
----------------- Done invoking toplevel() on ptolemy.moml.MoMLSimpleApplication@37c70cae
reloadAllAccessors: .compositeMultiPort

===========================================================================================
----------------- testing Fri Mar 29 03:52:06 UTC 2019 /home/travis/build/icyphy/ptII/ptolemy/actor/lib/test/auto/expressionCastInference.xml
----------------- Instantiating /home/travis/build/icyphy/ptII/ptolemy/actor/lib/test/auto/expressionCastInference.xml
2 ms. Memory: 1785856K Free: 1558700K (87%)
----------------- Invoking toplevel() on ptolemy.moml.MoMLSimpleApplication@19ec1202
----------------- Done invoking toplevel() on ptolemy.moml.MoMLSimpleApplication@19ec1202
reloadAllAccessors: .expressionCastInference

===========================================================================================
----------------- testing Fri Mar 29 03:52:06 UTC 2019 /home/travis/build/icyphy/ptII/ptolemy/actor/lib/test/auto/expressionCastInference2.xml
----------------- Instantiating /home/travis/build/icyphy/ptII/ptolemy/actor/lib/test/auto/expressionCastInference2.xml
2 ms. Memory: 1785856K Free: 1541994K (86%)
----------------- Invoking toplevel() on ptolemy.moml.MoMLSimpleApplication@5a806e95
----------------- Done invoking toplevel() on ptolemy.moml.MoMLSimpleApplication@5a806e95
reloadAllAccessors: .expressionCastInference2

===========================================================================================
----------------- testing Fri Mar 29 03:52:06 UTC 2019 /home/travis/build/icyphy/ptII/ptolemy/actor/lib/test/auto/expressionInference.xml
----------------- Instantiating /home/travis/build/icyphy/ptII/ptolemy/actor/lib/test/auto/expressionInference.xml
2 ms. Memory: 1785856K Free: 1520950K (85%)
----------------- Invoking toplevel() on ptolemy.moml.MoMLSimpleApplication@15465107
----------------- Done invoking toplevel() on ptolemy.moml.MoMLSimpleApplication@15465107
reloadAllAccessors: .expressionInference

===========================================================================================
----------------- testing Fri Mar 29 03:52:06 UTC 2019 /home/travis/build/icyphy/ptII/ptolemy/actor/lib/test/auto/expression_bug.xml
----------------- Instantiating /home/travis/build/icyphy/ptII/ptolemy/actor/lib/test/auto/expression_bug.xml
2 ms. Memory: 1785856K Free: 1499907K (84%)
----------------- Invoking toplevel() on ptolemy.moml.MoMLSimpleApplication@3623f718
----------------- Done invoking toplevel() on ptolemy.moml.MoMLSimpleApplication@3623f718
reloadAllAccessors: .expression_bug

===========================================================================================
----------------- testing Fri Mar 29 03:52:06 UTC 2019 /home/travis/build/icyphy/ptII/ptolemy/actor/lib/test/auto/factorial.xml
----------------- Instantiating /home/travis/build/icyphy/ptII/ptolemy/actor/lib/test/auto/factorial.xml
32 ms. Memory: 1785856K Free: 1483200K (83%)
----------------- Invoking toplevel() on ptolemy.moml.MoMLSimpleApplication@d23113c
----------------- Done invoking toplevel() on ptolemy.moml.MoMLSimpleApplication@d23113c
reloadAllAccessors: .factorial

===========================================================================================
----------------- testing Fri Mar 29 03:52:06 UTC 2019 /home/travis/build/icyphy/ptII/ptolemy/actor/lib/test/auto/filterTest1.xml
----------------- Instantiating /home/travis/build/icyphy/ptII/ptolemy/actor/lib/test/auto/filterTest1.xml
3 ms. Memory: 1785856K Free: 1462157K (82%)
----------------- Invoking toplevel() on ptolemy.moml.MoMLSimpleApplication@1d1437d7
----------------- Done invoking toplevel() on ptolemy.moml.MoMLSimpleApplication@1d1437d7
reloadAllAccessors: .filterTest1

===========================================================================================
----------------- testing Fri Mar 29 03:52:06 UTC 2019 /home/travis/build/icyphy/ptII/ptolemy/actor/lib/test/auto/funcApplyInConst.xml
----------------- Instantiating /home/travis/build/icyphy/ptII/ptolemy/actor/lib/test/auto/funcApplyInConst.xml
1 ms. Memory: 1785856K Free: 1445450K (81%)
----------------- Invoking toplevel() on ptolemy.moml.MoMLSimpleApplication@71c3e574
----------------- Done invoking toplevel() on ptolemy.moml.MoMLSimpleApplication@71c3e574
reloadAllAccessors: .funcApplyInConst

===========================================================================================
----------------- testing Fri Mar 29 03:52:06 UTC 2019 /home/travis/build/icyphy/ptII/ptolemy/actor/lib/test/auto/funcApplyInExpr.xml
----------------- Instantiating /home/travis/build/icyphy/ptII/ptolemy/actor/lib/test/auto/funcApplyInExpr.xml
1 ms. Memory: 1785856K Free: 1424407K (80%)
----------------- Invoking toplevel() on ptolemy.moml.MoMLSimpleApplication@214d7349
----------------- Done invoking toplevel() on ptolemy.moml.MoMLSimpleApplication@214d7349
reloadAllAccessors: .funcApplyInExpr

===========================================================================================
----------------- testing Fri Mar 29 03:52:06 UTC 2019 /home/travis/build/icyphy/ptII/ptolemy/actor/lib/test/auto/function.xml
----------------- Instantiating /home/travis/build/icyphy/ptII/ptolemy/actor/lib/test/auto/function.xml
2 ms. Memory: 1785856K Free: 1403363K (79%)
----------------- Invoking toplevel() on ptolemy.moml.MoMLSimpleApplication@6f18a466
----------------- Done invoking toplevel() on ptolemy.moml.MoMLSimpleApplication@6f18a466
reloadAllAccessors: .function

===========================================================================================
----------------- testing Fri Mar 29 03:52:06 UTC 2019 /home/travis/build/icyphy/ptII/ptolemy/actor/lib/test/auto/function2.xml
----------------- Instantiating /home/travis/build/icyphy/ptII/ptolemy/actor/lib/test/auto/function2.xml
3 ms. Memory: 1785856K Free: 1386657K (78%)
----------------- Invoking toplevel() on ptolemy.moml.MoMLSimpleApplication@1b06dbb2
----------------- Done invoking toplevel() on ptolemy.moml.MoMLSimpleApplication@1b06dbb2
reloadAllAccessors: .function2

===========================================================================================
----------------- testing Fri Mar 29 03:52:06 UTC 2019 /home/travis/build/icyphy/ptII/ptolemy/actor/lib/test/auto/function3.xml
----------------- Instantiating /home/travis/build/icyphy/ptII/ptolemy/actor/lib/test/auto/function3.xml
1 ms. Memory: 1785856K Free: 1365613K (76%)
----------------- Invoking toplevel() on ptolemy.moml.MoMLSimpleApplication@2aa38395
----------------- Done invoking toplevel() on ptolemy.moml.MoMLSimpleApplication@2aa38395
reloadAllAccessors: .function3

===========================================================================================
----------------- testing Fri Mar 29 03:52:06 UTC 2019 /home/travis/build/icyphy/ptII/ptolemy/actor/lib/test/auto/functionClosureTest1.xml
----------------- Instantiating /home/travis/build/icyphy/ptII/ptolemy/actor/lib/test/auto/functionClosureTest1.xml
2 ms. Memory: 1785856K Free: 1348907K (76%)
----------------- Invoking toplevel() on ptolemy.moml.MoMLSimpleApplication@2e5ea3c4
----------------- Done invoking toplevel() on ptolemy.moml.MoMLSimpleApplication@2e5ea3c4
reloadAllAccessors: .functionClosureTest1

===========================================================================================
----------------- testing Fri Mar 29 03:52:06 UTC 2019 /home/travis/build/icyphy/ptII/ptolemy/actor/lib/test/auto/functionClosureTest2.xml
----------------- Instantiating /home/travis/build/icyphy/ptII/ptolemy/actor/lib/test/auto/functionClosureTest2.xml
1 ms. Memory: 1785856K Free: 1327863K (74%)
----------------- Invoking toplevel() on ptolemy.moml.MoMLSimpleApplication@7f0c8895
----------------- Done invoking toplevel() on ptolemy.moml.MoMLSimpleApplication@7f0c8895
reloadAllAccessors: .functionClosureTest2

===========================================================================================
----------------- testing Fri Mar 29 03:52:06 UTC 2019 /home/travis/build/icyphy/ptII/ptolemy/actor/lib/test/auto/functionClosureTest3.xml
----------------- Instantiating /home/travis/build/icyphy/ptII/ptolemy/actor/lib/test/auto/functionClosureTest3.xml
2 ms. Memory: 1785856K Free: 1306820K (73%)
----------------- Invoking toplevel() on ptolemy.moml.MoMLSimpleApplication@38978ecb
----------------- Done invoking toplevel() on ptolemy.moml.MoMLSimpleApplication@38978ecb
reloadAllAccessors: .functionClosureTest3

===========================================================================================
----------------- testing Fri Mar 29 03:52:06 UTC 2019 /home/travis/build/icyphy/ptII/ptolemy/actor/lib/test/auto/functionClosureTest4.xml
----------------- Instantiating /home/travis/build/icyphy/ptII/ptolemy/actor/lib/test/auto/functionClosureTest4.xml
3 ms. Memory: 1785856K Free: 1290113K (72%)
----------------- Invoking toplevel() on ptolemy.moml.MoMLSimpleApplication@2ff528dc
----------------- Done invoking toplevel() on ptolemy.moml.MoMLSimpleApplication@2ff528dc
reloadAllAccessors: .functionClosureTest4

===========================================================================================
----------------- testing Fri Mar 29 03:52:06 UTC 2019 /home/travis/build/icyphy/ptII/ptolemy/actor/lib/test/auto/functionClosureTest5.xml
----------------- Instantiating /home/travis/build/icyphy/ptII/ptolemy/actor/lib/test/auto/functionClosureTest5.xml
4 ms. Memory: 1785856K Free: 1269070K (71%)
----------------- Invoking toplevel() on ptolemy.moml.MoMLSimpleApplication@c10458b
----------------- Done invoking toplevel() on ptolemy.moml.MoMLSimpleApplication@c10458b
reloadAllAccessors: .functionClosureTest5

===========================================================================================
----------------- testing Fri Mar 29 03:52:06 UTC 2019 /home/travis/build/icyphy/ptII/ptolemy/actor/lib/test/auto/functionClosureTest6.xml
----------------- Instantiating /home/travis/build/icyphy/ptII/ptolemy/actor/lib/test/auto/functionClosureTest6.xml
2 ms. Memory: 1785856K Free: 1252363K (70%)
----------------- Invoking toplevel() on ptolemy.moml.MoMLSimpleApplication@5f246697
----------------- Done invoking toplevel() on ptolemy.moml.MoMLSimpleApplication@5f246697
reloadAllAccessors: .functionClosureTest6

===========================================================================================
----------------- testing Fri Mar 29 03:52:07 UTC 2019 /home/travis/build/icyphy/ptII/ptolemy/actor/lib/test/auto/functionsOnArcs.xml
----------------- Instantiating /home/travis/build/icyphy/ptII/ptolemy/actor/lib/test/auto/functionsOnArcs.xml
2 ms. Memory: 1785856K Free: 1231319K (69%)
----------------- Invoking toplevel() on ptolemy.moml.MoMLSimpleApplication@617929b4
----------------- Done invoking toplevel() on ptolemy.moml.MoMLSimpleApplication@617929b4
reloadAllAccessors: .functionsOnArcs

===========================================================================================
----------------- testing Fri Mar 29 03:52:07 UTC 2019 /home/travis/build/icyphy/ptII/ptolemy/actor/lib/test/auto/functionsOnArcsHOF.xml
----------------- Instantiating /home/travis/build/icyphy/ptII/ptolemy/actor/lib/test/auto/functionsOnArcsHOF.xml
3 ms. Memory: 1785856K Free: 1210276K (68%)
----------------- Invoking toplevel() on ptolemy.moml.MoMLSimpleApplication@4509c4e9
----------------- Done invoking toplevel() on ptolemy.moml.MoMLSimpleApplication@4509c4e9
reloadAllAccessors: .functionsOnArcsHOF

===========================================================================================
----------------- testing Fri Mar 29 03:52:07 UTC 2019 /home/travis/build/icyphy/ptII/ptolemy/actor/lib/test/auto/logic.xml
----------------- Instantiating /home/travis/build/icyphy/ptII/ptolemy/actor/lib/test/auto/logic.xml
2 ms. Memory: 1785856K Free: 1193569K (67%)
----------------- Invoking toplevel() on ptolemy.moml.MoMLSimpleApplication@705fe109
----------------- Done invoking toplevel() on ptolemy.moml.MoMLSimpleApplication@705fe109
reloadAllAccessors: .logic

===========================================================================================
----------------- testing Fri Mar 29 03:52:07 UTC 2019 /home/travis/build/icyphy/ptII/ptolemy/actor/lib/test/auto/matrixType.xml
----------------- Instantiating /home/travis/build/icyphy/ptII/ptolemy/actor/lib/test/auto/matrixType.xml
2 ms. Memory: 1785856K Free: 1172526K (66%)
----------------- Invoking toplevel() on ptolemy.moml.MoMLSimpleApplication@31e6530c
----------------- Done invoking toplevel() on ptolemy.moml.MoMLSimpleApplication@31e6530c
reloadAllAccessors: .matrixType

===========================================================================================
----------------- testing Fri Mar 29 03:52:07 UTC 2019 /home/travis/build/icyphy/ptII/ptolemy/actor/lib/test/auto/matrixType10.xml
----------------- Instantiating /home/travis/build/icyphy/ptII/ptolemy/actor/lib/test/auto/matrixType10.xml
1 ms. Memory: 1785856K Free: 1155819K (65%)
----------------- Invoking toplevel() on ptolemy.moml.MoMLSimpleApplication@3d808e84
----------------- Done invoking toplevel() on ptolemy.moml.MoMLSimpleApplication@3d808e84
reloadAllAccessors: .matrixType10

===========================================================================================
----------------- testing Fri Mar 29 03:52:07 UTC 2019 /home/travis/build/icyphy/ptII/ptolemy/actor/lib/test/auto/matrixType11.xml
----------------- Instantiating /home/travis/build/icyphy/ptII/ptolemy/actor/lib/test/auto/matrixType11.xml
2 ms. Memory: 1785856K Free: 1134776K (64%)
----------------- Invoking toplevel() on ptolemy.moml.MoMLSimpleApplication@3977829f
----------------- Done invoking toplevel() on ptolemy.moml.MoMLSimpleApplication@3977829f
reloadAllAccessors: .matrixType11

===========================================================================================
----------------- testing Fri Mar 29 03:52:07 UTC 2019 /home/travis/build/icyphy/ptII/ptolemy/actor/lib/test/auto/matrixType12.xml
----------------- Instantiating /home/travis/build/icyphy/ptII/ptolemy/actor/lib/test/auto/matrixType12.xml
2 ms. Memory: 1785856K Free: 1113732K (62%)
----------------- Invoking toplevel() on ptolemy.moml.MoMLSimpleApplication@6ff3ac66
----------------- Done invoking toplevel() on ptolemy.moml.MoMLSimpleApplication@6ff3ac66
reloadAllAccessors: .matrixType12

===========================================================================================
----------------- testing Fri Mar 29 03:52:07 UTC 2019 /home/travis/build/icyphy/ptII/ptolemy/actor/lib/test/auto/matrixType13.xml
----------------- Instantiating /home/travis/build/icyphy/ptII/ptolemy/actor/lib/test/auto/matrixType13.xml
2 ms. Memory: 1785856K Free: 1097026K (61%)
----------------- Invoking toplevel() on ptolemy.moml.MoMLSimpleApplication@1e5478bb
----------------- Done invoking toplevel() on ptolemy.moml.MoMLSimpleApplication@1e5478bb
reloadAllAccessors: .matrixType13

===========================================================================================
----------------- testing Fri Mar 29 03:52:07 UTC 2019 /home/travis/build/icyphy/ptII/ptolemy/actor/lib/test/auto/matrixType14.xml
----------------- Instantiating /home/travis/build/icyphy/ptII/ptolemy/actor/lib/test/auto/matrixType14.xml
2 ms. Memory: 1785856K Free: 1075982K (60%)
----------------- Invoking toplevel() on ptolemy.moml.MoMLSimpleApplication@1181b29e
----------------- Done invoking toplevel() on ptolemy.moml.MoMLSimpleApplication@1181b29e
reloadAllAccessors: .matrixType14

===========================================================================================
----------------- testing Fri Mar 29 03:52:07 UTC 2019 /home/travis/build/icyphy/ptII/ptolemy/actor/lib/test/auto/matrixType2.xml
----------------- Instantiating /home/travis/build/icyphy/ptII/ptolemy/actor/lib/test/auto/matrixType2.xml
1 ms. Memory: 1785856K Free: 1059275K (59%)
----------------- Invoking toplevel() on ptolemy.moml.MoMLSimpleApplication@e7f37bc
----------------- Done invoking toplevel() on ptolemy.moml.MoMLSimpleApplication@e7f37bc
reloadAllAccessors: .matrixType2

===========================================================================================
----------------- testing Fri Mar 29 03:52:07 UTC 2019 /home/travis/build/icyphy/ptII/ptolemy/actor/lib/test/auto/matrixType3.xml
----------------- Instantiating /home/travis/build/icyphy/ptII/ptolemy/actor/lib/test/auto/matrixType3.xml
2 ms. Memory: 1785856K Free: 1038232K (58%)
----------------- Invoking toplevel() on ptolemy.moml.MoMLSimpleApplication@6ba32ec9
----------------- Done invoking toplevel() on ptolemy.moml.MoMLSimpleApplication@6ba32ec9
reloadAllAccessors: .matrixType3

===========================================================================================
----------------- testing Fri Mar 29 03:52:07 UTC 2019 /home/travis/build/icyphy/ptII/ptolemy/actor/lib/test/auto/matrixType4.xml
----------------- Instantiating /home/travis/build/icyphy/ptII/ptolemy/actor/lib/test/auto/matrixType4.xml
2 ms. Memory: 1785856K Free: 1017189K (57%)
----------------- Invoking toplevel() on ptolemy.moml.MoMLSimpleApplication@3bbfc9b7
----------------- Done invoking toplevel() on ptolemy.moml.MoMLSimpleApplication@3bbfc9b7
reloadAllAccessors: .matrixType4

===========================================================================================
----------------- testing Fri Mar 29 03:52:07 UTC 2019 /home/travis/build/icyphy/ptII/ptolemy/actor/lib/test/auto/matrixType5.xml
----------------- Instantiating /home/travis/build/icyphy/ptII/ptolemy/actor/lib/test/auto/matrixType5.xml
2 ms. Memory: 1785856K Free: 1000482K (56%)
----------------- Invoking toplevel() on ptolemy.moml.MoMLSimpleApplication@564fb20a
----------------- Done invoking toplevel() on ptolemy.moml.MoMLSimpleApplication@564fb20a
reloadAllAccessors: .matrixType5

===========================================================================================
----------------- testing Fri Mar 29 03:52:07 UTC 2019 /home/travis/build/icyphy/ptII/ptolemy/actor/lib/test/auto/matrixType6.xml
----------------- Instantiating /home/travis/build/icyphy/ptII/ptolemy/actor/lib/test/auto/matrixType6.xml
1 ms. Memory: 1785856K Free: 979439K (55%)
----------------- Invoking toplevel() on ptolemy.moml.MoMLSimpleApplication@5815f1da
----------------- Done invoking toplevel() on ptolemy.moml.MoMLSimpleApplication@5815f1da
reloadAllAccessors: .matrixType6

===========================================================================================
----------------- testing Fri Mar 29 03:52:07 UTC 2019 /home/travis/build/icyphy/ptII/ptolemy/actor/lib/test/auto/matrixType7.xml
----------------- Instantiating /home/travis/build/icyphy/ptII/ptolemy/actor/lib/test/auto/matrixType7.xml
2 ms. Memory: 1785856K Free: 962732K (54%)
----------------- Invoking toplevel() on ptolemy.moml.MoMLSimpleApplication@18f45279
----------------- Done invoking toplevel() on ptolemy.moml.MoMLSimpleApplication@18f45279
reloadAllAccessors: .matrixType7

===========================================================================================
----------------- testing Fri Mar 29 03:52:07 UTC 2019 /home/travis/build/icyphy/ptII/ptolemy/actor/lib/test/auto/matrixType8.xml
----------------- Instantiating /home/travis/build/icyphy/ptII/ptolemy/actor/lib/test/auto/matrixType8.xml
1 ms. Memory: 1785856K Free: 941688K (53%)
----------------- Invoking toplevel() on ptolemy.moml.MoMLSimpleApplication@be20ca3
----------------- Done invoking toplevel() on ptolemy.moml.MoMLSimpleApplication@be20ca3
reloadAllAccessors: .matrixType8

===========================================================================================
----------------- testing Fri Mar 29 03:52:07 UTC 2019 /home/travis/build/icyphy/ptII/ptolemy/actor/lib/test/auto/matrixType9.xml
----------------- Instantiating /home/travis/build/icyphy/ptII/ptolemy/actor/lib/test/auto/matrixType9.xml
1 ms. Memory: 1785856K Free: 920645K (52%)
----------------- Invoking toplevel() on ptolemy.moml.MoMLSimpleApplication@4b7f77fc
----------------- Done invoking toplevel() on ptolemy.moml.MoMLSimpleApplication@4b7f77fc
reloadAllAccessors: .matrixType9

===========================================================================================
----------------- testing Fri Mar 29 03:52:07 UTC 2019 /home/travis/build/icyphy/ptII/ptolemy/actor/lib/test/auto/paraFunctest.xml
----------------- Instantiating /home/travis/build/icyphy/ptII/ptolemy/actor/lib/test/auto/paraFunctest.xml
1 ms. Memory: 1785856K Free: 903938K (51%)
----------------- Invoking toplevel() on ptolemy.moml.MoMLSimpleApplication@1d248653
----------------- Done invoking toplevel() on ptolemy.moml.MoMLSimpleApplication@1d248653
reloadAllAccessors: .paraFunctest

===========================================================================================
----------------- testing Fri Mar 29 03:52:07 UTC 2019 /home/travis/build/icyphy/ptII/ptolemy/actor/lib/test/auto/paraFunctest2.xml
----------------- Instantiating /home/travis/build/icyphy/ptII/ptolemy/actor/lib/test/auto/paraFunctest2.xml
2 ms. Memory: 1785856K Free: 882895K (49%)
----------------- Invoking toplevel() on ptolemy.moml.MoMLSimpleApplication@6781e899
----------------- Done invoking toplevel() on ptolemy.moml.MoMLSimpleApplication@6781e899
reloadAllAccessors: .paraFunctest2

===========================================================================================
----------------- testing Fri Mar 29 03:52:07 UTC 2019 /home/travis/build/icyphy/ptII/ptolemy/actor/lib/test/auto/parameterPassing.xml
----------------- Instantiating /home/travis/build/icyphy/ptII/ptolemy/actor/lib/test/auto/parameterPassing.xml
1 ms. Memory: 1785856K Free: 866188K (49%)
----------------- Invoking toplevel() on ptolemy.moml.MoMLSimpleApplication@1c03f022
----------------- Done invoking toplevel() on ptolemy.moml.MoMLSimpleApplication@1c03f022
reloadAllAccessors: .parameterPassing

===========================================================================================
----------------- testing Fri Mar 29 03:52:07 UTC 2019 /home/travis/build/icyphy/ptII/ptolemy/actor/lib/test/auto/record.xml
----------------- Instantiating /home/travis/build/icyphy/ptII/ptolemy/actor/lib/test/auto/record.xml
2 ms. Memory: 1785856K Free: 845144K (47%)
----------------- Invoking toplevel() on ptolemy.moml.MoMLSimpleApplication@7e200b23
----------------- Done invoking toplevel() on ptolemy.moml.MoMLSimpleApplication@7e200b23
reloadAllAccessors: .record

===========================================================================================
----------------- testing Fri Mar 29 03:52:07 UTC 2019 /home/travis/build/icyphy/ptII/ptolemy/actor/lib/test/auto/sizedarray1.xml
----------------- Instantiating /home/travis/build/icyphy/ptII/ptolemy/actor/lib/test/auto/sizedarray1.xml
2 ms. Memory: 1785856K Free: 824101K (46%)
----------------- Invoking toplevel() on ptolemy.moml.MoMLSimpleApplication@7de307f0
----------------- Done invoking toplevel() on ptolemy.moml.MoMLSimpleApplication@7de307f0
reloadAllAccessors: .sizedarray1

===========================================================================================
----------------- testing Fri Mar 29 03:52:07 UTC 2019 /home/travis/build/icyphy/ptII/ptolemy/actor/lib/test/auto/sizedarray2.xml
----------------- Instantiating /home/travis/build/icyphy/ptII/ptolemy/actor/lib/test/auto/sizedarray2.xml
3 ms. Memory: 1785856K Free: 807394K (45%)
----------------- Invoking toplevel() on ptolemy.moml.MoMLSimpleApplication@37613b3f
----------------- Done invoking toplevel() on ptolemy.moml.MoMLSimpleApplication@37613b3f
reloadAllAccessors: .sizedarray2

===========================================================================================
----------------- testing Fri Mar 29 03:52:07 UTC 2019 /home/travis/build/icyphy/ptII/ptolemy/actor/lib/test/auto/twoPublishers.xml
----------------- Instantiating /home/travis/build/icyphy/ptII/ptolemy/actor/lib/test/auto/twoPublishers.xml
6 ms. Memory: 1785856K Free: 786351K (44%)
----------------- Invoking toplevel() on ptolemy.moml.MoMLSimpleApplication@4e57b2a8
----------------- Done invoking toplevel() on ptolemy.moml.MoMLSimpleApplication@4e57b2a8
reloadAllAccessors: .twoPublishers
AutoTests.java: About to close Vertx.
AutoTests.java: Vertx closed.
]]></system-out>
  <system-err><![CDATA[java.lang.RuntimeException: Execution failed
	at ptolemy.moml.MoMLSimpleApplication$UnloadThread.run(MoMLSimpleApplication.java:402)
Caused by: java.lang.RuntimeException: StringUtilities.exit() was called. Normally, we would exit here because Manager.exitAfterWrapup() was called.  However, because the ptolemy.ptII.exitAfterWrapup property is set, we throw this exception instead.
	at ptolemy.util.StringUtilities.exit(StringUtilities.java:363)
	at ptolemy.actor.Manager.wrapup(Manager.java:1531)
	at ptolemy.actor.Manager.execute(Manager.java:407)
	at ptolemy.actor.Manager.run(Manager.java:1263)
	at ptolemy.actor.Manager$PtolemyRunThread.run(Manager.java:1915)
Warning: '.top.test' is in training mode, set the trainingMode parameter to false before checking in
Warning: '.top.test' is in training mode, set the trainingMode parameter to false before checking in
Warning: '.top.test' is in training mode, set the trainingMode parameter to false before checking in
Warning: '.BooleanSwitch_RegressionTest_WrongTrainingValues.Test' is in training mode, set the trainingMode parameter to false before checking in
Warning: '.BooleanSwitch_RegressionTest_WrongTrainingValues.Test2' is in training mode, set the trainingMode parameter to false before checking in
Warning: '.BooleanSwitch_RegressionTest_WrongTrainingValues.Test2' The test produced 0 tokens.
Warning: '.top.testExceptionHandler' is in training mode, set the trainingMode parameter to false before checking in
java.lang.RuntimeException: Execution failed
	at ptolemy.moml.MoMLSimpleApplication$UnloadThread.run(MoMLSimpleApplication.java:402)
Caused by: ptolemy.kernel.util.IllegalActionException: PublisherPorts cannot be used at the top level, use a Publisher actor instead.
  in .PublisherPortToplevelSubscriber.PublisherPort
	at ptolemy.actor.PublisherPort.preinitialize(PublisherPort.java:403)
	at ptolemy.actor.CompositeActor.preinitialize(CompositeActor.java:1769)
	at ptolemy.actor.Manager.preinitializeAndResolveTypes(Manager.java:1040)
	at ptolemy.actor.Manager.initialize(Manager.java:710)
	at ptolemy.actor.Manager.execute(Manager.java:356)
	at ptolemy.actor.Manager.run(Manager.java:1263)
	at ptolemy.actor.Manager$PtolemyRunThread.run(Manager.java:1915)
java.lang.reflect.InvocationTargetException
	at sun.reflect.NativeConstructorAccessorImpl.newInstance0(Native Method)
	at sun.reflect.NativeConstructorAccessorImpl.newInstance(NativeConstructorAccessorImpl.java:62)
	at sun.reflect.DelegatingConstructorAccessorImpl.newInstance(DelegatingConstructorAccessorImpl.java:45)
	at java.lang.reflect.Constructor.newInstance(Constructor.java:423)
	at ptolemy.util.test.junit.AutoKnownFailedTests.RunModel(AutoKnownFailedTests.java:105)
	at sun.reflect.NativeMethodAccessorImpl.invoke0(Native Method)
	at sun.reflect.NativeMethodAccessorImpl.invoke(NativeMethodAccessorImpl.java:62)
	at sun.reflect.DelegatingMethodAccessorImpl.invoke(DelegatingMethodAccessorImpl.java:43)
	at java.lang.reflect.Method.invoke(Method.java:498)
	at org.junit.runners.model.FrameworkMethod$1.runReflectiveCall(FrameworkMethod.java:44)
	at org.junit.internal.runners.model.ReflectiveCallable.run(ReflectiveCallable.java:15)
	at org.junit.runners.model.FrameworkMethod.invokeExplosively(FrameworkMethod.java:41)
	at junitparams.internal.InvokeParameterisedMethod.evaluate(InvokeParameterisedMethod.java:102)
	at org.junit.internal.runners.statements.FailOnTimeout$1.run(FailOnTimeout.java:28)
Caused by: ptolemy.kernel.util.IllegalActionException: PublisherPorts cannot be used at the top level, use a Publisher actor instead.
  in .PublisherPortToplevelSubscriber.PublisherPort
	at ptolemy.actor.PublisherPort.preinitialize(PublisherPort.java:403)
	at ptolemy.actor.CompositeActor.preinitialize(CompositeActor.java:1769)
	at ptolemy.actor.Manager.preinitializeAndResolveTypes(Manager.java:1040)
	at ptolemy.actor.Manager.initialize(Manager.java:710)
	at ptolemy.actor.Manager.execute(Manager.java:356)
	at ptolemy.actor.Manager.run(Manager.java:1263)
	at ptolemy.actor.Manager$PtolemyRunThread.run(Manager.java:1915)
java.lang.RuntimeException: Execution failed
	at ptolemy.moml.MoMLSimpleApplication$UnloadThread.run(MoMLSimpleApplication.java:402)
Caused by: ptolemy.kernel.util.IllegalActionException: SubscriberPorts cannot be used at the top level, use a Subscriber actor instead.
  in .PublisherSubscriberPortToplevel.SubscriberPort
	at ptolemy.actor.SubscriberPort.preinitialize(SubscriberPort.java:328)
	at ptolemy.actor.CompositeActor.preinitialize(CompositeActor.java:1769)
	at ptolemy.actor.Manager.preinitializeAndResolveTypes(Manager.java:1040)
	at ptolemy.actor.Manager.initialize(Manager.java:710)
	at ptolemy.actor.Manager.execute(Manager.java:356)
	at ptolemy.actor.Manager.run(Manager.java:1263)
	at ptolemy.actor.Manager$PtolemyRunThread.run(Manager.java:1915)
java.lang.reflect.InvocationTargetException
	at sun.reflect.NativeConstructorAccessorImpl.newInstance0(Native Method)
	at sun.reflect.NativeConstructorAccessorImpl.newInstance(NativeConstructorAccessorImpl.java:62)
	at sun.reflect.DelegatingConstructorAccessorImpl.newInstance(DelegatingConstructorAccessorImpl.java:45)
	at java.lang.reflect.Constructor.newInstance(Constructor.java:423)
	at ptolemy.util.test.junit.AutoKnownFailedTests.RunModel(AutoKnownFailedTests.java:105)
	at sun.reflect.NativeMethodAccessorImpl.invoke0(Native Method)
	at sun.reflect.NativeMethodAccessorImpl.invoke(NativeMethodAccessorImpl.java:62)
	at sun.reflect.DelegatingMethodAccessorImpl.invoke(DelegatingMethodAccessorImpl.java:43)
	at java.lang.reflect.Method.invoke(Method.java:498)
	at org.junit.runners.model.FrameworkMethod$1.runReflectiveCall(FrameworkMethod.java:44)
	at org.junit.internal.runners.model.ReflectiveCallable.run(ReflectiveCallable.java:15)
	at org.junit.runners.model.FrameworkMethod.invokeExplosively(FrameworkMethod.java:41)
	at junitparams.internal.InvokeParameterisedMethod.evaluate(InvokeParameterisedMethod.java:102)
	at org.junit.internal.runners.statements.FailOnTimeout$1.run(FailOnTimeout.java:28)
Caused by: ptolemy.kernel.util.IllegalActionException: SubscriberPorts cannot be used at the top level, use a Subscriber actor instead.
  in .PublisherSubscriberPortToplevel.SubscriberPort
	at ptolemy.actor.SubscriberPort.preinitialize(SubscriberPort.java:328)
	at ptolemy.actor.CompositeActor.preinitialize(CompositeActor.java:1769)
	at ptolemy.actor.Manager.preinitializeAndResolveTypes(Manager.java:1040)
	at ptolemy.actor.Manager.initialize(Manager.java:710)
	at ptolemy.actor.Manager.execute(Manager.java:356)
	at ptolemy.actor.Manager.run(Manager.java:1263)
	at ptolemy.actor.Manager$PtolemyRunThread.run(Manager.java:1915)
java.lang.RuntimeException: Execution failed
	at ptolemy.moml.MoMLSimpleApplication$UnloadThread.run(MoMLSimpleApplication.java:402)
Caused by: ptolemy.kernel.util.IllegalActionException: SubscriptionAggregatorPorts cannot be used at the top level, use a SubscriptionAggregator actor instead.
  in .PublisherSubscriptionAggregatorPort.SubscriptionAggregatorPort
	at ptolemy.actor.SubscriptionAggregatorPort.preinitialize(SubscriptionAggregatorPort.java:353)
	at ptolemy.actor.CompositeActor.preinitialize(CompositeActor.java:1769)
	at ptolemy.actor.Manager.preinitializeAndResolveTypes(Manager.java:1040)
	at ptolemy.actor.Manager.initialize(Manager.java:710)
	at ptolemy.actor.Manager.execute(Manager.java:356)
	at ptolemy.actor.Manager.run(Manager.java:1263)
	at ptolemy.actor.Manager$PtolemyRunThread.run(Manager.java:1915)
java.lang.reflect.InvocationTargetException
	at sun.reflect.NativeConstructorAccessorImpl.newInstance0(Native Method)
	at sun.reflect.NativeConstructorAccessorImpl.newInstance(NativeConstructorAccessorImpl.java:62)
	at sun.reflect.DelegatingConstructorAccessorImpl.newInstance(DelegatingConstructorAccessorImpl.java:45)
	at java.lang.reflect.Constructor.newInstance(Constructor.java:423)
	at ptolemy.util.test.junit.AutoKnownFailedTests.RunModel(AutoKnownFailedTests.java:105)
	at sun.reflect.NativeMethodAccessorImpl.invoke0(Native Method)
	at sun.reflect.NativeMethodAccessorImpl.invoke(NativeMethodAccessorImpl.java:62)
	at sun.reflect.DelegatingMethodAccessorImpl.invoke(DelegatingMethodAccessorImpl.java:43)
	at java.lang.reflect.Method.invoke(Method.java:498)
	at org.junit.runners.model.FrameworkMethod$1.runReflectiveCall(FrameworkMethod.java:44)
	at org.junit.internal.runners.model.ReflectiveCallable.run(ReflectiveCallable.java:15)
	at org.junit.runners.model.FrameworkMethod.invokeExplosively(FrameworkMethod.java:41)
	at junitparams.internal.InvokeParameterisedMethod.evaluate(InvokeParameterisedMethod.java:102)
	at org.junit.internal.runners.statements.FailOnTimeout$1.run(FailOnTimeout.java:28)
Caused by: ptolemy.kernel.util.IllegalActionException: SubscriptionAggregatorPorts cannot be used at the top level, use a SubscriptionAggregator actor instead.
  in .PublisherSubscriptionAggregatorPort.SubscriptionAggregatorPort
	at ptolemy.actor.SubscriptionAggregatorPort.preinitialize(SubscriptionAggregatorPort.java:353)
	at ptolemy.actor.CompositeActor.preinitialize(CompositeActor.java:1769)
	at ptolemy.actor.Manager.preinitializeAndResolveTypes(Manager.java:1040)
	at ptolemy.actor.Manager.initialize(Manager.java:710)
	at ptolemy.actor.Manager.execute(Manager.java:356)
	at ptolemy.actor.Manager.run(Manager.java:1263)
	at ptolemy.actor.Manager$PtolemyRunThread.run(Manager.java:1915)
java.lang.RuntimeException: Execution failed
	at ptolemy.moml.MoMLSimpleApplication$UnloadThread.run(MoMLSimpleApplication.java:402)
Caused by: ptolemy.kernel.util.IllegalActionException: TypeTest actor has no training data.
  in .sizedarray3.TypeTest
	at ptolemy.actor.lib.TypeTest.initialize(TypeTest.java:250)
	at ptolemy.actor.Director.initialize(Director.java:938)
	at ptolemy.actor.Director.initialize(Director.java:907)
	at ptolemy.actor.sched.StaticSchedulingDirector.initialize(StaticSchedulingDirector.java:159)
	at ptolemy.domains.sdf.kernel.SDFDirector.initialize(SDFDirector.java:544)
	at ptolemy.actor.CompositeActor.initialize(CompositeActor.java:935)
	at ptolemy.actor.Manager.initialize(Manager.java:724)
	at ptolemy.actor.Manager.execute(Manager.java:356)
	at ptolemy.actor.Manager.run(Manager.java:1263)
	at ptolemy.actor.Manager$PtolemyRunThread.run(Manager.java:1915)
java.lang.reflect.InvocationTargetException
	at sun.reflect.NativeConstructorAccessorImpl.newInstance0(Native Method)
	at sun.reflect.NativeConstructorAccessorImpl.newInstance(NativeConstructorAccessorImpl.java:62)
	at sun.reflect.DelegatingConstructorAccessorImpl.newInstance(DelegatingConstructorAccessorImpl.java:45)
	at java.lang.reflect.Constructor.newInstance(Constructor.java:423)
	at ptolemy.util.test.junit.AutoKnownFailedTests.RunModel(AutoKnownFailedTests.java:105)
	at sun.reflect.NativeMethodAccessorImpl.invoke0(Native Method)
	at sun.reflect.NativeMethodAccessorImpl.invoke(NativeMethodAccessorImpl.java:62)
	at sun.reflect.DelegatingMethodAccessorImpl.invoke(DelegatingMethodAccessorImpl.java:43)
	at java.lang.reflect.Method.invoke(Method.java:498)
	at org.junit.runners.model.FrameworkMethod$1.runReflectiveCall(FrameworkMethod.java:44)
	at org.junit.internal.runners.model.ReflectiveCallable.run(ReflectiveCallable.java:15)
	at org.junit.runners.model.FrameworkMethod.invokeExplosively(FrameworkMethod.java:41)
	at junitparams.internal.InvokeParameterisedMethod.evaluate(InvokeParameterisedMethod.java:102)
	at org.junit.internal.runners.statements.FailOnTimeout$1.run(FailOnTimeout.java:28)
Caused by: ptolemy.kernel.util.IllegalActionException: TypeTest actor has no training data.
  in .sizedarray3.TypeTest
	at ptolemy.actor.lib.TypeTest.initialize(TypeTest.java:250)
	at ptolemy.actor.Director.initialize(Director.java:938)
	at ptolemy.actor.Director.initialize(Director.java:907)
	at ptolemy.actor.sched.StaticSchedulingDirector.initialize(StaticSchedulingDirector.java:159)
	at ptolemy.domains.sdf.kernel.SDFDirector.initialize(SDFDirector.java:544)
	at ptolemy.actor.CompositeActor.initialize(CompositeActor.java:935)
	at ptolemy.actor.Manager.initialize(Manager.java:724)
	at ptolemy.actor.Manager.execute(Manager.java:356)
	at ptolemy.actor.Manager.run(Manager.java:1263)
	at ptolemy.actor.Manager$PtolemyRunThread.run(Manager.java:1915)
]]></system-err>
</testsuite>
