<?xml version="1.0" encoding="UTF-8" ?>
<testsuite errors="0" failures="0" hostname="travis-job-88fabf1d-3f92-49ee-85ec-ef484b97510e" name="ptolemy.actor.lib.test.junit.JUnitTclTest" skipped="0" tests="517" time="61.184" timestamp="2020-08-29T15:39:17">
  <properties>
    <property name="npm.executable" value="npm" />
    <property name="env.TRAVIS_ROOT" value="/" />
    <property name="ptII.mk.exists" value="true" />
    <property name="env.TRAVIS_APP_HOST" value="build.travis-ci.org" />
    <property name="env.rvm_bin_path" value="/home/travis/.rvm/bin" />
    <property name="java.home" value="/usr/local/lib/jvm/openjdk11" />
    <property name="env.TRAVIS_JOB_NUMBER" value="1748.8" />
    <property name="env.TRAVIS_HOME" value="/home/travis" />
    <property name="env.DISPLAY" value=":99.0" />
    <property name="env.TRAVIS_INIT" value="systemd" />
    <property name="env.SSH_TTY" value="/dev/pts/0" />
    <property name="java.net.preferIPv4Stack" value="true" />
    <property name="env.RUN_TESTS" value="true" />
    <property name="timeout.short" value="1000000" />
    <property name="junit.formatter" value="xml" />
    <property name="env.TRAVIS_SUDO" value="true" />
    <property name="env.TRAVIS_JOB_NAME" value="" />
    <property name="env.TRAVIS_STACK_NODE_ATTRIBUTES" value="/.node-attributes.yml" />
    <property name="env.LOGNAME" value="travis" />
    <property name="env.PT_TRAVIS_TEST_CORE1_XML" value="true" />
    <property name="jsdoc.home" value="node_modules/@terraswarm/jsdoc" />
    <property name="debuglevel" value="source,lines,vars" />
    <property name="checkstyle.formatter" value="xml" />
    <property name="bin.vergil.makeable" value="true" />
    <property name="sun.os.patch.level" value="unknown" />
    <property name="java.vendor.url" value="http://java.oracle.com/" />
    <property name="env.TRAVIS_BUILD_WEB_URL" value="https://travis-ci.org/icyphy/ptII/builds/722303600" />
    <property name="java.version" value="11.0.2" />
    <property name="env.TZ" value="UTC" />
    <property name="env.TRAVIS_PULL_REQUEST_SHA" value="" />
    <property name="env.PT_NO_NET" value="true" />
    <property name="env.TRAVIS_SECURE_ENV_VARS" value="true" />
    <property name="java.vendor.url.bug" value="http://bugreport.java.com/bugreport/" />
    <property name="npmjs-org-is-up" value="true" />
    <property name="env.LANGUAGE" value="en_US.UTF-8" />
    <property name="env.SSH_CLIENT" value="10.16.4.107 55138 22" />
    <property name="env.GEM_HOME" value="/home/travis/.rvm/gems/ruby-2.5.3" />
    <property name="env.HAS_ANTARES_THREE_LITTLE_FRONZIES_BADGE" value="true" />
    <property name="java.version.date" value="2019-01-15" />
    <property name="env.PS4" value="+" />
    <property name="ant.project.invoked-targets" value="build,test.core1.xml" />
    <property name="env.TRAVIS_PULL_REQUEST_BRANCH" value="" />
    <property name="env.TRAVIS_REPO_SLUG" value="icyphy/ptII" />
    <property name="env.XDG_DATA_DIRS" value="/usr/local/share:/usr/share:/var/lib/snapd/desktop" />
    <property name="jdk.debug" value="release" />
    <property name="env.TRAVIS_APT_PROXY" value="http://build-cache.travisci.net" />
    <property name="env.TRAVIS_CPU_ARCH" value="amd64" />
    <property name="node.in.path" value="true" />
    <property name="user.name" value="travis" />
    <property name="java.maxmemory" value="1400m" />
    <property name="env.RUBY_VERSION" value="ruby-2.5.3" />
    <property name="env.LANG" value="en_US.UTF-8" />
    <property name="sun.io.unicode.encoding" value="UnicodeLittle" />
    <property name="sun.jnu.encoding" value="UTF-8" />
    <property name="java.runtime.name" value="OpenJDK Runtime Environment" />
    <property name="usefile" value="false" />
    <property name="return.code" value="0" />
    <property name="junit.single.formatter" value="plain" />
    <property name="env.DYLD_LIBRARY_PATH" value="/home/travis/pthla/certi-tools/lib:" />
    <property name="env.DEBIAN_FRONTEND" value="noninteractive" />
    <property name="env.SSH_CONNECTION" value="10.16.4.107 55138 10.20.0.239 22" />
    <property name="env.MYSQL_UNIX_PORT" value="/var/run/mysqld/mysqld.sock" />
    <property name="env.LC_ALL" value="en_US.UTF-8" />
    <property name="env.TRAVIS_ALLOW_FAILURE" value="" />
    <property name="env.TRAVIS_JOB_WEB_URL" value="https://travis-ci.org/icyphy/ptII/jobs/722303610" />
    <property name="java.specification.name" value="Java Platform API Specification" />
    <property name="node.works" value="true" />
    <property name="user.timezone" value="" />
    <property name="path.separator" value=":" />
    <property name="env.TRAVIS_ENABLE_INFRA_DETECTION" value="true" />
    <property name="env.PYTHON_CFLAGS" value="-g -fstack-protector --param=ssp-buffer-size=4 -Wformat -Werror=format-security" />
    <property name="timeout.long" value="4000000" />
    <property name="env.CERTI_HOME" value="/home/travis/pthla/certi-tools" />
    <property name="ant.file.ptII" value="/home/travis/build/icyphy/ptII/build.xml" />
    <property name="javadoc.packagenames" value="com.*,diva.*,lbnl.*,org.hlacerti.*,org.json.*,org.ptolemy.*,org.terraswarm.*,ptolemy.*,ptserver.*" />
    <property name="file.encoding" value="UTF-8" />
    <property name="env.TRAVIS_PULL_REQUEST_SLUG" value="" />
    <property name="ant.project.default-target" value="build" />
    <property name="env.GIT_ASKPASS" value="echo" />
    <property name="env.HOME" value="/home/travis" />
    <property name="sun.java.command" value="org.apache.tools.ant.taskdefs.optional.junit.JUnitTestRunner ptolemy.actor.lib.test.junit.JUnitTclTest skipNonTests=false filtertrace=true haltOnError=false haltOnFailure=false formatter=org.apache.tools.ant.taskdefs.optional.junit.OutErrSummaryJUnitResultFormatter showoutput=true outputtoformatters=true logfailedtests=true threadid=0 logtestlistenerevents=false formatter=org.apache.tools.ant.taskdefs.optional.junit.XMLJUnitResultFormatter,/home/travis/build/icyphy/ptII/reports/junit/TEST-ptolemy.actor.lib.test.junit.JUnitTclTest.xml crashfile=/home/travis/build/icyphy/ptII/junitvmwatcher12462480840580445842.properties propsfile=/home/travis/build/icyphy/ptII/junit13652828212337412626.properties" />
    <property name="env.COMPOSER_NO_INTERACTION" value="1" />
    <property name="env.MANPATH" value="/home/travis/.nvm/versions/node/v7.10.1/share/man:/home/travis/.rvm/rubies/ruby-2.5.3/share/man:/usr/local/cmake-3.12.4/man:/usr/local/clang-7.0.0/share/man:/usr/local/man:/usr/local/share/man:/usr/share/man:/home/travis/.rvm/man" />
    <property name="env.TRAVIS_TIMER_ID" value="311ce180" />
    <property name="ant.file" value="/home/travis/build/icyphy/ptII/build.xml" />
    <property name="env.TRAVIS_COMMIT_RANGE" value="3bb573e462e9b4151952318d01b7e361e9f419ad...74248200255084cca0f8d02e5ad09f36c0965423" />
    <property name="ptII.classpath.optional.property" value="/home/travis/build/icyphy/ptII/lib/bsh-2.0b4.jar:/home/travis/build/icyphy/ptII/lib/ptCal.jar:/home/travis/build/icyphy/ptII/lib/java_cup.jar:/home/travis/build/icyphy/ptII/lib/saxon8.jar:/home/travis/build/icyphy/ptII/lib/saxon8-dom.jar:/home/travis/build/icyphy/ptII/lib/chic.jar:/home/travis/build/icyphy/ptII/lib/ptcolt.jar:/home/travis/build/icyphy/ptII/vendors/misc/itext/iText.jar:/home/travis/build/icyphy/ptII/lib/g4ltl.jar:/home/travis/build/icyphy/ptII/lib/StructuralCoder.jar:/home/travis/build/icyphy/ptII/lib/jcerti.jar:/home/travis/build/icyphy/ptII/lib/javax.mail.jar:/home/travis/build/icyphy/ptII/vendors/JMF-2.1.1e/lib/jmf.jar:/home/travis/build/icyphy/ptII/lib/jna-4.0.0-variadic.jar:/home/travis/build/icyphy/ptII/vendors/misc/joystick/Joystick.jar:/home/travis/build/icyphy/ptII/lib/ptjacl.jar:/home/travis/build/icyphy/ptII/lib/jsoup-1.8.2.jar:/home/travis/build/icyphy/ptII/lib/junit-4.8.2.jar:/home/travis/build/icyphy/ptII/lib/JUnitParams-0.4.0.jar:/home/travis/build/icyphy/ptII/ptolemy/actor/lib/excel/jxl.jar:/home/travis/build/icyphy/ptII/lib/jython.jar:/home/travis/build/icyphy/ptII/lib/kieler.jar:/home/travis/build/icyphy/ptII/vendors/opencv/share/OpenCV/java/opencv-341.jar:/home/travis/build/icyphy/ptII/lib/oscP5.jar:/home/travis/build/icyphy/ptII/lib/nrjavaserial-3.11.0.devel.jar:/home/travis/build/icyphy/ptII/vendors/j3d/lib/Linux/j3dcore.jar:/home/travis/build/icyphy/ptII/vendors/j3d/lib/Linux/j3dutils.jar:/home/travis/build/icyphy/ptII/vendors/j3d/lib/Linux/vecmath.jar:/home/travis/build/icyphy/ptII/vendors/jogl/lib/Linux/gluegen-rt-natives-linux-amd64.jar:/home/travis/build/icyphy/ptII/vendors/jogl/lib/Linux/gluegen-rt.jar:/home/travis/build/icyphy/ptII/vendors/jogl/lib/Linux/jogl-all-natives-linux-amd64.jar:/home/travis/build/icyphy/ptII/vendors/jogl/lib/Linux/jogl-all.jar:/home/travis/build/icyphy/ptII/ptolemy/distributed/jini/jar/jini-core.jar:/home/travis/build/icyphy/ptII/ptolemy/distributed/jini/jar/jini-ext.jar:/home/travis/build/icyphy/ptII/ptolemy/distributed/jini/jar/sun-util.jar:/home/travis/build/icyphy/ptII/lib/protobuf-java-2.4.1.jar:/home/travis/build/icyphy/ptII/lib/org.eclipse.paho.client.mqttv3.jar:/home/travis/build/icyphy/ptII/lib/mapss.jar:/home/travis/build/icyphy/ptII/ptolemy/actor/ptalon/antlr/antlr.jar:/home/travis/build/icyphy/ptII/lib/JRI.jar:/home/travis/build/icyphy/ptII/lib/commons-lang-2.6.jar:/home/travis/build/icyphy/ptII/lib/commons-logging-1.1.1.jar:/home/travis/build/icyphy/ptII/lib/sootclasses.jar:/home/travis/build/icyphy/ptII/ptolemy/actor/lib/database/mysql-connector-java-5.1.6-bin.jar:/home/travis/build/icyphy/ptII/vendors/misc/sphinx4/sphinx4-data-5prealpha.jar:/home/travis/build/icyphy/ptII/vendors/misc/sphinx4/sphinx4-core-5prealpha.jar:/home/travis/build/icyphy/ptII/lib/PDFRenderer.jar:/home/travis/build/icyphy/ptII/lib/svgSalamander.jar:/home/travis/build/icyphy/ptII/lib/rsyntaxtextarea-2.6.0-SNAPSHOT.jar:/home/travis/build/icyphy/ptII/lib/hazelcast-3.8.2.jar:/home/travis/build/icyphy/ptII/lib/jackson-annotations-2.9.0.jar:/home/travis/build/icyphy/ptII/lib/jackson-core-2.9.3.jar:/home/travis/build/icyphy/ptII/lib/jackson-databind-2.9.3.jar:/home/travis/build/icyphy/ptII/lib/netty-buffer-4.1.19.Final.jar:/home/travis/build/icyphy/ptII/lib/netty-codec-4.1.19.Final.jar:/home/travis/build/icyphy/ptII/lib/netty-codec-dns-4.1.19.Final.jar:/home/travis/build/icyphy/ptII/lib/netty-codec-http-4.1.19.Final.jar:/home/travis/build/icyphy/ptII/lib/netty-codec-http2-4.1.19.Final.jar:/home/travis/build/icyphy/ptII/lib/netty-common-4.1.19.Final.jar:/home/travis/build/icyphy/ptII/lib/netty-handler-4.1.19.Final.jar:/home/travis/build/icyphy/ptII/lib/netty-resolver-4.1.19.Final.jar:/home/travis/build/icyphy/ptII/lib/netty-resolver-dns-4.1.19.Final.jar:/home/travis/build/icyphy/ptII/lib/netty-transport-4.1.19.Final.jar:/home/travis/build/icyphy/ptII/lib/vertx-codegen-3.5.1.jar:/home/travis/build/icyphy/ptII/lib/vertx-core-3.5.2-SNAPSHOT.jar:/home/travis/build/icyphy/ptII/lib/vertx-hazelcast-3.5.1.jar:/home/travis/build/icyphy/ptII/lib/vertx-lang-js-3.5.1.jar:/home/travis/build/icyphy/ptII/lib/vertx-service-proxy-3.5.1.jar:/home/travis/build/icyphy/ptII/lib/vertx-web-3.5.1.jar:/home/travis/build/icyphy/ptII/lib/slf4j-api-1.7.13.jar:/home/travis/build/icyphy/ptII/lib/slf4j-simple-1.7.13.jar:/home/travis/build/icyphy/ptII/lib/webcam-capture-0.3.12.jar:/home/travis/build/icyphy/ptII/lib/bridj-0.7.0.jar:/home/travis/build/icyphy/ptII/lib/xbjlib-1.1.0.nrjavaserial.jar" />
    <property name="timeout" value="2400000" />
    <property name="test.batch" value="**/junit/*.java" />
    <property name="env._" value="/usr/bin/timeout" />
    <property name="java.io.tmpdir" value="/tmp" />
    <property name="user.language" value="en" />
    <property name="env.TRAVIS_INTERNAL_RUBY_REGEX" value="^ruby-(2\.[0-4]\.[0-9]|1\.9\.3)" />
    <property name="env.HISTCONTROL" value="ignoredups:ignorespace" />
    <property name="env.GOROOT" value="/home/travis/.gimme/versions/go1.11.1.linux.amd64" />
    <property name="line.separator" value="&#xa;" />
    <property name="target" value="11" />
    <property name="env.TRAVIS_BUILD_DIR" value="/home/travis/build/icyphy/ptII" />
    <property name="env.ANT_OPTS" value="-Xmx2048m" />
    <property name="ant.file.type" value="file" />
    <property name="ptolemy.ptII.batchMode" value="true" />
    <property name="env.HISTSIZE" value="1000" />
    <property name="env.MERB_ENV" value="test" />
    <property name="java.vm.info" value="mixed mode" />
    <property name="source" value="11" />
    <property name="java.vm.specification.name" value="Java Virtual Machine Specification" />
    <property name="env.TRAVIS_TEST_RESULT" value="0" />
    <property name="jsdoc.command" value="node_modules/@terraswarm/jsdoc/jsdoc.js" />
    <property name="npm.works" value="true" />
    <property name="cobertura.dir" value="/home/travis/build/icyphy/ptII/vendors/cobertura-2.0.3" />
    <property name="jsdoc.command.exists" value="true" />
    <property name="env.rvm_path" value="/home/travis/.rvm" />
    <property name="env.GEM_PATH" value="/home/travis/.rvm/gems/ruby-2.5.3:/home/travis/.rvm/gems/ruby-2.5.3@global" />
    <property name="env.LC_CTYPE" value="en_US.UTF-8" />
    <property name="env.TRAVIS_CMD" value="$PTII/bin/ptIITravisBuild.sh $SECONDS" />
    <property name="java.awt.printerjob" value="sun.print.PSPrinterJob" />
    <property name="env.TRAVIS_STACK_NAME" value="sardonyx" />
    <property name="env.TRAVIS_TIMER_START_TIME" value="1598714911195052633" />
    <property name="ant.version" value="Apache Ant(TM) version 1.10.1 compiled on February 2 2017" />
    <property name="ptII.reports" value="/home/travis/build/icyphy/ptII/reports" />
    <property name="env.TRAVIS_STACK_TIMESTAMP" value="2020-06-24 13:13:18 UTC" />
    <property name="ant.file.type.ptII" value="file" />
    <property name="env.RBENV_SHELL" value="bash" />
    <property name="os.name" value="Linux" />
    <property name="java.specification.vendor" value="Oracle Corporation" />
    <property name="env.rvm_version" value="1.29.10 (latest)" />
    <property name="env.TRAVIS_INFRA" value="unknown" />
    <property name="env.TERM" value="xterm" />
    <property name="java.vm.name" value="OpenJDK 64-Bit Server VM" />
    <property name="env.TRAVIS_BUILD_NUMBER" value="1748" />
    <property name="env.CI" value="true" />
    <property name="java.library.path" value="/home/travis/pthla/certi-tools/lib:/usr/lib/jni:/usr/local/share/OpenCV/java/:/usr/share/OpenCV/java::/usr/java/packages/lib:/usr/lib64:/lib64:/lib:/usr/lib" />
    <property name="jdk.module.path" value="/home/travis/build/icyphy/ptII/vendors/javafx/javafx-sdk-11.0.2/lib:" />
    <property name="env.rvm_prefix" value="/home/travis" />
    <property name="env.PATH" value="/home/travis/pthla/certi-tools/share/scripts:/home/travis/.rvm/gems/ruby-2.5.3/bin:/home/travis/.rvm/gems/ruby-2.5.3@global/bin:/home/travis/.rvm/rubies/ruby-2.5.3/bin:/home/travis/.rvm/bin:/home/travis/.nvm/versions/node/v7.10.1/bin:./node_modules/.bin:/home/travis/build/icyphy/ptII/bin:/home/travis/pthla/certi-tools/bin:/home/travis/bin:/home/travis/.local/bin:/usr/local/lib/jvm/openjdk11/bin:/opt/pyenv/shims:/home/travis/.phpenv/shims:/home/travis/perl5/perlbrew/bin:/home/travis/gopath/bin:/home/travis/.gimme/versions/go1.11.1.linux.amd64/bin:/usr/local/maven-3.6.3/bin:/usr/local/cmake-3.12.4/bin:/usr/local/clang-7.0.0/bin:/usr/local/sbin:/usr/local/bin:/usr/sbin:/usr/bin:/sbin:/bin:/snap/bin:/home/travis/.phpenv/bin:/opt/pyenv/bin:/home/travis/.yarn/bin" />
    <property name="env.TRAVIS_OS_NAME" value="linux" />
    <property name="ant.java.version" value="9" />
    <property name="basedir" value="/home/travis/build/icyphy/ptII" />
    <property name="java.class.version" value="55.0" />
    <property name="env.SHLVL" value="3" />
    <property name="env.LD_LIBRARY_PATH" value="/home/travis/pthla/certi-tools/lib:/usr/lib/jni:/usr/local/share/OpenCV/java/:/usr/share/OpenCV/java:" />
    <property name="env.RACK_ENV" value="test" />
    <property name="ant.home" value="/home/travis/build/icyphy/ptII/ant" />
    <property name="env.NVM_DIR" value="/home/travis/.nvm" />
    <property name="env.CERTI_FOM_PATH" value="/home/travis/pthla/certi-tools/share/federations" />
    <property name="env.TRAVIS_BUILD_ID" value="722303600" />
    <property name="env.PYENV_ROOT" value="/opt/pyenv" />
    <property name="env.TRAVIS_UID" value="2000" />
    <property name="prism.verbose" value="true" />
    <property name="env.NVM_BIN" value="/home/travis/.nvm/versions/node/v7.10.1/bin" />
    <property name="env.TRAVIS_COMMIT" value="74248200255084cca0f8d02e5ad09f36c0965423" />
    <property name="node.executable" value="node" />
    <property name="sun.boot.library.path" value="/usr/local/lib/jvm/openjdk11/lib" />
    <property name="sun.management.compiler" value="HotSpot 64-Bit Tiered Compilers" />
    <property name="java.awt.graphicsenv" value="sun.awt.X11GraphicsEnvironment" />
    <property name="env.GOPATH" value="/home/travis/gopath" />
    <property name="ptolemy.ptII.dir" value="/home/travis/build/icyphy/ptII" />
    <property name="env.USER" value="travis" />
    <property name="env.HISTFILESIZE" value="2000" />
    <property name="env.NVM_INC" value="/home/travis/.nvm/versions/node/v7.10.1/include/node" />
    <property name="timeout.longest" value="19000000" />
    <property name="env.PERLBREW_SHELLRC_VERSION" value="0.88" />
    <property name="env.TRAVIS_STACK_FEATURES" value="basic couchdb disabled-ipv6 docker docker-compose elasticsearch firefox go-toolchain google-chrome jdk memcached mongodb mysql nodejs_interpreter perl_interpreter perlbrew phantomjs postgresql python_interpreter redis ruby_interpreter sqlite xserver" />
    <property name="env.TRAVIS_PULL_REQUEST" value="false" />
    <property name="env.PYENV_SHELL" value="bash" />
    <property name="ant.project.name" value="ptII" />
    <property name="env.ANSI_RESET" value="\033[0m" />
    <property name="java.vm.specification.version" value="11" />
    <property name="env.TRAVIS_DIST" value="xenial" />
    <property name="env.CERTI_VERSION" value="4.0.0" />
    <property name="env.CERTI_HOST" value="localhost" />
    <property name="awt.toolkit" value="sun.awt.X11.XToolkit" />
    <property name="env.MY_RUBY_HOME" value="/home/travis/.rvm/rubies/ruby-2.5.3" />
    <property name="sun.cpu.isalist" value="" />
    <property name="env.TRAVIS_TMPDIR" value="/tmp/tmp.Gh6Sx5EPPP" />
    <property name="java.vm.compressedOopsMode" value="Zero based" />
    <property name="os.version" value="4.15.0-1077-gcp" />
    <property name="user.home" value="/home/travis" />
    <property name="java.vm.vendor" value="Oracle Corporation" />
    <property name="env.TRAVIS_TAG" value="nightly" />
    <property name="env.ANSI_YELLOW" value="\033[33;1m" />
    <property name="env.TRAVIS_FILTERED" value="redirect_io" />
    <property name="env.ANSI_GREEN" value="\033[32;1m" />
    <property name="env.JAVA_HOME" value="/usr/local/lib/jvm/openjdk11" />
    <property name="javadoc.excludepackagenames" value="adm.cvs2svn.*,build.*,config.*,doc.coding.templates.*,jni.test.jni.meaningOfLife.*,jni.test.jni.testDeux.*,jni.test.jni.testTrois.*,org.terraswarm.accessor.accessors.web.node_modules.*,org.terraswarm.accessor.accessors.web.hosts.cordova.demo.*,org.terraswarm.accessor.accessors.web.hosts.cordova.plugins.*,org.terraswarm.accessor.accessors-svn.*,pt-modules.*,ptolemy.apps.agilent.*,ptolemy.apps.anytimecontrol.*,ptolemy.apps.apes.*,ptolemy.apps.charon.*,ptolemy.apps.crazyboard.*,ptolemy.apps.eclipse.*,ptolemy.apps.etherealSting.*,ptolemy.apps.fullscreen.*,ptolemy.apps.giotto.*,ptolemy.apps.ia.*,ptolemy.apps.interfaces.*,ptolemy.apps.jmf.*,ptolemy.apps.kurt.*,ptolemy.apps.kvm.*,ptolemy.apps.lego.*,ptolemy.apps.lejos.*,ptolemy.apps.midp.*,ptolemy.apps.mobileCoding.*,ptolemy.apps.pendulum.*,ptolemy.apps.rijndael.*,ptolemy.apps.robot.*,ptolemy.apps.security.*,ptolemy.apps.sobel.*,ptolemy.apps.soot.*,ptolemy.apps.throttle.*,ptolemy.apps.tini.*,ptolemy.apps.transmission.*,ptolemy.apps.vergil.*,ptolemy.apps.waba.*,ptolemy.apps.websensor.*,ptolemy.apps.webstart.*,ptolemy.apps.xsl.*,ptolemy.apps.zaurus.*,ptolemy.codegen.c.actor.lib.oldJavaFiles.*,ptolemy.codegen.dsp.lib.*,ptolemy.codegen.kernel.newInterfaces.*,ptolemy.codegen.lib.*,ptolemy.copernicus.kernel.fragment.*,ptolemy.copernicus.shallow.cg.*,ptolemy.domains.giotto.demo.Hierarchy.Hierarchy.*,ptolemy.domains.giotto.demo.Multimode.Multimode.*,ptolemy.domains.giotto.demo.Simple.Simple.*,ptolemy.domains.gr.lib.experimental.*,ptolemy.domains.gro.*,ptolemy.domains.pdf.*,ptolemy.domains.ptinyos.demo.Surge.output.*,ptolemy.moml.test.NoPackageActor.java*,ptolemy.plot.adm.*,ptolemy.plot.servlet.*,reports.*,signed.*,src.*,target.*,vendors.*,ptolemy.copernicus.applet.*,ptolemy.media.viewer.*,ptolemy.actor.corba.*,doc.doclets.*,ptolemy.apps.eclipse.awt.*,ptolemy.backtrack.*,ptolemy.backtrack.ast.*,ptolemy.cg.adapter.generic.program.procedural.c.mbed*,ptolemy.homer.*,ptolemy.actor.lib.jai.*,org.ptolemy.scala.*,diva.util.java2d.svg.*,ptolemy.domains.ptinyos.*,ptolemy.actor.lib.fmi.fmipp.*,,org.terraswarm.accessor.accessors.web.node_modules.*,org.terraswarm.accessor.accessors-svn,ptolemy.apps.*,ptolemy.actor.ptalon.demo.ptinyos.SendAndReceiveCnt.output,ptolemy.actor.ptalon.demo.ptinyos.SenseToLeds.output,ptolemy.domains.ptinyos.demo.CntToLedsAndRfm.output,ptolemy.domains.ptinyos.demo.RfmToLeds.output,ptolemy.domains.ptinyos.demo.SendAndReceiveCnt.output,ptolemy.domains.ptinyos.demo.SenseToLeds.output,ptolemy.actor.lib.jjs.modules.udpSocket.*" />
    <property name="env.PTII" value="/home/travis/build/icyphy/ptII" />
    <property name="env.XDG_SESSION_ID" value="2" />
    <property name="keystore" value="ptKeystore" />
    <property name="env.TRAVIS_COMMIT_MESSAGE" value="Exclude org/hlacerti/newModels1516e/VariableArrayPTIIJavaFed" />
    <property name="junit.output.dir" value="/home/travis/build/icyphy/ptII/reports/junit" />
    <property name="npm.return.code" value="0" />
    <property name="user.dir" value="/home/travis/build/icyphy/ptII/ptolemy/actor/lib/test" />
    <property name="env.TRAVIS_NODE_VERSION" value="7" />
    <property name="env.TRAVIS_EVENT_TYPE" value="cron" />
    <property name="env.MAIL" value="/var/mail/travis" />
    <property name="env.PERLBREW_ROOT" value="/home/travis/perl5/perlbrew" />
    <property name="env.PWD" value="/home/travis/build/icyphy/ptII" />
    <property name="timeout.npm" value="45000" />
    <property name="env.TRAVIS_ARCH" value="amd64" />
    <property name="sun.cpu.endian" value="little" />
    <property name="env.PAGER" value="cat" />
    <property name="env.TRAVIS_BUILD_STAGE_NAME" value="test" />
    <property name="env.PERLBREW_HOME" value="/home/travis/.perlbrew" />
    <property name="java.vm.version" value="11.0.2+9" />
    <property name="env.RAILS_ENV" value="test" />
    <property name="java.class.path" value="/home/travis/.ptolemyII:/home/travis/.ptolemyII/*:/home/travis/build/icyphy/ptII:/home/travis/build/icyphy/ptII/lib/bsh-2.0b4.jar:/home/travis/build/icyphy/ptII/lib/ptCal.jar:/home/travis/build/icyphy/ptII/lib/java_cup.jar:/home/travis/build/icyphy/ptII/lib/saxon8.jar:/home/travis/build/icyphy/ptII/lib/saxon8-dom.jar:/home/travis/build/icyphy/ptII/lib/chic.jar:/home/travis/build/icyphy/ptII/lib/ptcolt.jar:/home/travis/build/icyphy/ptII/vendors/misc/itext/iText.jar:/home/travis/build/icyphy/ptII/lib/g4ltl.jar:/home/travis/build/icyphy/ptII/lib/StructuralCoder.jar:/home/travis/build/icyphy/ptII/lib/jcerti.jar:/home/travis/build/icyphy/ptII/lib/javax.mail.jar:/home/travis/build/icyphy/ptII/vendors/JMF-2.1.1e/lib/jmf.jar:/home/travis/build/icyphy/ptII/lib/jna-4.0.0-variadic.jar:/home/travis/build/icyphy/ptII/vendors/misc/joystick/Joystick.jar:/home/travis/build/icyphy/ptII/lib/ptjacl.jar:/home/travis/build/icyphy/ptII/lib/jsoup-1.8.2.jar:/home/travis/build/icyphy/ptII/lib/junit-4.8.2.jar:/home/travis/build/icyphy/ptII/lib/JUnitParams-0.4.0.jar:/home/travis/build/icyphy/ptII/ptolemy/actor/lib/excel/jxl.jar:/home/travis/build/icyphy/ptII/lib/jython.jar:/home/travis/build/icyphy/ptII/lib/kieler.jar:/home/travis/build/icyphy/ptII/vendors/opencv/share/OpenCV/java/opencv-341.jar:/home/travis/build/icyphy/ptII/lib/oscP5.jar:/home/travis/build/icyphy/ptII/lib/nrjavaserial-3.11.0.devel.jar:/home/travis/build/icyphy/ptII/vendors/j3d/lib/Linux/j3dcore.jar:/home/travis/build/icyphy/ptII/vendors/j3d/lib/Linux/j3dutils.jar:/home/travis/build/icyphy/ptII/vendors/j3d/lib/Linux/vecmath.jar:/home/travis/build/icyphy/ptII/vendors/jogl/lib/Linux/gluegen-rt-natives-linux-amd64.jar:/home/travis/build/icyphy/ptII/vendors/jogl/lib/Linux/gluegen-rt.jar:/home/travis/build/icyphy/ptII/vendors/jogl/lib/Linux/jogl-all-natives-linux-amd64.jar:/home/travis/build/icyphy/ptII/vendors/jogl/lib/Linux/jogl-all.jar:/home/travis/build/icyphy/ptII/ptolemy/distributed/jini/jar/jini-core.jar:/home/travis/build/icyphy/ptII/ptolemy/distributed/jini/jar/jini-ext.jar:/home/travis/build/icyphy/ptII/ptolemy/distributed/jini/jar/sun-util.jar:/home/travis/build/icyphy/ptII/lib/protobuf-java-2.4.1.jar:/home/travis/build/icyphy/ptII/lib/org.eclipse.paho.client.mqttv3.jar:/home/travis/build/icyphy/ptII/lib/mapss.jar:/home/travis/build/icyphy/ptII/ptolemy/actor/ptalon/antlr/antlr.jar:/home/travis/build/icyphy/ptII/lib/JRI.jar:/home/travis/build/icyphy/ptII/lib/commons-lang-2.6.jar:/home/travis/build/icyphy/ptII/lib/commons-logging-1.1.1.jar:/home/travis/build/icyphy/ptII/lib/sootclasses.jar:/home/travis/build/icyphy/ptII/ptolemy/actor/lib/database/mysql-connector-java-5.1.6-bin.jar:/home/travis/build/icyphy/ptII/vendors/misc/sphinx4/sphinx4-data-5prealpha.jar:/home/travis/build/icyphy/ptII/vendors/misc/sphinx4/sphinx4-core-5prealpha.jar:/home/travis/build/icyphy/ptII/lib/PDFRenderer.jar:/home/travis/build/icyphy/ptII/lib/svgSalamander.jar:/home/travis/build/icyphy/ptII/lib/rsyntaxtextarea-2.6.0-SNAPSHOT.jar:/home/travis/build/icyphy/ptII/lib/hazelcast-3.8.2.jar:/home/travis/build/icyphy/ptII/lib/jackson-annotations-2.9.0.jar:/home/travis/build/icyphy/ptII/lib/jackson-core-2.9.3.jar:/home/travis/build/icyphy/ptII/lib/jackson-databind-2.9.3.jar:/home/travis/build/icyphy/ptII/lib/netty-buffer-4.1.19.Final.jar:/home/travis/build/icyphy/ptII/lib/netty-codec-4.1.19.Final.jar:/home/travis/build/icyphy/ptII/lib/netty-codec-dns-4.1.19.Final.jar:/home/travis/build/icyphy/ptII/lib/netty-codec-http-4.1.19.Final.jar:/home/travis/build/icyphy/ptII/lib/netty-codec-http2-4.1.19.Final.jar:/home/travis/build/icyphy/ptII/lib/netty-common-4.1.19.Final.jar:/home/travis/build/icyphy/ptII/lib/netty-handler-4.1.19.Final.jar:/home/travis/build/icyphy/ptII/lib/netty-resolver-4.1.19.Final.jar:/home/travis/build/icyphy/ptII/lib/netty-resolver-dns-4.1.19.Final.jar:/home/travis/build/icyphy/ptII/lib/netty-transport-4.1.19.Final.jar:/home/travis/build/icyphy/ptII/lib/vertx-codegen-3.5.1.jar:/home/travis/build/icyphy/ptII/lib/vertx-core-3.5.2-SNAPSHOT.jar:/home/travis/build/icyphy/ptII/lib/vertx-hazelcast-3.5.1.jar:/home/travis/build/icyphy/ptII/lib/vertx-lang-js-3.5.1.jar:/home/travis/build/icyphy/ptII/lib/vertx-service-proxy-3.5.1.jar:/home/travis/build/icyphy/ptII/lib/vertx-web-3.5.1.jar:/home/travis/build/icyphy/ptII/lib/slf4j-api-1.7.13.jar:/home/travis/build/icyphy/ptII/lib/slf4j-simple-1.7.13.jar:/home/travis/build/icyphy/ptII/lib/webcam-capture-0.3.12.jar:/home/travis/build/icyphy/ptII/lib/bridj-0.7.0.jar:/home/travis/build/icyphy/ptII/lib/xbjlib-1.1.0.nrjavaserial.jar:/home/travis/build/icyphy/ptII/ptolemy/moml/test:/home/travis/build/icyphy/ptII/ant/lib/ant-launcher.jar:/home/travis/build/icyphy/ptII/ant/lib/ant.jar:/home/travis/build/icyphy/ptII/ant/lib/ant-junit.jar:/home/travis/build/icyphy/ptII/ant/lib/ant-junit4.jar" />
    <property name="ant.library.dir" value="/home/travis/build/icyphy/ptII/ant/lib" />
    <property name="os.arch" value="amd64" />
    <property name="env.CONTINUOUS_INTEGRATION" value="true" />
    <property name="env.TRAVIS_LANGUAGE" value="node_js" />
    <property name="env.TRAVIS_STACK_LANGUAGES" value="__sardonyx__ c c++ clojure cplusplus cpp default generic go groovy java node_js php pure_java python ruby scala" />
    <property name="test.name" value="ptolemy.actor.lib.test.junit.JUnitTclTest" />
    <property name="env.APT_KEY_DONT_WARN_ON_DANGEROUS_USAGE" value="1" />
    <property name="sun.java.launcher" value="SUN_STANDARD" />
    <property name="env.PYTHON_CONFIGURE_OPTS" value="--enable-unicode=ucs4 --with-wide-unicode --enable-shared --enable-ipv6 --enable-loadable-sqlite-extensions --with-computed-gotos" />
    <property name="ant.core.lib" value="/home/travis/build/icyphy/ptII/ant/lib/ant.jar" />
    <property name="java.vm.specification.vendor" value="Oracle Corporation" />
    <property name="env.BCVTB_HOME" value="/home/travis/build/icyphy/ptII/lbnl" />
    <property name="file.separator" value="/" />
    <property name="spotbugs.home" value="/home/travis/build/icyphy/ptII/vendors/spotbugs-3.1.1" />
    <property name="java.runtime.version" value="11.0.2+9" />
    <property name="env.ANSI_CLEAR" value="\033[0K" />
    <property name="javafx.verbose" value="true" />
    <property name="env.HAS_JOSH_K_SEAL_OF_APPROVAL" value="true" />
    <property name="env.XDG_RUNTIME_DIR" value="/run/user/2000" />
    <property name="env.TRAVIS_OSX_IMAGE" value="" />
    <property name="env.TRAVIS_JOB_ID" value="722303610" />
    <property name="env.TRAVIS_BRANCH" value="master" />
    <property name="user.country" value="US" />
    <property name="env.CERTI_HOME_TRAVIS" value="/home/travis/pthla/certi-tools" />
    <property name="env.SHELL" value="/bin/bash" />
    <property name="java.maxmemory.large" value="3200m" />
    <property name="model" value="" />
    <property name="env.CASHER_DIR" value="/home/travis/.casher" />
    <property name="env.NVM_CD_FLAGS" value="" />
    <property name="java.vendor.version" value="18.9" />
    <property name="jshint.executable" value="/home/travis/node_modules/jshint/bin/jshint" />
    <property name="env.JRUBY_OPTS" value=" --client -J-XX:+TieredCompilation -J-XX:TieredStopAtLevel=1 -J-Xss2m -Xcompile.invokedynamic=false" />
    <property name="java.vendor" value="Oracle Corporation" />
    <property name="env.TRAVIS_PRE_CHEF_BOOTSTRAP_TIME" value="2020-06-24T13:13:03" />
    <property name="env.TRAVIS_STACK_JOB_BOARD_REGISTER" value="/.job-board-register.yml" />
    <property name="env.ANSI_RED" value="\033[31;1m" />
    <property name="java.specification.version" value="11" />
    <property name="env.IRBRC" value="/home/travis/.rvm/rubies/ruby-2.5.3/.irbrc" />
    <property name="env.TRAVIS" value="true" />
    <property name="sun.arch.data.model" value="64" />
  </properties>
  <testcase classname="ptolemy.util.test.junit.TclTests" name="[0] /home/travis/build/icyphy/ptII/ptolemy/actor/lib/test/AbsoluteValue.tcl (RunTclFile)" time="0.586" />
  <testcase classname="ptolemy.util.test.junit.TclTests" name="[1] /home/travis/build/icyphy/ptII/ptolemy/actor/lib/test/AddSubtract.tcl (RunTclFile)" time="0.193" />
  <testcase classname="ptolemy.util.test.junit.TclTests" name="[2] /home/travis/build/icyphy/ptII/ptolemy/actor/lib/test/Average.tcl (RunTclFile)" time="0.067" />
  <testcase classname="ptolemy.util.test.junit.TclTests" name="[3] /home/travis/build/icyphy/ptII/ptolemy/actor/lib/test/Bernoulli.tcl (RunTclFile)" time="0.037" />
  <testcase classname="ptolemy.util.test.junit.TclTests" name="[4] /home/travis/build/icyphy/ptII/ptolemy/actor/lib/test/Clock.tcl (RunTclFile)" time="0.125" />
  <testcase classname="ptolemy.util.test.junit.TclTests" name="[5] /home/travis/build/icyphy/ptII/ptolemy/actor/lib/test/Commutator.tcl (RunTclFile)" time="0.182" />
  <testcase classname="ptolemy.util.test.junit.TclTests" name="[6] /home/travis/build/icyphy/ptII/ptolemy/actor/lib/test/Const.tcl (RunTclFile)" time="0.075" />
  <testcase classname="ptolemy.util.test.junit.TclTests" name="[7] /home/travis/build/icyphy/ptII/ptolemy/actor/lib/test/CurrentTime.tcl (RunTclFile)" time="0.019" />
  <testcase classname="ptolemy.util.test.junit.TclTests" name="[8] /home/travis/build/icyphy/ptII/ptolemy/actor/lib/test/DB.tcl (RunTclFile)" time="0.025" />
  <testcase classname="ptolemy.util.test.junit.TclTests" name="[9] /home/travis/build/icyphy/ptII/ptolemy/actor/lib/test/DiscreteRandomSource.tcl (RunTclFile)" time="0.035" />
  <testcase classname="ptolemy.util.test.junit.TclTests" name="[10] /home/travis/build/icyphy/ptII/ptolemy/actor/lib/test/Distributor.tcl (RunTclFile)" time="0.069" />
  <testcase classname="ptolemy.util.test.junit.TclTests" name="[11] /home/travis/build/icyphy/ptII/ptolemy/actor/lib/test/Exit.tcl (RunTclFile)" time="0.095" />
  <testcase classname="ptolemy.util.test.junit.TclTests" name="[12] /home/travis/build/icyphy/ptII/ptolemy/actor/lib/test/Expression.tcl (RunTclFile)" time="0.094" />
  <testcase classname="ptolemy.util.test.junit.TclTests" name="[13] /home/travis/build/icyphy/ptII/ptolemy/actor/lib/test/Gaussian.tcl (RunTclFile)" time="0.529" />
  <testcase classname="ptolemy.util.test.junit.TclTests" name="[14] /home/travis/build/icyphy/ptII/ptolemy/actor/lib/test/IIR.tcl (RunTclFile)" time="0.044" />
  <testcase classname="ptolemy.util.test.junit.TclTests" name="[15] /home/travis/build/icyphy/ptII/ptolemy/actor/lib/test/Interpolator.tcl (RunTclFile)" time="0.102" />
  <testcase classname="ptolemy.util.test.junit.TclTests" name="[16] /home/travis/build/icyphy/ptII/ptolemy/actor/lib/test/MathFunction.tcl (RunTclFile)" time="0.091" />
  <testcase classname="ptolemy.util.test.junit.TclTests" name="[17] /home/travis/build/icyphy/ptII/ptolemy/actor/lib/test/Maximum.tcl (RunTclFile)" time="0.045" />
  <testcase classname="ptolemy.util.test.junit.TclTests" name="[18] /home/travis/build/icyphy/ptII/ptolemy/actor/lib/test/Minimum.tcl (RunTclFile)" time="0.031" />
  <testcase classname="ptolemy.util.test.junit.TclTests" name="[19] /home/travis/build/icyphy/ptII/ptolemy/actor/lib/test/MultiplyDivide.tcl (RunTclFile)" time="0.043" />
  <testcase classname="ptolemy.util.test.junit.TclTests" name="[20] /home/travis/build/icyphy/ptII/ptolemy/actor/lib/test/OrderedMerge.tcl (RunTclFile)" time="0.121" />
  <testcase classname="ptolemy.util.test.junit.TclTests" name="[21] /home/travis/build/icyphy/ptII/ptolemy/actor/lib/test/Publisher.tcl (RunTclFile)" time="0.831" />
  <testcase classname="ptolemy.util.test.junit.TclTests" name="[22] /home/travis/build/icyphy/ptII/ptolemy/actor/lib/test/Pulse.tcl (RunTclFile)" time="0.06" />
  <testcase classname="ptolemy.util.test.junit.TclTests" name="[23] /home/travis/build/icyphy/ptII/ptolemy/actor/lib/test/Ramp.tcl (RunTclFile)" time="2.007" />
  <testcase classname="ptolemy.util.test.junit.TclTests" name="[24] /home/travis/build/icyphy/ptII/ptolemy/actor/lib/test/RampContinuous.tcl (RunTclFile)" time="0.02" />
  <testcase classname="ptolemy.util.test.junit.TclTests" name="[25] /home/travis/build/icyphy/ptII/ptolemy/actor/lib/test/RecordAssembler.tcl (RunTclFile)" time="0.017" />
  <testcase classname="ptolemy.util.test.junit.TclTests" name="[26] /home/travis/build/icyphy/ptII/ptolemy/actor/lib/test/RecordDisassembler.tcl (RunTclFile)" time="0.03" />
  <testcase classname="ptolemy.util.test.junit.TclTests" name="[27] /home/travis/build/icyphy/ptII/ptolemy/actor/lib/test/Scale.tcl (RunTclFile)" time="0.025" />
  <testcase classname="ptolemy.util.test.junit.TclTests" name="[28] /home/travis/build/icyphy/ptII/ptolemy/actor/lib/test/SequentialClock.tcl (RunTclFile)" time="0.016" />
  <testcase classname="ptolemy.util.test.junit.TclTests" name="[29] /home/travis/build/icyphy/ptII/ptolemy/actor/lib/test/SetVariable.tcl (RunTclFile)" time="0.026" />
  <testcase classname="ptolemy.util.test.junit.TclTests" name="[30] /home/travis/build/icyphy/ptII/ptolemy/actor/lib/test/Sinewave.tcl (RunTclFile)" time="0.029" />
  <testcase classname="ptolemy.util.test.junit.TclTests" name="[31] /home/travis/build/icyphy/ptII/ptolemy/actor/lib/test/SubscriptionAggregator.tcl (RunTclFile)" time="2.225" />
  <testcase classname="ptolemy.util.test.junit.TclTests" name="[32] /home/travis/build/icyphy/ptII/ptolemy/actor/lib/test/Test.tcl (RunTclFile)" time="0.178" />
  <testcase classname="ptolemy.util.test.junit.TclTests" name="[33] /home/travis/build/icyphy/ptII/ptolemy/actor/lib/test/TestExceptionHandler.tcl (RunTclFile)" time="0.012" />
  <testcase classname="ptolemy.util.test.junit.TclTests" name="[34] /home/travis/build/icyphy/ptII/ptolemy/actor/lib/test/UnionDisassembler.tcl (RunTclFile)" time="0.065" />
  <testcase classname="ptolemy.util.test.junit.TclTests" name="[35] /home/travis/build/icyphy/ptII/ptolemy/actor/lib/test/VariableClock.tcl (RunTclFile)" time="0.027" />
  <testcase classname="ptolemy.util.test.junit.AutoKnownFailedTests" name="[0] /home/travis/build/icyphy/ptII/ptolemy/actor/lib/test/auto/knownFailedTests/PublisherPortToplevelSubscriber.xml (RunModel)" time="0.03" />
  <testcase classname="ptolemy.util.test.junit.AutoKnownFailedTests" name="[1] /home/travis/build/icyphy/ptII/ptolemy/actor/lib/test/auto/knownFailedTests/PublisherSubscriberPortToplevel.xml (RunModel)" time="0.021" />
  <testcase classname="ptolemy.util.test.junit.AutoKnownFailedTests" name="[2] /home/travis/build/icyphy/ptII/ptolemy/actor/lib/test/auto/knownFailedTests/PublisherSubscriptionAggregatorPort.xml (RunModel)" time="0.021" />
  <testcase classname="ptolemy.util.test.junit.AutoKnownFailedTests" name="[3] /home/travis/build/icyphy/ptII/ptolemy/actor/lib/test/auto/knownFailedTests/sizedarray3.xml (RunModel)" time="0.032" />
  <testcase classname="ptolemy.util.test.junit.AutoNameArchTests" name="[0] ThereAreNoAutoArchTests (RunModel)" time="0.002" />
  <testcase classname="ptolemy.util.test.junit.AutoTests" name="[0] /home/travis/build/icyphy/ptII/ptolemy/actor/lib/test/auto/AbsoluteValue.xml (RunModel)" time="0.117" />
  <testcase classname="ptolemy.util.test.junit.AutoTests" name="[1] /home/travis/build/icyphy/ptII/ptolemy/actor/lib/test/auto/AbsoluteValue2.xml (RunModel)" time="0.061" />
  <testcase classname="ptolemy.util.test.junit.AutoTests" name="[2] /home/travis/build/icyphy/ptII/ptolemy/actor/lib/test/auto/Accumulator.xml (RunModel)" time="0.073" />
  <testcase classname="ptolemy.util.test.junit.AutoTests" name="[3] /home/travis/build/icyphy/ptII/ptolemy/actor/lib/test/auto/Accumulator2.xml (RunModel)" time="0.038" />
  <testcase classname="ptolemy.util.test.junit.AutoTests" name="[4] /home/travis/build/icyphy/ptII/ptolemy/actor/lib/test/auto/Accumulator3.xml (RunModel)" time="0.025" />
  <testcase classname="ptolemy.util.test.junit.AutoTests" name="[5] /home/travis/build/icyphy/ptII/ptolemy/actor/lib/test/auto/ArrayAppend.xml (RunModel)" time="0.024" />
  <testcase classname="ptolemy.util.test.junit.AutoTests" name="[6] /home/travis/build/icyphy/ptII/ptolemy/actor/lib/test/auto/ArrayAppend2.xml (RunModel)" time="0.279" />
  <testcase classname="ptolemy.util.test.junit.AutoTests" name="[7] /home/travis/build/icyphy/ptII/ptolemy/actor/lib/test/auto/ArrayAppend3.xml (RunModel)" time="0.025" />
  <testcase classname="ptolemy.util.test.junit.AutoTests" name="[8] /home/travis/build/icyphy/ptII/ptolemy/actor/lib/test/auto/ArrayAppend4.xml (RunModel)" time="0.031" />
  <testcase classname="ptolemy.util.test.junit.AutoTests" name="[9] /home/travis/build/icyphy/ptII/ptolemy/actor/lib/test/auto/ArrayAppend5.xml (RunModel)" time="0.017" />
  <testcase classname="ptolemy.util.test.junit.AutoTests" name="[10] /home/travis/build/icyphy/ptII/ptolemy/actor/lib/test/auto/ArrayAppend6.xml (RunModel)" time="0.026" />
  <testcase classname="ptolemy.util.test.junit.AutoTests" name="[11] /home/travis/build/icyphy/ptII/ptolemy/actor/lib/test/auto/ArrayAppendPerformanceTest.xml (RunModel)" time="0.053" />
  <testcase classname="ptolemy.util.test.junit.AutoTests" name="[12] /home/travis/build/icyphy/ptII/ptolemy/actor/lib/test/auto/ArrayAppendWithEmptyInput.xml (RunModel)" time="0.078" />
  <testcase classname="ptolemy.util.test.junit.AutoTests" name="[13] /home/travis/build/icyphy/ptII/ptolemy/actor/lib/test/auto/ArrayAverage.xml (RunModel)" time="0.036" />
  <testcase classname="ptolemy.util.test.junit.AutoTests" name="[14] /home/travis/build/icyphy/ptII/ptolemy/actor/lib/test/auto/ArrayContains.xml (RunModel)" time="0.026" />
  <testcase classname="ptolemy.util.test.junit.AutoTests" name="[15] /home/travis/build/icyphy/ptII/ptolemy/actor/lib/test/auto/ArrayElement.xml (RunModel)" time="0.03" />
  <testcase classname="ptolemy.util.test.junit.AutoTests" name="[16] /home/travis/build/icyphy/ptII/ptolemy/actor/lib/test/auto/ArrayElementAsMatrix.xml (RunModel)" time="0.082" />
  <testcase classname="ptolemy.util.test.junit.AutoTests" name="[17] /home/travis/build/icyphy/ptII/ptolemy/actor/lib/test/auto/ArrayElementI.xml (RunModel)" time="0.02" />
  <testcase classname="ptolemy.util.test.junit.AutoTests" name="[18] /home/travis/build/icyphy/ptII/ptolemy/actor/lib/test/auto/ArrayExtract.xml (RunModel)" time="0.032" />
  <testcase classname="ptolemy.util.test.junit.AutoTests" name="[19] /home/travis/build/icyphy/ptII/ptolemy/actor/lib/test/auto/ArrayExtract2.xml (RunModel)" time="0.017" />
  <testcase classname="ptolemy.util.test.junit.AutoTests" name="[20] /home/travis/build/icyphy/ptII/ptolemy/actor/lib/test/auto/ArrayLength.xml (RunModel)" time="0.025" />
  <testcase classname="ptolemy.util.test.junit.AutoTests" name="[21] /home/travis/build/icyphy/ptII/ptolemy/actor/lib/test/auto/ArrayLevelCrossing.xml (RunModel)" time="0.038" />
  <testcase classname="ptolemy.util.test.junit.AutoTests" name="[22] /home/travis/build/icyphy/ptII/ptolemy/actor/lib/test/auto/ArrayLevelCrossing2.xml (RunModel)" time="0.018" />
  <testcase classname="ptolemy.util.test.junit.AutoTests" name="[23] /home/travis/build/icyphy/ptII/ptolemy/actor/lib/test/auto/ArrayPeakSearch.xml (RunModel)" time="0.026" />
  <testcase classname="ptolemy.util.test.junit.AutoTests" name="[24] /home/travis/build/icyphy/ptII/ptolemy/actor/lib/test/auto/ArrayPeakSearch2.xml (RunModel)" time="0.031" />
  <testcase classname="ptolemy.util.test.junit.AutoTests" name="[25] /home/travis/build/icyphy/ptII/ptolemy/actor/lib/test/auto/ArrayPeakSearch3.xml (RunModel)" time="0.033" />
  <testcase classname="ptolemy.util.test.junit.AutoTests" name="[26] /home/travis/build/icyphy/ptII/ptolemy/actor/lib/test/auto/ArrayRemoveElement.xml (RunModel)" time="0.034" />
  <testcase classname="ptolemy.util.test.junit.AutoTests" name="[27] /home/travis/build/icyphy/ptII/ptolemy/actor/lib/test/auto/ArraySort.xml (RunModel)" time="0.027" />
  <testcase classname="ptolemy.util.test.junit.AutoTests" name="[28] /home/travis/build/icyphy/ptII/ptolemy/actor/lib/test/auto/ArraySum.xml (RunModel)" time="0.016" />
  <testcase classname="ptolemy.util.test.junit.AutoTests" name="[29] /home/travis/build/icyphy/ptII/ptolemy/actor/lib/test/auto/ArrayToElements.xml (RunModel)" time="0.013" />
  <testcase classname="ptolemy.util.test.junit.AutoTests" name="[30] /home/travis/build/icyphy/ptII/ptolemy/actor/lib/test/auto/ArrayToMatrix.xml (RunModel)" time="0.048" />
  <testcase classname="ptolemy.util.test.junit.AutoTests" name="[31] /home/travis/build/icyphy/ptII/ptolemy/actor/lib/test/auto/ArrayUpdate1.xml (RunModel)" time="0.015" />
  <testcase classname="ptolemy.util.test.junit.AutoTests" name="[32] /home/travis/build/icyphy/ptII/ptolemy/actor/lib/test/auto/ArrayUpdate2.xml (RunModel)" time="0.017" />
  <testcase classname="ptolemy.util.test.junit.AutoTests" name="[33] /home/travis/build/icyphy/ptII/ptolemy/actor/lib/test/auto/ArrayUpdate3.xml (RunModel)" time="0.014" />
  <testcase classname="ptolemy.util.test.junit.AutoTests" name="[34] /home/travis/build/icyphy/ptII/ptolemy/actor/lib/test/auto/Assert1.xml (RunModel)" time="0.019" />
  <testcase classname="ptolemy.util.test.junit.AutoTests" name="[35] /home/travis/build/icyphy/ptII/ptolemy/actor/lib/test/auto/Assert2.xml (RunModel)" time="0.009" />
  <testcase classname="ptolemy.util.test.junit.AutoTests" name="[36] /home/travis/build/icyphy/ptII/ptolemy/actor/lib/test/auto/BooleanMultiplexor.xml (RunModel)" time="0.021" />
  <testcase classname="ptolemy.util.test.junit.AutoTests" name="[37] /home/travis/build/icyphy/ptII/ptolemy/actor/lib/test/auto/BooleanMultiplexor2.xml (RunModel)" time="0.026" />
  <testcase classname="ptolemy.util.test.junit.AutoTests" name="[38] /home/travis/build/icyphy/ptII/ptolemy/actor/lib/test/auto/BooleanMultiplexor3.xml (RunModel)" time="0.024" />
  <testcase classname="ptolemy.util.test.junit.AutoTests" name="[39] /home/travis/build/icyphy/ptII/ptolemy/actor/lib/test/auto/BooleanSelect.xml (RunModel)" time="0.023" />
  <testcase classname="ptolemy.util.test.junit.AutoTests" name="[40] /home/travis/build/icyphy/ptII/ptolemy/actor/lib/test/auto/BooleanSelect2.xml (RunModel)" time="0.016" />
  <testcase classname="ptolemy.util.test.junit.AutoTests" name="[41] /home/travis/build/icyphy/ptII/ptolemy/actor/lib/test/auto/BooleanSwitch.xml (RunModel)" time="0.024" />
  <testcase classname="ptolemy.util.test.junit.AutoTests" name="[42] /home/travis/build/icyphy/ptII/ptolemy/actor/lib/test/auto/BooleanSwitch2.xml (RunModel)" time="0.014" />
  <testcase classname="ptolemy.util.test.junit.AutoTests" name="[43] /home/travis/build/icyphy/ptII/ptolemy/actor/lib/test/auto/BooleanSwitchCloningBugWithClassRelationGroup.xml (RunModel)" time="0.028" />
  <testcase classname="ptolemy.util.test.junit.AutoTests" name="[44] /home/travis/build/icyphy/ptII/ptolemy/actor/lib/test/auto/BusActors.xml (RunModel)" time="0.052" />
  <testcase classname="ptolemy.util.test.junit.AutoTests" name="[45] /home/travis/build/icyphy/ptII/ptolemy/actor/lib/test/auto/ClassWrapper.xml (RunModel)" time="0.012" />
  <testcase classname="ptolemy.util.test.junit.AutoTests" name="[46] /home/travis/build/icyphy/ptII/ptolemy/actor/lib/test/auto/Clock.xml (RunModel)" time="0.008" />
  <testcase classname="ptolemy.util.test.junit.AutoTests" name="[47] /home/travis/build/icyphy/ptII/ptolemy/actor/lib/test/auto/Clock10.xml (RunModel)" time="0.017" />
  <testcase classname="ptolemy.util.test.junit.AutoTests" name="[48] /home/travis/build/icyphy/ptII/ptolemy/actor/lib/test/auto/Clock11.xml (RunModel)" time="0.025" />
  <testcase classname="ptolemy.util.test.junit.AutoTests" name="[49] /home/travis/build/icyphy/ptII/ptolemy/actor/lib/test/auto/Clock12.xml (RunModel)" time="0.02" />
  <testcase classname="ptolemy.util.test.junit.AutoTests" name="[50] /home/travis/build/icyphy/ptII/ptolemy/actor/lib/test/auto/Clock13.xml (RunModel)" time="0.019" />
  <testcase classname="ptolemy.util.test.junit.AutoTests" name="[51] /home/travis/build/icyphy/ptII/ptolemy/actor/lib/test/auto/Clock14.xml (RunModel)" time="0.017" />
  <testcase classname="ptolemy.util.test.junit.AutoTests" name="[52] /home/travis/build/icyphy/ptII/ptolemy/actor/lib/test/auto/Clock15.xml (RunModel)" time="0.013" />
  <testcase classname="ptolemy.util.test.junit.AutoTests" name="[53] /home/travis/build/icyphy/ptII/ptolemy/actor/lib/test/auto/Clock16.xml (RunModel)" time="0.091" />
  <testcase classname="ptolemy.util.test.junit.AutoTests" name="[54] /home/travis/build/icyphy/ptII/ptolemy/actor/lib/test/auto/Clock17.xml (RunModel)" time="0.067" />
  <testcase classname="ptolemy.util.test.junit.AutoTests" name="[55] /home/travis/build/icyphy/ptII/ptolemy/actor/lib/test/auto/Clock18.xml (RunModel)" time="0.055" />
  <testcase classname="ptolemy.util.test.junit.AutoTests" name="[56] /home/travis/build/icyphy/ptII/ptolemy/actor/lib/test/auto/Clock19.xml (RunModel)" time="0.039" />
  <testcase classname="ptolemy.util.test.junit.AutoTests" name="[57] /home/travis/build/icyphy/ptII/ptolemy/actor/lib/test/auto/Clock2.xml (RunModel)" time="0.013" />
  <testcase classname="ptolemy.util.test.junit.AutoTests" name="[58] /home/travis/build/icyphy/ptII/ptolemy/actor/lib/test/auto/Clock20.xml (RunModel)" time="0.022" />
  <testcase classname="ptolemy.util.test.junit.AutoTests" name="[59] /home/travis/build/icyphy/ptII/ptolemy/actor/lib/test/auto/Clock21.xml (RunModel)" time="0.015" />
  <testcase classname="ptolemy.util.test.junit.AutoTests" name="[60] /home/travis/build/icyphy/ptII/ptolemy/actor/lib/test/auto/Clock22.xml (RunModel)" time="0.012" />
  <testcase classname="ptolemy.util.test.junit.AutoTests" name="[61] /home/travis/build/icyphy/ptII/ptolemy/actor/lib/test/auto/Clock23.xml (RunModel)" time="0.018" />
  <testcase classname="ptolemy.util.test.junit.AutoTests" name="[62] /home/travis/build/icyphy/ptII/ptolemy/actor/lib/test/auto/Clock24.xml (RunModel)" time="0.014" />
  <testcase classname="ptolemy.util.test.junit.AutoTests" name="[63] /home/travis/build/icyphy/ptII/ptolemy/actor/lib/test/auto/Clock4.xml (RunModel)" time="0.011" />
  <testcase classname="ptolemy.util.test.junit.AutoTests" name="[64] /home/travis/build/icyphy/ptII/ptolemy/actor/lib/test/auto/Clock5.xml (RunModel)" time="0.014" />
  <testcase classname="ptolemy.util.test.junit.AutoTests" name="[65] /home/travis/build/icyphy/ptII/ptolemy/actor/lib/test/auto/Clock6.xml (RunModel)" time="0.011" />
  <testcase classname="ptolemy.util.test.junit.AutoTests" name="[66] /home/travis/build/icyphy/ptII/ptolemy/actor/lib/test/auto/Clock7.xml (RunModel)" time="0.008" />
  <testcase classname="ptolemy.util.test.junit.AutoTests" name="[67] /home/travis/build/icyphy/ptII/ptolemy/actor/lib/test/auto/Clock8.xml (RunModel)" time="0.013" />
  <testcase classname="ptolemy.util.test.junit.AutoTests" name="[68] /home/travis/build/icyphy/ptII/ptolemy/actor/lib/test/auto/Clock9.xml (RunModel)" time="0.014" />
  <testcase classname="ptolemy.util.test.junit.AutoTests" name="[69] /home/travis/build/icyphy/ptII/ptolemy/actor/lib/test/auto/CommDistDiscard.xml (RunModel)" time="0.021" />
  <testcase classname="ptolemy.util.test.junit.AutoTests" name="[70] /home/travis/build/icyphy/ptII/ptolemy/actor/lib/test/auto/Commutator.xml (RunModel)" time="0.013" />
  <testcase classname="ptolemy.util.test.junit.AutoTests" name="[71] /home/travis/build/icyphy/ptII/ptolemy/actor/lib/test/auto/Commutator2.xml (RunModel)" time="0.009" />
  <testcase classname="ptolemy.util.test.junit.AutoTests" name="[72] /home/travis/build/icyphy/ptII/ptolemy/actor/lib/test/auto/Commutator3.xml (RunModel)" time="0.011" />
  <testcase classname="ptolemy.util.test.junit.AutoTests" name="[73] /home/travis/build/icyphy/ptII/ptolemy/actor/lib/test/auto/Compare.xml (RunModel)" time="0.015" />
  <testcase classname="ptolemy.util.test.junit.AutoTests" name="[74] /home/travis/build/icyphy/ptII/ptolemy/actor/lib/test/auto/CompareDE.xml (RunModel)" time="0.019" />
  <testcase classname="ptolemy.util.test.junit.AutoTests" name="[75] /home/travis/build/icyphy/ptII/ptolemy/actor/lib/test/auto/ComplexDivide.xml (RunModel)" time="0.009" />
  <testcase classname="ptolemy.util.test.junit.AutoTests" name="[76] /home/travis/build/icyphy/ptII/ptolemy/actor/lib/test/auto/ComputeHistogram.xml (RunModel)" time="0.065" />
  <testcase classname="ptolemy.util.test.junit.AutoTests" name="[77] /home/travis/build/icyphy/ptII/ptolemy/actor/lib/test/auto/ConfigurationSelect.xml (RunModel)" time="0.022" />
  <testcase classname="ptolemy.util.test.junit.AutoTests" name="[78] /home/travis/build/icyphy/ptII/ptolemy/actor/lib/test/auto/ConfigurationSelect2.xml (RunModel)" time="0.015" />
  <testcase classname="ptolemy.util.test.junit.AutoTests" name="[79] /home/travis/build/icyphy/ptII/ptolemy/actor/lib/test/auto/ConfigurationSwitch.xml (RunModel)" time="0.025" />
  <testcase classname="ptolemy.util.test.junit.AutoTests" name="[80] /home/travis/build/icyphy/ptII/ptolemy/actor/lib/test/auto/ConfigurationSwitch2.xml (RunModel)" time="0.021" />
  <testcase classname="ptolemy.util.test.junit.AutoTests" name="[81] /home/travis/build/icyphy/ptII/ptolemy/actor/lib/test/auto/ConfigurationSwitchCloningBugWithClassRelationGroup.xml (RunModel)" time="0.018" />
  <testcase classname="ptolemy.util.test.junit.AutoTests" name="[82] /home/travis/build/icyphy/ptII/ptolemy/actor/lib/test/auto/ConfigurationSwitchSelectSDF.xml (RunModel)" time="0.014" />
  <testcase classname="ptolemy.util.test.junit.AutoTests" name="[83] /home/travis/build/icyphy/ptII/ptolemy/actor/lib/test/auto/ConfigurationSwitchSelectSDF2.xml (RunModel)" time="0.017" />
  <testcase classname="ptolemy.util.test.junit.AutoTests" name="[84] /home/travis/build/icyphy/ptII/ptolemy/actor/lib/test/auto/Const.xml (RunModel)" time="0.006" />
  <testcase classname="ptolemy.util.test.junit.AutoTests" name="[85] /home/travis/build/icyphy/ptII/ptolemy/actor/lib/test/auto/Const2.xml (RunModel)" time="0.015" />
  <testcase classname="ptolemy.util.test.junit.AutoTests" name="[86] /home/travis/build/icyphy/ptII/ptolemy/actor/lib/test/auto/Const3.xml (RunModel)" time="0.011" />
  <testcase classname="ptolemy.util.test.junit.AutoTests" name="[87] /home/travis/build/icyphy/ptII/ptolemy/actor/lib/test/auto/ConstantPublisherPort1.xml (RunModel)" time="0.018" />
  <testcase classname="ptolemy.util.test.junit.AutoTests" name="[88] /home/travis/build/icyphy/ptII/ptolemy/actor/lib/test/auto/ConstantPublisherPort2.xml (RunModel)" time="0.015" />
  <testcase classname="ptolemy.util.test.junit.AutoTests" name="[89] /home/travis/build/icyphy/ptII/ptolemy/actor/lib/test/auto/ConstantPublisherPort3.xml (RunModel)" time="0.014" />
  <testcase classname="ptolemy.util.test.junit.AutoTests" name="[90] /home/travis/build/icyphy/ptII/ptolemy/actor/lib/test/auto/ConstantPublisherPort4.xml (RunModel)" time="0.013" />
  <testcase classname="ptolemy.util.test.junit.AutoTests" name="[91] /home/travis/build/icyphy/ptII/ptolemy/actor/lib/test/auto/ConstantPublisherPort5.xml (RunModel)" time="0.041" />
  <testcase classname="ptolemy.util.test.junit.AutoTests" name="[92] /home/travis/build/icyphy/ptII/ptolemy/actor/lib/test/auto/ConstantPublisherPort6.xml (RunModel)" time="0.028" />
  <testcase classname="ptolemy.util.test.junit.AutoTests" name="[93] /home/travis/build/icyphy/ptII/ptolemy/actor/lib/test/auto/ConstantPublisherPort7.xml (RunModel)" time="0.03" />
  <testcase classname="ptolemy.util.test.junit.AutoTests" name="[94] /home/travis/build/icyphy/ptII/ptolemy/actor/lib/test/auto/ConstraintMonitor1.xml (RunModel)" time="0.037" />
  <testcase classname="ptolemy.util.test.junit.AutoTests" name="[95] /home/travis/build/icyphy/ptII/ptolemy/actor/lib/test/auto/ConstraintMonitor2.xml (RunModel)" time="0.01" />
  <testcase classname="ptolemy.util.test.junit.AutoTests" name="[96] /home/travis/build/icyphy/ptII/ptolemy/actor/lib/test/auto/ConstraintMonitor3.xml (RunModel)" time="0.008" />
  <testcase classname="ptolemy.util.test.junit.AutoTests" name="[97] /home/travis/build/icyphy/ptII/ptolemy/actor/lib/test/auto/ConstraintMonitor4.xml (RunModel)" time="0.01" />
  <testcase classname="ptolemy.util.test.junit.AutoTests" name="[98] /home/travis/build/icyphy/ptII/ptolemy/actor/lib/test/auto/ConstraintMonitor5.xml (RunModel)" time="0.013" />
  <testcase classname="ptolemy.util.test.junit.AutoTests" name="[99] /home/travis/build/icyphy/ptII/ptolemy/actor/lib/test/auto/ConstraintMonitor6.xml (RunModel)" time="0.012" />
  <testcase classname="ptolemy.util.test.junit.AutoTests" name="[100] /home/travis/build/icyphy/ptII/ptolemy/actor/lib/test/auto/ConstraintMonitor7.xml (RunModel)" time="0.015" />
  <testcase classname="ptolemy.util.test.junit.AutoTests" name="[101] /home/travis/build/icyphy/ptII/ptolemy/actor/lib/test/auto/ConstraintMonitor8.xml (RunModel)" time="0.017" />
  <testcase classname="ptolemy.util.test.junit.AutoTests" name="[102] /home/travis/build/icyphy/ptII/ptolemy/actor/lib/test/auto/Counter.xml (RunModel)" time="0.012" />
  <testcase classname="ptolemy.util.test.junit.AutoTests" name="[103] /home/travis/build/icyphy/ptII/ptolemy/actor/lib/test/auto/CurrentTimeSDF.xml (RunModel)" time="0.008" />
  <testcase classname="ptolemy.util.test.junit.AutoTests" name="[104] /home/travis/build/icyphy/ptII/ptolemy/actor/lib/test/auto/DB.xml (RunModel)" time="0.011" />
  <testcase classname="ptolemy.util.test.junit.AutoTests" name="[105] /home/travis/build/icyphy/ptII/ptolemy/actor/lib/test/auto/DBDE.xml (RunModel)" time="0.012" />
  <testcase classname="ptolemy.util.test.junit.AutoTests" name="[106] /home/travis/build/icyphy/ptII/ptolemy/actor/lib/test/auto/DateConstructor.xml (RunModel)" time="0.052" />
  <testcase classname="ptolemy.util.test.junit.AutoTests" name="[107] /home/travis/build/icyphy/ptII/ptolemy/actor/lib/test/auto/DelayTime.xml (RunModel)" time="0.02" />
  <testcase classname="ptolemy.util.test.junit.AutoTests" name="[108] /home/travis/build/icyphy/ptII/ptolemy/actor/lib/test/auto/Dictionary1.xml (RunModel)" time="0.018" />
  <testcase classname="ptolemy.util.test.junit.AutoTests" name="[109] /home/travis/build/icyphy/ptII/ptolemy/actor/lib/test/auto/Dictionary2.xml (RunModel)" time="0.013" />
  <testcase classname="ptolemy.util.test.junit.AutoTests" name="[110] /home/travis/build/icyphy/ptII/ptolemy/actor/lib/test/auto/Dictionary3.xml (RunModel)" time="0.012" />
  <testcase classname="ptolemy.util.test.junit.AutoTests" name="[111] /home/travis/build/icyphy/ptII/ptolemy/actor/lib/test/auto/Dictionary4.xml (RunModel)" time="0.025" />
  <testcase classname="ptolemy.util.test.junit.AutoTests" name="[112] /home/travis/build/icyphy/ptII/ptolemy/actor/lib/test/auto/Differential.xml (RunModel)" time="0.017" />
  <testcase classname="ptolemy.util.test.junit.AutoTests" name="[113] /home/travis/build/icyphy/ptII/ptolemy/actor/lib/test/auto/Director.xml (RunModel)" time="0.011" />
  <testcase classname="ptolemy.util.test.junit.AutoTests" name="[114] /home/travis/build/icyphy/ptII/ptolemy/actor/lib/test/auto/DiscreteClock.xml (RunModel)" time="0.007" />
  <testcase classname="ptolemy.util.test.junit.AutoTests" name="[115] /home/travis/build/icyphy/ptII/ptolemy/actor/lib/test/auto/DiscreteClock10.xml (RunModel)" time="0.01" />
  <testcase classname="ptolemy.util.test.junit.AutoTests" name="[116] /home/travis/build/icyphy/ptII/ptolemy/actor/lib/test/auto/DiscreteClock11.xml (RunModel)" time="0.011" />
  <testcase classname="ptolemy.util.test.junit.AutoTests" name="[117] /home/travis/build/icyphy/ptII/ptolemy/actor/lib/test/auto/DiscreteClock12.xml (RunModel)" time="0.015" />
  <testcase classname="ptolemy.util.test.junit.AutoTests" name="[118] /home/travis/build/icyphy/ptII/ptolemy/actor/lib/test/auto/DiscreteClock13.xml (RunModel)" time="0.012" />
  <testcase classname="ptolemy.util.test.junit.AutoTests" name="[119] /home/travis/build/icyphy/ptII/ptolemy/actor/lib/test/auto/DiscreteClock14.xml (RunModel)" time="0.011" />
  <testcase classname="ptolemy.util.test.junit.AutoTests" name="[120] /home/travis/build/icyphy/ptII/ptolemy/actor/lib/test/auto/DiscreteClock15.xml (RunModel)" time="0.012" />
  <testcase classname="ptolemy.util.test.junit.AutoTests" name="[121] /home/travis/build/icyphy/ptII/ptolemy/actor/lib/test/auto/DiscreteClock16.xml (RunModel)" time="0.043" />
  <testcase classname="ptolemy.util.test.junit.AutoTests" name="[122] /home/travis/build/icyphy/ptII/ptolemy/actor/lib/test/auto/DiscreteClock17.xml (RunModel)" time="0.038" />
  <testcase classname="ptolemy.util.test.junit.AutoTests" name="[123] /home/travis/build/icyphy/ptII/ptolemy/actor/lib/test/auto/DiscreteClock18.xml (RunModel)" time="0.039" />
  <testcase classname="ptolemy.util.test.junit.AutoTests" name="[124] /home/travis/build/icyphy/ptII/ptolemy/actor/lib/test/auto/DiscreteClock19.xml (RunModel)" time="0.044" />
  <testcase classname="ptolemy.util.test.junit.AutoTests" name="[125] /home/travis/build/icyphy/ptII/ptolemy/actor/lib/test/auto/DiscreteClock2.xml (RunModel)" time="0.009" />
  <testcase classname="ptolemy.util.test.junit.AutoTests" name="[126] /home/travis/build/icyphy/ptII/ptolemy/actor/lib/test/auto/DiscreteClock20.xml (RunModel)" time="0.015" />
  <testcase classname="ptolemy.util.test.junit.AutoTests" name="[127] /home/travis/build/icyphy/ptII/ptolemy/actor/lib/test/auto/DiscreteClock21.xml (RunModel)" time="0.014" />
  <testcase classname="ptolemy.util.test.junit.AutoTests" name="[128] /home/travis/build/icyphy/ptII/ptolemy/actor/lib/test/auto/DiscreteClock22.xml (RunModel)" time="0.011" />
  <testcase classname="ptolemy.util.test.junit.AutoTests" name="[129] /home/travis/build/icyphy/ptII/ptolemy/actor/lib/test/auto/DiscreteClock23.xml (RunModel)" time="0.022" />
  <testcase classname="ptolemy.util.test.junit.AutoTests" name="[130] /home/travis/build/icyphy/ptII/ptolemy/actor/lib/test/auto/DiscreteClock24.xml (RunModel)" time="0.014" />
  <testcase classname="ptolemy.util.test.junit.AutoTests" name="[131] /home/travis/build/icyphy/ptII/ptolemy/actor/lib/test/auto/DiscreteClock4.xml (RunModel)" time="0.013" />
  <testcase classname="ptolemy.util.test.junit.AutoTests" name="[132] /home/travis/build/icyphy/ptII/ptolemy/actor/lib/test/auto/DiscreteClock5.xml (RunModel)" time="0.01" />
  <testcase classname="ptolemy.util.test.junit.AutoTests" name="[133] /home/travis/build/icyphy/ptII/ptolemy/actor/lib/test/auto/DiscreteClock6.xml (RunModel)" time="0.012" />
  <testcase classname="ptolemy.util.test.junit.AutoTests" name="[134] /home/travis/build/icyphy/ptII/ptolemy/actor/lib/test/auto/DiscreteClock7.xml (RunModel)" time="0.009" />
  <testcase classname="ptolemy.util.test.junit.AutoTests" name="[135] /home/travis/build/icyphy/ptII/ptolemy/actor/lib/test/auto/DiscreteClock8.xml (RunModel)" time="0.019" />
  <testcase classname="ptolemy.util.test.junit.AutoTests" name="[136] /home/travis/build/icyphy/ptII/ptolemy/actor/lib/test/auto/DiscreteClock9.xml (RunModel)" time="0.016" />
  <testcase classname="ptolemy.util.test.junit.AutoTests" name="[137] /home/travis/build/icyphy/ptII/ptolemy/actor/lib/test/auto/DisplayArray.xml (RunModel)" time="0.01" />
  <testcase classname="ptolemy.util.test.junit.AutoTests" name="[138] /home/travis/build/icyphy/ptII/ptolemy/actor/lib/test/auto/Distributor.xml (RunModel)" time="0.009" />
  <testcase classname="ptolemy.util.test.junit.AutoTests" name="[139] /home/travis/build/icyphy/ptII/ptolemy/actor/lib/test/auto/Distributor2.xml (RunModel)" time="0.011" />
  <testcase classname="ptolemy.util.test.junit.AutoTests" name="[140] /home/travis/build/icyphy/ptII/ptolemy/actor/lib/test/auto/DownSample.xml (RunModel)" time="0.01" />
  <testcase classname="ptolemy.util.test.junit.AutoTests" name="[141] /home/travis/build/icyphy/ptII/ptolemy/actor/lib/test/auto/ElectronicUnitBase1.xml (RunModel)" time="0.074" />
  <testcase classname="ptolemy.util.test.junit.AutoTests" name="[142] /home/travis/build/icyphy/ptII/ptolemy/actor/lib/test/auto/ElementsToArray.xml (RunModel)" time="0.012" />
  <testcase classname="ptolemy.util.test.junit.AutoTests" name="[143] /home/travis/build/icyphy/ptII/ptolemy/actor/lib/test/auto/Equals.xml (RunModel)" time="0.016" />
  <testcase classname="ptolemy.util.test.junit.AutoTests" name="[144] /home/travis/build/icyphy/ptII/ptolemy/actor/lib/test/auto/Exec.xml (RunModel)" time="0.033" />
  <testcase classname="ptolemy.util.test.junit.AutoTests" name="[145] /home/travis/build/icyphy/ptII/ptolemy/actor/lib/test/auto/ExecEnvironment.xml (RunModel)" time="0.042" />
  <testcase classname="ptolemy.util.test.junit.AutoTests" name="[146] /home/travis/build/icyphy/ptII/ptolemy/actor/lib/test/auto/ExecNonZeroReturnOutput.xml (RunModel)" time="0.184" />
  <testcase classname="ptolemy.util.test.junit.AutoTests" name="[147] /home/travis/build/icyphy/ptII/ptolemy/actor/lib/test/auto/ExecRunDemos.xml (RunModel)" time="10.392" />
  <testcase classname="ptolemy.util.test.junit.AutoTests" name="[148] /home/travis/build/icyphy/ptII/ptolemy/actor/lib/test/auto/ExecStop.xml (RunModel)" time="5.037" />
  <testcase classname="ptolemy.util.test.junit.AutoTests" name="[149] /home/travis/build/icyphy/ptII/ptolemy/actor/lib/test/auto/ExecutionTimeSDF.xml (RunModel)" time="6.038" />
  <testcase classname="ptolemy.util.test.junit.AutoTests" name="[150] /home/travis/build/icyphy/ptII/ptolemy/actor/lib/test/auto/Expression1.xml (RunModel)" time="0.014" />
  <testcase classname="ptolemy.util.test.junit.AutoTests" name="[151] /home/travis/build/icyphy/ptII/ptolemy/actor/lib/test/auto/Expression10.xml (RunModel)" time="0.015" />
  <testcase classname="ptolemy.util.test.junit.AutoTests" name="[152] /home/travis/build/icyphy/ptII/ptolemy/actor/lib/test/auto/Expression11.xml (RunModel)" time="0.01" />
  <testcase classname="ptolemy.util.test.junit.AutoTests" name="[153] /home/travis/build/icyphy/ptII/ptolemy/actor/lib/test/auto/Expression12.xml (RunModel)" time="0.011" />
  <testcase classname="ptolemy.util.test.junit.AutoTests" name="[154] /home/travis/build/icyphy/ptII/ptolemy/actor/lib/test/auto/Expression13.xml (RunModel)" time="0.011" />
  <testcase classname="ptolemy.util.test.junit.AutoTests" name="[155] /home/travis/build/icyphy/ptII/ptolemy/actor/lib/test/auto/Expression14.xml (RunModel)" time="0.014" />
  <testcase classname="ptolemy.util.test.junit.AutoTests" name="[156] /home/travis/build/icyphy/ptII/ptolemy/actor/lib/test/auto/Expression15.xml (RunModel)" time="0.006" />
  <testcase classname="ptolemy.util.test.junit.AutoTests" name="[157] /home/travis/build/icyphy/ptII/ptolemy/actor/lib/test/auto/Expression16.xml (RunModel)" time="0.012" />
  <testcase classname="ptolemy.util.test.junit.AutoTests" name="[158] /home/travis/build/icyphy/ptII/ptolemy/actor/lib/test/auto/Expression17.xml (RunModel)" time="0.011" />
  <testcase classname="ptolemy.util.test.junit.AutoTests" name="[159] /home/travis/build/icyphy/ptII/ptolemy/actor/lib/test/auto/Expression18.xml (RunModel)" time="0.012" />
  <testcase classname="ptolemy.util.test.junit.AutoTests" name="[160] /home/travis/build/icyphy/ptII/ptolemy/actor/lib/test/auto/Expression2.xml (RunModel)" time="0.012" />
  <testcase classname="ptolemy.util.test.junit.AutoTests" name="[161] /home/travis/build/icyphy/ptII/ptolemy/actor/lib/test/auto/Expression3.xml (RunModel)" time="0.012" />
  <testcase classname="ptolemy.util.test.junit.AutoTests" name="[162] /home/travis/build/icyphy/ptII/ptolemy/actor/lib/test/auto/Expression4.xml (RunModel)" time="0.025" />
  <testcase classname="ptolemy.util.test.junit.AutoTests" name="[163] /home/travis/build/icyphy/ptII/ptolemy/actor/lib/test/auto/Expression5.xml (RunModel)" time="0.011" />
  <testcase classname="ptolemy.util.test.junit.AutoTests" name="[164] /home/travis/build/icyphy/ptII/ptolemy/actor/lib/test/auto/Expression6.xml (RunModel)" time="0.008" />
  <testcase classname="ptolemy.util.test.junit.AutoTests" name="[165] /home/travis/build/icyphy/ptII/ptolemy/actor/lib/test/auto/Expression7.xml (RunModel)" time="0.01" />
  <testcase classname="ptolemy.util.test.junit.AutoTests" name="[166] /home/travis/build/icyphy/ptII/ptolemy/actor/lib/test/auto/Expression8.xml (RunModel)" time="0.01" />
  <testcase classname="ptolemy.util.test.junit.AutoTests" name="[167] /home/travis/build/icyphy/ptII/ptolemy/actor/lib/test/auto/Expression9.xml (RunModel)" time="0.007" />
  <testcase classname="ptolemy.util.test.junit.AutoTests" name="[168] /home/travis/build/icyphy/ptII/ptolemy/actor/lib/test/auto/ExpressionConcatenateArrayType.xml (RunModel)" time="0.021" />
  <testcase classname="ptolemy.util.test.junit.AutoTests" name="[169] /home/travis/build/icyphy/ptII/ptolemy/actor/lib/test/auto/ExpressionConcatenateArrayType2.xml (RunModel)" time="0.015" />
  <testcase classname="ptolemy.util.test.junit.AutoTests" name="[170] /home/travis/build/icyphy/ptII/ptolemy/actor/lib/test/auto/ExpressionFix.xml (RunModel)" time="0.049" />
  <testcase classname="ptolemy.util.test.junit.AutoTests" name="[171] /home/travis/build/icyphy/ptII/ptolemy/actor/lib/test/auto/ExpressionFix2.xml (RunModel)" time="0.013" />
  <testcase classname="ptolemy.util.test.junit.AutoTests" name="[172] /home/travis/build/icyphy/ptII/ptolemy/actor/lib/test/auto/ExpressionFix3.xml (RunModel)" time="0.011" />
  <testcase classname="ptolemy.util.test.junit.AutoTests" name="[173] /home/travis/build/icyphy/ptII/ptolemy/actor/lib/test/auto/FileWriter1.xml (RunModel)" time="0.008" />
  <testcase classname="ptolemy.util.test.junit.AutoTests" name="[174] /home/travis/build/icyphy/ptII/ptolemy/actor/lib/test/auto/FileWriter2.xml (RunModel)" time="0.012" />
  <testcase classname="ptolemy.util.test.junit.AutoTests" name="[175] /home/travis/build/icyphy/ptII/ptolemy/actor/lib/test/auto/FileWriter3.xml (RunModel)" time="0.012" />
  <testcase classname="ptolemy.util.test.junit.AutoTests" name="[176] /home/travis/build/icyphy/ptII/ptolemy/actor/lib/test/auto/Gaussian.xml (RunModel)" time="0.011" />
  <testcase classname="ptolemy.util.test.junit.AutoTests" name="[177] /home/travis/build/icyphy/ptII/ptolemy/actor/lib/test/auto/Gaussian1.xml (RunModel)" time="0.013" />
  <testcase classname="ptolemy.util.test.junit.AutoTests" name="[178] /home/travis/build/icyphy/ptII/ptolemy/actor/lib/test/auto/Gaussian2.xml (RunModel)" time="0.023" />
  <testcase classname="ptolemy.util.test.junit.AutoTests" name="[179] /home/travis/build/icyphy/ptII/ptolemy/actor/lib/test/auto/GradientAdaptiveLattice.xml (RunModel)" time="0.017" />
  <testcase classname="ptolemy.util.test.junit.AutoTests" name="[180] /home/travis/build/icyphy/ptII/ptolemy/actor/lib/test/auto/IIR.xml (RunModel)" time="0.011" />
  <testcase classname="ptolemy.util.test.junit.AutoTests" name="[181] /home/travis/build/icyphy/ptII/ptolemy/actor/lib/test/auto/InputOutputTransparentPorts.xml (RunModel)" time="0.017" />
  <testcase classname="ptolemy.util.test.junit.AutoTests" name="[182] /home/travis/build/icyphy/ptII/ptolemy/actor/lib/test/auto/Interpolator.xml (RunModel)" time="0.013" />
  <testcase classname="ptolemy.util.test.junit.AutoTests" name="[183] /home/travis/build/icyphy/ptII/ptolemy/actor/lib/test/auto/InterpolatorFiringLimitDE.xml (RunModel)" time="0.012" />
  <testcase classname="ptolemy.util.test.junit.AutoTests" name="[184] /home/travis/build/icyphy/ptII/ptolemy/actor/lib/test/auto/Lattice.xml (RunModel)" time="0.01" />
  <testcase classname="ptolemy.util.test.junit.AutoTests" name="[185] /home/travis/build/icyphy/ptII/ptolemy/actor/lib/test/auto/LazyAOCTestLazy.xml (RunModel)" time="0.034" />
  <testcase classname="ptolemy.util.test.junit.AutoTests" name="[186] /home/travis/build/icyphy/ptII/ptolemy/actor/lib/test/auto/LazyAOCTestNonLazy.xml (RunModel)" time="0.017" />
  <testcase classname="ptolemy.util.test.junit.AutoTests" name="[187] /home/travis/build/icyphy/ptII/ptolemy/actor/lib/test/auto/LazyInnerClass.xml (RunModel)" time="0.019" />
  <testcase classname="ptolemy.util.test.junit.AutoTests" name="[188] /home/travis/build/icyphy/ptII/ptolemy/actor/lib/test/auto/LazyPubSub.xml (RunModel)" time="0.03" />
  <testcase classname="ptolemy.util.test.junit.AutoTests" name="[189] /home/travis/build/icyphy/ptII/ptolemy/actor/lib/test/auto/LazyPubSub2.xml (RunModel)" time="0.069" />
  <testcase classname="ptolemy.util.test.junit.AutoTests" name="[190] /home/travis/build/icyphy/ptII/ptolemy/actor/lib/test/auto/LazyPubSub3.xml (RunModel)" time="0.054" />
  <testcase classname="ptolemy.util.test.junit.AutoTests" name="[191] /home/travis/build/icyphy/ptII/ptolemy/actor/lib/test/auto/LazySubClassModel.xml (RunModel)" time="0.036" />
  <testcase classname="ptolemy.util.test.junit.AutoTests" name="[192] /home/travis/build/icyphy/ptII/ptolemy/actor/lib/test/auto/LevelCrossTest1.xml (RunModel)" time="0.009" />
  <testcase classname="ptolemy.util.test.junit.AutoTests" name="[193] /home/travis/build/icyphy/ptII/ptolemy/actor/lib/test/auto/LevelCrossTest10.xml (RunModel)" time="0.013" />
  <testcase classname="ptolemy.util.test.junit.AutoTests" name="[194] /home/travis/build/icyphy/ptII/ptolemy/actor/lib/test/auto/LevelCrossTest11.xml (RunModel)" time="0.012" />
  <testcase classname="ptolemy.util.test.junit.AutoTests" name="[195] /home/travis/build/icyphy/ptII/ptolemy/actor/lib/test/auto/LevelCrossTest12.xml (RunModel)" time="0.011" />
  <testcase classname="ptolemy.util.test.junit.AutoTests" name="[196] /home/travis/build/icyphy/ptII/ptolemy/actor/lib/test/auto/LevelCrossTest13.xml (RunModel)" time="0.012" />
  <testcase classname="ptolemy.util.test.junit.AutoTests" name="[197] /home/travis/build/icyphy/ptII/ptolemy/actor/lib/test/auto/LevelCrossTest2.xml (RunModel)" time="0.021" />
  <testcase classname="ptolemy.util.test.junit.AutoTests" name="[198] /home/travis/build/icyphy/ptII/ptolemy/actor/lib/test/auto/LevelCrossTest3.xml (RunModel)" time="0.01" />
  <testcase classname="ptolemy.util.test.junit.AutoTests" name="[199] /home/travis/build/icyphy/ptII/ptolemy/actor/lib/test/auto/LevelCrossTest4.xml (RunModel)" time="0.009" />
  <testcase classname="ptolemy.util.test.junit.AutoTests" name="[200] /home/travis/build/icyphy/ptII/ptolemy/actor/lib/test/auto/LevelCrossTest5.xml (RunModel)" time="0.016" />
  <testcase classname="ptolemy.util.test.junit.AutoTests" name="[201] /home/travis/build/icyphy/ptII/ptolemy/actor/lib/test/auto/LevelCrossTest6.xml (RunModel)" time="0.016" />
  <testcase classname="ptolemy.util.test.junit.AutoTests" name="[202] /home/travis/build/icyphy/ptII/ptolemy/actor/lib/test/auto/LevelCrossTest7.xml (RunModel)" time="0.014" />
  <testcase classname="ptolemy.util.test.junit.AutoTests" name="[203] /home/travis/build/icyphy/ptII/ptolemy/actor/lib/test/auto/LevelCrossTest8.xml (RunModel)" time="0.013" />
  <testcase classname="ptolemy.util.test.junit.AutoTests" name="[204] /home/travis/build/icyphy/ptII/ptolemy/actor/lib/test/auto/LevelCrossTest9.xml (RunModel)" time="0.014" />
  <testcase classname="ptolemy.util.test.junit.AutoTests" name="[205] /home/travis/build/icyphy/ptII/ptolemy/actor/lib/test/auto/LevinsonDurbin.xml (RunModel)" time="0.015" />
  <testcase classname="ptolemy.util.test.junit.AutoTests" name="[206] /home/travis/build/icyphy/ptII/ptolemy/actor/lib/test/auto/LevinsonDurbin2.xml (RunModel)" time="0.017" />
  <testcase classname="ptolemy.util.test.junit.AutoTests" name="[207] /home/travis/build/icyphy/ptII/ptolemy/actor/lib/test/auto/LevinsonDurbin3.xml (RunModel)" time="0.009" />
  <testcase classname="ptolemy.util.test.junit.AutoTests" name="[208] /home/travis/build/icyphy/ptII/ptolemy/actor/lib/test/auto/Limiter.xml (RunModel)" time="0.041" />
  <testcase classname="ptolemy.util.test.junit.AutoTests" name="[209] /home/travis/build/icyphy/ptII/ptolemy/actor/lib/test/auto/LinearDifferenceEquationSystem.xml (RunModel)" time="0.022" />
  <testcase classname="ptolemy.util.test.junit.AutoTests" name="[210] /home/travis/build/icyphy/ptII/ptolemy/actor/lib/test/auto/LookupTable.xml (RunModel)" time="0.024" />
  <testcase classname="ptolemy.util.test.junit.AutoTests" name="[211] /home/travis/build/icyphy/ptII/ptolemy/actor/lib/test/auto/MathFunction.xml (RunModel)" time="0.026" />
  <testcase classname="ptolemy.util.test.junit.AutoTests" name="[212] /home/travis/build/icyphy/ptII/ptolemy/actor/lib/test/auto/MathFunction2.xml (RunModel)" time="0.013" />
  <testcase classname="ptolemy.util.test.junit.AutoTests" name="[213] /home/travis/build/icyphy/ptII/ptolemy/actor/lib/test/auto/MathFunction3.xml (RunModel)" time="0.021" />
  <testcase classname="ptolemy.util.test.junit.AutoTests" name="[214] /home/travis/build/icyphy/ptII/ptolemy/actor/lib/test/auto/MatrixCropBoolean.xml (RunModel)" time="0.015" />
  <testcase classname="ptolemy.util.test.junit.AutoTests" name="[215] /home/travis/build/icyphy/ptII/ptolemy/actor/lib/test/auto/MatrixCropComplex.xml (RunModel)" time="0.008" />
  <testcase classname="ptolemy.util.test.junit.AutoTests" name="[216] /home/travis/build/icyphy/ptII/ptolemy/actor/lib/test/auto/MatrixCropDouble.xml (RunModel)" time="0.008" />
  <testcase classname="ptolemy.util.test.junit.AutoTests" name="[217] /home/travis/build/icyphy/ptII/ptolemy/actor/lib/test/auto/MatrixCropFix.xml (RunModel)" time="0.009" />
  <testcase classname="ptolemy.util.test.junit.AutoTests" name="[218] /home/travis/build/icyphy/ptII/ptolemy/actor/lib/test/auto/MatrixCropInt.xml (RunModel)" time="0.009" />
  <testcase classname="ptolemy.util.test.junit.AutoTests" name="[219] /home/travis/build/icyphy/ptII/ptolemy/actor/lib/test/auto/MatrixCropLong.xml (RunModel)" time="0.008" />
  <testcase classname="ptolemy.util.test.junit.AutoTests" name="[220] /home/travis/build/icyphy/ptII/ptolemy/actor/lib/test/auto/MatrixToArray.xml (RunModel)" time="0.054" />
  <testcase classname="ptolemy.util.test.junit.AutoTests" name="[221] /home/travis/build/icyphy/ptII/ptolemy/actor/lib/test/auto/MaxIndex.xml (RunModel)" time="0.012" />
  <testcase classname="ptolemy.util.test.junit.AutoTests" name="[222] /home/travis/build/icyphy/ptII/ptolemy/actor/lib/test/auto/Maximum.xml (RunModel)" time="0.012" />
  <testcase classname="ptolemy.util.test.junit.AutoTests" name="[223] /home/travis/build/icyphy/ptII/ptolemy/actor/lib/test/auto/MaximumComplex.xml (RunModel)" time="0.013" />
  <testcase classname="ptolemy.util.test.junit.AutoTests" name="[224] /home/travis/build/icyphy/ptII/ptolemy/actor/lib/test/auto/MethodCallTest.xml (RunModel)" time="0.036" />
  <testcase classname="ptolemy.util.test.junit.AutoTests" name="[225] /home/travis/build/icyphy/ptII/ptolemy/actor/lib/test/auto/Minimum.xml (RunModel)" time="0.014" />
  <testcase classname="ptolemy.util.test.junit.AutoTests" name="[226] /home/travis/build/icyphy/ptII/ptolemy/actor/lib/test/auto/MinimumComplex.xml (RunModel)" time="0.023" />
  <testcase classname="ptolemy.util.test.junit.AutoTests" name="[227] /home/travis/build/icyphy/ptII/ptolemy/actor/lib/test/auto/MinimumMultiports.xml (RunModel)" time="0.015" />
  <testcase classname="ptolemy.util.test.junit.AutoTests" name="[228] /home/travis/build/icyphy/ptII/ptolemy/actor/lib/test/auto/ModifyDate.xml (RunModel)" time="0.039" />
  <testcase classname="ptolemy.util.test.junit.AutoTests" name="[229] /home/travis/build/icyphy/ptII/ptolemy/actor/lib/test/auto/ModifyDate2.xml (RunModel)" time="0.023" />
  <testcase classname="ptolemy.util.test.junit.AutoTests" name="[230] /home/travis/build/icyphy/ptII/ptolemy/actor/lib/test/auto/MovingAverage.xml (RunModel)" time="0.01" />
  <testcase classname="ptolemy.util.test.junit.AutoTests" name="[231] /home/travis/build/icyphy/ptII/ptolemy/actor/lib/test/auto/MovingMaximum.xml (RunModel)" time="0.01" />
  <testcase classname="ptolemy.util.test.junit.AutoTests" name="[232] /home/travis/build/icyphy/ptII/ptolemy/actor/lib/test/auto/MultipleLinksToSameRelation.xml (RunModel)" time="0.009" />
  <testcase classname="ptolemy.util.test.junit.AutoTests" name="[233] /home/travis/build/icyphy/ptII/ptolemy/actor/lib/test/auto/MultipleLinksToSameRelationDE.xml (RunModel)" time="0.008" />
  <testcase classname="ptolemy.util.test.junit.AutoTests" name="[234] /home/travis/build/icyphy/ptII/ptolemy/actor/lib/test/auto/Multiplexor.xml (RunModel)" time="0.01" />
  <testcase classname="ptolemy.util.test.junit.AutoTests" name="[235] /home/travis/build/icyphy/ptII/ptolemy/actor/lib/test/auto/Multiplexor1.xml (RunModel)" time="0.01" />
  <testcase classname="ptolemy.util.test.junit.AutoTests" name="[236] /home/travis/build/icyphy/ptII/ptolemy/actor/lib/test/auto/Multiplexor2.xml (RunModel)" time="0.016" />
  <testcase classname="ptolemy.util.test.junit.AutoTests" name="[237] /home/travis/build/icyphy/ptII/ptolemy/actor/lib/test/auto/Multiplexor3.xml (RunModel)" time="0.009" />
  <testcase classname="ptolemy.util.test.junit.AutoTests" name="[238] /home/travis/build/icyphy/ptII/ptolemy/actor/lib/test/auto/MultiplexorDE.xml (RunModel)" time="0.016" />
  <testcase classname="ptolemy.util.test.junit.AutoTests" name="[239] /home/travis/build/icyphy/ptII/ptolemy/actor/lib/test/auto/MultiportBroadcastTest.xml (RunModel)" time="0.108" />
  <testcase classname="ptolemy.util.test.junit.AutoTests" name="[240] /home/travis/build/icyphy/ptII/ptolemy/actor/lib/test/auto/MultiportOutHangDuringGetWidth.xml (RunModel)" time="0.039" />
  <testcase classname="ptolemy.util.test.junit.AutoTests" name="[241] /home/travis/build/icyphy/ptII/ptolemy/actor/lib/test/auto/NilToken.xml (RunModel)" time="0.013" />
  <testcase classname="ptolemy.util.test.junit.AutoTests" name="[242] /home/travis/build/icyphy/ptII/ptolemy/actor/lib/test/auto/NilTokenNonStrictTest.xml (RunModel)" time="0.011" />
  <testcase classname="ptolemy.util.test.junit.AutoTests" name="[243] /home/travis/build/icyphy/ptII/ptolemy/actor/lib/test/auto/NilTokenRecord.xml (RunModel)" time="0.026" />
  <testcase classname="ptolemy.util.test.junit.AutoTests" name="[244] /home/travis/build/icyphy/ptII/ptolemy/actor/lib/test/auto/NilTokenTypeTest.xml (RunModel)" time="0.028" />
  <testcase classname="ptolemy.util.test.junit.AutoTests" name="[245] /home/travis/build/icyphy/ptII/ptolemy/actor/lib/test/auto/ObjectToken1.xml (RunModel)" time="0.008" />
  <testcase classname="ptolemy.util.test.junit.AutoTests" name="[246] /home/travis/build/icyphy/ptII/ptolemy/actor/lib/test/auto/OrderedMerge.xml (RunModel)" time="0.019" />
  <testcase classname="ptolemy.util.test.junit.AutoTests" name="[247] /home/travis/build/icyphy/ptII/ptolemy/actor/lib/test/auto/OrderedRecordDisassembler.xml (RunModel)" time="0.017" />
  <testcase classname="ptolemy.util.test.junit.AutoTests" name="[248] /home/travis/build/icyphy/ptII/ptolemy/actor/lib/test/auto/OrderedRecordDisassembler2.xml (RunModel)" time="0.019" />
  <testcase classname="ptolemy.util.test.junit.AutoTests" name="[249] /home/travis/build/icyphy/ptII/ptolemy/actor/lib/test/auto/OrderedRecordUpdater.xml (RunModel)" time="0.011" />
  <testcase classname="ptolemy.util.test.junit.AutoTests" name="[250] /home/travis/build/icyphy/ptII/ptolemy/actor/lib/test/auto/OrderedRecordUpdater2.xml (RunModel)" time="0.016" />
  <testcase classname="ptolemy.util.test.junit.AutoTests" name="[251] /home/travis/build/icyphy/ptII/ptolemy/actor/lib/test/auto/PhaseUnwrap.xml (RunModel)" time="0.02" />
  <testcase classname="ptolemy.util.test.junit.AutoTests" name="[252] /home/travis/build/icyphy/ptII/ptolemy/actor/lib/test/auto/PoissonClock.xml (RunModel)" time="0.009" />
  <testcase classname="ptolemy.util.test.junit.AutoTests" name="[253] /home/travis/build/icyphy/ptII/ptolemy/actor/lib/test/auto/PoissonClock2.xml (RunModel)" time="0.007" />
  <testcase classname="ptolemy.util.test.junit.AutoTests" name="[254] /home/travis/build/icyphy/ptII/ptolemy/actor/lib/test/auto/PoissonClock3.xml (RunModel)" time="0.025" />
  <testcase classname="ptolemy.util.test.junit.AutoTests" name="[255] /home/travis/build/icyphy/ptII/ptolemy/actor/lib/test/auto/PubSubWithInitialTokens.xml (RunModel)" time="0.015" />
  <testcase classname="ptolemy.util.test.junit.AutoTests" name="[256] /home/travis/build/icyphy/ptII/ptolemy/actor/lib/test/auto/PubSubWithInitialTokens2.xml (RunModel)" time="0.013" />
  <testcase classname="ptolemy.util.test.junit.AutoTests" name="[257] /home/travis/build/icyphy/ptII/ptolemy/actor/lib/test/auto/PublisherClassNoParameter.xml (RunModel)" time="0.023" />
  <testcase classname="ptolemy.util.test.junit.AutoTests" name="[258] /home/travis/build/icyphy/ptII/ptolemy/actor/lib/test/auto/PublisherClassParameter.xml (RunModel)" time="0.02" />
  <testcase classname="ptolemy.util.test.junit.AutoTests" name="[259] /home/travis/build/icyphy/ptII/ptolemy/actor/lib/test/auto/PublisherNonStrictTest.xml (RunModel)" time="0.014" />
  <testcase classname="ptolemy.util.test.junit.AutoTests" name="[260] /home/travis/build/icyphy/ptII/ptolemy/actor/lib/test/auto/PublisherPort1.xml (RunModel)" time="0.009" />
  <testcase classname="ptolemy.util.test.junit.AutoTests" name="[261] /home/travis/build/icyphy/ptII/ptolemy/actor/lib/test/auto/PublisherPort2.xml (RunModel)" time="0.008" />
  <testcase classname="ptolemy.util.test.junit.AutoTests" name="[262] /home/travis/build/icyphy/ptII/ptolemy/actor/lib/test/auto/PublisherPort3.xml (RunModel)" time="0.018" />
  <testcase classname="ptolemy.util.test.junit.AutoTests" name="[263] /home/travis/build/icyphy/ptII/ptolemy/actor/lib/test/auto/PublisherPort4.xml (RunModel)" time="0.015" />
  <testcase classname="ptolemy.util.test.junit.AutoTests" name="[264] /home/travis/build/icyphy/ptII/ptolemy/actor/lib/test/auto/PublisherPort5.xml (RunModel)" time="0.013" />
  <testcase classname="ptolemy.util.test.junit.AutoTests" name="[265] /home/travis/build/icyphy/ptII/ptolemy/actor/lib/test/auto/PublisherPort5LookAlike.xml (RunModel)" time="0.017" />
  <testcase classname="ptolemy.util.test.junit.AutoTests" name="[266] /home/travis/build/icyphy/ptII/ptolemy/actor/lib/test/auto/PublisherPort6.xml (RunModel)" time="0.017" />
  <testcase classname="ptolemy.util.test.junit.AutoTests" name="[267] /home/travis/build/icyphy/ptII/ptolemy/actor/lib/test/auto/PublisherPort7.xml (RunModel)" time="0.015" />
  <testcase classname="ptolemy.util.test.junit.AutoTests" name="[268] /home/travis/build/icyphy/ptII/ptolemy/actor/lib/test/auto/PublisherPort8.xml (RunModel)" time="0.017" />
  <testcase classname="ptolemy.util.test.junit.AutoTests" name="[269] /home/travis/build/icyphy/ptII/ptolemy/actor/lib/test/auto/PublisherPortSubscriberChannelVariablesAOC2.xml (RunModel)" time="0.036" />
  <testcase classname="ptolemy.util.test.junit.AutoTests" name="[270] /home/travis/build/icyphy/ptII/ptolemy/actor/lib/test/auto/PublisherPortSubscriberOpaqueWidthInference.xml (RunModel)" time="0.018" />
  <testcase classname="ptolemy.util.test.junit.AutoTests" name="[271] /home/travis/build/icyphy/ptII/ptolemy/actor/lib/test/auto/PublisherPortSubscriberPortAdjacent.xml (RunModel)" time="0.018" />
  <testcase classname="ptolemy.util.test.junit.AutoTests" name="[272] /home/travis/build/icyphy/ptII/ptolemy/actor/lib/test/auto/PublisherPortSubscriberPortExpression.xml (RunModel)" time="0.015" />
  <testcase classname="ptolemy.util.test.junit.AutoTests" name="[273] /home/travis/build/icyphy/ptII/ptolemy/actor/lib/test/auto/PublisherPortSubscriberPortOpaqueD3Reverse.xml (RunModel)" time="0.019" />
  <testcase classname="ptolemy.util.test.junit.AutoTests" name="[274] /home/travis/build/icyphy/ptII/ptolemy/actor/lib/test/auto/PublisherPortSubscriberPortOpaqueWidthInference.xml (RunModel)" time="0.022" />
  <testcase classname="ptolemy.util.test.junit.AutoTests" name="[275] /home/travis/build/icyphy/ptII/ptolemy/actor/lib/test/auto/PublisherPortToplevelSubscriberPortAOC.xml (RunModel)" time="0.011" />
  <testcase classname="ptolemy.util.test.junit.AutoTests" name="[276] /home/travis/build/icyphy/ptII/ptolemy/actor/lib/test/auto/PublisherSubscriber.xml (RunModel)" time="0.015" />
  <testcase classname="ptolemy.util.test.junit.AutoTests" name="[277] /home/travis/build/icyphy/ptII/ptolemy/actor/lib/test/auto/PublisherSubscriber10.xml (RunModel)" time="0.02" />
  <testcase classname="ptolemy.util.test.junit.AutoTests" name="[278] /home/travis/build/icyphy/ptII/ptolemy/actor/lib/test/auto/PublisherSubscriber10InitialOutputs.xml (RunModel)" time="0.027" />
  <testcase classname="ptolemy.util.test.junit.AutoTests" name="[279] /home/travis/build/icyphy/ptII/ptolemy/actor/lib/test/auto/PublisherSubscriber11.xml (RunModel)" time="0.025" />
  <testcase classname="ptolemy.util.test.junit.AutoTests" name="[280] /home/travis/build/icyphy/ptII/ptolemy/actor/lib/test/auto/PublisherSubscriber12.xml (RunModel)" time="0.022" />
  <testcase classname="ptolemy.util.test.junit.AutoTests" name="[281] /home/travis/build/icyphy/ptII/ptolemy/actor/lib/test/auto/PublisherSubscriber13.xml (RunModel)" time="0.01" />
  <testcase classname="ptolemy.util.test.junit.AutoTests" name="[282] /home/travis/build/icyphy/ptII/ptolemy/actor/lib/test/auto/PublisherSubscriber14.xml (RunModel)" time="0.031" />
  <testcase classname="ptolemy.util.test.junit.AutoTests" name="[283] /home/travis/build/icyphy/ptII/ptolemy/actor/lib/test/auto/PublisherSubscriber2.xml (RunModel)" time="0.011" />
  <testcase classname="ptolemy.util.test.junit.AutoTests" name="[284] /home/travis/build/icyphy/ptII/ptolemy/actor/lib/test/auto/PublisherSubscriber3.xml (RunModel)" time="0.009" />
  <testcase classname="ptolemy.util.test.junit.AutoTests" name="[285] /home/travis/build/icyphy/ptII/ptolemy/actor/lib/test/auto/PublisherSubscriber4.xml (RunModel)" time="0.009" />
  <testcase classname="ptolemy.util.test.junit.AutoTests" name="[286] /home/travis/build/icyphy/ptII/ptolemy/actor/lib/test/auto/PublisherSubscriber5.xml (RunModel)" time="0.011" />
  <testcase classname="ptolemy.util.test.junit.AutoTests" name="[287] /home/travis/build/icyphy/ptII/ptolemy/actor/lib/test/auto/PublisherSubscriber6.xml (RunModel)" time="0.018" />
  <testcase classname="ptolemy.util.test.junit.AutoTests" name="[288] /home/travis/build/icyphy/ptII/ptolemy/actor/lib/test/auto/PublisherSubscriber7.xml (RunModel)" time="0.018" />
  <testcase classname="ptolemy.util.test.junit.AutoTests" name="[289] /home/travis/build/icyphy/ptII/ptolemy/actor/lib/test/auto/PublisherSubscriber8.xml (RunModel)" time="0.04" />
  <testcase classname="ptolemy.util.test.junit.AutoTests" name="[290] /home/travis/build/icyphy/ptII/ptolemy/actor/lib/test/auto/PublisherSubscriber9.xml (RunModel)" time="0.019" />
  <testcase classname="ptolemy.util.test.junit.AutoTests" name="[291] /home/travis/build/icyphy/ptII/ptolemy/actor/lib/test/auto/PublisherSubscriberAdjacent.xml (RunModel)" time="0.015" />
  <testcase classname="ptolemy.util.test.junit.AutoTests" name="[292] /home/travis/build/icyphy/ptII/ptolemy/actor/lib/test/auto/PublisherSubscriberChannelVariablesAOC2.xml (RunModel)" time="0.026" />
  <testcase classname="ptolemy.util.test.junit.AutoTests" name="[293] /home/travis/build/icyphy/ptII/ptolemy/actor/lib/test/auto/PublisherSubscriberD3.xml (RunModel)" time="0.012" />
  <testcase classname="ptolemy.util.test.junit.AutoTests" name="[294] /home/travis/build/icyphy/ptII/ptolemy/actor/lib/test/auto/PublisherSubscriberD3Reverse.xml (RunModel)" time="0.01" />
  <testcase classname="ptolemy.util.test.junit.AutoTests" name="[295] /home/travis/build/icyphy/ptII/ptolemy/actor/lib/test/auto/PublisherSubscriberExpression.xml (RunModel)" time="0.015" />
  <testcase classname="ptolemy.util.test.junit.AutoTests" name="[296] /home/travis/build/icyphy/ptII/ptolemy/actor/lib/test/auto/PublisherSubscriberOpaque.xml (RunModel)" time="0.028" />
  <testcase classname="ptolemy.util.test.junit.AutoTests" name="[297] /home/travis/build/icyphy/ptII/ptolemy/actor/lib/test/auto/PublisherSubscriberOpaqueD3.xml (RunModel)" time="0.023" />
  <testcase classname="ptolemy.util.test.junit.AutoTests" name="[298] /home/travis/build/icyphy/ptII/ptolemy/actor/lib/test/auto/PublisherSubscriberOpaqueD3Reverse.xml (RunModel)" time="0.021" />
  <testcase classname="ptolemy.util.test.junit.AutoTests" name="[299] /home/travis/build/icyphy/ptII/ptolemy/actor/lib/test/auto/PublisherSubscriberOpaqueWidthInference.xml (RunModel)" time="0.015" />
  <testcase classname="ptolemy.util.test.junit.AutoTests" name="[300] /home/travis/build/icyphy/ptII/ptolemy/actor/lib/test/auto/PublisherTestSubscriber.xml (RunModel)" time="0.016" />
  <testcase classname="ptolemy.util.test.junit.AutoTests" name="[301] /home/travis/build/icyphy/ptII/ptolemy/actor/lib/test/auto/PublisherToplevelSubscriberPortAOC.xml (RunModel)" time="0.012" />
  <testcase classname="ptolemy.util.test.junit.AutoTests" name="[302] /home/travis/build/icyphy/ptII/ptolemy/actor/lib/test/auto/PulseFiringLimitDE.xml (RunModel)" time="0.015" />
  <testcase classname="ptolemy.util.test.junit.AutoTests" name="[303] /home/travis/build/icyphy/ptII/ptolemy/actor/lib/test/auto/Ramp1.xml (RunModel)" time="0.006" />
  <testcase classname="ptolemy.util.test.junit.AutoTests" name="[304] /home/travis/build/icyphy/ptII/ptolemy/actor/lib/test/auto/RampFiringLimitDE.xml (RunModel)" time="0.011" />
  <testcase classname="ptolemy.util.test.junit.AutoTests" name="[305] /home/travis/build/icyphy/ptII/ptolemy/actor/lib/test/auto/RampFiringLimitSDF.xml (RunModel)" time="0.009" />
  <testcase classname="ptolemy.util.test.junit.AutoTests" name="[306] /home/travis/build/icyphy/ptII/ptolemy/actor/lib/test/auto/RandomInteger.xml (RunModel)" time="0.008" />
  <testcase classname="ptolemy.util.test.junit.AutoTests" name="[307] /home/travis/build/icyphy/ptII/ptolemy/actor/lib/test/auto/ReadFile1.xml (RunModel)" time="0.008" />
  <testcase classname="ptolemy.util.test.junit.AutoTests" name="[308] /home/travis/build/icyphy/ptII/ptolemy/actor/lib/test/auto/ReadFile2.xml (RunModel)" time="0.008" />
  <testcase classname="ptolemy.util.test.junit.AutoTests" name="[309] /home/travis/build/icyphy/ptII/ptolemy/actor/lib/test/auto/Reader.xml (RunModel)" time="0.013" />
  <testcase classname="ptolemy.util.test.junit.AutoTests" name="[310] /home/travis/build/icyphy/ptII/ptolemy/actor/lib/test/auto/RecordAssemblerDisplayNameTest.xml (RunModel)" time="3.211" />
  <testcase classname="ptolemy.util.test.junit.AutoTests" name="[311] /home/travis/build/icyphy/ptII/ptolemy/actor/lib/test/auto/RecordAssemblerTypeError.xml (RunModel)" time="0.035" />
  <testcase classname="ptolemy.util.test.junit.AutoTests" name="[312] /home/travis/build/icyphy/ptII/ptolemy/actor/lib/test/auto/RecordDisassember.xml (RunModel)" time="0.025" />
  <testcase classname="ptolemy.util.test.junit.AutoTests" name="[313] /home/travis/build/icyphy/ptII/ptolemy/actor/lib/test/auto/RecordDisassemberDisplayNameTest.xml (RunModel)" time="0.021" />
  <testcase classname="ptolemy.util.test.junit.AutoTests" name="[314] /home/travis/build/icyphy/ptII/ptolemy/actor/lib/test/auto/RecordDisassembler.xml (RunModel)" time="0.01" />
  <testcase classname="ptolemy.util.test.junit.AutoTests" name="[315] /home/travis/build/icyphy/ptII/ptolemy/actor/lib/test/auto/RecordDisassembler2.xml (RunModel)" time="0.009" />
  <testcase classname="ptolemy.util.test.junit.AutoTests" name="[316] /home/travis/build/icyphy/ptII/ptolemy/actor/lib/test/auto/RecordUpdater.xml (RunModel)" time="0.011" />
  <testcase classname="ptolemy.util.test.junit.AutoTests" name="[317] /home/travis/build/icyphy/ptII/ptolemy/actor/lib/test/auto/RecordUpdater2.xml (RunModel)" time="0.008" />
  <testcase classname="ptolemy.util.test.junit.AutoTests" name="[318] /home/travis/build/icyphy/ptII/ptolemy/actor/lib/test/auto/RecursiveLattice.xml (RunModel)" time="0.016" />
  <testcase classname="ptolemy.util.test.junit.AutoTests" name="[319] /home/travis/build/icyphy/ptII/ptolemy/actor/lib/test/auto/Router.xml (RunModel)" time="3.024" />
  <testcase classname="ptolemy.util.test.junit.AutoTests" name="[320] /home/travis/build/icyphy/ptII/ptolemy/actor/lib/test/auto/Router2.xml (RunModel)" time="3.032" />
  <testcase classname="ptolemy.util.test.junit.AutoTests" name="[321] /home/travis/build/icyphy/ptII/ptolemy/actor/lib/test/auto/RunningMaximum.xml (RunModel)" time="0.015" />
  <testcase classname="ptolemy.util.test.junit.AutoTests" name="[322] /home/travis/build/icyphy/ptII/ptolemy/actor/lib/test/auto/RunningMinimum.xml (RunModel)" time="0.019" />
  <testcase classname="ptolemy.util.test.junit.AutoTests" name="[323] /home/travis/build/icyphy/ptII/ptolemy/actor/lib/test/auto/Scale.xml (RunModel)" time="0.007" />
  <testcase classname="ptolemy.util.test.junit.AutoTests" name="[324] /home/travis/build/icyphy/ptII/ptolemy/actor/lib/test/auto/Scale2.xml (RunModel)" time="0.01" />
  <testcase classname="ptolemy.util.test.junit.AutoTests" name="[325] /home/travis/build/icyphy/ptII/ptolemy/actor/lib/test/auto/Scale3.xml (RunModel)" time="0.014" />
  <testcase classname="ptolemy.util.test.junit.AutoTests" name="[326] /home/travis/build/icyphy/ptII/ptolemy/actor/lib/test/auto/ScaleArray.xml (RunModel)" time="0.007" />
  <testcase classname="ptolemy.util.test.junit.AutoTests" name="[327] /home/travis/build/icyphy/ptII/ptolemy/actor/lib/test/auto/ScaleArray2.xml (RunModel)" time="0.008" />
  <testcase classname="ptolemy.util.test.junit.AutoTests" name="[328] /home/travis/build/icyphy/ptII/ptolemy/actor/lib/test/auto/ScaleMatrix.xml (RunModel)" time="0.222" />
  <testcase classname="ptolemy.util.test.junit.AutoTests" name="[329] /home/travis/build/icyphy/ptII/ptolemy/actor/lib/test/auto/Select.xml (RunModel)" time="0.013" />
  <testcase classname="ptolemy.util.test.junit.AutoTests" name="[330] /home/travis/build/icyphy/ptII/ptolemy/actor/lib/test/auto/Select2.xml (RunModel)" time="0.008" />
  <testcase classname="ptolemy.util.test.junit.AutoTests" name="[331] /home/travis/build/icyphy/ptII/ptolemy/actor/lib/test/auto/SequenceToArray2.xml (RunModel)" time="0.137" />
  <testcase classname="ptolemy.util.test.junit.AutoTests" name="[332] /home/travis/build/icyphy/ptII/ptolemy/actor/lib/test/auto/SequentialClock.xml (RunModel)" time="0.016" />
  <testcase classname="ptolemy.util.test.junit.AutoTests" name="[333] /home/travis/build/icyphy/ptII/ptolemy/actor/lib/test/auto/SetVariable.xml (RunModel)" time="0.011" />
  <testcase classname="ptolemy.util.test.junit.AutoTests" name="[334] /home/travis/build/icyphy/ptII/ptolemy/actor/lib/test/auto/SetVariable2.xml (RunModel)" time="0.011" />
  <testcase classname="ptolemy.util.test.junit.AutoTests" name="[335] /home/travis/build/icyphy/ptII/ptolemy/actor/lib/test/auto/SetVariable3.xml (RunModel)" time="0.017" />
  <testcase classname="ptolemy.util.test.junit.AutoTests" name="[336] /home/travis/build/icyphy/ptII/ptolemy/actor/lib/test/auto/SetVariable4.xml (RunModel)" time="0.03" />
  <testcase classname="ptolemy.util.test.junit.AutoTests" name="[337] /home/travis/build/icyphy/ptII/ptolemy/actor/lib/test/auto/SetVariable5.xml (RunModel)" time="0.038" />
  <testcase classname="ptolemy.util.test.junit.AutoTests" name="[338] /home/travis/build/icyphy/ptII/ptolemy/actor/lib/test/auto/Sinewave.xml (RunModel)" time="0.028" />
  <testcase classname="ptolemy.util.test.junit.AutoTests" name="[339] /home/travis/build/icyphy/ptII/ptolemy/actor/lib/test/auto/Sinewave2.xml (RunModel)" time="0.017" />
  <testcase classname="ptolemy.util.test.junit.AutoTests" name="[340] /home/travis/build/icyphy/ptII/ptolemy/actor/lib/test/auto/Sinewave3.xml (RunModel)" time="0.03" />
  <testcase classname="ptolemy.util.test.junit.AutoTests" name="[341] /home/travis/build/icyphy/ptII/ptolemy/actor/lib/test/auto/SingleEvent.xml (RunModel)" time="0.009" />
  <testcase classname="ptolemy.util.test.junit.AutoTests" name="[342] /home/travis/build/icyphy/ptII/ptolemy/actor/lib/test/auto/Sleep.xml (RunModel)" time="6.012" />
  <testcase classname="ptolemy.util.test.junit.AutoTests" name="[343] /home/travis/build/icyphy/ptII/ptolemy/actor/lib/test/auto/SleepMultipleFire.xml (RunModel)" time="1.019" />
  <testcase classname="ptolemy.util.test.junit.AutoTests" name="[344] /home/travis/build/icyphy/ptII/ptolemy/actor/lib/test/auto/StopDE.xml (RunModel)" time="0.013" />
  <testcase classname="ptolemy.util.test.junit.AutoTests" name="[345] /home/travis/build/icyphy/ptII/ptolemy/actor/lib/test/auto/StopSDF.xml (RunModel)" time="0.011" />
  <testcase classname="ptolemy.util.test.junit.AutoTests" name="[346] /home/travis/build/icyphy/ptII/ptolemy/actor/lib/test/auto/StringConstant.xml (RunModel)" time="0.015" />
  <testcase classname="ptolemy.util.test.junit.AutoTests" name="[347] /home/travis/build/icyphy/ptII/ptolemy/actor/lib/test/auto/SubscriberPortInitialValues1.xml (RunModel)" time="0.023" />
  <testcase classname="ptolemy.util.test.junit.AutoTests" name="[348] /home/travis/build/icyphy/ptII/ptolemy/actor/lib/test/auto/SubscriberPortInitialValues13.xml (RunModel)" time="0.024" />
  <testcase classname="ptolemy.util.test.junit.AutoTests" name="[349] /home/travis/build/icyphy/ptII/ptolemy/actor/lib/test/auto/SubscriberPortInitialValues14.xml (RunModel)" time="0.013" />
  <testcase classname="ptolemy.util.test.junit.AutoTests" name="[350] /home/travis/build/icyphy/ptII/ptolemy/actor/lib/test/auto/SubscriberPortInitialValues2.xml (RunModel)" time="0.015" />
  <testcase classname="ptolemy.util.test.junit.AutoTests" name="[351] /home/travis/build/icyphy/ptII/ptolemy/actor/lib/test/auto/SubscriberPortInitialValues3.xml (RunModel)" time="0.017" />
  <testcase classname="ptolemy.util.test.junit.AutoTests" name="[352] /home/travis/build/icyphy/ptII/ptolemy/actor/lib/test/auto/SubscriptionAggregator.xml (RunModel)" time="0.011" />
  <testcase classname="ptolemy.util.test.junit.AutoTests" name="[353] /home/travis/build/icyphy/ptII/ptolemy/actor/lib/test/auto/SubscriptionAggregator2.xml (RunModel)" time="0.011" />
  <testcase classname="ptolemy.util.test.junit.AutoTests" name="[354] /home/travis/build/icyphy/ptII/ptolemy/actor/lib/test/auto/SubscriptionAggregator3.xml (RunModel)" time="0.018" />
  <testcase classname="ptolemy.util.test.junit.AutoTests" name="[355] /home/travis/build/icyphy/ptII/ptolemy/actor/lib/test/auto/SubscriptionAggregatorMultiply.xml (RunModel)" time="0.014" />
  <testcase classname="ptolemy.util.test.junit.AutoTests" name="[356] /home/travis/build/icyphy/ptII/ptolemy/actor/lib/test/auto/SubscriptionAggregatorPortMultiply1.xml (RunModel)" time="0.013" />
  <testcase classname="ptolemy.util.test.junit.AutoTests" name="[357] /home/travis/build/icyphy/ptII/ptolemy/actor/lib/test/auto/Switch.xml (RunModel)" time="0.017" />
  <testcase classname="ptolemy.util.test.junit.AutoTests" name="[358] /home/travis/build/icyphy/ptII/ptolemy/actor/lib/test/auto/Switch2.xml (RunModel)" time="0.009" />
  <testcase classname="ptolemy.util.test.junit.AutoTests" name="[359] /home/travis/build/icyphy/ptII/ptolemy/actor/lib/test/auto/SwitchDE.xml (RunModel)" time="0.014" />
  <testcase classname="ptolemy.util.test.junit.AutoTests" name="[360] /home/travis/build/icyphy/ptII/ptolemy/actor/lib/test/auto/SynchronizerDE.xml (RunModel)" time="0.019" />
  <testcase classname="ptolemy.util.test.junit.AutoTests" name="[361] /home/travis/build/icyphy/ptII/ptolemy/actor/lib/test/auto/Test.xml (RunModel)" time="0.008" />
  <testcase classname="ptolemy.util.test.junit.AutoTests" name="[362] /home/travis/build/icyphy/ptII/ptolemy/actor/lib/test/auto/TestExceptionAttribute1.xml (RunModel)" time="0.006" />
  <testcase classname="ptolemy.util.test.junit.AutoTests" name="[363] /home/travis/build/icyphy/ptII/ptolemy/actor/lib/test/auto/TestExceptionAttribute2.xml (RunModel)" time="0.007" />
  <testcase classname="ptolemy.util.test.junit.AutoTests" name="[364] /home/travis/build/icyphy/ptII/ptolemy/actor/lib/test/auto/TestExceptionAttribute3.xml (RunModel)" time="0.009" />
  <testcase classname="ptolemy.util.test.junit.AutoTests" name="[365] /home/travis/build/icyphy/ptII/ptolemy/actor/lib/test/auto/TestExceptionAttribute4.xml (RunModel)" time="0.007" />
  <testcase classname="ptolemy.util.test.junit.AutoTests" name="[366] /home/travis/build/icyphy/ptII/ptolemy/actor/lib/test/auto/TestExceptionHandler1.xml (RunModel)" time="0.011" />
  <testcase classname="ptolemy.util.test.junit.AutoTests" name="[367] /home/travis/build/icyphy/ptII/ptolemy/actor/lib/test/auto/TestExceptionHandler2.xml (RunModel)" time="0.008" />
  <testcase classname="ptolemy.util.test.junit.AutoTests" name="[368] /home/travis/build/icyphy/ptII/ptolemy/actor/lib/test/auto/TestExceptionHandler3.xml (RunModel)" time="0.005" />
  <testcase classname="ptolemy.util.test.junit.AutoTests" name="[369] /home/travis/build/icyphy/ptII/ptolemy/actor/lib/test/auto/TestExceptionHandler4.xml (RunModel)" time="0.005" />
  <testcase classname="ptolemy.util.test.junit.AutoTests" name="[370] /home/travis/build/icyphy/ptII/ptolemy/actor/lib/test/auto/TestRequireCorrectOrder.xml (RunModel)" time="0.017" />
  <testcase classname="ptolemy.util.test.junit.AutoTests" name="[371] /home/travis/build/icyphy/ptII/ptolemy/actor/lib/test/auto/TestSimple.xml (RunModel)" time="0.008" />
  <testcase classname="ptolemy.util.test.junit.AutoTests" name="[372] /home/travis/build/icyphy/ptII/ptolemy/actor/lib/test/auto/ThrowModelError.xml (RunModel)" time="0.009" />
  <testcase classname="ptolemy.util.test.junit.AutoTests" name="[373] /home/travis/build/icyphy/ptII/ptolemy/actor/lib/test/auto/TimeDelayMicrosteps.xml (RunModel)" time="0.012" />
  <testcase classname="ptolemy.util.test.junit.AutoTests" name="[374] /home/travis/build/icyphy/ptII/ptolemy/actor/lib/test/auto/TimeDelayMicrosteps2.xml (RunModel)" time="0.012" />
  <testcase classname="ptolemy.util.test.junit.AutoTests" name="[375] /home/travis/build/icyphy/ptII/ptolemy/actor/lib/test/auto/TimeDelayMicrosteps3.xml (RunModel)" time="0.01" />
  <testcase classname="ptolemy.util.test.junit.AutoTests" name="[376] /home/travis/build/icyphy/ptII/ptolemy/actor/lib/test/auto/TimeDelayVariableMicrosteps.xml (RunModel)" time="0.011" />
  <testcase classname="ptolemy.util.test.junit.AutoTests" name="[377] /home/travis/build/icyphy/ptII/ptolemy/actor/lib/test/auto/TimeGap.xml (RunModel)" time="0.013" />
  <testcase classname="ptolemy.util.test.junit.AutoTests" name="[378] /home/travis/build/icyphy/ptII/ptolemy/actor/lib/test/auto/TimeGap2.xml (RunModel)" time="0.009" />
  <testcase classname="ptolemy.util.test.junit.AutoTests" name="[379] /home/travis/build/icyphy/ptII/ptolemy/actor/lib/test/auto/TimedSinewave.xml (RunModel)" time="0.048" />
  <testcase classname="ptolemy.util.test.junit.AutoTests" name="[380] /home/travis/build/icyphy/ptII/ptolemy/actor/lib/test/auto/TimedSinewavePhase.xml (RunModel)" time="0.037" />
  <testcase classname="ptolemy.util.test.junit.AutoTests" name="[381] /home/travis/build/icyphy/ptII/ptolemy/actor/lib/test/auto/Timer.xml (RunModel)" time="0.015" />
  <testcase classname="ptolemy.util.test.junit.AutoTests" name="[382] /home/travis/build/icyphy/ptII/ptolemy/actor/lib/test/auto/TriangularDistTestModel.xml (RunModel)" time="0.016" />
  <testcase classname="ptolemy.util.test.junit.AutoTests" name="[383] /home/travis/build/icyphy/ptII/ptolemy/actor/lib/test/auto/TrigFunction.xml (RunModel)" time="0.008" />
  <testcase classname="ptolemy.util.test.junit.AutoTests" name="[384] /home/travis/build/icyphy/ptII/ptolemy/actor/lib/test/auto/TrigFunctionDE.xml (RunModel)" time="0.01" />
  <testcase classname="ptolemy.util.test.junit.AutoTests" name="[385] /home/travis/build/icyphy/ptII/ptolemy/actor/lib/test/auto/TrigFunctionInverse.xml (RunModel)" time="0.008" />
  <testcase classname="ptolemy.util.test.junit.AutoTests" name="[386] /home/travis/build/icyphy/ptII/ptolemy/actor/lib/test/auto/TrigFunctionTan.xml (RunModel)" time="0.006" />
  <testcase classname="ptolemy.util.test.junit.AutoTests" name="[387] /home/travis/build/icyphy/ptII/ptolemy/actor/lib/test/auto/TriggeredClock.xml (RunModel)" time="0.008" />
  <testcase classname="ptolemy.util.test.junit.AutoTests" name="[388] /home/travis/build/icyphy/ptII/ptolemy/actor/lib/test/auto/URLDirectoryReader.xml (RunModel)" time="0.117" />
  <testcase classname="ptolemy.util.test.junit.AutoTests" name="[389] /home/travis/build/icyphy/ptII/ptolemy/actor/lib/test/auto/URLDirectoryReader3.xml (RunModel)" time="1.592" />
  <testcase classname="ptolemy.util.test.junit.AutoTests" name="[390] /home/travis/build/icyphy/ptII/ptolemy/actor/lib/test/auto/UnaryMathFunction.xml (RunModel)" time="0.031" />
  <testcase classname="ptolemy.util.test.junit.AutoTests" name="[391] /home/travis/build/icyphy/ptII/ptolemy/actor/lib/test/auto/Uniform.xml (RunModel)" time="0.015" />
  <testcase classname="ptolemy.util.test.junit.AutoTests" name="[392] /home/travis/build/icyphy/ptII/ptolemy/actor/lib/test/auto/UnionDisassemblerTest.xml (RunModel)" time="0.017" />
  <testcase classname="ptolemy.util.test.junit.AutoTests" name="[393] /home/travis/build/icyphy/ptII/ptolemy/actor/lib/test/auto/UtilityFunctions.xml (RunModel)" time="0.007" />
  <testcase classname="ptolemy.util.test.junit.AutoTests" name="[394] /home/travis/build/icyphy/ptII/ptolemy/actor/lib/test/auto/VariableSleep.xml (RunModel)" time="0.512" />
  <testcase classname="ptolemy.util.test.junit.AutoTests" name="[395] /home/travis/build/icyphy/ptII/ptolemy/actor/lib/test/auto/VectorAssemblerDisassemblerCT.xml (RunModel)" time="0.105" />
  <testcase classname="ptolemy.util.test.junit.AutoTests" name="[396] /home/travis/build/icyphy/ptII/ptolemy/actor/lib/test/auto/VectorAssemblerDisassemblerDE.xml (RunModel)" time="0.012" />
  <testcase classname="ptolemy.util.test.junit.AutoTests" name="[397] /home/travis/build/icyphy/ptII/ptolemy/actor/lib/test/auto/VectorAssemblerDisassemblerSDF.xml (RunModel)" time="0.012" />
  <testcase classname="ptolemy.util.test.junit.AutoTests" name="[398] /home/travis/build/icyphy/ptII/ptolemy/actor/lib/test/auto/WallClockTime.xml (RunModel)" time="1.012" />
  <testcase classname="ptolemy.util.test.junit.AutoTests" name="[399] /home/travis/build/icyphy/ptII/ptolemy/actor/lib/test/auto/WidthTestWithSubscriberPublisher.xml (RunModel)" time="0.043" />
  <testcase classname="ptolemy.util.test.junit.AutoTests" name="[400] /home/travis/build/icyphy/ptII/ptolemy/actor/lib/test/auto/WidthTestWithSubscriberPublisher2.xml (RunModel)" time="0.016" />
  <testcase classname="ptolemy.util.test.junit.AutoTests" name="[401] /home/travis/build/icyphy/ptII/ptolemy/actor/lib/test/auto/WidthTestWithSubscriberPublisher3.xml (RunModel)" time="0.011" />
  <testcase classname="ptolemy.util.test.junit.AutoTests" name="[402] /home/travis/build/icyphy/ptII/ptolemy/actor/lib/test/auto/Writer.xml (RunModel)" time="0.007" />
  <testcase classname="ptolemy.util.test.junit.AutoTests" name="[403] /home/travis/build/icyphy/ptII/ptolemy/actor/lib/test/auto/array.xml (RunModel)" time="0.022" />
  <testcase classname="ptolemy.util.test.junit.AutoTests" name="[404] /home/travis/build/icyphy/ptII/ptolemy/actor/lib/test/auto/array2.xml (RunModel)" time="0.023" />
  <testcase classname="ptolemy.util.test.junit.AutoTests" name="[405] /home/travis/build/icyphy/ptII/ptolemy/actor/lib/test/auto/arrayType.xml (RunModel)" time="0.01" />
  <testcase classname="ptolemy.util.test.junit.AutoTests" name="[406] /home/travis/build/icyphy/ptII/ptolemy/actor/lib/test/auto/arrayType10.xml (RunModel)" time="0.008" />
  <testcase classname="ptolemy.util.test.junit.AutoTests" name="[407] /home/travis/build/icyphy/ptII/ptolemy/actor/lib/test/auto/arrayType11.xml (RunModel)" time="0.008" />
  <testcase classname="ptolemy.util.test.junit.AutoTests" name="[408] /home/travis/build/icyphy/ptII/ptolemy/actor/lib/test/auto/arrayType12.xml (RunModel)" time="0.008" />
  <testcase classname="ptolemy.util.test.junit.AutoTests" name="[409] /home/travis/build/icyphy/ptII/ptolemy/actor/lib/test/auto/arrayType13.xml (RunModel)" time="0.009" />
  <testcase classname="ptolemy.util.test.junit.AutoTests" name="[410] /home/travis/build/icyphy/ptII/ptolemy/actor/lib/test/auto/arrayType14.xml (RunModel)" time="0.008" />
  <testcase classname="ptolemy.util.test.junit.AutoTests" name="[411] /home/travis/build/icyphy/ptII/ptolemy/actor/lib/test/auto/arrayType15.xml (RunModel)" time="0.009" />
  <testcase classname="ptolemy.util.test.junit.AutoTests" name="[412] /home/travis/build/icyphy/ptII/ptolemy/actor/lib/test/auto/arrayType16.xml (RunModel)" time="0.008" />
  <testcase classname="ptolemy.util.test.junit.AutoTests" name="[413] /home/travis/build/icyphy/ptII/ptolemy/actor/lib/test/auto/arrayType17.xml (RunModel)" time="0.008" />
  <testcase classname="ptolemy.util.test.junit.AutoTests" name="[414] /home/travis/build/icyphy/ptII/ptolemy/actor/lib/test/auto/arrayType18.xml (RunModel)" time="0.006" />
  <testcase classname="ptolemy.util.test.junit.AutoTests" name="[415] /home/travis/build/icyphy/ptII/ptolemy/actor/lib/test/auto/arrayType19.xml (RunModel)" time="0.02" />
  <testcase classname="ptolemy.util.test.junit.AutoTests" name="[416] /home/travis/build/icyphy/ptII/ptolemy/actor/lib/test/auto/arrayType2.xml (RunModel)" time="0.016" />
  <testcase classname="ptolemy.util.test.junit.AutoTests" name="[417] /home/travis/build/icyphy/ptII/ptolemy/actor/lib/test/auto/arrayType20.xml (RunModel)" time="0.032" />
  <testcase classname="ptolemy.util.test.junit.AutoTests" name="[418] /home/travis/build/icyphy/ptII/ptolemy/actor/lib/test/auto/arrayType21.xml (RunModel)" time="0.036" />
  <testcase classname="ptolemy.util.test.junit.AutoTests" name="[419] /home/travis/build/icyphy/ptII/ptolemy/actor/lib/test/auto/arrayType22.xml (RunModel)" time="0.032" />
  <testcase classname="ptolemy.util.test.junit.AutoTests" name="[420] /home/travis/build/icyphy/ptII/ptolemy/actor/lib/test/auto/arrayType23.xml (RunModel)" time="0.053" />
  <testcase classname="ptolemy.util.test.junit.AutoTests" name="[421] /home/travis/build/icyphy/ptII/ptolemy/actor/lib/test/auto/arrayType24.xml (RunModel)" time="0.027" />
  <testcase classname="ptolemy.util.test.junit.AutoTests" name="[422] /home/travis/build/icyphy/ptII/ptolemy/actor/lib/test/auto/arrayType25.xml (RunModel)" time="0.036" />
  <testcase classname="ptolemy.util.test.junit.AutoTests" name="[423] /home/travis/build/icyphy/ptII/ptolemy/actor/lib/test/auto/arrayType26.xml (RunModel)" time="0.02" />
  <testcase classname="ptolemy.util.test.junit.AutoTests" name="[424] /home/travis/build/icyphy/ptII/ptolemy/actor/lib/test/auto/arrayType27.xml (RunModel)" time="0.009" />
  <testcase classname="ptolemy.util.test.junit.AutoTests" name="[425] /home/travis/build/icyphy/ptII/ptolemy/actor/lib/test/auto/arrayType28.xml (RunModel)" time="0.008" />
  <testcase classname="ptolemy.util.test.junit.AutoTests" name="[426] /home/travis/build/icyphy/ptII/ptolemy/actor/lib/test/auto/arrayType3.xml (RunModel)" time="0.008" />
  <testcase classname="ptolemy.util.test.junit.AutoTests" name="[427] /home/travis/build/icyphy/ptII/ptolemy/actor/lib/test/auto/arrayType4.xml (RunModel)" time="0.007" />
  <testcase classname="ptolemy.util.test.junit.AutoTests" name="[428] /home/travis/build/icyphy/ptII/ptolemy/actor/lib/test/auto/arrayType5.xml (RunModel)" time="0.014" />
  <testcase classname="ptolemy.util.test.junit.AutoTests" name="[429] /home/travis/build/icyphy/ptII/ptolemy/actor/lib/test/auto/arrayType6.xml (RunModel)" time="0.008" />
  <testcase classname="ptolemy.util.test.junit.AutoTests" name="[430] /home/travis/build/icyphy/ptII/ptolemy/actor/lib/test/auto/arrayType7.xml (RunModel)" time="0.014" />
  <testcase classname="ptolemy.util.test.junit.AutoTests" name="[431] /home/travis/build/icyphy/ptII/ptolemy/actor/lib/test/auto/arrayType8.xml (RunModel)" time="0.019" />
  <testcase classname="ptolemy.util.test.junit.AutoTests" name="[432] /home/travis/build/icyphy/ptII/ptolemy/actor/lib/test/auto/arrayType9.xml (RunModel)" time="0.008" />
  <testcase classname="ptolemy.util.test.junit.AutoTests" name="[433] /home/travis/build/icyphy/ptII/ptolemy/actor/lib/test/auto/cast.xml (RunModel)" time="0.007" />
  <testcase classname="ptolemy.util.test.junit.AutoTests" name="[434] /home/travis/build/icyphy/ptII/ptolemy/actor/lib/test/auto/compositeMultiPort.xml (RunModel)" time="0.015" />
  <testcase classname="ptolemy.util.test.junit.AutoTests" name="[435] /home/travis/build/icyphy/ptII/ptolemy/actor/lib/test/auto/expressionCastInference.xml (RunModel)" time="0.008" />
  <testcase classname="ptolemy.util.test.junit.AutoTests" name="[436] /home/travis/build/icyphy/ptII/ptolemy/actor/lib/test/auto/expressionCastInference2.xml (RunModel)" time="0.008" />
  <testcase classname="ptolemy.util.test.junit.AutoTests" name="[437] /home/travis/build/icyphy/ptII/ptolemy/actor/lib/test/auto/expressionInference.xml (RunModel)" time="0.006" />
  <testcase classname="ptolemy.util.test.junit.AutoTests" name="[438] /home/travis/build/icyphy/ptII/ptolemy/actor/lib/test/auto/expression_bug.xml (RunModel)" time="0.007" />
  <testcase classname="ptolemy.util.test.junit.AutoTests" name="[439] /home/travis/build/icyphy/ptII/ptolemy/actor/lib/test/auto/factorial.xml (RunModel)" time="0.044" />
  <testcase classname="ptolemy.util.test.junit.AutoTests" name="[440] /home/travis/build/icyphy/ptII/ptolemy/actor/lib/test/auto/filterTest1.xml (RunModel)" time="0.012" />
  <testcase classname="ptolemy.util.test.junit.AutoTests" name="[441] /home/travis/build/icyphy/ptII/ptolemy/actor/lib/test/auto/funcApplyInConst.xml (RunModel)" time="0.007" />
  <testcase classname="ptolemy.util.test.junit.AutoTests" name="[442] /home/travis/build/icyphy/ptII/ptolemy/actor/lib/test/auto/funcApplyInExpr.xml (RunModel)" time="0.006" />
  <testcase classname="ptolemy.util.test.junit.AutoTests" name="[443] /home/travis/build/icyphy/ptII/ptolemy/actor/lib/test/auto/function.xml (RunModel)" time="0.011" />
  <testcase classname="ptolemy.util.test.junit.AutoTests" name="[444] /home/travis/build/icyphy/ptII/ptolemy/actor/lib/test/auto/function2.xml (RunModel)" time="0.009" />
  <testcase classname="ptolemy.util.test.junit.AutoTests" name="[445] /home/travis/build/icyphy/ptII/ptolemy/actor/lib/test/auto/function3.xml (RunModel)" time="0.007" />
  <testcase classname="ptolemy.util.test.junit.AutoTests" name="[446] /home/travis/build/icyphy/ptII/ptolemy/actor/lib/test/auto/functionClosureTest1.xml (RunModel)" time="0.01" />
  <testcase classname="ptolemy.util.test.junit.AutoTests" name="[447] /home/travis/build/icyphy/ptII/ptolemy/actor/lib/test/auto/functionClosureTest2.xml (RunModel)" time="0.007" />
  <testcase classname="ptolemy.util.test.junit.AutoTests" name="[448] /home/travis/build/icyphy/ptII/ptolemy/actor/lib/test/auto/functionClosureTest3.xml (RunModel)" time="0.01" />
  <testcase classname="ptolemy.util.test.junit.AutoTests" name="[449] /home/travis/build/icyphy/ptII/ptolemy/actor/lib/test/auto/functionClosureTest4.xml (RunModel)" time="0.021" />
  <testcase classname="ptolemy.util.test.junit.AutoTests" name="[450] /home/travis/build/icyphy/ptII/ptolemy/actor/lib/test/auto/functionClosureTest5.xml (RunModel)" time="0.011" />
  <testcase classname="ptolemy.util.test.junit.AutoTests" name="[451] /home/travis/build/icyphy/ptII/ptolemy/actor/lib/test/auto/functionClosureTest6.xml (RunModel)" time="0.008" />
  <testcase classname="ptolemy.util.test.junit.AutoTests" name="[452] /home/travis/build/icyphy/ptII/ptolemy/actor/lib/test/auto/functionsOnArcs.xml (RunModel)" time="0.009" />
  <testcase classname="ptolemy.util.test.junit.AutoTests" name="[453] /home/travis/build/icyphy/ptII/ptolemy/actor/lib/test/auto/functionsOnArcsHOF.xml (RunModel)" time="0.011" />
  <testcase classname="ptolemy.util.test.junit.AutoTests" name="[454] /home/travis/build/icyphy/ptII/ptolemy/actor/lib/test/auto/logic.xml (RunModel)" time="0.017" />
  <testcase classname="ptolemy.util.test.junit.AutoTests" name="[455] /home/travis/build/icyphy/ptII/ptolemy/actor/lib/test/auto/matrixType.xml (RunModel)" time="0.009" />
  <testcase classname="ptolemy.util.test.junit.AutoTests" name="[456] /home/travis/build/icyphy/ptII/ptolemy/actor/lib/test/auto/matrixType10.xml (RunModel)" time="0.008" />
  <testcase classname="ptolemy.util.test.junit.AutoTests" name="[457] /home/travis/build/icyphy/ptII/ptolemy/actor/lib/test/auto/matrixType11.xml (RunModel)" time="0.007" />
  <testcase classname="ptolemy.util.test.junit.AutoTests" name="[458] /home/travis/build/icyphy/ptII/ptolemy/actor/lib/test/auto/matrixType12.xml (RunModel)" time="0.01" />
  <testcase classname="ptolemy.util.test.junit.AutoTests" name="[459] /home/travis/build/icyphy/ptII/ptolemy/actor/lib/test/auto/matrixType13.xml (RunModel)" time="0.007" />
  <testcase classname="ptolemy.util.test.junit.AutoTests" name="[460] /home/travis/build/icyphy/ptII/ptolemy/actor/lib/test/auto/matrixType14.xml (RunModel)" time="0.009" />
  <testcase classname="ptolemy.util.test.junit.AutoTests" name="[461] /home/travis/build/icyphy/ptII/ptolemy/actor/lib/test/auto/matrixType2.xml (RunModel)" time="0.008" />
  <testcase classname="ptolemy.util.test.junit.AutoTests" name="[462] /home/travis/build/icyphy/ptII/ptolemy/actor/lib/test/auto/matrixType3.xml (RunModel)" time="0.009" />
  <testcase classname="ptolemy.util.test.junit.AutoTests" name="[463] /home/travis/build/icyphy/ptII/ptolemy/actor/lib/test/auto/matrixType4.xml (RunModel)" time="0.008" />
  <testcase classname="ptolemy.util.test.junit.AutoTests" name="[464] /home/travis/build/icyphy/ptII/ptolemy/actor/lib/test/auto/matrixType5.xml (RunModel)" time="0.008" />
  <testcase classname="ptolemy.util.test.junit.AutoTests" name="[465] /home/travis/build/icyphy/ptII/ptolemy/actor/lib/test/auto/matrixType6.xml (RunModel)" time="0.008" />
  <testcase classname="ptolemy.util.test.junit.AutoTests" name="[466] /home/travis/build/icyphy/ptII/ptolemy/actor/lib/test/auto/matrixType7.xml (RunModel)" time="0.007" />
  <testcase classname="ptolemy.util.test.junit.AutoTests" name="[467] /home/travis/build/icyphy/ptII/ptolemy/actor/lib/test/auto/matrixType8.xml (RunModel)" time="0.008" />
  <testcase classname="ptolemy.util.test.junit.AutoTests" name="[468] /home/travis/build/icyphy/ptII/ptolemy/actor/lib/test/auto/matrixType9.xml (RunModel)" time="0.008" />
  <testcase classname="ptolemy.util.test.junit.AutoTests" name="[469] /home/travis/build/icyphy/ptII/ptolemy/actor/lib/test/auto/paraFunctest.xml (RunModel)" time="0.008" />
  <testcase classname="ptolemy.util.test.junit.AutoTests" name="[470] /home/travis/build/icyphy/ptII/ptolemy/actor/lib/test/auto/paraFunctest2.xml (RunModel)" time="0.009" />
  <testcase classname="ptolemy.util.test.junit.AutoTests" name="[471] /home/travis/build/icyphy/ptII/ptolemy/actor/lib/test/auto/parameterPassing.xml (RunModel)" time="0.008" />
  <testcase classname="ptolemy.util.test.junit.AutoTests" name="[472] /home/travis/build/icyphy/ptII/ptolemy/actor/lib/test/auto/record.xml (RunModel)" time="0.01" />
  <testcase classname="ptolemy.util.test.junit.AutoTests" name="[473] /home/travis/build/icyphy/ptII/ptolemy/actor/lib/test/auto/sizedarray1.xml (RunModel)" time="0.009" />
  <testcase classname="ptolemy.util.test.junit.AutoTests" name="[474] /home/travis/build/icyphy/ptII/ptolemy/actor/lib/test/auto/sizedarray2.xml (RunModel)" time="0.01" />
  <testcase classname="ptolemy.util.test.junit.AutoTests" name="[475] /home/travis/build/icyphy/ptII/ptolemy/actor/lib/test/auto/twoPublishers.xml (RunModel)" time="0.024" />
  <system-out><![CDATA[/home/travis/build/icyphy/ptII/ptolemy/actor/lib/test/AbsoluteValue.tcl
testDefs.tcl: setting time out to 9000 seconds at Sat Aug 29 15:39:17 UTC 2020
98 ms. Memory: 129024K Free: 93128K (72%)
9 ms. Memory: 129024K Free: 91080K (71%)
12 ms. Memory: 129024K Free: 90056K (70%)
7 ms. Memory: 129024K Free: 89527K (69%)
/home/travis/build/icyphy/ptII/ptolemy/actor/lib/test/AddSubtract.tcl
19 ms. Memory: 129024K Free: 87494K (68%)
16 ms. Memory: 129024K Free: 86984K (67%)
6 ms. Memory: 129024K Free: 85960K (67%)
13 ms. Memory: 129024K Free: 85439K (66%)
88 ms. Memory: 129024K Free: 82374K (64%)
10 ms. Memory: 129024K Free: 81350K (63%)
/home/travis/build/icyphy/ptII/ptolemy/actor/lib/test/Average.tcl
11 ms. Memory: 129024K Free: 79816K (62%)
9 ms. Memory: 129024K Free: 78792K (61%)
/home/travis/build/icyphy/ptII/ptolemy/actor/lib/test/Bernoulli.tcl
4 ms. Memory: 129024K Free: 77239K (60%)
6 ms. Memory: 129024K Free: 76744K (59%)
/home/travis/build/icyphy/ptII/ptolemy/actor/lib/test/Clock.tcl
preinitializing
resolving types
initializing
executing number 1
wrapping up
idle
45 ms. Memory: 129024K Free: 74182K (57%)
Completed execution with 5 iterations
preinitializing
resolving types
initializing
executing number 1
wrapping up
idle
9 ms. Memory: 129024K Free: 73127K (57%)
Completed execution with 5 iterations
preinitializing
resolving types
initializing
executing number 1
wrapping up
idle
9 ms. Memory: 129024K Free: 72648K (56%)
Completed execution with 5 iterations
/home/travis/build/icyphy/ptII/ptolemy/actor/lib/test/Commutator.tcl
16 ms. Memory: 129024K Free: 70600K (55%)
14 ms. Memory: 129024K Free: 69576K (54%)
17 ms. Memory: 129024K Free: 63432K (49%)
/home/travis/build/icyphy/ptII/ptolemy/actor/lib/test/Const.tcl
4 ms. Memory: 129024K Free: 61894K (48%)
2 ms. Memory: 129024K Free: 61384K (48%)
3 ms. Memory: 129024K Free: 60855K (47%)
2 ms. Memory: 129024K Free: 60360K (47%)
2 ms. Memory: 129024K Free: 59846K (46%)
11 ms. Memory: 129024K Free: 58312K (45%)
4 ms. Memory: 129024K Free: 56759K (44%)
3 ms. Memory: 129024K Free: 56264K (44%)
/home/travis/build/icyphy/ptII/ptolemy/actor/lib/test/CurrentTime.tcl
preinitializing
resolving types
initializing
executing number 1
wrapping up
idle
6 ms. Memory: 129024K Free: 54216K (42%)
Completed execution with 11 iterations
/home/travis/build/icyphy/ptII/ptolemy/actor/lib/test/DB.tcl
6 ms. Memory: 129024K Free: 52663K (41%)
2 ms. Memory: 129024K Free: 52168K (40%)
2 ms. Memory: 129024K Free: 51654K (40%)
/home/travis/build/icyphy/ptII/ptolemy/actor/lib/test/DiscreteRandomSource.tcl
preinitializing
resolving types
initializing
executing number 1
wrapping up
idle
4 ms. Memory: 129024K Free: 50120K (39%)
Completed execution with 4 iterations
preinitializing
resolving types
initializing
executing number 1
wrapping up
idle
2 ms. Memory: 129024K Free: 49599K (38%)
Completed execution with 4 iterations
preinitializing
resolving types
initializing
executing number 1
wrapping up
idle
3 ms. Memory: 129024K Free: 49096K (38%)
Completed execution with 4 iterations
preinitializing
resolving types
initializing
executing number 1
wrapping up
idle
3 ms. Memory: 129024K Free: 48567K (38%)
Completed execution with 4 iterations
preinitializing
resolving types
initializing
executing number 1
wrapping up
idle
12 ms. Memory: 129024K Free: 48072K (37%)
Completed execution with 4 iterations
/home/travis/build/icyphy/ptII/ptolemy/actor/lib/test/Distributor.tcl
5 ms. Memory: 129024K Free: 113148K (88%)
4 ms. Memory: 129024K Free: 112108K (87%)
StreamChangeRequest.changeExecuted(): <deleteEntity name="rec2"/> succeeded
StreamChangeRequest.changeExecuted(): <deleteRelation name="r2"/> succeeded
StreamChangeRequest.changeExecuted(): Record firings per iteration succeeded
4 ms. Memory: 129024K Free: 110060K (85%)
/home/travis/build/icyphy/ptII/ptolemy/actor/lib/test/Exit.tcl
Exit.tcl: this will print a message about Manager.exitAfterWrapup, which can be ignored.
7 ms. Memory: 129024K Free: 106971K (83%)
/home/travis/build/icyphy/ptII/ptolemy/actor/lib/test/Expression.tcl
13 ms. Memory: 129024K Free: 103502K (80%)
3 ms. Memory: 129024K Free: 102914K (80%)
3 ms. Memory: 129024K Free: 102344K (79%)
preinitializing
resolving types
initializing
executing number 1
wrapping up
idle
5 ms. Memory: 129024K Free: 100874K (78%)
Completed execution with 6 iterations
3 ms. Memory: 129024K Free: 99836K (77%)
2 ms. Memory: 129024K Free: 99272K (77%)
8 ms. Memory: 129024K Free: 97802K (76%)
6 ms. Memory: 129024K Free: 96764K (75%)
7 ms. Memory: 129024K Free: 95280K (74%)
/home/travis/build/icyphy/ptII/ptolemy/actor/lib/test/Gaussian.tcl
7 ms. Memory: 129024K Free: 93692K (73%)
sleeping 1 seconds: ........................................................................................................................................................................................................................................................................................................................................................................................................................................................................................................................................................................................................................................................................................................................................................................................................................................................................................................................................................................................................................................................................................................................................................................................................................................................................................................................................................................................................................................................................................................................................................................................................................................................................................................................................................................................................................................................................................................................................................................................................................................................................................................................................................................................................................................................................................................................................................................................................................................................................................................................................................................................................................................................................................................................................................................................................................................................................................................................................................................................................................................................................................................................................................................................................................................................................................................................................................................................................................................................................................................................................................................................................................................................................................................................................................................................................................................................................................................................................................................................................................................................................................................................................................................................................................................................................................................................................................................................................................................................................................................................................................................................................................................................................................................................................................................................................................................................................................................................................................................................................................................................................................................................................................................................................................................................................................................................................................................................................................................................................................................................................................................................................................................................................................................................................................................................................................................................................................................................................................................................................................................................................................................................................................................................................................................................................................................................................................................................................................................................................................................................................................................................................................................................................................................................................................................................................................................................................................................................................................................................................................................................................................................................................................................................................................................................................................................................................................................................................................................................................................................................................................................................................................................................................................................................................................................................................................................................................................................................................................................................................................................................................................................................................................................................................................................................................................................................................................................................................................................................................................................................................................................................................................................................................................................................................................................................................................................................................................................................................................................................................................................................................................................................................................................................................................................................................................................................................................................................................................................................................................................................................................................................................................................................................................................................................................................................................................................................................................................................................................................................................................................................................................................................................................................................................................................................................................................................................................................................................................................................................................................................................................................................................................................................................................................................................................................................................................................................................................................................................................................................................................................................................................................................................................................................................................................................................................................................................................................................................................................................................................................................................................................................................................................................................................................................................................................................................................................................................................................................................................................................................................................................................................................................................................................................................................................................................................................................................................................................................................................................................................................................................................................................................................................................................................................................................................................................................................................................................................................................................................................................................................................................................................................................................................................................................................................................................................................................................................................................................................................................................................................................................................................................................................................................................................................................................................................................................................................................................................................................................................................................................................................................................................................................................................................................................................................................................................................................................................................................................................................................................................................................................................................................................................................................................................................................................................................................................................................................................................................................................................................................................................................................................................................................................................................................................................................................................................................................................................................................................................................................................................................................................................................................................................................................................................................................................................................................................................................................................................................................................................................................................................................................................................................................................................................................................................................................................................................................................................................................................................................................................................................................................................................................................................................................................................................................................................................................................................................................................................................................................................................................................................................................................................................................................................................................................................................................................................................................................................................................................................................................................................................................................................................................................................................................................................................................................................................................................................................................................................................................................................................................................................................................................................................................................................................................................................................................................................................................................................................................................................................................................................................................................................................................................................................................................................................................................................................................................................................................................................................................................................................................................................................................................................................................................................................................................................................................................................................................................................................................................................................................................................................................................................................................................................................................................................................................................................................................................................................................................................................................................................................................................................................................................................................................................................................................................................................................................................................................................................................................................................................................................................................................................................................................................................................................................................................................................................................................................................................................................................................................................................................................................................................................................................................................................................................................................................................................................................................................................................................................................................................................................................................................................................................................................................................................................................................................................................................................................................................................................................................................................................................................................................................................................................................................................................................................................................................................................................................................................................................................................................................................................................................................................................................................................................................................................................................................................................................................................................................................................................................................................................................................................................................................................................................................................................................................................................................................................................................................................................................................................................................................................................................................................................................................................................................................................................................................................................................................................................................................................................................................................................................................................................................................................................................................................................................................................................................................................................................................................................................................................................................................................................................................................................................................................................................................................................................................................................................................................................................................................................................................................................................................................................................................................................................................................................................................................................................................................................................................................................................................................................................................................................................................................................................................................................................................................................................................................................................................................................................................................................................................................................................................................................................................................................................................................................................................................................................................................................................................................................................................................................................................................................................................................................................................................................................................................................................................................................................................................................................................................................................................................................................................................................................................................................................................................................................................................................................................................................................................................................................................................................................................................................................................................................................................................................................................................................................................................................................................................................................................................................................................................................................................................................................................................................................................................................................................................................................................................................................................................................................................................................................................................................................................................................................................................................................................................................................................................................................................................................................................................................................................................................................................................................................................................................................................................................................................................................................................................................................................................................................................................................................................................................................................................................................................................................................................................................................................................................................................................................................................................................................................................................................................................................................................................................................6 ms. Memory: 129024K Free: 76740K (59%)
2 ms. Memory: 129024K Free: 75716K (59%)
2 ms. Memory: 129024K Free: 75206K (58%)
2 ms. Memory: 129024K Free: 74678K (58%)
3 ms. Memory: 129024K Free: 74182K (57%)
/home/travis/build/icyphy/ptII/ptolemy/actor/lib/test/IIR.tcl
/home/travis/build/icyphy/ptII/ptolemy/actor/lib/test/Interpolator.tcl
4 ms. Memory: 129024K Free: 70086K (54%)
2 ms. Memory: 129024K Free: 69558K (54%)
5 ms. Memory: 129024K Free: 69062K (54%)
2 ms. Memory: 129024K Free: 68518K (53%)
2 ms. Memory: 129024K Free: 67494K (52%)
2 ms. Memory: 129024K Free: 67014K (52%)
2 ms. Memory: 129024K Free: 65990K (51%)
2 ms. Memory: 129024K Free: 64966K (50%)
3 ms. Memory: 129024K Free: 63942K (50%)
2 ms. Memory: 129024K Free: 63428K (49%)
/home/travis/build/icyphy/ptII/ptolemy/actor/lib/test/MathFunction.tcl
6 ms. Memory: 129024K Free: 60870K (47%)
2 ms. Memory: 129024K Free: 59846K (46%)
2 ms. Memory: 129024K Free: 58822K (46%)
2 ms. Memory: 129024K Free: 57798K (45%)
5 ms. Memory: 129024K Free: 56246K (44%)
14 ms. Memory: 129024K Free: 112705K (87%)
/home/travis/build/icyphy/ptII/ptolemy/actor/lib/test/Maximum.tcl
6 ms. Memory: 129024K Free: 110657K (86%)
7 ms. Memory: 129024K Free: 110143K (85%)
5 ms. Memory: 129024K Free: 109119K (85%)
5 ms. Memory: 129024K Free: 108609K (84%)
/home/travis/build/icyphy/ptII/ptolemy/actor/lib/test/Minimum.tcl
7 ms. Memory: 129024K Free: 107065K (83%)
3 ms. Memory: 129024K Free: 106033K (82%)
2 ms. Memory: 129024K Free: 105537K (82%)
3 ms. Memory: 129024K Free: 105023K (81%)
/home/travis/build/icyphy/ptII/ptolemy/actor/lib/test/MultiplyDivide.tcl
10 ms. Memory: 129024K Free: 102849K (80%)
8 ms. Memory: 129024K Free: 101951K (79%)
2 ms. Memory: 129024K Free: 101441K (79%)
2 ms. Memory: 129024K Free: 100913K (78%)
5 ms. Memory: 129024K Free: 99903K (77%)
/home/travis/build/icyphy/ptII/ptolemy/actor/lib/test/OrderedMerge.tcl
Connections changed on port: inputA
Connections changed on port: inputB
Connections changed on port: output
Connections changed on port: output
Connections changed on port: output
Connections changed on port: input
.top. Preinitializing ...
Invoking preinitialize():  .top.OrderedMerge
Called preinitialize()
Invoking preinitialize():  .top.Ramp
Called preinitialize()
Invoking preinitialize():  .top.Ramp2
Called preinitialize()
Invoking preinitialize():  .top.Test
Called preinitialize()
Connections changed on port: inputA
Connections changed on port: output
Connections changed on port: output
Connections changed on port: input
Connections changed on port: inputB
Connections changed on port: output
.top. Finished preinitialize().
Called initialize().
Invoking initialize():  .top.OrderedMerge
Initializing actor: .top.OrderedMerge
Adding a thread: .top.OrderedMerge
Invoking initialize():  .top.Ramp
Initializing actor: .top.Ramp
Adding a thread: .top.Ramp
Invoking initialize():  .top.Ramp2
Initializing actor: .top.Ramp2
Adding a thread: .top.Ramp2
Invoking initialize():  .top.Test
Initializing actor: .top.Test
Adding a thread: .top.Test
Called fire().
Checking for deadlock:
-- Starting thread.
Called initialize()
Called prefire()
Called fire()
-- Starting thread.
Called initialize()
Called prefire()
Called fire()
There are 0 Blocked actors, 0 Stopped actors, and 4 active threads.
Waiting for actors to stop.
Called postfire()
Called prefire()
Called fire()
-- Starting thread.
Called initialize()
Called prefire()
Called fire()
Called postfire()
Called prefire()
Called fire()
-- Starting thread.
Called initialize()
Called prefire()
Called fire()
Read input token from inputA with value 0.0
Next port to read input from is inputB
Called postfire()
Called prefire()
Called fire()
Read input token from inputB with value 0.0
Checking for deadlock:
There are 0 Blocked actors, 0 Stopped actors, and 4 active threads.
Waiting for actors to stop.
Called postfire()
Called prefire()
Called fire()
-- Read input: 0.0, which is expected to match: 0.0
Called prefire()
Called fire()
Called postfire()
Called prefire()
Called fire()
Checking for deadlock:
There are 3 Blocked actors, 0 Stopped actors, and 4 active threads.
Waiting for actors to stop.
Sent output token with value 0.0
Next port to read input from is inputA
Called postfire()
Called prefire()
Called fire()
Called postfire()
Called prefire()
Called fire()
Checking for deadlock:
There are 3 Blocked actors, 0 Stopped actors, and 4 active threads.
Waiting for actors to stop.
Read input token from inputA with value 1.0
Checking for deadlock:
There are 2 Blocked actors, 0 Stopped actors, and 4 active threads.
Waiting for actors to stop.
-- Read input: 0.0, which is expected to match: 0.0
Called prefire()
Called fire()
Checking for deadlock:
There are 3 Blocked actors, 0 Stopped actors, and 4 active threads.
Waiting for actors to stop.
Sent output token with value 0.0
Next port to read input from is inputB
Called postfire()
Called prefire()
Called fire()
Checking for deadlock:
There are 2 Blocked actors, 0 Stopped actors, and 4 active threads.
Waiting for actors to stop.
Called postfire()
Called prefire()
Called fire()
Checking for deadlock:
There are 3 Blocked actors, 0 Stopped actors, and 4 active threads.
Waiting for actors to stop.
Read input token from inputB with value 1.5
Checking for deadlock:
There are 2 Blocked actors, 0 Stopped actors, and 4 active threads.
Waiting for actors to stop.
-- Read input: 1.0, which is expected to match: 1.0
Called prefire()
Called fire()
Checking for deadlock:
There are 3 Blocked actors, 0 Stopped actors, and 4 active threads.
Waiting for actors to stop.
Sent output token with value 1.0
Next port to read input from is inputA
Called postfire()
Called prefire()
Called fire()
Called postfire()
Called prefire()
Called fire()
Checking for deadlock:
There are 3 Blocked actors, 0 Stopped actors, and 4 active threads.
Waiting for actors to stop.
Read input token from inputA with value 2.0
-- Read input: 1.5, which is expected to match: 1.5
Called prefire()
Called fire()
Checking for deadlock:
There are 3 Blocked actors, 0 Stopped actors, and 4 active threads.
Waiting for actors to stop.
Sent output token with value 1.5
Next port to read input from is inputB
Called postfire()
Called prefire()
Called fire()
Checking for deadlock:
There are 2 Blocked actors, 0 Stopped actors, and 4 active threads.
Waiting for actors to stop.
Called postfire()
Called prefire()
Called fire()
Checking for deadlock:
There are 3 Blocked actors, 0 Stopped actors, and 4 active threads.
Waiting for actors to stop.
Read input token from inputB with value 3.0
Checking for deadlock:
There are 2 Blocked actors, 0 Stopped actors, and 4 active threads.
Waiting for actors to stop.
-- Read input: 2.0, which is expected to match: 2.0
Called prefire()
Called fire()
Checking for deadlock:
There are 3 Blocked actors, 0 Stopped actors, and 4 active threads.
Waiting for actors to stop.
Sent output token with value 2.0
Next port to read input from is inputA
Called postfire()
Called prefire()
Called fire()
Called postfire()
Called prefire()
Called fire()
Checking for deadlock:
There are 3 Blocked actors, 0 Stopped actors, and 4 active threads.
Waiting for actors to stop.
Read input token from inputA with value 3.0
-- Read input: 3.0, which is expected to match: 3.0
Called prefire()
Called fire()
Checking for deadlock:
There are 3 Blocked actors, 0 Stopped actors, and 4 active threads.
Waiting for actors to stop.
Sent output token with value 3.0
Next port to read input from is inputB
Called postfire()
Called prefire()
Called fire()
Checking for deadlock:
There are 2 Blocked actors, 0 Stopped actors, and 4 active threads.
Waiting for actors to stop.
Called postfire()
Called prefire()
Called fire()
Checking for deadlock:
There are 3 Blocked actors, 0 Stopped actors, and 4 active threads.
Waiting for actors to stop.
Read input token from inputB with value 4.5
Checking for deadlock:
There are 2 Blocked actors, 0 Stopped actors, and 4 active threads.
Waiting for actors to stop.
-- Read input: 3.0, which is expected to match: 3.0
Called prefire()
Called fire()
Checking for deadlock:
There are 3 Blocked actors, 0 Stopped actors, and 4 active threads.
Waiting for actors to stop.
Sent output token with value 3.0
Next port to read input from is inputA
Called postfire()
Called prefire()
Called fire()
Called postfire()
Called prefire()
Called fire()
Checking for deadlock:
There are 3 Blocked actors, 0 Stopped actors, and 4 active threads.
Waiting for actors to stop.
Read input token from inputA with value 4.0
-- Read input: 4.0, which is expected to match: 4.0
Called prefire()
Called fire()
Past the end of training data. Read and discard all inputs.
Checking for deadlock:
There are 3 Blocked actors, 0 Stopped actors, and 4 active threads.
Waiting for actors to stop.
Sent output token with value 4.0
Next port to read input from is inputA
Called postfire()
Called prefire()
Called fire()
Called postfire()
Called prefire()
Called fire()
Checking for deadlock:
There are 3 Blocked actors, 0 Stopped actors, and 4 active threads.
Waiting for actors to stop.
Read input token from inputA with value 5.0
Called prefire()
Called fire()
Past the end of training data. Read and discard all inputs.
Checking for deadlock:
There are 3 Blocked actors, 0 Stopped actors, and 4 active threads.
Waiting for actors to stop.
Sent output token with value 4.5
Next port to read input from is inputB
Called postfire()
Called prefire()
Called fire()
Checking for deadlock:
There are 2 Blocked actors, 0 Stopped actors, and 4 active threads.
Waiting for actors to stop.
Called postfire()
Called prefire()
Called fire()
Checking for deadlock:
There are 3 Blocked actors, 0 Stopped actors, and 4 active threads.
Waiting for actors to stop.
Read input token from inputB with value 6.0
Checking for deadlock:
There are 2 Blocked actors, 0 Stopped actors, and 4 active threads.
Waiting for actors to stop.
Called prefire()
Called fire()
Past the end of training data. Read and discard all inputs.
Checking for deadlock:
There are 3 Blocked actors, 0 Stopped actors, and 4 active threads.
Waiting for actors to stop.
Sent output token with value 5.0
Next port to read input from is inputA
Called postfire()
Called prefire()
Called fire()
Called postfire()
Called prefire()
Called fire()
Checking for deadlock:
There are 3 Blocked actors, 0 Stopped actors, and 4 active threads.
Waiting for actors to stop.
Read input token from inputA with value 6.0
Called prefire()
Called fire()
Past the end of training data. Read and discard all inputs.
Checking for deadlock:
There are 3 Blocked actors, 0 Stopped actors, and 4 active threads.
Waiting for actors to stop.
Sent output token with value 6.0
Next port to read input from is inputB
Called postfire()
Called prefire()
Called fire()
Checking for deadlock:
There are 2 Blocked actors, 0 Stopped actors, and 4 active threads.
Waiting for actors to stop.
Called postfire()
Called prefire()
Called fire()
Checking for deadlock:
There are 3 Blocked actors, 0 Stopped actors, and 4 active threads.
Waiting for actors to stop.
Read input token from inputB with value 7.5
Checking for deadlock:
There are 2 Blocked actors, 0 Stopped actors, and 4 active threads.
Waiting for actors to stop.
Called prefire()
Called fire()
Past the end of training data. Read and discard all inputs.
Checking for deadlock:
There are 3 Blocked actors, 0 Stopped actors, and 4 active threads.
Waiting for actors to stop.
Sent output token with value 6.0
Next port to read input from is inputA
Called postfire()
Called prefire()
Called fire()
Called postfire()
Called prefire()
Called fire()
Checking for deadlock:
There are 3 Blocked actors, 0 Stopped actors, and 4 active threads.
Waiting for actors to stop.
Read input token from inputA with value 7.0
Called prefire()
Called fire()
Past the end of training data. Read and discard all inputs.
Checking for deadlock:
There are 3 Blocked actors, 0 Stopped actors, and 4 active threads.
Waiting for actors to stop.
Sent output token with value 7.0
Next port to read input from is inputA
Called postfire()
Called prefire()
Called fire()
-- Thread wrapup() called.
Called wrapup()
Thread .top.Ramp is exiting.
-- Thread stopped.
Checking for deadlock:
There are 2 Blocked actors, 0 Stopped actors, and 3 active threads.
Waiting for actors to stop.
Read input token from inputA with value 8.0
Sent output token with value 7.5
Next port to read input from is inputB
Called postfire()
Called prefire()
Called fire()
Read input token from inputB with value 9.0
Checking for deadlock:
There are 1 Blocked actors, 0 Stopped actors, and 3 active threads.
Waiting for actors to stop.
Called prefire()
Called fire()
Past the end of training data. Read and discard all inputs.
Called postfire()
Called prefire()
Called fire()
Checking for deadlock:
There are 2 Blocked actors, 0 Stopped actors, and 3 active threads.
Waiting for actors to stop.
Called prefire()
Called fire()
Past the end of training data. Read and discard all inputs.
Checking for deadlock:
There are 2 Blocked actors, 0 Stopped actors, and 3 active threads.
Waiting for actors to stop.
Sent output token with value 8.0
Next port to read input from is inputA
Called postfire()
Called prefire()
Called fire()
Read input token from inputA with value 9.0
Called prefire()
Called fire()
Past the end of training data. Read and discard all inputs.
Checking for deadlock:
There are 2 Blocked actors, 0 Stopped actors, and 3 active threads.
Waiting for actors to stop.
Sent output token with value 9.0
Next port to read input from is inputB
Called postfire()
Called prefire()
Called fire()
Checking for deadlock:
There are 1 Blocked actors, 0 Stopped actors, and 3 active threads.
Waiting for actors to stop.
Called postfire()
Called prefire()
Called fire()
Checking for deadlock:
There are 2 Blocked actors, 0 Stopped actors, and 3 active threads.
Waiting for actors to stop.
Read input token from inputB with value 10.5
Checking for deadlock:
There are 1 Blocked actors, 0 Stopped actors, and 3 active threads.
Waiting for actors to stop.
Called prefire()
Called fire()
Past the end of training data. Read and discard all inputs.
Checking for deadlock:
There are 2 Blocked actors, 0 Stopped actors, and 3 active threads.
Waiting for actors to stop.
Sent output token with value 9.0
Next port to read input from is inputA
Called postfire()
Called prefire()
Called fire()
Checking for deadlock:
There are 3 Blocked actors, 0 Stopped actors, and 3 active threads.
Actors have stopped.
Checking for deadlock:
There are 3 Blocked actors, 0 Stopped actors, and 3 active threads.
Deadlock detected.
Resolving Deadlock
Checking for deadlock:
There are 3 Blocked actors, 0 Stopped actors, and 3 active threads.
Artificial Deadlock - increasing queue capacity.
increasing the capacity of receiver ptolemy.actor.TypedIOPort {.top.OrderedMerge.inputB} to 2
-- Thread wrapup() called.
Called wrapup()
Thread .top.Ramp2 is exiting.
-- Thread stopped.
Director: Called postfire().
Called postfire().
_stopRequested = false
_stopFireRequested = false
Returning from postfire(): true
Called fire().
Checking for deadlock:
There are 2 Blocked actors, 0 Stopped actors, and 2 active threads.
Actors have stopped.
Checking for deadlock:
There are 2 Blocked actors, 0 Stopped actors, and 2 active threads.
Deadlock detected.
Resolving Deadlock
Checking for deadlock:
There are 2 Blocked actors, 0 Stopped actors, and 2 active threads.
Deadlock detected: no processes blocked on write, but some are blocked on read.
Called postfire().
_stopRequested = false
_stopFireRequested = false
Returning from postfire(): false
Finished deactivating branches.
Called wrapup().
-- Thread wrapup() called.
Called wrapup()
Thread .top.Test is exiting.
-- Thread stopped.
-- Blocked Receiver call threw TerminateProcessException.
-- Thread wrapup() called.
Called wrapup()
Thread .top.OrderedMerge is exiting.
-- Thread stopped.
-- Blocked Receiver call threw TerminateProcessException.
63 ms. Memory: 129024K Free: 94783K (73%)
.top. Preinitializing ...
Invoking preinitialize():  .top.OrderedMerge
Called preinitialize()
Invoking preinitialize():  .top.Ramp
Called preinitialize()
Invoking preinitialize():  .top.Ramp2
Called preinitialize()
Invoking preinitialize():  .top.Test
Called preinitialize()
.top. Finished preinitialize().
Called initialize().
Invoking initialize():  .top.OrderedMerge
Initializing actor: .top.OrderedMerge
Adding a thread: .top.OrderedMerge
Invoking initialize():  .top.Ramp
Initializing actor: .top.Ramp
Adding a thread: .top.Ramp
Invoking initialize():  .top.Ramp2
Initializing actor: .top.Ramp2
Adding a thread: .top.Ramp2
Invoking initialize():  .top.Test
Initializing actor: .top.Test
Adding a thread: .top.Test
-- Starting thread.
Called initialize()
Called prefire()
Called fire()
-- Starting thread.
Called initialize()
Called prefire()
Called fire()
Called postfire()
Called prefire()
Called fire()
-- Starting thread.
Called initialize()
Called prefire()
Called fire()
Called postfire()
Called prefire()
Called fire()
Called fire().
Checking for deadlock:
There are 3 Blocked actors, 0 Stopped actors, and 4 active threads.
Waiting for actors to stop.
-- Starting thread.
Called initialize()
Called prefire()
Called fire()
Checking for deadlock:
There are 2 Blocked actors, 0 Stopped actors, and 4 active threads.
Waiting for actors to stop.
Read input token from inputA with value 0.0
Called postfire()
Called prefire()
Called fire()
Checking for deadlock:
There are 3 Blocked actors, 0 Stopped actors, and 4 active threads.
Waiting for actors to stop.
Next port to read input from is inputB
Called postfire()
Called prefire()
Called fire()
Called postfire()
Called prefire()
Called fire()
Checking for deadlock:
There are 3 Blocked actors, 0 Stopped actors, and 4 active threads.
Waiting for actors to stop.
Read input token from inputB with value 0.0
Checking for deadlock:
There are 2 Blocked actors, 0 Stopped actors, and 4 active threads.
Waiting for actors to stop.
-- Read input: 0.0, which is expected to match: 0.0
Called prefire()
Called fire()
Checking for deadlock:
There are 3 Blocked actors, 0 Stopped actors, and 4 active threads.
Waiting for actors to stop.
Sent output token with value 0.0
Next port to read input from is inputA
Called postfire()
Called prefire()
Called fire()
Checking for deadlock:
There are 2 Blocked actors, 0 Stopped actors, and 4 active threads.
Waiting for actors to stop.
Called postfire()
Called prefire()
Called fire()
Checking for deadlock:
There are 3 Blocked actors, 0 Stopped actors, and 4 active threads.
Waiting for actors to stop.
Read input token from inputA with value 1.0
Checking for deadlock:
There are 2 Blocked actors, 0 Stopped actors, and 4 active threads.
Waiting for actors to stop.
-- Read input: 0.0, which is expected to match: 0.0
Called prefire()
Called fire()
Checking for deadlock:
There are 3 Blocked actors, 0 Stopped actors, and 4 active threads.
Waiting for actors to stop.
Sent output token with value 0.0
Next port to read input from is inputB
Called postfire()
Called prefire()
Called fire()
Called postfire()
Called prefire()
Called fire()
Checking for deadlock:
There are 3 Blocked actors, 0 Stopped actors, and 4 active threads.
Waiting for actors to stop.
Read input token from inputB with value 1.5
-- Read input: 1.0, which is expected to match: 1.0
Called prefire()
Called fire()
Checking for deadlock:
There are 3 Blocked actors, 0 Stopped actors, and 4 active threads.
Waiting for actors to stop.
Sent output token with value 1.0
Next port to read input from is inputA
Called postfire()
Called prefire()
Called fire()
Checking for deadlock:
There are 2 Blocked actors, 0 Stopped actors, and 4 active threads.
Waiting for actors to stop.
Called postfire()
Called prefire()
Called fire()
Checking for deadlock:
There are 3 Blocked actors, 0 Stopped actors, and 4 active threads.
Waiting for actors to stop.
Read input token from inputA with value 2.0
Checking for deadlock:
There are 2 Blocked actors, 0 Stopped actors, and 4 active threads.
Waiting for actors to stop.
-- Read input: 1.5, which is expected to match: 1.5
Called prefire()
Called fire()
Checking for deadlock:
There are 3 Blocked actors, 0 Stopped actors, and 4 active threads.
Waiting for actors to stop.
Sent output token with value 1.5
Next port to read input from is inputB
Called postfire()
Called prefire()
Called fire()
Checking for deadlock:
There are 2 Blocked actors, 0 Stopped actors, and 4 active threads.
Waiting for actors to stop.
Called postfire()
Called prefire()
Called fire()
Checking for deadlock:
There are 3 Blocked actors, 0 Stopped actors, and 4 active threads.
Waiting for actors to stop.
Read input token from inputB with value 3.0
Checking for deadlock:
There are 2 Blocked actors, 0 Stopped actors, and 4 active threads.
Waiting for actors to stop.
-- Read input: 2.0, which is expected to match: 2.0
Called prefire()
Called fire()
Checking for deadlock:
There are 3 Blocked actors, 0 Stopped actors, and 4 active threads.
Waiting for actors to stop.
Sent output token with value 2.0
Next port to read input from is inputA
Called postfire()
Called prefire()
Called fire()
Checking for deadlock:
There are 2 Blocked actors, 0 Stopped actors, and 4 active threads.
Waiting for actors to stop.
Called postfire()
Called prefire()
Called fire()
Checking for deadlock:
There are 3 Blocked actors, 0 Stopped actors, and 4 active threads.
Waiting for actors to stop.
Read input token from inputA with value 3.0
Checking for deadlock:
There are 2 Blocked actors, 0 Stopped actors, and 4 active threads.
Waiting for actors to stop.
-- Read input: 3.0, which is expected to match: 3.0
Called prefire()
Called fire()
Checking for deadlock:
There are 3 Blocked actors, 0 Stopped actors, and 4 active threads.
Waiting for actors to stop.
Sent output token with value 3.0
Next port to read input from is inputB
Called postfire()
Called prefire()
Called fire()
Called postfire()
Called prefire()
Called fire()
Checking for deadlock:
There are 3 Blocked actors, 0 Stopped actors, and 4 active threads.
Waiting for actors to stop.
Read input token from inputB with value 4.5
-- Read input: 3.0, which is expected to match: 3.0
Called prefire()
Called fire()
Checking for deadlock:
There are 3 Blocked actors, 0 Stopped actors, and 4 active threads.
Waiting for actors to stop.
Sent output token with value 3.0
Next port to read input from is inputA
Called postfire()
Called prefire()
Called fire()
Checking for deadlock:
There are 2 Blocked actors, 0 Stopped actors, and 4 active threads.
Waiting for actors to stop.
Called postfire()
Called prefire()
Called fire()
Checking for deadlock:
There are 3 Blocked actors, 0 Stopped actors, and 4 active threads.
Waiting for actors to stop.
Read input token from inputA with value 4.0
Checking for deadlock:
There are 2 Blocked actors, 0 Stopped actors, and 4 active threads.
Waiting for actors to stop.
-- Read input: 4.0, which is expected to match: 4.0
Called prefire()
Called fire()
Past the end of training data. Read and discard all inputs.
Checking for deadlock:
There are 3 Blocked actors, 0 Stopped actors, and 4 active threads.
Waiting for actors to stop.
Sent output token with value 4.0
Next port to read input from is inputA
Called postfire()
Called prefire()
Called fire()
Checking for deadlock:
There are 2 Blocked actors, 0 Stopped actors, and 4 active threads.
Waiting for actors to stop.
Called postfire()
Called prefire()
Called fire()
Checking for deadlock:
There are 3 Blocked actors, 0 Stopped actors, and 4 active threads.
Waiting for actors to stop.
Read input token from inputA with value 5.0
Checking for deadlock:
There are 2 Blocked actors, 0 Stopped actors, and 4 active threads.
Waiting for actors to stop.
Called prefire()
Called fire()
Past the end of training data. Read and discard all inputs.
Checking for deadlock:
There are 3 Blocked actors, 0 Stopped actors, and 4 active threads.
Waiting for actors to stop.
Sent output token with value 4.5
Next port to read input from is inputB
Called postfire()
Called prefire()
Called fire()
Called postfire()
Called prefire()
Called fire()
Checking for deadlock:
There are 3 Blocked actors, 0 Stopped actors, and 4 active threads.
Waiting for actors to stop.
Read input token from inputB with value 6.0
Called prefire()
Called fire()
Past the end of training data. Read and discard all inputs.
Checking for deadlock:
There are 3 Blocked actors, 0 Stopped actors, and 4 active threads.
Waiting for actors to stop.
Sent output token with value 5.0
Next port to read input from is inputA
Called postfire()
Called prefire()
Called fire()
Checking for deadlock:
There are 2 Blocked actors, 0 Stopped actors, and 4 active threads.
Waiting for actors to stop.
Called postfire()
Called prefire()
Called fire()
Checking for deadlock:
There are 3 Blocked actors, 0 Stopped actors, and 4 active threads.
Waiting for actors to stop.
Read input token from inputA with value 6.0
Checking for deadlock:
There are 2 Blocked actors, 0 Stopped actors, and 4 active threads.
Waiting for actors to stop.
Called prefire()
Called fire()
Past the end of training data. Read and discard all inputs.
Checking for deadlock:
There are 3 Blocked actors, 0 Stopped actors, and 4 active threads.
Waiting for actors to stop.
Sent output token with value 6.0
Next port to read input from is inputB
Called postfire()
Called prefire()
Called fire()
Called postfire()
Called prefire()
Called fire()
Checking for deadlock:
There are 3 Blocked actors, 0 Stopped actors, and 4 active threads.
Waiting for actors to stop.
Read input token from inputB with value 7.5
Called prefire()
Called fire()
Past the end of training data. Read and discard all inputs.
Checking for deadlock:
There are 3 Blocked actors, 0 Stopped actors, and 4 active threads.
Waiting for actors to stop.
Sent output token with value 6.0
Next port to read input from is inputA
Called postfire()
Called prefire()
Called fire()
Checking for deadlock:
There are 2 Blocked actors, 0 Stopped actors, and 4 active threads.
Waiting for actors to stop.
Called postfire()
Called prefire()
Called fire()
Checking for deadlock:
There are 3 Blocked actors, 0 Stopped actors, and 4 active threads.
Waiting for actors to stop.
Read input token from inputA with value 7.0
Checking for deadlock:
There are 2 Blocked actors, 0 Stopped actors, and 4 active threads.
Waiting for actors to stop.
Called prefire()
Called fire()
Past the end of training data. Read and discard all inputs.
Checking for deadlock:
There are 3 Blocked actors, 0 Stopped actors, and 4 active threads.
Waiting for actors to stop.
Sent output token with value 7.0
Next port to read input from is inputA
Called postfire()
Called prefire()
Called fire()
Checking for deadlock:
There are 2 Blocked actors, 0 Stopped actors, and 4 active threads.
Waiting for actors to stop.
-- Thread wrapup() called.
Called wrapup()
Thread .top.Ramp is exiting.
-- Thread stopped.
Checking for deadlock:
There are 2 Blocked actors, 0 Stopped actors, and 3 active threads.
Waiting for actors to stop.
Read input token from inputA with value 8.0
Called prefire()
Called fire()
Past the end of training data. Read and discard all inputs.
Checking for deadlock:
There are 2 Blocked actors, 0 Stopped actors, and 3 active threads.
Waiting for actors to stop.
Sent output token with value 7.5
Next port to read input from is inputB
Called postfire()
Called prefire()
Called fire()
Checking for deadlock:
There are 1 Blocked actors, 0 Stopped actors, and 3 active threads.
Waiting for actors to stop.
Called postfire()
Called prefire()
Called fire()
Checking for deadlock:
There are 2 Blocked actors, 0 Stopped actors, and 3 active threads.
Waiting for actors to stop.
Read input token from inputB with value 9.0
Checking for deadlock:
There are 1 Blocked actors, 0 Stopped actors, and 3 active threads.
Waiting for actors to stop.
Called prefire()
Called fire()
Past the end of training data. Read and discard all inputs.
Checking for deadlock:
There are 2 Blocked actors, 0 Stopped actors, and 3 active threads.
Waiting for actors to stop.
Sent output token with value 8.0
Next port to read input from is inputA
Called postfire()
Called prefire()
Called fire()
Read input token from inputA with value 9.0
Called prefire()
Called fire()
Past the end of training data. Read and discard all inputs.
Checking for deadlock:
There are 2 Blocked actors, 0 Stopped actors, and 3 active threads.
Waiting for actors to stop.
Sent output token with value 9.0
Next port to read input from is inputB
Called postfire()
Called prefire()
Called fire()
Called postfire()
Called prefire()
Called fire()
Checking for deadlock:
There are 2 Blocked actors, 0 Stopped actors, and 3 active threads.
Waiting for actors to stop.
Read input token from inputB with value 10.5
Called prefire()
Called fire()
Past the end of training data. Read and discard all inputs.
Checking for deadlock:
There are 2 Blocked actors, 0 Stopped actors, and 3 active threads.
Waiting for actors to stop.
Sent output token with value 9.0
Next port to read input from is inputA
Called postfire()
Called prefire()
Called fire()
Checking for deadlock:
There are 3 Blocked actors, 0 Stopped actors, and 3 active threads.
Actors have stopped.
Checking for deadlock:
There are 3 Blocked actors, 0 Stopped actors, and 3 active threads.
Deadlock detected.
Resolving Deadlock
Checking for deadlock:
There are 3 Blocked actors, 0 Stopped actors, and 3 active threads.
Artificial Deadlock - increasing queue capacity.
increasing the capacity of receiver ptolemy.actor.TypedIOPort {.top.OrderedMerge.inputB} to 2
Director: Called postfire().
Called postfire().
_stopRequested = false
_stopFireRequested = false
Returning from postfire(): true
Called fire().
Checking for deadlock:
There are 2 Blocked actors, 0 Stopped actors, and 3 active threads.
Waiting for actors to stop.
-- Thread wrapup() called.
Called wrapup()
Thread .top.Ramp2 is exiting.
-- Thread stopped.
Checking for deadlock:
There are 2 Blocked actors, 0 Stopped actors, and 2 active threads.
Actors have stopped.
Checking for deadlock:
There are 2 Blocked actors, 0 Stopped actors, and 2 active threads.
Deadlock detected.
Resolving Deadlock
Checking for deadlock:
There are 2 Blocked actors, 0 Stopped actors, and 2 active threads.
Deadlock detected: no processes blocked on write, but some are blocked on read.
Called postfire().
_stopRequested = false
_stopFireRequested = false
Returning from postfire(): false
Finished deactivating branches.
Called wrapup().
-- Thread wrapup() called.
Called wrapup()
-- Thread wrapup() called.
Called wrapup()
Thread .top.Test is exiting.
-- Thread stopped.
-- Blocked Receiver call threw TerminateProcessException.
Thread .top.OrderedMerge is exiting.
-- Thread stopped.
-- Blocked Receiver call threw TerminateProcessException.
39 ms. Memory: 129024K Free: 92735K (72%)
/home/travis/build/icyphy/ptII/ptolemy/actor/lib/test/Publisher.tcl
16 ms. Memory: 129024K Free: 86585K (67%)
9 ms. Memory: 155648K Free: 133863K (86%)
6 ms. Memory: 155648K Free: 130281K (84%)
5 ms. Memory: 155648K Free: 129257K (83%)
4 ms. Memory: 155648K Free: 128729K (83%)
13 ms. Memory: 155648K Free: 127719K (82%)
3 ms. Memory: 155648K Free: 127209K (82%)
5 ms. Memory: 155648K Free: 126185K (81%)
21 ms. Memory: 155648K Free: 115945K (74%)
8 ms. Memory: 155648K Free: 112353K (72%)
2 ms. Memory: 155648K Free: 111849K (72%)
4 ms. Memory: 155648K Free: 109287K (70%)
14 ms. Memory: 155648K Free: 101609K (65%)
6 ms. Memory: 155648K Free: 92393K (59%)
5 ms. Memory: 155648K Free: 81129K (52%)
/home/travis/build/icyphy/ptII/ptolemy/actor/lib/test/Pulse.tcl
4 ms. Memory: 155648K Free: 118114K (76%)
1 ms. Memory: 155648K Free: 117586K (76%)
5 ms. Memory: 155648K Free: 117090K (75%)
2 ms. Memory: 155648K Free: 116546K (75%)
5 ms. Memory: 155648K Free: 116066K (75%)
7 ms. Memory: 155648K Free: 115042K (74%)
5 ms. Memory: 155648K Free: 114018K (73%)
5 ms. Memory: 155648K Free: 112994K (73%)
2 ms. Memory: 155648K Free: 112466K (72%)
/home/travis/build/icyphy/ptII/ptolemy/actor/lib/test/Ramp.tcl
9 ms. Memory: 155648K Free: 110418K (71%)
2 ms. Memory: 155648K Free: 109922K (71%)
2 ms. Memory: 155648K Free: 108898K (70%)
3 ms. Memory: 155648K Free: 108384K (70%)
5 ms. Memory: 155648K Free: 107346K (69%)
9 ms. Memory: 155648K Free: 106850K (69%)
6 ms. Memory: 155648K Free: 105826K (68%)
5 actors
11000 microseconds per iteration to create
9 ms. Memory: 155648K Free: 103250K (66%)
2 ms. Memory: 155648K Free: 102210K (66%)
2 ms. Memory: 155648K Free: 101730K (65%)
3 ms. Memory: 155648K Free: 101216K (65%)
50 actors
45000 microseconds per iteration to create
42 ms. Memory: 155648K Free: 85856K (55%)
10 ms. Memory: 155648K Free: 84832K (55%)
4 ms. Memory: 155648K Free: 83808K (54%)
15 ms. Memory: 155648K Free: 82784K (53%)
500 actors
1452000 microseconds per iteration to create
225 ms. Memory: 155648K Free: 79580K (51%)
44 ms. Memory: 155648K Free: 74460K (48%)
40 ms. Memory: 155648K Free: 68830K (44%)
40 ms. Memory: 155648K Free: 63710K (41%)
/home/travis/build/icyphy/ptII/ptolemy/actor/lib/test/RampContinuous.tcl
8 ms. Memory: 155648K Free: 62172K (40%)
/home/travis/build/icyphy/ptII/ptolemy/actor/lib/test/RecordAssembler.tcl
5 ms. Memory: 155648K Free: 60638K (39%)
3 ms. Memory: 155648K Free: 59614K (38%)
/home/travis/build/icyphy/ptII/ptolemy/actor/lib/test/RecordDisassembler.tcl
12 ms. Memory: 155648K Free: 58062K (37%)
4 ms. Memory: 155648K Free: 57038K (37%)
3 ms. Memory: 155648K Free: 56014K (36%)
/home/travis/build/icyphy/ptII/ptolemy/actor/lib/test/Scale.tcl
3 ms. Memory: 155648K Free: 54478K (35%)
1 ms. Memory: 155648K Free: 53470K (34%)
1 ms. Memory: 155648K Free: 52446K (34%)
2 ms. Memory: 155648K Free: 51918K (33%)
3 ms. Memory: 155648K Free: 50908K (33%)
/home/travis/build/icyphy/ptII/ptolemy/actor/lib/test/SequentialClock.tcl
preinitializing
resolving types
initializing
executing number 1
wrapping up
idle
4 ms. Memory: 155648K Free: 49878K (32%)
Completed execution with 5 iterations
preinitializing
resolving types
initializing
executing number 1
wrapping up
idle
1 ms. Memory: 155648K Free: 49374K (32%)
Completed execution with 5 iterations
preinitializing
resolving types
initializing
executing number 1
wrapping up
idle
2 ms. Memory: 155648K Free: 48860K (31%)
Completed execution with 5 iterations
/home/travis/build/icyphy/ptII/ptolemy/actor/lib/test/SetVariable.tcl
5 ms. Memory: 191488K Free: 167150K (87%)
/home/travis/build/icyphy/ptII/ptolemy/actor/lib/test/Sinewave.tcl
/home/travis/build/icyphy/ptII/ptolemy/actor/lib/test/SubscriptionAggregator.tcl
5 ms. Memory: 191488K Free: 155886K (81%)
2 ms. Memory: 191488K Free: 155376K (81%)
8 ms. Memory: 191488K Free: 154862K (81%)
1 ms. Memory: 191488K Free: 154352K (81%)
2 ms. Memory: 191488K Free: 150735K (79%)
12 ms. Memory: 191488K Free: 148208K (77%)
...............................................................1088 ms. Memory: 288768K Free: 130558K (45%)
/home/travis/build/icyphy/ptII/ptolemy/actor/lib/test/Test.tcl
 The next command will produce a warning about training mode,
   which may be ignored.
4 ms. Memory: 288768K Free: 128510K (45%)
4 ms. Memory: 288768K Free: 127486K (44%)
2 ms. Memory: 288768K Free: 126976K (44%)
1 ms. Memory: 288768K Free: 126431K (44%)
3 ms. Memory: 288768K Free: 125952K (44%)
2 ms. Memory: 288768K Free: 124414K (43%)
3 ms. Memory: 288768K Free: 123375K (43%)
 The next command will produce a warning about training mode,
   which may be ignored.
5 ms. Memory: 288768K Free: 120832K (42%)
 The next command will produce a warning about training mode,
   which may be ignored.
2 ms. Memory: 288768K Free: 119808K (41%)
1 ms. Memory: 288768K Free: 119279K (41%)
1 ms. Memory: 288768K Free: 118784K (41%)
2 ms. Memory: 288768K Free: 118255K (41%)
7 ms. Memory: 288768K Free: 117246K (41%)
4 ms. Memory: 288768K Free: 240692K (83%)
/home/travis/build/icyphy/ptII/ptolemy/actor/lib/test/TestExceptionHandler.tcl
 The next command will produce a warning about training mode,
   which may be ignored.
3 ms. Memory: 288768K Free: 239668K (83%)
1 ms. Memory: 288768K Free: 239172K (83%)
1 ms. Memory: 288768K Free: 238644K (83%)
/home/travis/build/icyphy/ptII/ptolemy/actor/lib/test/UnionDisassembler.tcl
25 ms. Memory: 288768K Free: 231460K (80%)
/home/travis/build/icyphy/ptII/ptolemy/actor/lib/test/VariableClock.tcl
preinitializing
resolving types
initializing
executing number 1
wrapping up
idle
8 ms. Memory: 288768K Free: 229412K (79%)
Completed execution with 11 iterations
preinitializing
resolving types
initializing
executing number 1
wrapping up
idle
3 ms. Memory: 288768K Free: 227908K (79%)
Completed execution with 10 iterations
08/29/20 03:39:26
Failed: 0  Total Tests: 233  ((Passed: 233, Newly Passed: 0)  Known Failed: 0) /home/travis/build/icyphy/ptII/ptolemy/actor/lib/test
----------------- testing (KnownFailure) /home/travis/build/icyphy/ptII/ptolemy/actor/lib/test/auto/knownFailedTests/PublisherPortToplevelSubscriber.xml
1 ms. Memory: 288768K Free: 224322K (78%)
Known Failure: java.lang.reflect.InvocationTargetException
----------------- testing (KnownFailure) /home/travis/build/icyphy/ptII/ptolemy/actor/lib/test/auto/knownFailedTests/PublisherSubscriberPortToplevel.xml
0 ms. Memory: 288768K Free: 220226K (76%)
Known Failure: java.lang.reflect.InvocationTargetException
----------------- testing (KnownFailure) /home/travis/build/icyphy/ptII/ptolemy/actor/lib/test/auto/knownFailedTests/PublisherSubscriptionAggregatorPort.xml
0 ms. Memory: 288768K Free: 216130K (75%)
Known Failure: java.lang.reflect.InvocationTargetException
----------------- testing (KnownFailure) /home/travis/build/icyphy/ptII/ptolemy/actor/lib/test/auto/knownFailedTests/sizedarray3.xml
3 ms. Memory: 288768K Free: 212034K (73%)
Known Failure: java.lang.reflect.InvocationTargetException
No auto/linux-amd64/*.xml tests in /home/travis/build/icyphy/ptII/ptolemy/actor/lib/test
AutoTests.java: About to close Vertx.
AutoTests.java: Vertx closed.

===========================================================================================
----------------- testing Sat Aug 29 15:39:26 UTC 2020 /home/travis/build/icyphy/ptII/ptolemy/actor/lib/test/auto/AbsoluteValue.xml
----------------- Instantiating /home/travis/build/icyphy/ptII/ptolemy/actor/lib/test/auto/AbsoluteValue.xml
8 ms. Memory: 288768K Free: 188482K (65%)
----------------- Invoking toplevel() on ptolemy.moml.MoMLSimpleApplication@37e10dbe
----------------- Done invoking toplevel() on ptolemy.moml.MoMLSimpleApplication@37e10dbe
reloadAllAccessors: .AbsoluteValue

===========================================================================================
----------------- testing Sat Aug 29 15:39:26 UTC 2020 /home/travis/build/icyphy/ptII/ptolemy/actor/lib/test/auto/AbsoluteValue2.xml
----------------- Instantiating /home/travis/build/icyphy/ptII/ptolemy/actor/lib/test/auto/AbsoluteValue2.xml
5 ms. Memory: 288768K Free: 181314K (63%)
----------------- Invoking toplevel() on ptolemy.moml.MoMLSimpleApplication@5b1f957e
----------------- Done invoking toplevel() on ptolemy.moml.MoMLSimpleApplication@5b1f957e
reloadAllAccessors: .AbsoluteValue2

===========================================================================================
----------------- testing Sat Aug 29 15:39:26 UTC 2020 /home/travis/build/icyphy/ptII/ptolemy/actor/lib/test/auto/Accumulator.xml
----------------- Instantiating /home/travis/build/icyphy/ptII/ptolemy/actor/lib/test/auto/Accumulator.xml
6 ms. Memory: 288768K Free: 175170K (61%)
----------------- Invoking toplevel() on ptolemy.moml.MoMLSimpleApplication@1b9b6b4a
----------------- Done invoking toplevel() on ptolemy.moml.MoMLSimpleApplication@1b9b6b4a
reloadAllAccessors: .Accumulator

===========================================================================================
----------------- testing Sat Aug 29 15:39:26 UTC 2020 /home/travis/build/icyphy/ptII/ptolemy/actor/lib/test/auto/Accumulator2.xml
----------------- Instantiating /home/travis/build/icyphy/ptII/ptolemy/actor/lib/test/auto/Accumulator2.xml
2 ms. Memory: 288768K Free: 170050K (59%)
----------------- Invoking toplevel() on ptolemy.moml.MoMLSimpleApplication@795295d1
----------------- Done invoking toplevel() on ptolemy.moml.MoMLSimpleApplication@795295d1
reloadAllAccessors: .Accumulator2

===========================================================================================
----------------- testing Sat Aug 29 15:39:26 UTC 2020 /home/travis/build/icyphy/ptII/ptolemy/actor/lib/test/auto/Accumulator3.xml
----------------- Instantiating /home/travis/build/icyphy/ptII/ptolemy/actor/lib/test/auto/Accumulator3.xml
6 ms. Memory: 288768K Free: 165444K (57%)
----------------- Invoking toplevel() on ptolemy.moml.MoMLSimpleApplication@53d7bc6b
----------------- Done invoking toplevel() on ptolemy.moml.MoMLSimpleApplication@53d7bc6b
reloadAllAccessors: .Accumulator3

===========================================================================================
----------------- testing Sat Aug 29 15:39:26 UTC 2020 /home/travis/build/icyphy/ptII/ptolemy/actor/lib/test/auto/ArrayAppend.xml
----------------- Instantiating /home/travis/build/icyphy/ptII/ptolemy/actor/lib/test/auto/ArrayAppend.xml
4 ms. Memory: 288768K Free: 159780K (55%)
----------------- Invoking toplevel() on ptolemy.moml.MoMLSimpleApplication@4a3760a3
----------------- Done invoking toplevel() on ptolemy.moml.MoMLSimpleApplication@4a3760a3
reloadAllAccessors: .ArrayAppend

===========================================================================================
----------------- testing Sat Aug 29 15:39:26 UTC 2020 /home/travis/build/icyphy/ptII/ptolemy/actor/lib/test/auto/ArrayAppend2.xml
----------------- Instantiating /home/travis/build/icyphy/ptII/ptolemy/actor/lib/test/auto/ArrayAppend2.xml
261 ms. Memory: 288768K Free: 95812K (33%)
----------------- Invoking toplevel() on ptolemy.moml.MoMLSimpleApplication@6f6dd470
----------------- Done invoking toplevel() on ptolemy.moml.MoMLSimpleApplication@6f6dd470
reloadAllAccessors: .ArrayAppend2

===========================================================================================
----------------- testing Sat Aug 29 15:39:27 UTC 2020 /home/travis/build/icyphy/ptII/ptolemy/actor/lib/test/auto/ArrayAppend3.xml
----------------- Instantiating /home/travis/build/icyphy/ptII/ptolemy/actor/lib/test/auto/ArrayAppend3.xml
9 ms. Memory: 288768K Free: 90692K (31%)
----------------- Invoking toplevel() on ptolemy.moml.MoMLSimpleApplication@5616a772
----------------- Done invoking toplevel() on ptolemy.moml.MoMLSimpleApplication@5616a772
reloadAllAccessors: .ArrayAppend3

===========================================================================================
----------------- testing Sat Aug 29 15:39:27 UTC 2020 /home/travis/build/icyphy/ptII/ptolemy/actor/lib/test/auto/ArrayAppend4.xml
----------------- Instantiating /home/travis/build/icyphy/ptII/ptolemy/actor/lib/test/auto/ArrayAppend4.xml
7 ms. Memory: 288768K Free: 235716K (82%)
----------------- Invoking toplevel() on ptolemy.moml.MoMLSimpleApplication@48dcea7f
----------------- Done invoking toplevel() on ptolemy.moml.MoMLSimpleApplication@48dcea7f
reloadAllAccessors: .ArrayAppend4

===========================================================================================
----------------- testing Sat Aug 29 15:39:27 UTC 2020 /home/travis/build/icyphy/ptII/ptolemy/actor/lib/test/auto/ArrayAppend5.xml
----------------- Instantiating /home/travis/build/icyphy/ptII/ptolemy/actor/lib/test/auto/ArrayAppend5.xml
2 ms. Memory: 288768K Free: 230596K (80%)
----------------- Invoking toplevel() on ptolemy.moml.MoMLSimpleApplication@3779e0cc
----------------- Done invoking toplevel() on ptolemy.moml.MoMLSimpleApplication@3779e0cc
reloadAllAccessors: .ArrayAppend5

===========================================================================================
----------------- testing Sat Aug 29 15:39:27 UTC 2020 /home/travis/build/icyphy/ptII/ptolemy/actor/lib/test/auto/ArrayAppend6.xml
----------------- Instantiating /home/travis/build/icyphy/ptII/ptolemy/actor/lib/test/auto/ArrayAppend6.xml
3 ms. Memory: 288768K Free: 225476K (78%)
----------------- Invoking toplevel() on ptolemy.moml.MoMLSimpleApplication@1222057a
----------------- Done invoking toplevel() on ptolemy.moml.MoMLSimpleApplication@1222057a
reloadAllAccessors: .ArrayAppend6

===========================================================================================
----------------- testing Sat Aug 29 15:39:27 UTC 2020 /home/travis/build/icyphy/ptII/ptolemy/actor/lib/test/auto/ArrayAppendPerformanceTest.xml
----------------- Instantiating /home/travis/build/icyphy/ptII/ptolemy/actor/lib/test/auto/ArrayAppendPerformanceTest.xml
25 ms. Memory: 288768K Free: 213698K (74%)
----------------- Invoking toplevel() on ptolemy.moml.MoMLSimpleApplication@608b15c2
----------------- Done invoking toplevel() on ptolemy.moml.MoMLSimpleApplication@608b15c2
reloadAllAccessors: .ArrayAppendPerformanceTest

===========================================================================================
----------------- testing Sat Aug 29 15:39:27 UTC 2020 /home/travis/build/icyphy/ptII/ptolemy/actor/lib/test/auto/ArrayAppendWithEmptyInput.xml
----------------- Instantiating /home/travis/build/icyphy/ptII/ptolemy/actor/lib/test/auto/ArrayAppendWithEmptyInput.xml
29 ms. Memory: 288768K Free: 206020K (71%)
----------------- Invoking toplevel() on ptolemy.moml.MoMLSimpleApplication@2d474545
----------------- Done invoking toplevel() on ptolemy.moml.MoMLSimpleApplication@2d474545
reloadAllAccessors: .ArrayAppendWithEmptyInput

===========================================================================================
----------------- testing Sat Aug 29 15:39:27 UTC 2020 /home/travis/build/icyphy/ptII/ptolemy/actor/lib/test/auto/ArrayAverage.xml
----------------- Instantiating /home/travis/build/icyphy/ptII/ptolemy/actor/lib/test/auto/ArrayAverage.xml
5 ms. Memory: 288768K Free: 197828K (69%)
----------------- Invoking toplevel() on ptolemy.moml.MoMLSimpleApplication@32e98f7e
----------------- Done invoking toplevel() on ptolemy.moml.MoMLSimpleApplication@32e98f7e
reloadAllAccessors: .ArrayAverage

===========================================================================================
----------------- testing Sat Aug 29 15:39:27 UTC 2020 /home/travis/build/icyphy/ptII/ptolemy/actor/lib/test/auto/ArrayContains.xml
----------------- Instantiating /home/travis/build/icyphy/ptII/ptolemy/actor/lib/test/auto/ArrayContains.xml
2 ms. Memory: 288768K Free: 192194K (67%)
----------------- Invoking toplevel() on ptolemy.moml.MoMLSimpleApplication@6ae0f74
----------------- Done invoking toplevel() on ptolemy.moml.MoMLSimpleApplication@6ae0f74
reloadAllAccessors: .ArrayContains

===========================================================================================
----------------- testing Sat Aug 29 15:39:27 UTC 2020 /home/travis/build/icyphy/ptII/ptolemy/actor/lib/test/auto/ArrayElement.xml
----------------- Instantiating /home/travis/build/icyphy/ptII/ptolemy/actor/lib/test/auto/ArrayElement.xml
8 ms. Memory: 288768K Free: 186050K (64%)
----------------- Invoking toplevel() on ptolemy.moml.MoMLSimpleApplication@14465cb5
----------------- Done invoking toplevel() on ptolemy.moml.MoMLSimpleApplication@14465cb5
reloadAllAccessors: .ArrayElement

===========================================================================================
----------------- testing Sat Aug 29 15:39:27 UTC 2020 /home/travis/build/icyphy/ptII/ptolemy/actor/lib/test/auto/ArrayElementAsMatrix.xml
----------------- Instantiating /home/travis/build/icyphy/ptII/ptolemy/actor/lib/test/auto/ArrayElementAsMatrix.xml
24 ms. Memory: 288768K Free: 176324K (61%)
----------------- Invoking toplevel() on ptolemy.moml.MoMLSimpleApplication@5aaac648
----------------- Done invoking toplevel() on ptolemy.moml.MoMLSimpleApplication@5aaac648
reloadAllAccessors: .ArrayElementAsMatrix

===========================================================================================
----------------- testing Sat Aug 29 15:39:27 UTC 2020 /home/travis/build/icyphy/ptII/ptolemy/actor/lib/test/auto/ArrayElementI.xml
----------------- Instantiating /home/travis/build/icyphy/ptII/ptolemy/actor/lib/test/auto/ArrayElementI.xml
10 ms. Memory: 288768K Free: 171204K (59%)
----------------- Invoking toplevel() on ptolemy.moml.MoMLSimpleApplication@1e3db655
----------------- Done invoking toplevel() on ptolemy.moml.MoMLSimpleApplication@1e3db655
reloadAllAccessors: .ArrayElementI

===========================================================================================
----------------- testing Sat Aug 29 15:39:27 UTC 2020 /home/travis/build/icyphy/ptII/ptolemy/actor/lib/test/auto/ArrayExtract.xml
----------------- Instantiating /home/travis/build/icyphy/ptII/ptolemy/actor/lib/test/auto/ArrayExtract.xml
5 ms. Memory: 288768K Free: 162498K (56%)
----------------- Invoking toplevel() on ptolemy.moml.MoMLSimpleApplication@5e4ee7e
----------------- Done invoking toplevel() on ptolemy.moml.MoMLSimpleApplication@5e4ee7e
reloadAllAccessors: .ArrayExtract

===========================================================================================
----------------- testing Sat Aug 29 15:39:27 UTC 2020 /home/travis/build/icyphy/ptII/ptolemy/actor/lib/test/auto/ArrayExtract2.xml
----------------- Instantiating /home/travis/build/icyphy/ptII/ptolemy/actor/lib/test/auto/ArrayExtract2.xml
2 ms. Memory: 288768K Free: 157348K (54%)
----------------- Invoking toplevel() on ptolemy.moml.MoMLSimpleApplication@1ff1e9be
----------------- Done invoking toplevel() on ptolemy.moml.MoMLSimpleApplication@1ff1e9be
reloadAllAccessors: .ArrayExtract2

===========================================================================================
----------------- testing Sat Aug 29 15:39:27 UTC 2020 /home/travis/build/icyphy/ptII/ptolemy/actor/lib/test/auto/ArrayLength.xml
----------------- Instantiating /home/travis/build/icyphy/ptII/ptolemy/actor/lib/test/auto/ArrayLength.xml
2 ms. Memory: 288768K Free: 153282K (53%)
----------------- Invoking toplevel() on ptolemy.moml.MoMLSimpleApplication@106f835a
----------------- Done invoking toplevel() on ptolemy.moml.MoMLSimpleApplication@106f835a
reloadAllAccessors: .ArrayLength

===========================================================================================
----------------- testing Sat Aug 29 15:39:27 UTC 2020 /home/travis/build/icyphy/ptII/ptolemy/actor/lib/test/auto/ArrayLevelCrossing.xml
----------------- Instantiating /home/travis/build/icyphy/ptII/ptolemy/actor/lib/test/auto/ArrayLevelCrossing.xml
3 ms. Memory: 288768K Free: 145604K (50%)
----------------- Invoking toplevel() on ptolemy.moml.MoMLSimpleApplication@a82d825
----------------- Done invoking toplevel() on ptolemy.moml.MoMLSimpleApplication@a82d825
reloadAllAccessors: .ArrayLevelCrossing

===========================================================================================
----------------- testing Sat Aug 29 15:39:27 UTC 2020 /home/travis/build/icyphy/ptII/ptolemy/actor/lib/test/auto/ArrayLevelCrossing2.xml
----------------- Instantiating /home/travis/build/icyphy/ptII/ptolemy/actor/lib/test/auto/ArrayLevelCrossing2.xml
2 ms. Memory: 288768K Free: 138436K (48%)
----------------- Invoking toplevel() on ptolemy.moml.MoMLSimpleApplication@32a1a551
----------------- Done invoking toplevel() on ptolemy.moml.MoMLSimpleApplication@32a1a551
reloadAllAccessors: .ArrayLevelCrossing2

===========================================================================================
----------------- testing Sat Aug 29 15:39:27 UTC 2020 /home/travis/build/icyphy/ptII/ptolemy/actor/lib/test/auto/ArrayPeakSearch.xml
----------------- Instantiating /home/travis/build/icyphy/ptII/ptolemy/actor/lib/test/auto/ArrayPeakSearch.xml
3 ms. Memory: 288768K Free: 129730K (45%)
----------------- Invoking toplevel() on ptolemy.moml.MoMLSimpleApplication@77cf3ee1
----------------- Done invoking toplevel() on ptolemy.moml.MoMLSimpleApplication@77cf3ee1
reloadAllAccessors: .ArrayPeakSearch

===========================================================================================
----------------- testing Sat Aug 29 15:39:27 UTC 2020 /home/travis/build/icyphy/ptII/ptolemy/actor/lib/test/auto/ArrayPeakSearch2.xml
----------------- Instantiating /home/travis/build/icyphy/ptII/ptolemy/actor/lib/test/auto/ArrayPeakSearch2.xml
5 ms. Memory: 288768K Free: 118980K (41%)
----------------- Invoking toplevel() on ptolemy.moml.MoMLSimpleApplication@7eef25ea
----------------- Done invoking toplevel() on ptolemy.moml.MoMLSimpleApplication@7eef25ea
reloadAllAccessors: .ArrayPeakSearch2

===========================================================================================
----------------- testing Sat Aug 29 15:39:27 UTC 2020 /home/travis/build/icyphy/ptII/ptolemy/actor/lib/test/auto/ArrayPeakSearch3.xml
----------------- Instantiating /home/travis/build/icyphy/ptII/ptolemy/actor/lib/test/auto/ArrayPeakSearch3.xml
7 ms. Memory: 288768K Free: 110274K (38%)
----------------- Invoking toplevel() on ptolemy.moml.MoMLSimpleApplication@5cf78fc3
----------------- Done invoking toplevel() on ptolemy.moml.MoMLSimpleApplication@5cf78fc3
reloadAllAccessors: .ArrayPeakSearch3

===========================================================================================
----------------- testing Sat Aug 29 15:39:27 UTC 2020 /home/travis/build/icyphy/ptII/ptolemy/actor/lib/test/auto/ArrayRemoveElement.xml
----------------- Instantiating /home/travis/build/icyphy/ptII/ptolemy/actor/lib/test/auto/ArrayRemoveElement.xml
3 ms. Memory: 288768K Free: 102082K (35%)
----------------- Invoking toplevel() on ptolemy.moml.MoMLSimpleApplication@71bcac09
----------------- Done invoking toplevel() on ptolemy.moml.MoMLSimpleApplication@71bcac09
reloadAllAccessors: .ArrayRemoveElement

===========================================================================================
----------------- testing Sat Aug 29 15:39:28 UTC 2020 /home/travis/build/icyphy/ptII/ptolemy/actor/lib/test/auto/ArraySort.xml
----------------- Instantiating /home/travis/build/icyphy/ptII/ptolemy/actor/lib/test/auto/ArraySort.xml
5 ms. Memory: 288768K Free: 93380K (32%)
----------------- Invoking toplevel() on ptolemy.moml.MoMLSimpleApplication@3da77ecf
----------------- Done invoking toplevel() on ptolemy.moml.MoMLSimpleApplication@3da77ecf
reloadAllAccessors: .ArraySort

===========================================================================================
----------------- testing Sat Aug 29 15:39:28 UTC 2020 /home/travis/build/icyphy/ptII/ptolemy/actor/lib/test/auto/ArraySum.xml
----------------- Instantiating /home/travis/build/icyphy/ptII/ptolemy/actor/lib/test/auto/ArraySum.xml
2 ms. Memory: 288768K Free: 87746K (30%)
----------------- Invoking toplevel() on ptolemy.moml.MoMLSimpleApplication@6ac67008
----------------- Done invoking toplevel() on ptolemy.moml.MoMLSimpleApplication@6ac67008
reloadAllAccessors: .ArraySum

===========================================================================================
----------------- testing Sat Aug 29 15:39:28 UTC 2020 /home/travis/build/icyphy/ptII/ptolemy/actor/lib/test/auto/ArrayToElements.xml
----------------- Instantiating /home/travis/build/icyphy/ptII/ptolemy/actor/lib/test/auto/ArrayToElements.xml
4 ms. Memory: 288768K Free: 82626K (29%)
----------------- Invoking toplevel() on ptolemy.moml.MoMLSimpleApplication@9407540
----------------- Done invoking toplevel() on ptolemy.moml.MoMLSimpleApplication@9407540
reloadAllAccessors: .ArrayToElements

===========================================================================================
----------------- testing Sat Aug 29 15:39:28 UTC 2020 /home/travis/build/icyphy/ptII/ptolemy/actor/lib/test/auto/ArrayToMatrix.xml
----------------- Instantiating /home/travis/build/icyphy/ptII/ptolemy/actor/lib/test/auto/ArrayToMatrix.xml
8 ms. Memory: 288768K Free: 230965K (80%)
----------------- Invoking toplevel() on ptolemy.moml.MoMLSimpleApplication@7eba4cd7
----------------- Done invoking toplevel() on ptolemy.moml.MoMLSimpleApplication@7eba4cd7
reloadAllAccessors: .ArrayToMatrix

===========================================================================================
----------------- testing Sat Aug 29 15:39:28 UTC 2020 /home/travis/build/icyphy/ptII/ptolemy/actor/lib/test/auto/ArrayUpdate1.xml
----------------- Instantiating /home/travis/build/icyphy/ptII/ptolemy/actor/lib/test/auto/ArrayUpdate1.xml
4 ms. Memory: 288768K Free: 225335K (78%)
----------------- Invoking toplevel() on ptolemy.moml.MoMLSimpleApplication@4d2fa6e5
----------------- Done invoking toplevel() on ptolemy.moml.MoMLSimpleApplication@4d2fa6e5
reloadAllAccessors: .ArrayUpdate1

===========================================================================================
----------------- testing Sat Aug 29 15:39:28 UTC 2020 /home/travis/build/icyphy/ptII/ptolemy/actor/lib/test/auto/ArrayUpdate2.xml
----------------- Instantiating /home/travis/build/icyphy/ptII/ptolemy/actor/lib/test/auto/ArrayUpdate2.xml
5 ms. Memory: 288768K Free: 219191K (76%)
----------------- Invoking toplevel() on ptolemy.moml.MoMLSimpleApplication@5109f67a
----------------- Done invoking toplevel() on ptolemy.moml.MoMLSimpleApplication@5109f67a
reloadAllAccessors: .ArrayUpdate2

===========================================================================================
----------------- testing Sat Aug 29 15:39:28 UTC 2020 /home/travis/build/icyphy/ptII/ptolemy/actor/lib/test/auto/ArrayUpdate3.xml
----------------- Instantiating /home/travis/build/icyphy/ptII/ptolemy/actor/lib/test/auto/ArrayUpdate3.xml
5 ms. Memory: 288768K Free: 214071K (74%)
----------------- Invoking toplevel() on ptolemy.moml.MoMLSimpleApplication@b1491e7
----------------- Done invoking toplevel() on ptolemy.moml.MoMLSimpleApplication@b1491e7
reloadAllAccessors: .ArrayUpdate3

===========================================================================================
----------------- testing Sat Aug 29 15:39:28 UTC 2020 /home/travis/build/icyphy/ptII/ptolemy/actor/lib/test/auto/Assert1.xml
----------------- Instantiating /home/travis/build/icyphy/ptII/ptolemy/actor/lib/test/auto/Assert1.xml
5 ms. Memory: 288768K Free: 209975K (73%)
----------------- Invoking toplevel() on ptolemy.moml.MoMLSimpleApplication@68bf42cc
----------------- Done invoking toplevel() on ptolemy.moml.MoMLSimpleApplication@68bf42cc
reloadAllAccessors: .Assert1

===========================================================================================
----------------- testing Sat Aug 29 15:39:28 UTC 2020 /home/travis/build/icyphy/ptII/ptolemy/actor/lib/test/auto/Assert2.xml
----------------- Instantiating /home/travis/build/icyphy/ptII/ptolemy/actor/lib/test/auto/Assert2.xml
2 ms. Memory: 288768K Free: 205365K (71%)
----------------- Invoking toplevel() on ptolemy.moml.MoMLSimpleApplication@1664fb1e
----------------- Done invoking toplevel() on ptolemy.moml.MoMLSimpleApplication@1664fb1e
reloadAllAccessors: .Assert2

===========================================================================================
----------------- testing Sat Aug 29 15:39:28 UTC 2020 /home/travis/build/icyphy/ptII/ptolemy/actor/lib/test/auto/BooleanMultiplexor.xml
----------------- Instantiating /home/travis/build/icyphy/ptII/ptolemy/actor/lib/test/auto/BooleanMultiplexor.xml
3 ms. Memory: 288768K Free: 199735K (69%)
----------------- Invoking toplevel() on ptolemy.moml.MoMLSimpleApplication@5c72f565
----------------- Done invoking toplevel() on ptolemy.moml.MoMLSimpleApplication@5c72f565
reloadAllAccessors: .BooleanMultiplexor

===========================================================================================
----------------- testing Sat Aug 29 15:39:28 UTC 2020 /home/travis/build/icyphy/ptII/ptolemy/actor/lib/test/auto/BooleanMultiplexor2.xml
----------------- Instantiating /home/travis/build/icyphy/ptII/ptolemy/actor/lib/test/auto/BooleanMultiplexor2.xml
12 ms. Memory: 288768K Free: 193077K (67%)
----------------- Invoking toplevel() on ptolemy.moml.MoMLSimpleApplication@25177c7c
----------------- Done invoking toplevel() on ptolemy.moml.MoMLSimpleApplication@25177c7c
reloadAllAccessors: .BooleanMultiplexor2

===========================================================================================
----------------- testing Sat Aug 29 15:39:28 UTC 2020 /home/travis/build/icyphy/ptII/ptolemy/actor/lib/test/auto/BooleanMultiplexor3.xml
----------------- Instantiating /home/travis/build/icyphy/ptII/ptolemy/actor/lib/test/auto/BooleanMultiplexor3.xml
6 ms. Memory: 288768K Free: 189493K (66%)
----------------- Invoking toplevel() on ptolemy.moml.MoMLSimpleApplication@14979cc3
----------------- Done invoking toplevel() on ptolemy.moml.MoMLSimpleApplication@14979cc3
reloadAllAccessors: .BooleanMultiplexor3

===========================================================================================
----------------- testing Sat Aug 29 15:39:28 UTC 2020 /home/travis/build/icyphy/ptII/ptolemy/actor/lib/test/auto/BooleanSelect.xml
----------------- Instantiating /home/travis/build/icyphy/ptII/ptolemy/actor/lib/test/auto/BooleanSelect.xml
7 ms. Memory: 288768K Free: 183351K (63%)
----------------- Invoking toplevel() on ptolemy.moml.MoMLSimpleApplication@61a01258
----------------- Done invoking toplevel() on ptolemy.moml.MoMLSimpleApplication@61a01258
reloadAllAccessors: .BooleanSelect

===========================================================================================
----------------- testing Sat Aug 29 15:39:28 UTC 2020 /home/travis/build/icyphy/ptII/ptolemy/actor/lib/test/auto/BooleanSelect2.xml
----------------- Instantiating /home/travis/build/icyphy/ptII/ptolemy/actor/lib/test/auto/BooleanSelect2.xml
1 ms. Memory: 288768K Free: 179255K (62%)
----------------- Invoking toplevel() on ptolemy.moml.MoMLSimpleApplication@3376128f
----------------- Done invoking toplevel() on ptolemy.moml.MoMLSimpleApplication@3376128f
reloadAllAccessors: .BooleanSelect2

===========================================================================================
----------------- testing Sat Aug 29 15:39:28 UTC 2020 /home/travis/build/icyphy/ptII/ptolemy/actor/lib/test/auto/BooleanSwitch.xml
----------------- Instantiating /home/travis/build/icyphy/ptII/ptolemy/actor/lib/test/auto/BooleanSwitch.xml
8 ms. Memory: 288768K Free: 173111K (60%)
----------------- Invoking toplevel() on ptolemy.moml.MoMLSimpleApplication@7b1c0a4d
----------------- Done invoking toplevel() on ptolemy.moml.MoMLSimpleApplication@7b1c0a4d
reloadAllAccessors: .BooleanSwitch

===========================================================================================
----------------- testing Sat Aug 29 15:39:28 UTC 2020 /home/travis/build/icyphy/ptII/ptolemy/actor/lib/test/auto/BooleanSwitch2.xml
----------------- Instantiating /home/travis/build/icyphy/ptII/ptolemy/actor/lib/test/auto/BooleanSwitch2.xml
2 ms. Memory: 288768K Free: 169015K (59%)
----------------- Invoking toplevel() on ptolemy.moml.MoMLSimpleApplication@5b53aa58
----------------- Done invoking toplevel() on ptolemy.moml.MoMLSimpleApplication@5b53aa58
reloadAllAccessors: .BooleanSwitch2

===========================================================================================
----------------- testing Sat Aug 29 15:39:28 UTC 2020 /home/travis/build/icyphy/ptII/ptolemy/actor/lib/test/auto/BooleanSwitchCloningBugWithClassRelationGroup.xml
----------------- Instantiating /home/travis/build/icyphy/ptII/ptolemy/actor/lib/test/auto/BooleanSwitchCloningBugWithClassRelationGroup.xml
3 ms. Memory: 288768K Free: 162357K (56%)
----------------- Invoking toplevel() on ptolemy.moml.MoMLSimpleApplication@6dc2c2ae
----------------- Done invoking toplevel() on ptolemy.moml.MoMLSimpleApplication@6dc2c2ae
reloadAllAccessors: .BooleanSwitchCloningBugWithClassRelationGroup

===========================================================================================
----------------- testing Sat Aug 29 15:39:28 UTC 2020 /home/travis/build/icyphy/ptII/ptolemy/actor/lib/test/auto/BusActors.xml
----------------- Instantiating /home/travis/build/icyphy/ptII/ptolemy/actor/lib/test/auto/BusActors.xml
4 ms. Memory: 288768K Free: 154679K (54%)
----------------- Invoking toplevel() on ptolemy.moml.MoMLSimpleApplication@1426909b
----------------- Done invoking toplevel() on ptolemy.moml.MoMLSimpleApplication@1426909b
reloadAllAccessors: .BusActors

===========================================================================================
----------------- testing Sat Aug 29 15:39:28 UTC 2020 /home/travis/build/icyphy/ptII/ptolemy/actor/lib/test/auto/ClassWrapper.xml
----------------- Instantiating /home/travis/build/icyphy/ptII/ptolemy/actor/lib/test/auto/ClassWrapper.xml
3 ms. Memory: 288768K Free: 150069K (52%)
----------------- Invoking toplevel() on ptolemy.moml.MoMLSimpleApplication@13f8bb69
----------------- Done invoking toplevel() on ptolemy.moml.MoMLSimpleApplication@13f8bb69
reloadAllAccessors: .ClassWrapper

===========================================================================================
----------------- testing Sat Aug 29 15:39:28 UTC 2020 /home/travis/build/icyphy/ptII/ptolemy/actor/lib/test/auto/Clock.xml
----------------- Instantiating /home/travis/build/icyphy/ptII/ptolemy/actor/lib/test/auto/Clock.xml
3 ms. Memory: 288768K Free: 146487K (51%)
----------------- Invoking toplevel() on ptolemy.moml.MoMLSimpleApplication@6f725a02
----------------- Done invoking toplevel() on ptolemy.moml.MoMLSimpleApplication@6f725a02
reloadAllAccessors: .Clock

===========================================================================================
----------------- testing Sat Aug 29 15:39:28 UTC 2020 /home/travis/build/icyphy/ptII/ptolemy/actor/lib/test/auto/Clock10.xml
----------------- Instantiating /home/travis/build/icyphy/ptII/ptolemy/actor/lib/test/auto/Clock10.xml
6 ms. Memory: 288768K Free: 140343K (49%)
----------------- Invoking toplevel() on ptolemy.moml.MoMLSimpleApplication@4e9fd7d9
----------------- Done invoking toplevel() on ptolemy.moml.MoMLSimpleApplication@4e9fd7d9
reloadAllAccessors: .Clock10

===========================================================================================
----------------- testing Sat Aug 29 15:39:28 UTC 2020 /home/travis/build/icyphy/ptII/ptolemy/actor/lib/test/auto/Clock11.xml
----------------- Instantiating /home/travis/build/icyphy/ptII/ptolemy/actor/lib/test/auto/Clock11.xml
4 ms. Memory: 288768K Free: 134709K (47%)
----------------- Invoking toplevel() on ptolemy.moml.MoMLSimpleApplication@3a321529
----------------- Done invoking toplevel() on ptolemy.moml.MoMLSimpleApplication@3a321529
reloadAllAccessors: .Clock11

===========================================================================================
----------------- testing Sat Aug 29 15:39:28 UTC 2020 /home/travis/build/icyphy/ptII/ptolemy/actor/lib/test/auto/Clock12.xml
----------------- Instantiating /home/travis/build/icyphy/ptII/ptolemy/actor/lib/test/auto/Clock12.xml
4 ms. Memory: 288768K Free: 128565K (45%)
----------------- Invoking toplevel() on ptolemy.moml.MoMLSimpleApplication@324d71e9
----------------- Done invoking toplevel() on ptolemy.moml.MoMLSimpleApplication@324d71e9
reloadAllAccessors: .Clock12

===========================================================================================
----------------- testing Sat Aug 29 15:39:28 UTC 2020 /home/travis/build/icyphy/ptII/ptolemy/actor/lib/test/auto/Clock13.xml
----------------- Instantiating /home/travis/build/icyphy/ptII/ptolemy/actor/lib/test/auto/Clock13.xml
8 ms. Memory: 288768K Free: 122935K (43%)
----------------- Invoking toplevel() on ptolemy.moml.MoMLSimpleApplication@3b4083c0
----------------- Done invoking toplevel() on ptolemy.moml.MoMLSimpleApplication@3b4083c0
reloadAllAccessors: .Clock13

===========================================================================================
----------------- testing Sat Aug 29 15:39:28 UTC 2020 /home/travis/build/icyphy/ptII/ptolemy/actor/lib/test/auto/Clock14.xml
----------------- Instantiating /home/travis/build/icyphy/ptII/ptolemy/actor/lib/test/auto/Clock14.xml
6 ms. Memory: 288768K Free: 116791K (40%)
----------------- Invoking toplevel() on ptolemy.moml.MoMLSimpleApplication@15337d3a
----------------- Done invoking toplevel() on ptolemy.moml.MoMLSimpleApplication@15337d3a
reloadAllAccessors: .Clock14

===========================================================================================
----------------- testing Sat Aug 29 15:39:28 UTC 2020 /home/travis/build/icyphy/ptII/ptolemy/actor/lib/test/auto/Clock15.xml
----------------- Instantiating /home/travis/build/icyphy/ptII/ptolemy/actor/lib/test/auto/Clock15.xml
5 ms. Memory: 288768K Free: 111151K (38%)
----------------- Invoking toplevel() on ptolemy.moml.MoMLSimpleApplication@c196cf0
----------------- Done invoking toplevel() on ptolemy.moml.MoMLSimpleApplication@c196cf0
reloadAllAccessors: .Clock15

===========================================================================================
----------------- testing Sat Aug 29 15:39:28 UTC 2020 /home/travis/build/icyphy/ptII/ptolemy/actor/lib/test/auto/Clock16.xml
----------------- Instantiating /home/travis/build/icyphy/ptII/ptolemy/actor/lib/test/auto/Clock16.xml
35 ms. Memory: 288768K Free: 96821K (34%)
----------------- Invoking toplevel() on ptolemy.moml.MoMLSimpleApplication@4938df54
----------------- Done invoking toplevel() on ptolemy.moml.MoMLSimpleApplication@4938df54
reloadAllAccessors: .Clock16

===========================================================================================
----------------- testing Sat Aug 29 15:39:28 UTC 2020 /home/travis/build/icyphy/ptII/ptolemy/actor/lib/test/auto/Clock17.xml
----------------- Instantiating /home/travis/build/icyphy/ptII/ptolemy/actor/lib/test/auto/Clock17.xml
28 ms. Memory: 288768K Free: 82471K (29%)
----------------- Invoking toplevel() on ptolemy.moml.MoMLSimpleApplication@461a42e1
----------------- Done invoking toplevel() on ptolemy.moml.MoMLSimpleApplication@461a42e1
reloadAllAccessors: .Clock17

===========================================================================================
----------------- testing Sat Aug 29 15:39:28 UTC 2020 /home/travis/build/icyphy/ptII/ptolemy/actor/lib/test/auto/Clock18.xml
----------------- Instantiating /home/travis/build/icyphy/ptII/ptolemy/actor/lib/test/auto/Clock18.xml
30 ms. Memory: 288768K Free: 239759K (83%)
----------------- Invoking toplevel() on ptolemy.moml.MoMLSimpleApplication@55e1ae71
----------------- Done invoking toplevel() on ptolemy.moml.MoMLSimpleApplication@55e1ae71
reloadAllAccessors: .Clock18

===========================================================================================
----------------- testing Sat Aug 29 15:39:28 UTC 2020 /home/travis/build/icyphy/ptII/ptolemy/actor/lib/test/auto/Clock19.xml
----------------- Instantiating /home/travis/build/icyphy/ptII/ptolemy/actor/lib/test/auto/Clock19.xml
14 ms. Memory: 288768K Free: 225933K (78%)
----------------- Invoking toplevel() on ptolemy.moml.MoMLSimpleApplication@193fabd3
----------------- Done invoking toplevel() on ptolemy.moml.MoMLSimpleApplication@193fabd3
reloadAllAccessors: .Clock19

===========================================================================================
----------------- testing Sat Aug 29 15:39:28 UTC 2020 /home/travis/build/icyphy/ptII/ptolemy/actor/lib/test/auto/Clock2.xml
----------------- Instantiating /home/travis/build/icyphy/ptII/ptolemy/actor/lib/test/auto/Clock2.xml
6 ms. Memory: 288768K Free: 221823K (77%)
----------------- Invoking toplevel() on ptolemy.moml.MoMLSimpleApplication@20f58131
----------------- Done invoking toplevel() on ptolemy.moml.MoMLSimpleApplication@20f58131
reloadAllAccessors: .Clock2

===========================================================================================
----------------- testing Sat Aug 29 15:39:28 UTC 2020 /home/travis/build/icyphy/ptII/ptolemy/actor/lib/test/auto/Clock20.xml
----------------- Instantiating /home/travis/build/icyphy/ptII/ptolemy/actor/lib/test/auto/Clock20.xml
9 ms. Memory: 288768K Free: 216207K (75%)
----------------- Invoking toplevel() on ptolemy.moml.MoMLSimpleApplication@4537f3ba
----------------- Done invoking toplevel() on ptolemy.moml.MoMLSimpleApplication@4537f3ba
reloadAllAccessors: .Clock20

===========================================================================================
----------------- testing Sat Aug 29 15:39:29 UTC 2020 /home/travis/build/icyphy/ptII/ptolemy/actor/lib/test/auto/Clock21.xml
----------------- Instantiating /home/travis/build/icyphy/ptII/ptolemy/actor/lib/test/auto/Clock21.xml
5 ms. Memory: 288768K Free: 211087K (73%)
----------------- Invoking toplevel() on ptolemy.moml.MoMLSimpleApplication@881555b
----------------- Done invoking toplevel() on ptolemy.moml.MoMLSimpleApplication@881555b
reloadAllAccessors: .Clock21

===========================================================================================
----------------- testing Sat Aug 29 15:39:29 UTC 2020 /home/travis/build/icyphy/ptII/ptolemy/actor/lib/test/auto/Clock22.xml
----------------- Instantiating /home/travis/build/icyphy/ptII/ptolemy/actor/lib/test/auto/Clock22.xml
4 ms. Memory: 288768K Free: 205453K (71%)
----------------- Invoking toplevel() on ptolemy.moml.MoMLSimpleApplication@7b9f8c06
----------------- Done invoking toplevel() on ptolemy.moml.MoMLSimpleApplication@7b9f8c06
reloadAllAccessors: .Clock22

===========================================================================================
----------------- testing Sat Aug 29 15:39:29 UTC 2020 /home/travis/build/icyphy/ptII/ptolemy/actor/lib/test/auto/Clock23.xml
----------------- Instantiating /home/travis/build/icyphy/ptII/ptolemy/actor/lib/test/auto/Clock23.xml
6 ms. Memory: 288768K Free: 199823K (69%)
----------------- Invoking toplevel() on ptolemy.moml.MoMLSimpleApplication@bc75790
----------------- Done invoking toplevel() on ptolemy.moml.MoMLSimpleApplication@bc75790
reloadAllAccessors: .Clock23

===========================================================================================
----------------- testing Sat Aug 29 15:39:29 UTC 2020 /home/travis/build/icyphy/ptII/ptolemy/actor/lib/test/auto/Clock24.xml
----------------- Instantiating /home/travis/build/icyphy/ptII/ptolemy/actor/lib/test/auto/Clock24.xml
5 ms. Memory: 288768K Free: 194703K (67%)
----------------- Invoking toplevel() on ptolemy.moml.MoMLSimpleApplication@16386cbb
----------------- Done invoking toplevel() on ptolemy.moml.MoMLSimpleApplication@16386cbb
reloadAllAccessors: .Clock24

===========================================================================================
----------------- testing Sat Aug 29 15:39:29 UTC 2020 /home/travis/build/icyphy/ptII/ptolemy/actor/lib/test/auto/Clock4.xml
----------------- Instantiating /home/travis/build/icyphy/ptII/ptolemy/actor/lib/test/auto/Clock4.xml
1 ms. Memory: 288768K Free: 189583K (66%)
----------------- Invoking toplevel() on ptolemy.moml.MoMLSimpleApplication@563fcea8
----------------- Done invoking toplevel() on ptolemy.moml.MoMLSimpleApplication@563fcea8
reloadAllAccessors: .Clock4

===========================================================================================
----------------- testing Sat Aug 29 15:39:29 UTC 2020 /home/travis/build/icyphy/ptII/ptolemy/actor/lib/test/auto/Clock5.xml
----------------- Instantiating /home/travis/build/icyphy/ptII/ptolemy/actor/lib/test/auto/Clock5.xml
2 ms. Memory: 288768K Free: 184463K (64%)
----------------- Invoking toplevel() on ptolemy.moml.MoMLSimpleApplication@394986db
----------------- Done invoking toplevel() on ptolemy.moml.MoMLSimpleApplication@394986db
reloadAllAccessors: .Clock5

===========================================================================================
----------------- testing Sat Aug 29 15:39:29 UTC 2020 /home/travis/build/icyphy/ptII/ptolemy/actor/lib/test/auto/Clock6.xml
----------------- Instantiating /home/travis/build/icyphy/ptII/ptolemy/actor/lib/test/auto/Clock6.xml
3 ms. Memory: 288768K Free: 179853K (62%)
----------------- Invoking toplevel() on ptolemy.moml.MoMLSimpleApplication@96bc9f6
----------------- Done invoking toplevel() on ptolemy.moml.MoMLSimpleApplication@96bc9f6
reloadAllAccessors: .Clock6

===========================================================================================
----------------- testing Sat Aug 29 15:39:29 UTC 2020 /home/travis/build/icyphy/ptII/ptolemy/actor/lib/test/auto/Clock7.xml
----------------- Instantiating /home/travis/build/icyphy/ptII/ptolemy/actor/lib/test/auto/Clock7.xml
1 ms. Memory: 288768K Free: 175757K (61%)
----------------- Invoking toplevel() on ptolemy.moml.MoMLSimpleApplication@6955a62e
----------------- Done invoking toplevel() on ptolemy.moml.MoMLSimpleApplication@6955a62e
reloadAllAccessors: .Clock7

===========================================================================================
----------------- testing Sat Aug 29 15:39:29 UTC 2020 /home/travis/build/icyphy/ptII/ptolemy/actor/lib/test/auto/Clock8.xml
----------------- Instantiating /home/travis/build/icyphy/ptII/ptolemy/actor/lib/test/auto/Clock8.xml
5 ms. Memory: 288768K Free: 170127K (59%)
----------------- Invoking toplevel() on ptolemy.moml.MoMLSimpleApplication@2c951fff
----------------- Done invoking toplevel() on ptolemy.moml.MoMLSimpleApplication@2c951fff
reloadAllAccessors: .Clock8

===========================================================================================
----------------- testing Sat Aug 29 15:39:29 UTC 2020 /home/travis/build/icyphy/ptII/ptolemy/actor/lib/test/auto/Clock9.xml
----------------- Instantiating /home/travis/build/icyphy/ptII/ptolemy/actor/lib/test/auto/Clock9.xml
5 ms. Memory: 288768K Free: 164487K (57%)
----------------- Invoking toplevel() on ptolemy.moml.MoMLSimpleApplication@6dbffbc5
----------------- Done invoking toplevel() on ptolemy.moml.MoMLSimpleApplication@6dbffbc5
reloadAllAccessors: .Clock9

===========================================================================================
----------------- testing Sat Aug 29 15:39:29 UTC 2020 /home/travis/build/icyphy/ptII/ptolemy/actor/lib/test/auto/CommDistDiscard.xml
----------------- Instantiating /home/travis/build/icyphy/ptII/ptolemy/actor/lib/test/auto/CommDistDiscard.xml
4 ms. Memory: 288768K Free: 159373K (55%)
----------------- Invoking toplevel() on ptolemy.moml.MoMLSimpleApplication@5b2acce1
----------------- Done invoking toplevel() on ptolemy.moml.MoMLSimpleApplication@5b2acce1
reloadAllAccessors: .CommDistDiscard

===========================================================================================
----------------- testing Sat Aug 29 15:39:29 UTC 2020 /home/travis/build/icyphy/ptII/ptolemy/actor/lib/test/auto/Commutator.xml
----------------- Instantiating /home/travis/build/icyphy/ptII/ptolemy/actor/lib/test/auto/Commutator.xml
1 ms. Memory: 288768K Free: 154767K (54%)
----------------- Invoking toplevel() on ptolemy.moml.MoMLSimpleApplication@69de43a8
----------------- Done invoking toplevel() on ptolemy.moml.MoMLSimpleApplication@69de43a8
reloadAllAccessors: .Commutator

===========================================================================================
----------------- testing Sat Aug 29 15:39:29 UTC 2020 /home/travis/build/icyphy/ptII/ptolemy/actor/lib/test/auto/Commutator2.xml
----------------- Instantiating /home/travis/build/icyphy/ptII/ptolemy/actor/lib/test/auto/Commutator2.xml
2 ms. Memory: 288768K Free: 150671K (52%)
----------------- Invoking toplevel() on ptolemy.moml.MoMLSimpleApplication@2a85c21a
----------------- Done invoking toplevel() on ptolemy.moml.MoMLSimpleApplication@2a85c21a
reloadAllAccessors: .Commutator2

===========================================================================================
----------------- testing Sat Aug 29 15:39:29 UTC 2020 /home/travis/build/icyphy/ptII/ptolemy/actor/lib/test/auto/Commutator3.xml
----------------- Instantiating /home/travis/build/icyphy/ptII/ptolemy/actor/lib/test/auto/Commutator3.xml
2 ms. Memory: 288768K Free: 146061K (51%)
----------------- Invoking toplevel() on ptolemy.moml.MoMLSimpleApplication@163a857d
----------------- Done invoking toplevel() on ptolemy.moml.MoMLSimpleApplication@163a857d
reloadAllAccessors: .Commutator3

===========================================================================================
----------------- testing Sat Aug 29 15:39:29 UTC 2020 /home/travis/build/icyphy/ptII/ptolemy/actor/lib/test/auto/Compare.xml
----------------- Instantiating /home/travis/build/icyphy/ptII/ptolemy/actor/lib/test/auto/Compare.xml
1 ms. Memory: 288768K Free: 139407K (48%)
----------------- Invoking toplevel() on ptolemy.moml.MoMLSimpleApplication@51f5b5f5
----------------- Done invoking toplevel() on ptolemy.moml.MoMLSimpleApplication@51f5b5f5
reloadAllAccessors: .Compare

===========================================================================================
----------------- testing Sat Aug 29 15:39:29 UTC 2020 /home/travis/build/icyphy/ptII/ptolemy/actor/lib/test/auto/CompareDE.xml
----------------- Instantiating /home/travis/build/icyphy/ptII/ptolemy/actor/lib/test/auto/CompareDE.xml
4 ms. Memory: 288768K Free: 132735K (46%)
----------------- Invoking toplevel() on ptolemy.moml.MoMLSimpleApplication@c86d099
----------------- Done invoking toplevel() on ptolemy.moml.MoMLSimpleApplication@c86d099
reloadAllAccessors: .CompareDE

===========================================================================================
----------------- testing Sat Aug 29 15:39:29 UTC 2020 /home/travis/build/icyphy/ptII/ptolemy/actor/lib/test/auto/ComplexDivide.xml
----------------- Instantiating /home/travis/build/icyphy/ptII/ptolemy/actor/lib/test/auto/ComplexDivide.xml
1 ms. Memory: 288768K Free: 128653K (45%)
----------------- Invoking toplevel() on ptolemy.moml.MoMLSimpleApplication@7b4bf272
----------------- Done invoking toplevel() on ptolemy.moml.MoMLSimpleApplication@7b4bf272
reloadAllAccessors: .ComplexDivide

===========================================================================================
----------------- testing Sat Aug 29 15:39:29 UTC 2020 /home/travis/build/icyphy/ptII/ptolemy/actor/lib/test/auto/ComputeHistogram.xml
----------------- Instantiating /home/travis/build/icyphy/ptII/ptolemy/actor/lib/test/auto/ComputeHistogram.xml
31 ms. Memory: 288768K Free: 115855K (40%)
----------------- Invoking toplevel() on ptolemy.moml.MoMLSimpleApplication@5db9cccd
----------------- Done invoking toplevel() on ptolemy.moml.MoMLSimpleApplication@5db9cccd
reloadAllAccessors: .ComputeHistogram

===========================================================================================
----------------- testing Sat Aug 29 15:39:29 UTC 2020 /home/travis/build/icyphy/ptII/ptolemy/actor/lib/test/auto/ConfigurationSelect.xml
----------------- Instantiating /home/travis/build/icyphy/ptII/ptolemy/actor/lib/test/auto/ConfigurationSelect.xml
9 ms. Memory: 288768K Free: 110735K (38%)
----------------- Invoking toplevel() on ptolemy.moml.MoMLSimpleApplication@74444613
----------------- Done invoking toplevel() on ptolemy.moml.MoMLSimpleApplication@74444613
reloadAllAccessors: .ConfigurationSelect

===========================================================================================
----------------- testing Sat Aug 29 15:39:29 UTC 2020 /home/travis/build/icyphy/ptII/ptolemy/actor/lib/test/auto/ConfigurationSelect2.xml
----------------- Instantiating /home/travis/build/icyphy/ptII/ptolemy/actor/lib/test/auto/ConfigurationSelect2.xml
2 ms. Memory: 288768K Free: 106125K (37%)
----------------- Invoking toplevel() on ptolemy.moml.MoMLSimpleApplication@5dc3199a
----------------- Done invoking toplevel() on ptolemy.moml.MoMLSimpleApplication@5dc3199a
reloadAllAccessors: .ConfigurationSelect2

===========================================================================================
----------------- testing Sat Aug 29 15:39:29 UTC 2020 /home/travis/build/icyphy/ptII/ptolemy/actor/lib/test/auto/ConfigurationSwitch.xml
----------------- Instantiating /home/travis/build/icyphy/ptII/ptolemy/actor/lib/test/auto/ConfigurationSwitch.xml
2 ms. Memory: 288768K Free: 101005K (35%)
----------------- Invoking toplevel() on ptolemy.moml.MoMLSimpleApplication@75b5935d
----------------- Done invoking toplevel() on ptolemy.moml.MoMLSimpleApplication@75b5935d
reloadAllAccessors: .ConfigurationSwitch

===========================================================================================
----------------- testing Sat Aug 29 15:39:29 UTC 2020 /home/travis/build/icyphy/ptII/ptolemy/actor/lib/test/auto/ConfigurationSwitch2.xml
----------------- Instantiating /home/travis/build/icyphy/ptII/ptolemy/actor/lib/test/auto/ConfigurationSwitch2.xml
3 ms. Memory: 288768K Free: 95375K (33%)
----------------- Invoking toplevel() on ptolemy.moml.MoMLSimpleApplication@2803aaba
----------------- Done invoking toplevel() on ptolemy.moml.MoMLSimpleApplication@2803aaba
reloadAllAccessors: .ConfigurationSwitch2

===========================================================================================
----------------- testing Sat Aug 29 15:39:29 UTC 2020 /home/travis/build/icyphy/ptII/ptolemy/actor/lib/test/auto/ConfigurationSwitchCloningBugWithClassRelationGroup.xml
----------------- Instantiating /home/travis/build/icyphy/ptII/ptolemy/actor/lib/test/auto/ConfigurationSwitchCloningBugWithClassRelationGroup.xml
1 ms. Memory: 288768K Free: 88717K (31%)
----------------- Invoking toplevel() on ptolemy.moml.MoMLSimpleApplication@7abd15de
----------------- Done invoking toplevel() on ptolemy.moml.MoMLSimpleApplication@7abd15de
reloadAllAccessors: .ConfigurationSwitchCloningBugWithClassRelationGroup

===========================================================================================
----------------- testing Sat Aug 29 15:39:29 UTC 2020 /home/travis/build/icyphy/ptII/ptolemy/actor/lib/test/auto/ConfigurationSwitchSelectSDF.xml
----------------- Instantiating /home/travis/build/icyphy/ptII/ptolemy/actor/lib/test/auto/ConfigurationSwitchSelectSDF.xml
3 ms. Memory: 288768K Free: 83597K (29%)
----------------- Invoking toplevel() on ptolemy.moml.MoMLSimpleApplication@47d18ed3
----------------- Done invoking toplevel() on ptolemy.moml.MoMLSimpleApplication@47d18ed3
reloadAllAccessors: .ConfigurationSwitchSelectSDF

===========================================================================================
----------------- testing Sat Aug 29 15:39:29 UTC 2020 /home/travis/build/icyphy/ptII/ptolemy/actor/lib/test/auto/ConfigurationSwitchSelectSDF2.xml
----------------- Instantiating /home/travis/build/icyphy/ptII/ptolemy/actor/lib/test/auto/ConfigurationSwitchSelectSDF2.xml
3 ms. Memory: 288768K Free: 77453K (27%)
----------------- Invoking toplevel() on ptolemy.moml.MoMLSimpleApplication@5cbf0b59
----------------- Done invoking toplevel() on ptolemy.moml.MoMLSimpleApplication@5cbf0b59
reloadAllAccessors: .ConfigurationSwitchSelectSDF2

===========================================================================================
----------------- testing Sat Aug 29 15:39:29 UTC 2020 /home/travis/build/icyphy/ptII/ptolemy/actor/lib/test/auto/Const.xml
----------------- Instantiating /home/travis/build/icyphy/ptII/ptolemy/actor/lib/test/auto/Const.xml
1 ms. Memory: 288768K Free: 73871K (26%)
----------------- Invoking toplevel() on ptolemy.moml.MoMLSimpleApplication@423aa7cd
----------------- Done invoking toplevel() on ptolemy.moml.MoMLSimpleApplication@423aa7cd
reloadAllAccessors: .Const

===========================================================================================
----------------- testing Sat Aug 29 15:39:29 UTC 2020 /home/travis/build/icyphy/ptII/ptolemy/actor/lib/test/auto/Const2.xml
----------------- Instantiating /home/travis/build/icyphy/ptII/ptolemy/actor/lib/test/auto/Const2.xml
7 ms. Memory: 288768K Free: 240237K (83%)
----------------- Invoking toplevel() on ptolemy.moml.MoMLSimpleApplication@f15a25b
----------------- Done invoking toplevel() on ptolemy.moml.MoMLSimpleApplication@f15a25b
reloadAllAccessors: .Const2

===========================================================================================
----------------- testing Sat Aug 29 15:39:29 UTC 2020 /home/travis/build/icyphy/ptII/ptolemy/actor/lib/test/auto/Const3.xml
----------------- Instantiating /home/travis/build/icyphy/ptII/ptolemy/actor/lib/test/auto/Const3.xml
0 ms. Memory: 288768K Free: 236655K (82%)
----------------- Invoking toplevel() on ptolemy.moml.MoMLSimpleApplication@5a7ab15
----------------- Done invoking toplevel() on ptolemy.moml.MoMLSimpleApplication@5a7ab15
reloadAllAccessors: .Const3

===========================================================================================
----------------- testing Sat Aug 29 15:39:29 UTC 2020 /home/travis/build/icyphy/ptII/ptolemy/actor/lib/test/auto/ConstantPublisherPort1.xml
----------------- Instantiating /home/travis/build/icyphy/ptII/ptolemy/actor/lib/test/auto/ConstantPublisherPort1.xml
5 ms. Memory: 288768K Free: 228463K (79%)
----------------- Invoking toplevel() on ptolemy.moml.MoMLSimpleApplication@26557cca
----------------- Done invoking toplevel() on ptolemy.moml.MoMLSimpleApplication@26557cca
reloadAllAccessors: .ConstantPublisherPort1

===========================================================================================
----------------- testing Sat Aug 29 15:39:29 UTC 2020 /home/travis/build/icyphy/ptII/ptolemy/actor/lib/test/auto/ConstantPublisherPort2.xml
----------------- Instantiating /home/travis/build/icyphy/ptII/ptolemy/actor/lib/test/auto/ConstantPublisherPort2.xml
4 ms. Memory: 288768K Free: 220271K (76%)
----------------- Invoking toplevel() on ptolemy.moml.MoMLSimpleApplication@4009a73c
----------------- Done invoking toplevel() on ptolemy.moml.MoMLSimpleApplication@4009a73c
reloadAllAccessors: .ConstantPublisherPort2

===========================================================================================
----------------- testing Sat Aug 29 15:39:29 UTC 2020 /home/travis/build/icyphy/ptII/ptolemy/actor/lib/test/auto/ConstantPublisherPort3.xml
----------------- Instantiating /home/travis/build/icyphy/ptII/ptolemy/actor/lib/test/auto/ConstantPublisherPort3.xml
3 ms. Memory: 288768K Free: 212589K (74%)
----------------- Invoking toplevel() on ptolemy.moml.MoMLSimpleApplication@2f5e28a3
----------------- Done invoking toplevel() on ptolemy.moml.MoMLSimpleApplication@2f5e28a3
reloadAllAccessors: .ConstantPublisherPort3

===========================================================================================
----------------- testing Sat Aug 29 15:39:29 UTC 2020 /home/travis/build/icyphy/ptII/ptolemy/actor/lib/test/auto/ConstantPublisherPort4.xml
----------------- Instantiating /home/travis/build/icyphy/ptII/ptolemy/actor/lib/test/auto/ConstantPublisherPort4.xml
2 ms. Memory: 288768K Free: 205935K (71%)
----------------- Invoking toplevel() on ptolemy.moml.MoMLSimpleApplication@1d444543
----------------- Done invoking toplevel() on ptolemy.moml.MoMLSimpleApplication@1d444543
reloadAllAccessors: .ConstantPublisherPort4

===========================================================================================
----------------- testing Sat Aug 29 15:39:29 UTC 2020 /home/travis/build/icyphy/ptII/ptolemy/actor/lib/test/auto/ConstantPublisherPort5.xml
----------------- Instantiating /home/travis/build/icyphy/ptII/ptolemy/actor/lib/test/auto/ConstantPublisherPort5.xml
28 ms. Memory: 288768K Free: 196205K (68%)
----------------- Invoking toplevel() on ptolemy.moml.MoMLSimpleApplication@62787027
----------------- Done invoking toplevel() on ptolemy.moml.MoMLSimpleApplication@62787027
reloadAllAccessors: .ConstantPublisherPort5

===========================================================================================
----------------- testing Sat Aug 29 15:39:29 UTC 2020 /home/travis/build/icyphy/ptII/ptolemy/actor/lib/test/auto/ConstantPublisherPort6.xml
----------------- Instantiating /home/travis/build/icyphy/ptII/ptolemy/actor/lib/test/auto/ConstantPublisherPort6.xml
15 ms. Memory: 288768K Free: 186989K (65%)
----------------- Invoking toplevel() on ptolemy.moml.MoMLSimpleApplication@77a76352
----------------- Done invoking toplevel() on ptolemy.moml.MoMLSimpleApplication@77a76352
reloadAllAccessors: .ConstantPublisherPort6

===========================================================================================
----------------- testing Sat Aug 29 15:39:29 UTC 2020 /home/travis/build/icyphy/ptII/ptolemy/actor/lib/test/auto/ConstantPublisherPort7.xml
----------------- Instantiating /home/travis/build/icyphy/ptII/ptolemy/actor/lib/test/auto/ConstantPublisherPort7.xml
16 ms. Memory: 288768K Free: 178287K (62%)
----------------- Invoking toplevel() on ptolemy.moml.MoMLSimpleApplication@7ef2eb25
----------------- Done invoking toplevel() on ptolemy.moml.MoMLSimpleApplication@7ef2eb25
reloadAllAccessors: .ConstantPublisherPort7

===========================================================================================
----------------- testing Sat Aug 29 15:39:29 UTC 2020 /home/travis/build/icyphy/ptII/ptolemy/actor/lib/test/auto/ConstraintMonitor1.xml
----------------- Instantiating /home/travis/build/icyphy/ptII/ptolemy/actor/lib/test/auto/ConstraintMonitor1.xml
3 ms. Memory: 288768K Free: 173165K (60%)
----------------- Invoking toplevel() on ptolemy.moml.MoMLSimpleApplication@3ce07f17
----------------- Done invoking toplevel() on ptolemy.moml.MoMLSimpleApplication@3ce07f17
reloadAllAccessors: .ConstraintMonitor1

===========================================================================================
----------------- testing Sat Aug 29 15:39:29 UTC 2020 /home/travis/build/icyphy/ptII/ptolemy/actor/lib/test/auto/ConstraintMonitor2.xml
----------------- Instantiating /home/travis/build/icyphy/ptII/ptolemy/actor/lib/test/auto/ConstraintMonitor2.xml
2 ms. Memory: 288768K Free: 168557K (58%)
----------------- Invoking toplevel() on ptolemy.moml.MoMLSimpleApplication@2fde0ea7
----------------- Done invoking toplevel() on ptolemy.moml.MoMLSimpleApplication@2fde0ea7
reloadAllAccessors: .ConstraintMonitor2

===========================================================================================
----------------- testing Sat Aug 29 15:39:29 UTC 2020 /home/travis/build/icyphy/ptII/ptolemy/actor/lib/test/auto/ConstraintMonitor3.xml
----------------- Instantiating /home/travis/build/icyphy/ptII/ptolemy/actor/lib/test/auto/ConstraintMonitor3.xml
1 ms. Memory: 288768K Free: 164461K (57%)
----------------- Invoking toplevel() on ptolemy.moml.MoMLSimpleApplication@71d5c55c
----------------- Done invoking toplevel() on ptolemy.moml.MoMLSimpleApplication@71d5c55c
reloadAllAccessors: .ConstraintMonitor3

===========================================================================================
----------------- testing Sat Aug 29 15:39:29 UTC 2020 /home/travis/build/icyphy/ptII/ptolemy/actor/lib/test/auto/ConstraintMonitor4.xml
----------------- Instantiating /home/travis/build/icyphy/ptII/ptolemy/actor/lib/test/auto/ConstraintMonitor4.xml
1 ms. Memory: 288768K Free: 159341K (55%)
----------------- Invoking toplevel() on ptolemy.moml.MoMLSimpleApplication@72c8fbd3
----------------- Done invoking toplevel() on ptolemy.moml.MoMLSimpleApplication@72c8fbd3
reloadAllAccessors: .ConstraintMonitor4

===========================================================================================
----------------- testing Sat Aug 29 15:39:29 UTC 2020 /home/travis/build/icyphy/ptII/ptolemy/actor/lib/test/auto/ConstraintMonitor5.xml
----------------- Instantiating /home/travis/build/icyphy/ptII/ptolemy/actor/lib/test/auto/ConstraintMonitor5.xml
4 ms. Memory: 288768K Free: 153711K (53%)
----------------- Invoking toplevel() on ptolemy.moml.MoMLSimpleApplication@6c72d17c
----------------- Done invoking toplevel() on ptolemy.moml.MoMLSimpleApplication@6c72d17c
reloadAllAccessors: .ConstraintMonitor5

===========================================================================================
----------------- testing Sat Aug 29 15:39:29 UTC 2020 /home/travis/build/icyphy/ptII/ptolemy/actor/lib/test/auto/ConstraintMonitor6.xml
----------------- Instantiating /home/travis/build/icyphy/ptII/ptolemy/actor/lib/test/auto/ConstraintMonitor6.xml
2 ms. Memory: 288768K Free: 148047K (51%)
----------------- Invoking toplevel() on ptolemy.moml.MoMLSimpleApplication@3f4f801a
----------------- Done invoking toplevel() on ptolemy.moml.MoMLSimpleApplication@3f4f801a
reloadAllAccessors: .ConstraintMonitor6

===========================================================================================
----------------- testing Sat Aug 29 15:39:29 UTC 2020 /home/travis/build/icyphy/ptII/ptolemy/actor/lib/test/auto/ConstraintMonitor7.xml
----------------- Instantiating /home/travis/build/icyphy/ptII/ptolemy/actor/lib/test/auto/ConstraintMonitor7.xml
6 ms. Memory: 288768K Free: 141919K (49%)
----------------- Invoking toplevel() on ptolemy.moml.MoMLSimpleApplication@77348f2f
----------------- Done invoking toplevel() on ptolemy.moml.MoMLSimpleApplication@77348f2f
reloadAllAccessors: .ConstraintMonitor7

===========================================================================================
----------------- testing Sat Aug 29 15:39:29 UTC 2020 /home/travis/build/icyphy/ptII/ptolemy/actor/lib/test/auto/ConstraintMonitor8.xml
----------------- Instantiating /home/travis/build/icyphy/ptII/ptolemy/actor/lib/test/auto/ConstraintMonitor8.xml
6 ms. Memory: 288768K Free: 134255K (46%)
----------------- Invoking toplevel() on ptolemy.moml.MoMLSimpleApplication@4f2c320c
----------------- Done invoking toplevel() on ptolemy.moml.MoMLSimpleApplication@4f2c320c
reloadAllAccessors: .ConstraintMonitor8

===========================================================================================
----------------- testing Sat Aug 29 15:39:29 UTC 2020 /home/travis/build/icyphy/ptII/ptolemy/actor/lib/test/auto/Counter.xml
----------------- Instantiating /home/travis/build/icyphy/ptII/ptolemy/actor/lib/test/auto/Counter.xml
1 ms. Memory: 288768K Free: 129645K (45%)
----------------- Invoking toplevel() on ptolemy.moml.MoMLSimpleApplication@5ebbc65d
----------------- Done invoking toplevel() on ptolemy.moml.MoMLSimpleApplication@5ebbc65d
reloadAllAccessors: .Counter

===========================================================================================
----------------- testing Sat Aug 29 15:39:29 UTC 2020 /home/travis/build/icyphy/ptII/ptolemy/actor/lib/test/auto/CurrentTimeSDF.xml
----------------- Instantiating /home/travis/build/icyphy/ptII/ptolemy/actor/lib/test/auto/CurrentTimeSDF.xml
2 ms. Memory: 288768K Free: 125549K (43%)
----------------- Invoking toplevel() on ptolemy.moml.MoMLSimpleApplication@28d5440
----------------- Done invoking toplevel() on ptolemy.moml.MoMLSimpleApplication@28d5440
reloadAllAccessors: .CurrentTimeSDF

===========================================================================================
----------------- testing Sat Aug 29 15:39:30 UTC 2020 /home/travis/build/icyphy/ptII/ptolemy/actor/lib/test/auto/DB.xml
----------------- Instantiating /home/travis/build/icyphy/ptII/ptolemy/actor/lib/test/auto/DB.xml
1 ms. Memory: 288768K Free: 120429K (42%)
----------------- Invoking toplevel() on ptolemy.moml.MoMLSimpleApplication@1c14469f
----------------- Done invoking toplevel() on ptolemy.moml.MoMLSimpleApplication@1c14469f
reloadAllAccessors: .DB

===========================================================================================
----------------- testing Sat Aug 29 15:39:30 UTC 2020 /home/travis/build/icyphy/ptII/ptolemy/actor/lib/test/auto/DBDE.xml
----------------- Instantiating /home/travis/build/icyphy/ptII/ptolemy/actor/lib/test/auto/DBDE.xml
2 ms. Memory: 288768K Free: 114279K (40%)
----------------- Invoking toplevel() on ptolemy.moml.MoMLSimpleApplication@3eed0c15
----------------- Done invoking toplevel() on ptolemy.moml.MoMLSimpleApplication@3eed0c15
reloadAllAccessors: .DBDE

===========================================================================================
----------------- testing Sat Aug 29 15:39:30 UTC 2020 /home/travis/build/icyphy/ptII/ptolemy/actor/lib/test/auto/DateConstructor.xml
----------------- Instantiating /home/travis/build/icyphy/ptII/ptolemy/actor/lib/test/auto/DateConstructor.xml
19 ms. Memory: 288768K Free: 97391K (34%)
----------------- Invoking toplevel() on ptolemy.moml.MoMLSimpleApplication@34950183
----------------- Done invoking toplevel() on ptolemy.moml.MoMLSimpleApplication@34950183
reloadAllAccessors: .DateConstructor

===========================================================================================
----------------- testing Sat Aug 29 15:39:30 UTC 2020 /home/travis/build/icyphy/ptII/ptolemy/actor/lib/test/auto/DelayTime.xml
----------------- Instantiating /home/travis/build/icyphy/ptII/ptolemy/actor/lib/test/auto/DelayTime.xml
8 ms. Memory: 288768K Free: 92271K (32%)
----------------- Invoking toplevel() on ptolemy.moml.MoMLSimpleApplication@4eb83322
----------------- Done invoking toplevel() on ptolemy.moml.MoMLSimpleApplication@4eb83322
reloadAllAccessors: .DelayTime

===========================================================================================
----------------- testing Sat Aug 29 15:39:30 UTC 2020 /home/travis/build/icyphy/ptII/ptolemy/actor/lib/test/auto/Dictionary1.xml
----------------- Instantiating /home/travis/build/icyphy/ptII/ptolemy/actor/lib/test/auto/Dictionary1.xml
2 ms. Memory: 288768K Free: 86637K (30%)
----------------- Invoking toplevel() on ptolemy.moml.MoMLSimpleApplication@21293a58
----------------- Done invoking toplevel() on ptolemy.moml.MoMLSimpleApplication@21293a58
reloadAllAccessors: .Dictionary1

===========================================================================================
----------------- testing Sat Aug 29 15:39:30 UTC 2020 /home/travis/build/icyphy/ptII/ptolemy/actor/lib/test/auto/Dictionary2.xml
----------------- Instantiating /home/travis/build/icyphy/ptII/ptolemy/actor/lib/test/auto/Dictionary2.xml
1 ms. Memory: 288768K Free: 81517K (28%)
----------------- Invoking toplevel() on ptolemy.moml.MoMLSimpleApplication@4c52f17c
----------------- Done invoking toplevel() on ptolemy.moml.MoMLSimpleApplication@4c52f17c
reloadAllAccessors: .Dictionary2

===========================================================================================
----------------- testing Sat Aug 29 15:39:30 UTC 2020 /home/travis/build/icyphy/ptII/ptolemy/actor/lib/test/auto/Dictionary3.xml
----------------- Instantiating /home/travis/build/icyphy/ptII/ptolemy/actor/lib/test/auto/Dictionary3.xml
1 ms. Memory: 288768K Free: 75887K (26%)
----------------- Invoking toplevel() on ptolemy.moml.MoMLSimpleApplication@3cc1c59a
----------------- Done invoking toplevel() on ptolemy.moml.MoMLSimpleApplication@3cc1c59a
reloadAllAccessors: .Dictionary3

===========================================================================================
----------------- testing Sat Aug 29 15:39:30 UTC 2020 /home/travis/build/icyphy/ptII/ptolemy/actor/lib/test/auto/Dictionary4.xml
----------------- Instantiating /home/travis/build/icyphy/ptII/ptolemy/actor/lib/test/auto/Dictionary4.xml
3 ms. Memory: 288768K Free: 238700K (83%)
----------------- Invoking toplevel() on ptolemy.moml.MoMLSimpleApplication@7b89f516
----------------- Done invoking toplevel() on ptolemy.moml.MoMLSimpleApplication@7b89f516
reloadAllAccessors: .Dictionary4

===========================================================================================
----------------- testing Sat Aug 29 15:39:30 UTC 2020 /home/travis/build/icyphy/ptII/ptolemy/actor/lib/test/auto/Differential.xml
----------------- Instantiating /home/travis/build/icyphy/ptII/ptolemy/actor/lib/test/auto/Differential.xml
3 ms. Memory: 288768K Free: 234090K (81%)
----------------- Invoking toplevel() on ptolemy.moml.MoMLSimpleApplication@3c2fd7da
----------------- Done invoking toplevel() on ptolemy.moml.MoMLSimpleApplication@3c2fd7da
reloadAllAccessors: .Differential

===========================================================================================
----------------- testing Sat Aug 29 15:39:30 UTC 2020 /home/travis/build/icyphy/ptII/ptolemy/actor/lib/test/auto/Director.xml
----------------- Instantiating /home/travis/build/icyphy/ptII/ptolemy/actor/lib/test/auto/Director.xml
1 ms. Memory: 288768K Free: 230508K (80%)
----------------- Invoking toplevel() on ptolemy.moml.MoMLSimpleApplication@79c7cc3e
----------------- Done invoking toplevel() on ptolemy.moml.MoMLSimpleApplication@79c7cc3e
reloadAllAccessors: .Director

===========================================================================================
----------------- testing Sat Aug 29 15:39:30 UTC 2020 /home/travis/build/icyphy/ptII/ptolemy/actor/lib/test/auto/DiscreteClock.xml
----------------- Instantiating /home/travis/build/icyphy/ptII/ptolemy/actor/lib/test/auto/DiscreteClock.xml
1 ms. Memory: 288768K Free: 226412K (78%)
----------------- Invoking toplevel() on ptolemy.moml.MoMLSimpleApplication@23a1fc9b
----------------- Done invoking toplevel() on ptolemy.moml.MoMLSimpleApplication@23a1fc9b
reloadAllAccessors: .DiscreteClock

===========================================================================================
----------------- testing Sat Aug 29 15:39:30 UTC 2020 /home/travis/build/icyphy/ptII/ptolemy/actor/lib/test/auto/DiscreteClock10.xml
----------------- Instantiating /home/travis/build/icyphy/ptII/ptolemy/actor/lib/test/auto/DiscreteClock10.xml
2 ms. Memory: 288768K Free: 220778K (76%)
----------------- Invoking toplevel() on ptolemy.moml.MoMLSimpleApplication@59faf307
----------------- Done invoking toplevel() on ptolemy.moml.MoMLSimpleApplication@59faf307
reloadAllAccessors: .DiscreteClock10

===========================================================================================
----------------- testing Sat Aug 29 15:39:30 UTC 2020 /home/travis/build/icyphy/ptII/ptolemy/actor/lib/test/auto/DiscreteClock11.xml
----------------- Instantiating /home/travis/build/icyphy/ptII/ptolemy/actor/lib/test/auto/DiscreteClock11.xml
1 ms. Memory: 288768K Free: 214634K (74%)
----------------- Invoking toplevel() on ptolemy.moml.MoMLSimpleApplication@60347822
----------------- Done invoking toplevel() on ptolemy.moml.MoMLSimpleApplication@60347822
reloadAllAccessors: .DiscreteClock11

===========================================================================================
----------------- testing Sat Aug 29 15:39:30 UTC 2020 /home/travis/build/icyphy/ptII/ptolemy/actor/lib/test/auto/DiscreteClock12.xml
----------------- Instantiating /home/travis/build/icyphy/ptII/ptolemy/actor/lib/test/auto/DiscreteClock12.xml
4 ms. Memory: 288768K Free: 208490K (72%)
----------------- Invoking toplevel() on ptolemy.moml.MoMLSimpleApplication@39ad79d
----------------- Done invoking toplevel() on ptolemy.moml.MoMLSimpleApplication@39ad79d
reloadAllAccessors: .DiscreteClock12

===========================================================================================
----------------- testing Sat Aug 29 15:39:30 UTC 2020 /home/travis/build/icyphy/ptII/ptolemy/actor/lib/test/auto/DiscreteClock13.xml
----------------- Instantiating /home/travis/build/icyphy/ptII/ptolemy/actor/lib/test/auto/DiscreteClock13.xml
3 ms. Memory: 288768K Free: 202340K (70%)
----------------- Invoking toplevel() on ptolemy.moml.MoMLSimpleApplication@2972e966
----------------- Done invoking toplevel() on ptolemy.moml.MoMLSimpleApplication@2972e966
reloadAllAccessors: .DiscreteClock13

===========================================================================================
----------------- testing Sat Aug 29 15:39:30 UTC 2020 /home/travis/build/icyphy/ptII/ptolemy/actor/lib/test/auto/DiscreteClock14.xml
----------------- Instantiating /home/travis/build/icyphy/ptII/ptolemy/actor/lib/test/auto/DiscreteClock14.xml
3 ms. Memory: 288768K Free: 196716K (68%)
----------------- Invoking toplevel() on ptolemy.moml.MoMLSimpleApplication@6307e506
----------------- Done invoking toplevel() on ptolemy.moml.MoMLSimpleApplication@6307e506
reloadAllAccessors: .DiscreteClock14

===========================================================================================
----------------- testing Sat Aug 29 15:39:30 UTC 2020 /home/travis/build/icyphy/ptII/ptolemy/actor/lib/test/auto/DiscreteClock15.xml
----------------- Instantiating /home/travis/build/icyphy/ptII/ptolemy/actor/lib/test/auto/DiscreteClock15.xml
2 ms. Memory: 288768K Free: 190572K (66%)
----------------- Invoking toplevel() on ptolemy.moml.MoMLSimpleApplication@70763c47
----------------- Done invoking toplevel() on ptolemy.moml.MoMLSimpleApplication@70763c47
reloadAllAccessors: .DiscreteClock15

===========================================================================================
----------------- testing Sat Aug 29 15:39:30 UTC 2020 /home/travis/build/icyphy/ptII/ptolemy/actor/lib/test/auto/DiscreteClock16.xml
----------------- Instantiating /home/travis/build/icyphy/ptII/ptolemy/actor/lib/test/auto/DiscreteClock16.xml
14 ms. Memory: 288768K Free: 176732K (61%)
----------------- Invoking toplevel() on ptolemy.moml.MoMLSimpleApplication@73bffcec
----------------- Done invoking toplevel() on ptolemy.moml.MoMLSimpleApplication@73bffcec
reloadAllAccessors: .DiscreteClock16

===========================================================================================
----------------- testing Sat Aug 29 15:39:30 UTC 2020 /home/travis/build/icyphy/ptII/ptolemy/actor/lib/test/auto/DiscreteClock17.xml
----------------- Instantiating /home/travis/build/icyphy/ptII/ptolemy/actor/lib/test/auto/DiscreteClock17.xml
14 ms. Memory: 288768K Free: 162396K (56%)
----------------- Invoking toplevel() on ptolemy.moml.MoMLSimpleApplication@30a08b5c
----------------- Done invoking toplevel() on ptolemy.moml.MoMLSimpleApplication@30a08b5c
reloadAllAccessors: .DiscreteClock17

===========================================================================================
----------------- testing Sat Aug 29 15:39:30 UTC 2020 /home/travis/build/icyphy/ptII/ptolemy/actor/lib/test/auto/DiscreteClock18.xml
----------------- Instantiating /home/travis/build/icyphy/ptII/ptolemy/actor/lib/test/auto/DiscreteClock18.xml
17 ms. Memory: 288768K Free: 149098K (52%)
----------------- Invoking toplevel() on ptolemy.moml.MoMLSimpleApplication@1ba0c345
----------------- Done invoking toplevel() on ptolemy.moml.MoMLSimpleApplication@1ba0c345
reloadAllAccessors: .DiscreteClock18

===========================================================================================
----------------- testing Sat Aug 29 15:39:30 UTC 2020 /home/travis/build/icyphy/ptII/ptolemy/actor/lib/test/auto/DiscreteClock19.xml
----------------- Instantiating /home/travis/build/icyphy/ptII/ptolemy/actor/lib/test/auto/DiscreteClock19.xml
10 ms. Memory: 288768K Free: 135276K (47%)
----------------- Invoking toplevel() on ptolemy.moml.MoMLSimpleApplication@816ab0b
----------------- Done invoking toplevel() on ptolemy.moml.MoMLSimpleApplication@816ab0b
reloadAllAccessors: .DiscreteClock19

===========================================================================================
----------------- testing Sat Aug 29 15:39:30 UTC 2020 /home/travis/build/icyphy/ptII/ptolemy/actor/lib/test/auto/DiscreteClock2.xml
----------------- Instantiating /home/travis/build/icyphy/ptII/ptolemy/actor/lib/test/auto/DiscreteClock2.xml
2 ms. Memory: 288768K Free: 130156K (45%)
----------------- Invoking toplevel() on ptolemy.moml.MoMLSimpleApplication@73ca6e1e
----------------- Done invoking toplevel() on ptolemy.moml.MoMLSimpleApplication@73ca6e1e
reloadAllAccessors: .DiscreteClock2

===========================================================================================
----------------- testing Sat Aug 29 15:39:30 UTC 2020 /home/travis/build/icyphy/ptII/ptolemy/actor/lib/test/auto/DiscreteClock20.xml
----------------- Instantiating /home/travis/build/icyphy/ptII/ptolemy/actor/lib/test/auto/DiscreteClock20.xml
3 ms. Memory: 288768K Free: 124522K (43%)
----------------- Invoking toplevel() on ptolemy.moml.MoMLSimpleApplication@4beaff1d
----------------- Done invoking toplevel() on ptolemy.moml.MoMLSimpleApplication@4beaff1d
reloadAllAccessors: .DiscreteClock20

===========================================================================================
----------------- testing Sat Aug 29 15:39:30 UTC 2020 /home/travis/build/icyphy/ptII/ptolemy/actor/lib/test/auto/DiscreteClock21.xml
----------------- Instantiating /home/travis/build/icyphy/ptII/ptolemy/actor/lib/test/auto/DiscreteClock21.xml
2 ms. Memory: 288768K Free: 119402K (41%)
----------------- Invoking toplevel() on ptolemy.moml.MoMLSimpleApplication@24a33ac6
----------------- Done invoking toplevel() on ptolemy.moml.MoMLSimpleApplication@24a33ac6
reloadAllAccessors: .DiscreteClock21

===========================================================================================
----------------- testing Sat Aug 29 15:39:30 UTC 2020 /home/travis/build/icyphy/ptII/ptolemy/actor/lib/test/auto/DiscreteClock22.xml
----------------- Instantiating /home/travis/build/icyphy/ptII/ptolemy/actor/lib/test/auto/DiscreteClock22.xml
2 ms. Memory: 288768K Free: 113772K (39%)
----------------- Invoking toplevel() on ptolemy.moml.MoMLSimpleApplication@613c2439
----------------- Done invoking toplevel() on ptolemy.moml.MoMLSimpleApplication@613c2439
reloadAllAccessors: .DiscreteClock22

===========================================================================================
----------------- testing Sat Aug 29 15:39:30 UTC 2020 /home/travis/build/icyphy/ptII/ptolemy/actor/lib/test/auto/DiscreteClock23.xml
----------------- Instantiating /home/travis/build/icyphy/ptII/ptolemy/actor/lib/test/auto/DiscreteClock23.xml
7 ms. Memory: 288768K Free: 108138K (37%)
----------------- Invoking toplevel() on ptolemy.moml.MoMLSimpleApplication@330aaf8a
----------------- Done invoking toplevel() on ptolemy.moml.MoMLSimpleApplication@330aaf8a
reloadAllAccessors: .DiscreteClock23

===========================================================================================
----------------- testing Sat Aug 29 15:39:30 UTC 2020 /home/travis/build/icyphy/ptII/ptolemy/actor/lib/test/auto/DiscreteClock24.xml
----------------- Instantiating /home/travis/build/icyphy/ptII/ptolemy/actor/lib/test/auto/DiscreteClock24.xml
2 ms. Memory: 288768K Free: 102508K (35%)
----------------- Invoking toplevel() on ptolemy.moml.MoMLSimpleApplication@2667806e
----------------- Done invoking toplevel() on ptolemy.moml.MoMLSimpleApplication@2667806e
reloadAllAccessors: .DiscreteClock24

===========================================================================================
----------------- testing Sat Aug 29 15:39:30 UTC 2020 /home/travis/build/icyphy/ptII/ptolemy/actor/lib/test/auto/DiscreteClock4.xml
----------------- Instantiating /home/travis/build/icyphy/ptII/ptolemy/actor/lib/test/auto/DiscreteClock4.xml
4 ms. Memory: 288768K Free: 97388K (34%)
----------------- Invoking toplevel() on ptolemy.moml.MoMLSimpleApplication@569461d7
----------------- Done invoking toplevel() on ptolemy.moml.MoMLSimpleApplication@569461d7
reloadAllAccessors: .DiscreteClock4

===========================================================================================
----------------- testing Sat Aug 29 15:39:30 UTC 2020 /home/travis/build/icyphy/ptII/ptolemy/actor/lib/test/auto/DiscreteClock5.xml
----------------- Instantiating /home/travis/build/icyphy/ptII/ptolemy/actor/lib/test/auto/DiscreteClock5.xml
1 ms. Memory: 288768K Free: 91740K (32%)
----------------- Invoking toplevel() on ptolemy.moml.MoMLSimpleApplication@a95774b
----------------- Done invoking toplevel() on ptolemy.moml.MoMLSimpleApplication@a95774b
reloadAllAccessors: .DiscreteClock5

===========================================================================================
----------------- testing Sat Aug 29 15:39:30 UTC 2020 /home/travis/build/icyphy/ptII/ptolemy/actor/lib/test/auto/DiscreteClock6.xml
----------------- Instantiating /home/travis/build/icyphy/ptII/ptolemy/actor/lib/test/auto/DiscreteClock6.xml
2 ms. Memory: 288768K Free: 87148K (30%)
----------------- Invoking toplevel() on ptolemy.moml.MoMLSimpleApplication@335d41a9
----------------- Done invoking toplevel() on ptolemy.moml.MoMLSimpleApplication@335d41a9
reloadAllAccessors: .DiscreteClock6

===========================================================================================
----------------- testing Sat Aug 29 15:39:30 UTC 2020 /home/travis/build/icyphy/ptII/ptolemy/actor/lib/test/auto/DiscreteClock7.xml
----------------- Instantiating /home/travis/build/icyphy/ptII/ptolemy/actor/lib/test/auto/DiscreteClock7.xml
1 ms. Memory: 288768K Free: 82538K (29%)
----------------- Invoking toplevel() on ptolemy.moml.MoMLSimpleApplication@102c764f
----------------- Done invoking toplevel() on ptolemy.moml.MoMLSimpleApplication@102c764f
reloadAllAccessors: .DiscreteClock7

===========================================================================================
----------------- testing Sat Aug 29 15:39:30 UTC 2020 /home/travis/build/icyphy/ptII/ptolemy/actor/lib/test/auto/DiscreteClock8.xml
----------------- Instantiating /home/travis/build/icyphy/ptII/ptolemy/actor/lib/test/auto/DiscreteClock8.xml
3 ms. Memory: 288768K Free: 76908K (27%)
----------------- Invoking toplevel() on ptolemy.moml.MoMLSimpleApplication@489cffcd
----------------- Done invoking toplevel() on ptolemy.moml.MoMLSimpleApplication@489cffcd
reloadAllAccessors: .DiscreteClock8

===========================================================================================
----------------- testing Sat Aug 29 15:39:30 UTC 2020 /home/travis/build/icyphy/ptII/ptolemy/actor/lib/test/auto/DiscreteClock9.xml
----------------- Instantiating /home/travis/build/icyphy/ptII/ptolemy/actor/lib/test/auto/DiscreteClock9.xml
4 ms. Memory: 288768K Free: 71244K (25%)
----------------- Invoking toplevel() on ptolemy.moml.MoMLSimpleApplication@4f3e019b
----------------- Done invoking toplevel() on ptolemy.moml.MoMLSimpleApplication@4f3e019b
reloadAllAccessors: .DiscreteClock9

===========================================================================================
----------------- testing Sat Aug 29 15:39:30 UTC 2020 /home/travis/build/icyphy/ptII/ptolemy/actor/lib/test/auto/DisplayArray.xml
----------------- Instantiating /home/travis/build/icyphy/ptII/ptolemy/actor/lib/test/auto/DisplayArray.xml
2 ms. Memory: 288768K Free: 237531K (82%)
----------------- Invoking toplevel() on ptolemy.moml.MoMLSimpleApplication@5f230e7b
----------------- Done invoking toplevel() on ptolemy.moml.MoMLSimpleApplication@5f230e7b
reloadAllAccessors: .DisplayArray

===========================================================================================
----------------- testing Sat Aug 29 15:39:30 UTC 2020 /home/travis/build/icyphy/ptII/ptolemy/actor/lib/test/auto/Distributor.xml
----------------- Instantiating /home/travis/build/icyphy/ptII/ptolemy/actor/lib/test/auto/Distributor.xml
1 ms. Memory: 288768K Free: 232411K (80%)
----------------- Invoking toplevel() on ptolemy.moml.MoMLSimpleApplication@6b88a8f
----------------- Done invoking toplevel() on ptolemy.moml.MoMLSimpleApplication@6b88a8f
reloadAllAccessors: .Distributor

===========================================================================================
----------------- testing Sat Aug 29 15:39:30 UTC 2020 /home/travis/build/icyphy/ptII/ptolemy/actor/lib/test/auto/Distributor2.xml
----------------- Instantiating /home/travis/build/icyphy/ptII/ptolemy/actor/lib/test/auto/Distributor2.xml
1 ms. Memory: 288768K Free: 227291K (79%)
----------------- Invoking toplevel() on ptolemy.moml.MoMLSimpleApplication@29d110f1
----------------- Done invoking toplevel() on ptolemy.moml.MoMLSimpleApplication@29d110f1
reloadAllAccessors: .Distributor2

===========================================================================================
----------------- testing Sat Aug 29 15:39:30 UTC 2020 /home/travis/build/icyphy/ptII/ptolemy/actor/lib/test/auto/DownSample.xml
----------------- Instantiating /home/travis/build/icyphy/ptII/ptolemy/actor/lib/test/auto/DownSample.xml
1 ms. Memory: 288768K Free: 222681K (77%)
----------------- Invoking toplevel() on ptolemy.moml.MoMLSimpleApplication@a15ee3e
----------------- Done invoking toplevel() on ptolemy.moml.MoMLSimpleApplication@a15ee3e
reloadAllAccessors: .DownSample

===========================================================================================
----------------- testing Sat Aug 29 15:39:30 UTC 2020 /home/travis/build/icyphy/ptII/ptolemy/actor/lib/test/auto/ElectronicUnitBase1.xml
----------------- Instantiating /home/travis/build/icyphy/ptII/ptolemy/actor/lib/test/auto/ElectronicUnitBase1.xml
16 ms. Memory: 288768K Free: 206811K (72%)
----------------- Invoking toplevel() on ptolemy.moml.MoMLSimpleApplication@14510a58
----------------- Done invoking toplevel() on ptolemy.moml.MoMLSimpleApplication@14510a58
reloadAllAccessors: .ElectronicUnitBase1

===========================================================================================
----------------- testing Sat Aug 29 15:39:30 UTC 2020 /home/travis/build/icyphy/ptII/ptolemy/actor/lib/test/auto/ElementsToArray.xml
----------------- Instantiating /home/travis/build/icyphy/ptII/ptolemy/actor/lib/test/auto/ElementsToArray.xml
3 ms. Memory: 288768K Free: 201691K (70%)
----------------- Invoking toplevel() on ptolemy.moml.MoMLSimpleApplication@26fcab34
----------------- Done invoking toplevel() on ptolemy.moml.MoMLSimpleApplication@26fcab34
reloadAllAccessors: .ElementsToArray

===========================================================================================
----------------- testing Sat Aug 29 15:39:30 UTC 2020 /home/travis/build/icyphy/ptII/ptolemy/actor/lib/test/auto/Equals.xml
----------------- Instantiating /home/travis/build/icyphy/ptII/ptolemy/actor/lib/test/auto/Equals.xml
3 ms. Memory: 288768K Free: 197081K (68%)
----------------- Invoking toplevel() on ptolemy.moml.MoMLSimpleApplication@12547ecb
----------------- Done invoking toplevel() on ptolemy.moml.MoMLSimpleApplication@12547ecb
reloadAllAccessors: .Equals

===========================================================================================
----------------- testing Sat Aug 29 15:39:30 UTC 2020 /home/travis/build/icyphy/ptII/ptolemy/actor/lib/test/auto/Exec.xml
----------------- Instantiating /home/travis/build/icyphy/ptII/ptolemy/actor/lib/test/auto/Exec.xml
22 ms. Memory: 288768K Free: 190923K (66%)
----------------- Invoking toplevel() on ptolemy.moml.MoMLSimpleApplication@4363cdc4
----------------- Done invoking toplevel() on ptolemy.moml.MoMLSimpleApplication@4363cdc4
reloadAllAccessors: .Exec

===========================================================================================
----------------- testing Sat Aug 29 15:39:31 UTC 2020 /home/travis/build/icyphy/ptII/ptolemy/actor/lib/test/auto/ExecEnvironment.xml
----------------- Instantiating /home/travis/build/icyphy/ptII/ptolemy/actor/lib/test/auto/ExecEnvironment.xml
29 ms. Memory: 288768K Free: 185803K (64%)
----------------- Invoking toplevel() on ptolemy.moml.MoMLSimpleApplication@6ecc63de
----------------- Done invoking toplevel() on ptolemy.moml.MoMLSimpleApplication@6ecc63de
reloadAllAccessors: .ExecEnvironment

===========================================================================================
----------------- testing Sat Aug 29 15:39:31 UTC 2020 /home/travis/build/icyphy/ptII/ptolemy/actor/lib/test/auto/ExecNonZeroReturnOutput.xml
----------------- Instantiating /home/travis/build/icyphy/ptII/ptolemy/actor/lib/test/auto/ExecNonZeroReturnOutput.xml
168 ms. Memory: 288768K Free: 175067K (61%)
----------------- Invoking toplevel() on ptolemy.moml.MoMLSimpleApplication@690b0752
----------------- Done invoking toplevel() on ptolemy.moml.MoMLSimpleApplication@690b0752
reloadAllAccessors: .ExecNonZeroReturnOutput

===========================================================================================
----------------- testing Sat Aug 29 15:39:31 UTC 2020 /home/travis/build/icyphy/ptII/ptolemy/actor/lib/test/auto/ExecRunDemos.xml
----------------- Instantiating /home/travis/build/icyphy/ptII/ptolemy/actor/lib/test/auto/ExecRunDemos.xml
Finished: 69 ms. Memory: 129024K Free: 112114K (87%)

Finished: 75 ms. Memory: 129024K Free: 109464K (85%)

Finished: 67 ms. Memory: 129024K Free: 109605K (85%)

Finished: 72 ms. Memory: 129024K Free: 111057K (86%)

Finished: 54 ms. Memory: 129024K Free: 111834K (87%)

10351 ms. Memory: 288768K Free: 153561K (53%)
----------------- Invoking toplevel() on ptolemy.moml.MoMLSimpleApplication@39321729
----------------- Done invoking toplevel() on ptolemy.moml.MoMLSimpleApplication@39321729
reloadAllAccessors: .ExecRunDemos

===========================================================================================
----------------- testing Sat Aug 29 15:39:41 UTC 2020 /home/travis/build/icyphy/ptII/ptolemy/actor/lib/test/auto/ExecStop.xml
----------------- Instantiating /home/travis/build/icyphy/ptII/ptolemy/actor/lib/test/auto/ExecStop.xml
5019 ms. Memory: 288768K Free: 184812K (64%)
----------------- Invoking toplevel() on ptolemy.moml.MoMLSimpleApplication@5123866e
----------------- Done invoking toplevel() on ptolemy.moml.MoMLSimpleApplication@5123866e
reloadAllAccessors: .ExecStop

===========================================================================================
----------------- testing Sat Aug 29 15:39:46 UTC 2020 /home/travis/build/icyphy/ptII/ptolemy/actor/lib/test/auto/ExecutionTimeSDF.xml
----------------- Instantiating /home/travis/build/icyphy/ptII/ptolemy/actor/lib/test/auto/ExecutionTimeSDF.xml
Fired ExecutionTime: -294567296
Fired ExecutionTime: 1347200000
Fired ExecutionTime: 1336800000
6011 ms. Memory: 288768K Free: 172634K (60%)
----------------- Invoking toplevel() on ptolemy.moml.MoMLSimpleApplication@799c0098
----------------- Done invoking toplevel() on ptolemy.moml.MoMLSimpleApplication@799c0098
reloadAllAccessors: .ExecutionTimeSDF

===========================================================================================
----------------- testing Sat Aug 29 15:39:52 UTC 2020 /home/travis/build/icyphy/ptII/ptolemy/actor/lib/test/auto/Expression1.xml
----------------- Instantiating /home/travis/build/icyphy/ptII/ptolemy/actor/lib/test/auto/Expression1.xml
1 ms. Memory: 288768K Free: 169001K (59%)
----------------- Invoking toplevel() on ptolemy.moml.MoMLSimpleApplication@6605bd2a
----------------- Done invoking toplevel() on ptolemy.moml.MoMLSimpleApplication@6605bd2a
reloadAllAccessors: .Expression1

===========================================================================================
----------------- testing Sat Aug 29 15:39:52 UTC 2020 /home/travis/build/icyphy/ptII/ptolemy/actor/lib/test/auto/Expression10.xml
----------------- Instantiating /home/travis/build/icyphy/ptII/ptolemy/actor/lib/test/auto/Expression10.xml
7 ms. Memory: 288768K Free: 163903K (57%)
----------------- Invoking toplevel() on ptolemy.moml.MoMLSimpleApplication@2182c0cc
----------------- Done invoking toplevel() on ptolemy.moml.MoMLSimpleApplication@2182c0cc
reloadAllAccessors: .Expression10

===========================================================================================
----------------- testing Sat Aug 29 15:39:52 UTC 2020 /home/travis/build/icyphy/ptII/ptolemy/actor/lib/test/auto/Expression11.xml
----------------- Instantiating /home/travis/build/icyphy/ptII/ptolemy/actor/lib/test/auto/Expression11.xml
2 ms. Memory: 288768K Free: 159207K (55%)
----------------- Invoking toplevel() on ptolemy.moml.MoMLSimpleApplication@249b3f41
----------------- Done invoking toplevel() on ptolemy.moml.MoMLSimpleApplication@249b3f41
reloadAllAccessors: .Expression11

===========================================================================================
----------------- testing Sat Aug 29 15:39:52 UTC 2020 /home/travis/build/icyphy/ptII/ptolemy/actor/lib/test/auto/Expression12.xml
----------------- Instantiating /home/travis/build/icyphy/ptII/ptolemy/actor/lib/test/auto/Expression12.xml
2 ms. Memory: 288768K Free: 154226K (53%)
----------------- Invoking toplevel() on ptolemy.moml.MoMLSimpleApplication@152a4328
----------------- Done invoking toplevel() on ptolemy.moml.MoMLSimpleApplication@152a4328
reloadAllAccessors: .Expression12

===========================================================================================
----------------- testing Sat Aug 29 15:39:52 UTC 2020 /home/travis/build/icyphy/ptII/ptolemy/actor/lib/test/auto/Expression13.xml
----------------- Instantiating /home/travis/build/icyphy/ptII/ptolemy/actor/lib/test/auto/Expression13.xml
3 ms. Memory: 288768K Free: 149098K (52%)
----------------- Invoking toplevel() on ptolemy.moml.MoMLSimpleApplication@7de5245f
----------------- Done invoking toplevel() on ptolemy.moml.MoMLSimpleApplication@7de5245f
reloadAllAccessors: .Expression13

===========================================================================================
----------------- testing Sat Aug 29 15:39:52 UTC 2020 /home/travis/build/icyphy/ptII/ptolemy/actor/lib/test/auto/Expression14.xml
----------------- Instantiating /home/travis/build/icyphy/ptII/ptolemy/actor/lib/test/auto/Expression14.xml
4 ms. Memory: 288768K Free: 143423K (50%)
----------------- Invoking toplevel() on ptolemy.moml.MoMLSimpleApplication@4054f348
----------------- Done invoking toplevel() on ptolemy.moml.MoMLSimpleApplication@4054f348
reloadAllAccessors: .Expression14

===========================================================================================
----------------- testing Sat Aug 29 15:39:52 UTC 2020 /home/travis/build/icyphy/ptII/ptolemy/actor/lib/test/auto/Expression15.xml
----------------- Instantiating /home/travis/build/icyphy/ptII/ptolemy/actor/lib/test/auto/Expression15.xml
2 ms. Memory: 288768K Free: 139751K (48%)
----------------- Invoking toplevel() on ptolemy.moml.MoMLSimpleApplication@67eceb59
----------------- Done invoking toplevel() on ptolemy.moml.MoMLSimpleApplication@67eceb59
reloadAllAccessors: .Expression15

===========================================================================================
----------------- testing Sat Aug 29 15:39:52 UTC 2020 /home/travis/build/icyphy/ptII/ptolemy/actor/lib/test/auto/Expression16.xml
----------------- Instantiating /home/travis/build/icyphy/ptII/ptolemy/actor/lib/test/auto/Expression16.xml
2 ms. Memory: 288768K Free: 134786K (47%)
----------------- Invoking toplevel() on ptolemy.moml.MoMLSimpleApplication@4c5fcffb
----------------- Done invoking toplevel() on ptolemy.moml.MoMLSimpleApplication@4c5fcffb
reloadAllAccessors: .Expression16

===========================================================================================
----------------- testing Sat Aug 29 15:39:52 UTC 2020 /home/travis/build/icyphy/ptII/ptolemy/actor/lib/test/auto/Expression17.xml
----------------- Instantiating /home/travis/build/icyphy/ptII/ptolemy/actor/lib/test/auto/Expression17.xml
2 ms. Memory: 288768K Free: 130097K (45%)
----------------- Invoking toplevel() on ptolemy.moml.MoMLSimpleApplication@1d3737bd
----------------- Done invoking toplevel() on ptolemy.moml.MoMLSimpleApplication@1d3737bd
reloadAllAccessors: .Expression17

===========================================================================================
----------------- testing Sat Aug 29 15:39:52 UTC 2020 /home/travis/build/icyphy/ptII/ptolemy/actor/lib/test/auto/Expression18.xml
----------------- Instantiating /home/travis/build/icyphy/ptII/ptolemy/actor/lib/test/auto/Expression18.xml
2 ms. Memory: 288768K Free: 124991K (43%)
----------------- Invoking toplevel() on ptolemy.moml.MoMLSimpleApplication@4784f15a
----------------- Done invoking toplevel() on ptolemy.moml.MoMLSimpleApplication@4784f15a
reloadAllAccessors: .Expression18

===========================================================================================
----------------- testing Sat Aug 29 15:39:52 UTC 2020 /home/travis/build/icyphy/ptII/ptolemy/actor/lib/test/auto/Expression2.xml
----------------- Instantiating /home/travis/build/icyphy/ptII/ptolemy/actor/lib/test/auto/Expression2.xml
2 ms. Memory: 288768K Free: 120426K (42%)
----------------- Invoking toplevel() on ptolemy.moml.MoMLSimpleApplication@75e35f74
----------------- Done invoking toplevel() on ptolemy.moml.MoMLSimpleApplication@75e35f74
reloadAllAccessors: .Expression2

===========================================================================================
----------------- testing Sat Aug 29 15:39:52 UTC 2020 /home/travis/build/icyphy/ptII/ptolemy/actor/lib/test/auto/Expression3.xml
----------------- Instantiating /home/travis/build/icyphy/ptII/ptolemy/actor/lib/test/auto/Expression3.xml
5 ms. Memory: 288768K Free: 115322K (40%)
----------------- Invoking toplevel() on ptolemy.moml.MoMLSimpleApplication@64df7cb
----------------- Done invoking toplevel() on ptolemy.moml.MoMLSimpleApplication@64df7cb
reloadAllAccessors: .Expression3

===========================================================================================
----------------- testing Sat Aug 29 15:39:52 UTC 2020 /home/travis/build/icyphy/ptII/ptolemy/actor/lib/test/auto/Expression4.xml
----------------- Instantiating /home/travis/build/icyphy/ptII/ptolemy/actor/lib/test/auto/Expression4.xml
13 ms. Memory: 288768K Free: 108165K (37%)
----------------- Invoking toplevel() on ptolemy.moml.MoMLSimpleApplication@7b3dfe58
----------------- Done invoking toplevel() on ptolemy.moml.MoMLSimpleApplication@7b3dfe58
reloadAllAccessors: .Expression4

===========================================================================================
----------------- testing Sat Aug 29 15:39:52 UTC 2020 /home/travis/build/icyphy/ptII/ptolemy/actor/lib/test/auto/Expression5.xml
----------------- Instantiating /home/travis/build/icyphy/ptII/ptolemy/actor/lib/test/auto/Expression5.xml
2 ms. Memory: 288768K Free: 103487K (36%)
----------------- Invoking toplevel() on ptolemy.moml.MoMLSimpleApplication@169797f5
----------------- Done invoking toplevel() on ptolemy.moml.MoMLSimpleApplication@169797f5
reloadAllAccessors: .Expression5

===========================================================================================
----------------- testing Sat Aug 29 15:39:52 UTC 2020 /home/travis/build/icyphy/ptII/ptolemy/actor/lib/test/auto/Expression6.xml
----------------- Instantiating /home/travis/build/icyphy/ptII/ptolemy/actor/lib/test/auto/Expression6.xml
2 ms. Memory: 288768K Free: 98906K (34%)
----------------- Invoking toplevel() on ptolemy.moml.MoMLSimpleApplication@5425d4dc
----------------- Done invoking toplevel() on ptolemy.moml.MoMLSimpleApplication@5425d4dc
reloadAllAccessors: .Expression6

===========================================================================================
----------------- testing Sat Aug 29 15:39:52 UTC 2020 /home/travis/build/icyphy/ptII/ptolemy/actor/lib/test/auto/Expression7.xml
----------------- Instantiating /home/travis/build/icyphy/ptII/ptolemy/actor/lib/test/auto/Expression7.xml
2 ms. Memory: 288768K Free: 94241K (33%)
----------------- Invoking toplevel() on ptolemy.moml.MoMLSimpleApplication@32604165
----------------- Done invoking toplevel() on ptolemy.moml.MoMLSimpleApplication@32604165
reloadAllAccessors: .Expression7

===========================================================================================
----------------- testing Sat Aug 29 15:39:52 UTC 2020 /home/travis/build/icyphy/ptII/ptolemy/actor/lib/test/auto/Expression8.xml
----------------- Instantiating /home/travis/build/icyphy/ptII/ptolemy/actor/lib/test/auto/Expression8.xml
3 ms. Memory: 288768K Free: 89575K (31%)
----------------- Invoking toplevel() on ptolemy.moml.MoMLSimpleApplication@4594eed8
----------------- Done invoking toplevel() on ptolemy.moml.MoMLSimpleApplication@4594eed8
reloadAllAccessors: .Expression8

===========================================================================================
----------------- testing Sat Aug 29 15:39:53 UTC 2020 /home/travis/build/icyphy/ptII/ptolemy/actor/lib/test/auto/Expression9.xml
----------------- Instantiating /home/travis/build/icyphy/ptII/ptolemy/actor/lib/test/auto/Expression9.xml
1 ms. Memory: 288768K Free: 86065K (30%)
----------------- Invoking toplevel() on ptolemy.moml.MoMLSimpleApplication@14a58fd4
----------------- Done invoking toplevel() on ptolemy.moml.MoMLSimpleApplication@14a58fd4
reloadAllAccessors: .Expression9

===========================================================================================
----------------- testing Sat Aug 29 15:39:53 UTC 2020 /home/travis/build/icyphy/ptII/ptolemy/actor/lib/test/auto/ExpressionConcatenateArrayType.xml
----------------- Instantiating /home/travis/build/icyphy/ptII/ptolemy/actor/lib/test/auto/ExpressionConcatenateArrayType.xml
2 ms. Memory: 288768K Free: 79512K (28%)
----------------- Invoking toplevel() on ptolemy.moml.MoMLSimpleApplication@da9f77f
----------------- Done invoking toplevel() on ptolemy.moml.MoMLSimpleApplication@da9f77f
reloadAllAccessors: .ExpressionConcatenateArrayType

===========================================================================================
----------------- testing Sat Aug 29 15:39:53 UTC 2020 /home/travis/build/icyphy/ptII/ptolemy/actor/lib/test/auto/ExpressionConcatenateArrayType2.xml
----------------- Instantiating /home/travis/build/icyphy/ptII/ptolemy/actor/lib/test/auto/ExpressionConcatenateArrayType2.xml
3 ms. Memory: 288768K Free: 74215K (26%)
----------------- Invoking toplevel() on ptolemy.moml.MoMLSimpleApplication@50a20f10
----------------- Done invoking toplevel() on ptolemy.moml.MoMLSimpleApplication@50a20f10
reloadAllAccessors: .ExpressionConcatenateArrayType2

===========================================================================================
----------------- testing Sat Aug 29 15:39:53 UTC 2020 /home/travis/build/icyphy/ptII/ptolemy/actor/lib/test/auto/ExpressionFix.xml
----------------- Instantiating /home/travis/build/icyphy/ptII/ptolemy/actor/lib/test/auto/ExpressionFix.xml
21 ms. Memory: 288768K Free: 236738K (82%)
----------------- Invoking toplevel() on ptolemy.moml.MoMLSimpleApplication@22efa395
----------------- Done invoking toplevel() on ptolemy.moml.MoMLSimpleApplication@22efa395
reloadAllAccessors: .ExpressionFix

===========================================================================================
----------------- testing Sat Aug 29 15:39:53 UTC 2020 /home/travis/build/icyphy/ptII/ptolemy/actor/lib/test/auto/ExpressionFix2.xml
----------------- Instantiating /home/travis/build/icyphy/ptII/ptolemy/actor/lib/test/auto/ExpressionFix2.xml
4 ms. Memory: 288768K Free: 232642K (81%)
----------------- Invoking toplevel() on ptolemy.moml.MoMLSimpleApplication@60b3ab93
----------------- Done invoking toplevel() on ptolemy.moml.MoMLSimpleApplication@60b3ab93
reloadAllAccessors: .ExpressionFix2

===========================================================================================
----------------- testing Sat Aug 29 15:39:53 UTC 2020 /home/travis/build/icyphy/ptII/ptolemy/actor/lib/test/auto/ExpressionFix3.xml
----------------- Instantiating /home/travis/build/icyphy/ptII/ptolemy/actor/lib/test/auto/ExpressionFix3.xml
2 ms. Memory: 288768K Free: 228036K (79%)
----------------- Invoking toplevel() on ptolemy.moml.MoMLSimpleApplication@544c35e3
----------------- Done invoking toplevel() on ptolemy.moml.MoMLSimpleApplication@544c35e3
reloadAllAccessors: .ExpressionFix3

===========================================================================================
----------------- testing Sat Aug 29 15:39:53 UTC 2020 /home/travis/build/icyphy/ptII/ptolemy/actor/lib/test/auto/FileWriter1.xml
----------------- Instantiating /home/travis/build/icyphy/ptII/ptolemy/actor/lib/test/auto/FileWriter1.xml
2 ms. Memory: 288768K Free: 224450K (78%)
----------------- Invoking toplevel() on ptolemy.moml.MoMLSimpleApplication@5411291f
----------------- Done invoking toplevel() on ptolemy.moml.MoMLSimpleApplication@5411291f
reloadAllAccessors: .FileWriter1

===========================================================================================
----------------- testing Sat Aug 29 15:39:53 UTC 2020 /home/travis/build/icyphy/ptII/ptolemy/actor/lib/test/auto/FileWriter2.xml
----------------- Instantiating /home/travis/build/icyphy/ptII/ptolemy/actor/lib/test/auto/FileWriter2.xml
6 ms. Memory: 288768K Free: 219844K (76%)
----------------- Invoking toplevel() on ptolemy.moml.MoMLSimpleApplication@290a2c05
----------------- Done invoking toplevel() on ptolemy.moml.MoMLSimpleApplication@290a2c05
reloadAllAccessors: .FileWriter2

===========================================================================================
----------------- testing Sat Aug 29 15:39:53 UTC 2020 /home/travis/build/icyphy/ptII/ptolemy/actor/lib/test/auto/FileWriter3.xml
----------------- Instantiating /home/travis/build/icyphy/ptII/ptolemy/actor/lib/test/auto/FileWriter3.xml
4 ms. Memory: 288768K Free: 215748K (75%)
----------------- Invoking toplevel() on ptolemy.moml.MoMLSimpleApplication@66d6206f
----------------- Done invoking toplevel() on ptolemy.moml.MoMLSimpleApplication@66d6206f
reloadAllAccessors: .FileWriter3

===========================================================================================
----------------- testing Sat Aug 29 15:39:53 UTC 2020 /home/travis/build/icyphy/ptII/ptolemy/actor/lib/test/auto/Gaussian.xml
----------------- Instantiating /home/travis/build/icyphy/ptII/ptolemy/actor/lib/test/auto/Gaussian.xml
2 ms. Memory: 288768K Free: 211652K (73%)
----------------- Invoking toplevel() on ptolemy.moml.MoMLSimpleApplication@22fee817
----------------- Done invoking toplevel() on ptolemy.moml.MoMLSimpleApplication@22fee817
reloadAllAccessors: .Gaussian

===========================================================================================
----------------- testing Sat Aug 29 15:39:53 UTC 2020 /home/travis/build/icyphy/ptII/ptolemy/actor/lib/test/auto/Gaussian1.xml
----------------- Instantiating /home/travis/build/icyphy/ptII/ptolemy/actor/lib/test/auto/Gaussian1.xml
2 ms. Memory: 288768K Free: 205988K (71%)
----------------- Invoking toplevel() on ptolemy.moml.MoMLSimpleApplication@67a4622
----------------- Done invoking toplevel() on ptolemy.moml.MoMLSimpleApplication@67a4622
reloadAllAccessors: .Gaussian1

===========================================================================================
----------------- testing Sat Aug 29 15:39:53 UTC 2020 /home/travis/build/icyphy/ptII/ptolemy/actor/lib/test/auto/Gaussian2.xml
----------------- Instantiating /home/travis/build/icyphy/ptII/ptolemy/actor/lib/test/auto/Gaussian2.xml
10 ms. Memory: 288768K Free: 200388K (69%)
----------------- Invoking toplevel() on ptolemy.moml.MoMLSimpleApplication@5491fd1f
----------------- Done invoking toplevel() on ptolemy.moml.MoMLSimpleApplication@5491fd1f
reloadAllAccessors: .Gaussian2

===========================================================================================
----------------- testing Sat Aug 29 15:39:53 UTC 2020 /home/travis/build/icyphy/ptII/ptolemy/actor/lib/test/auto/GradientAdaptiveLattice.xml
----------------- Instantiating /home/travis/build/icyphy/ptII/ptolemy/actor/lib/test/auto/GradientAdaptiveLattice.xml
3 ms. Memory: 288768K Free: 195268K (68%)
----------------- Invoking toplevel() on ptolemy.moml.MoMLSimpleApplication@4b32d778
----------------- Done invoking toplevel() on ptolemy.moml.MoMLSimpleApplication@4b32d778
reloadAllAccessors: .GradientAdaptiveLattice

===========================================================================================
----------------- testing Sat Aug 29 15:39:53 UTC 2020 /home/travis/build/icyphy/ptII/ptolemy/actor/lib/test/auto/IIR.xml
----------------- Instantiating /home/travis/build/icyphy/ptII/ptolemy/actor/lib/test/auto/IIR.xml
3 ms. Memory: 288768K Free: 191172K (66%)
----------------- Invoking toplevel() on ptolemy.moml.MoMLSimpleApplication@231b4b45
----------------- Done invoking toplevel() on ptolemy.moml.MoMLSimpleApplication@231b4b45
reloadAllAccessors: .IIR

===========================================================================================
----------------- testing Sat Aug 29 15:39:53 UTC 2020 /home/travis/build/icyphy/ptII/ptolemy/actor/lib/test/auto/InputOutputTransparentPorts.xml
----------------- Instantiating /home/travis/build/icyphy/ptII/ptolemy/actor/lib/test/auto/InputOutputTransparentPorts.xml
2 ms. Memory: 288768K Free: 183490K (64%)
----------------- Invoking toplevel() on ptolemy.moml.MoMLSimpleApplication@3a5c6598
----------------- Done invoking toplevel() on ptolemy.moml.MoMLSimpleApplication@3a5c6598
reloadAllAccessors: .InputOutputTransparentPorts

===========================================================================================
----------------- testing Sat Aug 29 15:39:53 UTC 2020 /home/travis/build/icyphy/ptII/ptolemy/actor/lib/test/auto/Interpolator.xml
----------------- Instantiating /home/travis/build/icyphy/ptII/ptolemy/actor/lib/test/auto/Interpolator.xml
5 ms. Memory: 288768K Free: 179380K (62%)
----------------- Invoking toplevel() on ptolemy.moml.MoMLSimpleApplication@4e7a5a17
----------------- Done invoking toplevel() on ptolemy.moml.MoMLSimpleApplication@4e7a5a17
reloadAllAccessors: .Interpolator

===========================================================================================
----------------- testing Sat Aug 29 15:39:53 UTC 2020 /home/travis/build/icyphy/ptII/ptolemy/actor/lib/test/auto/InterpolatorFiringLimitDE.xml
----------------- Instantiating /home/travis/build/icyphy/ptII/ptolemy/actor/lib/test/auto/InterpolatorFiringLimitDE.xml
2 ms. Memory: 288768K Free: 173764K (60%)
----------------- Invoking toplevel() on ptolemy.moml.MoMLSimpleApplication@6228dbd9
----------------- Done invoking toplevel() on ptolemy.moml.MoMLSimpleApplication@6228dbd9
reloadAllAccessors: .InterpolatorFiringLimitDE

===========================================================================================
----------------- testing Sat Aug 29 15:39:53 UTC 2020 /home/travis/build/icyphy/ptII/ptolemy/actor/lib/test/auto/Lattice.xml
----------------- Instantiating /home/travis/build/icyphy/ptII/ptolemy/actor/lib/test/auto/Lattice.xml
2 ms. Memory: 288768K Free: 169668K (59%)
----------------- Invoking toplevel() on ptolemy.moml.MoMLSimpleApplication@1e270afb
----------------- Done invoking toplevel() on ptolemy.moml.MoMLSimpleApplication@1e270afb
reloadAllAccessors: .Lattice

===========================================================================================
----------------- testing Sat Aug 29 15:39:53 UTC 2020 /home/travis/build/icyphy/ptII/ptolemy/actor/lib/test/auto/LazyAOCTestLazy.xml
----------------- Instantiating /home/travis/build/icyphy/ptII/ptolemy/actor/lib/test/auto/LazyAOCTestLazy.xml
22 ms. Memory: 288768K Free: 163524K (57%)
----------------- Invoking toplevel() on ptolemy.moml.MoMLSimpleApplication@4c62e5d0
----------------- Done invoking toplevel() on ptolemy.moml.MoMLSimpleApplication@4c62e5d0
reloadAllAccessors: .LazyAOCTestLazy

===========================================================================================
----------------- testing Sat Aug 29 15:39:53 UTC 2020 /home/travis/build/icyphy/ptII/ptolemy/actor/lib/test/auto/LazyAOCTestNonLazy.xml
----------------- Instantiating /home/travis/build/icyphy/ptII/ptolemy/actor/lib/test/auto/LazyAOCTestNonLazy.xml
2 ms. Memory: 288768K Free: 156866K (54%)
----------------- Invoking toplevel() on ptolemy.moml.MoMLSimpleApplication@f94c407
----------------- Done invoking toplevel() on ptolemy.moml.MoMLSimpleApplication@f94c407
reloadAllAccessors: .LazyAOCTestNonLazy

===========================================================================================
----------------- testing Sat Aug 29 15:39:53 UTC 2020 /home/travis/build/icyphy/ptII/ptolemy/actor/lib/test/auto/LazyInnerClass.xml
----------------- Instantiating /home/travis/build/icyphy/ptII/ptolemy/actor/lib/test/auto/LazyInnerClass.xml
10 ms. Memory: 288768K Free: 148164K (51%)
----------------- Invoking toplevel() on ptolemy.moml.MoMLSimpleApplication@2505b27e
----------------- Done invoking toplevel() on ptolemy.moml.MoMLSimpleApplication@2505b27e
reloadAllAccessors: .LazyInnerClass

===========================================================================================
----------------- testing Sat Aug 29 15:39:53 UTC 2020 /home/travis/build/icyphy/ptII/ptolemy/actor/lib/test/auto/LazyPubSub.xml
----------------- Instantiating /home/travis/build/icyphy/ptII/ptolemy/actor/lib/test/auto/LazyPubSub.xml
18 ms. Memory: 288768K Free: 137924K (48%)
----------------- Invoking toplevel() on ptolemy.moml.MoMLSimpleApplication@870acf1
----------------- Done invoking toplevel() on ptolemy.moml.MoMLSimpleApplication@870acf1
reloadAllAccessors: .LazyPubSub

===========================================================================================
----------------- testing Sat Aug 29 15:39:53 UTC 2020 /home/travis/build/icyphy/ptII/ptolemy/actor/lib/test/auto/LazyPubSub2.xml
----------------- Instantiating /home/travis/build/icyphy/ptII/ptolemy/actor/lib/test/auto/LazyPubSub2.xml
30 ms. Memory: 288768K Free: 128194K (44%)
----------------- Invoking toplevel() on ptolemy.moml.MoMLSimpleApplication@4a303cd6
----------------- Done invoking toplevel() on ptolemy.moml.MoMLSimpleApplication@4a303cd6
reloadAllAccessors: .LazyPubSub2

===========================================================================================
----------------- testing Sat Aug 29 15:39:53 UTC 2020 /home/travis/build/icyphy/ptII/ptolemy/actor/lib/test/auto/LazyPubSub3.xml
----------------- Instantiating /home/travis/build/icyphy/ptII/ptolemy/actor/lib/test/auto/LazyPubSub3.xml
15 ms. Memory: 288768K Free: 118468K (41%)
----------------- Invoking toplevel() on ptolemy.moml.MoMLSimpleApplication@76d60cce
----------------- Done invoking toplevel() on ptolemy.moml.MoMLSimpleApplication@76d60cce
reloadAllAccessors: .LazyPubSub3

===========================================================================================
----------------- testing Sat Aug 29 15:39:53 UTC 2020 /home/travis/build/icyphy/ptII/ptolemy/actor/lib/test/auto/LazySubClassModel.xml
----------------- Instantiating /home/travis/build/icyphy/ptII/ptolemy/actor/lib/test/auto/LazySubClassModel.xml
8 ms. Memory: 288768K Free: 109252K (38%)
----------------- Invoking toplevel() on ptolemy.moml.MoMLSimpleApplication@1cddaf55
----------------- Done invoking toplevel() on ptolemy.moml.MoMLSimpleApplication@1cddaf55
reloadAllAccessors: .LazySubClassModel

===========================================================================================
----------------- testing Sat Aug 29 15:39:53 UTC 2020 /home/travis/build/icyphy/ptII/ptolemy/actor/lib/test/auto/LevelCrossTest1.xml
----------------- Instantiating /home/travis/build/icyphy/ptII/ptolemy/actor/lib/test/auto/LevelCrossTest1.xml
1 ms. Memory: 288768K Free: 104132K (36%)
----------------- Invoking toplevel() on ptolemy.moml.MoMLSimpleApplication@b7ce666
----------------- Done invoking toplevel() on ptolemy.moml.MoMLSimpleApplication@b7ce666
reloadAllAccessors: .broken

===========================================================================================
----------------- testing Sat Aug 29 15:39:53 UTC 2020 /home/travis/build/icyphy/ptII/ptolemy/actor/lib/test/auto/LevelCrossTest10.xml
----------------- Instantiating /home/travis/build/icyphy/ptII/ptolemy/actor/lib/test/auto/LevelCrossTest10.xml
1 ms. Memory: 288768K Free: 96450K (33%)
----------------- Invoking toplevel() on ptolemy.moml.MoMLSimpleApplication@442c1f71
----------------- Done invoking toplevel() on ptolemy.moml.MoMLSimpleApplication@442c1f71
reloadAllAccessors: .LevelCrossTest10

===========================================================================================
----------------- testing Sat Aug 29 15:39:53 UTC 2020 /home/travis/build/icyphy/ptII/ptolemy/actor/lib/test/auto/LevelCrossTest11.xml
----------------- Instantiating /home/travis/build/icyphy/ptII/ptolemy/actor/lib/test/auto/LevelCrossTest11.xml
1 ms. Memory: 288768K Free: 89282K (31%)
----------------- Invoking toplevel() on ptolemy.moml.MoMLSimpleApplication@5c0c234
----------------- Done invoking toplevel() on ptolemy.moml.MoMLSimpleApplication@5c0c234
reloadAllAccessors: .LevelCrossTest11

===========================================================================================
----------------- testing Sat Aug 29 15:39:53 UTC 2020 /home/travis/build/icyphy/ptII/ptolemy/actor/lib/test/auto/LevelCrossTest12.xml
----------------- Instantiating /home/travis/build/icyphy/ptII/ptolemy/actor/lib/test/auto/LevelCrossTest12.xml
1 ms. Memory: 288768K Free: 82114K (28%)
----------------- Invoking toplevel() on ptolemy.moml.MoMLSimpleApplication@5305bf4c
----------------- Done invoking toplevel() on ptolemy.moml.MoMLSimpleApplication@5305bf4c
reloadAllAccessors: .LevelCrossTest12

===========================================================================================
----------------- testing Sat Aug 29 15:39:53 UTC 2020 /home/travis/build/icyphy/ptII/ptolemy/actor/lib/test/auto/LevelCrossTest13.xml
----------------- Instantiating /home/travis/build/icyphy/ptII/ptolemy/actor/lib/test/auto/LevelCrossTest13.xml
1 ms. Memory: 288768K Free: 73922K (26%)
----------------- Invoking toplevel() on ptolemy.moml.MoMLSimpleApplication@7bea74d1
----------------- Done invoking toplevel() on ptolemy.moml.MoMLSimpleApplication@7bea74d1
reloadAllAccessors: .LevelCrossTest13

===========================================================================================
----------------- testing Sat Aug 29 15:39:53 UTC 2020 /home/travis/build/icyphy/ptII/ptolemy/actor/lib/test/auto/LevelCrossTest2.xml
----------------- Instantiating /home/travis/build/icyphy/ptII/ptolemy/actor/lib/test/auto/LevelCrossTest2.xml
1 ms. Memory: 288768K Free: 238260K (83%)
----------------- Invoking toplevel() on ptolemy.moml.MoMLSimpleApplication@787d8798
----------------- Done invoking toplevel() on ptolemy.moml.MoMLSimpleApplication@787d8798
reloadAllAccessors: .broken

===========================================================================================
----------------- testing Sat Aug 29 15:39:53 UTC 2020 /home/travis/build/icyphy/ptII/ptolemy/actor/lib/test/auto/LevelCrossTest3.xml
----------------- Instantiating /home/travis/build/icyphy/ptII/ptolemy/actor/lib/test/auto/LevelCrossTest3.xml
1 ms. Memory: 288768K Free: 232122K (80%)
----------------- Invoking toplevel() on ptolemy.moml.MoMLSimpleApplication@2e2580d5
----------------- Done invoking toplevel() on ptolemy.moml.MoMLSimpleApplication@2e2580d5
reloadAllAccessors: .LevelCrossTest3

===========================================================================================
----------------- testing Sat Aug 29 15:39:53 UTC 2020 /home/travis/build/icyphy/ptII/ptolemy/actor/lib/test/auto/LevelCrossTest4.xml
----------------- Instantiating /home/travis/build/icyphy/ptII/ptolemy/actor/lib/test/auto/LevelCrossTest4.xml
2 ms. Memory: 288768K Free: 226492K (78%)
----------------- Invoking toplevel() on ptolemy.moml.MoMLSimpleApplication@2b00039e
----------------- Done invoking toplevel() on ptolemy.moml.MoMLSimpleApplication@2b00039e
reloadAllAccessors: .broken

===========================================================================================
----------------- testing Sat Aug 29 15:39:53 UTC 2020 /home/travis/build/icyphy/ptII/ptolemy/actor/lib/test/auto/LevelCrossTest5.xml
----------------- Instantiating /home/travis/build/icyphy/ptII/ptolemy/actor/lib/test/auto/LevelCrossTest5.xml
3 ms. Memory: 288768K Free: 219834K (76%)
----------------- Invoking toplevel() on ptolemy.moml.MoMLSimpleApplication@17b80d9e
----------------- Done invoking toplevel() on ptolemy.moml.MoMLSimpleApplication@17b80d9e
reloadAllAccessors: .LevelCrossTest5

===========================================================================================
----------------- testing Sat Aug 29 15:39:53 UTC 2020 /home/travis/build/icyphy/ptII/ptolemy/actor/lib/test/auto/LevelCrossTest6.xml
----------------- Instantiating /home/travis/build/icyphy/ptII/ptolemy/actor/lib/test/auto/LevelCrossTest6.xml
1 ms. Memory: 288768K Free: 213180K (74%)
----------------- Invoking toplevel() on ptolemy.moml.MoMLSimpleApplication@194d1996
----------------- Done invoking toplevel() on ptolemy.moml.MoMLSimpleApplication@194d1996
reloadAllAccessors: .LevelCrossTest6

===========================================================================================
----------------- testing Sat Aug 29 15:39:53 UTC 2020 /home/travis/build/icyphy/ptII/ptolemy/actor/lib/test/auto/LevelCrossTest7.xml
----------------- Instantiating /home/travis/build/icyphy/ptII/ptolemy/actor/lib/test/auto/LevelCrossTest7.xml
2 ms. Memory: 288768K Free: 204988K (71%)
----------------- Invoking toplevel() on ptolemy.moml.MoMLSimpleApplication@3701dac1
----------------- Done invoking toplevel() on ptolemy.moml.MoMLSimpleApplication@3701dac1
reloadAllAccessors: .LevelCrossTest7

===========================================================================================
----------------- testing Sat Aug 29 15:39:53 UTC 2020 /home/travis/build/icyphy/ptII/ptolemy/actor/lib/test/auto/LevelCrossTest8.xml
----------------- Instantiating /home/travis/build/icyphy/ptII/ptolemy/actor/lib/test/auto/LevelCrossTest8.xml
1 ms. Memory: 288768K Free: 197820K (69%)
----------------- Invoking toplevel() on ptolemy.moml.MoMLSimpleApplication@7c08e7c2
----------------- Done invoking toplevel() on ptolemy.moml.MoMLSimpleApplication@7c08e7c2
reloadAllAccessors: .LevelCrossTest8

===========================================================================================
----------------- testing Sat Aug 29 15:39:53 UTC 2020 /home/travis/build/icyphy/ptII/ptolemy/actor/lib/test/auto/LevelCrossTest9.xml
----------------- Instantiating /home/travis/build/icyphy/ptII/ptolemy/actor/lib/test/auto/LevelCrossTest9.xml
1 ms. Memory: 288768K Free: 190652K (66%)
----------------- Invoking toplevel() on ptolemy.moml.MoMLSimpleApplication@7d1045da
----------------- Done invoking toplevel() on ptolemy.moml.MoMLSimpleApplication@7d1045da
reloadAllAccessors: .LevelCrossTest9

===========================================================================================
----------------- testing Sat Aug 29 15:39:53 UTC 2020 /home/travis/build/icyphy/ptII/ptolemy/actor/lib/test/auto/LevinsonDurbin.xml
----------------- Instantiating /home/travis/build/icyphy/ptII/ptolemy/actor/lib/test/auto/LevinsonDurbin.xml
8 ms. Memory: 288768K Free: 187066K (65%)
----------------- Invoking toplevel() on ptolemy.moml.MoMLSimpleApplication@3756e8d6
----------------- Done invoking toplevel() on ptolemy.moml.MoMLSimpleApplication@3756e8d6
reloadAllAccessors: .LevinsonDurbin

===========================================================================================
----------------- testing Sat Aug 29 15:39:53 UTC 2020 /home/travis/build/icyphy/ptII/ptolemy/actor/lib/test/auto/LevinsonDurbin2.xml
----------------- Instantiating /home/travis/build/icyphy/ptII/ptolemy/actor/lib/test/auto/LevinsonDurbin2.xml
1 ms. Memory: 288768K Free: 182970K (63%)
----------------- Invoking toplevel() on ptolemy.moml.MoMLSimpleApplication@11a89d9
----------------- Done invoking toplevel() on ptolemy.moml.MoMLSimpleApplication@11a89d9
reloadAllAccessors: .LevinsonDurbin2

===========================================================================================
----------------- testing Sat Aug 29 15:39:53 UTC 2020 /home/travis/build/icyphy/ptII/ptolemy/actor/lib/test/auto/LevinsonDurbin3.xml
----------------- Instantiating /home/travis/build/icyphy/ptII/ptolemy/actor/lib/test/auto/LevinsonDurbin3.xml
2 ms. Memory: 288768K Free: 178874K (62%)
----------------- Invoking toplevel() on ptolemy.moml.MoMLSimpleApplication@2fac4cb
----------------- Done invoking toplevel() on ptolemy.moml.MoMLSimpleApplication@2fac4cb
reloadAllAccessors: .LevinsonDurbin3

===========================================================================================
----------------- testing Sat Aug 29 15:39:53 UTC 2020 /home/travis/build/icyphy/ptII/ptolemy/actor/lib/test/auto/Limiter.xml
----------------- Instantiating /home/travis/build/icyphy/ptII/ptolemy/actor/lib/test/auto/Limiter.xml
8 ms. Memory: 288768K Free: 169652K (59%)
----------------- Invoking toplevel() on ptolemy.moml.MoMLSimpleApplication@54e9c81e
----------------- Done invoking toplevel() on ptolemy.moml.MoMLSimpleApplication@54e9c81e
reloadAllAccessors: .Limiter

===========================================================================================
----------------- testing Sat Aug 29 15:39:53 UTC 2020 /home/travis/build/icyphy/ptII/ptolemy/actor/lib/test/auto/LinearDifferenceEquationSystem.xml
----------------- Instantiating /home/travis/build/icyphy/ptII/ptolemy/actor/lib/test/auto/LinearDifferenceEquationSystem.xml
5 ms. Memory: 288768K Free: 162490K (56%)
----------------- Invoking toplevel() on ptolemy.moml.MoMLSimpleApplication@19bb20e7
----------------- Done invoking toplevel() on ptolemy.moml.MoMLSimpleApplication@19bb20e7
reloadAllAccessors: .LinearDifferenceEquationSystem

===========================================================================================
----------------- testing Sat Aug 29 15:39:53 UTC 2020 /home/travis/build/icyphy/ptII/ptolemy/actor/lib/test/auto/LookupTable.xml
----------------- Instantiating /home/travis/build/icyphy/ptII/ptolemy/actor/lib/test/auto/LookupTable.xml
16 ms. Memory: 288768K Free: 158394K (55%)
----------------- Invoking toplevel() on ptolemy.moml.MoMLSimpleApplication@1ab1e4fa
----------------- Done invoking toplevel() on ptolemy.moml.MoMLSimpleApplication@1ab1e4fa
reloadAllAccessors: .LookupTable

===========================================================================================
----------------- testing Sat Aug 29 15:39:54 UTC 2020 /home/travis/build/icyphy/ptII/ptolemy/actor/lib/test/auto/MathFunction.xml
----------------- Instantiating /home/travis/build/icyphy/ptII/ptolemy/actor/lib/test/auto/MathFunction.xml
2 ms. Memory: 288768K Free: 150202K (52%)
----------------- Invoking toplevel() on ptolemy.moml.MoMLSimpleApplication@21160cca
----------------- Done invoking toplevel() on ptolemy.moml.MoMLSimpleApplication@21160cca
reloadAllAccessors: .MathFunction

===========================================================================================
----------------- testing Sat Aug 29 15:39:54 UTC 2020 /home/travis/build/icyphy/ptII/ptolemy/actor/lib/test/auto/MathFunction2.xml
----------------- Instantiating /home/travis/build/icyphy/ptII/ptolemy/actor/lib/test/auto/MathFunction2.xml
4 ms. Memory: 288768K Free: 146106K (51%)
----------------- Invoking toplevel() on ptolemy.moml.MoMLSimpleApplication@dedbef5
----------------- Done invoking toplevel() on ptolemy.moml.MoMLSimpleApplication@dedbef5
reloadAllAccessors: .MathFunction2

===========================================================================================
----------------- testing Sat Aug 29 15:39:54 UTC 2020 /home/travis/build/icyphy/ptII/ptolemy/actor/lib/test/auto/MathFunction3.xml
----------------- Instantiating /home/travis/build/icyphy/ptII/ptolemy/actor/lib/test/auto/MathFunction3.xml
7 ms. Memory: 288768K Free: 138938K (48%)
----------------- Invoking toplevel() on ptolemy.moml.MoMLSimpleApplication@353f9242
----------------- Done invoking toplevel() on ptolemy.moml.MoMLSimpleApplication@353f9242
reloadAllAccessors: .MathFunction3

===========================================================================================
----------------- testing Sat Aug 29 15:39:54 UTC 2020 /home/travis/build/icyphy/ptII/ptolemy/actor/lib/test/auto/MatrixCropBoolean.xml
----------------- Instantiating /home/travis/build/icyphy/ptII/ptolemy/actor/lib/test/auto/MatrixCropBoolean.xml
2 ms. Memory: 288768K Free: 134842K (47%)
----------------- Invoking toplevel() on ptolemy.moml.MoMLSimpleApplication@5aec33b3
----------------- Done invoking toplevel() on ptolemy.moml.MoMLSimpleApplication@5aec33b3
reloadAllAccessors: .MatrixCropBoolean

===========================================================================================
----------------- testing Sat Aug 29 15:39:54 UTC 2020 /home/travis/build/icyphy/ptII/ptolemy/actor/lib/test/auto/MatrixCropComplex.xml
----------------- Instantiating /home/travis/build/icyphy/ptII/ptolemy/actor/lib/test/auto/MatrixCropComplex.xml
1 ms. Memory: 288768K Free: 129692K (45%)
----------------- Invoking toplevel() on ptolemy.moml.MoMLSimpleApplication@7262dc00
----------------- Done invoking toplevel() on ptolemy.moml.MoMLSimpleApplication@7262dc00
reloadAllAccessors: .MatrixCropComplex

===========================================================================================
----------------- testing Sat Aug 29 15:39:54 UTC 2020 /home/travis/build/icyphy/ptII/ptolemy/actor/lib/test/auto/MatrixCropDouble.xml
----------------- Instantiating /home/travis/build/icyphy/ptII/ptolemy/actor/lib/test/auto/MatrixCropDouble.xml
1 ms. Memory: 288768K Free: 124572K (43%)
----------------- Invoking toplevel() on ptolemy.moml.MoMLSimpleApplication@515c65cc
----------------- Done invoking toplevel() on ptolemy.moml.MoMLSimpleApplication@515c65cc
reloadAllAccessors: .MatrixCropDouble

===========================================================================================
----------------- testing Sat Aug 29 15:39:54 UTC 2020 /home/travis/build/icyphy/ptII/ptolemy/actor/lib/test/auto/MatrixCropFix.xml
----------------- Instantiating /home/travis/build/icyphy/ptII/ptolemy/actor/lib/test/auto/MatrixCropFix.xml
1 ms. Memory: 288768K Free: 119468K (41%)
----------------- Invoking toplevel() on ptolemy.moml.MoMLSimpleApplication@54f2b46
----------------- Done invoking toplevel() on ptolemy.moml.MoMLSimpleApplication@54f2b46
reloadAllAccessors: .MatrixCropFix

===========================================================================================
----------------- testing Sat Aug 29 15:39:54 UTC 2020 /home/travis/build/icyphy/ptII/ptolemy/actor/lib/test/auto/MatrixCropInt.xml
----------------- Instantiating /home/travis/build/icyphy/ptII/ptolemy/actor/lib/test/auto/MatrixCropInt.xml
1 ms. Memory: 288768K Free: 114332K (40%)
----------------- Invoking toplevel() on ptolemy.moml.MoMLSimpleApplication@622ad8ff
----------------- Done invoking toplevel() on ptolemy.moml.MoMLSimpleApplication@622ad8ff
reloadAllAccessors: .MatrixCropInt

===========================================================================================
----------------- testing Sat Aug 29 15:39:54 UTC 2020 /home/travis/build/icyphy/ptII/ptolemy/actor/lib/test/auto/MatrixCropLong.xml
----------------- Instantiating /home/travis/build/icyphy/ptII/ptolemy/actor/lib/test/auto/MatrixCropLong.xml
2 ms. Memory: 288768K Free: 109212K (38%)
----------------- Invoking toplevel() on ptolemy.moml.MoMLSimpleApplication@3c81d2e5
----------------- Done invoking toplevel() on ptolemy.moml.MoMLSimpleApplication@3c81d2e5
reloadAllAccessors: .MatrixCropLong

===========================================================================================
----------------- testing Sat Aug 29 15:39:54 UTC 2020 /home/travis/build/icyphy/ptII/ptolemy/actor/lib/test/auto/MatrixToArray.xml
----------------- Instantiating /home/travis/build/icyphy/ptII/ptolemy/actor/lib/test/auto/MatrixToArray.xml
14 ms. Memory: 288768K Free: 94396K (33%)
----------------- Invoking toplevel() on ptolemy.moml.MoMLSimpleApplication@7db90d14
----------------- Done invoking toplevel() on ptolemy.moml.MoMLSimpleApplication@7db90d14
reloadAllAccessors: .MatrixToArray

===========================================================================================
----------------- testing Sat Aug 29 15:39:54 UTC 2020 /home/travis/build/icyphy/ptII/ptolemy/actor/lib/test/auto/MaxIndex.xml
----------------- Instantiating /home/travis/build/icyphy/ptII/ptolemy/actor/lib/test/auto/MaxIndex.xml
2 ms. Memory: 288768K Free: 89276K (31%)
----------------- Invoking toplevel() on ptolemy.moml.MoMLSimpleApplication@1ca99c9a
----------------- Done invoking toplevel() on ptolemy.moml.MoMLSimpleApplication@1ca99c9a
reloadAllAccessors: .MaxIndex

===========================================================================================
----------------- testing Sat Aug 29 15:39:54 UTC 2020 /home/travis/build/icyphy/ptII/ptolemy/actor/lib/test/auto/Maximum.xml
----------------- Instantiating /home/travis/build/icyphy/ptII/ptolemy/actor/lib/test/auto/Maximum.xml
3 ms. Memory: 288768K Free: 82588K (29%)
----------------- Invoking toplevel() on ptolemy.moml.MoMLSimpleApplication@24dd8641
----------------- Done invoking toplevel() on ptolemy.moml.MoMLSimpleApplication@24dd8641
reloadAllAccessors: .Maximum

===========================================================================================
----------------- testing Sat Aug 29 15:39:54 UTC 2020 /home/travis/build/icyphy/ptII/ptolemy/actor/lib/test/auto/MaximumComplex.xml
----------------- Instantiating /home/travis/build/icyphy/ptII/ptolemy/actor/lib/test/auto/MaximumComplex.xml
3 ms. Memory: 288768K Free: 76460K (26%)
----------------- Invoking toplevel() on ptolemy.moml.MoMLSimpleApplication@74264bc4
----------------- Done invoking toplevel() on ptolemy.moml.MoMLSimpleApplication@74264bc4
reloadAllAccessors: .MaximumComplex

===========================================================================================
----------------- testing Sat Aug 29 15:39:54 UTC 2020 /home/travis/build/icyphy/ptII/ptolemy/actor/lib/test/auto/MethodCallTest.xml
----------------- Instantiating /home/travis/build/icyphy/ptII/ptolemy/actor/lib/test/auto/MethodCallTest.xml
11 ms. Memory: 288768K Free: 239014K (83%)
----------------- Invoking toplevel() on ptolemy.moml.MoMLSimpleApplication@46247f2e
----------------- Done invoking toplevel() on ptolemy.moml.MoMLSimpleApplication@46247f2e
reloadAllAccessors: .MethodCallTest

===========================================================================================
----------------- testing Sat Aug 29 15:39:54 UTC 2020 /home/travis/build/icyphy/ptII/ptolemy/actor/lib/test/auto/Minimum.xml
----------------- Instantiating /home/travis/build/icyphy/ptII/ptolemy/actor/lib/test/auto/Minimum.xml
3 ms. Memory: 288768K Free: 231846K (80%)
----------------- Invoking toplevel() on ptolemy.moml.MoMLSimpleApplication@160fdf
----------------- Done invoking toplevel() on ptolemy.moml.MoMLSimpleApplication@160fdf
reloadAllAccessors: .Minimum

===========================================================================================
----------------- testing Sat Aug 29 15:39:54 UTC 2020 /home/travis/build/icyphy/ptII/ptolemy/actor/lib/test/auto/MinimumComplex.xml
----------------- Instantiating /home/travis/build/icyphy/ptII/ptolemy/actor/lib/test/auto/MinimumComplex.xml
4 ms. Memory: 288768K Free: 225702K (78%)
----------------- Invoking toplevel() on ptolemy.moml.MoMLSimpleApplication@7101ef13
----------------- Done invoking toplevel() on ptolemy.moml.MoMLSimpleApplication@7101ef13
reloadAllAccessors: .MinimumComplex

===========================================================================================
----------------- testing Sat Aug 29 15:39:54 UTC 2020 /home/travis/build/icyphy/ptII/ptolemy/actor/lib/test/auto/MinimumMultiports.xml
----------------- Instantiating /home/travis/build/icyphy/ptII/ptolemy/actor/lib/test/auto/MinimumMultiports.xml
3 ms. Memory: 288768K Free: 216982K (75%)
----------------- Invoking toplevel() on ptolemy.moml.MoMLSimpleApplication@4332ac41
----------------- Done invoking toplevel() on ptolemy.moml.MoMLSimpleApplication@4332ac41
reloadAllAccessors: .MinimumMultiports

===========================================================================================
----------------- testing Sat Aug 29 15:39:54 UTC 2020 /home/travis/build/icyphy/ptII/ptolemy/actor/lib/test/auto/ModifyDate.xml
----------------- Instantiating /home/travis/build/icyphy/ptII/ptolemy/actor/lib/test/auto/ModifyDate.xml
9 ms. Memory: 288768K Free: 204198K (71%)
----------------- Invoking toplevel() on ptolemy.moml.MoMLSimpleApplication@6d20d227
----------------- Done invoking toplevel() on ptolemy.moml.MoMLSimpleApplication@6d20d227
reloadAllAccessors: .ModifyDate

===========================================================================================
----------------- testing Sat Aug 29 15:39:54 UTC 2020 /home/travis/build/icyphy/ptII/ptolemy/actor/lib/test/auto/ModifyDate2.xml
----------------- Instantiating /home/travis/build/icyphy/ptII/ptolemy/actor/lib/test/auto/ModifyDate2.xml
3 ms. Memory: 288768K Free: 195492K (68%)
----------------- Invoking toplevel() on ptolemy.moml.MoMLSimpleApplication@19f9baad
----------------- Done invoking toplevel() on ptolemy.moml.MoMLSimpleApplication@19f9baad
reloadAllAccessors: .ModifyDate2

===========================================================================================
----------------- testing Sat Aug 29 15:39:54 UTC 2020 /home/travis/build/icyphy/ptII/ptolemy/actor/lib/test/auto/MovingAverage.xml
----------------- Instantiating /home/travis/build/icyphy/ptII/ptolemy/actor/lib/test/auto/MovingAverage.xml
2 ms. Memory: 288768K Free: 190372K (66%)
----------------- Invoking toplevel() on ptolemy.moml.MoMLSimpleApplication@811f2d4
----------------- Done invoking toplevel() on ptolemy.moml.MoMLSimpleApplication@811f2d4
reloadAllAccessors: .MovingAverage

===========================================================================================
----------------- testing Sat Aug 29 15:39:54 UTC 2020 /home/travis/build/icyphy/ptII/ptolemy/actor/lib/test/auto/MovingMaximum.xml
----------------- Instantiating /home/travis/build/icyphy/ptII/ptolemy/actor/lib/test/auto/MovingMaximum.xml
2 ms. Memory: 288768K Free: 185766K (64%)
----------------- Invoking toplevel() on ptolemy.moml.MoMLSimpleApplication@2c54f
----------------- Done invoking toplevel() on ptolemy.moml.MoMLSimpleApplication@2c54f
reloadAllAccessors: .MovingMaximum

===========================================================================================
----------------- testing Sat Aug 29 15:39:54 UTC 2020 /home/travis/build/icyphy/ptII/ptolemy/actor/lib/test/auto/MultipleLinksToSameRelation.xml
----------------- Instantiating /home/travis/build/icyphy/ptII/ptolemy/actor/lib/test/auto/MultipleLinksToSameRelation.xml
4 ms. Memory: 288768K Free: 181670K (63%)
----------------- Invoking toplevel() on ptolemy.moml.MoMLSimpleApplication@68759c8f
----------------- Done invoking toplevel() on ptolemy.moml.MoMLSimpleApplication@68759c8f
reloadAllAccessors: .MultipleLinksToSameRelation

===========================================================================================
----------------- testing Sat Aug 29 15:39:54 UTC 2020 /home/travis/build/icyphy/ptII/ptolemy/actor/lib/test/auto/MultipleLinksToSameRelationDE.xml
----------------- Instantiating /home/travis/build/icyphy/ptII/ptolemy/actor/lib/test/auto/MultipleLinksToSameRelationDE.xml
2 ms. Memory: 288768K Free: 177574K (61%)
----------------- Invoking toplevel() on ptolemy.moml.MoMLSimpleApplication@2e5660fe
----------------- Done invoking toplevel() on ptolemy.moml.MoMLSimpleApplication@2e5660fe
reloadAllAccessors: .MultipleLinksToSameRelationDE

===========================================================================================
----------------- testing Sat Aug 29 15:39:54 UTC 2020 /home/travis/build/icyphy/ptII/ptolemy/actor/lib/test/auto/Multiplexor.xml
----------------- Instantiating /home/travis/build/icyphy/ptII/ptolemy/actor/lib/test/auto/Multiplexor.xml
2 ms. Memory: 288768K Free: 171940K (60%)
----------------- Invoking toplevel() on ptolemy.moml.MoMLSimpleApplication@5eabeb8f
----------------- Done invoking toplevel() on ptolemy.moml.MoMLSimpleApplication@5eabeb8f
reloadAllAccessors: .Multiplexor

===========================================================================================
----------------- testing Sat Aug 29 15:39:54 UTC 2020 /home/travis/build/icyphy/ptII/ptolemy/actor/lib/test/auto/Multiplexor1.xml
----------------- Instantiating /home/travis/build/icyphy/ptII/ptolemy/actor/lib/test/auto/Multiplexor1.xml
1 ms. Memory: 288768K Free: 166310K (58%)
----------------- Invoking toplevel() on ptolemy.moml.MoMLSimpleApplication@6b056e9e
----------------- Done invoking toplevel() on ptolemy.moml.MoMLSimpleApplication@6b056e9e
reloadAllAccessors: .Multiplexor1

===========================================================================================
----------------- testing Sat Aug 29 15:39:54 UTC 2020 /home/travis/build/icyphy/ptII/ptolemy/actor/lib/test/auto/Multiplexor2.xml
----------------- Instantiating /home/travis/build/icyphy/ptII/ptolemy/actor/lib/test/auto/Multiplexor2.xml
5 ms. Memory: 288768K Free: 159652K (55%)
----------------- Invoking toplevel() on ptolemy.moml.MoMLSimpleApplication@dd588a1
----------------- Done invoking toplevel() on ptolemy.moml.MoMLSimpleApplication@dd588a1
reloadAllAccessors: .Multiplexor2

===========================================================================================
----------------- testing Sat Aug 29 15:39:54 UTC 2020 /home/travis/build/icyphy/ptII/ptolemy/actor/lib/test/auto/Multiplexor3.xml
----------------- Instantiating /home/travis/build/icyphy/ptII/ptolemy/actor/lib/test/auto/Multiplexor3.xml
2 ms. Memory: 288768K Free: 155556K (54%)
----------------- Invoking toplevel() on ptolemy.moml.MoMLSimpleApplication@5d46facf
----------------- Done invoking toplevel() on ptolemy.moml.MoMLSimpleApplication@5d46facf
reloadAllAccessors: .Multiplexor3

===========================================================================================
----------------- testing Sat Aug 29 15:39:54 UTC 2020 /home/travis/build/icyphy/ptII/ptolemy/actor/lib/test/auto/MultiplexorDE.xml
----------------- Instantiating /home/travis/build/icyphy/ptII/ptolemy/actor/lib/test/auto/MultiplexorDE.xml
3 ms. Memory: 288768K Free: 147878K (51%)
----------------- Invoking toplevel() on ptolemy.moml.MoMLSimpleApplication@6dfd048d
----------------- Done invoking toplevel() on ptolemy.moml.MoMLSimpleApplication@6dfd048d
reloadAllAccessors: .MultiplexorDE

===========================================================================================
----------------- testing Sat Aug 29 15:39:54 UTC 2020 /home/travis/build/icyphy/ptII/ptolemy/actor/lib/test/auto/MultiportBroadcastTest.xml
----------------- Instantiating /home/travis/build/icyphy/ptII/ptolemy/actor/lib/test/auto/MultiportBroadcastTest.xml
99 ms. Memory: 288768K Free: 141214K (49%)
----------------- Invoking toplevel() on ptolemy.moml.MoMLSimpleApplication@26233567
----------------- Done invoking toplevel() on ptolemy.moml.MoMLSimpleApplication@26233567
reloadAllAccessors: .MultiportBroadcastTest

===========================================================================================
----------------- testing Sat Aug 29 15:39:54 UTC 2020 /home/travis/build/icyphy/ptII/ptolemy/actor/lib/test/auto/MultiportOutHangDuringGetWidth.xml
----------------- Instantiating /home/travis/build/icyphy/ptII/ptolemy/actor/lib/test/auto/MultiportOutHangDuringGetWidth.xml
9 ms. Memory: 288768K Free: 129446K (45%)
----------------- Invoking toplevel() on ptolemy.moml.MoMLSimpleApplication@73d7045f
----------------- Done invoking toplevel() on ptolemy.moml.MoMLSimpleApplication@73d7045f
reloadAllAccessors: .MultiportOutHangDuringGetWidth

===========================================================================================
----------------- testing Sat Aug 29 15:39:54 UTC 2020 /home/travis/build/icyphy/ptII/ptolemy/actor/lib/test/auto/NilToken.xml
----------------- Instantiating /home/travis/build/icyphy/ptII/ptolemy/actor/lib/test/auto/NilToken.xml
2 ms. Memory: 288768K Free: 125350K (43%)
----------------- Invoking toplevel() on ptolemy.moml.MoMLSimpleApplication@1995f74e
----------------- Done invoking toplevel() on ptolemy.moml.MoMLSimpleApplication@1995f74e
reloadAllAccessors: .NilToken

===========================================================================================
----------------- testing Sat Aug 29 15:39:54 UTC 2020 /home/travis/build/icyphy/ptII/ptolemy/actor/lib/test/auto/NilTokenNonStrictTest.xml
----------------- Instantiating /home/travis/build/icyphy/ptII/ptolemy/actor/lib/test/auto/NilTokenNonStrictTest.xml
2 ms. Memory: 288768K Free: 120740K (42%)
----------------- Invoking toplevel() on ptolemy.moml.MoMLSimpleApplication@26cee625
----------------- Done invoking toplevel() on ptolemy.moml.MoMLSimpleApplication@26cee625
reloadAllAccessors: .NilTokenNonStrictTest

===========================================================================================
----------------- testing Sat Aug 29 15:39:54 UTC 2020 /home/travis/build/icyphy/ptII/ptolemy/actor/lib/test/auto/NilTokenRecord.xml
----------------- Instantiating /home/travis/build/icyphy/ptII/ptolemy/actor/lib/test/auto/NilTokenRecord.xml
9 ms. Memory: 288768K Free: 114086K (40%)
----------------- Invoking toplevel() on ptolemy.moml.MoMLSimpleApplication@348d7d35
----------------- Done invoking toplevel() on ptolemy.moml.MoMLSimpleApplication@348d7d35
reloadAllAccessors: .NilTokenRecord

===========================================================================================
----------------- testing Sat Aug 29 15:39:54 UTC 2020 /home/travis/build/icyphy/ptII/ptolemy/actor/lib/test/auto/NilTokenTypeTest.xml
----------------- Instantiating /home/travis/build/icyphy/ptII/ptolemy/actor/lib/test/auto/NilTokenTypeTest.xml
6 ms. Memory: 288768K Free: 104356K (36%)
----------------- Invoking toplevel() on ptolemy.moml.MoMLSimpleApplication@511a425e
----------------- Done invoking toplevel() on ptolemy.moml.MoMLSimpleApplication@511a425e
reloadAllAccessors: .NilTokenTypeTest

===========================================================================================
----------------- testing Sat Aug 29 15:39:54 UTC 2020 /home/travis/build/icyphy/ptII/ptolemy/actor/lib/test/auto/ObjectToken1.xml
----------------- Instantiating /home/travis/build/icyphy/ptII/ptolemy/actor/lib/test/auto/ObjectToken1.xml
3 ms. Memory: 288768K Free: 100260K (35%)
----------------- Invoking toplevel() on ptolemy.moml.MoMLSimpleApplication@6ebc5116
----------------- Done invoking toplevel() on ptolemy.moml.MoMLSimpleApplication@6ebc5116
reloadAllAccessors: .ObjectToken1

===========================================================================================
----------------- testing Sat Aug 29 15:39:54 UTC 2020 /home/travis/build/icyphy/ptII/ptolemy/actor/lib/test/auto/OrderedMerge.xml
----------------- Instantiating /home/travis/build/icyphy/ptII/ptolemy/actor/lib/test/auto/OrderedMerge.xml
10 ms. Memory: 288768K Free: 94630K (33%)
----------------- Invoking toplevel() on ptolemy.moml.MoMLSimpleApplication@a93591
----------------- Done invoking toplevel() on ptolemy.moml.MoMLSimpleApplication@a93591
reloadAllAccessors: .OrderedMerge

===========================================================================================
----------------- testing Sat Aug 29 15:39:54 UTC 2020 /home/travis/build/icyphy/ptII/ptolemy/actor/lib/test/auto/OrderedRecordDisassembler.xml
----------------- Instantiating /home/travis/build/icyphy/ptII/ptolemy/actor/lib/test/auto/OrderedRecordDisassembler.xml
2 ms. Memory: 288768K Free: 90014K (31%)
----------------- Invoking toplevel() on ptolemy.moml.MoMLSimpleApplication@5eca3bba
----------------- Done invoking toplevel() on ptolemy.moml.MoMLSimpleApplication@5eca3bba
reloadAllAccessors: .OrderedRecordDisassembler

===========================================================================================
----------------- testing Sat Aug 29 15:39:54 UTC 2020 /home/travis/build/icyphy/ptII/ptolemy/actor/lib/test/auto/OrderedRecordDisassembler2.xml
----------------- Instantiating /home/travis/build/icyphy/ptII/ptolemy/actor/lib/test/auto/OrderedRecordDisassembler2.xml
4 ms. Memory: 288768K Free: 82342K (29%)
----------------- Invoking toplevel() on ptolemy.moml.MoMLSimpleApplication@3d37521b
----------------- Done invoking toplevel() on ptolemy.moml.MoMLSimpleApplication@3d37521b
reloadAllAccessors: .OrderedRecordDisassembler2

===========================================================================================
----------------- testing Sat Aug 29 15:39:54 UTC 2020 /home/travis/build/icyphy/ptII/ptolemy/actor/lib/test/auto/OrderedRecordUpdater.xml
----------------- Instantiating /home/travis/build/icyphy/ptII/ptolemy/actor/lib/test/auto/OrderedRecordUpdater.xml
1 ms. Memory: 288768K Free: 77732K (27%)
----------------- Invoking toplevel() on ptolemy.moml.MoMLSimpleApplication@4867c727
----------------- Done invoking toplevel() on ptolemy.moml.MoMLSimpleApplication@4867c727
reloadAllAccessors: .RecordUpdater

===========================================================================================
----------------- testing Sat Aug 29 15:39:54 UTC 2020 /home/travis/build/icyphy/ptII/ptolemy/actor/lib/test/auto/OrderedRecordUpdater2.xml
----------------- Instantiating /home/travis/build/icyphy/ptII/ptolemy/actor/lib/test/auto/OrderedRecordUpdater2.xml
3 ms. Memory: 288768K Free: 72612K (25%)
----------------- Invoking toplevel() on ptolemy.moml.MoMLSimpleApplication@5f197e63
----------------- Done invoking toplevel() on ptolemy.moml.MoMLSimpleApplication@5f197e63
reloadAllAccessors: .RecordUpdater2

===========================================================================================
----------------- testing Sat Aug 29 15:39:54 UTC 2020 /home/travis/build/icyphy/ptII/ptolemy/actor/lib/test/auto/PhaseUnwrap.xml
----------------- Instantiating /home/travis/build/icyphy/ptII/ptolemy/actor/lib/test/auto/PhaseUnwrap.xml
2 ms. Memory: 288768K Free: 236970K (82%)
----------------- Invoking toplevel() on ptolemy.moml.MoMLSimpleApplication@3958aa5b
----------------- Done invoking toplevel() on ptolemy.moml.MoMLSimpleApplication@3958aa5b
reloadAllAccessors: .PhaseUnwrap

===========================================================================================
----------------- testing Sat Aug 29 15:39:54 UTC 2020 /home/travis/build/icyphy/ptII/ptolemy/actor/lib/test/auto/PoissonClock.xml
----------------- Instantiating /home/travis/build/icyphy/ptII/ptolemy/actor/lib/test/auto/PoissonClock.xml
1 ms. Memory: 288768K Free: 232874K (81%)
----------------- Invoking toplevel() on ptolemy.moml.MoMLSimpleApplication@7bbb81d1
----------------- Done invoking toplevel() on ptolemy.moml.MoMLSimpleApplication@7bbb81d1
reloadAllAccessors: .PoissonClock

===========================================================================================
----------------- testing Sat Aug 29 15:39:54 UTC 2020 /home/travis/build/icyphy/ptII/ptolemy/actor/lib/test/auto/PoissonClock2.xml
----------------- Instantiating /home/travis/build/icyphy/ptII/ptolemy/actor/lib/test/auto/PoissonClock2.xml
1 ms. Memory: 288768K Free: 228264K (79%)
----------------- Invoking toplevel() on ptolemy.moml.MoMLSimpleApplication@753e71be
----------------- Done invoking toplevel() on ptolemy.moml.MoMLSimpleApplication@753e71be
reloadAllAccessors: .PoissonClock2

===========================================================================================
----------------- testing Sat Aug 29 15:39:54 UTC 2020 /home/travis/build/icyphy/ptII/ptolemy/actor/lib/test/auto/PoissonClock3.xml
----------------- Instantiating /home/travis/build/icyphy/ptII/ptolemy/actor/lib/test/auto/PoissonClock3.xml
1 ms. Memory: 288768K Free: 223658K (77%)
----------------- Invoking toplevel() on ptolemy.moml.MoMLSimpleApplication@4e443f34
----------------- Done invoking toplevel() on ptolemy.moml.MoMLSimpleApplication@4e443f34
reloadAllAccessors: .PoissonClock3

===========================================================================================
----------------- testing Sat Aug 29 15:39:54 UTC 2020 /home/travis/build/icyphy/ptII/ptolemy/actor/lib/test/auto/PubSubWithInitialTokens.xml
----------------- Instantiating /home/travis/build/icyphy/ptII/ptolemy/actor/lib/test/auto/PubSubWithInitialTokens.xml
2 ms. Memory: 288768K Free: 218018K (75%)
----------------- Invoking toplevel() on ptolemy.moml.MoMLSimpleApplication@64620299
----------------- Done invoking toplevel() on ptolemy.moml.MoMLSimpleApplication@64620299
reloadAllAccessors: .PubSubWithInitialTokens

===========================================================================================
----------------- testing Sat Aug 29 15:39:54 UTC 2020 /home/travis/build/icyphy/ptII/ptolemy/actor/lib/test/auto/PubSubWithInitialTokens2.xml
----------------- Instantiating /home/travis/build/icyphy/ptII/ptolemy/actor/lib/test/auto/PubSubWithInitialTokens2.xml
4 ms. Memory: 288768K Free: 211866K (73%)
----------------- Invoking toplevel() on ptolemy.moml.MoMLSimpleApplication@1dba63c8
----------------- Done invoking toplevel() on ptolemy.moml.MoMLSimpleApplication@1dba63c8
reloadAllAccessors: .PubSubWithInitialTokens2

===========================================================================================
----------------- testing Sat Aug 29 15:39:55 UTC 2020 /home/travis/build/icyphy/ptII/ptolemy/actor/lib/test/auto/PublisherClassNoParameter.xml
----------------- Instantiating /home/travis/build/icyphy/ptII/ptolemy/actor/lib/test/auto/PublisherClassNoParameter.xml
1 ms. Memory: 288768K Free: 201640K (70%)
----------------- Invoking toplevel() on ptolemy.moml.MoMLSimpleApplication@3af3d12e
----------------- Done invoking toplevel() on ptolemy.moml.MoMLSimpleApplication@3af3d12e
reloadAllAccessors: .PublisherClassNoParameter

===========================================================================================
----------------- testing Sat Aug 29 15:39:55 UTC 2020 /home/travis/build/icyphy/ptII/ptolemy/actor/lib/test/auto/PublisherClassParameter.xml
----------------- Instantiating /home/travis/build/icyphy/ptII/ptolemy/actor/lib/test/auto/PublisherClassParameter.xml
2 ms. Memory: 288768K Free: 191386K (66%)
----------------- Invoking toplevel() on ptolemy.moml.MoMLSimpleApplication@1f9300da
----------------- Done invoking toplevel() on ptolemy.moml.MoMLSimpleApplication@1f9300da
reloadAllAccessors: .PublisherClassParameter

===========================================================================================
----------------- testing Sat Aug 29 15:39:55 UTC 2020 /home/travis/build/icyphy/ptII/ptolemy/actor/lib/test/auto/PublisherNonStrictTest.xml
----------------- Instantiating /home/travis/build/icyphy/ptII/ptolemy/actor/lib/test/auto/PublisherNonStrictTest.xml
3 ms. Memory: 288768K Free: 183722K (64%)
----------------- Invoking toplevel() on ptolemy.moml.MoMLSimpleApplication@7adf3d0f
----------------- Done invoking toplevel() on ptolemy.moml.MoMLSimpleApplication@7adf3d0f
reloadAllAccessors: .PublisherNonStrictTest

===========================================================================================
----------------- testing Sat Aug 29 15:39:55 UTC 2020 /home/travis/build/icyphy/ptII/ptolemy/actor/lib/test/auto/PublisherPort1.xml
----------------- Instantiating /home/travis/build/icyphy/ptII/ptolemy/actor/lib/test/auto/PublisherPort1.xml
2 ms. Memory: 288768K Free: 178082K (62%)
----------------- Invoking toplevel() on ptolemy.moml.MoMLSimpleApplication@6db5cb78
----------------- Done invoking toplevel() on ptolemy.moml.MoMLSimpleApplication@6db5cb78
reloadAllAccessors: .PublisherPort1

===========================================================================================
----------------- testing Sat Aug 29 15:39:55 UTC 2020 /home/travis/build/icyphy/ptII/ptolemy/actor/lib/test/auto/PublisherPort2.xml
----------------- Instantiating /home/travis/build/icyphy/ptII/ptolemy/actor/lib/test/auto/PublisherPort2.xml
2 ms. Memory: 288768K Free: 172968K (60%)
----------------- Invoking toplevel() on ptolemy.moml.MoMLSimpleApplication@599356a9
----------------- Done invoking toplevel() on ptolemy.moml.MoMLSimpleApplication@599356a9
reloadAllAccessors: .PublisherPort2

===========================================================================================
----------------- testing Sat Aug 29 15:39:55 UTC 2020 /home/travis/build/icyphy/ptII/ptolemy/actor/lib/test/auto/PublisherPort3.xml
----------------- Instantiating /home/travis/build/icyphy/ptII/ptolemy/actor/lib/test/auto/PublisherPort3.xml
11 ms. Memory: 288768K Free: 166794K (58%)
----------------- Invoking toplevel() on ptolemy.moml.MoMLSimpleApplication@6964c44f
----------------- Done invoking toplevel() on ptolemy.moml.MoMLSimpleApplication@6964c44f
reloadAllAccessors: .PublisherPort3

===========================================================================================
----------------- testing Sat Aug 29 15:39:55 UTC 2020 /home/travis/build/icyphy/ptII/ptolemy/actor/lib/test/auto/PublisherPort4.xml
----------------- Instantiating /home/travis/build/icyphy/ptII/ptolemy/actor/lib/test/auto/PublisherPort4.xml
2 ms. Memory: 288768K Free: 161194K (56%)
----------------- Invoking toplevel() on ptolemy.moml.MoMLSimpleApplication@6a8951fd
----------------- Done invoking toplevel() on ptolemy.moml.MoMLSimpleApplication@6a8951fd
reloadAllAccessors: .PublisherPort4

===========================================================================================
----------------- testing Sat Aug 29 15:39:55 UTC 2020 /home/travis/build/icyphy/ptII/ptolemy/actor/lib/test/auto/PublisherPort5.xml
----------------- Instantiating /home/travis/build/icyphy/ptII/ptolemy/actor/lib/test/auto/PublisherPort5.xml
3 ms. Memory: 288768K Free: 153512K (53%)
----------------- Invoking toplevel() on ptolemy.moml.MoMLSimpleApplication@5334fe69
----------------- Done invoking toplevel() on ptolemy.moml.MoMLSimpleApplication@5334fe69
reloadAllAccessors: .PublisherPort5

===========================================================================================
----------------- testing Sat Aug 29 15:39:55 UTC 2020 /home/travis/build/icyphy/ptII/ptolemy/actor/lib/test/auto/PublisherPort5LookAlike.xml
----------------- Instantiating /home/travis/build/icyphy/ptII/ptolemy/actor/lib/test/auto/PublisherPort5LookAlike.xml
7 ms. Memory: 288768K Free: 145834K (51%)
----------------- Invoking toplevel() on ptolemy.moml.MoMLSimpleApplication@607b3959
----------------- Done invoking toplevel() on ptolemy.moml.MoMLSimpleApplication@607b3959
reloadAllAccessors: .PublisherPort5LookAlike

===========================================================================================
----------------- testing Sat Aug 29 15:39:55 UTC 2020 /home/travis/build/icyphy/ptII/ptolemy/actor/lib/test/auto/PublisherPort6.xml
----------------- Instantiating /home/travis/build/icyphy/ptII/ptolemy/actor/lib/test/auto/PublisherPort6.xml
2 ms. Memory: 288768K Free: 139176K (48%)
----------------- Invoking toplevel() on ptolemy.moml.MoMLSimpleApplication@14ccf700
----------------- Done invoking toplevel() on ptolemy.moml.MoMLSimpleApplication@14ccf700
reloadAllAccessors: .PublisherPort6

===========================================================================================
----------------- testing Sat Aug 29 15:39:55 UTC 2020 /home/travis/build/icyphy/ptII/ptolemy/actor/lib/test/auto/PublisherPort7.xml
----------------- Instantiating /home/travis/build/icyphy/ptII/ptolemy/actor/lib/test/auto/PublisherPort7.xml
4 ms. Memory: 288768K Free: 131498K (46%)
----------------- Invoking toplevel() on ptolemy.moml.MoMLSimpleApplication@6ff11e6e
----------------- Done invoking toplevel() on ptolemy.moml.MoMLSimpleApplication@6ff11e6e
reloadAllAccessors: .PublisherPort7

===========================================================================================
----------------- testing Sat Aug 29 15:39:55 UTC 2020 /home/travis/build/icyphy/ptII/ptolemy/actor/lib/test/auto/PublisherPort8.xml
----------------- Instantiating /home/travis/build/icyphy/ptII/ptolemy/actor/lib/test/auto/PublisherPort8.xml
5 ms. Memory: 288768K Free: 122792K (43%)
----------------- Invoking toplevel() on ptolemy.moml.MoMLSimpleApplication@6562cea0
----------------- Done invoking toplevel() on ptolemy.moml.MoMLSimpleApplication@6562cea0
reloadAllAccessors: .PublisherPort8

===========================================================================================
----------------- testing Sat Aug 29 15:39:55 UTC 2020 /home/travis/build/icyphy/ptII/ptolemy/actor/lib/test/auto/PublisherPortSubscriberChannelVariablesAOC2.xml
----------------- Instantiating /home/travis/build/icyphy/ptII/ptolemy/actor/lib/test/auto/PublisherPortSubscriberChannelVariablesAOC2.xml
7 ms. Memory: 288768K Free: 105384K (36%)
----------------- Invoking toplevel() on ptolemy.moml.MoMLSimpleApplication@142042af
----------------- Done invoking toplevel() on ptolemy.moml.MoMLSimpleApplication@142042af
reloadAllAccessors: .PublisherPortSubscriberChannelVariablesAOC2

===========================================================================================
----------------- testing Sat Aug 29 15:39:55 UTC 2020 /home/travis/build/icyphy/ptII/ptolemy/actor/lib/test/auto/PublisherPortSubscriberOpaqueWidthInference.xml
----------------- Instantiating /home/travis/build/icyphy/ptII/ptolemy/actor/lib/test/auto/PublisherPortSubscriberOpaqueWidthInference.xml
4 ms. Memory: 288768K Free: 97178K (34%)
----------------- Invoking toplevel() on ptolemy.moml.MoMLSimpleApplication@76f7a585
----------------- Done invoking toplevel() on ptolemy.moml.MoMLSimpleApplication@76f7a585
reloadAllAccessors: .PublisherPortSubscriberOpaqueWidthInference

===========================================================================================
----------------- testing Sat Aug 29 15:39:55 UTC 2020 /home/travis/build/icyphy/ptII/ptolemy/actor/lib/test/auto/PublisherPortSubscriberPortAdjacent.xml
----------------- Instantiating /home/travis/build/icyphy/ptII/ptolemy/actor/lib/test/auto/PublisherPortSubscriberPortAdjacent.xml
2 ms. Memory: 288768K Free: 89000K (31%)
----------------- Invoking toplevel() on ptolemy.moml.MoMLSimpleApplication@3c2da747
----------------- Done invoking toplevel() on ptolemy.moml.MoMLSimpleApplication@3c2da747
reloadAllAccessors: .PublisherPortSubscriberPortAdjacent

===========================================================================================
----------------- testing Sat Aug 29 15:39:55 UTC 2020 /home/travis/build/icyphy/ptII/ptolemy/actor/lib/test/auto/PublisherPortSubscriberPortExpression.xml
----------------- Instantiating /home/travis/build/icyphy/ptII/ptolemy/actor/lib/test/auto/PublisherPortSubscriberPortExpression.xml
3 ms. Memory: 288768K Free: 81322K (28%)
----------------- Invoking toplevel() on ptolemy.moml.MoMLSimpleApplication@6919a71e
----------------- Done invoking toplevel() on ptolemy.moml.MoMLSimpleApplication@6919a71e
reloadAllAccessors: .PublisherPortSubscriberPortExpression

===========================================================================================
----------------- testing Sat Aug 29 15:39:55 UTC 2020 /home/travis/build/icyphy/ptII/ptolemy/actor/lib/test/auto/PublisherPortSubscriberPortOpaqueD3Reverse.xml
----------------- Instantiating /home/travis/build/icyphy/ptII/ptolemy/actor/lib/test/auto/PublisherPortSubscriberPortOpaqueD3Reverse.xml
6 ms. Memory: 288768K Free: 71082K (25%)
----------------- Invoking toplevel() on ptolemy.moml.MoMLSimpleApplication@60bed1af
----------------- Done invoking toplevel() on ptolemy.moml.MoMLSimpleApplication@60bed1af
reloadAllAccessors: .PublisherPortSubscriberPortOpaqueD3Reverse

===========================================================================================
----------------- testing Sat Aug 29 15:39:55 UTC 2020 /home/travis/build/icyphy/ptII/ptolemy/actor/lib/test/auto/PublisherPortSubscriberPortOpaqueWidthInference.xml
----------------- Instantiating /home/travis/build/icyphy/ptII/ptolemy/actor/lib/test/auto/PublisherPortSubscriberPortOpaqueWidthInference.xml
3 ms. Memory: 288768K Free: 232067K (80%)
----------------- Invoking toplevel() on ptolemy.moml.MoMLSimpleApplication@3d5b2882
----------------- Done invoking toplevel() on ptolemy.moml.MoMLSimpleApplication@3d5b2882
reloadAllAccessors: .PublisherPortSubscriberPortOpaqueWidthInference

===========================================================================================
----------------- testing Sat Aug 29 15:39:55 UTC 2020 /home/travis/build/icyphy/ptII/ptolemy/actor/lib/test/auto/PublisherPortToplevelSubscriberPortAOC.xml
----------------- Instantiating /home/travis/build/icyphy/ptII/ptolemy/actor/lib/test/auto/PublisherPortToplevelSubscriberPortAOC.xml
.PublisherPortToplevelSubscriberPortAOC.TestExceptionAttribute: initialize() was not invoked, but wrapup() was.  This is unusual, but not always a problem.  For example, exporting JNLP will do this.
1 ms. Memory: 288768K Free: 226451K (78%)
----------------- Invoking toplevel() on ptolemy.moml.MoMLSimpleApplication@749bc7af
----------------- Done invoking toplevel() on ptolemy.moml.MoMLSimpleApplication@749bc7af
reloadAllAccessors: .PublisherPortToplevelSubscriberPortAOC

===========================================================================================
----------------- testing Sat Aug 29 15:39:55 UTC 2020 /home/travis/build/icyphy/ptII/ptolemy/actor/lib/test/auto/PublisherSubscriber.xml
----------------- Instantiating /home/travis/build/icyphy/ptII/ptolemy/actor/lib/test/auto/PublisherSubscriber.xml
3 ms. Memory: 288768K Free: 218739K (76%)
----------------- Invoking toplevel() on ptolemy.moml.MoMLSimpleApplication@3b32e54c
----------------- Done invoking toplevel() on ptolemy.moml.MoMLSimpleApplication@3b32e54c
reloadAllAccessors: .PublisherSubscriber

===========================================================================================
----------------- testing Sat Aug 29 15:39:55 UTC 2020 /home/travis/build/icyphy/ptII/ptolemy/actor/lib/test/auto/PublisherSubscriber10.xml
----------------- Instantiating /home/travis/build/icyphy/ptII/ptolemy/actor/lib/test/auto/PublisherSubscriber10.xml
6 ms. Memory: 288768K Free: 209043K (72%)
----------------- Invoking toplevel() on ptolemy.moml.MoMLSimpleApplication@61d6094e
----------------- Done invoking toplevel() on ptolemy.moml.MoMLSimpleApplication@61d6094e
reloadAllAccessors: .PublisherSubscriber10

===========================================================================================
----------------- testing Sat Aug 29 15:39:55 UTC 2020 /home/travis/build/icyphy/ptII/ptolemy/actor/lib/test/auto/PublisherSubscriber10InitialOutputs.xml
----------------- Instantiating /home/travis/build/icyphy/ptII/ptolemy/actor/lib/test/auto/PublisherSubscriber10InitialOutputs.xml
13 ms. Memory: 288768K Free: 199827K (69%)
----------------- Invoking toplevel() on ptolemy.moml.MoMLSimpleApplication@5724d5f7
----------------- Done invoking toplevel() on ptolemy.moml.MoMLSimpleApplication@5724d5f7
reloadAllAccessors: .PublisherSubscriber10InitialOutputs

===========================================================================================
----------------- testing Sat Aug 29 15:39:55 UTC 2020 /home/travis/build/icyphy/ptII/ptolemy/actor/lib/test/auto/PublisherSubscriber11.xml
----------------- Instantiating /home/travis/build/icyphy/ptII/ptolemy/actor/lib/test/auto/PublisherSubscriber11.xml
3 ms. Memory: 288768K Free: 193683K (67%)
----------------- Invoking toplevel() on ptolemy.moml.MoMLSimpleApplication@44dcd6dc
----------------- Done invoking toplevel() on ptolemy.moml.MoMLSimpleApplication@44dcd6dc
reloadAllAccessors: .PublisherSubscriber11

===========================================================================================
----------------- testing Sat Aug 29 15:39:55 UTC 2020 /home/travis/build/icyphy/ptII/ptolemy/actor/lib/test/auto/PublisherSubscriber12.xml
----------------- Instantiating /home/travis/build/icyphy/ptII/ptolemy/actor/lib/test/auto/PublisherSubscriber12.xml
5 ms. Memory: 288768K Free: 186515K (65%)
----------------- Invoking toplevel() on ptolemy.moml.MoMLSimpleApplication@6a474889
----------------- Done invoking toplevel() on ptolemy.moml.MoMLSimpleApplication@6a474889
reloadAllAccessors: .PublisherSubscriber12

===========================================================================================
----------------- testing Sat Aug 29 15:39:55 UTC 2020 /home/travis/build/icyphy/ptII/ptolemy/actor/lib/test/auto/PublisherSubscriber13.xml
----------------- Instantiating /home/travis/build/icyphy/ptII/ptolemy/actor/lib/test/auto/PublisherSubscriber13.xml
2 ms. Memory: 288768K Free: 180851K (63%)
----------------- Invoking toplevel() on ptolemy.moml.MoMLSimpleApplication@55658905
----------------- Done invoking toplevel() on ptolemy.moml.MoMLSimpleApplication@55658905
reloadAllAccessors: .PublisherSubscriber13

===========================================================================================
----------------- testing Sat Aug 29 15:39:55 UTC 2020 /home/travis/build/icyphy/ptII/ptolemy/actor/lib/test/auto/PublisherSubscriber14.xml
----------------- Instantiating /home/travis/build/icyphy/ptII/ptolemy/actor/lib/test/auto/PublisherSubscriber14.xml
2 ms. Memory: 288768K Free: 172179K (60%)
----------------- Invoking toplevel() on ptolemy.moml.MoMLSimpleApplication@4fb2e94f
----------------- Done invoking toplevel() on ptolemy.moml.MoMLSimpleApplication@4fb2e94f
reloadAllAccessors: .PublisherSubscriber14

===========================================================================================
----------------- testing Sat Aug 29 15:39:55 UTC 2020 /home/travis/build/icyphy/ptII/ptolemy/actor/lib/test/auto/PublisherSubscriber2.xml
----------------- Instantiating /home/travis/build/icyphy/ptII/ptolemy/actor/lib/test/auto/PublisherSubscriber2.xml
3 ms. Memory: 288768K Free: 166515K (58%)
----------------- Invoking toplevel() on ptolemy.moml.MoMLSimpleApplication@793fd097
----------------- Done invoking toplevel() on ptolemy.moml.MoMLSimpleApplication@793fd097
reloadAllAccessors: .PublisherSubscriber2

===========================================================================================
----------------- testing Sat Aug 29 15:39:55 UTC 2020 /home/travis/build/icyphy/ptII/ptolemy/actor/lib/test/auto/PublisherSubscriber3.xml
----------------- Instantiating /home/travis/build/icyphy/ptII/ptolemy/actor/lib/test/auto/PublisherSubscriber3.xml
1 ms. Memory: 288768K Free: 160915K (56%)
----------------- Invoking toplevel() on ptolemy.moml.MoMLSimpleApplication@603d1d7a
----------------- Done invoking toplevel() on ptolemy.moml.MoMLSimpleApplication@603d1d7a
reloadAllAccessors: .PublisherSubscriber3

===========================================================================================
----------------- testing Sat Aug 29 15:39:55 UTC 2020 /home/travis/build/icyphy/ptII/ptolemy/actor/lib/test/auto/PublisherSubscriber4.xml
----------------- Instantiating /home/travis/build/icyphy/ptII/ptolemy/actor/lib/test/auto/PublisherSubscriber4.xml
1 ms. Memory: 288768K Free: 155251K (54%)
----------------- Invoking toplevel() on ptolemy.moml.MoMLSimpleApplication@11bef290
----------------- Done invoking toplevel() on ptolemy.moml.MoMLSimpleApplication@11bef290
reloadAllAccessors: .PublisherSubscriber4

===========================================================================================
----------------- testing Sat Aug 29 15:39:55 UTC 2020 /home/travis/build/icyphy/ptII/ptolemy/actor/lib/test/auto/PublisherSubscriber5.xml
----------------- Instantiating /home/travis/build/icyphy/ptII/ptolemy/actor/lib/test/auto/PublisherSubscriber5.xml
2 ms. Memory: 288768K Free: 148627K (51%)
----------------- Invoking toplevel() on ptolemy.moml.MoMLSimpleApplication@4c0ccc86
----------------- Done invoking toplevel() on ptolemy.moml.MoMLSimpleApplication@4c0ccc86
reloadAllAccessors: .PublisherSubscriber5

===========================================================================================
----------------- testing Sat Aug 29 15:39:55 UTC 2020 /home/travis/build/icyphy/ptII/ptolemy/actor/lib/test/auto/PublisherSubscriber6.xml
----------------- Instantiating /home/travis/build/icyphy/ptII/ptolemy/actor/lib/test/auto/PublisherSubscriber6.xml
4 ms. Memory: 288768K Free: 141969K (49%)
----------------- Invoking toplevel() on ptolemy.moml.MoMLSimpleApplication@7b7ef9ec
----------------- Done invoking toplevel() on ptolemy.moml.MoMLSimpleApplication@7b7ef9ec
reloadAllAccessors: .PublisherSubscriber6

===========================================================================================
----------------- testing Sat Aug 29 15:39:55 UTC 2020 /home/travis/build/icyphy/ptII/ptolemy/actor/lib/test/auto/PublisherSubscriber7.xml
----------------- Instantiating /home/travis/build/icyphy/ptII/ptolemy/actor/lib/test/auto/PublisherSubscriber7.xml
7 ms. Memory: 288768K Free: 135315K (47%)
----------------- Invoking toplevel() on ptolemy.moml.MoMLSimpleApplication@410f12cb
----------------- Done invoking toplevel() on ptolemy.moml.MoMLSimpleApplication@410f12cb
reloadAllAccessors: .PublisherSubscriber7

===========================================================================================
----------------- testing Sat Aug 29 15:39:55 UTC 2020 /home/travis/build/icyphy/ptII/ptolemy/actor/lib/test/auto/PublisherSubscriber8.xml
----------------- Instantiating /home/travis/build/icyphy/ptII/ptolemy/actor/lib/test/auto/PublisherSubscriber8.xml
26 ms. Memory: 288768K Free: 123537K (43%)
----------------- Invoking toplevel() on ptolemy.moml.MoMLSimpleApplication@43d36983
----------------- Done invoking toplevel() on ptolemy.moml.MoMLSimpleApplication@43d36983
reloadAllAccessors: .PublisherSubscriber8

===========================================================================================
----------------- testing Sat Aug 29 15:39:55 UTC 2020 /home/travis/build/icyphy/ptII/ptolemy/actor/lib/test/auto/PublisherSubscriber9.xml
----------------- Instantiating /home/travis/build/icyphy/ptII/ptolemy/actor/lib/test/auto/PublisherSubscriber9.xml
2 ms. Memory: 288768K Free: 116883K (40%)
----------------- Invoking toplevel() on ptolemy.moml.MoMLSimpleApplication@2e4867bb
----------------- Done invoking toplevel() on ptolemy.moml.MoMLSimpleApplication@2e4867bb
reloadAllAccessors: .PublisherSubscriber9

===========================================================================================
----------------- testing Sat Aug 29 15:39:55 UTC 2020 /home/travis/build/icyphy/ptII/ptolemy/actor/lib/test/auto/PublisherSubscriberAdjacent.xml
----------------- Instantiating /home/travis/build/icyphy/ptII/ptolemy/actor/lib/test/auto/PublisherSubscriberAdjacent.xml
1 ms. Memory: 288768K Free: 108691K (38%)
----------------- Invoking toplevel() on ptolemy.moml.MoMLSimpleApplication@44ab52f1
----------------- Done invoking toplevel() on ptolemy.moml.MoMLSimpleApplication@44ab52f1
reloadAllAccessors: .PublisherSubscriberAdjacent

===========================================================================================
----------------- testing Sat Aug 29 15:39:55 UTC 2020 /home/travis/build/icyphy/ptII/ptolemy/actor/lib/test/auto/PublisherSubscriberChannelVariablesAOC2.xml
----------------- Instantiating /home/travis/build/icyphy/ptII/ptolemy/actor/lib/test/auto/PublisherSubscriberChannelVariablesAOC2.xml
3 ms. Memory: 288768K Free: 94355K (33%)
----------------- Invoking toplevel() on ptolemy.moml.MoMLSimpleApplication@761cd034
----------------- Done invoking toplevel() on ptolemy.moml.MoMLSimpleApplication@761cd034
reloadAllAccessors: .PublisherSubscriberChannelVariablesAOC2

===========================================================================================
----------------- testing Sat Aug 29 15:39:55 UTC 2020 /home/travis/build/icyphy/ptII/ptolemy/actor/lib/test/auto/PublisherSubscriberD3.xml
----------------- Instantiating /home/travis/build/icyphy/ptII/ptolemy/actor/lib/test/auto/PublisherSubscriberD3.xml
2 ms. Memory: 288768K Free: 87187K (30%)
----------------- Invoking toplevel() on ptolemy.moml.MoMLSimpleApplication@6adccaa3
----------------- Done invoking toplevel() on ptolemy.moml.MoMLSimpleApplication@6adccaa3
reloadAllAccessors: .PublisherSubscriberD3

===========================================================================================
----------------- testing Sat Aug 29 15:39:55 UTC 2020 /home/travis/build/icyphy/ptII/ptolemy/actor/lib/test/auto/PublisherSubscriberD3Reverse.xml
----------------- Instantiating /home/travis/build/icyphy/ptII/ptolemy/actor/lib/test/auto/PublisherSubscriberD3Reverse.xml
2 ms. Memory: 288768K Free: 81043K (28%)
----------------- Invoking toplevel() on ptolemy.moml.MoMLSimpleApplication@1e1dfa00
----------------- Done invoking toplevel() on ptolemy.moml.MoMLSimpleApplication@1e1dfa00
reloadAllAccessors: .PublisherSubscriberD3Reverse

===========================================================================================
----------------- testing Sat Aug 29 15:39:55 UTC 2020 /home/travis/build/icyphy/ptII/ptolemy/actor/lib/test/auto/PublisherSubscriberExpression.xml
----------------- Instantiating /home/travis/build/icyphy/ptII/ptolemy/actor/lib/test/auto/PublisherSubscriberExpression.xml
4 ms. Memory: 288768K Free: 72307K (25%)
----------------- Invoking toplevel() on ptolemy.moml.MoMLSimpleApplication@5da9e6e5
----------------- Done invoking toplevel() on ptolemy.moml.MoMLSimpleApplication@5da9e6e5
reloadAllAccessors: .PublisherSubscriberExpression

===========================================================================================
----------------- testing Sat Aug 29 15:39:55 UTC 2020 /home/travis/build/icyphy/ptII/ptolemy/actor/lib/test/auto/PublisherSubscriberOpaque.xml
----------------- Instantiating /home/travis/build/icyphy/ptII/ptolemy/actor/lib/test/auto/PublisherSubscriberOpaque.xml
4 ms. Memory: 288768K Free: 232570K (81%)
----------------- Invoking toplevel() on ptolemy.moml.MoMLSimpleApplication@4c711afc
----------------- Done invoking toplevel() on ptolemy.moml.MoMLSimpleApplication@4c711afc
reloadAllAccessors: .PublisherSubscriberOpaque

===========================================================================================
----------------- testing Sat Aug 29 15:39:55 UTC 2020 /home/travis/build/icyphy/ptII/ptolemy/actor/lib/test/auto/PublisherSubscriberOpaqueD3.xml
----------------- Instantiating /home/travis/build/icyphy/ptII/ptolemy/actor/lib/test/auto/PublisherSubscriberOpaqueD3.xml
6 ms. Memory: 288768K Free: 221306K (77%)
----------------- Invoking toplevel() on ptolemy.moml.MoMLSimpleApplication@b3bc5ec
----------------- Done invoking toplevel() on ptolemy.moml.MoMLSimpleApplication@b3bc5ec
reloadAllAccessors: .PublisherSubscriberOpaqueD3

===========================================================================================
----------------- testing Sat Aug 29 15:39:55 UTC 2020 /home/travis/build/icyphy/ptII/ptolemy/actor/lib/test/auto/PublisherSubscriberOpaqueD3Reverse.xml
----------------- Instantiating /home/travis/build/icyphy/ptII/ptolemy/actor/lib/test/auto/PublisherSubscriberOpaqueD3Reverse.xml
8 ms. Memory: 288768K Free: 210552K (73%)
----------------- Invoking toplevel() on ptolemy.moml.MoMLSimpleApplication@46dd9cb8
----------------- Done invoking toplevel() on ptolemy.moml.MoMLSimpleApplication@46dd9cb8
reloadAllAccessors: .PublisherSubscriberOpaqueD3Reverse

===========================================================================================
----------------- testing Sat Aug 29 15:39:55 UTC 2020 /home/travis/build/icyphy/ptII/ptolemy/actor/lib/test/auto/PublisherSubscriberOpaqueWidthInference.xml
----------------- Instantiating /home/travis/build/icyphy/ptII/ptolemy/actor/lib/test/auto/PublisherSubscriberOpaqueWidthInference.xml
4 ms. Memory: 288768K Free: 202346K (70%)
----------------- Invoking toplevel() on ptolemy.moml.MoMLSimpleApplication@45937c80
----------------- Done invoking toplevel() on ptolemy.moml.MoMLSimpleApplication@45937c80
reloadAllAccessors: .PublisherSubscriberOpaqueWidthInference

===========================================================================================
----------------- testing Sat Aug 29 15:39:55 UTC 2020 /home/travis/build/icyphy/ptII/ptolemy/actor/lib/test/auto/PublisherTestSubscriber.xml
----------------- Instantiating /home/travis/build/icyphy/ptII/ptolemy/actor/lib/test/auto/PublisherTestSubscriber.xml
2 ms. Memory: 288768K Free: 194682K (67%)
----------------- Invoking toplevel() on ptolemy.moml.MoMLSimpleApplication@5831c9f7
----------------- Done invoking toplevel() on ptolemy.moml.MoMLSimpleApplication@5831c9f7
reloadAllAccessors: .PublisherTestSubscriber

===========================================================================================
----------------- testing Sat Aug 29 15:39:55 UTC 2020 /home/travis/build/icyphy/ptII/ptolemy/actor/lib/test/auto/PublisherToplevelSubscriberPortAOC.xml
----------------- Instantiating /home/travis/build/icyphy/ptII/ptolemy/actor/lib/test/auto/PublisherToplevelSubscriberPortAOC.xml
2 ms. Memory: 288768K Free: 188538K (65%)
----------------- Invoking toplevel() on ptolemy.moml.MoMLSimpleApplication@5b518a04
----------------- Done invoking toplevel() on ptolemy.moml.MoMLSimpleApplication@5b518a04
reloadAllAccessors: .PublisherToplevelSubscriberPortAOC

===========================================================================================
----------------- testing Sat Aug 29 15:39:55 UTC 2020 /home/travis/build/icyphy/ptII/ptolemy/actor/lib/test/auto/PulseFiringLimitDE.xml
----------------- Instantiating /home/travis/build/icyphy/ptII/ptolemy/actor/lib/test/auto/PulseFiringLimitDE.xml
2 ms. Memory: 288768K Free: 182394K (63%)
----------------- Invoking toplevel() on ptolemy.moml.MoMLSimpleApplication@4ebe5cdf
----------------- Done invoking toplevel() on ptolemy.moml.MoMLSimpleApplication@4ebe5cdf
reloadAllAccessors: .PulseFiringLimitDE

===========================================================================================
----------------- testing Sat Aug 29 15:39:56 UTC 2020 /home/travis/build/icyphy/ptII/ptolemy/actor/lib/test/auto/Ramp1.xml
----------------- Instantiating /home/travis/build/icyphy/ptII/ptolemy/actor/lib/test/auto/Ramp1.xml
1 ms. Memory: 288768K Free: 177770K (62%)
----------------- Invoking toplevel() on ptolemy.moml.MoMLSimpleApplication@23804cca
----------------- Done invoking toplevel() on ptolemy.moml.MoMLSimpleApplication@23804cca
reloadAllAccessors: .Ramp1

===========================================================================================
----------------- testing Sat Aug 29 15:39:56 UTC 2020 /home/travis/build/icyphy/ptII/ptolemy/actor/lib/test/auto/RampFiringLimitDE.xml
----------------- Instantiating /home/travis/build/icyphy/ptII/ptolemy/actor/lib/test/auto/RampFiringLimitDE.xml
2 ms. Memory: 288768K Free: 171626K (59%)
----------------- Invoking toplevel() on ptolemy.moml.MoMLSimpleApplication@eb8d261
----------------- Done invoking toplevel() on ptolemy.moml.MoMLSimpleApplication@eb8d261
reloadAllAccessors: .RampFiringLimitDE

===========================================================================================
----------------- testing Sat Aug 29 15:39:56 UTC 2020 /home/travis/build/icyphy/ptII/ptolemy/actor/lib/test/auto/RampFiringLimitSDF.xml
----------------- Instantiating /home/travis/build/icyphy/ptII/ptolemy/actor/lib/test/auto/RampFiringLimitSDF.xml
2 ms. Memory: 288768K Free: 166506K (58%)
----------------- Invoking toplevel() on ptolemy.moml.MoMLSimpleApplication@59e361f1
----------------- Done invoking toplevel() on ptolemy.moml.MoMLSimpleApplication@59e361f1
reloadAllAccessors: .RampFiringLimitSDF

===========================================================================================
----------------- testing Sat Aug 29 15:39:56 UTC 2020 /home/travis/build/icyphy/ptII/ptolemy/actor/lib/test/auto/RandomInteger.xml
----------------- Instantiating /home/travis/build/icyphy/ptII/ptolemy/actor/lib/test/auto/RandomInteger.xml
2 ms. Memory: 288768K Free: 162424K (56%)
----------------- Invoking toplevel() on ptolemy.moml.MoMLSimpleApplication@7fefa4ef
----------------- Done invoking toplevel() on ptolemy.moml.MoMLSimpleApplication@7fefa4ef
reloadAllAccessors: .RandomInteger

===========================================================================================
----------------- testing Sat Aug 29 15:39:56 UTC 2020 /home/travis/build/icyphy/ptII/ptolemy/actor/lib/test/auto/ReadFile1.xml
----------------- Instantiating /home/travis/build/icyphy/ptII/ptolemy/actor/lib/test/auto/ReadFile1.xml
1 ms. Memory: 288768K Free: 157818K (55%)
----------------- Invoking toplevel() on ptolemy.moml.MoMLSimpleApplication@4e1461e3
----------------- Done invoking toplevel() on ptolemy.moml.MoMLSimpleApplication@4e1461e3
reloadAllAccessors: .ReadFile1

===========================================================================================
----------------- testing Sat Aug 29 15:39:56 UTC 2020 /home/travis/build/icyphy/ptII/ptolemy/actor/lib/test/auto/ReadFile2.xml
----------------- Instantiating /home/travis/build/icyphy/ptII/ptolemy/actor/lib/test/auto/ReadFile2.xml
1 ms. Memory: 288768K Free: 153722K (53%)
----------------- Invoking toplevel() on ptolemy.moml.MoMLSimpleApplication@68e65bba
----------------- Done invoking toplevel() on ptolemy.moml.MoMLSimpleApplication@68e65bba
reloadAllAccessors: .ReadFile2

===========================================================================================
----------------- testing Sat Aug 29 15:39:56 UTC 2020 /home/travis/build/icyphy/ptII/ptolemy/actor/lib/test/auto/Reader.xml
----------------- Instantiating /home/travis/build/icyphy/ptII/ptolemy/actor/lib/test/auto/Reader.xml
actor.lib.Reader is obsolete, use actor.lib.io.ExpressionReader instead
4 ms. Memory: 288768K Free: 149626K (52%)
----------------- Invoking toplevel() on ptolemy.moml.MoMLSimpleApplication@b828fe1
----------------- Done invoking toplevel() on ptolemy.moml.MoMLSimpleApplication@b828fe1
reloadAllAccessors: .Reader

===========================================================================================
----------------- testing Sat Aug 29 15:39:56 UTC 2020 /home/travis/build/icyphy/ptII/ptolemy/actor/lib/test/auto/RecordAssemblerDisplayNameTest.xml
----------------- Instantiating /home/travis/build/icyphy/ptII/ptolemy/actor/lib/test/auto/RecordAssemblerDisplayNameTest.xml
3203 ms. Memory: 288768K Free: 114226K (40%)
----------------- Invoking toplevel() on ptolemy.moml.MoMLSimpleApplication@7c7b3ddb
----------------- Done invoking toplevel() on ptolemy.moml.MoMLSimpleApplication@7c7b3ddb
reloadAllAccessors: .RecordAssemblerDisplayNameTest

===========================================================================================
----------------- testing Sat Aug 29 15:39:59 UTC 2020 /home/travis/build/icyphy/ptII/ptolemy/actor/lib/test/auto/RecordAssemblerTypeError.xml
----------------- Instantiating /home/travis/build/icyphy/ptII/ptolemy/actor/lib/test/auto/RecordAssemblerTypeError.xml
8 ms. Memory: 288768K Free: 104500K (36%)
----------------- Invoking toplevel() on ptolemy.moml.MoMLSimpleApplication@503cff79
----------------- Done invoking toplevel() on ptolemy.moml.MoMLSimpleApplication@503cff79
reloadAllAccessors: .RecordAssemblerTypeError

===========================================================================================
----------------- testing Sat Aug 29 15:39:59 UTC 2020 /home/travis/build/icyphy/ptII/ptolemy/actor/lib/test/auto/RecordDisassember.xml
----------------- Instantiating /home/travis/build/icyphy/ptII/ptolemy/actor/lib/test/auto/RecordDisassember.xml
16 ms. Memory: 288768K Free: 99859K (35%)
----------------- Invoking toplevel() on ptolemy.moml.MoMLSimpleApplication@5dae894f
----------------- Done invoking toplevel() on ptolemy.moml.MoMLSimpleApplication@5dae894f
reloadAllAccessors: .RecordDisassember

===========================================================================================
----------------- testing Sat Aug 29 15:39:59 UTC 2020 /home/travis/build/icyphy/ptII/ptolemy/actor/lib/test/auto/RecordDisassemberDisplayNameTest.xml
----------------- Instantiating /home/travis/build/icyphy/ptII/ptolemy/actor/lib/test/auto/RecordDisassemberDisplayNameTest.xml
7 ms. Memory: 288768K Free: 91698K (32%)
----------------- Invoking toplevel() on ptolemy.moml.MoMLSimpleApplication@43216759
----------------- Done invoking toplevel() on ptolemy.moml.MoMLSimpleApplication@43216759
reloadAllAccessors: .RecordDisassemberDisplayNameTest

===========================================================================================
----------------- testing Sat Aug 29 15:39:59 UTC 2020 /home/travis/build/icyphy/ptII/ptolemy/actor/lib/test/auto/RecordDisassembler.xml
----------------- Instantiating /home/travis/build/icyphy/ptII/ptolemy/actor/lib/test/auto/RecordDisassembler.xml
3 ms. Memory: 288768K Free: 86547K (30%)
----------------- Invoking toplevel() on ptolemy.moml.MoMLSimpleApplication@10ccca68
----------------- Done invoking toplevel() on ptolemy.moml.MoMLSimpleApplication@10ccca68
reloadAllAccessors: .RecordDisassembler

===========================================================================================
----------------- testing Sat Aug 29 15:39:59 UTC 2020 /home/travis/build/icyphy/ptII/ptolemy/actor/lib/test/auto/RecordDisassembler2.xml
----------------- Instantiating /home/travis/build/icyphy/ptII/ptolemy/actor/lib/test/auto/RecordDisassembler2.xml
3 ms. Memory: 288768K Free: 81427K (28%)
----------------- Invoking toplevel() on ptolemy.moml.MoMLSimpleApplication@252c4d1d
----------------- Done invoking toplevel() on ptolemy.moml.MoMLSimpleApplication@252c4d1d
reloadAllAccessors: .RecordDisassembler2

===========================================================================================
----------------- testing Sat Aug 29 15:39:59 UTC 2020 /home/travis/build/icyphy/ptII/ptolemy/actor/lib/test/auto/RecordUpdater.xml
----------------- Instantiating /home/travis/build/icyphy/ptII/ptolemy/actor/lib/test/auto/RecordUpdater.xml
1 ms. Memory: 288768K Free: 75828K (26%)
----------------- Invoking toplevel() on ptolemy.moml.MoMLSimpleApplication@541a42de
----------------- Done invoking toplevel() on ptolemy.moml.MoMLSimpleApplication@541a42de
reloadAllAccessors: .RecordUpdater

===========================================================================================
----------------- testing Sat Aug 29 15:39:59 UTC 2020 /home/travis/build/icyphy/ptII/ptolemy/actor/lib/test/auto/RecordUpdater2.xml
----------------- Instantiating /home/travis/build/icyphy/ptII/ptolemy/actor/lib/test/auto/RecordUpdater2.xml
2 ms. Memory: 288768K Free: 70708K (24%)
----------------- Invoking toplevel() on ptolemy.moml.MoMLSimpleApplication@3f2c933e
----------------- Done invoking toplevel() on ptolemy.moml.MoMLSimpleApplication@3f2c933e
reloadAllAccessors: .RecordUpdater2

===========================================================================================
----------------- testing Sat Aug 29 15:39:59 UTC 2020 /home/travis/build/icyphy/ptII/ptolemy/actor/lib/test/auto/RecursiveLattice.xml
----------------- Instantiating /home/travis/build/icyphy/ptII/ptolemy/actor/lib/test/auto/RecursiveLattice.xml
1 ms. Memory: 288768K Free: 237543K (82%)
----------------- Invoking toplevel() on ptolemy.moml.MoMLSimpleApplication@12c10d96
----------------- Done invoking toplevel() on ptolemy.moml.MoMLSimpleApplication@12c10d96
reloadAllAccessors: .RecursiveLattice

===========================================================================================
----------------- testing Sat Aug 29 15:39:59 UTC 2020 /home/travis/build/icyphy/ptII/ptolemy/actor/lib/test/auto/Router.xml
----------------- Instantiating /home/travis/build/icyphy/ptII/ptolemy/actor/lib/test/auto/Router.xml
3004 ms. Memory: 288768K Free: 226279K (78%)
----------------- Invoking toplevel() on ptolemy.moml.MoMLSimpleApplication@406fd11e
----------------- Done invoking toplevel() on ptolemy.moml.MoMLSimpleApplication@406fd11e
reloadAllAccessors: .Router

===========================================================================================
----------------- testing Sat Aug 29 15:40:02 UTC 2020 /home/travis/build/icyphy/ptII/ptolemy/actor/lib/test/auto/Router2.xml
----------------- Instantiating /home/travis/build/icyphy/ptII/ptolemy/actor/lib/test/auto/Router2.xml
3003 ms. Memory: 288768K Free: 215015K (74%)
----------------- Invoking toplevel() on ptolemy.moml.MoMLSimpleApplication@33242b63
----------------- Done invoking toplevel() on ptolemy.moml.MoMLSimpleApplication@33242b63
reloadAllAccessors: .Router2

===========================================================================================
----------------- testing Sat Aug 29 15:40:05 UTC 2020 /home/travis/build/icyphy/ptII/ptolemy/actor/lib/test/auto/RunningMaximum.xml
----------------- Instantiating /home/travis/build/icyphy/ptII/ptolemy/actor/lib/test/auto/RunningMaximum.xml
1 ms. Memory: 288768K Free: 210405K (73%)
----------------- Invoking toplevel() on ptolemy.moml.MoMLSimpleApplication@13ef85a7
----------------- Done invoking toplevel() on ptolemy.moml.MoMLSimpleApplication@13ef85a7
reloadAllAccessors: .RunningMaximum

===========================================================================================
----------------- testing Sat Aug 29 15:40:05 UTC 2020 /home/travis/build/icyphy/ptII/ptolemy/actor/lib/test/auto/RunningMinimum.xml
----------------- Instantiating /home/travis/build/icyphy/ptII/ptolemy/actor/lib/test/auto/RunningMinimum.xml
8 ms. Memory: 288768K Free: 205799K (71%)
----------------- Invoking toplevel() on ptolemy.moml.MoMLSimpleApplication@51cefa8d
----------------- Done invoking toplevel() on ptolemy.moml.MoMLSimpleApplication@51cefa8d
reloadAllAccessors: .RunningMinimum

===========================================================================================
----------------- testing Sat Aug 29 15:40:05 UTC 2020 /home/travis/build/icyphy/ptII/ptolemy/actor/lib/test/auto/Scale.xml
----------------- Instantiating /home/travis/build/icyphy/ptII/ptolemy/actor/lib/test/auto/Scale.xml
1 ms. Memory: 288768K Free: 201189K (70%)
----------------- Invoking toplevel() on ptolemy.moml.MoMLSimpleApplication@59434eb3
----------------- Done invoking toplevel() on ptolemy.moml.MoMLSimpleApplication@59434eb3
reloadAllAccessors: .Scale

===========================================================================================
----------------- testing Sat Aug 29 15:40:05 UTC 2020 /home/travis/build/icyphy/ptII/ptolemy/actor/lib/test/auto/Scale2.xml
----------------- Instantiating /home/travis/build/icyphy/ptII/ptolemy/actor/lib/test/auto/Scale2.xml
2 ms. Memory: 288768K Free: 196583K (68%)
----------------- Invoking toplevel() on ptolemy.moml.MoMLSimpleApplication@33236a25
----------------- Done invoking toplevel() on ptolemy.moml.MoMLSimpleApplication@33236a25
reloadAllAccessors: .Scale2

===========================================================================================
----------------- testing Sat Aug 29 15:40:05 UTC 2020 /home/travis/build/icyphy/ptII/ptolemy/actor/lib/test/auto/Scale3.xml
----------------- Instantiating /home/travis/build/icyphy/ptII/ptolemy/actor/lib/test/auto/Scale3.xml
4 ms. Memory: 288768K Free: 189925K (66%)
----------------- Invoking toplevel() on ptolemy.moml.MoMLSimpleApplication@67e66f7e
----------------- Done invoking toplevel() on ptolemy.moml.MoMLSimpleApplication@67e66f7e
reloadAllAccessors: .Scale3

===========================================================================================
----------------- testing Sat Aug 29 15:40:05 UTC 2020 /home/travis/build/icyphy/ptII/ptolemy/actor/lib/test/auto/ScaleArray.xml
----------------- Instantiating /home/travis/build/icyphy/ptII/ptolemy/actor/lib/test/auto/ScaleArray.xml
2 ms. Memory: 288768K Free: 185319K (64%)
----------------- Invoking toplevel() on ptolemy.moml.MoMLSimpleApplication@5cb9eb36
----------------- Done invoking toplevel() on ptolemy.moml.MoMLSimpleApplication@5cb9eb36
reloadAllAccessors: .ScaleArray

===========================================================================================
----------------- testing Sat Aug 29 15:40:05 UTC 2020 /home/travis/build/icyphy/ptII/ptolemy/actor/lib/test/auto/ScaleArray2.xml
----------------- Instantiating /home/travis/build/icyphy/ptII/ptolemy/actor/lib/test/auto/ScaleArray2.xml
1 ms. Memory: 288768K Free: 180709K (63%)
----------------- Invoking toplevel() on ptolemy.moml.MoMLSimpleApplication@22007ec
----------------- Done invoking toplevel() on ptolemy.moml.MoMLSimpleApplication@22007ec
reloadAllAccessors: .ScaleArray2

===========================================================================================
----------------- testing Sat Aug 29 15:40:05 UTC 2020 /home/travis/build/icyphy/ptII/ptolemy/actor/lib/test/auto/ScaleMatrix.xml
----------------- Instantiating /home/travis/build/icyphy/ptII/ptolemy/actor/lib/test/auto/ScaleMatrix.xml
215 ms. Memory: 288768K Free: 165349K (57%)
----------------- Invoking toplevel() on ptolemy.moml.MoMLSimpleApplication@40331b97
----------------- Done invoking toplevel() on ptolemy.moml.MoMLSimpleApplication@40331b97
reloadAllAccessors: .ScaleMatrix

===========================================================================================
----------------- testing Sat Aug 29 15:40:05 UTC 2020 /home/travis/build/icyphy/ptII/ptolemy/actor/lib/test/auto/Select.xml
----------------- Instantiating /home/travis/build/icyphy/ptII/ptolemy/actor/lib/test/auto/Select.xml
2 ms. Memory: 288768K Free: 159191K (55%)
----------------- Invoking toplevel() on ptolemy.moml.MoMLSimpleApplication@22d75f1d
----------------- Done invoking toplevel() on ptolemy.moml.MoMLSimpleApplication@22d75f1d
reloadAllAccessors: .Select

===========================================================================================
----------------- testing Sat Aug 29 15:40:05 UTC 2020 /home/travis/build/icyphy/ptII/ptolemy/actor/lib/test/auto/Select2.xml
----------------- Instantiating /home/travis/build/icyphy/ptII/ptolemy/actor/lib/test/auto/Select2.xml
1 ms. Memory: 288768K Free: 154599K (54%)
----------------- Invoking toplevel() on ptolemy.moml.MoMLSimpleApplication@670052b3
----------------- Done invoking toplevel() on ptolemy.moml.MoMLSimpleApplication@670052b3
reloadAllAccessors: .Select2

===========================================================================================
----------------- testing Sat Aug 29 15:40:05 UTC 2020 /home/travis/build/icyphy/ptII/ptolemy/actor/lib/test/auto/SequenceToArray2.xml
----------------- Instantiating /home/travis/build/icyphy/ptII/ptolemy/actor/lib/test/auto/SequenceToArray2.xml
102 ms. Memory: 288768K Free: 130023K (45%)
----------------- Invoking toplevel() on ptolemy.moml.MoMLSimpleApplication@4566ec02
----------------- Done invoking toplevel() on ptolemy.moml.MoMLSimpleApplication@4566ec02
reloadAllAccessors: .SequenceToArray2

===========================================================================================
----------------- testing Sat Aug 29 15:40:06 UTC 2020 /home/travis/build/icyphy/ptII/ptolemy/actor/lib/test/auto/SequentialClock.xml
----------------- Instantiating /home/travis/build/icyphy/ptII/ptolemy/actor/lib/test/auto/SequentialClock.xml
2 ms. Memory: 288768K Free: 125927K (44%)
----------------- Invoking toplevel() on ptolemy.moml.MoMLSimpleApplication@b49a92d
----------------- Done invoking toplevel() on ptolemy.moml.MoMLSimpleApplication@b49a92d
reloadAllAccessors: .SequentialClock

===========================================================================================
----------------- testing Sat Aug 29 15:40:06 UTC 2020 /home/travis/build/icyphy/ptII/ptolemy/actor/lib/test/auto/SetVariable.xml
----------------- Instantiating /home/travis/build/icyphy/ptII/ptolemy/actor/lib/test/auto/SetVariable.xml
4 ms. Memory: 288768K Free: 121317K (42%)
----------------- Invoking toplevel() on ptolemy.moml.MoMLSimpleApplication@34730287
----------------- Done invoking toplevel() on ptolemy.moml.MoMLSimpleApplication@34730287
reloadAllAccessors: .SetVariable

===========================================================================================
----------------- testing Sat Aug 29 15:40:06 UTC 2020 /home/travis/build/icyphy/ptII/ptolemy/actor/lib/test/auto/SetVariable2.xml
----------------- Instantiating /home/travis/build/icyphy/ptII/ptolemy/actor/lib/test/auto/SetVariable2.xml
3 ms. Memory: 288768K Free: 116197K (40%)
----------------- Invoking toplevel() on ptolemy.moml.MoMLSimpleApplication@1f93e185
----------------- Done invoking toplevel() on ptolemy.moml.MoMLSimpleApplication@1f93e185
reloadAllAccessors: .SetVariable2

===========================================================================================
----------------- testing Sat Aug 29 15:40:06 UTC 2020 /home/travis/build/icyphy/ptII/ptolemy/actor/lib/test/auto/SetVariable3.xml
----------------- Instantiating /home/travis/build/icyphy/ptII/ptolemy/actor/lib/test/auto/SetVariable3.xml
8 ms. Memory: 288768K Free: 111077K (38%)
----------------- Invoking toplevel() on ptolemy.moml.MoMLSimpleApplication@3aec5609
----------------- Done invoking toplevel() on ptolemy.moml.MoMLSimpleApplication@3aec5609
reloadAllAccessors: .SetVariable3

===========================================================================================
----------------- testing Sat Aug 29 15:40:06 UTC 2020 /home/travis/build/icyphy/ptII/ptolemy/actor/lib/test/auto/SetVariable4.xml
----------------- Instantiating /home/travis/build/icyphy/ptII/ptolemy/actor/lib/test/auto/SetVariable4.xml
20 ms. Memory: 288768K Free: 100327K (35%)
----------------- Invoking toplevel() on ptolemy.moml.MoMLSimpleApplication@2610a7a9
----------------- Done invoking toplevel() on ptolemy.moml.MoMLSimpleApplication@2610a7a9
reloadAllAccessors: .SetVariable4

===========================================================================================
----------------- testing Sat Aug 29 15:40:06 UTC 2020 /home/travis/build/icyphy/ptII/ptolemy/actor/lib/test/auto/SetVariable5.xml
----------------- Instantiating /home/travis/build/icyphy/ptII/ptolemy/actor/lib/test/auto/SetVariable5.xml
20 ms. Memory: 288768K Free: 91111K (32%)
----------------- Invoking toplevel() on ptolemy.moml.MoMLSimpleApplication@29c2f155
----------------- Done invoking toplevel() on ptolemy.moml.MoMLSimpleApplication@29c2f155
reloadAllAccessors: .SetVariable5

===========================================================================================
----------------- testing Sat Aug 29 15:40:06 UTC 2020 /home/travis/build/icyphy/ptII/ptolemy/actor/lib/test/auto/Sinewave.xml
----------------- Instantiating /home/travis/build/icyphy/ptII/ptolemy/actor/lib/test/auto/Sinewave.xml
5 ms. Memory: 288768K Free: 80871K (28%)
----------------- Invoking toplevel() on ptolemy.moml.MoMLSimpleApplication@15b2df3
----------------- Done invoking toplevel() on ptolemy.moml.MoMLSimpleApplication@15b2df3
reloadAllAccessors: .Sinewave

===========================================================================================
----------------- testing Sat Aug 29 15:40:06 UTC 2020 /home/travis/build/icyphy/ptII/ptolemy/actor/lib/test/auto/Sinewave2.xml
----------------- Instantiating /home/travis/build/icyphy/ptII/ptolemy/actor/lib/test/auto/Sinewave2.xml
6 ms. Memory: 288768K Free: 72679K (25%)
----------------- Invoking toplevel() on ptolemy.moml.MoMLSimpleApplication@323c8d0b
----------------- Done invoking toplevel() on ptolemy.moml.MoMLSimpleApplication@323c8d0b
reloadAllAccessors: .Sinewave2

===========================================================================================
----------------- testing Sat Aug 29 15:40:06 UTC 2020 /home/travis/build/icyphy/ptII/ptolemy/actor/lib/test/auto/Sinewave3.xml
----------------- Instantiating /home/travis/build/icyphy/ptII/ptolemy/actor/lib/test/auto/Sinewave3.xml
10 ms. Memory: 288768K Free: 235044K (81%)
----------------- Invoking toplevel() on ptolemy.moml.MoMLSimpleApplication@5ec0ca34
----------------- Done invoking toplevel() on ptolemy.moml.MoMLSimpleApplication@5ec0ca34
reloadAllAccessors: .Sinewave3

===========================================================================================
----------------- testing Sat Aug 29 15:40:06 UTC 2020 /home/travis/build/icyphy/ptII/ptolemy/actor/lib/test/auto/SingleEvent.xml
----------------- Instantiating /home/travis/build/icyphy/ptII/ptolemy/actor/lib/test/auto/SingleEvent.xml
1 ms. Memory: 288768K Free: 230434K (80%)
----------------- Invoking toplevel() on ptolemy.moml.MoMLSimpleApplication@2084e45
----------------- Done invoking toplevel() on ptolemy.moml.MoMLSimpleApplication@2084e45
reloadAllAccessors: .SingleEvent

===========================================================================================
----------------- testing Sat Aug 29 15:40:06 UTC 2020 /home/travis/build/icyphy/ptII/ptolemy/actor/lib/test/auto/Sleep.xml
----------------- Instantiating /home/travis/build/icyphy/ptII/ptolemy/actor/lib/test/auto/Sleep.xml
6003 ms. Memory: 288768K Free: 224290K (78%)
----------------- Invoking toplevel() on ptolemy.moml.MoMLSimpleApplication@4e35f8f3
----------------- Done invoking toplevel() on ptolemy.moml.MoMLSimpleApplication@4e35f8f3
reloadAllAccessors: .Sleep

===========================================================================================
----------------- testing Sat Aug 29 15:40:12 UTC 2020 /home/travis/build/icyphy/ptII/ptolemy/actor/lib/test/auto/SleepMultipleFire.xml
----------------- Instantiating /home/travis/build/icyphy/ptII/ptolemy/actor/lib/test/auto/SleepMultipleFire.xml
1005 ms. Memory: 288768K Free: 218660K (76%)
----------------- Invoking toplevel() on ptolemy.moml.MoMLSimpleApplication@2f8c03b2
----------------- Done invoking toplevel() on ptolemy.moml.MoMLSimpleApplication@2f8c03b2
reloadAllAccessors: .SleepMultipleFire

===========================================================================================
----------------- testing Sat Aug 29 15:40:13 UTC 2020 /home/travis/build/icyphy/ptII/ptolemy/actor/lib/test/auto/StopDE.xml
----------------- Instantiating /home/travis/build/icyphy/ptII/ptolemy/actor/lib/test/auto/StopDE.xml
3 ms. Memory: 288768K Free: 213026K (74%)
----------------- Invoking toplevel() on ptolemy.moml.MoMLSimpleApplication@3dcd2480
----------------- Done invoking toplevel() on ptolemy.moml.MoMLSimpleApplication@3dcd2480
reloadAllAccessors: .StopDE

===========================================================================================
----------------- testing Sat Aug 29 15:40:13 UTC 2020 /home/travis/build/icyphy/ptII/ptolemy/actor/lib/test/auto/StopSDF.xml
----------------- Instantiating /home/travis/build/icyphy/ptII/ptolemy/actor/lib/test/auto/StopSDF.xml
3 ms. Memory: 288768K Free: 207906K (72%)
----------------- Invoking toplevel() on ptolemy.moml.MoMLSimpleApplication@57277e63
----------------- Done invoking toplevel() on ptolemy.moml.MoMLSimpleApplication@57277e63
reloadAllAccessors: .StopSDF

===========================================================================================
----------------- testing Sat Aug 29 15:40:13 UTC 2020 /home/travis/build/icyphy/ptII/ptolemy/actor/lib/test/auto/StringConstant.xml
----------------- Instantiating /home/travis/build/icyphy/ptII/ptolemy/actor/lib/test/auto/StringConstant.xml
9 ms. Memory: 288768K Free: 203298K (70%)
----------------- Invoking toplevel() on ptolemy.moml.MoMLSimpleApplication@7693271a
----------------- Done invoking toplevel() on ptolemy.moml.MoMLSimpleApplication@7693271a
reloadAllAccessors: .StringConstant

===========================================================================================
----------------- testing Sat Aug 29 15:40:13 UTC 2020 /home/travis/build/icyphy/ptII/ptolemy/actor/lib/test/auto/SubscriberPortInitialValues1.xml
----------------- Instantiating /home/travis/build/icyphy/ptII/ptolemy/actor/lib/test/auto/SubscriberPortInitialValues1.xml
11 ms. Memory: 288768K Free: 194084K (67%)
----------------- Invoking toplevel() on ptolemy.moml.MoMLSimpleApplication@3d0bd3ff
----------------- Done invoking toplevel() on ptolemy.moml.MoMLSimpleApplication@3d0bd3ff
reloadAllAccessors: .SubscriberPortInitialValues1

===========================================================================================
----------------- testing Sat Aug 29 15:40:13 UTC 2020 /home/travis/build/icyphy/ptII/ptolemy/actor/lib/test/auto/SubscriberPortInitialValues13.xml
----------------- Instantiating /home/travis/build/icyphy/ptII/ptolemy/actor/lib/test/auto/SubscriberPortInitialValues13.xml
5 ms. Memory: 288768K Free: 181282K (63%)
----------------- Invoking toplevel() on ptolemy.moml.MoMLSimpleApplication@1e47dc9e
----------------- Done invoking toplevel() on ptolemy.moml.MoMLSimpleApplication@1e47dc9e
reloadAllAccessors: .SubscriberPortInitialValues13

===========================================================================================
----------------- testing Sat Aug 29 15:40:13 UTC 2020 /home/travis/build/icyphy/ptII/ptolemy/actor/lib/test/auto/SubscriberPortInitialValues14.xml
----------------- Instantiating /home/travis/build/icyphy/ptII/ptolemy/actor/lib/test/auto/SubscriberPortInitialValues14.xml
3 ms. Memory: 288768K Free: 173604K (60%)
----------------- Invoking toplevel() on ptolemy.moml.MoMLSimpleApplication@5d0a4612
----------------- Done invoking toplevel() on ptolemy.moml.MoMLSimpleApplication@5d0a4612
reloadAllAccessors: .SubscriberPortInitialValues14

===========================================================================================
----------------- testing Sat Aug 29 15:40:13 UTC 2020 /home/travis/build/icyphy/ptII/ptolemy/actor/lib/test/auto/SubscriberPortInitialValues2.xml
----------------- Instantiating /home/travis/build/icyphy/ptII/ptolemy/actor/lib/test/auto/SubscriberPortInitialValues2.xml
4 ms. Memory: 288768K Free: 165922K (57%)
----------------- Invoking toplevel() on ptolemy.moml.MoMLSimpleApplication@7674c995
----------------- Done invoking toplevel() on ptolemy.moml.MoMLSimpleApplication@7674c995
reloadAllAccessors: .SubscriberPortInitialValues2

===========================================================================================
----------------- testing Sat Aug 29 15:40:13 UTC 2020 /home/travis/build/icyphy/ptII/ptolemy/actor/lib/test/auto/SubscriberPortInitialValues3.xml
----------------- Instantiating /home/travis/build/icyphy/ptII/ptolemy/actor/lib/test/auto/SubscriberPortInitialValues3.xml
3 ms. Memory: 288768K Free: 155172K (54%)
----------------- Invoking toplevel() on ptolemy.moml.MoMLSimpleApplication@32570cd
----------------- Done invoking toplevel() on ptolemy.moml.MoMLSimpleApplication@32570cd
reloadAllAccessors: .SubscriberPortInitialValues3

===========================================================================================
----------------- testing Sat Aug 29 15:40:13 UTC 2020 /home/travis/build/icyphy/ptII/ptolemy/actor/lib/test/auto/SubscriptionAggregator.xml
----------------- Instantiating /home/travis/build/icyphy/ptII/ptolemy/actor/lib/test/auto/SubscriptionAggregator.xml
2 ms. Memory: 288768K Free: 148500K (51%)
----------------- Invoking toplevel() on ptolemy.moml.MoMLSimpleApplication@4b9d69ba
----------------- Done invoking toplevel() on ptolemy.moml.MoMLSimpleApplication@4b9d69ba
reloadAllAccessors: .SubscriptionAggregator

===========================================================================================
----------------- testing Sat Aug 29 15:40:13 UTC 2020 /home/travis/build/icyphy/ptII/ptolemy/actor/lib/test/auto/SubscriptionAggregator2.xml
----------------- Instantiating /home/travis/build/icyphy/ptII/ptolemy/actor/lib/test/auto/SubscriptionAggregator2.xml
2 ms. Memory: 288768K Free: 141860K (49%)
----------------- Invoking toplevel() on ptolemy.moml.MoMLSimpleApplication@6ed0008
----------------- Done invoking toplevel() on ptolemy.moml.MoMLSimpleApplication@6ed0008
reloadAllAccessors: .SubscriptionAggregator2

===========================================================================================
----------------- testing Sat Aug 29 15:40:13 UTC 2020 /home/travis/build/icyphy/ptII/ptolemy/actor/lib/test/auto/SubscriptionAggregator3.xml
----------------- Instantiating /home/travis/build/icyphy/ptII/ptolemy/actor/lib/test/auto/SubscriptionAggregator3.xml
7 ms. Memory: 288768K Free: 133148K (46%)
----------------- Invoking toplevel() on ptolemy.moml.MoMLSimpleApplication@40b55e3b
----------------- Done invoking toplevel() on ptolemy.moml.MoMLSimpleApplication@40b55e3b
reloadAllAccessors: .SubscriptionAggregator3

===========================================================================================
----------------- testing Sat Aug 29 15:40:13 UTC 2020 /home/travis/build/icyphy/ptII/ptolemy/actor/lib/test/auto/SubscriptionAggregatorMultiply.xml
----------------- Instantiating /home/travis/build/icyphy/ptII/ptolemy/actor/lib/test/auto/SubscriptionAggregatorMultiply.xml
3 ms. Memory: 288768K Free: 124452K (43%)
----------------- Invoking toplevel() on ptolemy.moml.MoMLSimpleApplication@6fb99977
----------------- Done invoking toplevel() on ptolemy.moml.MoMLSimpleApplication@6fb99977
reloadAllAccessors: .SubscriptionAggregatorMultiply

===========================================================================================
----------------- testing Sat Aug 29 15:40:13 UTC 2020 /home/travis/build/icyphy/ptII/ptolemy/actor/lib/test/auto/SubscriptionAggregatorPortMultiply1.xml
----------------- Instantiating /home/travis/build/icyphy/ptII/ptolemy/actor/lib/test/auto/SubscriptionAggregatorPortMultiply1.xml
4 ms. Memory: 288768K Free: 116260K (40%)
----------------- Invoking toplevel() on ptolemy.moml.MoMLSimpleApplication@1c28ce28
----------------- Done invoking toplevel() on ptolemy.moml.MoMLSimpleApplication@1c28ce28
reloadAllAccessors: .SubscriptionAggregatorPortMultiply1

===========================================================================================
----------------- testing Sat Aug 29 15:40:13 UTC 2020 /home/travis/build/icyphy/ptII/ptolemy/actor/lib/test/auto/Switch.xml
----------------- Instantiating /home/travis/build/icyphy/ptII/ptolemy/actor/lib/test/auto/Switch.xml
7 ms. Memory: 288768K Free: 108068K (37%)
----------------- Invoking toplevel() on ptolemy.moml.MoMLSimpleApplication@503574a9
----------------- Done invoking toplevel() on ptolemy.moml.MoMLSimpleApplication@503574a9
reloadAllAccessors: .Switch

===========================================================================================
----------------- testing Sat Aug 29 15:40:13 UTC 2020 /home/travis/build/icyphy/ptII/ptolemy/actor/lib/test/auto/Switch2.xml
----------------- Instantiating /home/travis/build/icyphy/ptII/ptolemy/actor/lib/test/auto/Switch2.xml
1 ms. Memory: 288768K Free: 103458K (36%)
----------------- Invoking toplevel() on ptolemy.moml.MoMLSimpleApplication@55645dd
----------------- Done invoking toplevel() on ptolemy.moml.MoMLSimpleApplication@55645dd
reloadAllAccessors: .Switch2

===========================================================================================
----------------- testing Sat Aug 29 15:40:13 UTC 2020 /home/travis/build/icyphy/ptII/ptolemy/actor/lib/test/auto/SwitchDE.xml
----------------- Instantiating /home/travis/build/icyphy/ptII/ptolemy/actor/lib/test/auto/SwitchDE.xml
4 ms. Memory: 288768K Free: 97284K (34%)
----------------- Invoking toplevel() on ptolemy.moml.MoMLSimpleApplication@bb4e672
----------------- Done invoking toplevel() on ptolemy.moml.MoMLSimpleApplication@bb4e672
reloadAllAccessors: .SwitchDE

===========================================================================================
----------------- testing Sat Aug 29 15:40:13 UTC 2020 /home/travis/build/icyphy/ptII/ptolemy/actor/lib/test/auto/SynchronizerDE.xml
----------------- Instantiating /home/travis/build/icyphy/ptII/ptolemy/actor/lib/test/auto/SynchronizerDE.xml
6 ms. Memory: 288768K Free: 89092K (31%)
----------------- Invoking toplevel() on ptolemy.moml.MoMLSimpleApplication@253e1c89
----------------- Done invoking toplevel() on ptolemy.moml.MoMLSimpleApplication@253e1c89
reloadAllAccessors: .SynchronizerDE

===========================================================================================
----------------- testing Sat Aug 29 15:40:13 UTC 2020 /home/travis/build/icyphy/ptII/ptolemy/actor/lib/test/auto/Test.xml
----------------- Instantiating /home/travis/build/icyphy/ptII/ptolemy/actor/lib/test/auto/Test.xml
2 ms. Memory: 288768K Free: 83988K (29%)
----------------- Invoking toplevel() on ptolemy.moml.MoMLSimpleApplication@636f945f
----------------- Done invoking toplevel() on ptolemy.moml.MoMLSimpleApplication@636f945f
reloadAllAccessors: .Test

===========================================================================================
----------------- testing Sat Aug 29 15:40:13 UTC 2020 /home/travis/build/icyphy/ptII/ptolemy/actor/lib/test/auto/TestExceptionAttribute1.xml
----------------- Instantiating /home/travis/build/icyphy/ptII/ptolemy/actor/lib/test/auto/TestExceptionAttribute1.xml
1 ms. Memory: 288768K Free: 80420K (28%)
----------------- Invoking toplevel() on ptolemy.moml.MoMLSimpleApplication@1b466cc
----------------- Done invoking toplevel() on ptolemy.moml.MoMLSimpleApplication@1b466cc
reloadAllAccessors: .TestExceptionAttribute1

===========================================================================================
----------------- testing Sat Aug 29 15:40:13 UTC 2020 /home/travis/build/icyphy/ptII/ptolemy/actor/lib/test/auto/TestExceptionAttribute2.xml
----------------- Instantiating /home/travis/build/icyphy/ptII/ptolemy/actor/lib/test/auto/TestExceptionAttribute2.xml
1 ms. Memory: 288768K Free: 76834K (27%)
----------------- Invoking toplevel() on ptolemy.moml.MoMLSimpleApplication@37e2552d
----------------- Done invoking toplevel() on ptolemy.moml.MoMLSimpleApplication@37e2552d
reloadAllAccessors: .TestExceptionAttribute2

===========================================================================================
----------------- testing Sat Aug 29 15:40:13 UTC 2020 /home/travis/build/icyphy/ptII/ptolemy/actor/lib/test/auto/TestExceptionAttribute3.xml
----------------- Instantiating /home/travis/build/icyphy/ptII/ptolemy/actor/lib/test/auto/TestExceptionAttribute3.xml
.TestExceptionAttribute3.TestExceptionAttribute: initialize() was not invoked, but wrapup() was.  This is unusual, but not always a problem.  For example, exporting JNLP will do this.
1 ms. Memory: 288768K Free: 72738K (25%)
----------------- Invoking toplevel() on ptolemy.moml.MoMLSimpleApplication@2185779d
----------------- Done invoking toplevel() on ptolemy.moml.MoMLSimpleApplication@2185779d
reloadAllAccessors: .TestExceptionAttribute3

===========================================================================================
----------------- testing Sat Aug 29 15:40:13 UTC 2020 /home/travis/build/icyphy/ptII/ptolemy/actor/lib/test/auto/TestExceptionAttribute4.xml
----------------- Instantiating /home/travis/build/icyphy/ptII/ptolemy/actor/lib/test/auto/TestExceptionAttribute4.xml
.TestExceptionAttribute4.TestExceptionAttribute: initialize() was not invoked, but wrapup() was.  This is unusual, but not always a problem.  For example, exporting JNLP will do this.
.TestExceptionAttribute4.TestExceptionAttribute2: initialize() was not invoked, but wrapup() was.  This is unusual, but not always a problem.  For example, exporting JNLP will do this.
0 ms. Memory: 288768K Free: 68642K (24%)
----------------- Invoking toplevel() on ptolemy.moml.MoMLSimpleApplication@e452794
----------------- Done invoking toplevel() on ptolemy.moml.MoMLSimpleApplication@e452794
reloadAllAccessors: .TestExceptionAttribute4

===========================================================================================
----------------- testing Sat Aug 29 15:40:13 UTC 2020 /home/travis/build/icyphy/ptII/ptolemy/actor/lib/test/auto/TestExceptionHandler1.xml
----------------- Instantiating /home/travis/build/icyphy/ptII/ptolemy/actor/lib/test/auto/TestExceptionHandler1.xml
1 ms. Memory: 288768K Free: 236232K (82%)
----------------- Invoking toplevel() on ptolemy.moml.MoMLSimpleApplication@17f524b
----------------- Done invoking toplevel() on ptolemy.moml.MoMLSimpleApplication@17f524b
reloadAllAccessors: .TestExceptionHandler1

===========================================================================================
----------------- testing Sat Aug 29 15:40:13 UTC 2020 /home/travis/build/icyphy/ptII/ptolemy/actor/lib/test/auto/TestExceptionHandler2.xml
----------------- Instantiating /home/travis/build/icyphy/ptII/ptolemy/actor/lib/test/auto/TestExceptionHandler2.xml
1 ms. Memory: 288768K Free: 231622K (80%)
----------------- Invoking toplevel() on ptolemy.moml.MoMLSimpleApplication@44f9735d
----------------- Done invoking toplevel() on ptolemy.moml.MoMLSimpleApplication@44f9735d
reloadAllAccessors: .TestExceptionHandler2

===========================================================================================
----------------- testing Sat Aug 29 15:40:13 UTC 2020 /home/travis/build/icyphy/ptII/ptolemy/actor/lib/test/auto/TestExceptionHandler3.xml
----------------- Instantiating /home/travis/build/icyphy/ptII/ptolemy/actor/lib/test/auto/TestExceptionHandler3.xml
1 ms. Memory: 288768K Free: 228040K (79%)
----------------- Invoking toplevel() on ptolemy.moml.MoMLSimpleApplication@3f76ad69
----------------- Done invoking toplevel() on ptolemy.moml.MoMLSimpleApplication@3f76ad69
reloadAllAccessors: .TestExceptionHandler3

===========================================================================================
----------------- testing Sat Aug 29 15:40:13 UTC 2020 /home/travis/build/icyphy/ptII/ptolemy/actor/lib/test/auto/TestExceptionHandler4.xml
----------------- Instantiating /home/travis/build/icyphy/ptII/ptolemy/actor/lib/test/auto/TestExceptionHandler4.xml
0 ms. Memory: 288768K Free: 223944K (78%)
----------------- Invoking toplevel() on ptolemy.moml.MoMLSimpleApplication@4c638761
----------------- Done invoking toplevel() on ptolemy.moml.MoMLSimpleApplication@4c638761
reloadAllAccessors: .TestExceptionHandler4

===========================================================================================
----------------- testing Sat Aug 29 15:40:13 UTC 2020 /home/travis/build/icyphy/ptII/ptolemy/actor/lib/test/auto/TestRequireCorrectOrder.xml
----------------- Instantiating /home/travis/build/icyphy/ptII/ptolemy/actor/lib/test/auto/TestRequireCorrectOrder.xml
10 ms. Memory: 288768K Free: 218824K (76%)
----------------- Invoking toplevel() on ptolemy.moml.MoMLSimpleApplication@216cf6f4
----------------- Done invoking toplevel() on ptolemy.moml.MoMLSimpleApplication@216cf6f4
reloadAllAccessors: .TestRequireCorrectOrder

===========================================================================================
----------------- testing Sat Aug 29 15:40:13 UTC 2020 /home/travis/build/icyphy/ptII/ptolemy/actor/lib/test/auto/TestSimple.xml
----------------- Instantiating /home/travis/build/icyphy/ptII/ptolemy/actor/lib/test/auto/TestSimple.xml
2 ms. Memory: 288768K Free: 214214K (74%)
----------------- Invoking toplevel() on ptolemy.moml.MoMLSimpleApplication@2e97a268
----------------- Done invoking toplevel() on ptolemy.moml.MoMLSimpleApplication@2e97a268
reloadAllAccessors: .TestSimple

===========================================================================================
----------------- testing Sat Aug 29 15:40:13 UTC 2020 /home/travis/build/icyphy/ptII/ptolemy/actor/lib/test/auto/ThrowModelError.xml
----------------- Instantiating /home/travis/build/icyphy/ptII/ptolemy/actor/lib/test/auto/ThrowModelError.xml
1 ms. Memory: 288768K Free: 209094K (72%)
----------------- Invoking toplevel() on ptolemy.moml.MoMLSimpleApplication@321b5fb9
----------------- Done invoking toplevel() on ptolemy.moml.MoMLSimpleApplication@321b5fb9
reloadAllAccessors: .ThrowModelError

===========================================================================================
----------------- testing Sat Aug 29 15:40:13 UTC 2020 /home/travis/build/icyphy/ptII/ptolemy/actor/lib/test/auto/TimeDelayMicrosteps.xml
----------------- Instantiating /home/travis/build/icyphy/ptII/ptolemy/actor/lib/test/auto/TimeDelayMicrosteps.xml
3 ms. Memory: 288768K Free: 202440K (70%)
----------------- Invoking toplevel() on ptolemy.moml.MoMLSimpleApplication@2142d245
----------------- Done invoking toplevel() on ptolemy.moml.MoMLSimpleApplication@2142d245
reloadAllAccessors: .TimeDelayMicrosteps

===========================================================================================
----------------- testing Sat Aug 29 15:40:13 UTC 2020 /home/travis/build/icyphy/ptII/ptolemy/actor/lib/test/auto/TimeDelayMicrosteps2.xml
----------------- Instantiating /home/travis/build/icyphy/ptII/ptolemy/actor/lib/test/auto/TimeDelayMicrosteps2.xml
3 ms. Memory: 288768K Free: 195272K (68%)
----------------- Invoking toplevel() on ptolemy.moml.MoMLSimpleApplication@35ffb835
----------------- Done invoking toplevel() on ptolemy.moml.MoMLSimpleApplication@35ffb835
reloadAllAccessors: .TimeDelayMicrosteps2

===========================================================================================
----------------- testing Sat Aug 29 15:40:13 UTC 2020 /home/travis/build/icyphy/ptII/ptolemy/actor/lib/test/auto/TimeDelayMicrosteps3.xml
----------------- Instantiating /home/travis/build/icyphy/ptII/ptolemy/actor/lib/test/auto/TimeDelayMicrosteps3.xml
3 ms. Memory: 288768K Free: 188608K (65%)
----------------- Invoking toplevel() on ptolemy.moml.MoMLSimpleApplication@50c3733e
----------------- Done invoking toplevel() on ptolemy.moml.MoMLSimpleApplication@50c3733e
reloadAllAccessors: .TimeDelayMicrosteps3

===========================================================================================
----------------- testing Sat Aug 29 15:40:13 UTC 2020 /home/travis/build/icyphy/ptII/ptolemy/actor/lib/test/auto/TimeDelayVariableMicrosteps.xml
----------------- Instantiating /home/travis/build/icyphy/ptII/ptolemy/actor/lib/test/auto/TimeDelayVariableMicrosteps.xml
2 ms. Memory: 288768K Free: 181960K (63%)
----------------- Invoking toplevel() on ptolemy.moml.MoMLSimpleApplication@6713dcbe
----------------- Done invoking toplevel() on ptolemy.moml.MoMLSimpleApplication@6713dcbe
reloadAllAccessors: .TimeDelayVariableMicrosteps

===========================================================================================
----------------- testing Sat Aug 29 15:40:13 UTC 2020 /home/travis/build/icyphy/ptII/ptolemy/actor/lib/test/auto/TimeGap.xml
----------------- Instantiating /home/travis/build/icyphy/ptII/ptolemy/actor/lib/test/auto/TimeGap.xml
3 ms. Memory: 288768K Free: 176840K (61%)
----------------- Invoking toplevel() on ptolemy.moml.MoMLSimpleApplication@448a529f
----------------- Done invoking toplevel() on ptolemy.moml.MoMLSimpleApplication@448a529f
reloadAllAccessors: .TimeGap

===========================================================================================
----------------- testing Sat Aug 29 15:40:13 UTC 2020 /home/travis/build/icyphy/ptII/ptolemy/actor/lib/test/auto/TimeGap2.xml
----------------- Instantiating /home/travis/build/icyphy/ptII/ptolemy/actor/lib/test/auto/TimeGap2.xml
2 ms. Memory: 288768K Free: 170696K (59%)
----------------- Invoking toplevel() on ptolemy.moml.MoMLSimpleApplication@544cac9b
----------------- Done invoking toplevel() on ptolemy.moml.MoMLSimpleApplication@544cac9b
reloadAllAccessors: .TimeGap2

===========================================================================================
----------------- testing Sat Aug 29 15:40:13 UTC 2020 /home/travis/build/icyphy/ptII/ptolemy/actor/lib/test/auto/TimedSinewave.xml
----------------- Instantiating /home/travis/build/icyphy/ptII/ptolemy/actor/lib/test/auto/TimedSinewave.xml
21 ms. Memory: 288768K Free: 156870K (54%)
----------------- Invoking toplevel() on ptolemy.moml.MoMLSimpleApplication@1dfd5cc6
----------------- Done invoking toplevel() on ptolemy.moml.MoMLSimpleApplication@1dfd5cc6
reloadAllAccessors: .TimedSinewave

===========================================================================================
----------------- testing Sat Aug 29 15:40:13 UTC 2020 /home/travis/build/icyphy/ptII/ptolemy/actor/lib/test/auto/TimedSinewavePhase.xml
----------------- Instantiating /home/travis/build/icyphy/ptII/ptolemy/actor/lib/test/auto/TimedSinewavePhase.xml
8 ms. Memory: 288768K Free: 147144K (51%)
----------------- Invoking toplevel() on ptolemy.moml.MoMLSimpleApplication@2ceff68b
----------------- Done invoking toplevel() on ptolemy.moml.MoMLSimpleApplication@2ceff68b
reloadAllAccessors: .TimedSinewavePhase

===========================================================================================
----------------- testing Sat Aug 29 15:40:13 UTC 2020 /home/travis/build/icyphy/ptII/ptolemy/actor/lib/test/auto/Timer.xml
----------------- Instantiating /home/travis/build/icyphy/ptII/ptolemy/actor/lib/test/auto/Timer.xml
2 ms. Memory: 288768K Free: 141510K (49%)
----------------- Invoking toplevel() on ptolemy.moml.MoMLSimpleApplication@46080c25
----------------- Done invoking toplevel() on ptolemy.moml.MoMLSimpleApplication@46080c25
reloadAllAccessors: .Timer

===========================================================================================
----------------- testing Sat Aug 29 15:40:13 UTC 2020 /home/travis/build/icyphy/ptII/ptolemy/actor/lib/test/auto/TriangularDistTestModel.xml
----------------- Instantiating /home/travis/build/icyphy/ptII/ptolemy/actor/lib/test/auto/TriangularDistTestModel.xml
2 ms. Memory: 288768K Free: 135880K (47%)
----------------- Invoking toplevel() on ptolemy.moml.MoMLSimpleApplication@418348ec
----------------- Done invoking toplevel() on ptolemy.moml.MoMLSimpleApplication@418348ec
reloadAllAccessors: .TriangularDistTestModel

===========================================================================================
----------------- testing Sat Aug 29 15:40:14 UTC 2020 /home/travis/build/icyphy/ptII/ptolemy/actor/lib/test/auto/TrigFunction.xml
----------------- Instantiating /home/travis/build/icyphy/ptII/ptolemy/actor/lib/test/auto/TrigFunction.xml
1 ms. Memory: 288768K Free: 130760K (45%)
----------------- Invoking toplevel() on ptolemy.moml.MoMLSimpleApplication@46f78052
----------------- Done invoking toplevel() on ptolemy.moml.MoMLSimpleApplication@46f78052
reloadAllAccessors: .TrigFunction

===========================================================================================
----------------- testing Sat Aug 29 15:40:14 UTC 2020 /home/travis/build/icyphy/ptII/ptolemy/actor/lib/test/auto/TrigFunctionDE.xml
----------------- Instantiating /home/travis/build/icyphy/ptII/ptolemy/actor/lib/test/auto/TrigFunctionDE.xml
1 ms. Memory: 288768K Free: 125126K (43%)
----------------- Invoking toplevel() on ptolemy.moml.MoMLSimpleApplication@6e353f88
----------------- Done invoking toplevel() on ptolemy.moml.MoMLSimpleApplication@6e353f88
reloadAllAccessors: .TrigFunctionDE

===========================================================================================
----------------- testing Sat Aug 29 15:40:14 UTC 2020 /home/travis/build/icyphy/ptII/ptolemy/actor/lib/test/auto/TrigFunctionInverse.xml
----------------- Instantiating /home/travis/build/icyphy/ptII/ptolemy/actor/lib/test/auto/TrigFunctionInverse.xml
2 ms. Memory: 288768K Free: 120006K (42%)
----------------- Invoking toplevel() on ptolemy.moml.MoMLSimpleApplication@d642fe4
----------------- Done invoking toplevel() on ptolemy.moml.MoMLSimpleApplication@d642fe4
reloadAllAccessors: .TrigFunctionInverse

===========================================================================================
----------------- testing Sat Aug 29 15:40:14 UTC 2020 /home/travis/build/icyphy/ptII/ptolemy/actor/lib/test/auto/TrigFunctionTan.xml
----------------- Instantiating /home/travis/build/icyphy/ptII/ptolemy/actor/lib/test/auto/TrigFunctionTan.xml
2 ms. Memory: 288768K Free: 115910K (40%)
----------------- Invoking toplevel() on ptolemy.moml.MoMLSimpleApplication@30191fa
----------------- Done invoking toplevel() on ptolemy.moml.MoMLSimpleApplication@30191fa
reloadAllAccessors: .TrigFunctionTan

===========================================================================================
----------------- testing Sat Aug 29 15:40:14 UTC 2020 /home/travis/build/icyphy/ptII/ptolemy/actor/lib/test/auto/TriggeredClock.xml
----------------- Instantiating /home/travis/build/icyphy/ptII/ptolemy/actor/lib/test/auto/TriggeredClock.xml
1 ms. Memory: 288768K Free: 110784K (38%)
----------------- Invoking toplevel() on ptolemy.moml.MoMLSimpleApplication@72cb8256
----------------- Done invoking toplevel() on ptolemy.moml.MoMLSimpleApplication@72cb8256
reloadAllAccessors: .TriggeredClock

===========================================================================================
----------------- testing Sat Aug 29 15:40:14 UTC 2020 /home/travis/build/icyphy/ptII/ptolemy/actor/lib/test/auto/URLDirectoryReader.xml
----------------- Instantiating /home/travis/build/icyphy/ptII/ptolemy/actor/lib/test/auto/URLDirectoryReader.xml
39 ms. Memory: 288768K Free: 101064K (35%)
----------------- Invoking toplevel() on ptolemy.moml.MoMLSimpleApplication@2696f338
----------------- Done invoking toplevel() on ptolemy.moml.MoMLSimpleApplication@2696f338
reloadAllAccessors: .URLDirectoryReader

===========================================================================================
----------------- testing Sat Aug 29 15:40:14 UTC 2020 /home/travis/build/icyphy/ptII/ptolemy/actor/lib/test/auto/URLDirectoryReader3.xml
----------------- Instantiating /home/travis/build/icyphy/ptII/ptolemy/actor/lib/test/auto/URLDirectoryReader3.xml
1270 ms. Memory: 288768K Free: 229914K (80%)
----------------- Invoking toplevel() on ptolemy.moml.MoMLSimpleApplication@48305713
----------------- Done invoking toplevel() on ptolemy.moml.MoMLSimpleApplication@48305713
reloadAllAccessors: .URLDirectoryReader3

===========================================================================================
----------------- testing Sat Aug 29 15:40:15 UTC 2020 /home/travis/build/icyphy/ptII/ptolemy/actor/lib/test/auto/UnaryMathFunction.xml
----------------- Instantiating /home/travis/build/icyphy/ptII/ptolemy/actor/lib/test/auto/UnaryMathFunction.xml
5 ms. Memory: 288768K Free: 222083K (77%)
----------------- Invoking toplevel() on ptolemy.moml.MoMLSimpleApplication@3141afd6
----------------- Done invoking toplevel() on ptolemy.moml.MoMLSimpleApplication@3141afd6
reloadAllAccessors: .UnaryMathFunction

===========================================================================================
----------------- testing Sat Aug 29 15:40:15 UTC 2020 /home/travis/build/icyphy/ptII/ptolemy/actor/lib/test/auto/Uniform.xml
----------------- Instantiating /home/travis/build/icyphy/ptII/ptolemy/actor/lib/test/auto/Uniform.xml
4 ms. Memory: 288768K Free: 217473K (75%)
----------------- Invoking toplevel() on ptolemy.moml.MoMLSimpleApplication@21b43351
----------------- Done invoking toplevel() on ptolemy.moml.MoMLSimpleApplication@21b43351
reloadAllAccessors: .Uniform

===========================================================================================
----------------- testing Sat Aug 29 15:40:15 UTC 2020 /home/travis/build/icyphy/ptII/ptolemy/actor/lib/test/auto/UnionDisassemblerTest.xml
----------------- Instantiating /home/travis/build/icyphy/ptII/ptolemy/actor/lib/test/auto/UnionDisassemblerTest.xml
16 ms. Memory: 288768K Free: 213891K (74%)
----------------- Invoking toplevel() on ptolemy.moml.MoMLSimpleApplication@265b2b34
----------------- Done invoking toplevel() on ptolemy.moml.MoMLSimpleApplication@265b2b34
reloadAllAccessors: .UnionDisassemblerTest

===========================================================================================
----------------- testing Sat Aug 29 15:40:15 UTC 2020 /home/travis/build/icyphy/ptII/ptolemy/actor/lib/test/auto/UtilityFunctions.xml
----------------- Instantiating /home/travis/build/icyphy/ptII/ptolemy/actor/lib/test/auto/UtilityFunctions.xml
1 ms. Memory: 288768K Free: 209281K (72%)
----------------- Invoking toplevel() on ptolemy.moml.MoMLSimpleApplication@6b78cb4e
----------------- Done invoking toplevel() on ptolemy.moml.MoMLSimpleApplication@6b78cb4e
reloadAllAccessors: .UtilityFunctions

===========================================================================================
----------------- testing Sat Aug 29 15:40:15 UTC 2020 /home/travis/build/icyphy/ptII/ptolemy/actor/lib/test/auto/VariableSleep.xml
----------------- Instantiating /home/travis/build/icyphy/ptII/ptolemy/actor/lib/test/auto/VariableSleep.xml
503 ms. Memory: 288768K Free: 204161K (71%)
----------------- Invoking toplevel() on ptolemy.moml.MoMLSimpleApplication@29732adb
----------------- Done invoking toplevel() on ptolemy.moml.MoMLSimpleApplication@29732adb
reloadAllAccessors: .VariableSleep

===========================================================================================
----------------- testing Sat Aug 29 15:40:16 UTC 2020 /home/travis/build/icyphy/ptII/ptolemy/actor/lib/test/auto/VectorAssemblerDisassemblerCT.xml
----------------- Instantiating /home/travis/build/icyphy/ptII/ptolemy/actor/lib/test/auto/VectorAssemblerDisassemblerCT.xml
69 ms. Memory: 288768K Free: 183681K (64%)
----------------- Invoking toplevel() on ptolemy.moml.MoMLSimpleApplication@4ea039be
----------------- Done invoking toplevel() on ptolemy.moml.MoMLSimpleApplication@4ea039be
reloadAllAccessors: .VectorAssemblerDisassemblerCT

===========================================================================================
----------------- testing Sat Aug 29 15:40:16 UTC 2020 /home/travis/build/icyphy/ptII/ptolemy/actor/lib/test/auto/VectorAssemblerDisassemblerDE.xml
----------------- Instantiating /home/travis/build/icyphy/ptII/ptolemy/actor/lib/test/auto/VectorAssemblerDisassemblerDE.xml
2 ms. Memory: 288768K Free: 176513K (61%)
----------------- Invoking toplevel() on ptolemy.moml.MoMLSimpleApplication@758cf640
----------------- Done invoking toplevel() on ptolemy.moml.MoMLSimpleApplication@758cf640
reloadAllAccessors: .VectorAssemblerDisassemblerDE

===========================================================================================
----------------- testing Sat Aug 29 15:40:16 UTC 2020 /home/travis/build/icyphy/ptII/ptolemy/actor/lib/test/auto/VectorAssemblerDisassemblerSDF.xml
----------------- Instantiating /home/travis/build/icyphy/ptII/ptolemy/actor/lib/test/auto/VectorAssemblerDisassemblerSDF.xml
2 ms. Memory: 288768K Free: 170369K (59%)
----------------- Invoking toplevel() on ptolemy.moml.MoMLSimpleApplication@5cda7f9
----------------- Done invoking toplevel() on ptolemy.moml.MoMLSimpleApplication@5cda7f9
reloadAllAccessors: .VectorAssemblerDisassemblerSDF

===========================================================================================
----------------- testing Sat Aug 29 15:40:16 UTC 2020 /home/travis/build/icyphy/ptII/ptolemy/actor/lib/test/auto/WallClockTime.xml
----------------- Instantiating /home/travis/build/icyphy/ptII/ptolemy/actor/lib/test/auto/WallClockTime.xml
1005 ms. Memory: 288768K Free: 164739K (57%)
----------------- Invoking toplevel() on ptolemy.moml.MoMLSimpleApplication@102a981e
----------------- Done invoking toplevel() on ptolemy.moml.MoMLSimpleApplication@102a981e
reloadAllAccessors: .WallClockTime

===========================================================================================
----------------- testing Sat Aug 29 15:40:17 UTC 2020 /home/travis/build/icyphy/ptII/ptolemy/actor/lib/test/auto/WidthTestWithSubscriberPublisher.xml
----------------- Instantiating /home/travis/build/icyphy/ptII/ptolemy/actor/lib/test/auto/WidthTestWithSubscriberPublisher.xml
9 ms. Memory: 288768K Free: 146817K (51%)
----------------- Invoking toplevel() on ptolemy.moml.MoMLSimpleApplication@2c84ab86
----------------- Done invoking toplevel() on ptolemy.moml.MoMLSimpleApplication@2c84ab86
reloadAllAccessors: .WidthTestWithSubscriberPublisher

===========================================================================================
----------------- testing Sat Aug 29 15:40:17 UTC 2020 /home/travis/build/icyphy/ptII/ptolemy/actor/lib/test/auto/WidthTestWithSubscriberPublisher2.xml
----------------- Instantiating /home/travis/build/icyphy/ptII/ptolemy/actor/lib/test/auto/WidthTestWithSubscriberPublisher2.xml
2 ms. Memory: 288768K Free: 140673K (49%)
----------------- Invoking toplevel() on ptolemy.moml.MoMLSimpleApplication@2c8cf103
----------------- Done invoking toplevel() on ptolemy.moml.MoMLSimpleApplication@2c8cf103
reloadAllAccessors: .WidthTestWithSubscriberPublisher2

===========================================================================================
----------------- testing Sat Aug 29 15:40:17 UTC 2020 /home/travis/build/icyphy/ptII/ptolemy/actor/lib/test/auto/WidthTestWithSubscriberPublisher3.xml
----------------- Instantiating /home/travis/build/icyphy/ptII/ptolemy/actor/lib/test/auto/WidthTestWithSubscriberPublisher3.xml
2 ms. Memory: 288768K Free: 135043K (47%)
----------------- Invoking toplevel() on ptolemy.moml.MoMLSimpleApplication@581ca59d
----------------- Done invoking toplevel() on ptolemy.moml.MoMLSimpleApplication@581ca59d
reloadAllAccessors: .WidthTestWithSubscriberPublisher3

===========================================================================================
----------------- testing Sat Aug 29 15:40:17 UTC 2020 /home/travis/build/icyphy/ptII/ptolemy/actor/lib/test/auto/Writer.xml
----------------- Instantiating /home/travis/build/icyphy/ptII/ptolemy/actor/lib/test/auto/Writer.xml
0
1
2
3
4
1 ms. Memory: 288768K Free: 130403K (45%)
----------------- Invoking toplevel() on ptolemy.moml.MoMLSimpleApplication@6471bfb0
----------------- Done invoking toplevel() on ptolemy.moml.MoMLSimpleApplication@6471bfb0
reloadAllAccessors: .Writer

===========================================================================================
----------------- testing Sat Aug 29 15:40:17 UTC 2020 /home/travis/build/icyphy/ptII/ptolemy/actor/lib/test/auto/array.xml
----------------- Instantiating /home/travis/build/icyphy/ptII/ptolemy/actor/lib/test/auto/array.xml
4 ms. Memory: 288768K Free: 125827K (44%)
----------------- Invoking toplevel() on ptolemy.moml.MoMLSimpleApplication@7cc936d3
----------------- Done invoking toplevel() on ptolemy.moml.MoMLSimpleApplication@7cc936d3
reloadAllAccessors: .array

===========================================================================================
----------------- testing Sat Aug 29 15:40:17 UTC 2020 /home/travis/build/icyphy/ptII/ptolemy/actor/lib/test/auto/array2.xml
----------------- Instantiating /home/travis/build/icyphy/ptII/ptolemy/actor/lib/test/auto/array2.xml
16 ms. Memory: 288768K Free: 120707K (42%)
----------------- Invoking toplevel() on ptolemy.moml.MoMLSimpleApplication@42cc7d6f
----------------- Done invoking toplevel() on ptolemy.moml.MoMLSimpleApplication@42cc7d6f
reloadAllAccessors: .array2

===========================================================================================
----------------- testing Sat Aug 29 15:40:17 UTC 2020 /home/travis/build/icyphy/ptII/ptolemy/actor/lib/test/auto/arrayType.xml
----------------- Instantiating /home/travis/build/icyphy/ptII/ptolemy/actor/lib/test/auto/arrayType.xml
2 ms. Memory: 288768K Free: 115587K (40%)
----------------- Invoking toplevel() on ptolemy.moml.MoMLSimpleApplication@192fb0dc
----------------- Done invoking toplevel() on ptolemy.moml.MoMLSimpleApplication@192fb0dc
reloadAllAccessors: .arrayType

===========================================================================================
----------------- testing Sat Aug 29 15:40:17 UTC 2020 /home/travis/build/icyphy/ptII/ptolemy/actor/lib/test/auto/arrayType10.xml
----------------- Instantiating /home/travis/build/icyphy/ptII/ptolemy/actor/lib/test/auto/arrayType10.xml
1 ms. Memory: 288768K Free: 110467K (38%)
----------------- Invoking toplevel() on ptolemy.moml.MoMLSimpleApplication@7cb357bc
----------------- Done invoking toplevel() on ptolemy.moml.MoMLSimpleApplication@7cb357bc
reloadAllAccessors: .arrayType10

===========================================================================================
----------------- testing Sat Aug 29 15:40:17 UTC 2020 /home/travis/build/icyphy/ptII/ptolemy/actor/lib/test/auto/arrayType11.xml
----------------- Instantiating /home/travis/build/icyphy/ptII/ptolemy/actor/lib/test/auto/arrayType11.xml
1 ms. Memory: 288768K Free: 105857K (37%)
----------------- Invoking toplevel() on ptolemy.moml.MoMLSimpleApplication@32c44974
----------------- Done invoking toplevel() on ptolemy.moml.MoMLSimpleApplication@32c44974
reloadAllAccessors: .arrayType11

===========================================================================================
----------------- testing Sat Aug 29 15:40:17 UTC 2020 /home/travis/build/icyphy/ptII/ptolemy/actor/lib/test/auto/arrayType12.xml
----------------- Instantiating /home/travis/build/icyphy/ptII/ptolemy/actor/lib/test/auto/arrayType12.xml
1 ms. Memory: 288768K Free: 101251K (35%)
----------------- Invoking toplevel() on ptolemy.moml.MoMLSimpleApplication@40b0e43d
----------------- Done invoking toplevel() on ptolemy.moml.MoMLSimpleApplication@40b0e43d
reloadAllAccessors: .arrayType12

===========================================================================================
----------------- testing Sat Aug 29 15:40:17 UTC 2020 /home/travis/build/icyphy/ptII/ptolemy/actor/lib/test/auto/arrayType13.xml
----------------- Instantiating /home/travis/build/icyphy/ptII/ptolemy/actor/lib/test/auto/arrayType13.xml
1 ms. Memory: 288768K Free: 96131K (33%)
----------------- Invoking toplevel() on ptolemy.moml.MoMLSimpleApplication@103eb53
----------------- Done invoking toplevel() on ptolemy.moml.MoMLSimpleApplication@103eb53
reloadAllAccessors: .arrayType13

===========================================================================================
----------------- testing Sat Aug 29 15:40:17 UTC 2020 /home/travis/build/icyphy/ptII/ptolemy/actor/lib/test/auto/arrayType14.xml
----------------- Instantiating /home/travis/build/icyphy/ptII/ptolemy/actor/lib/test/auto/arrayType14.xml
1 ms. Memory: 288768K Free: 90497K (31%)
----------------- Invoking toplevel() on ptolemy.moml.MoMLSimpleApplication@65dff212
----------------- Done invoking toplevel() on ptolemy.moml.MoMLSimpleApplication@65dff212
reloadAllAccessors: .arrayType14

===========================================================================================
----------------- testing Sat Aug 29 15:40:17 UTC 2020 /home/travis/build/icyphy/ptII/ptolemy/actor/lib/test/auto/arrayType15.xml
----------------- Instantiating /home/travis/build/icyphy/ptII/ptolemy/actor/lib/test/auto/arrayType15.xml
2 ms. Memory: 288768K Free: 85363K (30%)
----------------- Invoking toplevel() on ptolemy.moml.MoMLSimpleApplication@468cb880
----------------- Done invoking toplevel() on ptolemy.moml.MoMLSimpleApplication@468cb880
reloadAllAccessors: .arrayType15

===========================================================================================
----------------- testing Sat Aug 29 15:40:17 UTC 2020 /home/travis/build/icyphy/ptII/ptolemy/actor/lib/test/auto/arrayType16.xml
----------------- Instantiating /home/travis/build/icyphy/ptII/ptolemy/actor/lib/test/auto/arrayType16.xml
1 ms. Memory: 288768K Free: 80257K (28%)
----------------- Invoking toplevel() on ptolemy.moml.MoMLSimpleApplication@78526823
----------------- Done invoking toplevel() on ptolemy.moml.MoMLSimpleApplication@78526823
reloadAllAccessors: .arrayType16

===========================================================================================
----------------- testing Sat Aug 29 15:40:17 UTC 2020 /home/travis/build/icyphy/ptII/ptolemy/actor/lib/test/auto/arrayType17.xml
----------------- Instantiating /home/travis/build/icyphy/ptII/ptolemy/actor/lib/test/auto/arrayType17.xml
2 ms. Memory: 288768K Free: 75137K (26%)
----------------- Invoking toplevel() on ptolemy.moml.MoMLSimpleApplication@75ec623
----------------- Done invoking toplevel() on ptolemy.moml.MoMLSimpleApplication@75ec623
reloadAllAccessors: .arrayType17

===========================================================================================
----------------- testing Sat Aug 29 15:40:17 UTC 2020 /home/travis/build/icyphy/ptII/ptolemy/actor/lib/test/auto/arrayType18.xml
----------------- Instantiating /home/travis/build/icyphy/ptII/ptolemy/actor/lib/test/auto/arrayType18.xml
1 ms. Memory: 288768K Free: 70017K (24%)
----------------- Invoking toplevel() on ptolemy.moml.MoMLSimpleApplication@4089cd6f
----------------- Done invoking toplevel() on ptolemy.moml.MoMLSimpleApplication@4089cd6f
reloadAllAccessors: .arrayType18

===========================================================================================
----------------- testing Sat Aug 29 15:40:17 UTC 2020 /home/travis/build/icyphy/ptII/ptolemy/actor/lib/test/auto/arrayType19.xml
----------------- Instantiating /home/travis/build/icyphy/ptII/ptolemy/actor/lib/test/auto/arrayType19.xml
2 ms. Memory: 288768K Free: 234726K (81%)
----------------- Invoking toplevel() on ptolemy.moml.MoMLSimpleApplication@1ddc1360
----------------- Done invoking toplevel() on ptolemy.moml.MoMLSimpleApplication@1ddc1360
reloadAllAccessors: .arrayType19

===========================================================================================
----------------- testing Sat Aug 29 15:40:17 UTC 2020 /home/travis/build/icyphy/ptII/ptolemy/actor/lib/test/auto/arrayType2.xml
----------------- Instantiating /home/travis/build/icyphy/ptII/ptolemy/actor/lib/test/auto/arrayType2.xml
1 ms. Memory: 288768K Free: 228879K (79%)
----------------- Invoking toplevel() on ptolemy.moml.MoMLSimpleApplication@1a39d1db
----------------- Done invoking toplevel() on ptolemy.moml.MoMLSimpleApplication@1a39d1db
reloadAllAccessors: .arrayType2

===========================================================================================
----------------- testing Sat Aug 29 15:40:17 UTC 2020 /home/travis/build/icyphy/ptII/ptolemy/actor/lib/test/auto/arrayType20.xml
----------------- Instantiating /home/travis/build/icyphy/ptII/ptolemy/actor/lib/test/auto/arrayType20.xml
2 ms. Memory: 288768K Free: 224273K (78%)
----------------- Invoking toplevel() on ptolemy.moml.MoMLSimpleApplication@aa7d624
----------------- Done invoking toplevel() on ptolemy.moml.MoMLSimpleApplication@aa7d624
reloadAllAccessors: .arrayType20

===========================================================================================
----------------- testing Sat Aug 29 15:40:17 UTC 2020 /home/travis/build/icyphy/ptII/ptolemy/actor/lib/test/auto/arrayType21.xml
----------------- Instantiating /home/travis/build/icyphy/ptII/ptolemy/actor/lib/test/auto/arrayType21.xml
1 ms. Memory: 288768K Free: 219663K (76%)
----------------- Invoking toplevel() on ptolemy.moml.MoMLSimpleApplication@4e815cd
----------------- Done invoking toplevel() on ptolemy.moml.MoMLSimpleApplication@4e815cd
reloadAllAccessors: .arrayType21

===========================================================================================
----------------- testing Sat Aug 29 15:40:17 UTC 2020 /home/travis/build/icyphy/ptII/ptolemy/actor/lib/test/auto/arrayType22.xml
----------------- Instantiating /home/travis/build/icyphy/ptII/ptolemy/actor/lib/test/auto/arrayType22.xml
1 ms. Memory: 288768K Free: 214543K (74%)
----------------- Invoking toplevel() on ptolemy.moml.MoMLSimpleApplication@64c935d7
----------------- Done invoking toplevel() on ptolemy.moml.MoMLSimpleApplication@64c935d7
reloadAllAccessors: .arrayType22

===========================================================================================
----------------- testing Sat Aug 29 15:40:17 UTC 2020 /home/travis/build/icyphy/ptII/ptolemy/actor/lib/test/auto/arrayType23.xml
----------------- Instantiating /home/travis/build/icyphy/ptII/ptolemy/actor/lib/test/auto/arrayType23.xml
1 ms. Memory: 288768K Free: 209937K (73%)
----------------- Invoking toplevel() on ptolemy.moml.MoMLSimpleApplication@79f96d49
----------------- Done invoking toplevel() on ptolemy.moml.MoMLSimpleApplication@79f96d49
reloadAllAccessors: .arrayType23

===========================================================================================
----------------- testing Sat Aug 29 15:40:18 UTC 2020 /home/travis/build/icyphy/ptII/ptolemy/actor/lib/test/auto/arrayType24.xml
----------------- Instantiating /home/travis/build/icyphy/ptII/ptolemy/actor/lib/test/auto/arrayType24.xml
1 ms. Memory: 288768K Free: 205327K (71%)
----------------- Invoking toplevel() on ptolemy.moml.MoMLSimpleApplication@38910359
----------------- Done invoking toplevel() on ptolemy.moml.MoMLSimpleApplication@38910359
reloadAllAccessors: .arrayType24

===========================================================================================
----------------- testing Sat Aug 29 15:40:18 UTC 2020 /home/travis/build/icyphy/ptII/ptolemy/actor/lib/test/auto/arrayType25.xml
----------------- Instantiating /home/travis/build/icyphy/ptII/ptolemy/actor/lib/test/auto/arrayType25.xml
2 ms. Memory: 288768K Free: 200207K (69%)
----------------- Invoking toplevel() on ptolemy.moml.MoMLSimpleApplication@341ceb24
----------------- Done invoking toplevel() on ptolemy.moml.MoMLSimpleApplication@341ceb24
reloadAllAccessors: .arrayType25

===========================================================================================
----------------- testing Sat Aug 29 15:40:18 UTC 2020 /home/travis/build/icyphy/ptII/ptolemy/actor/lib/test/auto/arrayType26.xml
----------------- Instantiating /home/travis/build/icyphy/ptII/ptolemy/actor/lib/test/auto/arrayType26.xml
2 ms. Memory: 288768K Free: 194577K (67%)
----------------- Invoking toplevel() on ptolemy.moml.MoMLSimpleApplication@7b21fd25
----------------- Done invoking toplevel() on ptolemy.moml.MoMLSimpleApplication@7b21fd25
reloadAllAccessors: .arrayType26

===========================================================================================
----------------- testing Sat Aug 29 15:40:18 UTC 2020 /home/travis/build/icyphy/ptII/ptolemy/actor/lib/test/auto/arrayType27.xml
----------------- Instantiating /home/travis/build/icyphy/ptII/ptolemy/actor/lib/test/auto/arrayType27.xml
3 ms. Memory: 288768K Free: 189457K (66%)
----------------- Invoking toplevel() on ptolemy.moml.MoMLSimpleApplication@46de0a37
----------------- Done invoking toplevel() on ptolemy.moml.MoMLSimpleApplication@46de0a37
reloadAllAccessors: .arrayType27

===========================================================================================
----------------- testing Sat Aug 29 15:40:18 UTC 2020 /home/travis/build/icyphy/ptII/ptolemy/actor/lib/test/auto/arrayType28.xml
----------------- Instantiating /home/travis/build/icyphy/ptII/ptolemy/actor/lib/test/auto/arrayType28.xml
1 ms. Memory: 288768K Free: 184337K (64%)
----------------- Invoking toplevel() on ptolemy.moml.MoMLSimpleApplication@4836575d
----------------- Done invoking toplevel() on ptolemy.moml.MoMLSimpleApplication@4836575d
reloadAllAccessors: .arrayType28

===========================================================================================
----------------- testing Sat Aug 29 15:40:18 UTC 2020 /home/travis/build/icyphy/ptII/ptolemy/actor/lib/test/auto/arrayType3.xml
----------------- Instantiating /home/travis/build/icyphy/ptII/ptolemy/actor/lib/test/auto/arrayType3.xml
1 ms. Memory: 288768K Free: 178703K (62%)
----------------- Invoking toplevel() on ptolemy.moml.MoMLSimpleApplication@6d53da63
----------------- Done invoking toplevel() on ptolemy.moml.MoMLSimpleApplication@6d53da63
reloadAllAccessors: .arrayType3

===========================================================================================
----------------- testing Sat Aug 29 15:40:18 UTC 2020 /home/travis/build/icyphy/ptII/ptolemy/actor/lib/test/auto/arrayType4.xml
----------------- Instantiating /home/travis/build/icyphy/ptII/ptolemy/actor/lib/test/auto/arrayType4.xml
1 ms. Memory: 288768K Free: 173569K (60%)
----------------- Invoking toplevel() on ptolemy.moml.MoMLSimpleApplication@57f8a898
----------------- Done invoking toplevel() on ptolemy.moml.MoMLSimpleApplication@57f8a898
reloadAllAccessors: .arrayType4

===========================================================================================
----------------- testing Sat Aug 29 15:40:18 UTC 2020 /home/travis/build/icyphy/ptII/ptolemy/actor/lib/test/auto/arrayType5.xml
----------------- Instantiating /home/travis/build/icyphy/ptII/ptolemy/actor/lib/test/auto/arrayType5.xml
1 ms. Memory: 288768K Free: 168463K (58%)
----------------- Invoking toplevel() on ptolemy.moml.MoMLSimpleApplication@54852cf6
----------------- Done invoking toplevel() on ptolemy.moml.MoMLSimpleApplication@54852cf6
reloadAllAccessors: .arrayType5

===========================================================================================
----------------- testing Sat Aug 29 15:40:18 UTC 2020 /home/travis/build/icyphy/ptII/ptolemy/actor/lib/test/auto/arrayType6.xml
----------------- Instantiating /home/travis/build/icyphy/ptII/ptolemy/actor/lib/test/auto/arrayType6.xml
1 ms. Memory: 288768K Free: 163343K (57%)
----------------- Invoking toplevel() on ptolemy.moml.MoMLSimpleApplication@5e3e7fa5
----------------- Done invoking toplevel() on ptolemy.moml.MoMLSimpleApplication@5e3e7fa5
reloadAllAccessors: .arrayType6

===========================================================================================
----------------- testing Sat Aug 29 15:40:18 UTC 2020 /home/travis/build/icyphy/ptII/ptolemy/actor/lib/test/auto/arrayType7.xml
----------------- Instantiating /home/travis/build/icyphy/ptII/ptolemy/actor/lib/test/auto/arrayType7.xml
6 ms. Memory: 288768K Free: 158735K (55%)
----------------- Invoking toplevel() on ptolemy.moml.MoMLSimpleApplication@2953d12b
----------------- Done invoking toplevel() on ptolemy.moml.MoMLSimpleApplication@2953d12b
reloadAllAccessors: .arrayType7

===========================================================================================
----------------- testing Sat Aug 29 15:40:18 UTC 2020 /home/travis/build/icyphy/ptII/ptolemy/actor/lib/test/auto/arrayType8.xml
----------------- Instantiating /home/travis/build/icyphy/ptII/ptolemy/actor/lib/test/auto/arrayType8.xml
1 ms. Memory: 288768K Free: 153617K (53%)
----------------- Invoking toplevel() on ptolemy.moml.MoMLSimpleApplication@53e1998a
----------------- Done invoking toplevel() on ptolemy.moml.MoMLSimpleApplication@53e1998a
reloadAllAccessors: .arrayType8

===========================================================================================
----------------- testing Sat Aug 29 15:40:18 UTC 2020 /home/travis/build/icyphy/ptII/ptolemy/actor/lib/test/auto/arrayType9.xml
----------------- Instantiating /home/travis/build/icyphy/ptII/ptolemy/actor/lib/test/auto/arrayType9.xml
1 ms. Memory: 288768K Free: 149007K (52%)
----------------- Invoking toplevel() on ptolemy.moml.MoMLSimpleApplication@1d5854d
----------------- Done invoking toplevel() on ptolemy.moml.MoMLSimpleApplication@1d5854d
reloadAllAccessors: .arrayType9

===========================================================================================
----------------- testing Sat Aug 29 15:40:18 UTC 2020 /home/travis/build/icyphy/ptII/ptolemy/actor/lib/test/auto/cast.xml
----------------- Instantiating /home/travis/build/icyphy/ptII/ptolemy/actor/lib/test/auto/cast.xml
2 ms. Memory: 288768K Free: 143887K (50%)
----------------- Invoking toplevel() on ptolemy.moml.MoMLSimpleApplication@441e9753
----------------- Done invoking toplevel() on ptolemy.moml.MoMLSimpleApplication@441e9753
reloadAllAccessors: .cast

===========================================================================================
----------------- testing Sat Aug 29 15:40:18 UTC 2020 /home/travis/build/icyphy/ptII/ptolemy/actor/lib/test/auto/compositeMultiPort.xml
----------------- Instantiating /home/travis/build/icyphy/ptII/ptolemy/actor/lib/test/auto/compositeMultiPort.xml
3 ms. Memory: 288768K Free: 135185K (47%)
----------------- Invoking toplevel() on ptolemy.moml.MoMLSimpleApplication@176d11a5
----------------- Done invoking toplevel() on ptolemy.moml.MoMLSimpleApplication@176d11a5
reloadAllAccessors: .compositeMultiPort

===========================================================================================
----------------- testing Sat Aug 29 15:40:18 UTC 2020 /home/travis/build/icyphy/ptII/ptolemy/actor/lib/test/auto/expressionCastInference.xml
----------------- Instantiating /home/travis/build/icyphy/ptII/ptolemy/actor/lib/test/auto/expressionCastInference.xml
2 ms. Memory: 288768K Free: 130575K (45%)
----------------- Invoking toplevel() on ptolemy.moml.MoMLSimpleApplication@47aa9d02
----------------- Done invoking toplevel() on ptolemy.moml.MoMLSimpleApplication@47aa9d02
reloadAllAccessors: .expressionCastInference

===========================================================================================
----------------- testing Sat Aug 29 15:40:18 UTC 2020 /home/travis/build/icyphy/ptII/ptolemy/actor/lib/test/auto/expressionCastInference2.xml
----------------- Instantiating /home/travis/build/icyphy/ptII/ptolemy/actor/lib/test/auto/expressionCastInference2.xml
2 ms. Memory: 288768K Free: 125455K (43%)
----------------- Invoking toplevel() on ptolemy.moml.MoMLSimpleApplication@5be3d355
----------------- Done invoking toplevel() on ptolemy.moml.MoMLSimpleApplication@5be3d355
reloadAllAccessors: .expressionCastInference2

===========================================================================================
----------------- testing Sat Aug 29 15:40:18 UTC 2020 /home/travis/build/icyphy/ptII/ptolemy/actor/lib/test/auto/expressionInference.xml
----------------- Instantiating /home/travis/build/icyphy/ptII/ptolemy/actor/lib/test/auto/expressionInference.xml
1 ms. Memory: 288768K Free: 121359K (42%)
----------------- Invoking toplevel() on ptolemy.moml.MoMLSimpleApplication@fc1ca5e
----------------- Done invoking toplevel() on ptolemy.moml.MoMLSimpleApplication@fc1ca5e
reloadAllAccessors: .expressionInference

===========================================================================================
----------------- testing Sat Aug 29 15:40:18 UTC 2020 /home/travis/build/icyphy/ptII/ptolemy/actor/lib/test/auto/expression_bug.xml
----------------- Instantiating /home/travis/build/icyphy/ptII/ptolemy/actor/lib/test/auto/expression_bug.xml
1 ms. Memory: 288768K Free: 117263K (41%)
----------------- Invoking toplevel() on ptolemy.moml.MoMLSimpleApplication@42c3ca5c
----------------- Done invoking toplevel() on ptolemy.moml.MoMLSimpleApplication@42c3ca5c
reloadAllAccessors: .expression_bug

===========================================================================================
----------------- testing Sat Aug 29 15:40:18 UTC 2020 /home/travis/build/icyphy/ptII/ptolemy/actor/lib/test/auto/factorial.xml
----------------- Instantiating /home/travis/build/icyphy/ptII/ptolemy/actor/lib/test/auto/factorial.xml
31 ms. Memory: 288768K Free: 108561K (38%)
----------------- Invoking toplevel() on ptolemy.moml.MoMLSimpleApplication@1d88acb2
----------------- Done invoking toplevel() on ptolemy.moml.MoMLSimpleApplication@1d88acb2
reloadAllAccessors: .factorial

===========================================================================================
----------------- testing Sat Aug 29 15:40:18 UTC 2020 /home/travis/build/icyphy/ptII/ptolemy/actor/lib/test/auto/filterTest1.xml
----------------- Instantiating /home/travis/build/icyphy/ptII/ptolemy/actor/lib/test/auto/filterTest1.xml
3 ms. Memory: 288768K Free: 102927K (36%)
----------------- Invoking toplevel() on ptolemy.moml.MoMLSimpleApplication@7192800b
----------------- Done invoking toplevel() on ptolemy.moml.MoMLSimpleApplication@7192800b
reloadAllAccessors: .filterTest1

===========================================================================================
----------------- testing Sat Aug 29 15:40:18 UTC 2020 /home/travis/build/icyphy/ptII/ptolemy/actor/lib/test/auto/funcApplyInConst.xml
----------------- Instantiating /home/travis/build/icyphy/ptII/ptolemy/actor/lib/test/auto/funcApplyInConst.xml
2 ms. Memory: 288768K Free: 99345K (34%)
----------------- Invoking toplevel() on ptolemy.moml.MoMLSimpleApplication@1c183e6b
----------------- Done invoking toplevel() on ptolemy.moml.MoMLSimpleApplication@1c183e6b
reloadAllAccessors: .funcApplyInConst

===========================================================================================
----------------- testing Sat Aug 29 15:40:18 UTC 2020 /home/travis/build/icyphy/ptII/ptolemy/actor/lib/test/auto/funcApplyInExpr.xml
----------------- Instantiating /home/travis/build/icyphy/ptII/ptolemy/actor/lib/test/auto/funcApplyInExpr.xml
2 ms. Memory: 288768K Free: 95249K (33%)
----------------- Invoking toplevel() on ptolemy.moml.MoMLSimpleApplication@637b2ff6
----------------- Done invoking toplevel() on ptolemy.moml.MoMLSimpleApplication@637b2ff6
reloadAllAccessors: .funcApplyInExpr

===========================================================================================
----------------- testing Sat Aug 29 15:40:18 UTC 2020 /home/travis/build/icyphy/ptII/ptolemy/actor/lib/test/auto/function.xml
----------------- Instantiating /home/travis/build/icyphy/ptII/ptolemy/actor/lib/test/auto/function.xml
2 ms. Memory: 288768K Free: 90639K (31%)
----------------- Invoking toplevel() on ptolemy.moml.MoMLSimpleApplication@1ee1e04f
----------------- Done invoking toplevel() on ptolemy.moml.MoMLSimpleApplication@1ee1e04f
reloadAllAccessors: .function

===========================================================================================
----------------- testing Sat Aug 29 15:40:18 UTC 2020 /home/travis/build/icyphy/ptII/ptolemy/actor/lib/test/auto/function2.xml
----------------- Instantiating /home/travis/build/icyphy/ptII/ptolemy/actor/lib/test/auto/function2.xml
3 ms. Memory: 288768K Free: 86033K (30%)
----------------- Invoking toplevel() on ptolemy.moml.MoMLSimpleApplication@2ad053c4
----------------- Done invoking toplevel() on ptolemy.moml.MoMLSimpleApplication@2ad053c4
reloadAllAccessors: .function2

===========================================================================================
----------------- testing Sat Aug 29 15:40:18 UTC 2020 /home/travis/build/icyphy/ptII/ptolemy/actor/lib/test/auto/function3.xml
----------------- Instantiating /home/travis/build/icyphy/ptII/ptolemy/actor/lib/test/auto/function3.xml
1 ms. Memory: 288768K Free: 81937K (28%)
----------------- Invoking toplevel() on ptolemy.moml.MoMLSimpleApplication@1ff2afc3
----------------- Done invoking toplevel() on ptolemy.moml.MoMLSimpleApplication@1ff2afc3
reloadAllAccessors: .function3

===========================================================================================
----------------- testing Sat Aug 29 15:40:18 UTC 2020 /home/travis/build/icyphy/ptII/ptolemy/actor/lib/test/auto/functionClosureTest1.xml
----------------- Instantiating /home/travis/build/icyphy/ptII/ptolemy/actor/lib/test/auto/functionClosureTest1.xml
1 ms. Memory: 288768K Free: 76303K (26%)
----------------- Invoking toplevel() on ptolemy.moml.MoMLSimpleApplication@758fab70
----------------- Done invoking toplevel() on ptolemy.moml.MoMLSimpleApplication@758fab70
reloadAllAccessors: .functionClosureTest1

===========================================================================================
----------------- testing Sat Aug 29 15:40:18 UTC 2020 /home/travis/build/icyphy/ptII/ptolemy/actor/lib/test/auto/functionClosureTest2.xml
----------------- Instantiating /home/travis/build/icyphy/ptII/ptolemy/actor/lib/test/auto/functionClosureTest2.xml
1 ms. Memory: 288768K Free: 72207K (25%)
----------------- Invoking toplevel() on ptolemy.moml.MoMLSimpleApplication@2bca5140
----------------- Done invoking toplevel() on ptolemy.moml.MoMLSimpleApplication@2bca5140
reloadAllAccessors: .functionClosureTest2

===========================================================================================
----------------- testing Sat Aug 29 15:40:18 UTC 2020 /home/travis/build/icyphy/ptII/ptolemy/actor/lib/test/auto/functionClosureTest3.xml
----------------- Instantiating /home/travis/build/icyphy/ptII/ptolemy/actor/lib/test/auto/functionClosureTest3.xml
2 ms. Memory: 288768K Free: 66577K (23%)
----------------- Invoking toplevel() on ptolemy.moml.MoMLSimpleApplication@37e0f490
----------------- Done invoking toplevel() on ptolemy.moml.MoMLSimpleApplication@37e0f490
reloadAllAccessors: .functionClosureTest3

===========================================================================================
----------------- testing Sat Aug 29 15:40:18 UTC 2020 /home/travis/build/icyphy/ptII/ptolemy/actor/lib/test/auto/functionClosureTest4.xml
----------------- Instantiating /home/travis/build/icyphy/ptII/ptolemy/actor/lib/test/auto/functionClosureTest4.xml
4 ms. Memory: 288768K Free: 229701K (80%)
----------------- Invoking toplevel() on ptolemy.moml.MoMLSimpleApplication@4ef84da
----------------- Done invoking toplevel() on ptolemy.moml.MoMLSimpleApplication@4ef84da
reloadAllAccessors: .functionClosureTest4

===========================================================================================
----------------- testing Sat Aug 29 15:40:18 UTC 2020 /home/travis/build/icyphy/ptII/ptolemy/actor/lib/test/auto/functionClosureTest5.xml
----------------- Instantiating /home/travis/build/icyphy/ptII/ptolemy/actor/lib/test/auto/functionClosureTest5.xml
3 ms. Memory: 288768K Free: 224061K (78%)
----------------- Invoking toplevel() on ptolemy.moml.MoMLSimpleApplication@7508d3b
----------------- Done invoking toplevel() on ptolemy.moml.MoMLSimpleApplication@7508d3b
reloadAllAccessors: .functionClosureTest5

===========================================================================================
----------------- testing Sat Aug 29 15:40:18 UTC 2020 /home/travis/build/icyphy/ptII/ptolemy/actor/lib/test/auto/functionClosureTest6.xml
----------------- Instantiating /home/travis/build/icyphy/ptII/ptolemy/actor/lib/test/auto/functionClosureTest6.xml
2 ms. Memory: 288768K Free: 219461K (76%)
----------------- Invoking toplevel() on ptolemy.moml.MoMLSimpleApplication@359e77da
----------------- Done invoking toplevel() on ptolemy.moml.MoMLSimpleApplication@359e77da
reloadAllAccessors: .functionClosureTest6

===========================================================================================
----------------- testing Sat Aug 29 15:40:18 UTC 2020 /home/travis/build/icyphy/ptII/ptolemy/actor/lib/test/auto/functionsOnArcs.xml
----------------- Instantiating /home/travis/build/icyphy/ptII/ptolemy/actor/lib/test/auto/functionsOnArcs.xml
1 ms. Memory: 288768K Free: 214341K (74%)
----------------- Invoking toplevel() on ptolemy.moml.MoMLSimpleApplication@e370220
----------------- Done invoking toplevel() on ptolemy.moml.MoMLSimpleApplication@e370220
reloadAllAccessors: .functionsOnArcs

===========================================================================================
----------------- testing Sat Aug 29 15:40:18 UTC 2020 /home/travis/build/icyphy/ptII/ptolemy/actor/lib/test/auto/functionsOnArcsHOF.xml
----------------- Instantiating /home/travis/build/icyphy/ptII/ptolemy/actor/lib/test/auto/functionsOnArcsHOF.xml
4 ms. Memory: 288768K Free: 208197K (72%)
----------------- Invoking toplevel() on ptolemy.moml.MoMLSimpleApplication@76b2d904
----------------- Done invoking toplevel() on ptolemy.moml.MoMLSimpleApplication@76b2d904
reloadAllAccessors: .functionsOnArcsHOF

===========================================================================================
----------------- testing Sat Aug 29 15:40:18 UTC 2020 /home/travis/build/icyphy/ptII/ptolemy/actor/lib/test/auto/logic.xml
----------------- Instantiating /home/travis/build/icyphy/ptII/ptolemy/actor/lib/test/auto/logic.xml
2 ms. Memory: 288768K Free: 201029K (70%)
----------------- Invoking toplevel() on ptolemy.moml.MoMLSimpleApplication@4c894f0
----------------- Done invoking toplevel() on ptolemy.moml.MoMLSimpleApplication@4c894f0
reloadAllAccessors: .logic

===========================================================================================
----------------- testing Sat Aug 29 15:40:18 UTC 2020 /home/travis/build/icyphy/ptII/ptolemy/actor/lib/test/auto/matrixType.xml
----------------- Instantiating /home/travis/build/icyphy/ptII/ptolemy/actor/lib/test/auto/matrixType.xml
1 ms. Memory: 288768K Free: 196419K (68%)
----------------- Invoking toplevel() on ptolemy.moml.MoMLSimpleApplication@212c40a5
----------------- Done invoking toplevel() on ptolemy.moml.MoMLSimpleApplication@212c40a5
reloadAllAccessors: .matrixType

===========================================================================================
----------------- testing Sat Aug 29 15:40:18 UTC 2020 /home/travis/build/icyphy/ptII/ptolemy/actor/lib/test/auto/matrixType10.xml
----------------- Instantiating /home/travis/build/icyphy/ptII/ptolemy/actor/lib/test/auto/matrixType10.xml
2 ms. Memory: 288768K Free: 191299K (66%)
----------------- Invoking toplevel() on ptolemy.moml.MoMLSimpleApplication@59909880
----------------- Done invoking toplevel() on ptolemy.moml.MoMLSimpleApplication@59909880
reloadAllAccessors: .matrixType10

===========================================================================================
----------------- testing Sat Aug 29 15:40:18 UTC 2020 /home/travis/build/icyphy/ptII/ptolemy/actor/lib/test/auto/matrixType11.xml
----------------- Instantiating /home/travis/build/icyphy/ptII/ptolemy/actor/lib/test/auto/matrixType11.xml
2 ms. Memory: 288768K Free: 186693K (65%)
----------------- Invoking toplevel() on ptolemy.moml.MoMLSimpleApplication@6743fb6b
----------------- Done invoking toplevel() on ptolemy.moml.MoMLSimpleApplication@6743fb6b
reloadAllAccessors: .matrixType11

===========================================================================================
----------------- testing Sat Aug 29 15:40:18 UTC 2020 /home/travis/build/icyphy/ptII/ptolemy/actor/lib/test/auto/matrixType12.xml
----------------- Instantiating /home/travis/build/icyphy/ptII/ptolemy/actor/lib/test/auto/matrixType12.xml
1 ms. Memory: 288768K Free: 181573K (63%)
----------------- Invoking toplevel() on ptolemy.moml.MoMLSimpleApplication@5cfb020c
----------------- Done invoking toplevel() on ptolemy.moml.MoMLSimpleApplication@5cfb020c
reloadAllAccessors: .matrixType12

===========================================================================================
----------------- testing Sat Aug 29 15:40:18 UTC 2020 /home/travis/build/icyphy/ptII/ptolemy/actor/lib/test/auto/matrixType13.xml
----------------- Instantiating /home/travis/build/icyphy/ptII/ptolemy/actor/lib/test/auto/matrixType13.xml
1 ms. Memory: 288768K Free: 176963K (61%)
----------------- Invoking toplevel() on ptolemy.moml.MoMLSimpleApplication@1cdc9b90
----------------- Done invoking toplevel() on ptolemy.moml.MoMLSimpleApplication@1cdc9b90
reloadAllAccessors: .matrixType13

===========================================================================================
----------------- testing Sat Aug 29 15:40:18 UTC 2020 /home/travis/build/icyphy/ptII/ptolemy/actor/lib/test/auto/matrixType14.xml
----------------- Instantiating /home/travis/build/icyphy/ptII/ptolemy/actor/lib/test/auto/matrixType14.xml
2 ms. Memory: 288768K Free: 171843K (60%)
----------------- Invoking toplevel() on ptolemy.moml.MoMLSimpleApplication@2bd04d0f
----------------- Done invoking toplevel() on ptolemy.moml.MoMLSimpleApplication@2bd04d0f
reloadAllAccessors: .matrixType14

===========================================================================================
----------------- testing Sat Aug 29 15:40:18 UTC 2020 /home/travis/build/icyphy/ptII/ptolemy/actor/lib/test/auto/matrixType2.xml
----------------- Instantiating /home/travis/build/icyphy/ptII/ptolemy/actor/lib/test/auto/matrixType2.xml
2 ms. Memory: 288768K Free: 166723K (58%)
----------------- Invoking toplevel() on ptolemy.moml.MoMLSimpleApplication@712ab5cf
----------------- Done invoking toplevel() on ptolemy.moml.MoMLSimpleApplication@712ab5cf
reloadAllAccessors: .matrixType2

===========================================================================================
----------------- testing Sat Aug 29 15:40:18 UTC 2020 /home/travis/build/icyphy/ptII/ptolemy/actor/lib/test/auto/matrixType3.xml
----------------- Instantiating /home/travis/build/icyphy/ptII/ptolemy/actor/lib/test/auto/matrixType3.xml
3 ms. Memory: 288768K Free: 162117K (56%)
----------------- Invoking toplevel() on ptolemy.moml.MoMLSimpleApplication@2f337514
----------------- Done invoking toplevel() on ptolemy.moml.MoMLSimpleApplication@2f337514
reloadAllAccessors: .matrixType3

===========================================================================================
----------------- testing Sat Aug 29 15:40:18 UTC 2020 /home/travis/build/icyphy/ptII/ptolemy/actor/lib/test/auto/matrixType4.xml
----------------- Instantiating /home/travis/build/icyphy/ptII/ptolemy/actor/lib/test/auto/matrixType4.xml
2 ms. Memory: 288768K Free: 156997K (54%)
----------------- Invoking toplevel() on ptolemy.moml.MoMLSimpleApplication@586c15ce
----------------- Done invoking toplevel() on ptolemy.moml.MoMLSimpleApplication@586c15ce
reloadAllAccessors: .matrixType4

===========================================================================================
----------------- testing Sat Aug 29 15:40:18 UTC 2020 /home/travis/build/icyphy/ptII/ptolemy/actor/lib/test/auto/matrixType5.xml
----------------- Instantiating /home/travis/build/icyphy/ptII/ptolemy/actor/lib/test/auto/matrixType5.xml
2 ms. Memory: 288768K Free: 152387K (53%)
----------------- Invoking toplevel() on ptolemy.moml.MoMLSimpleApplication@bb90c75
----------------- Done invoking toplevel() on ptolemy.moml.MoMLSimpleApplication@bb90c75
reloadAllAccessors: .matrixType5

===========================================================================================
----------------- testing Sat Aug 29 15:40:18 UTC 2020 /home/travis/build/icyphy/ptII/ptolemy/actor/lib/test/auto/matrixType6.xml
----------------- Instantiating /home/travis/build/icyphy/ptII/ptolemy/actor/lib/test/auto/matrixType6.xml
1 ms. Memory: 288768K Free: 147781K (51%)
----------------- Invoking toplevel() on ptolemy.moml.MoMLSimpleApplication@3e52eae0
----------------- Done invoking toplevel() on ptolemy.moml.MoMLSimpleApplication@3e52eae0
reloadAllAccessors: .matrixType6

===========================================================================================
----------------- testing Sat Aug 29 15:40:18 UTC 2020 /home/travis/build/icyphy/ptII/ptolemy/actor/lib/test/auto/matrixType7.xml
----------------- Instantiating /home/travis/build/icyphy/ptII/ptolemy/actor/lib/test/auto/matrixType7.xml
2 ms. Memory: 288768K Free: 142661K (49%)
----------------- Invoking toplevel() on ptolemy.moml.MoMLSimpleApplication@7a1d4965
----------------- Done invoking toplevel() on ptolemy.moml.MoMLSimpleApplication@7a1d4965
reloadAllAccessors: .matrixType7

===========================================================================================
----------------- testing Sat Aug 29 15:40:18 UTC 2020 /home/travis/build/icyphy/ptII/ptolemy/actor/lib/test/auto/matrixType8.xml
----------------- Instantiating /home/travis/build/icyphy/ptII/ptolemy/actor/lib/test/auto/matrixType8.xml
2 ms. Memory: 288768K Free: 138051K (48%)
----------------- Invoking toplevel() on ptolemy.moml.MoMLSimpleApplication@653c1301
----------------- Done invoking toplevel() on ptolemy.moml.MoMLSimpleApplication@653c1301
reloadAllAccessors: .matrixType8

===========================================================================================
----------------- testing Sat Aug 29 15:40:18 UTC 2020 /home/travis/build/icyphy/ptII/ptolemy/actor/lib/test/auto/matrixType9.xml
----------------- Instantiating /home/travis/build/icyphy/ptII/ptolemy/actor/lib/test/auto/matrixType9.xml
1 ms. Memory: 288768K Free: 132931K (46%)
----------------- Invoking toplevel() on ptolemy.moml.MoMLSimpleApplication@42569da1
----------------- Done invoking toplevel() on ptolemy.moml.MoMLSimpleApplication@42569da1
reloadAllAccessors: .matrixType9

===========================================================================================
----------------- testing Sat Aug 29 15:40:18 UTC 2020 /home/travis/build/icyphy/ptII/ptolemy/actor/lib/test/auto/paraFunctest.xml
----------------- Instantiating /home/travis/build/icyphy/ptII/ptolemy/actor/lib/test/auto/paraFunctest.xml
2 ms. Memory: 288768K Free: 129349K (45%)
----------------- Invoking toplevel() on ptolemy.moml.MoMLSimpleApplication@28f9c0f5
----------------- Done invoking toplevel() on ptolemy.moml.MoMLSimpleApplication@28f9c0f5
reloadAllAccessors: .paraFunctest

===========================================================================================
----------------- testing Sat Aug 29 15:40:18 UTC 2020 /home/travis/build/icyphy/ptII/ptolemy/actor/lib/test/auto/paraFunctest2.xml
----------------- Instantiating /home/travis/build/icyphy/ptII/ptolemy/actor/lib/test/auto/paraFunctest2.xml
1 ms. Memory: 288768K Free: 124739K (43%)
----------------- Invoking toplevel() on ptolemy.moml.MoMLSimpleApplication@3a5522b
----------------- Done invoking toplevel() on ptolemy.moml.MoMLSimpleApplication@3a5522b
reloadAllAccessors: .paraFunctest2

===========================================================================================
----------------- testing Sat Aug 29 15:40:18 UTC 2020 /home/travis/build/icyphy/ptII/ptolemy/actor/lib/test/auto/parameterPassing.xml
----------------- Instantiating /home/travis/build/icyphy/ptII/ptolemy/actor/lib/test/auto/parameterPassing.xml
1 ms. Memory: 288768K Free: 120133K (42%)
----------------- Invoking toplevel() on ptolemy.moml.MoMLSimpleApplication@39a9b016
----------------- Done invoking toplevel() on ptolemy.moml.MoMLSimpleApplication@39a9b016
reloadAllAccessors: .parameterPassing

===========================================================================================
----------------- testing Sat Aug 29 15:40:18 UTC 2020 /home/travis/build/icyphy/ptII/ptolemy/actor/lib/test/auto/record.xml
----------------- Instantiating /home/travis/build/icyphy/ptII/ptolemy/actor/lib/test/auto/record.xml
3 ms. Memory: 288768K Free: 115523K (40%)
----------------- Invoking toplevel() on ptolemy.moml.MoMLSimpleApplication@7c80183e
----------------- Done invoking toplevel() on ptolemy.moml.MoMLSimpleApplication@7c80183e
reloadAllAccessors: .record

===========================================================================================
----------------- testing Sat Aug 29 15:40:18 UTC 2020 /home/travis/build/icyphy/ptII/ptolemy/actor/lib/test/auto/sizedarray1.xml
----------------- Instantiating /home/travis/build/icyphy/ptII/ptolemy/actor/lib/test/auto/sizedarray1.xml
2 ms. Memory: 288768K Free: 109893K (38%)
----------------- Invoking toplevel() on ptolemy.moml.MoMLSimpleApplication@38f2e658
----------------- Done invoking toplevel() on ptolemy.moml.MoMLSimpleApplication@38f2e658
reloadAllAccessors: .sizedarray1

===========================================================================================
----------------- testing Sat Aug 29 15:40:18 UTC 2020 /home/travis/build/icyphy/ptII/ptolemy/actor/lib/test/auto/sizedarray2.xml
----------------- Instantiating /home/travis/build/icyphy/ptII/ptolemy/actor/lib/test/auto/sizedarray2.xml
3 ms. Memory: 288768K Free: 104773K (36%)
----------------- Invoking toplevel() on ptolemy.moml.MoMLSimpleApplication@1582f8b8
----------------- Done invoking toplevel() on ptolemy.moml.MoMLSimpleApplication@1582f8b8
reloadAllAccessors: .sizedarray2

===========================================================================================
----------------- testing Sat Aug 29 15:40:18 UTC 2020 /home/travis/build/icyphy/ptII/ptolemy/actor/lib/test/auto/twoPublishers.xml
----------------- Instantiating /home/travis/build/icyphy/ptII/ptolemy/actor/lib/test/auto/twoPublishers.xml
6 ms. Memory: 288768K Free: 94013K (33%)
----------------- Invoking toplevel() on ptolemy.moml.MoMLSimpleApplication@7cc77261
----------------- Done invoking toplevel() on ptolemy.moml.MoMLSimpleApplication@7cc77261
reloadAllAccessors: .twoPublishers
AutoTests.java: About to close Vertx.
AutoTests.java: Vertx closed.
]]></system-out>
  <system-err><![CDATA[java.lang.RuntimeException: Execution failed
	at ptolemy.moml.MoMLSimpleApplication$UnloadThread.run(MoMLSimpleApplication.java:402)
Caused by: java.lang.RuntimeException: StringUtilities.exit() was called. Normally, we would exit here because Manager.exitAfterWrapup() was called.  However, because the ptolemy.ptII.exitAfterWrapup property is set, we throw this exception instead.
	at ptolemy.util.StringUtilities.exit(StringUtilities.java:365)
	at ptolemy.actor.Manager.wrapup(Manager.java:1549)
	at ptolemy.actor.Manager.execute(Manager.java:407)
	at ptolemy.actor.Manager.run(Manager.java:1263)
	at ptolemy.actor.Manager$PtolemyRunThread.run(Manager.java:1933)
Warning: '.top.test' is in training mode, set the trainingMode parameter to false before checking in
Warning: '.top.test' is in training mode, set the trainingMode parameter to false before checking in
Warning: '.top.test' is in training mode, set the trainingMode parameter to false before checking in
Warning: '.BooleanSwitch_RegressionTest_WrongTrainingValues.Test' is in training mode, set the trainingMode parameter to false before checking in
Warning: '.BooleanSwitch_RegressionTest_WrongTrainingValues.Test2' is in training mode, set the trainingMode parameter to false before checking in
Warning: '.BooleanSwitch_RegressionTest_WrongTrainingValues.Test2' The test produced 0 tokens.
Warning: '.top.testExceptionHandler' is in training mode, set the trainingMode parameter to false before checking in
java.lang.RuntimeException: Execution failed
	at ptolemy.moml.MoMLSimpleApplication$UnloadThread.run(MoMLSimpleApplication.java:402)
Caused by: ptolemy.kernel.util.IllegalActionException: PublisherPorts cannot be used at the top level, use a Publisher actor instead.
  in .PublisherPortToplevelSubscriber.PublisherPort
	at ptolemy.actor.PublisherPort.preinitialize(PublisherPort.java:403)
	at ptolemy.actor.CompositeActor.preinitialize(CompositeActor.java:1769)
	at ptolemy.actor.Manager.preinitializeAndResolveTypes(Manager.java:1040)
	at ptolemy.actor.Manager.initialize(Manager.java:710)
	at ptolemy.actor.Manager.execute(Manager.java:356)
	at ptolemy.actor.Manager.run(Manager.java:1263)
	at ptolemy.actor.Manager$PtolemyRunThread.run(Manager.java:1933)
java.lang.reflect.InvocationTargetException
	at java.base/jdk.internal.reflect.NativeConstructorAccessorImpl.newInstance0(Native Method)
	at java.base/jdk.internal.reflect.NativeConstructorAccessorImpl.newInstance(NativeConstructorAccessorImpl.java:62)
	at java.base/jdk.internal.reflect.DelegatingConstructorAccessorImpl.newInstance(DelegatingConstructorAccessorImpl.java:45)
	at java.base/java.lang.reflect.Constructor.newInstance(Constructor.java:490)
	at ptolemy.util.test.junit.AutoKnownFailedTests.RunModel(AutoKnownFailedTests.java:105)
	at java.base/jdk.internal.reflect.NativeMethodAccessorImpl.invoke0(Native Method)
	at java.base/jdk.internal.reflect.NativeMethodAccessorImpl.invoke(NativeMethodAccessorImpl.java:62)
	at java.base/jdk.internal.reflect.DelegatingMethodAccessorImpl.invoke(DelegatingMethodAccessorImpl.java:43)
	at java.base/java.lang.reflect.Method.invoke(Method.java:566)
	at org.junit.runners.model.FrameworkMethod$1.runReflectiveCall(FrameworkMethod.java:44)
	at org.junit.internal.runners.model.ReflectiveCallable.run(ReflectiveCallable.java:15)
	at org.junit.runners.model.FrameworkMethod.invokeExplosively(FrameworkMethod.java:41)
	at junitparams.internal.InvokeParameterisedMethod.evaluate(InvokeParameterisedMethod.java:102)
	at org.junit.internal.runners.statements.FailOnTimeout$1.run(FailOnTimeout.java:28)
Caused by: ptolemy.kernel.util.IllegalActionException: PublisherPorts cannot be used at the top level, use a Publisher actor instead.
  in .PublisherPortToplevelSubscriber.PublisherPort
	at ptolemy.actor.PublisherPort.preinitialize(PublisherPort.java:403)
	at ptolemy.actor.CompositeActor.preinitialize(CompositeActor.java:1769)
	at ptolemy.actor.Manager.preinitializeAndResolveTypes(Manager.java:1040)
	at ptolemy.actor.Manager.initialize(Manager.java:710)
	at ptolemy.actor.Manager.execute(Manager.java:356)
	at ptolemy.actor.Manager.run(Manager.java:1263)
	at ptolemy.actor.Manager$PtolemyRunThread.run(Manager.java:1933)
java.lang.RuntimeException: Execution failed
	at ptolemy.moml.MoMLSimpleApplication$UnloadThread.run(MoMLSimpleApplication.java:402)
Caused by: ptolemy.kernel.util.IllegalActionException: SubscriberPorts cannot be used at the top level, use a Subscriber actor instead.
  in .PublisherSubscriberPortToplevel.SubscriberPort
	at ptolemy.actor.SubscriberPort.preinitialize(SubscriberPort.java:328)
	at ptolemy.actor.CompositeActor.preinitialize(CompositeActor.java:1769)
	at ptolemy.actor.Manager.preinitializeAndResolveTypes(Manager.java:1040)
	at ptolemy.actor.Manager.initialize(Manager.java:710)
	at ptolemy.actor.Manager.execute(Manager.java:356)
	at ptolemy.actor.Manager.run(Manager.java:1263)
	at ptolemy.actor.Manager$PtolemyRunThread.run(Manager.java:1933)
java.lang.reflect.InvocationTargetException
	at java.base/jdk.internal.reflect.NativeConstructorAccessorImpl.newInstance0(Native Method)
	at java.base/jdk.internal.reflect.NativeConstructorAccessorImpl.newInstance(NativeConstructorAccessorImpl.java:62)
	at java.base/jdk.internal.reflect.DelegatingConstructorAccessorImpl.newInstance(DelegatingConstructorAccessorImpl.java:45)
	at java.base/java.lang.reflect.Constructor.newInstance(Constructor.java:490)
	at ptolemy.util.test.junit.AutoKnownFailedTests.RunModel(AutoKnownFailedTests.java:105)
	at java.base/jdk.internal.reflect.NativeMethodAccessorImpl.invoke0(Native Method)
	at java.base/jdk.internal.reflect.NativeMethodAccessorImpl.invoke(NativeMethodAccessorImpl.java:62)
	at java.base/jdk.internal.reflect.DelegatingMethodAccessorImpl.invoke(DelegatingMethodAccessorImpl.java:43)
	at java.base/java.lang.reflect.Method.invoke(Method.java:566)
	at org.junit.runners.model.FrameworkMethod$1.runReflectiveCall(FrameworkMethod.java:44)
	at org.junit.internal.runners.model.ReflectiveCallable.run(ReflectiveCallable.java:15)
	at org.junit.runners.model.FrameworkMethod.invokeExplosively(FrameworkMethod.java:41)
	at junitparams.internal.InvokeParameterisedMethod.evaluate(InvokeParameterisedMethod.java:102)
	at org.junit.internal.runners.statements.FailOnTimeout$1.run(FailOnTimeout.java:28)
Caused by: ptolemy.kernel.util.IllegalActionException: SubscriberPorts cannot be used at the top level, use a Subscriber actor instead.
  in .PublisherSubscriberPortToplevel.SubscriberPort
	at ptolemy.actor.SubscriberPort.preinitialize(SubscriberPort.java:328)
	at ptolemy.actor.CompositeActor.preinitialize(CompositeActor.java:1769)
	at ptolemy.actor.Manager.preinitializeAndResolveTypes(Manager.java:1040)
	at ptolemy.actor.Manager.initialize(Manager.java:710)
	at ptolemy.actor.Manager.execute(Manager.java:356)
	at ptolemy.actor.Manager.run(Manager.java:1263)
	at ptolemy.actor.Manager$PtolemyRunThread.run(Manager.java:1933)
java.lang.RuntimeException: Execution failed
	at ptolemy.moml.MoMLSimpleApplication$UnloadThread.run(MoMLSimpleApplication.java:402)
Caused by: ptolemy.kernel.util.IllegalActionException: SubscriptionAggregatorPorts cannot be used at the top level, use a SubscriptionAggregator actor instead.
  in .PublisherSubscriptionAggregatorPort.SubscriptionAggregatorPort
	at ptolemy.actor.SubscriptionAggregatorPort.preinitialize(SubscriptionAggregatorPort.java:353)
	at ptolemy.actor.CompositeActor.preinitialize(CompositeActor.java:1769)
	at ptolemy.actor.Manager.preinitializeAndResolveTypes(Manager.java:1040)
	at ptolemy.actor.Manager.initialize(Manager.java:710)
	at ptolemy.actor.Manager.execute(Manager.java:356)
	at ptolemy.actor.Manager.run(Manager.java:1263)
	at ptolemy.actor.Manager$PtolemyRunThread.run(Manager.java:1933)
java.lang.reflect.InvocationTargetException
	at java.base/jdk.internal.reflect.NativeConstructorAccessorImpl.newInstance0(Native Method)
	at java.base/jdk.internal.reflect.NativeConstructorAccessorImpl.newInstance(NativeConstructorAccessorImpl.java:62)
	at java.base/jdk.internal.reflect.DelegatingConstructorAccessorImpl.newInstance(DelegatingConstructorAccessorImpl.java:45)
	at java.base/java.lang.reflect.Constructor.newInstance(Constructor.java:490)
	at ptolemy.util.test.junit.AutoKnownFailedTests.RunModel(AutoKnownFailedTests.java:105)
	at java.base/jdk.internal.reflect.NativeMethodAccessorImpl.invoke0(Native Method)
	at java.base/jdk.internal.reflect.NativeMethodAccessorImpl.invoke(NativeMethodAccessorImpl.java:62)
	at java.base/jdk.internal.reflect.DelegatingMethodAccessorImpl.invoke(DelegatingMethodAccessorImpl.java:43)
	at java.base/java.lang.reflect.Method.invoke(Method.java:566)
	at org.junit.runners.model.FrameworkMethod$1.runReflectiveCall(FrameworkMethod.java:44)
	at org.junit.internal.runners.model.ReflectiveCallable.run(ReflectiveCallable.java:15)
	at org.junit.runners.model.FrameworkMethod.invokeExplosively(FrameworkMethod.java:41)
	at junitparams.internal.InvokeParameterisedMethod.evaluate(InvokeParameterisedMethod.java:102)
	at org.junit.internal.runners.statements.FailOnTimeout$1.run(FailOnTimeout.java:28)
Caused by: ptolemy.kernel.util.IllegalActionException: SubscriptionAggregatorPorts cannot be used at the top level, use a SubscriptionAggregator actor instead.
  in .PublisherSubscriptionAggregatorPort.SubscriptionAggregatorPort
	at ptolemy.actor.SubscriptionAggregatorPort.preinitialize(SubscriptionAggregatorPort.java:353)
	at ptolemy.actor.CompositeActor.preinitialize(CompositeActor.java:1769)
	at ptolemy.actor.Manager.preinitializeAndResolveTypes(Manager.java:1040)
	at ptolemy.actor.Manager.initialize(Manager.java:710)
	at ptolemy.actor.Manager.execute(Manager.java:356)
	at ptolemy.actor.Manager.run(Manager.java:1263)
	at ptolemy.actor.Manager$PtolemyRunThread.run(Manager.java:1933)
java.lang.RuntimeException: Execution failed
	at ptolemy.moml.MoMLSimpleApplication$UnloadThread.run(MoMLSimpleApplication.java:402)
Caused by: ptolemy.kernel.util.IllegalActionException: TypeTest actor has no training data.
  in .sizedarray3.TypeTest
	at ptolemy.actor.lib.TypeTest.initialize(TypeTest.java:250)
	at ptolemy.actor.Director.initialize(Director.java:938)
	at ptolemy.actor.Director.initialize(Director.java:907)
	at ptolemy.actor.sched.StaticSchedulingDirector.initialize(StaticSchedulingDirector.java:159)
	at ptolemy.domains.sdf.kernel.SDFDirector.initialize(SDFDirector.java:544)
	at ptolemy.actor.CompositeActor.initialize(CompositeActor.java:935)
	at ptolemy.actor.Manager.initialize(Manager.java:724)
	at ptolemy.actor.Manager.execute(Manager.java:356)
	at ptolemy.actor.Manager.run(Manager.java:1263)
	at ptolemy.actor.Manager$PtolemyRunThread.run(Manager.java:1933)
java.lang.reflect.InvocationTargetException
	at java.base/jdk.internal.reflect.NativeConstructorAccessorImpl.newInstance0(Native Method)
	at java.base/jdk.internal.reflect.NativeConstructorAccessorImpl.newInstance(NativeConstructorAccessorImpl.java:62)
	at java.base/jdk.internal.reflect.DelegatingConstructorAccessorImpl.newInstance(DelegatingConstructorAccessorImpl.java:45)
	at java.base/java.lang.reflect.Constructor.newInstance(Constructor.java:490)
	at ptolemy.util.test.junit.AutoKnownFailedTests.RunModel(AutoKnownFailedTests.java:105)
	at java.base/jdk.internal.reflect.NativeMethodAccessorImpl.invoke0(Native Method)
	at java.base/jdk.internal.reflect.NativeMethodAccessorImpl.invoke(NativeMethodAccessorImpl.java:62)
	at java.base/jdk.internal.reflect.DelegatingMethodAccessorImpl.invoke(DelegatingMethodAccessorImpl.java:43)
	at java.base/java.lang.reflect.Method.invoke(Method.java:566)
	at org.junit.runners.model.FrameworkMethod$1.runReflectiveCall(FrameworkMethod.java:44)
	at org.junit.internal.runners.model.ReflectiveCallable.run(ReflectiveCallable.java:15)
	at org.junit.runners.model.FrameworkMethod.invokeExplosively(FrameworkMethod.java:41)
	at junitparams.internal.InvokeParameterisedMethod.evaluate(InvokeParameterisedMethod.java:102)
	at org.junit.internal.runners.statements.FailOnTimeout$1.run(FailOnTimeout.java:28)
Caused by: ptolemy.kernel.util.IllegalActionException: TypeTest actor has no training data.
  in .sizedarray3.TypeTest
	at ptolemy.actor.lib.TypeTest.initialize(TypeTest.java:250)
	at ptolemy.actor.Director.initialize(Director.java:938)
	at ptolemy.actor.Director.initialize(Director.java:907)
	at ptolemy.actor.sched.StaticSchedulingDirector.initialize(StaticSchedulingDirector.java:159)
	at ptolemy.domains.sdf.kernel.SDFDirector.initialize(SDFDirector.java:544)
	at ptolemy.actor.CompositeActor.initialize(CompositeActor.java:935)
	at ptolemy.actor.Manager.initialize(Manager.java:724)
	at ptolemy.actor.Manager.execute(Manager.java:356)
	at ptolemy.actor.Manager.run(Manager.java:1263)
	at ptolemy.actor.Manager$PtolemyRunThread.run(Manager.java:1933)
]]></system-err>
</testsuite>
