<?xml version="1.0" encoding="UTF-8" ?>
<testsuite errors="0" failures="0" hostname="travis-job-3ed15b22-fc4d-41a1-b422-77d5d41a53b0" name="ptolemy.cg.lib.test.junit.JUnitTclTest" skipped="0" tests="37" time="112.915" timestamp="2018-09-23T02:18:49">
  <properties>
    <property name="npm.executable" value="npm" />
    <property name="file.encoding.pkg" value="sun.io" />
    <property name="env.TRAVIS_ROOT" value="/" />
    <property name="ptII.mk.exists" value="true" />
    <property name="env.TRAVIS_APP_HOST" value="build.travis-ci.org" />
    <property name="env.rvm_bin_path" value="/home/travis/.rvm/bin" />
    <property name="java.home" value="/usr/lib/jvm/java-8-oracle/jre" />
    <property name="env.TRAVIS_JOB_NUMBER" value="740.10" />
    <property name="env.TRAVIS_HOME" value="/home/travis" />
    <property name="env.DISPLAY" value=":99.0" />
    <property name="java.net.preferIPv4Stack" value="true" />
    <property name="env.TRAVIS_INIT" value="upstart" />
    <property name="env.SSH_TTY" value="/dev/pts/0" />
    <property name="env.RUN_TESTS" value="false" />
    <property name="timeout.short" value="1000000" />
    <property name="env.TRAVIS_STACK_NODE_ATTRIBUTES" value="/.node-attributes.yml" />
    <property name="junit.formatter" value="xml" />
    <property name="java.endorsed.dirs" value="/usr/lib/jvm/java-8-oracle/jre/lib/endorsed" />
    <property name="env.TRAVIS_SUDO" value="true" />
    <property name="env.LOGNAME" value="travis" />
    <property name="jsdoc.home" value="node_modules/@terraswarm/jsdoc" />
    <property name="debuglevel" value="source,lines,vars" />
    <property name="checkstyle.formatter" value="xml" />
    <property name="bin.vergil.makeable" value="true" />
    <property name="env._system_version" value="14.04" />
    <property name="sun.os.patch.level" value="unknown" />
    <property name="java.vendor.url" value="http://java.oracle.com/" />
    <property name="java.version" value="1.8.0_151" />
    <property name="env.TZ" value="UTC" />
    <property name="env.PT_NO_NET" value="true" />
    <property name="env.TRAVIS_PULL_REQUEST_SHA" value="" />
    <property name="env.TRAVIS_SECURE_ENV_VARS" value="true" />
    <property name="env._system_type" value="Linux" />
    <property name="java.vendor.url.bug" value="http://bugreport.sun.com/bugreport/" />
    <property name="env.SSH_CLIENT" value="10.10.4.31 57582 22" />
    <property name="npmjs-org-is-up" value="true" />
    <property name="env.GEM_HOME" value="/home/travis/.rvm/gems/ruby-2.4.1" />
    <property name="env.HAS_ANTARES_THREE_LITTLE_FRONZIES_BADGE" value="true" />
    <property name="env.PS4" value="+" />
    <property name="ant.project.invoked-targets" value="build,test.core3.xml" />
    <property name="env.TRAVIS_PULL_REQUEST_BRANCH" value="" />
    <property name="env.TRAVIS_REPO_SLUG" value="icyphy/ptII" />
    <property name="node.in.path" value="true" />
    <property name="java.maxmemory" value="1400m" />
    <property name="env.RUBY_VERSION" value="ruby-2.4.1" />
    <property name="user.name" value="travis" />
    <property name="env.LANG" value="en_US.UTF-8" />
    <property name="sun.io.unicode.encoding" value="UnicodeLittle" />
    <property name="sun.jnu.encoding" value="UTF-8" />
    <property name="java.runtime.name" value="Java(TM) SE Runtime Environment" />
    <property name="usefile" value="false" />
    <property name="return.code" value="0" />
    <property name="junit.single.formatter" value="plain" />
    <property name="env.DYLD_LIBRARY_PATH" value="/home/travis/pthla/certi-tools/lib:" />
    <property name="env.DEBIAN_FRONTEND" value="noninteractive" />
    <property name="env.SSH_CONNECTION" value="10.10.4.31 57582 10.20.0.6 22" />
    <property name="env.MYSQL_UNIX_PORT" value="/var/run/mysqld/mysqld.sock" />
    <property name="env.TRAVIS_ALLOW_FAILURE" value="false" />
    <property name="env.LC_ALL" value="en_US.UTF-8" />
    <property name="java.specification.name" value="Java Platform API Specification" />
    <property name="node.works" value="true" />
    <property name="user.timezone" value="" />
    <property name="path.separator" value=":" />
    <property name="env.TRAVIS_ENABLE_INFRA_DETECTION" value="true" />
    <property name="env.PYTHON_CFLAGS" value="-g -fstack-protector --param=ssp-buffer-size=4 -Wformat -Werror=format-security" />
    <property name="timeout.long" value="4000000" />
    <property name="env.CERTI_HOME" value="/home/travis/pthla/certi-tools" />
    <property name="file.encoding" value="UTF-8" />
    <property name="ant.file.ptII" value="/home/travis/build/icyphy/ptII/build.xml" />
    <property name="javadoc.packagenames" value="com.*,diva.*,lbnl.*,org.hlacerti.*,org.json.*,org.ptolemy.*,org.terraswarm.*,ptolemy.*,ptserver.*" />
    <property name="env.TRAVIS_PULL_REQUEST_SLUG" value="" />
    <property name="ant.project.default-target" value="build" />
    <property name="env.GIT_ASKPASS" value="echo" />
    <property name="env.HOME" value="/home/travis" />
    <property name="sun.java.command" value="org.apache.tools.ant.taskdefs.optional.junit.JUnitTestRunner ptolemy.cg.lib.test.junit.JUnitTclTest skipNonTests=false filtertrace=true haltOnError=false haltOnFailure=false formatter=org.apache.tools.ant.taskdefs.optional.junit.OutErrSummaryJUnitResultFormatter showoutput=true outputtoformatters=true logfailedtests=true threadid=0 logtestlistenerevents=false formatter=org.apache.tools.ant.taskdefs.optional.junit.XMLJUnitResultFormatter,/home/travis/build/icyphy/ptII/reports/junit/TEST-ptolemy.cg.lib.test.junit.JUnitTclTest.xml crashfile=/home/travis/build/icyphy/ptII/junitvmwatcher4804698379801398123.properties propsfile=/home/travis/build/icyphy/ptII/junit408677965873094720.properties" />
    <property name="env.MANPATH" value="/home/travis/.nvm/versions/node/v7.10.1/share/man:/home/travis/.kiex/elixirs/elixir-1.4.5/man:/home/travis/.rvm/rubies/ruby-2.4.1/share/man:/usr/local/man:/usr/local/cmake-3.9.2/man:/usr/local/clang-5.0.0/share/man:/usr/local/share/man:/usr/share/man:/home/travis/.rvm/man" />
    <property name="env.COMPOSER_NO_INTERACTION" value="1" />
    <property name="env.JDK_SWITCHER_DEFAULT" value="oraclejdk8" />
    <property name="env.TRAVIS_TIMER_ID" value="02404792" />
    <property name="ant.file" value="/home/travis/build/icyphy/ptII/build.xml" />
    <property name="env.TRAVIS_COMMIT_RANGE" value="174d25ae00a8222af5053fded25af12a98e456d7...1249563af6184b9dca3f37daf1208c27ba2ef8f6" />
    <property name="env._system_name" value="Ubuntu" />
    <property name="timeout" value="2400000" />
    <property name="ptII.classpath.optional.property" value="/home/travis/build/icyphy/ptII/lib/bsh-2.0b4.jar:/home/travis/build/icyphy/ptII/lib/ptCal.jar:/home/travis/build/icyphy/ptII/lib/java_cup.jar:/home/travis/build/icyphy/ptII/lib/saxon8.jar:/home/travis/build/icyphy/ptII/lib/saxon8-dom.jar:/home/travis/build/icyphy/ptII/lib/chic.jar:/home/travis/build/icyphy/ptII/lib/ptcolt.jar:/usr/lib/jvm/java-8-oracle/lib/tools.jar:/usr/lib/eclipse/plugins/org.eclipse.jdt.core_3.8.2.dist.jar:/usr/lib/eclipse/plugins/org.eclipse.core.runtime_3.8.0.dist.jar:/usr/lib/eclipse/plugins/org.eclipse.osgi_3.8.1.dist.jar:/usr/lib/eclipse/plugins/org.eclipse.core.resources_3.8.1.dist.jar:/usr/lib/eclipse/plugins/org.eclipse.equinox.common_3.6.100.dist.jar:/usr/lib/eclipse/plugins/org.eclipse.core.jobs_3.5.200.dist.jar:/usr/lib/eclipse/plugins/org.eclipse.core.contenttype_3.4.200.dist.jar:/usr/lib/eclipse/plugins/org.eclipse.equinox.preferences_3.5.0.dist.jar:/usr/lib/eclipse/plugins/org.eclipse.text_3.5.200.dist.jar:/usr/lib/eclipse/plugins/org.eclipse.ui.workbench_3.8.1.dist.jar:/usr/lib/eclipse/plugins/org.eclipse.jface_3.8.0.dist.jar:/usr/lib/eclipse/plugins/org.eclipse.swt_3.8.2.jar:/usr/lib/eclipse/plugins/org.eclipse.jface.text_3.8.1.dist.jar:/usr/lib/eclipse/plugins/org.eclipse.ui.workbench.texteditor_3.8.0.dist.jar:/usr/lib/eclipse/plugins/org.eclipse.ui.editors_3.8.0.dist.jar:/usr/lib/eclipse/plugins/org.eclipse.core.commands_3.6.1.dist.jar:/usr/lib/eclipse/plugins/org.eclipse.equinox.registry_3.5.200.dist.jar:/usr/lib/eclipse/plugins/org.eclipse.ui.console_3.5.100.dist.jar:/usr/lib/eclipse/plugins/org.eclipse.ui.forms_3.5.200.dist.jar:/usr/lib/eclipse/plugins/org.eclipse.ui.ide_3.8.1.dist.jar:/home/travis/build/icyphy/ptII/vendors/oracle/dbxml.jar:/home/travis/build/icyphy/ptII/vendors/oracle/db.jar:/home/travis/build/icyphy/ptII/vendors/misc/itext/iText.jar:/home/travis/build/icyphy/ptII/lib/g4ltl.jar:/home/travis/build/icyphy/ptII/lib/StructuralCoder.jar:/home/travis/build/icyphy/ptII/lib/org-openide-util.jar:/home/travis/build/icyphy/ptII/lib/org-openide-util-lookup.jar:/home/travis/build/icyphy/ptII/lib/org-netbeans-api-visual.jar:/home/travis/build/icyphy/ptII/vendors/jai-1_1_2_01/lib/jai_core.jar:/home/travis/build/icyphy/ptII/vendors/jai-1_1_2_01/lib/jai_codec.jar:/home/travis/build/icyphy/ptII/lib/jcerti.jar:/home/travis/build/icyphy/ptII/lib/smack.jar:/home/travis/build/icyphy/ptII/lib/smackx.jar:/home/travis/build/icyphy/ptII/lib/jetty-all-8.1.5-v20120716.jar:/home/travis/build/icyphy/ptII/lib/javax.servlet-api-3.0.1.jar:/home/travis/build/icyphy/ptII/lib/javax.mail.jar:/home/travis/build/icyphy/ptII/vendors/JMF-2.1.1e/lib/jmf.jar:/home/travis/build/icyphy/ptII/lib/jna-4.0.0-variadic.jar:/home/travis/build/icyphy/ptII/vendors/misc/joystick/Joystick.jar:/home/travis/build/icyphy/ptII/lib/ptjacl.jar:/home/travis/build/icyphy/ptII/lib/jsoup-1.8.2.jar:/home/travis/build/icyphy/ptII/lib/junit-4.8.2.jar:/home/travis/build/icyphy/ptII/lib/JUnitParams-0.4.0.jar:/home/travis/build/icyphy/ptII/ptolemy/actor/lib/excel/jxl.jar:/home/travis/build/icyphy/ptII/lib/jython.jar:/home/travis/build/icyphy/ptII/lib/kieler.jar:/home/travis/build/icyphy/ptII/vendors/opencv/share/OpenCV/java/opencv-341.jar:/home/travis/build/icyphy/ptII/lib/oscP5.jar:/home/travis/build/icyphy/ptII/lib/nrjavaserial-3.11.0.devel.jar:/home/travis/build/icyphy/ptII/vendors/j3d/lib/j3dcore.jar:/home/travis/build/icyphy/ptII/vendors/j3d/lib/j3dutils.jar:/home/travis/build/icyphy/ptII/vendors/j3d/lib/vecmath.jar:/home/travis/build/icyphy/ptII/ptolemy/distributed/jini/jar/jini-core.jar:/home/travis/build/icyphy/ptII/ptolemy/distributed/jini/jar/jini-ext.jar:/home/travis/build/icyphy/ptII/ptolemy/distributed/jini/jar/sun-util.jar:/home/travis/build/icyphy/ptII/lib/protobuf-java-2.4.1.jar:/home/travis/build/icyphy/ptII/lib/org.eclipse.paho.client.mqttv3.jar:/home/travis/build/icyphy/ptII/ptserver/lib/hessian-4.0.7.jar:/home/travis/build/icyphy/ptII/ptserver/lib/wmqtt.jar:/home/travis/build/icyphy/ptII/lib/mapss.jar:/home/travis/build/icyphy/ptII/ptolemy/actor/ptalon/antlr/antlr.jar:/home/travis/build/icyphy/ptII/lib/JRI.jar:/home/travis/build/icyphy/ptII/lib/commons-lang-2.6.jar:/home/travis/build/icyphy/ptII/lib/commons-logging-1.1.1.jar:/home/travis/build/icyphy/ptII/lib/sootclasses.jar:/home/travis/build/icyphy/ptII/ptolemy/actor/lib/database/mysql-connector-java-5.1.6-bin.jar:/home/travis/build/icyphy/ptII/vendors/misc/sphinx4/sphinx4-data-5prealpha.jar:/home/travis/build/icyphy/ptII/vendors/misc/sphinx4/sphinx4-core-5prealpha.jar:/home/travis/build/icyphy/ptII/lib/PDFRenderer.jar:/home/travis/build/icyphy/ptII/lib/svgSalamander.jar:/home/travis/build/icyphy/ptII/lib/rsyntaxtextarea-2.6.0-SNAPSHOT.jar:/home/travis/build/icyphy/ptII/lib/hazelcast-3.8.2.jar:/home/travis/build/icyphy/ptII/lib/jackson-annotations-2.9.0.jar:/home/travis/build/icyphy/ptII/lib/jackson-core-2.9.3.jar:/home/travis/build/icyphy/ptII/lib/jackson-databind-2.9.3.jar:/home/travis/build/icyphy/ptII/lib/netty-buffer-4.1.19.Final.jar:/home/travis/build/icyphy/ptII/lib/netty-codec-4.1.19.Final.jar:/home/travis/build/icyphy/ptII/lib/netty-codec-dns-4.1.19.Final.jar:/home/travis/build/icyphy/ptII/lib/netty-codec-http-4.1.19.Final.jar:/home/travis/build/icyphy/ptII/lib/netty-codec-http2-4.1.19.Final.jar:/home/travis/build/icyphy/ptII/lib/netty-common-4.1.19.Final.jar:/home/travis/build/icyphy/ptII/lib/netty-handler-4.1.19.Final.jar:/home/travis/build/icyphy/ptII/lib/netty-resolver-4.1.19.Final.jar:/home/travis/build/icyphy/ptII/lib/netty-resolver-dns-4.1.19.Final.jar:/home/travis/build/icyphy/ptII/lib/netty-transport-4.1.19.Final.jar:/home/travis/build/icyphy/ptII/lib/vertx-codegen-3.5.1.jar:/home/travis/build/icyphy/ptII/lib/vertx-core-3.5.2-SNAPSHOT.jar:/home/travis/build/icyphy/ptII/lib/vertx-hazelcast-3.5.1.jar:/home/travis/build/icyphy/ptII/lib/vertx-lang-js-3.5.1.jar:/home/travis/build/icyphy/ptII/lib/vertx-service-proxy-3.5.1.jar:/home/travis/build/icyphy/ptII/lib/vertx-web-3.5.1.jar:/home/travis/build/icyphy/ptII/lib/slf4j-api-1.7.13.jar:/home/travis/build/icyphy/ptII/lib/slf4j-simple-1.7.13.jar:/home/travis/build/icyphy/ptII/lib/webcam-capture-0.3.12.jar:/home/travis/build/icyphy/ptII/lib/bridj-0.7.0.jar:/home/travis/build/icyphy/ptII/lib/xbjlib-1.1.0.nrjavaserial.jar" />
    <property name="test.batch" value="**/junit/*.java" />
    <property name="env._" value="/usr/bin/timeout" />
    <property name="java.io.tmpdir" value="/tmp" />
    <property name="env.TRAVIS_INTERNAL_RUBY_REGEX" value="^ruby-(2\.[0-2]\.[0-9]|1\.9\.3)" />
    <property name="user.language" value="en" />
    <property name="env.HISTCONTROL" value="ignoredups:ignorespace" />
    <property name="env.GOROOT" value="/home/travis/.gimme/versions/go1.7.4.linux.amd64" />
    <property name="line.separator" value="&#xa;" />
    <property name="target" value="1.8" />
    <property name="env.TRAVIS_BUILD_DIR" value="/home/travis/build/icyphy/ptII" />
    <property name="env.ANT_OPTS" value="-Xmx2048m" />
    <property name="ant.file.type" value="file" />
    <property name="ptolemy.ptII.batchMode" value="true" />
    <property name="env.HISTSIZE" value="1000" />
    <property name="env.MERB_ENV" value="test" />
    <property name="java.vm.info" value="mixed mode" />
    <property name="source" value="1.8" />
    <property name="java.vm.specification.name" value="Java Virtual Machine Specification" />
    <property name="env.TRAVIS_TEST_RESULT" value="0" />
    <property name="jsdoc.command" value="node_modules/@terraswarm/jsdoc/jsdoc.js" />
    <property name="npm.works" value="true" />
    <property name="cobertura.dir" value="/home/travis/build/icyphy/ptII/vendors/cobertura-2.0.3" />
    <property name="env.rvm_path" value="/home/travis/.rvm" />
    <property name="env.GEM_PATH" value="/home/travis/.rvm/gems/ruby-2.4.1:/home/travis/.rvm/gems/ruby-2.4.1@global" />
    <property name="env.LC_CTYPE" value="en_US.UTF-8" />
    <property name="java.awt.printerjob" value="sun.print.PSPrinterJob" />
    <property name="env.TRAVIS_CMD" value="$PTII/bin/ptIITravisBuild.sh $SECONDS" />
    <property name="env.TRAVIS_STACK_NAME" value="garnet" />
    <property name="env.TRAVIS_TIMER_START_TIME" value="1537668581925685026" />
    <property name="ant.version" value="Apache Ant(TM) version 1.10.1 compiled on February 2 2017" />
    <property name="ptII.reports" value="/home/travis/build/icyphy/ptII/reports" />
    <property name="env.TRAVIS_STACK_TIMESTAMP" value="2017-12-05 19:33:09 UTC" />
    <property name="ant.file.type.ptII" value="file" />
    <property name="env.PT_TRAVIS_TEST_CORE3_XML" value="true" />
    <property name="env.RBENV_SHELL" value="bash" />
    <property name="os.name" value="Linux" />
    <property name="java.specification.vendor" value="Oracle Corporation" />
    <property name="env.rvm_version" value="1.29.3 (latest)" />
    <property name="env.TRAVIS_INFRA" value="gce" />
    <property name="env.TERM" value="xterm" />
    <property name="java.vm.name" value="Java HotSpot(TM) 64-Bit Server VM" />
    <property name="env.TRAVIS_BUILD_NUMBER" value="740" />
    <property name="env.CI" value="true" />
    <property name="java.library.path" value="/home/travis/pthla/certi-tools/lib:/usr/lib/jni:/usr/local/share/OpenCV/java/:/usr/share/OpenCV/java::/usr/java/packages/lib/amd64:/usr/lib64:/lib64:/lib:/usr/lib" />
    <property name="env.rvm_prefix" value="/home/travis" />
    <property name="env.PATH" value="/home/travis/pthla/certi-tools/share/scripts:/home/travis/.rvm/gems/ruby-2.4.1/bin:/home/travis/.rvm/gems/ruby-2.4.1@global/bin:/home/travis/.rvm/rubies/ruby-2.4.1/bin:/home/travis/.rvm/bin:/home/travis/.nvm/versions/node/v7.10.1/bin:./node_modules/.bin:/home/travis/build/icyphy/ptII/bin:/home/travis/pthla/certi-tools/bin:/home/travis/bin:/home/travis/.local/bin:/opt/pyenv/shims:/home/travis/.phpenv/shims:/home/travis/perl5/perlbrew/bin:/home/travis/.kiex/elixirs/elixir-1.4.5/bin:/home/travis/.kiex/bin:/home/travis/gopath/bin:/home/travis/.gimme/versions/go1.7.4.linux.amd64/bin:/usr/local/phantomjs/bin:/usr/local/phantomjs:/usr/local/neo4j-3.2.7/bin:/usr/local/maven-3.5.2/bin:/usr/local/cmake-3.9.2/bin:/usr/local/clang-5.0.0/bin:/usr/local/sbin:/usr/local/bin:/usr/sbin:/usr/bin:/sbin:/bin:/home/travis/.phpenv/bin:/opt/pyenv/bin:/home/travis/.yarn/bin" />
    <property name="env.TRAVIS_OS_NAME" value="linux" />
    <property name="ant.java.version" value="1.8" />
    <property name="basedir" value="/home/travis/build/icyphy/ptII" />
    <property name="java.class.version" value="52.0" />
    <property name="env.SHLVL" value="3" />
    <property name="env.LD_LIBRARY_PATH" value="/home/travis/pthla/certi-tools/lib:/usr/lib/jni:/usr/local/share/OpenCV/java/:/usr/share/OpenCV/java:" />
    <property name="env.RACK_ENV" value="test" />
    <property name="ant.home" value="/home/travis/build/icyphy/ptII/ant" />
    <property name="env.NVM_DIR" value="/home/travis/.nvm" />
    <property name="env.PERLBREW_BASHRC_VERSION" value="0.80" />
    <property name="env.CERTI_FOM_PATH" value="/home/travis/pthla/certi-tools/share/federations" />
    <property name="env.TRAVIS_BUILD_ID" value="432021591" />
    <property name="env.PYENV_ROOT" value="/opt/pyenv" />
    <property name="env.TRAVIS_UID" value="2000" />
    <property name="env.rvm_pretty_print_flag" value="auto" />
    <property name="env.NVM_BIN" value="/home/travis/.nvm/versions/node/v7.10.1/bin" />
    <property name="env.TRAVIS_COMMIT" value="1249563af6184b9dca3f37daf1208c27ba2ef8f6" />
    <property name="env._system_arch" value="x86_64" />
    <property name="node.executable" value="node" />
    <property name="sun.boot.library.path" value="/usr/lib/jvm/java-8-oracle/jre/lib/amd64" />
    <property name="sun.management.compiler" value="HotSpot 64-Bit Tiered Compilers" />
    <property name="env.GOPATH" value="/home/travis/gopath" />
    <property name="java.awt.graphicsenv" value="sun.awt.X11GraphicsEnvironment" />
    <property name="ptolemy.ptII.dir" value="/home/travis/build/icyphy/ptII" />
    <property name="env.USER" value="travis" />
    <property name="env.HISTFILESIZE" value="2000" />
    <property name="timeout.longest" value="19000000" />
    <property name="env.TRAVIS_STACK_FEATURES" value="basic cassandra chromium couchdb disabled-ipv6 docker docker-compose elasticsearch firefox go-toolchain google-chrome jdk memcached mongodb mysql neo4j nodejs_interpreter perl_interpreter perlbrew phantomjs postgresql python_interpreter rabbitmq redis riak ruby_interpreter sqlite xserver" />
    <property name="env.TRAVIS_PULL_REQUEST" value="false" />
    <property name="env.PYENV_SHELL" value="bash" />
    <property name="ant.project.name" value="ptII" />
    <property name="env.ANSI_RESET" value="\033[0m" />
    <property name="java.vm.specification.version" value="1.8" />
    <property name="env.TRAVIS_DIST" value="trusty" />
    <property name="env.CERTI_VERSION" value="4.0.0" />
    <property name="env.NLSPATH" value="/usr/dt/lib/nls/msg/%L/%N.cat" />
    <property name="env.CERTI_HOST" value="localhost" />
    <property name="awt.toolkit" value="sun.awt.X11.XToolkit" />
    <property name="env.MY_RUBY_HOME" value="/home/travis/.rvm/rubies/ruby-2.4.1" />
    <property name="sun.cpu.isalist" value="" />
    <property name="env.TRAVIS_TMPDIR" value="/tmp/tmp.Y02bfvdGFN" />
    <property name="java.ext.dirs" value="/usr/lib/jvm/java-8-oracle/jre/lib/ext:/usr/java/packages/lib/ext" />
    <property name="os.version" value="4.4.0-101-generic" />
    <property name="user.home" value="/home/travis" />
    <property name="env.MIX_ARCHIVES" value="/home/travis/.kiex/mix/elixir-1.4.5" />
    <property name="java.vm.vendor" value="Oracle Corporation" />
    <property name="env.TRAVIS_TAG" value="nightly" />
    <property name="env.ANSI_YELLOW" value="\033[33;1m" />
    <property name="env.TRAVIS_FILTERED" value="redirect_io" />
    <property name="env.ANSI_GREEN" value="\033[32;1m" />
    <property name="env.PTII" value="/home/travis/build/icyphy/ptII" />
    <property name="env.JAVA_HOME" value="/usr/lib/jvm/java-8-oracle" />
    <property name="javadoc.excludepackagenames" value="adm.cvs2svn.*,build.*,config.*,doc.coding.templates.*,jni.test.jni.meaningOfLife.*,jni.test.jni.testDeux.*,jni.test.jni.testTrois.*,org.terraswarm.accessor.accessors.web.node_modules.*,org.terraswarm.accessor.accessors.web.hosts.cordova.demo.*,org.terraswarm.accessor.accessors.web.hosts.cordova.plugins.*,org.terraswarm.accessor.accessors-svn.*,pt-modules.*,ptolemy.apps.agilent.*,ptolemy.apps.anytimecontrol.*,ptolemy.apps.apes.*,ptolemy.apps.charon.*,ptolemy.apps.crazyboard.*,ptolemy.apps.eclipse.*,ptolemy.apps.etherealSting.*,ptolemy.apps.fullscreen.*,ptolemy.apps.giotto.*,ptolemy.apps.ia.*,ptolemy.apps.interfaces.*,ptolemy.apps.jmf.*,ptolemy.apps.kurt.*,ptolemy.apps.kvm.*,ptolemy.apps.lego.*,ptolemy.apps.lejos.*,ptolemy.apps.midp.*,ptolemy.apps.mobileCoding.*,ptolemy.apps.pendulum.*,ptolemy.apps.rijndael.*,ptolemy.apps.robot.*,ptolemy.apps.security.*,ptolemy.apps.sobel.*,ptolemy.apps.soot.*,ptolemy.apps.throttle.*,ptolemy.apps.tini.*,ptolemy.apps.transmission.*,ptolemy.apps.vergil.*,ptolemy.apps.waba.*,ptolemy.apps.websensor.*,ptolemy.apps.webstart.*,ptolemy.apps.xsl.*,ptolemy.apps.zaurus.*,ptolemy.backtrack.eclipse.plugin.*,ptolemy.backtrack.test.*,ptolemy.codegen.c.actor.lib.oldJavaFiles.*,ptolemy.codegen.dsp.lib.*,ptolemy.codegen.kernel.newInterfaces.*,ptolemy.codegen.lib.*,ptolemy.copernicus.kernel.fragment.*,ptolemy.copernicus.shallow.cg.*,ptolemy.domains.giotto.demo.Hierarchy.Hierarchy.*,ptolemy.domains.giotto.demo.Multimode.Multimode.*,ptolemy.domains.giotto.demo.Simple.Simple.*,ptolemy.domains.gr.lib.experimental.*,ptolemy.domains.gro.*,ptolemy.domains.pdf.*,ptolemy.domains.ptinyos.demo.Surge.output.*,ptolemy.moml.test.NoPackageActor.java*,ptolemy.plot.adm.*,ptolemy.plot.servlet.*,reports.*,signed.*,src.*,target.*,vendors.*,ptolemy.cg.adapter.generic.program.procedural.c.mbed*,ptolemy.actor.lib.fmi.fmus.omc*,ptolemy.domains.openmodelica*,ptdb.kernel.bl.save.test.*,ptdb.kernel.bl.load.test.*,ptdb.kernel.bl.search.test.*,ptdb.kernel.bl.migration.test.*,ptdb.kernel.database.test.*,ptdb.test.*,ptdb.gui.test.*,org.ptolemy.scala.*,diva.util.java2d.svg.*,ptolemy.domains.ptinyos.*,ptolemy.actor.lib.fmi.fmipp.*,,org.terraswarm.accessor.accessors.web.node_modules.*,org.terraswarm.accessor.accessors-svn,ptolemy.apps.*,ptolemy.actor.ptalon.demo.ptinyos.SendAndReceiveCnt.output,ptolemy.actor.ptalon.demo.ptinyos.SenseToLeds.output,ptolemy.domains.ptinyos.demo.CntToLedsAndRfm.output,ptolemy.domains.ptinyos.demo.RfmToLeds.output,ptolemy.domains.ptinyos.demo.SendAndReceiveCnt.output,ptolemy.domains.ptinyos.demo.SenseToLeds.output,ptolemy.actor.lib.jjs.modules.udpSocket.*" />
    <property name="env.TRAVIS_COMMIT_MESSAGE" value="UPdates to seating chart" />
    <property name="keystore" value="ptKeystore" />
    <property name="env.XDG_SESSION_ID" value="2" />
    <property name="junit.output.dir" value="/home/travis/build/icyphy/ptII/reports/junit" />
    <property name="npm.return.code" value="0" />
    <property name="user.dir" value="/home/travis/build/icyphy/ptII/ptolemy/cg/lib/test" />
    <property name="env.TRAVIS_NODE_VERSION" value="7" />
    <property name="env.XFILESEARCHPATH" value="/usr/dt/app-defaults/%L/Dt" />
    <property name="env.TRAVIS_EVENT_TYPE" value="cron" />
    <property name="env.MAIL" value="/var/mail/travis" />
    <property name="env.PWD" value="/home/travis/build/icyphy/ptII" />
    <property name="env.PERLBREW_ROOT" value="/home/travis/perl5/perlbrew" />
    <property name="timeout.npm" value="45000" />
    <property name="env.TRAVIS_ARCH" value="amd64" />
    <property name="env.PAGER" value="cat" />
    <property name="sun.cpu.endian" value="little" />
    <property name="env.TRAVIS_BUILD_STAGE_NAME" value="Test" />
    <property name="env.PERLBREW_HOME" value="/home/travis/.perlbrew" />
    <property name="java.vm.version" value="25.151-b12" />
    <property name="env.RAILS_ENV" value="test" />
    <property name="java.class.path" value="/home/travis/build/icyphy/ptII:/home/travis/build/icyphy/ptII/lib/bsh-2.0b4.jar:/home/travis/build/icyphy/ptII/lib/ptCal.jar:/home/travis/build/icyphy/ptII/lib/java_cup.jar:/home/travis/build/icyphy/ptII/lib/saxon8.jar:/home/travis/build/icyphy/ptII/lib/saxon8-dom.jar:/home/travis/build/icyphy/ptII/lib/chic.jar:/home/travis/build/icyphy/ptII/lib/ptcolt.jar:/usr/lib/jvm/java-8-oracle/lib/tools.jar:/usr/lib/eclipse/plugins/org.eclipse.jdt.core_3.8.2.dist.jar:/usr/lib/eclipse/plugins/org.eclipse.core.runtime_3.8.0.dist.jar:/usr/lib/eclipse/plugins/org.eclipse.osgi_3.8.1.dist.jar:/usr/lib/eclipse/plugins/org.eclipse.core.resources_3.8.1.dist.jar:/usr/lib/eclipse/plugins/org.eclipse.equinox.common_3.6.100.dist.jar:/usr/lib/eclipse/plugins/org.eclipse.core.jobs_3.5.200.dist.jar:/usr/lib/eclipse/plugins/org.eclipse.core.contenttype_3.4.200.dist.jar:/usr/lib/eclipse/plugins/org.eclipse.equinox.preferences_3.5.0.dist.jar:/usr/lib/eclipse/plugins/org.eclipse.text_3.5.200.dist.jar:/usr/lib/eclipse/plugins/org.eclipse.ui.workbench_3.8.1.dist.jar:/usr/lib/eclipse/plugins/org.eclipse.jface_3.8.0.dist.jar:/usr/lib/eclipse/plugins/org.eclipse.swt_3.8.2.jar:/usr/lib/eclipse/plugins/org.eclipse.jface.text_3.8.1.dist.jar:/usr/lib/eclipse/plugins/org.eclipse.ui.workbench.texteditor_3.8.0.dist.jar:/usr/lib/eclipse/plugins/org.eclipse.ui.editors_3.8.0.dist.jar:/usr/lib/eclipse/plugins/org.eclipse.core.commands_3.6.1.dist.jar:/usr/lib/eclipse/plugins/org.eclipse.equinox.registry_3.5.200.dist.jar:/usr/lib/eclipse/plugins/org.eclipse.ui.console_3.5.100.dist.jar:/usr/lib/eclipse/plugins/org.eclipse.ui.forms_3.5.200.dist.jar:/usr/lib/eclipse/plugins/org.eclipse.ui.ide_3.8.1.dist.jar:/home/travis/build/icyphy/ptII/vendors/oracle/dbxml.jar:/home/travis/build/icyphy/ptII/vendors/oracle/db.jar:/home/travis/build/icyphy/ptII/vendors/misc/itext/iText.jar:/home/travis/build/icyphy/ptII/lib/g4ltl.jar:/home/travis/build/icyphy/ptII/lib/StructuralCoder.jar:/home/travis/build/icyphy/ptII/lib/org-openide-util.jar:/home/travis/build/icyphy/ptII/lib/org-openide-util-lookup.jar:/home/travis/build/icyphy/ptII/lib/org-netbeans-api-visual.jar:/home/travis/build/icyphy/ptII/vendors/jai-1_1_2_01/lib/jai_core.jar:/home/travis/build/icyphy/ptII/vendors/jai-1_1_2_01/lib/jai_codec.jar:/home/travis/build/icyphy/ptII/lib/jcerti.jar:/home/travis/build/icyphy/ptII/lib/smack.jar:/home/travis/build/icyphy/ptII/lib/smackx.jar:/home/travis/build/icyphy/ptII/lib/jetty-all-8.1.5-v20120716.jar:/home/travis/build/icyphy/ptII/lib/javax.servlet-api-3.0.1.jar:/home/travis/build/icyphy/ptII/lib/javax.mail.jar:/home/travis/build/icyphy/ptII/vendors/JMF-2.1.1e/lib/jmf.jar:/home/travis/build/icyphy/ptII/lib/jna-4.0.0-variadic.jar:/home/travis/build/icyphy/ptII/vendors/misc/joystick/Joystick.jar:/home/travis/build/icyphy/ptII/lib/ptjacl.jar:/home/travis/build/icyphy/ptII/lib/jsoup-1.8.2.jar:/home/travis/build/icyphy/ptII/lib/junit-4.8.2.jar:/home/travis/build/icyphy/ptII/lib/JUnitParams-0.4.0.jar:/home/travis/build/icyphy/ptII/ptolemy/actor/lib/excel/jxl.jar:/home/travis/build/icyphy/ptII/lib/jython.jar:/home/travis/build/icyphy/ptII/lib/kieler.jar:/home/travis/build/icyphy/ptII/vendors/opencv/share/OpenCV/java/opencv-341.jar:/home/travis/build/icyphy/ptII/lib/oscP5.jar:/home/travis/build/icyphy/ptII/lib/nrjavaserial-3.11.0.devel.jar:/home/travis/build/icyphy/ptII/vendors/j3d/lib/j3dcore.jar:/home/travis/build/icyphy/ptII/vendors/j3d/lib/j3dutils.jar:/home/travis/build/icyphy/ptII/vendors/j3d/lib/vecmath.jar:/home/travis/build/icyphy/ptII/ptolemy/distributed/jini/jar/jini-core.jar:/home/travis/build/icyphy/ptII/ptolemy/distributed/jini/jar/jini-ext.jar:/home/travis/build/icyphy/ptII/ptolemy/distributed/jini/jar/sun-util.jar:/home/travis/build/icyphy/ptII/lib/protobuf-java-2.4.1.jar:/home/travis/build/icyphy/ptII/lib/org.eclipse.paho.client.mqttv3.jar:/home/travis/build/icyphy/ptII/ptserver/lib/hessian-4.0.7.jar:/home/travis/build/icyphy/ptII/ptserver/lib/wmqtt.jar:/home/travis/build/icyphy/ptII/lib/mapss.jar:/home/travis/build/icyphy/ptII/ptolemy/actor/ptalon/antlr/antlr.jar:/home/travis/build/icyphy/ptII/lib/JRI.jar:/home/travis/build/icyphy/ptII/lib/commons-lang-2.6.jar:/home/travis/build/icyphy/ptII/lib/commons-logging-1.1.1.jar:/home/travis/build/icyphy/ptII/lib/sootclasses.jar:/home/travis/build/icyphy/ptII/ptolemy/actor/lib/database/mysql-connector-java-5.1.6-bin.jar:/home/travis/build/icyphy/ptII/vendors/misc/sphinx4/sphinx4-data-5prealpha.jar:/home/travis/build/icyphy/ptII/vendors/misc/sphinx4/sphinx4-core-5prealpha.jar:/home/travis/build/icyphy/ptII/lib/PDFRenderer.jar:/home/travis/build/icyphy/ptII/lib/svgSalamander.jar:/home/travis/build/icyphy/ptII/lib/rsyntaxtextarea-2.6.0-SNAPSHOT.jar:/home/travis/build/icyphy/ptII/lib/hazelcast-3.8.2.jar:/home/travis/build/icyphy/ptII/lib/jackson-annotations-2.9.0.jar:/home/travis/build/icyphy/ptII/lib/jackson-core-2.9.3.jar:/home/travis/build/icyphy/ptII/lib/jackson-databind-2.9.3.jar:/home/travis/build/icyphy/ptII/lib/netty-buffer-4.1.19.Final.jar:/home/travis/build/icyphy/ptII/lib/netty-codec-4.1.19.Final.jar:/home/travis/build/icyphy/ptII/lib/netty-codec-dns-4.1.19.Final.jar:/home/travis/build/icyphy/ptII/lib/netty-codec-http-4.1.19.Final.jar:/home/travis/build/icyphy/ptII/lib/netty-codec-http2-4.1.19.Final.jar:/home/travis/build/icyphy/ptII/lib/netty-common-4.1.19.Final.jar:/home/travis/build/icyphy/ptII/lib/netty-handler-4.1.19.Final.jar:/home/travis/build/icyphy/ptII/lib/netty-resolver-4.1.19.Final.jar:/home/travis/build/icyphy/ptII/lib/netty-resolver-dns-4.1.19.Final.jar:/home/travis/build/icyphy/ptII/lib/netty-transport-4.1.19.Final.jar:/home/travis/build/icyphy/ptII/lib/vertx-codegen-3.5.1.jar:/home/travis/build/icyphy/ptII/lib/vertx-core-3.5.2-SNAPSHOT.jar:/home/travis/build/icyphy/ptII/lib/vertx-hazelcast-3.5.1.jar:/home/travis/build/icyphy/ptII/lib/vertx-lang-js-3.5.1.jar:/home/travis/build/icyphy/ptII/lib/vertx-service-proxy-3.5.1.jar:/home/travis/build/icyphy/ptII/lib/vertx-web-3.5.1.jar:/home/travis/build/icyphy/ptII/lib/slf4j-api-1.7.13.jar:/home/travis/build/icyphy/ptII/lib/slf4j-simple-1.7.13.jar:/home/travis/build/icyphy/ptII/lib/webcam-capture-0.3.12.jar:/home/travis/build/icyphy/ptII/lib/bridj-0.7.0.jar:/home/travis/build/icyphy/ptII/lib/xbjlib-1.1.0.nrjavaserial.jar:/home/travis/build/icyphy/ptII/ptolemy/moml/test:/home/travis/build/icyphy/ptII/ant/lib/ant-launcher.jar:/home/travis/build/icyphy/ptII/ant/lib/ant.jar:/home/travis/build/icyphy/ptII/ant/lib/ant-junit.jar:/home/travis/build/icyphy/ptII/ant/lib/ant-junit4.jar" />
    <property name="ant.library.dir" value="/home/travis/build/icyphy/ptII/ant/lib" />
    <property name="os.arch" value="amd64" />
    <property name="env.TRAVIS_LANGUAGE" value="node_js" />
    <property name="env.CONTINUOUS_INTEGRATION" value="true" />
    <property name="env.TRAVIS_STACK_LANGUAGES" value="__garnet__ c c++ clojure cplusplus cpp default go groovy java node_js php pure_java python ruby scala" />
    <property name="test.name" value="ptolemy.actor.lib.test.junit.JUnitTclTest" />
    <property name="sun.java.launcher" value="SUN_STANDARD" />
    <property name="env.PYTHON_CONFIGURE_OPTS" value="--enable-unicode=ucs4 --with-wide-unicode --enable-shared --enable-ipv6 --enable-loadable-sqlite-extensions --with-computed-gotos" />
    <property name="ant.core.lib" value="/home/travis/build/icyphy/ptII/ant/lib/ant.jar" />
    <property name="java.vm.specification.vendor" value="Oracle Corporation" />
    <property name="env.BCVTB_HOME" value="/home/travis/build/icyphy/ptII/lbnl" />
    <property name="file.separator" value="/" />
    <property name="java.runtime.version" value="1.8.0_151-b12" />
    <property name="spotbugs.home" value="/home/travis/build/icyphy/ptII/vendors/spotbugs-3.1.1" />
    <property name="sun.boot.class.path" value="/usr/lib/jvm/java-8-oracle/jre/lib/resources.jar:/usr/lib/jvm/java-8-oracle/jre/lib/rt.jar:/usr/lib/jvm/java-8-oracle/jre/lib/sunrsasign.jar:/usr/lib/jvm/java-8-oracle/jre/lib/jsse.jar:/usr/lib/jvm/java-8-oracle/jre/lib/jce.jar:/usr/lib/jvm/java-8-oracle/jre/lib/charsets.jar:/usr/lib/jvm/java-8-oracle/jre/lib/jfr.jar:/usr/lib/jvm/java-8-oracle/jre/classes" />
    <property name="env.ANSI_CLEAR" value="\033[0K" />
    <property name="env.HAS_JOSH_K_SEAL_OF_APPROVAL" value="true" />
    <property name="env.TRAVIS_OSX_IMAGE" value="" />
    <property name="env.XDG_RUNTIME_DIR" value="/run/user/2000" />
    <property name="env.TRAVIS_JOB_ID" value="432021601" />
    <property name="env.TRAVIS_BRANCH" value="master" />
    <property name="user.country" value="US" />
    <property name="env.CERTI_HOME_TRAVIS" value="/home/travis/pthla/certi-tools" />
    <property name="env.SHELL" value="/bin/bash" />
    <property name="model" value="" />
    <property name="java.maxmemory.large" value="5000m" />
    <property name="env.CASHER_DIR" value="/home/travis/.casher" />
    <property name="env.NVM_CD_FLAGS" value="" />
    <property name="jshint.executable" value="/home/travis/node_modules/jshint/bin/jshint" />
    <property name="env.JRUBY_OPTS" value=" --client -J-XX:+TieredCompilation -J-XX:TieredStopAtLevel=1 -J-Xss2m -Xcompile.invokedynamic=false" />
    <property name="java.vendor" value="Oracle Corporation" />
    <property name="env.TRAVIS_PRE_CHEF_BOOTSTRAP_TIME" value="2017-12-05T19:32:55" />
    <property name="env.TRAVIS_STACK_JOB_BOARD_REGISTER" value="/.job-board-register.yml" />
    <property name="env.ELIXIR_VERSION" value="1.4.5" />
    <property name="env.ANSI_RED" value="\033[31;1m" />
    <property name="java.specification.version" value="1.8" />
    <property name="env.TRAVIS" value="true" />
    <property name="env.IRBRC" value="/home/travis/.rvm/rubies/ruby-2.4.1/.irbrc" />
    <property name="sun.arch.data.model" value="64" />
  </properties>
  <testcase classname="ptolemy.util.test.junit.TclTests" name="[0] /home/travis/build/icyphy/ptII/ptolemy/cg/lib/test/ModularCodeGenTypedCompositeActor.tcl (RunTclFile)" time="12.996" />
  <testcase classname="ptolemy.util.test.junit.AutoKnownFailedTests" name="[0] ThereAreNoKnowFailedTests (RunModel)" time="0.002" />
  <testcase classname="ptolemy.util.test.junit.AutoNameArchTests" name="[0] ThereAreNoAutoArchTests (RunModel)" time="0.001" />
  <testcase classname="ptolemy.util.test.junit.AutoTests" name="[0] /home/travis/build/icyphy/ptII/ptolemy/cg/lib/test/auto/CompiledCompositeActor.xml (RunModel)" time="1.014" />
  <testcase classname="ptolemy.util.test.junit.AutoTests" name="[1] /home/travis/build/icyphy/ptII/ptolemy/cg/lib/test/auto/DECGClockRamp.xml (RunModel)" time="0.054" />
  <testcase classname="ptolemy.util.test.junit.AutoTests" name="[2] /home/travis/build/icyphy/ptII/ptolemy/cg/lib/test/auto/DECGDelay.xml (RunModel)" time="0.077" />
  <testcase classname="ptolemy.util.test.junit.AutoTests" name="[3] /home/travis/build/icyphy/ptII/ptolemy/cg/lib/test/auto/DECGHelloWorld.xml (RunModel)" time="0.062" />
  <testcase classname="ptolemy.util.test.junit.AutoTests" name="[4] /home/travis/build/icyphy/ptII/ptolemy/cg/lib/test/auto/DECGHeterogeneous.xml (RunModel)" time="0.121" />
  <testcase classname="ptolemy.util.test.junit.AutoTests" name="[5] /home/travis/build/icyphy/ptII/ptolemy/cg/lib/test/auto/DECGHeterogeneousMk2.xml (RunModel)" time="0.211" />
  <testcase classname="ptolemy.util.test.junit.AutoTests" name="[6] /home/travis/build/icyphy/ptII/ptolemy/cg/lib/test/auto/DECGMath.xml (RunModel)" time="0.036" />
  <testcase classname="ptolemy.util.test.junit.AutoTests" name="[7] /home/travis/build/icyphy/ptII/ptolemy/cg/lib/test/auto/DECGPi.xml (RunModel)" time="0.098" />
  <testcase classname="ptolemy.util.test.junit.AutoTests" name="[8] /home/travis/build/icyphy/ptII/ptolemy/cg/lib/test/auto/DECGPiSquare.xml (RunModel)" time="0.269" />
  <testcase classname="ptolemy.util.test.junit.AutoTests" name="[9] /home/travis/build/icyphy/ptII/ptolemy/cg/lib/test/auto/DECGPoisson.xml (RunModel)" time="0.028" />
  <testcase classname="ptolemy.util.test.junit.AutoTests" name="[10] /home/travis/build/icyphy/ptII/ptolemy/cg/lib/test/auto/JavaCompiledCompositeActor5.xml (RunModel)" time="0.937" />
  <testcase classname="ptolemy.util.test.junit.AutoTests" name="[11] /home/travis/build/icyphy/ptII/ptolemy/cg/lib/test/auto/JavaCompiledCompositeTest1.xml (RunModel)" time="0.927" />
  <testcase classname="ptolemy.util.test.junit.AutoTests" name="[12] /home/travis/build/icyphy/ptII/ptolemy/cg/lib/test/auto/JavaCompiledCompositeTest2.xml (RunModel)" time="1.144" />
  <testcase classname="ptolemy.util.test.junit.AutoTests" name="[13] /home/travis/build/icyphy/ptII/ptolemy/cg/lib/test/auto/JavaCompiledCompositeTest3.xml (RunModel)" time="0.972" />
  <testcase classname="ptolemy.util.test.junit.AutoTests" name="[14] /home/travis/build/icyphy/ptII/ptolemy/cg/lib/test/auto/JavaCompiledCompositeTest4.xml (RunModel)" time="1.271" />
  <testcase classname="ptolemy.util.test.junit.AutoTests" name="[15] /home/travis/build/icyphy/ptII/ptolemy/cg/lib/test/auto/ModularCG.xml (RunModel)" time="14.74" />
  <testcase classname="ptolemy.util.test.junit.AutoTests" name="[16] /home/travis/build/icyphy/ptII/ptolemy/cg/lib/test/auto/ModularCGPubSub.xml (RunModel)" time="4.688" />
  <testcase classname="ptolemy.util.test.junit.AutoTests" name="[17] /home/travis/build/icyphy/ptII/ptolemy/cg/lib/test/auto/ModularCodeGen.xml (RunModel)" time="2.432" />
  <testcase classname="ptolemy.util.test.junit.AutoTests" name="[18] /home/travis/build/icyphy/ptII/ptolemy/cg/lib/test/auto/ModularCodeGen2.xml (RunModel)" time="5.137" />
  <testcase classname="ptolemy.util.test.junit.AutoTests" name="[19] /home/travis/build/icyphy/ptII/ptolemy/cg/lib/test/auto/ModularCodeGen3.xml (RunModel)" time="14.567" />
  <testcase classname="ptolemy.util.test.junit.AutoTests" name="[20] /home/travis/build/icyphy/ptII/ptolemy/cg/lib/test/auto/ModularCodeGen4.xml (RunModel)" time="13.914" />
  <testcase classname="ptolemy.util.test.junit.AutoTests" name="[21] /home/travis/build/icyphy/ptII/ptolemy/cg/lib/test/auto/ModularCodeGen5.xml (RunModel)" time="5.091" />
  <testcase classname="ptolemy.util.test.junit.AutoTests" name="[22] /home/travis/build/icyphy/ptII/ptolemy/cg/lib/test/auto/ModularCodeGen6.xml (RunModel)" time="7.017" />
  <testcase classname="ptolemy.util.test.junit.AutoTests" name="[23] /home/travis/build/icyphy/ptII/ptolemy/cg/lib/test/auto/ModularCodeGenLazyPubSub.xml (RunModel)" time="2.861" />
  <testcase classname="ptolemy.util.test.junit.AutoTests" name="[24] /home/travis/build/icyphy/ptII/ptolemy/cg/lib/test/auto/ModularCodeGenLazyPubSubGlobal.xml (RunModel)" time="2.521" />
  <testcase classname="ptolemy.util.test.junit.AutoTests" name="[25] /home/travis/build/icyphy/ptII/ptolemy/cg/lib/test/auto/ModularCodeGenPubSub1.xml (RunModel)" time="2.226" />
  <testcase classname="ptolemy.util.test.junit.AutoTests" name="[26] /home/travis/build/icyphy/ptII/ptolemy/cg/lib/test/auto/ModularCodeGenPubSub2.xml (RunModel)" time="4.684" />
  <testcase classname="ptolemy.util.test.junit.AutoTests" name="[27] /home/travis/build/icyphy/ptII/ptolemy/cg/lib/test/auto/ModularCodeGenPubSub3.xml (RunModel)" time="4.524" />
  <testcase classname="ptolemy.util.test.junit.AutoTests" name="[28] /home/travis/build/icyphy/ptII/ptolemy/cg/lib/test/auto/ModularCodeGenPubSub4.xml (RunModel)" time="4.341" />
  <testcase classname="ptolemy.util.test.junit.AutoTests" name="[29] /home/travis/build/icyphy/ptII/ptolemy/cg/lib/test/auto/PubSubAggLazy.xml (RunModel)" time="0.026" />
  <testcase classname="ptolemy.util.test.junit.AutoTests" name="[30] /home/travis/build/icyphy/ptII/ptolemy/cg/lib/test/auto/PubSubAggModularCodeGen.xml (RunModel)" time="2.327" />
  <testcase classname="ptolemy.util.test.junit.AutoTests" name="[31] /home/travis/build/icyphy/ptII/ptolemy/cg/lib/test/auto/PubSubAggTypedComposite.xml (RunModel)" time="0.018" />
  <testcase classname="ptolemy.util.test.junit.AutoTests" name="[32] /home/travis/build/icyphy/ptII/ptolemy/cg/lib/test/auto/PubSubAggTypedCompositeWidth2.xml (RunModel)" time="0.033" />
  <testcase classname="ptolemy.util.test.junit.AutoTests" name="[33] /home/travis/build/icyphy/ptII/ptolemy/cg/lib/test/auto/ScaleJava.xml (RunModel)" time="1.174" />
  <system-out><![CDATA[/home/travis/build/icyphy/ptII/ptolemy/cg/lib/test/ModularCodeGenTypedCompositeActor.tcl
testDefs.tcl: setting time out to 9000 seconds at Sun Sep 23 02:18:49 UTC 2018
In "/home/travis/cg", about to execute:
    pwd
In "/home/travis/cg", about to execute:
    ls -l
/home/travis/cg
In "/home/travis/cg", about to execute:
    javac -classpath
.:/home/travis/build/icyphy/ptII:/home/travis/build/icyphy/ptII/lib/bsh-2.0b4.j
ar:/home/travis/build/icyphy/ptII/lib/ptCal.jar:/home/travis/build/icyphy/ptII/
lib/java_cup.jar:/home/travis/build/icyphy/ptII/lib/saxon8.jar:/home/travis/bui
ld/icyphy/ptII/lib/saxon8-dom.jar:/home/travis/build/icyphy/ptII/lib/chic.jar:/
home/travis/build/icyphy/ptII/lib/ptcolt.jar:/usr/lib/jvm/java-8-oracle/lib/too
ls.jar:/usr/lib/eclipse/plugins/org.eclipse.jdt.core_3.8.2.dist.jar:/usr/lib/ec
lipse/plugins/org.eclipse.core.runtime_3.8.0.dist.jar:/usr/lib/eclipse/plugins/
org.eclipse.osgi_3.8.1.dist.jar:/usr/lib/eclipse/plugins/org.eclipse.core.resou
rces_3.8.1.dist.jar:/usr/lib/eclipse/plugins/org.eclipse.equinox.common_3.6.100
.dist.jar:/usr/lib/eclipse/plugins/org.eclipse.core.jobs_3.5.200.dist.jar:/usr/
lib/eclipse/plugins/org.eclipse.core.contenttype_3.4.200.dist.jar:/usr/lib/ecli
pse/plugins/org.eclipse.equinox.preferences_3.5.0.dist.jar:/usr/lib/eclipse/plu
gins/org.eclipse.text_3.5.200.dist.jar:/usr/lib/eclipse/plugins/org.eclipse.ui.
workbench_3.8.1.dist.jar:/usr/lib/eclipse/plugins/org.eclipse.jface_3.8.0.dist.
jar:/usr/lib/eclipse/plugins/org.eclipse.swt_3.8.2.jar:/usr/lib/eclipse/plugins
/org.eclipse.jface.text_3.8.1.dist.jar:/usr/lib/eclipse/plugins/org.eclipse.ui.
workbench.texteditor_3.8.0.dist.jar:/usr/lib/eclipse/plugins/org.eclipse.ui.edi
tors_3.8.0.dist.jar:/usr/lib/eclipse/plugins/org.eclipse.core.commands_3.6.1.di
st.jar:/usr/lib/eclipse/plugins/org.eclipse.equinox.registry_3.5.200.dist.jar:/
usr/lib/eclipse/plugins/org.eclipse.ui.console_3.5.100.dist.jar:/usr/lib/eclips
e/plugins/org.eclipse.ui.forms_3.5.200.dist.jar:/usr/lib/eclipse/plugins/org.ec
lipse.ui.ide_3.8.1.dist.jar:/home/travis/build/icyphy/ptII/vendors/oracle/dbxml
.jar:/home/travis/build/icyphy/ptII/vendors/oracle/db.jar:/home/travis/build/ic
yphy/ptII/vendors/misc/itext/iText.jar:/home/travis/build/icyphy/ptII/lib/g4ltl
.jar:/home/travis/build/icyphy/ptII/lib/StructuralCoder.jar:/home/travis/build/
icyphy/ptII/lib/org-openide-util.jar:/home/travis/build/icyphy/ptII/lib/org-ope
nide-util-lookup.jar:/home/travis/build/icyphy/ptII/lib/org-netbeans-api-visual
.jar:/home/travis/build/icyphy/ptII/vendors/jai-1_1_2_01/lib/jai_core.jar:/home
/travis/build/icyphy/ptII/vendors/jai-1_1_2_01/lib/jai_codec.jar:/home/travis/b
uild/icyphy/ptII/lib/jcerti.jar:/home/travis/build/icyphy/ptII/lib/smack.jar:/h
ome/travis/build/icyphy/ptII/lib/smackx.jar:/home/travis/build/icyphy/ptII/lib/
jetty-all-8.1.5-v20120716.jar:/home/travis/build/icyphy/ptII/lib/javax.servlet-
api-3.0.1.jar:/home/travis/build/icyphy/ptII/lib/javax.mail.jar:/home/travis/bu
ild/icyphy/ptII/vendors/JMF-2.1.1e/lib/jmf.jar:/home/travis/build/icyphy/ptII/l
ib/jna-4.0.0-variadic.jar:/home/travis/build/icyphy/ptII/vendors/misc/joystick/
Joystick.jar:/home/travis/build/icyphy/ptII/lib/ptjacl.jar:/home/travis/build/i
cyphy/ptII/lib/jsoup-1.8.2.jar:/home/travis/build/icyphy/ptII/lib/junit-4.8.2.j
ar:/home/travis/build/icyphy/ptII/lib/JUnitParams-0.4.0.jar:/home/travis/build/
icyphy/ptII/ptolemy/actor/lib/excel/jxl.jar:/home/travis/build/icyphy/ptII/lib/
jython.jar:/home/travis/build/icyphy/ptII/lib/kieler.jar:/home/travis/build/icy
phy/ptII/vendors/opencv/share/OpenCV/java/opencv-341.jar:/home/travis/build/icy
phy/ptII/lib/oscP5.jar:/home/travis/build/icyphy/ptII/lib/nrjavaserial-3.11.0.d
evel.jar:/home/travis/build/icyphy/ptII/vendors/j3d/lib/j3dcore.jar:/home/travi
s/build/icyphy/ptII/vendors/j3d/lib/j3dutils.jar:/home/travis/build/icyphy/ptII
/vendors/j3d/lib/vecmath.jar:/home/travis/build/icyphy/ptII/ptolemy/distributed
/jini/jar/jini-core.jar:/home/travis/build/icyphy/ptII/ptolemy/distributed/jini
/jar/jini-ext.jar:/home/travis/build/icyphy/ptII/ptolemy/distributed/jini/jar/s
un-util.jar:/home/travis/build/icyphy/ptII/lib/protobuf-java-2.4.1.jar:/home/tr
avis/build/icyphy/ptII/lib/org.eclipse.paho.client.mqttv3.jar:/home/travis/buil
d/icyphy/ptII/ptserver/lib/hessian-4.0.7.jar:/home/travis/build/icyphy/ptII/pts
erver/lib/wmqtt.jar:/home/travis/build/icyphy/ptII/lib/mapss.jar:/home/travis/b
uild/icyphy/ptII/ptolemy/actor/ptalon/antlr/antlr.jar:/home/travis/build/icyphy
/ptII/lib/JRI.jar:/home/travis/build/icyphy/ptII/lib/commons-lang-2.6.jar:/home
/travis/build/icyphy/ptII/lib/commons-logging-1.1.1.jar:/home/travis/build/icyp
hy/ptII/lib/sootclasses.jar:/home/travis/build/icyphy/ptII/ptolemy/actor/lib/da
tabase/mysql-connector-java-5.1.6-bin.jar:/home/travis/build/icyphy/ptII/vendor
s/misc/sphinx4/sphinx4-data-5prealpha.jar:/home/travis/build/icyphy/ptII/vendor
s/misc/sphinx4/sphinx4-core-5prealpha.jar:/home/travis/build/icyphy/ptII/lib/PD
FRenderer.jar:/home/travis/build/icyphy/ptII/lib/svgSalamander.jar:/home/travis
/build/icyphy/ptII/lib/rsyntaxtextarea-2.6.0-SNAPSHOT.jar:/home/travis/build/ic
yphy/ptII/lib/hazelcast-3.8.2.jar:/home/travis/build/icyphy/ptII/lib/jackson-an
notations-2.9.0.jar:/home/travis/build/icyphy/ptII/lib/jackson-core-2.9.3.jar:/
home/travis/build/icyphy/ptII/lib/jackson-databind-2.9.3.jar:/home/travis/build
/icyphy/ptII/lib/netty-buffer-4.1.19.Final.jar:/home/travis/build/icyphy/ptII/l
ib/netty-codec-4.1.19.Final.jar:/home/travis/build/icyphy/ptII/lib/netty-codec-
dns-4.1.19.Final.jar:/home/travis/build/icyphy/ptII/lib/netty-codec-http-4.1.19
.Final.jar:/home/travis/build/icyphy/ptII/lib/netty-codec-http2-4.1.19.Final.ja
r:/home/travis/build/icyphy/ptII/lib/netty-common-4.1.19.Final.jar:/home/travis
/build/icyphy/ptII/lib/netty-handler-4.1.19.Final.jar:/home/travis/build/icyphy
/ptII/lib/netty-resolver-4.1.19.Final.jar:/home/travis/build/icyphy/ptII/lib/ne
tty-resolver-dns-4.1.19.Final.jar:/home/travis/build/icyphy/ptII/lib/netty-tran
sport-4.1.19.Final.jar:/home/travis/build/icyphy/ptII/lib/vertx-codegen-3.5.1.j
ar:/home/travis/build/icyphy/ptII/lib/vertx-core-3.5.2-SNAPSHOT.jar:/home/travi
s/build/icyphy/ptII/lib/vertx-hazelcast-3.5.1.jar:/home/travis/build/icyphy/ptI
I/lib/vertx-lang-js-3.5.1.jar:/home/travis/build/icyphy/ptII/lib/vertx-service-
proxy-3.5.1.jar:/home/travis/build/icyphy/ptII/lib/vertx-web-3.5.1.jar:/home/tr
avis/build/icyphy/ptII/lib/slf4j-api-1.7.13.jar:/home/travis/build/icyphy/ptII/
lib/slf4j-simple-1.7.13.jar:/home/travis/build/icyphy/ptII/lib/webcam-capture-0
.3.12.jar:/home/travis/build/icyphy/ptII/lib/bridj-0.7.0.jar:/home/travis/build
/icyphy/ptII/lib/xbjlib-1.1.0.nrjavaserial.jar:/home/travis/build/icyphy/ptII/p
tolemy/moml/test:/home/travis/build/icyphy/ptII/ant/lib/ant-launcher.jar:/home/
travis/build/icyphy/ptII/ant/lib/ant.jar:/home/travis/build/icyphy/ptII/ant/lib
/ant-junit.jar:/home/travis/build/icyphy/ptII/ant/lib/ant-junit4.jar:/home/trav
is/build/icyphy/ptII ModularCodeGenTest_A1_A2_profile.java
total 4
-rw-rw-r-- 1 travis travis 1228 Sep 23 02:18 ModularCodeGenTest_A1_A2_profile.java
warning: Supported source version 'RELEASE_6' from annotation processor 'org.netbeans.modules.openide.util.NbBundleProcessor' less than -source '1.8'
warning: Supported source version 'RELEASE_6' from annotation processor 'org.netbeans.modules.openide.util.URLStreamHandlerRegistrationProcessor' less than -source '1.8'
warning: Supported source version 'RELEASE_6' from annotation processor 'org.netbeans.modules.openide.util.ServiceProviderProcessor' less than -source '1.8'
3 warnings
All Done
Writing ModularCodeGenTest_A1_A2.java in file:/home/travis/cg/ (9163 characters)
Reading "ptolemy/cg/kernel/generic/program/procedural/java/modular/makefile.in",
    writing "/home/travis/cg/ModularCodeGenTest_A1_A2.mk"
Using ptolemy/cg/kernel/generic/program/procedural/java/modular/makefile.in
In "/home/travis/cg", about to execute:
    make -f ModularCodeGenTest_A1_A2.mk
javac -classpath ".:.."    ModularCodeGenTest_A1_A2.java
All Done
In "/home/travis/cg", about to execute:
    pwd
In "/home/travis/cg", about to execute:
    ls -l
/home/travis/cg
total 40
-rw-rw-r-- 1 travis travis 3491 Sep 23 02:18 ModularCodeGenTest_A1_A2.class
-rw-rw-r-- 1 travis travis 9163 Sep 23 02:18 ModularCodeGenTest_A1_A2.java
In "/home/travis/cg", about to execute:
    javac -classpath
.:/home/travis/build/icyphy/ptII:/home/travis/build/icyphy/ptII/lib/bsh-2.0b4.j
ar:/home/travis/build/icyphy/ptII/lib/ptCal.jar:/home/travis/build/icyphy/ptII/
lib/java_cup.jar:/home/travis/build/icyphy/ptII/lib/saxon8.jar:/home/travis/bui
ld/icyphy/ptII/lib/saxon8-dom.jar:/home/travis/build/icyphy/ptII/lib/chic.jar:/
home/travis/build/icyphy/ptII/lib/ptcolt.jar:/usr/lib/jvm/java-8-oracle/lib/too
ls.jar:/usr/lib/eclipse/plugins/org.eclipse.jdt.core_3.8.2.dist.jar:/usr/lib/ec
lipse/plugins/org.eclipse.core.runtime_3.8.0.dist.jar:/usr/lib/eclipse/plugins/
org.eclipse.osgi_3.8.1.dist.jar:/usr/lib/eclipse/plugins/org.eclipse.core.resou
rces_3.8.1.dist.jar:/usr/lib/eclipse/plugins/org.eclipse.equinox.common_3.6.100
.dist.jar:/usr/lib/eclipse/plugins/org.eclipse.core.jobs_3.5.200.dist.jar:/usr/
lib/eclipse/plugins/org.eclipse.core.contenttype_3.4.200.dist.jar:/usr/lib/ecli
pse/plugins/org.eclipse.equinox.preferences_3.5.0.dist.jar:/usr/lib/eclipse/plu
gins/org.eclipse.text_3.5.200.dist.jar:/usr/lib/eclipse/plugins/org.eclipse.ui.
workbench_3.8.1.dist.jar:/usr/lib/eclipse/plugins/org.eclipse.jface_3.8.0.dist.
jar:/usr/lib/eclipse/plugins/org.eclipse.swt_3.8.2.jar:/usr/lib/eclipse/plugins
/org.eclipse.jface.text_3.8.1.dist.jar:/usr/lib/eclipse/plugins/org.eclipse.ui.
workbench.texteditor_3.8.0.dist.jar:/usr/lib/eclipse/plugins/org.eclipse.ui.edi
tors_3.8.0.dist.jar:/usr/lib/eclipse/plugins/org.eclipse.core.commands_3.6.1.di
st.jar:/usr/lib/eclipse/plugins/org.eclipse.equinox.registry_3.5.200.dist.jar:/
usr/lib/eclipse/plugins/org.eclipse.ui.console_3.5.100.dist.jar:/usr/lib/eclips
e/plugins/org.eclipse.ui.forms_3.5.200.dist.jar:/usr/lib/eclipse/plugins/org.ec
lipse.ui.ide_3.8.1.dist.jar:/home/travis/build/icyphy/ptII/vendors/oracle/dbxml
.jar:/home/travis/build/icyphy/ptII/vendors/oracle/db.jar:/home/travis/build/ic
yphy/ptII/vendors/misc/itext/iText.jar:/home/travis/build/icyphy/ptII/lib/g4ltl
.jar:/home/travis/build/icyphy/ptII/lib/StructuralCoder.jar:/home/travis/build/
icyphy/ptII/lib/org-openide-util.jar:/home/travis/build/icyphy/ptII/lib/org-ope
nide-util-lookup.jar:/home/travis/build/icyphy/ptII/lib/org-netbeans-api-visual
.jar:/home/travis/build/icyphy/ptII/vendors/jai-1_1_2_01/lib/jai_core.jar:/home
/travis/build/icyphy/ptII/vendors/jai-1_1_2_01/lib/jai_codec.jar:/home/travis/b
uild/icyphy/ptII/lib/jcerti.jar:/home/travis/build/icyphy/ptII/lib/smack.jar:/h
ome/travis/build/icyphy/ptII/lib/smackx.jar:/home/travis/build/icyphy/ptII/lib/
jetty-all-8.1.5-v20120716.jar:/home/travis/build/icyphy/ptII/lib/javax.servlet-
api-3.0.1.jar:/home/travis/build/icyphy/ptII/lib/javax.mail.jar:/home/travis/bu
ild/icyphy/ptII/vendors/JMF-2.1.1e/lib/jmf.jar:/home/travis/build/icyphy/ptII/l
ib/jna-4.0.0-variadic.jar:/home/travis/build/icyphy/ptII/vendors/misc/joystick/
Joystick.jar:/home/travis/build/icyphy/ptII/lib/ptjacl.jar:/home/travis/build/i
cyphy/ptII/lib/jsoup-1.8.2.jar:/home/travis/build/icyphy/ptII/lib/junit-4.8.2.j
ar:/home/travis/build/icyphy/ptII/lib/JUnitParams-0.4.0.jar:/home/travis/build/
icyphy/ptII/ptolemy/actor/lib/excel/jxl.jar:/home/travis/build/icyphy/ptII/lib/
jython.jar:/home/travis/build/icyphy/ptII/lib/kieler.jar:/home/travis/build/icy
phy/ptII/vendors/opencv/share/OpenCV/java/opencv-341.jar:/home/travis/build/icy
phy/ptII/lib/oscP5.jar:/home/travis/build/icyphy/ptII/lib/nrjavaserial-3.11.0.d
evel.jar:/home/travis/build/icyphy/ptII/vendors/j3d/lib/j3dcore.jar:/home/travi
s/build/icyphy/ptII/vendors/j3d/lib/j3dutils.jar:/home/travis/build/icyphy/ptII
/vendors/j3d/lib/vecmath.jar:/home/travis/build/icyphy/ptII/ptolemy/distributed
/jini/jar/jini-core.jar:/home/travis/build/icyphy/ptII/ptolemy/distributed/jini
/jar/jini-ext.jar:/home/travis/build/icyphy/ptII/ptolemy/distributed/jini/jar/s
un-util.jar:/home/travis/build/icyphy/ptII/lib/protobuf-java-2.4.1.jar:/home/tr
avis/build/icyphy/ptII/lib/org.eclipse.paho.client.mqttv3.jar:/home/travis/buil
d/icyphy/ptII/ptserver/lib/hessian-4.0.7.jar:/home/travis/build/icyphy/ptII/pts
erver/lib/wmqtt.jar:/home/travis/build/icyphy/ptII/lib/mapss.jar:/home/travis/b
uild/icyphy/ptII/ptolemy/actor/ptalon/antlr/antlr.jar:/home/travis/build/icyphy
/ptII/lib/JRI.jar:/home/travis/build/icyphy/ptII/lib/commons-lang-2.6.jar:/home
/travis/build/icyphy/ptII/lib/commons-logging-1.1.1.jar:/home/travis/build/icyp
hy/ptII/lib/sootclasses.jar:/home/travis/build/icyphy/ptII/ptolemy/actor/lib/da
tabase/mysql-connector-java-5.1.6-bin.jar:/home/travis/build/icyphy/ptII/vendor
s/misc/sphinx4/sphinx4-data-5prealpha.jar:/home/travis/build/icyphy/ptII/vendor
s/misc/sphinx4/sphinx4-core-5prealpha.jar:/home/travis/build/icyphy/ptII/lib/PD
FRenderer.jar:/home/travis/build/icyphy/ptII/lib/svgSalamander.jar:/home/travis
/build/icyphy/ptII/lib/rsyntaxtextarea-2.6.0-SNAPSHOT.jar:/home/travis/build/ic
yphy/ptII/lib/hazelcast-3.8.2.jar:/home/travis/build/icyphy/ptII/lib/jackson-an
notations-2.9.0.jar:/home/travis/build/icyphy/ptII/lib/jackson-core-2.9.3.jar:/
home/travis/build/icyphy/ptII/lib/jackson-databind-2.9.3.jar:/home/travis/build
/icyphy/ptII/lib/netty-buffer-4.1.19.Final.jar:/home/travis/build/icyphy/ptII/l
ib/netty-codec-4.1.19.Final.jar:/home/travis/build/icyphy/ptII/lib/netty-codec-
dns-4.1.19.Final.jar:/home/travis/build/icyphy/ptII/lib/netty-codec-http-4.1.19
.Final.jar:/home/travis/build/icyphy/ptII/lib/netty-codec-http2-4.1.19.Final.ja
r:/home/travis/build/icyphy/ptII/lib/netty-common-4.1.19.Final.jar:/home/travis
/build/icyphy/ptII/lib/netty-handler-4.1.19.Final.jar:/home/travis/build/icyphy
/ptII/lib/netty-resolver-4.1.19.Final.jar:/home/travis/build/icyphy/ptII/lib/ne
tty-resolver-dns-4.1.19.Final.jar:/home/travis/build/icyphy/ptII/lib/netty-tran
sport-4.1.19.Final.jar:/home/travis/build/icyphy/ptII/lib/vertx-codegen-3.5.1.j
ar:/home/travis/build/icyphy/ptII/lib/vertx-core-3.5.2-SNAPSHOT.jar:/home/travi
s/build/icyphy/ptII/lib/vertx-hazelcast-3.5.1.jar:/home/travis/build/icyphy/ptI
I/lib/vertx-lang-js-3.5.1.jar:/home/travis/build/icyphy/ptII/lib/vertx-service-
proxy-3.5.1.jar:/home/travis/build/icyphy/ptII/lib/vertx-web-3.5.1.jar:/home/tr
avis/build/icyphy/ptII/lib/slf4j-api-1.7.13.jar:/home/travis/build/icyphy/ptII/
lib/slf4j-simple-1.7.13.jar:/home/travis/build/icyphy/ptII/lib/webcam-capture-0
.3.12.jar:/home/travis/build/icyphy/ptII/lib/bridj-0.7.0.jar:/home/travis/build
/icyphy/ptII/lib/xbjlib-1.1.0.nrjavaserial.jar:/home/travis/build/icyphy/ptII/p
tolemy/moml/test:/home/travis/build/icyphy/ptII/ant/lib/ant-launcher.jar:/home/
travis/build/icyphy/ptII/ant/lib/ant.jar:/home/travis/build/icyphy/ptII/ant/lib
/ant-junit.jar:/home/travis/build/icyphy/ptII/ant/lib/ant-junit4.jar:/home/trav
is/build/icyphy/ptII ModularCodeGenTest_A1_profile.java
-rw-rw-r-- 1 travis travis  904 Sep 23 02:18 ModularCodeGenTest_A1_A2.mk
-rw-rw-r-- 1 travis travis 1306 Sep 23 02:18 ModularCodeGenTest_A1_A2_profile.class
-rw-rw-r-- 1 travis travis 1228 Sep 23 02:18 ModularCodeGenTest_A1_A2_profile.java
-rw-rw-r-- 1 travis travis 1394 Sep 23 02:18 ModularCodeGenTest_A1_profile.java
-rw-rw-r-- 1 travis travis  432 Sep 23 02:18 Token.class
-rw-rw-r-- 1 travis travis  251 Sep 23 02:18 Token.java
warning: Supported source version 'RELEASE_6' from annotation processor 'org.netbeans.modules.openide.util.NbBundleProcessor' less than -source '1.8'
warning: Supported source version 'RELEASE_6' from annotation processor 'org.netbeans.modules.openide.util.URLStreamHandlerRegistrationProcessor' less than -source '1.8'
warning: Supported source version 'RELEASE_6' from annotation processor 'org.netbeans.modules.openide.util.ServiceProviderProcessor' less than -source '1.8'
3 warnings
All Done
Writing ModularCodeGenTest_A1.java in file:/home/travis/cg/ (9968 characters)
Reading "ptolemy/cg/kernel/generic/program/procedural/java/modular/makefile.in",
    writing "/home/travis/cg/ModularCodeGenTest_A1.mk"
Using ptolemy/cg/kernel/generic/program/procedural/java/modular/makefile.in
In "/home/travis/cg", about to execute:
    make -f ModularCodeGenTest_A1.mk
javac -classpath ".:.."    ModularCodeGenTest_A1.java
All Done
4738 ms. Memory: 146944K Free: 124727K (85%)
23 ms. Memory: 146944K Free: 121144K (82%)
In "/home/travis/cg", about to execute:
    pwd
In "/home/travis/cg", about to execute:
    ls -l
In "/home/travis/cg", about to execute:
    javac -classpath
.:/home/travis/build/icyphy/ptII:/home/travis/build/icyphy/ptII/lib/bsh-2.0b4.j
ar:/home/travis/build/icyphy/ptII/lib/ptCal.jar:/home/travis/build/icyphy/ptII/
lib/java_cup.jar:/home/travis/build/icyphy/ptII/lib/saxon8.jar:/home/travis/bui
ld/icyphy/ptII/lib/saxon8-dom.jar:/home/travis/build/icyphy/ptII/lib/chic.jar:/
home/travis/build/icyphy/ptII/lib/ptcolt.jar:/usr/lib/jvm/java-8-oracle/lib/too
ls.jar:/usr/lib/eclipse/plugins/org.eclipse.jdt.core_3.8.2.dist.jar:/usr/lib/ec
lipse/plugins/org.eclipse.core.runtime_3.8.0.dist.jar:/usr/lib/eclipse/plugins/
org.eclipse.osgi_3.8.1.dist.jar:/usr/lib/eclipse/plugins/org.eclipse.core.resou
rces_3.8.1.dist.jar:/usr/lib/eclipse/plugins/org.eclipse.equinox.common_3.6.100
.dist.jar:/usr/lib/eclipse/plugins/org.eclipse.core.jobs_3.5.200.dist.jar:/usr/
lib/eclipse/plugins/org.eclipse.core.contenttype_3.4.200.dist.jar:/usr/lib/ecli
pse/plugins/org.eclipse.equinox.preferences_3.5.0.dist.jar:/usr/lib/eclipse/plu
gins/org.eclipse.text_3.5.200.dist.jar:/usr/lib/eclipse/plugins/org.eclipse.ui.
workbench_3.8.1.dist.jar:/usr/lib/eclipse/plugins/org.eclipse.jface_3.8.0.dist.
jar:/usr/lib/eclipse/plugins/org.eclipse.swt_3.8.2.jar:/usr/lib/eclipse/plugins
/org.eclipse.jface.text_3.8.1.dist.jar:/usr/lib/eclipse/plugins/org.eclipse.ui.
workbench.texteditor_3.8.0.dist.jar:/usr/lib/eclipse/plugins/org.eclipse.ui.edi
tors_3.8.0.dist.jar:/usr/lib/eclipse/plugins/org.eclipse.core.commands_3.6.1.di
st.jar:/usr/lib/eclipse/plugins/org.eclipse.equinox.registry_3.5.200.dist.jar:/
usr/lib/eclipse/plugins/org.eclipse.ui.console_3.5.100.dist.jar:/usr/lib/eclips
e/plugins/org.eclipse.ui.forms_3.5.200.dist.jar:/usr/lib/eclipse/plugins/org.ec
lipse.ui.ide_3.8.1.dist.jar:/home/travis/build/icyphy/ptII/vendors/oracle/dbxml
.jar:/home/travis/build/icyphy/ptII/vendors/oracle/db.jar:/home/travis/build/ic
yphy/ptII/vendors/misc/itext/iText.jar:/home/travis/build/icyphy/ptII/lib/g4ltl
.jar:/home/travis/build/icyphy/ptII/lib/StructuralCoder.jar:/home/travis/build/
icyphy/ptII/lib/org-openide-util.jar:/home/travis/build/icyphy/ptII/lib/org-ope
nide-util-lookup.jar:/home/travis/build/icyphy/ptII/lib/org-netbeans-api-visual
.jar:/home/travis/build/icyphy/ptII/vendors/jai-1_1_2_01/lib/jai_core.jar:/home
/travis/build/icyphy/ptII/vendors/jai-1_1_2_01/lib/jai_codec.jar:/home/travis/b
uild/icyphy/ptII/lib/jcerti.jar:/home/travis/build/icyphy/ptII/lib/smack.jar:/h
ome/travis/build/icyphy/ptII/lib/smackx.jar:/home/travis/build/icyphy/ptII/lib/
jetty-all-8.1.5-v20120716.jar:/home/travis/build/icyphy/ptII/lib/javax.servlet-
api-3.0.1.jar:/home/travis/build/icyphy/ptII/lib/javax.mail.jar:/home/travis/bu
ild/icyphy/ptII/vendors/JMF-2.1.1e/lib/jmf.jar:/home/travis/build/icyphy/ptII/l
ib/jna-4.0.0-variadic.jar:/home/travis/build/icyphy/ptII/vendors/misc/joystick/
Joystick.jar:/home/travis/build/icyphy/ptII/lib/ptjacl.jar:/home/travis/build/i
cyphy/ptII/lib/jsoup-1.8.2.jar:/home/travis/build/icyphy/ptII/lib/junit-4.8.2.j
ar:/home/travis/build/icyphy/ptII/lib/JUnitParams-0.4.0.jar:/home/travis/build/
icyphy/ptII/ptolemy/actor/lib/excel/jxl.jar:/home/travis/build/icyphy/ptII/lib/
jython.jar:/home/travis/build/icyphy/ptII/lib/kieler.jar:/home/travis/build/icy
phy/ptII/vendors/opencv/share/OpenCV/java/opencv-341.jar:/home/travis/build/icy
phy/ptII/lib/oscP5.jar:/home/travis/build/icyphy/ptII/lib/nrjavaserial-3.11.0.d
evel.jar:/home/travis/build/icyphy/ptII/vendors/j3d/lib/j3dcore.jar:/home/travi
s/build/icyphy/ptII/vendors/j3d/lib/j3dutils.jar:/home/travis/build/icyphy/ptII
/vendors/j3d/lib/vecmath.jar:/home/travis/build/icyphy/ptII/ptolemy/distributed
/jini/jar/jini-core.jar:/home/travis/build/icyphy/ptII/ptolemy/distributed/jini
/jar/jini-ext.jar:/home/travis/build/icyphy/ptII/ptolemy/distributed/jini/jar/s
un-util.jar:/home/travis/build/icyphy/ptII/lib/protobuf-java-2.4.1.jar:/home/tr
avis/build/icyphy/ptII/lib/org.eclipse.paho.client.mqttv3.jar:/home/travis/buil
d/icyphy/ptII/ptserver/lib/hessian-4.0.7.jar:/home/travis/build/icyphy/ptII/pts
erver/lib/wmqtt.jar:/home/travis/build/icyphy/ptII/lib/mapss.jar:/home/travis/b
uild/icyphy/ptII/ptolemy/actor/ptalon/antlr/antlr.jar:/home/travis/build/icyphy
/ptII/lib/JRI.jar:/home/travis/build/icyphy/ptII/lib/commons-lang-2.6.jar:/home
/travis/build/icyphy/ptII/lib/commons-logging-1.1.1.jar:/home/travis/build/icyp
hy/ptII/lib/sootclasses.jar:/home/travis/build/icyphy/ptII/ptolemy/actor/lib/da
tabase/mysql-connector-java-5.1.6-bin.jar:/home/travis/build/icyphy/ptII/vendor
s/misc/sphinx4/sphinx4-data-5prealpha.jar:/home/travis/build/icyphy/ptII/vendor
s/misc/sphinx4/sphinx4-core-5prealpha.jar:/home/travis/build/icyphy/ptII/lib/PD
FRenderer.jar:/home/travis/build/icyphy/ptII/lib/svgSalamander.jar:/home/travis
/build/icyphy/ptII/lib/rsyntaxtextarea-2.6.0-SNAPSHOT.jar:/home/travis/build/ic
yphy/ptII/lib/hazelcast-3.8.2.jar:/home/travis/build/icyphy/ptII/lib/jackson-an
notations-2.9.0.jar:/home/travis/build/icyphy/ptII/lib/jackson-core-2.9.3.jar:/
home/travis/build/icyphy/ptII/lib/jackson-databind-2.9.3.jar:/home/travis/build
/icyphy/ptII/lib/netty-buffer-4.1.19.Final.jar:/home/travis/build/icyphy/ptII/l
ib/netty-codec-4.1.19.Final.jar:/home/travis/build/icyphy/ptII/lib/netty-codec-
dns-4.1.19.Final.jar:/home/travis/build/icyphy/ptII/lib/netty-codec-http-4.1.19
.Final.jar:/home/travis/build/icyphy/ptII/lib/netty-codec-http2-4.1.19.Final.ja
r:/home/travis/build/icyphy/ptII/lib/netty-common-4.1.19.Final.jar:/home/travis
/build/icyphy/ptII/lib/netty-handler-4.1.19.Final.jar:/home/travis/build/icyphy
/ptII/lib/netty-resolver-4.1.19.Final.jar:/home/travis/build/icyphy/ptII/lib/ne
tty-resolver-dns-4.1.19.Final.jar:/home/travis/build/icyphy/ptII/lib/netty-tran
sport-4.1.19.Final.jar:/home/travis/build/icyphy/ptII/lib/vertx-codegen-3.5.1.j
ar:/home/travis/build/icyphy/ptII/lib/vertx-core-3.5.2-SNAPSHOT.jar:/home/travi
s/build/icyphy/ptII/lib/vertx-hazelcast-3.5.1.jar:/home/travis/build/icyphy/ptI
I/lib/vertx-lang-js-3.5.1.jar:/home/travis/build/icyphy/ptII/lib/vertx-service-
proxy-3.5.1.jar:/home/travis/build/icyphy/ptII/lib/vertx-web-3.5.1.jar:/home/tr
avis/build/icyphy/ptII/lib/slf4j-api-1.7.13.jar:/home/travis/build/icyphy/ptII/
lib/slf4j-simple-1.7.13.jar:/home/travis/build/icyphy/ptII/lib/webcam-capture-0
.3.12.jar:/home/travis/build/icyphy/ptII/lib/bridj-0.7.0.jar:/home/travis/build
/icyphy/ptII/lib/xbjlib-1.1.0.nrjavaserial.jar:/home/travis/build/icyphy/ptII/p
tolemy/moml/test:/home/travis/build/icyphy/ptII/ant/lib/ant-launcher.jar:/home/
travis/build/icyphy/ptII/ant/lib/ant.jar:/home/travis/build/icyphy/ptII/ant/lib
/ant-junit.jar:/home/travis/build/icyphy/ptII/ant/lib/ant-junit4.jar:/home/trav
is/build/icyphy/ptII ModularCodeGenTest_A1_A2_profile.java
/home/travis/cg
total 64
-rw-rw-r-- 1 travis travis 3491 Sep 23 02:18 ModularCodeGenTest_A1_A2.class
-rw-rw-r-- 1 travis travis 9163 Sep 23 02:18 ModularCodeGenTest_A1_A2.java
-rw-rw-r-- 1 travis travis  904 Sep 23 02:18 ModularCodeGenTest_A1_A2.mk
-rw-rw-r-- 1 travis travis 1306 Sep 23 02:18 ModularCodeGenTest_A1_A2_profile.class
-rw-rw-r-- 1 travis travis 1228 Sep 23 02:18 ModularCodeGenTest_A1_A2_profile.java
-rw-rw-r-- 1 travis travis 3823 Sep 23 02:18 ModularCodeGenTest_A1.class
-rw-rw-r-- 1 travis travis 9968 Sep 23 02:18 ModularCodeGenTest_A1.java
-rw-rw-r-- 1 travis travis  880 Sep 23 02:18 ModularCodeGenTest_A1.mk
-rw-rw-r-- 1 travis travis 1352 Sep 23 02:18 ModularCodeGenTest_A1_profile.class
-rw-rw-r-- 1 travis travis 1394 Sep 23 02:18 ModularCodeGenTest_A1_profile.java
-rw-rw-r-- 1 travis travis  432 Sep 23 02:18 Token.class
-rw-rw-r-- 1 travis travis  251 Sep 23 02:18 Token.java
warning: Supported source version 'RELEASE_6' from annotation processor 'org.netbeans.modules.openide.util.NbBundleProcessor' less than -source '1.8'
warning: Supported source version 'RELEASE_6' from annotation processor 'org.netbeans.modules.openide.util.URLStreamHandlerRegistrationProcessor' less than -source '1.8'
warning: Supported source version 'RELEASE_6' from annotation processor 'org.netbeans.modules.openide.util.ServiceProviderProcessor' less than -source '1.8'
3 warnings
All Done
Writing ModularCodeGenTest_A1_A2.java in file:/home/travis/cg/ (9164 characters)
Reading "ptolemy/cg/kernel/generic/program/procedural/java/modular/makefile.in",
    writing "/home/travis/cg/ModularCodeGenTest_A1_A2.mk"
Using ptolemy/cg/kernel/generic/program/procedural/java/modular/makefile.in
In "/home/travis/cg", about to execute:
    make -f ModularCodeGenTest_A1_A2.mk
javac -classpath ".:.."    ModularCodeGenTest_A1_A2.java
All Done
2318 ms. Memory: 208384K Free: 163752K (79%)
In "/home/travis/cg", about to execute:
    pwd
In "/home/travis/cg", about to execute:
    ls -l
/home/travis/cg
In "/home/travis/cg", about to execute:
    javac -classpath
.:/home/travis/build/icyphy/ptII:/home/travis/build/icyphy/ptII/lib/bsh-2.0b4.j
ar:/home/travis/build/icyphy/ptII/lib/ptCal.jar:/home/travis/build/icyphy/ptII/
lib/java_cup.jar:/home/travis/build/icyphy/ptII/lib/saxon8.jar:/home/travis/bui
ld/icyphy/ptII/lib/saxon8-dom.jar:/home/travis/build/icyphy/ptII/lib/chic.jar:/
home/travis/build/icyphy/ptII/lib/ptcolt.jar:/usr/lib/jvm/java-8-oracle/lib/too
ls.jar:/usr/lib/eclipse/plugins/org.eclipse.jdt.core_3.8.2.dist.jar:/usr/lib/ec
lipse/plugins/org.eclipse.core.runtime_3.8.0.dist.jar:/usr/lib/eclipse/plugins/
org.eclipse.osgi_3.8.1.dist.jar:/usr/lib/eclipse/plugins/org.eclipse.core.resou
rces_3.8.1.dist.jar:/usr/lib/eclipse/plugins/org.eclipse.equinox.common_3.6.100
.dist.jar:/usr/lib/eclipse/plugins/org.eclipse.core.jobs_3.5.200.dist.jar:/usr/
lib/eclipse/plugins/org.eclipse.core.contenttype_3.4.200.dist.jar:/usr/lib/ecli
pse/plugins/org.eclipse.equinox.preferences_3.5.0.dist.jar:/usr/lib/eclipse/plu
gins/org.eclipse.text_3.5.200.dist.jar:/usr/lib/eclipse/plugins/org.eclipse.ui.
workbench_3.8.1.dist.jar:/usr/lib/eclipse/plugins/org.eclipse.jface_3.8.0.dist.
jar:/usr/lib/eclipse/plugins/org.eclipse.swt_3.8.2.jar:/usr/lib/eclipse/plugins
/org.eclipse.jface.text_3.8.1.dist.jar:/usr/lib/eclipse/plugins/org.eclipse.ui.
workbench.texteditor_3.8.0.dist.jar:/usr/lib/eclipse/plugins/org.eclipse.ui.edi
tors_3.8.0.dist.jar:/usr/lib/eclipse/plugins/org.eclipse.core.commands_3.6.1.di
st.jar:/usr/lib/eclipse/plugins/org.eclipse.equinox.registry_3.5.200.dist.jar:/
usr/lib/eclipse/plugins/org.eclipse.ui.console_3.5.100.dist.jar:/usr/lib/eclips
e/plugins/org.eclipse.ui.forms_3.5.200.dist.jar:/usr/lib/eclipse/plugins/org.ec
lipse.ui.ide_3.8.1.dist.jar:/home/travis/build/icyphy/ptII/vendors/oracle/dbxml
.jar:/home/travis/build/icyphy/ptII/vendors/oracle/db.jar:/home/travis/build/ic
yphy/ptII/vendors/misc/itext/iText.jar:/home/travis/build/icyphy/ptII/lib/g4ltl
.jar:/home/travis/build/icyphy/ptII/lib/StructuralCoder.jar:/home/travis/build/
icyphy/ptII/lib/org-openide-util.jar:/home/travis/build/icyphy/ptII/lib/org-ope
nide-util-lookup.jar:/home/travis/build/icyphy/ptII/lib/org-netbeans-api-visual
.jar:/home/travis/build/icyphy/ptII/vendors/jai-1_1_2_01/lib/jai_core.jar:/home
/travis/build/icyphy/ptII/vendors/jai-1_1_2_01/lib/jai_codec.jar:/home/travis/b
uild/icyphy/ptII/lib/jcerti.jar:/home/travis/build/icyphy/ptII/lib/smack.jar:/h
ome/travis/build/icyphy/ptII/lib/smackx.jar:/home/travis/build/icyphy/ptII/lib/
jetty-all-8.1.5-v20120716.jar:/home/travis/build/icyphy/ptII/lib/javax.servlet-
api-3.0.1.jar:/home/travis/build/icyphy/ptII/lib/javax.mail.jar:/home/travis/bu
ild/icyphy/ptII/vendors/JMF-2.1.1e/lib/jmf.jar:/home/travis/build/icyphy/ptII/l
ib/jna-4.0.0-variadic.jar:/home/travis/build/icyphy/ptII/vendors/misc/joystick/
Joystick.jar:/home/travis/build/icyphy/ptII/lib/ptjacl.jar:/home/travis/build/i
cyphy/ptII/lib/jsoup-1.8.2.jar:/home/travis/build/icyphy/ptII/lib/junit-4.8.2.j
ar:/home/travis/build/icyphy/ptII/lib/JUnitParams-0.4.0.jar:/home/travis/build/
icyphy/ptII/ptolemy/actor/lib/excel/jxl.jar:/home/travis/build/icyphy/ptII/lib/
jython.jar:/home/travis/build/icyphy/ptII/lib/kieler.jar:/home/travis/build/icy
phy/ptII/vendors/opencv/share/OpenCV/java/opencv-341.jar:/home/travis/build/icy
phy/ptII/lib/oscP5.jar:/home/travis/build/icyphy/ptII/lib/nrjavaserial-3.11.0.d
evel.jar:/home/travis/build/icyphy/ptII/vendors/j3d/lib/j3dcore.jar:/home/travi
s/build/icyphy/ptII/vendors/j3d/lib/j3dutils.jar:/home/travis/build/icyphy/ptII
/vendors/j3d/lib/vecmath.jar:/home/travis/build/icyphy/ptII/ptolemy/distributed
/jini/jar/jini-core.jar:/home/travis/build/icyphy/ptII/ptolemy/distributed/jini
/jar/jini-ext.jar:/home/travis/build/icyphy/ptII/ptolemy/distributed/jini/jar/s
un-util.jar:/home/travis/build/icyphy/ptII/lib/protobuf-java-2.4.1.jar:/home/tr
avis/build/icyphy/ptII/lib/org.eclipse.paho.client.mqttv3.jar:/home/travis/buil
d/icyphy/ptII/ptserver/lib/hessian-4.0.7.jar:/home/travis/build/icyphy/ptII/pts
erver/lib/wmqtt.jar:/home/travis/build/icyphy/ptII/lib/mapss.jar:/home/travis/b
uild/icyphy/ptII/ptolemy/actor/ptalon/antlr/antlr.jar:/home/travis/build/icyphy
/ptII/lib/JRI.jar:/home/travis/build/icyphy/ptII/lib/commons-lang-2.6.jar:/home
/travis/build/icyphy/ptII/lib/commons-logging-1.1.1.jar:/home/travis/build/icyp
hy/ptII/lib/sootclasses.jar:/home/travis/build/icyphy/ptII/ptolemy/actor/lib/da
tabase/mysql-connector-java-5.1.6-bin.jar:/home/travis/build/icyphy/ptII/vendor
s/misc/sphinx4/sphinx4-data-5prealpha.jar:/home/travis/build/icyphy/ptII/vendor
s/misc/sphinx4/sphinx4-core-5prealpha.jar:/home/travis/build/icyphy/ptII/lib/PD
FRenderer.jar:/home/travis/build/icyphy/ptII/lib/svgSalamander.jar:/home/travis
/build/icyphy/ptII/lib/rsyntaxtextarea-2.6.0-SNAPSHOT.jar:/home/travis/build/ic
yphy/ptII/lib/hazelcast-3.8.2.jar:/home/travis/build/icyphy/ptII/lib/jackson-an
notations-2.9.0.jar:/home/travis/build/icyphy/ptII/lib/jackson-core-2.9.3.jar:/
home/travis/build/icyphy/ptII/lib/jackson-databind-2.9.3.jar:/home/travis/build
/icyphy/ptII/lib/netty-buffer-4.1.19.Final.jar:/home/travis/build/icyphy/ptII/l
ib/netty-codec-4.1.19.Final.jar:/home/travis/build/icyphy/ptII/lib/netty-codec-
dns-4.1.19.Final.jar:/home/travis/build/icyphy/ptII/lib/netty-codec-http-4.1.19
.Final.jar:/home/travis/build/icyphy/ptII/lib/netty-codec-http2-4.1.19.Final.ja
r:/home/travis/build/icyphy/ptII/lib/netty-common-4.1.19.Final.jar:/home/travis
/build/icyphy/ptII/lib/netty-handler-4.1.19.Final.jar:/home/travis/build/icyphy
/ptII/lib/netty-resolver-4.1.19.Final.jar:/home/travis/build/icyphy/ptII/lib/ne
tty-resolver-dns-4.1.19.Final.jar:/home/travis/build/icyphy/ptII/lib/netty-tran
sport-4.1.19.Final.jar:/home/travis/build/icyphy/ptII/lib/vertx-codegen-3.5.1.j
ar:/home/travis/build/icyphy/ptII/lib/vertx-core-3.5.2-SNAPSHOT.jar:/home/travi
s/build/icyphy/ptII/lib/vertx-hazelcast-3.5.1.jar:/home/travis/build/icyphy/ptI
I/lib/vertx-lang-js-3.5.1.jar:/home/travis/build/icyphy/ptII/lib/vertx-service-
proxy-3.5.1.jar:/home/travis/build/icyphy/ptII/lib/vertx-web-3.5.1.jar:/home/tr
avis/build/icyphy/ptII/lib/slf4j-api-1.7.13.jar:/home/travis/build/icyphy/ptII/
lib/slf4j-simple-1.7.13.jar:/home/travis/build/icyphy/ptII/lib/webcam-capture-0
.3.12.jar:/home/travis/build/icyphy/ptII/lib/bridj-0.7.0.jar:/home/travis/build
/icyphy/ptII/lib/xbjlib-1.1.0.nrjavaserial.jar:/home/travis/build/icyphy/ptII/p
tolemy/moml/test:/home/travis/build/icyphy/ptII/ant/lib/ant-launcher.jar:/home/
travis/build/icyphy/ptII/ant/lib/ant.jar:/home/travis/build/icyphy/ptII/ant/lib
/ant-junit.jar:/home/travis/build/icyphy/ptII/ant/lib/ant-junit4.jar:/home/trav
is/build/icyphy/ptII ModularCodeGenTest_A1_A2_profile.java
total 4
-rw-rw-r-- 1 travis travis 1228 Sep 23 02:18 ModularCodeGenTest_A1_A2_profile.java
warning: Supported source version 'RELEASE_6' from annotation processor 'org.netbeans.modules.openide.util.NbBundleProcessor' less than -source '1.8'
warning: Supported source version 'RELEASE_6' from annotation processor 'org.netbeans.modules.openide.util.URLStreamHandlerRegistrationProcessor' less than -source '1.8'
warning: Supported source version 'RELEASE_6' from annotation processor 'org.netbeans.modules.openide.util.ServiceProviderProcessor' less than -source '1.8'
3 warnings
All Done
Writing ModularCodeGenTest_A1_A2.java in file:/home/travis/cg/ (9164 characters)
Reading "ptolemy/cg/kernel/generic/program/procedural/java/modular/makefile.in",
    writing "/home/travis/cg/ModularCodeGenTest_A1_A2.mk"
Using ptolemy/cg/kernel/generic/program/procedural/java/modular/makefile.in
In "/home/travis/cg", about to execute:
    make -f ModularCodeGenTest_A1_A2.mk
javac -classpath ".:.."    ModularCodeGenTest_A1_A2.java
All Done
In "/home/travis/cg", about to execute:
    pwd
In "/home/travis/cg", about to execute:
    ls -l
/home/travis/cg
In "/home/travis/cg", about to execute:
    javac -classpath
.:/home/travis/build/icyphy/ptII:/home/travis/build/icyphy/ptII/lib/bsh-2.0b4.j
ar:/home/travis/build/icyphy/ptII/lib/ptCal.jar:/home/travis/build/icyphy/ptII/
lib/java_cup.jar:/home/travis/build/icyphy/ptII/lib/saxon8.jar:/home/travis/bui
ld/icyphy/ptII/lib/saxon8-dom.jar:/home/travis/build/icyphy/ptII/lib/chic.jar:/
home/travis/build/icyphy/ptII/lib/ptcolt.jar:/usr/lib/jvm/java-8-oracle/lib/too
ls.jar:/usr/lib/eclipse/plugins/org.eclipse.jdt.core_3.8.2.dist.jar:/usr/lib/ec
lipse/plugins/org.eclipse.core.runtime_3.8.0.dist.jar:/usr/lib/eclipse/plugins/
org.eclipse.osgi_3.8.1.dist.jar:/usr/lib/eclipse/plugins/org.eclipse.core.resou
rces_3.8.1.dist.jar:/usr/lib/eclipse/plugins/org.eclipse.equinox.common_3.6.100
.dist.jar:/usr/lib/eclipse/plugins/org.eclipse.core.jobs_3.5.200.dist.jar:/usr/
lib/eclipse/plugins/org.eclipse.core.contenttype_3.4.200.dist.jar:/usr/lib/ecli
pse/plugins/org.eclipse.equinox.preferences_3.5.0.dist.jar:/usr/lib/eclipse/plu
gins/org.eclipse.text_3.5.200.dist.jar:/usr/lib/eclipse/plugins/org.eclipse.ui.
workbench_3.8.1.dist.jar:/usr/lib/eclipse/plugins/org.eclipse.jface_3.8.0.dist.
jar:/usr/lib/eclipse/plugins/org.eclipse.swt_3.8.2.jar:/usr/lib/eclipse/plugins
/org.eclipse.jface.text_3.8.1.dist.jar:/usr/lib/eclipse/plugins/org.eclipse.ui.
workbench.texteditor_3.8.0.dist.jar:/usr/lib/eclipse/plugins/org.eclipse.ui.edi
tors_3.8.0.dist.jar:/usr/lib/eclipse/plugins/org.eclipse.core.commands_3.6.1.di
st.jar:/usr/lib/eclipse/plugins/org.eclipse.equinox.registry_3.5.200.dist.jar:/
usr/lib/eclipse/plugins/org.eclipse.ui.console_3.5.100.dist.jar:/usr/lib/eclips
e/plugins/org.eclipse.ui.forms_3.5.200.dist.jar:/usr/lib/eclipse/plugins/org.ec
lipse.ui.ide_3.8.1.dist.jar:/home/travis/build/icyphy/ptII/vendors/oracle/dbxml
.jar:/home/travis/build/icyphy/ptII/vendors/oracle/db.jar:/home/travis/build/ic
yphy/ptII/vendors/misc/itext/iText.jar:/home/travis/build/icyphy/ptII/lib/g4ltl
.jar:/home/travis/build/icyphy/ptII/lib/StructuralCoder.jar:/home/travis/build/
icyphy/ptII/lib/org-openide-util.jar:/home/travis/build/icyphy/ptII/lib/org-ope
nide-util-lookup.jar:/home/travis/build/icyphy/ptII/lib/org-netbeans-api-visual
.jar:/home/travis/build/icyphy/ptII/vendors/jai-1_1_2_01/lib/jai_core.jar:/home
/travis/build/icyphy/ptII/vendors/jai-1_1_2_01/lib/jai_codec.jar:/home/travis/b
uild/icyphy/ptII/lib/jcerti.jar:/home/travis/build/icyphy/ptII/lib/smack.jar:/h
ome/travis/build/icyphy/ptII/lib/smackx.jar:/home/travis/build/icyphy/ptII/lib/
jetty-all-8.1.5-v20120716.jar:/home/travis/build/icyphy/ptII/lib/javax.servlet-
api-3.0.1.jar:/home/travis/build/icyphy/ptII/lib/javax.mail.jar:/home/travis/bu
ild/icyphy/ptII/vendors/JMF-2.1.1e/lib/jmf.jar:/home/travis/build/icyphy/ptII/l
ib/jna-4.0.0-variadic.jar:/home/travis/build/icyphy/ptII/vendors/misc/joystick/
Joystick.jar:/home/travis/build/icyphy/ptII/lib/ptjacl.jar:/home/travis/build/i
cyphy/ptII/lib/jsoup-1.8.2.jar:/home/travis/build/icyphy/ptII/lib/junit-4.8.2.j
ar:/home/travis/build/icyphy/ptII/lib/JUnitParams-0.4.0.jar:/home/travis/build/
icyphy/ptII/ptolemy/actor/lib/excel/jxl.jar:/home/travis/build/icyphy/ptII/lib/
jython.jar:/home/travis/build/icyphy/ptII/lib/kieler.jar:/home/travis/build/icy
phy/ptII/vendors/opencv/share/OpenCV/java/opencv-341.jar:/home/travis/build/icy
phy/ptII/lib/oscP5.jar:/home/travis/build/icyphy/ptII/lib/nrjavaserial-3.11.0.d
evel.jar:/home/travis/build/icyphy/ptII/vendors/j3d/lib/j3dcore.jar:/home/travi
s/build/icyphy/ptII/vendors/j3d/lib/j3dutils.jar:/home/travis/build/icyphy/ptII
/vendors/j3d/lib/vecmath.jar:/home/travis/build/icyphy/ptII/ptolemy/distributed
/jini/jar/jini-core.jar:/home/travis/build/icyphy/ptII/ptolemy/distributed/jini
/jar/jini-ext.jar:/home/travis/build/icyphy/ptII/ptolemy/distributed/jini/jar/s
un-util.jar:/home/travis/build/icyphy/ptII/lib/protobuf-java-2.4.1.jar:/home/tr
avis/build/icyphy/ptII/lib/org.eclipse.paho.client.mqttv3.jar:/home/travis/buil
d/icyphy/ptII/ptserver/lib/hessian-4.0.7.jar:/home/travis/build/icyphy/ptII/pts
erver/lib/wmqtt.jar:/home/travis/build/icyphy/ptII/lib/mapss.jar:/home/travis/b
uild/icyphy/ptII/ptolemy/actor/ptalon/antlr/antlr.jar:/home/travis/build/icyphy
/ptII/lib/JRI.jar:/home/travis/build/icyphy/ptII/lib/commons-lang-2.6.jar:/home
/travis/build/icyphy/ptII/lib/commons-logging-1.1.1.jar:/home/travis/build/icyp
hy/ptII/lib/sootclasses.jar:/home/travis/build/icyphy/ptII/ptolemy/actor/lib/da
tabase/mysql-connector-java-5.1.6-bin.jar:/home/travis/build/icyphy/ptII/vendor
s/misc/sphinx4/sphinx4-data-5prealpha.jar:/home/travis/build/icyphy/ptII/vendor
s/misc/sphinx4/sphinx4-core-5prealpha.jar:/home/travis/build/icyphy/ptII/lib/PD
FRenderer.jar:/home/travis/build/icyphy/ptII/lib/svgSalamander.jar:/home/travis
/build/icyphy/ptII/lib/rsyntaxtextarea-2.6.0-SNAPSHOT.jar:/home/travis/build/ic
yphy/ptII/lib/hazelcast-3.8.2.jar:/home/travis/build/icyphy/ptII/lib/jackson-an
notations-2.9.0.jar:/home/travis/build/icyphy/ptII/lib/jackson-core-2.9.3.jar:/
home/travis/build/icyphy/ptII/lib/jackson-databind-2.9.3.jar:/home/travis/build
/icyphy/ptII/lib/netty-buffer-4.1.19.Final.jar:/home/travis/build/icyphy/ptII/l
ib/netty-codec-4.1.19.Final.jar:/home/travis/build/icyphy/ptII/lib/netty-codec-
dns-4.1.19.Final.jar:/home/travis/build/icyphy/ptII/lib/netty-codec-http-4.1.19
.Final.jar:/home/travis/build/icyphy/ptII/lib/netty-codec-http2-4.1.19.Final.ja
r:/home/travis/build/icyphy/ptII/lib/netty-common-4.1.19.Final.jar:/home/travis
/build/icyphy/ptII/lib/netty-handler-4.1.19.Final.jar:/home/travis/build/icyphy
/ptII/lib/netty-resolver-4.1.19.Final.jar:/home/travis/build/icyphy/ptII/lib/ne
tty-resolver-dns-4.1.19.Final.jar:/home/travis/build/icyphy/ptII/lib/netty-tran
sport-4.1.19.Final.jar:/home/travis/build/icyphy/ptII/lib/vertx-codegen-3.5.1.j
ar:/home/travis/build/icyphy/ptII/lib/vertx-core-3.5.2-SNAPSHOT.jar:/home/travi
s/build/icyphy/ptII/lib/vertx-hazelcast-3.5.1.jar:/home/travis/build/icyphy/ptI
I/lib/vertx-lang-js-3.5.1.jar:/home/travis/build/icyphy/ptII/lib/vertx-service-
proxy-3.5.1.jar:/home/travis/build/icyphy/ptII/lib/vertx-web-3.5.1.jar:/home/tr
avis/build/icyphy/ptII/lib/slf4j-api-1.7.13.jar:/home/travis/build/icyphy/ptII/
lib/slf4j-simple-1.7.13.jar:/home/travis/build/icyphy/ptII/lib/webcam-capture-0
.3.12.jar:/home/travis/build/icyphy/ptII/lib/bridj-0.7.0.jar:/home/travis/build
/icyphy/ptII/lib/xbjlib-1.1.0.nrjavaserial.jar:/home/travis/build/icyphy/ptII/p
tolemy/moml/test:/home/travis/build/icyphy/ptII/ant/lib/ant-launcher.jar:/home/
travis/build/icyphy/ptII/ant/lib/ant.jar:/home/travis/build/icyphy/ptII/ant/lib
/ant-junit.jar:/home/travis/build/icyphy/ptII/ant/lib/ant-junit4.jar:/home/trav
is/build/icyphy/ptII ModularCodeGenTest_A1_profile.java
total 40
-rw-rw-r-- 1 travis travis 3492 Sep 23 02:19 ModularCodeGenTest_A1_A2.class
-rw-rw-r-- 1 travis travis 9164 Sep 23 02:18 ModularCodeGenTest_A1_A2.java
-rw-rw-r-- 1 travis travis  904 Sep 23 02:18 ModularCodeGenTest_A1_A2.mk
-rw-rw-r-- 1 travis travis 1306 Sep 23 02:18 ModularCodeGenTest_A1_A2_profile.class
-rw-rw-r-- 1 travis travis 1228 Sep 23 02:18 ModularCodeGenTest_A1_A2_profile.java
-rw-rw-r-- 1 travis travis 1394 Sep 23 02:19 ModularCodeGenTest_A1_profile.java
-rw-rw-r-- 1 travis travis  432 Sep 23 02:19 Token.class
-rw-rw-r-- 1 travis travis  251 Sep 23 02:18 Token.java
warning: Supported source version 'RELEASE_6' from annotation processor 'org.netbeans.modules.openide.util.NbBundleProcessor' less than -source '1.8'
warning: Supported source version 'RELEASE_6' from annotation processor 'org.netbeans.modules.openide.util.URLStreamHandlerRegistrationProcessor' less than -source '1.8'
warning: Supported source version 'RELEASE_6' from annotation processor 'org.netbeans.modules.openide.util.ServiceProviderProcessor' less than -source '1.8'
3 warnings
All Done
Writing ModularCodeGenTest_A1.java in file:/home/travis/cg/ (9968 characters)
Reading "ptolemy/cg/kernel/generic/program/procedural/java/modular/makefile.in",
    writing "/home/travis/cg/ModularCodeGenTest_A1.mk"
Using ptolemy/cg/kernel/generic/program/procedural/java/modular/makefile.in
In "/home/travis/cg", about to execute:
    make -f ModularCodeGenTest_A1.mk
javac -classpath ".:.."    ModularCodeGenTest_A1.java
All Done
4748 ms. Memory: 208896K Free: 148513K (71%)
09/23/18 02:19:02
Failed: 0  Total Tests: 3  ((Passed: 3, Newly Passed: 0)  Known Failed: 0) /home/travis/build/icyphy/ptII/ptolemy/cg/lib/test
No auto/knownFailedTests/*.xml tests in /home/travis/build/icyphy/ptII/ptolemy/cg/lib/test
No auto/linux-amd64/*.xml tests in /home/travis/build/icyphy/ptII/ptolemy/cg/lib/test
AutoTests.java: About to close Vertx.
AutoTests.java: Vertx closed.

===========================================================================================
----------------- testing Sun Sep 23 02:19:03 UTC 2018 /home/travis/build/icyphy/ptII/ptolemy/cg/lib/test/auto/CompiledCompositeActor.xml
----------------- Instantiating /home/travis/build/icyphy/ptII/ptolemy/cg/lib/test/auto/CompiledCompositeActor.xml
CompiledCompositeActor: Building shared object: The sharedObjectFile has a modification time that is earlier than the modelFile modification time.
Writing CompiledCompositeActor_CompiledCompositeActor.java in file:/home/travis/cg/ (13466 characters)
Reading "ptolemy/cg/kernel/generic/program/procedural/java/makefile.in",
    writing "/home/travis/cg/CompiledCompositeActor_CompiledCompositeActor.mk"
Using ptolemy/cg/kernel/generic/program/procedural/java/makefile.in
In "/home/travis/cg", about to execute:
    make -f CompiledCompositeActor_CompiledCompositeActor.mk
javac -classpath ".:."    CompiledCompositeActor_CompiledCompositeActor.java
All Done
913 ms. Memory: 330752K Free: 319374K (97%)
----------------- Invoking toplevel() on ptolemy.moml.MoMLSimpleApplication@69d3ee
----------------- Done invoking toplevel() on ptolemy.moml.MoMLSimpleApplication@69d3ee
reloadAllAccessors: .CompiledCompositeActor

===========================================================================================
----------------- testing Sun Sep 23 02:19:04 UTC 2018 /home/travis/build/icyphy/ptII/ptolemy/cg/lib/test/auto/DECGClockRamp.xml
----------------- Instantiating /home/travis/build/icyphy/ptII/ptolemy/cg/lib/test/auto/DECGClockRamp.xml
11 ms. Memory: 330752K Free: 308134K (93%)
----------------- Invoking toplevel() on ptolemy.moml.MoMLSimpleApplication@25898a9e
----------------- Done invoking toplevel() on ptolemy.moml.MoMLSimpleApplication@25898a9e
reloadAllAccessors: .DECGClockRamp

===========================================================================================
----------------- testing Sun Sep 23 02:19:04 UTC 2018 /home/travis/build/icyphy/ptII/ptolemy/cg/lib/test/auto/DECGDelay.xml
----------------- Instantiating /home/travis/build/icyphy/ptII/ptolemy/cg/lib/test/auto/DECGDelay.xml
14 ms. Memory: 330752K Free: 300687K (91%)
----------------- Invoking toplevel() on ptolemy.moml.MoMLSimpleApplication@763454d7
----------------- Done invoking toplevel() on ptolemy.moml.MoMLSimpleApplication@763454d7
reloadAllAccessors: .DECGDelay

===========================================================================================
----------------- testing Sun Sep 23 02:19:04 UTC 2018 /home/travis/build/icyphy/ptII/ptolemy/cg/lib/test/auto/DECGHelloWorld.xml
----------------- Instantiating /home/travis/build/icyphy/ptII/ptolemy/cg/lib/test/auto/DECGHelloWorld.xml
3 ms. Memory: 330752K Free: 295754K (89%)
----------------- Invoking toplevel() on ptolemy.moml.MoMLSimpleApplication@71fae9d1
----------------- Done invoking toplevel() on ptolemy.moml.MoMLSimpleApplication@71fae9d1
reloadAllAccessors: .DECGHelloWorld

===========================================================================================
----------------- testing Sun Sep 23 02:19:04 UTC 2018 /home/travis/build/icyphy/ptII/ptolemy/cg/lib/test/auto/DECGHeterogeneous.xml
----------------- Instantiating /home/travis/build/icyphy/ptII/ptolemy/cg/lib/test/auto/DECGHeterogeneous.xml
28 ms. Memory: 330752K Free: 280932K (85%)
----------------- Invoking toplevel() on ptolemy.moml.MoMLSimpleApplication@18418a7
----------------- Done invoking toplevel() on ptolemy.moml.MoMLSimpleApplication@18418a7
reloadAllAccessors: .DECGHeterogeneous

===========================================================================================
----------------- testing Sun Sep 23 02:19:04 UTC 2018 /home/travis/build/icyphy/ptII/ptolemy/cg/lib/test/auto/DECGHeterogeneousMk2.xml
----------------- Instantiating /home/travis/build/icyphy/ptII/ptolemy/cg/lib/test/auto/DECGHeterogeneousMk2.xml
52 ms. Memory: 330752K Free: 264457K (80%)
----------------- Invoking toplevel() on ptolemy.moml.MoMLSimpleApplication@a7f26c0
----------------- Done invoking toplevel() on ptolemy.moml.MoMLSimpleApplication@a7f26c0
reloadAllAccessors: .DECGHeterogeneousMk2

===========================================================================================
----------------- testing Sun Sep 23 02:19:04 UTC 2018 /home/travis/build/icyphy/ptII/ptolemy/cg/lib/test/auto/DECGMath.xml
----------------- Instantiating /home/travis/build/icyphy/ptII/ptolemy/cg/lib/test/auto/DECGMath.xml
10 ms. Memory: 330752K Free: 256284K (77%)
----------------- Invoking toplevel() on ptolemy.moml.MoMLSimpleApplication@7d44a96b
----------------- Done invoking toplevel() on ptolemy.moml.MoMLSimpleApplication@7d44a96b
reloadAllAccessors: .DECGMath

===========================================================================================
----------------- testing Sun Sep 23 02:19:04 UTC 2018 /home/travis/build/icyphy/ptII/ptolemy/cg/lib/test/auto/DECGPi.xml
----------------- Instantiating /home/travis/build/icyphy/ptII/ptolemy/cg/lib/test/auto/DECGPi.xml
48 ms. Memory: 330752K Free: 243194K (74%)
----------------- Invoking toplevel() on ptolemy.moml.MoMLSimpleApplication@3de92055
----------------- Done invoking toplevel() on ptolemy.moml.MoMLSimpleApplication@3de92055
reloadAllAccessors: .DECGPi

===========================================================================================
----------------- testing Sun Sep 23 02:19:04 UTC 2018 /home/travis/build/icyphy/ptII/ptolemy/cg/lib/test/auto/DECGPiSquare.xml
----------------- Instantiating /home/travis/build/icyphy/ptII/ptolemy/cg/lib/test/auto/DECGPiSquare.xml
194 ms. Memory: 330752K Free: 228460K (69%)
----------------- Invoking toplevel() on ptolemy.moml.MoMLSimpleApplication@94688dc
----------------- Done invoking toplevel() on ptolemy.moml.MoMLSimpleApplication@94688dc
reloadAllAccessors: .DECGPiSquare

===========================================================================================
----------------- testing Sun Sep 23 02:19:05 UTC 2018 /home/travis/build/icyphy/ptII/ptolemy/cg/lib/test/auto/DECGPoisson.xml
----------------- Instantiating /home/travis/build/icyphy/ptII/ptolemy/cg/lib/test/auto/DECGPoisson.xml
3 ms. Memory: 330752K Free: 223543K (68%)
----------------- Invoking toplevel() on ptolemy.moml.MoMLSimpleApplication@34d08791
----------------- Done invoking toplevel() on ptolemy.moml.MoMLSimpleApplication@34d08791
reloadAllAccessors: .DECGPoisson

===========================================================================================
----------------- testing Sun Sep 23 02:19:05 UTC 2018 /home/travis/build/icyphy/ptII/ptolemy/cg/lib/test/auto/JavaCompiledCompositeActor5.xml
----------------- Instantiating /home/travis/build/icyphy/ptII/ptolemy/cg/lib/test/auto/JavaCompiledCompositeActor5.xml
CompiledCompositeActor: Building shared object: No effigy.  This can happen when CodeGenerator.generateCode() is called from within the test suite.  The code will be recompiled.
Writing CompiledCompositeActor_CompiledCompositeActor.java in file:/home/travis/cg/ (13466 characters)
Reading "ptolemy/cg/kernel/generic/program/procedural/java/makefile.in",
    writing "/home/travis/cg/CompiledCompositeActor_CompiledCompositeActor.mk"
Using ptolemy/cg/kernel/generic/program/procedural/java/makefile.in
In "/home/travis/cg", about to execute:
    make -f CompiledCompositeActor_CompiledCompositeActor.mk
javac -classpath ".:."    CompiledCompositeActor_CompiledCompositeActor.java
All Done
897 ms. Memory: 330752K Free: 184536K (56%)
----------------- Invoking toplevel() on ptolemy.moml.MoMLSimpleApplication@3673b24b
----------------- Done invoking toplevel() on ptolemy.moml.MoMLSimpleApplication@3673b24b
reloadAllAccessors: .CompiledCompositeActor

===========================================================================================
----------------- testing Sun Sep 23 02:19:06 UTC 2018 /home/travis/build/icyphy/ptII/ptolemy/cg/lib/test/auto/JavaCompiledCompositeTest1.xml
----------------- Instantiating /home/travis/build/icyphy/ptII/ptolemy/cg/lib/test/auto/JavaCompiledCompositeTest1.xml
CompiledCompositeActor: Building shared object: The sharedObjectFile has a modification time that is earlier than the modelFile modification time.
Writing JavaCompiledCompositeTest1_CompiledCompositeActor.java in file:/home/travis/cg/ (11637 characters)
Reading "ptolemy/cg/kernel/generic/program/procedural/java/makefile.in",
    writing "/home/travis/cg/JavaCompiledCompositeTest1_CompiledCompositeActor.mk"
Using ptolemy/cg/kernel/generic/program/procedural/java/makefile.in
In "/home/travis/cg", about to execute:
    make -f JavaCompiledCompositeTest1_CompiledCompositeActor.mk
javac -classpath ".:."    JavaCompiledCompositeTest1_CompiledCompositeActor.java
All Done
885 ms. Memory: 330752K Free: 154084K (47%)
----------------- Invoking toplevel() on ptolemy.moml.MoMLSimpleApplication@386462fd
----------------- Done invoking toplevel() on ptolemy.moml.MoMLSimpleApplication@386462fd
reloadAllAccessors: .JavaCompiledCompositeTest1

===========================================================================================
----------------- testing Sun Sep 23 02:19:07 UTC 2018 /home/travis/build/icyphy/ptII/ptolemy/cg/lib/test/auto/JavaCompiledCompositeTest2.xml
----------------- Instantiating /home/travis/build/icyphy/ptII/ptolemy/cg/lib/test/auto/JavaCompiledCompositeTest2.xml
CompiledCompositeActor: Building shared object: The sharedObjectFile has a modification time that is earlier than the modelFile modification time.
Writing JavaCompiledCompositeTest2_CompiledCompositeActor.java in file:/home/travis/cg/ (14919 characters)
Reading "ptolemy/cg/kernel/generic/program/procedural/java/makefile.in",
    writing "/home/travis/cg/JavaCompiledCompositeTest2_CompiledCompositeActor.mk"
Using ptolemy/cg/kernel/generic/program/procedural/java/makefile.in
In "/home/travis/cg", about to execute:
    make -f JavaCompiledCompositeTest2_CompiledCompositeActor.mk
javac -classpath ".:."    JavaCompiledCompositeTest2_CompiledCompositeActor.java
All Done
1095 ms. Memory: 330752K Free: 108570K (33%)
----------------- Invoking toplevel() on ptolemy.moml.MoMLSimpleApplication@756083a8
----------------- Done invoking toplevel() on ptolemy.moml.MoMLSimpleApplication@756083a8
reloadAllAccessors: .JavaCompiledCompositeTest2

===========================================================================================
----------------- testing Sun Sep 23 02:19:08 UTC 2018 /home/travis/build/icyphy/ptII/ptolemy/cg/lib/test/auto/JavaCompiledCompositeTest3.xml
----------------- Instantiating /home/travis/build/icyphy/ptII/ptolemy/cg/lib/test/auto/JavaCompiledCompositeTest3.xml
CompiledCompositeActor: Building shared object: The sharedObjectFile has a modification time that is earlier than the modelFile modification time.
Writing JavaCompiledCompositeTest3_CompiledCompositeActor.java in file:/home/travis/cg/ (13080 characters)
Reading "ptolemy/cg/kernel/generic/program/procedural/java/makefile.in",
    writing "/home/travis/cg/JavaCompiledCompositeTest3_CompiledCompositeActor.mk"
Using ptolemy/cg/kernel/generic/program/procedural/java/makefile.in
In "/home/travis/cg", about to execute:
    make -f JavaCompiledCompositeTest3_CompiledCompositeActor.mk
javac -classpath ".:."    JavaCompiledCompositeTest3_CompiledCompositeActor.java
All Done
932 ms. Memory: 319488K Free: 304567K (95%)
----------------- Invoking toplevel() on ptolemy.moml.MoMLSimpleApplication@3d70998b
----------------- Done invoking toplevel() on ptolemy.moml.MoMLSimpleApplication@3d70998b
reloadAllAccessors: .JavaCompiledCompositeTest3

===========================================================================================
----------------- testing Sun Sep 23 02:19:09 UTC 2018 /home/travis/build/icyphy/ptII/ptolemy/cg/lib/test/auto/JavaCompiledCompositeTest4.xml
----------------- Instantiating /home/travis/build/icyphy/ptII/ptolemy/cg/lib/test/auto/JavaCompiledCompositeTest4.xml
CompiledCompositeActor: Building shared object: The sharedObjectFile has a modification time that is earlier than the modelFile modification time.
Writing JavaCompiledCompositeTest4_CompiledCompositeActor.java in file:/home/travis/cg/ (9687 characters)
Reading "ptolemy/cg/kernel/generic/program/procedural/java/makefile.in",
    writing "/home/travis/cg/JavaCompiledCompositeTest4_CompiledCompositeActor.mk"
Using ptolemy/cg/kernel/generic/program/procedural/java/makefile.in
In "/home/travis/cg", about to execute:
    make -f JavaCompiledCompositeTest4_CompiledCompositeActor.mk
javac -classpath ".:."    JavaCompiledCompositeTest4_CompiledCompositeActor.java
All Done
1242 ms. Memory: 319488K Free: 275763K (86%)
----------------- Invoking toplevel() on ptolemy.moml.MoMLSimpleApplication@77fb1467
----------------- Done invoking toplevel() on ptolemy.moml.MoMLSimpleApplication@77fb1467
reloadAllAccessors: .JavaCompiledCompositeTest4

===========================================================================================
----------------- testing Sun Sep 23 02:19:10 UTC 2018 /home/travis/build/icyphy/ptII/ptolemy/cg/lib/test/auto/ModularCG.xml
----------------- Instantiating /home/travis/build/icyphy/ptII/ptolemy/cg/lib/test/auto/ModularCG.xml
In "/home/travis/cg", about to execute:
    pwd
In "/home/travis/cg", about to execute:
    ls -l
/home/travis/cg
In "/home/travis/cg", about to execute:
    javac -classpath
.:/home/travis/build/icyphy/ptII:/home/travis/build/icyphy/ptII/lib/bsh-2.0b4.j
ar:/home/travis/build/icyphy/ptII/lib/ptCal.jar:/home/travis/build/icyphy/ptII/
lib/java_cup.jar:/home/travis/build/icyphy/ptII/lib/saxon8.jar:/home/travis/bui
ld/icyphy/ptII/lib/saxon8-dom.jar:/home/travis/build/icyphy/ptII/lib/chic.jar:/
home/travis/build/icyphy/ptII/lib/ptcolt.jar:/usr/lib/jvm/java-8-oracle/lib/too
ls.jar:/usr/lib/eclipse/plugins/org.eclipse.jdt.core_3.8.2.dist.jar:/usr/lib/ec
lipse/plugins/org.eclipse.core.runtime_3.8.0.dist.jar:/usr/lib/eclipse/plugins/
org.eclipse.osgi_3.8.1.dist.jar:/usr/lib/eclipse/plugins/org.eclipse.core.resou
rces_3.8.1.dist.jar:/usr/lib/eclipse/plugins/org.eclipse.equinox.common_3.6.100
.dist.jar:/usr/lib/eclipse/plugins/org.eclipse.core.jobs_3.5.200.dist.jar:/usr/
lib/eclipse/plugins/org.eclipse.core.contenttype_3.4.200.dist.jar:/usr/lib/ecli
pse/plugins/org.eclipse.equinox.preferences_3.5.0.dist.jar:/usr/lib/eclipse/plu
gins/org.eclipse.text_3.5.200.dist.jar:/usr/lib/eclipse/plugins/org.eclipse.ui.
workbench_3.8.1.dist.jar:/usr/lib/eclipse/plugins/org.eclipse.jface_3.8.0.dist.
jar:/usr/lib/eclipse/plugins/org.eclipse.swt_3.8.2.jar:/usr/lib/eclipse/plugins
/org.eclipse.jface.text_3.8.1.dist.jar:/usr/lib/eclipse/plugins/org.eclipse.ui.
workbench.texteditor_3.8.0.dist.jar:/usr/lib/eclipse/plugins/org.eclipse.ui.edi
tors_3.8.0.dist.jar:/usr/lib/eclipse/plugins/org.eclipse.core.commands_3.6.1.di
st.jar:/usr/lib/eclipse/plugins/org.eclipse.equinox.registry_3.5.200.dist.jar:/
usr/lib/eclipse/plugins/org.eclipse.ui.console_3.5.100.dist.jar:/usr/lib/eclips
e/plugins/org.eclipse.ui.forms_3.5.200.dist.jar:/usr/lib/eclipse/plugins/org.ec
lipse.ui.ide_3.8.1.dist.jar:/home/travis/build/icyphy/ptII/vendors/oracle/dbxml
.jar:/home/travis/build/icyphy/ptII/vendors/oracle/db.jar:/home/travis/build/ic
yphy/ptII/vendors/misc/itext/iText.jar:/home/travis/build/icyphy/ptII/lib/g4ltl
.jar:/home/travis/build/icyphy/ptII/lib/StructuralCoder.jar:/home/travis/build/
icyphy/ptII/lib/org-openide-util.jar:/home/travis/build/icyphy/ptII/lib/org-ope
nide-util-lookup.jar:/home/travis/build/icyphy/ptII/lib/org-netbeans-api-visual
.jar:/home/travis/build/icyphy/ptII/vendors/jai-1_1_2_01/lib/jai_core.jar:/home
/travis/build/icyphy/ptII/vendors/jai-1_1_2_01/lib/jai_codec.jar:/home/travis/b
uild/icyphy/ptII/lib/jcerti.jar:/home/travis/build/icyphy/ptII/lib/smack.jar:/h
ome/travis/build/icyphy/ptII/lib/smackx.jar:/home/travis/build/icyphy/ptII/lib/
jetty-all-8.1.5-v20120716.jar:/home/travis/build/icyphy/ptII/lib/javax.servlet-
api-3.0.1.jar:/home/travis/build/icyphy/ptII/lib/javax.mail.jar:/home/travis/bu
ild/icyphy/ptII/vendors/JMF-2.1.1e/lib/jmf.jar:/home/travis/build/icyphy/ptII/l
ib/jna-4.0.0-variadic.jar:/home/travis/build/icyphy/ptII/vendors/misc/joystick/
Joystick.jar:/home/travis/build/icyphy/ptII/lib/ptjacl.jar:/home/travis/build/i
cyphy/ptII/lib/jsoup-1.8.2.jar:/home/travis/build/icyphy/ptII/lib/junit-4.8.2.j
ar:/home/travis/build/icyphy/ptII/lib/JUnitParams-0.4.0.jar:/home/travis/build/
icyphy/ptII/ptolemy/actor/lib/excel/jxl.jar:/home/travis/build/icyphy/ptII/lib/
jython.jar:/home/travis/build/icyphy/ptII/lib/kieler.jar:/home/travis/build/icy
phy/ptII/vendors/opencv/share/OpenCV/java/opencv-341.jar:/home/travis/build/icy
phy/ptII/lib/oscP5.jar:/home/travis/build/icyphy/ptII/lib/nrjavaserial-3.11.0.d
evel.jar:/home/travis/build/icyphy/ptII/vendors/j3d/lib/j3dcore.jar:/home/travi
s/build/icyphy/ptII/vendors/j3d/lib/j3dutils.jar:/home/travis/build/icyphy/ptII
/vendors/j3d/lib/vecmath.jar:/home/travis/build/icyphy/ptII/ptolemy/distributed
/jini/jar/jini-core.jar:/home/travis/build/icyphy/ptII/ptolemy/distributed/jini
/jar/jini-ext.jar:/home/travis/build/icyphy/ptII/ptolemy/distributed/jini/jar/s
un-util.jar:/home/travis/build/icyphy/ptII/lib/protobuf-java-2.4.1.jar:/home/tr
avis/build/icyphy/ptII/lib/org.eclipse.paho.client.mqttv3.jar:/home/travis/buil
d/icyphy/ptII/ptserver/lib/hessian-4.0.7.jar:/home/travis/build/icyphy/ptII/pts
erver/lib/wmqtt.jar:/home/travis/build/icyphy/ptII/lib/mapss.jar:/home/travis/b
uild/icyphy/ptII/ptolemy/actor/ptalon/antlr/antlr.jar:/home/travis/build/icyphy
/ptII/lib/JRI.jar:/home/travis/build/icyphy/ptII/lib/commons-lang-2.6.jar:/home
/travis/build/icyphy/ptII/lib/commons-logging-1.1.1.jar:/home/travis/build/icyp
hy/ptII/lib/sootclasses.jar:/home/travis/build/icyphy/ptII/ptolemy/actor/lib/da
tabase/mysql-connector-java-5.1.6-bin.jar:/home/travis/build/icyphy/ptII/vendor
s/misc/sphinx4/sphinx4-data-5prealpha.jar:/home/travis/build/icyphy/ptII/vendor
s/misc/sphinx4/sphinx4-core-5prealpha.jar:/home/travis/build/icyphy/ptII/lib/PD
FRenderer.jar:/home/travis/build/icyphy/ptII/lib/svgSalamander.jar:/home/travis
/build/icyphy/ptII/lib/rsyntaxtextarea-2.6.0-SNAPSHOT.jar:/home/travis/build/ic
yphy/ptII/lib/hazelcast-3.8.2.jar:/home/travis/build/icyphy/ptII/lib/jackson-an
notations-2.9.0.jar:/home/travis/build/icyphy/ptII/lib/jackson-core-2.9.3.jar:/
home/travis/build/icyphy/ptII/lib/jackson-databind-2.9.3.jar:/home/travis/build
/icyphy/ptII/lib/netty-buffer-4.1.19.Final.jar:/home/travis/build/icyphy/ptII/l
ib/netty-codec-4.1.19.Final.jar:/home/travis/build/icyphy/ptII/lib/netty-codec-
dns-4.1.19.Final.jar:/home/travis/build/icyphy/ptII/lib/netty-codec-http-4.1.19
.Final.jar:/home/travis/build/icyphy/ptII/lib/netty-codec-http2-4.1.19.Final.ja
r:/home/travis/build/icyphy/ptII/lib/netty-common-4.1.19.Final.jar:/home/travis
/build/icyphy/ptII/lib/netty-handler-4.1.19.Final.jar:/home/travis/build/icyphy
/ptII/lib/netty-resolver-4.1.19.Final.jar:/home/travis/build/icyphy/ptII/lib/ne
tty-resolver-dns-4.1.19.Final.jar:/home/travis/build/icyphy/ptII/lib/netty-tran
sport-4.1.19.Final.jar:/home/travis/build/icyphy/ptII/lib/vertx-codegen-3.5.1.j
ar:/home/travis/build/icyphy/ptII/lib/vertx-core-3.5.2-SNAPSHOT.jar:/home/travi
s/build/icyphy/ptII/lib/vertx-hazelcast-3.5.1.jar:/home/travis/build/icyphy/ptI
I/lib/vertx-lang-js-3.5.1.jar:/home/travis/build/icyphy/ptII/lib/vertx-service-
proxy-3.5.1.jar:/home/travis/build/icyphy/ptII/lib/vertx-web-3.5.1.jar:/home/tr
avis/build/icyphy/ptII/lib/slf4j-api-1.7.13.jar:/home/travis/build/icyphy/ptII/
lib/slf4j-simple-1.7.13.jar:/home/travis/build/icyphy/ptII/lib/webcam-capture-0
.3.12.jar:/home/travis/build/icyphy/ptII/lib/bridj-0.7.0.jar:/home/travis/build
/icyphy/ptII/lib/xbjlib-1.1.0.nrjavaserial.jar:/home/travis/build/icyphy/ptII/p
tolemy/moml/test:/home/travis/build/icyphy/ptII/ant/lib/ant-launcher.jar:/home/
travis/build/icyphy/ptII/ant/lib/ant.jar:/home/travis/build/icyphy/ptII/ant/lib
/ant-junit.jar:/home/travis/build/icyphy/ptII/ant/lib/ant-junit4.jar:/home/trav
is/build/icyphy/ptII ModularCG_A1_B1_profile.java
total 216
-rw-rw-r-- 1 travis travis  4895 Sep 23 02:19 CompiledCompositeActor_CompiledCompositeActor.class
-rw-rw-r-- 1 travis travis  1592 Sep 23 02:19 CompiledCompositeActor_CompiledCompositeActor$_CompiledCompositeActor_CompiledCompositeActor.class
-rw-rw-r-- 1 travis travis 13466 Sep 23 02:19 CompiledCompositeActor_CompiledCompositeActor.java
-rw-rw-r-- 1 travis travis  1593 Sep 23 02:19 CompiledCompositeActor_CompiledCompositeActor.mk
-rw-rw-r-- 1 travis travis  4457 Sep 23 02:19 JavaCompiledCompositeTest1_CompiledCompositeActor.class
-rw-rw-r-- 1 travis travis 11637 Sep 23 02:19 JavaCompiledCompositeTest1_CompiledCompositeActor.java
-rw-rw-r-- 1 travis travis  1198 Sep 23 02:19 JavaCompiledCompositeTest1_CompiledCompositeActor$_JavaCompiledCompositeTest1_CompiledCompositeActor.class
-rw-rw-r-- 1 travis travis  1625 Sep 23 02:19 JavaCompiledCompositeTest1_CompiledCompositeActor.mk
-rw-rw-r-- 1 travis travis  4888 Sep 23 02:19 JavaCompiledCompositeTest2_CompiledCompositeActor.class
-rw-rw-r-- 1 travis travis 14919 Sep 23 02:19 JavaCompiledCompositeTest2_CompiledCompositeActor.java
-rw-rw-r-- 1 travis travis  1793 Sep 23 02:19 JavaCompiledCompositeTest2_CompiledCompositeActor$_JavaCompiledCompositeTest2_CompiledCompositeActor.class
-rw-rw-r-- 1 travis travis  1625 Sep 23 02:19 JavaCompiledCompositeTest2_CompiledCompositeActor.mk
-rw-rw-r-- 1 travis travis  4505 Sep 23 02:19 JavaCompiledCompositeTest3_CompiledCompositeActor.class
-rw-rw-r-- 1 travis travis 13080 Sep 23 02:19 JavaCompiledCompositeTest3_CompiledCompositeActor.java
-rw-rw-r-- 1 travis travis  1378 Sep 23 02:19 JavaCompiledCompositeTest3_CompiledCompositeActor$_JavaCompiledCompositeTest3_CompiledCompositeActor.class
-rw-rw-r-- 1 travis travis  1625 Sep 23 02:19 JavaCompiledCompositeTest3_CompiledCompositeActor.mk
-rw-rw-r-- 1 travis travis  3953 Sep 23 02:19 JavaCompiledCompositeTest4_CompiledCompositeActor.class
-rw-rw-r-- 1 travis travis  9687 Sep 23 02:19 JavaCompiledCompositeTest4_CompiledCompositeActor.java
-rw-rw-r-- 1 travis travis   857 Sep 23 02:19 JavaCompiledCompositeTest4_CompiledCompositeActor$_JavaCompiledCompositeTest4_CompiledCompositeActor.class
-rw-rw-r-- 1 travis travis  1625 Sep 23 02:19 JavaCompiledCompositeTest4_CompiledCompositeActor.mk
-rw-rw-r-- 1 travis travis  1262 Sep 23 02:19 ModularCG_A1_B1_profile.java
-rw-rw-r-- 1 travis travis  3492 Sep 23 02:19 ModularCodeGenTest_A1_A2.class
-rw-rw-r-- 1 travis travis  9164 Sep 23 02:18 ModularCodeGenTest_A1_A2.java
-rw-rw-r-- 1 travis travis   904 Sep 23 02:18 ModularCodeGenTest_A1_A2.mk
-rw-rw-r-- 1 travis travis  1306 Sep 23 02:18 ModularCodeGenTest_A1_A2_profile.class
-rw-rw-r-- 1 travis travis  1228 Sep 23 02:18 ModularCodeGenTest_A1_A2_profile.java
-rw-rw-r-- 1 travis travis  3823 Sep 23 02:19 ModularCodeGenTest_A1.class
-rw-rw-r-- 1 travis travis  9968 Sep 23 02:19 ModularCodeGenTest_A1.java
-rw-rw-r-- 1 travis travis   880 Sep 23 02:19 ModularCodeGenTest_A1.mk
-rw-rw-r-- 1 travis travis  1352 Sep 23 02:19 ModularCodeGenTest_A1_profile.class
-rw-rw-r-- 1 travis travis  1394 Sep 23 02:19 ModularCodeGenTest_A1_profile.java
-rw-rw-r-- 1 travis travis   432 Sep 23 02:19 Token.class
-rw-rw-r-- 1 travis travis   251 Sep 23 02:19 Token.java
warning: Supported source version 'RELEASE_6' from annotation processor 'org.netbeans.modules.openide.util.NbBundleProcessor' less than -source '1.8'
warning: Supported source version 'RELEASE_6' from annotation processor 'org.netbeans.modules.openide.util.URLStreamHandlerRegistrationProcessor' less than -source '1.8'
warning: Supported source version 'RELEASE_6' from annotation processor 'org.netbeans.modules.openide.util.ServiceProviderProcessor' less than -source '1.8'
3 warnings
All Done
Writing ModularCG_A1_B1.java in file:/home/travis/cg/ (9730 characters)
Reading "ptolemy/cg/kernel/generic/program/procedural/java/modular/makefile.in",
    writing "/home/travis/cg/ModularCG_A1_B1.mk"
Using ptolemy/cg/kernel/generic/program/procedural/java/modular/makefile.in
In "/home/travis/cg", about to execute:
    make -f ModularCG_A1_B1.mk
javac -classpath ".:.."    ModularCG_A1_B1.java
All Done
In "/home/travis/cg", about to execute:
    pwd
In "/home/travis/cg", about to execute:
    ls -l
/home/travis/cg
In "/home/travis/cg", about to execute:
    javac -classpath
.:/home/travis/build/icyphy/ptII:/home/travis/build/icyphy/ptII/lib/bsh-2.0b4.j
ar:/home/travis/build/icyphy/ptII/lib/ptCal.jar:/home/travis/build/icyphy/ptII/
lib/java_cup.jar:/home/travis/build/icyphy/ptII/lib/saxon8.jar:/home/travis/bui
ld/icyphy/ptII/lib/saxon8-dom.jar:/home/travis/build/icyphy/ptII/lib/chic.jar:/
home/travis/build/icyphy/ptII/lib/ptcolt.jar:/usr/lib/jvm/java-8-oracle/lib/too
ls.jar:/usr/lib/eclipse/plugins/org.eclipse.jdt.core_3.8.2.dist.jar:/usr/lib/ec
lipse/plugins/org.eclipse.core.runtime_3.8.0.dist.jar:/usr/lib/eclipse/plugins/
org.eclipse.osgi_3.8.1.dist.jar:/usr/lib/eclipse/plugins/org.eclipse.core.resou
rces_3.8.1.dist.jar:/usr/lib/eclipse/plugins/org.eclipse.equinox.common_3.6.100
.dist.jar:/usr/lib/eclipse/plugins/org.eclipse.core.jobs_3.5.200.dist.jar:/usr/
lib/eclipse/plugins/org.eclipse.core.contenttype_3.4.200.dist.jar:/usr/lib/ecli
pse/plugins/org.eclipse.equinox.preferences_3.5.0.dist.jar:/usr/lib/eclipse/plu
gins/org.eclipse.text_3.5.200.dist.jar:/usr/lib/eclipse/plugins/org.eclipse.ui.
workbench_3.8.1.dist.jar:/usr/lib/eclipse/plugins/org.eclipse.jface_3.8.0.dist.
jar:/usr/lib/eclipse/plugins/org.eclipse.swt_3.8.2.jar:/usr/lib/eclipse/plugins
/org.eclipse.jface.text_3.8.1.dist.jar:/usr/lib/eclipse/plugins/org.eclipse.ui.
workbench.texteditor_3.8.0.dist.jar:/usr/lib/eclipse/plugins/org.eclipse.ui.edi
tors_3.8.0.dist.jar:/usr/lib/eclipse/plugins/org.eclipse.core.commands_3.6.1.di
st.jar:/usr/lib/eclipse/plugins/org.eclipse.equinox.registry_3.5.200.dist.jar:/
usr/lib/eclipse/plugins/org.eclipse.ui.console_3.5.100.dist.jar:/usr/lib/eclips
e/plugins/org.eclipse.ui.forms_3.5.200.dist.jar:/usr/lib/eclipse/plugins/org.ec
lipse.ui.ide_3.8.1.dist.jar:/home/travis/build/icyphy/ptII/vendors/oracle/dbxml
.jar:/home/travis/build/icyphy/ptII/vendors/oracle/db.jar:/home/travis/build/ic
yphy/ptII/vendors/misc/itext/iText.jar:/home/travis/build/icyphy/ptII/lib/g4ltl
.jar:/home/travis/build/icyphy/ptII/lib/StructuralCoder.jar:/home/travis/build/
icyphy/ptII/lib/org-openide-util.jar:/home/travis/build/icyphy/ptII/lib/org-ope
nide-util-lookup.jar:/home/travis/build/icyphy/ptII/lib/org-netbeans-api-visual
.jar:/home/travis/build/icyphy/ptII/vendors/jai-1_1_2_01/lib/jai_core.jar:/home
/travis/build/icyphy/ptII/vendors/jai-1_1_2_01/lib/jai_codec.jar:/home/travis/b
uild/icyphy/ptII/lib/jcerti.jar:/home/travis/build/icyphy/ptII/lib/smack.jar:/h
ome/travis/build/icyphy/ptII/lib/smackx.jar:/home/travis/build/icyphy/ptII/lib/
jetty-all-8.1.5-v20120716.jar:/home/travis/build/icyphy/ptII/lib/javax.servlet-
api-3.0.1.jar:/home/travis/build/icyphy/ptII/lib/javax.mail.jar:/home/travis/bu
ild/icyphy/ptII/vendors/JMF-2.1.1e/lib/jmf.jar:/home/travis/build/icyphy/ptII/l
ib/jna-4.0.0-variadic.jar:/home/travis/build/icyphy/ptII/vendors/misc/joystick/
Joystick.jar:/home/travis/build/icyphy/ptII/lib/ptjacl.jar:/home/travis/build/i
cyphy/ptII/lib/jsoup-1.8.2.jar:/home/travis/build/icyphy/ptII/lib/junit-4.8.2.j
ar:/home/travis/build/icyphy/ptII/lib/JUnitParams-0.4.0.jar:/home/travis/build/
icyphy/ptII/ptolemy/actor/lib/excel/jxl.jar:/home/travis/build/icyphy/ptII/lib/
jython.jar:/home/travis/build/icyphy/ptII/lib/kieler.jar:/home/travis/build/icy
phy/ptII/vendors/opencv/share/OpenCV/java/opencv-341.jar:/home/travis/build/icy
phy/ptII/lib/oscP5.jar:/home/travis/build/icyphy/ptII/lib/nrjavaserial-3.11.0.d
evel.jar:/home/travis/build/icyphy/ptII/vendors/j3d/lib/j3dcore.jar:/home/travi
s/build/icyphy/ptII/vendors/j3d/lib/j3dutils.jar:/home/travis/build/icyphy/ptII
/vendors/j3d/lib/vecmath.jar:/home/travis/build/icyphy/ptII/ptolemy/distributed
/jini/jar/jini-core.jar:/home/travis/build/icyphy/ptII/ptolemy/distributed/jini
/jar/jini-ext.jar:/home/travis/build/icyphy/ptII/ptolemy/distributed/jini/jar/s
un-util.jar:/home/travis/build/icyphy/ptII/lib/protobuf-java-2.4.1.jar:/home/tr
avis/build/icyphy/ptII/lib/org.eclipse.paho.client.mqttv3.jar:/home/travis/buil
d/icyphy/ptII/ptserver/lib/hessian-4.0.7.jar:/home/travis/build/icyphy/ptII/pts
erver/lib/wmqtt.jar:/home/travis/build/icyphy/ptII/lib/mapss.jar:/home/travis/b
uild/icyphy/ptII/ptolemy/actor/ptalon/antlr/antlr.jar:/home/travis/build/icyphy
/ptII/lib/JRI.jar:/home/travis/build/icyphy/ptII/lib/commons-lang-2.6.jar:/home
/travis/build/icyphy/ptII/lib/commons-logging-1.1.1.jar:/home/travis/build/icyp
hy/ptII/lib/sootclasses.jar:/home/travis/build/icyphy/ptII/ptolemy/actor/lib/da
tabase/mysql-connector-java-5.1.6-bin.jar:/home/travis/build/icyphy/ptII/vendor
s/misc/sphinx4/sphinx4-data-5prealpha.jar:/home/travis/build/icyphy/ptII/vendor
s/misc/sphinx4/sphinx4-core-5prealpha.jar:/home/travis/build/icyphy/ptII/lib/PD
FRenderer.jar:/home/travis/build/icyphy/ptII/lib/svgSalamander.jar:/home/travis
/build/icyphy/ptII/lib/rsyntaxtextarea-2.6.0-SNAPSHOT.jar:/home/travis/build/ic
yphy/ptII/lib/hazelcast-3.8.2.jar:/home/travis/build/icyphy/ptII/lib/jackson-an
notations-2.9.0.jar:/home/travis/build/icyphy/ptII/lib/jackson-core-2.9.3.jar:/
home/travis/build/icyphy/ptII/lib/jackson-databind-2.9.3.jar:/home/travis/build
/icyphy/ptII/lib/netty-buffer-4.1.19.Final.jar:/home/travis/build/icyphy/ptII/l
ib/netty-codec-4.1.19.Final.jar:/home/travis/build/icyphy/ptII/lib/netty-codec-
dns-4.1.19.Final.jar:/home/travis/build/icyphy/ptII/lib/netty-codec-http-4.1.19
.Final.jar:/home/travis/build/icyphy/ptII/lib/netty-codec-http2-4.1.19.Final.ja
r:/home/travis/build/icyphy/ptII/lib/netty-common-4.1.19.Final.jar:/home/travis
/build/icyphy/ptII/lib/netty-handler-4.1.19.Final.jar:/home/travis/build/icyphy
/ptII/lib/netty-resolver-4.1.19.Final.jar:/home/travis/build/icyphy/ptII/lib/ne
tty-resolver-dns-4.1.19.Final.jar:/home/travis/build/icyphy/ptII/lib/netty-tran
sport-4.1.19.Final.jar:/home/travis/build/icyphy/ptII/lib/vertx-codegen-3.5.1.j
ar:/home/travis/build/icyphy/ptII/lib/vertx-core-3.5.2-SNAPSHOT.jar:/home/travi
s/build/icyphy/ptII/lib/vertx-hazelcast-3.5.1.jar:/home/travis/build/icyphy/ptI
I/lib/vertx-lang-js-3.5.1.jar:/home/travis/build/icyphy/ptII/lib/vertx-service-
proxy-3.5.1.jar:/home/travis/build/icyphy/ptII/lib/vertx-web-3.5.1.jar:/home/tr
avis/build/icyphy/ptII/lib/slf4j-api-1.7.13.jar:/home/travis/build/icyphy/ptII/
lib/slf4j-simple-1.7.13.jar:/home/travis/build/icyphy/ptII/lib/webcam-capture-0
.3.12.jar:/home/travis/build/icyphy/ptII/lib/bridj-0.7.0.jar:/home/travis/build
/icyphy/ptII/lib/xbjlib-1.1.0.nrjavaserial.jar:/home/travis/build/icyphy/ptII/p
tolemy/moml/test:/home/travis/build/icyphy/ptII/ant/lib/ant-launcher.jar:/home/
travis/build/icyphy/ptII/ant/lib/ant.jar:/home/travis/build/icyphy/ptII/ant/lib
/ant-junit.jar:/home/travis/build/icyphy/ptII/ant/lib/ant-junit4.jar:/home/trav
is/build/icyphy/ptII ModularCG_A1_B2_profile.java
total 244
-rw-rw-r-- 1 travis travis  4895 Sep 23 02:19 CompiledCompositeActor_CompiledCompositeActor.class
-rw-rw-r-- 1 travis travis  1592 Sep 23 02:19 CompiledCompositeActor_CompiledCompositeActor$_CompiledCompositeActor_CompiledCompositeActor.class
-rw-rw-r-- 1 travis travis 13466 Sep 23 02:19 CompiledCompositeActor_CompiledCompositeActor.java
-rw-rw-r-- 1 travis travis  1593 Sep 23 02:19 CompiledCompositeActor_CompiledCompositeActor.mk
-rw-rw-r-- 1 travis travis  4457 Sep 23 02:19 JavaCompiledCompositeTest1_CompiledCompositeActor.class
-rw-rw-r-- 1 travis travis 11637 Sep 23 02:19 JavaCompiledCompositeTest1_CompiledCompositeActor.java
-rw-rw-r-- 1 travis travis  1198 Sep 23 02:19 JavaCompiledCompositeTest1_CompiledCompositeActor$_JavaCompiledCompositeTest1_CompiledCompositeActor.class
-rw-rw-r-- 1 travis travis  1625 Sep 23 02:19 JavaCompiledCompositeTest1_CompiledCompositeActor.mk
-rw-rw-r-- 1 travis travis  4888 Sep 23 02:19 JavaCompiledCompositeTest2_CompiledCompositeActor.class
-rw-rw-r-- 1 travis travis 14919 Sep 23 02:19 JavaCompiledCompositeTest2_CompiledCompositeActor.java
-rw-rw-r-- 1 travis travis  1793 Sep 23 02:19 JavaCompiledCompositeTest2_CompiledCompositeActor$_JavaCompiledCompositeTest2_CompiledCompositeActor.class
-rw-rw-r-- 1 travis travis  1625 Sep 23 02:19 JavaCompiledCompositeTest2_CompiledCompositeActor.mk
-rw-rw-r-- 1 travis travis  4505 Sep 23 02:19 JavaCompiledCompositeTest3_CompiledCompositeActor.class
-rw-rw-r-- 1 travis travis 13080 Sep 23 02:19 JavaCompiledCompositeTest3_CompiledCompositeActor.java
-rw-rw-r-- 1 travis travis  1378 Sep 23 02:19 JavaCompiledCompositeTest3_CompiledCompositeActor$_JavaCompiledCompositeTest3_CompiledCompositeActor.class
-rw-rw-r-- 1 travis travis  1625 Sep 23 02:19 JavaCompiledCompositeTest3_CompiledCompositeActor.mk
-rw-rw-r-- 1 travis travis  3953 Sep 23 02:19 JavaCompiledCompositeTest4_CompiledCompositeActor.class
-rw-rw-r-- 1 travis travis  9687 Sep 23 02:19 JavaCompiledCompositeTest4_CompiledCompositeActor.java
-rw-rw-r-- 1 travis travis   857 Sep 23 02:19 JavaCompiledCompositeTest4_CompiledCompositeActor$_JavaCompiledCompositeTest4_CompiledCompositeActor.class
-rw-rw-r-- 1 travis travis  1625 Sep 23 02:19 JavaCompiledCompositeTest4_CompiledCompositeActor.mk
-rw-rw-r-- 1 travis travis  3693 Sep 23 02:19 ModularCG_A1_B1.class
-rw-rw-r-- 1 travis travis  9730 Sep 23 02:19 ModularCG_A1_B1.java
-rw-rw-r-- 1 travis travis   832 Sep 23 02:19 ModularCG_A1_B1.mk
-rw-rw-r-- 1 travis travis  1318 Sep 23 02:19 ModularCG_A1_B1_profile.class
-rw-rw-r-- 1 travis travis  1262 Sep 23 02:19 ModularCG_A1_B1_profile.java
-rw-rw-r-- 1 travis travis  1262 Sep 23 02:19 ModularCG_A1_B2_profile.java
-rw-rw-r-- 1 travis travis  3492 Sep 23 02:19 ModularCodeGenTest_A1_A2.class
-rw-rw-r-- 1 travis travis  9164 Sep 23 02:18 ModularCodeGenTest_A1_A2.java
-rw-rw-r-- 1 travis travis   904 Sep 23 02:18 ModularCodeGenTest_A1_A2.mk
-rw-rw-r-- 1 travis travis  1306 Sep 23 02:18 ModularCodeGenTest_A1_A2_profile.class
-rw-rw-r-- 1 travis travis  1228 Sep 23 02:18 ModularCodeGenTest_A1_A2_profile.java
-rw-rw-r-- 1 travis travis  3823 Sep 23 02:19 ModularCodeGenTest_A1.class
-rw-rw-r-- 1 travis travis  9968 Sep 23 02:19 ModularCodeGenTest_A1.java
-rw-rw-r-- 1 travis travis   880 Sep 23 02:19 ModularCodeGenTest_A1.mk
-rw-rw-r-- 1 travis travis  1352 Sep 23 02:19 ModularCodeGenTest_A1_profile.class
-rw-rw-r-- 1 travis travis  1394 Sep 23 02:19 ModularCodeGenTest_A1_profile.java
-rw-rw-r-- 1 travis travis   432 Sep 23 02:19 Token.class
-rw-rw-r-- 1 travis travis   251 Sep 23 02:19 Token.java
warning: Supported source version 'RELEASE_6' from annotation processor 'org.netbeans.modules.openide.util.NbBundleProcessor' less than -source '1.8'
warning: Supported source version 'RELEASE_6' from annotation processor 'org.netbeans.modules.openide.util.URLStreamHandlerRegistrationProcessor' less than -source '1.8'
warning: Supported source version 'RELEASE_6' from annotation processor 'org.netbeans.modules.openide.util.ServiceProviderProcessor' less than -source '1.8'
3 warnings
All Done
Writing ModularCG_A1_B2.java in file:/home/travis/cg/ (9730 characters)
Reading "ptolemy/cg/kernel/generic/program/procedural/java/modular/makefile.in",
    writing "/home/travis/cg/ModularCG_A1_B2.mk"
Using ptolemy/cg/kernel/generic/program/procedural/java/modular/makefile.in
In "/home/travis/cg", about to execute:
    make -f ModularCG_A1_B2.mk
javac -classpath ".:.."    ModularCG_A1_B2.java
All Done
In "/home/travis/cg", about to execute:
    pwd
In "/home/travis/cg", about to execute:
    ls -l
/home/travis/cg
In "/home/travis/cg", about to execute:
    javac -classpath
.:/home/travis/build/icyphy/ptII:/home/travis/build/icyphy/ptII/lib/bsh-2.0b4.j
ar:/home/travis/build/icyphy/ptII/lib/ptCal.jar:/home/travis/build/icyphy/ptII/
lib/java_cup.jar:/home/travis/build/icyphy/ptII/lib/saxon8.jar:/home/travis/bui
ld/icyphy/ptII/lib/saxon8-dom.jar:/home/travis/build/icyphy/ptII/lib/chic.jar:/
home/travis/build/icyphy/ptII/lib/ptcolt.jar:/usr/lib/jvm/java-8-oracle/lib/too
ls.jar:/usr/lib/eclipse/plugins/org.eclipse.jdt.core_3.8.2.dist.jar:/usr/lib/ec
lipse/plugins/org.eclipse.core.runtime_3.8.0.dist.jar:/usr/lib/eclipse/plugins/
org.eclipse.osgi_3.8.1.dist.jar:/usr/lib/eclipse/plugins/org.eclipse.core.resou
rces_3.8.1.dist.jar:/usr/lib/eclipse/plugins/org.eclipse.equinox.common_3.6.100
.dist.jar:/usr/lib/eclipse/plugins/org.eclipse.core.jobs_3.5.200.dist.jar:/usr/
lib/eclipse/plugins/org.eclipse.core.contenttype_3.4.200.dist.jar:/usr/lib/ecli
pse/plugins/org.eclipse.equinox.preferences_3.5.0.dist.jar:/usr/lib/eclipse/plu
gins/org.eclipse.text_3.5.200.dist.jar:/usr/lib/eclipse/plugins/org.eclipse.ui.
workbench_3.8.1.dist.jar:/usr/lib/eclipse/plugins/org.eclipse.jface_3.8.0.dist.
jar:/usr/lib/eclipse/plugins/org.eclipse.swt_3.8.2.jar:/usr/lib/eclipse/plugins
/org.eclipse.jface.text_3.8.1.dist.jar:/usr/lib/eclipse/plugins/org.eclipse.ui.
workbench.texteditor_3.8.0.dist.jar:/usr/lib/eclipse/plugins/org.eclipse.ui.edi
tors_3.8.0.dist.jar:/usr/lib/eclipse/plugins/org.eclipse.core.commands_3.6.1.di
st.jar:/usr/lib/eclipse/plugins/org.eclipse.equinox.registry_3.5.200.dist.jar:/
usr/lib/eclipse/plugins/org.eclipse.ui.console_3.5.100.dist.jar:/usr/lib/eclips
e/plugins/org.eclipse.ui.forms_3.5.200.dist.jar:/usr/lib/eclipse/plugins/org.ec
lipse.ui.ide_3.8.1.dist.jar:/home/travis/build/icyphy/ptII/vendors/oracle/dbxml
.jar:/home/travis/build/icyphy/ptII/vendors/oracle/db.jar:/home/travis/build/ic
yphy/ptII/vendors/misc/itext/iText.jar:/home/travis/build/icyphy/ptII/lib/g4ltl
.jar:/home/travis/build/icyphy/ptII/lib/StructuralCoder.jar:/home/travis/build/
icyphy/ptII/lib/org-openide-util.jar:/home/travis/build/icyphy/ptII/lib/org-ope
nide-util-lookup.jar:/home/travis/build/icyphy/ptII/lib/org-netbeans-api-visual
.jar:/home/travis/build/icyphy/ptII/vendors/jai-1_1_2_01/lib/jai_core.jar:/home
/travis/build/icyphy/ptII/vendors/jai-1_1_2_01/lib/jai_codec.jar:/home/travis/b
uild/icyphy/ptII/lib/jcerti.jar:/home/travis/build/icyphy/ptII/lib/smack.jar:/h
ome/travis/build/icyphy/ptII/lib/smackx.jar:/home/travis/build/icyphy/ptII/lib/
jetty-all-8.1.5-v20120716.jar:/home/travis/build/icyphy/ptII/lib/javax.servlet-
api-3.0.1.jar:/home/travis/build/icyphy/ptII/lib/javax.mail.jar:/home/travis/bu
ild/icyphy/ptII/vendors/JMF-2.1.1e/lib/jmf.jar:/home/travis/build/icyphy/ptII/l
ib/jna-4.0.0-variadic.jar:/home/travis/build/icyphy/ptII/vendors/misc/joystick/
Joystick.jar:/home/travis/build/icyphy/ptII/lib/ptjacl.jar:/home/travis/build/i
cyphy/ptII/lib/jsoup-1.8.2.jar:/home/travis/build/icyphy/ptII/lib/junit-4.8.2.j
ar:/home/travis/build/icyphy/ptII/lib/JUnitParams-0.4.0.jar:/home/travis/build/
icyphy/ptII/ptolemy/actor/lib/excel/jxl.jar:/home/travis/build/icyphy/ptII/lib/
jython.jar:/home/travis/build/icyphy/ptII/lib/kieler.jar:/home/travis/build/icy
phy/ptII/vendors/opencv/share/OpenCV/java/opencv-341.jar:/home/travis/build/icy
phy/ptII/lib/oscP5.jar:/home/travis/build/icyphy/ptII/lib/nrjavaserial-3.11.0.d
evel.jar:/home/travis/build/icyphy/ptII/vendors/j3d/lib/j3dcore.jar:/home/travi
s/build/icyphy/ptII/vendors/j3d/lib/j3dutils.jar:/home/travis/build/icyphy/ptII
/vendors/j3d/lib/vecmath.jar:/home/travis/build/icyphy/ptII/ptolemy/distributed
/jini/jar/jini-core.jar:/home/travis/build/icyphy/ptII/ptolemy/distributed/jini
/jar/jini-ext.jar:/home/travis/build/icyphy/ptII/ptolemy/distributed/jini/jar/s
un-util.jar:/home/travis/build/icyphy/ptII/lib/protobuf-java-2.4.1.jar:/home/tr
avis/build/icyphy/ptII/lib/org.eclipse.paho.client.mqttv3.jar:/home/travis/buil
d/icyphy/ptII/ptserver/lib/hessian-4.0.7.jar:/home/travis/build/icyphy/ptII/pts
erver/lib/wmqtt.jar:/home/travis/build/icyphy/ptII/lib/mapss.jar:/home/travis/b
uild/icyphy/ptII/ptolemy/actor/ptalon/antlr/antlr.jar:/home/travis/build/icyphy
/ptII/lib/JRI.jar:/home/travis/build/icyphy/ptII/lib/commons-lang-2.6.jar:/home
/travis/build/icyphy/ptII/lib/commons-logging-1.1.1.jar:/home/travis/build/icyp
hy/ptII/lib/sootclasses.jar:/home/travis/build/icyphy/ptII/ptolemy/actor/lib/da
tabase/mysql-connector-java-5.1.6-bin.jar:/home/travis/build/icyphy/ptII/vendor
s/misc/sphinx4/sphinx4-data-5prealpha.jar:/home/travis/build/icyphy/ptII/vendor
s/misc/sphinx4/sphinx4-core-5prealpha.jar:/home/travis/build/icyphy/ptII/lib/PD
FRenderer.jar:/home/travis/build/icyphy/ptII/lib/svgSalamander.jar:/home/travis
/build/icyphy/ptII/lib/rsyntaxtextarea-2.6.0-SNAPSHOT.jar:/home/travis/build/ic
yphy/ptII/lib/hazelcast-3.8.2.jar:/home/travis/build/icyphy/ptII/lib/jackson-an
notations-2.9.0.jar:/home/travis/build/icyphy/ptII/lib/jackson-core-2.9.3.jar:/
home/travis/build/icyphy/ptII/lib/jackson-databind-2.9.3.jar:/home/travis/build
/icyphy/ptII/lib/netty-buffer-4.1.19.Final.jar:/home/travis/build/icyphy/ptII/l
ib/netty-codec-4.1.19.Final.jar:/home/travis/build/icyphy/ptII/lib/netty-codec-
dns-4.1.19.Final.jar:/home/travis/build/icyphy/ptII/lib/netty-codec-http-4.1.19
.Final.jar:/home/travis/build/icyphy/ptII/lib/netty-codec-http2-4.1.19.Final.ja
r:/home/travis/build/icyphy/ptII/lib/netty-common-4.1.19.Final.jar:/home/travis
/build/icyphy/ptII/lib/netty-handler-4.1.19.Final.jar:/home/travis/build/icyphy
/ptII/lib/netty-resolver-4.1.19.Final.jar:/home/travis/build/icyphy/ptII/lib/ne
tty-resolver-dns-4.1.19.Final.jar:/home/travis/build/icyphy/ptII/lib/netty-tran
sport-4.1.19.Final.jar:/home/travis/build/icyphy/ptII/lib/vertx-codegen-3.5.1.j
ar:/home/travis/build/icyphy/ptII/lib/vertx-core-3.5.2-SNAPSHOT.jar:/home/travi
s/build/icyphy/ptII/lib/vertx-hazelcast-3.5.1.jar:/home/travis/build/icyphy/ptI
I/lib/vertx-lang-js-3.5.1.jar:/home/travis/build/icyphy/ptII/lib/vertx-service-
proxy-3.5.1.jar:/home/travis/build/icyphy/ptII/lib/vertx-web-3.5.1.jar:/home/tr
avis/build/icyphy/ptII/lib/slf4j-api-1.7.13.jar:/home/travis/build/icyphy/ptII/
lib/slf4j-simple-1.7.13.jar:/home/travis/build/icyphy/ptII/lib/webcam-capture-0
.3.12.jar:/home/travis/build/icyphy/ptII/lib/bridj-0.7.0.jar:/home/travis/build
/icyphy/ptII/lib/xbjlib-1.1.0.nrjavaserial.jar:/home/travis/build/icyphy/ptII/p
tolemy/moml/test:/home/travis/build/icyphy/ptII/ant/lib/ant-launcher.jar:/home/
travis/build/icyphy/ptII/ant/lib/ant.jar:/home/travis/build/icyphy/ptII/ant/lib
/ant-junit.jar:/home/travis/build/icyphy/ptII/ant/lib/ant-junit4.jar:/home/trav
is/build/icyphy/ptII ModularCG_A1_profile.java
total 272
-rw-rw-r-- 1 travis travis  4895 Sep 23 02:19 CompiledCompositeActor_CompiledCompositeActor.class
-rw-rw-r-- 1 travis travis  1592 Sep 23 02:19 CompiledCompositeActor_CompiledCompositeActor$_CompiledCompositeActor_CompiledCompositeActor.class
-rw-rw-r-- 1 travis travis 13466 Sep 23 02:19 CompiledCompositeActor_CompiledCompositeActor.java
-rw-rw-r-- 1 travis travis  1593 Sep 23 02:19 CompiledCompositeActor_CompiledCompositeActor.mk
-rw-rw-r-- 1 travis travis  4457 Sep 23 02:19 JavaCompiledCompositeTest1_CompiledCompositeActor.class
-rw-rw-r-- 1 travis travis 11637 Sep 23 02:19 JavaCompiledCompositeTest1_CompiledCompositeActor.java
-rw-rw-r-- 1 travis travis  1198 Sep 23 02:19 JavaCompiledCompositeTest1_CompiledCompositeActor$_JavaCompiledCompositeTest1_CompiledCompositeActor.class
-rw-rw-r-- 1 travis travis  1625 Sep 23 02:19 JavaCompiledCompositeTest1_CompiledCompositeActor.mk
-rw-rw-r-- 1 travis travis  4888 Sep 23 02:19 JavaCompiledCompositeTest2_CompiledCompositeActor.class
-rw-rw-r-- 1 travis travis 14919 Sep 23 02:19 JavaCompiledCompositeTest2_CompiledCompositeActor.java
-rw-rw-r-- 1 travis travis  1793 Sep 23 02:19 JavaCompiledCompositeTest2_CompiledCompositeActor$_JavaCompiledCompositeTest2_CompiledCompositeActor.class
-rw-rw-r-- 1 travis travis  1625 Sep 23 02:19 JavaCompiledCompositeTest2_CompiledCompositeActor.mk
-rw-rw-r-- 1 travis travis  4505 Sep 23 02:19 JavaCompiledCompositeTest3_CompiledCompositeActor.class
-rw-rw-r-- 1 travis travis 13080 Sep 23 02:19 JavaCompiledCompositeTest3_CompiledCompositeActor.java
-rw-rw-r-- 1 travis travis  1378 Sep 23 02:19 JavaCompiledCompositeTest3_CompiledCompositeActor$_JavaCompiledCompositeTest3_CompiledCompositeActor.class
-rw-rw-r-- 1 travis travis  1625 Sep 23 02:19 JavaCompiledCompositeTest3_CompiledCompositeActor.mk
-rw-rw-r-- 1 travis travis  3953 Sep 23 02:19 JavaCompiledCompositeTest4_CompiledCompositeActor.class
-rw-rw-r-- 1 travis travis  9687 Sep 23 02:19 JavaCompiledCompositeTest4_CompiledCompositeActor.java
-rw-rw-r-- 1 travis travis   857 Sep 23 02:19 JavaCompiledCompositeTest4_CompiledCompositeActor$_JavaCompiledCompositeTest4_CompiledCompositeActor.class
-rw-rw-r-- 1 travis travis  1625 Sep 23 02:19 JavaCompiledCompositeTest4_CompiledCompositeActor.mk
-rw-rw-r-- 1 travis travis  3693 Sep 23 02:19 ModularCG_A1_B1.class
-rw-rw-r-- 1 travis travis  9730 Sep 23 02:19 ModularCG_A1_B1.java
-rw-rw-r-- 1 travis travis   832 Sep 23 02:19 ModularCG_A1_B1.mk
-rw-rw-r-- 1 travis travis  1318 Sep 23 02:19 ModularCG_A1_B1_profile.class
-rw-rw-r-- 1 travis travis  1262 Sep 23 02:19 ModularCG_A1_B1_profile.java
-rw-rw-r-- 1 travis travis  3693 Sep 23 02:19 ModularCG_A1_B2.class
-rw-rw-r-- 1 travis travis  9730 Sep 23 02:19 ModularCG_A1_B2.java
-rw-rw-r-- 1 travis travis   832 Sep 23 02:19 ModularCG_A1_B2.mk
-rw-rw-r-- 1 travis travis  1318 Sep 23 02:19 ModularCG_A1_B2_profile.class
-rw-rw-r-- 1 travis travis  1262 Sep 23 02:19 ModularCG_A1_B2_profile.java
-rw-rw-r-- 1 travis travis  1704 Sep 23 02:19 ModularCG_A1_profile.java
-rw-rw-r-- 1 travis travis  3492 Sep 23 02:19 ModularCodeGenTest_A1_A2.class
-rw-rw-r-- 1 travis travis  9164 Sep 23 02:18 ModularCodeGenTest_A1_A2.java
-rw-rw-r-- 1 travis travis   904 Sep 23 02:18 ModularCodeGenTest_A1_A2.mk
-rw-rw-r-- 1 travis travis  1306 Sep 23 02:18 ModularCodeGenTest_A1_A2_profile.class
-rw-rw-r-- 1 travis travis  1228 Sep 23 02:18 ModularCodeGenTest_A1_A2_profile.java
-rw-rw-r-- 1 travis travis  3823 Sep 23 02:19 ModularCodeGenTest_A1.class
-rw-rw-r-- 1 travis travis  9968 Sep 23 02:19 ModularCodeGenTest_A1.java
-rw-rw-r-- 1 travis travis   880 Sep 23 02:19 ModularCodeGenTest_A1.mk
-rw-rw-r-- 1 travis travis  1352 Sep 23 02:19 ModularCodeGenTest_A1_profile.class
-rw-rw-r-- 1 travis travis  1394 Sep 23 02:19 ModularCodeGenTest_A1_profile.java
-rw-rw-r-- 1 travis travis   432 Sep 23 02:19 Token.class
-rw-rw-r-- 1 travis travis   251 Sep 23 02:19 Token.java
warning: Supported source version 'RELEASE_6' from annotation processor 'org.netbeans.modules.openide.util.NbBundleProcessor' less than -source '1.8'
warning: Supported source version 'RELEASE_6' from annotation processor 'org.netbeans.modules.openide.util.URLStreamHandlerRegistrationProcessor' less than -source '1.8'
warning: Supported source version 'RELEASE_6' from annotation processor 'org.netbeans.modules.openide.util.ServiceProviderProcessor' less than -source '1.8'
3 warnings
All Done
Writing ModularCG_A1.java in file:/home/travis/cg/ (14742 characters)
Reading "ptolemy/cg/kernel/generic/program/procedural/java/modular/makefile.in",
    writing "/home/travis/cg/ModularCG_A1.mk"
Using ptolemy/cg/kernel/generic/program/procedural/java/modular/makefile.in
In "/home/travis/cg", about to execute:
    make -f ModularCG_A1.mk
javac -classpath ".:.."    ModularCG_A1.java
All Done
In "/home/travis/cg", about to execute:
    pwd
/home/travis/cg
In "/home/travis/cg", about to execute:
    ls -l
total 308
-rw-rw-r-- 1 travis travis  4895 Sep 23 02:19 CompiledCompositeActor_CompiledCompositeActor.class
-rw-rw-r-- 1 travis travis  1592 Sep 23 02:19 CompiledCompositeActor_CompiledCompositeActor$_CompiledCompositeActor_CompiledCompositeActor.class
-rw-rw-r-- 1 travis travis 13466 Sep 23 02:19 CompiledCompositeActor_CompiledCompositeActor.java
-rw-rw-r-- 1 travis travis  1593 Sep 23 02:19 CompiledCompositeActor_CompiledCompositeActor.mk
-rw-rw-r-- 1 travis travis  4457 Sep 23 02:19 JavaCompiledCompositeTest1_CompiledCompositeActor.class
-rw-rw-r-- 1 travis travis 11637 Sep 23 02:19 JavaCompiledCompositeTest1_CompiledCompositeActor.java
-rw-rw-r-- 1 travis travis  1198 Sep 23 02:19 JavaCompiledCompositeTest1_CompiledCompositeActor$_JavaCompiledCompositeTest1_CompiledCompositeActor.class
-rw-rw-r-- 1 travis travis  1625 Sep 23 02:19 JavaCompiledCompositeTest1_CompiledCompositeActor.mk
-rw-rw-r-- 1 travis travis  4888 Sep 23 02:19 JavaCompiledCompositeTest2_CompiledCompositeActor.class
-rw-rw-r-- 1 travis travis 14919 Sep 23 02:19 JavaCompiledCompositeTest2_CompiledCompositeActor.java
-rw-rw-r-- 1 travis travis  1793 Sep 23 02:19 JavaCompiledCompositeTest2_CompiledCompositeActor$_JavaCompiledCompositeTest2_CompiledCompositeActor.class
-rw-rw-r-- 1 travis travis  1625 Sep 23 02:19 JavaCompiledCompositeTest2_CompiledCompositeActor.mk
-rw-rw-r-- 1 travis travis  4505 Sep 23 02:19 JavaCompiledCompositeTest3_CompiledCompositeActor.class
-rw-rw-r-- 1 travis travis 13080 Sep 23 02:19 JavaCompiledCompositeTest3_CompiledCompositeActor.java
-rw-rw-r-- 1 travis travis  1378 Sep 23 02:19 JavaCompiledCompositeTest3_CompiledCompositeActor$_JavaCompiledCompositeTest3_CompiledCompositeActor.class
-rw-rw-r-- 1 travis travis  1625 Sep 23 02:19 JavaCompiledCompositeTest3_CompiledCompositeActor.mk
-rw-rw-r-- 1 travis travis  3953 Sep 23 02:19 JavaCompiledCompositeTest4_CompiledCompositeActor.class
-rw-rw-r-- 1 travis travis  9687 Sep 23 02:19 JavaCompiledCompositeTest4_CompiledCompositeActor.java
-rw-rw-r-- 1 travis travis   857 Sep 23 02:19 JavaCompiledCompositeTest4_CompiledCompositeActor$_JavaCompiledCompositeTest4_CompiledCompositeActor.class
-rw-rw-r-- 1 travis travis  1625 Sep 23 02:19 JavaCompiledCompositeTest4_CompiledCompositeActor.mk
-rw-rw-r-- 1 travis travis  3693 Sep 23 02:19 ModularCG_A1_B1.class
-rw-rw-r-- 1 travis travis  9730 Sep 23 02:19 ModularCG_A1_B1.java
-rw-rw-r-- 1 travis travis   832 Sep 23 02:19 ModularCG_A1_B1.mk
-rw-rw-r-- 1 travis travis  1318 Sep 23 02:19 ModularCG_A1_B1_profile.class
-rw-rw-r-- 1 travis travis  1262 Sep 23 02:19 ModularCG_A1_B1_profile.java
-rw-rw-r-- 1 travis travis  3693 Sep 23 02:19 ModularCG_A1_B2.class
-rw-rw-r-- 1 travis travis  9730 Sep 23 02:19 ModularCG_A1_B2.java
-rw-rw-r-- 1 travis travis   832 Sep 23 02:19 ModularCG_A1_B2.mk
-rw-rw-r-- 1 travis travis  1318 Sep 23 02:19 ModularCG_A1_B2_profile.class
-rw-rw-r-- 1 travis travis  1262 Sep 23 02:19 ModularCG_A1_B2_profile.java
-rw-rw-r-- 1 travis travis  4799 Sep 23 02:19 ModularCG_A1.class
-rw-rw-r-- 1 travis travis 14742 Sep 23 02:19 ModularCG_A1.java
-rw-rw-r-- 1 travis travis   808 Sep 23 02:19 ModularCG_A1.mk
-rw-rw-r-- 1 travis travis  1433 Sep 23 02:19 ModularCG_A1_profile.class
-rw-rw-r-- 1 travis travis  1704 Sep 23 02:19 ModularCG_A1_profile.java
-rw-rw-r-- 1 travis travis  1446 Sep 23 02:19 ModularCG_A2_B1_profile.java
-rw-rw-r-- 1 travis travis  3492 Sep 23 02:19 ModularCodeGenTest_A1_A2.class
-rw-rw-r-- 1 travis travis  9164 Sep 23 02:18 ModularCodeGenTest_A1_A2.java
-rw-rw-r-- 1 travis travis   904 Sep 23 02:18 ModularCodeGenTest_A1_A2.mk
-rw-rw-r-- 1 travis travis  1306 Sep 23 02:18 ModularCodeGenTest_A1_A2_profile.class
-rw-rw-r-- 1 travis travis  1228 Sep 23 02:18 ModularCodeGenTest_A1_A2_profile.java
-rw-rw-r-- 1 travis travis  3823 Sep 23 02:19 ModularCodeGenTest_A1.class
-rw-rw-r-- 1 travis travis  9968 Sep 23 02:19 ModularCodeGenTest_A1.java
-rw-rw-r-- 1 travis travis   880 Sep 23 02:19 ModularCodeGenTest_A1.mk
-rw-rw-r-- 1 travis travis  1352 Sep 23 02:19 ModularCodeGenTest_A1_profile.class
-rw-rw-r-- 1 travis travis  1394 Sep 23 02:19 ModularCodeGenTest_A1_profile.java
-rw-rw-r-- 1 travis travis   432 Sep 23 02:19 Token.class
-rw-rw-r-- 1 travis travis   251 Sep 23 02:19 Token.java
In "/home/travis/cg", about to execute:
    javac -classpath
.:/home/travis/build/icyphy/ptII:/home/travis/build/icyphy/ptII/lib/bsh-2.0b4.j
ar:/home/travis/build/icyphy/ptII/lib/ptCal.jar:/home/travis/build/icyphy/ptII/
lib/java_cup.jar:/home/travis/build/icyphy/ptII/lib/saxon8.jar:/home/travis/bui
ld/icyphy/ptII/lib/saxon8-dom.jar:/home/travis/build/icyphy/ptII/lib/chic.jar:/
home/travis/build/icyphy/ptII/lib/ptcolt.jar:/usr/lib/jvm/java-8-oracle/lib/too
ls.jar:/usr/lib/eclipse/plugins/org.eclipse.jdt.core_3.8.2.dist.jar:/usr/lib/ec
lipse/plugins/org.eclipse.core.runtime_3.8.0.dist.jar:/usr/lib/eclipse/plugins/
org.eclipse.osgi_3.8.1.dist.jar:/usr/lib/eclipse/plugins/org.eclipse.core.resou
rces_3.8.1.dist.jar:/usr/lib/eclipse/plugins/org.eclipse.equinox.common_3.6.100
.dist.jar:/usr/lib/eclipse/plugins/org.eclipse.core.jobs_3.5.200.dist.jar:/usr/
lib/eclipse/plugins/org.eclipse.core.contenttype_3.4.200.dist.jar:/usr/lib/ecli
pse/plugins/org.eclipse.equinox.preferences_3.5.0.dist.jar:/usr/lib/eclipse/plu
gins/org.eclipse.text_3.5.200.dist.jar:/usr/lib/eclipse/plugins/org.eclipse.ui.
workbench_3.8.1.dist.jar:/usr/lib/eclipse/plugins/org.eclipse.jface_3.8.0.dist.
jar:/usr/lib/eclipse/plugins/org.eclipse.swt_3.8.2.jar:/usr/lib/eclipse/plugins
/org.eclipse.jface.text_3.8.1.dist.jar:/usr/lib/eclipse/plugins/org.eclipse.ui.
workbench.texteditor_3.8.0.dist.jar:/usr/lib/eclipse/plugins/org.eclipse.ui.edi
tors_3.8.0.dist.jar:/usr/lib/eclipse/plugins/org.eclipse.core.commands_3.6.1.di
st.jar:/usr/lib/eclipse/plugins/org.eclipse.equinox.registry_3.5.200.dist.jar:/
usr/lib/eclipse/plugins/org.eclipse.ui.console_3.5.100.dist.jar:/usr/lib/eclips
e/plugins/org.eclipse.ui.forms_3.5.200.dist.jar:/usr/lib/eclipse/plugins/org.ec
lipse.ui.ide_3.8.1.dist.jar:/home/travis/build/icyphy/ptII/vendors/oracle/dbxml
.jar:/home/travis/build/icyphy/ptII/vendors/oracle/db.jar:/home/travis/build/ic
yphy/ptII/vendors/misc/itext/iText.jar:/home/travis/build/icyphy/ptII/lib/g4ltl
.jar:/home/travis/build/icyphy/ptII/lib/StructuralCoder.jar:/home/travis/build/
icyphy/ptII/lib/org-openide-util.jar:/home/travis/build/icyphy/ptII/lib/org-ope
nide-util-lookup.jar:/home/travis/build/icyphy/ptII/lib/org-netbeans-api-visual
.jar:/home/travis/build/icyphy/ptII/vendors/jai-1_1_2_01/lib/jai_core.jar:/home
/travis/build/icyphy/ptII/vendors/jai-1_1_2_01/lib/jai_codec.jar:/home/travis/b
uild/icyphy/ptII/lib/jcerti.jar:/home/travis/build/icyphy/ptII/lib/smack.jar:/h
ome/travis/build/icyphy/ptII/lib/smackx.jar:/home/travis/build/icyphy/ptII/lib/
jetty-all-8.1.5-v20120716.jar:/home/travis/build/icyphy/ptII/lib/javax.servlet-
api-3.0.1.jar:/home/travis/build/icyphy/ptII/lib/javax.mail.jar:/home/travis/bu
ild/icyphy/ptII/vendors/JMF-2.1.1e/lib/jmf.jar:/home/travis/build/icyphy/ptII/l
ib/jna-4.0.0-variadic.jar:/home/travis/build/icyphy/ptII/vendors/misc/joystick/
Joystick.jar:/home/travis/build/icyphy/ptII/lib/ptjacl.jar:/home/travis/build/i
cyphy/ptII/lib/jsoup-1.8.2.jar:/home/travis/build/icyphy/ptII/lib/junit-4.8.2.j
ar:/home/travis/build/icyphy/ptII/lib/JUnitParams-0.4.0.jar:/home/travis/build/
icyphy/ptII/ptolemy/actor/lib/excel/jxl.jar:/home/travis/build/icyphy/ptII/lib/
jython.jar:/home/travis/build/icyphy/ptII/lib/kieler.jar:/home/travis/build/icy
phy/ptII/vendors/opencv/share/OpenCV/java/opencv-341.jar:/home/travis/build/icy
phy/ptII/lib/oscP5.jar:/home/travis/build/icyphy/ptII/lib/nrjavaserial-3.11.0.d
evel.jar:/home/travis/build/icyphy/ptII/vendors/j3d/lib/j3dcore.jar:/home/travi
s/build/icyphy/ptII/vendors/j3d/lib/j3dutils.jar:/home/travis/build/icyphy/ptII
/vendors/j3d/lib/vecmath.jar:/home/travis/build/icyphy/ptII/ptolemy/distributed
/jini/jar/jini-core.jar:/home/travis/build/icyphy/ptII/ptolemy/distributed/jini
/jar/jini-ext.jar:/home/travis/build/icyphy/ptII/ptolemy/distributed/jini/jar/s
un-util.jar:/home/travis/build/icyphy/ptII/lib/protobuf-java-2.4.1.jar:/home/tr
avis/build/icyphy/ptII/lib/org.eclipse.paho.client.mqttv3.jar:/home/travis/buil
d/icyphy/ptII/ptserver/lib/hessian-4.0.7.jar:/home/travis/build/icyphy/ptII/pts
erver/lib/wmqtt.jar:/home/travis/build/icyphy/ptII/lib/mapss.jar:/home/travis/b
uild/icyphy/ptII/ptolemy/actor/ptalon/antlr/antlr.jar:/home/travis/build/icyphy
/ptII/lib/JRI.jar:/home/travis/build/icyphy/ptII/lib/commons-lang-2.6.jar:/home
/travis/build/icyphy/ptII/lib/commons-logging-1.1.1.jar:/home/travis/build/icyp
hy/ptII/lib/sootclasses.jar:/home/travis/build/icyphy/ptII/ptolemy/actor/lib/da
tabase/mysql-connector-java-5.1.6-bin.jar:/home/travis/build/icyphy/ptII/vendor
s/misc/sphinx4/sphinx4-data-5prealpha.jar:/home/travis/build/icyphy/ptII/vendor
s/misc/sphinx4/sphinx4-core-5prealpha.jar:/home/travis/build/icyphy/ptII/lib/PD
FRenderer.jar:/home/travis/build/icyphy/ptII/lib/svgSalamander.jar:/home/travis
/build/icyphy/ptII/lib/rsyntaxtextarea-2.6.0-SNAPSHOT.jar:/home/travis/build/ic
yphy/ptII/lib/hazelcast-3.8.2.jar:/home/travis/build/icyphy/ptII/lib/jackson-an
notations-2.9.0.jar:/home/travis/build/icyphy/ptII/lib/jackson-core-2.9.3.jar:/
home/travis/build/icyphy/ptII/lib/jackson-databind-2.9.3.jar:/home/travis/build
/icyphy/ptII/lib/netty-buffer-4.1.19.Final.jar:/home/travis/build/icyphy/ptII/l
ib/netty-codec-4.1.19.Final.jar:/home/travis/build/icyphy/ptII/lib/netty-codec-
dns-4.1.19.Final.jar:/home/travis/build/icyphy/ptII/lib/netty-codec-http-4.1.19
.Final.jar:/home/travis/build/icyphy/ptII/lib/netty-codec-http2-4.1.19.Final.ja
r:/home/travis/build/icyphy/ptII/lib/netty-common-4.1.19.Final.jar:/home/travis
/build/icyphy/ptII/lib/netty-handler-4.1.19.Final.jar:/home/travis/build/icyphy
/ptII/lib/netty-resolver-4.1.19.Final.jar:/home/travis/build/icyphy/ptII/lib/ne
tty-resolver-dns-4.1.19.Final.jar:/home/travis/build/icyphy/ptII/lib/netty-tran
sport-4.1.19.Final.jar:/home/travis/build/icyphy/ptII/lib/vertx-codegen-3.5.1.j
ar:/home/travis/build/icyphy/ptII/lib/vertx-core-3.5.2-SNAPSHOT.jar:/home/travi
s/build/icyphy/ptII/lib/vertx-hazelcast-3.5.1.jar:/home/travis/build/icyphy/ptI
I/lib/vertx-lang-js-3.5.1.jar:/home/travis/build/icyphy/ptII/lib/vertx-service-
proxy-3.5.1.jar:/home/travis/build/icyphy/ptII/lib/vertx-web-3.5.1.jar:/home/tr
avis/build/icyphy/ptII/lib/slf4j-api-1.7.13.jar:/home/travis/build/icyphy/ptII/
lib/slf4j-simple-1.7.13.jar:/home/travis/build/icyphy/ptII/lib/webcam-capture-0
.3.12.jar:/home/travis/build/icyphy/ptII/lib/bridj-0.7.0.jar:/home/travis/build
/icyphy/ptII/lib/xbjlib-1.1.0.nrjavaserial.jar:/home/travis/build/icyphy/ptII/p
tolemy/moml/test:/home/travis/build/icyphy/ptII/ant/lib/ant-launcher.jar:/home/
travis/build/icyphy/ptII/ant/lib/ant.jar:/home/travis/build/icyphy/ptII/ant/lib
/ant-junit.jar:/home/travis/build/icyphy/ptII/ant/lib/ant-junit4.jar:/home/trav
is/build/icyphy/ptII ModularCG_A2_B1_profile.java
warning: Supported source version 'RELEASE_6' from annotation processor 'org.netbeans.modules.openide.util.NbBundleProcessor' less than -source '1.8'
warning: Supported source version 'RELEASE_6' from annotation processor 'org.netbeans.modules.openide.util.URLStreamHandlerRegistrationProcessor' less than -source '1.8'
warning: Supported source version 'RELEASE_6' from annotation processor 'org.netbeans.modules.openide.util.ServiceProviderProcessor' less than -source '1.8'
3 warnings
All Done
Writing ModularCG_A2_B1.java in file:/home/travis/cg/ (10667 characters)
Reading "ptolemy/cg/kernel/generic/program/procedural/java/modular/makefile.in",
    writing "/home/travis/cg/ModularCG_A2_B1.mk"
Using ptolemy/cg/kernel/generic/program/procedural/java/modular/makefile.in
In "/home/travis/cg", about to execute:
    make -f ModularCG_A2_B1.mk
javac -classpath ".:.."    ModularCG_A2_B1.java
All Done
In "/home/travis/cg", about to execute:
    pwd
In "/home/travis/cg", about to execute:
    ls -l
/home/travis/cg
In "/home/travis/cg", about to execute:
    javac -classpath
.:/home/travis/build/icyphy/ptII:/home/travis/build/icyphy/ptII/lib/bsh-2.0b4.j
ar:/home/travis/build/icyphy/ptII/lib/ptCal.jar:/home/travis/build/icyphy/ptII/
lib/java_cup.jar:/home/travis/build/icyphy/ptII/lib/saxon8.jar:/home/travis/bui
ld/icyphy/ptII/lib/saxon8-dom.jar:/home/travis/build/icyphy/ptII/lib/chic.jar:/
home/travis/build/icyphy/ptII/lib/ptcolt.jar:/usr/lib/jvm/java-8-oracle/lib/too
ls.jar:/usr/lib/eclipse/plugins/org.eclipse.jdt.core_3.8.2.dist.jar:/usr/lib/ec
lipse/plugins/org.eclipse.core.runtime_3.8.0.dist.jar:/usr/lib/eclipse/plugins/
org.eclipse.osgi_3.8.1.dist.jar:/usr/lib/eclipse/plugins/org.eclipse.core.resou
rces_3.8.1.dist.jar:/usr/lib/eclipse/plugins/org.eclipse.equinox.common_3.6.100
.dist.jar:/usr/lib/eclipse/plugins/org.eclipse.core.jobs_3.5.200.dist.jar:/usr/
lib/eclipse/plugins/org.eclipse.core.contenttype_3.4.200.dist.jar:/usr/lib/ecli
pse/plugins/org.eclipse.equinox.preferences_3.5.0.dist.jar:/usr/lib/eclipse/plu
gins/org.eclipse.text_3.5.200.dist.jar:/usr/lib/eclipse/plugins/org.eclipse.ui.
workbench_3.8.1.dist.jar:/usr/lib/eclipse/plugins/org.eclipse.jface_3.8.0.dist.
jar:/usr/lib/eclipse/plugins/org.eclipse.swt_3.8.2.jar:/usr/lib/eclipse/plugins
/org.eclipse.jface.text_3.8.1.dist.jar:/usr/lib/eclipse/plugins/org.eclipse.ui.
workbench.texteditor_3.8.0.dist.jar:/usr/lib/eclipse/plugins/org.eclipse.ui.edi
tors_3.8.0.dist.jar:/usr/lib/eclipse/plugins/org.eclipse.core.commands_3.6.1.di
st.jar:/usr/lib/eclipse/plugins/org.eclipse.equinox.registry_3.5.200.dist.jar:/
usr/lib/eclipse/plugins/org.eclipse.ui.console_3.5.100.dist.jar:/usr/lib/eclips
e/plugins/org.eclipse.ui.forms_3.5.200.dist.jar:/usr/lib/eclipse/plugins/org.ec
lipse.ui.ide_3.8.1.dist.jar:/home/travis/build/icyphy/ptII/vendors/oracle/dbxml
.jar:/home/travis/build/icyphy/ptII/vendors/oracle/db.jar:/home/travis/build/ic
yphy/ptII/vendors/misc/itext/iText.jar:/home/travis/build/icyphy/ptII/lib/g4ltl
.jar:/home/travis/build/icyphy/ptII/lib/StructuralCoder.jar:/home/travis/build/
icyphy/ptII/lib/org-openide-util.jar:/home/travis/build/icyphy/ptII/lib/org-ope
nide-util-lookup.jar:/home/travis/build/icyphy/ptII/lib/org-netbeans-api-visual
.jar:/home/travis/build/icyphy/ptII/vendors/jai-1_1_2_01/lib/jai_core.jar:/home
/travis/build/icyphy/ptII/vendors/jai-1_1_2_01/lib/jai_codec.jar:/home/travis/b
uild/icyphy/ptII/lib/jcerti.jar:/home/travis/build/icyphy/ptII/lib/smack.jar:/h
ome/travis/build/icyphy/ptII/lib/smackx.jar:/home/travis/build/icyphy/ptII/lib/
jetty-all-8.1.5-v20120716.jar:/home/travis/build/icyphy/ptII/lib/javax.servlet-
api-3.0.1.jar:/home/travis/build/icyphy/ptII/lib/javax.mail.jar:/home/travis/bu
ild/icyphy/ptII/vendors/JMF-2.1.1e/lib/jmf.jar:/home/travis/build/icyphy/ptII/l
ib/jna-4.0.0-variadic.jar:/home/travis/build/icyphy/ptII/vendors/misc/joystick/
Joystick.jar:/home/travis/build/icyphy/ptII/lib/ptjacl.jar:/home/travis/build/i
cyphy/ptII/lib/jsoup-1.8.2.jar:/home/travis/build/icyphy/ptII/lib/junit-4.8.2.j
ar:/home/travis/build/icyphy/ptII/lib/JUnitParams-0.4.0.jar:/home/travis/build/
icyphy/ptII/ptolemy/actor/lib/excel/jxl.jar:/home/travis/build/icyphy/ptII/lib/
jython.jar:/home/travis/build/icyphy/ptII/lib/kieler.jar:/home/travis/build/icy
phy/ptII/vendors/opencv/share/OpenCV/java/opencv-341.jar:/home/travis/build/icy
phy/ptII/lib/oscP5.jar:/home/travis/build/icyphy/ptII/lib/nrjavaserial-3.11.0.d
evel.jar:/home/travis/build/icyphy/ptII/vendors/j3d/lib/j3dcore.jar:/home/travi
s/build/icyphy/ptII/vendors/j3d/lib/j3dutils.jar:/home/travis/build/icyphy/ptII
/vendors/j3d/lib/vecmath.jar:/home/travis/build/icyphy/ptII/ptolemy/distributed
/jini/jar/jini-core.jar:/home/travis/build/icyphy/ptII/ptolemy/distributed/jini
/jar/jini-ext.jar:/home/travis/build/icyphy/ptII/ptolemy/distributed/jini/jar/s
un-util.jar:/home/travis/build/icyphy/ptII/lib/protobuf-java-2.4.1.jar:/home/tr
avis/build/icyphy/ptII/lib/org.eclipse.paho.client.mqttv3.jar:/home/travis/buil
d/icyphy/ptII/ptserver/lib/hessian-4.0.7.jar:/home/travis/build/icyphy/ptII/pts
erver/lib/wmqtt.jar:/home/travis/build/icyphy/ptII/lib/mapss.jar:/home/travis/b
uild/icyphy/ptII/ptolemy/actor/ptalon/antlr/antlr.jar:/home/travis/build/icyphy
/ptII/lib/JRI.jar:/home/travis/build/icyphy/ptII/lib/commons-lang-2.6.jar:/home
/travis/build/icyphy/ptII/lib/commons-logging-1.1.1.jar:/home/travis/build/icyp
hy/ptII/lib/sootclasses.jar:/home/travis/build/icyphy/ptII/ptolemy/actor/lib/da
tabase/mysql-connector-java-5.1.6-bin.jar:/home/travis/build/icyphy/ptII/vendor
s/misc/sphinx4/sphinx4-data-5prealpha.jar:/home/travis/build/icyphy/ptII/vendor
s/misc/sphinx4/sphinx4-core-5prealpha.jar:/home/travis/build/icyphy/ptII/lib/PD
FRenderer.jar:/home/travis/build/icyphy/ptII/lib/svgSalamander.jar:/home/travis
/build/icyphy/ptII/lib/rsyntaxtextarea-2.6.0-SNAPSHOT.jar:/home/travis/build/ic
yphy/ptII/lib/hazelcast-3.8.2.jar:/home/travis/build/icyphy/ptII/lib/jackson-an
notations-2.9.0.jar:/home/travis/build/icyphy/ptII/lib/jackson-core-2.9.3.jar:/
home/travis/build/icyphy/ptII/lib/jackson-databind-2.9.3.jar:/home/travis/build
/icyphy/ptII/lib/netty-buffer-4.1.19.Final.jar:/home/travis/build/icyphy/ptII/l
ib/netty-codec-4.1.19.Final.jar:/home/travis/build/icyphy/ptII/lib/netty-codec-
dns-4.1.19.Final.jar:/home/travis/build/icyphy/ptII/lib/netty-codec-http-4.1.19
.Final.jar:/home/travis/build/icyphy/ptII/lib/netty-codec-http2-4.1.19.Final.ja
r:/home/travis/build/icyphy/ptII/lib/netty-common-4.1.19.Final.jar:/home/travis
/build/icyphy/ptII/lib/netty-handler-4.1.19.Final.jar:/home/travis/build/icyphy
/ptII/lib/netty-resolver-4.1.19.Final.jar:/home/travis/build/icyphy/ptII/lib/ne
tty-resolver-dns-4.1.19.Final.jar:/home/travis/build/icyphy/ptII/lib/netty-tran
sport-4.1.19.Final.jar:/home/travis/build/icyphy/ptII/lib/vertx-codegen-3.5.1.j
ar:/home/travis/build/icyphy/ptII/lib/vertx-core-3.5.2-SNAPSHOT.jar:/home/travi
s/build/icyphy/ptII/lib/vertx-hazelcast-3.5.1.jar:/home/travis/build/icyphy/ptI
I/lib/vertx-lang-js-3.5.1.jar:/home/travis/build/icyphy/ptII/lib/vertx-service-
proxy-3.5.1.jar:/home/travis/build/icyphy/ptII/lib/vertx-web-3.5.1.jar:/home/tr
avis/build/icyphy/ptII/lib/slf4j-api-1.7.13.jar:/home/travis/build/icyphy/ptII/
lib/slf4j-simple-1.7.13.jar:/home/travis/build/icyphy/ptII/lib/webcam-capture-0
.3.12.jar:/home/travis/build/icyphy/ptII/lib/bridj-0.7.0.jar:/home/travis/build
/icyphy/ptII/lib/xbjlib-1.1.0.nrjavaserial.jar:/home/travis/build/icyphy/ptII/p
tolemy/moml/test:/home/travis/build/icyphy/ptII/ant/lib/ant-launcher.jar:/home/
travis/build/icyphy/ptII/ant/lib/ant.jar:/home/travis/build/icyphy/ptII/ant/lib
/ant-junit.jar:/home/travis/build/icyphy/ptII/ant/lib/ant-junit4.jar:/home/trav
is/build/icyphy/ptII ModularCG_A2_B2_profile.java
total 336
-rw-rw-r-- 1 travis travis  4895 Sep 23 02:19 CompiledCompositeActor_CompiledCompositeActor.class
-rw-rw-r-- 1 travis travis  1592 Sep 23 02:19 CompiledCompositeActor_CompiledCompositeActor$_CompiledCompositeActor_CompiledCompositeActor.class
-rw-rw-r-- 1 travis travis 13466 Sep 23 02:19 CompiledCompositeActor_CompiledCompositeActor.java
-rw-rw-r-- 1 travis travis  1593 Sep 23 02:19 CompiledCompositeActor_CompiledCompositeActor.mk
-rw-rw-r-- 1 travis travis  4457 Sep 23 02:19 JavaCompiledCompositeTest1_CompiledCompositeActor.class
-rw-rw-r-- 1 travis travis 11637 Sep 23 02:19 JavaCompiledCompositeTest1_CompiledCompositeActor.java
-rw-rw-r-- 1 travis travis  1198 Sep 23 02:19 JavaCompiledCompositeTest1_CompiledCompositeActor$_JavaCompiledCompositeTest1_CompiledCompositeActor.class
-rw-rw-r-- 1 travis travis  1625 Sep 23 02:19 JavaCompiledCompositeTest1_CompiledCompositeActor.mk
-rw-rw-r-- 1 travis travis  4888 Sep 23 02:19 JavaCompiledCompositeTest2_CompiledCompositeActor.class
-rw-rw-r-- 1 travis travis 14919 Sep 23 02:19 JavaCompiledCompositeTest2_CompiledCompositeActor.java
-rw-rw-r-- 1 travis travis  1793 Sep 23 02:19 JavaCompiledCompositeTest2_CompiledCompositeActor$_JavaCompiledCompositeTest2_CompiledCompositeActor.class
-rw-rw-r-- 1 travis travis  1625 Sep 23 02:19 JavaCompiledCompositeTest2_CompiledCompositeActor.mk
-rw-rw-r-- 1 travis travis  4505 Sep 23 02:19 JavaCompiledCompositeTest3_CompiledCompositeActor.class
-rw-rw-r-- 1 travis travis 13080 Sep 23 02:19 JavaCompiledCompositeTest3_CompiledCompositeActor.java
-rw-rw-r-- 1 travis travis  1378 Sep 23 02:19 JavaCompiledCompositeTest3_CompiledCompositeActor$_JavaCompiledCompositeTest3_CompiledCompositeActor.class
-rw-rw-r-- 1 travis travis  1625 Sep 23 02:19 JavaCompiledCompositeTest3_CompiledCompositeActor.mk
-rw-rw-r-- 1 travis travis  3953 Sep 23 02:19 JavaCompiledCompositeTest4_CompiledCompositeActor.class
-rw-rw-r-- 1 travis travis  9687 Sep 23 02:19 JavaCompiledCompositeTest4_CompiledCompositeActor.java
-rw-rw-r-- 1 travis travis   857 Sep 23 02:19 JavaCompiledCompositeTest4_CompiledCompositeActor$_JavaCompiledCompositeTest4_CompiledCompositeActor.class
-rw-rw-r-- 1 travis travis  1625 Sep 23 02:19 JavaCompiledCompositeTest4_CompiledCompositeActor.mk
-rw-rw-r-- 1 travis travis  3693 Sep 23 02:19 ModularCG_A1_B1.class
-rw-rw-r-- 1 travis travis  9730 Sep 23 02:19 ModularCG_A1_B1.java
-rw-rw-r-- 1 travis travis   832 Sep 23 02:19 ModularCG_A1_B1.mk
-rw-rw-r-- 1 travis travis  1318 Sep 23 02:19 ModularCG_A1_B1_profile.class
-rw-rw-r-- 1 travis travis  1262 Sep 23 02:19 ModularCG_A1_B1_profile.java
-rw-rw-r-- 1 travis travis  3693 Sep 23 02:19 ModularCG_A1_B2.class
-rw-rw-r-- 1 travis travis  9730 Sep 23 02:19 ModularCG_A1_B2.java
-rw-rw-r-- 1 travis travis   832 Sep 23 02:19 ModularCG_A1_B2.mk
-rw-rw-r-- 1 travis travis  1318 Sep 23 02:19 ModularCG_A1_B2_profile.class
-rw-rw-r-- 1 travis travis  1262 Sep 23 02:19 ModularCG_A1_B2_profile.java
-rw-rw-r-- 1 travis travis  4799 Sep 23 02:19 ModularCG_A1.class
-rw-rw-r-- 1 travis travis 14742 Sep 23 02:19 ModularCG_A1.java
-rw-rw-r-- 1 travis travis   808 Sep 23 02:19 ModularCG_A1.mk
-rw-rw-r-- 1 travis travis  1433 Sep 23 02:19 ModularCG_A1_profile.class
-rw-rw-r-- 1 travis travis  1704 Sep 23 02:19 ModularCG_A1_profile.java
-rw-rw-r-- 1 travis travis  3827 Sep 23 02:19 ModularCG_A2_B1.class
-rw-rw-r-- 1 travis travis 10667 Sep 23 02:19 ModularCG_A2_B1.java
-rw-rw-r-- 1 travis travis   832 Sep 23 02:19 ModularCG_A2_B1.mk
-rw-rw-r-- 1 travis travis  1381 Sep 23 02:19 ModularCG_A2_B1_profile.class
-rw-rw-r-- 1 travis travis  1446 Sep 23 02:19 ModularCG_A2_B1_profile.java
-rw-rw-r-- 1 travis travis  1262 Sep 23 02:19 ModularCG_A2_B2_profile.java
-rw-rw-r-- 1 travis travis  3492 Sep 23 02:19 ModularCodeGenTest_A1_A2.class
-rw-rw-r-- 1 travis travis  9164 Sep 23 02:18 ModularCodeGenTest_A1_A2.java
-rw-rw-r-- 1 travis travis   904 Sep 23 02:18 ModularCodeGenTest_A1_A2.mk
-rw-rw-r-- 1 travis travis  1306 Sep 23 02:18 ModularCodeGenTest_A1_A2_profile.class
-rw-rw-r-- 1 travis travis  1228 Sep 23 02:18 ModularCodeGenTest_A1_A2_profile.java
-rw-rw-r-- 1 travis travis  3823 Sep 23 02:19 ModularCodeGenTest_A1.class
-rw-rw-r-- 1 travis travis  9968 Sep 23 02:19 ModularCodeGenTest_A1.java
-rw-rw-r-- 1 travis travis   880 Sep 23 02:19 ModularCodeGenTest_A1.mk
-rw-rw-r-- 1 travis travis  1352 Sep 23 02:19 ModularCodeGenTest_A1_profile.class
-rw-rw-r-- 1 travis travis  1394 Sep 23 02:19 ModularCodeGenTest_A1_profile.java
-rw-rw-r-- 1 travis travis   432 Sep 23 02:19 Token.class
-rw-rw-r-- 1 travis travis   251 Sep 23 02:19 Token.java
warning: Supported source version 'RELEASE_6' from annotation processor 'org.netbeans.modules.openide.util.NbBundleProcessor' less than -source '1.8'
warning: Supported source version 'RELEASE_6' from annotation processor 'org.netbeans.modules.openide.util.URLStreamHandlerRegistrationProcessor' less than -source '1.8'
warning: Supported source version 'RELEASE_6' from annotation processor 'org.netbeans.modules.openide.util.ServiceProviderProcessor' less than -source '1.8'
3 warnings
All Done
Writing ModularCG_A2_B2.java in file:/home/travis/cg/ (9730 characters)
Reading "ptolemy/cg/kernel/generic/program/procedural/java/modular/makefile.in",
    writing "/home/travis/cg/ModularCG_A2_B2.mk"
Using ptolemy/cg/kernel/generic/program/procedural/java/modular/makefile.in
In "/home/travis/cg", about to execute:
    make -f ModularCG_A2_B2.mk
javac -classpath ".:.."    ModularCG_A2_B2.java
All Done
In "/home/travis/cg", about to execute:
    pwd
In "/home/travis/cg", about to execute:
    ls -l
/home/travis/cg
total 364
-rw-rw-r-- 1 travis travis  4895 Sep 23 02:19 CompiledCompositeActor_CompiledCompositeActor.class
-rw-rw-r-- 1 travis travis  1592 Sep 23 02:19 CompiledCompositeActor_CompiledCompositeActor$_CompiledCompositeActor_CompiledCompositeActor.class
-rw-rw-r-- 1 travis travis 13466 Sep 23 02:19 CompiledCompositeActor_CompiledCompositeActor.java
-rw-rw-r-- 1 travis travis  1593 Sep 23 02:19 CompiledCompositeActor_CompiledCompositeActor.mk
-rw-rw-r-- 1 travis travis  4457 Sep 23 02:19 JavaCompiledCompositeTest1_CompiledCompositeActor.class
-rw-rw-r-- 1 travis travis 11637 Sep 23 02:19 JavaCompiledCompositeTest1_CompiledCompositeActor.java
-rw-rw-r-- 1 travis travis  1198 Sep 23 02:19 JavaCompiledCompositeTest1_CompiledCompositeActor$_JavaCompiledCompositeTest1_CompiledCompositeActor.class
-rw-rw-r-- 1 travis travis  1625 Sep 23 02:19 JavaCompiledCompositeTest1_CompiledCompositeActor.mk
-rw-rw-r-- 1 travis travis  4888 Sep 23 02:19 JavaCompiledCompositeTest2_CompiledCompositeActor.class
-rw-rw-r-- 1 travis travis 14919 Sep 23 02:19 JavaCompiledCompositeTest2_CompiledCompositeActor.java
-rw-rw-r-- 1 travis travis  1793 Sep 23 02:19 JavaCompiledCompositeTest2_CompiledCompositeActor$_JavaCompiledCompositeTest2_CompiledCompositeActor.class
-rw-rw-r-- 1 travis travis  1625 Sep 23 02:19 JavaCompiledCompositeTest2_CompiledCompositeActor.mk
-rw-rw-r-- 1 travis travis  4505 Sep 23 02:19 JavaCompiledCompositeTest3_CompiledCompositeActor.class
-rw-rw-r-- 1 travis travis 13080 Sep 23 02:19 JavaCompiledCompositeTest3_CompiledCompositeActor.java
-rw-rw-r-- 1 travis travis  1378 Sep 23 02:19 JavaCompiledCompositeTest3_CompiledCompositeActor$_JavaCompiledCompositeTest3_CompiledCompositeActor.class
-rw-rw-r-- 1 travis travis  1625 Sep 23 02:19 JavaCompiledCompositeTest3_CompiledCompositeActor.mk
-rw-rw-r-- 1 travis travis  3953 Sep 23 02:19 JavaCompiledCompositeTest4_CompiledCompositeActor.class
-rw-rw-r-- 1 travis travis  9687 Sep 23 02:19 JavaCompiledCompositeTest4_CompiledCompositeActor.java
-rw-rw-r-- 1 travis travis   857 Sep 23 02:19 JavaCompiledCompositeTest4_CompiledCompositeActor$_JavaCompiledCompositeTest4_CompiledCompositeActor.class
-rw-rw-r-- 1 travis travis  1625 Sep 23 02:19 JavaCompiledCompositeTest4_CompiledCompositeActor.mk
-rw-rw-r-- 1 travis travis  3693 Sep 23 02:19 ModularCG_A1_B1.class
-rw-rw-r-- 1 travis travis  9730 Sep 23 02:19 ModularCG_A1_B1.java
-rw-rw-r-- 1 travis travis   832 Sep 23 02:19 ModularCG_A1_B1.mk
-rw-rw-r-- 1 travis travis  1318 Sep 23 02:19 ModularCG_A1_B1_profile.class
-rw-rw-r-- 1 travis travis  1262 Sep 23 02:19 ModularCG_A1_B1_profile.java
-rw-rw-r-- 1 travis travis  3693 Sep 23 02:19 ModularCG_A1_B2.class
-rw-rw-r-- 1 travis travis  9730 Sep 23 02:19 ModularCG_A1_B2.java
-rw-rw-r-- 1 travis travis   832 Sep 23 02:19 ModularCG_A1_B2.mk
-rw-rw-r-- 1 travis travis  1318 Sep 23 02:19 ModularCG_A1_B2_profile.class
-rw-rw-r-- 1 travis travis  1262 Sep 23 02:19 ModularCG_A1_B2_profile.java
-rw-rw-r-- 1 travis travis  4799 Sep 23 02:19 ModularCG_A1.class
-rw-rw-r-- 1 travis travis 14742 Sep 23 02:19 ModularCG_A1.java
-rw-rw-r-- 1 travis travis   808 Sep 23 02:19 ModularCG_A1.mk
-rw-rw-r-- 1 travis travis  1433 Sep 23 02:19 ModularCG_A1_profile.class
-rw-rw-r-- 1 travis travis  1704 Sep 23 02:19 ModularCG_A1_profile.java
-rw-rw-r-- 1 travis travis  3827 Sep 23 02:19 ModularCG_A2_B1.class
-rw-rw-r-- 1 travis travis 10667 Sep 23 02:19 ModularCG_A2_B1.java
-rw-rw-r-- 1 travis travis   832 Sep 23 02:19 ModularCG_A2_B1.mk
-rw-rw-r-- 1 travis travis  1381 Sep 23 02:19 ModularCG_A2_B1_profile.class
-rw-rw-r-- 1 travis travis  1446 Sep 23 02:19 ModularCG_A2_B1_profile.java
-rw-rw-r-- 1 travis travis  3693 Sep 23 02:19 ModularCG_A2_B2.class
-rw-rw-r-- 1 travis travis  9730 Sep 23 02:19 ModularCG_A2_B2.java
-rw-rw-r-- 1 travis travis   832 Sep 23 02:19 ModularCG_A2_B2.mk
-rw-rw-r-- 1 travis travis  1318 Sep 23 02:19 ModularCG_A2_B2_profile.class
-rw-rw-r-- 1 travis travis  1262 Sep 23 02:19 ModularCG_A2_B2_profile.java
-rw-rw-r-- 1 travis travis  1704 Sep 23 02:19 ModularCG_A2_profile.java
-rw-rw-r-- 1 travis travis  3492 Sep 23 02:19 ModularCodeGenTest_A1_A2.class
-rw-rw-r-- 1 travis travis  9164 Sep 23 02:18 ModularCodeGenTest_A1_A2.java
-rw-rw-r-- 1 travis travis   904 Sep 23 02:18 ModularCodeGenTest_A1_A2.mk
-rw-rw-r-- 1 travis travis  1306 Sep 23 02:18 ModularCodeGenTest_A1_A2_profile.class
-rw-rw-r-- 1 travis travis  1228 Sep 23 02:18 ModularCodeGenTest_A1_A2_profile.java
-rw-rw-r-- 1 travis travis  3823 Sep 23 02:19 ModularCodeGenTest_A1.class
-rw-rw-r-- 1 travis travis  9968 Sep 23 02:19 ModularCodeGenTest_A1.java
-rw-rw-r-- 1 travis travis   880 Sep 23 02:19 ModularCodeGenTest_A1.mk
-rw-rw-r-- 1 travis travis  1352 Sep 23 02:19 ModularCodeGenTest_A1_profile.class
-rw-rw-r-- 1 travis travis  1394 Sep 23 02:19 ModularCodeGenTest_A1_profile.java
-rw-rw-r-- 1 travis travis   432 Sep 23 02:19 Token.class
-rw-rw-r-- 1 travis travis   251 Sep 23 02:19 Token.java
In "/home/travis/cg", about to execute:
    javac -classpath
.:/home/travis/build/icyphy/ptII:/home/travis/build/icyphy/ptII/lib/bsh-2.0b4.j
ar:/home/travis/build/icyphy/ptII/lib/ptCal.jar:/home/travis/build/icyphy/ptII/
lib/java_cup.jar:/home/travis/build/icyphy/ptII/lib/saxon8.jar:/home/travis/bui
ld/icyphy/ptII/lib/saxon8-dom.jar:/home/travis/build/icyphy/ptII/lib/chic.jar:/
home/travis/build/icyphy/ptII/lib/ptcolt.jar:/usr/lib/jvm/java-8-oracle/lib/too
ls.jar:/usr/lib/eclipse/plugins/org.eclipse.jdt.core_3.8.2.dist.jar:/usr/lib/ec
lipse/plugins/org.eclipse.core.runtime_3.8.0.dist.jar:/usr/lib/eclipse/plugins/
org.eclipse.osgi_3.8.1.dist.jar:/usr/lib/eclipse/plugins/org.eclipse.core.resou
rces_3.8.1.dist.jar:/usr/lib/eclipse/plugins/org.eclipse.equinox.common_3.6.100
.dist.jar:/usr/lib/eclipse/plugins/org.eclipse.core.jobs_3.5.200.dist.jar:/usr/
lib/eclipse/plugins/org.eclipse.core.contenttype_3.4.200.dist.jar:/usr/lib/ecli
pse/plugins/org.eclipse.equinox.preferences_3.5.0.dist.jar:/usr/lib/eclipse/plu
gins/org.eclipse.text_3.5.200.dist.jar:/usr/lib/eclipse/plugins/org.eclipse.ui.
workbench_3.8.1.dist.jar:/usr/lib/eclipse/plugins/org.eclipse.jface_3.8.0.dist.
jar:/usr/lib/eclipse/plugins/org.eclipse.swt_3.8.2.jar:/usr/lib/eclipse/plugins
/org.eclipse.jface.text_3.8.1.dist.jar:/usr/lib/eclipse/plugins/org.eclipse.ui.
workbench.texteditor_3.8.0.dist.jar:/usr/lib/eclipse/plugins/org.eclipse.ui.edi
tors_3.8.0.dist.jar:/usr/lib/eclipse/plugins/org.eclipse.core.commands_3.6.1.di
st.jar:/usr/lib/eclipse/plugins/org.eclipse.equinox.registry_3.5.200.dist.jar:/
usr/lib/eclipse/plugins/org.eclipse.ui.console_3.5.100.dist.jar:/usr/lib/eclips
e/plugins/org.eclipse.ui.forms_3.5.200.dist.jar:/usr/lib/eclipse/plugins/org.ec
lipse.ui.ide_3.8.1.dist.jar:/home/travis/build/icyphy/ptII/vendors/oracle/dbxml
.jar:/home/travis/build/icyphy/ptII/vendors/oracle/db.jar:/home/travis/build/ic
yphy/ptII/vendors/misc/itext/iText.jar:/home/travis/build/icyphy/ptII/lib/g4ltl
.jar:/home/travis/build/icyphy/ptII/lib/StructuralCoder.jar:/home/travis/build/
icyphy/ptII/lib/org-openide-util.jar:/home/travis/build/icyphy/ptII/lib/org-ope
nide-util-lookup.jar:/home/travis/build/icyphy/ptII/lib/org-netbeans-api-visual
.jar:/home/travis/build/icyphy/ptII/vendors/jai-1_1_2_01/lib/jai_core.jar:/home
/travis/build/icyphy/ptII/vendors/jai-1_1_2_01/lib/jai_codec.jar:/home/travis/b
uild/icyphy/ptII/lib/jcerti.jar:/home/travis/build/icyphy/ptII/lib/smack.jar:/h
ome/travis/build/icyphy/ptII/lib/smackx.jar:/home/travis/build/icyphy/ptII/lib/
jetty-all-8.1.5-v20120716.jar:/home/travis/build/icyphy/ptII/lib/javax.servlet-
api-3.0.1.jar:/home/travis/build/icyphy/ptII/lib/javax.mail.jar:/home/travis/bu
ild/icyphy/ptII/vendors/JMF-2.1.1e/lib/jmf.jar:/home/travis/build/icyphy/ptII/l
ib/jna-4.0.0-variadic.jar:/home/travis/build/icyphy/ptII/vendors/misc/joystick/
Joystick.jar:/home/travis/build/icyphy/ptII/lib/ptjacl.jar:/home/travis/build/i
cyphy/ptII/lib/jsoup-1.8.2.jar:/home/travis/build/icyphy/ptII/lib/junit-4.8.2.j
ar:/home/travis/build/icyphy/ptII/lib/JUnitParams-0.4.0.jar:/home/travis/build/
icyphy/ptII/ptolemy/actor/lib/excel/jxl.jar:/home/travis/build/icyphy/ptII/lib/
jython.jar:/home/travis/build/icyphy/ptII/lib/kieler.jar:/home/travis/build/icy
phy/ptII/vendors/opencv/share/OpenCV/java/opencv-341.jar:/home/travis/build/icy
phy/ptII/lib/oscP5.jar:/home/travis/build/icyphy/ptII/lib/nrjavaserial-3.11.0.d
evel.jar:/home/travis/build/icyphy/ptII/vendors/j3d/lib/j3dcore.jar:/home/travi
s/build/icyphy/ptII/vendors/j3d/lib/j3dutils.jar:/home/travis/build/icyphy/ptII
/vendors/j3d/lib/vecmath.jar:/home/travis/build/icyphy/ptII/ptolemy/distributed
/jini/jar/jini-core.jar:/home/travis/build/icyphy/ptII/ptolemy/distributed/jini
/jar/jini-ext.jar:/home/travis/build/icyphy/ptII/ptolemy/distributed/jini/jar/s
un-util.jar:/home/travis/build/icyphy/ptII/lib/protobuf-java-2.4.1.jar:/home/tr
avis/build/icyphy/ptII/lib/org.eclipse.paho.client.mqttv3.jar:/home/travis/buil
d/icyphy/ptII/ptserver/lib/hessian-4.0.7.jar:/home/travis/build/icyphy/ptII/pts
erver/lib/wmqtt.jar:/home/travis/build/icyphy/ptII/lib/mapss.jar:/home/travis/b
uild/icyphy/ptII/ptolemy/actor/ptalon/antlr/antlr.jar:/home/travis/build/icyphy
/ptII/lib/JRI.jar:/home/travis/build/icyphy/ptII/lib/commons-lang-2.6.jar:/home
/travis/build/icyphy/ptII/lib/commons-logging-1.1.1.jar:/home/travis/build/icyp
hy/ptII/lib/sootclasses.jar:/home/travis/build/icyphy/ptII/ptolemy/actor/lib/da
tabase/mysql-connector-java-5.1.6-bin.jar:/home/travis/build/icyphy/ptII/vendor
s/misc/sphinx4/sphinx4-data-5prealpha.jar:/home/travis/build/icyphy/ptII/vendor
s/misc/sphinx4/sphinx4-core-5prealpha.jar:/home/travis/build/icyphy/ptII/lib/PD
FRenderer.jar:/home/travis/build/icyphy/ptII/lib/svgSalamander.jar:/home/travis
/build/icyphy/ptII/lib/rsyntaxtextarea-2.6.0-SNAPSHOT.jar:/home/travis/build/ic
yphy/ptII/lib/hazelcast-3.8.2.jar:/home/travis/build/icyphy/ptII/lib/jackson-an
notations-2.9.0.jar:/home/travis/build/icyphy/ptII/lib/jackson-core-2.9.3.jar:/
home/travis/build/icyphy/ptII/lib/jackson-databind-2.9.3.jar:/home/travis/build
/icyphy/ptII/lib/netty-buffer-4.1.19.Final.jar:/home/travis/build/icyphy/ptII/l
ib/netty-codec-4.1.19.Final.jar:/home/travis/build/icyphy/ptII/lib/netty-codec-
dns-4.1.19.Final.jar:/home/travis/build/icyphy/ptII/lib/netty-codec-http-4.1.19
.Final.jar:/home/travis/build/icyphy/ptII/lib/netty-codec-http2-4.1.19.Final.ja
r:/home/travis/build/icyphy/ptII/lib/netty-common-4.1.19.Final.jar:/home/travis
/build/icyphy/ptII/lib/netty-handler-4.1.19.Final.jar:/home/travis/build/icyphy
/ptII/lib/netty-resolver-4.1.19.Final.jar:/home/travis/build/icyphy/ptII/lib/ne
tty-resolver-dns-4.1.19.Final.jar:/home/travis/build/icyphy/ptII/lib/netty-tran
sport-4.1.19.Final.jar:/home/travis/build/icyphy/ptII/lib/vertx-codegen-3.5.1.j
ar:/home/travis/build/icyphy/ptII/lib/vertx-core-3.5.2-SNAPSHOT.jar:/home/travi
s/build/icyphy/ptII/lib/vertx-hazelcast-3.5.1.jar:/home/travis/build/icyphy/ptI
I/lib/vertx-lang-js-3.5.1.jar:/home/travis/build/icyphy/ptII/lib/vertx-service-
proxy-3.5.1.jar:/home/travis/build/icyphy/ptII/lib/vertx-web-3.5.1.jar:/home/tr
avis/build/icyphy/ptII/lib/slf4j-api-1.7.13.jar:/home/travis/build/icyphy/ptII/
lib/slf4j-simple-1.7.13.jar:/home/travis/build/icyphy/ptII/lib/webcam-capture-0
.3.12.jar:/home/travis/build/icyphy/ptII/lib/bridj-0.7.0.jar:/home/travis/build
/icyphy/ptII/lib/xbjlib-1.1.0.nrjavaserial.jar:/home/travis/build/icyphy/ptII/p
tolemy/moml/test:/home/travis/build/icyphy/ptII/ant/lib/ant-launcher.jar:/home/
travis/build/icyphy/ptII/ant/lib/ant.jar:/home/travis/build/icyphy/ptII/ant/lib
/ant-junit.jar:/home/travis/build/icyphy/ptII/ant/lib/ant-junit4.jar:/home/trav
is/build/icyphy/ptII ModularCG_A2_profile.java
warning: Supported source version 'RELEASE_6' from annotation processor 'org.netbeans.modules.openide.util.NbBundleProcessor' less than -source '1.8'
warning: Supported source version 'RELEASE_6' from annotation processor 'org.netbeans.modules.openide.util.URLStreamHandlerRegistrationProcessor' less than -source '1.8'
warning: Supported source version 'RELEASE_6' from annotation processor 'org.netbeans.modules.openide.util.ServiceProviderProcessor' less than -source '1.8'
3 warnings
All Done
Writing ModularCG_A2.java in file:/home/travis/cg/ (15129 characters)
Reading "ptolemy/cg/kernel/generic/program/procedural/java/modular/makefile.in",
    writing "/home/travis/cg/ModularCG_A2.mk"
Using ptolemy/cg/kernel/generic/program/procedural/java/modular/makefile.in
In "/home/travis/cg", about to execute:
    make -f ModularCG_A2.mk
javac -classpath ".:.."    ModularCG_A2.java
All Done
Manager.initialize() finished: 14685 ms. Memory: 305664K Free: 101511K (33%)
14688 ms. Memory: 305664K Free: 101511K (33%)
----------------- Invoking toplevel() on ptolemy.moml.MoMLSimpleApplication@60f02da2
----------------- Done invoking toplevel() on ptolemy.moml.MoMLSimpleApplication@60f02da2
reloadAllAccessors: .ModularCG

===========================================================================================
----------------- testing Sun Sep 23 02:19:25 UTC 2018 /home/travis/build/icyphy/ptII/ptolemy/cg/lib/test/auto/ModularCGPubSub.xml
----------------- Instantiating /home/travis/build/icyphy/ptII/ptolemy/cg/lib/test/auto/ModularCGPubSub.xml
In "/home/travis/cg", about to execute:
    pwd
In "/home/travis/cg", about to execute:
    ls -l
/home/travis/cg
In "/home/travis/cg", about to execute:
    javac -classpath
.:/home/travis/build/icyphy/ptII:/home/travis/build/icyphy/ptII/lib/bsh-2.0b4.j
ar:/home/travis/build/icyphy/ptII/lib/ptCal.jar:/home/travis/build/icyphy/ptII/
lib/java_cup.jar:/home/travis/build/icyphy/ptII/lib/saxon8.jar:/home/travis/bui
ld/icyphy/ptII/lib/saxon8-dom.jar:/home/travis/build/icyphy/ptII/lib/chic.jar:/
home/travis/build/icyphy/ptII/lib/ptcolt.jar:/usr/lib/jvm/java-8-oracle/lib/too
ls.jar:/usr/lib/eclipse/plugins/org.eclipse.jdt.core_3.8.2.dist.jar:/usr/lib/ec
lipse/plugins/org.eclipse.core.runtime_3.8.0.dist.jar:/usr/lib/eclipse/plugins/
org.eclipse.osgi_3.8.1.dist.jar:/usr/lib/eclipse/plugins/org.eclipse.core.resou
rces_3.8.1.dist.jar:/usr/lib/eclipse/plugins/org.eclipse.equinox.common_3.6.100
.dist.jar:/usr/lib/eclipse/plugins/org.eclipse.core.jobs_3.5.200.dist.jar:/usr/
lib/eclipse/plugins/org.eclipse.core.contenttype_3.4.200.dist.jar:/usr/lib/ecli
pse/plugins/org.eclipse.equinox.preferences_3.5.0.dist.jar:/usr/lib/eclipse/plu
gins/org.eclipse.text_3.5.200.dist.jar:/usr/lib/eclipse/plugins/org.eclipse.ui.
workbench_3.8.1.dist.jar:/usr/lib/eclipse/plugins/org.eclipse.jface_3.8.0.dist.
jar:/usr/lib/eclipse/plugins/org.eclipse.swt_3.8.2.jar:/usr/lib/eclipse/plugins
/org.eclipse.jface.text_3.8.1.dist.jar:/usr/lib/eclipse/plugins/org.eclipse.ui.
workbench.texteditor_3.8.0.dist.jar:/usr/lib/eclipse/plugins/org.eclipse.ui.edi
tors_3.8.0.dist.jar:/usr/lib/eclipse/plugins/org.eclipse.core.commands_3.6.1.di
st.jar:/usr/lib/eclipse/plugins/org.eclipse.equinox.registry_3.5.200.dist.jar:/
usr/lib/eclipse/plugins/org.eclipse.ui.console_3.5.100.dist.jar:/usr/lib/eclips
e/plugins/org.eclipse.ui.forms_3.5.200.dist.jar:/usr/lib/eclipse/plugins/org.ec
lipse.ui.ide_3.8.1.dist.jar:/home/travis/build/icyphy/ptII/vendors/oracle/dbxml
.jar:/home/travis/build/icyphy/ptII/vendors/oracle/db.jar:/home/travis/build/ic
yphy/ptII/vendors/misc/itext/iText.jar:/home/travis/build/icyphy/ptII/lib/g4ltl
.jar:/home/travis/build/icyphy/ptII/lib/StructuralCoder.jar:/home/travis/build/
icyphy/ptII/lib/org-openide-util.jar:/home/travis/build/icyphy/ptII/lib/org-ope
nide-util-lookup.jar:/home/travis/build/icyphy/ptII/lib/org-netbeans-api-visual
.jar:/home/travis/build/icyphy/ptII/vendors/jai-1_1_2_01/lib/jai_core.jar:/home
/travis/build/icyphy/ptII/vendors/jai-1_1_2_01/lib/jai_codec.jar:/home/travis/b
uild/icyphy/ptII/lib/jcerti.jar:/home/travis/build/icyphy/ptII/lib/smack.jar:/h
ome/travis/build/icyphy/ptII/lib/smackx.jar:/home/travis/build/icyphy/ptII/lib/
jetty-all-8.1.5-v20120716.jar:/home/travis/build/icyphy/ptII/lib/javax.servlet-
api-3.0.1.jar:/home/travis/build/icyphy/ptII/lib/javax.mail.jar:/home/travis/bu
ild/icyphy/ptII/vendors/JMF-2.1.1e/lib/jmf.jar:/home/travis/build/icyphy/ptII/l
ib/jna-4.0.0-variadic.jar:/home/travis/build/icyphy/ptII/vendors/misc/joystick/
Joystick.jar:/home/travis/build/icyphy/ptII/lib/ptjacl.jar:/home/travis/build/i
cyphy/ptII/lib/jsoup-1.8.2.jar:/home/travis/build/icyphy/ptII/lib/junit-4.8.2.j
ar:/home/travis/build/icyphy/ptII/lib/JUnitParams-0.4.0.jar:/home/travis/build/
icyphy/ptII/ptolemy/actor/lib/excel/jxl.jar:/home/travis/build/icyphy/ptII/lib/
jython.jar:/home/travis/build/icyphy/ptII/lib/kieler.jar:/home/travis/build/icy
phy/ptII/vendors/opencv/share/OpenCV/java/opencv-341.jar:/home/travis/build/icy
phy/ptII/lib/oscP5.jar:/home/travis/build/icyphy/ptII/lib/nrjavaserial-3.11.0.d
evel.jar:/home/travis/build/icyphy/ptII/vendors/j3d/lib/j3dcore.jar:/home/travi
s/build/icyphy/ptII/vendors/j3d/lib/j3dutils.jar:/home/travis/build/icyphy/ptII
/vendors/j3d/lib/vecmath.jar:/home/travis/build/icyphy/ptII/ptolemy/distributed
/jini/jar/jini-core.jar:/home/travis/build/icyphy/ptII/ptolemy/distributed/jini
/jar/jini-ext.jar:/home/travis/build/icyphy/ptII/ptolemy/distributed/jini/jar/s
un-util.jar:/home/travis/build/icyphy/ptII/lib/protobuf-java-2.4.1.jar:/home/tr
avis/build/icyphy/ptII/lib/org.eclipse.paho.client.mqttv3.jar:/home/travis/buil
d/icyphy/ptII/ptserver/lib/hessian-4.0.7.jar:/home/travis/build/icyphy/ptII/pts
erver/lib/wmqtt.jar:/home/travis/build/icyphy/ptII/lib/mapss.jar:/home/travis/b
uild/icyphy/ptII/ptolemy/actor/ptalon/antlr/antlr.jar:/home/travis/build/icyphy
/ptII/lib/JRI.jar:/home/travis/build/icyphy/ptII/lib/commons-lang-2.6.jar:/home
/travis/build/icyphy/ptII/lib/commons-logging-1.1.1.jar:/home/travis/build/icyp
hy/ptII/lib/sootclasses.jar:/home/travis/build/icyphy/ptII/ptolemy/actor/lib/da
tabase/mysql-connector-java-5.1.6-bin.jar:/home/travis/build/icyphy/ptII/vendor
s/misc/sphinx4/sphinx4-data-5prealpha.jar:/home/travis/build/icyphy/ptII/vendor
s/misc/sphinx4/sphinx4-core-5prealpha.jar:/home/travis/build/icyphy/ptII/lib/PD
FRenderer.jar:/home/travis/build/icyphy/ptII/lib/svgSalamander.jar:/home/travis
/build/icyphy/ptII/lib/rsyntaxtextarea-2.6.0-SNAPSHOT.jar:/home/travis/build/ic
yphy/ptII/lib/hazelcast-3.8.2.jar:/home/travis/build/icyphy/ptII/lib/jackson-an
notations-2.9.0.jar:/home/travis/build/icyphy/ptII/lib/jackson-core-2.9.3.jar:/
home/travis/build/icyphy/ptII/lib/jackson-databind-2.9.3.jar:/home/travis/build
/icyphy/ptII/lib/netty-buffer-4.1.19.Final.jar:/home/travis/build/icyphy/ptII/l
ib/netty-codec-4.1.19.Final.jar:/home/travis/build/icyphy/ptII/lib/netty-codec-
dns-4.1.19.Final.jar:/home/travis/build/icyphy/ptII/lib/netty-codec-http-4.1.19
.Final.jar:/home/travis/build/icyphy/ptII/lib/netty-codec-http2-4.1.19.Final.ja
r:/home/travis/build/icyphy/ptII/lib/netty-common-4.1.19.Final.jar:/home/travis
/build/icyphy/ptII/lib/netty-handler-4.1.19.Final.jar:/home/travis/build/icyphy
/ptII/lib/netty-resolver-4.1.19.Final.jar:/home/travis/build/icyphy/ptII/lib/ne
tty-resolver-dns-4.1.19.Final.jar:/home/travis/build/icyphy/ptII/lib/netty-tran
sport-4.1.19.Final.jar:/home/travis/build/icyphy/ptII/lib/vertx-codegen-3.5.1.j
ar:/home/travis/build/icyphy/ptII/lib/vertx-core-3.5.2-SNAPSHOT.jar:/home/travi
s/build/icyphy/ptII/lib/vertx-hazelcast-3.5.1.jar:/home/travis/build/icyphy/ptI
I/lib/vertx-lang-js-3.5.1.jar:/home/travis/build/icyphy/ptII/lib/vertx-service-
proxy-3.5.1.jar:/home/travis/build/icyphy/ptII/lib/vertx-web-3.5.1.jar:/home/tr
avis/build/icyphy/ptII/lib/slf4j-api-1.7.13.jar:/home/travis/build/icyphy/ptII/
lib/slf4j-simple-1.7.13.jar:/home/travis/build/icyphy/ptII/lib/webcam-capture-0
.3.12.jar:/home/travis/build/icyphy/ptII/lib/bridj-0.7.0.jar:/home/travis/build
/icyphy/ptII/lib/xbjlib-1.1.0.nrjavaserial.jar:/home/travis/build/icyphy/ptII/p
tolemy/moml/test:/home/travis/build/icyphy/ptII/ant/lib/ant-launcher.jar:/home/
travis/build/icyphy/ptII/ant/lib/ant.jar:/home/travis/build/icyphy/ptII/ant/lib
/ant-junit.jar:/home/travis/build/icyphy/ptII/ant/lib/ant-junit4.jar:/home/trav
is/build/icyphy/ptII ModularCGPubSub_A1_A2_profile.java
total 400
-rw-rw-r-- 1 travis travis  4895 Sep 23 02:19 CompiledCompositeActor_CompiledCompositeActor.class
-rw-rw-r-- 1 travis travis  1592 Sep 23 02:19 CompiledCompositeActor_CompiledCompositeActor$_CompiledCompositeActor_CompiledCompositeActor.class
-rw-rw-r-- 1 travis travis 13466 Sep 23 02:19 CompiledCompositeActor_CompiledCompositeActor.java
-rw-rw-r-- 1 travis travis  1593 Sep 23 02:19 CompiledCompositeActor_CompiledCompositeActor.mk
-rw-rw-r-- 1 travis travis  4457 Sep 23 02:19 JavaCompiledCompositeTest1_CompiledCompositeActor.class
-rw-rw-r-- 1 travis travis 11637 Sep 23 02:19 JavaCompiledCompositeTest1_CompiledCompositeActor.java
-rw-rw-r-- 1 travis travis  1198 Sep 23 02:19 JavaCompiledCompositeTest1_CompiledCompositeActor$_JavaCompiledCompositeTest1_CompiledCompositeActor.class
-rw-rw-r-- 1 travis travis  1625 Sep 23 02:19 JavaCompiledCompositeTest1_CompiledCompositeActor.mk
-rw-rw-r-- 1 travis travis  4888 Sep 23 02:19 JavaCompiledCompositeTest2_CompiledCompositeActor.class
-rw-rw-r-- 1 travis travis 14919 Sep 23 02:19 JavaCompiledCompositeTest2_CompiledCompositeActor.java
-rw-rw-r-- 1 travis travis  1793 Sep 23 02:19 JavaCompiledCompositeTest2_CompiledCompositeActor$_JavaCompiledCompositeTest2_CompiledCompositeActor.class
-rw-rw-r-- 1 travis travis  1625 Sep 23 02:19 JavaCompiledCompositeTest2_CompiledCompositeActor.mk
-rw-rw-r-- 1 travis travis  4505 Sep 23 02:19 JavaCompiledCompositeTest3_CompiledCompositeActor.class
-rw-rw-r-- 1 travis travis 13080 Sep 23 02:19 JavaCompiledCompositeTest3_CompiledCompositeActor.java
-rw-rw-r-- 1 travis travis  1378 Sep 23 02:19 JavaCompiledCompositeTest3_CompiledCompositeActor$_JavaCompiledCompositeTest3_CompiledCompositeActor.class
-rw-rw-r-- 1 travis travis  1625 Sep 23 02:19 JavaCompiledCompositeTest3_CompiledCompositeActor.mk
-rw-rw-r-- 1 travis travis  3953 Sep 23 02:19 JavaCompiledCompositeTest4_CompiledCompositeActor.class
-rw-rw-r-- 1 travis travis  9687 Sep 23 02:19 JavaCompiledCompositeTest4_CompiledCompositeActor.java
-rw-rw-r-- 1 travis travis   857 Sep 23 02:19 JavaCompiledCompositeTest4_CompiledCompositeActor$_JavaCompiledCompositeTest4_CompiledCompositeActor.class
-rw-rw-r-- 1 travis travis  1625 Sep 23 02:19 JavaCompiledCompositeTest4_CompiledCompositeActor.mk
-rw-rw-r-- 1 travis travis  3693 Sep 23 02:19 ModularCG_A1_B1.class
-rw-rw-r-- 1 travis travis  9730 Sep 23 02:19 ModularCG_A1_B1.java
-rw-rw-r-- 1 travis travis   832 Sep 23 02:19 ModularCG_A1_B1.mk
-rw-rw-r-- 1 travis travis  1318 Sep 23 02:19 ModularCG_A1_B1_profile.class
-rw-rw-r-- 1 travis travis  1262 Sep 23 02:19 ModularCG_A1_B1_profile.java
-rw-rw-r-- 1 travis travis  3693 Sep 23 02:19 ModularCG_A1_B2.class
-rw-rw-r-- 1 travis travis  9730 Sep 23 02:19 ModularCG_A1_B2.java
-rw-rw-r-- 1 travis travis   832 Sep 23 02:19 ModularCG_A1_B2.mk
-rw-rw-r-- 1 travis travis  1318 Sep 23 02:19 ModularCG_A1_B2_profile.class
-rw-rw-r-- 1 travis travis  1262 Sep 23 02:19 ModularCG_A1_B2_profile.java
-rw-rw-r-- 1 travis travis  4799 Sep 23 02:19 ModularCG_A1.class
-rw-rw-r-- 1 travis travis 14742 Sep 23 02:19 ModularCG_A1.java
-rw-rw-r-- 1 travis travis   808 Sep 23 02:19 ModularCG_A1.mk
-rw-rw-r-- 1 travis travis  1433 Sep 23 02:19 ModularCG_A1_profile.class
-rw-rw-r-- 1 travis travis  1704 Sep 23 02:19 ModularCG_A1_profile.java
-rw-rw-r-- 1 travis travis  3827 Sep 23 02:19 ModularCG_A2_B1.class
-rw-rw-r-- 1 travis travis 10667 Sep 23 02:19 ModularCG_A2_B1.java
-rw-rw-r-- 1 travis travis   832 Sep 23 02:19 ModularCG_A2_B1.mk
-rw-rw-r-- 1 travis travis  1381 Sep 23 02:19 ModularCG_A2_B1_profile.class
-rw-rw-r-- 1 travis travis  1446 Sep 23 02:19 ModularCG_A2_B1_profile.java
-rw-rw-r-- 1 travis travis  3693 Sep 23 02:19 ModularCG_A2_B2.class
-rw-rw-r-- 1 travis travis  9730 Sep 23 02:19 ModularCG_A2_B2.java
-rw-rw-r-- 1 travis travis   832 Sep 23 02:19 ModularCG_A2_B2.mk
-rw-rw-r-- 1 travis travis  1318 Sep 23 02:19 ModularCG_A2_B2_profile.class
-rw-rw-r-- 1 travis travis  1262 Sep 23 02:19 ModularCG_A2_B2_profile.java
-rw-rw-r-- 1 travis travis  4870 Sep 23 02:19 ModularCG_A2.class
-rw-rw-r-- 1 travis travis 15129 Sep 23 02:19 ModularCG_A2.java
-rw-rw-r-- 1 travis travis   808 Sep 23 02:19 ModularCG_A2.mk
-rw-rw-r-- 1 travis travis  1433 Sep 23 02:19 ModularCG_A2_profile.class
-rw-rw-r-- 1 travis travis  1704 Sep 23 02:19 ModularCG_A2_profile.java
-rw-rw-r-- 1 travis travis  1222 Sep 23 02:19 ModularCGPubSub_A1_A2_profile.java
-rw-rw-r-- 1 travis travis  3492 Sep 23 02:19 ModularCodeGenTest_A1_A2.class
-rw-rw-r-- 1 travis travis  9164 Sep 23 02:18 ModularCodeGenTest_A1_A2.java
-rw-rw-r-- 1 travis travis   904 Sep 23 02:18 ModularCodeGenTest_A1_A2.mk
-rw-rw-r-- 1 travis travis  1306 Sep 23 02:18 ModularCodeGenTest_A1_A2_profile.class
-rw-rw-r-- 1 travis travis  1228 Sep 23 02:18 ModularCodeGenTest_A1_A2_profile.java
-rw-rw-r-- 1 travis travis  3823 Sep 23 02:19 ModularCodeGenTest_A1.class
-rw-rw-r-- 1 travis travis  9968 Sep 23 02:19 ModularCodeGenTest_A1.java
-rw-rw-r-- 1 travis travis   880 Sep 23 02:19 ModularCodeGenTest_A1.mk
-rw-rw-r-- 1 travis travis  1352 Sep 23 02:19 ModularCodeGenTest_A1_profile.class
-rw-rw-r-- 1 travis travis  1394 Sep 23 02:19 ModularCodeGenTest_A1_profile.java
-rw-rw-r-- 1 travis travis   432 Sep 23 02:19 Token.class
-rw-rw-r-- 1 travis travis   251 Sep 23 02:19 Token.java
warning: Supported source version 'RELEASE_6' from annotation processor 'org.netbeans.modules.openide.util.NbBundleProcessor' less than -source '1.8'
warning: Supported source version 'RELEASE_6' from annotation processor 'org.netbeans.modules.openide.util.URLStreamHandlerRegistrationProcessor' less than -source '1.8'
warning: Supported source version 'RELEASE_6' from annotation processor 'org.netbeans.modules.openide.util.ServiceProviderProcessor' less than -source '1.8'
3 warnings
All Done
Writing ModularCGPubSub_A1_A2.java in file:/home/travis/cg/ (9076 characters)
Reading "ptolemy/cg/kernel/generic/program/procedural/java/modular/makefile.in",
    writing "/home/travis/cg/ModularCGPubSub_A1_A2.mk"
Using ptolemy/cg/kernel/generic/program/procedural/java/modular/makefile.in
In "/home/travis/cg", about to execute:
    make -f ModularCGPubSub_A1_A2.mk
javac -classpath ".:.."    ModularCGPubSub_A1_A2.java
All Done
In "/home/travis/cg", about to execute:
    pwd
/home/travis/cg
In "/home/travis/cg", about to execute:
    ls -l
total 428
-rw-rw-r-- 1 travis travis  4895 Sep 23 02:19 CompiledCompositeActor_CompiledCompositeActor.class
-rw-rw-r-- 1 travis travis  1592 Sep 23 02:19 CompiledCompositeActor_CompiledCompositeActor$_CompiledCompositeActor_CompiledCompositeActor.class
-rw-rw-r-- 1 travis travis 13466 Sep 23 02:19 CompiledCompositeActor_CompiledCompositeActor.java
-rw-rw-r-- 1 travis travis  1593 Sep 23 02:19 CompiledCompositeActor_CompiledCompositeActor.mk
-rw-rw-r-- 1 travis travis  4457 Sep 23 02:19 JavaCompiledCompositeTest1_CompiledCompositeActor.class
-rw-rw-r-- 1 travis travis 11637 Sep 23 02:19 JavaCompiledCompositeTest1_CompiledCompositeActor.java
-rw-rw-r-- 1 travis travis  1198 Sep 23 02:19 JavaCompiledCompositeTest1_CompiledCompositeActor$_JavaCompiledCompositeTest1_CompiledCompositeActor.class
-rw-rw-r-- 1 travis travis  1625 Sep 23 02:19 JavaCompiledCompositeTest1_CompiledCompositeActor.mk
-rw-rw-r-- 1 travis travis  4888 Sep 23 02:19 JavaCompiledCompositeTest2_CompiledCompositeActor.class
-rw-rw-r-- 1 travis travis 14919 Sep 23 02:19 JavaCompiledCompositeTest2_CompiledCompositeActor.java
-rw-rw-r-- 1 travis travis  1793 Sep 23 02:19 JavaCompiledCompositeTest2_CompiledCompositeActor$_JavaCompiledCompositeTest2_CompiledCompositeActor.class
-rw-rw-r-- 1 travis travis  1625 Sep 23 02:19 JavaCompiledCompositeTest2_CompiledCompositeActor.mk
-rw-rw-r-- 1 travis travis  4505 Sep 23 02:19 JavaCompiledCompositeTest3_CompiledCompositeActor.class
-rw-rw-r-- 1 travis travis 13080 Sep 23 02:19 JavaCompiledCompositeTest3_CompiledCompositeActor.java
-rw-rw-r-- 1 travis travis  1378 Sep 23 02:19 JavaCompiledCompositeTest3_CompiledCompositeActor$_JavaCompiledCompositeTest3_CompiledCompositeActor.class
-rw-rw-r-- 1 travis travis  1625 Sep 23 02:19 JavaCompiledCompositeTest3_CompiledCompositeActor.mk
-rw-rw-r-- 1 travis travis  3953 Sep 23 02:19 JavaCompiledCompositeTest4_CompiledCompositeActor.class
-rw-rw-r-- 1 travis travis  9687 Sep 23 02:19 JavaCompiledCompositeTest4_CompiledCompositeActor.java
-rw-rw-r-- 1 travis travis   857 Sep 23 02:19 JavaCompiledCompositeTest4_CompiledCompositeActor$_JavaCompiledCompositeTest4_CompiledCompositeActor.class
-rw-rw-r-- 1 travis travis  1625 Sep 23 02:19 JavaCompiledCompositeTest4_CompiledCompositeActor.mk
-rw-rw-r-- 1 travis travis  3693 Sep 23 02:19 ModularCG_A1_B1.class
-rw-rw-r-- 1 travis travis  9730 Sep 23 02:19 ModularCG_A1_B1.java
-rw-rw-r-- 1 travis travis   832 Sep 23 02:19 ModularCG_A1_B1.mk
-rw-rw-r-- 1 travis travis  1318 Sep 23 02:19 ModularCG_A1_B1_profile.class
-rw-rw-r-- 1 travis travis  1262 Sep 23 02:19 ModularCG_A1_B1_profile.java
-rw-rw-r-- 1 travis travis  3693 Sep 23 02:19 ModularCG_A1_B2.class
-rw-rw-r-- 1 travis travis  9730 Sep 23 02:19 ModularCG_A1_B2.java
-rw-rw-r-- 1 travis travis   832 Sep 23 02:19 ModularCG_A1_B2.mk
-rw-rw-r-- 1 travis travis  1318 Sep 23 02:19 ModularCG_A1_B2_profile.class
-rw-rw-r-- 1 travis travis  1262 Sep 23 02:19 ModularCG_A1_B2_profile.java
-rw-rw-r-- 1 travis travis  4799 Sep 23 02:19 ModularCG_A1.class
-rw-rw-r-- 1 travis travis 14742 Sep 23 02:19 ModularCG_A1.java
-rw-rw-r-- 1 travis travis   808 Sep 23 02:19 ModularCG_A1.mk
-rw-rw-r-- 1 travis travis  1433 Sep 23 02:19 ModularCG_A1_profile.class
-rw-rw-r-- 1 travis travis  1704 Sep 23 02:19 ModularCG_A1_profile.java
-rw-rw-r-- 1 travis travis  3827 Sep 23 02:19 ModularCG_A2_B1.class
-rw-rw-r-- 1 travis travis 10667 Sep 23 02:19 ModularCG_A2_B1.java
-rw-rw-r-- 1 travis travis   832 Sep 23 02:19 ModularCG_A2_B1.mk
-rw-rw-r-- 1 travis travis  1381 Sep 23 02:19 ModularCG_A2_B1_profile.class
-rw-rw-r-- 1 travis travis  1446 Sep 23 02:19 ModularCG_A2_B1_profile.java
-rw-rw-r-- 1 travis travis  3693 Sep 23 02:19 ModularCG_A2_B2.class
-rw-rw-r-- 1 travis travis  9730 Sep 23 02:19 ModularCG_A2_B2.java
-rw-rw-r-- 1 travis travis   832 Sep 23 02:19 ModularCG_A2_B2.mk
-rw-rw-r-- 1 travis travis  1318 Sep 23 02:19 ModularCG_A2_B2_profile.class
-rw-rw-r-- 1 travis travis  1262 Sep 23 02:19 ModularCG_A2_B2_profile.java
-rw-rw-r-- 1 travis travis  4870 Sep 23 02:19 ModularCG_A2.class
-rw-rw-r-- 1 travis travis 15129 Sep 23 02:19 ModularCG_A2.java
-rw-rw-r-- 1 travis travis   808 Sep 23 02:19 ModularCG_A2.mk
-rw-rw-r-- 1 travis travis  1433 Sep 23 02:19 ModularCG_A2_profile.class
-rw-rw-r-- 1 travis travis  1704 Sep 23 02:19 ModularCG_A2_profile.java
-rw-rw-r-- 1 travis travis  3473 Sep 23 02:19 ModularCGPubSub_A1_A2.class
-rw-rw-r-- 1 travis travis  9076 Sep 23 02:19 ModularCGPubSub_A1_A2.java
-rw-rw-r-- 1 travis travis   880 Sep 23 02:19 ModularCGPubSub_A1_A2.mk
-rw-rw-r-- 1 travis travis  1300 Sep 23 02:19 ModularCGPubSub_A1_A2_profile.class
-rw-rw-r-- 1 travis travis  1222 Sep 23 02:19 ModularCGPubSub_A1_A2_profile.java
-rw-rw-r-- 1 travis travis  1388 Sep 23 02:19 ModularCGPubSub_A1_profile.java
-rw-rw-r-- 1 travis travis  3492 Sep 23 02:19 ModularCodeGenTest_A1_A2.class
-rw-rw-r-- 1 travis travis  9164 Sep 23 02:18 ModularCodeGenTest_A1_A2.java
-rw-rw-r-- 1 travis travis   904 Sep 23 02:18 ModularCodeGenTest_A1_A2.mk
-rw-rw-r-- 1 travis travis  1306 Sep 23 02:18 ModularCodeGenTest_A1_A2_profile.class
-rw-rw-r-- 1 travis travis  1228 Sep 23 02:18 ModularCodeGenTest_A1_A2_profile.java
-rw-rw-r-- 1 travis travis  3823 Sep 23 02:19 ModularCodeGenTest_A1.class
-rw-rw-r-- 1 travis travis  9968 Sep 23 02:19 ModularCodeGenTest_A1.java
-rw-rw-r-- 1 travis travis   880 Sep 23 02:19 ModularCodeGenTest_A1.mk
-rw-rw-r-- 1 travis travis  1352 Sep 23 02:19 ModularCodeGenTest_A1_profile.class
-rw-rw-r-- 1 travis travis  1394 Sep 23 02:19 ModularCodeGenTest_A1_profile.java
-rw-rw-r-- 1 travis travis   432 Sep 23 02:19 Token.class
-rw-rw-r-- 1 travis travis   251 Sep 23 02:19 Token.java
In "/home/travis/cg", about to execute:
    javac -classpath
.:/home/travis/build/icyphy/ptII:/home/travis/build/icyphy/ptII/lib/bsh-2.0b4.j
ar:/home/travis/build/icyphy/ptII/lib/ptCal.jar:/home/travis/build/icyphy/ptII/
lib/java_cup.jar:/home/travis/build/icyphy/ptII/lib/saxon8.jar:/home/travis/bui
ld/icyphy/ptII/lib/saxon8-dom.jar:/home/travis/build/icyphy/ptII/lib/chic.jar:/
home/travis/build/icyphy/ptII/lib/ptcolt.jar:/usr/lib/jvm/java-8-oracle/lib/too
ls.jar:/usr/lib/eclipse/plugins/org.eclipse.jdt.core_3.8.2.dist.jar:/usr/lib/ec
lipse/plugins/org.eclipse.core.runtime_3.8.0.dist.jar:/usr/lib/eclipse/plugins/
org.eclipse.osgi_3.8.1.dist.jar:/usr/lib/eclipse/plugins/org.eclipse.core.resou
rces_3.8.1.dist.jar:/usr/lib/eclipse/plugins/org.eclipse.equinox.common_3.6.100
.dist.jar:/usr/lib/eclipse/plugins/org.eclipse.core.jobs_3.5.200.dist.jar:/usr/
lib/eclipse/plugins/org.eclipse.core.contenttype_3.4.200.dist.jar:/usr/lib/ecli
pse/plugins/org.eclipse.equinox.preferences_3.5.0.dist.jar:/usr/lib/eclipse/plu
gins/org.eclipse.text_3.5.200.dist.jar:/usr/lib/eclipse/plugins/org.eclipse.ui.
workbench_3.8.1.dist.jar:/usr/lib/eclipse/plugins/org.eclipse.jface_3.8.0.dist.
jar:/usr/lib/eclipse/plugins/org.eclipse.swt_3.8.2.jar:/usr/lib/eclipse/plugins
/org.eclipse.jface.text_3.8.1.dist.jar:/usr/lib/eclipse/plugins/org.eclipse.ui.
workbench.texteditor_3.8.0.dist.jar:/usr/lib/eclipse/plugins/org.eclipse.ui.edi
tors_3.8.0.dist.jar:/usr/lib/eclipse/plugins/org.eclipse.core.commands_3.6.1.di
st.jar:/usr/lib/eclipse/plugins/org.eclipse.equinox.registry_3.5.200.dist.jar:/
usr/lib/eclipse/plugins/org.eclipse.ui.console_3.5.100.dist.jar:/usr/lib/eclips
e/plugins/org.eclipse.ui.forms_3.5.200.dist.jar:/usr/lib/eclipse/plugins/org.ec
lipse.ui.ide_3.8.1.dist.jar:/home/travis/build/icyphy/ptII/vendors/oracle/dbxml
.jar:/home/travis/build/icyphy/ptII/vendors/oracle/db.jar:/home/travis/build/ic
yphy/ptII/vendors/misc/itext/iText.jar:/home/travis/build/icyphy/ptII/lib/g4ltl
.jar:/home/travis/build/icyphy/ptII/lib/StructuralCoder.jar:/home/travis/build/
icyphy/ptII/lib/org-openide-util.jar:/home/travis/build/icyphy/ptII/lib/org-ope
nide-util-lookup.jar:/home/travis/build/icyphy/ptII/lib/org-netbeans-api-visual
.jar:/home/travis/build/icyphy/ptII/vendors/jai-1_1_2_01/lib/jai_core.jar:/home
/travis/build/icyphy/ptII/vendors/jai-1_1_2_01/lib/jai_codec.jar:/home/travis/b
uild/icyphy/ptII/lib/jcerti.jar:/home/travis/build/icyphy/ptII/lib/smack.jar:/h
ome/travis/build/icyphy/ptII/lib/smackx.jar:/home/travis/build/icyphy/ptII/lib/
jetty-all-8.1.5-v20120716.jar:/home/travis/build/icyphy/ptII/lib/javax.servlet-
api-3.0.1.jar:/home/travis/build/icyphy/ptII/lib/javax.mail.jar:/home/travis/bu
ild/icyphy/ptII/vendors/JMF-2.1.1e/lib/jmf.jar:/home/travis/build/icyphy/ptII/l
ib/jna-4.0.0-variadic.jar:/home/travis/build/icyphy/ptII/vendors/misc/joystick/
Joystick.jar:/home/travis/build/icyphy/ptII/lib/ptjacl.jar:/home/travis/build/i
cyphy/ptII/lib/jsoup-1.8.2.jar:/home/travis/build/icyphy/ptII/lib/junit-4.8.2.j
ar:/home/travis/build/icyphy/ptII/lib/JUnitParams-0.4.0.jar:/home/travis/build/
icyphy/ptII/ptolemy/actor/lib/excel/jxl.jar:/home/travis/build/icyphy/ptII/lib/
jython.jar:/home/travis/build/icyphy/ptII/lib/kieler.jar:/home/travis/build/icy
phy/ptII/vendors/opencv/share/OpenCV/java/opencv-341.jar:/home/travis/build/icy
phy/ptII/lib/oscP5.jar:/home/travis/build/icyphy/ptII/lib/nrjavaserial-3.11.0.d
evel.jar:/home/travis/build/icyphy/ptII/vendors/j3d/lib/j3dcore.jar:/home/travi
s/build/icyphy/ptII/vendors/j3d/lib/j3dutils.jar:/home/travis/build/icyphy/ptII
/vendors/j3d/lib/vecmath.jar:/home/travis/build/icyphy/ptII/ptolemy/distributed
/jini/jar/jini-core.jar:/home/travis/build/icyphy/ptII/ptolemy/distributed/jini
/jar/jini-ext.jar:/home/travis/build/icyphy/ptII/ptolemy/distributed/jini/jar/s
un-util.jar:/home/travis/build/icyphy/ptII/lib/protobuf-java-2.4.1.jar:/home/tr
avis/build/icyphy/ptII/lib/org.eclipse.paho.client.mqttv3.jar:/home/travis/buil
d/icyphy/ptII/ptserver/lib/hessian-4.0.7.jar:/home/travis/build/icyphy/ptII/pts
erver/lib/wmqtt.jar:/home/travis/build/icyphy/ptII/lib/mapss.jar:/home/travis/b
uild/icyphy/ptII/ptolemy/actor/ptalon/antlr/antlr.jar:/home/travis/build/icyphy
/ptII/lib/JRI.jar:/home/travis/build/icyphy/ptII/lib/commons-lang-2.6.jar:/home
/travis/build/icyphy/ptII/lib/commons-logging-1.1.1.jar:/home/travis/build/icyp
hy/ptII/lib/sootclasses.jar:/home/travis/build/icyphy/ptII/ptolemy/actor/lib/da
tabase/mysql-connector-java-5.1.6-bin.jar:/home/travis/build/icyphy/ptII/vendor
s/misc/sphinx4/sphinx4-data-5prealpha.jar:/home/travis/build/icyphy/ptII/vendor
s/misc/sphinx4/sphinx4-core-5prealpha.jar:/home/travis/build/icyphy/ptII/lib/PD
FRenderer.jar:/home/travis/build/icyphy/ptII/lib/svgSalamander.jar:/home/travis
/build/icyphy/ptII/lib/rsyntaxtextarea-2.6.0-SNAPSHOT.jar:/home/travis/build/ic
yphy/ptII/lib/hazelcast-3.8.2.jar:/home/travis/build/icyphy/ptII/lib/jackson-an
notations-2.9.0.jar:/home/travis/build/icyphy/ptII/lib/jackson-core-2.9.3.jar:/
home/travis/build/icyphy/ptII/lib/jackson-databind-2.9.3.jar:/home/travis/build
/icyphy/ptII/lib/netty-buffer-4.1.19.Final.jar:/home/travis/build/icyphy/ptII/l
ib/netty-codec-4.1.19.Final.jar:/home/travis/build/icyphy/ptII/lib/netty-codec-
dns-4.1.19.Final.jar:/home/travis/build/icyphy/ptII/lib/netty-codec-http-4.1.19
.Final.jar:/home/travis/build/icyphy/ptII/lib/netty-codec-http2-4.1.19.Final.ja
r:/home/travis/build/icyphy/ptII/lib/netty-common-4.1.19.Final.jar:/home/travis
/build/icyphy/ptII/lib/netty-handler-4.1.19.Final.jar:/home/travis/build/icyphy
/ptII/lib/netty-resolver-4.1.19.Final.jar:/home/travis/build/icyphy/ptII/lib/ne
tty-resolver-dns-4.1.19.Final.jar:/home/travis/build/icyphy/ptII/lib/netty-tran
sport-4.1.19.Final.jar:/home/travis/build/icyphy/ptII/lib/vertx-codegen-3.5.1.j
ar:/home/travis/build/icyphy/ptII/lib/vertx-core-3.5.2-SNAPSHOT.jar:/home/travi
s/build/icyphy/ptII/lib/vertx-hazelcast-3.5.1.jar:/home/travis/build/icyphy/ptI
I/lib/vertx-lang-js-3.5.1.jar:/home/travis/build/icyphy/ptII/lib/vertx-service-
proxy-3.5.1.jar:/home/travis/build/icyphy/ptII/lib/vertx-web-3.5.1.jar:/home/tr
avis/build/icyphy/ptII/lib/slf4j-api-1.7.13.jar:/home/travis/build/icyphy/ptII/
lib/slf4j-simple-1.7.13.jar:/home/travis/build/icyphy/ptII/lib/webcam-capture-0
.3.12.jar:/home/travis/build/icyphy/ptII/lib/bridj-0.7.0.jar:/home/travis/build
/icyphy/ptII/lib/xbjlib-1.1.0.nrjavaserial.jar:/home/travis/build/icyphy/ptII/p
tolemy/moml/test:/home/travis/build/icyphy/ptII/ant/lib/ant-launcher.jar:/home/
travis/build/icyphy/ptII/ant/lib/ant.jar:/home/travis/build/icyphy/ptII/ant/lib
/ant-junit.jar:/home/travis/build/icyphy/ptII/ant/lib/ant-junit4.jar:/home/trav
is/build/icyphy/ptII ModularCGPubSub_A1_profile.java
warning: Supported source version 'RELEASE_6' from annotation processor 'org.netbeans.modules.openide.util.NbBundleProcessor' less than -source '1.8'
warning: Supported source version 'RELEASE_6' from annotation processor 'org.netbeans.modules.openide.util.URLStreamHandlerRegistrationProcessor' less than -source '1.8'
warning: Supported source version 'RELEASE_6' from annotation processor 'org.netbeans.modules.openide.util.ServiceProviderProcessor' less than -source '1.8'
3 warnings
All Done
Writing ModularCGPubSub_A1.java in file:/home/travis/cg/ (9836 characters)
Reading "ptolemy/cg/kernel/generic/program/procedural/java/modular/makefile.in",
    writing "/home/travis/cg/ModularCGPubSub_A1.mk"
Using ptolemy/cg/kernel/generic/program/procedural/java/modular/makefile.in
In "/home/travis/cg", about to execute:
    make -f ModularCGPubSub_A1.mk
javac -classpath ".:.."    ModularCGPubSub_A1.java
All Done
4667 ms. Memory: 296960K Free: 199218K (67%)
----------------- Invoking toplevel() on ptolemy.moml.MoMLSimpleApplication@28715f58
----------------- Done invoking toplevel() on ptolemy.moml.MoMLSimpleApplication@28715f58
reloadAllAccessors: .ModularCGPubSub

===========================================================================================
----------------- testing Sun Sep 23 02:19:29 UTC 2018 /home/travis/build/icyphy/ptII/ptolemy/cg/lib/test/auto/ModularCodeGen.xml
----------------- Instantiating /home/travis/build/icyphy/ptII/ptolemy/cg/lib/test/auto/ModularCodeGen.xml
In "/home/travis/cg", about to execute:
    pwd
In "/home/travis/cg", about to execute:
    ls -l
/home/travis/cg
In "/home/travis/cg", about to execute:
    javac -classpath
.:/home/travis/build/icyphy/ptII:/home/travis/build/icyphy/ptII/lib/bsh-2.0b4.j
ar:/home/travis/build/icyphy/ptII/lib/ptCal.jar:/home/travis/build/icyphy/ptII/
lib/java_cup.jar:/home/travis/build/icyphy/ptII/lib/saxon8.jar:/home/travis/bui
ld/icyphy/ptII/lib/saxon8-dom.jar:/home/travis/build/icyphy/ptII/lib/chic.jar:/
home/travis/build/icyphy/ptII/lib/ptcolt.jar:/usr/lib/jvm/java-8-oracle/lib/too
ls.jar:/usr/lib/eclipse/plugins/org.eclipse.jdt.core_3.8.2.dist.jar:/usr/lib/ec
lipse/plugins/org.eclipse.core.runtime_3.8.0.dist.jar:/usr/lib/eclipse/plugins/
org.eclipse.osgi_3.8.1.dist.jar:/usr/lib/eclipse/plugins/org.eclipse.core.resou
rces_3.8.1.dist.jar:/usr/lib/eclipse/plugins/org.eclipse.equinox.common_3.6.100
.dist.jar:/usr/lib/eclipse/plugins/org.eclipse.core.jobs_3.5.200.dist.jar:/usr/
lib/eclipse/plugins/org.eclipse.core.contenttype_3.4.200.dist.jar:/usr/lib/ecli
pse/plugins/org.eclipse.equinox.preferences_3.5.0.dist.jar:/usr/lib/eclipse/plu
gins/org.eclipse.text_3.5.200.dist.jar:/usr/lib/eclipse/plugins/org.eclipse.ui.
workbench_3.8.1.dist.jar:/usr/lib/eclipse/plugins/org.eclipse.jface_3.8.0.dist.
jar:/usr/lib/eclipse/plugins/org.eclipse.swt_3.8.2.jar:/usr/lib/eclipse/plugins
/org.eclipse.jface.text_3.8.1.dist.jar:/usr/lib/eclipse/plugins/org.eclipse.ui.
workbench.texteditor_3.8.0.dist.jar:/usr/lib/eclipse/plugins/org.eclipse.ui.edi
tors_3.8.0.dist.jar:/usr/lib/eclipse/plugins/org.eclipse.core.commands_3.6.1.di
st.jar:/usr/lib/eclipse/plugins/org.eclipse.equinox.registry_3.5.200.dist.jar:/
usr/lib/eclipse/plugins/org.eclipse.ui.console_3.5.100.dist.jar:/usr/lib/eclips
e/plugins/org.eclipse.ui.forms_3.5.200.dist.jar:/usr/lib/eclipse/plugins/org.ec
lipse.ui.ide_3.8.1.dist.jar:/home/travis/build/icyphy/ptII/vendors/oracle/dbxml
.jar:/home/travis/build/icyphy/ptII/vendors/oracle/db.jar:/home/travis/build/ic
yphy/ptII/vendors/misc/itext/iText.jar:/home/travis/build/icyphy/ptII/lib/g4ltl
.jar:/home/travis/build/icyphy/ptII/lib/StructuralCoder.jar:/home/travis/build/
icyphy/ptII/lib/org-openide-util.jar:/home/travis/build/icyphy/ptII/lib/org-ope
nide-util-lookup.jar:/home/travis/build/icyphy/ptII/lib/org-netbeans-api-visual
.jar:/home/travis/build/icyphy/ptII/vendors/jai-1_1_2_01/lib/jai_core.jar:/home
/travis/build/icyphy/ptII/vendors/jai-1_1_2_01/lib/jai_codec.jar:/home/travis/b
uild/icyphy/ptII/lib/jcerti.jar:/home/travis/build/icyphy/ptII/lib/smack.jar:/h
ome/travis/build/icyphy/ptII/lib/smackx.jar:/home/travis/build/icyphy/ptII/lib/
jetty-all-8.1.5-v20120716.jar:/home/travis/build/icyphy/ptII/lib/javax.servlet-
api-3.0.1.jar:/home/travis/build/icyphy/ptII/lib/javax.mail.jar:/home/travis/bu
ild/icyphy/ptII/vendors/JMF-2.1.1e/lib/jmf.jar:/home/travis/build/icyphy/ptII/l
ib/jna-4.0.0-variadic.jar:/home/travis/build/icyphy/ptII/vendors/misc/joystick/
Joystick.jar:/home/travis/build/icyphy/ptII/lib/ptjacl.jar:/home/travis/build/i
cyphy/ptII/lib/jsoup-1.8.2.jar:/home/travis/build/icyphy/ptII/lib/junit-4.8.2.j
ar:/home/travis/build/icyphy/ptII/lib/JUnitParams-0.4.0.jar:/home/travis/build/
icyphy/ptII/ptolemy/actor/lib/excel/jxl.jar:/home/travis/build/icyphy/ptII/lib/
jython.jar:/home/travis/build/icyphy/ptII/lib/kieler.jar:/home/travis/build/icy
phy/ptII/vendors/opencv/share/OpenCV/java/opencv-341.jar:/home/travis/build/icy
phy/ptII/lib/oscP5.jar:/home/travis/build/icyphy/ptII/lib/nrjavaserial-3.11.0.d
evel.jar:/home/travis/build/icyphy/ptII/vendors/j3d/lib/j3dcore.jar:/home/travi
s/build/icyphy/ptII/vendors/j3d/lib/j3dutils.jar:/home/travis/build/icyphy/ptII
/vendors/j3d/lib/vecmath.jar:/home/travis/build/icyphy/ptII/ptolemy/distributed
/jini/jar/jini-core.jar:/home/travis/build/icyphy/ptII/ptolemy/distributed/jini
/jar/jini-ext.jar:/home/travis/build/icyphy/ptII/ptolemy/distributed/jini/jar/s
un-util.jar:/home/travis/build/icyphy/ptII/lib/protobuf-java-2.4.1.jar:/home/tr
avis/build/icyphy/ptII/lib/org.eclipse.paho.client.mqttv3.jar:/home/travis/buil
d/icyphy/ptII/ptserver/lib/hessian-4.0.7.jar:/home/travis/build/icyphy/ptII/pts
erver/lib/wmqtt.jar:/home/travis/build/icyphy/ptII/lib/mapss.jar:/home/travis/b
uild/icyphy/ptII/ptolemy/actor/ptalon/antlr/antlr.jar:/home/travis/build/icyphy
/ptII/lib/JRI.jar:/home/travis/build/icyphy/ptII/lib/commons-lang-2.6.jar:/home
/travis/build/icyphy/ptII/lib/commons-logging-1.1.1.jar:/home/travis/build/icyp
hy/ptII/lib/sootclasses.jar:/home/travis/build/icyphy/ptII/ptolemy/actor/lib/da
tabase/mysql-connector-java-5.1.6-bin.jar:/home/travis/build/icyphy/ptII/vendor
s/misc/sphinx4/sphinx4-data-5prealpha.jar:/home/travis/build/icyphy/ptII/vendor
s/misc/sphinx4/sphinx4-core-5prealpha.jar:/home/travis/build/icyphy/ptII/lib/PD
FRenderer.jar:/home/travis/build/icyphy/ptII/lib/svgSalamander.jar:/home/travis
/build/icyphy/ptII/lib/rsyntaxtextarea-2.6.0-SNAPSHOT.jar:/home/travis/build/ic
yphy/ptII/lib/hazelcast-3.8.2.jar:/home/travis/build/icyphy/ptII/lib/jackson-an
notations-2.9.0.jar:/home/travis/build/icyphy/ptII/lib/jackson-core-2.9.3.jar:/
home/travis/build/icyphy/ptII/lib/jackson-databind-2.9.3.jar:/home/travis/build
/icyphy/ptII/lib/netty-buffer-4.1.19.Final.jar:/home/travis/build/icyphy/ptII/l
ib/netty-codec-4.1.19.Final.jar:/home/travis/build/icyphy/ptII/lib/netty-codec-
dns-4.1.19.Final.jar:/home/travis/build/icyphy/ptII/lib/netty-codec-http-4.1.19
.Final.jar:/home/travis/build/icyphy/ptII/lib/netty-codec-http2-4.1.19.Final.ja
r:/home/travis/build/icyphy/ptII/lib/netty-common-4.1.19.Final.jar:/home/travis
/build/icyphy/ptII/lib/netty-handler-4.1.19.Final.jar:/home/travis/build/icyphy
/ptII/lib/netty-resolver-4.1.19.Final.jar:/home/travis/build/icyphy/ptII/lib/ne
tty-resolver-dns-4.1.19.Final.jar:/home/travis/build/icyphy/ptII/lib/netty-tran
sport-4.1.19.Final.jar:/home/travis/build/icyphy/ptII/lib/vertx-codegen-3.5.1.j
ar:/home/travis/build/icyphy/ptII/lib/vertx-core-3.5.2-SNAPSHOT.jar:/home/travi
s/build/icyphy/ptII/lib/vertx-hazelcast-3.5.1.jar:/home/travis/build/icyphy/ptI
I/lib/vertx-lang-js-3.5.1.jar:/home/travis/build/icyphy/ptII/lib/vertx-service-
proxy-3.5.1.jar:/home/travis/build/icyphy/ptII/lib/vertx-web-3.5.1.jar:/home/tr
avis/build/icyphy/ptII/lib/slf4j-api-1.7.13.jar:/home/travis/build/icyphy/ptII/
lib/slf4j-simple-1.7.13.jar:/home/travis/build/icyphy/ptII/lib/webcam-capture-0
.3.12.jar:/home/travis/build/icyphy/ptII/lib/bridj-0.7.0.jar:/home/travis/build
/icyphy/ptII/lib/xbjlib-1.1.0.nrjavaserial.jar:/home/travis/build/icyphy/ptII/p
tolemy/moml/test:/home/travis/build/icyphy/ptII/ant/lib/ant-launcher.jar:/home/
travis/build/icyphy/ptII/ant/lib/ant.jar:/home/travis/build/icyphy/ptII/ant/lib
/ant-junit.jar:/home/travis/build/icyphy/ptII/ant/lib/ant-junit4.jar:/home/trav
is/build/icyphy/ptII
ModularCodeGen_ModularCodeGenTypedCompositeActor_profile.java
total 456
-rw-rw-r-- 1 travis travis  4895 Sep 23 02:19 CompiledCompositeActor_CompiledCompositeActor.class
-rw-rw-r-- 1 travis travis  1592 Sep 23 02:19 CompiledCompositeActor_CompiledCompositeActor$_CompiledCompositeActor_CompiledCompositeActor.class
-rw-rw-r-- 1 travis travis 13466 Sep 23 02:19 CompiledCompositeActor_CompiledCompositeActor.java
-rw-rw-r-- 1 travis travis  1593 Sep 23 02:19 CompiledCompositeActor_CompiledCompositeActor.mk
-rw-rw-r-- 1 travis travis  4457 Sep 23 02:19 JavaCompiledCompositeTest1_CompiledCompositeActor.class
-rw-rw-r-- 1 travis travis 11637 Sep 23 02:19 JavaCompiledCompositeTest1_CompiledCompositeActor.java
-rw-rw-r-- 1 travis travis  1198 Sep 23 02:19 JavaCompiledCompositeTest1_CompiledCompositeActor$_JavaCompiledCompositeTest1_CompiledCompositeActor.class
-rw-rw-r-- 1 travis travis  1625 Sep 23 02:19 JavaCompiledCompositeTest1_CompiledCompositeActor.mk
-rw-rw-r-- 1 travis travis  4888 Sep 23 02:19 JavaCompiledCompositeTest2_CompiledCompositeActor.class
-rw-rw-r-- 1 travis travis 14919 Sep 23 02:19 JavaCompiledCompositeTest2_CompiledCompositeActor.java
-rw-rw-r-- 1 travis travis  1793 Sep 23 02:19 JavaCompiledCompositeTest2_CompiledCompositeActor$_JavaCompiledCompositeTest2_CompiledCompositeActor.class
-rw-rw-r-- 1 travis travis  1625 Sep 23 02:19 JavaCompiledCompositeTest2_CompiledCompositeActor.mk
-rw-rw-r-- 1 travis travis  4505 Sep 23 02:19 JavaCompiledCompositeTest3_CompiledCompositeActor.class
-rw-rw-r-- 1 travis travis 13080 Sep 23 02:19 JavaCompiledCompositeTest3_CompiledCompositeActor.java
-rw-rw-r-- 1 travis travis  1378 Sep 23 02:19 JavaCompiledCompositeTest3_CompiledCompositeActor$_JavaCompiledCompositeTest3_CompiledCompositeActor.class
-rw-rw-r-- 1 travis travis  1625 Sep 23 02:19 JavaCompiledCompositeTest3_CompiledCompositeActor.mk
-rw-rw-r-- 1 travis travis  3953 Sep 23 02:19 JavaCompiledCompositeTest4_CompiledCompositeActor.class
-rw-rw-r-- 1 travis travis  9687 Sep 23 02:19 JavaCompiledCompositeTest4_CompiledCompositeActor.java
-rw-rw-r-- 1 travis travis   857 Sep 23 02:19 JavaCompiledCompositeTest4_CompiledCompositeActor$_JavaCompiledCompositeTest4_CompiledCompositeActor.class
-rw-rw-r-- 1 travis travis  1625 Sep 23 02:19 JavaCompiledCompositeTest4_CompiledCompositeActor.mk
-rw-rw-r-- 1 travis travis  3693 Sep 23 02:19 ModularCG_A1_B1.class
-rw-rw-r-- 1 travis travis  9730 Sep 23 02:19 ModularCG_A1_B1.java
-rw-rw-r-- 1 travis travis   832 Sep 23 02:19 ModularCG_A1_B1.mk
-rw-rw-r-- 1 travis travis  1318 Sep 23 02:19 ModularCG_A1_B1_profile.class
-rw-rw-r-- 1 travis travis  1262 Sep 23 02:19 ModularCG_A1_B1_profile.java
-rw-rw-r-- 1 travis travis  3693 Sep 23 02:19 ModularCG_A1_B2.class
-rw-rw-r-- 1 travis travis  9730 Sep 23 02:19 ModularCG_A1_B2.java
-rw-rw-r-- 1 travis travis   832 Sep 23 02:19 ModularCG_A1_B2.mk
-rw-rw-r-- 1 travis travis  1318 Sep 23 02:19 ModularCG_A1_B2_profile.class
-rw-rw-r-- 1 travis travis  1262 Sep 23 02:19 ModularCG_A1_B2_profile.java
-rw-rw-r-- 1 travis travis  4799 Sep 23 02:19 ModularCG_A1.class
-rw-rw-r-- 1 travis travis 14742 Sep 23 02:19 ModularCG_A1.java
-rw-rw-r-- 1 travis travis   808 Sep 23 02:19 ModularCG_A1.mk
-rw-rw-r-- 1 travis travis  1433 Sep 23 02:19 ModularCG_A1_profile.class
-rw-rw-r-- 1 travis travis  1704 Sep 23 02:19 ModularCG_A1_profile.java
-rw-rw-r-- 1 travis travis  3827 Sep 23 02:19 ModularCG_A2_B1.class
-rw-rw-r-- 1 travis travis 10667 Sep 23 02:19 ModularCG_A2_B1.java
-rw-rw-r-- 1 travis travis   832 Sep 23 02:19 ModularCG_A2_B1.mk
-rw-rw-r-- 1 travis travis  1381 Sep 23 02:19 ModularCG_A2_B1_profile.class
-rw-rw-r-- 1 travis travis  1446 Sep 23 02:19 ModularCG_A2_B1_profile.java
-rw-rw-r-- 1 travis travis  3693 Sep 23 02:19 ModularCG_A2_B2.class
-rw-rw-r-- 1 travis travis  9730 Sep 23 02:19 ModularCG_A2_B2.java
-rw-rw-r-- 1 travis travis   832 Sep 23 02:19 ModularCG_A2_B2.mk
-rw-rw-r-- 1 travis travis  1318 Sep 23 02:19 ModularCG_A2_B2_profile.class
-rw-rw-r-- 1 travis travis  1262 Sep 23 02:19 ModularCG_A2_B2_profile.java
-rw-rw-r-- 1 travis travis  4870 Sep 23 02:19 ModularCG_A2.class
-rw-rw-r-- 1 travis travis 15129 Sep 23 02:19 ModularCG_A2.java
-rw-rw-r-- 1 travis travis   808 Sep 23 02:19 ModularCG_A2.mk
-rw-rw-r-- 1 travis travis  1433 Sep 23 02:19 ModularCG_A2_profile.class
-rw-rw-r-- 1 travis travis  1704 Sep 23 02:19 ModularCG_A2_profile.java
-rw-rw-r-- 1 travis travis  3473 Sep 23 02:19 ModularCGPubSub_A1_A2.class
-rw-rw-r-- 1 travis travis  9076 Sep 23 02:19 ModularCGPubSub_A1_A2.java
-rw-rw-r-- 1 travis travis   880 Sep 23 02:19 ModularCGPubSub_A1_A2.mk
-rw-rw-r-- 1 travis travis  1300 Sep 23 02:19 ModularCGPubSub_A1_A2_profile.class
-rw-rw-r-- 1 travis travis  1222 Sep 23 02:19 ModularCGPubSub_A1_A2_profile.java
-rw-rw-r-- 1 travis travis  3790 Sep 23 02:19 ModularCGPubSub_A1.class
-rw-rw-r-- 1 travis travis  9836 Sep 23 02:19 ModularCGPubSub_A1.java
-rw-rw-r-- 1 travis travis   856 Sep 23 02:19 ModularCGPubSub_A1.mk
-rw-rw-r-- 1 travis travis  1346 Sep 23 02:19 ModularCGPubSub_A1_profile.class
-rw-rw-r-- 1 travis travis  1388 Sep 23 02:19 ModularCGPubSub_A1_profile.java
-rw-rw-r-- 1 travis travis  1328 Sep 23 02:19 ModularCodeGen_ModularCodeGenTypedCompositeActor_profile.java
-rw-rw-r-- 1 travis travis  3492 Sep 23 02:19 ModularCodeGenTest_A1_A2.class
-rw-rw-r-- 1 travis travis  9164 Sep 23 02:18 ModularCodeGenTest_A1_A2.java
-rw-rw-r-- 1 travis travis   904 Sep 23 02:18 ModularCodeGenTest_A1_A2.mk
-rw-rw-r-- 1 travis travis  1306 Sep 23 02:18 ModularCodeGenTest_A1_A2_profile.class
-rw-rw-r-- 1 travis travis  1228 Sep 23 02:18 ModularCodeGenTest_A1_A2_profile.java
-rw-rw-r-- 1 travis travis  3823 Sep 23 02:19 ModularCodeGenTest_A1.class
-rw-rw-r-- 1 travis travis  9968 Sep 23 02:19 ModularCodeGenTest_A1.java
-rw-rw-r-- 1 travis travis   880 Sep 23 02:19 ModularCodeGenTest_A1.mk
-rw-rw-r-- 1 travis travis  1352 Sep 23 02:19 ModularCodeGenTest_A1_profile.class
-rw-rw-r-- 1 travis travis  1394 Sep 23 02:19 ModularCodeGenTest_A1_profile.java
-rw-rw-r-- 1 travis travis   432 Sep 23 02:19 Token.class
-rw-rw-r-- 1 travis travis   251 Sep 23 02:19 Token.java
warning: Supported source version 'RELEASE_6' from annotation processor 'org.netbeans.modules.openide.util.NbBundleProcessor' less than -source '1.8'
warning: Supported source version 'RELEASE_6' from annotation processor 'org.netbeans.modules.openide.util.URLStreamHandlerRegistrationProcessor' less than -source '1.8'
warning: Supported source version 'RELEASE_6' from annotation processor 'org.netbeans.modules.openide.util.ServiceProviderProcessor' less than -source '1.8'
3 warnings
All Done
Writing ModularCodeGen_ModularCodeGenTypedCompositeActor.java in file:/home/travis/cg/ (10970 characters)
Reading "ptolemy/cg/kernel/generic/program/procedural/java/modular/makefile.in",
    writing "/home/travis/cg/ModularCodeGen_ModularCodeGenTypedCompositeActor.mk"
Using ptolemy/cg/kernel/generic/program/procedural/java/modular/makefile.in
In "/home/travis/cg", about to execute:
    make -f ModularCodeGen_ModularCodeGenTypedCompositeActor.mk
javac -classpath ".:.."    ModularCodeGen_ModularCodeGenTypedCompositeActor.java
All Done
2414 ms. Memory: 296960K Free: 153937K (52%)
----------------- Invoking toplevel() on ptolemy.moml.MoMLSimpleApplication@5cf0fc5a
----------------- Done invoking toplevel() on ptolemy.moml.MoMLSimpleApplication@5cf0fc5a
reloadAllAccessors: .ModularCodeGen

===========================================================================================
----------------- testing Sun Sep 23 02:19:32 UTC 2018 /home/travis/build/icyphy/ptII/ptolemy/cg/lib/test/auto/ModularCodeGen2.xml
----------------- Instantiating /home/travis/build/icyphy/ptII/ptolemy/cg/lib/test/auto/ModularCodeGen2.xml
In "/home/travis/cg", about to execute:
    pwd
In "/home/travis/cg", about to execute:
    ls -l
/home/travis/cg
In "/home/travis/cg", about to execute:
    javac -classpath
.:/home/travis/build/icyphy/ptII:/home/travis/build/icyphy/ptII/lib/bsh-2.0b4.j
ar:/home/travis/build/icyphy/ptII/lib/ptCal.jar:/home/travis/build/icyphy/ptII/
lib/java_cup.jar:/home/travis/build/icyphy/ptII/lib/saxon8.jar:/home/travis/bui
ld/icyphy/ptII/lib/saxon8-dom.jar:/home/travis/build/icyphy/ptII/lib/chic.jar:/
home/travis/build/icyphy/ptII/lib/ptcolt.jar:/usr/lib/jvm/java-8-oracle/lib/too
ls.jar:/usr/lib/eclipse/plugins/org.eclipse.jdt.core_3.8.2.dist.jar:/usr/lib/ec
lipse/plugins/org.eclipse.core.runtime_3.8.0.dist.jar:/usr/lib/eclipse/plugins/
org.eclipse.osgi_3.8.1.dist.jar:/usr/lib/eclipse/plugins/org.eclipse.core.resou
rces_3.8.1.dist.jar:/usr/lib/eclipse/plugins/org.eclipse.equinox.common_3.6.100
.dist.jar:/usr/lib/eclipse/plugins/org.eclipse.core.jobs_3.5.200.dist.jar:/usr/
lib/eclipse/plugins/org.eclipse.core.contenttype_3.4.200.dist.jar:/usr/lib/ecli
pse/plugins/org.eclipse.equinox.preferences_3.5.0.dist.jar:/usr/lib/eclipse/plu
gins/org.eclipse.text_3.5.200.dist.jar:/usr/lib/eclipse/plugins/org.eclipse.ui.
workbench_3.8.1.dist.jar:/usr/lib/eclipse/plugins/org.eclipse.jface_3.8.0.dist.
jar:/usr/lib/eclipse/plugins/org.eclipse.swt_3.8.2.jar:/usr/lib/eclipse/plugins
/org.eclipse.jface.text_3.8.1.dist.jar:/usr/lib/eclipse/plugins/org.eclipse.ui.
workbench.texteditor_3.8.0.dist.jar:/usr/lib/eclipse/plugins/org.eclipse.ui.edi
tors_3.8.0.dist.jar:/usr/lib/eclipse/plugins/org.eclipse.core.commands_3.6.1.di
st.jar:/usr/lib/eclipse/plugins/org.eclipse.equinox.registry_3.5.200.dist.jar:/
usr/lib/eclipse/plugins/org.eclipse.ui.console_3.5.100.dist.jar:/usr/lib/eclips
e/plugins/org.eclipse.ui.forms_3.5.200.dist.jar:/usr/lib/eclipse/plugins/org.ec
lipse.ui.ide_3.8.1.dist.jar:/home/travis/build/icyphy/ptII/vendors/oracle/dbxml
.jar:/home/travis/build/icyphy/ptII/vendors/oracle/db.jar:/home/travis/build/ic
yphy/ptII/vendors/misc/itext/iText.jar:/home/travis/build/icyphy/ptII/lib/g4ltl
.jar:/home/travis/build/icyphy/ptII/lib/StructuralCoder.jar:/home/travis/build/
icyphy/ptII/lib/org-openide-util.jar:/home/travis/build/icyphy/ptII/lib/org-ope
nide-util-lookup.jar:/home/travis/build/icyphy/ptII/lib/org-netbeans-api-visual
.jar:/home/travis/build/icyphy/ptII/vendors/jai-1_1_2_01/lib/jai_core.jar:/home
/travis/build/icyphy/ptII/vendors/jai-1_1_2_01/lib/jai_codec.jar:/home/travis/b
uild/icyphy/ptII/lib/jcerti.jar:/home/travis/build/icyphy/ptII/lib/smack.jar:/h
ome/travis/build/icyphy/ptII/lib/smackx.jar:/home/travis/build/icyphy/ptII/lib/
jetty-all-8.1.5-v20120716.jar:/home/travis/build/icyphy/ptII/lib/javax.servlet-
api-3.0.1.jar:/home/travis/build/icyphy/ptII/lib/javax.mail.jar:/home/travis/bu
ild/icyphy/ptII/vendors/JMF-2.1.1e/lib/jmf.jar:/home/travis/build/icyphy/ptII/l
ib/jna-4.0.0-variadic.jar:/home/travis/build/icyphy/ptII/vendors/misc/joystick/
Joystick.jar:/home/travis/build/icyphy/ptII/lib/ptjacl.jar:/home/travis/build/i
cyphy/ptII/lib/jsoup-1.8.2.jar:/home/travis/build/icyphy/ptII/lib/junit-4.8.2.j
ar:/home/travis/build/icyphy/ptII/lib/JUnitParams-0.4.0.jar:/home/travis/build/
icyphy/ptII/ptolemy/actor/lib/excel/jxl.jar:/home/travis/build/icyphy/ptII/lib/
jython.jar:/home/travis/build/icyphy/ptII/lib/kieler.jar:/home/travis/build/icy
phy/ptII/vendors/opencv/share/OpenCV/java/opencv-341.jar:/home/travis/build/icy
phy/ptII/lib/oscP5.jar:/home/travis/build/icyphy/ptII/lib/nrjavaserial-3.11.0.d
evel.jar:/home/travis/build/icyphy/ptII/vendors/j3d/lib/j3dcore.jar:/home/travi
s/build/icyphy/ptII/vendors/j3d/lib/j3dutils.jar:/home/travis/build/icyphy/ptII
/vendors/j3d/lib/vecmath.jar:/home/travis/build/icyphy/ptII/ptolemy/distributed
/jini/jar/jini-core.jar:/home/travis/build/icyphy/ptII/ptolemy/distributed/jini
/jar/jini-ext.jar:/home/travis/build/icyphy/ptII/ptolemy/distributed/jini/jar/s
un-util.jar:/home/travis/build/icyphy/ptII/lib/protobuf-java-2.4.1.jar:/home/tr
avis/build/icyphy/ptII/lib/org.eclipse.paho.client.mqttv3.jar:/home/travis/buil
d/icyphy/ptII/ptserver/lib/hessian-4.0.7.jar:/home/travis/build/icyphy/ptII/pts
erver/lib/wmqtt.jar:/home/travis/build/icyphy/ptII/lib/mapss.jar:/home/travis/b
uild/icyphy/ptII/ptolemy/actor/ptalon/antlr/antlr.jar:/home/travis/build/icyphy
/ptII/lib/JRI.jar:/home/travis/build/icyphy/ptII/lib/commons-lang-2.6.jar:/home
/travis/build/icyphy/ptII/lib/commons-logging-1.1.1.jar:/home/travis/build/icyp
hy/ptII/lib/sootclasses.jar:/home/travis/build/icyphy/ptII/ptolemy/actor/lib/da
tabase/mysql-connector-java-5.1.6-bin.jar:/home/travis/build/icyphy/ptII/vendor
s/misc/sphinx4/sphinx4-data-5prealpha.jar:/home/travis/build/icyphy/ptII/vendor
s/misc/sphinx4/sphinx4-core-5prealpha.jar:/home/travis/build/icyphy/ptII/lib/PD
FRenderer.jar:/home/travis/build/icyphy/ptII/lib/svgSalamander.jar:/home/travis
/build/icyphy/ptII/lib/rsyntaxtextarea-2.6.0-SNAPSHOT.jar:/home/travis/build/ic
yphy/ptII/lib/hazelcast-3.8.2.jar:/home/travis/build/icyphy/ptII/lib/jackson-an
notations-2.9.0.jar:/home/travis/build/icyphy/ptII/lib/jackson-core-2.9.3.jar:/
home/travis/build/icyphy/ptII/lib/jackson-databind-2.9.3.jar:/home/travis/build
/icyphy/ptII/lib/netty-buffer-4.1.19.Final.jar:/home/travis/build/icyphy/ptII/l
ib/netty-codec-4.1.19.Final.jar:/home/travis/build/icyphy/ptII/lib/netty-codec-
dns-4.1.19.Final.jar:/home/travis/build/icyphy/ptII/lib/netty-codec-http-4.1.19
.Final.jar:/home/travis/build/icyphy/ptII/lib/netty-codec-http2-4.1.19.Final.ja
r:/home/travis/build/icyphy/ptII/lib/netty-common-4.1.19.Final.jar:/home/travis
/build/icyphy/ptII/lib/netty-handler-4.1.19.Final.jar:/home/travis/build/icyphy
/ptII/lib/netty-resolver-4.1.19.Final.jar:/home/travis/build/icyphy/ptII/lib/ne
tty-resolver-dns-4.1.19.Final.jar:/home/travis/build/icyphy/ptII/lib/netty-tran
sport-4.1.19.Final.jar:/home/travis/build/icyphy/ptII/lib/vertx-codegen-3.5.1.j
ar:/home/travis/build/icyphy/ptII/lib/vertx-core-3.5.2-SNAPSHOT.jar:/home/travi
s/build/icyphy/ptII/lib/vertx-hazelcast-3.5.1.jar:/home/travis/build/icyphy/ptI
I/lib/vertx-lang-js-3.5.1.jar:/home/travis/build/icyphy/ptII/lib/vertx-service-
proxy-3.5.1.jar:/home/travis/build/icyphy/ptII/lib/vertx-web-3.5.1.jar:/home/tr
avis/build/icyphy/ptII/lib/slf4j-api-1.7.13.jar:/home/travis/build/icyphy/ptII/
lib/slf4j-simple-1.7.13.jar:/home/travis/build/icyphy/ptII/lib/webcam-capture-0
.3.12.jar:/home/travis/build/icyphy/ptII/lib/bridj-0.7.0.jar:/home/travis/build
/icyphy/ptII/lib/xbjlib-1.1.0.nrjavaserial.jar:/home/travis/build/icyphy/ptII/p
tolemy/moml/test:/home/travis/build/icyphy/ptII/ant/lib/ant-launcher.jar:/home/
travis/build/icyphy/ptII/ant/lib/ant.jar:/home/travis/build/icyphy/ptII/ant/lib
/ant-junit.jar:/home/travis/build/icyphy/ptII/ant/lib/ant-junit4.jar:/home/trav
is/build/icyphy/ptII
ModularCodeGen2_ModularCodeGenTypedCompositeActor_ModularCodeGenTypedCompositeA
ctor_profile.java
total 484
-rw-rw-r-- 1 travis travis  4895 Sep 23 02:19 CompiledCompositeActor_CompiledCompositeActor.class
-rw-rw-r-- 1 travis travis  1592 Sep 23 02:19 CompiledCompositeActor_CompiledCompositeActor$_CompiledCompositeActor_CompiledCompositeActor.class
-rw-rw-r-- 1 travis travis 13466 Sep 23 02:19 CompiledCompositeActor_CompiledCompositeActor.java
-rw-rw-r-- 1 travis travis  1593 Sep 23 02:19 CompiledCompositeActor_CompiledCompositeActor.mk
-rw-rw-r-- 1 travis travis  4457 Sep 23 02:19 JavaCompiledCompositeTest1_CompiledCompositeActor.class
-rw-rw-r-- 1 travis travis 11637 Sep 23 02:19 JavaCompiledCompositeTest1_CompiledCompositeActor.java
-rw-rw-r-- 1 travis travis  1198 Sep 23 02:19 JavaCompiledCompositeTest1_CompiledCompositeActor$_JavaCompiledCompositeTest1_CompiledCompositeActor.class
-rw-rw-r-- 1 travis travis  1625 Sep 23 02:19 JavaCompiledCompositeTest1_CompiledCompositeActor.mk
-rw-rw-r-- 1 travis travis  4888 Sep 23 02:19 JavaCompiledCompositeTest2_CompiledCompositeActor.class
-rw-rw-r-- 1 travis travis 14919 Sep 23 02:19 JavaCompiledCompositeTest2_CompiledCompositeActor.java
-rw-rw-r-- 1 travis travis  1793 Sep 23 02:19 JavaCompiledCompositeTest2_CompiledCompositeActor$_JavaCompiledCompositeTest2_CompiledCompositeActor.class
-rw-rw-r-- 1 travis travis  1625 Sep 23 02:19 JavaCompiledCompositeTest2_CompiledCompositeActor.mk
-rw-rw-r-- 1 travis travis  4505 Sep 23 02:19 JavaCompiledCompositeTest3_CompiledCompositeActor.class
-rw-rw-r-- 1 travis travis 13080 Sep 23 02:19 JavaCompiledCompositeTest3_CompiledCompositeActor.java
-rw-rw-r-- 1 travis travis  1378 Sep 23 02:19 JavaCompiledCompositeTest3_CompiledCompositeActor$_JavaCompiledCompositeTest3_CompiledCompositeActor.class
-rw-rw-r-- 1 travis travis  1625 Sep 23 02:19 JavaCompiledCompositeTest3_CompiledCompositeActor.mk
-rw-rw-r-- 1 travis travis  3953 Sep 23 02:19 JavaCompiledCompositeTest4_CompiledCompositeActor.class
-rw-rw-r-- 1 travis travis  9687 Sep 23 02:19 JavaCompiledCompositeTest4_CompiledCompositeActor.java
-rw-rw-r-- 1 travis travis   857 Sep 23 02:19 JavaCompiledCompositeTest4_CompiledCompositeActor$_JavaCompiledCompositeTest4_CompiledCompositeActor.class
-rw-rw-r-- 1 travis travis  1625 Sep 23 02:19 JavaCompiledCompositeTest4_CompiledCompositeActor.mk
-rw-rw-r-- 1 travis travis  3693 Sep 23 02:19 ModularCG_A1_B1.class
-rw-rw-r-- 1 travis travis  9730 Sep 23 02:19 ModularCG_A1_B1.java
-rw-rw-r-- 1 travis travis   832 Sep 23 02:19 ModularCG_A1_B1.mk
-rw-rw-r-- 1 travis travis  1318 Sep 23 02:19 ModularCG_A1_B1_profile.class
-rw-rw-r-- 1 travis travis  1262 Sep 23 02:19 ModularCG_A1_B1_profile.java
-rw-rw-r-- 1 travis travis  3693 Sep 23 02:19 ModularCG_A1_B2.class
-rw-rw-r-- 1 travis travis  9730 Sep 23 02:19 ModularCG_A1_B2.java
-rw-rw-r-- 1 travis travis   832 Sep 23 02:19 ModularCG_A1_B2.mk
-rw-rw-r-- 1 travis travis  1318 Sep 23 02:19 ModularCG_A1_B2_profile.class
-rw-rw-r-- 1 travis travis  1262 Sep 23 02:19 ModularCG_A1_B2_profile.java
-rw-rw-r-- 1 travis travis  4799 Sep 23 02:19 ModularCG_A1.class
-rw-rw-r-- 1 travis travis 14742 Sep 23 02:19 ModularCG_A1.java
-rw-rw-r-- 1 travis travis   808 Sep 23 02:19 ModularCG_A1.mk
-rw-rw-r-- 1 travis travis  1433 Sep 23 02:19 ModularCG_A1_profile.class
-rw-rw-r-- 1 travis travis  1704 Sep 23 02:19 ModularCG_A1_profile.java
-rw-rw-r-- 1 travis travis  3827 Sep 23 02:19 ModularCG_A2_B1.class
-rw-rw-r-- 1 travis travis 10667 Sep 23 02:19 ModularCG_A2_B1.java
-rw-rw-r-- 1 travis travis   832 Sep 23 02:19 ModularCG_A2_B1.mk
-rw-rw-r-- 1 travis travis  1381 Sep 23 02:19 ModularCG_A2_B1_profile.class
-rw-rw-r-- 1 travis travis  1446 Sep 23 02:19 ModularCG_A2_B1_profile.java
-rw-rw-r-- 1 travis travis  3693 Sep 23 02:19 ModularCG_A2_B2.class
-rw-rw-r-- 1 travis travis  9730 Sep 23 02:19 ModularCG_A2_B2.java
-rw-rw-r-- 1 travis travis   832 Sep 23 02:19 ModularCG_A2_B2.mk
-rw-rw-r-- 1 travis travis  1318 Sep 23 02:19 ModularCG_A2_B2_profile.class
-rw-rw-r-- 1 travis travis  1262 Sep 23 02:19 ModularCG_A2_B2_profile.java
-rw-rw-r-- 1 travis travis  4870 Sep 23 02:19 ModularCG_A2.class
-rw-rw-r-- 1 travis travis 15129 Sep 23 02:19 ModularCG_A2.java
-rw-rw-r-- 1 travis travis   808 Sep 23 02:19 ModularCG_A2.mk
-rw-rw-r-- 1 travis travis  1433 Sep 23 02:19 ModularCG_A2_profile.class
-rw-rw-r-- 1 travis travis  1704 Sep 23 02:19 ModularCG_A2_profile.java
-rw-rw-r-- 1 travis travis  3473 Sep 23 02:19 ModularCGPubSub_A1_A2.class
-rw-rw-r-- 1 travis travis  9076 Sep 23 02:19 ModularCGPubSub_A1_A2.java
-rw-rw-r-- 1 travis travis   880 Sep 23 02:19 ModularCGPubSub_A1_A2.mk
-rw-rw-r-- 1 travis travis  1300 Sep 23 02:19 ModularCGPubSub_A1_A2_profile.class
-rw-rw-r-- 1 travis travis  1222 Sep 23 02:19 ModularCGPubSub_A1_A2_profile.java
-rw-rw-r-- 1 travis travis  3790 Sep 23 02:19 ModularCGPubSub_A1.class
-rw-rw-r-- 1 travis travis  9836 Sep 23 02:19 ModularCGPubSub_A1.java
-rw-rw-r-- 1 travis travis   856 Sep 23 02:19 ModularCGPubSub_A1.mk
-rw-rw-r-- 1 travis travis  1346 Sep 23 02:19 ModularCGPubSub_A1_profile.class
-rw-rw-r-- 1 travis travis  1388 Sep 23 02:19 ModularCGPubSub_A1_profile.java
-rw-rw-r-- 1 travis travis  1294 Sep 23 02:19 ModularCodeGen2_ModularCodeGenTypedCompositeActor_ModularCodeGenTypedCompositeActor_profile.java
-rw-rw-r-- 1 travis travis  3954 Sep 23 02:19 ModularCodeGen_ModularCodeGenTypedCompositeActor.class
-rw-rw-r-- 1 travis travis 10970 Sep 23 02:19 ModularCodeGen_ModularCodeGenTypedCompositeActor.java
-rw-rw-r-- 1 travis travis  1096 Sep 23 02:19 ModularCodeGen_ModularCodeGenTypedCompositeActor.mk
-rw-rw-r-- 1 travis travis  1384 Sep 23 02:19 ModularCodeGen_ModularCodeGenTypedCompositeActor_profile.class
-rw-rw-r-- 1 travis travis  1328 Sep 23 02:19 ModularCodeGen_ModularCodeGenTypedCompositeActor_profile.java
-rw-rw-r-- 1 travis travis  3492 Sep 23 02:19 ModularCodeGenTest_A1_A2.class
-rw-rw-r-- 1 travis travis  9164 Sep 23 02:18 ModularCodeGenTest_A1_A2.java
-rw-rw-r-- 1 travis travis   904 Sep 23 02:18 ModularCodeGenTest_A1_A2.mk
-rw-rw-r-- 1 travis travis  1306 Sep 23 02:18 ModularCodeGenTest_A1_A2_profile.class
-rw-rw-r-- 1 travis travis  1228 Sep 23 02:18 ModularCodeGenTest_A1_A2_profile.java
-rw-rw-r-- 1 travis travis  3823 Sep 23 02:19 ModularCodeGenTest_A1.class
-rw-rw-r-- 1 travis travis  9968 Sep 23 02:19 ModularCodeGenTest_A1.java
-rw-rw-r-- 1 travis travis   880 Sep 23 02:19 ModularCodeGenTest_A1.mk
-rw-rw-r-- 1 travis travis  1352 Sep 23 02:19 ModularCodeGenTest_A1_profile.class
-rw-rw-r-- 1 travis travis  1394 Sep 23 02:19 ModularCodeGenTest_A1_profile.java
-rw-rw-r-- 1 travis travis   432 Sep 23 02:19 Token.class
-rw-rw-r-- 1 travis travis   251 Sep 23 02:19 Token.java
warning: Supported source version 'RELEASE_6' from annotation processor 'org.netbeans.modules.openide.util.NbBundleProcessor' less than -source '1.8'
warning: Supported source version 'RELEASE_6' from annotation processor 'org.netbeans.modules.openide.util.URLStreamHandlerRegistrationProcessor' less than -source '1.8'
warning: Supported source version 'RELEASE_6' from annotation processor 'org.netbeans.modules.openide.util.ServiceProviderProcessor' less than -source '1.8'
3 warnings
All Done
Writing ModularCodeGen2_ModularCodeGenTypedCompositeActor_ModularCodeGenTypedCompositeActor.java in file:/home/travis/cg/ (11790 characters)
Reading "ptolemy/cg/kernel/generic/program/procedural/java/modular/makefile.in",
    writing "/home/travis/cg/ModularCodeGen2_ModularCodeGenTypedCompositeActor_ModularCodeGenTypedCompositeActor.mk"
Using ptolemy/cg/kernel/generic/program/procedural/java/modular/makefile.in
In "/home/travis/cg", about to execute:
    make -f
ModularCodeGen2_ModularCodeGenTypedCompositeActor_ModularCodeGenTypedCompositeA
ctor.mk
javac -classpath ".:.."    ModularCodeGen2_ModularCodeGenTypedCompositeActor_ModularCodeGenTypedCompositeActor.java
All Done
In "/home/travis/cg", about to execute:
    pwd
/home/travis/cg
In "/home/travis/cg", about to execute:
    ls -l
total 516
-rw-rw-r-- 1 travis travis  4895 Sep 23 02:19 CompiledCompositeActor_CompiledCompositeActor.class
-rw-rw-r-- 1 travis travis  1592 Sep 23 02:19 CompiledCompositeActor_CompiledCompositeActor$_CompiledCompositeActor_CompiledCompositeActor.class
-rw-rw-r-- 1 travis travis 13466 Sep 23 02:19 CompiledCompositeActor_CompiledCompositeActor.java
-rw-rw-r-- 1 travis travis  1593 Sep 23 02:19 CompiledCompositeActor_CompiledCompositeActor.mk
-rw-rw-r-- 1 travis travis  4457 Sep 23 02:19 JavaCompiledCompositeTest1_CompiledCompositeActor.class
-rw-rw-r-- 1 travis travis 11637 Sep 23 02:19 JavaCompiledCompositeTest1_CompiledCompositeActor.java
-rw-rw-r-- 1 travis travis  1198 Sep 23 02:19 JavaCompiledCompositeTest1_CompiledCompositeActor$_JavaCompiledCompositeTest1_CompiledCompositeActor.class
-rw-rw-r-- 1 travis travis  1625 Sep 23 02:19 JavaCompiledCompositeTest1_CompiledCompositeActor.mk
-rw-rw-r-- 1 travis travis  4888 Sep 23 02:19 JavaCompiledCompositeTest2_CompiledCompositeActor.class
-rw-rw-r-- 1 travis travis 14919 Sep 23 02:19 JavaCompiledCompositeTest2_CompiledCompositeActor.java
-rw-rw-r-- 1 travis travis  1793 Sep 23 02:19 JavaCompiledCompositeTest2_CompiledCompositeActor$_JavaCompiledCompositeTest2_CompiledCompositeActor.class
-rw-rw-r-- 1 travis travis  1625 Sep 23 02:19 JavaCompiledCompositeTest2_CompiledCompositeActor.mk
-rw-rw-r-- 1 travis travis  4505 Sep 23 02:19 JavaCompiledCompositeTest3_CompiledCompositeActor.class
-rw-rw-r-- 1 travis travis 13080 Sep 23 02:19 JavaCompiledCompositeTest3_CompiledCompositeActor.java
-rw-rw-r-- 1 travis travis  1378 Sep 23 02:19 JavaCompiledCompositeTest3_CompiledCompositeActor$_JavaCompiledCompositeTest3_CompiledCompositeActor.class
-rw-rw-r-- 1 travis travis  1625 Sep 23 02:19 JavaCompiledCompositeTest3_CompiledCompositeActor.mk
-rw-rw-r-- 1 travis travis  3953 Sep 23 02:19 JavaCompiledCompositeTest4_CompiledCompositeActor.class
-rw-rw-r-- 1 travis travis  9687 Sep 23 02:19 JavaCompiledCompositeTest4_CompiledCompositeActor.java
-rw-rw-r-- 1 travis travis   857 Sep 23 02:19 JavaCompiledCompositeTest4_CompiledCompositeActor$_JavaCompiledCompositeTest4_CompiledCompositeActor.class
-rw-rw-r-- 1 travis travis  1625 Sep 23 02:19 JavaCompiledCompositeTest4_CompiledCompositeActor.mk
-rw-rw-r-- 1 travis travis  3693 Sep 23 02:19 ModularCG_A1_B1.class
-rw-rw-r-- 1 travis travis  9730 Sep 23 02:19 ModularCG_A1_B1.java
-rw-rw-r-- 1 travis travis   832 Sep 23 02:19 ModularCG_A1_B1.mk
-rw-rw-r-- 1 travis travis  1318 Sep 23 02:19 ModularCG_A1_B1_profile.class
-rw-rw-r-- 1 travis travis  1262 Sep 23 02:19 ModularCG_A1_B1_profile.java
-rw-rw-r-- 1 travis travis  3693 Sep 23 02:19 ModularCG_A1_B2.class
-rw-rw-r-- 1 travis travis  9730 Sep 23 02:19 ModularCG_A1_B2.java
-rw-rw-r-- 1 travis travis   832 Sep 23 02:19 ModularCG_A1_B2.mk
-rw-rw-r-- 1 travis travis  1318 Sep 23 02:19 ModularCG_A1_B2_profile.class
-rw-rw-r-- 1 travis travis  1262 Sep 23 02:19 ModularCG_A1_B2_profile.java
-rw-rw-r-- 1 travis travis  4799 Sep 23 02:19 ModularCG_A1.class
-rw-rw-r-- 1 travis travis 14742 Sep 23 02:19 ModularCG_A1.java
-rw-rw-r-- 1 travis travis   808 Sep 23 02:19 ModularCG_A1.mk
-rw-rw-r-- 1 travis travis  1433 Sep 23 02:19 ModularCG_A1_profile.class
-rw-rw-r-- 1 travis travis  1704 Sep 23 02:19 ModularCG_A1_profile.java
-rw-rw-r-- 1 travis travis  3827 Sep 23 02:19 ModularCG_A2_B1.class
-rw-rw-r-- 1 travis travis 10667 Sep 23 02:19 ModularCG_A2_B1.java
-rw-rw-r-- 1 travis travis   832 Sep 23 02:19 ModularCG_A2_B1.mk
-rw-rw-r-- 1 travis travis  1381 Sep 23 02:19 ModularCG_A2_B1_profile.class
-rw-rw-r-- 1 travis travis  1446 Sep 23 02:19 ModularCG_A2_B1_profile.java
-rw-rw-r-- 1 travis travis  3693 Sep 23 02:19 ModularCG_A2_B2.class
-rw-rw-r-- 1 travis travis  9730 Sep 23 02:19 ModularCG_A2_B2.java
-rw-rw-r-- 1 travis travis   832 Sep 23 02:19 ModularCG_A2_B2.mk
-rw-rw-r-- 1 travis travis  1318 Sep 23 02:19 ModularCG_A2_B2_profile.class
-rw-rw-r-- 1 travis travis  1262 Sep 23 02:19 ModularCG_A2_B2_profile.java
-rw-rw-r-- 1 travis travis  4870 Sep 23 02:19 ModularCG_A2.class
-rw-rw-r-- 1 travis travis 15129 Sep 23 02:19 ModularCG_A2.java
-rw-rw-r-- 1 travis travis   808 Sep 23 02:19 ModularCG_A2.mk
-rw-rw-r-- 1 travis travis  1433 Sep 23 02:19 ModularCG_A2_profile.class
-rw-rw-r-- 1 travis travis  1704 Sep 23 02:19 ModularCG_A2_profile.java
-rw-rw-r-- 1 travis travis  3473 Sep 23 02:19 ModularCGPubSub_A1_A2.class
-rw-rw-r-- 1 travis travis  9076 Sep 23 02:19 ModularCGPubSub_A1_A2.java
-rw-rw-r-- 1 travis travis   880 Sep 23 02:19 ModularCGPubSub_A1_A2.mk
-rw-rw-r-- 1 travis travis  1300 Sep 23 02:19 ModularCGPubSub_A1_A2_profile.class
-rw-rw-r-- 1 travis travis  1222 Sep 23 02:19 ModularCGPubSub_A1_A2_profile.java
-rw-rw-r-- 1 travis travis  3790 Sep 23 02:19 ModularCGPubSub_A1.class
-rw-rw-r-- 1 travis travis  9836 Sep 23 02:19 ModularCGPubSub_A1.java
-rw-rw-r-- 1 travis travis   856 Sep 23 02:19 ModularCGPubSub_A1.mk
-rw-rw-r-- 1 travis travis  1346 Sep 23 02:19 ModularCGPubSub_A1_profile.class
-rw-rw-r-- 1 travis travis  1388 Sep 23 02:19 ModularCGPubSub_A1_profile.java
-rw-rw-r-- 1 travis travis  4272 Sep 23 02:19 ModularCodeGen2_ModularCodeGenTypedCompositeActor_ModularCodeGenTypedCompositeActor.class
-rw-rw-r-- 1 travis travis 11790 Sep 23 02:19 ModularCodeGen2_ModularCodeGenTypedCompositeActor_ModularCodeGenTypedCompositeActor.java
-rw-rw-r-- 1 travis travis  1376 Sep 23 02:19 ModularCodeGen2_ModularCodeGenTypedCompositeActor_ModularCodeGenTypedCompositeActor.mk
-rw-rw-r-- 1 travis travis  1421 Sep 23 02:19 ModularCodeGen2_ModularCodeGenTypedCompositeActor_ModularCodeGenTypedCompositeActor_profile.class
-rw-rw-r-- 1 travis travis  1294 Sep 23 02:19 ModularCodeGen2_ModularCodeGenTypedCompositeActor_ModularCodeGenTypedCompositeActor_profile.java
-rw-rw-r-- 1 travis travis   693 Sep 23 02:19 ModularCodeGen2_ModularCodeGenTypedCompositeActor_profile.java
-rw-rw-r-- 1 travis travis  3954 Sep 23 02:19 ModularCodeGen_ModularCodeGenTypedCompositeActor.class
-rw-rw-r-- 1 travis travis 10970 Sep 23 02:19 ModularCodeGen_ModularCodeGenTypedCompositeActor.java
-rw-rw-r-- 1 travis travis  1096 Sep 23 02:19 ModularCodeGen_ModularCodeGenTypedCompositeActor.mk
-rw-rw-r-- 1 travis travis  1384 Sep 23 02:19 ModularCodeGen_ModularCodeGenTypedCompositeActor_profile.class
In "/home/travis/cg", about to execute:
    javac -classpath
.:/home/travis/build/icyphy/ptII:/home/travis/build/icyphy/ptII/lib/bsh-2.0b4.j
ar:/home/travis/build/icyphy/ptII/lib/ptCal.jar:/home/travis/build/icyphy/ptII/
lib/java_cup.jar:/home/travis/build/icyphy/ptII/lib/saxon8.jar:/home/travis/bui
ld/icyphy/ptII/lib/saxon8-dom.jar:/home/travis/build/icyphy/ptII/lib/chic.jar:/
home/travis/build/icyphy/ptII/lib/ptcolt.jar:/usr/lib/jvm/java-8-oracle/lib/too
ls.jar:/usr/lib/eclipse/plugins/org.eclipse.jdt.core_3.8.2.dist.jar:/usr/lib/ec
lipse/plugins/org.eclipse.core.runtime_3.8.0.dist.jar:/usr/lib/eclipse/plugins/
org.eclipse.osgi_3.8.1.dist.jar:/usr/lib/eclipse/plugins/org.eclipse.core.resou
rces_3.8.1.dist.jar:/usr/lib/eclipse/plugins/org.eclipse.equinox.common_3.6.100
.dist.jar:/usr/lib/eclipse/plugins/org.eclipse.core.jobs_3.5.200.dist.jar:/usr/
lib/eclipse/plugins/org.eclipse.core.contenttype_3.4.200.dist.jar:/usr/lib/ecli
pse/plugins/org.eclipse.equinox.preferences_3.5.0.dist.jar:/usr/lib/eclipse/plu
gins/org.eclipse.text_3.5.200.dist.jar:/usr/lib/eclipse/plugins/org.eclipse.ui.
workbench_3.8.1.dist.jar:/usr/lib/eclipse/plugins/org.eclipse.jface_3.8.0.dist.
jar:/usr/lib/eclipse/plugins/org.eclipse.swt_3.8.2.jar:/usr/lib/eclipse/plugins
/org.eclipse.jface.text_3.8.1.dist.jar:/usr/lib/eclipse/plugins/org.eclipse.ui.
workbench.texteditor_3.8.0.dist.jar:/usr/lib/eclipse/plugins/org.eclipse.ui.edi
tors_3.8.0.dist.jar:/usr/lib/eclipse/plugins/org.eclipse.core.commands_3.6.1.di
st.jar:/usr/lib/eclipse/plugins/org.eclipse.equinox.registry_3.5.200.dist.jar:/
usr/lib/eclipse/plugins/org.eclipse.ui.console_3.5.100.dist.jar:/usr/lib/eclips
e/plugins/org.eclipse.ui.forms_3.5.200.dist.jar:/usr/lib/eclipse/plugins/org.ec
lipse.ui.ide_3.8.1.dist.jar:/home/travis/build/icyphy/ptII/vendors/oracle/dbxml
.jar:/home/travis/build/icyphy/ptII/vendors/oracle/db.jar:/home/travis/build/ic
yphy/ptII/vendors/misc/itext/iText.jar:/home/travis/build/icyphy/ptII/lib/g4ltl
.jar:/home/travis/build/icyphy/ptII/lib/StructuralCoder.jar:/home/travis/build/
icyphy/ptII/lib/org-openide-util.jar:/home/travis/build/icyphy/ptII/lib/org-ope
nide-util-lookup.jar:/home/travis/build/icyphy/ptII/lib/org-netbeans-api-visual
.jar:/home/travis/build/icyphy/ptII/vendors/jai-1_1_2_01/lib/jai_core.jar:/home
/travis/build/icyphy/ptII/vendors/jai-1_1_2_01/lib/jai_codec.jar:/home/travis/b
uild/icyphy/ptII/lib/jcerti.jar:/home/travis/build/icyphy/ptII/lib/smack.jar:/h
ome/travis/build/icyphy/ptII/lib/smackx.jar:/home/travis/build/icyphy/ptII/lib/
jetty-all-8.1.5-v20120716.jar:/home/travis/build/icyphy/ptII/lib/javax.servlet-
api-3.0.1.jar:/home/travis/build/icyphy/ptII/lib/javax.mail.jar:/home/travis/bu
ild/icyphy/ptII/vendors/JMF-2.1.1e/lib/jmf.jar:/home/travis/build/icyphy/ptII/l
ib/jna-4.0.0-variadic.jar:/home/travis/build/icyphy/ptII/vendors/misc/joystick/
Joystick.jar:/home/travis/build/icyphy/ptII/lib/ptjacl.jar:/home/travis/build/i
cyphy/ptII/lib/jsoup-1.8.2.jar:/home/travis/build/icyphy/ptII/lib/junit-4.8.2.j
ar:/home/travis/build/icyphy/ptII/lib/JUnitParams-0.4.0.jar:/home/travis/build/
icyphy/ptII/ptolemy/actor/lib/excel/jxl.jar:/home/travis/build/icyphy/ptII/lib/
jython.jar:/home/travis/build/icyphy/ptII/lib/kieler.jar:/home/travis/build/icy
phy/ptII/vendors/opencv/share/OpenCV/java/opencv-341.jar:/home/travis/build/icy
phy/ptII/lib/oscP5.jar:/home/travis/build/icyphy/ptII/lib/nrjavaserial-3.11.0.d
evel.jar:/home/travis/build/icyphy/ptII/vendors/j3d/lib/j3dcore.jar:/home/travi
s/build/icyphy/ptII/vendors/j3d/lib/j3dutils.jar:/home/travis/build/icyphy/ptII
/vendors/j3d/lib/vecmath.jar:/home/travis/build/icyphy/ptII/ptolemy/distributed
/jini/jar/jini-core.jar:/home/travis/build/icyphy/ptII/ptolemy/distributed/jini
/jar/jini-ext.jar:/home/travis/build/icyphy/ptII/ptolemy/distributed/jini/jar/s
un-util.jar:/home/travis/build/icyphy/ptII/lib/protobuf-java-2.4.1.jar:/home/tr
avis/build/icyphy/ptII/lib/org.eclipse.paho.client.mqttv3.jar:/home/travis/buil
d/icyphy/ptII/ptserver/lib/hessian-4.0.7.jar:/home/travis/build/icyphy/ptII/pts
erver/lib/wmqtt.jar:/home/travis/build/icyphy/ptII/lib/mapss.jar:/home/travis/b
uild/icyphy/ptII/ptolemy/actor/ptalon/antlr/antlr.jar:/home/travis/build/icyphy
/ptII/lib/JRI.jar:/home/travis/build/icyphy/ptII/lib/commons-lang-2.6.jar:/home
/travis/build/icyphy/ptII/lib/commons-logging-1.1.1.jar:/home/travis/build/icyp
hy/ptII/lib/sootclasses.jar:/home/travis/build/icyphy/ptII/ptolemy/actor/lib/da
tabase/mysql-connector-java-5.1.6-bin.jar:/home/travis/build/icyphy/ptII/vendor
s/misc/sphinx4/sphinx4-data-5prealpha.jar:/home/travis/build/icyphy/ptII/vendor
s/misc/sphinx4/sphinx4-core-5prealpha.jar:/home/travis/build/icyphy/ptII/lib/PD
FRenderer.jar:/home/travis/build/icyphy/ptII/lib/svgSalamander.jar:/home/travis
/build/icyphy/ptII/lib/rsyntaxtextarea-2.6.0-SNAPSHOT.jar:/home/travis/build/ic
yphy/ptII/lib/hazelcast-3.8.2.jar:/home/travis/build/icyphy/ptII/lib/jackson-an
notations-2.9.0.jar:/home/travis/build/icyphy/ptII/lib/jackson-core-2.9.3.jar:/
home/travis/build/icyphy/ptII/lib/jackson-databind-2.9.3.jar:/home/travis/build
/icyphy/ptII/lib/netty-buffer-4.1.19.Final.jar:/home/travis/build/icyphy/ptII/l
ib/netty-codec-4.1.19.Final.jar:/home/travis/build/icyphy/ptII/lib/netty-codec-
dns-4.1.19.Final.jar:/home/travis/build/icyphy/ptII/lib/netty-codec-http-4.1.19
.Final.jar:/home/travis/build/icyphy/ptII/lib/netty-codec-http2-4.1.19.Final.ja
r:/home/travis/build/icyphy/ptII/lib/netty-common-4.1.19.Final.jar:/home/travis
/build/icyphy/ptII/lib/netty-handler-4.1.19.Final.jar:/home/travis/build/icyphy
/ptII/lib/netty-resolver-4.1.19.Final.jar:/home/travis/build/icyphy/ptII/lib/ne
tty-resolver-dns-4.1.19.Final.jar:/home/travis/build/icyphy/ptII/lib/netty-tran
sport-4.1.19.Final.jar:/home/travis/build/icyphy/ptII/lib/vertx-codegen-3.5.1.j
ar:/home/travis/build/icyphy/ptII/lib/vertx-core-3.5.2-SNAPSHOT.jar:/home/travi
s/build/icyphy/ptII/lib/vertx-hazelcast-3.5.1.jar:/home/travis/build/icyphy/ptI
I/lib/vertx-lang-js-3.5.1.jar:/home/travis/build/icyphy/ptII/lib/vertx-service-
proxy-3.5.1.jar:/home/travis/build/icyphy/ptII/lib/vertx-web-3.5.1.jar:/home/tr
avis/build/icyphy/ptII/lib/slf4j-api-1.7.13.jar:/home/travis/build/icyphy/ptII/
lib/slf4j-simple-1.7.13.jar:/home/travis/build/icyphy/ptII/lib/webcam-capture-0
.3.12.jar:/home/travis/build/icyphy/ptII/lib/bridj-0.7.0.jar:/home/travis/build
/icyphy/ptII/lib/xbjlib-1.1.0.nrjavaserial.jar:/home/travis/build/icyphy/ptII/p
tolemy/moml/test:/home/travis/build/icyphy/ptII/ant/lib/ant-launcher.jar:/home/
travis/build/icyphy/ptII/ant/lib/ant.jar:/home/travis/build/icyphy/ptII/ant/lib
/ant-junit.jar:/home/travis/build/icyphy/ptII/ant/lib/ant-junit4.jar:/home/trav
is/build/icyphy/ptII
ModularCodeGen2_ModularCodeGenTypedCompositeActor_profile.java
-rw-rw-r-- 1 travis travis  1328 Sep 23 02:19 ModularCodeGen_ModularCodeGenTypedCompositeActor_profile.java
-rw-rw-r-- 1 travis travis  3492 Sep 23 02:19 ModularCodeGenTest_A1_A2.class
-rw-rw-r-- 1 travis travis  9164 Sep 23 02:18 ModularCodeGenTest_A1_A2.java
-rw-rw-r-- 1 travis travis   904 Sep 23 02:18 ModularCodeGenTest_A1_A2.mk
-rw-rw-r-- 1 travis travis  1306 Sep 23 02:18 ModularCodeGenTest_A1_A2_profile.class
-rw-rw-r-- 1 travis travis  1228 Sep 23 02:18 ModularCodeGenTest_A1_A2_profile.java
-rw-rw-r-- 1 travis travis  3823 Sep 23 02:19 ModularCodeGenTest_A1.class
-rw-rw-r-- 1 travis travis  9968 Sep 23 02:19 ModularCodeGenTest_A1.java
-rw-rw-r-- 1 travis travis   880 Sep 23 02:19 ModularCodeGenTest_A1.mk
-rw-rw-r-- 1 travis travis  1352 Sep 23 02:19 ModularCodeGenTest_A1_profile.class
-rw-rw-r-- 1 travis travis  1394 Sep 23 02:19 ModularCodeGenTest_A1_profile.java
-rw-rw-r-- 1 travis travis   432 Sep 23 02:19 Token.class
-rw-rw-r-- 1 travis travis   251 Sep 23 02:19 Token.java
warning: Supported source version 'RELEASE_6' from annotation processor 'org.netbeans.modules.openide.util.NbBundleProcessor' less than -source '1.8'
warning: Supported source version 'RELEASE_6' from annotation processor 'org.netbeans.modules.openide.util.URLStreamHandlerRegistrationProcessor' less than -source '1.8'
warning: Supported source version 'RELEASE_6' from annotation processor 'org.netbeans.modules.openide.util.ServiceProviderProcessor' less than -source '1.8'
3 warnings
All Done
Writing ModularCodeGen2_ModularCodeGenTypedCompositeActor.java in file:/home/travis/cg/ (11690 characters)
Reading "ptolemy/cg/kernel/generic/program/procedural/java/modular/makefile.in",
    writing "/home/travis/cg/ModularCodeGen2_ModularCodeGenTypedCompositeActor.mk"
Using ptolemy/cg/kernel/generic/program/procedural/java/modular/makefile.in
In "/home/travis/cg", about to execute:
    make -f ModularCodeGen2_ModularCodeGenTypedCompositeActor.mk
javac -classpath ".:.."    ModularCodeGen2_ModularCodeGenTypedCompositeActor.java
All Done
5111 ms. Memory: 296960K Free: 70550K (24%)
----------------- Invoking toplevel() on ptolemy.moml.MoMLSimpleApplication@5e25c454
----------------- Done invoking toplevel() on ptolemy.moml.MoMLSimpleApplication@5e25c454
reloadAllAccessors: .ModularCodeGen2

===========================================================================================
----------------- testing Sun Sep 23 02:19:37 UTC 2018 /home/travis/build/icyphy/ptII/ptolemy/cg/lib/test/auto/ModularCodeGen3.xml
----------------- Instantiating /home/travis/build/icyphy/ptII/ptolemy/cg/lib/test/auto/ModularCodeGen3.xml
In "/home/travis/cg", about to execute:
    pwd
In "/home/travis/cg", about to execute:
    ls -l
/home/travis/cg
In "/home/travis/cg", about to execute:
    javac -classpath
.:/home/travis/build/icyphy/ptII:/home/travis/build/icyphy/ptII/lib/bsh-2.0b4.j
ar:/home/travis/build/icyphy/ptII/lib/ptCal.jar:/home/travis/build/icyphy/ptII/
lib/java_cup.jar:/home/travis/build/icyphy/ptII/lib/saxon8.jar:/home/travis/bui
ld/icyphy/ptII/lib/saxon8-dom.jar:/home/travis/build/icyphy/ptII/lib/chic.jar:/
home/travis/build/icyphy/ptII/lib/ptcolt.jar:/usr/lib/jvm/java-8-oracle/lib/too
ls.jar:/usr/lib/eclipse/plugins/org.eclipse.jdt.core_3.8.2.dist.jar:/usr/lib/ec
lipse/plugins/org.eclipse.core.runtime_3.8.0.dist.jar:/usr/lib/eclipse/plugins/
org.eclipse.osgi_3.8.1.dist.jar:/usr/lib/eclipse/plugins/org.eclipse.core.resou
rces_3.8.1.dist.jar:/usr/lib/eclipse/plugins/org.eclipse.equinox.common_3.6.100
.dist.jar:/usr/lib/eclipse/plugins/org.eclipse.core.jobs_3.5.200.dist.jar:/usr/
lib/eclipse/plugins/org.eclipse.core.contenttype_3.4.200.dist.jar:/usr/lib/ecli
pse/plugins/org.eclipse.equinox.preferences_3.5.0.dist.jar:/usr/lib/eclipse/plu
gins/org.eclipse.text_3.5.200.dist.jar:/usr/lib/eclipse/plugins/org.eclipse.ui.
workbench_3.8.1.dist.jar:/usr/lib/eclipse/plugins/org.eclipse.jface_3.8.0.dist.
jar:/usr/lib/eclipse/plugins/org.eclipse.swt_3.8.2.jar:/usr/lib/eclipse/plugins
/org.eclipse.jface.text_3.8.1.dist.jar:/usr/lib/eclipse/plugins/org.eclipse.ui.
workbench.texteditor_3.8.0.dist.jar:/usr/lib/eclipse/plugins/org.eclipse.ui.edi
tors_3.8.0.dist.jar:/usr/lib/eclipse/plugins/org.eclipse.core.commands_3.6.1.di
st.jar:/usr/lib/eclipse/plugins/org.eclipse.equinox.registry_3.5.200.dist.jar:/
usr/lib/eclipse/plugins/org.eclipse.ui.console_3.5.100.dist.jar:/usr/lib/eclips
e/plugins/org.eclipse.ui.forms_3.5.200.dist.jar:/usr/lib/eclipse/plugins/org.ec
lipse.ui.ide_3.8.1.dist.jar:/home/travis/build/icyphy/ptII/vendors/oracle/dbxml
.jar:/home/travis/build/icyphy/ptII/vendors/oracle/db.jar:/home/travis/build/ic
yphy/ptII/vendors/misc/itext/iText.jar:/home/travis/build/icyphy/ptII/lib/g4ltl
.jar:/home/travis/build/icyphy/ptII/lib/StructuralCoder.jar:/home/travis/build/
icyphy/ptII/lib/org-openide-util.jar:/home/travis/build/icyphy/ptII/lib/org-ope
nide-util-lookup.jar:/home/travis/build/icyphy/ptII/lib/org-netbeans-api-visual
.jar:/home/travis/build/icyphy/ptII/vendors/jai-1_1_2_01/lib/jai_core.jar:/home
/travis/build/icyphy/ptII/vendors/jai-1_1_2_01/lib/jai_codec.jar:/home/travis/b
uild/icyphy/ptII/lib/jcerti.jar:/home/travis/build/icyphy/ptII/lib/smack.jar:/h
ome/travis/build/icyphy/ptII/lib/smackx.jar:/home/travis/build/icyphy/ptII/lib/
jetty-all-8.1.5-v20120716.jar:/home/travis/build/icyphy/ptII/lib/javax.servlet-
api-3.0.1.jar:/home/travis/build/icyphy/ptII/lib/javax.mail.jar:/home/travis/bu
ild/icyphy/ptII/vendors/JMF-2.1.1e/lib/jmf.jar:/home/travis/build/icyphy/ptII/l
ib/jna-4.0.0-variadic.jar:/home/travis/build/icyphy/ptII/vendors/misc/joystick/
Joystick.jar:/home/travis/build/icyphy/ptII/lib/ptjacl.jar:/home/travis/build/i
cyphy/ptII/lib/jsoup-1.8.2.jar:/home/travis/build/icyphy/ptII/lib/junit-4.8.2.j
ar:/home/travis/build/icyphy/ptII/lib/JUnitParams-0.4.0.jar:/home/travis/build/
icyphy/ptII/ptolemy/actor/lib/excel/jxl.jar:/home/travis/build/icyphy/ptII/lib/
jython.jar:/home/travis/build/icyphy/ptII/lib/kieler.jar:/home/travis/build/icy
phy/ptII/vendors/opencv/share/OpenCV/java/opencv-341.jar:/home/travis/build/icy
phy/ptII/lib/oscP5.jar:/home/travis/build/icyphy/ptII/lib/nrjavaserial-3.11.0.d
evel.jar:/home/travis/build/icyphy/ptII/vendors/j3d/lib/j3dcore.jar:/home/travi
s/build/icyphy/ptII/vendors/j3d/lib/j3dutils.jar:/home/travis/build/icyphy/ptII
/vendors/j3d/lib/vecmath.jar:/home/travis/build/icyphy/ptII/ptolemy/distributed
/jini/jar/jini-core.jar:/home/travis/build/icyphy/ptII/ptolemy/distributed/jini
/jar/jini-ext.jar:/home/travis/build/icyphy/ptII/ptolemy/distributed/jini/jar/s
un-util.jar:/home/travis/build/icyphy/ptII/lib/protobuf-java-2.4.1.jar:/home/tr
avis/build/icyphy/ptII/lib/org.eclipse.paho.client.mqttv3.jar:/home/travis/buil
d/icyphy/ptII/ptserver/lib/hessian-4.0.7.jar:/home/travis/build/icyphy/ptII/pts
erver/lib/wmqtt.jar:/home/travis/build/icyphy/ptII/lib/mapss.jar:/home/travis/b
uild/icyphy/ptII/ptolemy/actor/ptalon/antlr/antlr.jar:/home/travis/build/icyphy
/ptII/lib/JRI.jar:/home/travis/build/icyphy/ptII/lib/commons-lang-2.6.jar:/home
/travis/build/icyphy/ptII/lib/commons-logging-1.1.1.jar:/home/travis/build/icyp
hy/ptII/lib/sootclasses.jar:/home/travis/build/icyphy/ptII/ptolemy/actor/lib/da
tabase/mysql-connector-java-5.1.6-bin.jar:/home/travis/build/icyphy/ptII/vendor
s/misc/sphinx4/sphinx4-data-5prealpha.jar:/home/travis/build/icyphy/ptII/vendor
s/misc/sphinx4/sphinx4-core-5prealpha.jar:/home/travis/build/icyphy/ptII/lib/PD
FRenderer.jar:/home/travis/build/icyphy/ptII/lib/svgSalamander.jar:/home/travis
/build/icyphy/ptII/lib/rsyntaxtextarea-2.6.0-SNAPSHOT.jar:/home/travis/build/ic
yphy/ptII/lib/hazelcast-3.8.2.jar:/home/travis/build/icyphy/ptII/lib/jackson-an
notations-2.9.0.jar:/home/travis/build/icyphy/ptII/lib/jackson-core-2.9.3.jar:/
home/travis/build/icyphy/ptII/lib/jackson-databind-2.9.3.jar:/home/travis/build
/icyphy/ptII/lib/netty-buffer-4.1.19.Final.jar:/home/travis/build/icyphy/ptII/l
ib/netty-codec-4.1.19.Final.jar:/home/travis/build/icyphy/ptII/lib/netty-codec-
dns-4.1.19.Final.jar:/home/travis/build/icyphy/ptII/lib/netty-codec-http-4.1.19
.Final.jar:/home/travis/build/icyphy/ptII/lib/netty-codec-http2-4.1.19.Final.ja
r:/home/travis/build/icyphy/ptII/lib/netty-common-4.1.19.Final.jar:/home/travis
/build/icyphy/ptII/lib/netty-handler-4.1.19.Final.jar:/home/travis/build/icyphy
/ptII/lib/netty-resolver-4.1.19.Final.jar:/home/travis/build/icyphy/ptII/lib/ne
tty-resolver-dns-4.1.19.Final.jar:/home/travis/build/icyphy/ptII/lib/netty-tran
sport-4.1.19.Final.jar:/home/travis/build/icyphy/ptII/lib/vertx-codegen-3.5.1.j
ar:/home/travis/build/icyphy/ptII/lib/vertx-core-3.5.2-SNAPSHOT.jar:/home/travi
s/build/icyphy/ptII/lib/vertx-hazelcast-3.5.1.jar:/home/travis/build/icyphy/ptI
I/lib/vertx-lang-js-3.5.1.jar:/home/travis/build/icyphy/ptII/lib/vertx-service-
proxy-3.5.1.jar:/home/travis/build/icyphy/ptII/lib/vertx-web-3.5.1.jar:/home/tr
avis/build/icyphy/ptII/lib/slf4j-api-1.7.13.jar:/home/travis/build/icyphy/ptII/
lib/slf4j-simple-1.7.13.jar:/home/travis/build/icyphy/ptII/lib/webcam-capture-0
.3.12.jar:/home/travis/build/icyphy/ptII/lib/bridj-0.7.0.jar:/home/travis/build
/icyphy/ptII/lib/xbjlib-1.1.0.nrjavaserial.jar:/home/travis/build/icyphy/ptII/p
tolemy/moml/test:/home/travis/build/icyphy/ptII/ant/lib/ant-launcher.jar:/home/
travis/build/icyphy/ptII/ant/lib/ant.jar:/home/travis/build/icyphy/ptII/ant/lib
/ant-junit.jar:/home/travis/build/icyphy/ptII/ant/lib/ant-junit4.jar:/home/trav
is/build/icyphy/ptII ModularCodeGen3_A1_B1_profile.java
total 544
-rw-rw-r-- 1 travis travis  4895 Sep 23 02:19 CompiledCompositeActor_CompiledCompositeActor.class
-rw-rw-r-- 1 travis travis  1592 Sep 23 02:19 CompiledCompositeActor_CompiledCompositeActor$_CompiledCompositeActor_CompiledCompositeActor.class
-rw-rw-r-- 1 travis travis 13466 Sep 23 02:19 CompiledCompositeActor_CompiledCompositeActor.java
-rw-rw-r-- 1 travis travis  1593 Sep 23 02:19 CompiledCompositeActor_CompiledCompositeActor.mk
-rw-rw-r-- 1 travis travis  4457 Sep 23 02:19 JavaCompiledCompositeTest1_CompiledCompositeActor.class
-rw-rw-r-- 1 travis travis 11637 Sep 23 02:19 JavaCompiledCompositeTest1_CompiledCompositeActor.java
-rw-rw-r-- 1 travis travis  1198 Sep 23 02:19 JavaCompiledCompositeTest1_CompiledCompositeActor$_JavaCompiledCompositeTest1_CompiledCompositeActor.class
-rw-rw-r-- 1 travis travis  1625 Sep 23 02:19 JavaCompiledCompositeTest1_CompiledCompositeActor.mk
-rw-rw-r-- 1 travis travis  4888 Sep 23 02:19 JavaCompiledCompositeTest2_CompiledCompositeActor.class
-rw-rw-r-- 1 travis travis 14919 Sep 23 02:19 JavaCompiledCompositeTest2_CompiledCompositeActor.java
-rw-rw-r-- 1 travis travis  1793 Sep 23 02:19 JavaCompiledCompositeTest2_CompiledCompositeActor$_JavaCompiledCompositeTest2_CompiledCompositeActor.class
-rw-rw-r-- 1 travis travis  1625 Sep 23 02:19 JavaCompiledCompositeTest2_CompiledCompositeActor.mk
-rw-rw-r-- 1 travis travis  4505 Sep 23 02:19 JavaCompiledCompositeTest3_CompiledCompositeActor.class
-rw-rw-r-- 1 travis travis 13080 Sep 23 02:19 JavaCompiledCompositeTest3_CompiledCompositeActor.java
-rw-rw-r-- 1 travis travis  1378 Sep 23 02:19 JavaCompiledCompositeTest3_CompiledCompositeActor$_JavaCompiledCompositeTest3_CompiledCompositeActor.class
-rw-rw-r-- 1 travis travis  1625 Sep 23 02:19 JavaCompiledCompositeTest3_CompiledCompositeActor.mk
-rw-rw-r-- 1 travis travis  3953 Sep 23 02:19 JavaCompiledCompositeTest4_CompiledCompositeActor.class
-rw-rw-r-- 1 travis travis  9687 Sep 23 02:19 JavaCompiledCompositeTest4_CompiledCompositeActor.java
-rw-rw-r-- 1 travis travis   857 Sep 23 02:19 JavaCompiledCompositeTest4_CompiledCompositeActor$_JavaCompiledCompositeTest4_CompiledCompositeActor.class
-rw-rw-r-- 1 travis travis  1625 Sep 23 02:19 JavaCompiledCompositeTest4_CompiledCompositeActor.mk
-rw-rw-r-- 1 travis travis  3693 Sep 23 02:19 ModularCG_A1_B1.class
-rw-rw-r-- 1 travis travis  9730 Sep 23 02:19 ModularCG_A1_B1.java
-rw-rw-r-- 1 travis travis   832 Sep 23 02:19 ModularCG_A1_B1.mk
-rw-rw-r-- 1 travis travis  1318 Sep 23 02:19 ModularCG_A1_B1_profile.class
-rw-rw-r-- 1 travis travis  1262 Sep 23 02:19 ModularCG_A1_B1_profile.java
-rw-rw-r-- 1 travis travis  3693 Sep 23 02:19 ModularCG_A1_B2.class
-rw-rw-r-- 1 travis travis  9730 Sep 23 02:19 ModularCG_A1_B2.java
-rw-rw-r-- 1 travis travis   832 Sep 23 02:19 ModularCG_A1_B2.mk
-rw-rw-r-- 1 travis travis  1318 Sep 23 02:19 ModularCG_A1_B2_profile.class
-rw-rw-r-- 1 travis travis  1262 Sep 23 02:19 ModularCG_A1_B2_profile.java
-rw-rw-r-- 1 travis travis  4799 Sep 23 02:19 ModularCG_A1.class
-rw-rw-r-- 1 travis travis 14742 Sep 23 02:19 ModularCG_A1.java
-rw-rw-r-- 1 travis travis   808 Sep 23 02:19 ModularCG_A1.mk
-rw-rw-r-- 1 travis travis  1433 Sep 23 02:19 ModularCG_A1_profile.class
-rw-rw-r-- 1 travis travis  1704 Sep 23 02:19 ModularCG_A1_profile.java
-rw-rw-r-- 1 travis travis  3827 Sep 23 02:19 ModularCG_A2_B1.class
-rw-rw-r-- 1 travis travis 10667 Sep 23 02:19 ModularCG_A2_B1.java
-rw-rw-r-- 1 travis travis   832 Sep 23 02:19 ModularCG_A2_B1.mk
-rw-rw-r-- 1 travis travis  1381 Sep 23 02:19 ModularCG_A2_B1_profile.class
-rw-rw-r-- 1 travis travis  1446 Sep 23 02:19 ModularCG_A2_B1_profile.java
-rw-rw-r-- 1 travis travis  3693 Sep 23 02:19 ModularCG_A2_B2.class
-rw-rw-r-- 1 travis travis  9730 Sep 23 02:19 ModularCG_A2_B2.java
-rw-rw-r-- 1 travis travis   832 Sep 23 02:19 ModularCG_A2_B2.mk
-rw-rw-r-- 1 travis travis  1318 Sep 23 02:19 ModularCG_A2_B2_profile.class
-rw-rw-r-- 1 travis travis  1262 Sep 23 02:19 ModularCG_A2_B2_profile.java
-rw-rw-r-- 1 travis travis  4870 Sep 23 02:19 ModularCG_A2.class
-rw-rw-r-- 1 travis travis 15129 Sep 23 02:19 ModularCG_A2.java
-rw-rw-r-- 1 travis travis   808 Sep 23 02:19 ModularCG_A2.mk
-rw-rw-r-- 1 travis travis  1433 Sep 23 02:19 ModularCG_A2_profile.class
-rw-rw-r-- 1 travis travis  1704 Sep 23 02:19 ModularCG_A2_profile.java
-rw-rw-r-- 1 travis travis  3473 Sep 23 02:19 ModularCGPubSub_A1_A2.class
-rw-rw-r-- 1 travis travis  9076 Sep 23 02:19 ModularCGPubSub_A1_A2.java
-rw-rw-r-- 1 travis travis   880 Sep 23 02:19 ModularCGPubSub_A1_A2.mk
-rw-rw-r-- 1 travis travis  1300 Sep 23 02:19 ModularCGPubSub_A1_A2_profile.class
-rw-rw-r-- 1 travis travis  1222 Sep 23 02:19 ModularCGPubSub_A1_A2_profile.java
-rw-rw-r-- 1 travis travis  3790 Sep 23 02:19 ModularCGPubSub_A1.class
-rw-rw-r-- 1 travis travis  9836 Sep 23 02:19 ModularCGPubSub_A1.java
-rw-rw-r-- 1 travis travis   856 Sep 23 02:19 ModularCGPubSub_A1.mk
-rw-rw-r-- 1 travis travis  1346 Sep 23 02:19 ModularCGPubSub_A1_profile.class
-rw-rw-r-- 1 travis travis  1388 Sep 23 02:19 ModularCGPubSub_A1_profile.java
-rw-rw-r-- 1 travis travis  3988 Sep 23 02:19 ModularCodeGen2_ModularCodeGenTypedCompositeActor.class
-rw-rw-r-- 1 travis travis 11690 Sep 23 02:19 ModularCodeGen2_ModularCodeGenTypedCompositeActor.java
-rw-rw-r-- 1 travis travis  1104 Sep 23 02:19 ModularCodeGen2_ModularCodeGenTypedCompositeActor.mk
-rw-rw-r-- 1 travis travis  4272 Sep 23 02:19 ModularCodeGen2_ModularCodeGenTypedCompositeActor_ModularCodeGenTypedCompositeActor.class
-rw-rw-r-- 1 travis travis 11790 Sep 23 02:19 ModularCodeGen2_ModularCodeGenTypedCompositeActor_ModularCodeGenTypedCompositeActor.java
-rw-rw-r-- 1 travis travis  1376 Sep 23 02:19 ModularCodeGen2_ModularCodeGenTypedCompositeActor_ModularCodeGenTypedCompositeActor.mk
-rw-rw-r-- 1 travis travis  1421 Sep 23 02:19 ModularCodeGen2_ModularCodeGenTypedCompositeActor_ModularCodeGenTypedCompositeActor_profile.class
-rw-rw-r-- 1 travis travis  1294 Sep 23 02:19 ModularCodeGen2_ModularCodeGenTypedCompositeActor_ModularCodeGenTypedCompositeActor_profile.java
-rw-rw-r-- 1 travis travis   820 Sep 23 02:19 ModularCodeGen2_ModularCodeGenTypedCompositeActor_profile.class
-rw-rw-r-- 1 travis travis   693 Sep 23 02:19 ModularCodeGen2_ModularCodeGenTypedCompositeActor_profile.java
-rw-rw-r-- 1 travis travis  1274 Sep 23 02:19 ModularCodeGen3_A1_B1_profile.java
-rw-rw-r-- 1 travis travis  3954 Sep 23 02:19 ModularCodeGen_ModularCodeGenTypedCompositeActor.class
-rw-rw-r-- 1 travis travis 10970 Sep 23 02:19 ModularCodeGen_ModularCodeGenTypedCompositeActor.java
-rw-rw-r-- 1 travis travis  1096 Sep 23 02:19 ModularCodeGen_ModularCodeGenTypedCompositeActor.mk
-rw-rw-r-- 1 travis travis  1384 Sep 23 02:19 ModularCodeGen_ModularCodeGenTypedCompositeActor_profile.class
-rw-rw-r-- 1 travis travis  1328 Sep 23 02:19 ModularCodeGen_ModularCodeGenTypedCompositeActor_profile.java
-rw-rw-r-- 1 travis travis  3492 Sep 23 02:19 ModularCodeGenTest_A1_A2.class
-rw-rw-r-- 1 travis travis  9164 Sep 23 02:18 ModularCodeGenTest_A1_A2.java
-rw-rw-r-- 1 travis travis   904 Sep 23 02:18 ModularCodeGenTest_A1_A2.mk
-rw-rw-r-- 1 travis travis  1306 Sep 23 02:18 ModularCodeGenTest_A1_A2_profile.class
-rw-rw-r-- 1 travis travis  1228 Sep 23 02:18 ModularCodeGenTest_A1_A2_profile.java
-rw-rw-r-- 1 travis travis  3823 Sep 23 02:19 ModularCodeGenTest_A1.class
-rw-rw-r-- 1 travis travis  9968 Sep 23 02:19 ModularCodeGenTest_A1.java
-rw-rw-r-- 1 travis travis   880 Sep 23 02:19 ModularCodeGenTest_A1.mk
-rw-rw-r-- 1 travis travis  1352 Sep 23 02:19 ModularCodeGenTest_A1_profile.class
-rw-rw-r-- 1 travis travis  1394 Sep 23 02:19 ModularCodeGenTest_A1_profile.java
-rw-rw-r-- 1 travis travis   432 Sep 23 02:19 Token.class
-rw-rw-r-- 1 travis travis   251 Sep 23 02:19 Token.java
warning: Supported source version 'RELEASE_6' from annotation processor 'org.netbeans.modules.openide.util.NbBundleProcessor' less than -source '1.8'
warning: Supported source version 'RELEASE_6' from annotation processor 'org.netbeans.modules.openide.util.URLStreamHandlerRegistrationProcessor' less than -source '1.8'
warning: Supported source version 'RELEASE_6' from annotation processor 'org.netbeans.modules.openide.util.ServiceProviderProcessor' less than -source '1.8'
3 warnings
All Done
Writing ModularCodeGen3_A1_B1.java in file:/home/travis/cg/ (9958 characters)
Reading "ptolemy/cg/kernel/generic/program/procedural/java/modular/makefile.in",
    writing "/home/travis/cg/ModularCodeGen3_A1_B1.mk"
Using ptolemy/cg/kernel/generic/program/procedural/java/modular/makefile.in
In "/home/travis/cg", about to execute:
    make -f ModularCodeGen3_A1_B1.mk
javac -classpath ".:.."    ModularCodeGen3_A1_B1.java
All Done
In "/home/travis/cg", about to execute:
    pwd
In "/home/travis/cg", about to execute:
    ls -l
/home/travis/cg
In "/home/travis/cg", about to execute:
    javac -classpath
.:/home/travis/build/icyphy/ptII:/home/travis/build/icyphy/ptII/lib/bsh-2.0b4.j
ar:/home/travis/build/icyphy/ptII/lib/ptCal.jar:/home/travis/build/icyphy/ptII/
lib/java_cup.jar:/home/travis/build/icyphy/ptII/lib/saxon8.jar:/home/travis/bui
ld/icyphy/ptII/lib/saxon8-dom.jar:/home/travis/build/icyphy/ptII/lib/chic.jar:/
home/travis/build/icyphy/ptII/lib/ptcolt.jar:/usr/lib/jvm/java-8-oracle/lib/too
ls.jar:/usr/lib/eclipse/plugins/org.eclipse.jdt.core_3.8.2.dist.jar:/usr/lib/ec
lipse/plugins/org.eclipse.core.runtime_3.8.0.dist.jar:/usr/lib/eclipse/plugins/
org.eclipse.osgi_3.8.1.dist.jar:/usr/lib/eclipse/plugins/org.eclipse.core.resou
rces_3.8.1.dist.jar:/usr/lib/eclipse/plugins/org.eclipse.equinox.common_3.6.100
.dist.jar:/usr/lib/eclipse/plugins/org.eclipse.core.jobs_3.5.200.dist.jar:/usr/
lib/eclipse/plugins/org.eclipse.core.contenttype_3.4.200.dist.jar:/usr/lib/ecli
pse/plugins/org.eclipse.equinox.preferences_3.5.0.dist.jar:/usr/lib/eclipse/plu
gins/org.eclipse.text_3.5.200.dist.jar:/usr/lib/eclipse/plugins/org.eclipse.ui.
workbench_3.8.1.dist.jar:/usr/lib/eclipse/plugins/org.eclipse.jface_3.8.0.dist.
jar:/usr/lib/eclipse/plugins/org.eclipse.swt_3.8.2.jar:/usr/lib/eclipse/plugins
/org.eclipse.jface.text_3.8.1.dist.jar:/usr/lib/eclipse/plugins/org.eclipse.ui.
workbench.texteditor_3.8.0.dist.jar:/usr/lib/eclipse/plugins/org.eclipse.ui.edi
tors_3.8.0.dist.jar:/usr/lib/eclipse/plugins/org.eclipse.core.commands_3.6.1.di
st.jar:/usr/lib/eclipse/plugins/org.eclipse.equinox.registry_3.5.200.dist.jar:/
usr/lib/eclipse/plugins/org.eclipse.ui.console_3.5.100.dist.jar:/usr/lib/eclips
e/plugins/org.eclipse.ui.forms_3.5.200.dist.jar:/usr/lib/eclipse/plugins/org.ec
lipse.ui.ide_3.8.1.dist.jar:/home/travis/build/icyphy/ptII/vendors/oracle/dbxml
.jar:/home/travis/build/icyphy/ptII/vendors/oracle/db.jar:/home/travis/build/ic
yphy/ptII/vendors/misc/itext/iText.jar:/home/travis/build/icyphy/ptII/lib/g4ltl
.jar:/home/travis/build/icyphy/ptII/lib/StructuralCoder.jar:/home/travis/build/
icyphy/ptII/lib/org-openide-util.jar:/home/travis/build/icyphy/ptII/lib/org-ope
nide-util-lookup.jar:/home/travis/build/icyphy/ptII/lib/org-netbeans-api-visual
.jar:/home/travis/build/icyphy/ptII/vendors/jai-1_1_2_01/lib/jai_core.jar:/home
/travis/build/icyphy/ptII/vendors/jai-1_1_2_01/lib/jai_codec.jar:/home/travis/b
uild/icyphy/ptII/lib/jcerti.jar:/home/travis/build/icyphy/ptII/lib/smack.jar:/h
ome/travis/build/icyphy/ptII/lib/smackx.jar:/home/travis/build/icyphy/ptII/lib/
jetty-all-8.1.5-v20120716.jar:/home/travis/build/icyphy/ptII/lib/javax.servlet-
api-3.0.1.jar:/home/travis/build/icyphy/ptII/lib/javax.mail.jar:/home/travis/bu
ild/icyphy/ptII/vendors/JMF-2.1.1e/lib/jmf.jar:/home/travis/build/icyphy/ptII/l
ib/jna-4.0.0-variadic.jar:/home/travis/build/icyphy/ptII/vendors/misc/joystick/
Joystick.jar:/home/travis/build/icyphy/ptII/lib/ptjacl.jar:/home/travis/build/i
cyphy/ptII/lib/jsoup-1.8.2.jar:/home/travis/build/icyphy/ptII/lib/junit-4.8.2.j
ar:/home/travis/build/icyphy/ptII/lib/JUnitParams-0.4.0.jar:/home/travis/build/
icyphy/ptII/ptolemy/actor/lib/excel/jxl.jar:/home/travis/build/icyphy/ptII/lib/
jython.jar:/home/travis/build/icyphy/ptII/lib/kieler.jar:/home/travis/build/icy
phy/ptII/vendors/opencv/share/OpenCV/java/opencv-341.jar:/home/travis/build/icy
phy/ptII/lib/oscP5.jar:/home/travis/build/icyphy/ptII/lib/nrjavaserial-3.11.0.d
evel.jar:/home/travis/build/icyphy/ptII/vendors/j3d/lib/j3dcore.jar:/home/travi
s/build/icyphy/ptII/vendors/j3d/lib/j3dutils.jar:/home/travis/build/icyphy/ptII
/vendors/j3d/lib/vecmath.jar:/home/travis/build/icyphy/ptII/ptolemy/distributed
/jini/jar/jini-core.jar:/home/travis/build/icyphy/ptII/ptolemy/distributed/jini
/jar/jini-ext.jar:/home/travis/build/icyphy/ptII/ptolemy/distributed/jini/jar/s
un-util.jar:/home/travis/build/icyphy/ptII/lib/protobuf-java-2.4.1.jar:/home/tr
avis/build/icyphy/ptII/lib/org.eclipse.paho.client.mqttv3.jar:/home/travis/buil
d/icyphy/ptII/ptserver/lib/hessian-4.0.7.jar:/home/travis/build/icyphy/ptII/pts
erver/lib/wmqtt.jar:/home/travis/build/icyphy/ptII/lib/mapss.jar:/home/travis/b
uild/icyphy/ptII/ptolemy/actor/ptalon/antlr/antlr.jar:/home/travis/build/icyphy
/ptII/lib/JRI.jar:/home/travis/build/icyphy/ptII/lib/commons-lang-2.6.jar:/home
/travis/build/icyphy/ptII/lib/commons-logging-1.1.1.jar:/home/travis/build/icyp
hy/ptII/lib/sootclasses.jar:/home/travis/build/icyphy/ptII/ptolemy/actor/lib/da
tabase/mysql-connector-java-5.1.6-bin.jar:/home/travis/build/icyphy/ptII/vendor
s/misc/sphinx4/sphinx4-data-5prealpha.jar:/home/travis/build/icyphy/ptII/vendor
s/misc/sphinx4/sphinx4-core-5prealpha.jar:/home/travis/build/icyphy/ptII/lib/PD
FRenderer.jar:/home/travis/build/icyphy/ptII/lib/svgSalamander.jar:/home/travis
/build/icyphy/ptII/lib/rsyntaxtextarea-2.6.0-SNAPSHOT.jar:/home/travis/build/ic
yphy/ptII/lib/hazelcast-3.8.2.jar:/home/travis/build/icyphy/ptII/lib/jackson-an
notations-2.9.0.jar:/home/travis/build/icyphy/ptII/lib/jackson-core-2.9.3.jar:/
home/travis/build/icyphy/ptII/lib/jackson-databind-2.9.3.jar:/home/travis/build
/icyphy/ptII/lib/netty-buffer-4.1.19.Final.jar:/home/travis/build/icyphy/ptII/l
ib/netty-codec-4.1.19.Final.jar:/home/travis/build/icyphy/ptII/lib/netty-codec-
dns-4.1.19.Final.jar:/home/travis/build/icyphy/ptII/lib/netty-codec-http-4.1.19
.Final.jar:/home/travis/build/icyphy/ptII/lib/netty-codec-http2-4.1.19.Final.ja
r:/home/travis/build/icyphy/ptII/lib/netty-common-4.1.19.Final.jar:/home/travis
/build/icyphy/ptII/lib/netty-handler-4.1.19.Final.jar:/home/travis/build/icyphy
/ptII/lib/netty-resolver-4.1.19.Final.jar:/home/travis/build/icyphy/ptII/lib/ne
tty-resolver-dns-4.1.19.Final.jar:/home/travis/build/icyphy/ptII/lib/netty-tran
sport-4.1.19.Final.jar:/home/travis/build/icyphy/ptII/lib/vertx-codegen-3.5.1.j
ar:/home/travis/build/icyphy/ptII/lib/vertx-core-3.5.2-SNAPSHOT.jar:/home/travi
s/build/icyphy/ptII/lib/vertx-hazelcast-3.5.1.jar:/home/travis/build/icyphy/ptI
I/lib/vertx-lang-js-3.5.1.jar:/home/travis/build/icyphy/ptII/lib/vertx-service-
proxy-3.5.1.jar:/home/travis/build/icyphy/ptII/lib/vertx-web-3.5.1.jar:/home/tr
avis/build/icyphy/ptII/lib/slf4j-api-1.7.13.jar:/home/travis/build/icyphy/ptII/
lib/slf4j-simple-1.7.13.jar:/home/travis/build/icyphy/ptII/lib/webcam-capture-0
.3.12.jar:/home/travis/build/icyphy/ptII/lib/bridj-0.7.0.jar:/home/travis/build
/icyphy/ptII/lib/xbjlib-1.1.0.nrjavaserial.jar:/home/travis/build/icyphy/ptII/p
tolemy/moml/test:/home/travis/build/icyphy/ptII/ant/lib/ant-launcher.jar:/home/
travis/build/icyphy/ptII/ant/lib/ant.jar:/home/travis/build/icyphy/ptII/ant/lib
/ant-junit.jar:/home/travis/build/icyphy/ptII/ant/lib/ant-junit4.jar:/home/trav
is/build/icyphy/ptII ModularCodeGen3_A1_B2_profile.java
total 572
-rw-rw-r-- 1 travis travis  4895 Sep 23 02:19 CompiledCompositeActor_CompiledCompositeActor.class
-rw-rw-r-- 1 travis travis  1592 Sep 23 02:19 CompiledCompositeActor_CompiledCompositeActor$_CompiledCompositeActor_CompiledCompositeActor.class
-rw-rw-r-- 1 travis travis 13466 Sep 23 02:19 CompiledCompositeActor_CompiledCompositeActor.java
-rw-rw-r-- 1 travis travis  1593 Sep 23 02:19 CompiledCompositeActor_CompiledCompositeActor.mk
-rw-rw-r-- 1 travis travis  4457 Sep 23 02:19 JavaCompiledCompositeTest1_CompiledCompositeActor.class
-rw-rw-r-- 1 travis travis 11637 Sep 23 02:19 JavaCompiledCompositeTest1_CompiledCompositeActor.java
-rw-rw-r-- 1 travis travis  1198 Sep 23 02:19 JavaCompiledCompositeTest1_CompiledCompositeActor$_JavaCompiledCompositeTest1_CompiledCompositeActor.class
-rw-rw-r-- 1 travis travis  1625 Sep 23 02:19 JavaCompiledCompositeTest1_CompiledCompositeActor.mk
-rw-rw-r-- 1 travis travis  4888 Sep 23 02:19 JavaCompiledCompositeTest2_CompiledCompositeActor.class
-rw-rw-r-- 1 travis travis 14919 Sep 23 02:19 JavaCompiledCompositeTest2_CompiledCompositeActor.java
-rw-rw-r-- 1 travis travis  1793 Sep 23 02:19 JavaCompiledCompositeTest2_CompiledCompositeActor$_JavaCompiledCompositeTest2_CompiledCompositeActor.class
-rw-rw-r-- 1 travis travis  1625 Sep 23 02:19 JavaCompiledCompositeTest2_CompiledCompositeActor.mk
-rw-rw-r-- 1 travis travis  4505 Sep 23 02:19 JavaCompiledCompositeTest3_CompiledCompositeActor.class
-rw-rw-r-- 1 travis travis 13080 Sep 23 02:19 JavaCompiledCompositeTest3_CompiledCompositeActor.java
-rw-rw-r-- 1 travis travis  1378 Sep 23 02:19 JavaCompiledCompositeTest3_CompiledCompositeActor$_JavaCompiledCompositeTest3_CompiledCompositeActor.class
-rw-rw-r-- 1 travis travis  1625 Sep 23 02:19 JavaCompiledCompositeTest3_CompiledCompositeActor.mk
-rw-rw-r-- 1 travis travis  3953 Sep 23 02:19 JavaCompiledCompositeTest4_CompiledCompositeActor.class
-rw-rw-r-- 1 travis travis  9687 Sep 23 02:19 JavaCompiledCompositeTest4_CompiledCompositeActor.java
-rw-rw-r-- 1 travis travis   857 Sep 23 02:19 JavaCompiledCompositeTest4_CompiledCompositeActor$_JavaCompiledCompositeTest4_CompiledCompositeActor.class
-rw-rw-r-- 1 travis travis  1625 Sep 23 02:19 JavaCompiledCompositeTest4_CompiledCompositeActor.mk
-rw-rw-r-- 1 travis travis  3693 Sep 23 02:19 ModularCG_A1_B1.class
-rw-rw-r-- 1 travis travis  9730 Sep 23 02:19 ModularCG_A1_B1.java
-rw-rw-r-- 1 travis travis   832 Sep 23 02:19 ModularCG_A1_B1.mk
-rw-rw-r-- 1 travis travis  1318 Sep 23 02:19 ModularCG_A1_B1_profile.class
-rw-rw-r-- 1 travis travis  1262 Sep 23 02:19 ModularCG_A1_B1_profile.java
-rw-rw-r-- 1 travis travis  3693 Sep 23 02:19 ModularCG_A1_B2.class
-rw-rw-r-- 1 travis travis  9730 Sep 23 02:19 ModularCG_A1_B2.java
-rw-rw-r-- 1 travis travis   832 Sep 23 02:19 ModularCG_A1_B2.mk
-rw-rw-r-- 1 travis travis  1318 Sep 23 02:19 ModularCG_A1_B2_profile.class
-rw-rw-r-- 1 travis travis  1262 Sep 23 02:19 ModularCG_A1_B2_profile.java
-rw-rw-r-- 1 travis travis  4799 Sep 23 02:19 ModularCG_A1.class
-rw-rw-r-- 1 travis travis 14742 Sep 23 02:19 ModularCG_A1.java
-rw-rw-r-- 1 travis travis   808 Sep 23 02:19 ModularCG_A1.mk
-rw-rw-r-- 1 travis travis  1433 Sep 23 02:19 ModularCG_A1_profile.class
-rw-rw-r-- 1 travis travis  1704 Sep 23 02:19 ModularCG_A1_profile.java
-rw-rw-r-- 1 travis travis  3827 Sep 23 02:19 ModularCG_A2_B1.class
-rw-rw-r-- 1 travis travis 10667 Sep 23 02:19 ModularCG_A2_B1.java
-rw-rw-r-- 1 travis travis   832 Sep 23 02:19 ModularCG_A2_B1.mk
-rw-rw-r-- 1 travis travis  1381 Sep 23 02:19 ModularCG_A2_B1_profile.class
-rw-rw-r-- 1 travis travis  1446 Sep 23 02:19 ModularCG_A2_B1_profile.java
-rw-rw-r-- 1 travis travis  3693 Sep 23 02:19 ModularCG_A2_B2.class
-rw-rw-r-- 1 travis travis  9730 Sep 23 02:19 ModularCG_A2_B2.java
-rw-rw-r-- 1 travis travis   832 Sep 23 02:19 ModularCG_A2_B2.mk
-rw-rw-r-- 1 travis travis  1318 Sep 23 02:19 ModularCG_A2_B2_profile.class
-rw-rw-r-- 1 travis travis  1262 Sep 23 02:19 ModularCG_A2_B2_profile.java
-rw-rw-r-- 1 travis travis  4870 Sep 23 02:19 ModularCG_A2.class
-rw-rw-r-- 1 travis travis 15129 Sep 23 02:19 ModularCG_A2.java
-rw-rw-r-- 1 travis travis   808 Sep 23 02:19 ModularCG_A2.mk
-rw-rw-r-- 1 travis travis  1433 Sep 23 02:19 ModularCG_A2_profile.class
-rw-rw-r-- 1 travis travis  1704 Sep 23 02:19 ModularCG_A2_profile.java
-rw-rw-r-- 1 travis travis  3473 Sep 23 02:19 ModularCGPubSub_A1_A2.class
-rw-rw-r-- 1 travis travis  9076 Sep 23 02:19 ModularCGPubSub_A1_A2.java
-rw-rw-r-- 1 travis travis   880 Sep 23 02:19 ModularCGPubSub_A1_A2.mk
-rw-rw-r-- 1 travis travis  1300 Sep 23 02:19 ModularCGPubSub_A1_A2_profile.class
-rw-rw-r-- 1 travis travis  1222 Sep 23 02:19 ModularCGPubSub_A1_A2_profile.java
-rw-rw-r-- 1 travis travis  3790 Sep 23 02:19 ModularCGPubSub_A1.class
-rw-rw-r-- 1 travis travis  9836 Sep 23 02:19 ModularCGPubSub_A1.java
-rw-rw-r-- 1 travis travis   856 Sep 23 02:19 ModularCGPubSub_A1.mk
-rw-rw-r-- 1 travis travis  1346 Sep 23 02:19 ModularCGPubSub_A1_profile.class
-rw-rw-r-- 1 travis travis  1388 Sep 23 02:19 ModularCGPubSub_A1_profile.java
-rw-rw-r-- 1 travis travis  3988 Sep 23 02:19 ModularCodeGen2_ModularCodeGenTypedCompositeActor.class
-rw-rw-r-- 1 travis travis 11690 Sep 23 02:19 ModularCodeGen2_ModularCodeGenTypedCompositeActor.java
-rw-rw-r-- 1 travis travis  1104 Sep 23 02:19 ModularCodeGen2_ModularCodeGenTypedCompositeActor.mk
-rw-rw-r-- 1 travis travis  4272 Sep 23 02:19 ModularCodeGen2_ModularCodeGenTypedCompositeActor_ModularCodeGenTypedCompositeActor.class
-rw-rw-r-- 1 travis travis 11790 Sep 23 02:19 ModularCodeGen2_ModularCodeGenTypedCompositeActor_ModularCodeGenTypedCompositeActor.java
-rw-rw-r-- 1 travis travis  1376 Sep 23 02:19 ModularCodeGen2_ModularCodeGenTypedCompositeActor_ModularCodeGenTypedCompositeActor.mk
-rw-rw-r-- 1 travis travis  1421 Sep 23 02:19 ModularCodeGen2_ModularCodeGenTypedCompositeActor_ModularCodeGenTypedCompositeActor_profile.class
-rw-rw-r-- 1 travis travis  1294 Sep 23 02:19 ModularCodeGen2_ModularCodeGenTypedCompositeActor_ModularCodeGenTypedCompositeActor_profile.java
-rw-rw-r-- 1 travis travis   820 Sep 23 02:19 ModularCodeGen2_ModularCodeGenTypedCompositeActor_profile.class
-rw-rw-r-- 1 travis travis   693 Sep 23 02:19 ModularCodeGen2_ModularCodeGenTypedCompositeActor_profile.java
-rw-rw-r-- 1 travis travis  3741 Sep 23 02:19 ModularCodeGen3_A1_B1.class
-rw-rw-r-- 1 travis travis  9958 Sep 23 02:19 ModularCodeGen3_A1_B1.java
-rw-rw-r-- 1 travis travis   880 Sep 23 02:19 ModularCodeGen3_A1_B1.mk
-rw-rw-r-- 1 travis travis  1330 Sep 23 02:19 ModularCodeGen3_A1_B1_profile.class
-rw-rw-r-- 1 travis travis  1274 Sep 23 02:19 ModularCodeGen3_A1_B1_profile.java
-rw-rw-r-- 1 travis travis  1274 Sep 23 02:19 ModularCodeGen3_A1_B2_profile.java
-rw-rw-r-- 1 travis travis  3954 Sep 23 02:19 ModularCodeGen_ModularCodeGenTypedCompositeActor.class
-rw-rw-r-- 1 travis travis 10970 Sep 23 02:19 ModularCodeGen_ModularCodeGenTypedCompositeActor.java
-rw-rw-r-- 1 travis travis  1096 Sep 23 02:19 ModularCodeGen_ModularCodeGenTypedCompositeActor.mk
-rw-rw-r-- 1 travis travis  1384 Sep 23 02:19 ModularCodeGen_ModularCodeGenTypedCompositeActor_profile.class
-rw-rw-r-- 1 travis travis  1328 Sep 23 02:19 ModularCodeGen_ModularCodeGenTypedCompositeActor_profile.java
-rw-rw-r-- 1 travis travis  3492 Sep 23 02:19 ModularCodeGenTest_A1_A2.class
-rw-rw-r-- 1 travis travis  9164 Sep 23 02:18 ModularCodeGenTest_A1_A2.java
-rw-rw-r-- 1 travis travis   904 Sep 23 02:18 ModularCodeGenTest_A1_A2.mk
-rw-rw-r-- 1 travis travis  1306 Sep 23 02:18 ModularCodeGenTest_A1_A2_profile.class
-rw-rw-r-- 1 travis travis  1228 Sep 23 02:18 ModularCodeGenTest_A1_A2_profile.java
-rw-rw-r-- 1 travis travis  3823 Sep 23 02:19 ModularCodeGenTest_A1.class
-rw-rw-r-- 1 travis travis  9968 Sep 23 02:19 ModularCodeGenTest_A1.java
-rw-rw-r-- 1 travis travis   880 Sep 23 02:19 ModularCodeGenTest_A1.mk
-rw-rw-r-- 1 travis travis  1352 Sep 23 02:19 ModularCodeGenTest_A1_profile.class
-rw-rw-r-- 1 travis travis  1394 Sep 23 02:19 ModularCodeGenTest_A1_profile.java
-rw-rw-r-- 1 travis travis   432 Sep 23 02:19 Token.class
-rw-rw-r-- 1 travis travis   251 Sep 23 02:19 Token.java
warning: Supported source version 'RELEASE_6' from annotation processor 'org.netbeans.modules.openide.util.NbBundleProcessor' less than -source '1.8'
warning: Supported source version 'RELEASE_6' from annotation processor 'org.netbeans.modules.openide.util.URLStreamHandlerRegistrationProcessor' less than -source '1.8'
warning: Supported source version 'RELEASE_6' from annotation processor 'org.netbeans.modules.openide.util.ServiceProviderProcessor' less than -source '1.8'
3 warnings
All Done
Writing ModularCodeGen3_A1_B2.java in file:/home/travis/cg/ (9958 characters)
Reading "ptolemy/cg/kernel/generic/program/procedural/java/modular/makefile.in",
    writing "/home/travis/cg/ModularCodeGen3_A1_B2.mk"
Using ptolemy/cg/kernel/generic/program/procedural/java/modular/makefile.in
In "/home/travis/cg", about to execute:
    make -f ModularCodeGen3_A1_B2.mk
javac -classpath ".:.."    ModularCodeGen3_A1_B2.java
All Done
In "/home/travis/cg", about to execute:
    pwd
In "/home/travis/cg", about to execute:
    ls -l
/home/travis/cg
In "/home/travis/cg", about to execute:
    javac -classpath
.:/home/travis/build/icyphy/ptII:/home/travis/build/icyphy/ptII/lib/bsh-2.0b4.j
ar:/home/travis/build/icyphy/ptII/lib/ptCal.jar:/home/travis/build/icyphy/ptII/
lib/java_cup.jar:/home/travis/build/icyphy/ptII/lib/saxon8.jar:/home/travis/bui
ld/icyphy/ptII/lib/saxon8-dom.jar:/home/travis/build/icyphy/ptII/lib/chic.jar:/
home/travis/build/icyphy/ptII/lib/ptcolt.jar:/usr/lib/jvm/java-8-oracle/lib/too
ls.jar:/usr/lib/eclipse/plugins/org.eclipse.jdt.core_3.8.2.dist.jar:/usr/lib/ec
lipse/plugins/org.eclipse.core.runtime_3.8.0.dist.jar:/usr/lib/eclipse/plugins/
org.eclipse.osgi_3.8.1.dist.jar:/usr/lib/eclipse/plugins/org.eclipse.core.resou
rces_3.8.1.dist.jar:/usr/lib/eclipse/plugins/org.eclipse.equinox.common_3.6.100
.dist.jar:/usr/lib/eclipse/plugins/org.eclipse.core.jobs_3.5.200.dist.jar:/usr/
lib/eclipse/plugins/org.eclipse.core.contenttype_3.4.200.dist.jar:/usr/lib/ecli
pse/plugins/org.eclipse.equinox.preferences_3.5.0.dist.jar:/usr/lib/eclipse/plu
gins/org.eclipse.text_3.5.200.dist.jar:/usr/lib/eclipse/plugins/org.eclipse.ui.
workbench_3.8.1.dist.jar:/usr/lib/eclipse/plugins/org.eclipse.jface_3.8.0.dist.
jar:/usr/lib/eclipse/plugins/org.eclipse.swt_3.8.2.jar:/usr/lib/eclipse/plugins
/org.eclipse.jface.text_3.8.1.dist.jar:/usr/lib/eclipse/plugins/org.eclipse.ui.
workbench.texteditor_3.8.0.dist.jar:/usr/lib/eclipse/plugins/org.eclipse.ui.edi
tors_3.8.0.dist.jar:/usr/lib/eclipse/plugins/org.eclipse.core.commands_3.6.1.di
st.jar:/usr/lib/eclipse/plugins/org.eclipse.equinox.registry_3.5.200.dist.jar:/
usr/lib/eclipse/plugins/org.eclipse.ui.console_3.5.100.dist.jar:/usr/lib/eclips
e/plugins/org.eclipse.ui.forms_3.5.200.dist.jar:/usr/lib/eclipse/plugins/org.ec
lipse.ui.ide_3.8.1.dist.jar:/home/travis/build/icyphy/ptII/vendors/oracle/dbxml
.jar:/home/travis/build/icyphy/ptII/vendors/oracle/db.jar:/home/travis/build/ic
yphy/ptII/vendors/misc/itext/iText.jar:/home/travis/build/icyphy/ptII/lib/g4ltl
.jar:/home/travis/build/icyphy/ptII/lib/StructuralCoder.jar:/home/travis/build/
icyphy/ptII/lib/org-openide-util.jar:/home/travis/build/icyphy/ptII/lib/org-ope
nide-util-lookup.jar:/home/travis/build/icyphy/ptII/lib/org-netbeans-api-visual
.jar:/home/travis/build/icyphy/ptII/vendors/jai-1_1_2_01/lib/jai_core.jar:/home
/travis/build/icyphy/ptII/vendors/jai-1_1_2_01/lib/jai_codec.jar:/home/travis/b
uild/icyphy/ptII/lib/jcerti.jar:/home/travis/build/icyphy/ptII/lib/smack.jar:/h
ome/travis/build/icyphy/ptII/lib/smackx.jar:/home/travis/build/icyphy/ptII/lib/
jetty-all-8.1.5-v20120716.jar:/home/travis/build/icyphy/ptII/lib/javax.servlet-
api-3.0.1.jar:/home/travis/build/icyphy/ptII/lib/javax.mail.jar:/home/travis/bu
ild/icyphy/ptII/vendors/JMF-2.1.1e/lib/jmf.jar:/home/travis/build/icyphy/ptII/l
ib/jna-4.0.0-variadic.jar:/home/travis/build/icyphy/ptII/vendors/misc/joystick/
Joystick.jar:/home/travis/build/icyphy/ptII/lib/ptjacl.jar:/home/travis/build/i
cyphy/ptII/lib/jsoup-1.8.2.jar:/home/travis/build/icyphy/ptII/lib/junit-4.8.2.j
ar:/home/travis/build/icyphy/ptII/lib/JUnitParams-0.4.0.jar:/home/travis/build/
icyphy/ptII/ptolemy/actor/lib/excel/jxl.jar:/home/travis/build/icyphy/ptII/lib/
jython.jar:/home/travis/build/icyphy/ptII/lib/kieler.jar:/home/travis/build/icy
phy/ptII/vendors/opencv/share/OpenCV/java/opencv-341.jar:/home/travis/build/icy
phy/ptII/lib/oscP5.jar:/home/travis/build/icyphy/ptII/lib/nrjavaserial-3.11.0.d
evel.jar:/home/travis/build/icyphy/ptII/vendors/j3d/lib/j3dcore.jar:/home/travi
s/build/icyphy/ptII/vendors/j3d/lib/j3dutils.jar:/home/travis/build/icyphy/ptII
/vendors/j3d/lib/vecmath.jar:/home/travis/build/icyphy/ptII/ptolemy/distributed
/jini/jar/jini-core.jar:/home/travis/build/icyphy/ptII/ptolemy/distributed/jini
/jar/jini-ext.jar:/home/travis/build/icyphy/ptII/ptolemy/distributed/jini/jar/s
un-util.jar:/home/travis/build/icyphy/ptII/lib/protobuf-java-2.4.1.jar:/home/tr
avis/build/icyphy/ptII/lib/org.eclipse.paho.client.mqttv3.jar:/home/travis/buil
d/icyphy/ptII/ptserver/lib/hessian-4.0.7.jar:/home/travis/build/icyphy/ptII/pts
erver/lib/wmqtt.jar:/home/travis/build/icyphy/ptII/lib/mapss.jar:/home/travis/b
uild/icyphy/ptII/ptolemy/actor/ptalon/antlr/antlr.jar:/home/travis/build/icyphy
/ptII/lib/JRI.jar:/home/travis/build/icyphy/ptII/lib/commons-lang-2.6.jar:/home
/travis/build/icyphy/ptII/lib/commons-logging-1.1.1.jar:/home/travis/build/icyp
hy/ptII/lib/sootclasses.jar:/home/travis/build/icyphy/ptII/ptolemy/actor/lib/da
tabase/mysql-connector-java-5.1.6-bin.jar:/home/travis/build/icyphy/ptII/vendor
s/misc/sphinx4/sphinx4-data-5prealpha.jar:/home/travis/build/icyphy/ptII/vendor
s/misc/sphinx4/sphinx4-core-5prealpha.jar:/home/travis/build/icyphy/ptII/lib/PD
FRenderer.jar:/home/travis/build/icyphy/ptII/lib/svgSalamander.jar:/home/travis
/build/icyphy/ptII/lib/rsyntaxtextarea-2.6.0-SNAPSHOT.jar:/home/travis/build/ic
yphy/ptII/lib/hazelcast-3.8.2.jar:/home/travis/build/icyphy/ptII/lib/jackson-an
notations-2.9.0.jar:/home/travis/build/icyphy/ptII/lib/jackson-core-2.9.3.jar:/
home/travis/build/icyphy/ptII/lib/jackson-databind-2.9.3.jar:/home/travis/build
/icyphy/ptII/lib/netty-buffer-4.1.19.Final.jar:/home/travis/build/icyphy/ptII/l
ib/netty-codec-4.1.19.Final.jar:/home/travis/build/icyphy/ptII/lib/netty-codec-
dns-4.1.19.Final.jar:/home/travis/build/icyphy/ptII/lib/netty-codec-http-4.1.19
.Final.jar:/home/travis/build/icyphy/ptII/lib/netty-codec-http2-4.1.19.Final.ja
r:/home/travis/build/icyphy/ptII/lib/netty-common-4.1.19.Final.jar:/home/travis
/build/icyphy/ptII/lib/netty-handler-4.1.19.Final.jar:/home/travis/build/icyphy
/ptII/lib/netty-resolver-4.1.19.Final.jar:/home/travis/build/icyphy/ptII/lib/ne
tty-resolver-dns-4.1.19.Final.jar:/home/travis/build/icyphy/ptII/lib/netty-tran
sport-4.1.19.Final.jar:/home/travis/build/icyphy/ptII/lib/vertx-codegen-3.5.1.j
ar:/home/travis/build/icyphy/ptII/lib/vertx-core-3.5.2-SNAPSHOT.jar:/home/travi
s/build/icyphy/ptII/lib/vertx-hazelcast-3.5.1.jar:/home/travis/build/icyphy/ptI
I/lib/vertx-lang-js-3.5.1.jar:/home/travis/build/icyphy/ptII/lib/vertx-service-
proxy-3.5.1.jar:/home/travis/build/icyphy/ptII/lib/vertx-web-3.5.1.jar:/home/tr
avis/build/icyphy/ptII/lib/slf4j-api-1.7.13.jar:/home/travis/build/icyphy/ptII/
lib/slf4j-simple-1.7.13.jar:/home/travis/build/icyphy/ptII/lib/webcam-capture-0
.3.12.jar:/home/travis/build/icyphy/ptII/lib/bridj-0.7.0.jar:/home/travis/build
/icyphy/ptII/lib/xbjlib-1.1.0.nrjavaserial.jar:/home/travis/build/icyphy/ptII/p
tolemy/moml/test:/home/travis/build/icyphy/ptII/ant/lib/ant-launcher.jar:/home/
travis/build/icyphy/ptII/ant/lib/ant.jar:/home/travis/build/icyphy/ptII/ant/lib
/ant-junit.jar:/home/travis/build/icyphy/ptII/ant/lib/ant-junit4.jar:/home/trav
is/build/icyphy/ptII ModularCodeGen3_A1_profile.java
total 600
-rw-rw-r-- 1 travis travis  4895 Sep 23 02:19 CompiledCompositeActor_CompiledCompositeActor.class
-rw-rw-r-- 1 travis travis  1592 Sep 23 02:19 CompiledCompositeActor_CompiledCompositeActor$_CompiledCompositeActor_CompiledCompositeActor.class
-rw-rw-r-- 1 travis travis 13466 Sep 23 02:19 CompiledCompositeActor_CompiledCompositeActor.java
-rw-rw-r-- 1 travis travis  1593 Sep 23 02:19 CompiledCompositeActor_CompiledCompositeActor.mk
-rw-rw-r-- 1 travis travis  4457 Sep 23 02:19 JavaCompiledCompositeTest1_CompiledCompositeActor.class
-rw-rw-r-- 1 travis travis 11637 Sep 23 02:19 JavaCompiledCompositeTest1_CompiledCompositeActor.java
-rw-rw-r-- 1 travis travis  1198 Sep 23 02:19 JavaCompiledCompositeTest1_CompiledCompositeActor$_JavaCompiledCompositeTest1_CompiledCompositeActor.class
-rw-rw-r-- 1 travis travis  1625 Sep 23 02:19 JavaCompiledCompositeTest1_CompiledCompositeActor.mk
-rw-rw-r-- 1 travis travis  4888 Sep 23 02:19 JavaCompiledCompositeTest2_CompiledCompositeActor.class
-rw-rw-r-- 1 travis travis 14919 Sep 23 02:19 JavaCompiledCompositeTest2_CompiledCompositeActor.java
-rw-rw-r-- 1 travis travis  1793 Sep 23 02:19 JavaCompiledCompositeTest2_CompiledCompositeActor$_JavaCompiledCompositeTest2_CompiledCompositeActor.class
-rw-rw-r-- 1 travis travis  1625 Sep 23 02:19 JavaCompiledCompositeTest2_CompiledCompositeActor.mk
-rw-rw-r-- 1 travis travis  4505 Sep 23 02:19 JavaCompiledCompositeTest3_CompiledCompositeActor.class
-rw-rw-r-- 1 travis travis 13080 Sep 23 02:19 JavaCompiledCompositeTest3_CompiledCompositeActor.java
-rw-rw-r-- 1 travis travis  1378 Sep 23 02:19 JavaCompiledCompositeTest3_CompiledCompositeActor$_JavaCompiledCompositeTest3_CompiledCompositeActor.class
-rw-rw-r-- 1 travis travis  1625 Sep 23 02:19 JavaCompiledCompositeTest3_CompiledCompositeActor.mk
-rw-rw-r-- 1 travis travis  3953 Sep 23 02:19 JavaCompiledCompositeTest4_CompiledCompositeActor.class
-rw-rw-r-- 1 travis travis  9687 Sep 23 02:19 JavaCompiledCompositeTest4_CompiledCompositeActor.java
-rw-rw-r-- 1 travis travis   857 Sep 23 02:19 JavaCompiledCompositeTest4_CompiledCompositeActor$_JavaCompiledCompositeTest4_CompiledCompositeActor.class
-rw-rw-r-- 1 travis travis  1625 Sep 23 02:19 JavaCompiledCompositeTest4_CompiledCompositeActor.mk
-rw-rw-r-- 1 travis travis  3693 Sep 23 02:19 ModularCG_A1_B1.class
-rw-rw-r-- 1 travis travis  9730 Sep 23 02:19 ModularCG_A1_B1.java
-rw-rw-r-- 1 travis travis   832 Sep 23 02:19 ModularCG_A1_B1.mk
-rw-rw-r-- 1 travis travis  1318 Sep 23 02:19 ModularCG_A1_B1_profile.class
-rw-rw-r-- 1 travis travis  1262 Sep 23 02:19 ModularCG_A1_B1_profile.java
-rw-rw-r-- 1 travis travis  3693 Sep 23 02:19 ModularCG_A1_B2.class
-rw-rw-r-- 1 travis travis  9730 Sep 23 02:19 ModularCG_A1_B2.java
-rw-rw-r-- 1 travis travis   832 Sep 23 02:19 ModularCG_A1_B2.mk
-rw-rw-r-- 1 travis travis  1318 Sep 23 02:19 ModularCG_A1_B2_profile.class
-rw-rw-r-- 1 travis travis  1262 Sep 23 02:19 ModularCG_A1_B2_profile.java
-rw-rw-r-- 1 travis travis  4799 Sep 23 02:19 ModularCG_A1.class
-rw-rw-r-- 1 travis travis 14742 Sep 23 02:19 ModularCG_A1.java
-rw-rw-r-- 1 travis travis   808 Sep 23 02:19 ModularCG_A1.mk
-rw-rw-r-- 1 travis travis  1433 Sep 23 02:19 ModularCG_A1_profile.class
-rw-rw-r-- 1 travis travis  1704 Sep 23 02:19 ModularCG_A1_profile.java
-rw-rw-r-- 1 travis travis  3827 Sep 23 02:19 ModularCG_A2_B1.class
-rw-rw-r-- 1 travis travis 10667 Sep 23 02:19 ModularCG_A2_B1.java
-rw-rw-r-- 1 travis travis   832 Sep 23 02:19 ModularCG_A2_B1.mk
-rw-rw-r-- 1 travis travis  1381 Sep 23 02:19 ModularCG_A2_B1_profile.class
-rw-rw-r-- 1 travis travis  1446 Sep 23 02:19 ModularCG_A2_B1_profile.java
-rw-rw-r-- 1 travis travis  3693 Sep 23 02:19 ModularCG_A2_B2.class
-rw-rw-r-- 1 travis travis  9730 Sep 23 02:19 ModularCG_A2_B2.java
-rw-rw-r-- 1 travis travis   832 Sep 23 02:19 ModularCG_A2_B2.mk
-rw-rw-r-- 1 travis travis  1318 Sep 23 02:19 ModularCG_A2_B2_profile.class
-rw-rw-r-- 1 travis travis  1262 Sep 23 02:19 ModularCG_A2_B2_profile.java
-rw-rw-r-- 1 travis travis  4870 Sep 23 02:19 ModularCG_A2.class
-rw-rw-r-- 1 travis travis 15129 Sep 23 02:19 ModularCG_A2.java
-rw-rw-r-- 1 travis travis   808 Sep 23 02:19 ModularCG_A2.mk
-rw-rw-r-- 1 travis travis  1433 Sep 23 02:19 ModularCG_A2_profile.class
-rw-rw-r-- 1 travis travis  1704 Sep 23 02:19 ModularCG_A2_profile.java
-rw-rw-r-- 1 travis travis  3473 Sep 23 02:19 ModularCGPubSub_A1_A2.class
-rw-rw-r-- 1 travis travis  9076 Sep 23 02:19 ModularCGPubSub_A1_A2.java
-rw-rw-r-- 1 travis travis   880 Sep 23 02:19 ModularCGPubSub_A1_A2.mk
-rw-rw-r-- 1 travis travis  1300 Sep 23 02:19 ModularCGPubSub_A1_A2_profile.class
-rw-rw-r-- 1 travis travis  1222 Sep 23 02:19 ModularCGPubSub_A1_A2_profile.java
-rw-rw-r-- 1 travis travis  3790 Sep 23 02:19 ModularCGPubSub_A1.class
-rw-rw-r-- 1 travis travis  9836 Sep 23 02:19 ModularCGPubSub_A1.java
-rw-rw-r-- 1 travis travis   856 Sep 23 02:19 ModularCGPubSub_A1.mk
-rw-rw-r-- 1 travis travis  1346 Sep 23 02:19 ModularCGPubSub_A1_profile.class
-rw-rw-r-- 1 travis travis  1388 Sep 23 02:19 ModularCGPubSub_A1_profile.java
-rw-rw-r-- 1 travis travis  3988 Sep 23 02:19 ModularCodeGen2_ModularCodeGenTypedCompositeActor.class
-rw-rw-r-- 1 travis travis 11690 Sep 23 02:19 ModularCodeGen2_ModularCodeGenTypedCompositeActor.java
-rw-rw-r-- 1 travis travis  1104 Sep 23 02:19 ModularCodeGen2_ModularCodeGenTypedCompositeActor.mk
-rw-rw-r-- 1 travis travis  4272 Sep 23 02:19 ModularCodeGen2_ModularCodeGenTypedCompositeActor_ModularCodeGenTypedCompositeActor.class
-rw-rw-r-- 1 travis travis 11790 Sep 23 02:19 ModularCodeGen2_ModularCodeGenTypedCompositeActor_ModularCodeGenTypedCompositeActor.java
-rw-rw-r-- 1 travis travis  1376 Sep 23 02:19 ModularCodeGen2_ModularCodeGenTypedCompositeActor_ModularCodeGenTypedCompositeActor.mk
-rw-rw-r-- 1 travis travis  1421 Sep 23 02:19 ModularCodeGen2_ModularCodeGenTypedCompositeActor_ModularCodeGenTypedCompositeActor_profile.class
-rw-rw-r-- 1 travis travis  1294 Sep 23 02:19 ModularCodeGen2_ModularCodeGenTypedCompositeActor_ModularCodeGenTypedCompositeActor_profile.java
-rw-rw-r-- 1 travis travis   820 Sep 23 02:19 ModularCodeGen2_ModularCodeGenTypedCompositeActor_profile.class
-rw-rw-r-- 1 travis travis   693 Sep 23 02:19 ModularCodeGen2_ModularCodeGenTypedCompositeActor_profile.java
-rw-rw-r-- 1 travis travis  3741 Sep 23 02:19 ModularCodeGen3_A1_B1.class
-rw-rw-r-- 1 travis travis  9958 Sep 23 02:19 ModularCodeGen3_A1_B1.java
-rw-rw-r-- 1 travis travis   880 Sep 23 02:19 ModularCodeGen3_A1_B1.mk
-rw-rw-r-- 1 travis travis  1330 Sep 23 02:19 ModularCodeGen3_A1_B1_profile.class
-rw-rw-r-- 1 travis travis  1274 Sep 23 02:19 ModularCodeGen3_A1_B1_profile.java
-rw-rw-r-- 1 travis travis  3741 Sep 23 02:19 ModularCodeGen3_A1_B2.class
-rw-rw-r-- 1 travis travis  9958 Sep 23 02:19 ModularCodeGen3_A1_B2.java
-rw-rw-r-- 1 travis travis   880 Sep 23 02:19 ModularCodeGen3_A1_B2.mk
-rw-rw-r-- 1 travis travis  1330 Sep 23 02:19 ModularCodeGen3_A1_B2_profile.class
-rw-rw-r-- 1 travis travis  1274 Sep 23 02:19 ModularCodeGen3_A1_B2_profile.java
-rw-rw-r-- 1 travis travis  1716 Sep 23 02:19 ModularCodeGen3_A1_profile.java
-rw-rw-r-- 1 travis travis  3954 Sep 23 02:19 ModularCodeGen_ModularCodeGenTypedCompositeActor.class
-rw-rw-r-- 1 travis travis 10970 Sep 23 02:19 ModularCodeGen_ModularCodeGenTypedCompositeActor.java
-rw-rw-r-- 1 travis travis  1096 Sep 23 02:19 ModularCodeGen_ModularCodeGenTypedCompositeActor.mk
-rw-rw-r-- 1 travis travis  1384 Sep 23 02:19 ModularCodeGen_ModularCodeGenTypedCompositeActor_profile.class
-rw-rw-r-- 1 travis travis  1328 Sep 23 02:19 ModularCodeGen_ModularCodeGenTypedCompositeActor_profile.java
-rw-rw-r-- 1 travis travis  3492 Sep 23 02:19 ModularCodeGenTest_A1_A2.class
-rw-rw-r-- 1 travis travis  9164 Sep 23 02:18 ModularCodeGenTest_A1_A2.java
-rw-rw-r-- 1 travis travis   904 Sep 23 02:18 ModularCodeGenTest_A1_A2.mk
-rw-rw-r-- 1 travis travis  1306 Sep 23 02:18 ModularCodeGenTest_A1_A2_profile.class
-rw-rw-r-- 1 travis travis  1228 Sep 23 02:18 ModularCodeGenTest_A1_A2_profile.java
-rw-rw-r-- 1 travis travis  3823 Sep 23 02:19 ModularCodeGenTest_A1.class
-rw-rw-r-- 1 travis travis  9968 Sep 23 02:19 ModularCodeGenTest_A1.java
-rw-rw-r-- 1 travis travis   880 Sep 23 02:19 ModularCodeGenTest_A1.mk
-rw-rw-r-- 1 travis travis  1352 Sep 23 02:19 ModularCodeGenTest_A1_profile.class
-rw-rw-r-- 1 travis travis  1394 Sep 23 02:19 ModularCodeGenTest_A1_profile.java
-rw-rw-r-- 1 travis travis   432 Sep 23 02:19 Token.class
-rw-rw-r-- 1 travis travis   251 Sep 23 02:19 Token.java
warning: Supported source version 'RELEASE_6' from annotation processor 'org.netbeans.modules.openide.util.NbBundleProcessor' less than -source '1.8'
warning: Supported source version 'RELEASE_6' from annotation processor 'org.netbeans.modules.openide.util.URLStreamHandlerRegistrationProcessor' less than -source '1.8'
warning: Supported source version 'RELEASE_6' from annotation processor 'org.netbeans.modules.openide.util.ServiceProviderProcessor' less than -source '1.8'
3 warnings
All Done
Writing ModularCodeGen3_A1.java in file:/home/travis/cg/ (15564 characters)
Reading "ptolemy/cg/kernel/generic/program/procedural/java/modular/makefile.in",
    writing "/home/travis/cg/ModularCodeGen3_A1.mk"
Using ptolemy/cg/kernel/generic/program/procedural/java/modular/makefile.in
In "/home/travis/cg", about to execute:
    make -f ModularCodeGen3_A1.mk
javac -classpath ".:.."    ModularCodeGen3_A1.java
All Done
In "/home/travis/cg", about to execute:
    pwd
In "/home/travis/cg", about to execute:
/home/travis/cg
    ls -l
total 636
-rw-rw-r-- 1 travis travis  4895 Sep 23 02:19 CompiledCompositeActor_CompiledCompositeActor.class
-rw-rw-r-- 1 travis travis  1592 Sep 23 02:19 CompiledCompositeActor_CompiledCompositeActor$_CompiledCompositeActor_CompiledCompositeActor.class
-rw-rw-r-- 1 travis travis 13466 Sep 23 02:19 CompiledCompositeActor_CompiledCompositeActor.java
-rw-rw-r-- 1 travis travis  1593 Sep 23 02:19 CompiledCompositeActor_CompiledCompositeActor.mk
-rw-rw-r-- 1 travis travis  4457 Sep 23 02:19 JavaCompiledCompositeTest1_CompiledCompositeActor.class
-rw-rw-r-- 1 travis travis 11637 Sep 23 02:19 JavaCompiledCompositeTest1_CompiledCompositeActor.java
-rw-rw-r-- 1 travis travis  1198 Sep 23 02:19 JavaCompiledCompositeTest1_CompiledCompositeActor$_JavaCompiledCompositeTest1_CompiledCompositeActor.class
-rw-rw-r-- 1 travis travis  1625 Sep 23 02:19 JavaCompiledCompositeTest1_CompiledCompositeActor.mk
-rw-rw-r-- 1 travis travis  4888 Sep 23 02:19 JavaCompiledCompositeTest2_CompiledCompositeActor.class
-rw-rw-r-- 1 travis travis 14919 Sep 23 02:19 JavaCompiledCompositeTest2_CompiledCompositeActor.java
-rw-rw-r-- 1 travis travis  1793 Sep 23 02:19 JavaCompiledCompositeTest2_CompiledCompositeActor$_JavaCompiledCompositeTest2_CompiledCompositeActor.class
-rw-rw-r-- 1 travis travis  1625 Sep 23 02:19 JavaCompiledCompositeTest2_CompiledCompositeActor.mk
-rw-rw-r-- 1 travis travis  4505 Sep 23 02:19 JavaCompiledCompositeTest3_CompiledCompositeActor.class
-rw-rw-r-- 1 travis travis 13080 Sep 23 02:19 JavaCompiledCompositeTest3_CompiledCompositeActor.java
-rw-rw-r-- 1 travis travis  1378 Sep 23 02:19 JavaCompiledCompositeTest3_CompiledCompositeActor$_JavaCompiledCompositeTest3_CompiledCompositeActor.class
-rw-rw-r-- 1 travis travis  1625 Sep 23 02:19 JavaCompiledCompositeTest3_CompiledCompositeActor.mk
-rw-rw-r-- 1 travis travis  3953 Sep 23 02:19 JavaCompiledCompositeTest4_CompiledCompositeActor.class
-rw-rw-r-- 1 travis travis  9687 Sep 23 02:19 JavaCompiledCompositeTest4_CompiledCompositeActor.java
-rw-rw-r-- 1 travis travis   857 Sep 23 02:19 JavaCompiledCompositeTest4_CompiledCompositeActor$_JavaCompiledCompositeTest4_CompiledCompositeActor.class
-rw-rw-r-- 1 travis travis  1625 Sep 23 02:19 JavaCompiledCompositeTest4_CompiledCompositeActor.mk
-rw-rw-r-- 1 travis travis  3693 Sep 23 02:19 ModularCG_A1_B1.class
-rw-rw-r-- 1 travis travis  9730 Sep 23 02:19 ModularCG_A1_B1.java
-rw-rw-r-- 1 travis travis   832 Sep 23 02:19 ModularCG_A1_B1.mk
-rw-rw-r-- 1 travis travis  1318 Sep 23 02:19 ModularCG_A1_B1_profile.class
-rw-rw-r-- 1 travis travis  1262 Sep 23 02:19 ModularCG_A1_B1_profile.java
-rw-rw-r-- 1 travis travis  3693 Sep 23 02:19 ModularCG_A1_B2.class
-rw-rw-r-- 1 travis travis  9730 Sep 23 02:19 ModularCG_A1_B2.java
-rw-rw-r-- 1 travis travis   832 Sep 23 02:19 ModularCG_A1_B2.mk
-rw-rw-r-- 1 travis travis  1318 Sep 23 02:19 ModularCG_A1_B2_profile.class
-rw-rw-r-- 1 travis travis  1262 Sep 23 02:19 ModularCG_A1_B2_profile.java
-rw-rw-r-- 1 travis travis  4799 Sep 23 02:19 ModularCG_A1.class
-rw-rw-r-- 1 travis travis 14742 Sep 23 02:19 ModularCG_A1.java
-rw-rw-r-- 1 travis travis   808 Sep 23 02:19 ModularCG_A1.mk
-rw-rw-r-- 1 travis travis  1433 Sep 23 02:19 ModularCG_A1_profile.class
-rw-rw-r-- 1 travis travis  1704 Sep 23 02:19 ModularCG_A1_profile.java
-rw-rw-r-- 1 travis travis  3827 Sep 23 02:19 ModularCG_A2_B1.class
-rw-rw-r-- 1 travis travis 10667 Sep 23 02:19 ModularCG_A2_B1.java
-rw-rw-r-- 1 travis travis   832 Sep 23 02:19 ModularCG_A2_B1.mk
-rw-rw-r-- 1 travis travis  1381 Sep 23 02:19 ModularCG_A2_B1_profile.class
-rw-rw-r-- 1 travis travis  1446 Sep 23 02:19 ModularCG_A2_B1_profile.java
-rw-rw-r-- 1 travis travis  3693 Sep 23 02:19 ModularCG_A2_B2.class
-rw-rw-r-- 1 travis travis  9730 Sep 23 02:19 ModularCG_A2_B2.java
-rw-rw-r-- 1 travis travis   832 Sep 23 02:19 ModularCG_A2_B2.mk
-rw-rw-r-- 1 travis travis  1318 Sep 23 02:19 ModularCG_A2_B2_profile.class
-rw-rw-r-- 1 travis travis  1262 Sep 23 02:19 ModularCG_A2_B2_profile.java
-rw-rw-r-- 1 travis travis  4870 Sep 23 02:19 ModularCG_A2.class
-rw-rw-r-- 1 travis travis 15129 Sep 23 02:19 ModularCG_A2.java
-rw-rw-r-- 1 travis travis   808 Sep 23 02:19 ModularCG_A2.mk
-rw-rw-r-- 1 travis travis  1433 Sep 23 02:19 ModularCG_A2_profile.class
-rw-rw-r-- 1 travis travis  1704 Sep 23 02:19 ModularCG_A2_profile.java
-rw-rw-r-- 1 travis travis  3473 Sep 23 02:19 ModularCGPubSub_A1_A2.class
-rw-rw-r-- 1 travis travis  9076 Sep 23 02:19 ModularCGPubSub_A1_A2.java
-rw-rw-r-- 1 travis travis   880 Sep 23 02:19 ModularCGPubSub_A1_A2.mk
-rw-rw-r-- 1 travis travis  1300 Sep 23 02:19 ModularCGPubSub_A1_A2_profile.class
-rw-rw-r-- 1 travis travis  1222 Sep 23 02:19 ModularCGPubSub_A1_A2_profile.java
-rw-rw-r-- 1 travis travis  3790 Sep 23 02:19 ModularCGPubSub_A1.class
-rw-rw-r-- 1 travis travis  9836 Sep 23 02:19 ModularCGPubSub_A1.java
-rw-rw-r-- 1 travis travis   856 Sep 23 02:19 ModularCGPubSub_A1.mk
-rw-rw-r-- 1 travis travis  1346 Sep 23 02:19 ModularCGPubSub_A1_profile.class
-rw-rw-r-- 1 travis travis  1388 Sep 23 02:19 ModularCGPubSub_A1_profile.java
-rw-rw-r-- 1 travis travis  3988 Sep 23 02:19 ModularCodeGen2_ModularCodeGenTypedCompositeActor.class
-rw-rw-r-- 1 travis travis 11690 Sep 23 02:19 ModularCodeGen2_ModularCodeGenTypedCompositeActor.java
-rw-rw-r-- 1 travis travis  1104 Sep 23 02:19 ModularCodeGen2_ModularCodeGenTypedCompositeActor.mk
-rw-rw-r-- 1 travis travis  4272 Sep 23 02:19 ModularCodeGen2_ModularCodeGenTypedCompositeActor_ModularCodeGenTypedCompositeActor.class
-rw-rw-r-- 1 travis travis 11790 Sep 23 02:19 ModularCodeGen2_ModularCodeGenTypedCompositeActor_ModularCodeGenTypedCompositeActor.java
-rw-rw-r-- 1 travis travis  1376 Sep 23 02:19 ModularCodeGen2_ModularCodeGenTypedCompositeActor_ModularCodeGenTypedCompositeActor.mk
-rw-rw-r-- 1 travis travis  1421 Sep 23 02:19 ModularCodeGen2_ModularCodeGenTypedCompositeActor_ModularCodeGenTypedCompositeActor_profile.class
-rw-rw-r-- 1 travis travis  1294 Sep 23 02:19 ModularCodeGen2_ModularCodeGenTypedCompositeActor_ModularCodeGenTypedCompositeActor_profile.java
-rw-rw-r-- 1 travis travis   820 Sep 23 02:19 ModularCodeGen2_ModularCodeGenTypedCompositeActor_profile.class
-rw-rw-r-- 1 travis travis   693 Sep 23 02:19 ModularCodeGen2_ModularCodeGenTypedCompositeActor_profile.java
-rw-rw-r-- 1 travis travis  3741 Sep 23 02:19 ModularCodeGen3_A1_B1.class
-rw-rw-r-- 1 travis travis  9958 Sep 23 02:19 ModularCodeGen3_A1_B1.java
-rw-rw-r-- 1 travis travis   880 Sep 23 02:19 ModularCodeGen3_A1_B1.mk
-rw-rw-r-- 1 travis travis  1330 Sep 23 02:19 ModularCodeGen3_A1_B1_profile.class
-rw-rw-r-- 1 travis travis  1274 Sep 23 02:19 ModularCodeGen3_A1_B1_profile.java
-rw-rw-r-- 1 travis travis  3741 Sep 23 02:19 ModularCodeGen3_A1_B2.class
-rw-rw-r-- 1 travis travis  9958 Sep 23 02:19 ModularCodeGen3_A1_B2.java
-rw-rw-r-- 1 travis travis   880 Sep 23 02:19 ModularCodeGen3_A1_B2.mk
-rw-rw-r-- 1 travis travis  1330 Sep 23 02:19 ModularCodeGen3_A1_B2_profile.class
-rw-rw-r-- 1 travis travis  1274 Sep 23 02:19 ModularCodeGen3_A1_B2_profile.java
-rw-rw-r-- 1 travis travis  4961 Sep 23 02:19 ModularCodeGen3_A1.class
-rw-rw-r-- 1 travis travis 15564 Sep 23 02:19 ModularCodeGen3_A1.java
-rw-rw-r-- 1 travis travis   856 Sep 23 02:19 ModularCodeGen3_A1.mk
-rw-rw-r-- 1 travis travis  1445 Sep 23 02:19 ModularCodeGen3_A1_profile.class
-rw-rw-r-- 1 travis travis  1716 Sep 23 02:19 ModularCodeGen3_A1_profile.java
-rw-rw-r-- 1 travis travis  1458 Sep 23 02:19 ModularCodeGen3_A2_B1_profile.java
-rw-rw-r-- 1 travis travis  3954 Sep 23 02:19 ModularCodeGen_ModularCodeGenTypedCompositeActor.class
-rw-rw-r-- 1 travis travis 10970 Sep 23 02:19 ModularCodeGen_ModularCodeGenTypedCompositeActor.java
In "/home/travis/cg", about to execute:
-rw-rw-r-- 1 travis travis  1096 Sep 23 02:19 ModularCodeGen_ModularCodeGenTypedCompositeActor.mk
-rw-rw-r-- 1 travis travis  1384 Sep 23 02:19 ModularCodeGen_ModularCodeGenTypedCompositeActor_profile.class
-rw-rw-r-- 1 travis travis  1328 Sep 23 02:19 ModularCodeGen_ModularCodeGenTypedCompositeActor_profile.java
-rw-rw-r-- 1 travis travis  3492 Sep 23 02:19 ModularCodeGenTest_A1_A2.class
-rw-rw-r-- 1 travis travis  9164 Sep 23 02:18 ModularCodeGenTest_A1_A2.java
-rw-rw-r-- 1 travis travis   904 Sep 23 02:18 ModularCodeGenTest_A1_A2.mk
-rw-rw-r-- 1 travis travis  1306 Sep 23 02:18 ModularCodeGenTest_A1_A2_profile.class
-rw-rw-r-- 1 travis travis  1228 Sep 23 02:18 ModularCodeGenTest_A1_A2_profile.java
-rw-rw-r-- 1 travis travis  3823 Sep 23 02:19 ModularCodeGenTest_A1.class
-rw-rw-r-- 1 travis travis  9968 Sep 23 02:19 ModularCodeGenTest_A1.java
-rw-rw-r-- 1 travis travis   880 Sep 23 02:19 ModularCodeGenTest_A1.mk
-rw-rw-r-- 1 travis travis  1352 Sep 23 02:19 ModularCodeGenTest_A1_profile.class
-rw-rw-r-- 1 travis travis  1394 Sep 23 02:19 ModularCodeGenTest_A1_profile.java
-rw-rw-r-- 1 travis travis   432 Sep 23 02:19 Token.class
-rw-rw-r-- 1 travis travis   251 Sep 23 02:19 Token.java
    javac -classpath
.:/home/travis/build/icyphy/ptII:/home/travis/build/icyphy/ptII/lib/bsh-2.0b4.j
ar:/home/travis/build/icyphy/ptII/lib/ptCal.jar:/home/travis/build/icyphy/ptII/
lib/java_cup.jar:/home/travis/build/icyphy/ptII/lib/saxon8.jar:/home/travis/bui
ld/icyphy/ptII/lib/saxon8-dom.jar:/home/travis/build/icyphy/ptII/lib/chic.jar:/
home/travis/build/icyphy/ptII/lib/ptcolt.jar:/usr/lib/jvm/java-8-oracle/lib/too
ls.jar:/usr/lib/eclipse/plugins/org.eclipse.jdt.core_3.8.2.dist.jar:/usr/lib/ec
lipse/plugins/org.eclipse.core.runtime_3.8.0.dist.jar:/usr/lib/eclipse/plugins/
org.eclipse.osgi_3.8.1.dist.jar:/usr/lib/eclipse/plugins/org.eclipse.core.resou
rces_3.8.1.dist.jar:/usr/lib/eclipse/plugins/org.eclipse.equinox.common_3.6.100
.dist.jar:/usr/lib/eclipse/plugins/org.eclipse.core.jobs_3.5.200.dist.jar:/usr/
lib/eclipse/plugins/org.eclipse.core.contenttype_3.4.200.dist.jar:/usr/lib/ecli
pse/plugins/org.eclipse.equinox.preferences_3.5.0.dist.jar:/usr/lib/eclipse/plu
gins/org.eclipse.text_3.5.200.dist.jar:/usr/lib/eclipse/plugins/org.eclipse.ui.
workbench_3.8.1.dist.jar:/usr/lib/eclipse/plugins/org.eclipse.jface_3.8.0.dist.
jar:/usr/lib/eclipse/plugins/org.eclipse.swt_3.8.2.jar:/usr/lib/eclipse/plugins
/org.eclipse.jface.text_3.8.1.dist.jar:/usr/lib/eclipse/plugins/org.eclipse.ui.
workbench.texteditor_3.8.0.dist.jar:/usr/lib/eclipse/plugins/org.eclipse.ui.edi
tors_3.8.0.dist.jar:/usr/lib/eclipse/plugins/org.eclipse.core.commands_3.6.1.di
st.jar:/usr/lib/eclipse/plugins/org.eclipse.equinox.registry_3.5.200.dist.jar:/
usr/lib/eclipse/plugins/org.eclipse.ui.console_3.5.100.dist.jar:/usr/lib/eclips
e/plugins/org.eclipse.ui.forms_3.5.200.dist.jar:/usr/lib/eclipse/plugins/org.ec
lipse.ui.ide_3.8.1.dist.jar:/home/travis/build/icyphy/ptII/vendors/oracle/dbxml
.jar:/home/travis/build/icyphy/ptII/vendors/oracle/db.jar:/home/travis/build/ic
yphy/ptII/vendors/misc/itext/iText.jar:/home/travis/build/icyphy/ptII/lib/g4ltl
.jar:/home/travis/build/icyphy/ptII/lib/StructuralCoder.jar:/home/travis/build/
icyphy/ptII/lib/org-openide-util.jar:/home/travis/build/icyphy/ptII/lib/org-ope
nide-util-lookup.jar:/home/travis/build/icyphy/ptII/lib/org-netbeans-api-visual
.jar:/home/travis/build/icyphy/ptII/vendors/jai-1_1_2_01/lib/jai_core.jar:/home
/travis/build/icyphy/ptII/vendors/jai-1_1_2_01/lib/jai_codec.jar:/home/travis/b
uild/icyphy/ptII/lib/jcerti.jar:/home/travis/build/icyphy/ptII/lib/smack.jar:/h
ome/travis/build/icyphy/ptII/lib/smackx.jar:/home/travis/build/icyphy/ptII/lib/
jetty-all-8.1.5-v20120716.jar:/home/travis/build/icyphy/ptII/lib/javax.servlet-
api-3.0.1.jar:/home/travis/build/icyphy/ptII/lib/javax.mail.jar:/home/travis/bu
ild/icyphy/ptII/vendors/JMF-2.1.1e/lib/jmf.jar:/home/travis/build/icyphy/ptII/l
ib/jna-4.0.0-variadic.jar:/home/travis/build/icyphy/ptII/vendors/misc/joystick/
Joystick.jar:/home/travis/build/icyphy/ptII/lib/ptjacl.jar:/home/travis/build/i
cyphy/ptII/lib/jsoup-1.8.2.jar:/home/travis/build/icyphy/ptII/lib/junit-4.8.2.j
ar:/home/travis/build/icyphy/ptII/lib/JUnitParams-0.4.0.jar:/home/travis/build/
icyphy/ptII/ptolemy/actor/lib/excel/jxl.jar:/home/travis/build/icyphy/ptII/lib/
jython.jar:/home/travis/build/icyphy/ptII/lib/kieler.jar:/home/travis/build/icy
phy/ptII/vendors/opencv/share/OpenCV/java/opencv-341.jar:/home/travis/build/icy
phy/ptII/lib/oscP5.jar:/home/travis/build/icyphy/ptII/lib/nrjavaserial-3.11.0.d
evel.jar:/home/travis/build/icyphy/ptII/vendors/j3d/lib/j3dcore.jar:/home/travi
s/build/icyphy/ptII/vendors/j3d/lib/j3dutils.jar:/home/travis/build/icyphy/ptII
/vendors/j3d/lib/vecmath.jar:/home/travis/build/icyphy/ptII/ptolemy/distributed
/jini/jar/jini-core.jar:/home/travis/build/icyphy/ptII/ptolemy/distributed/jini
/jar/jini-ext.jar:/home/travis/build/icyphy/ptII/ptolemy/distributed/jini/jar/s
un-util.jar:/home/travis/build/icyphy/ptII/lib/protobuf-java-2.4.1.jar:/home/tr
avis/build/icyphy/ptII/lib/org.eclipse.paho.client.mqttv3.jar:/home/travis/buil
d/icyphy/ptII/ptserver/lib/hessian-4.0.7.jar:/home/travis/build/icyphy/ptII/pts
erver/lib/wmqtt.jar:/home/travis/build/icyphy/ptII/lib/mapss.jar:/home/travis/b
uild/icyphy/ptII/ptolemy/actor/ptalon/antlr/antlr.jar:/home/travis/build/icyphy
/ptII/lib/JRI.jar:/home/travis/build/icyphy/ptII/lib/commons-lang-2.6.jar:/home
/travis/build/icyphy/ptII/lib/commons-logging-1.1.1.jar:/home/travis/build/icyp
hy/ptII/lib/sootclasses.jar:/home/travis/build/icyphy/ptII/ptolemy/actor/lib/da
tabase/mysql-connector-java-5.1.6-bin.jar:/home/travis/build/icyphy/ptII/vendor
s/misc/sphinx4/sphinx4-data-5prealpha.jar:/home/travis/build/icyphy/ptII/vendor
s/misc/sphinx4/sphinx4-core-5prealpha.jar:/home/travis/build/icyphy/ptII/lib/PD
FRenderer.jar:/home/travis/build/icyphy/ptII/lib/svgSalamander.jar:/home/travis
/build/icyphy/ptII/lib/rsyntaxtextarea-2.6.0-SNAPSHOT.jar:/home/travis/build/ic
yphy/ptII/lib/hazelcast-3.8.2.jar:/home/travis/build/icyphy/ptII/lib/jackson-an
notations-2.9.0.jar:/home/travis/build/icyphy/ptII/lib/jackson-core-2.9.3.jar:/
home/travis/build/icyphy/ptII/lib/jackson-databind-2.9.3.jar:/home/travis/build
/icyphy/ptII/lib/netty-buffer-4.1.19.Final.jar:/home/travis/build/icyphy/ptII/l
ib/netty-codec-4.1.19.Final.jar:/home/travis/build/icyphy/ptII/lib/netty-codec-
dns-4.1.19.Final.jar:/home/travis/build/icyphy/ptII/lib/netty-codec-http-4.1.19
.Final.jar:/home/travis/build/icyphy/ptII/lib/netty-codec-http2-4.1.19.Final.ja
r:/home/travis/build/icyphy/ptII/lib/netty-common-4.1.19.Final.jar:/home/travis
/build/icyphy/ptII/lib/netty-handler-4.1.19.Final.jar:/home/travis/build/icyphy
/ptII/lib/netty-resolver-4.1.19.Final.jar:/home/travis/build/icyphy/ptII/lib/ne
tty-resolver-dns-4.1.19.Final.jar:/home/travis/build/icyphy/ptII/lib/netty-tran
sport-4.1.19.Final.jar:/home/travis/build/icyphy/ptII/lib/vertx-codegen-3.5.1.j
ar:/home/travis/build/icyphy/ptII/lib/vertx-core-3.5.2-SNAPSHOT.jar:/home/travi
s/build/icyphy/ptII/lib/vertx-hazelcast-3.5.1.jar:/home/travis/build/icyphy/ptI
I/lib/vertx-lang-js-3.5.1.jar:/home/travis/build/icyphy/ptII/lib/vertx-service-
proxy-3.5.1.jar:/home/travis/build/icyphy/ptII/lib/vertx-web-3.5.1.jar:/home/tr
avis/build/icyphy/ptII/lib/slf4j-api-1.7.13.jar:/home/travis/build/icyphy/ptII/
lib/slf4j-simple-1.7.13.jar:/home/travis/build/icyphy/ptII/lib/webcam-capture-0
.3.12.jar:/home/travis/build/icyphy/ptII/lib/bridj-0.7.0.jar:/home/travis/build
/icyphy/ptII/lib/xbjlib-1.1.0.nrjavaserial.jar:/home/travis/build/icyphy/ptII/p
tolemy/moml/test:/home/travis/build/icyphy/ptII/ant/lib/ant-launcher.jar:/home/
travis/build/icyphy/ptII/ant/lib/ant.jar:/home/travis/build/icyphy/ptII/ant/lib
/ant-junit.jar:/home/travis/build/icyphy/ptII/ant/lib/ant-junit4.jar:/home/trav
is/build/icyphy/ptII ModularCodeGen3_A2_B1_profile.java
warning: Supported source version 'RELEASE_6' from annotation processor 'org.netbeans.modules.openide.util.NbBundleProcessor' less than -source '1.8'
warning: Supported source version 'RELEASE_6' from annotation processor 'org.netbeans.modules.openide.util.URLStreamHandlerRegistrationProcessor' less than -source '1.8'
warning: Supported source version 'RELEASE_6' from annotation processor 'org.netbeans.modules.openide.util.ServiceProviderProcessor' less than -source '1.8'
3 warnings
All Done
Writing ModularCodeGen3_A2_B1.java in file:/home/travis/cg/ (10955 characters)
Reading "ptolemy/cg/kernel/generic/program/procedural/java/modular/makefile.in",
    writing "/home/travis/cg/ModularCodeGen3_A2_B1.mk"
Using ptolemy/cg/kernel/generic/program/procedural/java/modular/makefile.in
In "/home/travis/cg", about to execute:
    make -f ModularCodeGen3_A2_B1.mk
javac -classpath ".:.."    ModularCodeGen3_A2_B1.java
All Done
In "/home/travis/cg", about to execute:
    pwd
In "/home/travis/cg", about to execute:
    ls -l
/home/travis/cg
total 664
-rw-rw-r-- 1 travis travis  4895 Sep 23 02:19 CompiledCompositeActor_CompiledCompositeActor.class
-rw-rw-r-- 1 travis travis  1592 Sep 23 02:19 CompiledCompositeActor_CompiledCompositeActor$_CompiledCompositeActor_CompiledCompositeActor.class
-rw-rw-r-- 1 travis travis 13466 Sep 23 02:19 CompiledCompositeActor_CompiledCompositeActor.java
-rw-rw-r-- 1 travis travis  1593 Sep 23 02:19 CompiledCompositeActor_CompiledCompositeActor.mk
-rw-rw-r-- 1 travis travis  4457 Sep 23 02:19 JavaCompiledCompositeTest1_CompiledCompositeActor.class
-rw-rw-r-- 1 travis travis 11637 Sep 23 02:19 JavaCompiledCompositeTest1_CompiledCompositeActor.java
-rw-rw-r-- 1 travis travis  1198 Sep 23 02:19 JavaCompiledCompositeTest1_CompiledCompositeActor$_JavaCompiledCompositeTest1_CompiledCompositeActor.class
-rw-rw-r-- 1 travis travis  1625 Sep 23 02:19 JavaCompiledCompositeTest1_CompiledCompositeActor.mk
-rw-rw-r-- 1 travis travis  4888 Sep 23 02:19 JavaCompiledCompositeTest2_CompiledCompositeActor.class
-rw-rw-r-- 1 travis travis 14919 Sep 23 02:19 JavaCompiledCompositeTest2_CompiledCompositeActor.java
-rw-rw-r-- 1 travis travis  1793 Sep 23 02:19 JavaCompiledCompositeTest2_CompiledCompositeActor$_JavaCompiledCompositeTest2_CompiledCompositeActor.class
-rw-rw-r-- 1 travis travis  1625 Sep 23 02:19 JavaCompiledCompositeTest2_CompiledCompositeActor.mk
-rw-rw-r-- 1 travis travis  4505 Sep 23 02:19 JavaCompiledCompositeTest3_CompiledCompositeActor.class
-rw-rw-r-- 1 travis travis 13080 Sep 23 02:19 JavaCompiledCompositeTest3_CompiledCompositeActor.java
-rw-rw-r-- 1 travis travis  1378 Sep 23 02:19 JavaCompiledCompositeTest3_CompiledCompositeActor$_JavaCompiledCompositeTest3_CompiledCompositeActor.class
-rw-rw-r-- 1 travis travis  1625 Sep 23 02:19 JavaCompiledCompositeTest3_CompiledCompositeActor.mk
-rw-rw-r-- 1 travis travis  3953 Sep 23 02:19 JavaCompiledCompositeTest4_CompiledCompositeActor.class
-rw-rw-r-- 1 travis travis  9687 Sep 23 02:19 JavaCompiledCompositeTest4_CompiledCompositeActor.java
-rw-rw-r-- 1 travis travis   857 Sep 23 02:19 JavaCompiledCompositeTest4_CompiledCompositeActor$_JavaCompiledCompositeTest4_CompiledCompositeActor.class
-rw-rw-r-- 1 travis travis  1625 Sep 23 02:19 JavaCompiledCompositeTest4_CompiledCompositeActor.mk
-rw-rw-r-- 1 travis travis  3693 Sep 23 02:19 ModularCG_A1_B1.class
-rw-rw-r-- 1 travis travis  9730 Sep 23 02:19 ModularCG_A1_B1.java
-rw-rw-r-- 1 travis travis   832 Sep 23 02:19 ModularCG_A1_B1.mk
-rw-rw-r-- 1 travis travis  1318 Sep 23 02:19 ModularCG_A1_B1_profile.class
-rw-rw-r-- 1 travis travis  1262 Sep 23 02:19 ModularCG_A1_B1_profile.java
-rw-rw-r-- 1 travis travis  3693 Sep 23 02:19 ModularCG_A1_B2.class
-rw-rw-r-- 1 travis travis  9730 Sep 23 02:19 ModularCG_A1_B2.java
-rw-rw-r-- 1 travis travis   832 Sep 23 02:19 ModularCG_A1_B2.mk
-rw-rw-r-- 1 travis travis  1318 Sep 23 02:19 ModularCG_A1_B2_profile.class
-rw-rw-r-- 1 travis travis  1262 Sep 23 02:19 ModularCG_A1_B2_profile.java
-rw-rw-r-- 1 travis travis  4799 Sep 23 02:19 ModularCG_A1.class
-rw-rw-r-- 1 travis travis 14742 Sep 23 02:19 ModularCG_A1.java
-rw-rw-r-- 1 travis travis   808 Sep 23 02:19 ModularCG_A1.mk
-rw-rw-r-- 1 travis travis  1433 Sep 23 02:19 ModularCG_A1_profile.class
-rw-rw-r-- 1 travis travis  1704 Sep 23 02:19 ModularCG_A1_profile.java
-rw-rw-r-- 1 travis travis  3827 Sep 23 02:19 ModularCG_A2_B1.class
-rw-rw-r-- 1 travis travis 10667 Sep 23 02:19 ModularCG_A2_B1.java
-rw-rw-r-- 1 travis travis   832 Sep 23 02:19 ModularCG_A2_B1.mk
-rw-rw-r-- 1 travis travis  1381 Sep 23 02:19 ModularCG_A2_B1_profile.class
-rw-rw-r-- 1 travis travis  1446 Sep 23 02:19 ModularCG_A2_B1_profile.java
-rw-rw-r-- 1 travis travis  3693 Sep 23 02:19 ModularCG_A2_B2.class
In "/home/travis/cg", about to execute:
    javac -classpath
.:/home/travis/build/icyphy/ptII:/home/travis/build/icyphy/ptII/lib/bsh-2.0b4.j
ar:/home/travis/build/icyphy/ptII/lib/ptCal.jar:/home/travis/build/icyphy/ptII/
lib/java_cup.jar:/home/travis/build/icyphy/ptII/lib/saxon8.jar:/home/travis/bui
ld/icyphy/ptII/lib/saxon8-dom.jar:/home/travis/build/icyphy/ptII/lib/chic.jar:/
home/travis/build/icyphy/ptII/lib/ptcolt.jar:/usr/lib/jvm/java-8-oracle/lib/too
ls.jar:/usr/lib/eclipse/plugins/org.eclipse.jdt.core_3.8.2.dist.jar:/usr/lib/ec
lipse/plugins/org.eclipse.core.runtime_3.8.0.dist.jar:/usr/lib/eclipse/plugins/
org.eclipse.osgi_3.8.1.dist.jar:/usr/lib/eclipse/plugins/org.eclipse.core.resou
rces_3.8.1.dist.jar:/usr/lib/eclipse/plugins/org.eclipse.equinox.common_3.6.100
.dist.jar:/usr/lib/eclipse/plugins/org.eclipse.core.jobs_3.5.200.dist.jar:/usr/
lib/eclipse/plugins/org.eclipse.core.contenttype_3.4.200.dist.jar:/usr/lib/ecli
pse/plugins/org.eclipse.equinox.preferences_3.5.0.dist.jar:/usr/lib/eclipse/plu
gins/org.eclipse.text_3.5.200.dist.jar:/usr/lib/eclipse/plugins/org.eclipse.ui.
workbench_3.8.1.dist.jar:/usr/lib/eclipse/plugins/org.eclipse.jface_3.8.0.dist.
jar:/usr/lib/eclipse/plugins/org.eclipse.swt_3.8.2.jar:/usr/lib/eclipse/plugins
/org.eclipse.jface.text_3.8.1.dist.jar:/usr/lib/eclipse/plugins/org.eclipse.ui.
workbench.texteditor_3.8.0.dist.jar:/usr/lib/eclipse/plugins/org.eclipse.ui.edi
tors_3.8.0.dist.jar:/usr/lib/eclipse/plugins/org.eclipse.core.commands_3.6.1.di
st.jar:/usr/lib/eclipse/plugins/org.eclipse.equinox.registry_3.5.200.dist.jar:/
usr/lib/eclipse/plugins/org.eclipse.ui.console_3.5.100.dist.jar:/usr/lib/eclips
e/plugins/org.eclipse.ui.forms_3.5.200.dist.jar:/usr/lib/eclipse/plugins/org.ec
lipse.ui.ide_3.8.1.dist.jar:/home/travis/build/icyphy/ptII/vendors/oracle/dbxml
.jar:/home/travis/build/icyphy/ptII/vendors/oracle/db.jar:/home/travis/build/ic
yphy/ptII/vendors/misc/itext/iText.jar:/home/travis/build/icyphy/ptII/lib/g4ltl
.jar:/home/travis/build/icyphy/ptII/lib/StructuralCoder.jar:/home/travis/build/
icyphy/ptII/lib/org-openide-util.jar:/home/travis/build/icyphy/ptII/lib/org-ope
nide-util-lookup.jar:/home/travis/build/icyphy/ptII/lib/org-netbeans-api-visual
.jar:/home/travis/build/icyphy/ptII/vendors/jai-1_1_2_01/lib/jai_core.jar:/home
/travis/build/icyphy/ptII/vendors/jai-1_1_2_01/lib/jai_codec.jar:/home/travis/b
uild/icyphy/ptII/lib/jcerti.jar:/home/travis/build/icyphy/ptII/lib/smack.jar:/h
ome/travis/build/icyphy/ptII/lib/smackx.jar:/home/travis/build/icyphy/ptII/lib/
jetty-all-8.1.5-v20120716.jar:/home/travis/build/icyphy/ptII/lib/javax.servlet-
api-3.0.1.jar:/home/travis/build/icyphy/ptII/lib/javax.mail.jar:/home/travis/bu
ild/icyphy/ptII/vendors/JMF-2.1.1e/lib/jmf.jar:/home/travis/build/icyphy/ptII/l
ib/jna-4.0.0-variadic.jar:/home/travis/build/icyphy/ptII/vendors/misc/joystick/
Joystick.jar:/home/travis/build/icyphy/ptII/lib/ptjacl.jar:/home/travis/build/i
cyphy/ptII/lib/jsoup-1.8.2.jar:/home/travis/build/icyphy/ptII/lib/junit-4.8.2.j
ar:/home/travis/build/icyphy/ptII/lib/JUnitParams-0.4.0.jar:/home/travis/build/
icyphy/ptII/ptolemy/actor/lib/excel/jxl.jar:/home/travis/build/icyphy/ptII/lib/
jython.jar:/home/travis/build/icyphy/ptII/lib/kieler.jar:/home/travis/build/icy
phy/ptII/vendors/opencv/share/OpenCV/java/opencv-341.jar:/home/travis/build/icy
phy/ptII/lib/oscP5.jar:/home/travis/build/icyphy/ptII/lib/nrjavaserial-3.11.0.d
evel.jar:/home/travis/build/icyphy/ptII/vendors/j3d/lib/j3dcore.jar:/home/travi
s/build/icyphy/ptII/vendors/j3d/lib/j3dutils.jar:/home/travis/build/icyphy/ptII
/vendors/j3d/lib/vecmath.jar:/home/travis/build/icyphy/ptII/ptolemy/distributed
/jini/jar/jini-core.jar:/home/travis/build/icyphy/ptII/ptolemy/distributed/jini
/jar/jini-ext.jar:/home/travis/build/icyphy/ptII/ptolemy/distributed/jini/jar/s
un-util.jar:/home/travis/build/icyphy/ptII/lib/protobuf-java-2.4.1.jar:/home/tr
avis/build/icyphy/ptII/lib/org.eclipse.paho.client.mqttv3.jar:/home/travis/buil
d/icyphy/ptII/ptserver/lib/hessian-4.0.7.jar:/home/travis/build/icyphy/ptII/pts
erver/lib/wmqtt.jar:/home/travis/build/icyphy/ptII/lib/mapss.jar:/home/travis/b
uild/icyphy/ptII/ptolemy/actor/ptalon/antlr/antlr.jar:/home/travis/build/icyphy
/ptII/lib/JRI.jar:/home/travis/build/icyphy/ptII/lib/commons-lang-2.6.jar:/home
/travis/build/icyphy/ptII/lib/commons-logging-1.1.1.jar:/home/travis/build/icyp
hy/ptII/lib/sootclasses.jar:/home/travis/build/icyphy/ptII/ptolemy/actor/lib/da
tabase/mysql-connector-java-5.1.6-bin.jar:/home/travis/build/icyphy/ptII/vendor
s/misc/sphinx4/sphinx4-data-5prealpha.jar:/home/travis/build/icyphy/ptII/vendor
s/misc/sphinx4/sphinx4-core-5prealpha.jar:/home/travis/build/icyphy/ptII/lib/PD
FRenderer.jar:/home/travis/build/icyphy/ptII/lib/svgSalamander.jar:/home/travis
/build/icyphy/ptII/lib/rsyntaxtextarea-2.6.0-SNAPSHOT.jar:/home/travis/build/ic
yphy/ptII/lib/hazelcast-3.8.2.jar:/home/travis/build/icyphy/ptII/lib/jackson-an
notations-2.9.0.jar:/home/travis/build/icyphy/ptII/lib/jackson-core-2.9.3.jar:/
home/travis/build/icyphy/ptII/lib/jackson-databind-2.9.3.jar:/home/travis/build
/icyphy/ptII/lib/netty-buffer-4.1.19.Final.jar:/home/travis/build/icyphy/ptII/l
ib/netty-codec-4.1.19.Final.jar:/home/travis/build/icyphy/ptII/lib/netty-codec-
dns-4.1.19.Final.jar:/home/travis/build/icyphy/ptII/lib/netty-codec-http-4.1.19
.Final.jar:/home/travis/build/icyphy/ptII/lib/netty-codec-http2-4.1.19.Final.ja
r:/home/travis/build/icyphy/ptII/lib/netty-common-4.1.19.Final.jar:/home/travis
/build/icyphy/ptII/lib/netty-handler-4.1.19.Final.jar:/home/travis/build/icyphy
/ptII/lib/netty-resolver-4.1.19.Final.jar:/home/travis/build/icyphy/ptII/lib/ne
tty-resolver-dns-4.1.19.Final.jar:/home/travis/build/icyphy/ptII/lib/netty-tran
sport-4.1.19.Final.jar:/home/travis/build/icyphy/ptII/lib/vertx-codegen-3.5.1.j
ar:/home/travis/build/icyphy/ptII/lib/vertx-core-3.5.2-SNAPSHOT.jar:/home/travi
s/build/icyphy/ptII/lib/vertx-hazelcast-3.5.1.jar:/home/travis/build/icyphy/ptI
I/lib/vertx-lang-js-3.5.1.jar:/home/travis/build/icyphy/ptII/lib/vertx-service-
proxy-3.5.1.jar:/home/travis/build/icyphy/ptII/lib/vertx-web-3.5.1.jar:/home/tr
avis/build/icyphy/ptII/lib/slf4j-api-1.7.13.jar:/home/travis/build/icyphy/ptII/
lib/slf4j-simple-1.7.13.jar:/home/travis/build/icyphy/ptII/lib/webcam-capture-0
.3.12.jar:/home/travis/build/icyphy/ptII/lib/bridj-0.7.0.jar:/home/travis/build
/icyphy/ptII/lib/xbjlib-1.1.0.nrjavaserial.jar:/home/travis/build/icyphy/ptII/p
tolemy/moml/test:/home/travis/build/icyphy/ptII/ant/lib/ant-launcher.jar:/home/
travis/build/icyphy/ptII/ant/lib/ant.jar:/home/travis/build/icyphy/ptII/ant/lib
/ant-junit.jar:/home/travis/build/icyphy/ptII/ant/lib/ant-junit4.jar:/home/trav
is/build/icyphy/ptII ModularCodeGen3_A2_B2_profile.java
-rw-rw-r-- 1 travis travis  9730 Sep 23 02:19 ModularCG_A2_B2.java
-rw-rw-r-- 1 travis travis   832 Sep 23 02:19 ModularCG_A2_B2.mk
-rw-rw-r-- 1 travis travis  1318 Sep 23 02:19 ModularCG_A2_B2_profile.class
-rw-rw-r-- 1 travis travis  1262 Sep 23 02:19 ModularCG_A2_B2_profile.java
-rw-rw-r-- 1 travis travis  4870 Sep 23 02:19 ModularCG_A2.class
-rw-rw-r-- 1 travis travis 15129 Sep 23 02:19 ModularCG_A2.java
-rw-rw-r-- 1 travis travis   808 Sep 23 02:19 ModularCG_A2.mk
-rw-rw-r-- 1 travis travis  1433 Sep 23 02:19 ModularCG_A2_profile.class
-rw-rw-r-- 1 travis travis  1704 Sep 23 02:19 ModularCG_A2_profile.java
-rw-rw-r-- 1 travis travis  3473 Sep 23 02:19 ModularCGPubSub_A1_A2.class
-rw-rw-r-- 1 travis travis  9076 Sep 23 02:19 ModularCGPubSub_A1_A2.java
-rw-rw-r-- 1 travis travis   880 Sep 23 02:19 ModularCGPubSub_A1_A2.mk
-rw-rw-r-- 1 travis travis  1300 Sep 23 02:19 ModularCGPubSub_A1_A2_profile.class
-rw-rw-r-- 1 travis travis  1222 Sep 23 02:19 ModularCGPubSub_A1_A2_profile.java
-rw-rw-r-- 1 travis travis  3790 Sep 23 02:19 ModularCGPubSub_A1.class
-rw-rw-r-- 1 travis travis  9836 Sep 23 02:19 ModularCGPubSub_A1.java
-rw-rw-r-- 1 travis travis   856 Sep 23 02:19 ModularCGPubSub_A1.mk
-rw-rw-r-- 1 travis travis  1346 Sep 23 02:19 ModularCGPubSub_A1_profile.class
-rw-rw-r-- 1 travis travis  1388 Sep 23 02:19 ModularCGPubSub_A1_profile.java
-rw-rw-r-- 1 travis travis  3988 Sep 23 02:19 ModularCodeGen2_ModularCodeGenTypedCompositeActor.class
-rw-rw-r-- 1 travis travis 11690 Sep 23 02:19 ModularCodeGen2_ModularCodeGenTypedCompositeActor.java
-rw-rw-r-- 1 travis travis  1104 Sep 23 02:19 ModularCodeGen2_ModularCodeGenTypedCompositeActor.mk
-rw-rw-r-- 1 travis travis  4272 Sep 23 02:19 ModularCodeGen2_ModularCodeGenTypedCompositeActor_ModularCodeGenTypedCompositeActor.class
-rw-rw-r-- 1 travis travis 11790 Sep 23 02:19 ModularCodeGen2_ModularCodeGenTypedCompositeActor_ModularCodeGenTypedCompositeActor.java
-rw-rw-r-- 1 travis travis  1376 Sep 23 02:19 ModularCodeGen2_ModularCodeGenTypedCompositeActor_ModularCodeGenTypedCompositeActor.mk
-rw-rw-r-- 1 travis travis  1421 Sep 23 02:19 ModularCodeGen2_ModularCodeGenTypedCompositeActor_ModularCodeGenTypedCompositeActor_profile.class
-rw-rw-r-- 1 travis travis  1294 Sep 23 02:19 ModularCodeGen2_ModularCodeGenTypedCompositeActor_ModularCodeGenTypedCompositeActor_profile.java
-rw-rw-r-- 1 travis travis   820 Sep 23 02:19 ModularCodeGen2_ModularCodeGenTypedCompositeActor_profile.class
-rw-rw-r-- 1 travis travis   693 Sep 23 02:19 ModularCodeGen2_ModularCodeGenTypedCompositeActor_profile.java
-rw-rw-r-- 1 travis travis  3741 Sep 23 02:19 ModularCodeGen3_A1_B1.class
-rw-rw-r-- 1 travis travis  9958 Sep 23 02:19 ModularCodeGen3_A1_B1.java
-rw-rw-r-- 1 travis travis   880 Sep 23 02:19 ModularCodeGen3_A1_B1.mk
-rw-rw-r-- 1 travis travis  1330 Sep 23 02:19 ModularCodeGen3_A1_B1_profile.class
-rw-rw-r-- 1 travis travis  1274 Sep 23 02:19 ModularCodeGen3_A1_B1_profile.java
-rw-rw-r-- 1 travis travis  3741 Sep 23 02:19 ModularCodeGen3_A1_B2.class
-rw-rw-r-- 1 travis travis  9958 Sep 23 02:19 ModularCodeGen3_A1_B2.java
-rw-rw-r-- 1 travis travis   880 Sep 23 02:19 ModularCodeGen3_A1_B2.mk
-rw-rw-r-- 1 travis travis  1330 Sep 23 02:19 ModularCodeGen3_A1_B2_profile.class
-rw-rw-r-- 1 travis travis  1274 Sep 23 02:19 ModularCodeGen3_A1_B2_profile.java
-rw-rw-r-- 1 travis travis  4961 Sep 23 02:19 ModularCodeGen3_A1.class
-rw-rw-r-- 1 travis travis 15564 Sep 23 02:19 ModularCodeGen3_A1.java
-rw-rw-r-- 1 travis travis   856 Sep 23 02:19 ModularCodeGen3_A1.mk
-rw-rw-r-- 1 travis travis  1445 Sep 23 02:19 ModularCodeGen3_A1_profile.class
-rw-rw-r-- 1 travis travis  1716 Sep 23 02:19 ModularCodeGen3_A1_profile.java
-rw-rw-r-- 1 travis travis  3887 Sep 23 02:19 ModularCodeGen3_A2_B1.class
-rw-rw-r-- 1 travis travis 10955 Sep 23 02:19 ModularCodeGen3_A2_B1.java
-rw-rw-r-- 1 travis travis   880 Sep 23 02:19 ModularCodeGen3_A2_B1.mk
-rw-rw-r-- 1 travis travis  1393 Sep 23 02:19 ModularCodeGen3_A2_B1_profile.class
-rw-rw-r-- 1 travis travis  1458 Sep 23 02:19 ModularCodeGen3_A2_B1_profile.java
-rw-rw-r-- 1 travis travis  1274 Sep 23 02:19 ModularCodeGen3_A2_B2_profile.java
-rw-rw-r-- 1 travis travis  3954 Sep 23 02:19 ModularCodeGen_ModularCodeGenTypedCompositeActor.class
-rw-rw-r-- 1 travis travis 10970 Sep 23 02:19 ModularCodeGen_ModularCodeGenTypedCompositeActor.java
-rw-rw-r-- 1 travis travis  1096 Sep 23 02:19 ModularCodeGen_ModularCodeGenTypedCompositeActor.mk
-rw-rw-r-- 1 travis travis  1384 Sep 23 02:19 ModularCodeGen_ModularCodeGenTypedCompositeActor_profile.class
-rw-rw-r-- 1 travis travis  1328 Sep 23 02:19 ModularCodeGen_ModularCodeGenTypedCompositeActor_profile.java
-rw-rw-r-- 1 travis travis  3492 Sep 23 02:19 ModularCodeGenTest_A1_A2.class
-rw-rw-r-- 1 travis travis  9164 Sep 23 02:18 ModularCodeGenTest_A1_A2.java
-rw-rw-r-- 1 travis travis   904 Sep 23 02:18 ModularCodeGenTest_A1_A2.mk
-rw-rw-r-- 1 travis travis  1306 Sep 23 02:18 ModularCodeGenTest_A1_A2_profile.class
-rw-rw-r-- 1 travis travis  1228 Sep 23 02:18 ModularCodeGenTest_A1_A2_profile.java
-rw-rw-r-- 1 travis travis  3823 Sep 23 02:19 ModularCodeGenTest_A1.class
-rw-rw-r-- 1 travis travis  9968 Sep 23 02:19 ModularCodeGenTest_A1.java
-rw-rw-r-- 1 travis travis   880 Sep 23 02:19 ModularCodeGenTest_A1.mk
-rw-rw-r-- 1 travis travis  1352 Sep 23 02:19 ModularCodeGenTest_A1_profile.class
-rw-rw-r-- 1 travis travis  1394 Sep 23 02:19 ModularCodeGenTest_A1_profile.java
-rw-rw-r-- 1 travis travis   432 Sep 23 02:19 Token.class
-rw-rw-r-- 1 travis travis   251 Sep 23 02:19 Token.java
warning: Supported source version 'RELEASE_6' from annotation processor 'org.netbeans.modules.openide.util.NbBundleProcessor' less than -source '1.8'
warning: Supported source version 'RELEASE_6' from annotation processor 'org.netbeans.modules.openide.util.URLStreamHandlerRegistrationProcessor' less than -source '1.8'
warning: Supported source version 'RELEASE_6' from annotation processor 'org.netbeans.modules.openide.util.ServiceProviderProcessor' less than -source '1.8'
3 warnings
All Done
Writing ModularCodeGen3_A2_B2.java in file:/home/travis/cg/ (9958 characters)
Reading "ptolemy/cg/kernel/generic/program/procedural/java/modular/makefile.in",
    writing "/home/travis/cg/ModularCodeGen3_A2_B2.mk"
Using ptolemy/cg/kernel/generic/program/procedural/java/modular/makefile.in
In "/home/travis/cg", about to execute:
    make -f ModularCodeGen3_A2_B2.mk
javac -classpath ".:.."    ModularCodeGen3_A2_B2.java
All Done
In "/home/travis/cg", about to execute:
    pwd
In "/home/travis/cg", about to execute:
    ls -l
/home/travis/cg
total 692
-rw-rw-r-- 1 travis travis  4895 Sep 23 02:19 CompiledCompositeActor_CompiledCompositeActor.class
-rw-rw-r-- 1 travis travis  1592 Sep 23 02:19 CompiledCompositeActor_CompiledCompositeActor$_CompiledCompositeActor_CompiledCompositeActor.class
-rw-rw-r-- 1 travis travis 13466 Sep 23 02:19 CompiledCompositeActor_CompiledCompositeActor.java
-rw-rw-r-- 1 travis travis  1593 Sep 23 02:19 CompiledCompositeActor_CompiledCompositeActor.mk
-rw-rw-r-- 1 travis travis  4457 Sep 23 02:19 JavaCompiledCompositeTest1_CompiledCompositeActor.class
-rw-rw-r-- 1 travis travis 11637 Sep 23 02:19 JavaCompiledCompositeTest1_CompiledCompositeActor.java
-rw-rw-r-- 1 travis travis  1198 Sep 23 02:19 JavaCompiledCompositeTest1_CompiledCompositeActor$_JavaCompiledCompositeTest1_CompiledCompositeActor.class
-rw-rw-r-- 1 travis travis  1625 Sep 23 02:19 JavaCompiledCompositeTest1_CompiledCompositeActor.mk
-rw-rw-r-- 1 travis travis  4888 Sep 23 02:19 JavaCompiledCompositeTest2_CompiledCompositeActor.class
-rw-rw-r-- 1 travis travis 14919 Sep 23 02:19 JavaCompiledCompositeTest2_CompiledCompositeActor.java
-rw-rw-r-- 1 travis travis  1793 Sep 23 02:19 JavaCompiledCompositeTest2_CompiledCompositeActor$_JavaCompiledCompositeTest2_CompiledCompositeActor.class
-rw-rw-r-- 1 travis travis  1625 Sep 23 02:19 JavaCompiledCompositeTest2_CompiledCompositeActor.mk
-rw-rw-r-- 1 travis travis  4505 Sep 23 02:19 JavaCompiledCompositeTest3_CompiledCompositeActor.class
-rw-rw-r-- 1 travis travis 13080 Sep 23 02:19 JavaCompiledCompositeTest3_CompiledCompositeActor.java
-rw-rw-r-- 1 travis travis  1378 Sep 23 02:19 JavaCompiledCompositeTest3_CompiledCompositeActor$_JavaCompiledCompositeTest3_CompiledCompositeActor.class
-rw-rw-r-- 1 travis travis  1625 Sep 23 02:19 JavaCompiledCompositeTest3_CompiledCompositeActor.mk
-rw-rw-r-- 1 travis travis  3953 Sep 23 02:19 JavaCompiledCompositeTest4_CompiledCompositeActor.class
-rw-rw-r-- 1 travis travis  9687 Sep 23 02:19 JavaCompiledCompositeTest4_CompiledCompositeActor.java
-rw-rw-r-- 1 travis travis   857 Sep 23 02:19 JavaCompiledCompositeTest4_CompiledCompositeActor$_JavaCompiledCompositeTest4_CompiledCompositeActor.class
-rw-rw-r-- 1 travis travis  1625 Sep 23 02:19 JavaCompiledCompositeTest4_CompiledCompositeActor.mk
-rw-rw-r-- 1 travis travis  3693 Sep 23 02:19 ModularCG_A1_B1.class
-rw-rw-r-- 1 travis travis  9730 Sep 23 02:19 ModularCG_A1_B1.java
-rw-rw-r-- 1 travis travis   832 Sep 23 02:19 ModularCG_A1_B1.mk
-rw-rw-r-- 1 travis travis  1318 Sep 23 02:19 ModularCG_A1_B1_profile.class
-rw-rw-r-- 1 travis travis  1262 Sep 23 02:19 ModularCG_A1_B1_profile.java
-rw-rw-r-- 1 travis travis  3693 Sep 23 02:19 ModularCG_A1_B2.class
-rw-rw-r-- 1 travis travis  9730 Sep 23 02:19 ModularCG_A1_B2.java
-rw-rw-r-- 1 travis travis   832 Sep 23 02:19 ModularCG_A1_B2.mk
-rw-rw-r-- 1 travis travis  1318 Sep 23 02:19 ModularCG_A1_B2_profile.class
-rw-rw-r-- 1 travis travis  1262 Sep 23 02:19 ModularCG_A1_B2_profile.java
-rw-rw-r-- 1 travis travis  4799 Sep 23 02:19 ModularCG_A1.class
-rw-rw-r-- 1 travis travis 14742 Sep 23 02:19 ModularCG_A1.java
-rw-rw-r-- 1 travis travis   808 Sep 23 02:19 ModularCG_A1.mk
-rw-rw-r-- 1 travis travis  1433 Sep 23 02:19 ModularCG_A1_profile.class
-rw-rw-r-- 1 travis travis  1704 Sep 23 02:19 ModularCG_A1_profile.java
-rw-rw-r-- 1 travis travis  3827 Sep 23 02:19 ModularCG_A2_B1.class
-rw-rw-r-- 1 travis travis 10667 Sep 23 02:19 ModularCG_A2_B1.java
-rw-rw-r-- 1 travis travis   832 Sep 23 02:19 ModularCG_A2_B1.mk
-rw-rw-r-- 1 travis travis  1381 Sep 23 02:19 ModularCG_A2_B1_profile.class
-rw-rw-r-- 1 travis travis  1446 Sep 23 02:19 ModularCG_A2_B1_profile.java
-rw-rw-r-- 1 travis travis  3693 Sep 23 02:19 ModularCG_A2_B2.class
-rw-rw-r-- 1 travis travis  9730 Sep 23 02:19 ModularCG_A2_B2.java
-rw-rw-r-- 1 travis travis   832 Sep 23 02:19 ModularCG_A2_B2.mk
-rw-rw-r-- 1 travis travis  1318 Sep 23 02:19 ModularCG_A2_B2_profile.class
-rw-rw-r-- 1 travis travis  1262 Sep 23 02:19 ModularCG_A2_B2_profile.java
-rw-rw-r-- 1 travis travis  4870 Sep 23 02:19 ModularCG_A2.class
-rw-rw-r-- 1 travis travis 15129 Sep 23 02:19 ModularCG_A2.java
-rw-rw-r-- 1 travis travis   808 Sep 23 02:19 ModularCG_A2.mk
-rw-rw-r-- 1 travis travis  1433 Sep 23 02:19 ModularCG_A2_profile.class
-rw-rw-r-- 1 travis travis  1704 Sep 23 02:19 ModularCG_A2_profile.java
-rw-rw-r-- 1 travis travis  3473 Sep 23 02:19 ModularCGPubSub_A1_A2.class
-rw-rw-r-- 1 travis travis  9076 Sep 23 02:19 ModularCGPubSub_A1_A2.java
-rw-rw-r-- 1 travis travis   880 Sep 23 02:19 ModularCGPubSub_A1_A2.mk
-rw-rw-r-- 1 travis travis  1300 Sep 23 02:19 ModularCGPubSub_A1_A2_profile.class
-rw-rw-r-- 1 travis travis  1222 Sep 23 02:19 ModularCGPubSub_A1_A2_profile.java
-rw-rw-r-- 1 travis travis  3790 Sep 23 02:19 ModularCGPubSub_A1.class
-rw-rw-r-- 1 travis travis  9836 Sep 23 02:19 ModularCGPubSub_A1.java
-rw-rw-r-- 1 travis travis   856 Sep 23 02:19 ModularCGPubSub_A1.mk
-rw-rw-r-- 1 travis travis  1346 Sep 23 02:19 ModularCGPubSub_A1_profile.class
-rw-rw-r-- 1 travis travis  1388 Sep 23 02:19 ModularCGPubSub_A1_profile.java
-rw-rw-r-- 1 travis travis  3988 Sep 23 02:19 ModularCodeGen2_ModularCodeGenTypedCompositeActor.class
-rw-rw-r-- 1 travis travis 11690 Sep 23 02:19 ModularCodeGen2_ModularCodeGenTypedCompositeActor.java
-rw-rw-r-- 1 travis travis  1104 Sep 23 02:19 ModularCodeGen2_ModularCodeGenTypedCompositeActor.mk
-rw-rw-r-- 1 travis travis  4272 Sep 23 02:19 ModularCodeGen2_ModularCodeGenTypedCompositeActor_ModularCodeGenTypedCompositeActor.class
-rw-rw-r-- 1 travis travis 11790 Sep 23 02:19 ModularCodeGen2_ModularCodeGenTypedCompositeActor_ModularCodeGenTypedCompositeActor.java
-rw-rw-r-- 1 travis travis  1376 Sep 23 02:19 ModularCodeGen2_ModularCodeGenTypedCompositeActor_ModularCodeGenTypedCompositeActor.mk
-rw-rw-r-- 1 travis travis  1421 Sep 23 02:19 ModularCodeGen2_ModularCodeGenTypedCompositeActor_ModularCodeGenTypedCompositeActor_profile.class
-rw-rw-r-- 1 travis travis  1294 Sep 23 02:19 ModularCodeGen2_ModularCodeGenTypedCompositeActor_ModularCodeGenTypedCompositeActor_profile.java
-rw-rw-r-- 1 travis travis   820 Sep 23 02:19 ModularCodeGen2_ModularCodeGenTypedCompositeActor_profile.class
-rw-rw-r-- 1 travis travis   693 Sep 23 02:19 ModularCodeGen2_ModularCodeGenTypedCompositeActor_profile.java
-rw-rw-r-- 1 travis travis  3741 Sep 23 02:19 ModularCodeGen3_A1_B1.class
-rw-rw-r-- 1 travis travis  9958 Sep 23 02:19 ModularCodeGen3_A1_B1.java
-rw-rw-r-- 1 travis travis   880 Sep 23 02:19 ModularCodeGen3_A1_B1.mk
-rw-rw-r-- 1 travis travis  1330 Sep 23 02:19 ModularCodeGen3_A1_B1_profile.class
-rw-rw-r-- 1 travis travis  1274 Sep 23 02:19 ModularCodeGen3_A1_B1_profile.java
-rw-rw-r-- 1 travis travis  3741 Sep 23 02:19 ModularCodeGen3_A1_B2.class
-rw-rw-r-- 1 travis travis  9958 Sep 23 02:19 ModularCodeGen3_A1_B2.java
-rw-rw-r-- 1 travis travis   880 Sep 23 02:19 ModularCodeGen3_A1_B2.mk
-rw-rw-r-- 1 travis travis  1330 Sep 23 02:19 ModularCodeGen3_A1_B2_profile.class
-rw-rw-r-- 1 travis travis  1274 Sep 23 02:19 ModularCodeGen3_A1_B2_profile.java
-rw-rw-r-- 1 travis travis  4961 Sep 23 02:19 ModularCodeGen3_A1.class
-rw-rw-r-- 1 travis travis 15564 Sep 23 02:19 ModularCodeGen3_A1.java
-rw-rw-r-- 1 travis travis   856 Sep 23 02:19 ModularCodeGen3_A1.mk
-rw-rw-r-- 1 travis travis  1445 Sep 23 02:19 ModularCodeGen3_A1_profile.class
-rw-rw-r-- 1 travis travis  1716 Sep 23 02:19 ModularCodeGen3_A1_profile.java
-rw-rw-r-- 1 travis travis  3887 Sep 23 02:19 ModularCodeGen3_A2_B1.class
-rw-rw-r-- 1 travis travis 10955 Sep 23 02:19 ModularCodeGen3_A2_B1.java
-rw-rw-r-- 1 travis travis   880 Sep 23 02:19 ModularCodeGen3_A2_B1.mk
-rw-rw-r-- 1 travis travis  1393 Sep 23 02:19 ModularCodeGen3_A2_B1_profile.class
-rw-rw-r-- 1 travis travis  1458 Sep 23 02:19 ModularCodeGen3_A2_B1_profile.java
-rw-rw-r-- 1 travis travis  3741 Sep 23 02:19 ModularCodeGen3_A2_B2.class
-rw-rw-r-- 1 travis travis  9958 Sep 23 02:19 ModularCodeGen3_A2_B2.java
-rw-rw-r-- 1 travis travis   880 Sep 23 02:19 ModularCodeGen3_A2_B2.mk
-rw-rw-r-- 1 travis travis  1330 Sep 23 02:19 ModularCodeGen3_A2_B2_profile.class
-rw-rw-r-- 1 travis travis  1274 Sep 23 02:19 ModularCodeGen3_A2_B2_profile.java
-rw-rw-r-- 1 travis travis  1716 Sep 23 02:19 ModularCodeGen3_A2_profile.java
-rw-rw-r-- 1 travis travis  3954 Sep 23 02:19 ModularCodeGen_ModularCodeGenTypedCompositeActor.class
-rw-rw-r-- 1 travis travis 10970 Sep 23 02:19 ModularCodeGen_ModularCodeGenTypedCompositeActor.java
-rw-rw-r-- 1 travis travis  1096 Sep 23 02:19 ModularCodeGen_ModularCodeGenTypedCompositeActor.mk
-rw-rw-r-- 1 travis travis  1384 Sep 23 02:19 ModularCodeGen_ModularCodeGenTypedCompositeActor_profile.class
-rw-rw-r-- 1 travis travis  1328 Sep 23 02:19 ModularCodeGen_ModularCodeGenTypedCompositeActor_profile.java
-rw-rw-r-- 1 travis travis  3492 Sep 23 02:19 ModularCodeGenTest_A1_A2.class
-rw-rw-r-- 1 travis travis  9164 Sep 23 02:18 ModularCodeGenTest_A1_A2.java
-rw-rw-r-- 1 travis travis   904 Sep 23 02:18 ModularCodeGenTest_A1_A2.mk
-rw-rw-r-- 1 travis travis  1306 Sep 23 02:18 ModularCodeGenTest_A1_A2_profile.class
-rw-rw-r-- 1 travis travis  1228 Sep 23 02:18 ModularCodeGenTest_A1_A2_profile.java
-rw-rw-r-- 1 travis travis  3823 Sep 23 02:19 ModularCodeGenTest_A1.class
-rw-rw-r-- 1 travis travis  9968 Sep 23 02:19 ModularCodeGenTest_A1.java
-rw-rw-r-- 1 travis travis   880 Sep 23 02:19 ModularCodeGenTest_A1.mk
-rw-rw-r-- 1 travis travis  1352 Sep 23 02:19 ModularCodeGenTest_A1_profile.class
-rw-rw-r-- 1 travis travis  1394 Sep 23 02:19 ModularCodeGenTest_A1_profile.java
-rw-rw-r-- 1 travis travis   432 Sep 23 02:19 Token.class
-rw-rw-r-- 1 travis travis   251 Sep 23 02:19 Token.java
In "/home/travis/cg", about to execute:
    javac -classpath
.:/home/travis/build/icyphy/ptII:/home/travis/build/icyphy/ptII/lib/bsh-2.0b4.j
ar:/home/travis/build/icyphy/ptII/lib/ptCal.jar:/home/travis/build/icyphy/ptII/
lib/java_cup.jar:/home/travis/build/icyphy/ptII/lib/saxon8.jar:/home/travis/bui
ld/icyphy/ptII/lib/saxon8-dom.jar:/home/travis/build/icyphy/ptII/lib/chic.jar:/
home/travis/build/icyphy/ptII/lib/ptcolt.jar:/usr/lib/jvm/java-8-oracle/lib/too
ls.jar:/usr/lib/eclipse/plugins/org.eclipse.jdt.core_3.8.2.dist.jar:/usr/lib/ec
lipse/plugins/org.eclipse.core.runtime_3.8.0.dist.jar:/usr/lib/eclipse/plugins/
org.eclipse.osgi_3.8.1.dist.jar:/usr/lib/eclipse/plugins/org.eclipse.core.resou
rces_3.8.1.dist.jar:/usr/lib/eclipse/plugins/org.eclipse.equinox.common_3.6.100
.dist.jar:/usr/lib/eclipse/plugins/org.eclipse.core.jobs_3.5.200.dist.jar:/usr/
lib/eclipse/plugins/org.eclipse.core.contenttype_3.4.200.dist.jar:/usr/lib/ecli
pse/plugins/org.eclipse.equinox.preferences_3.5.0.dist.jar:/usr/lib/eclipse/plu
gins/org.eclipse.text_3.5.200.dist.jar:/usr/lib/eclipse/plugins/org.eclipse.ui.
workbench_3.8.1.dist.jar:/usr/lib/eclipse/plugins/org.eclipse.jface_3.8.0.dist.
jar:/usr/lib/eclipse/plugins/org.eclipse.swt_3.8.2.jar:/usr/lib/eclipse/plugins
/org.eclipse.jface.text_3.8.1.dist.jar:/usr/lib/eclipse/plugins/org.eclipse.ui.
workbench.texteditor_3.8.0.dist.jar:/usr/lib/eclipse/plugins/org.eclipse.ui.edi
tors_3.8.0.dist.jar:/usr/lib/eclipse/plugins/org.eclipse.core.commands_3.6.1.di
st.jar:/usr/lib/eclipse/plugins/org.eclipse.equinox.registry_3.5.200.dist.jar:/
usr/lib/eclipse/plugins/org.eclipse.ui.console_3.5.100.dist.jar:/usr/lib/eclips
e/plugins/org.eclipse.ui.forms_3.5.200.dist.jar:/usr/lib/eclipse/plugins/org.ec
lipse.ui.ide_3.8.1.dist.jar:/home/travis/build/icyphy/ptII/vendors/oracle/dbxml
.jar:/home/travis/build/icyphy/ptII/vendors/oracle/db.jar:/home/travis/build/ic
yphy/ptII/vendors/misc/itext/iText.jar:/home/travis/build/icyphy/ptII/lib/g4ltl
.jar:/home/travis/build/icyphy/ptII/lib/StructuralCoder.jar:/home/travis/build/
icyphy/ptII/lib/org-openide-util.jar:/home/travis/build/icyphy/ptII/lib/org-ope
nide-util-lookup.jar:/home/travis/build/icyphy/ptII/lib/org-netbeans-api-visual
.jar:/home/travis/build/icyphy/ptII/vendors/jai-1_1_2_01/lib/jai_core.jar:/home
/travis/build/icyphy/ptII/vendors/jai-1_1_2_01/lib/jai_codec.jar:/home/travis/b
uild/icyphy/ptII/lib/jcerti.jar:/home/travis/build/icyphy/ptII/lib/smack.jar:/h
ome/travis/build/icyphy/ptII/lib/smackx.jar:/home/travis/build/icyphy/ptII/lib/
jetty-all-8.1.5-v20120716.jar:/home/travis/build/icyphy/ptII/lib/javax.servlet-
api-3.0.1.jar:/home/travis/build/icyphy/ptII/lib/javax.mail.jar:/home/travis/bu
ild/icyphy/ptII/vendors/JMF-2.1.1e/lib/jmf.jar:/home/travis/build/icyphy/ptII/l
ib/jna-4.0.0-variadic.jar:/home/travis/build/icyphy/ptII/vendors/misc/joystick/
Joystick.jar:/home/travis/build/icyphy/ptII/lib/ptjacl.jar:/home/travis/build/i
cyphy/ptII/lib/jsoup-1.8.2.jar:/home/travis/build/icyphy/ptII/lib/junit-4.8.2.j
ar:/home/travis/build/icyphy/ptII/lib/JUnitParams-0.4.0.jar:/home/travis/build/
icyphy/ptII/ptolemy/actor/lib/excel/jxl.jar:/home/travis/build/icyphy/ptII/lib/
jython.jar:/home/travis/build/icyphy/ptII/lib/kieler.jar:/home/travis/build/icy
phy/ptII/vendors/opencv/share/OpenCV/java/opencv-341.jar:/home/travis/build/icy
phy/ptII/lib/oscP5.jar:/home/travis/build/icyphy/ptII/lib/nrjavaserial-3.11.0.d
evel.jar:/home/travis/build/icyphy/ptII/vendors/j3d/lib/j3dcore.jar:/home/travi
s/build/icyphy/ptII/vendors/j3d/lib/j3dutils.jar:/home/travis/build/icyphy/ptII
/vendors/j3d/lib/vecmath.jar:/home/travis/build/icyphy/ptII/ptolemy/distributed
/jini/jar/jini-core.jar:/home/travis/build/icyphy/ptII/ptolemy/distributed/jini
/jar/jini-ext.jar:/home/travis/build/icyphy/ptII/ptolemy/distributed/jini/jar/s
un-util.jar:/home/travis/build/icyphy/ptII/lib/protobuf-java-2.4.1.jar:/home/tr
avis/build/icyphy/ptII/lib/org.eclipse.paho.client.mqttv3.jar:/home/travis/buil
d/icyphy/ptII/ptserver/lib/hessian-4.0.7.jar:/home/travis/build/icyphy/ptII/pts
erver/lib/wmqtt.jar:/home/travis/build/icyphy/ptII/lib/mapss.jar:/home/travis/b
uild/icyphy/ptII/ptolemy/actor/ptalon/antlr/antlr.jar:/home/travis/build/icyphy
/ptII/lib/JRI.jar:/home/travis/build/icyphy/ptII/lib/commons-lang-2.6.jar:/home
/travis/build/icyphy/ptII/lib/commons-logging-1.1.1.jar:/home/travis/build/icyp
hy/ptII/lib/sootclasses.jar:/home/travis/build/icyphy/ptII/ptolemy/actor/lib/da
tabase/mysql-connector-java-5.1.6-bin.jar:/home/travis/build/icyphy/ptII/vendor
s/misc/sphinx4/sphinx4-data-5prealpha.jar:/home/travis/build/icyphy/ptII/vendor
s/misc/sphinx4/sphinx4-core-5prealpha.jar:/home/travis/build/icyphy/ptII/lib/PD
FRenderer.jar:/home/travis/build/icyphy/ptII/lib/svgSalamander.jar:/home/travis
/build/icyphy/ptII/lib/rsyntaxtextarea-2.6.0-SNAPSHOT.jar:/home/travis/build/ic
yphy/ptII/lib/hazelcast-3.8.2.jar:/home/travis/build/icyphy/ptII/lib/jackson-an
notations-2.9.0.jar:/home/travis/build/icyphy/ptII/lib/jackson-core-2.9.3.jar:/
home/travis/build/icyphy/ptII/lib/jackson-databind-2.9.3.jar:/home/travis/build
/icyphy/ptII/lib/netty-buffer-4.1.19.Final.jar:/home/travis/build/icyphy/ptII/l
ib/netty-codec-4.1.19.Final.jar:/home/travis/build/icyphy/ptII/lib/netty-codec-
dns-4.1.19.Final.jar:/home/travis/build/icyphy/ptII/lib/netty-codec-http-4.1.19
.Final.jar:/home/travis/build/icyphy/ptII/lib/netty-codec-http2-4.1.19.Final.ja
r:/home/travis/build/icyphy/ptII/lib/netty-common-4.1.19.Final.jar:/home/travis
/build/icyphy/ptII/lib/netty-handler-4.1.19.Final.jar:/home/travis/build/icyphy
/ptII/lib/netty-resolver-4.1.19.Final.jar:/home/travis/build/icyphy/ptII/lib/ne
tty-resolver-dns-4.1.19.Final.jar:/home/travis/build/icyphy/ptII/lib/netty-tran
sport-4.1.19.Final.jar:/home/travis/build/icyphy/ptII/lib/vertx-codegen-3.5.1.j
ar:/home/travis/build/icyphy/ptII/lib/vertx-core-3.5.2-SNAPSHOT.jar:/home/travi
s/build/icyphy/ptII/lib/vertx-hazelcast-3.5.1.jar:/home/travis/build/icyphy/ptI
I/lib/vertx-lang-js-3.5.1.jar:/home/travis/build/icyphy/ptII/lib/vertx-service-
proxy-3.5.1.jar:/home/travis/build/icyphy/ptII/lib/vertx-web-3.5.1.jar:/home/tr
avis/build/icyphy/ptII/lib/slf4j-api-1.7.13.jar:/home/travis/build/icyphy/ptII/
lib/slf4j-simple-1.7.13.jar:/home/travis/build/icyphy/ptII/lib/webcam-capture-0
.3.12.jar:/home/travis/build/icyphy/ptII/lib/bridj-0.7.0.jar:/home/travis/build
/icyphy/ptII/lib/xbjlib-1.1.0.nrjavaserial.jar:/home/travis/build/icyphy/ptII/p
tolemy/moml/test:/home/travis/build/icyphy/ptII/ant/lib/ant-launcher.jar:/home/
travis/build/icyphy/ptII/ant/lib/ant.jar:/home/travis/build/icyphy/ptII/ant/lib
/ant-junit.jar:/home/travis/build/icyphy/ptII/ant/lib/ant-junit4.jar:/home/trav
is/build/icyphy/ptII ModularCodeGen3_A2_profile.java
warning: Supported source version 'RELEASE_6' from annotation processor 'org.netbeans.modules.openide.util.NbBundleProcessor' less than -source '1.8'
warning: Supported source version 'RELEASE_6' from annotation processor 'org.netbeans.modules.openide.util.URLStreamHandlerRegistrationProcessor' less than -source '1.8'
warning: Supported source version 'RELEASE_6' from annotation processor 'org.netbeans.modules.openide.util.ServiceProviderProcessor' less than -source '1.8'
3 warnings
All Done
Writing ModularCodeGen3_A2.java in file:/home/travis/cg/ (15957 characters)
Reading "ptolemy/cg/kernel/generic/program/procedural/java/modular/makefile.in",
    writing "/home/travis/cg/ModularCodeGen3_A2.mk"
Using ptolemy/cg/kernel/generic/program/procedural/java/modular/makefile.in
In "/home/travis/cg", about to execute:
    make -f ModularCodeGen3_A2.mk
javac -classpath ".:.."    ModularCodeGen3_A2.java
All Done
Manager.initialize() finished: 14529 ms. Memory: 279552K Free: 80968K (29%)
14531 ms. Memory: 279552K Free: 80968K (29%)
----------------- Invoking toplevel() on ptolemy.moml.MoMLSimpleApplication@79989f24
----------------- Done invoking toplevel() on ptolemy.moml.MoMLSimpleApplication@79989f24
reloadAllAccessors: .ModularCodeGen3

===========================================================================================
----------------- testing Sun Sep 23 02:19:51 UTC 2018 /home/travis/build/icyphy/ptII/ptolemy/cg/lib/test/auto/ModularCodeGen4.xml
----------------- Instantiating /home/travis/build/icyphy/ptII/ptolemy/cg/lib/test/auto/ModularCodeGen4.xml
In "/home/travis/cg", about to execute:
    pwd
In "/home/travis/cg", about to execute:
    ls -l
/home/travis/cg
In "/home/travis/cg", about to execute:
    javac -classpath
.:/home/travis/build/icyphy/ptII:/home/travis/build/icyphy/ptII/lib/bsh-2.0b4.j
ar:/home/travis/build/icyphy/ptII/lib/ptCal.jar:/home/travis/build/icyphy/ptII/
lib/java_cup.jar:/home/travis/build/icyphy/ptII/lib/saxon8.jar:/home/travis/bui
ld/icyphy/ptII/lib/saxon8-dom.jar:/home/travis/build/icyphy/ptII/lib/chic.jar:/
home/travis/build/icyphy/ptII/lib/ptcolt.jar:/usr/lib/jvm/java-8-oracle/lib/too
ls.jar:/usr/lib/eclipse/plugins/org.eclipse.jdt.core_3.8.2.dist.jar:/usr/lib/ec
lipse/plugins/org.eclipse.core.runtime_3.8.0.dist.jar:/usr/lib/eclipse/plugins/
org.eclipse.osgi_3.8.1.dist.jar:/usr/lib/eclipse/plugins/org.eclipse.core.resou
rces_3.8.1.dist.jar:/usr/lib/eclipse/plugins/org.eclipse.equinox.common_3.6.100
.dist.jar:/usr/lib/eclipse/plugins/org.eclipse.core.jobs_3.5.200.dist.jar:/usr/
lib/eclipse/plugins/org.eclipse.core.contenttype_3.4.200.dist.jar:/usr/lib/ecli
pse/plugins/org.eclipse.equinox.preferences_3.5.0.dist.jar:/usr/lib/eclipse/plu
gins/org.eclipse.text_3.5.200.dist.jar:/usr/lib/eclipse/plugins/org.eclipse.ui.
workbench_3.8.1.dist.jar:/usr/lib/eclipse/plugins/org.eclipse.jface_3.8.0.dist.
jar:/usr/lib/eclipse/plugins/org.eclipse.swt_3.8.2.jar:/usr/lib/eclipse/plugins
/org.eclipse.jface.text_3.8.1.dist.jar:/usr/lib/eclipse/plugins/org.eclipse.ui.
workbench.texteditor_3.8.0.dist.jar:/usr/lib/eclipse/plugins/org.eclipse.ui.edi
tors_3.8.0.dist.jar:/usr/lib/eclipse/plugins/org.eclipse.core.commands_3.6.1.di
st.jar:/usr/lib/eclipse/plugins/org.eclipse.equinox.registry_3.5.200.dist.jar:/
usr/lib/eclipse/plugins/org.eclipse.ui.console_3.5.100.dist.jar:/usr/lib/eclips
e/plugins/org.eclipse.ui.forms_3.5.200.dist.jar:/usr/lib/eclipse/plugins/org.ec
lipse.ui.ide_3.8.1.dist.jar:/home/travis/build/icyphy/ptII/vendors/oracle/dbxml
.jar:/home/travis/build/icyphy/ptII/vendors/oracle/db.jar:/home/travis/build/ic
yphy/ptII/vendors/misc/itext/iText.jar:/home/travis/build/icyphy/ptII/lib/g4ltl
.jar:/home/travis/build/icyphy/ptII/lib/StructuralCoder.jar:/home/travis/build/
icyphy/ptII/lib/org-openide-util.jar:/home/travis/build/icyphy/ptII/lib/org-ope
nide-util-lookup.jar:/home/travis/build/icyphy/ptII/lib/org-netbeans-api-visual
.jar:/home/travis/build/icyphy/ptII/vendors/jai-1_1_2_01/lib/jai_core.jar:/home
/travis/build/icyphy/ptII/vendors/jai-1_1_2_01/lib/jai_codec.jar:/home/travis/b
uild/icyphy/ptII/lib/jcerti.jar:/home/travis/build/icyphy/ptII/lib/smack.jar:/h
ome/travis/build/icyphy/ptII/lib/smackx.jar:/home/travis/build/icyphy/ptII/lib/
jetty-all-8.1.5-v20120716.jar:/home/travis/build/icyphy/ptII/lib/javax.servlet-
api-3.0.1.jar:/home/travis/build/icyphy/ptII/lib/javax.mail.jar:/home/travis/bu
ild/icyphy/ptII/vendors/JMF-2.1.1e/lib/jmf.jar:/home/travis/build/icyphy/ptII/l
ib/jna-4.0.0-variadic.jar:/home/travis/build/icyphy/ptII/vendors/misc/joystick/
Joystick.jar:/home/travis/build/icyphy/ptII/lib/ptjacl.jar:/home/travis/build/i
cyphy/ptII/lib/jsoup-1.8.2.jar:/home/travis/build/icyphy/ptII/lib/junit-4.8.2.j
ar:/home/travis/build/icyphy/ptII/lib/JUnitParams-0.4.0.jar:/home/travis/build/
icyphy/ptII/ptolemy/actor/lib/excel/jxl.jar:/home/travis/build/icyphy/ptII/lib/
jython.jar:/home/travis/build/icyphy/ptII/lib/kieler.jar:/home/travis/build/icy
phy/ptII/vendors/opencv/share/OpenCV/java/opencv-341.jar:/home/travis/build/icy
phy/ptII/lib/oscP5.jar:/home/travis/build/icyphy/ptII/lib/nrjavaserial-3.11.0.d
evel.jar:/home/travis/build/icyphy/ptII/vendors/j3d/lib/j3dcore.jar:/home/travi
s/build/icyphy/ptII/vendors/j3d/lib/j3dutils.jar:/home/travis/build/icyphy/ptII
/vendors/j3d/lib/vecmath.jar:/home/travis/build/icyphy/ptII/ptolemy/distributed
/jini/jar/jini-core.jar:/home/travis/build/icyphy/ptII/ptolemy/distributed/jini
/jar/jini-ext.jar:/home/travis/build/icyphy/ptII/ptolemy/distributed/jini/jar/s
un-util.jar:/home/travis/build/icyphy/ptII/lib/protobuf-java-2.4.1.jar:/home/tr
avis/build/icyphy/ptII/lib/org.eclipse.paho.client.mqttv3.jar:/home/travis/buil
d/icyphy/ptII/ptserver/lib/hessian-4.0.7.jar:/home/travis/build/icyphy/ptII/pts
erver/lib/wmqtt.jar:/home/travis/build/icyphy/ptII/lib/mapss.jar:/home/travis/b
uild/icyphy/ptII/ptolemy/actor/ptalon/antlr/antlr.jar:/home/travis/build/icyphy
/ptII/lib/JRI.jar:/home/travis/build/icyphy/ptII/lib/commons-lang-2.6.jar:/home
/travis/build/icyphy/ptII/lib/commons-logging-1.1.1.jar:/home/travis/build/icyp
hy/ptII/lib/sootclasses.jar:/home/travis/build/icyphy/ptII/ptolemy/actor/lib/da
tabase/mysql-connector-java-5.1.6-bin.jar:/home/travis/build/icyphy/ptII/vendor
s/misc/sphinx4/sphinx4-data-5prealpha.jar:/home/travis/build/icyphy/ptII/vendor
s/misc/sphinx4/sphinx4-core-5prealpha.jar:/home/travis/build/icyphy/ptII/lib/PD
FRenderer.jar:/home/travis/build/icyphy/ptII/lib/svgSalamander.jar:/home/travis
/build/icyphy/ptII/lib/rsyntaxtextarea-2.6.0-SNAPSHOT.jar:/home/travis/build/ic
yphy/ptII/lib/hazelcast-3.8.2.jar:/home/travis/build/icyphy/ptII/lib/jackson-an
notations-2.9.0.jar:/home/travis/build/icyphy/ptII/lib/jackson-core-2.9.3.jar:/
home/travis/build/icyphy/ptII/lib/jackson-databind-2.9.3.jar:/home/travis/build
/icyphy/ptII/lib/netty-buffer-4.1.19.Final.jar:/home/travis/build/icyphy/ptII/l
ib/netty-codec-4.1.19.Final.jar:/home/travis/build/icyphy/ptII/lib/netty-codec-
dns-4.1.19.Final.jar:/home/travis/build/icyphy/ptII/lib/netty-codec-http-4.1.19
.Final.jar:/home/travis/build/icyphy/ptII/lib/netty-codec-http2-4.1.19.Final.ja
r:/home/travis/build/icyphy/ptII/lib/netty-common-4.1.19.Final.jar:/home/travis
/build/icyphy/ptII/lib/netty-handler-4.1.19.Final.jar:/home/travis/build/icyphy
/ptII/lib/netty-resolver-4.1.19.Final.jar:/home/travis/build/icyphy/ptII/lib/ne
tty-resolver-dns-4.1.19.Final.jar:/home/travis/build/icyphy/ptII/lib/netty-tran
sport-4.1.19.Final.jar:/home/travis/build/icyphy/ptII/lib/vertx-codegen-3.5.1.j
ar:/home/travis/build/icyphy/ptII/lib/vertx-core-3.5.2-SNAPSHOT.jar:/home/travi
s/build/icyphy/ptII/lib/vertx-hazelcast-3.5.1.jar:/home/travis/build/icyphy/ptI
I/lib/vertx-lang-js-3.5.1.jar:/home/travis/build/icyphy/ptII/lib/vertx-service-
proxy-3.5.1.jar:/home/travis/build/icyphy/ptII/lib/vertx-web-3.5.1.jar:/home/tr
avis/build/icyphy/ptII/lib/slf4j-api-1.7.13.jar:/home/travis/build/icyphy/ptII/
lib/slf4j-simple-1.7.13.jar:/home/travis/build/icyphy/ptII/lib/webcam-capture-0
.3.12.jar:/home/travis/build/icyphy/ptII/lib/bridj-0.7.0.jar:/home/travis/build
/icyphy/ptII/lib/xbjlib-1.1.0.nrjavaserial.jar:/home/travis/build/icyphy/ptII/p
tolemy/moml/test:/home/travis/build/icyphy/ptII/ant/lib/ant-launcher.jar:/home/
travis/build/icyphy/ptII/ant/lib/ant.jar:/home/travis/build/icyphy/ptII/ant/lib
/ant-junit.jar:/home/travis/build/icyphy/ptII/ant/lib/ant-junit4.jar:/home/trav
is/build/icyphy/ptII ModularCodeGen4_A1_B1_profile.java
total 728
-rw-rw-r-- 1 travis travis  4895 Sep 23 02:19 CompiledCompositeActor_CompiledCompositeActor.class
-rw-rw-r-- 1 travis travis  1592 Sep 23 02:19 CompiledCompositeActor_CompiledCompositeActor$_CompiledCompositeActor_CompiledCompositeActor.class
-rw-rw-r-- 1 travis travis 13466 Sep 23 02:19 CompiledCompositeActor_CompiledCompositeActor.java
-rw-rw-r-- 1 travis travis  1593 Sep 23 02:19 CompiledCompositeActor_CompiledCompositeActor.mk
-rw-rw-r-- 1 travis travis  4457 Sep 23 02:19 JavaCompiledCompositeTest1_CompiledCompositeActor.class
-rw-rw-r-- 1 travis travis 11637 Sep 23 02:19 JavaCompiledCompositeTest1_CompiledCompositeActor.java
-rw-rw-r-- 1 travis travis  1198 Sep 23 02:19 JavaCompiledCompositeTest1_CompiledCompositeActor$_JavaCompiledCompositeTest1_CompiledCompositeActor.class
-rw-rw-r-- 1 travis travis  1625 Sep 23 02:19 JavaCompiledCompositeTest1_CompiledCompositeActor.mk
-rw-rw-r-- 1 travis travis  4888 Sep 23 02:19 JavaCompiledCompositeTest2_CompiledCompositeActor.class
-rw-rw-r-- 1 travis travis 14919 Sep 23 02:19 JavaCompiledCompositeTest2_CompiledCompositeActor.java
-rw-rw-r-- 1 travis travis  1793 Sep 23 02:19 JavaCompiledCompositeTest2_CompiledCompositeActor$_JavaCompiledCompositeTest2_CompiledCompositeActor.class
-rw-rw-r-- 1 travis travis  1625 Sep 23 02:19 JavaCompiledCompositeTest2_CompiledCompositeActor.mk
-rw-rw-r-- 1 travis travis  4505 Sep 23 02:19 JavaCompiledCompositeTest3_CompiledCompositeActor.class
-rw-rw-r-- 1 travis travis 13080 Sep 23 02:19 JavaCompiledCompositeTest3_CompiledCompositeActor.java
-rw-rw-r-- 1 travis travis  1378 Sep 23 02:19 JavaCompiledCompositeTest3_CompiledCompositeActor$_JavaCompiledCompositeTest3_CompiledCompositeActor.class
-rw-rw-r-- 1 travis travis  1625 Sep 23 02:19 JavaCompiledCompositeTest3_CompiledCompositeActor.mk
-rw-rw-r-- 1 travis travis  3953 Sep 23 02:19 JavaCompiledCompositeTest4_CompiledCompositeActor.class
-rw-rw-r-- 1 travis travis  9687 Sep 23 02:19 JavaCompiledCompositeTest4_CompiledCompositeActor.java
-rw-rw-r-- 1 travis travis   857 Sep 23 02:19 JavaCompiledCompositeTest4_CompiledCompositeActor$_JavaCompiledCompositeTest4_CompiledCompositeActor.class
-rw-rw-r-- 1 travis travis  1625 Sep 23 02:19 JavaCompiledCompositeTest4_CompiledCompositeActor.mk
-rw-rw-r-- 1 travis travis  3693 Sep 23 02:19 ModularCG_A1_B1.class
-rw-rw-r-- 1 travis travis  9730 Sep 23 02:19 ModularCG_A1_B1.java
-rw-rw-r-- 1 travis travis   832 Sep 23 02:19 ModularCG_A1_B1.mk
-rw-rw-r-- 1 travis travis  1318 Sep 23 02:19 ModularCG_A1_B1_profile.class
-rw-rw-r-- 1 travis travis  1262 Sep 23 02:19 ModularCG_A1_B1_profile.java
-rw-rw-r-- 1 travis travis  3693 Sep 23 02:19 ModularCG_A1_B2.class
-rw-rw-r-- 1 travis travis  9730 Sep 23 02:19 ModularCG_A1_B2.java
-rw-rw-r-- 1 travis travis   832 Sep 23 02:19 ModularCG_A1_B2.mk
-rw-rw-r-- 1 travis travis  1318 Sep 23 02:19 ModularCG_A1_B2_profile.class
-rw-rw-r-- 1 travis travis  1262 Sep 23 02:19 ModularCG_A1_B2_profile.java
-rw-rw-r-- 1 travis travis  4799 Sep 23 02:19 ModularCG_A1.class
-rw-rw-r-- 1 travis travis 14742 Sep 23 02:19 ModularCG_A1.java
-rw-rw-r-- 1 travis travis   808 Sep 23 02:19 ModularCG_A1.mk
-rw-rw-r-- 1 travis travis  1433 Sep 23 02:19 ModularCG_A1_profile.class
-rw-rw-r-- 1 travis travis  1704 Sep 23 02:19 ModularCG_A1_profile.java
-rw-rw-r-- 1 travis travis  3827 Sep 23 02:19 ModularCG_A2_B1.class
-rw-rw-r-- 1 travis travis 10667 Sep 23 02:19 ModularCG_A2_B1.java
-rw-rw-r-- 1 travis travis   832 Sep 23 02:19 ModularCG_A2_B1.mk
-rw-rw-r-- 1 travis travis  1381 Sep 23 02:19 ModularCG_A2_B1_profile.class
-rw-rw-r-- 1 travis travis  1446 Sep 23 02:19 ModularCG_A2_B1_profile.java
-rw-rw-r-- 1 travis travis  3693 Sep 23 02:19 ModularCG_A2_B2.class
-rw-rw-r-- 1 travis travis  9730 Sep 23 02:19 ModularCG_A2_B2.java
-rw-rw-r-- 1 travis travis   832 Sep 23 02:19 ModularCG_A2_B2.mk
-rw-rw-r-- 1 travis travis  1318 Sep 23 02:19 ModularCG_A2_B2_profile.class
-rw-rw-r-- 1 travis travis  1262 Sep 23 02:19 ModularCG_A2_B2_profile.java
-rw-rw-r-- 1 travis travis  4870 Sep 23 02:19 ModularCG_A2.class
-rw-rw-r-- 1 travis travis 15129 Sep 23 02:19 ModularCG_A2.java
-rw-rw-r-- 1 travis travis   808 Sep 23 02:19 ModularCG_A2.mk
-rw-rw-r-- 1 travis travis  1433 Sep 23 02:19 ModularCG_A2_profile.class
-rw-rw-r-- 1 travis travis  1704 Sep 23 02:19 ModularCG_A2_profile.java
-rw-rw-r-- 1 travis travis  3473 Sep 23 02:19 ModularCGPubSub_A1_A2.class
-rw-rw-r-- 1 travis travis  9076 Sep 23 02:19 ModularCGPubSub_A1_A2.java
-rw-rw-r-- 1 travis travis   880 Sep 23 02:19 ModularCGPubSub_A1_A2.mk
-rw-rw-r-- 1 travis travis  1300 Sep 23 02:19 ModularCGPubSub_A1_A2_profile.class
-rw-rw-r-- 1 travis travis  1222 Sep 23 02:19 ModularCGPubSub_A1_A2_profile.java
-rw-rw-r-- 1 travis travis  3790 Sep 23 02:19 ModularCGPubSub_A1.class
-rw-rw-r-- 1 travis travis  9836 Sep 23 02:19 ModularCGPubSub_A1.java
-rw-rw-r-- 1 travis travis   856 Sep 23 02:19 ModularCGPubSub_A1.mk
-rw-rw-r-- 1 travis travis  1346 Sep 23 02:19 ModularCGPubSub_A1_profile.class
-rw-rw-r-- 1 travis travis  1388 Sep 23 02:19 ModularCGPubSub_A1_profile.java
-rw-rw-r-- 1 travis travis  3988 Sep 23 02:19 ModularCodeGen2_ModularCodeGenTypedCompositeActor.class
-rw-rw-r-- 1 travis travis 11690 Sep 23 02:19 ModularCodeGen2_ModularCodeGenTypedCompositeActor.java
-rw-rw-r-- 1 travis travis  1104 Sep 23 02:19 ModularCodeGen2_ModularCodeGenTypedCompositeActor.mk
-rw-rw-r-- 1 travis travis  4272 Sep 23 02:19 ModularCodeGen2_ModularCodeGenTypedCompositeActor_ModularCodeGenTypedCompositeActor.class
-rw-rw-r-- 1 travis travis 11790 Sep 23 02:19 ModularCodeGen2_ModularCodeGenTypedCompositeActor_ModularCodeGenTypedCompositeActor.java
-rw-rw-r-- 1 travis travis  1376 Sep 23 02:19 ModularCodeGen2_ModularCodeGenTypedCompositeActor_ModularCodeGenTypedCompositeActor.mk
-rw-rw-r-- 1 travis travis  1421 Sep 23 02:19 ModularCodeGen2_ModularCodeGenTypedCompositeActor_ModularCodeGenTypedCompositeActor_profile.class
-rw-rw-r-- 1 travis travis  1294 Sep 23 02:19 ModularCodeGen2_ModularCodeGenTypedCompositeActor_ModularCodeGenTypedCompositeActor_profile.java
-rw-rw-r-- 1 travis travis   820 Sep 23 02:19 ModularCodeGen2_ModularCodeGenTypedCompositeActor_profile.class
-rw-rw-r-- 1 travis travis   693 Sep 23 02:19 ModularCodeGen2_ModularCodeGenTypedCompositeActor_profile.java
-rw-rw-r-- 1 travis travis  3741 Sep 23 02:19 ModularCodeGen3_A1_B1.class
-rw-rw-r-- 1 travis travis  9958 Sep 23 02:19 ModularCodeGen3_A1_B1.java
-rw-rw-r-- 1 travis travis   880 Sep 23 02:19 ModularCodeGen3_A1_B1.mk
-rw-rw-r-- 1 travis travis  1330 Sep 23 02:19 ModularCodeGen3_A1_B1_profile.class
-rw-rw-r-- 1 travis travis  1274 Sep 23 02:19 ModularCodeGen3_A1_B1_profile.java
-rw-rw-r-- 1 travis travis  3741 Sep 23 02:19 ModularCodeGen3_A1_B2.class
-rw-rw-r-- 1 travis travis  9958 Sep 23 02:19 ModularCodeGen3_A1_B2.java
-rw-rw-r-- 1 travis travis   880 Sep 23 02:19 ModularCodeGen3_A1_B2.mk
-rw-rw-r-- 1 travis travis  1330 Sep 23 02:19 ModularCodeGen3_A1_B2_profile.class
-rw-rw-r-- 1 travis travis  1274 Sep 23 02:19 ModularCodeGen3_A1_B2_profile.java
-rw-rw-r-- 1 travis travis  4961 Sep 23 02:19 ModularCodeGen3_A1.class
-rw-rw-r-- 1 travis travis 15564 Sep 23 02:19 ModularCodeGen3_A1.java
-rw-rw-r-- 1 travis travis   856 Sep 23 02:19 ModularCodeGen3_A1.mk
-rw-rw-r-- 1 travis travis  1445 Sep 23 02:19 ModularCodeGen3_A1_profile.class
-rw-rw-r-- 1 travis travis  1716 Sep 23 02:19 ModularCodeGen3_A1_profile.java
-rw-rw-r-- 1 travis travis  3887 Sep 23 02:19 ModularCodeGen3_A2_B1.class
-rw-rw-r-- 1 travis travis 10955 Sep 23 02:19 ModularCodeGen3_A2_B1.java
-rw-rw-r-- 1 travis travis   880 Sep 23 02:19 ModularCodeGen3_A2_B1.mk
-rw-rw-r-- 1 travis travis  1393 Sep 23 02:19 ModularCodeGen3_A2_B1_profile.class
-rw-rw-r-- 1 travis travis  1458 Sep 23 02:19 ModularCodeGen3_A2_B1_profile.java
-rw-rw-r-- 1 travis travis  3741 Sep 23 02:19 ModularCodeGen3_A2_B2.class
-rw-rw-r-- 1 travis travis  9958 Sep 23 02:19 ModularCodeGen3_A2_B2.java
-rw-rw-r-- 1 travis travis   880 Sep 23 02:19 ModularCodeGen3_A2_B2.mk
-rw-rw-r-- 1 travis travis  1330 Sep 23 02:19 ModularCodeGen3_A2_B2_profile.class
-rw-rw-r-- 1 travis travis  1274 Sep 23 02:19 ModularCodeGen3_A2_B2_profile.java
-rw-rw-r-- 1 travis travis  5038 Sep 23 02:19 ModularCodeGen3_A2.class
-rw-rw-r-- 1 travis travis 15957 Sep 23 02:19 ModularCodeGen3_A2.java
-rw-rw-r-- 1 travis travis   856 Sep 23 02:19 ModularCodeGen3_A2.mk
-rw-rw-r-- 1 travis travis  1445 Sep 23 02:19 ModularCodeGen3_A2_profile.class
-rw-rw-r-- 1 travis travis  1716 Sep 23 02:19 ModularCodeGen3_A2_profile.java
-rw-rw-r-- 1 travis travis  1273 Sep 23 02:19 ModularCodeGen4_A1_B1_profile.java
-rw-rw-r-- 1 travis travis  3954 Sep 23 02:19 ModularCodeGen_ModularCodeGenTypedCompositeActor.class
-rw-rw-r-- 1 travis travis 10970 Sep 23 02:19 ModularCodeGen_ModularCodeGenTypedCompositeActor.java
-rw-rw-r-- 1 travis travis  1096 Sep 23 02:19 ModularCodeGen_ModularCodeGenTypedCompositeActor.mk
-rw-rw-r-- 1 travis travis  1384 Sep 23 02:19 ModularCodeGen_ModularCodeGenTypedCompositeActor_profile.class
-rw-rw-r-- 1 travis travis  1328 Sep 23 02:19 ModularCodeGen_ModularCodeGenTypedCompositeActor_profile.java
-rw-rw-r-- 1 travis travis  3492 Sep 23 02:19 ModularCodeGenTest_A1_A2.class
-rw-rw-r-- 1 travis travis  9164 Sep 23 02:18 ModularCodeGenTest_A1_A2.java
-rw-rw-r-- 1 travis travis   904 Sep 23 02:18 ModularCodeGenTest_A1_A2.mk
-rw-rw-r-- 1 travis travis  1306 Sep 23 02:18 ModularCodeGenTest_A1_A2_profile.class
-rw-rw-r-- 1 travis travis  1228 Sep 23 02:18 ModularCodeGenTest_A1_A2_profile.java
-rw-rw-r-- 1 travis travis  3823 Sep 23 02:19 ModularCodeGenTest_A1.class
-rw-rw-r-- 1 travis travis  9968 Sep 23 02:19 ModularCodeGenTest_A1.java
-rw-rw-r-- 1 travis travis   880 Sep 23 02:19 ModularCodeGenTest_A1.mk
-rw-rw-r-- 1 travis travis  1352 Sep 23 02:19 ModularCodeGenTest_A1_profile.class
-rw-rw-r-- 1 travis travis  1394 Sep 23 02:19 ModularCodeGenTest_A1_profile.java
-rw-rw-r-- 1 travis travis   432 Sep 23 02:19 Token.class
-rw-rw-r-- 1 travis travis   251 Sep 23 02:19 Token.java
warning: Supported source version 'RELEASE_6' from annotation processor 'org.netbeans.modules.openide.util.NbBundleProcessor' less than -source '1.8'
warning: Supported source version 'RELEASE_6' from annotation processor 'org.netbeans.modules.openide.util.URLStreamHandlerRegistrationProcessor' less than -source '1.8'
warning: Supported source version 'RELEASE_6' from annotation processor 'org.netbeans.modules.openide.util.ServiceProviderProcessor' less than -source '1.8'
3 warnings
All Done
Writing ModularCodeGen4_A1_B1.java in file:/home/travis/cg/ (10312 characters)
Reading "ptolemy/cg/kernel/generic/program/procedural/java/modular/makefile.in",
    writing "/home/travis/cg/ModularCodeGen4_A1_B1.mk"
Using ptolemy/cg/kernel/generic/program/procedural/java/modular/makefile.in
In "/home/travis/cg", about to execute:
    make -f ModularCodeGen4_A1_B1.mk
javac -classpath ".:.."    ModularCodeGen4_A1_B1.java
All Done
In "/home/travis/cg", about to execute:
    pwd
/home/travis/cg
In "/home/travis/cg", about to execute:
    ls -l
total 756
-rw-rw-r-- 1 travis travis  4895 Sep 23 02:19 CompiledCompositeActor_CompiledCompositeActor.class
-rw-rw-r-- 1 travis travis  1592 Sep 23 02:19 CompiledCompositeActor_CompiledCompositeActor$_CompiledCompositeActor_CompiledCompositeActor.class
-rw-rw-r-- 1 travis travis 13466 Sep 23 02:19 CompiledCompositeActor_CompiledCompositeActor.java
-rw-rw-r-- 1 travis travis  1593 Sep 23 02:19 CompiledCompositeActor_CompiledCompositeActor.mk
-rw-rw-r-- 1 travis travis  4457 Sep 23 02:19 JavaCompiledCompositeTest1_CompiledCompositeActor.class
-rw-rw-r-- 1 travis travis 11637 Sep 23 02:19 JavaCompiledCompositeTest1_CompiledCompositeActor.java
-rw-rw-r-- 1 travis travis  1198 Sep 23 02:19 JavaCompiledCompositeTest1_CompiledCompositeActor$_JavaCompiledCompositeTest1_CompiledCompositeActor.class
-rw-rw-r-- 1 travis travis  1625 Sep 23 02:19 JavaCompiledCompositeTest1_CompiledCompositeActor.mk
-rw-rw-r-- 1 travis travis  4888 Sep 23 02:19 JavaCompiledCompositeTest2_CompiledCompositeActor.class
-rw-rw-r-- 1 travis travis 14919 Sep 23 02:19 JavaCompiledCompositeTest2_CompiledCompositeActor.java
-rw-rw-r-- 1 travis travis  1793 Sep 23 02:19 JavaCompiledCompositeTest2_CompiledCompositeActor$_JavaCompiledCompositeTest2_CompiledCompositeActor.class
-rw-rw-r-- 1 travis travis  1625 Sep 23 02:19 JavaCompiledCompositeTest2_CompiledCompositeActor.mk
-rw-rw-r-- 1 travis travis  4505 Sep 23 02:19 JavaCompiledCompositeTest3_CompiledCompositeActor.class
-rw-rw-r-- 1 travis travis 13080 Sep 23 02:19 JavaCompiledCompositeTest3_CompiledCompositeActor.java
-rw-rw-r-- 1 travis travis  1378 Sep 23 02:19 JavaCompiledCompositeTest3_CompiledCompositeActor$_JavaCompiledCompositeTest3_CompiledCompositeActor.class
-rw-rw-r-- 1 travis travis  1625 Sep 23 02:19 JavaCompiledCompositeTest3_CompiledCompositeActor.mk
-rw-rw-r-- 1 travis travis  3953 Sep 23 02:19 JavaCompiledCompositeTest4_CompiledCompositeActor.class
-rw-rw-r-- 1 travis travis  9687 Sep 23 02:19 JavaCompiledCompositeTest4_CompiledCompositeActor.java
-rw-rw-r-- 1 travis travis   857 Sep 23 02:19 JavaCompiledCompositeTest4_CompiledCompositeActor$_JavaCompiledCompositeTest4_CompiledCompositeActor.class
-rw-rw-r-- 1 travis travis  1625 Sep 23 02:19 JavaCompiledCompositeTest4_CompiledCompositeActor.mk
-rw-rw-r-- 1 travis travis  3693 Sep 23 02:19 ModularCG_A1_B1.class
-rw-rw-r-- 1 travis travis  9730 Sep 23 02:19 ModularCG_A1_B1.java
-rw-rw-r-- 1 travis travis   832 Sep 23 02:19 ModularCG_A1_B1.mk
-rw-rw-r-- 1 travis travis  1318 Sep 23 02:19 ModularCG_A1_B1_profile.class
-rw-rw-r-- 1 travis travis  1262 Sep 23 02:19 ModularCG_A1_B1_profile.java
-rw-rw-r-- 1 travis travis  3693 Sep 23 02:19 ModularCG_A1_B2.class
-rw-rw-r-- 1 travis travis  9730 Sep 23 02:19 ModularCG_A1_B2.java
-rw-rw-r-- 1 travis travis   832 Sep 23 02:19 ModularCG_A1_B2.mk
-rw-rw-r-- 1 travis travis  1318 Sep 23 02:19 ModularCG_A1_B2_profile.class
-rw-rw-r-- 1 travis travis  1262 Sep 23 02:19 ModularCG_A1_B2_profile.java
-rw-rw-r-- 1 travis travis  4799 Sep 23 02:19 ModularCG_A1.class
-rw-rw-r-- 1 travis travis 14742 Sep 23 02:19 ModularCG_A1.java
-rw-rw-r-- 1 travis travis   808 Sep 23 02:19 ModularCG_A1.mk
-rw-rw-r-- 1 travis travis  1433 Sep 23 02:19 ModularCG_A1_profile.class
-rw-rw-r-- 1 travis travis  1704 Sep 23 02:19 ModularCG_A1_profile.java
-rw-rw-r-- 1 travis travis  3827 Sep 23 02:19 ModularCG_A2_B1.class
-rw-rw-r-- 1 travis travis 10667 Sep 23 02:19 ModularCG_A2_B1.java
-rw-rw-r-- 1 travis travis   832 Sep 23 02:19 ModularCG_A2_B1.mk
-rw-rw-r-- 1 travis travis  1381 Sep 23 02:19 ModularCG_A2_B1_profile.class
-rw-rw-r-- 1 travis travis  1446 Sep 23 02:19 ModularCG_A2_B1_profile.java
-rw-rw-r-- 1 travis travis  3693 Sep 23 02:19 ModularCG_A2_B2.class
-rw-rw-r-- 1 travis travis  9730 Sep 23 02:19 ModularCG_A2_B2.java
-rw-rw-r-- 1 travis travis   832 Sep 23 02:19 ModularCG_A2_B2.mk
-rw-rw-r-- 1 travis travis  1318 Sep 23 02:19 ModularCG_A2_B2_profile.class
-rw-rw-r-- 1 travis travis  1262 Sep 23 02:19 ModularCG_A2_B2_profile.java
-rw-rw-r-- 1 travis travis  4870 Sep 23 02:19 ModularCG_A2.class
-rw-rw-r-- 1 travis travis 15129 Sep 23 02:19 ModularCG_A2.java
-rw-rw-r-- 1 travis travis   808 Sep 23 02:19 ModularCG_A2.mk
-rw-rw-r-- 1 travis travis  1433 Sep 23 02:19 ModularCG_A2_profile.class
-rw-rw-r-- 1 travis travis  1704 Sep 23 02:19 ModularCG_A2_profile.java
-rw-rw-r-- 1 travis travis  3473 Sep 23 02:19 ModularCGPubSub_A1_A2.class
-rw-rw-r-- 1 travis travis  9076 Sep 23 02:19 ModularCGPubSub_A1_A2.java
-rw-rw-r-- 1 travis travis   880 Sep 23 02:19 ModularCGPubSub_A1_A2.mk
-rw-rw-r-- 1 travis travis  1300 Sep 23 02:19 ModularCGPubSub_A1_A2_profile.class
-rw-rw-r-- 1 travis travis  1222 Sep 23 02:19 ModularCGPubSub_A1_A2_profile.java
-rw-rw-r-- 1 travis travis  3790 Sep 23 02:19 ModularCGPubSub_A1.class
-rw-rw-r-- 1 travis travis  9836 Sep 23 02:19 ModularCGPubSub_A1.java
-rw-rw-r-- 1 travis travis   856 Sep 23 02:19 ModularCGPubSub_A1.mk
-rw-rw-r-- 1 travis travis  1346 Sep 23 02:19 ModularCGPubSub_A1_profile.class
-rw-rw-r-- 1 travis travis  1388 Sep 23 02:19 ModularCGPubSub_A1_profile.java
-rw-rw-r-- 1 travis travis  3988 Sep 23 02:19 ModularCodeGen2_ModularCodeGenTypedCompositeActor.class
-rw-rw-r-- 1 travis travis 11690 Sep 23 02:19 ModularCodeGen2_ModularCodeGenTypedCompositeActor.java
-rw-rw-r-- 1 travis travis  1104 Sep 23 02:19 ModularCodeGen2_ModularCodeGenTypedCompositeActor.mk
-rw-rw-r-- 1 travis travis  4272 Sep 23 02:19 ModularCodeGen2_ModularCodeGenTypedCompositeActor_ModularCodeGenTypedCompositeActor.class
-rw-rw-r-- 1 travis travis 11790 Sep 23 02:19 ModularCodeGen2_ModularCodeGenTypedCompositeActor_ModularCodeGenTypedCompositeActor.java
-rw-rw-r-- 1 travis travis  1376 Sep 23 02:19 ModularCodeGen2_ModularCodeGenTypedCompositeActor_ModularCodeGenTypedCompositeActor.mk
-rw-rw-r-- 1 travis travis  1421 Sep 23 02:19 ModularCodeGen2_ModularCodeGenTypedCompositeActor_ModularCodeGenTypedCompositeActor_profile.class
-rw-rw-r-- 1 travis travis  1294 Sep 23 02:19 ModularCodeGen2_ModularCodeGenTypedCompositeActor_ModularCodeGenTypedCompositeActor_profile.java
-rw-rw-r-- 1 travis travis   820 Sep 23 02:19 ModularCodeGen2_ModularCodeGenTypedCompositeActor_profile.class
-rw-rw-r-- 1 travis travis   693 Sep 23 02:19 ModularCodeGen2_ModularCodeGenTypedCompositeActor_profile.java
-rw-rw-r-- 1 travis travis  3741 Sep 23 02:19 ModularCodeGen3_A1_B1.class
-rw-rw-r-- 1 travis travis  9958 Sep 23 02:19 ModularCodeGen3_A1_B1.java
-rw-rw-r-- 1 travis travis   880 Sep 23 02:19 ModularCodeGen3_A1_B1.mk
-rw-rw-r-- 1 travis travis  1330 Sep 23 02:19 ModularCodeGen3_A1_B1_profile.class
-rw-rw-r-- 1 travis travis  1274 Sep 23 02:19 ModularCodeGen3_A1_B1_profile.java
-rw-rw-r-- 1 travis travis  3741 Sep 23 02:19 ModularCodeGen3_A1_B2.class
-rw-rw-r-- 1 travis travis  9958 Sep 23 02:19 ModularCodeGen3_A1_B2.java
-rw-rw-r-- 1 travis travis   880 Sep 23 02:19 ModularCodeGen3_A1_B2.mk
-rw-rw-r-- 1 travis travis  1330 Sep 23 02:19 ModularCodeGen3_A1_B2_profile.class
-rw-rw-r-- 1 travis travis  1274 Sep 23 02:19 ModularCodeGen3_A1_B2_profile.java
-rw-rw-r-- 1 travis travis  4961 Sep 23 02:19 ModularCodeGen3_A1.class
-rw-rw-r-- 1 travis travis 15564 Sep 23 02:19 ModularCodeGen3_A1.java
-rw-rw-r-- 1 travis travis   856 Sep 23 02:19 ModularCodeGen3_A1.mk
-rw-rw-r-- 1 travis travis  1445 Sep 23 02:19 ModularCodeGen3_A1_profile.class
-rw-rw-r-- 1 travis travis  1716 Sep 23 02:19 ModularCodeGen3_A1_profile.java
-rw-rw-r-- 1 travis travis  3887 Sep 23 02:19 ModularCodeGen3_A2_B1.class
-rw-rw-r-- 1 travis travis 10955 Sep 23 02:19 ModularCodeGen3_A2_B1.java
-rw-rw-r-- 1 travis travis   880 Sep 23 02:19 ModularCodeGen3_A2_B1.mk
-rw-rw-r-- 1 travis travis  1393 Sep 23 02:19 ModularCodeGen3_A2_B1_profile.class
-rw-rw-r-- 1 travis travis  1458 Sep 23 02:19 ModularCodeGen3_A2_B1_profile.java
-rw-rw-r-- 1 travis travis  3741 Sep 23 02:19 ModularCodeGen3_A2_B2.class
-rw-rw-r-- 1 travis travis  9958 Sep 23 02:19 ModularCodeGen3_A2_B2.java
-rw-rw-r-- 1 travis travis   880 Sep 23 02:19 ModularCodeGen3_A2_B2.mk
-rw-rw-r-- 1 travis travis  1330 Sep 23 02:19 ModularCodeGen3_A2_B2_profile.class
-rw-rw-r-- 1 travis travis  1274 Sep 23 02:19 ModularCodeGen3_A2_B2_profile.java
-rw-rw-r-- 1 travis travis  5038 Sep 23 02:19 ModularCodeGen3_A2.class
-rw-rw-r-- 1 travis travis 15957 Sep 23 02:19 ModularCodeGen3_A2.java
-rw-rw-r-- 1 travis travis   856 Sep 23 02:19 ModularCodeGen3_A2.mk
-rw-rw-r-- 1 travis travis  1445 Sep 23 02:19 ModularCodeGen3_A2_profile.class
-rw-rw-r-- 1 travis travis  1716 Sep 23 02:19 ModularCodeGen3_A2_profile.java
-rw-rw-r-- 1 travis travis  3794 Sep 23 02:19 ModularCodeGen4_A1_B1.class
-rw-rw-r-- 1 travis travis 10312 Sep 23 02:19 ModularCodeGen4_A1_B1.java
In "/home/travis/cg", about to execute:
-rw-rw-r-- 1 travis travis   880 Sep 23 02:19 ModularCodeGen4_A1_B1.mk
-rw-rw-r-- 1 travis travis  1330 Sep 23 02:19 ModularCodeGen4_A1_B1_profile.class
-rw-rw-r-- 1 travis travis  1273 Sep 23 02:19 ModularCodeGen4_A1_B1_profile.java
-rw-rw-r-- 1 travis travis  1273 Sep 23 02:19 ModularCodeGen4_A1_B2_profile.java
-rw-rw-r-- 1 travis travis  3954 Sep 23 02:19 ModularCodeGen_ModularCodeGenTypedCompositeActor.class
-rw-rw-r-- 1 travis travis 10970 Sep 23 02:19 ModularCodeGen_ModularCodeGenTypedCompositeActor.java
-rw-rw-r-- 1 travis travis  1096 Sep 23 02:19 ModularCodeGen_ModularCodeGenTypedCompositeActor.mk
-rw-rw-r-- 1 travis travis  1384 Sep 23 02:19 ModularCodeGen_ModularCodeGenTypedCompositeActor_profile.class
-rw-rw-r-- 1 travis travis  1328 Sep 23 02:19 ModularCodeGen_ModularCodeGenTypedCompositeActor_profile.java
-rw-rw-r-- 1 travis travis  3492 Sep 23 02:19 ModularCodeGenTest_A1_A2.class
-rw-rw-r-- 1 travis travis  9164 Sep 23 02:18 ModularCodeGenTest_A1_A2.java
-rw-rw-r-- 1 travis travis   904 Sep 23 02:18 ModularCodeGenTest_A1_A2.mk
-rw-rw-r-- 1 travis travis  1306 Sep 23 02:18 ModularCodeGenTest_A1_A2_profile.class
-rw-rw-r-- 1 travis travis  1228 Sep 23 02:18 ModularCodeGenTest_A1_A2_profile.java
-rw-rw-r-- 1 travis travis  3823 Sep 23 02:19 ModularCodeGenTest_A1.class
-rw-rw-r-- 1 travis travis  9968 Sep 23 02:19 ModularCodeGenTest_A1.java
-rw-rw-r-- 1 travis travis   880 Sep 23 02:19 ModularCodeGenTest_A1.mk
-rw-rw-r-- 1 travis travis  1352 Sep 23 02:19 ModularCodeGenTest_A1_profile.class
-rw-rw-r-- 1 travis travis  1394 Sep 23 02:19 ModularCodeGenTest_A1_profile.java
-rw-rw-r-- 1 travis travis   432 Sep 23 02:19 Token.class
-rw-rw-r-- 1 travis travis   251 Sep 23 02:19 Token.java
    javac -classpath
.:/home/travis/build/icyphy/ptII:/home/travis/build/icyphy/ptII/lib/bsh-2.0b4.j
ar:/home/travis/build/icyphy/ptII/lib/ptCal.jar:/home/travis/build/icyphy/ptII/
lib/java_cup.jar:/home/travis/build/icyphy/ptII/lib/saxon8.jar:/home/travis/bui
ld/icyphy/ptII/lib/saxon8-dom.jar:/home/travis/build/icyphy/ptII/lib/chic.jar:/
home/travis/build/icyphy/ptII/lib/ptcolt.jar:/usr/lib/jvm/java-8-oracle/lib/too
ls.jar:/usr/lib/eclipse/plugins/org.eclipse.jdt.core_3.8.2.dist.jar:/usr/lib/ec
lipse/plugins/org.eclipse.core.runtime_3.8.0.dist.jar:/usr/lib/eclipse/plugins/
org.eclipse.osgi_3.8.1.dist.jar:/usr/lib/eclipse/plugins/org.eclipse.core.resou
rces_3.8.1.dist.jar:/usr/lib/eclipse/plugins/org.eclipse.equinox.common_3.6.100
.dist.jar:/usr/lib/eclipse/plugins/org.eclipse.core.jobs_3.5.200.dist.jar:/usr/
lib/eclipse/plugins/org.eclipse.core.contenttype_3.4.200.dist.jar:/usr/lib/ecli
pse/plugins/org.eclipse.equinox.preferences_3.5.0.dist.jar:/usr/lib/eclipse/plu
gins/org.eclipse.text_3.5.200.dist.jar:/usr/lib/eclipse/plugins/org.eclipse.ui.
workbench_3.8.1.dist.jar:/usr/lib/eclipse/plugins/org.eclipse.jface_3.8.0.dist.
jar:/usr/lib/eclipse/plugins/org.eclipse.swt_3.8.2.jar:/usr/lib/eclipse/plugins
/org.eclipse.jface.text_3.8.1.dist.jar:/usr/lib/eclipse/plugins/org.eclipse.ui.
workbench.texteditor_3.8.0.dist.jar:/usr/lib/eclipse/plugins/org.eclipse.ui.edi
tors_3.8.0.dist.jar:/usr/lib/eclipse/plugins/org.eclipse.core.commands_3.6.1.di
st.jar:/usr/lib/eclipse/plugins/org.eclipse.equinox.registry_3.5.200.dist.jar:/
usr/lib/eclipse/plugins/org.eclipse.ui.console_3.5.100.dist.jar:/usr/lib/eclips
e/plugins/org.eclipse.ui.forms_3.5.200.dist.jar:/usr/lib/eclipse/plugins/org.ec
lipse.ui.ide_3.8.1.dist.jar:/home/travis/build/icyphy/ptII/vendors/oracle/dbxml
.jar:/home/travis/build/icyphy/ptII/vendors/oracle/db.jar:/home/travis/build/ic
yphy/ptII/vendors/misc/itext/iText.jar:/home/travis/build/icyphy/ptII/lib/g4ltl
.jar:/home/travis/build/icyphy/ptII/lib/StructuralCoder.jar:/home/travis/build/
icyphy/ptII/lib/org-openide-util.jar:/home/travis/build/icyphy/ptII/lib/org-ope
nide-util-lookup.jar:/home/travis/build/icyphy/ptII/lib/org-netbeans-api-visual
.jar:/home/travis/build/icyphy/ptII/vendors/jai-1_1_2_01/lib/jai_core.jar:/home
/travis/build/icyphy/ptII/vendors/jai-1_1_2_01/lib/jai_codec.jar:/home/travis/b
uild/icyphy/ptII/lib/jcerti.jar:/home/travis/build/icyphy/ptII/lib/smack.jar:/h
ome/travis/build/icyphy/ptII/lib/smackx.jar:/home/travis/build/icyphy/ptII/lib/
jetty-all-8.1.5-v20120716.jar:/home/travis/build/icyphy/ptII/lib/javax.servlet-
api-3.0.1.jar:/home/travis/build/icyphy/ptII/lib/javax.mail.jar:/home/travis/bu
ild/icyphy/ptII/vendors/JMF-2.1.1e/lib/jmf.jar:/home/travis/build/icyphy/ptII/l
ib/jna-4.0.0-variadic.jar:/home/travis/build/icyphy/ptII/vendors/misc/joystick/
Joystick.jar:/home/travis/build/icyphy/ptII/lib/ptjacl.jar:/home/travis/build/i
cyphy/ptII/lib/jsoup-1.8.2.jar:/home/travis/build/icyphy/ptII/lib/junit-4.8.2.j
ar:/home/travis/build/icyphy/ptII/lib/JUnitParams-0.4.0.jar:/home/travis/build/
icyphy/ptII/ptolemy/actor/lib/excel/jxl.jar:/home/travis/build/icyphy/ptII/lib/
jython.jar:/home/travis/build/icyphy/ptII/lib/kieler.jar:/home/travis/build/icy
phy/ptII/vendors/opencv/share/OpenCV/java/opencv-341.jar:/home/travis/build/icy
phy/ptII/lib/oscP5.jar:/home/travis/build/icyphy/ptII/lib/nrjavaserial-3.11.0.d
evel.jar:/home/travis/build/icyphy/ptII/vendors/j3d/lib/j3dcore.jar:/home/travi
s/build/icyphy/ptII/vendors/j3d/lib/j3dutils.jar:/home/travis/build/icyphy/ptII
/vendors/j3d/lib/vecmath.jar:/home/travis/build/icyphy/ptII/ptolemy/distributed
/jini/jar/jini-core.jar:/home/travis/build/icyphy/ptII/ptolemy/distributed/jini
/jar/jini-ext.jar:/home/travis/build/icyphy/ptII/ptolemy/distributed/jini/jar/s
un-util.jar:/home/travis/build/icyphy/ptII/lib/protobuf-java-2.4.1.jar:/home/tr
avis/build/icyphy/ptII/lib/org.eclipse.paho.client.mqttv3.jar:/home/travis/buil
d/icyphy/ptII/ptserver/lib/hessian-4.0.7.jar:/home/travis/build/icyphy/ptII/pts
erver/lib/wmqtt.jar:/home/travis/build/icyphy/ptII/lib/mapss.jar:/home/travis/b
uild/icyphy/ptII/ptolemy/actor/ptalon/antlr/antlr.jar:/home/travis/build/icyphy
/ptII/lib/JRI.jar:/home/travis/build/icyphy/ptII/lib/commons-lang-2.6.jar:/home
/travis/build/icyphy/ptII/lib/commons-logging-1.1.1.jar:/home/travis/build/icyp
hy/ptII/lib/sootclasses.jar:/home/travis/build/icyphy/ptII/ptolemy/actor/lib/da
tabase/mysql-connector-java-5.1.6-bin.jar:/home/travis/build/icyphy/ptII/vendor
s/misc/sphinx4/sphinx4-data-5prealpha.jar:/home/travis/build/icyphy/ptII/vendor
s/misc/sphinx4/sphinx4-core-5prealpha.jar:/home/travis/build/icyphy/ptII/lib/PD
FRenderer.jar:/home/travis/build/icyphy/ptII/lib/svgSalamander.jar:/home/travis
/build/icyphy/ptII/lib/rsyntaxtextarea-2.6.0-SNAPSHOT.jar:/home/travis/build/ic
yphy/ptII/lib/hazelcast-3.8.2.jar:/home/travis/build/icyphy/ptII/lib/jackson-an
notations-2.9.0.jar:/home/travis/build/icyphy/ptII/lib/jackson-core-2.9.3.jar:/
home/travis/build/icyphy/ptII/lib/jackson-databind-2.9.3.jar:/home/travis/build
/icyphy/ptII/lib/netty-buffer-4.1.19.Final.jar:/home/travis/build/icyphy/ptII/l
ib/netty-codec-4.1.19.Final.jar:/home/travis/build/icyphy/ptII/lib/netty-codec-
dns-4.1.19.Final.jar:/home/travis/build/icyphy/ptII/lib/netty-codec-http-4.1.19
.Final.jar:/home/travis/build/icyphy/ptII/lib/netty-codec-http2-4.1.19.Final.ja
r:/home/travis/build/icyphy/ptII/lib/netty-common-4.1.19.Final.jar:/home/travis
/build/icyphy/ptII/lib/netty-handler-4.1.19.Final.jar:/home/travis/build/icyphy
/ptII/lib/netty-resolver-4.1.19.Final.jar:/home/travis/build/icyphy/ptII/lib/ne
tty-resolver-dns-4.1.19.Final.jar:/home/travis/build/icyphy/ptII/lib/netty-tran
sport-4.1.19.Final.jar:/home/travis/build/icyphy/ptII/lib/vertx-codegen-3.5.1.j
ar:/home/travis/build/icyphy/ptII/lib/vertx-core-3.5.2-SNAPSHOT.jar:/home/travi
s/build/icyphy/ptII/lib/vertx-hazelcast-3.5.1.jar:/home/travis/build/icyphy/ptI
I/lib/vertx-lang-js-3.5.1.jar:/home/travis/build/icyphy/ptII/lib/vertx-service-
proxy-3.5.1.jar:/home/travis/build/icyphy/ptII/lib/vertx-web-3.5.1.jar:/home/tr
avis/build/icyphy/ptII/lib/slf4j-api-1.7.13.jar:/home/travis/build/icyphy/ptII/
lib/slf4j-simple-1.7.13.jar:/home/travis/build/icyphy/ptII/lib/webcam-capture-0
.3.12.jar:/home/travis/build/icyphy/ptII/lib/bridj-0.7.0.jar:/home/travis/build
/icyphy/ptII/lib/xbjlib-1.1.0.nrjavaserial.jar:/home/travis/build/icyphy/ptII/p
tolemy/moml/test:/home/travis/build/icyphy/ptII/ant/lib/ant-launcher.jar:/home/
travis/build/icyphy/ptII/ant/lib/ant.jar:/home/travis/build/icyphy/ptII/ant/lib
/ant-junit.jar:/home/travis/build/icyphy/ptII/ant/lib/ant-junit4.jar:/home/trav
is/build/icyphy/ptII ModularCodeGen4_A1_B2_profile.java
warning: Supported source version 'RELEASE_6' from annotation processor 'org.netbeans.modules.openide.util.NbBundleProcessor' less than -source '1.8'
warning: Supported source version 'RELEASE_6' from annotation processor 'org.netbeans.modules.openide.util.URLStreamHandlerRegistrationProcessor' less than -source '1.8'
warning: Supported source version 'RELEASE_6' from annotation processor 'org.netbeans.modules.openide.util.ServiceProviderProcessor' less than -source '1.8'
3 warnings
All Done
Writing ModularCodeGen4_A1_B2.java in file:/home/travis/cg/ (10312 characters)
Reading "ptolemy/cg/kernel/generic/program/procedural/java/modular/makefile.in",
    writing "/home/travis/cg/ModularCodeGen4_A1_B2.mk"
Using ptolemy/cg/kernel/generic/program/procedural/java/modular/makefile.in
In "/home/travis/cg", about to execute:
    make -f ModularCodeGen4_A1_B2.mk
javac -classpath ".:.."    ModularCodeGen4_A1_B2.java
All Done
In "/home/travis/cg", about to execute:
    pwd
/home/travis/cg
In "/home/travis/cg", about to execute:
    ls -l
total 784
-rw-rw-r-- 1 travis travis  4895 Sep 23 02:19 CompiledCompositeActor_CompiledCompositeActor.class
-rw-rw-r-- 1 travis travis  1592 Sep 23 02:19 CompiledCompositeActor_CompiledCompositeActor$_CompiledCompositeActor_CompiledCompositeActor.class
-rw-rw-r-- 1 travis travis 13466 Sep 23 02:19 CompiledCompositeActor_CompiledCompositeActor.java
-rw-rw-r-- 1 travis travis  1593 Sep 23 02:19 CompiledCompositeActor_CompiledCompositeActor.mk
-rw-rw-r-- 1 travis travis  4457 Sep 23 02:19 JavaCompiledCompositeTest1_CompiledCompositeActor.class
-rw-rw-r-- 1 travis travis 11637 Sep 23 02:19 JavaCompiledCompositeTest1_CompiledCompositeActor.java
-rw-rw-r-- 1 travis travis  1198 Sep 23 02:19 JavaCompiledCompositeTest1_CompiledCompositeActor$_JavaCompiledCompositeTest1_CompiledCompositeActor.class
-rw-rw-r-- 1 travis travis  1625 Sep 23 02:19 JavaCompiledCompositeTest1_CompiledCompositeActor.mk
-rw-rw-r-- 1 travis travis  4888 Sep 23 02:19 JavaCompiledCompositeTest2_CompiledCompositeActor.class
-rw-rw-r-- 1 travis travis 14919 Sep 23 02:19 JavaCompiledCompositeTest2_CompiledCompositeActor.java
-rw-rw-r-- 1 travis travis  1793 Sep 23 02:19 JavaCompiledCompositeTest2_CompiledCompositeActor$_JavaCompiledCompositeTest2_CompiledCompositeActor.class
-rw-rw-r-- 1 travis travis  1625 Sep 23 02:19 JavaCompiledCompositeTest2_CompiledCompositeActor.mk
-rw-rw-r-- 1 travis travis  4505 Sep 23 02:19 JavaCompiledCompositeTest3_CompiledCompositeActor.class
-rw-rw-r-- 1 travis travis 13080 Sep 23 02:19 JavaCompiledCompositeTest3_CompiledCompositeActor.java
-rw-rw-r-- 1 travis travis  1378 Sep 23 02:19 JavaCompiledCompositeTest3_CompiledCompositeActor$_JavaCompiledCompositeTest3_CompiledCompositeActor.class
-rw-rw-r-- 1 travis travis  1625 Sep 23 02:19 JavaCompiledCompositeTest3_CompiledCompositeActor.mk
-rw-rw-r-- 1 travis travis  3953 Sep 23 02:19 JavaCompiledCompositeTest4_CompiledCompositeActor.class
-rw-rw-r-- 1 travis travis  9687 Sep 23 02:19 JavaCompiledCompositeTest4_CompiledCompositeActor.java
-rw-rw-r-- 1 travis travis   857 Sep 23 02:19 JavaCompiledCompositeTest4_CompiledCompositeActor$_JavaCompiledCompositeTest4_CompiledCompositeActor.class
-rw-rw-r-- 1 travis travis  1625 Sep 23 02:19 JavaCompiledCompositeTest4_CompiledCompositeActor.mk
-rw-rw-r-- 1 travis travis  3693 Sep 23 02:19 ModularCG_A1_B1.class
-rw-rw-r-- 1 travis travis  9730 Sep 23 02:19 ModularCG_A1_B1.java
-rw-rw-r-- 1 travis travis   832 Sep 23 02:19 ModularCG_A1_B1.mk
-rw-rw-r-- 1 travis travis  1318 Sep 23 02:19 ModularCG_A1_B1_profile.class
-rw-rw-r-- 1 travis travis  1262 Sep 23 02:19 ModularCG_A1_B1_profile.java
-rw-rw-r-- 1 travis travis  3693 Sep 23 02:19 ModularCG_A1_B2.class
-rw-rw-r-- 1 travis travis  9730 Sep 23 02:19 ModularCG_A1_B2.java
-rw-rw-r-- 1 travis travis   832 Sep 23 02:19 ModularCG_A1_B2.mk
-rw-rw-r-- 1 travis travis  1318 Sep 23 02:19 ModularCG_A1_B2_profile.class
-rw-rw-r-- 1 travis travis  1262 Sep 23 02:19 ModularCG_A1_B2_profile.java
-rw-rw-r-- 1 travis travis  4799 Sep 23 02:19 ModularCG_A1.class
-rw-rw-r-- 1 travis travis 14742 Sep 23 02:19 ModularCG_A1.java
-rw-rw-r-- 1 travis travis   808 Sep 23 02:19 ModularCG_A1.mk
-rw-rw-r-- 1 travis travis  1433 Sep 23 02:19 ModularCG_A1_profile.class
-rw-rw-r-- 1 travis travis  1704 Sep 23 02:19 ModularCG_A1_profile.java
-rw-rw-r-- 1 travis travis  3827 Sep 23 02:19 ModularCG_A2_B1.class
-rw-rw-r-- 1 travis travis 10667 Sep 23 02:19 ModularCG_A2_B1.java
-rw-rw-r-- 1 travis travis   832 Sep 23 02:19 ModularCG_A2_B1.mk
-rw-rw-r-- 1 travis travis  1381 Sep 23 02:19 ModularCG_A2_B1_profile.class
-rw-rw-r-- 1 travis travis  1446 Sep 23 02:19 ModularCG_A2_B1_profile.java
-rw-rw-r-- 1 travis travis  3693 Sep 23 02:19 ModularCG_A2_B2.class
-rw-rw-r-- 1 travis travis  9730 Sep 23 02:19 ModularCG_A2_B2.java
-rw-rw-r-- 1 travis travis   832 Sep 23 02:19 ModularCG_A2_B2.mk
-rw-rw-r-- 1 travis travis  1318 Sep 23 02:19 ModularCG_A2_B2_profile.class
-rw-rw-r-- 1 travis travis  1262 Sep 23 02:19 ModularCG_A2_B2_profile.java
-rw-rw-r-- 1 travis travis  4870 Sep 23 02:19 ModularCG_A2.class
-rw-rw-r-- 1 travis travis 15129 Sep 23 02:19 ModularCG_A2.java
-rw-rw-r-- 1 travis travis   808 Sep 23 02:19 ModularCG_A2.mk
-rw-rw-r-- 1 travis travis  1433 Sep 23 02:19 ModularCG_A2_profile.class
-rw-rw-r-- 1 travis travis  1704 Sep 23 02:19 ModularCG_A2_profile.java
-rw-rw-r-- 1 travis travis  3473 Sep 23 02:19 ModularCGPubSub_A1_A2.class
-rw-rw-r-- 1 travis travis  9076 Sep 23 02:19 ModularCGPubSub_A1_A2.java
-rw-rw-r-- 1 travis travis   880 Sep 23 02:19 ModularCGPubSub_A1_A2.mk
-rw-rw-r-- 1 travis travis  1300 Sep 23 02:19 ModularCGPubSub_A1_A2_profile.class
-rw-rw-r-- 1 travis travis  1222 Sep 23 02:19 ModularCGPubSub_A1_A2_profile.java
-rw-rw-r-- 1 travis travis  3790 Sep 23 02:19 ModularCGPubSub_A1.class
-rw-rw-r-- 1 travis travis  9836 Sep 23 02:19 ModularCGPubSub_A1.java
-rw-rw-r-- 1 travis travis   856 Sep 23 02:19 ModularCGPubSub_A1.mk
-rw-rw-r-- 1 travis travis  1346 Sep 23 02:19 ModularCGPubSub_A1_profile.class
-rw-rw-r-- 1 travis travis  1388 Sep 23 02:19 ModularCGPubSub_A1_profile.java
-rw-rw-r-- 1 travis travis  3988 Sep 23 02:19 ModularCodeGen2_ModularCodeGenTypedCompositeActor.class
-rw-rw-r-- 1 travis travis 11690 Sep 23 02:19 ModularCodeGen2_ModularCodeGenTypedCompositeActor.java
-rw-rw-r-- 1 travis travis  1104 Sep 23 02:19 ModularCodeGen2_ModularCodeGenTypedCompositeActor.mk
-rw-rw-r-- 1 travis travis  4272 Sep 23 02:19 ModularCodeGen2_ModularCodeGenTypedCompositeActor_ModularCodeGenTypedCompositeActor.class
-rw-rw-r-- 1 travis travis 11790 Sep 23 02:19 ModularCodeGen2_ModularCodeGenTypedCompositeActor_ModularCodeGenTypedCompositeActor.java
-rw-rw-r-- 1 travis travis  1376 Sep 23 02:19 ModularCodeGen2_ModularCodeGenTypedCompositeActor_ModularCodeGenTypedCompositeActor.mk
-rw-rw-r-- 1 travis travis  1421 Sep 23 02:19 ModularCodeGen2_ModularCodeGenTypedCompositeActor_ModularCodeGenTypedCompositeActor_profile.class
-rw-rw-r-- 1 travis travis  1294 Sep 23 02:19 ModularCodeGen2_ModularCodeGenTypedCompositeActor_ModularCodeGenTypedCompositeActor_profile.java
-rw-rw-r-- 1 travis travis   820 Sep 23 02:19 ModularCodeGen2_ModularCodeGenTypedCompositeActor_profile.class
-rw-rw-r-- 1 travis travis   693 Sep 23 02:19 ModularCodeGen2_ModularCodeGenTypedCompositeActor_profile.java
-rw-rw-r-- 1 travis travis  3741 Sep 23 02:19 ModularCodeGen3_A1_B1.class
-rw-rw-r-- 1 travis travis  9958 Sep 23 02:19 ModularCodeGen3_A1_B1.java
-rw-rw-r-- 1 travis travis   880 Sep 23 02:19 ModularCodeGen3_A1_B1.mk
-rw-rw-r-- 1 travis travis  1330 Sep 23 02:19 ModularCodeGen3_A1_B1_profile.class
-rw-rw-r-- 1 travis travis  1274 Sep 23 02:19 ModularCodeGen3_A1_B1_profile.java
-rw-rw-r-- 1 travis travis  3741 Sep 23 02:19 ModularCodeGen3_A1_B2.class
-rw-rw-r-- 1 travis travis  9958 Sep 23 02:19 ModularCodeGen3_A1_B2.java
-rw-rw-r-- 1 travis travis   880 Sep 23 02:19 ModularCodeGen3_A1_B2.mk
-rw-rw-r-- 1 travis travis  1330 Sep 23 02:19 ModularCodeGen3_A1_B2_profile.class
-rw-rw-r-- 1 travis travis  1274 Sep 23 02:19 ModularCodeGen3_A1_B2_profile.java
-rw-rw-r-- 1 travis travis  4961 Sep 23 02:19 ModularCodeGen3_A1.class
-rw-rw-r-- 1 travis travis 15564 Sep 23 02:19 ModularCodeGen3_A1.java
-rw-rw-r-- 1 travis travis   856 Sep 23 02:19 ModularCodeGen3_A1.mk
-rw-rw-r-- 1 travis travis  1445 Sep 23 02:19 ModularCodeGen3_A1_profile.class
-rw-rw-r-- 1 travis travis  1716 Sep 23 02:19 ModularCodeGen3_A1_profile.java
-rw-rw-r-- 1 travis travis  3887 Sep 23 02:19 ModularCodeGen3_A2_B1.class
-rw-rw-r-- 1 travis travis 10955 Sep 23 02:19 ModularCodeGen3_A2_B1.java
-rw-rw-r-- 1 travis travis   880 Sep 23 02:19 ModularCodeGen3_A2_B1.mk
-rw-rw-r-- 1 travis travis  1393 Sep 23 02:19 ModularCodeGen3_A2_B1_profile.class
-rw-rw-r-- 1 travis travis  1458 Sep 23 02:19 ModularCodeGen3_A2_B1_profile.java
-rw-rw-r-- 1 travis travis  3741 Sep 23 02:19 ModularCodeGen3_A2_B2.class
-rw-rw-r-- 1 travis travis  9958 Sep 23 02:19 ModularCodeGen3_A2_B2.java
-rw-rw-r-- 1 travis travis   880 Sep 23 02:19 ModularCodeGen3_A2_B2.mk
-rw-rw-r-- 1 travis travis  1330 Sep 23 02:19 ModularCodeGen3_A2_B2_profile.class
-rw-rw-r-- 1 travis travis  1274 Sep 23 02:19 ModularCodeGen3_A2_B2_profile.java
-rw-rw-r-- 1 travis travis  5038 Sep 23 02:19 ModularCodeGen3_A2.class
-rw-rw-r-- 1 travis travis 15957 Sep 23 02:19 ModularCodeGen3_A2.java
-rw-rw-r-- 1 travis travis   856 Sep 23 02:19 ModularCodeGen3_A2.mk
-rw-rw-r-- 1 travis travis  1445 Sep 23 02:19 ModularCodeGen3_A2_profile.class
-rw-rw-r-- 1 travis travis  1716 Sep 23 02:19 ModularCodeGen3_A2_profile.java
-rw-rw-r-- 1 travis travis  3794 Sep 23 02:19 ModularCodeGen4_A1_B1.class
-rw-rw-r-- 1 travis travis 10312 Sep 23 02:19 ModularCodeGen4_A1_B1.java
-rw-rw-r-- 1 travis travis   880 Sep 23 02:19 ModularCodeGen4_A1_B1.mk
-rw-rw-r-- 1 travis travis  1330 Sep 23 02:19 ModularCodeGen4_A1_B1_profile.class
-rw-rw-r-- 1 travis travis  1273 Sep 23 02:19 ModularCodeGen4_A1_B1_profile.java
-rw-rw-r-- 1 travis travis  3794 Sep 23 02:19 ModularCodeGen4_A1_B2.class
-rw-rw-r-- 1 travis travis 10312 Sep 23 02:19 ModularCodeGen4_A1_B2.java
-rw-rw-r-- 1 travis travis   880 Sep 23 02:19 ModularCodeGen4_A1_B2.mk
-rw-rw-r-- 1 travis travis  1330 Sep 23 02:19 ModularCodeGen4_A1_B2_profile.class
-rw-rw-r-- 1 travis travis  1273 Sep 23 02:19 ModularCodeGen4_A1_B2_profile.java
-rw-rw-r-- 1 travis travis  1712 Sep 23 02:19 ModularCodeGen4_A1_profile.java
-rw-rw-r-- 1 travis travis  3954 Sep 23 02:19 ModularCodeGen_ModularCodeGenTypedCompositeActor.class
-rw-rw-r-- 1 travis travis 10970 Sep 23 02:19 ModularCodeGen_ModularCodeGenTypedCompositeActor.java
-rw-rw-r-- 1 travis travis  1096 Sep 23 02:19 ModularCodeGen_ModularCodeGenTypedCompositeActor.mk
-rw-rw-r-- 1 travis travis  1384 Sep 23 02:19 ModularCodeGen_ModularCodeGenTypedCompositeActor_profile.class
-rw-rw-r-- 1 travis travis  1328 Sep 23 02:19 ModularCodeGen_ModularCodeGenTypedCompositeActor_profile.java
-rw-rw-r-- 1 travis travis  3492 Sep 23 02:19 ModularCodeGenTest_A1_A2.class
-rw-rw-r-- 1 travis travis  9164 Sep 23 02:18 ModularCodeGenTest_A1_A2.java
-rw-rw-r-- 1 travis travis   904 Sep 23 02:18 ModularCodeGenTest_A1_A2.mk
-rw-rw-r-- 1 travis travis  1306 Sep 23 02:18 ModularCodeGenTest_A1_A2_profile.class
-rw-rw-r-- 1 travis travis  1228 Sep 23 02:18 ModularCodeGenTest_A1_A2_profile.java
-rw-rw-r-- 1 travis travis  3823 Sep 23 02:19 ModularCodeGenTest_A1.class
-rw-rw-r-- 1 travis travis  9968 Sep 23 02:19 ModularCodeGenTest_A1.java
-rw-rw-r-- 1 travis travis   880 Sep 23 02:19 ModularCodeGenTest_A1.mk
-rw-rw-r-- 1 travis travis  1352 Sep 23 02:19 ModularCodeGenTest_A1_profile.class
-rw-rw-r-- 1 travis travis  1394 Sep 23 02:19 ModularCodeGenTest_A1_profile.java
-rw-rw-r-- 1 travis travis   432 Sep 23 02:19 Token.class
-rw-rw-r-- 1 travis travis   251 Sep 23 02:19 Token.java
In "/home/travis/cg", about to execute:
    javac -classpath
.:/home/travis/build/icyphy/ptII:/home/travis/build/icyphy/ptII/lib/bsh-2.0b4.j
ar:/home/travis/build/icyphy/ptII/lib/ptCal.jar:/home/travis/build/icyphy/ptII/
lib/java_cup.jar:/home/travis/build/icyphy/ptII/lib/saxon8.jar:/home/travis/bui
ld/icyphy/ptII/lib/saxon8-dom.jar:/home/travis/build/icyphy/ptII/lib/chic.jar:/
home/travis/build/icyphy/ptII/lib/ptcolt.jar:/usr/lib/jvm/java-8-oracle/lib/too
ls.jar:/usr/lib/eclipse/plugins/org.eclipse.jdt.core_3.8.2.dist.jar:/usr/lib/ec
lipse/plugins/org.eclipse.core.runtime_3.8.0.dist.jar:/usr/lib/eclipse/plugins/
org.eclipse.osgi_3.8.1.dist.jar:/usr/lib/eclipse/plugins/org.eclipse.core.resou
rces_3.8.1.dist.jar:/usr/lib/eclipse/plugins/org.eclipse.equinox.common_3.6.100
.dist.jar:/usr/lib/eclipse/plugins/org.eclipse.core.jobs_3.5.200.dist.jar:/usr/
lib/eclipse/plugins/org.eclipse.core.contenttype_3.4.200.dist.jar:/usr/lib/ecli
pse/plugins/org.eclipse.equinox.preferences_3.5.0.dist.jar:/usr/lib/eclipse/plu
gins/org.eclipse.text_3.5.200.dist.jar:/usr/lib/eclipse/plugins/org.eclipse.ui.
workbench_3.8.1.dist.jar:/usr/lib/eclipse/plugins/org.eclipse.jface_3.8.0.dist.
jar:/usr/lib/eclipse/plugins/org.eclipse.swt_3.8.2.jar:/usr/lib/eclipse/plugins
/org.eclipse.jface.text_3.8.1.dist.jar:/usr/lib/eclipse/plugins/org.eclipse.ui.
workbench.texteditor_3.8.0.dist.jar:/usr/lib/eclipse/plugins/org.eclipse.ui.edi
tors_3.8.0.dist.jar:/usr/lib/eclipse/plugins/org.eclipse.core.commands_3.6.1.di
st.jar:/usr/lib/eclipse/plugins/org.eclipse.equinox.registry_3.5.200.dist.jar:/
usr/lib/eclipse/plugins/org.eclipse.ui.console_3.5.100.dist.jar:/usr/lib/eclips
e/plugins/org.eclipse.ui.forms_3.5.200.dist.jar:/usr/lib/eclipse/plugins/org.ec
lipse.ui.ide_3.8.1.dist.jar:/home/travis/build/icyphy/ptII/vendors/oracle/dbxml
.jar:/home/travis/build/icyphy/ptII/vendors/oracle/db.jar:/home/travis/build/ic
yphy/ptII/vendors/misc/itext/iText.jar:/home/travis/build/icyphy/ptII/lib/g4ltl
.jar:/home/travis/build/icyphy/ptII/lib/StructuralCoder.jar:/home/travis/build/
icyphy/ptII/lib/org-openide-util.jar:/home/travis/build/icyphy/ptII/lib/org-ope
nide-util-lookup.jar:/home/travis/build/icyphy/ptII/lib/org-netbeans-api-visual
.jar:/home/travis/build/icyphy/ptII/vendors/jai-1_1_2_01/lib/jai_core.jar:/home
/travis/build/icyphy/ptII/vendors/jai-1_1_2_01/lib/jai_codec.jar:/home/travis/b
uild/icyphy/ptII/lib/jcerti.jar:/home/travis/build/icyphy/ptII/lib/smack.jar:/h
ome/travis/build/icyphy/ptII/lib/smackx.jar:/home/travis/build/icyphy/ptII/lib/
jetty-all-8.1.5-v20120716.jar:/home/travis/build/icyphy/ptII/lib/javax.servlet-
api-3.0.1.jar:/home/travis/build/icyphy/ptII/lib/javax.mail.jar:/home/travis/bu
ild/icyphy/ptII/vendors/JMF-2.1.1e/lib/jmf.jar:/home/travis/build/icyphy/ptII/l
ib/jna-4.0.0-variadic.jar:/home/travis/build/icyphy/ptII/vendors/misc/joystick/
Joystick.jar:/home/travis/build/icyphy/ptII/lib/ptjacl.jar:/home/travis/build/i
cyphy/ptII/lib/jsoup-1.8.2.jar:/home/travis/build/icyphy/ptII/lib/junit-4.8.2.j
ar:/home/travis/build/icyphy/ptII/lib/JUnitParams-0.4.0.jar:/home/travis/build/
icyphy/ptII/ptolemy/actor/lib/excel/jxl.jar:/home/travis/build/icyphy/ptII/lib/
jython.jar:/home/travis/build/icyphy/ptII/lib/kieler.jar:/home/travis/build/icy
phy/ptII/vendors/opencv/share/OpenCV/java/opencv-341.jar:/home/travis/build/icy
phy/ptII/lib/oscP5.jar:/home/travis/build/icyphy/ptII/lib/nrjavaserial-3.11.0.d
evel.jar:/home/travis/build/icyphy/ptII/vendors/j3d/lib/j3dcore.jar:/home/travi
s/build/icyphy/ptII/vendors/j3d/lib/j3dutils.jar:/home/travis/build/icyphy/ptII
/vendors/j3d/lib/vecmath.jar:/home/travis/build/icyphy/ptII/ptolemy/distributed
/jini/jar/jini-core.jar:/home/travis/build/icyphy/ptII/ptolemy/distributed/jini
/jar/jini-ext.jar:/home/travis/build/icyphy/ptII/ptolemy/distributed/jini/jar/s
un-util.jar:/home/travis/build/icyphy/ptII/lib/protobuf-java-2.4.1.jar:/home/tr
avis/build/icyphy/ptII/lib/org.eclipse.paho.client.mqttv3.jar:/home/travis/buil
d/icyphy/ptII/ptserver/lib/hessian-4.0.7.jar:/home/travis/build/icyphy/ptII/pts
erver/lib/wmqtt.jar:/home/travis/build/icyphy/ptII/lib/mapss.jar:/home/travis/b
uild/icyphy/ptII/ptolemy/actor/ptalon/antlr/antlr.jar:/home/travis/build/icyphy
/ptII/lib/JRI.jar:/home/travis/build/icyphy/ptII/lib/commons-lang-2.6.jar:/home
/travis/build/icyphy/ptII/lib/commons-logging-1.1.1.jar:/home/travis/build/icyp
hy/ptII/lib/sootclasses.jar:/home/travis/build/icyphy/ptII/ptolemy/actor/lib/da
tabase/mysql-connector-java-5.1.6-bin.jar:/home/travis/build/icyphy/ptII/vendor
s/misc/sphinx4/sphinx4-data-5prealpha.jar:/home/travis/build/icyphy/ptII/vendor
s/misc/sphinx4/sphinx4-core-5prealpha.jar:/home/travis/build/icyphy/ptII/lib/PD
FRenderer.jar:/home/travis/build/icyphy/ptII/lib/svgSalamander.jar:/home/travis
/build/icyphy/ptII/lib/rsyntaxtextarea-2.6.0-SNAPSHOT.jar:/home/travis/build/ic
yphy/ptII/lib/hazelcast-3.8.2.jar:/home/travis/build/icyphy/ptII/lib/jackson-an
notations-2.9.0.jar:/home/travis/build/icyphy/ptII/lib/jackson-core-2.9.3.jar:/
home/travis/build/icyphy/ptII/lib/jackson-databind-2.9.3.jar:/home/travis/build
/icyphy/ptII/lib/netty-buffer-4.1.19.Final.jar:/home/travis/build/icyphy/ptII/l
ib/netty-codec-4.1.19.Final.jar:/home/travis/build/icyphy/ptII/lib/netty-codec-
dns-4.1.19.Final.jar:/home/travis/build/icyphy/ptII/lib/netty-codec-http-4.1.19
.Final.jar:/home/travis/build/icyphy/ptII/lib/netty-codec-http2-4.1.19.Final.ja
r:/home/travis/build/icyphy/ptII/lib/netty-common-4.1.19.Final.jar:/home/travis
/build/icyphy/ptII/lib/netty-handler-4.1.19.Final.jar:/home/travis/build/icyphy
/ptII/lib/netty-resolver-4.1.19.Final.jar:/home/travis/build/icyphy/ptII/lib/ne
tty-resolver-dns-4.1.19.Final.jar:/home/travis/build/icyphy/ptII/lib/netty-tran
sport-4.1.19.Final.jar:/home/travis/build/icyphy/ptII/lib/vertx-codegen-3.5.1.j
ar:/home/travis/build/icyphy/ptII/lib/vertx-core-3.5.2-SNAPSHOT.jar:/home/travi
s/build/icyphy/ptII/lib/vertx-hazelcast-3.5.1.jar:/home/travis/build/icyphy/ptI
I/lib/vertx-lang-js-3.5.1.jar:/home/travis/build/icyphy/ptII/lib/vertx-service-
proxy-3.5.1.jar:/home/travis/build/icyphy/ptII/lib/vertx-web-3.5.1.jar:/home/tr
avis/build/icyphy/ptII/lib/slf4j-api-1.7.13.jar:/home/travis/build/icyphy/ptII/
lib/slf4j-simple-1.7.13.jar:/home/travis/build/icyphy/ptII/lib/webcam-capture-0
.3.12.jar:/home/travis/build/icyphy/ptII/lib/bridj-0.7.0.jar:/home/travis/build
/icyphy/ptII/lib/xbjlib-1.1.0.nrjavaserial.jar:/home/travis/build/icyphy/ptII/p
tolemy/moml/test:/home/travis/build/icyphy/ptII/ant/lib/ant-launcher.jar:/home/
travis/build/icyphy/ptII/ant/lib/ant.jar:/home/travis/build/icyphy/ptII/ant/lib
/ant-junit.jar:/home/travis/build/icyphy/ptII/ant/lib/ant-junit4.jar:/home/trav
is/build/icyphy/ptII ModularCodeGen4_A1_profile.java
warning: Supported source version 'RELEASE_6' from annotation processor 'org.netbeans.modules.openide.util.NbBundleProcessor' less than -source '1.8'
warning: Supported source version 'RELEASE_6' from annotation processor 'org.netbeans.modules.openide.util.URLStreamHandlerRegistrationProcessor' less than -source '1.8'
warning: Supported source version 'RELEASE_6' from annotation processor 'org.netbeans.modules.openide.util.ServiceProviderProcessor' less than -source '1.8'
3 warnings
All Done
Writing ModularCodeGen4_A1.java in file:/home/travis/cg/ (16245 characters)
Reading "ptolemy/cg/kernel/generic/program/procedural/java/modular/makefile.in",
    writing "/home/travis/cg/ModularCodeGen4_A1.mk"
Using ptolemy/cg/kernel/generic/program/procedural/java/modular/makefile.in
In "/home/travis/cg", about to execute:
    make -f ModularCodeGen4_A1.mk
javac -classpath ".:.."    ModularCodeGen4_A1.java
All Done
In "/home/travis/cg", about to execute:
    pwd
In "/home/travis/cg", about to execute:
    ls -l
/home/travis/cg
total 820
-rw-rw-r-- 1 travis travis  4895 Sep 23 02:19 CompiledCompositeActor_CompiledCompositeActor.class
-rw-rw-r-- 1 travis travis  1592 Sep 23 02:19 CompiledCompositeActor_CompiledCompositeActor$_CompiledCompositeActor_CompiledCompositeActor.class
-rw-rw-r-- 1 travis travis 13466 Sep 23 02:19 CompiledCompositeActor_CompiledCompositeActor.java
-rw-rw-r-- 1 travis travis  1593 Sep 23 02:19 CompiledCompositeActor_CompiledCompositeActor.mk
-rw-rw-r-- 1 travis travis  4457 Sep 23 02:19 JavaCompiledCompositeTest1_CompiledCompositeActor.class
-rw-rw-r-- 1 travis travis 11637 Sep 23 02:19 JavaCompiledCompositeTest1_CompiledCompositeActor.java
-rw-rw-r-- 1 travis travis  1198 Sep 23 02:19 JavaCompiledCompositeTest1_CompiledCompositeActor$_JavaCompiledCompositeTest1_CompiledCompositeActor.class
-rw-rw-r-- 1 travis travis  1625 Sep 23 02:19 JavaCompiledCompositeTest1_CompiledCompositeActor.mk
-rw-rw-r-- 1 travis travis  4888 Sep 23 02:19 JavaCompiledCompositeTest2_CompiledCompositeActor.class
-rw-rw-r-- 1 travis travis 14919 Sep 23 02:19 JavaCompiledCompositeTest2_CompiledCompositeActor.java
-rw-rw-r-- 1 travis travis  1793 Sep 23 02:19 JavaCompiledCompositeTest2_CompiledCompositeActor$_JavaCompiledCompositeTest2_CompiledCompositeActor.class
-rw-rw-r-- 1 travis travis  1625 Sep 23 02:19 JavaCompiledCompositeTest2_CompiledCompositeActor.mk
-rw-rw-r-- 1 travis travis  4505 Sep 23 02:19 JavaCompiledCompositeTest3_CompiledCompositeActor.class
-rw-rw-r-- 1 travis travis 13080 Sep 23 02:19 JavaCompiledCompositeTest3_CompiledCompositeActor.java
-rw-rw-r-- 1 travis travis  1378 Sep 23 02:19 JavaCompiledCompositeTest3_CompiledCompositeActor$_JavaCompiledCompositeTest3_CompiledCompositeActor.class
-rw-rw-r-- 1 travis travis  1625 Sep 23 02:19 JavaCompiledCompositeTest3_CompiledCompositeActor.mk
-rw-rw-r-- 1 travis travis  3953 Sep 23 02:19 JavaCompiledCompositeTest4_CompiledCompositeActor.class
-rw-rw-r-- 1 travis travis  9687 Sep 23 02:19 JavaCompiledCompositeTest4_CompiledCompositeActor.java
-rw-rw-r-- 1 travis travis   857 Sep 23 02:19 JavaCompiledCompositeTest4_CompiledCompositeActor$_JavaCompiledCompositeTest4_CompiledCompositeActor.class
-rw-rw-r-- 1 travis travis  1625 Sep 23 02:19 JavaCompiledCompositeTest4_CompiledCompositeActor.mk
-rw-rw-r-- 1 travis travis  3693 Sep 23 02:19 ModularCG_A1_B1.class
-rw-rw-r-- 1 travis travis  9730 Sep 23 02:19 ModularCG_A1_B1.java
-rw-rw-r-- 1 travis travis   832 Sep 23 02:19 ModularCG_A1_B1.mk
-rw-rw-r-- 1 travis travis  1318 Sep 23 02:19 ModularCG_A1_B1_profile.class
-rw-rw-r-- 1 travis travis  1262 Sep 23 02:19 ModularCG_A1_B1_profile.java
-rw-rw-r-- 1 travis travis  3693 Sep 23 02:19 ModularCG_A1_B2.class
-rw-rw-r-- 1 travis travis  9730 Sep 23 02:19 ModularCG_A1_B2.java
-rw-rw-r-- 1 travis travis   832 Sep 23 02:19 ModularCG_A1_B2.mk
-rw-rw-r-- 1 travis travis  1318 Sep 23 02:19 ModularCG_A1_B2_profile.class
-rw-rw-r-- 1 travis travis  1262 Sep 23 02:19 ModularCG_A1_B2_profile.java
-rw-rw-r-- 1 travis travis  4799 Sep 23 02:19 ModularCG_A1.class
-rw-rw-r-- 1 travis travis 14742 Sep 23 02:19 ModularCG_A1.java
-rw-rw-r-- 1 travis travis   808 Sep 23 02:19 ModularCG_A1.mk
-rw-rw-r-- 1 travis travis  1433 Sep 23 02:19 ModularCG_A1_profile.class
-rw-rw-r-- 1 travis travis  1704 Sep 23 02:19 ModularCG_A1_profile.java
-rw-rw-r-- 1 travis travis  3827 Sep 23 02:19 ModularCG_A2_B1.class
-rw-rw-r-- 1 travis travis 10667 Sep 23 02:19 ModularCG_A2_B1.java
-rw-rw-r-- 1 travis travis   832 Sep 23 02:19 ModularCG_A2_B1.mk
-rw-rw-r-- 1 travis travis  1381 Sep 23 02:19 ModularCG_A2_B1_profile.class
-rw-rw-r-- 1 travis travis  1446 Sep 23 02:19 ModularCG_A2_B1_profile.java
-rw-rw-r-- 1 travis travis  3693 Sep 23 02:19 ModularCG_A2_B2.class
-rw-rw-r-- 1 travis travis  9730 Sep 23 02:19 ModularCG_A2_B2.java
-rw-rw-r-- 1 travis travis   832 Sep 23 02:19 ModularCG_A2_B2.mk
-rw-rw-r-- 1 travis travis  1318 Sep 23 02:19 ModularCG_A2_B2_profile.class
-rw-rw-r-- 1 travis travis  1262 Sep 23 02:19 ModularCG_A2_B2_profile.java
-rw-rw-r-- 1 travis travis  4870 Sep 23 02:19 ModularCG_A2.class
-rw-rw-r-- 1 travis travis 15129 Sep 23 02:19 ModularCG_A2.java
-rw-rw-r-- 1 travis travis   808 Sep 23 02:19 ModularCG_A2.mk
-rw-rw-r-- 1 travis travis  1433 Sep 23 02:19 ModularCG_A2_profile.class
-rw-rw-r-- 1 travis travis  1704 Sep 23 02:19 ModularCG_A2_profile.java
-rw-rw-r-- 1 travis travis  3473 Sep 23 02:19 ModularCGPubSub_A1_A2.class
-rw-rw-r-- 1 travis travis  9076 Sep 23 02:19 ModularCGPubSub_A1_A2.java
-rw-rw-r-- 1 travis travis   880 Sep 23 02:19 ModularCGPubSub_A1_A2.mk
-rw-rw-r-- 1 travis travis  1300 Sep 23 02:19 ModularCGPubSub_A1_A2_profile.class
-rw-rw-r-- 1 travis travis  1222 Sep 23 02:19 ModularCGPubSub_A1_A2_profile.java
-rw-rw-r-- 1 travis travis  3790 Sep 23 02:19 ModularCGPubSub_A1.class
-rw-rw-r-- 1 travis travis  9836 Sep 23 02:19 ModularCGPubSub_A1.java
-rw-rw-r-- 1 travis travis   856 Sep 23 02:19 ModularCGPubSub_A1.mk
-rw-rw-r-- 1 travis travis  1346 Sep 23 02:19 ModularCGPubSub_A1_profile.class
-rw-rw-r-- 1 travis travis  1388 Sep 23 02:19 ModularCGPubSub_A1_profile.java
-rw-rw-r-- 1 travis travis  3988 Sep 23 02:19 ModularCodeGen2_ModularCodeGenTypedCompositeActor.class
-rw-rw-r-- 1 travis travis 11690 Sep 23 02:19 ModularCodeGen2_ModularCodeGenTypedCompositeActor.java
-rw-rw-r-- 1 travis travis  1104 Sep 23 02:19 ModularCodeGen2_ModularCodeGenTypedCompositeActor.mk
-rw-rw-r-- 1 travis travis  4272 Sep 23 02:19 ModularCodeGen2_ModularCodeGenTypedCompositeActor_ModularCodeGenTypedCompositeActor.class
-rw-rw-r-- 1 travis travis 11790 Sep 23 02:19 ModularCodeGen2_ModularCodeGenTypedCompositeActor_ModularCodeGenTypedCompositeActor.java
-rw-rw-r-- 1 travis travis  1376 Sep 23 02:19 ModularCodeGen2_ModularCodeGenTypedCompositeActor_ModularCodeGenTypedCompositeActor.mk
-rw-rw-r-- 1 travis travis  1421 Sep 23 02:19 ModularCodeGen2_ModularCodeGenTypedCompositeActor_ModularCodeGenTypedCompositeActor_profile.class
-rw-rw-r-- 1 travis travis  1294 Sep 23 02:19 ModularCodeGen2_ModularCodeGenTypedCompositeActor_ModularCodeGenTypedCompositeActor_profile.java
-rw-rw-r-- 1 travis travis   820 Sep 23 02:19 ModularCodeGen2_ModularCodeGenTypedCompositeActor_profile.class
-rw-rw-r-- 1 travis travis   693 Sep 23 02:19 ModularCodeGen2_ModularCodeGenTypedCompositeActor_profile.java
-rw-rw-r-- 1 travis travis  3741 Sep 23 02:19 ModularCodeGen3_A1_B1.class
-rw-rw-r-- 1 travis travis  9958 Sep 23 02:19 ModularCodeGen3_A1_B1.java
-rw-rw-r-- 1 travis travis   880 Sep 23 02:19 ModularCodeGen3_A1_B1.mk
-rw-rw-r-- 1 travis travis  1330 Sep 23 02:19 ModularCodeGen3_A1_B1_profile.class
-rw-rw-r-- 1 travis travis  1274 Sep 23 02:19 ModularCodeGen3_A1_B1_profile.java
-rw-rw-r-- 1 travis travis  3741 Sep 23 02:19 ModularCodeGen3_A1_B2.class
-rw-rw-r-- 1 travis travis  9958 Sep 23 02:19 ModularCodeGen3_A1_B2.java
-rw-rw-r-- 1 travis travis   880 Sep 23 02:19 ModularCodeGen3_A1_B2.mk
-rw-rw-r-- 1 travis travis  1330 Sep 23 02:19 ModularCodeGen3_A1_B2_profile.class
-rw-rw-r-- 1 travis travis  1274 Sep 23 02:19 ModularCodeGen3_A1_B2_profile.java
-rw-rw-r-- 1 travis travis  4961 Sep 23 02:19 ModularCodeGen3_A1.class
-rw-rw-r-- 1 travis travis 15564 Sep 23 02:19 ModularCodeGen3_A1.java
-rw-rw-r-- 1 travis travis   856 Sep 23 02:19 ModularCodeGen3_A1.mk
-rw-rw-r-- 1 travis travis  1445 Sep 23 02:19 ModularCodeGen3_A1_profile.class
-rw-rw-r-- 1 travis travis  1716 Sep 23 02:19 ModularCodeGen3_A1_profile.java
-rw-rw-r-- 1 travis travis  3887 Sep 23 02:19 ModularCodeGen3_A2_B1.class
-rw-rw-r-- 1 travis travis 10955 Sep 23 02:19 ModularCodeGen3_A2_B1.java
-rw-rw-r-- 1 travis travis   880 Sep 23 02:19 ModularCodeGen3_A2_B1.mk
-rw-rw-r-- 1 travis travis  1393 Sep 23 02:19 ModularCodeGen3_A2_B1_profile.class
-rw-rw-r-- 1 travis travis  1458 Sep 23 02:19 ModularCodeGen3_A2_B1_profile.java
-rw-rw-r-- 1 travis travis  3741 Sep 23 02:19 ModularCodeGen3_A2_B2.class
-rw-rw-r-- 1 travis travis  9958 Sep 23 02:19 ModularCodeGen3_A2_B2.java
-rw-rw-r-- 1 travis travis   880 Sep 23 02:19 ModularCodeGen3_A2_B2.mk
-rw-rw-r-- 1 travis travis  1330 Sep 23 02:19 ModularCodeGen3_A2_B2_profile.class
-rw-rw-r-- 1 travis travis  1274 Sep 23 02:19 ModularCodeGen3_A2_B2_profile.java
-rw-rw-r-- 1 travis travis  5038 Sep 23 02:19 ModularCodeGen3_A2.class
-rw-rw-r-- 1 travis travis 15957 Sep 23 02:19 ModularCodeGen3_A2.java
-rw-rw-r-- 1 travis travis   856 Sep 23 02:19 ModularCodeGen3_A2.mk
-rw-rw-r-- 1 travis travis  1445 Sep 23 02:19 ModularCodeGen3_A2_profile.class
-rw-rw-r-- 1 travis travis  1716 Sep 23 02:19 ModularCodeGen3_A2_profile.java
-rw-rw-r-- 1 travis travis  3794 Sep 23 02:19 ModularCodeGen4_A1_B1.class
-rw-rw-r-- 1 travis travis 10312 Sep 23 02:19 ModularCodeGen4_A1_B1.java
-rw-rw-r-- 1 travis travis   880 Sep 23 02:19 ModularCodeGen4_A1_B1.mk
-rw-rw-r-- 1 travis travis  1330 Sep 23 02:19 ModularCodeGen4_A1_B1_profile.class
-rw-rw-r-- 1 travis travis  1273 Sep 23 02:19 ModularCodeGen4_A1_B1_profile.java
-rw-rw-r-- 1 travis travis  3794 Sep 23 02:19 ModularCodeGen4_A1_B2.class
In "/home/travis/cg", about to execute:
    javac -classpath
.:/home/travis/build/icyphy/ptII:/home/travis/build/icyphy/ptII/lib/bsh-2.0b4.j
ar:/home/travis/build/icyphy/ptII/lib/ptCal.jar:/home/travis/build/icyphy/ptII/
lib/java_cup.jar:/home/travis/build/icyphy/ptII/lib/saxon8.jar:/home/travis/bui
ld/icyphy/ptII/lib/saxon8-dom.jar:/home/travis/build/icyphy/ptII/lib/chic.jar:/
home/travis/build/icyphy/ptII/lib/ptcolt.jar:/usr/lib/jvm/java-8-oracle/lib/too
ls.jar:/usr/lib/eclipse/plugins/org.eclipse.jdt.core_3.8.2.dist.jar:/usr/lib/ec
lipse/plugins/org.eclipse.core.runtime_3.8.0.dist.jar:/usr/lib/eclipse/plugins/
org.eclipse.osgi_3.8.1.dist.jar:/usr/lib/eclipse/plugins/org.eclipse.core.resou
rces_3.8.1.dist.jar:/usr/lib/eclipse/plugins/org.eclipse.equinox.common_3.6.100
.dist.jar:/usr/lib/eclipse/plugins/org.eclipse.core.jobs_3.5.200.dist.jar:/usr/
lib/eclipse/plugins/org.eclipse.core.contenttype_3.4.200.dist.jar:/usr/lib/ecli
pse/plugins/org.eclipse.equinox.preferences_3.5.0.dist.jar:/usr/lib/eclipse/plu
gins/org.eclipse.text_3.5.200.dist.jar:/usr/lib/eclipse/plugins/org.eclipse.ui.
workbench_3.8.1.dist.jar:/usr/lib/eclipse/plugins/org.eclipse.jface_3.8.0.dist.
jar:/usr/lib/eclipse/plugins/org.eclipse.swt_3.8.2.jar:/usr/lib/eclipse/plugins
/org.eclipse.jface.text_3.8.1.dist.jar:/usr/lib/eclipse/plugins/org.eclipse.ui.
workbench.texteditor_3.8.0.dist.jar:/usr/lib/eclipse/plugins/org.eclipse.ui.edi
tors_3.8.0.dist.jar:/usr/lib/eclipse/plugins/org.eclipse.core.commands_3.6.1.di
st.jar:/usr/lib/eclipse/plugins/org.eclipse.equinox.registry_3.5.200.dist.jar:/
usr/lib/eclipse/plugins/org.eclipse.ui.console_3.5.100.dist.jar:/usr/lib/eclips
e/plugins/org.eclipse.ui.forms_3.5.200.dist.jar:/usr/lib/eclipse/plugins/org.ec
lipse.ui.ide_3.8.1.dist.jar:/home/travis/build/icyphy/ptII/vendors/oracle/dbxml
.jar:/home/travis/build/icyphy/ptII/vendors/oracle/db.jar:/home/travis/build/ic
yphy/ptII/vendors/misc/itext/iText.jar:/home/travis/build/icyphy/ptII/lib/g4ltl
.jar:/home/travis/build/icyphy/ptII/lib/StructuralCoder.jar:/home/travis/build/
icyphy/ptII/lib/org-openide-util.jar:/home/travis/build/icyphy/ptII/lib/org-ope
nide-util-lookup.jar:/home/travis/build/icyphy/ptII/lib/org-netbeans-api-visual
.jar:/home/travis/build/icyphy/ptII/vendors/jai-1_1_2_01/lib/jai_core.jar:/home
/travis/build/icyphy/ptII/vendors/jai-1_1_2_01/lib/jai_codec.jar:/home/travis/b
uild/icyphy/ptII/lib/jcerti.jar:/home/travis/build/icyphy/ptII/lib/smack.jar:/h
ome/travis/build/icyphy/ptII/lib/smackx.jar:/home/travis/build/icyphy/ptII/lib/
jetty-all-8.1.5-v20120716.jar:/home/travis/build/icyphy/ptII/lib/javax.servlet-
api-3.0.1.jar:/home/travis/build/icyphy/ptII/lib/javax.mail.jar:/home/travis/bu
ild/icyphy/ptII/vendors/JMF-2.1.1e/lib/jmf.jar:/home/travis/build/icyphy/ptII/l
ib/jna-4.0.0-variadic.jar:/home/travis/build/icyphy/ptII/vendors/misc/joystick/
Joystick.jar:/home/travis/build/icyphy/ptII/lib/ptjacl.jar:/home/travis/build/i
cyphy/ptII/lib/jsoup-1.8.2.jar:/home/travis/build/icyphy/ptII/lib/junit-4.8.2.j
ar:/home/travis/build/icyphy/ptII/lib/JUnitParams-0.4.0.jar:/home/travis/build/
icyphy/ptII/ptolemy/actor/lib/excel/jxl.jar:/home/travis/build/icyphy/ptII/lib/
jython.jar:/home/travis/build/icyphy/ptII/lib/kieler.jar:/home/travis/build/icy
phy/ptII/vendors/opencv/share/OpenCV/java/opencv-341.jar:/home/travis/build/icy
phy/ptII/lib/oscP5.jar:/home/travis/build/icyphy/ptII/lib/nrjavaserial-3.11.0.d
evel.jar:/home/travis/build/icyphy/ptII/vendors/j3d/lib/j3dcore.jar:/home/travi
s/build/icyphy/ptII/vendors/j3d/lib/j3dutils.jar:/home/travis/build/icyphy/ptII
/vendors/j3d/lib/vecmath.jar:/home/travis/build/icyphy/ptII/ptolemy/distributed
/jini/jar/jini-core.jar:/home/travis/build/icyphy/ptII/ptolemy/distributed/jini
/jar/jini-ext.jar:/home/travis/build/icyphy/ptII/ptolemy/distributed/jini/jar/s
un-util.jar:/home/travis/build/icyphy/ptII/lib/protobuf-java-2.4.1.jar:/home/tr
avis/build/icyphy/ptII/lib/org.eclipse.paho.client.mqttv3.jar:/home/travis/buil
d/icyphy/ptII/ptserver/lib/hessian-4.0.7.jar:/home/travis/build/icyphy/ptII/pts
erver/lib/wmqtt.jar:/home/travis/build/icyphy/ptII/lib/mapss.jar:/home/travis/b
uild/icyphy/ptII/ptolemy/actor/ptalon/antlr/antlr.jar:/home/travis/build/icyphy
/ptII/lib/JRI.jar:/home/travis/build/icyphy/ptII/lib/commons-lang-2.6.jar:/home
/travis/build/icyphy/ptII/lib/commons-logging-1.1.1.jar:/home/travis/build/icyp
hy/ptII/lib/sootclasses.jar:/home/travis/build/icyphy/ptII/ptolemy/actor/lib/da
tabase/mysql-connector-java-5.1.6-bin.jar:/home/travis/build/icyphy/ptII/vendor
s/misc/sphinx4/sphinx4-data-5prealpha.jar:/home/travis/build/icyphy/ptII/vendor
s/misc/sphinx4/sphinx4-core-5prealpha.jar:/home/travis/build/icyphy/ptII/lib/PD
FRenderer.jar:/home/travis/build/icyphy/ptII/lib/svgSalamander.jar:/home/travis
/build/icyphy/ptII/lib/rsyntaxtextarea-2.6.0-SNAPSHOT.jar:/home/travis/build/ic
yphy/ptII/lib/hazelcast-3.8.2.jar:/home/travis/build/icyphy/ptII/lib/jackson-an
notations-2.9.0.jar:/home/travis/build/icyphy/ptII/lib/jackson-core-2.9.3.jar:/
home/travis/build/icyphy/ptII/lib/jackson-databind-2.9.3.jar:/home/travis/build
/icyphy/ptII/lib/netty-buffer-4.1.19.Final.jar:/home/travis/build/icyphy/ptII/l
ib/netty-codec-4.1.19.Final.jar:/home/travis/build/icyphy/ptII/lib/netty-codec-
dns-4.1.19.Final.jar:/home/travis/build/icyphy/ptII/lib/netty-codec-http-4.1.19
.Final.jar:/home/travis/build/icyphy/ptII/lib/netty-codec-http2-4.1.19.Final.ja
r:/home/travis/build/icyphy/ptII/lib/netty-common-4.1.19.Final.jar:/home/travis
/build/icyphy/ptII/lib/netty-handler-4.1.19.Final.jar:/home/travis/build/icyphy
/ptII/lib/netty-resolver-4.1.19.Final.jar:/home/travis/build/icyphy/ptII/lib/ne
tty-resolver-dns-4.1.19.Final.jar:/home/travis/build/icyphy/ptII/lib/netty-tran
sport-4.1.19.Final.jar:/home/travis/build/icyphy/ptII/lib/vertx-codegen-3.5.1.j
ar:/home/travis/build/icyphy/ptII/lib/vertx-core-3.5.2-SNAPSHOT.jar:/home/travi
s/build/icyphy/ptII/lib/vertx-hazelcast-3.5.1.jar:/home/travis/build/icyphy/ptI
I/lib/vertx-lang-js-3.5.1.jar:/home/travis/build/icyphy/ptII/lib/vertx-service-
proxy-3.5.1.jar:/home/travis/build/icyphy/ptII/lib/vertx-web-3.5.1.jar:/home/tr
avis/build/icyphy/ptII/lib/slf4j-api-1.7.13.jar:/home/travis/build/icyphy/ptII/
lib/slf4j-simple-1.7.13.jar:/home/travis/build/icyphy/ptII/lib/webcam-capture-0
.3.12.jar:/home/travis/build/icyphy/ptII/lib/bridj-0.7.0.jar:/home/travis/build
/icyphy/ptII/lib/xbjlib-1.1.0.nrjavaserial.jar:/home/travis/build/icyphy/ptII/p
tolemy/moml/test:/home/travis/build/icyphy/ptII/ant/lib/ant-launcher.jar:/home/
travis/build/icyphy/ptII/ant/lib/ant.jar:/home/travis/build/icyphy/ptII/ant/lib
/ant-junit.jar:/home/travis/build/icyphy/ptII/ant/lib/ant-junit4.jar:/home/trav
is/build/icyphy/ptII ModularCodeGen4_A2_B1_profile.java
-rw-rw-r-- 1 travis travis 10312 Sep 23 02:19 ModularCodeGen4_A1_B2.java
-rw-rw-r-- 1 travis travis   880 Sep 23 02:19 ModularCodeGen4_A1_B2.mk
-rw-rw-r-- 1 travis travis  1330 Sep 23 02:19 ModularCodeGen4_A1_B2_profile.class
-rw-rw-r-- 1 travis travis  1273 Sep 23 02:19 ModularCodeGen4_A1_B2_profile.java
-rw-rw-r-- 1 travis travis  5101 Sep 23 02:19 ModularCodeGen4_A1.class
-rw-rw-r-- 1 travis travis 16245 Sep 23 02:19 ModularCodeGen4_A1.java
-rw-rw-r-- 1 travis travis   856 Sep 23 02:19 ModularCodeGen4_A1.mk
-rw-rw-r-- 1 travis travis  1445 Sep 23 02:19 ModularCodeGen4_A1_profile.class
-rw-rw-r-- 1 travis travis  1712 Sep 23 02:19 ModularCodeGen4_A1_profile.java
-rw-rw-r-- 1 travis travis  1454 Sep 23 02:19 ModularCodeGen4_A2_B1_profile.java
-rw-rw-r-- 1 travis travis  3954 Sep 23 02:19 ModularCodeGen_ModularCodeGenTypedCompositeActor.class
-rw-rw-r-- 1 travis travis 10970 Sep 23 02:19 ModularCodeGen_ModularCodeGenTypedCompositeActor.java
-rw-rw-r-- 1 travis travis  1096 Sep 23 02:19 ModularCodeGen_ModularCodeGenTypedCompositeActor.mk
-rw-rw-r-- 1 travis travis  1384 Sep 23 02:19 ModularCodeGen_ModularCodeGenTypedCompositeActor_profile.class
-rw-rw-r-- 1 travis travis  1328 Sep 23 02:19 ModularCodeGen_ModularCodeGenTypedCompositeActor_profile.java
-rw-rw-r-- 1 travis travis  3492 Sep 23 02:19 ModularCodeGenTest_A1_A2.class
-rw-rw-r-- 1 travis travis  9164 Sep 23 02:18 ModularCodeGenTest_A1_A2.java
-rw-rw-r-- 1 travis travis   904 Sep 23 02:18 ModularCodeGenTest_A1_A2.mk
-rw-rw-r-- 1 travis travis  1306 Sep 23 02:18 ModularCodeGenTest_A1_A2_profile.class
-rw-rw-r-- 1 travis travis  1228 Sep 23 02:18 ModularCodeGenTest_A1_A2_profile.java
-rw-rw-r-- 1 travis travis  3823 Sep 23 02:19 ModularCodeGenTest_A1.class
-rw-rw-r-- 1 travis travis  9968 Sep 23 02:19 ModularCodeGenTest_A1.java
-rw-rw-r-- 1 travis travis   880 Sep 23 02:19 ModularCodeGenTest_A1.mk
-rw-rw-r-- 1 travis travis  1352 Sep 23 02:19 ModularCodeGenTest_A1_profile.class
-rw-rw-r-- 1 travis travis  1394 Sep 23 02:19 ModularCodeGenTest_A1_profile.java
-rw-rw-r-- 1 travis travis   432 Sep 23 02:19 Token.class
-rw-rw-r-- 1 travis travis   251 Sep 23 02:19 Token.java
warning: Supported source version 'RELEASE_6' from annotation processor 'org.netbeans.modules.openide.util.NbBundleProcessor' less than -source '1.8'
warning: Supported source version 'RELEASE_6' from annotation processor 'org.netbeans.modules.openide.util.URLStreamHandlerRegistrationProcessor' less than -source '1.8'
warning: Supported source version 'RELEASE_6' from annotation processor 'org.netbeans.modules.openide.util.ServiceProviderProcessor' less than -source '1.8'
3 warnings
All Done
Writing ModularCodeGen4_A2_B1.java in file:/home/travis/cg/ (11375 characters)
Reading "ptolemy/cg/kernel/generic/program/procedural/java/modular/makefile.in",
    writing "/home/travis/cg/ModularCodeGen4_A2_B1.mk"
Using ptolemy/cg/kernel/generic/program/procedural/java/modular/makefile.in
In "/home/travis/cg", about to execute:
    make -f ModularCodeGen4_A2_B1.mk
javac -classpath ".:.."    ModularCodeGen4_A2_B1.java
All Done
In "/home/travis/cg", about to execute:
    pwd
/home/travis/cg
In "/home/travis/cg", about to execute:
    ls -l
In "/home/travis/cg", about to execute:
    javac -classpath
.:/home/travis/build/icyphy/ptII:/home/travis/build/icyphy/ptII/lib/bsh-2.0b4.j
ar:/home/travis/build/icyphy/ptII/lib/ptCal.jar:/home/travis/build/icyphy/ptII/
lib/java_cup.jar:/home/travis/build/icyphy/ptII/lib/saxon8.jar:/home/travis/bui
ld/icyphy/ptII/lib/saxon8-dom.jar:/home/travis/build/icyphy/ptII/lib/chic.jar:/
home/travis/build/icyphy/ptII/lib/ptcolt.jar:/usr/lib/jvm/java-8-oracle/lib/too
ls.jar:/usr/lib/eclipse/plugins/org.eclipse.jdt.core_3.8.2.dist.jar:/usr/lib/ec
lipse/plugins/org.eclipse.core.runtime_3.8.0.dist.jar:/usr/lib/eclipse/plugins/
org.eclipse.osgi_3.8.1.dist.jar:/usr/lib/eclipse/plugins/org.eclipse.core.resou
rces_3.8.1.dist.jar:/usr/lib/eclipse/plugins/org.eclipse.equinox.common_3.6.100
.dist.jar:/usr/lib/eclipse/plugins/org.eclipse.core.jobs_3.5.200.dist.jar:/usr/
lib/eclipse/plugins/org.eclipse.core.contenttype_3.4.200.dist.jar:/usr/lib/ecli
pse/plugins/org.eclipse.equinox.preferences_3.5.0.dist.jar:/usr/lib/eclipse/plu
gins/org.eclipse.text_3.5.200.dist.jar:/usr/lib/eclipse/plugins/org.eclipse.ui.
workbench_3.8.1.dist.jar:/usr/lib/eclipse/plugins/org.eclipse.jface_3.8.0.dist.
jar:/usr/lib/eclipse/plugins/org.eclipse.swt_3.8.2.jar:/usr/lib/eclipse/plugins
/org.eclipse.jface.text_3.8.1.dist.jar:/usr/lib/eclipse/plugins/org.eclipse.ui.
workbench.texteditor_3.8.0.dist.jar:/usr/lib/eclipse/plugins/org.eclipse.ui.edi
tors_3.8.0.dist.jar:/usr/lib/eclipse/plugins/org.eclipse.core.commands_3.6.1.di
st.jar:/usr/lib/eclipse/plugins/org.eclipse.equinox.registry_3.5.200.dist.jar:/
usr/lib/eclipse/plugins/org.eclipse.ui.console_3.5.100.dist.jar:/usr/lib/eclips
e/plugins/org.eclipse.ui.forms_3.5.200.dist.jar:/usr/lib/eclipse/plugins/org.ec
lipse.ui.ide_3.8.1.dist.jar:/home/travis/build/icyphy/ptII/vendors/oracle/dbxml
.jar:/home/travis/build/icyphy/ptII/vendors/oracle/db.jar:/home/travis/build/ic
yphy/ptII/vendors/misc/itext/iText.jar:/home/travis/build/icyphy/ptII/lib/g4ltl
.jar:/home/travis/build/icyphy/ptII/lib/StructuralCoder.jar:/home/travis/build/
icyphy/ptII/lib/org-openide-util.jar:/home/travis/build/icyphy/ptII/lib/org-ope
nide-util-lookup.jar:/home/travis/build/icyphy/ptII/lib/org-netbeans-api-visual
.jar:/home/travis/build/icyphy/ptII/vendors/jai-1_1_2_01/lib/jai_core.jar:/home
/travis/build/icyphy/ptII/vendors/jai-1_1_2_01/lib/jai_codec.jar:/home/travis/b
uild/icyphy/ptII/lib/jcerti.jar:/home/travis/build/icyphy/ptII/lib/smack.jar:/h
ome/travis/build/icyphy/ptII/lib/smackx.jar:/home/travis/build/icyphy/ptII/lib/
jetty-all-8.1.5-v20120716.jar:/home/travis/build/icyphy/ptII/lib/javax.servlet-
api-3.0.1.jar:/home/travis/build/icyphy/ptII/lib/javax.mail.jar:/home/travis/bu
ild/icyphy/ptII/vendors/JMF-2.1.1e/lib/jmf.jar:/home/travis/build/icyphy/ptII/l
ib/jna-4.0.0-variadic.jar:/home/travis/build/icyphy/ptII/vendors/misc/joystick/
Joystick.jar:/home/travis/build/icyphy/ptII/lib/ptjacl.jar:/home/travis/build/i
cyphy/ptII/lib/jsoup-1.8.2.jar:/home/travis/build/icyphy/ptII/lib/junit-4.8.2.j
ar:/home/travis/build/icyphy/ptII/lib/JUnitParams-0.4.0.jar:/home/travis/build/
icyphy/ptII/ptolemy/actor/lib/excel/jxl.jar:/home/travis/build/icyphy/ptII/lib/
jython.jar:/home/travis/build/icyphy/ptII/lib/kieler.jar:/home/travis/build/icy
phy/ptII/vendors/opencv/share/OpenCV/java/opencv-341.jar:/home/travis/build/icy
phy/ptII/lib/oscP5.jar:/home/travis/build/icyphy/ptII/lib/nrjavaserial-3.11.0.d
evel.jar:/home/travis/build/icyphy/ptII/vendors/j3d/lib/j3dcore.jar:/home/travi
s/build/icyphy/ptII/vendors/j3d/lib/j3dutils.jar:/home/travis/build/icyphy/ptII
/vendors/j3d/lib/vecmath.jar:/home/travis/build/icyphy/ptII/ptolemy/distributed
/jini/jar/jini-core.jar:/home/travis/build/icyphy/ptII/ptolemy/distributed/jini
/jar/jini-ext.jar:/home/travis/build/icyphy/ptII/ptolemy/distributed/jini/jar/s
un-util.jar:/home/travis/build/icyphy/ptII/lib/protobuf-java-2.4.1.jar:/home/tr
avis/build/icyphy/ptII/lib/org.eclipse.paho.client.mqttv3.jar:/home/travis/buil
d/icyphy/ptII/ptserver/lib/hessian-4.0.7.jar:/home/travis/build/icyphy/ptII/pts
erver/lib/wmqtt.jar:/home/travis/build/icyphy/ptII/lib/mapss.jar:/home/travis/b
uild/icyphy/ptII/ptolemy/actor/ptalon/antlr/antlr.jar:/home/travis/build/icyphy
/ptII/lib/JRI.jar:/home/travis/build/icyphy/ptII/lib/commons-lang-2.6.jar:/home
/travis/build/icyphy/ptII/lib/commons-logging-1.1.1.jar:/home/travis/build/icyp
hy/ptII/lib/sootclasses.jar:/home/travis/build/icyphy/ptII/ptolemy/actor/lib/da
tabase/mysql-connector-java-5.1.6-bin.jar:/home/travis/build/icyphy/ptII/vendor
s/misc/sphinx4/sphinx4-data-5prealpha.jar:/home/travis/build/icyphy/ptII/vendor
s/misc/sphinx4/sphinx4-core-5prealpha.jar:/home/travis/build/icyphy/ptII/lib/PD
FRenderer.jar:/home/travis/build/icyphy/ptII/lib/svgSalamander.jar:/home/travis
/build/icyphy/ptII/lib/rsyntaxtextarea-2.6.0-SNAPSHOT.jar:/home/travis/build/ic
yphy/ptII/lib/hazelcast-3.8.2.jar:/home/travis/build/icyphy/ptII/lib/jackson-an
notations-2.9.0.jar:/home/travis/build/icyphy/ptII/lib/jackson-core-2.9.3.jar:/
home/travis/build/icyphy/ptII/lib/jackson-databind-2.9.3.jar:/home/travis/build
/icyphy/ptII/lib/netty-buffer-4.1.19.Final.jar:/home/travis/build/icyphy/ptII/l
ib/netty-codec-4.1.19.Final.jar:/home/travis/build/icyphy/ptII/lib/netty-codec-
dns-4.1.19.Final.jar:/home/travis/build/icyphy/ptII/lib/netty-codec-http-4.1.19
.Final.jar:/home/travis/build/icyphy/ptII/lib/netty-codec-http2-4.1.19.Final.ja
r:/home/travis/build/icyphy/ptII/lib/netty-common-4.1.19.Final.jar:/home/travis
/build/icyphy/ptII/lib/netty-handler-4.1.19.Final.jar:/home/travis/build/icyphy
/ptII/lib/netty-resolver-4.1.19.Final.jar:/home/travis/build/icyphy/ptII/lib/ne
tty-resolver-dns-4.1.19.Final.jar:/home/travis/build/icyphy/ptII/lib/netty-tran
sport-4.1.19.Final.jar:/home/travis/build/icyphy/ptII/lib/vertx-codegen-3.5.1.j
ar:/home/travis/build/icyphy/ptII/lib/vertx-core-3.5.2-SNAPSHOT.jar:/home/travi
s/build/icyphy/ptII/lib/vertx-hazelcast-3.5.1.jar:/home/travis/build/icyphy/ptI
I/lib/vertx-lang-js-3.5.1.jar:/home/travis/build/icyphy/ptII/lib/vertx-service-
proxy-3.5.1.jar:/home/travis/build/icyphy/ptII/lib/vertx-web-3.5.1.jar:/home/tr
avis/build/icyphy/ptII/lib/slf4j-api-1.7.13.jar:/home/travis/build/icyphy/ptII/
lib/slf4j-simple-1.7.13.jar:/home/travis/build/icyphy/ptII/lib/webcam-capture-0
.3.12.jar:/home/travis/build/icyphy/ptII/lib/bridj-0.7.0.jar:/home/travis/build
/icyphy/ptII/lib/xbjlib-1.1.0.nrjavaserial.jar:/home/travis/build/icyphy/ptII/p
tolemy/moml/test:/home/travis/build/icyphy/ptII/ant/lib/ant-launcher.jar:/home/
travis/build/icyphy/ptII/ant/lib/ant.jar:/home/travis/build/icyphy/ptII/ant/lib
/ant-junit.jar:/home/travis/build/icyphy/ptII/ant/lib/ant-junit4.jar:/home/trav
is/build/icyphy/ptII ModularCodeGen4_A2_B2_profile.java
total 848
-rw-rw-r-- 1 travis travis  4895 Sep 23 02:19 CompiledCompositeActor_CompiledCompositeActor.class
-rw-rw-r-- 1 travis travis  1592 Sep 23 02:19 CompiledCompositeActor_CompiledCompositeActor$_CompiledCompositeActor_CompiledCompositeActor.class
-rw-rw-r-- 1 travis travis 13466 Sep 23 02:19 CompiledCompositeActor_CompiledCompositeActor.java
-rw-rw-r-- 1 travis travis  1593 Sep 23 02:19 CompiledCompositeActor_CompiledCompositeActor.mk
-rw-rw-r-- 1 travis travis  4457 Sep 23 02:19 JavaCompiledCompositeTest1_CompiledCompositeActor.class
-rw-rw-r-- 1 travis travis 11637 Sep 23 02:19 JavaCompiledCompositeTest1_CompiledCompositeActor.java
-rw-rw-r-- 1 travis travis  1198 Sep 23 02:19 JavaCompiledCompositeTest1_CompiledCompositeActor$_JavaCompiledCompositeTest1_CompiledCompositeActor.class
-rw-rw-r-- 1 travis travis  1625 Sep 23 02:19 JavaCompiledCompositeTest1_CompiledCompositeActor.mk
-rw-rw-r-- 1 travis travis  4888 Sep 23 02:19 JavaCompiledCompositeTest2_CompiledCompositeActor.class
-rw-rw-r-- 1 travis travis 14919 Sep 23 02:19 JavaCompiledCompositeTest2_CompiledCompositeActor.java
-rw-rw-r-- 1 travis travis  1793 Sep 23 02:19 JavaCompiledCompositeTest2_CompiledCompositeActor$_JavaCompiledCompositeTest2_CompiledCompositeActor.class
-rw-rw-r-- 1 travis travis  1625 Sep 23 02:19 JavaCompiledCompositeTest2_CompiledCompositeActor.mk
-rw-rw-r-- 1 travis travis  4505 Sep 23 02:19 JavaCompiledCompositeTest3_CompiledCompositeActor.class
-rw-rw-r-- 1 travis travis 13080 Sep 23 02:19 JavaCompiledCompositeTest3_CompiledCompositeActor.java
-rw-rw-r-- 1 travis travis  1378 Sep 23 02:19 JavaCompiledCompositeTest3_CompiledCompositeActor$_JavaCompiledCompositeTest3_CompiledCompositeActor.class
-rw-rw-r-- 1 travis travis  1625 Sep 23 02:19 JavaCompiledCompositeTest3_CompiledCompositeActor.mk
-rw-rw-r-- 1 travis travis  3953 Sep 23 02:19 JavaCompiledCompositeTest4_CompiledCompositeActor.class
-rw-rw-r-- 1 travis travis  9687 Sep 23 02:19 JavaCompiledCompositeTest4_CompiledCompositeActor.java
-rw-rw-r-- 1 travis travis   857 Sep 23 02:19 JavaCompiledCompositeTest4_CompiledCompositeActor$_JavaCompiledCompositeTest4_CompiledCompositeActor.class
-rw-rw-r-- 1 travis travis  1625 Sep 23 02:19 JavaCompiledCompositeTest4_CompiledCompositeActor.mk
-rw-rw-r-- 1 travis travis  3693 Sep 23 02:19 ModularCG_A1_B1.class
-rw-rw-r-- 1 travis travis  9730 Sep 23 02:19 ModularCG_A1_B1.java
-rw-rw-r-- 1 travis travis   832 Sep 23 02:19 ModularCG_A1_B1.mk
-rw-rw-r-- 1 travis travis  1318 Sep 23 02:19 ModularCG_A1_B1_profile.class
-rw-rw-r-- 1 travis travis  1262 Sep 23 02:19 ModularCG_A1_B1_profile.java
-rw-rw-r-- 1 travis travis  3693 Sep 23 02:19 ModularCG_A1_B2.class
-rw-rw-r-- 1 travis travis  9730 Sep 23 02:19 ModularCG_A1_B2.java
-rw-rw-r-- 1 travis travis   832 Sep 23 02:19 ModularCG_A1_B2.mk
-rw-rw-r-- 1 travis travis  1318 Sep 23 02:19 ModularCG_A1_B2_profile.class
-rw-rw-r-- 1 travis travis  1262 Sep 23 02:19 ModularCG_A1_B2_profile.java
-rw-rw-r-- 1 travis travis  4799 Sep 23 02:19 ModularCG_A1.class
-rw-rw-r-- 1 travis travis 14742 Sep 23 02:19 ModularCG_A1.java
-rw-rw-r-- 1 travis travis   808 Sep 23 02:19 ModularCG_A1.mk
-rw-rw-r-- 1 travis travis  1433 Sep 23 02:19 ModularCG_A1_profile.class
-rw-rw-r-- 1 travis travis  1704 Sep 23 02:19 ModularCG_A1_profile.java
-rw-rw-r-- 1 travis travis  3827 Sep 23 02:19 ModularCG_A2_B1.class
-rw-rw-r-- 1 travis travis 10667 Sep 23 02:19 ModularCG_A2_B1.java
-rw-rw-r-- 1 travis travis   832 Sep 23 02:19 ModularCG_A2_B1.mk
-rw-rw-r-- 1 travis travis  1381 Sep 23 02:19 ModularCG_A2_B1_profile.class
-rw-rw-r-- 1 travis travis  1446 Sep 23 02:19 ModularCG_A2_B1_profile.java
-rw-rw-r-- 1 travis travis  3693 Sep 23 02:19 ModularCG_A2_B2.class
-rw-rw-r-- 1 travis travis  9730 Sep 23 02:19 ModularCG_A2_B2.java
-rw-rw-r-- 1 travis travis   832 Sep 23 02:19 ModularCG_A2_B2.mk
-rw-rw-r-- 1 travis travis  1318 Sep 23 02:19 ModularCG_A2_B2_profile.class
-rw-rw-r-- 1 travis travis  1262 Sep 23 02:19 ModularCG_A2_B2_profile.java
-rw-rw-r-- 1 travis travis  4870 Sep 23 02:19 ModularCG_A2.class
-rw-rw-r-- 1 travis travis 15129 Sep 23 02:19 ModularCG_A2.java
-rw-rw-r-- 1 travis travis   808 Sep 23 02:19 ModularCG_A2.mk
-rw-rw-r-- 1 travis travis  1433 Sep 23 02:19 ModularCG_A2_profile.class
-rw-rw-r-- 1 travis travis  1704 Sep 23 02:19 ModularCG_A2_profile.java
-rw-rw-r-- 1 travis travis  3473 Sep 23 02:19 ModularCGPubSub_A1_A2.class
-rw-rw-r-- 1 travis travis  9076 Sep 23 02:19 ModularCGPubSub_A1_A2.java
-rw-rw-r-- 1 travis travis   880 Sep 23 02:19 ModularCGPubSub_A1_A2.mk
-rw-rw-r-- 1 travis travis  1300 Sep 23 02:19 ModularCGPubSub_A1_A2_profile.class
-rw-rw-r-- 1 travis travis  1222 Sep 23 02:19 ModularCGPubSub_A1_A2_profile.java
-rw-rw-r-- 1 travis travis  3790 Sep 23 02:19 ModularCGPubSub_A1.class
-rw-rw-r-- 1 travis travis  9836 Sep 23 02:19 ModularCGPubSub_A1.java
-rw-rw-r-- 1 travis travis   856 Sep 23 02:19 ModularCGPubSub_A1.mk
-rw-rw-r-- 1 travis travis  1346 Sep 23 02:19 ModularCGPubSub_A1_profile.class
-rw-rw-r-- 1 travis travis  1388 Sep 23 02:19 ModularCGPubSub_A1_profile.java
-rw-rw-r-- 1 travis travis  3988 Sep 23 02:19 ModularCodeGen2_ModularCodeGenTypedCompositeActor.class
-rw-rw-r-- 1 travis travis 11690 Sep 23 02:19 ModularCodeGen2_ModularCodeGenTypedCompositeActor.java
-rw-rw-r-- 1 travis travis  1104 Sep 23 02:19 ModularCodeGen2_ModularCodeGenTypedCompositeActor.mk
-rw-rw-r-- 1 travis travis  4272 Sep 23 02:19 ModularCodeGen2_ModularCodeGenTypedCompositeActor_ModularCodeGenTypedCompositeActor.class
-rw-rw-r-- 1 travis travis 11790 Sep 23 02:19 ModularCodeGen2_ModularCodeGenTypedCompositeActor_ModularCodeGenTypedCompositeActor.java
-rw-rw-r-- 1 travis travis  1376 Sep 23 02:19 ModularCodeGen2_ModularCodeGenTypedCompositeActor_ModularCodeGenTypedCompositeActor.mk
-rw-rw-r-- 1 travis travis  1421 Sep 23 02:19 ModularCodeGen2_ModularCodeGenTypedCompositeActor_ModularCodeGenTypedCompositeActor_profile.class
-rw-rw-r-- 1 travis travis  1294 Sep 23 02:19 ModularCodeGen2_ModularCodeGenTypedCompositeActor_ModularCodeGenTypedCompositeActor_profile.java
-rw-rw-r-- 1 travis travis   820 Sep 23 02:19 ModularCodeGen2_ModularCodeGenTypedCompositeActor_profile.class
-rw-rw-r-- 1 travis travis   693 Sep 23 02:19 ModularCodeGen2_ModularCodeGenTypedCompositeActor_profile.java
-rw-rw-r-- 1 travis travis  3741 Sep 23 02:19 ModularCodeGen3_A1_B1.class
-rw-rw-r-- 1 travis travis  9958 Sep 23 02:19 ModularCodeGen3_A1_B1.java
-rw-rw-r-- 1 travis travis   880 Sep 23 02:19 ModularCodeGen3_A1_B1.mk
-rw-rw-r-- 1 travis travis  1330 Sep 23 02:19 ModularCodeGen3_A1_B1_profile.class
-rw-rw-r-- 1 travis travis  1274 Sep 23 02:19 ModularCodeGen3_A1_B1_profile.java
-rw-rw-r-- 1 travis travis  3741 Sep 23 02:19 ModularCodeGen3_A1_B2.class
-rw-rw-r-- 1 travis travis  9958 Sep 23 02:19 ModularCodeGen3_A1_B2.java
-rw-rw-r-- 1 travis travis   880 Sep 23 02:19 ModularCodeGen3_A1_B2.mk
-rw-rw-r-- 1 travis travis  1330 Sep 23 02:19 ModularCodeGen3_A1_B2_profile.class
-rw-rw-r-- 1 travis travis  1274 Sep 23 02:19 ModularCodeGen3_A1_B2_profile.java
-rw-rw-r-- 1 travis travis  4961 Sep 23 02:19 ModularCodeGen3_A1.class
-rw-rw-r-- 1 travis travis 15564 Sep 23 02:19 ModularCodeGen3_A1.java
-rw-rw-r-- 1 travis travis   856 Sep 23 02:19 ModularCodeGen3_A1.mk
-rw-rw-r-- 1 travis travis  1445 Sep 23 02:19 ModularCodeGen3_A1_profile.class
-rw-rw-r-- 1 travis travis  1716 Sep 23 02:19 ModularCodeGen3_A1_profile.java
-rw-rw-r-- 1 travis travis  3887 Sep 23 02:19 ModularCodeGen3_A2_B1.class
-rw-rw-r-- 1 travis travis 10955 Sep 23 02:19 ModularCodeGen3_A2_B1.java
-rw-rw-r-- 1 travis travis   880 Sep 23 02:19 ModularCodeGen3_A2_B1.mk
-rw-rw-r-- 1 travis travis  1393 Sep 23 02:19 ModularCodeGen3_A2_B1_profile.class
-rw-rw-r-- 1 travis travis  1458 Sep 23 02:19 ModularCodeGen3_A2_B1_profile.java
-rw-rw-r-- 1 travis travis  3741 Sep 23 02:19 ModularCodeGen3_A2_B2.class
-rw-rw-r-- 1 travis travis  9958 Sep 23 02:19 ModularCodeGen3_A2_B2.java
-rw-rw-r-- 1 travis travis   880 Sep 23 02:19 ModularCodeGen3_A2_B2.mk
-rw-rw-r-- 1 travis travis  1330 Sep 23 02:19 ModularCodeGen3_A2_B2_profile.class
-rw-rw-r-- 1 travis travis  1274 Sep 23 02:19 ModularCodeGen3_A2_B2_profile.java
-rw-rw-r-- 1 travis travis  5038 Sep 23 02:19 ModularCodeGen3_A2.class
-rw-rw-r-- 1 travis travis 15957 Sep 23 02:19 ModularCodeGen3_A2.java
-rw-rw-r-- 1 travis travis   856 Sep 23 02:19 ModularCodeGen3_A2.mk
-rw-rw-r-- 1 travis travis  1445 Sep 23 02:19 ModularCodeGen3_A2_profile.class
-rw-rw-r-- 1 travis travis  1716 Sep 23 02:19 ModularCodeGen3_A2_profile.java
-rw-rw-r-- 1 travis travis  3794 Sep 23 02:19 ModularCodeGen4_A1_B1.class
-rw-rw-r-- 1 travis travis 10312 Sep 23 02:19 ModularCodeGen4_A1_B1.java
-rw-rw-r-- 1 travis travis   880 Sep 23 02:19 ModularCodeGen4_A1_B1.mk
-rw-rw-r-- 1 travis travis  1330 Sep 23 02:19 ModularCodeGen4_A1_B1_profile.class
-rw-rw-r-- 1 travis travis  1273 Sep 23 02:19 ModularCodeGen4_A1_B1_profile.java
-rw-rw-r-- 1 travis travis  3794 Sep 23 02:19 ModularCodeGen4_A1_B2.class
-rw-rw-r-- 1 travis travis 10312 Sep 23 02:19 ModularCodeGen4_A1_B2.java
-rw-rw-r-- 1 travis travis   880 Sep 23 02:19 ModularCodeGen4_A1_B2.mk
-rw-rw-r-- 1 travis travis  1330 Sep 23 02:19 ModularCodeGen4_A1_B2_profile.class
-rw-rw-r-- 1 travis travis  1273 Sep 23 02:19 ModularCodeGen4_A1_B2_profile.java
-rw-rw-r-- 1 travis travis  5101 Sep 23 02:19 ModularCodeGen4_A1.class
-rw-rw-r-- 1 travis travis 16245 Sep 23 02:19 ModularCodeGen4_A1.java
-rw-rw-r-- 1 travis travis   856 Sep 23 02:19 ModularCodeGen4_A1.mk
-rw-rw-r-- 1 travis travis  1445 Sep 23 02:19 ModularCodeGen4_A1_profile.class
-rw-rw-r-- 1 travis travis  1712 Sep 23 02:19 ModularCodeGen4_A1_profile.java
-rw-rw-r-- 1 travis travis  3988 Sep 23 02:20 ModularCodeGen4_A2_B1.class
-rw-rw-r-- 1 travis travis 11375 Sep 23 02:20 ModularCodeGen4_A2_B1.java
-rw-rw-r-- 1 travis travis   880 Sep 23 02:20 ModularCodeGen4_A2_B1.mk
-rw-rw-r-- 1 travis travis  1393 Sep 23 02:20 ModularCodeGen4_A2_B1_profile.class
-rw-rw-r-- 1 travis travis  1454 Sep 23 02:19 ModularCodeGen4_A2_B1_profile.java
-rw-rw-r-- 1 travis travis  1270 Sep 23 02:20 ModularCodeGen4_A2_B2_profile.java
-rw-rw-r-- 1 travis travis  3954 Sep 23 02:19 ModularCodeGen_ModularCodeGenTypedCompositeActor.class
-rw-rw-r-- 1 travis travis 10970 Sep 23 02:19 ModularCodeGen_ModularCodeGenTypedCompositeActor.java
-rw-rw-r-- 1 travis travis  1096 Sep 23 02:19 ModularCodeGen_ModularCodeGenTypedCompositeActor.mk
-rw-rw-r-- 1 travis travis  1384 Sep 23 02:19 ModularCodeGen_ModularCodeGenTypedCompositeActor_profile.class
-rw-rw-r-- 1 travis travis  1328 Sep 23 02:19 ModularCodeGen_ModularCodeGenTypedCompositeActor_profile.java
-rw-rw-r-- 1 travis travis  3492 Sep 23 02:19 ModularCodeGenTest_A1_A2.class
-rw-rw-r-- 1 travis travis  9164 Sep 23 02:18 ModularCodeGenTest_A1_A2.java
-rw-rw-r-- 1 travis travis   904 Sep 23 02:18 ModularCodeGenTest_A1_A2.mk
-rw-rw-r-- 1 travis travis  1306 Sep 23 02:18 ModularCodeGenTest_A1_A2_profile.class
-rw-rw-r-- 1 travis travis  1228 Sep 23 02:18 ModularCodeGenTest_A1_A2_profile.java
-rw-rw-r-- 1 travis travis  3823 Sep 23 02:19 ModularCodeGenTest_A1.class
-rw-rw-r-- 1 travis travis  9968 Sep 23 02:19 ModularCodeGenTest_A1.java
-rw-rw-r-- 1 travis travis   880 Sep 23 02:19 ModularCodeGenTest_A1.mk
-rw-rw-r-- 1 travis travis  1352 Sep 23 02:19 ModularCodeGenTest_A1_profile.class
-rw-rw-r-- 1 travis travis  1394 Sep 23 02:19 ModularCodeGenTest_A1_profile.java
-rw-rw-r-- 1 travis travis   432 Sep 23 02:20 Token.class
-rw-rw-r-- 1 travis travis   251 Sep 23 02:20 Token.java
warning: Supported source version 'RELEASE_6' from annotation processor 'org.netbeans.modules.openide.util.NbBundleProcessor' less than -source '1.8'
warning: Supported source version 'RELEASE_6' from annotation processor 'org.netbeans.modules.openide.util.URLStreamHandlerRegistrationProcessor' less than -source '1.8'
warning: Supported source version 'RELEASE_6' from annotation processor 'org.netbeans.modules.openide.util.ServiceProviderProcessor' less than -source '1.8'
3 warnings
All Done
Writing ModularCodeGen4_A2_B2.java in file:/home/travis/cg/ (10378 characters)
Reading "ptolemy/cg/kernel/generic/program/procedural/java/modular/makefile.in",
    writing "/home/travis/cg/ModularCodeGen4_A2_B2.mk"
Using ptolemy/cg/kernel/generic/program/procedural/java/modular/makefile.in
In "/home/travis/cg", about to execute:
    make -f ModularCodeGen4_A2_B2.mk
javac -classpath ".:.."    ModularCodeGen4_A2_B2.java
All Done
In "/home/travis/cg", about to execute:
    pwd
In "/home/travis/cg", about to execute:
    ls -l
/home/travis/cg
In "/home/travis/cg", about to execute:
    javac -classpath
.:/home/travis/build/icyphy/ptII:/home/travis/build/icyphy/ptII/lib/bsh-2.0b4.j
ar:/home/travis/build/icyphy/ptII/lib/ptCal.jar:/home/travis/build/icyphy/ptII/
lib/java_cup.jar:/home/travis/build/icyphy/ptII/lib/saxon8.jar:/home/travis/bui
ld/icyphy/ptII/lib/saxon8-dom.jar:/home/travis/build/icyphy/ptII/lib/chic.jar:/
home/travis/build/icyphy/ptII/lib/ptcolt.jar:/usr/lib/jvm/java-8-oracle/lib/too
ls.jar:/usr/lib/eclipse/plugins/org.eclipse.jdt.core_3.8.2.dist.jar:/usr/lib/ec
lipse/plugins/org.eclipse.core.runtime_3.8.0.dist.jar:/usr/lib/eclipse/plugins/
org.eclipse.osgi_3.8.1.dist.jar:/usr/lib/eclipse/plugins/org.eclipse.core.resou
rces_3.8.1.dist.jar:/usr/lib/eclipse/plugins/org.eclipse.equinox.common_3.6.100
.dist.jar:/usr/lib/eclipse/plugins/org.eclipse.core.jobs_3.5.200.dist.jar:/usr/
lib/eclipse/plugins/org.eclipse.core.contenttype_3.4.200.dist.jar:/usr/lib/ecli
pse/plugins/org.eclipse.equinox.preferences_3.5.0.dist.jar:/usr/lib/eclipse/plu
gins/org.eclipse.text_3.5.200.dist.jar:/usr/lib/eclipse/plugins/org.eclipse.ui.
workbench_3.8.1.dist.jar:/usr/lib/eclipse/plugins/org.eclipse.jface_3.8.0.dist.
jar:/usr/lib/eclipse/plugins/org.eclipse.swt_3.8.2.jar:/usr/lib/eclipse/plugins
/org.eclipse.jface.text_3.8.1.dist.jar:/usr/lib/eclipse/plugins/org.eclipse.ui.
workbench.texteditor_3.8.0.dist.jar:/usr/lib/eclipse/plugins/org.eclipse.ui.edi
tors_3.8.0.dist.jar:/usr/lib/eclipse/plugins/org.eclipse.core.commands_3.6.1.di
st.jar:/usr/lib/eclipse/plugins/org.eclipse.equinox.registry_3.5.200.dist.jar:/
usr/lib/eclipse/plugins/org.eclipse.ui.console_3.5.100.dist.jar:/usr/lib/eclips
e/plugins/org.eclipse.ui.forms_3.5.200.dist.jar:/usr/lib/eclipse/plugins/org.ec
lipse.ui.ide_3.8.1.dist.jar:/home/travis/build/icyphy/ptII/vendors/oracle/dbxml
.jar:/home/travis/build/icyphy/ptII/vendors/oracle/db.jar:/home/travis/build/ic
yphy/ptII/vendors/misc/itext/iText.jar:/home/travis/build/icyphy/ptII/lib/g4ltl
.jar:/home/travis/build/icyphy/ptII/lib/StructuralCoder.jar:/home/travis/build/
icyphy/ptII/lib/org-openide-util.jar:/home/travis/build/icyphy/ptII/lib/org-ope
nide-util-lookup.jar:/home/travis/build/icyphy/ptII/lib/org-netbeans-api-visual
.jar:/home/travis/build/icyphy/ptII/vendors/jai-1_1_2_01/lib/jai_core.jar:/home
/travis/build/icyphy/ptII/vendors/jai-1_1_2_01/lib/jai_codec.jar:/home/travis/b
uild/icyphy/ptII/lib/jcerti.jar:/home/travis/build/icyphy/ptII/lib/smack.jar:/h
ome/travis/build/icyphy/ptII/lib/smackx.jar:/home/travis/build/icyphy/ptII/lib/
jetty-all-8.1.5-v20120716.jar:/home/travis/build/icyphy/ptII/lib/javax.servlet-
api-3.0.1.jar:/home/travis/build/icyphy/ptII/lib/javax.mail.jar:/home/travis/bu
ild/icyphy/ptII/vendors/JMF-2.1.1e/lib/jmf.jar:/home/travis/build/icyphy/ptII/l
ib/jna-4.0.0-variadic.jar:/home/travis/build/icyphy/ptII/vendors/misc/joystick/
Joystick.jar:/home/travis/build/icyphy/ptII/lib/ptjacl.jar:/home/travis/build/i
cyphy/ptII/lib/jsoup-1.8.2.jar:/home/travis/build/icyphy/ptII/lib/junit-4.8.2.j
ar:/home/travis/build/icyphy/ptII/lib/JUnitParams-0.4.0.jar:/home/travis/build/
icyphy/ptII/ptolemy/actor/lib/excel/jxl.jar:/home/travis/build/icyphy/ptII/lib/
jython.jar:/home/travis/build/icyphy/ptII/lib/kieler.jar:/home/travis/build/icy
phy/ptII/vendors/opencv/share/OpenCV/java/opencv-341.jar:/home/travis/build/icy
phy/ptII/lib/oscP5.jar:/home/travis/build/icyphy/ptII/lib/nrjavaserial-3.11.0.d
evel.jar:/home/travis/build/icyphy/ptII/vendors/j3d/lib/j3dcore.jar:/home/travi
s/build/icyphy/ptII/vendors/j3d/lib/j3dutils.jar:/home/travis/build/icyphy/ptII
/vendors/j3d/lib/vecmath.jar:/home/travis/build/icyphy/ptII/ptolemy/distributed
/jini/jar/jini-core.jar:/home/travis/build/icyphy/ptII/ptolemy/distributed/jini
/jar/jini-ext.jar:/home/travis/build/icyphy/ptII/ptolemy/distributed/jini/jar/s
un-util.jar:/home/travis/build/icyphy/ptII/lib/protobuf-java-2.4.1.jar:/home/tr
avis/build/icyphy/ptII/lib/org.eclipse.paho.client.mqttv3.jar:/home/travis/buil
d/icyphy/ptII/ptserver/lib/hessian-4.0.7.jar:/home/travis/build/icyphy/ptII/pts
erver/lib/wmqtt.jar:/home/travis/build/icyphy/ptII/lib/mapss.jar:/home/travis/b
uild/icyphy/ptII/ptolemy/actor/ptalon/antlr/antlr.jar:/home/travis/build/icyphy
/ptII/lib/JRI.jar:/home/travis/build/icyphy/ptII/lib/commons-lang-2.6.jar:/home
/travis/build/icyphy/ptII/lib/commons-logging-1.1.1.jar:/home/travis/build/icyp
hy/ptII/lib/sootclasses.jar:/home/travis/build/icyphy/ptII/ptolemy/actor/lib/da
tabase/mysql-connector-java-5.1.6-bin.jar:/home/travis/build/icyphy/ptII/vendor
s/misc/sphinx4/sphinx4-data-5prealpha.jar:/home/travis/build/icyphy/ptII/vendor
s/misc/sphinx4/sphinx4-core-5prealpha.jar:/home/travis/build/icyphy/ptII/lib/PD
FRenderer.jar:/home/travis/build/icyphy/ptII/lib/svgSalamander.jar:/home/travis
/build/icyphy/ptII/lib/rsyntaxtextarea-2.6.0-SNAPSHOT.jar:/home/travis/build/ic
yphy/ptII/lib/hazelcast-3.8.2.jar:/home/travis/build/icyphy/ptII/lib/jackson-an
notations-2.9.0.jar:/home/travis/build/icyphy/ptII/lib/jackson-core-2.9.3.jar:/
home/travis/build/icyphy/ptII/lib/jackson-databind-2.9.3.jar:/home/travis/build
/icyphy/ptII/lib/netty-buffer-4.1.19.Final.jar:/home/travis/build/icyphy/ptII/l
ib/netty-codec-4.1.19.Final.jar:/home/travis/build/icyphy/ptII/lib/netty-codec-
dns-4.1.19.Final.jar:/home/travis/build/icyphy/ptII/lib/netty-codec-http-4.1.19
.Final.jar:/home/travis/build/icyphy/ptII/lib/netty-codec-http2-4.1.19.Final.ja
r:/home/travis/build/icyphy/ptII/lib/netty-common-4.1.19.Final.jar:/home/travis
/build/icyphy/ptII/lib/netty-handler-4.1.19.Final.jar:/home/travis/build/icyphy
/ptII/lib/netty-resolver-4.1.19.Final.jar:/home/travis/build/icyphy/ptII/lib/ne
tty-resolver-dns-4.1.19.Final.jar:/home/travis/build/icyphy/ptII/lib/netty-tran
sport-4.1.19.Final.jar:/home/travis/build/icyphy/ptII/lib/vertx-codegen-3.5.1.j
ar:/home/travis/build/icyphy/ptII/lib/vertx-core-3.5.2-SNAPSHOT.jar:/home/travi
s/build/icyphy/ptII/lib/vertx-hazelcast-3.5.1.jar:/home/travis/build/icyphy/ptI
I/lib/vertx-lang-js-3.5.1.jar:/home/travis/build/icyphy/ptII/lib/vertx-service-
proxy-3.5.1.jar:/home/travis/build/icyphy/ptII/lib/vertx-web-3.5.1.jar:/home/tr
avis/build/icyphy/ptII/lib/slf4j-api-1.7.13.jar:/home/travis/build/icyphy/ptII/
lib/slf4j-simple-1.7.13.jar:/home/travis/build/icyphy/ptII/lib/webcam-capture-0
.3.12.jar:/home/travis/build/icyphy/ptII/lib/bridj-0.7.0.jar:/home/travis/build
/icyphy/ptII/lib/xbjlib-1.1.0.nrjavaserial.jar:/home/travis/build/icyphy/ptII/p
tolemy/moml/test:/home/travis/build/icyphy/ptII/ant/lib/ant-launcher.jar:/home/
travis/build/icyphy/ptII/ant/lib/ant.jar:/home/travis/build/icyphy/ptII/ant/lib
/ant-junit.jar:/home/travis/build/icyphy/ptII/ant/lib/ant-junit4.jar:/home/trav
is/build/icyphy/ptII ModularCodeGen4_A2_profile.java
total 876
-rw-rw-r-- 1 travis travis  4895 Sep 23 02:19 CompiledCompositeActor_CompiledCompositeActor.class
-rw-rw-r-- 1 travis travis  1592 Sep 23 02:19 CompiledCompositeActor_CompiledCompositeActor$_CompiledCompositeActor_CompiledCompositeActor.class
-rw-rw-r-- 1 travis travis 13466 Sep 23 02:19 CompiledCompositeActor_CompiledCompositeActor.java
-rw-rw-r-- 1 travis travis  1593 Sep 23 02:19 CompiledCompositeActor_CompiledCompositeActor.mk
-rw-rw-r-- 1 travis travis  4457 Sep 23 02:19 JavaCompiledCompositeTest1_CompiledCompositeActor.class
-rw-rw-r-- 1 travis travis 11637 Sep 23 02:19 JavaCompiledCompositeTest1_CompiledCompositeActor.java
-rw-rw-r-- 1 travis travis  1198 Sep 23 02:19 JavaCompiledCompositeTest1_CompiledCompositeActor$_JavaCompiledCompositeTest1_CompiledCompositeActor.class
-rw-rw-r-- 1 travis travis  1625 Sep 23 02:19 JavaCompiledCompositeTest1_CompiledCompositeActor.mk
-rw-rw-r-- 1 travis travis  4888 Sep 23 02:19 JavaCompiledCompositeTest2_CompiledCompositeActor.class
-rw-rw-r-- 1 travis travis 14919 Sep 23 02:19 JavaCompiledCompositeTest2_CompiledCompositeActor.java
-rw-rw-r-- 1 travis travis  1793 Sep 23 02:19 JavaCompiledCompositeTest2_CompiledCompositeActor$_JavaCompiledCompositeTest2_CompiledCompositeActor.class
-rw-rw-r-- 1 travis travis  1625 Sep 23 02:19 JavaCompiledCompositeTest2_CompiledCompositeActor.mk
-rw-rw-r-- 1 travis travis  4505 Sep 23 02:19 JavaCompiledCompositeTest3_CompiledCompositeActor.class
-rw-rw-r-- 1 travis travis 13080 Sep 23 02:19 JavaCompiledCompositeTest3_CompiledCompositeActor.java
-rw-rw-r-- 1 travis travis  1378 Sep 23 02:19 JavaCompiledCompositeTest3_CompiledCompositeActor$_JavaCompiledCompositeTest3_CompiledCompositeActor.class
-rw-rw-r-- 1 travis travis  1625 Sep 23 02:19 JavaCompiledCompositeTest3_CompiledCompositeActor.mk
-rw-rw-r-- 1 travis travis  3953 Sep 23 02:19 JavaCompiledCompositeTest4_CompiledCompositeActor.class
-rw-rw-r-- 1 travis travis  9687 Sep 23 02:19 JavaCompiledCompositeTest4_CompiledCompositeActor.java
-rw-rw-r-- 1 travis travis   857 Sep 23 02:19 JavaCompiledCompositeTest4_CompiledCompositeActor$_JavaCompiledCompositeTest4_CompiledCompositeActor.class
-rw-rw-r-- 1 travis travis  1625 Sep 23 02:19 JavaCompiledCompositeTest4_CompiledCompositeActor.mk
-rw-rw-r-- 1 travis travis  3693 Sep 23 02:19 ModularCG_A1_B1.class
-rw-rw-r-- 1 travis travis  9730 Sep 23 02:19 ModularCG_A1_B1.java
-rw-rw-r-- 1 travis travis   832 Sep 23 02:19 ModularCG_A1_B1.mk
-rw-rw-r-- 1 travis travis  1318 Sep 23 02:19 ModularCG_A1_B1_profile.class
-rw-rw-r-- 1 travis travis  1262 Sep 23 02:19 ModularCG_A1_B1_profile.java
-rw-rw-r-- 1 travis travis  3693 Sep 23 02:19 ModularCG_A1_B2.class
-rw-rw-r-- 1 travis travis  9730 Sep 23 02:19 ModularCG_A1_B2.java
-rw-rw-r-- 1 travis travis   832 Sep 23 02:19 ModularCG_A1_B2.mk
-rw-rw-r-- 1 travis travis  1318 Sep 23 02:19 ModularCG_A1_B2_profile.class
-rw-rw-r-- 1 travis travis  1262 Sep 23 02:19 ModularCG_A1_B2_profile.java
-rw-rw-r-- 1 travis travis  4799 Sep 23 02:19 ModularCG_A1.class
-rw-rw-r-- 1 travis travis 14742 Sep 23 02:19 ModularCG_A1.java
-rw-rw-r-- 1 travis travis   808 Sep 23 02:19 ModularCG_A1.mk
-rw-rw-r-- 1 travis travis  1433 Sep 23 02:19 ModularCG_A1_profile.class
-rw-rw-r-- 1 travis travis  1704 Sep 23 02:19 ModularCG_A1_profile.java
-rw-rw-r-- 1 travis travis  3827 Sep 23 02:19 ModularCG_A2_B1.class
-rw-rw-r-- 1 travis travis 10667 Sep 23 02:19 ModularCG_A2_B1.java
-rw-rw-r-- 1 travis travis   832 Sep 23 02:19 ModularCG_A2_B1.mk
-rw-rw-r-- 1 travis travis  1381 Sep 23 02:19 ModularCG_A2_B1_profile.class
-rw-rw-r-- 1 travis travis  1446 Sep 23 02:19 ModularCG_A2_B1_profile.java
-rw-rw-r-- 1 travis travis  3693 Sep 23 02:19 ModularCG_A2_B2.class
-rw-rw-r-- 1 travis travis  9730 Sep 23 02:19 ModularCG_A2_B2.java
-rw-rw-r-- 1 travis travis   832 Sep 23 02:19 ModularCG_A2_B2.mk
-rw-rw-r-- 1 travis travis  1318 Sep 23 02:19 ModularCG_A2_B2_profile.class
-rw-rw-r-- 1 travis travis  1262 Sep 23 02:19 ModularCG_A2_B2_profile.java
-rw-rw-r-- 1 travis travis  4870 Sep 23 02:19 ModularCG_A2.class
-rw-rw-r-- 1 travis travis 15129 Sep 23 02:19 ModularCG_A2.java
-rw-rw-r-- 1 travis travis   808 Sep 23 02:19 ModularCG_A2.mk
-rw-rw-r-- 1 travis travis  1433 Sep 23 02:19 ModularCG_A2_profile.class
-rw-rw-r-- 1 travis travis  1704 Sep 23 02:19 ModularCG_A2_profile.java
-rw-rw-r-- 1 travis travis  3473 Sep 23 02:19 ModularCGPubSub_A1_A2.class
-rw-rw-r-- 1 travis travis  9076 Sep 23 02:19 ModularCGPubSub_A1_A2.java
-rw-rw-r-- 1 travis travis   880 Sep 23 02:19 ModularCGPubSub_A1_A2.mk
-rw-rw-r-- 1 travis travis  1300 Sep 23 02:19 ModularCGPubSub_A1_A2_profile.class
-rw-rw-r-- 1 travis travis  1222 Sep 23 02:19 ModularCGPubSub_A1_A2_profile.java
-rw-rw-r-- 1 travis travis  3790 Sep 23 02:19 ModularCGPubSub_A1.class
-rw-rw-r-- 1 travis travis  9836 Sep 23 02:19 ModularCGPubSub_A1.java
-rw-rw-r-- 1 travis travis   856 Sep 23 02:19 ModularCGPubSub_A1.mk
-rw-rw-r-- 1 travis travis  1346 Sep 23 02:19 ModularCGPubSub_A1_profile.class
-rw-rw-r-- 1 travis travis  1388 Sep 23 02:19 ModularCGPubSub_A1_profile.java
-rw-rw-r-- 1 travis travis  3988 Sep 23 02:19 ModularCodeGen2_ModularCodeGenTypedCompositeActor.class
-rw-rw-r-- 1 travis travis 11690 Sep 23 02:19 ModularCodeGen2_ModularCodeGenTypedCompositeActor.java
-rw-rw-r-- 1 travis travis  1104 Sep 23 02:19 ModularCodeGen2_ModularCodeGenTypedCompositeActor.mk
-rw-rw-r-- 1 travis travis  4272 Sep 23 02:19 ModularCodeGen2_ModularCodeGenTypedCompositeActor_ModularCodeGenTypedCompositeActor.class
-rw-rw-r-- 1 travis travis 11790 Sep 23 02:19 ModularCodeGen2_ModularCodeGenTypedCompositeActor_ModularCodeGenTypedCompositeActor.java
-rw-rw-r-- 1 travis travis  1376 Sep 23 02:19 ModularCodeGen2_ModularCodeGenTypedCompositeActor_ModularCodeGenTypedCompositeActor.mk
-rw-rw-r-- 1 travis travis  1421 Sep 23 02:19 ModularCodeGen2_ModularCodeGenTypedCompositeActor_ModularCodeGenTypedCompositeActor_profile.class
-rw-rw-r-- 1 travis travis  1294 Sep 23 02:19 ModularCodeGen2_ModularCodeGenTypedCompositeActor_ModularCodeGenTypedCompositeActor_profile.java
-rw-rw-r-- 1 travis travis   820 Sep 23 02:19 ModularCodeGen2_ModularCodeGenTypedCompositeActor_profile.class
-rw-rw-r-- 1 travis travis   693 Sep 23 02:19 ModularCodeGen2_ModularCodeGenTypedCompositeActor_profile.java
-rw-rw-r-- 1 travis travis  3741 Sep 23 02:19 ModularCodeGen3_A1_B1.class
-rw-rw-r-- 1 travis travis  9958 Sep 23 02:19 ModularCodeGen3_A1_B1.java
-rw-rw-r-- 1 travis travis   880 Sep 23 02:19 ModularCodeGen3_A1_B1.mk
-rw-rw-r-- 1 travis travis  1330 Sep 23 02:19 ModularCodeGen3_A1_B1_profile.class
-rw-rw-r-- 1 travis travis  1274 Sep 23 02:19 ModularCodeGen3_A1_B1_profile.java
-rw-rw-r-- 1 travis travis  3741 Sep 23 02:19 ModularCodeGen3_A1_B2.class
-rw-rw-r-- 1 travis travis  9958 Sep 23 02:19 ModularCodeGen3_A1_B2.java
-rw-rw-r-- 1 travis travis   880 Sep 23 02:19 ModularCodeGen3_A1_B2.mk
-rw-rw-r-- 1 travis travis  1330 Sep 23 02:19 ModularCodeGen3_A1_B2_profile.class
-rw-rw-r-- 1 travis travis  1274 Sep 23 02:19 ModularCodeGen3_A1_B2_profile.java
-rw-rw-r-- 1 travis travis  4961 Sep 23 02:19 ModularCodeGen3_A1.class
-rw-rw-r-- 1 travis travis 15564 Sep 23 02:19 ModularCodeGen3_A1.java
-rw-rw-r-- 1 travis travis   856 Sep 23 02:19 ModularCodeGen3_A1.mk
-rw-rw-r-- 1 travis travis  1445 Sep 23 02:19 ModularCodeGen3_A1_profile.class
-rw-rw-r-- 1 travis travis  1716 Sep 23 02:19 ModularCodeGen3_A1_profile.java
-rw-rw-r-- 1 travis travis  3887 Sep 23 02:19 ModularCodeGen3_A2_B1.class
-rw-rw-r-- 1 travis travis 10955 Sep 23 02:19 ModularCodeGen3_A2_B1.java
-rw-rw-r-- 1 travis travis   880 Sep 23 02:19 ModularCodeGen3_A2_B1.mk
-rw-rw-r-- 1 travis travis  1393 Sep 23 02:19 ModularCodeGen3_A2_B1_profile.class
-rw-rw-r-- 1 travis travis  1458 Sep 23 02:19 ModularCodeGen3_A2_B1_profile.java
-rw-rw-r-- 1 travis travis  3741 Sep 23 02:19 ModularCodeGen3_A2_B2.class
-rw-rw-r-- 1 travis travis  9958 Sep 23 02:19 ModularCodeGen3_A2_B2.java
-rw-rw-r-- 1 travis travis   880 Sep 23 02:19 ModularCodeGen3_A2_B2.mk
-rw-rw-r-- 1 travis travis  1330 Sep 23 02:19 ModularCodeGen3_A2_B2_profile.class
-rw-rw-r-- 1 travis travis  1274 Sep 23 02:19 ModularCodeGen3_A2_B2_profile.java
-rw-rw-r-- 1 travis travis  5038 Sep 23 02:19 ModularCodeGen3_A2.class
-rw-rw-r-- 1 travis travis 15957 Sep 23 02:19 ModularCodeGen3_A2.java
-rw-rw-r-- 1 travis travis   856 Sep 23 02:19 ModularCodeGen3_A2.mk
-rw-rw-r-- 1 travis travis  1445 Sep 23 02:19 ModularCodeGen3_A2_profile.class
-rw-rw-r-- 1 travis travis  1716 Sep 23 02:19 ModularCodeGen3_A2_profile.java
-rw-rw-r-- 1 travis travis  3794 Sep 23 02:19 ModularCodeGen4_A1_B1.class
-rw-rw-r-- 1 travis travis 10312 Sep 23 02:19 ModularCodeGen4_A1_B1.java
-rw-rw-r-- 1 travis travis   880 Sep 23 02:19 ModularCodeGen4_A1_B1.mk
-rw-rw-r-- 1 travis travis  1330 Sep 23 02:19 ModularCodeGen4_A1_B1_profile.class
-rw-rw-r-- 1 travis travis  1273 Sep 23 02:19 ModularCodeGen4_A1_B1_profile.java
-rw-rw-r-- 1 travis travis  3794 Sep 23 02:19 ModularCodeGen4_A1_B2.class
-rw-rw-r-- 1 travis travis 10312 Sep 23 02:19 ModularCodeGen4_A1_B2.java
-rw-rw-r-- 1 travis travis   880 Sep 23 02:19 ModularCodeGen4_A1_B2.mk
-rw-rw-r-- 1 travis travis  1330 Sep 23 02:19 ModularCodeGen4_A1_B2_profile.class
-rw-rw-r-- 1 travis travis  1273 Sep 23 02:19 ModularCodeGen4_A1_B2_profile.java
-rw-rw-r-- 1 travis travis  5101 Sep 23 02:19 ModularCodeGen4_A1.class
-rw-rw-r-- 1 travis travis 16245 Sep 23 02:19 ModularCodeGen4_A1.java
-rw-rw-r-- 1 travis travis   856 Sep 23 02:19 ModularCodeGen4_A1.mk
-rw-rw-r-- 1 travis travis  1445 Sep 23 02:19 ModularCodeGen4_A1_profile.class
-rw-rw-r-- 1 travis travis  1712 Sep 23 02:19 ModularCodeGen4_A1_profile.java
-rw-rw-r-- 1 travis travis  3988 Sep 23 02:20 ModularCodeGen4_A2_B1.class
-rw-rw-r-- 1 travis travis 11375 Sep 23 02:20 ModularCodeGen4_A2_B1.java
-rw-rw-r-- 1 travis travis   880 Sep 23 02:20 ModularCodeGen4_A2_B1.mk
-rw-rw-r-- 1 travis travis  1393 Sep 23 02:20 ModularCodeGen4_A2_B1_profile.class
-rw-rw-r-- 1 travis travis  1454 Sep 23 02:19 ModularCodeGen4_A2_B1_profile.java
-rw-rw-r-- 1 travis travis  3842 Sep 23 02:20 ModularCodeGen4_A2_B2.class
-rw-rw-r-- 1 travis travis 10378 Sep 23 02:20 ModularCodeGen4_A2_B2.java
-rw-rw-r-- 1 travis travis   880 Sep 23 02:20 ModularCodeGen4_A2_B2.mk
-rw-rw-r-- 1 travis travis  1330 Sep 23 02:20 ModularCodeGen4_A2_B2_profile.class
-rw-rw-r-- 1 travis travis  1270 Sep 23 02:20 ModularCodeGen4_A2_B2_profile.java
-rw-rw-r-- 1 travis travis  1712 Sep 23 02:20 ModularCodeGen4_A2_profile.java
-rw-rw-r-- 1 travis travis  3954 Sep 23 02:19 ModularCodeGen_ModularCodeGenTypedCompositeActor.class
-rw-rw-r-- 1 travis travis 10970 Sep 23 02:19 ModularCodeGen_ModularCodeGenTypedCompositeActor.java
-rw-rw-r-- 1 travis travis  1096 Sep 23 02:19 ModularCodeGen_ModularCodeGenTypedCompositeActor.mk
-rw-rw-r-- 1 travis travis  1384 Sep 23 02:19 ModularCodeGen_ModularCodeGenTypedCompositeActor_profile.class
-rw-rw-r-- 1 travis travis  1328 Sep 23 02:19 ModularCodeGen_ModularCodeGenTypedCompositeActor_profile.java
-rw-rw-r-- 1 travis travis  3492 Sep 23 02:19 ModularCodeGenTest_A1_A2.class
-rw-rw-r-- 1 travis travis  9164 Sep 23 02:18 ModularCodeGenTest_A1_A2.java
-rw-rw-r-- 1 travis travis   904 Sep 23 02:18 ModularCodeGenTest_A1_A2.mk
-rw-rw-r-- 1 travis travis  1306 Sep 23 02:18 ModularCodeGenTest_A1_A2_profile.class
-rw-rw-r-- 1 travis travis  1228 Sep 23 02:18 ModularCodeGenTest_A1_A2_profile.java
-rw-rw-r-- 1 travis travis  3823 Sep 23 02:19 ModularCodeGenTest_A1.class
-rw-rw-r-- 1 travis travis  9968 Sep 23 02:19 ModularCodeGenTest_A1.java
-rw-rw-r-- 1 travis travis   880 Sep 23 02:19 ModularCodeGenTest_A1.mk
-rw-rw-r-- 1 travis travis  1352 Sep 23 02:19 ModularCodeGenTest_A1_profile.class
-rw-rw-r-- 1 travis travis  1394 Sep 23 02:19 ModularCodeGenTest_A1_profile.java
-rw-rw-r-- 1 travis travis   432 Sep 23 02:20 Token.class
-rw-rw-r-- 1 travis travis   251 Sep 23 02:20 Token.java
warning: Supported source version 'RELEASE_6' from annotation processor 'org.netbeans.modules.openide.util.NbBundleProcessor' less than -source '1.8'
warning: Supported source version 'RELEASE_6' from annotation processor 'org.netbeans.modules.openide.util.URLStreamHandlerRegistrationProcessor' less than -source '1.8'
warning: Supported source version 'RELEASE_6' from annotation processor 'org.netbeans.modules.openide.util.ServiceProviderProcessor' less than -source '1.8'
3 warnings
All Done
Writing ModularCodeGen4_A2.java in file:/home/travis/cg/ (16770 characters)
Reading "ptolemy/cg/kernel/generic/program/procedural/java/modular/makefile.in",
    writing "/home/travis/cg/ModularCodeGen4_A2.mk"
Using ptolemy/cg/kernel/generic/program/procedural/java/modular/makefile.in
In "/home/travis/cg", about to execute:
    make -f ModularCodeGen4_A2.mk
javac -classpath ".:.."    ModularCodeGen4_A2.java
All Done
Manager.initialize() finished: 13891 ms. Memory: 254976K Free: 223191K (88%)
13894 ms. Memory: 254976K Free: 223191K (88%)
----------------- Invoking toplevel() on ptolemy.moml.MoMLSimpleApplication@722e9584
----------------- Done invoking toplevel() on ptolemy.moml.MoMLSimpleApplication@722e9584
reloadAllAccessors: .ModularCodeGen4

===========================================================================================
----------------- testing Sun Sep 23 02:20:05 UTC 2018 /home/travis/build/icyphy/ptII/ptolemy/cg/lib/test/auto/ModularCodeGen5.xml
----------------- Instantiating /home/travis/build/icyphy/ptII/ptolemy/cg/lib/test/auto/ModularCodeGen5.xml
In "/home/travis/cg", about to execute:
    pwd
In "/home/travis/cg", about to execute:
    ls -l
/home/travis/cg
In "/home/travis/cg", about to execute:
    javac -classpath
.:/home/travis/build/icyphy/ptII:/home/travis/build/icyphy/ptII/lib/bsh-2.0b4.j
ar:/home/travis/build/icyphy/ptII/lib/ptCal.jar:/home/travis/build/icyphy/ptII/
lib/java_cup.jar:/home/travis/build/icyphy/ptII/lib/saxon8.jar:/home/travis/bui
ld/icyphy/ptII/lib/saxon8-dom.jar:/home/travis/build/icyphy/ptII/lib/chic.jar:/
home/travis/build/icyphy/ptII/lib/ptcolt.jar:/usr/lib/jvm/java-8-oracle/lib/too
ls.jar:/usr/lib/eclipse/plugins/org.eclipse.jdt.core_3.8.2.dist.jar:/usr/lib/ec
lipse/plugins/org.eclipse.core.runtime_3.8.0.dist.jar:/usr/lib/eclipse/plugins/
org.eclipse.osgi_3.8.1.dist.jar:/usr/lib/eclipse/plugins/org.eclipse.core.resou
rces_3.8.1.dist.jar:/usr/lib/eclipse/plugins/org.eclipse.equinox.common_3.6.100
.dist.jar:/usr/lib/eclipse/plugins/org.eclipse.core.jobs_3.5.200.dist.jar:/usr/
lib/eclipse/plugins/org.eclipse.core.contenttype_3.4.200.dist.jar:/usr/lib/ecli
pse/plugins/org.eclipse.equinox.preferences_3.5.0.dist.jar:/usr/lib/eclipse/plu
gins/org.eclipse.text_3.5.200.dist.jar:/usr/lib/eclipse/plugins/org.eclipse.ui.
workbench_3.8.1.dist.jar:/usr/lib/eclipse/plugins/org.eclipse.jface_3.8.0.dist.
jar:/usr/lib/eclipse/plugins/org.eclipse.swt_3.8.2.jar:/usr/lib/eclipse/plugins
/org.eclipse.jface.text_3.8.1.dist.jar:/usr/lib/eclipse/plugins/org.eclipse.ui.
workbench.texteditor_3.8.0.dist.jar:/usr/lib/eclipse/plugins/org.eclipse.ui.edi
tors_3.8.0.dist.jar:/usr/lib/eclipse/plugins/org.eclipse.core.commands_3.6.1.di
st.jar:/usr/lib/eclipse/plugins/org.eclipse.equinox.registry_3.5.200.dist.jar:/
usr/lib/eclipse/plugins/org.eclipse.ui.console_3.5.100.dist.jar:/usr/lib/eclips
e/plugins/org.eclipse.ui.forms_3.5.200.dist.jar:/usr/lib/eclipse/plugins/org.ec
lipse.ui.ide_3.8.1.dist.jar:/home/travis/build/icyphy/ptII/vendors/oracle/dbxml
.jar:/home/travis/build/icyphy/ptII/vendors/oracle/db.jar:/home/travis/build/ic
yphy/ptII/vendors/misc/itext/iText.jar:/home/travis/build/icyphy/ptII/lib/g4ltl
.jar:/home/travis/build/icyphy/ptII/lib/StructuralCoder.jar:/home/travis/build/
icyphy/ptII/lib/org-openide-util.jar:/home/travis/build/icyphy/ptII/lib/org-ope
nide-util-lookup.jar:/home/travis/build/icyphy/ptII/lib/org-netbeans-api-visual
.jar:/home/travis/build/icyphy/ptII/vendors/jai-1_1_2_01/lib/jai_core.jar:/home
/travis/build/icyphy/ptII/vendors/jai-1_1_2_01/lib/jai_codec.jar:/home/travis/b
uild/icyphy/ptII/lib/jcerti.jar:/home/travis/build/icyphy/ptII/lib/smack.jar:/h
ome/travis/build/icyphy/ptII/lib/smackx.jar:/home/travis/build/icyphy/ptII/lib/
jetty-all-8.1.5-v20120716.jar:/home/travis/build/icyphy/ptII/lib/javax.servlet-
api-3.0.1.jar:/home/travis/build/icyphy/ptII/lib/javax.mail.jar:/home/travis/bu
ild/icyphy/ptII/vendors/JMF-2.1.1e/lib/jmf.jar:/home/travis/build/icyphy/ptII/l
ib/jna-4.0.0-variadic.jar:/home/travis/build/icyphy/ptII/vendors/misc/joystick/
Joystick.jar:/home/travis/build/icyphy/ptII/lib/ptjacl.jar:/home/travis/build/i
cyphy/ptII/lib/jsoup-1.8.2.jar:/home/travis/build/icyphy/ptII/lib/junit-4.8.2.j
ar:/home/travis/build/icyphy/ptII/lib/JUnitParams-0.4.0.jar:/home/travis/build/
icyphy/ptII/ptolemy/actor/lib/excel/jxl.jar:/home/travis/build/icyphy/ptII/lib/
jython.jar:/home/travis/build/icyphy/ptII/lib/kieler.jar:/home/travis/build/icy
phy/ptII/vendors/opencv/share/OpenCV/java/opencv-341.jar:/home/travis/build/icy
phy/ptII/lib/oscP5.jar:/home/travis/build/icyphy/ptII/lib/nrjavaserial-3.11.0.d
evel.jar:/home/travis/build/icyphy/ptII/vendors/j3d/lib/j3dcore.jar:/home/travi
s/build/icyphy/ptII/vendors/j3d/lib/j3dutils.jar:/home/travis/build/icyphy/ptII
/vendors/j3d/lib/vecmath.jar:/home/travis/build/icyphy/ptII/ptolemy/distributed
/jini/jar/jini-core.jar:/home/travis/build/icyphy/ptII/ptolemy/distributed/jini
/jar/jini-ext.jar:/home/travis/build/icyphy/ptII/ptolemy/distributed/jini/jar/s
un-util.jar:/home/travis/build/icyphy/ptII/lib/protobuf-java-2.4.1.jar:/home/tr
avis/build/icyphy/ptII/lib/org.eclipse.paho.client.mqttv3.jar:/home/travis/buil
d/icyphy/ptII/ptserver/lib/hessian-4.0.7.jar:/home/travis/build/icyphy/ptII/pts
erver/lib/wmqtt.jar:/home/travis/build/icyphy/ptII/lib/mapss.jar:/home/travis/b
uild/icyphy/ptII/ptolemy/actor/ptalon/antlr/antlr.jar:/home/travis/build/icyphy
/ptII/lib/JRI.jar:/home/travis/build/icyphy/ptII/lib/commons-lang-2.6.jar:/home
/travis/build/icyphy/ptII/lib/commons-logging-1.1.1.jar:/home/travis/build/icyp
hy/ptII/lib/sootclasses.jar:/home/travis/build/icyphy/ptII/ptolemy/actor/lib/da
tabase/mysql-connector-java-5.1.6-bin.jar:/home/travis/build/icyphy/ptII/vendor
s/misc/sphinx4/sphinx4-data-5prealpha.jar:/home/travis/build/icyphy/ptII/vendor
s/misc/sphinx4/sphinx4-core-5prealpha.jar:/home/travis/build/icyphy/ptII/lib/PD
FRenderer.jar:/home/travis/build/icyphy/ptII/lib/svgSalamander.jar:/home/travis
/build/icyphy/ptII/lib/rsyntaxtextarea-2.6.0-SNAPSHOT.jar:/home/travis/build/ic
yphy/ptII/lib/hazelcast-3.8.2.jar:/home/travis/build/icyphy/ptII/lib/jackson-an
notations-2.9.0.jar:/home/travis/build/icyphy/ptII/lib/jackson-core-2.9.3.jar:/
home/travis/build/icyphy/ptII/lib/jackson-databind-2.9.3.jar:/home/travis/build
/icyphy/ptII/lib/netty-buffer-4.1.19.Final.jar:/home/travis/build/icyphy/ptII/l
ib/netty-codec-4.1.19.Final.jar:/home/travis/build/icyphy/ptII/lib/netty-codec-
dns-4.1.19.Final.jar:/home/travis/build/icyphy/ptII/lib/netty-codec-http-4.1.19
.Final.jar:/home/travis/build/icyphy/ptII/lib/netty-codec-http2-4.1.19.Final.ja
r:/home/travis/build/icyphy/ptII/lib/netty-common-4.1.19.Final.jar:/home/travis
/build/icyphy/ptII/lib/netty-handler-4.1.19.Final.jar:/home/travis/build/icyphy
/ptII/lib/netty-resolver-4.1.19.Final.jar:/home/travis/build/icyphy/ptII/lib/ne
tty-resolver-dns-4.1.19.Final.jar:/home/travis/build/icyphy/ptII/lib/netty-tran
sport-4.1.19.Final.jar:/home/travis/build/icyphy/ptII/lib/vertx-codegen-3.5.1.j
ar:/home/travis/build/icyphy/ptII/lib/vertx-core-3.5.2-SNAPSHOT.jar:/home/travi
s/build/icyphy/ptII/lib/vertx-hazelcast-3.5.1.jar:/home/travis/build/icyphy/ptI
I/lib/vertx-lang-js-3.5.1.jar:/home/travis/build/icyphy/ptII/lib/vertx-service-
proxy-3.5.1.jar:/home/travis/build/icyphy/ptII/lib/vertx-web-3.5.1.jar:/home/tr
avis/build/icyphy/ptII/lib/slf4j-api-1.7.13.jar:/home/travis/build/icyphy/ptII/
lib/slf4j-simple-1.7.13.jar:/home/travis/build/icyphy/ptII/lib/webcam-capture-0
.3.12.jar:/home/travis/build/icyphy/ptII/lib/bridj-0.7.0.jar:/home/travis/build
/icyphy/ptII/lib/xbjlib-1.1.0.nrjavaserial.jar:/home/travis/build/icyphy/ptII/p
tolemy/moml/test:/home/travis/build/icyphy/ptII/ant/lib/ant-launcher.jar:/home/
travis/build/icyphy/ptII/ant/lib/ant.jar:/home/travis/build/icyphy/ptII/ant/lib
/ant-junit.jar:/home/travis/build/icyphy/ptII/ant/lib/ant-junit4.jar:/home/trav
is/build/icyphy/ptII ModularCodeGen5_A_A_profile.java
total 916
-rw-rw-r-- 1 travis travis  4895 Sep 23 02:19 CompiledCompositeActor_CompiledCompositeActor.class
-rw-rw-r-- 1 travis travis  1592 Sep 23 02:19 CompiledCompositeActor_CompiledCompositeActor$_CompiledCompositeActor_CompiledCompositeActor.class
-rw-rw-r-- 1 travis travis 13466 Sep 23 02:19 CompiledCompositeActor_CompiledCompositeActor.java
-rw-rw-r-- 1 travis travis  1593 Sep 23 02:19 CompiledCompositeActor_CompiledCompositeActor.mk
-rw-rw-r-- 1 travis travis  4457 Sep 23 02:19 JavaCompiledCompositeTest1_CompiledCompositeActor.class
-rw-rw-r-- 1 travis travis 11637 Sep 23 02:19 JavaCompiledCompositeTest1_CompiledCompositeActor.java
-rw-rw-r-- 1 travis travis  1198 Sep 23 02:19 JavaCompiledCompositeTest1_CompiledCompositeActor$_JavaCompiledCompositeTest1_CompiledCompositeActor.class
-rw-rw-r-- 1 travis travis  1625 Sep 23 02:19 JavaCompiledCompositeTest1_CompiledCompositeActor.mk
-rw-rw-r-- 1 travis travis  4888 Sep 23 02:19 JavaCompiledCompositeTest2_CompiledCompositeActor.class
-rw-rw-r-- 1 travis travis 14919 Sep 23 02:19 JavaCompiledCompositeTest2_CompiledCompositeActor.java
-rw-rw-r-- 1 travis travis  1793 Sep 23 02:19 JavaCompiledCompositeTest2_CompiledCompositeActor$_JavaCompiledCompositeTest2_CompiledCompositeActor.class
-rw-rw-r-- 1 travis travis  1625 Sep 23 02:19 JavaCompiledCompositeTest2_CompiledCompositeActor.mk
-rw-rw-r-- 1 travis travis  4505 Sep 23 02:19 JavaCompiledCompositeTest3_CompiledCompositeActor.class
-rw-rw-r-- 1 travis travis 13080 Sep 23 02:19 JavaCompiledCompositeTest3_CompiledCompositeActor.java
-rw-rw-r-- 1 travis travis  1378 Sep 23 02:19 JavaCompiledCompositeTest3_CompiledCompositeActor$_JavaCompiledCompositeTest3_CompiledCompositeActor.class
-rw-rw-r-- 1 travis travis  1625 Sep 23 02:19 JavaCompiledCompositeTest3_CompiledCompositeActor.mk
-rw-rw-r-- 1 travis travis  3953 Sep 23 02:19 JavaCompiledCompositeTest4_CompiledCompositeActor.class
-rw-rw-r-- 1 travis travis  9687 Sep 23 02:19 JavaCompiledCompositeTest4_CompiledCompositeActor.java
-rw-rw-r-- 1 travis travis   857 Sep 23 02:19 JavaCompiledCompositeTest4_CompiledCompositeActor$_JavaCompiledCompositeTest4_CompiledCompositeActor.class
-rw-rw-r-- 1 travis travis  1625 Sep 23 02:19 JavaCompiledCompositeTest4_CompiledCompositeActor.mk
-rw-rw-r-- 1 travis travis  3693 Sep 23 02:19 ModularCG_A1_B1.class
-rw-rw-r-- 1 travis travis  9730 Sep 23 02:19 ModularCG_A1_B1.java
-rw-rw-r-- 1 travis travis   832 Sep 23 02:19 ModularCG_A1_B1.mk
-rw-rw-r-- 1 travis travis  1318 Sep 23 02:19 ModularCG_A1_B1_profile.class
-rw-rw-r-- 1 travis travis  1262 Sep 23 02:19 ModularCG_A1_B1_profile.java
-rw-rw-r-- 1 travis travis  3693 Sep 23 02:19 ModularCG_A1_B2.class
-rw-rw-r-- 1 travis travis  9730 Sep 23 02:19 ModularCG_A1_B2.java
-rw-rw-r-- 1 travis travis   832 Sep 23 02:19 ModularCG_A1_B2.mk
-rw-rw-r-- 1 travis travis  1318 Sep 23 02:19 ModularCG_A1_B2_profile.class
-rw-rw-r-- 1 travis travis  1262 Sep 23 02:19 ModularCG_A1_B2_profile.java
-rw-rw-r-- 1 travis travis  4799 Sep 23 02:19 ModularCG_A1.class
-rw-rw-r-- 1 travis travis 14742 Sep 23 02:19 ModularCG_A1.java
-rw-rw-r-- 1 travis travis   808 Sep 23 02:19 ModularCG_A1.mk
-rw-rw-r-- 1 travis travis  1433 Sep 23 02:19 ModularCG_A1_profile.class
-rw-rw-r-- 1 travis travis  1704 Sep 23 02:19 ModularCG_A1_profile.java
-rw-rw-r-- 1 travis travis  3827 Sep 23 02:19 ModularCG_A2_B1.class
-rw-rw-r-- 1 travis travis 10667 Sep 23 02:19 ModularCG_A2_B1.java
-rw-rw-r-- 1 travis travis   832 Sep 23 02:19 ModularCG_A2_B1.mk
-rw-rw-r-- 1 travis travis  1381 Sep 23 02:19 ModularCG_A2_B1_profile.class
-rw-rw-r-- 1 travis travis  1446 Sep 23 02:19 ModularCG_A2_B1_profile.java
-rw-rw-r-- 1 travis travis  3693 Sep 23 02:19 ModularCG_A2_B2.class
-rw-rw-r-- 1 travis travis  9730 Sep 23 02:19 ModularCG_A2_B2.java
-rw-rw-r-- 1 travis travis   832 Sep 23 02:19 ModularCG_A2_B2.mk
-rw-rw-r-- 1 travis travis  1318 Sep 23 02:19 ModularCG_A2_B2_profile.class
-rw-rw-r-- 1 travis travis  1262 Sep 23 02:19 ModularCG_A2_B2_profile.java
-rw-rw-r-- 1 travis travis  4870 Sep 23 02:19 ModularCG_A2.class
-rw-rw-r-- 1 travis travis 15129 Sep 23 02:19 ModularCG_A2.java
-rw-rw-r-- 1 travis travis   808 Sep 23 02:19 ModularCG_A2.mk
-rw-rw-r-- 1 travis travis  1433 Sep 23 02:19 ModularCG_A2_profile.class
-rw-rw-r-- 1 travis travis  1704 Sep 23 02:19 ModularCG_A2_profile.java
-rw-rw-r-- 1 travis travis  3473 Sep 23 02:19 ModularCGPubSub_A1_A2.class
-rw-rw-r-- 1 travis travis  9076 Sep 23 02:19 ModularCGPubSub_A1_A2.java
-rw-rw-r-- 1 travis travis   880 Sep 23 02:19 ModularCGPubSub_A1_A2.mk
-rw-rw-r-- 1 travis travis  1300 Sep 23 02:19 ModularCGPubSub_A1_A2_profile.class
-rw-rw-r-- 1 travis travis  1222 Sep 23 02:19 ModularCGPubSub_A1_A2_profile.java
-rw-rw-r-- 1 travis travis  3790 Sep 23 02:19 ModularCGPubSub_A1.class
-rw-rw-r-- 1 travis travis  9836 Sep 23 02:19 ModularCGPubSub_A1.java
-rw-rw-r-- 1 travis travis   856 Sep 23 02:19 ModularCGPubSub_A1.mk
-rw-rw-r-- 1 travis travis  1346 Sep 23 02:19 ModularCGPubSub_A1_profile.class
-rw-rw-r-- 1 travis travis  1388 Sep 23 02:19 ModularCGPubSub_A1_profile.java
-rw-rw-r-- 1 travis travis  3988 Sep 23 02:19 ModularCodeGen2_ModularCodeGenTypedCompositeActor.class
-rw-rw-r-- 1 travis travis 11690 Sep 23 02:19 ModularCodeGen2_ModularCodeGenTypedCompositeActor.java
-rw-rw-r-- 1 travis travis  1104 Sep 23 02:19 ModularCodeGen2_ModularCodeGenTypedCompositeActor.mk
-rw-rw-r-- 1 travis travis  4272 Sep 23 02:19 ModularCodeGen2_ModularCodeGenTypedCompositeActor_ModularCodeGenTypedCompositeActor.class
-rw-rw-r-- 1 travis travis 11790 Sep 23 02:19 ModularCodeGen2_ModularCodeGenTypedCompositeActor_ModularCodeGenTypedCompositeActor.java
-rw-rw-r-- 1 travis travis  1376 Sep 23 02:19 ModularCodeGen2_ModularCodeGenTypedCompositeActor_ModularCodeGenTypedCompositeActor.mk
-rw-rw-r-- 1 travis travis  1421 Sep 23 02:19 ModularCodeGen2_ModularCodeGenTypedCompositeActor_ModularCodeGenTypedCompositeActor_profile.class
-rw-rw-r-- 1 travis travis  1294 Sep 23 02:19 ModularCodeGen2_ModularCodeGenTypedCompositeActor_ModularCodeGenTypedCompositeActor_profile.java
-rw-rw-r-- 1 travis travis   820 Sep 23 02:19 ModularCodeGen2_ModularCodeGenTypedCompositeActor_profile.class
-rw-rw-r-- 1 travis travis   693 Sep 23 02:19 ModularCodeGen2_ModularCodeGenTypedCompositeActor_profile.java
-rw-rw-r-- 1 travis travis  3741 Sep 23 02:19 ModularCodeGen3_A1_B1.class
-rw-rw-r-- 1 travis travis  9958 Sep 23 02:19 ModularCodeGen3_A1_B1.java
-rw-rw-r-- 1 travis travis   880 Sep 23 02:19 ModularCodeGen3_A1_B1.mk
-rw-rw-r-- 1 travis travis  1330 Sep 23 02:19 ModularCodeGen3_A1_B1_profile.class
-rw-rw-r-- 1 travis travis  1274 Sep 23 02:19 ModularCodeGen3_A1_B1_profile.java
-rw-rw-r-- 1 travis travis  3741 Sep 23 02:19 ModularCodeGen3_A1_B2.class
-rw-rw-r-- 1 travis travis  9958 Sep 23 02:19 ModularCodeGen3_A1_B2.java
-rw-rw-r-- 1 travis travis   880 Sep 23 02:19 ModularCodeGen3_A1_B2.mk
-rw-rw-r-- 1 travis travis  1330 Sep 23 02:19 ModularCodeGen3_A1_B2_profile.class
-rw-rw-r-- 1 travis travis  1274 Sep 23 02:19 ModularCodeGen3_A1_B2_profile.java
-rw-rw-r-- 1 travis travis  4961 Sep 23 02:19 ModularCodeGen3_A1.class
-rw-rw-r-- 1 travis travis 15564 Sep 23 02:19 ModularCodeGen3_A1.java
-rw-rw-r-- 1 travis travis   856 Sep 23 02:19 ModularCodeGen3_A1.mk
-rw-rw-r-- 1 travis travis  1445 Sep 23 02:19 ModularCodeGen3_A1_profile.class
-rw-rw-r-- 1 travis travis  1716 Sep 23 02:19 ModularCodeGen3_A1_profile.java
-rw-rw-r-- 1 travis travis  3887 Sep 23 02:19 ModularCodeGen3_A2_B1.class
-rw-rw-r-- 1 travis travis 10955 Sep 23 02:19 ModularCodeGen3_A2_B1.java
-rw-rw-r-- 1 travis travis   880 Sep 23 02:19 ModularCodeGen3_A2_B1.mk
-rw-rw-r-- 1 travis travis  1393 Sep 23 02:19 ModularCodeGen3_A2_B1_profile.class
-rw-rw-r-- 1 travis travis  1458 Sep 23 02:19 ModularCodeGen3_A2_B1_profile.java
-rw-rw-r-- 1 travis travis  3741 Sep 23 02:19 ModularCodeGen3_A2_B2.class
-rw-rw-r-- 1 travis travis  9958 Sep 23 02:19 ModularCodeGen3_A2_B2.java
-rw-rw-r-- 1 travis travis   880 Sep 23 02:19 ModularCodeGen3_A2_B2.mk
-rw-rw-r-- 1 travis travis  1330 Sep 23 02:19 ModularCodeGen3_A2_B2_profile.class
-rw-rw-r-- 1 travis travis  1274 Sep 23 02:19 ModularCodeGen3_A2_B2_profile.java
-rw-rw-r-- 1 travis travis  5038 Sep 23 02:19 ModularCodeGen3_A2.class
-rw-rw-r-- 1 travis travis 15957 Sep 23 02:19 ModularCodeGen3_A2.java
-rw-rw-r-- 1 travis travis   856 Sep 23 02:19 ModularCodeGen3_A2.mk
-rw-rw-r-- 1 travis travis  1445 Sep 23 02:19 ModularCodeGen3_A2_profile.class
-rw-rw-r-- 1 travis travis  1716 Sep 23 02:19 ModularCodeGen3_A2_profile.java
-rw-rw-r-- 1 travis travis  3794 Sep 23 02:19 ModularCodeGen4_A1_B1.class
-rw-rw-r-- 1 travis travis 10312 Sep 23 02:19 ModularCodeGen4_A1_B1.java
-rw-rw-r-- 1 travis travis   880 Sep 23 02:19 ModularCodeGen4_A1_B1.mk
-rw-rw-r-- 1 travis travis  1330 Sep 23 02:19 ModularCodeGen4_A1_B1_profile.class
-rw-rw-r-- 1 travis travis  1273 Sep 23 02:19 ModularCodeGen4_A1_B1_profile.java
-rw-rw-r-- 1 travis travis  3794 Sep 23 02:19 ModularCodeGen4_A1_B2.class
-rw-rw-r-- 1 travis travis 10312 Sep 23 02:19 ModularCodeGen4_A1_B2.java
-rw-rw-r-- 1 travis travis   880 Sep 23 02:19 ModularCodeGen4_A1_B2.mk
-rw-rw-r-- 1 travis travis  1330 Sep 23 02:19 ModularCodeGen4_A1_B2_profile.class
-rw-rw-r-- 1 travis travis  1273 Sep 23 02:19 ModularCodeGen4_A1_B2_profile.java
-rw-rw-r-- 1 travis travis  5101 Sep 23 02:19 ModularCodeGen4_A1.class
-rw-rw-r-- 1 travis travis 16245 Sep 23 02:19 ModularCodeGen4_A1.java
-rw-rw-r-- 1 travis travis   856 Sep 23 02:19 ModularCodeGen4_A1.mk
-rw-rw-r-- 1 travis travis  1445 Sep 23 02:19 ModularCodeGen4_A1_profile.class
-rw-rw-r-- 1 travis travis  1712 Sep 23 02:19 ModularCodeGen4_A1_profile.java
-rw-rw-r-- 1 travis travis  3988 Sep 23 02:20 ModularCodeGen4_A2_B1.class
-rw-rw-r-- 1 travis travis 11375 Sep 23 02:20 ModularCodeGen4_A2_B1.java
-rw-rw-r-- 1 travis travis   880 Sep 23 02:20 ModularCodeGen4_A2_B1.mk
-rw-rw-r-- 1 travis travis  1393 Sep 23 02:20 ModularCodeGen4_A2_B1_profile.class
-rw-rw-r-- 1 travis travis  1454 Sep 23 02:19 ModularCodeGen4_A2_B1_profile.java
-rw-rw-r-- 1 travis travis  3842 Sep 23 02:20 ModularCodeGen4_A2_B2.class
-rw-rw-r-- 1 travis travis 10378 Sep 23 02:20 ModularCodeGen4_A2_B2.java
-rw-rw-r-- 1 travis travis   880 Sep 23 02:20 ModularCodeGen4_A2_B2.mk
-rw-rw-r-- 1 travis travis  1330 Sep 23 02:20 ModularCodeGen4_A2_B2_profile.class
-rw-rw-r-- 1 travis travis  1270 Sep 23 02:20 ModularCodeGen4_A2_B2_profile.java
-rw-rw-r-- 1 travis travis  5274 Sep 23 02:20 ModularCodeGen4_A2.class
-rw-rw-r-- 1 travis travis 16770 Sep 23 02:20 ModularCodeGen4_A2.java
-rw-rw-r-- 1 travis travis   856 Sep 23 02:20 ModularCodeGen4_A2.mk
-rw-rw-r-- 1 travis travis  1445 Sep 23 02:20 ModularCodeGen4_A2_profile.class
-rw-rw-r-- 1 travis travis  1712 Sep 23 02:20 ModularCodeGen4_A2_profile.java
-rw-rw-r-- 1 travis travis  1815 Sep 23 02:20 ModularCodeGen5_A_A_profile.java
-rw-rw-r-- 1 travis travis  3954 Sep 23 02:19 ModularCodeGen_ModularCodeGenTypedCompositeActor.class
-rw-rw-r-- 1 travis travis 10970 Sep 23 02:19 ModularCodeGen_ModularCodeGenTypedCompositeActor.java
-rw-rw-r-- 1 travis travis  1096 Sep 23 02:19 ModularCodeGen_ModularCodeGenTypedCompositeActor.mk
-rw-rw-r-- 1 travis travis  1384 Sep 23 02:19 ModularCodeGen_ModularCodeGenTypedCompositeActor_profile.class
-rw-rw-r-- 1 travis travis  1328 Sep 23 02:19 ModularCodeGen_ModularCodeGenTypedCompositeActor_profile.java
-rw-rw-r-- 1 travis travis  3492 Sep 23 02:19 ModularCodeGenTest_A1_A2.class
-rw-rw-r-- 1 travis travis  9164 Sep 23 02:18 ModularCodeGenTest_A1_A2.java
-rw-rw-r-- 1 travis travis   904 Sep 23 02:18 ModularCodeGenTest_A1_A2.mk
-rw-rw-r-- 1 travis travis  1306 Sep 23 02:18 ModularCodeGenTest_A1_A2_profile.class
-rw-rw-r-- 1 travis travis  1228 Sep 23 02:18 ModularCodeGenTest_A1_A2_profile.java
-rw-rw-r-- 1 travis travis  3823 Sep 23 02:19 ModularCodeGenTest_A1.class
-rw-rw-r-- 1 travis travis  9968 Sep 23 02:19 ModularCodeGenTest_A1.java
-rw-rw-r-- 1 travis travis   880 Sep 23 02:19 ModularCodeGenTest_A1.mk
-rw-rw-r-- 1 travis travis  1352 Sep 23 02:19 ModularCodeGenTest_A1_profile.class
-rw-rw-r-- 1 travis travis  1394 Sep 23 02:19 ModularCodeGenTest_A1_profile.java
-rw-rw-r-- 1 travis travis   432 Sep 23 02:20 Token.class
-rw-rw-r-- 1 travis travis   251 Sep 23 02:20 Token.java
warning: Supported source version 'RELEASE_6' from annotation processor 'org.netbeans.modules.openide.util.NbBundleProcessor' less than -source '1.8'
warning: Supported source version 'RELEASE_6' from annotation processor 'org.netbeans.modules.openide.util.URLStreamHandlerRegistrationProcessor' less than -source '1.8'
warning: Supported source version 'RELEASE_6' from annotation processor 'org.netbeans.modules.openide.util.ServiceProviderProcessor' less than -source '1.8'
3 warnings
All Done
Writing ModularCodeGen5_A_A.java in file:/home/travis/cg/ (28721 characters)
Reading "ptolemy/cg/kernel/generic/program/procedural/java/modular/makefile.in",
    writing "/home/travis/cg/ModularCodeGen5_A_A.mk"
Using ptolemy/cg/kernel/generic/program/procedural/java/modular/makefile.in
In "/home/travis/cg", about to execute:
    make -f ModularCodeGen5_A_A.mk
javac -classpath ".:.."    ModularCodeGen5_A_A.java
All Done
In "/home/travis/cg", about to execute:
    pwd
In "/home/travis/cg", about to execute:
    ls -l
/home/travis/cg
In "/home/travis/cg", about to execute:
    javac -classpath
.:/home/travis/build/icyphy/ptII:/home/travis/build/icyphy/ptII/lib/bsh-2.0b4.j
ar:/home/travis/build/icyphy/ptII/lib/ptCal.jar:/home/travis/build/icyphy/ptII/
lib/java_cup.jar:/home/travis/build/icyphy/ptII/lib/saxon8.jar:/home/travis/bui
ld/icyphy/ptII/lib/saxon8-dom.jar:/home/travis/build/icyphy/ptII/lib/chic.jar:/
home/travis/build/icyphy/ptII/lib/ptcolt.jar:/usr/lib/jvm/java-8-oracle/lib/too
ls.jar:/usr/lib/eclipse/plugins/org.eclipse.jdt.core_3.8.2.dist.jar:/usr/lib/ec
lipse/plugins/org.eclipse.core.runtime_3.8.0.dist.jar:/usr/lib/eclipse/plugins/
org.eclipse.osgi_3.8.1.dist.jar:/usr/lib/eclipse/plugins/org.eclipse.core.resou
rces_3.8.1.dist.jar:/usr/lib/eclipse/plugins/org.eclipse.equinox.common_3.6.100
.dist.jar:/usr/lib/eclipse/plugins/org.eclipse.core.jobs_3.5.200.dist.jar:/usr/
lib/eclipse/plugins/org.eclipse.core.contenttype_3.4.200.dist.jar:/usr/lib/ecli
pse/plugins/org.eclipse.equinox.preferences_3.5.0.dist.jar:/usr/lib/eclipse/plu
gins/org.eclipse.text_3.5.200.dist.jar:/usr/lib/eclipse/plugins/org.eclipse.ui.
workbench_3.8.1.dist.jar:/usr/lib/eclipse/plugins/org.eclipse.jface_3.8.0.dist.
jar:/usr/lib/eclipse/plugins/org.eclipse.swt_3.8.2.jar:/usr/lib/eclipse/plugins
/org.eclipse.jface.text_3.8.1.dist.jar:/usr/lib/eclipse/plugins/org.eclipse.ui.
workbench.texteditor_3.8.0.dist.jar:/usr/lib/eclipse/plugins/org.eclipse.ui.edi
tors_3.8.0.dist.jar:/usr/lib/eclipse/plugins/org.eclipse.core.commands_3.6.1.di
st.jar:/usr/lib/eclipse/plugins/org.eclipse.equinox.registry_3.5.200.dist.jar:/
usr/lib/eclipse/plugins/org.eclipse.ui.console_3.5.100.dist.jar:/usr/lib/eclips
e/plugins/org.eclipse.ui.forms_3.5.200.dist.jar:/usr/lib/eclipse/plugins/org.ec
lipse.ui.ide_3.8.1.dist.jar:/home/travis/build/icyphy/ptII/vendors/oracle/dbxml
.jar:/home/travis/build/icyphy/ptII/vendors/oracle/db.jar:/home/travis/build/ic
yphy/ptII/vendors/misc/itext/iText.jar:/home/travis/build/icyphy/ptII/lib/g4ltl
.jar:/home/travis/build/icyphy/ptII/lib/StructuralCoder.jar:/home/travis/build/
icyphy/ptII/lib/org-openide-util.jar:/home/travis/build/icyphy/ptII/lib/org-ope
nide-util-lookup.jar:/home/travis/build/icyphy/ptII/lib/org-netbeans-api-visual
.jar:/home/travis/build/icyphy/ptII/vendors/jai-1_1_2_01/lib/jai_core.jar:/home
/travis/build/icyphy/ptII/vendors/jai-1_1_2_01/lib/jai_codec.jar:/home/travis/b
uild/icyphy/ptII/lib/jcerti.jar:/home/travis/build/icyphy/ptII/lib/smack.jar:/h
ome/travis/build/icyphy/ptII/lib/smackx.jar:/home/travis/build/icyphy/ptII/lib/
jetty-all-8.1.5-v20120716.jar:/home/travis/build/icyphy/ptII/lib/javax.servlet-
api-3.0.1.jar:/home/travis/build/icyphy/ptII/lib/javax.mail.jar:/home/travis/bu
ild/icyphy/ptII/vendors/JMF-2.1.1e/lib/jmf.jar:/home/travis/build/icyphy/ptII/l
ib/jna-4.0.0-variadic.jar:/home/travis/build/icyphy/ptII/vendors/misc/joystick/
Joystick.jar:/home/travis/build/icyphy/ptII/lib/ptjacl.jar:/home/travis/build/i
cyphy/ptII/lib/jsoup-1.8.2.jar:/home/travis/build/icyphy/ptII/lib/junit-4.8.2.j
ar:/home/travis/build/icyphy/ptII/lib/JUnitParams-0.4.0.jar:/home/travis/build/
icyphy/ptII/ptolemy/actor/lib/excel/jxl.jar:/home/travis/build/icyphy/ptII/lib/
jython.jar:/home/travis/build/icyphy/ptII/lib/kieler.jar:/home/travis/build/icy
phy/ptII/vendors/opencv/share/OpenCV/java/opencv-341.jar:/home/travis/build/icy
phy/ptII/lib/oscP5.jar:/home/travis/build/icyphy/ptII/lib/nrjavaserial-3.11.0.d
evel.jar:/home/travis/build/icyphy/ptII/vendors/j3d/lib/j3dcore.jar:/home/travi
s/build/icyphy/ptII/vendors/j3d/lib/j3dutils.jar:/home/travis/build/icyphy/ptII
/vendors/j3d/lib/vecmath.jar:/home/travis/build/icyphy/ptII/ptolemy/distributed
/jini/jar/jini-core.jar:/home/travis/build/icyphy/ptII/ptolemy/distributed/jini
/jar/jini-ext.jar:/home/travis/build/icyphy/ptII/ptolemy/distributed/jini/jar/s
un-util.jar:/home/travis/build/icyphy/ptII/lib/protobuf-java-2.4.1.jar:/home/tr
avis/build/icyphy/ptII/lib/org.eclipse.paho.client.mqttv3.jar:/home/travis/buil
d/icyphy/ptII/ptserver/lib/hessian-4.0.7.jar:/home/travis/build/icyphy/ptII/pts
erver/lib/wmqtt.jar:/home/travis/build/icyphy/ptII/lib/mapss.jar:/home/travis/b
uild/icyphy/ptII/ptolemy/actor/ptalon/antlr/antlr.jar:/home/travis/build/icyphy
/ptII/lib/JRI.jar:/home/travis/build/icyphy/ptII/lib/commons-lang-2.6.jar:/home
/travis/build/icyphy/ptII/lib/commons-logging-1.1.1.jar:/home/travis/build/icyp
hy/ptII/lib/sootclasses.jar:/home/travis/build/icyphy/ptII/ptolemy/actor/lib/da
tabase/mysql-connector-java-5.1.6-bin.jar:/home/travis/build/icyphy/ptII/vendor
s/misc/sphinx4/sphinx4-data-5prealpha.jar:/home/travis/build/icyphy/ptII/vendor
s/misc/sphinx4/sphinx4-core-5prealpha.jar:/home/travis/build/icyphy/ptII/lib/PD
FRenderer.jar:/home/travis/build/icyphy/ptII/lib/svgSalamander.jar:/home/travis
/build/icyphy/ptII/lib/rsyntaxtextarea-2.6.0-SNAPSHOT.jar:/home/travis/build/ic
yphy/ptII/lib/hazelcast-3.8.2.jar:/home/travis/build/icyphy/ptII/lib/jackson-an
notations-2.9.0.jar:/home/travis/build/icyphy/ptII/lib/jackson-core-2.9.3.jar:/
home/travis/build/icyphy/ptII/lib/jackson-databind-2.9.3.jar:/home/travis/build
/icyphy/ptII/lib/netty-buffer-4.1.19.Final.jar:/home/travis/build/icyphy/ptII/l
ib/netty-codec-4.1.19.Final.jar:/home/travis/build/icyphy/ptII/lib/netty-codec-
dns-4.1.19.Final.jar:/home/travis/build/icyphy/ptII/lib/netty-codec-http-4.1.19
.Final.jar:/home/travis/build/icyphy/ptII/lib/netty-codec-http2-4.1.19.Final.ja
r:/home/travis/build/icyphy/ptII/lib/netty-common-4.1.19.Final.jar:/home/travis
/build/icyphy/ptII/lib/netty-handler-4.1.19.Final.jar:/home/travis/build/icyphy
/ptII/lib/netty-resolver-4.1.19.Final.jar:/home/travis/build/icyphy/ptII/lib/ne
tty-resolver-dns-4.1.19.Final.jar:/home/travis/build/icyphy/ptII/lib/netty-tran
sport-4.1.19.Final.jar:/home/travis/build/icyphy/ptII/lib/vertx-codegen-3.5.1.j
ar:/home/travis/build/icyphy/ptII/lib/vertx-core-3.5.2-SNAPSHOT.jar:/home/travi
s/build/icyphy/ptII/lib/vertx-hazelcast-3.5.1.jar:/home/travis/build/icyphy/ptI
I/lib/vertx-lang-js-3.5.1.jar:/home/travis/build/icyphy/ptII/lib/vertx-service-
proxy-3.5.1.jar:/home/travis/build/icyphy/ptII/lib/vertx-web-3.5.1.jar:/home/tr
avis/build/icyphy/ptII/lib/slf4j-api-1.7.13.jar:/home/travis/build/icyphy/ptII/
lib/slf4j-simple-1.7.13.jar:/home/travis/build/icyphy/ptII/lib/webcam-capture-0
.3.12.jar:/home/travis/build/icyphy/ptII/lib/bridj-0.7.0.jar:/home/travis/build
/icyphy/ptII/lib/xbjlib-1.1.0.nrjavaserial.jar:/home/travis/build/icyphy/ptII/p
tolemy/moml/test:/home/travis/build/icyphy/ptII/ant/lib/ant-launcher.jar:/home/
travis/build/icyphy/ptII/ant/lib/ant.jar:/home/travis/build/icyphy/ptII/ant/lib
/ant-junit.jar:/home/travis/build/icyphy/ptII/ant/lib/ant-junit4.jar:/home/trav
is/build/icyphy/ptII ModularCodeGen5_A_profile.java
total 968
-rw-rw-r-- 1 travis travis  4895 Sep 23 02:19 CompiledCompositeActor_CompiledCompositeActor.class
-rw-rw-r-- 1 travis travis  1592 Sep 23 02:19 CompiledCompositeActor_CompiledCompositeActor$_CompiledCompositeActor_CompiledCompositeActor.class
-rw-rw-r-- 1 travis travis 13466 Sep 23 02:19 CompiledCompositeActor_CompiledCompositeActor.java
-rw-rw-r-- 1 travis travis  1593 Sep 23 02:19 CompiledCompositeActor_CompiledCompositeActor.mk
-rw-rw-r-- 1 travis travis  4457 Sep 23 02:19 JavaCompiledCompositeTest1_CompiledCompositeActor.class
-rw-rw-r-- 1 travis travis 11637 Sep 23 02:19 JavaCompiledCompositeTest1_CompiledCompositeActor.java
-rw-rw-r-- 1 travis travis  1198 Sep 23 02:19 JavaCompiledCompositeTest1_CompiledCompositeActor$_JavaCompiledCompositeTest1_CompiledCompositeActor.class
-rw-rw-r-- 1 travis travis  1625 Sep 23 02:19 JavaCompiledCompositeTest1_CompiledCompositeActor.mk
-rw-rw-r-- 1 travis travis  4888 Sep 23 02:19 JavaCompiledCompositeTest2_CompiledCompositeActor.class
-rw-rw-r-- 1 travis travis 14919 Sep 23 02:19 JavaCompiledCompositeTest2_CompiledCompositeActor.java
-rw-rw-r-- 1 travis travis  1793 Sep 23 02:19 JavaCompiledCompositeTest2_CompiledCompositeActor$_JavaCompiledCompositeTest2_CompiledCompositeActor.class
-rw-rw-r-- 1 travis travis  1625 Sep 23 02:19 JavaCompiledCompositeTest2_CompiledCompositeActor.mk
-rw-rw-r-- 1 travis travis  4505 Sep 23 02:19 JavaCompiledCompositeTest3_CompiledCompositeActor.class
-rw-rw-r-- 1 travis travis 13080 Sep 23 02:19 JavaCompiledCompositeTest3_CompiledCompositeActor.java
-rw-rw-r-- 1 travis travis  1378 Sep 23 02:19 JavaCompiledCompositeTest3_CompiledCompositeActor$_JavaCompiledCompositeTest3_CompiledCompositeActor.class
-rw-rw-r-- 1 travis travis  1625 Sep 23 02:19 JavaCompiledCompositeTest3_CompiledCompositeActor.mk
-rw-rw-r-- 1 travis travis  3953 Sep 23 02:19 JavaCompiledCompositeTest4_CompiledCompositeActor.class
-rw-rw-r-- 1 travis travis  9687 Sep 23 02:19 JavaCompiledCompositeTest4_CompiledCompositeActor.java
-rw-rw-r-- 1 travis travis   857 Sep 23 02:19 JavaCompiledCompositeTest4_CompiledCompositeActor$_JavaCompiledCompositeTest4_CompiledCompositeActor.class
-rw-rw-r-- 1 travis travis  1625 Sep 23 02:19 JavaCompiledCompositeTest4_CompiledCompositeActor.mk
-rw-rw-r-- 1 travis travis  3693 Sep 23 02:19 ModularCG_A1_B1.class
-rw-rw-r-- 1 travis travis  9730 Sep 23 02:19 ModularCG_A1_B1.java
-rw-rw-r-- 1 travis travis   832 Sep 23 02:19 ModularCG_A1_B1.mk
-rw-rw-r-- 1 travis travis  1318 Sep 23 02:19 ModularCG_A1_B1_profile.class
-rw-rw-r-- 1 travis travis  1262 Sep 23 02:19 ModularCG_A1_B1_profile.java
-rw-rw-r-- 1 travis travis  3693 Sep 23 02:19 ModularCG_A1_B2.class
-rw-rw-r-- 1 travis travis  9730 Sep 23 02:19 ModularCG_A1_B2.java
-rw-rw-r-- 1 travis travis   832 Sep 23 02:19 ModularCG_A1_B2.mk
-rw-rw-r-- 1 travis travis  1318 Sep 23 02:19 ModularCG_A1_B2_profile.class
-rw-rw-r-- 1 travis travis  1262 Sep 23 02:19 ModularCG_A1_B2_profile.java
-rw-rw-r-- 1 travis travis  4799 Sep 23 02:19 ModularCG_A1.class
-rw-rw-r-- 1 travis travis 14742 Sep 23 02:19 ModularCG_A1.java
-rw-rw-r-- 1 travis travis   808 Sep 23 02:19 ModularCG_A1.mk
-rw-rw-r-- 1 travis travis  1433 Sep 23 02:19 ModularCG_A1_profile.class
-rw-rw-r-- 1 travis travis  1704 Sep 23 02:19 ModularCG_A1_profile.java
-rw-rw-r-- 1 travis travis  3827 Sep 23 02:19 ModularCG_A2_B1.class
-rw-rw-r-- 1 travis travis 10667 Sep 23 02:19 ModularCG_A2_B1.java
-rw-rw-r-- 1 travis travis   832 Sep 23 02:19 ModularCG_A2_B1.mk
-rw-rw-r-- 1 travis travis  1381 Sep 23 02:19 ModularCG_A2_B1_profile.class
-rw-rw-r-- 1 travis travis  1446 Sep 23 02:19 ModularCG_A2_B1_profile.java
-rw-rw-r-- 1 travis travis  3693 Sep 23 02:19 ModularCG_A2_B2.class
-rw-rw-r-- 1 travis travis  9730 Sep 23 02:19 ModularCG_A2_B2.java
-rw-rw-r-- 1 travis travis   832 Sep 23 02:19 ModularCG_A2_B2.mk
-rw-rw-r-- 1 travis travis  1318 Sep 23 02:19 ModularCG_A2_B2_profile.class
-rw-rw-r-- 1 travis travis  1262 Sep 23 02:19 ModularCG_A2_B2_profile.java
-rw-rw-r-- 1 travis travis  4870 Sep 23 02:19 ModularCG_A2.class
-rw-rw-r-- 1 travis travis 15129 Sep 23 02:19 ModularCG_A2.java
-rw-rw-r-- 1 travis travis   808 Sep 23 02:19 ModularCG_A2.mk
-rw-rw-r-- 1 travis travis  1433 Sep 23 02:19 ModularCG_A2_profile.class
-rw-rw-r-- 1 travis travis  1704 Sep 23 02:19 ModularCG_A2_profile.java
-rw-rw-r-- 1 travis travis  3473 Sep 23 02:19 ModularCGPubSub_A1_A2.class
-rw-rw-r-- 1 travis travis  9076 Sep 23 02:19 ModularCGPubSub_A1_A2.java
-rw-rw-r-- 1 travis travis   880 Sep 23 02:19 ModularCGPubSub_A1_A2.mk
-rw-rw-r-- 1 travis travis  1300 Sep 23 02:19 ModularCGPubSub_A1_A2_profile.class
-rw-rw-r-- 1 travis travis  1222 Sep 23 02:19 ModularCGPubSub_A1_A2_profile.java
-rw-rw-r-- 1 travis travis  3790 Sep 23 02:19 ModularCGPubSub_A1.class
-rw-rw-r-- 1 travis travis  9836 Sep 23 02:19 ModularCGPubSub_A1.java
-rw-rw-r-- 1 travis travis   856 Sep 23 02:19 ModularCGPubSub_A1.mk
-rw-rw-r-- 1 travis travis  1346 Sep 23 02:19 ModularCGPubSub_A1_profile.class
-rw-rw-r-- 1 travis travis  1388 Sep 23 02:19 ModularCGPubSub_A1_profile.java
-rw-rw-r-- 1 travis travis  3988 Sep 23 02:19 ModularCodeGen2_ModularCodeGenTypedCompositeActor.class
-rw-rw-r-- 1 travis travis 11690 Sep 23 02:19 ModularCodeGen2_ModularCodeGenTypedCompositeActor.java
-rw-rw-r-- 1 travis travis  1104 Sep 23 02:19 ModularCodeGen2_ModularCodeGenTypedCompositeActor.mk
-rw-rw-r-- 1 travis travis  4272 Sep 23 02:19 ModularCodeGen2_ModularCodeGenTypedCompositeActor_ModularCodeGenTypedCompositeActor.class
-rw-rw-r-- 1 travis travis 11790 Sep 23 02:19 ModularCodeGen2_ModularCodeGenTypedCompositeActor_ModularCodeGenTypedCompositeActor.java
-rw-rw-r-- 1 travis travis  1376 Sep 23 02:19 ModularCodeGen2_ModularCodeGenTypedCompositeActor_ModularCodeGenTypedCompositeActor.mk
-rw-rw-r-- 1 travis travis  1421 Sep 23 02:19 ModularCodeGen2_ModularCodeGenTypedCompositeActor_ModularCodeGenTypedCompositeActor_profile.class
-rw-rw-r-- 1 travis travis  1294 Sep 23 02:19 ModularCodeGen2_ModularCodeGenTypedCompositeActor_ModularCodeGenTypedCompositeActor_profile.java
-rw-rw-r-- 1 travis travis   820 Sep 23 02:19 ModularCodeGen2_ModularCodeGenTypedCompositeActor_profile.class
-rw-rw-r-- 1 travis travis   693 Sep 23 02:19 ModularCodeGen2_ModularCodeGenTypedCompositeActor_profile.java
-rw-rw-r-- 1 travis travis  3741 Sep 23 02:19 ModularCodeGen3_A1_B1.class
-rw-rw-r-- 1 travis travis  9958 Sep 23 02:19 ModularCodeGen3_A1_B1.java
-rw-rw-r-- 1 travis travis   880 Sep 23 02:19 ModularCodeGen3_A1_B1.mk
-rw-rw-r-- 1 travis travis  1330 Sep 23 02:19 ModularCodeGen3_A1_B1_profile.class
-rw-rw-r-- 1 travis travis  1274 Sep 23 02:19 ModularCodeGen3_A1_B1_profile.java
-rw-rw-r-- 1 travis travis  3741 Sep 23 02:19 ModularCodeGen3_A1_B2.class
-rw-rw-r-- 1 travis travis  9958 Sep 23 02:19 ModularCodeGen3_A1_B2.java
-rw-rw-r-- 1 travis travis   880 Sep 23 02:19 ModularCodeGen3_A1_B2.mk
-rw-rw-r-- 1 travis travis  1330 Sep 23 02:19 ModularCodeGen3_A1_B2_profile.class
-rw-rw-r-- 1 travis travis  1274 Sep 23 02:19 ModularCodeGen3_A1_B2_profile.java
-rw-rw-r-- 1 travis travis  4961 Sep 23 02:19 ModularCodeGen3_A1.class
-rw-rw-r-- 1 travis travis 15564 Sep 23 02:19 ModularCodeGen3_A1.java
-rw-rw-r-- 1 travis travis   856 Sep 23 02:19 ModularCodeGen3_A1.mk
-rw-rw-r-- 1 travis travis  1445 Sep 23 02:19 ModularCodeGen3_A1_profile.class
-rw-rw-r-- 1 travis travis  1716 Sep 23 02:19 ModularCodeGen3_A1_profile.java
-rw-rw-r-- 1 travis travis  3887 Sep 23 02:19 ModularCodeGen3_A2_B1.class
-rw-rw-r-- 1 travis travis 10955 Sep 23 02:19 ModularCodeGen3_A2_B1.java
-rw-rw-r-- 1 travis travis   880 Sep 23 02:19 ModularCodeGen3_A2_B1.mk
-rw-rw-r-- 1 travis travis  1393 Sep 23 02:19 ModularCodeGen3_A2_B1_profile.class
-rw-rw-r-- 1 travis travis  1458 Sep 23 02:19 ModularCodeGen3_A2_B1_profile.java
-rw-rw-r-- 1 travis travis  3741 Sep 23 02:19 ModularCodeGen3_A2_B2.class
-rw-rw-r-- 1 travis travis  9958 Sep 23 02:19 ModularCodeGen3_A2_B2.java
-rw-rw-r-- 1 travis travis   880 Sep 23 02:19 ModularCodeGen3_A2_B2.mk
-rw-rw-r-- 1 travis travis  1330 Sep 23 02:19 ModularCodeGen3_A2_B2_profile.class
-rw-rw-r-- 1 travis travis  1274 Sep 23 02:19 ModularCodeGen3_A2_B2_profile.java
-rw-rw-r-- 1 travis travis  5038 Sep 23 02:19 ModularCodeGen3_A2.class
-rw-rw-r-- 1 travis travis 15957 Sep 23 02:19 ModularCodeGen3_A2.java
-rw-rw-r-- 1 travis travis   856 Sep 23 02:19 ModularCodeGen3_A2.mk
-rw-rw-r-- 1 travis travis  1445 Sep 23 02:19 ModularCodeGen3_A2_profile.class
-rw-rw-r-- 1 travis travis  1716 Sep 23 02:19 ModularCodeGen3_A2_profile.java
-rw-rw-r-- 1 travis travis  3794 Sep 23 02:19 ModularCodeGen4_A1_B1.class
-rw-rw-r-- 1 travis travis 10312 Sep 23 02:19 ModularCodeGen4_A1_B1.java
-rw-rw-r-- 1 travis travis   880 Sep 23 02:19 ModularCodeGen4_A1_B1.mk
-rw-rw-r-- 1 travis travis  1330 Sep 23 02:19 ModularCodeGen4_A1_B1_profile.class
-rw-rw-r-- 1 travis travis  1273 Sep 23 02:19 ModularCodeGen4_A1_B1_profile.java
-rw-rw-r-- 1 travis travis  3794 Sep 23 02:19 ModularCodeGen4_A1_B2.class
-rw-rw-r-- 1 travis travis 10312 Sep 23 02:19 ModularCodeGen4_A1_B2.java
-rw-rw-r-- 1 travis travis   880 Sep 23 02:19 ModularCodeGen4_A1_B2.mk
-rw-rw-r-- 1 travis travis  1330 Sep 23 02:19 ModularCodeGen4_A1_B2_profile.class
-rw-rw-r-- 1 travis travis  1273 Sep 23 02:19 ModularCodeGen4_A1_B2_profile.java
-rw-rw-r-- 1 travis travis  5101 Sep 23 02:19 ModularCodeGen4_A1.class
-rw-rw-r-- 1 travis travis 16245 Sep 23 02:19 ModularCodeGen4_A1.java
-rw-rw-r-- 1 travis travis   856 Sep 23 02:19 ModularCodeGen4_A1.mk
-rw-rw-r-- 1 travis travis  1445 Sep 23 02:19 ModularCodeGen4_A1_profile.class
-rw-rw-r-- 1 travis travis  1712 Sep 23 02:19 ModularCodeGen4_A1_profile.java
-rw-rw-r-- 1 travis travis  3988 Sep 23 02:20 ModularCodeGen4_A2_B1.class
-rw-rw-r-- 1 travis travis 11375 Sep 23 02:20 ModularCodeGen4_A2_B1.java
-rw-rw-r-- 1 travis travis   880 Sep 23 02:20 ModularCodeGen4_A2_B1.mk
-rw-rw-r-- 1 travis travis  1393 Sep 23 02:20 ModularCodeGen4_A2_B1_profile.class
-rw-rw-r-- 1 travis travis  1454 Sep 23 02:19 ModularCodeGen4_A2_B1_profile.java
-rw-rw-r-- 1 travis travis  3842 Sep 23 02:20 ModularCodeGen4_A2_B2.class
-rw-rw-r-- 1 travis travis 10378 Sep 23 02:20 ModularCodeGen4_A2_B2.java
-rw-rw-r-- 1 travis travis   880 Sep 23 02:20 ModularCodeGen4_A2_B2.mk
-rw-rw-r-- 1 travis travis  1330 Sep 23 02:20 ModularCodeGen4_A2_B2_profile.class
-rw-rw-r-- 1 travis travis  1270 Sep 23 02:20 ModularCodeGen4_A2_B2_profile.java
-rw-rw-r-- 1 travis travis  5274 Sep 23 02:20 ModularCodeGen4_A2.class
-rw-rw-r-- 1 travis travis 16770 Sep 23 02:20 ModularCodeGen4_A2.java
-rw-rw-r-- 1 travis travis   856 Sep 23 02:20 ModularCodeGen4_A2.mk
-rw-rw-r-- 1 travis travis  1445 Sep 23 02:20 ModularCodeGen4_A2_profile.class
-rw-rw-r-- 1 travis travis  1712 Sep 23 02:20 ModularCodeGen4_A2_profile.java
-rw-rw-r-- 1 travis travis  6838 Sep 23 02:20 ModularCodeGen5_A_A.class
-rw-rw-r-- 1 travis travis 28721 Sep 23 02:20 ModularCodeGen5_A_A.java
-rw-rw-r-- 1 travis travis   864 Sep 23 02:20 ModularCodeGen5_A_A.mk
-rw-rw-r-- 1 travis travis  1520 Sep 23 02:20 ModularCodeGen5_A_A_profile.class
-rw-rw-r-- 1 travis travis  1815 Sep 23 02:20 ModularCodeGen5_A_A_profile.java
-rw-rw-r-- 1 travis travis  1605 Sep 23 02:20 ModularCodeGen5_A_profile.java
-rw-rw-r-- 1 travis travis  3954 Sep 23 02:19 ModularCodeGen_ModularCodeGenTypedCompositeActor.class
-rw-rw-r-- 1 travis travis 10970 Sep 23 02:19 ModularCodeGen_ModularCodeGenTypedCompositeActor.java
-rw-rw-r-- 1 travis travis  1096 Sep 23 02:19 ModularCodeGen_ModularCodeGenTypedCompositeActor.mk
-rw-rw-r-- 1 travis travis  1384 Sep 23 02:19 ModularCodeGen_ModularCodeGenTypedCompositeActor_profile.class
-rw-rw-r-- 1 travis travis  1328 Sep 23 02:19 ModularCodeGen_ModularCodeGenTypedCompositeActor_profile.java
-rw-rw-r-- 1 travis travis  3492 Sep 23 02:19 ModularCodeGenTest_A1_A2.class
-rw-rw-r-- 1 travis travis  9164 Sep 23 02:18 ModularCodeGenTest_A1_A2.java
-rw-rw-r-- 1 travis travis   904 Sep 23 02:18 ModularCodeGenTest_A1_A2.mk
-rw-rw-r-- 1 travis travis  1306 Sep 23 02:18 ModularCodeGenTest_A1_A2_profile.class
-rw-rw-r-- 1 travis travis  1228 Sep 23 02:18 ModularCodeGenTest_A1_A2_profile.java
-rw-rw-r-- 1 travis travis  3823 Sep 23 02:19 ModularCodeGenTest_A1.class
-rw-rw-r-- 1 travis travis  9968 Sep 23 02:19 ModularCodeGenTest_A1.java
-rw-rw-r-- 1 travis travis   880 Sep 23 02:19 ModularCodeGenTest_A1.mk
-rw-rw-r-- 1 travis travis  1352 Sep 23 02:19 ModularCodeGenTest_A1_profile.class
-rw-rw-r-- 1 travis travis  1394 Sep 23 02:19 ModularCodeGenTest_A1_profile.java
-rw-rw-r-- 1 travis travis   432 Sep 23 02:20 Token.class
-rw-rw-r-- 1 travis travis   251 Sep 23 02:20 Token.java
warning: Supported source version 'RELEASE_6' from annotation processor 'org.netbeans.modules.openide.util.NbBundleProcessor' less than -source '1.8'
warning: Supported source version 'RELEASE_6' from annotation processor 'org.netbeans.modules.openide.util.URLStreamHandlerRegistrationProcessor' less than -source '1.8'
warning: Supported source version 'RELEASE_6' from annotation processor 'org.netbeans.modules.openide.util.ServiceProviderProcessor' less than -source '1.8'
3 warnings
All Done
Writing ModularCodeGen5_A.java in file:/home/travis/cg/ (13769 characters)
Reading "ptolemy/cg/kernel/generic/program/procedural/java/modular/makefile.in",
    writing "/home/travis/cg/ModularCodeGen5_A.mk"
Using ptolemy/cg/kernel/generic/program/procedural/java/modular/makefile.in
In "/home/travis/cg", about to execute:
    make -f ModularCodeGen5_A.mk
javac -classpath ".:.."    ModularCodeGen5_A.java
All Done
5069 ms. Memory: 248832K Free: 207546K (83%)
----------------- Invoking toplevel() on ptolemy.moml.MoMLSimpleApplication@538df5df
----------------- Done invoking toplevel() on ptolemy.moml.MoMLSimpleApplication@538df5df
reloadAllAccessors: .ModularCodeGen5

===========================================================================================
----------------- testing Sun Sep 23 02:20:11 UTC 2018 /home/travis/build/icyphy/ptII/ptolemy/cg/lib/test/auto/ModularCodeGen6.xml
----------------- Instantiating /home/travis/build/icyphy/ptII/ptolemy/cg/lib/test/auto/ModularCodeGen6.xml
In "/home/travis/cg", about to execute:
    pwd
In "/home/travis/cg", about to execute:
    ls -l
/home/travis/cg
In "/home/travis/cg", about to execute:
    javac -classpath
.:/home/travis/build/icyphy/ptII:/home/travis/build/icyphy/ptII/lib/bsh-2.0b4.j
ar:/home/travis/build/icyphy/ptII/lib/ptCal.jar:/home/travis/build/icyphy/ptII/
lib/java_cup.jar:/home/travis/build/icyphy/ptII/lib/saxon8.jar:/home/travis/bui
ld/icyphy/ptII/lib/saxon8-dom.jar:/home/travis/build/icyphy/ptII/lib/chic.jar:/
home/travis/build/icyphy/ptII/lib/ptcolt.jar:/usr/lib/jvm/java-8-oracle/lib/too
ls.jar:/usr/lib/eclipse/plugins/org.eclipse.jdt.core_3.8.2.dist.jar:/usr/lib/ec
lipse/plugins/org.eclipse.core.runtime_3.8.0.dist.jar:/usr/lib/eclipse/plugins/
org.eclipse.osgi_3.8.1.dist.jar:/usr/lib/eclipse/plugins/org.eclipse.core.resou
rces_3.8.1.dist.jar:/usr/lib/eclipse/plugins/org.eclipse.equinox.common_3.6.100
.dist.jar:/usr/lib/eclipse/plugins/org.eclipse.core.jobs_3.5.200.dist.jar:/usr/
lib/eclipse/plugins/org.eclipse.core.contenttype_3.4.200.dist.jar:/usr/lib/ecli
pse/plugins/org.eclipse.equinox.preferences_3.5.0.dist.jar:/usr/lib/eclipse/plu
gins/org.eclipse.text_3.5.200.dist.jar:/usr/lib/eclipse/plugins/org.eclipse.ui.
workbench_3.8.1.dist.jar:/usr/lib/eclipse/plugins/org.eclipse.jface_3.8.0.dist.
jar:/usr/lib/eclipse/plugins/org.eclipse.swt_3.8.2.jar:/usr/lib/eclipse/plugins
/org.eclipse.jface.text_3.8.1.dist.jar:/usr/lib/eclipse/plugins/org.eclipse.ui.
workbench.texteditor_3.8.0.dist.jar:/usr/lib/eclipse/plugins/org.eclipse.ui.edi
tors_3.8.0.dist.jar:/usr/lib/eclipse/plugins/org.eclipse.core.commands_3.6.1.di
st.jar:/usr/lib/eclipse/plugins/org.eclipse.equinox.registry_3.5.200.dist.jar:/
usr/lib/eclipse/plugins/org.eclipse.ui.console_3.5.100.dist.jar:/usr/lib/eclips
e/plugins/org.eclipse.ui.forms_3.5.200.dist.jar:/usr/lib/eclipse/plugins/org.ec
lipse.ui.ide_3.8.1.dist.jar:/home/travis/build/icyphy/ptII/vendors/oracle/dbxml
.jar:/home/travis/build/icyphy/ptII/vendors/oracle/db.jar:/home/travis/build/ic
yphy/ptII/vendors/misc/itext/iText.jar:/home/travis/build/icyphy/ptII/lib/g4ltl
.jar:/home/travis/build/icyphy/ptII/lib/StructuralCoder.jar:/home/travis/build/
icyphy/ptII/lib/org-openide-util.jar:/home/travis/build/icyphy/ptII/lib/org-ope
nide-util-lookup.jar:/home/travis/build/icyphy/ptII/lib/org-netbeans-api-visual
.jar:/home/travis/build/icyphy/ptII/vendors/jai-1_1_2_01/lib/jai_core.jar:/home
/travis/build/icyphy/ptII/vendors/jai-1_1_2_01/lib/jai_codec.jar:/home/travis/b
uild/icyphy/ptII/lib/jcerti.jar:/home/travis/build/icyphy/ptII/lib/smack.jar:/h
ome/travis/build/icyphy/ptII/lib/smackx.jar:/home/travis/build/icyphy/ptII/lib/
jetty-all-8.1.5-v20120716.jar:/home/travis/build/icyphy/ptII/lib/javax.servlet-
api-3.0.1.jar:/home/travis/build/icyphy/ptII/lib/javax.mail.jar:/home/travis/bu
ild/icyphy/ptII/vendors/JMF-2.1.1e/lib/jmf.jar:/home/travis/build/icyphy/ptII/l
ib/jna-4.0.0-variadic.jar:/home/travis/build/icyphy/ptII/vendors/misc/joystick/
Joystick.jar:/home/travis/build/icyphy/ptII/lib/ptjacl.jar:/home/travis/build/i
cyphy/ptII/lib/jsoup-1.8.2.jar:/home/travis/build/icyphy/ptII/lib/junit-4.8.2.j
ar:/home/travis/build/icyphy/ptII/lib/JUnitParams-0.4.0.jar:/home/travis/build/
icyphy/ptII/ptolemy/actor/lib/excel/jxl.jar:/home/travis/build/icyphy/ptII/lib/
jython.jar:/home/travis/build/icyphy/ptII/lib/kieler.jar:/home/travis/build/icy
phy/ptII/vendors/opencv/share/OpenCV/java/opencv-341.jar:/home/travis/build/icy
phy/ptII/lib/oscP5.jar:/home/travis/build/icyphy/ptII/lib/nrjavaserial-3.11.0.d
evel.jar:/home/travis/build/icyphy/ptII/vendors/j3d/lib/j3dcore.jar:/home/travi
s/build/icyphy/ptII/vendors/j3d/lib/j3dutils.jar:/home/travis/build/icyphy/ptII
/vendors/j3d/lib/vecmath.jar:/home/travis/build/icyphy/ptII/ptolemy/distributed
/jini/jar/jini-core.jar:/home/travis/build/icyphy/ptII/ptolemy/distributed/jini
/jar/jini-ext.jar:/home/travis/build/icyphy/ptII/ptolemy/distributed/jini/jar/s
un-util.jar:/home/travis/build/icyphy/ptII/lib/protobuf-java-2.4.1.jar:/home/tr
avis/build/icyphy/ptII/lib/org.eclipse.paho.client.mqttv3.jar:/home/travis/buil
d/icyphy/ptII/ptserver/lib/hessian-4.0.7.jar:/home/travis/build/icyphy/ptII/pts
erver/lib/wmqtt.jar:/home/travis/build/icyphy/ptII/lib/mapss.jar:/home/travis/b
uild/icyphy/ptII/ptolemy/actor/ptalon/antlr/antlr.jar:/home/travis/build/icyphy
/ptII/lib/JRI.jar:/home/travis/build/icyphy/ptII/lib/commons-lang-2.6.jar:/home
/travis/build/icyphy/ptII/lib/commons-logging-1.1.1.jar:/home/travis/build/icyp
hy/ptII/lib/sootclasses.jar:/home/travis/build/icyphy/ptII/ptolemy/actor/lib/da
tabase/mysql-connector-java-5.1.6-bin.jar:/home/travis/build/icyphy/ptII/vendor
s/misc/sphinx4/sphinx4-data-5prealpha.jar:/home/travis/build/icyphy/ptII/vendor
s/misc/sphinx4/sphinx4-core-5prealpha.jar:/home/travis/build/icyphy/ptII/lib/PD
FRenderer.jar:/home/travis/build/icyphy/ptII/lib/svgSalamander.jar:/home/travis
/build/icyphy/ptII/lib/rsyntaxtextarea-2.6.0-SNAPSHOT.jar:/home/travis/build/ic
yphy/ptII/lib/hazelcast-3.8.2.jar:/home/travis/build/icyphy/ptII/lib/jackson-an
notations-2.9.0.jar:/home/travis/build/icyphy/ptII/lib/jackson-core-2.9.3.jar:/
home/travis/build/icyphy/ptII/lib/jackson-databind-2.9.3.jar:/home/travis/build
/icyphy/ptII/lib/netty-buffer-4.1.19.Final.jar:/home/travis/build/icyphy/ptII/l
ib/netty-codec-4.1.19.Final.jar:/home/travis/build/icyphy/ptII/lib/netty-codec-
dns-4.1.19.Final.jar:/home/travis/build/icyphy/ptII/lib/netty-codec-http-4.1.19
.Final.jar:/home/travis/build/icyphy/ptII/lib/netty-codec-http2-4.1.19.Final.ja
r:/home/travis/build/icyphy/ptII/lib/netty-common-4.1.19.Final.jar:/home/travis
/build/icyphy/ptII/lib/netty-handler-4.1.19.Final.jar:/home/travis/build/icyphy
/ptII/lib/netty-resolver-4.1.19.Final.jar:/home/travis/build/icyphy/ptII/lib/ne
tty-resolver-dns-4.1.19.Final.jar:/home/travis/build/icyphy/ptII/lib/netty-tran
sport-4.1.19.Final.jar:/home/travis/build/icyphy/ptII/lib/vertx-codegen-3.5.1.j
ar:/home/travis/build/icyphy/ptII/lib/vertx-core-3.5.2-SNAPSHOT.jar:/home/travi
s/build/icyphy/ptII/lib/vertx-hazelcast-3.5.1.jar:/home/travis/build/icyphy/ptI
I/lib/vertx-lang-js-3.5.1.jar:/home/travis/build/icyphy/ptII/lib/vertx-service-
proxy-3.5.1.jar:/home/travis/build/icyphy/ptII/lib/vertx-web-3.5.1.jar:/home/tr
avis/build/icyphy/ptII/lib/slf4j-api-1.7.13.jar:/home/travis/build/icyphy/ptII/
lib/slf4j-simple-1.7.13.jar:/home/travis/build/icyphy/ptII/lib/webcam-capture-0
.3.12.jar:/home/travis/build/icyphy/ptII/lib/bridj-0.7.0.jar:/home/travis/build
/icyphy/ptII/lib/xbjlib-1.1.0.nrjavaserial.jar:/home/travis/build/icyphy/ptII/p
tolemy/moml/test:/home/travis/build/icyphy/ptII/ant/lib/ant-launcher.jar:/home/
travis/build/icyphy/ptII/ant/lib/ant.jar:/home/travis/build/icyphy/ptII/ant/lib
/ant-junit.jar:/home/travis/build/icyphy/ptII/ant/lib/ant-junit4.jar:/home/trav
is/build/icyphy/ptII ModularCodeGen6_A_A_profile.java
total 1004
-rw-rw-r-- 1 travis travis  4895 Sep 23 02:19 CompiledCompositeActor_CompiledCompositeActor.class
-rw-rw-r-- 1 travis travis  1592 Sep 23 02:19 CompiledCompositeActor_CompiledCompositeActor$_CompiledCompositeActor_CompiledCompositeActor.class
-rw-rw-r-- 1 travis travis 13466 Sep 23 02:19 CompiledCompositeActor_CompiledCompositeActor.java
-rw-rw-r-- 1 travis travis  1593 Sep 23 02:19 CompiledCompositeActor_CompiledCompositeActor.mk
-rw-rw-r-- 1 travis travis  4457 Sep 23 02:19 JavaCompiledCompositeTest1_CompiledCompositeActor.class
-rw-rw-r-- 1 travis travis 11637 Sep 23 02:19 JavaCompiledCompositeTest1_CompiledCompositeActor.java
-rw-rw-r-- 1 travis travis  1198 Sep 23 02:19 JavaCompiledCompositeTest1_CompiledCompositeActor$_JavaCompiledCompositeTest1_CompiledCompositeActor.class
-rw-rw-r-- 1 travis travis  1625 Sep 23 02:19 JavaCompiledCompositeTest1_CompiledCompositeActor.mk
-rw-rw-r-- 1 travis travis  4888 Sep 23 02:19 JavaCompiledCompositeTest2_CompiledCompositeActor.class
-rw-rw-r-- 1 travis travis 14919 Sep 23 02:19 JavaCompiledCompositeTest2_CompiledCompositeActor.java
-rw-rw-r-- 1 travis travis  1793 Sep 23 02:19 JavaCompiledCompositeTest2_CompiledCompositeActor$_JavaCompiledCompositeTest2_CompiledCompositeActor.class
-rw-rw-r-- 1 travis travis  1625 Sep 23 02:19 JavaCompiledCompositeTest2_CompiledCompositeActor.mk
-rw-rw-r-- 1 travis travis  4505 Sep 23 02:19 JavaCompiledCompositeTest3_CompiledCompositeActor.class
-rw-rw-r-- 1 travis travis 13080 Sep 23 02:19 JavaCompiledCompositeTest3_CompiledCompositeActor.java
-rw-rw-r-- 1 travis travis  1378 Sep 23 02:19 JavaCompiledCompositeTest3_CompiledCompositeActor$_JavaCompiledCompositeTest3_CompiledCompositeActor.class
-rw-rw-r-- 1 travis travis  1625 Sep 23 02:19 JavaCompiledCompositeTest3_CompiledCompositeActor.mk
-rw-rw-r-- 1 travis travis  3953 Sep 23 02:19 JavaCompiledCompositeTest4_CompiledCompositeActor.class
-rw-rw-r-- 1 travis travis  9687 Sep 23 02:19 JavaCompiledCompositeTest4_CompiledCompositeActor.java
-rw-rw-r-- 1 travis travis   857 Sep 23 02:19 JavaCompiledCompositeTest4_CompiledCompositeActor$_JavaCompiledCompositeTest4_CompiledCompositeActor.class
-rw-rw-r-- 1 travis travis  1625 Sep 23 02:19 JavaCompiledCompositeTest4_CompiledCompositeActor.mk
-rw-rw-r-- 1 travis travis  3693 Sep 23 02:19 ModularCG_A1_B1.class
-rw-rw-r-- 1 travis travis  9730 Sep 23 02:19 ModularCG_A1_B1.java
-rw-rw-r-- 1 travis travis   832 Sep 23 02:19 ModularCG_A1_B1.mk
-rw-rw-r-- 1 travis travis  1318 Sep 23 02:19 ModularCG_A1_B1_profile.class
-rw-rw-r-- 1 travis travis  1262 Sep 23 02:19 ModularCG_A1_B1_profile.java
-rw-rw-r-- 1 travis travis  3693 Sep 23 02:19 ModularCG_A1_B2.class
-rw-rw-r-- 1 travis travis  9730 Sep 23 02:19 ModularCG_A1_B2.java
-rw-rw-r-- 1 travis travis   832 Sep 23 02:19 ModularCG_A1_B2.mk
-rw-rw-r-- 1 travis travis  1318 Sep 23 02:19 ModularCG_A1_B2_profile.class
-rw-rw-r-- 1 travis travis  1262 Sep 23 02:19 ModularCG_A1_B2_profile.java
-rw-rw-r-- 1 travis travis  4799 Sep 23 02:19 ModularCG_A1.class
-rw-rw-r-- 1 travis travis 14742 Sep 23 02:19 ModularCG_A1.java
-rw-rw-r-- 1 travis travis   808 Sep 23 02:19 ModularCG_A1.mk
-rw-rw-r-- 1 travis travis  1433 Sep 23 02:19 ModularCG_A1_profile.class
-rw-rw-r-- 1 travis travis  1704 Sep 23 02:19 ModularCG_A1_profile.java
-rw-rw-r-- 1 travis travis  3827 Sep 23 02:19 ModularCG_A2_B1.class
-rw-rw-r-- 1 travis travis 10667 Sep 23 02:19 ModularCG_A2_B1.java
-rw-rw-r-- 1 travis travis   832 Sep 23 02:19 ModularCG_A2_B1.mk
-rw-rw-r-- 1 travis travis  1381 Sep 23 02:19 ModularCG_A2_B1_profile.class
-rw-rw-r-- 1 travis travis  1446 Sep 23 02:19 ModularCG_A2_B1_profile.java
-rw-rw-r-- 1 travis travis  3693 Sep 23 02:19 ModularCG_A2_B2.class
-rw-rw-r-- 1 travis travis  9730 Sep 23 02:19 ModularCG_A2_B2.java
-rw-rw-r-- 1 travis travis   832 Sep 23 02:19 ModularCG_A2_B2.mk
-rw-rw-r-- 1 travis travis  1318 Sep 23 02:19 ModularCG_A2_B2_profile.class
-rw-rw-r-- 1 travis travis  1262 Sep 23 02:19 ModularCG_A2_B2_profile.java
-rw-rw-r-- 1 travis travis  4870 Sep 23 02:19 ModularCG_A2.class
-rw-rw-r-- 1 travis travis 15129 Sep 23 02:19 ModularCG_A2.java
-rw-rw-r-- 1 travis travis   808 Sep 23 02:19 ModularCG_A2.mk
-rw-rw-r-- 1 travis travis  1433 Sep 23 02:19 ModularCG_A2_profile.class
-rw-rw-r-- 1 travis travis  1704 Sep 23 02:19 ModularCG_A2_profile.java
-rw-rw-r-- 1 travis travis  3473 Sep 23 02:19 ModularCGPubSub_A1_A2.class
-rw-rw-r-- 1 travis travis  9076 Sep 23 02:19 ModularCGPubSub_A1_A2.java
-rw-rw-r-- 1 travis travis   880 Sep 23 02:19 ModularCGPubSub_A1_A2.mk
-rw-rw-r-- 1 travis travis  1300 Sep 23 02:19 ModularCGPubSub_A1_A2_profile.class
-rw-rw-r-- 1 travis travis  1222 Sep 23 02:19 ModularCGPubSub_A1_A2_profile.java
-rw-rw-r-- 1 travis travis  3790 Sep 23 02:19 ModularCGPubSub_A1.class
-rw-rw-r-- 1 travis travis  9836 Sep 23 02:19 ModularCGPubSub_A1.java
-rw-rw-r-- 1 travis travis   856 Sep 23 02:19 ModularCGPubSub_A1.mk
-rw-rw-r-- 1 travis travis  1346 Sep 23 02:19 ModularCGPubSub_A1_profile.class
-rw-rw-r-- 1 travis travis  1388 Sep 23 02:19 ModularCGPubSub_A1_profile.java
-rw-rw-r-- 1 travis travis  3988 Sep 23 02:19 ModularCodeGen2_ModularCodeGenTypedCompositeActor.class
-rw-rw-r-- 1 travis travis 11690 Sep 23 02:19 ModularCodeGen2_ModularCodeGenTypedCompositeActor.java
-rw-rw-r-- 1 travis travis  1104 Sep 23 02:19 ModularCodeGen2_ModularCodeGenTypedCompositeActor.mk
-rw-rw-r-- 1 travis travis  4272 Sep 23 02:19 ModularCodeGen2_ModularCodeGenTypedCompositeActor_ModularCodeGenTypedCompositeActor.class
-rw-rw-r-- 1 travis travis 11790 Sep 23 02:19 ModularCodeGen2_ModularCodeGenTypedCompositeActor_ModularCodeGenTypedCompositeActor.java
-rw-rw-r-- 1 travis travis  1376 Sep 23 02:19 ModularCodeGen2_ModularCodeGenTypedCompositeActor_ModularCodeGenTypedCompositeActor.mk
-rw-rw-r-- 1 travis travis  1421 Sep 23 02:19 ModularCodeGen2_ModularCodeGenTypedCompositeActor_ModularCodeGenTypedCompositeActor_profile.class
-rw-rw-r-- 1 travis travis  1294 Sep 23 02:19 ModularCodeGen2_ModularCodeGenTypedCompositeActor_ModularCodeGenTypedCompositeActor_profile.java
-rw-rw-r-- 1 travis travis   820 Sep 23 02:19 ModularCodeGen2_ModularCodeGenTypedCompositeActor_profile.class
-rw-rw-r-- 1 travis travis   693 Sep 23 02:19 ModularCodeGen2_ModularCodeGenTypedCompositeActor_profile.java
-rw-rw-r-- 1 travis travis  3741 Sep 23 02:19 ModularCodeGen3_A1_B1.class
-rw-rw-r-- 1 travis travis  9958 Sep 23 02:19 ModularCodeGen3_A1_B1.java
-rw-rw-r-- 1 travis travis   880 Sep 23 02:19 ModularCodeGen3_A1_B1.mk
-rw-rw-r-- 1 travis travis  1330 Sep 23 02:19 ModularCodeGen3_A1_B1_profile.class
-rw-rw-r-- 1 travis travis  1274 Sep 23 02:19 ModularCodeGen3_A1_B1_profile.java
-rw-rw-r-- 1 travis travis  3741 Sep 23 02:19 ModularCodeGen3_A1_B2.class
-rw-rw-r-- 1 travis travis  9958 Sep 23 02:19 ModularCodeGen3_A1_B2.java
-rw-rw-r-- 1 travis travis   880 Sep 23 02:19 ModularCodeGen3_A1_B2.mk
-rw-rw-r-- 1 travis travis  1330 Sep 23 02:19 ModularCodeGen3_A1_B2_profile.class
-rw-rw-r-- 1 travis travis  1274 Sep 23 02:19 ModularCodeGen3_A1_B2_profile.java
-rw-rw-r-- 1 travis travis  4961 Sep 23 02:19 ModularCodeGen3_A1.class
-rw-rw-r-- 1 travis travis 15564 Sep 23 02:19 ModularCodeGen3_A1.java
-rw-rw-r-- 1 travis travis   856 Sep 23 02:19 ModularCodeGen3_A1.mk
-rw-rw-r-- 1 travis travis  1445 Sep 23 02:19 ModularCodeGen3_A1_profile.class
-rw-rw-r-- 1 travis travis  1716 Sep 23 02:19 ModularCodeGen3_A1_profile.java
-rw-rw-r-- 1 travis travis  3887 Sep 23 02:19 ModularCodeGen3_A2_B1.class
-rw-rw-r-- 1 travis travis 10955 Sep 23 02:19 ModularCodeGen3_A2_B1.java
-rw-rw-r-- 1 travis travis   880 Sep 23 02:19 ModularCodeGen3_A2_B1.mk
-rw-rw-r-- 1 travis travis  1393 Sep 23 02:19 ModularCodeGen3_A2_B1_profile.class
-rw-rw-r-- 1 travis travis  1458 Sep 23 02:19 ModularCodeGen3_A2_B1_profile.java
-rw-rw-r-- 1 travis travis  3741 Sep 23 02:19 ModularCodeGen3_A2_B2.class
-rw-rw-r-- 1 travis travis  9958 Sep 23 02:19 ModularCodeGen3_A2_B2.java
-rw-rw-r-- 1 travis travis   880 Sep 23 02:19 ModularCodeGen3_A2_B2.mk
-rw-rw-r-- 1 travis travis  1330 Sep 23 02:19 ModularCodeGen3_A2_B2_profile.class
-rw-rw-r-- 1 travis travis  1274 Sep 23 02:19 ModularCodeGen3_A2_B2_profile.java
-rw-rw-r-- 1 travis travis  5038 Sep 23 02:19 ModularCodeGen3_A2.class
-rw-rw-r-- 1 travis travis 15957 Sep 23 02:19 ModularCodeGen3_A2.java
-rw-rw-r-- 1 travis travis   856 Sep 23 02:19 ModularCodeGen3_A2.mk
-rw-rw-r-- 1 travis travis  1445 Sep 23 02:19 ModularCodeGen3_A2_profile.class
-rw-rw-r-- 1 travis travis  1716 Sep 23 02:19 ModularCodeGen3_A2_profile.java
-rw-rw-r-- 1 travis travis  3794 Sep 23 02:19 ModularCodeGen4_A1_B1.class
-rw-rw-r-- 1 travis travis 10312 Sep 23 02:19 ModularCodeGen4_A1_B1.java
-rw-rw-r-- 1 travis travis   880 Sep 23 02:19 ModularCodeGen4_A1_B1.mk
-rw-rw-r-- 1 travis travis  1330 Sep 23 02:19 ModularCodeGen4_A1_B1_profile.class
-rw-rw-r-- 1 travis travis  1273 Sep 23 02:19 ModularCodeGen4_A1_B1_profile.java
-rw-rw-r-- 1 travis travis  3794 Sep 23 02:19 ModularCodeGen4_A1_B2.class
-rw-rw-r-- 1 travis travis 10312 Sep 23 02:19 ModularCodeGen4_A1_B2.java
-rw-rw-r-- 1 travis travis   880 Sep 23 02:19 ModularCodeGen4_A1_B2.mk
-rw-rw-r-- 1 travis travis  1330 Sep 23 02:19 ModularCodeGen4_A1_B2_profile.class
-rw-rw-r-- 1 travis travis  1273 Sep 23 02:19 ModularCodeGen4_A1_B2_profile.java
-rw-rw-r-- 1 travis travis  5101 Sep 23 02:19 ModularCodeGen4_A1.class
-rw-rw-r-- 1 travis travis 16245 Sep 23 02:19 ModularCodeGen4_A1.java
-rw-rw-r-- 1 travis travis   856 Sep 23 02:19 ModularCodeGen4_A1.mk
-rw-rw-r-- 1 travis travis  1445 Sep 23 02:19 ModularCodeGen4_A1_profile.class
-rw-rw-r-- 1 travis travis  1712 Sep 23 02:19 ModularCodeGen4_A1_profile.java
-rw-rw-r-- 1 travis travis  3988 Sep 23 02:20 ModularCodeGen4_A2_B1.class
-rw-rw-r-- 1 travis travis 11375 Sep 23 02:20 ModularCodeGen4_A2_B1.java
-rw-rw-r-- 1 travis travis   880 Sep 23 02:20 ModularCodeGen4_A2_B1.mk
-rw-rw-r-- 1 travis travis  1393 Sep 23 02:20 ModularCodeGen4_A2_B1_profile.class
-rw-rw-r-- 1 travis travis  1454 Sep 23 02:19 ModularCodeGen4_A2_B1_profile.java
-rw-rw-r-- 1 travis travis  3842 Sep 23 02:20 ModularCodeGen4_A2_B2.class
-rw-rw-r-- 1 travis travis 10378 Sep 23 02:20 ModularCodeGen4_A2_B2.java
-rw-rw-r-- 1 travis travis   880 Sep 23 02:20 ModularCodeGen4_A2_B2.mk
-rw-rw-r-- 1 travis travis  1330 Sep 23 02:20 ModularCodeGen4_A2_B2_profile.class
-rw-rw-r-- 1 travis travis  1270 Sep 23 02:20 ModularCodeGen4_A2_B2_profile.java
-rw-rw-r-- 1 travis travis  5274 Sep 23 02:20 ModularCodeGen4_A2.class
-rw-rw-r-- 1 travis travis 16770 Sep 23 02:20 ModularCodeGen4_A2.java
-rw-rw-r-- 1 travis travis   856 Sep 23 02:20 ModularCodeGen4_A2.mk
-rw-rw-r-- 1 travis travis  1445 Sep 23 02:20 ModularCodeGen4_A2_profile.class
-rw-rw-r-- 1 travis travis  1712 Sep 23 02:20 ModularCodeGen4_A2_profile.java
-rw-rw-r-- 1 travis travis  6838 Sep 23 02:20 ModularCodeGen5_A_A.class
-rw-rw-r-- 1 travis travis 28721 Sep 23 02:20 ModularCodeGen5_A_A.java
-rw-rw-r-- 1 travis travis   864 Sep 23 02:20 ModularCodeGen5_A_A.mk
-rw-rw-r-- 1 travis travis  1520 Sep 23 02:20 ModularCodeGen5_A_A_profile.class
-rw-rw-r-- 1 travis travis  1815 Sep 23 02:20 ModularCodeGen5_A_A_profile.java
-rw-rw-r-- 1 travis travis  5115 Sep 23 02:20 ModularCodeGen5_A.class
-rw-rw-r-- 1 travis travis 13769 Sep 23 02:20 ModularCodeGen5_A.java
-rw-rw-r-- 1 travis travis   848 Sep 23 02:20 ModularCodeGen5_A.mk
-rw-rw-r-- 1 travis travis  1422 Sep 23 02:20 ModularCodeGen5_A_profile.class
-rw-rw-r-- 1 travis travis  1605 Sep 23 02:20 ModularCodeGen5_A_profile.java
-rw-rw-r-- 1 travis travis  1361 Sep 23 02:20 ModularCodeGen6_A_A_profile.java
-rw-rw-r-- 1 travis travis  3954 Sep 23 02:19 ModularCodeGen_ModularCodeGenTypedCompositeActor.class
-rw-rw-r-- 1 travis travis 10970 Sep 23 02:19 ModularCodeGen_ModularCodeGenTypedCompositeActor.java
-rw-rw-r-- 1 travis travis  1096 Sep 23 02:19 ModularCodeGen_ModularCodeGenTypedCompositeActor.mk
-rw-rw-r-- 1 travis travis  1384 Sep 23 02:19 ModularCodeGen_ModularCodeGenTypedCompositeActor_profile.class
-rw-rw-r-- 1 travis travis  1328 Sep 23 02:19 ModularCodeGen_ModularCodeGenTypedCompositeActor_profile.java
-rw-rw-r-- 1 travis travis  3492 Sep 23 02:19 ModularCodeGenTest_A1_A2.class
-rw-rw-r-- 1 travis travis  9164 Sep 23 02:18 ModularCodeGenTest_A1_A2.java
-rw-rw-r-- 1 travis travis   904 Sep 23 02:18 ModularCodeGenTest_A1_A2.mk
-rw-rw-r-- 1 travis travis  1306 Sep 23 02:18 ModularCodeGenTest_A1_A2_profile.class
-rw-rw-r-- 1 travis travis  1228 Sep 23 02:18 ModularCodeGenTest_A1_A2_profile.java
-rw-rw-r-- 1 travis travis  3823 Sep 23 02:19 ModularCodeGenTest_A1.class
-rw-rw-r-- 1 travis travis  9968 Sep 23 02:19 ModularCodeGenTest_A1.java
-rw-rw-r-- 1 travis travis   880 Sep 23 02:19 ModularCodeGenTest_A1.mk
-rw-rw-r-- 1 travis travis  1352 Sep 23 02:19 ModularCodeGenTest_A1_profile.class
-rw-rw-r-- 1 travis travis  1394 Sep 23 02:19 ModularCodeGenTest_A1_profile.java
-rw-rw-r-- 1 travis travis   432 Sep 23 02:20 Token.class
-rw-rw-r-- 1 travis travis   251 Sep 23 02:20 Token.java
warning: Supported source version 'RELEASE_6' from annotation processor 'org.netbeans.modules.openide.util.NbBundleProcessor' less than -source '1.8'
warning: Supported source version 'RELEASE_6' from annotation processor 'org.netbeans.modules.openide.util.URLStreamHandlerRegistrationProcessor' less than -source '1.8'
warning: Supported source version 'RELEASE_6' from annotation processor 'org.netbeans.modules.openide.util.ServiceProviderProcessor' less than -source '1.8'
3 warnings
All Done
Writing ModularCodeGen6_A_A.java in file:/home/travis/cg/ (11221 characters)
Reading "ptolemy/cg/kernel/generic/program/procedural/java/modular/makefile.in",
    writing "/home/travis/cg/ModularCodeGen6_A_A.mk"
Using ptolemy/cg/kernel/generic/program/procedural/java/modular/makefile.in
In "/home/travis/cg", about to execute:
    make -f ModularCodeGen6_A_A.mk
javac -classpath ".:.."    ModularCodeGen6_A_A.java
All Done
In "/home/travis/cg", about to execute:
    pwd
In "/home/travis/cg", about to execute:
    ls -l
/home/travis/cg
In "/home/travis/cg", about to execute:
    javac -classpath
.:/home/travis/build/icyphy/ptII:/home/travis/build/icyphy/ptII/lib/bsh-2.0b4.j
ar:/home/travis/build/icyphy/ptII/lib/ptCal.jar:/home/travis/build/icyphy/ptII/
lib/java_cup.jar:/home/travis/build/icyphy/ptII/lib/saxon8.jar:/home/travis/bui
ld/icyphy/ptII/lib/saxon8-dom.jar:/home/travis/build/icyphy/ptII/lib/chic.jar:/
home/travis/build/icyphy/ptII/lib/ptcolt.jar:/usr/lib/jvm/java-8-oracle/lib/too
ls.jar:/usr/lib/eclipse/plugins/org.eclipse.jdt.core_3.8.2.dist.jar:/usr/lib/ec
lipse/plugins/org.eclipse.core.runtime_3.8.0.dist.jar:/usr/lib/eclipse/plugins/
org.eclipse.osgi_3.8.1.dist.jar:/usr/lib/eclipse/plugins/org.eclipse.core.resou
rces_3.8.1.dist.jar:/usr/lib/eclipse/plugins/org.eclipse.equinox.common_3.6.100
.dist.jar:/usr/lib/eclipse/plugins/org.eclipse.core.jobs_3.5.200.dist.jar:/usr/
lib/eclipse/plugins/org.eclipse.core.contenttype_3.4.200.dist.jar:/usr/lib/ecli
pse/plugins/org.eclipse.equinox.preferences_3.5.0.dist.jar:/usr/lib/eclipse/plu
gins/org.eclipse.text_3.5.200.dist.jar:/usr/lib/eclipse/plugins/org.eclipse.ui.
workbench_3.8.1.dist.jar:/usr/lib/eclipse/plugins/org.eclipse.jface_3.8.0.dist.
jar:/usr/lib/eclipse/plugins/org.eclipse.swt_3.8.2.jar:/usr/lib/eclipse/plugins
/org.eclipse.jface.text_3.8.1.dist.jar:/usr/lib/eclipse/plugins/org.eclipse.ui.
workbench.texteditor_3.8.0.dist.jar:/usr/lib/eclipse/plugins/org.eclipse.ui.edi
tors_3.8.0.dist.jar:/usr/lib/eclipse/plugins/org.eclipse.core.commands_3.6.1.di
st.jar:/usr/lib/eclipse/plugins/org.eclipse.equinox.registry_3.5.200.dist.jar:/
usr/lib/eclipse/plugins/org.eclipse.ui.console_3.5.100.dist.jar:/usr/lib/eclips
e/plugins/org.eclipse.ui.forms_3.5.200.dist.jar:/usr/lib/eclipse/plugins/org.ec
lipse.ui.ide_3.8.1.dist.jar:/home/travis/build/icyphy/ptII/vendors/oracle/dbxml
.jar:/home/travis/build/icyphy/ptII/vendors/oracle/db.jar:/home/travis/build/ic
yphy/ptII/vendors/misc/itext/iText.jar:/home/travis/build/icyphy/ptII/lib/g4ltl
.jar:/home/travis/build/icyphy/ptII/lib/StructuralCoder.jar:/home/travis/build/
icyphy/ptII/lib/org-openide-util.jar:/home/travis/build/icyphy/ptII/lib/org-ope
nide-util-lookup.jar:/home/travis/build/icyphy/ptII/lib/org-netbeans-api-visual
.jar:/home/travis/build/icyphy/ptII/vendors/jai-1_1_2_01/lib/jai_core.jar:/home
/travis/build/icyphy/ptII/vendors/jai-1_1_2_01/lib/jai_codec.jar:/home/travis/b
uild/icyphy/ptII/lib/jcerti.jar:/home/travis/build/icyphy/ptII/lib/smack.jar:/h
ome/travis/build/icyphy/ptII/lib/smackx.jar:/home/travis/build/icyphy/ptII/lib/
jetty-all-8.1.5-v20120716.jar:/home/travis/build/icyphy/ptII/lib/javax.servlet-
api-3.0.1.jar:/home/travis/build/icyphy/ptII/lib/javax.mail.jar:/home/travis/bu
ild/icyphy/ptII/vendors/JMF-2.1.1e/lib/jmf.jar:/home/travis/build/icyphy/ptII/l
ib/jna-4.0.0-variadic.jar:/home/travis/build/icyphy/ptII/vendors/misc/joystick/
Joystick.jar:/home/travis/build/icyphy/ptII/lib/ptjacl.jar:/home/travis/build/i
cyphy/ptII/lib/jsoup-1.8.2.jar:/home/travis/build/icyphy/ptII/lib/junit-4.8.2.j
ar:/home/travis/build/icyphy/ptII/lib/JUnitParams-0.4.0.jar:/home/travis/build/
icyphy/ptII/ptolemy/actor/lib/excel/jxl.jar:/home/travis/build/icyphy/ptII/lib/
jython.jar:/home/travis/build/icyphy/ptII/lib/kieler.jar:/home/travis/build/icy
phy/ptII/vendors/opencv/share/OpenCV/java/opencv-341.jar:/home/travis/build/icy
phy/ptII/lib/oscP5.jar:/home/travis/build/icyphy/ptII/lib/nrjavaserial-3.11.0.d
evel.jar:/home/travis/build/icyphy/ptII/vendors/j3d/lib/j3dcore.jar:/home/travi
s/build/icyphy/ptII/vendors/j3d/lib/j3dutils.jar:/home/travis/build/icyphy/ptII
/vendors/j3d/lib/vecmath.jar:/home/travis/build/icyphy/ptII/ptolemy/distributed
/jini/jar/jini-core.jar:/home/travis/build/icyphy/ptII/ptolemy/distributed/jini
/jar/jini-ext.jar:/home/travis/build/icyphy/ptII/ptolemy/distributed/jini/jar/s
un-util.jar:/home/travis/build/icyphy/ptII/lib/protobuf-java-2.4.1.jar:/home/tr
avis/build/icyphy/ptII/lib/org.eclipse.paho.client.mqttv3.jar:/home/travis/buil
d/icyphy/ptII/ptserver/lib/hessian-4.0.7.jar:/home/travis/build/icyphy/ptII/pts
erver/lib/wmqtt.jar:/home/travis/build/icyphy/ptII/lib/mapss.jar:/home/travis/b
uild/icyphy/ptII/ptolemy/actor/ptalon/antlr/antlr.jar:/home/travis/build/icyphy
/ptII/lib/JRI.jar:/home/travis/build/icyphy/ptII/lib/commons-lang-2.6.jar:/home
/travis/build/icyphy/ptII/lib/commons-logging-1.1.1.jar:/home/travis/build/icyp
hy/ptII/lib/sootclasses.jar:/home/travis/build/icyphy/ptII/ptolemy/actor/lib/da
tabase/mysql-connector-java-5.1.6-bin.jar:/home/travis/build/icyphy/ptII/vendor
s/misc/sphinx4/sphinx4-data-5prealpha.jar:/home/travis/build/icyphy/ptII/vendor
s/misc/sphinx4/sphinx4-core-5prealpha.jar:/home/travis/build/icyphy/ptII/lib/PD
FRenderer.jar:/home/travis/build/icyphy/ptII/lib/svgSalamander.jar:/home/travis
/build/icyphy/ptII/lib/rsyntaxtextarea-2.6.0-SNAPSHOT.jar:/home/travis/build/ic
yphy/ptII/lib/hazelcast-3.8.2.jar:/home/travis/build/icyphy/ptII/lib/jackson-an
notations-2.9.0.jar:/home/travis/build/icyphy/ptII/lib/jackson-core-2.9.3.jar:/
home/travis/build/icyphy/ptII/lib/jackson-databind-2.9.3.jar:/home/travis/build
/icyphy/ptII/lib/netty-buffer-4.1.19.Final.jar:/home/travis/build/icyphy/ptII/l
ib/netty-codec-4.1.19.Final.jar:/home/travis/build/icyphy/ptII/lib/netty-codec-
dns-4.1.19.Final.jar:/home/travis/build/icyphy/ptII/lib/netty-codec-http-4.1.19
.Final.jar:/home/travis/build/icyphy/ptII/lib/netty-codec-http2-4.1.19.Final.ja
r:/home/travis/build/icyphy/ptII/lib/netty-common-4.1.19.Final.jar:/home/travis
/build/icyphy/ptII/lib/netty-handler-4.1.19.Final.jar:/home/travis/build/icyphy
/ptII/lib/netty-resolver-4.1.19.Final.jar:/home/travis/build/icyphy/ptII/lib/ne
tty-resolver-dns-4.1.19.Final.jar:/home/travis/build/icyphy/ptII/lib/netty-tran
sport-4.1.19.Final.jar:/home/travis/build/icyphy/ptII/lib/vertx-codegen-3.5.1.j
ar:/home/travis/build/icyphy/ptII/lib/vertx-core-3.5.2-SNAPSHOT.jar:/home/travi
s/build/icyphy/ptII/lib/vertx-hazelcast-3.5.1.jar:/home/travis/build/icyphy/ptI
I/lib/vertx-lang-js-3.5.1.jar:/home/travis/build/icyphy/ptII/lib/vertx-service-
proxy-3.5.1.jar:/home/travis/build/icyphy/ptII/lib/vertx-web-3.5.1.jar:/home/tr
avis/build/icyphy/ptII/lib/slf4j-api-1.7.13.jar:/home/travis/build/icyphy/ptII/
lib/slf4j-simple-1.7.13.jar:/home/travis/build/icyphy/ptII/lib/webcam-capture-0
.3.12.jar:/home/travis/build/icyphy/ptII/lib/bridj-0.7.0.jar:/home/travis/build
/icyphy/ptII/lib/xbjlib-1.1.0.nrjavaserial.jar:/home/travis/build/icyphy/ptII/p
tolemy/moml/test:/home/travis/build/icyphy/ptII/ant/lib/ant-launcher.jar:/home/
travis/build/icyphy/ptII/ant/lib/ant.jar:/home/travis/build/icyphy/ptII/ant/lib
/ant-junit.jar:/home/travis/build/icyphy/ptII/ant/lib/ant-junit4.jar:/home/trav
is/build/icyphy/ptII ModularCodeGen6_A_A2_profile.java
total 1036
-rw-rw-r-- 1 travis travis  4895 Sep 23 02:19 CompiledCompositeActor_CompiledCompositeActor.class
-rw-rw-r-- 1 travis travis  1592 Sep 23 02:19 CompiledCompositeActor_CompiledCompositeActor$_CompiledCompositeActor_CompiledCompositeActor.class
-rw-rw-r-- 1 travis travis 13466 Sep 23 02:19 CompiledCompositeActor_CompiledCompositeActor.java
-rw-rw-r-- 1 travis travis  1593 Sep 23 02:19 CompiledCompositeActor_CompiledCompositeActor.mk
-rw-rw-r-- 1 travis travis  4457 Sep 23 02:19 JavaCompiledCompositeTest1_CompiledCompositeActor.class
-rw-rw-r-- 1 travis travis 11637 Sep 23 02:19 JavaCompiledCompositeTest1_CompiledCompositeActor.java
-rw-rw-r-- 1 travis travis  1198 Sep 23 02:19 JavaCompiledCompositeTest1_CompiledCompositeActor$_JavaCompiledCompositeTest1_CompiledCompositeActor.class
-rw-rw-r-- 1 travis travis  1625 Sep 23 02:19 JavaCompiledCompositeTest1_CompiledCompositeActor.mk
-rw-rw-r-- 1 travis travis  4888 Sep 23 02:19 JavaCompiledCompositeTest2_CompiledCompositeActor.class
-rw-rw-r-- 1 travis travis 14919 Sep 23 02:19 JavaCompiledCompositeTest2_CompiledCompositeActor.java
-rw-rw-r-- 1 travis travis  1793 Sep 23 02:19 JavaCompiledCompositeTest2_CompiledCompositeActor$_JavaCompiledCompositeTest2_CompiledCompositeActor.class
-rw-rw-r-- 1 travis travis  1625 Sep 23 02:19 JavaCompiledCompositeTest2_CompiledCompositeActor.mk
-rw-rw-r-- 1 travis travis  4505 Sep 23 02:19 JavaCompiledCompositeTest3_CompiledCompositeActor.class
-rw-rw-r-- 1 travis travis 13080 Sep 23 02:19 JavaCompiledCompositeTest3_CompiledCompositeActor.java
-rw-rw-r-- 1 travis travis  1378 Sep 23 02:19 JavaCompiledCompositeTest3_CompiledCompositeActor$_JavaCompiledCompositeTest3_CompiledCompositeActor.class
-rw-rw-r-- 1 travis travis  1625 Sep 23 02:19 JavaCompiledCompositeTest3_CompiledCompositeActor.mk
-rw-rw-r-- 1 travis travis  3953 Sep 23 02:19 JavaCompiledCompositeTest4_CompiledCompositeActor.class
-rw-rw-r-- 1 travis travis  9687 Sep 23 02:19 JavaCompiledCompositeTest4_CompiledCompositeActor.java
-rw-rw-r-- 1 travis travis   857 Sep 23 02:19 JavaCompiledCompositeTest4_CompiledCompositeActor$_JavaCompiledCompositeTest4_CompiledCompositeActor.class
-rw-rw-r-- 1 travis travis  1625 Sep 23 02:19 JavaCompiledCompositeTest4_CompiledCompositeActor.mk
-rw-rw-r-- 1 travis travis  3693 Sep 23 02:19 ModularCG_A1_B1.class
-rw-rw-r-- 1 travis travis  9730 Sep 23 02:19 ModularCG_A1_B1.java
-rw-rw-r-- 1 travis travis   832 Sep 23 02:19 ModularCG_A1_B1.mk
-rw-rw-r-- 1 travis travis  1318 Sep 23 02:19 ModularCG_A1_B1_profile.class
-rw-rw-r-- 1 travis travis  1262 Sep 23 02:19 ModularCG_A1_B1_profile.java
-rw-rw-r-- 1 travis travis  3693 Sep 23 02:19 ModularCG_A1_B2.class
-rw-rw-r-- 1 travis travis  9730 Sep 23 02:19 ModularCG_A1_B2.java
-rw-rw-r-- 1 travis travis   832 Sep 23 02:19 ModularCG_A1_B2.mk
-rw-rw-r-- 1 travis travis  1318 Sep 23 02:19 ModularCG_A1_B2_profile.class
-rw-rw-r-- 1 travis travis  1262 Sep 23 02:19 ModularCG_A1_B2_profile.java
-rw-rw-r-- 1 travis travis  4799 Sep 23 02:19 ModularCG_A1.class
-rw-rw-r-- 1 travis travis 14742 Sep 23 02:19 ModularCG_A1.java
-rw-rw-r-- 1 travis travis   808 Sep 23 02:19 ModularCG_A1.mk
-rw-rw-r-- 1 travis travis  1433 Sep 23 02:19 ModularCG_A1_profile.class
-rw-rw-r-- 1 travis travis  1704 Sep 23 02:19 ModularCG_A1_profile.java
-rw-rw-r-- 1 travis travis  3827 Sep 23 02:19 ModularCG_A2_B1.class
-rw-rw-r-- 1 travis travis 10667 Sep 23 02:19 ModularCG_A2_B1.java
-rw-rw-r-- 1 travis travis   832 Sep 23 02:19 ModularCG_A2_B1.mk
-rw-rw-r-- 1 travis travis  1381 Sep 23 02:19 ModularCG_A2_B1_profile.class
-rw-rw-r-- 1 travis travis  1446 Sep 23 02:19 ModularCG_A2_B1_profile.java
-rw-rw-r-- 1 travis travis  3693 Sep 23 02:19 ModularCG_A2_B2.class
-rw-rw-r-- 1 travis travis  9730 Sep 23 02:19 ModularCG_A2_B2.java
-rw-rw-r-- 1 travis travis   832 Sep 23 02:19 ModularCG_A2_B2.mk
-rw-rw-r-- 1 travis travis  1318 Sep 23 02:19 ModularCG_A2_B2_profile.class
-rw-rw-r-- 1 travis travis  1262 Sep 23 02:19 ModularCG_A2_B2_profile.java
-rw-rw-r-- 1 travis travis  4870 Sep 23 02:19 ModularCG_A2.class
-rw-rw-r-- 1 travis travis 15129 Sep 23 02:19 ModularCG_A2.java
-rw-rw-r-- 1 travis travis   808 Sep 23 02:19 ModularCG_A2.mk
-rw-rw-r-- 1 travis travis  1433 Sep 23 02:19 ModularCG_A2_profile.class
-rw-rw-r-- 1 travis travis  1704 Sep 23 02:19 ModularCG_A2_profile.java
-rw-rw-r-- 1 travis travis  3473 Sep 23 02:19 ModularCGPubSub_A1_A2.class
-rw-rw-r-- 1 travis travis  9076 Sep 23 02:19 ModularCGPubSub_A1_A2.java
-rw-rw-r-- 1 travis travis   880 Sep 23 02:19 ModularCGPubSub_A1_A2.mk
-rw-rw-r-- 1 travis travis  1300 Sep 23 02:19 ModularCGPubSub_A1_A2_profile.class
-rw-rw-r-- 1 travis travis  1222 Sep 23 02:19 ModularCGPubSub_A1_A2_profile.java
-rw-rw-r-- 1 travis travis  3790 Sep 23 02:19 ModularCGPubSub_A1.class
-rw-rw-r-- 1 travis travis  9836 Sep 23 02:19 ModularCGPubSub_A1.java
-rw-rw-r-- 1 travis travis   856 Sep 23 02:19 ModularCGPubSub_A1.mk
-rw-rw-r-- 1 travis travis  1346 Sep 23 02:19 ModularCGPubSub_A1_profile.class
-rw-rw-r-- 1 travis travis  1388 Sep 23 02:19 ModularCGPubSub_A1_profile.java
-rw-rw-r-- 1 travis travis  3988 Sep 23 02:19 ModularCodeGen2_ModularCodeGenTypedCompositeActor.class
-rw-rw-r-- 1 travis travis 11690 Sep 23 02:19 ModularCodeGen2_ModularCodeGenTypedCompositeActor.java
-rw-rw-r-- 1 travis travis  1104 Sep 23 02:19 ModularCodeGen2_ModularCodeGenTypedCompositeActor.mk
-rw-rw-r-- 1 travis travis  4272 Sep 23 02:19 ModularCodeGen2_ModularCodeGenTypedCompositeActor_ModularCodeGenTypedCompositeActor.class
-rw-rw-r-- 1 travis travis 11790 Sep 23 02:19 ModularCodeGen2_ModularCodeGenTypedCompositeActor_ModularCodeGenTypedCompositeActor.java
-rw-rw-r-- 1 travis travis  1376 Sep 23 02:19 ModularCodeGen2_ModularCodeGenTypedCompositeActor_ModularCodeGenTypedCompositeActor.mk
-rw-rw-r-- 1 travis travis  1421 Sep 23 02:19 ModularCodeGen2_ModularCodeGenTypedCompositeActor_ModularCodeGenTypedCompositeActor_profile.class
-rw-rw-r-- 1 travis travis  1294 Sep 23 02:19 ModularCodeGen2_ModularCodeGenTypedCompositeActor_ModularCodeGenTypedCompositeActor_profile.java
-rw-rw-r-- 1 travis travis   820 Sep 23 02:19 ModularCodeGen2_ModularCodeGenTypedCompositeActor_profile.class
-rw-rw-r-- 1 travis travis   693 Sep 23 02:19 ModularCodeGen2_ModularCodeGenTypedCompositeActor_profile.java
-rw-rw-r-- 1 travis travis  3741 Sep 23 02:19 ModularCodeGen3_A1_B1.class
-rw-rw-r-- 1 travis travis  9958 Sep 23 02:19 ModularCodeGen3_A1_B1.java
-rw-rw-r-- 1 travis travis   880 Sep 23 02:19 ModularCodeGen3_A1_B1.mk
-rw-rw-r-- 1 travis travis  1330 Sep 23 02:19 ModularCodeGen3_A1_B1_profile.class
-rw-rw-r-- 1 travis travis  1274 Sep 23 02:19 ModularCodeGen3_A1_B1_profile.java
-rw-rw-r-- 1 travis travis  3741 Sep 23 02:19 ModularCodeGen3_A1_B2.class
-rw-rw-r-- 1 travis travis  9958 Sep 23 02:19 ModularCodeGen3_A1_B2.java
-rw-rw-r-- 1 travis travis   880 Sep 23 02:19 ModularCodeGen3_A1_B2.mk
-rw-rw-r-- 1 travis travis  1330 Sep 23 02:19 ModularCodeGen3_A1_B2_profile.class
-rw-rw-r-- 1 travis travis  1274 Sep 23 02:19 ModularCodeGen3_A1_B2_profile.java
-rw-rw-r-- 1 travis travis  4961 Sep 23 02:19 ModularCodeGen3_A1.class
-rw-rw-r-- 1 travis travis 15564 Sep 23 02:19 ModularCodeGen3_A1.java
-rw-rw-r-- 1 travis travis   856 Sep 23 02:19 ModularCodeGen3_A1.mk
-rw-rw-r-- 1 travis travis  1445 Sep 23 02:19 ModularCodeGen3_A1_profile.class
-rw-rw-r-- 1 travis travis  1716 Sep 23 02:19 ModularCodeGen3_A1_profile.java
-rw-rw-r-- 1 travis travis  3887 Sep 23 02:19 ModularCodeGen3_A2_B1.class
-rw-rw-r-- 1 travis travis 10955 Sep 23 02:19 ModularCodeGen3_A2_B1.java
-rw-rw-r-- 1 travis travis   880 Sep 23 02:19 ModularCodeGen3_A2_B1.mk
-rw-rw-r-- 1 travis travis  1393 Sep 23 02:19 ModularCodeGen3_A2_B1_profile.class
-rw-rw-r-- 1 travis travis  1458 Sep 23 02:19 ModularCodeGen3_A2_B1_profile.java
-rw-rw-r-- 1 travis travis  3741 Sep 23 02:19 ModularCodeGen3_A2_B2.class
-rw-rw-r-- 1 travis travis  9958 Sep 23 02:19 ModularCodeGen3_A2_B2.java
-rw-rw-r-- 1 travis travis   880 Sep 23 02:19 ModularCodeGen3_A2_B2.mk
-rw-rw-r-- 1 travis travis  1330 Sep 23 02:19 ModularCodeGen3_A2_B2_profile.class
-rw-rw-r-- 1 travis travis  1274 Sep 23 02:19 ModularCodeGen3_A2_B2_profile.java
-rw-rw-r-- 1 travis travis  5038 Sep 23 02:19 ModularCodeGen3_A2.class
-rw-rw-r-- 1 travis travis 15957 Sep 23 02:19 ModularCodeGen3_A2.java
-rw-rw-r-- 1 travis travis   856 Sep 23 02:19 ModularCodeGen3_A2.mk
-rw-rw-r-- 1 travis travis  1445 Sep 23 02:19 ModularCodeGen3_A2_profile.class
-rw-rw-r-- 1 travis travis  1716 Sep 23 02:19 ModularCodeGen3_A2_profile.java
-rw-rw-r-- 1 travis travis  3794 Sep 23 02:19 ModularCodeGen4_A1_B1.class
-rw-rw-r-- 1 travis travis 10312 Sep 23 02:19 ModularCodeGen4_A1_B1.java
-rw-rw-r-- 1 travis travis   880 Sep 23 02:19 ModularCodeGen4_A1_B1.mk
-rw-rw-r-- 1 travis travis  1330 Sep 23 02:19 ModularCodeGen4_A1_B1_profile.class
-rw-rw-r-- 1 travis travis  1273 Sep 23 02:19 ModularCodeGen4_A1_B1_profile.java
-rw-rw-r-- 1 travis travis  3794 Sep 23 02:19 ModularCodeGen4_A1_B2.class
-rw-rw-r-- 1 travis travis 10312 Sep 23 02:19 ModularCodeGen4_A1_B2.java
-rw-rw-r-- 1 travis travis   880 Sep 23 02:19 ModularCodeGen4_A1_B2.mk
-rw-rw-r-- 1 travis travis  1330 Sep 23 02:19 ModularCodeGen4_A1_B2_profile.class
-rw-rw-r-- 1 travis travis  1273 Sep 23 02:19 ModularCodeGen4_A1_B2_profile.java
-rw-rw-r-- 1 travis travis  5101 Sep 23 02:19 ModularCodeGen4_A1.class
-rw-rw-r-- 1 travis travis 16245 Sep 23 02:19 ModularCodeGen4_A1.java
-rw-rw-r-- 1 travis travis   856 Sep 23 02:19 ModularCodeGen4_A1.mk
-rw-rw-r-- 1 travis travis  1445 Sep 23 02:19 ModularCodeGen4_A1_profile.class
-rw-rw-r-- 1 travis travis  1712 Sep 23 02:19 ModularCodeGen4_A1_profile.java
-rw-rw-r-- 1 travis travis  3988 Sep 23 02:20 ModularCodeGen4_A2_B1.class
-rw-rw-r-- 1 travis travis 11375 Sep 23 02:20 ModularCodeGen4_A2_B1.java
-rw-rw-r-- 1 travis travis   880 Sep 23 02:20 ModularCodeGen4_A2_B1.mk
-rw-rw-r-- 1 travis travis  1393 Sep 23 02:20 ModularCodeGen4_A2_B1_profile.class
-rw-rw-r-- 1 travis travis  1454 Sep 23 02:19 ModularCodeGen4_A2_B1_profile.java
-rw-rw-r-- 1 travis travis  3842 Sep 23 02:20 ModularCodeGen4_A2_B2.class
-rw-rw-r-- 1 travis travis 10378 Sep 23 02:20 ModularCodeGen4_A2_B2.java
-rw-rw-r-- 1 travis travis   880 Sep 23 02:20 ModularCodeGen4_A2_B2.mk
-rw-rw-r-- 1 travis travis  1330 Sep 23 02:20 ModularCodeGen4_A2_B2_profile.class
-rw-rw-r-- 1 travis travis  1270 Sep 23 02:20 ModularCodeGen4_A2_B2_profile.java
-rw-rw-r-- 1 travis travis  5274 Sep 23 02:20 ModularCodeGen4_A2.class
-rw-rw-r-- 1 travis travis 16770 Sep 23 02:20 ModularCodeGen4_A2.java
-rw-rw-r-- 1 travis travis   856 Sep 23 02:20 ModularCodeGen4_A2.mk
-rw-rw-r-- 1 travis travis  1445 Sep 23 02:20 ModularCodeGen4_A2_profile.class
-rw-rw-r-- 1 travis travis  1712 Sep 23 02:20 ModularCodeGen4_A2_profile.java
-rw-rw-r-- 1 travis travis  6838 Sep 23 02:20 ModularCodeGen5_A_A.class
-rw-rw-r-- 1 travis travis 28721 Sep 23 02:20 ModularCodeGen5_A_A.java
-rw-rw-r-- 1 travis travis   864 Sep 23 02:20 ModularCodeGen5_A_A.mk
-rw-rw-r-- 1 travis travis  1520 Sep 23 02:20 ModularCodeGen5_A_A_profile.class
-rw-rw-r-- 1 travis travis  1815 Sep 23 02:20 ModularCodeGen5_A_A_profile.java
-rw-rw-r-- 1 travis travis  5115 Sep 23 02:20 ModularCodeGen5_A.class
-rw-rw-r-- 1 travis travis 13769 Sep 23 02:20 ModularCodeGen5_A.java
-rw-rw-r-- 1 travis travis   848 Sep 23 02:20 ModularCodeGen5_A.mk
-rw-rw-r-- 1 travis travis  1422 Sep 23 02:20 ModularCodeGen5_A_profile.class
-rw-rw-r-- 1 travis travis  1605 Sep 23 02:20 ModularCodeGen5_A_profile.java
-rw-rw-r-- 1 travis travis  1364 Sep 23 02:20 ModularCodeGen6_A_A2_profile.java
-rw-rw-r-- 1 travis travis  4108 Sep 23 02:20 ModularCodeGen6_A_A.class
-rw-rw-r-- 1 travis travis 11221 Sep 23 02:20 ModularCodeGen6_A_A.java
-rw-rw-r-- 1 travis travis   864 Sep 23 02:20 ModularCodeGen6_A_A.mk
-rw-rw-r-- 1 travis travis  1348 Sep 23 02:20 ModularCodeGen6_A_A_profile.class
-rw-rw-r-- 1 travis travis  1361 Sep 23 02:20 ModularCodeGen6_A_A_profile.java
-rw-rw-r-- 1 travis travis  3954 Sep 23 02:19 ModularCodeGen_ModularCodeGenTypedCompositeActor.class
-rw-rw-r-- 1 travis travis 10970 Sep 23 02:19 ModularCodeGen_ModularCodeGenTypedCompositeActor.java
-rw-rw-r-- 1 travis travis  1096 Sep 23 02:19 ModularCodeGen_ModularCodeGenTypedCompositeActor.mk
-rw-rw-r-- 1 travis travis  1384 Sep 23 02:19 ModularCodeGen_ModularCodeGenTypedCompositeActor_profile.class
-rw-rw-r-- 1 travis travis  1328 Sep 23 02:19 ModularCodeGen_ModularCodeGenTypedCompositeActor_profile.java
-rw-rw-r-- 1 travis travis  3492 Sep 23 02:19 ModularCodeGenTest_A1_A2.class
-rw-rw-r-- 1 travis travis  9164 Sep 23 02:18 ModularCodeGenTest_A1_A2.java
-rw-rw-r-- 1 travis travis   904 Sep 23 02:18 ModularCodeGenTest_A1_A2.mk
-rw-rw-r-- 1 travis travis  1306 Sep 23 02:18 ModularCodeGenTest_A1_A2_profile.class
-rw-rw-r-- 1 travis travis  1228 Sep 23 02:18 ModularCodeGenTest_A1_A2_profile.java
-rw-rw-r-- 1 travis travis  3823 Sep 23 02:19 ModularCodeGenTest_A1.class
-rw-rw-r-- 1 travis travis  9968 Sep 23 02:19 ModularCodeGenTest_A1.java
-rw-rw-r-- 1 travis travis   880 Sep 23 02:19 ModularCodeGenTest_A1.mk
-rw-rw-r-- 1 travis travis  1352 Sep 23 02:19 ModularCodeGenTest_A1_profile.class
-rw-rw-r-- 1 travis travis  1394 Sep 23 02:19 ModularCodeGenTest_A1_profile.java
-rw-rw-r-- 1 travis travis   432 Sep 23 02:20 Token.class
-rw-rw-r-- 1 travis travis   251 Sep 23 02:20 Token.java
warning: Supported source version 'RELEASE_6' from annotation processor 'org.netbeans.modules.openide.util.NbBundleProcessor' less than -source '1.8'
warning: Supported source version 'RELEASE_6' from annotation processor 'org.netbeans.modules.openide.util.URLStreamHandlerRegistrationProcessor' less than -source '1.8'
warning: Supported source version 'RELEASE_6' from annotation processor 'org.netbeans.modules.openide.util.ServiceProviderProcessor' less than -source '1.8'
3 warnings
All Done
Writing ModularCodeGen6_A_A2.java in file:/home/travis/cg/ (11329 characters)
Reading "ptolemy/cg/kernel/generic/program/procedural/java/modular/makefile.in",
    writing "/home/travis/cg/ModularCodeGen6_A_A2.mk"
Using ptolemy/cg/kernel/generic/program/procedural/java/modular/makefile.in
In "/home/travis/cg", about to execute:
    make -f ModularCodeGen6_A_A2.mk
javac -classpath ".:.."    ModularCodeGen6_A_A2.java
All Done
In "/home/travis/cg", about to execute:
    pwd
/home/travis/cg
In "/home/travis/cg", about to execute:
    ls -l
total 1068
-rw-rw-r-- 1 travis travis  4895 Sep 23 02:19 CompiledCompositeActor_CompiledCompositeActor.class
-rw-rw-r-- 1 travis travis  1592 Sep 23 02:19 CompiledCompositeActor_CompiledCompositeActor$_CompiledCompositeActor_CompiledCompositeActor.class
-rw-rw-r-- 1 travis travis 13466 Sep 23 02:19 CompiledCompositeActor_CompiledCompositeActor.java
-rw-rw-r-- 1 travis travis  1593 Sep 23 02:19 CompiledCompositeActor_CompiledCompositeActor.mk
-rw-rw-r-- 1 travis travis  4457 Sep 23 02:19 JavaCompiledCompositeTest1_CompiledCompositeActor.class
-rw-rw-r-- 1 travis travis 11637 Sep 23 02:19 JavaCompiledCompositeTest1_CompiledCompositeActor.java
-rw-rw-r-- 1 travis travis  1198 Sep 23 02:19 JavaCompiledCompositeTest1_CompiledCompositeActor$_JavaCompiledCompositeTest1_CompiledCompositeActor.class
-rw-rw-r-- 1 travis travis  1625 Sep 23 02:19 JavaCompiledCompositeTest1_CompiledCompositeActor.mk
-rw-rw-r-- 1 travis travis  4888 Sep 23 02:19 JavaCompiledCompositeTest2_CompiledCompositeActor.class
-rw-rw-r-- 1 travis travis 14919 Sep 23 02:19 JavaCompiledCompositeTest2_CompiledCompositeActor.java
-rw-rw-r-- 1 travis travis  1793 Sep 23 02:19 JavaCompiledCompositeTest2_CompiledCompositeActor$_JavaCompiledCompositeTest2_CompiledCompositeActor.class
-rw-rw-r-- 1 travis travis  1625 Sep 23 02:19 JavaCompiledCompositeTest2_CompiledCompositeActor.mk
-rw-rw-r-- 1 travis travis  4505 Sep 23 02:19 JavaCompiledCompositeTest3_CompiledCompositeActor.class
-rw-rw-r-- 1 travis travis 13080 Sep 23 02:19 JavaCompiledCompositeTest3_CompiledCompositeActor.java
-rw-rw-r-- 1 travis travis  1378 Sep 23 02:19 JavaCompiledCompositeTest3_CompiledCompositeActor$_JavaCompiledCompositeTest3_CompiledCompositeActor.class
-rw-rw-r-- 1 travis travis  1625 Sep 23 02:19 JavaCompiledCompositeTest3_CompiledCompositeActor.mk
-rw-rw-r-- 1 travis travis  3953 Sep 23 02:19 JavaCompiledCompositeTest4_CompiledCompositeActor.class
-rw-rw-r-- 1 travis travis  9687 Sep 23 02:19 JavaCompiledCompositeTest4_CompiledCompositeActor.java
-rw-rw-r-- 1 travis travis   857 Sep 23 02:19 JavaCompiledCompositeTest4_CompiledCompositeActor$_JavaCompiledCompositeTest4_CompiledCompositeActor.class
-rw-rw-r-- 1 travis travis  1625 Sep 23 02:19 JavaCompiledCompositeTest4_CompiledCompositeActor.mk
-rw-rw-r-- 1 travis travis  3693 Sep 23 02:19 ModularCG_A1_B1.class
-rw-rw-r-- 1 travis travis  9730 Sep 23 02:19 ModularCG_A1_B1.java
-rw-rw-r-- 1 travis travis   832 Sep 23 02:19 ModularCG_A1_B1.mk
-rw-rw-r-- 1 travis travis  1318 Sep 23 02:19 ModularCG_A1_B1_profile.class
-rw-rw-r-- 1 travis travis  1262 Sep 23 02:19 ModularCG_A1_B1_profile.java
-rw-rw-r-- 1 travis travis  3693 Sep 23 02:19 ModularCG_A1_B2.class
-rw-rw-r-- 1 travis travis  9730 Sep 23 02:19 ModularCG_A1_B2.java
-rw-rw-r-- 1 travis travis   832 Sep 23 02:19 ModularCG_A1_B2.mk
-rw-rw-r-- 1 travis travis  1318 Sep 23 02:19 ModularCG_A1_B2_profile.class
-rw-rw-r-- 1 travis travis  1262 Sep 23 02:19 ModularCG_A1_B2_profile.java
-rw-rw-r-- 1 travis travis  4799 Sep 23 02:19 ModularCG_A1.class
-rw-rw-r-- 1 travis travis 14742 Sep 23 02:19 ModularCG_A1.java
-rw-rw-r-- 1 travis travis   808 Sep 23 02:19 ModularCG_A1.mk
-rw-rw-r-- 1 travis travis  1433 Sep 23 02:19 ModularCG_A1_profile.class
-rw-rw-r-- 1 travis travis  1704 Sep 23 02:19 ModularCG_A1_profile.java
-rw-rw-r-- 1 travis travis  3827 Sep 23 02:19 ModularCG_A2_B1.class
-rw-rw-r-- 1 travis travis 10667 Sep 23 02:19 ModularCG_A2_B1.java
-rw-rw-r-- 1 travis travis   832 Sep 23 02:19 ModularCG_A2_B1.mk
-rw-rw-r-- 1 travis travis  1381 Sep 23 02:19 ModularCG_A2_B1_profile.class
-rw-rw-r-- 1 travis travis  1446 Sep 23 02:19 ModularCG_A2_B1_profile.java
-rw-rw-r-- 1 travis travis  3693 Sep 23 02:19 ModularCG_A2_B2.class
-rw-rw-r-- 1 travis travis  9730 Sep 23 02:19 ModularCG_A2_B2.java
-rw-rw-r-- 1 travis travis   832 Sep 23 02:19 ModularCG_A2_B2.mk
-rw-rw-r-- 1 travis travis  1318 Sep 23 02:19 ModularCG_A2_B2_profile.class
-rw-rw-r-- 1 travis travis  1262 Sep 23 02:19 ModularCG_A2_B2_profile.java
-rw-rw-r-- 1 travis travis  4870 Sep 23 02:19 ModularCG_A2.class
-rw-rw-r-- 1 travis travis 15129 Sep 23 02:19 ModularCG_A2.java
-rw-rw-r-- 1 travis travis   808 Sep 23 02:19 ModularCG_A2.mk
-rw-rw-r-- 1 travis travis  1433 Sep 23 02:19 ModularCG_A2_profile.class
-rw-rw-r-- 1 travis travis  1704 Sep 23 02:19 ModularCG_A2_profile.java
-rw-rw-r-- 1 travis travis  3473 Sep 23 02:19 ModularCGPubSub_A1_A2.class
-rw-rw-r-- 1 travis travis  9076 Sep 23 02:19 ModularCGPubSub_A1_A2.java
-rw-rw-r-- 1 travis travis   880 Sep 23 02:19 ModularCGPubSub_A1_A2.mk
-rw-rw-r-- 1 travis travis  1300 Sep 23 02:19 ModularCGPubSub_A1_A2_profile.class
-rw-rw-r-- 1 travis travis  1222 Sep 23 02:19 ModularCGPubSub_A1_A2_profile.java
-rw-rw-r-- 1 travis travis  3790 Sep 23 02:19 ModularCGPubSub_A1.class
-rw-rw-r-- 1 travis travis  9836 Sep 23 02:19 ModularCGPubSub_A1.java
-rw-rw-r-- 1 travis travis   856 Sep 23 02:19 ModularCGPubSub_A1.mk
-rw-rw-r-- 1 travis travis  1346 Sep 23 02:19 ModularCGPubSub_A1_profile.class
-rw-rw-r-- 1 travis travis  1388 Sep 23 02:19 ModularCGPubSub_A1_profile.java
-rw-rw-r-- 1 travis travis  3988 Sep 23 02:19 ModularCodeGen2_ModularCodeGenTypedCompositeActor.class
-rw-rw-r-- 1 travis travis 11690 Sep 23 02:19 ModularCodeGen2_ModularCodeGenTypedCompositeActor.java
-rw-rw-r-- 1 travis travis  1104 Sep 23 02:19 ModularCodeGen2_ModularCodeGenTypedCompositeActor.mk
-rw-rw-r-- 1 travis travis  4272 Sep 23 02:19 ModularCodeGen2_ModularCodeGenTypedCompositeActor_ModularCodeGenTypedCompositeActor.class
-rw-rw-r-- 1 travis travis 11790 Sep 23 02:19 ModularCodeGen2_ModularCodeGenTypedCompositeActor_ModularCodeGenTypedCompositeActor.java
-rw-rw-r-- 1 travis travis  1376 Sep 23 02:19 ModularCodeGen2_ModularCodeGenTypedCompositeActor_ModularCodeGenTypedCompositeActor.mk
-rw-rw-r-- 1 travis travis  1421 Sep 23 02:19 ModularCodeGen2_ModularCodeGenTypedCompositeActor_ModularCodeGenTypedCompositeActor_profile.class
-rw-rw-r-- 1 travis travis  1294 Sep 23 02:19 ModularCodeGen2_ModularCodeGenTypedCompositeActor_ModularCodeGenTypedCompositeActor_profile.java
-rw-rw-r-- 1 travis travis   820 Sep 23 02:19 ModularCodeGen2_ModularCodeGenTypedCompositeActor_profile.class
-rw-rw-r-- 1 travis travis   693 Sep 23 02:19 ModularCodeGen2_ModularCodeGenTypedCompositeActor_profile.java
-rw-rw-r-- 1 travis travis  3741 Sep 23 02:19 ModularCodeGen3_A1_B1.class
-rw-rw-r-- 1 travis travis  9958 Sep 23 02:19 ModularCodeGen3_A1_B1.java
-rw-rw-r-- 1 travis travis   880 Sep 23 02:19 ModularCodeGen3_A1_B1.mk
-rw-rw-r-- 1 travis travis  1330 Sep 23 02:19 ModularCodeGen3_A1_B1_profile.class
-rw-rw-r-- 1 travis travis  1274 Sep 23 02:19 ModularCodeGen3_A1_B1_profile.java
-rw-rw-r-- 1 travis travis  3741 Sep 23 02:19 ModularCodeGen3_A1_B2.class
-rw-rw-r-- 1 travis travis  9958 Sep 23 02:19 ModularCodeGen3_A1_B2.java
-rw-rw-r-- 1 travis travis   880 Sep 23 02:19 ModularCodeGen3_A1_B2.mk
-rw-rw-r-- 1 travis travis  1330 Sep 23 02:19 ModularCodeGen3_A1_B2_profile.class
-rw-rw-r-- 1 travis travis  1274 Sep 23 02:19 ModularCodeGen3_A1_B2_profile.java
-rw-rw-r-- 1 travis travis  4961 Sep 23 02:19 ModularCodeGen3_A1.class
-rw-rw-r-- 1 travis travis 15564 Sep 23 02:19 ModularCodeGen3_A1.java
-rw-rw-r-- 1 travis travis   856 Sep 23 02:19 ModularCodeGen3_A1.mk
-rw-rw-r-- 1 travis travis  1445 Sep 23 02:19 ModularCodeGen3_A1_profile.class
-rw-rw-r-- 1 travis travis  1716 Sep 23 02:19 ModularCodeGen3_A1_profile.java
-rw-rw-r-- 1 travis travis  3887 Sep 23 02:19 ModularCodeGen3_A2_B1.class
-rw-rw-r-- 1 travis travis 10955 Sep 23 02:19 ModularCodeGen3_A2_B1.java
-rw-rw-r-- 1 travis travis   880 Sep 23 02:19 ModularCodeGen3_A2_B1.mk
-rw-rw-r-- 1 travis travis  1393 Sep 23 02:19 ModularCodeGen3_A2_B1_profile.class
-rw-rw-r-- 1 travis travis  1458 Sep 23 02:19 ModularCodeGen3_A2_B1_profile.java
-rw-rw-r-- 1 travis travis  3741 Sep 23 02:19 ModularCodeGen3_A2_B2.class
-rw-rw-r-- 1 travis travis  9958 Sep 23 02:19 ModularCodeGen3_A2_B2.java
-rw-rw-r-- 1 travis travis   880 Sep 23 02:19 ModularCodeGen3_A2_B2.mk
-rw-rw-r-- 1 travis travis  1330 Sep 23 02:19 ModularCodeGen3_A2_B2_profile.class
-rw-rw-r-- 1 travis travis  1274 Sep 23 02:19 ModularCodeGen3_A2_B2_profile.java
-rw-rw-r-- 1 travis travis  5038 Sep 23 02:19 ModularCodeGen3_A2.class
-rw-rw-r-- 1 travis travis 15957 Sep 23 02:19 ModularCodeGen3_A2.java
-rw-rw-r-- 1 travis travis   856 Sep 23 02:19 ModularCodeGen3_A2.mk
-rw-rw-r-- 1 travis travis  1445 Sep 23 02:19 ModularCodeGen3_A2_profile.class
-rw-rw-r-- 1 travis travis  1716 Sep 23 02:19 ModularCodeGen3_A2_profile.java
-rw-rw-r-- 1 travis travis  3794 Sep 23 02:19 ModularCodeGen4_A1_B1.class
-rw-rw-r-- 1 travis travis 10312 Sep 23 02:19 ModularCodeGen4_A1_B1.java
-rw-rw-r-- 1 travis travis   880 Sep 23 02:19 ModularCodeGen4_A1_B1.mk
-rw-rw-r-- 1 travis travis  1330 Sep 23 02:19 ModularCodeGen4_A1_B1_profile.class
-rw-rw-r-- 1 travis travis  1273 Sep 23 02:19 ModularCodeGen4_A1_B1_profile.java
-rw-rw-r-- 1 travis travis  3794 Sep 23 02:19 ModularCodeGen4_A1_B2.class
-rw-rw-r-- 1 travis travis 10312 Sep 23 02:19 ModularCodeGen4_A1_B2.java
-rw-rw-r-- 1 travis travis   880 Sep 23 02:19 ModularCodeGen4_A1_B2.mk
-rw-rw-r-- 1 travis travis  1330 Sep 23 02:19 ModularCodeGen4_A1_B2_profile.class
-rw-rw-r-- 1 travis travis  1273 Sep 23 02:19 ModularCodeGen4_A1_B2_profile.java
-rw-rw-r-- 1 travis travis  5101 Sep 23 02:19 ModularCodeGen4_A1.class
-rw-rw-r-- 1 travis travis 16245 Sep 23 02:19 ModularCodeGen4_A1.java
-rw-rw-r-- 1 travis travis   856 Sep 23 02:19 ModularCodeGen4_A1.mk
-rw-rw-r-- 1 travis travis  1445 Sep 23 02:19 ModularCodeGen4_A1_profile.class
-rw-rw-r-- 1 travis travis  1712 Sep 23 02:19 ModularCodeGen4_A1_profile.java
-rw-rw-r-- 1 travis travis  3988 Sep 23 02:20 ModularCodeGen4_A2_B1.class
-rw-rw-r-- 1 travis travis 11375 Sep 23 02:20 ModularCodeGen4_A2_B1.java
-rw-rw-r-- 1 travis travis   880 Sep 23 02:20 ModularCodeGen4_A2_B1.mk
-rw-rw-r-- 1 travis travis  1393 Sep 23 02:20 ModularCodeGen4_A2_B1_profile.class
-rw-rw-r-- 1 travis travis  1454 Sep 23 02:19 ModularCodeGen4_A2_B1_profile.java
-rw-rw-r-- 1 travis travis  3842 Sep 23 02:20 ModularCodeGen4_A2_B2.class
-rw-rw-r-- 1 travis travis 10378 Sep 23 02:20 ModularCodeGen4_A2_B2.java
-rw-rw-r-- 1 travis travis   880 Sep 23 02:20 ModularCodeGen4_A2_B2.mk
-rw-rw-r-- 1 travis travis  1330 Sep 23 02:20 ModularCodeGen4_A2_B2_profile.class
-rw-rw-r-- 1 travis travis  1270 Sep 23 02:20 ModularCodeGen4_A2_B2_profile.java
-rw-rw-r-- 1 travis travis  5274 Sep 23 02:20 ModularCodeGen4_A2.class
-rw-rw-r-- 1 travis travis 16770 Sep 23 02:20 ModularCodeGen4_A2.java
-rw-rw-r-- 1 travis travis   856 Sep 23 02:20 ModularCodeGen4_A2.mk
-rw-rw-r-- 1 travis travis  1445 Sep 23 02:20 ModularCodeGen4_A2_profile.class
-rw-rw-r-- 1 travis travis  1712 Sep 23 02:20 ModularCodeGen4_A2_profile.java
-rw-rw-r-- 1 travis travis  6838 Sep 23 02:20 ModularCodeGen5_A_A.class
-rw-rw-r-- 1 travis travis 28721 Sep 23 02:20 ModularCodeGen5_A_A.java
-rw-rw-r-- 1 travis travis   864 Sep 23 02:20 ModularCodeGen5_A_A.mk
-rw-rw-r-- 1 travis travis  1520 Sep 23 02:20 ModularCodeGen5_A_A_profile.class
-rw-rw-r-- 1 travis travis  1815 Sep 23 02:20 ModularCodeGen5_A_A_profile.java
-rw-rw-r-- 1 travis travis  5115 Sep 23 02:20 ModularCodeGen5_A.class
-rw-rw-r-- 1 travis travis 13769 Sep 23 02:20 ModularCodeGen5_A.java
-rw-rw-r-- 1 travis travis   848 Sep 23 02:20 ModularCodeGen5_A.mk
-rw-rw-r-- 1 travis travis  1422 Sep 23 02:20 ModularCodeGen5_A_profile.class
-rw-rw-r-- 1 travis travis  1605 Sep 23 02:20 ModularCodeGen5_A_profile.java
-rw-rw-r-- 1 travis travis  4125 Sep 23 02:20 ModularCodeGen6_A_A2.class
-rw-rw-r-- 1 travis travis 11329 Sep 23 02:20 ModularCodeGen6_A_A2.java
-rw-rw-r-- 1 travis travis   872 Sep 23 02:20 ModularCodeGen6_A_A2.mk
-rw-rw-r-- 1 travis travis  1351 Sep 23 02:20 ModularCodeGen6_A_A2_profile.class
-rw-rw-r-- 1 travis travis  1364 Sep 23 02:20 ModularCodeGen6_A_A2_profile.java
-rw-rw-r-- 1 travis travis  4108 Sep 23 02:20 ModularCodeGen6_A_A.class
-rw-rw-r-- 1 travis travis 11221 Sep 23 02:20 ModularCodeGen6_A_A.java
-rw-rw-r-- 1 travis travis   864 Sep 23 02:20 ModularCodeGen6_A_A.mk
-rw-rw-r-- 1 travis travis  1348 Sep 23 02:20 ModularCodeGen6_A_A_profile.class
-rw-rw-r-- 1 travis travis  1361 Sep 23 02:20 ModularCodeGen6_A_A_profile.java
-rw-rw-r-- 1 travis travis  1810 Sep 23 02:20 ModularCodeGen6_A_profile.java
-rw-rw-r-- 1 travis travis  3954 Sep 23 02:19 ModularCodeGen_ModularCodeGenTypedCompositeActor.class
-rw-rw-r-- 1 travis travis 10970 Sep 23 02:19 ModularCodeGen_ModularCodeGenTypedCompositeActor.java
-rw-rw-r-- 1 travis travis  1096 Sep 23 02:19 ModularCodeGen_ModularCodeGenTypedCompositeActor.mk
-rw-rw-r-- 1 travis travis  1384 Sep 23 02:19 ModularCodeGen_ModularCodeGenTypedCompositeActor_profile.class
-rw-rw-r-- 1 travis travis  1328 Sep 23 02:19 ModularCodeGen_ModularCodeGenTypedCompositeActor_profile.java
-rw-rw-r-- 1 travis travis  3492 Sep 23 02:19 ModularCodeGenTest_A1_A2.class
-rw-rw-r-- 1 travis travis  9164 Sep 23 02:18 ModularCodeGenTest_A1_A2.java
-rw-rw-r-- 1 travis travis   904 Sep 23 02:18 ModularCodeGenTest_A1_A2.mk
-rw-rw-r-- 1 travis travis  1306 Sep 23 02:18 ModularCodeGenTest_A1_A2_profile.class
-rw-rw-r-- 1 travis travis  1228 Sep 23 02:18 ModularCodeGenTest_A1_A2_profile.java
-rw-rw-r-- 1 travis travis  3823 Sep 23 02:19 ModularCodeGenTest_A1.class
-rw-rw-r-- 1 travis travis  9968 Sep 23 02:19 ModularCodeGenTest_A1.java
-rw-rw-r-- 1 travis travis   880 Sep 23 02:19 ModularCodeGenTest_A1.mk
-rw-rw-r-- 1 travis travis  1352 Sep 23 02:19 ModularCodeGenTest_A1_profile.class
-rw-rw-r-- 1 travis travis  1394 Sep 23 02:19 ModularCodeGenTest_A1_profile.java
-rw-rw-r-- 1 travis travis   432 Sep 23 02:20 Token.class
-rw-rw-r-- 1 travis travis   251 Sep 23 02:20 Token.java
In "/home/travis/cg", about to execute:
    javac -classpath
.:/home/travis/build/icyphy/ptII:/home/travis/build/icyphy/ptII/lib/bsh-2.0b4.j
ar:/home/travis/build/icyphy/ptII/lib/ptCal.jar:/home/travis/build/icyphy/ptII/
lib/java_cup.jar:/home/travis/build/icyphy/ptII/lib/saxon8.jar:/home/travis/bui
ld/icyphy/ptII/lib/saxon8-dom.jar:/home/travis/build/icyphy/ptII/lib/chic.jar:/
home/travis/build/icyphy/ptII/lib/ptcolt.jar:/usr/lib/jvm/java-8-oracle/lib/too
ls.jar:/usr/lib/eclipse/plugins/org.eclipse.jdt.core_3.8.2.dist.jar:/usr/lib/ec
lipse/plugins/org.eclipse.core.runtime_3.8.0.dist.jar:/usr/lib/eclipse/plugins/
org.eclipse.osgi_3.8.1.dist.jar:/usr/lib/eclipse/plugins/org.eclipse.core.resou
rces_3.8.1.dist.jar:/usr/lib/eclipse/plugins/org.eclipse.equinox.common_3.6.100
.dist.jar:/usr/lib/eclipse/plugins/org.eclipse.core.jobs_3.5.200.dist.jar:/usr/
lib/eclipse/plugins/org.eclipse.core.contenttype_3.4.200.dist.jar:/usr/lib/ecli
pse/plugins/org.eclipse.equinox.preferences_3.5.0.dist.jar:/usr/lib/eclipse/plu
gins/org.eclipse.text_3.5.200.dist.jar:/usr/lib/eclipse/plugins/org.eclipse.ui.
workbench_3.8.1.dist.jar:/usr/lib/eclipse/plugins/org.eclipse.jface_3.8.0.dist.
jar:/usr/lib/eclipse/plugins/org.eclipse.swt_3.8.2.jar:/usr/lib/eclipse/plugins
/org.eclipse.jface.text_3.8.1.dist.jar:/usr/lib/eclipse/plugins/org.eclipse.ui.
workbench.texteditor_3.8.0.dist.jar:/usr/lib/eclipse/plugins/org.eclipse.ui.edi
tors_3.8.0.dist.jar:/usr/lib/eclipse/plugins/org.eclipse.core.commands_3.6.1.di
st.jar:/usr/lib/eclipse/plugins/org.eclipse.equinox.registry_3.5.200.dist.jar:/
usr/lib/eclipse/plugins/org.eclipse.ui.console_3.5.100.dist.jar:/usr/lib/eclips
e/plugins/org.eclipse.ui.forms_3.5.200.dist.jar:/usr/lib/eclipse/plugins/org.ec
lipse.ui.ide_3.8.1.dist.jar:/home/travis/build/icyphy/ptII/vendors/oracle/dbxml
.jar:/home/travis/build/icyphy/ptII/vendors/oracle/db.jar:/home/travis/build/ic
yphy/ptII/vendors/misc/itext/iText.jar:/home/travis/build/icyphy/ptII/lib/g4ltl
.jar:/home/travis/build/icyphy/ptII/lib/StructuralCoder.jar:/home/travis/build/
icyphy/ptII/lib/org-openide-util.jar:/home/travis/build/icyphy/ptII/lib/org-ope
nide-util-lookup.jar:/home/travis/build/icyphy/ptII/lib/org-netbeans-api-visual
.jar:/home/travis/build/icyphy/ptII/vendors/jai-1_1_2_01/lib/jai_core.jar:/home
/travis/build/icyphy/ptII/vendors/jai-1_1_2_01/lib/jai_codec.jar:/home/travis/b
uild/icyphy/ptII/lib/jcerti.jar:/home/travis/build/icyphy/ptII/lib/smack.jar:/h
ome/travis/build/icyphy/ptII/lib/smackx.jar:/home/travis/build/icyphy/ptII/lib/
jetty-all-8.1.5-v20120716.jar:/home/travis/build/icyphy/ptII/lib/javax.servlet-
api-3.0.1.jar:/home/travis/build/icyphy/ptII/lib/javax.mail.jar:/home/travis/bu
ild/icyphy/ptII/vendors/JMF-2.1.1e/lib/jmf.jar:/home/travis/build/icyphy/ptII/l
ib/jna-4.0.0-variadic.jar:/home/travis/build/icyphy/ptII/vendors/misc/joystick/
Joystick.jar:/home/travis/build/icyphy/ptII/lib/ptjacl.jar:/home/travis/build/i
cyphy/ptII/lib/jsoup-1.8.2.jar:/home/travis/build/icyphy/ptII/lib/junit-4.8.2.j
ar:/home/travis/build/icyphy/ptII/lib/JUnitParams-0.4.0.jar:/home/travis/build/
icyphy/ptII/ptolemy/actor/lib/excel/jxl.jar:/home/travis/build/icyphy/ptII/lib/
jython.jar:/home/travis/build/icyphy/ptII/lib/kieler.jar:/home/travis/build/icy
phy/ptII/vendors/opencv/share/OpenCV/java/opencv-341.jar:/home/travis/build/icy
phy/ptII/lib/oscP5.jar:/home/travis/build/icyphy/ptII/lib/nrjavaserial-3.11.0.d
evel.jar:/home/travis/build/icyphy/ptII/vendors/j3d/lib/j3dcore.jar:/home/travi
s/build/icyphy/ptII/vendors/j3d/lib/j3dutils.jar:/home/travis/build/icyphy/ptII
/vendors/j3d/lib/vecmath.jar:/home/travis/build/icyphy/ptII/ptolemy/distributed
/jini/jar/jini-core.jar:/home/travis/build/icyphy/ptII/ptolemy/distributed/jini
/jar/jini-ext.jar:/home/travis/build/icyphy/ptII/ptolemy/distributed/jini/jar/s
un-util.jar:/home/travis/build/icyphy/ptII/lib/protobuf-java-2.4.1.jar:/home/tr
avis/build/icyphy/ptII/lib/org.eclipse.paho.client.mqttv3.jar:/home/travis/buil
d/icyphy/ptII/ptserver/lib/hessian-4.0.7.jar:/home/travis/build/icyphy/ptII/pts
erver/lib/wmqtt.jar:/home/travis/build/icyphy/ptII/lib/mapss.jar:/home/travis/b
uild/icyphy/ptII/ptolemy/actor/ptalon/antlr/antlr.jar:/home/travis/build/icyphy
/ptII/lib/JRI.jar:/home/travis/build/icyphy/ptII/lib/commons-lang-2.6.jar:/home
/travis/build/icyphy/ptII/lib/commons-logging-1.1.1.jar:/home/travis/build/icyp
hy/ptII/lib/sootclasses.jar:/home/travis/build/icyphy/ptII/ptolemy/actor/lib/da
tabase/mysql-connector-java-5.1.6-bin.jar:/home/travis/build/icyphy/ptII/vendor
s/misc/sphinx4/sphinx4-data-5prealpha.jar:/home/travis/build/icyphy/ptII/vendor
s/misc/sphinx4/sphinx4-core-5prealpha.jar:/home/travis/build/icyphy/ptII/lib/PD
FRenderer.jar:/home/travis/build/icyphy/ptII/lib/svgSalamander.jar:/home/travis
/build/icyphy/ptII/lib/rsyntaxtextarea-2.6.0-SNAPSHOT.jar:/home/travis/build/ic
yphy/ptII/lib/hazelcast-3.8.2.jar:/home/travis/build/icyphy/ptII/lib/jackson-an
notations-2.9.0.jar:/home/travis/build/icyphy/ptII/lib/jackson-core-2.9.3.jar:/
home/travis/build/icyphy/ptII/lib/jackson-databind-2.9.3.jar:/home/travis/build
/icyphy/ptII/lib/netty-buffer-4.1.19.Final.jar:/home/travis/build/icyphy/ptII/l
ib/netty-codec-4.1.19.Final.jar:/home/travis/build/icyphy/ptII/lib/netty-codec-
dns-4.1.19.Final.jar:/home/travis/build/icyphy/ptII/lib/netty-codec-http-4.1.19
.Final.jar:/home/travis/build/icyphy/ptII/lib/netty-codec-http2-4.1.19.Final.ja
r:/home/travis/build/icyphy/ptII/lib/netty-common-4.1.19.Final.jar:/home/travis
/build/icyphy/ptII/lib/netty-handler-4.1.19.Final.jar:/home/travis/build/icyphy
/ptII/lib/netty-resolver-4.1.19.Final.jar:/home/travis/build/icyphy/ptII/lib/ne
tty-resolver-dns-4.1.19.Final.jar:/home/travis/build/icyphy/ptII/lib/netty-tran
sport-4.1.19.Final.jar:/home/travis/build/icyphy/ptII/lib/vertx-codegen-3.5.1.j
ar:/home/travis/build/icyphy/ptII/lib/vertx-core-3.5.2-SNAPSHOT.jar:/home/travi
s/build/icyphy/ptII/lib/vertx-hazelcast-3.5.1.jar:/home/travis/build/icyphy/ptI
I/lib/vertx-lang-js-3.5.1.jar:/home/travis/build/icyphy/ptII/lib/vertx-service-
proxy-3.5.1.jar:/home/travis/build/icyphy/ptII/lib/vertx-web-3.5.1.jar:/home/tr
avis/build/icyphy/ptII/lib/slf4j-api-1.7.13.jar:/home/travis/build/icyphy/ptII/
lib/slf4j-simple-1.7.13.jar:/home/travis/build/icyphy/ptII/lib/webcam-capture-0
.3.12.jar:/home/travis/build/icyphy/ptII/lib/bridj-0.7.0.jar:/home/travis/build
/icyphy/ptII/lib/xbjlib-1.1.0.nrjavaserial.jar:/home/travis/build/icyphy/ptII/p
tolemy/moml/test:/home/travis/build/icyphy/ptII/ant/lib/ant-launcher.jar:/home/
travis/build/icyphy/ptII/ant/lib/ant.jar:/home/travis/build/icyphy/ptII/ant/lib
/ant-junit.jar:/home/travis/build/icyphy/ptII/ant/lib/ant-junit4.jar:/home/trav
is/build/icyphy/ptII ModularCodeGen6_A_profile.java
warning: Supported source version 'RELEASE_6' from annotation processor 'org.netbeans.modules.openide.util.NbBundleProcessor' less than -source '1.8'
warning: Supported source version 'RELEASE_6' from annotation processor 'org.netbeans.modules.openide.util.URLStreamHandlerRegistrationProcessor' less than -source '1.8'
warning: Supported source version 'RELEASE_6' from annotation processor 'org.netbeans.modules.openide.util.ServiceProviderProcessor' less than -source '1.8'
3 warnings
All Done
Writing ModularCodeGen6_A.java in file:/home/travis/cg/ (26535 characters)
Reading "ptolemy/cg/kernel/generic/program/procedural/java/modular/makefile.in",
    writing "/home/travis/cg/ModularCodeGen6_A.mk"
Using ptolemy/cg/kernel/generic/program/procedural/java/modular/makefile.in
In "/home/travis/cg", about to execute:
    make -f ModularCodeGen6_A.mk
javac -classpath ".:.."    ModularCodeGen6_A.java
All Done
6994 ms. Memory: 241664K Free: 169704K (70%)
----------------- Invoking toplevel() on ptolemy.moml.MoMLSimpleApplication@12b925d0
----------------- Done invoking toplevel() on ptolemy.moml.MoMLSimpleApplication@12b925d0
reloadAllAccessors: .ModularCodeGen6

===========================================================================================
----------------- testing Sun Sep 23 02:20:18 UTC 2018 /home/travis/build/icyphy/ptII/ptolemy/cg/lib/test/auto/ModularCodeGenLazyPubSub.xml
----------------- Instantiating /home/travis/build/icyphy/ptII/ptolemy/cg/lib/test/auto/ModularCodeGenLazyPubSub.xml
In "/home/travis/cg", about to execute:
    pwd
In "/home/travis/cg", about to execute:
    ls -l
/home/travis/cg
In "/home/travis/cg", about to execute:
    javac -classpath
.:/home/travis/build/icyphy/ptII:/home/travis/build/icyphy/ptII/lib/bsh-2.0b4.j
ar:/home/travis/build/icyphy/ptII/lib/ptCal.jar:/home/travis/build/icyphy/ptII/
lib/java_cup.jar:/home/travis/build/icyphy/ptII/lib/saxon8.jar:/home/travis/bui
ld/icyphy/ptII/lib/saxon8-dom.jar:/home/travis/build/icyphy/ptII/lib/chic.jar:/
home/travis/build/icyphy/ptII/lib/ptcolt.jar:/usr/lib/jvm/java-8-oracle/lib/too
ls.jar:/usr/lib/eclipse/plugins/org.eclipse.jdt.core_3.8.2.dist.jar:/usr/lib/ec
lipse/plugins/org.eclipse.core.runtime_3.8.0.dist.jar:/usr/lib/eclipse/plugins/
org.eclipse.osgi_3.8.1.dist.jar:/usr/lib/eclipse/plugins/org.eclipse.core.resou
rces_3.8.1.dist.jar:/usr/lib/eclipse/plugins/org.eclipse.equinox.common_3.6.100
.dist.jar:/usr/lib/eclipse/plugins/org.eclipse.core.jobs_3.5.200.dist.jar:/usr/
lib/eclipse/plugins/org.eclipse.core.contenttype_3.4.200.dist.jar:/usr/lib/ecli
pse/plugins/org.eclipse.equinox.preferences_3.5.0.dist.jar:/usr/lib/eclipse/plu
gins/org.eclipse.text_3.5.200.dist.jar:/usr/lib/eclipse/plugins/org.eclipse.ui.
workbench_3.8.1.dist.jar:/usr/lib/eclipse/plugins/org.eclipse.jface_3.8.0.dist.
jar:/usr/lib/eclipse/plugins/org.eclipse.swt_3.8.2.jar:/usr/lib/eclipse/plugins
/org.eclipse.jface.text_3.8.1.dist.jar:/usr/lib/eclipse/plugins/org.eclipse.ui.
workbench.texteditor_3.8.0.dist.jar:/usr/lib/eclipse/plugins/org.eclipse.ui.edi
tors_3.8.0.dist.jar:/usr/lib/eclipse/plugins/org.eclipse.core.commands_3.6.1.di
st.jar:/usr/lib/eclipse/plugins/org.eclipse.equinox.registry_3.5.200.dist.jar:/
usr/lib/eclipse/plugins/org.eclipse.ui.console_3.5.100.dist.jar:/usr/lib/eclips
e/plugins/org.eclipse.ui.forms_3.5.200.dist.jar:/usr/lib/eclipse/plugins/org.ec
lipse.ui.ide_3.8.1.dist.jar:/home/travis/build/icyphy/ptII/vendors/oracle/dbxml
.jar:/home/travis/build/icyphy/ptII/vendors/oracle/db.jar:/home/travis/build/ic
yphy/ptII/vendors/misc/itext/iText.jar:/home/travis/build/icyphy/ptII/lib/g4ltl
.jar:/home/travis/build/icyphy/ptII/lib/StructuralCoder.jar:/home/travis/build/
icyphy/ptII/lib/org-openide-util.jar:/home/travis/build/icyphy/ptII/lib/org-ope
nide-util-lookup.jar:/home/travis/build/icyphy/ptII/lib/org-netbeans-api-visual
.jar:/home/travis/build/icyphy/ptII/vendors/jai-1_1_2_01/lib/jai_core.jar:/home
/travis/build/icyphy/ptII/vendors/jai-1_1_2_01/lib/jai_codec.jar:/home/travis/b
uild/icyphy/ptII/lib/jcerti.jar:/home/travis/build/icyphy/ptII/lib/smack.jar:/h
ome/travis/build/icyphy/ptII/lib/smackx.jar:/home/travis/build/icyphy/ptII/lib/
jetty-all-8.1.5-v20120716.jar:/home/travis/build/icyphy/ptII/lib/javax.servlet-
api-3.0.1.jar:/home/travis/build/icyphy/ptII/lib/javax.mail.jar:/home/travis/bu
ild/icyphy/ptII/vendors/JMF-2.1.1e/lib/jmf.jar:/home/travis/build/icyphy/ptII/l
ib/jna-4.0.0-variadic.jar:/home/travis/build/icyphy/ptII/vendors/misc/joystick/
Joystick.jar:/home/travis/build/icyphy/ptII/lib/ptjacl.jar:/home/travis/build/i
cyphy/ptII/lib/jsoup-1.8.2.jar:/home/travis/build/icyphy/ptII/lib/junit-4.8.2.j
ar:/home/travis/build/icyphy/ptII/lib/JUnitParams-0.4.0.jar:/home/travis/build/
icyphy/ptII/ptolemy/actor/lib/excel/jxl.jar:/home/travis/build/icyphy/ptII/lib/
jython.jar:/home/travis/build/icyphy/ptII/lib/kieler.jar:/home/travis/build/icy
phy/ptII/vendors/opencv/share/OpenCV/java/opencv-341.jar:/home/travis/build/icy
phy/ptII/lib/oscP5.jar:/home/travis/build/icyphy/ptII/lib/nrjavaserial-3.11.0.d
evel.jar:/home/travis/build/icyphy/ptII/vendors/j3d/lib/j3dcore.jar:/home/travi
s/build/icyphy/ptII/vendors/j3d/lib/j3dutils.jar:/home/travis/build/icyphy/ptII
/vendors/j3d/lib/vecmath.jar:/home/travis/build/icyphy/ptII/ptolemy/distributed
/jini/jar/jini-core.jar:/home/travis/build/icyphy/ptII/ptolemy/distributed/jini
/jar/jini-ext.jar:/home/travis/build/icyphy/ptII/ptolemy/distributed/jini/jar/s
un-util.jar:/home/travis/build/icyphy/ptII/lib/protobuf-java-2.4.1.jar:/home/tr
avis/build/icyphy/ptII/lib/org.eclipse.paho.client.mqttv3.jar:/home/travis/buil
d/icyphy/ptII/ptserver/lib/hessian-4.0.7.jar:/home/travis/build/icyphy/ptII/pts
erver/lib/wmqtt.jar:/home/travis/build/icyphy/ptII/lib/mapss.jar:/home/travis/b
uild/icyphy/ptII/ptolemy/actor/ptalon/antlr/antlr.jar:/home/travis/build/icyphy
/ptII/lib/JRI.jar:/home/travis/build/icyphy/ptII/lib/commons-lang-2.6.jar:/home
/travis/build/icyphy/ptII/lib/commons-logging-1.1.1.jar:/home/travis/build/icyp
hy/ptII/lib/sootclasses.jar:/home/travis/build/icyphy/ptII/ptolemy/actor/lib/da
tabase/mysql-connector-java-5.1.6-bin.jar:/home/travis/build/icyphy/ptII/vendor
s/misc/sphinx4/sphinx4-data-5prealpha.jar:/home/travis/build/icyphy/ptII/vendor
s/misc/sphinx4/sphinx4-core-5prealpha.jar:/home/travis/build/icyphy/ptII/lib/PD
FRenderer.jar:/home/travis/build/icyphy/ptII/lib/svgSalamander.jar:/home/travis
/build/icyphy/ptII/lib/rsyntaxtextarea-2.6.0-SNAPSHOT.jar:/home/travis/build/ic
yphy/ptII/lib/hazelcast-3.8.2.jar:/home/travis/build/icyphy/ptII/lib/jackson-an
notations-2.9.0.jar:/home/travis/build/icyphy/ptII/lib/jackson-core-2.9.3.jar:/
home/travis/build/icyphy/ptII/lib/jackson-databind-2.9.3.jar:/home/travis/build
/icyphy/ptII/lib/netty-buffer-4.1.19.Final.jar:/home/travis/build/icyphy/ptII/l
ib/netty-codec-4.1.19.Final.jar:/home/travis/build/icyphy/ptII/lib/netty-codec-
dns-4.1.19.Final.jar:/home/travis/build/icyphy/ptII/lib/netty-codec-http-4.1.19
.Final.jar:/home/travis/build/icyphy/ptII/lib/netty-codec-http2-4.1.19.Final.ja
r:/home/travis/build/icyphy/ptII/lib/netty-common-4.1.19.Final.jar:/home/travis
/build/icyphy/ptII/lib/netty-handler-4.1.19.Final.jar:/home/travis/build/icyphy
/ptII/lib/netty-resolver-4.1.19.Final.jar:/home/travis/build/icyphy/ptII/lib/ne
tty-resolver-dns-4.1.19.Final.jar:/home/travis/build/icyphy/ptII/lib/netty-tran
sport-4.1.19.Final.jar:/home/travis/build/icyphy/ptII/lib/vertx-codegen-3.5.1.j
ar:/home/travis/build/icyphy/ptII/lib/vertx-core-3.5.2-SNAPSHOT.jar:/home/travi
s/build/icyphy/ptII/lib/vertx-hazelcast-3.5.1.jar:/home/travis/build/icyphy/ptI
I/lib/vertx-lang-js-3.5.1.jar:/home/travis/build/icyphy/ptII/lib/vertx-service-
proxy-3.5.1.jar:/home/travis/build/icyphy/ptII/lib/vertx-web-3.5.1.jar:/home/tr
avis/build/icyphy/ptII/lib/slf4j-api-1.7.13.jar:/home/travis/build/icyphy/ptII/
lib/slf4j-simple-1.7.13.jar:/home/travis/build/icyphy/ptII/lib/webcam-capture-0
.3.12.jar:/home/travis/build/icyphy/ptII/lib/bridj-0.7.0.jar:/home/travis/build
/icyphy/ptII/lib/xbjlib-1.1.0.nrjavaserial.jar:/home/travis/build/icyphy/ptII/p
tolemy/moml/test:/home/travis/build/icyphy/ptII/ant/lib/ant-launcher.jar:/home/
travis/build/icyphy/ptII/ant/lib/ant.jar:/home/travis/build/icyphy/ptII/ant/lib
/ant-junit.jar:/home/travis/build/icyphy/ptII/ant/lib/ant-junit4.jar:/home/trav
is/build/icyphy/ptII ModularCodeGenLazyPubSub_LazyCompositeActor_profile.java
total 1116
-rw-rw-r-- 1 travis travis  4895 Sep 23 02:19 CompiledCompositeActor_CompiledCompositeActor.class
-rw-rw-r-- 1 travis travis  1592 Sep 23 02:19 CompiledCompositeActor_CompiledCompositeActor$_CompiledCompositeActor_CompiledCompositeActor.class
-rw-rw-r-- 1 travis travis 13466 Sep 23 02:19 CompiledCompositeActor_CompiledCompositeActor.java
-rw-rw-r-- 1 travis travis  1593 Sep 23 02:19 CompiledCompositeActor_CompiledCompositeActor.mk
-rw-rw-r-- 1 travis travis  4457 Sep 23 02:19 JavaCompiledCompositeTest1_CompiledCompositeActor.class
-rw-rw-r-- 1 travis travis 11637 Sep 23 02:19 JavaCompiledCompositeTest1_CompiledCompositeActor.java
-rw-rw-r-- 1 travis travis  1198 Sep 23 02:19 JavaCompiledCompositeTest1_CompiledCompositeActor$_JavaCompiledCompositeTest1_CompiledCompositeActor.class
-rw-rw-r-- 1 travis travis  1625 Sep 23 02:19 JavaCompiledCompositeTest1_CompiledCompositeActor.mk
-rw-rw-r-- 1 travis travis  4888 Sep 23 02:19 JavaCompiledCompositeTest2_CompiledCompositeActor.class
-rw-rw-r-- 1 travis travis 14919 Sep 23 02:19 JavaCompiledCompositeTest2_CompiledCompositeActor.java
-rw-rw-r-- 1 travis travis  1793 Sep 23 02:19 JavaCompiledCompositeTest2_CompiledCompositeActor$_JavaCompiledCompositeTest2_CompiledCompositeActor.class
-rw-rw-r-- 1 travis travis  1625 Sep 23 02:19 JavaCompiledCompositeTest2_CompiledCompositeActor.mk
-rw-rw-r-- 1 travis travis  4505 Sep 23 02:19 JavaCompiledCompositeTest3_CompiledCompositeActor.class
-rw-rw-r-- 1 travis travis 13080 Sep 23 02:19 JavaCompiledCompositeTest3_CompiledCompositeActor.java
-rw-rw-r-- 1 travis travis  1378 Sep 23 02:19 JavaCompiledCompositeTest3_CompiledCompositeActor$_JavaCompiledCompositeTest3_CompiledCompositeActor.class
-rw-rw-r-- 1 travis travis  1625 Sep 23 02:19 JavaCompiledCompositeTest3_CompiledCompositeActor.mk
-rw-rw-r-- 1 travis travis  3953 Sep 23 02:19 JavaCompiledCompositeTest4_CompiledCompositeActor.class
-rw-rw-r-- 1 travis travis  9687 Sep 23 02:19 JavaCompiledCompositeTest4_CompiledCompositeActor.java
-rw-rw-r-- 1 travis travis   857 Sep 23 02:19 JavaCompiledCompositeTest4_CompiledCompositeActor$_JavaCompiledCompositeTest4_CompiledCompositeActor.class
-rw-rw-r-- 1 travis travis  1625 Sep 23 02:19 JavaCompiledCompositeTest4_CompiledCompositeActor.mk
-rw-rw-r-- 1 travis travis  3693 Sep 23 02:19 ModularCG_A1_B1.class
-rw-rw-r-- 1 travis travis  9730 Sep 23 02:19 ModularCG_A1_B1.java
-rw-rw-r-- 1 travis travis   832 Sep 23 02:19 ModularCG_A1_B1.mk
-rw-rw-r-- 1 travis travis  1318 Sep 23 02:19 ModularCG_A1_B1_profile.class
-rw-rw-r-- 1 travis travis  1262 Sep 23 02:19 ModularCG_A1_B1_profile.java
-rw-rw-r-- 1 travis travis  3693 Sep 23 02:19 ModularCG_A1_B2.class
-rw-rw-r-- 1 travis travis  9730 Sep 23 02:19 ModularCG_A1_B2.java
-rw-rw-r-- 1 travis travis   832 Sep 23 02:19 ModularCG_A1_B2.mk
-rw-rw-r-- 1 travis travis  1318 Sep 23 02:19 ModularCG_A1_B2_profile.class
-rw-rw-r-- 1 travis travis  1262 Sep 23 02:19 ModularCG_A1_B2_profile.java
-rw-rw-r-- 1 travis travis  4799 Sep 23 02:19 ModularCG_A1.class
-rw-rw-r-- 1 travis travis 14742 Sep 23 02:19 ModularCG_A1.java
-rw-rw-r-- 1 travis travis   808 Sep 23 02:19 ModularCG_A1.mk
-rw-rw-r-- 1 travis travis  1433 Sep 23 02:19 ModularCG_A1_profile.class
-rw-rw-r-- 1 travis travis  1704 Sep 23 02:19 ModularCG_A1_profile.java
-rw-rw-r-- 1 travis travis  3827 Sep 23 02:19 ModularCG_A2_B1.class
-rw-rw-r-- 1 travis travis 10667 Sep 23 02:19 ModularCG_A2_B1.java
-rw-rw-r-- 1 travis travis   832 Sep 23 02:19 ModularCG_A2_B1.mk
-rw-rw-r-- 1 travis travis  1381 Sep 23 02:19 ModularCG_A2_B1_profile.class
-rw-rw-r-- 1 travis travis  1446 Sep 23 02:19 ModularCG_A2_B1_profile.java
-rw-rw-r-- 1 travis travis  3693 Sep 23 02:19 ModularCG_A2_B2.class
-rw-rw-r-- 1 travis travis  9730 Sep 23 02:19 ModularCG_A2_B2.java
-rw-rw-r-- 1 travis travis   832 Sep 23 02:19 ModularCG_A2_B2.mk
-rw-rw-r-- 1 travis travis  1318 Sep 23 02:19 ModularCG_A2_B2_profile.class
-rw-rw-r-- 1 travis travis  1262 Sep 23 02:19 ModularCG_A2_B2_profile.java
-rw-rw-r-- 1 travis travis  4870 Sep 23 02:19 ModularCG_A2.class
-rw-rw-r-- 1 travis travis 15129 Sep 23 02:19 ModularCG_A2.java
-rw-rw-r-- 1 travis travis   808 Sep 23 02:19 ModularCG_A2.mk
-rw-rw-r-- 1 travis travis  1433 Sep 23 02:19 ModularCG_A2_profile.class
-rw-rw-r-- 1 travis travis  1704 Sep 23 02:19 ModularCG_A2_profile.java
-rw-rw-r-- 1 travis travis  3473 Sep 23 02:19 ModularCGPubSub_A1_A2.class
-rw-rw-r-- 1 travis travis  9076 Sep 23 02:19 ModularCGPubSub_A1_A2.java
-rw-rw-r-- 1 travis travis   880 Sep 23 02:19 ModularCGPubSub_A1_A2.mk
-rw-rw-r-- 1 travis travis  1300 Sep 23 02:19 ModularCGPubSub_A1_A2_profile.class
-rw-rw-r-- 1 travis travis  1222 Sep 23 02:19 ModularCGPubSub_A1_A2_profile.java
-rw-rw-r-- 1 travis travis  3790 Sep 23 02:19 ModularCGPubSub_A1.class
-rw-rw-r-- 1 travis travis  9836 Sep 23 02:19 ModularCGPubSub_A1.java
-rw-rw-r-- 1 travis travis   856 Sep 23 02:19 ModularCGPubSub_A1.mk
-rw-rw-r-- 1 travis travis  1346 Sep 23 02:19 ModularCGPubSub_A1_profile.class
-rw-rw-r-- 1 travis travis  1388 Sep 23 02:19 ModularCGPubSub_A1_profile.java
-rw-rw-r-- 1 travis travis  3988 Sep 23 02:19 ModularCodeGen2_ModularCodeGenTypedCompositeActor.class
-rw-rw-r-- 1 travis travis 11690 Sep 23 02:19 ModularCodeGen2_ModularCodeGenTypedCompositeActor.java
-rw-rw-r-- 1 travis travis  1104 Sep 23 02:19 ModularCodeGen2_ModularCodeGenTypedCompositeActor.mk
-rw-rw-r-- 1 travis travis  4272 Sep 23 02:19 ModularCodeGen2_ModularCodeGenTypedCompositeActor_ModularCodeGenTypedCompositeActor.class
-rw-rw-r-- 1 travis travis 11790 Sep 23 02:19 ModularCodeGen2_ModularCodeGenTypedCompositeActor_ModularCodeGenTypedCompositeActor.java
-rw-rw-r-- 1 travis travis  1376 Sep 23 02:19 ModularCodeGen2_ModularCodeGenTypedCompositeActor_ModularCodeGenTypedCompositeActor.mk
-rw-rw-r-- 1 travis travis  1421 Sep 23 02:19 ModularCodeGen2_ModularCodeGenTypedCompositeActor_ModularCodeGenTypedCompositeActor_profile.class
-rw-rw-r-- 1 travis travis  1294 Sep 23 02:19 ModularCodeGen2_ModularCodeGenTypedCompositeActor_ModularCodeGenTypedCompositeActor_profile.java
-rw-rw-r-- 1 travis travis   820 Sep 23 02:19 ModularCodeGen2_ModularCodeGenTypedCompositeActor_profile.class
-rw-rw-r-- 1 travis travis   693 Sep 23 02:19 ModularCodeGen2_ModularCodeGenTypedCompositeActor_profile.java
-rw-rw-r-- 1 travis travis  3741 Sep 23 02:19 ModularCodeGen3_A1_B1.class
-rw-rw-r-- 1 travis travis  9958 Sep 23 02:19 ModularCodeGen3_A1_B1.java
-rw-rw-r-- 1 travis travis   880 Sep 23 02:19 ModularCodeGen3_A1_B1.mk
-rw-rw-r-- 1 travis travis  1330 Sep 23 02:19 ModularCodeGen3_A1_B1_profile.class
-rw-rw-r-- 1 travis travis  1274 Sep 23 02:19 ModularCodeGen3_A1_B1_profile.java
-rw-rw-r-- 1 travis travis  3741 Sep 23 02:19 ModularCodeGen3_A1_B2.class
-rw-rw-r-- 1 travis travis  9958 Sep 23 02:19 ModularCodeGen3_A1_B2.java
-rw-rw-r-- 1 travis travis   880 Sep 23 02:19 ModularCodeGen3_A1_B2.mk
-rw-rw-r-- 1 travis travis  1330 Sep 23 02:19 ModularCodeGen3_A1_B2_profile.class
-rw-rw-r-- 1 travis travis  1274 Sep 23 02:19 ModularCodeGen3_A1_B2_profile.java
-rw-rw-r-- 1 travis travis  4961 Sep 23 02:19 ModularCodeGen3_A1.class
-rw-rw-r-- 1 travis travis 15564 Sep 23 02:19 ModularCodeGen3_A1.java
-rw-rw-r-- 1 travis travis   856 Sep 23 02:19 ModularCodeGen3_A1.mk
-rw-rw-r-- 1 travis travis  1445 Sep 23 02:19 ModularCodeGen3_A1_profile.class
-rw-rw-r-- 1 travis travis  1716 Sep 23 02:19 ModularCodeGen3_A1_profile.java
-rw-rw-r-- 1 travis travis  3887 Sep 23 02:19 ModularCodeGen3_A2_B1.class
-rw-rw-r-- 1 travis travis 10955 Sep 23 02:19 ModularCodeGen3_A2_B1.java
-rw-rw-r-- 1 travis travis   880 Sep 23 02:19 ModularCodeGen3_A2_B1.mk
-rw-rw-r-- 1 travis travis  1393 Sep 23 02:19 ModularCodeGen3_A2_B1_profile.class
-rw-rw-r-- 1 travis travis  1458 Sep 23 02:19 ModularCodeGen3_A2_B1_profile.java
-rw-rw-r-- 1 travis travis  3741 Sep 23 02:19 ModularCodeGen3_A2_B2.class
-rw-rw-r-- 1 travis travis  9958 Sep 23 02:19 ModularCodeGen3_A2_B2.java
-rw-rw-r-- 1 travis travis   880 Sep 23 02:19 ModularCodeGen3_A2_B2.mk
-rw-rw-r-- 1 travis travis  1330 Sep 23 02:19 ModularCodeGen3_A2_B2_profile.class
-rw-rw-r-- 1 travis travis  1274 Sep 23 02:19 ModularCodeGen3_A2_B2_profile.java
-rw-rw-r-- 1 travis travis  5038 Sep 23 02:19 ModularCodeGen3_A2.class
-rw-rw-r-- 1 travis travis 15957 Sep 23 02:19 ModularCodeGen3_A2.java
-rw-rw-r-- 1 travis travis   856 Sep 23 02:19 ModularCodeGen3_A2.mk
-rw-rw-r-- 1 travis travis  1445 Sep 23 02:19 ModularCodeGen3_A2_profile.class
-rw-rw-r-- 1 travis travis  1716 Sep 23 02:19 ModularCodeGen3_A2_profile.java
-rw-rw-r-- 1 travis travis  3794 Sep 23 02:19 ModularCodeGen4_A1_B1.class
-rw-rw-r-- 1 travis travis 10312 Sep 23 02:19 ModularCodeGen4_A1_B1.java
-rw-rw-r-- 1 travis travis   880 Sep 23 02:19 ModularCodeGen4_A1_B1.mk
-rw-rw-r-- 1 travis travis  1330 Sep 23 02:19 ModularCodeGen4_A1_B1_profile.class
-rw-rw-r-- 1 travis travis  1273 Sep 23 02:19 ModularCodeGen4_A1_B1_profile.java
-rw-rw-r-- 1 travis travis  3794 Sep 23 02:19 ModularCodeGen4_A1_B2.class
-rw-rw-r-- 1 travis travis 10312 Sep 23 02:19 ModularCodeGen4_A1_B2.java
-rw-rw-r-- 1 travis travis   880 Sep 23 02:19 ModularCodeGen4_A1_B2.mk
-rw-rw-r-- 1 travis travis  1330 Sep 23 02:19 ModularCodeGen4_A1_B2_profile.class
-rw-rw-r-- 1 travis travis  1273 Sep 23 02:19 ModularCodeGen4_A1_B2_profile.java
-rw-rw-r-- 1 travis travis  5101 Sep 23 02:19 ModularCodeGen4_A1.class
-rw-rw-r-- 1 travis travis 16245 Sep 23 02:19 ModularCodeGen4_A1.java
-rw-rw-r-- 1 travis travis   856 Sep 23 02:19 ModularCodeGen4_A1.mk
-rw-rw-r-- 1 travis travis  1445 Sep 23 02:19 ModularCodeGen4_A1_profile.class
-rw-rw-r-- 1 travis travis  1712 Sep 23 02:19 ModularCodeGen4_A1_profile.java
-rw-rw-r-- 1 travis travis  3988 Sep 23 02:20 ModularCodeGen4_A2_B1.class
-rw-rw-r-- 1 travis travis 11375 Sep 23 02:20 ModularCodeGen4_A2_B1.java
-rw-rw-r-- 1 travis travis   880 Sep 23 02:20 ModularCodeGen4_A2_B1.mk
-rw-rw-r-- 1 travis travis  1393 Sep 23 02:20 ModularCodeGen4_A2_B1_profile.class
-rw-rw-r-- 1 travis travis  1454 Sep 23 02:19 ModularCodeGen4_A2_B1_profile.java
-rw-rw-r-- 1 travis travis  3842 Sep 23 02:20 ModularCodeGen4_A2_B2.class
-rw-rw-r-- 1 travis travis 10378 Sep 23 02:20 ModularCodeGen4_A2_B2.java
-rw-rw-r-- 1 travis travis   880 Sep 23 02:20 ModularCodeGen4_A2_B2.mk
-rw-rw-r-- 1 travis travis  1330 Sep 23 02:20 ModularCodeGen4_A2_B2_profile.class
-rw-rw-r-- 1 travis travis  1270 Sep 23 02:20 ModularCodeGen4_A2_B2_profile.java
-rw-rw-r-- 1 travis travis  5274 Sep 23 02:20 ModularCodeGen4_A2.class
-rw-rw-r-- 1 travis travis 16770 Sep 23 02:20 ModularCodeGen4_A2.java
-rw-rw-r-- 1 travis travis   856 Sep 23 02:20 ModularCodeGen4_A2.mk
-rw-rw-r-- 1 travis travis  1445 Sep 23 02:20 ModularCodeGen4_A2_profile.class
-rw-rw-r-- 1 travis travis  1712 Sep 23 02:20 ModularCodeGen4_A2_profile.java
-rw-rw-r-- 1 travis travis  6838 Sep 23 02:20 ModularCodeGen5_A_A.class
-rw-rw-r-- 1 travis travis 28721 Sep 23 02:20 ModularCodeGen5_A_A.java
-rw-rw-r-- 1 travis travis   864 Sep 23 02:20 ModularCodeGen5_A_A.mk
-rw-rw-r-- 1 travis travis  1520 Sep 23 02:20 ModularCodeGen5_A_A_profile.class
-rw-rw-r-- 1 travis travis  1815 Sep 23 02:20 ModularCodeGen5_A_A_profile.java
-rw-rw-r-- 1 travis travis  5115 Sep 23 02:20 ModularCodeGen5_A.class
-rw-rw-r-- 1 travis travis 13769 Sep 23 02:20 ModularCodeGen5_A.java
-rw-rw-r-- 1 travis travis   848 Sep 23 02:20 ModularCodeGen5_A.mk
-rw-rw-r-- 1 travis travis  1422 Sep 23 02:20 ModularCodeGen5_A_profile.class
-rw-rw-r-- 1 travis travis  1605 Sep 23 02:20 ModularCodeGen5_A_profile.java
-rw-rw-r-- 1 travis travis  4125 Sep 23 02:20 ModularCodeGen6_A_A2.class
-rw-rw-r-- 1 travis travis 11329 Sep 23 02:20 ModularCodeGen6_A_A2.java
-rw-rw-r-- 1 travis travis   872 Sep 23 02:20 ModularCodeGen6_A_A2.mk
-rw-rw-r-- 1 travis travis  1351 Sep 23 02:20 ModularCodeGen6_A_A2_profile.class
-rw-rw-r-- 1 travis travis  1364 Sep 23 02:20 ModularCodeGen6_A_A2_profile.java
-rw-rw-r-- 1 travis travis  4108 Sep 23 02:20 ModularCodeGen6_A_A.class
-rw-rw-r-- 1 travis travis 11221 Sep 23 02:20 ModularCodeGen6_A_A.java
-rw-rw-r-- 1 travis travis   864 Sep 23 02:20 ModularCodeGen6_A_A.mk
-rw-rw-r-- 1 travis travis  1348 Sep 23 02:20 ModularCodeGen6_A_A_profile.class
-rw-rw-r-- 1 travis travis  1361 Sep 23 02:20 ModularCodeGen6_A_A_profile.java
-rw-rw-r-- 1 travis travis  7237 Sep 23 02:20 ModularCodeGen6_A.class
-rw-rw-r-- 1 travis travis 26535 Sep 23 02:20 ModularCodeGen6_A.java
-rw-rw-r-- 1 travis travis   848 Sep 23 02:20 ModularCodeGen6_A.mk
-rw-rw-r-- 1 travis travis  1483 Sep 23 02:20 ModularCodeGen6_A_profile.class
-rw-rw-r-- 1 travis travis  1810 Sep 23 02:20 ModularCodeGen6_A_profile.java
-rw-rw-r-- 1 travis travis  1091 Sep 23 02:20 ModularCodeGenLazyPubSub_LazyCompositeActor_profile.java
-rw-rw-r-- 1 travis travis  3954 Sep 23 02:19 ModularCodeGen_ModularCodeGenTypedCompositeActor.class
-rw-rw-r-- 1 travis travis 10970 Sep 23 02:19 ModularCodeGen_ModularCodeGenTypedCompositeActor.java
-rw-rw-r-- 1 travis travis  1096 Sep 23 02:19 ModularCodeGen_ModularCodeGenTypedCompositeActor.mk
-rw-rw-r-- 1 travis travis  1384 Sep 23 02:19 ModularCodeGen_ModularCodeGenTypedCompositeActor_profile.class
-rw-rw-r-- 1 travis travis  1328 Sep 23 02:19 ModularCodeGen_ModularCodeGenTypedCompositeActor_profile.java
-rw-rw-r-- 1 travis travis  3492 Sep 23 02:19 ModularCodeGenTest_A1_A2.class
-rw-rw-r-- 1 travis travis  9164 Sep 23 02:18 ModularCodeGenTest_A1_A2.java
-rw-rw-r-- 1 travis travis   904 Sep 23 02:18 ModularCodeGenTest_A1_A2.mk
-rw-rw-r-- 1 travis travis  1306 Sep 23 02:18 ModularCodeGenTest_A1_A2_profile.class
-rw-rw-r-- 1 travis travis  1228 Sep 23 02:18 ModularCodeGenTest_A1_A2_profile.java
-rw-rw-r-- 1 travis travis  3823 Sep 23 02:19 ModularCodeGenTest_A1.class
-rw-rw-r-- 1 travis travis  9968 Sep 23 02:19 ModularCodeGenTest_A1.java
-rw-rw-r-- 1 travis travis   880 Sep 23 02:19 ModularCodeGenTest_A1.mk
-rw-rw-r-- 1 travis travis  1352 Sep 23 02:19 ModularCodeGenTest_A1_profile.class
-rw-rw-r-- 1 travis travis  1394 Sep 23 02:19 ModularCodeGenTest_A1_profile.java
-rw-rw-r-- 1 travis travis   432 Sep 23 02:20 Token.class
-rw-rw-r-- 1 travis travis   251 Sep 23 02:20 Token.java
warning: Supported source version 'RELEASE_6' from annotation processor 'org.netbeans.modules.openide.util.NbBundleProcessor' less than -source '1.8'
warning: Supported source version 'RELEASE_6' from annotation processor 'org.netbeans.modules.openide.util.URLStreamHandlerRegistrationProcessor' less than -source '1.8'
warning: Supported source version 'RELEASE_6' from annotation processor 'org.netbeans.modules.openide.util.ServiceProviderProcessor' less than -source '1.8'
3 warnings
All Done
Writing ModularCodeGenLazyPubSub_LazyCompositeActor.java in file:/home/travis/cg/ (11122 characters)
Reading "ptolemy/cg/kernel/generic/program/procedural/java/modular/makefile.in",
    writing "/home/travis/cg/ModularCodeGenLazyPubSub_LazyCompositeActor.mk"
Using ptolemy/cg/kernel/generic/program/procedural/java/modular/makefile.in
In "/home/travis/cg", about to execute:
    make -f ModularCodeGenLazyPubSub_LazyCompositeActor.mk
javac -classpath ".:.."    ModularCodeGenLazyPubSub_LazyCompositeActor.java
All Done
2833 ms. Memory: 241664K Free: 109374K (45%)
----------------- Invoking toplevel() on ptolemy.moml.MoMLSimpleApplication@11a55cbc
----------------- Done invoking toplevel() on ptolemy.moml.MoMLSimpleApplication@11a55cbc
reloadAllAccessors: .ModularCodeGenLazyPubSub

===========================================================================================
----------------- testing Sun Sep 23 02:20:20 UTC 2018 /home/travis/build/icyphy/ptII/ptolemy/cg/lib/test/auto/ModularCodeGenLazyPubSubGlobal.xml
----------------- Instantiating /home/travis/build/icyphy/ptII/ptolemy/cg/lib/test/auto/ModularCodeGenLazyPubSubGlobal.xml
In "/home/travis/cg", about to execute:
    pwd
In "/home/travis/cg", about to execute:
    ls -l
/home/travis/cg
In "/home/travis/cg", about to execute:
    javac -classpath
.:/home/travis/build/icyphy/ptII:/home/travis/build/icyphy/ptII/lib/bsh-2.0b4.j
ar:/home/travis/build/icyphy/ptII/lib/ptCal.jar:/home/travis/build/icyphy/ptII/
lib/java_cup.jar:/home/travis/build/icyphy/ptII/lib/saxon8.jar:/home/travis/bui
ld/icyphy/ptII/lib/saxon8-dom.jar:/home/travis/build/icyphy/ptII/lib/chic.jar:/
home/travis/build/icyphy/ptII/lib/ptcolt.jar:/usr/lib/jvm/java-8-oracle/lib/too
ls.jar:/usr/lib/eclipse/plugins/org.eclipse.jdt.core_3.8.2.dist.jar:/usr/lib/ec
lipse/plugins/org.eclipse.core.runtime_3.8.0.dist.jar:/usr/lib/eclipse/plugins/
org.eclipse.osgi_3.8.1.dist.jar:/usr/lib/eclipse/plugins/org.eclipse.core.resou
rces_3.8.1.dist.jar:/usr/lib/eclipse/plugins/org.eclipse.equinox.common_3.6.100
.dist.jar:/usr/lib/eclipse/plugins/org.eclipse.core.jobs_3.5.200.dist.jar:/usr/
lib/eclipse/plugins/org.eclipse.core.contenttype_3.4.200.dist.jar:/usr/lib/ecli
pse/plugins/org.eclipse.equinox.preferences_3.5.0.dist.jar:/usr/lib/eclipse/plu
gins/org.eclipse.text_3.5.200.dist.jar:/usr/lib/eclipse/plugins/org.eclipse.ui.
workbench_3.8.1.dist.jar:/usr/lib/eclipse/plugins/org.eclipse.jface_3.8.0.dist.
jar:/usr/lib/eclipse/plugins/org.eclipse.swt_3.8.2.jar:/usr/lib/eclipse/plugins
/org.eclipse.jface.text_3.8.1.dist.jar:/usr/lib/eclipse/plugins/org.eclipse.ui.
workbench.texteditor_3.8.0.dist.jar:/usr/lib/eclipse/plugins/org.eclipse.ui.edi
tors_3.8.0.dist.jar:/usr/lib/eclipse/plugins/org.eclipse.core.commands_3.6.1.di
st.jar:/usr/lib/eclipse/plugins/org.eclipse.equinox.registry_3.5.200.dist.jar:/
usr/lib/eclipse/plugins/org.eclipse.ui.console_3.5.100.dist.jar:/usr/lib/eclips
e/plugins/org.eclipse.ui.forms_3.5.200.dist.jar:/usr/lib/eclipse/plugins/org.ec
lipse.ui.ide_3.8.1.dist.jar:/home/travis/build/icyphy/ptII/vendors/oracle/dbxml
.jar:/home/travis/build/icyphy/ptII/vendors/oracle/db.jar:/home/travis/build/ic
yphy/ptII/vendors/misc/itext/iText.jar:/home/travis/build/icyphy/ptII/lib/g4ltl
.jar:/home/travis/build/icyphy/ptII/lib/StructuralCoder.jar:/home/travis/build/
icyphy/ptII/lib/org-openide-util.jar:/home/travis/build/icyphy/ptII/lib/org-ope
nide-util-lookup.jar:/home/travis/build/icyphy/ptII/lib/org-netbeans-api-visual
.jar:/home/travis/build/icyphy/ptII/vendors/jai-1_1_2_01/lib/jai_core.jar:/home
/travis/build/icyphy/ptII/vendors/jai-1_1_2_01/lib/jai_codec.jar:/home/travis/b
uild/icyphy/ptII/lib/jcerti.jar:/home/travis/build/icyphy/ptII/lib/smack.jar:/h
ome/travis/build/icyphy/ptII/lib/smackx.jar:/home/travis/build/icyphy/ptII/lib/
jetty-all-8.1.5-v20120716.jar:/home/travis/build/icyphy/ptII/lib/javax.servlet-
api-3.0.1.jar:/home/travis/build/icyphy/ptII/lib/javax.mail.jar:/home/travis/bu
ild/icyphy/ptII/vendors/JMF-2.1.1e/lib/jmf.jar:/home/travis/build/icyphy/ptII/l
ib/jna-4.0.0-variadic.jar:/home/travis/build/icyphy/ptII/vendors/misc/joystick/
Joystick.jar:/home/travis/build/icyphy/ptII/lib/ptjacl.jar:/home/travis/build/i
cyphy/ptII/lib/jsoup-1.8.2.jar:/home/travis/build/icyphy/ptII/lib/junit-4.8.2.j
ar:/home/travis/build/icyphy/ptII/lib/JUnitParams-0.4.0.jar:/home/travis/build/
icyphy/ptII/ptolemy/actor/lib/excel/jxl.jar:/home/travis/build/icyphy/ptII/lib/
jython.jar:/home/travis/build/icyphy/ptII/lib/kieler.jar:/home/travis/build/icy
phy/ptII/vendors/opencv/share/OpenCV/java/opencv-341.jar:/home/travis/build/icy
phy/ptII/lib/oscP5.jar:/home/travis/build/icyphy/ptII/lib/nrjavaserial-3.11.0.d
evel.jar:/home/travis/build/icyphy/ptII/vendors/j3d/lib/j3dcore.jar:/home/travi
s/build/icyphy/ptII/vendors/j3d/lib/j3dutils.jar:/home/travis/build/icyphy/ptII
/vendors/j3d/lib/vecmath.jar:/home/travis/build/icyphy/ptII/ptolemy/distributed
/jini/jar/jini-core.jar:/home/travis/build/icyphy/ptII/ptolemy/distributed/jini
/jar/jini-ext.jar:/home/travis/build/icyphy/ptII/ptolemy/distributed/jini/jar/s
un-util.jar:/home/travis/build/icyphy/ptII/lib/protobuf-java-2.4.1.jar:/home/tr
avis/build/icyphy/ptII/lib/org.eclipse.paho.client.mqttv3.jar:/home/travis/buil
d/icyphy/ptII/ptserver/lib/hessian-4.0.7.jar:/home/travis/build/icyphy/ptII/pts
erver/lib/wmqtt.jar:/home/travis/build/icyphy/ptII/lib/mapss.jar:/home/travis/b
uild/icyphy/ptII/ptolemy/actor/ptalon/antlr/antlr.jar:/home/travis/build/icyphy
/ptII/lib/JRI.jar:/home/travis/build/icyphy/ptII/lib/commons-lang-2.6.jar:/home
/travis/build/icyphy/ptII/lib/commons-logging-1.1.1.jar:/home/travis/build/icyp
hy/ptII/lib/sootclasses.jar:/home/travis/build/icyphy/ptII/ptolemy/actor/lib/da
tabase/mysql-connector-java-5.1.6-bin.jar:/home/travis/build/icyphy/ptII/vendor
s/misc/sphinx4/sphinx4-data-5prealpha.jar:/home/travis/build/icyphy/ptII/vendor
s/misc/sphinx4/sphinx4-core-5prealpha.jar:/home/travis/build/icyphy/ptII/lib/PD
FRenderer.jar:/home/travis/build/icyphy/ptII/lib/svgSalamander.jar:/home/travis
/build/icyphy/ptII/lib/rsyntaxtextarea-2.6.0-SNAPSHOT.jar:/home/travis/build/ic
yphy/ptII/lib/hazelcast-3.8.2.jar:/home/travis/build/icyphy/ptII/lib/jackson-an
notations-2.9.0.jar:/home/travis/build/icyphy/ptII/lib/jackson-core-2.9.3.jar:/
home/travis/build/icyphy/ptII/lib/jackson-databind-2.9.3.jar:/home/travis/build
/icyphy/ptII/lib/netty-buffer-4.1.19.Final.jar:/home/travis/build/icyphy/ptII/l
ib/netty-codec-4.1.19.Final.jar:/home/travis/build/icyphy/ptII/lib/netty-codec-
dns-4.1.19.Final.jar:/home/travis/build/icyphy/ptII/lib/netty-codec-http-4.1.19
.Final.jar:/home/travis/build/icyphy/ptII/lib/netty-codec-http2-4.1.19.Final.ja
r:/home/travis/build/icyphy/ptII/lib/netty-common-4.1.19.Final.jar:/home/travis
/build/icyphy/ptII/lib/netty-handler-4.1.19.Final.jar:/home/travis/build/icyphy
/ptII/lib/netty-resolver-4.1.19.Final.jar:/home/travis/build/icyphy/ptII/lib/ne
tty-resolver-dns-4.1.19.Final.jar:/home/travis/build/icyphy/ptII/lib/netty-tran
sport-4.1.19.Final.jar:/home/travis/build/icyphy/ptII/lib/vertx-codegen-3.5.1.j
ar:/home/travis/build/icyphy/ptII/lib/vertx-core-3.5.2-SNAPSHOT.jar:/home/travi
s/build/icyphy/ptII/lib/vertx-hazelcast-3.5.1.jar:/home/travis/build/icyphy/ptI
I/lib/vertx-lang-js-3.5.1.jar:/home/travis/build/icyphy/ptII/lib/vertx-service-
proxy-3.5.1.jar:/home/travis/build/icyphy/ptII/lib/vertx-web-3.5.1.jar:/home/tr
avis/build/icyphy/ptII/lib/slf4j-api-1.7.13.jar:/home/travis/build/icyphy/ptII/
lib/slf4j-simple-1.7.13.jar:/home/travis/build/icyphy/ptII/lib/webcam-capture-0
.3.12.jar:/home/travis/build/icyphy/ptII/lib/bridj-0.7.0.jar:/home/travis/build
/icyphy/ptII/lib/xbjlib-1.1.0.nrjavaserial.jar:/home/travis/build/icyphy/ptII/p
tolemy/moml/test:/home/travis/build/icyphy/ptII/ant/lib/ant-launcher.jar:/home/
travis/build/icyphy/ptII/ant/lib/ant.jar:/home/travis/build/icyphy/ptII/ant/lib
/ant-junit.jar:/home/travis/build/icyphy/ptII/ant/lib/ant-junit4.jar:/home/trav
is/build/icyphy/ptII
ModularCodeGenLazyPubSubGlobal_CompositeActor_ModularCodeGenTypedComposite_prof
ile.java
total 1144
-rw-rw-r-- 1 travis travis  4895 Sep 23 02:19 CompiledCompositeActor_CompiledCompositeActor.class
-rw-rw-r-- 1 travis travis  1592 Sep 23 02:19 CompiledCompositeActor_CompiledCompositeActor$_CompiledCompositeActor_CompiledCompositeActor.class
-rw-rw-r-- 1 travis travis 13466 Sep 23 02:19 CompiledCompositeActor_CompiledCompositeActor.java
-rw-rw-r-- 1 travis travis  1593 Sep 23 02:19 CompiledCompositeActor_CompiledCompositeActor.mk
-rw-rw-r-- 1 travis travis  4457 Sep 23 02:19 JavaCompiledCompositeTest1_CompiledCompositeActor.class
-rw-rw-r-- 1 travis travis 11637 Sep 23 02:19 JavaCompiledCompositeTest1_CompiledCompositeActor.java
-rw-rw-r-- 1 travis travis  1198 Sep 23 02:19 JavaCompiledCompositeTest1_CompiledCompositeActor$_JavaCompiledCompositeTest1_CompiledCompositeActor.class
-rw-rw-r-- 1 travis travis  1625 Sep 23 02:19 JavaCompiledCompositeTest1_CompiledCompositeActor.mk
-rw-rw-r-- 1 travis travis  4888 Sep 23 02:19 JavaCompiledCompositeTest2_CompiledCompositeActor.class
-rw-rw-r-- 1 travis travis 14919 Sep 23 02:19 JavaCompiledCompositeTest2_CompiledCompositeActor.java
-rw-rw-r-- 1 travis travis  1793 Sep 23 02:19 JavaCompiledCompositeTest2_CompiledCompositeActor$_JavaCompiledCompositeTest2_CompiledCompositeActor.class
-rw-rw-r-- 1 travis travis  1625 Sep 23 02:19 JavaCompiledCompositeTest2_CompiledCompositeActor.mk
-rw-rw-r-- 1 travis travis  4505 Sep 23 02:19 JavaCompiledCompositeTest3_CompiledCompositeActor.class
-rw-rw-r-- 1 travis travis 13080 Sep 23 02:19 JavaCompiledCompositeTest3_CompiledCompositeActor.java
-rw-rw-r-- 1 travis travis  1378 Sep 23 02:19 JavaCompiledCompositeTest3_CompiledCompositeActor$_JavaCompiledCompositeTest3_CompiledCompositeActor.class
-rw-rw-r-- 1 travis travis  1625 Sep 23 02:19 JavaCompiledCompositeTest3_CompiledCompositeActor.mk
-rw-rw-r-- 1 travis travis  3953 Sep 23 02:19 JavaCompiledCompositeTest4_CompiledCompositeActor.class
-rw-rw-r-- 1 travis travis  9687 Sep 23 02:19 JavaCompiledCompositeTest4_CompiledCompositeActor.java
-rw-rw-r-- 1 travis travis   857 Sep 23 02:19 JavaCompiledCompositeTest4_CompiledCompositeActor$_JavaCompiledCompositeTest4_CompiledCompositeActor.class
-rw-rw-r-- 1 travis travis  1625 Sep 23 02:19 JavaCompiledCompositeTest4_CompiledCompositeActor.mk
-rw-rw-r-- 1 travis travis  3693 Sep 23 02:19 ModularCG_A1_B1.class
-rw-rw-r-- 1 travis travis  9730 Sep 23 02:19 ModularCG_A1_B1.java
-rw-rw-r-- 1 travis travis   832 Sep 23 02:19 ModularCG_A1_B1.mk
-rw-rw-r-- 1 travis travis  1318 Sep 23 02:19 ModularCG_A1_B1_profile.class
-rw-rw-r-- 1 travis travis  1262 Sep 23 02:19 ModularCG_A1_B1_profile.java
-rw-rw-r-- 1 travis travis  3693 Sep 23 02:19 ModularCG_A1_B2.class
-rw-rw-r-- 1 travis travis  9730 Sep 23 02:19 ModularCG_A1_B2.java
-rw-rw-r-- 1 travis travis   832 Sep 23 02:19 ModularCG_A1_B2.mk
-rw-rw-r-- 1 travis travis  1318 Sep 23 02:19 ModularCG_A1_B2_profile.class
-rw-rw-r-- 1 travis travis  1262 Sep 23 02:19 ModularCG_A1_B2_profile.java
-rw-rw-r-- 1 travis travis  4799 Sep 23 02:19 ModularCG_A1.class
-rw-rw-r-- 1 travis travis 14742 Sep 23 02:19 ModularCG_A1.java
-rw-rw-r-- 1 travis travis   808 Sep 23 02:19 ModularCG_A1.mk
-rw-rw-r-- 1 travis travis  1433 Sep 23 02:19 ModularCG_A1_profile.class
-rw-rw-r-- 1 travis travis  1704 Sep 23 02:19 ModularCG_A1_profile.java
-rw-rw-r-- 1 travis travis  3827 Sep 23 02:19 ModularCG_A2_B1.class
-rw-rw-r-- 1 travis travis 10667 Sep 23 02:19 ModularCG_A2_B1.java
-rw-rw-r-- 1 travis travis   832 Sep 23 02:19 ModularCG_A2_B1.mk
-rw-rw-r-- 1 travis travis  1381 Sep 23 02:19 ModularCG_A2_B1_profile.class
-rw-rw-r-- 1 travis travis  1446 Sep 23 02:19 ModularCG_A2_B1_profile.java
-rw-rw-r-- 1 travis travis  3693 Sep 23 02:19 ModularCG_A2_B2.class
-rw-rw-r-- 1 travis travis  9730 Sep 23 02:19 ModularCG_A2_B2.java
-rw-rw-r-- 1 travis travis   832 Sep 23 02:19 ModularCG_A2_B2.mk
-rw-rw-r-- 1 travis travis  1318 Sep 23 02:19 ModularCG_A2_B2_profile.class
-rw-rw-r-- 1 travis travis  1262 Sep 23 02:19 ModularCG_A2_B2_profile.java
-rw-rw-r-- 1 travis travis  4870 Sep 23 02:19 ModularCG_A2.class
-rw-rw-r-- 1 travis travis 15129 Sep 23 02:19 ModularCG_A2.java
-rw-rw-r-- 1 travis travis   808 Sep 23 02:19 ModularCG_A2.mk
-rw-rw-r-- 1 travis travis  1433 Sep 23 02:19 ModularCG_A2_profile.class
-rw-rw-r-- 1 travis travis  1704 Sep 23 02:19 ModularCG_A2_profile.java
-rw-rw-r-- 1 travis travis  3473 Sep 23 02:19 ModularCGPubSub_A1_A2.class
-rw-rw-r-- 1 travis travis  9076 Sep 23 02:19 ModularCGPubSub_A1_A2.java
-rw-rw-r-- 1 travis travis   880 Sep 23 02:19 ModularCGPubSub_A1_A2.mk
-rw-rw-r-- 1 travis travis  1300 Sep 23 02:19 ModularCGPubSub_A1_A2_profile.class
-rw-rw-r-- 1 travis travis  1222 Sep 23 02:19 ModularCGPubSub_A1_A2_profile.java
-rw-rw-r-- 1 travis travis  3790 Sep 23 02:19 ModularCGPubSub_A1.class
-rw-rw-r-- 1 travis travis  9836 Sep 23 02:19 ModularCGPubSub_A1.java
-rw-rw-r-- 1 travis travis   856 Sep 23 02:19 ModularCGPubSub_A1.mk
-rw-rw-r-- 1 travis travis  1346 Sep 23 02:19 ModularCGPubSub_A1_profile.class
-rw-rw-r-- 1 travis travis  1388 Sep 23 02:19 ModularCGPubSub_A1_profile.java
-rw-rw-r-- 1 travis travis  3988 Sep 23 02:19 ModularCodeGen2_ModularCodeGenTypedCompositeActor.class
-rw-rw-r-- 1 travis travis 11690 Sep 23 02:19 ModularCodeGen2_ModularCodeGenTypedCompositeActor.java
-rw-rw-r-- 1 travis travis  1104 Sep 23 02:19 ModularCodeGen2_ModularCodeGenTypedCompositeActor.mk
-rw-rw-r-- 1 travis travis  4272 Sep 23 02:19 ModularCodeGen2_ModularCodeGenTypedCompositeActor_ModularCodeGenTypedCompositeActor.class
-rw-rw-r-- 1 travis travis 11790 Sep 23 02:19 ModularCodeGen2_ModularCodeGenTypedCompositeActor_ModularCodeGenTypedCompositeActor.java
-rw-rw-r-- 1 travis travis  1376 Sep 23 02:19 ModularCodeGen2_ModularCodeGenTypedCompositeActor_ModularCodeGenTypedCompositeActor.mk
-rw-rw-r-- 1 travis travis  1421 Sep 23 02:19 ModularCodeGen2_ModularCodeGenTypedCompositeActor_ModularCodeGenTypedCompositeActor_profile.class
-rw-rw-r-- 1 travis travis  1294 Sep 23 02:19 ModularCodeGen2_ModularCodeGenTypedCompositeActor_ModularCodeGenTypedCompositeActor_profile.java
-rw-rw-r-- 1 travis travis   820 Sep 23 02:19 ModularCodeGen2_ModularCodeGenTypedCompositeActor_profile.class
-rw-rw-r-- 1 travis travis   693 Sep 23 02:19 ModularCodeGen2_ModularCodeGenTypedCompositeActor_profile.java
-rw-rw-r-- 1 travis travis  3741 Sep 23 02:19 ModularCodeGen3_A1_B1.class
-rw-rw-r-- 1 travis travis  9958 Sep 23 02:19 ModularCodeGen3_A1_B1.java
-rw-rw-r-- 1 travis travis   880 Sep 23 02:19 ModularCodeGen3_A1_B1.mk
-rw-rw-r-- 1 travis travis  1330 Sep 23 02:19 ModularCodeGen3_A1_B1_profile.class
-rw-rw-r-- 1 travis travis  1274 Sep 23 02:19 ModularCodeGen3_A1_B1_profile.java
-rw-rw-r-- 1 travis travis  3741 Sep 23 02:19 ModularCodeGen3_A1_B2.class
-rw-rw-r-- 1 travis travis  9958 Sep 23 02:19 ModularCodeGen3_A1_B2.java
-rw-rw-r-- 1 travis travis   880 Sep 23 02:19 ModularCodeGen3_A1_B2.mk
-rw-rw-r-- 1 travis travis  1330 Sep 23 02:19 ModularCodeGen3_A1_B2_profile.class
-rw-rw-r-- 1 travis travis  1274 Sep 23 02:19 ModularCodeGen3_A1_B2_profile.java
-rw-rw-r-- 1 travis travis  4961 Sep 23 02:19 ModularCodeGen3_A1.class
-rw-rw-r-- 1 travis travis 15564 Sep 23 02:19 ModularCodeGen3_A1.java
-rw-rw-r-- 1 travis travis   856 Sep 23 02:19 ModularCodeGen3_A1.mk
-rw-rw-r-- 1 travis travis  1445 Sep 23 02:19 ModularCodeGen3_A1_profile.class
-rw-rw-r-- 1 travis travis  1716 Sep 23 02:19 ModularCodeGen3_A1_profile.java
-rw-rw-r-- 1 travis travis  3887 Sep 23 02:19 ModularCodeGen3_A2_B1.class
-rw-rw-r-- 1 travis travis 10955 Sep 23 02:19 ModularCodeGen3_A2_B1.java
-rw-rw-r-- 1 travis travis   880 Sep 23 02:19 ModularCodeGen3_A2_B1.mk
-rw-rw-r-- 1 travis travis  1393 Sep 23 02:19 ModularCodeGen3_A2_B1_profile.class
-rw-rw-r-- 1 travis travis  1458 Sep 23 02:19 ModularCodeGen3_A2_B1_profile.java
-rw-rw-r-- 1 travis travis  3741 Sep 23 02:19 ModularCodeGen3_A2_B2.class
-rw-rw-r-- 1 travis travis  9958 Sep 23 02:19 ModularCodeGen3_A2_B2.java
-rw-rw-r-- 1 travis travis   880 Sep 23 02:19 ModularCodeGen3_A2_B2.mk
-rw-rw-r-- 1 travis travis  1330 Sep 23 02:19 ModularCodeGen3_A2_B2_profile.class
-rw-rw-r-- 1 travis travis  1274 Sep 23 02:19 ModularCodeGen3_A2_B2_profile.java
-rw-rw-r-- 1 travis travis  5038 Sep 23 02:19 ModularCodeGen3_A2.class
-rw-rw-r-- 1 travis travis 15957 Sep 23 02:19 ModularCodeGen3_A2.java
-rw-rw-r-- 1 travis travis   856 Sep 23 02:19 ModularCodeGen3_A2.mk
-rw-rw-r-- 1 travis travis  1445 Sep 23 02:19 ModularCodeGen3_A2_profile.class
-rw-rw-r-- 1 travis travis  1716 Sep 23 02:19 ModularCodeGen3_A2_profile.java
-rw-rw-r-- 1 travis travis  3794 Sep 23 02:19 ModularCodeGen4_A1_B1.class
-rw-rw-r-- 1 travis travis 10312 Sep 23 02:19 ModularCodeGen4_A1_B1.java
-rw-rw-r-- 1 travis travis   880 Sep 23 02:19 ModularCodeGen4_A1_B1.mk
-rw-rw-r-- 1 travis travis  1330 Sep 23 02:19 ModularCodeGen4_A1_B1_profile.class
-rw-rw-r-- 1 travis travis  1273 Sep 23 02:19 ModularCodeGen4_A1_B1_profile.java
-rw-rw-r-- 1 travis travis  3794 Sep 23 02:19 ModularCodeGen4_A1_B2.class
-rw-rw-r-- 1 travis travis 10312 Sep 23 02:19 ModularCodeGen4_A1_B2.java
-rw-rw-r-- 1 travis travis   880 Sep 23 02:19 ModularCodeGen4_A1_B2.mk
-rw-rw-r-- 1 travis travis  1330 Sep 23 02:19 ModularCodeGen4_A1_B2_profile.class
-rw-rw-r-- 1 travis travis  1273 Sep 23 02:19 ModularCodeGen4_A1_B2_profile.java
-rw-rw-r-- 1 travis travis  5101 Sep 23 02:19 ModularCodeGen4_A1.class
-rw-rw-r-- 1 travis travis 16245 Sep 23 02:19 ModularCodeGen4_A1.java
-rw-rw-r-- 1 travis travis   856 Sep 23 02:19 ModularCodeGen4_A1.mk
-rw-rw-r-- 1 travis travis  1445 Sep 23 02:19 ModularCodeGen4_A1_profile.class
-rw-rw-r-- 1 travis travis  1712 Sep 23 02:19 ModularCodeGen4_A1_profile.java
-rw-rw-r-- 1 travis travis  3988 Sep 23 02:20 ModularCodeGen4_A2_B1.class
-rw-rw-r-- 1 travis travis 11375 Sep 23 02:20 ModularCodeGen4_A2_B1.java
-rw-rw-r-- 1 travis travis   880 Sep 23 02:20 ModularCodeGen4_A2_B1.mk
-rw-rw-r-- 1 travis travis  1393 Sep 23 02:20 ModularCodeGen4_A2_B1_profile.class
-rw-rw-r-- 1 travis travis  1454 Sep 23 02:19 ModularCodeGen4_A2_B1_profile.java
-rw-rw-r-- 1 travis travis  3842 Sep 23 02:20 ModularCodeGen4_A2_B2.class
-rw-rw-r-- 1 travis travis 10378 Sep 23 02:20 ModularCodeGen4_A2_B2.java
-rw-rw-r-- 1 travis travis   880 Sep 23 02:20 ModularCodeGen4_A2_B2.mk
-rw-rw-r-- 1 travis travis  1330 Sep 23 02:20 ModularCodeGen4_A2_B2_profile.class
-rw-rw-r-- 1 travis travis  1270 Sep 23 02:20 ModularCodeGen4_A2_B2_profile.java
-rw-rw-r-- 1 travis travis  5274 Sep 23 02:20 ModularCodeGen4_A2.class
-rw-rw-r-- 1 travis travis 16770 Sep 23 02:20 ModularCodeGen4_A2.java
-rw-rw-r-- 1 travis travis   856 Sep 23 02:20 ModularCodeGen4_A2.mk
-rw-rw-r-- 1 travis travis  1445 Sep 23 02:20 ModularCodeGen4_A2_profile.class
-rw-rw-r-- 1 travis travis  1712 Sep 23 02:20 ModularCodeGen4_A2_profile.java
-rw-rw-r-- 1 travis travis  6838 Sep 23 02:20 ModularCodeGen5_A_A.class
-rw-rw-r-- 1 travis travis 28721 Sep 23 02:20 ModularCodeGen5_A_A.java
-rw-rw-r-- 1 travis travis   864 Sep 23 02:20 ModularCodeGen5_A_A.mk
-rw-rw-r-- 1 travis travis  1520 Sep 23 02:20 ModularCodeGen5_A_A_profile.class
-rw-rw-r-- 1 travis travis  1815 Sep 23 02:20 ModularCodeGen5_A_A_profile.java
-rw-rw-r-- 1 travis travis  5115 Sep 23 02:20 ModularCodeGen5_A.class
-rw-rw-r-- 1 travis travis 13769 Sep 23 02:20 ModularCodeGen5_A.java
-rw-rw-r-- 1 travis travis   848 Sep 23 02:20 ModularCodeGen5_A.mk
-rw-rw-r-- 1 travis travis  1422 Sep 23 02:20 ModularCodeGen5_A_profile.class
-rw-rw-r-- 1 travis travis  1605 Sep 23 02:20 ModularCodeGen5_A_profile.java
-rw-rw-r-- 1 travis travis  4125 Sep 23 02:20 ModularCodeGen6_A_A2.class
-rw-rw-r-- 1 travis travis 11329 Sep 23 02:20 ModularCodeGen6_A_A2.java
-rw-rw-r-- 1 travis travis   872 Sep 23 02:20 ModularCodeGen6_A_A2.mk
-rw-rw-r-- 1 travis travis  1351 Sep 23 02:20 ModularCodeGen6_A_A2_profile.class
-rw-rw-r-- 1 travis travis  1364 Sep 23 02:20 ModularCodeGen6_A_A2_profile.java
-rw-rw-r-- 1 travis travis  4108 Sep 23 02:20 ModularCodeGen6_A_A.class
-rw-rw-r-- 1 travis travis 11221 Sep 23 02:20 ModularCodeGen6_A_A.java
-rw-rw-r-- 1 travis travis   864 Sep 23 02:20 ModularCodeGen6_A_A.mk
-rw-rw-r-- 1 travis travis  1348 Sep 23 02:20 ModularCodeGen6_A_A_profile.class
-rw-rw-r-- 1 travis travis  1361 Sep 23 02:20 ModularCodeGen6_A_A_profile.java
-rw-rw-r-- 1 travis travis  7237 Sep 23 02:20 ModularCodeGen6_A.class
-rw-rw-r-- 1 travis travis 26535 Sep 23 02:20 ModularCodeGen6_A.java
-rw-rw-r-- 1 travis travis   848 Sep 23 02:20 ModularCodeGen6_A.mk
-rw-rw-r-- 1 travis travis  1483 Sep 23 02:20 ModularCodeGen6_A_profile.class
-rw-rw-r-- 1 travis travis  1810 Sep 23 02:20 ModularCodeGen6_A_profile.java
-rw-rw-r-- 1 travis travis  1384 Sep 23 02:20 ModularCodeGenLazyPubSubGlobal_CompositeActor_ModularCodeGenTypedComposite_profile.java
-rw-rw-r-- 1 travis travis  3952 Sep 23 02:20 ModularCodeGenLazyPubSub_LazyCompositeActor.class
-rw-rw-r-- 1 travis travis 11122 Sep 23 02:20 ModularCodeGenLazyPubSub_LazyCompositeActor.java
-rw-rw-r-- 1 travis travis  1056 Sep 23 02:20 ModularCodeGenLazyPubSub_LazyCompositeActor.mk
-rw-rw-r-- 1 travis travis  1286 Sep 23 02:20 ModularCodeGenLazyPubSub_LazyCompositeActor_profile.class
-rw-rw-r-- 1 travis travis  1091 Sep 23 02:20 ModularCodeGenLazyPubSub_LazyCompositeActor_profile.java
-rw-rw-r-- 1 travis travis  3954 Sep 23 02:19 ModularCodeGen_ModularCodeGenTypedCompositeActor.class
-rw-rw-r-- 1 travis travis 10970 Sep 23 02:19 ModularCodeGen_ModularCodeGenTypedCompositeActor.java
-rw-rw-r-- 1 travis travis  1096 Sep 23 02:19 ModularCodeGen_ModularCodeGenTypedCompositeActor.mk
-rw-rw-r-- 1 travis travis  1384 Sep 23 02:19 ModularCodeGen_ModularCodeGenTypedCompositeActor_profile.class
-rw-rw-r-- 1 travis travis  1328 Sep 23 02:19 ModularCodeGen_ModularCodeGenTypedCompositeActor_profile.java
-rw-rw-r-- 1 travis travis  3492 Sep 23 02:19 ModularCodeGenTest_A1_A2.class
-rw-rw-r-- 1 travis travis  9164 Sep 23 02:18 ModularCodeGenTest_A1_A2.java
-rw-rw-r-- 1 travis travis   904 Sep 23 02:18 ModularCodeGenTest_A1_A2.mk
-rw-rw-r-- 1 travis travis  1306 Sep 23 02:18 ModularCodeGenTest_A1_A2_profile.class
-rw-rw-r-- 1 travis travis  1228 Sep 23 02:18 ModularCodeGenTest_A1_A2_profile.java
-rw-rw-r-- 1 travis travis  3823 Sep 23 02:19 ModularCodeGenTest_A1.class
-rw-rw-r-- 1 travis travis  9968 Sep 23 02:19 ModularCodeGenTest_A1.java
-rw-rw-r-- 1 travis travis   880 Sep 23 02:19 ModularCodeGenTest_A1.mk
-rw-rw-r-- 1 travis travis  1352 Sep 23 02:19 ModularCodeGenTest_A1_profile.class
-rw-rw-r-- 1 travis travis  1394 Sep 23 02:19 ModularCodeGenTest_A1_profile.java
-rw-rw-r-- 1 travis travis   432 Sep 23 02:20 Token.class
-rw-rw-r-- 1 travis travis   251 Sep 23 02:20 Token.java
warning: Supported source version 'RELEASE_6' from annotation processor 'org.netbeans.modules.openide.util.NbBundleProcessor' less than -source '1.8'
warning: Supported source version 'RELEASE_6' from annotation processor 'org.netbeans.modules.openide.util.URLStreamHandlerRegistrationProcessor' less than -source '1.8'
warning: Supported source version 'RELEASE_6' from annotation processor 'org.netbeans.modules.openide.util.ServiceProviderProcessor' less than -source '1.8'
3 warnings
All Done
Writing ModularCodeGenLazyPubSubGlobal_CompositeActor_ModularCodeGenTypedComposite.java in file:/home/travis/cg/ (30161 characters)
Reading "ptolemy/cg/kernel/generic/program/procedural/java/modular/makefile.in",
    writing "/home/travis/cg/ModularCodeGenLazyPubSubGlobal_CompositeActor_ModularCodeGenTypedComposite.mk"
Using ptolemy/cg/kernel/generic/program/procedural/java/modular/makefile.in
In "/home/travis/cg", about to execute:
    make -f
ModularCodeGenLazyPubSubGlobal_CompositeActor_ModularCodeGenTypedComposite.mk
javac -classpath ".:.."    ModularCodeGenLazyPubSubGlobal_CompositeActor_ModularCodeGenTypedComposite.java
All Done
2503 ms. Memory: 235520K Free: 169510K (72%)
----------------- Invoking toplevel() on ptolemy.moml.MoMLSimpleApplication@3884f850
----------------- Done invoking toplevel() on ptolemy.moml.MoMLSimpleApplication@3884f850
reloadAllAccessors: .ModularCodeGenLazyPubSubGlobal

===========================================================================================
----------------- testing Sun Sep 23 02:20:23 UTC 2018 /home/travis/build/icyphy/ptII/ptolemy/cg/lib/test/auto/ModularCodeGenPubSub1.xml
----------------- Instantiating /home/travis/build/icyphy/ptII/ptolemy/cg/lib/test/auto/ModularCodeGenPubSub1.xml
In "/home/travis/cg", about to execute:
    pwd
In "/home/travis/cg", about to execute:
    ls -l
/home/travis/cg
total 1208
-rw-rw-r-- 1 travis travis   233 Sep 23 02:20 Array.class
-rw-rw-r-- 1 travis travis   459 Sep 23 02:20 Array.java
-rw-rw-r-- 1 travis travis  4895 Sep 23 02:19 CompiledCompositeActor_CompiledCompositeActor.class
-rw-rw-r-- 1 travis travis  1592 Sep 23 02:19 CompiledCompositeActor_CompiledCompositeActor$_CompiledCompositeActor_CompiledCompositeActor.class
-rw-rw-r-- 1 travis travis 13466 Sep 23 02:19 CompiledCompositeActor_CompiledCompositeActor.java
-rw-rw-r-- 1 travis travis  1593 Sep 23 02:19 CompiledCompositeActor_CompiledCompositeActor.mk
-rw-rw-r-- 1 travis travis  4457 Sep 23 02:19 JavaCompiledCompositeTest1_CompiledCompositeActor.class
-rw-rw-r-- 1 travis travis 11637 Sep 23 02:19 JavaCompiledCompositeTest1_CompiledCompositeActor.java
-rw-rw-r-- 1 travis travis  1198 Sep 23 02:19 JavaCompiledCompositeTest1_CompiledCompositeActor$_JavaCompiledCompositeTest1_CompiledCompositeActor.class
-rw-rw-r-- 1 travis travis  1625 Sep 23 02:19 JavaCompiledCompositeTest1_CompiledCompositeActor.mk
-rw-rw-r-- 1 travis travis  4888 Sep 23 02:19 JavaCompiledCompositeTest2_CompiledCompositeActor.class
-rw-rw-r-- 1 travis travis 14919 Sep 23 02:19 JavaCompiledCompositeTest2_CompiledCompositeActor.java
-rw-rw-r-- 1 travis travis  1793 Sep 23 02:19 JavaCompiledCompositeTest2_CompiledCompositeActor$_JavaCompiledCompositeTest2_CompiledCompositeActor.class
-rw-rw-r-- 1 travis travis  1625 Sep 23 02:19 JavaCompiledCompositeTest2_CompiledCompositeActor.mk
-rw-rw-r-- 1 travis travis  4505 Sep 23 02:19 JavaCompiledCompositeTest3_CompiledCompositeActor.class
-rw-rw-r-- 1 travis travis 13080 Sep 23 02:19 JavaCompiledCompositeTest3_CompiledCompositeActor.java
-rw-rw-r-- 1 travis travis  1378 Sep 23 02:19 JavaCompiledCompositeTest3_CompiledCompositeActor$_JavaCompiledCompositeTest3_CompiledCompositeActor.class
-rw-rw-r-- 1 travis travis  1625 Sep 23 02:19 JavaCompiledCompositeTest3_CompiledCompositeActor.mk
-rw-rw-r-- 1 travis travis  3953 Sep 23 02:19 JavaCompiledCompositeTest4_CompiledCompositeActor.class
-rw-rw-r-- 1 travis travis  9687 Sep 23 02:19 JavaCompiledCompositeTest4_CompiledCompositeActor.java
-rw-rw-r-- 1 travis travis   857 Sep 23 02:19 JavaCompiledCompositeTest4_CompiledCompositeActor$_JavaCompiledCompositeTest4_CompiledCompositeActor.class
-rw-rw-r-- 1 travis travis  1625 Sep 23 02:19 JavaCompiledCompositeTest4_CompiledCompositeActor.mk
-rw-rw-r-- 1 travis travis  3693 Sep 23 02:19 ModularCG_A1_B1.class
-rw-rw-r-- 1 travis travis  9730 Sep 23 02:19 ModularCG_A1_B1.java
-rw-rw-r-- 1 travis travis   832 Sep 23 02:19 ModularCG_A1_B1.mk
-rw-rw-r-- 1 travis travis  1318 Sep 23 02:19 ModularCG_A1_B1_profile.class
-rw-rw-r-- 1 travis travis  1262 Sep 23 02:19 ModularCG_A1_B1_profile.java
-rw-rw-r-- 1 travis travis  3693 Sep 23 02:19 ModularCG_A1_B2.class
-rw-rw-r-- 1 travis travis  9730 Sep 23 02:19 ModularCG_A1_B2.java
-rw-rw-r-- 1 travis travis   832 Sep 23 02:19 ModularCG_A1_B2.mk
-rw-rw-r-- 1 travis travis  1318 Sep 23 02:19 ModularCG_A1_B2_profile.class
-rw-rw-r-- 1 travis travis  1262 Sep 23 02:19 ModularCG_A1_B2_profile.java
-rw-rw-r-- 1 travis travis  4799 Sep 23 02:19 ModularCG_A1.class
-rw-rw-r-- 1 travis travis 14742 Sep 23 02:19 ModularCG_A1.java
-rw-rw-r-- 1 travis travis   808 Sep 23 02:19 ModularCG_A1.mk
-rw-rw-r-- 1 travis travis  1433 Sep 23 02:19 ModularCG_A1_profile.class
-rw-rw-r-- 1 travis travis  1704 Sep 23 02:19 ModularCG_A1_profile.java
-rw-rw-r-- 1 travis travis  3827 Sep 23 02:19 ModularCG_A2_B1.class
-rw-rw-r-- 1 travis travis 10667 Sep 23 02:19 ModularCG_A2_B1.java
-rw-rw-r-- 1 travis travis   832 Sep 23 02:19 ModularCG_A2_B1.mk
-rw-rw-r-- 1 travis travis  1381 Sep 23 02:19 ModularCG_A2_B1_profile.class
-rw-rw-r-- 1 travis travis  1446 Sep 23 02:19 ModularCG_A2_B1_profile.java
-rw-rw-r-- 1 travis travis  3693 Sep 23 02:19 ModularCG_A2_B2.class
-rw-rw-r-- 1 travis travis  9730 Sep 23 02:19 ModularCG_A2_B2.java
In "/home/travis/cg", about to execute:
    javac -classpath
.:/home/travis/build/icyphy/ptII:/home/travis/build/icyphy/ptII/lib/bsh-2.0b4.j
ar:/home/travis/build/icyphy/ptII/lib/ptCal.jar:/home/travis/build/icyphy/ptII/
lib/java_cup.jar:/home/travis/build/icyphy/ptII/lib/saxon8.jar:/home/travis/bui
ld/icyphy/ptII/lib/saxon8-dom.jar:/home/travis/build/icyphy/ptII/lib/chic.jar:/
home/travis/build/icyphy/ptII/lib/ptcolt.jar:/usr/lib/jvm/java-8-oracle/lib/too
ls.jar:/usr/lib/eclipse/plugins/org.eclipse.jdt.core_3.8.2.dist.jar:/usr/lib/ec
lipse/plugins/org.eclipse.core.runtime_3.8.0.dist.jar:/usr/lib/eclipse/plugins/
org.eclipse.osgi_3.8.1.dist.jar:/usr/lib/eclipse/plugins/org.eclipse.core.resou
rces_3.8.1.dist.jar:/usr/lib/eclipse/plugins/org.eclipse.equinox.common_3.6.100
.dist.jar:/usr/lib/eclipse/plugins/org.eclipse.core.jobs_3.5.200.dist.jar:/usr/
lib/eclipse/plugins/org.eclipse.core.contenttype_3.4.200.dist.jar:/usr/lib/ecli
pse/plugins/org.eclipse.equinox.preferences_3.5.0.dist.jar:/usr/lib/eclipse/plu
gins/org.eclipse.text_3.5.200.dist.jar:/usr/lib/eclipse/plugins/org.eclipse.ui.
workbench_3.8.1.dist.jar:/usr/lib/eclipse/plugins/org.eclipse.jface_3.8.0.dist.
jar:/usr/lib/eclipse/plugins/org.eclipse.swt_3.8.2.jar:/usr/lib/eclipse/plugins
/org.eclipse.jface.text_3.8.1.dist.jar:/usr/lib/eclipse/plugins/org.eclipse.ui.
workbench.texteditor_3.8.0.dist.jar:/usr/lib/eclipse/plugins/org.eclipse.ui.edi
tors_3.8.0.dist.jar:/usr/lib/eclipse/plugins/org.eclipse.core.commands_3.6.1.di
st.jar:/usr/lib/eclipse/plugins/org.eclipse.equinox.registry_3.5.200.dist.jar:/
usr/lib/eclipse/plugins/org.eclipse.ui.console_3.5.100.dist.jar:/usr/lib/eclips
e/plugins/org.eclipse.ui.forms_3.5.200.dist.jar:/usr/lib/eclipse/plugins/org.ec
lipse.ui.ide_3.8.1.dist.jar:/home/travis/build/icyphy/ptII/vendors/oracle/dbxml
.jar:/home/travis/build/icyphy/ptII/vendors/oracle/db.jar:/home/travis/build/ic
yphy/ptII/vendors/misc/itext/iText.jar:/home/travis/build/icyphy/ptII/lib/g4ltl
.jar:/home/travis/build/icyphy/ptII/lib/StructuralCoder.jar:/home/travis/build/
icyphy/ptII/lib/org-openide-util.jar:/home/travis/build/icyphy/ptII/lib/org-ope
nide-util-lookup.jar:/home/travis/build/icyphy/ptII/lib/org-netbeans-api-visual
.jar:/home/travis/build/icyphy/ptII/vendors/jai-1_1_2_01/lib/jai_core.jar:/home
/travis/build/icyphy/ptII/vendors/jai-1_1_2_01/lib/jai_codec.jar:/home/travis/b
uild/icyphy/ptII/lib/jcerti.jar:/home/travis/build/icyphy/ptII/lib/smack.jar:/h
ome/travis/build/icyphy/ptII/lib/smackx.jar:/home/travis/build/icyphy/ptII/lib/
jetty-all-8.1.5-v20120716.jar:/home/travis/build/icyphy/ptII/lib/javax.servlet-
api-3.0.1.jar:/home/travis/build/icyphy/ptII/lib/javax.mail.jar:/home/travis/bu
ild/icyphy/ptII/vendors/JMF-2.1.1e/lib/jmf.jar:/home/travis/build/icyphy/ptII/l
ib/jna-4.0.0-variadic.jar:/home/travis/build/icyphy/ptII/vendors/misc/joystick/
Joystick.jar:/home/travis/build/icyphy/ptII/lib/ptjacl.jar:/home/travis/build/i
cyphy/ptII/lib/jsoup-1.8.2.jar:/home/travis/build/icyphy/ptII/lib/junit-4.8.2.j
ar:/home/travis/build/icyphy/ptII/lib/JUnitParams-0.4.0.jar:/home/travis/build/
icyphy/ptII/ptolemy/actor/lib/excel/jxl.jar:/home/travis/build/icyphy/ptII/lib/
jython.jar:/home/travis/build/icyphy/ptII/lib/kieler.jar:/home/travis/build/icy
phy/ptII/vendors/opencv/share/OpenCV/java/opencv-341.jar:/home/travis/build/icy
phy/ptII/lib/oscP5.jar:/home/travis/build/icyphy/ptII/lib/nrjavaserial-3.11.0.d
evel.jar:/home/travis/build/icyphy/ptII/vendors/j3d/lib/j3dcore.jar:/home/travi
s/build/icyphy/ptII/vendors/j3d/lib/j3dutils.jar:/home/travis/build/icyphy/ptII
/vendors/j3d/lib/vecmath.jar:/home/travis/build/icyphy/ptII/ptolemy/distributed
/jini/jar/jini-core.jar:/home/travis/build/icyphy/ptII/ptolemy/distributed/jini
/jar/jini-ext.jar:/home/travis/build/icyphy/ptII/ptolemy/distributed/jini/jar/s
un-util.jar:/home/travis/build/icyphy/ptII/lib/protobuf-java-2.4.1.jar:/home/tr
avis/build/icyphy/ptII/lib/org.eclipse.paho.client.mqttv3.jar:/home/travis/buil
d/icyphy/ptII/ptserver/lib/hessian-4.0.7.jar:/home/travis/build/icyphy/ptII/pts
erver/lib/wmqtt.jar:/home/travis/build/icyphy/ptII/lib/mapss.jar:/home/travis/b
uild/icyphy/ptII/ptolemy/actor/ptalon/antlr/antlr.jar:/home/travis/build/icyphy
/ptII/lib/JRI.jar:/home/travis/build/icyphy/ptII/lib/commons-lang-2.6.jar:/home
/travis/build/icyphy/ptII/lib/commons-logging-1.1.1.jar:/home/travis/build/icyp
hy/ptII/lib/sootclasses.jar:/home/travis/build/icyphy/ptII/ptolemy/actor/lib/da
tabase/mysql-connector-java-5.1.6-bin.jar:/home/travis/build/icyphy/ptII/vendor
s/misc/sphinx4/sphinx4-data-5prealpha.jar:/home/travis/build/icyphy/ptII/vendor
s/misc/sphinx4/sphinx4-core-5prealpha.jar:/home/travis/build/icyphy/ptII/lib/PD
FRenderer.jar:/home/travis/build/icyphy/ptII/lib/svgSalamander.jar:/home/travis
/build/icyphy/ptII/lib/rsyntaxtextarea-2.6.0-SNAPSHOT.jar:/home/travis/build/ic
yphy/ptII/lib/hazelcast-3.8.2.jar:/home/travis/build/icyphy/ptII/lib/jackson-an
notations-2.9.0.jar:/home/travis/build/icyphy/ptII/lib/jackson-core-2.9.3.jar:/
home/travis/build/icyphy/ptII/lib/jackson-databind-2.9.3.jar:/home/travis/build
/icyphy/ptII/lib/netty-buffer-4.1.19.Final.jar:/home/travis/build/icyphy/ptII/l
ib/netty-codec-4.1.19.Final.jar:/home/travis/build/icyphy/ptII/lib/netty-codec-
dns-4.1.19.Final.jar:/home/travis/build/icyphy/ptII/lib/netty-codec-http-4.1.19
.Final.jar:/home/travis/build/icyphy/ptII/lib/netty-codec-http2-4.1.19.Final.ja
r:/home/travis/build/icyphy/ptII/lib/netty-common-4.1.19.Final.jar:/home/travis
/build/icyphy/ptII/lib/netty-handler-4.1.19.Final.jar:/home/travis/build/icyphy
/ptII/lib/netty-resolver-4.1.19.Final.jar:/home/travis/build/icyphy/ptII/lib/ne
tty-resolver-dns-4.1.19.Final.jar:/home/travis/build/icyphy/ptII/lib/netty-tran
sport-4.1.19.Final.jar:/home/travis/build/icyphy/ptII/lib/vertx-codegen-3.5.1.j
ar:/home/travis/build/icyphy/ptII/lib/vertx-core-3.5.2-SNAPSHOT.jar:/home/travi
s/build/icyphy/ptII/lib/vertx-hazelcast-3.5.1.jar:/home/travis/build/icyphy/ptI
I/lib/vertx-lang-js-3.5.1.jar:/home/travis/build/icyphy/ptII/lib/vertx-service-
proxy-3.5.1.jar:/home/travis/build/icyphy/ptII/lib/vertx-web-3.5.1.jar:/home/tr
avis/build/icyphy/ptII/lib/slf4j-api-1.7.13.jar:/home/travis/build/icyphy/ptII/
lib/slf4j-simple-1.7.13.jar:/home/travis/build/icyphy/ptII/lib/webcam-capture-0
.3.12.jar:/home/travis/build/icyphy/ptII/lib/bridj-0.7.0.jar:/home/travis/build
/icyphy/ptII/lib/xbjlib-1.1.0.nrjavaserial.jar:/home/travis/build/icyphy/ptII/p
tolemy/moml/test:/home/travis/build/icyphy/ptII/ant/lib/ant-launcher.jar:/home/
travis/build/icyphy/ptII/ant/lib/ant.jar:/home/travis/build/icyphy/ptII/ant/lib
/ant-junit.jar:/home/travis/build/icyphy/ptII/ant/lib/ant-junit4.jar:/home/trav
is/build/icyphy/ptII ModularCodeGenPubSub_A1_profile.java
-rw-rw-r-- 1 travis travis   832 Sep 23 02:19 ModularCG_A2_B2.mk
-rw-rw-r-- 1 travis travis  1318 Sep 23 02:19 ModularCG_A2_B2_profile.class
-rw-rw-r-- 1 travis travis  1262 Sep 23 02:19 ModularCG_A2_B2_profile.java
-rw-rw-r-- 1 travis travis  4870 Sep 23 02:19 ModularCG_A2.class
-rw-rw-r-- 1 travis travis 15129 Sep 23 02:19 ModularCG_A2.java
-rw-rw-r-- 1 travis travis   808 Sep 23 02:19 ModularCG_A2.mk
-rw-rw-r-- 1 travis travis  1433 Sep 23 02:19 ModularCG_A2_profile.class
-rw-rw-r-- 1 travis travis  1704 Sep 23 02:19 ModularCG_A2_profile.java
-rw-rw-r-- 1 travis travis  3473 Sep 23 02:19 ModularCGPubSub_A1_A2.class
-rw-rw-r-- 1 travis travis  9076 Sep 23 02:19 ModularCGPubSub_A1_A2.java
-rw-rw-r-- 1 travis travis   880 Sep 23 02:19 ModularCGPubSub_A1_A2.mk
-rw-rw-r-- 1 travis travis  1300 Sep 23 02:19 ModularCGPubSub_A1_A2_profile.class
-rw-rw-r-- 1 travis travis  1222 Sep 23 02:19 ModularCGPubSub_A1_A2_profile.java
-rw-rw-r-- 1 travis travis  3790 Sep 23 02:19 ModularCGPubSub_A1.class
-rw-rw-r-- 1 travis travis  9836 Sep 23 02:19 ModularCGPubSub_A1.java
-rw-rw-r-- 1 travis travis   856 Sep 23 02:19 ModularCGPubSub_A1.mk
-rw-rw-r-- 1 travis travis  1346 Sep 23 02:19 ModularCGPubSub_A1_profile.class
-rw-rw-r-- 1 travis travis  1388 Sep 23 02:19 ModularCGPubSub_A1_profile.java
-rw-rw-r-- 1 travis travis  3988 Sep 23 02:19 ModularCodeGen2_ModularCodeGenTypedCompositeActor.class
-rw-rw-r-- 1 travis travis 11690 Sep 23 02:19 ModularCodeGen2_ModularCodeGenTypedCompositeActor.java
-rw-rw-r-- 1 travis travis  1104 Sep 23 02:19 ModularCodeGen2_ModularCodeGenTypedCompositeActor.mk
-rw-rw-r-- 1 travis travis  4272 Sep 23 02:19 ModularCodeGen2_ModularCodeGenTypedCompositeActor_ModularCodeGenTypedCompositeActor.class
-rw-rw-r-- 1 travis travis 11790 Sep 23 02:19 ModularCodeGen2_ModularCodeGenTypedCompositeActor_ModularCodeGenTypedCompositeActor.java
-rw-rw-r-- 1 travis travis  1376 Sep 23 02:19 ModularCodeGen2_ModularCodeGenTypedCompositeActor_ModularCodeGenTypedCompositeActor.mk
-rw-rw-r-- 1 travis travis  1421 Sep 23 02:19 ModularCodeGen2_ModularCodeGenTypedCompositeActor_ModularCodeGenTypedCompositeActor_profile.class
-rw-rw-r-- 1 travis travis  1294 Sep 23 02:19 ModularCodeGen2_ModularCodeGenTypedCompositeActor_ModularCodeGenTypedCompositeActor_profile.java
-rw-rw-r-- 1 travis travis   820 Sep 23 02:19 ModularCodeGen2_ModularCodeGenTypedCompositeActor_profile.class
-rw-rw-r-- 1 travis travis   693 Sep 23 02:19 ModularCodeGen2_ModularCodeGenTypedCompositeActor_profile.java
-rw-rw-r-- 1 travis travis  3741 Sep 23 02:19 ModularCodeGen3_A1_B1.class
-rw-rw-r-- 1 travis travis  9958 Sep 23 02:19 ModularCodeGen3_A1_B1.java
-rw-rw-r-- 1 travis travis   880 Sep 23 02:19 ModularCodeGen3_A1_B1.mk
-rw-rw-r-- 1 travis travis  1330 Sep 23 02:19 ModularCodeGen3_A1_B1_profile.class
-rw-rw-r-- 1 travis travis  1274 Sep 23 02:19 ModularCodeGen3_A1_B1_profile.java
-rw-rw-r-- 1 travis travis  3741 Sep 23 02:19 ModularCodeGen3_A1_B2.class
-rw-rw-r-- 1 travis travis  9958 Sep 23 02:19 ModularCodeGen3_A1_B2.java
-rw-rw-r-- 1 travis travis   880 Sep 23 02:19 ModularCodeGen3_A1_B2.mk
-rw-rw-r-- 1 travis travis  1330 Sep 23 02:19 ModularCodeGen3_A1_B2_profile.class
-rw-rw-r-- 1 travis travis  1274 Sep 23 02:19 ModularCodeGen3_A1_B2_profile.java
-rw-rw-r-- 1 travis travis  4961 Sep 23 02:19 ModularCodeGen3_A1.class
-rw-rw-r-- 1 travis travis 15564 Sep 23 02:19 ModularCodeGen3_A1.java
-rw-rw-r-- 1 travis travis   856 Sep 23 02:19 ModularCodeGen3_A1.mk
-rw-rw-r-- 1 travis travis  1445 Sep 23 02:19 ModularCodeGen3_A1_profile.class
-rw-rw-r-- 1 travis travis  1716 Sep 23 02:19 ModularCodeGen3_A1_profile.java
-rw-rw-r-- 1 travis travis  3887 Sep 23 02:19 ModularCodeGen3_A2_B1.class
-rw-rw-r-- 1 travis travis 10955 Sep 23 02:19 ModularCodeGen3_A2_B1.java
-rw-rw-r-- 1 travis travis   880 Sep 23 02:19 ModularCodeGen3_A2_B1.mk
-rw-rw-r-- 1 travis travis  1393 Sep 23 02:19 ModularCodeGen3_A2_B1_profile.class
-rw-rw-r-- 1 travis travis  1458 Sep 23 02:19 ModularCodeGen3_A2_B1_profile.java
-rw-rw-r-- 1 travis travis  3741 Sep 23 02:19 ModularCodeGen3_A2_B2.class
-rw-rw-r-- 1 travis travis  9958 Sep 23 02:19 ModularCodeGen3_A2_B2.java
-rw-rw-r-- 1 travis travis   880 Sep 23 02:19 ModularCodeGen3_A2_B2.mk
-rw-rw-r-- 1 travis travis  1330 Sep 23 02:19 ModularCodeGen3_A2_B2_profile.class
-rw-rw-r-- 1 travis travis  1274 Sep 23 02:19 ModularCodeGen3_A2_B2_profile.java
-rw-rw-r-- 1 travis travis  5038 Sep 23 02:19 ModularCodeGen3_A2.class
-rw-rw-r-- 1 travis travis 15957 Sep 23 02:19 ModularCodeGen3_A2.java
-rw-rw-r-- 1 travis travis   856 Sep 23 02:19 ModularCodeGen3_A2.mk
-rw-rw-r-- 1 travis travis  1445 Sep 23 02:19 ModularCodeGen3_A2_profile.class
-rw-rw-r-- 1 travis travis  1716 Sep 23 02:19 ModularCodeGen3_A2_profile.java
-rw-rw-r-- 1 travis travis  3794 Sep 23 02:19 ModularCodeGen4_A1_B1.class
-rw-rw-r-- 1 travis travis 10312 Sep 23 02:19 ModularCodeGen4_A1_B1.java
-rw-rw-r-- 1 travis travis   880 Sep 23 02:19 ModularCodeGen4_A1_B1.mk
-rw-rw-r-- 1 travis travis  1330 Sep 23 02:19 ModularCodeGen4_A1_B1_profile.class
-rw-rw-r-- 1 travis travis  1273 Sep 23 02:19 ModularCodeGen4_A1_B1_profile.java
-rw-rw-r-- 1 travis travis  3794 Sep 23 02:19 ModularCodeGen4_A1_B2.class
-rw-rw-r-- 1 travis travis 10312 Sep 23 02:19 ModularCodeGen4_A1_B2.java
-rw-rw-r-- 1 travis travis   880 Sep 23 02:19 ModularCodeGen4_A1_B2.mk
-rw-rw-r-- 1 travis travis  1330 Sep 23 02:19 ModularCodeGen4_A1_B2_profile.class
-rw-rw-r-- 1 travis travis  1273 Sep 23 02:19 ModularCodeGen4_A1_B2_profile.java
-rw-rw-r-- 1 travis travis  5101 Sep 23 02:19 ModularCodeGen4_A1.class
-rw-rw-r-- 1 travis travis 16245 Sep 23 02:19 ModularCodeGen4_A1.java
-rw-rw-r-- 1 travis travis   856 Sep 23 02:19 ModularCodeGen4_A1.mk
-rw-rw-r-- 1 travis travis  1445 Sep 23 02:19 ModularCodeGen4_A1_profile.class
-rw-rw-r-- 1 travis travis  1712 Sep 23 02:19 ModularCodeGen4_A1_profile.java
-rw-rw-r-- 1 travis travis  3988 Sep 23 02:20 ModularCodeGen4_A2_B1.class
-rw-rw-r-- 1 travis travis 11375 Sep 23 02:20 ModularCodeGen4_A2_B1.java
-rw-rw-r-- 1 travis travis   880 Sep 23 02:20 ModularCodeGen4_A2_B1.mk
-rw-rw-r-- 1 travis travis  1393 Sep 23 02:20 ModularCodeGen4_A2_B1_profile.class
-rw-rw-r-- 1 travis travis  1454 Sep 23 02:19 ModularCodeGen4_A2_B1_profile.java
-rw-rw-r-- 1 travis travis  3842 Sep 23 02:20 ModularCodeGen4_A2_B2.class
-rw-rw-r-- 1 travis travis 10378 Sep 23 02:20 ModularCodeGen4_A2_B2.java
-rw-rw-r-- 1 travis travis   880 Sep 23 02:20 ModularCodeGen4_A2_B2.mk
-rw-rw-r-- 1 travis travis  1330 Sep 23 02:20 ModularCodeGen4_A2_B2_profile.class
-rw-rw-r-- 1 travis travis  1270 Sep 23 02:20 ModularCodeGen4_A2_B2_profile.java
-rw-rw-r-- 1 travis travis  5274 Sep 23 02:20 ModularCodeGen4_A2.class
-rw-rw-r-- 1 travis travis 16770 Sep 23 02:20 ModularCodeGen4_A2.java
-rw-rw-r-- 1 travis travis   856 Sep 23 02:20 ModularCodeGen4_A2.mk
-rw-rw-r-- 1 travis travis  1445 Sep 23 02:20 ModularCodeGen4_A2_profile.class
-rw-rw-r-- 1 travis travis  1712 Sep 23 02:20 ModularCodeGen4_A2_profile.java
-rw-rw-r-- 1 travis travis  6838 Sep 23 02:20 ModularCodeGen5_A_A.class
-rw-rw-r-- 1 travis travis 28721 Sep 23 02:20 ModularCodeGen5_A_A.java
-rw-rw-r-- 1 travis travis   864 Sep 23 02:20 ModularCodeGen5_A_A.mk
-rw-rw-r-- 1 travis travis  1520 Sep 23 02:20 ModularCodeGen5_A_A_profile.class
-rw-rw-r-- 1 travis travis  1815 Sep 23 02:20 ModularCodeGen5_A_A_profile.java
-rw-rw-r-- 1 travis travis  5115 Sep 23 02:20 ModularCodeGen5_A.class
-rw-rw-r-- 1 travis travis 13769 Sep 23 02:20 ModularCodeGen5_A.java
-rw-rw-r-- 1 travis travis   848 Sep 23 02:20 ModularCodeGen5_A.mk
-rw-rw-r-- 1 travis travis  1422 Sep 23 02:20 ModularCodeGen5_A_profile.class
-rw-rw-r-- 1 travis travis  1605 Sep 23 02:20 ModularCodeGen5_A_profile.java
-rw-rw-r-- 1 travis travis  4125 Sep 23 02:20 ModularCodeGen6_A_A2.class
-rw-rw-r-- 1 travis travis 11329 Sep 23 02:20 ModularCodeGen6_A_A2.java
-rw-rw-r-- 1 travis travis   872 Sep 23 02:20 ModularCodeGen6_A_A2.mk
-rw-rw-r-- 1 travis travis  1351 Sep 23 02:20 ModularCodeGen6_A_A2_profile.class
-rw-rw-r-- 1 travis travis  1364 Sep 23 02:20 ModularCodeGen6_A_A2_profile.java
-rw-rw-r-- 1 travis travis  4108 Sep 23 02:20 ModularCodeGen6_A_A.class
-rw-rw-r-- 1 travis travis 11221 Sep 23 02:20 ModularCodeGen6_A_A.java
-rw-rw-r-- 1 travis travis   864 Sep 23 02:20 ModularCodeGen6_A_A.mk
-rw-rw-r-- 1 travis travis  1348 Sep 23 02:20 ModularCodeGen6_A_A_profile.class
-rw-rw-r-- 1 travis travis  1361 Sep 23 02:20 ModularCodeGen6_A_A_profile.java
-rw-rw-r-- 1 travis travis  7237 Sep 23 02:20 ModularCodeGen6_A.class
-rw-rw-r-- 1 travis travis 26535 Sep 23 02:20 ModularCodeGen6_A.java
-rw-rw-r-- 1 travis travis   848 Sep 23 02:20 ModularCodeGen6_A.mk
-rw-rw-r-- 1 travis travis  1483 Sep 23 02:20 ModularCodeGen6_A_profile.class
-rw-rw-r-- 1 travis travis  1810 Sep 23 02:20 ModularCodeGen6_A_profile.java
-rw-rw-r-- 1 travis travis  9439 Sep 23 02:20 ModularCodeGenLazyPubSubGlobal_CompositeActor_ModularCodeGenTypedComposite.class
-rw-rw-r-- 1 travis travis 30161 Sep 23 02:20 ModularCodeGenLazyPubSubGlobal_CompositeActor_ModularCodeGenTypedComposite.java
-rw-rw-r-- 1 travis travis  1304 Sep 23 02:20 ModularCodeGenLazyPubSubGlobal_CompositeActor_ModularCodeGenTypedComposite.mk
-rw-rw-r-- 1 travis travis  1438 Sep 23 02:20 ModularCodeGenLazyPubSubGlobal_CompositeActor_ModularCodeGenTypedComposite_profile.class
-rw-rw-r-- 1 travis travis  1384 Sep 23 02:20 ModularCodeGenLazyPubSubGlobal_CompositeActor_ModularCodeGenTypedComposite_profile.java
-rw-rw-r-- 1 travis travis  3952 Sep 23 02:20 ModularCodeGenLazyPubSub_LazyCompositeActor.class
-rw-rw-r-- 1 travis travis 11122 Sep 23 02:20 ModularCodeGenLazyPubSub_LazyCompositeActor.java
-rw-rw-r-- 1 travis travis  1056 Sep 23 02:20 ModularCodeGenLazyPubSub_LazyCompositeActor.mk
-rw-rw-r-- 1 travis travis  1286 Sep 23 02:20 ModularCodeGenLazyPubSub_LazyCompositeActor_profile.class
-rw-rw-r-- 1 travis travis  1091 Sep 23 02:20 ModularCodeGenLazyPubSub_LazyCompositeActor_profile.java
-rw-rw-r-- 1 travis travis  3954 Sep 23 02:19 ModularCodeGen_ModularCodeGenTypedCompositeActor.class
-rw-rw-r-- 1 travis travis 10970 Sep 23 02:19 ModularCodeGen_ModularCodeGenTypedCompositeActor.java
-rw-rw-r-- 1 travis travis  1096 Sep 23 02:19 ModularCodeGen_ModularCodeGenTypedCompositeActor.mk
-rw-rw-r-- 1 travis travis  1384 Sep 23 02:19 ModularCodeGen_ModularCodeGenTypedCompositeActor_profile.class
-rw-rw-r-- 1 travis travis  1328 Sep 23 02:19 ModularCodeGen_ModularCodeGenTypedCompositeActor_profile.java
-rw-rw-r-- 1 travis travis  1195 Sep 23 02:20 ModularCodeGenPubSub_A1_profile.java
-rw-rw-r-- 1 travis travis  3492 Sep 23 02:19 ModularCodeGenTest_A1_A2.class
-rw-rw-r-- 1 travis travis  9164 Sep 23 02:18 ModularCodeGenTest_A1_A2.java
-rw-rw-r-- 1 travis travis   904 Sep 23 02:18 ModularCodeGenTest_A1_A2.mk
-rw-rw-r-- 1 travis travis  1306 Sep 23 02:18 ModularCodeGenTest_A1_A2_profile.class
-rw-rw-r-- 1 travis travis  1228 Sep 23 02:18 ModularCodeGenTest_A1_A2_profile.java
-rw-rw-r-- 1 travis travis  3823 Sep 23 02:19 ModularCodeGenTest_A1.class
-rw-rw-r-- 1 travis travis  9968 Sep 23 02:19 ModularCodeGenTest_A1.java
-rw-rw-r-- 1 travis travis   880 Sep 23 02:19 ModularCodeGenTest_A1.mk
-rw-rw-r-- 1 travis travis  1352 Sep 23 02:19 ModularCodeGenTest_A1_profile.class
-rw-rw-r-- 1 travis travis  1394 Sep 23 02:19 ModularCodeGenTest_A1_profile.java
-rw-rw-r-- 1 travis travis   432 Sep 23 02:20 Token.class
-rw-rw-r-- 1 travis travis   251 Sep 23 02:20 Token.java
warning: Supported source version 'RELEASE_6' from annotation processor 'org.netbeans.modules.openide.util.NbBundleProcessor' less than -source '1.8'
warning: Supported source version 'RELEASE_6' from annotation processor 'org.netbeans.modules.openide.util.URLStreamHandlerRegistrationProcessor' less than -source '1.8'
warning: Supported source version 'RELEASE_6' from annotation processor 'org.netbeans.modules.openide.util.ServiceProviderProcessor' less than -source '1.8'
3 warnings
All Done
Writing ModularCodeGenPubSub_A1.java in file:/home/travis/cg/ (9060 characters)
Reading "ptolemy/cg/kernel/generic/program/procedural/java/modular/makefile.in",
    writing "/home/travis/cg/ModularCodeGenPubSub_A1.mk"
Using ptolemy/cg/kernel/generic/program/procedural/java/modular/makefile.in
In "/home/travis/cg", about to execute:
    make -f ModularCodeGenPubSub_A1.mk
javac -classpath ".:.."    ModularCodeGenPubSub_A1.java
All Done
2217 ms. Memory: 235520K Free: 113287K (48%)
----------------- Invoking toplevel() on ptolemy.moml.MoMLSimpleApplication@6014f453
----------------- Done invoking toplevel() on ptolemy.moml.MoMLSimpleApplication@6014f453
reloadAllAccessors: .ModularCodeGenPubSub

===========================================================================================
----------------- testing Sun Sep 23 02:20:25 UTC 2018 /home/travis/build/icyphy/ptII/ptolemy/cg/lib/test/auto/ModularCodeGenPubSub2.xml
----------------- Instantiating /home/travis/build/icyphy/ptII/ptolemy/cg/lib/test/auto/ModularCodeGenPubSub2.xml
In "/home/travis/cg", about to execute:
    pwd
In "/home/travis/cg", about to execute:
    ls -l
/home/travis/cg
In "/home/travis/cg", about to execute:
    javac -classpath
.:/home/travis/build/icyphy/ptII:/home/travis/build/icyphy/ptII/lib/bsh-2.0b4.j
ar:/home/travis/build/icyphy/ptII/lib/ptCal.jar:/home/travis/build/icyphy/ptII/
lib/java_cup.jar:/home/travis/build/icyphy/ptII/lib/saxon8.jar:/home/travis/bui
ld/icyphy/ptII/lib/saxon8-dom.jar:/home/travis/build/icyphy/ptII/lib/chic.jar:/
home/travis/build/icyphy/ptII/lib/ptcolt.jar:/usr/lib/jvm/java-8-oracle/lib/too
ls.jar:/usr/lib/eclipse/plugins/org.eclipse.jdt.core_3.8.2.dist.jar:/usr/lib/ec
lipse/plugins/org.eclipse.core.runtime_3.8.0.dist.jar:/usr/lib/eclipse/plugins/
org.eclipse.osgi_3.8.1.dist.jar:/usr/lib/eclipse/plugins/org.eclipse.core.resou
rces_3.8.1.dist.jar:/usr/lib/eclipse/plugins/org.eclipse.equinox.common_3.6.100
.dist.jar:/usr/lib/eclipse/plugins/org.eclipse.core.jobs_3.5.200.dist.jar:/usr/
lib/eclipse/plugins/org.eclipse.core.contenttype_3.4.200.dist.jar:/usr/lib/ecli
pse/plugins/org.eclipse.equinox.preferences_3.5.0.dist.jar:/usr/lib/eclipse/plu
gins/org.eclipse.text_3.5.200.dist.jar:/usr/lib/eclipse/plugins/org.eclipse.ui.
workbench_3.8.1.dist.jar:/usr/lib/eclipse/plugins/org.eclipse.jface_3.8.0.dist.
jar:/usr/lib/eclipse/plugins/org.eclipse.swt_3.8.2.jar:/usr/lib/eclipse/plugins
/org.eclipse.jface.text_3.8.1.dist.jar:/usr/lib/eclipse/plugins/org.eclipse.ui.
workbench.texteditor_3.8.0.dist.jar:/usr/lib/eclipse/plugins/org.eclipse.ui.edi
tors_3.8.0.dist.jar:/usr/lib/eclipse/plugins/org.eclipse.core.commands_3.6.1.di
st.jar:/usr/lib/eclipse/plugins/org.eclipse.equinox.registry_3.5.200.dist.jar:/
usr/lib/eclipse/plugins/org.eclipse.ui.console_3.5.100.dist.jar:/usr/lib/eclips
e/plugins/org.eclipse.ui.forms_3.5.200.dist.jar:/usr/lib/eclipse/plugins/org.ec
lipse.ui.ide_3.8.1.dist.jar:/home/travis/build/icyphy/ptII/vendors/oracle/dbxml
.jar:/home/travis/build/icyphy/ptII/vendors/oracle/db.jar:/home/travis/build/ic
yphy/ptII/vendors/misc/itext/iText.jar:/home/travis/build/icyphy/ptII/lib/g4ltl
.jar:/home/travis/build/icyphy/ptII/lib/StructuralCoder.jar:/home/travis/build/
icyphy/ptII/lib/org-openide-util.jar:/home/travis/build/icyphy/ptII/lib/org-ope
nide-util-lookup.jar:/home/travis/build/icyphy/ptII/lib/org-netbeans-api-visual
.jar:/home/travis/build/icyphy/ptII/vendors/jai-1_1_2_01/lib/jai_core.jar:/home
/travis/build/icyphy/ptII/vendors/jai-1_1_2_01/lib/jai_codec.jar:/home/travis/b
uild/icyphy/ptII/lib/jcerti.jar:/home/travis/build/icyphy/ptII/lib/smack.jar:/h
ome/travis/build/icyphy/ptII/lib/smackx.jar:/home/travis/build/icyphy/ptII/lib/
jetty-all-8.1.5-v20120716.jar:/home/travis/build/icyphy/ptII/lib/javax.servlet-
api-3.0.1.jar:/home/travis/build/icyphy/ptII/lib/javax.mail.jar:/home/travis/bu
ild/icyphy/ptII/vendors/JMF-2.1.1e/lib/jmf.jar:/home/travis/build/icyphy/ptII/l
ib/jna-4.0.0-variadic.jar:/home/travis/build/icyphy/ptII/vendors/misc/joystick/
Joystick.jar:/home/travis/build/icyphy/ptII/lib/ptjacl.jar:/home/travis/build/i
cyphy/ptII/lib/jsoup-1.8.2.jar:/home/travis/build/icyphy/ptII/lib/junit-4.8.2.j
ar:/home/travis/build/icyphy/ptII/lib/JUnitParams-0.4.0.jar:/home/travis/build/
icyphy/ptII/ptolemy/actor/lib/excel/jxl.jar:/home/travis/build/icyphy/ptII/lib/
jython.jar:/home/travis/build/icyphy/ptII/lib/kieler.jar:/home/travis/build/icy
phy/ptII/vendors/opencv/share/OpenCV/java/opencv-341.jar:/home/travis/build/icy
phy/ptII/lib/oscP5.jar:/home/travis/build/icyphy/ptII/lib/nrjavaserial-3.11.0.d
evel.jar:/home/travis/build/icyphy/ptII/vendors/j3d/lib/j3dcore.jar:/home/travi
s/build/icyphy/ptII/vendors/j3d/lib/j3dutils.jar:/home/travis/build/icyphy/ptII
/vendors/j3d/lib/vecmath.jar:/home/travis/build/icyphy/ptII/ptolemy/distributed
/jini/jar/jini-core.jar:/home/travis/build/icyphy/ptII/ptolemy/distributed/jini
/jar/jini-ext.jar:/home/travis/build/icyphy/ptII/ptolemy/distributed/jini/jar/s
un-util.jar:/home/travis/build/icyphy/ptII/lib/protobuf-java-2.4.1.jar:/home/tr
avis/build/icyphy/ptII/lib/org.eclipse.paho.client.mqttv3.jar:/home/travis/buil
d/icyphy/ptII/ptserver/lib/hessian-4.0.7.jar:/home/travis/build/icyphy/ptII/pts
erver/lib/wmqtt.jar:/home/travis/build/icyphy/ptII/lib/mapss.jar:/home/travis/b
uild/icyphy/ptII/ptolemy/actor/ptalon/antlr/antlr.jar:/home/travis/build/icyphy
/ptII/lib/JRI.jar:/home/travis/build/icyphy/ptII/lib/commons-lang-2.6.jar:/home
/travis/build/icyphy/ptII/lib/commons-logging-1.1.1.jar:/home/travis/build/icyp
hy/ptII/lib/sootclasses.jar:/home/travis/build/icyphy/ptII/ptolemy/actor/lib/da
tabase/mysql-connector-java-5.1.6-bin.jar:/home/travis/build/icyphy/ptII/vendor
s/misc/sphinx4/sphinx4-data-5prealpha.jar:/home/travis/build/icyphy/ptII/vendor
s/misc/sphinx4/sphinx4-core-5prealpha.jar:/home/travis/build/icyphy/ptII/lib/PD
FRenderer.jar:/home/travis/build/icyphy/ptII/lib/svgSalamander.jar:/home/travis
/build/icyphy/ptII/lib/rsyntaxtextarea-2.6.0-SNAPSHOT.jar:/home/travis/build/ic
yphy/ptII/lib/hazelcast-3.8.2.jar:/home/travis/build/icyphy/ptII/lib/jackson-an
notations-2.9.0.jar:/home/travis/build/icyphy/ptII/lib/jackson-core-2.9.3.jar:/
home/travis/build/icyphy/ptII/lib/jackson-databind-2.9.3.jar:/home/travis/build
/icyphy/ptII/lib/netty-buffer-4.1.19.Final.jar:/home/travis/build/icyphy/ptII/l
ib/netty-codec-4.1.19.Final.jar:/home/travis/build/icyphy/ptII/lib/netty-codec-
dns-4.1.19.Final.jar:/home/travis/build/icyphy/ptII/lib/netty-codec-http-4.1.19
.Final.jar:/home/travis/build/icyphy/ptII/lib/netty-codec-http2-4.1.19.Final.ja
r:/home/travis/build/icyphy/ptII/lib/netty-common-4.1.19.Final.jar:/home/travis
/build/icyphy/ptII/lib/netty-handler-4.1.19.Final.jar:/home/travis/build/icyphy
/ptII/lib/netty-resolver-4.1.19.Final.jar:/home/travis/build/icyphy/ptII/lib/ne
tty-resolver-dns-4.1.19.Final.jar:/home/travis/build/icyphy/ptII/lib/netty-tran
sport-4.1.19.Final.jar:/home/travis/build/icyphy/ptII/lib/vertx-codegen-3.5.1.j
ar:/home/travis/build/icyphy/ptII/lib/vertx-core-3.5.2-SNAPSHOT.jar:/home/travi
s/build/icyphy/ptII/lib/vertx-hazelcast-3.5.1.jar:/home/travis/build/icyphy/ptI
I/lib/vertx-lang-js-3.5.1.jar:/home/travis/build/icyphy/ptII/lib/vertx-service-
proxy-3.5.1.jar:/home/travis/build/icyphy/ptII/lib/vertx-web-3.5.1.jar:/home/tr
avis/build/icyphy/ptII/lib/slf4j-api-1.7.13.jar:/home/travis/build/icyphy/ptII/
lib/slf4j-simple-1.7.13.jar:/home/travis/build/icyphy/ptII/lib/webcam-capture-0
.3.12.jar:/home/travis/build/icyphy/ptII/lib/bridj-0.7.0.jar:/home/travis/build
/icyphy/ptII/lib/xbjlib-1.1.0.nrjavaserial.jar:/home/travis/build/icyphy/ptII/p
tolemy/moml/test:/home/travis/build/icyphy/ptII/ant/lib/ant-launcher.jar:/home/
travis/build/icyphy/ptII/ant/lib/ant.jar:/home/travis/build/icyphy/ptII/ant/lib
/ant-junit.jar:/home/travis/build/icyphy/ptII/ant/lib/ant-junit4.jar:/home/trav
is/build/icyphy/ptII ModularCodeGenPubSub2_A1_A_profile.java
total 1236
-rw-rw-r-- 1 travis travis   233 Sep 23 02:20 Array.class
-rw-rw-r-- 1 travis travis   459 Sep 23 02:20 Array.java
-rw-rw-r-- 1 travis travis  4895 Sep 23 02:19 CompiledCompositeActor_CompiledCompositeActor.class
-rw-rw-r-- 1 travis travis  1592 Sep 23 02:19 CompiledCompositeActor_CompiledCompositeActor$_CompiledCompositeActor_CompiledCompositeActor.class
-rw-rw-r-- 1 travis travis 13466 Sep 23 02:19 CompiledCompositeActor_CompiledCompositeActor.java
-rw-rw-r-- 1 travis travis  1593 Sep 23 02:19 CompiledCompositeActor_CompiledCompositeActor.mk
-rw-rw-r-- 1 travis travis  4457 Sep 23 02:19 JavaCompiledCompositeTest1_CompiledCompositeActor.class
-rw-rw-r-- 1 travis travis 11637 Sep 23 02:19 JavaCompiledCompositeTest1_CompiledCompositeActor.java
-rw-rw-r-- 1 travis travis  1198 Sep 23 02:19 JavaCompiledCompositeTest1_CompiledCompositeActor$_JavaCompiledCompositeTest1_CompiledCompositeActor.class
-rw-rw-r-- 1 travis travis  1625 Sep 23 02:19 JavaCompiledCompositeTest1_CompiledCompositeActor.mk
-rw-rw-r-- 1 travis travis  4888 Sep 23 02:19 JavaCompiledCompositeTest2_CompiledCompositeActor.class
-rw-rw-r-- 1 travis travis 14919 Sep 23 02:19 JavaCompiledCompositeTest2_CompiledCompositeActor.java
-rw-rw-r-- 1 travis travis  1793 Sep 23 02:19 JavaCompiledCompositeTest2_CompiledCompositeActor$_JavaCompiledCompositeTest2_CompiledCompositeActor.class
-rw-rw-r-- 1 travis travis  1625 Sep 23 02:19 JavaCompiledCompositeTest2_CompiledCompositeActor.mk
-rw-rw-r-- 1 travis travis  4505 Sep 23 02:19 JavaCompiledCompositeTest3_CompiledCompositeActor.class
-rw-rw-r-- 1 travis travis 13080 Sep 23 02:19 JavaCompiledCompositeTest3_CompiledCompositeActor.java
-rw-rw-r-- 1 travis travis  1378 Sep 23 02:19 JavaCompiledCompositeTest3_CompiledCompositeActor$_JavaCompiledCompositeTest3_CompiledCompositeActor.class
-rw-rw-r-- 1 travis travis  1625 Sep 23 02:19 JavaCompiledCompositeTest3_CompiledCompositeActor.mk
-rw-rw-r-- 1 travis travis  3953 Sep 23 02:19 JavaCompiledCompositeTest4_CompiledCompositeActor.class
-rw-rw-r-- 1 travis travis  9687 Sep 23 02:19 JavaCompiledCompositeTest4_CompiledCompositeActor.java
-rw-rw-r-- 1 travis travis   857 Sep 23 02:19 JavaCompiledCompositeTest4_CompiledCompositeActor$_JavaCompiledCompositeTest4_CompiledCompositeActor.class
-rw-rw-r-- 1 travis travis  1625 Sep 23 02:19 JavaCompiledCompositeTest4_CompiledCompositeActor.mk
-rw-rw-r-- 1 travis travis  3693 Sep 23 02:19 ModularCG_A1_B1.class
-rw-rw-r-- 1 travis travis  9730 Sep 23 02:19 ModularCG_A1_B1.java
-rw-rw-r-- 1 travis travis   832 Sep 23 02:19 ModularCG_A1_B1.mk
-rw-rw-r-- 1 travis travis  1318 Sep 23 02:19 ModularCG_A1_B1_profile.class
-rw-rw-r-- 1 travis travis  1262 Sep 23 02:19 ModularCG_A1_B1_profile.java
-rw-rw-r-- 1 travis travis  3693 Sep 23 02:19 ModularCG_A1_B2.class
-rw-rw-r-- 1 travis travis  9730 Sep 23 02:19 ModularCG_A1_B2.java
-rw-rw-r-- 1 travis travis   832 Sep 23 02:19 ModularCG_A1_B2.mk
-rw-rw-r-- 1 travis travis  1318 Sep 23 02:19 ModularCG_A1_B2_profile.class
-rw-rw-r-- 1 travis travis  1262 Sep 23 02:19 ModularCG_A1_B2_profile.java
-rw-rw-r-- 1 travis travis  4799 Sep 23 02:19 ModularCG_A1.class
-rw-rw-r-- 1 travis travis 14742 Sep 23 02:19 ModularCG_A1.java
-rw-rw-r-- 1 travis travis   808 Sep 23 02:19 ModularCG_A1.mk
-rw-rw-r-- 1 travis travis  1433 Sep 23 02:19 ModularCG_A1_profile.class
-rw-rw-r-- 1 travis travis  1704 Sep 23 02:19 ModularCG_A1_profile.java
-rw-rw-r-- 1 travis travis  3827 Sep 23 02:19 ModularCG_A2_B1.class
-rw-rw-r-- 1 travis travis 10667 Sep 23 02:19 ModularCG_A2_B1.java
-rw-rw-r-- 1 travis travis   832 Sep 23 02:19 ModularCG_A2_B1.mk
-rw-rw-r-- 1 travis travis  1381 Sep 23 02:19 ModularCG_A2_B1_profile.class
-rw-rw-r-- 1 travis travis  1446 Sep 23 02:19 ModularCG_A2_B1_profile.java
-rw-rw-r-- 1 travis travis  3693 Sep 23 02:19 ModularCG_A2_B2.class
-rw-rw-r-- 1 travis travis  9730 Sep 23 02:19 ModularCG_A2_B2.java
-rw-rw-r-- 1 travis travis   832 Sep 23 02:19 ModularCG_A2_B2.mk
-rw-rw-r-- 1 travis travis  1318 Sep 23 02:19 ModularCG_A2_B2_profile.class
-rw-rw-r-- 1 travis travis  1262 Sep 23 02:19 ModularCG_A2_B2_profile.java
-rw-rw-r-- 1 travis travis  4870 Sep 23 02:19 ModularCG_A2.class
-rw-rw-r-- 1 travis travis 15129 Sep 23 02:19 ModularCG_A2.java
-rw-rw-r-- 1 travis travis   808 Sep 23 02:19 ModularCG_A2.mk
-rw-rw-r-- 1 travis travis  1433 Sep 23 02:19 ModularCG_A2_profile.class
-rw-rw-r-- 1 travis travis  1704 Sep 23 02:19 ModularCG_A2_profile.java
-rw-rw-r-- 1 travis travis  3473 Sep 23 02:19 ModularCGPubSub_A1_A2.class
-rw-rw-r-- 1 travis travis  9076 Sep 23 02:19 ModularCGPubSub_A1_A2.java
-rw-rw-r-- 1 travis travis   880 Sep 23 02:19 ModularCGPubSub_A1_A2.mk
-rw-rw-r-- 1 travis travis  1300 Sep 23 02:19 ModularCGPubSub_A1_A2_profile.class
-rw-rw-r-- 1 travis travis  1222 Sep 23 02:19 ModularCGPubSub_A1_A2_profile.java
-rw-rw-r-- 1 travis travis  3790 Sep 23 02:19 ModularCGPubSub_A1.class
-rw-rw-r-- 1 travis travis  9836 Sep 23 02:19 ModularCGPubSub_A1.java
-rw-rw-r-- 1 travis travis   856 Sep 23 02:19 ModularCGPubSub_A1.mk
-rw-rw-r-- 1 travis travis  1346 Sep 23 02:19 ModularCGPubSub_A1_profile.class
-rw-rw-r-- 1 travis travis  1388 Sep 23 02:19 ModularCGPubSub_A1_profile.java
-rw-rw-r-- 1 travis travis  3988 Sep 23 02:19 ModularCodeGen2_ModularCodeGenTypedCompositeActor.class
-rw-rw-r-- 1 travis travis 11690 Sep 23 02:19 ModularCodeGen2_ModularCodeGenTypedCompositeActor.java
-rw-rw-r-- 1 travis travis  1104 Sep 23 02:19 ModularCodeGen2_ModularCodeGenTypedCompositeActor.mk
-rw-rw-r-- 1 travis travis  4272 Sep 23 02:19 ModularCodeGen2_ModularCodeGenTypedCompositeActor_ModularCodeGenTypedCompositeActor.class
-rw-rw-r-- 1 travis travis 11790 Sep 23 02:19 ModularCodeGen2_ModularCodeGenTypedCompositeActor_ModularCodeGenTypedCompositeActor.java
-rw-rw-r-- 1 travis travis  1376 Sep 23 02:19 ModularCodeGen2_ModularCodeGenTypedCompositeActor_ModularCodeGenTypedCompositeActor.mk
-rw-rw-r-- 1 travis travis  1421 Sep 23 02:19 ModularCodeGen2_ModularCodeGenTypedCompositeActor_ModularCodeGenTypedCompositeActor_profile.class
-rw-rw-r-- 1 travis travis  1294 Sep 23 02:19 ModularCodeGen2_ModularCodeGenTypedCompositeActor_ModularCodeGenTypedCompositeActor_profile.java
-rw-rw-r-- 1 travis travis   820 Sep 23 02:19 ModularCodeGen2_ModularCodeGenTypedCompositeActor_profile.class
-rw-rw-r-- 1 travis travis   693 Sep 23 02:19 ModularCodeGen2_ModularCodeGenTypedCompositeActor_profile.java
-rw-rw-r-- 1 travis travis  3741 Sep 23 02:19 ModularCodeGen3_A1_B1.class
-rw-rw-r-- 1 travis travis  9958 Sep 23 02:19 ModularCodeGen3_A1_B1.java
-rw-rw-r-- 1 travis travis   880 Sep 23 02:19 ModularCodeGen3_A1_B1.mk
-rw-rw-r-- 1 travis travis  1330 Sep 23 02:19 ModularCodeGen3_A1_B1_profile.class
-rw-rw-r-- 1 travis travis  1274 Sep 23 02:19 ModularCodeGen3_A1_B1_profile.java
-rw-rw-r-- 1 travis travis  3741 Sep 23 02:19 ModularCodeGen3_A1_B2.class
-rw-rw-r-- 1 travis travis  9958 Sep 23 02:19 ModularCodeGen3_A1_B2.java
-rw-rw-r-- 1 travis travis   880 Sep 23 02:19 ModularCodeGen3_A1_B2.mk
-rw-rw-r-- 1 travis travis  1330 Sep 23 02:19 ModularCodeGen3_A1_B2_profile.class
-rw-rw-r-- 1 travis travis  1274 Sep 23 02:19 ModularCodeGen3_A1_B2_profile.java
-rw-rw-r-- 1 travis travis  4961 Sep 23 02:19 ModularCodeGen3_A1.class
-rw-rw-r-- 1 travis travis 15564 Sep 23 02:19 ModularCodeGen3_A1.java
-rw-rw-r-- 1 travis travis   856 Sep 23 02:19 ModularCodeGen3_A1.mk
-rw-rw-r-- 1 travis travis  1445 Sep 23 02:19 ModularCodeGen3_A1_profile.class
-rw-rw-r-- 1 travis travis  1716 Sep 23 02:19 ModularCodeGen3_A1_profile.java
-rw-rw-r-- 1 travis travis  3887 Sep 23 02:19 ModularCodeGen3_A2_B1.class
-rw-rw-r-- 1 travis travis 10955 Sep 23 02:19 ModularCodeGen3_A2_B1.java
-rw-rw-r-- 1 travis travis   880 Sep 23 02:19 ModularCodeGen3_A2_B1.mk
-rw-rw-r-- 1 travis travis  1393 Sep 23 02:19 ModularCodeGen3_A2_B1_profile.class
-rw-rw-r-- 1 travis travis  1458 Sep 23 02:19 ModularCodeGen3_A2_B1_profile.java
-rw-rw-r-- 1 travis travis  3741 Sep 23 02:19 ModularCodeGen3_A2_B2.class
-rw-rw-r-- 1 travis travis  9958 Sep 23 02:19 ModularCodeGen3_A2_B2.java
-rw-rw-r-- 1 travis travis   880 Sep 23 02:19 ModularCodeGen3_A2_B2.mk
-rw-rw-r-- 1 travis travis  1330 Sep 23 02:19 ModularCodeGen3_A2_B2_profile.class
-rw-rw-r-- 1 travis travis  1274 Sep 23 02:19 ModularCodeGen3_A2_B2_profile.java
-rw-rw-r-- 1 travis travis  5038 Sep 23 02:19 ModularCodeGen3_A2.class
-rw-rw-r-- 1 travis travis 15957 Sep 23 02:19 ModularCodeGen3_A2.java
-rw-rw-r-- 1 travis travis   856 Sep 23 02:19 ModularCodeGen3_A2.mk
-rw-rw-r-- 1 travis travis  1445 Sep 23 02:19 ModularCodeGen3_A2_profile.class
-rw-rw-r-- 1 travis travis  1716 Sep 23 02:19 ModularCodeGen3_A2_profile.java
-rw-rw-r-- 1 travis travis  3794 Sep 23 02:19 ModularCodeGen4_A1_B1.class
-rw-rw-r-- 1 travis travis 10312 Sep 23 02:19 ModularCodeGen4_A1_B1.java
-rw-rw-r-- 1 travis travis   880 Sep 23 02:19 ModularCodeGen4_A1_B1.mk
-rw-rw-r-- 1 travis travis  1330 Sep 23 02:19 ModularCodeGen4_A1_B1_profile.class
-rw-rw-r-- 1 travis travis  1273 Sep 23 02:19 ModularCodeGen4_A1_B1_profile.java
-rw-rw-r-- 1 travis travis  3794 Sep 23 02:19 ModularCodeGen4_A1_B2.class
-rw-rw-r-- 1 travis travis 10312 Sep 23 02:19 ModularCodeGen4_A1_B2.java
-rw-rw-r-- 1 travis travis   880 Sep 23 02:19 ModularCodeGen4_A1_B2.mk
-rw-rw-r-- 1 travis travis  1330 Sep 23 02:19 ModularCodeGen4_A1_B2_profile.class
-rw-rw-r-- 1 travis travis  1273 Sep 23 02:19 ModularCodeGen4_A1_B2_profile.java
-rw-rw-r-- 1 travis travis  5101 Sep 23 02:19 ModularCodeGen4_A1.class
-rw-rw-r-- 1 travis travis 16245 Sep 23 02:19 ModularCodeGen4_A1.java
-rw-rw-r-- 1 travis travis   856 Sep 23 02:19 ModularCodeGen4_A1.mk
-rw-rw-r-- 1 travis travis  1445 Sep 23 02:19 ModularCodeGen4_A1_profile.class
-rw-rw-r-- 1 travis travis  1712 Sep 23 02:19 ModularCodeGen4_A1_profile.java
-rw-rw-r-- 1 travis travis  3988 Sep 23 02:20 ModularCodeGen4_A2_B1.class
-rw-rw-r-- 1 travis travis 11375 Sep 23 02:20 ModularCodeGen4_A2_B1.java
-rw-rw-r-- 1 travis travis   880 Sep 23 02:20 ModularCodeGen4_A2_B1.mk
-rw-rw-r-- 1 travis travis  1393 Sep 23 02:20 ModularCodeGen4_A2_B1_profile.class
-rw-rw-r-- 1 travis travis  1454 Sep 23 02:19 ModularCodeGen4_A2_B1_profile.java
-rw-rw-r-- 1 travis travis  3842 Sep 23 02:20 ModularCodeGen4_A2_B2.class
-rw-rw-r-- 1 travis travis 10378 Sep 23 02:20 ModularCodeGen4_A2_B2.java
-rw-rw-r-- 1 travis travis   880 Sep 23 02:20 ModularCodeGen4_A2_B2.mk
-rw-rw-r-- 1 travis travis  1330 Sep 23 02:20 ModularCodeGen4_A2_B2_profile.class
-rw-rw-r-- 1 travis travis  1270 Sep 23 02:20 ModularCodeGen4_A2_B2_profile.java
-rw-rw-r-- 1 travis travis  5274 Sep 23 02:20 ModularCodeGen4_A2.class
-rw-rw-r-- 1 travis travis 16770 Sep 23 02:20 ModularCodeGen4_A2.java
-rw-rw-r-- 1 travis travis   856 Sep 23 02:20 ModularCodeGen4_A2.mk
-rw-rw-r-- 1 travis travis  1445 Sep 23 02:20 ModularCodeGen4_A2_profile.class
-rw-rw-r-- 1 travis travis  1712 Sep 23 02:20 ModularCodeGen4_A2_profile.java
-rw-rw-r-- 1 travis travis  6838 Sep 23 02:20 ModularCodeGen5_A_A.class
-rw-rw-r-- 1 travis travis 28721 Sep 23 02:20 ModularCodeGen5_A_A.java
-rw-rw-r-- 1 travis travis   864 Sep 23 02:20 ModularCodeGen5_A_A.mk
-rw-rw-r-- 1 travis travis  1520 Sep 23 02:20 ModularCodeGen5_A_A_profile.class
-rw-rw-r-- 1 travis travis  1815 Sep 23 02:20 ModularCodeGen5_A_A_profile.java
-rw-rw-r-- 1 travis travis  5115 Sep 23 02:20 ModularCodeGen5_A.class
-rw-rw-r-- 1 travis travis 13769 Sep 23 02:20 ModularCodeGen5_A.java
-rw-rw-r-- 1 travis travis   848 Sep 23 02:20 ModularCodeGen5_A.mk
-rw-rw-r-- 1 travis travis  1422 Sep 23 02:20 ModularCodeGen5_A_profile.class
-rw-rw-r-- 1 travis travis  1605 Sep 23 02:20 ModularCodeGen5_A_profile.java
-rw-rw-r-- 1 travis travis  4125 Sep 23 02:20 ModularCodeGen6_A_A2.class
-rw-rw-r-- 1 travis travis 11329 Sep 23 02:20 ModularCodeGen6_A_A2.java
-rw-rw-r-- 1 travis travis   872 Sep 23 02:20 ModularCodeGen6_A_A2.mk
-rw-rw-r-- 1 travis travis  1351 Sep 23 02:20 ModularCodeGen6_A_A2_profile.class
-rw-rw-r-- 1 travis travis  1364 Sep 23 02:20 ModularCodeGen6_A_A2_profile.java
-rw-rw-r-- 1 travis travis  4108 Sep 23 02:20 ModularCodeGen6_A_A.class
-rw-rw-r-- 1 travis travis 11221 Sep 23 02:20 ModularCodeGen6_A_A.java
-rw-rw-r-- 1 travis travis   864 Sep 23 02:20 ModularCodeGen6_A_A.mk
-rw-rw-r-- 1 travis travis  1348 Sep 23 02:20 ModularCodeGen6_A_A_profile.class
-rw-rw-r-- 1 travis travis  1361 Sep 23 02:20 ModularCodeGen6_A_A_profile.java
-rw-rw-r-- 1 travis travis  7237 Sep 23 02:20 ModularCodeGen6_A.class
-rw-rw-r-- 1 travis travis 26535 Sep 23 02:20 ModularCodeGen6_A.java
-rw-rw-r-- 1 travis travis   848 Sep 23 02:20 ModularCodeGen6_A.mk
-rw-rw-r-- 1 travis travis  1483 Sep 23 02:20 ModularCodeGen6_A_profile.class
-rw-rw-r-- 1 travis travis  1810 Sep 23 02:20 ModularCodeGen6_A_profile.java
-rw-rw-r-- 1 travis travis  9439 Sep 23 02:20 ModularCodeGenLazyPubSubGlobal_CompositeActor_ModularCodeGenTypedComposite.class
-rw-rw-r-- 1 travis travis 30161 Sep 23 02:20 ModularCodeGenLazyPubSubGlobal_CompositeActor_ModularCodeGenTypedComposite.java
-rw-rw-r-- 1 travis travis  1304 Sep 23 02:20 ModularCodeGenLazyPubSubGlobal_CompositeActor_ModularCodeGenTypedComposite.mk
-rw-rw-r-- 1 travis travis  1438 Sep 23 02:20 ModularCodeGenLazyPubSubGlobal_CompositeActor_ModularCodeGenTypedComposite_profile.class
-rw-rw-r-- 1 travis travis  1384 Sep 23 02:20 ModularCodeGenLazyPubSubGlobal_CompositeActor_ModularCodeGenTypedComposite_profile.java
-rw-rw-r-- 1 travis travis  3952 Sep 23 02:20 ModularCodeGenLazyPubSub_LazyCompositeActor.class
-rw-rw-r-- 1 travis travis 11122 Sep 23 02:20 ModularCodeGenLazyPubSub_LazyCompositeActor.java
-rw-rw-r-- 1 travis travis  1056 Sep 23 02:20 ModularCodeGenLazyPubSub_LazyCompositeActor.mk
-rw-rw-r-- 1 travis travis  1286 Sep 23 02:20 ModularCodeGenLazyPubSub_LazyCompositeActor_profile.class
-rw-rw-r-- 1 travis travis  1091 Sep 23 02:20 ModularCodeGenLazyPubSub_LazyCompositeActor_profile.java
-rw-rw-r-- 1 travis travis  3954 Sep 23 02:19 ModularCodeGen_ModularCodeGenTypedCompositeActor.class
-rw-rw-r-- 1 travis travis 10970 Sep 23 02:19 ModularCodeGen_ModularCodeGenTypedCompositeActor.java
-rw-rw-r-- 1 travis travis  1096 Sep 23 02:19 ModularCodeGen_ModularCodeGenTypedCompositeActor.mk
-rw-rw-r-- 1 travis travis  1384 Sep 23 02:19 ModularCodeGen_ModularCodeGenTypedCompositeActor_profile.class
-rw-rw-r-- 1 travis travis  1328 Sep 23 02:19 ModularCodeGen_ModularCodeGenTypedCompositeActor_profile.java
-rw-rw-r-- 1 travis travis  1128 Sep 23 02:20 ModularCodeGenPubSub2_A1_A_profile.java
-rw-rw-r-- 1 travis travis  3475 Sep 23 02:20 ModularCodeGenPubSub_A1.class
-rw-rw-r-- 1 travis travis  9060 Sep 23 02:20 ModularCodeGenPubSub_A1.java
-rw-rw-r-- 1 travis travis   896 Sep 23 02:20 ModularCodeGenPubSub_A1.mk
-rw-rw-r-- 1 travis travis  1278 Sep 23 02:20 ModularCodeGenPubSub_A1_profile.class
-rw-rw-r-- 1 travis travis  1195 Sep 23 02:20 ModularCodeGenPubSub_A1_profile.java
-rw-rw-r-- 1 travis travis  3492 Sep 23 02:19 ModularCodeGenTest_A1_A2.class
-rw-rw-r-- 1 travis travis  9164 Sep 23 02:18 ModularCodeGenTest_A1_A2.java
-rw-rw-r-- 1 travis travis   904 Sep 23 02:18 ModularCodeGenTest_A1_A2.mk
-rw-rw-r-- 1 travis travis  1306 Sep 23 02:18 ModularCodeGenTest_A1_A2_profile.class
-rw-rw-r-- 1 travis travis  1228 Sep 23 02:18 ModularCodeGenTest_A1_A2_profile.java
-rw-rw-r-- 1 travis travis  3823 Sep 23 02:19 ModularCodeGenTest_A1.class
-rw-rw-r-- 1 travis travis  9968 Sep 23 02:19 ModularCodeGenTest_A1.java
-rw-rw-r-- 1 travis travis   880 Sep 23 02:19 ModularCodeGenTest_A1.mk
-rw-rw-r-- 1 travis travis  1352 Sep 23 02:19 ModularCodeGenTest_A1_profile.class
-rw-rw-r-- 1 travis travis  1394 Sep 23 02:19 ModularCodeGenTest_A1_profile.java
-rw-rw-r-- 1 travis travis   432 Sep 23 02:20 Token.class
-rw-rw-r-- 1 travis travis   251 Sep 23 02:20 Token.java
warning: Supported source version 'RELEASE_6' from annotation processor 'org.netbeans.modules.openide.util.NbBundleProcessor' less than -source '1.8'
warning: Supported source version 'RELEASE_6' from annotation processor 'org.netbeans.modules.openide.util.URLStreamHandlerRegistrationProcessor' less than -source '1.8'
warning: Supported source version 'RELEASE_6' from annotation processor 'org.netbeans.modules.openide.util.ServiceProviderProcessor' less than -source '1.8'
3 warnings
All Done
Writing ModularCodeGenPubSub2_A1_A.java in file:/home/travis/cg/ (8578 characters)
Reading "ptolemy/cg/kernel/generic/program/procedural/java/modular/makefile.in",
    writing "/home/travis/cg/ModularCodeGenPubSub2_A1_A.mk"
Using ptolemy/cg/kernel/generic/program/procedural/java/modular/makefile.in
In "/home/travis/cg", about to execute:
    make -f ModularCodeGenPubSub2_A1_A.mk
javac -classpath ".:.."    ModularCodeGenPubSub2_A1_A.java
All Done
In "/home/travis/cg", about to execute:
    pwd
/home/travis/cg
In "/home/travis/cg", about to execute:
    ls -l
total 1264
-rw-rw-r-- 1 travis travis   233 Sep 23 02:20 Array.class
-rw-rw-r-- 1 travis travis   459 Sep 23 02:20 Array.java
-rw-rw-r-- 1 travis travis  4895 Sep 23 02:19 CompiledCompositeActor_CompiledCompositeActor.class
-rw-rw-r-- 1 travis travis  1592 Sep 23 02:19 CompiledCompositeActor_CompiledCompositeActor$_CompiledCompositeActor_CompiledCompositeActor.class
-rw-rw-r-- 1 travis travis 13466 Sep 23 02:19 CompiledCompositeActor_CompiledCompositeActor.java
-rw-rw-r-- 1 travis travis  1593 Sep 23 02:19 CompiledCompositeActor_CompiledCompositeActor.mk
-rw-rw-r-- 1 travis travis  4457 Sep 23 02:19 JavaCompiledCompositeTest1_CompiledCompositeActor.class
-rw-rw-r-- 1 travis travis 11637 Sep 23 02:19 JavaCompiledCompositeTest1_CompiledCompositeActor.java
-rw-rw-r-- 1 travis travis  1198 Sep 23 02:19 JavaCompiledCompositeTest1_CompiledCompositeActor$_JavaCompiledCompositeTest1_CompiledCompositeActor.class
-rw-rw-r-- 1 travis travis  1625 Sep 23 02:19 JavaCompiledCompositeTest1_CompiledCompositeActor.mk
-rw-rw-r-- 1 travis travis  4888 Sep 23 02:19 JavaCompiledCompositeTest2_CompiledCompositeActor.class
-rw-rw-r-- 1 travis travis 14919 Sep 23 02:19 JavaCompiledCompositeTest2_CompiledCompositeActor.java
-rw-rw-r-- 1 travis travis  1793 Sep 23 02:19 JavaCompiledCompositeTest2_CompiledCompositeActor$_JavaCompiledCompositeTest2_CompiledCompositeActor.class
-rw-rw-r-- 1 travis travis  1625 Sep 23 02:19 JavaCompiledCompositeTest2_CompiledCompositeActor.mk
-rw-rw-r-- 1 travis travis  4505 Sep 23 02:19 JavaCompiledCompositeTest3_CompiledCompositeActor.class
-rw-rw-r-- 1 travis travis 13080 Sep 23 02:19 JavaCompiledCompositeTest3_CompiledCompositeActor.java
-rw-rw-r-- 1 travis travis  1378 Sep 23 02:19 JavaCompiledCompositeTest3_CompiledCompositeActor$_JavaCompiledCompositeTest3_CompiledCompositeActor.class
-rw-rw-r-- 1 travis travis  1625 Sep 23 02:19 JavaCompiledCompositeTest3_CompiledCompositeActor.mk
-rw-rw-r-- 1 travis travis  3953 Sep 23 02:19 JavaCompiledCompositeTest4_CompiledCompositeActor.class
-rw-rw-r-- 1 travis travis  9687 Sep 23 02:19 JavaCompiledCompositeTest4_CompiledCompositeActor.java
-rw-rw-r-- 1 travis travis   857 Sep 23 02:19 JavaCompiledCompositeTest4_CompiledCompositeActor$_JavaCompiledCompositeTest4_CompiledCompositeActor.class
-rw-rw-r-- 1 travis travis  1625 Sep 23 02:19 JavaCompiledCompositeTest4_CompiledCompositeActor.mk
-rw-rw-r-- 1 travis travis  3693 Sep 23 02:19 ModularCG_A1_B1.class
-rw-rw-r-- 1 travis travis  9730 Sep 23 02:19 ModularCG_A1_B1.java
-rw-rw-r-- 1 travis travis   832 Sep 23 02:19 ModularCG_A1_B1.mk
-rw-rw-r-- 1 travis travis  1318 Sep 23 02:19 ModularCG_A1_B1_profile.class
-rw-rw-r-- 1 travis travis  1262 Sep 23 02:19 ModularCG_A1_B1_profile.java
-rw-rw-r-- 1 travis travis  3693 Sep 23 02:19 ModularCG_A1_B2.class
-rw-rw-r-- 1 travis travis  9730 Sep 23 02:19 ModularCG_A1_B2.java
-rw-rw-r-- 1 travis travis   832 Sep 23 02:19 ModularCG_A1_B2.mk
-rw-rw-r-- 1 travis travis  1318 Sep 23 02:19 ModularCG_A1_B2_profile.class
-rw-rw-r-- 1 travis travis  1262 Sep 23 02:19 ModularCG_A1_B2_profile.java
-rw-rw-r-- 1 travis travis  4799 Sep 23 02:19 ModularCG_A1.class
-rw-rw-r-- 1 travis travis 14742 Sep 23 02:19 ModularCG_A1.java
-rw-rw-r-- 1 travis travis   808 Sep 23 02:19 ModularCG_A1.mk
-rw-rw-r-- 1 travis travis  1433 Sep 23 02:19 ModularCG_A1_profile.class
-rw-rw-r-- 1 travis travis  1704 Sep 23 02:19 ModularCG_A1_profile.java
-rw-rw-r-- 1 travis travis  3827 Sep 23 02:19 ModularCG_A2_B1.class
-rw-rw-r-- 1 travis travis 10667 Sep 23 02:19 ModularCG_A2_B1.java
-rw-rw-r-- 1 travis travis   832 Sep 23 02:19 ModularCG_A2_B1.mk
-rw-rw-r-- 1 travis travis  1381 Sep 23 02:19 ModularCG_A2_B1_profile.class
-rw-rw-r-- 1 travis travis  1446 Sep 23 02:19 ModularCG_A2_B1_profile.java
-rw-rw-r-- 1 travis travis  3693 Sep 23 02:19 ModularCG_A2_B2.class
-rw-rw-r-- 1 travis travis  9730 Sep 23 02:19 ModularCG_A2_B2.java
-rw-rw-r-- 1 travis travis   832 Sep 23 02:19 ModularCG_A2_B2.mk
-rw-rw-r-- 1 travis travis  1318 Sep 23 02:19 ModularCG_A2_B2_profile.class
-rw-rw-r-- 1 travis travis  1262 Sep 23 02:19 ModularCG_A2_B2_profile.java
-rw-rw-r-- 1 travis travis  4870 Sep 23 02:19 ModularCG_A2.class
-rw-rw-r-- 1 travis travis 15129 Sep 23 02:19 ModularCG_A2.java
-rw-rw-r-- 1 travis travis   808 Sep 23 02:19 ModularCG_A2.mk
-rw-rw-r-- 1 travis travis  1433 Sep 23 02:19 ModularCG_A2_profile.class
-rw-rw-r-- 1 travis travis  1704 Sep 23 02:19 ModularCG_A2_profile.java
-rw-rw-r-- 1 travis travis  3473 Sep 23 02:19 ModularCGPubSub_A1_A2.class
-rw-rw-r-- 1 travis travis  9076 Sep 23 02:19 ModularCGPubSub_A1_A2.java
-rw-rw-r-- 1 travis travis   880 Sep 23 02:19 ModularCGPubSub_A1_A2.mk
-rw-rw-r-- 1 travis travis  1300 Sep 23 02:19 ModularCGPubSub_A1_A2_profile.class
-rw-rw-r-- 1 travis travis  1222 Sep 23 02:19 ModularCGPubSub_A1_A2_profile.java
-rw-rw-r-- 1 travis travis  3790 Sep 23 02:19 ModularCGPubSub_A1.class
-rw-rw-r-- 1 travis travis  9836 Sep 23 02:19 ModularCGPubSub_A1.java
-rw-rw-r-- 1 travis travis   856 Sep 23 02:19 ModularCGPubSub_A1.mk
-rw-rw-r-- 1 travis travis  1346 Sep 23 02:19 ModularCGPubSub_A1_profile.class
-rw-rw-r-- 1 travis travis  1388 Sep 23 02:19 ModularCGPubSub_A1_profile.java
-rw-rw-r-- 1 travis travis  3988 Sep 23 02:19 ModularCodeGen2_ModularCodeGenTypedCompositeActor.class
-rw-rw-r-- 1 travis travis 11690 Sep 23 02:19 ModularCodeGen2_ModularCodeGenTypedCompositeActor.java
-rw-rw-r-- 1 travis travis  1104 Sep 23 02:19 ModularCodeGen2_ModularCodeGenTypedCompositeActor.mk
-rw-rw-r-- 1 travis travis  4272 Sep 23 02:19 ModularCodeGen2_ModularCodeGenTypedCompositeActor_ModularCodeGenTypedCompositeActor.class
-rw-rw-r-- 1 travis travis 11790 Sep 23 02:19 ModularCodeGen2_ModularCodeGenTypedCompositeActor_ModularCodeGenTypedCompositeActor.java
-rw-rw-r-- 1 travis travis  1376 Sep 23 02:19 ModularCodeGen2_ModularCodeGenTypedCompositeActor_ModularCodeGenTypedCompositeActor.mk
-rw-rw-r-- 1 travis travis  1421 Sep 23 02:19 ModularCodeGen2_ModularCodeGenTypedCompositeActor_ModularCodeGenTypedCompositeActor_profile.class
-rw-rw-r-- 1 travis travis  1294 Sep 23 02:19 ModularCodeGen2_ModularCodeGenTypedCompositeActor_ModularCodeGenTypedCompositeActor_profile.java
-rw-rw-r-- 1 travis travis   820 Sep 23 02:19 ModularCodeGen2_ModularCodeGenTypedCompositeActor_profile.class
-rw-rw-r-- 1 travis travis   693 Sep 23 02:19 ModularCodeGen2_ModularCodeGenTypedCompositeActor_profile.java
-rw-rw-r-- 1 travis travis  3741 Sep 23 02:19 ModularCodeGen3_A1_B1.class
-rw-rw-r-- 1 travis travis  9958 Sep 23 02:19 ModularCodeGen3_A1_B1.java
-rw-rw-r-- 1 travis travis   880 Sep 23 02:19 ModularCodeGen3_A1_B1.mk
-rw-rw-r-- 1 travis travis  1330 Sep 23 02:19 ModularCodeGen3_A1_B1_profile.class
-rw-rw-r-- 1 travis travis  1274 Sep 23 02:19 ModularCodeGen3_A1_B1_profile.java
-rw-rw-r-- 1 travis travis  3741 Sep 23 02:19 ModularCodeGen3_A1_B2.class
-rw-rw-r-- 1 travis travis  9958 Sep 23 02:19 ModularCodeGen3_A1_B2.java
-rw-rw-r-- 1 travis travis   880 Sep 23 02:19 ModularCodeGen3_A1_B2.mk
-rw-rw-r-- 1 travis travis  1330 Sep 23 02:19 ModularCodeGen3_A1_B2_profile.class
-rw-rw-r-- 1 travis travis  1274 Sep 23 02:19 ModularCodeGen3_A1_B2_profile.java
-rw-rw-r-- 1 travis travis  4961 Sep 23 02:19 ModularCodeGen3_A1.class
-rw-rw-r-- 1 travis travis 15564 Sep 23 02:19 ModularCodeGen3_A1.java
-rw-rw-r-- 1 travis travis   856 Sep 23 02:19 ModularCodeGen3_A1.mk
-rw-rw-r-- 1 travis travis  1445 Sep 23 02:19 ModularCodeGen3_A1_profile.class
-rw-rw-r-- 1 travis travis  1716 Sep 23 02:19 ModularCodeGen3_A1_profile.java
-rw-rw-r-- 1 travis travis  3887 Sep 23 02:19 ModularCodeGen3_A2_B1.class
-rw-rw-r-- 1 travis travis 10955 Sep 23 02:19 ModularCodeGen3_A2_B1.java
-rw-rw-r-- 1 travis travis   880 Sep 23 02:19 ModularCodeGen3_A2_B1.mk
-rw-rw-r-- 1 travis travis  1393 Sep 23 02:19 ModularCodeGen3_A2_B1_profile.class
-rw-rw-r-- 1 travis travis  1458 Sep 23 02:19 ModularCodeGen3_A2_B1_profile.java
-rw-rw-r-- 1 travis travis  3741 Sep 23 02:19 ModularCodeGen3_A2_B2.class
-rw-rw-r-- 1 travis travis  9958 Sep 23 02:19 ModularCodeGen3_A2_B2.java
-rw-rw-r-- 1 travis travis   880 Sep 23 02:19 ModularCodeGen3_A2_B2.mk
-rw-rw-r-- 1 travis travis  1330 Sep 23 02:19 ModularCodeGen3_A2_B2_profile.class
-rw-rw-r-- 1 travis travis  1274 Sep 23 02:19 ModularCodeGen3_A2_B2_profile.java
-rw-rw-r-- 1 travis travis  5038 Sep 23 02:19 ModularCodeGen3_A2.class
-rw-rw-r-- 1 travis travis 15957 Sep 23 02:19 ModularCodeGen3_A2.java
-rw-rw-r-- 1 travis travis   856 Sep 23 02:19 ModularCodeGen3_A2.mk
-rw-rw-r-- 1 travis travis  1445 Sep 23 02:19 ModularCodeGen3_A2_profile.class
-rw-rw-r-- 1 travis travis  1716 Sep 23 02:19 ModularCodeGen3_A2_profile.java
-rw-rw-r-- 1 travis travis  3794 Sep 23 02:19 ModularCodeGen4_A1_B1.class
-rw-rw-r-- 1 travis travis 10312 Sep 23 02:19 ModularCodeGen4_A1_B1.java
-rw-rw-r-- 1 travis travis   880 Sep 23 02:19 ModularCodeGen4_A1_B1.mk
-rw-rw-r-- 1 travis travis  1330 Sep 23 02:19 ModularCodeGen4_A1_B1_profile.class
-rw-rw-r-- 1 travis travis  1273 Sep 23 02:19 ModularCodeGen4_A1_B1_profile.java
-rw-rw-r-- 1 travis travis  3794 Sep 23 02:19 ModularCodeGen4_A1_B2.class
-rw-rw-r-- 1 travis travis 10312 Sep 23 02:19 ModularCodeGen4_A1_B2.java
-rw-rw-r-- 1 travis travis   880 Sep 23 02:19 ModularCodeGen4_A1_B2.mk
-rw-rw-r-- 1 travis travis  1330 Sep 23 02:19 ModularCodeGen4_A1_B2_profile.class
-rw-rw-r-- 1 travis travis  1273 Sep 23 02:19 ModularCodeGen4_A1_B2_profile.java
-rw-rw-r-- 1 travis travis  5101 Sep 23 02:19 ModularCodeGen4_A1.class
-rw-rw-r-- 1 travis travis 16245 Sep 23 02:19 ModularCodeGen4_A1.java
-rw-rw-r-- 1 travis travis   856 Sep 23 02:19 ModularCodeGen4_A1.mk
-rw-rw-r-- 1 travis travis  1445 Sep 23 02:19 ModularCodeGen4_A1_profile.class
-rw-rw-r-- 1 travis travis  1712 Sep 23 02:19 ModularCodeGen4_A1_profile.java
-rw-rw-r-- 1 travis travis  3988 Sep 23 02:20 ModularCodeGen4_A2_B1.class
-rw-rw-r-- 1 travis travis 11375 Sep 23 02:20 ModularCodeGen4_A2_B1.java
-rw-rw-r-- 1 travis travis   880 Sep 23 02:20 ModularCodeGen4_A2_B1.mk
-rw-rw-r-- 1 travis travis  1393 Sep 23 02:20 ModularCodeGen4_A2_B1_profile.class
-rw-rw-r-- 1 travis travis  1454 Sep 23 02:19 ModularCodeGen4_A2_B1_profile.java
-rw-rw-r-- 1 travis travis  3842 Sep 23 02:20 ModularCodeGen4_A2_B2.class
-rw-rw-r-- 1 travis travis 10378 Sep 23 02:20 ModularCodeGen4_A2_B2.java
-rw-rw-r-- 1 travis travis   880 Sep 23 02:20 ModularCodeGen4_A2_B2.mk
-rw-rw-r-- 1 travis travis  1330 Sep 23 02:20 ModularCodeGen4_A2_B2_profile.class
-rw-rw-r-- 1 travis travis  1270 Sep 23 02:20 ModularCodeGen4_A2_B2_profile.java
-rw-rw-r-- 1 travis travis  5274 Sep 23 02:20 ModularCodeGen4_A2.class
-rw-rw-r-- 1 travis travis 16770 Sep 23 02:20 ModularCodeGen4_A2.java
-rw-rw-r-- 1 travis travis   856 Sep 23 02:20 ModularCodeGen4_A2.mk
-rw-rw-r-- 1 travis travis  1445 Sep 23 02:20 ModularCodeGen4_A2_profile.class
-rw-rw-r-- 1 travis travis  1712 Sep 23 02:20 ModularCodeGen4_A2_profile.java
-rw-rw-r-- 1 travis travis  6838 Sep 23 02:20 ModularCodeGen5_A_A.class
-rw-rw-r-- 1 travis travis 28721 Sep 23 02:20 ModularCodeGen5_A_A.java
-rw-rw-r-- 1 travis travis   864 Sep 23 02:20 ModularCodeGen5_A_A.mk
-rw-rw-r-- 1 travis travis  1520 Sep 23 02:20 ModularCodeGen5_A_A_profile.class
-rw-rw-r-- 1 travis travis  1815 Sep 23 02:20 ModularCodeGen5_A_A_profile.java
-rw-rw-r-- 1 travis travis  5115 Sep 23 02:20 ModularCodeGen5_A.class
-rw-rw-r-- 1 travis travis 13769 Sep 23 02:20 ModularCodeGen5_A.java
-rw-rw-r-- 1 travis travis   848 Sep 23 02:20 ModularCodeGen5_A.mk
-rw-rw-r-- 1 travis travis  1422 Sep 23 02:20 ModularCodeGen5_A_profile.class
-rw-rw-r-- 1 travis travis  1605 Sep 23 02:20 ModularCodeGen5_A_profile.java
-rw-rw-r-- 1 travis travis  4125 Sep 23 02:20 ModularCodeGen6_A_A2.class
-rw-rw-r-- 1 travis travis 11329 Sep 23 02:20 ModularCodeGen6_A_A2.java
-rw-rw-r-- 1 travis travis   872 Sep 23 02:20 ModularCodeGen6_A_A2.mk
-rw-rw-r-- 1 travis travis  1351 Sep 23 02:20 ModularCodeGen6_A_A2_profile.class
-rw-rw-r-- 1 travis travis  1364 Sep 23 02:20 ModularCodeGen6_A_A2_profile.java
-rw-rw-r-- 1 travis travis  4108 Sep 23 02:20 ModularCodeGen6_A_A.class
-rw-rw-r-- 1 travis travis 11221 Sep 23 02:20 ModularCodeGen6_A_A.java
-rw-rw-r-- 1 travis travis   864 Sep 23 02:20 ModularCodeGen6_A_A.mk
-rw-rw-r-- 1 travis travis  1348 Sep 23 02:20 ModularCodeGen6_A_A_profile.class
-rw-rw-r-- 1 travis travis  1361 Sep 23 02:20 ModularCodeGen6_A_A_profile.java
-rw-rw-r-- 1 travis travis  7237 Sep 23 02:20 ModularCodeGen6_A.class
-rw-rw-r-- 1 travis travis 26535 Sep 23 02:20 ModularCodeGen6_A.java
-rw-rw-r-- 1 travis travis   848 Sep 23 02:20 ModularCodeGen6_A.mk
-rw-rw-r-- 1 travis travis  1483 Sep 23 02:20 ModularCodeGen6_A_profile.class
-rw-rw-r-- 1 travis travis  1810 Sep 23 02:20 ModularCodeGen6_A_profile.java
-rw-rw-r-- 1 travis travis  9439 Sep 23 02:20 ModularCodeGenLazyPubSubGlobal_CompositeActor_ModularCodeGenTypedComposite.class
-rw-rw-r-- 1 travis travis 30161 Sep 23 02:20 ModularCodeGenLazyPubSubGlobal_CompositeActor_ModularCodeGenTypedComposite.java
-rw-rw-r-- 1 travis travis  1304 Sep 23 02:20 ModularCodeGenLazyPubSubGlobal_CompositeActor_ModularCodeGenTypedComposite.mk
-rw-rw-r-- 1 travis travis  1438 Sep 23 02:20 ModularCodeGenLazyPubSubGlobal_CompositeActor_ModularCodeGenTypedComposite_profile.class
-rw-rw-r-- 1 travis travis  1384 Sep 23 02:20 ModularCodeGenLazyPubSubGlobal_CompositeActor_ModularCodeGenTypedComposite_profile.java
In "/home/travis/cg", about to execute:
-rw-rw-r-- 1 travis travis  3952 Sep 23 02:20 ModularCodeGenLazyPubSub_LazyCompositeActor.class
-rw-rw-r-- 1 travis travis 11122 Sep 23 02:20 ModularCodeGenLazyPubSub_LazyCompositeActor.java
-rw-rw-r-- 1 travis travis  1056 Sep 23 02:20 ModularCodeGenLazyPubSub_LazyCompositeActor.mk
-rw-rw-r-- 1 travis travis  1286 Sep 23 02:20 ModularCodeGenLazyPubSub_LazyCompositeActor_profile.class
-rw-rw-r-- 1 travis travis  1091 Sep 23 02:20 ModularCodeGenLazyPubSub_LazyCompositeActor_profile.java
-rw-rw-r-- 1 travis travis  3954 Sep 23 02:19 ModularCodeGen_ModularCodeGenTypedCompositeActor.class
-rw-rw-r-- 1 travis travis 10970 Sep 23 02:19 ModularCodeGen_ModularCodeGenTypedCompositeActor.java
-rw-rw-r-- 1 travis travis  1096 Sep 23 02:19 ModularCodeGen_ModularCodeGenTypedCompositeActor.mk
-rw-rw-r-- 1 travis travis  1384 Sep 23 02:19 ModularCodeGen_ModularCodeGenTypedCompositeActor_profile.class
-rw-rw-r-- 1 travis travis  1328 Sep 23 02:19 ModularCodeGen_ModularCodeGenTypedCompositeActor_profile.java
-rw-rw-r-- 1 travis travis  3441 Sep 23 02:20 ModularCodeGenPubSub2_A1_A.class
-rw-rw-r-- 1 travis travis  8578 Sep 23 02:20 ModularCodeGenPubSub2_A1_A.java
-rw-rw-r-- 1 travis travis   920 Sep 23 02:20 ModularCodeGenPubSub2_A1_A.mk
-rw-rw-r-- 1 travis travis  1274 Sep 23 02:20 ModularCodeGenPubSub2_A1_A_profile.class
-rw-rw-r-- 1 travis travis  1128 Sep 23 02:20 ModularCodeGenPubSub2_A1_A_profile.java
-rw-rw-r-- 1 travis travis  1196 Sep 23 02:20 ModularCodeGenPubSub2_A1_profile.java
-rw-rw-r-- 1 travis travis  3475 Sep 23 02:20 ModularCodeGenPubSub_A1.class
-rw-rw-r-- 1 travis travis  9060 Sep 23 02:20 ModularCodeGenPubSub_A1.java
-rw-rw-r-- 1 travis travis   896 Sep 23 02:20 ModularCodeGenPubSub_A1.mk
-rw-rw-r-- 1 travis travis  1278 Sep 23 02:20 ModularCodeGenPubSub_A1_profile.class
-rw-rw-r-- 1 travis travis  1195 Sep 23 02:20 ModularCodeGenPubSub_A1_profile.java
-rw-rw-r-- 1 travis travis  3492 Sep 23 02:19 ModularCodeGenTest_A1_A2.class
-rw-rw-r-- 1 travis travis  9164 Sep 23 02:18 ModularCodeGenTest_A1_A2.java
-rw-rw-r-- 1 travis travis   904 Sep 23 02:18 ModularCodeGenTest_A1_A2.mk
-rw-rw-r-- 1 travis travis  1306 Sep 23 02:18 ModularCodeGenTest_A1_A2_profile.class
-rw-rw-r-- 1 travis travis  1228 Sep 23 02:18 ModularCodeGenTest_A1_A2_profile.java
-rw-rw-r-- 1 travis travis  3823 Sep 23 02:19 ModularCodeGenTest_A1.class
-rw-rw-r-- 1 travis travis  9968 Sep 23 02:19 ModularCodeGenTest_A1.java
    javac -classpath
.:/home/travis/build/icyphy/ptII:/home/travis/build/icyphy/ptII/lib/bsh-2.0b4.j
ar:/home/travis/build/icyphy/ptII/lib/ptCal.jar:/home/travis/build/icyphy/ptII/
lib/java_cup.jar:/home/travis/build/icyphy/ptII/lib/saxon8.jar:/home/travis/bui
ld/icyphy/ptII/lib/saxon8-dom.jar:/home/travis/build/icyphy/ptII/lib/chic.jar:/
home/travis/build/icyphy/ptII/lib/ptcolt.jar:/usr/lib/jvm/java-8-oracle/lib/too
ls.jar:/usr/lib/eclipse/plugins/org.eclipse.jdt.core_3.8.2.dist.jar:/usr/lib/ec
lipse/plugins/org.eclipse.core.runtime_3.8.0.dist.jar:/usr/lib/eclipse/plugins/
org.eclipse.osgi_3.8.1.dist.jar:/usr/lib/eclipse/plugins/org.eclipse.core.resou
rces_3.8.1.dist.jar:/usr/lib/eclipse/plugins/org.eclipse.equinox.common_3.6.100
.dist.jar:/usr/lib/eclipse/plugins/org.eclipse.core.jobs_3.5.200.dist.jar:/usr/
lib/eclipse/plugins/org.eclipse.core.contenttype_3.4.200.dist.jar:/usr/lib/ecli
pse/plugins/org.eclipse.equinox.preferences_3.5.0.dist.jar:/usr/lib/eclipse/plu
gins/org.eclipse.text_3.5.200.dist.jar:/usr/lib/eclipse/plugins/org.eclipse.ui.
workbench_3.8.1.dist.jar:/usr/lib/eclipse/plugins/org.eclipse.jface_3.8.0.dist.
jar:/usr/lib/eclipse/plugins/org.eclipse.swt_3.8.2.jar:/usr/lib/eclipse/plugins
/org.eclipse.jface.text_3.8.1.dist.jar:/usr/lib/eclipse/plugins/org.eclipse.ui.
workbench.texteditor_3.8.0.dist.jar:/usr/lib/eclipse/plugins/org.eclipse.ui.edi
tors_3.8.0.dist.jar:/usr/lib/eclipse/plugins/org.eclipse.core.commands_3.6.1.di
st.jar:/usr/lib/eclipse/plugins/org.eclipse.equinox.registry_3.5.200.dist.jar:/
usr/lib/eclipse/plugins/org.eclipse.ui.console_3.5.100.dist.jar:/usr/lib/eclips
e/plugins/org.eclipse.ui.forms_3.5.200.dist.jar:/usr/lib/eclipse/plugins/org.ec
lipse.ui.ide_3.8.1.dist.jar:/home/travis/build/icyphy/ptII/vendors/oracle/dbxml
.jar:/home/travis/build/icyphy/ptII/vendors/oracle/db.jar:/home/travis/build/ic
yphy/ptII/vendors/misc/itext/iText.jar:/home/travis/build/icyphy/ptII/lib/g4ltl
.jar:/home/travis/build/icyphy/ptII/lib/StructuralCoder.jar:/home/travis/build/
icyphy/ptII/lib/org-openide-util.jar:/home/travis/build/icyphy/ptII/lib/org-ope
nide-util-lookup.jar:/home/travis/build/icyphy/ptII/lib/org-netbeans-api-visual
.jar:/home/travis/build/icyphy/ptII/vendors/jai-1_1_2_01/lib/jai_core.jar:/home
/travis/build/icyphy/ptII/vendors/jai-1_1_2_01/lib/jai_codec.jar:/home/travis/b
uild/icyphy/ptII/lib/jcerti.jar:/home/travis/build/icyphy/ptII/lib/smack.jar:/h
ome/travis/build/icyphy/ptII/lib/smackx.jar:/home/travis/build/icyphy/ptII/lib/
jetty-all-8.1.5-v20120716.jar:/home/travis/build/icyphy/ptII/lib/javax.servlet-
api-3.0.1.jar:/home/travis/build/icyphy/ptII/lib/javax.mail.jar:/home/travis/bu
ild/icyphy/ptII/vendors/JMF-2.1.1e/lib/jmf.jar:/home/travis/build/icyphy/ptII/l
ib/jna-4.0.0-variadic.jar:/home/travis/build/icyphy/ptII/vendors/misc/joystick/
Joystick.jar:/home/travis/build/icyphy/ptII/lib/ptjacl.jar:/home/travis/build/i
cyphy/ptII/lib/jsoup-1.8.2.jar:/home/travis/build/icyphy/ptII/lib/junit-4.8.2.j
ar:/home/travis/build/icyphy/ptII/lib/JUnitParams-0.4.0.jar:/home/travis/build/
icyphy/ptII/ptolemy/actor/lib/excel/jxl.jar:/home/travis/build/icyphy/ptII/lib/
jython.jar:/home/travis/build/icyphy/ptII/lib/kieler.jar:/home/travis/build/icy
phy/ptII/vendors/opencv/share/OpenCV/java/opencv-341.jar:/home/travis/build/icy
phy/ptII/lib/oscP5.jar:/home/travis/build/icyphy/ptII/lib/nrjavaserial-3.11.0.d
evel.jar:/home/travis/build/icyphy/ptII/vendors/j3d/lib/j3dcore.jar:/home/travi
s/build/icyphy/ptII/vendors/j3d/lib/j3dutils.jar:/home/travis/build/icyphy/ptII
/vendors/j3d/lib/vecmath.jar:/home/travis/build/icyphy/ptII/ptolemy/distributed
/jini/jar/jini-core.jar:/home/travis/build/icyphy/ptII/ptolemy/distributed/jini
/jar/jini-ext.jar:/home/travis/build/icyphy/ptII/ptolemy/distributed/jini/jar/s
un-util.jar:/home/travis/build/icyphy/ptII/lib/protobuf-java-2.4.1.jar:/home/tr
avis/build/icyphy/ptII/lib/org.eclipse.paho.client.mqttv3.jar:/home/travis/buil
d/icyphy/ptII/ptserver/lib/hessian-4.0.7.jar:/home/travis/build/icyphy/ptII/pts
erver/lib/wmqtt.jar:/home/travis/build/icyphy/ptII/lib/mapss.jar:/home/travis/b
uild/icyphy/ptII/ptolemy/actor/ptalon/antlr/antlr.jar:/home/travis/build/icyphy
/ptII/lib/JRI.jar:/home/travis/build/icyphy/ptII/lib/commons-lang-2.6.jar:/home
/travis/build/icyphy/ptII/lib/commons-logging-1.1.1.jar:/home/travis/build/icyp
hy/ptII/lib/sootclasses.jar:/home/travis/build/icyphy/ptII/ptolemy/actor/lib/da
tabase/mysql-connector-java-5.1.6-bin.jar:/home/travis/build/icyphy/ptII/vendor
s/misc/sphinx4/sphinx4-data-5prealpha.jar:/home/travis/build/icyphy/ptII/vendor
s/misc/sphinx4/sphinx4-core-5prealpha.jar:/home/travis/build/icyphy/ptII/lib/PD
FRenderer.jar:/home/travis/build/icyphy/ptII/lib/svgSalamander.jar:/home/travis
/build/icyphy/ptII/lib/rsyntaxtextarea-2.6.0-SNAPSHOT.jar:/home/travis/build/ic
yphy/ptII/lib/hazelcast-3.8.2.jar:/home/travis/build/icyphy/ptII/lib/jackson-an
notations-2.9.0.jar:/home/travis/build/icyphy/ptII/lib/jackson-core-2.9.3.jar:/
home/travis/build/icyphy/ptII/lib/jackson-databind-2.9.3.jar:/home/travis/build
/icyphy/ptII/lib/netty-buffer-4.1.19.Final.jar:/home/travis/build/icyphy/ptII/l
ib/netty-codec-4.1.19.Final.jar:/home/travis/build/icyphy/ptII/lib/netty-codec-
dns-4.1.19.Final.jar:/home/travis/build/icyphy/ptII/lib/netty-codec-http-4.1.19
.Final.jar:/home/travis/build/icyphy/ptII/lib/netty-codec-http2-4.1.19.Final.ja
r:/home/travis/build/icyphy/ptII/lib/netty-common-4.1.19.Final.jar:/home/travis
/build/icyphy/ptII/lib/netty-handler-4.1.19.Final.jar:/home/travis/build/icyphy
/ptII/lib/netty-resolver-4.1.19.Final.jar:/home/travis/build/icyphy/ptII/lib/ne
tty-resolver-dns-4.1.19.Final.jar:/home/travis/build/icyphy/ptII/lib/netty-tran
sport-4.1.19.Final.jar:/home/travis/build/icyphy/ptII/lib/vertx-codegen-3.5.1.j
ar:/home/travis/build/icyphy/ptII/lib/vertx-core-3.5.2-SNAPSHOT.jar:/home/travi
s/build/icyphy/ptII/lib/vertx-hazelcast-3.5.1.jar:/home/travis/build/icyphy/ptI
I/lib/vertx-lang-js-3.5.1.jar:/home/travis/build/icyphy/ptII/lib/vertx-service-
proxy-3.5.1.jar:/home/travis/build/icyphy/ptII/lib/vertx-web-3.5.1.jar:/home/tr
avis/build/icyphy/ptII/lib/slf4j-api-1.7.13.jar:/home/travis/build/icyphy/ptII/
lib/slf4j-simple-1.7.13.jar:/home/travis/build/icyphy/ptII/lib/webcam-capture-0
.3.12.jar:/home/travis/build/icyphy/ptII/lib/bridj-0.7.0.jar:/home/travis/build
/icyphy/ptII/lib/xbjlib-1.1.0.nrjavaserial.jar:/home/travis/build/icyphy/ptII/p
tolemy/moml/test:/home/travis/build/icyphy/ptII/ant/lib/ant-launcher.jar:/home/
travis/build/icyphy/ptII/ant/lib/ant.jar:/home/travis/build/icyphy/ptII/ant/lib
/ant-junit.jar:/home/travis/build/icyphy/ptII/ant/lib/ant-junit4.jar:/home/trav
is/build/icyphy/ptII ModularCodeGenPubSub2_A1_profile.java
-rw-rw-r-- 1 travis travis   880 Sep 23 02:19 ModularCodeGenTest_A1.mk
-rw-rw-r-- 1 travis travis  1352 Sep 23 02:19 ModularCodeGenTest_A1_profile.class
-rw-rw-r-- 1 travis travis  1394 Sep 23 02:19 ModularCodeGenTest_A1_profile.java
-rw-rw-r-- 1 travis travis   432 Sep 23 02:20 Token.class
-rw-rw-r-- 1 travis travis   251 Sep 23 02:20 Token.java
warning: Supported source version 'RELEASE_6' from annotation processor 'org.netbeans.modules.openide.util.NbBundleProcessor' less than -source '1.8'
warning: Supported source version 'RELEASE_6' from annotation processor 'org.netbeans.modules.openide.util.URLStreamHandlerRegistrationProcessor' less than -source '1.8'
warning: Supported source version 'RELEASE_6' from annotation processor 'org.netbeans.modules.openide.util.ServiceProviderProcessor' less than -source '1.8'
3 warnings
All Done
Writing ModularCodeGenPubSub2_A1.java in file:/home/travis/cg/ (9781 characters)
Reading "ptolemy/cg/kernel/generic/program/procedural/java/modular/makefile.in",
    writing "/home/travis/cg/ModularCodeGenPubSub2_A1.mk"
Using ptolemy/cg/kernel/generic/program/procedural/java/modular/makefile.in
In "/home/travis/cg", about to execute:
    make -f ModularCodeGenPubSub2_A1.mk
javac -classpath ".:.."    ModularCodeGenPubSub2_A1.java
All Done
4671 ms. Memory: 202240K Free: 174737K (86%)
----------------- Invoking toplevel() on ptolemy.moml.MoMLSimpleApplication@767b1436
----------------- Done invoking toplevel() on ptolemy.moml.MoMLSimpleApplication@767b1436
reloadAllAccessors: .ModularCodeGenPubSub2

===========================================================================================
----------------- testing Sun Sep 23 02:20:30 UTC 2018 /home/travis/build/icyphy/ptII/ptolemy/cg/lib/test/auto/ModularCodeGenPubSub3.xml
----------------- Instantiating /home/travis/build/icyphy/ptII/ptolemy/cg/lib/test/auto/ModularCodeGenPubSub3.xml
In "/home/travis/cg", about to execute:
    pwd
In "/home/travis/cg", about to execute:
    ls -l
/home/travis/cg
In "/home/travis/cg", about to execute:
    javac -classpath
.:/home/travis/build/icyphy/ptII:/home/travis/build/icyphy/ptII/lib/bsh-2.0b4.j
ar:/home/travis/build/icyphy/ptII/lib/ptCal.jar:/home/travis/build/icyphy/ptII/
lib/java_cup.jar:/home/travis/build/icyphy/ptII/lib/saxon8.jar:/home/travis/bui
ld/icyphy/ptII/lib/saxon8-dom.jar:/home/travis/build/icyphy/ptII/lib/chic.jar:/
home/travis/build/icyphy/ptII/lib/ptcolt.jar:/usr/lib/jvm/java-8-oracle/lib/too
ls.jar:/usr/lib/eclipse/plugins/org.eclipse.jdt.core_3.8.2.dist.jar:/usr/lib/ec
lipse/plugins/org.eclipse.core.runtime_3.8.0.dist.jar:/usr/lib/eclipse/plugins/
org.eclipse.osgi_3.8.1.dist.jar:/usr/lib/eclipse/plugins/org.eclipse.core.resou
rces_3.8.1.dist.jar:/usr/lib/eclipse/plugins/org.eclipse.equinox.common_3.6.100
.dist.jar:/usr/lib/eclipse/plugins/org.eclipse.core.jobs_3.5.200.dist.jar:/usr/
lib/eclipse/plugins/org.eclipse.core.contenttype_3.4.200.dist.jar:/usr/lib/ecli
pse/plugins/org.eclipse.equinox.preferences_3.5.0.dist.jar:/usr/lib/eclipse/plu
gins/org.eclipse.text_3.5.200.dist.jar:/usr/lib/eclipse/plugins/org.eclipse.ui.
workbench_3.8.1.dist.jar:/usr/lib/eclipse/plugins/org.eclipse.jface_3.8.0.dist.
jar:/usr/lib/eclipse/plugins/org.eclipse.swt_3.8.2.jar:/usr/lib/eclipse/plugins
/org.eclipse.jface.text_3.8.1.dist.jar:/usr/lib/eclipse/plugins/org.eclipse.ui.
workbench.texteditor_3.8.0.dist.jar:/usr/lib/eclipse/plugins/org.eclipse.ui.edi
tors_3.8.0.dist.jar:/usr/lib/eclipse/plugins/org.eclipse.core.commands_3.6.1.di
st.jar:/usr/lib/eclipse/plugins/org.eclipse.equinox.registry_3.5.200.dist.jar:/
usr/lib/eclipse/plugins/org.eclipse.ui.console_3.5.100.dist.jar:/usr/lib/eclips
e/plugins/org.eclipse.ui.forms_3.5.200.dist.jar:/usr/lib/eclipse/plugins/org.ec
lipse.ui.ide_3.8.1.dist.jar:/home/travis/build/icyphy/ptII/vendors/oracle/dbxml
.jar:/home/travis/build/icyphy/ptII/vendors/oracle/db.jar:/home/travis/build/ic
yphy/ptII/vendors/misc/itext/iText.jar:/home/travis/build/icyphy/ptII/lib/g4ltl
.jar:/home/travis/build/icyphy/ptII/lib/StructuralCoder.jar:/home/travis/build/
icyphy/ptII/lib/org-openide-util.jar:/home/travis/build/icyphy/ptII/lib/org-ope
nide-util-lookup.jar:/home/travis/build/icyphy/ptII/lib/org-netbeans-api-visual
.jar:/home/travis/build/icyphy/ptII/vendors/jai-1_1_2_01/lib/jai_core.jar:/home
/travis/build/icyphy/ptII/vendors/jai-1_1_2_01/lib/jai_codec.jar:/home/travis/b
uild/icyphy/ptII/lib/jcerti.jar:/home/travis/build/icyphy/ptII/lib/smack.jar:/h
ome/travis/build/icyphy/ptII/lib/smackx.jar:/home/travis/build/icyphy/ptII/lib/
jetty-all-8.1.5-v20120716.jar:/home/travis/build/icyphy/ptII/lib/javax.servlet-
api-3.0.1.jar:/home/travis/build/icyphy/ptII/lib/javax.mail.jar:/home/travis/bu
ild/icyphy/ptII/vendors/JMF-2.1.1e/lib/jmf.jar:/home/travis/build/icyphy/ptII/l
ib/jna-4.0.0-variadic.jar:/home/travis/build/icyphy/ptII/vendors/misc/joystick/
Joystick.jar:/home/travis/build/icyphy/ptII/lib/ptjacl.jar:/home/travis/build/i
cyphy/ptII/lib/jsoup-1.8.2.jar:/home/travis/build/icyphy/ptII/lib/junit-4.8.2.j
ar:/home/travis/build/icyphy/ptII/lib/JUnitParams-0.4.0.jar:/home/travis/build/
icyphy/ptII/ptolemy/actor/lib/excel/jxl.jar:/home/travis/build/icyphy/ptII/lib/
jython.jar:/home/travis/build/icyphy/ptII/lib/kieler.jar:/home/travis/build/icy
phy/ptII/vendors/opencv/share/OpenCV/java/opencv-341.jar:/home/travis/build/icy
phy/ptII/lib/oscP5.jar:/home/travis/build/icyphy/ptII/lib/nrjavaserial-3.11.0.d
evel.jar:/home/travis/build/icyphy/ptII/vendors/j3d/lib/j3dcore.jar:/home/travi
s/build/icyphy/ptII/vendors/j3d/lib/j3dutils.jar:/home/travis/build/icyphy/ptII
/vendors/j3d/lib/vecmath.jar:/home/travis/build/icyphy/ptII/ptolemy/distributed
/jini/jar/jini-core.jar:/home/travis/build/icyphy/ptII/ptolemy/distributed/jini
/jar/jini-ext.jar:/home/travis/build/icyphy/ptII/ptolemy/distributed/jini/jar/s
un-util.jar:/home/travis/build/icyphy/ptII/lib/protobuf-java-2.4.1.jar:/home/tr
avis/build/icyphy/ptII/lib/org.eclipse.paho.client.mqttv3.jar:/home/travis/buil
d/icyphy/ptII/ptserver/lib/hessian-4.0.7.jar:/home/travis/build/icyphy/ptII/pts
erver/lib/wmqtt.jar:/home/travis/build/icyphy/ptII/lib/mapss.jar:/home/travis/b
uild/icyphy/ptII/ptolemy/actor/ptalon/antlr/antlr.jar:/home/travis/build/icyphy
/ptII/lib/JRI.jar:/home/travis/build/icyphy/ptII/lib/commons-lang-2.6.jar:/home
/travis/build/icyphy/ptII/lib/commons-logging-1.1.1.jar:/home/travis/build/icyp
hy/ptII/lib/sootclasses.jar:/home/travis/build/icyphy/ptII/ptolemy/actor/lib/da
tabase/mysql-connector-java-5.1.6-bin.jar:/home/travis/build/icyphy/ptII/vendor
s/misc/sphinx4/sphinx4-data-5prealpha.jar:/home/travis/build/icyphy/ptII/vendor
s/misc/sphinx4/sphinx4-core-5prealpha.jar:/home/travis/build/icyphy/ptII/lib/PD
FRenderer.jar:/home/travis/build/icyphy/ptII/lib/svgSalamander.jar:/home/travis
/build/icyphy/ptII/lib/rsyntaxtextarea-2.6.0-SNAPSHOT.jar:/home/travis/build/ic
yphy/ptII/lib/hazelcast-3.8.2.jar:/home/travis/build/icyphy/ptII/lib/jackson-an
notations-2.9.0.jar:/home/travis/build/icyphy/ptII/lib/jackson-core-2.9.3.jar:/
home/travis/build/icyphy/ptII/lib/jackson-databind-2.9.3.jar:/home/travis/build
/icyphy/ptII/lib/netty-buffer-4.1.19.Final.jar:/home/travis/build/icyphy/ptII/l
ib/netty-codec-4.1.19.Final.jar:/home/travis/build/icyphy/ptII/lib/netty-codec-
dns-4.1.19.Final.jar:/home/travis/build/icyphy/ptII/lib/netty-codec-http-4.1.19
.Final.jar:/home/travis/build/icyphy/ptII/lib/netty-codec-http2-4.1.19.Final.ja
r:/home/travis/build/icyphy/ptII/lib/netty-common-4.1.19.Final.jar:/home/travis
/build/icyphy/ptII/lib/netty-handler-4.1.19.Final.jar:/home/travis/build/icyphy
/ptII/lib/netty-resolver-4.1.19.Final.jar:/home/travis/build/icyphy/ptII/lib/ne
tty-resolver-dns-4.1.19.Final.jar:/home/travis/build/icyphy/ptII/lib/netty-tran
sport-4.1.19.Final.jar:/home/travis/build/icyphy/ptII/lib/vertx-codegen-3.5.1.j
ar:/home/travis/build/icyphy/ptII/lib/vertx-core-3.5.2-SNAPSHOT.jar:/home/travi
s/build/icyphy/ptII/lib/vertx-hazelcast-3.5.1.jar:/home/travis/build/icyphy/ptI
I/lib/vertx-lang-js-3.5.1.jar:/home/travis/build/icyphy/ptII/lib/vertx-service-
proxy-3.5.1.jar:/home/travis/build/icyphy/ptII/lib/vertx-web-3.5.1.jar:/home/tr
avis/build/icyphy/ptII/lib/slf4j-api-1.7.13.jar:/home/travis/build/icyphy/ptII/
lib/slf4j-simple-1.7.13.jar:/home/travis/build/icyphy/ptII/lib/webcam-capture-0
.3.12.jar:/home/travis/build/icyphy/ptII/lib/bridj-0.7.0.jar:/home/travis/build
/icyphy/ptII/lib/xbjlib-1.1.0.nrjavaserial.jar:/home/travis/build/icyphy/ptII/p
tolemy/moml/test:/home/travis/build/icyphy/ptII/ant/lib/ant-launcher.jar:/home/
travis/build/icyphy/ptII/ant/lib/ant.jar:/home/travis/build/icyphy/ptII/ant/lib
/ant-junit.jar:/home/travis/build/icyphy/ptII/ant/lib/ant-junit4.jar:/home/trav
is/build/icyphy/ptII ModularCodeGenPubSub3_A1_A2_profile.java
total 1292
-rw-rw-r-- 1 travis travis   233 Sep 23 02:20 Array.class
-rw-rw-r-- 1 travis travis   459 Sep 23 02:20 Array.java
-rw-rw-r-- 1 travis travis  4895 Sep 23 02:19 CompiledCompositeActor_CompiledCompositeActor.class
-rw-rw-r-- 1 travis travis  1592 Sep 23 02:19 CompiledCompositeActor_CompiledCompositeActor$_CompiledCompositeActor_CompiledCompositeActor.class
-rw-rw-r-- 1 travis travis 13466 Sep 23 02:19 CompiledCompositeActor_CompiledCompositeActor.java
-rw-rw-r-- 1 travis travis  1593 Sep 23 02:19 CompiledCompositeActor_CompiledCompositeActor.mk
-rw-rw-r-- 1 travis travis  4457 Sep 23 02:19 JavaCompiledCompositeTest1_CompiledCompositeActor.class
-rw-rw-r-- 1 travis travis 11637 Sep 23 02:19 JavaCompiledCompositeTest1_CompiledCompositeActor.java
-rw-rw-r-- 1 travis travis  1198 Sep 23 02:19 JavaCompiledCompositeTest1_CompiledCompositeActor$_JavaCompiledCompositeTest1_CompiledCompositeActor.class
-rw-rw-r-- 1 travis travis  1625 Sep 23 02:19 JavaCompiledCompositeTest1_CompiledCompositeActor.mk
-rw-rw-r-- 1 travis travis  4888 Sep 23 02:19 JavaCompiledCompositeTest2_CompiledCompositeActor.class
-rw-rw-r-- 1 travis travis 14919 Sep 23 02:19 JavaCompiledCompositeTest2_CompiledCompositeActor.java
-rw-rw-r-- 1 travis travis  1793 Sep 23 02:19 JavaCompiledCompositeTest2_CompiledCompositeActor$_JavaCompiledCompositeTest2_CompiledCompositeActor.class
-rw-rw-r-- 1 travis travis  1625 Sep 23 02:19 JavaCompiledCompositeTest2_CompiledCompositeActor.mk
-rw-rw-r-- 1 travis travis  4505 Sep 23 02:19 JavaCompiledCompositeTest3_CompiledCompositeActor.class
-rw-rw-r-- 1 travis travis 13080 Sep 23 02:19 JavaCompiledCompositeTest3_CompiledCompositeActor.java
-rw-rw-r-- 1 travis travis  1378 Sep 23 02:19 JavaCompiledCompositeTest3_CompiledCompositeActor$_JavaCompiledCompositeTest3_CompiledCompositeActor.class
-rw-rw-r-- 1 travis travis  1625 Sep 23 02:19 JavaCompiledCompositeTest3_CompiledCompositeActor.mk
-rw-rw-r-- 1 travis travis  3953 Sep 23 02:19 JavaCompiledCompositeTest4_CompiledCompositeActor.class
-rw-rw-r-- 1 travis travis  9687 Sep 23 02:19 JavaCompiledCompositeTest4_CompiledCompositeActor.java
-rw-rw-r-- 1 travis travis   857 Sep 23 02:19 JavaCompiledCompositeTest4_CompiledCompositeActor$_JavaCompiledCompositeTest4_CompiledCompositeActor.class
-rw-rw-r-- 1 travis travis  1625 Sep 23 02:19 JavaCompiledCompositeTest4_CompiledCompositeActor.mk
-rw-rw-r-- 1 travis travis  3693 Sep 23 02:19 ModularCG_A1_B1.class
-rw-rw-r-- 1 travis travis  9730 Sep 23 02:19 ModularCG_A1_B1.java
-rw-rw-r-- 1 travis travis   832 Sep 23 02:19 ModularCG_A1_B1.mk
-rw-rw-r-- 1 travis travis  1318 Sep 23 02:19 ModularCG_A1_B1_profile.class
-rw-rw-r-- 1 travis travis  1262 Sep 23 02:19 ModularCG_A1_B1_profile.java
-rw-rw-r-- 1 travis travis  3693 Sep 23 02:19 ModularCG_A1_B2.class
-rw-rw-r-- 1 travis travis  9730 Sep 23 02:19 ModularCG_A1_B2.java
-rw-rw-r-- 1 travis travis   832 Sep 23 02:19 ModularCG_A1_B2.mk
-rw-rw-r-- 1 travis travis  1318 Sep 23 02:19 ModularCG_A1_B2_profile.class
-rw-rw-r-- 1 travis travis  1262 Sep 23 02:19 ModularCG_A1_B2_profile.java
-rw-rw-r-- 1 travis travis  4799 Sep 23 02:19 ModularCG_A1.class
-rw-rw-r-- 1 travis travis 14742 Sep 23 02:19 ModularCG_A1.java
-rw-rw-r-- 1 travis travis   808 Sep 23 02:19 ModularCG_A1.mk
-rw-rw-r-- 1 travis travis  1433 Sep 23 02:19 ModularCG_A1_profile.class
-rw-rw-r-- 1 travis travis  1704 Sep 23 02:19 ModularCG_A1_profile.java
-rw-rw-r-- 1 travis travis  3827 Sep 23 02:19 ModularCG_A2_B1.class
-rw-rw-r-- 1 travis travis 10667 Sep 23 02:19 ModularCG_A2_B1.java
-rw-rw-r-- 1 travis travis   832 Sep 23 02:19 ModularCG_A2_B1.mk
-rw-rw-r-- 1 travis travis  1381 Sep 23 02:19 ModularCG_A2_B1_profile.class
-rw-rw-r-- 1 travis travis  1446 Sep 23 02:19 ModularCG_A2_B1_profile.java
-rw-rw-r-- 1 travis travis  3693 Sep 23 02:19 ModularCG_A2_B2.class
-rw-rw-r-- 1 travis travis  9730 Sep 23 02:19 ModularCG_A2_B2.java
-rw-rw-r-- 1 travis travis   832 Sep 23 02:19 ModularCG_A2_B2.mk
-rw-rw-r-- 1 travis travis  1318 Sep 23 02:19 ModularCG_A2_B2_profile.class
-rw-rw-r-- 1 travis travis  1262 Sep 23 02:19 ModularCG_A2_B2_profile.java
-rw-rw-r-- 1 travis travis  4870 Sep 23 02:19 ModularCG_A2.class
-rw-rw-r-- 1 travis travis 15129 Sep 23 02:19 ModularCG_A2.java
-rw-rw-r-- 1 travis travis   808 Sep 23 02:19 ModularCG_A2.mk
-rw-rw-r-- 1 travis travis  1433 Sep 23 02:19 ModularCG_A2_profile.class
-rw-rw-r-- 1 travis travis  1704 Sep 23 02:19 ModularCG_A2_profile.java
-rw-rw-r-- 1 travis travis  3473 Sep 23 02:19 ModularCGPubSub_A1_A2.class
-rw-rw-r-- 1 travis travis  9076 Sep 23 02:19 ModularCGPubSub_A1_A2.java
-rw-rw-r-- 1 travis travis   880 Sep 23 02:19 ModularCGPubSub_A1_A2.mk
-rw-rw-r-- 1 travis travis  1300 Sep 23 02:19 ModularCGPubSub_A1_A2_profile.class
-rw-rw-r-- 1 travis travis  1222 Sep 23 02:19 ModularCGPubSub_A1_A2_profile.java
-rw-rw-r-- 1 travis travis  3790 Sep 23 02:19 ModularCGPubSub_A1.class
-rw-rw-r-- 1 travis travis  9836 Sep 23 02:19 ModularCGPubSub_A1.java
-rw-rw-r-- 1 travis travis   856 Sep 23 02:19 ModularCGPubSub_A1.mk
-rw-rw-r-- 1 travis travis  1346 Sep 23 02:19 ModularCGPubSub_A1_profile.class
-rw-rw-r-- 1 travis travis  1388 Sep 23 02:19 ModularCGPubSub_A1_profile.java
-rw-rw-r-- 1 travis travis  3988 Sep 23 02:19 ModularCodeGen2_ModularCodeGenTypedCompositeActor.class
-rw-rw-r-- 1 travis travis 11690 Sep 23 02:19 ModularCodeGen2_ModularCodeGenTypedCompositeActor.java
-rw-rw-r-- 1 travis travis  1104 Sep 23 02:19 ModularCodeGen2_ModularCodeGenTypedCompositeActor.mk
-rw-rw-r-- 1 travis travis  4272 Sep 23 02:19 ModularCodeGen2_ModularCodeGenTypedCompositeActor_ModularCodeGenTypedCompositeActor.class
-rw-rw-r-- 1 travis travis 11790 Sep 23 02:19 ModularCodeGen2_ModularCodeGenTypedCompositeActor_ModularCodeGenTypedCompositeActor.java
-rw-rw-r-- 1 travis travis  1376 Sep 23 02:19 ModularCodeGen2_ModularCodeGenTypedCompositeActor_ModularCodeGenTypedCompositeActor.mk
-rw-rw-r-- 1 travis travis  1421 Sep 23 02:19 ModularCodeGen2_ModularCodeGenTypedCompositeActor_ModularCodeGenTypedCompositeActor_profile.class
-rw-rw-r-- 1 travis travis  1294 Sep 23 02:19 ModularCodeGen2_ModularCodeGenTypedCompositeActor_ModularCodeGenTypedCompositeActor_profile.java
-rw-rw-r-- 1 travis travis   820 Sep 23 02:19 ModularCodeGen2_ModularCodeGenTypedCompositeActor_profile.class
-rw-rw-r-- 1 travis travis   693 Sep 23 02:19 ModularCodeGen2_ModularCodeGenTypedCompositeActor_profile.java
-rw-rw-r-- 1 travis travis  3741 Sep 23 02:19 ModularCodeGen3_A1_B1.class
-rw-rw-r-- 1 travis travis  9958 Sep 23 02:19 ModularCodeGen3_A1_B1.java
-rw-rw-r-- 1 travis travis   880 Sep 23 02:19 ModularCodeGen3_A1_B1.mk
-rw-rw-r-- 1 travis travis  1330 Sep 23 02:19 ModularCodeGen3_A1_B1_profile.class
-rw-rw-r-- 1 travis travis  1274 Sep 23 02:19 ModularCodeGen3_A1_B1_profile.java
-rw-rw-r-- 1 travis travis  3741 Sep 23 02:19 ModularCodeGen3_A1_B2.class
-rw-rw-r-- 1 travis travis  9958 Sep 23 02:19 ModularCodeGen3_A1_B2.java
-rw-rw-r-- 1 travis travis   880 Sep 23 02:19 ModularCodeGen3_A1_B2.mk
-rw-rw-r-- 1 travis travis  1330 Sep 23 02:19 ModularCodeGen3_A1_B2_profile.class
-rw-rw-r-- 1 travis travis  1274 Sep 23 02:19 ModularCodeGen3_A1_B2_profile.java
-rw-rw-r-- 1 travis travis  4961 Sep 23 02:19 ModularCodeGen3_A1.class
-rw-rw-r-- 1 travis travis 15564 Sep 23 02:19 ModularCodeGen3_A1.java
-rw-rw-r-- 1 travis travis   856 Sep 23 02:19 ModularCodeGen3_A1.mk
-rw-rw-r-- 1 travis travis  1445 Sep 23 02:19 ModularCodeGen3_A1_profile.class
-rw-rw-r-- 1 travis travis  1716 Sep 23 02:19 ModularCodeGen3_A1_profile.java
-rw-rw-r-- 1 travis travis  3887 Sep 23 02:19 ModularCodeGen3_A2_B1.class
-rw-rw-r-- 1 travis travis 10955 Sep 23 02:19 ModularCodeGen3_A2_B1.java
-rw-rw-r-- 1 travis travis   880 Sep 23 02:19 ModularCodeGen3_A2_B1.mk
-rw-rw-r-- 1 travis travis  1393 Sep 23 02:19 ModularCodeGen3_A2_B1_profile.class
-rw-rw-r-- 1 travis travis  1458 Sep 23 02:19 ModularCodeGen3_A2_B1_profile.java
-rw-rw-r-- 1 travis travis  3741 Sep 23 02:19 ModularCodeGen3_A2_B2.class
-rw-rw-r-- 1 travis travis  9958 Sep 23 02:19 ModularCodeGen3_A2_B2.java
-rw-rw-r-- 1 travis travis   880 Sep 23 02:19 ModularCodeGen3_A2_B2.mk
-rw-rw-r-- 1 travis travis  1330 Sep 23 02:19 ModularCodeGen3_A2_B2_profile.class
-rw-rw-r-- 1 travis travis  1274 Sep 23 02:19 ModularCodeGen3_A2_B2_profile.java
-rw-rw-r-- 1 travis travis  5038 Sep 23 02:19 ModularCodeGen3_A2.class
-rw-rw-r-- 1 travis travis 15957 Sep 23 02:19 ModularCodeGen3_A2.java
-rw-rw-r-- 1 travis travis   856 Sep 23 02:19 ModularCodeGen3_A2.mk
-rw-rw-r-- 1 travis travis  1445 Sep 23 02:19 ModularCodeGen3_A2_profile.class
-rw-rw-r-- 1 travis travis  1716 Sep 23 02:19 ModularCodeGen3_A2_profile.java
-rw-rw-r-- 1 travis travis  3794 Sep 23 02:19 ModularCodeGen4_A1_B1.class
-rw-rw-r-- 1 travis travis 10312 Sep 23 02:19 ModularCodeGen4_A1_B1.java
-rw-rw-r-- 1 travis travis   880 Sep 23 02:19 ModularCodeGen4_A1_B1.mk
-rw-rw-r-- 1 travis travis  1330 Sep 23 02:19 ModularCodeGen4_A1_B1_profile.class
-rw-rw-r-- 1 travis travis  1273 Sep 23 02:19 ModularCodeGen4_A1_B1_profile.java
-rw-rw-r-- 1 travis travis  3794 Sep 23 02:19 ModularCodeGen4_A1_B2.class
-rw-rw-r-- 1 travis travis 10312 Sep 23 02:19 ModularCodeGen4_A1_B2.java
-rw-rw-r-- 1 travis travis   880 Sep 23 02:19 ModularCodeGen4_A1_B2.mk
-rw-rw-r-- 1 travis travis  1330 Sep 23 02:19 ModularCodeGen4_A1_B2_profile.class
-rw-rw-r-- 1 travis travis  1273 Sep 23 02:19 ModularCodeGen4_A1_B2_profile.java
-rw-rw-r-- 1 travis travis  5101 Sep 23 02:19 ModularCodeGen4_A1.class
-rw-rw-r-- 1 travis travis 16245 Sep 23 02:19 ModularCodeGen4_A1.java
-rw-rw-r-- 1 travis travis   856 Sep 23 02:19 ModularCodeGen4_A1.mk
-rw-rw-r-- 1 travis travis  1445 Sep 23 02:19 ModularCodeGen4_A1_profile.class
-rw-rw-r-- 1 travis travis  1712 Sep 23 02:19 ModularCodeGen4_A1_profile.java
-rw-rw-r-- 1 travis travis  3988 Sep 23 02:20 ModularCodeGen4_A2_B1.class
-rw-rw-r-- 1 travis travis 11375 Sep 23 02:20 ModularCodeGen4_A2_B1.java
-rw-rw-r-- 1 travis travis   880 Sep 23 02:20 ModularCodeGen4_A2_B1.mk
-rw-rw-r-- 1 travis travis  1393 Sep 23 02:20 ModularCodeGen4_A2_B1_profile.class
-rw-rw-r-- 1 travis travis  1454 Sep 23 02:19 ModularCodeGen4_A2_B1_profile.java
-rw-rw-r-- 1 travis travis  3842 Sep 23 02:20 ModularCodeGen4_A2_B2.class
-rw-rw-r-- 1 travis travis 10378 Sep 23 02:20 ModularCodeGen4_A2_B2.java
-rw-rw-r-- 1 travis travis   880 Sep 23 02:20 ModularCodeGen4_A2_B2.mk
-rw-rw-r-- 1 travis travis  1330 Sep 23 02:20 ModularCodeGen4_A2_B2_profile.class
-rw-rw-r-- 1 travis travis  1270 Sep 23 02:20 ModularCodeGen4_A2_B2_profile.java
-rw-rw-r-- 1 travis travis  5274 Sep 23 02:20 ModularCodeGen4_A2.class
-rw-rw-r-- 1 travis travis 16770 Sep 23 02:20 ModularCodeGen4_A2.java
-rw-rw-r-- 1 travis travis   856 Sep 23 02:20 ModularCodeGen4_A2.mk
-rw-rw-r-- 1 travis travis  1445 Sep 23 02:20 ModularCodeGen4_A2_profile.class
-rw-rw-r-- 1 travis travis  1712 Sep 23 02:20 ModularCodeGen4_A2_profile.java
-rw-rw-r-- 1 travis travis  6838 Sep 23 02:20 ModularCodeGen5_A_A.class
-rw-rw-r-- 1 travis travis 28721 Sep 23 02:20 ModularCodeGen5_A_A.java
-rw-rw-r-- 1 travis travis   864 Sep 23 02:20 ModularCodeGen5_A_A.mk
-rw-rw-r-- 1 travis travis  1520 Sep 23 02:20 ModularCodeGen5_A_A_profile.class
-rw-rw-r-- 1 travis travis  1815 Sep 23 02:20 ModularCodeGen5_A_A_profile.java
-rw-rw-r-- 1 travis travis  5115 Sep 23 02:20 ModularCodeGen5_A.class
-rw-rw-r-- 1 travis travis 13769 Sep 23 02:20 ModularCodeGen5_A.java
-rw-rw-r-- 1 travis travis   848 Sep 23 02:20 ModularCodeGen5_A.mk
-rw-rw-r-- 1 travis travis  1422 Sep 23 02:20 ModularCodeGen5_A_profile.class
-rw-rw-r-- 1 travis travis  1605 Sep 23 02:20 ModularCodeGen5_A_profile.java
-rw-rw-r-- 1 travis travis  4125 Sep 23 02:20 ModularCodeGen6_A_A2.class
-rw-rw-r-- 1 travis travis 11329 Sep 23 02:20 ModularCodeGen6_A_A2.java
-rw-rw-r-- 1 travis travis   872 Sep 23 02:20 ModularCodeGen6_A_A2.mk
-rw-rw-r-- 1 travis travis  1351 Sep 23 02:20 ModularCodeGen6_A_A2_profile.class
-rw-rw-r-- 1 travis travis  1364 Sep 23 02:20 ModularCodeGen6_A_A2_profile.java
-rw-rw-r-- 1 travis travis  4108 Sep 23 02:20 ModularCodeGen6_A_A.class
-rw-rw-r-- 1 travis travis 11221 Sep 23 02:20 ModularCodeGen6_A_A.java
-rw-rw-r-- 1 travis travis   864 Sep 23 02:20 ModularCodeGen6_A_A.mk
-rw-rw-r-- 1 travis travis  1348 Sep 23 02:20 ModularCodeGen6_A_A_profile.class
-rw-rw-r-- 1 travis travis  1361 Sep 23 02:20 ModularCodeGen6_A_A_profile.java
-rw-rw-r-- 1 travis travis  7237 Sep 23 02:20 ModularCodeGen6_A.class
-rw-rw-r-- 1 travis travis 26535 Sep 23 02:20 ModularCodeGen6_A.java
-rw-rw-r-- 1 travis travis   848 Sep 23 02:20 ModularCodeGen6_A.mk
-rw-rw-r-- 1 travis travis  1483 Sep 23 02:20 ModularCodeGen6_A_profile.class
-rw-rw-r-- 1 travis travis  1810 Sep 23 02:20 ModularCodeGen6_A_profile.java
-rw-rw-r-- 1 travis travis  9439 Sep 23 02:20 ModularCodeGenLazyPubSubGlobal_CompositeActor_ModularCodeGenTypedComposite.class
-rw-rw-r-- 1 travis travis 30161 Sep 23 02:20 ModularCodeGenLazyPubSubGlobal_CompositeActor_ModularCodeGenTypedComposite.java
-rw-rw-r-- 1 travis travis  1304 Sep 23 02:20 ModularCodeGenLazyPubSubGlobal_CompositeActor_ModularCodeGenTypedComposite.mk
-rw-rw-r-- 1 travis travis  1438 Sep 23 02:20 ModularCodeGenLazyPubSubGlobal_CompositeActor_ModularCodeGenTypedComposite_profile.class
-rw-rw-r-- 1 travis travis  1384 Sep 23 02:20 ModularCodeGenLazyPubSubGlobal_CompositeActor_ModularCodeGenTypedComposite_profile.java
-rw-rw-r-- 1 travis travis  3952 Sep 23 02:20 ModularCodeGenLazyPubSub_LazyCompositeActor.class
-rw-rw-r-- 1 travis travis 11122 Sep 23 02:20 ModularCodeGenLazyPubSub_LazyCompositeActor.java
-rw-rw-r-- 1 travis travis  1056 Sep 23 02:20 ModularCodeGenLazyPubSub_LazyCompositeActor.mk
-rw-rw-r-- 1 travis travis  1286 Sep 23 02:20 ModularCodeGenLazyPubSub_LazyCompositeActor_profile.class
-rw-rw-r-- 1 travis travis  1091 Sep 23 02:20 ModularCodeGenLazyPubSub_LazyCompositeActor_profile.java
-rw-rw-r-- 1 travis travis  3954 Sep 23 02:19 ModularCodeGen_ModularCodeGenTypedCompositeActor.class
-rw-rw-r-- 1 travis travis 10970 Sep 23 02:19 ModularCodeGen_ModularCodeGenTypedCompositeActor.java
-rw-rw-r-- 1 travis travis  1096 Sep 23 02:19 ModularCodeGen_ModularCodeGenTypedCompositeActor.mk
-rw-rw-r-- 1 travis travis  1384 Sep 23 02:19 ModularCodeGen_ModularCodeGenTypedCompositeActor_profile.class
-rw-rw-r-- 1 travis travis  1328 Sep 23 02:19 ModularCodeGen_ModularCodeGenTypedCompositeActor_profile.java
-rw-rw-r-- 1 travis travis  3441 Sep 23 02:20 ModularCodeGenPubSub2_A1_A.class
-rw-rw-r-- 1 travis travis  8578 Sep 23 02:20 ModularCodeGenPubSub2_A1_A.java
-rw-rw-r-- 1 travis travis   920 Sep 23 02:20 ModularCodeGenPubSub2_A1_A.mk
-rw-rw-r-- 1 travis travis  1274 Sep 23 02:20 ModularCodeGenPubSub2_A1_A_profile.class
-rw-rw-r-- 1 travis travis  1128 Sep 23 02:20 ModularCodeGenPubSub2_A1_A_profile.java
-rw-rw-r-- 1 travis travis  3733 Sep 23 02:20 ModularCodeGenPubSub2_A1.class
-rw-rw-r-- 1 travis travis  9781 Sep 23 02:20 ModularCodeGenPubSub2_A1.java
-rw-rw-r-- 1 travis travis   904 Sep 23 02:20 ModularCodeGenPubSub2_A1.mk
-rw-rw-r-- 1 travis travis  1268 Sep 23 02:20 ModularCodeGenPubSub2_A1_profile.class
-rw-rw-r-- 1 travis travis  1196 Sep 23 02:20 ModularCodeGenPubSub2_A1_profile.java
-rw-rw-r-- 1 travis travis  1132 Sep 23 02:20 ModularCodeGenPubSub3_A1_A2_profile.java
-rw-rw-r-- 1 travis travis  3475 Sep 23 02:20 ModularCodeGenPubSub_A1.class
-rw-rw-r-- 1 travis travis  9060 Sep 23 02:20 ModularCodeGenPubSub_A1.java
-rw-rw-r-- 1 travis travis   896 Sep 23 02:20 ModularCodeGenPubSub_A1.mk
-rw-rw-r-- 1 travis travis  1278 Sep 23 02:20 ModularCodeGenPubSub_A1_profile.class
-rw-rw-r-- 1 travis travis  1195 Sep 23 02:20 ModularCodeGenPubSub_A1_profile.java
-rw-rw-r-- 1 travis travis  3492 Sep 23 02:19 ModularCodeGenTest_A1_A2.class
-rw-rw-r-- 1 travis travis  9164 Sep 23 02:18 ModularCodeGenTest_A1_A2.java
-rw-rw-r-- 1 travis travis   904 Sep 23 02:18 ModularCodeGenTest_A1_A2.mk
-rw-rw-r-- 1 travis travis  1306 Sep 23 02:18 ModularCodeGenTest_A1_A2_profile.class
-rw-rw-r-- 1 travis travis  1228 Sep 23 02:18 ModularCodeGenTest_A1_A2_profile.java
-rw-rw-r-- 1 travis travis  3823 Sep 23 02:19 ModularCodeGenTest_A1.class
-rw-rw-r-- 1 travis travis  9968 Sep 23 02:19 ModularCodeGenTest_A1.java
-rw-rw-r-- 1 travis travis   880 Sep 23 02:19 ModularCodeGenTest_A1.mk
-rw-rw-r-- 1 travis travis  1352 Sep 23 02:19 ModularCodeGenTest_A1_profile.class
-rw-rw-r-- 1 travis travis  1394 Sep 23 02:19 ModularCodeGenTest_A1_profile.java
-rw-rw-r-- 1 travis travis   432 Sep 23 02:20 Token.class
-rw-rw-r-- 1 travis travis   251 Sep 23 02:20 Token.java
warning: Supported source version 'RELEASE_6' from annotation processor 'org.netbeans.modules.openide.util.NbBundleProcessor' less than -source '1.8'
warning: Supported source version 'RELEASE_6' from annotation processor 'org.netbeans.modules.openide.util.URLStreamHandlerRegistrationProcessor' less than -source '1.8'
warning: Supported source version 'RELEASE_6' from annotation processor 'org.netbeans.modules.openide.util.ServiceProviderProcessor' less than -source '1.8'
3 warnings
All Done
Writing ModularCodeGenPubSub3_A1_A2.java in file:/home/travis/cg/ (8599 characters)
Reading "ptolemy/cg/kernel/generic/program/procedural/java/modular/makefile.in",
    writing "/home/travis/cg/ModularCodeGenPubSub3_A1_A2.mk"
Using ptolemy/cg/kernel/generic/program/procedural/java/modular/makefile.in
In "/home/travis/cg", about to execute:
    make -f ModularCodeGenPubSub3_A1_A2.mk
javac -classpath ".:.."    ModularCodeGenPubSub3_A1_A2.java
All Done
In "/home/travis/cg", about to execute:
    pwd
In "/home/travis/cg", about to execute:
    ls -l
/home/travis/cg
In "/home/travis/cg", about to execute:
    javac -classpath
.:/home/travis/build/icyphy/ptII:/home/travis/build/icyphy/ptII/lib/bsh-2.0b4.j
ar:/home/travis/build/icyphy/ptII/lib/ptCal.jar:/home/travis/build/icyphy/ptII/
lib/java_cup.jar:/home/travis/build/icyphy/ptII/lib/saxon8.jar:/home/travis/bui
ld/icyphy/ptII/lib/saxon8-dom.jar:/home/travis/build/icyphy/ptII/lib/chic.jar:/
home/travis/build/icyphy/ptII/lib/ptcolt.jar:/usr/lib/jvm/java-8-oracle/lib/too
ls.jar:/usr/lib/eclipse/plugins/org.eclipse.jdt.core_3.8.2.dist.jar:/usr/lib/ec
lipse/plugins/org.eclipse.core.runtime_3.8.0.dist.jar:/usr/lib/eclipse/plugins/
org.eclipse.osgi_3.8.1.dist.jar:/usr/lib/eclipse/plugins/org.eclipse.core.resou
rces_3.8.1.dist.jar:/usr/lib/eclipse/plugins/org.eclipse.equinox.common_3.6.100
.dist.jar:/usr/lib/eclipse/plugins/org.eclipse.core.jobs_3.5.200.dist.jar:/usr/
lib/eclipse/plugins/org.eclipse.core.contenttype_3.4.200.dist.jar:/usr/lib/ecli
pse/plugins/org.eclipse.equinox.preferences_3.5.0.dist.jar:/usr/lib/eclipse/plu
gins/org.eclipse.text_3.5.200.dist.jar:/usr/lib/eclipse/plugins/org.eclipse.ui.
workbench_3.8.1.dist.jar:/usr/lib/eclipse/plugins/org.eclipse.jface_3.8.0.dist.
jar:/usr/lib/eclipse/plugins/org.eclipse.swt_3.8.2.jar:/usr/lib/eclipse/plugins
/org.eclipse.jface.text_3.8.1.dist.jar:/usr/lib/eclipse/plugins/org.eclipse.ui.
workbench.texteditor_3.8.0.dist.jar:/usr/lib/eclipse/plugins/org.eclipse.ui.edi
tors_3.8.0.dist.jar:/usr/lib/eclipse/plugins/org.eclipse.core.commands_3.6.1.di
st.jar:/usr/lib/eclipse/plugins/org.eclipse.equinox.registry_3.5.200.dist.jar:/
usr/lib/eclipse/plugins/org.eclipse.ui.console_3.5.100.dist.jar:/usr/lib/eclips
e/plugins/org.eclipse.ui.forms_3.5.200.dist.jar:/usr/lib/eclipse/plugins/org.ec
lipse.ui.ide_3.8.1.dist.jar:/home/travis/build/icyphy/ptII/vendors/oracle/dbxml
.jar:/home/travis/build/icyphy/ptII/vendors/oracle/db.jar:/home/travis/build/ic
yphy/ptII/vendors/misc/itext/iText.jar:/home/travis/build/icyphy/ptII/lib/g4ltl
.jar:/home/travis/build/icyphy/ptII/lib/StructuralCoder.jar:/home/travis/build/
icyphy/ptII/lib/org-openide-util.jar:/home/travis/build/icyphy/ptII/lib/org-ope
nide-util-lookup.jar:/home/travis/build/icyphy/ptII/lib/org-netbeans-api-visual
.jar:/home/travis/build/icyphy/ptII/vendors/jai-1_1_2_01/lib/jai_core.jar:/home
/travis/build/icyphy/ptII/vendors/jai-1_1_2_01/lib/jai_codec.jar:/home/travis/b
uild/icyphy/ptII/lib/jcerti.jar:/home/travis/build/icyphy/ptII/lib/smack.jar:/h
ome/travis/build/icyphy/ptII/lib/smackx.jar:/home/travis/build/icyphy/ptII/lib/
jetty-all-8.1.5-v20120716.jar:/home/travis/build/icyphy/ptII/lib/javax.servlet-
api-3.0.1.jar:/home/travis/build/icyphy/ptII/lib/javax.mail.jar:/home/travis/bu
ild/icyphy/ptII/vendors/JMF-2.1.1e/lib/jmf.jar:/home/travis/build/icyphy/ptII/l
ib/jna-4.0.0-variadic.jar:/home/travis/build/icyphy/ptII/vendors/misc/joystick/
Joystick.jar:/home/travis/build/icyphy/ptII/lib/ptjacl.jar:/home/travis/build/i
cyphy/ptII/lib/jsoup-1.8.2.jar:/home/travis/build/icyphy/ptII/lib/junit-4.8.2.j
ar:/home/travis/build/icyphy/ptII/lib/JUnitParams-0.4.0.jar:/home/travis/build/
icyphy/ptII/ptolemy/actor/lib/excel/jxl.jar:/home/travis/build/icyphy/ptII/lib/
jython.jar:/home/travis/build/icyphy/ptII/lib/kieler.jar:/home/travis/build/icy
phy/ptII/vendors/opencv/share/OpenCV/java/opencv-341.jar:/home/travis/build/icy
phy/ptII/lib/oscP5.jar:/home/travis/build/icyphy/ptII/lib/nrjavaserial-3.11.0.d
evel.jar:/home/travis/build/icyphy/ptII/vendors/j3d/lib/j3dcore.jar:/home/travi
s/build/icyphy/ptII/vendors/j3d/lib/j3dutils.jar:/home/travis/build/icyphy/ptII
/vendors/j3d/lib/vecmath.jar:/home/travis/build/icyphy/ptII/ptolemy/distributed
/jini/jar/jini-core.jar:/home/travis/build/icyphy/ptII/ptolemy/distributed/jini
/jar/jini-ext.jar:/home/travis/build/icyphy/ptII/ptolemy/distributed/jini/jar/s
un-util.jar:/home/travis/build/icyphy/ptII/lib/protobuf-java-2.4.1.jar:/home/tr
avis/build/icyphy/ptII/lib/org.eclipse.paho.client.mqttv3.jar:/home/travis/buil
d/icyphy/ptII/ptserver/lib/hessian-4.0.7.jar:/home/travis/build/icyphy/ptII/pts
erver/lib/wmqtt.jar:/home/travis/build/icyphy/ptII/lib/mapss.jar:/home/travis/b
uild/icyphy/ptII/ptolemy/actor/ptalon/antlr/antlr.jar:/home/travis/build/icyphy
/ptII/lib/JRI.jar:/home/travis/build/icyphy/ptII/lib/commons-lang-2.6.jar:/home
/travis/build/icyphy/ptII/lib/commons-logging-1.1.1.jar:/home/travis/build/icyp
hy/ptII/lib/sootclasses.jar:/home/travis/build/icyphy/ptII/ptolemy/actor/lib/da
tabase/mysql-connector-java-5.1.6-bin.jar:/home/travis/build/icyphy/ptII/vendor
s/misc/sphinx4/sphinx4-data-5prealpha.jar:/home/travis/build/icyphy/ptII/vendor
s/misc/sphinx4/sphinx4-core-5prealpha.jar:/home/travis/build/icyphy/ptII/lib/PD
FRenderer.jar:/home/travis/build/icyphy/ptII/lib/svgSalamander.jar:/home/travis
/build/icyphy/ptII/lib/rsyntaxtextarea-2.6.0-SNAPSHOT.jar:/home/travis/build/ic
yphy/ptII/lib/hazelcast-3.8.2.jar:/home/travis/build/icyphy/ptII/lib/jackson-an
notations-2.9.0.jar:/home/travis/build/icyphy/ptII/lib/jackson-core-2.9.3.jar:/
home/travis/build/icyphy/ptII/lib/jackson-databind-2.9.3.jar:/home/travis/build
/icyphy/ptII/lib/netty-buffer-4.1.19.Final.jar:/home/travis/build/icyphy/ptII/l
ib/netty-codec-4.1.19.Final.jar:/home/travis/build/icyphy/ptII/lib/netty-codec-
dns-4.1.19.Final.jar:/home/travis/build/icyphy/ptII/lib/netty-codec-http-4.1.19
.Final.jar:/home/travis/build/icyphy/ptII/lib/netty-codec-http2-4.1.19.Final.ja
r:/home/travis/build/icyphy/ptII/lib/netty-common-4.1.19.Final.jar:/home/travis
/build/icyphy/ptII/lib/netty-handler-4.1.19.Final.jar:/home/travis/build/icyphy
/ptII/lib/netty-resolver-4.1.19.Final.jar:/home/travis/build/icyphy/ptII/lib/ne
tty-resolver-dns-4.1.19.Final.jar:/home/travis/build/icyphy/ptII/lib/netty-tran
sport-4.1.19.Final.jar:/home/travis/build/icyphy/ptII/lib/vertx-codegen-3.5.1.j
ar:/home/travis/build/icyphy/ptII/lib/vertx-core-3.5.2-SNAPSHOT.jar:/home/travi
s/build/icyphy/ptII/lib/vertx-hazelcast-3.5.1.jar:/home/travis/build/icyphy/ptI
I/lib/vertx-lang-js-3.5.1.jar:/home/travis/build/icyphy/ptII/lib/vertx-service-
proxy-3.5.1.jar:/home/travis/build/icyphy/ptII/lib/vertx-web-3.5.1.jar:/home/tr
avis/build/icyphy/ptII/lib/slf4j-api-1.7.13.jar:/home/travis/build/icyphy/ptII/
lib/slf4j-simple-1.7.13.jar:/home/travis/build/icyphy/ptII/lib/webcam-capture-0
.3.12.jar:/home/travis/build/icyphy/ptII/lib/bridj-0.7.0.jar:/home/travis/build
/icyphy/ptII/lib/xbjlib-1.1.0.nrjavaserial.jar:/home/travis/build/icyphy/ptII/p
tolemy/moml/test:/home/travis/build/icyphy/ptII/ant/lib/ant-launcher.jar:/home/
travis/build/icyphy/ptII/ant/lib/ant.jar:/home/travis/build/icyphy/ptII/ant/lib
/ant-junit.jar:/home/travis/build/icyphy/ptII/ant/lib/ant-junit4.jar:/home/trav
is/build/icyphy/ptII ModularCodeGenPubSub3_A1_profile.java
total 1320
-rw-rw-r-- 1 travis travis   233 Sep 23 02:20 Array.class
-rw-rw-r-- 1 travis travis   459 Sep 23 02:20 Array.java
-rw-rw-r-- 1 travis travis  4895 Sep 23 02:19 CompiledCompositeActor_CompiledCompositeActor.class
-rw-rw-r-- 1 travis travis  1592 Sep 23 02:19 CompiledCompositeActor_CompiledCompositeActor$_CompiledCompositeActor_CompiledCompositeActor.class
-rw-rw-r-- 1 travis travis 13466 Sep 23 02:19 CompiledCompositeActor_CompiledCompositeActor.java
-rw-rw-r-- 1 travis travis  1593 Sep 23 02:19 CompiledCompositeActor_CompiledCompositeActor.mk
-rw-rw-r-- 1 travis travis  4457 Sep 23 02:19 JavaCompiledCompositeTest1_CompiledCompositeActor.class
-rw-rw-r-- 1 travis travis 11637 Sep 23 02:19 JavaCompiledCompositeTest1_CompiledCompositeActor.java
-rw-rw-r-- 1 travis travis  1198 Sep 23 02:19 JavaCompiledCompositeTest1_CompiledCompositeActor$_JavaCompiledCompositeTest1_CompiledCompositeActor.class
-rw-rw-r-- 1 travis travis  1625 Sep 23 02:19 JavaCompiledCompositeTest1_CompiledCompositeActor.mk
-rw-rw-r-- 1 travis travis  4888 Sep 23 02:19 JavaCompiledCompositeTest2_CompiledCompositeActor.class
-rw-rw-r-- 1 travis travis 14919 Sep 23 02:19 JavaCompiledCompositeTest2_CompiledCompositeActor.java
-rw-rw-r-- 1 travis travis  1793 Sep 23 02:19 JavaCompiledCompositeTest2_CompiledCompositeActor$_JavaCompiledCompositeTest2_CompiledCompositeActor.class
-rw-rw-r-- 1 travis travis  1625 Sep 23 02:19 JavaCompiledCompositeTest2_CompiledCompositeActor.mk
-rw-rw-r-- 1 travis travis  4505 Sep 23 02:19 JavaCompiledCompositeTest3_CompiledCompositeActor.class
-rw-rw-r-- 1 travis travis 13080 Sep 23 02:19 JavaCompiledCompositeTest3_CompiledCompositeActor.java
-rw-rw-r-- 1 travis travis  1378 Sep 23 02:19 JavaCompiledCompositeTest3_CompiledCompositeActor$_JavaCompiledCompositeTest3_CompiledCompositeActor.class
-rw-rw-r-- 1 travis travis  1625 Sep 23 02:19 JavaCompiledCompositeTest3_CompiledCompositeActor.mk
-rw-rw-r-- 1 travis travis  3953 Sep 23 02:19 JavaCompiledCompositeTest4_CompiledCompositeActor.class
-rw-rw-r-- 1 travis travis  9687 Sep 23 02:19 JavaCompiledCompositeTest4_CompiledCompositeActor.java
-rw-rw-r-- 1 travis travis   857 Sep 23 02:19 JavaCompiledCompositeTest4_CompiledCompositeActor$_JavaCompiledCompositeTest4_CompiledCompositeActor.class
-rw-rw-r-- 1 travis travis  1625 Sep 23 02:19 JavaCompiledCompositeTest4_CompiledCompositeActor.mk
-rw-rw-r-- 1 travis travis  3693 Sep 23 02:19 ModularCG_A1_B1.class
-rw-rw-r-- 1 travis travis  9730 Sep 23 02:19 ModularCG_A1_B1.java
-rw-rw-r-- 1 travis travis   832 Sep 23 02:19 ModularCG_A1_B1.mk
-rw-rw-r-- 1 travis travis  1318 Sep 23 02:19 ModularCG_A1_B1_profile.class
-rw-rw-r-- 1 travis travis  1262 Sep 23 02:19 ModularCG_A1_B1_profile.java
-rw-rw-r-- 1 travis travis  3693 Sep 23 02:19 ModularCG_A1_B2.class
-rw-rw-r-- 1 travis travis  9730 Sep 23 02:19 ModularCG_A1_B2.java
-rw-rw-r-- 1 travis travis   832 Sep 23 02:19 ModularCG_A1_B2.mk
-rw-rw-r-- 1 travis travis  1318 Sep 23 02:19 ModularCG_A1_B2_profile.class
-rw-rw-r-- 1 travis travis  1262 Sep 23 02:19 ModularCG_A1_B2_profile.java
-rw-rw-r-- 1 travis travis  4799 Sep 23 02:19 ModularCG_A1.class
-rw-rw-r-- 1 travis travis 14742 Sep 23 02:19 ModularCG_A1.java
-rw-rw-r-- 1 travis travis   808 Sep 23 02:19 ModularCG_A1.mk
-rw-rw-r-- 1 travis travis  1433 Sep 23 02:19 ModularCG_A1_profile.class
-rw-rw-r-- 1 travis travis  1704 Sep 23 02:19 ModularCG_A1_profile.java
-rw-rw-r-- 1 travis travis  3827 Sep 23 02:19 ModularCG_A2_B1.class
-rw-rw-r-- 1 travis travis 10667 Sep 23 02:19 ModularCG_A2_B1.java
-rw-rw-r-- 1 travis travis   832 Sep 23 02:19 ModularCG_A2_B1.mk
-rw-rw-r-- 1 travis travis  1381 Sep 23 02:19 ModularCG_A2_B1_profile.class
-rw-rw-r-- 1 travis travis  1446 Sep 23 02:19 ModularCG_A2_B1_profile.java
-rw-rw-r-- 1 travis travis  3693 Sep 23 02:19 ModularCG_A2_B2.class
-rw-rw-r-- 1 travis travis  9730 Sep 23 02:19 ModularCG_A2_B2.java
-rw-rw-r-- 1 travis travis   832 Sep 23 02:19 ModularCG_A2_B2.mk
-rw-rw-r-- 1 travis travis  1318 Sep 23 02:19 ModularCG_A2_B2_profile.class
-rw-rw-r-- 1 travis travis  1262 Sep 23 02:19 ModularCG_A2_B2_profile.java
-rw-rw-r-- 1 travis travis  4870 Sep 23 02:19 ModularCG_A2.class
-rw-rw-r-- 1 travis travis 15129 Sep 23 02:19 ModularCG_A2.java
-rw-rw-r-- 1 travis travis   808 Sep 23 02:19 ModularCG_A2.mk
-rw-rw-r-- 1 travis travis  1433 Sep 23 02:19 ModularCG_A2_profile.class
-rw-rw-r-- 1 travis travis  1704 Sep 23 02:19 ModularCG_A2_profile.java
-rw-rw-r-- 1 travis travis  3473 Sep 23 02:19 ModularCGPubSub_A1_A2.class
-rw-rw-r-- 1 travis travis  9076 Sep 23 02:19 ModularCGPubSub_A1_A2.java
-rw-rw-r-- 1 travis travis   880 Sep 23 02:19 ModularCGPubSub_A1_A2.mk
-rw-rw-r-- 1 travis travis  1300 Sep 23 02:19 ModularCGPubSub_A1_A2_profile.class
-rw-rw-r-- 1 travis travis  1222 Sep 23 02:19 ModularCGPubSub_A1_A2_profile.java
-rw-rw-r-- 1 travis travis  3790 Sep 23 02:19 ModularCGPubSub_A1.class
-rw-rw-r-- 1 travis travis  9836 Sep 23 02:19 ModularCGPubSub_A1.java
-rw-rw-r-- 1 travis travis   856 Sep 23 02:19 ModularCGPubSub_A1.mk
-rw-rw-r-- 1 travis travis  1346 Sep 23 02:19 ModularCGPubSub_A1_profile.class
-rw-rw-r-- 1 travis travis  1388 Sep 23 02:19 ModularCGPubSub_A1_profile.java
-rw-rw-r-- 1 travis travis  3988 Sep 23 02:19 ModularCodeGen2_ModularCodeGenTypedCompositeActor.class
-rw-rw-r-- 1 travis travis 11690 Sep 23 02:19 ModularCodeGen2_ModularCodeGenTypedCompositeActor.java
-rw-rw-r-- 1 travis travis  1104 Sep 23 02:19 ModularCodeGen2_ModularCodeGenTypedCompositeActor.mk
-rw-rw-r-- 1 travis travis  4272 Sep 23 02:19 ModularCodeGen2_ModularCodeGenTypedCompositeActor_ModularCodeGenTypedCompositeActor.class
-rw-rw-r-- 1 travis travis 11790 Sep 23 02:19 ModularCodeGen2_ModularCodeGenTypedCompositeActor_ModularCodeGenTypedCompositeActor.java
-rw-rw-r-- 1 travis travis  1376 Sep 23 02:19 ModularCodeGen2_ModularCodeGenTypedCompositeActor_ModularCodeGenTypedCompositeActor.mk
-rw-rw-r-- 1 travis travis  1421 Sep 23 02:19 ModularCodeGen2_ModularCodeGenTypedCompositeActor_ModularCodeGenTypedCompositeActor_profile.class
-rw-rw-r-- 1 travis travis  1294 Sep 23 02:19 ModularCodeGen2_ModularCodeGenTypedCompositeActor_ModularCodeGenTypedCompositeActor_profile.java
-rw-rw-r-- 1 travis travis   820 Sep 23 02:19 ModularCodeGen2_ModularCodeGenTypedCompositeActor_profile.class
-rw-rw-r-- 1 travis travis   693 Sep 23 02:19 ModularCodeGen2_ModularCodeGenTypedCompositeActor_profile.java
-rw-rw-r-- 1 travis travis  3741 Sep 23 02:19 ModularCodeGen3_A1_B1.class
-rw-rw-r-- 1 travis travis  9958 Sep 23 02:19 ModularCodeGen3_A1_B1.java
-rw-rw-r-- 1 travis travis   880 Sep 23 02:19 ModularCodeGen3_A1_B1.mk
-rw-rw-r-- 1 travis travis  1330 Sep 23 02:19 ModularCodeGen3_A1_B1_profile.class
-rw-rw-r-- 1 travis travis  1274 Sep 23 02:19 ModularCodeGen3_A1_B1_profile.java
-rw-rw-r-- 1 travis travis  3741 Sep 23 02:19 ModularCodeGen3_A1_B2.class
-rw-rw-r-- 1 travis travis  9958 Sep 23 02:19 ModularCodeGen3_A1_B2.java
-rw-rw-r-- 1 travis travis   880 Sep 23 02:19 ModularCodeGen3_A1_B2.mk
-rw-rw-r-- 1 travis travis  1330 Sep 23 02:19 ModularCodeGen3_A1_B2_profile.class
-rw-rw-r-- 1 travis travis  1274 Sep 23 02:19 ModularCodeGen3_A1_B2_profile.java
-rw-rw-r-- 1 travis travis  4961 Sep 23 02:19 ModularCodeGen3_A1.class
-rw-rw-r-- 1 travis travis 15564 Sep 23 02:19 ModularCodeGen3_A1.java
-rw-rw-r-- 1 travis travis   856 Sep 23 02:19 ModularCodeGen3_A1.mk
-rw-rw-r-- 1 travis travis  1445 Sep 23 02:19 ModularCodeGen3_A1_profile.class
-rw-rw-r-- 1 travis travis  1716 Sep 23 02:19 ModularCodeGen3_A1_profile.java
-rw-rw-r-- 1 travis travis  3887 Sep 23 02:19 ModularCodeGen3_A2_B1.class
-rw-rw-r-- 1 travis travis 10955 Sep 23 02:19 ModularCodeGen3_A2_B1.java
-rw-rw-r-- 1 travis travis   880 Sep 23 02:19 ModularCodeGen3_A2_B1.mk
-rw-rw-r-- 1 travis travis  1393 Sep 23 02:19 ModularCodeGen3_A2_B1_profile.class
-rw-rw-r-- 1 travis travis  1458 Sep 23 02:19 ModularCodeGen3_A2_B1_profile.java
-rw-rw-r-- 1 travis travis  3741 Sep 23 02:19 ModularCodeGen3_A2_B2.class
-rw-rw-r-- 1 travis travis  9958 Sep 23 02:19 ModularCodeGen3_A2_B2.java
-rw-rw-r-- 1 travis travis   880 Sep 23 02:19 ModularCodeGen3_A2_B2.mk
-rw-rw-r-- 1 travis travis  1330 Sep 23 02:19 ModularCodeGen3_A2_B2_profile.class
-rw-rw-r-- 1 travis travis  1274 Sep 23 02:19 ModularCodeGen3_A2_B2_profile.java
-rw-rw-r-- 1 travis travis  5038 Sep 23 02:19 ModularCodeGen3_A2.class
-rw-rw-r-- 1 travis travis 15957 Sep 23 02:19 ModularCodeGen3_A2.java
-rw-rw-r-- 1 travis travis   856 Sep 23 02:19 ModularCodeGen3_A2.mk
-rw-rw-r-- 1 travis travis  1445 Sep 23 02:19 ModularCodeGen3_A2_profile.class
-rw-rw-r-- 1 travis travis  1716 Sep 23 02:19 ModularCodeGen3_A2_profile.java
-rw-rw-r-- 1 travis travis  3794 Sep 23 02:19 ModularCodeGen4_A1_B1.class
-rw-rw-r-- 1 travis travis 10312 Sep 23 02:19 ModularCodeGen4_A1_B1.java
-rw-rw-r-- 1 travis travis   880 Sep 23 02:19 ModularCodeGen4_A1_B1.mk
-rw-rw-r-- 1 travis travis  1330 Sep 23 02:19 ModularCodeGen4_A1_B1_profile.class
-rw-rw-r-- 1 travis travis  1273 Sep 23 02:19 ModularCodeGen4_A1_B1_profile.java
-rw-rw-r-- 1 travis travis  3794 Sep 23 02:19 ModularCodeGen4_A1_B2.class
-rw-rw-r-- 1 travis travis 10312 Sep 23 02:19 ModularCodeGen4_A1_B2.java
-rw-rw-r-- 1 travis travis   880 Sep 23 02:19 ModularCodeGen4_A1_B2.mk
-rw-rw-r-- 1 travis travis  1330 Sep 23 02:19 ModularCodeGen4_A1_B2_profile.class
-rw-rw-r-- 1 travis travis  1273 Sep 23 02:19 ModularCodeGen4_A1_B2_profile.java
-rw-rw-r-- 1 travis travis  5101 Sep 23 02:19 ModularCodeGen4_A1.class
-rw-rw-r-- 1 travis travis 16245 Sep 23 02:19 ModularCodeGen4_A1.java
-rw-rw-r-- 1 travis travis   856 Sep 23 02:19 ModularCodeGen4_A1.mk
-rw-rw-r-- 1 travis travis  1445 Sep 23 02:19 ModularCodeGen4_A1_profile.class
-rw-rw-r-- 1 travis travis  1712 Sep 23 02:19 ModularCodeGen4_A1_profile.java
-rw-rw-r-- 1 travis travis  3988 Sep 23 02:20 ModularCodeGen4_A2_B1.class
-rw-rw-r-- 1 travis travis 11375 Sep 23 02:20 ModularCodeGen4_A2_B1.java
-rw-rw-r-- 1 travis travis   880 Sep 23 02:20 ModularCodeGen4_A2_B1.mk
-rw-rw-r-- 1 travis travis  1393 Sep 23 02:20 ModularCodeGen4_A2_B1_profile.class
-rw-rw-r-- 1 travis travis  1454 Sep 23 02:19 ModularCodeGen4_A2_B1_profile.java
-rw-rw-r-- 1 travis travis  3842 Sep 23 02:20 ModularCodeGen4_A2_B2.class
-rw-rw-r-- 1 travis travis 10378 Sep 23 02:20 ModularCodeGen4_A2_B2.java
-rw-rw-r-- 1 travis travis   880 Sep 23 02:20 ModularCodeGen4_A2_B2.mk
-rw-rw-r-- 1 travis travis  1330 Sep 23 02:20 ModularCodeGen4_A2_B2_profile.class
-rw-rw-r-- 1 travis travis  1270 Sep 23 02:20 ModularCodeGen4_A2_B2_profile.java
-rw-rw-r-- 1 travis travis  5274 Sep 23 02:20 ModularCodeGen4_A2.class
-rw-rw-r-- 1 travis travis 16770 Sep 23 02:20 ModularCodeGen4_A2.java
-rw-rw-r-- 1 travis travis   856 Sep 23 02:20 ModularCodeGen4_A2.mk
-rw-rw-r-- 1 travis travis  1445 Sep 23 02:20 ModularCodeGen4_A2_profile.class
-rw-rw-r-- 1 travis travis  1712 Sep 23 02:20 ModularCodeGen4_A2_profile.java
-rw-rw-r-- 1 travis travis  6838 Sep 23 02:20 ModularCodeGen5_A_A.class
-rw-rw-r-- 1 travis travis 28721 Sep 23 02:20 ModularCodeGen5_A_A.java
-rw-rw-r-- 1 travis travis   864 Sep 23 02:20 ModularCodeGen5_A_A.mk
-rw-rw-r-- 1 travis travis  1520 Sep 23 02:20 ModularCodeGen5_A_A_profile.class
-rw-rw-r-- 1 travis travis  1815 Sep 23 02:20 ModularCodeGen5_A_A_profile.java
-rw-rw-r-- 1 travis travis  5115 Sep 23 02:20 ModularCodeGen5_A.class
-rw-rw-r-- 1 travis travis 13769 Sep 23 02:20 ModularCodeGen5_A.java
-rw-rw-r-- 1 travis travis   848 Sep 23 02:20 ModularCodeGen5_A.mk
-rw-rw-r-- 1 travis travis  1422 Sep 23 02:20 ModularCodeGen5_A_profile.class
-rw-rw-r-- 1 travis travis  1605 Sep 23 02:20 ModularCodeGen5_A_profile.java
-rw-rw-r-- 1 travis travis  4125 Sep 23 02:20 ModularCodeGen6_A_A2.class
-rw-rw-r-- 1 travis travis 11329 Sep 23 02:20 ModularCodeGen6_A_A2.java
-rw-rw-r-- 1 travis travis   872 Sep 23 02:20 ModularCodeGen6_A_A2.mk
-rw-rw-r-- 1 travis travis  1351 Sep 23 02:20 ModularCodeGen6_A_A2_profile.class
-rw-rw-r-- 1 travis travis  1364 Sep 23 02:20 ModularCodeGen6_A_A2_profile.java
-rw-rw-r-- 1 travis travis  4108 Sep 23 02:20 ModularCodeGen6_A_A.class
-rw-rw-r-- 1 travis travis 11221 Sep 23 02:20 ModularCodeGen6_A_A.java
-rw-rw-r-- 1 travis travis   864 Sep 23 02:20 ModularCodeGen6_A_A.mk
-rw-rw-r-- 1 travis travis  1348 Sep 23 02:20 ModularCodeGen6_A_A_profile.class
-rw-rw-r-- 1 travis travis  1361 Sep 23 02:20 ModularCodeGen6_A_A_profile.java
-rw-rw-r-- 1 travis travis  7237 Sep 23 02:20 ModularCodeGen6_A.class
-rw-rw-r-- 1 travis travis 26535 Sep 23 02:20 ModularCodeGen6_A.java
-rw-rw-r-- 1 travis travis   848 Sep 23 02:20 ModularCodeGen6_A.mk
-rw-rw-r-- 1 travis travis  1483 Sep 23 02:20 ModularCodeGen6_A_profile.class
-rw-rw-r-- 1 travis travis  1810 Sep 23 02:20 ModularCodeGen6_A_profile.java
-rw-rw-r-- 1 travis travis  9439 Sep 23 02:20 ModularCodeGenLazyPubSubGlobal_CompositeActor_ModularCodeGenTypedComposite.class
-rw-rw-r-- 1 travis travis 30161 Sep 23 02:20 ModularCodeGenLazyPubSubGlobal_CompositeActor_ModularCodeGenTypedComposite.java
-rw-rw-r-- 1 travis travis  1304 Sep 23 02:20 ModularCodeGenLazyPubSubGlobal_CompositeActor_ModularCodeGenTypedComposite.mk
-rw-rw-r-- 1 travis travis  1438 Sep 23 02:20 ModularCodeGenLazyPubSubGlobal_CompositeActor_ModularCodeGenTypedComposite_profile.class
-rw-rw-r-- 1 travis travis  1384 Sep 23 02:20 ModularCodeGenLazyPubSubGlobal_CompositeActor_ModularCodeGenTypedComposite_profile.java
-rw-rw-r-- 1 travis travis  3952 Sep 23 02:20 ModularCodeGenLazyPubSub_LazyCompositeActor.class
-rw-rw-r-- 1 travis travis 11122 Sep 23 02:20 ModularCodeGenLazyPubSub_LazyCompositeActor.java
-rw-rw-r-- 1 travis travis  1056 Sep 23 02:20 ModularCodeGenLazyPubSub_LazyCompositeActor.mk
-rw-rw-r-- 1 travis travis  1286 Sep 23 02:20 ModularCodeGenLazyPubSub_LazyCompositeActor_profile.class
-rw-rw-r-- 1 travis travis  1091 Sep 23 02:20 ModularCodeGenLazyPubSub_LazyCompositeActor_profile.java
-rw-rw-r-- 1 travis travis  3954 Sep 23 02:19 ModularCodeGen_ModularCodeGenTypedCompositeActor.class
-rw-rw-r-- 1 travis travis 10970 Sep 23 02:19 ModularCodeGen_ModularCodeGenTypedCompositeActor.java
-rw-rw-r-- 1 travis travis  1096 Sep 23 02:19 ModularCodeGen_ModularCodeGenTypedCompositeActor.mk
-rw-rw-r-- 1 travis travis  1384 Sep 23 02:19 ModularCodeGen_ModularCodeGenTypedCompositeActor_profile.class
-rw-rw-r-- 1 travis travis  1328 Sep 23 02:19 ModularCodeGen_ModularCodeGenTypedCompositeActor_profile.java
-rw-rw-r-- 1 travis travis  3441 Sep 23 02:20 ModularCodeGenPubSub2_A1_A.class
-rw-rw-r-- 1 travis travis  8578 Sep 23 02:20 ModularCodeGenPubSub2_A1_A.java
-rw-rw-r-- 1 travis travis   920 Sep 23 02:20 ModularCodeGenPubSub2_A1_A.mk
-rw-rw-r-- 1 travis travis  1274 Sep 23 02:20 ModularCodeGenPubSub2_A1_A_profile.class
-rw-rw-r-- 1 travis travis  1128 Sep 23 02:20 ModularCodeGenPubSub2_A1_A_profile.java
-rw-rw-r-- 1 travis travis  3733 Sep 23 02:20 ModularCodeGenPubSub2_A1.class
-rw-rw-r-- 1 travis travis  9781 Sep 23 02:20 ModularCodeGenPubSub2_A1.java
-rw-rw-r-- 1 travis travis   904 Sep 23 02:20 ModularCodeGenPubSub2_A1.mk
-rw-rw-r-- 1 travis travis  1268 Sep 23 02:20 ModularCodeGenPubSub2_A1_profile.class
-rw-rw-r-- 1 travis travis  1196 Sep 23 02:20 ModularCodeGenPubSub2_A1_profile.java
-rw-rw-r-- 1 travis travis  3437 Sep 23 02:20 ModularCodeGenPubSub3_A1_A2.class
-rw-rw-r-- 1 travis travis  8599 Sep 23 02:20 ModularCodeGenPubSub3_A1_A2.java
-rw-rw-r-- 1 travis travis   928 Sep 23 02:20 ModularCodeGenPubSub3_A1_A2.mk
-rw-rw-r-- 1 travis travis  1287 Sep 23 02:20 ModularCodeGenPubSub3_A1_A2_profile.class
-rw-rw-r-- 1 travis travis  1132 Sep 23 02:20 ModularCodeGenPubSub3_A1_A2_profile.java
-rw-rw-r-- 1 travis travis  1400 Sep 23 02:20 ModularCodeGenPubSub3_A1_profile.java
-rw-rw-r-- 1 travis travis  3475 Sep 23 02:20 ModularCodeGenPubSub_A1.class
-rw-rw-r-- 1 travis travis  9060 Sep 23 02:20 ModularCodeGenPubSub_A1.java
-rw-rw-r-- 1 travis travis   896 Sep 23 02:20 ModularCodeGenPubSub_A1.mk
-rw-rw-r-- 1 travis travis  1278 Sep 23 02:20 ModularCodeGenPubSub_A1_profile.class
-rw-rw-r-- 1 travis travis  1195 Sep 23 02:20 ModularCodeGenPubSub_A1_profile.java
-rw-rw-r-- 1 travis travis  3492 Sep 23 02:19 ModularCodeGenTest_A1_A2.class
-rw-rw-r-- 1 travis travis  9164 Sep 23 02:18 ModularCodeGenTest_A1_A2.java
-rw-rw-r-- 1 travis travis   904 Sep 23 02:18 ModularCodeGenTest_A1_A2.mk
-rw-rw-r-- 1 travis travis  1306 Sep 23 02:18 ModularCodeGenTest_A1_A2_profile.class
-rw-rw-r-- 1 travis travis  1228 Sep 23 02:18 ModularCodeGenTest_A1_A2_profile.java
-rw-rw-r-- 1 travis travis  3823 Sep 23 02:19 ModularCodeGenTest_A1.class
-rw-rw-r-- 1 travis travis  9968 Sep 23 02:19 ModularCodeGenTest_A1.java
-rw-rw-r-- 1 travis travis   880 Sep 23 02:19 ModularCodeGenTest_A1.mk
-rw-rw-r-- 1 travis travis  1352 Sep 23 02:19 ModularCodeGenTest_A1_profile.class
-rw-rw-r-- 1 travis travis  1394 Sep 23 02:19 ModularCodeGenTest_A1_profile.java
-rw-rw-r-- 1 travis travis   432 Sep 23 02:20 Token.class
-rw-rw-r-- 1 travis travis   251 Sep 23 02:20 Token.java
warning: Supported source version 'RELEASE_6' from annotation processor 'org.netbeans.modules.openide.util.NbBundleProcessor' less than -source '1.8'
warning: Supported source version 'RELEASE_6' from annotation processor 'org.netbeans.modules.openide.util.URLStreamHandlerRegistrationProcessor' less than -source '1.8'
warning: Supported source version 'RELEASE_6' from annotation processor 'org.netbeans.modules.openide.util.ServiceProviderProcessor' less than -source '1.8'
3 warnings
All Done
Writing ModularCodeGenPubSub3_A1.java in file:/home/travis/cg/ (10100 characters)
Reading "ptolemy/cg/kernel/generic/program/procedural/java/modular/makefile.in",
    writing "/home/travis/cg/ModularCodeGenPubSub3_A1.mk"
Using ptolemy/cg/kernel/generic/program/procedural/java/modular/makefile.in
In "/home/travis/cg", about to execute:
    make -f ModularCodeGenPubSub3_A1.mk
javac -classpath ".:.."    ModularCodeGenPubSub3_A1.java
All Done
4504 ms. Memory: 202240K Free: 90606K (45%)
----------------- Invoking toplevel() on ptolemy.moml.MoMLSimpleApplication@7fb43d32
----------------- Done invoking toplevel() on ptolemy.moml.MoMLSimpleApplication@7fb43d32
reloadAllAccessors: .ModularCodeGenPubSub3

===========================================================================================
----------------- testing Sun Sep 23 02:20:34 UTC 2018 /home/travis/build/icyphy/ptII/ptolemy/cg/lib/test/auto/ModularCodeGenPubSub4.xml
----------------- Instantiating /home/travis/build/icyphy/ptII/ptolemy/cg/lib/test/auto/ModularCodeGenPubSub4.xml
In "/home/travis/cg", about to execute:
    pwd
In "/home/travis/cg", about to execute:
    ls -l
/home/travis/cg
In "/home/travis/cg", about to execute:
    javac -classpath
.:/home/travis/build/icyphy/ptII:/home/travis/build/icyphy/ptII/lib/bsh-2.0b4.j
ar:/home/travis/build/icyphy/ptII/lib/ptCal.jar:/home/travis/build/icyphy/ptII/
lib/java_cup.jar:/home/travis/build/icyphy/ptII/lib/saxon8.jar:/home/travis/bui
ld/icyphy/ptII/lib/saxon8-dom.jar:/home/travis/build/icyphy/ptII/lib/chic.jar:/
home/travis/build/icyphy/ptII/lib/ptcolt.jar:/usr/lib/jvm/java-8-oracle/lib/too
ls.jar:/usr/lib/eclipse/plugins/org.eclipse.jdt.core_3.8.2.dist.jar:/usr/lib/ec
lipse/plugins/org.eclipse.core.runtime_3.8.0.dist.jar:/usr/lib/eclipse/plugins/
org.eclipse.osgi_3.8.1.dist.jar:/usr/lib/eclipse/plugins/org.eclipse.core.resou
rces_3.8.1.dist.jar:/usr/lib/eclipse/plugins/org.eclipse.equinox.common_3.6.100
.dist.jar:/usr/lib/eclipse/plugins/org.eclipse.core.jobs_3.5.200.dist.jar:/usr/
lib/eclipse/plugins/org.eclipse.core.contenttype_3.4.200.dist.jar:/usr/lib/ecli
pse/plugins/org.eclipse.equinox.preferences_3.5.0.dist.jar:/usr/lib/eclipse/plu
gins/org.eclipse.text_3.5.200.dist.jar:/usr/lib/eclipse/plugins/org.eclipse.ui.
workbench_3.8.1.dist.jar:/usr/lib/eclipse/plugins/org.eclipse.jface_3.8.0.dist.
jar:/usr/lib/eclipse/plugins/org.eclipse.swt_3.8.2.jar:/usr/lib/eclipse/plugins
/org.eclipse.jface.text_3.8.1.dist.jar:/usr/lib/eclipse/plugins/org.eclipse.ui.
workbench.texteditor_3.8.0.dist.jar:/usr/lib/eclipse/plugins/org.eclipse.ui.edi
tors_3.8.0.dist.jar:/usr/lib/eclipse/plugins/org.eclipse.core.commands_3.6.1.di
st.jar:/usr/lib/eclipse/plugins/org.eclipse.equinox.registry_3.5.200.dist.jar:/
usr/lib/eclipse/plugins/org.eclipse.ui.console_3.5.100.dist.jar:/usr/lib/eclips
e/plugins/org.eclipse.ui.forms_3.5.200.dist.jar:/usr/lib/eclipse/plugins/org.ec
lipse.ui.ide_3.8.1.dist.jar:/home/travis/build/icyphy/ptII/vendors/oracle/dbxml
.jar:/home/travis/build/icyphy/ptII/vendors/oracle/db.jar:/home/travis/build/ic
yphy/ptII/vendors/misc/itext/iText.jar:/home/travis/build/icyphy/ptII/lib/g4ltl
.jar:/home/travis/build/icyphy/ptII/lib/StructuralCoder.jar:/home/travis/build/
icyphy/ptII/lib/org-openide-util.jar:/home/travis/build/icyphy/ptII/lib/org-ope
nide-util-lookup.jar:/home/travis/build/icyphy/ptII/lib/org-netbeans-api-visual
.jar:/home/travis/build/icyphy/ptII/vendors/jai-1_1_2_01/lib/jai_core.jar:/home
/travis/build/icyphy/ptII/vendors/jai-1_1_2_01/lib/jai_codec.jar:/home/travis/b
uild/icyphy/ptII/lib/jcerti.jar:/home/travis/build/icyphy/ptII/lib/smack.jar:/h
ome/travis/build/icyphy/ptII/lib/smackx.jar:/home/travis/build/icyphy/ptII/lib/
jetty-all-8.1.5-v20120716.jar:/home/travis/build/icyphy/ptII/lib/javax.servlet-
api-3.0.1.jar:/home/travis/build/icyphy/ptII/lib/javax.mail.jar:/home/travis/bu
ild/icyphy/ptII/vendors/JMF-2.1.1e/lib/jmf.jar:/home/travis/build/icyphy/ptII/l
ib/jna-4.0.0-variadic.jar:/home/travis/build/icyphy/ptII/vendors/misc/joystick/
Joystick.jar:/home/travis/build/icyphy/ptII/lib/ptjacl.jar:/home/travis/build/i
cyphy/ptII/lib/jsoup-1.8.2.jar:/home/travis/build/icyphy/ptII/lib/junit-4.8.2.j
ar:/home/travis/build/icyphy/ptII/lib/JUnitParams-0.4.0.jar:/home/travis/build/
icyphy/ptII/ptolemy/actor/lib/excel/jxl.jar:/home/travis/build/icyphy/ptII/lib/
jython.jar:/home/travis/build/icyphy/ptII/lib/kieler.jar:/home/travis/build/icy
phy/ptII/vendors/opencv/share/OpenCV/java/opencv-341.jar:/home/travis/build/icy
phy/ptII/lib/oscP5.jar:/home/travis/build/icyphy/ptII/lib/nrjavaserial-3.11.0.d
evel.jar:/home/travis/build/icyphy/ptII/vendors/j3d/lib/j3dcore.jar:/home/travi
s/build/icyphy/ptII/vendors/j3d/lib/j3dutils.jar:/home/travis/build/icyphy/ptII
/vendors/j3d/lib/vecmath.jar:/home/travis/build/icyphy/ptII/ptolemy/distributed
/jini/jar/jini-core.jar:/home/travis/build/icyphy/ptII/ptolemy/distributed/jini
/jar/jini-ext.jar:/home/travis/build/icyphy/ptII/ptolemy/distributed/jini/jar/s
un-util.jar:/home/travis/build/icyphy/ptII/lib/protobuf-java-2.4.1.jar:/home/tr
avis/build/icyphy/ptII/lib/org.eclipse.paho.client.mqttv3.jar:/home/travis/buil
d/icyphy/ptII/ptserver/lib/hessian-4.0.7.jar:/home/travis/build/icyphy/ptII/pts
erver/lib/wmqtt.jar:/home/travis/build/icyphy/ptII/lib/mapss.jar:/home/travis/b
uild/icyphy/ptII/ptolemy/actor/ptalon/antlr/antlr.jar:/home/travis/build/icyphy
/ptII/lib/JRI.jar:/home/travis/build/icyphy/ptII/lib/commons-lang-2.6.jar:/home
/travis/build/icyphy/ptII/lib/commons-logging-1.1.1.jar:/home/travis/build/icyp
hy/ptII/lib/sootclasses.jar:/home/travis/build/icyphy/ptII/ptolemy/actor/lib/da
tabase/mysql-connector-java-5.1.6-bin.jar:/home/travis/build/icyphy/ptII/vendor
s/misc/sphinx4/sphinx4-data-5prealpha.jar:/home/travis/build/icyphy/ptII/vendor
s/misc/sphinx4/sphinx4-core-5prealpha.jar:/home/travis/build/icyphy/ptII/lib/PD
FRenderer.jar:/home/travis/build/icyphy/ptII/lib/svgSalamander.jar:/home/travis
/build/icyphy/ptII/lib/rsyntaxtextarea-2.6.0-SNAPSHOT.jar:/home/travis/build/ic
yphy/ptII/lib/hazelcast-3.8.2.jar:/home/travis/build/icyphy/ptII/lib/jackson-an
notations-2.9.0.jar:/home/travis/build/icyphy/ptII/lib/jackson-core-2.9.3.jar:/
home/travis/build/icyphy/ptII/lib/jackson-databind-2.9.3.jar:/home/travis/build
/icyphy/ptII/lib/netty-buffer-4.1.19.Final.jar:/home/travis/build/icyphy/ptII/l
ib/netty-codec-4.1.19.Final.jar:/home/travis/build/icyphy/ptII/lib/netty-codec-
dns-4.1.19.Final.jar:/home/travis/build/icyphy/ptII/lib/netty-codec-http-4.1.19
.Final.jar:/home/travis/build/icyphy/ptII/lib/netty-codec-http2-4.1.19.Final.ja
r:/home/travis/build/icyphy/ptII/lib/netty-common-4.1.19.Final.jar:/home/travis
/build/icyphy/ptII/lib/netty-handler-4.1.19.Final.jar:/home/travis/build/icyphy
/ptII/lib/netty-resolver-4.1.19.Final.jar:/home/travis/build/icyphy/ptII/lib/ne
tty-resolver-dns-4.1.19.Final.jar:/home/travis/build/icyphy/ptII/lib/netty-tran
sport-4.1.19.Final.jar:/home/travis/build/icyphy/ptII/lib/vertx-codegen-3.5.1.j
ar:/home/travis/build/icyphy/ptII/lib/vertx-core-3.5.2-SNAPSHOT.jar:/home/travi
s/build/icyphy/ptII/lib/vertx-hazelcast-3.5.1.jar:/home/travis/build/icyphy/ptI
I/lib/vertx-lang-js-3.5.1.jar:/home/travis/build/icyphy/ptII/lib/vertx-service-
proxy-3.5.1.jar:/home/travis/build/icyphy/ptII/lib/vertx-web-3.5.1.jar:/home/tr
avis/build/icyphy/ptII/lib/slf4j-api-1.7.13.jar:/home/travis/build/icyphy/ptII/
lib/slf4j-simple-1.7.13.jar:/home/travis/build/icyphy/ptII/lib/webcam-capture-0
.3.12.jar:/home/travis/build/icyphy/ptII/lib/bridj-0.7.0.jar:/home/travis/build
/icyphy/ptII/lib/xbjlib-1.1.0.nrjavaserial.jar:/home/travis/build/icyphy/ptII/p
tolemy/moml/test:/home/travis/build/icyphy/ptII/ant/lib/ant-launcher.jar:/home/
travis/build/icyphy/ptII/ant/lib/ant.jar:/home/travis/build/icyphy/ptII/ant/lib
/ant-junit.jar:/home/travis/build/icyphy/ptII/ant/lib/ant-junit4.jar:/home/trav
is/build/icyphy/ptII ModularCodeGenPubSub4_A1_A_profile.java
total 1348
-rw-rw-r-- 1 travis travis   233 Sep 23 02:20 Array.class
-rw-rw-r-- 1 travis travis   459 Sep 23 02:20 Array.java
-rw-rw-r-- 1 travis travis  4895 Sep 23 02:19 CompiledCompositeActor_CompiledCompositeActor.class
-rw-rw-r-- 1 travis travis  1592 Sep 23 02:19 CompiledCompositeActor_CompiledCompositeActor$_CompiledCompositeActor_CompiledCompositeActor.class
-rw-rw-r-- 1 travis travis 13466 Sep 23 02:19 CompiledCompositeActor_CompiledCompositeActor.java
-rw-rw-r-- 1 travis travis  1593 Sep 23 02:19 CompiledCompositeActor_CompiledCompositeActor.mk
-rw-rw-r-- 1 travis travis  4457 Sep 23 02:19 JavaCompiledCompositeTest1_CompiledCompositeActor.class
-rw-rw-r-- 1 travis travis 11637 Sep 23 02:19 JavaCompiledCompositeTest1_CompiledCompositeActor.java
-rw-rw-r-- 1 travis travis  1198 Sep 23 02:19 JavaCompiledCompositeTest1_CompiledCompositeActor$_JavaCompiledCompositeTest1_CompiledCompositeActor.class
-rw-rw-r-- 1 travis travis  1625 Sep 23 02:19 JavaCompiledCompositeTest1_CompiledCompositeActor.mk
-rw-rw-r-- 1 travis travis  4888 Sep 23 02:19 JavaCompiledCompositeTest2_CompiledCompositeActor.class
-rw-rw-r-- 1 travis travis 14919 Sep 23 02:19 JavaCompiledCompositeTest2_CompiledCompositeActor.java
-rw-rw-r-- 1 travis travis  1793 Sep 23 02:19 JavaCompiledCompositeTest2_CompiledCompositeActor$_JavaCompiledCompositeTest2_CompiledCompositeActor.class
-rw-rw-r-- 1 travis travis  1625 Sep 23 02:19 JavaCompiledCompositeTest2_CompiledCompositeActor.mk
-rw-rw-r-- 1 travis travis  4505 Sep 23 02:19 JavaCompiledCompositeTest3_CompiledCompositeActor.class
-rw-rw-r-- 1 travis travis 13080 Sep 23 02:19 JavaCompiledCompositeTest3_CompiledCompositeActor.java
-rw-rw-r-- 1 travis travis  1378 Sep 23 02:19 JavaCompiledCompositeTest3_CompiledCompositeActor$_JavaCompiledCompositeTest3_CompiledCompositeActor.class
-rw-rw-r-- 1 travis travis  1625 Sep 23 02:19 JavaCompiledCompositeTest3_CompiledCompositeActor.mk
-rw-rw-r-- 1 travis travis  3953 Sep 23 02:19 JavaCompiledCompositeTest4_CompiledCompositeActor.class
-rw-rw-r-- 1 travis travis  9687 Sep 23 02:19 JavaCompiledCompositeTest4_CompiledCompositeActor.java
-rw-rw-r-- 1 travis travis   857 Sep 23 02:19 JavaCompiledCompositeTest4_CompiledCompositeActor$_JavaCompiledCompositeTest4_CompiledCompositeActor.class
-rw-rw-r-- 1 travis travis  1625 Sep 23 02:19 JavaCompiledCompositeTest4_CompiledCompositeActor.mk
-rw-rw-r-- 1 travis travis  3693 Sep 23 02:19 ModularCG_A1_B1.class
-rw-rw-r-- 1 travis travis  9730 Sep 23 02:19 ModularCG_A1_B1.java
-rw-rw-r-- 1 travis travis   832 Sep 23 02:19 ModularCG_A1_B1.mk
-rw-rw-r-- 1 travis travis  1318 Sep 23 02:19 ModularCG_A1_B1_profile.class
-rw-rw-r-- 1 travis travis  1262 Sep 23 02:19 ModularCG_A1_B1_profile.java
-rw-rw-r-- 1 travis travis  3693 Sep 23 02:19 ModularCG_A1_B2.class
-rw-rw-r-- 1 travis travis  9730 Sep 23 02:19 ModularCG_A1_B2.java
-rw-rw-r-- 1 travis travis   832 Sep 23 02:19 ModularCG_A1_B2.mk
-rw-rw-r-- 1 travis travis  1318 Sep 23 02:19 ModularCG_A1_B2_profile.class
-rw-rw-r-- 1 travis travis  1262 Sep 23 02:19 ModularCG_A1_B2_profile.java
-rw-rw-r-- 1 travis travis  4799 Sep 23 02:19 ModularCG_A1.class
-rw-rw-r-- 1 travis travis 14742 Sep 23 02:19 ModularCG_A1.java
-rw-rw-r-- 1 travis travis   808 Sep 23 02:19 ModularCG_A1.mk
-rw-rw-r-- 1 travis travis  1433 Sep 23 02:19 ModularCG_A1_profile.class
-rw-rw-r-- 1 travis travis  1704 Sep 23 02:19 ModularCG_A1_profile.java
-rw-rw-r-- 1 travis travis  3827 Sep 23 02:19 ModularCG_A2_B1.class
-rw-rw-r-- 1 travis travis 10667 Sep 23 02:19 ModularCG_A2_B1.java
-rw-rw-r-- 1 travis travis   832 Sep 23 02:19 ModularCG_A2_B1.mk
-rw-rw-r-- 1 travis travis  1381 Sep 23 02:19 ModularCG_A2_B1_profile.class
-rw-rw-r-- 1 travis travis  1446 Sep 23 02:19 ModularCG_A2_B1_profile.java
-rw-rw-r-- 1 travis travis  3693 Sep 23 02:19 ModularCG_A2_B2.class
-rw-rw-r-- 1 travis travis  9730 Sep 23 02:19 ModularCG_A2_B2.java
-rw-rw-r-- 1 travis travis   832 Sep 23 02:19 ModularCG_A2_B2.mk
-rw-rw-r-- 1 travis travis  1318 Sep 23 02:19 ModularCG_A2_B2_profile.class
-rw-rw-r-- 1 travis travis  1262 Sep 23 02:19 ModularCG_A2_B2_profile.java
-rw-rw-r-- 1 travis travis  4870 Sep 23 02:19 ModularCG_A2.class
-rw-rw-r-- 1 travis travis 15129 Sep 23 02:19 ModularCG_A2.java
-rw-rw-r-- 1 travis travis   808 Sep 23 02:19 ModularCG_A2.mk
-rw-rw-r-- 1 travis travis  1433 Sep 23 02:19 ModularCG_A2_profile.class
-rw-rw-r-- 1 travis travis  1704 Sep 23 02:19 ModularCG_A2_profile.java
-rw-rw-r-- 1 travis travis  3473 Sep 23 02:19 ModularCGPubSub_A1_A2.class
-rw-rw-r-- 1 travis travis  9076 Sep 23 02:19 ModularCGPubSub_A1_A2.java
-rw-rw-r-- 1 travis travis   880 Sep 23 02:19 ModularCGPubSub_A1_A2.mk
-rw-rw-r-- 1 travis travis  1300 Sep 23 02:19 ModularCGPubSub_A1_A2_profile.class
-rw-rw-r-- 1 travis travis  1222 Sep 23 02:19 ModularCGPubSub_A1_A2_profile.java
-rw-rw-r-- 1 travis travis  3790 Sep 23 02:19 ModularCGPubSub_A1.class
-rw-rw-r-- 1 travis travis  9836 Sep 23 02:19 ModularCGPubSub_A1.java
-rw-rw-r-- 1 travis travis   856 Sep 23 02:19 ModularCGPubSub_A1.mk
-rw-rw-r-- 1 travis travis  1346 Sep 23 02:19 ModularCGPubSub_A1_profile.class
-rw-rw-r-- 1 travis travis  1388 Sep 23 02:19 ModularCGPubSub_A1_profile.java
-rw-rw-r-- 1 travis travis  3988 Sep 23 02:19 ModularCodeGen2_ModularCodeGenTypedCompositeActor.class
-rw-rw-r-- 1 travis travis 11690 Sep 23 02:19 ModularCodeGen2_ModularCodeGenTypedCompositeActor.java
-rw-rw-r-- 1 travis travis  1104 Sep 23 02:19 ModularCodeGen2_ModularCodeGenTypedCompositeActor.mk
-rw-rw-r-- 1 travis travis  4272 Sep 23 02:19 ModularCodeGen2_ModularCodeGenTypedCompositeActor_ModularCodeGenTypedCompositeActor.class
-rw-rw-r-- 1 travis travis 11790 Sep 23 02:19 ModularCodeGen2_ModularCodeGenTypedCompositeActor_ModularCodeGenTypedCompositeActor.java
-rw-rw-r-- 1 travis travis  1376 Sep 23 02:19 ModularCodeGen2_ModularCodeGenTypedCompositeActor_ModularCodeGenTypedCompositeActor.mk
-rw-rw-r-- 1 travis travis  1421 Sep 23 02:19 ModularCodeGen2_ModularCodeGenTypedCompositeActor_ModularCodeGenTypedCompositeActor_profile.class
-rw-rw-r-- 1 travis travis  1294 Sep 23 02:19 ModularCodeGen2_ModularCodeGenTypedCompositeActor_ModularCodeGenTypedCompositeActor_profile.java
-rw-rw-r-- 1 travis travis   820 Sep 23 02:19 ModularCodeGen2_ModularCodeGenTypedCompositeActor_profile.class
-rw-rw-r-- 1 travis travis   693 Sep 23 02:19 ModularCodeGen2_ModularCodeGenTypedCompositeActor_profile.java
-rw-rw-r-- 1 travis travis  3741 Sep 23 02:19 ModularCodeGen3_A1_B1.class
-rw-rw-r-- 1 travis travis  9958 Sep 23 02:19 ModularCodeGen3_A1_B1.java
-rw-rw-r-- 1 travis travis   880 Sep 23 02:19 ModularCodeGen3_A1_B1.mk
-rw-rw-r-- 1 travis travis  1330 Sep 23 02:19 ModularCodeGen3_A1_B1_profile.class
-rw-rw-r-- 1 travis travis  1274 Sep 23 02:19 ModularCodeGen3_A1_B1_profile.java
-rw-rw-r-- 1 travis travis  3741 Sep 23 02:19 ModularCodeGen3_A1_B2.class
-rw-rw-r-- 1 travis travis  9958 Sep 23 02:19 ModularCodeGen3_A1_B2.java
-rw-rw-r-- 1 travis travis   880 Sep 23 02:19 ModularCodeGen3_A1_B2.mk
-rw-rw-r-- 1 travis travis  1330 Sep 23 02:19 ModularCodeGen3_A1_B2_profile.class
-rw-rw-r-- 1 travis travis  1274 Sep 23 02:19 ModularCodeGen3_A1_B2_profile.java
-rw-rw-r-- 1 travis travis  4961 Sep 23 02:19 ModularCodeGen3_A1.class
-rw-rw-r-- 1 travis travis 15564 Sep 23 02:19 ModularCodeGen3_A1.java
-rw-rw-r-- 1 travis travis   856 Sep 23 02:19 ModularCodeGen3_A1.mk
-rw-rw-r-- 1 travis travis  1445 Sep 23 02:19 ModularCodeGen3_A1_profile.class
-rw-rw-r-- 1 travis travis  1716 Sep 23 02:19 ModularCodeGen3_A1_profile.java
-rw-rw-r-- 1 travis travis  3887 Sep 23 02:19 ModularCodeGen3_A2_B1.class
-rw-rw-r-- 1 travis travis 10955 Sep 23 02:19 ModularCodeGen3_A2_B1.java
-rw-rw-r-- 1 travis travis   880 Sep 23 02:19 ModularCodeGen3_A2_B1.mk
-rw-rw-r-- 1 travis travis  1393 Sep 23 02:19 ModularCodeGen3_A2_B1_profile.class
-rw-rw-r-- 1 travis travis  1458 Sep 23 02:19 ModularCodeGen3_A2_B1_profile.java
-rw-rw-r-- 1 travis travis  3741 Sep 23 02:19 ModularCodeGen3_A2_B2.class
-rw-rw-r-- 1 travis travis  9958 Sep 23 02:19 ModularCodeGen3_A2_B2.java
-rw-rw-r-- 1 travis travis   880 Sep 23 02:19 ModularCodeGen3_A2_B2.mk
-rw-rw-r-- 1 travis travis  1330 Sep 23 02:19 ModularCodeGen3_A2_B2_profile.class
-rw-rw-r-- 1 travis travis  1274 Sep 23 02:19 ModularCodeGen3_A2_B2_profile.java
-rw-rw-r-- 1 travis travis  5038 Sep 23 02:19 ModularCodeGen3_A2.class
-rw-rw-r-- 1 travis travis 15957 Sep 23 02:19 ModularCodeGen3_A2.java
-rw-rw-r-- 1 travis travis   856 Sep 23 02:19 ModularCodeGen3_A2.mk
-rw-rw-r-- 1 travis travis  1445 Sep 23 02:19 ModularCodeGen3_A2_profile.class
-rw-rw-r-- 1 travis travis  1716 Sep 23 02:19 ModularCodeGen3_A2_profile.java
-rw-rw-r-- 1 travis travis  3794 Sep 23 02:19 ModularCodeGen4_A1_B1.class
-rw-rw-r-- 1 travis travis 10312 Sep 23 02:19 ModularCodeGen4_A1_B1.java
-rw-rw-r-- 1 travis travis   880 Sep 23 02:19 ModularCodeGen4_A1_B1.mk
-rw-rw-r-- 1 travis travis  1330 Sep 23 02:19 ModularCodeGen4_A1_B1_profile.class
-rw-rw-r-- 1 travis travis  1273 Sep 23 02:19 ModularCodeGen4_A1_B1_profile.java
-rw-rw-r-- 1 travis travis  3794 Sep 23 02:19 ModularCodeGen4_A1_B2.class
-rw-rw-r-- 1 travis travis 10312 Sep 23 02:19 ModularCodeGen4_A1_B2.java
-rw-rw-r-- 1 travis travis   880 Sep 23 02:19 ModularCodeGen4_A1_B2.mk
-rw-rw-r-- 1 travis travis  1330 Sep 23 02:19 ModularCodeGen4_A1_B2_profile.class
-rw-rw-r-- 1 travis travis  1273 Sep 23 02:19 ModularCodeGen4_A1_B2_profile.java
-rw-rw-r-- 1 travis travis  5101 Sep 23 02:19 ModularCodeGen4_A1.class
-rw-rw-r-- 1 travis travis 16245 Sep 23 02:19 ModularCodeGen4_A1.java
-rw-rw-r-- 1 travis travis   856 Sep 23 02:19 ModularCodeGen4_A1.mk
-rw-rw-r-- 1 travis travis  1445 Sep 23 02:19 ModularCodeGen4_A1_profile.class
-rw-rw-r-- 1 travis travis  1712 Sep 23 02:19 ModularCodeGen4_A1_profile.java
-rw-rw-r-- 1 travis travis  3988 Sep 23 02:20 ModularCodeGen4_A2_B1.class
-rw-rw-r-- 1 travis travis 11375 Sep 23 02:20 ModularCodeGen4_A2_B1.java
-rw-rw-r-- 1 travis travis   880 Sep 23 02:20 ModularCodeGen4_A2_B1.mk
-rw-rw-r-- 1 travis travis  1393 Sep 23 02:20 ModularCodeGen4_A2_B1_profile.class
-rw-rw-r-- 1 travis travis  1454 Sep 23 02:19 ModularCodeGen4_A2_B1_profile.java
-rw-rw-r-- 1 travis travis  3842 Sep 23 02:20 ModularCodeGen4_A2_B2.class
-rw-rw-r-- 1 travis travis 10378 Sep 23 02:20 ModularCodeGen4_A2_B2.java
-rw-rw-r-- 1 travis travis   880 Sep 23 02:20 ModularCodeGen4_A2_B2.mk
-rw-rw-r-- 1 travis travis  1330 Sep 23 02:20 ModularCodeGen4_A2_B2_profile.class
-rw-rw-r-- 1 travis travis  1270 Sep 23 02:20 ModularCodeGen4_A2_B2_profile.java
-rw-rw-r-- 1 travis travis  5274 Sep 23 02:20 ModularCodeGen4_A2.class
-rw-rw-r-- 1 travis travis 16770 Sep 23 02:20 ModularCodeGen4_A2.java
-rw-rw-r-- 1 travis travis   856 Sep 23 02:20 ModularCodeGen4_A2.mk
-rw-rw-r-- 1 travis travis  1445 Sep 23 02:20 ModularCodeGen4_A2_profile.class
-rw-rw-r-- 1 travis travis  1712 Sep 23 02:20 ModularCodeGen4_A2_profile.java
-rw-rw-r-- 1 travis travis  6838 Sep 23 02:20 ModularCodeGen5_A_A.class
-rw-rw-r-- 1 travis travis 28721 Sep 23 02:20 ModularCodeGen5_A_A.java
-rw-rw-r-- 1 travis travis   864 Sep 23 02:20 ModularCodeGen5_A_A.mk
-rw-rw-r-- 1 travis travis  1520 Sep 23 02:20 ModularCodeGen5_A_A_profile.class
-rw-rw-r-- 1 travis travis  1815 Sep 23 02:20 ModularCodeGen5_A_A_profile.java
-rw-rw-r-- 1 travis travis  5115 Sep 23 02:20 ModularCodeGen5_A.class
-rw-rw-r-- 1 travis travis 13769 Sep 23 02:20 ModularCodeGen5_A.java
-rw-rw-r-- 1 travis travis   848 Sep 23 02:20 ModularCodeGen5_A.mk
-rw-rw-r-- 1 travis travis  1422 Sep 23 02:20 ModularCodeGen5_A_profile.class
-rw-rw-r-- 1 travis travis  1605 Sep 23 02:20 ModularCodeGen5_A_profile.java
-rw-rw-r-- 1 travis travis  4125 Sep 23 02:20 ModularCodeGen6_A_A2.class
-rw-rw-r-- 1 travis travis 11329 Sep 23 02:20 ModularCodeGen6_A_A2.java
-rw-rw-r-- 1 travis travis   872 Sep 23 02:20 ModularCodeGen6_A_A2.mk
-rw-rw-r-- 1 travis travis  1351 Sep 23 02:20 ModularCodeGen6_A_A2_profile.class
-rw-rw-r-- 1 travis travis  1364 Sep 23 02:20 ModularCodeGen6_A_A2_profile.java
-rw-rw-r-- 1 travis travis  4108 Sep 23 02:20 ModularCodeGen6_A_A.class
-rw-rw-r-- 1 travis travis 11221 Sep 23 02:20 ModularCodeGen6_A_A.java
-rw-rw-r-- 1 travis travis   864 Sep 23 02:20 ModularCodeGen6_A_A.mk
-rw-rw-r-- 1 travis travis  1348 Sep 23 02:20 ModularCodeGen6_A_A_profile.class
-rw-rw-r-- 1 travis travis  1361 Sep 23 02:20 ModularCodeGen6_A_A_profile.java
-rw-rw-r-- 1 travis travis  7237 Sep 23 02:20 ModularCodeGen6_A.class
-rw-rw-r-- 1 travis travis 26535 Sep 23 02:20 ModularCodeGen6_A.java
-rw-rw-r-- 1 travis travis   848 Sep 23 02:20 ModularCodeGen6_A.mk
-rw-rw-r-- 1 travis travis  1483 Sep 23 02:20 ModularCodeGen6_A_profile.class
-rw-rw-r-- 1 travis travis  1810 Sep 23 02:20 ModularCodeGen6_A_profile.java
-rw-rw-r-- 1 travis travis  9439 Sep 23 02:20 ModularCodeGenLazyPubSubGlobal_CompositeActor_ModularCodeGenTypedComposite.class
-rw-rw-r-- 1 travis travis 30161 Sep 23 02:20 ModularCodeGenLazyPubSubGlobal_CompositeActor_ModularCodeGenTypedComposite.java
-rw-rw-r-- 1 travis travis  1304 Sep 23 02:20 ModularCodeGenLazyPubSubGlobal_CompositeActor_ModularCodeGenTypedComposite.mk
-rw-rw-r-- 1 travis travis  1438 Sep 23 02:20 ModularCodeGenLazyPubSubGlobal_CompositeActor_ModularCodeGenTypedComposite_profile.class
-rw-rw-r-- 1 travis travis  1384 Sep 23 02:20 ModularCodeGenLazyPubSubGlobal_CompositeActor_ModularCodeGenTypedComposite_profile.java
-rw-rw-r-- 1 travis travis  3952 Sep 23 02:20 ModularCodeGenLazyPubSub_LazyCompositeActor.class
-rw-rw-r-- 1 travis travis 11122 Sep 23 02:20 ModularCodeGenLazyPubSub_LazyCompositeActor.java
-rw-rw-r-- 1 travis travis  1056 Sep 23 02:20 ModularCodeGenLazyPubSub_LazyCompositeActor.mk
-rw-rw-r-- 1 travis travis  1286 Sep 23 02:20 ModularCodeGenLazyPubSub_LazyCompositeActor_profile.class
-rw-rw-r-- 1 travis travis  1091 Sep 23 02:20 ModularCodeGenLazyPubSub_LazyCompositeActor_profile.java
-rw-rw-r-- 1 travis travis  3954 Sep 23 02:19 ModularCodeGen_ModularCodeGenTypedCompositeActor.class
-rw-rw-r-- 1 travis travis 10970 Sep 23 02:19 ModularCodeGen_ModularCodeGenTypedCompositeActor.java
-rw-rw-r-- 1 travis travis  1096 Sep 23 02:19 ModularCodeGen_ModularCodeGenTypedCompositeActor.mk
-rw-rw-r-- 1 travis travis  1384 Sep 23 02:19 ModularCodeGen_ModularCodeGenTypedCompositeActor_profile.class
-rw-rw-r-- 1 travis travis  1328 Sep 23 02:19 ModularCodeGen_ModularCodeGenTypedCompositeActor_profile.java
-rw-rw-r-- 1 travis travis  3441 Sep 23 02:20 ModularCodeGenPubSub2_A1_A.class
-rw-rw-r-- 1 travis travis  8578 Sep 23 02:20 ModularCodeGenPubSub2_A1_A.java
-rw-rw-r-- 1 travis travis   920 Sep 23 02:20 ModularCodeGenPubSub2_A1_A.mk
-rw-rw-r-- 1 travis travis  1274 Sep 23 02:20 ModularCodeGenPubSub2_A1_A_profile.class
-rw-rw-r-- 1 travis travis  1128 Sep 23 02:20 ModularCodeGenPubSub2_A1_A_profile.java
-rw-rw-r-- 1 travis travis  3733 Sep 23 02:20 ModularCodeGenPubSub2_A1.class
-rw-rw-r-- 1 travis travis  9781 Sep 23 02:20 ModularCodeGenPubSub2_A1.java
-rw-rw-r-- 1 travis travis   904 Sep 23 02:20 ModularCodeGenPubSub2_A1.mk
-rw-rw-r-- 1 travis travis  1268 Sep 23 02:20 ModularCodeGenPubSub2_A1_profile.class
-rw-rw-r-- 1 travis travis  1196 Sep 23 02:20 ModularCodeGenPubSub2_A1_profile.java
-rw-rw-r-- 1 travis travis  3437 Sep 23 02:20 ModularCodeGenPubSub3_A1_A2.class
-rw-rw-r-- 1 travis travis  8599 Sep 23 02:20 ModularCodeGenPubSub3_A1_A2.java
-rw-rw-r-- 1 travis travis   928 Sep 23 02:20 ModularCodeGenPubSub3_A1_A2.mk
-rw-rw-r-- 1 travis travis  1287 Sep 23 02:20 ModularCodeGenPubSub3_A1_A2_profile.class
-rw-rw-r-- 1 travis travis  1132 Sep 23 02:20 ModularCodeGenPubSub3_A1_A2_profile.java
-rw-rw-r-- 1 travis travis  3856 Sep 23 02:20 ModularCodeGenPubSub3_A1.class
-rw-rw-r-- 1 travis travis 10100 Sep 23 02:20 ModularCodeGenPubSub3_A1.java
-rw-rw-r-- 1 travis travis   904 Sep 23 02:20 ModularCodeGenPubSub3_A1.mk
-rw-rw-r-- 1 travis travis  1358 Sep 23 02:20 ModularCodeGenPubSub3_A1_profile.class
-rw-rw-r-- 1 travis travis  1400 Sep 23 02:20 ModularCodeGenPubSub3_A1_profile.java
-rw-rw-r-- 1 travis travis  1128 Sep 23 02:20 ModularCodeGenPubSub4_A1_A_profile.java
-rw-rw-r-- 1 travis travis  3475 Sep 23 02:20 ModularCodeGenPubSub_A1.class
-rw-rw-r-- 1 travis travis  9060 Sep 23 02:20 ModularCodeGenPubSub_A1.java
-rw-rw-r-- 1 travis travis   896 Sep 23 02:20 ModularCodeGenPubSub_A1.mk
-rw-rw-r-- 1 travis travis  1278 Sep 23 02:20 ModularCodeGenPubSub_A1_profile.class
-rw-rw-r-- 1 travis travis  1195 Sep 23 02:20 ModularCodeGenPubSub_A1_profile.java
-rw-rw-r-- 1 travis travis  3492 Sep 23 02:19 ModularCodeGenTest_A1_A2.class
-rw-rw-r-- 1 travis travis  9164 Sep 23 02:18 ModularCodeGenTest_A1_A2.java
-rw-rw-r-- 1 travis travis   904 Sep 23 02:18 ModularCodeGenTest_A1_A2.mk
-rw-rw-r-- 1 travis travis  1306 Sep 23 02:18 ModularCodeGenTest_A1_A2_profile.class
-rw-rw-r-- 1 travis travis  1228 Sep 23 02:18 ModularCodeGenTest_A1_A2_profile.java
-rw-rw-r-- 1 travis travis  3823 Sep 23 02:19 ModularCodeGenTest_A1.class
-rw-rw-r-- 1 travis travis  9968 Sep 23 02:19 ModularCodeGenTest_A1.java
-rw-rw-r-- 1 travis travis   880 Sep 23 02:19 ModularCodeGenTest_A1.mk
-rw-rw-r-- 1 travis travis  1352 Sep 23 02:19 ModularCodeGenTest_A1_profile.class
-rw-rw-r-- 1 travis travis  1394 Sep 23 02:19 ModularCodeGenTest_A1_profile.java
-rw-rw-r-- 1 travis travis   432 Sep 23 02:20 Token.class
-rw-rw-r-- 1 travis travis   251 Sep 23 02:20 Token.java
warning: Supported source version 'RELEASE_6' from annotation processor 'org.netbeans.modules.openide.util.NbBundleProcessor' less than -source '1.8'
warning: Supported source version 'RELEASE_6' from annotation processor 'org.netbeans.modules.openide.util.URLStreamHandlerRegistrationProcessor' less than -source '1.8'
warning: Supported source version 'RELEASE_6' from annotation processor 'org.netbeans.modules.openide.util.ServiceProviderProcessor' less than -source '1.8'
3 warnings
All Done
Writing ModularCodeGenPubSub4_A1_A.java in file:/home/travis/cg/ (8578 characters)
Reading "ptolemy/cg/kernel/generic/program/procedural/java/modular/makefile.in",
    writing "/home/travis/cg/ModularCodeGenPubSub4_A1_A.mk"
Using ptolemy/cg/kernel/generic/program/procedural/java/modular/makefile.in
In "/home/travis/cg", about to execute:
    make -f ModularCodeGenPubSub4_A1_A.mk
javac -classpath ".:.."    ModularCodeGenPubSub4_A1_A.java
All Done
In "/home/travis/cg", about to execute:
    pwd
/home/travis/cg
In "/home/travis/cg", about to execute:
    ls -l
total 1376
-rw-rw-r-- 1 travis travis   233 Sep 23 02:20 Array.class
-rw-rw-r-- 1 travis travis   459 Sep 23 02:20 Array.java
-rw-rw-r-- 1 travis travis  4895 Sep 23 02:19 CompiledCompositeActor_CompiledCompositeActor.class
-rw-rw-r-- 1 travis travis  1592 Sep 23 02:19 CompiledCompositeActor_CompiledCompositeActor$_CompiledCompositeActor_CompiledCompositeActor.class
-rw-rw-r-- 1 travis travis 13466 Sep 23 02:19 CompiledCompositeActor_CompiledCompositeActor.java
-rw-rw-r-- 1 travis travis  1593 Sep 23 02:19 CompiledCompositeActor_CompiledCompositeActor.mk
-rw-rw-r-- 1 travis travis  4457 Sep 23 02:19 JavaCompiledCompositeTest1_CompiledCompositeActor.class
-rw-rw-r-- 1 travis travis 11637 Sep 23 02:19 JavaCompiledCompositeTest1_CompiledCompositeActor.java
-rw-rw-r-- 1 travis travis  1198 Sep 23 02:19 JavaCompiledCompositeTest1_CompiledCompositeActor$_JavaCompiledCompositeTest1_CompiledCompositeActor.class
-rw-rw-r-- 1 travis travis  1625 Sep 23 02:19 JavaCompiledCompositeTest1_CompiledCompositeActor.mk
-rw-rw-r-- 1 travis travis  4888 Sep 23 02:19 JavaCompiledCompositeTest2_CompiledCompositeActor.class
-rw-rw-r-- 1 travis travis 14919 Sep 23 02:19 JavaCompiledCompositeTest2_CompiledCompositeActor.java
-rw-rw-r-- 1 travis travis  1793 Sep 23 02:19 JavaCompiledCompositeTest2_CompiledCompositeActor$_JavaCompiledCompositeTest2_CompiledCompositeActor.class
-rw-rw-r-- 1 travis travis  1625 Sep 23 02:19 JavaCompiledCompositeTest2_CompiledCompositeActor.mk
-rw-rw-r-- 1 travis travis  4505 Sep 23 02:19 JavaCompiledCompositeTest3_CompiledCompositeActor.class
-rw-rw-r-- 1 travis travis 13080 Sep 23 02:19 JavaCompiledCompositeTest3_CompiledCompositeActor.java
-rw-rw-r-- 1 travis travis  1378 Sep 23 02:19 JavaCompiledCompositeTest3_CompiledCompositeActor$_JavaCompiledCompositeTest3_CompiledCompositeActor.class
-rw-rw-r-- 1 travis travis  1625 Sep 23 02:19 JavaCompiledCompositeTest3_CompiledCompositeActor.mk
-rw-rw-r-- 1 travis travis  3953 Sep 23 02:19 JavaCompiledCompositeTest4_CompiledCompositeActor.class
-rw-rw-r-- 1 travis travis  9687 Sep 23 02:19 JavaCompiledCompositeTest4_CompiledCompositeActor.java
-rw-rw-r-- 1 travis travis   857 Sep 23 02:19 JavaCompiledCompositeTest4_CompiledCompositeActor$_JavaCompiledCompositeTest4_CompiledCompositeActor.class
-rw-rw-r-- 1 travis travis  1625 Sep 23 02:19 JavaCompiledCompositeTest4_CompiledCompositeActor.mk
-rw-rw-r-- 1 travis travis  3693 Sep 23 02:19 ModularCG_A1_B1.class
-rw-rw-r-- 1 travis travis  9730 Sep 23 02:19 ModularCG_A1_B1.java
-rw-rw-r-- 1 travis travis   832 Sep 23 02:19 ModularCG_A1_B1.mk
-rw-rw-r-- 1 travis travis  1318 Sep 23 02:19 ModularCG_A1_B1_profile.class
-rw-rw-r-- 1 travis travis  1262 Sep 23 02:19 ModularCG_A1_B1_profile.java
-rw-rw-r-- 1 travis travis  3693 Sep 23 02:19 ModularCG_A1_B2.class
-rw-rw-r-- 1 travis travis  9730 Sep 23 02:19 ModularCG_A1_B2.java
-rw-rw-r-- 1 travis travis   832 Sep 23 02:19 ModularCG_A1_B2.mk
-rw-rw-r-- 1 travis travis  1318 Sep 23 02:19 ModularCG_A1_B2_profile.class
-rw-rw-r-- 1 travis travis  1262 Sep 23 02:19 ModularCG_A1_B2_profile.java
-rw-rw-r-- 1 travis travis  4799 Sep 23 02:19 ModularCG_A1.class
-rw-rw-r-- 1 travis travis 14742 Sep 23 02:19 ModularCG_A1.java
-rw-rw-r-- 1 travis travis   808 Sep 23 02:19 ModularCG_A1.mk
-rw-rw-r-- 1 travis travis  1433 Sep 23 02:19 ModularCG_A1_profile.class
-rw-rw-r-- 1 travis travis  1704 Sep 23 02:19 ModularCG_A1_profile.java
-rw-rw-r-- 1 travis travis  3827 Sep 23 02:19 ModularCG_A2_B1.class
-rw-rw-r-- 1 travis travis 10667 Sep 23 02:19 ModularCG_A2_B1.java
-rw-rw-r-- 1 travis travis   832 Sep 23 02:19 ModularCG_A2_B1.mk
-rw-rw-r-- 1 travis travis  1381 Sep 23 02:19 ModularCG_A2_B1_profile.class
-rw-rw-r-- 1 travis travis  1446 Sep 23 02:19 ModularCG_A2_B1_profile.java
-rw-rw-r-- 1 travis travis  3693 Sep 23 02:19 ModularCG_A2_B2.class
-rw-rw-r-- 1 travis travis  9730 Sep 23 02:19 ModularCG_A2_B2.java
-rw-rw-r-- 1 travis travis   832 Sep 23 02:19 ModularCG_A2_B2.mk
-rw-rw-r-- 1 travis travis  1318 Sep 23 02:19 ModularCG_A2_B2_profile.class
-rw-rw-r-- 1 travis travis  1262 Sep 23 02:19 ModularCG_A2_B2_profile.java
-rw-rw-r-- 1 travis travis  4870 Sep 23 02:19 ModularCG_A2.class
-rw-rw-r-- 1 travis travis 15129 Sep 23 02:19 ModularCG_A2.java
-rw-rw-r-- 1 travis travis   808 Sep 23 02:19 ModularCG_A2.mk
-rw-rw-r-- 1 travis travis  1433 Sep 23 02:19 ModularCG_A2_profile.class
-rw-rw-r-- 1 travis travis  1704 Sep 23 02:19 ModularCG_A2_profile.java
-rw-rw-r-- 1 travis travis  3473 Sep 23 02:19 ModularCGPubSub_A1_A2.class
-rw-rw-r-- 1 travis travis  9076 Sep 23 02:19 ModularCGPubSub_A1_A2.java
-rw-rw-r-- 1 travis travis   880 Sep 23 02:19 ModularCGPubSub_A1_A2.mk
-rw-rw-r-- 1 travis travis  1300 Sep 23 02:19 ModularCGPubSub_A1_A2_profile.class
-rw-rw-r-- 1 travis travis  1222 Sep 23 02:19 ModularCGPubSub_A1_A2_profile.java
-rw-rw-r-- 1 travis travis  3790 Sep 23 02:19 ModularCGPubSub_A1.class
-rw-rw-r-- 1 travis travis  9836 Sep 23 02:19 ModularCGPubSub_A1.java
-rw-rw-r-- 1 travis travis   856 Sep 23 02:19 ModularCGPubSub_A1.mk
-rw-rw-r-- 1 travis travis  1346 Sep 23 02:19 ModularCGPubSub_A1_profile.class
-rw-rw-r-- 1 travis travis  1388 Sep 23 02:19 ModularCGPubSub_A1_profile.java
-rw-rw-r-- 1 travis travis  3988 Sep 23 02:19 ModularCodeGen2_ModularCodeGenTypedCompositeActor.class
-rw-rw-r-- 1 travis travis 11690 Sep 23 02:19 ModularCodeGen2_ModularCodeGenTypedCompositeActor.java
-rw-rw-r-- 1 travis travis  1104 Sep 23 02:19 ModularCodeGen2_ModularCodeGenTypedCompositeActor.mk
-rw-rw-r-- 1 travis travis  4272 Sep 23 02:19 ModularCodeGen2_ModularCodeGenTypedCompositeActor_ModularCodeGenTypedCompositeActor.class
-rw-rw-r-- 1 travis travis 11790 Sep 23 02:19 ModularCodeGen2_ModularCodeGenTypedCompositeActor_ModularCodeGenTypedCompositeActor.java
-rw-rw-r-- 1 travis travis  1376 Sep 23 02:19 ModularCodeGen2_ModularCodeGenTypedCompositeActor_ModularCodeGenTypedCompositeActor.mk
-rw-rw-r-- 1 travis travis  1421 Sep 23 02:19 ModularCodeGen2_ModularCodeGenTypedCompositeActor_ModularCodeGenTypedCompositeActor_profile.class
-rw-rw-r-- 1 travis travis  1294 Sep 23 02:19 ModularCodeGen2_ModularCodeGenTypedCompositeActor_ModularCodeGenTypedCompositeActor_profile.java
-rw-rw-r-- 1 travis travis   820 Sep 23 02:19 ModularCodeGen2_ModularCodeGenTypedCompositeActor_profile.class
-rw-rw-r-- 1 travis travis   693 Sep 23 02:19 ModularCodeGen2_ModularCodeGenTypedCompositeActor_profile.java
-rw-rw-r-- 1 travis travis  3741 Sep 23 02:19 ModularCodeGen3_A1_B1.class
-rw-rw-r-- 1 travis travis  9958 Sep 23 02:19 ModularCodeGen3_A1_B1.java
-rw-rw-r-- 1 travis travis   880 Sep 23 02:19 ModularCodeGen3_A1_B1.mk
-rw-rw-r-- 1 travis travis  1330 Sep 23 02:19 ModularCodeGen3_A1_B1_profile.class
-rw-rw-r-- 1 travis travis  1274 Sep 23 02:19 ModularCodeGen3_A1_B1_profile.java
-rw-rw-r-- 1 travis travis  3741 Sep 23 02:19 ModularCodeGen3_A1_B2.class
-rw-rw-r-- 1 travis travis  9958 Sep 23 02:19 ModularCodeGen3_A1_B2.java
-rw-rw-r-- 1 travis travis   880 Sep 23 02:19 ModularCodeGen3_A1_B2.mk
-rw-rw-r-- 1 travis travis  1330 Sep 23 02:19 ModularCodeGen3_A1_B2_profile.class
-rw-rw-r-- 1 travis travis  1274 Sep 23 02:19 ModularCodeGen3_A1_B2_profile.java
-rw-rw-r-- 1 travis travis  4961 Sep 23 02:19 ModularCodeGen3_A1.class
-rw-rw-r-- 1 travis travis 15564 Sep 23 02:19 ModularCodeGen3_A1.java
-rw-rw-r-- 1 travis travis   856 Sep 23 02:19 ModularCodeGen3_A1.mk
-rw-rw-r-- 1 travis travis  1445 Sep 23 02:19 ModularCodeGen3_A1_profile.class
-rw-rw-r-- 1 travis travis  1716 Sep 23 02:19 ModularCodeGen3_A1_profile.java
-rw-rw-r-- 1 travis travis  3887 Sep 23 02:19 ModularCodeGen3_A2_B1.class
-rw-rw-r-- 1 travis travis 10955 Sep 23 02:19 ModularCodeGen3_A2_B1.java
-rw-rw-r-- 1 travis travis   880 Sep 23 02:19 ModularCodeGen3_A2_B1.mk
-rw-rw-r-- 1 travis travis  1393 Sep 23 02:19 ModularCodeGen3_A2_B1_profile.class
-rw-rw-r-- 1 travis travis  1458 Sep 23 02:19 ModularCodeGen3_A2_B1_profile.java
-rw-rw-r-- 1 travis travis  3741 Sep 23 02:19 ModularCodeGen3_A2_B2.class
-rw-rw-r-- 1 travis travis  9958 Sep 23 02:19 ModularCodeGen3_A2_B2.java
-rw-rw-r-- 1 travis travis   880 Sep 23 02:19 ModularCodeGen3_A2_B2.mk
-rw-rw-r-- 1 travis travis  1330 Sep 23 02:19 ModularCodeGen3_A2_B2_profile.class
-rw-rw-r-- 1 travis travis  1274 Sep 23 02:19 ModularCodeGen3_A2_B2_profile.java
-rw-rw-r-- 1 travis travis  5038 Sep 23 02:19 ModularCodeGen3_A2.class
-rw-rw-r-- 1 travis travis 15957 Sep 23 02:19 ModularCodeGen3_A2.java
-rw-rw-r-- 1 travis travis   856 Sep 23 02:19 ModularCodeGen3_A2.mk
-rw-rw-r-- 1 travis travis  1445 Sep 23 02:19 ModularCodeGen3_A2_profile.class
-rw-rw-r-- 1 travis travis  1716 Sep 23 02:19 ModularCodeGen3_A2_profile.java
-rw-rw-r-- 1 travis travis  3794 Sep 23 02:19 ModularCodeGen4_A1_B1.class
-rw-rw-r-- 1 travis travis 10312 Sep 23 02:19 ModularCodeGen4_A1_B1.java
-rw-rw-r-- 1 travis travis   880 Sep 23 02:19 ModularCodeGen4_A1_B1.mk
-rw-rw-r-- 1 travis travis  1330 Sep 23 02:19 ModularCodeGen4_A1_B1_profile.class
-rw-rw-r-- 1 travis travis  1273 Sep 23 02:19 ModularCodeGen4_A1_B1_profile.java
-rw-rw-r-- 1 travis travis  3794 Sep 23 02:19 ModularCodeGen4_A1_B2.class
-rw-rw-r-- 1 travis travis 10312 Sep 23 02:19 ModularCodeGen4_A1_B2.java
-rw-rw-r-- 1 travis travis   880 Sep 23 02:19 ModularCodeGen4_A1_B2.mk
-rw-rw-r-- 1 travis travis  1330 Sep 23 02:19 ModularCodeGen4_A1_B2_profile.class
-rw-rw-r-- 1 travis travis  1273 Sep 23 02:19 ModularCodeGen4_A1_B2_profile.java
-rw-rw-r-- 1 travis travis  5101 Sep 23 02:19 ModularCodeGen4_A1.class
-rw-rw-r-- 1 travis travis 16245 Sep 23 02:19 ModularCodeGen4_A1.java
-rw-rw-r-- 1 travis travis   856 Sep 23 02:19 ModularCodeGen4_A1.mk
-rw-rw-r-- 1 travis travis  1445 Sep 23 02:19 ModularCodeGen4_A1_profile.class
-rw-rw-r-- 1 travis travis  1712 Sep 23 02:19 ModularCodeGen4_A1_profile.java
-rw-rw-r-- 1 travis travis  3988 Sep 23 02:20 ModularCodeGen4_A2_B1.class
-rw-rw-r-- 1 travis travis 11375 Sep 23 02:20 ModularCodeGen4_A2_B1.java
-rw-rw-r-- 1 travis travis   880 Sep 23 02:20 ModularCodeGen4_A2_B1.mk
-rw-rw-r-- 1 travis travis  1393 Sep 23 02:20 ModularCodeGen4_A2_B1_profile.class
-rw-rw-r-- 1 travis travis  1454 Sep 23 02:19 ModularCodeGen4_A2_B1_profile.java
-rw-rw-r-- 1 travis travis  3842 Sep 23 02:20 ModularCodeGen4_A2_B2.class
-rw-rw-r-- 1 travis travis 10378 Sep 23 02:20 ModularCodeGen4_A2_B2.java
-rw-rw-r-- 1 travis travis   880 Sep 23 02:20 ModularCodeGen4_A2_B2.mk
-rw-rw-r-- 1 travis travis  1330 Sep 23 02:20 ModularCodeGen4_A2_B2_profile.class
-rw-rw-r-- 1 travis travis  1270 Sep 23 02:20 ModularCodeGen4_A2_B2_profile.java
-rw-rw-r-- 1 travis travis  5274 Sep 23 02:20 ModularCodeGen4_A2.class
-rw-rw-r-- 1 travis travis 16770 Sep 23 02:20 ModularCodeGen4_A2.java
-rw-rw-r-- 1 travis travis   856 Sep 23 02:20 ModularCodeGen4_A2.mk
-rw-rw-r-- 1 travis travis  1445 Sep 23 02:20 ModularCodeGen4_A2_profile.class
-rw-rw-r-- 1 travis travis  1712 Sep 23 02:20 ModularCodeGen4_A2_profile.java
-rw-rw-r-- 1 travis travis  6838 Sep 23 02:20 ModularCodeGen5_A_A.class
-rw-rw-r-- 1 travis travis 28721 Sep 23 02:20 ModularCodeGen5_A_A.java
-rw-rw-r-- 1 travis travis   864 Sep 23 02:20 ModularCodeGen5_A_A.mk
-rw-rw-r-- 1 travis travis  1520 Sep 23 02:20 ModularCodeGen5_A_A_profile.class
-rw-rw-r-- 1 travis travis  1815 Sep 23 02:20 ModularCodeGen5_A_A_profile.java
-rw-rw-r-- 1 travis travis  5115 Sep 23 02:20 ModularCodeGen5_A.class
-rw-rw-r-- 1 travis travis 13769 Sep 23 02:20 ModularCodeGen5_A.java
-rw-rw-r-- 1 travis travis   848 Sep 23 02:20 ModularCodeGen5_A.mk
-rw-rw-r-- 1 travis travis  1422 Sep 23 02:20 ModularCodeGen5_A_profile.class
-rw-rw-r-- 1 travis travis  1605 Sep 23 02:20 ModularCodeGen5_A_profile.java
-rw-rw-r-- 1 travis travis  4125 Sep 23 02:20 ModularCodeGen6_A_A2.class
-rw-rw-r-- 1 travis travis 11329 Sep 23 02:20 ModularCodeGen6_A_A2.java
-rw-rw-r-- 1 travis travis   872 Sep 23 02:20 ModularCodeGen6_A_A2.mk
-rw-rw-r-- 1 travis travis  1351 Sep 23 02:20 ModularCodeGen6_A_A2_profile.class
-rw-rw-r-- 1 travis travis  1364 Sep 23 02:20 ModularCodeGen6_A_A2_profile.java
-rw-rw-r-- 1 travis travis  4108 Sep 23 02:20 ModularCodeGen6_A_A.class
-rw-rw-r-- 1 travis travis 11221 Sep 23 02:20 ModularCodeGen6_A_A.java
-rw-rw-r-- 1 travis travis   864 Sep 23 02:20 ModularCodeGen6_A_A.mk
-rw-rw-r-- 1 travis travis  1348 Sep 23 02:20 ModularCodeGen6_A_A_profile.class
-rw-rw-r-- 1 travis travis  1361 Sep 23 02:20 ModularCodeGen6_A_A_profile.java
-rw-rw-r-- 1 travis travis  7237 Sep 23 02:20 ModularCodeGen6_A.class
-rw-rw-r-- 1 travis travis 26535 Sep 23 02:20 ModularCodeGen6_A.java
-rw-rw-r-- 1 travis travis   848 Sep 23 02:20 ModularCodeGen6_A.mk
-rw-rw-r-- 1 travis travis  1483 Sep 23 02:20 ModularCodeGen6_A_profile.class
-rw-rw-r-- 1 travis travis  1810 Sep 23 02:20 ModularCodeGen6_A_profile.java
-rw-rw-r-- 1 travis travis  9439 Sep 23 02:20 ModularCodeGenLazyPubSubGlobal_CompositeActor_ModularCodeGenTypedComposite.class
-rw-rw-r-- 1 travis travis 30161 Sep 23 02:20 ModularCodeGenLazyPubSubGlobal_CompositeActor_ModularCodeGenTypedComposite.java
-rw-rw-r-- 1 travis travis  1304 Sep 23 02:20 ModularCodeGenLazyPubSubGlobal_CompositeActor_ModularCodeGenTypedComposite.mk
-rw-rw-r-- 1 travis travis  1438 Sep 23 02:20 ModularCodeGenLazyPubSubGlobal_CompositeActor_ModularCodeGenTypedComposite_profile.class
-rw-rw-r-- 1 travis travis  1384 Sep 23 02:20 ModularCodeGenLazyPubSubGlobal_CompositeActor_ModularCodeGenTypedComposite_profile.java
-rw-rw-r-- 1 travis travis  3952 Sep 23 02:20 ModularCodeGenLazyPubSub_LazyCompositeActor.class
-rw-rw-r-- 1 travis travis 11122 Sep 23 02:20 ModularCodeGenLazyPubSub_LazyCompositeActor.java
-rw-rw-r-- 1 travis travis  1056 Sep 23 02:20 ModularCodeGenLazyPubSub_LazyCompositeActor.mk
-rw-rw-r-- 1 travis travis  1286 Sep 23 02:20 ModularCodeGenLazyPubSub_LazyCompositeActor_profile.class
-rw-rw-r-- 1 travis travis  1091 Sep 23 02:20 ModularCodeGenLazyPubSub_LazyCompositeActor_profile.java
-rw-rw-r-- 1 travis travis  3954 Sep 23 02:19 ModularCodeGen_ModularCodeGenTypedCompositeActor.class
-rw-rw-r-- 1 travis travis 10970 Sep 23 02:19 ModularCodeGen_ModularCodeGenTypedCompositeActor.java
-rw-rw-r-- 1 travis travis  1096 Sep 23 02:19 ModularCodeGen_ModularCodeGenTypedCompositeActor.mk
-rw-rw-r-- 1 travis travis  1384 Sep 23 02:19 ModularCodeGen_ModularCodeGenTypedCompositeActor_profile.class
-rw-rw-r-- 1 travis travis  1328 Sep 23 02:19 ModularCodeGen_ModularCodeGenTypedCompositeActor_profile.java
-rw-rw-r-- 1 travis travis  3441 Sep 23 02:20 ModularCodeGenPubSub2_A1_A.class
-rw-rw-r-- 1 travis travis  8578 Sep 23 02:20 ModularCodeGenPubSub2_A1_A.java
-rw-rw-r-- 1 travis travis   920 Sep 23 02:20 ModularCodeGenPubSub2_A1_A.mk
-rw-rw-r-- 1 travis travis  1274 Sep 23 02:20 ModularCodeGenPubSub2_A1_A_profile.class
-rw-rw-r-- 1 travis travis  1128 Sep 23 02:20 ModularCodeGenPubSub2_A1_A_profile.java
-rw-rw-r-- 1 travis travis  3733 Sep 23 02:20 ModularCodeGenPubSub2_A1.class
-rw-rw-r-- 1 travis travis  9781 Sep 23 02:20 ModularCodeGenPubSub2_A1.java
-rw-rw-r-- 1 travis travis   904 Sep 23 02:20 ModularCodeGenPubSub2_A1.mk
-rw-rw-r-- 1 travis travis  1268 Sep 23 02:20 ModularCodeGenPubSub2_A1_profile.class
-rw-rw-r-- 1 travis travis  1196 Sep 23 02:20 ModularCodeGenPubSub2_A1_profile.java
-rw-rw-r-- 1 travis travis  3437 Sep 23 02:20 ModularCodeGenPubSub3_A1_A2.class
-rw-rw-r-- 1 travis travis  8599 Sep 23 02:20 ModularCodeGenPubSub3_A1_A2.java
-rw-rw-r-- 1 travis travis   928 Sep 23 02:20 ModularCodeGenPubSub3_A1_A2.mk
-rw-rw-r-- 1 travis travis  1287 Sep 23 02:20 ModularCodeGenPubSub3_A1_A2_profile.class
-rw-rw-r-- 1 travis travis  1132 Sep 23 02:20 ModularCodeGenPubSub3_A1_A2_profile.java
-rw-rw-r-- 1 travis travis  3856 Sep 23 02:20 ModularCodeGenPubSub3_A1.class
-rw-rw-r-- 1 travis travis 10100 Sep 23 02:20 ModularCodeGenPubSub3_A1.java
-rw-rw-r-- 1 travis travis   904 Sep 23 02:20 ModularCodeGenPubSub3_A1.mk
-rw-rw-r-- 1 travis travis  1358 Sep 23 02:20 ModularCodeGenPubSub3_A1_profile.class
-rw-rw-r-- 1 travis travis  1400 Sep 23 02:20 ModularCodeGenPubSub3_A1_profile.java
-rw-rw-r-- 1 travis travis  3441 Sep 23 02:20 ModularCodeGenPubSub4_A1_A.class
-rw-rw-r-- 1 travis travis  8578 Sep 23 02:20 ModularCodeGenPubSub4_A1_A.java
-rw-rw-r-- 1 travis travis   920 Sep 23 02:20 ModularCodeGenPubSub4_A1_A.mk
-rw-rw-r-- 1 travis travis  1274 Sep 23 02:20 ModularCodeGenPubSub4_A1_A_profile.class
-rw-rw-r-- 1 travis travis  1128 Sep 23 02:20 ModularCodeGenPubSub4_A1_A_profile.java
-rw-rw-r-- 1 travis travis  1137 Sep 23 02:20 ModularCodeGenPubSub4_A1_profile.java
-rw-rw-r-- 1 travis travis  3475 Sep 23 02:20 ModularCodeGenPubSub_A1.class
-rw-rw-r-- 1 travis travis  9060 Sep 23 02:20 ModularCodeGenPubSub_A1.java
-rw-rw-r-- 1 travis travis   896 Sep 23 02:20 ModularCodeGenPubSub_A1.mk
-rw-rw-r-- 1 travis travis  1278 Sep 23 02:20 ModularCodeGenPubSub_A1_profile.class
-rw-rw-r-- 1 travis travis  1195 Sep 23 02:20 ModularCodeGenPubSub_A1_profile.java
-rw-rw-r-- 1 travis travis  3492 Sep 23 02:19 ModularCodeGenTest_A1_A2.class
-rw-rw-r-- 1 travis travis  9164 Sep 23 02:18 ModularCodeGenTest_A1_A2.java
-rw-rw-r-- 1 travis travis   904 Sep 23 02:18 ModularCodeGenTest_A1_A2.mk
-rw-rw-r-- 1 travis travis  1306 Sep 23 02:18 ModularCodeGenTest_A1_A2_profile.class
-rw-rw-r-- 1 travis travis  1228 Sep 23 02:18 ModularCodeGenTest_A1_A2_profile.java
-rw-rw-r-- 1 travis travis  3823 Sep 23 02:19 ModularCodeGenTest_A1.class
-rw-rw-r-- 1 travis travis  9968 Sep 23 02:19 ModularCodeGenTest_A1.java
-rw-rw-r-- 1 travis travis   880 Sep 23 02:19 ModularCodeGenTest_A1.mk
-rw-rw-r-- 1 travis travis  1352 Sep 23 02:19 ModularCodeGenTest_A1_profile.class
-rw-rw-r-- 1 travis travis  1394 Sep 23 02:19 ModularCodeGenTest_A1_profile.java
-rw-rw-r-- 1 travis travis   432 Sep 23 02:20 Token.class
-rw-rw-r-- 1 travis travis   251 Sep 23 02:20 Token.java
In "/home/travis/cg", about to execute:
    javac -classpath
.:/home/travis/build/icyphy/ptII:/home/travis/build/icyphy/ptII/lib/bsh-2.0b4.j
ar:/home/travis/build/icyphy/ptII/lib/ptCal.jar:/home/travis/build/icyphy/ptII/
lib/java_cup.jar:/home/travis/build/icyphy/ptII/lib/saxon8.jar:/home/travis/bui
ld/icyphy/ptII/lib/saxon8-dom.jar:/home/travis/build/icyphy/ptII/lib/chic.jar:/
home/travis/build/icyphy/ptII/lib/ptcolt.jar:/usr/lib/jvm/java-8-oracle/lib/too
ls.jar:/usr/lib/eclipse/plugins/org.eclipse.jdt.core_3.8.2.dist.jar:/usr/lib/ec
lipse/plugins/org.eclipse.core.runtime_3.8.0.dist.jar:/usr/lib/eclipse/plugins/
org.eclipse.osgi_3.8.1.dist.jar:/usr/lib/eclipse/plugins/org.eclipse.core.resou
rces_3.8.1.dist.jar:/usr/lib/eclipse/plugins/org.eclipse.equinox.common_3.6.100
.dist.jar:/usr/lib/eclipse/plugins/org.eclipse.core.jobs_3.5.200.dist.jar:/usr/
lib/eclipse/plugins/org.eclipse.core.contenttype_3.4.200.dist.jar:/usr/lib/ecli
pse/plugins/org.eclipse.equinox.preferences_3.5.0.dist.jar:/usr/lib/eclipse/plu
gins/org.eclipse.text_3.5.200.dist.jar:/usr/lib/eclipse/plugins/org.eclipse.ui.
workbench_3.8.1.dist.jar:/usr/lib/eclipse/plugins/org.eclipse.jface_3.8.0.dist.
jar:/usr/lib/eclipse/plugins/org.eclipse.swt_3.8.2.jar:/usr/lib/eclipse/plugins
/org.eclipse.jface.text_3.8.1.dist.jar:/usr/lib/eclipse/plugins/org.eclipse.ui.
workbench.texteditor_3.8.0.dist.jar:/usr/lib/eclipse/plugins/org.eclipse.ui.edi
tors_3.8.0.dist.jar:/usr/lib/eclipse/plugins/org.eclipse.core.commands_3.6.1.di
st.jar:/usr/lib/eclipse/plugins/org.eclipse.equinox.registry_3.5.200.dist.jar:/
usr/lib/eclipse/plugins/org.eclipse.ui.console_3.5.100.dist.jar:/usr/lib/eclips
e/plugins/org.eclipse.ui.forms_3.5.200.dist.jar:/usr/lib/eclipse/plugins/org.ec
lipse.ui.ide_3.8.1.dist.jar:/home/travis/build/icyphy/ptII/vendors/oracle/dbxml
.jar:/home/travis/build/icyphy/ptII/vendors/oracle/db.jar:/home/travis/build/ic
yphy/ptII/vendors/misc/itext/iText.jar:/home/travis/build/icyphy/ptII/lib/g4ltl
.jar:/home/travis/build/icyphy/ptII/lib/StructuralCoder.jar:/home/travis/build/
icyphy/ptII/lib/org-openide-util.jar:/home/travis/build/icyphy/ptII/lib/org-ope
nide-util-lookup.jar:/home/travis/build/icyphy/ptII/lib/org-netbeans-api-visual
.jar:/home/travis/build/icyphy/ptII/vendors/jai-1_1_2_01/lib/jai_core.jar:/home
/travis/build/icyphy/ptII/vendors/jai-1_1_2_01/lib/jai_codec.jar:/home/travis/b
uild/icyphy/ptII/lib/jcerti.jar:/home/travis/build/icyphy/ptII/lib/smack.jar:/h
ome/travis/build/icyphy/ptII/lib/smackx.jar:/home/travis/build/icyphy/ptII/lib/
jetty-all-8.1.5-v20120716.jar:/home/travis/build/icyphy/ptII/lib/javax.servlet-
api-3.0.1.jar:/home/travis/build/icyphy/ptII/lib/javax.mail.jar:/home/travis/bu
ild/icyphy/ptII/vendors/JMF-2.1.1e/lib/jmf.jar:/home/travis/build/icyphy/ptII/l
ib/jna-4.0.0-variadic.jar:/home/travis/build/icyphy/ptII/vendors/misc/joystick/
Joystick.jar:/home/travis/build/icyphy/ptII/lib/ptjacl.jar:/home/travis/build/i
cyphy/ptII/lib/jsoup-1.8.2.jar:/home/travis/build/icyphy/ptII/lib/junit-4.8.2.j
ar:/home/travis/build/icyphy/ptII/lib/JUnitParams-0.4.0.jar:/home/travis/build/
icyphy/ptII/ptolemy/actor/lib/excel/jxl.jar:/home/travis/build/icyphy/ptII/lib/
jython.jar:/home/travis/build/icyphy/ptII/lib/kieler.jar:/home/travis/build/icy
phy/ptII/vendors/opencv/share/OpenCV/java/opencv-341.jar:/home/travis/build/icy
phy/ptII/lib/oscP5.jar:/home/travis/build/icyphy/ptII/lib/nrjavaserial-3.11.0.d
evel.jar:/home/travis/build/icyphy/ptII/vendors/j3d/lib/j3dcore.jar:/home/travi
s/build/icyphy/ptII/vendors/j3d/lib/j3dutils.jar:/home/travis/build/icyphy/ptII
/vendors/j3d/lib/vecmath.jar:/home/travis/build/icyphy/ptII/ptolemy/distributed
/jini/jar/jini-core.jar:/home/travis/build/icyphy/ptII/ptolemy/distributed/jini
/jar/jini-ext.jar:/home/travis/build/icyphy/ptII/ptolemy/distributed/jini/jar/s
un-util.jar:/home/travis/build/icyphy/ptII/lib/protobuf-java-2.4.1.jar:/home/tr
avis/build/icyphy/ptII/lib/org.eclipse.paho.client.mqttv3.jar:/home/travis/buil
d/icyphy/ptII/ptserver/lib/hessian-4.0.7.jar:/home/travis/build/icyphy/ptII/pts
erver/lib/wmqtt.jar:/home/travis/build/icyphy/ptII/lib/mapss.jar:/home/travis/b
uild/icyphy/ptII/ptolemy/actor/ptalon/antlr/antlr.jar:/home/travis/build/icyphy
/ptII/lib/JRI.jar:/home/travis/build/icyphy/ptII/lib/commons-lang-2.6.jar:/home
/travis/build/icyphy/ptII/lib/commons-logging-1.1.1.jar:/home/travis/build/icyp
hy/ptII/lib/sootclasses.jar:/home/travis/build/icyphy/ptII/ptolemy/actor/lib/da
tabase/mysql-connector-java-5.1.6-bin.jar:/home/travis/build/icyphy/ptII/vendor
s/misc/sphinx4/sphinx4-data-5prealpha.jar:/home/travis/build/icyphy/ptII/vendor
s/misc/sphinx4/sphinx4-core-5prealpha.jar:/home/travis/build/icyphy/ptII/lib/PD
FRenderer.jar:/home/travis/build/icyphy/ptII/lib/svgSalamander.jar:/home/travis
/build/icyphy/ptII/lib/rsyntaxtextarea-2.6.0-SNAPSHOT.jar:/home/travis/build/ic
yphy/ptII/lib/hazelcast-3.8.2.jar:/home/travis/build/icyphy/ptII/lib/jackson-an
notations-2.9.0.jar:/home/travis/build/icyphy/ptII/lib/jackson-core-2.9.3.jar:/
home/travis/build/icyphy/ptII/lib/jackson-databind-2.9.3.jar:/home/travis/build
/icyphy/ptII/lib/netty-buffer-4.1.19.Final.jar:/home/travis/build/icyphy/ptII/l
ib/netty-codec-4.1.19.Final.jar:/home/travis/build/icyphy/ptII/lib/netty-codec-
dns-4.1.19.Final.jar:/home/travis/build/icyphy/ptII/lib/netty-codec-http-4.1.19
.Final.jar:/home/travis/build/icyphy/ptII/lib/netty-codec-http2-4.1.19.Final.ja
r:/home/travis/build/icyphy/ptII/lib/netty-common-4.1.19.Final.jar:/home/travis
/build/icyphy/ptII/lib/netty-handler-4.1.19.Final.jar:/home/travis/build/icyphy
/ptII/lib/netty-resolver-4.1.19.Final.jar:/home/travis/build/icyphy/ptII/lib/ne
tty-resolver-dns-4.1.19.Final.jar:/home/travis/build/icyphy/ptII/lib/netty-tran
sport-4.1.19.Final.jar:/home/travis/build/icyphy/ptII/lib/vertx-codegen-3.5.1.j
ar:/home/travis/build/icyphy/ptII/lib/vertx-core-3.5.2-SNAPSHOT.jar:/home/travi
s/build/icyphy/ptII/lib/vertx-hazelcast-3.5.1.jar:/home/travis/build/icyphy/ptI
I/lib/vertx-lang-js-3.5.1.jar:/home/travis/build/icyphy/ptII/lib/vertx-service-
proxy-3.5.1.jar:/home/travis/build/icyphy/ptII/lib/vertx-web-3.5.1.jar:/home/tr
avis/build/icyphy/ptII/lib/slf4j-api-1.7.13.jar:/home/travis/build/icyphy/ptII/
lib/slf4j-simple-1.7.13.jar:/home/travis/build/icyphy/ptII/lib/webcam-capture-0
.3.12.jar:/home/travis/build/icyphy/ptII/lib/bridj-0.7.0.jar:/home/travis/build
/icyphy/ptII/lib/xbjlib-1.1.0.nrjavaserial.jar:/home/travis/build/icyphy/ptII/p
tolemy/moml/test:/home/travis/build/icyphy/ptII/ant/lib/ant-launcher.jar:/home/
travis/build/icyphy/ptII/ant/lib/ant.jar:/home/travis/build/icyphy/ptII/ant/lib
/ant-junit.jar:/home/travis/build/icyphy/ptII/ant/lib/ant-junit4.jar:/home/trav
is/build/icyphy/ptII ModularCodeGenPubSub4_A1_profile.java
warning: Supported source version 'RELEASE_6' from annotation processor 'org.netbeans.modules.openide.util.NbBundleProcessor' less than -source '1.8'
warning: Supported source version 'RELEASE_6' from annotation processor 'org.netbeans.modules.openide.util.URLStreamHandlerRegistrationProcessor' less than -source '1.8'
warning: Supported source version 'RELEASE_6' from annotation processor 'org.netbeans.modules.openide.util.ServiceProviderProcessor' less than -source '1.8'
3 warnings
All Done
Writing ModularCodeGenPubSub4_A1.java in file:/home/travis/cg/ (9231 characters)
Reading "ptolemy/cg/kernel/generic/program/procedural/java/modular/makefile.in",
    writing "/home/travis/cg/ModularCodeGenPubSub4_A1.mk"
Using ptolemy/cg/kernel/generic/program/procedural/java/modular/makefile.in
In "/home/travis/cg", about to execute:
    make -f ModularCodeGenPubSub4_A1.mk
javac -classpath ".:.."    ModularCodeGenPubSub4_A1.java
All Done
4328 ms. Memory: 198656K Free: 159888K (80%)
----------------- Invoking toplevel() on ptolemy.moml.MoMLSimpleApplication@3d7ee4e
----------------- Done invoking toplevel() on ptolemy.moml.MoMLSimpleApplication@3d7ee4e
reloadAllAccessors: .ModularCodeGenPubSub4

===========================================================================================
----------------- testing Sun Sep 23 02:20:39 UTC 2018 /home/travis/build/icyphy/ptII/ptolemy/cg/lib/test/auto/PubSubAggLazy.xml
----------------- Instantiating /home/travis/build/icyphy/ptII/ptolemy/cg/lib/test/auto/PubSubAggLazy.xml
8 ms. Memory: 198656K Free: 152717K (77%)
----------------- Invoking toplevel() on ptolemy.moml.MoMLSimpleApplication@562ec8b9
----------------- Done invoking toplevel() on ptolemy.moml.MoMLSimpleApplication@562ec8b9
reloadAllAccessors: .PubSubAggLazy

===========================================================================================
----------------- testing Sun Sep 23 02:20:39 UTC 2018 /home/travis/build/icyphy/ptII/ptolemy/cg/lib/test/auto/PubSubAggModularCodeGen.xml
----------------- Instantiating /home/travis/build/icyphy/ptII/ptolemy/cg/lib/test/auto/PubSubAggModularCodeGen.xml
In "/home/travis/cg", about to execute:
    pwd
In "/home/travis/cg", about to execute:
    ls -l
/home/travis/cg
In "/home/travis/cg", about to execute:
    javac -classpath
.:/home/travis/build/icyphy/ptII:/home/travis/build/icyphy/ptII/lib/bsh-2.0b4.j
ar:/home/travis/build/icyphy/ptII/lib/ptCal.jar:/home/travis/build/icyphy/ptII/
lib/java_cup.jar:/home/travis/build/icyphy/ptII/lib/saxon8.jar:/home/travis/bui
ld/icyphy/ptII/lib/saxon8-dom.jar:/home/travis/build/icyphy/ptII/lib/chic.jar:/
home/travis/build/icyphy/ptII/lib/ptcolt.jar:/usr/lib/jvm/java-8-oracle/lib/too
ls.jar:/usr/lib/eclipse/plugins/org.eclipse.jdt.core_3.8.2.dist.jar:/usr/lib/ec
lipse/plugins/org.eclipse.core.runtime_3.8.0.dist.jar:/usr/lib/eclipse/plugins/
org.eclipse.osgi_3.8.1.dist.jar:/usr/lib/eclipse/plugins/org.eclipse.core.resou
rces_3.8.1.dist.jar:/usr/lib/eclipse/plugins/org.eclipse.equinox.common_3.6.100
.dist.jar:/usr/lib/eclipse/plugins/org.eclipse.core.jobs_3.5.200.dist.jar:/usr/
lib/eclipse/plugins/org.eclipse.core.contenttype_3.4.200.dist.jar:/usr/lib/ecli
pse/plugins/org.eclipse.equinox.preferences_3.5.0.dist.jar:/usr/lib/eclipse/plu
gins/org.eclipse.text_3.5.200.dist.jar:/usr/lib/eclipse/plugins/org.eclipse.ui.
workbench_3.8.1.dist.jar:/usr/lib/eclipse/plugins/org.eclipse.jface_3.8.0.dist.
jar:/usr/lib/eclipse/plugins/org.eclipse.swt_3.8.2.jar:/usr/lib/eclipse/plugins
/org.eclipse.jface.text_3.8.1.dist.jar:/usr/lib/eclipse/plugins/org.eclipse.ui.
workbench.texteditor_3.8.0.dist.jar:/usr/lib/eclipse/plugins/org.eclipse.ui.edi
tors_3.8.0.dist.jar:/usr/lib/eclipse/plugins/org.eclipse.core.commands_3.6.1.di
st.jar:/usr/lib/eclipse/plugins/org.eclipse.equinox.registry_3.5.200.dist.jar:/
usr/lib/eclipse/plugins/org.eclipse.ui.console_3.5.100.dist.jar:/usr/lib/eclips
e/plugins/org.eclipse.ui.forms_3.5.200.dist.jar:/usr/lib/eclipse/plugins/org.ec
lipse.ui.ide_3.8.1.dist.jar:/home/travis/build/icyphy/ptII/vendors/oracle/dbxml
.jar:/home/travis/build/icyphy/ptII/vendors/oracle/db.jar:/home/travis/build/ic
yphy/ptII/vendors/misc/itext/iText.jar:/home/travis/build/icyphy/ptII/lib/g4ltl
.jar:/home/travis/build/icyphy/ptII/lib/StructuralCoder.jar:/home/travis/build/
icyphy/ptII/lib/org-openide-util.jar:/home/travis/build/icyphy/ptII/lib/org-ope
nide-util-lookup.jar:/home/travis/build/icyphy/ptII/lib/org-netbeans-api-visual
.jar:/home/travis/build/icyphy/ptII/vendors/jai-1_1_2_01/lib/jai_core.jar:/home
/travis/build/icyphy/ptII/vendors/jai-1_1_2_01/lib/jai_codec.jar:/home/travis/b
uild/icyphy/ptII/lib/jcerti.jar:/home/travis/build/icyphy/ptII/lib/smack.jar:/h
ome/travis/build/icyphy/ptII/lib/smackx.jar:/home/travis/build/icyphy/ptII/lib/
jetty-all-8.1.5-v20120716.jar:/home/travis/build/icyphy/ptII/lib/javax.servlet-
api-3.0.1.jar:/home/travis/build/icyphy/ptII/lib/javax.mail.jar:/home/travis/bu
ild/icyphy/ptII/vendors/JMF-2.1.1e/lib/jmf.jar:/home/travis/build/icyphy/ptII/l
ib/jna-4.0.0-variadic.jar:/home/travis/build/icyphy/ptII/vendors/misc/joystick/
Joystick.jar:/home/travis/build/icyphy/ptII/lib/ptjacl.jar:/home/travis/build/i
cyphy/ptII/lib/jsoup-1.8.2.jar:/home/travis/build/icyphy/ptII/lib/junit-4.8.2.j
ar:/home/travis/build/icyphy/ptII/lib/JUnitParams-0.4.0.jar:/home/travis/build/
icyphy/ptII/ptolemy/actor/lib/excel/jxl.jar:/home/travis/build/icyphy/ptII/lib/
jython.jar:/home/travis/build/icyphy/ptII/lib/kieler.jar:/home/travis/build/icy
phy/ptII/vendors/opencv/share/OpenCV/java/opencv-341.jar:/home/travis/build/icy
phy/ptII/lib/oscP5.jar:/home/travis/build/icyphy/ptII/lib/nrjavaserial-3.11.0.d
evel.jar:/home/travis/build/icyphy/ptII/vendors/j3d/lib/j3dcore.jar:/home/travi
s/build/icyphy/ptII/vendors/j3d/lib/j3dutils.jar:/home/travis/build/icyphy/ptII
/vendors/j3d/lib/vecmath.jar:/home/travis/build/icyphy/ptII/ptolemy/distributed
/jini/jar/jini-core.jar:/home/travis/build/icyphy/ptII/ptolemy/distributed/jini
/jar/jini-ext.jar:/home/travis/build/icyphy/ptII/ptolemy/distributed/jini/jar/s
un-util.jar:/home/travis/build/icyphy/ptII/lib/protobuf-java-2.4.1.jar:/home/tr
avis/build/icyphy/ptII/lib/org.eclipse.paho.client.mqttv3.jar:/home/travis/buil
d/icyphy/ptII/ptserver/lib/hessian-4.0.7.jar:/home/travis/build/icyphy/ptII/pts
erver/lib/wmqtt.jar:/home/travis/build/icyphy/ptII/lib/mapss.jar:/home/travis/b
uild/icyphy/ptII/ptolemy/actor/ptalon/antlr/antlr.jar:/home/travis/build/icyphy
/ptII/lib/JRI.jar:/home/travis/build/icyphy/ptII/lib/commons-lang-2.6.jar:/home
/travis/build/icyphy/ptII/lib/commons-logging-1.1.1.jar:/home/travis/build/icyp
hy/ptII/lib/sootclasses.jar:/home/travis/build/icyphy/ptII/ptolemy/actor/lib/da
tabase/mysql-connector-java-5.1.6-bin.jar:/home/travis/build/icyphy/ptII/vendor
s/misc/sphinx4/sphinx4-data-5prealpha.jar:/home/travis/build/icyphy/ptII/vendor
s/misc/sphinx4/sphinx4-core-5prealpha.jar:/home/travis/build/icyphy/ptII/lib/PD
FRenderer.jar:/home/travis/build/icyphy/ptII/lib/svgSalamander.jar:/home/travis
/build/icyphy/ptII/lib/rsyntaxtextarea-2.6.0-SNAPSHOT.jar:/home/travis/build/ic
yphy/ptII/lib/hazelcast-3.8.2.jar:/home/travis/build/icyphy/ptII/lib/jackson-an
notations-2.9.0.jar:/home/travis/build/icyphy/ptII/lib/jackson-core-2.9.3.jar:/
home/travis/build/icyphy/ptII/lib/jackson-databind-2.9.3.jar:/home/travis/build
/icyphy/ptII/lib/netty-buffer-4.1.19.Final.jar:/home/travis/build/icyphy/ptII/l
ib/netty-codec-4.1.19.Final.jar:/home/travis/build/icyphy/ptII/lib/netty-codec-
dns-4.1.19.Final.jar:/home/travis/build/icyphy/ptII/lib/netty-codec-http-4.1.19
.Final.jar:/home/travis/build/icyphy/ptII/lib/netty-codec-http2-4.1.19.Final.ja
r:/home/travis/build/icyphy/ptII/lib/netty-common-4.1.19.Final.jar:/home/travis
/build/icyphy/ptII/lib/netty-handler-4.1.19.Final.jar:/home/travis/build/icyphy
/ptII/lib/netty-resolver-4.1.19.Final.jar:/home/travis/build/icyphy/ptII/lib/ne
tty-resolver-dns-4.1.19.Final.jar:/home/travis/build/icyphy/ptII/lib/netty-tran
sport-4.1.19.Final.jar:/home/travis/build/icyphy/ptII/lib/vertx-codegen-3.5.1.j
ar:/home/travis/build/icyphy/ptII/lib/vertx-core-3.5.2-SNAPSHOT.jar:/home/travi
s/build/icyphy/ptII/lib/vertx-hazelcast-3.5.1.jar:/home/travis/build/icyphy/ptI
I/lib/vertx-lang-js-3.5.1.jar:/home/travis/build/icyphy/ptII/lib/vertx-service-
proxy-3.5.1.jar:/home/travis/build/icyphy/ptII/lib/vertx-web-3.5.1.jar:/home/tr
avis/build/icyphy/ptII/lib/slf4j-api-1.7.13.jar:/home/travis/build/icyphy/ptII/
lib/slf4j-simple-1.7.13.jar:/home/travis/build/icyphy/ptII/lib/webcam-capture-0
.3.12.jar:/home/travis/build/icyphy/ptII/lib/bridj-0.7.0.jar:/home/travis/build
/icyphy/ptII/lib/xbjlib-1.1.0.nrjavaserial.jar:/home/travis/build/icyphy/ptII/p
tolemy/moml/test:/home/travis/build/icyphy/ptII/ant/lib/ant-launcher.jar:/home/
travis/build/icyphy/ptII/ant/lib/ant.jar:/home/travis/build/icyphy/ptII/ant/lib
/ant-junit.jar:/home/travis/build/icyphy/ptII/ant/lib/ant-junit4.jar:/home/trav
is/build/icyphy/ptII
PubSubAggModularCodeGen_ModularCodeGenTypedComposite_profile.java
total 1404
-rw-rw-r-- 1 travis travis   233 Sep 23 02:20 Array.class
-rw-rw-r-- 1 travis travis   459 Sep 23 02:20 Array.java
-rw-rw-r-- 1 travis travis  4895 Sep 23 02:19 CompiledCompositeActor_CompiledCompositeActor.class
-rw-rw-r-- 1 travis travis  1592 Sep 23 02:19 CompiledCompositeActor_CompiledCompositeActor$_CompiledCompositeActor_CompiledCompositeActor.class
-rw-rw-r-- 1 travis travis 13466 Sep 23 02:19 CompiledCompositeActor_CompiledCompositeActor.java
-rw-rw-r-- 1 travis travis  1593 Sep 23 02:19 CompiledCompositeActor_CompiledCompositeActor.mk
-rw-rw-r-- 1 travis travis  4457 Sep 23 02:19 JavaCompiledCompositeTest1_CompiledCompositeActor.class
-rw-rw-r-- 1 travis travis 11637 Sep 23 02:19 JavaCompiledCompositeTest1_CompiledCompositeActor.java
-rw-rw-r-- 1 travis travis  1198 Sep 23 02:19 JavaCompiledCompositeTest1_CompiledCompositeActor$_JavaCompiledCompositeTest1_CompiledCompositeActor.class
-rw-rw-r-- 1 travis travis  1625 Sep 23 02:19 JavaCompiledCompositeTest1_CompiledCompositeActor.mk
-rw-rw-r-- 1 travis travis  4888 Sep 23 02:19 JavaCompiledCompositeTest2_CompiledCompositeActor.class
-rw-rw-r-- 1 travis travis 14919 Sep 23 02:19 JavaCompiledCompositeTest2_CompiledCompositeActor.java
-rw-rw-r-- 1 travis travis  1793 Sep 23 02:19 JavaCompiledCompositeTest2_CompiledCompositeActor$_JavaCompiledCompositeTest2_CompiledCompositeActor.class
-rw-rw-r-- 1 travis travis  1625 Sep 23 02:19 JavaCompiledCompositeTest2_CompiledCompositeActor.mk
-rw-rw-r-- 1 travis travis  4505 Sep 23 02:19 JavaCompiledCompositeTest3_CompiledCompositeActor.class
-rw-rw-r-- 1 travis travis 13080 Sep 23 02:19 JavaCompiledCompositeTest3_CompiledCompositeActor.java
-rw-rw-r-- 1 travis travis  1378 Sep 23 02:19 JavaCompiledCompositeTest3_CompiledCompositeActor$_JavaCompiledCompositeTest3_CompiledCompositeActor.class
-rw-rw-r-- 1 travis travis  1625 Sep 23 02:19 JavaCompiledCompositeTest3_CompiledCompositeActor.mk
-rw-rw-r-- 1 travis travis  3953 Sep 23 02:19 JavaCompiledCompositeTest4_CompiledCompositeActor.class
-rw-rw-r-- 1 travis travis  9687 Sep 23 02:19 JavaCompiledCompositeTest4_CompiledCompositeActor.java
-rw-rw-r-- 1 travis travis   857 Sep 23 02:19 JavaCompiledCompositeTest4_CompiledCompositeActor$_JavaCompiledCompositeTest4_CompiledCompositeActor.class
-rw-rw-r-- 1 travis travis  1625 Sep 23 02:19 JavaCompiledCompositeTest4_CompiledCompositeActor.mk
-rw-rw-r-- 1 travis travis  3693 Sep 23 02:19 ModularCG_A1_B1.class
-rw-rw-r-- 1 travis travis  9730 Sep 23 02:19 ModularCG_A1_B1.java
-rw-rw-r-- 1 travis travis   832 Sep 23 02:19 ModularCG_A1_B1.mk
-rw-rw-r-- 1 travis travis  1318 Sep 23 02:19 ModularCG_A1_B1_profile.class
-rw-rw-r-- 1 travis travis  1262 Sep 23 02:19 ModularCG_A1_B1_profile.java
-rw-rw-r-- 1 travis travis  3693 Sep 23 02:19 ModularCG_A1_B2.class
-rw-rw-r-- 1 travis travis  9730 Sep 23 02:19 ModularCG_A1_B2.java
-rw-rw-r-- 1 travis travis   832 Sep 23 02:19 ModularCG_A1_B2.mk
-rw-rw-r-- 1 travis travis  1318 Sep 23 02:19 ModularCG_A1_B2_profile.class
-rw-rw-r-- 1 travis travis  1262 Sep 23 02:19 ModularCG_A1_B2_profile.java
-rw-rw-r-- 1 travis travis  4799 Sep 23 02:19 ModularCG_A1.class
-rw-rw-r-- 1 travis travis 14742 Sep 23 02:19 ModularCG_A1.java
-rw-rw-r-- 1 travis travis   808 Sep 23 02:19 ModularCG_A1.mk
-rw-rw-r-- 1 travis travis  1433 Sep 23 02:19 ModularCG_A1_profile.class
-rw-rw-r-- 1 travis travis  1704 Sep 23 02:19 ModularCG_A1_profile.java
-rw-rw-r-- 1 travis travis  3827 Sep 23 02:19 ModularCG_A2_B1.class
-rw-rw-r-- 1 travis travis 10667 Sep 23 02:19 ModularCG_A2_B1.java
-rw-rw-r-- 1 travis travis   832 Sep 23 02:19 ModularCG_A2_B1.mk
-rw-rw-r-- 1 travis travis  1381 Sep 23 02:19 ModularCG_A2_B1_profile.class
-rw-rw-r-- 1 travis travis  1446 Sep 23 02:19 ModularCG_A2_B1_profile.java
-rw-rw-r-- 1 travis travis  3693 Sep 23 02:19 ModularCG_A2_B2.class
-rw-rw-r-- 1 travis travis  9730 Sep 23 02:19 ModularCG_A2_B2.java
-rw-rw-r-- 1 travis travis   832 Sep 23 02:19 ModularCG_A2_B2.mk
-rw-rw-r-- 1 travis travis  1318 Sep 23 02:19 ModularCG_A2_B2_profile.class
-rw-rw-r-- 1 travis travis  1262 Sep 23 02:19 ModularCG_A2_B2_profile.java
-rw-rw-r-- 1 travis travis  4870 Sep 23 02:19 ModularCG_A2.class
-rw-rw-r-- 1 travis travis 15129 Sep 23 02:19 ModularCG_A2.java
-rw-rw-r-- 1 travis travis   808 Sep 23 02:19 ModularCG_A2.mk
-rw-rw-r-- 1 travis travis  1433 Sep 23 02:19 ModularCG_A2_profile.class
-rw-rw-r-- 1 travis travis  1704 Sep 23 02:19 ModularCG_A2_profile.java
-rw-rw-r-- 1 travis travis  3473 Sep 23 02:19 ModularCGPubSub_A1_A2.class
-rw-rw-r-- 1 travis travis  9076 Sep 23 02:19 ModularCGPubSub_A1_A2.java
-rw-rw-r-- 1 travis travis   880 Sep 23 02:19 ModularCGPubSub_A1_A2.mk
-rw-rw-r-- 1 travis travis  1300 Sep 23 02:19 ModularCGPubSub_A1_A2_profile.class
-rw-rw-r-- 1 travis travis  1222 Sep 23 02:19 ModularCGPubSub_A1_A2_profile.java
-rw-rw-r-- 1 travis travis  3790 Sep 23 02:19 ModularCGPubSub_A1.class
-rw-rw-r-- 1 travis travis  9836 Sep 23 02:19 ModularCGPubSub_A1.java
-rw-rw-r-- 1 travis travis   856 Sep 23 02:19 ModularCGPubSub_A1.mk
-rw-rw-r-- 1 travis travis  1346 Sep 23 02:19 ModularCGPubSub_A1_profile.class
-rw-rw-r-- 1 travis travis  1388 Sep 23 02:19 ModularCGPubSub_A1_profile.java
-rw-rw-r-- 1 travis travis  3988 Sep 23 02:19 ModularCodeGen2_ModularCodeGenTypedCompositeActor.class
-rw-rw-r-- 1 travis travis 11690 Sep 23 02:19 ModularCodeGen2_ModularCodeGenTypedCompositeActor.java
-rw-rw-r-- 1 travis travis  1104 Sep 23 02:19 ModularCodeGen2_ModularCodeGenTypedCompositeActor.mk
-rw-rw-r-- 1 travis travis  4272 Sep 23 02:19 ModularCodeGen2_ModularCodeGenTypedCompositeActor_ModularCodeGenTypedCompositeActor.class
-rw-rw-r-- 1 travis travis 11790 Sep 23 02:19 ModularCodeGen2_ModularCodeGenTypedCompositeActor_ModularCodeGenTypedCompositeActor.java
-rw-rw-r-- 1 travis travis  1376 Sep 23 02:19 ModularCodeGen2_ModularCodeGenTypedCompositeActor_ModularCodeGenTypedCompositeActor.mk
-rw-rw-r-- 1 travis travis  1421 Sep 23 02:19 ModularCodeGen2_ModularCodeGenTypedCompositeActor_ModularCodeGenTypedCompositeActor_profile.class
-rw-rw-r-- 1 travis travis  1294 Sep 23 02:19 ModularCodeGen2_ModularCodeGenTypedCompositeActor_ModularCodeGenTypedCompositeActor_profile.java
-rw-rw-r-- 1 travis travis   820 Sep 23 02:19 ModularCodeGen2_ModularCodeGenTypedCompositeActor_profile.class
-rw-rw-r-- 1 travis travis   693 Sep 23 02:19 ModularCodeGen2_ModularCodeGenTypedCompositeActor_profile.java
-rw-rw-r-- 1 travis travis  3741 Sep 23 02:19 ModularCodeGen3_A1_B1.class
-rw-rw-r-- 1 travis travis  9958 Sep 23 02:19 ModularCodeGen3_A1_B1.java
-rw-rw-r-- 1 travis travis   880 Sep 23 02:19 ModularCodeGen3_A1_B1.mk
-rw-rw-r-- 1 travis travis  1330 Sep 23 02:19 ModularCodeGen3_A1_B1_profile.class
-rw-rw-r-- 1 travis travis  1274 Sep 23 02:19 ModularCodeGen3_A1_B1_profile.java
-rw-rw-r-- 1 travis travis  3741 Sep 23 02:19 ModularCodeGen3_A1_B2.class
-rw-rw-r-- 1 travis travis  9958 Sep 23 02:19 ModularCodeGen3_A1_B2.java
-rw-rw-r-- 1 travis travis   880 Sep 23 02:19 ModularCodeGen3_A1_B2.mk
-rw-rw-r-- 1 travis travis  1330 Sep 23 02:19 ModularCodeGen3_A1_B2_profile.class
-rw-rw-r-- 1 travis travis  1274 Sep 23 02:19 ModularCodeGen3_A1_B2_profile.java
-rw-rw-r-- 1 travis travis  4961 Sep 23 02:19 ModularCodeGen3_A1.class
-rw-rw-r-- 1 travis travis 15564 Sep 23 02:19 ModularCodeGen3_A1.java
-rw-rw-r-- 1 travis travis   856 Sep 23 02:19 ModularCodeGen3_A1.mk
-rw-rw-r-- 1 travis travis  1445 Sep 23 02:19 ModularCodeGen3_A1_profile.class
-rw-rw-r-- 1 travis travis  1716 Sep 23 02:19 ModularCodeGen3_A1_profile.java
-rw-rw-r-- 1 travis travis  3887 Sep 23 02:19 ModularCodeGen3_A2_B1.class
-rw-rw-r-- 1 travis travis 10955 Sep 23 02:19 ModularCodeGen3_A2_B1.java
-rw-rw-r-- 1 travis travis   880 Sep 23 02:19 ModularCodeGen3_A2_B1.mk
-rw-rw-r-- 1 travis travis  1393 Sep 23 02:19 ModularCodeGen3_A2_B1_profile.class
-rw-rw-r-- 1 travis travis  1458 Sep 23 02:19 ModularCodeGen3_A2_B1_profile.java
-rw-rw-r-- 1 travis travis  3741 Sep 23 02:19 ModularCodeGen3_A2_B2.class
-rw-rw-r-- 1 travis travis  9958 Sep 23 02:19 ModularCodeGen3_A2_B2.java
-rw-rw-r-- 1 travis travis   880 Sep 23 02:19 ModularCodeGen3_A2_B2.mk
-rw-rw-r-- 1 travis travis  1330 Sep 23 02:19 ModularCodeGen3_A2_B2_profile.class
-rw-rw-r-- 1 travis travis  1274 Sep 23 02:19 ModularCodeGen3_A2_B2_profile.java
-rw-rw-r-- 1 travis travis  5038 Sep 23 02:19 ModularCodeGen3_A2.class
-rw-rw-r-- 1 travis travis 15957 Sep 23 02:19 ModularCodeGen3_A2.java
-rw-rw-r-- 1 travis travis   856 Sep 23 02:19 ModularCodeGen3_A2.mk
-rw-rw-r-- 1 travis travis  1445 Sep 23 02:19 ModularCodeGen3_A2_profile.class
-rw-rw-r-- 1 travis travis  1716 Sep 23 02:19 ModularCodeGen3_A2_profile.java
-rw-rw-r-- 1 travis travis  3794 Sep 23 02:19 ModularCodeGen4_A1_B1.class
-rw-rw-r-- 1 travis travis 10312 Sep 23 02:19 ModularCodeGen4_A1_B1.java
-rw-rw-r-- 1 travis travis   880 Sep 23 02:19 ModularCodeGen4_A1_B1.mk
-rw-rw-r-- 1 travis travis  1330 Sep 23 02:19 ModularCodeGen4_A1_B1_profile.class
-rw-rw-r-- 1 travis travis  1273 Sep 23 02:19 ModularCodeGen4_A1_B1_profile.java
-rw-rw-r-- 1 travis travis  3794 Sep 23 02:19 ModularCodeGen4_A1_B2.class
-rw-rw-r-- 1 travis travis 10312 Sep 23 02:19 ModularCodeGen4_A1_B2.java
-rw-rw-r-- 1 travis travis   880 Sep 23 02:19 ModularCodeGen4_A1_B2.mk
-rw-rw-r-- 1 travis travis  1330 Sep 23 02:19 ModularCodeGen4_A1_B2_profile.class
-rw-rw-r-- 1 travis travis  1273 Sep 23 02:19 ModularCodeGen4_A1_B2_profile.java
-rw-rw-r-- 1 travis travis  5101 Sep 23 02:19 ModularCodeGen4_A1.class
-rw-rw-r-- 1 travis travis 16245 Sep 23 02:19 ModularCodeGen4_A1.java
-rw-rw-r-- 1 travis travis   856 Sep 23 02:19 ModularCodeGen4_A1.mk
-rw-rw-r-- 1 travis travis  1445 Sep 23 02:19 ModularCodeGen4_A1_profile.class
-rw-rw-r-- 1 travis travis  1712 Sep 23 02:19 ModularCodeGen4_A1_profile.java
-rw-rw-r-- 1 travis travis  3988 Sep 23 02:20 ModularCodeGen4_A2_B1.class
-rw-rw-r-- 1 travis travis 11375 Sep 23 02:20 ModularCodeGen4_A2_B1.java
-rw-rw-r-- 1 travis travis   880 Sep 23 02:20 ModularCodeGen4_A2_B1.mk
-rw-rw-r-- 1 travis travis  1393 Sep 23 02:20 ModularCodeGen4_A2_B1_profile.class
-rw-rw-r-- 1 travis travis  1454 Sep 23 02:19 ModularCodeGen4_A2_B1_profile.java
-rw-rw-r-- 1 travis travis  3842 Sep 23 02:20 ModularCodeGen4_A2_B2.class
-rw-rw-r-- 1 travis travis 10378 Sep 23 02:20 ModularCodeGen4_A2_B2.java
-rw-rw-r-- 1 travis travis   880 Sep 23 02:20 ModularCodeGen4_A2_B2.mk
-rw-rw-r-- 1 travis travis  1330 Sep 23 02:20 ModularCodeGen4_A2_B2_profile.class
-rw-rw-r-- 1 travis travis  1270 Sep 23 02:20 ModularCodeGen4_A2_B2_profile.java
-rw-rw-r-- 1 travis travis  5274 Sep 23 02:20 ModularCodeGen4_A2.class
-rw-rw-r-- 1 travis travis 16770 Sep 23 02:20 ModularCodeGen4_A2.java
-rw-rw-r-- 1 travis travis   856 Sep 23 02:20 ModularCodeGen4_A2.mk
-rw-rw-r-- 1 travis travis  1445 Sep 23 02:20 ModularCodeGen4_A2_profile.class
-rw-rw-r-- 1 travis travis  1712 Sep 23 02:20 ModularCodeGen4_A2_profile.java
-rw-rw-r-- 1 travis travis  6838 Sep 23 02:20 ModularCodeGen5_A_A.class
-rw-rw-r-- 1 travis travis 28721 Sep 23 02:20 ModularCodeGen5_A_A.java
-rw-rw-r-- 1 travis travis   864 Sep 23 02:20 ModularCodeGen5_A_A.mk
-rw-rw-r-- 1 travis travis  1520 Sep 23 02:20 ModularCodeGen5_A_A_profile.class
-rw-rw-r-- 1 travis travis  1815 Sep 23 02:20 ModularCodeGen5_A_A_profile.java
-rw-rw-r-- 1 travis travis  5115 Sep 23 02:20 ModularCodeGen5_A.class
-rw-rw-r-- 1 travis travis 13769 Sep 23 02:20 ModularCodeGen5_A.java
-rw-rw-r-- 1 travis travis   848 Sep 23 02:20 ModularCodeGen5_A.mk
-rw-rw-r-- 1 travis travis  1422 Sep 23 02:20 ModularCodeGen5_A_profile.class
-rw-rw-r-- 1 travis travis  1605 Sep 23 02:20 ModularCodeGen5_A_profile.java
-rw-rw-r-- 1 travis travis  4125 Sep 23 02:20 ModularCodeGen6_A_A2.class
-rw-rw-r-- 1 travis travis 11329 Sep 23 02:20 ModularCodeGen6_A_A2.java
-rw-rw-r-- 1 travis travis   872 Sep 23 02:20 ModularCodeGen6_A_A2.mk
-rw-rw-r-- 1 travis travis  1351 Sep 23 02:20 ModularCodeGen6_A_A2_profile.class
-rw-rw-r-- 1 travis travis  1364 Sep 23 02:20 ModularCodeGen6_A_A2_profile.java
-rw-rw-r-- 1 travis travis  4108 Sep 23 02:20 ModularCodeGen6_A_A.class
-rw-rw-r-- 1 travis travis 11221 Sep 23 02:20 ModularCodeGen6_A_A.java
-rw-rw-r-- 1 travis travis   864 Sep 23 02:20 ModularCodeGen6_A_A.mk
-rw-rw-r-- 1 travis travis  1348 Sep 23 02:20 ModularCodeGen6_A_A_profile.class
-rw-rw-r-- 1 travis travis  1361 Sep 23 02:20 ModularCodeGen6_A_A_profile.java
-rw-rw-r-- 1 travis travis  7237 Sep 23 02:20 ModularCodeGen6_A.class
-rw-rw-r-- 1 travis travis 26535 Sep 23 02:20 ModularCodeGen6_A.java
-rw-rw-r-- 1 travis travis   848 Sep 23 02:20 ModularCodeGen6_A.mk
-rw-rw-r-- 1 travis travis  1483 Sep 23 02:20 ModularCodeGen6_A_profile.class
-rw-rw-r-- 1 travis travis  1810 Sep 23 02:20 ModularCodeGen6_A_profile.java
-rw-rw-r-- 1 travis travis  9439 Sep 23 02:20 ModularCodeGenLazyPubSubGlobal_CompositeActor_ModularCodeGenTypedComposite.class
-rw-rw-r-- 1 travis travis 30161 Sep 23 02:20 ModularCodeGenLazyPubSubGlobal_CompositeActor_ModularCodeGenTypedComposite.java
-rw-rw-r-- 1 travis travis  1304 Sep 23 02:20 ModularCodeGenLazyPubSubGlobal_CompositeActor_ModularCodeGenTypedComposite.mk
-rw-rw-r-- 1 travis travis  1438 Sep 23 02:20 ModularCodeGenLazyPubSubGlobal_CompositeActor_ModularCodeGenTypedComposite_profile.class
-rw-rw-r-- 1 travis travis  1384 Sep 23 02:20 ModularCodeGenLazyPubSubGlobal_CompositeActor_ModularCodeGenTypedComposite_profile.java
-rw-rw-r-- 1 travis travis  3952 Sep 23 02:20 ModularCodeGenLazyPubSub_LazyCompositeActor.class
-rw-rw-r-- 1 travis travis 11122 Sep 23 02:20 ModularCodeGenLazyPubSub_LazyCompositeActor.java
-rw-rw-r-- 1 travis travis  1056 Sep 23 02:20 ModularCodeGenLazyPubSub_LazyCompositeActor.mk
-rw-rw-r-- 1 travis travis  1286 Sep 23 02:20 ModularCodeGenLazyPubSub_LazyCompositeActor_profile.class
-rw-rw-r-- 1 travis travis  1091 Sep 23 02:20 ModularCodeGenLazyPubSub_LazyCompositeActor_profile.java
-rw-rw-r-- 1 travis travis  3954 Sep 23 02:19 ModularCodeGen_ModularCodeGenTypedCompositeActor.class
-rw-rw-r-- 1 travis travis 10970 Sep 23 02:19 ModularCodeGen_ModularCodeGenTypedCompositeActor.java
-rw-rw-r-- 1 travis travis  1096 Sep 23 02:19 ModularCodeGen_ModularCodeGenTypedCompositeActor.mk
-rw-rw-r-- 1 travis travis  1384 Sep 23 02:19 ModularCodeGen_ModularCodeGenTypedCompositeActor_profile.class
-rw-rw-r-- 1 travis travis  1328 Sep 23 02:19 ModularCodeGen_ModularCodeGenTypedCompositeActor_profile.java
-rw-rw-r-- 1 travis travis  3441 Sep 23 02:20 ModularCodeGenPubSub2_A1_A.class
-rw-rw-r-- 1 travis travis  8578 Sep 23 02:20 ModularCodeGenPubSub2_A1_A.java
-rw-rw-r-- 1 travis travis   920 Sep 23 02:20 ModularCodeGenPubSub2_A1_A.mk
-rw-rw-r-- 1 travis travis  1274 Sep 23 02:20 ModularCodeGenPubSub2_A1_A_profile.class
-rw-rw-r-- 1 travis travis  1128 Sep 23 02:20 ModularCodeGenPubSub2_A1_A_profile.java
-rw-rw-r-- 1 travis travis  3733 Sep 23 02:20 ModularCodeGenPubSub2_A1.class
-rw-rw-r-- 1 travis travis  9781 Sep 23 02:20 ModularCodeGenPubSub2_A1.java
-rw-rw-r-- 1 travis travis   904 Sep 23 02:20 ModularCodeGenPubSub2_A1.mk
-rw-rw-r-- 1 travis travis  1268 Sep 23 02:20 ModularCodeGenPubSub2_A1_profile.class
-rw-rw-r-- 1 travis travis  1196 Sep 23 02:20 ModularCodeGenPubSub2_A1_profile.java
-rw-rw-r-- 1 travis travis  3437 Sep 23 02:20 ModularCodeGenPubSub3_A1_A2.class
-rw-rw-r-- 1 travis travis  8599 Sep 23 02:20 ModularCodeGenPubSub3_A1_A2.java
-rw-rw-r-- 1 travis travis   928 Sep 23 02:20 ModularCodeGenPubSub3_A1_A2.mk
-rw-rw-r-- 1 travis travis  1287 Sep 23 02:20 ModularCodeGenPubSub3_A1_A2_profile.class
-rw-rw-r-- 1 travis travis  1132 Sep 23 02:20 ModularCodeGenPubSub3_A1_A2_profile.java
-rw-rw-r-- 1 travis travis  3856 Sep 23 02:20 ModularCodeGenPubSub3_A1.class
-rw-rw-r-- 1 travis travis 10100 Sep 23 02:20 ModularCodeGenPubSub3_A1.java
-rw-rw-r-- 1 travis travis   904 Sep 23 02:20 ModularCodeGenPubSub3_A1.mk
-rw-rw-r-- 1 travis travis  1358 Sep 23 02:20 ModularCodeGenPubSub3_A1_profile.class
-rw-rw-r-- 1 travis travis  1400 Sep 23 02:20 ModularCodeGenPubSub3_A1_profile.java
-rw-rw-r-- 1 travis travis  3441 Sep 23 02:20 ModularCodeGenPubSub4_A1_A.class
-rw-rw-r-- 1 travis travis  8578 Sep 23 02:20 ModularCodeGenPubSub4_A1_A.java
-rw-rw-r-- 1 travis travis   920 Sep 23 02:20 ModularCodeGenPubSub4_A1_A.mk
-rw-rw-r-- 1 travis travis  1274 Sep 23 02:20 ModularCodeGenPubSub4_A1_A_profile.class
-rw-rw-r-- 1 travis travis  1128 Sep 23 02:20 ModularCodeGenPubSub4_A1_A_profile.java
-rw-rw-r-- 1 travis travis  3683 Sep 23 02:20 ModularCodeGenPubSub4_A1.class
-rw-rw-r-- 1 travis travis  9231 Sep 23 02:20 ModularCodeGenPubSub4_A1.java
-rw-rw-r-- 1 travis travis   904 Sep 23 02:20 ModularCodeGenPubSub4_A1.mk
-rw-rw-r-- 1 travis travis  1247 Sep 23 02:20 ModularCodeGenPubSub4_A1_profile.class
-rw-rw-r-- 1 travis travis  1137 Sep 23 02:20 ModularCodeGenPubSub4_A1_profile.java
-rw-rw-r-- 1 travis travis  3475 Sep 23 02:20 ModularCodeGenPubSub_A1.class
-rw-rw-r-- 1 travis travis  9060 Sep 23 02:20 ModularCodeGenPubSub_A1.java
-rw-rw-r-- 1 travis travis   896 Sep 23 02:20 ModularCodeGenPubSub_A1.mk
-rw-rw-r-- 1 travis travis  1278 Sep 23 02:20 ModularCodeGenPubSub_A1_profile.class
-rw-rw-r-- 1 travis travis  1195 Sep 23 02:20 ModularCodeGenPubSub_A1_profile.java
-rw-rw-r-- 1 travis travis  3492 Sep 23 02:19 ModularCodeGenTest_A1_A2.class
-rw-rw-r-- 1 travis travis  9164 Sep 23 02:18 ModularCodeGenTest_A1_A2.java
-rw-rw-r-- 1 travis travis   904 Sep 23 02:18 ModularCodeGenTest_A1_A2.mk
-rw-rw-r-- 1 travis travis  1306 Sep 23 02:18 ModularCodeGenTest_A1_A2_profile.class
-rw-rw-r-- 1 travis travis  1228 Sep 23 02:18 ModularCodeGenTest_A1_A2_profile.java
-rw-rw-r-- 1 travis travis  3823 Sep 23 02:19 ModularCodeGenTest_A1.class
-rw-rw-r-- 1 travis travis  9968 Sep 23 02:19 ModularCodeGenTest_A1.java
-rw-rw-r-- 1 travis travis   880 Sep 23 02:19 ModularCodeGenTest_A1.mk
-rw-rw-r-- 1 travis travis  1352 Sep 23 02:19 ModularCodeGenTest_A1_profile.class
-rw-rw-r-- 1 travis travis  1394 Sep 23 02:19 ModularCodeGenTest_A1_profile.java
-rw-rw-r-- 1 travis travis  1007 Sep 23 02:20 PubSubAggModularCodeGen_ModularCodeGenTypedComposite_profile.java
-rw-rw-r-- 1 travis travis   432 Sep 23 02:20 Token.class
-rw-rw-r-- 1 travis travis   251 Sep 23 02:20 Token.java
warning: Supported source version 'RELEASE_6' from annotation processor 'org.netbeans.modules.openide.util.NbBundleProcessor' less than -source '1.8'
warning: Supported source version 'RELEASE_6' from annotation processor 'org.netbeans.modules.openide.util.URLStreamHandlerRegistrationProcessor' less than -source '1.8'
warning: Supported source version 'RELEASE_6' from annotation processor 'org.netbeans.modules.openide.util.ServiceProviderProcessor' less than -source '1.8'
3 warnings
All Done
Writing PubSubAggModularCodeGen_ModularCodeGenTypedComposite.java in file:/home/travis/cg/ (27850 characters)
Reading "ptolemy/cg/kernel/generic/program/procedural/java/modular/makefile.in",
    writing "/home/travis/cg/PubSubAggModularCodeGen_ModularCodeGenTypedComposite.mk"
Using ptolemy/cg/kernel/generic/program/procedural/java/modular/makefile.in
In "/home/travis/cg", about to execute:
    make -f PubSubAggModularCodeGen_ModularCodeGenTypedComposite.mk
javac -classpath ".:.."    PubSubAggModularCodeGen_ModularCodeGenTypedComposite.java
All Done
2316 ms. Memory: 198656K Free: 78942K (40%)
----------------- Invoking toplevel() on ptolemy.moml.MoMLSimpleApplication@3ad97e71
----------------- Done invoking toplevel() on ptolemy.moml.MoMLSimpleApplication@3ad97e71
reloadAllAccessors: .PubSubAggModularCodeGen

===========================================================================================
----------------- testing Sun Sep 23 02:20:41 UTC 2018 /home/travis/build/icyphy/ptII/ptolemy/cg/lib/test/auto/PubSubAggTypedComposite.xml
----------------- Instantiating /home/travis/build/icyphy/ptII/ptolemy/cg/lib/test/auto/PubSubAggTypedComposite.xml
5 ms. Memory: 198656K Free: 70961K (36%)
----------------- Invoking toplevel() on ptolemy.moml.MoMLSimpleApplication@6c8cd792
----------------- Done invoking toplevel() on ptolemy.moml.MoMLSimpleApplication@6c8cd792
reloadAllAccessors: .PubSubAggTypedComposite

===========================================================================================
----------------- testing Sun Sep 23 02:20:41 UTC 2018 /home/travis/build/icyphy/ptII/ptolemy/cg/lib/test/auto/PubSubAggTypedCompositeWidth2.xml
----------------- Instantiating /home/travis/build/icyphy/ptII/ptolemy/cg/lib/test/auto/PubSubAggTypedCompositeWidth2.xml
9 ms. Memory: 198656K Free: 61882K (31%)
----------------- Invoking toplevel() on ptolemy.moml.MoMLSimpleApplication@28543b47
----------------- Done invoking toplevel() on ptolemy.moml.MoMLSimpleApplication@28543b47
reloadAllAccessors: .PubSubAggTypedCompositeWidth2

===========================================================================================
----------------- testing Sun Sep 23 02:20:41 UTC 2018 /home/travis/build/icyphy/ptII/ptolemy/cg/lib/test/auto/ScaleJava.xml
----------------- Instantiating /home/travis/build/icyphy/ptII/ptolemy/cg/lib/test/auto/ScaleJava.xml
CompiledCompositeActor: Building shared object: The sharedObjectFile has a modification time that is earlier than the modelFile modification time.
Writing ScaleJava_EmbeddedActor.java in file:/home/travis/cg/ (9202 characters)
Reading "ptolemy/cg/kernel/generic/program/procedural/java/makefile.in",
    writing "/home/travis/cg/ScaleJava_EmbeddedActor.mk"
Using ptolemy/cg/kernel/generic/program/procedural/java/makefile.in
In "/home/travis/cg", about to execute:
    make -f ScaleJava_EmbeddedActor.mk
javac -classpath ".:."    ScaleJava_EmbeddedActor.java
All Done
1140 ms. Memory: 198656K Free: 38124K (19%)
----------------- Invoking toplevel() on ptolemy.moml.MoMLSimpleApplication@1450c229
----------------- Done invoking toplevel() on ptolemy.moml.MoMLSimpleApplication@1450c229
reloadAllAccessors: .ScaleJava
AutoTests.java: About to close Vertx.
AutoTests.java: Vertx closed.
]]></system-out>
  <system-err><![CDATA[]]></system-err>
</testsuite>
