<?xml version="1.0" encoding="UTF-8" ?>
<testsuite errors="0" failures="0" hostname="travis-job-de73b6d0-df7e-444e-bd41-8f6bbe997443" name="ptolemy.actor.lib.test.junit.JUnitTclTest" skipped="0" tests="517" time="60.047" timestamp="2020-10-13T11:58:17">
  <properties>
    <property name="npm.executable" value="npm" />
    <property name="env.TRAVIS_ROOT" value="/" />
    <property name="ptII.mk.exists" value="true" />
    <property name="env.TRAVIS_APP_HOST" value="build.travis-ci.com" />
    <property name="env.rvm_bin_path" value="/home/travis/.rvm/bin" />
    <property name="java.home" value="/usr/local/lib/jvm/openjdk11" />
    <property name="env.TRAVIS_JOB_NUMBER" value="1795.8" />
    <property name="env.TRAVIS_HOME" value="/home/travis" />
    <property name="env.DISPLAY" value=":99.0" />
    <property name="env.TRAVIS_INIT" value="systemd" />
    <property name="env.SSH_TTY" value="/dev/pts/0" />
    <property name="java.net.preferIPv4Stack" value="true" />
    <property name="env.RUN_TESTS" value="true" />
    <property name="timeout.short" value="1000000" />
    <property name="junit.formatter" value="xml" />
    <property name="env.TRAVIS_SUDO" value="true" />
    <property name="env.TRAVIS_JOB_NAME" value="" />
    <property name="env.TRAVIS_STACK_NODE_ATTRIBUTES" value="/.node-attributes.yml" />
    <property name="env.LOGNAME" value="travis" />
    <property name="env.PT_TRAVIS_TEST_CORE1_XML" value="true" />
    <property name="jsdoc.home" value="node_modules/@terraswarm/jsdoc" />
    <property name="debuglevel" value="source,lines,vars" />
    <property name="checkstyle.formatter" value="xml" />
    <property name="bin.vergil.makeable" value="true" />
    <property name="sun.os.patch.level" value="unknown" />
    <property name="java.vendor.url" value="http://java.oracle.com/" />
    <property name="env.TRAVIS_BUILD_WEB_URL" value="https://travis-ci.com/icyphy/ptII/builds/189694658" />
    <property name="java.version" value="11.0.2" />
    <property name="env.TZ" value="UTC" />
    <property name="env.TRAVIS_PULL_REQUEST_SHA" value="" />
    <property name="env.PT_NO_NET" value="true" />
    <property name="env.TRAVIS_SECURE_ENV_VARS" value="true" />
    <property name="java.vendor.url.bug" value="http://bugreport.java.com/bugreport/" />
    <property name="npmjs-org-is-up" value="true" />
    <property name="env.LANGUAGE" value="en_US.UTF-8" />
    <property name="env.SSH_CLIENT" value="10.16.4.11 37324 22" />
    <property name="env.GEM_HOME" value="/home/travis/.rvm/gems/ruby-2.5.3" />
    <property name="env.HAS_ANTARES_THREE_LITTLE_FRONZIES_BADGE" value="true" />
    <property name="java.version.date" value="2019-01-15" />
    <property name="env.PS4" value="+" />
    <property name="ant.project.invoked-targets" value="build,test.core1.xml" />
    <property name="env.TRAVIS_PULL_REQUEST_BRANCH" value="" />
    <property name="env.TRAVIS_REPO_SLUG" value="icyphy/ptII" />
    <property name="env.XDG_DATA_DIRS" value="/usr/local/share:/usr/share:/var/lib/snapd/desktop" />
    <property name="jdk.debug" value="release" />
    <property name="env.TRAVIS_APT_PROXY" value="http://build-cache.travisci.net" />
    <property name="env.TRAVIS_CPU_ARCH" value="amd64" />
    <property name="node.in.path" value="true" />
    <property name="user.name" value="travis" />
    <property name="java.maxmemory" value="1400m" />
    <property name="env.RUBY_VERSION" value="ruby-2.5.3" />
    <property name="env.LANG" value="en_US.UTF-8" />
    <property name="sun.io.unicode.encoding" value="UnicodeLittle" />
    <property name="sun.jnu.encoding" value="UTF-8" />
    <property name="java.runtime.name" value="OpenJDK Runtime Environment" />
    <property name="usefile" value="false" />
    <property name="return.code" value="0" />
    <property name="junit.single.formatter" value="plain" />
    <property name="env.DYLD_LIBRARY_PATH" value="/home/travis/pthla/certi-tools/lib:" />
    <property name="env.DEBIAN_FRONTEND" value="noninteractive" />
    <property name="env.SSH_CONNECTION" value="10.16.4.11 37324 10.30.3.149 22" />
    <property name="env.MYSQL_UNIX_PORT" value="/var/run/mysqld/mysqld.sock" />
    <property name="env.LC_ALL" value="en_US.UTF-8" />
    <property name="env.TRAVIS_ALLOW_FAILURE" value="" />
    <property name="env.TRAVIS_JOB_WEB_URL" value="https://travis-ci.com/icyphy/ptII/jobs/398786571" />
    <property name="java.specification.name" value="Java Platform API Specification" />
    <property name="node.works" value="true" />
    <property name="user.timezone" value="" />
    <property name="path.separator" value=":" />
    <property name="env.TRAVIS_ENABLE_INFRA_DETECTION" value="true" />
    <property name="env.PYTHON_CFLAGS" value="-g -fstack-protector --param=ssp-buffer-size=4 -Wformat -Werror=format-security" />
    <property name="timeout.long" value="4000000" />
    <property name="env.CERTI_HOME" value="/home/travis/pthla/certi-tools" />
    <property name="ant.file.ptII" value="/home/travis/build/icyphy/ptII/build.xml" />
    <property name="javadoc.packagenames" value="com.*,diva.*,lbnl.*,org.hlacerti.*,org.json.*,org.ptolemy.*,org.terraswarm.*,ptolemy.*,ptserver.*" />
    <property name="file.encoding" value="UTF-8" />
    <property name="env.TRAVIS_PULL_REQUEST_SLUG" value="" />
    <property name="ant.project.default-target" value="build" />
    <property name="env.GIT_ASKPASS" value="echo" />
    <property name="env.HOME" value="/home/travis" />
    <property name="sun.java.command" value="org.apache.tools.ant.taskdefs.optional.junit.JUnitTestRunner ptolemy.actor.lib.test.junit.JUnitTclTest skipNonTests=false filtertrace=true haltOnError=false haltOnFailure=false formatter=org.apache.tools.ant.taskdefs.optional.junit.OutErrSummaryJUnitResultFormatter showoutput=true outputtoformatters=true logfailedtests=true threadid=0 logtestlistenerevents=false formatter=org.apache.tools.ant.taskdefs.optional.junit.XMLJUnitResultFormatter,/home/travis/build/icyphy/ptII/reports/junit/TEST-ptolemy.actor.lib.test.junit.JUnitTclTest.xml crashfile=/home/travis/build/icyphy/ptII/junitvmwatcher14364580285189320152.properties propsfile=/home/travis/build/icyphy/ptII/junit1704756243092562264.properties" />
    <property name="env.COMPOSER_NO_INTERACTION" value="1" />
    <property name="env.MANPATH" value="/home/travis/.nvm/versions/node/v7.10.1/share/man:/home/travis/.rvm/rubies/ruby-2.5.3/share/man:/usr/local/cmake-3.12.4/man:/usr/local/clang-7.0.0/share/man:/usr/local/man:/usr/local/share/man:/usr/share/man:/home/travis/.rvm/man" />
    <property name="env.TRAVIS_TIMER_ID" value="047b2b22" />
    <property name="ant.file" value="/home/travis/build/icyphy/ptII/build.xml" />
    <property name="env.TRAVIS_COMMIT_RANGE" value="" />
    <property name="ptII.classpath.optional.property" value="/home/travis/build/icyphy/ptII/lib/bsh-2.0b4.jar:/home/travis/build/icyphy/ptII/lib/ptCal.jar:/home/travis/build/icyphy/ptII/lib/java_cup.jar:/home/travis/build/icyphy/ptII/lib/saxon8.jar:/home/travis/build/icyphy/ptII/lib/saxon8-dom.jar:/home/travis/build/icyphy/ptII/lib/chic.jar:/home/travis/build/icyphy/ptII/lib/ptcolt.jar:/home/travis/build/icyphy/ptII/vendors/misc/itext/iText.jar:/home/travis/build/icyphy/ptII/lib/g4ltl.jar:/home/travis/build/icyphy/ptII/lib/StructuralCoder.jar:/home/travis/build/icyphy/ptII/lib/jcerti.jar:/home/travis/build/icyphy/ptII/lib/javax.mail.jar:/home/travis/build/icyphy/ptII/vendors/JMF-2.1.1e/lib/jmf.jar:/home/travis/build/icyphy/ptII/lib/jna-4.0.0-variadic.jar:/home/travis/build/icyphy/ptII/vendors/misc/joystick/Joystick.jar:/home/travis/build/icyphy/ptII/lib/ptjacl.jar:/home/travis/build/icyphy/ptII/lib/jsoup-1.8.2.jar:/home/travis/build/icyphy/ptII/lib/junit-4.8.2.jar:/home/travis/build/icyphy/ptII/lib/JUnitParams-0.4.0.jar:/home/travis/build/icyphy/ptII/ptolemy/actor/lib/excel/jxl.jar:/home/travis/build/icyphy/ptII/lib/jython.jar:/home/travis/build/icyphy/ptII/lib/kieler.jar:/home/travis/build/icyphy/ptII/vendors/opencv/share/OpenCV/java/opencv-341.jar:/home/travis/build/icyphy/ptII/lib/oscP5.jar:/home/travis/build/icyphy/ptII/lib/nrjavaserial-3.11.0.devel.jar:/home/travis/build/icyphy/ptII/vendors/j3d/lib/Linux/j3dcore.jar:/home/travis/build/icyphy/ptII/vendors/j3d/lib/Linux/j3dutils.jar:/home/travis/build/icyphy/ptII/vendors/j3d/lib/Linux/vecmath.jar:/home/travis/build/icyphy/ptII/vendors/jogl/lib/Linux/gluegen-rt-natives-linux-amd64.jar:/home/travis/build/icyphy/ptII/vendors/jogl/lib/Linux/gluegen-rt.jar:/home/travis/build/icyphy/ptII/vendors/jogl/lib/Linux/jogl-all-natives-linux-amd64.jar:/home/travis/build/icyphy/ptII/vendors/jogl/lib/Linux/jogl-all.jar:/home/travis/build/icyphy/ptII/ptolemy/distributed/jini/jar/jini-core.jar:/home/travis/build/icyphy/ptII/ptolemy/distributed/jini/jar/jini-ext.jar:/home/travis/build/icyphy/ptII/ptolemy/distributed/jini/jar/sun-util.jar:/home/travis/build/icyphy/ptII/lib/protobuf-java-2.4.1.jar:/home/travis/build/icyphy/ptII/lib/org.eclipse.paho.client.mqttv3.jar:/home/travis/build/icyphy/ptII/lib/mapss.jar:/home/travis/build/icyphy/ptII/ptolemy/actor/ptalon/antlr/antlr.jar:/home/travis/build/icyphy/ptII/lib/JRI.jar:/home/travis/build/icyphy/ptII/lib/commons-lang-2.6.jar:/home/travis/build/icyphy/ptII/lib/commons-logging-1.1.1.jar:/home/travis/build/icyphy/ptII/lib/sootclasses.jar:/home/travis/build/icyphy/ptII/ptolemy/actor/lib/database/mysql-connector-java-5.1.6-bin.jar:/home/travis/build/icyphy/ptII/vendors/misc/sphinx4/sphinx4-data-5prealpha.jar:/home/travis/build/icyphy/ptII/vendors/misc/sphinx4/sphinx4-core-5prealpha.jar:/home/travis/build/icyphy/ptII/lib/PDFRenderer.jar:/home/travis/build/icyphy/ptII/lib/svgSalamander.jar:/home/travis/build/icyphy/ptII/lib/rsyntaxtextarea-2.6.0-SNAPSHOT.jar:/home/travis/build/icyphy/ptII/lib/hazelcast-3.8.2.jar:/home/travis/build/icyphy/ptII/lib/jackson-annotations-2.9.0.jar:/home/travis/build/icyphy/ptII/lib/jackson-core-2.9.3.jar:/home/travis/build/icyphy/ptII/lib/jackson-databind-2.9.3.jar:/home/travis/build/icyphy/ptII/lib/netty-buffer-4.1.19.Final.jar:/home/travis/build/icyphy/ptII/lib/netty-codec-4.1.19.Final.jar:/home/travis/build/icyphy/ptII/lib/netty-codec-dns-4.1.19.Final.jar:/home/travis/build/icyphy/ptII/lib/netty-codec-http-4.1.19.Final.jar:/home/travis/build/icyphy/ptII/lib/netty-codec-http2-4.1.19.Final.jar:/home/travis/build/icyphy/ptII/lib/netty-common-4.1.19.Final.jar:/home/travis/build/icyphy/ptII/lib/netty-handler-4.1.19.Final.jar:/home/travis/build/icyphy/ptII/lib/netty-resolver-4.1.19.Final.jar:/home/travis/build/icyphy/ptII/lib/netty-resolver-dns-4.1.19.Final.jar:/home/travis/build/icyphy/ptII/lib/netty-transport-4.1.19.Final.jar:/home/travis/build/icyphy/ptII/lib/vertx-codegen-3.5.1.jar:/home/travis/build/icyphy/ptII/lib/vertx-core-3.5.2-SNAPSHOT.jar:/home/travis/build/icyphy/ptII/lib/vertx-hazelcast-3.5.1.jar:/home/travis/build/icyphy/ptII/lib/vertx-lang-js-3.5.1.jar:/home/travis/build/icyphy/ptII/lib/vertx-service-proxy-3.5.1.jar:/home/travis/build/icyphy/ptII/lib/vertx-web-3.5.1.jar:/home/travis/build/icyphy/ptII/lib/slf4j-api-1.7.13.jar:/home/travis/build/icyphy/ptII/lib/slf4j-simple-1.7.13.jar:/home/travis/build/icyphy/ptII/lib/webcam-capture-0.3.12.jar:/home/travis/build/icyphy/ptII/lib/bridj-0.7.0.jar:/home/travis/build/icyphy/ptII/lib/xbjlib-1.1.0.nrjavaserial.jar" />
    <property name="timeout" value="2400000" />
    <property name="test.batch" value="**/junit/*.java" />
    <property name="env._" value="/usr/bin/timeout" />
    <property name="java.io.tmpdir" value="/tmp" />
    <property name="user.language" value="en" />
    <property name="env.TRAVIS_INTERNAL_RUBY_REGEX" value="^ruby-(2\.[0-4]\.[0-9]|1\.9\.3)" />
    <property name="env.HISTCONTROL" value="ignoredups:ignorespace" />
    <property name="env.GOROOT" value="/home/travis/.gimme/versions/go1.11.1.linux.amd64" />
    <property name="line.separator" value="&#xa;" />
    <property name="target" value="11" />
    <property name="env.TRAVIS_BUILD_DIR" value="/home/travis/build/icyphy/ptII" />
    <property name="env.ANT_OPTS" value="-Xmx2048m" />
    <property name="ant.file.type" value="file" />
    <property name="ptolemy.ptII.batchMode" value="true" />
    <property name="env.HISTSIZE" value="1000" />
    <property name="env.MERB_ENV" value="test" />
    <property name="java.vm.info" value="mixed mode" />
    <property name="source" value="11" />
    <property name="java.vm.specification.name" value="Java Virtual Machine Specification" />
    <property name="env.TRAVIS_TEST_RESULT" value="0" />
    <property name="jsdoc.command" value="node_modules/@terraswarm/jsdoc/jsdoc.js" />
    <property name="npm.works" value="true" />
    <property name="cobertura.dir" value="/home/travis/build/icyphy/ptII/vendors/cobertura-2.0.3" />
    <property name="jsdoc.command.exists" value="true" />
    <property name="env.rvm_path" value="/home/travis/.rvm" />
    <property name="env.GEM_PATH" value="/home/travis/.rvm/gems/ruby-2.5.3:/home/travis/.rvm/gems/ruby-2.5.3@global" />
    <property name="env.LC_CTYPE" value="en_US.UTF-8" />
    <property name="env.TRAVIS_CMD" value="$PTII/bin/ptIITravisBuild.sh $SECONDS" />
    <property name="java.awt.printerjob" value="sun.print.PSPrinterJob" />
    <property name="env.TRAVIS_STACK_NAME" value="sardonyx" />
    <property name="env.TRAVIS_TIMER_START_TIME" value="1602589715607706341" />
    <property name="ant.version" value="Apache Ant(TM) version 1.10.1 compiled on February 2 2017" />
    <property name="ptII.reports" value="/home/travis/build/icyphy/ptII/reports" />
    <property name="env.TRAVIS_STACK_TIMESTAMP" value="2020-06-24 13:13:18 UTC" />
    <property name="ant.file.type.ptII" value="file" />
    <property name="env.RBENV_SHELL" value="bash" />
    <property name="os.name" value="Linux" />
    <property name="java.specification.vendor" value="Oracle Corporation" />
    <property name="env.rvm_version" value="1.29.10 (latest)" />
    <property name="env.TRAVIS_INFRA" value="unknown" />
    <property name="env.TERM" value="xterm" />
    <property name="java.vm.name" value="OpenJDK 64-Bit Server VM" />
    <property name="env.TRAVIS_BUILD_NUMBER" value="1795" />
    <property name="env.CI" value="true" />
    <property name="java.library.path" value="/home/travis/pthla/certi-tools/lib:/usr/lib/jni:/usr/local/share/OpenCV/java/:/usr/share/OpenCV/java::/usr/java/packages/lib:/usr/lib64:/lib64:/lib:/usr/lib" />
    <property name="jdk.module.path" value="/home/travis/build/icyphy/ptII/vendors/javafx/javafx-sdk-11.0.2/lib:" />
    <property name="env.rvm_prefix" value="/home/travis" />
    <property name="env.PATH" value="/home/travis/pthla/certi-tools/share/scripts:/home/travis/.rvm/gems/ruby-2.5.3/bin:/home/travis/.rvm/gems/ruby-2.5.3@global/bin:/home/travis/.rvm/rubies/ruby-2.5.3/bin:/home/travis/.rvm/bin:/home/travis/.nvm/versions/node/v7.10.1/bin:./node_modules/.bin:/home/travis/build/icyphy/ptII/bin:/home/travis/pthla/certi-tools/bin:/home/travis/bin:/home/travis/.local/bin:/usr/local/lib/jvm/openjdk11/bin:/opt/pyenv/shims:/home/travis/.phpenv/shims:/home/travis/perl5/perlbrew/bin:/home/travis/gopath/bin:/home/travis/.gimme/versions/go1.11.1.linux.amd64/bin:/usr/local/maven-3.6.3/bin:/usr/local/cmake-3.12.4/bin:/usr/local/clang-7.0.0/bin:/usr/local/sbin:/usr/local/bin:/usr/sbin:/usr/bin:/sbin:/bin:/snap/bin:/home/travis/.phpenv/bin:/opt/pyenv/bin:/home/travis/.yarn/bin" />
    <property name="env.TRAVIS_OS_NAME" value="linux" />
    <property name="ant.java.version" value="9" />
    <property name="basedir" value="/home/travis/build/icyphy/ptII" />
    <property name="java.class.version" value="55.0" />
    <property name="env.SHLVL" value="3" />
    <property name="env.LD_LIBRARY_PATH" value="/home/travis/pthla/certi-tools/lib:/usr/lib/jni:/usr/local/share/OpenCV/java/:/usr/share/OpenCV/java:" />
    <property name="env.RACK_ENV" value="test" />
    <property name="ant.home" value="/home/travis/build/icyphy/ptII/ant" />
    <property name="env.NVM_DIR" value="/home/travis/.nvm" />
    <property name="env.CERTI_FOM_PATH" value="/home/travis/pthla/certi-tools/share/federations" />
    <property name="env.TRAVIS_BUILD_ID" value="189694658" />
    <property name="env.PYENV_ROOT" value="/opt/pyenv" />
    <property name="env.TRAVIS_UID" value="2000" />
    <property name="prism.verbose" value="true" />
    <property name="env.NVM_BIN" value="/home/travis/.nvm/versions/node/v7.10.1/bin" />
    <property name="env.TRAVIS_COMMIT" value="c82bfed2216076ccc1caf22367304b6e85a1ea23" />
    <property name="node.executable" value="node" />
    <property name="sun.boot.library.path" value="/usr/local/lib/jvm/openjdk11/lib" />
    <property name="sun.management.compiler" value="HotSpot 64-Bit Tiered Compilers" />
    <property name="java.awt.graphicsenv" value="sun.awt.X11GraphicsEnvironment" />
    <property name="env.GOPATH" value="/home/travis/gopath" />
    <property name="ptolemy.ptII.dir" value="/home/travis/build/icyphy/ptII" />
    <property name="env.USER" value="travis" />
    <property name="env.HISTFILESIZE" value="2000" />
    <property name="env.NVM_INC" value="/home/travis/.nvm/versions/node/v7.10.1/include/node" />
    <property name="timeout.longest" value="19000000" />
    <property name="env.PERLBREW_SHELLRC_VERSION" value="0.88" />
    <property name="env.TRAVIS_STACK_FEATURES" value="basic couchdb disabled-ipv6 docker docker-compose elasticsearch firefox go-toolchain google-chrome jdk memcached mongodb mysql nodejs_interpreter perl_interpreter perlbrew phantomjs postgresql python_interpreter redis ruby_interpreter sqlite xserver" />
    <property name="env.TRAVIS_PULL_REQUEST" value="false" />
    <property name="env.PYENV_SHELL" value="bash" />
    <property name="ant.project.name" value="ptII" />
    <property name="env.ANSI_RESET" value="\033[0m" />
    <property name="java.vm.specification.version" value="11" />
    <property name="env.TRAVIS_DIST" value="xenial" />
    <property name="env.CERTI_VERSION" value="4.0.0" />
    <property name="env.CERTI_HOST" value="localhost" />
    <property name="awt.toolkit" value="sun.awt.X11.XToolkit" />
    <property name="env.MY_RUBY_HOME" value="/home/travis/.rvm/rubies/ruby-2.5.3" />
    <property name="sun.cpu.isalist" value="" />
    <property name="env.TRAVIS_TMPDIR" value="/tmp/tmp.ndvlNd3DqV" />
    <property name="java.vm.compressedOopsMode" value="Zero based" />
    <property name="os.version" value="4.15.0-1077-gcp" />
    <property name="user.home" value="/home/travis" />
    <property name="java.vm.vendor" value="Oracle Corporation" />
    <property name="env.TRAVIS_TAG" value="nightly" />
    <property name="env.ANSI_YELLOW" value="\033[33;1m" />
    <property name="env.TRAVIS_FILTERED" value="redirect_io" />
    <property name="env.ANSI_GREEN" value="\033[32;1m" />
    <property name="env.JAVA_HOME" value="/usr/local/lib/jvm/openjdk11" />
    <property name="javadoc.excludepackagenames" value="adm.cvs2svn.*,build.*,config.*,doc.coding.templates.*,jni.test.jni.meaningOfLife.*,jni.test.jni.testDeux.*,jni.test.jni.testTrois.*,org.terraswarm.accessor.accessors.web.node_modules.*,org.terraswarm.accessor.accessors.web.hosts.cordova.demo.*,org.terraswarm.accessor.accessors.web.hosts.cordova.plugins.*,org.terraswarm.accessor.accessors-svn.*,pt-modules.*,ptolemy.apps.agilent.*,ptolemy.apps.anytimecontrol.*,ptolemy.apps.apes.*,ptolemy.apps.charon.*,ptolemy.apps.crazyboard.*,ptolemy.apps.eclipse.*,ptolemy.apps.etherealSting.*,ptolemy.apps.fullscreen.*,ptolemy.apps.giotto.*,ptolemy.apps.ia.*,ptolemy.apps.interfaces.*,ptolemy.apps.jmf.*,ptolemy.apps.kurt.*,ptolemy.apps.kvm.*,ptolemy.apps.lego.*,ptolemy.apps.lejos.*,ptolemy.apps.midp.*,ptolemy.apps.mobileCoding.*,ptolemy.apps.pendulum.*,ptolemy.apps.rijndael.*,ptolemy.apps.robot.*,ptolemy.apps.security.*,ptolemy.apps.sobel.*,ptolemy.apps.soot.*,ptolemy.apps.throttle.*,ptolemy.apps.tini.*,ptolemy.apps.transmission.*,ptolemy.apps.vergil.*,ptolemy.apps.waba.*,ptolemy.apps.websensor.*,ptolemy.apps.webstart.*,ptolemy.apps.xsl.*,ptolemy.apps.zaurus.*,ptolemy.codegen.c.actor.lib.oldJavaFiles.*,ptolemy.codegen.dsp.lib.*,ptolemy.codegen.kernel.newInterfaces.*,ptolemy.codegen.lib.*,ptolemy.copernicus.kernel.fragment.*,ptolemy.copernicus.shallow.cg.*,ptolemy.domains.giotto.demo.Hierarchy.Hierarchy.*,ptolemy.domains.giotto.demo.Multimode.Multimode.*,ptolemy.domains.giotto.demo.Simple.Simple.*,ptolemy.domains.gr.lib.experimental.*,ptolemy.domains.gro.*,ptolemy.domains.pdf.*,ptolemy.domains.ptinyos.demo.Surge.output.*,ptolemy.moml.test.NoPackageActor.java*,ptolemy.plot.adm.*,ptolemy.plot.servlet.*,reports.*,signed.*,src.*,target.*,vendors.*,ptolemy.copernicus.applet.*,ptolemy.media.viewer.*,ptolemy.actor.corba.*,doc.doclets.*,ptolemy.apps.eclipse.awt.*,ptolemy.backtrack.*,ptolemy.backtrack.ast.*,ptolemy.cg.adapter.generic.program.procedural.c.mbed*,ptolemy.homer.*,ptolemy.actor.lib.jai.*,org.ptolemy.scala.*,diva.util.java2d.svg.*,ptolemy.domains.ptinyos.*,ptolemy.actor.lib.fmi.fmipp.*,,org.terraswarm.accessor.accessors.web.node_modules.*,org.terraswarm.accessor.accessors-svn,ptolemy.apps.*,ptolemy.actor.ptalon.demo.ptinyos.SendAndReceiveCnt.output,ptolemy.actor.ptalon.demo.ptinyos.SenseToLeds.output,ptolemy.domains.ptinyos.demo.CntToLedsAndRfm.output,ptolemy.domains.ptinyos.demo.RfmToLeds.output,ptolemy.domains.ptinyos.demo.SendAndReceiveCnt.output,ptolemy.domains.ptinyos.demo.SenseToLeds.output,ptolemy.actor.lib.jjs.modules.udpSocket.*" />
    <property name="env.PTII" value="/home/travis/build/icyphy/ptII" />
    <property name="env.XDG_SESSION_ID" value="2" />
    <property name="keystore" value="ptKeystore" />
    <property name="env.TRAVIS_COMMIT_MESSAGE" value="Bump junit from 4.8.2 to 4.13.1&#xa;&#xa;Bumps [junit](https://github.com/junit-team/junit4) from 4.8.2 to 4.13.1.&#xa;- [Release notes](https://github.com/junit-team/junit4/releases)&#xa;- [Changelog](https://github.com/junit-team/junit4/blob/main/doc/ReleaseNotes4.13.1.md)&#xa;- [Commits](https://github.com/junit-team/junit4/compare/r4.8.2...r4.13.1)&#xa;&#xa;Signed-off-by: dependabot[bot] &lt;support@github.com&gt;" />
    <property name="junit.output.dir" value="/home/travis/build/icyphy/ptII/reports/junit" />
    <property name="npm.return.code" value="0" />
    <property name="user.dir" value="/home/travis/build/icyphy/ptII/ptolemy/actor/lib/test" />
    <property name="env.TRAVIS_NODE_VERSION" value="7" />
    <property name="env.TRAVIS_EVENT_TYPE" value="push" />
    <property name="env.MAIL" value="/var/mail/travis" />
    <property name="env.PERLBREW_ROOT" value="/home/travis/perl5/perlbrew" />
    <property name="env.PWD" value="/home/travis/build/icyphy/ptII" />
    <property name="timeout.npm" value="45000" />
    <property name="env.TRAVIS_ARCH" value="amd64" />
    <property name="sun.cpu.endian" value="little" />
    <property name="env.PAGER" value="cat" />
    <property name="env.TRAVIS_BUILD_STAGE_NAME" value="test" />
    <property name="env.PERLBREW_HOME" value="/home/travis/.perlbrew" />
    <property name="java.vm.version" value="11.0.2+9" />
    <property name="env.RAILS_ENV" value="test" />
    <property name="java.class.path" value="/home/travis/.ptolemyII:/home/travis/.ptolemyII/*:/home/travis/build/icyphy/ptII:/home/travis/build/icyphy/ptII/lib/bsh-2.0b4.jar:/home/travis/build/icyphy/ptII/lib/ptCal.jar:/home/travis/build/icyphy/ptII/lib/java_cup.jar:/home/travis/build/icyphy/ptII/lib/saxon8.jar:/home/travis/build/icyphy/ptII/lib/saxon8-dom.jar:/home/travis/build/icyphy/ptII/lib/chic.jar:/home/travis/build/icyphy/ptII/lib/ptcolt.jar:/home/travis/build/icyphy/ptII/vendors/misc/itext/iText.jar:/home/travis/build/icyphy/ptII/lib/g4ltl.jar:/home/travis/build/icyphy/ptII/lib/StructuralCoder.jar:/home/travis/build/icyphy/ptII/lib/jcerti.jar:/home/travis/build/icyphy/ptII/lib/javax.mail.jar:/home/travis/build/icyphy/ptII/vendors/JMF-2.1.1e/lib/jmf.jar:/home/travis/build/icyphy/ptII/lib/jna-4.0.0-variadic.jar:/home/travis/build/icyphy/ptII/vendors/misc/joystick/Joystick.jar:/home/travis/build/icyphy/ptII/lib/ptjacl.jar:/home/travis/build/icyphy/ptII/lib/jsoup-1.8.2.jar:/home/travis/build/icyphy/ptII/lib/junit-4.8.2.jar:/home/travis/build/icyphy/ptII/lib/JUnitParams-0.4.0.jar:/home/travis/build/icyphy/ptII/ptolemy/actor/lib/excel/jxl.jar:/home/travis/build/icyphy/ptII/lib/jython.jar:/home/travis/build/icyphy/ptII/lib/kieler.jar:/home/travis/build/icyphy/ptII/vendors/opencv/share/OpenCV/java/opencv-341.jar:/home/travis/build/icyphy/ptII/lib/oscP5.jar:/home/travis/build/icyphy/ptII/lib/nrjavaserial-3.11.0.devel.jar:/home/travis/build/icyphy/ptII/vendors/j3d/lib/Linux/j3dcore.jar:/home/travis/build/icyphy/ptII/vendors/j3d/lib/Linux/j3dutils.jar:/home/travis/build/icyphy/ptII/vendors/j3d/lib/Linux/vecmath.jar:/home/travis/build/icyphy/ptII/vendors/jogl/lib/Linux/gluegen-rt-natives-linux-amd64.jar:/home/travis/build/icyphy/ptII/vendors/jogl/lib/Linux/gluegen-rt.jar:/home/travis/build/icyphy/ptII/vendors/jogl/lib/Linux/jogl-all-natives-linux-amd64.jar:/home/travis/build/icyphy/ptII/vendors/jogl/lib/Linux/jogl-all.jar:/home/travis/build/icyphy/ptII/ptolemy/distributed/jini/jar/jini-core.jar:/home/travis/build/icyphy/ptII/ptolemy/distributed/jini/jar/jini-ext.jar:/home/travis/build/icyphy/ptII/ptolemy/distributed/jini/jar/sun-util.jar:/home/travis/build/icyphy/ptII/lib/protobuf-java-2.4.1.jar:/home/travis/build/icyphy/ptII/lib/org.eclipse.paho.client.mqttv3.jar:/home/travis/build/icyphy/ptII/lib/mapss.jar:/home/travis/build/icyphy/ptII/ptolemy/actor/ptalon/antlr/antlr.jar:/home/travis/build/icyphy/ptII/lib/JRI.jar:/home/travis/build/icyphy/ptII/lib/commons-lang-2.6.jar:/home/travis/build/icyphy/ptII/lib/commons-logging-1.1.1.jar:/home/travis/build/icyphy/ptII/lib/sootclasses.jar:/home/travis/build/icyphy/ptII/ptolemy/actor/lib/database/mysql-connector-java-5.1.6-bin.jar:/home/travis/build/icyphy/ptII/vendors/misc/sphinx4/sphinx4-data-5prealpha.jar:/home/travis/build/icyphy/ptII/vendors/misc/sphinx4/sphinx4-core-5prealpha.jar:/home/travis/build/icyphy/ptII/lib/PDFRenderer.jar:/home/travis/build/icyphy/ptII/lib/svgSalamander.jar:/home/travis/build/icyphy/ptII/lib/rsyntaxtextarea-2.6.0-SNAPSHOT.jar:/home/travis/build/icyphy/ptII/lib/hazelcast-3.8.2.jar:/home/travis/build/icyphy/ptII/lib/jackson-annotations-2.9.0.jar:/home/travis/build/icyphy/ptII/lib/jackson-core-2.9.3.jar:/home/travis/build/icyphy/ptII/lib/jackson-databind-2.9.3.jar:/home/travis/build/icyphy/ptII/lib/netty-buffer-4.1.19.Final.jar:/home/travis/build/icyphy/ptII/lib/netty-codec-4.1.19.Final.jar:/home/travis/build/icyphy/ptII/lib/netty-codec-dns-4.1.19.Final.jar:/home/travis/build/icyphy/ptII/lib/netty-codec-http-4.1.19.Final.jar:/home/travis/build/icyphy/ptII/lib/netty-codec-http2-4.1.19.Final.jar:/home/travis/build/icyphy/ptII/lib/netty-common-4.1.19.Final.jar:/home/travis/build/icyphy/ptII/lib/netty-handler-4.1.19.Final.jar:/home/travis/build/icyphy/ptII/lib/netty-resolver-4.1.19.Final.jar:/home/travis/build/icyphy/ptII/lib/netty-resolver-dns-4.1.19.Final.jar:/home/travis/build/icyphy/ptII/lib/netty-transport-4.1.19.Final.jar:/home/travis/build/icyphy/ptII/lib/vertx-codegen-3.5.1.jar:/home/travis/build/icyphy/ptII/lib/vertx-core-3.5.2-SNAPSHOT.jar:/home/travis/build/icyphy/ptII/lib/vertx-hazelcast-3.5.1.jar:/home/travis/build/icyphy/ptII/lib/vertx-lang-js-3.5.1.jar:/home/travis/build/icyphy/ptII/lib/vertx-service-proxy-3.5.1.jar:/home/travis/build/icyphy/ptII/lib/vertx-web-3.5.1.jar:/home/travis/build/icyphy/ptII/lib/slf4j-api-1.7.13.jar:/home/travis/build/icyphy/ptII/lib/slf4j-simple-1.7.13.jar:/home/travis/build/icyphy/ptII/lib/webcam-capture-0.3.12.jar:/home/travis/build/icyphy/ptII/lib/bridj-0.7.0.jar:/home/travis/build/icyphy/ptII/lib/xbjlib-1.1.0.nrjavaserial.jar:/home/travis/build/icyphy/ptII/ptolemy/moml/test:/home/travis/build/icyphy/ptII/ant/lib/ant-launcher.jar:/home/travis/build/icyphy/ptII/ant/lib/ant.jar:/home/travis/build/icyphy/ptII/ant/lib/ant-junit.jar:/home/travis/build/icyphy/ptII/ant/lib/ant-junit4.jar" />
    <property name="ant.library.dir" value="/home/travis/build/icyphy/ptII/ant/lib" />
    <property name="os.arch" value="amd64" />
    <property name="env.CONTINUOUS_INTEGRATION" value="true" />
    <property name="env.TRAVIS_LANGUAGE" value="node_js" />
    <property name="env.TRAVIS_STACK_LANGUAGES" value="__sardonyx__ c c++ clojure cplusplus cpp default generic go groovy java node_js php pure_java python ruby scala" />
    <property name="test.name" value="ptolemy.actor.lib.test.junit.JUnitTclTest" />
    <property name="env.APT_KEY_DONT_WARN_ON_DANGEROUS_USAGE" value="1" />
    <property name="sun.java.launcher" value="SUN_STANDARD" />
    <property name="env.PYTHON_CONFIGURE_OPTS" value="--enable-unicode=ucs4 --with-wide-unicode --enable-shared --enable-ipv6 --enable-loadable-sqlite-extensions --with-computed-gotos" />
    <property name="ant.core.lib" value="/home/travis/build/icyphy/ptII/ant/lib/ant.jar" />
    <property name="java.vm.specification.vendor" value="Oracle Corporation" />
    <property name="env.BCVTB_HOME" value="/home/travis/build/icyphy/ptII/lbnl" />
    <property name="file.separator" value="/" />
    <property name="spotbugs.home" value="/home/travis/build/icyphy/ptII/vendors/spotbugs-3.1.1" />
    <property name="java.runtime.version" value="11.0.2+9" />
    <property name="env.ANSI_CLEAR" value="\033[0K" />
    <property name="javafx.verbose" value="true" />
    <property name="env.HAS_JOSH_K_SEAL_OF_APPROVAL" value="true" />
    <property name="env.XDG_RUNTIME_DIR" value="/run/user/2000" />
    <property name="env.TRAVIS_OSX_IMAGE" value="" />
    <property name="env.TRAVIS_JOB_ID" value="398786571" />
    <property name="env.TRAVIS_BRANCH" value="dependabot/maven/junit-junit-4.13.1" />
    <property name="user.country" value="US" />
    <property name="env.CERTI_HOME_TRAVIS" value="/home/travis/pthla/certi-tools" />
    <property name="env.SHELL" value="/bin/bash" />
    <property name="java.maxmemory.large" value="3200m" />
    <property name="model" value="" />
    <property name="env.CASHER_DIR" value="/home/travis/.casher" />
    <property name="env.NVM_CD_FLAGS" value="" />
    <property name="java.vendor.version" value="18.9" />
    <property name="jshint.executable" value="/home/travis/node_modules/jshint/bin/jshint" />
    <property name="env.JRUBY_OPTS" value=" --client -J-XX:+TieredCompilation -J-XX:TieredStopAtLevel=1 -J-Xss2m -Xcompile.invokedynamic=false" />
    <property name="java.vendor" value="Oracle Corporation" />
    <property name="env.TRAVIS_PRE_CHEF_BOOTSTRAP_TIME" value="2020-06-24T13:13:03" />
    <property name="env.TRAVIS_STACK_JOB_BOARD_REGISTER" value="/.job-board-register.yml" />
    <property name="env.ANSI_RED" value="\033[31;1m" />
    <property name="java.specification.version" value="11" />
    <property name="env.IRBRC" value="/home/travis/.rvm/rubies/ruby-2.5.3/.irbrc" />
    <property name="env.TRAVIS" value="true" />
    <property name="sun.arch.data.model" value="64" />
  </properties>
  <testcase classname="ptolemy.util.test.junit.TclTests" name="[0] /home/travis/build/icyphy/ptII/ptolemy/actor/lib/test/AbsoluteValue.tcl (RunTclFile)" time="0.496" />
  <testcase classname="ptolemy.util.test.junit.TclTests" name="[1] /home/travis/build/icyphy/ptII/ptolemy/actor/lib/test/AddSubtract.tcl (RunTclFile)" time="0.17" />
  <testcase classname="ptolemy.util.test.junit.TclTests" name="[2] /home/travis/build/icyphy/ptII/ptolemy/actor/lib/test/Average.tcl (RunTclFile)" time="0.04" />
  <testcase classname="ptolemy.util.test.junit.TclTests" name="[3] /home/travis/build/icyphy/ptII/ptolemy/actor/lib/test/Bernoulli.tcl (RunTclFile)" time="0.018" />
  <testcase classname="ptolemy.util.test.junit.TclTests" name="[4] /home/travis/build/icyphy/ptII/ptolemy/actor/lib/test/Clock.tcl (RunTclFile)" time="0.107" />
  <testcase classname="ptolemy.util.test.junit.TclTests" name="[5] /home/travis/build/icyphy/ptII/ptolemy/actor/lib/test/Commutator.tcl (RunTclFile)" time="0.169" />
  <testcase classname="ptolemy.util.test.junit.TclTests" name="[6] /home/travis/build/icyphy/ptII/ptolemy/actor/lib/test/Const.tcl (RunTclFile)" time="0.132" />
  <testcase classname="ptolemy.util.test.junit.TclTests" name="[7] /home/travis/build/icyphy/ptII/ptolemy/actor/lib/test/CurrentTime.tcl (RunTclFile)" time="0.018" />
  <testcase classname="ptolemy.util.test.junit.TclTests" name="[8] /home/travis/build/icyphy/ptII/ptolemy/actor/lib/test/DB.tcl (RunTclFile)" time="0.019" />
  <testcase classname="ptolemy.util.test.junit.TclTests" name="[9] /home/travis/build/icyphy/ptII/ptolemy/actor/lib/test/DiscreteRandomSource.tcl (RunTclFile)" time="0.029" />
  <testcase classname="ptolemy.util.test.junit.TclTests" name="[10] /home/travis/build/icyphy/ptII/ptolemy/actor/lib/test/Distributor.tcl (RunTclFile)" time="0.065" />
  <testcase classname="ptolemy.util.test.junit.TclTests" name="[11] /home/travis/build/icyphy/ptII/ptolemy/actor/lib/test/Exit.tcl (RunTclFile)" time="0.077" />
  <testcase classname="ptolemy.util.test.junit.TclTests" name="[12] /home/travis/build/icyphy/ptII/ptolemy/actor/lib/test/Expression.tcl (RunTclFile)" time="0.068" />
  <testcase classname="ptolemy.util.test.junit.TclTests" name="[13] /home/travis/build/icyphy/ptII/ptolemy/actor/lib/test/Gaussian.tcl (RunTclFile)" time="0.355" />
  <testcase classname="ptolemy.util.test.junit.TclTests" name="[14] /home/travis/build/icyphy/ptII/ptolemy/actor/lib/test/IIR.tcl (RunTclFile)" time="0.041" />
  <testcase classname="ptolemy.util.test.junit.TclTests" name="[15] /home/travis/build/icyphy/ptII/ptolemy/actor/lib/test/Interpolator.tcl (RunTclFile)" time="0.095" />
  <testcase classname="ptolemy.util.test.junit.TclTests" name="[16] /home/travis/build/icyphy/ptII/ptolemy/actor/lib/test/MathFunction.tcl (RunTclFile)" time="0.055" />
  <testcase classname="ptolemy.util.test.junit.TclTests" name="[17] /home/travis/build/icyphy/ptII/ptolemy/actor/lib/test/Maximum.tcl (RunTclFile)" time="0.031" />
  <testcase classname="ptolemy.util.test.junit.TclTests" name="[18] /home/travis/build/icyphy/ptII/ptolemy/actor/lib/test/Minimum.tcl (RunTclFile)" time="0.025" />
  <testcase classname="ptolemy.util.test.junit.TclTests" name="[19] /home/travis/build/icyphy/ptII/ptolemy/actor/lib/test/MultiplyDivide.tcl (RunTclFile)" time="0.041" />
  <testcase classname="ptolemy.util.test.junit.TclTests" name="[20] /home/travis/build/icyphy/ptII/ptolemy/actor/lib/test/OrderedMerge.tcl (RunTclFile)" time="0.11" />
  <testcase classname="ptolemy.util.test.junit.TclTests" name="[21] /home/travis/build/icyphy/ptII/ptolemy/actor/lib/test/Publisher.tcl (RunTclFile)" time="0.766" />
  <testcase classname="ptolemy.util.test.junit.TclTests" name="[22] /home/travis/build/icyphy/ptII/ptolemy/actor/lib/test/Pulse.tcl (RunTclFile)" time="0.048" />
  <testcase classname="ptolemy.util.test.junit.TclTests" name="[23] /home/travis/build/icyphy/ptII/ptolemy/actor/lib/test/Ramp.tcl (RunTclFile)" time="1.794" />
  <testcase classname="ptolemy.util.test.junit.TclTests" name="[24] /home/travis/build/icyphy/ptII/ptolemy/actor/lib/test/RampContinuous.tcl (RunTclFile)" time="0.016" />
  <testcase classname="ptolemy.util.test.junit.TclTests" name="[25] /home/travis/build/icyphy/ptII/ptolemy/actor/lib/test/RecordAssembler.tcl (RunTclFile)" time="0.024" />
  <testcase classname="ptolemy.util.test.junit.TclTests" name="[26] /home/travis/build/icyphy/ptII/ptolemy/actor/lib/test/RecordDisassembler.tcl (RunTclFile)" time="0.033" />
  <testcase classname="ptolemy.util.test.junit.TclTests" name="[27] /home/travis/build/icyphy/ptII/ptolemy/actor/lib/test/Scale.tcl (RunTclFile)" time="0.027" />
  <testcase classname="ptolemy.util.test.junit.TclTests" name="[28] /home/travis/build/icyphy/ptII/ptolemy/actor/lib/test/SequentialClock.tcl (RunTclFile)" time="0.022" />
  <testcase classname="ptolemy.util.test.junit.TclTests" name="[29] /home/travis/build/icyphy/ptII/ptolemy/actor/lib/test/SetVariable.tcl (RunTclFile)" time="0.015" />
  <testcase classname="ptolemy.util.test.junit.TclTests" name="[30] /home/travis/build/icyphy/ptII/ptolemy/actor/lib/test/Sinewave.tcl (RunTclFile)" time="0.033" />
  <testcase classname="ptolemy.util.test.junit.TclTests" name="[31] /home/travis/build/icyphy/ptII/ptolemy/actor/lib/test/SubscriptionAggregator.tcl (RunTclFile)" time="1.977" />
  <testcase classname="ptolemy.util.test.junit.TclTests" name="[32] /home/travis/build/icyphy/ptII/ptolemy/actor/lib/test/Test.tcl (RunTclFile)" time="0.148" />
  <testcase classname="ptolemy.util.test.junit.TclTests" name="[33] /home/travis/build/icyphy/ptII/ptolemy/actor/lib/test/TestExceptionHandler.tcl (RunTclFile)" time="0.013" />
  <testcase classname="ptolemy.util.test.junit.TclTests" name="[34] /home/travis/build/icyphy/ptII/ptolemy/actor/lib/test/UnionDisassembler.tcl (RunTclFile)" time="0.067" />
  <testcase classname="ptolemy.util.test.junit.TclTests" name="[35] /home/travis/build/icyphy/ptII/ptolemy/actor/lib/test/VariableClock.tcl (RunTclFile)" time="0.028" />
  <testcase classname="ptolemy.util.test.junit.AutoKnownFailedTests" name="[0] /home/travis/build/icyphy/ptII/ptolemy/actor/lib/test/auto/knownFailedTests/PublisherPortToplevelSubscriber.xml (RunModel)" time="0.026" />
  <testcase classname="ptolemy.util.test.junit.AutoKnownFailedTests" name="[1] /home/travis/build/icyphy/ptII/ptolemy/actor/lib/test/auto/knownFailedTests/PublisherSubscriberPortToplevel.xml (RunModel)" time="0.022" />
  <testcase classname="ptolemy.util.test.junit.AutoKnownFailedTests" name="[2] /home/travis/build/icyphy/ptII/ptolemy/actor/lib/test/auto/knownFailedTests/PublisherSubscriptionAggregatorPort.xml (RunModel)" time="0.016" />
  <testcase classname="ptolemy.util.test.junit.AutoKnownFailedTests" name="[3] /home/travis/build/icyphy/ptII/ptolemy/actor/lib/test/auto/knownFailedTests/sizedarray3.xml (RunModel)" time="0.032" />
  <testcase classname="ptolemy.util.test.junit.AutoNameArchTests" name="[0] ThereAreNoAutoArchTests (RunModel)" time="0.003" />
  <testcase classname="ptolemy.util.test.junit.AutoTests" name="[0] /home/travis/build/icyphy/ptII/ptolemy/actor/lib/test/auto/AbsoluteValue.xml (RunModel)" time="0.084" />
  <testcase classname="ptolemy.util.test.junit.AutoTests" name="[1] /home/travis/build/icyphy/ptII/ptolemy/actor/lib/test/auto/AbsoluteValue2.xml (RunModel)" time="0.028" />
  <testcase classname="ptolemy.util.test.junit.AutoTests" name="[2] /home/travis/build/icyphy/ptII/ptolemy/actor/lib/test/auto/Accumulator.xml (RunModel)" time="0.03" />
  <testcase classname="ptolemy.util.test.junit.AutoTests" name="[3] /home/travis/build/icyphy/ptII/ptolemy/actor/lib/test/auto/Accumulator2.xml (RunModel)" time="0.044" />
  <testcase classname="ptolemy.util.test.junit.AutoTests" name="[4] /home/travis/build/icyphy/ptII/ptolemy/actor/lib/test/auto/Accumulator3.xml (RunModel)" time="0.046" />
  <testcase classname="ptolemy.util.test.junit.AutoTests" name="[5] /home/travis/build/icyphy/ptII/ptolemy/actor/lib/test/auto/ArrayAppend.xml (RunModel)" time="0.067" />
  <testcase classname="ptolemy.util.test.junit.AutoTests" name="[6] /home/travis/build/icyphy/ptII/ptolemy/actor/lib/test/auto/ArrayAppend2.xml (RunModel)" time="0.359" />
  <testcase classname="ptolemy.util.test.junit.AutoTests" name="[7] /home/travis/build/icyphy/ptII/ptolemy/actor/lib/test/auto/ArrayAppend3.xml (RunModel)" time="0.034" />
  <testcase classname="ptolemy.util.test.junit.AutoTests" name="[8] /home/travis/build/icyphy/ptII/ptolemy/actor/lib/test/auto/ArrayAppend4.xml (RunModel)" time="0.021" />
  <testcase classname="ptolemy.util.test.junit.AutoTests" name="[9] /home/travis/build/icyphy/ptII/ptolemy/actor/lib/test/auto/ArrayAppend5.xml (RunModel)" time="0.012" />
  <testcase classname="ptolemy.util.test.junit.AutoTests" name="[10] /home/travis/build/icyphy/ptII/ptolemy/actor/lib/test/auto/ArrayAppend6.xml (RunModel)" time="0.019" />
  <testcase classname="ptolemy.util.test.junit.AutoTests" name="[11] /home/travis/build/icyphy/ptII/ptolemy/actor/lib/test/auto/ArrayAppendPerformanceTest.xml (RunModel)" time="0.059" />
  <testcase classname="ptolemy.util.test.junit.AutoTests" name="[12] /home/travis/build/icyphy/ptII/ptolemy/actor/lib/test/auto/ArrayAppendWithEmptyInput.xml (RunModel)" time="0.062" />
  <testcase classname="ptolemy.util.test.junit.AutoTests" name="[13] /home/travis/build/icyphy/ptII/ptolemy/actor/lib/test/auto/ArrayAverage.xml (RunModel)" time="0.031" />
  <testcase classname="ptolemy.util.test.junit.AutoTests" name="[14] /home/travis/build/icyphy/ptII/ptolemy/actor/lib/test/auto/ArrayContains.xml (RunModel)" time="0.025" />
  <testcase classname="ptolemy.util.test.junit.AutoTests" name="[15] /home/travis/build/icyphy/ptII/ptolemy/actor/lib/test/auto/ArrayElement.xml (RunModel)" time="0.022" />
  <testcase classname="ptolemy.util.test.junit.AutoTests" name="[16] /home/travis/build/icyphy/ptII/ptolemy/actor/lib/test/auto/ArrayElementAsMatrix.xml (RunModel)" time="0.057" />
  <testcase classname="ptolemy.util.test.junit.AutoTests" name="[17] /home/travis/build/icyphy/ptII/ptolemy/actor/lib/test/auto/ArrayElementI.xml (RunModel)" time="0.03" />
  <testcase classname="ptolemy.util.test.junit.AutoTests" name="[18] /home/travis/build/icyphy/ptII/ptolemy/actor/lib/test/auto/ArrayExtract.xml (RunModel)" time="0.031" />
  <testcase classname="ptolemy.util.test.junit.AutoTests" name="[19] /home/travis/build/icyphy/ptII/ptolemy/actor/lib/test/auto/ArrayExtract2.xml (RunModel)" time="0.016" />
  <testcase classname="ptolemy.util.test.junit.AutoTests" name="[20] /home/travis/build/icyphy/ptII/ptolemy/actor/lib/test/auto/ArrayLength.xml (RunModel)" time="0.018" />
  <testcase classname="ptolemy.util.test.junit.AutoTests" name="[21] /home/travis/build/icyphy/ptII/ptolemy/actor/lib/test/auto/ArrayLevelCrossing.xml (RunModel)" time="0.027" />
  <testcase classname="ptolemy.util.test.junit.AutoTests" name="[22] /home/travis/build/icyphy/ptII/ptolemy/actor/lib/test/auto/ArrayLevelCrossing2.xml (RunModel)" time="0.021" />
  <testcase classname="ptolemy.util.test.junit.AutoTests" name="[23] /home/travis/build/icyphy/ptII/ptolemy/actor/lib/test/auto/ArrayPeakSearch.xml (RunModel)" time="0.053" />
  <testcase classname="ptolemy.util.test.junit.AutoTests" name="[24] /home/travis/build/icyphy/ptII/ptolemy/actor/lib/test/auto/ArrayPeakSearch2.xml (RunModel)" time="0.038" />
  <testcase classname="ptolemy.util.test.junit.AutoTests" name="[25] /home/travis/build/icyphy/ptII/ptolemy/actor/lib/test/auto/ArrayPeakSearch3.xml (RunModel)" time="0.035" />
  <testcase classname="ptolemy.util.test.junit.AutoTests" name="[26] /home/travis/build/icyphy/ptII/ptolemy/actor/lib/test/auto/ArrayRemoveElement.xml (RunModel)" time="0.03" />
  <testcase classname="ptolemy.util.test.junit.AutoTests" name="[27] /home/travis/build/icyphy/ptII/ptolemy/actor/lib/test/auto/ArraySort.xml (RunModel)" time="0.033" />
  <testcase classname="ptolemy.util.test.junit.AutoTests" name="[28] /home/travis/build/icyphy/ptII/ptolemy/actor/lib/test/auto/ArraySum.xml (RunModel)" time="0.016" />
  <testcase classname="ptolemy.util.test.junit.AutoTests" name="[29] /home/travis/build/icyphy/ptII/ptolemy/actor/lib/test/auto/ArrayToElements.xml (RunModel)" time="0.018" />
  <testcase classname="ptolemy.util.test.junit.AutoTests" name="[30] /home/travis/build/icyphy/ptII/ptolemy/actor/lib/test/auto/ArrayToMatrix.xml (RunModel)" time="0.056" />
  <testcase classname="ptolemy.util.test.junit.AutoTests" name="[31] /home/travis/build/icyphy/ptII/ptolemy/actor/lib/test/auto/ArrayUpdate1.xml (RunModel)" time="0.025" />
  <testcase classname="ptolemy.util.test.junit.AutoTests" name="[32] /home/travis/build/icyphy/ptII/ptolemy/actor/lib/test/auto/ArrayUpdate2.xml (RunModel)" time="0.021" />
  <testcase classname="ptolemy.util.test.junit.AutoTests" name="[33] /home/travis/build/icyphy/ptII/ptolemy/actor/lib/test/auto/ArrayUpdate3.xml (RunModel)" time="0.014" />
  <testcase classname="ptolemy.util.test.junit.AutoTests" name="[34] /home/travis/build/icyphy/ptII/ptolemy/actor/lib/test/auto/Assert1.xml (RunModel)" time="0.02" />
  <testcase classname="ptolemy.util.test.junit.AutoTests" name="[35] /home/travis/build/icyphy/ptII/ptolemy/actor/lib/test/auto/Assert2.xml (RunModel)" time="0.011" />
  <testcase classname="ptolemy.util.test.junit.AutoTests" name="[36] /home/travis/build/icyphy/ptII/ptolemy/actor/lib/test/auto/BooleanMultiplexor.xml (RunModel)" time="0.014" />
  <testcase classname="ptolemy.util.test.junit.AutoTests" name="[37] /home/travis/build/icyphy/ptII/ptolemy/actor/lib/test/auto/BooleanMultiplexor2.xml (RunModel)" time="0.024" />
  <testcase classname="ptolemy.util.test.junit.AutoTests" name="[38] /home/travis/build/icyphy/ptII/ptolemy/actor/lib/test/auto/BooleanMultiplexor3.xml (RunModel)" time="0.012" />
  <testcase classname="ptolemy.util.test.junit.AutoTests" name="[39] /home/travis/build/icyphy/ptII/ptolemy/actor/lib/test/auto/BooleanSelect.xml (RunModel)" time="0.021" />
  <testcase classname="ptolemy.util.test.junit.AutoTests" name="[40] /home/travis/build/icyphy/ptII/ptolemy/actor/lib/test/auto/BooleanSelect2.xml (RunModel)" time="0.016" />
  <testcase classname="ptolemy.util.test.junit.AutoTests" name="[41] /home/travis/build/icyphy/ptII/ptolemy/actor/lib/test/auto/BooleanSwitch.xml (RunModel)" time="0.021" />
  <testcase classname="ptolemy.util.test.junit.AutoTests" name="[42] /home/travis/build/icyphy/ptII/ptolemy/actor/lib/test/auto/BooleanSwitch2.xml (RunModel)" time="0.013" />
  <testcase classname="ptolemy.util.test.junit.AutoTests" name="[43] /home/travis/build/icyphy/ptII/ptolemy/actor/lib/test/auto/BooleanSwitchCloningBugWithClassRelationGroup.xml (RunModel)" time="0.028" />
  <testcase classname="ptolemy.util.test.junit.AutoTests" name="[44] /home/travis/build/icyphy/ptII/ptolemy/actor/lib/test/auto/BusActors.xml (RunModel)" time="0.027" />
  <testcase classname="ptolemy.util.test.junit.AutoTests" name="[45] /home/travis/build/icyphy/ptII/ptolemy/actor/lib/test/auto/ClassWrapper.xml (RunModel)" time="0.023" />
  <testcase classname="ptolemy.util.test.junit.AutoTests" name="[46] /home/travis/build/icyphy/ptII/ptolemy/actor/lib/test/auto/Clock.xml (RunModel)" time="0.008" />
  <testcase classname="ptolemy.util.test.junit.AutoTests" name="[47] /home/travis/build/icyphy/ptII/ptolemy/actor/lib/test/auto/Clock10.xml (RunModel)" time="0.015" />
  <testcase classname="ptolemy.util.test.junit.AutoTests" name="[48] /home/travis/build/icyphy/ptII/ptolemy/actor/lib/test/auto/Clock11.xml (RunModel)" time="0.023" />
  <testcase classname="ptolemy.util.test.junit.AutoTests" name="[49] /home/travis/build/icyphy/ptII/ptolemy/actor/lib/test/auto/Clock12.xml (RunModel)" time="0.02" />
  <testcase classname="ptolemy.util.test.junit.AutoTests" name="[50] /home/travis/build/icyphy/ptII/ptolemy/actor/lib/test/auto/Clock13.xml (RunModel)" time="0.013" />
  <testcase classname="ptolemy.util.test.junit.AutoTests" name="[51] /home/travis/build/icyphy/ptII/ptolemy/actor/lib/test/auto/Clock14.xml (RunModel)" time="0.018" />
  <testcase classname="ptolemy.util.test.junit.AutoTests" name="[52] /home/travis/build/icyphy/ptII/ptolemy/actor/lib/test/auto/Clock15.xml (RunModel)" time="0.014" />
  <testcase classname="ptolemy.util.test.junit.AutoTests" name="[53] /home/travis/build/icyphy/ptII/ptolemy/actor/lib/test/auto/Clock16.xml (RunModel)" time="0.081" />
  <testcase classname="ptolemy.util.test.junit.AutoTests" name="[54] /home/travis/build/icyphy/ptII/ptolemy/actor/lib/test/auto/Clock17.xml (RunModel)" time="0.064" />
  <testcase classname="ptolemy.util.test.junit.AutoTests" name="[55] /home/travis/build/icyphy/ptII/ptolemy/actor/lib/test/auto/Clock18.xml (RunModel)" time="0.043" />
  <testcase classname="ptolemy.util.test.junit.AutoTests" name="[56] /home/travis/build/icyphy/ptII/ptolemy/actor/lib/test/auto/Clock19.xml (RunModel)" time="0.041" />
  <testcase classname="ptolemy.util.test.junit.AutoTests" name="[57] /home/travis/build/icyphy/ptII/ptolemy/actor/lib/test/auto/Clock2.xml (RunModel)" time="0.013" />
  <testcase classname="ptolemy.util.test.junit.AutoTests" name="[58] /home/travis/build/icyphy/ptII/ptolemy/actor/lib/test/auto/Clock20.xml (RunModel)" time="0.023" />
  <testcase classname="ptolemy.util.test.junit.AutoTests" name="[59] /home/travis/build/icyphy/ptII/ptolemy/actor/lib/test/auto/Clock21.xml (RunModel)" time="0.016" />
  <testcase classname="ptolemy.util.test.junit.AutoTests" name="[60] /home/travis/build/icyphy/ptII/ptolemy/actor/lib/test/auto/Clock22.xml (RunModel)" time="0.015" />
  <testcase classname="ptolemy.util.test.junit.AutoTests" name="[61] /home/travis/build/icyphy/ptII/ptolemy/actor/lib/test/auto/Clock23.xml (RunModel)" time="0.016" />
  <testcase classname="ptolemy.util.test.junit.AutoTests" name="[62] /home/travis/build/icyphy/ptII/ptolemy/actor/lib/test/auto/Clock24.xml (RunModel)" time="0.013" />
  <testcase classname="ptolemy.util.test.junit.AutoTests" name="[63] /home/travis/build/icyphy/ptII/ptolemy/actor/lib/test/auto/Clock4.xml (RunModel)" time="0.01" />
  <testcase classname="ptolemy.util.test.junit.AutoTests" name="[64] /home/travis/build/icyphy/ptII/ptolemy/actor/lib/test/auto/Clock5.xml (RunModel)" time="0.014" />
  <testcase classname="ptolemy.util.test.junit.AutoTests" name="[65] /home/travis/build/icyphy/ptII/ptolemy/actor/lib/test/auto/Clock6.xml (RunModel)" time="0.006" />
  <testcase classname="ptolemy.util.test.junit.AutoTests" name="[66] /home/travis/build/icyphy/ptII/ptolemy/actor/lib/test/auto/Clock7.xml (RunModel)" time="0.007" />
  <testcase classname="ptolemy.util.test.junit.AutoTests" name="[67] /home/travis/build/icyphy/ptII/ptolemy/actor/lib/test/auto/Clock8.xml (RunModel)" time="0.013" />
  <testcase classname="ptolemy.util.test.junit.AutoTests" name="[68] /home/travis/build/icyphy/ptII/ptolemy/actor/lib/test/auto/Clock9.xml (RunModel)" time="0.014" />
  <testcase classname="ptolemy.util.test.junit.AutoTests" name="[69] /home/travis/build/icyphy/ptII/ptolemy/actor/lib/test/auto/CommDistDiscard.xml (RunModel)" time="0.02" />
  <testcase classname="ptolemy.util.test.junit.AutoTests" name="[70] /home/travis/build/icyphy/ptII/ptolemy/actor/lib/test/auto/Commutator.xml (RunModel)" time="0.013" />
  <testcase classname="ptolemy.util.test.junit.AutoTests" name="[71] /home/travis/build/icyphy/ptII/ptolemy/actor/lib/test/auto/Commutator2.xml (RunModel)" time="0.01" />
  <testcase classname="ptolemy.util.test.junit.AutoTests" name="[72] /home/travis/build/icyphy/ptII/ptolemy/actor/lib/test/auto/Commutator3.xml (RunModel)" time="0.012" />
  <testcase classname="ptolemy.util.test.junit.AutoTests" name="[73] /home/travis/build/icyphy/ptII/ptolemy/actor/lib/test/auto/Compare.xml (RunModel)" time="0.027" />
  <testcase classname="ptolemy.util.test.junit.AutoTests" name="[74] /home/travis/build/icyphy/ptII/ptolemy/actor/lib/test/auto/CompareDE.xml (RunModel)" time="0.023" />
  <testcase classname="ptolemy.util.test.junit.AutoTests" name="[75] /home/travis/build/icyphy/ptII/ptolemy/actor/lib/test/auto/ComplexDivide.xml (RunModel)" time="0.008" />
  <testcase classname="ptolemy.util.test.junit.AutoTests" name="[76] /home/travis/build/icyphy/ptII/ptolemy/actor/lib/test/auto/ComputeHistogram.xml (RunModel)" time="0.063" />
  <testcase classname="ptolemy.util.test.junit.AutoTests" name="[77] /home/travis/build/icyphy/ptII/ptolemy/actor/lib/test/auto/ConfigurationSelect.xml (RunModel)" time="0.024" />
  <testcase classname="ptolemy.util.test.junit.AutoTests" name="[78] /home/travis/build/icyphy/ptII/ptolemy/actor/lib/test/auto/ConfigurationSelect2.xml (RunModel)" time="0.014" />
  <testcase classname="ptolemy.util.test.junit.AutoTests" name="[79] /home/travis/build/icyphy/ptII/ptolemy/actor/lib/test/auto/ConfigurationSwitch.xml (RunModel)" time="0.026" />
  <testcase classname="ptolemy.util.test.junit.AutoTests" name="[80] /home/travis/build/icyphy/ptII/ptolemy/actor/lib/test/auto/ConfigurationSwitch2.xml (RunModel)" time="0.023" />
  <testcase classname="ptolemy.util.test.junit.AutoTests" name="[81] /home/travis/build/icyphy/ptII/ptolemy/actor/lib/test/auto/ConfigurationSwitchCloningBugWithClassRelationGroup.xml (RunModel)" time="0.021" />
  <testcase classname="ptolemy.util.test.junit.AutoTests" name="[82] /home/travis/build/icyphy/ptII/ptolemy/actor/lib/test/auto/ConfigurationSwitchSelectSDF.xml (RunModel)" time="0.016" />
  <testcase classname="ptolemy.util.test.junit.AutoTests" name="[83] /home/travis/build/icyphy/ptII/ptolemy/actor/lib/test/auto/ConfigurationSwitchSelectSDF2.xml (RunModel)" time="0.017" />
  <testcase classname="ptolemy.util.test.junit.AutoTests" name="[84] /home/travis/build/icyphy/ptII/ptolemy/actor/lib/test/auto/Const.xml (RunModel)" time="0.006" />
  <testcase classname="ptolemy.util.test.junit.AutoTests" name="[85] /home/travis/build/icyphy/ptII/ptolemy/actor/lib/test/auto/Const2.xml (RunModel)" time="0.009" />
  <testcase classname="ptolemy.util.test.junit.AutoTests" name="[86] /home/travis/build/icyphy/ptII/ptolemy/actor/lib/test/auto/Const3.xml (RunModel)" time="0.006" />
  <testcase classname="ptolemy.util.test.junit.AutoTests" name="[87] /home/travis/build/icyphy/ptII/ptolemy/actor/lib/test/auto/ConstantPublisherPort1.xml (RunModel)" time="0.018" />
  <testcase classname="ptolemy.util.test.junit.AutoTests" name="[88] /home/travis/build/icyphy/ptII/ptolemy/actor/lib/test/auto/ConstantPublisherPort2.xml (RunModel)" time="0.019" />
  <testcase classname="ptolemy.util.test.junit.AutoTests" name="[89] /home/travis/build/icyphy/ptII/ptolemy/actor/lib/test/auto/ConstantPublisherPort3.xml (RunModel)" time="0.017" />
  <testcase classname="ptolemy.util.test.junit.AutoTests" name="[90] /home/travis/build/icyphy/ptII/ptolemy/actor/lib/test/auto/ConstantPublisherPort4.xml (RunModel)" time="0.023" />
  <testcase classname="ptolemy.util.test.junit.AutoTests" name="[91] /home/travis/build/icyphy/ptII/ptolemy/actor/lib/test/auto/ConstantPublisherPort5.xml (RunModel)" time="0.039" />
  <testcase classname="ptolemy.util.test.junit.AutoTests" name="[92] /home/travis/build/icyphy/ptII/ptolemy/actor/lib/test/auto/ConstantPublisherPort6.xml (RunModel)" time="0.026" />
  <testcase classname="ptolemy.util.test.junit.AutoTests" name="[93] /home/travis/build/icyphy/ptII/ptolemy/actor/lib/test/auto/ConstantPublisherPort7.xml (RunModel)" time="0.023" />
  <testcase classname="ptolemy.util.test.junit.AutoTests" name="[94] /home/travis/build/icyphy/ptII/ptolemy/actor/lib/test/auto/ConstraintMonitor1.xml (RunModel)" time="0.036" />
  <testcase classname="ptolemy.util.test.junit.AutoTests" name="[95] /home/travis/build/icyphy/ptII/ptolemy/actor/lib/test/auto/ConstraintMonitor2.xml (RunModel)" time="0.012" />
  <testcase classname="ptolemy.util.test.junit.AutoTests" name="[96] /home/travis/build/icyphy/ptII/ptolemy/actor/lib/test/auto/ConstraintMonitor3.xml (RunModel)" time="0.015" />
  <testcase classname="ptolemy.util.test.junit.AutoTests" name="[97] /home/travis/build/icyphy/ptII/ptolemy/actor/lib/test/auto/ConstraintMonitor4.xml (RunModel)" time="0.012" />
  <testcase classname="ptolemy.util.test.junit.AutoTests" name="[98] /home/travis/build/icyphy/ptII/ptolemy/actor/lib/test/auto/ConstraintMonitor5.xml (RunModel)" time="0.015" />
  <testcase classname="ptolemy.util.test.junit.AutoTests" name="[99] /home/travis/build/icyphy/ptII/ptolemy/actor/lib/test/auto/ConstraintMonitor6.xml (RunModel)" time="0.016" />
  <testcase classname="ptolemy.util.test.junit.AutoTests" name="[100] /home/travis/build/icyphy/ptII/ptolemy/actor/lib/test/auto/ConstraintMonitor7.xml (RunModel)" time="0.02" />
  <testcase classname="ptolemy.util.test.junit.AutoTests" name="[101] /home/travis/build/icyphy/ptII/ptolemy/actor/lib/test/auto/ConstraintMonitor8.xml (RunModel)" time="0.015" />
  <testcase classname="ptolemy.util.test.junit.AutoTests" name="[102] /home/travis/build/icyphy/ptII/ptolemy/actor/lib/test/auto/Counter.xml (RunModel)" time="0.014" />
  <testcase classname="ptolemy.util.test.junit.AutoTests" name="[103] /home/travis/build/icyphy/ptII/ptolemy/actor/lib/test/auto/CurrentTimeSDF.xml (RunModel)" time="0.01" />
  <testcase classname="ptolemy.util.test.junit.AutoTests" name="[104] /home/travis/build/icyphy/ptII/ptolemy/actor/lib/test/auto/DB.xml (RunModel)" time="0.011" />
  <testcase classname="ptolemy.util.test.junit.AutoTests" name="[105] /home/travis/build/icyphy/ptII/ptolemy/actor/lib/test/auto/DBDE.xml (RunModel)" time="0.013" />
  <testcase classname="ptolemy.util.test.junit.AutoTests" name="[106] /home/travis/build/icyphy/ptII/ptolemy/actor/lib/test/auto/DateConstructor.xml (RunModel)" time="0.07" />
  <testcase classname="ptolemy.util.test.junit.AutoTests" name="[107] /home/travis/build/icyphy/ptII/ptolemy/actor/lib/test/auto/DelayTime.xml (RunModel)" time="0.019" />
  <testcase classname="ptolemy.util.test.junit.AutoTests" name="[108] /home/travis/build/icyphy/ptII/ptolemy/actor/lib/test/auto/Dictionary1.xml (RunModel)" time="0.019" />
  <testcase classname="ptolemy.util.test.junit.AutoTests" name="[109] /home/travis/build/icyphy/ptII/ptolemy/actor/lib/test/auto/Dictionary2.xml (RunModel)" time="0.016" />
  <testcase classname="ptolemy.util.test.junit.AutoTests" name="[110] /home/travis/build/icyphy/ptII/ptolemy/actor/lib/test/auto/Dictionary3.xml (RunModel)" time="0.012" />
  <testcase classname="ptolemy.util.test.junit.AutoTests" name="[111] /home/travis/build/icyphy/ptII/ptolemy/actor/lib/test/auto/Dictionary4.xml (RunModel)" time="0.019" />
  <testcase classname="ptolemy.util.test.junit.AutoTests" name="[112] /home/travis/build/icyphy/ptII/ptolemy/actor/lib/test/auto/Differential.xml (RunModel)" time="0.012" />
  <testcase classname="ptolemy.util.test.junit.AutoTests" name="[113] /home/travis/build/icyphy/ptII/ptolemy/actor/lib/test/auto/Director.xml (RunModel)" time="0.01" />
  <testcase classname="ptolemy.util.test.junit.AutoTests" name="[114] /home/travis/build/icyphy/ptII/ptolemy/actor/lib/test/auto/DiscreteClock.xml (RunModel)" time="0.008" />
  <testcase classname="ptolemy.util.test.junit.AutoTests" name="[115] /home/travis/build/icyphy/ptII/ptolemy/actor/lib/test/auto/DiscreteClock10.xml (RunModel)" time="0.013" />
  <testcase classname="ptolemy.util.test.junit.AutoTests" name="[116] /home/travis/build/icyphy/ptII/ptolemy/actor/lib/test/auto/DiscreteClock11.xml (RunModel)" time="0.011" />
  <testcase classname="ptolemy.util.test.junit.AutoTests" name="[117] /home/travis/build/icyphy/ptII/ptolemy/actor/lib/test/auto/DiscreteClock12.xml (RunModel)" time="0.013" />
  <testcase classname="ptolemy.util.test.junit.AutoTests" name="[118] /home/travis/build/icyphy/ptII/ptolemy/actor/lib/test/auto/DiscreteClock13.xml (RunModel)" time="0.014" />
  <testcase classname="ptolemy.util.test.junit.AutoTests" name="[119] /home/travis/build/icyphy/ptII/ptolemy/actor/lib/test/auto/DiscreteClock14.xml (RunModel)" time="0.013" />
  <testcase classname="ptolemy.util.test.junit.AutoTests" name="[120] /home/travis/build/icyphy/ptII/ptolemy/actor/lib/test/auto/DiscreteClock15.xml (RunModel)" time="0.015" />
  <testcase classname="ptolemy.util.test.junit.AutoTests" name="[121] /home/travis/build/icyphy/ptII/ptolemy/actor/lib/test/auto/DiscreteClock16.xml (RunModel)" time="0.058" />
  <testcase classname="ptolemy.util.test.junit.AutoTests" name="[122] /home/travis/build/icyphy/ptII/ptolemy/actor/lib/test/auto/DiscreteClock17.xml (RunModel)" time="0.038" />
  <testcase classname="ptolemy.util.test.junit.AutoTests" name="[123] /home/travis/build/icyphy/ptII/ptolemy/actor/lib/test/auto/DiscreteClock18.xml (RunModel)" time="0.043" />
  <testcase classname="ptolemy.util.test.junit.AutoTests" name="[124] /home/travis/build/icyphy/ptII/ptolemy/actor/lib/test/auto/DiscreteClock19.xml (RunModel)" time="0.045" />
  <testcase classname="ptolemy.util.test.junit.AutoTests" name="[125] /home/travis/build/icyphy/ptII/ptolemy/actor/lib/test/auto/DiscreteClock2.xml (RunModel)" time="0.012" />
  <testcase classname="ptolemy.util.test.junit.AutoTests" name="[126] /home/travis/build/icyphy/ptII/ptolemy/actor/lib/test/auto/DiscreteClock20.xml (RunModel)" time="0.015" />
  <testcase classname="ptolemy.util.test.junit.AutoTests" name="[127] /home/travis/build/icyphy/ptII/ptolemy/actor/lib/test/auto/DiscreteClock21.xml (RunModel)" time="0.017" />
  <testcase classname="ptolemy.util.test.junit.AutoTests" name="[128] /home/travis/build/icyphy/ptII/ptolemy/actor/lib/test/auto/DiscreteClock22.xml (RunModel)" time="0.017" />
  <testcase classname="ptolemy.util.test.junit.AutoTests" name="[129] /home/travis/build/icyphy/ptII/ptolemy/actor/lib/test/auto/DiscreteClock23.xml (RunModel)" time="0.01" />
  <testcase classname="ptolemy.util.test.junit.AutoTests" name="[130] /home/travis/build/icyphy/ptII/ptolemy/actor/lib/test/auto/DiscreteClock24.xml (RunModel)" time="0.009" />
  <testcase classname="ptolemy.util.test.junit.AutoTests" name="[131] /home/travis/build/icyphy/ptII/ptolemy/actor/lib/test/auto/DiscreteClock4.xml (RunModel)" time="0.008" />
  <testcase classname="ptolemy.util.test.junit.AutoTests" name="[132] /home/travis/build/icyphy/ptII/ptolemy/actor/lib/test/auto/DiscreteClock5.xml (RunModel)" time="0.01" />
  <testcase classname="ptolemy.util.test.junit.AutoTests" name="[133] /home/travis/build/icyphy/ptII/ptolemy/actor/lib/test/auto/DiscreteClock6.xml (RunModel)" time="0.007" />
  <testcase classname="ptolemy.util.test.junit.AutoTests" name="[134] /home/travis/build/icyphy/ptII/ptolemy/actor/lib/test/auto/DiscreteClock7.xml (RunModel)" time="0.007" />
  <testcase classname="ptolemy.util.test.junit.AutoTests" name="[135] /home/travis/build/icyphy/ptII/ptolemy/actor/lib/test/auto/DiscreteClock8.xml (RunModel)" time="0.015" />
  <testcase classname="ptolemy.util.test.junit.AutoTests" name="[136] /home/travis/build/icyphy/ptII/ptolemy/actor/lib/test/auto/DiscreteClock9.xml (RunModel)" time="0.012" />
  <testcase classname="ptolemy.util.test.junit.AutoTests" name="[137] /home/travis/build/icyphy/ptII/ptolemy/actor/lib/test/auto/DisplayArray.xml (RunModel)" time="0.006" />
  <testcase classname="ptolemy.util.test.junit.AutoTests" name="[138] /home/travis/build/icyphy/ptII/ptolemy/actor/lib/test/auto/Distributor.xml (RunModel)" time="0.008" />
  <testcase classname="ptolemy.util.test.junit.AutoTests" name="[139] /home/travis/build/icyphy/ptII/ptolemy/actor/lib/test/auto/Distributor2.xml (RunModel)" time="0.007" />
  <testcase classname="ptolemy.util.test.junit.AutoTests" name="[140] /home/travis/build/icyphy/ptII/ptolemy/actor/lib/test/auto/DownSample.xml (RunModel)" time="0.017" />
  <testcase classname="ptolemy.util.test.junit.AutoTests" name="[141] /home/travis/build/icyphy/ptII/ptolemy/actor/lib/test/auto/ElectronicUnitBase1.xml (RunModel)" time="0.058" />
  <testcase classname="ptolemy.util.test.junit.AutoTests" name="[142] /home/travis/build/icyphy/ptII/ptolemy/actor/lib/test/auto/ElementsToArray.xml (RunModel)" time="0.01" />
  <testcase classname="ptolemy.util.test.junit.AutoTests" name="[143] /home/travis/build/icyphy/ptII/ptolemy/actor/lib/test/auto/Equals.xml (RunModel)" time="0.013" />
  <testcase classname="ptolemy.util.test.junit.AutoTests" name="[144] /home/travis/build/icyphy/ptII/ptolemy/actor/lib/test/auto/Exec.xml (RunModel)" time="0.025" />
  <testcase classname="ptolemy.util.test.junit.AutoTests" name="[145] /home/travis/build/icyphy/ptII/ptolemy/actor/lib/test/auto/ExecEnvironment.xml (RunModel)" time="0.032" />
  <testcase classname="ptolemy.util.test.junit.AutoTests" name="[146] /home/travis/build/icyphy/ptII/ptolemy/actor/lib/test/auto/ExecNonZeroReturnOutput.xml (RunModel)" time="0.18" />
  <testcase classname="ptolemy.util.test.junit.AutoTests" name="[147] /home/travis/build/icyphy/ptII/ptolemy/actor/lib/test/auto/ExecRunDemos.xml (RunModel)" time="10.163" />
  <testcase classname="ptolemy.util.test.junit.AutoTests" name="[148] /home/travis/build/icyphy/ptII/ptolemy/actor/lib/test/auto/ExecStop.xml (RunModel)" time="5.04" />
  <testcase classname="ptolemy.util.test.junit.AutoTests" name="[149] /home/travis/build/icyphy/ptII/ptolemy/actor/lib/test/auto/ExecutionTimeSDF.xml (RunModel)" time="6.037" />
  <testcase classname="ptolemy.util.test.junit.AutoTests" name="[150] /home/travis/build/icyphy/ptII/ptolemy/actor/lib/test/auto/Expression1.xml (RunModel)" time="0.009" />
  <testcase classname="ptolemy.util.test.junit.AutoTests" name="[151] /home/travis/build/icyphy/ptII/ptolemy/actor/lib/test/auto/Expression10.xml (RunModel)" time="0.017" />
  <testcase classname="ptolemy.util.test.junit.AutoTests" name="[152] /home/travis/build/icyphy/ptII/ptolemy/actor/lib/test/auto/Expression11.xml (RunModel)" time="0.011" />
  <testcase classname="ptolemy.util.test.junit.AutoTests" name="[153] /home/travis/build/icyphy/ptII/ptolemy/actor/lib/test/auto/Expression12.xml (RunModel)" time="0.013" />
  <testcase classname="ptolemy.util.test.junit.AutoTests" name="[154] /home/travis/build/icyphy/ptII/ptolemy/actor/lib/test/auto/Expression13.xml (RunModel)" time="0.011" />
  <testcase classname="ptolemy.util.test.junit.AutoTests" name="[155] /home/travis/build/icyphy/ptII/ptolemy/actor/lib/test/auto/Expression14.xml (RunModel)" time="0.023" />
  <testcase classname="ptolemy.util.test.junit.AutoTests" name="[156] /home/travis/build/icyphy/ptII/ptolemy/actor/lib/test/auto/Expression15.xml (RunModel)" time="0.007" />
  <testcase classname="ptolemy.util.test.junit.AutoTests" name="[157] /home/travis/build/icyphy/ptII/ptolemy/actor/lib/test/auto/Expression16.xml (RunModel)" time="0.011" />
  <testcase classname="ptolemy.util.test.junit.AutoTests" name="[158] /home/travis/build/icyphy/ptII/ptolemy/actor/lib/test/auto/Expression17.xml (RunModel)" time="0.012" />
  <testcase classname="ptolemy.util.test.junit.AutoTests" name="[159] /home/travis/build/icyphy/ptII/ptolemy/actor/lib/test/auto/Expression18.xml (RunModel)" time="0.012" />
  <testcase classname="ptolemy.util.test.junit.AutoTests" name="[160] /home/travis/build/icyphy/ptII/ptolemy/actor/lib/test/auto/Expression2.xml (RunModel)" time="0.012" />
  <testcase classname="ptolemy.util.test.junit.AutoTests" name="[161] /home/travis/build/icyphy/ptII/ptolemy/actor/lib/test/auto/Expression3.xml (RunModel)" time="0.011" />
  <testcase classname="ptolemy.util.test.junit.AutoTests" name="[162] /home/travis/build/icyphy/ptII/ptolemy/actor/lib/test/auto/Expression4.xml (RunModel)" time="0.017" />
  <testcase classname="ptolemy.util.test.junit.AutoTests" name="[163] /home/travis/build/icyphy/ptII/ptolemy/actor/lib/test/auto/Expression5.xml (RunModel)" time="0.012" />
  <testcase classname="ptolemy.util.test.junit.AutoTests" name="[164] /home/travis/build/icyphy/ptII/ptolemy/actor/lib/test/auto/Expression6.xml (RunModel)" time="0.009" />
  <testcase classname="ptolemy.util.test.junit.AutoTests" name="[165] /home/travis/build/icyphy/ptII/ptolemy/actor/lib/test/auto/Expression7.xml (RunModel)" time="0.01" />
  <testcase classname="ptolemy.util.test.junit.AutoTests" name="[166] /home/travis/build/icyphy/ptII/ptolemy/actor/lib/test/auto/Expression8.xml (RunModel)" time="0.013" />
  <testcase classname="ptolemy.util.test.junit.AutoTests" name="[167] /home/travis/build/icyphy/ptII/ptolemy/actor/lib/test/auto/Expression9.xml (RunModel)" time="0.008" />
  <testcase classname="ptolemy.util.test.junit.AutoTests" name="[168] /home/travis/build/icyphy/ptII/ptolemy/actor/lib/test/auto/ExpressionConcatenateArrayType.xml (RunModel)" time="0.035" />
  <testcase classname="ptolemy.util.test.junit.AutoTests" name="[169] /home/travis/build/icyphy/ptII/ptolemy/actor/lib/test/auto/ExpressionConcatenateArrayType2.xml (RunModel)" time="0.019" />
  <testcase classname="ptolemy.util.test.junit.AutoTests" name="[170] /home/travis/build/icyphy/ptII/ptolemy/actor/lib/test/auto/ExpressionFix.xml (RunModel)" time="0.045" />
  <testcase classname="ptolemy.util.test.junit.AutoTests" name="[171] /home/travis/build/icyphy/ptII/ptolemy/actor/lib/test/auto/ExpressionFix2.xml (RunModel)" time="0.014" />
  <testcase classname="ptolemy.util.test.junit.AutoTests" name="[172] /home/travis/build/icyphy/ptII/ptolemy/actor/lib/test/auto/ExpressionFix3.xml (RunModel)" time="0.012" />
  <testcase classname="ptolemy.util.test.junit.AutoTests" name="[173] /home/travis/build/icyphy/ptII/ptolemy/actor/lib/test/auto/FileWriter1.xml (RunModel)" time="0.008" />
  <testcase classname="ptolemy.util.test.junit.AutoTests" name="[174] /home/travis/build/icyphy/ptII/ptolemy/actor/lib/test/auto/FileWriter2.xml (RunModel)" time="0.013" />
  <testcase classname="ptolemy.util.test.junit.AutoTests" name="[175] /home/travis/build/icyphy/ptII/ptolemy/actor/lib/test/auto/FileWriter3.xml (RunModel)" time="0.01" />
  <testcase classname="ptolemy.util.test.junit.AutoTests" name="[176] /home/travis/build/icyphy/ptII/ptolemy/actor/lib/test/auto/Gaussian.xml (RunModel)" time="0.012" />
  <testcase classname="ptolemy.util.test.junit.AutoTests" name="[177] /home/travis/build/icyphy/ptII/ptolemy/actor/lib/test/auto/Gaussian1.xml (RunModel)" time="0.011" />
  <testcase classname="ptolemy.util.test.junit.AutoTests" name="[178] /home/travis/build/icyphy/ptII/ptolemy/actor/lib/test/auto/Gaussian2.xml (RunModel)" time="0.022" />
  <testcase classname="ptolemy.util.test.junit.AutoTests" name="[179] /home/travis/build/icyphy/ptII/ptolemy/actor/lib/test/auto/GradientAdaptiveLattice.xml (RunModel)" time="0.015" />
  <testcase classname="ptolemy.util.test.junit.AutoTests" name="[180] /home/travis/build/icyphy/ptII/ptolemy/actor/lib/test/auto/IIR.xml (RunModel)" time="0.009" />
  <testcase classname="ptolemy.util.test.junit.AutoTests" name="[181] /home/travis/build/icyphy/ptII/ptolemy/actor/lib/test/auto/InputOutputTransparentPorts.xml (RunModel)" time="0.022" />
  <testcase classname="ptolemy.util.test.junit.AutoTests" name="[182] /home/travis/build/icyphy/ptII/ptolemy/actor/lib/test/auto/Interpolator.xml (RunModel)" time="0.01" />
  <testcase classname="ptolemy.util.test.junit.AutoTests" name="[183] /home/travis/build/icyphy/ptII/ptolemy/actor/lib/test/auto/InterpolatorFiringLimitDE.xml (RunModel)" time="0.014" />
  <testcase classname="ptolemy.util.test.junit.AutoTests" name="[184] /home/travis/build/icyphy/ptII/ptolemy/actor/lib/test/auto/Lattice.xml (RunModel)" time="0.009" />
  <testcase classname="ptolemy.util.test.junit.AutoTests" name="[185] /home/travis/build/icyphy/ptII/ptolemy/actor/lib/test/auto/LazyAOCTestLazy.xml (RunModel)" time="0.017" />
  <testcase classname="ptolemy.util.test.junit.AutoTests" name="[186] /home/travis/build/icyphy/ptII/ptolemy/actor/lib/test/auto/LazyAOCTestNonLazy.xml (RunModel)" time="0.048" />
  <testcase classname="ptolemy.util.test.junit.AutoTests" name="[187] /home/travis/build/icyphy/ptII/ptolemy/actor/lib/test/auto/LazyInnerClass.xml (RunModel)" time="0.059" />
  <testcase classname="ptolemy.util.test.junit.AutoTests" name="[188] /home/travis/build/icyphy/ptII/ptolemy/actor/lib/test/auto/LazyPubSub.xml (RunModel)" time="0.045" />
  <testcase classname="ptolemy.util.test.junit.AutoTests" name="[189] /home/travis/build/icyphy/ptII/ptolemy/actor/lib/test/auto/LazyPubSub2.xml (RunModel)" time="0.033" />
  <testcase classname="ptolemy.util.test.junit.AutoTests" name="[190] /home/travis/build/icyphy/ptII/ptolemy/actor/lib/test/auto/LazyPubSub3.xml (RunModel)" time="0.023" />
  <testcase classname="ptolemy.util.test.junit.AutoTests" name="[191] /home/travis/build/icyphy/ptII/ptolemy/actor/lib/test/auto/LazySubClassModel.xml (RunModel)" time="0.019" />
  <testcase classname="ptolemy.util.test.junit.AutoTests" name="[192] /home/travis/build/icyphy/ptII/ptolemy/actor/lib/test/auto/LevelCrossTest1.xml (RunModel)" time="0.009" />
  <testcase classname="ptolemy.util.test.junit.AutoTests" name="[193] /home/travis/build/icyphy/ptII/ptolemy/actor/lib/test/auto/LevelCrossTest10.xml (RunModel)" time="0.013" />
  <testcase classname="ptolemy.util.test.junit.AutoTests" name="[194] /home/travis/build/icyphy/ptII/ptolemy/actor/lib/test/auto/LevelCrossTest11.xml (RunModel)" time="0.011" />
  <testcase classname="ptolemy.util.test.junit.AutoTests" name="[195] /home/travis/build/icyphy/ptII/ptolemy/actor/lib/test/auto/LevelCrossTest12.xml (RunModel)" time="0.013" />
  <testcase classname="ptolemy.util.test.junit.AutoTests" name="[196] /home/travis/build/icyphy/ptII/ptolemy/actor/lib/test/auto/LevelCrossTest13.xml (RunModel)" time="0.024" />
  <testcase classname="ptolemy.util.test.junit.AutoTests" name="[197] /home/travis/build/icyphy/ptII/ptolemy/actor/lib/test/auto/LevelCrossTest2.xml (RunModel)" time="0.01" />
  <testcase classname="ptolemy.util.test.junit.AutoTests" name="[198] /home/travis/build/icyphy/ptII/ptolemy/actor/lib/test/auto/LevelCrossTest3.xml (RunModel)" time="0.01" />
  <testcase classname="ptolemy.util.test.junit.AutoTests" name="[199] /home/travis/build/icyphy/ptII/ptolemy/actor/lib/test/auto/LevelCrossTest4.xml (RunModel)" time="0.009" />
  <testcase classname="ptolemy.util.test.junit.AutoTests" name="[200] /home/travis/build/icyphy/ptII/ptolemy/actor/lib/test/auto/LevelCrossTest5.xml (RunModel)" time="0.01" />
  <testcase classname="ptolemy.util.test.junit.AutoTests" name="[201] /home/travis/build/icyphy/ptII/ptolemy/actor/lib/test/auto/LevelCrossTest6.xml (RunModel)" time="0.012" />
  <testcase classname="ptolemy.util.test.junit.AutoTests" name="[202] /home/travis/build/icyphy/ptII/ptolemy/actor/lib/test/auto/LevelCrossTest7.xml (RunModel)" time="0.013" />
  <testcase classname="ptolemy.util.test.junit.AutoTests" name="[203] /home/travis/build/icyphy/ptII/ptolemy/actor/lib/test/auto/LevelCrossTest8.xml (RunModel)" time="0.011" />
  <testcase classname="ptolemy.util.test.junit.AutoTests" name="[204] /home/travis/build/icyphy/ptII/ptolemy/actor/lib/test/auto/LevelCrossTest9.xml (RunModel)" time="0.011" />
  <testcase classname="ptolemy.util.test.junit.AutoTests" name="[205] /home/travis/build/icyphy/ptII/ptolemy/actor/lib/test/auto/LevinsonDurbin.xml (RunModel)" time="0.016" />
  <testcase classname="ptolemy.util.test.junit.AutoTests" name="[206] /home/travis/build/icyphy/ptII/ptolemy/actor/lib/test/auto/LevinsonDurbin2.xml (RunModel)" time="0.01" />
  <testcase classname="ptolemy.util.test.junit.AutoTests" name="[207] /home/travis/build/icyphy/ptII/ptolemy/actor/lib/test/auto/LevinsonDurbin3.xml (RunModel)" time="0.015" />
  <testcase classname="ptolemy.util.test.junit.AutoTests" name="[208] /home/travis/build/icyphy/ptII/ptolemy/actor/lib/test/auto/Limiter.xml (RunModel)" time="0.031" />
  <testcase classname="ptolemy.util.test.junit.AutoTests" name="[209] /home/travis/build/icyphy/ptII/ptolemy/actor/lib/test/auto/LinearDifferenceEquationSystem.xml (RunModel)" time="0.018" />
  <testcase classname="ptolemy.util.test.junit.AutoTests" name="[210] /home/travis/build/icyphy/ptII/ptolemy/actor/lib/test/auto/LookupTable.xml (RunModel)" time="0.012" />
  <testcase classname="ptolemy.util.test.junit.AutoTests" name="[211] /home/travis/build/icyphy/ptII/ptolemy/actor/lib/test/auto/MathFunction.xml (RunModel)" time="0.017" />
  <testcase classname="ptolemy.util.test.junit.AutoTests" name="[212] /home/travis/build/icyphy/ptII/ptolemy/actor/lib/test/auto/MathFunction2.xml (RunModel)" time="0.007" />
  <testcase classname="ptolemy.util.test.junit.AutoTests" name="[213] /home/travis/build/icyphy/ptII/ptolemy/actor/lib/test/auto/MathFunction3.xml (RunModel)" time="0.014" />
  <testcase classname="ptolemy.util.test.junit.AutoTests" name="[214] /home/travis/build/icyphy/ptII/ptolemy/actor/lib/test/auto/MatrixCropBoolean.xml (RunModel)" time="0.009" />
  <testcase classname="ptolemy.util.test.junit.AutoTests" name="[215] /home/travis/build/icyphy/ptII/ptolemy/actor/lib/test/auto/MatrixCropComplex.xml (RunModel)" time="0.008" />
  <testcase classname="ptolemy.util.test.junit.AutoTests" name="[216] /home/travis/build/icyphy/ptII/ptolemy/actor/lib/test/auto/MatrixCropDouble.xml (RunModel)" time="0.007" />
  <testcase classname="ptolemy.util.test.junit.AutoTests" name="[217] /home/travis/build/icyphy/ptII/ptolemy/actor/lib/test/auto/MatrixCropFix.xml (RunModel)" time="0.008" />
  <testcase classname="ptolemy.util.test.junit.AutoTests" name="[218] /home/travis/build/icyphy/ptII/ptolemy/actor/lib/test/auto/MatrixCropInt.xml (RunModel)" time="0.007" />
  <testcase classname="ptolemy.util.test.junit.AutoTests" name="[219] /home/travis/build/icyphy/ptII/ptolemy/actor/lib/test/auto/MatrixCropLong.xml (RunModel)" time="0.007" />
  <testcase classname="ptolemy.util.test.junit.AutoTests" name="[220] /home/travis/build/icyphy/ptII/ptolemy/actor/lib/test/auto/MatrixToArray.xml (RunModel)" time="0.037" />
  <testcase classname="ptolemy.util.test.junit.AutoTests" name="[221] /home/travis/build/icyphy/ptII/ptolemy/actor/lib/test/auto/MaxIndex.xml (RunModel)" time="0.014" />
  <testcase classname="ptolemy.util.test.junit.AutoTests" name="[222] /home/travis/build/icyphy/ptII/ptolemy/actor/lib/test/auto/Maximum.xml (RunModel)" time="0.011" />
  <testcase classname="ptolemy.util.test.junit.AutoTests" name="[223] /home/travis/build/icyphy/ptII/ptolemy/actor/lib/test/auto/MaximumComplex.xml (RunModel)" time="0.012" />
  <testcase classname="ptolemy.util.test.junit.AutoTests" name="[224] /home/travis/build/icyphy/ptII/ptolemy/actor/lib/test/auto/MethodCallTest.xml (RunModel)" time="0.023" />
  <testcase classname="ptolemy.util.test.junit.AutoTests" name="[225] /home/travis/build/icyphy/ptII/ptolemy/actor/lib/test/auto/Minimum.xml (RunModel)" time="0.014" />
  <testcase classname="ptolemy.util.test.junit.AutoTests" name="[226] /home/travis/build/icyphy/ptII/ptolemy/actor/lib/test/auto/MinimumComplex.xml (RunModel)" time="0.013" />
  <testcase classname="ptolemy.util.test.junit.AutoTests" name="[227] /home/travis/build/icyphy/ptII/ptolemy/actor/lib/test/auto/MinimumMultiports.xml (RunModel)" time="0.016" />
  <testcase classname="ptolemy.util.test.junit.AutoTests" name="[228] /home/travis/build/icyphy/ptII/ptolemy/actor/lib/test/auto/ModifyDate.xml (RunModel)" time="0.034" />
  <testcase classname="ptolemy.util.test.junit.AutoTests" name="[229] /home/travis/build/icyphy/ptII/ptolemy/actor/lib/test/auto/ModifyDate2.xml (RunModel)" time="0.024" />
  <testcase classname="ptolemy.util.test.junit.AutoTests" name="[230] /home/travis/build/icyphy/ptII/ptolemy/actor/lib/test/auto/MovingAverage.xml (RunModel)" time="0.01" />
  <testcase classname="ptolemy.util.test.junit.AutoTests" name="[231] /home/travis/build/icyphy/ptII/ptolemy/actor/lib/test/auto/MovingMaximum.xml (RunModel)" time="0.01" />
  <testcase classname="ptolemy.util.test.junit.AutoTests" name="[232] /home/travis/build/icyphy/ptII/ptolemy/actor/lib/test/auto/MultipleLinksToSameRelation.xml (RunModel)" time="0.008" />
  <testcase classname="ptolemy.util.test.junit.AutoTests" name="[233] /home/travis/build/icyphy/ptII/ptolemy/actor/lib/test/auto/MultipleLinksToSameRelationDE.xml (RunModel)" time="0.009" />
  <testcase classname="ptolemy.util.test.junit.AutoTests" name="[234] /home/travis/build/icyphy/ptII/ptolemy/actor/lib/test/auto/Multiplexor.xml (RunModel)" time="0.011" />
  <testcase classname="ptolemy.util.test.junit.AutoTests" name="[235] /home/travis/build/icyphy/ptII/ptolemy/actor/lib/test/auto/Multiplexor1.xml (RunModel)" time="0.012" />
  <testcase classname="ptolemy.util.test.junit.AutoTests" name="[236] /home/travis/build/icyphy/ptII/ptolemy/actor/lib/test/auto/Multiplexor2.xml (RunModel)" time="0.02" />
  <testcase classname="ptolemy.util.test.junit.AutoTests" name="[237] /home/travis/build/icyphy/ptII/ptolemy/actor/lib/test/auto/Multiplexor3.xml (RunModel)" time="0.013" />
  <testcase classname="ptolemy.util.test.junit.AutoTests" name="[238] /home/travis/build/icyphy/ptII/ptolemy/actor/lib/test/auto/MultiplexorDE.xml (RunModel)" time="0.017" />
  <testcase classname="ptolemy.util.test.junit.AutoTests" name="[239] /home/travis/build/icyphy/ptII/ptolemy/actor/lib/test/auto/MultiportBroadcastTest.xml (RunModel)" time="0.093" />
  <testcase classname="ptolemy.util.test.junit.AutoTests" name="[240] /home/travis/build/icyphy/ptII/ptolemy/actor/lib/test/auto/MultiportOutHangDuringGetWidth.xml (RunModel)" time="0.034" />
  <testcase classname="ptolemy.util.test.junit.AutoTests" name="[241] /home/travis/build/icyphy/ptII/ptolemy/actor/lib/test/auto/NilToken.xml (RunModel)" time="0.011" />
  <testcase classname="ptolemy.util.test.junit.AutoTests" name="[242] /home/travis/build/icyphy/ptII/ptolemy/actor/lib/test/auto/NilTokenNonStrictTest.xml (RunModel)" time="0.011" />
  <testcase classname="ptolemy.util.test.junit.AutoTests" name="[243] /home/travis/build/icyphy/ptII/ptolemy/actor/lib/test/auto/NilTokenRecord.xml (RunModel)" time="0.021" />
  <testcase classname="ptolemy.util.test.junit.AutoTests" name="[244] /home/travis/build/icyphy/ptII/ptolemy/actor/lib/test/auto/NilTokenTypeTest.xml (RunModel)" time="0.026" />
  <testcase classname="ptolemy.util.test.junit.AutoTests" name="[245] /home/travis/build/icyphy/ptII/ptolemy/actor/lib/test/auto/ObjectToken1.xml (RunModel)" time="0.008" />
  <testcase classname="ptolemy.util.test.junit.AutoTests" name="[246] /home/travis/build/icyphy/ptII/ptolemy/actor/lib/test/auto/OrderedMerge.xml (RunModel)" time="0.023" />
  <testcase classname="ptolemy.util.test.junit.AutoTests" name="[247] /home/travis/build/icyphy/ptII/ptolemy/actor/lib/test/auto/OrderedRecordDisassembler.xml (RunModel)" time="0.016" />
  <testcase classname="ptolemy.util.test.junit.AutoTests" name="[248] /home/travis/build/icyphy/ptII/ptolemy/actor/lib/test/auto/OrderedRecordDisassembler2.xml (RunModel)" time="0.016" />
  <testcase classname="ptolemy.util.test.junit.AutoTests" name="[249] /home/travis/build/icyphy/ptII/ptolemy/actor/lib/test/auto/OrderedRecordUpdater.xml (RunModel)" time="0.009" />
  <testcase classname="ptolemy.util.test.junit.AutoTests" name="[250] /home/travis/build/icyphy/ptII/ptolemy/actor/lib/test/auto/OrderedRecordUpdater2.xml (RunModel)" time="0.016" />
  <testcase classname="ptolemy.util.test.junit.AutoTests" name="[251] /home/travis/build/icyphy/ptII/ptolemy/actor/lib/test/auto/PhaseUnwrap.xml (RunModel)" time="0.013" />
  <testcase classname="ptolemy.util.test.junit.AutoTests" name="[252] /home/travis/build/icyphy/ptII/ptolemy/actor/lib/test/auto/PoissonClock.xml (RunModel)" time="0.008" />
  <testcase classname="ptolemy.util.test.junit.AutoTests" name="[253] /home/travis/build/icyphy/ptII/ptolemy/actor/lib/test/auto/PoissonClock2.xml (RunModel)" time="0.007" />
  <testcase classname="ptolemy.util.test.junit.AutoTests" name="[254] /home/travis/build/icyphy/ptII/ptolemy/actor/lib/test/auto/PoissonClock3.xml (RunModel)" time="0.023" />
  <testcase classname="ptolemy.util.test.junit.AutoTests" name="[255] /home/travis/build/icyphy/ptII/ptolemy/actor/lib/test/auto/PubSubWithInitialTokens.xml (RunModel)" time="0.014" />
  <testcase classname="ptolemy.util.test.junit.AutoTests" name="[256] /home/travis/build/icyphy/ptII/ptolemy/actor/lib/test/auto/PubSubWithInitialTokens2.xml (RunModel)" time="0.012" />
  <testcase classname="ptolemy.util.test.junit.AutoTests" name="[257] /home/travis/build/icyphy/ptII/ptolemy/actor/lib/test/auto/PublisherClassNoParameter.xml (RunModel)" time="0.025" />
  <testcase classname="ptolemy.util.test.junit.AutoTests" name="[258] /home/travis/build/icyphy/ptII/ptolemy/actor/lib/test/auto/PublisherClassParameter.xml (RunModel)" time="0.02" />
  <testcase classname="ptolemy.util.test.junit.AutoTests" name="[259] /home/travis/build/icyphy/ptII/ptolemy/actor/lib/test/auto/PublisherNonStrictTest.xml (RunModel)" time="0.014" />
  <testcase classname="ptolemy.util.test.junit.AutoTests" name="[260] /home/travis/build/icyphy/ptII/ptolemy/actor/lib/test/auto/PublisherPort1.xml (RunModel)" time="0.01" />
  <testcase classname="ptolemy.util.test.junit.AutoTests" name="[261] /home/travis/build/icyphy/ptII/ptolemy/actor/lib/test/auto/PublisherPort2.xml (RunModel)" time="0.007" />
  <testcase classname="ptolemy.util.test.junit.AutoTests" name="[262] /home/travis/build/icyphy/ptII/ptolemy/actor/lib/test/auto/PublisherPort3.xml (RunModel)" time="0.028" />
  <testcase classname="ptolemy.util.test.junit.AutoTests" name="[263] /home/travis/build/icyphy/ptII/ptolemy/actor/lib/test/auto/PublisherPort4.xml (RunModel)" time="0.01" />
  <testcase classname="ptolemy.util.test.junit.AutoTests" name="[264] /home/travis/build/icyphy/ptII/ptolemy/actor/lib/test/auto/PublisherPort5.xml (RunModel)" time="0.012" />
  <testcase classname="ptolemy.util.test.junit.AutoTests" name="[265] /home/travis/build/icyphy/ptII/ptolemy/actor/lib/test/auto/PublisherPort5LookAlike.xml (RunModel)" time="0.012" />
  <testcase classname="ptolemy.util.test.junit.AutoTests" name="[266] /home/travis/build/icyphy/ptII/ptolemy/actor/lib/test/auto/PublisherPort6.xml (RunModel)" time="0.01" />
  <testcase classname="ptolemy.util.test.junit.AutoTests" name="[267] /home/travis/build/icyphy/ptII/ptolemy/actor/lib/test/auto/PublisherPort7.xml (RunModel)" time="0.011" />
  <testcase classname="ptolemy.util.test.junit.AutoTests" name="[268] /home/travis/build/icyphy/ptII/ptolemy/actor/lib/test/auto/PublisherPort8.xml (RunModel)" time="0.013" />
  <testcase classname="ptolemy.util.test.junit.AutoTests" name="[269] /home/travis/build/icyphy/ptII/ptolemy/actor/lib/test/auto/PublisherPortSubscriberChannelVariablesAOC2.xml (RunModel)" time="0.028" />
  <testcase classname="ptolemy.util.test.junit.AutoTests" name="[270] /home/travis/build/icyphy/ptII/ptolemy/actor/lib/test/auto/PublisherPortSubscriberOpaqueWidthInference.xml (RunModel)" time="0.012" />
  <testcase classname="ptolemy.util.test.junit.AutoTests" name="[271] /home/travis/build/icyphy/ptII/ptolemy/actor/lib/test/auto/PublisherPortSubscriberPortAdjacent.xml (RunModel)" time="0.013" />
  <testcase classname="ptolemy.util.test.junit.AutoTests" name="[272] /home/travis/build/icyphy/ptII/ptolemy/actor/lib/test/auto/PublisherPortSubscriberPortExpression.xml (RunModel)" time="0.013" />
  <testcase classname="ptolemy.util.test.junit.AutoTests" name="[273] /home/travis/build/icyphy/ptII/ptolemy/actor/lib/test/auto/PublisherPortSubscriberPortOpaqueD3Reverse.xml (RunModel)" time="0.013" />
  <testcase classname="ptolemy.util.test.junit.AutoTests" name="[274] /home/travis/build/icyphy/ptII/ptolemy/actor/lib/test/auto/PublisherPortSubscriberPortOpaqueWidthInference.xml (RunModel)" time="0.012" />
  <testcase classname="ptolemy.util.test.junit.AutoTests" name="[275] /home/travis/build/icyphy/ptII/ptolemy/actor/lib/test/auto/PublisherPortToplevelSubscriberPortAOC.xml (RunModel)" time="0.009" />
  <testcase classname="ptolemy.util.test.junit.AutoTests" name="[276] /home/travis/build/icyphy/ptII/ptolemy/actor/lib/test/auto/PublisherSubscriber.xml (RunModel)" time="0.01" />
  <testcase classname="ptolemy.util.test.junit.AutoTests" name="[277] /home/travis/build/icyphy/ptII/ptolemy/actor/lib/test/auto/PublisherSubscriber10.xml (RunModel)" time="0.016" />
  <testcase classname="ptolemy.util.test.junit.AutoTests" name="[278] /home/travis/build/icyphy/ptII/ptolemy/actor/lib/test/auto/PublisherSubscriber10InitialOutputs.xml (RunModel)" time="0.016" />
  <testcase classname="ptolemy.util.test.junit.AutoTests" name="[279] /home/travis/build/icyphy/ptII/ptolemy/actor/lib/test/auto/PublisherSubscriber11.xml (RunModel)" time="0.009" />
  <testcase classname="ptolemy.util.test.junit.AutoTests" name="[280] /home/travis/build/icyphy/ptII/ptolemy/actor/lib/test/auto/PublisherSubscriber12.xml (RunModel)" time="0.011" />
  <testcase classname="ptolemy.util.test.junit.AutoTests" name="[281] /home/travis/build/icyphy/ptII/ptolemy/actor/lib/test/auto/PublisherSubscriber13.xml (RunModel)" time="0.009" />
  <testcase classname="ptolemy.util.test.junit.AutoTests" name="[282] /home/travis/build/icyphy/ptII/ptolemy/actor/lib/test/auto/PublisherSubscriber14.xml (RunModel)" time="0.029" />
  <testcase classname="ptolemy.util.test.junit.AutoTests" name="[283] /home/travis/build/icyphy/ptII/ptolemy/actor/lib/test/auto/PublisherSubscriber2.xml (RunModel)" time="0.01" />
  <testcase classname="ptolemy.util.test.junit.AutoTests" name="[284] /home/travis/build/icyphy/ptII/ptolemy/actor/lib/test/auto/PublisherSubscriber3.xml (RunModel)" time="0.015" />
  <testcase classname="ptolemy.util.test.junit.AutoTests" name="[285] /home/travis/build/icyphy/ptII/ptolemy/actor/lib/test/auto/PublisherSubscriber4.xml (RunModel)" time="0.008" />
  <testcase classname="ptolemy.util.test.junit.AutoTests" name="[286] /home/travis/build/icyphy/ptII/ptolemy/actor/lib/test/auto/PublisherSubscriber5.xml (RunModel)" time="0.011" />
  <testcase classname="ptolemy.util.test.junit.AutoTests" name="[287] /home/travis/build/icyphy/ptII/ptolemy/actor/lib/test/auto/PublisherSubscriber6.xml (RunModel)" time="0.018" />
  <testcase classname="ptolemy.util.test.junit.AutoTests" name="[288] /home/travis/build/icyphy/ptII/ptolemy/actor/lib/test/auto/PublisherSubscriber7.xml (RunModel)" time="0.015" />
  <testcase classname="ptolemy.util.test.junit.AutoTests" name="[289] /home/travis/build/icyphy/ptII/ptolemy/actor/lib/test/auto/PublisherSubscriber8.xml (RunModel)" time="0.026" />
  <testcase classname="ptolemy.util.test.junit.AutoTests" name="[290] /home/travis/build/icyphy/ptII/ptolemy/actor/lib/test/auto/PublisherSubscriber9.xml (RunModel)" time="0.015" />
  <testcase classname="ptolemy.util.test.junit.AutoTests" name="[291] /home/travis/build/icyphy/ptII/ptolemy/actor/lib/test/auto/PublisherSubscriberAdjacent.xml (RunModel)" time="0.015" />
  <testcase classname="ptolemy.util.test.junit.AutoTests" name="[292] /home/travis/build/icyphy/ptII/ptolemy/actor/lib/test/auto/PublisherSubscriberChannelVariablesAOC2.xml (RunModel)" time="0.024" />
  <testcase classname="ptolemy.util.test.junit.AutoTests" name="[293] /home/travis/build/icyphy/ptII/ptolemy/actor/lib/test/auto/PublisherSubscriberD3.xml (RunModel)" time="0.011" />
  <testcase classname="ptolemy.util.test.junit.AutoTests" name="[294] /home/travis/build/icyphy/ptII/ptolemy/actor/lib/test/auto/PublisherSubscriberD3Reverse.xml (RunModel)" time="0.009" />
  <testcase classname="ptolemy.util.test.junit.AutoTests" name="[295] /home/travis/build/icyphy/ptII/ptolemy/actor/lib/test/auto/PublisherSubscriberExpression.xml (RunModel)" time="0.014" />
  <testcase classname="ptolemy.util.test.junit.AutoTests" name="[296] /home/travis/build/icyphy/ptII/ptolemy/actor/lib/test/auto/PublisherSubscriberOpaque.xml (RunModel)" time="0.013" />
  <testcase classname="ptolemy.util.test.junit.AutoTests" name="[297] /home/travis/build/icyphy/ptII/ptolemy/actor/lib/test/auto/PublisherSubscriberOpaqueD3.xml (RunModel)" time="0.02" />
  <testcase classname="ptolemy.util.test.junit.AutoTests" name="[298] /home/travis/build/icyphy/ptII/ptolemy/actor/lib/test/auto/PublisherSubscriberOpaqueD3Reverse.xml (RunModel)" time="0.018" />
  <testcase classname="ptolemy.util.test.junit.AutoTests" name="[299] /home/travis/build/icyphy/ptII/ptolemy/actor/lib/test/auto/PublisherSubscriberOpaqueWidthInference.xml (RunModel)" time="0.014" />
  <testcase classname="ptolemy.util.test.junit.AutoTests" name="[300] /home/travis/build/icyphy/ptII/ptolemy/actor/lib/test/auto/PublisherTestSubscriber.xml (RunModel)" time="0.012" />
  <testcase classname="ptolemy.util.test.junit.AutoTests" name="[301] /home/travis/build/icyphy/ptII/ptolemy/actor/lib/test/auto/PublisherToplevelSubscriberPortAOC.xml (RunModel)" time="0.009" />
  <testcase classname="ptolemy.util.test.junit.AutoTests" name="[302] /home/travis/build/icyphy/ptII/ptolemy/actor/lib/test/auto/PulseFiringLimitDE.xml (RunModel)" time="0.013" />
  <testcase classname="ptolemy.util.test.junit.AutoTests" name="[303] /home/travis/build/icyphy/ptII/ptolemy/actor/lib/test/auto/Ramp1.xml (RunModel)" time="0.007" />
  <testcase classname="ptolemy.util.test.junit.AutoTests" name="[304] /home/travis/build/icyphy/ptII/ptolemy/actor/lib/test/auto/RampFiringLimitDE.xml (RunModel)" time="0.009" />
  <testcase classname="ptolemy.util.test.junit.AutoTests" name="[305] /home/travis/build/icyphy/ptII/ptolemy/actor/lib/test/auto/RampFiringLimitSDF.xml (RunModel)" time="0.008" />
  <testcase classname="ptolemy.util.test.junit.AutoTests" name="[306] /home/travis/build/icyphy/ptII/ptolemy/actor/lib/test/auto/RandomInteger.xml (RunModel)" time="0.007" />
  <testcase classname="ptolemy.util.test.junit.AutoTests" name="[307] /home/travis/build/icyphy/ptII/ptolemy/actor/lib/test/auto/ReadFile1.xml (RunModel)" time="0.007" />
  <testcase classname="ptolemy.util.test.junit.AutoTests" name="[308] /home/travis/build/icyphy/ptII/ptolemy/actor/lib/test/auto/ReadFile2.xml (RunModel)" time="0.006" />
  <testcase classname="ptolemy.util.test.junit.AutoTests" name="[309] /home/travis/build/icyphy/ptII/ptolemy/actor/lib/test/auto/Reader.xml (RunModel)" time="0.013" />
  <testcase classname="ptolemy.util.test.junit.AutoTests" name="[310] /home/travis/build/icyphy/ptII/ptolemy/actor/lib/test/auto/RecordAssemblerDisplayNameTest.xml (RunModel)" time="3.68" />
  <testcase classname="ptolemy.util.test.junit.AutoTests" name="[311] /home/travis/build/icyphy/ptII/ptolemy/actor/lib/test/auto/RecordAssemblerTypeError.xml (RunModel)" time="0.041" />
  <testcase classname="ptolemy.util.test.junit.AutoTests" name="[312] /home/travis/build/icyphy/ptII/ptolemy/actor/lib/test/auto/RecordDisassember.xml (RunModel)" time="0.017" />
  <testcase classname="ptolemy.util.test.junit.AutoTests" name="[313] /home/travis/build/icyphy/ptII/ptolemy/actor/lib/test/auto/RecordDisassemberDisplayNameTest.xml (RunModel)" time="0.024" />
  <testcase classname="ptolemy.util.test.junit.AutoTests" name="[314] /home/travis/build/icyphy/ptII/ptolemy/actor/lib/test/auto/RecordDisassembler.xml (RunModel)" time="0.015" />
  <testcase classname="ptolemy.util.test.junit.AutoTests" name="[315] /home/travis/build/icyphy/ptII/ptolemy/actor/lib/test/auto/RecordDisassembler2.xml (RunModel)" time="0.01" />
  <testcase classname="ptolemy.util.test.junit.AutoTests" name="[316] /home/travis/build/icyphy/ptII/ptolemy/actor/lib/test/auto/RecordUpdater.xml (RunModel)" time="0.008" />
  <testcase classname="ptolemy.util.test.junit.AutoTests" name="[317] /home/travis/build/icyphy/ptII/ptolemy/actor/lib/test/auto/RecordUpdater2.xml (RunModel)" time="0.007" />
  <testcase classname="ptolemy.util.test.junit.AutoTests" name="[318] /home/travis/build/icyphy/ptII/ptolemy/actor/lib/test/auto/RecursiveLattice.xml (RunModel)" time="0.007" />
  <testcase classname="ptolemy.util.test.junit.AutoTests" name="[319] /home/travis/build/icyphy/ptII/ptolemy/actor/lib/test/auto/Router.xml (RunModel)" time="3.022" />
  <testcase classname="ptolemy.util.test.junit.AutoTests" name="[320] /home/travis/build/icyphy/ptII/ptolemy/actor/lib/test/auto/Router2.xml (RunModel)" time="3.029" />
  <testcase classname="ptolemy.util.test.junit.AutoTests" name="[321] /home/travis/build/icyphy/ptII/ptolemy/actor/lib/test/auto/RunningMaximum.xml (RunModel)" time="0.018" />
  <testcase classname="ptolemy.util.test.junit.AutoTests" name="[322] /home/travis/build/icyphy/ptII/ptolemy/actor/lib/test/auto/RunningMinimum.xml (RunModel)" time="0.021" />
  <testcase classname="ptolemy.util.test.junit.AutoTests" name="[323] /home/travis/build/icyphy/ptII/ptolemy/actor/lib/test/auto/Scale.xml (RunModel)" time="0.018" />
  <testcase classname="ptolemy.util.test.junit.AutoTests" name="[324] /home/travis/build/icyphy/ptII/ptolemy/actor/lib/test/auto/Scale2.xml (RunModel)" time="0.032" />
  <testcase classname="ptolemy.util.test.junit.AutoTests" name="[325] /home/travis/build/icyphy/ptII/ptolemy/actor/lib/test/auto/Scale3.xml (RunModel)" time="0.018" />
  <testcase classname="ptolemy.util.test.junit.AutoTests" name="[326] /home/travis/build/icyphy/ptII/ptolemy/actor/lib/test/auto/ScaleArray.xml (RunModel)" time="0.006" />
  <testcase classname="ptolemy.util.test.junit.AutoTests" name="[327] /home/travis/build/icyphy/ptII/ptolemy/actor/lib/test/auto/ScaleArray2.xml (RunModel)" time="0.006" />
  <testcase classname="ptolemy.util.test.junit.AutoTests" name="[328] /home/travis/build/icyphy/ptII/ptolemy/actor/lib/test/auto/ScaleMatrix.xml (RunModel)" time="0.146" />
  <testcase classname="ptolemy.util.test.junit.AutoTests" name="[329] /home/travis/build/icyphy/ptII/ptolemy/actor/lib/test/auto/Select.xml (RunModel)" time="0.02" />
  <testcase classname="ptolemy.util.test.junit.AutoTests" name="[330] /home/travis/build/icyphy/ptII/ptolemy/actor/lib/test/auto/Select2.xml (RunModel)" time="0.007" />
  <testcase classname="ptolemy.util.test.junit.AutoTests" name="[331] /home/travis/build/icyphy/ptII/ptolemy/actor/lib/test/auto/SequenceToArray2.xml (RunModel)" time="0.127" />
  <testcase classname="ptolemy.util.test.junit.AutoTests" name="[332] /home/travis/build/icyphy/ptII/ptolemy/actor/lib/test/auto/SequentialClock.xml (RunModel)" time="0.007" />
  <testcase classname="ptolemy.util.test.junit.AutoTests" name="[333] /home/travis/build/icyphy/ptII/ptolemy/actor/lib/test/auto/SetVariable.xml (RunModel)" time="0.008" />
  <testcase classname="ptolemy.util.test.junit.AutoTests" name="[334] /home/travis/build/icyphy/ptII/ptolemy/actor/lib/test/auto/SetVariable2.xml (RunModel)" time="0.009" />
  <testcase classname="ptolemy.util.test.junit.AutoTests" name="[335] /home/travis/build/icyphy/ptII/ptolemy/actor/lib/test/auto/SetVariable3.xml (RunModel)" time="0.013" />
  <testcase classname="ptolemy.util.test.junit.AutoTests" name="[336] /home/travis/build/icyphy/ptII/ptolemy/actor/lib/test/auto/SetVariable4.xml (RunModel)" time="0.026" />
  <testcase classname="ptolemy.util.test.junit.AutoTests" name="[337] /home/travis/build/icyphy/ptII/ptolemy/actor/lib/test/auto/SetVariable5.xml (RunModel)" time="0.033" />
  <testcase classname="ptolemy.util.test.junit.AutoTests" name="[338] /home/travis/build/icyphy/ptII/ptolemy/actor/lib/test/auto/Sinewave.xml (RunModel)" time="0.023" />
  <testcase classname="ptolemy.util.test.junit.AutoTests" name="[339] /home/travis/build/icyphy/ptII/ptolemy/actor/lib/test/auto/Sinewave2.xml (RunModel)" time="0.017" />
  <testcase classname="ptolemy.util.test.junit.AutoTests" name="[340] /home/travis/build/icyphy/ptII/ptolemy/actor/lib/test/auto/Sinewave3.xml (RunModel)" time="0.017" />
  <testcase classname="ptolemy.util.test.junit.AutoTests" name="[341] /home/travis/build/icyphy/ptII/ptolemy/actor/lib/test/auto/SingleEvent.xml (RunModel)" time="0.009" />
  <testcase classname="ptolemy.util.test.junit.AutoTests" name="[342] /home/travis/build/icyphy/ptII/ptolemy/actor/lib/test/auto/Sleep.xml (RunModel)" time="6.021" />
  <testcase classname="ptolemy.util.test.junit.AutoTests" name="[343] /home/travis/build/icyphy/ptII/ptolemy/actor/lib/test/auto/SleepMultipleFire.xml (RunModel)" time="1.015" />
  <testcase classname="ptolemy.util.test.junit.AutoTests" name="[344] /home/travis/build/icyphy/ptII/ptolemy/actor/lib/test/auto/StopDE.xml (RunModel)" time="0.017" />
  <testcase classname="ptolemy.util.test.junit.AutoTests" name="[345] /home/travis/build/icyphy/ptII/ptolemy/actor/lib/test/auto/StopSDF.xml (RunModel)" time="0.013" />
  <testcase classname="ptolemy.util.test.junit.AutoTests" name="[346] /home/travis/build/icyphy/ptII/ptolemy/actor/lib/test/auto/StringConstant.xml (RunModel)" time="0.014" />
  <testcase classname="ptolemy.util.test.junit.AutoTests" name="[347] /home/travis/build/icyphy/ptII/ptolemy/actor/lib/test/auto/SubscriberPortInitialValues1.xml (RunModel)" time="0.019" />
  <testcase classname="ptolemy.util.test.junit.AutoTests" name="[348] /home/travis/build/icyphy/ptII/ptolemy/actor/lib/test/auto/SubscriberPortInitialValues13.xml (RunModel)" time="0.027" />
  <testcase classname="ptolemy.util.test.junit.AutoTests" name="[349] /home/travis/build/icyphy/ptII/ptolemy/actor/lib/test/auto/SubscriberPortInitialValues14.xml (RunModel)" time="0.016" />
  <testcase classname="ptolemy.util.test.junit.AutoTests" name="[350] /home/travis/build/icyphy/ptII/ptolemy/actor/lib/test/auto/SubscriberPortInitialValues2.xml (RunModel)" time="0.015" />
  <testcase classname="ptolemy.util.test.junit.AutoTests" name="[351] /home/travis/build/icyphy/ptII/ptolemy/actor/lib/test/auto/SubscriberPortInitialValues3.xml (RunModel)" time="0.018" />
  <testcase classname="ptolemy.util.test.junit.AutoTests" name="[352] /home/travis/build/icyphy/ptII/ptolemy/actor/lib/test/auto/SubscriptionAggregator.xml (RunModel)" time="0.01" />
  <testcase classname="ptolemy.util.test.junit.AutoTests" name="[353] /home/travis/build/icyphy/ptII/ptolemy/actor/lib/test/auto/SubscriptionAggregator2.xml (RunModel)" time="0.01" />
  <testcase classname="ptolemy.util.test.junit.AutoTests" name="[354] /home/travis/build/icyphy/ptII/ptolemy/actor/lib/test/auto/SubscriptionAggregator3.xml (RunModel)" time="0.013" />
  <testcase classname="ptolemy.util.test.junit.AutoTests" name="[355] /home/travis/build/icyphy/ptII/ptolemy/actor/lib/test/auto/SubscriptionAggregatorMultiply.xml (RunModel)" time="0.021" />
  <testcase classname="ptolemy.util.test.junit.AutoTests" name="[356] /home/travis/build/icyphy/ptII/ptolemy/actor/lib/test/auto/SubscriptionAggregatorPortMultiply1.xml (RunModel)" time="0.015" />
  <testcase classname="ptolemy.util.test.junit.AutoTests" name="[357] /home/travis/build/icyphy/ptII/ptolemy/actor/lib/test/auto/Switch.xml (RunModel)" time="0.021" />
  <testcase classname="ptolemy.util.test.junit.AutoTests" name="[358] /home/travis/build/icyphy/ptII/ptolemy/actor/lib/test/auto/Switch2.xml (RunModel)" time="0.01" />
  <testcase classname="ptolemy.util.test.junit.AutoTests" name="[359] /home/travis/build/icyphy/ptII/ptolemy/actor/lib/test/auto/SwitchDE.xml (RunModel)" time="0.013" />
  <testcase classname="ptolemy.util.test.junit.AutoTests" name="[360] /home/travis/build/icyphy/ptII/ptolemy/actor/lib/test/auto/SynchronizerDE.xml (RunModel)" time="0.021" />
  <testcase classname="ptolemy.util.test.junit.AutoTests" name="[361] /home/travis/build/icyphy/ptII/ptolemy/actor/lib/test/auto/Test.xml (RunModel)" time="0.008" />
  <testcase classname="ptolemy.util.test.junit.AutoTests" name="[362] /home/travis/build/icyphy/ptII/ptolemy/actor/lib/test/auto/TestExceptionAttribute1.xml (RunModel)" time="0.007" />
  <testcase classname="ptolemy.util.test.junit.AutoTests" name="[363] /home/travis/build/icyphy/ptII/ptolemy/actor/lib/test/auto/TestExceptionAttribute2.xml (RunModel)" time="0.011" />
  <testcase classname="ptolemy.util.test.junit.AutoTests" name="[364] /home/travis/build/icyphy/ptII/ptolemy/actor/lib/test/auto/TestExceptionAttribute3.xml (RunModel)" time="0.01" />
  <testcase classname="ptolemy.util.test.junit.AutoTests" name="[365] /home/travis/build/icyphy/ptII/ptolemy/actor/lib/test/auto/TestExceptionAttribute4.xml (RunModel)" time="0.006" />
  <testcase classname="ptolemy.util.test.junit.AutoTests" name="[366] /home/travis/build/icyphy/ptII/ptolemy/actor/lib/test/auto/TestExceptionHandler1.xml (RunModel)" time="0.006" />
  <testcase classname="ptolemy.util.test.junit.AutoTests" name="[367] /home/travis/build/icyphy/ptII/ptolemy/actor/lib/test/auto/TestExceptionHandler2.xml (RunModel)" time="0.01" />
  <testcase classname="ptolemy.util.test.junit.AutoTests" name="[368] /home/travis/build/icyphy/ptII/ptolemy/actor/lib/test/auto/TestExceptionHandler3.xml (RunModel)" time="0.004" />
  <testcase classname="ptolemy.util.test.junit.AutoTests" name="[369] /home/travis/build/icyphy/ptII/ptolemy/actor/lib/test/auto/TestExceptionHandler4.xml (RunModel)" time="0.005" />
  <testcase classname="ptolemy.util.test.junit.AutoTests" name="[370] /home/travis/build/icyphy/ptII/ptolemy/actor/lib/test/auto/TestRequireCorrectOrder.xml (RunModel)" time="0.015" />
  <testcase classname="ptolemy.util.test.junit.AutoTests" name="[371] /home/travis/build/icyphy/ptII/ptolemy/actor/lib/test/auto/TestSimple.xml (RunModel)" time="0.009" />
  <testcase classname="ptolemy.util.test.junit.AutoTests" name="[372] /home/travis/build/icyphy/ptII/ptolemy/actor/lib/test/auto/ThrowModelError.xml (RunModel)" time="0.01" />
  <testcase classname="ptolemy.util.test.junit.AutoTests" name="[373] /home/travis/build/icyphy/ptII/ptolemy/actor/lib/test/auto/TimeDelayMicrosteps.xml (RunModel)" time="0.012" />
  <testcase classname="ptolemy.util.test.junit.AutoTests" name="[374] /home/travis/build/icyphy/ptII/ptolemy/actor/lib/test/auto/TimeDelayMicrosteps2.xml (RunModel)" time="0.013" />
  <testcase classname="ptolemy.util.test.junit.AutoTests" name="[375] /home/travis/build/icyphy/ptII/ptolemy/actor/lib/test/auto/TimeDelayMicrosteps3.xml (RunModel)" time="0.011" />
  <testcase classname="ptolemy.util.test.junit.AutoTests" name="[376] /home/travis/build/icyphy/ptII/ptolemy/actor/lib/test/auto/TimeDelayVariableMicrosteps.xml (RunModel)" time="0.01" />
  <testcase classname="ptolemy.util.test.junit.AutoTests" name="[377] /home/travis/build/icyphy/ptII/ptolemy/actor/lib/test/auto/TimeGap.xml (RunModel)" time="0.03" />
  <testcase classname="ptolemy.util.test.junit.AutoTests" name="[378] /home/travis/build/icyphy/ptII/ptolemy/actor/lib/test/auto/TimeGap2.xml (RunModel)" time="0.011" />
  <testcase classname="ptolemy.util.test.junit.AutoTests" name="[379] /home/travis/build/icyphy/ptII/ptolemy/actor/lib/test/auto/TimedSinewave.xml (RunModel)" time="0.039" />
  <testcase classname="ptolemy.util.test.junit.AutoTests" name="[380] /home/travis/build/icyphy/ptII/ptolemy/actor/lib/test/auto/TimedSinewavePhase.xml (RunModel)" time="0.031" />
  <testcase classname="ptolemy.util.test.junit.AutoTests" name="[381] /home/travis/build/icyphy/ptII/ptolemy/actor/lib/test/auto/Timer.xml (RunModel)" time="0.016" />
  <testcase classname="ptolemy.util.test.junit.AutoTests" name="[382] /home/travis/build/icyphy/ptII/ptolemy/actor/lib/test/auto/TriangularDistTestModel.xml (RunModel)" time="0.016" />
  <testcase classname="ptolemy.util.test.junit.AutoTests" name="[383] /home/travis/build/icyphy/ptII/ptolemy/actor/lib/test/auto/TrigFunction.xml (RunModel)" time="0.008" />
  <testcase classname="ptolemy.util.test.junit.AutoTests" name="[384] /home/travis/build/icyphy/ptII/ptolemy/actor/lib/test/auto/TrigFunctionDE.xml (RunModel)" time="0.009" />
  <testcase classname="ptolemy.util.test.junit.AutoTests" name="[385] /home/travis/build/icyphy/ptII/ptolemy/actor/lib/test/auto/TrigFunctionInverse.xml (RunModel)" time="0.008" />
  <testcase classname="ptolemy.util.test.junit.AutoTests" name="[386] /home/travis/build/icyphy/ptII/ptolemy/actor/lib/test/auto/TrigFunctionTan.xml (RunModel)" time="0.007" />
  <testcase classname="ptolemy.util.test.junit.AutoTests" name="[387] /home/travis/build/icyphy/ptII/ptolemy/actor/lib/test/auto/TriggeredClock.xml (RunModel)" time="0.007" />
  <testcase classname="ptolemy.util.test.junit.AutoTests" name="[388] /home/travis/build/icyphy/ptII/ptolemy/actor/lib/test/auto/URLDirectoryReader.xml (RunModel)" time="0.098" />
  <testcase classname="ptolemy.util.test.junit.AutoTests" name="[389] /home/travis/build/icyphy/ptII/ptolemy/actor/lib/test/auto/URLDirectoryReader3.xml (RunModel)" time="1.836" />
  <testcase classname="ptolemy.util.test.junit.AutoTests" name="[390] /home/travis/build/icyphy/ptII/ptolemy/actor/lib/test/auto/UnaryMathFunction.xml (RunModel)" time="0.02" />
  <testcase classname="ptolemy.util.test.junit.AutoTests" name="[391] /home/travis/build/icyphy/ptII/ptolemy/actor/lib/test/auto/Uniform.xml (RunModel)" time="0.009" />
  <testcase classname="ptolemy.util.test.junit.AutoTests" name="[392] /home/travis/build/icyphy/ptII/ptolemy/actor/lib/test/auto/UnionDisassemblerTest.xml (RunModel)" time="0.01" />
  <testcase classname="ptolemy.util.test.junit.AutoTests" name="[393] /home/travis/build/icyphy/ptII/ptolemy/actor/lib/test/auto/UtilityFunctions.xml (RunModel)" time="0.009" />
  <testcase classname="ptolemy.util.test.junit.AutoTests" name="[394] /home/travis/build/icyphy/ptII/ptolemy/actor/lib/test/auto/VariableSleep.xml (RunModel)" time="0.51" />
  <testcase classname="ptolemy.util.test.junit.AutoTests" name="[395] /home/travis/build/icyphy/ptII/ptolemy/actor/lib/test/auto/VectorAssemblerDisassemblerCT.xml (RunModel)" time="0.087" />
  <testcase classname="ptolemy.util.test.junit.AutoTests" name="[396] /home/travis/build/icyphy/ptII/ptolemy/actor/lib/test/auto/VectorAssemblerDisassemblerDE.xml (RunModel)" time="0.012" />
  <testcase classname="ptolemy.util.test.junit.AutoTests" name="[397] /home/travis/build/icyphy/ptII/ptolemy/actor/lib/test/auto/VectorAssemblerDisassemblerSDF.xml (RunModel)" time="0.011" />
  <testcase classname="ptolemy.util.test.junit.AutoTests" name="[398] /home/travis/build/icyphy/ptII/ptolemy/actor/lib/test/auto/WallClockTime.xml (RunModel)" time="1.011" />
  <testcase classname="ptolemy.util.test.junit.AutoTests" name="[399] /home/travis/build/icyphy/ptII/ptolemy/actor/lib/test/auto/WidthTestWithSubscriberPublisher.xml (RunModel)" time="0.045" />
  <testcase classname="ptolemy.util.test.junit.AutoTests" name="[400] /home/travis/build/icyphy/ptII/ptolemy/actor/lib/test/auto/WidthTestWithSubscriberPublisher2.xml (RunModel)" time="0.012" />
  <testcase classname="ptolemy.util.test.junit.AutoTests" name="[401] /home/travis/build/icyphy/ptII/ptolemy/actor/lib/test/auto/WidthTestWithSubscriberPublisher3.xml (RunModel)" time="0.009" />
  <testcase classname="ptolemy.util.test.junit.AutoTests" name="[402] /home/travis/build/icyphy/ptII/ptolemy/actor/lib/test/auto/Writer.xml (RunModel)" time="0.006" />
  <testcase classname="ptolemy.util.test.junit.AutoTests" name="[403] /home/travis/build/icyphy/ptII/ptolemy/actor/lib/test/auto/array.xml (RunModel)" time="0.007" />
  <testcase classname="ptolemy.util.test.junit.AutoTests" name="[404] /home/travis/build/icyphy/ptII/ptolemy/actor/lib/test/auto/array2.xml (RunModel)" time="0.01" />
  <testcase classname="ptolemy.util.test.junit.AutoTests" name="[405] /home/travis/build/icyphy/ptII/ptolemy/actor/lib/test/auto/arrayType.xml (RunModel)" time="0.009" />
  <testcase classname="ptolemy.util.test.junit.AutoTests" name="[406] /home/travis/build/icyphy/ptII/ptolemy/actor/lib/test/auto/arrayType10.xml (RunModel)" time="0.007" />
  <testcase classname="ptolemy.util.test.junit.AutoTests" name="[407] /home/travis/build/icyphy/ptII/ptolemy/actor/lib/test/auto/arrayType11.xml (RunModel)" time="0.006" />
  <testcase classname="ptolemy.util.test.junit.AutoTests" name="[408] /home/travis/build/icyphy/ptII/ptolemy/actor/lib/test/auto/arrayType12.xml (RunModel)" time="0.007" />
  <testcase classname="ptolemy.util.test.junit.AutoTests" name="[409] /home/travis/build/icyphy/ptII/ptolemy/actor/lib/test/auto/arrayType13.xml (RunModel)" time="0.008" />
  <testcase classname="ptolemy.util.test.junit.AutoTests" name="[410] /home/travis/build/icyphy/ptII/ptolemy/actor/lib/test/auto/arrayType14.xml (RunModel)" time="0.007" />
  <testcase classname="ptolemy.util.test.junit.AutoTests" name="[411] /home/travis/build/icyphy/ptII/ptolemy/actor/lib/test/auto/arrayType15.xml (RunModel)" time="0.008" />
  <testcase classname="ptolemy.util.test.junit.AutoTests" name="[412] /home/travis/build/icyphy/ptII/ptolemy/actor/lib/test/auto/arrayType16.xml (RunModel)" time="0.007" />
  <testcase classname="ptolemy.util.test.junit.AutoTests" name="[413] /home/travis/build/icyphy/ptII/ptolemy/actor/lib/test/auto/arrayType17.xml (RunModel)" time="0.01" />
  <testcase classname="ptolemy.util.test.junit.AutoTests" name="[414] /home/travis/build/icyphy/ptII/ptolemy/actor/lib/test/auto/arrayType18.xml (RunModel)" time="0.007" />
  <testcase classname="ptolemy.util.test.junit.AutoTests" name="[415] /home/travis/build/icyphy/ptII/ptolemy/actor/lib/test/auto/arrayType19.xml (RunModel)" time="0.041" />
  <testcase classname="ptolemy.util.test.junit.AutoTests" name="[416] /home/travis/build/icyphy/ptII/ptolemy/actor/lib/test/auto/arrayType2.xml (RunModel)" time="0.036" />
  <testcase classname="ptolemy.util.test.junit.AutoTests" name="[417] /home/travis/build/icyphy/ptII/ptolemy/actor/lib/test/auto/arrayType20.xml (RunModel)" time="0.035" />
  <testcase classname="ptolemy.util.test.junit.AutoTests" name="[418] /home/travis/build/icyphy/ptII/ptolemy/actor/lib/test/auto/arrayType21.xml (RunModel)" time="0.06" />
  <testcase classname="ptolemy.util.test.junit.AutoTests" name="[419] /home/travis/build/icyphy/ptII/ptolemy/actor/lib/test/auto/arrayType22.xml (RunModel)" time="0.007" />
  <testcase classname="ptolemy.util.test.junit.AutoTests" name="[420] /home/travis/build/icyphy/ptII/ptolemy/actor/lib/test/auto/arrayType23.xml (RunModel)" time="0.006" />
  <testcase classname="ptolemy.util.test.junit.AutoTests" name="[421] /home/travis/build/icyphy/ptII/ptolemy/actor/lib/test/auto/arrayType24.xml (RunModel)" time="0.007" />
  <testcase classname="ptolemy.util.test.junit.AutoTests" name="[422] /home/travis/build/icyphy/ptII/ptolemy/actor/lib/test/auto/arrayType25.xml (RunModel)" time="0.007" />
  <testcase classname="ptolemy.util.test.junit.AutoTests" name="[423] /home/travis/build/icyphy/ptII/ptolemy/actor/lib/test/auto/arrayType26.xml (RunModel)" time="0.006" />
  <testcase classname="ptolemy.util.test.junit.AutoTests" name="[424] /home/travis/build/icyphy/ptII/ptolemy/actor/lib/test/auto/arrayType27.xml (RunModel)" time="0.007" />
  <testcase classname="ptolemy.util.test.junit.AutoTests" name="[425] /home/travis/build/icyphy/ptII/ptolemy/actor/lib/test/auto/arrayType28.xml (RunModel)" time="0.008" />
  <testcase classname="ptolemy.util.test.junit.AutoTests" name="[426] /home/travis/build/icyphy/ptII/ptolemy/actor/lib/test/auto/arrayType3.xml (RunModel)" time="0.035" />
  <testcase classname="ptolemy.util.test.junit.AutoTests" name="[427] /home/travis/build/icyphy/ptII/ptolemy/actor/lib/test/auto/arrayType4.xml (RunModel)" time="0.011" />
  <testcase classname="ptolemy.util.test.junit.AutoTests" name="[428] /home/travis/build/icyphy/ptII/ptolemy/actor/lib/test/auto/arrayType5.xml (RunModel)" time="0.007" />
  <testcase classname="ptolemy.util.test.junit.AutoTests" name="[429] /home/travis/build/icyphy/ptII/ptolemy/actor/lib/test/auto/arrayType6.xml (RunModel)" time="0.009" />
  <testcase classname="ptolemy.util.test.junit.AutoTests" name="[430] /home/travis/build/icyphy/ptII/ptolemy/actor/lib/test/auto/arrayType7.xml (RunModel)" time="0.012" />
  <testcase classname="ptolemy.util.test.junit.AutoTests" name="[431] /home/travis/build/icyphy/ptII/ptolemy/actor/lib/test/auto/arrayType8.xml (RunModel)" time="0.008" />
  <testcase classname="ptolemy.util.test.junit.AutoTests" name="[432] /home/travis/build/icyphy/ptII/ptolemy/actor/lib/test/auto/arrayType9.xml (RunModel)" time="0.007" />
  <testcase classname="ptolemy.util.test.junit.AutoTests" name="[433] /home/travis/build/icyphy/ptII/ptolemy/actor/lib/test/auto/cast.xml (RunModel)" time="0.017" />
  <testcase classname="ptolemy.util.test.junit.AutoTests" name="[434] /home/travis/build/icyphy/ptII/ptolemy/actor/lib/test/auto/compositeMultiPort.xml (RunModel)" time="0.016" />
  <testcase classname="ptolemy.util.test.junit.AutoTests" name="[435] /home/travis/build/icyphy/ptII/ptolemy/actor/lib/test/auto/expressionCastInference.xml (RunModel)" time="0.006" />
  <testcase classname="ptolemy.util.test.junit.AutoTests" name="[436] /home/travis/build/icyphy/ptII/ptolemy/actor/lib/test/auto/expressionCastInference2.xml (RunModel)" time="0.007" />
  <testcase classname="ptolemy.util.test.junit.AutoTests" name="[437] /home/travis/build/icyphy/ptII/ptolemy/actor/lib/test/auto/expressionInference.xml (RunModel)" time="0.006" />
  <testcase classname="ptolemy.util.test.junit.AutoTests" name="[438] /home/travis/build/icyphy/ptII/ptolemy/actor/lib/test/auto/expression_bug.xml (RunModel)" time="0.005" />
  <testcase classname="ptolemy.util.test.junit.AutoTests" name="[439] /home/travis/build/icyphy/ptII/ptolemy/actor/lib/test/auto/factorial.xml (RunModel)" time="0.045" />
  <testcase classname="ptolemy.util.test.junit.AutoTests" name="[440] /home/travis/build/icyphy/ptII/ptolemy/actor/lib/test/auto/filterTest1.xml (RunModel)" time="0.014" />
  <testcase classname="ptolemy.util.test.junit.AutoTests" name="[441] /home/travis/build/icyphy/ptII/ptolemy/actor/lib/test/auto/funcApplyInConst.xml (RunModel)" time="0.005" />
  <testcase classname="ptolemy.util.test.junit.AutoTests" name="[442] /home/travis/build/icyphy/ptII/ptolemy/actor/lib/test/auto/funcApplyInExpr.xml (RunModel)" time="0.004" />
  <testcase classname="ptolemy.util.test.junit.AutoTests" name="[443] /home/travis/build/icyphy/ptII/ptolemy/actor/lib/test/auto/function.xml (RunModel)" time="0.009" />
  <testcase classname="ptolemy.util.test.junit.AutoTests" name="[444] /home/travis/build/icyphy/ptII/ptolemy/actor/lib/test/auto/function2.xml (RunModel)" time="0.006" />
  <testcase classname="ptolemy.util.test.junit.AutoTests" name="[445] /home/travis/build/icyphy/ptII/ptolemy/actor/lib/test/auto/function3.xml (RunModel)" time="0.006" />
  <testcase classname="ptolemy.util.test.junit.AutoTests" name="[446] /home/travis/build/icyphy/ptII/ptolemy/actor/lib/test/auto/functionClosureTest1.xml (RunModel)" time="0.008" />
  <testcase classname="ptolemy.util.test.junit.AutoTests" name="[447] /home/travis/build/icyphy/ptII/ptolemy/actor/lib/test/auto/functionClosureTest2.xml (RunModel)" time="0.016" />
  <testcase classname="ptolemy.util.test.junit.AutoTests" name="[448] /home/travis/build/icyphy/ptII/ptolemy/actor/lib/test/auto/functionClosureTest3.xml (RunModel)" time="0.008" />
  <testcase classname="ptolemy.util.test.junit.AutoTests" name="[449] /home/travis/build/icyphy/ptII/ptolemy/actor/lib/test/auto/functionClosureTest4.xml (RunModel)" time="0.012" />
  <testcase classname="ptolemy.util.test.junit.AutoTests" name="[450] /home/travis/build/icyphy/ptII/ptolemy/actor/lib/test/auto/functionClosureTest5.xml (RunModel)" time="0.009" />
  <testcase classname="ptolemy.util.test.junit.AutoTests" name="[451] /home/travis/build/icyphy/ptII/ptolemy/actor/lib/test/auto/functionClosureTest6.xml (RunModel)" time="0.006" />
  <testcase classname="ptolemy.util.test.junit.AutoTests" name="[452] /home/travis/build/icyphy/ptII/ptolemy/actor/lib/test/auto/functionsOnArcs.xml (RunModel)" time="0.007" />
  <testcase classname="ptolemy.util.test.junit.AutoTests" name="[453] /home/travis/build/icyphy/ptII/ptolemy/actor/lib/test/auto/functionsOnArcsHOF.xml (RunModel)" time="0.009" />
  <testcase classname="ptolemy.util.test.junit.AutoTests" name="[454] /home/travis/build/icyphy/ptII/ptolemy/actor/lib/test/auto/logic.xml (RunModel)" time="0.015" />
  <testcase classname="ptolemy.util.test.junit.AutoTests" name="[455] /home/travis/build/icyphy/ptII/ptolemy/actor/lib/test/auto/matrixType.xml (RunModel)" time="0.007" />
  <testcase classname="ptolemy.util.test.junit.AutoTests" name="[456] /home/travis/build/icyphy/ptII/ptolemy/actor/lib/test/auto/matrixType10.xml (RunModel)" time="0.007" />
  <testcase classname="ptolemy.util.test.junit.AutoTests" name="[457] /home/travis/build/icyphy/ptII/ptolemy/actor/lib/test/auto/matrixType11.xml (RunModel)" time="0.006" />
  <testcase classname="ptolemy.util.test.junit.AutoTests" name="[458] /home/travis/build/icyphy/ptII/ptolemy/actor/lib/test/auto/matrixType12.xml (RunModel)" time="0.008" />
  <testcase classname="ptolemy.util.test.junit.AutoTests" name="[459] /home/travis/build/icyphy/ptII/ptolemy/actor/lib/test/auto/matrixType13.xml (RunModel)" time="0.006" />
  <testcase classname="ptolemy.util.test.junit.AutoTests" name="[460] /home/travis/build/icyphy/ptII/ptolemy/actor/lib/test/auto/matrixType14.xml (RunModel)" time="0.008" />
  <testcase classname="ptolemy.util.test.junit.AutoTests" name="[461] /home/travis/build/icyphy/ptII/ptolemy/actor/lib/test/auto/matrixType2.xml (RunModel)" time="0.008" />
  <testcase classname="ptolemy.util.test.junit.AutoTests" name="[462] /home/travis/build/icyphy/ptII/ptolemy/actor/lib/test/auto/matrixType3.xml (RunModel)" time="0.009" />
  <testcase classname="ptolemy.util.test.junit.AutoTests" name="[463] /home/travis/build/icyphy/ptII/ptolemy/actor/lib/test/auto/matrixType4.xml (RunModel)" time="0.007" />
  <testcase classname="ptolemy.util.test.junit.AutoTests" name="[464] /home/travis/build/icyphy/ptII/ptolemy/actor/lib/test/auto/matrixType5.xml (RunModel)" time="0.007" />
  <testcase classname="ptolemy.util.test.junit.AutoTests" name="[465] /home/travis/build/icyphy/ptII/ptolemy/actor/lib/test/auto/matrixType6.xml (RunModel)" time="0.006" />
  <testcase classname="ptolemy.util.test.junit.AutoTests" name="[466] /home/travis/build/icyphy/ptII/ptolemy/actor/lib/test/auto/matrixType7.xml (RunModel)" time="0.006" />
  <testcase classname="ptolemy.util.test.junit.AutoTests" name="[467] /home/travis/build/icyphy/ptII/ptolemy/actor/lib/test/auto/matrixType8.xml (RunModel)" time="0.007" />
  <testcase classname="ptolemy.util.test.junit.AutoTests" name="[468] /home/travis/build/icyphy/ptII/ptolemy/actor/lib/test/auto/matrixType9.xml (RunModel)" time="0.006" />
  <testcase classname="ptolemy.util.test.junit.AutoTests" name="[469] /home/travis/build/icyphy/ptII/ptolemy/actor/lib/test/auto/paraFunctest.xml (RunModel)" time="0.006" />
  <testcase classname="ptolemy.util.test.junit.AutoTests" name="[470] /home/travis/build/icyphy/ptII/ptolemy/actor/lib/test/auto/paraFunctest2.xml (RunModel)" time="0.01" />
  <testcase classname="ptolemy.util.test.junit.AutoTests" name="[471] /home/travis/build/icyphy/ptII/ptolemy/actor/lib/test/auto/parameterPassing.xml (RunModel)" time="0.01" />
  <testcase classname="ptolemy.util.test.junit.AutoTests" name="[472] /home/travis/build/icyphy/ptII/ptolemy/actor/lib/test/auto/record.xml (RunModel)" time="0.009" />
  <testcase classname="ptolemy.util.test.junit.AutoTests" name="[473] /home/travis/build/icyphy/ptII/ptolemy/actor/lib/test/auto/sizedarray1.xml (RunModel)" time="0.007" />
  <testcase classname="ptolemy.util.test.junit.AutoTests" name="[474] /home/travis/build/icyphy/ptII/ptolemy/actor/lib/test/auto/sizedarray2.xml (RunModel)" time="0.01" />
  <testcase classname="ptolemy.util.test.junit.AutoTests" name="[475] /home/travis/build/icyphy/ptII/ptolemy/actor/lib/test/auto/twoPublishers.xml (RunModel)" time="0.026" />
  <system-out><![CDATA[/home/travis/build/icyphy/ptII/ptolemy/actor/lib/test/AbsoluteValue.tcl
testDefs.tcl: setting time out to 9000 seconds at Tue Oct 13 11:58:17 UTC 2020
104 ms. Memory: 129024K Free: 93128K (72%)
4 ms. Memory: 129024K Free: 91080K (71%)
4 ms. Memory: 129024K Free: 90566K (70%)
7 ms. Memory: 129024K Free: 89527K (69%)
/home/travis/build/icyphy/ptII/ptolemy/actor/lib/test/AddSubtract.tcl
13 ms. Memory: 129024K Free: 87494K (68%)
13 ms. Memory: 129024K Free: 86984K (67%)
8 ms. Memory: 129024K Free: 85960K (67%)
13 ms. Memory: 129024K Free: 85431K (66%)
72 ms. Memory: 129024K Free: 82374K (64%)
5 ms. Memory: 129024K Free: 81864K (63%)
/home/travis/build/icyphy/ptII/ptolemy/actor/lib/test/Average.tcl
6 ms. Memory: 129024K Free: 79816K (62%)
14 ms. Memory: 129024K Free: 78792K (61%)
/home/travis/build/icyphy/ptII/ptolemy/actor/lib/test/Bernoulli.tcl
4 ms. Memory: 129024K Free: 77239K (60%)
2 ms. Memory: 129024K Free: 76744K (59%)
/home/travis/build/icyphy/ptII/ptolemy/actor/lib/test/Clock.tcl
preinitializing
resolving types
initializing
executing number 1
wrapping up
idle
37 ms. Memory: 129024K Free: 74182K (57%)
Completed execution with 5 iterations
preinitializing
resolving types
initializing
executing number 1
wrapping up
idle
6 ms. Memory: 129024K Free: 73158K (57%)
Completed execution with 5 iterations
preinitializing
resolving types
initializing
executing number 1
wrapping up
idle
11 ms. Memory: 129024K Free: 72648K (56%)
Completed execution with 5 iterations
/home/travis/build/icyphy/ptII/ptolemy/actor/lib/test/Commutator.tcl
11 ms. Memory: 129024K Free: 70600K (55%)
10 ms. Memory: 129024K Free: 69576K (54%)
16 ms. Memory: 129024K Free: 63927K (50%)
/home/travis/build/icyphy/ptII/ptolemy/actor/lib/test/Const.tcl
12 ms. Memory: 129024K Free: 62408K (48%)
3 ms. Memory: 129024K Free: 61879K (48%)
3 ms. Memory: 129024K Free: 61384K (48%)
2 ms. Memory: 129024K Free: 60839K (47%)
3 ms. Memory: 129024K Free: 60360K (47%)
18 ms. Memory: 129024K Free: 58822K (46%)
17 ms. Memory: 129024K Free: 57791K (45%)
3 ms. Memory: 129024K Free: 56759K (44%)
/home/travis/build/icyphy/ptII/ptolemy/actor/lib/test/CurrentTime.tcl
preinitializing
resolving types
initializing
executing number 1
wrapping up
idle
6 ms. Memory: 129024K Free: 54726K (42%)
Completed execution with 11 iterations
/home/travis/build/icyphy/ptII/ptolemy/actor/lib/test/DB.tcl
3 ms. Memory: 129024K Free: 53192K (41%)
2 ms. Memory: 129024K Free: 52678K (41%)
2 ms. Memory: 129024K Free: 52168K (40%)
/home/travis/build/icyphy/ptII/ptolemy/actor/lib/test/DiscreteRandomSource.tcl
preinitializing
resolving types
initializing
executing number 1
wrapping up
idle
3 ms. Memory: 129024K Free: 50623K (39%)
Completed execution with 4 iterations
preinitializing
resolving types
initializing
executing number 1
wrapping up
idle
2 ms. Memory: 129024K Free: 50120K (39%)
Completed execution with 4 iterations
preinitializing
resolving types
initializing
executing number 1
wrapping up
idle
2 ms. Memory: 129024K Free: 49591K (38%)
Completed execution with 4 iterations
preinitializing
resolving types
initializing
executing number 1
wrapping up
idle
2 ms. Memory: 129024K Free: 49096K (38%)
Completed execution with 4 iterations
preinitializing
resolving types
initializing
executing number 1
wrapping up
idle
10 ms. Memory: 129024K Free: 48551K (38%)
Completed execution with 4 iterations
/home/travis/build/icyphy/ptII/ptolemy/actor/lib/test/Distributor.tcl
21 ms. Memory: 129024K Free: 113725K (88%)
14 ms. Memory: 129024K Free: 113177K (88%)
StreamChangeRequest.changeExecuted(): <deleteEntity name="rec2"/> succeeded
StreamChangeRequest.changeExecuted(): <deleteRelation name="r2"/> succeeded
StreamChangeRequest.changeExecuted(): Record firings per iteration succeeded
4 ms. Memory: 129024K Free: 110621K (86%)
/home/travis/build/icyphy/ptII/ptolemy/actor/lib/test/Exit.tcl
Exit.tcl: this will print a message about Manager.exitAfterWrapup, which can be ignored.
3 ms. Memory: 129024K Free: 107557K (83%)
/home/travis/build/icyphy/ptII/ptolemy/actor/lib/test/Expression.tcl
11 ms. Memory: 129024K Free: 104469K (81%)
2 ms. Memory: 129024K Free: 103499K (80%)
2 ms. Memory: 129024K Free: 102951K (80%)
preinitializing
resolving types
initializing
executing number 1
wrapping up
idle
4 ms. Memory: 129024K Free: 101405K (79%)
Completed execution with 6 iterations
3 ms. Memory: 129024K Free: 100427K (78%)
2 ms. Memory: 129024K Free: 99887K (77%)
4 ms. Memory: 129024K Free: 98349K (76%)
3 ms. Memory: 129024K Free: 97341K (75%)
3 ms. Memory: 129024K Free: 96277K (75%)
/home/travis/build/icyphy/ptII/ptolemy/actor/lib/test/Gaussian.tcl
3 ms. Memory: 129024K Free: 94245K (73%)
sleeping 1 seconds: ...................................................................................................................................................................................................................................................................................................................................................................................................................................................................................................................................................................................................................................................................................................................................................................................................................................................................................................................................................................................................................................................................................................................................................................................................................................................................................................................................................................................................................................................................................................................................................................................................................................................................................................................................................................................................................................................................................................................................................................................................................................................................................................................................................................................................................................................................................................................................................................................................................................................................................................................................................................................................................................................................................................................................................................................................................................................................................................................................................................................................................................................................................................................................................................................................................................................................................................................................................................................................................................................................................................................................................................................................................................................................................................................................................................................................................................................................................................................................................................................................................................................................................................................................................................................................................................................................................................................................................................................................................................................................................................................................................................................................................................................................................................................................................................................................................................................................................................................................................................................................................................................................................................................................................................................................................................................................................................................................................................................................................................................................................................................................................................................................................................................................................................................................................................................................................................................................................................................................................................................................................................................................................................................................................................................................................................................................................................................................................................................................................................................................................................................................................................................................................................................................................................................................................................................................................................................................................................................................................................................................................................................................................................................................................................................................................................................................................................................................................................................................................................................................................................................................................................................................................................................................................................................................................................................................................................................................................................................................................................................................................................................................................................................................................................................................................................................................................................................................................................................................................................................................................................................................................................................................................................................................................................................................................................................................................................................................................................................................................................................................................................................................................................................................................................................................................................................................................................................................................................................................................................................................................................................................................................................................................................................................................................................................................................................................................................................................................................................................................................................................................................................................................................................................................................................................................................................................................................................................................................................................................................................................................................................................................................................................................................................................................................................................................................................................................................................................................................................................................................................................................................................................................................................................................................................................................................................................................................................................................................................................................................................................................................................................................................................................................................................................................................................................................................................................................................................................................................................................................................................................................................................................................................................................................................................................................................................................................................................................................................................................................................................................................................................................................................................................................................................................................................................................................................................................................................................................................................................................................................................................................................................................................................................................................................................................................................................................................................................................................................................................................................................................................................................................................................................................................................................................................................................................................................................................................................................................................................................................................................................................................................................................................................................................................................................................................................................................................................................................................................................................................................................................................................................................................................................................................................................................................................................................................................................................................................................................................................................................................................................................................................................................................................................................................................................................................................................................................................................................................................................................................................................................................................................................................................................................................................................................................................................................................................................................................................................................................................2 ms. Memory: 129024K Free: 92200K (71%)
2 ms. Memory: 129024K Free: 91680K (71%)
2 ms. Memory: 129024K Free: 91176K (71%)
1 ms. Memory: 129024K Free: 90152K (70%)
2 ms. Memory: 129024K Free: 89638K (69%)
/home/travis/build/icyphy/ptII/ptolemy/actor/lib/test/IIR.tcl
/home/travis/build/icyphy/ptII/ptolemy/actor/lib/test/Interpolator.tcl
4 ms. Memory: 129024K Free: 86056K (67%)
2 ms. Memory: 129024K Free: 85512K (66%)
2 ms. Memory: 129024K Free: 85032K (66%)
2 ms. Memory: 129024K Free: 84377K (65%)
5 ms. Memory: 129024K Free: 83494K (65%)
4 ms. Memory: 129024K Free: 82456K (64%)
5 ms. Memory: 129024K Free: 81416K (63%)
2 ms. Memory: 129024K Free: 80422K (62%)
11 ms. Memory: 129024K Free: 79912K (62%)
2 ms. Memory: 129024K Free: 78888K (61%)
/home/travis/build/icyphy/ptII/ptolemy/actor/lib/test/MathFunction.tcl
3 ms. Memory: 129024K Free: 76840K (60%)
2 ms. Memory: 129024K Free: 75816K (59%)
2 ms. Memory: 129024K Free: 74792K (58%)
5 ms. Memory: 129024K Free: 73768K (57%)
3 ms. Memory: 129024K Free: 72744K (56%)
9 ms. Memory: 129024K Free: 70696K (55%)
/home/travis/build/icyphy/ptII/ptolemy/actor/lib/test/Maximum.tcl
5 ms. Memory: 129024K Free: 68648K (53%)
5 ms. Memory: 129024K Free: 68128K (53%)
4 ms. Memory: 129024K Free: 67624K (52%)
2 ms. Memory: 129024K Free: 66600K (52%)
/home/travis/build/icyphy/ptII/ptolemy/actor/lib/test/Minimum.tcl
5 ms. Memory: 129024K Free: 65062K (50%)
2 ms. Memory: 129024K Free: 64552K (50%)
2 ms. Memory: 129024K Free: 63528K (49%)
3 ms. Memory: 129024K Free: 63014K (49%)
/home/travis/build/icyphy/ptII/ptolemy/actor/lib/test/MultiplyDivide.tcl
11 ms. Memory: 129024K Free: 111608K (87%)
8 ms. Memory: 129024K Free: 111207K (86%)
2 ms. Memory: 129024K Free: 110183K (85%)
5 ms. Memory: 129024K Free: 109655K (85%)
3 ms. Memory: 129024K Free: 109159K (85%)
/home/travis/build/icyphy/ptII/ptolemy/actor/lib/test/OrderedMerge.tcl
Connections changed on port: inputA
Connections changed on port: inputB
Connections changed on port: output
Connections changed on port: output
Connections changed on port: output
Connections changed on port: input
.top. Preinitializing ...
Invoking preinitialize():  .top.OrderedMerge
Called preinitialize()
Invoking preinitialize():  .top.Ramp
Called preinitialize()
Invoking preinitialize():  .top.Ramp2
Called preinitialize()
Invoking preinitialize():  .top.Test
Called preinitialize()
Connections changed on port: inputA
Connections changed on port: output
Connections changed on port: output
Connections changed on port: input
Connections changed on port: inputB
Connections changed on port: output
.top. Finished preinitialize().
Called initialize().
Invoking initialize():  .top.OrderedMerge
Initializing actor: .top.OrderedMerge
Adding a thread: .top.OrderedMerge
Invoking initialize():  .top.Ramp
Initializing actor: .top.Ramp
Adding a thread: .top.Ramp
Invoking initialize():  .top.Ramp2
Initializing actor: .top.Ramp2
Adding a thread: .top.Ramp2
Invoking initialize():  .top.Test
Initializing actor: .top.Test
Adding a thread: .top.Test
Called fire().
Checking for deadlock:
-- Starting thread.
Called initialize()
Called prefire()
Called fire()
There are 0 Blocked actors, 0 Stopped actors, and 4 active threads.
-- Starting thread.
Called initialize()
-- Starting thread.
Called initialize()
Waiting for actors to stop.
Called prefire()
Called prefire()
Checking for deadlock:
There are 1 Blocked actors, 0 Stopped actors, and 4 active threads.
Waiting for actors to stop.
Called fire()
Called fire()
-- Starting thread.
Called initialize()
Called postfire()
Called postfire()
Called prefire()
Called prefire()
Called fire()
Called fire()
Called prefire()
Called fire()
Checking for deadlock:
There are 3 Blocked actors, 0 Stopped actors, and 4 active threads.
Waiting for actors to stop.
Checking for deadlock:
There are 2 Blocked actors, 0 Stopped actors, and 4 active threads.
Waiting for actors to stop.
Called postfire()
Called prefire()
Called fire()
Read input token from inputA with value 0.0
Next port to read input from is inputB
Called postfire()
Called prefire()
Called fire()
Read input token from inputB with value 0.0
Sent output token with value 0.0
Next port to read input from is inputA
Called postfire()
Called prefire()
Called fire()
Read input token from inputA with value 1.0
Checking for deadlock:
There are 1 Blocked actors, 0 Stopped actors, and 4 active threads.
Waiting for actors to stop.
-- Read input: 0.0, which is expected to match: 0.0
Called prefire()
Called fire()
Called postfire()
Called prefire()
Called fire()
Called postfire()
Called prefire()
Called fire()
Checking for deadlock:
There are 3 Blocked actors, 0 Stopped actors, and 4 active threads.
Waiting for actors to stop.
Sent output token with value 0.0
Next port to read input from is inputB
Called postfire()
Called prefire()
Called fire()
Read input token from inputB with value 1.5
Checking for deadlock:
There are 2 Blocked actors, 0 Stopped actors, and 4 active threads.
Waiting for actors to stop.
-- Read input: 0.0, which is expected to match: 0.0
Called prefire()
Called fire()
Called postfire()
Called prefire()
Called fire()
Checking for deadlock:
There are 3 Blocked actors, 0 Stopped actors, and 4 active threads.
Waiting for actors to stop.
Sent output token with value 1.0
Next port to read input from is inputA
Called postfire()
Called prefire()
Called fire()
Read input token from inputA with value 2.0
Checking for deadlock:
There are 2 Blocked actors, 0 Stopped actors, and 4 active threads.
Waiting for actors to stop.
-- Read input: 1.0, which is expected to match: 1.0
Called prefire()
Called fire()
Called postfire()
Called prefire()
Called fire()
Checking for deadlock:
There are 3 Blocked actors, 0 Stopped actors, and 4 active threads.
Waiting for actors to stop.
-- Read input: 1.5, which is expected to match: 1.5
Called prefire()
Called fire()
Sent output token with value 1.5
Next port to read input from is inputB
Called postfire()
Called prefire()
Called fire()
Read input token from inputB with value 3.0
Sent output token with value 2.0
Next port to read input from is inputA
Called postfire()
Called prefire()
Called fire()
Read input token from inputA with value 3.0
Checking for deadlock:
There are 1 Blocked actors, 0 Stopped actors, and 4 active threads.
Waiting for actors to stop.
Called postfire()
Called prefire()
Called fire()
-- Read input: 2.0, which is expected to match: 2.0
Called prefire()
Called fire()
Called postfire()
Called prefire()
Called fire()
Checking for deadlock:
There are 3 Blocked actors, 0 Stopped actors, and 4 active threads.
Waiting for actors to stop.
-- Read input: 3.0, which is expected to match: 3.0
Called prefire()
Called fire()
Sent output token with value 3.0
Next port to read input from is inputB
Called postfire()
Called prefire()
Called fire()
Read input token from inputB with value 4.5
Sent output token with value 3.0
Next port to read input from is inputA
Called postfire()
Called prefire()
Called fire()
Read input token from inputA with value 4.0
Checking for deadlock:
There are 1 Blocked actors, 0 Stopped actors, and 4 active threads.
Waiting for actors to stop.
Called postfire()
Called prefire()
Called fire()
-- Read input: 3.0, which is expected to match: 3.0
Called prefire()
Called fire()
Called postfire()
Called prefire()
Called fire()
Checking for deadlock:
There are 3 Blocked actors, 0 Stopped actors, and 4 active threads.
Waiting for actors to stop.
-- Read input: 4.0, which is expected to match: 4.0
Called prefire()
Called fire()
Past the end of training data. Read and discard all inputs.
Checking for deadlock:
There are 3 Blocked actors, 0 Stopped actors, and 4 active threads.
Waiting for actors to stop.
Sent output token with value 4.0
Next port to read input from is inputA
Called postfire()
Called prefire()
Called fire()
Called postfire()
Called prefire()
Called fire()
Checking for deadlock:
There are 3 Blocked actors, 0 Stopped actors, and 4 active threads.
Waiting for actors to stop.
Read input token from inputA with value 5.0
Called prefire()
Called fire()
Past the end of training data. Read and discard all inputs.
Checking for deadlock:
There are 3 Blocked actors, 0 Stopped actors, and 4 active threads.
Waiting for actors to stop.
Sent output token with value 4.5
Next port to read input from is inputB
Called postfire()
Called prefire()
Called fire()
Called postfire()
Called prefire()
Called fire()
Checking for deadlock:
There are 3 Blocked actors, 0 Stopped actors, and 4 active threads.
Waiting for actors to stop.
Read input token from inputB with value 6.0
Called prefire()
Called fire()
Past the end of training data. Read and discard all inputs.
Checking for deadlock:
There are 3 Blocked actors, 0 Stopped actors, and 4 active threads.
Waiting for actors to stop.
Sent output token with value 5.0
Next port to read input from is inputA
Called postfire()
Called prefire()
Called fire()
Checking for deadlock:
There are 2 Blocked actors, 0 Stopped actors, and 4 active threads.
Waiting for actors to stop.
Called postfire()
Called prefire()
Called fire()
Checking for deadlock:
There are 3 Blocked actors, 0 Stopped actors, and 4 active threads.
Waiting for actors to stop.
Read input token from inputA with value 6.0
Checking for deadlock:
There are 2 Blocked actors, 0 Stopped actors, and 4 active threads.
Waiting for actors to stop.
Called prefire()
Called fire()
Past the end of training data. Read and discard all inputs.
Checking for deadlock:
There are 3 Blocked actors, 0 Stopped actors, and 4 active threads.
Waiting for actors to stop.
Sent output token with value 6.0
Next port to read input from is inputB
Called postfire()
Called prefire()
Called fire()
Called postfire()
Called prefire()
Called fire()
Checking for deadlock:
There are 3 Blocked actors, 0 Stopped actors, and 4 active threads.
Waiting for actors to stop.
Read input token from inputB with value 7.5
Called prefire()
Called fire()
Past the end of training data. Read and discard all inputs.
Checking for deadlock:
There are 3 Blocked actors, 0 Stopped actors, and 4 active threads.
Waiting for actors to stop.
Sent output token with value 6.0
Next port to read input from is inputA
Called postfire()
Called prefire()
Called fire()
Checking for deadlock:
There are 2 Blocked actors, 0 Stopped actors, and 4 active threads.
Waiting for actors to stop.
Called postfire()
Called prefire()
Called fire()
Checking for deadlock:
There are 3 Blocked actors, 0 Stopped actors, and 4 active threads.
Waiting for actors to stop.
Read input token from inputA with value 7.0
Checking for deadlock:
There are 2 Blocked actors, 0 Stopped actors, and 4 active threads.
Waiting for actors to stop.
Called prefire()
Called fire()
Past the end of training data. Read and discard all inputs.
Checking for deadlock:
There are 3 Blocked actors, 0 Stopped actors, and 4 active threads.
Waiting for actors to stop.
Sent output token with value 7.0
Next port to read input from is inputA
Called postfire()
Called prefire()
Called fire()
Checking for deadlock:
There are 2 Blocked actors, 0 Stopped actors, and 4 active threads.
Waiting for actors to stop.
-- Thread wrapup() called.
Called wrapup()
Thread .top.Ramp is exiting.
-- Thread stopped.
Checking for deadlock:
There are 2 Blocked actors, 0 Stopped actors, and 3 active threads.
Waiting for actors to stop.
Read input token from inputA with value 8.0
Called prefire()
Called fire()
Past the end of training data. Read and discard all inputs.
Checking for deadlock:
There are 2 Blocked actors, 0 Stopped actors, and 3 active threads.
Waiting for actors to stop.
Sent output token with value 7.5
Next port to read input from is inputB
Called postfire()
Called prefire()
Called fire()
Checking for deadlock:
There are 1 Blocked actors, 0 Stopped actors, and 3 active threads.
Waiting for actors to stop.
Called postfire()
Called prefire()
Called fire()
Checking for deadlock:
There are 2 Blocked actors, 0 Stopped actors, and 3 active threads.
Waiting for actors to stop.
Read input token from inputB with value 9.0
Checking for deadlock:
There are 1 Blocked actors, 0 Stopped actors, and 3 active threads.
Waiting for actors to stop.
Called prefire()
Called fire()
Past the end of training data. Read and discard all inputs.
Checking for deadlock:
There are 2 Blocked actors, 0 Stopped actors, and 3 active threads.
Waiting for actors to stop.
Sent output token with value 8.0
Next port to read input from is inputA
Called postfire()
Called prefire()
Called fire()
Read input token from inputA with value 9.0
Called prefire()
Called fire()
Past the end of training data. Read and discard all inputs.
Checking for deadlock:
There are 2 Blocked actors, 0 Stopped actors, and 3 active threads.
Waiting for actors to stop.
Sent output token with value 9.0
Next port to read input from is inputB
Called postfire()
Called prefire()
Called fire()
Called postfire()
Called prefire()
Called fire()
Checking for deadlock:
There are 2 Blocked actors, 0 Stopped actors, and 3 active threads.
Waiting for actors to stop.
Read input token from inputB with value 10.5
Called prefire()
Called fire()
Past the end of training data. Read and discard all inputs.
Checking for deadlock:
There are 2 Blocked actors, 0 Stopped actors, and 3 active threads.
Waiting for actors to stop.
Sent output token with value 9.0
Next port to read input from is inputA
Called postfire()
Called prefire()
Called fire()
Checking for deadlock:
There are 3 Blocked actors, 0 Stopped actors, and 3 active threads.
Actors have stopped.
Checking for deadlock:
There are 3 Blocked actors, 0 Stopped actors, and 3 active threads.
Deadlock detected.
Resolving Deadlock
Checking for deadlock:
There are 3 Blocked actors, 0 Stopped actors, and 3 active threads.
Artificial Deadlock - increasing queue capacity.
increasing the capacity of receiver ptolemy.actor.TypedIOPort {.top.OrderedMerge.inputB} to 2
-- Thread wrapup() called.
Called wrapup()
Thread .top.Ramp2 is exiting.
-- Thread stopped.
Director: Called postfire().
Called postfire().
_stopRequested = false
_stopFireRequested = false
Returning from postfire(): true
Called fire().
Checking for deadlock:
There are 2 Blocked actors, 0 Stopped actors, and 2 active threads.
Actors have stopped.
Checking for deadlock:
There are 2 Blocked actors, 0 Stopped actors, and 2 active threads.
Deadlock detected.
Resolving Deadlock
Checking for deadlock:
There are 2 Blocked actors, 0 Stopped actors, and 2 active threads.
Deadlock detected: no processes blocked on write, but some are blocked on read.
Called postfire().
_stopRequested = false
_stopFireRequested = false
Returning from postfire(): false
Finished deactivating branches.
Called wrapup().
-- Thread wrapup() called.
Called wrapup()
Thread .top.Test is exiting.
-- Thread stopped.
-- Blocked Receiver call threw TerminateProcessException.
-- Thread wrapup() called.
Called wrapup()
Thread .top.OrderedMerge is exiting.
-- Thread stopped.
-- Blocked Receiver call threw TerminateProcessException.
62 ms. Memory: 129024K Free: 104039K (81%)
.top. Preinitializing ...
Invoking preinitialize():  .top.OrderedMerge
Called preinitialize()
Invoking preinitialize():  .top.Ramp
Called preinitialize()
Invoking preinitialize():  .top.Ramp2
Called preinitialize()
Invoking preinitialize():  .top.Test
Called preinitialize()
.top. Finished preinitialize().
Called initialize().
Invoking initialize():  .top.OrderedMerge
Initializing actor: .top.OrderedMerge
Adding a thread: .top.OrderedMerge
Invoking initialize():  .top.Ramp
Initializing actor: .top.Ramp
Adding a thread: .top.Ramp
Invoking initialize():  .top.Ramp2
Initializing actor: .top.Ramp2
Adding a thread: .top.Ramp2
Invoking initialize():  .top.Test
Initializing actor: .top.Test
Adding a thread: .top.Test
-- Starting thread.
Called initialize()
Called prefire()
Called fire()
-- Starting thread.
Called initialize()
Called prefire()
Called fire()
Called postfire()
Called prefire()
Called fire()
-- Starting thread.
Called initialize()
Called prefire()
Called fire()
Called postfire()
Called prefire()
Called fire()
Called fire().
Checking for deadlock:
There are 3 Blocked actors, 0 Stopped actors, and 4 active threads.
Waiting for actors to stop.
-- Starting thread.
Called initialize()
Called prefire()
Called fire()
Checking for deadlock:
There are 2 Blocked actors, 0 Stopped actors, and 4 active threads.
Waiting for actors to stop.
Called postfire()
Called prefire()
Called fire()
Checking for deadlock:
There are 3 Blocked actors, 0 Stopped actors, and 4 active threads.
Waiting for actors to stop.
Read input token from inputA with value 0.0
Next port to read input from is inputB
Called postfire()
Called prefire()
Called fire()
Called postfire()
Called prefire()
Called fire()
Checking for deadlock:
There are 3 Blocked actors, 0 Stopped actors, and 4 active threads.
Waiting for actors to stop.
Read input token from inputB with value 0.0
Checking for deadlock:
There are 2 Blocked actors, 0 Stopped actors, and 4 active threads.
Waiting for actors to stop.
-- Read input: 0.0, which is expected to match: 0.0
Called prefire()
Called fire()
Checking for deadlock:
There are 3 Blocked actors, 0 Stopped actors, and 4 active threads.
Waiting for actors to stop.
Sent output token with value 0.0
Next port to read input from is inputA
Called postfire()
Called prefire()
Called fire()
Checking for deadlock:
There are 2 Blocked actors, 0 Stopped actors, and 4 active threads.
Waiting for actors to stop.
Called postfire()
Called prefire()
Called fire()
Checking for deadlock:
There are 3 Blocked actors, 0 Stopped actors, and 4 active threads.
Waiting for actors to stop.
Read input token from inputA with value 1.0
Checking for deadlock:
There are 2 Blocked actors, 0 Stopped actors, and 4 active threads.
Waiting for actors to stop.
-- Read input: 0.0, which is expected to match: 0.0
Called prefire()
Called fire()
Checking for deadlock:
There are 3 Blocked actors, 0 Stopped actors, and 4 active threads.
Waiting for actors to stop.
Sent output token with value 0.0
Next port to read input from is inputB
Called postfire()
Called prefire()
Called fire()
Called postfire()
Called prefire()
Called fire()
Checking for deadlock:
There are 3 Blocked actors, 0 Stopped actors, and 4 active threads.
Waiting for actors to stop.
Read input token from inputB with value 1.5
-- Read input: 1.0, which is expected to match: 1.0
Called prefire()
Called fire()
Checking for deadlock:
There are 3 Blocked actors, 0 Stopped actors, and 4 active threads.
Waiting for actors to stop.
Sent output token with value 1.0
Next port to read input from is inputA
Called postfire()
Called prefire()
Called fire()
Checking for deadlock:
There are 2 Blocked actors, 0 Stopped actors, and 4 active threads.
Waiting for actors to stop.
Called postfire()
Called prefire()
Called fire()
Checking for deadlock:
There are 3 Blocked actors, 0 Stopped actors, and 4 active threads.
Waiting for actors to stop.
Read input token from inputA with value 2.0
Checking for deadlock:
There are 2 Blocked actors, 0 Stopped actors, and 4 active threads.
Waiting for actors to stop.
-- Read input: 1.5, which is expected to match: 1.5
Called prefire()
Called fire()
Checking for deadlock:
There are 3 Blocked actors, 0 Stopped actors, and 4 active threads.
Waiting for actors to stop.
Sent output token with value 1.5
Next port to read input from is inputB
Called postfire()
Called prefire()
Called fire()
Checking for deadlock:
There are 2 Blocked actors, 0 Stopped actors, and 4 active threads.
Waiting for actors to stop.
Called postfire()
Called prefire()
Called fire()
Checking for deadlock:
There are 3 Blocked actors, 0 Stopped actors, and 4 active threads.
Waiting for actors to stop.
Read input token from inputB with value 3.0
Checking for deadlock:
There are 2 Blocked actors, 0 Stopped actors, and 4 active threads.
Waiting for actors to stop.
-- Read input: 2.0, which is expected to match: 2.0
Called prefire()
Called fire()
Checking for deadlock:
There are 3 Blocked actors, 0 Stopped actors, and 4 active threads.
Waiting for actors to stop.
Sent output token with value 2.0
Next port to read input from is inputA
Called postfire()
Called prefire()
Called fire()
Checking for deadlock:
There are 2 Blocked actors, 0 Stopped actors, and 4 active threads.
Waiting for actors to stop.
Called postfire()
Called prefire()
Called fire()
Checking for deadlock:
There are 3 Blocked actors, 0 Stopped actors, and 4 active threads.
Waiting for actors to stop.
Read input token from inputA with value 3.0
Checking for deadlock:
There are 2 Blocked actors, 0 Stopped actors, and 4 active threads.
Waiting for actors to stop.
-- Read input: 3.0, which is expected to match: 3.0
Called prefire()
Called fire()
Checking for deadlock:
There are 3 Blocked actors, 0 Stopped actors, and 4 active threads.
Waiting for actors to stop.
Sent output token with value 3.0
Next port to read input from is inputB
Called postfire()
Called prefire()
Called fire()
Called postfire()
Called prefire()
Called fire()
Checking for deadlock:
There are 3 Blocked actors, 0 Stopped actors, and 4 active threads.
Waiting for actors to stop.
Read input token from inputB with value 4.5
-- Read input: 3.0, which is expected to match: 3.0
Called prefire()
Called fire()
Checking for deadlock:
There are 3 Blocked actors, 0 Stopped actors, and 4 active threads.
Waiting for actors to stop.
Sent output token with value 3.0
Next port to read input from is inputA
Called postfire()
Called prefire()
Called fire()
Checking for deadlock:
There are 2 Blocked actors, 0 Stopped actors, and 4 active threads.
Waiting for actors to stop.
Called postfire()
Called prefire()
Called fire()
Checking for deadlock:
There are 3 Blocked actors, 0 Stopped actors, and 4 active threads.
Waiting for actors to stop.
Read input token from inputA with value 4.0
Checking for deadlock:
There are 2 Blocked actors, 0 Stopped actors, and 4 active threads.
Waiting for actors to stop.
-- Read input: 4.0, which is expected to match: 4.0
Called prefire()
Called fire()
Past the end of training data. Read and discard all inputs.
Checking for deadlock:
There are 3 Blocked actors, 0 Stopped actors, and 4 active threads.
Waiting for actors to stop.
Sent output token with value 4.0
Next port to read input from is inputA
Called postfire()
Called prefire()
Called fire()
Checking for deadlock:
There are 2 Blocked actors, 0 Stopped actors, and 4 active threads.
Waiting for actors to stop.
Called postfire()
Called prefire()
Called fire()
Checking for deadlock:
There are 3 Blocked actors, 0 Stopped actors, and 4 active threads.
Waiting for actors to stop.
Read input token from inputA with value 5.0
Checking for deadlock:
There are 2 Blocked actors, 0 Stopped actors, and 4 active threads.
Waiting for actors to stop.
Called prefire()
Called fire()
Past the end of training data. Read and discard all inputs.
Checking for deadlock:
There are 3 Blocked actors, 0 Stopped actors, and 4 active threads.
Waiting for actors to stop.
Sent output token with value 4.5
Next port to read input from is inputB
Called postfire()
Called prefire()
Called fire()
Called postfire()
Called prefire()
Called fire()
Checking for deadlock:
There are 3 Blocked actors, 0 Stopped actors, and 4 active threads.
Waiting for actors to stop.
Read input token from inputB with value 6.0
Called prefire()
Called fire()
Past the end of training data. Read and discard all inputs.
Checking for deadlock:
There are 3 Blocked actors, 0 Stopped actors, and 4 active threads.
Waiting for actors to stop.
Sent output token with value 5.0
Next port to read input from is inputA
Called postfire()
Called prefire()
Called fire()
Checking for deadlock:
There are 2 Blocked actors, 0 Stopped actors, and 4 active threads.
Waiting for actors to stop.
Called postfire()
Called prefire()
Called fire()
Checking for deadlock:
There are 3 Blocked actors, 0 Stopped actors, and 4 active threads.
Waiting for actors to stop.
Read input token from inputA with value 6.0
Checking for deadlock:
There are 2 Blocked actors, 0 Stopped actors, and 4 active threads.
Waiting for actors to stop.
Called prefire()
Called fire()
Past the end of training data. Read and discard all inputs.
Checking for deadlock:
There are 3 Blocked actors, 0 Stopped actors, and 4 active threads.
Waiting for actors to stop.
Sent output token with value 6.0
Next port to read input from is inputB
Called postfire()
Called prefire()
Called fire()
Checking for deadlock:
There are 2 Blocked actors, 0 Stopped actors, and 4 active threads.
Waiting for actors to stop.
Called postfire()
Called prefire()
Called fire()
Checking for deadlock:
There are 3 Blocked actors, 0 Stopped actors, and 4 active threads.
Waiting for actors to stop.
Read input token from inputB with value 7.5
Checking for deadlock:
There are 2 Blocked actors, 0 Stopped actors, and 4 active threads.
Waiting for actors to stop.
Called prefire()
Called fire()
Past the end of training data. Read and discard all inputs.
Checking for deadlock:
There are 3 Blocked actors, 0 Stopped actors, and 4 active threads.
Waiting for actors to stop.
Sent output token with value 6.0
Next port to read input from is inputA
Called postfire()
Called prefire()
Called fire()
Called postfire()
Called prefire()
Called fire()
Checking for deadlock:
There are 3 Blocked actors, 0 Stopped actors, and 4 active threads.
Waiting for actors to stop.
Read input token from inputA with value 7.0
Called prefire()
Called fire()
Past the end of training data. Read and discard all inputs.
Checking for deadlock:
There are 3 Blocked actors, 0 Stopped actors, and 4 active threads.
Waiting for actors to stop.
Sent output token with value 7.0
Next port to read input from is inputA
Called postfire()
Called prefire()
Called fire()
-- Thread wrapup() called.
Called wrapup()
Thread .top.Ramp is exiting.
-- Thread stopped.
Checking for deadlock:
There are 2 Blocked actors, 0 Stopped actors, and 3 active threads.
Waiting for actors to stop.
Read input token from inputA with value 8.0
Checking for deadlock:
There are 1 Blocked actors, 0 Stopped actors, and 3 active threads.
Waiting for actors to stop.
Called prefire()
Called fire()
Past the end of training data. Read and discard all inputs.
Checking for deadlock:
There are 2 Blocked actors, 0 Stopped actors, and 3 active threads.
Waiting for actors to stop.
Sent output token with value 7.5
Next port to read input from is inputB
Called postfire()
Called prefire()
Called fire()
Checking for deadlock:
There are 1 Blocked actors, 0 Stopped actors, and 3 active threads.
Waiting for actors to stop.
Called postfire()
Called prefire()
Called fire()
Checking for deadlock:
There are 2 Blocked actors, 0 Stopped actors, and 3 active threads.
Waiting for actors to stop.
Read input token from inputB with value 9.0
Checking for deadlock:
There are 1 Blocked actors, 0 Stopped actors, and 3 active threads.
Waiting for actors to stop.
Called prefire()
Called fire()
Past the end of training data. Read and discard all inputs.
Checking for deadlock:
There are 2 Blocked actors, 0 Stopped actors, and 3 active threads.
Waiting for actors to stop.
Sent output token with value 8.0
Next port to read input from is inputA
Called postfire()
Called prefire()
Called fire()
Read input token from inputA with value 9.0
Called prefire()
Called fire()
Past the end of training data. Read and discard all inputs.
Checking for deadlock:
There are 2 Blocked actors, 0 Stopped actors, and 3 active threads.
Waiting for actors to stop.
Sent output token with value 9.0
Next port to read input from is inputB
Called postfire()
Called prefire()
Called fire()
Called postfire()
Called prefire()
Called fire()
Checking for deadlock:
There are 2 Blocked actors, 0 Stopped actors, and 3 active threads.
Waiting for actors to stop.
Read input token from inputB with value 10.5
Called prefire()
Called fire()
Past the end of training data. Read and discard all inputs.
Checking for deadlock:
There are 2 Blocked actors, 0 Stopped actors, and 3 active threads.
Waiting for actors to stop.
Sent output token with value 9.0
Next port to read input from is inputA
Called postfire()
Called prefire()
Called fire()
Checking for deadlock:
There are 3 Blocked actors, 0 Stopped actors, and 3 active threads.
Actors have stopped.
Checking for deadlock:
There are 3 Blocked actors, 0 Stopped actors, and 3 active threads.
Deadlock detected.
Resolving Deadlock
Checking for deadlock:
There are 3 Blocked actors, 0 Stopped actors, and 3 active threads.
Artificial Deadlock - increasing queue capacity.
increasing the capacity of receiver ptolemy.actor.TypedIOPort {.top.OrderedMerge.inputB} to 2
Director: Called postfire().
Called postfire().
_stopRequested = false
_stopFireRequested = false
Returning from postfire(): true
Called fire().
Checking for deadlock:
There are 2 Blocked actors, 0 Stopped actors, and 3 active threads.
Waiting for actors to stop.
-- Thread wrapup() called.
Called wrapup()
Thread .top.Ramp2 is exiting.
-- Thread stopped.
Checking for deadlock:
There are 2 Blocked actors, 0 Stopped actors, and 2 active threads.
Actors have stopped.
Checking for deadlock:
There are 2 Blocked actors, 0 Stopped actors, and 2 active threads.
Deadlock detected.
Resolving Deadlock
Checking for deadlock:
There are 2 Blocked actors, 0 Stopped actors, and 2 active threads.
Deadlock detected: no processes blocked on write, but some are blocked on read.
Called postfire().
_stopRequested = false
_stopFireRequested = false
Returning from postfire(): false
Finished deactivating branches.
Called wrapup().
-- Thread wrapup() called.
Called wrapup()
-- Thread wrapup() called.
Called wrapup()
Thread .top.Test is exiting.
-- Thread stopped.
-- Blocked Receiver call threw TerminateProcessException.
Thread .top.OrderedMerge is exiting.
-- Thread stopped.
-- Blocked Receiver call threw TerminateProcessException.
28 ms. Memory: 129024K Free: 101477K (79%)
/home/travis/build/icyphy/ptII/ptolemy/actor/lib/test/Publisher.tcl
17 ms. Memory: 129024K Free: 95327K (74%)
13 ms. Memory: 129024K Free: 107925K (84%)
3 ms. Memory: 129024K Free: 104357K (81%)
3 ms. Memory: 129024K Free: 103333K (80%)
4 ms. Memory: 129024K Free: 102309K (79%)
7 ms. Memory: 129024K Free: 101285K (79%)
2 ms. Memory: 129024K Free: 100757K (78%)
9 ms. Memory: 129024K Free: 99747K (77%)
19 ms. Memory: 129024K Free: 90021K (70%)
3 ms. Memory: 129024K Free: 85925K (67%)
2 ms. Memory: 129024K Free: 85381K (66%)
3 ms. Memory: 129024K Free: 83363K (65%)
4 ms. Memory: 129024K Free: 75685K (59%)
13 ms. Memory: 129024K Free: 65955K (51%)
5 ms. Memory: 129024K Free: 54691K (42%)
/home/travis/build/icyphy/ptII/ptolemy/actor/lib/test/Pulse.tcl
2 ms. Memory: 129024K Free: 79117K (61%)
2 ms. Memory: 129024K Free: 78589K (61%)
1 ms. Memory: 129024K Free: 78093K (61%)
3 ms. Memory: 129024K Free: 77573K (60%)
1 ms. Memory: 129024K Free: 77069K (60%)
6 ms. Memory: 129024K Free: 76045K (59%)
6 ms. Memory: 129024K Free: 75021K (58%)
4 ms. Memory: 129024K Free: 73997K (57%)
2 ms. Memory: 129024K Free: 73477K (57%)
/home/travis/build/icyphy/ptII/ptolemy/actor/lib/test/Ramp.tcl
5 ms. Memory: 129024K Free: 71421K (55%)
3 ms. Memory: 129024K Free: 70925K (55%)
3 ms. Memory: 129024K Free: 69901K (54%)
1 ms. Memory: 129024K Free: 69373K (54%)
5 ms. Memory: 129024K Free: 68363K (53%)
7 ms. Memory: 129024K Free: 67339K (52%)
5 ms. Memory: 129024K Free: 66829K (52%)
5 actors
5000 microseconds per iteration to create
8 ms. Memory: 129024K Free: 63757K (49%)
6 ms. Memory: 129024K Free: 63229K (49%)
2 ms. Memory: 129024K Free: 62733K (49%)
1 ms. Memory: 129024K Free: 62205K (48%)
50 actors
43000 microseconds per iteration to create
52 ms. Memory: 156672K Free: 137216K (88%)
4 ms. Memory: 156672K Free: 136194K (87%)
12 ms. Memory: 156672K Free: 135170K (86%)
13 ms. Memory: 156672K Free: 134146K (86%)
500 actors
1288000 microseconds per iteration to create
221 ms. Memory: 156672K Free: 129768K (83%)
29 ms. Memory: 156672K Free: 124648K (80%)
28 ms. Memory: 156672K Free: 119528K (76%)
28 ms. Memory: 156672K Free: 114408K (73%)
/home/travis/build/icyphy/ptII/ptolemy/actor/lib/test/RampContinuous.tcl
6 ms. Memory: 156672K Free: 112855K (72%)
/home/travis/build/icyphy/ptII/ptolemy/actor/lib/test/RecordAssembler.tcl
4 ms. Memory: 156672K Free: 111336K (71%)
2 ms. Memory: 156672K Free: 110312K (70%)
/home/travis/build/icyphy/ptII/ptolemy/actor/lib/test/RecordDisassembler.tcl
13 ms. Memory: 156672K Free: 108264K (69%)
4 ms. Memory: 156672K Free: 107735K (69%)
3 ms. Memory: 156672K Free: 106711K (68%)
/home/travis/build/icyphy/ptII/ptolemy/actor/lib/test/Scale.tcl
3 ms. Memory: 156672K Free: 104678K (67%)
1 ms. Memory: 156672K Free: 104168K (66%)
1 ms. Memory: 156672K Free: 103144K (66%)
7 ms. Memory: 156672K Free: 102120K (65%)
2 ms. Memory: 156672K Free: 101606K (65%)
/home/travis/build/icyphy/ptII/ptolemy/actor/lib/test/SequentialClock.tcl
preinitializing
resolving types
initializing
executing number 1
wrapping up
idle
2 ms. Memory: 156672K Free: 100072K (64%)
Completed execution with 5 iterations
preinitializing
resolving types
initializing
executing number 1
wrapping up
idle
2 ms. Memory: 156672K Free: 99543K (64%)
Completed execution with 5 iterations
preinitializing
resolving types
initializing
executing number 1
wrapping up
idle
1 ms. Memory: 156672K Free: 99048K (63%)
Completed execution with 5 iterations
/home/travis/build/icyphy/ptII/ptolemy/actor/lib/test/SetVariable.tcl
4 ms. Memory: 156672K Free: 97503K (62%)
/home/travis/build/icyphy/ptII/ptolemy/actor/lib/test/Sinewave.tcl
/home/travis/build/icyphy/ptII/ptolemy/actor/lib/test/SubscriptionAggregator.tcl
4 ms. Memory: 156672K Free: 86215K (55%)
1 ms. Memory: 156672K Free: 85222K (54%)
0 ms. Memory: 156672K Free: 84712K (54%)
1 ms. Memory: 156672K Free: 84712K (54%)
2 ms. Memory: 156672K Free: 81126K (52%)
8 ms. Memory: 156672K Free: 78568K (50%)
...............................................................912 ms. Memory: 193536K Free: 64000K (33%)
/home/travis/build/icyphy/ptII/ptolemy/actor/lib/test/Test.tcl
 The next command will produce a warning about training mode,
   which may be ignored.
4 ms. Memory: 193536K Free: 61952K (32%)
2 ms. Memory: 193536K Free: 61438K (32%)
2 ms. Memory: 193536K Free: 60407K (31%)
1 ms. Memory: 193536K Free: 59904K (31%)
1 ms. Memory: 193536K Free: 59375K (31%)
3 ms. Memory: 193536K Free: 58366K (30%)
2 ms. Memory: 193536K Free: 56832K (29%)
 The next command will produce a warning about training mode,
   which may be ignored.
3 ms. Memory: 193536K Free: 54784K (28%)
 The next command will produce a warning about training mode,
   which may be ignored.
60 ms. Memory: 284672K Free: 238681K (84%)
1 ms. Memory: 284672K Free: 238186K (84%)
1 ms. Memory: 284672K Free: 237655K (83%)
3 ms. Memory: 284672K Free: 237162K (83%)
9 ms. Memory: 284672K Free: 236138K (83%)
5 ms. Memory: 284672K Free: 232552K (82%)
/home/travis/build/icyphy/ptII/ptolemy/actor/lib/test/TestExceptionHandler.tcl
 The next command will produce a warning about training mode,
   which may be ignored.
3 ms. Memory: 284672K Free: 231521K (81%)
1 ms. Memory: 284672K Free: 231001K (81%)
1 ms. Memory: 284672K Free: 229994K (81%)
/home/travis/build/icyphy/ptII/ptolemy/actor/lib/test/UnionDisassembler.tcl
24 ms. Memory: 284672K Free: 222826K (78%)
/home/travis/build/icyphy/ptII/ptolemy/actor/lib/test/VariableClock.tcl
preinitializing
resolving types
initializing
executing number 1
wrapping up
idle
10 ms. Memory: 284672K Free: 221257K (78%)
Completed execution with 11 iterations
preinitializing
resolving types
initializing
executing number 1
wrapping up
idle
3 ms. Memory: 284672K Free: 219754K (77%)
Completed execution with 10 iterations
10/13/20 11:58:24
Failed: 0  Total Tests: 233  ((Passed: 233, Newly Passed: 0)  Known Failed: 0) /home/travis/build/icyphy/ptII/ptolemy/actor/lib/test
----------------- testing (KnownFailure) /home/travis/build/icyphy/ptII/ptolemy/actor/lib/test/auto/knownFailedTests/PublisherPortToplevelSubscriber.xml
1 ms. Memory: 284672K Free: 216168K (76%)
Known Failure: java.lang.reflect.InvocationTargetException
----------------- testing (KnownFailure) /home/travis/build/icyphy/ptII/ptolemy/actor/lib/test/auto/knownFailedTests/PublisherSubscriberPortToplevel.xml
0 ms. Memory: 284672K Free: 212072K (74%)
Known Failure: java.lang.reflect.InvocationTargetException
----------------- testing (KnownFailure) /home/travis/build/icyphy/ptII/ptolemy/actor/lib/test/auto/knownFailedTests/PublisherSubscriptionAggregatorPort.xml
0 ms. Memory: 284672K Free: 207976K (73%)
Known Failure: java.lang.reflect.InvocationTargetException
----------------- testing (KnownFailure) /home/travis/build/icyphy/ptII/ptolemy/actor/lib/test/auto/knownFailedTests/sizedarray3.xml
11 ms. Memory: 284672K Free: 203880K (72%)
Known Failure: java.lang.reflect.InvocationTargetException
No auto/linux-amd64/*.xml tests in /home/travis/build/icyphy/ptII/ptolemy/actor/lib/test
AutoTests.java: About to close Vertx.
AutoTests.java: Vertx closed.

===========================================================================================
----------------- testing Tue Oct 13 11:58:24 UTC 2020 /home/travis/build/icyphy/ptII/ptolemy/actor/lib/test/auto/AbsoluteValue.xml
----------------- Instantiating /home/travis/build/icyphy/ptII/ptolemy/actor/lib/test/auto/AbsoluteValue.xml
5 ms. Memory: 284672K Free: 180842K (64%)
----------------- Invoking toplevel() on ptolemy.moml.MoMLSimpleApplication@4c872a32
----------------- Done invoking toplevel() on ptolemy.moml.MoMLSimpleApplication@4c872a32
reloadAllAccessors: .AbsoluteValue

===========================================================================================
----------------- testing Tue Oct 13 11:58:24 UTC 2020 /home/travis/build/icyphy/ptII/ptolemy/actor/lib/test/auto/AbsoluteValue2.xml
----------------- Instantiating /home/travis/build/icyphy/ptII/ptolemy/actor/lib/test/auto/AbsoluteValue2.xml
4 ms. Memory: 284672K Free: 174184K (61%)
----------------- Invoking toplevel() on ptolemy.moml.MoMLSimpleApplication@29ffa34
----------------- Done invoking toplevel() on ptolemy.moml.MoMLSimpleApplication@29ffa34
reloadAllAccessors: .AbsoluteValue2

===========================================================================================
----------------- testing Tue Oct 13 11:58:24 UTC 2020 /home/travis/build/icyphy/ptII/ptolemy/actor/lib/test/auto/Accumulator.xml
----------------- Instantiating /home/travis/build/icyphy/ptII/ptolemy/actor/lib/test/auto/Accumulator.xml
5 ms. Memory: 284672K Free: 167530K (59%)
----------------- Invoking toplevel() on ptolemy.moml.MoMLSimpleApplication@1c6c00a4
----------------- Done invoking toplevel() on ptolemy.moml.MoMLSimpleApplication@1c6c00a4
reloadAllAccessors: .Accumulator

===========================================================================================
----------------- testing Tue Oct 13 11:58:25 UTC 2020 /home/travis/build/icyphy/ptII/ptolemy/actor/lib/test/auto/Accumulator2.xml
----------------- Instantiating /home/travis/build/icyphy/ptII/ptolemy/actor/lib/test/auto/Accumulator2.xml
3 ms. Memory: 284672K Free: 162410K (57%)
----------------- Invoking toplevel() on ptolemy.moml.MoMLSimpleApplication@4b374c55
----------------- Done invoking toplevel() on ptolemy.moml.MoMLSimpleApplication@4b374c55
reloadAllAccessors: .Accumulator2

===========================================================================================
----------------- testing Tue Oct 13 11:58:25 UTC 2020 /home/travis/build/icyphy/ptII/ptolemy/actor/lib/test/auto/Accumulator3.xml
----------------- Instantiating /home/travis/build/icyphy/ptII/ptolemy/actor/lib/test/auto/Accumulator3.xml
5 ms. Memory: 284672K Free: 158314K (56%)
----------------- Invoking toplevel() on ptolemy.moml.MoMLSimpleApplication@240aeb8f
----------------- Done invoking toplevel() on ptolemy.moml.MoMLSimpleApplication@240aeb8f
reloadAllAccessors: .Accumulator3

===========================================================================================
----------------- testing Tue Oct 13 11:58:25 UTC 2020 /home/travis/build/icyphy/ptII/ptolemy/actor/lib/test/auto/ArrayAppend.xml
----------------- Instantiating /home/travis/build/icyphy/ptII/ptolemy/actor/lib/test/auto/ArrayAppend.xml
5 ms. Memory: 284672K Free: 151641K (53%)
----------------- Invoking toplevel() on ptolemy.moml.MoMLSimpleApplication@5d777fce
----------------- Done invoking toplevel() on ptolemy.moml.MoMLSimpleApplication@5d777fce
reloadAllAccessors: .ArrayAppend

===========================================================================================
----------------- testing Tue Oct 13 11:58:25 UTC 2020 /home/travis/build/icyphy/ptII/ptolemy/actor/lib/test/auto/ArrayAppend2.xml
----------------- Instantiating /home/travis/build/icyphy/ptII/ptolemy/actor/lib/test/auto/ArrayAppend2.xml
340 ms. Memory: 284672K Free: 200277K (70%)
----------------- Invoking toplevel() on ptolemy.moml.MoMLSimpleApplication@20093679
----------------- Done invoking toplevel() on ptolemy.moml.MoMLSimpleApplication@20093679
reloadAllAccessors: .ArrayAppend2

===========================================================================================
----------------- testing Tue Oct 13 11:58:25 UTC 2020 /home/travis/build/icyphy/ptII/ptolemy/actor/lib/test/auto/ArrayAppend3.xml
----------------- Instantiating /home/travis/build/icyphy/ptII/ptolemy/actor/lib/test/auto/ArrayAppend3.xml
4 ms. Memory: 284672K Free: 194133K (68%)
----------------- Invoking toplevel() on ptolemy.moml.MoMLSimpleApplication@7639234c
----------------- Done invoking toplevel() on ptolemy.moml.MoMLSimpleApplication@7639234c
reloadAllAccessors: .ArrayAppend3

===========================================================================================
----------------- testing Tue Oct 13 11:58:25 UTC 2020 /home/travis/build/icyphy/ptII/ptolemy/actor/lib/test/auto/ArrayAppend4.xml
----------------- Instantiating /home/travis/build/icyphy/ptII/ptolemy/actor/lib/test/auto/ArrayAppend4.xml
2 ms. Memory: 284672K Free: 189013K (66%)
----------------- Invoking toplevel() on ptolemy.moml.MoMLSimpleApplication@450b42cf
----------------- Done invoking toplevel() on ptolemy.moml.MoMLSimpleApplication@450b42cf
reloadAllAccessors: .ArrayAppend4

===========================================================================================
----------------- testing Tue Oct 13 11:58:25 UTC 2020 /home/travis/build/icyphy/ptII/ptolemy/actor/lib/test/auto/ArrayAppend5.xml
----------------- Instantiating /home/travis/build/icyphy/ptII/ptolemy/actor/lib/test/auto/ArrayAppend5.xml
3 ms. Memory: 284672K Free: 183893K (65%)
----------------- Invoking toplevel() on ptolemy.moml.MoMLSimpleApplication@433377e5
----------------- Done invoking toplevel() on ptolemy.moml.MoMLSimpleApplication@433377e5
reloadAllAccessors: .ArrayAppend5

===========================================================================================
----------------- testing Tue Oct 13 11:58:25 UTC 2020 /home/travis/build/icyphy/ptII/ptolemy/actor/lib/test/auto/ArrayAppend6.xml
----------------- Instantiating /home/travis/build/icyphy/ptII/ptolemy/actor/lib/test/auto/ArrayAppend6.xml
3 ms. Memory: 284672K Free: 178259K (63%)
----------------- Invoking toplevel() on ptolemy.moml.MoMLSimpleApplication@14260185
----------------- Done invoking toplevel() on ptolemy.moml.MoMLSimpleApplication@14260185
reloadAllAccessors: .ArrayAppend6

===========================================================================================
----------------- testing Tue Oct 13 11:58:25 UTC 2020 /home/travis/build/icyphy/ptII/ptolemy/actor/lib/test/auto/ArrayAppendPerformanceTest.xml
----------------- Instantiating /home/travis/build/icyphy/ptII/ptolemy/actor/lib/test/auto/ArrayAppendPerformanceTest.xml
32 ms. Memory: 284672K Free: 167509K (59%)
----------------- Invoking toplevel() on ptolemy.moml.MoMLSimpleApplication@608b15c2
----------------- Done invoking toplevel() on ptolemy.moml.MoMLSimpleApplication@608b15c2
reloadAllAccessors: .ArrayAppendPerformanceTest

===========================================================================================
----------------- testing Tue Oct 13 11:58:25 UTC 2020 /home/travis/build/icyphy/ptII/ptolemy/actor/lib/test/auto/ArrayAppendWithEmptyInput.xml
----------------- Instantiating /home/travis/build/icyphy/ptII/ptolemy/actor/lib/test/auto/ArrayAppendWithEmptyInput.xml
12 ms. Memory: 284672K Free: 159317K (56%)
----------------- Invoking toplevel() on ptolemy.moml.MoMLSimpleApplication@77233ec0
----------------- Done invoking toplevel() on ptolemy.moml.MoMLSimpleApplication@77233ec0
reloadAllAccessors: .ArrayAppendWithEmptyInput

===========================================================================================
----------------- testing Tue Oct 13 11:58:25 UTC 2020 /home/travis/build/icyphy/ptII/ptolemy/actor/lib/test/auto/ArrayAverage.xml
----------------- Instantiating /home/travis/build/icyphy/ptII/ptolemy/actor/lib/test/auto/ArrayAverage.xml
4 ms. Memory: 284672K Free: 151635K (53%)
----------------- Invoking toplevel() on ptolemy.moml.MoMLSimpleApplication@7a36dca2
----------------- Done invoking toplevel() on ptolemy.moml.MoMLSimpleApplication@7a36dca2
reloadAllAccessors: .ArrayAverage

===========================================================================================
----------------- testing Tue Oct 13 11:58:25 UTC 2020 /home/travis/build/icyphy/ptII/ptolemy/actor/lib/test/auto/ArrayContains.xml
----------------- Instantiating /home/travis/build/icyphy/ptII/ptolemy/actor/lib/test/auto/ArrayContains.xml
2 ms. Memory: 284672K Free: 145491K (51%)
----------------- Invoking toplevel() on ptolemy.moml.MoMLSimpleApplication@2aafdd15
----------------- Done invoking toplevel() on ptolemy.moml.MoMLSimpleApplication@2aafdd15
reloadAllAccessors: .ArrayContains

===========================================================================================
----------------- testing Tue Oct 13 11:58:25 UTC 2020 /home/travis/build/icyphy/ptII/ptolemy/actor/lib/test/auto/ArrayElement.xml
----------------- Instantiating /home/travis/build/icyphy/ptII/ptolemy/actor/lib/test/auto/ArrayElement.xml
4 ms. Memory: 284672K Free: 140341K (49%)
----------------- Invoking toplevel() on ptolemy.moml.MoMLSimpleApplication@19f54317
----------------- Done invoking toplevel() on ptolemy.moml.MoMLSimpleApplication@19f54317
reloadAllAccessors: .ArrayElement

===========================================================================================
----------------- testing Tue Oct 13 11:58:25 UTC 2020 /home/travis/build/icyphy/ptII/ptolemy/actor/lib/test/auto/ArrayElementAsMatrix.xml
----------------- Instantiating /home/travis/build/icyphy/ptII/ptolemy/actor/lib/test/auto/ArrayElementAsMatrix.xml
19 ms. Memory: 284672K Free: 130131K (46%)
----------------- Invoking toplevel() on ptolemy.moml.MoMLSimpleApplication@38eea195
----------------- Done invoking toplevel() on ptolemy.moml.MoMLSimpleApplication@38eea195
reloadAllAccessors: .ArrayElementAsMatrix

===========================================================================================
----------------- testing Tue Oct 13 11:58:25 UTC 2020 /home/travis/build/icyphy/ptII/ptolemy/actor/lib/test/auto/ArrayElementI.xml
----------------- Instantiating /home/travis/build/icyphy/ptII/ptolemy/actor/lib/test/auto/ArrayElementI.xml
3 ms. Memory: 284672K Free: 124997K (44%)
----------------- Invoking toplevel() on ptolemy.moml.MoMLSimpleApplication@51c77c57
----------------- Done invoking toplevel() on ptolemy.moml.MoMLSimpleApplication@51c77c57
reloadAllAccessors: .ArrayElementI

===========================================================================================
----------------- testing Tue Oct 13 11:58:25 UTC 2020 /home/travis/build/icyphy/ptII/ptolemy/actor/lib/test/auto/ArrayExtract.xml
----------------- Instantiating /home/travis/build/icyphy/ptII/ptolemy/actor/lib/test/auto/ArrayExtract.xml
4 ms. Memory: 284672K Free: 116819K (41%)
----------------- Invoking toplevel() on ptolemy.moml.MoMLSimpleApplication@2694262
----------------- Done invoking toplevel() on ptolemy.moml.MoMLSimpleApplication@2694262
reloadAllAccessors: .ArrayExtract

===========================================================================================
----------------- testing Tue Oct 13 11:58:26 UTC 2020 /home/travis/build/icyphy/ptII/ptolemy/actor/lib/test/auto/ArrayExtract2.xml
----------------- Instantiating /home/travis/build/icyphy/ptII/ptolemy/actor/lib/test/auto/ArrayExtract2.xml
2 ms. Memory: 284672K Free: 111189K (39%)
----------------- Invoking toplevel() on ptolemy.moml.MoMLSimpleApplication@7d36b5a9
----------------- Done invoking toplevel() on ptolemy.moml.MoMLSimpleApplication@7d36b5a9
reloadAllAccessors: .ArrayExtract2

===========================================================================================
----------------- testing Tue Oct 13 11:58:26 UTC 2020 /home/travis/build/icyphy/ptII/ptolemy/actor/lib/test/auto/ArrayLength.xml
----------------- Instantiating /home/travis/build/icyphy/ptII/ptolemy/actor/lib/test/auto/ArrayLength.xml
1 ms. Memory: 284672K Free: 107603K (38%)
----------------- Invoking toplevel() on ptolemy.moml.MoMLSimpleApplication@1d937e4c
----------------- Done invoking toplevel() on ptolemy.moml.MoMLSimpleApplication@1d937e4c
reloadAllAccessors: .ArrayLength

===========================================================================================
----------------- testing Tue Oct 13 11:58:26 UTC 2020 /home/travis/build/icyphy/ptII/ptolemy/actor/lib/test/auto/ArrayLevelCrossing.xml
----------------- Instantiating /home/travis/build/icyphy/ptII/ptolemy/actor/lib/test/auto/ArrayLevelCrossing.xml
3 ms. Memory: 284672K Free: 98387K (35%)
----------------- Invoking toplevel() on ptolemy.moml.MoMLSimpleApplication@4475bc2
----------------- Done invoking toplevel() on ptolemy.moml.MoMLSimpleApplication@4475bc2
reloadAllAccessors: .ArrayLevelCrossing

===========================================================================================
----------------- testing Tue Oct 13 11:58:26 UTC 2020 /home/travis/build/icyphy/ptII/ptolemy/actor/lib/test/auto/ArrayLevelCrossing2.xml
----------------- Instantiating /home/travis/build/icyphy/ptII/ptolemy/actor/lib/test/auto/ArrayLevelCrossing2.xml
2 ms. Memory: 284672K Free: 91733K (32%)
----------------- Invoking toplevel() on ptolemy.moml.MoMLSimpleApplication@4f593e50
----------------- Done invoking toplevel() on ptolemy.moml.MoMLSimpleApplication@4f593e50
reloadAllAccessors: .ArrayLevelCrossing2

===========================================================================================
----------------- testing Tue Oct 13 11:58:26 UTC 2020 /home/travis/build/icyphy/ptII/ptolemy/actor/lib/test/auto/ArrayPeakSearch.xml
----------------- Instantiating /home/travis/build/icyphy/ptII/ptolemy/actor/lib/test/auto/ArrayPeakSearch.xml
7 ms. Memory: 284672K Free: 230032K (81%)
----------------- Invoking toplevel() on ptolemy.moml.MoMLSimpleApplication@14bb624e
----------------- Done invoking toplevel() on ptolemy.moml.MoMLSimpleApplication@14bb624e
reloadAllAccessors: .ArrayPeakSearch

===========================================================================================
----------------- testing Tue Oct 13 11:58:26 UTC 2020 /home/travis/build/icyphy/ptII/ptolemy/actor/lib/test/auto/ArrayPeakSearch2.xml
----------------- Instantiating /home/travis/build/icyphy/ptII/ptolemy/actor/lib/test/auto/ArrayPeakSearch2.xml
6 ms. Memory: 284672K Free: 219264K (77%)
----------------- Invoking toplevel() on ptolemy.moml.MoMLSimpleApplication@2dcfcbe0
----------------- Done invoking toplevel() on ptolemy.moml.MoMLSimpleApplication@2dcfcbe0
reloadAllAccessors: .ArrayPeakSearch2

===========================================================================================
----------------- testing Tue Oct 13 11:58:26 UTC 2020 /home/travis/build/icyphy/ptII/ptolemy/actor/lib/test/auto/ArrayPeakSearch3.xml
----------------- Instantiating /home/travis/build/icyphy/ptII/ptolemy/actor/lib/test/auto/ArrayPeakSearch3.xml
5 ms. Memory: 284672K Free: 210576K (74%)
----------------- Invoking toplevel() on ptolemy.moml.MoMLSimpleApplication@5cf78fc3
----------------- Done invoking toplevel() on ptolemy.moml.MoMLSimpleApplication@5cf78fc3
reloadAllAccessors: .ArrayPeakSearch3

===========================================================================================
----------------- testing Tue Oct 13 11:58:26 UTC 2020 /home/travis/build/icyphy/ptII/ptolemy/actor/lib/test/auto/ArrayRemoveElement.xml
----------------- Instantiating /home/travis/build/icyphy/ptII/ptolemy/actor/lib/test/auto/ArrayRemoveElement.xml
3 ms. Memory: 284672K Free: 202384K (71%)
----------------- Invoking toplevel() on ptolemy.moml.MoMLSimpleApplication@71bcac09
----------------- Done invoking toplevel() on ptolemy.moml.MoMLSimpleApplication@71bcac09
reloadAllAccessors: .ArrayRemoveElement

===========================================================================================
----------------- testing Tue Oct 13 11:58:26 UTC 2020 /home/travis/build/icyphy/ptII/ptolemy/actor/lib/test/auto/ArraySort.xml
----------------- Instantiating /home/travis/build/icyphy/ptII/ptolemy/actor/lib/test/auto/ArraySort.xml
6 ms. Memory: 284672K Free: 193678K (68%)
----------------- Invoking toplevel() on ptolemy.moml.MoMLSimpleApplication@1f7a5c2f
----------------- Done invoking toplevel() on ptolemy.moml.MoMLSimpleApplication@1f7a5c2f
reloadAllAccessors: .ArraySort

===========================================================================================
----------------- testing Tue Oct 13 11:58:26 UTC 2020 /home/travis/build/icyphy/ptII/ptolemy/actor/lib/test/auto/ArraySum.xml
----------------- Instantiating /home/travis/build/icyphy/ptII/ptolemy/actor/lib/test/auto/ArraySum.xml
5 ms. Memory: 284672K Free: 188048K (66%)
----------------- Invoking toplevel() on ptolemy.moml.MoMLSimpleApplication@11b51ae8
----------------- Done invoking toplevel() on ptolemy.moml.MoMLSimpleApplication@11b51ae8
reloadAllAccessors: .ArraySum

===========================================================================================
----------------- testing Tue Oct 13 11:58:26 UTC 2020 /home/travis/build/icyphy/ptII/ptolemy/actor/lib/test/auto/ArrayToElements.xml
----------------- Instantiating /home/travis/build/icyphy/ptII/ptolemy/actor/lib/test/auto/ArrayToElements.xml
6 ms. Memory: 284672K Free: 182928K (64%)
----------------- Invoking toplevel() on ptolemy.moml.MoMLSimpleApplication@29e3114e
----------------- Done invoking toplevel() on ptolemy.moml.MoMLSimpleApplication@29e3114e
reloadAllAccessors: .ArrayToElements

===========================================================================================
----------------- testing Tue Oct 13 11:58:26 UTC 2020 /home/travis/build/icyphy/ptII/ptolemy/actor/lib/test/auto/ArrayToMatrix.xml
----------------- Instantiating /home/travis/build/icyphy/ptII/ptolemy/actor/lib/test/auto/ArrayToMatrix.xml
20 ms. Memory: 284672K Free: 168592K (59%)
----------------- Invoking toplevel() on ptolemy.moml.MoMLSimpleApplication@53f4e4c
----------------- Done invoking toplevel() on ptolemy.moml.MoMLSimpleApplication@53f4e4c
reloadAllAccessors: .ArrayToMatrix

===========================================================================================
----------------- testing Tue Oct 13 11:58:26 UTC 2020 /home/travis/build/icyphy/ptII/ptolemy/actor/lib/test/auto/ArrayUpdate1.xml
----------------- Instantiating /home/travis/build/icyphy/ptII/ptolemy/actor/lib/test/auto/ArrayUpdate1.xml
5 ms. Memory: 284672K Free: 163982K (58%)
----------------- Invoking toplevel() on ptolemy.moml.MoMLSimpleApplication@592d726
----------------- Done invoking toplevel() on ptolemy.moml.MoMLSimpleApplication@592d726
reloadAllAccessors: .ArrayUpdate1

===========================================================================================
----------------- testing Tue Oct 13 11:58:26 UTC 2020 /home/travis/build/icyphy/ptII/ptolemy/actor/lib/test/auto/ArrayUpdate2.xml
----------------- Instantiating /home/travis/build/icyphy/ptII/ptolemy/actor/lib/test/auto/ArrayUpdate2.xml
7 ms. Memory: 284672K Free: 157328K (55%)
----------------- Invoking toplevel() on ptolemy.moml.MoMLSimpleApplication@6d506070
----------------- Done invoking toplevel() on ptolemy.moml.MoMLSimpleApplication@6d506070
reloadAllAccessors: .ArrayUpdate2

===========================================================================================
----------------- testing Tue Oct 13 11:58:26 UTC 2020 /home/travis/build/icyphy/ptII/ptolemy/actor/lib/test/auto/ArrayUpdate3.xml
----------------- Instantiating /home/travis/build/icyphy/ptII/ptolemy/actor/lib/test/auto/ArrayUpdate3.xml
4 ms. Memory: 284672K Free: 152718K (54%)
----------------- Invoking toplevel() on ptolemy.moml.MoMLSimpleApplication@1062a3ac
----------------- Done invoking toplevel() on ptolemy.moml.MoMLSimpleApplication@1062a3ac
reloadAllAccessors: .ArrayUpdate3

===========================================================================================
----------------- testing Tue Oct 13 11:58:26 UTC 2020 /home/travis/build/icyphy/ptII/ptolemy/actor/lib/test/auto/Assert1.xml
----------------- Instantiating /home/travis/build/icyphy/ptII/ptolemy/actor/lib/test/auto/Assert1.xml
5 ms. Memory: 284672K Free: 148112K (52%)
----------------- Invoking toplevel() on ptolemy.moml.MoMLSimpleApplication@664ddddd
----------------- Done invoking toplevel() on ptolemy.moml.MoMLSimpleApplication@664ddddd
reloadAllAccessors: .Assert1

===========================================================================================
----------------- testing Tue Oct 13 11:58:26 UTC 2020 /home/travis/build/icyphy/ptII/ptolemy/actor/lib/test/auto/Assert2.xml
----------------- Instantiating /home/travis/build/icyphy/ptII/ptolemy/actor/lib/test/auto/Assert2.xml
2 ms. Memory: 284672K Free: 143502K (50%)
----------------- Invoking toplevel() on ptolemy.moml.MoMLSimpleApplication@50374850
----------------- Done invoking toplevel() on ptolemy.moml.MoMLSimpleApplication@50374850
reloadAllAccessors: .Assert2

===========================================================================================
----------------- testing Tue Oct 13 11:58:26 UTC 2020 /home/travis/build/icyphy/ptII/ptolemy/actor/lib/test/auto/BooleanMultiplexor.xml
----------------- Instantiating /home/travis/build/icyphy/ptII/ptolemy/actor/lib/test/auto/BooleanMultiplexor.xml
2 ms. Memory: 284672K Free: 137872K (48%)
----------------- Invoking toplevel() on ptolemy.moml.MoMLSimpleApplication@255473a5
----------------- Done invoking toplevel() on ptolemy.moml.MoMLSimpleApplication@255473a5
reloadAllAccessors: .BooleanMultiplexor

===========================================================================================
----------------- testing Tue Oct 13 11:58:26 UTC 2020 /home/travis/build/icyphy/ptII/ptolemy/actor/lib/test/auto/BooleanMultiplexor2.xml
----------------- Instantiating /home/travis/build/icyphy/ptII/ptolemy/actor/lib/test/auto/BooleanMultiplexor2.xml
11 ms. Memory: 284672K Free: 131728K (46%)
----------------- Invoking toplevel() on ptolemy.moml.MoMLSimpleApplication@15a43efb
----------------- Done invoking toplevel() on ptolemy.moml.MoMLSimpleApplication@15a43efb
reloadAllAccessors: .BooleanMultiplexor2

===========================================================================================
----------------- testing Tue Oct 13 11:58:26 UTC 2020 /home/travis/build/icyphy/ptII/ptolemy/actor/lib/test/auto/BooleanMultiplexor3.xml
----------------- Instantiating /home/travis/build/icyphy/ptII/ptolemy/actor/lib/test/auto/BooleanMultiplexor3.xml
2 ms. Memory: 284672K Free: 127632K (45%)
----------------- Invoking toplevel() on ptolemy.moml.MoMLSimpleApplication@3cc3d758
----------------- Done invoking toplevel() on ptolemy.moml.MoMLSimpleApplication@3cc3d758
reloadAllAccessors: .BooleanMultiplexor3

===========================================================================================
----------------- testing Tue Oct 13 11:58:26 UTC 2020 /home/travis/build/icyphy/ptII/ptolemy/actor/lib/test/auto/BooleanSelect.xml
----------------- Instantiating /home/travis/build/icyphy/ptII/ptolemy/actor/lib/test/auto/BooleanSelect.xml
8 ms. Memory: 284672K Free: 121488K (43%)
----------------- Invoking toplevel() on ptolemy.moml.MoMLSimpleApplication@7def9f85
----------------- Done invoking toplevel() on ptolemy.moml.MoMLSimpleApplication@7def9f85
reloadAllAccessors: .BooleanSelect

===========================================================================================
----------------- testing Tue Oct 13 11:58:26 UTC 2020 /home/travis/build/icyphy/ptII/ptolemy/actor/lib/test/auto/BooleanSelect2.xml
----------------- Instantiating /home/travis/build/icyphy/ptII/ptolemy/actor/lib/test/auto/BooleanSelect2.xml
2 ms. Memory: 284672K Free: 116878K (41%)
----------------- Invoking toplevel() on ptolemy.moml.MoMLSimpleApplication@2b46738b
----------------- Done invoking toplevel() on ptolemy.moml.MoMLSimpleApplication@2b46738b
reloadAllAccessors: .BooleanSelect2

===========================================================================================
----------------- testing Tue Oct 13 11:58:26 UTC 2020 /home/travis/build/icyphy/ptII/ptolemy/actor/lib/test/auto/BooleanSwitch.xml
----------------- Instantiating /home/travis/build/icyphy/ptII/ptolemy/actor/lib/test/auto/BooleanSwitch.xml
7 ms. Memory: 284672K Free: 110734K (39%)
----------------- Invoking toplevel() on ptolemy.moml.MoMLSimpleApplication@44910a99
----------------- Done invoking toplevel() on ptolemy.moml.MoMLSimpleApplication@44910a99
reloadAllAccessors: .BooleanSwitch

===========================================================================================
----------------- testing Tue Oct 13 11:58:26 UTC 2020 /home/travis/build/icyphy/ptII/ptolemy/actor/lib/test/auto/BooleanSwitch2.xml
----------------- Instantiating /home/travis/build/icyphy/ptII/ptolemy/actor/lib/test/auto/BooleanSwitch2.xml
2 ms. Memory: 284672K Free: 106128K (37%)
----------------- Invoking toplevel() on ptolemy.moml.MoMLSimpleApplication@24257364
----------------- Done invoking toplevel() on ptolemy.moml.MoMLSimpleApplication@24257364
reloadAllAccessors: .BooleanSwitch2

===========================================================================================
----------------- testing Tue Oct 13 11:58:26 UTC 2020 /home/travis/build/icyphy/ptII/ptolemy/actor/lib/test/auto/BooleanSwitchCloningBugWithClassRelationGroup.xml
----------------- Instantiating /home/travis/build/icyphy/ptII/ptolemy/actor/lib/test/auto/BooleanSwitchCloningBugWithClassRelationGroup.xml
4 ms. Memory: 284672K Free: 99984K (35%)
----------------- Invoking toplevel() on ptolemy.moml.MoMLSimpleApplication@2183c76c
----------------- Done invoking toplevel() on ptolemy.moml.MoMLSimpleApplication@2183c76c
reloadAllAccessors: .BooleanSwitchCloningBugWithClassRelationGroup

===========================================================================================
----------------- testing Tue Oct 13 11:58:26 UTC 2020 /home/travis/build/icyphy/ptII/ptolemy/actor/lib/test/auto/BusActors.xml
----------------- Instantiating /home/travis/build/icyphy/ptII/ptolemy/actor/lib/test/auto/BusActors.xml
4 ms. Memory: 284672K Free: 92302K (32%)
----------------- Invoking toplevel() on ptolemy.moml.MoMLSimpleApplication@3b9f70bc
----------------- Done invoking toplevel() on ptolemy.moml.MoMLSimpleApplication@3b9f70bc
reloadAllAccessors: .BusActors

===========================================================================================
----------------- testing Tue Oct 13 11:58:26 UTC 2020 /home/travis/build/icyphy/ptII/ptolemy/actor/lib/test/auto/ClassWrapper.xml
----------------- Instantiating /home/travis/build/icyphy/ptII/ptolemy/actor/lib/test/auto/ClassWrapper.xml
2 ms. Memory: 284672K Free: 87696K (31%)
----------------- Invoking toplevel() on ptolemy.moml.MoMLSimpleApplication@68970fc0
----------------- Done invoking toplevel() on ptolemy.moml.MoMLSimpleApplication@68970fc0
reloadAllAccessors: .ClassWrapper

===========================================================================================
----------------- testing Tue Oct 13 11:58:26 UTC 2020 /home/travis/build/icyphy/ptII/ptolemy/actor/lib/test/auto/Clock.xml
----------------- Instantiating /home/travis/build/icyphy/ptII/ptolemy/actor/lib/test/auto/Clock.xml
3 ms. Memory: 284672K Free: 84110K (30%)
----------------- Invoking toplevel() on ptolemy.moml.MoMLSimpleApplication@591253ea
----------------- Done invoking toplevel() on ptolemy.moml.MoMLSimpleApplication@591253ea
reloadAllAccessors: .Clock

===========================================================================================
----------------- testing Tue Oct 13 11:58:26 UTC 2020 /home/travis/build/icyphy/ptII/ptolemy/actor/lib/test/auto/Clock10.xml
----------------- Instantiating /home/travis/build/icyphy/ptII/ptolemy/actor/lib/test/auto/Clock10.xml
3 ms. Memory: 284672K Free: 77966K (27%)
----------------- Invoking toplevel() on ptolemy.moml.MoMLSimpleApplication@4295e7e6
----------------- Done invoking toplevel() on ptolemy.moml.MoMLSimpleApplication@4295e7e6
reloadAllAccessors: .Clock10

===========================================================================================
----------------- testing Tue Oct 13 11:58:26 UTC 2020 /home/travis/build/icyphy/ptII/ptolemy/actor/lib/test/auto/Clock11.xml
----------------- Instantiating /home/travis/build/icyphy/ptII/ptolemy/actor/lib/test/auto/Clock11.xml
2 ms. Memory: 284672K Free: 232474K (82%)
----------------- Invoking toplevel() on ptolemy.moml.MoMLSimpleApplication@2adc3a56
----------------- Done invoking toplevel() on ptolemy.moml.MoMLSimpleApplication@2adc3a56
reloadAllAccessors: .Clock11

===========================================================================================
----------------- testing Tue Oct 13 11:58:26 UTC 2020 /home/travis/build/icyphy/ptII/ptolemy/actor/lib/test/auto/Clock12.xml
----------------- Instantiating /home/travis/build/icyphy/ptII/ptolemy/actor/lib/test/auto/Clock12.xml
4 ms. Memory: 284672K Free: 226332K (80%)
----------------- Invoking toplevel() on ptolemy.moml.MoMLSimpleApplication@6f48e962
----------------- Done invoking toplevel() on ptolemy.moml.MoMLSimpleApplication@6f48e962
reloadAllAccessors: .Clock12

===========================================================================================
----------------- testing Tue Oct 13 11:58:26 UTC 2020 /home/travis/build/icyphy/ptII/ptolemy/actor/lib/test/auto/Clock13.xml
----------------- Instantiating /home/travis/build/icyphy/ptII/ptolemy/actor/lib/test/auto/Clock13.xml
3 ms. Memory: 284672K Free: 220188K (77%)
----------------- Invoking toplevel() on ptolemy.moml.MoMLSimpleApplication@2f41192e
----------------- Done invoking toplevel() on ptolemy.moml.MoMLSimpleApplication@2f41192e
reloadAllAccessors: .Clock13

===========================================================================================
----------------- testing Tue Oct 13 11:58:26 UTC 2020 /home/travis/build/icyphy/ptII/ptolemy/actor/lib/test/auto/Clock14.xml
----------------- Instantiating /home/travis/build/icyphy/ptII/ptolemy/actor/lib/test/auto/Clock14.xml
5 ms. Memory: 284672K Free: 214540K (75%)
----------------- Invoking toplevel() on ptolemy.moml.MoMLSimpleApplication@1dcda54b
----------------- Done invoking toplevel() on ptolemy.moml.MoMLSimpleApplication@1dcda54b
reloadAllAccessors: .Clock14

===========================================================================================
----------------- testing Tue Oct 13 11:58:26 UTC 2020 /home/travis/build/icyphy/ptII/ptolemy/actor/lib/test/auto/Clock15.xml
----------------- Instantiating /home/travis/build/icyphy/ptII/ptolemy/actor/lib/test/auto/Clock15.xml
5 ms. Memory: 284672K Free: 208396K (73%)
----------------- Invoking toplevel() on ptolemy.moml.MoMLSimpleApplication@759800bc
----------------- Done invoking toplevel() on ptolemy.moml.MoMLSimpleApplication@759800bc
reloadAllAccessors: .Clock15

===========================================================================================
----------------- testing Tue Oct 13 11:58:26 UTC 2020 /home/travis/build/icyphy/ptII/ptolemy/actor/lib/test/auto/Clock16.xml
----------------- Instantiating /home/travis/build/icyphy/ptII/ptolemy/actor/lib/test/auto/Clock16.xml
23 ms. Memory: 284672K Free: 194068K (68%)
----------------- Invoking toplevel() on ptolemy.moml.MoMLSimpleApplication@21058e41
----------------- Done invoking toplevel() on ptolemy.moml.MoMLSimpleApplication@21058e41
reloadAllAccessors: .Clock16

===========================================================================================
----------------- testing Tue Oct 13 11:58:27 UTC 2020 /home/travis/build/icyphy/ptII/ptolemy/actor/lib/test/auto/Clock17.xml
----------------- Instantiating /home/travis/build/icyphy/ptII/ptolemy/actor/lib/test/auto/Clock17.xml
24 ms. Memory: 284672K Free: 179724K (63%)
----------------- Invoking toplevel() on ptolemy.moml.MoMLSimpleApplication@1f769d91
----------------- Done invoking toplevel() on ptolemy.moml.MoMLSimpleApplication@1f769d91
reloadAllAccessors: .Clock17

===========================================================================================
----------------- testing Tue Oct 13 11:58:27 UTC 2020 /home/travis/build/icyphy/ptII/ptolemy/actor/lib/test/auto/Clock18.xml
----------------- Instantiating /home/travis/build/icyphy/ptII/ptolemy/actor/lib/test/auto/Clock18.xml
17 ms. Memory: 284672K Free: 166940K (59%)
----------------- Invoking toplevel() on ptolemy.moml.MoMLSimpleApplication@4397527
----------------- Done invoking toplevel() on ptolemy.moml.MoMLSimpleApplication@4397527
reloadAllAccessors: .Clock18

===========================================================================================
----------------- testing Tue Oct 13 11:58:27 UTC 2020 /home/travis/build/icyphy/ptII/ptolemy/actor/lib/test/auto/Clock19.xml
----------------- Instantiating /home/travis/build/icyphy/ptII/ptolemy/actor/lib/test/auto/Clock19.xml
13 ms. Memory: 284672K Free: 153628K (54%)
----------------- Invoking toplevel() on ptolemy.moml.MoMLSimpleApplication@6c989f1b
----------------- Done invoking toplevel() on ptolemy.moml.MoMLSimpleApplication@6c989f1b
reloadAllAccessors: .Clock19

===========================================================================================
----------------- testing Tue Oct 13 11:58:27 UTC 2020 /home/travis/build/icyphy/ptII/ptolemy/actor/lib/test/auto/Clock2.xml
----------------- Instantiating /home/travis/build/icyphy/ptII/ptolemy/actor/lib/test/auto/Clock2.xml
7 ms. Memory: 284672K Free: 149012K (52%)
----------------- Invoking toplevel() on ptolemy.moml.MoMLSimpleApplication@561497f1
----------------- Done invoking toplevel() on ptolemy.moml.MoMLSimpleApplication@561497f1
reloadAllAccessors: .Clock2

===========================================================================================
----------------- testing Tue Oct 13 11:58:27 UTC 2020 /home/travis/build/icyphy/ptII/ptolemy/actor/lib/test/auto/Clock20.xml
----------------- Instantiating /home/travis/build/icyphy/ptII/ptolemy/actor/lib/test/auto/Clock20.xml
9 ms. Memory: 284672K Free: 143898K (51%)
----------------- Invoking toplevel() on ptolemy.moml.MoMLSimpleApplication@4537f3ba
----------------- Done invoking toplevel() on ptolemy.moml.MoMLSimpleApplication@4537f3ba
reloadAllAccessors: .Clock20

===========================================================================================
----------------- testing Tue Oct 13 11:58:27 UTC 2020 /home/travis/build/icyphy/ptII/ptolemy/actor/lib/test/auto/Clock21.xml
----------------- Instantiating /home/travis/build/icyphy/ptII/ptolemy/actor/lib/test/auto/Clock21.xml
7 ms. Memory: 284672K Free: 138268K (49%)
----------------- Invoking toplevel() on ptolemy.moml.MoMLSimpleApplication@2ef21ad0
----------------- Done invoking toplevel() on ptolemy.moml.MoMLSimpleApplication@2ef21ad0
reloadAllAccessors: .Clock21

===========================================================================================
----------------- testing Tue Oct 13 11:58:27 UTC 2020 /home/travis/build/icyphy/ptII/ptolemy/actor/lib/test/auto/Clock22.xml
----------------- Instantiating /home/travis/build/icyphy/ptII/ptolemy/actor/lib/test/auto/Clock22.xml
5 ms. Memory: 284672K Free: 133148K (47%)
----------------- Invoking toplevel() on ptolemy.moml.MoMLSimpleApplication@aeb3664
----------------- Done invoking toplevel() on ptolemy.moml.MoMLSimpleApplication@aeb3664
reloadAllAccessors: .Clock22

===========================================================================================
----------------- testing Tue Oct 13 11:58:27 UTC 2020 /home/travis/build/icyphy/ptII/ptolemy/actor/lib/test/auto/Clock23.xml
----------------- Instantiating /home/travis/build/icyphy/ptII/ptolemy/actor/lib/test/auto/Clock23.xml
5 ms. Memory: 284672K Free: 127514K (45%)
----------------- Invoking toplevel() on ptolemy.moml.MoMLSimpleApplication@743c9d82
----------------- Done invoking toplevel() on ptolemy.moml.MoMLSimpleApplication@743c9d82
reloadAllAccessors: .Clock23

===========================================================================================
----------------- testing Tue Oct 13 11:58:27 UTC 2020 /home/travis/build/icyphy/ptII/ptolemy/actor/lib/test/auto/Clock24.xml
----------------- Instantiating /home/travis/build/icyphy/ptII/ptolemy/actor/lib/test/auto/Clock24.xml
4 ms. Memory: 284672K Free: 122394K (43%)
----------------- Invoking toplevel() on ptolemy.moml.MoMLSimpleApplication@205d3933
----------------- Done invoking toplevel() on ptolemy.moml.MoMLSimpleApplication@205d3933
reloadAllAccessors: .Clock24

===========================================================================================
----------------- testing Tue Oct 13 11:58:27 UTC 2020 /home/travis/build/icyphy/ptII/ptolemy/actor/lib/test/auto/Clock4.xml
----------------- Instantiating /home/travis/build/icyphy/ptII/ptolemy/actor/lib/test/auto/Clock4.xml
2 ms. Memory: 284672K Free: 117244K (41%)
----------------- Invoking toplevel() on ptolemy.moml.MoMLSimpleApplication@563fcea8
----------------- Done invoking toplevel() on ptolemy.moml.MoMLSimpleApplication@563fcea8
reloadAllAccessors: .Clock4

===========================================================================================
----------------- testing Tue Oct 13 11:58:27 UTC 2020 /home/travis/build/icyphy/ptII/ptolemy/actor/lib/test/auto/Clock5.xml
----------------- Instantiating /home/travis/build/icyphy/ptII/ptolemy/actor/lib/test/auto/Clock5.xml
1 ms. Memory: 284672K Free: 111644K (39%)
----------------- Invoking toplevel() on ptolemy.moml.MoMLSimpleApplication@1350d734
----------------- Done invoking toplevel() on ptolemy.moml.MoMLSimpleApplication@1350d734
reloadAllAccessors: .Clock5

===========================================================================================
----------------- testing Tue Oct 13 11:58:27 UTC 2020 /home/travis/build/icyphy/ptII/ptolemy/actor/lib/test/auto/Clock6.xml
----------------- Instantiating /home/travis/build/icyphy/ptII/ptolemy/actor/lib/test/auto/Clock6.xml
1 ms. Memory: 284672K Free: 108058K (38%)
----------------- Invoking toplevel() on ptolemy.moml.MoMLSimpleApplication@64b1c868
----------------- Done invoking toplevel() on ptolemy.moml.MoMLSimpleApplication@64b1c868
reloadAllAccessors: .Clock6

===========================================================================================
----------------- testing Tue Oct 13 11:58:27 UTC 2020 /home/travis/build/icyphy/ptII/ptolemy/actor/lib/test/auto/Clock7.xml
----------------- Instantiating /home/travis/build/icyphy/ptII/ptolemy/actor/lib/test/auto/Clock7.xml
2 ms. Memory: 284672K Free: 102938K (36%)
----------------- Invoking toplevel() on ptolemy.moml.MoMLSimpleApplication@5da63354
----------------- Done invoking toplevel() on ptolemy.moml.MoMLSimpleApplication@5da63354
reloadAllAccessors: .Clock7

===========================================================================================
----------------- testing Tue Oct 13 11:58:27 UTC 2020 /home/travis/build/icyphy/ptII/ptolemy/actor/lib/test/auto/Clock8.xml
----------------- Instantiating /home/travis/build/icyphy/ptII/ptolemy/actor/lib/test/auto/Clock8.xml
5 ms. Memory: 284672K Free: 97788K (34%)
----------------- Invoking toplevel() on ptolemy.moml.MoMLSimpleApplication@687224a6
----------------- Done invoking toplevel() on ptolemy.moml.MoMLSimpleApplication@687224a6
reloadAllAccessors: .Clock8

===========================================================================================
----------------- testing Tue Oct 13 11:58:27 UTC 2020 /home/travis/build/icyphy/ptII/ptolemy/actor/lib/test/auto/Clock9.xml
----------------- Instantiating /home/travis/build/icyphy/ptII/ptolemy/actor/lib/test/auto/Clock9.xml
5 ms. Memory: 284672K Free: 92188K (32%)
----------------- Invoking toplevel() on ptolemy.moml.MoMLSimpleApplication@5756c0f7
----------------- Done invoking toplevel() on ptolemy.moml.MoMLSimpleApplication@5756c0f7
reloadAllAccessors: .Clock9

===========================================================================================
----------------- testing Tue Oct 13 11:58:27 UTC 2020 /home/travis/build/icyphy/ptII/ptolemy/actor/lib/test/auto/CommDistDiscard.xml
----------------- Instantiating /home/travis/build/icyphy/ptII/ptolemy/actor/lib/test/auto/CommDistDiscard.xml
3 ms. Memory: 284672K Free: 86556K (30%)
----------------- Invoking toplevel() on ptolemy.moml.MoMLSimpleApplication@535a79db
----------------- Done invoking toplevel() on ptolemy.moml.MoMLSimpleApplication@535a79db
reloadAllAccessors: .CommDistDiscard

===========================================================================================
----------------- testing Tue Oct 13 11:58:27 UTC 2020 /home/travis/build/icyphy/ptII/ptolemy/actor/lib/test/auto/Commutator.xml
----------------- Instantiating /home/travis/build/icyphy/ptII/ptolemy/actor/lib/test/auto/Commutator.xml
2 ms. Memory: 284672K Free: 82458K (29%)
----------------- Invoking toplevel() on ptolemy.moml.MoMLSimpleApplication@f0bdb2b
----------------- Done invoking toplevel() on ptolemy.moml.MoMLSimpleApplication@f0bdb2b
reloadAllAccessors: .Commutator

===========================================================================================
----------------- testing Tue Oct 13 11:58:27 UTC 2020 /home/travis/build/icyphy/ptII/ptolemy/actor/lib/test/auto/Commutator2.xml
----------------- Instantiating /home/travis/build/icyphy/ptII/ptolemy/actor/lib/test/auto/Commutator2.xml
1 ms. Memory: 284672K Free: 77852K (27%)
----------------- Invoking toplevel() on ptolemy.moml.MoMLSimpleApplication@75e8a061
----------------- Done invoking toplevel() on ptolemy.moml.MoMLSimpleApplication@75e8a061
reloadAllAccessors: .Commutator2

===========================================================================================
----------------- testing Tue Oct 13 11:58:27 UTC 2020 /home/travis/build/icyphy/ptII/ptolemy/actor/lib/test/auto/Commutator3.xml
----------------- Instantiating /home/travis/build/icyphy/ptII/ptolemy/actor/lib/test/auto/Commutator3.xml
2 ms. Memory: 284672K Free: 73756K (26%)
----------------- Invoking toplevel() on ptolemy.moml.MoMLSimpleApplication@10f62ca1
----------------- Done invoking toplevel() on ptolemy.moml.MoMLSimpleApplication@10f62ca1
reloadAllAccessors: .Commutator3

===========================================================================================
----------------- testing Tue Oct 13 11:58:27 UTC 2020 /home/travis/build/icyphy/ptII/ptolemy/actor/lib/test/auto/Compare.xml
----------------- Instantiating /home/travis/build/icyphy/ptII/ptolemy/actor/lib/test/auto/Compare.xml
1 ms. Memory: 284672K Free: 234608K (82%)
----------------- Invoking toplevel() on ptolemy.moml.MoMLSimpleApplication@2f3e314d
----------------- Done invoking toplevel() on ptolemy.moml.MoMLSimpleApplication@2f3e314d
reloadAllAccessors: .Compare

===========================================================================================
----------------- testing Tue Oct 13 11:58:27 UTC 2020 /home/travis/build/icyphy/ptII/ptolemy/actor/lib/test/auto/CompareDE.xml
----------------- Instantiating /home/travis/build/icyphy/ptII/ptolemy/actor/lib/test/auto/CompareDE.xml
3 ms. Memory: 284672K Free: 227440K (80%)
----------------- Invoking toplevel() on ptolemy.moml.MoMLSimpleApplication@c86d099
----------------- Done invoking toplevel() on ptolemy.moml.MoMLSimpleApplication@c86d099
reloadAllAccessors: .CompareDE

===========================================================================================
----------------- testing Tue Oct 13 11:58:27 UTC 2020 /home/travis/build/icyphy/ptII/ptolemy/actor/lib/test/auto/ComplexDivide.xml
----------------- Instantiating /home/travis/build/icyphy/ptII/ptolemy/actor/lib/test/auto/ComplexDivide.xml
2 ms. Memory: 284672K Free: 223344K (78%)
----------------- Invoking toplevel() on ptolemy.moml.MoMLSimpleApplication@2c9bb464
----------------- Done invoking toplevel() on ptolemy.moml.MoMLSimpleApplication@2c9bb464
reloadAllAccessors: .ComplexDivide

===========================================================================================
----------------- testing Tue Oct 13 11:58:27 UTC 2020 /home/travis/build/icyphy/ptII/ptolemy/actor/lib/test/auto/ComputeHistogram.xml
----------------- Instantiating /home/travis/build/icyphy/ptII/ptolemy/actor/lib/test/auto/ComputeHistogram.xml
34 ms. Memory: 284672K Free: 211056K (74%)
----------------- Invoking toplevel() on ptolemy.moml.MoMLSimpleApplication@5db9cccd
----------------- Done invoking toplevel() on ptolemy.moml.MoMLSimpleApplication@5db9cccd
reloadAllAccessors: .ComputeHistogram

===========================================================================================
----------------- testing Tue Oct 13 11:58:27 UTC 2020 /home/travis/build/icyphy/ptII/ptolemy/actor/lib/test/auto/ConfigurationSelect.xml
----------------- Instantiating /home/travis/build/icyphy/ptII/ptolemy/actor/lib/test/auto/ConfigurationSelect.xml
13 ms. Memory: 284672K Free: 205416K (72%)
----------------- Invoking toplevel() on ptolemy.moml.MoMLSimpleApplication@74444613
----------------- Done invoking toplevel() on ptolemy.moml.MoMLSimpleApplication@74444613
reloadAllAccessors: .ConfigurationSelect

===========================================================================================
----------------- testing Tue Oct 13 11:58:27 UTC 2020 /home/travis/build/icyphy/ptII/ptolemy/actor/lib/test/auto/ConfigurationSelect2.xml
----------------- Instantiating /home/travis/build/icyphy/ptII/ptolemy/actor/lib/test/auto/ConfigurationSelect2.xml
1 ms. Memory: 284672K Free: 200816K (71%)
----------------- Invoking toplevel() on ptolemy.moml.MoMLSimpleApplication@67b1d339
----------------- Done invoking toplevel() on ptolemy.moml.MoMLSimpleApplication@67b1d339
reloadAllAccessors: .ConfigurationSelect2

===========================================================================================
----------------- testing Tue Oct 13 11:58:27 UTC 2020 /home/travis/build/icyphy/ptII/ptolemy/actor/lib/test/auto/ConfigurationSwitch.xml
----------------- Instantiating /home/travis/build/icyphy/ptII/ptolemy/actor/lib/test/auto/ConfigurationSwitch.xml
1 ms. Memory: 284672K Free: 195696K (69%)
----------------- Invoking toplevel() on ptolemy.moml.MoMLSimpleApplication@6b65516e
----------------- Done invoking toplevel() on ptolemy.moml.MoMLSimpleApplication@6b65516e
reloadAllAccessors: .ConfigurationSwitch

===========================================================================================
----------------- testing Tue Oct 13 11:58:27 UTC 2020 /home/travis/build/icyphy/ptII/ptolemy/actor/lib/test/auto/ConfigurationSwitch2.xml
----------------- Instantiating /home/travis/build/icyphy/ptII/ptolemy/actor/lib/test/auto/ConfigurationSwitch2.xml
3 ms. Memory: 284672K Free: 190062K (67%)
----------------- Invoking toplevel() on ptolemy.moml.MoMLSimpleApplication@39615018
----------------- Done invoking toplevel() on ptolemy.moml.MoMLSimpleApplication@39615018
reloadAllAccessors: .ConfigurationSwitch2

===========================================================================================
----------------- testing Tue Oct 13 11:58:27 UTC 2020 /home/travis/build/icyphy/ptII/ptolemy/actor/lib/test/auto/ConfigurationSwitchCloningBugWithClassRelationGroup.xml
----------------- Instantiating /home/travis/build/icyphy/ptII/ptolemy/actor/lib/test/auto/ConfigurationSwitchCloningBugWithClassRelationGroup.xml
1 ms. Memory: 284672K Free: 183918K (65%)
----------------- Invoking toplevel() on ptolemy.moml.MoMLSimpleApplication@5ba099c2
----------------- Done invoking toplevel() on ptolemy.moml.MoMLSimpleApplication@5ba099c2
reloadAllAccessors: .ConfigurationSwitchCloningBugWithClassRelationGroup

===========================================================================================
----------------- testing Tue Oct 13 11:58:27 UTC 2020 /home/travis/build/icyphy/ptII/ptolemy/actor/lib/test/auto/ConfigurationSwitchSelectSDF.xml
----------------- Instantiating /home/travis/build/icyphy/ptII/ptolemy/actor/lib/test/auto/ConfigurationSwitchSelectSDF.xml
4 ms. Memory: 284672K Free: 178288K (63%)
----------------- Invoking toplevel() on ptolemy.moml.MoMLSimpleApplication@4bf6d048
----------------- Done invoking toplevel() on ptolemy.moml.MoMLSimpleApplication@4bf6d048
reloadAllAccessors: .ConfigurationSwitchSelectSDF

===========================================================================================
----------------- testing Tue Oct 13 11:58:27 UTC 2020 /home/travis/build/icyphy/ptII/ptolemy/actor/lib/test/auto/ConfigurationSwitchSelectSDF2.xml
----------------- Instantiating /home/travis/build/icyphy/ptII/ptolemy/actor/lib/test/auto/ConfigurationSwitchSelectSDF2.xml
2 ms. Memory: 284672K Free: 171630K (60%)
----------------- Invoking toplevel() on ptolemy.moml.MoMLSimpleApplication@6f1aed39
----------------- Done invoking toplevel() on ptolemy.moml.MoMLSimpleApplication@6f1aed39
reloadAllAccessors: .ConfigurationSwitchSelectSDF2

===========================================================================================
----------------- testing Tue Oct 13 11:58:27 UTC 2020 /home/travis/build/icyphy/ptII/ptolemy/actor/lib/test/auto/Const.xml
----------------- Instantiating /home/travis/build/icyphy/ptII/ptolemy/actor/lib/test/auto/Const.xml
1 ms. Memory: 284672K Free: 168558K (59%)
----------------- Invoking toplevel() on ptolemy.moml.MoMLSimpleApplication@7fb8f92d
----------------- Done invoking toplevel() on ptolemy.moml.MoMLSimpleApplication@7fb8f92d
reloadAllAccessors: .Const

===========================================================================================
----------------- testing Tue Oct 13 11:58:27 UTC 2020 /home/travis/build/icyphy/ptII/ptolemy/actor/lib/test/auto/Const2.xml
----------------- Instantiating /home/travis/build/icyphy/ptII/ptolemy/actor/lib/test/auto/Const2.xml
1 ms. Memory: 284672K Free: 164462K (58%)
----------------- Invoking toplevel() on ptolemy.moml.MoMLSimpleApplication@ecbc8a0
----------------- Done invoking toplevel() on ptolemy.moml.MoMLSimpleApplication@ecbc8a0
reloadAllAccessors: .Const2

===========================================================================================
----------------- testing Tue Oct 13 11:58:27 UTC 2020 /home/travis/build/icyphy/ptII/ptolemy/actor/lib/test/auto/Const3.xml
----------------- Instantiating /home/travis/build/icyphy/ptII/ptolemy/actor/lib/test/auto/Const3.xml
1 ms. Memory: 284672K Free: 161390K (57%)
----------------- Invoking toplevel() on ptolemy.moml.MoMLSimpleApplication@941c72b
----------------- Done invoking toplevel() on ptolemy.moml.MoMLSimpleApplication@941c72b
reloadAllAccessors: .Const3

===========================================================================================
----------------- testing Tue Oct 13 11:58:27 UTC 2020 /home/travis/build/icyphy/ptII/ptolemy/actor/lib/test/auto/ConstantPublisherPort1.xml
----------------- Instantiating /home/travis/build/icyphy/ptII/ptolemy/actor/lib/test/auto/ConstantPublisherPort1.xml
6 ms. Memory: 284672K Free: 153198K (54%)
----------------- Invoking toplevel() on ptolemy.moml.MoMLSimpleApplication@2196e322
----------------- Done invoking toplevel() on ptolemy.moml.MoMLSimpleApplication@2196e322
reloadAllAccessors: .ConstantPublisherPort1

===========================================================================================
----------------- testing Tue Oct 13 11:58:27 UTC 2020 /home/travis/build/icyphy/ptII/ptolemy/actor/lib/test/auto/ConstantPublisherPort2.xml
----------------- Instantiating /home/travis/build/icyphy/ptII/ptolemy/actor/lib/test/auto/ConstantPublisherPort2.xml
8 ms. Memory: 284672K Free: 145520K (51%)
----------------- Invoking toplevel() on ptolemy.moml.MoMLSimpleApplication@6f4067b
----------------- Done invoking toplevel() on ptolemy.moml.MoMLSimpleApplication@6f4067b
reloadAllAccessors: .ConstantPublisherPort2

===========================================================================================
----------------- testing Tue Oct 13 11:58:27 UTC 2020 /home/travis/build/icyphy/ptII/ptolemy/actor/lib/test/auto/ConstantPublisherPort3.xml
----------------- Instantiating /home/travis/build/icyphy/ptII/ptolemy/actor/lib/test/auto/ConstantPublisherPort3.xml
4 ms. Memory: 284672K Free: 137838K (48%)
----------------- Invoking toplevel() on ptolemy.moml.MoMLSimpleApplication@4bcac99a
----------------- Done invoking toplevel() on ptolemy.moml.MoMLSimpleApplication@4bcac99a
reloadAllAccessors: .ConstantPublisherPort3

===========================================================================================
----------------- testing Tue Oct 13 11:58:27 UTC 2020 /home/travis/build/icyphy/ptII/ptolemy/actor/lib/test/auto/ConstantPublisherPort4.xml
----------------- Instantiating /home/travis/build/icyphy/ptII/ptolemy/actor/lib/test/auto/ConstantPublisherPort4.xml
2 ms. Memory: 284672K Free: 131184K (46%)
----------------- Invoking toplevel() on ptolemy.moml.MoMLSimpleApplication@653b1dbd
----------------- Done invoking toplevel() on ptolemy.moml.MoMLSimpleApplication@653b1dbd
reloadAllAccessors: .ConstantPublisherPort4

===========================================================================================
----------------- testing Tue Oct 13 11:58:27 UTC 2020 /home/travis/build/icyphy/ptII/ptolemy/actor/lib/test/auto/ConstantPublisherPort5.xml
----------------- Instantiating /home/travis/build/icyphy/ptII/ptolemy/actor/lib/test/auto/ConstantPublisherPort5.xml
27 ms. Memory: 284672K Free: 121454K (43%)
----------------- Invoking toplevel() on ptolemy.moml.MoMLSimpleApplication@62da4064
----------------- Done invoking toplevel() on ptolemy.moml.MoMLSimpleApplication@62da4064
reloadAllAccessors: .ConstantPublisherPort5

===========================================================================================
----------------- testing Tue Oct 13 11:58:28 UTC 2020 /home/travis/build/icyphy/ptII/ptolemy/actor/lib/test/auto/ConstantPublisherPort6.xml
----------------- Instantiating /home/travis/build/icyphy/ptII/ptolemy/actor/lib/test/auto/ConstantPublisherPort6.xml
15 ms. Memory: 284672K Free: 111728K (39%)
----------------- Invoking toplevel() on ptolemy.moml.MoMLSimpleApplication@43b505e4
----------------- Done invoking toplevel() on ptolemy.moml.MoMLSimpleApplication@43b505e4
reloadAllAccessors: .ConstantPublisherPort6

===========================================================================================
----------------- testing Tue Oct 13 11:58:28 UTC 2020 /home/travis/build/icyphy/ptII/ptolemy/actor/lib/test/auto/ConstantPublisherPort7.xml
----------------- Instantiating /home/travis/build/icyphy/ptII/ptolemy/actor/lib/test/auto/ConstantPublisherPort7.xml
10 ms. Memory: 284672K Free: 103022K (36%)
----------------- Invoking toplevel() on ptolemy.moml.MoMLSimpleApplication@46948978
----------------- Done invoking toplevel() on ptolemy.moml.MoMLSimpleApplication@46948978
reloadAllAccessors: .ConstantPublisherPort7

===========================================================================================
----------------- testing Tue Oct 13 11:58:28 UTC 2020 /home/travis/build/icyphy/ptII/ptolemy/actor/lib/test/auto/ConstraintMonitor1.xml
----------------- Instantiating /home/travis/build/icyphy/ptII/ptolemy/actor/lib/test/auto/ConstraintMonitor1.xml
3 ms. Memory: 284672K Free: 97902K (34%)
----------------- Invoking toplevel() on ptolemy.moml.MoMLSimpleApplication@5e44bf58
----------------- Done invoking toplevel() on ptolemy.moml.MoMLSimpleApplication@5e44bf58
reloadAllAccessors: .ConstraintMonitor1

===========================================================================================
----------------- testing Tue Oct 13 11:58:28 UTC 2020 /home/travis/build/icyphy/ptII/ptolemy/actor/lib/test/auto/ConstraintMonitor2.xml
----------------- Instantiating /home/travis/build/icyphy/ptII/ptolemy/actor/lib/test/auto/ConstraintMonitor2.xml
1 ms. Memory: 284672K Free: 93296K (33%)
----------------- Invoking toplevel() on ptolemy.moml.MoMLSimpleApplication@5ca332f8
----------------- Done invoking toplevel() on ptolemy.moml.MoMLSimpleApplication@5ca332f8
reloadAllAccessors: .ConstraintMonitor2

===========================================================================================
----------------- testing Tue Oct 13 11:58:28 UTC 2020 /home/travis/build/icyphy/ptII/ptolemy/actor/lib/test/auto/ConstraintMonitor3.xml
----------------- Instantiating /home/travis/build/icyphy/ptII/ptolemy/actor/lib/test/auto/ConstraintMonitor3.xml
4 ms. Memory: 284672K Free: 88686K (31%)
----------------- Invoking toplevel() on ptolemy.moml.MoMLSimpleApplication@7d1028dd
----------------- Done invoking toplevel() on ptolemy.moml.MoMLSimpleApplication@7d1028dd
reloadAllAccessors: .ConstraintMonitor3

===========================================================================================
----------------- testing Tue Oct 13 11:58:28 UTC 2020 /home/travis/build/icyphy/ptII/ptolemy/actor/lib/test/auto/ConstraintMonitor4.xml
----------------- Instantiating /home/travis/build/icyphy/ptII/ptolemy/actor/lib/test/auto/ConstraintMonitor4.xml
2 ms. Memory: 284672K Free: 83566K (29%)
----------------- Invoking toplevel() on ptolemy.moml.MoMLSimpleApplication@26369402
----------------- Done invoking toplevel() on ptolemy.moml.MoMLSimpleApplication@26369402
reloadAllAccessors: .ConstraintMonitor4

===========================================================================================
----------------- testing Tue Oct 13 11:58:28 UTC 2020 /home/travis/build/icyphy/ptII/ptolemy/actor/lib/test/auto/ConstraintMonitor5.xml
----------------- Instantiating /home/travis/build/icyphy/ptII/ptolemy/actor/lib/test/auto/ConstraintMonitor5.xml
7 ms. Memory: 284672K Free: 77936K (27%)
----------------- Invoking toplevel() on ptolemy.moml.MoMLSimpleApplication@c372e32
----------------- Done invoking toplevel() on ptolemy.moml.MoMLSimpleApplication@c372e32
reloadAllAccessors: .ConstraintMonitor5

===========================================================================================
----------------- testing Tue Oct 13 11:58:28 UTC 2020 /home/travis/build/icyphy/ptII/ptolemy/actor/lib/test/auto/ConstraintMonitor6.xml
----------------- Instantiating /home/travis/build/icyphy/ptII/ptolemy/actor/lib/test/auto/ConstraintMonitor6.xml
3 ms. Memory: 284672K Free: 72288K (25%)
----------------- Invoking toplevel() on ptolemy.moml.MoMLSimpleApplication@14ef6c65
----------------- Done invoking toplevel() on ptolemy.moml.MoMLSimpleApplication@14ef6c65
reloadAllAccessors: .ConstraintMonitor6

===========================================================================================
----------------- testing Tue Oct 13 11:58:28 UTC 2020 /home/travis/build/icyphy/ptII/ptolemy/actor/lib/test/auto/ConstraintMonitor7.xml
----------------- Instantiating /home/travis/build/icyphy/ptII/ptolemy/actor/lib/test/auto/ConstraintMonitor7.xml
5 ms. Memory: 284672K Free: 232764K (82%)
----------------- Invoking toplevel() on ptolemy.moml.MoMLSimpleApplication@ac89abd
----------------- Done invoking toplevel() on ptolemy.moml.MoMLSimpleApplication@ac89abd
reloadAllAccessors: .ConstraintMonitor7

===========================================================================================
----------------- testing Tue Oct 13 11:58:28 UTC 2020 /home/travis/build/icyphy/ptII/ptolemy/actor/lib/test/auto/ConstraintMonitor8.xml
----------------- Instantiating /home/travis/build/icyphy/ptII/ptolemy/actor/lib/test/auto/ConstraintMonitor8.xml
5 ms. Memory: 284672K Free: 225116K (79%)
----------------- Invoking toplevel() on ptolemy.moml.MoMLSimpleApplication@d74aad9
----------------- Done invoking toplevel() on ptolemy.moml.MoMLSimpleApplication@d74aad9
reloadAllAccessors: .ConstraintMonitor8

===========================================================================================
----------------- testing Tue Oct 13 11:58:28 UTC 2020 /home/travis/build/icyphy/ptII/ptolemy/actor/lib/test/auto/Counter.xml
----------------- Instantiating /home/travis/build/icyphy/ptII/ptolemy/actor/lib/test/auto/Counter.xml
2 ms. Memory: 284672K Free: 219996K (77%)
----------------- Invoking toplevel() on ptolemy.moml.MoMLSimpleApplication@2c40cd09
----------------- Done invoking toplevel() on ptolemy.moml.MoMLSimpleApplication@2c40cd09
reloadAllAccessors: .Counter

===========================================================================================
----------------- testing Tue Oct 13 11:58:28 UTC 2020 /home/travis/build/icyphy/ptII/ptolemy/actor/lib/test/auto/CurrentTimeSDF.xml
----------------- Instantiating /home/travis/build/icyphy/ptII/ptolemy/actor/lib/test/auto/CurrentTimeSDF.xml
1 ms. Memory: 284672K Free: 215900K (76%)
----------------- Invoking toplevel() on ptolemy.moml.MoMLSimpleApplication@1ff75301
----------------- Done invoking toplevel() on ptolemy.moml.MoMLSimpleApplication@1ff75301
reloadAllAccessors: .CurrentTimeSDF

===========================================================================================
----------------- testing Tue Oct 13 11:58:28 UTC 2020 /home/travis/build/icyphy/ptII/ptolemy/actor/lib/test/auto/DB.xml
----------------- Instantiating /home/travis/build/icyphy/ptII/ptolemy/actor/lib/test/auto/DB.xml
2 ms. Memory: 284672K Free: 211290K (74%)
----------------- Invoking toplevel() on ptolemy.moml.MoMLSimpleApplication@53a28661
----------------- Done invoking toplevel() on ptolemy.moml.MoMLSimpleApplication@53a28661
reloadAllAccessors: .DB

===========================================================================================
----------------- testing Tue Oct 13 11:58:28 UTC 2020 /home/travis/build/icyphy/ptII/ptolemy/actor/lib/test/auto/DBDE.xml
----------------- Instantiating /home/travis/build/icyphy/ptII/ptolemy/actor/lib/test/auto/DBDE.xml
2 ms. Memory: 284672K Free: 205116K (72%)
----------------- Invoking toplevel() on ptolemy.moml.MoMLSimpleApplication@5eb5d6ae
----------------- Done invoking toplevel() on ptolemy.moml.MoMLSimpleApplication@5eb5d6ae
reloadAllAccessors: .DBDE

===========================================================================================
----------------- testing Tue Oct 13 11:58:28 UTC 2020 /home/travis/build/icyphy/ptII/ptolemy/actor/lib/test/auto/DateConstructor.xml
----------------- Instantiating /home/travis/build/icyphy/ptII/ptolemy/actor/lib/test/auto/DateConstructor.xml
28 ms. Memory: 284672K Free: 187228K (66%)
----------------- Invoking toplevel() on ptolemy.moml.MoMLSimpleApplication@7457565c
----------------- Done invoking toplevel() on ptolemy.moml.MoMLSimpleApplication@7457565c
reloadAllAccessors: .DateConstructor

===========================================================================================
----------------- testing Tue Oct 13 11:58:28 UTC 2020 /home/travis/build/icyphy/ptII/ptolemy/actor/lib/test/auto/DelayTime.xml
----------------- Instantiating /home/travis/build/icyphy/ptII/ptolemy/actor/lib/test/auto/DelayTime.xml
6 ms. Memory: 284672K Free: 182618K (64%)
----------------- Invoking toplevel() on ptolemy.moml.MoMLSimpleApplication@5383ea4d
----------------- Done invoking toplevel() on ptolemy.moml.MoMLSimpleApplication@5383ea4d
reloadAllAccessors: .DelayTime

===========================================================================================
----------------- testing Tue Oct 13 11:58:28 UTC 2020 /home/travis/build/icyphy/ptII/ptolemy/actor/lib/test/auto/Dictionary1.xml
----------------- Instantiating /home/travis/build/icyphy/ptII/ptolemy/actor/lib/test/auto/Dictionary1.xml
1 ms. Memory: 284672K Free: 176988K (62%)
----------------- Invoking toplevel() on ptolemy.moml.MoMLSimpleApplication@408dbd46
----------------- Done invoking toplevel() on ptolemy.moml.MoMLSimpleApplication@408dbd46
reloadAllAccessors: .Dictionary1

===========================================================================================
----------------- testing Tue Oct 13 11:58:28 UTC 2020 /home/travis/build/icyphy/ptII/ptolemy/actor/lib/test/auto/Dictionary2.xml
----------------- Instantiating /home/travis/build/icyphy/ptII/ptolemy/actor/lib/test/auto/Dictionary2.xml
4 ms. Memory: 284672K Free: 171354K (60%)
----------------- Invoking toplevel() on ptolemy.moml.MoMLSimpleApplication@6b7801eb
----------------- Done invoking toplevel() on ptolemy.moml.MoMLSimpleApplication@6b7801eb
reloadAllAccessors: .Dictionary2

===========================================================================================
----------------- testing Tue Oct 13 11:58:28 UTC 2020 /home/travis/build/icyphy/ptII/ptolemy/actor/lib/test/auto/Dictionary3.xml
----------------- Instantiating /home/travis/build/icyphy/ptII/ptolemy/actor/lib/test/auto/Dictionary3.xml
2 ms. Memory: 284672K Free: 165724K (58%)
----------------- Invoking toplevel() on ptolemy.moml.MoMLSimpleApplication@23f927e
----------------- Done invoking toplevel() on ptolemy.moml.MoMLSimpleApplication@23f927e
reloadAllAccessors: .Dictionary3

===========================================================================================
----------------- testing Tue Oct 13 11:58:28 UTC 2020 /home/travis/build/icyphy/ptII/ptolemy/actor/lib/test/auto/Dictionary4.xml
----------------- Instantiating /home/travis/build/icyphy/ptII/ptolemy/actor/lib/test/auto/Dictionary4.xml
2 ms. Memory: 284672K Free: 159066K (56%)
----------------- Invoking toplevel() on ptolemy.moml.MoMLSimpleApplication@3bf0dd69
----------------- Done invoking toplevel() on ptolemy.moml.MoMLSimpleApplication@3bf0dd69
reloadAllAccessors: .Dictionary4

===========================================================================================
----------------- testing Tue Oct 13 11:58:28 UTC 2020 /home/travis/build/icyphy/ptII/ptolemy/actor/lib/test/auto/Differential.xml
----------------- Instantiating /home/travis/build/icyphy/ptII/ptolemy/actor/lib/test/auto/Differential.xml
2 ms. Memory: 284672K Free: 154460K (54%)
----------------- Invoking toplevel() on ptolemy.moml.MoMLSimpleApplication@1095874f
----------------- Done invoking toplevel() on ptolemy.moml.MoMLSimpleApplication@1095874f
reloadAllAccessors: .Differential

===========================================================================================
----------------- testing Tue Oct 13 11:58:28 UTC 2020 /home/travis/build/icyphy/ptII/ptolemy/actor/lib/test/auto/Director.xml
----------------- Instantiating /home/travis/build/icyphy/ptII/ptolemy/actor/lib/test/auto/Director.xml
3 ms. Memory: 284672K Free: 150874K (53%)
----------------- Invoking toplevel() on ptolemy.moml.MoMLSimpleApplication@dbd1051
----------------- Done invoking toplevel() on ptolemy.moml.MoMLSimpleApplication@dbd1051
reloadAllAccessors: .Director

===========================================================================================
----------------- testing Tue Oct 13 11:58:28 UTC 2020 /home/travis/build/icyphy/ptII/ptolemy/actor/lib/test/auto/DiscreteClock.xml
----------------- Instantiating /home/travis/build/icyphy/ptII/ptolemy/actor/lib/test/auto/DiscreteClock.xml
1 ms. Memory: 284672K Free: 147292K (52%)
----------------- Invoking toplevel() on ptolemy.moml.MoMLSimpleApplication@30442b1a
----------------- Done invoking toplevel() on ptolemy.moml.MoMLSimpleApplication@30442b1a
reloadAllAccessors: .DiscreteClock

===========================================================================================
----------------- testing Tue Oct 13 11:58:28 UTC 2020 /home/travis/build/icyphy/ptII/ptolemy/actor/lib/test/auto/DiscreteClock10.xml
----------------- Instantiating /home/travis/build/icyphy/ptII/ptolemy/actor/lib/test/auto/DiscreteClock10.xml
4 ms. Memory: 284672K Free: 141148K (50%)
----------------- Invoking toplevel() on ptolemy.moml.MoMLSimpleApplication@60347822
----------------- Done invoking toplevel() on ptolemy.moml.MoMLSimpleApplication@60347822
reloadAllAccessors: .DiscreteClock10

===========================================================================================
----------------- testing Tue Oct 13 11:58:28 UTC 2020 /home/travis/build/icyphy/ptII/ptolemy/actor/lib/test/auto/DiscreteClock11.xml
----------------- Instantiating /home/travis/build/icyphy/ptII/ptolemy/actor/lib/test/auto/DiscreteClock11.xml
2 ms. Memory: 284672K Free: 135004K (47%)
----------------- Invoking toplevel() on ptolemy.moml.MoMLSimpleApplication@39ad79d
----------------- Done invoking toplevel() on ptolemy.moml.MoMLSimpleApplication@39ad79d
reloadAllAccessors: .DiscreteClock11

===========================================================================================
----------------- testing Tue Oct 13 11:58:28 UTC 2020 /home/travis/build/icyphy/ptII/ptolemy/actor/lib/test/auto/DiscreteClock12.xml
----------------- Instantiating /home/travis/build/icyphy/ptII/ptolemy/actor/lib/test/auto/DiscreteClock12.xml
3 ms. Memory: 284672K Free: 128860K (45%)
----------------- Invoking toplevel() on ptolemy.moml.MoMLSimpleApplication@3efc2901
----------------- Done invoking toplevel() on ptolemy.moml.MoMLSimpleApplication@3efc2901
reloadAllAccessors: .DiscreteClock12

===========================================================================================
----------------- testing Tue Oct 13 11:58:28 UTC 2020 /home/travis/build/icyphy/ptII/ptolemy/actor/lib/test/auto/DiscreteClock13.xml
----------------- Instantiating /home/travis/build/icyphy/ptII/ptolemy/actor/lib/test/auto/DiscreteClock13.xml
4 ms. Memory: 284672K Free: 123220K (43%)
----------------- Invoking toplevel() on ptolemy.moml.MoMLSimpleApplication@20e6957f
----------------- Done invoking toplevel() on ptolemy.moml.MoMLSimpleApplication@20e6957f
reloadAllAccessors: .DiscreteClock13

===========================================================================================
----------------- testing Tue Oct 13 11:58:28 UTC 2020 /home/travis/build/icyphy/ptII/ptolemy/actor/lib/test/auto/DiscreteClock14.xml
----------------- Instantiating /home/travis/build/icyphy/ptII/ptolemy/actor/lib/test/auto/DiscreteClock14.xml
4 ms. Memory: 284672K Free: 117068K (41%)
----------------- Invoking toplevel() on ptolemy.moml.MoMLSimpleApplication@3b46cbc4
----------------- Done invoking toplevel() on ptolemy.moml.MoMLSimpleApplication@3b46cbc4
reloadAllAccessors: .DiscreteClock14

===========================================================================================
----------------- testing Tue Oct 13 11:58:28 UTC 2020 /home/travis/build/icyphy/ptII/ptolemy/actor/lib/test/auto/DiscreteClock15.xml
----------------- Instantiating /home/travis/build/icyphy/ptII/ptolemy/actor/lib/test/auto/DiscreteClock15.xml
4 ms. Memory: 284672K Free: 110924K (39%)
----------------- Invoking toplevel() on ptolemy.moml.MoMLSimpleApplication@7ccc3b72
----------------- Done invoking toplevel() on ptolemy.moml.MoMLSimpleApplication@7ccc3b72
reloadAllAccessors: .DiscreteClock15

===========================================================================================
----------------- testing Tue Oct 13 11:58:28 UTC 2020 /home/travis/build/icyphy/ptII/ptolemy/actor/lib/test/auto/DiscreteClock16.xml
----------------- Instantiating /home/travis/build/icyphy/ptII/ptolemy/actor/lib/test/auto/DiscreteClock16.xml
20 ms. Memory: 284672K Free: 97114K (34%)
----------------- Invoking toplevel() on ptolemy.moml.MoMLSimpleApplication@1c42d68a
----------------- Done invoking toplevel() on ptolemy.moml.MoMLSimpleApplication@1c42d68a
reloadAllAccessors: .DiscreteClock16

===========================================================================================
----------------- testing Tue Oct 13 11:58:28 UTC 2020 /home/travis/build/icyphy/ptII/ptolemy/actor/lib/test/auto/DiscreteClock17.xml
----------------- Instantiating /home/travis/build/icyphy/ptII/ptolemy/actor/lib/test/auto/DiscreteClock17.xml
15 ms. Memory: 284672K Free: 82780K (29%)
----------------- Invoking toplevel() on ptolemy.moml.MoMLSimpleApplication@1f57f6ca
----------------- Done invoking toplevel() on ptolemy.moml.MoMLSimpleApplication@1f57f6ca
reloadAllAccessors: .DiscreteClock17

===========================================================================================
----------------- testing Tue Oct 13 11:58:28 UTC 2020 /home/travis/build/icyphy/ptII/ptolemy/actor/lib/test/auto/DiscreteClock18.xml
----------------- Instantiating /home/travis/build/icyphy/ptII/ptolemy/actor/lib/test/auto/DiscreteClock18.xml
22 ms. Memory: 284672K Free: 69468K (24%)
----------------- Invoking toplevel() on ptolemy.moml.MoMLSimpleApplication@5bb285a2
----------------- Done invoking toplevel() on ptolemy.moml.MoMLSimpleApplication@5bb285a2
reloadAllAccessors: .DiscreteClock18

===========================================================================================
----------------- testing Tue Oct 13 11:58:28 UTC 2020 /home/travis/build/icyphy/ptII/ptolemy/actor/lib/test/auto/DiscreteClock19.xml
----------------- Instantiating /home/travis/build/icyphy/ptII/ptolemy/actor/lib/test/auto/DiscreteClock19.xml
18 ms. Memory: 284672K Free: 222452K (78%)
----------------- Invoking toplevel() on ptolemy.moml.MoMLSimpleApplication@41884c56
----------------- Done invoking toplevel() on ptolemy.moml.MoMLSimpleApplication@41884c56
reloadAllAccessors: .DiscreteClock19

===========================================================================================
----------------- testing Tue Oct 13 11:58:28 UTC 2020 /home/travis/build/icyphy/ptII/ptolemy/actor/lib/test/auto/DiscreteClock2.xml
----------------- Instantiating /home/travis/build/icyphy/ptII/ptolemy/actor/lib/test/auto/DiscreteClock2.xml
6 ms. Memory: 284672K Free: 217318K (76%)
----------------- Invoking toplevel() on ptolemy.moml.MoMLSimpleApplication@1210807f
----------------- Done invoking toplevel() on ptolemy.moml.MoMLSimpleApplication@1210807f
reloadAllAccessors: .DiscreteClock2

===========================================================================================
----------------- testing Tue Oct 13 11:58:28 UTC 2020 /home/travis/build/icyphy/ptII/ptolemy/actor/lib/test/auto/DiscreteClock20.xml
----------------- Instantiating /home/travis/build/icyphy/ptII/ptolemy/actor/lib/test/auto/DiscreteClock20.xml
6 ms. Memory: 284672K Free: 212212K (75%)
----------------- Invoking toplevel() on ptolemy.moml.MoMLSimpleApplication@7457746b
----------------- Done invoking toplevel() on ptolemy.moml.MoMLSimpleApplication@7457746b
reloadAllAccessors: .DiscreteClock20

===========================================================================================
----------------- testing Tue Oct 13 11:58:28 UTC 2020 /home/travis/build/icyphy/ptII/ptolemy/actor/lib/test/auto/DiscreteClock21.xml
----------------- Instantiating /home/travis/build/icyphy/ptII/ptolemy/actor/lib/test/auto/DiscreteClock21.xml
4 ms. Memory: 284672K Free: 206582K (73%)
----------------- Invoking toplevel() on ptolemy.moml.MoMLSimpleApplication@7515bc66
----------------- Done invoking toplevel() on ptolemy.moml.MoMLSimpleApplication@7515bc66
reloadAllAccessors: .DiscreteClock21

===========================================================================================
----------------- testing Tue Oct 13 11:58:28 UTC 2020 /home/travis/build/icyphy/ptII/ptolemy/actor/lib/test/auto/DiscreteClock22.xml
----------------- Instantiating /home/travis/build/icyphy/ptII/ptolemy/actor/lib/test/auto/DiscreteClock22.xml
8 ms. Memory: 284672K Free: 200948K (71%)
----------------- Invoking toplevel() on ptolemy.moml.MoMLSimpleApplication@6b0776f9
----------------- Done invoking toplevel() on ptolemy.moml.MoMLSimpleApplication@6b0776f9
reloadAllAccessors: .DiscreteClock22

===========================================================================================
----------------- testing Tue Oct 13 11:58:29 UTC 2020 /home/travis/build/icyphy/ptII/ptolemy/actor/lib/test/auto/DiscreteClock23.xml
----------------- Instantiating /home/travis/build/icyphy/ptII/ptolemy/actor/lib/test/auto/DiscreteClock23.xml
2 ms. Memory: 284672K Free: 195318K (69%)
----------------- Invoking toplevel() on ptolemy.moml.MoMLSimpleApplication@4588ff53
----------------- Done invoking toplevel() on ptolemy.moml.MoMLSimpleApplication@4588ff53
reloadAllAccessors: .DiscreteClock23

===========================================================================================
----------------- testing Tue Oct 13 11:58:29 UTC 2020 /home/travis/build/icyphy/ptII/ptolemy/actor/lib/test/auto/DiscreteClock24.xml
----------------- Instantiating /home/travis/build/icyphy/ptII/ptolemy/actor/lib/test/auto/DiscreteClock24.xml
2 ms. Memory: 284672K Free: 190198K (67%)
----------------- Invoking toplevel() on ptolemy.moml.MoMLSimpleApplication@7e131312
----------------- Done invoking toplevel() on ptolemy.moml.MoMLSimpleApplication@7e131312
reloadAllAccessors: .DiscreteClock24

===========================================================================================
----------------- testing Tue Oct 13 11:58:29 UTC 2020 /home/travis/build/icyphy/ptII/ptolemy/actor/lib/test/auto/DiscreteClock4.xml
----------------- Instantiating /home/travis/build/icyphy/ptII/ptolemy/actor/lib/test/auto/DiscreteClock4.xml
2 ms. Memory: 284672K Free: 184550K (65%)
----------------- Invoking toplevel() on ptolemy.moml.MoMLSimpleApplication@4ac6cae9
----------------- Done invoking toplevel() on ptolemy.moml.MoMLSimpleApplication@4ac6cae9
reloadAllAccessors: .DiscreteClock4

===========================================================================================
----------------- testing Tue Oct 13 11:58:29 UTC 2020 /home/travis/build/icyphy/ptII/ptolemy/actor/lib/test/auto/DiscreteClock5.xml
----------------- Instantiating /home/travis/build/icyphy/ptII/ptolemy/actor/lib/test/auto/DiscreteClock5.xml
1 ms. Memory: 284672K Free: 178934K (63%)
----------------- Invoking toplevel() on ptolemy.moml.MoMLSimpleApplication@781cd2ae
----------------- Done invoking toplevel() on ptolemy.moml.MoMLSimpleApplication@781cd2ae
reloadAllAccessors: .DiscreteClock5

===========================================================================================
----------------- testing Tue Oct 13 11:58:29 UTC 2020 /home/travis/build/icyphy/ptII/ptolemy/actor/lib/test/auto/DiscreteClock6.xml
----------------- Instantiating /home/travis/build/icyphy/ptII/ptolemy/actor/lib/test/auto/DiscreteClock6.xml
1 ms. Memory: 284672K Free: 174838K (61%)
----------------- Invoking toplevel() on ptolemy.moml.MoMLSimpleApplication@700fd719
----------------- Done invoking toplevel() on ptolemy.moml.MoMLSimpleApplication@700fd719
reloadAllAccessors: .DiscreteClock6

===========================================================================================
----------------- testing Tue Oct 13 11:58:29 UTC 2020 /home/travis/build/icyphy/ptII/ptolemy/actor/lib/test/auto/DiscreteClock7.xml
----------------- Instantiating /home/travis/build/icyphy/ptII/ptolemy/actor/lib/test/auto/DiscreteClock7.xml
1 ms. Memory: 284672K Free: 170228K (60%)
----------------- Invoking toplevel() on ptolemy.moml.MoMLSimpleApplication@44eeb48
----------------- Done invoking toplevel() on ptolemy.moml.MoMLSimpleApplication@44eeb48
reloadAllAccessors: .DiscreteClock7

===========================================================================================
----------------- testing Tue Oct 13 11:58:29 UTC 2020 /home/travis/build/icyphy/ptII/ptolemy/actor/lib/test/auto/DiscreteClock8.xml
----------------- Instantiating /home/travis/build/icyphy/ptII/ptolemy/actor/lib/test/auto/DiscreteClock8.xml
7 ms. Memory: 284672K Free: 165094K (58%)
----------------- Invoking toplevel() on ptolemy.moml.MoMLSimpleApplication@57dbbba3
----------------- Done invoking toplevel() on ptolemy.moml.MoMLSimpleApplication@57dbbba3
reloadAllAccessors: .DiscreteClock8

===========================================================================================
----------------- testing Tue Oct 13 11:58:29 UTC 2020 /home/travis/build/icyphy/ptII/ptolemy/actor/lib/test/auto/DiscreteClock9.xml
----------------- Instantiating /home/travis/build/icyphy/ptII/ptolemy/actor/lib/test/auto/DiscreteClock9.xml
4 ms. Memory: 284672K Free: 158934K (56%)
----------------- Invoking toplevel() on ptolemy.moml.MoMLSimpleApplication@4e731eb9
----------------- Done invoking toplevel() on ptolemy.moml.MoMLSimpleApplication@4e731eb9
reloadAllAccessors: .DiscreteClock9

===========================================================================================
----------------- testing Tue Oct 13 11:58:29 UTC 2020 /home/travis/build/icyphy/ptII/ptolemy/actor/lib/test/auto/DisplayArray.xml
----------------- Instantiating /home/travis/build/icyphy/ptII/ptolemy/actor/lib/test/auto/DisplayArray.xml
1 ms. Memory: 284672K Free: 155382K (55%)
----------------- Invoking toplevel() on ptolemy.moml.MoMLSimpleApplication@7a879eab
----------------- Done invoking toplevel() on ptolemy.moml.MoMLSimpleApplication@7a879eab
reloadAllAccessors: .DisplayArray

===========================================================================================
----------------- testing Tue Oct 13 11:58:29 UTC 2020 /home/travis/build/icyphy/ptII/ptolemy/actor/lib/test/auto/Distributor.xml
----------------- Instantiating /home/travis/build/icyphy/ptII/ptolemy/actor/lib/test/auto/Distributor.xml
2 ms. Memory: 284672K Free: 150262K (53%)
----------------- Invoking toplevel() on ptolemy.moml.MoMLSimpleApplication@4888638a
----------------- Done invoking toplevel() on ptolemy.moml.MoMLSimpleApplication@4888638a
reloadAllAccessors: .Distributor

===========================================================================================
----------------- testing Tue Oct 13 11:58:29 UTC 2020 /home/travis/build/icyphy/ptII/ptolemy/actor/lib/test/auto/Distributor2.xml
----------------- Instantiating /home/travis/build/icyphy/ptII/ptolemy/actor/lib/test/auto/Distributor2.xml
1 ms. Memory: 284672K Free: 145142K (51%)
----------------- Invoking toplevel() on ptolemy.moml.MoMLSimpleApplication@17ef8e5a
----------------- Done invoking toplevel() on ptolemy.moml.MoMLSimpleApplication@17ef8e5a
reloadAllAccessors: .Distributor2

===========================================================================================
----------------- testing Tue Oct 13 11:58:29 UTC 2020 /home/travis/build/icyphy/ptII/ptolemy/actor/lib/test/auto/DownSample.xml
----------------- Instantiating /home/travis/build/icyphy/ptII/ptolemy/actor/lib/test/auto/DownSample.xml
1 ms. Memory: 284672K Free: 141046K (50%)
----------------- Invoking toplevel() on ptolemy.moml.MoMLSimpleApplication@68727eec
----------------- Done invoking toplevel() on ptolemy.moml.MoMLSimpleApplication@68727eec
reloadAllAccessors: .DownSample

===========================================================================================
----------------- testing Tue Oct 13 11:58:29 UTC 2020 /home/travis/build/icyphy/ptII/ptolemy/actor/lib/test/auto/ElectronicUnitBase1.xml
----------------- Instantiating /home/travis/build/icyphy/ptII/ptolemy/actor/lib/test/auto/ElectronicUnitBase1.xml
14 ms. Memory: 284672K Free: 125172K (44%)
----------------- Invoking toplevel() on ptolemy.moml.MoMLSimpleApplication@7d984515
----------------- Done invoking toplevel() on ptolemy.moml.MoMLSimpleApplication@7d984515
reloadAllAccessors: .ElectronicUnitBase1

===========================================================================================
----------------- testing Tue Oct 13 11:58:29 UTC 2020 /home/travis/build/icyphy/ptII/ptolemy/actor/lib/test/auto/ElementsToArray.xml
----------------- Instantiating /home/travis/build/icyphy/ptII/ptolemy/actor/lib/test/auto/ElementsToArray.xml
2 ms. Memory: 284672K Free: 120052K (42%)
----------------- Invoking toplevel() on ptolemy.moml.MoMLSimpleApplication@5e1491e4
----------------- Done invoking toplevel() on ptolemy.moml.MoMLSimpleApplication@5e1491e4
reloadAllAccessors: .ElementsToArray

===========================================================================================
----------------- testing Tue Oct 13 11:58:29 UTC 2020 /home/travis/build/icyphy/ptII/ptolemy/actor/lib/test/auto/Equals.xml
----------------- Instantiating /home/travis/build/icyphy/ptII/ptolemy/actor/lib/test/auto/Equals.xml
3 ms. Memory: 284672K Free: 115446K (41%)
----------------- Invoking toplevel() on ptolemy.moml.MoMLSimpleApplication@474f9619
----------------- Done invoking toplevel() on ptolemy.moml.MoMLSimpleApplication@474f9619
reloadAllAccessors: .Equals

===========================================================================================
----------------- testing Tue Oct 13 11:58:29 UTC 2020 /home/travis/build/icyphy/ptII/ptolemy/actor/lib/test/auto/Exec.xml
----------------- Instantiating /home/travis/build/icyphy/ptII/ptolemy/actor/lib/test/auto/Exec.xml
17 ms. Memory: 284672K Free: 110324K (39%)
----------------- Invoking toplevel() on ptolemy.moml.MoMLSimpleApplication@29d23390
----------------- Done invoking toplevel() on ptolemy.moml.MoMLSimpleApplication@29d23390
reloadAllAccessors: .Exec

===========================================================================================
----------------- testing Tue Oct 13 11:58:29 UTC 2020 /home/travis/build/icyphy/ptII/ptolemy/actor/lib/test/auto/ExecEnvironment.xml
----------------- Instantiating /home/travis/build/icyphy/ptII/ptolemy/actor/lib/test/auto/ExecEnvironment.xml
20 ms. Memory: 284672K Free: 105702K (37%)
----------------- Invoking toplevel() on ptolemy.moml.MoMLSimpleApplication@754d0869
----------------- Done invoking toplevel() on ptolemy.moml.MoMLSimpleApplication@754d0869
reloadAllAccessors: .ExecEnvironment

===========================================================================================
----------------- testing Tue Oct 13 11:58:29 UTC 2020 /home/travis/build/icyphy/ptII/ptolemy/actor/lib/test/auto/ExecNonZeroReturnOutput.xml
----------------- Instantiating /home/travis/build/icyphy/ptII/ptolemy/actor/lib/test/auto/ExecNonZeroReturnOutput.xml
162 ms. Memory: 284672K Free: 93942K (33%)
----------------- Invoking toplevel() on ptolemy.moml.MoMLSimpleApplication@3ca720a0
----------------- Done invoking toplevel() on ptolemy.moml.MoMLSimpleApplication@3ca720a0
reloadAllAccessors: .ExecNonZeroReturnOutput

===========================================================================================
----------------- testing Tue Oct 13 11:58:29 UTC 2020 /home/travis/build/icyphy/ptII/ptolemy/actor/lib/test/auto/ExecRunDemos.xml
----------------- Instantiating /home/travis/build/icyphy/ptII/ptolemy/actor/lib/test/auto/ExecRunDemos.xml
Finished: 55 ms. Memory: 129024K Free: 112380K (87%)

Finished: 79 ms. Memory: 129024K Free: 109436K (85%)

Finished: 85 ms. Memory: 129024K Free: 109489K (85%)

Finished: 91 ms. Memory: 129024K Free: 111067K (86%)

Finished: 52 ms. Memory: 129024K Free: 111937K (87%)

10120 ms. Memory: 284672K Free: 73460K (26%)
----------------- Invoking toplevel() on ptolemy.moml.MoMLSimpleApplication@28d3da16
----------------- Done invoking toplevel() on ptolemy.moml.MoMLSimpleApplication@28d3da16
reloadAllAccessors: .ExecRunDemos

===========================================================================================
----------------- testing Tue Oct 13 11:58:39 UTC 2020 /home/travis/build/icyphy/ptII/ptolemy/actor/lib/test/auto/ExecStop.xml
----------------- Instantiating /home/travis/build/icyphy/ptII/ptolemy/actor/lib/test/auto/ExecStop.xml
5020 ms. Memory: 284672K Free: 106067K (37%)
----------------- Invoking toplevel() on ptolemy.moml.MoMLSimpleApplication@711c6dff
----------------- Done invoking toplevel() on ptolemy.moml.MoMLSimpleApplication@711c6dff
reloadAllAccessors: .ExecStop

===========================================================================================
----------------- testing Tue Oct 13 11:58:44 UTC 2020 /home/travis/build/icyphy/ptII/ptolemy/actor/lib/test/auto/ExecutionTimeSDF.xml
----------------- Instantiating /home/travis/build/icyphy/ptII/ptolemy/actor/lib/test/auto/ExecutionTimeSDF.xml
Fired ExecutionTime: -348967296
Fired ExecutionTime: -723367296
Fired ExecutionTime: 1362400000
6008 ms. Memory: 284672K Free: 93781K (33%)
----------------- Invoking toplevel() on ptolemy.moml.MoMLSimpleApplication@26369296
----------------- Done invoking toplevel() on ptolemy.moml.MoMLSimpleApplication@26369296
reloadAllAccessors: .ExecutionTimeSDF

===========================================================================================
----------------- testing Tue Oct 13 11:58:50 UTC 2020 /home/travis/build/icyphy/ptII/ptolemy/actor/lib/test/auto/Expression1.xml
----------------- Instantiating /home/travis/build/icyphy/ptII/ptolemy/actor/lib/test/auto/Expression1.xml
1 ms. Memory: 284672K Free: 90195K (32%)
----------------- Invoking toplevel() on ptolemy.moml.MoMLSimpleApplication@2088f2f9
----------------- Done invoking toplevel() on ptolemy.moml.MoMLSimpleApplication@2088f2f9
reloadAllAccessors: .Expression1

===========================================================================================
----------------- testing Tue Oct 13 11:58:50 UTC 2020 /home/travis/build/icyphy/ptII/ptolemy/actor/lib/test/auto/Expression10.xml
----------------- Instantiating /home/travis/build/icyphy/ptII/ptolemy/actor/lib/test/auto/Expression10.xml
7 ms. Memory: 284672K Free: 84565K (30%)
----------------- Invoking toplevel() on ptolemy.moml.MoMLSimpleApplication@67039619
----------------- Done invoking toplevel() on ptolemy.moml.MoMLSimpleApplication@67039619
reloadAllAccessors: .Expression10

===========================================================================================
----------------- testing Tue Oct 13 11:58:50 UTC 2020 /home/travis/build/icyphy/ptII/ptolemy/actor/lib/test/auto/Expression11.xml
----------------- Instantiating /home/travis/build/icyphy/ptII/ptolemy/actor/lib/test/auto/Expression11.xml
4 ms. Memory: 284672K Free: 79955K (28%)
----------------- Invoking toplevel() on ptolemy.moml.MoMLSimpleApplication@19648298
----------------- Done invoking toplevel() on ptolemy.moml.MoMLSimpleApplication@19648298
reloadAllAccessors: .Expression11

===========================================================================================
----------------- testing Tue Oct 13 11:58:50 UTC 2020 /home/travis/build/icyphy/ptII/ptolemy/actor/lib/test/auto/Expression12.xml
----------------- Instantiating /home/travis/build/icyphy/ptII/ptolemy/actor/lib/test/auto/Expression12.xml
2 ms. Memory: 284672K Free: 74835K (26%)
----------------- Invoking toplevel() on ptolemy.moml.MoMLSimpleApplication@57025618
----------------- Done invoking toplevel() on ptolemy.moml.MoMLSimpleApplication@57025618
reloadAllAccessors: .Expression12

===========================================================================================
----------------- testing Tue Oct 13 11:58:50 UTC 2020 /home/travis/build/icyphy/ptII/ptolemy/actor/lib/test/auto/Expression13.xml
----------------- Instantiating /home/travis/build/icyphy/ptII/ptolemy/actor/lib/test/auto/Expression13.xml
4 ms. Memory: 284672K Free: 69715K (24%)
----------------- Invoking toplevel() on ptolemy.moml.MoMLSimpleApplication@549bcd56
----------------- Done invoking toplevel() on ptolemy.moml.MoMLSimpleApplication@549bcd56
reloadAllAccessors: .Expression13

===========================================================================================
----------------- testing Tue Oct 13 11:58:50 UTC 2020 /home/travis/build/icyphy/ptII/ptolemy/actor/lib/test/auto/Expression14.xml
----------------- Instantiating /home/travis/build/icyphy/ptII/ptolemy/actor/lib/test/auto/Expression14.xml
7 ms. Memory: 284672K Free: 230483K (81%)
----------------- Invoking toplevel() on ptolemy.moml.MoMLSimpleApplication@49ca29b1
----------------- Done invoking toplevel() on ptolemy.moml.MoMLSimpleApplication@49ca29b1
reloadAllAccessors: .Expression14

===========================================================================================
----------------- testing Tue Oct 13 11:58:50 UTC 2020 /home/travis/build/icyphy/ptII/ptolemy/actor/lib/test/auto/Expression15.xml
----------------- Instantiating /home/travis/build/icyphy/ptII/ptolemy/actor/lib/test/auto/Expression15.xml
1 ms. Memory: 284672K Free: 226387K (80%)
----------------- Invoking toplevel() on ptolemy.moml.MoMLSimpleApplication@46843c6
----------------- Done invoking toplevel() on ptolemy.moml.MoMLSimpleApplication@46843c6
reloadAllAccessors: .Expression15

===========================================================================================
----------------- testing Tue Oct 13 11:58:50 UTC 2020 /home/travis/build/icyphy/ptII/ptolemy/actor/lib/test/auto/Expression16.xml
----------------- Instantiating /home/travis/build/icyphy/ptII/ptolemy/actor/lib/test/auto/Expression16.xml
3 ms. Memory: 284672K Free: 221267K (78%)
----------------- Invoking toplevel() on ptolemy.moml.MoMLSimpleApplication@40cd7d1a
----------------- Done invoking toplevel() on ptolemy.moml.MoMLSimpleApplication@40cd7d1a
reloadAllAccessors: .Expression16

===========================================================================================
----------------- testing Tue Oct 13 11:58:50 UTC 2020 /home/travis/build/icyphy/ptII/ptolemy/actor/lib/test/auto/Expression17.xml
----------------- Instantiating /home/travis/build/icyphy/ptII/ptolemy/actor/lib/test/auto/Expression17.xml
2 ms. Memory: 284672K Free: 216147K (76%)
----------------- Invoking toplevel() on ptolemy.moml.MoMLSimpleApplication@4acadd27
----------------- Done invoking toplevel() on ptolemy.moml.MoMLSimpleApplication@4acadd27
reloadAllAccessors: .Expression17

===========================================================================================
----------------- testing Tue Oct 13 11:58:50 UTC 2020 /home/travis/build/icyphy/ptII/ptolemy/actor/lib/test/auto/Expression18.xml
----------------- Instantiating /home/travis/build/icyphy/ptII/ptolemy/actor/lib/test/auto/Expression18.xml
4 ms. Memory: 284672K Free: 211027K (74%)
----------------- Invoking toplevel() on ptolemy.moml.MoMLSimpleApplication@2d8a264f
----------------- Done invoking toplevel() on ptolemy.moml.MoMLSimpleApplication@2d8a264f
reloadAllAccessors: .Expression18

===========================================================================================
----------------- testing Tue Oct 13 11:58:50 UTC 2020 /home/travis/build/icyphy/ptII/ptolemy/actor/lib/test/auto/Expression2.xml
----------------- Instantiating /home/travis/build/icyphy/ptII/ptolemy/actor/lib/test/auto/Expression2.xml
2 ms. Memory: 284672K Free: 205907K (72%)
----------------- Invoking toplevel() on ptolemy.moml.MoMLSimpleApplication@4399e45f
----------------- Done invoking toplevel() on ptolemy.moml.MoMLSimpleApplication@4399e45f
reloadAllAccessors: .Expression2

===========================================================================================
----------------- testing Tue Oct 13 11:58:50 UTC 2020 /home/travis/build/icyphy/ptII/ptolemy/actor/lib/test/auto/Expression3.xml
----------------- Instantiating /home/travis/build/icyphy/ptII/ptolemy/actor/lib/test/auto/Expression3.xml
5 ms. Memory: 284672K Free: 200787K (71%)
----------------- Invoking toplevel() on ptolemy.moml.MoMLSimpleApplication@20a5debf
----------------- Done invoking toplevel() on ptolemy.moml.MoMLSimpleApplication@20a5debf
reloadAllAccessors: .Expression3

===========================================================================================
----------------- testing Tue Oct 13 11:58:51 UTC 2020 /home/travis/build/icyphy/ptII/ptolemy/actor/lib/test/auto/Expression4.xml
----------------- Instantiating /home/travis/build/icyphy/ptII/ptolemy/actor/lib/test/auto/Expression4.xml
5 ms. Memory: 284672K Free: 193109K (68%)
----------------- Invoking toplevel() on ptolemy.moml.MoMLSimpleApplication@54949723
----------------- Done invoking toplevel() on ptolemy.moml.MoMLSimpleApplication@54949723
reloadAllAccessors: .Expression4

===========================================================================================
----------------- testing Tue Oct 13 11:58:51 UTC 2020 /home/travis/build/icyphy/ptII/ptolemy/actor/lib/test/auto/Expression5.xml
----------------- Instantiating /home/travis/build/icyphy/ptII/ptolemy/actor/lib/test/auto/Expression5.xml
3 ms. Memory: 284672K Free: 187989K (66%)
----------------- Invoking toplevel() on ptolemy.moml.MoMLSimpleApplication@1614018e
----------------- Done invoking toplevel() on ptolemy.moml.MoMLSimpleApplication@1614018e
reloadAllAccessors: .Expression5

===========================================================================================
----------------- testing Tue Oct 13 11:58:51 UTC 2020 /home/travis/build/icyphy/ptII/ptolemy/actor/lib/test/auto/Expression6.xml
----------------- Instantiating /home/travis/build/icyphy/ptII/ptolemy/actor/lib/test/auto/Expression6.xml
2 ms. Memory: 284672K Free: 183893K (65%)
----------------- Invoking toplevel() on ptolemy.moml.MoMLSimpleApplication@66bb2f08
----------------- Done invoking toplevel() on ptolemy.moml.MoMLSimpleApplication@66bb2f08
reloadAllAccessors: .Expression6

===========================================================================================
----------------- testing Tue Oct 13 11:58:51 UTC 2020 /home/travis/build/icyphy/ptII/ptolemy/actor/lib/test/auto/Expression7.xml
----------------- Instantiating /home/travis/build/icyphy/ptII/ptolemy/actor/lib/test/auto/Expression7.xml
2 ms. Memory: 284672K Free: 178773K (63%)
----------------- Invoking toplevel() on ptolemy.moml.MoMLSimpleApplication@57ee8bfb
----------------- Done invoking toplevel() on ptolemy.moml.MoMLSimpleApplication@57ee8bfb
reloadAllAccessors: .Expression7

===========================================================================================
----------------- testing Tue Oct 13 11:58:51 UTC 2020 /home/travis/build/icyphy/ptII/ptolemy/actor/lib/test/auto/Expression8.xml
----------------- Instantiating /home/travis/build/icyphy/ptII/ptolemy/actor/lib/test/auto/Expression8.xml
7 ms. Memory: 284672K Free: 173653K (61%)
----------------- Invoking toplevel() on ptolemy.moml.MoMLSimpleApplication@53f2b4aa
----------------- Done invoking toplevel() on ptolemy.moml.MoMLSimpleApplication@53f2b4aa
reloadAllAccessors: .Expression8

===========================================================================================
----------------- testing Tue Oct 13 11:58:51 UTC 2020 /home/travis/build/icyphy/ptII/ptolemy/actor/lib/test/auto/Expression9.xml
----------------- Instantiating /home/travis/build/icyphy/ptII/ptolemy/actor/lib/test/auto/Expression9.xml
1 ms. Memory: 284672K Free: 169557K (60%)
----------------- Invoking toplevel() on ptolemy.moml.MoMLSimpleApplication@267e31fb
----------------- Done invoking toplevel() on ptolemy.moml.MoMLSimpleApplication@267e31fb
reloadAllAccessors: .Expression9

===========================================================================================
----------------- testing Tue Oct 13 11:58:51 UTC 2020 /home/travis/build/icyphy/ptII/ptolemy/actor/lib/test/auto/ExpressionConcatenateArrayType.xml
----------------- Instantiating /home/travis/build/icyphy/ptII/ptolemy/actor/lib/test/auto/ExpressionConcatenateArrayType.xml
3 ms. Memory: 284672K Free: 162899K (57%)
----------------- Invoking toplevel() on ptolemy.moml.MoMLSimpleApplication@7d99dd3
----------------- Done invoking toplevel() on ptolemy.moml.MoMLSimpleApplication@7d99dd3
reloadAllAccessors: .ExpressionConcatenateArrayType

===========================================================================================
----------------- testing Tue Oct 13 11:58:51 UTC 2020 /home/travis/build/icyphy/ptII/ptolemy/actor/lib/test/auto/ExpressionConcatenateArrayType2.xml
----------------- Instantiating /home/travis/build/icyphy/ptII/ptolemy/actor/lib/test/auto/ExpressionConcatenateArrayType2.xml
2 ms. Memory: 284672K Free: 157269K (55%)
----------------- Invoking toplevel() on ptolemy.moml.MoMLSimpleApplication@647f2daf
----------------- Done invoking toplevel() on ptolemy.moml.MoMLSimpleApplication@647f2daf
reloadAllAccessors: .ExpressionConcatenateArrayType2

===========================================================================================
----------------- testing Tue Oct 13 11:58:51 UTC 2020 /home/travis/build/icyphy/ptII/ptolemy/actor/lib/test/auto/ExpressionFix.xml
----------------- Instantiating /home/travis/build/icyphy/ptII/ptolemy/actor/lib/test/auto/ExpressionFix.xml
23 ms. Memory: 284672K Free: 150611K (53%)
----------------- Invoking toplevel() on ptolemy.moml.MoMLSimpleApplication@3b3f2a6a
----------------- Done invoking toplevel() on ptolemy.moml.MoMLSimpleApplication@3b3f2a6a
reloadAllAccessors: .ExpressionFix

===========================================================================================
----------------- testing Tue Oct 13 11:58:51 UTC 2020 /home/travis/build/icyphy/ptII/ptolemy/actor/lib/test/auto/ExpressionFix2.xml
----------------- Instantiating /home/travis/build/icyphy/ptII/ptolemy/actor/lib/test/auto/ExpressionFix2.xml
3 ms. Memory: 284672K Free: 147029K (52%)
----------------- Invoking toplevel() on ptolemy.moml.MoMLSimpleApplication@54ba5296
----------------- Done invoking toplevel() on ptolemy.moml.MoMLSimpleApplication@54ba5296
reloadAllAccessors: .ExpressionFix2

===========================================================================================
----------------- testing Tue Oct 13 11:58:51 UTC 2020 /home/travis/build/icyphy/ptII/ptolemy/actor/lib/test/auto/ExpressionFix3.xml
----------------- Instantiating /home/travis/build/icyphy/ptII/ptolemy/actor/lib/test/auto/ExpressionFix3.xml
2 ms. Memory: 284672K Free: 142419K (50%)
----------------- Invoking toplevel() on ptolemy.moml.MoMLSimpleApplication@1e83bbac
----------------- Done invoking toplevel() on ptolemy.moml.MoMLSimpleApplication@1e83bbac
reloadAllAccessors: .ExpressionFix3

===========================================================================================
----------------- testing Tue Oct 13 11:58:51 UTC 2020 /home/travis/build/icyphy/ptII/ptolemy/actor/lib/test/auto/FileWriter1.xml
----------------- Instantiating /home/travis/build/icyphy/ptII/ptolemy/actor/lib/test/auto/FileWriter1.xml
1 ms. Memory: 284672K Free: 138323K (49%)
----------------- Invoking toplevel() on ptolemy.moml.MoMLSimpleApplication@6ce914d6
----------------- Done invoking toplevel() on ptolemy.moml.MoMLSimpleApplication@6ce914d6
reloadAllAccessors: .FileWriter1

===========================================================================================
----------------- testing Tue Oct 13 11:58:51 UTC 2020 /home/travis/build/icyphy/ptII/ptolemy/actor/lib/test/auto/FileWriter2.xml
----------------- Instantiating /home/travis/build/icyphy/ptII/ptolemy/actor/lib/test/auto/FileWriter2.xml
6 ms. Memory: 284672K Free: 133717K (47%)
----------------- Invoking toplevel() on ptolemy.moml.MoMLSimpleApplication@17a77797
----------------- Done invoking toplevel() on ptolemy.moml.MoMLSimpleApplication@17a77797
reloadAllAccessors: .FileWriter2

===========================================================================================
----------------- testing Tue Oct 13 11:58:51 UTC 2020 /home/travis/build/icyphy/ptII/ptolemy/actor/lib/test/auto/FileWriter3.xml
----------------- Instantiating /home/travis/build/icyphy/ptII/ptolemy/actor/lib/test/auto/FileWriter3.xml
1 ms. Memory: 284672K Free: 129621K (46%)
----------------- Invoking toplevel() on ptolemy.moml.MoMLSimpleApplication@211b4c37
----------------- Done invoking toplevel() on ptolemy.moml.MoMLSimpleApplication@211b4c37
reloadAllAccessors: .FileWriter3

===========================================================================================
----------------- testing Tue Oct 13 11:58:51 UTC 2020 /home/travis/build/icyphy/ptII/ptolemy/actor/lib/test/auto/Gaussian.xml
----------------- Instantiating /home/travis/build/icyphy/ptII/ptolemy/actor/lib/test/auto/Gaussian.xml
3 ms. Memory: 284672K Free: 125011K (44%)
----------------- Invoking toplevel() on ptolemy.moml.MoMLSimpleApplication@15ad30ea
----------------- Done invoking toplevel() on ptolemy.moml.MoMLSimpleApplication@15ad30ea
reloadAllAccessors: .Gaussian

===========================================================================================
----------------- testing Tue Oct 13 11:58:51 UTC 2020 /home/travis/build/icyphy/ptII/ptolemy/actor/lib/test/auto/Gaussian1.xml
----------------- Instantiating /home/travis/build/icyphy/ptII/ptolemy/actor/lib/test/auto/Gaussian1.xml
1 ms. Memory: 284672K Free: 119861K (42%)
----------------- Invoking toplevel() on ptolemy.moml.MoMLSimpleApplication@7d7b29d2
----------------- Done invoking toplevel() on ptolemy.moml.MoMLSimpleApplication@7d7b29d2
reloadAllAccessors: .Gaussian1

===========================================================================================
----------------- testing Tue Oct 13 11:58:51 UTC 2020 /home/travis/build/icyphy/ptII/ptolemy/actor/lib/test/auto/Gaussian2.xml
----------------- Instantiating /home/travis/build/icyphy/ptII/ptolemy/actor/lib/test/auto/Gaussian2.xml
10 ms. Memory: 284672K Free: 114765K (40%)
----------------- Invoking toplevel() on ptolemy.moml.MoMLSimpleApplication@1b97951e
----------------- Done invoking toplevel() on ptolemy.moml.MoMLSimpleApplication@1b97951e
reloadAllAccessors: .Gaussian2

===========================================================================================
----------------- testing Tue Oct 13 11:58:51 UTC 2020 /home/travis/build/icyphy/ptII/ptolemy/actor/lib/test/auto/GradientAdaptiveLattice.xml
----------------- Instantiating /home/travis/build/icyphy/ptII/ptolemy/actor/lib/test/auto/GradientAdaptiveLattice.xml
2 ms. Memory: 284672K Free: 109651K (39%)
----------------- Invoking toplevel() on ptolemy.moml.MoMLSimpleApplication@5506c8c3
----------------- Done invoking toplevel() on ptolemy.moml.MoMLSimpleApplication@5506c8c3
reloadAllAccessors: .GradientAdaptiveLattice

===========================================================================================
----------------- testing Tue Oct 13 11:58:51 UTC 2020 /home/travis/build/icyphy/ptII/ptolemy/actor/lib/test/auto/IIR.xml
----------------- Instantiating /home/travis/build/icyphy/ptII/ptolemy/actor/lib/test/auto/IIR.xml
1 ms. Memory: 284672K Free: 105045K (37%)
----------------- Invoking toplevel() on ptolemy.moml.MoMLSimpleApplication@4d5633c4
----------------- Done invoking toplevel() on ptolemy.moml.MoMLSimpleApplication@4d5633c4
reloadAllAccessors: .IIR

===========================================================================================
----------------- testing Tue Oct 13 11:58:51 UTC 2020 /home/travis/build/icyphy/ptII/ptolemy/actor/lib/test/auto/InputOutputTransparentPorts.xml
----------------- Instantiating /home/travis/build/icyphy/ptII/ptolemy/actor/lib/test/auto/InputOutputTransparentPorts.xml
4 ms. Memory: 284672K Free: 97363K (34%)
----------------- Invoking toplevel() on ptolemy.moml.MoMLSimpleApplication@44357197
----------------- Done invoking toplevel() on ptolemy.moml.MoMLSimpleApplication@44357197
reloadAllAccessors: .InputOutputTransparentPorts

===========================================================================================
----------------- testing Tue Oct 13 11:58:51 UTC 2020 /home/travis/build/icyphy/ptII/ptolemy/actor/lib/test/auto/Interpolator.xml
----------------- Instantiating /home/travis/build/icyphy/ptII/ptolemy/actor/lib/test/auto/Interpolator.xml
2 ms. Memory: 284672K Free: 93267K (33%)
----------------- Invoking toplevel() on ptolemy.moml.MoMLSimpleApplication@702966b3
----------------- Done invoking toplevel() on ptolemy.moml.MoMLSimpleApplication@702966b3
reloadAllAccessors: .Interpolator

===========================================================================================
----------------- testing Tue Oct 13 11:58:51 UTC 2020 /home/travis/build/icyphy/ptII/ptolemy/actor/lib/test/auto/InterpolatorFiringLimitDE.xml
----------------- Instantiating /home/travis/build/icyphy/ptII/ptolemy/actor/lib/test/auto/InterpolatorFiringLimitDE.xml
2 ms. Memory: 284672K Free: 87123K (31%)
----------------- Invoking toplevel() on ptolemy.moml.MoMLSimpleApplication@da067eb
----------------- Done invoking toplevel() on ptolemy.moml.MoMLSimpleApplication@da067eb
reloadAllAccessors: .InterpolatorFiringLimitDE

===========================================================================================
----------------- testing Tue Oct 13 11:58:51 UTC 2020 /home/travis/build/icyphy/ptII/ptolemy/actor/lib/test/auto/Lattice.xml
----------------- Instantiating /home/travis/build/icyphy/ptII/ptolemy/actor/lib/test/auto/Lattice.xml
1 ms. Memory: 284672K Free: 83027K (29%)
----------------- Invoking toplevel() on ptolemy.moml.MoMLSimpleApplication@5d95ad95
----------------- Done invoking toplevel() on ptolemy.moml.MoMLSimpleApplication@5d95ad95
reloadAllAccessors: .Lattice

===========================================================================================
----------------- testing Tue Oct 13 11:58:51 UTC 2020 /home/travis/build/icyphy/ptII/ptolemy/actor/lib/test/auto/LazyAOCTestLazy.xml
----------------- Instantiating /home/travis/build/icyphy/ptII/ptolemy/actor/lib/test/auto/LazyAOCTestLazy.xml
6 ms. Memory: 284672K Free: 76853K (27%)
----------------- Invoking toplevel() on ptolemy.moml.MoMLSimpleApplication@1e513e63
----------------- Done invoking toplevel() on ptolemy.moml.MoMLSimpleApplication@1e513e63
reloadAllAccessors: .LazyAOCTestLazy

===========================================================================================
----------------- testing Tue Oct 13 11:58:51 UTC 2020 /home/travis/build/icyphy/ptII/ptolemy/actor/lib/test/auto/LazyAOCTestNonLazy.xml
----------------- Instantiating /home/travis/build/icyphy/ptII/ptolemy/actor/lib/test/auto/LazyAOCTestNonLazy.xml
2 ms. Memory: 284672K Free: 70229K (25%)
----------------- Invoking toplevel() on ptolemy.moml.MoMLSimpleApplication@692cd2a8
----------------- Done invoking toplevel() on ptolemy.moml.MoMLSimpleApplication@692cd2a8
reloadAllAccessors: .LazyAOCTestNonLazy

===========================================================================================
----------------- testing Tue Oct 13 11:58:51 UTC 2020 /home/travis/build/icyphy/ptII/ptolemy/actor/lib/test/auto/LazyInnerClass.xml
----------------- Instantiating /home/travis/build/icyphy/ptII/ptolemy/actor/lib/test/auto/LazyInnerClass.xml
19 ms. Memory: 284672K Free: 228686K (80%)
----------------- Invoking toplevel() on ptolemy.moml.MoMLSimpleApplication@48bb0dca
----------------- Done invoking toplevel() on ptolemy.moml.MoMLSimpleApplication@48bb0dca
reloadAllAccessors: .LazyInnerClass

===========================================================================================
----------------- testing Tue Oct 13 11:58:51 UTC 2020 /home/travis/build/icyphy/ptII/ptolemy/actor/lib/test/auto/LazyPubSub.xml
----------------- Instantiating /home/travis/build/icyphy/ptII/ptolemy/actor/lib/test/auto/LazyPubSub.xml
11 ms. Memory: 284672K Free: 218446K (77%)
----------------- Invoking toplevel() on ptolemy.moml.MoMLSimpleApplication@13b9d8cc
----------------- Done invoking toplevel() on ptolemy.moml.MoMLSimpleApplication@13b9d8cc
reloadAllAccessors: .LazyPubSub

===========================================================================================
----------------- testing Tue Oct 13 11:58:51 UTC 2020 /home/travis/build/icyphy/ptII/ptolemy/actor/lib/test/auto/LazyPubSub2.xml
----------------- Instantiating /home/travis/build/icyphy/ptII/ptolemy/actor/lib/test/auto/LazyPubSub2.xml
23 ms. Memory: 284672K Free: 208206K (73%)
----------------- Invoking toplevel() on ptolemy.moml.MoMLSimpleApplication@40627a9d
----------------- Done invoking toplevel() on ptolemy.moml.MoMLSimpleApplication@40627a9d
reloadAllAccessors: .LazyPubSub2

===========================================================================================
----------------- testing Tue Oct 13 11:58:51 UTC 2020 /home/travis/build/icyphy/ptII/ptolemy/actor/lib/test/auto/LazyPubSub3.xml
----------------- Instantiating /home/travis/build/icyphy/ptII/ptolemy/actor/lib/test/auto/LazyPubSub3.xml
11 ms. Memory: 284672K Free: 197966K (70%)
----------------- Invoking toplevel() on ptolemy.moml.MoMLSimpleApplication@e0d1347
----------------- Done invoking toplevel() on ptolemy.moml.MoMLSimpleApplication@e0d1347
reloadAllAccessors: .LazyPubSub3

===========================================================================================
----------------- testing Tue Oct 13 11:58:51 UTC 2020 /home/travis/build/icyphy/ptII/ptolemy/actor/lib/test/auto/LazySubClassModel.xml
----------------- Instantiating /home/travis/build/icyphy/ptII/ptolemy/actor/lib/test/auto/LazySubClassModel.xml
1 ms. Memory: 284672K Free: 188750K (66%)
----------------- Invoking toplevel() on ptolemy.moml.MoMLSimpleApplication@18bc501a
----------------- Done invoking toplevel() on ptolemy.moml.MoMLSimpleApplication@18bc501a
reloadAllAccessors: .LazySubClassModel

===========================================================================================
----------------- testing Tue Oct 13 11:58:51 UTC 2020 /home/travis/build/icyphy/ptII/ptolemy/actor/lib/test/auto/LevelCrossTest1.xml
----------------- Instantiating /home/travis/build/icyphy/ptII/ptolemy/actor/lib/test/auto/LevelCrossTest1.xml
1 ms. Memory: 284672K Free: 183116K (64%)
----------------- Invoking toplevel() on ptolemy.moml.MoMLSimpleApplication@11c68325
----------------- Done invoking toplevel() on ptolemy.moml.MoMLSimpleApplication@11c68325
reloadAllAccessors: .broken

===========================================================================================
----------------- testing Tue Oct 13 11:58:51 UTC 2020 /home/travis/build/icyphy/ptII/ptolemy/actor/lib/test/auto/LevelCrossTest10.xml
----------------- Instantiating /home/travis/build/icyphy/ptII/ptolemy/actor/lib/test/auto/LevelCrossTest10.xml
1 ms. Memory: 284672K Free: 174924K (61%)
----------------- Invoking toplevel() on ptolemy.moml.MoMLSimpleApplication@220d173a
----------------- Done invoking toplevel() on ptolemy.moml.MoMLSimpleApplication@220d173a
reloadAllAccessors: .LevelCrossTest10

===========================================================================================
----------------- testing Tue Oct 13 11:58:51 UTC 2020 /home/travis/build/icyphy/ptII/ptolemy/actor/lib/test/auto/LevelCrossTest11.xml
----------------- Instantiating /home/travis/build/icyphy/ptII/ptolemy/actor/lib/test/auto/LevelCrossTest11.xml
1 ms. Memory: 284672K Free: 168270K (59%)
----------------- Invoking toplevel() on ptolemy.moml.MoMLSimpleApplication@4419632e
----------------- Done invoking toplevel() on ptolemy.moml.MoMLSimpleApplication@4419632e
reloadAllAccessors: .LevelCrossTest11

===========================================================================================
----------------- testing Tue Oct 13 11:58:51 UTC 2020 /home/travis/build/icyphy/ptII/ptolemy/actor/lib/test/auto/LevelCrossTest12.xml
----------------- Instantiating /home/travis/build/icyphy/ptII/ptolemy/actor/lib/test/auto/LevelCrossTest12.xml
1 ms. Memory: 284672K Free: 161102K (57%)
----------------- Invoking toplevel() on ptolemy.moml.MoMLSimpleApplication@355c5fb0
----------------- Done invoking toplevel() on ptolemy.moml.MoMLSimpleApplication@355c5fb0
reloadAllAccessors: .LevelCrossTest12

===========================================================================================
----------------- testing Tue Oct 13 11:58:51 UTC 2020 /home/travis/build/icyphy/ptII/ptolemy/actor/lib/test/auto/LevelCrossTest13.xml
----------------- Instantiating /home/travis/build/icyphy/ptII/ptolemy/actor/lib/test/auto/LevelCrossTest13.xml
1 ms. Memory: 284672K Free: 153420K (54%)
----------------- Invoking toplevel() on ptolemy.moml.MoMLSimpleApplication@2352c7d2
----------------- Done invoking toplevel() on ptolemy.moml.MoMLSimpleApplication@2352c7d2
reloadAllAccessors: .LevelCrossTest13

===========================================================================================
----------------- testing Tue Oct 13 11:58:51 UTC 2020 /home/travis/build/icyphy/ptII/ptolemy/actor/lib/test/auto/LevelCrossTest2.xml
----------------- Instantiating /home/travis/build/icyphy/ptII/ptolemy/actor/lib/test/auto/LevelCrossTest2.xml
1 ms. Memory: 284672K Free: 147790K (52%)
----------------- Invoking toplevel() on ptolemy.moml.MoMLSimpleApplication@40a94e20
----------------- Done invoking toplevel() on ptolemy.moml.MoMLSimpleApplication@40a94e20
reloadAllAccessors: .broken

===========================================================================================
----------------- testing Tue Oct 13 11:58:51 UTC 2020 /home/travis/build/icyphy/ptII/ptolemy/actor/lib/test/auto/LevelCrossTest3.xml
----------------- Instantiating /home/travis/build/icyphy/ptII/ptolemy/actor/lib/test/auto/LevelCrossTest3.xml
1 ms. Memory: 284672K Free: 141132K (50%)
----------------- Invoking toplevel() on ptolemy.moml.MoMLSimpleApplication@14bdf423
----------------- Done invoking toplevel() on ptolemy.moml.MoMLSimpleApplication@14bdf423
reloadAllAccessors: .LevelCrossTest3

===========================================================================================
----------------- testing Tue Oct 13 11:58:51 UTC 2020 /home/travis/build/icyphy/ptII/ptolemy/actor/lib/test/auto/LevelCrossTest4.xml
----------------- Instantiating /home/travis/build/icyphy/ptII/ptolemy/actor/lib/test/auto/LevelCrossTest4.xml
1 ms. Memory: 284672K Free: 136012K (48%)
----------------- Invoking toplevel() on ptolemy.moml.MoMLSimpleApplication@493abe9a
----------------- Done invoking toplevel() on ptolemy.moml.MoMLSimpleApplication@493abe9a
reloadAllAccessors: .broken

===========================================================================================
----------------- testing Tue Oct 13 11:58:51 UTC 2020 /home/travis/build/icyphy/ptII/ptolemy/actor/lib/test/auto/LevelCrossTest5.xml
----------------- Instantiating /home/travis/build/icyphy/ptII/ptolemy/actor/lib/test/auto/LevelCrossTest5.xml
1 ms. Memory: 284672K Free: 129358K (45%)
----------------- Invoking toplevel() on ptolemy.moml.MoMLSimpleApplication@7db87208
----------------- Done invoking toplevel() on ptolemy.moml.MoMLSimpleApplication@7db87208
reloadAllAccessors: .LevelCrossTest5

===========================================================================================
----------------- testing Tue Oct 13 11:58:51 UTC 2020 /home/travis/build/icyphy/ptII/ptolemy/actor/lib/test/auto/LevelCrossTest6.xml
----------------- Instantiating /home/travis/build/icyphy/ptII/ptolemy/actor/lib/test/auto/LevelCrossTest6.xml
1 ms. Memory: 284672K Free: 122190K (43%)
----------------- Invoking toplevel() on ptolemy.moml.MoMLSimpleApplication@69739e55
----------------- Done invoking toplevel() on ptolemy.moml.MoMLSimpleApplication@69739e55
reloadAllAccessors: .LevelCrossTest6

===========================================================================================
----------------- testing Tue Oct 13 11:58:51 UTC 2020 /home/travis/build/icyphy/ptII/ptolemy/actor/lib/test/auto/LevelCrossTest7.xml
----------------- Instantiating /home/travis/build/icyphy/ptII/ptolemy/actor/lib/test/auto/LevelCrossTest7.xml
1 ms. Memory: 284672K Free: 114508K (40%)
----------------- Invoking toplevel() on ptolemy.moml.MoMLSimpleApplication@740ab547
----------------- Done invoking toplevel() on ptolemy.moml.MoMLSimpleApplication@740ab547
reloadAllAccessors: .LevelCrossTest7

===========================================================================================
----------------- testing Tue Oct 13 11:58:51 UTC 2020 /home/travis/build/icyphy/ptII/ptolemy/actor/lib/test/auto/LevelCrossTest8.xml
----------------- Instantiating /home/travis/build/icyphy/ptII/ptolemy/actor/lib/test/auto/LevelCrossTest8.xml
1 ms. Memory: 284672K Free: 107340K (38%)
----------------- Invoking toplevel() on ptolemy.moml.MoMLSimpleApplication@48212440
----------------- Done invoking toplevel() on ptolemy.moml.MoMLSimpleApplication@48212440
reloadAllAccessors: .LevelCrossTest8

===========================================================================================
----------------- testing Tue Oct 13 11:58:51 UTC 2020 /home/travis/build/icyphy/ptII/ptolemy/actor/lib/test/auto/LevelCrossTest9.xml
----------------- Instantiating /home/travis/build/icyphy/ptII/ptolemy/actor/lib/test/auto/LevelCrossTest9.xml
1 ms. Memory: 284672K Free: 100172K (35%)
----------------- Invoking toplevel() on ptolemy.moml.MoMLSimpleApplication@23d1853e
----------------- Done invoking toplevel() on ptolemy.moml.MoMLSimpleApplication@23d1853e
reloadAllAccessors: .LevelCrossTest9

===========================================================================================
----------------- testing Tue Oct 13 11:58:51 UTC 2020 /home/travis/build/icyphy/ptII/ptolemy/actor/lib/test/auto/LevinsonDurbin.xml
----------------- Instantiating /home/travis/build/icyphy/ptII/ptolemy/actor/lib/test/auto/LevinsonDurbin.xml
1 ms. Memory: 284672K Free: 96076K (34%)
----------------- Invoking toplevel() on ptolemy.moml.MoMLSimpleApplication@7c16e9e1
----------------- Done invoking toplevel() on ptolemy.moml.MoMLSimpleApplication@7c16e9e1
reloadAllAccessors: .LevinsonDurbin

===========================================================================================
----------------- testing Tue Oct 13 11:58:51 UTC 2020 /home/travis/build/icyphy/ptII/ptolemy/actor/lib/test/auto/LevinsonDurbin2.xml
----------------- Instantiating /home/travis/build/icyphy/ptII/ptolemy/actor/lib/test/auto/LevinsonDurbin2.xml
1 ms. Memory: 284672K Free: 91980K (32%)
----------------- Invoking toplevel() on ptolemy.moml.MoMLSimpleApplication@3b5515a6
----------------- Done invoking toplevel() on ptolemy.moml.MoMLSimpleApplication@3b5515a6
reloadAllAccessors: .LevinsonDurbin2

===========================================================================================
----------------- testing Tue Oct 13 11:58:51 UTC 2020 /home/travis/build/icyphy/ptII/ptolemy/actor/lib/test/auto/LevinsonDurbin3.xml
----------------- Instantiating /home/travis/build/icyphy/ptII/ptolemy/actor/lib/test/auto/LevinsonDurbin3.xml
4 ms. Memory: 284672K Free: 87884K (31%)
----------------- Invoking toplevel() on ptolemy.moml.MoMLSimpleApplication@2f38c0d9
----------------- Done invoking toplevel() on ptolemy.moml.MoMLSimpleApplication@2f38c0d9
reloadAllAccessors: .LevinsonDurbin3

===========================================================================================
----------------- testing Tue Oct 13 11:58:51 UTC 2020 /home/travis/build/icyphy/ptII/ptolemy/actor/lib/test/auto/Limiter.xml
----------------- Instantiating /home/travis/build/icyphy/ptII/ptolemy/actor/lib/test/auto/Limiter.xml
4 ms. Memory: 284672K Free: 78662K (28%)
----------------- Invoking toplevel() on ptolemy.moml.MoMLSimpleApplication@74cbbe54
----------------- Done invoking toplevel() on ptolemy.moml.MoMLSimpleApplication@74cbbe54
reloadAllAccessors: .Limiter

===========================================================================================
----------------- testing Tue Oct 13 11:58:51 UTC 2020 /home/travis/build/icyphy/ptII/ptolemy/actor/lib/test/auto/LinearDifferenceEquationSystem.xml
----------------- Instantiating /home/travis/build/icyphy/ptII/ptolemy/actor/lib/test/auto/LinearDifferenceEquationSystem.xml
2 ms. Memory: 284672K Free: 70990K (25%)
----------------- Invoking toplevel() on ptolemy.moml.MoMLSimpleApplication@78930010
----------------- Done invoking toplevel() on ptolemy.moml.MoMLSimpleApplication@78930010
reloadAllAccessors: .LinearDifferenceEquationSystem

===========================================================================================
----------------- testing Tue Oct 13 11:58:52 UTC 2020 /home/travis/build/icyphy/ptII/ptolemy/actor/lib/test/auto/LookupTable.xml
----------------- Instantiating /home/travis/build/icyphy/ptII/ptolemy/actor/lib/test/auto/LookupTable.xml
1 ms. Memory: 284672K Free: 232260K (82%)
----------------- Invoking toplevel() on ptolemy.moml.MoMLSimpleApplication@15be101c
----------------- Done invoking toplevel() on ptolemy.moml.MoMLSimpleApplication@15be101c
reloadAllAccessors: .LookupTable

===========================================================================================
----------------- testing Tue Oct 13 11:58:52 UTC 2020 /home/travis/build/icyphy/ptII/ptolemy/actor/lib/test/auto/MathFunction.xml
----------------- Instantiating /home/travis/build/icyphy/ptII/ptolemy/actor/lib/test/auto/MathFunction.xml
1 ms. Memory: 284672K Free: 224068K (79%)
----------------- Invoking toplevel() on ptolemy.moml.MoMLSimpleApplication@7e7a9bc9
----------------- Done invoking toplevel() on ptolemy.moml.MoMLSimpleApplication@7e7a9bc9
reloadAllAccessors: .MathFunction

===========================================================================================
----------------- testing Tue Oct 13 11:58:52 UTC 2020 /home/travis/build/icyphy/ptII/ptolemy/actor/lib/test/auto/MathFunction2.xml
----------------- Instantiating /home/travis/build/icyphy/ptII/ptolemy/actor/lib/test/auto/MathFunction2.xml
1 ms. Memory: 284672K Free: 219972K (77%)
----------------- Invoking toplevel() on ptolemy.moml.MoMLSimpleApplication@2bd45926
----------------- Done invoking toplevel() on ptolemy.moml.MoMLSimpleApplication@2bd45926
reloadAllAccessors: .MathFunction2

===========================================================================================
----------------- testing Tue Oct 13 11:58:52 UTC 2020 /home/travis/build/icyphy/ptII/ptolemy/actor/lib/test/auto/MathFunction3.xml
----------------- Instantiating /home/travis/build/icyphy/ptII/ptolemy/actor/lib/test/auto/MathFunction3.xml
1 ms. Memory: 284672K Free: 212804K (75%)
----------------- Invoking toplevel() on ptolemy.moml.MoMLSimpleApplication@a64b37b
----------------- Done invoking toplevel() on ptolemy.moml.MoMLSimpleApplication@a64b37b
reloadAllAccessors: .MathFunction3

===========================================================================================
----------------- testing Tue Oct 13 11:58:52 UTC 2020 /home/travis/build/icyphy/ptII/ptolemy/actor/lib/test/auto/MatrixCropBoolean.xml
----------------- Instantiating /home/travis/build/icyphy/ptII/ptolemy/actor/lib/test/auto/MatrixCropBoolean.xml
1 ms. Memory: 284672K Free: 207654K (73%)
----------------- Invoking toplevel() on ptolemy.moml.MoMLSimpleApplication@757b2b4c
----------------- Done invoking toplevel() on ptolemy.moml.MoMLSimpleApplication@757b2b4c
reloadAllAccessors: .MatrixCropBoolean

===========================================================================================
----------------- testing Tue Oct 13 11:58:52 UTC 2020 /home/travis/build/icyphy/ptII/ptolemy/actor/lib/test/auto/MatrixCropComplex.xml
----------------- Instantiating /home/travis/build/icyphy/ptII/ptolemy/actor/lib/test/auto/MatrixCropComplex.xml
2 ms. Memory: 284672K Free: 202550K (71%)
----------------- Invoking toplevel() on ptolemy.moml.MoMLSimpleApplication@2a789b78
----------------- Done invoking toplevel() on ptolemy.moml.MoMLSimpleApplication@2a789b78
reloadAllAccessors: .MatrixCropComplex

===========================================================================================
----------------- testing Tue Oct 13 11:58:52 UTC 2020 /home/travis/build/icyphy/ptII/ptolemy/actor/lib/test/auto/MatrixCropDouble.xml
----------------- Instantiating /home/travis/build/icyphy/ptII/ptolemy/actor/lib/test/auto/MatrixCropDouble.xml
1 ms. Memory: 284672K Free: 197430K (69%)
----------------- Invoking toplevel() on ptolemy.moml.MoMLSimpleApplication@bf50b8e
----------------- Done invoking toplevel() on ptolemy.moml.MoMLSimpleApplication@bf50b8e
reloadAllAccessors: .MatrixCropDouble

===========================================================================================
----------------- testing Tue Oct 13 11:58:52 UTC 2020 /home/travis/build/icyphy/ptII/ptolemy/actor/lib/test/auto/MatrixCropFix.xml
----------------- Instantiating /home/travis/build/icyphy/ptII/ptolemy/actor/lib/test/auto/MatrixCropFix.xml
2 ms. Memory: 284672K Free: 192318K (68%)
----------------- Invoking toplevel() on ptolemy.moml.MoMLSimpleApplication@6a1f3b73
----------------- Done invoking toplevel() on ptolemy.moml.MoMLSimpleApplication@6a1f3b73
reloadAllAccessors: .MatrixCropFix

===========================================================================================
----------------- testing Tue Oct 13 11:58:52 UTC 2020 /home/travis/build/icyphy/ptII/ptolemy/actor/lib/test/auto/MatrixCropInt.xml
----------------- Instantiating /home/travis/build/icyphy/ptII/ptolemy/actor/lib/test/auto/MatrixCropInt.xml
2 ms. Memory: 284672K Free: 187190K (66%)
----------------- Invoking toplevel() on ptolemy.moml.MoMLSimpleApplication@58df4dcf
----------------- Done invoking toplevel() on ptolemy.moml.MoMLSimpleApplication@58df4dcf
reloadAllAccessors: .MatrixCropInt

===========================================================================================
----------------- testing Tue Oct 13 11:58:52 UTC 2020 /home/travis/build/icyphy/ptII/ptolemy/actor/lib/test/auto/MatrixCropLong.xml
----------------- Instantiating /home/travis/build/icyphy/ptII/ptolemy/actor/lib/test/auto/MatrixCropLong.xml
2 ms. Memory: 284672K Free: 182070K (64%)
----------------- Invoking toplevel() on ptolemy.moml.MoMLSimpleApplication@3a4f244f
----------------- Done invoking toplevel() on ptolemy.moml.MoMLSimpleApplication@3a4f244f
reloadAllAccessors: .MatrixCropLong

===========================================================================================
----------------- testing Tue Oct 13 11:58:52 UTC 2020 /home/travis/build/icyphy/ptII/ptolemy/actor/lib/test/auto/MatrixToArray.xml
----------------- Instantiating /home/travis/build/icyphy/ptII/ptolemy/actor/lib/test/auto/MatrixToArray.xml
4 ms. Memory: 284672K Free: 167238K (59%)
----------------- Invoking toplevel() on ptolemy.moml.MoMLSimpleApplication@4606a8f4
----------------- Done invoking toplevel() on ptolemy.moml.MoMLSimpleApplication@4606a8f4
reloadAllAccessors: .MatrixToArray

===========================================================================================
----------------- testing Tue Oct 13 11:58:52 UTC 2020 /home/travis/build/icyphy/ptII/ptolemy/actor/lib/test/auto/MaxIndex.xml
----------------- Instantiating /home/travis/build/icyphy/ptII/ptolemy/actor/lib/test/auto/MaxIndex.xml
2 ms. Memory: 284672K Free: 162118K (57%)
----------------- Invoking toplevel() on ptolemy.moml.MoMLSimpleApplication@4b2915ec
----------------- Done invoking toplevel() on ptolemy.moml.MoMLSimpleApplication@4b2915ec
reloadAllAccessors: .MaxIndex

===========================================================================================
----------------- testing Tue Oct 13 11:58:52 UTC 2020 /home/travis/build/icyphy/ptII/ptolemy/actor/lib/test/auto/Maximum.xml
----------------- Instantiating /home/travis/build/icyphy/ptII/ptolemy/actor/lib/test/auto/Maximum.xml
3 ms. Memory: 284672K Free: 155430K (55%)
----------------- Invoking toplevel() on ptolemy.moml.MoMLSimpleApplication@70b635ba
----------------- Done invoking toplevel() on ptolemy.moml.MoMLSimpleApplication@70b635ba
reloadAllAccessors: .Maximum

===========================================================================================
----------------- testing Tue Oct 13 11:58:52 UTC 2020 /home/travis/build/icyphy/ptII/ptolemy/actor/lib/test/auto/MaximumComplex.xml
----------------- Instantiating /home/travis/build/icyphy/ptII/ptolemy/actor/lib/test/auto/MaximumComplex.xml
2 ms. Memory: 284672K Free: 149302K (52%)
----------------- Invoking toplevel() on ptolemy.moml.MoMLSimpleApplication@34daa285
----------------- Done invoking toplevel() on ptolemy.moml.MoMLSimpleApplication@34daa285
reloadAllAccessors: .MaximumComplex

===========================================================================================
----------------- testing Tue Oct 13 11:58:52 UTC 2020 /home/travis/build/icyphy/ptII/ptolemy/actor/lib/test/auto/MethodCallTest.xml
----------------- Instantiating /home/travis/build/icyphy/ptII/ptolemy/actor/lib/test/auto/MethodCallTest.xml
2 ms. Memory: 284672K Free: 142662K (50%)
----------------- Invoking toplevel() on ptolemy.moml.MoMLSimpleApplication@263c1b4c
----------------- Done invoking toplevel() on ptolemy.moml.MoMLSimpleApplication@263c1b4c
reloadAllAccessors: .MethodCallTest

===========================================================================================
----------------- testing Tue Oct 13 11:58:52 UTC 2020 /home/travis/build/icyphy/ptII/ptolemy/actor/lib/test/auto/Minimum.xml
----------------- Instantiating /home/travis/build/icyphy/ptII/ptolemy/actor/lib/test/auto/Minimum.xml
4 ms. Memory: 284672K Free: 136518K (48%)
----------------- Invoking toplevel() on ptolemy.moml.MoMLSimpleApplication@4386f3af
----------------- Done invoking toplevel() on ptolemy.moml.MoMLSimpleApplication@4386f3af
reloadAllAccessors: .Minimum

===========================================================================================
----------------- testing Tue Oct 13 11:58:52 UTC 2020 /home/travis/build/icyphy/ptII/ptolemy/actor/lib/test/auto/MinimumComplex.xml
----------------- Instantiating /home/travis/build/icyphy/ptII/ptolemy/actor/lib/test/auto/MinimumComplex.xml
2 ms. Memory: 284672K Free: 130374K (46%)
----------------- Invoking toplevel() on ptolemy.moml.MoMLSimpleApplication@3bbc6d86
----------------- Done invoking toplevel() on ptolemy.moml.MoMLSimpleApplication@3bbc6d86
reloadAllAccessors: .MinimumComplex

===========================================================================================
----------------- testing Tue Oct 13 11:58:52 UTC 2020 /home/travis/build/icyphy/ptII/ptolemy/actor/lib/test/auto/MinimumMultiports.xml
----------------- Instantiating /home/travis/build/icyphy/ptII/ptolemy/actor/lib/test/auto/MinimumMultiports.xml
3 ms. Memory: 284672K Free: 121638K (43%)
----------------- Invoking toplevel() on ptolemy.moml.MoMLSimpleApplication@96c7df0
----------------- Done invoking toplevel() on ptolemy.moml.MoMLSimpleApplication@96c7df0
reloadAllAccessors: .MinimumMultiports

===========================================================================================
----------------- testing Tue Oct 13 11:58:52 UTC 2020 /home/travis/build/icyphy/ptII/ptolemy/actor/lib/test/auto/ModifyDate.xml
----------------- Instantiating /home/travis/build/icyphy/ptII/ptolemy/actor/lib/test/auto/ModifyDate.xml
4 ms. Memory: 284672K Free: 108870K (38%)
----------------- Invoking toplevel() on ptolemy.moml.MoMLSimpleApplication@41a0a04c
----------------- Done invoking toplevel() on ptolemy.moml.MoMLSimpleApplication@41a0a04c
reloadAllAccessors: .ModifyDate

===========================================================================================
----------------- testing Tue Oct 13 11:58:52 UTC 2020 /home/travis/build/icyphy/ptII/ptolemy/actor/lib/test/auto/ModifyDate2.xml
----------------- Instantiating /home/travis/build/icyphy/ptII/ptolemy/actor/lib/test/auto/ModifyDate2.xml
2 ms. Memory: 284672K Free: 100150K (35%)
----------------- Invoking toplevel() on ptolemy.moml.MoMLSimpleApplication@6882905a
----------------- Done invoking toplevel() on ptolemy.moml.MoMLSimpleApplication@6882905a
reloadAllAccessors: .ModifyDate2

===========================================================================================
----------------- testing Tue Oct 13 11:58:52 UTC 2020 /home/travis/build/icyphy/ptII/ptolemy/actor/lib/test/auto/MovingAverage.xml
----------------- Instantiating /home/travis/build/icyphy/ptII/ptolemy/actor/lib/test/auto/MovingAverage.xml
2 ms. Memory: 284672K Free: 95044K (33%)
----------------- Invoking toplevel() on ptolemy.moml.MoMLSimpleApplication@2f992881
----------------- Done invoking toplevel() on ptolemy.moml.MoMLSimpleApplication@2f992881
reloadAllAccessors: .MovingAverage

===========================================================================================
----------------- testing Tue Oct 13 11:58:52 UTC 2020 /home/travis/build/icyphy/ptII/ptolemy/actor/lib/test/auto/MovingMaximum.xml
----------------- Instantiating /home/travis/build/icyphy/ptII/ptolemy/actor/lib/test/auto/MovingMaximum.xml
2 ms. Memory: 284672K Free: 90934K (32%)
----------------- Invoking toplevel() on ptolemy.moml.MoMLSimpleApplication@825704b
----------------- Done invoking toplevel() on ptolemy.moml.MoMLSimpleApplication@825704b
reloadAllAccessors: .MovingMaximum

===========================================================================================
----------------- testing Tue Oct 13 11:58:52 UTC 2020 /home/travis/build/icyphy/ptII/ptolemy/actor/lib/test/auto/MultipleLinksToSameRelation.xml
----------------- Instantiating /home/travis/build/icyphy/ptII/ptolemy/actor/lib/test/auto/MultipleLinksToSameRelation.xml
2 ms. Memory: 284672K Free: 86342K (30%)
----------------- Invoking toplevel() on ptolemy.moml.MoMLSimpleApplication@28abdac3
----------------- Done invoking toplevel() on ptolemy.moml.MoMLSimpleApplication@28abdac3
reloadAllAccessors: .MultipleLinksToSameRelation

===========================================================================================
----------------- testing Tue Oct 13 11:58:52 UTC 2020 /home/travis/build/icyphy/ptII/ptolemy/actor/lib/test/auto/MultipleLinksToSameRelationDE.xml
----------------- Instantiating /home/travis/build/icyphy/ptII/ptolemy/actor/lib/test/auto/MultipleLinksToSameRelationDE.xml
1 ms. Memory: 284672K Free: 81702K (29%)
----------------- Invoking toplevel() on ptolemy.moml.MoMLSimpleApplication@7132b5b7
----------------- Done invoking toplevel() on ptolemy.moml.MoMLSimpleApplication@7132b5b7
reloadAllAccessors: .MultipleLinksToSameRelationDE

===========================================================================================
----------------- testing Tue Oct 13 11:58:52 UTC 2020 /home/travis/build/icyphy/ptII/ptolemy/actor/lib/test/auto/Multiplexor.xml
----------------- Instantiating /home/travis/build/icyphy/ptII/ptolemy/actor/lib/test/auto/Multiplexor.xml
2 ms. Memory: 284672K Free: 76612K (27%)
----------------- Invoking toplevel() on ptolemy.moml.MoMLSimpleApplication@4b38a20a
----------------- Done invoking toplevel() on ptolemy.moml.MoMLSimpleApplication@4b38a20a
reloadAllAccessors: .Multiplexor

===========================================================================================
----------------- testing Tue Oct 13 11:58:52 UTC 2020 /home/travis/build/icyphy/ptII/ptolemy/actor/lib/test/auto/Multiplexor1.xml
----------------- Instantiating /home/travis/build/icyphy/ptII/ptolemy/actor/lib/test/auto/Multiplexor1.xml
2 ms. Memory: 284672K Free: 70454K (25%)
----------------- Invoking toplevel() on ptolemy.moml.MoMLSimpleApplication@1c821445
----------------- Done invoking toplevel() on ptolemy.moml.MoMLSimpleApplication@1c821445
reloadAllAccessors: .Multiplexor1

===========================================================================================
----------------- testing Tue Oct 13 11:58:52 UTC 2020 /home/travis/build/icyphy/ptII/ptolemy/actor/lib/test/auto/Multiplexor2.xml
----------------- Instantiating /home/travis/build/icyphy/ptII/ptolemy/actor/lib/test/auto/Multiplexor2.xml
6 ms. Memory: 284672K Free: 229414K (81%)
----------------- Invoking toplevel() on ptolemy.moml.MoMLSimpleApplication@70347313
----------------- Done invoking toplevel() on ptolemy.moml.MoMLSimpleApplication@70347313
reloadAllAccessors: .Multiplexor2

===========================================================================================
----------------- testing Tue Oct 13 11:58:52 UTC 2020 /home/travis/build/icyphy/ptII/ptolemy/actor/lib/test/auto/Multiplexor3.xml
----------------- Instantiating /home/travis/build/icyphy/ptII/ptolemy/actor/lib/test/auto/Multiplexor3.xml
2 ms. Memory: 284672K Free: 225320K (79%)
----------------- Invoking toplevel() on ptolemy.moml.MoMLSimpleApplication@6eabd858
----------------- Done invoking toplevel() on ptolemy.moml.MoMLSimpleApplication@6eabd858
reloadAllAccessors: .Multiplexor3

===========================================================================================
----------------- testing Tue Oct 13 11:58:52 UTC 2020 /home/travis/build/icyphy/ptII/ptolemy/actor/lib/test/auto/MultiplexorDE.xml
----------------- Instantiating /home/travis/build/icyphy/ptII/ptolemy/actor/lib/test/auto/MultiplexorDE.xml
2 ms. Memory: 284672K Free: 217632K (76%)
----------------- Invoking toplevel() on ptolemy.moml.MoMLSimpleApplication@2e286907
----------------- Done invoking toplevel() on ptolemy.moml.MoMLSimpleApplication@2e286907
reloadAllAccessors: .MultiplexorDE

===========================================================================================
----------------- testing Tue Oct 13 11:58:52 UTC 2020 /home/travis/build/icyphy/ptII/ptolemy/actor/lib/test/auto/MultiportBroadcastTest.xml
----------------- Instantiating /home/travis/build/icyphy/ptII/ptolemy/actor/lib/test/auto/MultiportBroadcastTest.xml
84 ms. Memory: 284672K Free: 210984K (74%)
----------------- Invoking toplevel() on ptolemy.moml.MoMLSimpleApplication@69a6f0d4
----------------- Done invoking toplevel() on ptolemy.moml.MoMLSimpleApplication@69a6f0d4
reloadAllAccessors: .MultiportBroadcastTest

===========================================================================================
----------------- testing Tue Oct 13 11:58:52 UTC 2020 /home/travis/build/icyphy/ptII/ptolemy/actor/lib/test/auto/MultiportOutHangDuringGetWidth.xml
----------------- Instantiating /home/travis/build/icyphy/ptII/ptolemy/actor/lib/test/auto/MultiportOutHangDuringGetWidth.xml
5 ms. Memory: 284672K Free: 199200K (70%)
----------------- Invoking toplevel() on ptolemy.moml.MoMLSimpleApplication@16c38ed1
----------------- Done invoking toplevel() on ptolemy.moml.MoMLSimpleApplication@16c38ed1
reloadAllAccessors: .MultiportOutHangDuringGetWidth

===========================================================================================
----------------- testing Tue Oct 13 11:58:52 UTC 2020 /home/travis/build/icyphy/ptII/ptolemy/actor/lib/test/auto/NilToken.xml
----------------- Instantiating /home/travis/build/icyphy/ptII/ptolemy/actor/lib/test/auto/NilToken.xml
1 ms. Memory: 284672K Free: 195110K (69%)
----------------- Invoking toplevel() on ptolemy.moml.MoMLSimpleApplication@1d74650f
----------------- Done invoking toplevel() on ptolemy.moml.MoMLSimpleApplication@1d74650f
reloadAllAccessors: .NilToken

===========================================================================================
----------------- testing Tue Oct 13 11:58:52 UTC 2020 /home/travis/build/icyphy/ptII/ptolemy/actor/lib/test/auto/NilTokenNonStrictTest.xml
----------------- Instantiating /home/travis/build/icyphy/ptII/ptolemy/actor/lib/test/auto/NilTokenNonStrictTest.xml
1 ms. Memory: 284672K Free: 189990K (67%)
----------------- Invoking toplevel() on ptolemy.moml.MoMLSimpleApplication@3e988dc
----------------- Done invoking toplevel() on ptolemy.moml.MoMLSimpleApplication@3e988dc
reloadAllAccessors: .NilTokenNonStrictTest

===========================================================================================
----------------- testing Tue Oct 13 11:58:52 UTC 2020 /home/travis/build/icyphy/ptII/ptolemy/actor/lib/test/auto/NilTokenRecord.xml
----------------- Instantiating /home/travis/build/icyphy/ptII/ptolemy/actor/lib/test/auto/NilTokenRecord.xml
4 ms. Memory: 284672K Free: 182822K (64%)
----------------- Invoking toplevel() on ptolemy.moml.MoMLSimpleApplication@4a12bef
----------------- Done invoking toplevel() on ptolemy.moml.MoMLSimpleApplication@4a12bef
reloadAllAccessors: .NilTokenRecord

===========================================================================================
----------------- testing Tue Oct 13 11:58:52 UTC 2020 /home/travis/build/icyphy/ptII/ptolemy/actor/lib/test/auto/NilTokenTypeTest.xml
----------------- Instantiating /home/travis/build/icyphy/ptII/ptolemy/actor/lib/test/auto/NilTokenTypeTest.xml
8 ms. Memory: 284672K Free: 173096K (61%)
----------------- Invoking toplevel() on ptolemy.moml.MoMLSimpleApplication@ce49e61
----------------- Done invoking toplevel() on ptolemy.moml.MoMLSimpleApplication@ce49e61
reloadAllAccessors: .NilTokenTypeTest

===========================================================================================
----------------- testing Tue Oct 13 11:58:52 UTC 2020 /home/travis/build/icyphy/ptII/ptolemy/actor/lib/test/auto/ObjectToken1.xml
----------------- Instantiating /home/travis/build/icyphy/ptII/ptolemy/actor/lib/test/auto/ObjectToken1.xml
2 ms. Memory: 284672K Free: 168998K (59%)
----------------- Invoking toplevel() on ptolemy.moml.MoMLSimpleApplication@61d87f5c
----------------- Done invoking toplevel() on ptolemy.moml.MoMLSimpleApplication@61d87f5c
reloadAllAccessors: .ObjectToken1

===========================================================================================
----------------- testing Tue Oct 13 11:58:52 UTC 2020 /home/travis/build/icyphy/ptII/ptolemy/actor/lib/test/auto/OrderedMerge.xml
----------------- Instantiating /home/travis/build/icyphy/ptII/ptolemy/actor/lib/test/auto/OrderedMerge.xml
15 ms. Memory: 284672K Free: 163366K (57%)
----------------- Invoking toplevel() on ptolemy.moml.MoMLSimpleApplication@32e0d48
----------------- Done invoking toplevel() on ptolemy.moml.MoMLSimpleApplication@32e0d48
reloadAllAccessors: .OrderedMerge

===========================================================================================
----------------- testing Tue Oct 13 11:58:52 UTC 2020 /home/travis/build/icyphy/ptII/ptolemy/actor/lib/test/auto/OrderedRecordDisassembler.xml
----------------- Instantiating /home/travis/build/icyphy/ptII/ptolemy/actor/lib/test/auto/OrderedRecordDisassembler.xml
2 ms. Memory: 284672K Free: 158232K (56%)
----------------- Invoking toplevel() on ptolemy.moml.MoMLSimpleApplication@297654c4
----------------- Done invoking toplevel() on ptolemy.moml.MoMLSimpleApplication@297654c4
reloadAllAccessors: .OrderedRecordDisassembler

===========================================================================================
----------------- testing Tue Oct 13 11:58:52 UTC 2020 /home/travis/build/icyphy/ptII/ptolemy/actor/lib/test/auto/OrderedRecordDisassembler2.xml
----------------- Instantiating /home/travis/build/icyphy/ptII/ptolemy/actor/lib/test/auto/OrderedRecordDisassembler2.xml
3 ms. Memory: 284672K Free: 150568K (53%)
----------------- Invoking toplevel() on ptolemy.moml.MoMLSimpleApplication@7bf35e09
----------------- Done invoking toplevel() on ptolemy.moml.MoMLSimpleApplication@7bf35e09
reloadAllAccessors: .OrderedRecordDisassembler2

===========================================================================================
----------------- testing Tue Oct 13 11:58:52 UTC 2020 /home/travis/build/icyphy/ptII/ptolemy/actor/lib/test/auto/OrderedRecordUpdater.xml
----------------- Instantiating /home/travis/build/icyphy/ptII/ptolemy/actor/lib/test/auto/OrderedRecordUpdater.xml
2 ms. Memory: 284672K Free: 145448K (51%)
----------------- Invoking toplevel() on ptolemy.moml.MoMLSimpleApplication@2bf0a46a
----------------- Done invoking toplevel() on ptolemy.moml.MoMLSimpleApplication@2bf0a46a
reloadAllAccessors: .RecordUpdater

===========================================================================================
----------------- testing Tue Oct 13 11:58:52 UTC 2020 /home/travis/build/icyphy/ptII/ptolemy/actor/lib/test/auto/OrderedRecordUpdater2.xml
----------------- Instantiating /home/travis/build/icyphy/ptII/ptolemy/actor/lib/test/auto/OrderedRecordUpdater2.xml
2 ms. Memory: 284672K Free: 140328K (49%)
----------------- Invoking toplevel() on ptolemy.moml.MoMLSimpleApplication@46a53a05
----------------- Done invoking toplevel() on ptolemy.moml.MoMLSimpleApplication@46a53a05
reloadAllAccessors: .RecordUpdater2

===========================================================================================
----------------- testing Tue Oct 13 11:58:52 UTC 2020 /home/travis/build/icyphy/ptII/ptolemy/actor/lib/test/auto/PhaseUnwrap.xml
----------------- Instantiating /home/travis/build/icyphy/ptII/ptolemy/actor/lib/test/auto/PhaseUnwrap.xml
1 ms. Memory: 284672K Free: 135718K (48%)
----------------- Invoking toplevel() on ptolemy.moml.MoMLSimpleApplication@4fca4eed
----------------- Done invoking toplevel() on ptolemy.moml.MoMLSimpleApplication@4fca4eed
reloadAllAccessors: .PhaseUnwrap

===========================================================================================
----------------- testing Tue Oct 13 11:58:52 UTC 2020 /home/travis/build/icyphy/ptII/ptolemy/actor/lib/test/auto/PoissonClock.xml
----------------- Instantiating /home/travis/build/icyphy/ptII/ptolemy/actor/lib/test/auto/PoissonClock.xml
2 ms. Memory: 284672K Free: 131622K (46%)
----------------- Invoking toplevel() on ptolemy.moml.MoMLSimpleApplication@2edccb73
----------------- Done invoking toplevel() on ptolemy.moml.MoMLSimpleApplication@2edccb73
reloadAllAccessors: .PoissonClock

===========================================================================================
----------------- testing Tue Oct 13 11:58:52 UTC 2020 /home/travis/build/icyphy/ptII/ptolemy/actor/lib/test/auto/PoissonClock2.xml
----------------- Instantiating /home/travis/build/icyphy/ptII/ptolemy/actor/lib/test/auto/PoissonClock2.xml
1 ms. Memory: 284672K Free: 127016K (45%)
----------------- Invoking toplevel() on ptolemy.moml.MoMLSimpleApplication@dbb764a
----------------- Done invoking toplevel() on ptolemy.moml.MoMLSimpleApplication@dbb764a
reloadAllAccessors: .PoissonClock2

===========================================================================================
----------------- testing Tue Oct 13 11:58:52 UTC 2020 /home/travis/build/icyphy/ptII/ptolemy/actor/lib/test/auto/PoissonClock3.xml
----------------- Instantiating /home/travis/build/icyphy/ptII/ptolemy/actor/lib/test/auto/PoissonClock3.xml
1 ms. Memory: 284672K Free: 122406K (43%)
----------------- Invoking toplevel() on ptolemy.moml.MoMLSimpleApplication@478209d4
----------------- Done invoking toplevel() on ptolemy.moml.MoMLSimpleApplication@478209d4
reloadAllAccessors: .PoissonClock3

===========================================================================================
----------------- testing Tue Oct 13 11:58:52 UTC 2020 /home/travis/build/icyphy/ptII/ptolemy/actor/lib/test/auto/PubSubWithInitialTokens.xml
----------------- Instantiating /home/travis/build/icyphy/ptII/ptolemy/actor/lib/test/auto/PubSubWithInitialTokens.xml
2 ms. Memory: 284672K Free: 116776K (41%)
----------------- Invoking toplevel() on ptolemy.moml.MoMLSimpleApplication@7789f2f9
----------------- Done invoking toplevel() on ptolemy.moml.MoMLSimpleApplication@7789f2f9
reloadAllAccessors: .PubSubWithInitialTokens

===========================================================================================
----------------- testing Tue Oct 13 11:58:52 UTC 2020 /home/travis/build/icyphy/ptII/ptolemy/actor/lib/test/auto/PubSubWithInitialTokens2.xml
----------------- Instantiating /home/travis/build/icyphy/ptII/ptolemy/actor/lib/test/auto/PubSubWithInitialTokens2.xml
2 ms. Memory: 284672K Free: 110632K (39%)
----------------- Invoking toplevel() on ptolemy.moml.MoMLSimpleApplication@4e279029
----------------- Done invoking toplevel() on ptolemy.moml.MoMLSimpleApplication@4e279029
reloadAllAccessors: .PubSubWithInitialTokens2

===========================================================================================
----------------- testing Tue Oct 13 11:58:52 UTC 2020 /home/travis/build/icyphy/ptII/ptolemy/actor/lib/test/auto/PublisherClassNoParameter.xml
----------------- Instantiating /home/travis/build/icyphy/ptII/ptolemy/actor/lib/test/auto/PublisherClassNoParameter.xml
2 ms. Memory: 284672K Free: 100392K (35%)
----------------- Invoking toplevel() on ptolemy.moml.MoMLSimpleApplication@c10c690
----------------- Done invoking toplevel() on ptolemy.moml.MoMLSimpleApplication@c10c690
reloadAllAccessors: .PublisherClassNoParameter

===========================================================================================
----------------- testing Tue Oct 13 11:58:52 UTC 2020 /home/travis/build/icyphy/ptII/ptolemy/actor/lib/test/auto/PublisherClassParameter.xml
----------------- Instantiating /home/travis/build/icyphy/ptII/ptolemy/actor/lib/test/auto/PublisherClassParameter.xml
2 ms. Memory: 284672K Free: 90152K (32%)
----------------- Invoking toplevel() on ptolemy.moml.MoMLSimpleApplication@720dd373
----------------- Done invoking toplevel() on ptolemy.moml.MoMLSimpleApplication@720dd373
reloadAllAccessors: .PublisherClassParameter

===========================================================================================
----------------- testing Tue Oct 13 11:58:53 UTC 2020 /home/travis/build/icyphy/ptII/ptolemy/actor/lib/test/auto/PublisherNonStrictTest.xml
----------------- Instantiating /home/travis/build/icyphy/ptII/ptolemy/actor/lib/test/auto/PublisherNonStrictTest.xml
3 ms. Memory: 284672K Free: 82464K (29%)
----------------- Invoking toplevel() on ptolemy.moml.MoMLSimpleApplication@2e625e86
----------------- Done invoking toplevel() on ptolemy.moml.MoMLSimpleApplication@2e625e86
reloadAllAccessors: .PublisherNonStrictTest

===========================================================================================
----------------- testing Tue Oct 13 11:58:53 UTC 2020 /home/travis/build/icyphy/ptII/ptolemy/actor/lib/test/auto/PublisherPort1.xml
----------------- Instantiating /home/travis/build/icyphy/ptII/ptolemy/actor/lib/test/auto/PublisherPort1.xml
3 ms. Memory: 284672K Free: 76840K (27%)
----------------- Invoking toplevel() on ptolemy.moml.MoMLSimpleApplication@6dfb79c2
----------------- Done invoking toplevel() on ptolemy.moml.MoMLSimpleApplication@6dfb79c2
reloadAllAccessors: .PublisherPort1

===========================================================================================
----------------- testing Tue Oct 13 11:58:53 UTC 2020 /home/travis/build/icyphy/ptII/ptolemy/actor/lib/test/auto/PublisherPort2.xml
----------------- Instantiating /home/travis/build/icyphy/ptII/ptolemy/actor/lib/test/auto/PublisherPort2.xml
1 ms. Memory: 284672K Free: 71720K (25%)
----------------- Invoking toplevel() on ptolemy.moml.MoMLSimpleApplication@4a03dbf5
----------------- Done invoking toplevel() on ptolemy.moml.MoMLSimpleApplication@4a03dbf5
reloadAllAccessors: .PublisherPort2

===========================================================================================
----------------- testing Tue Oct 13 11:58:53 UTC 2020 /home/travis/build/icyphy/ptII/ptolemy/actor/lib/test/auto/PublisherPort3.xml
----------------- Instantiating /home/travis/build/icyphy/ptII/ptolemy/actor/lib/test/auto/PublisherPort3.xml
2 ms. Memory: 284672K Free: 230609K (81%)
----------------- Invoking toplevel() on ptolemy.moml.MoMLSimpleApplication@6c77df9c
----------------- Done invoking toplevel() on ptolemy.moml.MoMLSimpleApplication@6c77df9c
reloadAllAccessors: .PublisherPort3

===========================================================================================
----------------- testing Tue Oct 13 11:58:53 UTC 2020 /home/travis/build/icyphy/ptII/ptolemy/actor/lib/test/auto/PublisherPort4.xml
----------------- Instantiating /home/travis/build/icyphy/ptII/ptolemy/actor/lib/test/auto/PublisherPort4.xml
2 ms. Memory: 284672K Free: 224481K (79%)
----------------- Invoking toplevel() on ptolemy.moml.MoMLSimpleApplication@1d4cdbd9
----------------- Done invoking toplevel() on ptolemy.moml.MoMLSimpleApplication@1d4cdbd9
reloadAllAccessors: .PublisherPort4

===========================================================================================
----------------- testing Tue Oct 13 11:58:53 UTC 2020 /home/travis/build/icyphy/ptII/ptolemy/actor/lib/test/auto/PublisherPort5.xml
----------------- Instantiating /home/travis/build/icyphy/ptII/ptolemy/actor/lib/test/auto/PublisherPort5.xml
3 ms. Memory: 284672K Free: 216817K (76%)
----------------- Invoking toplevel() on ptolemy.moml.MoMLSimpleApplication@206a1e93
----------------- Done invoking toplevel() on ptolemy.moml.MoMLSimpleApplication@206a1e93
reloadAllAccessors: .PublisherPort5

===========================================================================================
----------------- testing Tue Oct 13 11:58:53 UTC 2020 /home/travis/build/icyphy/ptII/ptolemy/actor/lib/test/auto/PublisherPort5LookAlike.xml
----------------- Instantiating /home/travis/build/icyphy/ptII/ptolemy/actor/lib/test/auto/PublisherPort5LookAlike.xml
2 ms. Memory: 284672K Free: 209135K (73%)
----------------- Invoking toplevel() on ptolemy.moml.MoMLSimpleApplication@4b60962a
----------------- Done invoking toplevel() on ptolemy.moml.MoMLSimpleApplication@4b60962a
reloadAllAccessors: .PublisherPort5LookAlike

===========================================================================================
----------------- testing Tue Oct 13 11:58:53 UTC 2020 /home/travis/build/icyphy/ptII/ptolemy/actor/lib/test/auto/PublisherPort6.xml
----------------- Instantiating /home/travis/build/icyphy/ptII/ptolemy/actor/lib/test/auto/PublisherPort6.xml
2 ms. Memory: 284672K Free: 202481K (71%)
----------------- Invoking toplevel() on ptolemy.moml.MoMLSimpleApplication@e62a8ed
----------------- Done invoking toplevel() on ptolemy.moml.MoMLSimpleApplication@e62a8ed
reloadAllAccessors: .PublisherPort6

===========================================================================================
----------------- testing Tue Oct 13 11:58:53 UTC 2020 /home/travis/build/icyphy/ptII/ptolemy/actor/lib/test/auto/PublisherPort7.xml
----------------- Instantiating /home/travis/build/icyphy/ptII/ptolemy/actor/lib/test/auto/PublisherPort7.xml
3 ms. Memory: 284672K Free: 194799K (68%)
----------------- Invoking toplevel() on ptolemy.moml.MoMLSimpleApplication@2488dbe4
----------------- Done invoking toplevel() on ptolemy.moml.MoMLSimpleApplication@2488dbe4
reloadAllAccessors: .PublisherPort7

===========================================================================================
----------------- testing Tue Oct 13 11:58:53 UTC 2020 /home/travis/build/icyphy/ptII/ptolemy/actor/lib/test/auto/PublisherPort8.xml
----------------- Instantiating /home/travis/build/icyphy/ptII/ptolemy/actor/lib/test/auto/PublisherPort8.xml
3 ms. Memory: 284672K Free: 186097K (65%)
----------------- Invoking toplevel() on ptolemy.moml.MoMLSimpleApplication@eebe907
----------------- Done invoking toplevel() on ptolemy.moml.MoMLSimpleApplication@eebe907
reloadAllAccessors: .PublisherPort8

===========================================================================================
----------------- testing Tue Oct 13 11:58:53 UTC 2020 /home/travis/build/icyphy/ptII/ptolemy/actor/lib/test/auto/PublisherPortSubscriberChannelVariablesAOC2.xml
----------------- Instantiating /home/travis/build/icyphy/ptII/ptolemy/actor/lib/test/auto/PublisherPortSubscriberChannelVariablesAOC2.xml
2 ms. Memory: 284672K Free: 168175K (59%)
----------------- Invoking toplevel() on ptolemy.moml.MoMLSimpleApplication@184ac7a6
----------------- Done invoking toplevel() on ptolemy.moml.MoMLSimpleApplication@184ac7a6
reloadAllAccessors: .PublisherPortSubscriberChannelVariablesAOC2

===========================================================================================
----------------- testing Tue Oct 13 11:58:53 UTC 2020 /home/travis/build/icyphy/ptII/ptolemy/actor/lib/test/auto/PublisherPortSubscriberOpaqueWidthInference.xml
----------------- Instantiating /home/travis/build/icyphy/ptII/ptolemy/actor/lib/test/auto/PublisherPortSubscriberOpaqueWidthInference.xml
3 ms. Memory: 284672K Free: 159969K (56%)
----------------- Invoking toplevel() on ptolemy.moml.MoMLSimpleApplication@332f9192
----------------- Done invoking toplevel() on ptolemy.moml.MoMLSimpleApplication@332f9192
reloadAllAccessors: .PublisherPortSubscriberOpaqueWidthInference

===========================================================================================
----------------- testing Tue Oct 13 11:58:53 UTC 2020 /home/travis/build/icyphy/ptII/ptolemy/actor/lib/test/auto/PublisherPortSubscriberPortAdjacent.xml
----------------- Instantiating /home/travis/build/icyphy/ptII/ptolemy/actor/lib/test/auto/PublisherPortSubscriberPortAdjacent.xml
1 ms. Memory: 284672K Free: 151791K (53%)
----------------- Invoking toplevel() on ptolemy.moml.MoMLSimpleApplication@4cf75348
----------------- Done invoking toplevel() on ptolemy.moml.MoMLSimpleApplication@4cf75348
reloadAllAccessors: .PublisherPortSubscriberPortAdjacent

===========================================================================================
----------------- testing Tue Oct 13 11:58:53 UTC 2020 /home/travis/build/icyphy/ptII/ptolemy/actor/lib/test/auto/PublisherPortSubscriberPortExpression.xml
----------------- Instantiating /home/travis/build/icyphy/ptII/ptolemy/actor/lib/test/auto/PublisherPortSubscriberPortExpression.xml
3 ms. Memory: 284672K Free: 144113K (51%)
----------------- Invoking toplevel() on ptolemy.moml.MoMLSimpleApplication@5a00ee66
----------------- Done invoking toplevel() on ptolemy.moml.MoMLSimpleApplication@5a00ee66
reloadAllAccessors: .PublisherPortSubscriberPortExpression

===========================================================================================
----------------- testing Tue Oct 13 11:58:53 UTC 2020 /home/travis/build/icyphy/ptII/ptolemy/actor/lib/test/auto/PublisherPortSubscriberPortOpaqueD3Reverse.xml
----------------- Instantiating /home/travis/build/icyphy/ptII/ptolemy/actor/lib/test/auto/PublisherPortSubscriberPortOpaqueD3Reverse.xml
5 ms. Memory: 284672K Free: 133873K (47%)
----------------- Invoking toplevel() on ptolemy.moml.MoMLSimpleApplication@77fc4287
----------------- Done invoking toplevel() on ptolemy.moml.MoMLSimpleApplication@77fc4287
reloadAllAccessors: .PublisherPortSubscriberPortOpaqueD3Reverse

===========================================================================================
----------------- testing Tue Oct 13 11:58:53 UTC 2020 /home/travis/build/icyphy/ptII/ptolemy/actor/lib/test/auto/PublisherPortSubscriberPortOpaqueWidthInference.xml
----------------- Instantiating /home/travis/build/icyphy/ptII/ptolemy/actor/lib/test/auto/PublisherPortSubscriberPortOpaqueWidthInference.xml
3 ms. Memory: 284672K Free: 126177K (44%)
----------------- Invoking toplevel() on ptolemy.moml.MoMLSimpleApplication@1404730
----------------- Done invoking toplevel() on ptolemy.moml.MoMLSimpleApplication@1404730
reloadAllAccessors: .PublisherPortSubscriberPortOpaqueWidthInference

===========================================================================================
----------------- testing Tue Oct 13 11:58:53 UTC 2020 /home/travis/build/icyphy/ptII/ptolemy/actor/lib/test/auto/PublisherPortToplevelSubscriberPortAOC.xml
----------------- Instantiating /home/travis/build/icyphy/ptII/ptolemy/actor/lib/test/auto/PublisherPortToplevelSubscriberPortAOC.xml
.PublisherPortToplevelSubscriberPortAOC.TestExceptionAttribute: initialize() was not invoked, but wrapup() was.  This is unusual, but not always a problem.  For example, exporting JNLP will do this.
1 ms. Memory: 284672K Free: 120561K (42%)
----------------- Invoking toplevel() on ptolemy.moml.MoMLSimpleApplication@eb1c15b
----------------- Done invoking toplevel() on ptolemy.moml.MoMLSimpleApplication@eb1c15b
reloadAllAccessors: .PublisherPortToplevelSubscriberPortAOC

===========================================================================================
----------------- testing Tue Oct 13 11:58:53 UTC 2020 /home/travis/build/icyphy/ptII/ptolemy/actor/lib/test/auto/PublisherSubscriber.xml
----------------- Instantiating /home/travis/build/icyphy/ptII/ptolemy/actor/lib/test/auto/PublisherSubscriber.xml
3 ms. Memory: 284672K Free: 113393K (40%)
----------------- Invoking toplevel() on ptolemy.moml.MoMLSimpleApplication@3da3de9d
----------------- Done invoking toplevel() on ptolemy.moml.MoMLSimpleApplication@3da3de9d
reloadAllAccessors: .PublisherSubscriber

===========================================================================================
----------------- testing Tue Oct 13 11:58:53 UTC 2020 /home/travis/build/icyphy/ptII/ptolemy/actor/lib/test/auto/PublisherSubscriber10.xml
----------------- Instantiating /home/travis/build/icyphy/ptII/ptolemy/actor/lib/test/auto/PublisherSubscriber10.xml
4 ms. Memory: 284672K Free: 103663K (36%)
----------------- Invoking toplevel() on ptolemy.moml.MoMLSimpleApplication@54cd1ea0
----------------- Done invoking toplevel() on ptolemy.moml.MoMLSimpleApplication@54cd1ea0
reloadAllAccessors: .PublisherSubscriber10

===========================================================================================
----------------- testing Tue Oct 13 11:58:53 UTC 2020 /home/travis/build/icyphy/ptII/ptolemy/actor/lib/test/auto/PublisherSubscriber10InitialOutputs.xml
----------------- Instantiating /home/travis/build/icyphy/ptII/ptolemy/actor/lib/test/auto/PublisherSubscriber10InitialOutputs.xml
5 ms. Memory: 284672K Free: 94447K (33%)
----------------- Invoking toplevel() on ptolemy.moml.MoMLSimpleApplication@3a8fae8f
----------------- Done invoking toplevel() on ptolemy.moml.MoMLSimpleApplication@3a8fae8f
reloadAllAccessors: .PublisherSubscriber10InitialOutputs

===========================================================================================
----------------- testing Tue Oct 13 11:58:53 UTC 2020 /home/travis/build/icyphy/ptII/ptolemy/actor/lib/test/auto/PublisherSubscriber11.xml
----------------- Instantiating /home/travis/build/icyphy/ptII/ptolemy/actor/lib/test/auto/PublisherSubscriber11.xml
2 ms. Memory: 284672K Free: 88273K (31%)
----------------- Invoking toplevel() on ptolemy.moml.MoMLSimpleApplication@5e47c8e3
----------------- Done invoking toplevel() on ptolemy.moml.MoMLSimpleApplication@5e47c8e3
reloadAllAccessors: .PublisherSubscriber11

===========================================================================================
----------------- testing Tue Oct 13 11:58:53 UTC 2020 /home/travis/build/icyphy/ptII/ptolemy/actor/lib/test/auto/PublisherSubscriber12.xml
----------------- Instantiating /home/travis/build/icyphy/ptII/ptolemy/actor/lib/test/auto/PublisherSubscriber12.xml
2 ms. Memory: 284672K Free: 81649K (29%)
----------------- Invoking toplevel() on ptolemy.moml.MoMLSimpleApplication@31e726a8
----------------- Done invoking toplevel() on ptolemy.moml.MoMLSimpleApplication@31e726a8
reloadAllAccessors: .PublisherSubscriber12

===========================================================================================
----------------- testing Tue Oct 13 11:58:53 UTC 2020 /home/travis/build/icyphy/ptII/ptolemy/actor/lib/test/auto/PublisherSubscriber13.xml
----------------- Instantiating /home/travis/build/icyphy/ptII/ptolemy/actor/lib/test/auto/PublisherSubscriber13.xml
1 ms. Memory: 284672K Free: 75985K (27%)
----------------- Invoking toplevel() on ptolemy.moml.MoMLSimpleApplication@37427fb2
----------------- Done invoking toplevel() on ptolemy.moml.MoMLSimpleApplication@37427fb2
reloadAllAccessors: .PublisherSubscriber13

===========================================================================================
----------------- testing Tue Oct 13 11:58:53 UTC 2020 /home/travis/build/icyphy/ptII/ptolemy/actor/lib/test/auto/PublisherSubscriber14.xml
----------------- Instantiating /home/travis/build/icyphy/ptII/ptolemy/actor/lib/test/auto/PublisherSubscriber14.xml
5 ms. Memory: 284672K Free: 233695K (82%)
----------------- Invoking toplevel() on ptolemy.moml.MoMLSimpleApplication@1f81d31d
----------------- Done invoking toplevel() on ptolemy.moml.MoMLSimpleApplication@1f81d31d
reloadAllAccessors: .PublisherSubscriber14

===========================================================================================
----------------- testing Tue Oct 13 11:58:53 UTC 2020 /home/travis/build/icyphy/ptII/ptolemy/actor/lib/test/auto/PublisherSubscriber2.xml
----------------- Instantiating /home/travis/build/icyphy/ptII/ptolemy/actor/lib/test/auto/PublisherSubscriber2.xml
3 ms. Memory: 284672K Free: 227537K (80%)
----------------- Invoking toplevel() on ptolemy.moml.MoMLSimpleApplication@6c18d316
----------------- Done invoking toplevel() on ptolemy.moml.MoMLSimpleApplication@6c18d316
reloadAllAccessors: .PublisherSubscriber2

===========================================================================================
----------------- testing Tue Oct 13 11:58:53 UTC 2020 /home/travis/build/icyphy/ptII/ptolemy/actor/lib/test/auto/PublisherSubscriber3.xml
----------------- Instantiating /home/travis/build/icyphy/ptII/ptolemy/actor/lib/test/auto/PublisherSubscriber3.xml
2 ms. Memory: 284672K Free: 221921K (78%)
----------------- Invoking toplevel() on ptolemy.moml.MoMLSimpleApplication@fced91e
----------------- Done invoking toplevel() on ptolemy.moml.MoMLSimpleApplication@fced91e
reloadAllAccessors: .PublisherSubscriber3

===========================================================================================
----------------- testing Tue Oct 13 11:58:53 UTC 2020 /home/travis/build/icyphy/ptII/ptolemy/actor/lib/test/auto/PublisherSubscriber4.xml
----------------- Instantiating /home/travis/build/icyphy/ptII/ptolemy/actor/lib/test/auto/PublisherSubscriber4.xml
1 ms. Memory: 284672K Free: 216801K (76%)
----------------- Invoking toplevel() on ptolemy.moml.MoMLSimpleApplication@50481755
----------------- Done invoking toplevel() on ptolemy.moml.MoMLSimpleApplication@50481755
reloadAllAccessors: .PublisherSubscriber4

===========================================================================================
----------------- testing Tue Oct 13 11:58:53 UTC 2020 /home/travis/build/icyphy/ptII/ptolemy/actor/lib/test/auto/PublisherSubscriber5.xml
----------------- Instantiating /home/travis/build/icyphy/ptII/ptolemy/actor/lib/test/auto/PublisherSubscriber5.xml
1 ms. Memory: 284672K Free: 210143K (74%)
----------------- Invoking toplevel() on ptolemy.moml.MoMLSimpleApplication@5f98d966
----------------- Done invoking toplevel() on ptolemy.moml.MoMLSimpleApplication@5f98d966
reloadAllAccessors: .PublisherSubscriber5

===========================================================================================
----------------- testing Tue Oct 13 11:58:53 UTC 2020 /home/travis/build/icyphy/ptII/ptolemy/actor/lib/test/auto/PublisherSubscriber6.xml
----------------- Instantiating /home/travis/build/icyphy/ptII/ptolemy/actor/lib/test/auto/PublisherSubscriber6.xml
4 ms. Memory: 284672K Free: 203489K (71%)
----------------- Invoking toplevel() on ptolemy.moml.MoMLSimpleApplication@3dd6b556
----------------- Done invoking toplevel() on ptolemy.moml.MoMLSimpleApplication@3dd6b556
reloadAllAccessors: .PublisherSubscriber6

===========================================================================================
----------------- testing Tue Oct 13 11:58:53 UTC 2020 /home/travis/build/icyphy/ptII/ptolemy/actor/lib/test/auto/PublisherSubscriber7.xml
----------------- Instantiating /home/travis/build/icyphy/ptII/ptolemy/actor/lib/test/auto/PublisherSubscriber7.xml
6 ms. Memory: 284672K Free: 195807K (69%)
----------------- Invoking toplevel() on ptolemy.moml.MoMLSimpleApplication@69216bb1
----------------- Done invoking toplevel() on ptolemy.moml.MoMLSimpleApplication@69216bb1
reloadAllAccessors: .PublisherSubscriber7

===========================================================================================
----------------- testing Tue Oct 13 11:58:53 UTC 2020 /home/travis/build/icyphy/ptII/ptolemy/actor/lib/test/auto/PublisherSubscriber8.xml
----------------- Instantiating /home/travis/build/icyphy/ptII/ptolemy/actor/lib/test/auto/PublisherSubscriber8.xml
14 ms. Memory: 284672K Free: 184033K (65%)
----------------- Invoking toplevel() on ptolemy.moml.MoMLSimpleApplication@1e31f8bc
----------------- Done invoking toplevel() on ptolemy.moml.MoMLSimpleApplication@1e31f8bc
reloadAllAccessors: .PublisherSubscriber8

===========================================================================================
----------------- testing Tue Oct 13 11:58:53 UTC 2020 /home/travis/build/icyphy/ptII/ptolemy/actor/lib/test/auto/PublisherSubscriber9.xml
----------------- Instantiating /home/travis/build/icyphy/ptII/ptolemy/actor/lib/test/auto/PublisherSubscriber9.xml
2 ms. Memory: 284672K Free: 176865K (62%)
----------------- Invoking toplevel() on ptolemy.moml.MoMLSimpleApplication@3843aad9
----------------- Done invoking toplevel() on ptolemy.moml.MoMLSimpleApplication@3843aad9
reloadAllAccessors: .PublisherSubscriber9

===========================================================================================
----------------- testing Tue Oct 13 11:58:53 UTC 2020 /home/travis/build/icyphy/ptII/ptolemy/actor/lib/test/auto/PublisherSubscriberAdjacent.xml
----------------- Instantiating /home/travis/build/icyphy/ptII/ptolemy/actor/lib/test/auto/PublisherSubscriberAdjacent.xml
1 ms. Memory: 284672K Free: 168159K (59%)
----------------- Invoking toplevel() on ptolemy.moml.MoMLSimpleApplication@64db2211
----------------- Done invoking toplevel() on ptolemy.moml.MoMLSimpleApplication@64db2211
reloadAllAccessors: .PublisherSubscriberAdjacent

===========================================================================================
----------------- testing Tue Oct 13 11:58:53 UTC 2020 /home/travis/build/icyphy/ptII/ptolemy/actor/lib/test/auto/PublisherSubscriberChannelVariablesAOC2.xml
----------------- Instantiating /home/travis/build/icyphy/ptII/ptolemy/actor/lib/test/auto/PublisherSubscriberChannelVariablesAOC2.xml
2 ms. Memory: 284672K Free: 153313K (54%)
----------------- Invoking toplevel() on ptolemy.moml.MoMLSimpleApplication@48d14c0a
----------------- Done invoking toplevel() on ptolemy.moml.MoMLSimpleApplication@48d14c0a
reloadAllAccessors: .PublisherSubscriberChannelVariablesAOC2

===========================================================================================
----------------- testing Tue Oct 13 11:58:53 UTC 2020 /home/travis/build/icyphy/ptII/ptolemy/actor/lib/test/auto/PublisherSubscriberD3.xml
----------------- Instantiating /home/travis/build/icyphy/ptII/ptolemy/actor/lib/test/auto/PublisherSubscriberD3.xml
1 ms. Memory: 284672K Free: 146145K (51%)
----------------- Invoking toplevel() on ptolemy.moml.MoMLSimpleApplication@40398e82
----------------- Done invoking toplevel() on ptolemy.moml.MoMLSimpleApplication@40398e82
reloadAllAccessors: .PublisherSubscriberD3

===========================================================================================
----------------- testing Tue Oct 13 11:58:53 UTC 2020 /home/travis/build/icyphy/ptII/ptolemy/actor/lib/test/auto/PublisherSubscriberD3Reverse.xml
----------------- Instantiating /home/travis/build/icyphy/ptII/ptolemy/actor/lib/test/auto/PublisherSubscriberD3Reverse.xml
1 ms. Memory: 284672K Free: 139487K (49%)
----------------- Invoking toplevel() on ptolemy.moml.MoMLSimpleApplication@79a71641
----------------- Done invoking toplevel() on ptolemy.moml.MoMLSimpleApplication@79a71641
reloadAllAccessors: .PublisherSubscriberD3Reverse

===========================================================================================
----------------- testing Tue Oct 13 11:58:53 UTC 2020 /home/travis/build/icyphy/ptII/ptolemy/actor/lib/test/auto/PublisherSubscriberExpression.xml
----------------- Instantiating /home/travis/build/icyphy/ptII/ptolemy/actor/lib/test/auto/PublisherSubscriberExpression.xml
3 ms. Memory: 284672K Free: 130785K (46%)
----------------- Invoking toplevel() on ptolemy.moml.MoMLSimpleApplication@5c04858b
----------------- Done invoking toplevel() on ptolemy.moml.MoMLSimpleApplication@5c04858b
reloadAllAccessors: .PublisherSubscriberExpression

===========================================================================================
----------------- testing Tue Oct 13 11:58:53 UTC 2020 /home/travis/build/icyphy/ptII/ptolemy/actor/lib/test/auto/PublisherSubscriberOpaque.xml
----------------- Instantiating /home/travis/build/icyphy/ptII/ptolemy/actor/lib/test/auto/PublisherSubscriberOpaque.xml
3 ms. Memory: 284672K Free: 122593K (43%)
----------------- Invoking toplevel() on ptolemy.moml.MoMLSimpleApplication@3a9dcd44
----------------- Done invoking toplevel() on ptolemy.moml.MoMLSimpleApplication@3a9dcd44
reloadAllAccessors: .PublisherSubscriberOpaque

===========================================================================================
----------------- testing Tue Oct 13 11:58:53 UTC 2020 /home/travis/build/icyphy/ptII/ptolemy/actor/lib/test/auto/PublisherSubscriberOpaqueD3.xml
----------------- Instantiating /home/travis/build/icyphy/ptII/ptolemy/actor/lib/test/auto/PublisherSubscriberOpaqueD3.xml
4 ms. Memory: 284672K Free: 110815K (39%)
----------------- Invoking toplevel() on ptolemy.moml.MoMLSimpleApplication@512f912
----------------- Done invoking toplevel() on ptolemy.moml.MoMLSimpleApplication@512f912
reloadAllAccessors: .PublisherSubscriberOpaqueD3

===========================================================================================
----------------- testing Tue Oct 13 11:58:53 UTC 2020 /home/travis/build/icyphy/ptII/ptolemy/actor/lib/test/auto/PublisherSubscriberOpaqueD3Reverse.xml
----------------- Instantiating /home/travis/build/icyphy/ptII/ptolemy/actor/lib/test/auto/PublisherSubscriberOpaqueD3Reverse.xml
7 ms. Memory: 284672K Free: 100065K (35%)
----------------- Invoking toplevel() on ptolemy.moml.MoMLSimpleApplication@3e537e92
----------------- Done invoking toplevel() on ptolemy.moml.MoMLSimpleApplication@3e537e92
reloadAllAccessors: .PublisherSubscriberOpaqueD3Reverse

===========================================================================================
----------------- testing Tue Oct 13 11:58:53 UTC 2020 /home/travis/build/icyphy/ptII/ptolemy/actor/lib/test/auto/PublisherSubscriberOpaqueWidthInference.xml
----------------- Instantiating /home/travis/build/icyphy/ptII/ptolemy/actor/lib/test/auto/PublisherSubscriberOpaqueWidthInference.xml
3 ms. Memory: 284672K Free: 91345K (32%)
----------------- Invoking toplevel() on ptolemy.moml.MoMLSimpleApplication@591047c5
----------------- Done invoking toplevel() on ptolemy.moml.MoMLSimpleApplication@591047c5
reloadAllAccessors: .PublisherSubscriberOpaqueWidthInference

===========================================================================================
----------------- testing Tue Oct 13 11:58:53 UTC 2020 /home/travis/build/icyphy/ptII/ptolemy/actor/lib/test/auto/PublisherTestSubscriber.xml
----------------- Instantiating /home/travis/build/icyphy/ptII/ptolemy/actor/lib/test/auto/PublisherTestSubscriber.xml
2 ms. Memory: 284672K Free: 83681K (29%)
----------------- Invoking toplevel() on ptolemy.moml.MoMLSimpleApplication@79287fd2
----------------- Done invoking toplevel() on ptolemy.moml.MoMLSimpleApplication@79287fd2
reloadAllAccessors: .PublisherTestSubscriber

===========================================================================================
----------------- testing Tue Oct 13 11:58:53 UTC 2020 /home/travis/build/icyphy/ptII/ptolemy/actor/lib/test/auto/PublisherToplevelSubscriberPortAOC.xml
----------------- Instantiating /home/travis/build/icyphy/ptII/ptolemy/actor/lib/test/auto/PublisherToplevelSubscriberPortAOC.xml
1 ms. Memory: 284672K Free: 77017K (27%)
----------------- Invoking toplevel() on ptolemy.moml.MoMLSimpleApplication@4d1d5c23
----------------- Done invoking toplevel() on ptolemy.moml.MoMLSimpleApplication@4d1d5c23
reloadAllAccessors: .PublisherToplevelSubscriberPortAOC

===========================================================================================
----------------- testing Tue Oct 13 11:58:53 UTC 2020 /home/travis/build/icyphy/ptII/ptolemy/actor/lib/test/auto/PulseFiringLimitDE.xml
----------------- Instantiating /home/travis/build/icyphy/ptII/ptolemy/actor/lib/test/auto/PulseFiringLimitDE.xml
2 ms. Memory: 284672K Free: 70879K (25%)
----------------- Invoking toplevel() on ptolemy.moml.MoMLSimpleApplication@25510391
----------------- Done invoking toplevel() on ptolemy.moml.MoMLSimpleApplication@25510391
reloadAllAccessors: .PulseFiringLimitDE

===========================================================================================
----------------- testing Tue Oct 13 11:58:53 UTC 2020 /home/travis/build/icyphy/ptII/ptolemy/actor/lib/test/auto/Ramp1.xml
----------------- Instantiating /home/travis/build/icyphy/ptII/ptolemy/actor/lib/test/auto/Ramp1.xml
2 ms. Memory: 284672K Free: 232065K (82%)
----------------- Invoking toplevel() on ptolemy.moml.MoMLSimpleApplication@52fd6522
----------------- Done invoking toplevel() on ptolemy.moml.MoMLSimpleApplication@52fd6522
reloadAllAccessors: .Ramp1

===========================================================================================
----------------- testing Tue Oct 13 11:58:53 UTC 2020 /home/travis/build/icyphy/ptII/ptolemy/actor/lib/test/auto/RampFiringLimitDE.xml
----------------- Instantiating /home/travis/build/icyphy/ptII/ptolemy/actor/lib/test/auto/RampFiringLimitDE.xml
2 ms. Memory: 284672K Free: 225921K (79%)
----------------- Invoking toplevel() on ptolemy.moml.MoMLSimpleApplication@64a1f78f
----------------- Done invoking toplevel() on ptolemy.moml.MoMLSimpleApplication@64a1f78f
reloadAllAccessors: .RampFiringLimitDE

===========================================================================================
----------------- testing Tue Oct 13 11:58:53 UTC 2020 /home/travis/build/icyphy/ptII/ptolemy/actor/lib/test/auto/RampFiringLimitSDF.xml
----------------- Instantiating /home/travis/build/icyphy/ptII/ptolemy/actor/lib/test/auto/RampFiringLimitSDF.xml
2 ms. Memory: 284672K Free: 220801K (78%)
----------------- Invoking toplevel() on ptolemy.moml.MoMLSimpleApplication@280cf906
----------------- Done invoking toplevel() on ptolemy.moml.MoMLSimpleApplication@280cf906
reloadAllAccessors: .RampFiringLimitSDF

===========================================================================================
----------------- testing Tue Oct 13 11:58:53 UTC 2020 /home/travis/build/icyphy/ptII/ptolemy/actor/lib/test/auto/RandomInteger.xml
----------------- Instantiating /home/travis/build/icyphy/ptII/ptolemy/actor/lib/test/auto/RandomInteger.xml
1 ms. Memory: 284672K Free: 216705K (76%)
----------------- Invoking toplevel() on ptolemy.moml.MoMLSimpleApplication@2ae17
----------------- Done invoking toplevel() on ptolemy.moml.MoMLSimpleApplication@2ae17
reloadAllAccessors: .RandomInteger

===========================================================================================
----------------- testing Tue Oct 13 11:58:53 UTC 2020 /home/travis/build/icyphy/ptII/ptolemy/actor/lib/test/auto/ReadFile1.xml
----------------- Instantiating /home/travis/build/icyphy/ptII/ptolemy/actor/lib/test/auto/ReadFile1.xml
1 ms. Memory: 284672K Free: 212081K (75%)
----------------- Invoking toplevel() on ptolemy.moml.MoMLSimpleApplication@5ad71ea5
----------------- Done invoking toplevel() on ptolemy.moml.MoMLSimpleApplication@5ad71ea5
reloadAllAccessors: .ReadFile1

===========================================================================================
----------------- testing Tue Oct 13 11:58:53 UTC 2020 /home/travis/build/icyphy/ptII/ptolemy/actor/lib/test/auto/ReadFile2.xml
----------------- Instantiating /home/travis/build/icyphy/ptII/ptolemy/actor/lib/test/auto/ReadFile2.xml
0 ms. Memory: 284672K Free: 207489K (73%)
----------------- Invoking toplevel() on ptolemy.moml.MoMLSimpleApplication@374e66ab
----------------- Done invoking toplevel() on ptolemy.moml.MoMLSimpleApplication@374e66ab
reloadAllAccessors: .ReadFile2

===========================================================================================
----------------- testing Tue Oct 13 11:58:53 UTC 2020 /home/travis/build/icyphy/ptII/ptolemy/actor/lib/test/auto/Reader.xml
----------------- Instantiating /home/travis/build/icyphy/ptII/ptolemy/actor/lib/test/auto/Reader.xml
actor.lib.Reader is obsolete, use actor.lib.io.ExpressionReader instead
4 ms. Memory: 284672K Free: 203393K (71%)
----------------- Invoking toplevel() on ptolemy.moml.MoMLSimpleApplication@31b5e416
----------------- Done invoking toplevel() on ptolemy.moml.MoMLSimpleApplication@31b5e416
reloadAllAccessors: .Reader

===========================================================================================
----------------- testing Tue Oct 13 11:58:53 UTC 2020 /home/travis/build/icyphy/ptII/ptolemy/actor/lib/test/auto/RecordAssemblerDisplayNameTest.xml
----------------- Instantiating /home/travis/build/icyphy/ptII/ptolemy/actor/lib/test/auto/RecordAssemblerDisplayNameTest.xml
3670 ms. Memory: 284672K Free: 137549K (48%)
----------------- Invoking toplevel() on ptolemy.moml.MoMLSimpleApplication@3de8ea63
----------------- Done invoking toplevel() on ptolemy.moml.MoMLSimpleApplication@3de8ea63
reloadAllAccessors: .RecordAssemblerDisplayNameTest

===========================================================================================
----------------- testing Tue Oct 13 11:58:57 UTC 2020 /home/travis/build/icyphy/ptII/ptolemy/actor/lib/test/auto/RecordAssemblerTypeError.xml
----------------- Instantiating /home/travis/build/icyphy/ptII/ptolemy/actor/lib/test/auto/RecordAssemblerTypeError.xml
14 ms. Memory: 284672K Free: 128333K (45%)
----------------- Invoking toplevel() on ptolemy.moml.MoMLSimpleApplication@66d9e6f5
----------------- Done invoking toplevel() on ptolemy.moml.MoMLSimpleApplication@66d9e6f5
reloadAllAccessors: .RecordAssemblerTypeError

===========================================================================================
----------------- testing Tue Oct 13 11:58:57 UTC 2020 /home/travis/build/icyphy/ptII/ptolemy/actor/lib/test/auto/RecordDisassember.xml
----------------- Instantiating /home/travis/build/icyphy/ptII/ptolemy/actor/lib/test/auto/RecordDisassember.xml
5 ms. Memory: 284672K Free: 123183K (43%)
----------------- Invoking toplevel() on ptolemy.moml.MoMLSimpleApplication@3b436354
----------------- Done invoking toplevel() on ptolemy.moml.MoMLSimpleApplication@3b436354
reloadAllAccessors: .RecordDisassember

===========================================================================================
----------------- testing Tue Oct 13 11:58:57 UTC 2020 /home/travis/build/icyphy/ptII/ptolemy/actor/lib/test/auto/RecordDisassemberDisplayNameTest.xml
----------------- Instantiating /home/travis/build/icyphy/ptII/ptolemy/actor/lib/test/auto/RecordDisassemberDisplayNameTest.xml
12 ms. Memory: 284672K Free: 115535K (41%)
----------------- Invoking toplevel() on ptolemy.moml.MoMLSimpleApplication@449cc0d8
----------------- Done invoking toplevel() on ptolemy.moml.MoMLSimpleApplication@449cc0d8
reloadAllAccessors: .RecordDisassemberDisplayNameTest

===========================================================================================
----------------- testing Tue Oct 13 11:58:57 UTC 2020 /home/travis/build/icyphy/ptII/ptolemy/actor/lib/test/auto/RecordDisassembler.xml
----------------- Instantiating /home/travis/build/icyphy/ptII/ptolemy/actor/lib/test/auto/RecordDisassembler.xml
3 ms. Memory: 284672K Free: 110415K (39%)
----------------- Invoking toplevel() on ptolemy.moml.MoMLSimpleApplication@6c12995
----------------- Done invoking toplevel() on ptolemy.moml.MoMLSimpleApplication@6c12995
reloadAllAccessors: .RecordDisassembler

===========================================================================================
----------------- testing Tue Oct 13 11:58:57 UTC 2020 /home/travis/build/icyphy/ptII/ptolemy/actor/lib/test/auto/RecordDisassembler2.xml
----------------- Instantiating /home/travis/build/icyphy/ptII/ptolemy/actor/lib/test/auto/RecordDisassembler2.xml
4 ms. Memory: 284672K Free: 105295K (37%)
----------------- Invoking toplevel() on ptolemy.moml.MoMLSimpleApplication@1fca9ee1
----------------- Done invoking toplevel() on ptolemy.moml.MoMLSimpleApplication@1fca9ee1
reloadAllAccessors: .RecordDisassembler2

===========================================================================================
----------------- testing Tue Oct 13 11:58:57 UTC 2020 /home/travis/build/icyphy/ptII/ptolemy/actor/lib/test/auto/RecordUpdater.xml
----------------- Instantiating /home/travis/build/icyphy/ptII/ptolemy/actor/lib/test/auto/RecordUpdater.xml
1 ms. Memory: 284672K Free: 99661K (35%)
----------------- Invoking toplevel() on ptolemy.moml.MoMLSimpleApplication@1f3e7f8c
----------------- Done invoking toplevel() on ptolemy.moml.MoMLSimpleApplication@1f3e7f8c
reloadAllAccessors: .RecordUpdater

===========================================================================================
----------------- testing Tue Oct 13 11:58:57 UTC 2020 /home/travis/build/icyphy/ptII/ptolemy/actor/lib/test/auto/RecordUpdater2.xml
----------------- Instantiating /home/travis/build/icyphy/ptII/ptolemy/actor/lib/test/auto/RecordUpdater2.xml
2 ms. Memory: 284672K Free: 94541K (33%)
----------------- Invoking toplevel() on ptolemy.moml.MoMLSimpleApplication@67f4c29b
----------------- Done invoking toplevel() on ptolemy.moml.MoMLSimpleApplication@67f4c29b
reloadAllAccessors: .RecordUpdater2

===========================================================================================
----------------- testing Tue Oct 13 11:58:57 UTC 2020 /home/travis/build/icyphy/ptII/ptolemy/actor/lib/test/auto/RecursiveLattice.xml
----------------- Instantiating /home/travis/build/icyphy/ptII/ptolemy/actor/lib/test/auto/RecursiveLattice.xml
2 ms. Memory: 284672K Free: 90445K (32%)
----------------- Invoking toplevel() on ptolemy.moml.MoMLSimpleApplication@38f509fa
----------------- Done invoking toplevel() on ptolemy.moml.MoMLSimpleApplication@38f509fa
reloadAllAccessors: .RecursiveLattice

===========================================================================================
----------------- testing Tue Oct 13 11:58:57 UTC 2020 /home/travis/build/icyphy/ptII/ptolemy/actor/lib/test/auto/Router.xml
----------------- Instantiating /home/travis/build/icyphy/ptII/ptolemy/actor/lib/test/auto/Router.xml
3003 ms. Memory: 284672K Free: 80205K (28%)
----------------- Invoking toplevel() on ptolemy.moml.MoMLSimpleApplication@47baf32d
----------------- Done invoking toplevel() on ptolemy.moml.MoMLSimpleApplication@47baf32d
reloadAllAccessors: .Router

===========================================================================================
----------------- testing Tue Oct 13 11:59:00 UTC 2020 /home/travis/build/icyphy/ptII/ptolemy/actor/lib/test/auto/Router2.xml
----------------- Instantiating /home/travis/build/icyphy/ptII/ptolemy/actor/lib/test/auto/Router2.xml
3004 ms. Memory: 284672K Free: 69455K (24%)
----------------- Invoking toplevel() on ptolemy.moml.MoMLSimpleApplication@76e1d4f9
----------------- Done invoking toplevel() on ptolemy.moml.MoMLSimpleApplication@76e1d4f9
reloadAllAccessors: .Router2

===========================================================================================
----------------- testing Tue Oct 13 11:59:03 UTC 2020 /home/travis/build/icyphy/ptII/ptolemy/actor/lib/test/auto/RunningMaximum.xml
----------------- Instantiating /home/travis/build/icyphy/ptII/ptolemy/actor/lib/test/auto/RunningMaximum.xml
3 ms. Memory: 284672K Free: 232453K (82%)
----------------- Invoking toplevel() on ptolemy.moml.MoMLSimpleApplication@4836a82
----------------- Done invoking toplevel() on ptolemy.moml.MoMLSimpleApplication@4836a82
reloadAllAccessors: .RunningMaximum

===========================================================================================
----------------- testing Tue Oct 13 11:59:03 UTC 2020 /home/travis/build/icyphy/ptII/ptolemy/actor/lib/test/auto/RunningMinimum.xml
----------------- Instantiating /home/travis/build/icyphy/ptII/ptolemy/actor/lib/test/auto/RunningMinimum.xml
4 ms. Memory: 284672K Free: 227363K (80%)
----------------- Invoking toplevel() on ptolemy.moml.MoMLSimpleApplication@64f290bf
----------------- Done invoking toplevel() on ptolemy.moml.MoMLSimpleApplication@64f290bf
reloadAllAccessors: .RunningMinimum

===========================================================================================
----------------- testing Tue Oct 13 11:59:03 UTC 2020 /home/travis/build/icyphy/ptII/ptolemy/actor/lib/test/auto/Scale.xml
----------------- Instantiating /home/travis/build/icyphy/ptII/ptolemy/actor/lib/test/auto/Scale.xml
1 ms. Memory: 284672K Free: 222757K (78%)
----------------- Invoking toplevel() on ptolemy.moml.MoMLSimpleApplication@26acc453
----------------- Done invoking toplevel() on ptolemy.moml.MoMLSimpleApplication@26acc453
reloadAllAccessors: .Scale

===========================================================================================
----------------- testing Tue Oct 13 11:59:03 UTC 2020 /home/travis/build/icyphy/ptII/ptolemy/actor/lib/test/auto/Scale2.xml
----------------- Instantiating /home/travis/build/icyphy/ptII/ptolemy/actor/lib/test/auto/Scale2.xml
1 ms. Memory: 284672K Free: 217637K (76%)
----------------- Invoking toplevel() on ptolemy.moml.MoMLSimpleApplication@9d3e867
----------------- Done invoking toplevel() on ptolemy.moml.MoMLSimpleApplication@9d3e867
reloadAllAccessors: .Scale2

===========================================================================================
----------------- testing Tue Oct 13 11:59:03 UTC 2020 /home/travis/build/icyphy/ptII/ptolemy/actor/lib/test/auto/Scale3.xml
----------------- Instantiating /home/travis/build/icyphy/ptII/ptolemy/actor/lib/test/auto/Scale3.xml
7 ms. Memory: 284672K Free: 211493K (74%)
----------------- Invoking toplevel() on ptolemy.moml.MoMLSimpleApplication@4d12970d
----------------- Done invoking toplevel() on ptolemy.moml.MoMLSimpleApplication@4d12970d
reloadAllAccessors: .Scale3

===========================================================================================
----------------- testing Tue Oct 13 11:59:03 UTC 2020 /home/travis/build/icyphy/ptII/ptolemy/actor/lib/test/auto/ScaleArray.xml
----------------- Instantiating /home/travis/build/icyphy/ptII/ptolemy/actor/lib/test/auto/ScaleArray.xml
2 ms. Memory: 284672K Free: 206883K (73%)
----------------- Invoking toplevel() on ptolemy.moml.MoMLSimpleApplication@32e8faf
----------------- Done invoking toplevel() on ptolemy.moml.MoMLSimpleApplication@32e8faf
reloadAllAccessors: .ScaleArray

===========================================================================================
----------------- testing Tue Oct 13 11:59:03 UTC 2020 /home/travis/build/icyphy/ptII/ptolemy/actor/lib/test/auto/ScaleArray2.xml
----------------- Instantiating /home/travis/build/icyphy/ptII/ptolemy/actor/lib/test/auto/ScaleArray2.xml
1 ms. Memory: 284672K Free: 202277K (71%)
----------------- Invoking toplevel() on ptolemy.moml.MoMLSimpleApplication@67876891
----------------- Done invoking toplevel() on ptolemy.moml.MoMLSimpleApplication@67876891
reloadAllAccessors: .ScaleArray2

===========================================================================================
----------------- testing Tue Oct 13 11:59:03 UTC 2020 /home/travis/build/icyphy/ptII/ptolemy/actor/lib/test/auto/ScaleMatrix.xml
----------------- Instantiating /home/travis/build/icyphy/ptII/ptolemy/actor/lib/test/auto/ScaleMatrix.xml
140 ms. Memory: 284672K Free: 187941K (66%)
----------------- Invoking toplevel() on ptolemy.moml.MoMLSimpleApplication@33236a25
----------------- Done invoking toplevel() on ptolemy.moml.MoMLSimpleApplication@33236a25
reloadAllAccessors: .ScaleMatrix

===========================================================================================
----------------- testing Tue Oct 13 11:59:04 UTC 2020 /home/travis/build/icyphy/ptII/ptolemy/actor/lib/test/auto/Select.xml
----------------- Instantiating /home/travis/build/icyphy/ptII/ptolemy/actor/lib/test/auto/Select.xml
2 ms. Memory: 284672K Free: 181797K (64%)
----------------- Invoking toplevel() on ptolemy.moml.MoMLSimpleApplication@594c10fc
----------------- Done invoking toplevel() on ptolemy.moml.MoMLSimpleApplication@594c10fc
reloadAllAccessors: .Select

===========================================================================================
----------------- testing Tue Oct 13 11:59:04 UTC 2020 /home/travis/build/icyphy/ptII/ptolemy/actor/lib/test/auto/Select2.xml
----------------- Instantiating /home/travis/build/icyphy/ptII/ptolemy/actor/lib/test/auto/Select2.xml
1 ms. Memory: 284672K Free: 177157K (62%)
----------------- Invoking toplevel() on ptolemy.moml.MoMLSimpleApplication@5cd02fd8
----------------- Done invoking toplevel() on ptolemy.moml.MoMLSimpleApplication@5cd02fd8
reloadAllAccessors: .Select2

===========================================================================================
----------------- testing Tue Oct 13 11:59:04 UTC 2020 /home/travis/build/icyphy/ptII/ptolemy/actor/lib/test/auto/SequenceToArray2.xml
----------------- Instantiating /home/travis/build/icyphy/ptII/ptolemy/actor/lib/test/auto/SequenceToArray2.xml
94 ms. Memory: 284672K Free: 152611K (54%)
----------------- Invoking toplevel() on ptolemy.moml.MoMLSimpleApplication@6b5803cf
----------------- Done invoking toplevel() on ptolemy.moml.MoMLSimpleApplication@6b5803cf
reloadAllAccessors: .SequenceToArray2

===========================================================================================
----------------- testing Tue Oct 13 11:59:04 UTC 2020 /home/travis/build/icyphy/ptII/ptolemy/actor/lib/test/auto/SequentialClock.xml
----------------- Instantiating /home/travis/build/icyphy/ptII/ptolemy/actor/lib/test/auto/SequentialClock.xml
1 ms. Memory: 284672K Free: 149029K (52%)
----------------- Invoking toplevel() on ptolemy.moml.MoMLSimpleApplication@20152c7b
----------------- Done invoking toplevel() on ptolemy.moml.MoMLSimpleApplication@20152c7b
reloadAllAccessors: .SequentialClock

===========================================================================================
----------------- testing Tue Oct 13 11:59:04 UTC 2020 /home/travis/build/icyphy/ptII/ptolemy/actor/lib/test/auto/SetVariable.xml
----------------- Instantiating /home/travis/build/icyphy/ptII/ptolemy/actor/lib/test/auto/SetVariable.xml
2 ms. Memory: 284672K Free: 143909K (51%)
----------------- Invoking toplevel() on ptolemy.moml.MoMLSimpleApplication@4ca0ab1c
----------------- Done invoking toplevel() on ptolemy.moml.MoMLSimpleApplication@4ca0ab1c
reloadAllAccessors: .SetVariable

===========================================================================================
----------------- testing Tue Oct 13 11:59:04 UTC 2020 /home/travis/build/icyphy/ptII/ptolemy/actor/lib/test/auto/SetVariable2.xml
----------------- Instantiating /home/travis/build/icyphy/ptII/ptolemy/actor/lib/test/auto/SetVariable2.xml
3 ms. Memory: 284672K Free: 139299K (49%)
----------------- Invoking toplevel() on ptolemy.moml.MoMLSimpleApplication@139359e0
----------------- Done invoking toplevel() on ptolemy.moml.MoMLSimpleApplication@139359e0
reloadAllAccessors: .SetVariable2

===========================================================================================
----------------- testing Tue Oct 13 11:59:04 UTC 2020 /home/travis/build/icyphy/ptII/ptolemy/actor/lib/test/auto/SetVariable3.xml
----------------- Instantiating /home/travis/build/icyphy/ptII/ptolemy/actor/lib/test/auto/SetVariable3.xml
7 ms. Memory: 284672K Free: 133669K (47%)
----------------- Invoking toplevel() on ptolemy.moml.MoMLSimpleApplication@9b9400b
----------------- Done invoking toplevel() on ptolemy.moml.MoMLSimpleApplication@9b9400b
reloadAllAccessors: .SetVariable3

===========================================================================================
----------------- testing Tue Oct 13 11:59:04 UTC 2020 /home/travis/build/icyphy/ptII/ptolemy/actor/lib/test/auto/SetVariable4.xml
----------------- Instantiating /home/travis/build/icyphy/ptII/ptolemy/actor/lib/test/auto/SetVariable4.xml
15 ms. Memory: 284672K Free: 124451K (44%)
----------------- Invoking toplevel() on ptolemy.moml.MoMLSimpleApplication@72ab0792
----------------- Done invoking toplevel() on ptolemy.moml.MoMLSimpleApplication@72ab0792
reloadAllAccessors: .SetVariable4

===========================================================================================
----------------- testing Tue Oct 13 11:59:04 UTC 2020 /home/travis/build/icyphy/ptII/ptolemy/actor/lib/test/auto/SetVariable5.xml
----------------- Instantiating /home/travis/build/icyphy/ptII/ptolemy/actor/lib/test/auto/SetVariable5.xml
15 ms. Memory: 284672K Free: 115237K (40%)
----------------- Invoking toplevel() on ptolemy.moml.MoMLSimpleApplication@313f4ba3
----------------- Done invoking toplevel() on ptolemy.moml.MoMLSimpleApplication@313f4ba3
reloadAllAccessors: .SetVariable5

===========================================================================================
----------------- testing Tue Oct 13 11:59:04 UTC 2020 /home/travis/build/icyphy/ptII/ptolemy/actor/lib/test/auto/Sinewave.xml
----------------- Instantiating /home/travis/build/icyphy/ptII/ptolemy/actor/lib/test/auto/Sinewave.xml
5 ms. Memory: 284672K Free: 104483K (37%)
----------------- Invoking toplevel() on ptolemy.moml.MoMLSimpleApplication@1055f7c6
----------------- Done invoking toplevel() on ptolemy.moml.MoMLSimpleApplication@1055f7c6
reloadAllAccessors: .Sinewave

===========================================================================================
----------------- testing Tue Oct 13 11:59:04 UTC 2020 /home/travis/build/icyphy/ptII/ptolemy/actor/lib/test/auto/Sinewave2.xml
----------------- Instantiating /home/travis/build/icyphy/ptII/ptolemy/actor/lib/test/auto/Sinewave2.xml
8 ms. Memory: 284672K Free: 96261K (34%)
----------------- Invoking toplevel() on ptolemy.moml.MoMLSimpleApplication@7ae41bb3
----------------- Done invoking toplevel() on ptolemy.moml.MoMLSimpleApplication@7ae41bb3
reloadAllAccessors: .Sinewave2

===========================================================================================
----------------- testing Tue Oct 13 11:59:04 UTC 2020 /home/travis/build/icyphy/ptII/ptolemy/actor/lib/test/auto/Sinewave3.xml
----------------- Instantiating /home/travis/build/icyphy/ptII/ptolemy/actor/lib/test/auto/Sinewave3.xml
6 ms. Memory: 284672K Free: 87589K (31%)
----------------- Invoking toplevel() on ptolemy.moml.MoMLSimpleApplication@371cbfcb
----------------- Done invoking toplevel() on ptolemy.moml.MoMLSimpleApplication@371cbfcb
reloadAllAccessors: .Sinewave3

===========================================================================================
----------------- testing Tue Oct 13 11:59:04 UTC 2020 /home/travis/build/icyphy/ptII/ptolemy/actor/lib/test/auto/SingleEvent.xml
----------------- Instantiating /home/travis/build/icyphy/ptII/ptolemy/actor/lib/test/auto/SingleEvent.xml
1 ms. Memory: 284672K Free: 83493K (29%)
----------------- Invoking toplevel() on ptolemy.moml.MoMLSimpleApplication@3402895f
----------------- Done invoking toplevel() on ptolemy.moml.MoMLSimpleApplication@3402895f
reloadAllAccessors: .SingleEvent

===========================================================================================
----------------- testing Tue Oct 13 11:59:04 UTC 2020 /home/travis/build/icyphy/ptII/ptolemy/actor/lib/test/auto/Sleep.xml
----------------- Instantiating /home/travis/build/icyphy/ptII/ptolemy/actor/lib/test/auto/Sleep.xml
6003 ms. Memory: 284672K Free: 77859K (27%)
----------------- Invoking toplevel() on ptolemy.moml.MoMLSimpleApplication@15677ef7
----------------- Done invoking toplevel() on ptolemy.moml.MoMLSimpleApplication@15677ef7
reloadAllAccessors: .Sleep

===========================================================================================
----------------- testing Tue Oct 13 11:59:10 UTC 2020 /home/travis/build/icyphy/ptII/ptolemy/actor/lib/test/auto/SleepMultipleFire.xml
----------------- Instantiating /home/travis/build/icyphy/ptII/ptolemy/actor/lib/test/auto/SleepMultipleFire.xml
1005 ms. Memory: 284672K Free: 71715K (25%)
----------------- Invoking toplevel() on ptolemy.moml.MoMLSimpleApplication@3a41ec97
----------------- Done invoking toplevel() on ptolemy.moml.MoMLSimpleApplication@3a41ec97
reloadAllAccessors: .SleepMultipleFire

===========================================================================================
----------------- testing Tue Oct 13 11:59:11 UTC 2020 /home/travis/build/icyphy/ptII/ptolemy/actor/lib/test/auto/StopDE.xml
----------------- Instantiating /home/travis/build/icyphy/ptII/ptolemy/actor/lib/test/auto/StopDE.xml
8 ms. Memory: 284672K Free: 234020K (82%)
----------------- Invoking toplevel() on ptolemy.moml.MoMLSimpleApplication@65e614ab
----------------- Done invoking toplevel() on ptolemy.moml.MoMLSimpleApplication@65e614ab
reloadAllAccessors: .StopDE

===========================================================================================
----------------- testing Tue Oct 13 11:59:11 UTC 2020 /home/travis/build/icyphy/ptII/ptolemy/actor/lib/test/auto/StopSDF.xml
----------------- Instantiating /home/travis/build/icyphy/ptII/ptolemy/actor/lib/test/auto/StopSDF.xml
3 ms. Memory: 284672K Free: 228386K (80%)
----------------- Invoking toplevel() on ptolemy.moml.MoMLSimpleApplication@72118bcc
----------------- Done invoking toplevel() on ptolemy.moml.MoMLSimpleApplication@72118bcc
reloadAllAccessors: .StopSDF

===========================================================================================
----------------- testing Tue Oct 13 11:59:11 UTC 2020 /home/travis/build/icyphy/ptII/ptolemy/actor/lib/test/auto/StringConstant.xml
----------------- Instantiating /home/travis/build/icyphy/ptII/ptolemy/actor/lib/test/auto/StringConstant.xml
9 ms. Memory: 284672K Free: 223266K (78%)
----------------- Invoking toplevel() on ptolemy.moml.MoMLSimpleApplication@517a4499
----------------- Done invoking toplevel() on ptolemy.moml.MoMLSimpleApplication@517a4499
reloadAllAccessors: .StringConstant

===========================================================================================
----------------- testing Tue Oct 13 11:59:11 UTC 2020 /home/travis/build/icyphy/ptII/ptolemy/actor/lib/test/auto/SubscriberPortInitialValues1.xml
----------------- Instantiating /home/travis/build/icyphy/ptII/ptolemy/actor/lib/test/auto/SubscriberPortInitialValues1.xml
8 ms. Memory: 284672K Free: 214564K (75%)
----------------- Invoking toplevel() on ptolemy.moml.MoMLSimpleApplication@68b5bd3
----------------- Done invoking toplevel() on ptolemy.moml.MoMLSimpleApplication@68b5bd3
reloadAllAccessors: .SubscriberPortInitialValues1

===========================================================================================
----------------- testing Tue Oct 13 11:59:11 UTC 2020 /home/travis/build/icyphy/ptII/ptolemy/actor/lib/test/auto/SubscriberPortInitialValues13.xml
----------------- Instantiating /home/travis/build/icyphy/ptII/ptolemy/actor/lib/test/auto/SubscriberPortInitialValues13.xml
5 ms. Memory: 284672K Free: 201762K (71%)
----------------- Invoking toplevel() on ptolemy.moml.MoMLSimpleApplication@41aed77a
----------------- Done invoking toplevel() on ptolemy.moml.MoMLSimpleApplication@41aed77a
reloadAllAccessors: .SubscriberPortInitialValues13

===========================================================================================
----------------- testing Tue Oct 13 11:59:11 UTC 2020 /home/travis/build/icyphy/ptII/ptolemy/actor/lib/test/auto/SubscriberPortInitialValues14.xml
----------------- Instantiating /home/travis/build/icyphy/ptII/ptolemy/actor/lib/test/auto/SubscriberPortInitialValues14.xml
6 ms. Memory: 284672K Free: 194084K (68%)
----------------- Invoking toplevel() on ptolemy.moml.MoMLSimpleApplication@3ea55407
----------------- Done invoking toplevel() on ptolemy.moml.MoMLSimpleApplication@3ea55407
reloadAllAccessors: .SubscriberPortInitialValues14

===========================================================================================
----------------- testing Tue Oct 13 11:59:11 UTC 2020 /home/travis/build/icyphy/ptII/ptolemy/actor/lib/test/auto/SubscriberPortInitialValues2.xml
----------------- Instantiating /home/travis/build/icyphy/ptII/ptolemy/actor/lib/test/auto/SubscriberPortInitialValues2.xml
4 ms. Memory: 284672K Free: 186402K (65%)
----------------- Invoking toplevel() on ptolemy.moml.MoMLSimpleApplication@77eddf4b
----------------- Done invoking toplevel() on ptolemy.moml.MoMLSimpleApplication@77eddf4b
reloadAllAccessors: .SubscriberPortInitialValues2

===========================================================================================
----------------- testing Tue Oct 13 11:59:11 UTC 2020 /home/travis/build/icyphy/ptII/ptolemy/actor/lib/test/auto/SubscriberPortInitialValues3.xml
----------------- Instantiating /home/travis/build/icyphy/ptII/ptolemy/actor/lib/test/auto/SubscriberPortInitialValues3.xml
4 ms. Memory: 284672K Free: 174628K (61%)
----------------- Invoking toplevel() on ptolemy.moml.MoMLSimpleApplication@12391db6
----------------- Done invoking toplevel() on ptolemy.moml.MoMLSimpleApplication@12391db6
reloadAllAccessors: .SubscriberPortInitialValues3

===========================================================================================
----------------- testing Tue Oct 13 11:59:11 UTC 2020 /home/travis/build/icyphy/ptII/ptolemy/actor/lib/test/auto/SubscriptionAggregator.xml
----------------- Instantiating /home/travis/build/icyphy/ptII/ptolemy/actor/lib/test/auto/SubscriptionAggregator.xml
2 ms. Memory: 284672K Free: 167956K (59%)
----------------- Invoking toplevel() on ptolemy.moml.MoMLSimpleApplication@7a6afc3
----------------- Done invoking toplevel() on ptolemy.moml.MoMLSimpleApplication@7a6afc3
reloadAllAccessors: .SubscriptionAggregator

===========================================================================================
----------------- testing Tue Oct 13 11:59:11 UTC 2020 /home/travis/build/icyphy/ptII/ptolemy/actor/lib/test/auto/SubscriptionAggregator2.xml
----------------- Instantiating /home/travis/build/icyphy/ptII/ptolemy/actor/lib/test/auto/SubscriptionAggregator2.xml
3 ms. Memory: 284672K Free: 161316K (57%)
----------------- Invoking toplevel() on ptolemy.moml.MoMLSimpleApplication@55e6ca0c
----------------- Done invoking toplevel() on ptolemy.moml.MoMLSimpleApplication@55e6ca0c
reloadAllAccessors: .SubscriptionAggregator2

===========================================================================================
----------------- testing Tue Oct 13 11:59:11 UTC 2020 /home/travis/build/icyphy/ptII/ptolemy/actor/lib/test/auto/SubscriptionAggregator3.xml
----------------- Instantiating /home/travis/build/icyphy/ptII/ptolemy/actor/lib/test/auto/SubscriptionAggregator3.xml
3 ms. Memory: 284672K Free: 152610K (54%)
----------------- Invoking toplevel() on ptolemy.moml.MoMLSimpleApplication@8a67971
----------------- Done invoking toplevel() on ptolemy.moml.MoMLSimpleApplication@8a67971
reloadAllAccessors: .SubscriptionAggregator3

===========================================================================================
----------------- testing Tue Oct 13 11:59:11 UTC 2020 /home/travis/build/icyphy/ptII/ptolemy/actor/lib/test/auto/SubscriptionAggregatorMultiply.xml
----------------- Instantiating /home/travis/build/icyphy/ptII/ptolemy/actor/lib/test/auto/SubscriptionAggregatorMultiply.xml
10 ms. Memory: 284672K Free: 143908K (51%)
----------------- Invoking toplevel() on ptolemy.moml.MoMLSimpleApplication@4763cd83
----------------- Done invoking toplevel() on ptolemy.moml.MoMLSimpleApplication@4763cd83
reloadAllAccessors: .SubscriptionAggregatorMultiply

===========================================================================================
----------------- testing Tue Oct 13 11:59:11 UTC 2020 /home/travis/build/icyphy/ptII/ptolemy/actor/lib/test/auto/SubscriptionAggregatorPortMultiply1.xml
----------------- Instantiating /home/travis/build/icyphy/ptII/ptolemy/actor/lib/test/auto/SubscriptionAggregatorPortMultiply1.xml
4 ms. Memory: 284672K Free: 136226K (48%)
----------------- Invoking toplevel() on ptolemy.moml.MoMLSimpleApplication@57938b04
----------------- Done invoking toplevel() on ptolemy.moml.MoMLSimpleApplication@57938b04
reloadAllAccessors: .SubscriptionAggregatorPortMultiply1

===========================================================================================
----------------- testing Tue Oct 13 11:59:11 UTC 2020 /home/travis/build/icyphy/ptII/ptolemy/actor/lib/test/auto/Switch.xml
----------------- Instantiating /home/travis/build/icyphy/ptII/ptolemy/actor/lib/test/auto/Switch.xml
11 ms. Memory: 284672K Free: 128034K (45%)
----------------- Invoking toplevel() on ptolemy.moml.MoMLSimpleApplication@7f4342
----------------- Done invoking toplevel() on ptolemy.moml.MoMLSimpleApplication@7f4342
reloadAllAccessors: .Switch

===========================================================================================
----------------- testing Tue Oct 13 11:59:11 UTC 2020 /home/travis/build/icyphy/ptII/ptolemy/actor/lib/test/auto/Switch2.xml
----------------- Instantiating /home/travis/build/icyphy/ptII/ptolemy/actor/lib/test/auto/Switch2.xml
1 ms. Memory: 284672K Free: 123428K (43%)
----------------- Invoking toplevel() on ptolemy.moml.MoMLSimpleApplication@7b142e5b
----------------- Done invoking toplevel() on ptolemy.moml.MoMLSimpleApplication@7b142e5b
reloadAllAccessors: .Switch2

===========================================================================================
----------------- testing Tue Oct 13 11:59:11 UTC 2020 /home/travis/build/icyphy/ptII/ptolemy/actor/lib/test/auto/SwitchDE.xml
----------------- Instantiating /home/travis/build/icyphy/ptII/ptolemy/actor/lib/test/auto/SwitchDE.xml
4 ms. Memory: 284672K Free: 117284K (41%)
----------------- Invoking toplevel() on ptolemy.moml.MoMLSimpleApplication@4d2382ae
----------------- Done invoking toplevel() on ptolemy.moml.MoMLSimpleApplication@4d2382ae
reloadAllAccessors: .SwitchDE

===========================================================================================
----------------- testing Tue Oct 13 11:59:11 UTC 2020 /home/travis/build/icyphy/ptII/ptolemy/actor/lib/test/auto/SynchronizerDE.xml
----------------- Instantiating /home/travis/build/icyphy/ptII/ptolemy/actor/lib/test/auto/SynchronizerDE.xml
7 ms. Memory: 284672K Free: 108572K (38%)
----------------- Invoking toplevel() on ptolemy.moml.MoMLSimpleApplication@1c6fc779
----------------- Done invoking toplevel() on ptolemy.moml.MoMLSimpleApplication@1c6fc779
reloadAllAccessors: .SynchronizerDE

===========================================================================================
----------------- testing Tue Oct 13 11:59:11 UTC 2020 /home/travis/build/icyphy/ptII/ptolemy/actor/lib/test/auto/Test.xml
----------------- Instantiating /home/travis/build/icyphy/ptII/ptolemy/actor/lib/test/auto/Test.xml
1 ms. Memory: 284672K Free: 103428K (36%)
----------------- Invoking toplevel() on ptolemy.moml.MoMLSimpleApplication@20f150a2
----------------- Done invoking toplevel() on ptolemy.moml.MoMLSimpleApplication@20f150a2
reloadAllAccessors: .Test

===========================================================================================
----------------- testing Tue Oct 13 11:59:11 UTC 2020 /home/travis/build/icyphy/ptII/ptolemy/actor/lib/test/auto/TestExceptionAttribute1.xml
----------------- Instantiating /home/travis/build/icyphy/ptII/ptolemy/actor/lib/test/auto/TestExceptionAttribute1.xml
1 ms. Memory: 284672K Free: 99876K (35%)
----------------- Invoking toplevel() on ptolemy.moml.MoMLSimpleApplication@21c84b44
----------------- Done invoking toplevel() on ptolemy.moml.MoMLSimpleApplication@21c84b44
reloadAllAccessors: .TestExceptionAttribute1

===========================================================================================
----------------- testing Tue Oct 13 11:59:11 UTC 2020 /home/travis/build/icyphy/ptII/ptolemy/actor/lib/test/auto/TestExceptionAttribute2.xml
----------------- Instantiating /home/travis/build/icyphy/ptII/ptolemy/actor/lib/test/auto/TestExceptionAttribute2.xml
1 ms. Memory: 284672K Free: 96290K (34%)
----------------- Invoking toplevel() on ptolemy.moml.MoMLSimpleApplication@eafb21c
----------------- Done invoking toplevel() on ptolemy.moml.MoMLSimpleApplication@eafb21c
reloadAllAccessors: .TestExceptionAttribute2

===========================================================================================
----------------- testing Tue Oct 13 11:59:11 UTC 2020 /home/travis/build/icyphy/ptII/ptolemy/actor/lib/test/auto/TestExceptionAttribute3.xml
----------------- Instantiating /home/travis/build/icyphy/ptII/ptolemy/actor/lib/test/auto/TestExceptionAttribute3.xml
.TestExceptionAttribute3.TestExceptionAttribute: initialize() was not invoked, but wrapup() was.  This is unusual, but not always a problem.  For example, exporting JNLP will do this.
1 ms. Memory: 284672K Free: 92194K (32%)
----------------- Invoking toplevel() on ptolemy.moml.MoMLSimpleApplication@4bc392bd
----------------- Done invoking toplevel() on ptolemy.moml.MoMLSimpleApplication@4bc392bd
reloadAllAccessors: .TestExceptionAttribute3

===========================================================================================
----------------- testing Tue Oct 13 11:59:11 UTC 2020 /home/travis/build/icyphy/ptII/ptolemy/actor/lib/test/auto/TestExceptionAttribute4.xml
----------------- Instantiating /home/travis/build/icyphy/ptII/ptolemy/actor/lib/test/auto/TestExceptionAttribute4.xml
.TestExceptionAttribute4.TestExceptionAttribute: initialize() was not invoked, but wrapup() was.  This is unusual, but not always a problem.  For example, exporting JNLP will do this.
.TestExceptionAttribute4.TestExceptionAttribute2: initialize() was not invoked, but wrapup() was.  This is unusual, but not always a problem.  For example, exporting JNLP will do this.
0 ms. Memory: 284672K Free: 88098K (31%)
----------------- Invoking toplevel() on ptolemy.moml.MoMLSimpleApplication@3eff5440
----------------- Done invoking toplevel() on ptolemy.moml.MoMLSimpleApplication@3eff5440
reloadAllAccessors: .TestExceptionAttribute4

===========================================================================================
----------------- testing Tue Oct 13 11:59:11 UTC 2020 /home/travis/build/icyphy/ptII/ptolemy/actor/lib/test/auto/TestExceptionHandler1.xml
----------------- Instantiating /home/travis/build/icyphy/ptII/ptolemy/actor/lib/test/auto/TestExceptionHandler1.xml
1 ms. Memory: 284672K Free: 84516K (30%)
----------------- Invoking toplevel() on ptolemy.moml.MoMLSimpleApplication@55baa126
----------------- Done invoking toplevel() on ptolemy.moml.MoMLSimpleApplication@55baa126
reloadAllAccessors: .TestExceptionHandler1

===========================================================================================
----------------- testing Tue Oct 13 11:59:11 UTC 2020 /home/travis/build/icyphy/ptII/ptolemy/actor/lib/test/auto/TestExceptionHandler2.xml
----------------- Instantiating /home/travis/build/icyphy/ptII/ptolemy/actor/lib/test/auto/TestExceptionHandler2.xml
1 ms. Memory: 284672K Free: 80930K (28%)
----------------- Invoking toplevel() on ptolemy.moml.MoMLSimpleApplication@1fb85710
----------------- Done invoking toplevel() on ptolemy.moml.MoMLSimpleApplication@1fb85710
reloadAllAccessors: .TestExceptionHandler2

===========================================================================================
----------------- testing Tue Oct 13 11:59:11 UTC 2020 /home/travis/build/icyphy/ptII/ptolemy/actor/lib/test/auto/TestExceptionHandler3.xml
----------------- Instantiating /home/travis/build/icyphy/ptII/ptolemy/actor/lib/test/auto/TestExceptionHandler3.xml
0 ms. Memory: 284672K Free: 76834K (27%)
----------------- Invoking toplevel() on ptolemy.moml.MoMLSimpleApplication@bb66eb0
----------------- Done invoking toplevel() on ptolemy.moml.MoMLSimpleApplication@bb66eb0
reloadAllAccessors: .TestExceptionHandler3

===========================================================================================
----------------- testing Tue Oct 13 11:59:11 UTC 2020 /home/travis/build/icyphy/ptII/ptolemy/actor/lib/test/auto/TestExceptionHandler4.xml
----------------- Instantiating /home/travis/build/icyphy/ptII/ptolemy/actor/lib/test/auto/TestExceptionHandler4.xml
0 ms. Memory: 284672K Free: 72738K (26%)
----------------- Invoking toplevel() on ptolemy.moml.MoMLSimpleApplication@706c4a65
----------------- Done invoking toplevel() on ptolemy.moml.MoMLSimpleApplication@706c4a65
reloadAllAccessors: .TestExceptionHandler4

===========================================================================================
----------------- testing Tue Oct 13 11:59:11 UTC 2020 /home/travis/build/icyphy/ptII/ptolemy/actor/lib/test/auto/TestRequireCorrectOrder.xml
----------------- Instantiating /home/travis/build/icyphy/ptII/ptolemy/actor/lib/test/auto/TestRequireCorrectOrder.xml
9 ms. Memory: 284672K Free: 67604K (24%)
----------------- Invoking toplevel() on ptolemy.moml.MoMLSimpleApplication@6b663e9
----------------- Done invoking toplevel() on ptolemy.moml.MoMLSimpleApplication@6b663e9
reloadAllAccessors: .TestRequireCorrectOrder

===========================================================================================
----------------- testing Tue Oct 13 11:59:11 UTC 2020 /home/travis/build/icyphy/ptII/ptolemy/actor/lib/test/auto/TestSimple.xml
----------------- Instantiating /home/travis/build/icyphy/ptII/ptolemy/actor/lib/test/auto/TestSimple.xml
5 ms. Memory: 284672K Free: 230863K (81%)
----------------- Invoking toplevel() on ptolemy.moml.MoMLSimpleApplication@7929667f
----------------- Done invoking toplevel() on ptolemy.moml.MoMLSimpleApplication@7929667f
reloadAllAccessors: .TestSimple

===========================================================================================
----------------- testing Tue Oct 13 11:59:11 UTC 2020 /home/travis/build/icyphy/ptII/ptolemy/actor/lib/test/auto/ThrowModelError.xml
----------------- Instantiating /home/travis/build/icyphy/ptII/ptolemy/actor/lib/test/auto/ThrowModelError.xml
1 ms. Memory: 284672K Free: 225743K (79%)
----------------- Invoking toplevel() on ptolemy.moml.MoMLSimpleApplication@691f229
----------------- Done invoking toplevel() on ptolemy.moml.MoMLSimpleApplication@691f229
reloadAllAccessors: .ThrowModelError

===========================================================================================
----------------- testing Tue Oct 13 11:59:11 UTC 2020 /home/travis/build/icyphy/ptII/ptolemy/actor/lib/test/auto/TimeDelayMicrosteps.xml
----------------- Instantiating /home/travis/build/icyphy/ptII/ptolemy/actor/lib/test/auto/TimeDelayMicrosteps.xml
3 ms. Memory: 284672K Free: 219055K (77%)
----------------- Invoking toplevel() on ptolemy.moml.MoMLSimpleApplication@47c4dec7
----------------- Done invoking toplevel() on ptolemy.moml.MoMLSimpleApplication@47c4dec7
reloadAllAccessors: .TimeDelayMicrosteps

===========================================================================================
----------------- testing Tue Oct 13 11:59:11 UTC 2020 /home/travis/build/icyphy/ptII/ptolemy/actor/lib/test/auto/TimeDelayMicrosteps2.xml
----------------- Instantiating /home/travis/build/icyphy/ptII/ptolemy/actor/lib/test/auto/TimeDelayMicrosteps2.xml
3 ms. Memory: 284672K Free: 211887K (74%)
----------------- Invoking toplevel() on ptolemy.moml.MoMLSimpleApplication@5bcc7c91
----------------- Done invoking toplevel() on ptolemy.moml.MoMLSimpleApplication@5bcc7c91
reloadAllAccessors: .TimeDelayMicrosteps2

===========================================================================================
----------------- testing Tue Oct 13 11:59:12 UTC 2020 /home/travis/build/icyphy/ptII/ptolemy/actor/lib/test/auto/TimeDelayMicrosteps3.xml
----------------- Instantiating /home/travis/build/icyphy/ptII/ptolemy/actor/lib/test/auto/TimeDelayMicrosteps3.xml
3 ms. Memory: 284672K Free: 204735K (72%)
----------------- Invoking toplevel() on ptolemy.moml.MoMLSimpleApplication@530a6ce1
----------------- Done invoking toplevel() on ptolemy.moml.MoMLSimpleApplication@530a6ce1
reloadAllAccessors: .TimeDelayMicrosteps3

===========================================================================================
----------------- testing Tue Oct 13 11:59:12 UTC 2020 /home/travis/build/icyphy/ptII/ptolemy/actor/lib/test/auto/TimeDelayVariableMicrosteps.xml
----------------- Instantiating /home/travis/build/icyphy/ptII/ptolemy/actor/lib/test/auto/TimeDelayVariableMicrosteps.xml
2 ms. Memory: 284672K Free: 198095K (70%)
----------------- Invoking toplevel() on ptolemy.moml.MoMLSimpleApplication@572f741b
----------------- Done invoking toplevel() on ptolemy.moml.MoMLSimpleApplication@572f741b
reloadAllAccessors: .TimeDelayVariableMicrosteps

===========================================================================================
----------------- testing Tue Oct 13 11:59:12 UTC 2020 /home/travis/build/icyphy/ptII/ptolemy/actor/lib/test/auto/TimeGap.xml
----------------- Instantiating /home/travis/build/icyphy/ptII/ptolemy/actor/lib/test/auto/TimeGap.xml
2 ms. Memory: 284672K Free: 192975K (68%)
----------------- Invoking toplevel() on ptolemy.moml.MoMLSimpleApplication@59aa6223
----------------- Done invoking toplevel() on ptolemy.moml.MoMLSimpleApplication@59aa6223
reloadAllAccessors: .TimeGap

===========================================================================================
----------------- testing Tue Oct 13 11:59:12 UTC 2020 /home/travis/build/icyphy/ptII/ptolemy/actor/lib/test/auto/TimeGap2.xml
----------------- Instantiating /home/travis/build/icyphy/ptII/ptolemy/actor/lib/test/auto/TimeGap2.xml
1 ms. Memory: 284672K Free: 187311K (66%)
----------------- Invoking toplevel() on ptolemy.moml.MoMLSimpleApplication@2c0b3bf9
----------------- Done invoking toplevel() on ptolemy.moml.MoMLSimpleApplication@2c0b3bf9
reloadAllAccessors: .TimeGap2

===========================================================================================
----------------- testing Tue Oct 13 11:59:12 UTC 2020 /home/travis/build/icyphy/ptII/ptolemy/actor/lib/test/auto/TimedSinewave.xml
----------------- Instantiating /home/travis/build/icyphy/ptII/ptolemy/actor/lib/test/auto/TimedSinewave.xml
12 ms. Memory: 284672K Free: 172495K (61%)
----------------- Invoking toplevel() on ptolemy.moml.MoMLSimpleApplication@13a7d138
----------------- Done invoking toplevel() on ptolemy.moml.MoMLSimpleApplication@13a7d138
reloadAllAccessors: .TimedSinewave

===========================================================================================
----------------- testing Tue Oct 13 11:59:12 UTC 2020 /home/travis/build/icyphy/ptII/ptolemy/actor/lib/test/auto/TimedSinewavePhase.xml
----------------- Instantiating /home/travis/build/icyphy/ptII/ptolemy/actor/lib/test/auto/TimedSinewavePhase.xml
8 ms. Memory: 284672K Free: 162765K (57%)
----------------- Invoking toplevel() on ptolemy.moml.MoMLSimpleApplication@213d680c
----------------- Done invoking toplevel() on ptolemy.moml.MoMLSimpleApplication@213d680c
reloadAllAccessors: .TimedSinewavePhase

===========================================================================================
----------------- testing Tue Oct 13 11:59:12 UTC 2020 /home/travis/build/icyphy/ptII/ptolemy/actor/lib/test/auto/Timer.xml
----------------- Instantiating /home/travis/build/icyphy/ptII/ptolemy/actor/lib/test/auto/Timer.xml
3 ms. Memory: 284672K Free: 157135K (55%)
----------------- Invoking toplevel() on ptolemy.moml.MoMLSimpleApplication@42cb92d0
----------------- Done invoking toplevel() on ptolemy.moml.MoMLSimpleApplication@42cb92d0
reloadAllAccessors: .Timer

===========================================================================================
----------------- testing Tue Oct 13 11:59:12 UTC 2020 /home/travis/build/icyphy/ptII/ptolemy/actor/lib/test/auto/TriangularDistTestModel.xml
----------------- Instantiating /home/travis/build/icyphy/ptII/ptolemy/actor/lib/test/auto/TriangularDistTestModel.xml
1 ms. Memory: 284672K Free: 150991K (53%)
----------------- Invoking toplevel() on ptolemy.moml.MoMLSimpleApplication@77b6a437
----------------- Done invoking toplevel() on ptolemy.moml.MoMLSimpleApplication@77b6a437
reloadAllAccessors: .TriangularDistTestModel

===========================================================================================
----------------- testing Tue Oct 13 11:59:12 UTC 2020 /home/travis/build/icyphy/ptII/ptolemy/actor/lib/test/auto/TrigFunction.xml
----------------- Instantiating /home/travis/build/icyphy/ptII/ptolemy/actor/lib/test/auto/TrigFunction.xml
1 ms. Memory: 284672K Free: 146381K (51%)
----------------- Invoking toplevel() on ptolemy.moml.MoMLSimpleApplication@eee79b6
----------------- Done invoking toplevel() on ptolemy.moml.MoMLSimpleApplication@eee79b6
reloadAllAccessors: .TrigFunction

===========================================================================================
----------------- testing Tue Oct 13 11:59:12 UTC 2020 /home/travis/build/icyphy/ptII/ptolemy/actor/lib/test/auto/TrigFunctionDE.xml
----------------- Instantiating /home/travis/build/icyphy/ptII/ptolemy/actor/lib/test/auto/TrigFunctionDE.xml
1 ms. Memory: 284672K Free: 140751K (49%)
----------------- Invoking toplevel() on ptolemy.moml.MoMLSimpleApplication@65a8cd28
----------------- Done invoking toplevel() on ptolemy.moml.MoMLSimpleApplication@65a8cd28
reloadAllAccessors: .TrigFunctionDE

===========================================================================================
----------------- testing Tue Oct 13 11:59:12 UTC 2020 /home/travis/build/icyphy/ptII/ptolemy/actor/lib/test/auto/TrigFunctionInverse.xml
----------------- Instantiating /home/travis/build/icyphy/ptII/ptolemy/actor/lib/test/auto/TrigFunctionInverse.xml
1 ms. Memory: 284672K Free: 135631K (48%)
----------------- Invoking toplevel() on ptolemy.moml.MoMLSimpleApplication@b42c47d
----------------- Done invoking toplevel() on ptolemy.moml.MoMLSimpleApplication@b42c47d
reloadAllAccessors: .TrigFunctionInverse

===========================================================================================
----------------- testing Tue Oct 13 11:59:12 UTC 2020 /home/travis/build/icyphy/ptII/ptolemy/actor/lib/test/auto/TrigFunctionTan.xml
----------------- Instantiating /home/travis/build/icyphy/ptII/ptolemy/actor/lib/test/auto/TrigFunctionTan.xml
1 ms. Memory: 284672K Free: 131021K (46%)
----------------- Invoking toplevel() on ptolemy.moml.MoMLSimpleApplication@47b286c
----------------- Done invoking toplevel() on ptolemy.moml.MoMLSimpleApplication@47b286c
reloadAllAccessors: .TrigFunctionTan

===========================================================================================
----------------- testing Tue Oct 13 11:59:12 UTC 2020 /home/travis/build/icyphy/ptII/ptolemy/actor/lib/test/auto/TriggeredClock.xml
----------------- Instantiating /home/travis/build/icyphy/ptII/ptolemy/actor/lib/test/auto/TriggeredClock.xml
1 ms. Memory: 284672K Free: 125887K (44%)
----------------- Invoking toplevel() on ptolemy.moml.MoMLSimpleApplication@6dc14a6e
----------------- Done invoking toplevel() on ptolemy.moml.MoMLSimpleApplication@6dc14a6e
reloadAllAccessors: .TriggeredClock

===========================================================================================
----------------- testing Tue Oct 13 11:59:12 UTC 2020 /home/travis/build/icyphy/ptII/ptolemy/actor/lib/test/auto/URLDirectoryReader.xml
----------------- Instantiating /home/travis/build/icyphy/ptII/ptolemy/actor/lib/test/auto/URLDirectoryReader.xml
23 ms. Memory: 284672K Free: 117199K (41%)
----------------- Invoking toplevel() on ptolemy.moml.MoMLSimpleApplication@28bf7327
----------------- Done invoking toplevel() on ptolemy.moml.MoMLSimpleApplication@28bf7327
reloadAllAccessors: .URLDirectoryReader

===========================================================================================
----------------- testing Tue Oct 13 11:59:12 UTC 2020 /home/travis/build/icyphy/ptII/ptolemy/actor/lib/test/auto/URLDirectoryReader3.xml
----------------- Instantiating /home/travis/build/icyphy/ptII/ptolemy/actor/lib/test/auto/URLDirectoryReader3.xml
1422 ms. Memory: 284672K Free: 226802K (80%)
----------------- Invoking toplevel() on ptolemy.moml.MoMLSimpleApplication@469222a1
----------------- Done invoking toplevel() on ptolemy.moml.MoMLSimpleApplication@469222a1
reloadAllAccessors: .URLDirectoryReader3

===========================================================================================
----------------- testing Tue Oct 13 11:59:14 UTC 2020 /home/travis/build/icyphy/ptII/ptolemy/actor/lib/test/auto/UnaryMathFunction.xml
----------------- Instantiating /home/travis/build/icyphy/ptII/ptolemy/actor/lib/test/auto/UnaryMathFunction.xml
2 ms. Memory: 284672K Free: 219120K (77%)
----------------- Invoking toplevel() on ptolemy.moml.MoMLSimpleApplication@766296db
----------------- Done invoking toplevel() on ptolemy.moml.MoMLSimpleApplication@766296db
reloadAllAccessors: .UnaryMathFunction

===========================================================================================
----------------- testing Tue Oct 13 11:59:14 UTC 2020 /home/travis/build/icyphy/ptII/ptolemy/actor/lib/test/auto/Uniform.xml
----------------- Instantiating /home/travis/build/icyphy/ptII/ptolemy/actor/lib/test/auto/Uniform.xml
2 ms. Memory: 284672K Free: 213986K (75%)
----------------- Invoking toplevel() on ptolemy.moml.MoMLSimpleApplication@1083b59c
----------------- Done invoking toplevel() on ptolemy.moml.MoMLSimpleApplication@1083b59c
reloadAllAccessors: .Uniform

===========================================================================================
----------------- testing Tue Oct 13 11:59:14 UTC 2020 /home/travis/build/icyphy/ptII/ptolemy/actor/lib/test/auto/UnionDisassemblerTest.xml
----------------- Instantiating /home/travis/build/icyphy/ptII/ptolemy/actor/lib/test/auto/UnionDisassemblerTest.xml
8 ms. Memory: 284672K Free: 209394K (74%)
----------------- Invoking toplevel() on ptolemy.moml.MoMLSimpleApplication@27e4ac58
----------------- Done invoking toplevel() on ptolemy.moml.MoMLSimpleApplication@27e4ac58
reloadAllAccessors: .UnionDisassemblerTest

===========================================================================================
----------------- testing Tue Oct 13 11:59:14 UTC 2020 /home/travis/build/icyphy/ptII/ptolemy/actor/lib/test/auto/UtilityFunctions.xml
----------------- Instantiating /home/travis/build/icyphy/ptII/ptolemy/actor/lib/test/auto/UtilityFunctions.xml
3 ms. Memory: 284672K Free: 205298K (72%)
----------------- Invoking toplevel() on ptolemy.moml.MoMLSimpleApplication@2b4b7b27
----------------- Done invoking toplevel() on ptolemy.moml.MoMLSimpleApplication@2b4b7b27
reloadAllAccessors: .UtilityFunctions

===========================================================================================
----------------- testing Tue Oct 13 11:59:14 UTC 2020 /home/travis/build/icyphy/ptII/ptolemy/actor/lib/test/auto/VariableSleep.xml
----------------- Instantiating /home/travis/build/icyphy/ptII/ptolemy/actor/lib/test/auto/VariableSleep.xml
503 ms. Memory: 284672K Free: 199664K (70%)
----------------- Invoking toplevel() on ptolemy.moml.MoMLSimpleApplication@6ff9dc5d
----------------- Done invoking toplevel() on ptolemy.moml.MoMLSimpleApplication@6ff9dc5d
reloadAllAccessors: .VariableSleep

===========================================================================================
----------------- testing Tue Oct 13 11:59:14 UTC 2020 /home/travis/build/icyphy/ptII/ptolemy/actor/lib/test/auto/VectorAssemblerDisassemblerCT.xml
----------------- Instantiating /home/travis/build/icyphy/ptII/ptolemy/actor/lib/test/auto/VectorAssemblerDisassemblerCT.xml
53 ms. Memory: 284672K Free: 180208K (63%)
----------------- Invoking toplevel() on ptolemy.moml.MoMLSimpleApplication@3a45ecfb
----------------- Done invoking toplevel() on ptolemy.moml.MoMLSimpleApplication@3a45ecfb
reloadAllAccessors: .VectorAssemblerDisassemblerCT

===========================================================================================
----------------- testing Tue Oct 13 11:59:14 UTC 2020 /home/travis/build/icyphy/ptII/ptolemy/actor/lib/test/auto/VectorAssemblerDisassemblerDE.xml
----------------- Instantiating /home/travis/build/icyphy/ptII/ptolemy/actor/lib/test/auto/VectorAssemblerDisassemblerDE.xml
3 ms. Memory: 284672K Free: 173040K (61%)
----------------- Invoking toplevel() on ptolemy.moml.MoMLSimpleApplication@6174c76a
----------------- Done invoking toplevel() on ptolemy.moml.MoMLSimpleApplication@6174c76a
reloadAllAccessors: .VectorAssemblerDisassemblerDE

===========================================================================================
----------------- testing Tue Oct 13 11:59:14 UTC 2020 /home/travis/build/icyphy/ptII/ptolemy/actor/lib/test/auto/VectorAssemblerDisassemblerSDF.xml
----------------- Instantiating /home/travis/build/icyphy/ptII/ptolemy/actor/lib/test/auto/VectorAssemblerDisassemblerSDF.xml
2 ms. Memory: 284672K Free: 166386K (58%)
----------------- Invoking toplevel() on ptolemy.moml.MoMLSimpleApplication@9d81923
----------------- Done invoking toplevel() on ptolemy.moml.MoMLSimpleApplication@9d81923
reloadAllAccessors: .VectorAssemblerDisassemblerSDF

===========================================================================================
----------------- testing Tue Oct 13 11:59:14 UTC 2020 /home/travis/build/icyphy/ptII/ptolemy/actor/lib/test/auto/WallClockTime.xml
----------------- Instantiating /home/travis/build/icyphy/ptII/ptolemy/actor/lib/test/auto/WallClockTime.xml
1004 ms. Memory: 284672K Free: 161266K (57%)
----------------- Invoking toplevel() on ptolemy.moml.MoMLSimpleApplication@80af7c1
----------------- Done invoking toplevel() on ptolemy.moml.MoMLSimpleApplication@80af7c1
reloadAllAccessors: .WallClockTime

===========================================================================================
----------------- testing Tue Oct 13 11:59:15 UTC 2020 /home/travis/build/icyphy/ptII/ptolemy/actor/lib/test/auto/WidthTestWithSubscriberPublisher.xml
----------------- Instantiating /home/travis/build/icyphy/ptII/ptolemy/actor/lib/test/auto/WidthTestWithSubscriberPublisher.xml
7 ms. Memory: 284672K Free: 143344K (50%)
----------------- Invoking toplevel() on ptolemy.moml.MoMLSimpleApplication@49fa8d3a
----------------- Done invoking toplevel() on ptolemy.moml.MoMLSimpleApplication@49fa8d3a
reloadAllAccessors: .WidthTestWithSubscriberPublisher

===========================================================================================
----------------- testing Tue Oct 13 11:59:15 UTC 2020 /home/travis/build/icyphy/ptII/ptolemy/actor/lib/test/auto/WidthTestWithSubscriberPublisher2.xml
----------------- Instantiating /home/travis/build/icyphy/ptII/ptolemy/actor/lib/test/auto/WidthTestWithSubscriberPublisher2.xml
2 ms. Memory: 284672K Free: 136690K (48%)
----------------- Invoking toplevel() on ptolemy.moml.MoMLSimpleApplication@121e2679
----------------- Done invoking toplevel() on ptolemy.moml.MoMLSimpleApplication@121e2679
reloadAllAccessors: .WidthTestWithSubscriberPublisher2

===========================================================================================
----------------- testing Tue Oct 13 11:59:15 UTC 2020 /home/travis/build/icyphy/ptII/ptolemy/actor/lib/test/auto/WidthTestWithSubscriberPublisher3.xml
----------------- Instantiating /home/travis/build/icyphy/ptII/ptolemy/actor/lib/test/auto/WidthTestWithSubscriberPublisher3.xml
2 ms. Memory: 284672K Free: 131056K (46%)
----------------- Invoking toplevel() on ptolemy.moml.MoMLSimpleApplication@73593079
----------------- Done invoking toplevel() on ptolemy.moml.MoMLSimpleApplication@73593079
reloadAllAccessors: .WidthTestWithSubscriberPublisher3

===========================================================================================
----------------- testing Tue Oct 13 11:59:15 UTC 2020 /home/travis/build/icyphy/ptII/ptolemy/actor/lib/test/auto/Writer.xml
----------------- Instantiating /home/travis/build/icyphy/ptII/ptolemy/actor/lib/test/auto/Writer.xml
0
1
2
3
4
2 ms. Memory: 284672K Free: 126954K (45%)
----------------- Invoking toplevel() on ptolemy.moml.MoMLSimpleApplication@197b3c77
----------------- Done invoking toplevel() on ptolemy.moml.MoMLSimpleApplication@197b3c77
reloadAllAccessors: .Writer

===========================================================================================
----------------- testing Tue Oct 13 11:59:16 UTC 2020 /home/travis/build/icyphy/ptII/ptolemy/actor/lib/test/auto/array.xml
----------------- Instantiating /home/travis/build/icyphy/ptII/ptolemy/actor/lib/test/auto/array.xml
1 ms. Memory: 284672K Free: 121840K (43%)
----------------- Invoking toplevel() on ptolemy.moml.MoMLSimpleApplication@6b2411ba
----------------- Done invoking toplevel() on ptolemy.moml.MoMLSimpleApplication@6b2411ba
reloadAllAccessors: .array

===========================================================================================
----------------- testing Tue Oct 13 11:59:16 UTC 2020 /home/travis/build/icyphy/ptII/ptolemy/actor/lib/test/auto/array2.xml
----------------- Instantiating /home/travis/build/icyphy/ptII/ptolemy/actor/lib/test/auto/array2.xml
2 ms. Memory: 284672K Free: 117234K (41%)
----------------- Invoking toplevel() on ptolemy.moml.MoMLSimpleApplication@145a2b36
----------------- Done invoking toplevel() on ptolemy.moml.MoMLSimpleApplication@145a2b36
reloadAllAccessors: .array2

===========================================================================================
----------------- testing Tue Oct 13 11:59:16 UTC 2020 /home/travis/build/icyphy/ptII/ptolemy/actor/lib/test/auto/arrayType.xml
----------------- Instantiating /home/travis/build/icyphy/ptII/ptolemy/actor/lib/test/auto/arrayType.xml
1 ms. Memory: 284672K Free: 112114K (39%)
----------------- Invoking toplevel() on ptolemy.moml.MoMLSimpleApplication@44fa2f2c
----------------- Done invoking toplevel() on ptolemy.moml.MoMLSimpleApplication@44fa2f2c
reloadAllAccessors: .arrayType

===========================================================================================
----------------- testing Tue Oct 13 11:59:16 UTC 2020 /home/travis/build/icyphy/ptII/ptolemy/actor/lib/test/auto/arrayType10.xml
----------------- Instantiating /home/travis/build/icyphy/ptII/ptolemy/actor/lib/test/auto/arrayType10.xml
1 ms. Memory: 284672K Free: 106994K (38%)
----------------- Invoking toplevel() on ptolemy.moml.MoMLSimpleApplication@33bc10ac
----------------- Done invoking toplevel() on ptolemy.moml.MoMLSimpleApplication@33bc10ac
reloadAllAccessors: .arrayType10

===========================================================================================
----------------- testing Tue Oct 13 11:59:16 UTC 2020 /home/travis/build/icyphy/ptII/ptolemy/actor/lib/test/auto/arrayType11.xml
----------------- Instantiating /home/travis/build/icyphy/ptII/ptolemy/actor/lib/test/auto/arrayType11.xml
1 ms. Memory: 284672K Free: 102384K (36%)
----------------- Invoking toplevel() on ptolemy.moml.MoMLSimpleApplication@26458e0d
----------------- Done invoking toplevel() on ptolemy.moml.MoMLSimpleApplication@26458e0d
reloadAllAccessors: .arrayType11

===========================================================================================
----------------- testing Tue Oct 13 11:59:16 UTC 2020 /home/travis/build/icyphy/ptII/ptolemy/actor/lib/test/auto/arrayType12.xml
----------------- Instantiating /home/travis/build/icyphy/ptII/ptolemy/actor/lib/test/auto/arrayType12.xml
1 ms. Memory: 284672K Free: 97778K (34%)
----------------- Invoking toplevel() on ptolemy.moml.MoMLSimpleApplication@c321b24
----------------- Done invoking toplevel() on ptolemy.moml.MoMLSimpleApplication@c321b24
reloadAllAccessors: .arrayType12

===========================================================================================
----------------- testing Tue Oct 13 11:59:16 UTC 2020 /home/travis/build/icyphy/ptII/ptolemy/actor/lib/test/auto/arrayType13.xml
----------------- Instantiating /home/travis/build/icyphy/ptII/ptolemy/actor/lib/test/auto/arrayType13.xml
1 ms. Memory: 284672K Free: 92144K (32%)
----------------- Invoking toplevel() on ptolemy.moml.MoMLSimpleApplication@2a6f43e0
----------------- Done invoking toplevel() on ptolemy.moml.MoMLSimpleApplication@2a6f43e0
reloadAllAccessors: .arrayType13

===========================================================================================
----------------- testing Tue Oct 13 11:59:16 UTC 2020 /home/travis/build/icyphy/ptII/ptolemy/actor/lib/test/auto/arrayType14.xml
----------------- Instantiating /home/travis/build/icyphy/ptII/ptolemy/actor/lib/test/auto/arrayType14.xml
1 ms. Memory: 284672K Free: 87024K (31%)
----------------- Invoking toplevel() on ptolemy.moml.MoMLSimpleApplication@2a37e08e
----------------- Done invoking toplevel() on ptolemy.moml.MoMLSimpleApplication@2a37e08e
reloadAllAccessors: .arrayType14

===========================================================================================
----------------- testing Tue Oct 13 11:59:16 UTC 2020 /home/travis/build/icyphy/ptII/ptolemy/actor/lib/test/auto/arrayType15.xml
----------------- Instantiating /home/travis/build/icyphy/ptII/ptolemy/actor/lib/test/auto/arrayType15.xml
2 ms. Memory: 284672K Free: 81394K (29%)
----------------- Invoking toplevel() on ptolemy.moml.MoMLSimpleApplication@689476a4
----------------- Done invoking toplevel() on ptolemy.moml.MoMLSimpleApplication@689476a4
reloadAllAccessors: .arrayType15

===========================================================================================
----------------- testing Tue Oct 13 11:59:16 UTC 2020 /home/travis/build/icyphy/ptII/ptolemy/actor/lib/test/auto/arrayType16.xml
----------------- Instantiating /home/travis/build/icyphy/ptII/ptolemy/actor/lib/test/auto/arrayType16.xml
1 ms. Memory: 284672K Free: 76274K (27%)
----------------- Invoking toplevel() on ptolemy.moml.MoMLSimpleApplication@12f65f51
----------------- Done invoking toplevel() on ptolemy.moml.MoMLSimpleApplication@12f65f51
reloadAllAccessors: .arrayType16

===========================================================================================
----------------- testing Tue Oct 13 11:59:16 UTC 2020 /home/travis/build/icyphy/ptII/ptolemy/actor/lib/test/auto/arrayType17.xml
----------------- Instantiating /home/travis/build/icyphy/ptII/ptolemy/actor/lib/test/auto/arrayType17.xml
3 ms. Memory: 284672K Free: 71154K (25%)
----------------- Invoking toplevel() on ptolemy.moml.MoMLSimpleApplication@7eee3fd5
----------------- Done invoking toplevel() on ptolemy.moml.MoMLSimpleApplication@7eee3fd5
reloadAllAccessors: .arrayType17

===========================================================================================
----------------- testing Tue Oct 13 11:59:16 UTC 2020 /home/travis/build/icyphy/ptII/ptolemy/actor/lib/test/auto/arrayType18.xml
----------------- Instantiating /home/travis/build/icyphy/ptII/ptolemy/actor/lib/test/auto/arrayType18.xml
1 ms. Memory: 284672K Free: 66034K (23%)
----------------- Invoking toplevel() on ptolemy.moml.MoMLSimpleApplication@3f3f6137
----------------- Done invoking toplevel() on ptolemy.moml.MoMLSimpleApplication@3f3f6137
reloadAllAccessors: .arrayType18

===========================================================================================
----------------- testing Tue Oct 13 11:59:16 UTC 2020 /home/travis/build/icyphy/ptII/ptolemy/actor/lib/test/auto/arrayType19.xml
----------------- Instantiating /home/travis/build/icyphy/ptII/ptolemy/actor/lib/test/auto/arrayType19.xml
1 ms. Memory: 284672K Free: 226995K (80%)
----------------- Invoking toplevel() on ptolemy.moml.MoMLSimpleApplication@7aadcdcc
----------------- Done invoking toplevel() on ptolemy.moml.MoMLSimpleApplication@7aadcdcc
reloadAllAccessors: .arrayType19

===========================================================================================
----------------- testing Tue Oct 13 11:59:16 UTC 2020 /home/travis/build/icyphy/ptII/ptolemy/actor/lib/test/auto/arrayType2.xml
----------------- Instantiating /home/travis/build/icyphy/ptII/ptolemy/actor/lib/test/auto/arrayType2.xml
1 ms. Memory: 284672K Free: 222385K (78%)
----------------- Invoking toplevel() on ptolemy.moml.MoMLSimpleApplication@661aadc1
----------------- Done invoking toplevel() on ptolemy.moml.MoMLSimpleApplication@661aadc1
reloadAllAccessors: .arrayType2

===========================================================================================
----------------- testing Tue Oct 13 11:59:16 UTC 2020 /home/travis/build/icyphy/ptII/ptolemy/actor/lib/test/auto/arrayType20.xml
----------------- Instantiating /home/travis/build/icyphy/ptII/ptolemy/actor/lib/test/auto/arrayType20.xml
1 ms. Memory: 284672K Free: 216755K (76%)
----------------- Invoking toplevel() on ptolemy.moml.MoMLSimpleApplication@7dc6b2e6
----------------- Done invoking toplevel() on ptolemy.moml.MoMLSimpleApplication@7dc6b2e6
reloadAllAccessors: .arrayType20

===========================================================================================
----------------- testing Tue Oct 13 11:59:16 UTC 2020 /home/travis/build/icyphy/ptII/ptolemy/actor/lib/test/auto/arrayType21.xml
----------------- Instantiating /home/travis/build/icyphy/ptII/ptolemy/actor/lib/test/auto/arrayType21.xml
1 ms. Memory: 284672K Free: 212145K (75%)
----------------- Invoking toplevel() on ptolemy.moml.MoMLSimpleApplication@276d45c7
----------------- Done invoking toplevel() on ptolemy.moml.MoMLSimpleApplication@276d45c7
reloadAllAccessors: .arrayType21

===========================================================================================
----------------- testing Tue Oct 13 11:59:16 UTC 2020 /home/travis/build/icyphy/ptII/ptolemy/actor/lib/test/auto/arrayType22.xml
----------------- Instantiating /home/travis/build/icyphy/ptII/ptolemy/actor/lib/test/auto/arrayType22.xml
2 ms. Memory: 284672K Free: 207025K (73%)
----------------- Invoking toplevel() on ptolemy.moml.MoMLSimpleApplication@69709d46
----------------- Done invoking toplevel() on ptolemy.moml.MoMLSimpleApplication@69709d46
reloadAllAccessors: .arrayType22

===========================================================================================
----------------- testing Tue Oct 13 11:59:16 UTC 2020 /home/travis/build/icyphy/ptII/ptolemy/actor/lib/test/auto/arrayType23.xml
----------------- Instantiating /home/travis/build/icyphy/ptII/ptolemy/actor/lib/test/auto/arrayType23.xml
1 ms. Memory: 284672K Free: 202419K (71%)
----------------- Invoking toplevel() on ptolemy.moml.MoMLSimpleApplication@6becc5ef
----------------- Done invoking toplevel() on ptolemy.moml.MoMLSimpleApplication@6becc5ef
reloadAllAccessors: .arrayType23

===========================================================================================
----------------- testing Tue Oct 13 11:59:16 UTC 2020 /home/travis/build/icyphy/ptII/ptolemy/actor/lib/test/auto/arrayType24.xml
----------------- Instantiating /home/travis/build/icyphy/ptII/ptolemy/actor/lib/test/auto/arrayType24.xml
1 ms. Memory: 284672K Free: 197809K (69%)
----------------- Invoking toplevel() on ptolemy.moml.MoMLSimpleApplication@629ed7af
----------------- Done invoking toplevel() on ptolemy.moml.MoMLSimpleApplication@629ed7af
reloadAllAccessors: .arrayType24

===========================================================================================
----------------- testing Tue Oct 13 11:59:16 UTC 2020 /home/travis/build/icyphy/ptII/ptolemy/actor/lib/test/auto/arrayType25.xml
----------------- Instantiating /home/travis/build/icyphy/ptII/ptolemy/actor/lib/test/auto/arrayType25.xml
1 ms. Memory: 284672K Free: 192179K (68%)
----------------- Invoking toplevel() on ptolemy.moml.MoMLSimpleApplication@4aaf603e
----------------- Done invoking toplevel() on ptolemy.moml.MoMLSimpleApplication@4aaf603e
reloadAllAccessors: .arrayType25

===========================================================================================
----------------- testing Tue Oct 13 11:59:16 UTC 2020 /home/travis/build/icyphy/ptII/ptolemy/actor/lib/test/auto/arrayType26.xml
----------------- Instantiating /home/travis/build/icyphy/ptII/ptolemy/actor/lib/test/auto/arrayType26.xml
1 ms. Memory: 284672K Free: 187059K (66%)
----------------- Invoking toplevel() on ptolemy.moml.MoMLSimpleApplication@46a5a354
----------------- Done invoking toplevel() on ptolemy.moml.MoMLSimpleApplication@46a5a354
reloadAllAccessors: .arrayType26

===========================================================================================
----------------- testing Tue Oct 13 11:59:16 UTC 2020 /home/travis/build/icyphy/ptII/ptolemy/actor/lib/test/auto/arrayType27.xml
----------------- Instantiating /home/travis/build/icyphy/ptII/ptolemy/actor/lib/test/auto/arrayType27.xml
1 ms. Memory: 284672K Free: 181939K (64%)
----------------- Invoking toplevel() on ptolemy.moml.MoMLSimpleApplication@3085a803
----------------- Done invoking toplevel() on ptolemy.moml.MoMLSimpleApplication@3085a803
reloadAllAccessors: .arrayType27

===========================================================================================
----------------- testing Tue Oct 13 11:59:16 UTC 2020 /home/travis/build/icyphy/ptII/ptolemy/actor/lib/test/auto/arrayType28.xml
----------------- Instantiating /home/travis/build/icyphy/ptII/ptolemy/actor/lib/test/auto/arrayType28.xml
1 ms. Memory: 284672K Free: 176305K (62%)
----------------- Invoking toplevel() on ptolemy.moml.MoMLSimpleApplication@279703aa
----------------- Done invoking toplevel() on ptolemy.moml.MoMLSimpleApplication@279703aa
reloadAllAccessors: .arrayType28

===========================================================================================
----------------- testing Tue Oct 13 11:59:16 UTC 2020 /home/travis/build/icyphy/ptII/ptolemy/actor/lib/test/auto/arrayType3.xml
----------------- Instantiating /home/travis/build/icyphy/ptII/ptolemy/actor/lib/test/auto/arrayType3.xml
7 ms. Memory: 284672K Free: 171171K (60%)
----------------- Invoking toplevel() on ptolemy.moml.MoMLSimpleApplication@6070bebe
----------------- Done invoking toplevel() on ptolemy.moml.MoMLSimpleApplication@6070bebe
reloadAllAccessors: .arrayType3

===========================================================================================
----------------- testing Tue Oct 13 11:59:16 UTC 2020 /home/travis/build/icyphy/ptII/ptolemy/actor/lib/test/auto/arrayType4.xml
----------------- Instantiating /home/travis/build/icyphy/ptII/ptolemy/actor/lib/test/auto/arrayType4.xml
1 ms. Memory: 284672K Free: 165555K (58%)
----------------- Invoking toplevel() on ptolemy.moml.MoMLSimpleApplication@4836575d
----------------- Done invoking toplevel() on ptolemy.moml.MoMLSimpleApplication@4836575d
reloadAllAccessors: .arrayType4

===========================================================================================
----------------- testing Tue Oct 13 11:59:16 UTC 2020 /home/travis/build/icyphy/ptII/ptolemy/actor/lib/test/auto/arrayType5.xml
----------------- Instantiating /home/travis/build/icyphy/ptII/ptolemy/actor/lib/test/auto/arrayType5.xml
1 ms. Memory: 284672K Free: 160435K (56%)
----------------- Invoking toplevel() on ptolemy.moml.MoMLSimpleApplication@6d53da63
----------------- Done invoking toplevel() on ptolemy.moml.MoMLSimpleApplication@6d53da63
reloadAllAccessors: .arrayType5

===========================================================================================
----------------- testing Tue Oct 13 11:59:16 UTC 2020 /home/travis/build/icyphy/ptII/ptolemy/actor/lib/test/auto/arrayType6.xml
----------------- Instantiating /home/travis/build/icyphy/ptII/ptolemy/actor/lib/test/auto/arrayType6.xml
1 ms. Memory: 284672K Free: 155315K (55%)
----------------- Invoking toplevel() on ptolemy.moml.MoMLSimpleApplication@e8b8d4d
----------------- Done invoking toplevel() on ptolemy.moml.MoMLSimpleApplication@e8b8d4d
reloadAllAccessors: .arrayType6

===========================================================================================
----------------- testing Tue Oct 13 11:59:16 UTC 2020 /home/travis/build/icyphy/ptII/ptolemy/actor/lib/test/auto/arrayType7.xml
----------------- Instantiating /home/travis/build/icyphy/ptII/ptolemy/actor/lib/test/auto/arrayType7.xml
6 ms. Memory: 284672K Free: 150702K (53%)
----------------- Invoking toplevel() on ptolemy.moml.MoMLSimpleApplication@701bb1e5
----------------- Done invoking toplevel() on ptolemy.moml.MoMLSimpleApplication@701bb1e5
reloadAllAccessors: .arrayType7

===========================================================================================
----------------- testing Tue Oct 13 11:59:16 UTC 2020 /home/travis/build/icyphy/ptII/ptolemy/actor/lib/test/auto/arrayType8.xml
----------------- Instantiating /home/travis/build/icyphy/ptII/ptolemy/actor/lib/test/auto/arrayType8.xml
1 ms. Memory: 284672K Free: 146099K (51%)
----------------- Invoking toplevel() on ptolemy.moml.MoMLSimpleApplication@2e567cd9
----------------- Done invoking toplevel() on ptolemy.moml.MoMLSimpleApplication@2e567cd9
reloadAllAccessors: .arrayType8

===========================================================================================
----------------- testing Tue Oct 13 11:59:16 UTC 2020 /home/travis/build/icyphy/ptII/ptolemy/actor/lib/test/auto/arrayType9.xml
----------------- Instantiating /home/travis/build/icyphy/ptII/ptolemy/actor/lib/test/auto/arrayType9.xml
1 ms. Memory: 284672K Free: 140979K (50%)
----------------- Invoking toplevel() on ptolemy.moml.MoMLSimpleApplication@25cf49a4
----------------- Done invoking toplevel() on ptolemy.moml.MoMLSimpleApplication@25cf49a4
reloadAllAccessors: .arrayType9

===========================================================================================
----------------- testing Tue Oct 13 11:59:16 UTC 2020 /home/travis/build/icyphy/ptII/ptolemy/actor/lib/test/auto/cast.xml
----------------- Instantiating /home/travis/build/icyphy/ptII/ptolemy/actor/lib/test/auto/cast.xml
12 ms. Memory: 284672K Free: 136369K (48%)
----------------- Invoking toplevel() on ptolemy.moml.MoMLSimpleApplication@73bb167e
----------------- Done invoking toplevel() on ptolemy.moml.MoMLSimpleApplication@73bb167e
reloadAllAccessors: .cast

===========================================================================================
----------------- testing Tue Oct 13 11:59:16 UTC 2020 /home/travis/build/icyphy/ptII/ptolemy/actor/lib/test/auto/compositeMultiPort.xml
----------------- Instantiating /home/travis/build/icyphy/ptII/ptolemy/actor/lib/test/auto/compositeMultiPort.xml
3 ms. Memory: 284672K Free: 127123K (45%)
----------------- Invoking toplevel() on ptolemy.moml.MoMLSimpleApplication@31b84e1e
----------------- Done invoking toplevel() on ptolemy.moml.MoMLSimpleApplication@31b84e1e
reloadAllAccessors: .compositeMultiPort

===========================================================================================
----------------- testing Tue Oct 13 11:59:16 UTC 2020 /home/travis/build/icyphy/ptII/ptolemy/actor/lib/test/auto/expressionCastInference.xml
----------------- Instantiating /home/travis/build/icyphy/ptII/ptolemy/actor/lib/test/auto/expressionCastInference.xml
2 ms. Memory: 284672K Free: 122547K (43%)
----------------- Invoking toplevel() on ptolemy.moml.MoMLSimpleApplication@3ba6e8e5
----------------- Done invoking toplevel() on ptolemy.moml.MoMLSimpleApplication@3ba6e8e5
reloadAllAccessors: .expressionCastInference

===========================================================================================
----------------- testing Tue Oct 13 11:59:16 UTC 2020 /home/travis/build/icyphy/ptII/ptolemy/actor/lib/test/auto/expressionCastInference2.xml
----------------- Instantiating /home/travis/build/icyphy/ptII/ptolemy/actor/lib/test/auto/expressionCastInference2.xml
2 ms. Memory: 284672K Free: 117427K (41%)
----------------- Invoking toplevel() on ptolemy.moml.MoMLSimpleApplication@72437ec
----------------- Done invoking toplevel() on ptolemy.moml.MoMLSimpleApplication@72437ec
reloadAllAccessors: .expressionCastInference2

===========================================================================================
----------------- testing Tue Oct 13 11:59:16 UTC 2020 /home/travis/build/icyphy/ptII/ptolemy/actor/lib/test/auto/expressionInference.xml
----------------- Instantiating /home/travis/build/icyphy/ptII/ptolemy/actor/lib/test/auto/expressionInference.xml
1 ms. Memory: 284672K Free: 113331K (40%)
----------------- Invoking toplevel() on ptolemy.moml.MoMLSimpleApplication@60e15807
----------------- Done invoking toplevel() on ptolemy.moml.MoMLSimpleApplication@60e15807
reloadAllAccessors: .expressionInference

===========================================================================================
----------------- testing Tue Oct 13 11:59:16 UTC 2020 /home/travis/build/icyphy/ptII/ptolemy/actor/lib/test/auto/expression_bug.xml
----------------- Instantiating /home/travis/build/icyphy/ptII/ptolemy/actor/lib/test/auto/expression_bug.xml
1 ms. Memory: 284672K Free: 108721K (38%)
----------------- Invoking toplevel() on ptolemy.moml.MoMLSimpleApplication@2144b2d4
----------------- Done invoking toplevel() on ptolemy.moml.MoMLSimpleApplication@2144b2d4
reloadAllAccessors: .expression_bug

===========================================================================================
----------------- testing Tue Oct 13 11:59:16 UTC 2020 /home/travis/build/icyphy/ptII/ptolemy/actor/lib/test/auto/factorial.xml
----------------- Instantiating /home/travis/build/icyphy/ptII/ptolemy/actor/lib/test/auto/factorial.xml
35 ms. Memory: 284672K Free: 100529K (35%)
----------------- Invoking toplevel() on ptolemy.moml.MoMLSimpleApplication@1785fb15
----------------- Done invoking toplevel() on ptolemy.moml.MoMLSimpleApplication@1785fb15
reloadAllAccessors: .factorial

===========================================================================================
----------------- testing Tue Oct 13 11:59:16 UTC 2020 /home/travis/build/icyphy/ptII/ptolemy/actor/lib/test/auto/filterTest1.xml
----------------- Instantiating /home/travis/build/icyphy/ptII/ptolemy/actor/lib/test/auto/filterTest1.xml
3 ms. Memory: 284672K Free: 94899K (33%)
----------------- Invoking toplevel() on ptolemy.moml.MoMLSimpleApplication@69e62d62
----------------- Done invoking toplevel() on ptolemy.moml.MoMLSimpleApplication@69e62d62
reloadAllAccessors: .filterTest1

===========================================================================================
----------------- testing Tue Oct 13 11:59:16 UTC 2020 /home/travis/build/icyphy/ptII/ptolemy/actor/lib/test/auto/funcApplyInConst.xml
----------------- Instantiating /home/travis/build/icyphy/ptII/ptolemy/actor/lib/test/auto/funcApplyInConst.xml
0 ms. Memory: 284672K Free: 90803K (32%)
----------------- Invoking toplevel() on ptolemy.moml.MoMLSimpleApplication@4c3c37f5
----------------- Done invoking toplevel() on ptolemy.moml.MoMLSimpleApplication@4c3c37f5
reloadAllAccessors: .funcApplyInConst

===========================================================================================
----------------- testing Tue Oct 13 11:59:16 UTC 2020 /home/travis/build/icyphy/ptII/ptolemy/actor/lib/test/auto/funcApplyInExpr.xml
----------------- Instantiating /home/travis/build/icyphy/ptII/ptolemy/actor/lib/test/auto/funcApplyInExpr.xml
1 ms. Memory: 284672K Free: 87217K (31%)
----------------- Invoking toplevel() on ptolemy.moml.MoMLSimpleApplication@36ac7edc
----------------- Done invoking toplevel() on ptolemy.moml.MoMLSimpleApplication@36ac7edc
reloadAllAccessors: .funcApplyInExpr

===========================================================================================
----------------- testing Tue Oct 13 11:59:16 UTC 2020 /home/travis/build/icyphy/ptII/ptolemy/actor/lib/test/auto/function.xml
----------------- Instantiating /home/travis/build/icyphy/ptII/ptolemy/actor/lib/test/auto/function.xml
2 ms. Memory: 284672K Free: 82097K (29%)
----------------- Invoking toplevel() on ptolemy.moml.MoMLSimpleApplication@5fbeea02
----------------- Done invoking toplevel() on ptolemy.moml.MoMLSimpleApplication@5fbeea02
reloadAllAccessors: .function

===========================================================================================
----------------- testing Tue Oct 13 11:59:16 UTC 2020 /home/travis/build/icyphy/ptII/ptolemy/actor/lib/test/auto/function2.xml
----------------- Instantiating /home/travis/build/icyphy/ptII/ptolemy/actor/lib/test/auto/function2.xml
1 ms. Memory: 284672K Free: 77491K (27%)
----------------- Invoking toplevel() on ptolemy.moml.MoMLSimpleApplication@3eb8e4f7
----------------- Done invoking toplevel() on ptolemy.moml.MoMLSimpleApplication@3eb8e4f7
reloadAllAccessors: .function2

===========================================================================================
----------------- testing Tue Oct 13 11:59:16 UTC 2020 /home/travis/build/icyphy/ptII/ptolemy/actor/lib/test/auto/function3.xml
----------------- Instantiating /home/travis/build/icyphy/ptII/ptolemy/actor/lib/test/auto/function3.xml
1 ms. Memory: 284672K Free: 73395K (26%)
----------------- Invoking toplevel() on ptolemy.moml.MoMLSimpleApplication@4518aa18
----------------- Done invoking toplevel() on ptolemy.moml.MoMLSimpleApplication@4518aa18
reloadAllAccessors: .function3

===========================================================================================
----------------- testing Tue Oct 13 11:59:16 UTC 2020 /home/travis/build/icyphy/ptII/ptolemy/actor/lib/test/auto/functionClosureTest1.xml
----------------- Instantiating /home/travis/build/icyphy/ptII/ptolemy/actor/lib/test/auto/functionClosureTest1.xml
1 ms. Memory: 284672K Free: 67755K (24%)
----------------- Invoking toplevel() on ptolemy.moml.MoMLSimpleApplication@7db07be8
----------------- Done invoking toplevel() on ptolemy.moml.MoMLSimpleApplication@7db07be8
reloadAllAccessors: .functionClosureTest1

===========================================================================================
----------------- testing Tue Oct 13 11:59:16 UTC 2020 /home/travis/build/icyphy/ptII/ptolemy/actor/lib/test/auto/functionClosureTest2.xml
----------------- Instantiating /home/travis/build/icyphy/ptII/ptolemy/actor/lib/test/auto/functionClosureTest2.xml
1 ms. Memory: 284672K Free: 229539K (81%)
----------------- Invoking toplevel() on ptolemy.moml.MoMLSimpleApplication@63278672
----------------- Done invoking toplevel() on ptolemy.moml.MoMLSimpleApplication@63278672
reloadAllAccessors: .functionClosureTest2

===========================================================================================
----------------- testing Tue Oct 13 11:59:16 UTC 2020 /home/travis/build/icyphy/ptII/ptolemy/actor/lib/test/auto/functionClosureTest3.xml
----------------- Instantiating /home/travis/build/icyphy/ptII/ptolemy/actor/lib/test/auto/functionClosureTest3.xml
3 ms. Memory: 284672K Free: 223909K (79%)
----------------- Invoking toplevel() on ptolemy.moml.MoMLSimpleApplication@7eb5fbdb
----------------- Done invoking toplevel() on ptolemy.moml.MoMLSimpleApplication@7eb5fbdb
reloadAllAccessors: .functionClosureTest3

===========================================================================================
----------------- testing Tue Oct 13 11:59:16 UTC 2020 /home/travis/build/icyphy/ptII/ptolemy/actor/lib/test/auto/functionClosureTest4.xml
----------------- Instantiating /home/travis/build/icyphy/ptII/ptolemy/actor/lib/test/auto/functionClosureTest4.xml
4 ms. Memory: 284672K Free: 217765K (76%)
----------------- Invoking toplevel() on ptolemy.moml.MoMLSimpleApplication@184022af
----------------- Done invoking toplevel() on ptolemy.moml.MoMLSimpleApplication@184022af
reloadAllAccessors: .functionClosureTest4

===========================================================================================
----------------- testing Tue Oct 13 11:59:16 UTC 2020 /home/travis/build/icyphy/ptII/ptolemy/actor/lib/test/auto/functionClosureTest5.xml
----------------- Instantiating /home/travis/build/icyphy/ptII/ptolemy/actor/lib/test/auto/functionClosureTest5.xml
4 ms. Memory: 284672K Free: 212117K (75%)
----------------- Invoking toplevel() on ptolemy.moml.MoMLSimpleApplication@68caa2c8
----------------- Done invoking toplevel() on ptolemy.moml.MoMLSimpleApplication@68caa2c8
reloadAllAccessors: .functionClosureTest5

===========================================================================================
----------------- testing Tue Oct 13 11:59:16 UTC 2020 /home/travis/build/icyphy/ptII/ptolemy/actor/lib/test/auto/functionClosureTest6.xml
----------------- Instantiating /home/travis/build/icyphy/ptII/ptolemy/actor/lib/test/auto/functionClosureTest6.xml
2 ms. Memory: 284672K Free: 207525K (73%)
----------------- Invoking toplevel() on ptolemy.moml.MoMLSimpleApplication@5f55f97c
----------------- Done invoking toplevel() on ptolemy.moml.MoMLSimpleApplication@5f55f97c
reloadAllAccessors: .functionClosureTest6

===========================================================================================
----------------- testing Tue Oct 13 11:59:16 UTC 2020 /home/travis/build/icyphy/ptII/ptolemy/actor/lib/test/auto/functionsOnArcs.xml
----------------- Instantiating /home/travis/build/icyphy/ptII/ptolemy/actor/lib/test/auto/functionsOnArcs.xml
2 ms. Memory: 284672K Free: 201891K (71%)
----------------- Invoking toplevel() on ptolemy.moml.MoMLSimpleApplication@11030957
----------------- Done invoking toplevel() on ptolemy.moml.MoMLSimpleApplication@11030957
reloadAllAccessors: .functionsOnArcs

===========================================================================================
----------------- testing Tue Oct 13 11:59:16 UTC 2020 /home/travis/build/icyphy/ptII/ptolemy/actor/lib/test/auto/functionsOnArcsHOF.xml
----------------- Instantiating /home/travis/build/icyphy/ptII/ptolemy/actor/lib/test/auto/functionsOnArcsHOF.xml
3 ms. Memory: 284672K Free: 196261K (69%)
----------------- Invoking toplevel() on ptolemy.moml.MoMLSimpleApplication@2ca3394d
----------------- Done invoking toplevel() on ptolemy.moml.MoMLSimpleApplication@2ca3394d
reloadAllAccessors: .functionsOnArcsHOF

===========================================================================================
----------------- testing Tue Oct 13 11:59:16 UTC 2020 /home/travis/build/icyphy/ptII/ptolemy/actor/lib/test/auto/logic.xml
----------------- Instantiating /home/travis/build/icyphy/ptII/ptolemy/actor/lib/test/auto/logic.xml
1 ms. Memory: 284672K Free: 188579K (66%)
----------------- Invoking toplevel() on ptolemy.moml.MoMLSimpleApplication@7032912f
----------------- Done invoking toplevel() on ptolemy.moml.MoMLSimpleApplication@7032912f
reloadAllAccessors: .logic

===========================================================================================
----------------- testing Tue Oct 13 11:59:16 UTC 2020 /home/travis/build/icyphy/ptII/ptolemy/actor/lib/test/auto/matrixType.xml
----------------- Instantiating /home/travis/build/icyphy/ptII/ptolemy/actor/lib/test/auto/matrixType.xml
1 ms. Memory: 284672K Free: 183973K (65%)
----------------- Invoking toplevel() on ptolemy.moml.MoMLSimpleApplication@4713cd08
----------------- Done invoking toplevel() on ptolemy.moml.MoMLSimpleApplication@4713cd08
reloadAllAccessors: .matrixType

===========================================================================================
----------------- testing Tue Oct 13 11:59:16 UTC 2020 /home/travis/build/icyphy/ptII/ptolemy/actor/lib/test/auto/matrixType10.xml
----------------- Instantiating /home/travis/build/icyphy/ptII/ptolemy/actor/lib/test/auto/matrixType10.xml
2 ms. Memory: 284672K Free: 178853K (63%)
----------------- Invoking toplevel() on ptolemy.moml.MoMLSimpleApplication@4496c74f
----------------- Done invoking toplevel() on ptolemy.moml.MoMLSimpleApplication@4496c74f
reloadAllAccessors: .matrixType10

===========================================================================================
----------------- testing Tue Oct 13 11:59:16 UTC 2020 /home/travis/build/icyphy/ptII/ptolemy/actor/lib/test/auto/matrixType11.xml
----------------- Instantiating /home/travis/build/icyphy/ptII/ptolemy/actor/lib/test/auto/matrixType11.xml
1 ms. Memory: 284672K Free: 174243K (61%)
----------------- Invoking toplevel() on ptolemy.moml.MoMLSimpleApplication@dd27cb2
----------------- Done invoking toplevel() on ptolemy.moml.MoMLSimpleApplication@dd27cb2
reloadAllAccessors: .matrixType11

===========================================================================================
----------------- testing Tue Oct 13 11:59:16 UTC 2020 /home/travis/build/icyphy/ptII/ptolemy/actor/lib/test/auto/matrixType12.xml
----------------- Instantiating /home/travis/build/icyphy/ptII/ptolemy/actor/lib/test/auto/matrixType12.xml
1 ms. Memory: 284672K Free: 169123K (59%)
----------------- Invoking toplevel() on ptolemy.moml.MoMLSimpleApplication@39d74112
----------------- Done invoking toplevel() on ptolemy.moml.MoMLSimpleApplication@39d74112
reloadAllAccessors: .matrixType12

===========================================================================================
----------------- testing Tue Oct 13 11:59:16 UTC 2020 /home/travis/build/icyphy/ptII/ptolemy/actor/lib/test/auto/matrixType13.xml
----------------- Instantiating /home/travis/build/icyphy/ptII/ptolemy/actor/lib/test/auto/matrixType13.xml
1 ms. Memory: 284672K Free: 164517K (58%)
----------------- Invoking toplevel() on ptolemy.moml.MoMLSimpleApplication@63649a56
----------------- Done invoking toplevel() on ptolemy.moml.MoMLSimpleApplication@63649a56
reloadAllAccessors: .matrixType13

===========================================================================================
----------------- testing Tue Oct 13 11:59:16 UTC 2020 /home/travis/build/icyphy/ptII/ptolemy/actor/lib/test/auto/matrixType14.xml
----------------- Instantiating /home/travis/build/icyphy/ptII/ptolemy/actor/lib/test/auto/matrixType14.xml
1 ms. Memory: 284672K Free: 158883K (56%)
----------------- Invoking toplevel() on ptolemy.moml.MoMLSimpleApplication@d4dbec1
----------------- Done invoking toplevel() on ptolemy.moml.MoMLSimpleApplication@d4dbec1
reloadAllAccessors: .matrixType14

===========================================================================================
----------------- testing Tue Oct 13 11:59:16 UTC 2020 /home/travis/build/icyphy/ptII/ptolemy/actor/lib/test/auto/matrixType2.xml
----------------- Instantiating /home/travis/build/icyphy/ptII/ptolemy/actor/lib/test/auto/matrixType2.xml
1 ms. Memory: 284672K Free: 154277K (54%)
----------------- Invoking toplevel() on ptolemy.moml.MoMLSimpleApplication@78ec74a6
----------------- Done invoking toplevel() on ptolemy.moml.MoMLSimpleApplication@78ec74a6
reloadAllAccessors: .matrixType2

===========================================================================================
----------------- testing Tue Oct 13 11:59:16 UTC 2020 /home/travis/build/icyphy/ptII/ptolemy/actor/lib/test/auto/matrixType3.xml
----------------- Instantiating /home/travis/build/icyphy/ptII/ptolemy/actor/lib/test/auto/matrixType3.xml
3 ms. Memory: 284672K Free: 149157K (52%)
----------------- Invoking toplevel() on ptolemy.moml.MoMLSimpleApplication@1cdc9b90
----------------- Done invoking toplevel() on ptolemy.moml.MoMLSimpleApplication@1cdc9b90
reloadAllAccessors: .matrixType3

===========================================================================================
----------------- testing Tue Oct 13 11:59:16 UTC 2020 /home/travis/build/icyphy/ptII/ptolemy/actor/lib/test/auto/matrixType4.xml
----------------- Instantiating /home/travis/build/icyphy/ptII/ptolemy/actor/lib/test/auto/matrixType4.xml
1 ms. Memory: 284672K Free: 144547K (51%)
----------------- Invoking toplevel() on ptolemy.moml.MoMLSimpleApplication@2a0ab595
----------------- Done invoking toplevel() on ptolemy.moml.MoMLSimpleApplication@2a0ab595
reloadAllAccessors: .matrixType4

===========================================================================================
----------------- testing Tue Oct 13 11:59:16 UTC 2020 /home/travis/build/icyphy/ptII/ptolemy/actor/lib/test/auto/matrixType5.xml
----------------- Instantiating /home/travis/build/icyphy/ptII/ptolemy/actor/lib/test/auto/matrixType5.xml
2 ms. Memory: 284672K Free: 139427K (49%)
----------------- Invoking toplevel() on ptolemy.moml.MoMLSimpleApplication@54ece2c1
----------------- Done invoking toplevel() on ptolemy.moml.MoMLSimpleApplication@54ece2c1
reloadAllAccessors: .matrixType5

===========================================================================================
----------------- testing Tue Oct 13 11:59:16 UTC 2020 /home/travis/build/icyphy/ptII/ptolemy/actor/lib/test/auto/matrixType6.xml
----------------- Instantiating /home/travis/build/icyphy/ptII/ptolemy/actor/lib/test/auto/matrixType6.xml
1 ms. Memory: 284672K Free: 134821K (47%)
----------------- Invoking toplevel() on ptolemy.moml.MoMLSimpleApplication@71c1471a
----------------- Done invoking toplevel() on ptolemy.moml.MoMLSimpleApplication@71c1471a
reloadAllAccessors: .matrixType6

===========================================================================================
----------------- testing Tue Oct 13 11:59:16 UTC 2020 /home/travis/build/icyphy/ptII/ptolemy/actor/lib/test/auto/matrixType7.xml
----------------- Instantiating /home/travis/build/icyphy/ptII/ptolemy/actor/lib/test/auto/matrixType7.xml
1 ms. Memory: 284672K Free: 129701K (46%)
----------------- Invoking toplevel() on ptolemy.moml.MoMLSimpleApplication@61ce1dcc
----------------- Done invoking toplevel() on ptolemy.moml.MoMLSimpleApplication@61ce1dcc
reloadAllAccessors: .matrixType7

===========================================================================================
----------------- testing Tue Oct 13 11:59:16 UTC 2020 /home/travis/build/icyphy/ptII/ptolemy/actor/lib/test/auto/matrixType8.xml
----------------- Instantiating /home/travis/build/icyphy/ptII/ptolemy/actor/lib/test/auto/matrixType8.xml
1 ms. Memory: 284672K Free: 125091K (44%)
----------------- Invoking toplevel() on ptolemy.moml.MoMLSimpleApplication@9816ff2
----------------- Done invoking toplevel() on ptolemy.moml.MoMLSimpleApplication@9816ff2
reloadAllAccessors: .matrixType8

===========================================================================================
----------------- testing Tue Oct 13 11:59:16 UTC 2020 /home/travis/build/icyphy/ptII/ptolemy/actor/lib/test/auto/matrixType9.xml
----------------- Instantiating /home/travis/build/icyphy/ptII/ptolemy/actor/lib/test/auto/matrixType9.xml
1 ms. Memory: 284672K Free: 119971K (42%)
----------------- Invoking toplevel() on ptolemy.moml.MoMLSimpleApplication@7370e281
----------------- Done invoking toplevel() on ptolemy.moml.MoMLSimpleApplication@7370e281
reloadAllAccessors: .matrixType9

===========================================================================================
----------------- testing Tue Oct 13 11:59:17 UTC 2020 /home/travis/build/icyphy/ptII/ptolemy/actor/lib/test/auto/paraFunctest.xml
----------------- Instantiating /home/travis/build/icyphy/ptII/ptolemy/actor/lib/test/auto/paraFunctest.xml
2 ms. Memory: 284672K Free: 115365K (41%)
----------------- Invoking toplevel() on ptolemy.moml.MoMLSimpleApplication@1c4a0914
----------------- Done invoking toplevel() on ptolemy.moml.MoMLSimpleApplication@1c4a0914
reloadAllAccessors: .paraFunctest

===========================================================================================
----------------- testing Tue Oct 13 11:59:17 UTC 2020 /home/travis/build/icyphy/ptII/ptolemy/actor/lib/test/auto/paraFunctest2.xml
----------------- Instantiating /home/travis/build/icyphy/ptII/ptolemy/actor/lib/test/auto/paraFunctest2.xml
2 ms. Memory: 284672K Free: 110755K (39%)
----------------- Invoking toplevel() on ptolemy.moml.MoMLSimpleApplication@6d140ba4
----------------- Done invoking toplevel() on ptolemy.moml.MoMLSimpleApplication@6d140ba4
reloadAllAccessors: .paraFunctest2

===========================================================================================
----------------- testing Tue Oct 13 11:59:17 UTC 2020 /home/travis/build/icyphy/ptII/ptolemy/actor/lib/test/auto/parameterPassing.xml
----------------- Instantiating /home/travis/build/icyphy/ptII/ptolemy/actor/lib/test/auto/parameterPassing.xml
1 ms. Memory: 284672K Free: 106149K (37%)
----------------- Invoking toplevel() on ptolemy.moml.MoMLSimpleApplication@38310dc8
----------------- Done invoking toplevel() on ptolemy.moml.MoMLSimpleApplication@38310dc8
reloadAllAccessors: .parameterPassing

===========================================================================================
----------------- testing Tue Oct 13 11:59:17 UTC 2020 /home/travis/build/icyphy/ptII/ptolemy/actor/lib/test/auto/record.xml
----------------- Instantiating /home/travis/build/icyphy/ptII/ptolemy/actor/lib/test/auto/record.xml
1 ms. Memory: 284672K Free: 101539K (36%)
----------------- Invoking toplevel() on ptolemy.moml.MoMLSimpleApplication@2018b9bb
----------------- Done invoking toplevel() on ptolemy.moml.MoMLSimpleApplication@2018b9bb
reloadAllAccessors: .record

===========================================================================================
----------------- testing Tue Oct 13 11:59:17 UTC 2020 /home/travis/build/icyphy/ptII/ptolemy/actor/lib/test/auto/sizedarray1.xml
----------------- Instantiating /home/travis/build/icyphy/ptII/ptolemy/actor/lib/test/auto/sizedarray1.xml
1 ms. Memory: 284672K Free: 95909K (34%)
----------------- Invoking toplevel() on ptolemy.moml.MoMLSimpleApplication@557045e1
----------------- Done invoking toplevel() on ptolemy.moml.MoMLSimpleApplication@557045e1
reloadAllAccessors: .sizedarray1

===========================================================================================
----------------- testing Tue Oct 13 11:59:17 UTC 2020 /home/travis/build/icyphy/ptII/ptolemy/actor/lib/test/auto/sizedarray2.xml
----------------- Instantiating /home/travis/build/icyphy/ptII/ptolemy/actor/lib/test/auto/sizedarray2.xml
2 ms. Memory: 284672K Free: 90789K (32%)
----------------- Invoking toplevel() on ptolemy.moml.MoMLSimpleApplication@1453cb72
----------------- Done invoking toplevel() on ptolemy.moml.MoMLSimpleApplication@1453cb72
reloadAllAccessors: .sizedarray2

===========================================================================================
----------------- testing Tue Oct 13 11:59:17 UTC 2020 /home/travis/build/icyphy/ptII/ptolemy/actor/lib/test/auto/twoPublishers.xml
----------------- Instantiating /home/travis/build/icyphy/ptII/ptolemy/actor/lib/test/auto/twoPublishers.xml
6 ms. Memory: 284672K Free: 80035K (28%)
----------------- Invoking toplevel() on ptolemy.moml.MoMLSimpleApplication@529cb23
----------------- Done invoking toplevel() on ptolemy.moml.MoMLSimpleApplication@529cb23
reloadAllAccessors: .twoPublishers
AutoTests.java: About to close Vertx.
AutoTests.java: Vertx closed.
]]></system-out>
  <system-err><![CDATA[java.lang.RuntimeException: Execution failed
	at ptolemy.moml.MoMLSimpleApplication$UnloadThread.run(MoMLSimpleApplication.java:402)
Caused by: java.lang.RuntimeException: StringUtilities.exit() was called. Normally, we would exit here because Manager.exitAfterWrapup() was called.  However, because the ptolemy.ptII.exitAfterWrapup property is set, we throw this exception instead.
	at ptolemy.util.StringUtilities.exit(StringUtilities.java:365)
	at ptolemy.actor.Manager.wrapup(Manager.java:1549)
	at ptolemy.actor.Manager.execute(Manager.java:407)
	at ptolemy.actor.Manager.run(Manager.java:1263)
	at ptolemy.actor.Manager$PtolemyRunThread.run(Manager.java:1933)
Warning: '.top.test' is in training mode, set the trainingMode parameter to false before checking in
Warning: '.top.test' is in training mode, set the trainingMode parameter to false before checking in
Warning: '.top.test' is in training mode, set the trainingMode parameter to false before checking in
Warning: '.BooleanSwitch_RegressionTest_WrongTrainingValues.Test' is in training mode, set the trainingMode parameter to false before checking in
Warning: '.BooleanSwitch_RegressionTest_WrongTrainingValues.Test2' is in training mode, set the trainingMode parameter to false before checking in
Warning: '.BooleanSwitch_RegressionTest_WrongTrainingValues.Test2' The test produced 0 tokens.
Warning: '.top.testExceptionHandler' is in training mode, set the trainingMode parameter to false before checking in
java.lang.RuntimeException: Execution failed
	at ptolemy.moml.MoMLSimpleApplication$UnloadThread.run(MoMLSimpleApplication.java:402)
Caused by: ptolemy.kernel.util.IllegalActionException: PublisherPorts cannot be used at the top level, use a Publisher actor instead.
  in .PublisherPortToplevelSubscriber.PublisherPort
	at ptolemy.actor.PublisherPort.preinitialize(PublisherPort.java:403)
	at ptolemy.actor.CompositeActor.preinitialize(CompositeActor.java:1769)
	at ptolemy.actor.Manager.preinitializeAndResolveTypes(Manager.java:1040)
	at ptolemy.actor.Manager.initialize(Manager.java:710)
	at ptolemy.actor.Manager.execute(Manager.java:356)
	at ptolemy.actor.Manager.run(Manager.java:1263)
	at ptolemy.actor.Manager$PtolemyRunThread.run(Manager.java:1933)
java.lang.reflect.InvocationTargetException
	at java.base/jdk.internal.reflect.NativeConstructorAccessorImpl.newInstance0(Native Method)
	at java.base/jdk.internal.reflect.NativeConstructorAccessorImpl.newInstance(NativeConstructorAccessorImpl.java:62)
	at java.base/jdk.internal.reflect.DelegatingConstructorAccessorImpl.newInstance(DelegatingConstructorAccessorImpl.java:45)
	at java.base/java.lang.reflect.Constructor.newInstance(Constructor.java:490)
	at ptolemy.util.test.junit.AutoKnownFailedTests.RunModel(AutoKnownFailedTests.java:105)
	at java.base/jdk.internal.reflect.NativeMethodAccessorImpl.invoke0(Native Method)
	at java.base/jdk.internal.reflect.NativeMethodAccessorImpl.invoke(NativeMethodAccessorImpl.java:62)
	at java.base/jdk.internal.reflect.DelegatingMethodAccessorImpl.invoke(DelegatingMethodAccessorImpl.java:43)
	at java.base/java.lang.reflect.Method.invoke(Method.java:566)
	at org.junit.runners.model.FrameworkMethod$1.runReflectiveCall(FrameworkMethod.java:44)
	at org.junit.internal.runners.model.ReflectiveCallable.run(ReflectiveCallable.java:15)
	at org.junit.runners.model.FrameworkMethod.invokeExplosively(FrameworkMethod.java:41)
	at junitparams.internal.InvokeParameterisedMethod.evaluate(InvokeParameterisedMethod.java:102)
	at org.junit.internal.runners.statements.FailOnTimeout$1.run(FailOnTimeout.java:28)
Caused by: ptolemy.kernel.util.IllegalActionException: PublisherPorts cannot be used at the top level, use a Publisher actor instead.
  in .PublisherPortToplevelSubscriber.PublisherPort
	at ptolemy.actor.PublisherPort.preinitialize(PublisherPort.java:403)
	at ptolemy.actor.CompositeActor.preinitialize(CompositeActor.java:1769)
	at ptolemy.actor.Manager.preinitializeAndResolveTypes(Manager.java:1040)
	at ptolemy.actor.Manager.initialize(Manager.java:710)
	at ptolemy.actor.Manager.execute(Manager.java:356)
	at ptolemy.actor.Manager.run(Manager.java:1263)
	at ptolemy.actor.Manager$PtolemyRunThread.run(Manager.java:1933)
java.lang.RuntimeException: Execution failed
	at ptolemy.moml.MoMLSimpleApplication$UnloadThread.run(MoMLSimpleApplication.java:402)
Caused by: ptolemy.kernel.util.IllegalActionException: SubscriberPorts cannot be used at the top level, use a Subscriber actor instead.
  in .PublisherSubscriberPortToplevel.SubscriberPort
	at ptolemy.actor.SubscriberPort.preinitialize(SubscriberPort.java:328)
	at ptolemy.actor.CompositeActor.preinitialize(CompositeActor.java:1769)
	at ptolemy.actor.Manager.preinitializeAndResolveTypes(Manager.java:1040)
	at ptolemy.actor.Manager.initialize(Manager.java:710)
	at ptolemy.actor.Manager.execute(Manager.java:356)
	at ptolemy.actor.Manager.run(Manager.java:1263)
	at ptolemy.actor.Manager$PtolemyRunThread.run(Manager.java:1933)
java.lang.reflect.InvocationTargetException
	at java.base/jdk.internal.reflect.NativeConstructorAccessorImpl.newInstance0(Native Method)
	at java.base/jdk.internal.reflect.NativeConstructorAccessorImpl.newInstance(NativeConstructorAccessorImpl.java:62)
	at java.base/jdk.internal.reflect.DelegatingConstructorAccessorImpl.newInstance(DelegatingConstructorAccessorImpl.java:45)
	at java.base/java.lang.reflect.Constructor.newInstance(Constructor.java:490)
	at ptolemy.util.test.junit.AutoKnownFailedTests.RunModel(AutoKnownFailedTests.java:105)
	at java.base/jdk.internal.reflect.NativeMethodAccessorImpl.invoke0(Native Method)
	at java.base/jdk.internal.reflect.NativeMethodAccessorImpl.invoke(NativeMethodAccessorImpl.java:62)
	at java.base/jdk.internal.reflect.DelegatingMethodAccessorImpl.invoke(DelegatingMethodAccessorImpl.java:43)
	at java.base/java.lang.reflect.Method.invoke(Method.java:566)
	at org.junit.runners.model.FrameworkMethod$1.runReflectiveCall(FrameworkMethod.java:44)
	at org.junit.internal.runners.model.ReflectiveCallable.run(ReflectiveCallable.java:15)
	at org.junit.runners.model.FrameworkMethod.invokeExplosively(FrameworkMethod.java:41)
	at junitparams.internal.InvokeParameterisedMethod.evaluate(InvokeParameterisedMethod.java:102)
	at org.junit.internal.runners.statements.FailOnTimeout$1.run(FailOnTimeout.java:28)
Caused by: ptolemy.kernel.util.IllegalActionException: SubscriberPorts cannot be used at the top level, use a Subscriber actor instead.
  in .PublisherSubscriberPortToplevel.SubscriberPort
	at ptolemy.actor.SubscriberPort.preinitialize(SubscriberPort.java:328)
	at ptolemy.actor.CompositeActor.preinitialize(CompositeActor.java:1769)
	at ptolemy.actor.Manager.preinitializeAndResolveTypes(Manager.java:1040)
	at ptolemy.actor.Manager.initialize(Manager.java:710)
	at ptolemy.actor.Manager.execute(Manager.java:356)
	at ptolemy.actor.Manager.run(Manager.java:1263)
	at ptolemy.actor.Manager$PtolemyRunThread.run(Manager.java:1933)
java.lang.RuntimeException: Execution failed
	at ptolemy.moml.MoMLSimpleApplication$UnloadThread.run(MoMLSimpleApplication.java:402)
Caused by: ptolemy.kernel.util.IllegalActionException: SubscriptionAggregatorPorts cannot be used at the top level, use a SubscriptionAggregator actor instead.
  in .PublisherSubscriptionAggregatorPort.SubscriptionAggregatorPort
	at ptolemy.actor.SubscriptionAggregatorPort.preinitialize(SubscriptionAggregatorPort.java:353)
	at ptolemy.actor.CompositeActor.preinitialize(CompositeActor.java:1769)
	at ptolemy.actor.Manager.preinitializeAndResolveTypes(Manager.java:1040)
	at ptolemy.actor.Manager.initialize(Manager.java:710)
	at ptolemy.actor.Manager.execute(Manager.java:356)
	at ptolemy.actor.Manager.run(Manager.java:1263)
	at ptolemy.actor.Manager$PtolemyRunThread.run(Manager.java:1933)
java.lang.reflect.InvocationTargetException
	at java.base/jdk.internal.reflect.NativeConstructorAccessorImpl.newInstance0(Native Method)
	at java.base/jdk.internal.reflect.NativeConstructorAccessorImpl.newInstance(NativeConstructorAccessorImpl.java:62)
	at java.base/jdk.internal.reflect.DelegatingConstructorAccessorImpl.newInstance(DelegatingConstructorAccessorImpl.java:45)
	at java.base/java.lang.reflect.Constructor.newInstance(Constructor.java:490)
	at ptolemy.util.test.junit.AutoKnownFailedTests.RunModel(AutoKnownFailedTests.java:105)
	at java.base/jdk.internal.reflect.NativeMethodAccessorImpl.invoke0(Native Method)
	at java.base/jdk.internal.reflect.NativeMethodAccessorImpl.invoke(NativeMethodAccessorImpl.java:62)
	at java.base/jdk.internal.reflect.DelegatingMethodAccessorImpl.invoke(DelegatingMethodAccessorImpl.java:43)
	at java.base/java.lang.reflect.Method.invoke(Method.java:566)
	at org.junit.runners.model.FrameworkMethod$1.runReflectiveCall(FrameworkMethod.java:44)
	at org.junit.internal.runners.model.ReflectiveCallable.run(ReflectiveCallable.java:15)
	at org.junit.runners.model.FrameworkMethod.invokeExplosively(FrameworkMethod.java:41)
	at junitparams.internal.InvokeParameterisedMethod.evaluate(InvokeParameterisedMethod.java:102)
	at org.junit.internal.runners.statements.FailOnTimeout$1.run(FailOnTimeout.java:28)
Caused by: ptolemy.kernel.util.IllegalActionException: SubscriptionAggregatorPorts cannot be used at the top level, use a SubscriptionAggregator actor instead.
  in .PublisherSubscriptionAggregatorPort.SubscriptionAggregatorPort
	at ptolemy.actor.SubscriptionAggregatorPort.preinitialize(SubscriptionAggregatorPort.java:353)
	at ptolemy.actor.CompositeActor.preinitialize(CompositeActor.java:1769)
	at ptolemy.actor.Manager.preinitializeAndResolveTypes(Manager.java:1040)
	at ptolemy.actor.Manager.initialize(Manager.java:710)
	at ptolemy.actor.Manager.execute(Manager.java:356)
	at ptolemy.actor.Manager.run(Manager.java:1263)
	at ptolemy.actor.Manager$PtolemyRunThread.run(Manager.java:1933)
java.lang.RuntimeException: Execution failed
	at ptolemy.moml.MoMLSimpleApplication$UnloadThread.run(MoMLSimpleApplication.java:402)
Caused by: ptolemy.kernel.util.IllegalActionException: TypeTest actor has no training data.
  in .sizedarray3.TypeTest
	at ptolemy.actor.lib.TypeTest.initialize(TypeTest.java:250)
	at ptolemy.actor.Director.initialize(Director.java:938)
	at ptolemy.actor.Director.initialize(Director.java:907)
	at ptolemy.actor.sched.StaticSchedulingDirector.initialize(StaticSchedulingDirector.java:159)
	at ptolemy.domains.sdf.kernel.SDFDirector.initialize(SDFDirector.java:544)
	at ptolemy.actor.CompositeActor.initialize(CompositeActor.java:935)
	at ptolemy.actor.Manager.initialize(Manager.java:724)
	at ptolemy.actor.Manager.execute(Manager.java:356)
	at ptolemy.actor.Manager.run(Manager.java:1263)
	at ptolemy.actor.Manager$PtolemyRunThread.run(Manager.java:1933)
java.lang.reflect.InvocationTargetException
	at java.base/jdk.internal.reflect.NativeConstructorAccessorImpl.newInstance0(Native Method)
	at java.base/jdk.internal.reflect.NativeConstructorAccessorImpl.newInstance(NativeConstructorAccessorImpl.java:62)
	at java.base/jdk.internal.reflect.DelegatingConstructorAccessorImpl.newInstance(DelegatingConstructorAccessorImpl.java:45)
	at java.base/java.lang.reflect.Constructor.newInstance(Constructor.java:490)
	at ptolemy.util.test.junit.AutoKnownFailedTests.RunModel(AutoKnownFailedTests.java:105)
	at java.base/jdk.internal.reflect.NativeMethodAccessorImpl.invoke0(Native Method)
	at java.base/jdk.internal.reflect.NativeMethodAccessorImpl.invoke(NativeMethodAccessorImpl.java:62)
	at java.base/jdk.internal.reflect.DelegatingMethodAccessorImpl.invoke(DelegatingMethodAccessorImpl.java:43)
	at java.base/java.lang.reflect.Method.invoke(Method.java:566)
	at org.junit.runners.model.FrameworkMethod$1.runReflectiveCall(FrameworkMethod.java:44)
	at org.junit.internal.runners.model.ReflectiveCallable.run(ReflectiveCallable.java:15)
	at org.junit.runners.model.FrameworkMethod.invokeExplosively(FrameworkMethod.java:41)
	at junitparams.internal.InvokeParameterisedMethod.evaluate(InvokeParameterisedMethod.java:102)
	at org.junit.internal.runners.statements.FailOnTimeout$1.run(FailOnTimeout.java:28)
Caused by: ptolemy.kernel.util.IllegalActionException: TypeTest actor has no training data.
  in .sizedarray3.TypeTest
	at ptolemy.actor.lib.TypeTest.initialize(TypeTest.java:250)
	at ptolemy.actor.Director.initialize(Director.java:938)
	at ptolemy.actor.Director.initialize(Director.java:907)
	at ptolemy.actor.sched.StaticSchedulingDirector.initialize(StaticSchedulingDirector.java:159)
	at ptolemy.domains.sdf.kernel.SDFDirector.initialize(SDFDirector.java:544)
	at ptolemy.actor.CompositeActor.initialize(CompositeActor.java:935)
	at ptolemy.actor.Manager.initialize(Manager.java:724)
	at ptolemy.actor.Manager.execute(Manager.java:356)
	at ptolemy.actor.Manager.run(Manager.java:1263)
	at ptolemy.actor.Manager$PtolemyRunThread.run(Manager.java:1933)
]]></system-err>
</testsuite>
