<?xml version="1.0" encoding="UTF-8" ?>
<testsuite errors="0" failures="1" hostname="travis-job-10dfbebf-0205-4c88-a792-2430fdd890a8" name="doc.test.junit.JUnitTclTest" skipped="0" tests="4" time="464.023" timestamp="2020-10-28T16:11:10">
  <properties>
    <property name="npm.executable" value="npm" />
    <property name="env.TRAVIS_ROOT" value="/" />
    <property name="ptII.mk.exists" value="true" />
    <property name="env.TRAVIS_APP_HOST" value="build.travis-ci.com" />
    <property name="env.rvm_bin_path" value="/home/travis/.rvm/bin" />
    <property name="java.home" value="/usr/local/lib/jvm/openjdk11" />
    <property name="env.TRAVIS_JOB_NUMBER" value="1813.14" />
    <property name="env.TRAVIS_HOME" value="/home/travis" />
    <property name="env.DISPLAY" value=":99.0" />
    <property name="env.TRAVIS_INIT" value="systemd" />
    <property name="env.SSH_TTY" value="/dev/pts/0" />
    <property name="java.net.preferIPv4Stack" value="true" />
    <property name="env.RUN_TESTS" value="true" />
    <property name="timeout.short" value="1000000" />
    <property name="junit.formatter" value="xml" />
    <property name="env.TRAVIS_SUDO" value="true" />
    <property name="env.TRAVIS_JOB_NAME" value="" />
    <property name="env.TRAVIS_STACK_NODE_ATTRIBUTES" value="/.node-attributes.yml" />
    <property name="env.LOGNAME" value="travis" />
    <property name="jsdoc.home" value="node_modules/@terraswarm/jsdoc" />
    <property name="debuglevel" value="source,lines,vars" />
    <property name="checkstyle.formatter" value="xml" />
    <property name="bin.vergil.makeable" value="true" />
    <property name="sun.os.patch.level" value="unknown" />
    <property name="java.vendor.url" value="http://java.oracle.com/" />
    <property name="env.TRAVIS_BUILD_WEB_URL" value="https://travis-ci.com/icyphy/ptII/builds/194723426" />
    <property name="java.version" value="11.0.2" />
    <property name="env.TZ" value="UTC" />
    <property name="env.TRAVIS_PULL_REQUEST_SHA" value="" />
    <property name="env.PT_NO_NET" value="true" />
    <property name="env.TRAVIS_SECURE_ENV_VARS" value="true" />
    <property name="java.vendor.url.bug" value="http://bugreport.java.com/bugreport/" />
    <property name="npmjs-org-is-up" value="true" />
    <property name="env.LANGUAGE" value="en_US.UTF-8" />
    <property name="env.SSH_CLIENT" value="10.16.3.14 51034 22" />
    <property name="env.GEM_HOME" value="/home/travis/.rvm/gems/ruby-2.5.3" />
    <property name="env.HAS_ANTARES_THREE_LITTLE_FRONZIES_BADGE" value="true" />
    <property name="java.version.date" value="2019-01-15" />
    <property name="env.PS4" value="+" />
    <property name="ant.project.invoked-targets" value="build,test.core7.xml" />
    <property name="env.TRAVIS_PULL_REQUEST_BRANCH" value="" />
    <property name="env.TRAVIS_REPO_SLUG" value="icyphy/ptII" />
    <property name="env.XDG_DATA_DIRS" value="/usr/local/share:/usr/share:/var/lib/snapd/desktop" />
    <property name="jdk.debug" value="release" />
    <property name="env.TRAVIS_APT_PROXY" value="http://build-cache.travisci.net" />
    <property name="env.TRAVIS_CPU_ARCH" value="amd64" />
    <property name="node.in.path" value="true" />
    <property name="user.name" value="travis" />
    <property name="java.maxmemory" value="1400m" />
    <property name="env.RUBY_VERSION" value="ruby-2.5.3" />
    <property name="env.LANG" value="en_US.UTF-8" />
    <property name="sun.io.unicode.encoding" value="UnicodeLittle" />
    <property name="sun.jnu.encoding" value="UTF-8" />
    <property name="java.runtime.name" value="OpenJDK Runtime Environment" />
    <property name="usefile" value="false" />
    <property name="return.code" value="0" />
    <property name="junit.single.formatter" value="plain" />
    <property name="env.DYLD_LIBRARY_PATH" value="/home/travis/pthla/certi-tools/lib:" />
    <property name="env.DEBIAN_FRONTEND" value="noninteractive" />
    <property name="env.SSH_CONNECTION" value="10.16.3.14 51034 10.30.0.78 22" />
    <property name="env.MYSQL_UNIX_PORT" value="/var/run/mysqld/mysqld.sock" />
    <property name="env.LC_ALL" value="en_US.UTF-8" />
    <property name="env.TRAVIS_ALLOW_FAILURE" value="" />
    <property name="env.TRAVIS_JOB_WEB_URL" value="https://travis-ci.com/icyphy/ptII/jobs/414556730" />
    <property name="java.specification.name" value="Java Platform API Specification" />
    <property name="node.works" value="true" />
    <property name="user.timezone" value="" />
    <property name="path.separator" value=":" />
    <property name="env.TRAVIS_ENABLE_INFRA_DETECTION" value="true" />
    <property name="env.PYTHON_CFLAGS" value="-g -fstack-protector --param=ssp-buffer-size=4 -Wformat -Werror=format-security" />
    <property name="timeout.long" value="4000000" />
    <property name="env.CERTI_HOME" value="/home/travis/pthla/certi-tools" />
    <property name="ant.file.ptII" value="/home/travis/build/icyphy/ptII/build.xml" />
    <property name="javadoc.packagenames" value="com.*,diva.*,lbnl.*,org.hlacerti.*,org.json.*,org.ptolemy.*,org.terraswarm.*,ptolemy.*,ptserver.*" />
    <property name="file.encoding" value="UTF-8" />
    <property name="env.TRAVIS_PULL_REQUEST_SLUG" value="" />
    <property name="ant.project.default-target" value="build" />
    <property name="env.GIT_ASKPASS" value="echo" />
    <property name="env.HOME" value="/home/travis" />
    <property name="sun.java.command" value="org.apache.tools.ant.taskdefs.optional.junit.JUnitTestRunner doc.test.junit.JUnitTclTest skipNonTests=false filtertrace=true haltOnError=false haltOnFailure=false formatter=org.apache.tools.ant.taskdefs.optional.junit.OutErrSummaryJUnitResultFormatter showoutput=true outputtoformatters=true logfailedtests=true threadid=0 logtestlistenerevents=false formatter=org.apache.tools.ant.taskdefs.optional.junit.XMLJUnitResultFormatter,/home/travis/build/icyphy/ptII/reports/junit/TEST-doc.test.junit.JUnitTclTest.xml crashfile=/home/travis/build/icyphy/ptII/junitvmwatcher8720484083926491874.properties propsfile=/home/travis/build/icyphy/ptII/junit11025210655927812966.properties" />
    <property name="env.COMPOSER_NO_INTERACTION" value="1" />
    <property name="env.MANPATH" value="/home/travis/.nvm/versions/node/v7.10.1/share/man:/home/travis/.rvm/rubies/ruby-2.5.3/share/man:/usr/local/cmake-3.12.4/man:/usr/local/clang-7.0.0/share/man:/usr/local/man:/usr/local/share/man:/usr/share/man:/home/travis/.rvm/man" />
    <property name="env.TRAVIS_TIMER_ID" value="246528f3" />
    <property name="ant.file" value="/home/travis/build/icyphy/ptII/build.xml" />
    <property name="env.TRAVIS_COMMIT_RANGE" value="74248200255084cca0f8d02e5ad09f36c0965423...8f4ad28aa53cc81362f26fdbf8d406fb619899a6" />
    <property name="ptII.classpath.optional.property" value="/home/travis/build/icyphy/ptII/lib/bsh-2.0b4.jar:/home/travis/build/icyphy/ptII/lib/ptCal.jar:/home/travis/build/icyphy/ptII/lib/java_cup.jar:/home/travis/build/icyphy/ptII/lib/saxon8.jar:/home/travis/build/icyphy/ptII/lib/saxon8-dom.jar:/home/travis/build/icyphy/ptII/lib/chic.jar:/home/travis/build/icyphy/ptII/lib/ptcolt.jar:/home/travis/build/icyphy/ptII/vendors/misc/itext/iText.jar:/home/travis/build/icyphy/ptII/lib/g4ltl.jar:/home/travis/build/icyphy/ptII/lib/StructuralCoder.jar:/home/travis/build/icyphy/ptII/lib/jcerti.jar:/home/travis/build/icyphy/ptII/lib/javax.mail.jar:/home/travis/build/icyphy/ptII/vendors/JMF-2.1.1e/lib/jmf.jar:/home/travis/build/icyphy/ptII/lib/jna-4.0.0-variadic.jar:/home/travis/build/icyphy/ptII/vendors/misc/joystick/Joystick.jar:/home/travis/build/icyphy/ptII/lib/ptjacl.jar:/home/travis/build/icyphy/ptII/lib/jsoup-1.8.2.jar:/home/travis/build/icyphy/ptII/lib/junit-4.8.2.jar:/home/travis/build/icyphy/ptII/lib/JUnitParams-0.4.0.jar:/home/travis/build/icyphy/ptII/ptolemy/actor/lib/excel/jxl.jar:/home/travis/build/icyphy/ptII/lib/jython.jar:/home/travis/build/icyphy/ptII/lib/kieler.jar:/home/travis/build/icyphy/ptII/vendors/opencv/share/OpenCV/java/opencv-341.jar:/home/travis/build/icyphy/ptII/lib/oscP5.jar:/home/travis/build/icyphy/ptII/lib/nrjavaserial-3.11.0.devel.jar:/home/travis/build/icyphy/ptII/vendors/j3d/lib/Linux/j3dcore.jar:/home/travis/build/icyphy/ptII/vendors/j3d/lib/Linux/j3dutils.jar:/home/travis/build/icyphy/ptII/vendors/j3d/lib/Linux/vecmath.jar:/home/travis/build/icyphy/ptII/vendors/jogl/lib/Linux/gluegen-rt-natives-linux-amd64.jar:/home/travis/build/icyphy/ptII/vendors/jogl/lib/Linux/gluegen-rt.jar:/home/travis/build/icyphy/ptII/vendors/jogl/lib/Linux/jogl-all-natives-linux-amd64.jar:/home/travis/build/icyphy/ptII/vendors/jogl/lib/Linux/jogl-all.jar:/home/travis/build/icyphy/ptII/ptolemy/distributed/jini/jar/jini-core.jar:/home/travis/build/icyphy/ptII/ptolemy/distributed/jini/jar/jini-ext.jar:/home/travis/build/icyphy/ptII/ptolemy/distributed/jini/jar/sun-util.jar:/home/travis/build/icyphy/ptII/lib/protobuf-java-2.4.1.jar:/home/travis/build/icyphy/ptII/lib/org.eclipse.paho.client.mqttv3.jar:/home/travis/build/icyphy/ptII/lib/mapss.jar:/home/travis/build/icyphy/ptII/ptolemy/actor/ptalon/antlr/antlr.jar:/home/travis/build/icyphy/ptII/lib/JRI.jar:/home/travis/build/icyphy/ptII/lib/commons-lang-2.6.jar:/home/travis/build/icyphy/ptII/lib/commons-logging-1.1.1.jar:/home/travis/build/icyphy/ptII/lib/sootclasses.jar:/home/travis/build/icyphy/ptII/ptolemy/actor/lib/database/mysql-connector-java-5.1.6-bin.jar:/home/travis/build/icyphy/ptII/vendors/misc/sphinx4/sphinx4-data-5prealpha.jar:/home/travis/build/icyphy/ptII/vendors/misc/sphinx4/sphinx4-core-5prealpha.jar:/home/travis/build/icyphy/ptII/lib/PDFRenderer.jar:/home/travis/build/icyphy/ptII/lib/svgSalamander.jar:/home/travis/build/icyphy/ptII/lib/rsyntaxtextarea-2.6.0-SNAPSHOT.jar:/home/travis/build/icyphy/ptII/lib/hazelcast-3.8.2.jar:/home/travis/build/icyphy/ptII/lib/jackson-annotations-2.9.0.jar:/home/travis/build/icyphy/ptII/lib/jackson-core-2.9.3.jar:/home/travis/build/icyphy/ptII/lib/jackson-databind-2.9.3.jar:/home/travis/build/icyphy/ptII/lib/netty-buffer-4.1.19.Final.jar:/home/travis/build/icyphy/ptII/lib/netty-codec-4.1.19.Final.jar:/home/travis/build/icyphy/ptII/lib/netty-codec-dns-4.1.19.Final.jar:/home/travis/build/icyphy/ptII/lib/netty-codec-http-4.1.19.Final.jar:/home/travis/build/icyphy/ptII/lib/netty-codec-http2-4.1.19.Final.jar:/home/travis/build/icyphy/ptII/lib/netty-common-4.1.19.Final.jar:/home/travis/build/icyphy/ptII/lib/netty-handler-4.1.19.Final.jar:/home/travis/build/icyphy/ptII/lib/netty-resolver-4.1.19.Final.jar:/home/travis/build/icyphy/ptII/lib/netty-resolver-dns-4.1.19.Final.jar:/home/travis/build/icyphy/ptII/lib/netty-transport-4.1.19.Final.jar:/home/travis/build/icyphy/ptII/lib/vertx-codegen-3.5.1.jar:/home/travis/build/icyphy/ptII/lib/vertx-core-3.5.2-SNAPSHOT.jar:/home/travis/build/icyphy/ptII/lib/vertx-hazelcast-3.5.1.jar:/home/travis/build/icyphy/ptII/lib/vertx-lang-js-3.5.1.jar:/home/travis/build/icyphy/ptII/lib/vertx-service-proxy-3.5.1.jar:/home/travis/build/icyphy/ptII/lib/vertx-web-3.5.1.jar:/home/travis/build/icyphy/ptII/lib/slf4j-api-1.7.13.jar:/home/travis/build/icyphy/ptII/lib/slf4j-simple-1.7.13.jar:/home/travis/build/icyphy/ptII/lib/webcam-capture-0.3.12.jar:/home/travis/build/icyphy/ptII/lib/bridj-0.7.0.jar:/home/travis/build/icyphy/ptII/lib/xbjlib-1.1.0.nrjavaserial.jar" />
    <property name="timeout" value="2400000" />
    <property name="test.batch" value="**/junit/*.java" />
    <property name="env._" value="/usr/bin/timeout" />
    <property name="java.io.tmpdir" value="/tmp" />
    <property name="user.language" value="en" />
    <property name="env.TRAVIS_INTERNAL_RUBY_REGEX" value="^ruby-(2\.[0-4]\.[0-9]|1\.9\.3)" />
    <property name="env.HISTCONTROL" value="ignoredups:ignorespace" />
    <property name="env.GOROOT" value="/home/travis/.gimme/versions/go1.11.1.linux.amd64" />
    <property name="line.separator" value="&#xa;" />
    <property name="target" value="11" />
    <property name="env.TRAVIS_BUILD_DIR" value="/home/travis/build/icyphy/ptII" />
    <property name="env.ANT_OPTS" value="-Xmx2048m" />
    <property name="ant.file.type" value="file" />
    <property name="ptolemy.ptII.batchMode" value="true" />
    <property name="env.HISTSIZE" value="1000" />
    <property name="env.MERB_ENV" value="test" />
    <property name="java.vm.info" value="mixed mode" />
    <property name="source" value="11" />
    <property name="java.vm.specification.name" value="Java Virtual Machine Specification" />
    <property name="env.PT_TRAVIS_TEST_CORE7_XML" value="true" />
    <property name="env.TRAVIS_TEST_RESULT" value="0" />
    <property name="jsdoc.command" value="node_modules/@terraswarm/jsdoc/jsdoc.js" />
    <property name="npm.works" value="true" />
    <property name="cobertura.dir" value="/home/travis/build/icyphy/ptII/vendors/cobertura-2.0.3" />
    <property name="jsdoc.command.exists" value="true" />
    <property name="env.rvm_path" value="/home/travis/.rvm" />
    <property name="env.GEM_PATH" value="/home/travis/.rvm/gems/ruby-2.5.3:/home/travis/.rvm/gems/ruby-2.5.3@global" />
    <property name="env.LC_CTYPE" value="en_US.UTF-8" />
    <property name="env.TRAVIS_CMD" value="$PTII/bin/ptIITravisBuild.sh $SECONDS" />
    <property name="java.awt.printerjob" value="sun.print.PSPrinterJob" />
    <property name="env.TRAVIS_STACK_NAME" value="sardonyx" />
    <property name="env.TRAVIS_TIMER_START_TIME" value="1603901263718076410" />
    <property name="ant.version" value="Apache Ant(TM) version 1.10.1 compiled on February 2 2017" />
    <property name="ptII.reports" value="/home/travis/build/icyphy/ptII/reports" />
    <property name="env.TRAVIS_STACK_TIMESTAMP" value="2020-06-24 13:13:18 UTC" />
    <property name="ant.file.type.ptII" value="file" />
    <property name="env.RBENV_SHELL" value="bash" />
    <property name="os.name" value="Linux" />
    <property name="java.specification.vendor" value="Oracle Corporation" />
    <property name="env.rvm_version" value="1.29.10 (latest)" />
    <property name="env.TRAVIS_INFRA" value="unknown" />
    <property name="env.TERM" value="xterm" />
    <property name="java.vm.name" value="OpenJDK 64-Bit Server VM" />
    <property name="env.TRAVIS_BUILD_NUMBER" value="1813" />
    <property name="env.CI" value="true" />
    <property name="java.library.path" value="/home/travis/pthla/certi-tools/lib:/usr/lib/jni:/usr/local/share/OpenCV/java/:/usr/share/OpenCV/java::/usr/java/packages/lib:/usr/lib64:/lib64:/lib:/usr/lib" />
    <property name="jdk.module.path" value="/home/travis/build/icyphy/ptII/vendors/javafx/javafx-sdk-11.0.2/lib:" />
    <property name="env.rvm_prefix" value="/home/travis" />
    <property name="env.PATH" value="/home/travis/pthla/certi-tools/share/scripts:/home/travis/.rvm/gems/ruby-2.5.3/bin:/home/travis/.rvm/gems/ruby-2.5.3@global/bin:/home/travis/.rvm/rubies/ruby-2.5.3/bin:/home/travis/.rvm/bin:/home/travis/.nvm/versions/node/v7.10.1/bin:./node_modules/.bin:/home/travis/build/icyphy/ptII/bin:/home/travis/pthla/certi-tools/bin:/home/travis/bin:/home/travis/.local/bin:/usr/local/lib/jvm/openjdk11/bin:/opt/pyenv/shims:/home/travis/.phpenv/shims:/home/travis/perl5/perlbrew/bin:/home/travis/gopath/bin:/home/travis/.gimme/versions/go1.11.1.linux.amd64/bin:/usr/local/maven-3.6.3/bin:/usr/local/cmake-3.12.4/bin:/usr/local/clang-7.0.0/bin:/usr/local/sbin:/usr/local/bin:/usr/sbin:/usr/bin:/sbin:/bin:/snap/bin:/home/travis/.phpenv/bin:/opt/pyenv/bin:/home/travis/.yarn/bin" />
    <property name="env.TRAVIS_OS_NAME" value="linux" />
    <property name="ant.java.version" value="9" />
    <property name="basedir" value="/home/travis/build/icyphy/ptII" />
    <property name="java.class.version" value="55.0" />
    <property name="env.SHLVL" value="3" />
    <property name="env.LD_LIBRARY_PATH" value="/home/travis/pthla/certi-tools/lib:/usr/lib/jni:/usr/local/share/OpenCV/java/:/usr/share/OpenCV/java:" />
    <property name="env.RACK_ENV" value="test" />
    <property name="ant.home" value="/home/travis/build/icyphy/ptII/ant" />
    <property name="env.NVM_DIR" value="/home/travis/.nvm" />
    <property name="env.CERTI_FOM_PATH" value="/home/travis/pthla/certi-tools/share/federations" />
    <property name="env.TRAVIS_BUILD_ID" value="194723426" />
    <property name="env.PYENV_ROOT" value="/opt/pyenv" />
    <property name="env.TRAVIS_UID" value="2000" />
    <property name="prism.verbose" value="true" />
    <property name="env.NVM_BIN" value="/home/travis/.nvm/versions/node/v7.10.1/bin" />
    <property name="env.TRAVIS_COMMIT" value="8f4ad28aa53cc81362f26fdbf8d406fb619899a6" />
    <property name="node.executable" value="node" />
    <property name="sun.boot.library.path" value="/usr/local/lib/jvm/openjdk11/lib" />
    <property name="sun.management.compiler" value="HotSpot 64-Bit Tiered Compilers" />
    <property name="java.awt.graphicsenv" value="sun.awt.X11GraphicsEnvironment" />
    <property name="env.GOPATH" value="/home/travis/gopath" />
    <property name="ptolemy.ptII.dir" value="/home/travis/build/icyphy/ptII" />
    <property name="env.USER" value="travis" />
    <property name="env.HISTFILESIZE" value="2000" />
    <property name="env.NVM_INC" value="/home/travis/.nvm/versions/node/v7.10.1/include/node" />
    <property name="timeout.longest" value="19000000" />
    <property name="env.PERLBREW_SHELLRC_VERSION" value="0.88" />
    <property name="env.TRAVIS_STACK_FEATURES" value="basic couchdb disabled-ipv6 docker docker-compose elasticsearch firefox go-toolchain google-chrome jdk memcached mongodb mysql nodejs_interpreter perl_interpreter perlbrew phantomjs postgresql python_interpreter redis ruby_interpreter sqlite xserver" />
    <property name="env.TRAVIS_PULL_REQUEST" value="false" />
    <property name="env.PYENV_SHELL" value="bash" />
    <property name="ant.project.name" value="ptII" />
    <property name="env.ANSI_RESET" value="\033[0m" />
    <property name="java.vm.specification.version" value="11" />
    <property name="env.TRAVIS_DIST" value="xenial" />
    <property name="env.CERTI_VERSION" value="4.0.0" />
    <property name="env.CERTI_HOST" value="localhost" />
    <property name="awt.toolkit" value="sun.awt.X11.XToolkit" />
    <property name="env.MY_RUBY_HOME" value="/home/travis/.rvm/rubies/ruby-2.5.3" />
    <property name="sun.cpu.isalist" value="" />
    <property name="env.TRAVIS_TMPDIR" value="/tmp/tmp.8Oc6qMXIxO" />
    <property name="java.vm.compressedOopsMode" value="Zero based" />
    <property name="os.version" value="4.15.0-1077-gcp" />
    <property name="user.home" value="/home/travis" />
    <property name="java.vm.vendor" value="Oracle Corporation" />
    <property name="env.TRAVIS_TAG" value="nightly" />
    <property name="env.ANSI_YELLOW" value="\033[33;1m" />
    <property name="env.TRAVIS_FILTERED" value="redirect_io" />
    <property name="env.ANSI_GREEN" value="\033[32;1m" />
    <property name="env.JAVA_HOME" value="/usr/local/lib/jvm/openjdk11" />
    <property name="javadoc.excludepackagenames" value="adm.cvs2svn.*,build.*,config.*,doc.coding.templates.*,jni.test.jni.meaningOfLife.*,jni.test.jni.testDeux.*,jni.test.jni.testTrois.*,org.terraswarm.accessor.accessors.web.node_modules.*,org.terraswarm.accessor.accessors.web.hosts.cordova.demo.*,org.terraswarm.accessor.accessors.web.hosts.cordova.plugins.*,org.terraswarm.accessor.accessors-svn.*,pt-modules.*,ptolemy.apps.agilent.*,ptolemy.apps.anytimecontrol.*,ptolemy.apps.apes.*,ptolemy.apps.charon.*,ptolemy.apps.crazyboard.*,ptolemy.apps.eclipse.*,ptolemy.apps.etherealSting.*,ptolemy.apps.fullscreen.*,ptolemy.apps.giotto.*,ptolemy.apps.ia.*,ptolemy.apps.interfaces.*,ptolemy.apps.jmf.*,ptolemy.apps.kurt.*,ptolemy.apps.kvm.*,ptolemy.apps.lego.*,ptolemy.apps.lejos.*,ptolemy.apps.midp.*,ptolemy.apps.mobileCoding.*,ptolemy.apps.pendulum.*,ptolemy.apps.rijndael.*,ptolemy.apps.robot.*,ptolemy.apps.security.*,ptolemy.apps.sobel.*,ptolemy.apps.soot.*,ptolemy.apps.throttle.*,ptolemy.apps.tini.*,ptolemy.apps.transmission.*,ptolemy.apps.vergil.*,ptolemy.apps.waba.*,ptolemy.apps.websensor.*,ptolemy.apps.webstart.*,ptolemy.apps.xsl.*,ptolemy.apps.zaurus.*,ptolemy.codegen.c.actor.lib.oldJavaFiles.*,ptolemy.codegen.dsp.lib.*,ptolemy.codegen.kernel.newInterfaces.*,ptolemy.codegen.lib.*,ptolemy.copernicus.kernel.fragment.*,ptolemy.copernicus.shallow.cg.*,ptolemy.domains.giotto.demo.Hierarchy.Hierarchy.*,ptolemy.domains.giotto.demo.Multimode.Multimode.*,ptolemy.domains.giotto.demo.Simple.Simple.*,ptolemy.domains.gr.lib.experimental.*,ptolemy.domains.gro.*,ptolemy.domains.pdf.*,ptolemy.domains.ptinyos.demo.Surge.output.*,ptolemy.moml.test.NoPackageActor.java*,ptolemy.plot.adm.*,ptolemy.plot.servlet.*,reports.*,signed.*,src.*,target.*,vendors.*,ptolemy.copernicus.applet.*,ptolemy.media.viewer.*,ptolemy.actor.corba.*,doc.doclets.*,ptolemy.apps.eclipse.awt.*,ptolemy.backtrack.*,ptolemy.backtrack.ast.*,ptolemy.cg.adapter.generic.program.procedural.c.mbed*,ptolemy.homer.*,ptolemy.actor.lib.jai.*,org.ptolemy.scala.*,diva.util.java2d.svg.*,ptolemy.domains.ptinyos.*,ptolemy.actor.lib.fmi.fmipp.*,,org.terraswarm.accessor.accessors.web.node_modules.*,org.terraswarm.accessor.accessors-svn,ptolemy.apps.*,ptolemy.actor.ptalon.demo.ptinyos.SendAndReceiveCnt.output,ptolemy.actor.ptalon.demo.ptinyos.SenseToLeds.output,ptolemy.domains.ptinyos.demo.CntToLedsAndRfm.output,ptolemy.domains.ptinyos.demo.RfmToLeds.output,ptolemy.domains.ptinyos.demo.SendAndReceiveCnt.output,ptolemy.domains.ptinyos.demo.SenseToLeds.output,ptolemy.actor.lib.jjs.modules.udpSocket.*" />
    <property name="env.PTII" value="/home/travis/build/icyphy/ptII" />
    <property name="env.XDG_SESSION_ID" value="2" />
    <property name="keystore" value="ptKeystore" />
    <property name="env.TRAVIS_COMMIT_MESSAGE" value="Fixing federation name in some FED files and data types in some FDD files." />
    <property name="junit.output.dir" value="/home/travis/build/icyphy/ptII/reports/junit" />
    <property name="npm.return.code" value="0" />
    <property name="user.dir" value="/home/travis/build/icyphy/ptII/doc/test" />
    <property name="env.TRAVIS_NODE_VERSION" value="7" />
    <property name="env.TRAVIS_EVENT_TYPE" value="cron" />
    <property name="env.MAIL" value="/var/mail/travis" />
    <property name="env.PERLBREW_ROOT" value="/home/travis/perl5/perlbrew" />
    <property name="env.PWD" value="/home/travis/build/icyphy/ptII" />
    <property name="timeout.npm" value="45000" />
    <property name="env.TRAVIS_ARCH" value="amd64" />
    <property name="sun.cpu.endian" value="little" />
    <property name="env.PAGER" value="cat" />
    <property name="env.TRAVIS_BUILD_STAGE_NAME" value="test" />
    <property name="env.PERLBREW_HOME" value="/home/travis/.perlbrew" />
    <property name="java.vm.version" value="11.0.2+9" />
    <property name="env.RAILS_ENV" value="test" />
    <property name="java.class.path" value="/home/travis/build/icyphy/ptII:/home/travis/build/icyphy/ptII/lib/bsh-2.0b4.jar:/home/travis/build/icyphy/ptII/lib/ptCal.jar:/home/travis/build/icyphy/ptII/lib/java_cup.jar:/home/travis/build/icyphy/ptII/lib/saxon8.jar:/home/travis/build/icyphy/ptII/lib/saxon8-dom.jar:/home/travis/build/icyphy/ptII/lib/chic.jar:/home/travis/build/icyphy/ptII/lib/ptcolt.jar:/home/travis/build/icyphy/ptII/vendors/misc/itext/iText.jar:/home/travis/build/icyphy/ptII/lib/g4ltl.jar:/home/travis/build/icyphy/ptII/lib/StructuralCoder.jar:/home/travis/build/icyphy/ptII/lib/jcerti.jar:/home/travis/build/icyphy/ptII/lib/javax.mail.jar:/home/travis/build/icyphy/ptII/vendors/JMF-2.1.1e/lib/jmf.jar:/home/travis/build/icyphy/ptII/lib/jna-4.0.0-variadic.jar:/home/travis/build/icyphy/ptII/vendors/misc/joystick/Joystick.jar:/home/travis/build/icyphy/ptII/lib/ptjacl.jar:/home/travis/build/icyphy/ptII/lib/jsoup-1.8.2.jar:/home/travis/build/icyphy/ptII/lib/junit-4.8.2.jar:/home/travis/build/icyphy/ptII/lib/JUnitParams-0.4.0.jar:/home/travis/build/icyphy/ptII/ptolemy/actor/lib/excel/jxl.jar:/home/travis/build/icyphy/ptII/lib/jython.jar:/home/travis/build/icyphy/ptII/lib/kieler.jar:/home/travis/build/icyphy/ptII/vendors/opencv/share/OpenCV/java/opencv-341.jar:/home/travis/build/icyphy/ptII/lib/oscP5.jar:/home/travis/build/icyphy/ptII/lib/nrjavaserial-3.11.0.devel.jar:/home/travis/build/icyphy/ptII/vendors/j3d/lib/Linux/j3dcore.jar:/home/travis/build/icyphy/ptII/vendors/j3d/lib/Linux/j3dutils.jar:/home/travis/build/icyphy/ptII/vendors/j3d/lib/Linux/vecmath.jar:/home/travis/build/icyphy/ptII/vendors/jogl/lib/Linux/gluegen-rt-natives-linux-amd64.jar:/home/travis/build/icyphy/ptII/vendors/jogl/lib/Linux/gluegen-rt.jar:/home/travis/build/icyphy/ptII/vendors/jogl/lib/Linux/jogl-all-natives-linux-amd64.jar:/home/travis/build/icyphy/ptII/vendors/jogl/lib/Linux/jogl-all.jar:/home/travis/build/icyphy/ptII/ptolemy/distributed/jini/jar/jini-core.jar:/home/travis/build/icyphy/ptII/ptolemy/distributed/jini/jar/jini-ext.jar:/home/travis/build/icyphy/ptII/ptolemy/distributed/jini/jar/sun-util.jar:/home/travis/build/icyphy/ptII/lib/protobuf-java-2.4.1.jar:/home/travis/build/icyphy/ptII/lib/org.eclipse.paho.client.mqttv3.jar:/home/travis/build/icyphy/ptII/lib/mapss.jar:/home/travis/build/icyphy/ptII/ptolemy/actor/ptalon/antlr/antlr.jar:/home/travis/build/icyphy/ptII/lib/JRI.jar:/home/travis/build/icyphy/ptII/lib/commons-lang-2.6.jar:/home/travis/build/icyphy/ptII/lib/commons-logging-1.1.1.jar:/home/travis/build/icyphy/ptII/lib/sootclasses.jar:/home/travis/build/icyphy/ptII/ptolemy/actor/lib/database/mysql-connector-java-5.1.6-bin.jar:/home/travis/build/icyphy/ptII/vendors/misc/sphinx4/sphinx4-data-5prealpha.jar:/home/travis/build/icyphy/ptII/vendors/misc/sphinx4/sphinx4-core-5prealpha.jar:/home/travis/build/icyphy/ptII/lib/PDFRenderer.jar:/home/travis/build/icyphy/ptII/lib/svgSalamander.jar:/home/travis/build/icyphy/ptII/lib/rsyntaxtextarea-2.6.0-SNAPSHOT.jar:/home/travis/build/icyphy/ptII/lib/hazelcast-3.8.2.jar:/home/travis/build/icyphy/ptII/lib/jackson-annotations-2.9.0.jar:/home/travis/build/icyphy/ptII/lib/jackson-core-2.9.3.jar:/home/travis/build/icyphy/ptII/lib/jackson-databind-2.9.3.jar:/home/travis/build/icyphy/ptII/lib/netty-buffer-4.1.19.Final.jar:/home/travis/build/icyphy/ptII/lib/netty-codec-4.1.19.Final.jar:/home/travis/build/icyphy/ptII/lib/netty-codec-dns-4.1.19.Final.jar:/home/travis/build/icyphy/ptII/lib/netty-codec-http-4.1.19.Final.jar:/home/travis/build/icyphy/ptII/lib/netty-codec-http2-4.1.19.Final.jar:/home/travis/build/icyphy/ptII/lib/netty-common-4.1.19.Final.jar:/home/travis/build/icyphy/ptII/lib/netty-handler-4.1.19.Final.jar:/home/travis/build/icyphy/ptII/lib/netty-resolver-4.1.19.Final.jar:/home/travis/build/icyphy/ptII/lib/netty-resolver-dns-4.1.19.Final.jar:/home/travis/build/icyphy/ptII/lib/netty-transport-4.1.19.Final.jar:/home/travis/build/icyphy/ptII/lib/vertx-codegen-3.5.1.jar:/home/travis/build/icyphy/ptII/lib/vertx-core-3.5.2-SNAPSHOT.jar:/home/travis/build/icyphy/ptII/lib/vertx-hazelcast-3.5.1.jar:/home/travis/build/icyphy/ptII/lib/vertx-lang-js-3.5.1.jar:/home/travis/build/icyphy/ptII/lib/vertx-service-proxy-3.5.1.jar:/home/travis/build/icyphy/ptII/lib/vertx-web-3.5.1.jar:/home/travis/build/icyphy/ptII/lib/slf4j-api-1.7.13.jar:/home/travis/build/icyphy/ptII/lib/slf4j-simple-1.7.13.jar:/home/travis/build/icyphy/ptII/lib/webcam-capture-0.3.12.jar:/home/travis/build/icyphy/ptII/lib/bridj-0.7.0.jar:/home/travis/build/icyphy/ptII/lib/xbjlib-1.1.0.nrjavaserial.jar:/home/travis/build/icyphy/ptII/ptolemy/moml/test:/home/travis/build/icyphy/ptII/ant/lib/ant-launcher.jar:/home/travis/build/icyphy/ptII/ant/lib/ant.jar:/home/travis/build/icyphy/ptII/ant/lib/ant-junit.jar:/home/travis/build/icyphy/ptII/ant/lib/ant-junit4.jar" />
    <property name="ant.library.dir" value="/home/travis/build/icyphy/ptII/ant/lib" />
    <property name="os.arch" value="amd64" />
    <property name="env.CONTINUOUS_INTEGRATION" value="true" />
    <property name="env.TRAVIS_LANGUAGE" value="node_js" />
    <property name="env.TRAVIS_STACK_LANGUAGES" value="__sardonyx__ c c++ clojure cplusplus cpp default generic go groovy java node_js php pure_java python ruby scala" />
    <property name="test.name" value="ptolemy.actor.lib.test.junit.JUnitTclTest" />
    <property name="env.APT_KEY_DONT_WARN_ON_DANGEROUS_USAGE" value="1" />
    <property name="sun.java.launcher" value="SUN_STANDARD" />
    <property name="env.PYTHON_CONFIGURE_OPTS" value="--enable-unicode=ucs4 --with-wide-unicode --enable-shared --enable-ipv6 --enable-loadable-sqlite-extensions --with-computed-gotos" />
    <property name="ant.core.lib" value="/home/travis/build/icyphy/ptII/ant/lib/ant.jar" />
    <property name="java.vm.specification.vendor" value="Oracle Corporation" />
    <property name="env.BCVTB_HOME" value="/home/travis/build/icyphy/ptII/lbnl" />
    <property name="file.separator" value="/" />
    <property name="spotbugs.home" value="/home/travis/build/icyphy/ptII/vendors/spotbugs-3.1.1" />
    <property name="java.runtime.version" value="11.0.2+9" />
    <property name="env.ANSI_CLEAR" value="\033[0K" />
    <property name="javafx.verbose" value="true" />
    <property name="env.HAS_JOSH_K_SEAL_OF_APPROVAL" value="true" />
    <property name="env.XDG_RUNTIME_DIR" value="/run/user/2000" />
    <property name="env.TRAVIS_OSX_IMAGE" value="" />
    <property name="env.TRAVIS_JOB_ID" value="414556730" />
    <property name="env.TRAVIS_BRANCH" value="master" />
    <property name="user.country" value="US" />
    <property name="env.CERTI_HOME_TRAVIS" value="/home/travis/pthla/certi-tools" />
    <property name="env.SHELL" value="/bin/bash" />
    <property name="java.maxmemory.large" value="3200m" />
    <property name="model" value="" />
    <property name="env.CASHER_DIR" value="/home/travis/.casher" />
    <property name="env.NVM_CD_FLAGS" value="" />
    <property name="java.vendor.version" value="18.9" />
    <property name="jshint.executable" value="/home/travis/node_modules/jshint/bin/jshint" />
    <property name="env.JRUBY_OPTS" value=" --client -J-XX:+TieredCompilation -J-XX:TieredStopAtLevel=1 -J-Xss2m -Xcompile.invokedynamic=false" />
    <property name="java.vendor" value="Oracle Corporation" />
    <property name="env.TRAVIS_PRE_CHEF_BOOTSTRAP_TIME" value="2020-06-24T13:13:03" />
    <property name="env.TRAVIS_STACK_JOB_BOARD_REGISTER" value="/.job-board-register.yml" />
    <property name="env.ANSI_RED" value="\033[31;1m" />
    <property name="java.specification.version" value="11" />
    <property name="env.IRBRC" value="/home/travis/.rvm/rubies/ruby-2.5.3/.irbrc" />
    <property name="env.TRAVIS" value="true" />
    <property name="sun.arch.data.model" value="64" />
  </properties>
  <testcase classname="ptolemy.util.test.junit.TclTests" name="[0] /home/travis/build/icyphy/ptII/doc/test/docManager.tcl (RunTclFile)" time="463.823">
    <failure message="Number of failed tests is has increased. expected:&lt;0&gt; but was:&lt;12&gt;" type="junit.framework.AssertionFailedError">junit.framework.AssertionFailedError: Number of failed tests is has increased. expected:&lt;0&gt; but was:&lt;12&gt;
	at ptolemy.util.test.junit.TclTests.RunTclFile(TclTests.java:286)
	at java.base/jdk.internal.reflect.NativeMethodAccessorImpl.invoke0(Native Method)
	at java.base/jdk.internal.reflect.NativeMethodAccessorImpl.invoke(NativeMethodAccessorImpl.java:62)
	at java.base/jdk.internal.reflect.DelegatingMethodAccessorImpl.invoke(DelegatingMethodAccessorImpl.java:43)
	at junitparams.internal.InvokeParameterisedMethod.evaluate(InvokeParameterisedMethod.java:102)
	at junitparams.internal.ParameterisedTestMethodRunner.runMethodInvoker(ParameterisedTestMethodRunner.java:47)
	at junitparams.internal.ParameterisedTestMethodRunner.runTestMethod(ParameterisedTestMethodRunner.java:41)
	at junitparams.internal.ParameterisedTestClassRunner.runParameterisedTest(ParameterisedTestClassRunner.java:143)
	at junitparams.JUnitParamsRunner.runChild(JUnitParamsRunner.java:237)
	at junitparams.JUnitParamsRunner.runChild(JUnitParamsRunner.java:215)
</failure>
  </testcase>
  <testcase classname="ptolemy.util.test.junit.AutoKnownFailedTests" name="[0] ThereAreNoKnowFailedTests (RunModel)" time="0.001" />
  <testcase classname="ptolemy.util.test.junit.AutoNameArchTests" name="[0] ThereAreNoAutoArchTests (RunModel)" time="0.002" />
  <testcase classname="ptolemy.util.test.junit.AutoTests" name="[0] ThereAreNoAutoTests (RunModel)" time="0.004" />
  <system-out><![CDATA[/home/travis/build/icyphy/ptII/doc/test/docManager.tcl
testDefs.tcl: setting time out to 9000 seconds at Wed Oct 28 16:11:10 UTC 2020
Skipping jxta/configuration.xml, running vergil -jxta brings up a window
 Force everything to get expanded ptolemy/configs/full/configuration.xml
    (Skipping certain optional packages)
    If you get a 'X connection to xxx:11.0 broken' message, then
    see $PTII/ptolemy/moml/filter/RemoveGraphicalClasses.java
    Or, under Solaris, run java -verbose -classpath 
           ${PTII}/lib/ptjacl.jar:${PTII}/lib/diva.jar:${PTII}
           tcl.lang.Shell xxx.tcl
JSAccessor: PT_NO_NET environment variable is set, so git pull and ptdoc are not being run.
Retrieving library from file:/home/travis/build/icyphy/ptII/org/terraswarm/accessor/accessors/web/index.json
Retrieving library from file:/home/travis/build/icyphy/ptII/org/terraswarm/accessor/accessors/web/adapters/index.json
Retrieving library from file:/home/travis/build/icyphy/ptII/org/terraswarm/accessor/accessors/web/audio/index.json
Prism pipeline init order: es2 sw 
Using Double Precision Marlin Rasterizer
Using dirty region optimizations
Not using texture mask for primitives
Not forcing power of 2 sizes for textures
Using hardware CLAMP_TO_ZERO mode
Opting in for HiDPI pixel scaling
Prism pipeline name = com.sun.prism.es2.ES2Pipeline
Loading ES2 native library ... prism_es2
	succeeded.
GLFactory using com.sun.prism.es2.X11GLFactory
(X) Got class = class com.sun.prism.es2.ES2Pipeline
Prism pipeline name = com.sun.prism.sw.SWPipeline
(X) Got class = class com.sun.prism.sw.SWPipeline
Initialized prism pipeline: com.sun.prism.sw.SWPipeline
Retrieving library from file:/home/travis/build/icyphy/ptII/org/terraswarm/accessor/accessors/web/cameras/index.json
No physical cameras found, using WebcamDummyDriver.
Retrieving library from file:/home/travis/build/icyphy/ptII/org/terraswarm/accessor/accessors/web/dashboard/index.json
Retrieving library from file:/home/travis/build/icyphy/ptII/org/terraswarm/accessor/accessors/web/devices/index.json
Retrieving library from file:/home/travis/build/icyphy/ptII/org/terraswarm/accessor/accessors/web/image/index.json
CharacterRecognition: The tesseract module was not present.  The CharacterRecognition accessor is not supported on this accessor host. (Thread[main,5,main])
CharacterRecognition: The tesseract module was not present.  The CharacterRecognition accessor is not supported on this accessor host. (Thread[main,5,main])
Retrieving library from file:/home/travis/build/icyphy/ptII/org/terraswarm/accessor/accessors/web/net/index.json
Retrieving library from file:/home/travis/build/icyphy/ptII/org/terraswarm/accessor/accessors/web/robotics/index.json
Retrieving library from file:/home/travis/build/icyphy/ptII/org/terraswarm/accessor/accessors/web/geodesy/index.json
Retrieving library from file:/home/travis/build/icyphy/ptII/org/terraswarm/accessor/accessors/web/services/index.json
Retrieving library from file:/home/travis/build/icyphy/ptII/org/terraswarm/accessor/accessors/web/signals/index.json
Retrieving library from file:/home/travis/build/icyphy/ptII/org/terraswarm/accessor/accessors/web/test/index.json
Retrieving library from file:/home/travis/build/icyphy/ptII/org/terraswarm/accessor/accessors/web/utilities/index.json
The Mutable accessor original file has no documentation, so we are not running jsdoc on https://accessors.org/utilities/Mutable.js
HLA version is 1.3.
HLA version is 1.3.


==== $PTII/doc/test/docManager.tcl: full/configuration.xml-6.1 Test docClassNameToURL
==== Contents of test case:

        # If this test fails under Travis, the the problem could be
        # that actors have been added to the repository, yet the
        # codeDoc*.jar files in
        # https://github.com/icyphy/ptII/releases/download/nightly/
        # have not been updated.  $PTII/.travis.yml has a deploy
        # section that should copy the jar files if PT_TRAVIS_DOCS ==
        # true.  Note that Travis no longer supports Oracle JDK 8 and
        # JDK 11 does not have backward compatible support for
        # javadoc, so travis is failing to update the download/nightly
        # directory.  Even if Travis updates the codeDoc.jar files,
        # then under JDK 11 the actor index files will not be present
        # because JDK 11 is missing javadoc backward compatibility.

        # One possible fix is to build the jar files under JDK 8 with
        # (cd $PTII/doc; make install)
        # Then upload codeDoc.jar to the nightly release.
        # 1. Go to https://github.com/icyphy/ptII/releases
        # 2. Find the nightly release
        # 3. Click on edit
        # 4. Delete the old codeDoc.jar
        # 5. Upload the new codeDoc.jar
        # For details, see 
        # https://docs.github.com/en/github/administering-a-repository/managing-releases-in-a-repository

	# In general, if we call getName on a public field in an actor,
	# then the name that is returned should be the same as the name
	# of the field.
	set entityList [$configuration allAtomicEntityList]
	set results {}
	for {set iterator [$entityList iterator]}  {[$iterator hasNext] == 1} {} {
		set entity [$iterator next]
		if [java::instanceof $entity ptolemy.actor.TypedAtomicActor] {
		    set actor [java::cast ptolemy.actor.TypedAtomicActor $entity]
		    set className [$actor getClassName]
		    set url [java::call ptolemy.vergil.actor.DocManager  docClassNameToURL  $configuration $className  true false false false]
		    if [java::isnull $url] {
			lappend results "\nFailed to find ptdoc for $className.  Try doing (cd $PTII/doc; rm codeDoc/ptolemy/actor/lib/Ramp.xml codeDoc/ptolemy/actor/lib/RampIdx.xml; make docs)"
		    }


		    set url [java::call ptolemy.vergil.actor.DocManager  docClassNameToURL  $configuration $className  false true false false]
		    if [java::isnull $url] {
			lappend results "\nFailed to find javadoc for $className"
		    }

		    set url [java::call ptolemy.vergil.actor.DocManager  docClassNameToURL  $configuration $className  false true false false]
		    if [java::isnull $url] {
			lappend results "\nFailed to find source for $className"
		    }


		    # For actor index, it is ok to return null
		    set url [java::call ptolemy.vergil.actor.DocManager  docClassNameToURL  $configuration $className  false false false true]
		}
	    }
    list $results	
    
==== Result was:
{{
Failed to find ptdoc for ptolemy.actor.lib.Assert.  Try doing (cd /home/travis/build/icyphy/ptII/doc/test/../../doc; rm codeDoc/ptolemy/actor/lib/Ramp.xml codeDoc/ptolemy/actor/lib/RampIdx.xml; make docs)} {
Failed to find javadoc for ptolemy.actor.lib.Assert} {
Failed to find source for ptolemy.actor.lib.Assert} {
Failed to find ptdoc for ptolemy.actor.lib.jjs.JavaScript.  Try doing (cd /home/travis/build/icyphy/ptII/doc/test/../../doc; rm codeDoc/ptolemy/actor/lib/Ramp.xml codeDoc/ptolemy/actor/lib/RampIdx.xml; make docs)} {
Failed to find javadoc for ptolemy.actor.lib.jjs.JavaScript} {
Failed to find source for ptolemy.actor.lib.jjs.JavaScript} {
Failed to find ptdoc for ptolemy.vergil.basic.export.html.jsoup.HTMLPageAssembler.  Try doing (cd /home/travis/build/icyphy/ptII/doc/test/../../doc; rm codeDoc/ptolemy/actor/lib/Ramp.xml codeDoc/ptolemy/actor/lib/RampIdx.xml; make docs)} {
Failed to find javadoc for ptolemy.vergil.basic.export.html.jsoup.HTMLPageAssembler} {
Failed to find source for ptolemy.vergil.basic.export.html.jsoup.HTMLPageAssembler} {
Failed to find ptdoc for ptolemy.actor.lib.Const.  Try doing (cd /home/travis/build/icyphy/ptII/doc/test/../../doc; rm codeDoc/ptolemy/actor/lib/Ramp.xml codeDoc/ptolemy/actor/lib/RampIdx.xml; make docs)} {
Failed to find javadoc for ptolemy.actor.lib.Const} {
Failed to find source for ptolemy.actor.lib.Const} {
Failed to find ptdoc for ptolemy.actor.lib.StringConst.  Try doing (cd /home/travis/build/icyphy/ptII/doc/test/../../doc; rm codeDoc/ptolemy/actor/lib/Ramp.xml codeDoc/ptolemy/actor/lib/RampIdx.xml; make docs)} {
Failed to find javadoc for ptolemy.actor.lib.StringConst} {
Failed to find source for ptolemy.actor.lib.StringConst} {
Failed to find ptdoc for ptolemy.actor.lib.Subscriber.  Try doing (cd /home/travis/build/icyphy/ptII/doc/test/../../doc; rm codeDoc/ptolemy/actor/lib/Ramp.xml codeDoc/ptolemy/actor/lib/RampIdx.xml; make docs)} {
Failed to find javadoc for ptolemy.actor.lib.Subscriber} {
Failed to find source for ptolemy.actor.lib.Subscriber} {
Failed to find ptdoc for ptolemy.actor.lib.SubscriptionAggregator.  Try doing (cd /home/travis/build/icyphy/ptII/doc/test/../../doc; rm codeDoc/ptolemy/actor/lib/Ramp.xml codeDoc/ptolemy/actor/lib/RampIdx.xml; make docs)} {
Failed to find javadoc for ptolemy.actor.lib.SubscriptionAggregator} {
Failed to find source for ptolemy.actor.lib.SubscriptionAggregator} {
Failed to find ptdoc for ptolemy.actor.lib.CurrentDate.  Try doing (cd /home/travis/build/icyphy/ptII/doc/test/../../doc; rm codeDoc/ptolemy/actor/lib/Ramp.xml codeDoc/ptolemy/actor/lib/RampIdx.xml; make docs)} {
Failed to find javadoc for ptolemy.actor.lib.CurrentDate} {
Failed to find source for ptolemy.actor.lib.CurrentDate} {
Failed to find ptdoc for ptolemy.actor.lib.CurrentTime.  Try doing (cd /home/travis/build/icyphy/ptII/doc/test/../../doc; rm codeDoc/ptolemy/actor/lib/Ramp.xml codeDoc/ptolemy/actor/lib/RampIdx.xml; make docs)} {
Failed to find javadoc for ptolemy.actor.lib.CurrentTime} {
Failed to find source for ptolemy.actor.lib.CurrentTime} {
Failed to find ptdoc for ptolemy.actor.lib.CurrentMicrostep.  Try doing (cd /home/travis/build/icyphy/ptII/doc/test/../../doc; rm codeDoc/ptolemy/actor/lib/Ramp.xml codeDoc/ptolemy/actor/lib/RampIdx.xml; make docs)} {
Failed to find javadoc for ptolemy.actor.lib.CurrentMicrostep} {
Failed to find source for ptolemy.actor.lib.CurrentMicrostep} {
Failed to find ptdoc for ptolemy.actor.lib.DiscreteClock.  Try doing (cd /home/travis/build/icyphy/ptII/doc/test/../../doc; rm codeDoc/ptolemy/actor/lib/Ramp.xml codeDoc/ptolemy/actor/lib/RampIdx.xml; make docs)} {
Failed to find javadoc for ptolemy.actor.lib.DiscreteClock} {
Failed to find source for ptolemy.actor.lib.DiscreteClock} {
Failed to find ptdoc for ptolemy.actor.lib.PoissonClock.  Try doing (cd /home/travis/build/icyphy/ptII/doc/test/../../doc; rm codeDoc/ptolemy/actor/lib/Ramp.xml codeDoc/ptolemy/actor/lib/RampIdx.xml; make docs)} {
Failed to find javadoc for ptolemy.actor.lib.PoissonClock} {
Failed to find source for ptolemy.actor.lib.PoissonClock} {
Failed to find ptdoc for ptolemy.actor.lib.gui.InteractiveDialog.  Try doing (cd /home/travis/build/icyphy/ptII/doc/test/../../doc; rm codeDoc/ptolemy/actor/lib/Ramp.xml codeDoc/ptolemy/actor/lib/RampIdx.xml; make docs)} {
Failed to find javadoc for ptolemy.actor.lib.gui.InteractiveDialog} {
Failed to find source for ptolemy.actor.lib.gui.InteractiveDialog} {
Failed to find ptdoc for ptolemy.actor.lib.gui.InteractiveShell.  Try doing (cd /home/travis/build/icyphy/ptII/doc/test/../../doc; rm codeDoc/ptolemy/actor/lib/Ramp.xml codeDoc/ptolemy/actor/lib/RampIdx.xml; make docs)} {
Failed to find javadoc for ptolemy.actor.lib.gui.InteractiveShell} {
Failed to find source for ptolemy.actor.lib.gui.InteractiveShell} {
Failed to find ptdoc for ptolemy.actor.lib.Interpolator.  Try doing (cd /home/travis/build/icyphy/ptII/doc/test/../../doc; rm codeDoc/ptolemy/actor/lib/Ramp.xml codeDoc/ptolemy/actor/lib/RampIdx.xml; make docs)} {
Failed to find javadoc for ptolemy.actor.lib.Interpolator} {
Failed to find source for ptolemy.actor.lib.Interpolator} {
Failed to find ptdoc for ptolemy.actor.lib.Pulse.  Try doing (cd /home/travis/build/icyphy/ptII/doc/test/../../doc; rm codeDoc/ptolemy/actor/lib/Ramp.xml codeDoc/ptolemy/actor/lib/RampIdx.xml; make docs)} {
Failed to find javadoc for ptolemy.actor.lib.Pulse} {
Failed to find source for ptolemy.actor.lib.Pulse} {
Failed to find ptdoc for ptolemy.actor.lib.Ramp.  Try doing (cd /home/travis/build/icyphy/ptII/doc/test/../../doc; rm codeDoc/ptolemy/actor/lib/Ramp.xml codeDoc/ptolemy/actor/lib/RampIdx.xml; make docs)} {
Failed to find javadoc for ptolemy.actor.lib.Ramp} {
Failed to find source for ptolemy.actor.lib.Ramp} {
Failed to find ptdoc for ptolemy.actor.lib.Sequence.  Try doing (cd /home/travis/build/icyphy/ptII/doc/test/../../doc; rm codeDoc/ptolemy/actor/lib/Ramp.xml codeDoc/ptolemy/actor/lib/RampIdx.xml; make docs)} {
Failed to find javadoc for ptolemy.actor.lib.Sequence} {
Failed to find source for ptolemy.actor.lib.Sequence} {
Failed to find ptdoc for ptolemy.actor.lib.gui.SketchedSource.  Try doing (cd /home/travis/build/icyphy/ptII/doc/test/../../doc; rm codeDoc/ptolemy/actor/lib/Ramp.xml codeDoc/ptolemy/actor/lib/RampIdx.xml; make docs)} {
Failed to find javadoc for ptolemy.actor.lib.gui.SketchedSource} {
Failed to find source for ptolemy.actor.lib.gui.SketchedSource} {
Failed to find ptdoc for ptolemy.actor.lib.gui.ArrayPlotterXY.  Try doing (cd /home/travis/build/icyphy/ptII/doc/test/../../doc; rm codeDoc/ptolemy/actor/lib/Ramp.xml codeDoc/ptolemy/actor/lib/RampIdx.xml; make docs)} {
Failed to find javadoc for ptolemy.actor.lib.gui.ArrayPlotterXY} {
Failed to find source for ptolemy.actor.lib.gui.ArrayPlotterXY} {
Failed to find ptdoc for ptolemy.actor.lib.Discard.  Try doing (cd /home/travis/build/icyphy/ptII/doc/test/../../doc; rm codeDoc/ptolemy/actor/lib/Ramp.xml codeDoc/ptolemy/actor/lib/RampIdx.xml; make docs)} {
Failed to find javadoc for ptolemy.actor.lib.Discard} {
Failed to find source for ptolemy.actor.lib.Discard} {
Failed to find ptdoc for ptolemy.actor.lib.gui.Display.  Try doing (cd /home/travis/build/icyphy/ptII/doc/test/../../doc; rm codeDoc/ptolemy/actor/lib/Ramp.xml codeDoc/ptolemy/actor/lib/RampIdx.xml; make docs)} {
Failed to find javadoc for ptolemy.actor.lib.gui.Display} {
Failed to find source for ptolemy.actor.lib.gui.Display} {
Failed to find ptdoc for ptolemy.actor.lib.gui.MonitorValue.  Try doing (cd /home/travis/build/icyphy/ptII/doc/test/../../doc; rm codeDoc/ptolemy/actor/lib/Ramp.xml codeDoc/ptolemy/actor/lib/RampIdx.xml; make docs)} {
Failed to find javadoc for ptolemy.actor.lib.gui.MonitorValue} {
Failed to find source for ptolemy.actor.lib.gui.MonitorValue} {
Failed to find ptdoc for ptolemy.actor.lib.Publisher.  Try doing (cd /home/travis/build/icyphy/ptII/doc/test/../../doc; rm codeDoc/ptolemy/actor/lib/Ramp.xml codeDoc/ptolemy/actor/lib/RampIdx.xml; make docs)} {
Failed to find javadoc for ptolemy.actor.lib.Publisher} {
Failed to find source for ptolemy.actor.lib.Publisher} {
Failed to find ptdoc for ptolemy.actor.lib.Recorder.  Try doing (cd /home/travis/build/icyphy/ptII/doc/test/../../doc; rm codeDoc/ptolemy/actor/lib/Ramp.xml codeDoc/ptolemy/actor/lib/RampIdx.xml; make docs)} {
Failed to find javadoc for ptolemy.actor.lib.Recorder} {
Failed to find source for ptolemy.actor.lib.Recorder} {
Failed to find ptdoc for ptolemy.actor.lib.SetVariable.  Try doing (cd /home/travis/build/icyphy/ptII/doc/test/../../doc; rm codeDoc/ptolemy/actor/lib/Ramp.xml codeDoc/ptolemy/actor/lib/RampIdx.xml; make docs)} {
Failed to find javadoc for ptolemy.actor.lib.SetVariable} {
Failed to find source for ptolemy.actor.lib.SetVariable} {
Failed to find ptdoc for ptolemy.actor.lib.gui.XYPlotter.  Try doing (cd /home/travis/build/icyphy/ptII/doc/test/../../doc; rm codeDoc/ptolemy/actor/lib/Ramp.xml codeDoc/ptolemy/actor/lib/RampIdx.xml; make docs)} {
Failed to find javadoc for ptolemy.actor.lib.gui.XYPlotter} {
Failed to find source for ptolemy.actor.lib.gui.XYPlotter} {
Failed to find ptdoc for ptolemy.actor.lib.gui.XYScope.  Try doing (cd /home/travis/build/icyphy/ptII/doc/test/../../doc; rm codeDoc/ptolemy/actor/lib/Ramp.xml codeDoc/ptolemy/actor/lib/RampIdx.xml; make docs)} {
Failed to find javadoc for ptolemy.actor.lib.gui.XYScope} {
Failed to find source for ptolemy.actor.lib.gui.XYScope} {
Failed to find ptdoc for ptolemy.actor.lib.gui.TimedDisplay.  Try doing (cd /home/travis/build/icyphy/ptII/doc/test/../../doc; rm codeDoc/ptolemy/actor/lib/Ramp.xml codeDoc/ptolemy/actor/lib/RampIdx.xml; make docs)} {
Failed to find javadoc for ptolemy.actor.lib.gui.TimedDisplay} {
Failed to find source for ptolemy.actor.lib.gui.TimedDisplay} {
Failed to find ptdoc for ptolemy.actor.lib.gui.TimedMonitorValue.  Try doing (cd /home/travis/build/icyphy/ptII/doc/test/../../doc; rm codeDoc/ptolemy/actor/lib/Ramp.xml codeDoc/ptolemy/actor/lib/RampIdx.xml; make docs)} {
Failed to find javadoc for ptolemy.actor.lib.gui.TimedMonitorValue} {
Failed to find source for ptolemy.actor.lib.gui.TimedMonitorValue} {
Failed to find ptdoc for ptolemy.actor.lib.gui.TimedPlotter.  Try doing (cd /home/travis/build/icyphy/ptII/doc/test/../../doc; rm codeDoc/ptolemy/actor/lib/Ramp.xml codeDoc/ptolemy/actor/lib/RampIdx.xml; make docs)} {
Failed to find javadoc for ptolemy.actor.lib.gui.TimedPlotter} {
Failed to find source for ptolemy.actor.lib.gui.TimedPlotter} {
Failed to find ptdoc for ptolemy.actor.lib.gui.TimedScope.  Try doing (cd /home/travis/build/icyphy/ptII/doc/test/../../doc; rm codeDoc/ptolemy/actor/lib/Ramp.xml codeDoc/ptolemy/actor/lib/RampIdx.xml; make docs)} {
Failed to find javadoc for ptolemy.actor.lib.gui.TimedScope} {
Failed to find source for ptolemy.actor.lib.gui.TimedScope} {
Failed to find ptdoc for ptolemy.actor.lib.gui.ArrayPlotter.  Try doing (cd /home/travis/build/icyphy/ptII/doc/test/../../doc; rm codeDoc/ptolemy/actor/lib/Ramp.xml codeDoc/ptolemy/actor/lib/RampIdx.xml; make docs)} {
Failed to find javadoc for ptolemy.actor.lib.gui.ArrayPlotter} {
Failed to find source for ptolemy.actor.lib.gui.ArrayPlotter} {
Failed to find ptdoc for ptolemy.actor.lib.gui.BarGraph.  Try doing (cd /home/travis/build/icyphy/ptII/doc/test/../../doc; rm codeDoc/ptolemy/actor/lib/Ramp.xml codeDoc/ptolemy/actor/lib/RampIdx.xml; make docs)} {
Failed to find javadoc for ptolemy.actor.lib.gui.BarGraph} {
Failed to find source for ptolemy.actor.lib.gui.BarGraph} {
Failed to find ptdoc for ptolemy.actor.lib.gui.HistogramPlotter.  Try doing (cd /home/travis/build/icyphy/ptII/doc/test/../../doc; rm codeDoc/ptolemy/actor/lib/Ramp.xml codeDoc/ptolemy/actor/lib/RampIdx.xml; make docs)} {
Failed to find javadoc for ptolemy.actor.lib.gui.HistogramPlotter} {
Failed to find source for ptolemy.actor.lib.gui.HistogramPlotter} {
Failed to find ptdoc for ptolemy.actor.lib.gui.SequencePlotter.  Try doing (cd /home/travis/build/icyphy/ptII/doc/test/../../doc; rm codeDoc/ptolemy/actor/lib/Ramp.xml codeDoc/ptolemy/actor/lib/RampIdx.xml; make docs)} {
Failed to find javadoc for ptolemy.actor.lib.gui.SequencePlotter} {
Failed to find source for ptolemy.actor.lib.gui.SequencePlotter} {
Failed to find ptdoc for ptolemy.actor.lib.gui.SequenceScope.  Try doing (cd /home/travis/build/icyphy/ptII/doc/test/../../doc; rm codeDoc/ptolemy/actor/lib/Ramp.xml codeDoc/ptolemy/actor/lib/RampIdx.xml; make docs)} {
Failed to find javadoc for ptolemy.actor.lib.gui.SequenceScope} {
Failed to find source for ptolemy.actor.lib.gui.SequenceScope} {
Failed to find ptdoc for ptolemy.actor.lib.ArrayAccumulate.  Try doing (cd /home/travis/build/icyphy/ptII/doc/test/../../doc; rm codeDoc/ptolemy/actor/lib/Ramp.xml codeDoc/ptolemy/actor/lib/RampIdx.xml; make docs)} {
Failed to find javadoc for ptolemy.actor.lib.ArrayAccumulate} {
Failed to find source for ptolemy.actor.lib.ArrayAccumulate} {
Failed to find ptdoc for ptolemy.actor.lib.ArrayAppend.  Try doing (cd /home/travis/build/icyphy/ptII/doc/test/../../doc; rm codeDoc/ptolemy/actor/lib/Ramp.xml codeDoc/ptolemy/actor/lib/RampIdx.xml; make docs)} {
Failed to find javadoc for ptolemy.actor.lib.ArrayAppend} {
Failed to find source for ptolemy.actor.lib.ArrayAppend} {
Failed to find ptdoc for ptolemy.actor.lib.ArrayAverage.  Try doing (cd /home/travis/build/icyphy/ptII/doc/test/../../doc; rm codeDoc/ptolemy/actor/lib/Ramp.xml codeDoc/ptolemy/actor/lib/RampIdx.xml; make docs)} {
Failed to find javadoc for ptolemy.actor.lib.ArrayAverage} {
Failed to find source for ptolemy.actor.lib.ArrayAverage} {
Failed to find ptdoc for ptolemy.actor.lib.ArrayContains.  Try doing (cd /home/travis/build/icyphy/ptII/doc/test/../../doc; rm codeDoc/ptolemy/actor/lib/Ramp.xml codeDoc/ptolemy/actor/lib/RampIdx.xml; make docs)} {
Failed to find javadoc for ptolemy.actor.lib.ArrayContains} {
Failed to find source for ptolemy.actor.lib.ArrayContains} {
Failed to find ptdoc for ptolemy.actor.lib.ArrayElement.  Try doing (cd /home/travis/build/icyphy/ptII/doc/test/../../doc; rm codeDoc/ptolemy/actor/lib/Ramp.xml codeDoc/ptolemy/actor/lib/RampIdx.xml; make docs)} {
Failed to find javadoc for ptolemy.actor.lib.ArrayElement} {
Failed to find source for ptolemy.actor.lib.ArrayElement} {
Failed to find ptdoc for ptolemy.actor.lib.ArrayElementAsMatrix.  Try doing (cd /home/travis/build/icyphy/ptII/doc/test/../../doc; rm codeDoc/ptolemy/actor/lib/Ramp.xml codeDoc/ptolemy/actor/lib/RampIdx.xml; make docs)} {
Failed to find javadoc for ptolemy.actor.lib.ArrayElementAsMatrix} {
Failed to find source for ptolemy.actor.lib.ArrayElementAsMatrix} {
Failed to find ptdoc for ptolemy.actor.lib.ArrayExtract.  Try doing (cd /home/travis/build/icyphy/ptII/doc/test/../../doc; rm codeDoc/ptolemy/actor/lib/Ramp.xml codeDoc/ptolemy/actor/lib/RampIdx.xml; make docs)} {
Failed to find javadoc for ptolemy.actor.lib.ArrayExtract} {
Failed to find source for ptolemy.actor.lib.ArrayExtract} {
Failed to find ptdoc for ptolemy.actor.lib.ArrayLength.  Try doing (cd /home/travis/build/icyphy/ptII/doc/test/../../doc; rm codeDoc/ptolemy/actor/lib/Ramp.xml codeDoc/ptolemy/actor/lib/RampIdx.xml; make docs)} {
Failed to find javadoc for ptolemy.actor.lib.ArrayLength} {
Failed to find source for ptolemy.actor.lib.ArrayLength} {
Failed to find ptdoc for ptolemy.actor.lib.ArrayLevelCrossing.  Try doing (cd /home/travis/build/icyphy/ptII/doc/test/../../doc; rm codeDoc/ptolemy/actor/lib/Ramp.xml codeDoc/ptolemy/actor/lib/RampIdx.xml; make docs)} {
Failed to find javadoc for ptolemy.actor.lib.ArrayLevelCrossing} {
Failed to find source for ptolemy.actor.lib.ArrayLevelCrossing} {
Failed to find ptdoc for ptolemy.actor.lib.ArrayMaximum.  Try doing (cd /home/travis/build/icyphy/ptII/doc/test/../../doc; rm codeDoc/ptolemy/actor/lib/Ramp.xml codeDoc/ptolemy/actor/lib/RampIdx.xml; make docs)} {
Failed to find javadoc for ptolemy.actor.lib.ArrayMaximum} {
Failed to find source for ptolemy.actor.lib.ArrayMaximum} {
Failed to find ptdoc for ptolemy.actor.lib.ArrayMinimum.  Try doing (cd /home/travis/build/icyphy/ptII/doc/test/../../doc; rm codeDoc/ptolemy/actor/lib/Ramp.xml codeDoc/ptolemy/actor/lib/RampIdx.xml; make docs)} {
Failed to find javadoc for ptolemy.actor.lib.ArrayMinimum} {
Failed to find source for ptolemy.actor.lib.ArrayMinimum} {
Failed to find ptdoc for ptolemy.actor.lib.ArrayPeakSearch.  Try doing (cd /home/travis/build/icyphy/ptII/doc/test/../../doc; rm codeDoc/ptolemy/actor/lib/Ramp.xml codeDoc/ptolemy/actor/lib/RampIdx.xml; make docs)} {
Failed to find javadoc for ptolemy.actor.lib.ArrayPeakSearch} {
Failed to find source for ptolemy.actor.lib.ArrayPeakSearch} {
Failed to find ptdoc for ptolemy.actor.lib.ArrayRemoveElement.  Try doing (cd /home/travis/build/icyphy/ptII/doc/test/../../doc; rm codeDoc/ptolemy/actor/lib/Ramp.xml codeDoc/ptolemy/actor/lib/RampIdx.xml; make docs)} {
Failed to find javadoc for ptolemy.actor.lib.ArrayRemoveElement} {
Failed to find source for ptolemy.actor.lib.ArrayRemoveElement} {
Failed to find ptdoc for ptolemy.actor.lib.ArraySort.  Try doing (cd /home/travis/build/icyphy/ptII/doc/test/../../doc; rm codeDoc/ptolemy/actor/lib/Ramp.xml codeDoc/ptolemy/actor/lib/RampIdx.xml; make docs)} {
Failed to find javadoc for ptolemy.actor.lib.ArraySort} {
Failed to find source for ptolemy.actor.lib.ArraySort} {
Failed to find ptdoc for ptolemy.actor.lib.ArraySum.  Try doing (cd /home/travis/build/icyphy/ptII/doc/test/../../doc; rm codeDoc/ptolemy/actor/lib/Ramp.xml codeDoc/ptolemy/actor/lib/RampIdx.xml; make docs)} {
Failed to find javadoc for ptolemy.actor.lib.ArraySum} {
Failed to find source for ptolemy.actor.lib.ArraySum} {
Failed to find ptdoc for ptolemy.actor.lib.ArrayToElements.  Try doing (cd /home/travis/build/icyphy/ptII/doc/test/../../doc; rm codeDoc/ptolemy/actor/lib/Ramp.xml codeDoc/ptolemy/actor/lib/RampIdx.xml; make docs)} {
Failed to find javadoc for ptolemy.actor.lib.ArrayToElements} {
Failed to find source for ptolemy.actor.lib.ArrayToElements} {
Failed to find ptdoc for ptolemy.domains.sdf.lib.ArrayToSequence.  Try doing (cd /home/travis/build/icyphy/ptII/doc/test/../../doc; rm codeDoc/ptolemy/actor/lib/Ramp.xml codeDoc/ptolemy/actor/lib/RampIdx.xml; make docs)} {
Failed to find javadoc for ptolemy.domains.sdf.lib.ArrayToSequence} {
Failed to find source for ptolemy.domains.sdf.lib.ArrayToSequence} {
Failed to find ptdoc for ptolemy.actor.lib.ArrayUpdate.  Try doing (cd /home/travis/build/icyphy/ptII/doc/test/../../doc; rm codeDoc/ptolemy/actor/lib/Ramp.xml codeDoc/ptolemy/actor/lib/RampIdx.xml; make docs)} {
Failed to find javadoc for ptolemy.actor.lib.ArrayUpdate} {
Failed to find source for ptolemy.actor.lib.ArrayUpdate} {
Failed to find ptdoc for ptolemy.actor.lib.ElementsToArray.  Try doing (cd /home/travis/build/icyphy/ptII/doc/test/../../doc; rm codeDoc/ptolemy/actor/lib/Ramp.xml codeDoc/ptolemy/actor/lib/RampIdx.xml; make docs)} {
Failed to find javadoc for ptolemy.actor.lib.ElementsToArray} {
Failed to find source for ptolemy.actor.lib.ElementsToArray} {
Failed to find ptdoc for ptolemy.domains.sdf.lib.SequenceToArray.  Try doing (cd /home/travis/build/icyphy/ptII/doc/test/../../doc; rm codeDoc/ptolemy/actor/lib/Ramp.xml codeDoc/ptolemy/actor/lib/RampIdx.xml; make docs)} {
Failed to find javadoc for ptolemy.domains.sdf.lib.SequenceToArray} {
Failed to find source for ptolemy.domains.sdf.lib.SequenceToArray} {
Failed to find ptdoc for ptolemy.actor.lib.conversions.AnythingToDouble.  Try doing (cd /home/travis/build/icyphy/ptII/doc/test/../../doc; rm codeDoc/ptolemy/actor/lib/Ramp.xml codeDoc/ptolemy/actor/lib/RampIdx.xml; make docs)} {
Failed to find javadoc for ptolemy.actor.lib.conversions.AnythingToDouble} {
Failed to find source for ptolemy.actor.lib.conversions.AnythingToDouble} {
Failed to find ptdoc for ptolemy.actor.lib.conversions.BooleanToAnything.  Try doing (cd /home/travis/build/icyphy/ptII/doc/test/../../doc; rm codeDoc/ptolemy/actor/lib/Ramp.xml codeDoc/ptolemy/actor/lib/RampIdx.xml; make docs)} {
Failed to find javadoc for ptolemy.actor.lib.conversions.BooleanToAnything} {
Failed to find source for ptolemy.actor.lib.conversions.BooleanToAnything} {
Failed to find ptdoc for ptolemy.domains.sdf.lib.BitsToInt.  Try doing (cd /home/travis/build/icyphy/ptII/doc/test/../../doc; rm codeDoc/ptolemy/actor/lib/Ramp.xml codeDoc/ptolemy/actor/lib/RampIdx.xml; make docs)} {
Failed to find javadoc for ptolemy.domains.sdf.lib.BitsToInt} {
Failed to find source for ptolemy.domains.sdf.lib.BitsToInt} {
Failed to find ptdoc for ptolemy.actor.lib.conversions.CartesianToComplex.  Try doing (cd /home/travis/build/icyphy/ptII/doc/test/../../doc; rm codeDoc/ptolemy/actor/lib/Ramp.xml codeDoc/ptolemy/actor/lib/RampIdx.xml; make docs)} {
Failed to find javadoc for ptolemy.actor.lib.conversions.CartesianToComplex} {
Failed to find source for ptolemy.actor.lib.conversions.CartesianToComplex} {
Failed to find ptdoc for ptolemy.actor.lib.conversions.CartesianToPolar.  Try doing (cd /home/travis/build/icyphy/ptII/doc/test/../../doc; rm codeDoc/ptolemy/actor/lib/Ramp.xml codeDoc/ptolemy/actor/lib/RampIdx.xml; make docs)} {
Failed to find javadoc for ptolemy.actor.lib.conversions.CartesianToPolar} {
Failed to find source for ptolemy.actor.lib.conversions.CartesianToPolar} {
Failed to find ptdoc for ptolemy.actor.lib.conversions.ComplexToCartesian.  Try doing (cd /home/travis/build/icyphy/ptII/doc/test/../../doc; rm codeDoc/ptolemy/actor/lib/Ramp.xml codeDoc/ptolemy/actor/lib/RampIdx.xml; make docs)} {
Failed to find javadoc for ptolemy.actor.lib.conversions.ComplexToCartesian} {
Failed to find source for ptolemy.actor.lib.conversions.ComplexToCartesian} {
Failed to find ptdoc for ptolemy.actor.lib.conversions.ComplexToPolar.  Try doing (cd /home/travis/build/icyphy/ptII/doc/test/../../doc; rm codeDoc/ptolemy/actor/lib/Ramp.xml codeDoc/ptolemy/actor/lib/RampIdx.xml; make docs)} {
Failed to find javadoc for ptolemy.actor.lib.conversions.ComplexToPolar} {
Failed to find source for ptolemy.actor.lib.conversions.ComplexToPolar} {
Failed to find ptdoc for ptolemy.actor.lib.conversions.DateToString.  Try doing (cd /home/travis/build/icyphy/ptII/doc/test/../../doc; rm codeDoc/ptolemy/actor/lib/Ramp.xml codeDoc/ptolemy/actor/lib/RampIdx.xml; make docs)} {
Failed to find javadoc for ptolemy.actor.lib.conversions.DateToString} {
Failed to find source for ptolemy.actor.lib.conversions.DateToString} {
Failed to find ptdoc for ptolemy.actor.lib.conversions.DoubleToFix.  Try doing (cd /home/travis/build/icyphy/ptII/doc/test/../../doc; rm codeDoc/ptolemy/actor/lib/Ramp.xml codeDoc/ptolemy/actor/lib/RampIdx.xml; make docs)} {
Failed to find javadoc for ptolemy.actor.lib.conversions.DoubleToFix} {
Failed to find source for ptolemy.actor.lib.conversions.DoubleToFix} {
Failed to find ptdoc for ptolemy.actor.lib.conversions.ExpressionToToken.  Try doing (cd /home/travis/build/icyphy/ptII/doc/test/../../doc; rm codeDoc/ptolemy/actor/lib/Ramp.xml codeDoc/ptolemy/actor/lib/RampIdx.xml; make docs)} {
Failed to find javadoc for ptolemy.actor.lib.conversions.ExpressionToToken} {
Failed to find source for ptolemy.actor.lib.conversions.ExpressionToToken} {
Failed to find ptdoc for ptolemy.actor.lib.conversions.FixToDouble.  Try doing (cd /home/travis/build/icyphy/ptII/doc/test/../../doc; rm codeDoc/ptolemy/actor/lib/Ramp.xml codeDoc/ptolemy/actor/lib/RampIdx.xml; make docs)} {
Failed to find javadoc for ptolemy.actor.lib.conversions.FixToDouble} {
Failed to find source for ptolemy.actor.lib.conversions.FixToDouble} {
Failed to find ptdoc for ptolemy.actor.lib.conversions.FixToFix.  Try doing (cd /home/travis/build/icyphy/ptII/doc/test/../../doc; rm codeDoc/ptolemy/actor/lib/Ramp.xml codeDoc/ptolemy/actor/lib/RampIdx.xml; make docs)} {
Failed to find javadoc for ptolemy.actor.lib.conversions.FixToFix} {
Failed to find source for ptolemy.actor.lib.conversions.FixToFix} {
Failed to find ptdoc for ptolemy.actor.lib.conversions.ImageToString.  Try doing (cd /home/travis/build/icyphy/ptII/doc/test/../../doc; rm codeDoc/ptolemy/actor/lib/Ramp.xml codeDoc/ptolemy/actor/lib/RampIdx.xml; make docs)} {
Failed to find javadoc for ptolemy.actor.lib.conversions.ImageToString} {
Failed to find source for ptolemy.actor.lib.conversions.ImageToString} {
Failed to find ptdoc for ptolemy.actor.lib.conversions.IntArrayToString.  Try doing (cd /home/travis/build/icyphy/ptII/doc/test/../../doc; rm codeDoc/ptolemy/actor/lib/Ramp.xml codeDoc/ptolemy/actor/lib/RampIdx.xml; make docs)} {
Failed to find javadoc for ptolemy.actor.lib.conversions.IntArrayToString} {
Failed to find source for ptolemy.actor.lib.conversions.IntArrayToString} {
Failed to find ptdoc for ptolemy.domains.sdf.lib.IntToBits.  Try doing (cd /home/travis/build/icyphy/ptII/doc/test/../../doc; rm codeDoc/ptolemy/actor/lib/Ramp.xml codeDoc/ptolemy/actor/lib/RampIdx.xml; make docs)} {
Failed to find javadoc for ptolemy.domains.sdf.lib.IntToBits} {
Failed to find source for ptolemy.domains.sdf.lib.IntToBits} {
Failed to find ptdoc for ptolemy.actor.lib.conversions.InUnitsOf.  Try doing (cd /home/travis/build/icyphy/ptII/doc/test/../../doc; rm codeDoc/ptolemy/actor/lib/Ramp.xml codeDoc/ptolemy/actor/lib/RampIdx.xml; make docs)} {
Failed to find javadoc for ptolemy.actor.lib.conversions.InUnitsOf} {
Failed to find source for ptolemy.actor.lib.conversions.InUnitsOf} {
Failed to find ptdoc for ptolemy.actor.lib.conversions.json.JSONToToken.  Try doing (cd /home/travis/build/icyphy/ptII/doc/test/../../doc; rm codeDoc/ptolemy/actor/lib/Ramp.xml codeDoc/ptolemy/actor/lib/RampIdx.xml; make docs)} {
Failed to find javadoc for ptolemy.actor.lib.conversions.json.JSONToToken} {
Failed to find source for ptolemy.actor.lib.conversions.json.JSONToToken} {
Failed to find ptdoc for ptolemy.actor.lib.conversions.json.TokenToJSON.  Try doing (cd /home/travis/build/icyphy/ptII/doc/test/../../doc; rm codeDoc/ptolemy/actor/lib/Ramp.xml codeDoc/ptolemy/actor/lib/RampIdx.xml; make docs)} {
Failed to find javadoc for ptolemy.actor.lib.conversions.json.TokenToJSON} {
Failed to find source for ptolemy.actor.lib.conversions.json.TokenToJSON} {
Failed to find ptdoc for ptolemy.actor.lib.conversions.LongToDouble.  Try doing (cd /home/travis/build/icyphy/ptII/doc/test/../../doc; rm codeDoc/ptolemy/actor/lib/Ramp.xml codeDoc/ptolemy/actor/lib/RampIdx.xml; make docs)} {
Failed to find javadoc for ptolemy.actor.lib.conversions.LongToDouble} {
Failed to find source for ptolemy.actor.lib.conversions.LongToDouble} {
Failed to find ptdoc for ptolemy.actor.lib.conversions.PolarToCartesian.  Try doing (cd /home/travis/build/icyphy/ptII/doc/test/../../doc; rm codeDoc/ptolemy/actor/lib/Ramp.xml codeDoc/ptolemy/actor/lib/RampIdx.xml; make docs)} {
Failed to find javadoc for ptolemy.actor.lib.conversions.PolarToCartesian} {
Failed to find source for ptolemy.actor.lib.conversions.PolarToCartesian} {
Failed to find ptdoc for ptolemy.actor.lib.conversions.PolarToComplex.  Try doing (cd /home/travis/build/icyphy/ptII/doc/test/../../doc; rm codeDoc/ptolemy/actor/lib/Ramp.xml codeDoc/ptolemy/actor/lib/RampIdx.xml; make docs)} {
Failed to find javadoc for ptolemy.actor.lib.conversions.PolarToComplex} {
Failed to find source for ptolemy.actor.lib.conversions.PolarToComplex} {
Failed to find ptdoc for ptolemy.actor.lib.conversions.Round.  Try doing (cd /home/travis/build/icyphy/ptII/doc/test/../../doc; rm codeDoc/ptolemy/actor/lib/Ramp.xml codeDoc/ptolemy/actor/lib/RampIdx.xml; make docs)} {
Failed to find javadoc for ptolemy.actor.lib.conversions.Round} {
Failed to find source for ptolemy.actor.lib.conversions.Round} {
Failed to find ptdoc for ptolemy.actor.lib.conversions.SmoothToDouble.  Try doing (cd /home/travis/build/icyphy/ptII/doc/test/../../doc; rm codeDoc/ptolemy/actor/lib/Ramp.xml codeDoc/ptolemy/actor/lib/RampIdx.xml; make docs)} {
Failed to find javadoc for ptolemy.actor.lib.conversions.SmoothToDouble} {
Failed to find source for ptolemy.actor.lib.conversions.SmoothToDouble} {
Failed to find ptdoc for ptolemy.actor.lib.conversions.StringToBoolean.  Try doing (cd /home/travis/build/icyphy/ptII/doc/test/../../doc; rm codeDoc/ptolemy/actor/lib/Ramp.xml codeDoc/ptolemy/actor/lib/RampIdx.xml; make docs)} {
Failed to find javadoc for ptolemy.actor.lib.conversions.StringToBoolean} {
Failed to find source for ptolemy.actor.lib.conversions.StringToBoolean} {
Failed to find ptdoc for ptolemy.actor.lib.conversions.StringToDouble.  Try doing (cd /home/travis/build/icyphy/ptII/doc/test/../../doc; rm codeDoc/ptolemy/actor/lib/Ramp.xml codeDoc/ptolemy/actor/lib/RampIdx.xml; make docs)} {
Failed to find javadoc for ptolemy.actor.lib.conversions.StringToDouble} {
Failed to find source for ptolemy.actor.lib.conversions.StringToDouble} {
Failed to find ptdoc for ptolemy.actor.lib.conversions.StringToInt.  Try doing (cd /home/travis/build/icyphy/ptII/doc/test/../../doc; rm codeDoc/ptolemy/actor/lib/Ramp.xml codeDoc/ptolemy/actor/lib/RampIdx.xml; make docs)} {
Failed to find javadoc for ptolemy.actor.lib.conversions.StringToInt} {
Failed to find source for ptolemy.actor.lib.conversions.StringToInt} {
Failed to find ptdoc for ptolemy.actor.lib.conversions.StringToIntArray.  Try doing (cd /home/travis/build/icyphy/ptII/doc/test/../../doc; rm codeDoc/ptolemy/actor/lib/Ramp.xml codeDoc/ptolemy/actor/lib/RampIdx.xml; make docs)} {
Failed to find javadoc for ptolemy.actor.lib.conversions.StringToIntArray} {
Failed to find source for ptolemy.actor.lib.conversions.StringToIntArray} {
Failed to find ptdoc for ptolemy.actor.lib.conversions.StringToUnsignedByteArray.  Try doing (cd /home/travis/build/icyphy/ptII/doc/test/../../doc; rm codeDoc/ptolemy/actor/lib/Ramp.xml codeDoc/ptolemy/actor/lib/RampIdx.xml; make docs)} {
Failed to find javadoc for ptolemy.actor.lib.conversions.StringToUnsignedByteArray} {
Failed to find source for ptolemy.actor.lib.conversions.StringToUnsignedByteArray} {
Failed to find ptdoc for ptolemy.actor.lib.conversions.StringToXML.  Try doing (cd /home/travis/build/icyphy/ptII/doc/test/../../doc; rm codeDoc/ptolemy/actor/lib/Ramp.xml codeDoc/ptolemy/actor/lib/RampIdx.xml; make docs)} {
Failed to find javadoc for ptolemy.actor.lib.conversions.StringToXML} {
Failed to find source for ptolemy.actor.lib.conversions.StringToXML} {
Failed to find ptdoc for ptolemy.actor.lib.conversions.TokenToExpression.  Try doing (cd /home/travis/build/icyphy/ptII/doc/test/../../doc; rm codeDoc/ptolemy/actor/lib/Ramp.xml codeDoc/ptolemy/actor/lib/RampIdx.xml; make docs)} {
Failed to find javadoc for ptolemy.actor.lib.conversions.TokenToExpression} {
Failed to find source for ptolemy.actor.lib.conversions.TokenToExpression} {
Failed to find ptdoc for ptolemy.actor.lib.conversions.UnsignedByteArrayToString.  Try doing (cd /home/travis/build/icyphy/ptII/doc/test/../../doc; rm codeDoc/ptolemy/actor/lib/Ramp.xml codeDoc/ptolemy/actor/lib/RampIdx.xml; make docs)} {
Failed to find javadoc for ptolemy.actor.lib.conversions.UnsignedByteArrayToString} {
Failed to find source for ptolemy.actor.lib.conversions.UnsignedByteArrayToString} {
Failed to find ptdoc for ptolemy.actor.lib.BusAssembler.  Try doing (cd /home/travis/build/icyphy/ptII/doc/test/../../doc; rm codeDoc/ptolemy/actor/lib/Ramp.xml codeDoc/ptolemy/actor/lib/RampIdx.xml; make docs)} {
Failed to find javadoc for ptolemy.actor.lib.BusAssembler} {
Failed to find source for ptolemy.actor.lib.BusAssembler} {
Failed to find ptdoc for ptolemy.actor.lib.BusDisassembler.  Try doing (cd /home/travis/build/icyphy/ptII/doc/test/../../doc; rm codeDoc/ptolemy/actor/lib/Ramp.xml codeDoc/ptolemy/actor/lib/RampIdx.xml; make docs)} {
Failed to find javadoc for ptolemy.actor.lib.BusDisassembler} {
Failed to find source for ptolemy.actor.lib.BusDisassembler} {
Failed to find ptdoc for ptolemy.actor.lib.Commutator.  Try doing (cd /home/travis/build/icyphy/ptII/doc/test/../../doc; rm codeDoc/ptolemy/actor/lib/Ramp.xml codeDoc/ptolemy/actor/lib/RampIdx.xml; make docs)} {
Failed to find javadoc for ptolemy.actor.lib.Commutator} {
Failed to find source for ptolemy.actor.lib.Commutator} {
Failed to find ptdoc for ptolemy.actor.lib.Distributor.  Try doing (cd /home/travis/build/icyphy/ptII/doc/test/../../doc; rm codeDoc/ptolemy/actor/lib/Ramp.xml codeDoc/ptolemy/actor/lib/RampIdx.xml; make docs)} {
Failed to find javadoc for ptolemy.actor.lib.Distributor} {
Failed to find source for ptolemy.actor.lib.Distributor} {
Failed to find ptdoc for ptolemy.actor.lib.Multiplexor.  Try doing (cd /home/travis/build/icyphy/ptII/doc/test/../../doc; rm codeDoc/ptolemy/actor/lib/Ramp.xml codeDoc/ptolemy/actor/lib/RampIdx.xml; make docs)} {
Failed to find javadoc for ptolemy.actor.lib.Multiplexor} {
Failed to find source for ptolemy.actor.lib.Multiplexor} {
Failed to find ptdoc for ptolemy.actor.lib.OrderedRecordAssembler.  Try doing (cd /home/travis/build/icyphy/ptII/doc/test/../../doc; rm codeDoc/ptolemy/actor/lib/Ramp.xml codeDoc/ptolemy/actor/lib/RampIdx.xml; make docs)} {
Failed to find javadoc for ptolemy.actor.lib.OrderedRecordAssembler} {
Failed to find source for ptolemy.actor.lib.OrderedRecordAssembler} {
Failed to find ptdoc for ptolemy.actor.lib.RecordAssembler.  Try doing (cd /home/travis/build/icyphy/ptII/doc/test/../../doc; rm codeDoc/ptolemy/actor/lib/Ramp.xml codeDoc/ptolemy/actor/lib/RampIdx.xml; make docs)} {
Failed to find javadoc for ptolemy.actor.lib.RecordAssembler} {
Failed to find source for ptolemy.actor.lib.RecordAssembler} {
Failed to find ptdoc for ptolemy.actor.lib.RecordDisassembler.  Try doing (cd /home/travis/build/icyphy/ptII/doc/test/../../doc; rm codeDoc/ptolemy/actor/lib/Ramp.xml codeDoc/ptolemy/actor/lib/RampIdx.xml; make docs)} {
Failed to find javadoc for ptolemy.actor.lib.RecordDisassembler} {
Failed to find source for ptolemy.actor.lib.RecordDisassembler} {
Failed to find ptdoc for ptolemy.actor.lib.RecordUpdater.  Try doing (cd /home/travis/build/icyphy/ptII/doc/test/../../doc; rm codeDoc/ptolemy/actor/lib/Ramp.xml codeDoc/ptolemy/actor/lib/RampIdx.xml; make docs)} {
Failed to find javadoc for ptolemy.actor.lib.RecordUpdater} {
Failed to find source for ptolemy.actor.lib.RecordUpdater} {
Failed to find ptdoc for ptolemy.actor.lib.Sampler.  Try doing (cd /home/travis/build/icyphy/ptII/doc/test/../../doc; rm codeDoc/ptolemy/actor/lib/Ramp.xml codeDoc/ptolemy/actor/lib/RampIdx.xml; make docs)} {
Failed to find javadoc for ptolemy.actor.lib.Sampler} {
Failed to find source for ptolemy.actor.lib.Sampler} {
Failed to find ptdoc for ptolemy.actor.lib.Select.  Try doing (cd /home/travis/build/icyphy/ptII/doc/test/../../doc; rm codeDoc/ptolemy/actor/lib/Ramp.xml codeDoc/ptolemy/actor/lib/RampIdx.xml; make docs)} {
Failed to find javadoc for ptolemy.actor.lib.Select} {
Failed to find source for ptolemy.actor.lib.Select} {
Failed to find ptdoc for ptolemy.actor.lib.SingleTokenCommutator.  Try doing (cd /home/travis/build/icyphy/ptII/doc/test/../../doc; rm codeDoc/ptolemy/actor/lib/Ramp.xml codeDoc/ptolemy/actor/lib/RampIdx.xml; make docs)} {
Failed to find javadoc for ptolemy.actor.lib.SingleTokenCommutator} {
Failed to find source for ptolemy.actor.lib.SingleTokenCommutator} {
Failed to find ptdoc for ptolemy.actor.lib.Switch.  Try doing (cd /home/travis/build/icyphy/ptII/doc/test/../../doc; rm codeDoc/ptolemy/actor/lib/Ramp.xml codeDoc/ptolemy/actor/lib/RampIdx.xml; make docs)} {
Failed to find javadoc for ptolemy.actor.lib.Switch} {
Failed to find source for ptolemy.actor.lib.Switch} {
Failed to find ptdoc for ptolemy.actor.lib.Synchronizer.  Try doing (cd /home/travis/build/icyphy/ptII/doc/test/../../doc; rm codeDoc/ptolemy/actor/lib/Ramp.xml codeDoc/ptolemy/actor/lib/RampIdx.xml; make docs)} {
Failed to find javadoc for ptolemy.actor.lib.Synchronizer} {
Failed to find source for ptolemy.actor.lib.Synchronizer} {
Failed to find ptdoc for ptolemy.actor.lib.UnionDisassembler.  Try doing (cd /home/travis/build/icyphy/ptII/doc/test/../../doc; rm codeDoc/ptolemy/actor/lib/Ramp.xml codeDoc/ptolemy/actor/lib/RampIdx.xml; make docs)} {
Failed to find javadoc for ptolemy.actor.lib.UnionDisassembler} {
Failed to find source for ptolemy.actor.lib.UnionDisassembler} {
Failed to find ptdoc for ptolemy.actor.lib.UnionMerge.  Try doing (cd /home/travis/build/icyphy/ptII/doc/test/../../doc; rm codeDoc/ptolemy/actor/lib/Ramp.xml codeDoc/ptolemy/actor/lib/RampIdx.xml; make docs)} {
Failed to find javadoc for ptolemy.actor.lib.UnionMerge} {
Failed to find source for ptolemy.actor.lib.UnionMerge} {
Failed to find ptdoc for ptolemy.actor.lib.VectorAssembler.  Try doing (cd /home/travis/build/icyphy/ptII/doc/test/../../doc; rm codeDoc/ptolemy/actor/lib/Ramp.xml codeDoc/ptolemy/actor/lib/RampIdx.xml; make docs)} {
Failed to find javadoc for ptolemy.actor.lib.VectorAssembler} {
Failed to find source for ptolemy.actor.lib.VectorAssembler} {
Failed to find ptdoc for ptolemy.actor.lib.VectorDisassembler.  Try doing (cd /home/travis/build/icyphy/ptII/doc/test/../../doc; rm codeDoc/ptolemy/actor/lib/Ramp.xml codeDoc/ptolemy/actor/lib/RampIdx.xml; make docs)} {
Failed to find javadoc for ptolemy.actor.lib.VectorDisassembler} {
Failed to find source for ptolemy.actor.lib.VectorDisassembler} {
Failed to find ptdoc for ptolemy.actor.lib.BooleanMultiplexor.  Try doing (cd /home/travis/build/icyphy/ptII/doc/test/../../doc; rm codeDoc/ptolemy/actor/lib/Ramp.xml codeDoc/ptolemy/actor/lib/RampIdx.xml; make docs)} {
Failed to find javadoc for ptolemy.actor.lib.BooleanMultiplexor} {
Failed to find source for ptolemy.actor.lib.BooleanMultiplexor} {
Failed to find ptdoc for ptolemy.actor.lib.BooleanSelect.  Try doing (cd /home/travis/build/icyphy/ptII/doc/test/../../doc; rm codeDoc/ptolemy/actor/lib/Ramp.xml codeDoc/ptolemy/actor/lib/RampIdx.xml; make docs)} {
Failed to find javadoc for ptolemy.actor.lib.BooleanSelect} {
Failed to find source for ptolemy.actor.lib.BooleanSelect} {
Failed to find ptdoc for ptolemy.actor.lib.BooleanSwitch.  Try doing (cd /home/travis/build/icyphy/ptII/doc/test/../../doc; rm codeDoc/ptolemy/actor/lib/Ramp.xml codeDoc/ptolemy/actor/lib/RampIdx.xml; make docs)} {
Failed to find javadoc for ptolemy.actor.lib.BooleanSwitch} {
Failed to find source for ptolemy.actor.lib.BooleanSwitch} {
Failed to find ptdoc for ptolemy.actor.lib.ConfigurationSelect.  Try doing (cd /home/travis/build/icyphy/ptII/doc/test/../../doc; rm codeDoc/ptolemy/actor/lib/Ramp.xml codeDoc/ptolemy/actor/lib/RampIdx.xml; make docs)} {
Failed to find javadoc for ptolemy.actor.lib.ConfigurationSelect} {
Failed to find source for ptolemy.actor.lib.ConfigurationSelect} {
Failed to find ptdoc for ptolemy.actor.lib.ConfigurationSwitch.  Try doing (cd /home/travis/build/icyphy/ptII/doc/test/../../doc; rm codeDoc/ptolemy/actor/lib/Ramp.xml codeDoc/ptolemy/actor/lib/RampIdx.xml; make docs)} {
Failed to find javadoc for ptolemy.actor.lib.ConfigurationSwitch} {
Failed to find source for ptolemy.actor.lib.ConfigurationSwitch} {
Failed to find ptdoc for ptolemy.domains.sdf.lib.CountTrues.  Try doing (cd /home/travis/build/icyphy/ptII/doc/test/../../doc; rm codeDoc/ptolemy/actor/lib/Ramp.xml codeDoc/ptolemy/actor/lib/RampIdx.xml; make docs)} {
Failed to find javadoc for ptolemy.domains.sdf.lib.CountTrues} {
Failed to find source for ptolemy.domains.sdf.lib.CountTrues} {
Failed to find ptdoc for ptolemy.domains.sdf.lib.Chop.  Try doing (cd /home/travis/build/icyphy/ptII/doc/test/../../doc; rm codeDoc/ptolemy/actor/lib/Ramp.xml codeDoc/ptolemy/actor/lib/RampIdx.xml; make docs)} {
Failed to find javadoc for ptolemy.domains.sdf.lib.Chop} {
Failed to find source for ptolemy.domains.sdf.lib.Chop} {
Failed to find ptdoc for ptolemy.actor.lib.Default.  Try doing (cd /home/travis/build/icyphy/ptII/doc/test/../../doc; rm codeDoc/ptolemy/actor/lib/Ramp.xml codeDoc/ptolemy/actor/lib/RampIdx.xml; make docs)} {
Failed to find javadoc for ptolemy.actor.lib.Default} {
Failed to find source for ptolemy.actor.lib.Default} {
Failed to find ptdoc for ptolemy.domains.sdf.lib.Repeat.  Try doing (cd /home/travis/build/icyphy/ptII/doc/test/../../doc; rm codeDoc/ptolemy/actor/lib/Ramp.xml codeDoc/ptolemy/actor/lib/RampIdx.xml; make docs)} {
Failed to find javadoc for ptolemy.domains.sdf.lib.Repeat} {
Failed to find source for ptolemy.domains.sdf.lib.Repeat} {
Failed to find ptdoc for ptolemy.domains.sdf.lib.SampleDelay.  Try doing (cd /home/travis/build/icyphy/ptII/doc/test/../../doc; rm codeDoc/ptolemy/actor/lib/Ramp.xml codeDoc/ptolemy/actor/lib/RampIdx.xml; make docs)} {
Failed to find javadoc for ptolemy.domains.sdf.lib.SampleDelay} {
Failed to find source for ptolemy.domains.sdf.lib.SampleDelay} {
Failed to find ptdoc for ptolemy.actor.lib.Sequencer.  Try doing (cd /home/travis/build/icyphy/ptII/doc/test/../../doc; rm codeDoc/ptolemy/actor/lib/Ramp.xml codeDoc/ptolemy/actor/lib/RampIdx.xml; make docs)} {
Failed to find javadoc for ptolemy.actor.lib.Sequencer} {
Failed to find source for ptolemy.actor.lib.Sequencer} {
Failed to find ptdoc for ptolemy.actor.lib.Exit.  Try doing (cd /home/travis/build/icyphy/ptII/doc/test/../../doc; rm codeDoc/ptolemy/actor/lib/Ramp.xml codeDoc/ptolemy/actor/lib/RampIdx.xml; make docs)} {
Failed to find javadoc for ptolemy.actor.lib.Exit} {
Failed to find source for ptolemy.actor.lib.Exit} {
Failed to find ptdoc for ptolemy.actor.lib.Stop.  Try doing (cd /home/travis/build/icyphy/ptII/doc/test/../../doc; rm codeDoc/ptolemy/actor/lib/Ramp.xml codeDoc/ptolemy/actor/lib/RampIdx.xml; make docs)} {
Failed to find javadoc for ptolemy.actor.lib.Stop} {
Failed to find source for ptolemy.actor.lib.Stop} {
Failed to find ptdoc for ptolemy.actor.lib.Pause.  Try doing (cd /home/travis/build/icyphy/ptII/doc/test/../../doc; rm codeDoc/ptolemy/actor/lib/Ramp.xml codeDoc/ptolemy/actor/lib/RampIdx.xml; make docs)} {
Failed to find javadoc for ptolemy.actor.lib.Pause} {
Failed to find source for ptolemy.actor.lib.Pause} {
Failed to find ptdoc for ptolemy.actor.lib.ThrowException.  Try doing (cd /home/travis/build/icyphy/ptII/doc/test/../../doc; rm codeDoc/ptolemy/actor/lib/Ramp.xml codeDoc/ptolemy/actor/lib/RampIdx.xml; make docs)} {
Failed to find javadoc for ptolemy.actor.lib.ThrowException} {
Failed to find source for ptolemy.actor.lib.ThrowException} {
Failed to find ptdoc for ptolemy.actor.lib.ThrowModelError.  Try doing (cd /home/travis/build/icyphy/ptII/doc/test/../../doc; rm codeDoc/ptolemy/actor/lib/Ramp.xml codeDoc/ptolemy/actor/lib/RampIdx.xml; make docs)} {
Failed to find javadoc for ptolemy.actor.lib.ThrowModelError} {
Failed to find source for ptolemy.actor.lib.ThrowModelError} {
Failed to find ptdoc for ptolemy.actor.lib.Dictionary.  Try doing (cd /home/travis/build/icyphy/ptII/doc/test/../../doc; rm codeDoc/ptolemy/actor/lib/Ramp.xml codeDoc/ptolemy/actor/lib/RampIdx.xml; make docs)} {
Failed to find javadoc for ptolemy.actor.lib.Dictionary} {
Failed to find source for ptolemy.actor.lib.Dictionary} {
Failed to find ptdoc for ptolemy.actor.lib.gui.ArrowKeySensor.  Try doing (cd /home/travis/build/icyphy/ptII/doc/test/../../doc; rm codeDoc/ptolemy/actor/lib/Ramp.xml codeDoc/ptolemy/actor/lib/RampIdx.xml; make docs)} {
Failed to find javadoc for ptolemy.actor.lib.gui.ArrowKeySensor} {
Failed to find source for ptolemy.actor.lib.gui.ArrowKeySensor} {
Failed to find ptdoc for ptolemy.actor.lib.io.CSVReader.  Try doing (cd /home/travis/build/icyphy/ptII/doc/test/../../doc; rm codeDoc/ptolemy/actor/lib/Ramp.xml codeDoc/ptolemy/actor/lib/RampIdx.xml; make docs)} {
Failed to find javadoc for ptolemy.actor.lib.io.CSVReader} {
Failed to find source for ptolemy.actor.lib.io.CSVReader} {
Failed to find ptdoc for ptolemy.actor.lib.io.CSVWriter.  Try doing (cd /home/travis/build/icyphy/ptII/doc/test/../../doc; rm codeDoc/ptolemy/actor/lib/Ramp.xml codeDoc/ptolemy/actor/lib/RampIdx.xml; make docs)} {
Failed to find javadoc for ptolemy.actor.lib.io.CSVWriter} {
Failed to find source for ptolemy.actor.lib.io.CSVWriter} {
Failed to find ptdoc for ptolemy.actor.lib.net.DatagramReader.  Try doing (cd /home/travis/build/icyphy/ptII/doc/test/../../doc; rm codeDoc/ptolemy/actor/lib/Ramp.xml codeDoc/ptolemy/actor/lib/RampIdx.xml; make docs)} {
Failed to find javadoc for ptolemy.actor.lib.net.DatagramReader} {
Failed to find source for ptolemy.actor.lib.net.DatagramReader} {
Failed to find ptdoc for ptolemy.actor.lib.net.DatagramWriter.  Try doing (cd /home/travis/build/icyphy/ptII/doc/test/../../doc; rm codeDoc/ptolemy/actor/lib/Ramp.xml codeDoc/ptolemy/actor/lib/RampIdx.xml; make docs)} {
Failed to find javadoc for ptolemy.actor.lib.net.DatagramWriter} {
Failed to find source for ptolemy.actor.lib.net.DatagramWriter} {
Failed to find ptdoc for ptolemy.actor.lib.io.DirectoryListing.  Try doing (cd /home/travis/build/icyphy/ptII/doc/test/../../doc; rm codeDoc/ptolemy/actor/lib/Ramp.xml codeDoc/ptolemy/actor/lib/RampIdx.xml; make docs)} {
Failed to find javadoc for ptolemy.actor.lib.io.DirectoryListing} {
Failed to find source for ptolemy.actor.lib.io.DirectoryListing} {
Failed to find ptdoc for ptolemy.actor.lib.io.FileReader.  Try doing (cd /home/travis/build/icyphy/ptII/doc/test/../../doc; rm codeDoc/ptolemy/actor/lib/Ramp.xml codeDoc/ptolemy/actor/lib/RampIdx.xml; make docs)} {
Failed to find javadoc for ptolemy.actor.lib.io.FileReader} {
Failed to find source for ptolemy.actor.lib.io.FileReader} {
Failed to find ptdoc for ptolemy.actor.lib.net.IPAddress.  Try doing (cd /home/travis/build/icyphy/ptII/doc/test/../../doc; rm codeDoc/ptolemy/actor/lib/Ramp.xml codeDoc/ptolemy/actor/lib/RampIdx.xml; make docs)} {
Failed to find javadoc for ptolemy.actor.lib.net.IPAddress} {
Failed to find source for ptolemy.actor.lib.net.IPAddress} {
Failed to find ptdoc for ptolemy.actor.lib.FileWriter.  Try doing (cd /home/travis/build/icyphy/ptII/doc/test/../../doc; rm codeDoc/ptolemy/actor/lib/Ramp.xml codeDoc/ptolemy/actor/lib/RampIdx.xml; make docs)} {
Failed to find javadoc for ptolemy.actor.lib.FileWriter} {
Failed to find source for ptolemy.actor.lib.FileWriter} {
Failed to find ptdoc for ptolemy.actor.lib.io.LineReader.  Try doing (cd /home/travis/build/icyphy/ptII/doc/test/../../doc; rm codeDoc/ptolemy/actor/lib/Ramp.xml codeDoc/ptolemy/actor/lib/RampIdx.xml; make docs)} {
Failed to find javadoc for ptolemy.actor.lib.io.LineReader} {
Failed to find source for ptolemy.actor.lib.io.LineReader} {
Failed to find ptdoc for ptolemy.actor.lib.io.LineWriter.  Try doing (cd /home/travis/build/icyphy/ptII/doc/test/../../doc; rm codeDoc/ptolemy/actor/lib/Ramp.xml codeDoc/ptolemy/actor/lib/RampIdx.xml; make docs)} {
Failed to find javadoc for ptolemy.actor.lib.io.LineWriter} {
Failed to find source for ptolemy.actor.lib.io.LineWriter} {
Failed to find ptdoc for ptolemy.actor.lib.logic.Comparator.  Try doing (cd /home/travis/build/icyphy/ptII/doc/test/../../doc; rm codeDoc/ptolemy/actor/lib/Ramp.xml codeDoc/ptolemy/actor/lib/RampIdx.xml; make docs)} {
Failed to find javadoc for ptolemy.actor.lib.logic.Comparator} {
Failed to find source for ptolemy.actor.lib.logic.Comparator} {
Failed to find ptdoc for ptolemy.actor.lib.logic.Equals.  Try doing (cd /home/travis/build/icyphy/ptII/doc/test/../../doc; rm codeDoc/ptolemy/actor/lib/Ramp.xml codeDoc/ptolemy/actor/lib/RampIdx.xml; make docs)} {
Failed to find javadoc for ptolemy.actor.lib.logic.Equals} {
Failed to find source for ptolemy.actor.lib.logic.Equals} {
Failed to find ptdoc for ptolemy.actor.lib.logic.IsPresent.  Try doing (cd /home/travis/build/icyphy/ptII/doc/test/../../doc; rm codeDoc/ptolemy/actor/lib/Ramp.xml codeDoc/ptolemy/actor/lib/RampIdx.xml; make docs)} {
Failed to find javadoc for ptolemy.actor.lib.logic.IsPresent} {
Failed to find source for ptolemy.actor.lib.logic.IsPresent} {
Failed to find ptdoc for ptolemy.actor.lib.logic.LogicalNot.  Try doing (cd /home/travis/build/icyphy/ptII/doc/test/../../doc; rm codeDoc/ptolemy/actor/lib/Ramp.xml codeDoc/ptolemy/actor/lib/RampIdx.xml; make docs)} {
Failed to find javadoc for ptolemy.actor.lib.logic.LogicalNot} {
Failed to find source for ptolemy.actor.lib.logic.LogicalNot} {
Failed to find ptdoc for ptolemy.actor.lib.logic.LogicGate.  Try doing (cd /home/travis/build/icyphy/ptII/doc/test/../../doc; rm codeDoc/ptolemy/actor/lib/Ramp.xml codeDoc/ptolemy/actor/lib/RampIdx.xml; make docs)} {
Failed to find javadoc for ptolemy.actor.lib.logic.LogicGate} {
Failed to find source for ptolemy.actor.lib.logic.LogicGate} {
Failed to find ptdoc for ptolemy.actor.lib.logic.TrueGate.  Try doing (cd /home/travis/build/icyphy/ptII/doc/test/../../doc; rm codeDoc/ptolemy/actor/lib/Ramp.xml codeDoc/ptolemy/actor/lib/RampIdx.xml; make docs)} {
Failed to find javadoc for ptolemy.actor.lib.logic.TrueGate} {
Failed to find source for ptolemy.actor.lib.logic.TrueGate} {
Failed to find ptdoc for ptolemy.actor.lib.AbsoluteValue.  Try doing (cd /home/travis/build/icyphy/ptII/doc/test/../../doc; rm codeDoc/ptolemy/actor/lib/Ramp.xml codeDoc/ptolemy/actor/lib/RampIdx.xml; make docs)} {
Failed to find javadoc for ptolemy.actor.lib.AbsoluteValue} {
Failed to find source for ptolemy.actor.lib.AbsoluteValue} {
Failed to find ptdoc for ptolemy.actor.lib.AddSubtract.  Try doing (cd /home/travis/build/icyphy/ptII/doc/test/../../doc; rm codeDoc/ptolemy/actor/lib/Ramp.xml codeDoc/ptolemy/actor/lib/RampIdx.xml; make docs)} {
Failed to find javadoc for ptolemy.actor.lib.AddSubtract} {
Failed to find source for ptolemy.actor.lib.AddSubtract} {
Failed to find ptdoc for ptolemy.actor.lib.Accumulator.  Try doing (cd /home/travis/build/icyphy/ptII/doc/test/../../doc; rm codeDoc/ptolemy/actor/lib/Ramp.xml codeDoc/ptolemy/actor/lib/RampIdx.xml; make docs)} {
Failed to find javadoc for ptolemy.actor.lib.Accumulator} {
Failed to find source for ptolemy.actor.lib.Accumulator} {
Failed to find ptdoc for ptolemy.actor.lib.Average.  Try doing (cd /home/travis/build/icyphy/ptII/doc/test/../../doc; rm codeDoc/ptolemy/actor/lib/Ramp.xml codeDoc/ptolemy/actor/lib/RampIdx.xml; make docs)} {
Failed to find javadoc for ptolemy.actor.lib.Average} {
Failed to find source for ptolemy.actor.lib.Average} {
Failed to find ptdoc for ptolemy.actor.lib.Counter.  Try doing (cd /home/travis/build/icyphy/ptII/doc/test/../../doc; rm codeDoc/ptolemy/actor/lib/Ramp.xml codeDoc/ptolemy/actor/lib/RampIdx.xml; make docs)} {
Failed to find javadoc for ptolemy.actor.lib.Counter} {
Failed to find source for ptolemy.actor.lib.Counter} {
Failed to find ptdoc for ptolemy.actor.lib.Differential.  Try doing (cd /home/travis/build/icyphy/ptII/doc/test/../../doc; rm codeDoc/ptolemy/actor/lib/Ramp.xml codeDoc/ptolemy/actor/lib/RampIdx.xml; make docs)} {
Failed to find javadoc for ptolemy.actor.lib.Differential} {
Failed to find source for ptolemy.actor.lib.Differential} {
Failed to find ptdoc for ptolemy.domains.sdf.lib.DotProduct.  Try doing (cd /home/travis/build/icyphy/ptII/doc/test/../../doc; rm codeDoc/ptolemy/actor/lib/Ramp.xml codeDoc/ptolemy/actor/lib/RampIdx.xml; make docs)} {
Failed to find javadoc for ptolemy.domains.sdf.lib.DotProduct} {
Failed to find source for ptolemy.domains.sdf.lib.DotProduct} {
Failed to find ptdoc for ptolemy.actor.lib.Expression.  Try doing (cd /home/travis/build/icyphy/ptII/doc/test/../../doc; rm codeDoc/ptolemy/actor/lib/Ramp.xml codeDoc/ptolemy/actor/lib/RampIdx.xml; make docs)} {
Failed to find javadoc for ptolemy.actor.lib.Expression} {
Failed to find source for ptolemy.actor.lib.Expression} {
Failed to find ptdoc for ptolemy.actor.lib.Limiter.  Try doing (cd /home/travis/build/icyphy/ptII/doc/test/../../doc; rm codeDoc/ptolemy/actor/lib/Ramp.xml codeDoc/ptolemy/actor/lib/RampIdx.xml; make docs)} {
Failed to find javadoc for ptolemy.actor.lib.Limiter} {
Failed to find source for ptolemy.actor.lib.Limiter} {
Failed to find ptdoc for ptolemy.actor.lib.LookupTable.  Try doing (cd /home/travis/build/icyphy/ptII/doc/test/../../doc; rm codeDoc/ptolemy/actor/lib/Ramp.xml codeDoc/ptolemy/actor/lib/RampIdx.xml; make docs)} {
Failed to find javadoc for ptolemy.actor.lib.LookupTable} {
Failed to find source for ptolemy.actor.lib.LookupTable} {
Failed to find ptdoc for ptolemy.actor.lib.Maximum.  Try doing (cd /home/travis/build/icyphy/ptII/doc/test/../../doc; rm codeDoc/ptolemy/actor/lib/Ramp.xml codeDoc/ptolemy/actor/lib/RampIdx.xml; make docs)} {
Failed to find javadoc for ptolemy.actor.lib.Maximum} {
Failed to find source for ptolemy.actor.lib.Maximum} {
Failed to find ptdoc for ptolemy.actor.lib.Minimum.  Try doing (cd /home/travis/build/icyphy/ptII/doc/test/../../doc; rm codeDoc/ptolemy/actor/lib/Ramp.xml codeDoc/ptolemy/actor/lib/RampIdx.xml; make docs)} {
Failed to find javadoc for ptolemy.actor.lib.Minimum} {
Failed to find source for ptolemy.actor.lib.Minimum} {
Failed to find ptdoc for ptolemy.actor.lib.MovingAverage.  Try doing (cd /home/travis/build/icyphy/ptII/doc/test/../../doc; rm codeDoc/ptolemy/actor/lib/Ramp.xml codeDoc/ptolemy/actor/lib/RampIdx.xml; make docs)} {
Failed to find javadoc for ptolemy.actor.lib.MovingAverage} {
Failed to find source for ptolemy.actor.lib.MovingAverage} {
Failed to find ptdoc for ptolemy.actor.lib.MultiplyDivide.  Try doing (cd /home/travis/build/icyphy/ptII/doc/test/../../doc; rm codeDoc/ptolemy/actor/lib/Ramp.xml codeDoc/ptolemy/actor/lib/RampIdx.xml; make docs)} {
Failed to find javadoc for ptolemy.actor.lib.MultiplyDivide} {
Failed to find source for ptolemy.actor.lib.MultiplyDivide} {
Failed to find ptdoc for ptolemy.actor.lib.Quantizer.  Try doing (cd /home/travis/build/icyphy/ptII/doc/test/../../doc; rm codeDoc/ptolemy/actor/lib/Ramp.xml codeDoc/ptolemy/actor/lib/RampIdx.xml; make docs)} {
Failed to find javadoc for ptolemy.actor.lib.Quantizer} {
Failed to find source for ptolemy.actor.lib.Quantizer} {
Failed to find ptdoc for ptolemy.actor.lib.Remainder.  Try doing (cd /home/travis/build/icyphy/ptII/doc/test/../../doc; rm codeDoc/ptolemy/actor/lib/Ramp.xml codeDoc/ptolemy/actor/lib/RampIdx.xml; make docs)} {
Failed to find javadoc for ptolemy.actor.lib.Remainder} {
Failed to find source for ptolemy.actor.lib.Remainder} {
Failed to find ptdoc for ptolemy.actor.lib.RunningMaximum.  Try doing (cd /home/travis/build/icyphy/ptII/doc/test/../../doc; rm codeDoc/ptolemy/actor/lib/Ramp.xml codeDoc/ptolemy/actor/lib/RampIdx.xml; make docs)} {
Failed to find javadoc for ptolemy.actor.lib.RunningMaximum} {
Failed to find source for ptolemy.actor.lib.RunningMaximum} {
Failed to find ptdoc for ptolemy.actor.lib.RunningMinimum.  Try doing (cd /home/travis/build/icyphy/ptII/doc/test/../../doc; rm codeDoc/ptolemy/actor/lib/Ramp.xml codeDoc/ptolemy/actor/lib/RampIdx.xml; make docs)} {
Failed to find javadoc for ptolemy.actor.lib.RunningMinimum} {
Failed to find source for ptolemy.actor.lib.RunningMinimum} {
Failed to find ptdoc for ptolemy.actor.lib.Scale.  Try doing (cd /home/travis/build/icyphy/ptII/doc/test/../../doc; rm codeDoc/ptolemy/actor/lib/Ramp.xml codeDoc/ptolemy/actor/lib/RampIdx.xml; make docs)} {
Failed to find javadoc for ptolemy.actor.lib.Scale} {
Failed to find source for ptolemy.actor.lib.Scale} {
Failed to find ptdoc for ptolemy.actor.lib.TrigFunction.  Try doing (cd /home/travis/build/icyphy/ptII/doc/test/../../doc; rm codeDoc/ptolemy/actor/lib/Ramp.xml codeDoc/ptolemy/actor/lib/RampIdx.xml; make docs)} {
Failed to find javadoc for ptolemy.actor.lib.TrigFunction} {
Failed to find source for ptolemy.actor.lib.TrigFunction} {
Failed to find ptdoc for ptolemy.actor.lib.UnaryMathFunction.  Try doing (cd /home/travis/build/icyphy/ptII/doc/test/../../doc; rm codeDoc/ptolemy/actor/lib/Ramp.xml codeDoc/ptolemy/actor/lib/RampIdx.xml; make docs)} {
Failed to find javadoc for ptolemy.actor.lib.UnaryMathFunction} {
Failed to find source for ptolemy.actor.lib.UnaryMathFunction} {
Failed to find ptdoc for ptolemy.actor.lib.ArrayToMatrix.  Try doing (cd /home/travis/build/icyphy/ptII/doc/test/../../doc; rm codeDoc/ptolemy/actor/lib/Ramp.xml codeDoc/ptolemy/actor/lib/RampIdx.xml; make docs)} {
Failed to find javadoc for ptolemy.actor.lib.ArrayToMatrix} {
Failed to find source for ptolemy.actor.lib.ArrayToMatrix} {
Failed to find ptdoc for ptolemy.domains.sdf.lib.MatrixJoin.  Try doing (cd /home/travis/build/icyphy/ptII/doc/test/../../doc; rm codeDoc/ptolemy/actor/lib/Ramp.xml codeDoc/ptolemy/actor/lib/RampIdx.xml; make docs)} {
Failed to find javadoc for ptolemy.domains.sdf.lib.MatrixJoin} {
Failed to find source for ptolemy.domains.sdf.lib.MatrixJoin} {
Failed to find ptdoc for ptolemy.domains.sdf.lib.MatrixSplit.  Try doing (cd /home/travis/build/icyphy/ptII/doc/test/../../doc; rm codeDoc/ptolemy/actor/lib/Ramp.xml codeDoc/ptolemy/actor/lib/RampIdx.xml; make docs)} {
Failed to find javadoc for ptolemy.domains.sdf.lib.MatrixSplit} {
Failed to find source for ptolemy.domains.sdf.lib.MatrixSplit} {
Failed to find ptdoc for ptolemy.actor.lib.MatrixToArray.  Try doing (cd /home/travis/build/icyphy/ptII/doc/test/../../doc; rm codeDoc/ptolemy/actor/lib/Ramp.xml codeDoc/ptolemy/actor/lib/RampIdx.xml; make docs)} {
Failed to find javadoc for ptolemy.actor.lib.MatrixToArray} {
Failed to find source for ptolemy.actor.lib.MatrixToArray} {
Failed to find ptdoc for ptolemy.domains.sdf.lib.MatrixToSequence.  Try doing (cd /home/travis/build/icyphy/ptII/doc/test/../../doc; rm codeDoc/ptolemy/actor/lib/Ramp.xml codeDoc/ptolemy/actor/lib/RampIdx.xml; make docs)} {
Failed to find javadoc for ptolemy.domains.sdf.lib.MatrixToSequence} {
Failed to find source for ptolemy.domains.sdf.lib.MatrixToSequence} {
Failed to find ptdoc for ptolemy.actor.lib.gui.MatrixViewer.  Try doing (cd /home/travis/build/icyphy/ptII/doc/test/../../doc; rm codeDoc/ptolemy/actor/lib/Ramp.xml codeDoc/ptolemy/actor/lib/RampIdx.xml; make docs)} {
Failed to find javadoc for ptolemy.actor.lib.gui.MatrixViewer} {
Failed to find source for ptolemy.actor.lib.gui.MatrixViewer} {
Failed to find ptdoc for ptolemy.domains.sdf.lib.SequenceToMatrix.  Try doing (cd /home/travis/build/icyphy/ptII/doc/test/../../doc; rm codeDoc/ptolemy/actor/lib/Ramp.xml codeDoc/ptolemy/actor/lib/RampIdx.xml; make docs)} {
Failed to find javadoc for ptolemy.domains.sdf.lib.SequenceToMatrix} {
Failed to find source for ptolemy.domains.sdf.lib.SequenceToMatrix} {
Failed to find ptdoc for ptolemy.actor.lib.SubMatrix.  Try doing (cd /home/travis/build/icyphy/ptII/doc/test/../../doc; rm codeDoc/ptolemy/actor/lib/Ramp.xml codeDoc/ptolemy/actor/lib/RampIdx.xml; make docs)} {
Failed to find javadoc for ptolemy.actor.lib.SubMatrix} {
Failed to find source for ptolemy.actor.lib.SubMatrix} {
Failed to find ptdoc for ptolemy.actor.lib.Bernoulli.  Try doing (cd /home/travis/build/icyphy/ptII/doc/test/../../doc; rm codeDoc/ptolemy/actor/lib/Ramp.xml codeDoc/ptolemy/actor/lib/RampIdx.xml; make docs)} {
Failed to find javadoc for ptolemy.actor.lib.Bernoulli} {
Failed to find source for ptolemy.actor.lib.Bernoulli} {
Failed to find ptdoc for ptolemy.actor.lib.DiscreteRandomSource.  Try doing (cd /home/travis/build/icyphy/ptII/doc/test/../../doc; rm codeDoc/ptolemy/actor/lib/Ramp.xml codeDoc/ptolemy/actor/lib/RampIdx.xml; make docs)} {
Failed to find javadoc for ptolemy.actor.lib.DiscreteRandomSource} {
Failed to find source for ptolemy.actor.lib.DiscreteRandomSource} {
Failed to find ptdoc for ptolemy.actor.lib.Gaussian.  Try doing (cd /home/travis/build/icyphy/ptII/doc/test/../../doc; rm codeDoc/ptolemy/actor/lib/Ramp.xml codeDoc/ptolemy/actor/lib/RampIdx.xml; make docs)} {
Failed to find javadoc for ptolemy.actor.lib.Gaussian} {
Failed to find source for ptolemy.actor.lib.Gaussian} {
Failed to find ptdoc for ptolemy.actor.lib.RandomInteger.  Try doing (cd /home/travis/build/icyphy/ptII/doc/test/../../doc; rm codeDoc/ptolemy/actor/lib/Ramp.xml codeDoc/ptolemy/actor/lib/RampIdx.xml; make docs)} {
Failed to find javadoc for ptolemy.actor.lib.RandomInteger} {
Failed to find source for ptolemy.actor.lib.RandomInteger} {
Failed to find ptdoc for ptolemy.actor.lib.Rician.  Try doing (cd /home/travis/build/icyphy/ptII/doc/test/../../doc; rm codeDoc/ptolemy/actor/lib/Ramp.xml codeDoc/ptolemy/actor/lib/RampIdx.xml; make docs)} {
Failed to find javadoc for ptolemy.actor.lib.Rician} {
Failed to find source for ptolemy.actor.lib.Rician} {
Failed to find ptdoc for ptolemy.actor.lib.Triangular.  Try doing (cd /home/travis/build/icyphy/ptII/doc/test/../../doc; rm codeDoc/ptolemy/actor/lib/Ramp.xml codeDoc/ptolemy/actor/lib/RampIdx.xml; make docs)} {
Failed to find javadoc for ptolemy.actor.lib.Triangular} {
Failed to find source for ptolemy.actor.lib.Triangular} {
Failed to find ptdoc for ptolemy.actor.lib.Uniform.  Try doing (cd /home/travis/build/icyphy/ptII/doc/test/../../doc; rm codeDoc/ptolemy/actor/lib/Ramp.xml codeDoc/ptolemy/actor/lib/RampIdx.xml; make docs)} {
Failed to find javadoc for ptolemy.actor.lib.Uniform} {
Failed to find source for ptolemy.actor.lib.Uniform} {
Failed to find ptdoc for ptolemy.actor.lib.colt.ColtBeta.  Try doing (cd /home/travis/build/icyphy/ptII/doc/test/../../doc; rm codeDoc/ptolemy/actor/lib/Ramp.xml codeDoc/ptolemy/actor/lib/RampIdx.xml; make docs)} {
Failed to find javadoc for ptolemy.actor.lib.colt.ColtBeta} {
Failed to find source for ptolemy.actor.lib.colt.ColtBeta} {
Failed to find ptdoc for ptolemy.actor.lib.colt.ColtBinomial.  Try doing (cd /home/travis/build/icyphy/ptII/doc/test/../../doc; rm codeDoc/ptolemy/actor/lib/Ramp.xml codeDoc/ptolemy/actor/lib/RampIdx.xml; make docs)} {
Failed to find javadoc for ptolemy.actor.lib.colt.ColtBinomial} {
Failed to find source for ptolemy.actor.lib.colt.ColtBinomial} {
Failed to find ptdoc for ptolemy.actor.lib.colt.ColtBinomialSelector.  Try doing (cd /home/travis/build/icyphy/ptII/doc/test/../../doc; rm codeDoc/ptolemy/actor/lib/Ramp.xml codeDoc/ptolemy/actor/lib/RampIdx.xml; make docs)} {
Failed to find javadoc for ptolemy.actor.lib.colt.ColtBinomialSelector} {
Failed to find source for ptolemy.actor.lib.colt.ColtBinomialSelector} {
Failed to find ptdoc for ptolemy.actor.lib.colt.ColtBreitWigner.  Try doing (cd /home/travis/build/icyphy/ptII/doc/test/../../doc; rm codeDoc/ptolemy/actor/lib/Ramp.xml codeDoc/ptolemy/actor/lib/RampIdx.xml; make docs)} {
Failed to find javadoc for ptolemy.actor.lib.colt.ColtBreitWigner} {
Failed to find source for ptolemy.actor.lib.colt.ColtBreitWigner} {
Failed to find ptdoc for ptolemy.actor.lib.colt.ColtChiSquare.  Try doing (cd /home/travis/build/icyphy/ptII/doc/test/../../doc; rm codeDoc/ptolemy/actor/lib/Ramp.xml codeDoc/ptolemy/actor/lib/RampIdx.xml; make docs)} {
Failed to find javadoc for ptolemy.actor.lib.colt.ColtChiSquare} {
Failed to find source for ptolemy.actor.lib.colt.ColtChiSquare} {
Failed to find ptdoc for ptolemy.actor.lib.colt.ColtExponential.  Try doing (cd /home/travis/build/icyphy/ptII/doc/test/../../doc; rm codeDoc/ptolemy/actor/lib/Ramp.xml codeDoc/ptolemy/actor/lib/RampIdx.xml; make docs)} {
Failed to find javadoc for ptolemy.actor.lib.colt.ColtExponential} {
Failed to find source for ptolemy.actor.lib.colt.ColtExponential} {
Failed to find ptdoc for ptolemy.actor.lib.colt.ColtExponentialPower.  Try doing (cd /home/travis/build/icyphy/ptII/doc/test/../../doc; rm codeDoc/ptolemy/actor/lib/Ramp.xml codeDoc/ptolemy/actor/lib/RampIdx.xml; make docs)} {
Failed to find javadoc for ptolemy.actor.lib.colt.ColtExponentialPower} {
Failed to find source for ptolemy.actor.lib.colt.ColtExponentialPower} {
Failed to find ptdoc for ptolemy.actor.lib.colt.ColtGamma.  Try doing (cd /home/travis/build/icyphy/ptII/doc/test/../../doc; rm codeDoc/ptolemy/actor/lib/Ramp.xml codeDoc/ptolemy/actor/lib/RampIdx.xml; make docs)} {
Failed to find javadoc for ptolemy.actor.lib.colt.ColtGamma} {
Failed to find source for ptolemy.actor.lib.colt.ColtGamma} {
Failed to find ptdoc for ptolemy.actor.lib.colt.ColtHyperGeometric.  Try doing (cd /home/travis/build/icyphy/ptII/doc/test/../../doc; rm codeDoc/ptolemy/actor/lib/Ramp.xml codeDoc/ptolemy/actor/lib/RampIdx.xml; make docs)} {
Failed to find javadoc for ptolemy.actor.lib.colt.ColtHyperGeometric} {
Failed to find source for ptolemy.actor.lib.colt.ColtHyperGeometric} {
Failed to find ptdoc for ptolemy.actor.lib.colt.ColtLogarithmic.  Try doing (cd /home/travis/build/icyphy/ptII/doc/test/../../doc; rm codeDoc/ptolemy/actor/lib/Ramp.xml codeDoc/ptolemy/actor/lib/RampIdx.xml; make docs)} {
Failed to find javadoc for ptolemy.actor.lib.colt.ColtLogarithmic} {
Failed to find source for ptolemy.actor.lib.colt.ColtLogarithmic} {
Failed to find ptdoc for ptolemy.actor.lib.colt.ColtNegativeBinomial.  Try doing (cd /home/travis/build/icyphy/ptII/doc/test/../../doc; rm codeDoc/ptolemy/actor/lib/Ramp.xml codeDoc/ptolemy/actor/lib/RampIdx.xml; make docs)} {
Failed to find javadoc for ptolemy.actor.lib.colt.ColtNegativeBinomial} {
Failed to find source for ptolemy.actor.lib.colt.ColtNegativeBinomial} {
Failed to find ptdoc for ptolemy.actor.lib.colt.ColtNormal.  Try doing (cd /home/travis/build/icyphy/ptII/doc/test/../../doc; rm codeDoc/ptolemy/actor/lib/Ramp.xml codeDoc/ptolemy/actor/lib/RampIdx.xml; make docs)} {
Failed to find javadoc for ptolemy.actor.lib.colt.ColtNormal} {
Failed to find source for ptolemy.actor.lib.colt.ColtNormal} {
Failed to find ptdoc for ptolemy.actor.lib.colt.ColtPoisson.  Try doing (cd /home/travis/build/icyphy/ptII/doc/test/../../doc; rm codeDoc/ptolemy/actor/lib/Ramp.xml codeDoc/ptolemy/actor/lib/RampIdx.xml; make docs)} {
Failed to find javadoc for ptolemy.actor.lib.colt.ColtPoisson} {
Failed to find source for ptolemy.actor.lib.colt.ColtPoisson} {
Failed to find ptdoc for ptolemy.actor.lib.colt.ColtPoissonSlow.  Try doing (cd /home/travis/build/icyphy/ptII/doc/test/../../doc; rm codeDoc/ptolemy/actor/lib/Ramp.xml codeDoc/ptolemy/actor/lib/RampIdx.xml; make docs)} {
Failed to find javadoc for ptolemy.actor.lib.colt.ColtPoissonSlow} {
Failed to find source for ptolemy.actor.lib.colt.ColtPoissonSlow} {
Failed to find ptdoc for ptolemy.actor.lib.colt.ColtStudentT.  Try doing (cd /home/travis/build/icyphy/ptII/doc/test/../../doc; rm codeDoc/ptolemy/actor/lib/Ramp.xml codeDoc/ptolemy/actor/lib/RampIdx.xml; make docs)} {
Failed to find javadoc for ptolemy.actor.lib.colt.ColtStudentT} {
Failed to find source for ptolemy.actor.lib.colt.ColtStudentT} {
Failed to find ptdoc for ptolemy.actor.lib.colt.ColtVonMises.  Try doing (cd /home/travis/build/icyphy/ptII/doc/test/../../doc; rm codeDoc/ptolemy/actor/lib/Ramp.xml codeDoc/ptolemy/actor/lib/RampIdx.xml; make docs)} {
Failed to find javadoc for ptolemy.actor.lib.colt.ColtVonMises} {
Failed to find source for ptolemy.actor.lib.colt.ColtVonMises} {
Failed to find ptdoc for ptolemy.actor.lib.colt.ColtZeta.  Try doing (cd /home/travis/build/icyphy/ptII/doc/test/../../doc; rm codeDoc/ptolemy/actor/lib/Ramp.xml codeDoc/ptolemy/actor/lib/RampIdx.xml; make docs)} {
Failed to find javadoc for ptolemy.actor.lib.colt.ColtZeta} {
Failed to find source for ptolemy.actor.lib.colt.ColtZeta} {
Failed to find ptdoc for ptolemy.actor.lib.DelayStart.  Try doing (cd /home/travis/build/icyphy/ptII/doc/test/../../doc; rm codeDoc/ptolemy/actor/lib/Ramp.xml codeDoc/ptolemy/actor/lib/RampIdx.xml; make docs)} {
Failed to find javadoc for ptolemy.actor.lib.DelayStart} {
Failed to find source for ptolemy.actor.lib.DelayStart} {
Failed to find ptdoc for ptolemy.actor.lib.ExecutionTime.  Try doing (cd /home/travis/build/icyphy/ptII/doc/test/../../doc; rm codeDoc/ptolemy/actor/lib/Ramp.xml codeDoc/ptolemy/actor/lib/RampIdx.xml; make docs)} {
Failed to find javadoc for ptolemy.actor.lib.ExecutionTime} {
Failed to find source for ptolemy.actor.lib.ExecutionTime} {
Failed to find ptdoc for ptolemy.actor.lib.gui.RealTimePlotter.  Try doing (cd /home/travis/build/icyphy/ptII/doc/test/../../doc; rm codeDoc/ptolemy/actor/lib/Ramp.xml codeDoc/ptolemy/actor/lib/RampIdx.xml; make docs)} {
Failed to find javadoc for ptolemy.actor.lib.gui.RealTimePlotter} {
Failed to find source for ptolemy.actor.lib.gui.RealTimePlotter} {
Failed to find ptdoc for ptolemy.actor.lib.Sleep.  Try doing (cd /home/travis/build/icyphy/ptII/doc/test/../../doc; rm codeDoc/ptolemy/actor/lib/Ramp.xml codeDoc/ptolemy/actor/lib/RampIdx.xml; make docs)} {
Failed to find javadoc for ptolemy.actor.lib.Sleep} {
Failed to find source for ptolemy.actor.lib.Sleep} {
Failed to find ptdoc for ptolemy.actor.lib.VariableSleep.  Try doing (cd /home/travis/build/icyphy/ptII/doc/test/../../doc; rm codeDoc/ptolemy/actor/lib/Ramp.xml codeDoc/ptolemy/actor/lib/RampIdx.xml; make docs)} {
Failed to find javadoc for ptolemy.actor.lib.VariableSleep} {
Failed to find source for ptolemy.actor.lib.VariableSleep} {
Failed to find ptdoc for ptolemy.actor.lib.WallClockTime.  Try doing (cd /home/travis/build/icyphy/ptII/doc/test/../../doc; rm codeDoc/ptolemy/actor/lib/Ramp.xml codeDoc/ptolemy/actor/lib/RampIdx.xml; make docs)} {
Failed to find javadoc for ptolemy.actor.lib.WallClockTime} {
Failed to find source for ptolemy.actor.lib.WallClockTime} {
Failed to find ptdoc for ptolemy.actor.lib.javasound.AudioCapture.  Try doing (cd /home/travis/build/icyphy/ptII/doc/test/../../doc; rm codeDoc/ptolemy/actor/lib/Ramp.xml codeDoc/ptolemy/actor/lib/RampIdx.xml; make docs)} {
Failed to find javadoc for ptolemy.actor.lib.javasound.AudioCapture} {
Failed to find source for ptolemy.actor.lib.javasound.AudioCapture} {
Failed to find ptdoc for ptolemy.actor.lib.javasound.AudioReader.  Try doing (cd /home/travis/build/icyphy/ptII/doc/test/../../doc; rm codeDoc/ptolemy/actor/lib/Ramp.xml codeDoc/ptolemy/actor/lib/RampIdx.xml; make docs)} {
Failed to find javadoc for ptolemy.actor.lib.javasound.AudioReader} {
Failed to find source for ptolemy.actor.lib.javasound.AudioReader} {
Failed to find ptdoc for ptolemy.actor.lib.javasound.AudioPlayer.  Try doing (cd /home/travis/build/icyphy/ptII/doc/test/../../doc; rm codeDoc/ptolemy/actor/lib/Ramp.xml codeDoc/ptolemy/actor/lib/RampIdx.xml; make docs)} {
Failed to find javadoc for ptolemy.actor.lib.javasound.AudioPlayer} {
Failed to find source for ptolemy.actor.lib.javasound.AudioPlayer} {
Failed to find ptdoc for ptolemy.actor.lib.javasound.AudioWriter.  Try doing (cd /home/travis/build/icyphy/ptII/doc/test/../../doc; rm codeDoc/ptolemy/actor/lib/Ramp.xml codeDoc/ptolemy/actor/lib/RampIdx.xml; make docs)} {
Failed to find javadoc for ptolemy.actor.lib.javasound.AudioWriter} {
Failed to find source for ptolemy.actor.lib.javasound.AudioWriter} {
Failed to find ptdoc for ptolemy.actor.lib.javasound.ClipPlayer.  Try doing (cd /home/travis/build/icyphy/ptII/doc/test/../../doc; rm codeDoc/ptolemy/actor/lib/Ramp.xml codeDoc/ptolemy/actor/lib/RampIdx.xml; make docs)} {
Failed to find javadoc for ptolemy.actor.lib.javasound.ClipPlayer} {
Failed to find source for ptolemy.actor.lib.javasound.ClipPlayer} {
Failed to find ptdoc for ptolemy.actor.lib.comm.ConvolutionalCoder.  Try doing (cd /home/travis/build/icyphy/ptII/doc/test/../../doc; rm codeDoc/ptolemy/actor/lib/Ramp.xml codeDoc/ptolemy/actor/lib/RampIdx.xml; make docs)} {
Failed to find javadoc for ptolemy.actor.lib.comm.ConvolutionalCoder} {
Failed to find source for ptolemy.actor.lib.comm.ConvolutionalCoder} {
Failed to find ptdoc for ptolemy.actor.lib.comm.DeScrambler.  Try doing (cd /home/travis/build/icyphy/ptII/doc/test/../../doc; rm codeDoc/ptolemy/actor/lib/Ramp.xml codeDoc/ptolemy/actor/lib/RampIdx.xml; make docs)} {
Failed to find javadoc for ptolemy.actor.lib.comm.DeScrambler} {
Failed to find source for ptolemy.actor.lib.comm.DeScrambler} {
Failed to find ptdoc for ptolemy.actor.lib.comm.HadamardCode.  Try doing (cd /home/travis/build/icyphy/ptII/doc/test/../../doc; rm codeDoc/ptolemy/actor/lib/Ramp.xml codeDoc/ptolemy/actor/lib/RampIdx.xml; make docs)} {
Failed to find javadoc for ptolemy.actor.lib.comm.HadamardCode} {
Failed to find source for ptolemy.actor.lib.comm.HadamardCode} {
Failed to find ptdoc for ptolemy.actor.lib.comm.HammingCoder.  Try doing (cd /home/travis/build/icyphy/ptII/doc/test/../../doc; rm codeDoc/ptolemy/actor/lib/Ramp.xml codeDoc/ptolemy/actor/lib/RampIdx.xml; make docs)} {
Failed to find javadoc for ptolemy.actor.lib.comm.HammingCoder} {
Failed to find source for ptolemy.actor.lib.comm.HammingCoder} {
Failed to find ptdoc for ptolemy.actor.lib.comm.HammingDecoder.  Try doing (cd /home/travis/build/icyphy/ptII/doc/test/../../doc; rm codeDoc/ptolemy/actor/lib/Ramp.xml codeDoc/ptolemy/actor/lib/RampIdx.xml; make docs)} {
Failed to find javadoc for ptolemy.actor.lib.comm.HammingDecoder} {
Failed to find source for ptolemy.actor.lib.comm.HammingDecoder} {
Failed to find ptdoc for ptolemy.actor.lib.comm.HuffmanCoder.  Try doing (cd /home/travis/build/icyphy/ptII/doc/test/../../doc; rm codeDoc/ptolemy/actor/lib/Ramp.xml codeDoc/ptolemy/actor/lib/RampIdx.xml; make docs)} {
Failed to find javadoc for ptolemy.actor.lib.comm.HuffmanCoder} {
Failed to find source for ptolemy.actor.lib.comm.HuffmanCoder} {
Failed to find ptdoc for ptolemy.actor.lib.comm.HuffmanDecoder.  Try doing (cd /home/travis/build/icyphy/ptII/doc/test/../../doc; rm codeDoc/ptolemy/actor/lib/Ramp.xml codeDoc/ptolemy/actor/lib/RampIdx.xml; make docs)} {
Failed to find javadoc for ptolemy.actor.lib.comm.HuffmanDecoder} {
Failed to find source for ptolemy.actor.lib.comm.HuffmanDecoder} {
Failed to find ptdoc for ptolemy.actor.lib.comm.LempelZivCoder.  Try doing (cd /home/travis/build/icyphy/ptII/doc/test/../../doc; rm codeDoc/ptolemy/actor/lib/Ramp.xml codeDoc/ptolemy/actor/lib/RampIdx.xml; make docs)} {
Failed to find javadoc for ptolemy.actor.lib.comm.LempelZivCoder} {
Failed to find source for ptolemy.actor.lib.comm.LempelZivCoder} {
Failed to find ptdoc for ptolemy.actor.lib.comm.LempelZivDecoder.  Try doing (cd /home/travis/build/icyphy/ptII/doc/test/../../doc; rm codeDoc/ptolemy/actor/lib/Ramp.xml codeDoc/ptolemy/actor/lib/RampIdx.xml; make docs)} {
Failed to find javadoc for ptolemy.actor.lib.comm.LempelZivDecoder} {
Failed to find source for ptolemy.actor.lib.comm.LempelZivDecoder} {
Failed to find ptdoc for ptolemy.domains.sdf.lib.LineCoder.  Try doing (cd /home/travis/build/icyphy/ptII/doc/test/../../doc; rm codeDoc/ptolemy/actor/lib/Ramp.xml codeDoc/ptolemy/actor/lib/RampIdx.xml; make docs)} {
Failed to find javadoc for ptolemy.domains.sdf.lib.LineCoder} {
Failed to find source for ptolemy.domains.sdf.lib.LineCoder} {
Failed to find ptdoc for ptolemy.domains.sdf.lib.LMSAdaptive.  Try doing (cd /home/travis/build/icyphy/ptII/doc/test/../../doc; rm codeDoc/ptolemy/actor/lib/Ramp.xml codeDoc/ptolemy/actor/lib/RampIdx.xml; make docs)} {
Failed to find javadoc for ptolemy.domains.sdf.lib.LMSAdaptive} {
Failed to find source for ptolemy.domains.sdf.lib.LMSAdaptive} {
Failed to find ptdoc for ptolemy.domains.sdf.lib.RaisedCosine.  Try doing (cd /home/travis/build/icyphy/ptII/doc/test/../../doc; rm codeDoc/ptolemy/actor/lib/Ramp.xml codeDoc/ptolemy/actor/lib/RampIdx.xml; make docs)} {
Failed to find javadoc for ptolemy.domains.sdf.lib.RaisedCosine} {
Failed to find source for ptolemy.domains.sdf.lib.RaisedCosine} {
Failed to find ptdoc for ptolemy.actor.lib.comm.Scrambler.  Try doing (cd /home/travis/build/icyphy/ptII/doc/test/../../doc; rm codeDoc/ptolemy/actor/lib/Ramp.xml codeDoc/ptolemy/actor/lib/RampIdx.xml; make docs)} {
Failed to find javadoc for ptolemy.actor.lib.comm.Scrambler} {
Failed to find source for ptolemy.actor.lib.comm.Scrambler} {
Failed to find ptdoc for ptolemy.actor.lib.comm.Slicer.  Try doing (cd /home/travis/build/icyphy/ptII/doc/test/../../doc; rm codeDoc/ptolemy/actor/lib/Ramp.xml codeDoc/ptolemy/actor/lib/RampIdx.xml; make docs)} {
Failed to find javadoc for ptolemy.actor.lib.comm.Slicer} {
Failed to find source for ptolemy.actor.lib.comm.Slicer} {
Failed to find ptdoc for ptolemy.actor.lib.comm.TrellisDecoder.  Try doing (cd /home/travis/build/icyphy/ptII/doc/test/../../doc; rm codeDoc/ptolemy/actor/lib/Ramp.xml codeDoc/ptolemy/actor/lib/RampIdx.xml; make docs)} {
Failed to find javadoc for ptolemy.actor.lib.comm.TrellisDecoder} {
Failed to find source for ptolemy.actor.lib.comm.TrellisDecoder} {
Failed to find ptdoc for ptolemy.actor.lib.comm.ViterbiDecoder.  Try doing (cd /home/travis/build/icyphy/ptII/doc/test/../../doc; rm codeDoc/ptolemy/actor/lib/Ramp.xml codeDoc/ptolemy/actor/lib/RampIdx.xml; make docs)} {
Failed to find javadoc for ptolemy.actor.lib.comm.ViterbiDecoder} {
Failed to find source for ptolemy.actor.lib.comm.ViterbiDecoder} {
Failed to find ptdoc for ptolemy.domains.sdf.lib.DelayLine.  Try doing (cd /home/travis/build/icyphy/ptII/doc/test/../../doc; rm codeDoc/ptolemy/actor/lib/Ramp.xml codeDoc/ptolemy/actor/lib/RampIdx.xml; make docs)} {
Failed to find javadoc for ptolemy.domains.sdf.lib.DelayLine} {
Failed to find source for ptolemy.domains.sdf.lib.DelayLine} {
Failed to find ptdoc for ptolemy.domains.sdf.lib.DownSample.  Try doing (cd /home/travis/build/icyphy/ptII/doc/test/../../doc; rm codeDoc/ptolemy/actor/lib/Ramp.xml codeDoc/ptolemy/actor/lib/RampIdx.xml; make docs)} {
Failed to find javadoc for ptolemy.domains.sdf.lib.DownSample} {
Failed to find source for ptolemy.domains.sdf.lib.DownSample} {
Failed to find ptdoc for ptolemy.domains.sdf.lib.FIR.  Try doing (cd /home/travis/build/icyphy/ptII/doc/test/../../doc; rm codeDoc/ptolemy/actor/lib/Ramp.xml codeDoc/ptolemy/actor/lib/RampIdx.xml; make docs)} {
Failed to find javadoc for ptolemy.domains.sdf.lib.FIR} {
Failed to find source for ptolemy.domains.sdf.lib.FIR} {
Failed to find ptdoc for ptolemy.actor.lib.GradientAdaptiveLattice.  Try doing (cd /home/travis/build/icyphy/ptII/doc/test/../../doc; rm codeDoc/ptolemy/actor/lib/Ramp.xml codeDoc/ptolemy/actor/lib/RampIdx.xml; make docs)} {
Failed to find javadoc for ptolemy.actor.lib.GradientAdaptiveLattice} {
Failed to find source for ptolemy.actor.lib.GradientAdaptiveLattice} {
Failed to find ptdoc for ptolemy.actor.lib.IIR.  Try doing (cd /home/travis/build/icyphy/ptII/doc/test/../../doc; rm codeDoc/ptolemy/actor/lib/Ramp.xml codeDoc/ptolemy/actor/lib/RampIdx.xml; make docs)} {
Failed to find javadoc for ptolemy.actor.lib.IIR} {
Failed to find source for ptolemy.actor.lib.IIR} {
Failed to find ptdoc for ptolemy.actor.lib.Lattice.  Try doing (cd /home/travis/build/icyphy/ptII/doc/test/../../doc; rm codeDoc/ptolemy/actor/lib/Ramp.xml codeDoc/ptolemy/actor/lib/RampIdx.xml; make docs)} {
Failed to find javadoc for ptolemy.actor.lib.Lattice} {
Failed to find source for ptolemy.actor.lib.Lattice} {
Failed to find ptdoc for ptolemy.actor.lib.LinearDifferenceEquationSystem.  Try doing (cd /home/travis/build/icyphy/ptII/doc/test/../../doc; rm codeDoc/ptolemy/actor/lib/Ramp.xml codeDoc/ptolemy/actor/lib/RampIdx.xml; make docs)} {
Failed to find javadoc for ptolemy.actor.lib.LinearDifferenceEquationSystem} {
Failed to find source for ptolemy.actor.lib.LinearDifferenceEquationSystem} {
Failed to find ptdoc for ptolemy.domains.sdf.lib.LMSAdaptive.  Try doing (cd /home/travis/build/icyphy/ptII/doc/test/../../doc; rm codeDoc/ptolemy/actor/lib/Ramp.xml codeDoc/ptolemy/actor/lib/RampIdx.xml; make docs)} {
Failed to find javadoc for ptolemy.domains.sdf.lib.LMSAdaptive} {
Failed to find source for ptolemy.domains.sdf.lib.LMSAdaptive} {
Failed to find ptdoc for ptolemy.actor.lib.RecursiveLattice.  Try doing (cd /home/travis/build/icyphy/ptII/doc/test/../../doc; rm codeDoc/ptolemy/actor/lib/Ramp.xml codeDoc/ptolemy/actor/lib/RampIdx.xml; make docs)} {
Failed to find javadoc for ptolemy.actor.lib.RecursiveLattice} {
Failed to find source for ptolemy.actor.lib.RecursiveLattice} {
Failed to find ptdoc for ptolemy.domains.sdf.lib.UpSample.  Try doing (cd /home/travis/build/icyphy/ptII/doc/test/../../doc; rm codeDoc/ptolemy/actor/lib/Ramp.xml codeDoc/ptolemy/actor/lib/RampIdx.xml; make docs)} {
Failed to find javadoc for ptolemy.domains.sdf.lib.UpSample} {
Failed to find source for ptolemy.domains.sdf.lib.UpSample} {
Failed to find ptdoc for ptolemy.domains.sdf.lib.VariableFIR.  Try doing (cd /home/travis/build/icyphy/ptII/doc/test/../../doc; rm codeDoc/ptolemy/actor/lib/Ramp.xml codeDoc/ptolemy/actor/lib/RampIdx.xml; make docs)} {
Failed to find javadoc for ptolemy.domains.sdf.lib.VariableFIR} {
Failed to find source for ptolemy.domains.sdf.lib.VariableFIR} {
Failed to find ptdoc for ptolemy.domains.sdf.lib.VariableLattice.  Try doing (cd /home/travis/build/icyphy/ptII/doc/test/../../doc; rm codeDoc/ptolemy/actor/lib/Ramp.xml codeDoc/ptolemy/actor/lib/RampIdx.xml; make docs)} {
Failed to find javadoc for ptolemy.domains.sdf.lib.VariableLattice} {
Failed to find source for ptolemy.domains.sdf.lib.VariableLattice} {
Failed to find ptdoc for ptolemy.domains.sdf.lib.VariableRecursiveLattice.  Try doing (cd /home/travis/build/icyphy/ptII/doc/test/../../doc; rm codeDoc/ptolemy/actor/lib/Ramp.xml codeDoc/ptolemy/actor/lib/RampIdx.xml; make docs)} {
Failed to find javadoc for ptolemy.domains.sdf.lib.VariableRecursiveLattice} {
Failed to find source for ptolemy.domains.sdf.lib.VariableRecursiveLattice} {
Failed to find ptdoc for ptolemy.actor.lib.DB.  Try doing (cd /home/travis/build/icyphy/ptII/doc/test/../../doc; rm codeDoc/ptolemy/actor/lib/Ramp.xml codeDoc/ptolemy/actor/lib/RampIdx.xml; make docs)} {
Failed to find javadoc for ptolemy.actor.lib.DB} {
Failed to find source for ptolemy.actor.lib.DB} {
Failed to find ptdoc for ptolemy.domains.sdf.lib.FFT.  Try doing (cd /home/travis/build/icyphy/ptII/doc/test/../../doc; rm codeDoc/ptolemy/actor/lib/Ramp.xml codeDoc/ptolemy/actor/lib/RampIdx.xml; make docs)} {
Failed to find javadoc for ptolemy.domains.sdf.lib.FFT} {
Failed to find source for ptolemy.domains.sdf.lib.FFT} {
Failed to find ptdoc for ptolemy.domains.sdf.lib.IFFT.  Try doing (cd /home/travis/build/icyphy/ptII/doc/test/../../doc; rm codeDoc/ptolemy/actor/lib/Ramp.xml codeDoc/ptolemy/actor/lib/RampIdx.xml; make docs)} {
Failed to find javadoc for ptolemy.domains.sdf.lib.IFFT} {
Failed to find source for ptolemy.domains.sdf.lib.IFFT} {
Failed to find ptdoc for ptolemy.actor.lib.LevinsonDurbin.  Try doing (cd /home/travis/build/icyphy/ptII/doc/test/../../doc; rm codeDoc/ptolemy/actor/lib/Ramp.xml codeDoc/ptolemy/actor/lib/RampIdx.xml; make docs)} {
Failed to find javadoc for ptolemy.actor.lib.LevinsonDurbin} {
Failed to find source for ptolemy.actor.lib.LevinsonDurbin} {
Failed to find ptdoc for ptolemy.actor.lib.PhaseUnwrap.  Try doing (cd /home/travis/build/icyphy/ptII/doc/test/../../doc; rm codeDoc/ptolemy/actor/lib/Ramp.xml codeDoc/ptolemy/actor/lib/RampIdx.xml; make docs)} {
Failed to find javadoc for ptolemy.actor.lib.PhaseUnwrap} {
Failed to find source for ptolemy.actor.lib.PhaseUnwrap} {
Failed to find ptdoc for ptolemy.domains.sdf.lib.Autocorrelation.  Try doing (cd /home/travis/build/icyphy/ptII/doc/test/../../doc; rm codeDoc/ptolemy/actor/lib/Ramp.xml codeDoc/ptolemy/actor/lib/RampIdx.xml; make docs)} {
Failed to find javadoc for ptolemy.domains.sdf.lib.Autocorrelation} {
Failed to find source for ptolemy.domains.sdf.lib.Autocorrelation} {
Failed to find ptdoc for ptolemy.actor.lib.ComputeHistogram.  Try doing (cd /home/travis/build/icyphy/ptII/doc/test/../../doc; rm codeDoc/ptolemy/actor/lib/Ramp.xml codeDoc/ptolemy/actor/lib/RampIdx.xml; make docs)} {
Failed to find javadoc for ptolemy.actor.lib.ComputeHistogram} {
Failed to find source for ptolemy.actor.lib.ComputeHistogram} {
Failed to find ptdoc for ptolemy.actor.lib.IIR.  Try doing (cd /home/travis/build/icyphy/ptII/doc/test/../../doc; rm codeDoc/ptolemy/actor/lib/Ramp.xml codeDoc/ptolemy/actor/lib/RampIdx.xml; make docs)} {
Failed to find javadoc for ptolemy.actor.lib.IIR} {
Failed to find source for ptolemy.actor.lib.IIR} {
Failed to find ptdoc for ptolemy.actor.lib.DB.  Try doing (cd /home/travis/build/icyphy/ptII/doc/test/../../doc; rm codeDoc/ptolemy/actor/lib/Ramp.xml codeDoc/ptolemy/actor/lib/RampIdx.xml; make docs)} {
Failed to find javadoc for ptolemy.actor.lib.DB} {
Failed to find source for ptolemy.actor.lib.DB} {
Failed to find ptdoc for ptolemy.actor.lib.Scale.  Try doing (cd /home/travis/build/icyphy/ptII/doc/test/../../doc; rm codeDoc/ptolemy/actor/lib/Ramp.xml codeDoc/ptolemy/actor/lib/RampIdx.xml; make docs)} {
Failed to find javadoc for ptolemy.actor.lib.Scale} {
Failed to find source for ptolemy.actor.lib.Scale} {
Failed to find ptdoc for ptolemy.actor.lib.MathFunction.  Try doing (cd /home/travis/build/icyphy/ptII/doc/test/../../doc; rm codeDoc/ptolemy/actor/lib/Ramp.xml codeDoc/ptolemy/actor/lib/RampIdx.xml; make docs)} {
Failed to find javadoc for ptolemy.actor.lib.MathFunction} {
Failed to find source for ptolemy.actor.lib.MathFunction} {
Failed to find ptdoc for ptolemy.actor.lib.string.StringCompare.  Try doing (cd /home/travis/build/icyphy/ptII/doc/test/../../doc; rm codeDoc/ptolemy/actor/lib/Ramp.xml codeDoc/ptolemy/actor/lib/RampIdx.xml; make docs)} {
Failed to find javadoc for ptolemy.actor.lib.string.StringCompare} {
Failed to find source for ptolemy.actor.lib.string.StringCompare} {
Failed to find ptdoc for ptolemy.actor.lib.string.StringFunction.  Try doing (cd /home/travis/build/icyphy/ptII/doc/test/../../doc; rm codeDoc/ptolemy/actor/lib/Ramp.xml codeDoc/ptolemy/actor/lib/RampIdx.xml; make docs)} {
Failed to find javadoc for ptolemy.actor.lib.string.StringFunction} {
Failed to find source for ptolemy.actor.lib.string.StringFunction} {
Failed to find ptdoc for ptolemy.actor.lib.string.StringIndexOf.  Try doing (cd /home/travis/build/icyphy/ptII/doc/test/../../doc; rm codeDoc/ptolemy/actor/lib/Ramp.xml codeDoc/ptolemy/actor/lib/RampIdx.xml; make docs)} {
Failed to find javadoc for ptolemy.actor.lib.string.StringIndexOf} {
Failed to find source for ptolemy.actor.lib.string.StringIndexOf} {
Failed to find ptdoc for ptolemy.actor.lib.string.StringLength.  Try doing (cd /home/travis/build/icyphy/ptII/doc/test/../../doc; rm codeDoc/ptolemy/actor/lib/Ramp.xml codeDoc/ptolemy/actor/lib/RampIdx.xml; make docs)} {
Failed to find javadoc for ptolemy.actor.lib.string.StringLength} {
Failed to find source for ptolemy.actor.lib.string.StringLength} {
Failed to find ptdoc for ptolemy.actor.lib.string.StringMatches.  Try doing (cd /home/travis/build/icyphy/ptII/doc/test/../../doc; rm codeDoc/ptolemy/actor/lib/Ramp.xml codeDoc/ptolemy/actor/lib/RampIdx.xml; make docs)} {
Failed to find javadoc for ptolemy.actor.lib.string.StringMatches} {
Failed to find source for ptolemy.actor.lib.string.StringMatches} {
Failed to find ptdoc for ptolemy.actor.lib.string.StringReplace.  Try doing (cd /home/travis/build/icyphy/ptII/doc/test/../../doc; rm codeDoc/ptolemy/actor/lib/Ramp.xml codeDoc/ptolemy/actor/lib/RampIdx.xml; make docs)} {
Failed to find javadoc for ptolemy.actor.lib.string.StringReplace} {
Failed to find source for ptolemy.actor.lib.string.StringReplace} {
Failed to find ptdoc for ptolemy.actor.lib.string.StringSplit.  Try doing (cd /home/travis/build/icyphy/ptII/doc/test/../../doc; rm codeDoc/ptolemy/actor/lib/Ramp.xml codeDoc/ptolemy/actor/lib/RampIdx.xml; make docs)} {
Failed to find javadoc for ptolemy.actor.lib.string.StringSplit} {
Failed to find source for ptolemy.actor.lib.string.StringSplit} {
Failed to find ptdoc for ptolemy.actor.lib.string.StringSubstring.  Try doing (cd /home/travis/build/icyphy/ptII/doc/test/../../doc; rm codeDoc/ptolemy/actor/lib/Ramp.xml codeDoc/ptolemy/actor/lib/RampIdx.xml; make docs)} {
Failed to find javadoc for ptolemy.actor.lib.string.StringSubstring} {
Failed to find source for ptolemy.actor.lib.string.StringSubstring} {
Failed to find ptdoc for ptolemy.actor.lib.DiscreteClock.  Try doing (cd /home/travis/build/icyphy/ptII/doc/test/../../doc; rm codeDoc/ptolemy/actor/lib/Ramp.xml codeDoc/ptolemy/actor/lib/RampIdx.xml; make docs)} {
Failed to find javadoc for ptolemy.actor.lib.DiscreteClock} {
Failed to find source for ptolemy.actor.lib.DiscreteClock} {
Failed to find ptdoc for ptolemy.domains.continuous.lib.ZeroOrderHold.  Try doing (cd /home/travis/build/icyphy/ptII/doc/test/../../doc; rm codeDoc/ptolemy/actor/lib/Ramp.xml codeDoc/ptolemy/actor/lib/RampIdx.xml; make docs)} {
Failed to find javadoc for ptolemy.domains.continuous.lib.ZeroOrderHold} {
Failed to find source for ptolemy.domains.continuous.lib.ZeroOrderHold} {
Failed to find ptdoc for ptolemy.actor.lib.DiscreteClock.  Try doing (cd /home/travis/build/icyphy/ptII/doc/test/../../doc; rm codeDoc/ptolemy/actor/lib/Ramp.xml codeDoc/ptolemy/actor/lib/RampIdx.xml; make docs)} {
Failed to find javadoc for ptolemy.actor.lib.DiscreteClock} {
Failed to find source for ptolemy.actor.lib.DiscreteClock} {
Failed to find ptdoc for ptolemy.actor.lib.SingleEvent.  Try doing (cd /home/travis/build/icyphy/ptII/doc/test/../../doc; rm codeDoc/ptolemy/actor/lib/Ramp.xml codeDoc/ptolemy/actor/lib/RampIdx.xml; make docs)} {
Failed to find javadoc for ptolemy.actor.lib.SingleEvent} {
Failed to find source for ptolemy.actor.lib.SingleEvent} {
Failed to find ptdoc for ptolemy.domains.continuous.lib.Waveform.  Try doing (cd /home/travis/build/icyphy/ptII/doc/test/../../doc; rm codeDoc/ptolemy/actor/lib/Ramp.xml codeDoc/ptolemy/actor/lib/RampIdx.xml; make docs)} {
Failed to find javadoc for ptolemy.domains.continuous.lib.Waveform} {
Failed to find source for ptolemy.domains.continuous.lib.Waveform} {
Failed to find ptdoc for ptolemy.domains.continuous.lib.LevelCrossingDetector.  Try doing (cd /home/travis/build/icyphy/ptII/doc/test/../../doc; rm codeDoc/ptolemy/actor/lib/Ramp.xml codeDoc/ptolemy/actor/lib/RampIdx.xml; make docs)} {
Failed to find javadoc for ptolemy.domains.continuous.lib.LevelCrossingDetector} {
Failed to find source for ptolemy.domains.continuous.lib.LevelCrossingDetector} {
Failed to find ptdoc for ptolemy.domains.continuous.lib.PeriodicSampler.  Try doing (cd /home/travis/build/icyphy/ptII/doc/test/../../doc; rm codeDoc/ptolemy/actor/lib/Ramp.xml codeDoc/ptolemy/actor/lib/RampIdx.xml; make docs)} {
Failed to find javadoc for ptolemy.domains.continuous.lib.PeriodicSampler} {
Failed to find source for ptolemy.domains.continuous.lib.PeriodicSampler} {
Failed to find ptdoc for ptolemy.actor.lib.Sampler.  Try doing (cd /home/travis/build/icyphy/ptII/doc/test/../../doc; rm codeDoc/ptolemy/actor/lib/Ramp.xml codeDoc/ptolemy/actor/lib/RampIdx.xml; make docs)} {
Failed to find javadoc for ptolemy.actor.lib.Sampler} {
Failed to find source for ptolemy.actor.lib.Sampler} {
Failed to find ptdoc for ptolemy.domains.continuous.lib.ZeroOrderHold.  Try doing (cd /home/travis/build/icyphy/ptII/doc/test/../../doc; rm codeDoc/ptolemy/actor/lib/Ramp.xml codeDoc/ptolemy/actor/lib/RampIdx.xml; make docs)} {
Failed to find javadoc for ptolemy.domains.continuous.lib.ZeroOrderHold} {
Failed to find source for ptolemy.domains.continuous.lib.ZeroOrderHold} {
Failed to find ptdoc for ptolemy.actor.lib.Scale.  Try doing (cd /home/travis/build/icyphy/ptII/doc/test/../../doc; rm codeDoc/ptolemy/actor/lib/Ramp.xml codeDoc/ptolemy/actor/lib/RampIdx.xml; make docs)} {
Failed to find javadoc for ptolemy.actor.lib.Scale} {
Failed to find source for ptolemy.actor.lib.Scale} {
Failed to find ptdoc for ptolemy.actor.lib.AddSubtract.  Try doing (cd /home/travis/build/icyphy/ptII/doc/test/../../doc; rm codeDoc/ptolemy/actor/lib/Ramp.xml codeDoc/ptolemy/actor/lib/RampIdx.xml; make docs)} {
Failed to find javadoc for ptolemy.actor.lib.AddSubtract} {
Failed to find source for ptolemy.actor.lib.AddSubtract} {
Failed to find ptdoc for ptolemy.actor.lib.Scale.  Try doing (cd /home/travis/build/icyphy/ptII/doc/test/../../doc; rm codeDoc/ptolemy/actor/lib/Ramp.xml codeDoc/ptolemy/actor/lib/RampIdx.xml; make docs)} {
Failed to find javadoc for ptolemy.actor.lib.Scale} {
Failed to find source for ptolemy.actor.lib.Scale} {
Failed to find ptdoc for ptolemy.actor.lib.AddSubtract.  Try doing (cd /home/travis/build/icyphy/ptII/doc/test/../../doc; rm codeDoc/ptolemy/actor/lib/Ramp.xml codeDoc/ptolemy/actor/lib/RampIdx.xml; make docs)} {
Failed to find javadoc for ptolemy.actor.lib.AddSubtract} {
Failed to find source for ptolemy.actor.lib.AddSubtract} {
Failed to find ptdoc for ptolemy.domains.continuous.lib.Integrator.  Try doing (cd /home/travis/build/icyphy/ptII/doc/test/../../doc; rm codeDoc/ptolemy/actor/lib/Ramp.xml codeDoc/ptolemy/actor/lib/RampIdx.xml; make docs)} {
Failed to find javadoc for ptolemy.domains.continuous.lib.Integrator} {
Failed to find source for ptolemy.domains.continuous.lib.Integrator} {
Failed to find ptdoc for ptolemy.actor.lib.Scale.  Try doing (cd /home/travis/build/icyphy/ptII/doc/test/../../doc; rm codeDoc/ptolemy/actor/lib/Ramp.xml codeDoc/ptolemy/actor/lib/RampIdx.xml; make docs)} {
Failed to find javadoc for ptolemy.actor.lib.Scale} {
Failed to find source for ptolemy.actor.lib.Scale} {
Failed to find ptdoc for ptolemy.actor.lib.Scale.  Try doing (cd /home/travis/build/icyphy/ptII/doc/test/../../doc; rm codeDoc/ptolemy/actor/lib/Ramp.xml codeDoc/ptolemy/actor/lib/RampIdx.xml; make docs)} {
Failed to find javadoc for ptolemy.actor.lib.Scale} {
Failed to find source for ptolemy.actor.lib.Scale} {
Failed to find ptdoc for ptolemy.actor.lib.Scale.  Try doing (cd /home/travis/build/icyphy/ptII/doc/test/../../doc; rm codeDoc/ptolemy/actor/lib/Ramp.xml codeDoc/ptolemy/actor/lib/RampIdx.xml; make docs)} {
Failed to find javadoc for ptolemy.actor.lib.Scale} {
Failed to find source for ptolemy.actor.lib.Scale} {
Failed to find ptdoc for ptolemy.domains.continuous.lib.Integrator.  Try doing (cd /home/travis/build/icyphy/ptII/doc/test/../../doc; rm codeDoc/ptolemy/actor/lib/Ramp.xml codeDoc/ptolemy/actor/lib/RampIdx.xml; make docs)} {
Failed to find javadoc for ptolemy.domains.continuous.lib.Integrator} {
Failed to find source for ptolemy.domains.continuous.lib.Integrator} {
Failed to find ptdoc for ptolemy.actor.lib.Default.  Try doing (cd /home/travis/build/icyphy/ptII/doc/test/../../doc; rm codeDoc/ptolemy/actor/lib/Ramp.xml codeDoc/ptolemy/actor/lib/RampIdx.xml; make docs)} {
Failed to find javadoc for ptolemy.actor.lib.Default} {
Failed to find source for ptolemy.actor.lib.Default} {
Failed to find ptdoc for ptolemy.actor.lib.Const.  Try doing (cd /home/travis/build/icyphy/ptII/doc/test/../../doc; rm codeDoc/ptolemy/actor/lib/Ramp.xml codeDoc/ptolemy/actor/lib/RampIdx.xml; make docs)} {
Failed to find javadoc for ptolemy.actor.lib.Const} {
Failed to find source for ptolemy.actor.lib.Const} {
Failed to find ptdoc for ptolemy.domains.continuous.lib.Derivative.  Try doing (cd /home/travis/build/icyphy/ptII/doc/test/../../doc; rm codeDoc/ptolemy/actor/lib/Ramp.xml codeDoc/ptolemy/actor/lib/RampIdx.xml; make docs)} {
Failed to find javadoc for ptolemy.domains.continuous.lib.Derivative} {
Failed to find source for ptolemy.domains.continuous.lib.Derivative} {
Failed to find ptdoc for ptolemy.domains.continuous.lib.Integrator.  Try doing (cd /home/travis/build/icyphy/ptII/doc/test/../../doc; rm codeDoc/ptolemy/actor/lib/Ramp.xml codeDoc/ptolemy/actor/lib/RampIdx.xml; make docs)} {
Failed to find javadoc for ptolemy.domains.continuous.lib.Integrator} {
Failed to find source for ptolemy.domains.continuous.lib.Integrator} {
Failed to find ptdoc for ptolemy.domains.continuous.lib.BandlimitedNoise.  Try doing (cd /home/travis/build/icyphy/ptII/doc/test/../../doc; rm codeDoc/ptolemy/actor/lib/Ramp.xml codeDoc/ptolemy/actor/lib/RampIdx.xml; make docs)} {
Failed to find javadoc for ptolemy.domains.continuous.lib.BandlimitedNoise} {
Failed to find source for ptolemy.domains.continuous.lib.BandlimitedNoise} {
Failed to find ptdoc for ptolemy.domains.continuous.lib.Noise.  Try doing (cd /home/travis/build/icyphy/ptII/doc/test/../../doc; rm codeDoc/ptolemy/actor/lib/Ramp.xml codeDoc/ptolemy/actor/lib/RampIdx.xml; make docs)} {
Failed to find javadoc for ptolemy.domains.continuous.lib.Noise} {
Failed to find source for ptolemy.domains.continuous.lib.Noise} {
Failed to find ptdoc for ptolemy.actor.lib.MicrostepDelay.  Try doing (cd /home/travis/build/icyphy/ptII/doc/test/../../doc; rm codeDoc/ptolemy/actor/lib/Ramp.xml codeDoc/ptolemy/actor/lib/RampIdx.xml; make docs)} {
Failed to find javadoc for ptolemy.actor.lib.MicrostepDelay} {
Failed to find source for ptolemy.actor.lib.MicrostepDelay} {
Failed to find ptdoc for ptolemy.actor.lib.ResettableTimer.  Try doing (cd /home/travis/build/icyphy/ptII/doc/test/../../doc; rm codeDoc/ptolemy/actor/lib/Ramp.xml codeDoc/ptolemy/actor/lib/RampIdx.xml; make docs)} {
Failed to find javadoc for ptolemy.actor.lib.ResettableTimer} {
Failed to find source for ptolemy.actor.lib.ResettableTimer} {
Failed to find ptdoc for ptolemy.domains.continuous.lib.ContinuousMerge.  Try doing (cd /home/travis/build/icyphy/ptII/doc/test/../../doc; rm codeDoc/ptolemy/actor/lib/Ramp.xml codeDoc/ptolemy/actor/lib/RampIdx.xml; make docs)} {
Failed to find javadoc for ptolemy.domains.continuous.lib.ContinuousMerge} {
Failed to find source for ptolemy.domains.continuous.lib.ContinuousMerge} {
Failed to find ptdoc for ptolemy.domains.ddf.lib.DDFSingleTokenCommutator.  Try doing (cd /home/travis/build/icyphy/ptII/doc/test/../../doc; rm codeDoc/ptolemy/actor/lib/Ramp.xml codeDoc/ptolemy/actor/lib/RampIdx.xml; make docs)} {
Failed to find javadoc for ptolemy.domains.ddf.lib.DDFSingleTokenCommutator} {
Failed to find source for ptolemy.domains.ddf.lib.DDFSingleTokenCommutator} {
Failed to find ptdoc for ptolemy.actor.lib.CurrentDate.  Try doing (cd /home/travis/build/icyphy/ptII/doc/test/../../doc; rm codeDoc/ptolemy/actor/lib/Ramp.xml codeDoc/ptolemy/actor/lib/RampIdx.xml; make docs)} {
Failed to find javadoc for ptolemy.actor.lib.CurrentDate} {
Failed to find source for ptolemy.actor.lib.CurrentDate} {
Failed to find ptdoc for ptolemy.actor.lib.DateElements.  Try doing (cd /home/travis/build/icyphy/ptII/doc/test/../../doc; rm codeDoc/ptolemy/actor/lib/Ramp.xml codeDoc/ptolemy/actor/lib/RampIdx.xml; make docs)} {
Failed to find javadoc for ptolemy.actor.lib.DateElements} {
Failed to find source for ptolemy.actor.lib.DateElements} {
Failed to find ptdoc for ptolemy.actor.lib.DateConstructor.  Try doing (cd /home/travis/build/icyphy/ptII/doc/test/../../doc; rm codeDoc/ptolemy/actor/lib/Ramp.xml codeDoc/ptolemy/actor/lib/RampIdx.xml; make docs)} {
Failed to find javadoc for ptolemy.actor.lib.DateConstructor} {
Failed to find source for ptolemy.actor.lib.DateConstructor} {
Failed to find ptdoc for ptolemy.actor.lib.ModifyDate.  Try doing (cd /home/travis/build/icyphy/ptII/doc/test/../../doc; rm codeDoc/ptolemy/actor/lib/Ramp.xml codeDoc/ptolemy/actor/lib/RampIdx.xml; make docs)} {
Failed to find javadoc for ptolemy.actor.lib.ModifyDate} {
Failed to find source for ptolemy.actor.lib.ModifyDate} {
Failed to find ptdoc for ptolemy.actor.lib.conversions.StringToDate.  Try doing (cd /home/travis/build/icyphy/ptII/doc/test/../../doc; rm codeDoc/ptolemy/actor/lib/Ramp.xml codeDoc/ptolemy/actor/lib/RampIdx.xml; make docs)} {
Failed to find javadoc for ptolemy.actor.lib.conversions.StringToDate} {
Failed to find source for ptolemy.actor.lib.conversions.StringToDate} {
Failed to find ptdoc for ptolemy.actor.lib.gui.EventButton.  Try doing (cd /home/travis/build/icyphy/ptII/doc/test/../../doc; rm codeDoc/ptolemy/actor/lib/Ramp.xml codeDoc/ptolemy/actor/lib/RampIdx.xml; make docs)} {
Failed to find javadoc for ptolemy.actor.lib.gui.EventButton} {
Failed to find source for ptolemy.actor.lib.gui.EventButton} {
Failed to find ptdoc for ptolemy.actor.lib.MicrostepDelay.  Try doing (cd /home/travis/build/icyphy/ptII/doc/test/../../doc; rm codeDoc/ptolemy/actor/lib/Ramp.xml codeDoc/ptolemy/actor/lib/RampIdx.xml; make docs)} {
Failed to find javadoc for ptolemy.actor.lib.MicrostepDelay} {
Failed to find source for ptolemy.actor.lib.MicrostepDelay} {
Failed to find ptdoc for ptolemy.actor.lib.ResettableTimer.  Try doing (cd /home/travis/build/icyphy/ptII/doc/test/../../doc; rm codeDoc/ptolemy/actor/lib/Ramp.xml codeDoc/ptolemy/actor/lib/RampIdx.xml; make docs)} {
Failed to find javadoc for ptolemy.actor.lib.ResettableTimer} {
Failed to find source for ptolemy.actor.lib.ResettableTimer} {
Failed to find ptdoc for ptolemy.actor.lib.SingleEvent.  Try doing (cd /home/travis/build/icyphy/ptII/doc/test/../../doc; rm codeDoc/ptolemy/actor/lib/Ramp.xml codeDoc/ptolemy/actor/lib/RampIdx.xml; make docs)} {
Failed to find javadoc for ptolemy.actor.lib.SingleEvent} {
Failed to find source for ptolemy.actor.lib.SingleEvent} {
Failed to find ptdoc for ptolemy.actor.lib.TimeDelay.  Try doing (cd /home/travis/build/icyphy/ptII/doc/test/../../doc; rm codeDoc/ptolemy/actor/lib/Ramp.xml codeDoc/ptolemy/actor/lib/RampIdx.xml; make docs)} {
Failed to find javadoc for ptolemy.actor.lib.TimeDelay} {
Failed to find source for ptolemy.actor.lib.TimeDelay} {
Failed to find ptdoc for ptolemy.actor.lib.OrderedMerge.  Try doing (cd /home/travis/build/icyphy/ptII/doc/test/../../doc; rm codeDoc/ptolemy/actor/lib/Ramp.xml codeDoc/ptolemy/actor/lib/RampIdx.xml; make docs)} {
Failed to find javadoc for ptolemy.actor.lib.OrderedMerge} {
Failed to find source for ptolemy.actor.lib.OrderedMerge} {
Failed to find ptdoc for ptolemy.actor.lib.Sequencer.  Try doing (cd /home/travis/build/icyphy/ptII/doc/test/../../doc; rm codeDoc/ptolemy/actor/lib/Ramp.xml codeDoc/ptolemy/actor/lib/RampIdx.xml; make docs)} {
Failed to find javadoc for ptolemy.actor.lib.Sequencer} {
Failed to find source for ptolemy.actor.lib.Sequencer} {
Failed to find ptdoc for ptolemy.actor.lib.Stop.  Try doing (cd /home/travis/build/icyphy/ptII/doc/test/../../doc; rm codeDoc/ptolemy/actor/lib/Ramp.xml codeDoc/ptolemy/actor/lib/RampIdx.xml; make docs)} {
Failed to find javadoc for ptolemy.actor.lib.Stop} {
Failed to find source for ptolemy.actor.lib.Stop} {
Failed to find ptdoc for ptolemy.actor.lib.Synchronizer.  Try doing (cd /home/travis/build/icyphy/ptII/doc/test/../../doc; rm codeDoc/ptolemy/actor/lib/Ramp.xml codeDoc/ptolemy/actor/lib/RampIdx.xml; make docs)} {
Failed to find javadoc for ptolemy.actor.lib.Synchronizer} {
Failed to find source for ptolemy.actor.lib.Synchronizer} {
Failed to find ptdoc for ptolemy.domains.rendezvous.lib.Barrier.  Try doing (cd /home/travis/build/icyphy/ptII/doc/test/../../doc; rm codeDoc/ptolemy/actor/lib/Ramp.xml codeDoc/ptolemy/actor/lib/RampIdx.xml; make docs)} {
Failed to find javadoc for ptolemy.domains.rendezvous.lib.Barrier} {
Failed to find source for ptolemy.domains.rendezvous.lib.Barrier} {
Failed to find ptdoc for ptolemy.domains.rendezvous.lib.Buffer.  Try doing (cd /home/travis/build/icyphy/ptII/doc/test/../../doc; rm codeDoc/ptolemy/actor/lib/Ramp.xml codeDoc/ptolemy/actor/lib/RampIdx.xml; make docs)} {
Failed to find javadoc for ptolemy.domains.rendezvous.lib.Buffer} {
Failed to find source for ptolemy.domains.rendezvous.lib.Buffer} {
Failed to find ptdoc for ptolemy.domains.rendezvous.lib.Merge.  Try doing (cd /home/travis/build/icyphy/ptII/doc/test/../../doc; rm codeDoc/ptolemy/actor/lib/Ramp.xml codeDoc/ptolemy/actor/lib/RampIdx.xml; make docs)} {
Failed to find javadoc for ptolemy.domains.rendezvous.lib.Merge} {
Failed to find source for ptolemy.domains.rendezvous.lib.Merge} {
Failed to find ptdoc for ptolemy.domains.rendezvous.lib.ResourcePool.  Try doing (cd /home/travis/build/icyphy/ptII/doc/test/../../doc; rm codeDoc/ptolemy/actor/lib/Ramp.xml codeDoc/ptolemy/actor/lib/RampIdx.xml; make docs)} {
Failed to find javadoc for ptolemy.domains.rendezvous.lib.ResourcePool} {
Failed to find source for ptolemy.domains.rendezvous.lib.ResourcePool} {
Failed to find ptdoc for ptolemy.domains.sr.lib.Absent.  Try doing (cd /home/travis/build/icyphy/ptII/doc/test/../../doc; rm codeDoc/ptolemy/actor/lib/Ramp.xml codeDoc/ptolemy/actor/lib/RampIdx.xml; make docs)} {
Failed to find javadoc for ptolemy.domains.sr.lib.Absent} {
Failed to find source for ptolemy.domains.sr.lib.Absent} {
Failed to find ptdoc for ptolemy.domains.sr.lib.Current.  Try doing (cd /home/travis/build/icyphy/ptII/doc/test/../../doc; rm codeDoc/ptolemy/actor/lib/Ramp.xml codeDoc/ptolemy/actor/lib/RampIdx.xml; make docs)} {
Failed to find javadoc for ptolemy.domains.sr.lib.Current} {
Failed to find source for ptolemy.domains.sr.lib.Current} {
Failed to find ptdoc for ptolemy.actor.lib.Default.  Try doing (cd /home/travis/build/icyphy/ptII/doc/test/../../doc; rm codeDoc/ptolemy/actor/lib/Ramp.xml codeDoc/ptolemy/actor/lib/RampIdx.xml; make docs)} {
Failed to find javadoc for ptolemy.actor.lib.Default} {
Failed to find source for ptolemy.actor.lib.Default} {
Failed to find ptdoc for ptolemy.domains.sr.lib.InstantaneousDialogGenerator.  Try doing (cd /home/travis/build/icyphy/ptII/doc/test/../../doc; rm codeDoc/ptolemy/actor/lib/Ramp.xml codeDoc/ptolemy/actor/lib/RampIdx.xml; make docs)} {
Failed to find javadoc for ptolemy.domains.sr.lib.InstantaneousDialogGenerator} {
Failed to find source for ptolemy.domains.sr.lib.InstantaneousDialogGenerator} {
Failed to find ptdoc for ptolemy.actor.lib.logic.IsPresent.  Try doing (cd /home/travis/build/icyphy/ptII/doc/test/../../doc; rm codeDoc/ptolemy/actor/lib/Ramp.xml codeDoc/ptolemy/actor/lib/RampIdx.xml; make docs)} {
Failed to find javadoc for ptolemy.actor.lib.logic.IsPresent} {
Failed to find source for ptolemy.actor.lib.logic.IsPresent} {
Failed to find ptdoc for ptolemy.domains.sr.lib.NonStrictDelay.  Try doing (cd /home/travis/build/icyphy/ptII/doc/test/../../doc; rm codeDoc/ptolemy/actor/lib/Ramp.xml codeDoc/ptolemy/actor/lib/RampIdx.xml; make docs)} {
Failed to find javadoc for ptolemy.domains.sr.lib.NonStrictDelay} {
Failed to find source for ptolemy.domains.sr.lib.NonStrictDelay} {
Failed to find ptdoc for ptolemy.domains.sr.lib.gui.NonStrictDisplay.  Try doing (cd /home/travis/build/icyphy/ptII/doc/test/../../doc; rm codeDoc/ptolemy/actor/lib/Ramp.xml codeDoc/ptolemy/actor/lib/RampIdx.xml; make docs)} {
Failed to find javadoc for ptolemy.domains.sr.lib.gui.NonStrictDisplay} {
Failed to find source for ptolemy.domains.sr.lib.gui.NonStrictDisplay} {
Failed to find ptdoc for ptolemy.domains.sr.lib.BinaryNonStrictLogicGate.  Try doing (cd /home/travis/build/icyphy/ptII/doc/test/../../doc; rm codeDoc/ptolemy/actor/lib/Ramp.xml codeDoc/ptolemy/actor/lib/RampIdx.xml; make docs)} {
Failed to find javadoc for ptolemy.domains.sr.lib.BinaryNonStrictLogicGate} {
Failed to find source for ptolemy.domains.sr.lib.BinaryNonStrictLogicGate} {
Failed to find ptdoc for ptolemy.domains.sr.lib.NonStrictLogicGate.  Try doing (cd /home/travis/build/icyphy/ptII/doc/test/../../doc; rm codeDoc/ptolemy/actor/lib/Ramp.xml codeDoc/ptolemy/actor/lib/RampIdx.xml; make docs)} {
Failed to find javadoc for ptolemy.domains.sr.lib.NonStrictLogicGate} {
Failed to find source for ptolemy.domains.sr.lib.NonStrictLogicGate} {
Failed to find ptdoc for ptolemy.domains.sr.lib.NonStrictAndGate.  Try doing (cd /home/travis/build/icyphy/ptII/doc/test/../../doc; rm codeDoc/ptolemy/actor/lib/Ramp.xml codeDoc/ptolemy/actor/lib/RampIdx.xml; make docs)} {
Failed to find javadoc for ptolemy.domains.sr.lib.NonStrictAndGate} {
Failed to find source for ptolemy.domains.sr.lib.NonStrictAndGate} {
Failed to find ptdoc for ptolemy.domains.sr.lib.NonStrictOrGate.  Try doing (cd /home/travis/build/icyphy/ptII/doc/test/../../doc; rm codeDoc/ptolemy/actor/lib/Ramp.xml codeDoc/ptolemy/actor/lib/RampIdx.xml; make docs)} {
Failed to find javadoc for ptolemy.domains.sr.lib.NonStrictOrGate} {
Failed to find source for ptolemy.domains.sr.lib.NonStrictOrGate} {
Failed to find ptdoc for ptolemy.domains.sr.lib.NonStrictXorGate.  Try doing (cd /home/travis/build/icyphy/ptII/doc/test/../../doc; rm codeDoc/ptolemy/actor/lib/Ramp.xml codeDoc/ptolemy/actor/lib/RampIdx.xml; make docs)} {
Failed to find javadoc for ptolemy.domains.sr.lib.NonStrictXorGate} {
Failed to find source for ptolemy.domains.sr.lib.NonStrictXorGate} {
Failed to find ptdoc for ptolemy.domains.sr.lib.NonStrictThreeBitAdder.  Try doing (cd /home/travis/build/icyphy/ptII/doc/test/../../doc; rm codeDoc/ptolemy/actor/lib/Ramp.xml codeDoc/ptolemy/actor/lib/RampIdx.xml; make docs)} {
Failed to find javadoc for ptolemy.domains.sr.lib.NonStrictThreeBitAdder} {
Failed to find source for ptolemy.domains.sr.lib.NonStrictThreeBitAdder} {
Failed to find ptdoc for ptolemy.domains.sr.lib.Pre.  Try doing (cd /home/travis/build/icyphy/ptII/doc/test/../../doc; rm codeDoc/ptolemy/actor/lib/Ramp.xml codeDoc/ptolemy/actor/lib/RampIdx.xml; make docs)} {
Failed to find javadoc for ptolemy.domains.sr.lib.Pre} {
Failed to find source for ptolemy.domains.sr.lib.Pre} {
Failed to find ptdoc for ptolemy.domains.sr.lib.SingleTokenDistributor.  Try doing (cd /home/travis/build/icyphy/ptII/doc/test/../../doc; rm codeDoc/ptolemy/actor/lib/Ramp.xml codeDoc/ptolemy/actor/lib/RampIdx.xml; make docs)} {
Failed to find javadoc for ptolemy.domains.sr.lib.SingleTokenDistributor} {
Failed to find source for ptolemy.domains.sr.lib.SingleTokenDistributor} {
Failed to find ptdoc for ptolemy.domains.sr.lib.When.  Try doing (cd /home/travis/build/icyphy/ptII/doc/test/../../doc; rm codeDoc/ptolemy/actor/lib/Ramp.xml codeDoc/ptolemy/actor/lib/RampIdx.xml; make docs)} {
Failed to find javadoc for ptolemy.domains.sr.lib.When} {
Failed to find source for ptolemy.domains.sr.lib.When} {
Failed to find ptdoc for ptolemy.actor.lib.logic.TrueGate.  Try doing (cd /home/travis/build/icyphy/ptII/doc/test/../../doc; rm codeDoc/ptolemy/actor/lib/Ramp.xml codeDoc/ptolemy/actor/lib/RampIdx.xml; make docs)} {
Failed to find javadoc for ptolemy.actor.lib.logic.TrueGate} {
Failed to find source for ptolemy.actor.lib.logic.TrueGate} {
Failed to find ptdoc for org.terraswarm.accessor.JSAccessor.  Try doing (cd /home/travis/build/icyphy/ptII/doc/test/../../doc; rm codeDoc/ptolemy/actor/lib/Ramp.xml codeDoc/ptolemy/actor/lib/RampIdx.xml; make docs)} {
Failed to find javadoc for org.terraswarm.accessor.JSAccessor} {
Failed to find source for org.terraswarm.accessor.JSAccessor} {
Failed to find ptdoc for org.terraswarm.accessor.JSAccessor.  Try doing (cd /home/travis/build/icyphy/ptII/doc/test/../../doc; rm codeDoc/ptolemy/actor/lib/Ramp.xml codeDoc/ptolemy/actor/lib/RampIdx.xml; make docs)} {
Failed to find javadoc for org.terraswarm.accessor.JSAccessor} {
Failed to find source for org.terraswarm.accessor.JSAccessor} {
Failed to find ptdoc for org.terraswarm.accessor.JSAccessor.  Try doing (cd /home/travis/build/icyphy/ptII/doc/test/../../doc; rm codeDoc/ptolemy/actor/lib/Ramp.xml codeDoc/ptolemy/actor/lib/RampIdx.xml; make docs)} {
Failed to find javadoc for org.terraswarm.accessor.JSAccessor} {
Failed to find source for org.terraswarm.accessor.JSAccessor} {
Failed to find ptdoc for org.terraswarm.accessor.JSAccessor.  Try doing (cd /home/travis/build/icyphy/ptII/doc/test/../../doc; rm codeDoc/ptolemy/actor/lib/Ramp.xml codeDoc/ptolemy/actor/lib/RampIdx.xml; make docs)} {
Failed to find javadoc for org.terraswarm.accessor.JSAccessor} {
Failed to find source for org.terraswarm.accessor.JSAccessor} {
Failed to find ptdoc for org.terraswarm.accessor.JSAccessor.  Try doing (cd /home/travis/build/icyphy/ptII/doc/test/../../doc; rm codeDoc/ptolemy/actor/lib/Ramp.xml codeDoc/ptolemy/actor/lib/RampIdx.xml; make docs)} {
Failed to find javadoc for org.terraswarm.accessor.JSAccessor} {
Failed to find source for org.terraswarm.accessor.JSAccessor} {
Failed to find ptdoc for org.terraswarm.accessor.JSAccessor.  Try doing (cd /home/travis/build/icyphy/ptII/doc/test/../../doc; rm codeDoc/ptolemy/actor/lib/Ramp.xml codeDoc/ptolemy/actor/lib/RampIdx.xml; make docs)} {
Failed to find javadoc for org.terraswarm.accessor.JSAccessor} {
Failed to find source for org.terraswarm.accessor.JSAccessor} {
Failed to find ptdoc for org.terraswarm.accessor.JSAccessor.  Try doing (cd /home/travis/build/icyphy/ptII/doc/test/../../doc; rm codeDoc/ptolemy/actor/lib/Ramp.xml codeDoc/ptolemy/actor/lib/RampIdx.xml; make docs)} {
Failed to find javadoc for org.terraswarm.accessor.JSAccessor} {
Failed to find source for org.terraswarm.accessor.JSAccessor} {
Failed to find ptdoc for org.terraswarm.accessor.JSAccessor.  Try doing (cd /home/travis/build/icyphy/ptII/doc/test/../../doc; rm codeDoc/ptolemy/actor/lib/Ramp.xml codeDoc/ptolemy/actor/lib/RampIdx.xml; make docs)} {
Failed to find javadoc for org.terraswarm.accessor.JSAccessor} {
Failed to find source for org.terraswarm.accessor.JSAccessor} {
Failed to find ptdoc for org.terraswarm.accessor.JSAccessor.  Try doing (cd /home/travis/build/icyphy/ptII/doc/test/../../doc; rm codeDoc/ptolemy/actor/lib/Ramp.xml codeDoc/ptolemy/actor/lib/RampIdx.xml; make docs)} {
Failed to find javadoc for org.terraswarm.accessor.JSAccessor} {
Failed to find source for org.terraswarm.accessor.JSAccessor} {
Failed to find ptdoc for org.terraswarm.accessor.JSAccessor.  Try doing (cd /home/travis/build/icyphy/ptII/doc/test/../../doc; rm codeDoc/ptolemy/actor/lib/Ramp.xml codeDoc/ptolemy/actor/lib/RampIdx.xml; make docs)} {
Failed to find javadoc for org.terraswarm.accessor.JSAccessor} {
Failed to find source for org.terraswarm.accessor.JSAccessor} {
Failed to find ptdoc for org.terraswarm.accessor.JSAccessor.  Try doing (cd /home/travis/build/icyphy/ptII/doc/test/../../doc; rm codeDoc/ptolemy/actor/lib/Ramp.xml codeDoc/ptolemy/actor/lib/RampIdx.xml; make docs)} {
Failed to find javadoc for org.terraswarm.accessor.JSAccessor} {
Failed to find source for org.terraswarm.accessor.JSAccessor} {
Failed to find ptdoc for org.terraswarm.accessor.JSAccessor.  Try doing (cd /home/travis/build/icyphy/ptII/doc/test/../../doc; rm codeDoc/ptolemy/actor/lib/Ramp.xml codeDoc/ptolemy/actor/lib/RampIdx.xml; make docs)} {
Failed to find javadoc for org.terraswarm.accessor.JSAccessor} {
Failed to find source for org.terraswarm.accessor.JSAccessor} {
Failed to find ptdoc for org.terraswarm.accessor.JSAccessor.  Try doing (cd /home/travis/build/icyphy/ptII/doc/test/../../doc; rm codeDoc/ptolemy/actor/lib/Ramp.xml codeDoc/ptolemy/actor/lib/RampIdx.xml; make docs)} {
Failed to find javadoc for org.terraswarm.accessor.JSAccessor} {
Failed to find source for org.terraswarm.accessor.JSAccessor} {
Failed to find ptdoc for org.terraswarm.accessor.JSAccessor.  Try doing (cd /home/travis/build/icyphy/ptII/doc/test/../../doc; rm codeDoc/ptolemy/actor/lib/Ramp.xml codeDoc/ptolemy/actor/lib/RampIdx.xml; make docs)} {
Failed to find javadoc for org.terraswarm.accessor.JSAccessor} {
Failed to find source for org.terraswarm.accessor.JSAccessor} {
Failed to find ptdoc for org.terraswarm.accessor.JSAccessor.  Try doing (cd /home/travis/build/icyphy/ptII/doc/test/../../doc; rm codeDoc/ptolemy/actor/lib/Ramp.xml codeDoc/ptolemy/actor/lib/RampIdx.xml; make docs)} {
Failed to find javadoc for org.terraswarm.accessor.JSAccessor} {
Failed to find source for org.terraswarm.accessor.JSAccessor} {
Failed to find ptdoc for org.terraswarm.accessor.JSAccessor.  Try doing (cd /home/travis/build/icyphy/ptII/doc/test/../../doc; rm codeDoc/ptolemy/actor/lib/Ramp.xml codeDoc/ptolemy/actor/lib/RampIdx.xml; make docs)} {
Failed to find javadoc for org.terraswarm.accessor.JSAccessor} {
Failed to find source for org.terraswarm.accessor.JSAccessor} {
Failed to find ptdoc for org.terraswarm.accessor.JSAccessor.  Try doing (cd /home/travis/build/icyphy/ptII/doc/test/../../doc; rm codeDoc/ptolemy/actor/lib/Ramp.xml codeDoc/ptolemy/actor/lib/RampIdx.xml; make docs)} {
Failed to find javadoc for org.terraswarm.accessor.JSAccessor} {
Failed to find source for org.terraswarm.accessor.JSAccessor} {
Failed to find ptdoc for org.terraswarm.accessor.JSAccessor.  Try doing (cd /home/travis/build/icyphy/ptII/doc/test/../../doc; rm codeDoc/ptolemy/actor/lib/Ramp.xml codeDoc/ptolemy/actor/lib/RampIdx.xml; make docs)} {
Failed to find javadoc for org.terraswarm.accessor.JSAccessor} {
Failed to find source for org.terraswarm.accessor.JSAccessor} {
Failed to find ptdoc for org.terraswarm.accessor.JSAccessor.  Try doing (cd /home/travis/build/icyphy/ptII/doc/test/../../doc; rm codeDoc/ptolemy/actor/lib/Ramp.xml codeDoc/ptolemy/actor/lib/RampIdx.xml; make docs)} {
Failed to find javadoc for org.terraswarm.accessor.JSAccessor} {
Failed to find source for org.terraswarm.accessor.JSAccessor} {
Failed to find ptdoc for org.terraswarm.accessor.JSAccessor.  Try doing (cd /home/travis/build/icyphy/ptII/doc/test/../../doc; rm codeDoc/ptolemy/actor/lib/Ramp.xml codeDoc/ptolemy/actor/lib/RampIdx.xml; make docs)} {
Failed to find javadoc for org.terraswarm.accessor.JSAccessor} {
Failed to find source for org.terraswarm.accessor.JSAccessor} {
Failed to find ptdoc for org.terraswarm.accessor.JSAccessor.  Try doing (cd /home/travis/build/icyphy/ptII/doc/test/../../doc; rm codeDoc/ptolemy/actor/lib/Ramp.xml codeDoc/ptolemy/actor/lib/RampIdx.xml; make docs)} {
Failed to find javadoc for org.terraswarm.accessor.JSAccessor} {
Failed to find source for org.terraswarm.accessor.JSAccessor} {
Failed to find ptdoc for org.terraswarm.accessor.JSAccessor.  Try doing (cd /home/travis/build/icyphy/ptII/doc/test/../../doc; rm codeDoc/ptolemy/actor/lib/Ramp.xml codeDoc/ptolemy/actor/lib/RampIdx.xml; make docs)} {
Failed to find javadoc for org.terraswarm.accessor.JSAccessor} {
Failed to find source for org.terraswarm.accessor.JSAccessor} {
Failed to find ptdoc for org.terraswarm.accessor.JSAccessor.  Try doing (cd /home/travis/build/icyphy/ptII/doc/test/../../doc; rm codeDoc/ptolemy/actor/lib/Ramp.xml codeDoc/ptolemy/actor/lib/RampIdx.xml; make docs)} {
Failed to find javadoc for org.terraswarm.accessor.JSAccessor} {
Failed to find source for org.terraswarm.accessor.JSAccessor} {
Failed to find ptdoc for org.terraswarm.accessor.JSAccessor.  Try doing (cd /home/travis/build/icyphy/ptII/doc/test/../../doc; rm codeDoc/ptolemy/actor/lib/Ramp.xml codeDoc/ptolemy/actor/lib/RampIdx.xml; make docs)} {
Failed to find javadoc for org.terraswarm.accessor.JSAccessor} {
Failed to find source for org.terraswarm.accessor.JSAccessor} {
Failed to find ptdoc for org.terraswarm.accessor.JSAccessor.  Try doing (cd /home/travis/build/icyphy/ptII/doc/test/../../doc; rm codeDoc/ptolemy/actor/lib/Ramp.xml codeDoc/ptolemy/actor/lib/RampIdx.xml; make docs)} {
Failed to find javadoc for org.terraswarm.accessor.JSAccessor} {
Failed to find source for org.terraswarm.accessor.JSAccessor} {
Failed to find ptdoc for org.terraswarm.accessor.JSAccessor.  Try doing (cd /home/travis/build/icyphy/ptII/doc/test/../../doc; rm codeDoc/ptolemy/actor/lib/Ramp.xml codeDoc/ptolemy/actor/lib/RampIdx.xml; make docs)} {
Failed to find javadoc for org.terraswarm.accessor.JSAccessor} {
Failed to find source for org.terraswarm.accessor.JSAccessor} {
Failed to find ptdoc for org.terraswarm.accessor.JSAccessor.  Try doing (cd /home/travis/build/icyphy/ptII/doc/test/../../doc; rm codeDoc/ptolemy/actor/lib/Ramp.xml codeDoc/ptolemy/actor/lib/RampIdx.xml; make docs)} {
Failed to find javadoc for org.terraswarm.accessor.JSAccessor} {
Failed to find source for org.terraswarm.accessor.JSAccessor} {
Failed to find ptdoc for org.terraswarm.accessor.JSAccessor.  Try doing (cd /home/travis/build/icyphy/ptII/doc/test/../../doc; rm codeDoc/ptolemy/actor/lib/Ramp.xml codeDoc/ptolemy/actor/lib/RampIdx.xml; make docs)} {
Failed to find javadoc for org.terraswarm.accessor.JSAccessor} {
Failed to find source for org.terraswarm.accessor.JSAccessor} {
Failed to find ptdoc for org.terraswarm.accessor.JSAccessor.  Try doing (cd /home/travis/build/icyphy/ptII/doc/test/../../doc; rm codeDoc/ptolemy/actor/lib/Ramp.xml codeDoc/ptolemy/actor/lib/RampIdx.xml; make docs)} {
Failed to find javadoc for org.terraswarm.accessor.JSAccessor} {
Failed to find source for org.terraswarm.accessor.JSAccessor} {
Failed to find ptdoc for org.terraswarm.accessor.JSAccessor.  Try doing (cd /home/travis/build/icyphy/ptII/doc/test/../../doc; rm codeDoc/ptolemy/actor/lib/Ramp.xml codeDoc/ptolemy/actor/lib/RampIdx.xml; make docs)} {
Failed to find javadoc for org.terraswarm.accessor.JSAccessor} {
Failed to find source for org.terraswarm.accessor.JSAccessor} {
Failed to find ptdoc for org.terraswarm.accessor.JSAccessor.  Try doing (cd /home/travis/build/icyphy/ptII/doc/test/../../doc; rm codeDoc/ptolemy/actor/lib/Ramp.xml codeDoc/ptolemy/actor/lib/RampIdx.xml; make docs)} {
Failed to find javadoc for org.terraswarm.accessor.JSAccessor} {
Failed to find source for org.terraswarm.accessor.JSAccessor} {
Failed to find ptdoc for org.terraswarm.accessor.JSAccessor.  Try doing (cd /home/travis/build/icyphy/ptII/doc/test/../../doc; rm codeDoc/ptolemy/actor/lib/Ramp.xml codeDoc/ptolemy/actor/lib/RampIdx.xml; make docs)} {
Failed to find javadoc for org.terraswarm.accessor.JSAccessor} {
Failed to find source for org.terraswarm.accessor.JSAccessor} {
Failed to find ptdoc for org.terraswarm.accessor.JSAccessor.  Try doing (cd /home/travis/build/icyphy/ptII/doc/test/../../doc; rm codeDoc/ptolemy/actor/lib/Ramp.xml codeDoc/ptolemy/actor/lib/RampIdx.xml; make docs)} {
Failed to find javadoc for org.terraswarm.accessor.JSAccessor} {
Failed to find source for org.terraswarm.accessor.JSAccessor} {
Failed to find ptdoc for org.terraswarm.accessor.JSAccessor.  Try doing (cd /home/travis/build/icyphy/ptII/doc/test/../../doc; rm codeDoc/ptolemy/actor/lib/Ramp.xml codeDoc/ptolemy/actor/lib/RampIdx.xml; make docs)} {
Failed to find javadoc for org.terraswarm.accessor.JSAccessor} {
Failed to find source for org.terraswarm.accessor.JSAccessor} {
Failed to find ptdoc for org.terraswarm.accessor.JSAccessor.  Try doing (cd /home/travis/build/icyphy/ptII/doc/test/../../doc; rm codeDoc/ptolemy/actor/lib/Ramp.xml codeDoc/ptolemy/actor/lib/RampIdx.xml; make docs)} {
Failed to find javadoc for org.terraswarm.accessor.JSAccessor} {
Failed to find source for org.terraswarm.accessor.JSAccessor} {
Failed to find ptdoc for org.terraswarm.accessor.JSAccessor.  Try doing (cd /home/travis/build/icyphy/ptII/doc/test/../../doc; rm codeDoc/ptolemy/actor/lib/Ramp.xml codeDoc/ptolemy/actor/lib/RampIdx.xml; make docs)} {
Failed to find javadoc for org.terraswarm.accessor.JSAccessor} {
Failed to find source for org.terraswarm.accessor.JSAccessor} {
Failed to find ptdoc for org.terraswarm.accessor.JSAccessor.  Try doing (cd /home/travis/build/icyphy/ptII/doc/test/../../doc; rm codeDoc/ptolemy/actor/lib/Ramp.xml codeDoc/ptolemy/actor/lib/RampIdx.xml; make docs)} {
Failed to find javadoc for org.terraswarm.accessor.JSAccessor} {
Failed to find source for org.terraswarm.accessor.JSAccessor} {
Failed to find ptdoc for org.terraswarm.accessor.JSAccessor.  Try doing (cd /home/travis/build/icyphy/ptII/doc/test/../../doc; rm codeDoc/ptolemy/actor/lib/Ramp.xml codeDoc/ptolemy/actor/lib/RampIdx.xml; make docs)} {
Failed to find javadoc for org.terraswarm.accessor.JSAccessor} {
Failed to find source for org.terraswarm.accessor.JSAccessor} {
Failed to find ptdoc for org.terraswarm.accessor.JSAccessor.  Try doing (cd /home/travis/build/icyphy/ptII/doc/test/../../doc; rm codeDoc/ptolemy/actor/lib/Ramp.xml codeDoc/ptolemy/actor/lib/RampIdx.xml; make docs)} {
Failed to find javadoc for org.terraswarm.accessor.JSAccessor} {
Failed to find source for org.terraswarm.accessor.JSAccessor} {
Failed to find ptdoc for org.terraswarm.accessor.JSAccessor.  Try doing (cd /home/travis/build/icyphy/ptII/doc/test/../../doc; rm codeDoc/ptolemy/actor/lib/Ramp.xml codeDoc/ptolemy/actor/lib/RampIdx.xml; make docs)} {
Failed to find javadoc for org.terraswarm.accessor.JSAccessor} {
Failed to find source for org.terraswarm.accessor.JSAccessor} {
Failed to find ptdoc for org.terraswarm.accessor.JSAccessor.  Try doing (cd /home/travis/build/icyphy/ptII/doc/test/../../doc; rm codeDoc/ptolemy/actor/lib/Ramp.xml codeDoc/ptolemy/actor/lib/RampIdx.xml; make docs)} {
Failed to find javadoc for org.terraswarm.accessor.JSAccessor} {
Failed to find source for org.terraswarm.accessor.JSAccessor} {
Failed to find ptdoc for org.terraswarm.accessor.JSAccessor.  Try doing (cd /home/travis/build/icyphy/ptII/doc/test/../../doc; rm codeDoc/ptolemy/actor/lib/Ramp.xml codeDoc/ptolemy/actor/lib/RampIdx.xml; make docs)} {
Failed to find javadoc for org.terraswarm.accessor.JSAccessor} {
Failed to find source for org.terraswarm.accessor.JSAccessor} {
Failed to find ptdoc for org.terraswarm.accessor.JSAccessor.  Try doing (cd /home/travis/build/icyphy/ptII/doc/test/../../doc; rm codeDoc/ptolemy/actor/lib/Ramp.xml codeDoc/ptolemy/actor/lib/RampIdx.xml; make docs)} {
Failed to find javadoc for org.terraswarm.accessor.JSAccessor} {
Failed to find source for org.terraswarm.accessor.JSAccessor} {
Failed to find ptdoc for org.terraswarm.accessor.JSAccessor.  Try doing (cd /home/travis/build/icyphy/ptII/doc/test/../../doc; rm codeDoc/ptolemy/actor/lib/Ramp.xml codeDoc/ptolemy/actor/lib/RampIdx.xml; make docs)} {
Failed to find javadoc for org.terraswarm.accessor.JSAccessor} {
Failed to find source for org.terraswarm.accessor.JSAccessor} {
Failed to find ptdoc for org.terraswarm.accessor.JSAccessor.  Try doing (cd /home/travis/build/icyphy/ptII/doc/test/../../doc; rm codeDoc/ptolemy/actor/lib/Ramp.xml codeDoc/ptolemy/actor/lib/RampIdx.xml; make docs)} {
Failed to find javadoc for org.terraswarm.accessor.JSAccessor} {
Failed to find source for org.terraswarm.accessor.JSAccessor} {
Failed to find ptdoc for org.terraswarm.accessor.JSAccessor.  Try doing (cd /home/travis/build/icyphy/ptII/doc/test/../../doc; rm codeDoc/ptolemy/actor/lib/Ramp.xml codeDoc/ptolemy/actor/lib/RampIdx.xml; make docs)} {
Failed to find javadoc for org.terraswarm.accessor.JSAccessor} {
Failed to find source for org.terraswarm.accessor.JSAccessor} {
Failed to find ptdoc for org.terraswarm.accessor.JSAccessor.  Try doing (cd /home/travis/build/icyphy/ptII/doc/test/../../doc; rm codeDoc/ptolemy/actor/lib/Ramp.xml codeDoc/ptolemy/actor/lib/RampIdx.xml; make docs)} {
Failed to find javadoc for org.terraswarm.accessor.JSAccessor} {
Failed to find source for org.terraswarm.accessor.JSAccessor} {
Failed to find ptdoc for org.terraswarm.accessor.JSAccessor.  Try doing (cd /home/travis/build/icyphy/ptII/doc/test/../../doc; rm codeDoc/ptolemy/actor/lib/Ramp.xml codeDoc/ptolemy/actor/lib/RampIdx.xml; make docs)} {
Failed to find javadoc for org.terraswarm.accessor.JSAccessor} {
Failed to find source for org.terraswarm.accessor.JSAccessor} {
Failed to find ptdoc for org.terraswarm.accessor.JSAccessor.  Try doing (cd /home/travis/build/icyphy/ptII/doc/test/../../doc; rm codeDoc/ptolemy/actor/lib/Ramp.xml codeDoc/ptolemy/actor/lib/RampIdx.xml; make docs)} {
Failed to find javadoc for org.terraswarm.accessor.JSAccessor} {
Failed to find source for org.terraswarm.accessor.JSAccessor} {
Failed to find ptdoc for org.terraswarm.accessor.JSAccessor.  Try doing (cd /home/travis/build/icyphy/ptII/doc/test/../../doc; rm codeDoc/ptolemy/actor/lib/Ramp.xml codeDoc/ptolemy/actor/lib/RampIdx.xml; make docs)} {
Failed to find javadoc for org.terraswarm.accessor.JSAccessor} {
Failed to find source for org.terraswarm.accessor.JSAccessor} {
Failed to find ptdoc for org.terraswarm.accessor.JSAccessor.  Try doing (cd /home/travis/build/icyphy/ptII/doc/test/../../doc; rm codeDoc/ptolemy/actor/lib/Ramp.xml codeDoc/ptolemy/actor/lib/RampIdx.xml; make docs)} {
Failed to find javadoc for org.terraswarm.accessor.JSAccessor} {
Failed to find source for org.terraswarm.accessor.JSAccessor} {
Failed to find ptdoc for org.terraswarm.accessor.JSAccessor.  Try doing (cd /home/travis/build/icyphy/ptII/doc/test/../../doc; rm codeDoc/ptolemy/actor/lib/Ramp.xml codeDoc/ptolemy/actor/lib/RampIdx.xml; make docs)} {
Failed to find javadoc for org.terraswarm.accessor.JSAccessor} {
Failed to find source for org.terraswarm.accessor.JSAccessor} {
Failed to find ptdoc for org.terraswarm.accessor.JSAccessor.  Try doing (cd /home/travis/build/icyphy/ptII/doc/test/../../doc; rm codeDoc/ptolemy/actor/lib/Ramp.xml codeDoc/ptolemy/actor/lib/RampIdx.xml; make docs)} {
Failed to find javadoc for org.terraswarm.accessor.JSAccessor} {
Failed to find source for org.terraswarm.accessor.JSAccessor} {
Failed to find ptdoc for org.terraswarm.accessor.JSAccessor.  Try doing (cd /home/travis/build/icyphy/ptII/doc/test/../../doc; rm codeDoc/ptolemy/actor/lib/Ramp.xml codeDoc/ptolemy/actor/lib/RampIdx.xml; make docs)} {
Failed to find javadoc for org.terraswarm.accessor.JSAccessor} {
Failed to find source for org.terraswarm.accessor.JSAccessor} {
Failed to find ptdoc for org.terraswarm.accessor.JSAccessor.  Try doing (cd /home/travis/build/icyphy/ptII/doc/test/../../doc; rm codeDoc/ptolemy/actor/lib/Ramp.xml codeDoc/ptolemy/actor/lib/RampIdx.xml; make docs)} {
Failed to find javadoc for org.terraswarm.accessor.JSAccessor} {
Failed to find source for org.terraswarm.accessor.JSAccessor} {
Failed to find ptdoc for org.terraswarm.accessor.JSAccessor.  Try doing (cd /home/travis/build/icyphy/ptII/doc/test/../../doc; rm codeDoc/ptolemy/actor/lib/Ramp.xml codeDoc/ptolemy/actor/lib/RampIdx.xml; make docs)} {
Failed to find javadoc for org.terraswarm.accessor.JSAccessor} {
Failed to find source for org.terraswarm.accessor.JSAccessor} {
Failed to find ptdoc for org.terraswarm.accessor.JSAccessor.  Try doing (cd /home/travis/build/icyphy/ptII/doc/test/../../doc; rm codeDoc/ptolemy/actor/lib/Ramp.xml codeDoc/ptolemy/actor/lib/RampIdx.xml; make docs)} {
Failed to find javadoc for org.terraswarm.accessor.JSAccessor} {
Failed to find source for org.terraswarm.accessor.JSAccessor} {
Failed to find ptdoc for org.terraswarm.accessor.JSAccessor.  Try doing (cd /home/travis/build/icyphy/ptII/doc/test/../../doc; rm codeDoc/ptolemy/actor/lib/Ramp.xml codeDoc/ptolemy/actor/lib/RampIdx.xml; make docs)} {
Failed to find javadoc for org.terraswarm.accessor.JSAccessor} {
Failed to find source for org.terraswarm.accessor.JSAccessor} {
Failed to find ptdoc for org.terraswarm.accessor.JSAccessor.  Try doing (cd /home/travis/build/icyphy/ptII/doc/test/../../doc; rm codeDoc/ptolemy/actor/lib/Ramp.xml codeDoc/ptolemy/actor/lib/RampIdx.xml; make docs)} {
Failed to find javadoc for org.terraswarm.accessor.JSAccessor} {
Failed to find source for org.terraswarm.accessor.JSAccessor} {
Failed to find ptdoc for org.terraswarm.accessor.JSAccessor.  Try doing (cd /home/travis/build/icyphy/ptII/doc/test/../../doc; rm codeDoc/ptolemy/actor/lib/Ramp.xml codeDoc/ptolemy/actor/lib/RampIdx.xml; make docs)} {
Failed to find javadoc for org.terraswarm.accessor.JSAccessor} {
Failed to find source for org.terraswarm.accessor.JSAccessor} {
Failed to find ptdoc for org.terraswarm.accessor.JSAccessor.  Try doing (cd /home/travis/build/icyphy/ptII/doc/test/../../doc; rm codeDoc/ptolemy/actor/lib/Ramp.xml codeDoc/ptolemy/actor/lib/RampIdx.xml; make docs)} {
Failed to find javadoc for org.terraswarm.accessor.JSAccessor} {
Failed to find source for org.terraswarm.accessor.JSAccessor} {
Failed to find ptdoc for org.terraswarm.accessor.JSAccessor.  Try doing (cd /home/travis/build/icyphy/ptII/doc/test/../../doc; rm codeDoc/ptolemy/actor/lib/Ramp.xml codeDoc/ptolemy/actor/lib/RampIdx.xml; make docs)} {
Failed to find javadoc for org.terraswarm.accessor.JSAccessor} {
Failed to find source for org.terraswarm.accessor.JSAccessor} {
Failed to find ptdoc for org.terraswarm.accessor.JSAccessor.  Try doing (cd /home/travis/build/icyphy/ptII/doc/test/../../doc; rm codeDoc/ptolemy/actor/lib/Ramp.xml codeDoc/ptolemy/actor/lib/RampIdx.xml; make docs)} {
Failed to find javadoc for org.terraswarm.accessor.JSAccessor} {
Failed to find source for org.terraswarm.accessor.JSAccessor} {
Failed to find ptdoc for org.terraswarm.accessor.JSAccessor.  Try doing (cd /home/travis/build/icyphy/ptII/doc/test/../../doc; rm codeDoc/ptolemy/actor/lib/Ramp.xml codeDoc/ptolemy/actor/lib/RampIdx.xml; make docs)} {
Failed to find javadoc for org.terraswarm.accessor.JSAccessor} {
Failed to find source for org.terraswarm.accessor.JSAccessor} {
Failed to find ptdoc for org.terraswarm.accessor.JSAccessor.  Try doing (cd /home/travis/build/icyphy/ptII/doc/test/../../doc; rm codeDoc/ptolemy/actor/lib/Ramp.xml codeDoc/ptolemy/actor/lib/RampIdx.xml; make docs)} {
Failed to find javadoc for org.terraswarm.accessor.JSAccessor} {
Failed to find source for org.terraswarm.accessor.JSAccessor} {
Failed to find ptdoc for org.terraswarm.accessor.JSAccessor.  Try doing (cd /home/travis/build/icyphy/ptII/doc/test/../../doc; rm codeDoc/ptolemy/actor/lib/Ramp.xml codeDoc/ptolemy/actor/lib/RampIdx.xml; make docs)} {
Failed to find javadoc for org.terraswarm.accessor.JSAccessor} {
Failed to find source for org.terraswarm.accessor.JSAccessor} {
Failed to find ptdoc for org.terraswarm.accessor.JSAccessor.  Try doing (cd /home/travis/build/icyphy/ptII/doc/test/../../doc; rm codeDoc/ptolemy/actor/lib/Ramp.xml codeDoc/ptolemy/actor/lib/RampIdx.xml; make docs)} {
Failed to find javadoc for org.terraswarm.accessor.JSAccessor} {
Failed to find source for org.terraswarm.accessor.JSAccessor} {
Failed to find ptdoc for org.terraswarm.accessor.JSAccessor.  Try doing (cd /home/travis/build/icyphy/ptII/doc/test/../../doc; rm codeDoc/ptolemy/actor/lib/Ramp.xml codeDoc/ptolemy/actor/lib/RampIdx.xml; make docs)} {
Failed to find javadoc for org.terraswarm.accessor.JSAccessor} {
Failed to find source for org.terraswarm.accessor.JSAccessor} {
Failed to find ptdoc for org.terraswarm.accessor.JSAccessor.  Try doing (cd /home/travis/build/icyphy/ptII/doc/test/../../doc; rm codeDoc/ptolemy/actor/lib/Ramp.xml codeDoc/ptolemy/actor/lib/RampIdx.xml; make docs)} {
Failed to find javadoc for org.terraswarm.accessor.JSAccessor} {
Failed to find source for org.terraswarm.accessor.JSAccessor} {
Failed to find ptdoc for org.terraswarm.accessor.JSAccessor.  Try doing (cd /home/travis/build/icyphy/ptII/doc/test/../../doc; rm codeDoc/ptolemy/actor/lib/Ramp.xml codeDoc/ptolemy/actor/lib/RampIdx.xml; make docs)} {
Failed to find javadoc for org.terraswarm.accessor.JSAccessor} {
Failed to find source for org.terraswarm.accessor.JSAccessor} {
Failed to find ptdoc for org.terraswarm.accessor.JSAccessor.  Try doing (cd /home/travis/build/icyphy/ptII/doc/test/../../doc; rm codeDoc/ptolemy/actor/lib/Ramp.xml codeDoc/ptolemy/actor/lib/RampIdx.xml; make docs)} {
Failed to find javadoc for org.terraswarm.accessor.JSAccessor} {
Failed to find source for org.terraswarm.accessor.JSAccessor} {
Failed to find ptdoc for org.terraswarm.accessor.JSAccessor.  Try doing (cd /home/travis/build/icyphy/ptII/doc/test/../../doc; rm codeDoc/ptolemy/actor/lib/Ramp.xml codeDoc/ptolemy/actor/lib/RampIdx.xml; make docs)} {
Failed to find javadoc for org.terraswarm.accessor.JSAccessor} {
Failed to find source for org.terraswarm.accessor.JSAccessor} {
Failed to find ptdoc for org.terraswarm.accessor.JSAccessor.  Try doing (cd /home/travis/build/icyphy/ptII/doc/test/../../doc; rm codeDoc/ptolemy/actor/lib/Ramp.xml codeDoc/ptolemy/actor/lib/RampIdx.xml; make docs)} {
Failed to find javadoc for org.terraswarm.accessor.JSAccessor} {
Failed to find source for org.terraswarm.accessor.JSAccessor} {
Failed to find ptdoc for org.terraswarm.accessor.JSAccessor.  Try doing (cd /home/travis/build/icyphy/ptII/doc/test/../../doc; rm codeDoc/ptolemy/actor/lib/Ramp.xml codeDoc/ptolemy/actor/lib/RampIdx.xml; make docs)} {
Failed to find javadoc for org.terraswarm.accessor.JSAccessor} {
Failed to find source for org.terraswarm.accessor.JSAccessor} {
Failed to find ptdoc for org.terraswarm.accessor.JSAccessor.  Try doing (cd /home/travis/build/icyphy/ptII/doc/test/../../doc; rm codeDoc/ptolemy/actor/lib/Ramp.xml codeDoc/ptolemy/actor/lib/RampIdx.xml; make docs)} {
Failed to find javadoc for org.terraswarm.accessor.JSAccessor} {
Failed to find source for org.terraswarm.accessor.JSAccessor} {
Failed to find ptdoc for org.terraswarm.accessor.JSAccessor.  Try doing (cd /home/travis/build/icyphy/ptII/doc/test/../../doc; rm codeDoc/ptolemy/actor/lib/Ramp.xml codeDoc/ptolemy/actor/lib/RampIdx.xml; make docs)} {
Failed to find javadoc for org.terraswarm.accessor.JSAccessor} {
Failed to find source for org.terraswarm.accessor.JSAccessor} {
Failed to find ptdoc for org.terraswarm.accessor.JSAccessor.  Try doing (cd /home/travis/build/icyphy/ptII/doc/test/../../doc; rm codeDoc/ptolemy/actor/lib/Ramp.xml codeDoc/ptolemy/actor/lib/RampIdx.xml; make docs)} {
Failed to find javadoc for org.terraswarm.accessor.JSAccessor} {
Failed to find source for org.terraswarm.accessor.JSAccessor} {
Failed to find ptdoc for org.terraswarm.accessor.JSAccessor.  Try doing (cd /home/travis/build/icyphy/ptII/doc/test/../../doc; rm codeDoc/ptolemy/actor/lib/Ramp.xml codeDoc/ptolemy/actor/lib/RampIdx.xml; make docs)} {
Failed to find javadoc for org.terraswarm.accessor.JSAccessor} {
Failed to find source for org.terraswarm.accessor.JSAccessor} {
Failed to find ptdoc for org.terraswarm.accessor.JSAccessor.  Try doing (cd /home/travis/build/icyphy/ptII/doc/test/../../doc; rm codeDoc/ptolemy/actor/lib/Ramp.xml codeDoc/ptolemy/actor/lib/RampIdx.xml; make docs)} {
Failed to find javadoc for org.terraswarm.accessor.JSAccessor} {
Failed to find source for org.terraswarm.accessor.JSAccessor} {
Failed to find ptdoc for org.terraswarm.accessor.JSAccessor.  Try doing (cd /home/travis/build/icyphy/ptII/doc/test/../../doc; rm codeDoc/ptolemy/actor/lib/Ramp.xml codeDoc/ptolemy/actor/lib/RampIdx.xml; make docs)} {
Failed to find javadoc for org.terraswarm.accessor.JSAccessor} {
Failed to find source for org.terraswarm.accessor.JSAccessor} {
Failed to find ptdoc for org.terraswarm.accessor.JSAccessor.  Try doing (cd /home/travis/build/icyphy/ptII/doc/test/../../doc; rm codeDoc/ptolemy/actor/lib/Ramp.xml codeDoc/ptolemy/actor/lib/RampIdx.xml; make docs)} {
Failed to find javadoc for org.terraswarm.accessor.JSAccessor} {
Failed to find source for org.terraswarm.accessor.JSAccessor} {
Failed to find ptdoc for org.terraswarm.accessor.JSAccessor.  Try doing (cd /home/travis/build/icyphy/ptII/doc/test/../../doc; rm codeDoc/ptolemy/actor/lib/Ramp.xml codeDoc/ptolemy/actor/lib/RampIdx.xml; make docs)} {
Failed to find javadoc for org.terraswarm.accessor.JSAccessor} {
Failed to find source for org.terraswarm.accessor.JSAccessor} {
Failed to find ptdoc for org.terraswarm.accessor.JSAccessor.  Try doing (cd /home/travis/build/icyphy/ptII/doc/test/../../doc; rm codeDoc/ptolemy/actor/lib/Ramp.xml codeDoc/ptolemy/actor/lib/RampIdx.xml; make docs)} {
Failed to find javadoc for org.terraswarm.accessor.JSAccessor} {
Failed to find source for org.terraswarm.accessor.JSAccessor} {
Failed to find ptdoc for org.terraswarm.accessor.JSAccessor.  Try doing (cd /home/travis/build/icyphy/ptII/doc/test/../../doc; rm codeDoc/ptolemy/actor/lib/Ramp.xml codeDoc/ptolemy/actor/lib/RampIdx.xml; make docs)} {
Failed to find javadoc for org.terraswarm.accessor.JSAccessor} {
Failed to find source for org.terraswarm.accessor.JSAccessor} {
Failed to find ptdoc for org.terraswarm.accessor.JSAccessor.  Try doing (cd /home/travis/build/icyphy/ptII/doc/test/../../doc; rm codeDoc/ptolemy/actor/lib/Ramp.xml codeDoc/ptolemy/actor/lib/RampIdx.xml; make docs)} {
Failed to find javadoc for org.terraswarm.accessor.JSAccessor} {
Failed to find source for org.terraswarm.accessor.JSAccessor} {
Failed to find ptdoc for org.terraswarm.accessor.JSAccessor.  Try doing (cd /home/travis/build/icyphy/ptII/doc/test/../../doc; rm codeDoc/ptolemy/actor/lib/Ramp.xml codeDoc/ptolemy/actor/lib/RampIdx.xml; make docs)} {
Failed to find javadoc for org.terraswarm.accessor.JSAccessor} {
Failed to find source for org.terraswarm.accessor.JSAccessor} {
Failed to find ptdoc for org.terraswarm.accessor.JSAccessor.  Try doing (cd /home/travis/build/icyphy/ptII/doc/test/../../doc; rm codeDoc/ptolemy/actor/lib/Ramp.xml codeDoc/ptolemy/actor/lib/RampIdx.xml; make docs)} {
Failed to find javadoc for org.terraswarm.accessor.JSAccessor} {
Failed to find source for org.terraswarm.accessor.JSAccessor} {
Failed to find ptdoc for org.terraswarm.accessor.JSAccessor.  Try doing (cd /home/travis/build/icyphy/ptII/doc/test/../../doc; rm codeDoc/ptolemy/actor/lib/Ramp.xml codeDoc/ptolemy/actor/lib/RampIdx.xml; make docs)} {
Failed to find javadoc for org.terraswarm.accessor.JSAccessor} {
Failed to find source for org.terraswarm.accessor.JSAccessor} {
Failed to find ptdoc for org.terraswarm.accessor.JSAccessor.  Try doing (cd /home/travis/build/icyphy/ptII/doc/test/../../doc; rm codeDoc/ptolemy/actor/lib/Ramp.xml codeDoc/ptolemy/actor/lib/RampIdx.xml; make docs)} {
Failed to find javadoc for org.terraswarm.accessor.JSAccessor} {
Failed to find source for org.terraswarm.accessor.JSAccessor} {
Failed to find ptdoc for org.terraswarm.accessor.JSAccessor.  Try doing (cd /home/travis/build/icyphy/ptII/doc/test/../../doc; rm codeDoc/ptolemy/actor/lib/Ramp.xml codeDoc/ptolemy/actor/lib/RampIdx.xml; make docs)} {
Failed to find javadoc for org.terraswarm.accessor.JSAccessor} {
Failed to find source for org.terraswarm.accessor.JSAccessor} {
Failed to find ptdoc for org.terraswarm.accessor.JSAccessor.  Try doing (cd /home/travis/build/icyphy/ptII/doc/test/../../doc; rm codeDoc/ptolemy/actor/lib/Ramp.xml codeDoc/ptolemy/actor/lib/RampIdx.xml; make docs)} {
Failed to find javadoc for org.terraswarm.accessor.JSAccessor} {
Failed to find source for org.terraswarm.accessor.JSAccessor} {
Failed to find ptdoc for org.terraswarm.accessor.JSAccessor.  Try doing (cd /home/travis/build/icyphy/ptII/doc/test/../../doc; rm codeDoc/ptolemy/actor/lib/Ramp.xml codeDoc/ptolemy/actor/lib/RampIdx.xml; make docs)} {
Failed to find javadoc for org.terraswarm.accessor.JSAccessor} {
Failed to find source for org.terraswarm.accessor.JSAccessor} {
Failed to find ptdoc for org.terraswarm.accessor.JSAccessor.  Try doing (cd /home/travis/build/icyphy/ptII/doc/test/../../doc; rm codeDoc/ptolemy/actor/lib/Ramp.xml codeDoc/ptolemy/actor/lib/RampIdx.xml; make docs)} {
Failed to find javadoc for org.terraswarm.accessor.JSAccessor} {
Failed to find source for org.terraswarm.accessor.JSAccessor} {
Failed to find ptdoc for org.terraswarm.accessor.JSAccessor.  Try doing (cd /home/travis/build/icyphy/ptII/doc/test/../../doc; rm codeDoc/ptolemy/actor/lib/Ramp.xml codeDoc/ptolemy/actor/lib/RampIdx.xml; make docs)} {
Failed to find javadoc for org.terraswarm.accessor.JSAccessor} {
Failed to find source for org.terraswarm.accessor.JSAccessor} {
Failed to find ptdoc for org.terraswarm.accessor.JSAccessor.  Try doing (cd /home/travis/build/icyphy/ptII/doc/test/../../doc; rm codeDoc/ptolemy/actor/lib/Ramp.xml codeDoc/ptolemy/actor/lib/RampIdx.xml; make docs)} {
Failed to find javadoc for org.terraswarm.accessor.JSAccessor} {
Failed to find source for org.terraswarm.accessor.JSAccessor} {
Failed to find ptdoc for org.terraswarm.accessor.JSAccessor.  Try doing (cd /home/travis/build/icyphy/ptII/doc/test/../../doc; rm codeDoc/ptolemy/actor/lib/Ramp.xml codeDoc/ptolemy/actor/lib/RampIdx.xml; make docs)} {
Failed to find javadoc for org.terraswarm.accessor.JSAccessor} {
Failed to find source for org.terraswarm.accessor.JSAccessor} {
Failed to find ptdoc for org.terraswarm.accessor.JSAccessor.  Try doing (cd /home/travis/build/icyphy/ptII/doc/test/../../doc; rm codeDoc/ptolemy/actor/lib/Ramp.xml codeDoc/ptolemy/actor/lib/RampIdx.xml; make docs)} {
Failed to find javadoc for org.terraswarm.accessor.JSAccessor} {
Failed to find source for org.terraswarm.accessor.JSAccessor} {
Failed to find ptdoc for org.terraswarm.accessor.JSAccessor.  Try doing (cd /home/travis/build/icyphy/ptII/doc/test/../../doc; rm codeDoc/ptolemy/actor/lib/Ramp.xml codeDoc/ptolemy/actor/lib/RampIdx.xml; make docs)} {
Failed to find javadoc for org.terraswarm.accessor.JSAccessor} {
Failed to find source for org.terraswarm.accessor.JSAccessor} {
Failed to find ptdoc for org.terraswarm.accessor.JSAccessor.  Try doing (cd /home/travis/build/icyphy/ptII/doc/test/../../doc; rm codeDoc/ptolemy/actor/lib/Ramp.xml codeDoc/ptolemy/actor/lib/RampIdx.xml; make docs)} {
Failed to find javadoc for org.terraswarm.accessor.JSAccessor} {
Failed to find source for org.terraswarm.accessor.JSAccessor} {
Failed to find ptdoc for org.terraswarm.accessor.JSAccessor.  Try doing (cd /home/travis/build/icyphy/ptII/doc/test/../../doc; rm codeDoc/ptolemy/actor/lib/Ramp.xml codeDoc/ptolemy/actor/lib/RampIdx.xml; make docs)} {
Failed to find javadoc for org.terraswarm.accessor.JSAccessor} {
Failed to find source for org.terraswarm.accessor.JSAccessor} {
Failed to find ptdoc for org.terraswarm.accessor.JSAccessor.  Try doing (cd /home/travis/build/icyphy/ptII/doc/test/../../doc; rm codeDoc/ptolemy/actor/lib/Ramp.xml codeDoc/ptolemy/actor/lib/RampIdx.xml; make docs)} {
Failed to find javadoc for org.terraswarm.accessor.JSAccessor} {
Failed to find source for org.terraswarm.accessor.JSAccessor} {
Failed to find ptdoc for org.terraswarm.accessor.JSAccessor.  Try doing (cd /home/travis/build/icyphy/ptII/doc/test/../../doc; rm codeDoc/ptolemy/actor/lib/Ramp.xml codeDoc/ptolemy/actor/lib/RampIdx.xml; make docs)} {
Failed to find javadoc for org.terraswarm.accessor.JSAccessor} {
Failed to find source for org.terraswarm.accessor.JSAccessor} {
Failed to find ptdoc for org.terraswarm.accessor.JSAccessor.  Try doing (cd /home/travis/build/icyphy/ptII/doc/test/../../doc; rm codeDoc/ptolemy/actor/lib/Ramp.xml codeDoc/ptolemy/actor/lib/RampIdx.xml; make docs)} {
Failed to find javadoc for org.terraswarm.accessor.JSAccessor} {
Failed to find source for org.terraswarm.accessor.JSAccessor} {
Failed to find ptdoc for org.terraswarm.accessor.JSAccessor.  Try doing (cd /home/travis/build/icyphy/ptII/doc/test/../../doc; rm codeDoc/ptolemy/actor/lib/Ramp.xml codeDoc/ptolemy/actor/lib/RampIdx.xml; make docs)} {
Failed to find javadoc for org.terraswarm.accessor.JSAccessor} {
Failed to find source for org.terraswarm.accessor.JSAccessor} {
Failed to find ptdoc for org.terraswarm.accessor.JSAccessor.  Try doing (cd /home/travis/build/icyphy/ptII/doc/test/../../doc; rm codeDoc/ptolemy/actor/lib/Ramp.xml codeDoc/ptolemy/actor/lib/RampIdx.xml; make docs)} {
Failed to find javadoc for org.terraswarm.accessor.JSAccessor} {
Failed to find source for org.terraswarm.accessor.JSAccessor} {
Failed to find ptdoc for org.terraswarm.accessor.JSAccessor.  Try doing (cd /home/travis/build/icyphy/ptII/doc/test/../../doc; rm codeDoc/ptolemy/actor/lib/Ramp.xml codeDoc/ptolemy/actor/lib/RampIdx.xml; make docs)} {
Failed to find javadoc for org.terraswarm.accessor.JSAccessor} {
Failed to find source for org.terraswarm.accessor.JSAccessor} {
Failed to find ptdoc for org.terraswarm.accessor.JSAccessor.  Try doing (cd /home/travis/build/icyphy/ptII/doc/test/../../doc; rm codeDoc/ptolemy/actor/lib/Ramp.xml codeDoc/ptolemy/actor/lib/RampIdx.xml; make docs)} {
Failed to find javadoc for org.terraswarm.accessor.JSAccessor} {
Failed to find source for org.terraswarm.accessor.JSAccessor} {
Failed to find ptdoc for org.terraswarm.accessor.JSAccessor.  Try doing (cd /home/travis/build/icyphy/ptII/doc/test/../../doc; rm codeDoc/ptolemy/actor/lib/Ramp.xml codeDoc/ptolemy/actor/lib/RampIdx.xml; make docs)} {
Failed to find javadoc for org.terraswarm.accessor.JSAccessor} {
Failed to find source for org.terraswarm.accessor.JSAccessor} {
Failed to find ptdoc for ptolemy.domains.de.lib.aspect.AFDXESs.  Try doing (cd /home/travis/build/icyphy/ptII/doc/test/../../doc; rm codeDoc/ptolemy/actor/lib/Ramp.xml codeDoc/ptolemy/actor/lib/RampIdx.xml; make docs)} {
Failed to find javadoc for ptolemy.domains.de.lib.aspect.AFDXESs} {
Failed to find source for ptolemy.domains.de.lib.aspect.AFDXESs} {
Failed to find ptdoc for ptolemy.domains.de.lib.aspect.AFDXSwitch.  Try doing (cd /home/travis/build/icyphy/ptII/doc/test/../../doc; rm codeDoc/ptolemy/actor/lib/Ramp.xml codeDoc/ptolemy/actor/lib/RampIdx.xml; make docs)} {
Failed to find javadoc for ptolemy.domains.de.lib.aspect.AFDXSwitch} {
Failed to find source for ptolemy.domains.de.lib.aspect.AFDXSwitch} {
Failed to find ptdoc for ptolemy.domains.de.lib.aspect.Bus.  Try doing (cd /home/travis/build/icyphy/ptII/doc/test/../../doc; rm codeDoc/ptolemy/actor/lib/Ramp.xml codeDoc/ptolemy/actor/lib/RampIdx.xml; make docs)} {
Failed to find javadoc for ptolemy.domains.de.lib.aspect.Bus} {
Failed to find source for ptolemy.domains.de.lib.aspect.Bus} {
Failed to find ptdoc for ptolemy.domains.de.lib.aspect.BasicSwitch.  Try doing (cd /home/travis/build/icyphy/ptII/doc/test/../../doc; rm codeDoc/ptolemy/actor/lib/Ramp.xml codeDoc/ptolemy/actor/lib/RampIdx.xml; make docs)} {
Failed to find javadoc for ptolemy.domains.de.lib.aspect.BasicSwitch} {
Failed to find source for ptolemy.domains.de.lib.aspect.BasicSwitch} {
Failed to find ptdoc for ptolemy.actor.lib.aspect.CanBus.  Try doing (cd /home/travis/build/icyphy/ptII/doc/test/../../doc; rm codeDoc/ptolemy/actor/lib/Ramp.xml codeDoc/ptolemy/actor/lib/RampIdx.xml; make docs)} {
Failed to find javadoc for ptolemy.actor.lib.aspect.CanBus} {
Failed to find source for ptolemy.actor.lib.aspect.CanBus} {
Failed to find ptdoc for ptolemy.actor.gui.CommunicationAspectMonitor.  Try doing (cd /home/travis/build/icyphy/ptII/doc/test/../../doc; rm codeDoc/ptolemy/actor/lib/Ramp.xml codeDoc/ptolemy/actor/lib/RampIdx.xml; make docs)} {
Failed to find javadoc for ptolemy.actor.gui.CommunicationAspectMonitor} {
Failed to find source for ptolemy.actor.gui.CommunicationAspectMonitor} {
Failed to find ptdoc for ptolemy.domains.de.lib.aspect.CrossbarSwitch.  Try doing (cd /home/travis/build/icyphy/ptII/doc/test/../../doc; rm codeDoc/ptolemy/actor/lib/Ramp.xml codeDoc/ptolemy/actor/lib/RampIdx.xml; make docs)} {
Failed to find javadoc for ptolemy.domains.de.lib.aspect.CrossbarSwitch} {
Failed to find source for ptolemy.domains.de.lib.aspect.CrossbarSwitch} {
Failed to find ptdoc for ptolemy.actor.lib.aspect.DynamicCoreAssignmentScheduler.  Try doing (cd /home/travis/build/icyphy/ptII/doc/test/../../doc; rm codeDoc/ptolemy/actor/lib/Ramp.xml codeDoc/ptolemy/actor/lib/RampIdx.xml; make docs)} {
Failed to find javadoc for ptolemy.actor.lib.aspect.DynamicCoreAssignmentScheduler} {
Failed to find source for ptolemy.actor.lib.aspect.DynamicCoreAssignmentScheduler} {
Failed to find ptdoc for ptolemy.actor.lib.aspect.EDFScheduler.  Try doing (cd /home/travis/build/icyphy/ptII/doc/test/../../doc; rm codeDoc/ptolemy/actor/lib/Ramp.xml codeDoc/ptolemy/actor/lib/RampIdx.xml; make docs)} {
Failed to find javadoc for ptolemy.actor.lib.aspect.EDFScheduler} {
Failed to find source for ptolemy.actor.lib.aspect.EDFScheduler} {
Failed to find ptdoc for ptolemy.actor.lib.aspect.FixedPriorityScheduler.  Try doing (cd /home/travis/build/icyphy/ptII/doc/test/../../doc; rm codeDoc/ptolemy/actor/lib/Ramp.xml codeDoc/ptolemy/actor/lib/RampIdx.xml; make docs)} {
Failed to find javadoc for ptolemy.actor.lib.aspect.FixedPriorityScheduler} {
Failed to find source for ptolemy.actor.lib.aspect.FixedPriorityScheduler} {
Failed to find ptdoc for ptolemy.domains.de.lib.aspect.TTESwitch.  Try doing (cd /home/travis/build/icyphy/ptII/doc/test/../../doc; rm codeDoc/ptolemy/actor/lib/Ramp.xml codeDoc/ptolemy/actor/lib/RampIdx.xml; make docs)} {
Failed to find javadoc for ptolemy.domains.de.lib.aspect.TTESwitch} {
Failed to find source for ptolemy.domains.de.lib.aspect.TTESwitch} {
Failed to find ptdoc for lbnl.actor.lib.Simulator.  Try doing (cd /home/travis/build/icyphy/ptII/doc/test/../../doc; rm codeDoc/ptolemy/actor/lib/Ramp.xml codeDoc/ptolemy/actor/lib/RampIdx.xml; make docs)} {
Failed to find javadoc for lbnl.actor.lib.Simulator} {
Failed to find source for lbnl.actor.lib.Simulator} {
Failed to find ptdoc for lbnl.actor.lib.SystemCommand.  Try doing (cd /home/travis/build/icyphy/ptII/doc/test/../../doc; rm codeDoc/ptolemy/actor/lib/Ramp.xml codeDoc/ptolemy/actor/lib/RampIdx.xml; make docs)} {
Failed to find javadoc for lbnl.actor.lib.SystemCommand} {
Failed to find source for lbnl.actor.lib.SystemCommand} {
Failed to find ptdoc for org.hlacerti.lib.HlaAttributeUpdater.  Try doing (cd /home/travis/build/icyphy/ptII/doc/test/../../doc; rm codeDoc/ptolemy/actor/lib/Ramp.xml codeDoc/ptolemy/actor/lib/RampIdx.xml; make docs)} {
Failed to find javadoc for org.hlacerti.lib.HlaAttributeUpdater} {
Failed to find source for org.hlacerti.lib.HlaAttributeUpdater} {
Failed to find ptdoc for org.hlacerti.lib.HlaAttributeReflector.  Try doing (cd /home/travis/build/icyphy/ptII/doc/test/../../doc; rm codeDoc/ptolemy/actor/lib/Ramp.xml codeDoc/ptolemy/actor/lib/RampIdx.xml; make docs)} {
Failed to find javadoc for org.hlacerti.lib.HlaAttributeReflector} {
Failed to find source for org.hlacerti.lib.HlaAttributeReflector} {
Failed to find ptdoc for ptolemy.actor.lib.database.DatabaseManager.  Try doing (cd /home/travis/build/icyphy/ptII/doc/test/../../doc; rm codeDoc/ptolemy/actor/lib/Ramp.xml codeDoc/ptolemy/actor/lib/RampIdx.xml; make docs)} {
Failed to find javadoc for ptolemy.actor.lib.database.DatabaseManager} {
Failed to find source for ptolemy.actor.lib.database.DatabaseManager} {
Failed to find ptdoc for ptolemy.actor.lib.database.DatabaseQuery.  Try doing (cd /home/travis/build/icyphy/ptII/doc/test/../../doc; rm codeDoc/ptolemy/actor/lib/Ramp.xml codeDoc/ptolemy/actor/lib/RampIdx.xml; make docs)} {
Failed to find javadoc for ptolemy.actor.lib.database.DatabaseQuery} {
Failed to find source for ptolemy.actor.lib.database.DatabaseQuery} {
Failed to find ptdoc for ptolemy.actor.lib.database.DatabaseSelect.  Try doing (cd /home/travis/build/icyphy/ptII/doc/test/../../doc; rm codeDoc/ptolemy/actor/lib/Ramp.xml codeDoc/ptolemy/actor/lib/RampIdx.xml; make docs)} {
Failed to find javadoc for ptolemy.actor.lib.database.DatabaseSelect} {
Failed to find source for ptolemy.actor.lib.database.DatabaseSelect} {
Failed to find ptdoc for ptolemy.actor.lib.database.DatabaseInsert.  Try doing (cd /home/travis/build/icyphy/ptII/doc/test/../../doc; rm codeDoc/ptolemy/actor/lib/Ramp.xml codeDoc/ptolemy/actor/lib/RampIdx.xml; make docs)} {
Failed to find javadoc for ptolemy.actor.lib.database.DatabaseInsert} {
Failed to find source for ptolemy.actor.lib.database.DatabaseInsert} {
Failed to find ptdoc for ptolemy.actor.lib.database.SQLStatement.  Try doing (cd /home/travis/build/icyphy/ptII/doc/test/../../doc; rm codeDoc/ptolemy/actor/lib/Ramp.xml codeDoc/ptolemy/actor/lib/RampIdx.xml; make docs)} {
Failed to find javadoc for ptolemy.actor.lib.database.SQLStatement} {
Failed to find source for ptolemy.actor.lib.database.SQLStatement} {
Failed to find ptdoc for ptolemy.actor.lib.database.ArrayOfRecordsRecorder.  Try doing (cd /home/travis/build/icyphy/ptII/doc/test/../../doc; rm codeDoc/ptolemy/actor/lib/Ramp.xml codeDoc/ptolemy/actor/lib/RampIdx.xml; make docs)} {
Failed to find javadoc for ptolemy.actor.lib.database.ArrayOfRecordsRecorder} {
Failed to find source for ptolemy.actor.lib.database.ArrayOfRecordsRecorder} {
Failed to find ptdoc for ptolemy.actor.lib.PoissonClock.  Try doing (cd /home/travis/build/icyphy/ptII/doc/test/../../doc; rm codeDoc/ptolemy/actor/lib/Ramp.xml codeDoc/ptolemy/actor/lib/RampIdx.xml; make docs)} {
Failed to find javadoc for ptolemy.actor.lib.PoissonClock} {
Failed to find source for ptolemy.actor.lib.PoissonClock} {
Failed to find ptdoc for ptolemy.actor.lib.Ramp.  Try doing (cd /home/travis/build/icyphy/ptII/doc/test/../../doc; rm codeDoc/ptolemy/actor/lib/Ramp.xml codeDoc/ptolemy/actor/lib/RampIdx.xml; make docs)} {
Failed to find javadoc for ptolemy.actor.lib.Ramp} {
Failed to find source for ptolemy.actor.lib.Ramp} {
Failed to find ptdoc for ptolemy.actor.lib.gui.TimedPlotter.  Try doing (cd /home/travis/build/icyphy/ptII/doc/test/../../doc; rm codeDoc/ptolemy/actor/lib/Ramp.xml codeDoc/ptolemy/actor/lib/RampIdx.xml; make docs)} {
Failed to find javadoc for ptolemy.actor.lib.gui.TimedPlotter} {
Failed to find source for ptolemy.actor.lib.gui.TimedPlotter} {
Failed to find ptdoc for ptolemy.domains.sdf.lib.SampleDelay.  Try doing (cd /home/travis/build/icyphy/ptII/doc/test/../../doc; rm codeDoc/ptolemy/actor/lib/Ramp.xml codeDoc/ptolemy/actor/lib/RampIdx.xml; make docs)} {
Failed to find javadoc for ptolemy.domains.sdf.lib.SampleDelay} {
Failed to find source for ptolemy.domains.sdf.lib.SampleDelay} {
Failed to find ptdoc for ptolemy.actor.lib.Const.  Try doing (cd /home/travis/build/icyphy/ptII/doc/test/../../doc; rm codeDoc/ptolemy/actor/lib/Ramp.xml codeDoc/ptolemy/actor/lib/RampIdx.xml; make docs)} {
Failed to find javadoc for ptolemy.actor.lib.Const} {
Failed to find source for ptolemy.actor.lib.Const} {
Failed to find ptdoc for ptolemy.actor.lib.Ramp.  Try doing (cd /home/travis/build/icyphy/ptII/doc/test/../../doc; rm codeDoc/ptolemy/actor/lib/Ramp.xml codeDoc/ptolemy/actor/lib/RampIdx.xml; make docs)} {
Failed to find javadoc for ptolemy.actor.lib.Ramp} {
Failed to find source for ptolemy.actor.lib.Ramp} {
Failed to find ptdoc for ptolemy.actor.lib.Expression.  Try doing (cd /home/travis/build/icyphy/ptII/doc/test/../../doc; rm codeDoc/ptolemy/actor/lib/Ramp.xml codeDoc/ptolemy/actor/lib/RampIdx.xml; make docs)} {
Failed to find javadoc for ptolemy.actor.lib.Expression} {
Failed to find source for ptolemy.actor.lib.Expression} {
Failed to find ptdoc for ptolemy.actor.lib.BooleanSwitch.  Try doing (cd /home/travis/build/icyphy/ptII/doc/test/../../doc; rm codeDoc/ptolemy/actor/lib/Ramp.xml codeDoc/ptolemy/actor/lib/RampIdx.xml; make docs)} {
Failed to find javadoc for ptolemy.actor.lib.BooleanSwitch} {
Failed to find source for ptolemy.actor.lib.BooleanSwitch} {
Failed to find ptdoc for ptolemy.domains.ddf.lib.DDFBooleanSelect.  Try doing (cd /home/travis/build/icyphy/ptII/doc/test/../../doc; rm codeDoc/ptolemy/actor/lib/Ramp.xml codeDoc/ptolemy/actor/lib/RampIdx.xml; make docs)} {
Failed to find javadoc for ptolemy.domains.ddf.lib.DDFBooleanSelect} {
Failed to find source for ptolemy.domains.ddf.lib.DDFBooleanSelect} {
Failed to find ptdoc for ptolemy.actor.lib.Const.  Try doing (cd /home/travis/build/icyphy/ptII/doc/test/../../doc; rm codeDoc/ptolemy/actor/lib/Ramp.xml codeDoc/ptolemy/actor/lib/RampIdx.xml; make docs)} {
Failed to find javadoc for ptolemy.actor.lib.Const} {
Failed to find source for ptolemy.actor.lib.Const} {
Failed to find ptdoc for ptolemy.actor.lib.gui.Display.  Try doing (cd /home/travis/build/icyphy/ptII/doc/test/../../doc; rm codeDoc/ptolemy/actor/lib/Ramp.xml codeDoc/ptolemy/actor/lib/RampIdx.xml; make docs)} {
Failed to find javadoc for ptolemy.actor.lib.gui.Display} {
Failed to find source for ptolemy.actor.lib.gui.Display} {
Failed to find ptdoc for ptolemy.actor.lib.Counter.  Try doing (cd /home/travis/build/icyphy/ptII/doc/test/../../doc; rm codeDoc/ptolemy/actor/lib/Ramp.xml codeDoc/ptolemy/actor/lib/RampIdx.xml; make docs)} {
Failed to find javadoc for ptolemy.actor.lib.Counter} {
Failed to find source for ptolemy.actor.lib.Counter} {
Failed to find ptdoc for ptolemy.domains.rendezvous.lib.Barrier.  Try doing (cd /home/travis/build/icyphy/ptII/doc/test/../../doc; rm codeDoc/ptolemy/actor/lib/Ramp.xml codeDoc/ptolemy/actor/lib/RampIdx.xml; make docs)} {
Failed to find javadoc for ptolemy.domains.rendezvous.lib.Barrier} {
Failed to find source for ptolemy.domains.rendezvous.lib.Barrier} {
Failed to find ptdoc for ptolemy.domains.ca.lib.gui.CAViewer.  Try doing (cd /home/travis/build/icyphy/ptII/doc/test/../../doc; rm codeDoc/ptolemy/actor/lib/Ramp.xml codeDoc/ptolemy/actor/lib/RampIdx.xml; make docs)} {
Failed to find javadoc for ptolemy.domains.ca.lib.gui.CAViewer} {
Failed to find source for ptolemy.domains.ca.lib.gui.CAViewer} {
Failed to find ptdoc for ptolemy.domains.dde.lib.DDESink.  Try doing (cd /home/travis/build/icyphy/ptII/doc/test/../../doc; rm codeDoc/ptolemy/actor/lib/Ramp.xml codeDoc/ptolemy/actor/lib/RampIdx.xml; make docs)} {
Failed to find javadoc for ptolemy.domains.dde.lib.DDESink} {
Failed to find source for ptolemy.domains.dde.lib.DDESink} {
Failed to find ptdoc for ptolemy.domains.dde.lib.DoubleFork.  Try doing (cd /home/travis/build/icyphy/ptII/doc/test/../../doc; rm codeDoc/ptolemy/actor/lib/Ramp.xml codeDoc/ptolemy/actor/lib/RampIdx.xml; make docs)} {
Failed to find javadoc for ptolemy.domains.dde.lib.DoubleFork} {
Failed to find source for ptolemy.domains.dde.lib.DoubleFork} {
Failed to find ptdoc for ptolemy.domains.dde.lib.Wire.  Try doing (cd /home/travis/build/icyphy/ptII/doc/test/../../doc; rm codeDoc/ptolemy/actor/lib/Ramp.xml codeDoc/ptolemy/actor/lib/RampIdx.xml; make docs)} {
Failed to find javadoc for ptolemy.domains.dde.lib.Wire} {
Failed to find source for ptolemy.domains.dde.lib.Wire} {
Failed to find ptdoc for ptolemy.domains.petrinet.kernel.Place.  Try doing (cd /home/travis/build/icyphy/ptII/doc/test/../../doc; rm codeDoc/ptolemy/actor/lib/Ramp.xml codeDoc/ptolemy/actor/lib/RampIdx.xml; make docs)} {
Failed to find javadoc for ptolemy.domains.petrinet.kernel.Place} {
Failed to find source for ptolemy.domains.petrinet.kernel.Place} {
Failed to find ptdoc for ptolemy.domains.pthales.lib.PthalesGenericActor.  Try doing (cd /home/travis/build/icyphy/ptII/doc/test/../../doc; rm codeDoc/ptolemy/actor/lib/Ramp.xml codeDoc/ptolemy/actor/lib/RampIdx.xml; make docs)} {
Failed to find javadoc for ptolemy.domains.pthales.lib.PthalesGenericActor} {
Failed to find source for ptolemy.domains.pthales.lib.PthalesGenericActor} {
Failed to find ptdoc for ptolemy.domains.pthales.lib.PthalesAddHeaderActor.  Try doing (cd /home/travis/build/icyphy/ptII/doc/test/../../doc; rm codeDoc/ptolemy/actor/lib/Ramp.xml codeDoc/ptolemy/actor/lib/RampIdx.xml; make docs)} {
Failed to find javadoc for ptolemy.domains.pthales.lib.PthalesAddHeaderActor} {
Failed to find source for ptolemy.domains.pthales.lib.PthalesAddHeaderActor} {
Failed to find ptdoc for ptolemy.domains.pthales.lib.PthalesRemoveHeaderActor.  Try doing (cd /home/travis/build/icyphy/ptII/doc/test/../../doc; rm codeDoc/ptolemy/actor/lib/Ramp.xml codeDoc/ptolemy/actor/lib/RampIdx.xml; make docs)} {
Failed to find javadoc for ptolemy.domains.pthales.lib.PthalesRemoveHeaderActor} {
Failed to find source for ptolemy.domains.pthales.lib.PthalesRemoveHeaderActor} {
Failed to find ptdoc for ptolemy.actor.lib.Exec.  Try doing (cd /home/travis/build/icyphy/ptII/doc/test/../../doc; rm codeDoc/ptolemy/actor/lib/Ramp.xml codeDoc/ptolemy/actor/lib/RampIdx.xml; make docs)} {
Failed to find javadoc for ptolemy.actor.lib.Exec} {
Failed to find source for ptolemy.actor.lib.Exec} {
Failed to find ptdoc for ptolemy.caltrop.actors.CalInterpreter.  Try doing (cd /home/travis/build/icyphy/ptII/doc/test/../../doc; rm codeDoc/ptolemy/actor/lib/Ramp.xml codeDoc/ptolemy/actor/lib/RampIdx.xml; make docs)} {
Failed to find javadoc for ptolemy.caltrop.actors.CalInterpreter} {
Failed to find source for ptolemy.caltrop.actors.CalInterpreter} {
Failed to find ptdoc for ptolemy.actor.lib.OrderedMerge.  Try doing (cd /home/travis/build/icyphy/ptII/doc/test/../../doc; rm codeDoc/ptolemy/actor/lib/Ramp.xml codeDoc/ptolemy/actor/lib/RampIdx.xml; make docs)} {
Failed to find javadoc for ptolemy.actor.lib.OrderedMerge} {
Failed to find source for ptolemy.actor.lib.OrderedMerge} {
Failed to find ptdoc for ptolemy.actor.lib.RemoveNilTokens.  Try doing (cd /home/travis/build/icyphy/ptII/doc/test/../../doc; rm codeDoc/ptolemy/actor/lib/Ramp.xml codeDoc/ptolemy/actor/lib/RampIdx.xml; make docs)} {
Failed to find javadoc for ptolemy.actor.lib.RemoveNilTokens} {
Failed to find source for ptolemy.actor.lib.RemoveNilTokens} {
Failed to find ptdoc for ptolemy.actor.lib.gem5.Gem5Wrapper.  Try doing (cd /home/travis/build/icyphy/ptII/doc/test/../../doc; rm codeDoc/ptolemy/actor/lib/Ramp.xml codeDoc/ptolemy/actor/lib/RampIdx.xml; make docs)} {
Failed to find javadoc for ptolemy.actor.lib.gem5.Gem5Wrapper} {
Failed to find source for ptolemy.actor.lib.gem5.Gem5Wrapper} {
Failed to find ptdoc for ptolemy.actor.gt.ModelCombine.  Try doing (cd /home/travis/build/icyphy/ptII/doc/test/../../doc; rm codeDoc/ptolemy/actor/lib/Ramp.xml codeDoc/ptolemy/actor/lib/RampIdx.xml; make docs)} {
Failed to find javadoc for ptolemy.actor.gt.ModelCombine} {
Failed to find source for ptolemy.actor.gt.ModelCombine} {
Failed to find ptdoc for ptolemy.actor.gt.ModelExecutor.  Try doing (cd /home/travis/build/icyphy/ptII/doc/test/../../doc; rm codeDoc/ptolemy/actor/lib/Ramp.xml codeDoc/ptolemy/actor/lib/RampIdx.xml; make docs)} {
Failed to find javadoc for ptolemy.actor.gt.ModelExecutor} {
Failed to find source for ptolemy.actor.gt.ModelExecutor} {
Failed to find ptdoc for ptolemy.actor.gt.ModelGenerator.  Try doing (cd /home/travis/build/icyphy/ptII/doc/test/../../doc; rm codeDoc/ptolemy/actor/lib/Ramp.xml codeDoc/ptolemy/actor/lib/RampIdx.xml; make docs)} {
Failed to find javadoc for ptolemy.actor.gt.ModelGenerator} {
Failed to find source for ptolemy.actor.gt.ModelGenerator} {
Failed to find ptdoc for ptolemy.actor.gt.ModelView.  Try doing (cd /home/travis/build/icyphy/ptII/doc/test/../../doc; rm codeDoc/ptolemy/actor/lib/Ramp.xml codeDoc/ptolemy/actor/lib/RampIdx.xml; make docs)} {
Failed to find javadoc for ptolemy.actor.gt.ModelView} {
Failed to find source for ptolemy.actor.gt.ModelView} {
Failed to find ptdoc for ptolemy.actor.gt.MoMLGenerator.  Try doing (cd /home/travis/build/icyphy/ptII/doc/test/../../doc; rm codeDoc/ptolemy/actor/lib/Ramp.xml codeDoc/ptolemy/actor/lib/RampIdx.xml; make docs)} {
Failed to find javadoc for ptolemy.actor.gt.MoMLGenerator} {
Failed to find source for ptolemy.actor.gt.MoMLGenerator} {
Failed to find ptdoc for ptolemy.actor.lib.conversions.json.JSONToToken.  Try doing (cd /home/travis/build/icyphy/ptII/doc/test/../../doc; rm codeDoc/ptolemy/actor/lib/Ramp.xml codeDoc/ptolemy/actor/lib/RampIdx.xml; make docs)} {
Failed to find javadoc for ptolemy.actor.lib.conversions.json.JSONToToken} {
Failed to find source for ptolemy.actor.lib.conversions.json.JSONToToken} {
Failed to find ptdoc for ptolemy.actor.lib.conversions.json.TokenToJSON.  Try doing (cd /home/travis/build/icyphy/ptII/doc/test/../../doc; rm codeDoc/ptolemy/actor/lib/Ramp.xml codeDoc/ptolemy/actor/lib/RampIdx.xml; make docs)} {
Failed to find javadoc for ptolemy.actor.lib.conversions.json.TokenToJSON} {
Failed to find source for ptolemy.actor.lib.conversions.json.TokenToJSON} {
Failed to find ptdoc for org.ptolemy.machineLearning.clustering.KMeans.  Try doing (cd /home/travis/build/icyphy/ptII/doc/test/../../doc; rm codeDoc/ptolemy/actor/lib/Ramp.xml codeDoc/ptolemy/actor/lib/RampIdx.xml; make docs)} {
Failed to find javadoc for org.ptolemy.machineLearning.clustering.KMeans} {
Failed to find source for org.ptolemy.machineLearning.clustering.KMeans} {
Failed to find ptdoc for org.ptolemy.machineLearning.hmm.HMMGaussianEstimator.  Try doing (cd /home/travis/build/icyphy/ptII/doc/test/../../doc; rm codeDoc/ptolemy/actor/lib/Ramp.xml codeDoc/ptolemy/actor/lib/RampIdx.xml; make docs)} {
Failed to find javadoc for org.ptolemy.machineLearning.hmm.HMMGaussianEstimator} {
Failed to find source for org.ptolemy.machineLearning.hmm.HMMGaussianEstimator} {
Failed to find ptdoc for org.ptolemy.machineLearning.hmm.HMMExponentialEstimator.  Try doing (cd /home/travis/build/icyphy/ptII/doc/test/../../doc; rm codeDoc/ptolemy/actor/lib/Ramp.xml codeDoc/ptolemy/actor/lib/RampIdx.xml; make docs)} {
Failed to find javadoc for org.ptolemy.machineLearning.hmm.HMMExponentialEstimator} {
Failed to find source for org.ptolemy.machineLearning.hmm.HMMExponentialEstimator} {
Failed to find ptdoc for org.ptolemy.machineLearning.hmm.HMMMultinomialEstimator.  Try doing (cd /home/travis/build/icyphy/ptII/doc/test/../../doc; rm codeDoc/ptolemy/actor/lib/Ramp.xml codeDoc/ptolemy/actor/lib/RampIdx.xml; make docs)} {
Failed to find javadoc for org.ptolemy.machineLearning.hmm.HMMMultinomialEstimator} {
Failed to find source for org.ptolemy.machineLearning.hmm.HMMMultinomialEstimator} {
Failed to find ptdoc for org.ptolemy.machineLearning.hmm.HMMGaussianClassifier.  Try doing (cd /home/travis/build/icyphy/ptII/doc/test/../../doc; rm codeDoc/ptolemy/actor/lib/Ramp.xml codeDoc/ptolemy/actor/lib/RampIdx.xml; make docs)} {
Failed to find javadoc for org.ptolemy.machineLearning.hmm.HMMGaussianClassifier} {
Failed to find source for org.ptolemy.machineLearning.hmm.HMMGaussianClassifier} {
Failed to find ptdoc for org.ptolemy.machineLearning.hmm.HMMExponentialClassifier.  Try doing (cd /home/travis/build/icyphy/ptII/doc/test/../../doc; rm codeDoc/ptolemy/actor/lib/Ramp.xml codeDoc/ptolemy/actor/lib/RampIdx.xml; make docs)} {
Failed to find javadoc for org.ptolemy.machineLearning.hmm.HMMExponentialClassifier} {
Failed to find source for org.ptolemy.machineLearning.hmm.HMMExponentialClassifier} {
Failed to find ptdoc for org.ptolemy.machineLearning.hmm.HMMMultinomialClassifier.  Try doing (cd /home/travis/build/icyphy/ptII/doc/test/../../doc; rm codeDoc/ptolemy/actor/lib/Ramp.xml codeDoc/ptolemy/actor/lib/RampIdx.xml; make docs)} {
Failed to find javadoc for org.ptolemy.machineLearning.hmm.HMMMultinomialClassifier} {
Failed to find source for org.ptolemy.machineLearning.hmm.HMMMultinomialClassifier} {
Failed to find ptdoc for org.ptolemy.machineLearning.hsmm.HSMMMultinomialEstimator.  Try doing (cd /home/travis/build/icyphy/ptII/doc/test/../../doc; rm codeDoc/ptolemy/actor/lib/Ramp.xml codeDoc/ptolemy/actor/lib/RampIdx.xml; make docs)} {
Failed to find javadoc for org.ptolemy.machineLearning.hsmm.HSMMMultinomialEstimator} {
Failed to find source for org.ptolemy.machineLearning.hsmm.HSMMMultinomialEstimator} {
Failed to find ptdoc for org.ptolemy.machineLearning.hsmm.HSMMTimeAwareMultinomialEstimator.  Try doing (cd /home/travis/build/icyphy/ptII/doc/test/../../doc; rm codeDoc/ptolemy/actor/lib/Ramp.xml codeDoc/ptolemy/actor/lib/RampIdx.xml; make docs)} {
Failed to find javadoc for org.ptolemy.machineLearning.hsmm.HSMMTimeAwareMultinomialEstimator} {
Failed to find source for org.ptolemy.machineLearning.hsmm.HSMMTimeAwareMultinomialEstimator} {
Failed to find ptdoc for org.ptolemy.machineLearning.hsmm.HSMMGaussianEstimator.  Try doing (cd /home/travis/build/icyphy/ptII/doc/test/../../doc; rm codeDoc/ptolemy/actor/lib/Ramp.xml codeDoc/ptolemy/actor/lib/RampIdx.xml; make docs)} {
Failed to find javadoc for org.ptolemy.machineLearning.hsmm.HSMMGaussianEstimator} {
Failed to find source for org.ptolemy.machineLearning.hsmm.HSMMGaussianEstimator} {
Failed to find ptdoc for org.ptolemy.machineLearning.hsmm.HSMMGeneratorGaussianEmissions.  Try doing (cd /home/travis/build/icyphy/ptII/doc/test/../../doc; rm codeDoc/ptolemy/actor/lib/Ramp.xml codeDoc/ptolemy/actor/lib/RampIdx.xml; make docs)} {
Failed to find javadoc for org.ptolemy.machineLearning.hsmm.HSMMGeneratorGaussianEmissions} {
Failed to find source for org.ptolemy.machineLearning.hsmm.HSMMGeneratorGaussianEmissions} {
Failed to find ptdoc for org.ptolemy.machineLearning.hsmm.HSMMGeneratorMultinomialEmissions.  Try doing (cd /home/travis/build/icyphy/ptII/doc/test/../../doc; rm codeDoc/ptolemy/actor/lib/Ramp.xml codeDoc/ptolemy/actor/lib/RampIdx.xml; make docs)} {
Failed to find javadoc for org.ptolemy.machineLearning.hsmm.HSMMGeneratorMultinomialEmissions} {
Failed to find source for org.ptolemy.machineLearning.hsmm.HSMMGeneratorMultinomialEmissions} {
Failed to find ptdoc for org.ptolemy.machineLearning.hsmm.HSMMTimeAwareGenerator.  Try doing (cd /home/travis/build/icyphy/ptII/doc/test/../../doc; rm codeDoc/ptolemy/actor/lib/Ramp.xml codeDoc/ptolemy/actor/lib/RampIdx.xml; make docs)} {
Failed to find javadoc for org.ptolemy.machineLearning.hsmm.HSMMTimeAwareGenerator} {
Failed to find source for org.ptolemy.machineLearning.hsmm.HSMMTimeAwareGenerator} {
Failed to find ptdoc for org.ptolemy.ssm.GaussianMeasurementModel.  Try doing (cd /home/travis/build/icyphy/ptII/doc/test/../../doc; rm codeDoc/ptolemy/actor/lib/Ramp.xml codeDoc/ptolemy/actor/lib/RampIdx.xml; make docs)} {
Failed to find javadoc for org.ptolemy.ssm.GaussianMeasurementModel} {
Failed to find source for org.ptolemy.ssm.GaussianMeasurementModel} {
Failed to find ptdoc for org.ptolemy.ssm.Map.  Try doing (cd /home/travis/build/icyphy/ptII/doc/test/../../doc; rm codeDoc/ptolemy/actor/lib/Ramp.xml codeDoc/ptolemy/actor/lib/RampIdx.xml; make docs)} {
Failed to find javadoc for org.ptolemy.ssm.Map} {
Failed to find source for org.ptolemy.ssm.Map} {
Failed to find ptdoc for org.ptolemy.ssm.StateSpaceModel.  Try doing (cd /home/travis/build/icyphy/ptII/doc/test/../../doc; rm codeDoc/ptolemy/actor/lib/Ramp.xml codeDoc/ptolemy/actor/lib/RampIdx.xml; make docs)} {
Failed to find javadoc for org.ptolemy.ssm.StateSpaceModel} {
Failed to find source for org.ptolemy.ssm.StateSpaceModel} {
Failed to find ptdoc for ptolemy.actor.lib.mail.SendMail.  Try doing (cd /home/travis/build/icyphy/ptII/doc/test/../../doc; rm codeDoc/ptolemy/actor/lib/Ramp.xml codeDoc/ptolemy/actor/lib/RampIdx.xml; make docs)} {
Failed to find javadoc for ptolemy.actor.lib.mail.SendMail} {
Failed to find source for ptolemy.actor.lib.mail.SendMail} {
Failed to find ptdoc for ptolemy.actor.lib.mbed.Accelerometer.  Try doing (cd /home/travis/build/icyphy/ptII/doc/test/../../doc; rm codeDoc/ptolemy/actor/lib/Ramp.xml codeDoc/ptolemy/actor/lib/RampIdx.xml; make docs)} {
Failed to find javadoc for ptolemy.actor.lib.mbed.Accelerometer} {
Failed to find source for ptolemy.actor.lib.mbed.Accelerometer} {
Failed to find ptdoc for ptolemy.actor.lib.mbed.CC3000Control.  Try doing (cd /home/travis/build/icyphy/ptII/doc/test/../../doc; rm codeDoc/ptolemy/actor/lib/Ramp.xml codeDoc/ptolemy/actor/lib/RampIdx.xml; make docs)} {
Failed to find javadoc for ptolemy.actor.lib.mbed.CC3000Control} {
Failed to find source for ptolemy.actor.lib.mbed.CC3000Control} {
Failed to find ptdoc for ptolemy.actor.lib.mbed.CC3000Module.  Try doing (cd /home/travis/build/icyphy/ptII/doc/test/../../doc; rm codeDoc/ptolemy/actor/lib/Ramp.xml codeDoc/ptolemy/actor/lib/RampIdx.xml; make docs)} {
Failed to find javadoc for ptolemy.actor.lib.mbed.CC3000Module} {
Failed to find source for ptolemy.actor.lib.mbed.CC3000Module} {
Failed to find ptdoc for ptolemy.actor.lib.mbed.GestureRecognition.  Try doing (cd /home/travis/build/icyphy/ptII/doc/test/../../doc; rm codeDoc/ptolemy/actor/lib/Ramp.xml codeDoc/ptolemy/actor/lib/RampIdx.xml; make docs)} {
Failed to find javadoc for ptolemy.actor.lib.mbed.GestureRecognition} {
Failed to find source for ptolemy.actor.lib.mbed.GestureRecognition} {
Failed to find ptdoc for ptolemy.actor.lib.mbed.GPIOWriter.  Try doing (cd /home/travis/build/icyphy/ptII/doc/test/../../doc; rm codeDoc/ptolemy/actor/lib/Ramp.xml codeDoc/ptolemy/actor/lib/RampIdx.xml; make docs)} {
Failed to find javadoc for ptolemy.actor.lib.mbed.GPIOWriter} {
Failed to find source for ptolemy.actor.lib.mbed.GPIOWriter} {
Failed to find ptdoc for ptolemy.actor.lib.mbed.HSBtoRGB.  Try doing (cd /home/travis/build/icyphy/ptII/doc/test/../../doc; rm codeDoc/ptolemy/actor/lib/Ramp.xml codeDoc/ptolemy/actor/lib/RampIdx.xml; make docs)} {
Failed to find javadoc for ptolemy.actor.lib.mbed.HSBtoRGB} {
Failed to find source for ptolemy.actor.lib.mbed.HSBtoRGB} {
Failed to find ptdoc for ptolemy.actor.lib.mbed.LEDCubeUpdate.  Try doing (cd /home/travis/build/icyphy/ptII/doc/test/../../doc; rm codeDoc/ptolemy/actor/lib/Ramp.xml codeDoc/ptolemy/actor/lib/RampIdx.xml; make docs)} {
Failed to find javadoc for ptolemy.actor.lib.mbed.LEDCubeUpdate} {
Failed to find source for ptolemy.actor.lib.mbed.LEDCubeUpdate} {
Failed to find ptdoc for ptolemy.actor.lib.mbed.NeoPixelLEDStrip.  Try doing (cd /home/travis/build/icyphy/ptII/doc/test/../../doc; rm codeDoc/ptolemy/actor/lib/Ramp.xml codeDoc/ptolemy/actor/lib/RampIdx.xml; make docs)} {
Failed to find javadoc for ptolemy.actor.lib.mbed.NeoPixelLEDStrip} {
Failed to find source for ptolemy.actor.lib.mbed.NeoPixelLEDStrip} {
Failed to find ptdoc for ptolemy.actor.lib.mbed.PacketToSensorData.  Try doing (cd /home/travis/build/icyphy/ptII/doc/test/../../doc; rm codeDoc/ptolemy/actor/lib/Ramp.xml codeDoc/ptolemy/actor/lib/RampIdx.xml; make docs)} {
Failed to find javadoc for ptolemy.actor.lib.mbed.PacketToSensorData} {
Failed to find source for ptolemy.actor.lib.mbed.PacketToSensorData} {
Failed to find ptdoc for ptolemy.actor.lib.mbed.SensorDataCalibration.  Try doing (cd /home/travis/build/icyphy/ptII/doc/test/../../doc; rm codeDoc/ptolemy/actor/lib/Ramp.xml codeDoc/ptolemy/actor/lib/RampIdx.xml; make docs)} {
Failed to find javadoc for ptolemy.actor.lib.mbed.SensorDataCalibration} {
Failed to find source for ptolemy.actor.lib.mbed.SensorDataCalibration} {
Failed to find ptdoc for org.ptolemy.osc.OscReceiver.  Try doing (cd /home/travis/build/icyphy/ptII/doc/test/../../doc; rm codeDoc/ptolemy/actor/lib/Ramp.xml codeDoc/ptolemy/actor/lib/RampIdx.xml; make docs)} {
Failed to find javadoc for org.ptolemy.osc.OscReceiver} {
Failed to find source for org.ptolemy.osc.OscReceiver} {
Failed to find ptdoc for org.ptolemy.osc.OscSender.  Try doing (cd /home/travis/build/icyphy/ptII/doc/test/../../doc; rm codeDoc/ptolemy/actor/lib/Ramp.xml codeDoc/ptolemy/actor/lib/RampIdx.xml; make docs)} {
Failed to find javadoc for org.ptolemy.osc.OscSender} {
Failed to find source for org.ptolemy.osc.OscSender} {
Failed to find ptdoc for ptolemy.domains.petrinet.kernel.Place.  Try doing (cd /home/travis/build/icyphy/ptII/doc/test/../../doc; rm codeDoc/ptolemy/actor/lib/Ramp.xml codeDoc/ptolemy/actor/lib/RampIdx.xml; make docs)} {
Failed to find javadoc for ptolemy.domains.petrinet.kernel.Place} {
Failed to find source for ptolemy.domains.petrinet.kernel.Place} {
Failed to find ptdoc for ptolemy.domains.ontologies.lib.UnitsConverter.  Try doing (cd /home/travis/build/icyphy/ptII/doc/test/../../doc; rm codeDoc/ptolemy/actor/lib/Ramp.xml codeDoc/ptolemy/actor/lib/RampIdx.xml; make docs)} {
Failed to find javadoc for ptolemy.domains.ontologies.lib.UnitsConverter} {
Failed to find source for ptolemy.domains.ontologies.lib.UnitsConverter} {
Failed to find ptdoc for ptolemy.actor.lib.python.PythonScript.  Try doing (cd /home/travis/build/icyphy/ptII/doc/test/../../doc; rm codeDoc/ptolemy/actor/lib/Ramp.xml codeDoc/ptolemy/actor/lib/RampIdx.xml; make docs)} {
Failed to find javadoc for ptolemy.actor.lib.python.PythonScript} {
Failed to find source for ptolemy.actor.lib.python.PythonScript} {
Failed to find ptdoc for ptolemy.actor.lib.python.PythonScript.  Try doing (cd /home/travis/build/icyphy/ptII/doc/test/../../doc; rm codeDoc/ptolemy/actor/lib/Ramp.xml codeDoc/ptolemy/actor/lib/RampIdx.xml; make docs)} {
Failed to find javadoc for ptolemy.actor.lib.python.PythonScript} {
Failed to find source for ptolemy.actor.lib.python.PythonScript} {
Failed to find ptdoc for ptolemy.actor.lib.Clock.  Try doing (cd /home/travis/build/icyphy/ptII/doc/test/../../doc; rm codeDoc/ptolemy/actor/lib/Ramp.xml codeDoc/ptolemy/actor/lib/RampIdx.xml; make docs)} {
Failed to find javadoc for ptolemy.actor.lib.Clock} {
Failed to find source for ptolemy.actor.lib.Clock} {
Failed to find ptdoc for ptolemy.actor.lib.Sampler.  Try doing (cd /home/travis/build/icyphy/ptII/doc/test/../../doc; rm codeDoc/ptolemy/actor/lib/Ramp.xml codeDoc/ptolemy/actor/lib/RampIdx.xml; make docs)} {
Failed to find javadoc for ptolemy.actor.lib.Sampler} {
Failed to find source for ptolemy.actor.lib.Sampler} {
Failed to find ptdoc for ptolemy.domains.qss.kernel.QSSIntegrator.  Try doing (cd /home/travis/build/icyphy/ptII/doc/test/../../doc; rm codeDoc/ptolemy/actor/lib/Ramp.xml codeDoc/ptolemy/actor/lib/RampIdx.xml; make docs)} {
Failed to find javadoc for ptolemy.domains.qss.kernel.QSSIntegrator} {
Failed to find source for ptolemy.domains.qss.kernel.QSSIntegrator} {
Failed to find ptdoc for ptolemy.domains.qss.lib.SmoothSignal.  Try doing (cd /home/travis/build/icyphy/ptII/doc/test/../../doc; rm codeDoc/ptolemy/actor/lib/Ramp.xml codeDoc/ptolemy/actor/lib/RampIdx.xml; make docs)} {
Failed to find javadoc for ptolemy.domains.qss.lib.SmoothSignal} {
Failed to find source for ptolemy.domains.qss.lib.SmoothSignal} {
Failed to find ptdoc for ptolemy.actor.lib.conversions.SmoothToDouble.  Try doing (cd /home/travis/build/icyphy/ptII/doc/test/../../doc; rm codeDoc/ptolemy/actor/lib/Ramp.xml codeDoc/ptolemy/actor/lib/RampIdx.xml; make docs)} {
Failed to find javadoc for ptolemy.actor.lib.conversions.SmoothToDouble} {
Failed to find source for ptolemy.actor.lib.conversions.SmoothToDouble} {
Failed to find ptdoc for ptolemy.domains.qss.lib.SmoothZeroCrossingDetector.  Try doing (cd /home/travis/build/icyphy/ptII/doc/test/../../doc; rm codeDoc/ptolemy/actor/lib/Ramp.xml codeDoc/ptolemy/actor/lib/RampIdx.xml; make docs)} {
Failed to find javadoc for ptolemy.domains.qss.lib.SmoothZeroCrossingDetector} {
Failed to find source for ptolemy.domains.qss.lib.SmoothZeroCrossingDetector} {
Failed to find ptdoc for ptolemy.actor.lib.r.RExpression.  Try doing (cd /home/travis/build/icyphy/ptII/doc/test/../../doc; rm codeDoc/ptolemy/actor/lib/Ramp.xml codeDoc/ptolemy/actor/lib/RampIdx.xml; make docs)} {
Failed to find javadoc for ptolemy.actor.lib.r.RExpression} {
Failed to find source for ptolemy.actor.lib.r.RExpression} {
Failed to find ptdoc for ptolemy.actor.lib.r.RExpression2.  Try doing (cd /home/travis/build/icyphy/ptII/doc/test/../../doc; rm codeDoc/ptolemy/actor/lib/Ramp.xml codeDoc/ptolemy/actor/lib/RampIdx.xml; make docs)} {
Failed to find javadoc for ptolemy.actor.lib.r.RExpression2} {
Failed to find source for ptolemy.actor.lib.r.RExpression2} {
Failed to find ptdoc for ptolemy.actor.lib.GetCausalityInterface.  Try doing (cd /home/travis/build/icyphy/ptII/doc/test/../../doc; rm codeDoc/ptolemy/actor/lib/Ramp.xml codeDoc/ptolemy/actor/lib/RampIdx.xml; make docs)} {
Failed to find javadoc for ptolemy.actor.lib.GetCausalityInterface} {
Failed to find source for ptolemy.actor.lib.GetCausalityInterface} {
Failed to find ptdoc for ptolemy.actor.lib.CurrentMicrostep.  Try doing (cd /home/travis/build/icyphy/ptII/doc/test/../../doc; rm codeDoc/ptolemy/actor/lib/Ramp.xml codeDoc/ptolemy/actor/lib/RampIdx.xml; make docs)} {
Failed to find javadoc for ptolemy.actor.lib.CurrentMicrostep} {
Failed to find source for ptolemy.actor.lib.CurrentMicrostep} {
Failed to find ptdoc for ptolemy.actor.lib.NonStrictTest.  Try doing (cd /home/travis/build/icyphy/ptII/doc/test/../../doc; rm codeDoc/ptolemy/actor/lib/Ramp.xml codeDoc/ptolemy/actor/lib/RampIdx.xml; make docs)} {
Failed to find javadoc for ptolemy.actor.lib.NonStrictTest} {
Failed to find source for ptolemy.actor.lib.NonStrictTest} {
Failed to find ptdoc for ptolemy.actor.lib.Test.  Try doing (cd /home/travis/build/icyphy/ptII/doc/test/../../doc; rm codeDoc/ptolemy/actor/lib/Ramp.xml codeDoc/ptolemy/actor/lib/RampIdx.xml; make docs)} {
Failed to find javadoc for ptolemy.actor.lib.Test} {
Failed to find source for ptolemy.actor.lib.Test} {
Failed to find ptdoc for ptolemy.actor.lib.TypeTest.  Try doing (cd /home/travis/build/icyphy/ptII/doc/test/../../doc; rm codeDoc/ptolemy/actor/lib/Ramp.xml codeDoc/ptolemy/actor/lib/RampIdx.xml; make docs)} {
Failed to find javadoc for ptolemy.actor.lib.TypeTest} {
Failed to find source for ptolemy.actor.lib.TypeTest} {
Failed to find ptdoc for ptolemy.actor.lib.security.KeyWriter.  Try doing (cd /home/travis/build/icyphy/ptII/doc/test/../../doc; rm codeDoc/ptolemy/actor/lib/Ramp.xml codeDoc/ptolemy/actor/lib/RampIdx.xml; make docs)} {
Failed to find javadoc for ptolemy.actor.lib.security.KeyWriter} {
Failed to find source for ptolemy.actor.lib.security.KeyWriter} {
Failed to find ptdoc for ptolemy.actor.lib.security.PublicKeyReader.  Try doing (cd /home/travis/build/icyphy/ptII/doc/test/../../doc; rm codeDoc/ptolemy/actor/lib/Ramp.xml codeDoc/ptolemy/actor/lib/RampIdx.xml; make docs)} {
Failed to find javadoc for ptolemy.actor.lib.security.PublicKeyReader} {
Failed to find source for ptolemy.actor.lib.security.PublicKeyReader} {
Failed to find ptdoc for ptolemy.actor.lib.security.PrivateKeyReader.  Try doing (cd /home/travis/build/icyphy/ptII/doc/test/../../doc; rm codeDoc/ptolemy/actor/lib/Ramp.xml codeDoc/ptolemy/actor/lib/RampIdx.xml; make docs)} {
Failed to find javadoc for ptolemy.actor.lib.security.PrivateKeyReader} {
Failed to find source for ptolemy.actor.lib.security.PrivateKeyReader} {
Failed to find ptdoc for ptolemy.actor.lib.security.SecretKey.  Try doing (cd /home/travis/build/icyphy/ptII/doc/test/../../doc; rm codeDoc/ptolemy/actor/lib/Ramp.xml codeDoc/ptolemy/actor/lib/RampIdx.xml; make docs)} {
Failed to find javadoc for ptolemy.actor.lib.security.SecretKey} {
Failed to find source for ptolemy.actor.lib.security.SecretKey} {
Failed to find ptdoc for ptolemy.actor.lib.security.SecretKeyReader.  Try doing (cd /home/travis/build/icyphy/ptII/doc/test/../../doc; rm codeDoc/ptolemy/actor/lib/Ramp.xml codeDoc/ptolemy/actor/lib/RampIdx.xml; make docs)} {
Failed to find javadoc for ptolemy.actor.lib.security.SecretKeyReader} {
Failed to find source for ptolemy.actor.lib.security.SecretKeyReader} {
Failed to find ptdoc for ptolemy.actor.lib.security.SignatureSigner.  Try doing (cd /home/travis/build/icyphy/ptII/doc/test/../../doc; rm codeDoc/ptolemy/actor/lib/Ramp.xml codeDoc/ptolemy/actor/lib/RampIdx.xml; make docs)} {
Failed to find javadoc for ptolemy.actor.lib.security.SignatureSigner} {
Failed to find source for ptolemy.actor.lib.security.SignatureSigner} {
Failed to find ptdoc for ptolemy.actor.lib.security.SignatureVerifier.  Try doing (cd /home/travis/build/icyphy/ptII/doc/test/../../doc; rm codeDoc/ptolemy/actor/lib/Ramp.xml codeDoc/ptolemy/actor/lib/RampIdx.xml; make docs)} {
Failed to find javadoc for ptolemy.actor.lib.security.SignatureVerifier} {
Failed to find source for ptolemy.actor.lib.security.SignatureVerifier} {
Failed to find ptdoc for ptolemy.actor.lib.security.SymmetricDecryption.  Try doing (cd /home/travis/build/icyphy/ptII/doc/test/../../doc; rm codeDoc/ptolemy/actor/lib/Ramp.xml codeDoc/ptolemy/actor/lib/RampIdx.xml; make docs)} {
Failed to find javadoc for ptolemy.actor.lib.security.SymmetricDecryption} {
Failed to find source for ptolemy.actor.lib.security.SymmetricDecryption} {
Failed to find ptdoc for ptolemy.actor.lib.security.SymmetricEncryption.  Try doing (cd /home/travis/build/icyphy/ptII/doc/test/../../doc; rm codeDoc/ptolemy/actor/lib/Ramp.xml codeDoc/ptolemy/actor/lib/RampIdx.xml; make docs)} {
Failed to find javadoc for ptolemy.actor.lib.security.SymmetricEncryption} {
Failed to find source for ptolemy.actor.lib.security.SymmetricEncryption} {
Failed to find ptdoc for ptolemy.actor.lib.security.SymmetricCrypto.  Try doing (cd /home/travis/build/icyphy/ptII/doc/test/../../doc; rm codeDoc/ptolemy/actor/lib/Ramp.xml codeDoc/ptolemy/actor/lib/RampIdx.xml; make docs)} {
Failed to find javadoc for ptolemy.actor.lib.security.SymmetricCrypto} {
Failed to find source for ptolemy.actor.lib.security.SymmetricCrypto} {
Failed to find ptdoc for ptolemy.actor.lib.conversions.StringToXML.  Try doing (cd /home/travis/build/icyphy/ptII/doc/test/../../doc; rm codeDoc/ptolemy/actor/lib/Ramp.xml codeDoc/ptolemy/actor/lib/RampIdx.xml; make docs)} {
Failed to find javadoc for ptolemy.actor.lib.conversions.StringToXML} {
Failed to find source for ptolemy.actor.lib.conversions.StringToXML} {
Failed to find ptdoc for ptolemy.actor.lib.xslt.XSLTransformer.  Try doing (cd /home/travis/build/icyphy/ptII/doc/test/../../doc; rm codeDoc/ptolemy/actor/lib/Ramp.xml codeDoc/ptolemy/actor/lib/RampIdx.xml; make docs)} {
Failed to find javadoc for ptolemy.actor.lib.xslt.XSLTransformer} {
Failed to find source for ptolemy.actor.lib.xslt.XSLTransformer} {
Failed to find ptdoc for ptolemy.actor.lib.xslt.XMLInclusion.  Try doing (cd /home/travis/build/icyphy/ptII/doc/test/../../doc; rm codeDoc/ptolemy/actor/lib/Ramp.xml codeDoc/ptolemy/actor/lib/RampIdx.xml; make docs)} {
Failed to find javadoc for ptolemy.actor.lib.xslt.XMLInclusion} {
Failed to find source for ptolemy.actor.lib.xslt.XMLInclusion} {
Failed to find ptdoc for ptolemy.actor.lib.CurrentTime.  Try doing (cd /home/travis/build/icyphy/ptII/doc/test/../../doc; rm codeDoc/ptolemy/actor/lib/Ramp.xml codeDoc/ptolemy/actor/lib/RampIdx.xml; make docs)} {
Failed to find javadoc for ptolemy.actor.lib.CurrentTime} {
Failed to find source for ptolemy.actor.lib.CurrentTime} {
Failed to find ptdoc for ptolemy.actor.lib.Scale.  Try doing (cd /home/travis/build/icyphy/ptII/doc/test/../../doc; rm codeDoc/ptolemy/actor/lib/Ramp.xml codeDoc/ptolemy/actor/lib/RampIdx.xml; make docs)} {
Failed to find javadoc for ptolemy.actor.lib.Scale} {
Failed to find source for ptolemy.actor.lib.Scale} {
Failed to find ptdoc for ptolemy.actor.lib.TrigFunction.  Try doing (cd /home/travis/build/icyphy/ptII/doc/test/../../doc; rm codeDoc/ptolemy/actor/lib/Ramp.xml codeDoc/ptolemy/actor/lib/RampIdx.xml; make docs)} {
Failed to find javadoc for ptolemy.actor.lib.TrigFunction} {
Failed to find source for ptolemy.actor.lib.TrigFunction} {
Failed to find ptdoc for ptolemy.actor.lib.Const.  Try doing (cd /home/travis/build/icyphy/ptII/doc/test/../../doc; rm codeDoc/ptolemy/actor/lib/Ramp.xml codeDoc/ptolemy/actor/lib/RampIdx.xml; make docs)} {
Failed to find javadoc for ptolemy.actor.lib.Const} {
Failed to find source for ptolemy.actor.lib.Const} {
Failed to find ptdoc for ptolemy.actor.lib.AddSubtract.  Try doing (cd /home/travis/build/icyphy/ptII/doc/test/../../doc; rm codeDoc/ptolemy/actor/lib/Ramp.xml codeDoc/ptolemy/actor/lib/RampIdx.xml; make docs)} {
Failed to find javadoc for ptolemy.actor.lib.AddSubtract} {
Failed to find source for ptolemy.actor.lib.AddSubtract} {
Failed to find ptdoc for ptolemy.actor.lib.Scale.  Try doing (cd /home/travis/build/icyphy/ptII/doc/test/../../doc; rm codeDoc/ptolemy/actor/lib/Ramp.xml codeDoc/ptolemy/actor/lib/RampIdx.xml; make docs)} {
Failed to find javadoc for ptolemy.actor.lib.Scale} {
Failed to find source for ptolemy.actor.lib.Scale} {
Failed to find ptdoc for ptolemy.actor.lib.Ramp.  Try doing (cd /home/travis/build/icyphy/ptII/doc/test/../../doc; rm codeDoc/ptolemy/actor/lib/Ramp.xml codeDoc/ptolemy/actor/lib/RampIdx.xml; make docs)} {
Failed to find javadoc for ptolemy.actor.lib.Ramp} {
Failed to find source for ptolemy.actor.lib.Ramp} {
Failed to find ptdoc for ptolemy.actor.lib.TrigFunction.  Try doing (cd /home/travis/build/icyphy/ptII/doc/test/../../doc; rm codeDoc/ptolemy/actor/lib/Ramp.xml codeDoc/ptolemy/actor/lib/RampIdx.xml; make docs)} {
Failed to find javadoc for ptolemy.actor.lib.TrigFunction} {
Failed to find source for ptolemy.actor.lib.TrigFunction} {
Failed to find ptdoc for ptolemy.actor.lib.Const.  Try doing (cd /home/travis/build/icyphy/ptII/doc/test/../../doc; rm codeDoc/ptolemy/actor/lib/Ramp.xml codeDoc/ptolemy/actor/lib/RampIdx.xml; make docs)} {
Failed to find javadoc for ptolemy.actor.lib.Const} {
Failed to find source for ptolemy.actor.lib.Const} {
Failed to find ptdoc for ptolemy.actor.lib.AddSubtract.  Try doing (cd /home/travis/build/icyphy/ptII/doc/test/../../doc; rm codeDoc/ptolemy/actor/lib/Ramp.xml codeDoc/ptolemy/actor/lib/RampIdx.xml; make docs)} {
Failed to find javadoc for ptolemy.actor.lib.AddSubtract} {
Failed to find source for ptolemy.actor.lib.AddSubtract} {
Failed to find ptdoc for ptolemy.actor.lib.Pulse.  Try doing (cd /home/travis/build/icyphy/ptII/doc/test/../../doc; rm codeDoc/ptolemy/actor/lib/Ramp.xml codeDoc/ptolemy/actor/lib/RampIdx.xml; make docs)} {
Failed to find javadoc for ptolemy.actor.lib.Pulse} {
Failed to find source for ptolemy.actor.lib.Pulse} {
Failed to find ptdoc for ptolemy.actor.lib.MultiplyDivide.  Try doing (cd /home/travis/build/icyphy/ptII/doc/test/../../doc; rm codeDoc/ptolemy/actor/lib/Ramp.xml codeDoc/ptolemy/actor/lib/RampIdx.xml; make docs)} {
Failed to find javadoc for ptolemy.actor.lib.MultiplyDivide} {
Failed to find source for ptolemy.actor.lib.MultiplyDivide} {
Failed to find ptdoc for ptolemy.domains.sdf.lib.Autocorrelation.  Try doing (cd /home/travis/build/icyphy/ptII/doc/test/../../doc; rm codeDoc/ptolemy/actor/lib/Ramp.xml codeDoc/ptolemy/actor/lib/RampIdx.xml; make docs)} {
Failed to find javadoc for ptolemy.domains.sdf.lib.Autocorrelation} {
Failed to find source for ptolemy.domains.sdf.lib.Autocorrelation} {
Failed to find ptdoc for ptolemy.actor.lib.LevinsonDurbin.  Try doing (cd /home/travis/build/icyphy/ptII/doc/test/../../doc; rm codeDoc/ptolemy/actor/lib/Ramp.xml codeDoc/ptolemy/actor/lib/RampIdx.xml; make docs)} {
Failed to find javadoc for ptolemy.actor.lib.LevinsonDurbin} {
Failed to find source for ptolemy.actor.lib.LevinsonDurbin} {
Failed to find ptdoc for ptolemy.actor.lib.ArrayAppend.  Try doing (cd /home/travis/build/icyphy/ptII/doc/test/../../doc; rm codeDoc/ptolemy/actor/lib/Ramp.xml codeDoc/ptolemy/actor/lib/RampIdx.xml; make docs)} {
Failed to find javadoc for ptolemy.actor.lib.ArrayAppend} {
Failed to find source for ptolemy.actor.lib.ArrayAppend} {
Failed to find ptdoc for ptolemy.domains.sdf.lib.ArrayToSequence.  Try doing (cd /home/travis/build/icyphy/ptII/doc/test/../../doc; rm codeDoc/ptolemy/actor/lib/Ramp.xml codeDoc/ptolemy/actor/lib/RampIdx.xml; make docs)} {
Failed to find javadoc for ptolemy.domains.sdf.lib.ArrayToSequence} {
Failed to find source for ptolemy.domains.sdf.lib.ArrayToSequence} {
Failed to find ptdoc for ptolemy.domains.sdf.lib.FFT.  Try doing (cd /home/travis/build/icyphy/ptII/doc/test/../../doc; rm codeDoc/ptolemy/actor/lib/Ramp.xml codeDoc/ptolemy/actor/lib/RampIdx.xml; make docs)} {
Failed to find javadoc for ptolemy.domains.sdf.lib.FFT} {
Failed to find source for ptolemy.domains.sdf.lib.FFT} {
Failed to find ptdoc for ptolemy.actor.lib.AbsoluteValue.  Try doing (cd /home/travis/build/icyphy/ptII/doc/test/../../doc; rm codeDoc/ptolemy/actor/lib/Ramp.xml codeDoc/ptolemy/actor/lib/RampIdx.xml; make docs)} {
Failed to find javadoc for ptolemy.actor.lib.AbsoluteValue} {
Failed to find source for ptolemy.actor.lib.AbsoluteValue} {
Failed to find ptdoc for ptolemy.actor.lib.MultiplyDivide.  Try doing (cd /home/travis/build/icyphy/ptII/doc/test/../../doc; rm codeDoc/ptolemy/actor/lib/Ramp.xml codeDoc/ptolemy/actor/lib/RampIdx.xml; make docs)} {
Failed to find javadoc for ptolemy.actor.lib.MultiplyDivide} {
Failed to find source for ptolemy.actor.lib.MultiplyDivide} {
Failed to find ptdoc for ptolemy.actor.lib.DB.  Try doing (cd /home/travis/build/icyphy/ptII/doc/test/../../doc; rm codeDoc/ptolemy/actor/lib/Ramp.xml codeDoc/ptolemy/actor/lib/RampIdx.xml; make docs)} {
Failed to find javadoc for ptolemy.actor.lib.DB} {
Failed to find source for ptolemy.actor.lib.DB} {
Failed to find ptdoc for ptolemy.actor.lib.ArrayElement.  Try doing (cd /home/travis/build/icyphy/ptII/doc/test/../../doc; rm codeDoc/ptolemy/actor/lib/Ramp.xml codeDoc/ptolemy/actor/lib/RampIdx.xml; make docs)} {
Failed to find javadoc for ptolemy.actor.lib.ArrayElement} {
Failed to find source for ptolemy.actor.lib.ArrayElement} {
Failed to find ptdoc for ptolemy.domains.sdf.lib.Repeat.  Try doing (cd /home/travis/build/icyphy/ptII/doc/test/../../doc; rm codeDoc/ptolemy/actor/lib/Ramp.xml codeDoc/ptolemy/actor/lib/RampIdx.xml; make docs)} {
Failed to find javadoc for ptolemy.domains.sdf.lib.Repeat} {
Failed to find source for ptolemy.domains.sdf.lib.Repeat} {
Failed to find ptdoc for ptolemy.domains.sdf.lib.Chop.  Try doing (cd /home/travis/build/icyphy/ptII/doc/test/../../doc; rm codeDoc/ptolemy/actor/lib/Ramp.xml codeDoc/ptolemy/actor/lib/RampIdx.xml; make docs)} {
Failed to find javadoc for ptolemy.domains.sdf.lib.Chop} {
Failed to find source for ptolemy.domains.sdf.lib.Chop} {
Failed to find ptdoc for ptolemy.actor.lib.MathFunction.  Try doing (cd /home/travis/build/icyphy/ptII/doc/test/../../doc; rm codeDoc/ptolemy/actor/lib/Ramp.xml codeDoc/ptolemy/actor/lib/RampIdx.xml; make docs)} {
Failed to find javadoc for ptolemy.actor.lib.MathFunction} {
Failed to find source for ptolemy.actor.lib.MathFunction} {
Failed to find ptdoc for ptolemy.actor.lib.Const.  Try doing (cd /home/travis/build/icyphy/ptII/doc/test/../../doc; rm codeDoc/ptolemy/actor/lib/Ramp.xml codeDoc/ptolemy/actor/lib/RampIdx.xml; make docs)} {
Failed to find javadoc for ptolemy.actor.lib.Const} {
Failed to find source for ptolemy.actor.lib.Const} {
Failed to find ptdoc for ptolemy.actor.lib.MultiplyDivide.  Try doing (cd /home/travis/build/icyphy/ptII/doc/test/../../doc; rm codeDoc/ptolemy/actor/lib/Ramp.xml codeDoc/ptolemy/actor/lib/RampIdx.xml; make docs)} {
Failed to find javadoc for ptolemy.actor.lib.MultiplyDivide} {
Failed to find source for ptolemy.actor.lib.MultiplyDivide} {
Failed to find ptdoc for ptolemy.domains.sdf.lib.FFT.  Try doing (cd /home/travis/build/icyphy/ptII/doc/test/../../doc; rm codeDoc/ptolemy/actor/lib/Ramp.xml codeDoc/ptolemy/actor/lib/RampIdx.xml; make docs)} {
Failed to find javadoc for ptolemy.domains.sdf.lib.FFT} {
Failed to find source for ptolemy.domains.sdf.lib.FFT} {
Failed to find ptdoc for ptolemy.actor.lib.DB.  Try doing (cd /home/travis/build/icyphy/ptII/doc/test/../../doc; rm codeDoc/ptolemy/actor/lib/Ramp.xml codeDoc/ptolemy/actor/lib/RampIdx.xml; make docs)} {
Failed to find javadoc for ptolemy.actor.lib.DB} {
Failed to find source for ptolemy.actor.lib.DB} {
Failed to find ptdoc for ptolemy.actor.lib.AbsoluteValue.  Try doing (cd /home/travis/build/icyphy/ptII/doc/test/../../doc; rm codeDoc/ptolemy/actor/lib/Ramp.xml codeDoc/ptolemy/actor/lib/RampIdx.xml; make docs)} {
Failed to find javadoc for ptolemy.actor.lib.AbsoluteValue} {
Failed to find source for ptolemy.actor.lib.AbsoluteValue} {
Failed to find ptdoc for ptolemy.domains.sdf.lib.Autocorrelation.  Try doing (cd /home/travis/build/icyphy/ptII/doc/test/../../doc; rm codeDoc/ptolemy/actor/lib/Ramp.xml codeDoc/ptolemy/actor/lib/RampIdx.xml; make docs)} {
Failed to find javadoc for ptolemy.domains.sdf.lib.Autocorrelation} {
Failed to find source for ptolemy.domains.sdf.lib.Autocorrelation} {
Failed to find ptdoc for ptolemy.domains.sdf.lib.Chop.  Try doing (cd /home/travis/build/icyphy/ptII/doc/test/../../doc; rm codeDoc/ptolemy/actor/lib/Ramp.xml codeDoc/ptolemy/actor/lib/RampIdx.xml; make docs)} {
Failed to find javadoc for ptolemy.domains.sdf.lib.Chop} {
Failed to find source for ptolemy.domains.sdf.lib.Chop} {
Failed to find ptdoc for ptolemy.domains.sdf.lib.ArrayToSequence.  Try doing (cd /home/travis/build/icyphy/ptII/doc/test/../../doc; rm codeDoc/ptolemy/actor/lib/Ramp.xml codeDoc/ptolemy/actor/lib/RampIdx.xml; make docs)} {
Failed to find javadoc for ptolemy.domains.sdf.lib.ArrayToSequence} {
Failed to find source for ptolemy.domains.sdf.lib.ArrayToSequence} {
Failed to find ptdoc for ptolemy.actor.lib.Sequence.  Try doing (cd /home/travis/build/icyphy/ptII/doc/test/../../doc; rm codeDoc/ptolemy/actor/lib/Ramp.xml codeDoc/ptolemy/actor/lib/RampIdx.xml; make docs)} {
Failed to find javadoc for ptolemy.actor.lib.Sequence} {
Failed to find source for ptolemy.actor.lib.Sequence} {
Failed to find ptdoc for ptolemy.actor.lib.MultiplyDivide.  Try doing (cd /home/travis/build/icyphy/ptII/doc/test/../../doc; rm codeDoc/ptolemy/actor/lib/Ramp.xml codeDoc/ptolemy/actor/lib/RampIdx.xml; make docs)} {
Failed to find javadoc for ptolemy.actor.lib.MultiplyDivide} {
Failed to find source for ptolemy.actor.lib.MultiplyDivide} {
Failed to find ptdoc for ptolemy.domains.sdf.lib.FFT.  Try doing (cd /home/travis/build/icyphy/ptII/doc/test/../../doc; rm codeDoc/ptolemy/actor/lib/Ramp.xml codeDoc/ptolemy/actor/lib/RampIdx.xml; make docs)} {
Failed to find javadoc for ptolemy.domains.sdf.lib.FFT} {
Failed to find source for ptolemy.domains.sdf.lib.FFT} {
Failed to find ptdoc for ptolemy.actor.lib.DB.  Try doing (cd /home/travis/build/icyphy/ptII/doc/test/../../doc; rm codeDoc/ptolemy/actor/lib/Ramp.xml codeDoc/ptolemy/actor/lib/RampIdx.xml; make docs)} {
Failed to find javadoc for ptolemy.actor.lib.DB} {
Failed to find source for ptolemy.actor.lib.DB} {
Failed to find ptdoc for ptolemy.actor.lib.AbsoluteValue.  Try doing (cd /home/travis/build/icyphy/ptII/doc/test/../../doc; rm codeDoc/ptolemy/actor/lib/Ramp.xml codeDoc/ptolemy/actor/lib/RampIdx.xml; make docs)} {
Failed to find javadoc for ptolemy.actor.lib.AbsoluteValue} {
Failed to find source for ptolemy.actor.lib.AbsoluteValue} {
Failed to find ptdoc for ptolemy.actor.lib.Scale.  Try doing (cd /home/travis/build/icyphy/ptII/doc/test/../../doc; rm codeDoc/ptolemy/actor/lib/Ramp.xml codeDoc/ptolemy/actor/lib/RampIdx.xml; make docs)} {
Failed to find javadoc for ptolemy.actor.lib.Scale} {
Failed to find source for ptolemy.actor.lib.Scale} {
Failed to find ptdoc for ptolemy.actor.lib.Sequence.  Try doing (cd /home/travis/build/icyphy/ptII/doc/test/../../doc; rm codeDoc/ptolemy/actor/lib/Ramp.xml codeDoc/ptolemy/actor/lib/RampIdx.xml; make docs)} {
Failed to find javadoc for ptolemy.actor.lib.Sequence} {
Failed to find source for ptolemy.actor.lib.Sequence} {
Failed to find ptdoc for ptolemy.actor.lib.CurrentTime.  Try doing (cd /home/travis/build/icyphy/ptII/doc/test/../../doc; rm codeDoc/ptolemy/actor/lib/Ramp.xml codeDoc/ptolemy/actor/lib/RampIdx.xml; make docs)} {
Failed to find javadoc for ptolemy.actor.lib.CurrentTime} {
Failed to find source for ptolemy.actor.lib.CurrentTime} {
Failed to find ptdoc for ptolemy.actor.lib.Scale.  Try doing (cd /home/travis/build/icyphy/ptII/doc/test/../../doc; rm codeDoc/ptolemy/actor/lib/Ramp.xml codeDoc/ptolemy/actor/lib/RampIdx.xml; make docs)} {
Failed to find javadoc for ptolemy.actor.lib.Scale} {
Failed to find source for ptolemy.actor.lib.Scale} {
Failed to find ptdoc for ptolemy.actor.lib.TrigFunction.  Try doing (cd /home/travis/build/icyphy/ptII/doc/test/../../doc; rm codeDoc/ptolemy/actor/lib/Ramp.xml codeDoc/ptolemy/actor/lib/RampIdx.xml; make docs)} {
Failed to find javadoc for ptolemy.actor.lib.TrigFunction} {
Failed to find source for ptolemy.actor.lib.TrigFunction} {
Failed to find ptdoc for ptolemy.actor.lib.Const.  Try doing (cd /home/travis/build/icyphy/ptII/doc/test/../../doc; rm codeDoc/ptolemy/actor/lib/Ramp.xml codeDoc/ptolemy/actor/lib/RampIdx.xml; make docs)} {
Failed to find javadoc for ptolemy.actor.lib.Const} {
Failed to find source for ptolemy.actor.lib.Const} {
Failed to find ptdoc for ptolemy.actor.lib.AddSubtract.  Try doing (cd /home/travis/build/icyphy/ptII/doc/test/../../doc; rm codeDoc/ptolemy/actor/lib/Ramp.xml codeDoc/ptolemy/actor/lib/RampIdx.xml; make docs)} {
Failed to find javadoc for ptolemy.actor.lib.AddSubtract} {
Failed to find source for ptolemy.actor.lib.AddSubtract} {
Failed to find ptdoc for ptolemy.actor.lib.Scale.  Try doing (cd /home/travis/build/icyphy/ptII/doc/test/../../doc; rm codeDoc/ptolemy/actor/lib/Ramp.xml codeDoc/ptolemy/actor/lib/RampIdx.xml; make docs)} {
Failed to find javadoc for ptolemy.actor.lib.Scale} {
Failed to find source for ptolemy.actor.lib.Scale} {
Failed to find ptdoc for ptolemy.domains.continuous.lib.ZeroOrderHold.  Try doing (cd /home/travis/build/icyphy/ptII/doc/test/../../doc; rm codeDoc/ptolemy/actor/lib/Ramp.xml codeDoc/ptolemy/actor/lib/RampIdx.xml; make docs)} {
Failed to find javadoc for ptolemy.domains.continuous.lib.ZeroOrderHold} {
Failed to find source for ptolemy.domains.continuous.lib.ZeroOrderHold} {
Failed to find ptdoc for ptolemy.actor.lib.gui.SequencePlotter.  Try doing (cd /home/travis/build/icyphy/ptII/doc/test/../../doc; rm codeDoc/ptolemy/actor/lib/Ramp.xml codeDoc/ptolemy/actor/lib/RampIdx.xml; make docs)} {
Failed to find javadoc for ptolemy.actor.lib.gui.SequencePlotter} {
Failed to find source for ptolemy.actor.lib.gui.SequencePlotter} {
Failed to find ptdoc for ptolemy.actor.lib.MultiplyDivide.  Try doing (cd /home/travis/build/icyphy/ptII/doc/test/../../doc; rm codeDoc/ptolemy/actor/lib/Ramp.xml codeDoc/ptolemy/actor/lib/RampIdx.xml; make docs)} {
Failed to find javadoc for ptolemy.actor.lib.MultiplyDivide} {
Failed to find source for ptolemy.actor.lib.MultiplyDivide} {
Failed to find ptdoc for ptolemy.actor.lib.Pulse.  Try doing (cd /home/travis/build/icyphy/ptII/doc/test/../../doc; rm codeDoc/ptolemy/actor/lib/Ramp.xml codeDoc/ptolemy/actor/lib/RampIdx.xml; make docs)} {
Failed to find javadoc for ptolemy.actor.lib.Pulse} {
Failed to find source for ptolemy.actor.lib.Pulse} {
Failed to find ptdoc for ptolemy.domains.sdf.lib.FFT.  Try doing (cd /home/travis/build/icyphy/ptII/doc/test/../../doc; rm codeDoc/ptolemy/actor/lib/Ramp.xml codeDoc/ptolemy/actor/lib/RampIdx.xml; make docs)} {
Failed to find javadoc for ptolemy.domains.sdf.lib.FFT} {
Failed to find source for ptolemy.domains.sdf.lib.FFT} {
Failed to find ptdoc for ptolemy.actor.lib.DB.  Try doing (cd /home/travis/build/icyphy/ptII/doc/test/../../doc; rm codeDoc/ptolemy/actor/lib/Ramp.xml codeDoc/ptolemy/actor/lib/RampIdx.xml; make docs)} {
Failed to find javadoc for ptolemy.actor.lib.DB} {
Failed to find source for ptolemy.actor.lib.DB} {
Failed to find ptdoc for ptolemy.actor.lib.AbsoluteValue.  Try doing (cd /home/travis/build/icyphy/ptII/doc/test/../../doc; rm codeDoc/ptolemy/actor/lib/Ramp.xml codeDoc/ptolemy/actor/lib/RampIdx.xml; make docs)} {
Failed to find javadoc for ptolemy.actor.lib.AbsoluteValue} {
Failed to find source for ptolemy.actor.lib.AbsoluteValue} {
Failed to find ptdoc for ptolemy.actor.lib.Scale.  Try doing (cd /home/travis/build/icyphy/ptII/doc/test/../../doc; rm codeDoc/ptolemy/actor/lib/Ramp.xml codeDoc/ptolemy/actor/lib/RampIdx.xml; make docs)} {
Failed to find javadoc for ptolemy.actor.lib.Scale} {
Failed to find source for ptolemy.actor.lib.Scale} {
Failed to find ptdoc for ptolemy.actor.lib.aspect.CommunicationRequestPort.  Try doing (cd /home/travis/build/icyphy/ptII/doc/test/../../doc; rm codeDoc/ptolemy/actor/lib/Ramp.xml codeDoc/ptolemy/actor/lib/RampIdx.xml; make docs)} {
Failed to find javadoc for ptolemy.actor.lib.aspect.CommunicationRequestPort} {
Failed to find source for ptolemy.actor.lib.aspect.CommunicationRequestPort} {
Failed to find ptdoc for ptolemy.actor.lib.aspect.CommunicationResponsePort.  Try doing (cd /home/travis/build/icyphy/ptII/doc/test/../../doc; rm codeDoc/ptolemy/actor/lib/Ramp.xml codeDoc/ptolemy/actor/lib/RampIdx.xml; make docs)} {
Failed to find javadoc for ptolemy.actor.lib.aspect.CommunicationResponsePort} {
Failed to find source for ptolemy.actor.lib.aspect.CommunicationResponsePort} {
Failed to find ptdoc for ptolemy.actor.lib.aspect.ExecutionRequestPort.  Try doing (cd /home/travis/build/icyphy/ptII/doc/test/../../doc; rm codeDoc/ptolemy/actor/lib/Ramp.xml codeDoc/ptolemy/actor/lib/RampIdx.xml; make docs)} {
Failed to find javadoc for ptolemy.actor.lib.aspect.ExecutionRequestPort} {
Failed to find source for ptolemy.actor.lib.aspect.ExecutionRequestPort} {
Failed to find ptdoc for ptolemy.actor.lib.aspect.ExecutionResponsePort.  Try doing (cd /home/travis/build/icyphy/ptII/doc/test/../../doc; rm codeDoc/ptolemy/actor/lib/Ramp.xml codeDoc/ptolemy/actor/lib/RampIdx.xml; make docs)} {
Failed to find javadoc for ptolemy.actor.lib.aspect.ExecutionResponsePort} {
Failed to find source for ptolemy.actor.lib.aspect.ExecutionResponsePort} {
Failed to find ptdoc for ptolemy.actor.lib.Expression.  Try doing (cd /home/travis/build/icyphy/ptII/doc/test/../../doc; rm codeDoc/ptolemy/actor/lib/Ramp.xml codeDoc/ptolemy/actor/lib/RampIdx.xml; make docs)} {
Failed to find javadoc for ptolemy.actor.lib.Expression} {
Failed to find source for ptolemy.actor.lib.Expression} {
Failed to find ptdoc for ptolemy.actor.lib.Expression.  Try doing (cd /home/travis/build/icyphy/ptII/doc/test/../../doc; rm codeDoc/ptolemy/actor/lib/Ramp.xml codeDoc/ptolemy/actor/lib/RampIdx.xml; make docs)} {
Failed to find javadoc for ptolemy.actor.lib.Expression} {
Failed to find source for ptolemy.actor.lib.Expression} {
Failed to find ptdoc for ptolemy.actor.lib.Expression.  Try doing (cd /home/travis/build/icyphy/ptII/doc/test/../../doc; rm codeDoc/ptolemy/actor/lib/Ramp.xml codeDoc/ptolemy/actor/lib/RampIdx.xml; make docs)} {
Failed to find javadoc for ptolemy.actor.lib.Expression} {
Failed to find source for ptolemy.actor.lib.Expression} {
Failed to find ptdoc for ptolemy.actor.lib.Expression.  Try doing (cd /home/travis/build/icyphy/ptII/doc/test/../../doc; rm codeDoc/ptolemy/actor/lib/Ramp.xml codeDoc/ptolemy/actor/lib/RampIdx.xml; make docs)} {
Failed to find javadoc for ptolemy.actor.lib.Expression} {
Failed to find source for ptolemy.actor.lib.Expression} {
Failed to find ptdoc for ptolemy.actor.lib.SetVariable.  Try doing (cd /home/travis/build/icyphy/ptII/doc/test/../../doc; rm codeDoc/ptolemy/actor/lib/Ramp.xml codeDoc/ptolemy/actor/lib/RampIdx.xml; make docs)} {
Failed to find javadoc for ptolemy.actor.lib.SetVariable} {
Failed to find source for ptolemy.actor.lib.SetVariable} {
Failed to find ptdoc for ptolemy.actor.lib.Expression.  Try doing (cd /home/travis/build/icyphy/ptII/doc/test/../../doc; rm codeDoc/ptolemy/actor/lib/Ramp.xml codeDoc/ptolemy/actor/lib/RampIdx.xml; make docs)} {
Failed to find javadoc for ptolemy.actor.lib.Expression} {
Failed to find source for ptolemy.actor.lib.Expression} {
Failed to find ptdoc for ptolemy.actor.lib.Expression.  Try doing (cd /home/travis/build/icyphy/ptII/doc/test/../../doc; rm codeDoc/ptolemy/actor/lib/Ramp.xml codeDoc/ptolemy/actor/lib/RampIdx.xml; make docs)} {
Failed to find javadoc for ptolemy.actor.lib.Expression} {
Failed to find source for ptolemy.actor.lib.Expression} {
Failed to find ptdoc for ptolemy.actor.lib.SetVariable.  Try doing (cd /home/travis/build/icyphy/ptII/doc/test/../../doc; rm codeDoc/ptolemy/actor/lib/Ramp.xml codeDoc/ptolemy/actor/lib/RampIdx.xml; make docs)} {
Failed to find javadoc for ptolemy.actor.lib.SetVariable} {
Failed to find source for ptolemy.actor.lib.SetVariable} {
Failed to find ptdoc for ptolemy.actor.lib.Expression.  Try doing (cd /home/travis/build/icyphy/ptII/doc/test/../../doc; rm codeDoc/ptolemy/actor/lib/Ramp.xml codeDoc/ptolemy/actor/lib/RampIdx.xml; make docs)} {
Failed to find javadoc for ptolemy.actor.lib.Expression} {
Failed to find source for ptolemy.actor.lib.Expression} {
Failed to find ptdoc for ptolemy.actor.lib.Expression.  Try doing (cd /home/travis/build/icyphy/ptII/doc/test/../../doc; rm codeDoc/ptolemy/actor/lib/Ramp.xml codeDoc/ptolemy/actor/lib/RampIdx.xml; make docs)} {
Failed to find javadoc for ptolemy.actor.lib.Expression} {
Failed to find source for ptolemy.actor.lib.Expression} {
Failed to find ptdoc for ptolemy.actor.lib.SetVariable.  Try doing (cd /home/travis/build/icyphy/ptII/doc/test/../../doc; rm codeDoc/ptolemy/actor/lib/Ramp.xml codeDoc/ptolemy/actor/lib/RampIdx.xml; make docs)} {
Failed to find javadoc for ptolemy.actor.lib.SetVariable} {
Failed to find source for ptolemy.actor.lib.SetVariable} {
Failed to find ptdoc for ptolemy.actor.lib.Expression.  Try doing (cd /home/travis/build/icyphy/ptII/doc/test/../../doc; rm codeDoc/ptolemy/actor/lib/Ramp.xml codeDoc/ptolemy/actor/lib/RampIdx.xml; make docs)} {
Failed to find javadoc for ptolemy.actor.lib.Expression} {
Failed to find source for ptolemy.actor.lib.Expression} {
Failed to find ptdoc for ptolemy.actor.lib.Expression.  Try doing (cd /home/travis/build/icyphy/ptII/doc/test/../../doc; rm codeDoc/ptolemy/actor/lib/Ramp.xml codeDoc/ptolemy/actor/lib/RampIdx.xml; make docs)} {
Failed to find javadoc for ptolemy.actor.lib.Expression} {
Failed to find source for ptolemy.actor.lib.Expression} {
Failed to find ptdoc for ptolemy.actor.lib.SetVariable.  Try doing (cd /home/travis/build/icyphy/ptII/doc/test/../../doc; rm codeDoc/ptolemy/actor/lib/Ramp.xml codeDoc/ptolemy/actor/lib/RampIdx.xml; make docs)} {
Failed to find javadoc for ptolemy.actor.lib.SetVariable} {
Failed to find source for ptolemy.actor.lib.SetVariable} {
Failed to find ptdoc for ptolemy.actor.lib.AddSubtract.  Try doing (cd /home/travis/build/icyphy/ptII/doc/test/../../doc; rm codeDoc/ptolemy/actor/lib/Ramp.xml codeDoc/ptolemy/actor/lib/RampIdx.xml; make docs)} {
Failed to find javadoc for ptolemy.actor.lib.AddSubtract} {
Failed to find source for ptolemy.actor.lib.AddSubtract} {
Failed to find ptdoc for ptolemy.actor.lib.Expression.  Try doing (cd /home/travis/build/icyphy/ptII/doc/test/../../doc; rm codeDoc/ptolemy/actor/lib/Ramp.xml codeDoc/ptolemy/actor/lib/RampIdx.xml; make docs)} {
Failed to find javadoc for ptolemy.actor.lib.Expression} {
Failed to find source for ptolemy.actor.lib.Expression} {
Failed to find ptdoc for ptolemy.actor.lib.Expression.  Try doing (cd /home/travis/build/icyphy/ptII/doc/test/../../doc; rm codeDoc/ptolemy/actor/lib/Ramp.xml codeDoc/ptolemy/actor/lib/RampIdx.xml; make docs)} {
Failed to find javadoc for ptolemy.actor.lib.Expression} {
Failed to find source for ptolemy.actor.lib.Expression}}
---- Result should have been:
{}
---- full/configuration.xml-6.1 FAILED
 Force everything to get expanded ptolemy/configs/space/configuration.xml
    (Skipping certain optional packages)
    If you get a 'X connection to xxx:11.0 broken' message, then
    see $PTII/ptolemy/moml/filter/RemoveGraphicalClasses.java
    Or, under Solaris, run java -verbose -classpath 
           ${PTII}/lib/ptjacl.jar:${PTII}/lib/diva.jar:${PTII}
           tcl.lang.Shell xxx.tcl


==== $PTII/doc/test/docManager.tcl: space/configuration.xml-6.1 Test docClassNameToURL
==== Contents of test case:

        # If this test fails under Travis, the the problem could be
        # that actors have been added to the repository, yet the
        # codeDoc*.jar files in
        # https://github.com/icyphy/ptII/releases/download/nightly/
        # have not been updated.  $PTII/.travis.yml has a deploy
        # section that should copy the jar files if PT_TRAVIS_DOCS ==
        # true.  Note that Travis no longer supports Oracle JDK 8 and
        # JDK 11 does not have backward compatible support for
        # javadoc, so travis is failing to update the download/nightly
        # directory.  Even if Travis updates the codeDoc.jar files,
        # then under JDK 11 the actor index files will not be present
        # because JDK 11 is missing javadoc backward compatibility.

        # One possible fix is to build the jar files under JDK 8 with
        # (cd $PTII/doc; make install)
        # Then upload codeDoc.jar to the nightly release.
        # 1. Go to https://github.com/icyphy/ptII/releases
        # 2. Find the nightly release
        # 3. Click on edit
        # 4. Delete the old codeDoc.jar
        # 5. Upload the new codeDoc.jar
        # For details, see 
        # https://docs.github.com/en/github/administering-a-repository/managing-releases-in-a-repository

	# In general, if we call getName on a public field in an actor,
	# then the name that is returned should be the same as the name
	# of the field.
	set entityList [$configuration allAtomicEntityList]
	set results {}
	for {set iterator [$entityList iterator]}  {[$iterator hasNext] == 1} {} {
		set entity [$iterator next]
		if [java::instanceof $entity ptolemy.actor.TypedAtomicActor] {
		    set actor [java::cast ptolemy.actor.TypedAtomicActor $entity]
		    set className [$actor getClassName]
		    set url [java::call ptolemy.vergil.actor.DocManager  docClassNameToURL  $configuration $className  true false false false]
		    if [java::isnull $url] {
			lappend results "\nFailed to find ptdoc for $className.  Try doing (cd $PTII/doc; rm codeDoc/ptolemy/actor/lib/Ramp.xml codeDoc/ptolemy/actor/lib/RampIdx.xml; make docs)"
		    }


		    set url [java::call ptolemy.vergil.actor.DocManager  docClassNameToURL  $configuration $className  false true false false]
		    if [java::isnull $url] {
			lappend results "\nFailed to find javadoc for $className"
		    }

		    set url [java::call ptolemy.vergil.actor.DocManager  docClassNameToURL  $configuration $className  false true false false]
		    if [java::isnull $url] {
			lappend results "\nFailed to find source for $className"
		    }


		    # For actor index, it is ok to return null
		    set url [java::call ptolemy.vergil.actor.DocManager  docClassNameToURL  $configuration $className  false false false true]
		}
	    }
    list $results	
    
==== Result was:
{{
Failed to find ptdoc for ptolemy.actor.lib.database.DatabaseManager.  Try doing (cd /home/travis/build/icyphy/ptII/doc/test/../../doc; rm codeDoc/ptolemy/actor/lib/Ramp.xml codeDoc/ptolemy/actor/lib/RampIdx.xml; make docs)} {
Failed to find javadoc for ptolemy.actor.lib.database.DatabaseManager} {
Failed to find source for ptolemy.actor.lib.database.DatabaseManager} {
Failed to find ptdoc for ptolemy.actor.lib.Assert.  Try doing (cd /home/travis/build/icyphy/ptII/doc/test/../../doc; rm codeDoc/ptolemy/actor/lib/Ramp.xml codeDoc/ptolemy/actor/lib/RampIdx.xml; make docs)} {
Failed to find javadoc for ptolemy.actor.lib.Assert} {
Failed to find source for ptolemy.actor.lib.Assert} {
Failed to find ptdoc for ptolemy.actor.lib.database.DatabaseManager.  Try doing (cd /home/travis/build/icyphy/ptII/doc/test/../../doc; rm codeDoc/ptolemy/actor/lib/Ramp.xml codeDoc/ptolemy/actor/lib/RampIdx.xml; make docs)} {
Failed to find javadoc for ptolemy.actor.lib.database.DatabaseManager} {
Failed to find source for ptolemy.actor.lib.database.DatabaseManager} {
Failed to find ptdoc for ptolemy.actor.lib.database.DatabaseQuery.  Try doing (cd /home/travis/build/icyphy/ptII/doc/test/../../doc; rm codeDoc/ptolemy/actor/lib/Ramp.xml codeDoc/ptolemy/actor/lib/RampIdx.xml; make docs)} {
Failed to find javadoc for ptolemy.actor.lib.database.DatabaseQuery} {
Failed to find source for ptolemy.actor.lib.database.DatabaseQuery} {
Failed to find ptdoc for ptolemy.actor.lib.database.DatabaseSelect.  Try doing (cd /home/travis/build/icyphy/ptII/doc/test/../../doc; rm codeDoc/ptolemy/actor/lib/Ramp.xml codeDoc/ptolemy/actor/lib/RampIdx.xml; make docs)} {
Failed to find javadoc for ptolemy.actor.lib.database.DatabaseSelect} {
Failed to find source for ptolemy.actor.lib.database.DatabaseSelect} {
Failed to find ptdoc for ptolemy.actor.lib.database.DatabaseInsert.  Try doing (cd /home/travis/build/icyphy/ptII/doc/test/../../doc; rm codeDoc/ptolemy/actor/lib/Ramp.xml codeDoc/ptolemy/actor/lib/RampIdx.xml; make docs)} {
Failed to find javadoc for ptolemy.actor.lib.database.DatabaseInsert} {
Failed to find source for ptolemy.actor.lib.database.DatabaseInsert} {
Failed to find ptdoc for ptolemy.actor.lib.database.SQLStatement.  Try doing (cd /home/travis/build/icyphy/ptII/doc/test/../../doc; rm codeDoc/ptolemy/actor/lib/Ramp.xml codeDoc/ptolemy/actor/lib/RampIdx.xml; make docs)} {
Failed to find javadoc for ptolemy.actor.lib.database.SQLStatement} {
Failed to find source for ptolemy.actor.lib.database.SQLStatement} {
Failed to find ptdoc for ptolemy.actor.lib.database.ArrayOfRecordsRecorder.  Try doing (cd /home/travis/build/icyphy/ptII/doc/test/../../doc; rm codeDoc/ptolemy/actor/lib/Ramp.xml codeDoc/ptolemy/actor/lib/RampIdx.xml; make docs)} {
Failed to find javadoc for ptolemy.actor.lib.database.ArrayOfRecordsRecorder} {
Failed to find source for ptolemy.actor.lib.database.ArrayOfRecordsRecorder}}
---- Result should have been:
{}
---- space/configuration.xml-6.1 FAILED
 Force everything to get expanded ptolemy/configs/pn/configuration.xml
    (Skipping certain optional packages)
    If you get a 'X connection to xxx:11.0 broken' message, then
    see $PTII/ptolemy/moml/filter/RemoveGraphicalClasses.java
    Or, under Solaris, run java -verbose -classpath 
           ${PTII}/lib/ptjacl.jar:${PTII}/lib/diva.jar:${PTII}
           tcl.lang.Shell xxx.tcl


==== $PTII/doc/test/docManager.tcl: pn/configuration.xml-6.1 Test docClassNameToURL
==== Contents of test case:

        # If this test fails under Travis, the the problem could be
        # that actors have been added to the repository, yet the
        # codeDoc*.jar files in
        # https://github.com/icyphy/ptII/releases/download/nightly/
        # have not been updated.  $PTII/.travis.yml has a deploy
        # section that should copy the jar files if PT_TRAVIS_DOCS ==
        # true.  Note that Travis no longer supports Oracle JDK 8 and
        # JDK 11 does not have backward compatible support for
        # javadoc, so travis is failing to update the download/nightly
        # directory.  Even if Travis updates the codeDoc.jar files,
        # then under JDK 11 the actor index files will not be present
        # because JDK 11 is missing javadoc backward compatibility.

        # One possible fix is to build the jar files under JDK 8 with
        # (cd $PTII/doc; make install)
        # Then upload codeDoc.jar to the nightly release.
        # 1. Go to https://github.com/icyphy/ptII/releases
        # 2. Find the nightly release
        # 3. Click on edit
        # 4. Delete the old codeDoc.jar
        # 5. Upload the new codeDoc.jar
        # For details, see 
        # https://docs.github.com/en/github/administering-a-repository/managing-releases-in-a-repository

	# In general, if we call getName on a public field in an actor,
	# then the name that is returned should be the same as the name
	# of the field.
	set entityList [$configuration allAtomicEntityList]
	set results {}
	for {set iterator [$entityList iterator]}  {[$iterator hasNext] == 1} {} {
		set entity [$iterator next]
		if [java::instanceof $entity ptolemy.actor.TypedAtomicActor] {
		    set actor [java::cast ptolemy.actor.TypedAtomicActor $entity]
		    set className [$actor getClassName]
		    set url [java::call ptolemy.vergil.actor.DocManager  docClassNameToURL  $configuration $className  true false false false]
		    if [java::isnull $url] {
			lappend results "\nFailed to find ptdoc for $className.  Try doing (cd $PTII/doc; rm codeDoc/ptolemy/actor/lib/Ramp.xml codeDoc/ptolemy/actor/lib/RampIdx.xml; make docs)"
		    }


		    set url [java::call ptolemy.vergil.actor.DocManager  docClassNameToURL  $configuration $className  false true false false]
		    if [java::isnull $url] {
			lappend results "\nFailed to find javadoc for $className"
		    }

		    set url [java::call ptolemy.vergil.actor.DocManager  docClassNameToURL  $configuration $className  false true false false]
		    if [java::isnull $url] {
			lappend results "\nFailed to find source for $className"
		    }


		    # For actor index, it is ok to return null
		    set url [java::call ptolemy.vergil.actor.DocManager  docClassNameToURL  $configuration $className  false false false true]
		}
	    }
    list $results	
    
==== Result was:
{{
Failed to find ptdoc for ptolemy.actor.lib.Assert.  Try doing (cd /home/travis/build/icyphy/ptII/doc/test/../../doc; rm codeDoc/ptolemy/actor/lib/Ramp.xml codeDoc/ptolemy/actor/lib/RampIdx.xml; make docs)} {
Failed to find javadoc for ptolemy.actor.lib.Assert} {
Failed to find source for ptolemy.actor.lib.Assert} {
Failed to find ptdoc for ptolemy.actor.lib.jjs.JavaScript.  Try doing (cd /home/travis/build/icyphy/ptII/doc/test/../../doc; rm codeDoc/ptolemy/actor/lib/Ramp.xml codeDoc/ptolemy/actor/lib/RampIdx.xml; make docs)} {
Failed to find javadoc for ptolemy.actor.lib.jjs.JavaScript} {
Failed to find source for ptolemy.actor.lib.jjs.JavaScript} {
Failed to find ptdoc for ptolemy.actor.lib.Const.  Try doing (cd /home/travis/build/icyphy/ptII/doc/test/../../doc; rm codeDoc/ptolemy/actor/lib/Ramp.xml codeDoc/ptolemy/actor/lib/RampIdx.xml; make docs)} {
Failed to find javadoc for ptolemy.actor.lib.Const} {
Failed to find source for ptolemy.actor.lib.Const} {
Failed to find ptdoc for ptolemy.actor.lib.gui.InteractiveShell.  Try doing (cd /home/travis/build/icyphy/ptII/doc/test/../../doc; rm codeDoc/ptolemy/actor/lib/Ramp.xml codeDoc/ptolemy/actor/lib/RampIdx.xml; make docs)} {
Failed to find javadoc for ptolemy.actor.lib.gui.InteractiveShell} {
Failed to find source for ptolemy.actor.lib.gui.InteractiveShell} {
Failed to find ptdoc for ptolemy.actor.lib.Ramp.  Try doing (cd /home/travis/build/icyphy/ptII/doc/test/../../doc; rm codeDoc/ptolemy/actor/lib/Ramp.xml codeDoc/ptolemy/actor/lib/RampIdx.xml; make docs)} {
Failed to find javadoc for ptolemy.actor.lib.Ramp} {
Failed to find source for ptolemy.actor.lib.Ramp} {
Failed to find ptdoc for ptolemy.actor.lib.Sequence.  Try doing (cd /home/travis/build/icyphy/ptII/doc/test/../../doc; rm codeDoc/ptolemy/actor/lib/Ramp.xml codeDoc/ptolemy/actor/lib/RampIdx.xml; make docs)} {
Failed to find javadoc for ptolemy.actor.lib.Sequence} {
Failed to find source for ptolemy.actor.lib.Sequence} {
Failed to find ptdoc for ptolemy.actor.lib.gui.SketchedSource.  Try doing (cd /home/travis/build/icyphy/ptII/doc/test/../../doc; rm codeDoc/ptolemy/actor/lib/Ramp.xml codeDoc/ptolemy/actor/lib/RampIdx.xml; make docs)} {
Failed to find javadoc for ptolemy.actor.lib.gui.SketchedSource} {
Failed to find source for ptolemy.actor.lib.gui.SketchedSource} {
Failed to find ptdoc for ptolemy.actor.lib.StringConst.  Try doing (cd /home/travis/build/icyphy/ptII/doc/test/../../doc; rm codeDoc/ptolemy/actor/lib/Ramp.xml codeDoc/ptolemy/actor/lib/RampIdx.xml; make docs)} {
Failed to find javadoc for ptolemy.actor.lib.StringConst} {
Failed to find source for ptolemy.actor.lib.StringConst} {
Failed to find ptdoc for ptolemy.actor.lib.gui.ArrayPlotter.  Try doing (cd /home/travis/build/icyphy/ptII/doc/test/../../doc; rm codeDoc/ptolemy/actor/lib/Ramp.xml codeDoc/ptolemy/actor/lib/RampIdx.xml; make docs)} {
Failed to find javadoc for ptolemy.actor.lib.gui.ArrayPlotter} {
Failed to find source for ptolemy.actor.lib.gui.ArrayPlotter} {
Failed to find ptdoc for ptolemy.actor.lib.gui.ArrayPlotterXY.  Try doing (cd /home/travis/build/icyphy/ptII/doc/test/../../doc; rm codeDoc/ptolemy/actor/lib/Ramp.xml codeDoc/ptolemy/actor/lib/RampIdx.xml; make docs)} {
Failed to find javadoc for ptolemy.actor.lib.gui.ArrayPlotterXY} {
Failed to find source for ptolemy.actor.lib.gui.ArrayPlotterXY} {
Failed to find ptdoc for ptolemy.actor.lib.gui.BarGraph.  Try doing (cd /home/travis/build/icyphy/ptII/doc/test/../../doc; rm codeDoc/ptolemy/actor/lib/Ramp.xml codeDoc/ptolemy/actor/lib/RampIdx.xml; make docs)} {
Failed to find javadoc for ptolemy.actor.lib.gui.BarGraph} {
Failed to find source for ptolemy.actor.lib.gui.BarGraph} {
Failed to find ptdoc for ptolemy.actor.lib.Discard.  Try doing (cd /home/travis/build/icyphy/ptII/doc/test/../../doc; rm codeDoc/ptolemy/actor/lib/Ramp.xml codeDoc/ptolemy/actor/lib/RampIdx.xml; make docs)} {
Failed to find javadoc for ptolemy.actor.lib.Discard} {
Failed to find source for ptolemy.actor.lib.Discard} {
Failed to find ptdoc for ptolemy.actor.lib.gui.Display.  Try doing (cd /home/travis/build/icyphy/ptII/doc/test/../../doc; rm codeDoc/ptolemy/actor/lib/Ramp.xml codeDoc/ptolemy/actor/lib/RampIdx.xml; make docs)} {
Failed to find javadoc for ptolemy.actor.lib.gui.Display} {
Failed to find source for ptolemy.actor.lib.gui.Display} {
Failed to find ptdoc for ptolemy.actor.lib.gui.HistogramPlotter.  Try doing (cd /home/travis/build/icyphy/ptII/doc/test/../../doc; rm codeDoc/ptolemy/actor/lib/Ramp.xml codeDoc/ptolemy/actor/lib/RampIdx.xml; make docs)} {
Failed to find javadoc for ptolemy.actor.lib.gui.HistogramPlotter} {
Failed to find source for ptolemy.actor.lib.gui.HistogramPlotter} {
Failed to find ptdoc for ptolemy.actor.lib.gui.MonitorValue.  Try doing (cd /home/travis/build/icyphy/ptII/doc/test/../../doc; rm codeDoc/ptolemy/actor/lib/Ramp.xml codeDoc/ptolemy/actor/lib/RampIdx.xml; make docs)} {
Failed to find javadoc for ptolemy.actor.lib.gui.MonitorValue} {
Failed to find source for ptolemy.actor.lib.gui.MonitorValue} {
Failed to find ptdoc for ptolemy.actor.lib.gui.SequencePlotter.  Try doing (cd /home/travis/build/icyphy/ptII/doc/test/../../doc; rm codeDoc/ptolemy/actor/lib/Ramp.xml codeDoc/ptolemy/actor/lib/RampIdx.xml; make docs)} {
Failed to find javadoc for ptolemy.actor.lib.gui.SequencePlotter} {
Failed to find source for ptolemy.actor.lib.gui.SequencePlotter} {
Failed to find ptdoc for ptolemy.actor.lib.gui.SequenceScope.  Try doing (cd /home/travis/build/icyphy/ptII/doc/test/../../doc; rm codeDoc/ptolemy/actor/lib/Ramp.xml codeDoc/ptolemy/actor/lib/RampIdx.xml; make docs)} {
Failed to find javadoc for ptolemy.actor.lib.gui.SequenceScope} {
Failed to find source for ptolemy.actor.lib.gui.SequenceScope} {
Failed to find ptdoc for ptolemy.actor.lib.gui.XYPlotter.  Try doing (cd /home/travis/build/icyphy/ptII/doc/test/../../doc; rm codeDoc/ptolemy/actor/lib/Ramp.xml codeDoc/ptolemy/actor/lib/RampIdx.xml; make docs)} {
Failed to find javadoc for ptolemy.actor.lib.gui.XYPlotter} {
Failed to find source for ptolemy.actor.lib.gui.XYPlotter} {
Failed to find ptdoc for ptolemy.actor.lib.gui.XYScope.  Try doing (cd /home/travis/build/icyphy/ptII/doc/test/../../doc; rm codeDoc/ptolemy/actor/lib/Ramp.xml codeDoc/ptolemy/actor/lib/RampIdx.xml; make docs)} {
Failed to find javadoc for ptolemy.actor.lib.gui.XYScope} {
Failed to find source for ptolemy.actor.lib.gui.XYScope} {
Failed to find ptdoc for ptolemy.actor.lib.ArrayAccumulate.  Try doing (cd /home/travis/build/icyphy/ptII/doc/test/../../doc; rm codeDoc/ptolemy/actor/lib/Ramp.xml codeDoc/ptolemy/actor/lib/RampIdx.xml; make docs)} {
Failed to find javadoc for ptolemy.actor.lib.ArrayAccumulate} {
Failed to find source for ptolemy.actor.lib.ArrayAccumulate} {
Failed to find ptdoc for ptolemy.actor.lib.ArrayAppend.  Try doing (cd /home/travis/build/icyphy/ptII/doc/test/../../doc; rm codeDoc/ptolemy/actor/lib/Ramp.xml codeDoc/ptolemy/actor/lib/RampIdx.xml; make docs)} {
Failed to find javadoc for ptolemy.actor.lib.ArrayAppend} {
Failed to find source for ptolemy.actor.lib.ArrayAppend} {
Failed to find ptdoc for ptolemy.actor.lib.ArrayAverage.  Try doing (cd /home/travis/build/icyphy/ptII/doc/test/../../doc; rm codeDoc/ptolemy/actor/lib/Ramp.xml codeDoc/ptolemy/actor/lib/RampIdx.xml; make docs)} {
Failed to find javadoc for ptolemy.actor.lib.ArrayAverage} {
Failed to find source for ptolemy.actor.lib.ArrayAverage} {
Failed to find ptdoc for ptolemy.actor.lib.ArrayContains.  Try doing (cd /home/travis/build/icyphy/ptII/doc/test/../../doc; rm codeDoc/ptolemy/actor/lib/Ramp.xml codeDoc/ptolemy/actor/lib/RampIdx.xml; make docs)} {
Failed to find javadoc for ptolemy.actor.lib.ArrayContains} {
Failed to find source for ptolemy.actor.lib.ArrayContains} {
Failed to find ptdoc for ptolemy.actor.lib.ArrayElement.  Try doing (cd /home/travis/build/icyphy/ptII/doc/test/../../doc; rm codeDoc/ptolemy/actor/lib/Ramp.xml codeDoc/ptolemy/actor/lib/RampIdx.xml; make docs)} {
Failed to find javadoc for ptolemy.actor.lib.ArrayElement} {
Failed to find source for ptolemy.actor.lib.ArrayElement} {
Failed to find ptdoc for ptolemy.actor.lib.ArrayElementAsMatrix.  Try doing (cd /home/travis/build/icyphy/ptII/doc/test/../../doc; rm codeDoc/ptolemy/actor/lib/Ramp.xml codeDoc/ptolemy/actor/lib/RampIdx.xml; make docs)} {
Failed to find javadoc for ptolemy.actor.lib.ArrayElementAsMatrix} {
Failed to find source for ptolemy.actor.lib.ArrayElementAsMatrix} {
Failed to find ptdoc for ptolemy.actor.lib.ArrayExtract.  Try doing (cd /home/travis/build/icyphy/ptII/doc/test/../../doc; rm codeDoc/ptolemy/actor/lib/Ramp.xml codeDoc/ptolemy/actor/lib/RampIdx.xml; make docs)} {
Failed to find javadoc for ptolemy.actor.lib.ArrayExtract} {
Failed to find source for ptolemy.actor.lib.ArrayExtract} {
Failed to find ptdoc for ptolemy.actor.lib.ArrayLength.  Try doing (cd /home/travis/build/icyphy/ptII/doc/test/../../doc; rm codeDoc/ptolemy/actor/lib/Ramp.xml codeDoc/ptolemy/actor/lib/RampIdx.xml; make docs)} {
Failed to find javadoc for ptolemy.actor.lib.ArrayLength} {
Failed to find source for ptolemy.actor.lib.ArrayLength} {
Failed to find ptdoc for ptolemy.actor.lib.ArrayLevelCrossing.  Try doing (cd /home/travis/build/icyphy/ptII/doc/test/../../doc; rm codeDoc/ptolemy/actor/lib/Ramp.xml codeDoc/ptolemy/actor/lib/RampIdx.xml; make docs)} {
Failed to find javadoc for ptolemy.actor.lib.ArrayLevelCrossing} {
Failed to find source for ptolemy.actor.lib.ArrayLevelCrossing} {
Failed to find ptdoc for ptolemy.actor.lib.ArrayMaximum.  Try doing (cd /home/travis/build/icyphy/ptII/doc/test/../../doc; rm codeDoc/ptolemy/actor/lib/Ramp.xml codeDoc/ptolemy/actor/lib/RampIdx.xml; make docs)} {
Failed to find javadoc for ptolemy.actor.lib.ArrayMaximum} {
Failed to find source for ptolemy.actor.lib.ArrayMaximum} {
Failed to find ptdoc for ptolemy.actor.lib.ArrayMinimum.  Try doing (cd /home/travis/build/icyphy/ptII/doc/test/../../doc; rm codeDoc/ptolemy/actor/lib/Ramp.xml codeDoc/ptolemy/actor/lib/RampIdx.xml; make docs)} {
Failed to find javadoc for ptolemy.actor.lib.ArrayMinimum} {
Failed to find source for ptolemy.actor.lib.ArrayMinimum} {
Failed to find ptdoc for ptolemy.actor.lib.ArrayPeakSearch.  Try doing (cd /home/travis/build/icyphy/ptII/doc/test/../../doc; rm codeDoc/ptolemy/actor/lib/Ramp.xml codeDoc/ptolemy/actor/lib/RampIdx.xml; make docs)} {
Failed to find javadoc for ptolemy.actor.lib.ArrayPeakSearch} {
Failed to find source for ptolemy.actor.lib.ArrayPeakSearch} {
Failed to find ptdoc for ptolemy.actor.lib.ArrayRemoveElement.  Try doing (cd /home/travis/build/icyphy/ptII/doc/test/../../doc; rm codeDoc/ptolemy/actor/lib/Ramp.xml codeDoc/ptolemy/actor/lib/RampIdx.xml; make docs)} {
Failed to find javadoc for ptolemy.actor.lib.ArrayRemoveElement} {
Failed to find source for ptolemy.actor.lib.ArrayRemoveElement} {
Failed to find ptdoc for ptolemy.actor.lib.ArraySort.  Try doing (cd /home/travis/build/icyphy/ptII/doc/test/../../doc; rm codeDoc/ptolemy/actor/lib/Ramp.xml codeDoc/ptolemy/actor/lib/RampIdx.xml; make docs)} {
Failed to find javadoc for ptolemy.actor.lib.ArraySort} {
Failed to find source for ptolemy.actor.lib.ArraySort} {
Failed to find ptdoc for ptolemy.actor.lib.ArraySum.  Try doing (cd /home/travis/build/icyphy/ptII/doc/test/../../doc; rm codeDoc/ptolemy/actor/lib/Ramp.xml codeDoc/ptolemy/actor/lib/RampIdx.xml; make docs)} {
Failed to find javadoc for ptolemy.actor.lib.ArraySum} {
Failed to find source for ptolemy.actor.lib.ArraySum} {
Failed to find ptdoc for ptolemy.actor.lib.ArrayToElements.  Try doing (cd /home/travis/build/icyphy/ptII/doc/test/../../doc; rm codeDoc/ptolemy/actor/lib/Ramp.xml codeDoc/ptolemy/actor/lib/RampIdx.xml; make docs)} {
Failed to find javadoc for ptolemy.actor.lib.ArrayToElements} {
Failed to find source for ptolemy.actor.lib.ArrayToElements} {
Failed to find ptdoc for ptolemy.domains.sdf.lib.ArrayToSequence.  Try doing (cd /home/travis/build/icyphy/ptII/doc/test/../../doc; rm codeDoc/ptolemy/actor/lib/Ramp.xml codeDoc/ptolemy/actor/lib/RampIdx.xml; make docs)} {
Failed to find javadoc for ptolemy.domains.sdf.lib.ArrayToSequence} {
Failed to find source for ptolemy.domains.sdf.lib.ArrayToSequence} {
Failed to find ptdoc for ptolemy.actor.lib.ArrayUpdate.  Try doing (cd /home/travis/build/icyphy/ptII/doc/test/../../doc; rm codeDoc/ptolemy/actor/lib/Ramp.xml codeDoc/ptolemy/actor/lib/RampIdx.xml; make docs)} {
Failed to find javadoc for ptolemy.actor.lib.ArrayUpdate} {
Failed to find source for ptolemy.actor.lib.ArrayUpdate} {
Failed to find ptdoc for ptolemy.actor.lib.ElementsToArray.  Try doing (cd /home/travis/build/icyphy/ptII/doc/test/../../doc; rm codeDoc/ptolemy/actor/lib/Ramp.xml codeDoc/ptolemy/actor/lib/RampIdx.xml; make docs)} {
Failed to find javadoc for ptolemy.actor.lib.ElementsToArray} {
Failed to find source for ptolemy.actor.lib.ElementsToArray} {
Failed to find ptdoc for ptolemy.domains.sdf.lib.SequenceToArray.  Try doing (cd /home/travis/build/icyphy/ptII/doc/test/../../doc; rm codeDoc/ptolemy/actor/lib/Ramp.xml codeDoc/ptolemy/actor/lib/RampIdx.xml; make docs)} {
Failed to find javadoc for ptolemy.domains.sdf.lib.SequenceToArray} {
Failed to find source for ptolemy.domains.sdf.lib.SequenceToArray} {
Failed to find ptdoc for ptolemy.actor.lib.conversions.AnythingToDouble.  Try doing (cd /home/travis/build/icyphy/ptII/doc/test/../../doc; rm codeDoc/ptolemy/actor/lib/Ramp.xml codeDoc/ptolemy/actor/lib/RampIdx.xml; make docs)} {
Failed to find javadoc for ptolemy.actor.lib.conversions.AnythingToDouble} {
Failed to find source for ptolemy.actor.lib.conversions.AnythingToDouble} {
Failed to find ptdoc for ptolemy.actor.lib.conversions.BooleanToAnything.  Try doing (cd /home/travis/build/icyphy/ptII/doc/test/../../doc; rm codeDoc/ptolemy/actor/lib/Ramp.xml codeDoc/ptolemy/actor/lib/RampIdx.xml; make docs)} {
Failed to find javadoc for ptolemy.actor.lib.conversions.BooleanToAnything} {
Failed to find source for ptolemy.actor.lib.conversions.BooleanToAnything} {
Failed to find ptdoc for ptolemy.domains.sdf.lib.BitsToInt.  Try doing (cd /home/travis/build/icyphy/ptII/doc/test/../../doc; rm codeDoc/ptolemy/actor/lib/Ramp.xml codeDoc/ptolemy/actor/lib/RampIdx.xml; make docs)} {
Failed to find javadoc for ptolemy.domains.sdf.lib.BitsToInt} {
Failed to find source for ptolemy.domains.sdf.lib.BitsToInt} {
Failed to find ptdoc for ptolemy.actor.lib.conversions.CartesianToComplex.  Try doing (cd /home/travis/build/icyphy/ptII/doc/test/../../doc; rm codeDoc/ptolemy/actor/lib/Ramp.xml codeDoc/ptolemy/actor/lib/RampIdx.xml; make docs)} {
Failed to find javadoc for ptolemy.actor.lib.conversions.CartesianToComplex} {
Failed to find source for ptolemy.actor.lib.conversions.CartesianToComplex} {
Failed to find ptdoc for ptolemy.actor.lib.conversions.CartesianToPolar.  Try doing (cd /home/travis/build/icyphy/ptII/doc/test/../../doc; rm codeDoc/ptolemy/actor/lib/Ramp.xml codeDoc/ptolemy/actor/lib/RampIdx.xml; make docs)} {
Failed to find javadoc for ptolemy.actor.lib.conversions.CartesianToPolar} {
Failed to find source for ptolemy.actor.lib.conversions.CartesianToPolar} {
Failed to find ptdoc for ptolemy.actor.lib.conversions.ComplexToCartesian.  Try doing (cd /home/travis/build/icyphy/ptII/doc/test/../../doc; rm codeDoc/ptolemy/actor/lib/Ramp.xml codeDoc/ptolemy/actor/lib/RampIdx.xml; make docs)} {
Failed to find javadoc for ptolemy.actor.lib.conversions.ComplexToCartesian} {
Failed to find source for ptolemy.actor.lib.conversions.ComplexToCartesian} {
Failed to find ptdoc for ptolemy.actor.lib.conversions.ComplexToPolar.  Try doing (cd /home/travis/build/icyphy/ptII/doc/test/../../doc; rm codeDoc/ptolemy/actor/lib/Ramp.xml codeDoc/ptolemy/actor/lib/RampIdx.xml; make docs)} {
Failed to find javadoc for ptolemy.actor.lib.conversions.ComplexToPolar} {
Failed to find source for ptolemy.actor.lib.conversions.ComplexToPolar} {
Failed to find ptdoc for ptolemy.actor.lib.conversions.DateToString.  Try doing (cd /home/travis/build/icyphy/ptII/doc/test/../../doc; rm codeDoc/ptolemy/actor/lib/Ramp.xml codeDoc/ptolemy/actor/lib/RampIdx.xml; make docs)} {
Failed to find javadoc for ptolemy.actor.lib.conversions.DateToString} {
Failed to find source for ptolemy.actor.lib.conversions.DateToString} {
Failed to find ptdoc for ptolemy.actor.lib.conversions.DoubleToFix.  Try doing (cd /home/travis/build/icyphy/ptII/doc/test/../../doc; rm codeDoc/ptolemy/actor/lib/Ramp.xml codeDoc/ptolemy/actor/lib/RampIdx.xml; make docs)} {
Failed to find javadoc for ptolemy.actor.lib.conversions.DoubleToFix} {
Failed to find source for ptolemy.actor.lib.conversions.DoubleToFix} {
Failed to find ptdoc for ptolemy.actor.lib.conversions.ExpressionToToken.  Try doing (cd /home/travis/build/icyphy/ptII/doc/test/../../doc; rm codeDoc/ptolemy/actor/lib/Ramp.xml codeDoc/ptolemy/actor/lib/RampIdx.xml; make docs)} {
Failed to find javadoc for ptolemy.actor.lib.conversions.ExpressionToToken} {
Failed to find source for ptolemy.actor.lib.conversions.ExpressionToToken} {
Failed to find ptdoc for ptolemy.actor.lib.conversions.FixToDouble.  Try doing (cd /home/travis/build/icyphy/ptII/doc/test/../../doc; rm codeDoc/ptolemy/actor/lib/Ramp.xml codeDoc/ptolemy/actor/lib/RampIdx.xml; make docs)} {
Failed to find javadoc for ptolemy.actor.lib.conversions.FixToDouble} {
Failed to find source for ptolemy.actor.lib.conversions.FixToDouble} {
Failed to find ptdoc for ptolemy.actor.lib.conversions.FixToFix.  Try doing (cd /home/travis/build/icyphy/ptII/doc/test/../../doc; rm codeDoc/ptolemy/actor/lib/Ramp.xml codeDoc/ptolemy/actor/lib/RampIdx.xml; make docs)} {
Failed to find javadoc for ptolemy.actor.lib.conversions.FixToFix} {
Failed to find source for ptolemy.actor.lib.conversions.FixToFix} {
Failed to find ptdoc for ptolemy.actor.lib.conversions.ImageToString.  Try doing (cd /home/travis/build/icyphy/ptII/doc/test/../../doc; rm codeDoc/ptolemy/actor/lib/Ramp.xml codeDoc/ptolemy/actor/lib/RampIdx.xml; make docs)} {
Failed to find javadoc for ptolemy.actor.lib.conversions.ImageToString} {
Failed to find source for ptolemy.actor.lib.conversions.ImageToString} {
Failed to find ptdoc for ptolemy.actor.lib.conversions.IntArrayToString.  Try doing (cd /home/travis/build/icyphy/ptII/doc/test/../../doc; rm codeDoc/ptolemy/actor/lib/Ramp.xml codeDoc/ptolemy/actor/lib/RampIdx.xml; make docs)} {
Failed to find javadoc for ptolemy.actor.lib.conversions.IntArrayToString} {
Failed to find source for ptolemy.actor.lib.conversions.IntArrayToString} {
Failed to find ptdoc for ptolemy.domains.sdf.lib.IntToBits.  Try doing (cd /home/travis/build/icyphy/ptII/doc/test/../../doc; rm codeDoc/ptolemy/actor/lib/Ramp.xml codeDoc/ptolemy/actor/lib/RampIdx.xml; make docs)} {
Failed to find javadoc for ptolemy.domains.sdf.lib.IntToBits} {
Failed to find source for ptolemy.domains.sdf.lib.IntToBits} {
Failed to find ptdoc for ptolemy.actor.lib.conversions.InUnitsOf.  Try doing (cd /home/travis/build/icyphy/ptII/doc/test/../../doc; rm codeDoc/ptolemy/actor/lib/Ramp.xml codeDoc/ptolemy/actor/lib/RampIdx.xml; make docs)} {
Failed to find javadoc for ptolemy.actor.lib.conversions.InUnitsOf} {
Failed to find source for ptolemy.actor.lib.conversions.InUnitsOf} {
Failed to find ptdoc for ptolemy.actor.lib.conversions.json.JSONToToken.  Try doing (cd /home/travis/build/icyphy/ptII/doc/test/../../doc; rm codeDoc/ptolemy/actor/lib/Ramp.xml codeDoc/ptolemy/actor/lib/RampIdx.xml; make docs)} {
Failed to find javadoc for ptolemy.actor.lib.conversions.json.JSONToToken} {
Failed to find source for ptolemy.actor.lib.conversions.json.JSONToToken} {
Failed to find ptdoc for ptolemy.actor.lib.conversions.json.TokenToJSON.  Try doing (cd /home/travis/build/icyphy/ptII/doc/test/../../doc; rm codeDoc/ptolemy/actor/lib/Ramp.xml codeDoc/ptolemy/actor/lib/RampIdx.xml; make docs)} {
Failed to find javadoc for ptolemy.actor.lib.conversions.json.TokenToJSON} {
Failed to find source for ptolemy.actor.lib.conversions.json.TokenToJSON} {
Failed to find ptdoc for ptolemy.actor.lib.conversions.LongToDouble.  Try doing (cd /home/travis/build/icyphy/ptII/doc/test/../../doc; rm codeDoc/ptolemy/actor/lib/Ramp.xml codeDoc/ptolemy/actor/lib/RampIdx.xml; make docs)} {
Failed to find javadoc for ptolemy.actor.lib.conversions.LongToDouble} {
Failed to find source for ptolemy.actor.lib.conversions.LongToDouble} {
Failed to find ptdoc for ptolemy.actor.lib.conversions.PolarToCartesian.  Try doing (cd /home/travis/build/icyphy/ptII/doc/test/../../doc; rm codeDoc/ptolemy/actor/lib/Ramp.xml codeDoc/ptolemy/actor/lib/RampIdx.xml; make docs)} {
Failed to find javadoc for ptolemy.actor.lib.conversions.PolarToCartesian} {
Failed to find source for ptolemy.actor.lib.conversions.PolarToCartesian} {
Failed to find ptdoc for ptolemy.actor.lib.conversions.PolarToComplex.  Try doing (cd /home/travis/build/icyphy/ptII/doc/test/../../doc; rm codeDoc/ptolemy/actor/lib/Ramp.xml codeDoc/ptolemy/actor/lib/RampIdx.xml; make docs)} {
Failed to find javadoc for ptolemy.actor.lib.conversions.PolarToComplex} {
Failed to find source for ptolemy.actor.lib.conversions.PolarToComplex} {
Failed to find ptdoc for ptolemy.actor.lib.conversions.Round.  Try doing (cd /home/travis/build/icyphy/ptII/doc/test/../../doc; rm codeDoc/ptolemy/actor/lib/Ramp.xml codeDoc/ptolemy/actor/lib/RampIdx.xml; make docs)} {
Failed to find javadoc for ptolemy.actor.lib.conversions.Round} {
Failed to find source for ptolemy.actor.lib.conversions.Round} {
Failed to find ptdoc for ptolemy.actor.lib.conversions.SmoothToDouble.  Try doing (cd /home/travis/build/icyphy/ptII/doc/test/../../doc; rm codeDoc/ptolemy/actor/lib/Ramp.xml codeDoc/ptolemy/actor/lib/RampIdx.xml; make docs)} {
Failed to find javadoc for ptolemy.actor.lib.conversions.SmoothToDouble} {
Failed to find source for ptolemy.actor.lib.conversions.SmoothToDouble} {
Failed to find ptdoc for ptolemy.actor.lib.conversions.StringToBoolean.  Try doing (cd /home/travis/build/icyphy/ptII/doc/test/../../doc; rm codeDoc/ptolemy/actor/lib/Ramp.xml codeDoc/ptolemy/actor/lib/RampIdx.xml; make docs)} {
Failed to find javadoc for ptolemy.actor.lib.conversions.StringToBoolean} {
Failed to find source for ptolemy.actor.lib.conversions.StringToBoolean} {
Failed to find ptdoc for ptolemy.actor.lib.conversions.StringToDouble.  Try doing (cd /home/travis/build/icyphy/ptII/doc/test/../../doc; rm codeDoc/ptolemy/actor/lib/Ramp.xml codeDoc/ptolemy/actor/lib/RampIdx.xml; make docs)} {
Failed to find javadoc for ptolemy.actor.lib.conversions.StringToDouble} {
Failed to find source for ptolemy.actor.lib.conversions.StringToDouble} {
Failed to find ptdoc for ptolemy.actor.lib.conversions.StringToInt.  Try doing (cd /home/travis/build/icyphy/ptII/doc/test/../../doc; rm codeDoc/ptolemy/actor/lib/Ramp.xml codeDoc/ptolemy/actor/lib/RampIdx.xml; make docs)} {
Failed to find javadoc for ptolemy.actor.lib.conversions.StringToInt} {
Failed to find source for ptolemy.actor.lib.conversions.StringToInt} {
Failed to find ptdoc for ptolemy.actor.lib.conversions.StringToIntArray.  Try doing (cd /home/travis/build/icyphy/ptII/doc/test/../../doc; rm codeDoc/ptolemy/actor/lib/Ramp.xml codeDoc/ptolemy/actor/lib/RampIdx.xml; make docs)} {
Failed to find javadoc for ptolemy.actor.lib.conversions.StringToIntArray} {
Failed to find source for ptolemy.actor.lib.conversions.StringToIntArray} {
Failed to find ptdoc for ptolemy.actor.lib.conversions.StringToUnsignedByteArray.  Try doing (cd /home/travis/build/icyphy/ptII/doc/test/../../doc; rm codeDoc/ptolemy/actor/lib/Ramp.xml codeDoc/ptolemy/actor/lib/RampIdx.xml; make docs)} {
Failed to find javadoc for ptolemy.actor.lib.conversions.StringToUnsignedByteArray} {
Failed to find source for ptolemy.actor.lib.conversions.StringToUnsignedByteArray} {
Failed to find ptdoc for ptolemy.actor.lib.conversions.StringToXML.  Try doing (cd /home/travis/build/icyphy/ptII/doc/test/../../doc; rm codeDoc/ptolemy/actor/lib/Ramp.xml codeDoc/ptolemy/actor/lib/RampIdx.xml; make docs)} {
Failed to find javadoc for ptolemy.actor.lib.conversions.StringToXML} {
Failed to find source for ptolemy.actor.lib.conversions.StringToXML} {
Failed to find ptdoc for ptolemy.actor.lib.conversions.TokenToExpression.  Try doing (cd /home/travis/build/icyphy/ptII/doc/test/../../doc; rm codeDoc/ptolemy/actor/lib/Ramp.xml codeDoc/ptolemy/actor/lib/RampIdx.xml; make docs)} {
Failed to find javadoc for ptolemy.actor.lib.conversions.TokenToExpression} {
Failed to find source for ptolemy.actor.lib.conversions.TokenToExpression} {
Failed to find ptdoc for ptolemy.actor.lib.conversions.UnsignedByteArrayToString.  Try doing (cd /home/travis/build/icyphy/ptII/doc/test/../../doc; rm codeDoc/ptolemy/actor/lib/Ramp.xml codeDoc/ptolemy/actor/lib/RampIdx.xml; make docs)} {
Failed to find javadoc for ptolemy.actor.lib.conversions.UnsignedByteArrayToString} {
Failed to find source for ptolemy.actor.lib.conversions.UnsignedByteArrayToString} {
Failed to find ptdoc for ptolemy.actor.lib.BusAssembler.  Try doing (cd /home/travis/build/icyphy/ptII/doc/test/../../doc; rm codeDoc/ptolemy/actor/lib/Ramp.xml codeDoc/ptolemy/actor/lib/RampIdx.xml; make docs)} {
Failed to find javadoc for ptolemy.actor.lib.BusAssembler} {
Failed to find source for ptolemy.actor.lib.BusAssembler} {
Failed to find ptdoc for ptolemy.actor.lib.BusDisassembler.  Try doing (cd /home/travis/build/icyphy/ptII/doc/test/../../doc; rm codeDoc/ptolemy/actor/lib/Ramp.xml codeDoc/ptolemy/actor/lib/RampIdx.xml; make docs)} {
Failed to find javadoc for ptolemy.actor.lib.BusDisassembler} {
Failed to find source for ptolemy.actor.lib.BusDisassembler} {
Failed to find ptdoc for ptolemy.actor.lib.Commutator.  Try doing (cd /home/travis/build/icyphy/ptII/doc/test/../../doc; rm codeDoc/ptolemy/actor/lib/Ramp.xml codeDoc/ptolemy/actor/lib/RampIdx.xml; make docs)} {
Failed to find javadoc for ptolemy.actor.lib.Commutator} {
Failed to find source for ptolemy.actor.lib.Commutator} {
Failed to find ptdoc for ptolemy.actor.lib.Distributor.  Try doing (cd /home/travis/build/icyphy/ptII/doc/test/../../doc; rm codeDoc/ptolemy/actor/lib/Ramp.xml codeDoc/ptolemy/actor/lib/RampIdx.xml; make docs)} {
Failed to find javadoc for ptolemy.actor.lib.Distributor} {
Failed to find source for ptolemy.actor.lib.Distributor} {
Failed to find ptdoc for ptolemy.actor.lib.Multiplexor.  Try doing (cd /home/travis/build/icyphy/ptII/doc/test/../../doc; rm codeDoc/ptolemy/actor/lib/Ramp.xml codeDoc/ptolemy/actor/lib/RampIdx.xml; make docs)} {
Failed to find javadoc for ptolemy.actor.lib.Multiplexor} {
Failed to find source for ptolemy.actor.lib.Multiplexor} {
Failed to find ptdoc for ptolemy.actor.lib.OrderedRecordAssembler.  Try doing (cd /home/travis/build/icyphy/ptII/doc/test/../../doc; rm codeDoc/ptolemy/actor/lib/Ramp.xml codeDoc/ptolemy/actor/lib/RampIdx.xml; make docs)} {
Failed to find javadoc for ptolemy.actor.lib.OrderedRecordAssembler} {
Failed to find source for ptolemy.actor.lib.OrderedRecordAssembler} {
Failed to find ptdoc for ptolemy.actor.lib.RecordAssembler.  Try doing (cd /home/travis/build/icyphy/ptII/doc/test/../../doc; rm codeDoc/ptolemy/actor/lib/Ramp.xml codeDoc/ptolemy/actor/lib/RampIdx.xml; make docs)} {
Failed to find javadoc for ptolemy.actor.lib.RecordAssembler} {
Failed to find source for ptolemy.actor.lib.RecordAssembler} {
Failed to find ptdoc for ptolemy.actor.lib.RecordDisassembler.  Try doing (cd /home/travis/build/icyphy/ptII/doc/test/../../doc; rm codeDoc/ptolemy/actor/lib/Ramp.xml codeDoc/ptolemy/actor/lib/RampIdx.xml; make docs)} {
Failed to find javadoc for ptolemy.actor.lib.RecordDisassembler} {
Failed to find source for ptolemy.actor.lib.RecordDisassembler} {
Failed to find ptdoc for ptolemy.actor.lib.RecordUpdater.  Try doing (cd /home/travis/build/icyphy/ptII/doc/test/../../doc; rm codeDoc/ptolemy/actor/lib/Ramp.xml codeDoc/ptolemy/actor/lib/RampIdx.xml; make docs)} {
Failed to find javadoc for ptolemy.actor.lib.RecordUpdater} {
Failed to find source for ptolemy.actor.lib.RecordUpdater} {
Failed to find ptdoc for ptolemy.actor.lib.Sampler.  Try doing (cd /home/travis/build/icyphy/ptII/doc/test/../../doc; rm codeDoc/ptolemy/actor/lib/Ramp.xml codeDoc/ptolemy/actor/lib/RampIdx.xml; make docs)} {
Failed to find javadoc for ptolemy.actor.lib.Sampler} {
Failed to find source for ptolemy.actor.lib.Sampler} {
Failed to find ptdoc for ptolemy.actor.lib.Select.  Try doing (cd /home/travis/build/icyphy/ptII/doc/test/../../doc; rm codeDoc/ptolemy/actor/lib/Ramp.xml codeDoc/ptolemy/actor/lib/RampIdx.xml; make docs)} {
Failed to find javadoc for ptolemy.actor.lib.Select} {
Failed to find source for ptolemy.actor.lib.Select} {
Failed to find ptdoc for ptolemy.actor.lib.SingleTokenCommutator.  Try doing (cd /home/travis/build/icyphy/ptII/doc/test/../../doc; rm codeDoc/ptolemy/actor/lib/Ramp.xml codeDoc/ptolemy/actor/lib/RampIdx.xml; make docs)} {
Failed to find javadoc for ptolemy.actor.lib.SingleTokenCommutator} {
Failed to find source for ptolemy.actor.lib.SingleTokenCommutator} {
Failed to find ptdoc for ptolemy.actor.lib.Switch.  Try doing (cd /home/travis/build/icyphy/ptII/doc/test/../../doc; rm codeDoc/ptolemy/actor/lib/Ramp.xml codeDoc/ptolemy/actor/lib/RampIdx.xml; make docs)} {
Failed to find javadoc for ptolemy.actor.lib.Switch} {
Failed to find source for ptolemy.actor.lib.Switch} {
Failed to find ptdoc for ptolemy.actor.lib.Synchronizer.  Try doing (cd /home/travis/build/icyphy/ptII/doc/test/../../doc; rm codeDoc/ptolemy/actor/lib/Ramp.xml codeDoc/ptolemy/actor/lib/RampIdx.xml; make docs)} {
Failed to find javadoc for ptolemy.actor.lib.Synchronizer} {
Failed to find source for ptolemy.actor.lib.Synchronizer} {
Failed to find ptdoc for ptolemy.actor.lib.UnionDisassembler.  Try doing (cd /home/travis/build/icyphy/ptII/doc/test/../../doc; rm codeDoc/ptolemy/actor/lib/Ramp.xml codeDoc/ptolemy/actor/lib/RampIdx.xml; make docs)} {
Failed to find javadoc for ptolemy.actor.lib.UnionDisassembler} {
Failed to find source for ptolemy.actor.lib.UnionDisassembler} {
Failed to find ptdoc for ptolemy.actor.lib.UnionMerge.  Try doing (cd /home/travis/build/icyphy/ptII/doc/test/../../doc; rm codeDoc/ptolemy/actor/lib/Ramp.xml codeDoc/ptolemy/actor/lib/RampIdx.xml; make docs)} {
Failed to find javadoc for ptolemy.actor.lib.UnionMerge} {
Failed to find source for ptolemy.actor.lib.UnionMerge} {
Failed to find ptdoc for ptolemy.actor.lib.VectorAssembler.  Try doing (cd /home/travis/build/icyphy/ptII/doc/test/../../doc; rm codeDoc/ptolemy/actor/lib/Ramp.xml codeDoc/ptolemy/actor/lib/RampIdx.xml; make docs)} {
Failed to find javadoc for ptolemy.actor.lib.VectorAssembler} {
Failed to find source for ptolemy.actor.lib.VectorAssembler} {
Failed to find ptdoc for ptolemy.actor.lib.VectorDisassembler.  Try doing (cd /home/travis/build/icyphy/ptII/doc/test/../../doc; rm codeDoc/ptolemy/actor/lib/Ramp.xml codeDoc/ptolemy/actor/lib/RampIdx.xml; make docs)} {
Failed to find javadoc for ptolemy.actor.lib.VectorDisassembler} {
Failed to find source for ptolemy.actor.lib.VectorDisassembler} {
Failed to find ptdoc for ptolemy.actor.lib.BooleanMultiplexor.  Try doing (cd /home/travis/build/icyphy/ptII/doc/test/../../doc; rm codeDoc/ptolemy/actor/lib/Ramp.xml codeDoc/ptolemy/actor/lib/RampIdx.xml; make docs)} {
Failed to find javadoc for ptolemy.actor.lib.BooleanMultiplexor} {
Failed to find source for ptolemy.actor.lib.BooleanMultiplexor} {
Failed to find ptdoc for ptolemy.actor.lib.BooleanSelect.  Try doing (cd /home/travis/build/icyphy/ptII/doc/test/../../doc; rm codeDoc/ptolemy/actor/lib/Ramp.xml codeDoc/ptolemy/actor/lib/RampIdx.xml; make docs)} {
Failed to find javadoc for ptolemy.actor.lib.BooleanSelect} {
Failed to find source for ptolemy.actor.lib.BooleanSelect} {
Failed to find ptdoc for ptolemy.actor.lib.BooleanSwitch.  Try doing (cd /home/travis/build/icyphy/ptII/doc/test/../../doc; rm codeDoc/ptolemy/actor/lib/Ramp.xml codeDoc/ptolemy/actor/lib/RampIdx.xml; make docs)} {
Failed to find javadoc for ptolemy.actor.lib.BooleanSwitch} {
Failed to find source for ptolemy.actor.lib.BooleanSwitch} {
Failed to find ptdoc for ptolemy.actor.lib.ConfigurationSelect.  Try doing (cd /home/travis/build/icyphy/ptII/doc/test/../../doc; rm codeDoc/ptolemy/actor/lib/Ramp.xml codeDoc/ptolemy/actor/lib/RampIdx.xml; make docs)} {
Failed to find javadoc for ptolemy.actor.lib.ConfigurationSelect} {
Failed to find source for ptolemy.actor.lib.ConfigurationSelect} {
Failed to find ptdoc for ptolemy.actor.lib.ConfigurationSwitch.  Try doing (cd /home/travis/build/icyphy/ptII/doc/test/../../doc; rm codeDoc/ptolemy/actor/lib/Ramp.xml codeDoc/ptolemy/actor/lib/RampIdx.xml; make docs)} {
Failed to find javadoc for ptolemy.actor.lib.ConfigurationSwitch} {
Failed to find source for ptolemy.actor.lib.ConfigurationSwitch} {
Failed to find ptdoc for ptolemy.domains.sdf.lib.CountTrues.  Try doing (cd /home/travis/build/icyphy/ptII/doc/test/../../doc; rm codeDoc/ptolemy/actor/lib/Ramp.xml codeDoc/ptolemy/actor/lib/RampIdx.xml; make docs)} {
Failed to find javadoc for ptolemy.domains.sdf.lib.CountTrues} {
Failed to find source for ptolemy.domains.sdf.lib.CountTrues} {
Failed to find ptdoc for ptolemy.domains.sdf.lib.Chop.  Try doing (cd /home/travis/build/icyphy/ptII/doc/test/../../doc; rm codeDoc/ptolemy/actor/lib/Ramp.xml codeDoc/ptolemy/actor/lib/RampIdx.xml; make docs)} {
Failed to find javadoc for ptolemy.domains.sdf.lib.Chop} {
Failed to find source for ptolemy.domains.sdf.lib.Chop} {
Failed to find ptdoc for ptolemy.actor.lib.Default.  Try doing (cd /home/travis/build/icyphy/ptII/doc/test/../../doc; rm codeDoc/ptolemy/actor/lib/Ramp.xml codeDoc/ptolemy/actor/lib/RampIdx.xml; make docs)} {
Failed to find javadoc for ptolemy.actor.lib.Default} {
Failed to find source for ptolemy.actor.lib.Default} {
Failed to find ptdoc for ptolemy.domains.sdf.lib.Repeat.  Try doing (cd /home/travis/build/icyphy/ptII/doc/test/../../doc; rm codeDoc/ptolemy/actor/lib/Ramp.xml codeDoc/ptolemy/actor/lib/RampIdx.xml; make docs)} {
Failed to find javadoc for ptolemy.domains.sdf.lib.Repeat} {
Failed to find source for ptolemy.domains.sdf.lib.Repeat} {
Failed to find ptdoc for ptolemy.domains.sdf.lib.SampleDelay.  Try doing (cd /home/travis/build/icyphy/ptII/doc/test/../../doc; rm codeDoc/ptolemy/actor/lib/Ramp.xml codeDoc/ptolemy/actor/lib/RampIdx.xml; make docs)} {
Failed to find javadoc for ptolemy.domains.sdf.lib.SampleDelay} {
Failed to find source for ptolemy.domains.sdf.lib.SampleDelay} {
Failed to find ptdoc for ptolemy.actor.lib.Sequencer.  Try doing (cd /home/travis/build/icyphy/ptII/doc/test/../../doc; rm codeDoc/ptolemy/actor/lib/Ramp.xml codeDoc/ptolemy/actor/lib/RampIdx.xml; make docs)} {
Failed to find javadoc for ptolemy.actor.lib.Sequencer} {
Failed to find source for ptolemy.actor.lib.Sequencer} {
Failed to find ptdoc for ptolemy.actor.lib.Exit.  Try doing (cd /home/travis/build/icyphy/ptII/doc/test/../../doc; rm codeDoc/ptolemy/actor/lib/Ramp.xml codeDoc/ptolemy/actor/lib/RampIdx.xml; make docs)} {
Failed to find javadoc for ptolemy.actor.lib.Exit} {
Failed to find source for ptolemy.actor.lib.Exit} {
Failed to find ptdoc for ptolemy.actor.lib.Stop.  Try doing (cd /home/travis/build/icyphy/ptII/doc/test/../../doc; rm codeDoc/ptolemy/actor/lib/Ramp.xml codeDoc/ptolemy/actor/lib/RampIdx.xml; make docs)} {
Failed to find javadoc for ptolemy.actor.lib.Stop} {
Failed to find source for ptolemy.actor.lib.Stop} {
Failed to find ptdoc for ptolemy.actor.lib.Pause.  Try doing (cd /home/travis/build/icyphy/ptII/doc/test/../../doc; rm codeDoc/ptolemy/actor/lib/Ramp.xml codeDoc/ptolemy/actor/lib/RampIdx.xml; make docs)} {
Failed to find javadoc for ptolemy.actor.lib.Pause} {
Failed to find source for ptolemy.actor.lib.Pause} {
Failed to find ptdoc for ptolemy.actor.lib.ThrowException.  Try doing (cd /home/travis/build/icyphy/ptII/doc/test/../../doc; rm codeDoc/ptolemy/actor/lib/Ramp.xml codeDoc/ptolemy/actor/lib/RampIdx.xml; make docs)} {
Failed to find javadoc for ptolemy.actor.lib.ThrowException} {
Failed to find source for ptolemy.actor.lib.ThrowException} {
Failed to find ptdoc for ptolemy.actor.lib.ThrowModelError.  Try doing (cd /home/travis/build/icyphy/ptII/doc/test/../../doc; rm codeDoc/ptolemy/actor/lib/Ramp.xml codeDoc/ptolemy/actor/lib/RampIdx.xml; make docs)} {
Failed to find javadoc for ptolemy.actor.lib.ThrowModelError} {
Failed to find source for ptolemy.actor.lib.ThrowModelError} {
Failed to find ptdoc for ptolemy.actor.lib.io.DirectoryListing.  Try doing (cd /home/travis/build/icyphy/ptII/doc/test/../../doc; rm codeDoc/ptolemy/actor/lib/Ramp.xml codeDoc/ptolemy/actor/lib/RampIdx.xml; make docs)} {
Failed to find javadoc for ptolemy.actor.lib.io.DirectoryListing} {
Failed to find source for ptolemy.actor.lib.io.DirectoryListing} {
Failed to find ptdoc for ptolemy.actor.lib.io.ExpressionReader.  Try doing (cd /home/travis/build/icyphy/ptII/doc/test/../../doc; rm codeDoc/ptolemy/actor/lib/Ramp.xml codeDoc/ptolemy/actor/lib/RampIdx.xml; make docs)} {
Failed to find javadoc for ptolemy.actor.lib.io.ExpressionReader} {
Failed to find source for ptolemy.actor.lib.io.ExpressionReader} {
Failed to find ptdoc for ptolemy.actor.lib.io.ExpressionWriter.  Try doing (cd /home/travis/build/icyphy/ptII/doc/test/../../doc; rm codeDoc/ptolemy/actor/lib/Ramp.xml codeDoc/ptolemy/actor/lib/RampIdx.xml; make docs)} {
Failed to find javadoc for ptolemy.actor.lib.io.ExpressionWriter} {
Failed to find source for ptolemy.actor.lib.io.ExpressionWriter} {
Failed to find ptdoc for ptolemy.actor.lib.io.FileReader.  Try doing (cd /home/travis/build/icyphy/ptII/doc/test/../../doc; rm codeDoc/ptolemy/actor/lib/Ramp.xml codeDoc/ptolemy/actor/lib/RampIdx.xml; make docs)} {
Failed to find javadoc for ptolemy.actor.lib.io.FileReader} {
Failed to find source for ptolemy.actor.lib.io.FileReader} {
Failed to find ptdoc for ptolemy.actor.lib.io.LineReader.  Try doing (cd /home/travis/build/icyphy/ptII/doc/test/../../doc; rm codeDoc/ptolemy/actor/lib/Ramp.xml codeDoc/ptolemy/actor/lib/RampIdx.xml; make docs)} {
Failed to find javadoc for ptolemy.actor.lib.io.LineReader} {
Failed to find source for ptolemy.actor.lib.io.LineReader} {
Failed to find ptdoc for ptolemy.actor.lib.io.LineWriter.  Try doing (cd /home/travis/build/icyphy/ptII/doc/test/../../doc; rm codeDoc/ptolemy/actor/lib/Ramp.xml codeDoc/ptolemy/actor/lib/RampIdx.xml; make docs)} {
Failed to find javadoc for ptolemy.actor.lib.io.LineWriter} {
Failed to find source for ptolemy.actor.lib.io.LineWriter} {
Failed to find ptdoc for ptolemy.actor.lib.logic.Comparator.  Try doing (cd /home/travis/build/icyphy/ptII/doc/test/../../doc; rm codeDoc/ptolemy/actor/lib/Ramp.xml codeDoc/ptolemy/actor/lib/RampIdx.xml; make docs)} {
Failed to find javadoc for ptolemy.actor.lib.logic.Comparator} {
Failed to find source for ptolemy.actor.lib.logic.Comparator} {
Failed to find ptdoc for ptolemy.actor.lib.logic.Equals.  Try doing (cd /home/travis/build/icyphy/ptII/doc/test/../../doc; rm codeDoc/ptolemy/actor/lib/Ramp.xml codeDoc/ptolemy/actor/lib/RampIdx.xml; make docs)} {
Failed to find javadoc for ptolemy.actor.lib.logic.Equals} {
Failed to find source for ptolemy.actor.lib.logic.Equals} {
Failed to find ptdoc for ptolemy.actor.lib.logic.IsPresent.  Try doing (cd /home/travis/build/icyphy/ptII/doc/test/../../doc; rm codeDoc/ptolemy/actor/lib/Ramp.xml codeDoc/ptolemy/actor/lib/RampIdx.xml; make docs)} {
Failed to find javadoc for ptolemy.actor.lib.logic.IsPresent} {
Failed to find source for ptolemy.actor.lib.logic.IsPresent} {
Failed to find ptdoc for ptolemy.actor.lib.logic.LogicalNot.  Try doing (cd /home/travis/build/icyphy/ptII/doc/test/../../doc; rm codeDoc/ptolemy/actor/lib/Ramp.xml codeDoc/ptolemy/actor/lib/RampIdx.xml; make docs)} {
Failed to find javadoc for ptolemy.actor.lib.logic.LogicalNot} {
Failed to find source for ptolemy.actor.lib.logic.LogicalNot} {
Failed to find ptdoc for ptolemy.actor.lib.logic.LogicGate.  Try doing (cd /home/travis/build/icyphy/ptII/doc/test/../../doc; rm codeDoc/ptolemy/actor/lib/Ramp.xml codeDoc/ptolemy/actor/lib/RampIdx.xml; make docs)} {
Failed to find javadoc for ptolemy.actor.lib.logic.LogicGate} {
Failed to find source for ptolemy.actor.lib.logic.LogicGate} {
Failed to find ptdoc for ptolemy.actor.lib.logic.TrueGate.  Try doing (cd /home/travis/build/icyphy/ptII/doc/test/../../doc; rm codeDoc/ptolemy/actor/lib/Ramp.xml codeDoc/ptolemy/actor/lib/RampIdx.xml; make docs)} {
Failed to find javadoc for ptolemy.actor.lib.logic.TrueGate} {
Failed to find source for ptolemy.actor.lib.logic.TrueGate} {
Failed to find ptdoc for ptolemy.actor.lib.AbsoluteValue.  Try doing (cd /home/travis/build/icyphy/ptII/doc/test/../../doc; rm codeDoc/ptolemy/actor/lib/Ramp.xml codeDoc/ptolemy/actor/lib/RampIdx.xml; make docs)} {
Failed to find javadoc for ptolemy.actor.lib.AbsoluteValue} {
Failed to find source for ptolemy.actor.lib.AbsoluteValue} {
Failed to find ptdoc for ptolemy.actor.lib.AddSubtract.  Try doing (cd /home/travis/build/icyphy/ptII/doc/test/../../doc; rm codeDoc/ptolemy/actor/lib/Ramp.xml codeDoc/ptolemy/actor/lib/RampIdx.xml; make docs)} {
Failed to find javadoc for ptolemy.actor.lib.AddSubtract} {
Failed to find source for ptolemy.actor.lib.AddSubtract} {
Failed to find ptdoc for ptolemy.actor.lib.Accumulator.  Try doing (cd /home/travis/build/icyphy/ptII/doc/test/../../doc; rm codeDoc/ptolemy/actor/lib/Ramp.xml codeDoc/ptolemy/actor/lib/RampIdx.xml; make docs)} {
Failed to find javadoc for ptolemy.actor.lib.Accumulator} {
Failed to find source for ptolemy.actor.lib.Accumulator} {
Failed to find ptdoc for ptolemy.actor.lib.Average.  Try doing (cd /home/travis/build/icyphy/ptII/doc/test/../../doc; rm codeDoc/ptolemy/actor/lib/Ramp.xml codeDoc/ptolemy/actor/lib/RampIdx.xml; make docs)} {
Failed to find javadoc for ptolemy.actor.lib.Average} {
Failed to find source for ptolemy.actor.lib.Average} {
Failed to find ptdoc for ptolemy.actor.lib.Counter.  Try doing (cd /home/travis/build/icyphy/ptII/doc/test/../../doc; rm codeDoc/ptolemy/actor/lib/Ramp.xml codeDoc/ptolemy/actor/lib/RampIdx.xml; make docs)} {
Failed to find javadoc for ptolemy.actor.lib.Counter} {
Failed to find source for ptolemy.actor.lib.Counter} {
Failed to find ptdoc for ptolemy.actor.lib.Differential.  Try doing (cd /home/travis/build/icyphy/ptII/doc/test/../../doc; rm codeDoc/ptolemy/actor/lib/Ramp.xml codeDoc/ptolemy/actor/lib/RampIdx.xml; make docs)} {
Failed to find javadoc for ptolemy.actor.lib.Differential} {
Failed to find source for ptolemy.actor.lib.Differential} {
Failed to find ptdoc for ptolemy.domains.sdf.lib.DotProduct.  Try doing (cd /home/travis/build/icyphy/ptII/doc/test/../../doc; rm codeDoc/ptolemy/actor/lib/Ramp.xml codeDoc/ptolemy/actor/lib/RampIdx.xml; make docs)} {
Failed to find javadoc for ptolemy.domains.sdf.lib.DotProduct} {
Failed to find source for ptolemy.domains.sdf.lib.DotProduct} {
Failed to find ptdoc for ptolemy.actor.lib.Expression.  Try doing (cd /home/travis/build/icyphy/ptII/doc/test/../../doc; rm codeDoc/ptolemy/actor/lib/Ramp.xml codeDoc/ptolemy/actor/lib/RampIdx.xml; make docs)} {
Failed to find javadoc for ptolemy.actor.lib.Expression} {
Failed to find source for ptolemy.actor.lib.Expression} {
Failed to find ptdoc for ptolemy.actor.lib.Limiter.  Try doing (cd /home/travis/build/icyphy/ptII/doc/test/../../doc; rm codeDoc/ptolemy/actor/lib/Ramp.xml codeDoc/ptolemy/actor/lib/RampIdx.xml; make docs)} {
Failed to find javadoc for ptolemy.actor.lib.Limiter} {
Failed to find source for ptolemy.actor.lib.Limiter} {
Failed to find ptdoc for ptolemy.actor.lib.LookupTable.  Try doing (cd /home/travis/build/icyphy/ptII/doc/test/../../doc; rm codeDoc/ptolemy/actor/lib/Ramp.xml codeDoc/ptolemy/actor/lib/RampIdx.xml; make docs)} {
Failed to find javadoc for ptolemy.actor.lib.LookupTable} {
Failed to find source for ptolemy.actor.lib.LookupTable} {
Failed to find ptdoc for ptolemy.actor.lib.Maximum.  Try doing (cd /home/travis/build/icyphy/ptII/doc/test/../../doc; rm codeDoc/ptolemy/actor/lib/Ramp.xml codeDoc/ptolemy/actor/lib/RampIdx.xml; make docs)} {
Failed to find javadoc for ptolemy.actor.lib.Maximum} {
Failed to find source for ptolemy.actor.lib.Maximum} {
Failed to find ptdoc for ptolemy.actor.lib.Minimum.  Try doing (cd /home/travis/build/icyphy/ptII/doc/test/../../doc; rm codeDoc/ptolemy/actor/lib/Ramp.xml codeDoc/ptolemy/actor/lib/RampIdx.xml; make docs)} {
Failed to find javadoc for ptolemy.actor.lib.Minimum} {
Failed to find source for ptolemy.actor.lib.Minimum} {
Failed to find ptdoc for ptolemy.actor.lib.MovingAverage.  Try doing (cd /home/travis/build/icyphy/ptII/doc/test/../../doc; rm codeDoc/ptolemy/actor/lib/Ramp.xml codeDoc/ptolemy/actor/lib/RampIdx.xml; make docs)} {
Failed to find javadoc for ptolemy.actor.lib.MovingAverage} {
Failed to find source for ptolemy.actor.lib.MovingAverage} {
Failed to find ptdoc for ptolemy.actor.lib.MultiplyDivide.  Try doing (cd /home/travis/build/icyphy/ptII/doc/test/../../doc; rm codeDoc/ptolemy/actor/lib/Ramp.xml codeDoc/ptolemy/actor/lib/RampIdx.xml; make docs)} {
Failed to find javadoc for ptolemy.actor.lib.MultiplyDivide} {
Failed to find source for ptolemy.actor.lib.MultiplyDivide} {
Failed to find ptdoc for ptolemy.actor.lib.Quantizer.  Try doing (cd /home/travis/build/icyphy/ptII/doc/test/../../doc; rm codeDoc/ptolemy/actor/lib/Ramp.xml codeDoc/ptolemy/actor/lib/RampIdx.xml; make docs)} {
Failed to find javadoc for ptolemy.actor.lib.Quantizer} {
Failed to find source for ptolemy.actor.lib.Quantizer} {
Failed to find ptdoc for ptolemy.actor.lib.Remainder.  Try doing (cd /home/travis/build/icyphy/ptII/doc/test/../../doc; rm codeDoc/ptolemy/actor/lib/Ramp.xml codeDoc/ptolemy/actor/lib/RampIdx.xml; make docs)} {
Failed to find javadoc for ptolemy.actor.lib.Remainder} {
Failed to find source for ptolemy.actor.lib.Remainder} {
Failed to find ptdoc for ptolemy.actor.lib.RunningMaximum.  Try doing (cd /home/travis/build/icyphy/ptII/doc/test/../../doc; rm codeDoc/ptolemy/actor/lib/Ramp.xml codeDoc/ptolemy/actor/lib/RampIdx.xml; make docs)} {
Failed to find javadoc for ptolemy.actor.lib.RunningMaximum} {
Failed to find source for ptolemy.actor.lib.RunningMaximum} {
Failed to find ptdoc for ptolemy.actor.lib.RunningMinimum.  Try doing (cd /home/travis/build/icyphy/ptII/doc/test/../../doc; rm codeDoc/ptolemy/actor/lib/Ramp.xml codeDoc/ptolemy/actor/lib/RampIdx.xml; make docs)} {
Failed to find javadoc for ptolemy.actor.lib.RunningMinimum} {
Failed to find source for ptolemy.actor.lib.RunningMinimum} {
Failed to find ptdoc for ptolemy.actor.lib.Scale.  Try doing (cd /home/travis/build/icyphy/ptII/doc/test/../../doc; rm codeDoc/ptolemy/actor/lib/Ramp.xml codeDoc/ptolemy/actor/lib/RampIdx.xml; make docs)} {
Failed to find javadoc for ptolemy.actor.lib.Scale} {
Failed to find source for ptolemy.actor.lib.Scale} {
Failed to find ptdoc for ptolemy.actor.lib.TrigFunction.  Try doing (cd /home/travis/build/icyphy/ptII/doc/test/../../doc; rm codeDoc/ptolemy/actor/lib/Ramp.xml codeDoc/ptolemy/actor/lib/RampIdx.xml; make docs)} {
Failed to find javadoc for ptolemy.actor.lib.TrigFunction} {
Failed to find source for ptolemy.actor.lib.TrigFunction} {
Failed to find ptdoc for ptolemy.actor.lib.UnaryMathFunction.  Try doing (cd /home/travis/build/icyphy/ptII/doc/test/../../doc; rm codeDoc/ptolemy/actor/lib/Ramp.xml codeDoc/ptolemy/actor/lib/RampIdx.xml; make docs)} {
Failed to find javadoc for ptolemy.actor.lib.UnaryMathFunction} {
Failed to find source for ptolemy.actor.lib.UnaryMathFunction} {
Failed to find ptdoc for ptolemy.actor.lib.ArrayToMatrix.  Try doing (cd /home/travis/build/icyphy/ptII/doc/test/../../doc; rm codeDoc/ptolemy/actor/lib/Ramp.xml codeDoc/ptolemy/actor/lib/RampIdx.xml; make docs)} {
Failed to find javadoc for ptolemy.actor.lib.ArrayToMatrix} {
Failed to find source for ptolemy.actor.lib.ArrayToMatrix} {
Failed to find ptdoc for ptolemy.domains.sdf.lib.MatrixJoin.  Try doing (cd /home/travis/build/icyphy/ptII/doc/test/../../doc; rm codeDoc/ptolemy/actor/lib/Ramp.xml codeDoc/ptolemy/actor/lib/RampIdx.xml; make docs)} {
Failed to find javadoc for ptolemy.domains.sdf.lib.MatrixJoin} {
Failed to find source for ptolemy.domains.sdf.lib.MatrixJoin} {
Failed to find ptdoc for ptolemy.domains.sdf.lib.MatrixSplit.  Try doing (cd /home/travis/build/icyphy/ptII/doc/test/../../doc; rm codeDoc/ptolemy/actor/lib/Ramp.xml codeDoc/ptolemy/actor/lib/RampIdx.xml; make docs)} {
Failed to find javadoc for ptolemy.domains.sdf.lib.MatrixSplit} {
Failed to find source for ptolemy.domains.sdf.lib.MatrixSplit} {
Failed to find ptdoc for ptolemy.actor.lib.MatrixToArray.  Try doing (cd /home/travis/build/icyphy/ptII/doc/test/../../doc; rm codeDoc/ptolemy/actor/lib/Ramp.xml codeDoc/ptolemy/actor/lib/RampIdx.xml; make docs)} {
Failed to find javadoc for ptolemy.actor.lib.MatrixToArray} {
Failed to find source for ptolemy.actor.lib.MatrixToArray} {
Failed to find ptdoc for ptolemy.domains.sdf.lib.MatrixToSequence.  Try doing (cd /home/travis/build/icyphy/ptII/doc/test/../../doc; rm codeDoc/ptolemy/actor/lib/Ramp.xml codeDoc/ptolemy/actor/lib/RampIdx.xml; make docs)} {
Failed to find javadoc for ptolemy.domains.sdf.lib.MatrixToSequence} {
Failed to find source for ptolemy.domains.sdf.lib.MatrixToSequence} {
Failed to find ptdoc for ptolemy.actor.lib.gui.MatrixViewer.  Try doing (cd /home/travis/build/icyphy/ptII/doc/test/../../doc; rm codeDoc/ptolemy/actor/lib/Ramp.xml codeDoc/ptolemy/actor/lib/RampIdx.xml; make docs)} {
Failed to find javadoc for ptolemy.actor.lib.gui.MatrixViewer} {
Failed to find source for ptolemy.actor.lib.gui.MatrixViewer} {
Failed to find ptdoc for ptolemy.domains.sdf.lib.SequenceToMatrix.  Try doing (cd /home/travis/build/icyphy/ptII/doc/test/../../doc; rm codeDoc/ptolemy/actor/lib/Ramp.xml codeDoc/ptolemy/actor/lib/RampIdx.xml; make docs)} {
Failed to find javadoc for ptolemy.domains.sdf.lib.SequenceToMatrix} {
Failed to find source for ptolemy.domains.sdf.lib.SequenceToMatrix} {
Failed to find ptdoc for ptolemy.actor.lib.SubMatrix.  Try doing (cd /home/travis/build/icyphy/ptII/doc/test/../../doc; rm codeDoc/ptolemy/actor/lib/Ramp.xml codeDoc/ptolemy/actor/lib/RampIdx.xml; make docs)} {
Failed to find javadoc for ptolemy.actor.lib.SubMatrix} {
Failed to find source for ptolemy.actor.lib.SubMatrix} {
Failed to find ptdoc for ptolemy.actor.lib.Bernoulli.  Try doing (cd /home/travis/build/icyphy/ptII/doc/test/../../doc; rm codeDoc/ptolemy/actor/lib/Ramp.xml codeDoc/ptolemy/actor/lib/RampIdx.xml; make docs)} {
Failed to find javadoc for ptolemy.actor.lib.Bernoulli} {
Failed to find source for ptolemy.actor.lib.Bernoulli} {
Failed to find ptdoc for ptolemy.actor.lib.DiscreteRandomSource.  Try doing (cd /home/travis/build/icyphy/ptII/doc/test/../../doc; rm codeDoc/ptolemy/actor/lib/Ramp.xml codeDoc/ptolemy/actor/lib/RampIdx.xml; make docs)} {
Failed to find javadoc for ptolemy.actor.lib.DiscreteRandomSource} {
Failed to find source for ptolemy.actor.lib.DiscreteRandomSource} {
Failed to find ptdoc for ptolemy.actor.lib.Gaussian.  Try doing (cd /home/travis/build/icyphy/ptII/doc/test/../../doc; rm codeDoc/ptolemy/actor/lib/Ramp.xml codeDoc/ptolemy/actor/lib/RampIdx.xml; make docs)} {
Failed to find javadoc for ptolemy.actor.lib.Gaussian} {
Failed to find source for ptolemy.actor.lib.Gaussian} {
Failed to find ptdoc for ptolemy.actor.lib.RandomInteger.  Try doing (cd /home/travis/build/icyphy/ptII/doc/test/../../doc; rm codeDoc/ptolemy/actor/lib/Ramp.xml codeDoc/ptolemy/actor/lib/RampIdx.xml; make docs)} {
Failed to find javadoc for ptolemy.actor.lib.RandomInteger} {
Failed to find source for ptolemy.actor.lib.RandomInteger} {
Failed to find ptdoc for ptolemy.actor.lib.Rician.  Try doing (cd /home/travis/build/icyphy/ptII/doc/test/../../doc; rm codeDoc/ptolemy/actor/lib/Ramp.xml codeDoc/ptolemy/actor/lib/RampIdx.xml; make docs)} {
Failed to find javadoc for ptolemy.actor.lib.Rician} {
Failed to find source for ptolemy.actor.lib.Rician} {
Failed to find ptdoc for ptolemy.actor.lib.Triangular.  Try doing (cd /home/travis/build/icyphy/ptII/doc/test/../../doc; rm codeDoc/ptolemy/actor/lib/Ramp.xml codeDoc/ptolemy/actor/lib/RampIdx.xml; make docs)} {
Failed to find javadoc for ptolemy.actor.lib.Triangular} {
Failed to find source for ptolemy.actor.lib.Triangular} {
Failed to find ptdoc for ptolemy.actor.lib.Uniform.  Try doing (cd /home/travis/build/icyphy/ptII/doc/test/../../doc; rm codeDoc/ptolemy/actor/lib/Ramp.xml codeDoc/ptolemy/actor/lib/RampIdx.xml; make docs)} {
Failed to find javadoc for ptolemy.actor.lib.Uniform} {
Failed to find source for ptolemy.actor.lib.Uniform} {
Failed to find ptdoc for ptolemy.actor.lib.colt.ColtBeta.  Try doing (cd /home/travis/build/icyphy/ptII/doc/test/../../doc; rm codeDoc/ptolemy/actor/lib/Ramp.xml codeDoc/ptolemy/actor/lib/RampIdx.xml; make docs)} {
Failed to find javadoc for ptolemy.actor.lib.colt.ColtBeta} {
Failed to find source for ptolemy.actor.lib.colt.ColtBeta} {
Failed to find ptdoc for ptolemy.actor.lib.colt.ColtBinomial.  Try doing (cd /home/travis/build/icyphy/ptII/doc/test/../../doc; rm codeDoc/ptolemy/actor/lib/Ramp.xml codeDoc/ptolemy/actor/lib/RampIdx.xml; make docs)} {
Failed to find javadoc for ptolemy.actor.lib.colt.ColtBinomial} {
Failed to find source for ptolemy.actor.lib.colt.ColtBinomial} {
Failed to find ptdoc for ptolemy.actor.lib.colt.ColtBinomialSelector.  Try doing (cd /home/travis/build/icyphy/ptII/doc/test/../../doc; rm codeDoc/ptolemy/actor/lib/Ramp.xml codeDoc/ptolemy/actor/lib/RampIdx.xml; make docs)} {
Failed to find javadoc for ptolemy.actor.lib.colt.ColtBinomialSelector} {
Failed to find source for ptolemy.actor.lib.colt.ColtBinomialSelector} {
Failed to find ptdoc for ptolemy.actor.lib.colt.ColtBreitWigner.  Try doing (cd /home/travis/build/icyphy/ptII/doc/test/../../doc; rm codeDoc/ptolemy/actor/lib/Ramp.xml codeDoc/ptolemy/actor/lib/RampIdx.xml; make docs)} {
Failed to find javadoc for ptolemy.actor.lib.colt.ColtBreitWigner} {
Failed to find source for ptolemy.actor.lib.colt.ColtBreitWigner} {
Failed to find ptdoc for ptolemy.actor.lib.colt.ColtChiSquare.  Try doing (cd /home/travis/build/icyphy/ptII/doc/test/../../doc; rm codeDoc/ptolemy/actor/lib/Ramp.xml codeDoc/ptolemy/actor/lib/RampIdx.xml; make docs)} {
Failed to find javadoc for ptolemy.actor.lib.colt.ColtChiSquare} {
Failed to find source for ptolemy.actor.lib.colt.ColtChiSquare} {
Failed to find ptdoc for ptolemy.actor.lib.colt.ColtExponential.  Try doing (cd /home/travis/build/icyphy/ptII/doc/test/../../doc; rm codeDoc/ptolemy/actor/lib/Ramp.xml codeDoc/ptolemy/actor/lib/RampIdx.xml; make docs)} {
Failed to find javadoc for ptolemy.actor.lib.colt.ColtExponential} {
Failed to find source for ptolemy.actor.lib.colt.ColtExponential} {
Failed to find ptdoc for ptolemy.actor.lib.colt.ColtExponentialPower.  Try doing (cd /home/travis/build/icyphy/ptII/doc/test/../../doc; rm codeDoc/ptolemy/actor/lib/Ramp.xml codeDoc/ptolemy/actor/lib/RampIdx.xml; make docs)} {
Failed to find javadoc for ptolemy.actor.lib.colt.ColtExponentialPower} {
Failed to find source for ptolemy.actor.lib.colt.ColtExponentialPower} {
Failed to find ptdoc for ptolemy.actor.lib.colt.ColtGamma.  Try doing (cd /home/travis/build/icyphy/ptII/doc/test/../../doc; rm codeDoc/ptolemy/actor/lib/Ramp.xml codeDoc/ptolemy/actor/lib/RampIdx.xml; make docs)} {
Failed to find javadoc for ptolemy.actor.lib.colt.ColtGamma} {
Failed to find source for ptolemy.actor.lib.colt.ColtGamma} {
Failed to find ptdoc for ptolemy.actor.lib.colt.ColtHyperGeometric.  Try doing (cd /home/travis/build/icyphy/ptII/doc/test/../../doc; rm codeDoc/ptolemy/actor/lib/Ramp.xml codeDoc/ptolemy/actor/lib/RampIdx.xml; make docs)} {
Failed to find javadoc for ptolemy.actor.lib.colt.ColtHyperGeometric} {
Failed to find source for ptolemy.actor.lib.colt.ColtHyperGeometric} {
Failed to find ptdoc for ptolemy.actor.lib.colt.ColtLogarithmic.  Try doing (cd /home/travis/build/icyphy/ptII/doc/test/../../doc; rm codeDoc/ptolemy/actor/lib/Ramp.xml codeDoc/ptolemy/actor/lib/RampIdx.xml; make docs)} {
Failed to find javadoc for ptolemy.actor.lib.colt.ColtLogarithmic} {
Failed to find source for ptolemy.actor.lib.colt.ColtLogarithmic} {
Failed to find ptdoc for ptolemy.actor.lib.colt.ColtNegativeBinomial.  Try doing (cd /home/travis/build/icyphy/ptII/doc/test/../../doc; rm codeDoc/ptolemy/actor/lib/Ramp.xml codeDoc/ptolemy/actor/lib/RampIdx.xml; make docs)} {
Failed to find javadoc for ptolemy.actor.lib.colt.ColtNegativeBinomial} {
Failed to find source for ptolemy.actor.lib.colt.ColtNegativeBinomial} {
Failed to find ptdoc for ptolemy.actor.lib.colt.ColtNormal.  Try doing (cd /home/travis/build/icyphy/ptII/doc/test/../../doc; rm codeDoc/ptolemy/actor/lib/Ramp.xml codeDoc/ptolemy/actor/lib/RampIdx.xml; make docs)} {
Failed to find javadoc for ptolemy.actor.lib.colt.ColtNormal} {
Failed to find source for ptolemy.actor.lib.colt.ColtNormal} {
Failed to find ptdoc for ptolemy.actor.lib.colt.ColtPoisson.  Try doing (cd /home/travis/build/icyphy/ptII/doc/test/../../doc; rm codeDoc/ptolemy/actor/lib/Ramp.xml codeDoc/ptolemy/actor/lib/RampIdx.xml; make docs)} {
Failed to find javadoc for ptolemy.actor.lib.colt.ColtPoisson} {
Failed to find source for ptolemy.actor.lib.colt.ColtPoisson} {
Failed to find ptdoc for ptolemy.actor.lib.colt.ColtPoissonSlow.  Try doing (cd /home/travis/build/icyphy/ptII/doc/test/../../doc; rm codeDoc/ptolemy/actor/lib/Ramp.xml codeDoc/ptolemy/actor/lib/RampIdx.xml; make docs)} {
Failed to find javadoc for ptolemy.actor.lib.colt.ColtPoissonSlow} {
Failed to find source for ptolemy.actor.lib.colt.ColtPoissonSlow} {
Failed to find ptdoc for ptolemy.actor.lib.colt.ColtStudentT.  Try doing (cd /home/travis/build/icyphy/ptII/doc/test/../../doc; rm codeDoc/ptolemy/actor/lib/Ramp.xml codeDoc/ptolemy/actor/lib/RampIdx.xml; make docs)} {
Failed to find javadoc for ptolemy.actor.lib.colt.ColtStudentT} {
Failed to find source for ptolemy.actor.lib.colt.ColtStudentT} {
Failed to find ptdoc for ptolemy.actor.lib.colt.ColtVonMises.  Try doing (cd /home/travis/build/icyphy/ptII/doc/test/../../doc; rm codeDoc/ptolemy/actor/lib/Ramp.xml codeDoc/ptolemy/actor/lib/RampIdx.xml; make docs)} {
Failed to find javadoc for ptolemy.actor.lib.colt.ColtVonMises} {
Failed to find source for ptolemy.actor.lib.colt.ColtVonMises} {
Failed to find ptdoc for ptolemy.actor.lib.colt.ColtZeta.  Try doing (cd /home/travis/build/icyphy/ptII/doc/test/../../doc; rm codeDoc/ptolemy/actor/lib/Ramp.xml codeDoc/ptolemy/actor/lib/RampIdx.xml; make docs)} {
Failed to find javadoc for ptolemy.actor.lib.colt.ColtZeta} {
Failed to find source for ptolemy.actor.lib.colt.ColtZeta} {
Failed to find ptdoc for ptolemy.actor.lib.DelayStart.  Try doing (cd /home/travis/build/icyphy/ptII/doc/test/../../doc; rm codeDoc/ptolemy/actor/lib/Ramp.xml codeDoc/ptolemy/actor/lib/RampIdx.xml; make docs)} {
Failed to find javadoc for ptolemy.actor.lib.DelayStart} {
Failed to find source for ptolemy.actor.lib.DelayStart} {
Failed to find ptdoc for ptolemy.actor.lib.ExecutionTime.  Try doing (cd /home/travis/build/icyphy/ptII/doc/test/../../doc; rm codeDoc/ptolemy/actor/lib/Ramp.xml codeDoc/ptolemy/actor/lib/RampIdx.xml; make docs)} {
Failed to find javadoc for ptolemy.actor.lib.ExecutionTime} {
Failed to find source for ptolemy.actor.lib.ExecutionTime} {
Failed to find ptdoc for ptolemy.actor.lib.gui.RealTimePlotter.  Try doing (cd /home/travis/build/icyphy/ptII/doc/test/../../doc; rm codeDoc/ptolemy/actor/lib/Ramp.xml codeDoc/ptolemy/actor/lib/RampIdx.xml; make docs)} {
Failed to find javadoc for ptolemy.actor.lib.gui.RealTimePlotter} {
Failed to find source for ptolemy.actor.lib.gui.RealTimePlotter} {
Failed to find ptdoc for ptolemy.actor.lib.Sleep.  Try doing (cd /home/travis/build/icyphy/ptII/doc/test/../../doc; rm codeDoc/ptolemy/actor/lib/Ramp.xml codeDoc/ptolemy/actor/lib/RampIdx.xml; make docs)} {
Failed to find javadoc for ptolemy.actor.lib.Sleep} {
Failed to find source for ptolemy.actor.lib.Sleep} {
Failed to find ptdoc for ptolemy.actor.lib.VariableSleep.  Try doing (cd /home/travis/build/icyphy/ptII/doc/test/../../doc; rm codeDoc/ptolemy/actor/lib/Ramp.xml codeDoc/ptolemy/actor/lib/RampIdx.xml; make docs)} {
Failed to find javadoc for ptolemy.actor.lib.VariableSleep} {
Failed to find source for ptolemy.actor.lib.VariableSleep} {
Failed to find ptdoc for ptolemy.actor.lib.WallClockTime.  Try doing (cd /home/travis/build/icyphy/ptII/doc/test/../../doc; rm codeDoc/ptolemy/actor/lib/Ramp.xml codeDoc/ptolemy/actor/lib/RampIdx.xml; make docs)} {
Failed to find javadoc for ptolemy.actor.lib.WallClockTime} {
Failed to find source for ptolemy.actor.lib.WallClockTime} {
Failed to find ptdoc for ptolemy.actor.lib.javasound.AudioCapture.  Try doing (cd /home/travis/build/icyphy/ptII/doc/test/../../doc; rm codeDoc/ptolemy/actor/lib/Ramp.xml codeDoc/ptolemy/actor/lib/RampIdx.xml; make docs)} {
Failed to find javadoc for ptolemy.actor.lib.javasound.AudioCapture} {
Failed to find source for ptolemy.actor.lib.javasound.AudioCapture} {
Failed to find ptdoc for ptolemy.actor.lib.javasound.AudioReader.  Try doing (cd /home/travis/build/icyphy/ptII/doc/test/../../doc; rm codeDoc/ptolemy/actor/lib/Ramp.xml codeDoc/ptolemy/actor/lib/RampIdx.xml; make docs)} {
Failed to find javadoc for ptolemy.actor.lib.javasound.AudioReader} {
Failed to find source for ptolemy.actor.lib.javasound.AudioReader} {
Failed to find ptdoc for ptolemy.actor.lib.javasound.AudioPlayer.  Try doing (cd /home/travis/build/icyphy/ptII/doc/test/../../doc; rm codeDoc/ptolemy/actor/lib/Ramp.xml codeDoc/ptolemy/actor/lib/RampIdx.xml; make docs)} {
Failed to find javadoc for ptolemy.actor.lib.javasound.AudioPlayer} {
Failed to find source for ptolemy.actor.lib.javasound.AudioPlayer} {
Failed to find ptdoc for ptolemy.actor.lib.javasound.AudioWriter.  Try doing (cd /home/travis/build/icyphy/ptII/doc/test/../../doc; rm codeDoc/ptolemy/actor/lib/Ramp.xml codeDoc/ptolemy/actor/lib/RampIdx.xml; make docs)} {
Failed to find javadoc for ptolemy.actor.lib.javasound.AudioWriter} {
Failed to find source for ptolemy.actor.lib.javasound.AudioWriter} {
Failed to find ptdoc for ptolemy.actor.lib.javasound.ClipPlayer.  Try doing (cd /home/travis/build/icyphy/ptII/doc/test/../../doc; rm codeDoc/ptolemy/actor/lib/Ramp.xml codeDoc/ptolemy/actor/lib/RampIdx.xml; make docs)} {
Failed to find javadoc for ptolemy.actor.lib.javasound.ClipPlayer} {
Failed to find source for ptolemy.actor.lib.javasound.ClipPlayer} {
Failed to find ptdoc for ptolemy.actor.lib.comm.ConvolutionalCoder.  Try doing (cd /home/travis/build/icyphy/ptII/doc/test/../../doc; rm codeDoc/ptolemy/actor/lib/Ramp.xml codeDoc/ptolemy/actor/lib/RampIdx.xml; make docs)} {
Failed to find javadoc for ptolemy.actor.lib.comm.ConvolutionalCoder} {
Failed to find source for ptolemy.actor.lib.comm.ConvolutionalCoder} {
Failed to find ptdoc for ptolemy.actor.lib.comm.DeScrambler.  Try doing (cd /home/travis/build/icyphy/ptII/doc/test/../../doc; rm codeDoc/ptolemy/actor/lib/Ramp.xml codeDoc/ptolemy/actor/lib/RampIdx.xml; make docs)} {
Failed to find javadoc for ptolemy.actor.lib.comm.DeScrambler} {
Failed to find source for ptolemy.actor.lib.comm.DeScrambler} {
Failed to find ptdoc for ptolemy.actor.lib.comm.HadamardCode.  Try doing (cd /home/travis/build/icyphy/ptII/doc/test/../../doc; rm codeDoc/ptolemy/actor/lib/Ramp.xml codeDoc/ptolemy/actor/lib/RampIdx.xml; make docs)} {
Failed to find javadoc for ptolemy.actor.lib.comm.HadamardCode} {
Failed to find source for ptolemy.actor.lib.comm.HadamardCode} {
Failed to find ptdoc for ptolemy.actor.lib.comm.HammingCoder.  Try doing (cd /home/travis/build/icyphy/ptII/doc/test/../../doc; rm codeDoc/ptolemy/actor/lib/Ramp.xml codeDoc/ptolemy/actor/lib/RampIdx.xml; make docs)} {
Failed to find javadoc for ptolemy.actor.lib.comm.HammingCoder} {
Failed to find source for ptolemy.actor.lib.comm.HammingCoder} {
Failed to find ptdoc for ptolemy.actor.lib.comm.HammingDecoder.  Try doing (cd /home/travis/build/icyphy/ptII/doc/test/../../doc; rm codeDoc/ptolemy/actor/lib/Ramp.xml codeDoc/ptolemy/actor/lib/RampIdx.xml; make docs)} {
Failed to find javadoc for ptolemy.actor.lib.comm.HammingDecoder} {
Failed to find source for ptolemy.actor.lib.comm.HammingDecoder} {
Failed to find ptdoc for ptolemy.actor.lib.comm.HuffmanCoder.  Try doing (cd /home/travis/build/icyphy/ptII/doc/test/../../doc; rm codeDoc/ptolemy/actor/lib/Ramp.xml codeDoc/ptolemy/actor/lib/RampIdx.xml; make docs)} {
Failed to find javadoc for ptolemy.actor.lib.comm.HuffmanCoder} {
Failed to find source for ptolemy.actor.lib.comm.HuffmanCoder} {
Failed to find ptdoc for ptolemy.actor.lib.comm.HuffmanDecoder.  Try doing (cd /home/travis/build/icyphy/ptII/doc/test/../../doc; rm codeDoc/ptolemy/actor/lib/Ramp.xml codeDoc/ptolemy/actor/lib/RampIdx.xml; make docs)} {
Failed to find javadoc for ptolemy.actor.lib.comm.HuffmanDecoder} {
Failed to find source for ptolemy.actor.lib.comm.HuffmanDecoder} {
Failed to find ptdoc for ptolemy.actor.lib.comm.LempelZivCoder.  Try doing (cd /home/travis/build/icyphy/ptII/doc/test/../../doc; rm codeDoc/ptolemy/actor/lib/Ramp.xml codeDoc/ptolemy/actor/lib/RampIdx.xml; make docs)} {
Failed to find javadoc for ptolemy.actor.lib.comm.LempelZivCoder} {
Failed to find source for ptolemy.actor.lib.comm.LempelZivCoder} {
Failed to find ptdoc for ptolemy.actor.lib.comm.LempelZivDecoder.  Try doing (cd /home/travis/build/icyphy/ptII/doc/test/../../doc; rm codeDoc/ptolemy/actor/lib/Ramp.xml codeDoc/ptolemy/actor/lib/RampIdx.xml; make docs)} {
Failed to find javadoc for ptolemy.actor.lib.comm.LempelZivDecoder} {
Failed to find source for ptolemy.actor.lib.comm.LempelZivDecoder} {
Failed to find ptdoc for ptolemy.domains.sdf.lib.LineCoder.  Try doing (cd /home/travis/build/icyphy/ptII/doc/test/../../doc; rm codeDoc/ptolemy/actor/lib/Ramp.xml codeDoc/ptolemy/actor/lib/RampIdx.xml; make docs)} {
Failed to find javadoc for ptolemy.domains.sdf.lib.LineCoder} {
Failed to find source for ptolemy.domains.sdf.lib.LineCoder} {
Failed to find ptdoc for ptolemy.domains.sdf.lib.LMSAdaptive.  Try doing (cd /home/travis/build/icyphy/ptII/doc/test/../../doc; rm codeDoc/ptolemy/actor/lib/Ramp.xml codeDoc/ptolemy/actor/lib/RampIdx.xml; make docs)} {
Failed to find javadoc for ptolemy.domains.sdf.lib.LMSAdaptive} {
Failed to find source for ptolemy.domains.sdf.lib.LMSAdaptive} {
Failed to find ptdoc for ptolemy.domains.sdf.lib.RaisedCosine.  Try doing (cd /home/travis/build/icyphy/ptII/doc/test/../../doc; rm codeDoc/ptolemy/actor/lib/Ramp.xml codeDoc/ptolemy/actor/lib/RampIdx.xml; make docs)} {
Failed to find javadoc for ptolemy.domains.sdf.lib.RaisedCosine} {
Failed to find source for ptolemy.domains.sdf.lib.RaisedCosine} {
Failed to find ptdoc for ptolemy.actor.lib.comm.Scrambler.  Try doing (cd /home/travis/build/icyphy/ptII/doc/test/../../doc; rm codeDoc/ptolemy/actor/lib/Ramp.xml codeDoc/ptolemy/actor/lib/RampIdx.xml; make docs)} {
Failed to find javadoc for ptolemy.actor.lib.comm.Scrambler} {
Failed to find source for ptolemy.actor.lib.comm.Scrambler} {
Failed to find ptdoc for ptolemy.actor.lib.comm.Slicer.  Try doing (cd /home/travis/build/icyphy/ptII/doc/test/../../doc; rm codeDoc/ptolemy/actor/lib/Ramp.xml codeDoc/ptolemy/actor/lib/RampIdx.xml; make docs)} {
Failed to find javadoc for ptolemy.actor.lib.comm.Slicer} {
Failed to find source for ptolemy.actor.lib.comm.Slicer} {
Failed to find ptdoc for ptolemy.actor.lib.comm.TrellisDecoder.  Try doing (cd /home/travis/build/icyphy/ptII/doc/test/../../doc; rm codeDoc/ptolemy/actor/lib/Ramp.xml codeDoc/ptolemy/actor/lib/RampIdx.xml; make docs)} {
Failed to find javadoc for ptolemy.actor.lib.comm.TrellisDecoder} {
Failed to find source for ptolemy.actor.lib.comm.TrellisDecoder} {
Failed to find ptdoc for ptolemy.actor.lib.comm.ViterbiDecoder.  Try doing (cd /home/travis/build/icyphy/ptII/doc/test/../../doc; rm codeDoc/ptolemy/actor/lib/Ramp.xml codeDoc/ptolemy/actor/lib/RampIdx.xml; make docs)} {
Failed to find javadoc for ptolemy.actor.lib.comm.ViterbiDecoder} {
Failed to find source for ptolemy.actor.lib.comm.ViterbiDecoder} {
Failed to find ptdoc for ptolemy.domains.sdf.lib.DelayLine.  Try doing (cd /home/travis/build/icyphy/ptII/doc/test/../../doc; rm codeDoc/ptolemy/actor/lib/Ramp.xml codeDoc/ptolemy/actor/lib/RampIdx.xml; make docs)} {
Failed to find javadoc for ptolemy.domains.sdf.lib.DelayLine} {
Failed to find source for ptolemy.domains.sdf.lib.DelayLine} {
Failed to find ptdoc for ptolemy.domains.sdf.lib.DownSample.  Try doing (cd /home/travis/build/icyphy/ptII/doc/test/../../doc; rm codeDoc/ptolemy/actor/lib/Ramp.xml codeDoc/ptolemy/actor/lib/RampIdx.xml; make docs)} {
Failed to find javadoc for ptolemy.domains.sdf.lib.DownSample} {
Failed to find source for ptolemy.domains.sdf.lib.DownSample} {
Failed to find ptdoc for ptolemy.domains.sdf.lib.FIR.  Try doing (cd /home/travis/build/icyphy/ptII/doc/test/../../doc; rm codeDoc/ptolemy/actor/lib/Ramp.xml codeDoc/ptolemy/actor/lib/RampIdx.xml; make docs)} {
Failed to find javadoc for ptolemy.domains.sdf.lib.FIR} {
Failed to find source for ptolemy.domains.sdf.lib.FIR} {
Failed to find ptdoc for ptolemy.actor.lib.GradientAdaptiveLattice.  Try doing (cd /home/travis/build/icyphy/ptII/doc/test/../../doc; rm codeDoc/ptolemy/actor/lib/Ramp.xml codeDoc/ptolemy/actor/lib/RampIdx.xml; make docs)} {
Failed to find javadoc for ptolemy.actor.lib.GradientAdaptiveLattice} {
Failed to find source for ptolemy.actor.lib.GradientAdaptiveLattice} {
Failed to find ptdoc for ptolemy.actor.lib.IIR.  Try doing (cd /home/travis/build/icyphy/ptII/doc/test/../../doc; rm codeDoc/ptolemy/actor/lib/Ramp.xml codeDoc/ptolemy/actor/lib/RampIdx.xml; make docs)} {
Failed to find javadoc for ptolemy.actor.lib.IIR} {
Failed to find source for ptolemy.actor.lib.IIR} {
Failed to find ptdoc for ptolemy.actor.lib.Lattice.  Try doing (cd /home/travis/build/icyphy/ptII/doc/test/../../doc; rm codeDoc/ptolemy/actor/lib/Ramp.xml codeDoc/ptolemy/actor/lib/RampIdx.xml; make docs)} {
Failed to find javadoc for ptolemy.actor.lib.Lattice} {
Failed to find source for ptolemy.actor.lib.Lattice} {
Failed to find ptdoc for ptolemy.actor.lib.LinearDifferenceEquationSystem.  Try doing (cd /home/travis/build/icyphy/ptII/doc/test/../../doc; rm codeDoc/ptolemy/actor/lib/Ramp.xml codeDoc/ptolemy/actor/lib/RampIdx.xml; make docs)} {
Failed to find javadoc for ptolemy.actor.lib.LinearDifferenceEquationSystem} {
Failed to find source for ptolemy.actor.lib.LinearDifferenceEquationSystem} {
Failed to find ptdoc for ptolemy.domains.sdf.lib.LMSAdaptive.  Try doing (cd /home/travis/build/icyphy/ptII/doc/test/../../doc; rm codeDoc/ptolemy/actor/lib/Ramp.xml codeDoc/ptolemy/actor/lib/RampIdx.xml; make docs)} {
Failed to find javadoc for ptolemy.domains.sdf.lib.LMSAdaptive} {
Failed to find source for ptolemy.domains.sdf.lib.LMSAdaptive} {
Failed to find ptdoc for ptolemy.actor.lib.RecursiveLattice.  Try doing (cd /home/travis/build/icyphy/ptII/doc/test/../../doc; rm codeDoc/ptolemy/actor/lib/Ramp.xml codeDoc/ptolemy/actor/lib/RampIdx.xml; make docs)} {
Failed to find javadoc for ptolemy.actor.lib.RecursiveLattice} {
Failed to find source for ptolemy.actor.lib.RecursiveLattice} {
Failed to find ptdoc for ptolemy.domains.sdf.lib.UpSample.  Try doing (cd /home/travis/build/icyphy/ptII/doc/test/../../doc; rm codeDoc/ptolemy/actor/lib/Ramp.xml codeDoc/ptolemy/actor/lib/RampIdx.xml; make docs)} {
Failed to find javadoc for ptolemy.domains.sdf.lib.UpSample} {
Failed to find source for ptolemy.domains.sdf.lib.UpSample} {
Failed to find ptdoc for ptolemy.domains.sdf.lib.VariableFIR.  Try doing (cd /home/travis/build/icyphy/ptII/doc/test/../../doc; rm codeDoc/ptolemy/actor/lib/Ramp.xml codeDoc/ptolemy/actor/lib/RampIdx.xml; make docs)} {
Failed to find javadoc for ptolemy.domains.sdf.lib.VariableFIR} {
Failed to find source for ptolemy.domains.sdf.lib.VariableFIR} {
Failed to find ptdoc for ptolemy.domains.sdf.lib.VariableLattice.  Try doing (cd /home/travis/build/icyphy/ptII/doc/test/../../doc; rm codeDoc/ptolemy/actor/lib/Ramp.xml codeDoc/ptolemy/actor/lib/RampIdx.xml; make docs)} {
Failed to find javadoc for ptolemy.domains.sdf.lib.VariableLattice} {
Failed to find source for ptolemy.domains.sdf.lib.VariableLattice} {
Failed to find ptdoc for ptolemy.domains.sdf.lib.VariableRecursiveLattice.  Try doing (cd /home/travis/build/icyphy/ptII/doc/test/../../doc; rm codeDoc/ptolemy/actor/lib/Ramp.xml codeDoc/ptolemy/actor/lib/RampIdx.xml; make docs)} {
Failed to find javadoc for ptolemy.domains.sdf.lib.VariableRecursiveLattice} {
Failed to find source for ptolemy.domains.sdf.lib.VariableRecursiveLattice} {
Failed to find ptdoc for ptolemy.actor.lib.DB.  Try doing (cd /home/travis/build/icyphy/ptII/doc/test/../../doc; rm codeDoc/ptolemy/actor/lib/Ramp.xml codeDoc/ptolemy/actor/lib/RampIdx.xml; make docs)} {
Failed to find javadoc for ptolemy.actor.lib.DB} {
Failed to find source for ptolemy.actor.lib.DB} {
Failed to find ptdoc for ptolemy.domains.sdf.lib.FFT.  Try doing (cd /home/travis/build/icyphy/ptII/doc/test/../../doc; rm codeDoc/ptolemy/actor/lib/Ramp.xml codeDoc/ptolemy/actor/lib/RampIdx.xml; make docs)} {
Failed to find javadoc for ptolemy.domains.sdf.lib.FFT} {
Failed to find source for ptolemy.domains.sdf.lib.FFT} {
Failed to find ptdoc for ptolemy.domains.sdf.lib.IFFT.  Try doing (cd /home/travis/build/icyphy/ptII/doc/test/../../doc; rm codeDoc/ptolemy/actor/lib/Ramp.xml codeDoc/ptolemy/actor/lib/RampIdx.xml; make docs)} {
Failed to find javadoc for ptolemy.domains.sdf.lib.IFFT} {
Failed to find source for ptolemy.domains.sdf.lib.IFFT} {
Failed to find ptdoc for ptolemy.actor.lib.LevinsonDurbin.  Try doing (cd /home/travis/build/icyphy/ptII/doc/test/../../doc; rm codeDoc/ptolemy/actor/lib/Ramp.xml codeDoc/ptolemy/actor/lib/RampIdx.xml; make docs)} {
Failed to find javadoc for ptolemy.actor.lib.LevinsonDurbin} {
Failed to find source for ptolemy.actor.lib.LevinsonDurbin} {
Failed to find ptdoc for ptolemy.actor.lib.PhaseUnwrap.  Try doing (cd /home/travis/build/icyphy/ptII/doc/test/../../doc; rm codeDoc/ptolemy/actor/lib/Ramp.xml codeDoc/ptolemy/actor/lib/RampIdx.xml; make docs)} {
Failed to find javadoc for ptolemy.actor.lib.PhaseUnwrap} {
Failed to find source for ptolemy.actor.lib.PhaseUnwrap} {
Failed to find ptdoc for ptolemy.domains.sdf.lib.Autocorrelation.  Try doing (cd /home/travis/build/icyphy/ptII/doc/test/../../doc; rm codeDoc/ptolemy/actor/lib/Ramp.xml codeDoc/ptolemy/actor/lib/RampIdx.xml; make docs)} {
Failed to find javadoc for ptolemy.domains.sdf.lib.Autocorrelation} {
Failed to find source for ptolemy.domains.sdf.lib.Autocorrelation} {
Failed to find ptdoc for ptolemy.actor.lib.ComputeHistogram.  Try doing (cd /home/travis/build/icyphy/ptII/doc/test/../../doc; rm codeDoc/ptolemy/actor/lib/Ramp.xml codeDoc/ptolemy/actor/lib/RampIdx.xml; make docs)} {
Failed to find javadoc for ptolemy.actor.lib.ComputeHistogram} {
Failed to find source for ptolemy.actor.lib.ComputeHistogram} {
Failed to find ptdoc for ptolemy.actor.lib.IIR.  Try doing (cd /home/travis/build/icyphy/ptII/doc/test/../../doc; rm codeDoc/ptolemy/actor/lib/Ramp.xml codeDoc/ptolemy/actor/lib/RampIdx.xml; make docs)} {
Failed to find javadoc for ptolemy.actor.lib.IIR} {
Failed to find source for ptolemy.actor.lib.IIR} {
Failed to find ptdoc for ptolemy.actor.lib.DB.  Try doing (cd /home/travis/build/icyphy/ptII/doc/test/../../doc; rm codeDoc/ptolemy/actor/lib/Ramp.xml codeDoc/ptolemy/actor/lib/RampIdx.xml; make docs)} {
Failed to find javadoc for ptolemy.actor.lib.DB} {
Failed to find source for ptolemy.actor.lib.DB} {
Failed to find ptdoc for ptolemy.actor.lib.Scale.  Try doing (cd /home/travis/build/icyphy/ptII/doc/test/../../doc; rm codeDoc/ptolemy/actor/lib/Ramp.xml codeDoc/ptolemy/actor/lib/RampIdx.xml; make docs)} {
Failed to find javadoc for ptolemy.actor.lib.Scale} {
Failed to find source for ptolemy.actor.lib.Scale} {
Failed to find ptdoc for ptolemy.actor.lib.MathFunction.  Try doing (cd /home/travis/build/icyphy/ptII/doc/test/../../doc; rm codeDoc/ptolemy/actor/lib/Ramp.xml codeDoc/ptolemy/actor/lib/RampIdx.xml; make docs)} {
Failed to find javadoc for ptolemy.actor.lib.MathFunction} {
Failed to find source for ptolemy.actor.lib.MathFunction} {
Failed to find ptdoc for ptolemy.actor.lib.string.StringCompare.  Try doing (cd /home/travis/build/icyphy/ptII/doc/test/../../doc; rm codeDoc/ptolemy/actor/lib/Ramp.xml codeDoc/ptolemy/actor/lib/RampIdx.xml; make docs)} {
Failed to find javadoc for ptolemy.actor.lib.string.StringCompare} {
Failed to find source for ptolemy.actor.lib.string.StringCompare} {
Failed to find ptdoc for ptolemy.actor.lib.string.StringFunction.  Try doing (cd /home/travis/build/icyphy/ptII/doc/test/../../doc; rm codeDoc/ptolemy/actor/lib/Ramp.xml codeDoc/ptolemy/actor/lib/RampIdx.xml; make docs)} {
Failed to find javadoc for ptolemy.actor.lib.string.StringFunction} {
Failed to find source for ptolemy.actor.lib.string.StringFunction} {
Failed to find ptdoc for ptolemy.actor.lib.string.StringIndexOf.  Try doing (cd /home/travis/build/icyphy/ptII/doc/test/../../doc; rm codeDoc/ptolemy/actor/lib/Ramp.xml codeDoc/ptolemy/actor/lib/RampIdx.xml; make docs)} {
Failed to find javadoc for ptolemy.actor.lib.string.StringIndexOf} {
Failed to find source for ptolemy.actor.lib.string.StringIndexOf} {
Failed to find ptdoc for ptolemy.actor.lib.string.StringLength.  Try doing (cd /home/travis/build/icyphy/ptII/doc/test/../../doc; rm codeDoc/ptolemy/actor/lib/Ramp.xml codeDoc/ptolemy/actor/lib/RampIdx.xml; make docs)} {
Failed to find javadoc for ptolemy.actor.lib.string.StringLength} {
Failed to find source for ptolemy.actor.lib.string.StringLength} {
Failed to find ptdoc for ptolemy.actor.lib.string.StringMatches.  Try doing (cd /home/travis/build/icyphy/ptII/doc/test/../../doc; rm codeDoc/ptolemy/actor/lib/Ramp.xml codeDoc/ptolemy/actor/lib/RampIdx.xml; make docs)} {
Failed to find javadoc for ptolemy.actor.lib.string.StringMatches} {
Failed to find source for ptolemy.actor.lib.string.StringMatches} {
Failed to find ptdoc for ptolemy.actor.lib.string.StringReplace.  Try doing (cd /home/travis/build/icyphy/ptII/doc/test/../../doc; rm codeDoc/ptolemy/actor/lib/Ramp.xml codeDoc/ptolemy/actor/lib/RampIdx.xml; make docs)} {
Failed to find javadoc for ptolemy.actor.lib.string.StringReplace} {
Failed to find source for ptolemy.actor.lib.string.StringReplace} {
Failed to find ptdoc for ptolemy.actor.lib.string.StringSplit.  Try doing (cd /home/travis/build/icyphy/ptII/doc/test/../../doc; rm codeDoc/ptolemy/actor/lib/Ramp.xml codeDoc/ptolemy/actor/lib/RampIdx.xml; make docs)} {
Failed to find javadoc for ptolemy.actor.lib.string.StringSplit} {
Failed to find source for ptolemy.actor.lib.string.StringSplit} {
Failed to find ptdoc for ptolemy.actor.lib.string.StringSubstring.  Try doing (cd /home/travis/build/icyphy/ptII/doc/test/../../doc; rm codeDoc/ptolemy/actor/lib/Ramp.xml codeDoc/ptolemy/actor/lib/RampIdx.xml; make docs)} {
Failed to find javadoc for ptolemy.actor.lib.string.StringSubstring} {
Failed to find source for ptolemy.actor.lib.string.StringSubstring} {
Failed to find ptdoc for ptolemy.actor.lib.OrderedMerge.  Try doing (cd /home/travis/build/icyphy/ptII/doc/test/../../doc; rm codeDoc/ptolemy/actor/lib/Ramp.xml codeDoc/ptolemy/actor/lib/RampIdx.xml; make docs)} {
Failed to find javadoc for ptolemy.actor.lib.OrderedMerge} {
Failed to find source for ptolemy.actor.lib.OrderedMerge} {
Failed to find ptdoc for ptolemy.actor.lib.Sequencer.  Try doing (cd /home/travis/build/icyphy/ptII/doc/test/../../doc; rm codeDoc/ptolemy/actor/lib/Ramp.xml codeDoc/ptolemy/actor/lib/RampIdx.xml; make docs)} {
Failed to find javadoc for ptolemy.actor.lib.Sequencer} {
Failed to find source for ptolemy.actor.lib.Sequencer} {
Failed to find ptdoc for ptolemy.actor.lib.Stop.  Try doing (cd /home/travis/build/icyphy/ptII/doc/test/../../doc; rm codeDoc/ptolemy/actor/lib/Ramp.xml codeDoc/ptolemy/actor/lib/RampIdx.xml; make docs)} {
Failed to find javadoc for ptolemy.actor.lib.Stop} {
Failed to find source for ptolemy.actor.lib.Stop} {
Failed to find ptdoc for ptolemy.actor.lib.Synchronizer.  Try doing (cd /home/travis/build/icyphy/ptII/doc/test/../../doc; rm codeDoc/ptolemy/actor/lib/Ramp.xml codeDoc/ptolemy/actor/lib/RampIdx.xml; make docs)} {
Failed to find javadoc for ptolemy.actor.lib.Synchronizer} {
Failed to find source for ptolemy.actor.lib.Synchronizer} {
Failed to find ptdoc for ptolemy.actor.lib.Ramp.  Try doing (cd /home/travis/build/icyphy/ptII/doc/test/../../doc; rm codeDoc/ptolemy/actor/lib/Ramp.xml codeDoc/ptolemy/actor/lib/RampIdx.xml; make docs)} {
Failed to find javadoc for ptolemy.actor.lib.Ramp} {
Failed to find source for ptolemy.actor.lib.Ramp} {
Failed to find ptdoc for ptolemy.actor.lib.TrigFunction.  Try doing (cd /home/travis/build/icyphy/ptII/doc/test/../../doc; rm codeDoc/ptolemy/actor/lib/Ramp.xml codeDoc/ptolemy/actor/lib/RampIdx.xml; make docs)} {
Failed to find javadoc for ptolemy.actor.lib.TrigFunction} {
Failed to find source for ptolemy.actor.lib.TrigFunction} {
Failed to find ptdoc for ptolemy.actor.lib.Const.  Try doing (cd /home/travis/build/icyphy/ptII/doc/test/../../doc; rm codeDoc/ptolemy/actor/lib/Ramp.xml codeDoc/ptolemy/actor/lib/RampIdx.xml; make docs)} {
Failed to find javadoc for ptolemy.actor.lib.Const} {
Failed to find source for ptolemy.actor.lib.Const} {
Failed to find ptdoc for ptolemy.actor.lib.AddSubtract.  Try doing (cd /home/travis/build/icyphy/ptII/doc/test/../../doc; rm codeDoc/ptolemy/actor/lib/Ramp.xml codeDoc/ptolemy/actor/lib/RampIdx.xml; make docs)} {
Failed to find javadoc for ptolemy.actor.lib.AddSubtract} {
Failed to find source for ptolemy.actor.lib.AddSubtract} {
Failed to find ptdoc for ptolemy.actor.lib.Pulse.  Try doing (cd /home/travis/build/icyphy/ptII/doc/test/../../doc; rm codeDoc/ptolemy/actor/lib/Ramp.xml codeDoc/ptolemy/actor/lib/RampIdx.xml; make docs)} {
Failed to find javadoc for ptolemy.actor.lib.Pulse} {
Failed to find source for ptolemy.actor.lib.Pulse} {
Failed to find ptdoc for ptolemy.actor.lib.MultiplyDivide.  Try doing (cd /home/travis/build/icyphy/ptII/doc/test/../../doc; rm codeDoc/ptolemy/actor/lib/Ramp.xml codeDoc/ptolemy/actor/lib/RampIdx.xml; make docs)} {
Failed to find javadoc for ptolemy.actor.lib.MultiplyDivide} {
Failed to find source for ptolemy.actor.lib.MultiplyDivide} {
Failed to find ptdoc for ptolemy.domains.sdf.lib.Autocorrelation.  Try doing (cd /home/travis/build/icyphy/ptII/doc/test/../../doc; rm codeDoc/ptolemy/actor/lib/Ramp.xml codeDoc/ptolemy/actor/lib/RampIdx.xml; make docs)} {
Failed to find javadoc for ptolemy.domains.sdf.lib.Autocorrelation} {
Failed to find source for ptolemy.domains.sdf.lib.Autocorrelation} {
Failed to find ptdoc for ptolemy.actor.lib.LevinsonDurbin.  Try doing (cd /home/travis/build/icyphy/ptII/doc/test/../../doc; rm codeDoc/ptolemy/actor/lib/Ramp.xml codeDoc/ptolemy/actor/lib/RampIdx.xml; make docs)} {
Failed to find javadoc for ptolemy.actor.lib.LevinsonDurbin} {
Failed to find source for ptolemy.actor.lib.LevinsonDurbin} {
Failed to find ptdoc for ptolemy.actor.lib.ArrayAppend.  Try doing (cd /home/travis/build/icyphy/ptII/doc/test/../../doc; rm codeDoc/ptolemy/actor/lib/Ramp.xml codeDoc/ptolemy/actor/lib/RampIdx.xml; make docs)} {
Failed to find javadoc for ptolemy.actor.lib.ArrayAppend} {
Failed to find source for ptolemy.actor.lib.ArrayAppend} {
Failed to find ptdoc for ptolemy.domains.sdf.lib.ArrayToSequence.  Try doing (cd /home/travis/build/icyphy/ptII/doc/test/../../doc; rm codeDoc/ptolemy/actor/lib/Ramp.xml codeDoc/ptolemy/actor/lib/RampIdx.xml; make docs)} {
Failed to find javadoc for ptolemy.domains.sdf.lib.ArrayToSequence} {
Failed to find source for ptolemy.domains.sdf.lib.ArrayToSequence} {
Failed to find ptdoc for ptolemy.domains.sdf.lib.FFT.  Try doing (cd /home/travis/build/icyphy/ptII/doc/test/../../doc; rm codeDoc/ptolemy/actor/lib/Ramp.xml codeDoc/ptolemy/actor/lib/RampIdx.xml; make docs)} {
Failed to find javadoc for ptolemy.domains.sdf.lib.FFT} {
Failed to find source for ptolemy.domains.sdf.lib.FFT} {
Failed to find ptdoc for ptolemy.actor.lib.AbsoluteValue.  Try doing (cd /home/travis/build/icyphy/ptII/doc/test/../../doc; rm codeDoc/ptolemy/actor/lib/Ramp.xml codeDoc/ptolemy/actor/lib/RampIdx.xml; make docs)} {
Failed to find javadoc for ptolemy.actor.lib.AbsoluteValue} {
Failed to find source for ptolemy.actor.lib.AbsoluteValue} {
Failed to find ptdoc for ptolemy.actor.lib.MultiplyDivide.  Try doing (cd /home/travis/build/icyphy/ptII/doc/test/../../doc; rm codeDoc/ptolemy/actor/lib/Ramp.xml codeDoc/ptolemy/actor/lib/RampIdx.xml; make docs)} {
Failed to find javadoc for ptolemy.actor.lib.MultiplyDivide} {
Failed to find source for ptolemy.actor.lib.MultiplyDivide} {
Failed to find ptdoc for ptolemy.actor.lib.DB.  Try doing (cd /home/travis/build/icyphy/ptII/doc/test/../../doc; rm codeDoc/ptolemy/actor/lib/Ramp.xml codeDoc/ptolemy/actor/lib/RampIdx.xml; make docs)} {
Failed to find javadoc for ptolemy.actor.lib.DB} {
Failed to find source for ptolemy.actor.lib.DB} {
Failed to find ptdoc for ptolemy.actor.lib.ArrayElement.  Try doing (cd /home/travis/build/icyphy/ptII/doc/test/../../doc; rm codeDoc/ptolemy/actor/lib/Ramp.xml codeDoc/ptolemy/actor/lib/RampIdx.xml; make docs)} {
Failed to find javadoc for ptolemy.actor.lib.ArrayElement} {
Failed to find source for ptolemy.actor.lib.ArrayElement} {
Failed to find ptdoc for ptolemy.domains.sdf.lib.Repeat.  Try doing (cd /home/travis/build/icyphy/ptII/doc/test/../../doc; rm codeDoc/ptolemy/actor/lib/Ramp.xml codeDoc/ptolemy/actor/lib/RampIdx.xml; make docs)} {
Failed to find javadoc for ptolemy.domains.sdf.lib.Repeat} {
Failed to find source for ptolemy.domains.sdf.lib.Repeat} {
Failed to find ptdoc for ptolemy.domains.sdf.lib.Chop.  Try doing (cd /home/travis/build/icyphy/ptII/doc/test/../../doc; rm codeDoc/ptolemy/actor/lib/Ramp.xml codeDoc/ptolemy/actor/lib/RampIdx.xml; make docs)} {
Failed to find javadoc for ptolemy.domains.sdf.lib.Chop} {
Failed to find source for ptolemy.domains.sdf.lib.Chop} {
Failed to find ptdoc for ptolemy.actor.lib.MathFunction.  Try doing (cd /home/travis/build/icyphy/ptII/doc/test/../../doc; rm codeDoc/ptolemy/actor/lib/Ramp.xml codeDoc/ptolemy/actor/lib/RampIdx.xml; make docs)} {
Failed to find javadoc for ptolemy.actor.lib.MathFunction} {
Failed to find source for ptolemy.actor.lib.MathFunction} {
Failed to find ptdoc for ptolemy.actor.lib.Const.  Try doing (cd /home/travis/build/icyphy/ptII/doc/test/../../doc; rm codeDoc/ptolemy/actor/lib/Ramp.xml codeDoc/ptolemy/actor/lib/RampIdx.xml; make docs)} {
Failed to find javadoc for ptolemy.actor.lib.Const} {
Failed to find source for ptolemy.actor.lib.Const} {
Failed to find ptdoc for ptolemy.actor.lib.MultiplyDivide.  Try doing (cd /home/travis/build/icyphy/ptII/doc/test/../../doc; rm codeDoc/ptolemy/actor/lib/Ramp.xml codeDoc/ptolemy/actor/lib/RampIdx.xml; make docs)} {
Failed to find javadoc for ptolemy.actor.lib.MultiplyDivide} {
Failed to find source for ptolemy.actor.lib.MultiplyDivide} {
Failed to find ptdoc for ptolemy.domains.sdf.lib.FFT.  Try doing (cd /home/travis/build/icyphy/ptII/doc/test/../../doc; rm codeDoc/ptolemy/actor/lib/Ramp.xml codeDoc/ptolemy/actor/lib/RampIdx.xml; make docs)} {
Failed to find javadoc for ptolemy.domains.sdf.lib.FFT} {
Failed to find source for ptolemy.domains.sdf.lib.FFT} {
Failed to find ptdoc for ptolemy.actor.lib.DB.  Try doing (cd /home/travis/build/icyphy/ptII/doc/test/../../doc; rm codeDoc/ptolemy/actor/lib/Ramp.xml codeDoc/ptolemy/actor/lib/RampIdx.xml; make docs)} {
Failed to find javadoc for ptolemy.actor.lib.DB} {
Failed to find source for ptolemy.actor.lib.DB} {
Failed to find ptdoc for ptolemy.actor.lib.AbsoluteValue.  Try doing (cd /home/travis/build/icyphy/ptII/doc/test/../../doc; rm codeDoc/ptolemy/actor/lib/Ramp.xml codeDoc/ptolemy/actor/lib/RampIdx.xml; make docs)} {
Failed to find javadoc for ptolemy.actor.lib.AbsoluteValue} {
Failed to find source for ptolemy.actor.lib.AbsoluteValue} {
Failed to find ptdoc for ptolemy.domains.sdf.lib.Autocorrelation.  Try doing (cd /home/travis/build/icyphy/ptII/doc/test/../../doc; rm codeDoc/ptolemy/actor/lib/Ramp.xml codeDoc/ptolemy/actor/lib/RampIdx.xml; make docs)} {
Failed to find javadoc for ptolemy.domains.sdf.lib.Autocorrelation} {
Failed to find source for ptolemy.domains.sdf.lib.Autocorrelation} {
Failed to find ptdoc for ptolemy.domains.sdf.lib.Chop.  Try doing (cd /home/travis/build/icyphy/ptII/doc/test/../../doc; rm codeDoc/ptolemy/actor/lib/Ramp.xml codeDoc/ptolemy/actor/lib/RampIdx.xml; make docs)} {
Failed to find javadoc for ptolemy.domains.sdf.lib.Chop} {
Failed to find source for ptolemy.domains.sdf.lib.Chop} {
Failed to find ptdoc for ptolemy.domains.sdf.lib.ArrayToSequence.  Try doing (cd /home/travis/build/icyphy/ptII/doc/test/../../doc; rm codeDoc/ptolemy/actor/lib/Ramp.xml codeDoc/ptolemy/actor/lib/RampIdx.xml; make docs)} {
Failed to find javadoc for ptolemy.domains.sdf.lib.ArrayToSequence} {
Failed to find source for ptolemy.domains.sdf.lib.ArrayToSequence} {
Failed to find ptdoc for ptolemy.actor.lib.Sequence.  Try doing (cd /home/travis/build/icyphy/ptII/doc/test/../../doc; rm codeDoc/ptolemy/actor/lib/Ramp.xml codeDoc/ptolemy/actor/lib/RampIdx.xml; make docs)} {
Failed to find javadoc for ptolemy.actor.lib.Sequence} {
Failed to find source for ptolemy.actor.lib.Sequence} {
Failed to find ptdoc for ptolemy.actor.lib.MultiplyDivide.  Try doing (cd /home/travis/build/icyphy/ptII/doc/test/../../doc; rm codeDoc/ptolemy/actor/lib/Ramp.xml codeDoc/ptolemy/actor/lib/RampIdx.xml; make docs)} {
Failed to find javadoc for ptolemy.actor.lib.MultiplyDivide} {
Failed to find source for ptolemy.actor.lib.MultiplyDivide} {
Failed to find ptdoc for ptolemy.domains.sdf.lib.FFT.  Try doing (cd /home/travis/build/icyphy/ptII/doc/test/../../doc; rm codeDoc/ptolemy/actor/lib/Ramp.xml codeDoc/ptolemy/actor/lib/RampIdx.xml; make docs)} {
Failed to find javadoc for ptolemy.domains.sdf.lib.FFT} {
Failed to find source for ptolemy.domains.sdf.lib.FFT} {
Failed to find ptdoc for ptolemy.actor.lib.DB.  Try doing (cd /home/travis/build/icyphy/ptII/doc/test/../../doc; rm codeDoc/ptolemy/actor/lib/Ramp.xml codeDoc/ptolemy/actor/lib/RampIdx.xml; make docs)} {
Failed to find javadoc for ptolemy.actor.lib.DB} {
Failed to find source for ptolemy.actor.lib.DB} {
Failed to find ptdoc for ptolemy.actor.lib.AbsoluteValue.  Try doing (cd /home/travis/build/icyphy/ptII/doc/test/../../doc; rm codeDoc/ptolemy/actor/lib/Ramp.xml codeDoc/ptolemy/actor/lib/RampIdx.xml; make docs)} {
Failed to find javadoc for ptolemy.actor.lib.AbsoluteValue} {
Failed to find source for ptolemy.actor.lib.AbsoluteValue} {
Failed to find ptdoc for ptolemy.actor.lib.Scale.  Try doing (cd /home/travis/build/icyphy/ptII/doc/test/../../doc; rm codeDoc/ptolemy/actor/lib/Ramp.xml codeDoc/ptolemy/actor/lib/RampIdx.xml; make docs)} {
Failed to find javadoc for ptolemy.actor.lib.Scale} {
Failed to find source for ptolemy.actor.lib.Scale} {
Failed to find ptdoc for ptolemy.actor.lib.Sequence.  Try doing (cd /home/travis/build/icyphy/ptII/doc/test/../../doc; rm codeDoc/ptolemy/actor/lib/Ramp.xml codeDoc/ptolemy/actor/lib/RampIdx.xml; make docs)} {
Failed to find javadoc for ptolemy.actor.lib.Sequence} {
Failed to find source for ptolemy.actor.lib.Sequence}}
---- Result should have been:
{}
---- pn/configuration.xml-6.1 FAILED
Skipping viptos because TOSROOT is not set in the environment, so we are assuming that TinyOS is not installed.
 Force everything to get expanded ptolemy/configs/capecode/configuration.xml
    (Skipping certain optional packages)
    If you get a 'X connection to xxx:11.0 broken' message, then
    see $PTII/ptolemy/moml/filter/RemoveGraphicalClasses.java
    Or, under Solaris, run java -verbose -classpath 
           ${PTII}/lib/ptjacl.jar:${PTII}/lib/diva.jar:${PTII}
           tcl.lang.Shell xxx.tcl
Retrieving library from file:/home/travis/build/icyphy/ptII/org/terraswarm/accessor/accessors/web/index.json
Retrieving library from file:/home/travis/build/icyphy/ptII/org/terraswarm/accessor/accessors/web/adapters/index.json
Retrieving library from file:/home/travis/build/icyphy/ptII/org/terraswarm/accessor/accessors/web/audio/index.json
Retrieving library from file:/home/travis/build/icyphy/ptII/org/terraswarm/accessor/accessors/web/cameras/index.json
Retrieving library from file:/home/travis/build/icyphy/ptII/org/terraswarm/accessor/accessors/web/dashboard/index.json
Retrieving library from file:/home/travis/build/icyphy/ptII/org/terraswarm/accessor/accessors/web/devices/index.json
Retrieving library from file:/home/travis/build/icyphy/ptII/org/terraswarm/accessor/accessors/web/image/index.json
CharacterRecognition: The tesseract module was not present.  The CharacterRecognition accessor is not supported on this accessor host. (Thread[main,5,main])
CharacterRecognition: The tesseract module was not present.  The CharacterRecognition accessor is not supported on this accessor host. (Thread[main,5,main])
Retrieving library from file:/home/travis/build/icyphy/ptII/org/terraswarm/accessor/accessors/web/net/index.json
Retrieving library from file:/home/travis/build/icyphy/ptII/org/terraswarm/accessor/accessors/web/robotics/index.json
Retrieving library from file:/home/travis/build/icyphy/ptII/org/terraswarm/accessor/accessors/web/geodesy/index.json
Retrieving library from file:/home/travis/build/icyphy/ptII/org/terraswarm/accessor/accessors/web/services/index.json
Retrieving library from file:/home/travis/build/icyphy/ptII/org/terraswarm/accessor/accessors/web/signals/index.json
Retrieving library from file:/home/travis/build/icyphy/ptII/org/terraswarm/accessor/accessors/web/test/index.json
Retrieving library from file:/home/travis/build/icyphy/ptII/org/terraswarm/accessor/accessors/web/utilities/index.json
The Mutable accessor original file has no documentation, so we are not running jsdoc on https://accessors.org/utilities/Mutable.js


==== $PTII/doc/test/docManager.tcl: capecode/configuration.xml-6.1 Test docClassNameToURL
==== Contents of test case:

        # If this test fails under Travis, the the problem could be
        # that actors have been added to the repository, yet the
        # codeDoc*.jar files in
        # https://github.com/icyphy/ptII/releases/download/nightly/
        # have not been updated.  $PTII/.travis.yml has a deploy
        # section that should copy the jar files if PT_TRAVIS_DOCS ==
        # true.  Note that Travis no longer supports Oracle JDK 8 and
        # JDK 11 does not have backward compatible support for
        # javadoc, so travis is failing to update the download/nightly
        # directory.  Even if Travis updates the codeDoc.jar files,
        # then under JDK 11 the actor index files will not be present
        # because JDK 11 is missing javadoc backward compatibility.

        # One possible fix is to build the jar files under JDK 8 with
        # (cd $PTII/doc; make install)
        # Then upload codeDoc.jar to the nightly release.
        # 1. Go to https://github.com/icyphy/ptII/releases
        # 2. Find the nightly release
        # 3. Click on edit
        # 4. Delete the old codeDoc.jar
        # 5. Upload the new codeDoc.jar
        # For details, see 
        # https://docs.github.com/en/github/administering-a-repository/managing-releases-in-a-repository

	# In general, if we call getName on a public field in an actor,
	# then the name that is returned should be the same as the name
	# of the field.
	set entityList [$configuration allAtomicEntityList]
	set results {}
	for {set iterator [$entityList iterator]}  {[$iterator hasNext] == 1} {} {
		set entity [$iterator next]
		if [java::instanceof $entity ptolemy.actor.TypedAtomicActor] {
		    set actor [java::cast ptolemy.actor.TypedAtomicActor $entity]
		    set className [$actor getClassName]
		    set url [java::call ptolemy.vergil.actor.DocManager  docClassNameToURL  $configuration $className  true false false false]
		    if [java::isnull $url] {
			lappend results "\nFailed to find ptdoc for $className.  Try doing (cd $PTII/doc; rm codeDoc/ptolemy/actor/lib/Ramp.xml codeDoc/ptolemy/actor/lib/RampIdx.xml; make docs)"
		    }


		    set url [java::call ptolemy.vergil.actor.DocManager  docClassNameToURL  $configuration $className  false true false false]
		    if [java::isnull $url] {
			lappend results "\nFailed to find javadoc for $className"
		    }

		    set url [java::call ptolemy.vergil.actor.DocManager  docClassNameToURL  $configuration $className  false true false false]
		    if [java::isnull $url] {
			lappend results "\nFailed to find source for $className"
		    }


		    # For actor index, it is ok to return null
		    set url [java::call ptolemy.vergil.actor.DocManager  docClassNameToURL  $configuration $className  false false false true]
		}
	    }
    list $results	
    
==== Result was:
{{
Failed to find ptdoc for ptolemy.actor.lib.Assert.  Try doing (cd /home/travis/build/icyphy/ptII/doc/test/../../doc; rm codeDoc/ptolemy/actor/lib/Ramp.xml codeDoc/ptolemy/actor/lib/RampIdx.xml; make docs)} {
Failed to find javadoc for ptolemy.actor.lib.Assert} {
Failed to find source for ptolemy.actor.lib.Assert} {
Failed to find ptdoc for ptolemy.actor.lib.jjs.JavaScript.  Try doing (cd /home/travis/build/icyphy/ptII/doc/test/../../doc; rm codeDoc/ptolemy/actor/lib/Ramp.xml codeDoc/ptolemy/actor/lib/RampIdx.xml; make docs)} {
Failed to find javadoc for ptolemy.actor.lib.jjs.JavaScript} {
Failed to find source for ptolemy.actor.lib.jjs.JavaScript} {
Failed to find ptdoc for ptolemy.vergil.basic.export.html.jsoup.HTMLPageAssembler.  Try doing (cd /home/travis/build/icyphy/ptII/doc/test/../../doc; rm codeDoc/ptolemy/actor/lib/Ramp.xml codeDoc/ptolemy/actor/lib/RampIdx.xml; make docs)} {
Failed to find javadoc for ptolemy.vergil.basic.export.html.jsoup.HTMLPageAssembler} {
Failed to find source for ptolemy.vergil.basic.export.html.jsoup.HTMLPageAssembler} {
Failed to find ptdoc for ptolemy.actor.lib.DiscreteClock.  Try doing (cd /home/travis/build/icyphy/ptII/doc/test/../../doc; rm codeDoc/ptolemy/actor/lib/Ramp.xml codeDoc/ptolemy/actor/lib/RampIdx.xml; make docs)} {
Failed to find javadoc for ptolemy.actor.lib.DiscreteClock} {
Failed to find source for ptolemy.actor.lib.DiscreteClock} {
Failed to find ptdoc for ptolemy.actor.lib.PoissonClock.  Try doing (cd /home/travis/build/icyphy/ptII/doc/test/../../doc; rm codeDoc/ptolemy/actor/lib/Ramp.xml codeDoc/ptolemy/actor/lib/RampIdx.xml; make docs)} {
Failed to find javadoc for ptolemy.actor.lib.PoissonClock} {
Failed to find source for ptolemy.actor.lib.PoissonClock} {
Failed to find ptdoc for ptolemy.actor.lib.SingleEvent.  Try doing (cd /home/travis/build/icyphy/ptII/doc/test/../../doc; rm codeDoc/ptolemy/actor/lib/Ramp.xml codeDoc/ptolemy/actor/lib/RampIdx.xml; make docs)} {
Failed to find javadoc for ptolemy.actor.lib.SingleEvent} {
Failed to find source for ptolemy.actor.lib.SingleEvent} {
Failed to find ptdoc for ptolemy.actor.lib.Const.  Try doing (cd /home/travis/build/icyphy/ptII/doc/test/../../doc; rm codeDoc/ptolemy/actor/lib/Ramp.xml codeDoc/ptolemy/actor/lib/RampIdx.xml; make docs)} {
Failed to find javadoc for ptolemy.actor.lib.Const} {
Failed to find source for ptolemy.actor.lib.Const} {
Failed to find ptdoc for ptolemy.actor.lib.CurrentDate.  Try doing (cd /home/travis/build/icyphy/ptII/doc/test/../../doc; rm codeDoc/ptolemy/actor/lib/Ramp.xml codeDoc/ptolemy/actor/lib/RampIdx.xml; make docs)} {
Failed to find javadoc for ptolemy.actor.lib.CurrentDate} {
Failed to find source for ptolemy.actor.lib.CurrentDate} {
Failed to find ptdoc for ptolemy.actor.lib.CurrentMicrostep.  Try doing (cd /home/travis/build/icyphy/ptII/doc/test/../../doc; rm codeDoc/ptolemy/actor/lib/Ramp.xml codeDoc/ptolemy/actor/lib/RampIdx.xml; make docs)} {
Failed to find javadoc for ptolemy.actor.lib.CurrentMicrostep} {
Failed to find source for ptolemy.actor.lib.CurrentMicrostep} {
Failed to find ptdoc for ptolemy.actor.lib.CurrentTime.  Try doing (cd /home/travis/build/icyphy/ptII/doc/test/../../doc; rm codeDoc/ptolemy/actor/lib/Ramp.xml codeDoc/ptolemy/actor/lib/RampIdx.xml; make docs)} {
Failed to find javadoc for ptolemy.actor.lib.CurrentTime} {
Failed to find source for ptolemy.actor.lib.CurrentTime} {
Failed to find ptdoc for ptolemy.actor.lib.image.ImageReader.  Try doing (cd /home/travis/build/icyphy/ptII/doc/test/../../doc; rm codeDoc/ptolemy/actor/lib/Ramp.xml codeDoc/ptolemy/actor/lib/RampIdx.xml; make docs)} {
Failed to find javadoc for ptolemy.actor.lib.image.ImageReader} {
Failed to find source for ptolemy.actor.lib.image.ImageReader} {
Failed to find ptdoc for ptolemy.actor.lib.gui.InteractiveDialog.  Try doing (cd /home/travis/build/icyphy/ptII/doc/test/../../doc; rm codeDoc/ptolemy/actor/lib/Ramp.xml codeDoc/ptolemy/actor/lib/RampIdx.xml; make docs)} {
Failed to find javadoc for ptolemy.actor.lib.gui.InteractiveDialog} {
Failed to find source for ptolemy.actor.lib.gui.InteractiveDialog} {
Failed to find ptdoc for ptolemy.actor.lib.Pulse.  Try doing (cd /home/travis/build/icyphy/ptII/doc/test/../../doc; rm codeDoc/ptolemy/actor/lib/Ramp.xml codeDoc/ptolemy/actor/lib/RampIdx.xml; make docs)} {
Failed to find javadoc for ptolemy.actor.lib.Pulse} {
Failed to find source for ptolemy.actor.lib.Pulse} {
Failed to find ptdoc for ptolemy.actor.lib.Ramp.  Try doing (cd /home/travis/build/icyphy/ptII/doc/test/../../doc; rm codeDoc/ptolemy/actor/lib/Ramp.xml codeDoc/ptolemy/actor/lib/RampIdx.xml; make docs)} {
Failed to find javadoc for ptolemy.actor.lib.Ramp} {
Failed to find source for ptolemy.actor.lib.Ramp} {
Failed to find ptdoc for ptolemy.actor.lib.Sequence.  Try doing (cd /home/travis/build/icyphy/ptII/doc/test/../../doc; rm codeDoc/ptolemy/actor/lib/Ramp.xml codeDoc/ptolemy/actor/lib/RampIdx.xml; make docs)} {
Failed to find javadoc for ptolemy.actor.lib.Sequence} {
Failed to find source for ptolemy.actor.lib.Sequence} {
Failed to find ptdoc for ptolemy.actor.lib.StringConst.  Try doing (cd /home/travis/build/icyphy/ptII/doc/test/../../doc; rm codeDoc/ptolemy/actor/lib/Ramp.xml codeDoc/ptolemy/actor/lib/RampIdx.xml; make docs)} {
Failed to find javadoc for ptolemy.actor.lib.StringConst} {
Failed to find source for ptolemy.actor.lib.StringConst} {
Failed to find ptdoc for ptolemy.actor.lib.gui.TimedDisplay.  Try doing (cd /home/travis/build/icyphy/ptII/doc/test/../../doc; rm codeDoc/ptolemy/actor/lib/Ramp.xml codeDoc/ptolemy/actor/lib/RampIdx.xml; make docs)} {
Failed to find javadoc for ptolemy.actor.lib.gui.TimedDisplay} {
Failed to find source for ptolemy.actor.lib.gui.TimedDisplay} {
Failed to find ptdoc for ptolemy.actor.lib.gui.TimedMonitorValue.  Try doing (cd /home/travis/build/icyphy/ptII/doc/test/../../doc; rm codeDoc/ptolemy/actor/lib/Ramp.xml codeDoc/ptolemy/actor/lib/RampIdx.xml; make docs)} {
Failed to find javadoc for ptolemy.actor.lib.gui.TimedMonitorValue} {
Failed to find source for ptolemy.actor.lib.gui.TimedMonitorValue} {
Failed to find ptdoc for ptolemy.actor.lib.gui.TimedPlotter.  Try doing (cd /home/travis/build/icyphy/ptII/doc/test/../../doc; rm codeDoc/ptolemy/actor/lib/Ramp.xml codeDoc/ptolemy/actor/lib/RampIdx.xml; make docs)} {
Failed to find javadoc for ptolemy.actor.lib.gui.TimedPlotter} {
Failed to find source for ptolemy.actor.lib.gui.TimedPlotter} {
Failed to find ptdoc for ptolemy.actor.lib.gui.TimedScope.  Try doing (cd /home/travis/build/icyphy/ptII/doc/test/../../doc; rm codeDoc/ptolemy/actor/lib/Ramp.xml codeDoc/ptolemy/actor/lib/RampIdx.xml; make docs)} {
Failed to find javadoc for ptolemy.actor.lib.gui.TimedScope} {
Failed to find source for ptolemy.actor.lib.gui.TimedScope} {
Failed to find ptdoc for ptolemy.actor.lib.gui.ArrayPlotter.  Try doing (cd /home/travis/build/icyphy/ptII/doc/test/../../doc; rm codeDoc/ptolemy/actor/lib/Ramp.xml codeDoc/ptolemy/actor/lib/RampIdx.xml; make docs)} {
Failed to find javadoc for ptolemy.actor.lib.gui.ArrayPlotter} {
Failed to find source for ptolemy.actor.lib.gui.ArrayPlotter} {
Failed to find ptdoc for ptolemy.actor.lib.gui.ArrayPlotterXY.  Try doing (cd /home/travis/build/icyphy/ptII/doc/test/../../doc; rm codeDoc/ptolemy/actor/lib/Ramp.xml codeDoc/ptolemy/actor/lib/RampIdx.xml; make docs)} {
Failed to find javadoc for ptolemy.actor.lib.gui.ArrayPlotterXY} {
Failed to find source for ptolemy.actor.lib.gui.ArrayPlotterXY} {
Failed to find ptdoc for ptolemy.actor.lib.gui.BarGraph.  Try doing (cd /home/travis/build/icyphy/ptII/doc/test/../../doc; rm codeDoc/ptolemy/actor/lib/Ramp.xml codeDoc/ptolemy/actor/lib/RampIdx.xml; make docs)} {
Failed to find javadoc for ptolemy.actor.lib.gui.BarGraph} {
Failed to find source for ptolemy.actor.lib.gui.BarGraph} {
Failed to find ptdoc for ptolemy.actor.lib.gui.Display.  Try doing (cd /home/travis/build/icyphy/ptII/doc/test/../../doc; rm codeDoc/ptolemy/actor/lib/Ramp.xml codeDoc/ptolemy/actor/lib/RampIdx.xml; make docs)} {
Failed to find javadoc for ptolemy.actor.lib.gui.Display} {
Failed to find source for ptolemy.actor.lib.gui.Display} {
Failed to find ptdoc for ptolemy.actor.lib.gui.HistogramPlotter.  Try doing (cd /home/travis/build/icyphy/ptII/doc/test/../../doc; rm codeDoc/ptolemy/actor/lib/Ramp.xml codeDoc/ptolemy/actor/lib/RampIdx.xml; make docs)} {
Failed to find javadoc for ptolemy.actor.lib.gui.HistogramPlotter} {
Failed to find source for ptolemy.actor.lib.gui.HistogramPlotter} {
Failed to find ptdoc for ptolemy.actor.lib.image.ImageDisplay.  Try doing (cd /home/travis/build/icyphy/ptII/doc/test/../../doc; rm codeDoc/ptolemy/actor/lib/Ramp.xml codeDoc/ptolemy/actor/lib/RampIdx.xml; make docs)} {
Failed to find javadoc for ptolemy.actor.lib.image.ImageDisplay} {
Failed to find source for ptolemy.actor.lib.image.ImageDisplay} {
Failed to find ptdoc for ptolemy.actor.lib.gui.MonitorValue.  Try doing (cd /home/travis/build/icyphy/ptII/doc/test/../../doc; rm codeDoc/ptolemy/actor/lib/Ramp.xml codeDoc/ptolemy/actor/lib/RampIdx.xml; make docs)} {
Failed to find javadoc for ptolemy.actor.lib.gui.MonitorValue} {
Failed to find source for ptolemy.actor.lib.gui.MonitorValue} {
Failed to find ptdoc for ptolemy.actor.lib.gui.SequencePlotter.  Try doing (cd /home/travis/build/icyphy/ptII/doc/test/../../doc; rm codeDoc/ptolemy/actor/lib/Ramp.xml codeDoc/ptolemy/actor/lib/RampIdx.xml; make docs)} {
Failed to find javadoc for ptolemy.actor.lib.gui.SequencePlotter} {
Failed to find source for ptolemy.actor.lib.gui.SequencePlotter} {
Failed to find ptdoc for ptolemy.actor.lib.gui.SequenceScope.  Try doing (cd /home/travis/build/icyphy/ptII/doc/test/../../doc; rm codeDoc/ptolemy/actor/lib/Ramp.xml codeDoc/ptolemy/actor/lib/RampIdx.xml; make docs)} {
Failed to find javadoc for ptolemy.actor.lib.gui.SequenceScope} {
Failed to find source for ptolemy.actor.lib.gui.SequenceScope} {
Failed to find ptdoc for ptolemy.actor.lib.SetVariable.  Try doing (cd /home/travis/build/icyphy/ptII/doc/test/../../doc; rm codeDoc/ptolemy/actor/lib/Ramp.xml codeDoc/ptolemy/actor/lib/RampIdx.xml; make docs)} {
Failed to find javadoc for ptolemy.actor.lib.SetVariable} {
Failed to find source for ptolemy.actor.lib.SetVariable} {
Failed to find ptdoc for ptolemy.actor.lib.gui.XYPlotter.  Try doing (cd /home/travis/build/icyphy/ptII/doc/test/../../doc; rm codeDoc/ptolemy/actor/lib/Ramp.xml codeDoc/ptolemy/actor/lib/RampIdx.xml; make docs)} {
Failed to find javadoc for ptolemy.actor.lib.gui.XYPlotter} {
Failed to find source for ptolemy.actor.lib.gui.XYPlotter} {
Failed to find ptdoc for ptolemy.actor.lib.gui.XYScope.  Try doing (cd /home/travis/build/icyphy/ptII/doc/test/../../doc; rm codeDoc/ptolemy/actor/lib/Ramp.xml codeDoc/ptolemy/actor/lib/RampIdx.xml; make docs)} {
Failed to find javadoc for ptolemy.actor.lib.gui.XYScope} {
Failed to find source for ptolemy.actor.lib.gui.XYScope} {
Failed to find ptdoc for ptolemy.actor.lib.gui.EventButton.  Try doing (cd /home/travis/build/icyphy/ptII/doc/test/../../doc; rm codeDoc/ptolemy/actor/lib/Ramp.xml codeDoc/ptolemy/actor/lib/RampIdx.xml; make docs)} {
Failed to find javadoc for ptolemy.actor.lib.gui.EventButton} {
Failed to find source for ptolemy.actor.lib.gui.EventButton} {
Failed to find ptdoc for ptolemy.actor.lib.MicrostepDelay.  Try doing (cd /home/travis/build/icyphy/ptII/doc/test/../../doc; rm codeDoc/ptolemy/actor/lib/Ramp.xml codeDoc/ptolemy/actor/lib/RampIdx.xml; make docs)} {
Failed to find javadoc for ptolemy.actor.lib.MicrostepDelay} {
Failed to find source for ptolemy.actor.lib.MicrostepDelay} {
Failed to find ptdoc for ptolemy.actor.lib.ResettableTimer.  Try doing (cd /home/travis/build/icyphy/ptII/doc/test/../../doc; rm codeDoc/ptolemy/actor/lib/Ramp.xml codeDoc/ptolemy/actor/lib/RampIdx.xml; make docs)} {
Failed to find javadoc for ptolemy.actor.lib.ResettableTimer} {
Failed to find source for ptolemy.actor.lib.ResettableTimer} {
Failed to find ptdoc for ptolemy.actor.lib.SingleEvent.  Try doing (cd /home/travis/build/icyphy/ptII/doc/test/../../doc; rm codeDoc/ptolemy/actor/lib/Ramp.xml codeDoc/ptolemy/actor/lib/RampIdx.xml; make docs)} {
Failed to find javadoc for ptolemy.actor.lib.SingleEvent} {
Failed to find source for ptolemy.actor.lib.SingleEvent} {
Failed to find ptdoc for ptolemy.actor.lib.TimeDelay.  Try doing (cd /home/travis/build/icyphy/ptII/doc/test/../../doc; rm codeDoc/ptolemy/actor/lib/Ramp.xml codeDoc/ptolemy/actor/lib/RampIdx.xml; make docs)} {
Failed to find javadoc for ptolemy.actor.lib.TimeDelay} {
Failed to find source for ptolemy.actor.lib.TimeDelay} {
Failed to find ptdoc for ptolemy.actor.lib.ArrayAccumulate.  Try doing (cd /home/travis/build/icyphy/ptII/doc/test/../../doc; rm codeDoc/ptolemy/actor/lib/Ramp.xml codeDoc/ptolemy/actor/lib/RampIdx.xml; make docs)} {
Failed to find javadoc for ptolemy.actor.lib.ArrayAccumulate} {
Failed to find source for ptolemy.actor.lib.ArrayAccumulate} {
Failed to find ptdoc for ptolemy.actor.lib.ArrayAppend.  Try doing (cd /home/travis/build/icyphy/ptII/doc/test/../../doc; rm codeDoc/ptolemy/actor/lib/Ramp.xml codeDoc/ptolemy/actor/lib/RampIdx.xml; make docs)} {
Failed to find javadoc for ptolemy.actor.lib.ArrayAppend} {
Failed to find source for ptolemy.actor.lib.ArrayAppend} {
Failed to find ptdoc for ptolemy.actor.lib.ArrayAverage.  Try doing (cd /home/travis/build/icyphy/ptII/doc/test/../../doc; rm codeDoc/ptolemy/actor/lib/Ramp.xml codeDoc/ptolemy/actor/lib/RampIdx.xml; make docs)} {
Failed to find javadoc for ptolemy.actor.lib.ArrayAverage} {
Failed to find source for ptolemy.actor.lib.ArrayAverage} {
Failed to find ptdoc for ptolemy.actor.lib.ArrayContains.  Try doing (cd /home/travis/build/icyphy/ptII/doc/test/../../doc; rm codeDoc/ptolemy/actor/lib/Ramp.xml codeDoc/ptolemy/actor/lib/RampIdx.xml; make docs)} {
Failed to find javadoc for ptolemy.actor.lib.ArrayContains} {
Failed to find source for ptolemy.actor.lib.ArrayContains} {
Failed to find ptdoc for ptolemy.actor.lib.ArrayElement.  Try doing (cd /home/travis/build/icyphy/ptII/doc/test/../../doc; rm codeDoc/ptolemy/actor/lib/Ramp.xml codeDoc/ptolemy/actor/lib/RampIdx.xml; make docs)} {
Failed to find javadoc for ptolemy.actor.lib.ArrayElement} {
Failed to find source for ptolemy.actor.lib.ArrayElement} {
Failed to find ptdoc for ptolemy.actor.lib.ArrayElementAsMatrix.  Try doing (cd /home/travis/build/icyphy/ptII/doc/test/../../doc; rm codeDoc/ptolemy/actor/lib/Ramp.xml codeDoc/ptolemy/actor/lib/RampIdx.xml; make docs)} {
Failed to find javadoc for ptolemy.actor.lib.ArrayElementAsMatrix} {
Failed to find source for ptolemy.actor.lib.ArrayElementAsMatrix} {
Failed to find ptdoc for ptolemy.actor.lib.ArrayExtract.  Try doing (cd /home/travis/build/icyphy/ptII/doc/test/../../doc; rm codeDoc/ptolemy/actor/lib/Ramp.xml codeDoc/ptolemy/actor/lib/RampIdx.xml; make docs)} {
Failed to find javadoc for ptolemy.actor.lib.ArrayExtract} {
Failed to find source for ptolemy.actor.lib.ArrayExtract} {
Failed to find ptdoc for ptolemy.actor.lib.ArrayLength.  Try doing (cd /home/travis/build/icyphy/ptII/doc/test/../../doc; rm codeDoc/ptolemy/actor/lib/Ramp.xml codeDoc/ptolemy/actor/lib/RampIdx.xml; make docs)} {
Failed to find javadoc for ptolemy.actor.lib.ArrayLength} {
Failed to find source for ptolemy.actor.lib.ArrayLength} {
Failed to find ptdoc for ptolemy.actor.lib.ArrayLevelCrossing.  Try doing (cd /home/travis/build/icyphy/ptII/doc/test/../../doc; rm codeDoc/ptolemy/actor/lib/Ramp.xml codeDoc/ptolemy/actor/lib/RampIdx.xml; make docs)} {
Failed to find javadoc for ptolemy.actor.lib.ArrayLevelCrossing} {
Failed to find source for ptolemy.actor.lib.ArrayLevelCrossing} {
Failed to find ptdoc for ptolemy.actor.lib.ArrayMaximum.  Try doing (cd /home/travis/build/icyphy/ptII/doc/test/../../doc; rm codeDoc/ptolemy/actor/lib/Ramp.xml codeDoc/ptolemy/actor/lib/RampIdx.xml; make docs)} {
Failed to find javadoc for ptolemy.actor.lib.ArrayMaximum} {
Failed to find source for ptolemy.actor.lib.ArrayMaximum} {
Failed to find ptdoc for ptolemy.actor.lib.ArrayMinimum.  Try doing (cd /home/travis/build/icyphy/ptII/doc/test/../../doc; rm codeDoc/ptolemy/actor/lib/Ramp.xml codeDoc/ptolemy/actor/lib/RampIdx.xml; make docs)} {
Failed to find javadoc for ptolemy.actor.lib.ArrayMinimum} {
Failed to find source for ptolemy.actor.lib.ArrayMinimum} {
Failed to find ptdoc for ptolemy.actor.lib.ArrayPeakSearch.  Try doing (cd /home/travis/build/icyphy/ptII/doc/test/../../doc; rm codeDoc/ptolemy/actor/lib/Ramp.xml codeDoc/ptolemy/actor/lib/RampIdx.xml; make docs)} {
Failed to find javadoc for ptolemy.actor.lib.ArrayPeakSearch} {
Failed to find source for ptolemy.actor.lib.ArrayPeakSearch} {
Failed to find ptdoc for ptolemy.actor.lib.ArrayRemoveElement.  Try doing (cd /home/travis/build/icyphy/ptII/doc/test/../../doc; rm codeDoc/ptolemy/actor/lib/Ramp.xml codeDoc/ptolemy/actor/lib/RampIdx.xml; make docs)} {
Failed to find javadoc for ptolemy.actor.lib.ArrayRemoveElement} {
Failed to find source for ptolemy.actor.lib.ArrayRemoveElement} {
Failed to find ptdoc for ptolemy.actor.lib.ArraySort.  Try doing (cd /home/travis/build/icyphy/ptII/doc/test/../../doc; rm codeDoc/ptolemy/actor/lib/Ramp.xml codeDoc/ptolemy/actor/lib/RampIdx.xml; make docs)} {
Failed to find javadoc for ptolemy.actor.lib.ArraySort} {
Failed to find source for ptolemy.actor.lib.ArraySort} {
Failed to find ptdoc for ptolemy.actor.lib.ArraySum.  Try doing (cd /home/travis/build/icyphy/ptII/doc/test/../../doc; rm codeDoc/ptolemy/actor/lib/Ramp.xml codeDoc/ptolemy/actor/lib/RampIdx.xml; make docs)} {
Failed to find javadoc for ptolemy.actor.lib.ArraySum} {
Failed to find source for ptolemy.actor.lib.ArraySum} {
Failed to find ptdoc for ptolemy.actor.lib.ArrayToElements.  Try doing (cd /home/travis/build/icyphy/ptII/doc/test/../../doc; rm codeDoc/ptolemy/actor/lib/Ramp.xml codeDoc/ptolemy/actor/lib/RampIdx.xml; make docs)} {
Failed to find javadoc for ptolemy.actor.lib.ArrayToElements} {
Failed to find source for ptolemy.actor.lib.ArrayToElements} {
Failed to find ptdoc for ptolemy.domains.sdf.lib.ArrayToSequence.  Try doing (cd /home/travis/build/icyphy/ptII/doc/test/../../doc; rm codeDoc/ptolemy/actor/lib/Ramp.xml codeDoc/ptolemy/actor/lib/RampIdx.xml; make docs)} {
Failed to find javadoc for ptolemy.domains.sdf.lib.ArrayToSequence} {
Failed to find source for ptolemy.domains.sdf.lib.ArrayToSequence} {
Failed to find ptdoc for ptolemy.actor.lib.ArrayUpdate.  Try doing (cd /home/travis/build/icyphy/ptII/doc/test/../../doc; rm codeDoc/ptolemy/actor/lib/Ramp.xml codeDoc/ptolemy/actor/lib/RampIdx.xml; make docs)} {
Failed to find javadoc for ptolemy.actor.lib.ArrayUpdate} {
Failed to find source for ptolemy.actor.lib.ArrayUpdate} {
Failed to find ptdoc for ptolemy.actor.lib.ElementsToArray.  Try doing (cd /home/travis/build/icyphy/ptII/doc/test/../../doc; rm codeDoc/ptolemy/actor/lib/Ramp.xml codeDoc/ptolemy/actor/lib/RampIdx.xml; make docs)} {
Failed to find javadoc for ptolemy.actor.lib.ElementsToArray} {
Failed to find source for ptolemy.actor.lib.ElementsToArray} {
Failed to find ptdoc for ptolemy.domains.sdf.lib.SequenceToArray.  Try doing (cd /home/travis/build/icyphy/ptII/doc/test/../../doc; rm codeDoc/ptolemy/actor/lib/Ramp.xml codeDoc/ptolemy/actor/lib/RampIdx.xml; make docs)} {
Failed to find javadoc for ptolemy.domains.sdf.lib.SequenceToArray} {
Failed to find source for ptolemy.domains.sdf.lib.SequenceToArray} {
Failed to find ptdoc for ptolemy.actor.lib.conversions.AnythingToDouble.  Try doing (cd /home/travis/build/icyphy/ptII/doc/test/../../doc; rm codeDoc/ptolemy/actor/lib/Ramp.xml codeDoc/ptolemy/actor/lib/RampIdx.xml; make docs)} {
Failed to find javadoc for ptolemy.actor.lib.conversions.AnythingToDouble} {
Failed to find source for ptolemy.actor.lib.conversions.AnythingToDouble} {
Failed to find ptdoc for ptolemy.actor.lib.conversions.BooleanToAnything.  Try doing (cd /home/travis/build/icyphy/ptII/doc/test/../../doc; rm codeDoc/ptolemy/actor/lib/Ramp.xml codeDoc/ptolemy/actor/lib/RampIdx.xml; make docs)} {
Failed to find javadoc for ptolemy.actor.lib.conversions.BooleanToAnything} {
Failed to find source for ptolemy.actor.lib.conversions.BooleanToAnything} {
Failed to find ptdoc for ptolemy.domains.sdf.lib.BitsToInt.  Try doing (cd /home/travis/build/icyphy/ptII/doc/test/../../doc; rm codeDoc/ptolemy/actor/lib/Ramp.xml codeDoc/ptolemy/actor/lib/RampIdx.xml; make docs)} {
Failed to find javadoc for ptolemy.domains.sdf.lib.BitsToInt} {
Failed to find source for ptolemy.domains.sdf.lib.BitsToInt} {
Failed to find ptdoc for ptolemy.actor.lib.conversions.CartesianToComplex.  Try doing (cd /home/travis/build/icyphy/ptII/doc/test/../../doc; rm codeDoc/ptolemy/actor/lib/Ramp.xml codeDoc/ptolemy/actor/lib/RampIdx.xml; make docs)} {
Failed to find javadoc for ptolemy.actor.lib.conversions.CartesianToComplex} {
Failed to find source for ptolemy.actor.lib.conversions.CartesianToComplex} {
Failed to find ptdoc for ptolemy.actor.lib.conversions.CartesianToPolar.  Try doing (cd /home/travis/build/icyphy/ptII/doc/test/../../doc; rm codeDoc/ptolemy/actor/lib/Ramp.xml codeDoc/ptolemy/actor/lib/RampIdx.xml; make docs)} {
Failed to find javadoc for ptolemy.actor.lib.conversions.CartesianToPolar} {
Failed to find source for ptolemy.actor.lib.conversions.CartesianToPolar} {
Failed to find ptdoc for ptolemy.actor.lib.conversions.ComplexToCartesian.  Try doing (cd /home/travis/build/icyphy/ptII/doc/test/../../doc; rm codeDoc/ptolemy/actor/lib/Ramp.xml codeDoc/ptolemy/actor/lib/RampIdx.xml; make docs)} {
Failed to find javadoc for ptolemy.actor.lib.conversions.ComplexToCartesian} {
Failed to find source for ptolemy.actor.lib.conversions.ComplexToCartesian} {
Failed to find ptdoc for ptolemy.actor.lib.conversions.ComplexToPolar.  Try doing (cd /home/travis/build/icyphy/ptII/doc/test/../../doc; rm codeDoc/ptolemy/actor/lib/Ramp.xml codeDoc/ptolemy/actor/lib/RampIdx.xml; make docs)} {
Failed to find javadoc for ptolemy.actor.lib.conversions.ComplexToPolar} {
Failed to find source for ptolemy.actor.lib.conversions.ComplexToPolar} {
Failed to find ptdoc for ptolemy.actor.lib.conversions.DateToString.  Try doing (cd /home/travis/build/icyphy/ptII/doc/test/../../doc; rm codeDoc/ptolemy/actor/lib/Ramp.xml codeDoc/ptolemy/actor/lib/RampIdx.xml; make docs)} {
Failed to find javadoc for ptolemy.actor.lib.conversions.DateToString} {
Failed to find source for ptolemy.actor.lib.conversions.DateToString} {
Failed to find ptdoc for ptolemy.actor.lib.conversions.DoubleToFix.  Try doing (cd /home/travis/build/icyphy/ptII/doc/test/../../doc; rm codeDoc/ptolemy/actor/lib/Ramp.xml codeDoc/ptolemy/actor/lib/RampIdx.xml; make docs)} {
Failed to find javadoc for ptolemy.actor.lib.conversions.DoubleToFix} {
Failed to find source for ptolemy.actor.lib.conversions.DoubleToFix} {
Failed to find ptdoc for ptolemy.actor.lib.conversions.ExpressionToToken.  Try doing (cd /home/travis/build/icyphy/ptII/doc/test/../../doc; rm codeDoc/ptolemy/actor/lib/Ramp.xml codeDoc/ptolemy/actor/lib/RampIdx.xml; make docs)} {
Failed to find javadoc for ptolemy.actor.lib.conversions.ExpressionToToken} {
Failed to find source for ptolemy.actor.lib.conversions.ExpressionToToken} {
Failed to find ptdoc for ptolemy.actor.lib.conversions.FixToDouble.  Try doing (cd /home/travis/build/icyphy/ptII/doc/test/../../doc; rm codeDoc/ptolemy/actor/lib/Ramp.xml codeDoc/ptolemy/actor/lib/RampIdx.xml; make docs)} {
Failed to find javadoc for ptolemy.actor.lib.conversions.FixToDouble} {
Failed to find source for ptolemy.actor.lib.conversions.FixToDouble} {
Failed to find ptdoc for ptolemy.actor.lib.conversions.FixToFix.  Try doing (cd /home/travis/build/icyphy/ptII/doc/test/../../doc; rm codeDoc/ptolemy/actor/lib/Ramp.xml codeDoc/ptolemy/actor/lib/RampIdx.xml; make docs)} {
Failed to find javadoc for ptolemy.actor.lib.conversions.FixToFix} {
Failed to find source for ptolemy.actor.lib.conversions.FixToFix} {
Failed to find ptdoc for ptolemy.actor.lib.conversions.ImageToString.  Try doing (cd /home/travis/build/icyphy/ptII/doc/test/../../doc; rm codeDoc/ptolemy/actor/lib/Ramp.xml codeDoc/ptolemy/actor/lib/RampIdx.xml; make docs)} {
Failed to find javadoc for ptolemy.actor.lib.conversions.ImageToString} {
Failed to find source for ptolemy.actor.lib.conversions.ImageToString} {
Failed to find ptdoc for ptolemy.actor.lib.conversions.IntArrayToString.  Try doing (cd /home/travis/build/icyphy/ptII/doc/test/../../doc; rm codeDoc/ptolemy/actor/lib/Ramp.xml codeDoc/ptolemy/actor/lib/RampIdx.xml; make docs)} {
Failed to find javadoc for ptolemy.actor.lib.conversions.IntArrayToString} {
Failed to find source for ptolemy.actor.lib.conversions.IntArrayToString} {
Failed to find ptdoc for ptolemy.domains.sdf.lib.IntToBits.  Try doing (cd /home/travis/build/icyphy/ptII/doc/test/../../doc; rm codeDoc/ptolemy/actor/lib/Ramp.xml codeDoc/ptolemy/actor/lib/RampIdx.xml; make docs)} {
Failed to find javadoc for ptolemy.domains.sdf.lib.IntToBits} {
Failed to find source for ptolemy.domains.sdf.lib.IntToBits} {
Failed to find ptdoc for ptolemy.actor.lib.conversions.InUnitsOf.  Try doing (cd /home/travis/build/icyphy/ptII/doc/test/../../doc; rm codeDoc/ptolemy/actor/lib/Ramp.xml codeDoc/ptolemy/actor/lib/RampIdx.xml; make docs)} {
Failed to find javadoc for ptolemy.actor.lib.conversions.InUnitsOf} {
Failed to find source for ptolemy.actor.lib.conversions.InUnitsOf} {
Failed to find ptdoc for ptolemy.actor.lib.conversions.json.JSONToToken.  Try doing (cd /home/travis/build/icyphy/ptII/doc/test/../../doc; rm codeDoc/ptolemy/actor/lib/Ramp.xml codeDoc/ptolemy/actor/lib/RampIdx.xml; make docs)} {
Failed to find javadoc for ptolemy.actor.lib.conversions.json.JSONToToken} {
Failed to find source for ptolemy.actor.lib.conversions.json.JSONToToken} {
Failed to find ptdoc for ptolemy.actor.lib.conversions.json.TokenToJSON.  Try doing (cd /home/travis/build/icyphy/ptII/doc/test/../../doc; rm codeDoc/ptolemy/actor/lib/Ramp.xml codeDoc/ptolemy/actor/lib/RampIdx.xml; make docs)} {
Failed to find javadoc for ptolemy.actor.lib.conversions.json.TokenToJSON} {
Failed to find source for ptolemy.actor.lib.conversions.json.TokenToJSON} {
Failed to find ptdoc for ptolemy.actor.lib.conversions.LongToDouble.  Try doing (cd /home/travis/build/icyphy/ptII/doc/test/../../doc; rm codeDoc/ptolemy/actor/lib/Ramp.xml codeDoc/ptolemy/actor/lib/RampIdx.xml; make docs)} {
Failed to find javadoc for ptolemy.actor.lib.conversions.LongToDouble} {
Failed to find source for ptolemy.actor.lib.conversions.LongToDouble} {
Failed to find ptdoc for ptolemy.actor.lib.conversions.PolarToCartesian.  Try doing (cd /home/travis/build/icyphy/ptII/doc/test/../../doc; rm codeDoc/ptolemy/actor/lib/Ramp.xml codeDoc/ptolemy/actor/lib/RampIdx.xml; make docs)} {
Failed to find javadoc for ptolemy.actor.lib.conversions.PolarToCartesian} {
Failed to find source for ptolemy.actor.lib.conversions.PolarToCartesian} {
Failed to find ptdoc for ptolemy.actor.lib.conversions.PolarToComplex.  Try doing (cd /home/travis/build/icyphy/ptII/doc/test/../../doc; rm codeDoc/ptolemy/actor/lib/Ramp.xml codeDoc/ptolemy/actor/lib/RampIdx.xml; make docs)} {
Failed to find javadoc for ptolemy.actor.lib.conversions.PolarToComplex} {
Failed to find source for ptolemy.actor.lib.conversions.PolarToComplex} {
Failed to find ptdoc for ptolemy.actor.lib.conversions.Round.  Try doing (cd /home/travis/build/icyphy/ptII/doc/test/../../doc; rm codeDoc/ptolemy/actor/lib/Ramp.xml codeDoc/ptolemy/actor/lib/RampIdx.xml; make docs)} {
Failed to find javadoc for ptolemy.actor.lib.conversions.Round} {
Failed to find source for ptolemy.actor.lib.conversions.Round} {
Failed to find ptdoc for ptolemy.actor.lib.conversions.SmoothToDouble.  Try doing (cd /home/travis/build/icyphy/ptII/doc/test/../../doc; rm codeDoc/ptolemy/actor/lib/Ramp.xml codeDoc/ptolemy/actor/lib/RampIdx.xml; make docs)} {
Failed to find javadoc for ptolemy.actor.lib.conversions.SmoothToDouble} {
Failed to find source for ptolemy.actor.lib.conversions.SmoothToDouble} {
Failed to find ptdoc for ptolemy.actor.lib.conversions.StringToBoolean.  Try doing (cd /home/travis/build/icyphy/ptII/doc/test/../../doc; rm codeDoc/ptolemy/actor/lib/Ramp.xml codeDoc/ptolemy/actor/lib/RampIdx.xml; make docs)} {
Failed to find javadoc for ptolemy.actor.lib.conversions.StringToBoolean} {
Failed to find source for ptolemy.actor.lib.conversions.StringToBoolean} {
Failed to find ptdoc for ptolemy.actor.lib.conversions.StringToDouble.  Try doing (cd /home/travis/build/icyphy/ptII/doc/test/../../doc; rm codeDoc/ptolemy/actor/lib/Ramp.xml codeDoc/ptolemy/actor/lib/RampIdx.xml; make docs)} {
Failed to find javadoc for ptolemy.actor.lib.conversions.StringToDouble} {
Failed to find source for ptolemy.actor.lib.conversions.StringToDouble} {
Failed to find ptdoc for ptolemy.actor.lib.conversions.StringToInt.  Try doing (cd /home/travis/build/icyphy/ptII/doc/test/../../doc; rm codeDoc/ptolemy/actor/lib/Ramp.xml codeDoc/ptolemy/actor/lib/RampIdx.xml; make docs)} {
Failed to find javadoc for ptolemy.actor.lib.conversions.StringToInt} {
Failed to find source for ptolemy.actor.lib.conversions.StringToInt} {
Failed to find ptdoc for ptolemy.actor.lib.conversions.StringToIntArray.  Try doing (cd /home/travis/build/icyphy/ptII/doc/test/../../doc; rm codeDoc/ptolemy/actor/lib/Ramp.xml codeDoc/ptolemy/actor/lib/RampIdx.xml; make docs)} {
Failed to find javadoc for ptolemy.actor.lib.conversions.StringToIntArray} {
Failed to find source for ptolemy.actor.lib.conversions.StringToIntArray} {
Failed to find ptdoc for ptolemy.actor.lib.conversions.StringToUnsignedByteArray.  Try doing (cd /home/travis/build/icyphy/ptII/doc/test/../../doc; rm codeDoc/ptolemy/actor/lib/Ramp.xml codeDoc/ptolemy/actor/lib/RampIdx.xml; make docs)} {
Failed to find javadoc for ptolemy.actor.lib.conversions.StringToUnsignedByteArray} {
Failed to find source for ptolemy.actor.lib.conversions.StringToUnsignedByteArray} {
Failed to find ptdoc for ptolemy.actor.lib.conversions.StringToXML.  Try doing (cd /home/travis/build/icyphy/ptII/doc/test/../../doc; rm codeDoc/ptolemy/actor/lib/Ramp.xml codeDoc/ptolemy/actor/lib/RampIdx.xml; make docs)} {
Failed to find javadoc for ptolemy.actor.lib.conversions.StringToXML} {
Failed to find source for ptolemy.actor.lib.conversions.StringToXML} {
Failed to find ptdoc for ptolemy.actor.lib.conversions.TokenToExpression.  Try doing (cd /home/travis/build/icyphy/ptII/doc/test/../../doc; rm codeDoc/ptolemy/actor/lib/Ramp.xml codeDoc/ptolemy/actor/lib/RampIdx.xml; make docs)} {
Failed to find javadoc for ptolemy.actor.lib.conversions.TokenToExpression} {
Failed to find source for ptolemy.actor.lib.conversions.TokenToExpression} {
Failed to find ptdoc for ptolemy.actor.lib.conversions.UnsignedByteArrayToString.  Try doing (cd /home/travis/build/icyphy/ptII/doc/test/../../doc; rm codeDoc/ptolemy/actor/lib/Ramp.xml codeDoc/ptolemy/actor/lib/RampIdx.xml; make docs)} {
Failed to find javadoc for ptolemy.actor.lib.conversions.UnsignedByteArrayToString} {
Failed to find source for ptolemy.actor.lib.conversions.UnsignedByteArrayToString} {
Failed to find ptdoc for ptolemy.actor.lib.Dictionary.  Try doing (cd /home/travis/build/icyphy/ptII/doc/test/../../doc; rm codeDoc/ptolemy/actor/lib/Ramp.xml codeDoc/ptolemy/actor/lib/RampIdx.xml; make docs)} {
Failed to find javadoc for ptolemy.actor.lib.Dictionary} {
Failed to find source for ptolemy.actor.lib.Dictionary} {
Failed to find ptdoc for ptolemy.actor.lib.CurrentDate.  Try doing (cd /home/travis/build/icyphy/ptII/doc/test/../../doc; rm codeDoc/ptolemy/actor/lib/Ramp.xml codeDoc/ptolemy/actor/lib/RampIdx.xml; make docs)} {
Failed to find javadoc for ptolemy.actor.lib.CurrentDate} {
Failed to find source for ptolemy.actor.lib.CurrentDate} {
Failed to find ptdoc for ptolemy.actor.lib.DateElements.  Try doing (cd /home/travis/build/icyphy/ptII/doc/test/../../doc; rm codeDoc/ptolemy/actor/lib/Ramp.xml codeDoc/ptolemy/actor/lib/RampIdx.xml; make docs)} {
Failed to find javadoc for ptolemy.actor.lib.DateElements} {
Failed to find source for ptolemy.actor.lib.DateElements} {
Failed to find ptdoc for ptolemy.actor.lib.DateConstructor.  Try doing (cd /home/travis/build/icyphy/ptII/doc/test/../../doc; rm codeDoc/ptolemy/actor/lib/Ramp.xml codeDoc/ptolemy/actor/lib/RampIdx.xml; make docs)} {
Failed to find javadoc for ptolemy.actor.lib.DateConstructor} {
Failed to find source for ptolemy.actor.lib.DateConstructor} {
Failed to find ptdoc for ptolemy.actor.lib.ModifyDate.  Try doing (cd /home/travis/build/icyphy/ptII/doc/test/../../doc; rm codeDoc/ptolemy/actor/lib/Ramp.xml codeDoc/ptolemy/actor/lib/RampIdx.xml; make docs)} {
Failed to find javadoc for ptolemy.actor.lib.ModifyDate} {
Failed to find source for ptolemy.actor.lib.ModifyDate} {
Failed to find ptdoc for ptolemy.actor.lib.conversions.StringToDate.  Try doing (cd /home/travis/build/icyphy/ptII/doc/test/../../doc; rm codeDoc/ptolemy/actor/lib/Ramp.xml codeDoc/ptolemy/actor/lib/RampIdx.xml; make docs)} {
Failed to find javadoc for ptolemy.actor.lib.conversions.StringToDate} {
Failed to find source for ptolemy.actor.lib.conversions.StringToDate} {
Failed to find ptdoc for ptolemy.actor.lib.BusAssembler.  Try doing (cd /home/travis/build/icyphy/ptII/doc/test/../../doc; rm codeDoc/ptolemy/actor/lib/Ramp.xml codeDoc/ptolemy/actor/lib/RampIdx.xml; make docs)} {
Failed to find javadoc for ptolemy.actor.lib.BusAssembler} {
Failed to find source for ptolemy.actor.lib.BusAssembler} {
Failed to find ptdoc for ptolemy.actor.lib.BusDisassembler.  Try doing (cd /home/travis/build/icyphy/ptII/doc/test/../../doc; rm codeDoc/ptolemy/actor/lib/Ramp.xml codeDoc/ptolemy/actor/lib/RampIdx.xml; make docs)} {
Failed to find javadoc for ptolemy.actor.lib.BusDisassembler} {
Failed to find source for ptolemy.actor.lib.BusDisassembler} {
Failed to find ptdoc for ptolemy.actor.lib.Commutator.  Try doing (cd /home/travis/build/icyphy/ptII/doc/test/../../doc; rm codeDoc/ptolemy/actor/lib/Ramp.xml codeDoc/ptolemy/actor/lib/RampIdx.xml; make docs)} {
Failed to find javadoc for ptolemy.actor.lib.Commutator} {
Failed to find source for ptolemy.actor.lib.Commutator} {
Failed to find ptdoc for ptolemy.actor.lib.Distributor.  Try doing (cd /home/travis/build/icyphy/ptII/doc/test/../../doc; rm codeDoc/ptolemy/actor/lib/Ramp.xml codeDoc/ptolemy/actor/lib/RampIdx.xml; make docs)} {
Failed to find javadoc for ptolemy.actor.lib.Distributor} {
Failed to find source for ptolemy.actor.lib.Distributor} {
Failed to find ptdoc for ptolemy.actor.lib.Multiplexor.  Try doing (cd /home/travis/build/icyphy/ptII/doc/test/../../doc; rm codeDoc/ptolemy/actor/lib/Ramp.xml codeDoc/ptolemy/actor/lib/RampIdx.xml; make docs)} {
Failed to find javadoc for ptolemy.actor.lib.Multiplexor} {
Failed to find source for ptolemy.actor.lib.Multiplexor} {
Failed to find ptdoc for ptolemy.actor.lib.OrderedRecordAssembler.  Try doing (cd /home/travis/build/icyphy/ptII/doc/test/../../doc; rm codeDoc/ptolemy/actor/lib/Ramp.xml codeDoc/ptolemy/actor/lib/RampIdx.xml; make docs)} {
Failed to find javadoc for ptolemy.actor.lib.OrderedRecordAssembler} {
Failed to find source for ptolemy.actor.lib.OrderedRecordAssembler} {
Failed to find ptdoc for ptolemy.actor.lib.RecordAssembler.  Try doing (cd /home/travis/build/icyphy/ptII/doc/test/../../doc; rm codeDoc/ptolemy/actor/lib/Ramp.xml codeDoc/ptolemy/actor/lib/RampIdx.xml; make docs)} {
Failed to find javadoc for ptolemy.actor.lib.RecordAssembler} {
Failed to find source for ptolemy.actor.lib.RecordAssembler} {
Failed to find ptdoc for ptolemy.actor.lib.RecordDisassembler.  Try doing (cd /home/travis/build/icyphy/ptII/doc/test/../../doc; rm codeDoc/ptolemy/actor/lib/Ramp.xml codeDoc/ptolemy/actor/lib/RampIdx.xml; make docs)} {
Failed to find javadoc for ptolemy.actor.lib.RecordDisassembler} {
Failed to find source for ptolemy.actor.lib.RecordDisassembler} {
Failed to find ptdoc for ptolemy.actor.lib.RecordUpdater.  Try doing (cd /home/travis/build/icyphy/ptII/doc/test/../../doc; rm codeDoc/ptolemy/actor/lib/Ramp.xml codeDoc/ptolemy/actor/lib/RampIdx.xml; make docs)} {
Failed to find javadoc for ptolemy.actor.lib.RecordUpdater} {
Failed to find source for ptolemy.actor.lib.RecordUpdater} {
Failed to find ptdoc for ptolemy.actor.lib.Sampler.  Try doing (cd /home/travis/build/icyphy/ptII/doc/test/../../doc; rm codeDoc/ptolemy/actor/lib/Ramp.xml codeDoc/ptolemy/actor/lib/RampIdx.xml; make docs)} {
Failed to find javadoc for ptolemy.actor.lib.Sampler} {
Failed to find source for ptolemy.actor.lib.Sampler} {
Failed to find ptdoc for ptolemy.actor.lib.Select.  Try doing (cd /home/travis/build/icyphy/ptII/doc/test/../../doc; rm codeDoc/ptolemy/actor/lib/Ramp.xml codeDoc/ptolemy/actor/lib/RampIdx.xml; make docs)} {
Failed to find javadoc for ptolemy.actor.lib.Select} {
Failed to find source for ptolemy.actor.lib.Select} {
Failed to find ptdoc for ptolemy.actor.lib.SingleTokenCommutator.  Try doing (cd /home/travis/build/icyphy/ptII/doc/test/../../doc; rm codeDoc/ptolemy/actor/lib/Ramp.xml codeDoc/ptolemy/actor/lib/RampIdx.xml; make docs)} {
Failed to find javadoc for ptolemy.actor.lib.SingleTokenCommutator} {
Failed to find source for ptolemy.actor.lib.SingleTokenCommutator} {
Failed to find ptdoc for ptolemy.actor.lib.Switch.  Try doing (cd /home/travis/build/icyphy/ptII/doc/test/../../doc; rm codeDoc/ptolemy/actor/lib/Ramp.xml codeDoc/ptolemy/actor/lib/RampIdx.xml; make docs)} {
Failed to find javadoc for ptolemy.actor.lib.Switch} {
Failed to find source for ptolemy.actor.lib.Switch} {
Failed to find ptdoc for ptolemy.actor.lib.Synchronizer.  Try doing (cd /home/travis/build/icyphy/ptII/doc/test/../../doc; rm codeDoc/ptolemy/actor/lib/Ramp.xml codeDoc/ptolemy/actor/lib/RampIdx.xml; make docs)} {
Failed to find javadoc for ptolemy.actor.lib.Synchronizer} {
Failed to find source for ptolemy.actor.lib.Synchronizer} {
Failed to find ptdoc for ptolemy.actor.lib.UnionDisassembler.  Try doing (cd /home/travis/build/icyphy/ptII/doc/test/../../doc; rm codeDoc/ptolemy/actor/lib/Ramp.xml codeDoc/ptolemy/actor/lib/RampIdx.xml; make docs)} {
Failed to find javadoc for ptolemy.actor.lib.UnionDisassembler} {
Failed to find source for ptolemy.actor.lib.UnionDisassembler} {
Failed to find ptdoc for ptolemy.actor.lib.UnionMerge.  Try doing (cd /home/travis/build/icyphy/ptII/doc/test/../../doc; rm codeDoc/ptolemy/actor/lib/Ramp.xml codeDoc/ptolemy/actor/lib/RampIdx.xml; make docs)} {
Failed to find javadoc for ptolemy.actor.lib.UnionMerge} {
Failed to find source for ptolemy.actor.lib.UnionMerge} {
Failed to find ptdoc for ptolemy.actor.lib.VectorAssembler.  Try doing (cd /home/travis/build/icyphy/ptII/doc/test/../../doc; rm codeDoc/ptolemy/actor/lib/Ramp.xml codeDoc/ptolemy/actor/lib/RampIdx.xml; make docs)} {
Failed to find javadoc for ptolemy.actor.lib.VectorAssembler} {
Failed to find source for ptolemy.actor.lib.VectorAssembler} {
Failed to find ptdoc for ptolemy.actor.lib.VectorDisassembler.  Try doing (cd /home/travis/build/icyphy/ptII/doc/test/../../doc; rm codeDoc/ptolemy/actor/lib/Ramp.xml codeDoc/ptolemy/actor/lib/RampIdx.xml; make docs)} {
Failed to find javadoc for ptolemy.actor.lib.VectorDisassembler} {
Failed to find source for ptolemy.actor.lib.VectorDisassembler} {
Failed to find ptdoc for ptolemy.actor.lib.BooleanMultiplexor.  Try doing (cd /home/travis/build/icyphy/ptII/doc/test/../../doc; rm codeDoc/ptolemy/actor/lib/Ramp.xml codeDoc/ptolemy/actor/lib/RampIdx.xml; make docs)} {
Failed to find javadoc for ptolemy.actor.lib.BooleanMultiplexor} {
Failed to find source for ptolemy.actor.lib.BooleanMultiplexor} {
Failed to find ptdoc for ptolemy.actor.lib.BooleanSelect.  Try doing (cd /home/travis/build/icyphy/ptII/doc/test/../../doc; rm codeDoc/ptolemy/actor/lib/Ramp.xml codeDoc/ptolemy/actor/lib/RampIdx.xml; make docs)} {
Failed to find javadoc for ptolemy.actor.lib.BooleanSelect} {
Failed to find source for ptolemy.actor.lib.BooleanSelect} {
Failed to find ptdoc for ptolemy.actor.lib.BooleanSwitch.  Try doing (cd /home/travis/build/icyphy/ptII/doc/test/../../doc; rm codeDoc/ptolemy/actor/lib/Ramp.xml codeDoc/ptolemy/actor/lib/RampIdx.xml; make docs)} {
Failed to find javadoc for ptolemy.actor.lib.BooleanSwitch} {
Failed to find source for ptolemy.actor.lib.BooleanSwitch} {
Failed to find ptdoc for ptolemy.actor.lib.ConfigurationSelect.  Try doing (cd /home/travis/build/icyphy/ptII/doc/test/../../doc; rm codeDoc/ptolemy/actor/lib/Ramp.xml codeDoc/ptolemy/actor/lib/RampIdx.xml; make docs)} {
Failed to find javadoc for ptolemy.actor.lib.ConfigurationSelect} {
Failed to find source for ptolemy.actor.lib.ConfigurationSelect} {
Failed to find ptdoc for ptolemy.actor.lib.ConfigurationSwitch.  Try doing (cd /home/travis/build/icyphy/ptII/doc/test/../../doc; rm codeDoc/ptolemy/actor/lib/Ramp.xml codeDoc/ptolemy/actor/lib/RampIdx.xml; make docs)} {
Failed to find javadoc for ptolemy.actor.lib.ConfigurationSwitch} {
Failed to find source for ptolemy.actor.lib.ConfigurationSwitch} {
Failed to find ptdoc for ptolemy.domains.sdf.lib.CountTrues.  Try doing (cd /home/travis/build/icyphy/ptII/doc/test/../../doc; rm codeDoc/ptolemy/actor/lib/Ramp.xml codeDoc/ptolemy/actor/lib/RampIdx.xml; make docs)} {
Failed to find javadoc for ptolemy.domains.sdf.lib.CountTrues} {
Failed to find source for ptolemy.domains.sdf.lib.CountTrues} {
Failed to find ptdoc for ptolemy.domains.sdf.lib.Chop.  Try doing (cd /home/travis/build/icyphy/ptII/doc/test/../../doc; rm codeDoc/ptolemy/actor/lib/Ramp.xml codeDoc/ptolemy/actor/lib/RampIdx.xml; make docs)} {
Failed to find javadoc for ptolemy.domains.sdf.lib.Chop} {
Failed to find source for ptolemy.domains.sdf.lib.Chop} {
Failed to find ptdoc for ptolemy.actor.lib.Default.  Try doing (cd /home/travis/build/icyphy/ptII/doc/test/../../doc; rm codeDoc/ptolemy/actor/lib/Ramp.xml codeDoc/ptolemy/actor/lib/RampIdx.xml; make docs)} {
Failed to find javadoc for ptolemy.actor.lib.Default} {
Failed to find source for ptolemy.actor.lib.Default} {
Failed to find ptdoc for ptolemy.domains.sdf.lib.Repeat.  Try doing (cd /home/travis/build/icyphy/ptII/doc/test/../../doc; rm codeDoc/ptolemy/actor/lib/Ramp.xml codeDoc/ptolemy/actor/lib/RampIdx.xml; make docs)} {
Failed to find javadoc for ptolemy.domains.sdf.lib.Repeat} {
Failed to find source for ptolemy.domains.sdf.lib.Repeat} {
Failed to find ptdoc for ptolemy.domains.sdf.lib.SampleDelay.  Try doing (cd /home/travis/build/icyphy/ptII/doc/test/../../doc; rm codeDoc/ptolemy/actor/lib/Ramp.xml codeDoc/ptolemy/actor/lib/RampIdx.xml; make docs)} {
Failed to find javadoc for ptolemy.domains.sdf.lib.SampleDelay} {
Failed to find source for ptolemy.domains.sdf.lib.SampleDelay} {
Failed to find ptdoc for ptolemy.actor.lib.Sequencer.  Try doing (cd /home/travis/build/icyphy/ptII/doc/test/../../doc; rm codeDoc/ptolemy/actor/lib/Ramp.xml codeDoc/ptolemy/actor/lib/RampIdx.xml; make docs)} {
Failed to find javadoc for ptolemy.actor.lib.Sequencer} {
Failed to find source for ptolemy.actor.lib.Sequencer} {
Failed to find ptdoc for ptolemy.actor.lib.Exit.  Try doing (cd /home/travis/build/icyphy/ptII/doc/test/../../doc; rm codeDoc/ptolemy/actor/lib/Ramp.xml codeDoc/ptolemy/actor/lib/RampIdx.xml; make docs)} {
Failed to find javadoc for ptolemy.actor.lib.Exit} {
Failed to find source for ptolemy.actor.lib.Exit} {
Failed to find ptdoc for ptolemy.actor.lib.Stop.  Try doing (cd /home/travis/build/icyphy/ptII/doc/test/../../doc; rm codeDoc/ptolemy/actor/lib/Ramp.xml codeDoc/ptolemy/actor/lib/RampIdx.xml; make docs)} {
Failed to find javadoc for ptolemy.actor.lib.Stop} {
Failed to find source for ptolemy.actor.lib.Stop} {
Failed to find ptdoc for ptolemy.actor.lib.Pause.  Try doing (cd /home/travis/build/icyphy/ptII/doc/test/../../doc; rm codeDoc/ptolemy/actor/lib/Ramp.xml codeDoc/ptolemy/actor/lib/RampIdx.xml; make docs)} {
Failed to find javadoc for ptolemy.actor.lib.Pause} {
Failed to find source for ptolemy.actor.lib.Pause} {
Failed to find ptdoc for ptolemy.actor.lib.ThrowException.  Try doing (cd /home/travis/build/icyphy/ptII/doc/test/../../doc; rm codeDoc/ptolemy/actor/lib/Ramp.xml codeDoc/ptolemy/actor/lib/RampIdx.xml; make docs)} {
Failed to find javadoc for ptolemy.actor.lib.ThrowException} {
Failed to find source for ptolemy.actor.lib.ThrowException} {
Failed to find ptdoc for ptolemy.actor.lib.ThrowModelError.  Try doing (cd /home/travis/build/icyphy/ptII/doc/test/../../doc; rm codeDoc/ptolemy/actor/lib/Ramp.xml codeDoc/ptolemy/actor/lib/RampIdx.xml; make docs)} {
Failed to find javadoc for ptolemy.actor.lib.ThrowModelError} {
Failed to find source for ptolemy.actor.lib.ThrowModelError} {
Failed to find ptdoc for ptolemy.actor.lib.gui.ArrowKeySensor.  Try doing (cd /home/travis/build/icyphy/ptII/doc/test/../../doc; rm codeDoc/ptolemy/actor/lib/Ramp.xml codeDoc/ptolemy/actor/lib/RampIdx.xml; make docs)} {
Failed to find javadoc for ptolemy.actor.lib.gui.ArrowKeySensor} {
Failed to find source for ptolemy.actor.lib.gui.ArrowKeySensor} {
Failed to find ptdoc for ptolemy.actor.lib.io.CSVReader.  Try doing (cd /home/travis/build/icyphy/ptII/doc/test/../../doc; rm codeDoc/ptolemy/actor/lib/Ramp.xml codeDoc/ptolemy/actor/lib/RampIdx.xml; make docs)} {
Failed to find javadoc for ptolemy.actor.lib.io.CSVReader} {
Failed to find source for ptolemy.actor.lib.io.CSVReader} {
Failed to find ptdoc for ptolemy.actor.lib.io.CSVWriter.  Try doing (cd /home/travis/build/icyphy/ptII/doc/test/../../doc; rm codeDoc/ptolemy/actor/lib/Ramp.xml codeDoc/ptolemy/actor/lib/RampIdx.xml; make docs)} {
Failed to find javadoc for ptolemy.actor.lib.io.CSVWriter} {
Failed to find source for ptolemy.actor.lib.io.CSVWriter} {
Failed to find ptdoc for ptolemy.actor.lib.net.DatagramReader.  Try doing (cd /home/travis/build/icyphy/ptII/doc/test/../../doc; rm codeDoc/ptolemy/actor/lib/Ramp.xml codeDoc/ptolemy/actor/lib/RampIdx.xml; make docs)} {
Failed to find javadoc for ptolemy.actor.lib.net.DatagramReader} {
Failed to find source for ptolemy.actor.lib.net.DatagramReader} {
Failed to find ptdoc for ptolemy.actor.lib.net.DatagramWriter.  Try doing (cd /home/travis/build/icyphy/ptII/doc/test/../../doc; rm codeDoc/ptolemy/actor/lib/Ramp.xml codeDoc/ptolemy/actor/lib/RampIdx.xml; make docs)} {
Failed to find javadoc for ptolemy.actor.lib.net.DatagramWriter} {
Failed to find source for ptolemy.actor.lib.net.DatagramWriter} {
Failed to find ptdoc for ptolemy.actor.lib.io.DirectoryListing.  Try doing (cd /home/travis/build/icyphy/ptII/doc/test/../../doc; rm codeDoc/ptolemy/actor/lib/Ramp.xml codeDoc/ptolemy/actor/lib/RampIdx.xml; make docs)} {
Failed to find javadoc for ptolemy.actor.lib.io.DirectoryListing} {
Failed to find source for ptolemy.actor.lib.io.DirectoryListing} {
Failed to find ptdoc for ptolemy.actor.lib.io.FileReader.  Try doing (cd /home/travis/build/icyphy/ptII/doc/test/../../doc; rm codeDoc/ptolemy/actor/lib/Ramp.xml codeDoc/ptolemy/actor/lib/RampIdx.xml; make docs)} {
Failed to find javadoc for ptolemy.actor.lib.io.FileReader} {
Failed to find source for ptolemy.actor.lib.io.FileReader} {
Failed to find ptdoc for ptolemy.actor.lib.net.IPAddress.  Try doing (cd /home/travis/build/icyphy/ptII/doc/test/../../doc; rm codeDoc/ptolemy/actor/lib/Ramp.xml codeDoc/ptolemy/actor/lib/RampIdx.xml; make docs)} {
Failed to find javadoc for ptolemy.actor.lib.net.IPAddress} {
Failed to find source for ptolemy.actor.lib.net.IPAddress} {
Failed to find ptdoc for ptolemy.actor.lib.FileWriter.  Try doing (cd /home/travis/build/icyphy/ptII/doc/test/../../doc; rm codeDoc/ptolemy/actor/lib/Ramp.xml codeDoc/ptolemy/actor/lib/RampIdx.xml; make docs)} {
Failed to find javadoc for ptolemy.actor.lib.FileWriter} {
Failed to find source for ptolemy.actor.lib.FileWriter} {
Failed to find ptdoc for ptolemy.actor.lib.io.LineReader.  Try doing (cd /home/travis/build/icyphy/ptII/doc/test/../../doc; rm codeDoc/ptolemy/actor/lib/Ramp.xml codeDoc/ptolemy/actor/lib/RampIdx.xml; make docs)} {
Failed to find javadoc for ptolemy.actor.lib.io.LineReader} {
Failed to find source for ptolemy.actor.lib.io.LineReader} {
Failed to find ptdoc for ptolemy.actor.lib.io.LineWriter.  Try doing (cd /home/travis/build/icyphy/ptII/doc/test/../../doc; rm codeDoc/ptolemy/actor/lib/Ramp.xml codeDoc/ptolemy/actor/lib/RampIdx.xml; make docs)} {
Failed to find javadoc for ptolemy.actor.lib.io.LineWriter} {
Failed to find source for ptolemy.actor.lib.io.LineWriter} {
Failed to find ptdoc for ptolemy.actor.lib.jjs.JavaScript.  Try doing (cd /home/travis/build/icyphy/ptII/doc/test/../../doc; rm codeDoc/ptolemy/actor/lib/Ramp.xml codeDoc/ptolemy/actor/lib/RampIdx.xml; make docs)} {
Failed to find javadoc for ptolemy.actor.lib.jjs.JavaScript} {
Failed to find source for ptolemy.actor.lib.jjs.JavaScript} {
Failed to find ptdoc for ptolemy.actor.lib.logic.Comparator.  Try doing (cd /home/travis/build/icyphy/ptII/doc/test/../../doc; rm codeDoc/ptolemy/actor/lib/Ramp.xml codeDoc/ptolemy/actor/lib/RampIdx.xml; make docs)} {
Failed to find javadoc for ptolemy.actor.lib.logic.Comparator} {
Failed to find source for ptolemy.actor.lib.logic.Comparator} {
Failed to find ptdoc for ptolemy.actor.lib.logic.Equals.  Try doing (cd /home/travis/build/icyphy/ptII/doc/test/../../doc; rm codeDoc/ptolemy/actor/lib/Ramp.xml codeDoc/ptolemy/actor/lib/RampIdx.xml; make docs)} {
Failed to find javadoc for ptolemy.actor.lib.logic.Equals} {
Failed to find source for ptolemy.actor.lib.logic.Equals} {
Failed to find ptdoc for ptolemy.actor.lib.logic.IsPresent.  Try doing (cd /home/travis/build/icyphy/ptII/doc/test/../../doc; rm codeDoc/ptolemy/actor/lib/Ramp.xml codeDoc/ptolemy/actor/lib/RampIdx.xml; make docs)} {
Failed to find javadoc for ptolemy.actor.lib.logic.IsPresent} {
Failed to find source for ptolemy.actor.lib.logic.IsPresent} {
Failed to find ptdoc for ptolemy.actor.lib.logic.LogicalNot.  Try doing (cd /home/travis/build/icyphy/ptII/doc/test/../../doc; rm codeDoc/ptolemy/actor/lib/Ramp.xml codeDoc/ptolemy/actor/lib/RampIdx.xml; make docs)} {
Failed to find javadoc for ptolemy.actor.lib.logic.LogicalNot} {
Failed to find source for ptolemy.actor.lib.logic.LogicalNot} {
Failed to find ptdoc for ptolemy.actor.lib.logic.LogicGate.  Try doing (cd /home/travis/build/icyphy/ptII/doc/test/../../doc; rm codeDoc/ptolemy/actor/lib/Ramp.xml codeDoc/ptolemy/actor/lib/RampIdx.xml; make docs)} {
Failed to find javadoc for ptolemy.actor.lib.logic.LogicGate} {
Failed to find source for ptolemy.actor.lib.logic.LogicGate} {
Failed to find ptdoc for ptolemy.actor.lib.logic.TrueGate.  Try doing (cd /home/travis/build/icyphy/ptII/doc/test/../../doc; rm codeDoc/ptolemy/actor/lib/Ramp.xml codeDoc/ptolemy/actor/lib/RampIdx.xml; make docs)} {
Failed to find javadoc for ptolemy.actor.lib.logic.TrueGate} {
Failed to find source for ptolemy.actor.lib.logic.TrueGate} {
Failed to find ptdoc for ptolemy.actor.lib.AbsoluteValue.  Try doing (cd /home/travis/build/icyphy/ptII/doc/test/../../doc; rm codeDoc/ptolemy/actor/lib/Ramp.xml codeDoc/ptolemy/actor/lib/RampIdx.xml; make docs)} {
Failed to find javadoc for ptolemy.actor.lib.AbsoluteValue} {
Failed to find source for ptolemy.actor.lib.AbsoluteValue} {
Failed to find ptdoc for ptolemy.actor.lib.AddSubtract.  Try doing (cd /home/travis/build/icyphy/ptII/doc/test/../../doc; rm codeDoc/ptolemy/actor/lib/Ramp.xml codeDoc/ptolemy/actor/lib/RampIdx.xml; make docs)} {
Failed to find javadoc for ptolemy.actor.lib.AddSubtract} {
Failed to find source for ptolemy.actor.lib.AddSubtract} {
Failed to find ptdoc for ptolemy.actor.lib.Accumulator.  Try doing (cd /home/travis/build/icyphy/ptII/doc/test/../../doc; rm codeDoc/ptolemy/actor/lib/Ramp.xml codeDoc/ptolemy/actor/lib/RampIdx.xml; make docs)} {
Failed to find javadoc for ptolemy.actor.lib.Accumulator} {
Failed to find source for ptolemy.actor.lib.Accumulator} {
Failed to find ptdoc for ptolemy.actor.lib.Average.  Try doing (cd /home/travis/build/icyphy/ptII/doc/test/../../doc; rm codeDoc/ptolemy/actor/lib/Ramp.xml codeDoc/ptolemy/actor/lib/RampIdx.xml; make docs)} {
Failed to find javadoc for ptolemy.actor.lib.Average} {
Failed to find source for ptolemy.actor.lib.Average} {
Failed to find ptdoc for ptolemy.actor.lib.Counter.  Try doing (cd /home/travis/build/icyphy/ptII/doc/test/../../doc; rm codeDoc/ptolemy/actor/lib/Ramp.xml codeDoc/ptolemy/actor/lib/RampIdx.xml; make docs)} {
Failed to find javadoc for ptolemy.actor.lib.Counter} {
Failed to find source for ptolemy.actor.lib.Counter} {
Failed to find ptdoc for ptolemy.actor.lib.Differential.  Try doing (cd /home/travis/build/icyphy/ptII/doc/test/../../doc; rm codeDoc/ptolemy/actor/lib/Ramp.xml codeDoc/ptolemy/actor/lib/RampIdx.xml; make docs)} {
Failed to find javadoc for ptolemy.actor.lib.Differential} {
Failed to find source for ptolemy.actor.lib.Differential} {
Failed to find ptdoc for ptolemy.domains.sdf.lib.DotProduct.  Try doing (cd /home/travis/build/icyphy/ptII/doc/test/../../doc; rm codeDoc/ptolemy/actor/lib/Ramp.xml codeDoc/ptolemy/actor/lib/RampIdx.xml; make docs)} {
Failed to find javadoc for ptolemy.domains.sdf.lib.DotProduct} {
Failed to find source for ptolemy.domains.sdf.lib.DotProduct} {
Failed to find ptdoc for ptolemy.actor.lib.Expression.  Try doing (cd /home/travis/build/icyphy/ptII/doc/test/../../doc; rm codeDoc/ptolemy/actor/lib/Ramp.xml codeDoc/ptolemy/actor/lib/RampIdx.xml; make docs)} {
Failed to find javadoc for ptolemy.actor.lib.Expression} {
Failed to find source for ptolemy.actor.lib.Expression} {
Failed to find ptdoc for ptolemy.actor.lib.Limiter.  Try doing (cd /home/travis/build/icyphy/ptII/doc/test/../../doc; rm codeDoc/ptolemy/actor/lib/Ramp.xml codeDoc/ptolemy/actor/lib/RampIdx.xml; make docs)} {
Failed to find javadoc for ptolemy.actor.lib.Limiter} {
Failed to find source for ptolemy.actor.lib.Limiter} {
Failed to find ptdoc for ptolemy.actor.lib.LookupTable.  Try doing (cd /home/travis/build/icyphy/ptII/doc/test/../../doc; rm codeDoc/ptolemy/actor/lib/Ramp.xml codeDoc/ptolemy/actor/lib/RampIdx.xml; make docs)} {
Failed to find javadoc for ptolemy.actor.lib.LookupTable} {
Failed to find source for ptolemy.actor.lib.LookupTable} {
Failed to find ptdoc for ptolemy.actor.lib.Maximum.  Try doing (cd /home/travis/build/icyphy/ptII/doc/test/../../doc; rm codeDoc/ptolemy/actor/lib/Ramp.xml codeDoc/ptolemy/actor/lib/RampIdx.xml; make docs)} {
Failed to find javadoc for ptolemy.actor.lib.Maximum} {
Failed to find source for ptolemy.actor.lib.Maximum} {
Failed to find ptdoc for ptolemy.actor.lib.Minimum.  Try doing (cd /home/travis/build/icyphy/ptII/doc/test/../../doc; rm codeDoc/ptolemy/actor/lib/Ramp.xml codeDoc/ptolemy/actor/lib/RampIdx.xml; make docs)} {
Failed to find javadoc for ptolemy.actor.lib.Minimum} {
Failed to find source for ptolemy.actor.lib.Minimum} {
Failed to find ptdoc for ptolemy.actor.lib.MovingAverage.  Try doing (cd /home/travis/build/icyphy/ptII/doc/test/../../doc; rm codeDoc/ptolemy/actor/lib/Ramp.xml codeDoc/ptolemy/actor/lib/RampIdx.xml; make docs)} {
Failed to find javadoc for ptolemy.actor.lib.MovingAverage} {
Failed to find source for ptolemy.actor.lib.MovingAverage} {
Failed to find ptdoc for ptolemy.actor.lib.MultiplyDivide.  Try doing (cd /home/travis/build/icyphy/ptII/doc/test/../../doc; rm codeDoc/ptolemy/actor/lib/Ramp.xml codeDoc/ptolemy/actor/lib/RampIdx.xml; make docs)} {
Failed to find javadoc for ptolemy.actor.lib.MultiplyDivide} {
Failed to find source for ptolemy.actor.lib.MultiplyDivide} {
Failed to find ptdoc for ptolemy.actor.lib.Quantizer.  Try doing (cd /home/travis/build/icyphy/ptII/doc/test/../../doc; rm codeDoc/ptolemy/actor/lib/Ramp.xml codeDoc/ptolemy/actor/lib/RampIdx.xml; make docs)} {
Failed to find javadoc for ptolemy.actor.lib.Quantizer} {
Failed to find source for ptolemy.actor.lib.Quantizer} {
Failed to find ptdoc for ptolemy.actor.lib.Remainder.  Try doing (cd /home/travis/build/icyphy/ptII/doc/test/../../doc; rm codeDoc/ptolemy/actor/lib/Ramp.xml codeDoc/ptolemy/actor/lib/RampIdx.xml; make docs)} {
Failed to find javadoc for ptolemy.actor.lib.Remainder} {
Failed to find source for ptolemy.actor.lib.Remainder} {
Failed to find ptdoc for ptolemy.actor.lib.RunningMaximum.  Try doing (cd /home/travis/build/icyphy/ptII/doc/test/../../doc; rm codeDoc/ptolemy/actor/lib/Ramp.xml codeDoc/ptolemy/actor/lib/RampIdx.xml; make docs)} {
Failed to find javadoc for ptolemy.actor.lib.RunningMaximum} {
Failed to find source for ptolemy.actor.lib.RunningMaximum} {
Failed to find ptdoc for ptolemy.actor.lib.RunningMinimum.  Try doing (cd /home/travis/build/icyphy/ptII/doc/test/../../doc; rm codeDoc/ptolemy/actor/lib/Ramp.xml codeDoc/ptolemy/actor/lib/RampIdx.xml; make docs)} {
Failed to find javadoc for ptolemy.actor.lib.RunningMinimum} {
Failed to find source for ptolemy.actor.lib.RunningMinimum} {
Failed to find ptdoc for ptolemy.actor.lib.Scale.  Try doing (cd /home/travis/build/icyphy/ptII/doc/test/../../doc; rm codeDoc/ptolemy/actor/lib/Ramp.xml codeDoc/ptolemy/actor/lib/RampIdx.xml; make docs)} {
Failed to find javadoc for ptolemy.actor.lib.Scale} {
Failed to find source for ptolemy.actor.lib.Scale} {
Failed to find ptdoc for ptolemy.actor.lib.TrigFunction.  Try doing (cd /home/travis/build/icyphy/ptII/doc/test/../../doc; rm codeDoc/ptolemy/actor/lib/Ramp.xml codeDoc/ptolemy/actor/lib/RampIdx.xml; make docs)} {
Failed to find javadoc for ptolemy.actor.lib.TrigFunction} {
Failed to find source for ptolemy.actor.lib.TrigFunction} {
Failed to find ptdoc for ptolemy.actor.lib.UnaryMathFunction.  Try doing (cd /home/travis/build/icyphy/ptII/doc/test/../../doc; rm codeDoc/ptolemy/actor/lib/Ramp.xml codeDoc/ptolemy/actor/lib/RampIdx.xml; make docs)} {
Failed to find javadoc for ptolemy.actor.lib.UnaryMathFunction} {
Failed to find source for ptolemy.actor.lib.UnaryMathFunction} {
Failed to find ptdoc for ptolemy.actor.lib.ArrayToMatrix.  Try doing (cd /home/travis/build/icyphy/ptII/doc/test/../../doc; rm codeDoc/ptolemy/actor/lib/Ramp.xml codeDoc/ptolemy/actor/lib/RampIdx.xml; make docs)} {
Failed to find javadoc for ptolemy.actor.lib.ArrayToMatrix} {
Failed to find source for ptolemy.actor.lib.ArrayToMatrix} {
Failed to find ptdoc for ptolemy.domains.sdf.lib.MatrixJoin.  Try doing (cd /home/travis/build/icyphy/ptII/doc/test/../../doc; rm codeDoc/ptolemy/actor/lib/Ramp.xml codeDoc/ptolemy/actor/lib/RampIdx.xml; make docs)} {
Failed to find javadoc for ptolemy.domains.sdf.lib.MatrixJoin} {
Failed to find source for ptolemy.domains.sdf.lib.MatrixJoin} {
Failed to find ptdoc for ptolemy.domains.sdf.lib.MatrixSplit.  Try doing (cd /home/travis/build/icyphy/ptII/doc/test/../../doc; rm codeDoc/ptolemy/actor/lib/Ramp.xml codeDoc/ptolemy/actor/lib/RampIdx.xml; make docs)} {
Failed to find javadoc for ptolemy.domains.sdf.lib.MatrixSplit} {
Failed to find source for ptolemy.domains.sdf.lib.MatrixSplit} {
Failed to find ptdoc for ptolemy.actor.lib.MatrixToArray.  Try doing (cd /home/travis/build/icyphy/ptII/doc/test/../../doc; rm codeDoc/ptolemy/actor/lib/Ramp.xml codeDoc/ptolemy/actor/lib/RampIdx.xml; make docs)} {
Failed to find javadoc for ptolemy.actor.lib.MatrixToArray} {
Failed to find source for ptolemy.actor.lib.MatrixToArray} {
Failed to find ptdoc for ptolemy.domains.sdf.lib.MatrixToSequence.  Try doing (cd /home/travis/build/icyphy/ptII/doc/test/../../doc; rm codeDoc/ptolemy/actor/lib/Ramp.xml codeDoc/ptolemy/actor/lib/RampIdx.xml; make docs)} {
Failed to find javadoc for ptolemy.domains.sdf.lib.MatrixToSequence} {
Failed to find source for ptolemy.domains.sdf.lib.MatrixToSequence} {
Failed to find ptdoc for ptolemy.actor.lib.gui.MatrixViewer.  Try doing (cd /home/travis/build/icyphy/ptII/doc/test/../../doc; rm codeDoc/ptolemy/actor/lib/Ramp.xml codeDoc/ptolemy/actor/lib/RampIdx.xml; make docs)} {
Failed to find javadoc for ptolemy.actor.lib.gui.MatrixViewer} {
Failed to find source for ptolemy.actor.lib.gui.MatrixViewer} {
Failed to find ptdoc for ptolemy.domains.sdf.lib.SequenceToMatrix.  Try doing (cd /home/travis/build/icyphy/ptII/doc/test/../../doc; rm codeDoc/ptolemy/actor/lib/Ramp.xml codeDoc/ptolemy/actor/lib/RampIdx.xml; make docs)} {
Failed to find javadoc for ptolemy.domains.sdf.lib.SequenceToMatrix} {
Failed to find source for ptolemy.domains.sdf.lib.SequenceToMatrix} {
Failed to find ptdoc for ptolemy.actor.lib.SubMatrix.  Try doing (cd /home/travis/build/icyphy/ptII/doc/test/../../doc; rm codeDoc/ptolemy/actor/lib/Ramp.xml codeDoc/ptolemy/actor/lib/RampIdx.xml; make docs)} {
Failed to find javadoc for ptolemy.actor.lib.SubMatrix} {
Failed to find source for ptolemy.actor.lib.SubMatrix} {
Failed to find ptdoc for ptolemy.actor.lib.Bernoulli.  Try doing (cd /home/travis/build/icyphy/ptII/doc/test/../../doc; rm codeDoc/ptolemy/actor/lib/Ramp.xml codeDoc/ptolemy/actor/lib/RampIdx.xml; make docs)} {
Failed to find javadoc for ptolemy.actor.lib.Bernoulli} {
Failed to find source for ptolemy.actor.lib.Bernoulli} {
Failed to find ptdoc for ptolemy.actor.lib.DiscreteRandomSource.  Try doing (cd /home/travis/build/icyphy/ptII/doc/test/../../doc; rm codeDoc/ptolemy/actor/lib/Ramp.xml codeDoc/ptolemy/actor/lib/RampIdx.xml; make docs)} {
Failed to find javadoc for ptolemy.actor.lib.DiscreteRandomSource} {
Failed to find source for ptolemy.actor.lib.DiscreteRandomSource} {
Failed to find ptdoc for ptolemy.actor.lib.Gaussian.  Try doing (cd /home/travis/build/icyphy/ptII/doc/test/../../doc; rm codeDoc/ptolemy/actor/lib/Ramp.xml codeDoc/ptolemy/actor/lib/RampIdx.xml; make docs)} {
Failed to find javadoc for ptolemy.actor.lib.Gaussian} {
Failed to find source for ptolemy.actor.lib.Gaussian} {
Failed to find ptdoc for ptolemy.actor.lib.RandomInteger.  Try doing (cd /home/travis/build/icyphy/ptII/doc/test/../../doc; rm codeDoc/ptolemy/actor/lib/Ramp.xml codeDoc/ptolemy/actor/lib/RampIdx.xml; make docs)} {
Failed to find javadoc for ptolemy.actor.lib.RandomInteger} {
Failed to find source for ptolemy.actor.lib.RandomInteger} {
Failed to find ptdoc for ptolemy.actor.lib.Rician.  Try doing (cd /home/travis/build/icyphy/ptII/doc/test/../../doc; rm codeDoc/ptolemy/actor/lib/Ramp.xml codeDoc/ptolemy/actor/lib/RampIdx.xml; make docs)} {
Failed to find javadoc for ptolemy.actor.lib.Rician} {
Failed to find source for ptolemy.actor.lib.Rician} {
Failed to find ptdoc for ptolemy.actor.lib.Triangular.  Try doing (cd /home/travis/build/icyphy/ptII/doc/test/../../doc; rm codeDoc/ptolemy/actor/lib/Ramp.xml codeDoc/ptolemy/actor/lib/RampIdx.xml; make docs)} {
Failed to find javadoc for ptolemy.actor.lib.Triangular} {
Failed to find source for ptolemy.actor.lib.Triangular} {
Failed to find ptdoc for ptolemy.actor.lib.Uniform.  Try doing (cd /home/travis/build/icyphy/ptII/doc/test/../../doc; rm codeDoc/ptolemy/actor/lib/Ramp.xml codeDoc/ptolemy/actor/lib/RampIdx.xml; make docs)} {
Failed to find javadoc for ptolemy.actor.lib.Uniform} {
Failed to find source for ptolemy.actor.lib.Uniform} {
Failed to find ptdoc for ptolemy.actor.lib.colt.ColtBeta.  Try doing (cd /home/travis/build/icyphy/ptII/doc/test/../../doc; rm codeDoc/ptolemy/actor/lib/Ramp.xml codeDoc/ptolemy/actor/lib/RampIdx.xml; make docs)} {
Failed to find javadoc for ptolemy.actor.lib.colt.ColtBeta} {
Failed to find source for ptolemy.actor.lib.colt.ColtBeta} {
Failed to find ptdoc for ptolemy.actor.lib.colt.ColtBinomial.  Try doing (cd /home/travis/build/icyphy/ptII/doc/test/../../doc; rm codeDoc/ptolemy/actor/lib/Ramp.xml codeDoc/ptolemy/actor/lib/RampIdx.xml; make docs)} {
Failed to find javadoc for ptolemy.actor.lib.colt.ColtBinomial} {
Failed to find source for ptolemy.actor.lib.colt.ColtBinomial} {
Failed to find ptdoc for ptolemy.actor.lib.colt.ColtBinomialSelector.  Try doing (cd /home/travis/build/icyphy/ptII/doc/test/../../doc; rm codeDoc/ptolemy/actor/lib/Ramp.xml codeDoc/ptolemy/actor/lib/RampIdx.xml; make docs)} {
Failed to find javadoc for ptolemy.actor.lib.colt.ColtBinomialSelector} {
Failed to find source for ptolemy.actor.lib.colt.ColtBinomialSelector} {
Failed to find ptdoc for ptolemy.actor.lib.colt.ColtBreitWigner.  Try doing (cd /home/travis/build/icyphy/ptII/doc/test/../../doc; rm codeDoc/ptolemy/actor/lib/Ramp.xml codeDoc/ptolemy/actor/lib/RampIdx.xml; make docs)} {
Failed to find javadoc for ptolemy.actor.lib.colt.ColtBreitWigner} {
Failed to find source for ptolemy.actor.lib.colt.ColtBreitWigner} {
Failed to find ptdoc for ptolemy.actor.lib.colt.ColtChiSquare.  Try doing (cd /home/travis/build/icyphy/ptII/doc/test/../../doc; rm codeDoc/ptolemy/actor/lib/Ramp.xml codeDoc/ptolemy/actor/lib/RampIdx.xml; make docs)} {
Failed to find javadoc for ptolemy.actor.lib.colt.ColtChiSquare} {
Failed to find source for ptolemy.actor.lib.colt.ColtChiSquare} {
Failed to find ptdoc for ptolemy.actor.lib.colt.ColtExponential.  Try doing (cd /home/travis/build/icyphy/ptII/doc/test/../../doc; rm codeDoc/ptolemy/actor/lib/Ramp.xml codeDoc/ptolemy/actor/lib/RampIdx.xml; make docs)} {
Failed to find javadoc for ptolemy.actor.lib.colt.ColtExponential} {
Failed to find source for ptolemy.actor.lib.colt.ColtExponential} {
Failed to find ptdoc for ptolemy.actor.lib.colt.ColtExponentialPower.  Try doing (cd /home/travis/build/icyphy/ptII/doc/test/../../doc; rm codeDoc/ptolemy/actor/lib/Ramp.xml codeDoc/ptolemy/actor/lib/RampIdx.xml; make docs)} {
Failed to find javadoc for ptolemy.actor.lib.colt.ColtExponentialPower} {
Failed to find source for ptolemy.actor.lib.colt.ColtExponentialPower} {
Failed to find ptdoc for ptolemy.actor.lib.colt.ColtGamma.  Try doing (cd /home/travis/build/icyphy/ptII/doc/test/../../doc; rm codeDoc/ptolemy/actor/lib/Ramp.xml codeDoc/ptolemy/actor/lib/RampIdx.xml; make docs)} {
Failed to find javadoc for ptolemy.actor.lib.colt.ColtGamma} {
Failed to find source for ptolemy.actor.lib.colt.ColtGamma} {
Failed to find ptdoc for ptolemy.actor.lib.colt.ColtHyperGeometric.  Try doing (cd /home/travis/build/icyphy/ptII/doc/test/../../doc; rm codeDoc/ptolemy/actor/lib/Ramp.xml codeDoc/ptolemy/actor/lib/RampIdx.xml; make docs)} {
Failed to find javadoc for ptolemy.actor.lib.colt.ColtHyperGeometric} {
Failed to find source for ptolemy.actor.lib.colt.ColtHyperGeometric} {
Failed to find ptdoc for ptolemy.actor.lib.colt.ColtLogarithmic.  Try doing (cd /home/travis/build/icyphy/ptII/doc/test/../../doc; rm codeDoc/ptolemy/actor/lib/Ramp.xml codeDoc/ptolemy/actor/lib/RampIdx.xml; make docs)} {
Failed to find javadoc for ptolemy.actor.lib.colt.ColtLogarithmic} {
Failed to find source for ptolemy.actor.lib.colt.ColtLogarithmic} {
Failed to find ptdoc for ptolemy.actor.lib.colt.ColtNegativeBinomial.  Try doing (cd /home/travis/build/icyphy/ptII/doc/test/../../doc; rm codeDoc/ptolemy/actor/lib/Ramp.xml codeDoc/ptolemy/actor/lib/RampIdx.xml; make docs)} {
Failed to find javadoc for ptolemy.actor.lib.colt.ColtNegativeBinomial} {
Failed to find source for ptolemy.actor.lib.colt.ColtNegativeBinomial} {
Failed to find ptdoc for ptolemy.actor.lib.colt.ColtNormal.  Try doing (cd /home/travis/build/icyphy/ptII/doc/test/../../doc; rm codeDoc/ptolemy/actor/lib/Ramp.xml codeDoc/ptolemy/actor/lib/RampIdx.xml; make docs)} {
Failed to find javadoc for ptolemy.actor.lib.colt.ColtNormal} {
Failed to find source for ptolemy.actor.lib.colt.ColtNormal} {
Failed to find ptdoc for ptolemy.actor.lib.colt.ColtPoisson.  Try doing (cd /home/travis/build/icyphy/ptII/doc/test/../../doc; rm codeDoc/ptolemy/actor/lib/Ramp.xml codeDoc/ptolemy/actor/lib/RampIdx.xml; make docs)} {
Failed to find javadoc for ptolemy.actor.lib.colt.ColtPoisson} {
Failed to find source for ptolemy.actor.lib.colt.ColtPoisson} {
Failed to find ptdoc for ptolemy.actor.lib.colt.ColtPoissonSlow.  Try doing (cd /home/travis/build/icyphy/ptII/doc/test/../../doc; rm codeDoc/ptolemy/actor/lib/Ramp.xml codeDoc/ptolemy/actor/lib/RampIdx.xml; make docs)} {
Failed to find javadoc for ptolemy.actor.lib.colt.ColtPoissonSlow} {
Failed to find source for ptolemy.actor.lib.colt.ColtPoissonSlow} {
Failed to find ptdoc for ptolemy.actor.lib.colt.ColtStudentT.  Try doing (cd /home/travis/build/icyphy/ptII/doc/test/../../doc; rm codeDoc/ptolemy/actor/lib/Ramp.xml codeDoc/ptolemy/actor/lib/RampIdx.xml; make docs)} {
Failed to find javadoc for ptolemy.actor.lib.colt.ColtStudentT} {
Failed to find source for ptolemy.actor.lib.colt.ColtStudentT} {
Failed to find ptdoc for ptolemy.actor.lib.colt.ColtVonMises.  Try doing (cd /home/travis/build/icyphy/ptII/doc/test/../../doc; rm codeDoc/ptolemy/actor/lib/Ramp.xml codeDoc/ptolemy/actor/lib/RampIdx.xml; make docs)} {
Failed to find javadoc for ptolemy.actor.lib.colt.ColtVonMises} {
Failed to find source for ptolemy.actor.lib.colt.ColtVonMises} {
Failed to find ptdoc for ptolemy.actor.lib.colt.ColtZeta.  Try doing (cd /home/travis/build/icyphy/ptII/doc/test/../../doc; rm codeDoc/ptolemy/actor/lib/Ramp.xml codeDoc/ptolemy/actor/lib/RampIdx.xml; make docs)} {
Failed to find javadoc for ptolemy.actor.lib.colt.ColtZeta} {
Failed to find source for ptolemy.actor.lib.colt.ColtZeta} {
Failed to find ptdoc for ptolemy.actor.lib.DelayStart.  Try doing (cd /home/travis/build/icyphy/ptII/doc/test/../../doc; rm codeDoc/ptolemy/actor/lib/Ramp.xml codeDoc/ptolemy/actor/lib/RampIdx.xml; make docs)} {
Failed to find javadoc for ptolemy.actor.lib.DelayStart} {
Failed to find source for ptolemy.actor.lib.DelayStart} {
Failed to find ptdoc for ptolemy.actor.lib.ExecutionTime.  Try doing (cd /home/travis/build/icyphy/ptII/doc/test/../../doc; rm codeDoc/ptolemy/actor/lib/Ramp.xml codeDoc/ptolemy/actor/lib/RampIdx.xml; make docs)} {
Failed to find javadoc for ptolemy.actor.lib.ExecutionTime} {
Failed to find source for ptolemy.actor.lib.ExecutionTime} {
Failed to find ptdoc for ptolemy.actor.lib.gui.RealTimePlotter.  Try doing (cd /home/travis/build/icyphy/ptII/doc/test/../../doc; rm codeDoc/ptolemy/actor/lib/Ramp.xml codeDoc/ptolemy/actor/lib/RampIdx.xml; make docs)} {
Failed to find javadoc for ptolemy.actor.lib.gui.RealTimePlotter} {
Failed to find source for ptolemy.actor.lib.gui.RealTimePlotter} {
Failed to find ptdoc for ptolemy.actor.lib.Sleep.  Try doing (cd /home/travis/build/icyphy/ptII/doc/test/../../doc; rm codeDoc/ptolemy/actor/lib/Ramp.xml codeDoc/ptolemy/actor/lib/RampIdx.xml; make docs)} {
Failed to find javadoc for ptolemy.actor.lib.Sleep} {
Failed to find source for ptolemy.actor.lib.Sleep} {
Failed to find ptdoc for ptolemy.actor.lib.VariableSleep.  Try doing (cd /home/travis/build/icyphy/ptII/doc/test/../../doc; rm codeDoc/ptolemy/actor/lib/Ramp.xml codeDoc/ptolemy/actor/lib/RampIdx.xml; make docs)} {
Failed to find javadoc for ptolemy.actor.lib.VariableSleep} {
Failed to find source for ptolemy.actor.lib.VariableSleep} {
Failed to find ptdoc for ptolemy.actor.lib.WallClockTime.  Try doing (cd /home/travis/build/icyphy/ptII/doc/test/../../doc; rm codeDoc/ptolemy/actor/lib/Ramp.xml codeDoc/ptolemy/actor/lib/RampIdx.xml; make docs)} {
Failed to find javadoc for ptolemy.actor.lib.WallClockTime} {
Failed to find source for ptolemy.actor.lib.WallClockTime} {
Failed to find ptdoc for ptolemy.actor.lib.GetCausalityInterface.  Try doing (cd /home/travis/build/icyphy/ptII/doc/test/../../doc; rm codeDoc/ptolemy/actor/lib/Ramp.xml codeDoc/ptolemy/actor/lib/RampIdx.xml; make docs)} {
Failed to find javadoc for ptolemy.actor.lib.GetCausalityInterface} {
Failed to find source for ptolemy.actor.lib.GetCausalityInterface} {
Failed to find ptdoc for ptolemy.actor.lib.CurrentMicrostep.  Try doing (cd /home/travis/build/icyphy/ptII/doc/test/../../doc; rm codeDoc/ptolemy/actor/lib/Ramp.xml codeDoc/ptolemy/actor/lib/RampIdx.xml; make docs)} {
Failed to find javadoc for ptolemy.actor.lib.CurrentMicrostep} {
Failed to find source for ptolemy.actor.lib.CurrentMicrostep} {
Failed to find ptdoc for ptolemy.actor.lib.NonStrictTest.  Try doing (cd /home/travis/build/icyphy/ptII/doc/test/../../doc; rm codeDoc/ptolemy/actor/lib/Ramp.xml codeDoc/ptolemy/actor/lib/RampIdx.xml; make docs)} {
Failed to find javadoc for ptolemy.actor.lib.NonStrictTest} {
Failed to find source for ptolemy.actor.lib.NonStrictTest} {
Failed to find ptdoc for ptolemy.actor.lib.Test.  Try doing (cd /home/travis/build/icyphy/ptII/doc/test/../../doc; rm codeDoc/ptolemy/actor/lib/Ramp.xml codeDoc/ptolemy/actor/lib/RampIdx.xml; make docs)} {
Failed to find javadoc for ptolemy.actor.lib.Test} {
Failed to find source for ptolemy.actor.lib.Test} {
Failed to find ptdoc for ptolemy.actor.lib.TypeTest.  Try doing (cd /home/travis/build/icyphy/ptII/doc/test/../../doc; rm codeDoc/ptolemy/actor/lib/Ramp.xml codeDoc/ptolemy/actor/lib/RampIdx.xml; make docs)} {
Failed to find javadoc for ptolemy.actor.lib.TypeTest} {
Failed to find source for ptolemy.actor.lib.TypeTest} {
Failed to find ptdoc for ptolemy.actor.lib.javasound.AudioCapture.  Try doing (cd /home/travis/build/icyphy/ptII/doc/test/../../doc; rm codeDoc/ptolemy/actor/lib/Ramp.xml codeDoc/ptolemy/actor/lib/RampIdx.xml; make docs)} {
Failed to find javadoc for ptolemy.actor.lib.javasound.AudioCapture} {
Failed to find source for ptolemy.actor.lib.javasound.AudioCapture} {
Failed to find ptdoc for ptolemy.actor.lib.javasound.AudioReader.  Try doing (cd /home/travis/build/icyphy/ptII/doc/test/../../doc; rm codeDoc/ptolemy/actor/lib/Ramp.xml codeDoc/ptolemy/actor/lib/RampIdx.xml; make docs)} {
Failed to find javadoc for ptolemy.actor.lib.javasound.AudioReader} {
Failed to find source for ptolemy.actor.lib.javasound.AudioReader} {
Failed to find ptdoc for ptolemy.actor.lib.javasound.AudioPlayer.  Try doing (cd /home/travis/build/icyphy/ptII/doc/test/../../doc; rm codeDoc/ptolemy/actor/lib/Ramp.xml codeDoc/ptolemy/actor/lib/RampIdx.xml; make docs)} {
Failed to find javadoc for ptolemy.actor.lib.javasound.AudioPlayer} {
Failed to find source for ptolemy.actor.lib.javasound.AudioPlayer} {
Failed to find ptdoc for ptolemy.actor.lib.javasound.AudioWriter.  Try doing (cd /home/travis/build/icyphy/ptII/doc/test/../../doc; rm codeDoc/ptolemy/actor/lib/Ramp.xml codeDoc/ptolemy/actor/lib/RampIdx.xml; make docs)} {
Failed to find javadoc for ptolemy.actor.lib.javasound.AudioWriter} {
Failed to find source for ptolemy.actor.lib.javasound.AudioWriter} {
Failed to find ptdoc for ptolemy.actor.lib.javasound.ClipPlayer.  Try doing (cd /home/travis/build/icyphy/ptII/doc/test/../../doc; rm codeDoc/ptolemy/actor/lib/Ramp.xml codeDoc/ptolemy/actor/lib/RampIdx.xml; make docs)} {
Failed to find javadoc for ptolemy.actor.lib.javasound.ClipPlayer} {
Failed to find source for ptolemy.actor.lib.javasound.ClipPlayer} {
Failed to find ptdoc for ptolemy.actor.lib.comm.ConvolutionalCoder.  Try doing (cd /home/travis/build/icyphy/ptII/doc/test/../../doc; rm codeDoc/ptolemy/actor/lib/Ramp.xml codeDoc/ptolemy/actor/lib/RampIdx.xml; make docs)} {
Failed to find javadoc for ptolemy.actor.lib.comm.ConvolutionalCoder} {
Failed to find source for ptolemy.actor.lib.comm.ConvolutionalCoder} {
Failed to find ptdoc for ptolemy.actor.lib.comm.DeScrambler.  Try doing (cd /home/travis/build/icyphy/ptII/doc/test/../../doc; rm codeDoc/ptolemy/actor/lib/Ramp.xml codeDoc/ptolemy/actor/lib/RampIdx.xml; make docs)} {
Failed to find javadoc for ptolemy.actor.lib.comm.DeScrambler} {
Failed to find source for ptolemy.actor.lib.comm.DeScrambler} {
Failed to find ptdoc for ptolemy.actor.lib.comm.HadamardCode.  Try doing (cd /home/travis/build/icyphy/ptII/doc/test/../../doc; rm codeDoc/ptolemy/actor/lib/Ramp.xml codeDoc/ptolemy/actor/lib/RampIdx.xml; make docs)} {
Failed to find javadoc for ptolemy.actor.lib.comm.HadamardCode} {
Failed to find source for ptolemy.actor.lib.comm.HadamardCode} {
Failed to find ptdoc for ptolemy.actor.lib.comm.HammingCoder.  Try doing (cd /home/travis/build/icyphy/ptII/doc/test/../../doc; rm codeDoc/ptolemy/actor/lib/Ramp.xml codeDoc/ptolemy/actor/lib/RampIdx.xml; make docs)} {
Failed to find javadoc for ptolemy.actor.lib.comm.HammingCoder} {
Failed to find source for ptolemy.actor.lib.comm.HammingCoder} {
Failed to find ptdoc for ptolemy.actor.lib.comm.HammingDecoder.  Try doing (cd /home/travis/build/icyphy/ptII/doc/test/../../doc; rm codeDoc/ptolemy/actor/lib/Ramp.xml codeDoc/ptolemy/actor/lib/RampIdx.xml; make docs)} {
Failed to find javadoc for ptolemy.actor.lib.comm.HammingDecoder} {
Failed to find source for ptolemy.actor.lib.comm.HammingDecoder} {
Failed to find ptdoc for ptolemy.actor.lib.comm.HuffmanCoder.  Try doing (cd /home/travis/build/icyphy/ptII/doc/test/../../doc; rm codeDoc/ptolemy/actor/lib/Ramp.xml codeDoc/ptolemy/actor/lib/RampIdx.xml; make docs)} {
Failed to find javadoc for ptolemy.actor.lib.comm.HuffmanCoder} {
Failed to find source for ptolemy.actor.lib.comm.HuffmanCoder} {
Failed to find ptdoc for ptolemy.actor.lib.comm.HuffmanDecoder.  Try doing (cd /home/travis/build/icyphy/ptII/doc/test/../../doc; rm codeDoc/ptolemy/actor/lib/Ramp.xml codeDoc/ptolemy/actor/lib/RampIdx.xml; make docs)} {
Failed to find javadoc for ptolemy.actor.lib.comm.HuffmanDecoder} {
Failed to find source for ptolemy.actor.lib.comm.HuffmanDecoder} {
Failed to find ptdoc for ptolemy.actor.lib.comm.LempelZivCoder.  Try doing (cd /home/travis/build/icyphy/ptII/doc/test/../../doc; rm codeDoc/ptolemy/actor/lib/Ramp.xml codeDoc/ptolemy/actor/lib/RampIdx.xml; make docs)} {
Failed to find javadoc for ptolemy.actor.lib.comm.LempelZivCoder} {
Failed to find source for ptolemy.actor.lib.comm.LempelZivCoder} {
Failed to find ptdoc for ptolemy.actor.lib.comm.LempelZivDecoder.  Try doing (cd /home/travis/build/icyphy/ptII/doc/test/../../doc; rm codeDoc/ptolemy/actor/lib/Ramp.xml codeDoc/ptolemy/actor/lib/RampIdx.xml; make docs)} {
Failed to find javadoc for ptolemy.actor.lib.comm.LempelZivDecoder} {
Failed to find source for ptolemy.actor.lib.comm.LempelZivDecoder} {
Failed to find ptdoc for ptolemy.domains.sdf.lib.LineCoder.  Try doing (cd /home/travis/build/icyphy/ptII/doc/test/../../doc; rm codeDoc/ptolemy/actor/lib/Ramp.xml codeDoc/ptolemy/actor/lib/RampIdx.xml; make docs)} {
Failed to find javadoc for ptolemy.domains.sdf.lib.LineCoder} {
Failed to find source for ptolemy.domains.sdf.lib.LineCoder} {
Failed to find ptdoc for ptolemy.domains.sdf.lib.LMSAdaptive.  Try doing (cd /home/travis/build/icyphy/ptII/doc/test/../../doc; rm codeDoc/ptolemy/actor/lib/Ramp.xml codeDoc/ptolemy/actor/lib/RampIdx.xml; make docs)} {
Failed to find javadoc for ptolemy.domains.sdf.lib.LMSAdaptive} {
Failed to find source for ptolemy.domains.sdf.lib.LMSAdaptive} {
Failed to find ptdoc for ptolemy.domains.sdf.lib.RaisedCosine.  Try doing (cd /home/travis/build/icyphy/ptII/doc/test/../../doc; rm codeDoc/ptolemy/actor/lib/Ramp.xml codeDoc/ptolemy/actor/lib/RampIdx.xml; make docs)} {
Failed to find javadoc for ptolemy.domains.sdf.lib.RaisedCosine} {
Failed to find source for ptolemy.domains.sdf.lib.RaisedCosine} {
Failed to find ptdoc for ptolemy.actor.lib.comm.Scrambler.  Try doing (cd /home/travis/build/icyphy/ptII/doc/test/../../doc; rm codeDoc/ptolemy/actor/lib/Ramp.xml codeDoc/ptolemy/actor/lib/RampIdx.xml; make docs)} {
Failed to find javadoc for ptolemy.actor.lib.comm.Scrambler} {
Failed to find source for ptolemy.actor.lib.comm.Scrambler} {
Failed to find ptdoc for ptolemy.actor.lib.comm.Slicer.  Try doing (cd /home/travis/build/icyphy/ptII/doc/test/../../doc; rm codeDoc/ptolemy/actor/lib/Ramp.xml codeDoc/ptolemy/actor/lib/RampIdx.xml; make docs)} {
Failed to find javadoc for ptolemy.actor.lib.comm.Slicer} {
Failed to find source for ptolemy.actor.lib.comm.Slicer} {
Failed to find ptdoc for ptolemy.actor.lib.comm.TrellisDecoder.  Try doing (cd /home/travis/build/icyphy/ptII/doc/test/../../doc; rm codeDoc/ptolemy/actor/lib/Ramp.xml codeDoc/ptolemy/actor/lib/RampIdx.xml; make docs)} {
Failed to find javadoc for ptolemy.actor.lib.comm.TrellisDecoder} {
Failed to find source for ptolemy.actor.lib.comm.TrellisDecoder} {
Failed to find ptdoc for ptolemy.actor.lib.comm.ViterbiDecoder.  Try doing (cd /home/travis/build/icyphy/ptII/doc/test/../../doc; rm codeDoc/ptolemy/actor/lib/Ramp.xml codeDoc/ptolemy/actor/lib/RampIdx.xml; make docs)} {
Failed to find javadoc for ptolemy.actor.lib.comm.ViterbiDecoder} {
Failed to find source for ptolemy.actor.lib.comm.ViterbiDecoder} {
Failed to find ptdoc for ptolemy.domains.sdf.lib.DelayLine.  Try doing (cd /home/travis/build/icyphy/ptII/doc/test/../../doc; rm codeDoc/ptolemy/actor/lib/Ramp.xml codeDoc/ptolemy/actor/lib/RampIdx.xml; make docs)} {
Failed to find javadoc for ptolemy.domains.sdf.lib.DelayLine} {
Failed to find source for ptolemy.domains.sdf.lib.DelayLine} {
Failed to find ptdoc for ptolemy.domains.sdf.lib.DownSample.  Try doing (cd /home/travis/build/icyphy/ptII/doc/test/../../doc; rm codeDoc/ptolemy/actor/lib/Ramp.xml codeDoc/ptolemy/actor/lib/RampIdx.xml; make docs)} {
Failed to find javadoc for ptolemy.domains.sdf.lib.DownSample} {
Failed to find source for ptolemy.domains.sdf.lib.DownSample} {
Failed to find ptdoc for ptolemy.domains.sdf.lib.FIR.  Try doing (cd /home/travis/build/icyphy/ptII/doc/test/../../doc; rm codeDoc/ptolemy/actor/lib/Ramp.xml codeDoc/ptolemy/actor/lib/RampIdx.xml; make docs)} {
Failed to find javadoc for ptolemy.domains.sdf.lib.FIR} {
Failed to find source for ptolemy.domains.sdf.lib.FIR} {
Failed to find ptdoc for ptolemy.actor.lib.GradientAdaptiveLattice.  Try doing (cd /home/travis/build/icyphy/ptII/doc/test/../../doc; rm codeDoc/ptolemy/actor/lib/Ramp.xml codeDoc/ptolemy/actor/lib/RampIdx.xml; make docs)} {
Failed to find javadoc for ptolemy.actor.lib.GradientAdaptiveLattice} {
Failed to find source for ptolemy.actor.lib.GradientAdaptiveLattice} {
Failed to find ptdoc for ptolemy.actor.lib.IIR.  Try doing (cd /home/travis/build/icyphy/ptII/doc/test/../../doc; rm codeDoc/ptolemy/actor/lib/Ramp.xml codeDoc/ptolemy/actor/lib/RampIdx.xml; make docs)} {
Failed to find javadoc for ptolemy.actor.lib.IIR} {
Failed to find source for ptolemy.actor.lib.IIR} {
Failed to find ptdoc for ptolemy.actor.lib.Lattice.  Try doing (cd /home/travis/build/icyphy/ptII/doc/test/../../doc; rm codeDoc/ptolemy/actor/lib/Ramp.xml codeDoc/ptolemy/actor/lib/RampIdx.xml; make docs)} {
Failed to find javadoc for ptolemy.actor.lib.Lattice} {
Failed to find source for ptolemy.actor.lib.Lattice} {
Failed to find ptdoc for ptolemy.actor.lib.LinearDifferenceEquationSystem.  Try doing (cd /home/travis/build/icyphy/ptII/doc/test/../../doc; rm codeDoc/ptolemy/actor/lib/Ramp.xml codeDoc/ptolemy/actor/lib/RampIdx.xml; make docs)} {
Failed to find javadoc for ptolemy.actor.lib.LinearDifferenceEquationSystem} {
Failed to find source for ptolemy.actor.lib.LinearDifferenceEquationSystem} {
Failed to find ptdoc for ptolemy.domains.sdf.lib.LMSAdaptive.  Try doing (cd /home/travis/build/icyphy/ptII/doc/test/../../doc; rm codeDoc/ptolemy/actor/lib/Ramp.xml codeDoc/ptolemy/actor/lib/RampIdx.xml; make docs)} {
Failed to find javadoc for ptolemy.domains.sdf.lib.LMSAdaptive} {
Failed to find source for ptolemy.domains.sdf.lib.LMSAdaptive} {
Failed to find ptdoc for ptolemy.actor.lib.RecursiveLattice.  Try doing (cd /home/travis/build/icyphy/ptII/doc/test/../../doc; rm codeDoc/ptolemy/actor/lib/Ramp.xml codeDoc/ptolemy/actor/lib/RampIdx.xml; make docs)} {
Failed to find javadoc for ptolemy.actor.lib.RecursiveLattice} {
Failed to find source for ptolemy.actor.lib.RecursiveLattice} {
Failed to find ptdoc for ptolemy.domains.sdf.lib.UpSample.  Try doing (cd /home/travis/build/icyphy/ptII/doc/test/../../doc; rm codeDoc/ptolemy/actor/lib/Ramp.xml codeDoc/ptolemy/actor/lib/RampIdx.xml; make docs)} {
Failed to find javadoc for ptolemy.domains.sdf.lib.UpSample} {
Failed to find source for ptolemy.domains.sdf.lib.UpSample} {
Failed to find ptdoc for ptolemy.domains.sdf.lib.VariableFIR.  Try doing (cd /home/travis/build/icyphy/ptII/doc/test/../../doc; rm codeDoc/ptolemy/actor/lib/Ramp.xml codeDoc/ptolemy/actor/lib/RampIdx.xml; make docs)} {
Failed to find javadoc for ptolemy.domains.sdf.lib.VariableFIR} {
Failed to find source for ptolemy.domains.sdf.lib.VariableFIR} {
Failed to find ptdoc for ptolemy.domains.sdf.lib.VariableLattice.  Try doing (cd /home/travis/build/icyphy/ptII/doc/test/../../doc; rm codeDoc/ptolemy/actor/lib/Ramp.xml codeDoc/ptolemy/actor/lib/RampIdx.xml; make docs)} {
Failed to find javadoc for ptolemy.domains.sdf.lib.VariableLattice} {
Failed to find source for ptolemy.domains.sdf.lib.VariableLattice} {
Failed to find ptdoc for ptolemy.domains.sdf.lib.VariableRecursiveLattice.  Try doing (cd /home/travis/build/icyphy/ptII/doc/test/../../doc; rm codeDoc/ptolemy/actor/lib/Ramp.xml codeDoc/ptolemy/actor/lib/RampIdx.xml; make docs)} {
Failed to find javadoc for ptolemy.domains.sdf.lib.VariableRecursiveLattice} {
Failed to find source for ptolemy.domains.sdf.lib.VariableRecursiveLattice} {
Failed to find ptdoc for ptolemy.actor.lib.DB.  Try doing (cd /home/travis/build/icyphy/ptII/doc/test/../../doc; rm codeDoc/ptolemy/actor/lib/Ramp.xml codeDoc/ptolemy/actor/lib/RampIdx.xml; make docs)} {
Failed to find javadoc for ptolemy.actor.lib.DB} {
Failed to find source for ptolemy.actor.lib.DB} {
Failed to find ptdoc for ptolemy.domains.sdf.lib.FFT.  Try doing (cd /home/travis/build/icyphy/ptII/doc/test/../../doc; rm codeDoc/ptolemy/actor/lib/Ramp.xml codeDoc/ptolemy/actor/lib/RampIdx.xml; make docs)} {
Failed to find javadoc for ptolemy.domains.sdf.lib.FFT} {
Failed to find source for ptolemy.domains.sdf.lib.FFT} {
Failed to find ptdoc for ptolemy.domains.sdf.lib.IFFT.  Try doing (cd /home/travis/build/icyphy/ptII/doc/test/../../doc; rm codeDoc/ptolemy/actor/lib/Ramp.xml codeDoc/ptolemy/actor/lib/RampIdx.xml; make docs)} {
Failed to find javadoc for ptolemy.domains.sdf.lib.IFFT} {
Failed to find source for ptolemy.domains.sdf.lib.IFFT} {
Failed to find ptdoc for ptolemy.actor.lib.LevinsonDurbin.  Try doing (cd /home/travis/build/icyphy/ptII/doc/test/../../doc; rm codeDoc/ptolemy/actor/lib/Ramp.xml codeDoc/ptolemy/actor/lib/RampIdx.xml; make docs)} {
Failed to find javadoc for ptolemy.actor.lib.LevinsonDurbin} {
Failed to find source for ptolemy.actor.lib.LevinsonDurbin} {
Failed to find ptdoc for ptolemy.actor.lib.PhaseUnwrap.  Try doing (cd /home/travis/build/icyphy/ptII/doc/test/../../doc; rm codeDoc/ptolemy/actor/lib/Ramp.xml codeDoc/ptolemy/actor/lib/RampIdx.xml; make docs)} {
Failed to find javadoc for ptolemy.actor.lib.PhaseUnwrap} {
Failed to find source for ptolemy.actor.lib.PhaseUnwrap} {
Failed to find ptdoc for ptolemy.domains.sdf.lib.Autocorrelation.  Try doing (cd /home/travis/build/icyphy/ptII/doc/test/../../doc; rm codeDoc/ptolemy/actor/lib/Ramp.xml codeDoc/ptolemy/actor/lib/RampIdx.xml; make docs)} {
Failed to find javadoc for ptolemy.domains.sdf.lib.Autocorrelation} {
Failed to find source for ptolemy.domains.sdf.lib.Autocorrelation} {
Failed to find ptdoc for ptolemy.actor.lib.ComputeHistogram.  Try doing (cd /home/travis/build/icyphy/ptII/doc/test/../../doc; rm codeDoc/ptolemy/actor/lib/Ramp.xml codeDoc/ptolemy/actor/lib/RampIdx.xml; make docs)} {
Failed to find javadoc for ptolemy.actor.lib.ComputeHistogram} {
Failed to find source for ptolemy.actor.lib.ComputeHistogram} {
Failed to find ptdoc for ptolemy.actor.lib.IIR.  Try doing (cd /home/travis/build/icyphy/ptII/doc/test/../../doc; rm codeDoc/ptolemy/actor/lib/Ramp.xml codeDoc/ptolemy/actor/lib/RampIdx.xml; make docs)} {
Failed to find javadoc for ptolemy.actor.lib.IIR} {
Failed to find source for ptolemy.actor.lib.IIR} {
Failed to find ptdoc for ptolemy.actor.lib.DB.  Try doing (cd /home/travis/build/icyphy/ptII/doc/test/../../doc; rm codeDoc/ptolemy/actor/lib/Ramp.xml codeDoc/ptolemy/actor/lib/RampIdx.xml; make docs)} {
Failed to find javadoc for ptolemy.actor.lib.DB} {
Failed to find source for ptolemy.actor.lib.DB} {
Failed to find ptdoc for ptolemy.actor.lib.Scale.  Try doing (cd /home/travis/build/icyphy/ptII/doc/test/../../doc; rm codeDoc/ptolemy/actor/lib/Ramp.xml codeDoc/ptolemy/actor/lib/RampIdx.xml; make docs)} {
Failed to find javadoc for ptolemy.actor.lib.Scale} {
Failed to find source for ptolemy.actor.lib.Scale} {
Failed to find ptdoc for ptolemy.actor.lib.MathFunction.  Try doing (cd /home/travis/build/icyphy/ptII/doc/test/../../doc; rm codeDoc/ptolemy/actor/lib/Ramp.xml codeDoc/ptolemy/actor/lib/RampIdx.xml; make docs)} {
Failed to find javadoc for ptolemy.actor.lib.MathFunction} {
Failed to find source for ptolemy.actor.lib.MathFunction} {
Failed to find ptdoc for ptolemy.actor.lib.string.StringCompare.  Try doing (cd /home/travis/build/icyphy/ptII/doc/test/../../doc; rm codeDoc/ptolemy/actor/lib/Ramp.xml codeDoc/ptolemy/actor/lib/RampIdx.xml; make docs)} {
Failed to find javadoc for ptolemy.actor.lib.string.StringCompare} {
Failed to find source for ptolemy.actor.lib.string.StringCompare} {
Failed to find ptdoc for ptolemy.actor.lib.string.StringFunction.  Try doing (cd /home/travis/build/icyphy/ptII/doc/test/../../doc; rm codeDoc/ptolemy/actor/lib/Ramp.xml codeDoc/ptolemy/actor/lib/RampIdx.xml; make docs)} {
Failed to find javadoc for ptolemy.actor.lib.string.StringFunction} {
Failed to find source for ptolemy.actor.lib.string.StringFunction} {
Failed to find ptdoc for ptolemy.actor.lib.string.StringIndexOf.  Try doing (cd /home/travis/build/icyphy/ptII/doc/test/../../doc; rm codeDoc/ptolemy/actor/lib/Ramp.xml codeDoc/ptolemy/actor/lib/RampIdx.xml; make docs)} {
Failed to find javadoc for ptolemy.actor.lib.string.StringIndexOf} {
Failed to find source for ptolemy.actor.lib.string.StringIndexOf} {
Failed to find ptdoc for ptolemy.actor.lib.string.StringLength.  Try doing (cd /home/travis/build/icyphy/ptII/doc/test/../../doc; rm codeDoc/ptolemy/actor/lib/Ramp.xml codeDoc/ptolemy/actor/lib/RampIdx.xml; make docs)} {
Failed to find javadoc for ptolemy.actor.lib.string.StringLength} {
Failed to find source for ptolemy.actor.lib.string.StringLength} {
Failed to find ptdoc for ptolemy.actor.lib.string.StringMatches.  Try doing (cd /home/travis/build/icyphy/ptII/doc/test/../../doc; rm codeDoc/ptolemy/actor/lib/Ramp.xml codeDoc/ptolemy/actor/lib/RampIdx.xml; make docs)} {
Failed to find javadoc for ptolemy.actor.lib.string.StringMatches} {
Failed to find source for ptolemy.actor.lib.string.StringMatches} {
Failed to find ptdoc for ptolemy.actor.lib.string.StringReplace.  Try doing (cd /home/travis/build/icyphy/ptII/doc/test/../../doc; rm codeDoc/ptolemy/actor/lib/Ramp.xml codeDoc/ptolemy/actor/lib/RampIdx.xml; make docs)} {
Failed to find javadoc for ptolemy.actor.lib.string.StringReplace} {
Failed to find source for ptolemy.actor.lib.string.StringReplace} {
Failed to find ptdoc for ptolemy.actor.lib.string.StringSplit.  Try doing (cd /home/travis/build/icyphy/ptII/doc/test/../../doc; rm codeDoc/ptolemy/actor/lib/Ramp.xml codeDoc/ptolemy/actor/lib/RampIdx.xml; make docs)} {
Failed to find javadoc for ptolemy.actor.lib.string.StringSplit} {
Failed to find source for ptolemy.actor.lib.string.StringSplit} {
Failed to find ptdoc for ptolemy.actor.lib.string.StringSubstring.  Try doing (cd /home/travis/build/icyphy/ptII/doc/test/../../doc; rm codeDoc/ptolemy/actor/lib/Ramp.xml codeDoc/ptolemy/actor/lib/RampIdx.xml; make docs)} {
Failed to find javadoc for ptolemy.actor.lib.string.StringSubstring} {
Failed to find source for ptolemy.actor.lib.string.StringSubstring} {
Failed to find ptdoc for org.terraswarm.accessor.JSAccessor.  Try doing (cd /home/travis/build/icyphy/ptII/doc/test/../../doc; rm codeDoc/ptolemy/actor/lib/Ramp.xml codeDoc/ptolemy/actor/lib/RampIdx.xml; make docs)} {
Failed to find javadoc for org.terraswarm.accessor.JSAccessor} {
Failed to find source for org.terraswarm.accessor.JSAccessor} {
Failed to find ptdoc for org.terraswarm.accessor.JSAccessor.  Try doing (cd /home/travis/build/icyphy/ptII/doc/test/../../doc; rm codeDoc/ptolemy/actor/lib/Ramp.xml codeDoc/ptolemy/actor/lib/RampIdx.xml; make docs)} {
Failed to find javadoc for org.terraswarm.accessor.JSAccessor} {
Failed to find source for org.terraswarm.accessor.JSAccessor} {
Failed to find ptdoc for org.terraswarm.accessor.JSAccessor.  Try doing (cd /home/travis/build/icyphy/ptII/doc/test/../../doc; rm codeDoc/ptolemy/actor/lib/Ramp.xml codeDoc/ptolemy/actor/lib/RampIdx.xml; make docs)} {
Failed to find javadoc for org.terraswarm.accessor.JSAccessor} {
Failed to find source for org.terraswarm.accessor.JSAccessor} {
Failed to find ptdoc for org.terraswarm.accessor.JSAccessor.  Try doing (cd /home/travis/build/icyphy/ptII/doc/test/../../doc; rm codeDoc/ptolemy/actor/lib/Ramp.xml codeDoc/ptolemy/actor/lib/RampIdx.xml; make docs)} {
Failed to find javadoc for org.terraswarm.accessor.JSAccessor} {
Failed to find source for org.terraswarm.accessor.JSAccessor} {
Failed to find ptdoc for org.terraswarm.accessor.JSAccessor.  Try doing (cd /home/travis/build/icyphy/ptII/doc/test/../../doc; rm codeDoc/ptolemy/actor/lib/Ramp.xml codeDoc/ptolemy/actor/lib/RampIdx.xml; make docs)} {
Failed to find javadoc for org.terraswarm.accessor.JSAccessor} {
Failed to find source for org.terraswarm.accessor.JSAccessor} {
Failed to find ptdoc for org.terraswarm.accessor.JSAccessor.  Try doing (cd /home/travis/build/icyphy/ptII/doc/test/../../doc; rm codeDoc/ptolemy/actor/lib/Ramp.xml codeDoc/ptolemy/actor/lib/RampIdx.xml; make docs)} {
Failed to find javadoc for org.terraswarm.accessor.JSAccessor} {
Failed to find source for org.terraswarm.accessor.JSAccessor} {
Failed to find ptdoc for org.terraswarm.accessor.JSAccessor.  Try doing (cd /home/travis/build/icyphy/ptII/doc/test/../../doc; rm codeDoc/ptolemy/actor/lib/Ramp.xml codeDoc/ptolemy/actor/lib/RampIdx.xml; make docs)} {
Failed to find javadoc for org.terraswarm.accessor.JSAccessor} {
Failed to find source for org.terraswarm.accessor.JSAccessor} {
Failed to find ptdoc for org.terraswarm.accessor.JSAccessor.  Try doing (cd /home/travis/build/icyphy/ptII/doc/test/../../doc; rm codeDoc/ptolemy/actor/lib/Ramp.xml codeDoc/ptolemy/actor/lib/RampIdx.xml; make docs)} {
Failed to find javadoc for org.terraswarm.accessor.JSAccessor} {
Failed to find source for org.terraswarm.accessor.JSAccessor} {
Failed to find ptdoc for org.terraswarm.accessor.JSAccessor.  Try doing (cd /home/travis/build/icyphy/ptII/doc/test/../../doc; rm codeDoc/ptolemy/actor/lib/Ramp.xml codeDoc/ptolemy/actor/lib/RampIdx.xml; make docs)} {
Failed to find javadoc for org.terraswarm.accessor.JSAccessor} {
Failed to find source for org.terraswarm.accessor.JSAccessor} {
Failed to find ptdoc for org.terraswarm.accessor.JSAccessor.  Try doing (cd /home/travis/build/icyphy/ptII/doc/test/../../doc; rm codeDoc/ptolemy/actor/lib/Ramp.xml codeDoc/ptolemy/actor/lib/RampIdx.xml; make docs)} {
Failed to find javadoc for org.terraswarm.accessor.JSAccessor} {
Failed to find source for org.terraswarm.accessor.JSAccessor} {
Failed to find ptdoc for org.terraswarm.accessor.JSAccessor.  Try doing (cd /home/travis/build/icyphy/ptII/doc/test/../../doc; rm codeDoc/ptolemy/actor/lib/Ramp.xml codeDoc/ptolemy/actor/lib/RampIdx.xml; make docs)} {
Failed to find javadoc for org.terraswarm.accessor.JSAccessor} {
Failed to find source for org.terraswarm.accessor.JSAccessor} {
Failed to find ptdoc for org.terraswarm.accessor.JSAccessor.  Try doing (cd /home/travis/build/icyphy/ptII/doc/test/../../doc; rm codeDoc/ptolemy/actor/lib/Ramp.xml codeDoc/ptolemy/actor/lib/RampIdx.xml; make docs)} {
Failed to find javadoc for org.terraswarm.accessor.JSAccessor} {
Failed to find source for org.terraswarm.accessor.JSAccessor} {
Failed to find ptdoc for org.terraswarm.accessor.JSAccessor.  Try doing (cd /home/travis/build/icyphy/ptII/doc/test/../../doc; rm codeDoc/ptolemy/actor/lib/Ramp.xml codeDoc/ptolemy/actor/lib/RampIdx.xml; make docs)} {
Failed to find javadoc for org.terraswarm.accessor.JSAccessor} {
Failed to find source for org.terraswarm.accessor.JSAccessor} {
Failed to find ptdoc for org.terraswarm.accessor.JSAccessor.  Try doing (cd /home/travis/build/icyphy/ptII/doc/test/../../doc; rm codeDoc/ptolemy/actor/lib/Ramp.xml codeDoc/ptolemy/actor/lib/RampIdx.xml; make docs)} {
Failed to find javadoc for org.terraswarm.accessor.JSAccessor} {
Failed to find source for org.terraswarm.accessor.JSAccessor} {
Failed to find ptdoc for org.terraswarm.accessor.JSAccessor.  Try doing (cd /home/travis/build/icyphy/ptII/doc/test/../../doc; rm codeDoc/ptolemy/actor/lib/Ramp.xml codeDoc/ptolemy/actor/lib/RampIdx.xml; make docs)} {
Failed to find javadoc for org.terraswarm.accessor.JSAccessor} {
Failed to find source for org.terraswarm.accessor.JSAccessor} {
Failed to find ptdoc for org.terraswarm.accessor.JSAccessor.  Try doing (cd /home/travis/build/icyphy/ptII/doc/test/../../doc; rm codeDoc/ptolemy/actor/lib/Ramp.xml codeDoc/ptolemy/actor/lib/RampIdx.xml; make docs)} {
Failed to find javadoc for org.terraswarm.accessor.JSAccessor} {
Failed to find source for org.terraswarm.accessor.JSAccessor} {
Failed to find ptdoc for org.terraswarm.accessor.JSAccessor.  Try doing (cd /home/travis/build/icyphy/ptII/doc/test/../../doc; rm codeDoc/ptolemy/actor/lib/Ramp.xml codeDoc/ptolemy/actor/lib/RampIdx.xml; make docs)} {
Failed to find javadoc for org.terraswarm.accessor.JSAccessor} {
Failed to find source for org.terraswarm.accessor.JSAccessor} {
Failed to find ptdoc for org.terraswarm.accessor.JSAccessor.  Try doing (cd /home/travis/build/icyphy/ptII/doc/test/../../doc; rm codeDoc/ptolemy/actor/lib/Ramp.xml codeDoc/ptolemy/actor/lib/RampIdx.xml; make docs)} {
Failed to find javadoc for org.terraswarm.accessor.JSAccessor} {
Failed to find source for org.terraswarm.accessor.JSAccessor} {
Failed to find ptdoc for org.terraswarm.accessor.JSAccessor.  Try doing (cd /home/travis/build/icyphy/ptII/doc/test/../../doc; rm codeDoc/ptolemy/actor/lib/Ramp.xml codeDoc/ptolemy/actor/lib/RampIdx.xml; make docs)} {
Failed to find javadoc for org.terraswarm.accessor.JSAccessor} {
Failed to find source for org.terraswarm.accessor.JSAccessor} {
Failed to find ptdoc for org.terraswarm.accessor.JSAccessor.  Try doing (cd /home/travis/build/icyphy/ptII/doc/test/../../doc; rm codeDoc/ptolemy/actor/lib/Ramp.xml codeDoc/ptolemy/actor/lib/RampIdx.xml; make docs)} {
Failed to find javadoc for org.terraswarm.accessor.JSAccessor} {
Failed to find source for org.terraswarm.accessor.JSAccessor} {
Failed to find ptdoc for org.terraswarm.accessor.JSAccessor.  Try doing (cd /home/travis/build/icyphy/ptII/doc/test/../../doc; rm codeDoc/ptolemy/actor/lib/Ramp.xml codeDoc/ptolemy/actor/lib/RampIdx.xml; make docs)} {
Failed to find javadoc for org.terraswarm.accessor.JSAccessor} {
Failed to find source for org.terraswarm.accessor.JSAccessor} {
Failed to find ptdoc for org.terraswarm.accessor.JSAccessor.  Try doing (cd /home/travis/build/icyphy/ptII/doc/test/../../doc; rm codeDoc/ptolemy/actor/lib/Ramp.xml codeDoc/ptolemy/actor/lib/RampIdx.xml; make docs)} {
Failed to find javadoc for org.terraswarm.accessor.JSAccessor} {
Failed to find source for org.terraswarm.accessor.JSAccessor} {
Failed to find ptdoc for org.terraswarm.accessor.JSAccessor.  Try doing (cd /home/travis/build/icyphy/ptII/doc/test/../../doc; rm codeDoc/ptolemy/actor/lib/Ramp.xml codeDoc/ptolemy/actor/lib/RampIdx.xml; make docs)} {
Failed to find javadoc for org.terraswarm.accessor.JSAccessor} {
Failed to find source for org.terraswarm.accessor.JSAccessor} {
Failed to find ptdoc for org.terraswarm.accessor.JSAccessor.  Try doing (cd /home/travis/build/icyphy/ptII/doc/test/../../doc; rm codeDoc/ptolemy/actor/lib/Ramp.xml codeDoc/ptolemy/actor/lib/RampIdx.xml; make docs)} {
Failed to find javadoc for org.terraswarm.accessor.JSAccessor} {
Failed to find source for org.terraswarm.accessor.JSAccessor} {
Failed to find ptdoc for org.terraswarm.accessor.JSAccessor.  Try doing (cd /home/travis/build/icyphy/ptII/doc/test/../../doc; rm codeDoc/ptolemy/actor/lib/Ramp.xml codeDoc/ptolemy/actor/lib/RampIdx.xml; make docs)} {
Failed to find javadoc for org.terraswarm.accessor.JSAccessor} {
Failed to find source for org.terraswarm.accessor.JSAccessor} {
Failed to find ptdoc for org.terraswarm.accessor.JSAccessor.  Try doing (cd /home/travis/build/icyphy/ptII/doc/test/../../doc; rm codeDoc/ptolemy/actor/lib/Ramp.xml codeDoc/ptolemy/actor/lib/RampIdx.xml; make docs)} {
Failed to find javadoc for org.terraswarm.accessor.JSAccessor} {
Failed to find source for org.terraswarm.accessor.JSAccessor} {
Failed to find ptdoc for org.terraswarm.accessor.JSAccessor.  Try doing (cd /home/travis/build/icyphy/ptII/doc/test/../../doc; rm codeDoc/ptolemy/actor/lib/Ramp.xml codeDoc/ptolemy/actor/lib/RampIdx.xml; make docs)} {
Failed to find javadoc for org.terraswarm.accessor.JSAccessor} {
Failed to find source for org.terraswarm.accessor.JSAccessor} {
Failed to find ptdoc for org.terraswarm.accessor.JSAccessor.  Try doing (cd /home/travis/build/icyphy/ptII/doc/test/../../doc; rm codeDoc/ptolemy/actor/lib/Ramp.xml codeDoc/ptolemy/actor/lib/RampIdx.xml; make docs)} {
Failed to find javadoc for org.terraswarm.accessor.JSAccessor} {
Failed to find source for org.terraswarm.accessor.JSAccessor} {
Failed to find ptdoc for org.terraswarm.accessor.JSAccessor.  Try doing (cd /home/travis/build/icyphy/ptII/doc/test/../../doc; rm codeDoc/ptolemy/actor/lib/Ramp.xml codeDoc/ptolemy/actor/lib/RampIdx.xml; make docs)} {
Failed to find javadoc for org.terraswarm.accessor.JSAccessor} {
Failed to find source for org.terraswarm.accessor.JSAccessor} {
Failed to find ptdoc for org.terraswarm.accessor.JSAccessor.  Try doing (cd /home/travis/build/icyphy/ptII/doc/test/../../doc; rm codeDoc/ptolemy/actor/lib/Ramp.xml codeDoc/ptolemy/actor/lib/RampIdx.xml; make docs)} {
Failed to find javadoc for org.terraswarm.accessor.JSAccessor} {
Failed to find source for org.terraswarm.accessor.JSAccessor} {
Failed to find ptdoc for org.terraswarm.accessor.JSAccessor.  Try doing (cd /home/travis/build/icyphy/ptII/doc/test/../../doc; rm codeDoc/ptolemy/actor/lib/Ramp.xml codeDoc/ptolemy/actor/lib/RampIdx.xml; make docs)} {
Failed to find javadoc for org.terraswarm.accessor.JSAccessor} {
Failed to find source for org.terraswarm.accessor.JSAccessor} {
Failed to find ptdoc for org.terraswarm.accessor.JSAccessor.  Try doing (cd /home/travis/build/icyphy/ptII/doc/test/../../doc; rm codeDoc/ptolemy/actor/lib/Ramp.xml codeDoc/ptolemy/actor/lib/RampIdx.xml; make docs)} {
Failed to find javadoc for org.terraswarm.accessor.JSAccessor} {
Failed to find source for org.terraswarm.accessor.JSAccessor} {
Failed to find ptdoc for org.terraswarm.accessor.JSAccessor.  Try doing (cd /home/travis/build/icyphy/ptII/doc/test/../../doc; rm codeDoc/ptolemy/actor/lib/Ramp.xml codeDoc/ptolemy/actor/lib/RampIdx.xml; make docs)} {
Failed to find javadoc for org.terraswarm.accessor.JSAccessor} {
Failed to find source for org.terraswarm.accessor.JSAccessor} {
Failed to find ptdoc for org.terraswarm.accessor.JSAccessor.  Try doing (cd /home/travis/build/icyphy/ptII/doc/test/../../doc; rm codeDoc/ptolemy/actor/lib/Ramp.xml codeDoc/ptolemy/actor/lib/RampIdx.xml; make docs)} {
Failed to find javadoc for org.terraswarm.accessor.JSAccessor} {
Failed to find source for org.terraswarm.accessor.JSAccessor} {
Failed to find ptdoc for org.terraswarm.accessor.JSAccessor.  Try doing (cd /home/travis/build/icyphy/ptII/doc/test/../../doc; rm codeDoc/ptolemy/actor/lib/Ramp.xml codeDoc/ptolemy/actor/lib/RampIdx.xml; make docs)} {
Failed to find javadoc for org.terraswarm.accessor.JSAccessor} {
Failed to find source for org.terraswarm.accessor.JSAccessor} {
Failed to find ptdoc for org.terraswarm.accessor.JSAccessor.  Try doing (cd /home/travis/build/icyphy/ptII/doc/test/../../doc; rm codeDoc/ptolemy/actor/lib/Ramp.xml codeDoc/ptolemy/actor/lib/RampIdx.xml; make docs)} {
Failed to find javadoc for org.terraswarm.accessor.JSAccessor} {
Failed to find source for org.terraswarm.accessor.JSAccessor} {
Failed to find ptdoc for org.terraswarm.accessor.JSAccessor.  Try doing (cd /home/travis/build/icyphy/ptII/doc/test/../../doc; rm codeDoc/ptolemy/actor/lib/Ramp.xml codeDoc/ptolemy/actor/lib/RampIdx.xml; make docs)} {
Failed to find javadoc for org.terraswarm.accessor.JSAccessor} {
Failed to find source for org.terraswarm.accessor.JSAccessor} {
Failed to find ptdoc for org.terraswarm.accessor.JSAccessor.  Try doing (cd /home/travis/build/icyphy/ptII/doc/test/../../doc; rm codeDoc/ptolemy/actor/lib/Ramp.xml codeDoc/ptolemy/actor/lib/RampIdx.xml; make docs)} {
Failed to find javadoc for org.terraswarm.accessor.JSAccessor} {
Failed to find source for org.terraswarm.accessor.JSAccessor} {
Failed to find ptdoc for org.terraswarm.accessor.JSAccessor.  Try doing (cd /home/travis/build/icyphy/ptII/doc/test/../../doc; rm codeDoc/ptolemy/actor/lib/Ramp.xml codeDoc/ptolemy/actor/lib/RampIdx.xml; make docs)} {
Failed to find javadoc for org.terraswarm.accessor.JSAccessor} {
Failed to find source for org.terraswarm.accessor.JSAccessor} {
Failed to find ptdoc for org.terraswarm.accessor.JSAccessor.  Try doing (cd /home/travis/build/icyphy/ptII/doc/test/../../doc; rm codeDoc/ptolemy/actor/lib/Ramp.xml codeDoc/ptolemy/actor/lib/RampIdx.xml; make docs)} {
Failed to find javadoc for org.terraswarm.accessor.JSAccessor} {
Failed to find source for org.terraswarm.accessor.JSAccessor} {
Failed to find ptdoc for org.terraswarm.accessor.JSAccessor.  Try doing (cd /home/travis/build/icyphy/ptII/doc/test/../../doc; rm codeDoc/ptolemy/actor/lib/Ramp.xml codeDoc/ptolemy/actor/lib/RampIdx.xml; make docs)} {
Failed to find javadoc for org.terraswarm.accessor.JSAccessor} {
Failed to find source for org.terraswarm.accessor.JSAccessor} {
Failed to find ptdoc for org.terraswarm.accessor.JSAccessor.  Try doing (cd /home/travis/build/icyphy/ptII/doc/test/../../doc; rm codeDoc/ptolemy/actor/lib/Ramp.xml codeDoc/ptolemy/actor/lib/RampIdx.xml; make docs)} {
Failed to find javadoc for org.terraswarm.accessor.JSAccessor} {
Failed to find source for org.terraswarm.accessor.JSAccessor} {
Failed to find ptdoc for org.terraswarm.accessor.JSAccessor.  Try doing (cd /home/travis/build/icyphy/ptII/doc/test/../../doc; rm codeDoc/ptolemy/actor/lib/Ramp.xml codeDoc/ptolemy/actor/lib/RampIdx.xml; make docs)} {
Failed to find javadoc for org.terraswarm.accessor.JSAccessor} {
Failed to find source for org.terraswarm.accessor.JSAccessor} {
Failed to find ptdoc for org.terraswarm.accessor.JSAccessor.  Try doing (cd /home/travis/build/icyphy/ptII/doc/test/../../doc; rm codeDoc/ptolemy/actor/lib/Ramp.xml codeDoc/ptolemy/actor/lib/RampIdx.xml; make docs)} {
Failed to find javadoc for org.terraswarm.accessor.JSAccessor} {
Failed to find source for org.terraswarm.accessor.JSAccessor} {
Failed to find ptdoc for org.terraswarm.accessor.JSAccessor.  Try doing (cd /home/travis/build/icyphy/ptII/doc/test/../../doc; rm codeDoc/ptolemy/actor/lib/Ramp.xml codeDoc/ptolemy/actor/lib/RampIdx.xml; make docs)} {
Failed to find javadoc for org.terraswarm.accessor.JSAccessor} {
Failed to find source for org.terraswarm.accessor.JSAccessor} {
Failed to find ptdoc for org.terraswarm.accessor.JSAccessor.  Try doing (cd /home/travis/build/icyphy/ptII/doc/test/../../doc; rm codeDoc/ptolemy/actor/lib/Ramp.xml codeDoc/ptolemy/actor/lib/RampIdx.xml; make docs)} {
Failed to find javadoc for org.terraswarm.accessor.JSAccessor} {
Failed to find source for org.terraswarm.accessor.JSAccessor} {
Failed to find ptdoc for org.terraswarm.accessor.JSAccessor.  Try doing (cd /home/travis/build/icyphy/ptII/doc/test/../../doc; rm codeDoc/ptolemy/actor/lib/Ramp.xml codeDoc/ptolemy/actor/lib/RampIdx.xml; make docs)} {
Failed to find javadoc for org.terraswarm.accessor.JSAccessor} {
Failed to find source for org.terraswarm.accessor.JSAccessor} {
Failed to find ptdoc for org.terraswarm.accessor.JSAccessor.  Try doing (cd /home/travis/build/icyphy/ptII/doc/test/../../doc; rm codeDoc/ptolemy/actor/lib/Ramp.xml codeDoc/ptolemy/actor/lib/RampIdx.xml; make docs)} {
Failed to find javadoc for org.terraswarm.accessor.JSAccessor} {
Failed to find source for org.terraswarm.accessor.JSAccessor} {
Failed to find ptdoc for org.terraswarm.accessor.JSAccessor.  Try doing (cd /home/travis/build/icyphy/ptII/doc/test/../../doc; rm codeDoc/ptolemy/actor/lib/Ramp.xml codeDoc/ptolemy/actor/lib/RampIdx.xml; make docs)} {
Failed to find javadoc for org.terraswarm.accessor.JSAccessor} {
Failed to find source for org.terraswarm.accessor.JSAccessor} {
Failed to find ptdoc for org.terraswarm.accessor.JSAccessor.  Try doing (cd /home/travis/build/icyphy/ptII/doc/test/../../doc; rm codeDoc/ptolemy/actor/lib/Ramp.xml codeDoc/ptolemy/actor/lib/RampIdx.xml; make docs)} {
Failed to find javadoc for org.terraswarm.accessor.JSAccessor} {
Failed to find source for org.terraswarm.accessor.JSAccessor} {
Failed to find ptdoc for org.terraswarm.accessor.JSAccessor.  Try doing (cd /home/travis/build/icyphy/ptII/doc/test/../../doc; rm codeDoc/ptolemy/actor/lib/Ramp.xml codeDoc/ptolemy/actor/lib/RampIdx.xml; make docs)} {
Failed to find javadoc for org.terraswarm.accessor.JSAccessor} {
Failed to find source for org.terraswarm.accessor.JSAccessor} {
Failed to find ptdoc for org.terraswarm.accessor.JSAccessor.  Try doing (cd /home/travis/build/icyphy/ptII/doc/test/../../doc; rm codeDoc/ptolemy/actor/lib/Ramp.xml codeDoc/ptolemy/actor/lib/RampIdx.xml; make docs)} {
Failed to find javadoc for org.terraswarm.accessor.JSAccessor} {
Failed to find source for org.terraswarm.accessor.JSAccessor} {
Failed to find ptdoc for org.terraswarm.accessor.JSAccessor.  Try doing (cd /home/travis/build/icyphy/ptII/doc/test/../../doc; rm codeDoc/ptolemy/actor/lib/Ramp.xml codeDoc/ptolemy/actor/lib/RampIdx.xml; make docs)} {
Failed to find javadoc for org.terraswarm.accessor.JSAccessor} {
Failed to find source for org.terraswarm.accessor.JSAccessor} {
Failed to find ptdoc for org.terraswarm.accessor.JSAccessor.  Try doing (cd /home/travis/build/icyphy/ptII/doc/test/../../doc; rm codeDoc/ptolemy/actor/lib/Ramp.xml codeDoc/ptolemy/actor/lib/RampIdx.xml; make docs)} {
Failed to find javadoc for org.terraswarm.accessor.JSAccessor} {
Failed to find source for org.terraswarm.accessor.JSAccessor} {
Failed to find ptdoc for org.terraswarm.accessor.JSAccessor.  Try doing (cd /home/travis/build/icyphy/ptII/doc/test/../../doc; rm codeDoc/ptolemy/actor/lib/Ramp.xml codeDoc/ptolemy/actor/lib/RampIdx.xml; make docs)} {
Failed to find javadoc for org.terraswarm.accessor.JSAccessor} {
Failed to find source for org.terraswarm.accessor.JSAccessor} {
Failed to find ptdoc for org.terraswarm.accessor.JSAccessor.  Try doing (cd /home/travis/build/icyphy/ptII/doc/test/../../doc; rm codeDoc/ptolemy/actor/lib/Ramp.xml codeDoc/ptolemy/actor/lib/RampIdx.xml; make docs)} {
Failed to find javadoc for org.terraswarm.accessor.JSAccessor} {
Failed to find source for org.terraswarm.accessor.JSAccessor} {
Failed to find ptdoc for org.terraswarm.accessor.JSAccessor.  Try doing (cd /home/travis/build/icyphy/ptII/doc/test/../../doc; rm codeDoc/ptolemy/actor/lib/Ramp.xml codeDoc/ptolemy/actor/lib/RampIdx.xml; make docs)} {
Failed to find javadoc for org.terraswarm.accessor.JSAccessor} {
Failed to find source for org.terraswarm.accessor.JSAccessor} {
Failed to find ptdoc for org.terraswarm.accessor.JSAccessor.  Try doing (cd /home/travis/build/icyphy/ptII/doc/test/../../doc; rm codeDoc/ptolemy/actor/lib/Ramp.xml codeDoc/ptolemy/actor/lib/RampIdx.xml; make docs)} {
Failed to find javadoc for org.terraswarm.accessor.JSAccessor} {
Failed to find source for org.terraswarm.accessor.JSAccessor} {
Failed to find ptdoc for org.terraswarm.accessor.JSAccessor.  Try doing (cd /home/travis/build/icyphy/ptII/doc/test/../../doc; rm codeDoc/ptolemy/actor/lib/Ramp.xml codeDoc/ptolemy/actor/lib/RampIdx.xml; make docs)} {
Failed to find javadoc for org.terraswarm.accessor.JSAccessor} {
Failed to find source for org.terraswarm.accessor.JSAccessor} {
Failed to find ptdoc for org.terraswarm.accessor.JSAccessor.  Try doing (cd /home/travis/build/icyphy/ptII/doc/test/../../doc; rm codeDoc/ptolemy/actor/lib/Ramp.xml codeDoc/ptolemy/actor/lib/RampIdx.xml; make docs)} {
Failed to find javadoc for org.terraswarm.accessor.JSAccessor} {
Failed to find source for org.terraswarm.accessor.JSAccessor} {
Failed to find ptdoc for org.terraswarm.accessor.JSAccessor.  Try doing (cd /home/travis/build/icyphy/ptII/doc/test/../../doc; rm codeDoc/ptolemy/actor/lib/Ramp.xml codeDoc/ptolemy/actor/lib/RampIdx.xml; make docs)} {
Failed to find javadoc for org.terraswarm.accessor.JSAccessor} {
Failed to find source for org.terraswarm.accessor.JSAccessor} {
Failed to find ptdoc for org.terraswarm.accessor.JSAccessor.  Try doing (cd /home/travis/build/icyphy/ptII/doc/test/../../doc; rm codeDoc/ptolemy/actor/lib/Ramp.xml codeDoc/ptolemy/actor/lib/RampIdx.xml; make docs)} {
Failed to find javadoc for org.terraswarm.accessor.JSAccessor} {
Failed to find source for org.terraswarm.accessor.JSAccessor} {
Failed to find ptdoc for org.terraswarm.accessor.JSAccessor.  Try doing (cd /home/travis/build/icyphy/ptII/doc/test/../../doc; rm codeDoc/ptolemy/actor/lib/Ramp.xml codeDoc/ptolemy/actor/lib/RampIdx.xml; make docs)} {
Failed to find javadoc for org.terraswarm.accessor.JSAccessor} {
Failed to find source for org.terraswarm.accessor.JSAccessor} {
Failed to find ptdoc for org.terraswarm.accessor.JSAccessor.  Try doing (cd /home/travis/build/icyphy/ptII/doc/test/../../doc; rm codeDoc/ptolemy/actor/lib/Ramp.xml codeDoc/ptolemy/actor/lib/RampIdx.xml; make docs)} {
Failed to find javadoc for org.terraswarm.accessor.JSAccessor} {
Failed to find source for org.terraswarm.accessor.JSAccessor} {
Failed to find ptdoc for org.terraswarm.accessor.JSAccessor.  Try doing (cd /home/travis/build/icyphy/ptII/doc/test/../../doc; rm codeDoc/ptolemy/actor/lib/Ramp.xml codeDoc/ptolemy/actor/lib/RampIdx.xml; make docs)} {
Failed to find javadoc for org.terraswarm.accessor.JSAccessor} {
Failed to find source for org.terraswarm.accessor.JSAccessor} {
Failed to find ptdoc for org.terraswarm.accessor.JSAccessor.  Try doing (cd /home/travis/build/icyphy/ptII/doc/test/../../doc; rm codeDoc/ptolemy/actor/lib/Ramp.xml codeDoc/ptolemy/actor/lib/RampIdx.xml; make docs)} {
Failed to find javadoc for org.terraswarm.accessor.JSAccessor} {
Failed to find source for org.terraswarm.accessor.JSAccessor} {
Failed to find ptdoc for org.terraswarm.accessor.JSAccessor.  Try doing (cd /home/travis/build/icyphy/ptII/doc/test/../../doc; rm codeDoc/ptolemy/actor/lib/Ramp.xml codeDoc/ptolemy/actor/lib/RampIdx.xml; make docs)} {
Failed to find javadoc for org.terraswarm.accessor.JSAccessor} {
Failed to find source for org.terraswarm.accessor.JSAccessor} {
Failed to find ptdoc for org.terraswarm.accessor.JSAccessor.  Try doing (cd /home/travis/build/icyphy/ptII/doc/test/../../doc; rm codeDoc/ptolemy/actor/lib/Ramp.xml codeDoc/ptolemy/actor/lib/RampIdx.xml; make docs)} {
Failed to find javadoc for org.terraswarm.accessor.JSAccessor} {
Failed to find source for org.terraswarm.accessor.JSAccessor} {
Failed to find ptdoc for org.terraswarm.accessor.JSAccessor.  Try doing (cd /home/travis/build/icyphy/ptII/doc/test/../../doc; rm codeDoc/ptolemy/actor/lib/Ramp.xml codeDoc/ptolemy/actor/lib/RampIdx.xml; make docs)} {
Failed to find javadoc for org.terraswarm.accessor.JSAccessor} {
Failed to find source for org.terraswarm.accessor.JSAccessor} {
Failed to find ptdoc for org.terraswarm.accessor.JSAccessor.  Try doing (cd /home/travis/build/icyphy/ptII/doc/test/../../doc; rm codeDoc/ptolemy/actor/lib/Ramp.xml codeDoc/ptolemy/actor/lib/RampIdx.xml; make docs)} {
Failed to find javadoc for org.terraswarm.accessor.JSAccessor} {
Failed to find source for org.terraswarm.accessor.JSAccessor} {
Failed to find ptdoc for org.terraswarm.accessor.JSAccessor.  Try doing (cd /home/travis/build/icyphy/ptII/doc/test/../../doc; rm codeDoc/ptolemy/actor/lib/Ramp.xml codeDoc/ptolemy/actor/lib/RampIdx.xml; make docs)} {
Failed to find javadoc for org.terraswarm.accessor.JSAccessor} {
Failed to find source for org.terraswarm.accessor.JSAccessor} {
Failed to find ptdoc for org.terraswarm.accessor.JSAccessor.  Try doing (cd /home/travis/build/icyphy/ptII/doc/test/../../doc; rm codeDoc/ptolemy/actor/lib/Ramp.xml codeDoc/ptolemy/actor/lib/RampIdx.xml; make docs)} {
Failed to find javadoc for org.terraswarm.accessor.JSAccessor} {
Failed to find source for org.terraswarm.accessor.JSAccessor} {
Failed to find ptdoc for org.terraswarm.accessor.JSAccessor.  Try doing (cd /home/travis/build/icyphy/ptII/doc/test/../../doc; rm codeDoc/ptolemy/actor/lib/Ramp.xml codeDoc/ptolemy/actor/lib/RampIdx.xml; make docs)} {
Failed to find javadoc for org.terraswarm.accessor.JSAccessor} {
Failed to find source for org.terraswarm.accessor.JSAccessor} {
Failed to find ptdoc for org.terraswarm.accessor.JSAccessor.  Try doing (cd /home/travis/build/icyphy/ptII/doc/test/../../doc; rm codeDoc/ptolemy/actor/lib/Ramp.xml codeDoc/ptolemy/actor/lib/RampIdx.xml; make docs)} {
Failed to find javadoc for org.terraswarm.accessor.JSAccessor} {
Failed to find source for org.terraswarm.accessor.JSAccessor} {
Failed to find ptdoc for org.terraswarm.accessor.JSAccessor.  Try doing (cd /home/travis/build/icyphy/ptII/doc/test/../../doc; rm codeDoc/ptolemy/actor/lib/Ramp.xml codeDoc/ptolemy/actor/lib/RampIdx.xml; make docs)} {
Failed to find javadoc for org.terraswarm.accessor.JSAccessor} {
Failed to find source for org.terraswarm.accessor.JSAccessor} {
Failed to find ptdoc for org.terraswarm.accessor.JSAccessor.  Try doing (cd /home/travis/build/icyphy/ptII/doc/test/../../doc; rm codeDoc/ptolemy/actor/lib/Ramp.xml codeDoc/ptolemy/actor/lib/RampIdx.xml; make docs)} {
Failed to find javadoc for org.terraswarm.accessor.JSAccessor} {
Failed to find source for org.terraswarm.accessor.JSAccessor} {
Failed to find ptdoc for org.terraswarm.accessor.JSAccessor.  Try doing (cd /home/travis/build/icyphy/ptII/doc/test/../../doc; rm codeDoc/ptolemy/actor/lib/Ramp.xml codeDoc/ptolemy/actor/lib/RampIdx.xml; make docs)} {
Failed to find javadoc for org.terraswarm.accessor.JSAccessor} {
Failed to find source for org.terraswarm.accessor.JSAccessor} {
Failed to find ptdoc for org.terraswarm.accessor.JSAccessor.  Try doing (cd /home/travis/build/icyphy/ptII/doc/test/../../doc; rm codeDoc/ptolemy/actor/lib/Ramp.xml codeDoc/ptolemy/actor/lib/RampIdx.xml; make docs)} {
Failed to find javadoc for org.terraswarm.accessor.JSAccessor} {
Failed to find source for org.terraswarm.accessor.JSAccessor} {
Failed to find ptdoc for org.terraswarm.accessor.JSAccessor.  Try doing (cd /home/travis/build/icyphy/ptII/doc/test/../../doc; rm codeDoc/ptolemy/actor/lib/Ramp.xml codeDoc/ptolemy/actor/lib/RampIdx.xml; make docs)} {
Failed to find javadoc for org.terraswarm.accessor.JSAccessor} {
Failed to find source for org.terraswarm.accessor.JSAccessor} {
Failed to find ptdoc for org.terraswarm.accessor.JSAccessor.  Try doing (cd /home/travis/build/icyphy/ptII/doc/test/../../doc; rm codeDoc/ptolemy/actor/lib/Ramp.xml codeDoc/ptolemy/actor/lib/RampIdx.xml; make docs)} {
Failed to find javadoc for org.terraswarm.accessor.JSAccessor} {
Failed to find source for org.terraswarm.accessor.JSAccessor} {
Failed to find ptdoc for org.terraswarm.accessor.JSAccessor.  Try doing (cd /home/travis/build/icyphy/ptII/doc/test/../../doc; rm codeDoc/ptolemy/actor/lib/Ramp.xml codeDoc/ptolemy/actor/lib/RampIdx.xml; make docs)} {
Failed to find javadoc for org.terraswarm.accessor.JSAccessor} {
Failed to find source for org.terraswarm.accessor.JSAccessor} {
Failed to find ptdoc for org.terraswarm.accessor.JSAccessor.  Try doing (cd /home/travis/build/icyphy/ptII/doc/test/../../doc; rm codeDoc/ptolemy/actor/lib/Ramp.xml codeDoc/ptolemy/actor/lib/RampIdx.xml; make docs)} {
Failed to find javadoc for org.terraswarm.accessor.JSAccessor} {
Failed to find source for org.terraswarm.accessor.JSAccessor} {
Failed to find ptdoc for org.terraswarm.accessor.JSAccessor.  Try doing (cd /home/travis/build/icyphy/ptII/doc/test/../../doc; rm codeDoc/ptolemy/actor/lib/Ramp.xml codeDoc/ptolemy/actor/lib/RampIdx.xml; make docs)} {
Failed to find javadoc for org.terraswarm.accessor.JSAccessor} {
Failed to find source for org.terraswarm.accessor.JSAccessor} {
Failed to find ptdoc for org.terraswarm.accessor.JSAccessor.  Try doing (cd /home/travis/build/icyphy/ptII/doc/test/../../doc; rm codeDoc/ptolemy/actor/lib/Ramp.xml codeDoc/ptolemy/actor/lib/RampIdx.xml; make docs)} {
Failed to find javadoc for org.terraswarm.accessor.JSAccessor} {
Failed to find source for org.terraswarm.accessor.JSAccessor} {
Failed to find ptdoc for org.terraswarm.accessor.JSAccessor.  Try doing (cd /home/travis/build/icyphy/ptII/doc/test/../../doc; rm codeDoc/ptolemy/actor/lib/Ramp.xml codeDoc/ptolemy/actor/lib/RampIdx.xml; make docs)} {
Failed to find javadoc for org.terraswarm.accessor.JSAccessor} {
Failed to find source for org.terraswarm.accessor.JSAccessor} {
Failed to find ptdoc for org.terraswarm.accessor.JSAccessor.  Try doing (cd /home/travis/build/icyphy/ptII/doc/test/../../doc; rm codeDoc/ptolemy/actor/lib/Ramp.xml codeDoc/ptolemy/actor/lib/RampIdx.xml; make docs)} {
Failed to find javadoc for org.terraswarm.accessor.JSAccessor} {
Failed to find source for org.terraswarm.accessor.JSAccessor} {
Failed to find ptdoc for org.terraswarm.accessor.JSAccessor.  Try doing (cd /home/travis/build/icyphy/ptII/doc/test/../../doc; rm codeDoc/ptolemy/actor/lib/Ramp.xml codeDoc/ptolemy/actor/lib/RampIdx.xml; make docs)} {
Failed to find javadoc for org.terraswarm.accessor.JSAccessor} {
Failed to find source for org.terraswarm.accessor.JSAccessor} {
Failed to find ptdoc for org.terraswarm.accessor.JSAccessor.  Try doing (cd /home/travis/build/icyphy/ptII/doc/test/../../doc; rm codeDoc/ptolemy/actor/lib/Ramp.xml codeDoc/ptolemy/actor/lib/RampIdx.xml; make docs)} {
Failed to find javadoc for org.terraswarm.accessor.JSAccessor} {
Failed to find source for org.terraswarm.accessor.JSAccessor} {
Failed to find ptdoc for org.terraswarm.accessor.JSAccessor.  Try doing (cd /home/travis/build/icyphy/ptII/doc/test/../../doc; rm codeDoc/ptolemy/actor/lib/Ramp.xml codeDoc/ptolemy/actor/lib/RampIdx.xml; make docs)} {
Failed to find javadoc for org.terraswarm.accessor.JSAccessor} {
Failed to find source for org.terraswarm.accessor.JSAccessor} {
Failed to find ptdoc for org.terraswarm.accessor.JSAccessor.  Try doing (cd /home/travis/build/icyphy/ptII/doc/test/../../doc; rm codeDoc/ptolemy/actor/lib/Ramp.xml codeDoc/ptolemy/actor/lib/RampIdx.xml; make docs)} {
Failed to find javadoc for org.terraswarm.accessor.JSAccessor} {
Failed to find source for org.terraswarm.accessor.JSAccessor} {
Failed to find ptdoc for org.terraswarm.accessor.JSAccessor.  Try doing (cd /home/travis/build/icyphy/ptII/doc/test/../../doc; rm codeDoc/ptolemy/actor/lib/Ramp.xml codeDoc/ptolemy/actor/lib/RampIdx.xml; make docs)} {
Failed to find javadoc for org.terraswarm.accessor.JSAccessor} {
Failed to find source for org.terraswarm.accessor.JSAccessor} {
Failed to find ptdoc for org.terraswarm.accessor.JSAccessor.  Try doing (cd /home/travis/build/icyphy/ptII/doc/test/../../doc; rm codeDoc/ptolemy/actor/lib/Ramp.xml codeDoc/ptolemy/actor/lib/RampIdx.xml; make docs)} {
Failed to find javadoc for org.terraswarm.accessor.JSAccessor} {
Failed to find source for org.terraswarm.accessor.JSAccessor} {
Failed to find ptdoc for org.terraswarm.accessor.JSAccessor.  Try doing (cd /home/travis/build/icyphy/ptII/doc/test/../../doc; rm codeDoc/ptolemy/actor/lib/Ramp.xml codeDoc/ptolemy/actor/lib/RampIdx.xml; make docs)} {
Failed to find javadoc for org.terraswarm.accessor.JSAccessor} {
Failed to find source for org.terraswarm.accessor.JSAccessor} {
Failed to find ptdoc for org.terraswarm.accessor.JSAccessor.  Try doing (cd /home/travis/build/icyphy/ptII/doc/test/../../doc; rm codeDoc/ptolemy/actor/lib/Ramp.xml codeDoc/ptolemy/actor/lib/RampIdx.xml; make docs)} {
Failed to find javadoc for org.terraswarm.accessor.JSAccessor} {
Failed to find source for org.terraswarm.accessor.JSAccessor} {
Failed to find ptdoc for org.terraswarm.accessor.JSAccessor.  Try doing (cd /home/travis/build/icyphy/ptII/doc/test/../../doc; rm codeDoc/ptolemy/actor/lib/Ramp.xml codeDoc/ptolemy/actor/lib/RampIdx.xml; make docs)} {
Failed to find javadoc for org.terraswarm.accessor.JSAccessor} {
Failed to find source for org.terraswarm.accessor.JSAccessor} {
Failed to find ptdoc for org.terraswarm.accessor.JSAccessor.  Try doing (cd /home/travis/build/icyphy/ptII/doc/test/../../doc; rm codeDoc/ptolemy/actor/lib/Ramp.xml codeDoc/ptolemy/actor/lib/RampIdx.xml; make docs)} {
Failed to find javadoc for org.terraswarm.accessor.JSAccessor} {
Failed to find source for org.terraswarm.accessor.JSAccessor} {
Failed to find ptdoc for org.terraswarm.accessor.JSAccessor.  Try doing (cd /home/travis/build/icyphy/ptII/doc/test/../../doc; rm codeDoc/ptolemy/actor/lib/Ramp.xml codeDoc/ptolemy/actor/lib/RampIdx.xml; make docs)} {
Failed to find javadoc for org.terraswarm.accessor.JSAccessor} {
Failed to find source for org.terraswarm.accessor.JSAccessor} {
Failed to find ptdoc for org.terraswarm.accessor.JSAccessor.  Try doing (cd /home/travis/build/icyphy/ptII/doc/test/../../doc; rm codeDoc/ptolemy/actor/lib/Ramp.xml codeDoc/ptolemy/actor/lib/RampIdx.xml; make docs)} {
Failed to find javadoc for org.terraswarm.accessor.JSAccessor} {
Failed to find source for org.terraswarm.accessor.JSAccessor} {
Failed to find ptdoc for org.terraswarm.accessor.JSAccessor.  Try doing (cd /home/travis/build/icyphy/ptII/doc/test/../../doc; rm codeDoc/ptolemy/actor/lib/Ramp.xml codeDoc/ptolemy/actor/lib/RampIdx.xml; make docs)} {
Failed to find javadoc for org.terraswarm.accessor.JSAccessor} {
Failed to find source for org.terraswarm.accessor.JSAccessor} {
Failed to find ptdoc for org.terraswarm.accessor.JSAccessor.  Try doing (cd /home/travis/build/icyphy/ptII/doc/test/../../doc; rm codeDoc/ptolemy/actor/lib/Ramp.xml codeDoc/ptolemy/actor/lib/RampIdx.xml; make docs)} {
Failed to find javadoc for org.terraswarm.accessor.JSAccessor} {
Failed to find source for org.terraswarm.accessor.JSAccessor} {
Failed to find ptdoc for org.terraswarm.accessor.JSAccessor.  Try doing (cd /home/travis/build/icyphy/ptII/doc/test/../../doc; rm codeDoc/ptolemy/actor/lib/Ramp.xml codeDoc/ptolemy/actor/lib/RampIdx.xml; make docs)} {
Failed to find javadoc for org.terraswarm.accessor.JSAccessor} {
Failed to find source for org.terraswarm.accessor.JSAccessor} {
Failed to find ptdoc for org.terraswarm.accessor.JSAccessor.  Try doing (cd /home/travis/build/icyphy/ptII/doc/test/../../doc; rm codeDoc/ptolemy/actor/lib/Ramp.xml codeDoc/ptolemy/actor/lib/RampIdx.xml; make docs)} {
Failed to find javadoc for org.terraswarm.accessor.JSAccessor} {
Failed to find source for org.terraswarm.accessor.JSAccessor} {
Failed to find ptdoc for org.terraswarm.accessor.JSAccessor.  Try doing (cd /home/travis/build/icyphy/ptII/doc/test/../../doc; rm codeDoc/ptolemy/actor/lib/Ramp.xml codeDoc/ptolemy/actor/lib/RampIdx.xml; make docs)} {
Failed to find javadoc for org.terraswarm.accessor.JSAccessor} {
Failed to find source for org.terraswarm.accessor.JSAccessor} {
Failed to find ptdoc for org.terraswarm.accessor.JSAccessor.  Try doing (cd /home/travis/build/icyphy/ptII/doc/test/../../doc; rm codeDoc/ptolemy/actor/lib/Ramp.xml codeDoc/ptolemy/actor/lib/RampIdx.xml; make docs)} {
Failed to find javadoc for org.terraswarm.accessor.JSAccessor} {
Failed to find source for org.terraswarm.accessor.JSAccessor} {
Failed to find ptdoc for org.terraswarm.accessor.JSAccessor.  Try doing (cd /home/travis/build/icyphy/ptII/doc/test/../../doc; rm codeDoc/ptolemy/actor/lib/Ramp.xml codeDoc/ptolemy/actor/lib/RampIdx.xml; make docs)} {
Failed to find javadoc for org.terraswarm.accessor.JSAccessor} {
Failed to find source for org.terraswarm.accessor.JSAccessor} {
Failed to find ptdoc for org.terraswarm.accessor.JSAccessor.  Try doing (cd /home/travis/build/icyphy/ptII/doc/test/../../doc; rm codeDoc/ptolemy/actor/lib/Ramp.xml codeDoc/ptolemy/actor/lib/RampIdx.xml; make docs)} {
Failed to find javadoc for org.terraswarm.accessor.JSAccessor} {
Failed to find source for org.terraswarm.accessor.JSAccessor} {
Failed to find ptdoc for org.terraswarm.accessor.JSAccessor.  Try doing (cd /home/travis/build/icyphy/ptII/doc/test/../../doc; rm codeDoc/ptolemy/actor/lib/Ramp.xml codeDoc/ptolemy/actor/lib/RampIdx.xml; make docs)} {
Failed to find javadoc for org.terraswarm.accessor.JSAccessor} {
Failed to find source for org.terraswarm.accessor.JSAccessor} {
Failed to find ptdoc for org.terraswarm.accessor.JSAccessor.  Try doing (cd /home/travis/build/icyphy/ptII/doc/test/../../doc; rm codeDoc/ptolemy/actor/lib/Ramp.xml codeDoc/ptolemy/actor/lib/RampIdx.xml; make docs)} {
Failed to find javadoc for org.terraswarm.accessor.JSAccessor} {
Failed to find source for org.terraswarm.accessor.JSAccessor} {
Failed to find ptdoc for ptolemy.actor.lib.database.DatabaseManager.  Try doing (cd /home/travis/build/icyphy/ptII/doc/test/../../doc; rm codeDoc/ptolemy/actor/lib/Ramp.xml codeDoc/ptolemy/actor/lib/RampIdx.xml; make docs)} {
Failed to find javadoc for ptolemy.actor.lib.database.DatabaseManager} {
Failed to find source for ptolemy.actor.lib.database.DatabaseManager} {
Failed to find ptdoc for ptolemy.actor.lib.database.DatabaseQuery.  Try doing (cd /home/travis/build/icyphy/ptII/doc/test/../../doc; rm codeDoc/ptolemy/actor/lib/Ramp.xml codeDoc/ptolemy/actor/lib/RampIdx.xml; make docs)} {
Failed to find javadoc for ptolemy.actor.lib.database.DatabaseQuery} {
Failed to find source for ptolemy.actor.lib.database.DatabaseQuery} {
Failed to find ptdoc for ptolemy.actor.lib.database.DatabaseSelect.  Try doing (cd /home/travis/build/icyphy/ptII/doc/test/../../doc; rm codeDoc/ptolemy/actor/lib/Ramp.xml codeDoc/ptolemy/actor/lib/RampIdx.xml; make docs)} {
Failed to find javadoc for ptolemy.actor.lib.database.DatabaseSelect} {
Failed to find source for ptolemy.actor.lib.database.DatabaseSelect} {
Failed to find ptdoc for ptolemy.actor.lib.database.DatabaseInsert.  Try doing (cd /home/travis/build/icyphy/ptII/doc/test/../../doc; rm codeDoc/ptolemy/actor/lib/Ramp.xml codeDoc/ptolemy/actor/lib/RampIdx.xml; make docs)} {
Failed to find javadoc for ptolemy.actor.lib.database.DatabaseInsert} {
Failed to find source for ptolemy.actor.lib.database.DatabaseInsert} {
Failed to find ptdoc for ptolemy.actor.lib.database.SQLStatement.  Try doing (cd /home/travis/build/icyphy/ptII/doc/test/../../doc; rm codeDoc/ptolemy/actor/lib/Ramp.xml codeDoc/ptolemy/actor/lib/RampIdx.xml; make docs)} {
Failed to find javadoc for ptolemy.actor.lib.database.SQLStatement} {
Failed to find source for ptolemy.actor.lib.database.SQLStatement} {
Failed to find ptdoc for ptolemy.actor.lib.database.ArrayOfRecordsRecorder.  Try doing (cd /home/travis/build/icyphy/ptII/doc/test/../../doc; rm codeDoc/ptolemy/actor/lib/Ramp.xml codeDoc/ptolemy/actor/lib/RampIdx.xml; make docs)} {
Failed to find javadoc for ptolemy.actor.lib.database.ArrayOfRecordsRecorder} {
Failed to find source for ptolemy.actor.lib.database.ArrayOfRecordsRecorder} {
Failed to find ptdoc for org.ptolemy.machineLearning.clustering.KMeans.  Try doing (cd /home/travis/build/icyphy/ptII/doc/test/../../doc; rm codeDoc/ptolemy/actor/lib/Ramp.xml codeDoc/ptolemy/actor/lib/RampIdx.xml; make docs)} {
Failed to find javadoc for org.ptolemy.machineLearning.clustering.KMeans} {
Failed to find source for org.ptolemy.machineLearning.clustering.KMeans} {
Failed to find ptdoc for org.ptolemy.machineLearning.hmm.HMMGaussianEstimator.  Try doing (cd /home/travis/build/icyphy/ptII/doc/test/../../doc; rm codeDoc/ptolemy/actor/lib/Ramp.xml codeDoc/ptolemy/actor/lib/RampIdx.xml; make docs)} {
Failed to find javadoc for org.ptolemy.machineLearning.hmm.HMMGaussianEstimator} {
Failed to find source for org.ptolemy.machineLearning.hmm.HMMGaussianEstimator} {
Failed to find ptdoc for org.ptolemy.machineLearning.hmm.HMMExponentialEstimator.  Try doing (cd /home/travis/build/icyphy/ptII/doc/test/../../doc; rm codeDoc/ptolemy/actor/lib/Ramp.xml codeDoc/ptolemy/actor/lib/RampIdx.xml; make docs)} {
Failed to find javadoc for org.ptolemy.machineLearning.hmm.HMMExponentialEstimator} {
Failed to find source for org.ptolemy.machineLearning.hmm.HMMExponentialEstimator} {
Failed to find ptdoc for org.ptolemy.machineLearning.hmm.HMMMultinomialEstimator.  Try doing (cd /home/travis/build/icyphy/ptII/doc/test/../../doc; rm codeDoc/ptolemy/actor/lib/Ramp.xml codeDoc/ptolemy/actor/lib/RampIdx.xml; make docs)} {
Failed to find javadoc for org.ptolemy.machineLearning.hmm.HMMMultinomialEstimator} {
Failed to find source for org.ptolemy.machineLearning.hmm.HMMMultinomialEstimator} {
Failed to find ptdoc for org.ptolemy.machineLearning.hmm.HMMGaussianClassifier.  Try doing (cd /home/travis/build/icyphy/ptII/doc/test/../../doc; rm codeDoc/ptolemy/actor/lib/Ramp.xml codeDoc/ptolemy/actor/lib/RampIdx.xml; make docs)} {
Failed to find javadoc for org.ptolemy.machineLearning.hmm.HMMGaussianClassifier} {
Failed to find source for org.ptolemy.machineLearning.hmm.HMMGaussianClassifier} {
Failed to find ptdoc for org.ptolemy.machineLearning.hmm.HMMExponentialClassifier.  Try doing (cd /home/travis/build/icyphy/ptII/doc/test/../../doc; rm codeDoc/ptolemy/actor/lib/Ramp.xml codeDoc/ptolemy/actor/lib/RampIdx.xml; make docs)} {
Failed to find javadoc for org.ptolemy.machineLearning.hmm.HMMExponentialClassifier} {
Failed to find source for org.ptolemy.machineLearning.hmm.HMMExponentialClassifier} {
Failed to find ptdoc for org.ptolemy.machineLearning.hmm.HMMMultinomialClassifier.  Try doing (cd /home/travis/build/icyphy/ptII/doc/test/../../doc; rm codeDoc/ptolemy/actor/lib/Ramp.xml codeDoc/ptolemy/actor/lib/RampIdx.xml; make docs)} {
Failed to find javadoc for org.ptolemy.machineLearning.hmm.HMMMultinomialClassifier} {
Failed to find source for org.ptolemy.machineLearning.hmm.HMMMultinomialClassifier} {
Failed to find ptdoc for org.ptolemy.machineLearning.hsmm.HSMMMultinomialEstimator.  Try doing (cd /home/travis/build/icyphy/ptII/doc/test/../../doc; rm codeDoc/ptolemy/actor/lib/Ramp.xml codeDoc/ptolemy/actor/lib/RampIdx.xml; make docs)} {
Failed to find javadoc for org.ptolemy.machineLearning.hsmm.HSMMMultinomialEstimator} {
Failed to find source for org.ptolemy.machineLearning.hsmm.HSMMMultinomialEstimator} {
Failed to find ptdoc for org.ptolemy.machineLearning.hsmm.HSMMTimeAwareMultinomialEstimator.  Try doing (cd /home/travis/build/icyphy/ptII/doc/test/../../doc; rm codeDoc/ptolemy/actor/lib/Ramp.xml codeDoc/ptolemy/actor/lib/RampIdx.xml; make docs)} {
Failed to find javadoc for org.ptolemy.machineLearning.hsmm.HSMMTimeAwareMultinomialEstimator} {
Failed to find source for org.ptolemy.machineLearning.hsmm.HSMMTimeAwareMultinomialEstimator} {
Failed to find ptdoc for org.ptolemy.machineLearning.hsmm.HSMMGaussianEstimator.  Try doing (cd /home/travis/build/icyphy/ptII/doc/test/../../doc; rm codeDoc/ptolemy/actor/lib/Ramp.xml codeDoc/ptolemy/actor/lib/RampIdx.xml; make docs)} {
Failed to find javadoc for org.ptolemy.machineLearning.hsmm.HSMMGaussianEstimator} {
Failed to find source for org.ptolemy.machineLearning.hsmm.HSMMGaussianEstimator} {
Failed to find ptdoc for org.ptolemy.machineLearning.hsmm.HSMMGeneratorGaussianEmissions.  Try doing (cd /home/travis/build/icyphy/ptII/doc/test/../../doc; rm codeDoc/ptolemy/actor/lib/Ramp.xml codeDoc/ptolemy/actor/lib/RampIdx.xml; make docs)} {
Failed to find javadoc for org.ptolemy.machineLearning.hsmm.HSMMGeneratorGaussianEmissions} {
Failed to find source for org.ptolemy.machineLearning.hsmm.HSMMGeneratorGaussianEmissions} {
Failed to find ptdoc for org.ptolemy.machineLearning.hsmm.HSMMGeneratorMultinomialEmissions.  Try doing (cd /home/travis/build/icyphy/ptII/doc/test/../../doc; rm codeDoc/ptolemy/actor/lib/Ramp.xml codeDoc/ptolemy/actor/lib/RampIdx.xml; make docs)} {
Failed to find javadoc for org.ptolemy.machineLearning.hsmm.HSMMGeneratorMultinomialEmissions} {
Failed to find source for org.ptolemy.machineLearning.hsmm.HSMMGeneratorMultinomialEmissions} {
Failed to find ptdoc for org.ptolemy.machineLearning.hsmm.HSMMTimeAwareGenerator.  Try doing (cd /home/travis/build/icyphy/ptII/doc/test/../../doc; rm codeDoc/ptolemy/actor/lib/Ramp.xml codeDoc/ptolemy/actor/lib/RampIdx.xml; make docs)} {
Failed to find javadoc for org.ptolemy.machineLearning.hsmm.HSMMTimeAwareGenerator} {
Failed to find source for org.ptolemy.machineLearning.hsmm.HSMMTimeAwareGenerator} {
Failed to find ptdoc for org.ptolemy.ssm.GaussianMeasurementModel.  Try doing (cd /home/travis/build/icyphy/ptII/doc/test/../../doc; rm codeDoc/ptolemy/actor/lib/Ramp.xml codeDoc/ptolemy/actor/lib/RampIdx.xml; make docs)} {
Failed to find javadoc for org.ptolemy.ssm.GaussianMeasurementModel} {
Failed to find source for org.ptolemy.ssm.GaussianMeasurementModel} {
Failed to find ptdoc for org.ptolemy.ssm.Map.  Try doing (cd /home/travis/build/icyphy/ptII/doc/test/../../doc; rm codeDoc/ptolemy/actor/lib/Ramp.xml codeDoc/ptolemy/actor/lib/RampIdx.xml; make docs)} {
Failed to find javadoc for org.ptolemy.ssm.Map} {
Failed to find source for org.ptolemy.ssm.Map} {
Failed to find ptdoc for org.ptolemy.ssm.StateSpaceModel.  Try doing (cd /home/travis/build/icyphy/ptII/doc/test/../../doc; rm codeDoc/ptolemy/actor/lib/Ramp.xml codeDoc/ptolemy/actor/lib/RampIdx.xml; make docs)} {
Failed to find javadoc for org.ptolemy.ssm.StateSpaceModel} {
Failed to find source for org.ptolemy.ssm.StateSpaceModel} {
Failed to find ptdoc for ptolemy.actor.lib.mail.SendMail.  Try doing (cd /home/travis/build/icyphy/ptII/doc/test/../../doc; rm codeDoc/ptolemy/actor/lib/Ramp.xml codeDoc/ptolemy/actor/lib/RampIdx.xml; make docs)} {
Failed to find javadoc for ptolemy.actor.lib.mail.SendMail} {
Failed to find source for ptolemy.actor.lib.mail.SendMail} {
Failed to find ptdoc for ptolemy.actor.lib.security.KeyWriter.  Try doing (cd /home/travis/build/icyphy/ptII/doc/test/../../doc; rm codeDoc/ptolemy/actor/lib/Ramp.xml codeDoc/ptolemy/actor/lib/RampIdx.xml; make docs)} {
Failed to find javadoc for ptolemy.actor.lib.security.KeyWriter} {
Failed to find source for ptolemy.actor.lib.security.KeyWriter} {
Failed to find ptdoc for ptolemy.actor.lib.security.PublicKeyReader.  Try doing (cd /home/travis/build/icyphy/ptII/doc/test/../../doc; rm codeDoc/ptolemy/actor/lib/Ramp.xml codeDoc/ptolemy/actor/lib/RampIdx.xml; make docs)} {
Failed to find javadoc for ptolemy.actor.lib.security.PublicKeyReader} {
Failed to find source for ptolemy.actor.lib.security.PublicKeyReader} {
Failed to find ptdoc for ptolemy.actor.lib.security.PrivateKeyReader.  Try doing (cd /home/travis/build/icyphy/ptII/doc/test/../../doc; rm codeDoc/ptolemy/actor/lib/Ramp.xml codeDoc/ptolemy/actor/lib/RampIdx.xml; make docs)} {
Failed to find javadoc for ptolemy.actor.lib.security.PrivateKeyReader} {
Failed to find source for ptolemy.actor.lib.security.PrivateKeyReader} {
Failed to find ptdoc for ptolemy.actor.lib.security.SecretKey.  Try doing (cd /home/travis/build/icyphy/ptII/doc/test/../../doc; rm codeDoc/ptolemy/actor/lib/Ramp.xml codeDoc/ptolemy/actor/lib/RampIdx.xml; make docs)} {
Failed to find javadoc for ptolemy.actor.lib.security.SecretKey} {
Failed to find source for ptolemy.actor.lib.security.SecretKey} {
Failed to find ptdoc for ptolemy.actor.lib.security.SecretKeyReader.  Try doing (cd /home/travis/build/icyphy/ptII/doc/test/../../doc; rm codeDoc/ptolemy/actor/lib/Ramp.xml codeDoc/ptolemy/actor/lib/RampIdx.xml; make docs)} {
Failed to find javadoc for ptolemy.actor.lib.security.SecretKeyReader} {
Failed to find source for ptolemy.actor.lib.security.SecretKeyReader} {
Failed to find ptdoc for ptolemy.actor.lib.security.SignatureSigner.  Try doing (cd /home/travis/build/icyphy/ptII/doc/test/../../doc; rm codeDoc/ptolemy/actor/lib/Ramp.xml codeDoc/ptolemy/actor/lib/RampIdx.xml; make docs)} {
Failed to find javadoc for ptolemy.actor.lib.security.SignatureSigner} {
Failed to find source for ptolemy.actor.lib.security.SignatureSigner} {
Failed to find ptdoc for ptolemy.actor.lib.security.SignatureVerifier.  Try doing (cd /home/travis/build/icyphy/ptII/doc/test/../../doc; rm codeDoc/ptolemy/actor/lib/Ramp.xml codeDoc/ptolemy/actor/lib/RampIdx.xml; make docs)} {
Failed to find javadoc for ptolemy.actor.lib.security.SignatureVerifier} {
Failed to find source for ptolemy.actor.lib.security.SignatureVerifier} {
Failed to find ptdoc for ptolemy.actor.lib.security.SymmetricDecryption.  Try doing (cd /home/travis/build/icyphy/ptII/doc/test/../../doc; rm codeDoc/ptolemy/actor/lib/Ramp.xml codeDoc/ptolemy/actor/lib/RampIdx.xml; make docs)} {
Failed to find javadoc for ptolemy.actor.lib.security.SymmetricDecryption} {
Failed to find source for ptolemy.actor.lib.security.SymmetricDecryption} {
Failed to find ptdoc for ptolemy.actor.lib.security.SymmetricEncryption.  Try doing (cd /home/travis/build/icyphy/ptII/doc/test/../../doc; rm codeDoc/ptolemy/actor/lib/Ramp.xml codeDoc/ptolemy/actor/lib/RampIdx.xml; make docs)} {
Failed to find javadoc for ptolemy.actor.lib.security.SymmetricEncryption} {
Failed to find source for ptolemy.actor.lib.security.SymmetricEncryption} {
Failed to find ptdoc for ptolemy.actor.lib.security.SymmetricCrypto.  Try doing (cd /home/travis/build/icyphy/ptII/doc/test/../../doc; rm codeDoc/ptolemy/actor/lib/Ramp.xml codeDoc/ptolemy/actor/lib/RampIdx.xml; make docs)} {
Failed to find javadoc for ptolemy.actor.lib.security.SymmetricCrypto} {
Failed to find source for ptolemy.actor.lib.security.SymmetricCrypto} {
Failed to find ptdoc for ptolemy.actor.lib.conversions.StringToXML.  Try doing (cd /home/travis/build/icyphy/ptII/doc/test/../../doc; rm codeDoc/ptolemy/actor/lib/Ramp.xml codeDoc/ptolemy/actor/lib/RampIdx.xml; make docs)} {
Failed to find javadoc for ptolemy.actor.lib.conversions.StringToXML} {
Failed to find source for ptolemy.actor.lib.conversions.StringToXML} {
Failed to find ptdoc for ptolemy.actor.lib.xslt.XSLTransformer.  Try doing (cd /home/travis/build/icyphy/ptII/doc/test/../../doc; rm codeDoc/ptolemy/actor/lib/Ramp.xml codeDoc/ptolemy/actor/lib/RampIdx.xml; make docs)} {
Failed to find javadoc for ptolemy.actor.lib.xslt.XSLTransformer} {
Failed to find source for ptolemy.actor.lib.xslt.XSLTransformer} {
Failed to find ptdoc for ptolemy.actor.lib.xslt.XMLInclusion.  Try doing (cd /home/travis/build/icyphy/ptII/doc/test/../../doc; rm codeDoc/ptolemy/actor/lib/Ramp.xml codeDoc/ptolemy/actor/lib/RampIdx.xml; make docs)} {
Failed to find javadoc for ptolemy.actor.lib.xslt.XMLInclusion} {
Failed to find source for ptolemy.actor.lib.xslt.XMLInclusion} {
Failed to find ptdoc for ptolemy.actor.lib.Ramp.  Try doing (cd /home/travis/build/icyphy/ptII/doc/test/../../doc; rm codeDoc/ptolemy/actor/lib/Ramp.xml codeDoc/ptolemy/actor/lib/RampIdx.xml; make docs)} {
Failed to find javadoc for ptolemy.actor.lib.Ramp} {
Failed to find source for ptolemy.actor.lib.Ramp} {
Failed to find ptdoc for ptolemy.actor.lib.TrigFunction.  Try doing (cd /home/travis/build/icyphy/ptII/doc/test/../../doc; rm codeDoc/ptolemy/actor/lib/Ramp.xml codeDoc/ptolemy/actor/lib/RampIdx.xml; make docs)} {
Failed to find javadoc for ptolemy.actor.lib.TrigFunction} {
Failed to find source for ptolemy.actor.lib.TrigFunction} {
Failed to find ptdoc for ptolemy.actor.lib.Const.  Try doing (cd /home/travis/build/icyphy/ptII/doc/test/../../doc; rm codeDoc/ptolemy/actor/lib/Ramp.xml codeDoc/ptolemy/actor/lib/RampIdx.xml; make docs)} {
Failed to find javadoc for ptolemy.actor.lib.Const} {
Failed to find source for ptolemy.actor.lib.Const} {
Failed to find ptdoc for ptolemy.actor.lib.AddSubtract.  Try doing (cd /home/travis/build/icyphy/ptII/doc/test/../../doc; rm codeDoc/ptolemy/actor/lib/Ramp.xml codeDoc/ptolemy/actor/lib/RampIdx.xml; make docs)} {
Failed to find javadoc for ptolemy.actor.lib.AddSubtract} {
Failed to find source for ptolemy.actor.lib.AddSubtract} {
Failed to find ptdoc for ptolemy.actor.lib.CurrentTime.  Try doing (cd /home/travis/build/icyphy/ptII/doc/test/../../doc; rm codeDoc/ptolemy/actor/lib/Ramp.xml codeDoc/ptolemy/actor/lib/RampIdx.xml; make docs)} {
Failed to find javadoc for ptolemy.actor.lib.CurrentTime} {
Failed to find source for ptolemy.actor.lib.CurrentTime} {
Failed to find ptdoc for ptolemy.actor.lib.Scale.  Try doing (cd /home/travis/build/icyphy/ptII/doc/test/../../doc; rm codeDoc/ptolemy/actor/lib/Ramp.xml codeDoc/ptolemy/actor/lib/RampIdx.xml; make docs)} {
Failed to find javadoc for ptolemy.actor.lib.Scale} {
Failed to find source for ptolemy.actor.lib.Scale} {
Failed to find ptdoc for ptolemy.actor.lib.TrigFunction.  Try doing (cd /home/travis/build/icyphy/ptII/doc/test/../../doc; rm codeDoc/ptolemy/actor/lib/Ramp.xml codeDoc/ptolemy/actor/lib/RampIdx.xml; make docs)} {
Failed to find javadoc for ptolemy.actor.lib.TrigFunction} {
Failed to find source for ptolemy.actor.lib.TrigFunction} {
Failed to find ptdoc for ptolemy.actor.lib.Const.  Try doing (cd /home/travis/build/icyphy/ptII/doc/test/../../doc; rm codeDoc/ptolemy/actor/lib/Ramp.xml codeDoc/ptolemy/actor/lib/RampIdx.xml; make docs)} {
Failed to find javadoc for ptolemy.actor.lib.Const} {
Failed to find source for ptolemy.actor.lib.Const} {
Failed to find ptdoc for ptolemy.actor.lib.AddSubtract.  Try doing (cd /home/travis/build/icyphy/ptII/doc/test/../../doc; rm codeDoc/ptolemy/actor/lib/Ramp.xml codeDoc/ptolemy/actor/lib/RampIdx.xml; make docs)} {
Failed to find javadoc for ptolemy.actor.lib.AddSubtract} {
Failed to find source for ptolemy.actor.lib.AddSubtract} {
Failed to find ptdoc for ptolemy.actor.lib.Scale.  Try doing (cd /home/travis/build/icyphy/ptII/doc/test/../../doc; rm codeDoc/ptolemy/actor/lib/Ramp.xml codeDoc/ptolemy/actor/lib/RampIdx.xml; make docs)} {
Failed to find javadoc for ptolemy.actor.lib.Scale} {
Failed to find source for ptolemy.actor.lib.Scale} {
Failed to find ptdoc for ptolemy.actor.lib.Pulse.  Try doing (cd /home/travis/build/icyphy/ptII/doc/test/../../doc; rm codeDoc/ptolemy/actor/lib/Ramp.xml codeDoc/ptolemy/actor/lib/RampIdx.xml; make docs)} {
Failed to find javadoc for ptolemy.actor.lib.Pulse} {
Failed to find source for ptolemy.actor.lib.Pulse} {
Failed to find ptdoc for ptolemy.actor.lib.MultiplyDivide.  Try doing (cd /home/travis/build/icyphy/ptII/doc/test/../../doc; rm codeDoc/ptolemy/actor/lib/Ramp.xml codeDoc/ptolemy/actor/lib/RampIdx.xml; make docs)} {
Failed to find javadoc for ptolemy.actor.lib.MultiplyDivide} {
Failed to find source for ptolemy.actor.lib.MultiplyDivide} {
Failed to find ptdoc for ptolemy.domains.sdf.lib.Autocorrelation.  Try doing (cd /home/travis/build/icyphy/ptII/doc/test/../../doc; rm codeDoc/ptolemy/actor/lib/Ramp.xml codeDoc/ptolemy/actor/lib/RampIdx.xml; make docs)} {
Failed to find javadoc for ptolemy.domains.sdf.lib.Autocorrelation} {
Failed to find source for ptolemy.domains.sdf.lib.Autocorrelation} {
Failed to find ptdoc for ptolemy.actor.lib.LevinsonDurbin.  Try doing (cd /home/travis/build/icyphy/ptII/doc/test/../../doc; rm codeDoc/ptolemy/actor/lib/Ramp.xml codeDoc/ptolemy/actor/lib/RampIdx.xml; make docs)} {
Failed to find javadoc for ptolemy.actor.lib.LevinsonDurbin} {
Failed to find source for ptolemy.actor.lib.LevinsonDurbin} {
Failed to find ptdoc for ptolemy.actor.lib.ArrayAppend.  Try doing (cd /home/travis/build/icyphy/ptII/doc/test/../../doc; rm codeDoc/ptolemy/actor/lib/Ramp.xml codeDoc/ptolemy/actor/lib/RampIdx.xml; make docs)} {
Failed to find javadoc for ptolemy.actor.lib.ArrayAppend} {
Failed to find source for ptolemy.actor.lib.ArrayAppend} {
Failed to find ptdoc for ptolemy.domains.sdf.lib.ArrayToSequence.  Try doing (cd /home/travis/build/icyphy/ptII/doc/test/../../doc; rm codeDoc/ptolemy/actor/lib/Ramp.xml codeDoc/ptolemy/actor/lib/RampIdx.xml; make docs)} {
Failed to find javadoc for ptolemy.domains.sdf.lib.ArrayToSequence} {
Failed to find source for ptolemy.domains.sdf.lib.ArrayToSequence} {
Failed to find ptdoc for ptolemy.domains.sdf.lib.FFT.  Try doing (cd /home/travis/build/icyphy/ptII/doc/test/../../doc; rm codeDoc/ptolemy/actor/lib/Ramp.xml codeDoc/ptolemy/actor/lib/RampIdx.xml; make docs)} {
Failed to find javadoc for ptolemy.domains.sdf.lib.FFT} {
Failed to find source for ptolemy.domains.sdf.lib.FFT} {
Failed to find ptdoc for ptolemy.actor.lib.AbsoluteValue.  Try doing (cd /home/travis/build/icyphy/ptII/doc/test/../../doc; rm codeDoc/ptolemy/actor/lib/Ramp.xml codeDoc/ptolemy/actor/lib/RampIdx.xml; make docs)} {
Failed to find javadoc for ptolemy.actor.lib.AbsoluteValue} {
Failed to find source for ptolemy.actor.lib.AbsoluteValue} {
Failed to find ptdoc for ptolemy.actor.lib.MultiplyDivide.  Try doing (cd /home/travis/build/icyphy/ptII/doc/test/../../doc; rm codeDoc/ptolemy/actor/lib/Ramp.xml codeDoc/ptolemy/actor/lib/RampIdx.xml; make docs)} {
Failed to find javadoc for ptolemy.actor.lib.MultiplyDivide} {
Failed to find source for ptolemy.actor.lib.MultiplyDivide} {
Failed to find ptdoc for ptolemy.actor.lib.DB.  Try doing (cd /home/travis/build/icyphy/ptII/doc/test/../../doc; rm codeDoc/ptolemy/actor/lib/Ramp.xml codeDoc/ptolemy/actor/lib/RampIdx.xml; make docs)} {
Failed to find javadoc for ptolemy.actor.lib.DB} {
Failed to find source for ptolemy.actor.lib.DB} {
Failed to find ptdoc for ptolemy.actor.lib.ArrayElement.  Try doing (cd /home/travis/build/icyphy/ptII/doc/test/../../doc; rm codeDoc/ptolemy/actor/lib/Ramp.xml codeDoc/ptolemy/actor/lib/RampIdx.xml; make docs)} {
Failed to find javadoc for ptolemy.actor.lib.ArrayElement} {
Failed to find source for ptolemy.actor.lib.ArrayElement} {
Failed to find ptdoc for ptolemy.domains.sdf.lib.Repeat.  Try doing (cd /home/travis/build/icyphy/ptII/doc/test/../../doc; rm codeDoc/ptolemy/actor/lib/Ramp.xml codeDoc/ptolemy/actor/lib/RampIdx.xml; make docs)} {
Failed to find javadoc for ptolemy.domains.sdf.lib.Repeat} {
Failed to find source for ptolemy.domains.sdf.lib.Repeat} {
Failed to find ptdoc for ptolemy.domains.sdf.lib.Chop.  Try doing (cd /home/travis/build/icyphy/ptII/doc/test/../../doc; rm codeDoc/ptolemy/actor/lib/Ramp.xml codeDoc/ptolemy/actor/lib/RampIdx.xml; make docs)} {
Failed to find javadoc for ptolemy.domains.sdf.lib.Chop} {
Failed to find source for ptolemy.domains.sdf.lib.Chop} {
Failed to find ptdoc for ptolemy.actor.lib.MathFunction.  Try doing (cd /home/travis/build/icyphy/ptII/doc/test/../../doc; rm codeDoc/ptolemy/actor/lib/Ramp.xml codeDoc/ptolemy/actor/lib/RampIdx.xml; make docs)} {
Failed to find javadoc for ptolemy.actor.lib.MathFunction} {
Failed to find source for ptolemy.actor.lib.MathFunction} {
Failed to find ptdoc for ptolemy.actor.lib.Const.  Try doing (cd /home/travis/build/icyphy/ptII/doc/test/../../doc; rm codeDoc/ptolemy/actor/lib/Ramp.xml codeDoc/ptolemy/actor/lib/RampIdx.xml; make docs)} {
Failed to find javadoc for ptolemy.actor.lib.Const} {
Failed to find source for ptolemy.actor.lib.Const} {
Failed to find ptdoc for ptolemy.actor.lib.MultiplyDivide.  Try doing (cd /home/travis/build/icyphy/ptII/doc/test/../../doc; rm codeDoc/ptolemy/actor/lib/Ramp.xml codeDoc/ptolemy/actor/lib/RampIdx.xml; make docs)} {
Failed to find javadoc for ptolemy.actor.lib.MultiplyDivide} {
Failed to find source for ptolemy.actor.lib.MultiplyDivide} {
Failed to find ptdoc for ptolemy.domains.sdf.lib.FFT.  Try doing (cd /home/travis/build/icyphy/ptII/doc/test/../../doc; rm codeDoc/ptolemy/actor/lib/Ramp.xml codeDoc/ptolemy/actor/lib/RampIdx.xml; make docs)} {
Failed to find javadoc for ptolemy.domains.sdf.lib.FFT} {
Failed to find source for ptolemy.domains.sdf.lib.FFT} {
Failed to find ptdoc for ptolemy.actor.lib.DB.  Try doing (cd /home/travis/build/icyphy/ptII/doc/test/../../doc; rm codeDoc/ptolemy/actor/lib/Ramp.xml codeDoc/ptolemy/actor/lib/RampIdx.xml; make docs)} {
Failed to find javadoc for ptolemy.actor.lib.DB} {
Failed to find source for ptolemy.actor.lib.DB} {
Failed to find ptdoc for ptolemy.actor.lib.AbsoluteValue.  Try doing (cd /home/travis/build/icyphy/ptII/doc/test/../../doc; rm codeDoc/ptolemy/actor/lib/Ramp.xml codeDoc/ptolemy/actor/lib/RampIdx.xml; make docs)} {
Failed to find javadoc for ptolemy.actor.lib.AbsoluteValue} {
Failed to find source for ptolemy.actor.lib.AbsoluteValue} {
Failed to find ptdoc for ptolemy.domains.sdf.lib.Autocorrelation.  Try doing (cd /home/travis/build/icyphy/ptII/doc/test/../../doc; rm codeDoc/ptolemy/actor/lib/Ramp.xml codeDoc/ptolemy/actor/lib/RampIdx.xml; make docs)} {
Failed to find javadoc for ptolemy.domains.sdf.lib.Autocorrelation} {
Failed to find source for ptolemy.domains.sdf.lib.Autocorrelation} {
Failed to find ptdoc for ptolemy.domains.sdf.lib.Chop.  Try doing (cd /home/travis/build/icyphy/ptII/doc/test/../../doc; rm codeDoc/ptolemy/actor/lib/Ramp.xml codeDoc/ptolemy/actor/lib/RampIdx.xml; make docs)} {
Failed to find javadoc for ptolemy.domains.sdf.lib.Chop} {
Failed to find source for ptolemy.domains.sdf.lib.Chop} {
Failed to find ptdoc for ptolemy.domains.sdf.lib.ArrayToSequence.  Try doing (cd /home/travis/build/icyphy/ptII/doc/test/../../doc; rm codeDoc/ptolemy/actor/lib/Ramp.xml codeDoc/ptolemy/actor/lib/RampIdx.xml; make docs)} {
Failed to find javadoc for ptolemy.domains.sdf.lib.ArrayToSequence} {
Failed to find source for ptolemy.domains.sdf.lib.ArrayToSequence} {
Failed to find ptdoc for ptolemy.actor.lib.Sequence.  Try doing (cd /home/travis/build/icyphy/ptII/doc/test/../../doc; rm codeDoc/ptolemy/actor/lib/Ramp.xml codeDoc/ptolemy/actor/lib/RampIdx.xml; make docs)} {
Failed to find javadoc for ptolemy.actor.lib.Sequence} {
Failed to find source for ptolemy.actor.lib.Sequence} {
Failed to find ptdoc for ptolemy.actor.lib.MultiplyDivide.  Try doing (cd /home/travis/build/icyphy/ptII/doc/test/../../doc; rm codeDoc/ptolemy/actor/lib/Ramp.xml codeDoc/ptolemy/actor/lib/RampIdx.xml; make docs)} {
Failed to find javadoc for ptolemy.actor.lib.MultiplyDivide} {
Failed to find source for ptolemy.actor.lib.MultiplyDivide} {
Failed to find ptdoc for ptolemy.domains.sdf.lib.FFT.  Try doing (cd /home/travis/build/icyphy/ptII/doc/test/../../doc; rm codeDoc/ptolemy/actor/lib/Ramp.xml codeDoc/ptolemy/actor/lib/RampIdx.xml; make docs)} {
Failed to find javadoc for ptolemy.domains.sdf.lib.FFT} {
Failed to find source for ptolemy.domains.sdf.lib.FFT} {
Failed to find ptdoc for ptolemy.actor.lib.DB.  Try doing (cd /home/travis/build/icyphy/ptII/doc/test/../../doc; rm codeDoc/ptolemy/actor/lib/Ramp.xml codeDoc/ptolemy/actor/lib/RampIdx.xml; make docs)} {
Failed to find javadoc for ptolemy.actor.lib.DB} {
Failed to find source for ptolemy.actor.lib.DB} {
Failed to find ptdoc for ptolemy.actor.lib.AbsoluteValue.  Try doing (cd /home/travis/build/icyphy/ptII/doc/test/../../doc; rm codeDoc/ptolemy/actor/lib/Ramp.xml codeDoc/ptolemy/actor/lib/RampIdx.xml; make docs)} {
Failed to find javadoc for ptolemy.actor.lib.AbsoluteValue} {
Failed to find source for ptolemy.actor.lib.AbsoluteValue} {
Failed to find ptdoc for ptolemy.actor.lib.Scale.  Try doing (cd /home/travis/build/icyphy/ptII/doc/test/../../doc; rm codeDoc/ptolemy/actor/lib/Ramp.xml codeDoc/ptolemy/actor/lib/RampIdx.xml; make docs)} {
Failed to find javadoc for ptolemy.actor.lib.Scale} {
Failed to find source for ptolemy.actor.lib.Scale} {
Failed to find ptdoc for ptolemy.actor.lib.Sequence.  Try doing (cd /home/travis/build/icyphy/ptII/doc/test/../../doc; rm codeDoc/ptolemy/actor/lib/Ramp.xml codeDoc/ptolemy/actor/lib/RampIdx.xml; make docs)} {
Failed to find javadoc for ptolemy.actor.lib.Sequence} {
Failed to find source for ptolemy.actor.lib.Sequence} {
Failed to find ptdoc for ptolemy.actor.lib.Expression.  Try doing (cd /home/travis/build/icyphy/ptII/doc/test/../../doc; rm codeDoc/ptolemy/actor/lib/Ramp.xml codeDoc/ptolemy/actor/lib/RampIdx.xml; make docs)} {
Failed to find javadoc for ptolemy.actor.lib.Expression} {
Failed to find source for ptolemy.actor.lib.Expression} {
Failed to find ptdoc for ptolemy.actor.lib.Expression.  Try doing (cd /home/travis/build/icyphy/ptII/doc/test/../../doc; rm codeDoc/ptolemy/actor/lib/Ramp.xml codeDoc/ptolemy/actor/lib/RampIdx.xml; make docs)} {
Failed to find javadoc for ptolemy.actor.lib.Expression} {
Failed to find source for ptolemy.actor.lib.Expression} {
Failed to find ptdoc for ptolemy.actor.lib.Expression.  Try doing (cd /home/travis/build/icyphy/ptII/doc/test/../../doc; rm codeDoc/ptolemy/actor/lib/Ramp.xml codeDoc/ptolemy/actor/lib/RampIdx.xml; make docs)} {
Failed to find javadoc for ptolemy.actor.lib.Expression} {
Failed to find source for ptolemy.actor.lib.Expression} {
Failed to find ptdoc for ptolemy.actor.lib.Expression.  Try doing (cd /home/travis/build/icyphy/ptII/doc/test/../../doc; rm codeDoc/ptolemy/actor/lib/Ramp.xml codeDoc/ptolemy/actor/lib/RampIdx.xml; make docs)} {
Failed to find javadoc for ptolemy.actor.lib.Expression} {
Failed to find source for ptolemy.actor.lib.Expression} {
Failed to find ptdoc for ptolemy.actor.lib.SetVariable.  Try doing (cd /home/travis/build/icyphy/ptII/doc/test/../../doc; rm codeDoc/ptolemy/actor/lib/Ramp.xml codeDoc/ptolemy/actor/lib/RampIdx.xml; make docs)} {
Failed to find javadoc for ptolemy.actor.lib.SetVariable} {
Failed to find source for ptolemy.actor.lib.SetVariable} {
Failed to find ptdoc for ptolemy.actor.lib.Expression.  Try doing (cd /home/travis/build/icyphy/ptII/doc/test/../../doc; rm codeDoc/ptolemy/actor/lib/Ramp.xml codeDoc/ptolemy/actor/lib/RampIdx.xml; make docs)} {
Failed to find javadoc for ptolemy.actor.lib.Expression} {
Failed to find source for ptolemy.actor.lib.Expression} {
Failed to find ptdoc for ptolemy.actor.lib.Expression.  Try doing (cd /home/travis/build/icyphy/ptII/doc/test/../../doc; rm codeDoc/ptolemy/actor/lib/Ramp.xml codeDoc/ptolemy/actor/lib/RampIdx.xml; make docs)} {
Failed to find javadoc for ptolemy.actor.lib.Expression} {
Failed to find source for ptolemy.actor.lib.Expression} {
Failed to find ptdoc for ptolemy.actor.lib.SetVariable.  Try doing (cd /home/travis/build/icyphy/ptII/doc/test/../../doc; rm codeDoc/ptolemy/actor/lib/Ramp.xml codeDoc/ptolemy/actor/lib/RampIdx.xml; make docs)} {
Failed to find javadoc for ptolemy.actor.lib.SetVariable} {
Failed to find source for ptolemy.actor.lib.SetVariable} {
Failed to find ptdoc for ptolemy.actor.lib.Expression.  Try doing (cd /home/travis/build/icyphy/ptII/doc/test/../../doc; rm codeDoc/ptolemy/actor/lib/Ramp.xml codeDoc/ptolemy/actor/lib/RampIdx.xml; make docs)} {
Failed to find javadoc for ptolemy.actor.lib.Expression} {
Failed to find source for ptolemy.actor.lib.Expression} {
Failed to find ptdoc for ptolemy.actor.lib.Expression.  Try doing (cd /home/travis/build/icyphy/ptII/doc/test/../../doc; rm codeDoc/ptolemy/actor/lib/Ramp.xml codeDoc/ptolemy/actor/lib/RampIdx.xml; make docs)} {
Failed to find javadoc for ptolemy.actor.lib.Expression} {
Failed to find source for ptolemy.actor.lib.Expression} {
Failed to find ptdoc for ptolemy.actor.lib.SetVariable.  Try doing (cd /home/travis/build/icyphy/ptII/doc/test/../../doc; rm codeDoc/ptolemy/actor/lib/Ramp.xml codeDoc/ptolemy/actor/lib/RampIdx.xml; make docs)} {
Failed to find javadoc for ptolemy.actor.lib.SetVariable} {
Failed to find source for ptolemy.actor.lib.SetVariable} {
Failed to find ptdoc for ptolemy.actor.lib.Expression.  Try doing (cd /home/travis/build/icyphy/ptII/doc/test/../../doc; rm codeDoc/ptolemy/actor/lib/Ramp.xml codeDoc/ptolemy/actor/lib/RampIdx.xml; make docs)} {
Failed to find javadoc for ptolemy.actor.lib.Expression} {
Failed to find source for ptolemy.actor.lib.Expression} {
Failed to find ptdoc for ptolemy.actor.lib.Expression.  Try doing (cd /home/travis/build/icyphy/ptII/doc/test/../../doc; rm codeDoc/ptolemy/actor/lib/Ramp.xml codeDoc/ptolemy/actor/lib/RampIdx.xml; make docs)} {
Failed to find javadoc for ptolemy.actor.lib.Expression} {
Failed to find source for ptolemy.actor.lib.Expression} {
Failed to find ptdoc for ptolemy.actor.lib.SetVariable.  Try doing (cd /home/travis/build/icyphy/ptII/doc/test/../../doc; rm codeDoc/ptolemy/actor/lib/Ramp.xml codeDoc/ptolemy/actor/lib/RampIdx.xml; make docs)} {
Failed to find javadoc for ptolemy.actor.lib.SetVariable} {
Failed to find source for ptolemy.actor.lib.SetVariable} {
Failed to find ptdoc for ptolemy.actor.lib.AddSubtract.  Try doing (cd /home/travis/build/icyphy/ptII/doc/test/../../doc; rm codeDoc/ptolemy/actor/lib/Ramp.xml codeDoc/ptolemy/actor/lib/RampIdx.xml; make docs)} {
Failed to find javadoc for ptolemy.actor.lib.AddSubtract} {
Failed to find source for ptolemy.actor.lib.AddSubtract} {
Failed to find ptdoc for ptolemy.actor.lib.Expression.  Try doing (cd /home/travis/build/icyphy/ptII/doc/test/../../doc; rm codeDoc/ptolemy/actor/lib/Ramp.xml codeDoc/ptolemy/actor/lib/RampIdx.xml; make docs)} {
Failed to find javadoc for ptolemy.actor.lib.Expression} {
Failed to find source for ptolemy.actor.lib.Expression} {
Failed to find ptdoc for ptolemy.actor.lib.Expression.  Try doing (cd /home/travis/build/icyphy/ptII/doc/test/../../doc; rm codeDoc/ptolemy/actor/lib/Ramp.xml codeDoc/ptolemy/actor/lib/RampIdx.xml; make docs)} {
Failed to find javadoc for ptolemy.actor.lib.Expression} {
Failed to find source for ptolemy.actor.lib.Expression}}
---- Result should have been:
{}
---- capecode/configuration.xml-6.1 FAILED
 Force everything to get expanded ptolemy/configs/ptiny/configuration.xml
    (Skipping certain optional packages)
    If you get a 'X connection to xxx:11.0 broken' message, then
    see $PTII/ptolemy/moml/filter/RemoveGraphicalClasses.java
    Or, under Solaris, run java -verbose -classpath 
           ${PTII}/lib/ptjacl.jar:${PTII}/lib/diva.jar:${PTII}
           tcl.lang.Shell xxx.tcl


==== $PTII/doc/test/docManager.tcl: ptiny/configuration.xml-6.1 Test docClassNameToURL
==== Contents of test case:

        # If this test fails under Travis, the the problem could be
        # that actors have been added to the repository, yet the
        # codeDoc*.jar files in
        # https://github.com/icyphy/ptII/releases/download/nightly/
        # have not been updated.  $PTII/.travis.yml has a deploy
        # section that should copy the jar files if PT_TRAVIS_DOCS ==
        # true.  Note that Travis no longer supports Oracle JDK 8 and
        # JDK 11 does not have backward compatible support for
        # javadoc, so travis is failing to update the download/nightly
        # directory.  Even if Travis updates the codeDoc.jar files,
        # then under JDK 11 the actor index files will not be present
        # because JDK 11 is missing javadoc backward compatibility.

        # One possible fix is to build the jar files under JDK 8 with
        # (cd $PTII/doc; make install)
        # Then upload codeDoc.jar to the nightly release.
        # 1. Go to https://github.com/icyphy/ptII/releases
        # 2. Find the nightly release
        # 3. Click on edit
        # 4. Delete the old codeDoc.jar
        # 5. Upload the new codeDoc.jar
        # For details, see 
        # https://docs.github.com/en/github/administering-a-repository/managing-releases-in-a-repository

	# In general, if we call getName on a public field in an actor,
	# then the name that is returned should be the same as the name
	# of the field.
	set entityList [$configuration allAtomicEntityList]
	set results {}
	for {set iterator [$entityList iterator]}  {[$iterator hasNext] == 1} {} {
		set entity [$iterator next]
		if [java::instanceof $entity ptolemy.actor.TypedAtomicActor] {
		    set actor [java::cast ptolemy.actor.TypedAtomicActor $entity]
		    set className [$actor getClassName]
		    set url [java::call ptolemy.vergil.actor.DocManager  docClassNameToURL  $configuration $className  true false false false]
		    if [java::isnull $url] {
			lappend results "\nFailed to find ptdoc for $className.  Try doing (cd $PTII/doc; rm codeDoc/ptolemy/actor/lib/Ramp.xml codeDoc/ptolemy/actor/lib/RampIdx.xml; make docs)"
		    }


		    set url [java::call ptolemy.vergil.actor.DocManager  docClassNameToURL  $configuration $className  false true false false]
		    if [java::isnull $url] {
			lappend results "\nFailed to find javadoc for $className"
		    }

		    set url [java::call ptolemy.vergil.actor.DocManager  docClassNameToURL  $configuration $className  false true false false]
		    if [java::isnull $url] {
			lappend results "\nFailed to find source for $className"
		    }


		    # For actor index, it is ok to return null
		    set url [java::call ptolemy.vergil.actor.DocManager  docClassNameToURL  $configuration $className  false false false true]
		}
	    }
    list $results	
    
==== Result was:
{{
Failed to find ptdoc for ptolemy.actor.lib.Assert.  Try doing (cd /home/travis/build/icyphy/ptII/doc/test/../../doc; rm codeDoc/ptolemy/actor/lib/Ramp.xml codeDoc/ptolemy/actor/lib/RampIdx.xml; make docs)} {
Failed to find javadoc for ptolemy.actor.lib.Assert} {
Failed to find source for ptolemy.actor.lib.Assert} {
Failed to find ptdoc for ptolemy.actor.lib.jjs.JavaScript.  Try doing (cd /home/travis/build/icyphy/ptII/doc/test/../../doc; rm codeDoc/ptolemy/actor/lib/Ramp.xml codeDoc/ptolemy/actor/lib/RampIdx.xml; make docs)} {
Failed to find javadoc for ptolemy.actor.lib.jjs.JavaScript} {
Failed to find source for ptolemy.actor.lib.jjs.JavaScript} {
Failed to find ptdoc for ptolemy.actor.lib.Const.  Try doing (cd /home/travis/build/icyphy/ptII/doc/test/../../doc; rm codeDoc/ptolemy/actor/lib/Ramp.xml codeDoc/ptolemy/actor/lib/RampIdx.xml; make docs)} {
Failed to find javadoc for ptolemy.actor.lib.Const} {
Failed to find source for ptolemy.actor.lib.Const} {
Failed to find ptdoc for ptolemy.actor.lib.StringConst.  Try doing (cd /home/travis/build/icyphy/ptII/doc/test/../../doc; rm codeDoc/ptolemy/actor/lib/Ramp.xml codeDoc/ptolemy/actor/lib/RampIdx.xml; make docs)} {
Failed to find javadoc for ptolemy.actor.lib.StringConst} {
Failed to find source for ptolemy.actor.lib.StringConst} {
Failed to find ptdoc for ptolemy.actor.lib.Subscriber.  Try doing (cd /home/travis/build/icyphy/ptII/doc/test/../../doc; rm codeDoc/ptolemy/actor/lib/Ramp.xml codeDoc/ptolemy/actor/lib/RampIdx.xml; make docs)} {
Failed to find javadoc for ptolemy.actor.lib.Subscriber} {
Failed to find source for ptolemy.actor.lib.Subscriber} {
Failed to find ptdoc for ptolemy.actor.lib.SubscriptionAggregator.  Try doing (cd /home/travis/build/icyphy/ptII/doc/test/../../doc; rm codeDoc/ptolemy/actor/lib/Ramp.xml codeDoc/ptolemy/actor/lib/RampIdx.xml; make docs)} {
Failed to find javadoc for ptolemy.actor.lib.SubscriptionAggregator} {
Failed to find source for ptolemy.actor.lib.SubscriptionAggregator} {
Failed to find ptdoc for ptolemy.actor.lib.CurrentDate.  Try doing (cd /home/travis/build/icyphy/ptII/doc/test/../../doc; rm codeDoc/ptolemy/actor/lib/Ramp.xml codeDoc/ptolemy/actor/lib/RampIdx.xml; make docs)} {
Failed to find javadoc for ptolemy.actor.lib.CurrentDate} {
Failed to find source for ptolemy.actor.lib.CurrentDate} {
Failed to find ptdoc for ptolemy.actor.lib.CurrentTime.  Try doing (cd /home/travis/build/icyphy/ptII/doc/test/../../doc; rm codeDoc/ptolemy/actor/lib/Ramp.xml codeDoc/ptolemy/actor/lib/RampIdx.xml; make docs)} {
Failed to find javadoc for ptolemy.actor.lib.CurrentTime} {
Failed to find source for ptolemy.actor.lib.CurrentTime} {
Failed to find ptdoc for ptolemy.actor.lib.CurrentMicrostep.  Try doing (cd /home/travis/build/icyphy/ptII/doc/test/../../doc; rm codeDoc/ptolemy/actor/lib/Ramp.xml codeDoc/ptolemy/actor/lib/RampIdx.xml; make docs)} {
Failed to find javadoc for ptolemy.actor.lib.CurrentMicrostep} {
Failed to find source for ptolemy.actor.lib.CurrentMicrostep} {
Failed to find ptdoc for ptolemy.actor.lib.DiscreteClock.  Try doing (cd /home/travis/build/icyphy/ptII/doc/test/../../doc; rm codeDoc/ptolemy/actor/lib/Ramp.xml codeDoc/ptolemy/actor/lib/RampIdx.xml; make docs)} {
Failed to find javadoc for ptolemy.actor.lib.DiscreteClock} {
Failed to find source for ptolemy.actor.lib.DiscreteClock} {
Failed to find ptdoc for ptolemy.actor.lib.PoissonClock.  Try doing (cd /home/travis/build/icyphy/ptII/doc/test/../../doc; rm codeDoc/ptolemy/actor/lib/Ramp.xml codeDoc/ptolemy/actor/lib/RampIdx.xml; make docs)} {
Failed to find javadoc for ptolemy.actor.lib.PoissonClock} {
Failed to find source for ptolemy.actor.lib.PoissonClock} {
Failed to find ptdoc for ptolemy.actor.lib.gui.InteractiveDialog.  Try doing (cd /home/travis/build/icyphy/ptII/doc/test/../../doc; rm codeDoc/ptolemy/actor/lib/Ramp.xml codeDoc/ptolemy/actor/lib/RampIdx.xml; make docs)} {
Failed to find javadoc for ptolemy.actor.lib.gui.InteractiveDialog} {
Failed to find source for ptolemy.actor.lib.gui.InteractiveDialog} {
Failed to find ptdoc for ptolemy.actor.lib.gui.InteractiveShell.  Try doing (cd /home/travis/build/icyphy/ptII/doc/test/../../doc; rm codeDoc/ptolemy/actor/lib/Ramp.xml codeDoc/ptolemy/actor/lib/RampIdx.xml; make docs)} {
Failed to find javadoc for ptolemy.actor.lib.gui.InteractiveShell} {
Failed to find source for ptolemy.actor.lib.gui.InteractiveShell} {
Failed to find ptdoc for ptolemy.actor.lib.Interpolator.  Try doing (cd /home/travis/build/icyphy/ptII/doc/test/../../doc; rm codeDoc/ptolemy/actor/lib/Ramp.xml codeDoc/ptolemy/actor/lib/RampIdx.xml; make docs)} {
Failed to find javadoc for ptolemy.actor.lib.Interpolator} {
Failed to find source for ptolemy.actor.lib.Interpolator} {
Failed to find ptdoc for ptolemy.actor.lib.Pulse.  Try doing (cd /home/travis/build/icyphy/ptII/doc/test/../../doc; rm codeDoc/ptolemy/actor/lib/Ramp.xml codeDoc/ptolemy/actor/lib/RampIdx.xml; make docs)} {
Failed to find javadoc for ptolemy.actor.lib.Pulse} {
Failed to find source for ptolemy.actor.lib.Pulse} {
Failed to find ptdoc for ptolemy.actor.lib.Ramp.  Try doing (cd /home/travis/build/icyphy/ptII/doc/test/../../doc; rm codeDoc/ptolemy/actor/lib/Ramp.xml codeDoc/ptolemy/actor/lib/RampIdx.xml; make docs)} {
Failed to find javadoc for ptolemy.actor.lib.Ramp} {
Failed to find source for ptolemy.actor.lib.Ramp} {
Failed to find ptdoc for ptolemy.actor.lib.Sequence.  Try doing (cd /home/travis/build/icyphy/ptII/doc/test/../../doc; rm codeDoc/ptolemy/actor/lib/Ramp.xml codeDoc/ptolemy/actor/lib/RampIdx.xml; make docs)} {
Failed to find javadoc for ptolemy.actor.lib.Sequence} {
Failed to find source for ptolemy.actor.lib.Sequence} {
Failed to find ptdoc for ptolemy.actor.lib.gui.SketchedSource.  Try doing (cd /home/travis/build/icyphy/ptII/doc/test/../../doc; rm codeDoc/ptolemy/actor/lib/Ramp.xml codeDoc/ptolemy/actor/lib/RampIdx.xml; make docs)} {
Failed to find javadoc for ptolemy.actor.lib.gui.SketchedSource} {
Failed to find source for ptolemy.actor.lib.gui.SketchedSource} {
Failed to find ptdoc for ptolemy.actor.lib.gui.ArrayPlotterXY.  Try doing (cd /home/travis/build/icyphy/ptII/doc/test/../../doc; rm codeDoc/ptolemy/actor/lib/Ramp.xml codeDoc/ptolemy/actor/lib/RampIdx.xml; make docs)} {
Failed to find javadoc for ptolemy.actor.lib.gui.ArrayPlotterXY} {
Failed to find source for ptolemy.actor.lib.gui.ArrayPlotterXY} {
Failed to find ptdoc for ptolemy.actor.lib.Discard.  Try doing (cd /home/travis/build/icyphy/ptII/doc/test/../../doc; rm codeDoc/ptolemy/actor/lib/Ramp.xml codeDoc/ptolemy/actor/lib/RampIdx.xml; make docs)} {
Failed to find javadoc for ptolemy.actor.lib.Discard} {
Failed to find source for ptolemy.actor.lib.Discard} {
Failed to find ptdoc for ptolemy.actor.lib.gui.Display.  Try doing (cd /home/travis/build/icyphy/ptII/doc/test/../../doc; rm codeDoc/ptolemy/actor/lib/Ramp.xml codeDoc/ptolemy/actor/lib/RampIdx.xml; make docs)} {
Failed to find javadoc for ptolemy.actor.lib.gui.Display} {
Failed to find source for ptolemy.actor.lib.gui.Display} {
Failed to find ptdoc for ptolemy.actor.lib.gui.MonitorValue.  Try doing (cd /home/travis/build/icyphy/ptII/doc/test/../../doc; rm codeDoc/ptolemy/actor/lib/Ramp.xml codeDoc/ptolemy/actor/lib/RampIdx.xml; make docs)} {
Failed to find javadoc for ptolemy.actor.lib.gui.MonitorValue} {
Failed to find source for ptolemy.actor.lib.gui.MonitorValue} {
Failed to find ptdoc for ptolemy.actor.lib.Publisher.  Try doing (cd /home/travis/build/icyphy/ptII/doc/test/../../doc; rm codeDoc/ptolemy/actor/lib/Ramp.xml codeDoc/ptolemy/actor/lib/RampIdx.xml; make docs)} {
Failed to find javadoc for ptolemy.actor.lib.Publisher} {
Failed to find source for ptolemy.actor.lib.Publisher} {
Failed to find ptdoc for ptolemy.actor.lib.Recorder.  Try doing (cd /home/travis/build/icyphy/ptII/doc/test/../../doc; rm codeDoc/ptolemy/actor/lib/Ramp.xml codeDoc/ptolemy/actor/lib/RampIdx.xml; make docs)} {
Failed to find javadoc for ptolemy.actor.lib.Recorder} {
Failed to find source for ptolemy.actor.lib.Recorder} {
Failed to find ptdoc for ptolemy.actor.lib.SetVariable.  Try doing (cd /home/travis/build/icyphy/ptII/doc/test/../../doc; rm codeDoc/ptolemy/actor/lib/Ramp.xml codeDoc/ptolemy/actor/lib/RampIdx.xml; make docs)} {
Failed to find javadoc for ptolemy.actor.lib.SetVariable} {
Failed to find source for ptolemy.actor.lib.SetVariable} {
Failed to find ptdoc for ptolemy.actor.lib.gui.XYPlotter.  Try doing (cd /home/travis/build/icyphy/ptII/doc/test/../../doc; rm codeDoc/ptolemy/actor/lib/Ramp.xml codeDoc/ptolemy/actor/lib/RampIdx.xml; make docs)} {
Failed to find javadoc for ptolemy.actor.lib.gui.XYPlotter} {
Failed to find source for ptolemy.actor.lib.gui.XYPlotter} {
Failed to find ptdoc for ptolemy.actor.lib.gui.XYScope.  Try doing (cd /home/travis/build/icyphy/ptII/doc/test/../../doc; rm codeDoc/ptolemy/actor/lib/Ramp.xml codeDoc/ptolemy/actor/lib/RampIdx.xml; make docs)} {
Failed to find javadoc for ptolemy.actor.lib.gui.XYScope} {
Failed to find source for ptolemy.actor.lib.gui.XYScope} {
Failed to find ptdoc for ptolemy.actor.lib.gui.TimedDisplay.  Try doing (cd /home/travis/build/icyphy/ptII/doc/test/../../doc; rm codeDoc/ptolemy/actor/lib/Ramp.xml codeDoc/ptolemy/actor/lib/RampIdx.xml; make docs)} {
Failed to find javadoc for ptolemy.actor.lib.gui.TimedDisplay} {
Failed to find source for ptolemy.actor.lib.gui.TimedDisplay} {
Failed to find ptdoc for ptolemy.actor.lib.gui.TimedMonitorValue.  Try doing (cd /home/travis/build/icyphy/ptII/doc/test/../../doc; rm codeDoc/ptolemy/actor/lib/Ramp.xml codeDoc/ptolemy/actor/lib/RampIdx.xml; make docs)} {
Failed to find javadoc for ptolemy.actor.lib.gui.TimedMonitorValue} {
Failed to find source for ptolemy.actor.lib.gui.TimedMonitorValue} {
Failed to find ptdoc for ptolemy.actor.lib.gui.TimedPlotter.  Try doing (cd /home/travis/build/icyphy/ptII/doc/test/../../doc; rm codeDoc/ptolemy/actor/lib/Ramp.xml codeDoc/ptolemy/actor/lib/RampIdx.xml; make docs)} {
Failed to find javadoc for ptolemy.actor.lib.gui.TimedPlotter} {
Failed to find source for ptolemy.actor.lib.gui.TimedPlotter} {
Failed to find ptdoc for ptolemy.actor.lib.gui.TimedScope.  Try doing (cd /home/travis/build/icyphy/ptII/doc/test/../../doc; rm codeDoc/ptolemy/actor/lib/Ramp.xml codeDoc/ptolemy/actor/lib/RampIdx.xml; make docs)} {
Failed to find javadoc for ptolemy.actor.lib.gui.TimedScope} {
Failed to find source for ptolemy.actor.lib.gui.TimedScope} {
Failed to find ptdoc for ptolemy.actor.lib.gui.ArrayPlotter.  Try doing (cd /home/travis/build/icyphy/ptII/doc/test/../../doc; rm codeDoc/ptolemy/actor/lib/Ramp.xml codeDoc/ptolemy/actor/lib/RampIdx.xml; make docs)} {
Failed to find javadoc for ptolemy.actor.lib.gui.ArrayPlotter} {
Failed to find source for ptolemy.actor.lib.gui.ArrayPlotter} {
Failed to find ptdoc for ptolemy.actor.lib.gui.BarGraph.  Try doing (cd /home/travis/build/icyphy/ptII/doc/test/../../doc; rm codeDoc/ptolemy/actor/lib/Ramp.xml codeDoc/ptolemy/actor/lib/RampIdx.xml; make docs)} {
Failed to find javadoc for ptolemy.actor.lib.gui.BarGraph} {
Failed to find source for ptolemy.actor.lib.gui.BarGraph} {
Failed to find ptdoc for ptolemy.actor.lib.gui.HistogramPlotter.  Try doing (cd /home/travis/build/icyphy/ptII/doc/test/../../doc; rm codeDoc/ptolemy/actor/lib/Ramp.xml codeDoc/ptolemy/actor/lib/RampIdx.xml; make docs)} {
Failed to find javadoc for ptolemy.actor.lib.gui.HistogramPlotter} {
Failed to find source for ptolemy.actor.lib.gui.HistogramPlotter} {
Failed to find ptdoc for ptolemy.actor.lib.gui.SequencePlotter.  Try doing (cd /home/travis/build/icyphy/ptII/doc/test/../../doc; rm codeDoc/ptolemy/actor/lib/Ramp.xml codeDoc/ptolemy/actor/lib/RampIdx.xml; make docs)} {
Failed to find javadoc for ptolemy.actor.lib.gui.SequencePlotter} {
Failed to find source for ptolemy.actor.lib.gui.SequencePlotter} {
Failed to find ptdoc for ptolemy.actor.lib.gui.SequenceScope.  Try doing (cd /home/travis/build/icyphy/ptII/doc/test/../../doc; rm codeDoc/ptolemy/actor/lib/Ramp.xml codeDoc/ptolemy/actor/lib/RampIdx.xml; make docs)} {
Failed to find javadoc for ptolemy.actor.lib.gui.SequenceScope} {
Failed to find source for ptolemy.actor.lib.gui.SequenceScope} {
Failed to find ptdoc for ptolemy.actor.lib.ArrayAccumulate.  Try doing (cd /home/travis/build/icyphy/ptII/doc/test/../../doc; rm codeDoc/ptolemy/actor/lib/Ramp.xml codeDoc/ptolemy/actor/lib/RampIdx.xml; make docs)} {
Failed to find javadoc for ptolemy.actor.lib.ArrayAccumulate} {
Failed to find source for ptolemy.actor.lib.ArrayAccumulate} {
Failed to find ptdoc for ptolemy.actor.lib.ArrayAppend.  Try doing (cd /home/travis/build/icyphy/ptII/doc/test/../../doc; rm codeDoc/ptolemy/actor/lib/Ramp.xml codeDoc/ptolemy/actor/lib/RampIdx.xml; make docs)} {
Failed to find javadoc for ptolemy.actor.lib.ArrayAppend} {
Failed to find source for ptolemy.actor.lib.ArrayAppend} {
Failed to find ptdoc for ptolemy.actor.lib.ArrayAverage.  Try doing (cd /home/travis/build/icyphy/ptII/doc/test/../../doc; rm codeDoc/ptolemy/actor/lib/Ramp.xml codeDoc/ptolemy/actor/lib/RampIdx.xml; make docs)} {
Failed to find javadoc for ptolemy.actor.lib.ArrayAverage} {
Failed to find source for ptolemy.actor.lib.ArrayAverage} {
Failed to find ptdoc for ptolemy.actor.lib.ArrayContains.  Try doing (cd /home/travis/build/icyphy/ptII/doc/test/../../doc; rm codeDoc/ptolemy/actor/lib/Ramp.xml codeDoc/ptolemy/actor/lib/RampIdx.xml; make docs)} {
Failed to find javadoc for ptolemy.actor.lib.ArrayContains} {
Failed to find source for ptolemy.actor.lib.ArrayContains} {
Failed to find ptdoc for ptolemy.actor.lib.ArrayElement.  Try doing (cd /home/travis/build/icyphy/ptII/doc/test/../../doc; rm codeDoc/ptolemy/actor/lib/Ramp.xml codeDoc/ptolemy/actor/lib/RampIdx.xml; make docs)} {
Failed to find javadoc for ptolemy.actor.lib.ArrayElement} {
Failed to find source for ptolemy.actor.lib.ArrayElement} {
Failed to find ptdoc for ptolemy.actor.lib.ArrayElementAsMatrix.  Try doing (cd /home/travis/build/icyphy/ptII/doc/test/../../doc; rm codeDoc/ptolemy/actor/lib/Ramp.xml codeDoc/ptolemy/actor/lib/RampIdx.xml; make docs)} {
Failed to find javadoc for ptolemy.actor.lib.ArrayElementAsMatrix} {
Failed to find source for ptolemy.actor.lib.ArrayElementAsMatrix} {
Failed to find ptdoc for ptolemy.actor.lib.ArrayExtract.  Try doing (cd /home/travis/build/icyphy/ptII/doc/test/../../doc; rm codeDoc/ptolemy/actor/lib/Ramp.xml codeDoc/ptolemy/actor/lib/RampIdx.xml; make docs)} {
Failed to find javadoc for ptolemy.actor.lib.ArrayExtract} {
Failed to find source for ptolemy.actor.lib.ArrayExtract} {
Failed to find ptdoc for ptolemy.actor.lib.ArrayLength.  Try doing (cd /home/travis/build/icyphy/ptII/doc/test/../../doc; rm codeDoc/ptolemy/actor/lib/Ramp.xml codeDoc/ptolemy/actor/lib/RampIdx.xml; make docs)} {
Failed to find javadoc for ptolemy.actor.lib.ArrayLength} {
Failed to find source for ptolemy.actor.lib.ArrayLength} {
Failed to find ptdoc for ptolemy.actor.lib.ArrayLevelCrossing.  Try doing (cd /home/travis/build/icyphy/ptII/doc/test/../../doc; rm codeDoc/ptolemy/actor/lib/Ramp.xml codeDoc/ptolemy/actor/lib/RampIdx.xml; make docs)} {
Failed to find javadoc for ptolemy.actor.lib.ArrayLevelCrossing} {
Failed to find source for ptolemy.actor.lib.ArrayLevelCrossing} {
Failed to find ptdoc for ptolemy.actor.lib.ArrayMaximum.  Try doing (cd /home/travis/build/icyphy/ptII/doc/test/../../doc; rm codeDoc/ptolemy/actor/lib/Ramp.xml codeDoc/ptolemy/actor/lib/RampIdx.xml; make docs)} {
Failed to find javadoc for ptolemy.actor.lib.ArrayMaximum} {
Failed to find source for ptolemy.actor.lib.ArrayMaximum} {
Failed to find ptdoc for ptolemy.actor.lib.ArrayMinimum.  Try doing (cd /home/travis/build/icyphy/ptII/doc/test/../../doc; rm codeDoc/ptolemy/actor/lib/Ramp.xml codeDoc/ptolemy/actor/lib/RampIdx.xml; make docs)} {
Failed to find javadoc for ptolemy.actor.lib.ArrayMinimum} {
Failed to find source for ptolemy.actor.lib.ArrayMinimum} {
Failed to find ptdoc for ptolemy.actor.lib.ArrayPeakSearch.  Try doing (cd /home/travis/build/icyphy/ptII/doc/test/../../doc; rm codeDoc/ptolemy/actor/lib/Ramp.xml codeDoc/ptolemy/actor/lib/RampIdx.xml; make docs)} {
Failed to find javadoc for ptolemy.actor.lib.ArrayPeakSearch} {
Failed to find source for ptolemy.actor.lib.ArrayPeakSearch} {
Failed to find ptdoc for ptolemy.actor.lib.ArrayRemoveElement.  Try doing (cd /home/travis/build/icyphy/ptII/doc/test/../../doc; rm codeDoc/ptolemy/actor/lib/Ramp.xml codeDoc/ptolemy/actor/lib/RampIdx.xml; make docs)} {
Failed to find javadoc for ptolemy.actor.lib.ArrayRemoveElement} {
Failed to find source for ptolemy.actor.lib.ArrayRemoveElement} {
Failed to find ptdoc for ptolemy.actor.lib.ArraySort.  Try doing (cd /home/travis/build/icyphy/ptII/doc/test/../../doc; rm codeDoc/ptolemy/actor/lib/Ramp.xml codeDoc/ptolemy/actor/lib/RampIdx.xml; make docs)} {
Failed to find javadoc for ptolemy.actor.lib.ArraySort} {
Failed to find source for ptolemy.actor.lib.ArraySort} {
Failed to find ptdoc for ptolemy.actor.lib.ArraySum.  Try doing (cd /home/travis/build/icyphy/ptII/doc/test/../../doc; rm codeDoc/ptolemy/actor/lib/Ramp.xml codeDoc/ptolemy/actor/lib/RampIdx.xml; make docs)} {
Failed to find javadoc for ptolemy.actor.lib.ArraySum} {
Failed to find source for ptolemy.actor.lib.ArraySum} {
Failed to find ptdoc for ptolemy.actor.lib.ArrayToElements.  Try doing (cd /home/travis/build/icyphy/ptII/doc/test/../../doc; rm codeDoc/ptolemy/actor/lib/Ramp.xml codeDoc/ptolemy/actor/lib/RampIdx.xml; make docs)} {
Failed to find javadoc for ptolemy.actor.lib.ArrayToElements} {
Failed to find source for ptolemy.actor.lib.ArrayToElements} {
Failed to find ptdoc for ptolemy.domains.sdf.lib.ArrayToSequence.  Try doing (cd /home/travis/build/icyphy/ptII/doc/test/../../doc; rm codeDoc/ptolemy/actor/lib/Ramp.xml codeDoc/ptolemy/actor/lib/RampIdx.xml; make docs)} {
Failed to find javadoc for ptolemy.domains.sdf.lib.ArrayToSequence} {
Failed to find source for ptolemy.domains.sdf.lib.ArrayToSequence} {
Failed to find ptdoc for ptolemy.actor.lib.ArrayUpdate.  Try doing (cd /home/travis/build/icyphy/ptII/doc/test/../../doc; rm codeDoc/ptolemy/actor/lib/Ramp.xml codeDoc/ptolemy/actor/lib/RampIdx.xml; make docs)} {
Failed to find javadoc for ptolemy.actor.lib.ArrayUpdate} {
Failed to find source for ptolemy.actor.lib.ArrayUpdate} {
Failed to find ptdoc for ptolemy.actor.lib.ElementsToArray.  Try doing (cd /home/travis/build/icyphy/ptII/doc/test/../../doc; rm codeDoc/ptolemy/actor/lib/Ramp.xml codeDoc/ptolemy/actor/lib/RampIdx.xml; make docs)} {
Failed to find javadoc for ptolemy.actor.lib.ElementsToArray} {
Failed to find source for ptolemy.actor.lib.ElementsToArray} {
Failed to find ptdoc for ptolemy.domains.sdf.lib.SequenceToArray.  Try doing (cd /home/travis/build/icyphy/ptII/doc/test/../../doc; rm codeDoc/ptolemy/actor/lib/Ramp.xml codeDoc/ptolemy/actor/lib/RampIdx.xml; make docs)} {
Failed to find javadoc for ptolemy.domains.sdf.lib.SequenceToArray} {
Failed to find source for ptolemy.domains.sdf.lib.SequenceToArray} {
Failed to find ptdoc for ptolemy.actor.lib.conversions.AnythingToDouble.  Try doing (cd /home/travis/build/icyphy/ptII/doc/test/../../doc; rm codeDoc/ptolemy/actor/lib/Ramp.xml codeDoc/ptolemy/actor/lib/RampIdx.xml; make docs)} {
Failed to find javadoc for ptolemy.actor.lib.conversions.AnythingToDouble} {
Failed to find source for ptolemy.actor.lib.conversions.AnythingToDouble} {
Failed to find ptdoc for ptolemy.actor.lib.conversions.BooleanToAnything.  Try doing (cd /home/travis/build/icyphy/ptII/doc/test/../../doc; rm codeDoc/ptolemy/actor/lib/Ramp.xml codeDoc/ptolemy/actor/lib/RampIdx.xml; make docs)} {
Failed to find javadoc for ptolemy.actor.lib.conversions.BooleanToAnything} {
Failed to find source for ptolemy.actor.lib.conversions.BooleanToAnything} {
Failed to find ptdoc for ptolemy.domains.sdf.lib.BitsToInt.  Try doing (cd /home/travis/build/icyphy/ptII/doc/test/../../doc; rm codeDoc/ptolemy/actor/lib/Ramp.xml codeDoc/ptolemy/actor/lib/RampIdx.xml; make docs)} {
Failed to find javadoc for ptolemy.domains.sdf.lib.BitsToInt} {
Failed to find source for ptolemy.domains.sdf.lib.BitsToInt} {
Failed to find ptdoc for ptolemy.actor.lib.conversions.CartesianToComplex.  Try doing (cd /home/travis/build/icyphy/ptII/doc/test/../../doc; rm codeDoc/ptolemy/actor/lib/Ramp.xml codeDoc/ptolemy/actor/lib/RampIdx.xml; make docs)} {
Failed to find javadoc for ptolemy.actor.lib.conversions.CartesianToComplex} {
Failed to find source for ptolemy.actor.lib.conversions.CartesianToComplex} {
Failed to find ptdoc for ptolemy.actor.lib.conversions.CartesianToPolar.  Try doing (cd /home/travis/build/icyphy/ptII/doc/test/../../doc; rm codeDoc/ptolemy/actor/lib/Ramp.xml codeDoc/ptolemy/actor/lib/RampIdx.xml; make docs)} {
Failed to find javadoc for ptolemy.actor.lib.conversions.CartesianToPolar} {
Failed to find source for ptolemy.actor.lib.conversions.CartesianToPolar} {
Failed to find ptdoc for ptolemy.actor.lib.conversions.ComplexToCartesian.  Try doing (cd /home/travis/build/icyphy/ptII/doc/test/../../doc; rm codeDoc/ptolemy/actor/lib/Ramp.xml codeDoc/ptolemy/actor/lib/RampIdx.xml; make docs)} {
Failed to find javadoc for ptolemy.actor.lib.conversions.ComplexToCartesian} {
Failed to find source for ptolemy.actor.lib.conversions.ComplexToCartesian} {
Failed to find ptdoc for ptolemy.actor.lib.conversions.ComplexToPolar.  Try doing (cd /home/travis/build/icyphy/ptII/doc/test/../../doc; rm codeDoc/ptolemy/actor/lib/Ramp.xml codeDoc/ptolemy/actor/lib/RampIdx.xml; make docs)} {
Failed to find javadoc for ptolemy.actor.lib.conversions.ComplexToPolar} {
Failed to find source for ptolemy.actor.lib.conversions.ComplexToPolar} {
Failed to find ptdoc for ptolemy.actor.lib.conversions.DateToString.  Try doing (cd /home/travis/build/icyphy/ptII/doc/test/../../doc; rm codeDoc/ptolemy/actor/lib/Ramp.xml codeDoc/ptolemy/actor/lib/RampIdx.xml; make docs)} {
Failed to find javadoc for ptolemy.actor.lib.conversions.DateToString} {
Failed to find source for ptolemy.actor.lib.conversions.DateToString} {
Failed to find ptdoc for ptolemy.actor.lib.conversions.DoubleToFix.  Try doing (cd /home/travis/build/icyphy/ptII/doc/test/../../doc; rm codeDoc/ptolemy/actor/lib/Ramp.xml codeDoc/ptolemy/actor/lib/RampIdx.xml; make docs)} {
Failed to find javadoc for ptolemy.actor.lib.conversions.DoubleToFix} {
Failed to find source for ptolemy.actor.lib.conversions.DoubleToFix} {
Failed to find ptdoc for ptolemy.actor.lib.conversions.ExpressionToToken.  Try doing (cd /home/travis/build/icyphy/ptII/doc/test/../../doc; rm codeDoc/ptolemy/actor/lib/Ramp.xml codeDoc/ptolemy/actor/lib/RampIdx.xml; make docs)} {
Failed to find javadoc for ptolemy.actor.lib.conversions.ExpressionToToken} {
Failed to find source for ptolemy.actor.lib.conversions.ExpressionToToken} {
Failed to find ptdoc for ptolemy.actor.lib.conversions.FixToDouble.  Try doing (cd /home/travis/build/icyphy/ptII/doc/test/../../doc; rm codeDoc/ptolemy/actor/lib/Ramp.xml codeDoc/ptolemy/actor/lib/RampIdx.xml; make docs)} {
Failed to find javadoc for ptolemy.actor.lib.conversions.FixToDouble} {
Failed to find source for ptolemy.actor.lib.conversions.FixToDouble} {
Failed to find ptdoc for ptolemy.actor.lib.conversions.FixToFix.  Try doing (cd /home/travis/build/icyphy/ptII/doc/test/../../doc; rm codeDoc/ptolemy/actor/lib/Ramp.xml codeDoc/ptolemy/actor/lib/RampIdx.xml; make docs)} {
Failed to find javadoc for ptolemy.actor.lib.conversions.FixToFix} {
Failed to find source for ptolemy.actor.lib.conversions.FixToFix} {
Failed to find ptdoc for ptolemy.actor.lib.conversions.ImageToString.  Try doing (cd /home/travis/build/icyphy/ptII/doc/test/../../doc; rm codeDoc/ptolemy/actor/lib/Ramp.xml codeDoc/ptolemy/actor/lib/RampIdx.xml; make docs)} {
Failed to find javadoc for ptolemy.actor.lib.conversions.ImageToString} {
Failed to find source for ptolemy.actor.lib.conversions.ImageToString} {
Failed to find ptdoc for ptolemy.actor.lib.conversions.IntArrayToString.  Try doing (cd /home/travis/build/icyphy/ptII/doc/test/../../doc; rm codeDoc/ptolemy/actor/lib/Ramp.xml codeDoc/ptolemy/actor/lib/RampIdx.xml; make docs)} {
Failed to find javadoc for ptolemy.actor.lib.conversions.IntArrayToString} {
Failed to find source for ptolemy.actor.lib.conversions.IntArrayToString} {
Failed to find ptdoc for ptolemy.domains.sdf.lib.IntToBits.  Try doing (cd /home/travis/build/icyphy/ptII/doc/test/../../doc; rm codeDoc/ptolemy/actor/lib/Ramp.xml codeDoc/ptolemy/actor/lib/RampIdx.xml; make docs)} {
Failed to find javadoc for ptolemy.domains.sdf.lib.IntToBits} {
Failed to find source for ptolemy.domains.sdf.lib.IntToBits} {
Failed to find ptdoc for ptolemy.actor.lib.conversions.InUnitsOf.  Try doing (cd /home/travis/build/icyphy/ptII/doc/test/../../doc; rm codeDoc/ptolemy/actor/lib/Ramp.xml codeDoc/ptolemy/actor/lib/RampIdx.xml; make docs)} {
Failed to find javadoc for ptolemy.actor.lib.conversions.InUnitsOf} {
Failed to find source for ptolemy.actor.lib.conversions.InUnitsOf} {
Failed to find ptdoc for ptolemy.actor.lib.conversions.json.JSONToToken.  Try doing (cd /home/travis/build/icyphy/ptII/doc/test/../../doc; rm codeDoc/ptolemy/actor/lib/Ramp.xml codeDoc/ptolemy/actor/lib/RampIdx.xml; make docs)} {
Failed to find javadoc for ptolemy.actor.lib.conversions.json.JSONToToken} {
Failed to find source for ptolemy.actor.lib.conversions.json.JSONToToken} {
Failed to find ptdoc for ptolemy.actor.lib.conversions.json.TokenToJSON.  Try doing (cd /home/travis/build/icyphy/ptII/doc/test/../../doc; rm codeDoc/ptolemy/actor/lib/Ramp.xml codeDoc/ptolemy/actor/lib/RampIdx.xml; make docs)} {
Failed to find javadoc for ptolemy.actor.lib.conversions.json.TokenToJSON} {
Failed to find source for ptolemy.actor.lib.conversions.json.TokenToJSON} {
Failed to find ptdoc for ptolemy.actor.lib.conversions.LongToDouble.  Try doing (cd /home/travis/build/icyphy/ptII/doc/test/../../doc; rm codeDoc/ptolemy/actor/lib/Ramp.xml codeDoc/ptolemy/actor/lib/RampIdx.xml; make docs)} {
Failed to find javadoc for ptolemy.actor.lib.conversions.LongToDouble} {
Failed to find source for ptolemy.actor.lib.conversions.LongToDouble} {
Failed to find ptdoc for ptolemy.actor.lib.conversions.PolarToCartesian.  Try doing (cd /home/travis/build/icyphy/ptII/doc/test/../../doc; rm codeDoc/ptolemy/actor/lib/Ramp.xml codeDoc/ptolemy/actor/lib/RampIdx.xml; make docs)} {
Failed to find javadoc for ptolemy.actor.lib.conversions.PolarToCartesian} {
Failed to find source for ptolemy.actor.lib.conversions.PolarToCartesian} {
Failed to find ptdoc for ptolemy.actor.lib.conversions.PolarToComplex.  Try doing (cd /home/travis/build/icyphy/ptII/doc/test/../../doc; rm codeDoc/ptolemy/actor/lib/Ramp.xml codeDoc/ptolemy/actor/lib/RampIdx.xml; make docs)} {
Failed to find javadoc for ptolemy.actor.lib.conversions.PolarToComplex} {
Failed to find source for ptolemy.actor.lib.conversions.PolarToComplex} {
Failed to find ptdoc for ptolemy.actor.lib.conversions.Round.  Try doing (cd /home/travis/build/icyphy/ptII/doc/test/../../doc; rm codeDoc/ptolemy/actor/lib/Ramp.xml codeDoc/ptolemy/actor/lib/RampIdx.xml; make docs)} {
Failed to find javadoc for ptolemy.actor.lib.conversions.Round} {
Failed to find source for ptolemy.actor.lib.conversions.Round} {
Failed to find ptdoc for ptolemy.actor.lib.conversions.SmoothToDouble.  Try doing (cd /home/travis/build/icyphy/ptII/doc/test/../../doc; rm codeDoc/ptolemy/actor/lib/Ramp.xml codeDoc/ptolemy/actor/lib/RampIdx.xml; make docs)} {
Failed to find javadoc for ptolemy.actor.lib.conversions.SmoothToDouble} {
Failed to find source for ptolemy.actor.lib.conversions.SmoothToDouble} {
Failed to find ptdoc for ptolemy.actor.lib.conversions.StringToBoolean.  Try doing (cd /home/travis/build/icyphy/ptII/doc/test/../../doc; rm codeDoc/ptolemy/actor/lib/Ramp.xml codeDoc/ptolemy/actor/lib/RampIdx.xml; make docs)} {
Failed to find javadoc for ptolemy.actor.lib.conversions.StringToBoolean} {
Failed to find source for ptolemy.actor.lib.conversions.StringToBoolean} {
Failed to find ptdoc for ptolemy.actor.lib.conversions.StringToDouble.  Try doing (cd /home/travis/build/icyphy/ptII/doc/test/../../doc; rm codeDoc/ptolemy/actor/lib/Ramp.xml codeDoc/ptolemy/actor/lib/RampIdx.xml; make docs)} {
Failed to find javadoc for ptolemy.actor.lib.conversions.StringToDouble} {
Failed to find source for ptolemy.actor.lib.conversions.StringToDouble} {
Failed to find ptdoc for ptolemy.actor.lib.conversions.StringToInt.  Try doing (cd /home/travis/build/icyphy/ptII/doc/test/../../doc; rm codeDoc/ptolemy/actor/lib/Ramp.xml codeDoc/ptolemy/actor/lib/RampIdx.xml; make docs)} {
Failed to find javadoc for ptolemy.actor.lib.conversions.StringToInt} {
Failed to find source for ptolemy.actor.lib.conversions.StringToInt} {
Failed to find ptdoc for ptolemy.actor.lib.conversions.StringToIntArray.  Try doing (cd /home/travis/build/icyphy/ptII/doc/test/../../doc; rm codeDoc/ptolemy/actor/lib/Ramp.xml codeDoc/ptolemy/actor/lib/RampIdx.xml; make docs)} {
Failed to find javadoc for ptolemy.actor.lib.conversions.StringToIntArray} {
Failed to find source for ptolemy.actor.lib.conversions.StringToIntArray} {
Failed to find ptdoc for ptolemy.actor.lib.conversions.StringToUnsignedByteArray.  Try doing (cd /home/travis/build/icyphy/ptII/doc/test/../../doc; rm codeDoc/ptolemy/actor/lib/Ramp.xml codeDoc/ptolemy/actor/lib/RampIdx.xml; make docs)} {
Failed to find javadoc for ptolemy.actor.lib.conversions.StringToUnsignedByteArray} {
Failed to find source for ptolemy.actor.lib.conversions.StringToUnsignedByteArray} {
Failed to find ptdoc for ptolemy.actor.lib.conversions.StringToXML.  Try doing (cd /home/travis/build/icyphy/ptII/doc/test/../../doc; rm codeDoc/ptolemy/actor/lib/Ramp.xml codeDoc/ptolemy/actor/lib/RampIdx.xml; make docs)} {
Failed to find javadoc for ptolemy.actor.lib.conversions.StringToXML} {
Failed to find source for ptolemy.actor.lib.conversions.StringToXML} {
Failed to find ptdoc for ptolemy.actor.lib.conversions.TokenToExpression.  Try doing (cd /home/travis/build/icyphy/ptII/doc/test/../../doc; rm codeDoc/ptolemy/actor/lib/Ramp.xml codeDoc/ptolemy/actor/lib/RampIdx.xml; make docs)} {
Failed to find javadoc for ptolemy.actor.lib.conversions.TokenToExpression} {
Failed to find source for ptolemy.actor.lib.conversions.TokenToExpression} {
Failed to find ptdoc for ptolemy.actor.lib.conversions.UnsignedByteArrayToString.  Try doing (cd /home/travis/build/icyphy/ptII/doc/test/../../doc; rm codeDoc/ptolemy/actor/lib/Ramp.xml codeDoc/ptolemy/actor/lib/RampIdx.xml; make docs)} {
Failed to find javadoc for ptolemy.actor.lib.conversions.UnsignedByteArrayToString} {
Failed to find source for ptolemy.actor.lib.conversions.UnsignedByteArrayToString} {
Failed to find ptdoc for ptolemy.actor.lib.BusAssembler.  Try doing (cd /home/travis/build/icyphy/ptII/doc/test/../../doc; rm codeDoc/ptolemy/actor/lib/Ramp.xml codeDoc/ptolemy/actor/lib/RampIdx.xml; make docs)} {
Failed to find javadoc for ptolemy.actor.lib.BusAssembler} {
Failed to find source for ptolemy.actor.lib.BusAssembler} {
Failed to find ptdoc for ptolemy.actor.lib.BusDisassembler.  Try doing (cd /home/travis/build/icyphy/ptII/doc/test/../../doc; rm codeDoc/ptolemy/actor/lib/Ramp.xml codeDoc/ptolemy/actor/lib/RampIdx.xml; make docs)} {
Failed to find javadoc for ptolemy.actor.lib.BusDisassembler} {
Failed to find source for ptolemy.actor.lib.BusDisassembler} {
Failed to find ptdoc for ptolemy.actor.lib.Commutator.  Try doing (cd /home/travis/build/icyphy/ptII/doc/test/../../doc; rm codeDoc/ptolemy/actor/lib/Ramp.xml codeDoc/ptolemy/actor/lib/RampIdx.xml; make docs)} {
Failed to find javadoc for ptolemy.actor.lib.Commutator} {
Failed to find source for ptolemy.actor.lib.Commutator} {
Failed to find ptdoc for ptolemy.actor.lib.Distributor.  Try doing (cd /home/travis/build/icyphy/ptII/doc/test/../../doc; rm codeDoc/ptolemy/actor/lib/Ramp.xml codeDoc/ptolemy/actor/lib/RampIdx.xml; make docs)} {
Failed to find javadoc for ptolemy.actor.lib.Distributor} {
Failed to find source for ptolemy.actor.lib.Distributor} {
Failed to find ptdoc for ptolemy.actor.lib.Multiplexor.  Try doing (cd /home/travis/build/icyphy/ptII/doc/test/../../doc; rm codeDoc/ptolemy/actor/lib/Ramp.xml codeDoc/ptolemy/actor/lib/RampIdx.xml; make docs)} {
Failed to find javadoc for ptolemy.actor.lib.Multiplexor} {
Failed to find source for ptolemy.actor.lib.Multiplexor} {
Failed to find ptdoc for ptolemy.actor.lib.OrderedRecordAssembler.  Try doing (cd /home/travis/build/icyphy/ptII/doc/test/../../doc; rm codeDoc/ptolemy/actor/lib/Ramp.xml codeDoc/ptolemy/actor/lib/RampIdx.xml; make docs)} {
Failed to find javadoc for ptolemy.actor.lib.OrderedRecordAssembler} {
Failed to find source for ptolemy.actor.lib.OrderedRecordAssembler} {
Failed to find ptdoc for ptolemy.actor.lib.RecordAssembler.  Try doing (cd /home/travis/build/icyphy/ptII/doc/test/../../doc; rm codeDoc/ptolemy/actor/lib/Ramp.xml codeDoc/ptolemy/actor/lib/RampIdx.xml; make docs)} {
Failed to find javadoc for ptolemy.actor.lib.RecordAssembler} {
Failed to find source for ptolemy.actor.lib.RecordAssembler} {
Failed to find ptdoc for ptolemy.actor.lib.RecordDisassembler.  Try doing (cd /home/travis/build/icyphy/ptII/doc/test/../../doc; rm codeDoc/ptolemy/actor/lib/Ramp.xml codeDoc/ptolemy/actor/lib/RampIdx.xml; make docs)} {
Failed to find javadoc for ptolemy.actor.lib.RecordDisassembler} {
Failed to find source for ptolemy.actor.lib.RecordDisassembler} {
Failed to find ptdoc for ptolemy.actor.lib.RecordUpdater.  Try doing (cd /home/travis/build/icyphy/ptII/doc/test/../../doc; rm codeDoc/ptolemy/actor/lib/Ramp.xml codeDoc/ptolemy/actor/lib/RampIdx.xml; make docs)} {
Failed to find javadoc for ptolemy.actor.lib.RecordUpdater} {
Failed to find source for ptolemy.actor.lib.RecordUpdater} {
Failed to find ptdoc for ptolemy.actor.lib.Sampler.  Try doing (cd /home/travis/build/icyphy/ptII/doc/test/../../doc; rm codeDoc/ptolemy/actor/lib/Ramp.xml codeDoc/ptolemy/actor/lib/RampIdx.xml; make docs)} {
Failed to find javadoc for ptolemy.actor.lib.Sampler} {
Failed to find source for ptolemy.actor.lib.Sampler} {
Failed to find ptdoc for ptolemy.actor.lib.Select.  Try doing (cd /home/travis/build/icyphy/ptII/doc/test/../../doc; rm codeDoc/ptolemy/actor/lib/Ramp.xml codeDoc/ptolemy/actor/lib/RampIdx.xml; make docs)} {
Failed to find javadoc for ptolemy.actor.lib.Select} {
Failed to find source for ptolemy.actor.lib.Select} {
Failed to find ptdoc for ptolemy.actor.lib.SingleTokenCommutator.  Try doing (cd /home/travis/build/icyphy/ptII/doc/test/../../doc; rm codeDoc/ptolemy/actor/lib/Ramp.xml codeDoc/ptolemy/actor/lib/RampIdx.xml; make docs)} {
Failed to find javadoc for ptolemy.actor.lib.SingleTokenCommutator} {
Failed to find source for ptolemy.actor.lib.SingleTokenCommutator} {
Failed to find ptdoc for ptolemy.actor.lib.Switch.  Try doing (cd /home/travis/build/icyphy/ptII/doc/test/../../doc; rm codeDoc/ptolemy/actor/lib/Ramp.xml codeDoc/ptolemy/actor/lib/RampIdx.xml; make docs)} {
Failed to find javadoc for ptolemy.actor.lib.Switch} {
Failed to find source for ptolemy.actor.lib.Switch} {
Failed to find ptdoc for ptolemy.actor.lib.Synchronizer.  Try doing (cd /home/travis/build/icyphy/ptII/doc/test/../../doc; rm codeDoc/ptolemy/actor/lib/Ramp.xml codeDoc/ptolemy/actor/lib/RampIdx.xml; make docs)} {
Failed to find javadoc for ptolemy.actor.lib.Synchronizer} {
Failed to find source for ptolemy.actor.lib.Synchronizer} {
Failed to find ptdoc for ptolemy.actor.lib.UnionDisassembler.  Try doing (cd /home/travis/build/icyphy/ptII/doc/test/../../doc; rm codeDoc/ptolemy/actor/lib/Ramp.xml codeDoc/ptolemy/actor/lib/RampIdx.xml; make docs)} {
Failed to find javadoc for ptolemy.actor.lib.UnionDisassembler} {
Failed to find source for ptolemy.actor.lib.UnionDisassembler} {
Failed to find ptdoc for ptolemy.actor.lib.UnionMerge.  Try doing (cd /home/travis/build/icyphy/ptII/doc/test/../../doc; rm codeDoc/ptolemy/actor/lib/Ramp.xml codeDoc/ptolemy/actor/lib/RampIdx.xml; make docs)} {
Failed to find javadoc for ptolemy.actor.lib.UnionMerge} {
Failed to find source for ptolemy.actor.lib.UnionMerge} {
Failed to find ptdoc for ptolemy.actor.lib.VectorAssembler.  Try doing (cd /home/travis/build/icyphy/ptII/doc/test/../../doc; rm codeDoc/ptolemy/actor/lib/Ramp.xml codeDoc/ptolemy/actor/lib/RampIdx.xml; make docs)} {
Failed to find javadoc for ptolemy.actor.lib.VectorAssembler} {
Failed to find source for ptolemy.actor.lib.VectorAssembler} {
Failed to find ptdoc for ptolemy.actor.lib.VectorDisassembler.  Try doing (cd /home/travis/build/icyphy/ptII/doc/test/../../doc; rm codeDoc/ptolemy/actor/lib/Ramp.xml codeDoc/ptolemy/actor/lib/RampIdx.xml; make docs)} {
Failed to find javadoc for ptolemy.actor.lib.VectorDisassembler} {
Failed to find source for ptolemy.actor.lib.VectorDisassembler} {
Failed to find ptdoc for ptolemy.actor.lib.BooleanMultiplexor.  Try doing (cd /home/travis/build/icyphy/ptII/doc/test/../../doc; rm codeDoc/ptolemy/actor/lib/Ramp.xml codeDoc/ptolemy/actor/lib/RampIdx.xml; make docs)} {
Failed to find javadoc for ptolemy.actor.lib.BooleanMultiplexor} {
Failed to find source for ptolemy.actor.lib.BooleanMultiplexor} {
Failed to find ptdoc for ptolemy.actor.lib.BooleanSelect.  Try doing (cd /home/travis/build/icyphy/ptII/doc/test/../../doc; rm codeDoc/ptolemy/actor/lib/Ramp.xml codeDoc/ptolemy/actor/lib/RampIdx.xml; make docs)} {
Failed to find javadoc for ptolemy.actor.lib.BooleanSelect} {
Failed to find source for ptolemy.actor.lib.BooleanSelect} {
Failed to find ptdoc for ptolemy.actor.lib.BooleanSwitch.  Try doing (cd /home/travis/build/icyphy/ptII/doc/test/../../doc; rm codeDoc/ptolemy/actor/lib/Ramp.xml codeDoc/ptolemy/actor/lib/RampIdx.xml; make docs)} {
Failed to find javadoc for ptolemy.actor.lib.BooleanSwitch} {
Failed to find source for ptolemy.actor.lib.BooleanSwitch} {
Failed to find ptdoc for ptolemy.actor.lib.ConfigurationSelect.  Try doing (cd /home/travis/build/icyphy/ptII/doc/test/../../doc; rm codeDoc/ptolemy/actor/lib/Ramp.xml codeDoc/ptolemy/actor/lib/RampIdx.xml; make docs)} {
Failed to find javadoc for ptolemy.actor.lib.ConfigurationSelect} {
Failed to find source for ptolemy.actor.lib.ConfigurationSelect} {
Failed to find ptdoc for ptolemy.actor.lib.ConfigurationSwitch.  Try doing (cd /home/travis/build/icyphy/ptII/doc/test/../../doc; rm codeDoc/ptolemy/actor/lib/Ramp.xml codeDoc/ptolemy/actor/lib/RampIdx.xml; make docs)} {
Failed to find javadoc for ptolemy.actor.lib.ConfigurationSwitch} {
Failed to find source for ptolemy.actor.lib.ConfigurationSwitch} {
Failed to find ptdoc for ptolemy.domains.sdf.lib.CountTrues.  Try doing (cd /home/travis/build/icyphy/ptII/doc/test/../../doc; rm codeDoc/ptolemy/actor/lib/Ramp.xml codeDoc/ptolemy/actor/lib/RampIdx.xml; make docs)} {
Failed to find javadoc for ptolemy.domains.sdf.lib.CountTrues} {
Failed to find source for ptolemy.domains.sdf.lib.CountTrues} {
Failed to find ptdoc for ptolemy.domains.sdf.lib.Chop.  Try doing (cd /home/travis/build/icyphy/ptII/doc/test/../../doc; rm codeDoc/ptolemy/actor/lib/Ramp.xml codeDoc/ptolemy/actor/lib/RampIdx.xml; make docs)} {
Failed to find javadoc for ptolemy.domains.sdf.lib.Chop} {
Failed to find source for ptolemy.domains.sdf.lib.Chop} {
Failed to find ptdoc for ptolemy.actor.lib.Default.  Try doing (cd /home/travis/build/icyphy/ptII/doc/test/../../doc; rm codeDoc/ptolemy/actor/lib/Ramp.xml codeDoc/ptolemy/actor/lib/RampIdx.xml; make docs)} {
Failed to find javadoc for ptolemy.actor.lib.Default} {
Failed to find source for ptolemy.actor.lib.Default} {
Failed to find ptdoc for ptolemy.domains.sdf.lib.Repeat.  Try doing (cd /home/travis/build/icyphy/ptII/doc/test/../../doc; rm codeDoc/ptolemy/actor/lib/Ramp.xml codeDoc/ptolemy/actor/lib/RampIdx.xml; make docs)} {
Failed to find javadoc for ptolemy.domains.sdf.lib.Repeat} {
Failed to find source for ptolemy.domains.sdf.lib.Repeat} {
Failed to find ptdoc for ptolemy.domains.sdf.lib.SampleDelay.  Try doing (cd /home/travis/build/icyphy/ptII/doc/test/../../doc; rm codeDoc/ptolemy/actor/lib/Ramp.xml codeDoc/ptolemy/actor/lib/RampIdx.xml; make docs)} {
Failed to find javadoc for ptolemy.domains.sdf.lib.SampleDelay} {
Failed to find source for ptolemy.domains.sdf.lib.SampleDelay} {
Failed to find ptdoc for ptolemy.actor.lib.Sequencer.  Try doing (cd /home/travis/build/icyphy/ptII/doc/test/../../doc; rm codeDoc/ptolemy/actor/lib/Ramp.xml codeDoc/ptolemy/actor/lib/RampIdx.xml; make docs)} {
Failed to find javadoc for ptolemy.actor.lib.Sequencer} {
Failed to find source for ptolemy.actor.lib.Sequencer} {
Failed to find ptdoc for ptolemy.actor.lib.Exit.  Try doing (cd /home/travis/build/icyphy/ptII/doc/test/../../doc; rm codeDoc/ptolemy/actor/lib/Ramp.xml codeDoc/ptolemy/actor/lib/RampIdx.xml; make docs)} {
Failed to find javadoc for ptolemy.actor.lib.Exit} {
Failed to find source for ptolemy.actor.lib.Exit} {
Failed to find ptdoc for ptolemy.actor.lib.Stop.  Try doing (cd /home/travis/build/icyphy/ptII/doc/test/../../doc; rm codeDoc/ptolemy/actor/lib/Ramp.xml codeDoc/ptolemy/actor/lib/RampIdx.xml; make docs)} {
Failed to find javadoc for ptolemy.actor.lib.Stop} {
Failed to find source for ptolemy.actor.lib.Stop} {
Failed to find ptdoc for ptolemy.actor.lib.Pause.  Try doing (cd /home/travis/build/icyphy/ptII/doc/test/../../doc; rm codeDoc/ptolemy/actor/lib/Ramp.xml codeDoc/ptolemy/actor/lib/RampIdx.xml; make docs)} {
Failed to find javadoc for ptolemy.actor.lib.Pause} {
Failed to find source for ptolemy.actor.lib.Pause} {
Failed to find ptdoc for ptolemy.actor.lib.ThrowException.  Try doing (cd /home/travis/build/icyphy/ptII/doc/test/../../doc; rm codeDoc/ptolemy/actor/lib/Ramp.xml codeDoc/ptolemy/actor/lib/RampIdx.xml; make docs)} {
Failed to find javadoc for ptolemy.actor.lib.ThrowException} {
Failed to find source for ptolemy.actor.lib.ThrowException} {
Failed to find ptdoc for ptolemy.actor.lib.ThrowModelError.  Try doing (cd /home/travis/build/icyphy/ptII/doc/test/../../doc; rm codeDoc/ptolemy/actor/lib/Ramp.xml codeDoc/ptolemy/actor/lib/RampIdx.xml; make docs)} {
Failed to find javadoc for ptolemy.actor.lib.ThrowModelError} {
Failed to find source for ptolemy.actor.lib.ThrowModelError} {
Failed to find ptdoc for ptolemy.actor.lib.Dictionary.  Try doing (cd /home/travis/build/icyphy/ptII/doc/test/../../doc; rm codeDoc/ptolemy/actor/lib/Ramp.xml codeDoc/ptolemy/actor/lib/RampIdx.xml; make docs)} {
Failed to find javadoc for ptolemy.actor.lib.Dictionary} {
Failed to find source for ptolemy.actor.lib.Dictionary} {
Failed to find ptdoc for ptolemy.actor.lib.gui.ArrowKeySensor.  Try doing (cd /home/travis/build/icyphy/ptII/doc/test/../../doc; rm codeDoc/ptolemy/actor/lib/Ramp.xml codeDoc/ptolemy/actor/lib/RampIdx.xml; make docs)} {
Failed to find javadoc for ptolemy.actor.lib.gui.ArrowKeySensor} {
Failed to find source for ptolemy.actor.lib.gui.ArrowKeySensor} {
Failed to find ptdoc for ptolemy.actor.lib.io.CSVReader.  Try doing (cd /home/travis/build/icyphy/ptII/doc/test/../../doc; rm codeDoc/ptolemy/actor/lib/Ramp.xml codeDoc/ptolemy/actor/lib/RampIdx.xml; make docs)} {
Failed to find javadoc for ptolemy.actor.lib.io.CSVReader} {
Failed to find source for ptolemy.actor.lib.io.CSVReader} {
Failed to find ptdoc for ptolemy.actor.lib.io.CSVWriter.  Try doing (cd /home/travis/build/icyphy/ptII/doc/test/../../doc; rm codeDoc/ptolemy/actor/lib/Ramp.xml codeDoc/ptolemy/actor/lib/RampIdx.xml; make docs)} {
Failed to find javadoc for ptolemy.actor.lib.io.CSVWriter} {
Failed to find source for ptolemy.actor.lib.io.CSVWriter} {
Failed to find ptdoc for ptolemy.actor.lib.net.DatagramReader.  Try doing (cd /home/travis/build/icyphy/ptII/doc/test/../../doc; rm codeDoc/ptolemy/actor/lib/Ramp.xml codeDoc/ptolemy/actor/lib/RampIdx.xml; make docs)} {
Failed to find javadoc for ptolemy.actor.lib.net.DatagramReader} {
Failed to find source for ptolemy.actor.lib.net.DatagramReader} {
Failed to find ptdoc for ptolemy.actor.lib.net.DatagramWriter.  Try doing (cd /home/travis/build/icyphy/ptII/doc/test/../../doc; rm codeDoc/ptolemy/actor/lib/Ramp.xml codeDoc/ptolemy/actor/lib/RampIdx.xml; make docs)} {
Failed to find javadoc for ptolemy.actor.lib.net.DatagramWriter} {
Failed to find source for ptolemy.actor.lib.net.DatagramWriter} {
Failed to find ptdoc for ptolemy.actor.lib.io.DirectoryListing.  Try doing (cd /home/travis/build/icyphy/ptII/doc/test/../../doc; rm codeDoc/ptolemy/actor/lib/Ramp.xml codeDoc/ptolemy/actor/lib/RampIdx.xml; make docs)} {
Failed to find javadoc for ptolemy.actor.lib.io.DirectoryListing} {
Failed to find source for ptolemy.actor.lib.io.DirectoryListing} {
Failed to find ptdoc for ptolemy.actor.lib.io.FileReader.  Try doing (cd /home/travis/build/icyphy/ptII/doc/test/../../doc; rm codeDoc/ptolemy/actor/lib/Ramp.xml codeDoc/ptolemy/actor/lib/RampIdx.xml; make docs)} {
Failed to find javadoc for ptolemy.actor.lib.io.FileReader} {
Failed to find source for ptolemy.actor.lib.io.FileReader} {
Failed to find ptdoc for ptolemy.actor.lib.net.IPAddress.  Try doing (cd /home/travis/build/icyphy/ptII/doc/test/../../doc; rm codeDoc/ptolemy/actor/lib/Ramp.xml codeDoc/ptolemy/actor/lib/RampIdx.xml; make docs)} {
Failed to find javadoc for ptolemy.actor.lib.net.IPAddress} {
Failed to find source for ptolemy.actor.lib.net.IPAddress} {
Failed to find ptdoc for ptolemy.actor.lib.FileWriter.  Try doing (cd /home/travis/build/icyphy/ptII/doc/test/../../doc; rm codeDoc/ptolemy/actor/lib/Ramp.xml codeDoc/ptolemy/actor/lib/RampIdx.xml; make docs)} {
Failed to find javadoc for ptolemy.actor.lib.FileWriter} {
Failed to find source for ptolemy.actor.lib.FileWriter} {
Failed to find ptdoc for ptolemy.actor.lib.io.LineReader.  Try doing (cd /home/travis/build/icyphy/ptII/doc/test/../../doc; rm codeDoc/ptolemy/actor/lib/Ramp.xml codeDoc/ptolemy/actor/lib/RampIdx.xml; make docs)} {
Failed to find javadoc for ptolemy.actor.lib.io.LineReader} {
Failed to find source for ptolemy.actor.lib.io.LineReader} {
Failed to find ptdoc for ptolemy.actor.lib.io.LineWriter.  Try doing (cd /home/travis/build/icyphy/ptII/doc/test/../../doc; rm codeDoc/ptolemy/actor/lib/Ramp.xml codeDoc/ptolemy/actor/lib/RampIdx.xml; make docs)} {
Failed to find javadoc for ptolemy.actor.lib.io.LineWriter} {
Failed to find source for ptolemy.actor.lib.io.LineWriter} {
Failed to find ptdoc for ptolemy.actor.lib.logic.Comparator.  Try doing (cd /home/travis/build/icyphy/ptII/doc/test/../../doc; rm codeDoc/ptolemy/actor/lib/Ramp.xml codeDoc/ptolemy/actor/lib/RampIdx.xml; make docs)} {
Failed to find javadoc for ptolemy.actor.lib.logic.Comparator} {
Failed to find source for ptolemy.actor.lib.logic.Comparator} {
Failed to find ptdoc for ptolemy.actor.lib.logic.Equals.  Try doing (cd /home/travis/build/icyphy/ptII/doc/test/../../doc; rm codeDoc/ptolemy/actor/lib/Ramp.xml codeDoc/ptolemy/actor/lib/RampIdx.xml; make docs)} {
Failed to find javadoc for ptolemy.actor.lib.logic.Equals} {
Failed to find source for ptolemy.actor.lib.logic.Equals} {
Failed to find ptdoc for ptolemy.actor.lib.logic.IsPresent.  Try doing (cd /home/travis/build/icyphy/ptII/doc/test/../../doc; rm codeDoc/ptolemy/actor/lib/Ramp.xml codeDoc/ptolemy/actor/lib/RampIdx.xml; make docs)} {
Failed to find javadoc for ptolemy.actor.lib.logic.IsPresent} {
Failed to find source for ptolemy.actor.lib.logic.IsPresent} {
Failed to find ptdoc for ptolemy.actor.lib.logic.LogicalNot.  Try doing (cd /home/travis/build/icyphy/ptII/doc/test/../../doc; rm codeDoc/ptolemy/actor/lib/Ramp.xml codeDoc/ptolemy/actor/lib/RampIdx.xml; make docs)} {
Failed to find javadoc for ptolemy.actor.lib.logic.LogicalNot} {
Failed to find source for ptolemy.actor.lib.logic.LogicalNot} {
Failed to find ptdoc for ptolemy.actor.lib.logic.LogicGate.  Try doing (cd /home/travis/build/icyphy/ptII/doc/test/../../doc; rm codeDoc/ptolemy/actor/lib/Ramp.xml codeDoc/ptolemy/actor/lib/RampIdx.xml; make docs)} {
Failed to find javadoc for ptolemy.actor.lib.logic.LogicGate} {
Failed to find source for ptolemy.actor.lib.logic.LogicGate} {
Failed to find ptdoc for ptolemy.actor.lib.logic.TrueGate.  Try doing (cd /home/travis/build/icyphy/ptII/doc/test/../../doc; rm codeDoc/ptolemy/actor/lib/Ramp.xml codeDoc/ptolemy/actor/lib/RampIdx.xml; make docs)} {
Failed to find javadoc for ptolemy.actor.lib.logic.TrueGate} {
Failed to find source for ptolemy.actor.lib.logic.TrueGate} {
Failed to find ptdoc for ptolemy.actor.lib.AbsoluteValue.  Try doing (cd /home/travis/build/icyphy/ptII/doc/test/../../doc; rm codeDoc/ptolemy/actor/lib/Ramp.xml codeDoc/ptolemy/actor/lib/RampIdx.xml; make docs)} {
Failed to find javadoc for ptolemy.actor.lib.AbsoluteValue} {
Failed to find source for ptolemy.actor.lib.AbsoluteValue} {
Failed to find ptdoc for ptolemy.actor.lib.AddSubtract.  Try doing (cd /home/travis/build/icyphy/ptII/doc/test/../../doc; rm codeDoc/ptolemy/actor/lib/Ramp.xml codeDoc/ptolemy/actor/lib/RampIdx.xml; make docs)} {
Failed to find javadoc for ptolemy.actor.lib.AddSubtract} {
Failed to find source for ptolemy.actor.lib.AddSubtract} {
Failed to find ptdoc for ptolemy.actor.lib.Accumulator.  Try doing (cd /home/travis/build/icyphy/ptII/doc/test/../../doc; rm codeDoc/ptolemy/actor/lib/Ramp.xml codeDoc/ptolemy/actor/lib/RampIdx.xml; make docs)} {
Failed to find javadoc for ptolemy.actor.lib.Accumulator} {
Failed to find source for ptolemy.actor.lib.Accumulator} {
Failed to find ptdoc for ptolemy.actor.lib.Average.  Try doing (cd /home/travis/build/icyphy/ptII/doc/test/../../doc; rm codeDoc/ptolemy/actor/lib/Ramp.xml codeDoc/ptolemy/actor/lib/RampIdx.xml; make docs)} {
Failed to find javadoc for ptolemy.actor.lib.Average} {
Failed to find source for ptolemy.actor.lib.Average} {
Failed to find ptdoc for ptolemy.actor.lib.Counter.  Try doing (cd /home/travis/build/icyphy/ptII/doc/test/../../doc; rm codeDoc/ptolemy/actor/lib/Ramp.xml codeDoc/ptolemy/actor/lib/RampIdx.xml; make docs)} {
Failed to find javadoc for ptolemy.actor.lib.Counter} {
Failed to find source for ptolemy.actor.lib.Counter} {
Failed to find ptdoc for ptolemy.actor.lib.Differential.  Try doing (cd /home/travis/build/icyphy/ptII/doc/test/../../doc; rm codeDoc/ptolemy/actor/lib/Ramp.xml codeDoc/ptolemy/actor/lib/RampIdx.xml; make docs)} {
Failed to find javadoc for ptolemy.actor.lib.Differential} {
Failed to find source for ptolemy.actor.lib.Differential} {
Failed to find ptdoc for ptolemy.domains.sdf.lib.DotProduct.  Try doing (cd /home/travis/build/icyphy/ptII/doc/test/../../doc; rm codeDoc/ptolemy/actor/lib/Ramp.xml codeDoc/ptolemy/actor/lib/RampIdx.xml; make docs)} {
Failed to find javadoc for ptolemy.domains.sdf.lib.DotProduct} {
Failed to find source for ptolemy.domains.sdf.lib.DotProduct} {
Failed to find ptdoc for ptolemy.actor.lib.Expression.  Try doing (cd /home/travis/build/icyphy/ptII/doc/test/../../doc; rm codeDoc/ptolemy/actor/lib/Ramp.xml codeDoc/ptolemy/actor/lib/RampIdx.xml; make docs)} {
Failed to find javadoc for ptolemy.actor.lib.Expression} {
Failed to find source for ptolemy.actor.lib.Expression} {
Failed to find ptdoc for ptolemy.actor.lib.Limiter.  Try doing (cd /home/travis/build/icyphy/ptII/doc/test/../../doc; rm codeDoc/ptolemy/actor/lib/Ramp.xml codeDoc/ptolemy/actor/lib/RampIdx.xml; make docs)} {
Failed to find javadoc for ptolemy.actor.lib.Limiter} {
Failed to find source for ptolemy.actor.lib.Limiter} {
Failed to find ptdoc for ptolemy.actor.lib.LookupTable.  Try doing (cd /home/travis/build/icyphy/ptII/doc/test/../../doc; rm codeDoc/ptolemy/actor/lib/Ramp.xml codeDoc/ptolemy/actor/lib/RampIdx.xml; make docs)} {
Failed to find javadoc for ptolemy.actor.lib.LookupTable} {
Failed to find source for ptolemy.actor.lib.LookupTable} {
Failed to find ptdoc for ptolemy.actor.lib.Maximum.  Try doing (cd /home/travis/build/icyphy/ptII/doc/test/../../doc; rm codeDoc/ptolemy/actor/lib/Ramp.xml codeDoc/ptolemy/actor/lib/RampIdx.xml; make docs)} {
Failed to find javadoc for ptolemy.actor.lib.Maximum} {
Failed to find source for ptolemy.actor.lib.Maximum} {
Failed to find ptdoc for ptolemy.actor.lib.Minimum.  Try doing (cd /home/travis/build/icyphy/ptII/doc/test/../../doc; rm codeDoc/ptolemy/actor/lib/Ramp.xml codeDoc/ptolemy/actor/lib/RampIdx.xml; make docs)} {
Failed to find javadoc for ptolemy.actor.lib.Minimum} {
Failed to find source for ptolemy.actor.lib.Minimum} {
Failed to find ptdoc for ptolemy.actor.lib.MovingAverage.  Try doing (cd /home/travis/build/icyphy/ptII/doc/test/../../doc; rm codeDoc/ptolemy/actor/lib/Ramp.xml codeDoc/ptolemy/actor/lib/RampIdx.xml; make docs)} {
Failed to find javadoc for ptolemy.actor.lib.MovingAverage} {
Failed to find source for ptolemy.actor.lib.MovingAverage} {
Failed to find ptdoc for ptolemy.actor.lib.MultiplyDivide.  Try doing (cd /home/travis/build/icyphy/ptII/doc/test/../../doc; rm codeDoc/ptolemy/actor/lib/Ramp.xml codeDoc/ptolemy/actor/lib/RampIdx.xml; make docs)} {
Failed to find javadoc for ptolemy.actor.lib.MultiplyDivide} {
Failed to find source for ptolemy.actor.lib.MultiplyDivide} {
Failed to find ptdoc for ptolemy.actor.lib.Quantizer.  Try doing (cd /home/travis/build/icyphy/ptII/doc/test/../../doc; rm codeDoc/ptolemy/actor/lib/Ramp.xml codeDoc/ptolemy/actor/lib/RampIdx.xml; make docs)} {
Failed to find javadoc for ptolemy.actor.lib.Quantizer} {
Failed to find source for ptolemy.actor.lib.Quantizer} {
Failed to find ptdoc for ptolemy.actor.lib.Remainder.  Try doing (cd /home/travis/build/icyphy/ptII/doc/test/../../doc; rm codeDoc/ptolemy/actor/lib/Ramp.xml codeDoc/ptolemy/actor/lib/RampIdx.xml; make docs)} {
Failed to find javadoc for ptolemy.actor.lib.Remainder} {
Failed to find source for ptolemy.actor.lib.Remainder} {
Failed to find ptdoc for ptolemy.actor.lib.RunningMaximum.  Try doing (cd /home/travis/build/icyphy/ptII/doc/test/../../doc; rm codeDoc/ptolemy/actor/lib/Ramp.xml codeDoc/ptolemy/actor/lib/RampIdx.xml; make docs)} {
Failed to find javadoc for ptolemy.actor.lib.RunningMaximum} {
Failed to find source for ptolemy.actor.lib.RunningMaximum} {
Failed to find ptdoc for ptolemy.actor.lib.RunningMinimum.  Try doing (cd /home/travis/build/icyphy/ptII/doc/test/../../doc; rm codeDoc/ptolemy/actor/lib/Ramp.xml codeDoc/ptolemy/actor/lib/RampIdx.xml; make docs)} {
Failed to find javadoc for ptolemy.actor.lib.RunningMinimum} {
Failed to find source for ptolemy.actor.lib.RunningMinimum} {
Failed to find ptdoc for ptolemy.actor.lib.Scale.  Try doing (cd /home/travis/build/icyphy/ptII/doc/test/../../doc; rm codeDoc/ptolemy/actor/lib/Ramp.xml codeDoc/ptolemy/actor/lib/RampIdx.xml; make docs)} {
Failed to find javadoc for ptolemy.actor.lib.Scale} {
Failed to find source for ptolemy.actor.lib.Scale} {
Failed to find ptdoc for ptolemy.actor.lib.TrigFunction.  Try doing (cd /home/travis/build/icyphy/ptII/doc/test/../../doc; rm codeDoc/ptolemy/actor/lib/Ramp.xml codeDoc/ptolemy/actor/lib/RampIdx.xml; make docs)} {
Failed to find javadoc for ptolemy.actor.lib.TrigFunction} {
Failed to find source for ptolemy.actor.lib.TrigFunction} {
Failed to find ptdoc for ptolemy.actor.lib.UnaryMathFunction.  Try doing (cd /home/travis/build/icyphy/ptII/doc/test/../../doc; rm codeDoc/ptolemy/actor/lib/Ramp.xml codeDoc/ptolemy/actor/lib/RampIdx.xml; make docs)} {
Failed to find javadoc for ptolemy.actor.lib.UnaryMathFunction} {
Failed to find source for ptolemy.actor.lib.UnaryMathFunction} {
Failed to find ptdoc for ptolemy.actor.lib.ArrayToMatrix.  Try doing (cd /home/travis/build/icyphy/ptII/doc/test/../../doc; rm codeDoc/ptolemy/actor/lib/Ramp.xml codeDoc/ptolemy/actor/lib/RampIdx.xml; make docs)} {
Failed to find javadoc for ptolemy.actor.lib.ArrayToMatrix} {
Failed to find source for ptolemy.actor.lib.ArrayToMatrix} {
Failed to find ptdoc for ptolemy.domains.sdf.lib.MatrixJoin.  Try doing (cd /home/travis/build/icyphy/ptII/doc/test/../../doc; rm codeDoc/ptolemy/actor/lib/Ramp.xml codeDoc/ptolemy/actor/lib/RampIdx.xml; make docs)} {
Failed to find javadoc for ptolemy.domains.sdf.lib.MatrixJoin} {
Failed to find source for ptolemy.domains.sdf.lib.MatrixJoin} {
Failed to find ptdoc for ptolemy.domains.sdf.lib.MatrixSplit.  Try doing (cd /home/travis/build/icyphy/ptII/doc/test/../../doc; rm codeDoc/ptolemy/actor/lib/Ramp.xml codeDoc/ptolemy/actor/lib/RampIdx.xml; make docs)} {
Failed to find javadoc for ptolemy.domains.sdf.lib.MatrixSplit} {
Failed to find source for ptolemy.domains.sdf.lib.MatrixSplit} {
Failed to find ptdoc for ptolemy.actor.lib.MatrixToArray.  Try doing (cd /home/travis/build/icyphy/ptII/doc/test/../../doc; rm codeDoc/ptolemy/actor/lib/Ramp.xml codeDoc/ptolemy/actor/lib/RampIdx.xml; make docs)} {
Failed to find javadoc for ptolemy.actor.lib.MatrixToArray} {
Failed to find source for ptolemy.actor.lib.MatrixToArray} {
Failed to find ptdoc for ptolemy.domains.sdf.lib.MatrixToSequence.  Try doing (cd /home/travis/build/icyphy/ptII/doc/test/../../doc; rm codeDoc/ptolemy/actor/lib/Ramp.xml codeDoc/ptolemy/actor/lib/RampIdx.xml; make docs)} {
Failed to find javadoc for ptolemy.domains.sdf.lib.MatrixToSequence} {
Failed to find source for ptolemy.domains.sdf.lib.MatrixToSequence} {
Failed to find ptdoc for ptolemy.actor.lib.gui.MatrixViewer.  Try doing (cd /home/travis/build/icyphy/ptII/doc/test/../../doc; rm codeDoc/ptolemy/actor/lib/Ramp.xml codeDoc/ptolemy/actor/lib/RampIdx.xml; make docs)} {
Failed to find javadoc for ptolemy.actor.lib.gui.MatrixViewer} {
Failed to find source for ptolemy.actor.lib.gui.MatrixViewer} {
Failed to find ptdoc for ptolemy.domains.sdf.lib.SequenceToMatrix.  Try doing (cd /home/travis/build/icyphy/ptII/doc/test/../../doc; rm codeDoc/ptolemy/actor/lib/Ramp.xml codeDoc/ptolemy/actor/lib/RampIdx.xml; make docs)} {
Failed to find javadoc for ptolemy.domains.sdf.lib.SequenceToMatrix} {
Failed to find source for ptolemy.domains.sdf.lib.SequenceToMatrix} {
Failed to find ptdoc for ptolemy.actor.lib.SubMatrix.  Try doing (cd /home/travis/build/icyphy/ptII/doc/test/../../doc; rm codeDoc/ptolemy/actor/lib/Ramp.xml codeDoc/ptolemy/actor/lib/RampIdx.xml; make docs)} {
Failed to find javadoc for ptolemy.actor.lib.SubMatrix} {
Failed to find source for ptolemy.actor.lib.SubMatrix} {
Failed to find ptdoc for ptolemy.actor.lib.Bernoulli.  Try doing (cd /home/travis/build/icyphy/ptII/doc/test/../../doc; rm codeDoc/ptolemy/actor/lib/Ramp.xml codeDoc/ptolemy/actor/lib/RampIdx.xml; make docs)} {
Failed to find javadoc for ptolemy.actor.lib.Bernoulli} {
Failed to find source for ptolemy.actor.lib.Bernoulli} {
Failed to find ptdoc for ptolemy.actor.lib.DiscreteRandomSource.  Try doing (cd /home/travis/build/icyphy/ptII/doc/test/../../doc; rm codeDoc/ptolemy/actor/lib/Ramp.xml codeDoc/ptolemy/actor/lib/RampIdx.xml; make docs)} {
Failed to find javadoc for ptolemy.actor.lib.DiscreteRandomSource} {
Failed to find source for ptolemy.actor.lib.DiscreteRandomSource} {
Failed to find ptdoc for ptolemy.actor.lib.Gaussian.  Try doing (cd /home/travis/build/icyphy/ptII/doc/test/../../doc; rm codeDoc/ptolemy/actor/lib/Ramp.xml codeDoc/ptolemy/actor/lib/RampIdx.xml; make docs)} {
Failed to find javadoc for ptolemy.actor.lib.Gaussian} {
Failed to find source for ptolemy.actor.lib.Gaussian} {
Failed to find ptdoc for ptolemy.actor.lib.RandomInteger.  Try doing (cd /home/travis/build/icyphy/ptII/doc/test/../../doc; rm codeDoc/ptolemy/actor/lib/Ramp.xml codeDoc/ptolemy/actor/lib/RampIdx.xml; make docs)} {
Failed to find javadoc for ptolemy.actor.lib.RandomInteger} {
Failed to find source for ptolemy.actor.lib.RandomInteger} {
Failed to find ptdoc for ptolemy.actor.lib.Rician.  Try doing (cd /home/travis/build/icyphy/ptII/doc/test/../../doc; rm codeDoc/ptolemy/actor/lib/Ramp.xml codeDoc/ptolemy/actor/lib/RampIdx.xml; make docs)} {
Failed to find javadoc for ptolemy.actor.lib.Rician} {
Failed to find source for ptolemy.actor.lib.Rician} {
Failed to find ptdoc for ptolemy.actor.lib.Triangular.  Try doing (cd /home/travis/build/icyphy/ptII/doc/test/../../doc; rm codeDoc/ptolemy/actor/lib/Ramp.xml codeDoc/ptolemy/actor/lib/RampIdx.xml; make docs)} {
Failed to find javadoc for ptolemy.actor.lib.Triangular} {
Failed to find source for ptolemy.actor.lib.Triangular} {
Failed to find ptdoc for ptolemy.actor.lib.Uniform.  Try doing (cd /home/travis/build/icyphy/ptII/doc/test/../../doc; rm codeDoc/ptolemy/actor/lib/Ramp.xml codeDoc/ptolemy/actor/lib/RampIdx.xml; make docs)} {
Failed to find javadoc for ptolemy.actor.lib.Uniform} {
Failed to find source for ptolemy.actor.lib.Uniform} {
Failed to find ptdoc for ptolemy.actor.lib.colt.ColtBeta.  Try doing (cd /home/travis/build/icyphy/ptII/doc/test/../../doc; rm codeDoc/ptolemy/actor/lib/Ramp.xml codeDoc/ptolemy/actor/lib/RampIdx.xml; make docs)} {
Failed to find javadoc for ptolemy.actor.lib.colt.ColtBeta} {
Failed to find source for ptolemy.actor.lib.colt.ColtBeta} {
Failed to find ptdoc for ptolemy.actor.lib.colt.ColtBinomial.  Try doing (cd /home/travis/build/icyphy/ptII/doc/test/../../doc; rm codeDoc/ptolemy/actor/lib/Ramp.xml codeDoc/ptolemy/actor/lib/RampIdx.xml; make docs)} {
Failed to find javadoc for ptolemy.actor.lib.colt.ColtBinomial} {
Failed to find source for ptolemy.actor.lib.colt.ColtBinomial} {
Failed to find ptdoc for ptolemy.actor.lib.colt.ColtBinomialSelector.  Try doing (cd /home/travis/build/icyphy/ptII/doc/test/../../doc; rm codeDoc/ptolemy/actor/lib/Ramp.xml codeDoc/ptolemy/actor/lib/RampIdx.xml; make docs)} {
Failed to find javadoc for ptolemy.actor.lib.colt.ColtBinomialSelector} {
Failed to find source for ptolemy.actor.lib.colt.ColtBinomialSelector} {
Failed to find ptdoc for ptolemy.actor.lib.colt.ColtBreitWigner.  Try doing (cd /home/travis/build/icyphy/ptII/doc/test/../../doc; rm codeDoc/ptolemy/actor/lib/Ramp.xml codeDoc/ptolemy/actor/lib/RampIdx.xml; make docs)} {
Failed to find javadoc for ptolemy.actor.lib.colt.ColtBreitWigner} {
Failed to find source for ptolemy.actor.lib.colt.ColtBreitWigner} {
Failed to find ptdoc for ptolemy.actor.lib.colt.ColtChiSquare.  Try doing (cd /home/travis/build/icyphy/ptII/doc/test/../../doc; rm codeDoc/ptolemy/actor/lib/Ramp.xml codeDoc/ptolemy/actor/lib/RampIdx.xml; make docs)} {
Failed to find javadoc for ptolemy.actor.lib.colt.ColtChiSquare} {
Failed to find source for ptolemy.actor.lib.colt.ColtChiSquare} {
Failed to find ptdoc for ptolemy.actor.lib.colt.ColtExponential.  Try doing (cd /home/travis/build/icyphy/ptII/doc/test/../../doc; rm codeDoc/ptolemy/actor/lib/Ramp.xml codeDoc/ptolemy/actor/lib/RampIdx.xml; make docs)} {
Failed to find javadoc for ptolemy.actor.lib.colt.ColtExponential} {
Failed to find source for ptolemy.actor.lib.colt.ColtExponential} {
Failed to find ptdoc for ptolemy.actor.lib.colt.ColtExponentialPower.  Try doing (cd /home/travis/build/icyphy/ptII/doc/test/../../doc; rm codeDoc/ptolemy/actor/lib/Ramp.xml codeDoc/ptolemy/actor/lib/RampIdx.xml; make docs)} {
Failed to find javadoc for ptolemy.actor.lib.colt.ColtExponentialPower} {
Failed to find source for ptolemy.actor.lib.colt.ColtExponentialPower} {
Failed to find ptdoc for ptolemy.actor.lib.colt.ColtGamma.  Try doing (cd /home/travis/build/icyphy/ptII/doc/test/../../doc; rm codeDoc/ptolemy/actor/lib/Ramp.xml codeDoc/ptolemy/actor/lib/RampIdx.xml; make docs)} {
Failed to find javadoc for ptolemy.actor.lib.colt.ColtGamma} {
Failed to find source for ptolemy.actor.lib.colt.ColtGamma} {
Failed to find ptdoc for ptolemy.actor.lib.colt.ColtHyperGeometric.  Try doing (cd /home/travis/build/icyphy/ptII/doc/test/../../doc; rm codeDoc/ptolemy/actor/lib/Ramp.xml codeDoc/ptolemy/actor/lib/RampIdx.xml; make docs)} {
Failed to find javadoc for ptolemy.actor.lib.colt.ColtHyperGeometric} {
Failed to find source for ptolemy.actor.lib.colt.ColtHyperGeometric} {
Failed to find ptdoc for ptolemy.actor.lib.colt.ColtLogarithmic.  Try doing (cd /home/travis/build/icyphy/ptII/doc/test/../../doc; rm codeDoc/ptolemy/actor/lib/Ramp.xml codeDoc/ptolemy/actor/lib/RampIdx.xml; make docs)} {
Failed to find javadoc for ptolemy.actor.lib.colt.ColtLogarithmic} {
Failed to find source for ptolemy.actor.lib.colt.ColtLogarithmic} {
Failed to find ptdoc for ptolemy.actor.lib.colt.ColtNegativeBinomial.  Try doing (cd /home/travis/build/icyphy/ptII/doc/test/../../doc; rm codeDoc/ptolemy/actor/lib/Ramp.xml codeDoc/ptolemy/actor/lib/RampIdx.xml; make docs)} {
Failed to find javadoc for ptolemy.actor.lib.colt.ColtNegativeBinomial} {
Failed to find source for ptolemy.actor.lib.colt.ColtNegativeBinomial} {
Failed to find ptdoc for ptolemy.actor.lib.colt.ColtNormal.  Try doing (cd /home/travis/build/icyphy/ptII/doc/test/../../doc; rm codeDoc/ptolemy/actor/lib/Ramp.xml codeDoc/ptolemy/actor/lib/RampIdx.xml; make docs)} {
Failed to find javadoc for ptolemy.actor.lib.colt.ColtNormal} {
Failed to find source for ptolemy.actor.lib.colt.ColtNormal} {
Failed to find ptdoc for ptolemy.actor.lib.colt.ColtPoisson.  Try doing (cd /home/travis/build/icyphy/ptII/doc/test/../../doc; rm codeDoc/ptolemy/actor/lib/Ramp.xml codeDoc/ptolemy/actor/lib/RampIdx.xml; make docs)} {
Failed to find javadoc for ptolemy.actor.lib.colt.ColtPoisson} {
Failed to find source for ptolemy.actor.lib.colt.ColtPoisson} {
Failed to find ptdoc for ptolemy.actor.lib.colt.ColtPoissonSlow.  Try doing (cd /home/travis/build/icyphy/ptII/doc/test/../../doc; rm codeDoc/ptolemy/actor/lib/Ramp.xml codeDoc/ptolemy/actor/lib/RampIdx.xml; make docs)} {
Failed to find javadoc for ptolemy.actor.lib.colt.ColtPoissonSlow} {
Failed to find source for ptolemy.actor.lib.colt.ColtPoissonSlow} {
Failed to find ptdoc for ptolemy.actor.lib.colt.ColtStudentT.  Try doing (cd /home/travis/build/icyphy/ptII/doc/test/../../doc; rm codeDoc/ptolemy/actor/lib/Ramp.xml codeDoc/ptolemy/actor/lib/RampIdx.xml; make docs)} {
Failed to find javadoc for ptolemy.actor.lib.colt.ColtStudentT} {
Failed to find source for ptolemy.actor.lib.colt.ColtStudentT} {
Failed to find ptdoc for ptolemy.actor.lib.colt.ColtVonMises.  Try doing (cd /home/travis/build/icyphy/ptII/doc/test/../../doc; rm codeDoc/ptolemy/actor/lib/Ramp.xml codeDoc/ptolemy/actor/lib/RampIdx.xml; make docs)} {
Failed to find javadoc for ptolemy.actor.lib.colt.ColtVonMises} {
Failed to find source for ptolemy.actor.lib.colt.ColtVonMises} {
Failed to find ptdoc for ptolemy.actor.lib.colt.ColtZeta.  Try doing (cd /home/travis/build/icyphy/ptII/doc/test/../../doc; rm codeDoc/ptolemy/actor/lib/Ramp.xml codeDoc/ptolemy/actor/lib/RampIdx.xml; make docs)} {
Failed to find javadoc for ptolemy.actor.lib.colt.ColtZeta} {
Failed to find source for ptolemy.actor.lib.colt.ColtZeta} {
Failed to find ptdoc for ptolemy.actor.lib.DelayStart.  Try doing (cd /home/travis/build/icyphy/ptII/doc/test/../../doc; rm codeDoc/ptolemy/actor/lib/Ramp.xml codeDoc/ptolemy/actor/lib/RampIdx.xml; make docs)} {
Failed to find javadoc for ptolemy.actor.lib.DelayStart} {
Failed to find source for ptolemy.actor.lib.DelayStart} {
Failed to find ptdoc for ptolemy.actor.lib.ExecutionTime.  Try doing (cd /home/travis/build/icyphy/ptII/doc/test/../../doc; rm codeDoc/ptolemy/actor/lib/Ramp.xml codeDoc/ptolemy/actor/lib/RampIdx.xml; make docs)} {
Failed to find javadoc for ptolemy.actor.lib.ExecutionTime} {
Failed to find source for ptolemy.actor.lib.ExecutionTime} {
Failed to find ptdoc for ptolemy.actor.lib.gui.RealTimePlotter.  Try doing (cd /home/travis/build/icyphy/ptII/doc/test/../../doc; rm codeDoc/ptolemy/actor/lib/Ramp.xml codeDoc/ptolemy/actor/lib/RampIdx.xml; make docs)} {
Failed to find javadoc for ptolemy.actor.lib.gui.RealTimePlotter} {
Failed to find source for ptolemy.actor.lib.gui.RealTimePlotter} {
Failed to find ptdoc for ptolemy.actor.lib.Sleep.  Try doing (cd /home/travis/build/icyphy/ptII/doc/test/../../doc; rm codeDoc/ptolemy/actor/lib/Ramp.xml codeDoc/ptolemy/actor/lib/RampIdx.xml; make docs)} {
Failed to find javadoc for ptolemy.actor.lib.Sleep} {
Failed to find source for ptolemy.actor.lib.Sleep} {
Failed to find ptdoc for ptolemy.actor.lib.VariableSleep.  Try doing (cd /home/travis/build/icyphy/ptII/doc/test/../../doc; rm codeDoc/ptolemy/actor/lib/Ramp.xml codeDoc/ptolemy/actor/lib/RampIdx.xml; make docs)} {
Failed to find javadoc for ptolemy.actor.lib.VariableSleep} {
Failed to find source for ptolemy.actor.lib.VariableSleep} {
Failed to find ptdoc for ptolemy.actor.lib.WallClockTime.  Try doing (cd /home/travis/build/icyphy/ptII/doc/test/../../doc; rm codeDoc/ptolemy/actor/lib/Ramp.xml codeDoc/ptolemy/actor/lib/RampIdx.xml; make docs)} {
Failed to find javadoc for ptolemy.actor.lib.WallClockTime} {
Failed to find source for ptolemy.actor.lib.WallClockTime} {
Failed to find ptdoc for ptolemy.actor.lib.javasound.AudioCapture.  Try doing (cd /home/travis/build/icyphy/ptII/doc/test/../../doc; rm codeDoc/ptolemy/actor/lib/Ramp.xml codeDoc/ptolemy/actor/lib/RampIdx.xml; make docs)} {
Failed to find javadoc for ptolemy.actor.lib.javasound.AudioCapture} {
Failed to find source for ptolemy.actor.lib.javasound.AudioCapture} {
Failed to find ptdoc for ptolemy.actor.lib.javasound.AudioReader.  Try doing (cd /home/travis/build/icyphy/ptII/doc/test/../../doc; rm codeDoc/ptolemy/actor/lib/Ramp.xml codeDoc/ptolemy/actor/lib/RampIdx.xml; make docs)} {
Failed to find javadoc for ptolemy.actor.lib.javasound.AudioReader} {
Failed to find source for ptolemy.actor.lib.javasound.AudioReader} {
Failed to find ptdoc for ptolemy.actor.lib.javasound.AudioPlayer.  Try doing (cd /home/travis/build/icyphy/ptII/doc/test/../../doc; rm codeDoc/ptolemy/actor/lib/Ramp.xml codeDoc/ptolemy/actor/lib/RampIdx.xml; make docs)} {
Failed to find javadoc for ptolemy.actor.lib.javasound.AudioPlayer} {
Failed to find source for ptolemy.actor.lib.javasound.AudioPlayer} {
Failed to find ptdoc for ptolemy.actor.lib.javasound.AudioWriter.  Try doing (cd /home/travis/build/icyphy/ptII/doc/test/../../doc; rm codeDoc/ptolemy/actor/lib/Ramp.xml codeDoc/ptolemy/actor/lib/RampIdx.xml; make docs)} {
Failed to find javadoc for ptolemy.actor.lib.javasound.AudioWriter} {
Failed to find source for ptolemy.actor.lib.javasound.AudioWriter} {
Failed to find ptdoc for ptolemy.actor.lib.javasound.ClipPlayer.  Try doing (cd /home/travis/build/icyphy/ptII/doc/test/../../doc; rm codeDoc/ptolemy/actor/lib/Ramp.xml codeDoc/ptolemy/actor/lib/RampIdx.xml; make docs)} {
Failed to find javadoc for ptolemy.actor.lib.javasound.ClipPlayer} {
Failed to find source for ptolemy.actor.lib.javasound.ClipPlayer} {
Failed to find ptdoc for ptolemy.actor.lib.comm.ConvolutionalCoder.  Try doing (cd /home/travis/build/icyphy/ptII/doc/test/../../doc; rm codeDoc/ptolemy/actor/lib/Ramp.xml codeDoc/ptolemy/actor/lib/RampIdx.xml; make docs)} {
Failed to find javadoc for ptolemy.actor.lib.comm.ConvolutionalCoder} {
Failed to find source for ptolemy.actor.lib.comm.ConvolutionalCoder} {
Failed to find ptdoc for ptolemy.actor.lib.comm.DeScrambler.  Try doing (cd /home/travis/build/icyphy/ptII/doc/test/../../doc; rm codeDoc/ptolemy/actor/lib/Ramp.xml codeDoc/ptolemy/actor/lib/RampIdx.xml; make docs)} {
Failed to find javadoc for ptolemy.actor.lib.comm.DeScrambler} {
Failed to find source for ptolemy.actor.lib.comm.DeScrambler} {
Failed to find ptdoc for ptolemy.actor.lib.comm.HadamardCode.  Try doing (cd /home/travis/build/icyphy/ptII/doc/test/../../doc; rm codeDoc/ptolemy/actor/lib/Ramp.xml codeDoc/ptolemy/actor/lib/RampIdx.xml; make docs)} {
Failed to find javadoc for ptolemy.actor.lib.comm.HadamardCode} {
Failed to find source for ptolemy.actor.lib.comm.HadamardCode} {
Failed to find ptdoc for ptolemy.actor.lib.comm.HammingCoder.  Try doing (cd /home/travis/build/icyphy/ptII/doc/test/../../doc; rm codeDoc/ptolemy/actor/lib/Ramp.xml codeDoc/ptolemy/actor/lib/RampIdx.xml; make docs)} {
Failed to find javadoc for ptolemy.actor.lib.comm.HammingCoder} {
Failed to find source for ptolemy.actor.lib.comm.HammingCoder} {
Failed to find ptdoc for ptolemy.actor.lib.comm.HammingDecoder.  Try doing (cd /home/travis/build/icyphy/ptII/doc/test/../../doc; rm codeDoc/ptolemy/actor/lib/Ramp.xml codeDoc/ptolemy/actor/lib/RampIdx.xml; make docs)} {
Failed to find javadoc for ptolemy.actor.lib.comm.HammingDecoder} {
Failed to find source for ptolemy.actor.lib.comm.HammingDecoder} {
Failed to find ptdoc for ptolemy.actor.lib.comm.HuffmanCoder.  Try doing (cd /home/travis/build/icyphy/ptII/doc/test/../../doc; rm codeDoc/ptolemy/actor/lib/Ramp.xml codeDoc/ptolemy/actor/lib/RampIdx.xml; make docs)} {
Failed to find javadoc for ptolemy.actor.lib.comm.HuffmanCoder} {
Failed to find source for ptolemy.actor.lib.comm.HuffmanCoder} {
Failed to find ptdoc for ptolemy.actor.lib.comm.HuffmanDecoder.  Try doing (cd /home/travis/build/icyphy/ptII/doc/test/../../doc; rm codeDoc/ptolemy/actor/lib/Ramp.xml codeDoc/ptolemy/actor/lib/RampIdx.xml; make docs)} {
Failed to find javadoc for ptolemy.actor.lib.comm.HuffmanDecoder} {
Failed to find source for ptolemy.actor.lib.comm.HuffmanDecoder} {
Failed to find ptdoc for ptolemy.actor.lib.comm.LempelZivCoder.  Try doing (cd /home/travis/build/icyphy/ptII/doc/test/../../doc; rm codeDoc/ptolemy/actor/lib/Ramp.xml codeDoc/ptolemy/actor/lib/RampIdx.xml; make docs)} {
Failed to find javadoc for ptolemy.actor.lib.comm.LempelZivCoder} {
Failed to find source for ptolemy.actor.lib.comm.LempelZivCoder} {
Failed to find ptdoc for ptolemy.actor.lib.comm.LempelZivDecoder.  Try doing (cd /home/travis/build/icyphy/ptII/doc/test/../../doc; rm codeDoc/ptolemy/actor/lib/Ramp.xml codeDoc/ptolemy/actor/lib/RampIdx.xml; make docs)} {
Failed to find javadoc for ptolemy.actor.lib.comm.LempelZivDecoder} {
Failed to find source for ptolemy.actor.lib.comm.LempelZivDecoder} {
Failed to find ptdoc for ptolemy.domains.sdf.lib.LineCoder.  Try doing (cd /home/travis/build/icyphy/ptII/doc/test/../../doc; rm codeDoc/ptolemy/actor/lib/Ramp.xml codeDoc/ptolemy/actor/lib/RampIdx.xml; make docs)} {
Failed to find javadoc for ptolemy.domains.sdf.lib.LineCoder} {
Failed to find source for ptolemy.domains.sdf.lib.LineCoder} {
Failed to find ptdoc for ptolemy.domains.sdf.lib.LMSAdaptive.  Try doing (cd /home/travis/build/icyphy/ptII/doc/test/../../doc; rm codeDoc/ptolemy/actor/lib/Ramp.xml codeDoc/ptolemy/actor/lib/RampIdx.xml; make docs)} {
Failed to find javadoc for ptolemy.domains.sdf.lib.LMSAdaptive} {
Failed to find source for ptolemy.domains.sdf.lib.LMSAdaptive} {
Failed to find ptdoc for ptolemy.domains.sdf.lib.RaisedCosine.  Try doing (cd /home/travis/build/icyphy/ptII/doc/test/../../doc; rm codeDoc/ptolemy/actor/lib/Ramp.xml codeDoc/ptolemy/actor/lib/RampIdx.xml; make docs)} {
Failed to find javadoc for ptolemy.domains.sdf.lib.RaisedCosine} {
Failed to find source for ptolemy.domains.sdf.lib.RaisedCosine} {
Failed to find ptdoc for ptolemy.actor.lib.comm.Scrambler.  Try doing (cd /home/travis/build/icyphy/ptII/doc/test/../../doc; rm codeDoc/ptolemy/actor/lib/Ramp.xml codeDoc/ptolemy/actor/lib/RampIdx.xml; make docs)} {
Failed to find javadoc for ptolemy.actor.lib.comm.Scrambler} {
Failed to find source for ptolemy.actor.lib.comm.Scrambler} {
Failed to find ptdoc for ptolemy.actor.lib.comm.Slicer.  Try doing (cd /home/travis/build/icyphy/ptII/doc/test/../../doc; rm codeDoc/ptolemy/actor/lib/Ramp.xml codeDoc/ptolemy/actor/lib/RampIdx.xml; make docs)} {
Failed to find javadoc for ptolemy.actor.lib.comm.Slicer} {
Failed to find source for ptolemy.actor.lib.comm.Slicer} {
Failed to find ptdoc for ptolemy.actor.lib.comm.TrellisDecoder.  Try doing (cd /home/travis/build/icyphy/ptII/doc/test/../../doc; rm codeDoc/ptolemy/actor/lib/Ramp.xml codeDoc/ptolemy/actor/lib/RampIdx.xml; make docs)} {
Failed to find javadoc for ptolemy.actor.lib.comm.TrellisDecoder} {
Failed to find source for ptolemy.actor.lib.comm.TrellisDecoder} {
Failed to find ptdoc for ptolemy.actor.lib.comm.ViterbiDecoder.  Try doing (cd /home/travis/build/icyphy/ptII/doc/test/../../doc; rm codeDoc/ptolemy/actor/lib/Ramp.xml codeDoc/ptolemy/actor/lib/RampIdx.xml; make docs)} {
Failed to find javadoc for ptolemy.actor.lib.comm.ViterbiDecoder} {
Failed to find source for ptolemy.actor.lib.comm.ViterbiDecoder} {
Failed to find ptdoc for ptolemy.domains.sdf.lib.DelayLine.  Try doing (cd /home/travis/build/icyphy/ptII/doc/test/../../doc; rm codeDoc/ptolemy/actor/lib/Ramp.xml codeDoc/ptolemy/actor/lib/RampIdx.xml; make docs)} {
Failed to find javadoc for ptolemy.domains.sdf.lib.DelayLine} {
Failed to find source for ptolemy.domains.sdf.lib.DelayLine} {
Failed to find ptdoc for ptolemy.domains.sdf.lib.DownSample.  Try doing (cd /home/travis/build/icyphy/ptII/doc/test/../../doc; rm codeDoc/ptolemy/actor/lib/Ramp.xml codeDoc/ptolemy/actor/lib/RampIdx.xml; make docs)} {
Failed to find javadoc for ptolemy.domains.sdf.lib.DownSample} {
Failed to find source for ptolemy.domains.sdf.lib.DownSample} {
Failed to find ptdoc for ptolemy.domains.sdf.lib.FIR.  Try doing (cd /home/travis/build/icyphy/ptII/doc/test/../../doc; rm codeDoc/ptolemy/actor/lib/Ramp.xml codeDoc/ptolemy/actor/lib/RampIdx.xml; make docs)} {
Failed to find javadoc for ptolemy.domains.sdf.lib.FIR} {
Failed to find source for ptolemy.domains.sdf.lib.FIR} {
Failed to find ptdoc for ptolemy.actor.lib.GradientAdaptiveLattice.  Try doing (cd /home/travis/build/icyphy/ptII/doc/test/../../doc; rm codeDoc/ptolemy/actor/lib/Ramp.xml codeDoc/ptolemy/actor/lib/RampIdx.xml; make docs)} {
Failed to find javadoc for ptolemy.actor.lib.GradientAdaptiveLattice} {
Failed to find source for ptolemy.actor.lib.GradientAdaptiveLattice} {
Failed to find ptdoc for ptolemy.actor.lib.IIR.  Try doing (cd /home/travis/build/icyphy/ptII/doc/test/../../doc; rm codeDoc/ptolemy/actor/lib/Ramp.xml codeDoc/ptolemy/actor/lib/RampIdx.xml; make docs)} {
Failed to find javadoc for ptolemy.actor.lib.IIR} {
Failed to find source for ptolemy.actor.lib.IIR} {
Failed to find ptdoc for ptolemy.actor.lib.Lattice.  Try doing (cd /home/travis/build/icyphy/ptII/doc/test/../../doc; rm codeDoc/ptolemy/actor/lib/Ramp.xml codeDoc/ptolemy/actor/lib/RampIdx.xml; make docs)} {
Failed to find javadoc for ptolemy.actor.lib.Lattice} {
Failed to find source for ptolemy.actor.lib.Lattice} {
Failed to find ptdoc for ptolemy.actor.lib.LinearDifferenceEquationSystem.  Try doing (cd /home/travis/build/icyphy/ptII/doc/test/../../doc; rm codeDoc/ptolemy/actor/lib/Ramp.xml codeDoc/ptolemy/actor/lib/RampIdx.xml; make docs)} {
Failed to find javadoc for ptolemy.actor.lib.LinearDifferenceEquationSystem} {
Failed to find source for ptolemy.actor.lib.LinearDifferenceEquationSystem} {
Failed to find ptdoc for ptolemy.domains.sdf.lib.LMSAdaptive.  Try doing (cd /home/travis/build/icyphy/ptII/doc/test/../../doc; rm codeDoc/ptolemy/actor/lib/Ramp.xml codeDoc/ptolemy/actor/lib/RampIdx.xml; make docs)} {
Failed to find javadoc for ptolemy.domains.sdf.lib.LMSAdaptive} {
Failed to find source for ptolemy.domains.sdf.lib.LMSAdaptive} {
Failed to find ptdoc for ptolemy.actor.lib.RecursiveLattice.  Try doing (cd /home/travis/build/icyphy/ptII/doc/test/../../doc; rm codeDoc/ptolemy/actor/lib/Ramp.xml codeDoc/ptolemy/actor/lib/RampIdx.xml; make docs)} {
Failed to find javadoc for ptolemy.actor.lib.RecursiveLattice} {
Failed to find source for ptolemy.actor.lib.RecursiveLattice} {
Failed to find ptdoc for ptolemy.domains.sdf.lib.UpSample.  Try doing (cd /home/travis/build/icyphy/ptII/doc/test/../../doc; rm codeDoc/ptolemy/actor/lib/Ramp.xml codeDoc/ptolemy/actor/lib/RampIdx.xml; make docs)} {
Failed to find javadoc for ptolemy.domains.sdf.lib.UpSample} {
Failed to find source for ptolemy.domains.sdf.lib.UpSample} {
Failed to find ptdoc for ptolemy.domains.sdf.lib.VariableFIR.  Try doing (cd /home/travis/build/icyphy/ptII/doc/test/../../doc; rm codeDoc/ptolemy/actor/lib/Ramp.xml codeDoc/ptolemy/actor/lib/RampIdx.xml; make docs)} {
Failed to find javadoc for ptolemy.domains.sdf.lib.VariableFIR} {
Failed to find source for ptolemy.domains.sdf.lib.VariableFIR} {
Failed to find ptdoc for ptolemy.domains.sdf.lib.VariableLattice.  Try doing (cd /home/travis/build/icyphy/ptII/doc/test/../../doc; rm codeDoc/ptolemy/actor/lib/Ramp.xml codeDoc/ptolemy/actor/lib/RampIdx.xml; make docs)} {
Failed to find javadoc for ptolemy.domains.sdf.lib.VariableLattice} {
Failed to find source for ptolemy.domains.sdf.lib.VariableLattice} {
Failed to find ptdoc for ptolemy.domains.sdf.lib.VariableRecursiveLattice.  Try doing (cd /home/travis/build/icyphy/ptII/doc/test/../../doc; rm codeDoc/ptolemy/actor/lib/Ramp.xml codeDoc/ptolemy/actor/lib/RampIdx.xml; make docs)} {
Failed to find javadoc for ptolemy.domains.sdf.lib.VariableRecursiveLattice} {
Failed to find source for ptolemy.domains.sdf.lib.VariableRecursiveLattice} {
Failed to find ptdoc for ptolemy.actor.lib.DB.  Try doing (cd /home/travis/build/icyphy/ptII/doc/test/../../doc; rm codeDoc/ptolemy/actor/lib/Ramp.xml codeDoc/ptolemy/actor/lib/RampIdx.xml; make docs)} {
Failed to find javadoc for ptolemy.actor.lib.DB} {
Failed to find source for ptolemy.actor.lib.DB} {
Failed to find ptdoc for ptolemy.domains.sdf.lib.FFT.  Try doing (cd /home/travis/build/icyphy/ptII/doc/test/../../doc; rm codeDoc/ptolemy/actor/lib/Ramp.xml codeDoc/ptolemy/actor/lib/RampIdx.xml; make docs)} {
Failed to find javadoc for ptolemy.domains.sdf.lib.FFT} {
Failed to find source for ptolemy.domains.sdf.lib.FFT} {
Failed to find ptdoc for ptolemy.domains.sdf.lib.IFFT.  Try doing (cd /home/travis/build/icyphy/ptII/doc/test/../../doc; rm codeDoc/ptolemy/actor/lib/Ramp.xml codeDoc/ptolemy/actor/lib/RampIdx.xml; make docs)} {
Failed to find javadoc for ptolemy.domains.sdf.lib.IFFT} {
Failed to find source for ptolemy.domains.sdf.lib.IFFT} {
Failed to find ptdoc for ptolemy.actor.lib.LevinsonDurbin.  Try doing (cd /home/travis/build/icyphy/ptII/doc/test/../../doc; rm codeDoc/ptolemy/actor/lib/Ramp.xml codeDoc/ptolemy/actor/lib/RampIdx.xml; make docs)} {
Failed to find javadoc for ptolemy.actor.lib.LevinsonDurbin} {
Failed to find source for ptolemy.actor.lib.LevinsonDurbin} {
Failed to find ptdoc for ptolemy.actor.lib.PhaseUnwrap.  Try doing (cd /home/travis/build/icyphy/ptII/doc/test/../../doc; rm codeDoc/ptolemy/actor/lib/Ramp.xml codeDoc/ptolemy/actor/lib/RampIdx.xml; make docs)} {
Failed to find javadoc for ptolemy.actor.lib.PhaseUnwrap} {
Failed to find source for ptolemy.actor.lib.PhaseUnwrap} {
Failed to find ptdoc for ptolemy.domains.sdf.lib.Autocorrelation.  Try doing (cd /home/travis/build/icyphy/ptII/doc/test/../../doc; rm codeDoc/ptolemy/actor/lib/Ramp.xml codeDoc/ptolemy/actor/lib/RampIdx.xml; make docs)} {
Failed to find javadoc for ptolemy.domains.sdf.lib.Autocorrelation} {
Failed to find source for ptolemy.domains.sdf.lib.Autocorrelation} {
Failed to find ptdoc for ptolemy.actor.lib.ComputeHistogram.  Try doing (cd /home/travis/build/icyphy/ptII/doc/test/../../doc; rm codeDoc/ptolemy/actor/lib/Ramp.xml codeDoc/ptolemy/actor/lib/RampIdx.xml; make docs)} {
Failed to find javadoc for ptolemy.actor.lib.ComputeHistogram} {
Failed to find source for ptolemy.actor.lib.ComputeHistogram} {
Failed to find ptdoc for ptolemy.actor.lib.IIR.  Try doing (cd /home/travis/build/icyphy/ptII/doc/test/../../doc; rm codeDoc/ptolemy/actor/lib/Ramp.xml codeDoc/ptolemy/actor/lib/RampIdx.xml; make docs)} {
Failed to find javadoc for ptolemy.actor.lib.IIR} {
Failed to find source for ptolemy.actor.lib.IIR} {
Failed to find ptdoc for ptolemy.actor.lib.DB.  Try doing (cd /home/travis/build/icyphy/ptII/doc/test/../../doc; rm codeDoc/ptolemy/actor/lib/Ramp.xml codeDoc/ptolemy/actor/lib/RampIdx.xml; make docs)} {
Failed to find javadoc for ptolemy.actor.lib.DB} {
Failed to find source for ptolemy.actor.lib.DB} {
Failed to find ptdoc for ptolemy.actor.lib.Scale.  Try doing (cd /home/travis/build/icyphy/ptII/doc/test/../../doc; rm codeDoc/ptolemy/actor/lib/Ramp.xml codeDoc/ptolemy/actor/lib/RampIdx.xml; make docs)} {
Failed to find javadoc for ptolemy.actor.lib.Scale} {
Failed to find source for ptolemy.actor.lib.Scale} {
Failed to find ptdoc for ptolemy.actor.lib.MathFunction.  Try doing (cd /home/travis/build/icyphy/ptII/doc/test/../../doc; rm codeDoc/ptolemy/actor/lib/Ramp.xml codeDoc/ptolemy/actor/lib/RampIdx.xml; make docs)} {
Failed to find javadoc for ptolemy.actor.lib.MathFunction} {
Failed to find source for ptolemy.actor.lib.MathFunction} {
Failed to find ptdoc for ptolemy.actor.lib.string.StringCompare.  Try doing (cd /home/travis/build/icyphy/ptII/doc/test/../../doc; rm codeDoc/ptolemy/actor/lib/Ramp.xml codeDoc/ptolemy/actor/lib/RampIdx.xml; make docs)} {
Failed to find javadoc for ptolemy.actor.lib.string.StringCompare} {
Failed to find source for ptolemy.actor.lib.string.StringCompare} {
Failed to find ptdoc for ptolemy.actor.lib.string.StringFunction.  Try doing (cd /home/travis/build/icyphy/ptII/doc/test/../../doc; rm codeDoc/ptolemy/actor/lib/Ramp.xml codeDoc/ptolemy/actor/lib/RampIdx.xml; make docs)} {
Failed to find javadoc for ptolemy.actor.lib.string.StringFunction} {
Failed to find source for ptolemy.actor.lib.string.StringFunction} {
Failed to find ptdoc for ptolemy.actor.lib.string.StringIndexOf.  Try doing (cd /home/travis/build/icyphy/ptII/doc/test/../../doc; rm codeDoc/ptolemy/actor/lib/Ramp.xml codeDoc/ptolemy/actor/lib/RampIdx.xml; make docs)} {
Failed to find javadoc for ptolemy.actor.lib.string.StringIndexOf} {
Failed to find source for ptolemy.actor.lib.string.StringIndexOf} {
Failed to find ptdoc for ptolemy.actor.lib.string.StringLength.  Try doing (cd /home/travis/build/icyphy/ptII/doc/test/../../doc; rm codeDoc/ptolemy/actor/lib/Ramp.xml codeDoc/ptolemy/actor/lib/RampIdx.xml; make docs)} {
Failed to find javadoc for ptolemy.actor.lib.string.StringLength} {
Failed to find source for ptolemy.actor.lib.string.StringLength} {
Failed to find ptdoc for ptolemy.actor.lib.string.StringMatches.  Try doing (cd /home/travis/build/icyphy/ptII/doc/test/../../doc; rm codeDoc/ptolemy/actor/lib/Ramp.xml codeDoc/ptolemy/actor/lib/RampIdx.xml; make docs)} {
Failed to find javadoc for ptolemy.actor.lib.string.StringMatches} {
Failed to find source for ptolemy.actor.lib.string.StringMatches} {
Failed to find ptdoc for ptolemy.actor.lib.string.StringReplace.  Try doing (cd /home/travis/build/icyphy/ptII/doc/test/../../doc; rm codeDoc/ptolemy/actor/lib/Ramp.xml codeDoc/ptolemy/actor/lib/RampIdx.xml; make docs)} {
Failed to find javadoc for ptolemy.actor.lib.string.StringReplace} {
Failed to find source for ptolemy.actor.lib.string.StringReplace} {
Failed to find ptdoc for ptolemy.actor.lib.string.StringSplit.  Try doing (cd /home/travis/build/icyphy/ptII/doc/test/../../doc; rm codeDoc/ptolemy/actor/lib/Ramp.xml codeDoc/ptolemy/actor/lib/RampIdx.xml; make docs)} {
Failed to find javadoc for ptolemy.actor.lib.string.StringSplit} {
Failed to find source for ptolemy.actor.lib.string.StringSplit} {
Failed to find ptdoc for ptolemy.actor.lib.string.StringSubstring.  Try doing (cd /home/travis/build/icyphy/ptII/doc/test/../../doc; rm codeDoc/ptolemy/actor/lib/Ramp.xml codeDoc/ptolemy/actor/lib/RampIdx.xml; make docs)} {
Failed to find javadoc for ptolemy.actor.lib.string.StringSubstring} {
Failed to find source for ptolemy.actor.lib.string.StringSubstring} {
Failed to find ptdoc for ptolemy.actor.lib.DiscreteClock.  Try doing (cd /home/travis/build/icyphy/ptII/doc/test/../../doc; rm codeDoc/ptolemy/actor/lib/Ramp.xml codeDoc/ptolemy/actor/lib/RampIdx.xml; make docs)} {
Failed to find javadoc for ptolemy.actor.lib.DiscreteClock} {
Failed to find source for ptolemy.actor.lib.DiscreteClock} {
Failed to find ptdoc for ptolemy.domains.continuous.lib.ZeroOrderHold.  Try doing (cd /home/travis/build/icyphy/ptII/doc/test/../../doc; rm codeDoc/ptolemy/actor/lib/Ramp.xml codeDoc/ptolemy/actor/lib/RampIdx.xml; make docs)} {
Failed to find javadoc for ptolemy.domains.continuous.lib.ZeroOrderHold} {
Failed to find source for ptolemy.domains.continuous.lib.ZeroOrderHold} {
Failed to find ptdoc for ptolemy.actor.lib.DiscreteClock.  Try doing (cd /home/travis/build/icyphy/ptII/doc/test/../../doc; rm codeDoc/ptolemy/actor/lib/Ramp.xml codeDoc/ptolemy/actor/lib/RampIdx.xml; make docs)} {
Failed to find javadoc for ptolemy.actor.lib.DiscreteClock} {
Failed to find source for ptolemy.actor.lib.DiscreteClock} {
Failed to find ptdoc for ptolemy.actor.lib.SingleEvent.  Try doing (cd /home/travis/build/icyphy/ptII/doc/test/../../doc; rm codeDoc/ptolemy/actor/lib/Ramp.xml codeDoc/ptolemy/actor/lib/RampIdx.xml; make docs)} {
Failed to find javadoc for ptolemy.actor.lib.SingleEvent} {
Failed to find source for ptolemy.actor.lib.SingleEvent} {
Failed to find ptdoc for ptolemy.domains.continuous.lib.Waveform.  Try doing (cd /home/travis/build/icyphy/ptII/doc/test/../../doc; rm codeDoc/ptolemy/actor/lib/Ramp.xml codeDoc/ptolemy/actor/lib/RampIdx.xml; make docs)} {
Failed to find javadoc for ptolemy.domains.continuous.lib.Waveform} {
Failed to find source for ptolemy.domains.continuous.lib.Waveform} {
Failed to find ptdoc for ptolemy.domains.continuous.lib.LevelCrossingDetector.  Try doing (cd /home/travis/build/icyphy/ptII/doc/test/../../doc; rm codeDoc/ptolemy/actor/lib/Ramp.xml codeDoc/ptolemy/actor/lib/RampIdx.xml; make docs)} {
Failed to find javadoc for ptolemy.domains.continuous.lib.LevelCrossingDetector} {
Failed to find source for ptolemy.domains.continuous.lib.LevelCrossingDetector} {
Failed to find ptdoc for ptolemy.domains.continuous.lib.PeriodicSampler.  Try doing (cd /home/travis/build/icyphy/ptII/doc/test/../../doc; rm codeDoc/ptolemy/actor/lib/Ramp.xml codeDoc/ptolemy/actor/lib/RampIdx.xml; make docs)} {
Failed to find javadoc for ptolemy.domains.continuous.lib.PeriodicSampler} {
Failed to find source for ptolemy.domains.continuous.lib.PeriodicSampler} {
Failed to find ptdoc for ptolemy.actor.lib.Sampler.  Try doing (cd /home/travis/build/icyphy/ptII/doc/test/../../doc; rm codeDoc/ptolemy/actor/lib/Ramp.xml codeDoc/ptolemy/actor/lib/RampIdx.xml; make docs)} {
Failed to find javadoc for ptolemy.actor.lib.Sampler} {
Failed to find source for ptolemy.actor.lib.Sampler} {
Failed to find ptdoc for ptolemy.domains.continuous.lib.ZeroOrderHold.  Try doing (cd /home/travis/build/icyphy/ptII/doc/test/../../doc; rm codeDoc/ptolemy/actor/lib/Ramp.xml codeDoc/ptolemy/actor/lib/RampIdx.xml; make docs)} {
Failed to find javadoc for ptolemy.domains.continuous.lib.ZeroOrderHold} {
Failed to find source for ptolemy.domains.continuous.lib.ZeroOrderHold} {
Failed to find ptdoc for ptolemy.actor.lib.Scale.  Try doing (cd /home/travis/build/icyphy/ptII/doc/test/../../doc; rm codeDoc/ptolemy/actor/lib/Ramp.xml codeDoc/ptolemy/actor/lib/RampIdx.xml; make docs)} {
Failed to find javadoc for ptolemy.actor.lib.Scale} {
Failed to find source for ptolemy.actor.lib.Scale} {
Failed to find ptdoc for ptolemy.actor.lib.AddSubtract.  Try doing (cd /home/travis/build/icyphy/ptII/doc/test/../../doc; rm codeDoc/ptolemy/actor/lib/Ramp.xml codeDoc/ptolemy/actor/lib/RampIdx.xml; make docs)} {
Failed to find javadoc for ptolemy.actor.lib.AddSubtract} {
Failed to find source for ptolemy.actor.lib.AddSubtract} {
Failed to find ptdoc for ptolemy.actor.lib.Scale.  Try doing (cd /home/travis/build/icyphy/ptII/doc/test/../../doc; rm codeDoc/ptolemy/actor/lib/Ramp.xml codeDoc/ptolemy/actor/lib/RampIdx.xml; make docs)} {
Failed to find javadoc for ptolemy.actor.lib.Scale} {
Failed to find source for ptolemy.actor.lib.Scale} {
Failed to find ptdoc for ptolemy.actor.lib.AddSubtract.  Try doing (cd /home/travis/build/icyphy/ptII/doc/test/../../doc; rm codeDoc/ptolemy/actor/lib/Ramp.xml codeDoc/ptolemy/actor/lib/RampIdx.xml; make docs)} {
Failed to find javadoc for ptolemy.actor.lib.AddSubtract} {
Failed to find source for ptolemy.actor.lib.AddSubtract} {
Failed to find ptdoc for ptolemy.domains.continuous.lib.Integrator.  Try doing (cd /home/travis/build/icyphy/ptII/doc/test/../../doc; rm codeDoc/ptolemy/actor/lib/Ramp.xml codeDoc/ptolemy/actor/lib/RampIdx.xml; make docs)} {
Failed to find javadoc for ptolemy.domains.continuous.lib.Integrator} {
Failed to find source for ptolemy.domains.continuous.lib.Integrator} {
Failed to find ptdoc for ptolemy.actor.lib.Scale.  Try doing (cd /home/travis/build/icyphy/ptII/doc/test/../../doc; rm codeDoc/ptolemy/actor/lib/Ramp.xml codeDoc/ptolemy/actor/lib/RampIdx.xml; make docs)} {
Failed to find javadoc for ptolemy.actor.lib.Scale} {
Failed to find source for ptolemy.actor.lib.Scale} {
Failed to find ptdoc for ptolemy.actor.lib.Scale.  Try doing (cd /home/travis/build/icyphy/ptII/doc/test/../../doc; rm codeDoc/ptolemy/actor/lib/Ramp.xml codeDoc/ptolemy/actor/lib/RampIdx.xml; make docs)} {
Failed to find javadoc for ptolemy.actor.lib.Scale} {
Failed to find source for ptolemy.actor.lib.Scale} {
Failed to find ptdoc for ptolemy.actor.lib.Scale.  Try doing (cd /home/travis/build/icyphy/ptII/doc/test/../../doc; rm codeDoc/ptolemy/actor/lib/Ramp.xml codeDoc/ptolemy/actor/lib/RampIdx.xml; make docs)} {
Failed to find javadoc for ptolemy.actor.lib.Scale} {
Failed to find source for ptolemy.actor.lib.Scale} {
Failed to find ptdoc for ptolemy.domains.continuous.lib.Integrator.  Try doing (cd /home/travis/build/icyphy/ptII/doc/test/../../doc; rm codeDoc/ptolemy/actor/lib/Ramp.xml codeDoc/ptolemy/actor/lib/RampIdx.xml; make docs)} {
Failed to find javadoc for ptolemy.domains.continuous.lib.Integrator} {
Failed to find source for ptolemy.domains.continuous.lib.Integrator} {
Failed to find ptdoc for ptolemy.actor.lib.Default.  Try doing (cd /home/travis/build/icyphy/ptII/doc/test/../../doc; rm codeDoc/ptolemy/actor/lib/Ramp.xml codeDoc/ptolemy/actor/lib/RampIdx.xml; make docs)} {
Failed to find javadoc for ptolemy.actor.lib.Default} {
Failed to find source for ptolemy.actor.lib.Default} {
Failed to find ptdoc for ptolemy.actor.lib.Const.  Try doing (cd /home/travis/build/icyphy/ptII/doc/test/../../doc; rm codeDoc/ptolemy/actor/lib/Ramp.xml codeDoc/ptolemy/actor/lib/RampIdx.xml; make docs)} {
Failed to find javadoc for ptolemy.actor.lib.Const} {
Failed to find source for ptolemy.actor.lib.Const} {
Failed to find ptdoc for ptolemy.domains.continuous.lib.Derivative.  Try doing (cd /home/travis/build/icyphy/ptII/doc/test/../../doc; rm codeDoc/ptolemy/actor/lib/Ramp.xml codeDoc/ptolemy/actor/lib/RampIdx.xml; make docs)} {
Failed to find javadoc for ptolemy.domains.continuous.lib.Derivative} {
Failed to find source for ptolemy.domains.continuous.lib.Derivative} {
Failed to find ptdoc for ptolemy.domains.continuous.lib.Integrator.  Try doing (cd /home/travis/build/icyphy/ptII/doc/test/../../doc; rm codeDoc/ptolemy/actor/lib/Ramp.xml codeDoc/ptolemy/actor/lib/RampIdx.xml; make docs)} {
Failed to find javadoc for ptolemy.domains.continuous.lib.Integrator} {
Failed to find source for ptolemy.domains.continuous.lib.Integrator} {
Failed to find ptdoc for ptolemy.domains.continuous.lib.BandlimitedNoise.  Try doing (cd /home/travis/build/icyphy/ptII/doc/test/../../doc; rm codeDoc/ptolemy/actor/lib/Ramp.xml codeDoc/ptolemy/actor/lib/RampIdx.xml; make docs)} {
Failed to find javadoc for ptolemy.domains.continuous.lib.BandlimitedNoise} {
Failed to find source for ptolemy.domains.continuous.lib.BandlimitedNoise} {
Failed to find ptdoc for ptolemy.domains.continuous.lib.Noise.  Try doing (cd /home/travis/build/icyphy/ptII/doc/test/../../doc; rm codeDoc/ptolemy/actor/lib/Ramp.xml codeDoc/ptolemy/actor/lib/RampIdx.xml; make docs)} {
Failed to find javadoc for ptolemy.domains.continuous.lib.Noise} {
Failed to find source for ptolemy.domains.continuous.lib.Noise} {
Failed to find ptdoc for ptolemy.actor.lib.MicrostepDelay.  Try doing (cd /home/travis/build/icyphy/ptII/doc/test/../../doc; rm codeDoc/ptolemy/actor/lib/Ramp.xml codeDoc/ptolemy/actor/lib/RampIdx.xml; make docs)} {
Failed to find javadoc for ptolemy.actor.lib.MicrostepDelay} {
Failed to find source for ptolemy.actor.lib.MicrostepDelay} {
Failed to find ptdoc for ptolemy.actor.lib.ResettableTimer.  Try doing (cd /home/travis/build/icyphy/ptII/doc/test/../../doc; rm codeDoc/ptolemy/actor/lib/Ramp.xml codeDoc/ptolemy/actor/lib/RampIdx.xml; make docs)} {
Failed to find javadoc for ptolemy.actor.lib.ResettableTimer} {
Failed to find source for ptolemy.actor.lib.ResettableTimer} {
Failed to find ptdoc for ptolemy.domains.continuous.lib.ContinuousMerge.  Try doing (cd /home/travis/build/icyphy/ptII/doc/test/../../doc; rm codeDoc/ptolemy/actor/lib/Ramp.xml codeDoc/ptolemy/actor/lib/RampIdx.xml; make docs)} {
Failed to find javadoc for ptolemy.domains.continuous.lib.ContinuousMerge} {
Failed to find source for ptolemy.domains.continuous.lib.ContinuousMerge} {
Failed to find ptdoc for ptolemy.domains.ddf.lib.DDFSingleTokenCommutator.  Try doing (cd /home/travis/build/icyphy/ptII/doc/test/../../doc; rm codeDoc/ptolemy/actor/lib/Ramp.xml codeDoc/ptolemy/actor/lib/RampIdx.xml; make docs)} {
Failed to find javadoc for ptolemy.domains.ddf.lib.DDFSingleTokenCommutator} {
Failed to find source for ptolemy.domains.ddf.lib.DDFSingleTokenCommutator} {
Failed to find ptdoc for ptolemy.actor.lib.CurrentDate.  Try doing (cd /home/travis/build/icyphy/ptII/doc/test/../../doc; rm codeDoc/ptolemy/actor/lib/Ramp.xml codeDoc/ptolemy/actor/lib/RampIdx.xml; make docs)} {
Failed to find javadoc for ptolemy.actor.lib.CurrentDate} {
Failed to find source for ptolemy.actor.lib.CurrentDate} {
Failed to find ptdoc for ptolemy.actor.lib.DateElements.  Try doing (cd /home/travis/build/icyphy/ptII/doc/test/../../doc; rm codeDoc/ptolemy/actor/lib/Ramp.xml codeDoc/ptolemy/actor/lib/RampIdx.xml; make docs)} {
Failed to find javadoc for ptolemy.actor.lib.DateElements} {
Failed to find source for ptolemy.actor.lib.DateElements} {
Failed to find ptdoc for ptolemy.actor.lib.DateConstructor.  Try doing (cd /home/travis/build/icyphy/ptII/doc/test/../../doc; rm codeDoc/ptolemy/actor/lib/Ramp.xml codeDoc/ptolemy/actor/lib/RampIdx.xml; make docs)} {
Failed to find javadoc for ptolemy.actor.lib.DateConstructor} {
Failed to find source for ptolemy.actor.lib.DateConstructor} {
Failed to find ptdoc for ptolemy.actor.lib.ModifyDate.  Try doing (cd /home/travis/build/icyphy/ptII/doc/test/../../doc; rm codeDoc/ptolemy/actor/lib/Ramp.xml codeDoc/ptolemy/actor/lib/RampIdx.xml; make docs)} {
Failed to find javadoc for ptolemy.actor.lib.ModifyDate} {
Failed to find source for ptolemy.actor.lib.ModifyDate} {
Failed to find ptdoc for ptolemy.actor.lib.conversions.StringToDate.  Try doing (cd /home/travis/build/icyphy/ptII/doc/test/../../doc; rm codeDoc/ptolemy/actor/lib/Ramp.xml codeDoc/ptolemy/actor/lib/RampIdx.xml; make docs)} {
Failed to find javadoc for ptolemy.actor.lib.conversions.StringToDate} {
Failed to find source for ptolemy.actor.lib.conversions.StringToDate} {
Failed to find ptdoc for ptolemy.actor.lib.gui.EventButton.  Try doing (cd /home/travis/build/icyphy/ptII/doc/test/../../doc; rm codeDoc/ptolemy/actor/lib/Ramp.xml codeDoc/ptolemy/actor/lib/RampIdx.xml; make docs)} {
Failed to find javadoc for ptolemy.actor.lib.gui.EventButton} {
Failed to find source for ptolemy.actor.lib.gui.EventButton} {
Failed to find ptdoc for ptolemy.actor.lib.MicrostepDelay.  Try doing (cd /home/travis/build/icyphy/ptII/doc/test/../../doc; rm codeDoc/ptolemy/actor/lib/Ramp.xml codeDoc/ptolemy/actor/lib/RampIdx.xml; make docs)} {
Failed to find javadoc for ptolemy.actor.lib.MicrostepDelay} {
Failed to find source for ptolemy.actor.lib.MicrostepDelay} {
Failed to find ptdoc for ptolemy.actor.lib.ResettableTimer.  Try doing (cd /home/travis/build/icyphy/ptII/doc/test/../../doc; rm codeDoc/ptolemy/actor/lib/Ramp.xml codeDoc/ptolemy/actor/lib/RampIdx.xml; make docs)} {
Failed to find javadoc for ptolemy.actor.lib.ResettableTimer} {
Failed to find source for ptolemy.actor.lib.ResettableTimer} {
Failed to find ptdoc for ptolemy.actor.lib.SingleEvent.  Try doing (cd /home/travis/build/icyphy/ptII/doc/test/../../doc; rm codeDoc/ptolemy/actor/lib/Ramp.xml codeDoc/ptolemy/actor/lib/RampIdx.xml; make docs)} {
Failed to find javadoc for ptolemy.actor.lib.SingleEvent} {
Failed to find source for ptolemy.actor.lib.SingleEvent} {
Failed to find ptdoc for ptolemy.actor.lib.TimeDelay.  Try doing (cd /home/travis/build/icyphy/ptII/doc/test/../../doc; rm codeDoc/ptolemy/actor/lib/Ramp.xml codeDoc/ptolemy/actor/lib/RampIdx.xml; make docs)} {
Failed to find javadoc for ptolemy.actor.lib.TimeDelay} {
Failed to find source for ptolemy.actor.lib.TimeDelay} {
Failed to find ptdoc for ptolemy.actor.lib.OrderedMerge.  Try doing (cd /home/travis/build/icyphy/ptII/doc/test/../../doc; rm codeDoc/ptolemy/actor/lib/Ramp.xml codeDoc/ptolemy/actor/lib/RampIdx.xml; make docs)} {
Failed to find javadoc for ptolemy.actor.lib.OrderedMerge} {
Failed to find source for ptolemy.actor.lib.OrderedMerge} {
Failed to find ptdoc for ptolemy.actor.lib.Sequencer.  Try doing (cd /home/travis/build/icyphy/ptII/doc/test/../../doc; rm codeDoc/ptolemy/actor/lib/Ramp.xml codeDoc/ptolemy/actor/lib/RampIdx.xml; make docs)} {
Failed to find javadoc for ptolemy.actor.lib.Sequencer} {
Failed to find source for ptolemy.actor.lib.Sequencer} {
Failed to find ptdoc for ptolemy.actor.lib.Stop.  Try doing (cd /home/travis/build/icyphy/ptII/doc/test/../../doc; rm codeDoc/ptolemy/actor/lib/Ramp.xml codeDoc/ptolemy/actor/lib/RampIdx.xml; make docs)} {
Failed to find javadoc for ptolemy.actor.lib.Stop} {
Failed to find source for ptolemy.actor.lib.Stop} {
Failed to find ptdoc for ptolemy.actor.lib.Synchronizer.  Try doing (cd /home/travis/build/icyphy/ptII/doc/test/../../doc; rm codeDoc/ptolemy/actor/lib/Ramp.xml codeDoc/ptolemy/actor/lib/RampIdx.xml; make docs)} {
Failed to find javadoc for ptolemy.actor.lib.Synchronizer} {
Failed to find source for ptolemy.actor.lib.Synchronizer} {
Failed to find ptdoc for ptolemy.domains.rendezvous.lib.Barrier.  Try doing (cd /home/travis/build/icyphy/ptII/doc/test/../../doc; rm codeDoc/ptolemy/actor/lib/Ramp.xml codeDoc/ptolemy/actor/lib/RampIdx.xml; make docs)} {
Failed to find javadoc for ptolemy.domains.rendezvous.lib.Barrier} {
Failed to find source for ptolemy.domains.rendezvous.lib.Barrier} {
Failed to find ptdoc for ptolemy.domains.rendezvous.lib.Buffer.  Try doing (cd /home/travis/build/icyphy/ptII/doc/test/../../doc; rm codeDoc/ptolemy/actor/lib/Ramp.xml codeDoc/ptolemy/actor/lib/RampIdx.xml; make docs)} {
Failed to find javadoc for ptolemy.domains.rendezvous.lib.Buffer} {
Failed to find source for ptolemy.domains.rendezvous.lib.Buffer} {
Failed to find ptdoc for ptolemy.domains.rendezvous.lib.Merge.  Try doing (cd /home/travis/build/icyphy/ptII/doc/test/../../doc; rm codeDoc/ptolemy/actor/lib/Ramp.xml codeDoc/ptolemy/actor/lib/RampIdx.xml; make docs)} {
Failed to find javadoc for ptolemy.domains.rendezvous.lib.Merge} {
Failed to find source for ptolemy.domains.rendezvous.lib.Merge} {
Failed to find ptdoc for ptolemy.domains.rendezvous.lib.ResourcePool.  Try doing (cd /home/travis/build/icyphy/ptII/doc/test/../../doc; rm codeDoc/ptolemy/actor/lib/Ramp.xml codeDoc/ptolemy/actor/lib/RampIdx.xml; make docs)} {
Failed to find javadoc for ptolemy.domains.rendezvous.lib.ResourcePool} {
Failed to find source for ptolemy.domains.rendezvous.lib.ResourcePool} {
Failed to find ptdoc for ptolemy.domains.sr.lib.Absent.  Try doing (cd /home/travis/build/icyphy/ptII/doc/test/../../doc; rm codeDoc/ptolemy/actor/lib/Ramp.xml codeDoc/ptolemy/actor/lib/RampIdx.xml; make docs)} {
Failed to find javadoc for ptolemy.domains.sr.lib.Absent} {
Failed to find source for ptolemy.domains.sr.lib.Absent} {
Failed to find ptdoc for ptolemy.domains.sr.lib.Current.  Try doing (cd /home/travis/build/icyphy/ptII/doc/test/../../doc; rm codeDoc/ptolemy/actor/lib/Ramp.xml codeDoc/ptolemy/actor/lib/RampIdx.xml; make docs)} {
Failed to find javadoc for ptolemy.domains.sr.lib.Current} {
Failed to find source for ptolemy.domains.sr.lib.Current} {
Failed to find ptdoc for ptolemy.actor.lib.Default.  Try doing (cd /home/travis/build/icyphy/ptII/doc/test/../../doc; rm codeDoc/ptolemy/actor/lib/Ramp.xml codeDoc/ptolemy/actor/lib/RampIdx.xml; make docs)} {
Failed to find javadoc for ptolemy.actor.lib.Default} {
Failed to find source for ptolemy.actor.lib.Default} {
Failed to find ptdoc for ptolemy.domains.sr.lib.InstantaneousDialogGenerator.  Try doing (cd /home/travis/build/icyphy/ptII/doc/test/../../doc; rm codeDoc/ptolemy/actor/lib/Ramp.xml codeDoc/ptolemy/actor/lib/RampIdx.xml; make docs)} {
Failed to find javadoc for ptolemy.domains.sr.lib.InstantaneousDialogGenerator} {
Failed to find source for ptolemy.domains.sr.lib.InstantaneousDialogGenerator} {
Failed to find ptdoc for ptolemy.actor.lib.logic.IsPresent.  Try doing (cd /home/travis/build/icyphy/ptII/doc/test/../../doc; rm codeDoc/ptolemy/actor/lib/Ramp.xml codeDoc/ptolemy/actor/lib/RampIdx.xml; make docs)} {
Failed to find javadoc for ptolemy.actor.lib.logic.IsPresent} {
Failed to find source for ptolemy.actor.lib.logic.IsPresent} {
Failed to find ptdoc for ptolemy.domains.sr.lib.NonStrictDelay.  Try doing (cd /home/travis/build/icyphy/ptII/doc/test/../../doc; rm codeDoc/ptolemy/actor/lib/Ramp.xml codeDoc/ptolemy/actor/lib/RampIdx.xml; make docs)} {
Failed to find javadoc for ptolemy.domains.sr.lib.NonStrictDelay} {
Failed to find source for ptolemy.domains.sr.lib.NonStrictDelay} {
Failed to find ptdoc for ptolemy.domains.sr.lib.gui.NonStrictDisplay.  Try doing (cd /home/travis/build/icyphy/ptII/doc/test/../../doc; rm codeDoc/ptolemy/actor/lib/Ramp.xml codeDoc/ptolemy/actor/lib/RampIdx.xml; make docs)} {
Failed to find javadoc for ptolemy.domains.sr.lib.gui.NonStrictDisplay} {
Failed to find source for ptolemy.domains.sr.lib.gui.NonStrictDisplay} {
Failed to find ptdoc for ptolemy.domains.sr.lib.BinaryNonStrictLogicGate.  Try doing (cd /home/travis/build/icyphy/ptII/doc/test/../../doc; rm codeDoc/ptolemy/actor/lib/Ramp.xml codeDoc/ptolemy/actor/lib/RampIdx.xml; make docs)} {
Failed to find javadoc for ptolemy.domains.sr.lib.BinaryNonStrictLogicGate} {
Failed to find source for ptolemy.domains.sr.lib.BinaryNonStrictLogicGate} {
Failed to find ptdoc for ptolemy.domains.sr.lib.NonStrictLogicGate.  Try doing (cd /home/travis/build/icyphy/ptII/doc/test/../../doc; rm codeDoc/ptolemy/actor/lib/Ramp.xml codeDoc/ptolemy/actor/lib/RampIdx.xml; make docs)} {
Failed to find javadoc for ptolemy.domains.sr.lib.NonStrictLogicGate} {
Failed to find source for ptolemy.domains.sr.lib.NonStrictLogicGate} {
Failed to find ptdoc for ptolemy.domains.sr.lib.NonStrictAndGate.  Try doing (cd /home/travis/build/icyphy/ptII/doc/test/../../doc; rm codeDoc/ptolemy/actor/lib/Ramp.xml codeDoc/ptolemy/actor/lib/RampIdx.xml; make docs)} {
Failed to find javadoc for ptolemy.domains.sr.lib.NonStrictAndGate} {
Failed to find source for ptolemy.domains.sr.lib.NonStrictAndGate} {
Failed to find ptdoc for ptolemy.domains.sr.lib.NonStrictOrGate.  Try doing (cd /home/travis/build/icyphy/ptII/doc/test/../../doc; rm codeDoc/ptolemy/actor/lib/Ramp.xml codeDoc/ptolemy/actor/lib/RampIdx.xml; make docs)} {
Failed to find javadoc for ptolemy.domains.sr.lib.NonStrictOrGate} {
Failed to find source for ptolemy.domains.sr.lib.NonStrictOrGate} {
Failed to find ptdoc for ptolemy.domains.sr.lib.NonStrictXorGate.  Try doing (cd /home/travis/build/icyphy/ptII/doc/test/../../doc; rm codeDoc/ptolemy/actor/lib/Ramp.xml codeDoc/ptolemy/actor/lib/RampIdx.xml; make docs)} {
Failed to find javadoc for ptolemy.domains.sr.lib.NonStrictXorGate} {
Failed to find source for ptolemy.domains.sr.lib.NonStrictXorGate} {
Failed to find ptdoc for ptolemy.domains.sr.lib.NonStrictThreeBitAdder.  Try doing (cd /home/travis/build/icyphy/ptII/doc/test/../../doc; rm codeDoc/ptolemy/actor/lib/Ramp.xml codeDoc/ptolemy/actor/lib/RampIdx.xml; make docs)} {
Failed to find javadoc for ptolemy.domains.sr.lib.NonStrictThreeBitAdder} {
Failed to find source for ptolemy.domains.sr.lib.NonStrictThreeBitAdder} {
Failed to find ptdoc for ptolemy.domains.sr.lib.Pre.  Try doing (cd /home/travis/build/icyphy/ptII/doc/test/../../doc; rm codeDoc/ptolemy/actor/lib/Ramp.xml codeDoc/ptolemy/actor/lib/RampIdx.xml; make docs)} {
Failed to find javadoc for ptolemy.domains.sr.lib.Pre} {
Failed to find source for ptolemy.domains.sr.lib.Pre} {
Failed to find ptdoc for ptolemy.domains.sr.lib.SingleTokenDistributor.  Try doing (cd /home/travis/build/icyphy/ptII/doc/test/../../doc; rm codeDoc/ptolemy/actor/lib/Ramp.xml codeDoc/ptolemy/actor/lib/RampIdx.xml; make docs)} {
Failed to find javadoc for ptolemy.domains.sr.lib.SingleTokenDistributor} {
Failed to find source for ptolemy.domains.sr.lib.SingleTokenDistributor} {
Failed to find ptdoc for ptolemy.domains.sr.lib.When.  Try doing (cd /home/travis/build/icyphy/ptII/doc/test/../../doc; rm codeDoc/ptolemy/actor/lib/Ramp.xml codeDoc/ptolemy/actor/lib/RampIdx.xml; make docs)} {
Failed to find javadoc for ptolemy.domains.sr.lib.When} {
Failed to find source for ptolemy.domains.sr.lib.When} {
Failed to find ptdoc for ptolemy.actor.lib.logic.TrueGate.  Try doing (cd /home/travis/build/icyphy/ptII/doc/test/../../doc; rm codeDoc/ptolemy/actor/lib/Ramp.xml codeDoc/ptolemy/actor/lib/RampIdx.xml; make docs)} {
Failed to find javadoc for ptolemy.actor.lib.logic.TrueGate} {
Failed to find source for ptolemy.actor.lib.logic.TrueGate} {
Failed to find ptdoc for ptolemy.actor.lib.CurrentTime.  Try doing (cd /home/travis/build/icyphy/ptII/doc/test/../../doc; rm codeDoc/ptolemy/actor/lib/Ramp.xml codeDoc/ptolemy/actor/lib/RampIdx.xml; make docs)} {
Failed to find javadoc for ptolemy.actor.lib.CurrentTime} {
Failed to find source for ptolemy.actor.lib.CurrentTime} {
Failed to find ptdoc for ptolemy.actor.lib.Scale.  Try doing (cd /home/travis/build/icyphy/ptII/doc/test/../../doc; rm codeDoc/ptolemy/actor/lib/Ramp.xml codeDoc/ptolemy/actor/lib/RampIdx.xml; make docs)} {
Failed to find javadoc for ptolemy.actor.lib.Scale} {
Failed to find source for ptolemy.actor.lib.Scale} {
Failed to find ptdoc for ptolemy.actor.lib.TrigFunction.  Try doing (cd /home/travis/build/icyphy/ptII/doc/test/../../doc; rm codeDoc/ptolemy/actor/lib/Ramp.xml codeDoc/ptolemy/actor/lib/RampIdx.xml; make docs)} {
Failed to find javadoc for ptolemy.actor.lib.TrigFunction} {
Failed to find source for ptolemy.actor.lib.TrigFunction} {
Failed to find ptdoc for ptolemy.actor.lib.Const.  Try doing (cd /home/travis/build/icyphy/ptII/doc/test/../../doc; rm codeDoc/ptolemy/actor/lib/Ramp.xml codeDoc/ptolemy/actor/lib/RampIdx.xml; make docs)} {
Failed to find javadoc for ptolemy.actor.lib.Const} {
Failed to find source for ptolemy.actor.lib.Const} {
Failed to find ptdoc for ptolemy.actor.lib.AddSubtract.  Try doing (cd /home/travis/build/icyphy/ptII/doc/test/../../doc; rm codeDoc/ptolemy/actor/lib/Ramp.xml codeDoc/ptolemy/actor/lib/RampIdx.xml; make docs)} {
Failed to find javadoc for ptolemy.actor.lib.AddSubtract} {
Failed to find source for ptolemy.actor.lib.AddSubtract} {
Failed to find ptdoc for ptolemy.actor.lib.Scale.  Try doing (cd /home/travis/build/icyphy/ptII/doc/test/../../doc; rm codeDoc/ptolemy/actor/lib/Ramp.xml codeDoc/ptolemy/actor/lib/RampIdx.xml; make docs)} {
Failed to find javadoc for ptolemy.actor.lib.Scale} {
Failed to find source for ptolemy.actor.lib.Scale} {
Failed to find ptdoc for ptolemy.actor.lib.Ramp.  Try doing (cd /home/travis/build/icyphy/ptII/doc/test/../../doc; rm codeDoc/ptolemy/actor/lib/Ramp.xml codeDoc/ptolemy/actor/lib/RampIdx.xml; make docs)} {
Failed to find javadoc for ptolemy.actor.lib.Ramp} {
Failed to find source for ptolemy.actor.lib.Ramp} {
Failed to find ptdoc for ptolemy.actor.lib.TrigFunction.  Try doing (cd /home/travis/build/icyphy/ptII/doc/test/../../doc; rm codeDoc/ptolemy/actor/lib/Ramp.xml codeDoc/ptolemy/actor/lib/RampIdx.xml; make docs)} {
Failed to find javadoc for ptolemy.actor.lib.TrigFunction} {
Failed to find source for ptolemy.actor.lib.TrigFunction} {
Failed to find ptdoc for ptolemy.actor.lib.Const.  Try doing (cd /home/travis/build/icyphy/ptII/doc/test/../../doc; rm codeDoc/ptolemy/actor/lib/Ramp.xml codeDoc/ptolemy/actor/lib/RampIdx.xml; make docs)} {
Failed to find javadoc for ptolemy.actor.lib.Const} {
Failed to find source for ptolemy.actor.lib.Const} {
Failed to find ptdoc for ptolemy.actor.lib.AddSubtract.  Try doing (cd /home/travis/build/icyphy/ptII/doc/test/../../doc; rm codeDoc/ptolemy/actor/lib/Ramp.xml codeDoc/ptolemy/actor/lib/RampIdx.xml; make docs)} {
Failed to find javadoc for ptolemy.actor.lib.AddSubtract} {
Failed to find source for ptolemy.actor.lib.AddSubtract} {
Failed to find ptdoc for ptolemy.actor.lib.Pulse.  Try doing (cd /home/travis/build/icyphy/ptII/doc/test/../../doc; rm codeDoc/ptolemy/actor/lib/Ramp.xml codeDoc/ptolemy/actor/lib/RampIdx.xml; make docs)} {
Failed to find javadoc for ptolemy.actor.lib.Pulse} {
Failed to find source for ptolemy.actor.lib.Pulse} {
Failed to find ptdoc for ptolemy.actor.lib.MultiplyDivide.  Try doing (cd /home/travis/build/icyphy/ptII/doc/test/../../doc; rm codeDoc/ptolemy/actor/lib/Ramp.xml codeDoc/ptolemy/actor/lib/RampIdx.xml; make docs)} {
Failed to find javadoc for ptolemy.actor.lib.MultiplyDivide} {
Failed to find source for ptolemy.actor.lib.MultiplyDivide} {
Failed to find ptdoc for ptolemy.domains.sdf.lib.Autocorrelation.  Try doing (cd /home/travis/build/icyphy/ptII/doc/test/../../doc; rm codeDoc/ptolemy/actor/lib/Ramp.xml codeDoc/ptolemy/actor/lib/RampIdx.xml; make docs)} {
Failed to find javadoc for ptolemy.domains.sdf.lib.Autocorrelation} {
Failed to find source for ptolemy.domains.sdf.lib.Autocorrelation} {
Failed to find ptdoc for ptolemy.actor.lib.LevinsonDurbin.  Try doing (cd /home/travis/build/icyphy/ptII/doc/test/../../doc; rm codeDoc/ptolemy/actor/lib/Ramp.xml codeDoc/ptolemy/actor/lib/RampIdx.xml; make docs)} {
Failed to find javadoc for ptolemy.actor.lib.LevinsonDurbin} {
Failed to find source for ptolemy.actor.lib.LevinsonDurbin} {
Failed to find ptdoc for ptolemy.actor.lib.ArrayAppend.  Try doing (cd /home/travis/build/icyphy/ptII/doc/test/../../doc; rm codeDoc/ptolemy/actor/lib/Ramp.xml codeDoc/ptolemy/actor/lib/RampIdx.xml; make docs)} {
Failed to find javadoc for ptolemy.actor.lib.ArrayAppend} {
Failed to find source for ptolemy.actor.lib.ArrayAppend} {
Failed to find ptdoc for ptolemy.domains.sdf.lib.ArrayToSequence.  Try doing (cd /home/travis/build/icyphy/ptII/doc/test/../../doc; rm codeDoc/ptolemy/actor/lib/Ramp.xml codeDoc/ptolemy/actor/lib/RampIdx.xml; make docs)} {
Failed to find javadoc for ptolemy.domains.sdf.lib.ArrayToSequence} {
Failed to find source for ptolemy.domains.sdf.lib.ArrayToSequence} {
Failed to find ptdoc for ptolemy.domains.sdf.lib.FFT.  Try doing (cd /home/travis/build/icyphy/ptII/doc/test/../../doc; rm codeDoc/ptolemy/actor/lib/Ramp.xml codeDoc/ptolemy/actor/lib/RampIdx.xml; make docs)} {
Failed to find javadoc for ptolemy.domains.sdf.lib.FFT} {
Failed to find source for ptolemy.domains.sdf.lib.FFT} {
Failed to find ptdoc for ptolemy.actor.lib.AbsoluteValue.  Try doing (cd /home/travis/build/icyphy/ptII/doc/test/../../doc; rm codeDoc/ptolemy/actor/lib/Ramp.xml codeDoc/ptolemy/actor/lib/RampIdx.xml; make docs)} {
Failed to find javadoc for ptolemy.actor.lib.AbsoluteValue} {
Failed to find source for ptolemy.actor.lib.AbsoluteValue} {
Failed to find ptdoc for ptolemy.actor.lib.MultiplyDivide.  Try doing (cd /home/travis/build/icyphy/ptII/doc/test/../../doc; rm codeDoc/ptolemy/actor/lib/Ramp.xml codeDoc/ptolemy/actor/lib/RampIdx.xml; make docs)} {
Failed to find javadoc for ptolemy.actor.lib.MultiplyDivide} {
Failed to find source for ptolemy.actor.lib.MultiplyDivide} {
Failed to find ptdoc for ptolemy.actor.lib.DB.  Try doing (cd /home/travis/build/icyphy/ptII/doc/test/../../doc; rm codeDoc/ptolemy/actor/lib/Ramp.xml codeDoc/ptolemy/actor/lib/RampIdx.xml; make docs)} {
Failed to find javadoc for ptolemy.actor.lib.DB} {
Failed to find source for ptolemy.actor.lib.DB} {
Failed to find ptdoc for ptolemy.actor.lib.ArrayElement.  Try doing (cd /home/travis/build/icyphy/ptII/doc/test/../../doc; rm codeDoc/ptolemy/actor/lib/Ramp.xml codeDoc/ptolemy/actor/lib/RampIdx.xml; make docs)} {
Failed to find javadoc for ptolemy.actor.lib.ArrayElement} {
Failed to find source for ptolemy.actor.lib.ArrayElement} {
Failed to find ptdoc for ptolemy.domains.sdf.lib.Repeat.  Try doing (cd /home/travis/build/icyphy/ptII/doc/test/../../doc; rm codeDoc/ptolemy/actor/lib/Ramp.xml codeDoc/ptolemy/actor/lib/RampIdx.xml; make docs)} {
Failed to find javadoc for ptolemy.domains.sdf.lib.Repeat} {
Failed to find source for ptolemy.domains.sdf.lib.Repeat} {
Failed to find ptdoc for ptolemy.domains.sdf.lib.Chop.  Try doing (cd /home/travis/build/icyphy/ptII/doc/test/../../doc; rm codeDoc/ptolemy/actor/lib/Ramp.xml codeDoc/ptolemy/actor/lib/RampIdx.xml; make docs)} {
Failed to find javadoc for ptolemy.domains.sdf.lib.Chop} {
Failed to find source for ptolemy.domains.sdf.lib.Chop} {
Failed to find ptdoc for ptolemy.actor.lib.MathFunction.  Try doing (cd /home/travis/build/icyphy/ptII/doc/test/../../doc; rm codeDoc/ptolemy/actor/lib/Ramp.xml codeDoc/ptolemy/actor/lib/RampIdx.xml; make docs)} {
Failed to find javadoc for ptolemy.actor.lib.MathFunction} {
Failed to find source for ptolemy.actor.lib.MathFunction} {
Failed to find ptdoc for ptolemy.actor.lib.Const.  Try doing (cd /home/travis/build/icyphy/ptII/doc/test/../../doc; rm codeDoc/ptolemy/actor/lib/Ramp.xml codeDoc/ptolemy/actor/lib/RampIdx.xml; make docs)} {
Failed to find javadoc for ptolemy.actor.lib.Const} {
Failed to find source for ptolemy.actor.lib.Const} {
Failed to find ptdoc for ptolemy.actor.lib.MultiplyDivide.  Try doing (cd /home/travis/build/icyphy/ptII/doc/test/../../doc; rm codeDoc/ptolemy/actor/lib/Ramp.xml codeDoc/ptolemy/actor/lib/RampIdx.xml; make docs)} {
Failed to find javadoc for ptolemy.actor.lib.MultiplyDivide} {
Failed to find source for ptolemy.actor.lib.MultiplyDivide} {
Failed to find ptdoc for ptolemy.domains.sdf.lib.FFT.  Try doing (cd /home/travis/build/icyphy/ptII/doc/test/../../doc; rm codeDoc/ptolemy/actor/lib/Ramp.xml codeDoc/ptolemy/actor/lib/RampIdx.xml; make docs)} {
Failed to find javadoc for ptolemy.domains.sdf.lib.FFT} {
Failed to find source for ptolemy.domains.sdf.lib.FFT} {
Failed to find ptdoc for ptolemy.actor.lib.DB.  Try doing (cd /home/travis/build/icyphy/ptII/doc/test/../../doc; rm codeDoc/ptolemy/actor/lib/Ramp.xml codeDoc/ptolemy/actor/lib/RampIdx.xml; make docs)} {
Failed to find javadoc for ptolemy.actor.lib.DB} {
Failed to find source for ptolemy.actor.lib.DB} {
Failed to find ptdoc for ptolemy.actor.lib.AbsoluteValue.  Try doing (cd /home/travis/build/icyphy/ptII/doc/test/../../doc; rm codeDoc/ptolemy/actor/lib/Ramp.xml codeDoc/ptolemy/actor/lib/RampIdx.xml; make docs)} {
Failed to find javadoc for ptolemy.actor.lib.AbsoluteValue} {
Failed to find source for ptolemy.actor.lib.AbsoluteValue} {
Failed to find ptdoc for ptolemy.domains.sdf.lib.Autocorrelation.  Try doing (cd /home/travis/build/icyphy/ptII/doc/test/../../doc; rm codeDoc/ptolemy/actor/lib/Ramp.xml codeDoc/ptolemy/actor/lib/RampIdx.xml; make docs)} {
Failed to find javadoc for ptolemy.domains.sdf.lib.Autocorrelation} {
Failed to find source for ptolemy.domains.sdf.lib.Autocorrelation} {
Failed to find ptdoc for ptolemy.domains.sdf.lib.Chop.  Try doing (cd /home/travis/build/icyphy/ptII/doc/test/../../doc; rm codeDoc/ptolemy/actor/lib/Ramp.xml codeDoc/ptolemy/actor/lib/RampIdx.xml; make docs)} {
Failed to find javadoc for ptolemy.domains.sdf.lib.Chop} {
Failed to find source for ptolemy.domains.sdf.lib.Chop} {
Failed to find ptdoc for ptolemy.domains.sdf.lib.ArrayToSequence.  Try doing (cd /home/travis/build/icyphy/ptII/doc/test/../../doc; rm codeDoc/ptolemy/actor/lib/Ramp.xml codeDoc/ptolemy/actor/lib/RampIdx.xml; make docs)} {
Failed to find javadoc for ptolemy.domains.sdf.lib.ArrayToSequence} {
Failed to find source for ptolemy.domains.sdf.lib.ArrayToSequence} {
Failed to find ptdoc for ptolemy.actor.lib.Sequence.  Try doing (cd /home/travis/build/icyphy/ptII/doc/test/../../doc; rm codeDoc/ptolemy/actor/lib/Ramp.xml codeDoc/ptolemy/actor/lib/RampIdx.xml; make docs)} {
Failed to find javadoc for ptolemy.actor.lib.Sequence} {
Failed to find source for ptolemy.actor.lib.Sequence} {
Failed to find ptdoc for ptolemy.actor.lib.MultiplyDivide.  Try doing (cd /home/travis/build/icyphy/ptII/doc/test/../../doc; rm codeDoc/ptolemy/actor/lib/Ramp.xml codeDoc/ptolemy/actor/lib/RampIdx.xml; make docs)} {
Failed to find javadoc for ptolemy.actor.lib.MultiplyDivide} {
Failed to find source for ptolemy.actor.lib.MultiplyDivide} {
Failed to find ptdoc for ptolemy.domains.sdf.lib.FFT.  Try doing (cd /home/travis/build/icyphy/ptII/doc/test/../../doc; rm codeDoc/ptolemy/actor/lib/Ramp.xml codeDoc/ptolemy/actor/lib/RampIdx.xml; make docs)} {
Failed to find javadoc for ptolemy.domains.sdf.lib.FFT} {
Failed to find source for ptolemy.domains.sdf.lib.FFT} {
Failed to find ptdoc for ptolemy.actor.lib.DB.  Try doing (cd /home/travis/build/icyphy/ptII/doc/test/../../doc; rm codeDoc/ptolemy/actor/lib/Ramp.xml codeDoc/ptolemy/actor/lib/RampIdx.xml; make docs)} {
Failed to find javadoc for ptolemy.actor.lib.DB} {
Failed to find source for ptolemy.actor.lib.DB} {
Failed to find ptdoc for ptolemy.actor.lib.AbsoluteValue.  Try doing (cd /home/travis/build/icyphy/ptII/doc/test/../../doc; rm codeDoc/ptolemy/actor/lib/Ramp.xml codeDoc/ptolemy/actor/lib/RampIdx.xml; make docs)} {
Failed to find javadoc for ptolemy.actor.lib.AbsoluteValue} {
Failed to find source for ptolemy.actor.lib.AbsoluteValue} {
Failed to find ptdoc for ptolemy.actor.lib.Scale.  Try doing (cd /home/travis/build/icyphy/ptII/doc/test/../../doc; rm codeDoc/ptolemy/actor/lib/Ramp.xml codeDoc/ptolemy/actor/lib/RampIdx.xml; make docs)} {
Failed to find javadoc for ptolemy.actor.lib.Scale} {
Failed to find source for ptolemy.actor.lib.Scale} {
Failed to find ptdoc for ptolemy.actor.lib.Sequence.  Try doing (cd /home/travis/build/icyphy/ptII/doc/test/../../doc; rm codeDoc/ptolemy/actor/lib/Ramp.xml codeDoc/ptolemy/actor/lib/RampIdx.xml; make docs)} {
Failed to find javadoc for ptolemy.actor.lib.Sequence} {
Failed to find source for ptolemy.actor.lib.Sequence} {
Failed to find ptdoc for ptolemy.actor.lib.CurrentTime.  Try doing (cd /home/travis/build/icyphy/ptII/doc/test/../../doc; rm codeDoc/ptolemy/actor/lib/Ramp.xml codeDoc/ptolemy/actor/lib/RampIdx.xml; make docs)} {
Failed to find javadoc for ptolemy.actor.lib.CurrentTime} {
Failed to find source for ptolemy.actor.lib.CurrentTime} {
Failed to find ptdoc for ptolemy.actor.lib.Scale.  Try doing (cd /home/travis/build/icyphy/ptII/doc/test/../../doc; rm codeDoc/ptolemy/actor/lib/Ramp.xml codeDoc/ptolemy/actor/lib/RampIdx.xml; make docs)} {
Failed to find javadoc for ptolemy.actor.lib.Scale} {
Failed to find source for ptolemy.actor.lib.Scale} {
Failed to find ptdoc for ptolemy.actor.lib.TrigFunction.  Try doing (cd /home/travis/build/icyphy/ptII/doc/test/../../doc; rm codeDoc/ptolemy/actor/lib/Ramp.xml codeDoc/ptolemy/actor/lib/RampIdx.xml; make docs)} {
Failed to find javadoc for ptolemy.actor.lib.TrigFunction} {
Failed to find source for ptolemy.actor.lib.TrigFunction} {
Failed to find ptdoc for ptolemy.actor.lib.Const.  Try doing (cd /home/travis/build/icyphy/ptII/doc/test/../../doc; rm codeDoc/ptolemy/actor/lib/Ramp.xml codeDoc/ptolemy/actor/lib/RampIdx.xml; make docs)} {
Failed to find javadoc for ptolemy.actor.lib.Const} {
Failed to find source for ptolemy.actor.lib.Const} {
Failed to find ptdoc for ptolemy.actor.lib.AddSubtract.  Try doing (cd /home/travis/build/icyphy/ptII/doc/test/../../doc; rm codeDoc/ptolemy/actor/lib/Ramp.xml codeDoc/ptolemy/actor/lib/RampIdx.xml; make docs)} {
Failed to find javadoc for ptolemy.actor.lib.AddSubtract} {
Failed to find source for ptolemy.actor.lib.AddSubtract} {
Failed to find ptdoc for ptolemy.actor.lib.Scale.  Try doing (cd /home/travis/build/icyphy/ptII/doc/test/../../doc; rm codeDoc/ptolemy/actor/lib/Ramp.xml codeDoc/ptolemy/actor/lib/RampIdx.xml; make docs)} {
Failed to find javadoc for ptolemy.actor.lib.Scale} {
Failed to find source for ptolemy.actor.lib.Scale} {
Failed to find ptdoc for ptolemy.domains.continuous.lib.ZeroOrderHold.  Try doing (cd /home/travis/build/icyphy/ptII/doc/test/../../doc; rm codeDoc/ptolemy/actor/lib/Ramp.xml codeDoc/ptolemy/actor/lib/RampIdx.xml; make docs)} {
Failed to find javadoc for ptolemy.domains.continuous.lib.ZeroOrderHold} {
Failed to find source for ptolemy.domains.continuous.lib.ZeroOrderHold} {
Failed to find ptdoc for ptolemy.actor.lib.gui.SequencePlotter.  Try doing (cd /home/travis/build/icyphy/ptII/doc/test/../../doc; rm codeDoc/ptolemy/actor/lib/Ramp.xml codeDoc/ptolemy/actor/lib/RampIdx.xml; make docs)} {
Failed to find javadoc for ptolemy.actor.lib.gui.SequencePlotter} {
Failed to find source for ptolemy.actor.lib.gui.SequencePlotter} {
Failed to find ptdoc for ptolemy.actor.lib.MultiplyDivide.  Try doing (cd /home/travis/build/icyphy/ptII/doc/test/../../doc; rm codeDoc/ptolemy/actor/lib/Ramp.xml codeDoc/ptolemy/actor/lib/RampIdx.xml; make docs)} {
Failed to find javadoc for ptolemy.actor.lib.MultiplyDivide} {
Failed to find source for ptolemy.actor.lib.MultiplyDivide} {
Failed to find ptdoc for ptolemy.actor.lib.Pulse.  Try doing (cd /home/travis/build/icyphy/ptII/doc/test/../../doc; rm codeDoc/ptolemy/actor/lib/Ramp.xml codeDoc/ptolemy/actor/lib/RampIdx.xml; make docs)} {
Failed to find javadoc for ptolemy.actor.lib.Pulse} {
Failed to find source for ptolemy.actor.lib.Pulse} {
Failed to find ptdoc for ptolemy.domains.sdf.lib.FFT.  Try doing (cd /home/travis/build/icyphy/ptII/doc/test/../../doc; rm codeDoc/ptolemy/actor/lib/Ramp.xml codeDoc/ptolemy/actor/lib/RampIdx.xml; make docs)} {
Failed to find javadoc for ptolemy.domains.sdf.lib.FFT} {
Failed to find source for ptolemy.domains.sdf.lib.FFT} {
Failed to find ptdoc for ptolemy.actor.lib.DB.  Try doing (cd /home/travis/build/icyphy/ptII/doc/test/../../doc; rm codeDoc/ptolemy/actor/lib/Ramp.xml codeDoc/ptolemy/actor/lib/RampIdx.xml; make docs)} {
Failed to find javadoc for ptolemy.actor.lib.DB} {
Failed to find source for ptolemy.actor.lib.DB} {
Failed to find ptdoc for ptolemy.actor.lib.AbsoluteValue.  Try doing (cd /home/travis/build/icyphy/ptII/doc/test/../../doc; rm codeDoc/ptolemy/actor/lib/Ramp.xml codeDoc/ptolemy/actor/lib/RampIdx.xml; make docs)} {
Failed to find javadoc for ptolemy.actor.lib.AbsoluteValue} {
Failed to find source for ptolemy.actor.lib.AbsoluteValue} {
Failed to find ptdoc for ptolemy.actor.lib.Scale.  Try doing (cd /home/travis/build/icyphy/ptII/doc/test/../../doc; rm codeDoc/ptolemy/actor/lib/Ramp.xml codeDoc/ptolemy/actor/lib/RampIdx.xml; make docs)} {
Failed to find javadoc for ptolemy.actor.lib.Scale} {
Failed to find source for ptolemy.actor.lib.Scale}}
---- Result should have been:
{}
---- ptiny/configuration.xml-6.1 FAILED
 Force everything to get expanded ptolemy/configs/fullViewer/configuration.xml
    (Skipping certain optional packages)
    If you get a 'X connection to xxx:11.0 broken' message, then
    see $PTII/ptolemy/moml/filter/RemoveGraphicalClasses.java
    Or, under Solaris, run java -verbose -classpath 
           ${PTII}/lib/ptjacl.jar:${PTII}/lib/diva.jar:${PTII}
           tcl.lang.Shell xxx.tcl
 Force everything to get expanded ptolemy/configs/ptinyKepler/configuration.xml
    (Skipping certain optional packages)
    If you get a 'X connection to xxx:11.0 broken' message, then
    see $PTII/ptolemy/moml/filter/RemoveGraphicalClasses.java
    Or, under Solaris, run java -verbose -classpath 
           ${PTII}/lib/ptjacl.jar:${PTII}/lib/diva.jar:${PTII}
           tcl.lang.Shell xxx.tcl


==== $PTII/doc/test/docManager.tcl: ptinyKepler/configuration.xml-6.1 Test docClassNameToURL
==== Contents of test case:

        # If this test fails under Travis, the the problem could be
        # that actors have been added to the repository, yet the
        # codeDoc*.jar files in
        # https://github.com/icyphy/ptII/releases/download/nightly/
        # have not been updated.  $PTII/.travis.yml has a deploy
        # section that should copy the jar files if PT_TRAVIS_DOCS ==
        # true.  Note that Travis no longer supports Oracle JDK 8 and
        # JDK 11 does not have backward compatible support for
        # javadoc, so travis is failing to update the download/nightly
        # directory.  Even if Travis updates the codeDoc.jar files,
        # then under JDK 11 the actor index files will not be present
        # because JDK 11 is missing javadoc backward compatibility.

        # One possible fix is to build the jar files under JDK 8 with
        # (cd $PTII/doc; make install)
        # Then upload codeDoc.jar to the nightly release.
        # 1. Go to https://github.com/icyphy/ptII/releases
        # 2. Find the nightly release
        # 3. Click on edit
        # 4. Delete the old codeDoc.jar
        # 5. Upload the new codeDoc.jar
        # For details, see 
        # https://docs.github.com/en/github/administering-a-repository/managing-releases-in-a-repository

	# In general, if we call getName on a public field in an actor,
	# then the name that is returned should be the same as the name
	# of the field.
	set entityList [$configuration allAtomicEntityList]
	set results {}
	for {set iterator [$entityList iterator]}  {[$iterator hasNext] == 1} {} {
		set entity [$iterator next]
		if [java::instanceof $entity ptolemy.actor.TypedAtomicActor] {
		    set actor [java::cast ptolemy.actor.TypedAtomicActor $entity]
		    set className [$actor getClassName]
		    set url [java::call ptolemy.vergil.actor.DocManager  docClassNameToURL  $configuration $className  true false false false]
		    if [java::isnull $url] {
			lappend results "\nFailed to find ptdoc for $className.  Try doing (cd $PTII/doc; rm codeDoc/ptolemy/actor/lib/Ramp.xml codeDoc/ptolemy/actor/lib/RampIdx.xml; make docs)"
		    }


		    set url [java::call ptolemy.vergil.actor.DocManager  docClassNameToURL  $configuration $className  false true false false]
		    if [java::isnull $url] {
			lappend results "\nFailed to find javadoc for $className"
		    }

		    set url [java::call ptolemy.vergil.actor.DocManager  docClassNameToURL  $configuration $className  false true false false]
		    if [java::isnull $url] {
			lappend results "\nFailed to find source for $className"
		    }


		    # For actor index, it is ok to return null
		    set url [java::call ptolemy.vergil.actor.DocManager  docClassNameToURL  $configuration $className  false false false true]
		}
	    }
    list $results	
    
==== Result was:
{{
Failed to find ptdoc for ptolemy.actor.lib.Assert.  Try doing (cd /home/travis/build/icyphy/ptII/doc/test/../../doc; rm codeDoc/ptolemy/actor/lib/Ramp.xml codeDoc/ptolemy/actor/lib/RampIdx.xml; make docs)} {
Failed to find javadoc for ptolemy.actor.lib.Assert} {
Failed to find source for ptolemy.actor.lib.Assert} {
Failed to find ptdoc for ptolemy.actor.lib.jjs.JavaScript.  Try doing (cd /home/travis/build/icyphy/ptII/doc/test/../../doc; rm codeDoc/ptolemy/actor/lib/Ramp.xml codeDoc/ptolemy/actor/lib/RampIdx.xml; make docs)} {
Failed to find javadoc for ptolemy.actor.lib.jjs.JavaScript} {
Failed to find source for ptolemy.actor.lib.jjs.JavaScript} {
Failed to find ptdoc for ptolemy.actor.lib.Const.  Try doing (cd /home/travis/build/icyphy/ptII/doc/test/../../doc; rm codeDoc/ptolemy/actor/lib/Ramp.xml codeDoc/ptolemy/actor/lib/RampIdx.xml; make docs)} {
Failed to find javadoc for ptolemy.actor.lib.Const} {
Failed to find source for ptolemy.actor.lib.Const} {
Failed to find ptdoc for ptolemy.actor.lib.StringConst.  Try doing (cd /home/travis/build/icyphy/ptII/doc/test/../../doc; rm codeDoc/ptolemy/actor/lib/Ramp.xml codeDoc/ptolemy/actor/lib/RampIdx.xml; make docs)} {
Failed to find javadoc for ptolemy.actor.lib.StringConst} {
Failed to find source for ptolemy.actor.lib.StringConst} {
Failed to find ptdoc for ptolemy.actor.lib.Subscriber.  Try doing (cd /home/travis/build/icyphy/ptII/doc/test/../../doc; rm codeDoc/ptolemy/actor/lib/Ramp.xml codeDoc/ptolemy/actor/lib/RampIdx.xml; make docs)} {
Failed to find javadoc for ptolemy.actor.lib.Subscriber} {
Failed to find source for ptolemy.actor.lib.Subscriber} {
Failed to find ptdoc for ptolemy.actor.lib.SubscriptionAggregator.  Try doing (cd /home/travis/build/icyphy/ptII/doc/test/../../doc; rm codeDoc/ptolemy/actor/lib/Ramp.xml codeDoc/ptolemy/actor/lib/RampIdx.xml; make docs)} {
Failed to find javadoc for ptolemy.actor.lib.SubscriptionAggregator} {
Failed to find source for ptolemy.actor.lib.SubscriptionAggregator} {
Failed to find ptdoc for ptolemy.actor.lib.CurrentDate.  Try doing (cd /home/travis/build/icyphy/ptII/doc/test/../../doc; rm codeDoc/ptolemy/actor/lib/Ramp.xml codeDoc/ptolemy/actor/lib/RampIdx.xml; make docs)} {
Failed to find javadoc for ptolemy.actor.lib.CurrentDate} {
Failed to find source for ptolemy.actor.lib.CurrentDate} {
Failed to find ptdoc for ptolemy.actor.lib.CurrentTime.  Try doing (cd /home/travis/build/icyphy/ptII/doc/test/../../doc; rm codeDoc/ptolemy/actor/lib/Ramp.xml codeDoc/ptolemy/actor/lib/RampIdx.xml; make docs)} {
Failed to find javadoc for ptolemy.actor.lib.CurrentTime} {
Failed to find source for ptolemy.actor.lib.CurrentTime} {
Failed to find ptdoc for ptolemy.actor.lib.CurrentMicrostep.  Try doing (cd /home/travis/build/icyphy/ptII/doc/test/../../doc; rm codeDoc/ptolemy/actor/lib/Ramp.xml codeDoc/ptolemy/actor/lib/RampIdx.xml; make docs)} {
Failed to find javadoc for ptolemy.actor.lib.CurrentMicrostep} {
Failed to find source for ptolemy.actor.lib.CurrentMicrostep} {
Failed to find ptdoc for ptolemy.actor.lib.DiscreteClock.  Try doing (cd /home/travis/build/icyphy/ptII/doc/test/../../doc; rm codeDoc/ptolemy/actor/lib/Ramp.xml codeDoc/ptolemy/actor/lib/RampIdx.xml; make docs)} {
Failed to find javadoc for ptolemy.actor.lib.DiscreteClock} {
Failed to find source for ptolemy.actor.lib.DiscreteClock} {
Failed to find ptdoc for ptolemy.actor.lib.PoissonClock.  Try doing (cd /home/travis/build/icyphy/ptII/doc/test/../../doc; rm codeDoc/ptolemy/actor/lib/Ramp.xml codeDoc/ptolemy/actor/lib/RampIdx.xml; make docs)} {
Failed to find javadoc for ptolemy.actor.lib.PoissonClock} {
Failed to find source for ptolemy.actor.lib.PoissonClock} {
Failed to find ptdoc for ptolemy.actor.lib.gui.InteractiveDialog.  Try doing (cd /home/travis/build/icyphy/ptII/doc/test/../../doc; rm codeDoc/ptolemy/actor/lib/Ramp.xml codeDoc/ptolemy/actor/lib/RampIdx.xml; make docs)} {
Failed to find javadoc for ptolemy.actor.lib.gui.InteractiveDialog} {
Failed to find source for ptolemy.actor.lib.gui.InteractiveDialog} {
Failed to find ptdoc for ptolemy.actor.lib.gui.InteractiveShell.  Try doing (cd /home/travis/build/icyphy/ptII/doc/test/../../doc; rm codeDoc/ptolemy/actor/lib/Ramp.xml codeDoc/ptolemy/actor/lib/RampIdx.xml; make docs)} {
Failed to find javadoc for ptolemy.actor.lib.gui.InteractiveShell} {
Failed to find source for ptolemy.actor.lib.gui.InteractiveShell} {
Failed to find ptdoc for ptolemy.actor.lib.Interpolator.  Try doing (cd /home/travis/build/icyphy/ptII/doc/test/../../doc; rm codeDoc/ptolemy/actor/lib/Ramp.xml codeDoc/ptolemy/actor/lib/RampIdx.xml; make docs)} {
Failed to find javadoc for ptolemy.actor.lib.Interpolator} {
Failed to find source for ptolemy.actor.lib.Interpolator} {
Failed to find ptdoc for ptolemy.actor.lib.Pulse.  Try doing (cd /home/travis/build/icyphy/ptII/doc/test/../../doc; rm codeDoc/ptolemy/actor/lib/Ramp.xml codeDoc/ptolemy/actor/lib/RampIdx.xml; make docs)} {
Failed to find javadoc for ptolemy.actor.lib.Pulse} {
Failed to find source for ptolemy.actor.lib.Pulse} {
Failed to find ptdoc for ptolemy.actor.lib.Ramp.  Try doing (cd /home/travis/build/icyphy/ptII/doc/test/../../doc; rm codeDoc/ptolemy/actor/lib/Ramp.xml codeDoc/ptolemy/actor/lib/RampIdx.xml; make docs)} {
Failed to find javadoc for ptolemy.actor.lib.Ramp} {
Failed to find source for ptolemy.actor.lib.Ramp} {
Failed to find ptdoc for ptolemy.actor.lib.Sequence.  Try doing (cd /home/travis/build/icyphy/ptII/doc/test/../../doc; rm codeDoc/ptolemy/actor/lib/Ramp.xml codeDoc/ptolemy/actor/lib/RampIdx.xml; make docs)} {
Failed to find javadoc for ptolemy.actor.lib.Sequence} {
Failed to find source for ptolemy.actor.lib.Sequence} {
Failed to find ptdoc for ptolemy.actor.lib.gui.SketchedSource.  Try doing (cd /home/travis/build/icyphy/ptII/doc/test/../../doc; rm codeDoc/ptolemy/actor/lib/Ramp.xml codeDoc/ptolemy/actor/lib/RampIdx.xml; make docs)} {
Failed to find javadoc for ptolemy.actor.lib.gui.SketchedSource} {
Failed to find source for ptolemy.actor.lib.gui.SketchedSource} {
Failed to find ptdoc for ptolemy.actor.lib.gui.ArrayPlotterXY.  Try doing (cd /home/travis/build/icyphy/ptII/doc/test/../../doc; rm codeDoc/ptolemy/actor/lib/Ramp.xml codeDoc/ptolemy/actor/lib/RampIdx.xml; make docs)} {
Failed to find javadoc for ptolemy.actor.lib.gui.ArrayPlotterXY} {
Failed to find source for ptolemy.actor.lib.gui.ArrayPlotterXY} {
Failed to find ptdoc for ptolemy.actor.lib.Discard.  Try doing (cd /home/travis/build/icyphy/ptII/doc/test/../../doc; rm codeDoc/ptolemy/actor/lib/Ramp.xml codeDoc/ptolemy/actor/lib/RampIdx.xml; make docs)} {
Failed to find javadoc for ptolemy.actor.lib.Discard} {
Failed to find source for ptolemy.actor.lib.Discard} {
Failed to find ptdoc for ptolemy.actor.lib.gui.Display.  Try doing (cd /home/travis/build/icyphy/ptII/doc/test/../../doc; rm codeDoc/ptolemy/actor/lib/Ramp.xml codeDoc/ptolemy/actor/lib/RampIdx.xml; make docs)} {
Failed to find javadoc for ptolemy.actor.lib.gui.Display} {
Failed to find source for ptolemy.actor.lib.gui.Display} {
Failed to find ptdoc for ptolemy.actor.lib.gui.MonitorValue.  Try doing (cd /home/travis/build/icyphy/ptII/doc/test/../../doc; rm codeDoc/ptolemy/actor/lib/Ramp.xml codeDoc/ptolemy/actor/lib/RampIdx.xml; make docs)} {
Failed to find javadoc for ptolemy.actor.lib.gui.MonitorValue} {
Failed to find source for ptolemy.actor.lib.gui.MonitorValue} {
Failed to find ptdoc for ptolemy.actor.lib.Publisher.  Try doing (cd /home/travis/build/icyphy/ptII/doc/test/../../doc; rm codeDoc/ptolemy/actor/lib/Ramp.xml codeDoc/ptolemy/actor/lib/RampIdx.xml; make docs)} {
Failed to find javadoc for ptolemy.actor.lib.Publisher} {
Failed to find source for ptolemy.actor.lib.Publisher} {
Failed to find ptdoc for ptolemy.actor.lib.Recorder.  Try doing (cd /home/travis/build/icyphy/ptII/doc/test/../../doc; rm codeDoc/ptolemy/actor/lib/Ramp.xml codeDoc/ptolemy/actor/lib/RampIdx.xml; make docs)} {
Failed to find javadoc for ptolemy.actor.lib.Recorder} {
Failed to find source for ptolemy.actor.lib.Recorder} {
Failed to find ptdoc for ptolemy.actor.lib.SetVariable.  Try doing (cd /home/travis/build/icyphy/ptII/doc/test/../../doc; rm codeDoc/ptolemy/actor/lib/Ramp.xml codeDoc/ptolemy/actor/lib/RampIdx.xml; make docs)} {
Failed to find javadoc for ptolemy.actor.lib.SetVariable} {
Failed to find source for ptolemy.actor.lib.SetVariable} {
Failed to find ptdoc for ptolemy.actor.lib.gui.XYPlotter.  Try doing (cd /home/travis/build/icyphy/ptII/doc/test/../../doc; rm codeDoc/ptolemy/actor/lib/Ramp.xml codeDoc/ptolemy/actor/lib/RampIdx.xml; make docs)} {
Failed to find javadoc for ptolemy.actor.lib.gui.XYPlotter} {
Failed to find source for ptolemy.actor.lib.gui.XYPlotter} {
Failed to find ptdoc for ptolemy.actor.lib.gui.XYScope.  Try doing (cd /home/travis/build/icyphy/ptII/doc/test/../../doc; rm codeDoc/ptolemy/actor/lib/Ramp.xml codeDoc/ptolemy/actor/lib/RampIdx.xml; make docs)} {
Failed to find javadoc for ptolemy.actor.lib.gui.XYScope} {
Failed to find source for ptolemy.actor.lib.gui.XYScope} {
Failed to find ptdoc for ptolemy.actor.lib.gui.TimedDisplay.  Try doing (cd /home/travis/build/icyphy/ptII/doc/test/../../doc; rm codeDoc/ptolemy/actor/lib/Ramp.xml codeDoc/ptolemy/actor/lib/RampIdx.xml; make docs)} {
Failed to find javadoc for ptolemy.actor.lib.gui.TimedDisplay} {
Failed to find source for ptolemy.actor.lib.gui.TimedDisplay} {
Failed to find ptdoc for ptolemy.actor.lib.gui.TimedMonitorValue.  Try doing (cd /home/travis/build/icyphy/ptII/doc/test/../../doc; rm codeDoc/ptolemy/actor/lib/Ramp.xml codeDoc/ptolemy/actor/lib/RampIdx.xml; make docs)} {
Failed to find javadoc for ptolemy.actor.lib.gui.TimedMonitorValue} {
Failed to find source for ptolemy.actor.lib.gui.TimedMonitorValue} {
Failed to find ptdoc for ptolemy.actor.lib.gui.TimedPlotter.  Try doing (cd /home/travis/build/icyphy/ptII/doc/test/../../doc; rm codeDoc/ptolemy/actor/lib/Ramp.xml codeDoc/ptolemy/actor/lib/RampIdx.xml; make docs)} {
Failed to find javadoc for ptolemy.actor.lib.gui.TimedPlotter} {
Failed to find source for ptolemy.actor.lib.gui.TimedPlotter} {
Failed to find ptdoc for ptolemy.actor.lib.gui.TimedScope.  Try doing (cd /home/travis/build/icyphy/ptII/doc/test/../../doc; rm codeDoc/ptolemy/actor/lib/Ramp.xml codeDoc/ptolemy/actor/lib/RampIdx.xml; make docs)} {
Failed to find javadoc for ptolemy.actor.lib.gui.TimedScope} {
Failed to find source for ptolemy.actor.lib.gui.TimedScope} {
Failed to find ptdoc for ptolemy.actor.lib.gui.ArrayPlotter.  Try doing (cd /home/travis/build/icyphy/ptII/doc/test/../../doc; rm codeDoc/ptolemy/actor/lib/Ramp.xml codeDoc/ptolemy/actor/lib/RampIdx.xml; make docs)} {
Failed to find javadoc for ptolemy.actor.lib.gui.ArrayPlotter} {
Failed to find source for ptolemy.actor.lib.gui.ArrayPlotter} {
Failed to find ptdoc for ptolemy.actor.lib.gui.BarGraph.  Try doing (cd /home/travis/build/icyphy/ptII/doc/test/../../doc; rm codeDoc/ptolemy/actor/lib/Ramp.xml codeDoc/ptolemy/actor/lib/RampIdx.xml; make docs)} {
Failed to find javadoc for ptolemy.actor.lib.gui.BarGraph} {
Failed to find source for ptolemy.actor.lib.gui.BarGraph} {
Failed to find ptdoc for ptolemy.actor.lib.gui.HistogramPlotter.  Try doing (cd /home/travis/build/icyphy/ptII/doc/test/../../doc; rm codeDoc/ptolemy/actor/lib/Ramp.xml codeDoc/ptolemy/actor/lib/RampIdx.xml; make docs)} {
Failed to find javadoc for ptolemy.actor.lib.gui.HistogramPlotter} {
Failed to find source for ptolemy.actor.lib.gui.HistogramPlotter} {
Failed to find ptdoc for ptolemy.actor.lib.gui.SequencePlotter.  Try doing (cd /home/travis/build/icyphy/ptII/doc/test/../../doc; rm codeDoc/ptolemy/actor/lib/Ramp.xml codeDoc/ptolemy/actor/lib/RampIdx.xml; make docs)} {
Failed to find javadoc for ptolemy.actor.lib.gui.SequencePlotter} {
Failed to find source for ptolemy.actor.lib.gui.SequencePlotter} {
Failed to find ptdoc for ptolemy.actor.lib.gui.SequenceScope.  Try doing (cd /home/travis/build/icyphy/ptII/doc/test/../../doc; rm codeDoc/ptolemy/actor/lib/Ramp.xml codeDoc/ptolemy/actor/lib/RampIdx.xml; make docs)} {
Failed to find javadoc for ptolemy.actor.lib.gui.SequenceScope} {
Failed to find source for ptolemy.actor.lib.gui.SequenceScope} {
Failed to find ptdoc for ptolemy.actor.lib.ArrayAccumulate.  Try doing (cd /home/travis/build/icyphy/ptII/doc/test/../../doc; rm codeDoc/ptolemy/actor/lib/Ramp.xml codeDoc/ptolemy/actor/lib/RampIdx.xml; make docs)} {
Failed to find javadoc for ptolemy.actor.lib.ArrayAccumulate} {
Failed to find source for ptolemy.actor.lib.ArrayAccumulate} {
Failed to find ptdoc for ptolemy.actor.lib.ArrayAppend.  Try doing (cd /home/travis/build/icyphy/ptII/doc/test/../../doc; rm codeDoc/ptolemy/actor/lib/Ramp.xml codeDoc/ptolemy/actor/lib/RampIdx.xml; make docs)} {
Failed to find javadoc for ptolemy.actor.lib.ArrayAppend} {
Failed to find source for ptolemy.actor.lib.ArrayAppend} {
Failed to find ptdoc for ptolemy.actor.lib.ArrayAverage.  Try doing (cd /home/travis/build/icyphy/ptII/doc/test/../../doc; rm codeDoc/ptolemy/actor/lib/Ramp.xml codeDoc/ptolemy/actor/lib/RampIdx.xml; make docs)} {
Failed to find javadoc for ptolemy.actor.lib.ArrayAverage} {
Failed to find source for ptolemy.actor.lib.ArrayAverage} {
Failed to find ptdoc for ptolemy.actor.lib.ArrayContains.  Try doing (cd /home/travis/build/icyphy/ptII/doc/test/../../doc; rm codeDoc/ptolemy/actor/lib/Ramp.xml codeDoc/ptolemy/actor/lib/RampIdx.xml; make docs)} {
Failed to find javadoc for ptolemy.actor.lib.ArrayContains} {
Failed to find source for ptolemy.actor.lib.ArrayContains} {
Failed to find ptdoc for ptolemy.actor.lib.ArrayElement.  Try doing (cd /home/travis/build/icyphy/ptII/doc/test/../../doc; rm codeDoc/ptolemy/actor/lib/Ramp.xml codeDoc/ptolemy/actor/lib/RampIdx.xml; make docs)} {
Failed to find javadoc for ptolemy.actor.lib.ArrayElement} {
Failed to find source for ptolemy.actor.lib.ArrayElement} {
Failed to find ptdoc for ptolemy.actor.lib.ArrayElementAsMatrix.  Try doing (cd /home/travis/build/icyphy/ptII/doc/test/../../doc; rm codeDoc/ptolemy/actor/lib/Ramp.xml codeDoc/ptolemy/actor/lib/RampIdx.xml; make docs)} {
Failed to find javadoc for ptolemy.actor.lib.ArrayElementAsMatrix} {
Failed to find source for ptolemy.actor.lib.ArrayElementAsMatrix} {
Failed to find ptdoc for ptolemy.actor.lib.ArrayExtract.  Try doing (cd /home/travis/build/icyphy/ptII/doc/test/../../doc; rm codeDoc/ptolemy/actor/lib/Ramp.xml codeDoc/ptolemy/actor/lib/RampIdx.xml; make docs)} {
Failed to find javadoc for ptolemy.actor.lib.ArrayExtract} {
Failed to find source for ptolemy.actor.lib.ArrayExtract} {
Failed to find ptdoc for ptolemy.actor.lib.ArrayLength.  Try doing (cd /home/travis/build/icyphy/ptII/doc/test/../../doc; rm codeDoc/ptolemy/actor/lib/Ramp.xml codeDoc/ptolemy/actor/lib/RampIdx.xml; make docs)} {
Failed to find javadoc for ptolemy.actor.lib.ArrayLength} {
Failed to find source for ptolemy.actor.lib.ArrayLength} {
Failed to find ptdoc for ptolemy.actor.lib.ArrayLevelCrossing.  Try doing (cd /home/travis/build/icyphy/ptII/doc/test/../../doc; rm codeDoc/ptolemy/actor/lib/Ramp.xml codeDoc/ptolemy/actor/lib/RampIdx.xml; make docs)} {
Failed to find javadoc for ptolemy.actor.lib.ArrayLevelCrossing} {
Failed to find source for ptolemy.actor.lib.ArrayLevelCrossing} {
Failed to find ptdoc for ptolemy.actor.lib.ArrayMaximum.  Try doing (cd /home/travis/build/icyphy/ptII/doc/test/../../doc; rm codeDoc/ptolemy/actor/lib/Ramp.xml codeDoc/ptolemy/actor/lib/RampIdx.xml; make docs)} {
Failed to find javadoc for ptolemy.actor.lib.ArrayMaximum} {
Failed to find source for ptolemy.actor.lib.ArrayMaximum} {
Failed to find ptdoc for ptolemy.actor.lib.ArrayMinimum.  Try doing (cd /home/travis/build/icyphy/ptII/doc/test/../../doc; rm codeDoc/ptolemy/actor/lib/Ramp.xml codeDoc/ptolemy/actor/lib/RampIdx.xml; make docs)} {
Failed to find javadoc for ptolemy.actor.lib.ArrayMinimum} {
Failed to find source for ptolemy.actor.lib.ArrayMinimum} {
Failed to find ptdoc for ptolemy.actor.lib.ArrayPeakSearch.  Try doing (cd /home/travis/build/icyphy/ptII/doc/test/../../doc; rm codeDoc/ptolemy/actor/lib/Ramp.xml codeDoc/ptolemy/actor/lib/RampIdx.xml; make docs)} {
Failed to find javadoc for ptolemy.actor.lib.ArrayPeakSearch} {
Failed to find source for ptolemy.actor.lib.ArrayPeakSearch} {
Failed to find ptdoc for ptolemy.actor.lib.ArrayRemoveElement.  Try doing (cd /home/travis/build/icyphy/ptII/doc/test/../../doc; rm codeDoc/ptolemy/actor/lib/Ramp.xml codeDoc/ptolemy/actor/lib/RampIdx.xml; make docs)} {
Failed to find javadoc for ptolemy.actor.lib.ArrayRemoveElement} {
Failed to find source for ptolemy.actor.lib.ArrayRemoveElement} {
Failed to find ptdoc for ptolemy.actor.lib.ArraySort.  Try doing (cd /home/travis/build/icyphy/ptII/doc/test/../../doc; rm codeDoc/ptolemy/actor/lib/Ramp.xml codeDoc/ptolemy/actor/lib/RampIdx.xml; make docs)} {
Failed to find javadoc for ptolemy.actor.lib.ArraySort} {
Failed to find source for ptolemy.actor.lib.ArraySort} {
Failed to find ptdoc for ptolemy.actor.lib.ArraySum.  Try doing (cd /home/travis/build/icyphy/ptII/doc/test/../../doc; rm codeDoc/ptolemy/actor/lib/Ramp.xml codeDoc/ptolemy/actor/lib/RampIdx.xml; make docs)} {
Failed to find javadoc for ptolemy.actor.lib.ArraySum} {
Failed to find source for ptolemy.actor.lib.ArraySum} {
Failed to find ptdoc for ptolemy.actor.lib.ArrayToElements.  Try doing (cd /home/travis/build/icyphy/ptII/doc/test/../../doc; rm codeDoc/ptolemy/actor/lib/Ramp.xml codeDoc/ptolemy/actor/lib/RampIdx.xml; make docs)} {
Failed to find javadoc for ptolemy.actor.lib.ArrayToElements} {
Failed to find source for ptolemy.actor.lib.ArrayToElements} {
Failed to find ptdoc for ptolemy.domains.sdf.lib.ArrayToSequence.  Try doing (cd /home/travis/build/icyphy/ptII/doc/test/../../doc; rm codeDoc/ptolemy/actor/lib/Ramp.xml codeDoc/ptolemy/actor/lib/RampIdx.xml; make docs)} {
Failed to find javadoc for ptolemy.domains.sdf.lib.ArrayToSequence} {
Failed to find source for ptolemy.domains.sdf.lib.ArrayToSequence} {
Failed to find ptdoc for ptolemy.actor.lib.ArrayUpdate.  Try doing (cd /home/travis/build/icyphy/ptII/doc/test/../../doc; rm codeDoc/ptolemy/actor/lib/Ramp.xml codeDoc/ptolemy/actor/lib/RampIdx.xml; make docs)} {
Failed to find javadoc for ptolemy.actor.lib.ArrayUpdate} {
Failed to find source for ptolemy.actor.lib.ArrayUpdate} {
Failed to find ptdoc for ptolemy.actor.lib.ElementsToArray.  Try doing (cd /home/travis/build/icyphy/ptII/doc/test/../../doc; rm codeDoc/ptolemy/actor/lib/Ramp.xml codeDoc/ptolemy/actor/lib/RampIdx.xml; make docs)} {
Failed to find javadoc for ptolemy.actor.lib.ElementsToArray} {
Failed to find source for ptolemy.actor.lib.ElementsToArray} {
Failed to find ptdoc for ptolemy.domains.sdf.lib.SequenceToArray.  Try doing (cd /home/travis/build/icyphy/ptII/doc/test/../../doc; rm codeDoc/ptolemy/actor/lib/Ramp.xml codeDoc/ptolemy/actor/lib/RampIdx.xml; make docs)} {
Failed to find javadoc for ptolemy.domains.sdf.lib.SequenceToArray} {
Failed to find source for ptolemy.domains.sdf.lib.SequenceToArray} {
Failed to find ptdoc for ptolemy.actor.lib.conversions.AnythingToDouble.  Try doing (cd /home/travis/build/icyphy/ptII/doc/test/../../doc; rm codeDoc/ptolemy/actor/lib/Ramp.xml codeDoc/ptolemy/actor/lib/RampIdx.xml; make docs)} {
Failed to find javadoc for ptolemy.actor.lib.conversions.AnythingToDouble} {
Failed to find source for ptolemy.actor.lib.conversions.AnythingToDouble} {
Failed to find ptdoc for ptolemy.actor.lib.conversions.BooleanToAnything.  Try doing (cd /home/travis/build/icyphy/ptII/doc/test/../../doc; rm codeDoc/ptolemy/actor/lib/Ramp.xml codeDoc/ptolemy/actor/lib/RampIdx.xml; make docs)} {
Failed to find javadoc for ptolemy.actor.lib.conversions.BooleanToAnything} {
Failed to find source for ptolemy.actor.lib.conversions.BooleanToAnything} {
Failed to find ptdoc for ptolemy.domains.sdf.lib.BitsToInt.  Try doing (cd /home/travis/build/icyphy/ptII/doc/test/../../doc; rm codeDoc/ptolemy/actor/lib/Ramp.xml codeDoc/ptolemy/actor/lib/RampIdx.xml; make docs)} {
Failed to find javadoc for ptolemy.domains.sdf.lib.BitsToInt} {
Failed to find source for ptolemy.domains.sdf.lib.BitsToInt} {
Failed to find ptdoc for ptolemy.actor.lib.conversions.CartesianToComplex.  Try doing (cd /home/travis/build/icyphy/ptII/doc/test/../../doc; rm codeDoc/ptolemy/actor/lib/Ramp.xml codeDoc/ptolemy/actor/lib/RampIdx.xml; make docs)} {
Failed to find javadoc for ptolemy.actor.lib.conversions.CartesianToComplex} {
Failed to find source for ptolemy.actor.lib.conversions.CartesianToComplex} {
Failed to find ptdoc for ptolemy.actor.lib.conversions.CartesianToPolar.  Try doing (cd /home/travis/build/icyphy/ptII/doc/test/../../doc; rm codeDoc/ptolemy/actor/lib/Ramp.xml codeDoc/ptolemy/actor/lib/RampIdx.xml; make docs)} {
Failed to find javadoc for ptolemy.actor.lib.conversions.CartesianToPolar} {
Failed to find source for ptolemy.actor.lib.conversions.CartesianToPolar} {
Failed to find ptdoc for ptolemy.actor.lib.conversions.ComplexToCartesian.  Try doing (cd /home/travis/build/icyphy/ptII/doc/test/../../doc; rm codeDoc/ptolemy/actor/lib/Ramp.xml codeDoc/ptolemy/actor/lib/RampIdx.xml; make docs)} {
Failed to find javadoc for ptolemy.actor.lib.conversions.ComplexToCartesian} {
Failed to find source for ptolemy.actor.lib.conversions.ComplexToCartesian} {
Failed to find ptdoc for ptolemy.actor.lib.conversions.ComplexToPolar.  Try doing (cd /home/travis/build/icyphy/ptII/doc/test/../../doc; rm codeDoc/ptolemy/actor/lib/Ramp.xml codeDoc/ptolemy/actor/lib/RampIdx.xml; make docs)} {
Failed to find javadoc for ptolemy.actor.lib.conversions.ComplexToPolar} {
Failed to find source for ptolemy.actor.lib.conversions.ComplexToPolar} {
Failed to find ptdoc for ptolemy.actor.lib.conversions.DateToString.  Try doing (cd /home/travis/build/icyphy/ptII/doc/test/../../doc; rm codeDoc/ptolemy/actor/lib/Ramp.xml codeDoc/ptolemy/actor/lib/RampIdx.xml; make docs)} {
Failed to find javadoc for ptolemy.actor.lib.conversions.DateToString} {
Failed to find source for ptolemy.actor.lib.conversions.DateToString} {
Failed to find ptdoc for ptolemy.actor.lib.conversions.DoubleToFix.  Try doing (cd /home/travis/build/icyphy/ptII/doc/test/../../doc; rm codeDoc/ptolemy/actor/lib/Ramp.xml codeDoc/ptolemy/actor/lib/RampIdx.xml; make docs)} {
Failed to find javadoc for ptolemy.actor.lib.conversions.DoubleToFix} {
Failed to find source for ptolemy.actor.lib.conversions.DoubleToFix} {
Failed to find ptdoc for ptolemy.actor.lib.conversions.ExpressionToToken.  Try doing (cd /home/travis/build/icyphy/ptII/doc/test/../../doc; rm codeDoc/ptolemy/actor/lib/Ramp.xml codeDoc/ptolemy/actor/lib/RampIdx.xml; make docs)} {
Failed to find javadoc for ptolemy.actor.lib.conversions.ExpressionToToken} {
Failed to find source for ptolemy.actor.lib.conversions.ExpressionToToken} {
Failed to find ptdoc for ptolemy.actor.lib.conversions.FixToDouble.  Try doing (cd /home/travis/build/icyphy/ptII/doc/test/../../doc; rm codeDoc/ptolemy/actor/lib/Ramp.xml codeDoc/ptolemy/actor/lib/RampIdx.xml; make docs)} {
Failed to find javadoc for ptolemy.actor.lib.conversions.FixToDouble} {
Failed to find source for ptolemy.actor.lib.conversions.FixToDouble} {
Failed to find ptdoc for ptolemy.actor.lib.conversions.FixToFix.  Try doing (cd /home/travis/build/icyphy/ptII/doc/test/../../doc; rm codeDoc/ptolemy/actor/lib/Ramp.xml codeDoc/ptolemy/actor/lib/RampIdx.xml; make docs)} {
Failed to find javadoc for ptolemy.actor.lib.conversions.FixToFix} {
Failed to find source for ptolemy.actor.lib.conversions.FixToFix} {
Failed to find ptdoc for ptolemy.actor.lib.conversions.ImageToString.  Try doing (cd /home/travis/build/icyphy/ptII/doc/test/../../doc; rm codeDoc/ptolemy/actor/lib/Ramp.xml codeDoc/ptolemy/actor/lib/RampIdx.xml; make docs)} {
Failed to find javadoc for ptolemy.actor.lib.conversions.ImageToString} {
Failed to find source for ptolemy.actor.lib.conversions.ImageToString} {
Failed to find ptdoc for ptolemy.actor.lib.conversions.IntArrayToString.  Try doing (cd /home/travis/build/icyphy/ptII/doc/test/../../doc; rm codeDoc/ptolemy/actor/lib/Ramp.xml codeDoc/ptolemy/actor/lib/RampIdx.xml; make docs)} {
Failed to find javadoc for ptolemy.actor.lib.conversions.IntArrayToString} {
Failed to find source for ptolemy.actor.lib.conversions.IntArrayToString} {
Failed to find ptdoc for ptolemy.domains.sdf.lib.IntToBits.  Try doing (cd /home/travis/build/icyphy/ptII/doc/test/../../doc; rm codeDoc/ptolemy/actor/lib/Ramp.xml codeDoc/ptolemy/actor/lib/RampIdx.xml; make docs)} {
Failed to find javadoc for ptolemy.domains.sdf.lib.IntToBits} {
Failed to find source for ptolemy.domains.sdf.lib.IntToBits} {
Failed to find ptdoc for ptolemy.actor.lib.conversions.InUnitsOf.  Try doing (cd /home/travis/build/icyphy/ptII/doc/test/../../doc; rm codeDoc/ptolemy/actor/lib/Ramp.xml codeDoc/ptolemy/actor/lib/RampIdx.xml; make docs)} {
Failed to find javadoc for ptolemy.actor.lib.conversions.InUnitsOf} {
Failed to find source for ptolemy.actor.lib.conversions.InUnitsOf} {
Failed to find ptdoc for ptolemy.actor.lib.conversions.json.JSONToToken.  Try doing (cd /home/travis/build/icyphy/ptII/doc/test/../../doc; rm codeDoc/ptolemy/actor/lib/Ramp.xml codeDoc/ptolemy/actor/lib/RampIdx.xml; make docs)} {
Failed to find javadoc for ptolemy.actor.lib.conversions.json.JSONToToken} {
Failed to find source for ptolemy.actor.lib.conversions.json.JSONToToken} {
Failed to find ptdoc for ptolemy.actor.lib.conversions.json.TokenToJSON.  Try doing (cd /home/travis/build/icyphy/ptII/doc/test/../../doc; rm codeDoc/ptolemy/actor/lib/Ramp.xml codeDoc/ptolemy/actor/lib/RampIdx.xml; make docs)} {
Failed to find javadoc for ptolemy.actor.lib.conversions.json.TokenToJSON} {
Failed to find source for ptolemy.actor.lib.conversions.json.TokenToJSON} {
Failed to find ptdoc for ptolemy.actor.lib.conversions.LongToDouble.  Try doing (cd /home/travis/build/icyphy/ptII/doc/test/../../doc; rm codeDoc/ptolemy/actor/lib/Ramp.xml codeDoc/ptolemy/actor/lib/RampIdx.xml; make docs)} {
Failed to find javadoc for ptolemy.actor.lib.conversions.LongToDouble} {
Failed to find source for ptolemy.actor.lib.conversions.LongToDouble} {
Failed to find ptdoc for ptolemy.actor.lib.conversions.PolarToCartesian.  Try doing (cd /home/travis/build/icyphy/ptII/doc/test/../../doc; rm codeDoc/ptolemy/actor/lib/Ramp.xml codeDoc/ptolemy/actor/lib/RampIdx.xml; make docs)} {
Failed to find javadoc for ptolemy.actor.lib.conversions.PolarToCartesian} {
Failed to find source for ptolemy.actor.lib.conversions.PolarToCartesian} {
Failed to find ptdoc for ptolemy.actor.lib.conversions.PolarToComplex.  Try doing (cd /home/travis/build/icyphy/ptII/doc/test/../../doc; rm codeDoc/ptolemy/actor/lib/Ramp.xml codeDoc/ptolemy/actor/lib/RampIdx.xml; make docs)} {
Failed to find javadoc for ptolemy.actor.lib.conversions.PolarToComplex} {
Failed to find source for ptolemy.actor.lib.conversions.PolarToComplex} {
Failed to find ptdoc for ptolemy.actor.lib.conversions.Round.  Try doing (cd /home/travis/build/icyphy/ptII/doc/test/../../doc; rm codeDoc/ptolemy/actor/lib/Ramp.xml codeDoc/ptolemy/actor/lib/RampIdx.xml; make docs)} {
Failed to find javadoc for ptolemy.actor.lib.conversions.Round} {
Failed to find source for ptolemy.actor.lib.conversions.Round} {
Failed to find ptdoc for ptolemy.actor.lib.conversions.SmoothToDouble.  Try doing (cd /home/travis/build/icyphy/ptII/doc/test/../../doc; rm codeDoc/ptolemy/actor/lib/Ramp.xml codeDoc/ptolemy/actor/lib/RampIdx.xml; make docs)} {
Failed to find javadoc for ptolemy.actor.lib.conversions.SmoothToDouble} {
Failed to find source for ptolemy.actor.lib.conversions.SmoothToDouble} {
Failed to find ptdoc for ptolemy.actor.lib.conversions.StringToBoolean.  Try doing (cd /home/travis/build/icyphy/ptII/doc/test/../../doc; rm codeDoc/ptolemy/actor/lib/Ramp.xml codeDoc/ptolemy/actor/lib/RampIdx.xml; make docs)} {
Failed to find javadoc for ptolemy.actor.lib.conversions.StringToBoolean} {
Failed to find source for ptolemy.actor.lib.conversions.StringToBoolean} {
Failed to find ptdoc for ptolemy.actor.lib.conversions.StringToDouble.  Try doing (cd /home/travis/build/icyphy/ptII/doc/test/../../doc; rm codeDoc/ptolemy/actor/lib/Ramp.xml codeDoc/ptolemy/actor/lib/RampIdx.xml; make docs)} {
Failed to find javadoc for ptolemy.actor.lib.conversions.StringToDouble} {
Failed to find source for ptolemy.actor.lib.conversions.StringToDouble} {
Failed to find ptdoc for ptolemy.actor.lib.conversions.StringToInt.  Try doing (cd /home/travis/build/icyphy/ptII/doc/test/../../doc; rm codeDoc/ptolemy/actor/lib/Ramp.xml codeDoc/ptolemy/actor/lib/RampIdx.xml; make docs)} {
Failed to find javadoc for ptolemy.actor.lib.conversions.StringToInt} {
Failed to find source for ptolemy.actor.lib.conversions.StringToInt} {
Failed to find ptdoc for ptolemy.actor.lib.conversions.StringToIntArray.  Try doing (cd /home/travis/build/icyphy/ptII/doc/test/../../doc; rm codeDoc/ptolemy/actor/lib/Ramp.xml codeDoc/ptolemy/actor/lib/RampIdx.xml; make docs)} {
Failed to find javadoc for ptolemy.actor.lib.conversions.StringToIntArray} {
Failed to find source for ptolemy.actor.lib.conversions.StringToIntArray} {
Failed to find ptdoc for ptolemy.actor.lib.conversions.StringToUnsignedByteArray.  Try doing (cd /home/travis/build/icyphy/ptII/doc/test/../../doc; rm codeDoc/ptolemy/actor/lib/Ramp.xml codeDoc/ptolemy/actor/lib/RampIdx.xml; make docs)} {
Failed to find javadoc for ptolemy.actor.lib.conversions.StringToUnsignedByteArray} {
Failed to find source for ptolemy.actor.lib.conversions.StringToUnsignedByteArray} {
Failed to find ptdoc for ptolemy.actor.lib.conversions.StringToXML.  Try doing (cd /home/travis/build/icyphy/ptII/doc/test/../../doc; rm codeDoc/ptolemy/actor/lib/Ramp.xml codeDoc/ptolemy/actor/lib/RampIdx.xml; make docs)} {
Failed to find javadoc for ptolemy.actor.lib.conversions.StringToXML} {
Failed to find source for ptolemy.actor.lib.conversions.StringToXML} {
Failed to find ptdoc for ptolemy.actor.lib.conversions.TokenToExpression.  Try doing (cd /home/travis/build/icyphy/ptII/doc/test/../../doc; rm codeDoc/ptolemy/actor/lib/Ramp.xml codeDoc/ptolemy/actor/lib/RampIdx.xml; make docs)} {
Failed to find javadoc for ptolemy.actor.lib.conversions.TokenToExpression} {
Failed to find source for ptolemy.actor.lib.conversions.TokenToExpression} {
Failed to find ptdoc for ptolemy.actor.lib.conversions.UnsignedByteArrayToString.  Try doing (cd /home/travis/build/icyphy/ptII/doc/test/../../doc; rm codeDoc/ptolemy/actor/lib/Ramp.xml codeDoc/ptolemy/actor/lib/RampIdx.xml; make docs)} {
Failed to find javadoc for ptolemy.actor.lib.conversions.UnsignedByteArrayToString} {
Failed to find source for ptolemy.actor.lib.conversions.UnsignedByteArrayToString} {
Failed to find ptdoc for ptolemy.actor.lib.BusAssembler.  Try doing (cd /home/travis/build/icyphy/ptII/doc/test/../../doc; rm codeDoc/ptolemy/actor/lib/Ramp.xml codeDoc/ptolemy/actor/lib/RampIdx.xml; make docs)} {
Failed to find javadoc for ptolemy.actor.lib.BusAssembler} {
Failed to find source for ptolemy.actor.lib.BusAssembler} {
Failed to find ptdoc for ptolemy.actor.lib.BusDisassembler.  Try doing (cd /home/travis/build/icyphy/ptII/doc/test/../../doc; rm codeDoc/ptolemy/actor/lib/Ramp.xml codeDoc/ptolemy/actor/lib/RampIdx.xml; make docs)} {
Failed to find javadoc for ptolemy.actor.lib.BusDisassembler} {
Failed to find source for ptolemy.actor.lib.BusDisassembler} {
Failed to find ptdoc for ptolemy.actor.lib.Commutator.  Try doing (cd /home/travis/build/icyphy/ptII/doc/test/../../doc; rm codeDoc/ptolemy/actor/lib/Ramp.xml codeDoc/ptolemy/actor/lib/RampIdx.xml; make docs)} {
Failed to find javadoc for ptolemy.actor.lib.Commutator} {
Failed to find source for ptolemy.actor.lib.Commutator} {
Failed to find ptdoc for ptolemy.actor.lib.Distributor.  Try doing (cd /home/travis/build/icyphy/ptII/doc/test/../../doc; rm codeDoc/ptolemy/actor/lib/Ramp.xml codeDoc/ptolemy/actor/lib/RampIdx.xml; make docs)} {
Failed to find javadoc for ptolemy.actor.lib.Distributor} {
Failed to find source for ptolemy.actor.lib.Distributor} {
Failed to find ptdoc for ptolemy.actor.lib.Multiplexor.  Try doing (cd /home/travis/build/icyphy/ptII/doc/test/../../doc; rm codeDoc/ptolemy/actor/lib/Ramp.xml codeDoc/ptolemy/actor/lib/RampIdx.xml; make docs)} {
Failed to find javadoc for ptolemy.actor.lib.Multiplexor} {
Failed to find source for ptolemy.actor.lib.Multiplexor} {
Failed to find ptdoc for ptolemy.actor.lib.OrderedRecordAssembler.  Try doing (cd /home/travis/build/icyphy/ptII/doc/test/../../doc; rm codeDoc/ptolemy/actor/lib/Ramp.xml codeDoc/ptolemy/actor/lib/RampIdx.xml; make docs)} {
Failed to find javadoc for ptolemy.actor.lib.OrderedRecordAssembler} {
Failed to find source for ptolemy.actor.lib.OrderedRecordAssembler} {
Failed to find ptdoc for ptolemy.actor.lib.RecordAssembler.  Try doing (cd /home/travis/build/icyphy/ptII/doc/test/../../doc; rm codeDoc/ptolemy/actor/lib/Ramp.xml codeDoc/ptolemy/actor/lib/RampIdx.xml; make docs)} {
Failed to find javadoc for ptolemy.actor.lib.RecordAssembler} {
Failed to find source for ptolemy.actor.lib.RecordAssembler} {
Failed to find ptdoc for ptolemy.actor.lib.RecordDisassembler.  Try doing (cd /home/travis/build/icyphy/ptII/doc/test/../../doc; rm codeDoc/ptolemy/actor/lib/Ramp.xml codeDoc/ptolemy/actor/lib/RampIdx.xml; make docs)} {
Failed to find javadoc for ptolemy.actor.lib.RecordDisassembler} {
Failed to find source for ptolemy.actor.lib.RecordDisassembler} {
Failed to find ptdoc for ptolemy.actor.lib.RecordUpdater.  Try doing (cd /home/travis/build/icyphy/ptII/doc/test/../../doc; rm codeDoc/ptolemy/actor/lib/Ramp.xml codeDoc/ptolemy/actor/lib/RampIdx.xml; make docs)} {
Failed to find javadoc for ptolemy.actor.lib.RecordUpdater} {
Failed to find source for ptolemy.actor.lib.RecordUpdater} {
Failed to find ptdoc for ptolemy.actor.lib.Sampler.  Try doing (cd /home/travis/build/icyphy/ptII/doc/test/../../doc; rm codeDoc/ptolemy/actor/lib/Ramp.xml codeDoc/ptolemy/actor/lib/RampIdx.xml; make docs)} {
Failed to find javadoc for ptolemy.actor.lib.Sampler} {
Failed to find source for ptolemy.actor.lib.Sampler} {
Failed to find ptdoc for ptolemy.actor.lib.Select.  Try doing (cd /home/travis/build/icyphy/ptII/doc/test/../../doc; rm codeDoc/ptolemy/actor/lib/Ramp.xml codeDoc/ptolemy/actor/lib/RampIdx.xml; make docs)} {
Failed to find javadoc for ptolemy.actor.lib.Select} {
Failed to find source for ptolemy.actor.lib.Select} {
Failed to find ptdoc for ptolemy.actor.lib.SingleTokenCommutator.  Try doing (cd /home/travis/build/icyphy/ptII/doc/test/../../doc; rm codeDoc/ptolemy/actor/lib/Ramp.xml codeDoc/ptolemy/actor/lib/RampIdx.xml; make docs)} {
Failed to find javadoc for ptolemy.actor.lib.SingleTokenCommutator} {
Failed to find source for ptolemy.actor.lib.SingleTokenCommutator} {
Failed to find ptdoc for ptolemy.actor.lib.Switch.  Try doing (cd /home/travis/build/icyphy/ptII/doc/test/../../doc; rm codeDoc/ptolemy/actor/lib/Ramp.xml codeDoc/ptolemy/actor/lib/RampIdx.xml; make docs)} {
Failed to find javadoc for ptolemy.actor.lib.Switch} {
Failed to find source for ptolemy.actor.lib.Switch} {
Failed to find ptdoc for ptolemy.actor.lib.Synchronizer.  Try doing (cd /home/travis/build/icyphy/ptII/doc/test/../../doc; rm codeDoc/ptolemy/actor/lib/Ramp.xml codeDoc/ptolemy/actor/lib/RampIdx.xml; make docs)} {
Failed to find javadoc for ptolemy.actor.lib.Synchronizer} {
Failed to find source for ptolemy.actor.lib.Synchronizer} {
Failed to find ptdoc for ptolemy.actor.lib.UnionDisassembler.  Try doing (cd /home/travis/build/icyphy/ptII/doc/test/../../doc; rm codeDoc/ptolemy/actor/lib/Ramp.xml codeDoc/ptolemy/actor/lib/RampIdx.xml; make docs)} {
Failed to find javadoc for ptolemy.actor.lib.UnionDisassembler} {
Failed to find source for ptolemy.actor.lib.UnionDisassembler} {
Failed to find ptdoc for ptolemy.actor.lib.UnionMerge.  Try doing (cd /home/travis/build/icyphy/ptII/doc/test/../../doc; rm codeDoc/ptolemy/actor/lib/Ramp.xml codeDoc/ptolemy/actor/lib/RampIdx.xml; make docs)} {
Failed to find javadoc for ptolemy.actor.lib.UnionMerge} {
Failed to find source for ptolemy.actor.lib.UnionMerge} {
Failed to find ptdoc for ptolemy.actor.lib.VectorAssembler.  Try doing (cd /home/travis/build/icyphy/ptII/doc/test/../../doc; rm codeDoc/ptolemy/actor/lib/Ramp.xml codeDoc/ptolemy/actor/lib/RampIdx.xml; make docs)} {
Failed to find javadoc for ptolemy.actor.lib.VectorAssembler} {
Failed to find source for ptolemy.actor.lib.VectorAssembler} {
Failed to find ptdoc for ptolemy.actor.lib.VectorDisassembler.  Try doing (cd /home/travis/build/icyphy/ptII/doc/test/../../doc; rm codeDoc/ptolemy/actor/lib/Ramp.xml codeDoc/ptolemy/actor/lib/RampIdx.xml; make docs)} {
Failed to find javadoc for ptolemy.actor.lib.VectorDisassembler} {
Failed to find source for ptolemy.actor.lib.VectorDisassembler} {
Failed to find ptdoc for ptolemy.actor.lib.BooleanMultiplexor.  Try doing (cd /home/travis/build/icyphy/ptII/doc/test/../../doc; rm codeDoc/ptolemy/actor/lib/Ramp.xml codeDoc/ptolemy/actor/lib/RampIdx.xml; make docs)} {
Failed to find javadoc for ptolemy.actor.lib.BooleanMultiplexor} {
Failed to find source for ptolemy.actor.lib.BooleanMultiplexor} {
Failed to find ptdoc for ptolemy.actor.lib.BooleanSelect.  Try doing (cd /home/travis/build/icyphy/ptII/doc/test/../../doc; rm codeDoc/ptolemy/actor/lib/Ramp.xml codeDoc/ptolemy/actor/lib/RampIdx.xml; make docs)} {
Failed to find javadoc for ptolemy.actor.lib.BooleanSelect} {
Failed to find source for ptolemy.actor.lib.BooleanSelect} {
Failed to find ptdoc for ptolemy.actor.lib.BooleanSwitch.  Try doing (cd /home/travis/build/icyphy/ptII/doc/test/../../doc; rm codeDoc/ptolemy/actor/lib/Ramp.xml codeDoc/ptolemy/actor/lib/RampIdx.xml; make docs)} {
Failed to find javadoc for ptolemy.actor.lib.BooleanSwitch} {
Failed to find source for ptolemy.actor.lib.BooleanSwitch} {
Failed to find ptdoc for ptolemy.actor.lib.ConfigurationSelect.  Try doing (cd /home/travis/build/icyphy/ptII/doc/test/../../doc; rm codeDoc/ptolemy/actor/lib/Ramp.xml codeDoc/ptolemy/actor/lib/RampIdx.xml; make docs)} {
Failed to find javadoc for ptolemy.actor.lib.ConfigurationSelect} {
Failed to find source for ptolemy.actor.lib.ConfigurationSelect} {
Failed to find ptdoc for ptolemy.actor.lib.ConfigurationSwitch.  Try doing (cd /home/travis/build/icyphy/ptII/doc/test/../../doc; rm codeDoc/ptolemy/actor/lib/Ramp.xml codeDoc/ptolemy/actor/lib/RampIdx.xml; make docs)} {
Failed to find javadoc for ptolemy.actor.lib.ConfigurationSwitch} {
Failed to find source for ptolemy.actor.lib.ConfigurationSwitch} {
Failed to find ptdoc for ptolemy.domains.sdf.lib.CountTrues.  Try doing (cd /home/travis/build/icyphy/ptII/doc/test/../../doc; rm codeDoc/ptolemy/actor/lib/Ramp.xml codeDoc/ptolemy/actor/lib/RampIdx.xml; make docs)} {
Failed to find javadoc for ptolemy.domains.sdf.lib.CountTrues} {
Failed to find source for ptolemy.domains.sdf.lib.CountTrues} {
Failed to find ptdoc for ptolemy.domains.sdf.lib.Chop.  Try doing (cd /home/travis/build/icyphy/ptII/doc/test/../../doc; rm codeDoc/ptolemy/actor/lib/Ramp.xml codeDoc/ptolemy/actor/lib/RampIdx.xml; make docs)} {
Failed to find javadoc for ptolemy.domains.sdf.lib.Chop} {
Failed to find source for ptolemy.domains.sdf.lib.Chop} {
Failed to find ptdoc for ptolemy.actor.lib.Default.  Try doing (cd /home/travis/build/icyphy/ptII/doc/test/../../doc; rm codeDoc/ptolemy/actor/lib/Ramp.xml codeDoc/ptolemy/actor/lib/RampIdx.xml; make docs)} {
Failed to find javadoc for ptolemy.actor.lib.Default} {
Failed to find source for ptolemy.actor.lib.Default} {
Failed to find ptdoc for ptolemy.domains.sdf.lib.Repeat.  Try doing (cd /home/travis/build/icyphy/ptII/doc/test/../../doc; rm codeDoc/ptolemy/actor/lib/Ramp.xml codeDoc/ptolemy/actor/lib/RampIdx.xml; make docs)} {
Failed to find javadoc for ptolemy.domains.sdf.lib.Repeat} {
Failed to find source for ptolemy.domains.sdf.lib.Repeat} {
Failed to find ptdoc for ptolemy.domains.sdf.lib.SampleDelay.  Try doing (cd /home/travis/build/icyphy/ptII/doc/test/../../doc; rm codeDoc/ptolemy/actor/lib/Ramp.xml codeDoc/ptolemy/actor/lib/RampIdx.xml; make docs)} {
Failed to find javadoc for ptolemy.domains.sdf.lib.SampleDelay} {
Failed to find source for ptolemy.domains.sdf.lib.SampleDelay} {
Failed to find ptdoc for ptolemy.actor.lib.Sequencer.  Try doing (cd /home/travis/build/icyphy/ptII/doc/test/../../doc; rm codeDoc/ptolemy/actor/lib/Ramp.xml codeDoc/ptolemy/actor/lib/RampIdx.xml; make docs)} {
Failed to find javadoc for ptolemy.actor.lib.Sequencer} {
Failed to find source for ptolemy.actor.lib.Sequencer} {
Failed to find ptdoc for ptolemy.actor.lib.Exit.  Try doing (cd /home/travis/build/icyphy/ptII/doc/test/../../doc; rm codeDoc/ptolemy/actor/lib/Ramp.xml codeDoc/ptolemy/actor/lib/RampIdx.xml; make docs)} {
Failed to find javadoc for ptolemy.actor.lib.Exit} {
Failed to find source for ptolemy.actor.lib.Exit} {
Failed to find ptdoc for ptolemy.actor.lib.Stop.  Try doing (cd /home/travis/build/icyphy/ptII/doc/test/../../doc; rm codeDoc/ptolemy/actor/lib/Ramp.xml codeDoc/ptolemy/actor/lib/RampIdx.xml; make docs)} {
Failed to find javadoc for ptolemy.actor.lib.Stop} {
Failed to find source for ptolemy.actor.lib.Stop} {
Failed to find ptdoc for ptolemy.actor.lib.Pause.  Try doing (cd /home/travis/build/icyphy/ptII/doc/test/../../doc; rm codeDoc/ptolemy/actor/lib/Ramp.xml codeDoc/ptolemy/actor/lib/RampIdx.xml; make docs)} {
Failed to find javadoc for ptolemy.actor.lib.Pause} {
Failed to find source for ptolemy.actor.lib.Pause} {
Failed to find ptdoc for ptolemy.actor.lib.ThrowException.  Try doing (cd /home/travis/build/icyphy/ptII/doc/test/../../doc; rm codeDoc/ptolemy/actor/lib/Ramp.xml codeDoc/ptolemy/actor/lib/RampIdx.xml; make docs)} {
Failed to find javadoc for ptolemy.actor.lib.ThrowException} {
Failed to find source for ptolemy.actor.lib.ThrowException} {
Failed to find ptdoc for ptolemy.actor.lib.ThrowModelError.  Try doing (cd /home/travis/build/icyphy/ptII/doc/test/../../doc; rm codeDoc/ptolemy/actor/lib/Ramp.xml codeDoc/ptolemy/actor/lib/RampIdx.xml; make docs)} {
Failed to find javadoc for ptolemy.actor.lib.ThrowModelError} {
Failed to find source for ptolemy.actor.lib.ThrowModelError} {
Failed to find ptdoc for ptolemy.actor.lib.Dictionary.  Try doing (cd /home/travis/build/icyphy/ptII/doc/test/../../doc; rm codeDoc/ptolemy/actor/lib/Ramp.xml codeDoc/ptolemy/actor/lib/RampIdx.xml; make docs)} {
Failed to find javadoc for ptolemy.actor.lib.Dictionary} {
Failed to find source for ptolemy.actor.lib.Dictionary} {
Failed to find ptdoc for ptolemy.actor.lib.gui.ArrowKeySensor.  Try doing (cd /home/travis/build/icyphy/ptII/doc/test/../../doc; rm codeDoc/ptolemy/actor/lib/Ramp.xml codeDoc/ptolemy/actor/lib/RampIdx.xml; make docs)} {
Failed to find javadoc for ptolemy.actor.lib.gui.ArrowKeySensor} {
Failed to find source for ptolemy.actor.lib.gui.ArrowKeySensor} {
Failed to find ptdoc for ptolemy.actor.lib.io.CSVReader.  Try doing (cd /home/travis/build/icyphy/ptII/doc/test/../../doc; rm codeDoc/ptolemy/actor/lib/Ramp.xml codeDoc/ptolemy/actor/lib/RampIdx.xml; make docs)} {
Failed to find javadoc for ptolemy.actor.lib.io.CSVReader} {
Failed to find source for ptolemy.actor.lib.io.CSVReader} {
Failed to find ptdoc for ptolemy.actor.lib.io.CSVWriter.  Try doing (cd /home/travis/build/icyphy/ptII/doc/test/../../doc; rm codeDoc/ptolemy/actor/lib/Ramp.xml codeDoc/ptolemy/actor/lib/RampIdx.xml; make docs)} {
Failed to find javadoc for ptolemy.actor.lib.io.CSVWriter} {
Failed to find source for ptolemy.actor.lib.io.CSVWriter} {
Failed to find ptdoc for ptolemy.actor.lib.net.DatagramReader.  Try doing (cd /home/travis/build/icyphy/ptII/doc/test/../../doc; rm codeDoc/ptolemy/actor/lib/Ramp.xml codeDoc/ptolemy/actor/lib/RampIdx.xml; make docs)} {
Failed to find javadoc for ptolemy.actor.lib.net.DatagramReader} {
Failed to find source for ptolemy.actor.lib.net.DatagramReader} {
Failed to find ptdoc for ptolemy.actor.lib.net.DatagramWriter.  Try doing (cd /home/travis/build/icyphy/ptII/doc/test/../../doc; rm codeDoc/ptolemy/actor/lib/Ramp.xml codeDoc/ptolemy/actor/lib/RampIdx.xml; make docs)} {
Failed to find javadoc for ptolemy.actor.lib.net.DatagramWriter} {
Failed to find source for ptolemy.actor.lib.net.DatagramWriter} {
Failed to find ptdoc for ptolemy.actor.lib.io.DirectoryListing.  Try doing (cd /home/travis/build/icyphy/ptII/doc/test/../../doc; rm codeDoc/ptolemy/actor/lib/Ramp.xml codeDoc/ptolemy/actor/lib/RampIdx.xml; make docs)} {
Failed to find javadoc for ptolemy.actor.lib.io.DirectoryListing} {
Failed to find source for ptolemy.actor.lib.io.DirectoryListing} {
Failed to find ptdoc for ptolemy.actor.lib.io.FileReader.  Try doing (cd /home/travis/build/icyphy/ptII/doc/test/../../doc; rm codeDoc/ptolemy/actor/lib/Ramp.xml codeDoc/ptolemy/actor/lib/RampIdx.xml; make docs)} {
Failed to find javadoc for ptolemy.actor.lib.io.FileReader} {
Failed to find source for ptolemy.actor.lib.io.FileReader} {
Failed to find ptdoc for ptolemy.actor.lib.net.IPAddress.  Try doing (cd /home/travis/build/icyphy/ptII/doc/test/../../doc; rm codeDoc/ptolemy/actor/lib/Ramp.xml codeDoc/ptolemy/actor/lib/RampIdx.xml; make docs)} {
Failed to find javadoc for ptolemy.actor.lib.net.IPAddress} {
Failed to find source for ptolemy.actor.lib.net.IPAddress} {
Failed to find ptdoc for ptolemy.actor.lib.FileWriter.  Try doing (cd /home/travis/build/icyphy/ptII/doc/test/../../doc; rm codeDoc/ptolemy/actor/lib/Ramp.xml codeDoc/ptolemy/actor/lib/RampIdx.xml; make docs)} {
Failed to find javadoc for ptolemy.actor.lib.FileWriter} {
Failed to find source for ptolemy.actor.lib.FileWriter} {
Failed to find ptdoc for ptolemy.actor.lib.io.LineReader.  Try doing (cd /home/travis/build/icyphy/ptII/doc/test/../../doc; rm codeDoc/ptolemy/actor/lib/Ramp.xml codeDoc/ptolemy/actor/lib/RampIdx.xml; make docs)} {
Failed to find javadoc for ptolemy.actor.lib.io.LineReader} {
Failed to find source for ptolemy.actor.lib.io.LineReader} {
Failed to find ptdoc for ptolemy.actor.lib.io.LineWriter.  Try doing (cd /home/travis/build/icyphy/ptII/doc/test/../../doc; rm codeDoc/ptolemy/actor/lib/Ramp.xml codeDoc/ptolemy/actor/lib/RampIdx.xml; make docs)} {
Failed to find javadoc for ptolemy.actor.lib.io.LineWriter} {
Failed to find source for ptolemy.actor.lib.io.LineWriter} {
Failed to find ptdoc for ptolemy.actor.lib.logic.Comparator.  Try doing (cd /home/travis/build/icyphy/ptII/doc/test/../../doc; rm codeDoc/ptolemy/actor/lib/Ramp.xml codeDoc/ptolemy/actor/lib/RampIdx.xml; make docs)} {
Failed to find javadoc for ptolemy.actor.lib.logic.Comparator} {
Failed to find source for ptolemy.actor.lib.logic.Comparator} {
Failed to find ptdoc for ptolemy.actor.lib.logic.Equals.  Try doing (cd /home/travis/build/icyphy/ptII/doc/test/../../doc; rm codeDoc/ptolemy/actor/lib/Ramp.xml codeDoc/ptolemy/actor/lib/RampIdx.xml; make docs)} {
Failed to find javadoc for ptolemy.actor.lib.logic.Equals} {
Failed to find source for ptolemy.actor.lib.logic.Equals} {
Failed to find ptdoc for ptolemy.actor.lib.logic.IsPresent.  Try doing (cd /home/travis/build/icyphy/ptII/doc/test/../../doc; rm codeDoc/ptolemy/actor/lib/Ramp.xml codeDoc/ptolemy/actor/lib/RampIdx.xml; make docs)} {
Failed to find javadoc for ptolemy.actor.lib.logic.IsPresent} {
Failed to find source for ptolemy.actor.lib.logic.IsPresent} {
Failed to find ptdoc for ptolemy.actor.lib.logic.LogicalNot.  Try doing (cd /home/travis/build/icyphy/ptII/doc/test/../../doc; rm codeDoc/ptolemy/actor/lib/Ramp.xml codeDoc/ptolemy/actor/lib/RampIdx.xml; make docs)} {
Failed to find javadoc for ptolemy.actor.lib.logic.LogicalNot} {
Failed to find source for ptolemy.actor.lib.logic.LogicalNot} {
Failed to find ptdoc for ptolemy.actor.lib.logic.LogicGate.  Try doing (cd /home/travis/build/icyphy/ptII/doc/test/../../doc; rm codeDoc/ptolemy/actor/lib/Ramp.xml codeDoc/ptolemy/actor/lib/RampIdx.xml; make docs)} {
Failed to find javadoc for ptolemy.actor.lib.logic.LogicGate} {
Failed to find source for ptolemy.actor.lib.logic.LogicGate} {
Failed to find ptdoc for ptolemy.actor.lib.logic.TrueGate.  Try doing (cd /home/travis/build/icyphy/ptII/doc/test/../../doc; rm codeDoc/ptolemy/actor/lib/Ramp.xml codeDoc/ptolemy/actor/lib/RampIdx.xml; make docs)} {
Failed to find javadoc for ptolemy.actor.lib.logic.TrueGate} {
Failed to find source for ptolemy.actor.lib.logic.TrueGate} {
Failed to find ptdoc for ptolemy.actor.lib.AbsoluteValue.  Try doing (cd /home/travis/build/icyphy/ptII/doc/test/../../doc; rm codeDoc/ptolemy/actor/lib/Ramp.xml codeDoc/ptolemy/actor/lib/RampIdx.xml; make docs)} {
Failed to find javadoc for ptolemy.actor.lib.AbsoluteValue} {
Failed to find source for ptolemy.actor.lib.AbsoluteValue} {
Failed to find ptdoc for ptolemy.actor.lib.AddSubtract.  Try doing (cd /home/travis/build/icyphy/ptII/doc/test/../../doc; rm codeDoc/ptolemy/actor/lib/Ramp.xml codeDoc/ptolemy/actor/lib/RampIdx.xml; make docs)} {
Failed to find javadoc for ptolemy.actor.lib.AddSubtract} {
Failed to find source for ptolemy.actor.lib.AddSubtract} {
Failed to find ptdoc for ptolemy.actor.lib.Accumulator.  Try doing (cd /home/travis/build/icyphy/ptII/doc/test/../../doc; rm codeDoc/ptolemy/actor/lib/Ramp.xml codeDoc/ptolemy/actor/lib/RampIdx.xml; make docs)} {
Failed to find javadoc for ptolemy.actor.lib.Accumulator} {
Failed to find source for ptolemy.actor.lib.Accumulator} {
Failed to find ptdoc for ptolemy.actor.lib.Average.  Try doing (cd /home/travis/build/icyphy/ptII/doc/test/../../doc; rm codeDoc/ptolemy/actor/lib/Ramp.xml codeDoc/ptolemy/actor/lib/RampIdx.xml; make docs)} {
Failed to find javadoc for ptolemy.actor.lib.Average} {
Failed to find source for ptolemy.actor.lib.Average} {
Failed to find ptdoc for ptolemy.actor.lib.Counter.  Try doing (cd /home/travis/build/icyphy/ptII/doc/test/../../doc; rm codeDoc/ptolemy/actor/lib/Ramp.xml codeDoc/ptolemy/actor/lib/RampIdx.xml; make docs)} {
Failed to find javadoc for ptolemy.actor.lib.Counter} {
Failed to find source for ptolemy.actor.lib.Counter} {
Failed to find ptdoc for ptolemy.actor.lib.Differential.  Try doing (cd /home/travis/build/icyphy/ptII/doc/test/../../doc; rm codeDoc/ptolemy/actor/lib/Ramp.xml codeDoc/ptolemy/actor/lib/RampIdx.xml; make docs)} {
Failed to find javadoc for ptolemy.actor.lib.Differential} {
Failed to find source for ptolemy.actor.lib.Differential} {
Failed to find ptdoc for ptolemy.domains.sdf.lib.DotProduct.  Try doing (cd /home/travis/build/icyphy/ptII/doc/test/../../doc; rm codeDoc/ptolemy/actor/lib/Ramp.xml codeDoc/ptolemy/actor/lib/RampIdx.xml; make docs)} {
Failed to find javadoc for ptolemy.domains.sdf.lib.DotProduct} {
Failed to find source for ptolemy.domains.sdf.lib.DotProduct} {
Failed to find ptdoc for ptolemy.actor.lib.Expression.  Try doing (cd /home/travis/build/icyphy/ptII/doc/test/../../doc; rm codeDoc/ptolemy/actor/lib/Ramp.xml codeDoc/ptolemy/actor/lib/RampIdx.xml; make docs)} {
Failed to find javadoc for ptolemy.actor.lib.Expression} {
Failed to find source for ptolemy.actor.lib.Expression} {
Failed to find ptdoc for ptolemy.actor.lib.Limiter.  Try doing (cd /home/travis/build/icyphy/ptII/doc/test/../../doc; rm codeDoc/ptolemy/actor/lib/Ramp.xml codeDoc/ptolemy/actor/lib/RampIdx.xml; make docs)} {
Failed to find javadoc for ptolemy.actor.lib.Limiter} {
Failed to find source for ptolemy.actor.lib.Limiter} {
Failed to find ptdoc for ptolemy.actor.lib.LookupTable.  Try doing (cd /home/travis/build/icyphy/ptII/doc/test/../../doc; rm codeDoc/ptolemy/actor/lib/Ramp.xml codeDoc/ptolemy/actor/lib/RampIdx.xml; make docs)} {
Failed to find javadoc for ptolemy.actor.lib.LookupTable} {
Failed to find source for ptolemy.actor.lib.LookupTable} {
Failed to find ptdoc for ptolemy.actor.lib.Maximum.  Try doing (cd /home/travis/build/icyphy/ptII/doc/test/../../doc; rm codeDoc/ptolemy/actor/lib/Ramp.xml codeDoc/ptolemy/actor/lib/RampIdx.xml; make docs)} {
Failed to find javadoc for ptolemy.actor.lib.Maximum} {
Failed to find source for ptolemy.actor.lib.Maximum} {
Failed to find ptdoc for ptolemy.actor.lib.Minimum.  Try doing (cd /home/travis/build/icyphy/ptII/doc/test/../../doc; rm codeDoc/ptolemy/actor/lib/Ramp.xml codeDoc/ptolemy/actor/lib/RampIdx.xml; make docs)} {
Failed to find javadoc for ptolemy.actor.lib.Minimum} {
Failed to find source for ptolemy.actor.lib.Minimum} {
Failed to find ptdoc for ptolemy.actor.lib.MovingAverage.  Try doing (cd /home/travis/build/icyphy/ptII/doc/test/../../doc; rm codeDoc/ptolemy/actor/lib/Ramp.xml codeDoc/ptolemy/actor/lib/RampIdx.xml; make docs)} {
Failed to find javadoc for ptolemy.actor.lib.MovingAverage} {
Failed to find source for ptolemy.actor.lib.MovingAverage} {
Failed to find ptdoc for ptolemy.actor.lib.MultiplyDivide.  Try doing (cd /home/travis/build/icyphy/ptII/doc/test/../../doc; rm codeDoc/ptolemy/actor/lib/Ramp.xml codeDoc/ptolemy/actor/lib/RampIdx.xml; make docs)} {
Failed to find javadoc for ptolemy.actor.lib.MultiplyDivide} {
Failed to find source for ptolemy.actor.lib.MultiplyDivide} {
Failed to find ptdoc for ptolemy.actor.lib.Quantizer.  Try doing (cd /home/travis/build/icyphy/ptII/doc/test/../../doc; rm codeDoc/ptolemy/actor/lib/Ramp.xml codeDoc/ptolemy/actor/lib/RampIdx.xml; make docs)} {
Failed to find javadoc for ptolemy.actor.lib.Quantizer} {
Failed to find source for ptolemy.actor.lib.Quantizer} {
Failed to find ptdoc for ptolemy.actor.lib.Remainder.  Try doing (cd /home/travis/build/icyphy/ptII/doc/test/../../doc; rm codeDoc/ptolemy/actor/lib/Ramp.xml codeDoc/ptolemy/actor/lib/RampIdx.xml; make docs)} {
Failed to find javadoc for ptolemy.actor.lib.Remainder} {
Failed to find source for ptolemy.actor.lib.Remainder} {
Failed to find ptdoc for ptolemy.actor.lib.RunningMaximum.  Try doing (cd /home/travis/build/icyphy/ptII/doc/test/../../doc; rm codeDoc/ptolemy/actor/lib/Ramp.xml codeDoc/ptolemy/actor/lib/RampIdx.xml; make docs)} {
Failed to find javadoc for ptolemy.actor.lib.RunningMaximum} {
Failed to find source for ptolemy.actor.lib.RunningMaximum} {
Failed to find ptdoc for ptolemy.actor.lib.RunningMinimum.  Try doing (cd /home/travis/build/icyphy/ptII/doc/test/../../doc; rm codeDoc/ptolemy/actor/lib/Ramp.xml codeDoc/ptolemy/actor/lib/RampIdx.xml; make docs)} {
Failed to find javadoc for ptolemy.actor.lib.RunningMinimum} {
Failed to find source for ptolemy.actor.lib.RunningMinimum} {
Failed to find ptdoc for ptolemy.actor.lib.Scale.  Try doing (cd /home/travis/build/icyphy/ptII/doc/test/../../doc; rm codeDoc/ptolemy/actor/lib/Ramp.xml codeDoc/ptolemy/actor/lib/RampIdx.xml; make docs)} {
Failed to find javadoc for ptolemy.actor.lib.Scale} {
Failed to find source for ptolemy.actor.lib.Scale} {
Failed to find ptdoc for ptolemy.actor.lib.TrigFunction.  Try doing (cd /home/travis/build/icyphy/ptII/doc/test/../../doc; rm codeDoc/ptolemy/actor/lib/Ramp.xml codeDoc/ptolemy/actor/lib/RampIdx.xml; make docs)} {
Failed to find javadoc for ptolemy.actor.lib.TrigFunction} {
Failed to find source for ptolemy.actor.lib.TrigFunction} {
Failed to find ptdoc for ptolemy.actor.lib.UnaryMathFunction.  Try doing (cd /home/travis/build/icyphy/ptII/doc/test/../../doc; rm codeDoc/ptolemy/actor/lib/Ramp.xml codeDoc/ptolemy/actor/lib/RampIdx.xml; make docs)} {
Failed to find javadoc for ptolemy.actor.lib.UnaryMathFunction} {
Failed to find source for ptolemy.actor.lib.UnaryMathFunction} {
Failed to find ptdoc for ptolemy.actor.lib.ArrayToMatrix.  Try doing (cd /home/travis/build/icyphy/ptII/doc/test/../../doc; rm codeDoc/ptolemy/actor/lib/Ramp.xml codeDoc/ptolemy/actor/lib/RampIdx.xml; make docs)} {
Failed to find javadoc for ptolemy.actor.lib.ArrayToMatrix} {
Failed to find source for ptolemy.actor.lib.ArrayToMatrix} {
Failed to find ptdoc for ptolemy.domains.sdf.lib.MatrixJoin.  Try doing (cd /home/travis/build/icyphy/ptII/doc/test/../../doc; rm codeDoc/ptolemy/actor/lib/Ramp.xml codeDoc/ptolemy/actor/lib/RampIdx.xml; make docs)} {
Failed to find javadoc for ptolemy.domains.sdf.lib.MatrixJoin} {
Failed to find source for ptolemy.domains.sdf.lib.MatrixJoin} {
Failed to find ptdoc for ptolemy.domains.sdf.lib.MatrixSplit.  Try doing (cd /home/travis/build/icyphy/ptII/doc/test/../../doc; rm codeDoc/ptolemy/actor/lib/Ramp.xml codeDoc/ptolemy/actor/lib/RampIdx.xml; make docs)} {
Failed to find javadoc for ptolemy.domains.sdf.lib.MatrixSplit} {
Failed to find source for ptolemy.domains.sdf.lib.MatrixSplit} {
Failed to find ptdoc for ptolemy.actor.lib.MatrixToArray.  Try doing (cd /home/travis/build/icyphy/ptII/doc/test/../../doc; rm codeDoc/ptolemy/actor/lib/Ramp.xml codeDoc/ptolemy/actor/lib/RampIdx.xml; make docs)} {
Failed to find javadoc for ptolemy.actor.lib.MatrixToArray} {
Failed to find source for ptolemy.actor.lib.MatrixToArray} {
Failed to find ptdoc for ptolemy.domains.sdf.lib.MatrixToSequence.  Try doing (cd /home/travis/build/icyphy/ptII/doc/test/../../doc; rm codeDoc/ptolemy/actor/lib/Ramp.xml codeDoc/ptolemy/actor/lib/RampIdx.xml; make docs)} {
Failed to find javadoc for ptolemy.domains.sdf.lib.MatrixToSequence} {
Failed to find source for ptolemy.domains.sdf.lib.MatrixToSequence} {
Failed to find ptdoc for ptolemy.actor.lib.gui.MatrixViewer.  Try doing (cd /home/travis/build/icyphy/ptII/doc/test/../../doc; rm codeDoc/ptolemy/actor/lib/Ramp.xml codeDoc/ptolemy/actor/lib/RampIdx.xml; make docs)} {
Failed to find javadoc for ptolemy.actor.lib.gui.MatrixViewer} {
Failed to find source for ptolemy.actor.lib.gui.MatrixViewer} {
Failed to find ptdoc for ptolemy.domains.sdf.lib.SequenceToMatrix.  Try doing (cd /home/travis/build/icyphy/ptII/doc/test/../../doc; rm codeDoc/ptolemy/actor/lib/Ramp.xml codeDoc/ptolemy/actor/lib/RampIdx.xml; make docs)} {
Failed to find javadoc for ptolemy.domains.sdf.lib.SequenceToMatrix} {
Failed to find source for ptolemy.domains.sdf.lib.SequenceToMatrix} {
Failed to find ptdoc for ptolemy.actor.lib.SubMatrix.  Try doing (cd /home/travis/build/icyphy/ptII/doc/test/../../doc; rm codeDoc/ptolemy/actor/lib/Ramp.xml codeDoc/ptolemy/actor/lib/RampIdx.xml; make docs)} {
Failed to find javadoc for ptolemy.actor.lib.SubMatrix} {
Failed to find source for ptolemy.actor.lib.SubMatrix} {
Failed to find ptdoc for ptolemy.actor.lib.Bernoulli.  Try doing (cd /home/travis/build/icyphy/ptII/doc/test/../../doc; rm codeDoc/ptolemy/actor/lib/Ramp.xml codeDoc/ptolemy/actor/lib/RampIdx.xml; make docs)} {
Failed to find javadoc for ptolemy.actor.lib.Bernoulli} {
Failed to find source for ptolemy.actor.lib.Bernoulli} {
Failed to find ptdoc for ptolemy.actor.lib.DiscreteRandomSource.  Try doing (cd /home/travis/build/icyphy/ptII/doc/test/../../doc; rm codeDoc/ptolemy/actor/lib/Ramp.xml codeDoc/ptolemy/actor/lib/RampIdx.xml; make docs)} {
Failed to find javadoc for ptolemy.actor.lib.DiscreteRandomSource} {
Failed to find source for ptolemy.actor.lib.DiscreteRandomSource} {
Failed to find ptdoc for ptolemy.actor.lib.Gaussian.  Try doing (cd /home/travis/build/icyphy/ptII/doc/test/../../doc; rm codeDoc/ptolemy/actor/lib/Ramp.xml codeDoc/ptolemy/actor/lib/RampIdx.xml; make docs)} {
Failed to find javadoc for ptolemy.actor.lib.Gaussian} {
Failed to find source for ptolemy.actor.lib.Gaussian} {
Failed to find ptdoc for ptolemy.actor.lib.RandomInteger.  Try doing (cd /home/travis/build/icyphy/ptII/doc/test/../../doc; rm codeDoc/ptolemy/actor/lib/Ramp.xml codeDoc/ptolemy/actor/lib/RampIdx.xml; make docs)} {
Failed to find javadoc for ptolemy.actor.lib.RandomInteger} {
Failed to find source for ptolemy.actor.lib.RandomInteger} {
Failed to find ptdoc for ptolemy.actor.lib.Rician.  Try doing (cd /home/travis/build/icyphy/ptII/doc/test/../../doc; rm codeDoc/ptolemy/actor/lib/Ramp.xml codeDoc/ptolemy/actor/lib/RampIdx.xml; make docs)} {
Failed to find javadoc for ptolemy.actor.lib.Rician} {
Failed to find source for ptolemy.actor.lib.Rician} {
Failed to find ptdoc for ptolemy.actor.lib.Triangular.  Try doing (cd /home/travis/build/icyphy/ptII/doc/test/../../doc; rm codeDoc/ptolemy/actor/lib/Ramp.xml codeDoc/ptolemy/actor/lib/RampIdx.xml; make docs)} {
Failed to find javadoc for ptolemy.actor.lib.Triangular} {
Failed to find source for ptolemy.actor.lib.Triangular} {
Failed to find ptdoc for ptolemy.actor.lib.Uniform.  Try doing (cd /home/travis/build/icyphy/ptII/doc/test/../../doc; rm codeDoc/ptolemy/actor/lib/Ramp.xml codeDoc/ptolemy/actor/lib/RampIdx.xml; make docs)} {
Failed to find javadoc for ptolemy.actor.lib.Uniform} {
Failed to find source for ptolemy.actor.lib.Uniform} {
Failed to find ptdoc for ptolemy.actor.lib.colt.ColtBeta.  Try doing (cd /home/travis/build/icyphy/ptII/doc/test/../../doc; rm codeDoc/ptolemy/actor/lib/Ramp.xml codeDoc/ptolemy/actor/lib/RampIdx.xml; make docs)} {
Failed to find javadoc for ptolemy.actor.lib.colt.ColtBeta} {
Failed to find source for ptolemy.actor.lib.colt.ColtBeta} {
Failed to find ptdoc for ptolemy.actor.lib.colt.ColtBinomial.  Try doing (cd /home/travis/build/icyphy/ptII/doc/test/../../doc; rm codeDoc/ptolemy/actor/lib/Ramp.xml codeDoc/ptolemy/actor/lib/RampIdx.xml; make docs)} {
Failed to find javadoc for ptolemy.actor.lib.colt.ColtBinomial} {
Failed to find source for ptolemy.actor.lib.colt.ColtBinomial} {
Failed to find ptdoc for ptolemy.actor.lib.colt.ColtBinomialSelector.  Try doing (cd /home/travis/build/icyphy/ptII/doc/test/../../doc; rm codeDoc/ptolemy/actor/lib/Ramp.xml codeDoc/ptolemy/actor/lib/RampIdx.xml; make docs)} {
Failed to find javadoc for ptolemy.actor.lib.colt.ColtBinomialSelector} {
Failed to find source for ptolemy.actor.lib.colt.ColtBinomialSelector} {
Failed to find ptdoc for ptolemy.actor.lib.colt.ColtBreitWigner.  Try doing (cd /home/travis/build/icyphy/ptII/doc/test/../../doc; rm codeDoc/ptolemy/actor/lib/Ramp.xml codeDoc/ptolemy/actor/lib/RampIdx.xml; make docs)} {
Failed to find javadoc for ptolemy.actor.lib.colt.ColtBreitWigner} {
Failed to find source for ptolemy.actor.lib.colt.ColtBreitWigner} {
Failed to find ptdoc for ptolemy.actor.lib.colt.ColtChiSquare.  Try doing (cd /home/travis/build/icyphy/ptII/doc/test/../../doc; rm codeDoc/ptolemy/actor/lib/Ramp.xml codeDoc/ptolemy/actor/lib/RampIdx.xml; make docs)} {
Failed to find javadoc for ptolemy.actor.lib.colt.ColtChiSquare} {
Failed to find source for ptolemy.actor.lib.colt.ColtChiSquare} {
Failed to find ptdoc for ptolemy.actor.lib.colt.ColtExponential.  Try doing (cd /home/travis/build/icyphy/ptII/doc/test/../../doc; rm codeDoc/ptolemy/actor/lib/Ramp.xml codeDoc/ptolemy/actor/lib/RampIdx.xml; make docs)} {
Failed to find javadoc for ptolemy.actor.lib.colt.ColtExponential} {
Failed to find source for ptolemy.actor.lib.colt.ColtExponential} {
Failed to find ptdoc for ptolemy.actor.lib.colt.ColtExponentialPower.  Try doing (cd /home/travis/build/icyphy/ptII/doc/test/../../doc; rm codeDoc/ptolemy/actor/lib/Ramp.xml codeDoc/ptolemy/actor/lib/RampIdx.xml; make docs)} {
Failed to find javadoc for ptolemy.actor.lib.colt.ColtExponentialPower} {
Failed to find source for ptolemy.actor.lib.colt.ColtExponentialPower} {
Failed to find ptdoc for ptolemy.actor.lib.colt.ColtGamma.  Try doing (cd /home/travis/build/icyphy/ptII/doc/test/../../doc; rm codeDoc/ptolemy/actor/lib/Ramp.xml codeDoc/ptolemy/actor/lib/RampIdx.xml; make docs)} {
Failed to find javadoc for ptolemy.actor.lib.colt.ColtGamma} {
Failed to find source for ptolemy.actor.lib.colt.ColtGamma} {
Failed to find ptdoc for ptolemy.actor.lib.colt.ColtHyperGeometric.  Try doing (cd /home/travis/build/icyphy/ptII/doc/test/../../doc; rm codeDoc/ptolemy/actor/lib/Ramp.xml codeDoc/ptolemy/actor/lib/RampIdx.xml; make docs)} {
Failed to find javadoc for ptolemy.actor.lib.colt.ColtHyperGeometric} {
Failed to find source for ptolemy.actor.lib.colt.ColtHyperGeometric} {
Failed to find ptdoc for ptolemy.actor.lib.colt.ColtLogarithmic.  Try doing (cd /home/travis/build/icyphy/ptII/doc/test/../../doc; rm codeDoc/ptolemy/actor/lib/Ramp.xml codeDoc/ptolemy/actor/lib/RampIdx.xml; make docs)} {
Failed to find javadoc for ptolemy.actor.lib.colt.ColtLogarithmic} {
Failed to find source for ptolemy.actor.lib.colt.ColtLogarithmic} {
Failed to find ptdoc for ptolemy.actor.lib.colt.ColtNegativeBinomial.  Try doing (cd /home/travis/build/icyphy/ptII/doc/test/../../doc; rm codeDoc/ptolemy/actor/lib/Ramp.xml codeDoc/ptolemy/actor/lib/RampIdx.xml; make docs)} {
Failed to find javadoc for ptolemy.actor.lib.colt.ColtNegativeBinomial} {
Failed to find source for ptolemy.actor.lib.colt.ColtNegativeBinomial} {
Failed to find ptdoc for ptolemy.actor.lib.colt.ColtNormal.  Try doing (cd /home/travis/build/icyphy/ptII/doc/test/../../doc; rm codeDoc/ptolemy/actor/lib/Ramp.xml codeDoc/ptolemy/actor/lib/RampIdx.xml; make docs)} {
Failed to find javadoc for ptolemy.actor.lib.colt.ColtNormal} {
Failed to find source for ptolemy.actor.lib.colt.ColtNormal} {
Failed to find ptdoc for ptolemy.actor.lib.colt.ColtPoisson.  Try doing (cd /home/travis/build/icyphy/ptII/doc/test/../../doc; rm codeDoc/ptolemy/actor/lib/Ramp.xml codeDoc/ptolemy/actor/lib/RampIdx.xml; make docs)} {
Failed to find javadoc for ptolemy.actor.lib.colt.ColtPoisson} {
Failed to find source for ptolemy.actor.lib.colt.ColtPoisson} {
Failed to find ptdoc for ptolemy.actor.lib.colt.ColtPoissonSlow.  Try doing (cd /home/travis/build/icyphy/ptII/doc/test/../../doc; rm codeDoc/ptolemy/actor/lib/Ramp.xml codeDoc/ptolemy/actor/lib/RampIdx.xml; make docs)} {
Failed to find javadoc for ptolemy.actor.lib.colt.ColtPoissonSlow} {
Failed to find source for ptolemy.actor.lib.colt.ColtPoissonSlow} {
Failed to find ptdoc for ptolemy.actor.lib.colt.ColtStudentT.  Try doing (cd /home/travis/build/icyphy/ptII/doc/test/../../doc; rm codeDoc/ptolemy/actor/lib/Ramp.xml codeDoc/ptolemy/actor/lib/RampIdx.xml; make docs)} {
Failed to find javadoc for ptolemy.actor.lib.colt.ColtStudentT} {
Failed to find source for ptolemy.actor.lib.colt.ColtStudentT} {
Failed to find ptdoc for ptolemy.actor.lib.colt.ColtVonMises.  Try doing (cd /home/travis/build/icyphy/ptII/doc/test/../../doc; rm codeDoc/ptolemy/actor/lib/Ramp.xml codeDoc/ptolemy/actor/lib/RampIdx.xml; make docs)} {
Failed to find javadoc for ptolemy.actor.lib.colt.ColtVonMises} {
Failed to find source for ptolemy.actor.lib.colt.ColtVonMises} {
Failed to find ptdoc for ptolemy.actor.lib.colt.ColtZeta.  Try doing (cd /home/travis/build/icyphy/ptII/doc/test/../../doc; rm codeDoc/ptolemy/actor/lib/Ramp.xml codeDoc/ptolemy/actor/lib/RampIdx.xml; make docs)} {
Failed to find javadoc for ptolemy.actor.lib.colt.ColtZeta} {
Failed to find source for ptolemy.actor.lib.colt.ColtZeta} {
Failed to find ptdoc for ptolemy.actor.lib.DelayStart.  Try doing (cd /home/travis/build/icyphy/ptII/doc/test/../../doc; rm codeDoc/ptolemy/actor/lib/Ramp.xml codeDoc/ptolemy/actor/lib/RampIdx.xml; make docs)} {
Failed to find javadoc for ptolemy.actor.lib.DelayStart} {
Failed to find source for ptolemy.actor.lib.DelayStart} {
Failed to find ptdoc for ptolemy.actor.lib.ExecutionTime.  Try doing (cd /home/travis/build/icyphy/ptII/doc/test/../../doc; rm codeDoc/ptolemy/actor/lib/Ramp.xml codeDoc/ptolemy/actor/lib/RampIdx.xml; make docs)} {
Failed to find javadoc for ptolemy.actor.lib.ExecutionTime} {
Failed to find source for ptolemy.actor.lib.ExecutionTime} {
Failed to find ptdoc for ptolemy.actor.lib.gui.RealTimePlotter.  Try doing (cd /home/travis/build/icyphy/ptII/doc/test/../../doc; rm codeDoc/ptolemy/actor/lib/Ramp.xml codeDoc/ptolemy/actor/lib/RampIdx.xml; make docs)} {
Failed to find javadoc for ptolemy.actor.lib.gui.RealTimePlotter} {
Failed to find source for ptolemy.actor.lib.gui.RealTimePlotter} {
Failed to find ptdoc for ptolemy.actor.lib.Sleep.  Try doing (cd /home/travis/build/icyphy/ptII/doc/test/../../doc; rm codeDoc/ptolemy/actor/lib/Ramp.xml codeDoc/ptolemy/actor/lib/RampIdx.xml; make docs)} {
Failed to find javadoc for ptolemy.actor.lib.Sleep} {
Failed to find source for ptolemy.actor.lib.Sleep} {
Failed to find ptdoc for ptolemy.actor.lib.VariableSleep.  Try doing (cd /home/travis/build/icyphy/ptII/doc/test/../../doc; rm codeDoc/ptolemy/actor/lib/Ramp.xml codeDoc/ptolemy/actor/lib/RampIdx.xml; make docs)} {
Failed to find javadoc for ptolemy.actor.lib.VariableSleep} {
Failed to find source for ptolemy.actor.lib.VariableSleep} {
Failed to find ptdoc for ptolemy.actor.lib.WallClockTime.  Try doing (cd /home/travis/build/icyphy/ptII/doc/test/../../doc; rm codeDoc/ptolemy/actor/lib/Ramp.xml codeDoc/ptolemy/actor/lib/RampIdx.xml; make docs)} {
Failed to find javadoc for ptolemy.actor.lib.WallClockTime} {
Failed to find source for ptolemy.actor.lib.WallClockTime} {
Failed to find ptdoc for ptolemy.actor.lib.javasound.AudioCapture.  Try doing (cd /home/travis/build/icyphy/ptII/doc/test/../../doc; rm codeDoc/ptolemy/actor/lib/Ramp.xml codeDoc/ptolemy/actor/lib/RampIdx.xml; make docs)} {
Failed to find javadoc for ptolemy.actor.lib.javasound.AudioCapture} {
Failed to find source for ptolemy.actor.lib.javasound.AudioCapture} {
Failed to find ptdoc for ptolemy.actor.lib.javasound.AudioReader.  Try doing (cd /home/travis/build/icyphy/ptII/doc/test/../../doc; rm codeDoc/ptolemy/actor/lib/Ramp.xml codeDoc/ptolemy/actor/lib/RampIdx.xml; make docs)} {
Failed to find javadoc for ptolemy.actor.lib.javasound.AudioReader} {
Failed to find source for ptolemy.actor.lib.javasound.AudioReader} {
Failed to find ptdoc for ptolemy.actor.lib.javasound.AudioPlayer.  Try doing (cd /home/travis/build/icyphy/ptII/doc/test/../../doc; rm codeDoc/ptolemy/actor/lib/Ramp.xml codeDoc/ptolemy/actor/lib/RampIdx.xml; make docs)} {
Failed to find javadoc for ptolemy.actor.lib.javasound.AudioPlayer} {
Failed to find source for ptolemy.actor.lib.javasound.AudioPlayer} {
Failed to find ptdoc for ptolemy.actor.lib.javasound.AudioWriter.  Try doing (cd /home/travis/build/icyphy/ptII/doc/test/../../doc; rm codeDoc/ptolemy/actor/lib/Ramp.xml codeDoc/ptolemy/actor/lib/RampIdx.xml; make docs)} {
Failed to find javadoc for ptolemy.actor.lib.javasound.AudioWriter} {
Failed to find source for ptolemy.actor.lib.javasound.AudioWriter} {
Failed to find ptdoc for ptolemy.actor.lib.javasound.ClipPlayer.  Try doing (cd /home/travis/build/icyphy/ptII/doc/test/../../doc; rm codeDoc/ptolemy/actor/lib/Ramp.xml codeDoc/ptolemy/actor/lib/RampIdx.xml; make docs)} {
Failed to find javadoc for ptolemy.actor.lib.javasound.ClipPlayer} {
Failed to find source for ptolemy.actor.lib.javasound.ClipPlayer} {
Failed to find ptdoc for ptolemy.actor.lib.comm.ConvolutionalCoder.  Try doing (cd /home/travis/build/icyphy/ptII/doc/test/../../doc; rm codeDoc/ptolemy/actor/lib/Ramp.xml codeDoc/ptolemy/actor/lib/RampIdx.xml; make docs)} {
Failed to find javadoc for ptolemy.actor.lib.comm.ConvolutionalCoder} {
Failed to find source for ptolemy.actor.lib.comm.ConvolutionalCoder} {
Failed to find ptdoc for ptolemy.actor.lib.comm.DeScrambler.  Try doing (cd /home/travis/build/icyphy/ptII/doc/test/../../doc; rm codeDoc/ptolemy/actor/lib/Ramp.xml codeDoc/ptolemy/actor/lib/RampIdx.xml; make docs)} {
Failed to find javadoc for ptolemy.actor.lib.comm.DeScrambler} {
Failed to find source for ptolemy.actor.lib.comm.DeScrambler} {
Failed to find ptdoc for ptolemy.actor.lib.comm.HadamardCode.  Try doing (cd /home/travis/build/icyphy/ptII/doc/test/../../doc; rm codeDoc/ptolemy/actor/lib/Ramp.xml codeDoc/ptolemy/actor/lib/RampIdx.xml; make docs)} {
Failed to find javadoc for ptolemy.actor.lib.comm.HadamardCode} {
Failed to find source for ptolemy.actor.lib.comm.HadamardCode} {
Failed to find ptdoc for ptolemy.actor.lib.comm.HammingCoder.  Try doing (cd /home/travis/build/icyphy/ptII/doc/test/../../doc; rm codeDoc/ptolemy/actor/lib/Ramp.xml codeDoc/ptolemy/actor/lib/RampIdx.xml; make docs)} {
Failed to find javadoc for ptolemy.actor.lib.comm.HammingCoder} {
Failed to find source for ptolemy.actor.lib.comm.HammingCoder} {
Failed to find ptdoc for ptolemy.actor.lib.comm.HammingDecoder.  Try doing (cd /home/travis/build/icyphy/ptII/doc/test/../../doc; rm codeDoc/ptolemy/actor/lib/Ramp.xml codeDoc/ptolemy/actor/lib/RampIdx.xml; make docs)} {
Failed to find javadoc for ptolemy.actor.lib.comm.HammingDecoder} {
Failed to find source for ptolemy.actor.lib.comm.HammingDecoder} {
Failed to find ptdoc for ptolemy.actor.lib.comm.HuffmanCoder.  Try doing (cd /home/travis/build/icyphy/ptII/doc/test/../../doc; rm codeDoc/ptolemy/actor/lib/Ramp.xml codeDoc/ptolemy/actor/lib/RampIdx.xml; make docs)} {
Failed to find javadoc for ptolemy.actor.lib.comm.HuffmanCoder} {
Failed to find source for ptolemy.actor.lib.comm.HuffmanCoder} {
Failed to find ptdoc for ptolemy.actor.lib.comm.HuffmanDecoder.  Try doing (cd /home/travis/build/icyphy/ptII/doc/test/../../doc; rm codeDoc/ptolemy/actor/lib/Ramp.xml codeDoc/ptolemy/actor/lib/RampIdx.xml; make docs)} {
Failed to find javadoc for ptolemy.actor.lib.comm.HuffmanDecoder} {
Failed to find source for ptolemy.actor.lib.comm.HuffmanDecoder} {
Failed to find ptdoc for ptolemy.actor.lib.comm.LempelZivCoder.  Try doing (cd /home/travis/build/icyphy/ptII/doc/test/../../doc; rm codeDoc/ptolemy/actor/lib/Ramp.xml codeDoc/ptolemy/actor/lib/RampIdx.xml; make docs)} {
Failed to find javadoc for ptolemy.actor.lib.comm.LempelZivCoder} {
Failed to find source for ptolemy.actor.lib.comm.LempelZivCoder} {
Failed to find ptdoc for ptolemy.actor.lib.comm.LempelZivDecoder.  Try doing (cd /home/travis/build/icyphy/ptII/doc/test/../../doc; rm codeDoc/ptolemy/actor/lib/Ramp.xml codeDoc/ptolemy/actor/lib/RampIdx.xml; make docs)} {
Failed to find javadoc for ptolemy.actor.lib.comm.LempelZivDecoder} {
Failed to find source for ptolemy.actor.lib.comm.LempelZivDecoder} {
Failed to find ptdoc for ptolemy.domains.sdf.lib.LineCoder.  Try doing (cd /home/travis/build/icyphy/ptII/doc/test/../../doc; rm codeDoc/ptolemy/actor/lib/Ramp.xml codeDoc/ptolemy/actor/lib/RampIdx.xml; make docs)} {
Failed to find javadoc for ptolemy.domains.sdf.lib.LineCoder} {
Failed to find source for ptolemy.domains.sdf.lib.LineCoder} {
Failed to find ptdoc for ptolemy.domains.sdf.lib.LMSAdaptive.  Try doing (cd /home/travis/build/icyphy/ptII/doc/test/../../doc; rm codeDoc/ptolemy/actor/lib/Ramp.xml codeDoc/ptolemy/actor/lib/RampIdx.xml; make docs)} {
Failed to find javadoc for ptolemy.domains.sdf.lib.LMSAdaptive} {
Failed to find source for ptolemy.domains.sdf.lib.LMSAdaptive} {
Failed to find ptdoc for ptolemy.domains.sdf.lib.RaisedCosine.  Try doing (cd /home/travis/build/icyphy/ptII/doc/test/../../doc; rm codeDoc/ptolemy/actor/lib/Ramp.xml codeDoc/ptolemy/actor/lib/RampIdx.xml; make docs)} {
Failed to find javadoc for ptolemy.domains.sdf.lib.RaisedCosine} {
Failed to find source for ptolemy.domains.sdf.lib.RaisedCosine} {
Failed to find ptdoc for ptolemy.actor.lib.comm.Scrambler.  Try doing (cd /home/travis/build/icyphy/ptII/doc/test/../../doc; rm codeDoc/ptolemy/actor/lib/Ramp.xml codeDoc/ptolemy/actor/lib/RampIdx.xml; make docs)} {
Failed to find javadoc for ptolemy.actor.lib.comm.Scrambler} {
Failed to find source for ptolemy.actor.lib.comm.Scrambler} {
Failed to find ptdoc for ptolemy.actor.lib.comm.Slicer.  Try doing (cd /home/travis/build/icyphy/ptII/doc/test/../../doc; rm codeDoc/ptolemy/actor/lib/Ramp.xml codeDoc/ptolemy/actor/lib/RampIdx.xml; make docs)} {
Failed to find javadoc for ptolemy.actor.lib.comm.Slicer} {
Failed to find source for ptolemy.actor.lib.comm.Slicer} {
Failed to find ptdoc for ptolemy.actor.lib.comm.TrellisDecoder.  Try doing (cd /home/travis/build/icyphy/ptII/doc/test/../../doc; rm codeDoc/ptolemy/actor/lib/Ramp.xml codeDoc/ptolemy/actor/lib/RampIdx.xml; make docs)} {
Failed to find javadoc for ptolemy.actor.lib.comm.TrellisDecoder} {
Failed to find source for ptolemy.actor.lib.comm.TrellisDecoder} {
Failed to find ptdoc for ptolemy.actor.lib.comm.ViterbiDecoder.  Try doing (cd /home/travis/build/icyphy/ptII/doc/test/../../doc; rm codeDoc/ptolemy/actor/lib/Ramp.xml codeDoc/ptolemy/actor/lib/RampIdx.xml; make docs)} {
Failed to find javadoc for ptolemy.actor.lib.comm.ViterbiDecoder} {
Failed to find source for ptolemy.actor.lib.comm.ViterbiDecoder} {
Failed to find ptdoc for ptolemy.domains.sdf.lib.DelayLine.  Try doing (cd /home/travis/build/icyphy/ptII/doc/test/../../doc; rm codeDoc/ptolemy/actor/lib/Ramp.xml codeDoc/ptolemy/actor/lib/RampIdx.xml; make docs)} {
Failed to find javadoc for ptolemy.domains.sdf.lib.DelayLine} {
Failed to find source for ptolemy.domains.sdf.lib.DelayLine} {
Failed to find ptdoc for ptolemy.domains.sdf.lib.DownSample.  Try doing (cd /home/travis/build/icyphy/ptII/doc/test/../../doc; rm codeDoc/ptolemy/actor/lib/Ramp.xml codeDoc/ptolemy/actor/lib/RampIdx.xml; make docs)} {
Failed to find javadoc for ptolemy.domains.sdf.lib.DownSample} {
Failed to find source for ptolemy.domains.sdf.lib.DownSample} {
Failed to find ptdoc for ptolemy.domains.sdf.lib.FIR.  Try doing (cd /home/travis/build/icyphy/ptII/doc/test/../../doc; rm codeDoc/ptolemy/actor/lib/Ramp.xml codeDoc/ptolemy/actor/lib/RampIdx.xml; make docs)} {
Failed to find javadoc for ptolemy.domains.sdf.lib.FIR} {
Failed to find source for ptolemy.domains.sdf.lib.FIR} {
Failed to find ptdoc for ptolemy.actor.lib.GradientAdaptiveLattice.  Try doing (cd /home/travis/build/icyphy/ptII/doc/test/../../doc; rm codeDoc/ptolemy/actor/lib/Ramp.xml codeDoc/ptolemy/actor/lib/RampIdx.xml; make docs)} {
Failed to find javadoc for ptolemy.actor.lib.GradientAdaptiveLattice} {
Failed to find source for ptolemy.actor.lib.GradientAdaptiveLattice} {
Failed to find ptdoc for ptolemy.actor.lib.IIR.  Try doing (cd /home/travis/build/icyphy/ptII/doc/test/../../doc; rm codeDoc/ptolemy/actor/lib/Ramp.xml codeDoc/ptolemy/actor/lib/RampIdx.xml; make docs)} {
Failed to find javadoc for ptolemy.actor.lib.IIR} {
Failed to find source for ptolemy.actor.lib.IIR} {
Failed to find ptdoc for ptolemy.actor.lib.Lattice.  Try doing (cd /home/travis/build/icyphy/ptII/doc/test/../../doc; rm codeDoc/ptolemy/actor/lib/Ramp.xml codeDoc/ptolemy/actor/lib/RampIdx.xml; make docs)} {
Failed to find javadoc for ptolemy.actor.lib.Lattice} {
Failed to find source for ptolemy.actor.lib.Lattice} {
Failed to find ptdoc for ptolemy.actor.lib.LinearDifferenceEquationSystem.  Try doing (cd /home/travis/build/icyphy/ptII/doc/test/../../doc; rm codeDoc/ptolemy/actor/lib/Ramp.xml codeDoc/ptolemy/actor/lib/RampIdx.xml; make docs)} {
Failed to find javadoc for ptolemy.actor.lib.LinearDifferenceEquationSystem} {
Failed to find source for ptolemy.actor.lib.LinearDifferenceEquationSystem} {
Failed to find ptdoc for ptolemy.domains.sdf.lib.LMSAdaptive.  Try doing (cd /home/travis/build/icyphy/ptII/doc/test/../../doc; rm codeDoc/ptolemy/actor/lib/Ramp.xml codeDoc/ptolemy/actor/lib/RampIdx.xml; make docs)} {
Failed to find javadoc for ptolemy.domains.sdf.lib.LMSAdaptive} {
Failed to find source for ptolemy.domains.sdf.lib.LMSAdaptive} {
Failed to find ptdoc for ptolemy.actor.lib.RecursiveLattice.  Try doing (cd /home/travis/build/icyphy/ptII/doc/test/../../doc; rm codeDoc/ptolemy/actor/lib/Ramp.xml codeDoc/ptolemy/actor/lib/RampIdx.xml; make docs)} {
Failed to find javadoc for ptolemy.actor.lib.RecursiveLattice} {
Failed to find source for ptolemy.actor.lib.RecursiveLattice} {
Failed to find ptdoc for ptolemy.domains.sdf.lib.UpSample.  Try doing (cd /home/travis/build/icyphy/ptII/doc/test/../../doc; rm codeDoc/ptolemy/actor/lib/Ramp.xml codeDoc/ptolemy/actor/lib/RampIdx.xml; make docs)} {
Failed to find javadoc for ptolemy.domains.sdf.lib.UpSample} {
Failed to find source for ptolemy.domains.sdf.lib.UpSample} {
Failed to find ptdoc for ptolemy.domains.sdf.lib.VariableFIR.  Try doing (cd /home/travis/build/icyphy/ptII/doc/test/../../doc; rm codeDoc/ptolemy/actor/lib/Ramp.xml codeDoc/ptolemy/actor/lib/RampIdx.xml; make docs)} {
Failed to find javadoc for ptolemy.domains.sdf.lib.VariableFIR} {
Failed to find source for ptolemy.domains.sdf.lib.VariableFIR} {
Failed to find ptdoc for ptolemy.domains.sdf.lib.VariableLattice.  Try doing (cd /home/travis/build/icyphy/ptII/doc/test/../../doc; rm codeDoc/ptolemy/actor/lib/Ramp.xml codeDoc/ptolemy/actor/lib/RampIdx.xml; make docs)} {
Failed to find javadoc for ptolemy.domains.sdf.lib.VariableLattice} {
Failed to find source for ptolemy.domains.sdf.lib.VariableLattice} {
Failed to find ptdoc for ptolemy.domains.sdf.lib.VariableRecursiveLattice.  Try doing (cd /home/travis/build/icyphy/ptII/doc/test/../../doc; rm codeDoc/ptolemy/actor/lib/Ramp.xml codeDoc/ptolemy/actor/lib/RampIdx.xml; make docs)} {
Failed to find javadoc for ptolemy.domains.sdf.lib.VariableRecursiveLattice} {
Failed to find source for ptolemy.domains.sdf.lib.VariableRecursiveLattice} {
Failed to find ptdoc for ptolemy.actor.lib.DB.  Try doing (cd /home/travis/build/icyphy/ptII/doc/test/../../doc; rm codeDoc/ptolemy/actor/lib/Ramp.xml codeDoc/ptolemy/actor/lib/RampIdx.xml; make docs)} {
Failed to find javadoc for ptolemy.actor.lib.DB} {
Failed to find source for ptolemy.actor.lib.DB} {
Failed to find ptdoc for ptolemy.domains.sdf.lib.FFT.  Try doing (cd /home/travis/build/icyphy/ptII/doc/test/../../doc; rm codeDoc/ptolemy/actor/lib/Ramp.xml codeDoc/ptolemy/actor/lib/RampIdx.xml; make docs)} {
Failed to find javadoc for ptolemy.domains.sdf.lib.FFT} {
Failed to find source for ptolemy.domains.sdf.lib.FFT} {
Failed to find ptdoc for ptolemy.domains.sdf.lib.IFFT.  Try doing (cd /home/travis/build/icyphy/ptII/doc/test/../../doc; rm codeDoc/ptolemy/actor/lib/Ramp.xml codeDoc/ptolemy/actor/lib/RampIdx.xml; make docs)} {
Failed to find javadoc for ptolemy.domains.sdf.lib.IFFT} {
Failed to find source for ptolemy.domains.sdf.lib.IFFT} {
Failed to find ptdoc for ptolemy.actor.lib.LevinsonDurbin.  Try doing (cd /home/travis/build/icyphy/ptII/doc/test/../../doc; rm codeDoc/ptolemy/actor/lib/Ramp.xml codeDoc/ptolemy/actor/lib/RampIdx.xml; make docs)} {
Failed to find javadoc for ptolemy.actor.lib.LevinsonDurbin} {
Failed to find source for ptolemy.actor.lib.LevinsonDurbin} {
Failed to find ptdoc for ptolemy.actor.lib.PhaseUnwrap.  Try doing (cd /home/travis/build/icyphy/ptII/doc/test/../../doc; rm codeDoc/ptolemy/actor/lib/Ramp.xml codeDoc/ptolemy/actor/lib/RampIdx.xml; make docs)} {
Failed to find javadoc for ptolemy.actor.lib.PhaseUnwrap} {
Failed to find source for ptolemy.actor.lib.PhaseUnwrap} {
Failed to find ptdoc for ptolemy.domains.sdf.lib.Autocorrelation.  Try doing (cd /home/travis/build/icyphy/ptII/doc/test/../../doc; rm codeDoc/ptolemy/actor/lib/Ramp.xml codeDoc/ptolemy/actor/lib/RampIdx.xml; make docs)} {
Failed to find javadoc for ptolemy.domains.sdf.lib.Autocorrelation} {
Failed to find source for ptolemy.domains.sdf.lib.Autocorrelation} {
Failed to find ptdoc for ptolemy.actor.lib.ComputeHistogram.  Try doing (cd /home/travis/build/icyphy/ptII/doc/test/../../doc; rm codeDoc/ptolemy/actor/lib/Ramp.xml codeDoc/ptolemy/actor/lib/RampIdx.xml; make docs)} {
Failed to find javadoc for ptolemy.actor.lib.ComputeHistogram} {
Failed to find source for ptolemy.actor.lib.ComputeHistogram} {
Failed to find ptdoc for ptolemy.actor.lib.IIR.  Try doing (cd /home/travis/build/icyphy/ptII/doc/test/../../doc; rm codeDoc/ptolemy/actor/lib/Ramp.xml codeDoc/ptolemy/actor/lib/RampIdx.xml; make docs)} {
Failed to find javadoc for ptolemy.actor.lib.IIR} {
Failed to find source for ptolemy.actor.lib.IIR} {
Failed to find ptdoc for ptolemy.actor.lib.DB.  Try doing (cd /home/travis/build/icyphy/ptII/doc/test/../../doc; rm codeDoc/ptolemy/actor/lib/Ramp.xml codeDoc/ptolemy/actor/lib/RampIdx.xml; make docs)} {
Failed to find javadoc for ptolemy.actor.lib.DB} {
Failed to find source for ptolemy.actor.lib.DB} {
Failed to find ptdoc for ptolemy.actor.lib.Scale.  Try doing (cd /home/travis/build/icyphy/ptII/doc/test/../../doc; rm codeDoc/ptolemy/actor/lib/Ramp.xml codeDoc/ptolemy/actor/lib/RampIdx.xml; make docs)} {
Failed to find javadoc for ptolemy.actor.lib.Scale} {
Failed to find source for ptolemy.actor.lib.Scale} {
Failed to find ptdoc for ptolemy.actor.lib.MathFunction.  Try doing (cd /home/travis/build/icyphy/ptII/doc/test/../../doc; rm codeDoc/ptolemy/actor/lib/Ramp.xml codeDoc/ptolemy/actor/lib/RampIdx.xml; make docs)} {
Failed to find javadoc for ptolemy.actor.lib.MathFunction} {
Failed to find source for ptolemy.actor.lib.MathFunction} {
Failed to find ptdoc for ptolemy.actor.lib.string.StringCompare.  Try doing (cd /home/travis/build/icyphy/ptII/doc/test/../../doc; rm codeDoc/ptolemy/actor/lib/Ramp.xml codeDoc/ptolemy/actor/lib/RampIdx.xml; make docs)} {
Failed to find javadoc for ptolemy.actor.lib.string.StringCompare} {
Failed to find source for ptolemy.actor.lib.string.StringCompare} {
Failed to find ptdoc for ptolemy.actor.lib.string.StringFunction.  Try doing (cd /home/travis/build/icyphy/ptII/doc/test/../../doc; rm codeDoc/ptolemy/actor/lib/Ramp.xml codeDoc/ptolemy/actor/lib/RampIdx.xml; make docs)} {
Failed to find javadoc for ptolemy.actor.lib.string.StringFunction} {
Failed to find source for ptolemy.actor.lib.string.StringFunction} {
Failed to find ptdoc for ptolemy.actor.lib.string.StringIndexOf.  Try doing (cd /home/travis/build/icyphy/ptII/doc/test/../../doc; rm codeDoc/ptolemy/actor/lib/Ramp.xml codeDoc/ptolemy/actor/lib/RampIdx.xml; make docs)} {
Failed to find javadoc for ptolemy.actor.lib.string.StringIndexOf} {
Failed to find source for ptolemy.actor.lib.string.StringIndexOf} {
Failed to find ptdoc for ptolemy.actor.lib.string.StringLength.  Try doing (cd /home/travis/build/icyphy/ptII/doc/test/../../doc; rm codeDoc/ptolemy/actor/lib/Ramp.xml codeDoc/ptolemy/actor/lib/RampIdx.xml; make docs)} {
Failed to find javadoc for ptolemy.actor.lib.string.StringLength} {
Failed to find source for ptolemy.actor.lib.string.StringLength} {
Failed to find ptdoc for ptolemy.actor.lib.string.StringMatches.  Try doing (cd /home/travis/build/icyphy/ptII/doc/test/../../doc; rm codeDoc/ptolemy/actor/lib/Ramp.xml codeDoc/ptolemy/actor/lib/RampIdx.xml; make docs)} {
Failed to find javadoc for ptolemy.actor.lib.string.StringMatches} {
Failed to find source for ptolemy.actor.lib.string.StringMatches} {
Failed to find ptdoc for ptolemy.actor.lib.string.StringReplace.  Try doing (cd /home/travis/build/icyphy/ptII/doc/test/../../doc; rm codeDoc/ptolemy/actor/lib/Ramp.xml codeDoc/ptolemy/actor/lib/RampIdx.xml; make docs)} {
Failed to find javadoc for ptolemy.actor.lib.string.StringReplace} {
Failed to find source for ptolemy.actor.lib.string.StringReplace} {
Failed to find ptdoc for ptolemy.actor.lib.string.StringSplit.  Try doing (cd /home/travis/build/icyphy/ptII/doc/test/../../doc; rm codeDoc/ptolemy/actor/lib/Ramp.xml codeDoc/ptolemy/actor/lib/RampIdx.xml; make docs)} {
Failed to find javadoc for ptolemy.actor.lib.string.StringSplit} {
Failed to find source for ptolemy.actor.lib.string.StringSplit} {
Failed to find ptdoc for ptolemy.actor.lib.string.StringSubstring.  Try doing (cd /home/travis/build/icyphy/ptII/doc/test/../../doc; rm codeDoc/ptolemy/actor/lib/Ramp.xml codeDoc/ptolemy/actor/lib/RampIdx.xml; make docs)} {
Failed to find javadoc for ptolemy.actor.lib.string.StringSubstring} {
Failed to find source for ptolemy.actor.lib.string.StringSubstring} {
Failed to find ptdoc for ptolemy.actor.lib.DiscreteClock.  Try doing (cd /home/travis/build/icyphy/ptII/doc/test/../../doc; rm codeDoc/ptolemy/actor/lib/Ramp.xml codeDoc/ptolemy/actor/lib/RampIdx.xml; make docs)} {
Failed to find javadoc for ptolemy.actor.lib.DiscreteClock} {
Failed to find source for ptolemy.actor.lib.DiscreteClock} {
Failed to find ptdoc for ptolemy.domains.continuous.lib.ZeroOrderHold.  Try doing (cd /home/travis/build/icyphy/ptII/doc/test/../../doc; rm codeDoc/ptolemy/actor/lib/Ramp.xml codeDoc/ptolemy/actor/lib/RampIdx.xml; make docs)} {
Failed to find javadoc for ptolemy.domains.continuous.lib.ZeroOrderHold} {
Failed to find source for ptolemy.domains.continuous.lib.ZeroOrderHold} {
Failed to find ptdoc for ptolemy.actor.lib.DiscreteClock.  Try doing (cd /home/travis/build/icyphy/ptII/doc/test/../../doc; rm codeDoc/ptolemy/actor/lib/Ramp.xml codeDoc/ptolemy/actor/lib/RampIdx.xml; make docs)} {
Failed to find javadoc for ptolemy.actor.lib.DiscreteClock} {
Failed to find source for ptolemy.actor.lib.DiscreteClock} {
Failed to find ptdoc for ptolemy.actor.lib.SingleEvent.  Try doing (cd /home/travis/build/icyphy/ptII/doc/test/../../doc; rm codeDoc/ptolemy/actor/lib/Ramp.xml codeDoc/ptolemy/actor/lib/RampIdx.xml; make docs)} {
Failed to find javadoc for ptolemy.actor.lib.SingleEvent} {
Failed to find source for ptolemy.actor.lib.SingleEvent} {
Failed to find ptdoc for ptolemy.domains.continuous.lib.Waveform.  Try doing (cd /home/travis/build/icyphy/ptII/doc/test/../../doc; rm codeDoc/ptolemy/actor/lib/Ramp.xml codeDoc/ptolemy/actor/lib/RampIdx.xml; make docs)} {
Failed to find javadoc for ptolemy.domains.continuous.lib.Waveform} {
Failed to find source for ptolemy.domains.continuous.lib.Waveform} {
Failed to find ptdoc for ptolemy.domains.continuous.lib.LevelCrossingDetector.  Try doing (cd /home/travis/build/icyphy/ptII/doc/test/../../doc; rm codeDoc/ptolemy/actor/lib/Ramp.xml codeDoc/ptolemy/actor/lib/RampIdx.xml; make docs)} {
Failed to find javadoc for ptolemy.domains.continuous.lib.LevelCrossingDetector} {
Failed to find source for ptolemy.domains.continuous.lib.LevelCrossingDetector} {
Failed to find ptdoc for ptolemy.domains.continuous.lib.PeriodicSampler.  Try doing (cd /home/travis/build/icyphy/ptII/doc/test/../../doc; rm codeDoc/ptolemy/actor/lib/Ramp.xml codeDoc/ptolemy/actor/lib/RampIdx.xml; make docs)} {
Failed to find javadoc for ptolemy.domains.continuous.lib.PeriodicSampler} {
Failed to find source for ptolemy.domains.continuous.lib.PeriodicSampler} {
Failed to find ptdoc for ptolemy.actor.lib.Sampler.  Try doing (cd /home/travis/build/icyphy/ptII/doc/test/../../doc; rm codeDoc/ptolemy/actor/lib/Ramp.xml codeDoc/ptolemy/actor/lib/RampIdx.xml; make docs)} {
Failed to find javadoc for ptolemy.actor.lib.Sampler} {
Failed to find source for ptolemy.actor.lib.Sampler} {
Failed to find ptdoc for ptolemy.domains.continuous.lib.ZeroOrderHold.  Try doing (cd /home/travis/build/icyphy/ptII/doc/test/../../doc; rm codeDoc/ptolemy/actor/lib/Ramp.xml codeDoc/ptolemy/actor/lib/RampIdx.xml; make docs)} {
Failed to find javadoc for ptolemy.domains.continuous.lib.ZeroOrderHold} {
Failed to find source for ptolemy.domains.continuous.lib.ZeroOrderHold} {
Failed to find ptdoc for ptolemy.actor.lib.Scale.  Try doing (cd /home/travis/build/icyphy/ptII/doc/test/../../doc; rm codeDoc/ptolemy/actor/lib/Ramp.xml codeDoc/ptolemy/actor/lib/RampIdx.xml; make docs)} {
Failed to find javadoc for ptolemy.actor.lib.Scale} {
Failed to find source for ptolemy.actor.lib.Scale} {
Failed to find ptdoc for ptolemy.actor.lib.AddSubtract.  Try doing (cd /home/travis/build/icyphy/ptII/doc/test/../../doc; rm codeDoc/ptolemy/actor/lib/Ramp.xml codeDoc/ptolemy/actor/lib/RampIdx.xml; make docs)} {
Failed to find javadoc for ptolemy.actor.lib.AddSubtract} {
Failed to find source for ptolemy.actor.lib.AddSubtract} {
Failed to find ptdoc for ptolemy.actor.lib.Scale.  Try doing (cd /home/travis/build/icyphy/ptII/doc/test/../../doc; rm codeDoc/ptolemy/actor/lib/Ramp.xml codeDoc/ptolemy/actor/lib/RampIdx.xml; make docs)} {
Failed to find javadoc for ptolemy.actor.lib.Scale} {
Failed to find source for ptolemy.actor.lib.Scale} {
Failed to find ptdoc for ptolemy.actor.lib.AddSubtract.  Try doing (cd /home/travis/build/icyphy/ptII/doc/test/../../doc; rm codeDoc/ptolemy/actor/lib/Ramp.xml codeDoc/ptolemy/actor/lib/RampIdx.xml; make docs)} {
Failed to find javadoc for ptolemy.actor.lib.AddSubtract} {
Failed to find source for ptolemy.actor.lib.AddSubtract} {
Failed to find ptdoc for ptolemy.domains.continuous.lib.Integrator.  Try doing (cd /home/travis/build/icyphy/ptII/doc/test/../../doc; rm codeDoc/ptolemy/actor/lib/Ramp.xml codeDoc/ptolemy/actor/lib/RampIdx.xml; make docs)} {
Failed to find javadoc for ptolemy.domains.continuous.lib.Integrator} {
Failed to find source for ptolemy.domains.continuous.lib.Integrator} {
Failed to find ptdoc for ptolemy.actor.lib.Scale.  Try doing (cd /home/travis/build/icyphy/ptII/doc/test/../../doc; rm codeDoc/ptolemy/actor/lib/Ramp.xml codeDoc/ptolemy/actor/lib/RampIdx.xml; make docs)} {
Failed to find javadoc for ptolemy.actor.lib.Scale} {
Failed to find source for ptolemy.actor.lib.Scale} {
Failed to find ptdoc for ptolemy.actor.lib.Scale.  Try doing (cd /home/travis/build/icyphy/ptII/doc/test/../../doc; rm codeDoc/ptolemy/actor/lib/Ramp.xml codeDoc/ptolemy/actor/lib/RampIdx.xml; make docs)} {
Failed to find javadoc for ptolemy.actor.lib.Scale} {
Failed to find source for ptolemy.actor.lib.Scale} {
Failed to find ptdoc for ptolemy.actor.lib.Scale.  Try doing (cd /home/travis/build/icyphy/ptII/doc/test/../../doc; rm codeDoc/ptolemy/actor/lib/Ramp.xml codeDoc/ptolemy/actor/lib/RampIdx.xml; make docs)} {
Failed to find javadoc for ptolemy.actor.lib.Scale} {
Failed to find source for ptolemy.actor.lib.Scale} {
Failed to find ptdoc for ptolemy.domains.continuous.lib.Integrator.  Try doing (cd /home/travis/build/icyphy/ptII/doc/test/../../doc; rm codeDoc/ptolemy/actor/lib/Ramp.xml codeDoc/ptolemy/actor/lib/RampIdx.xml; make docs)} {
Failed to find javadoc for ptolemy.domains.continuous.lib.Integrator} {
Failed to find source for ptolemy.domains.continuous.lib.Integrator} {
Failed to find ptdoc for ptolemy.actor.lib.Default.  Try doing (cd /home/travis/build/icyphy/ptII/doc/test/../../doc; rm codeDoc/ptolemy/actor/lib/Ramp.xml codeDoc/ptolemy/actor/lib/RampIdx.xml; make docs)} {
Failed to find javadoc for ptolemy.actor.lib.Default} {
Failed to find source for ptolemy.actor.lib.Default} {
Failed to find ptdoc for ptolemy.actor.lib.Const.  Try doing (cd /home/travis/build/icyphy/ptII/doc/test/../../doc; rm codeDoc/ptolemy/actor/lib/Ramp.xml codeDoc/ptolemy/actor/lib/RampIdx.xml; make docs)} {
Failed to find javadoc for ptolemy.actor.lib.Const} {
Failed to find source for ptolemy.actor.lib.Const} {
Failed to find ptdoc for ptolemy.domains.continuous.lib.Derivative.  Try doing (cd /home/travis/build/icyphy/ptII/doc/test/../../doc; rm codeDoc/ptolemy/actor/lib/Ramp.xml codeDoc/ptolemy/actor/lib/RampIdx.xml; make docs)} {
Failed to find javadoc for ptolemy.domains.continuous.lib.Derivative} {
Failed to find source for ptolemy.domains.continuous.lib.Derivative} {
Failed to find ptdoc for ptolemy.domains.continuous.lib.Integrator.  Try doing (cd /home/travis/build/icyphy/ptII/doc/test/../../doc; rm codeDoc/ptolemy/actor/lib/Ramp.xml codeDoc/ptolemy/actor/lib/RampIdx.xml; make docs)} {
Failed to find javadoc for ptolemy.domains.continuous.lib.Integrator} {
Failed to find source for ptolemy.domains.continuous.lib.Integrator} {
Failed to find ptdoc for ptolemy.domains.continuous.lib.BandlimitedNoise.  Try doing (cd /home/travis/build/icyphy/ptII/doc/test/../../doc; rm codeDoc/ptolemy/actor/lib/Ramp.xml codeDoc/ptolemy/actor/lib/RampIdx.xml; make docs)} {
Failed to find javadoc for ptolemy.domains.continuous.lib.BandlimitedNoise} {
Failed to find source for ptolemy.domains.continuous.lib.BandlimitedNoise} {
Failed to find ptdoc for ptolemy.domains.continuous.lib.Noise.  Try doing (cd /home/travis/build/icyphy/ptII/doc/test/../../doc; rm codeDoc/ptolemy/actor/lib/Ramp.xml codeDoc/ptolemy/actor/lib/RampIdx.xml; make docs)} {
Failed to find javadoc for ptolemy.domains.continuous.lib.Noise} {
Failed to find source for ptolemy.domains.continuous.lib.Noise} {
Failed to find ptdoc for ptolemy.actor.lib.MicrostepDelay.  Try doing (cd /home/travis/build/icyphy/ptII/doc/test/../../doc; rm codeDoc/ptolemy/actor/lib/Ramp.xml codeDoc/ptolemy/actor/lib/RampIdx.xml; make docs)} {
Failed to find javadoc for ptolemy.actor.lib.MicrostepDelay} {
Failed to find source for ptolemy.actor.lib.MicrostepDelay} {
Failed to find ptdoc for ptolemy.actor.lib.ResettableTimer.  Try doing (cd /home/travis/build/icyphy/ptII/doc/test/../../doc; rm codeDoc/ptolemy/actor/lib/Ramp.xml codeDoc/ptolemy/actor/lib/RampIdx.xml; make docs)} {
Failed to find javadoc for ptolemy.actor.lib.ResettableTimer} {
Failed to find source for ptolemy.actor.lib.ResettableTimer} {
Failed to find ptdoc for ptolemy.domains.continuous.lib.ContinuousMerge.  Try doing (cd /home/travis/build/icyphy/ptII/doc/test/../../doc; rm codeDoc/ptolemy/actor/lib/Ramp.xml codeDoc/ptolemy/actor/lib/RampIdx.xml; make docs)} {
Failed to find javadoc for ptolemy.domains.continuous.lib.ContinuousMerge} {
Failed to find source for ptolemy.domains.continuous.lib.ContinuousMerge} {
Failed to find ptdoc for ptolemy.domains.ddf.lib.DDFSingleTokenCommutator.  Try doing (cd /home/travis/build/icyphy/ptII/doc/test/../../doc; rm codeDoc/ptolemy/actor/lib/Ramp.xml codeDoc/ptolemy/actor/lib/RampIdx.xml; make docs)} {
Failed to find javadoc for ptolemy.domains.ddf.lib.DDFSingleTokenCommutator} {
Failed to find source for ptolemy.domains.ddf.lib.DDFSingleTokenCommutator} {
Failed to find ptdoc for ptolemy.actor.lib.CurrentDate.  Try doing (cd /home/travis/build/icyphy/ptII/doc/test/../../doc; rm codeDoc/ptolemy/actor/lib/Ramp.xml codeDoc/ptolemy/actor/lib/RampIdx.xml; make docs)} {
Failed to find javadoc for ptolemy.actor.lib.CurrentDate} {
Failed to find source for ptolemy.actor.lib.CurrentDate} {
Failed to find ptdoc for ptolemy.actor.lib.DateElements.  Try doing (cd /home/travis/build/icyphy/ptII/doc/test/../../doc; rm codeDoc/ptolemy/actor/lib/Ramp.xml codeDoc/ptolemy/actor/lib/RampIdx.xml; make docs)} {
Failed to find javadoc for ptolemy.actor.lib.DateElements} {
Failed to find source for ptolemy.actor.lib.DateElements} {
Failed to find ptdoc for ptolemy.actor.lib.DateConstructor.  Try doing (cd /home/travis/build/icyphy/ptII/doc/test/../../doc; rm codeDoc/ptolemy/actor/lib/Ramp.xml codeDoc/ptolemy/actor/lib/RampIdx.xml; make docs)} {
Failed to find javadoc for ptolemy.actor.lib.DateConstructor} {
Failed to find source for ptolemy.actor.lib.DateConstructor} {
Failed to find ptdoc for ptolemy.actor.lib.ModifyDate.  Try doing (cd /home/travis/build/icyphy/ptII/doc/test/../../doc; rm codeDoc/ptolemy/actor/lib/Ramp.xml codeDoc/ptolemy/actor/lib/RampIdx.xml; make docs)} {
Failed to find javadoc for ptolemy.actor.lib.ModifyDate} {
Failed to find source for ptolemy.actor.lib.ModifyDate} {
Failed to find ptdoc for ptolemy.actor.lib.conversions.StringToDate.  Try doing (cd /home/travis/build/icyphy/ptII/doc/test/../../doc; rm codeDoc/ptolemy/actor/lib/Ramp.xml codeDoc/ptolemy/actor/lib/RampIdx.xml; make docs)} {
Failed to find javadoc for ptolemy.actor.lib.conversions.StringToDate} {
Failed to find source for ptolemy.actor.lib.conversions.StringToDate} {
Failed to find ptdoc for ptolemy.actor.lib.gui.EventButton.  Try doing (cd /home/travis/build/icyphy/ptII/doc/test/../../doc; rm codeDoc/ptolemy/actor/lib/Ramp.xml codeDoc/ptolemy/actor/lib/RampIdx.xml; make docs)} {
Failed to find javadoc for ptolemy.actor.lib.gui.EventButton} {
Failed to find source for ptolemy.actor.lib.gui.EventButton} {
Failed to find ptdoc for ptolemy.actor.lib.MicrostepDelay.  Try doing (cd /home/travis/build/icyphy/ptII/doc/test/../../doc; rm codeDoc/ptolemy/actor/lib/Ramp.xml codeDoc/ptolemy/actor/lib/RampIdx.xml; make docs)} {
Failed to find javadoc for ptolemy.actor.lib.MicrostepDelay} {
Failed to find source for ptolemy.actor.lib.MicrostepDelay} {
Failed to find ptdoc for ptolemy.actor.lib.ResettableTimer.  Try doing (cd /home/travis/build/icyphy/ptII/doc/test/../../doc; rm codeDoc/ptolemy/actor/lib/Ramp.xml codeDoc/ptolemy/actor/lib/RampIdx.xml; make docs)} {
Failed to find javadoc for ptolemy.actor.lib.ResettableTimer} {
Failed to find source for ptolemy.actor.lib.ResettableTimer} {
Failed to find ptdoc for ptolemy.actor.lib.SingleEvent.  Try doing (cd /home/travis/build/icyphy/ptII/doc/test/../../doc; rm codeDoc/ptolemy/actor/lib/Ramp.xml codeDoc/ptolemy/actor/lib/RampIdx.xml; make docs)} {
Failed to find javadoc for ptolemy.actor.lib.SingleEvent} {
Failed to find source for ptolemy.actor.lib.SingleEvent} {
Failed to find ptdoc for ptolemy.actor.lib.TimeDelay.  Try doing (cd /home/travis/build/icyphy/ptII/doc/test/../../doc; rm codeDoc/ptolemy/actor/lib/Ramp.xml codeDoc/ptolemy/actor/lib/RampIdx.xml; make docs)} {
Failed to find javadoc for ptolemy.actor.lib.TimeDelay} {
Failed to find source for ptolemy.actor.lib.TimeDelay} {
Failed to find ptdoc for ptolemy.actor.lib.OrderedMerge.  Try doing (cd /home/travis/build/icyphy/ptII/doc/test/../../doc; rm codeDoc/ptolemy/actor/lib/Ramp.xml codeDoc/ptolemy/actor/lib/RampIdx.xml; make docs)} {
Failed to find javadoc for ptolemy.actor.lib.OrderedMerge} {
Failed to find source for ptolemy.actor.lib.OrderedMerge} {
Failed to find ptdoc for ptolemy.actor.lib.Sequencer.  Try doing (cd /home/travis/build/icyphy/ptII/doc/test/../../doc; rm codeDoc/ptolemy/actor/lib/Ramp.xml codeDoc/ptolemy/actor/lib/RampIdx.xml; make docs)} {
Failed to find javadoc for ptolemy.actor.lib.Sequencer} {
Failed to find source for ptolemy.actor.lib.Sequencer} {
Failed to find ptdoc for ptolemy.actor.lib.Stop.  Try doing (cd /home/travis/build/icyphy/ptII/doc/test/../../doc; rm codeDoc/ptolemy/actor/lib/Ramp.xml codeDoc/ptolemy/actor/lib/RampIdx.xml; make docs)} {
Failed to find javadoc for ptolemy.actor.lib.Stop} {
Failed to find source for ptolemy.actor.lib.Stop} {
Failed to find ptdoc for ptolemy.actor.lib.Synchronizer.  Try doing (cd /home/travis/build/icyphy/ptII/doc/test/../../doc; rm codeDoc/ptolemy/actor/lib/Ramp.xml codeDoc/ptolemy/actor/lib/RampIdx.xml; make docs)} {
Failed to find javadoc for ptolemy.actor.lib.Synchronizer} {
Failed to find source for ptolemy.actor.lib.Synchronizer} {
Failed to find ptdoc for ptolemy.domains.rendezvous.lib.Barrier.  Try doing (cd /home/travis/build/icyphy/ptII/doc/test/../../doc; rm codeDoc/ptolemy/actor/lib/Ramp.xml codeDoc/ptolemy/actor/lib/RampIdx.xml; make docs)} {
Failed to find javadoc for ptolemy.domains.rendezvous.lib.Barrier} {
Failed to find source for ptolemy.domains.rendezvous.lib.Barrier} {
Failed to find ptdoc for ptolemy.domains.rendezvous.lib.Buffer.  Try doing (cd /home/travis/build/icyphy/ptII/doc/test/../../doc; rm codeDoc/ptolemy/actor/lib/Ramp.xml codeDoc/ptolemy/actor/lib/RampIdx.xml; make docs)} {
Failed to find javadoc for ptolemy.domains.rendezvous.lib.Buffer} {
Failed to find source for ptolemy.domains.rendezvous.lib.Buffer} {
Failed to find ptdoc for ptolemy.domains.rendezvous.lib.Merge.  Try doing (cd /home/travis/build/icyphy/ptII/doc/test/../../doc; rm codeDoc/ptolemy/actor/lib/Ramp.xml codeDoc/ptolemy/actor/lib/RampIdx.xml; make docs)} {
Failed to find javadoc for ptolemy.domains.rendezvous.lib.Merge} {
Failed to find source for ptolemy.domains.rendezvous.lib.Merge} {
Failed to find ptdoc for ptolemy.domains.rendezvous.lib.ResourcePool.  Try doing (cd /home/travis/build/icyphy/ptII/doc/test/../../doc; rm codeDoc/ptolemy/actor/lib/Ramp.xml codeDoc/ptolemy/actor/lib/RampIdx.xml; make docs)} {
Failed to find javadoc for ptolemy.domains.rendezvous.lib.ResourcePool} {
Failed to find source for ptolemy.domains.rendezvous.lib.ResourcePool} {
Failed to find ptdoc for ptolemy.domains.sr.lib.Absent.  Try doing (cd /home/travis/build/icyphy/ptII/doc/test/../../doc; rm codeDoc/ptolemy/actor/lib/Ramp.xml codeDoc/ptolemy/actor/lib/RampIdx.xml; make docs)} {
Failed to find javadoc for ptolemy.domains.sr.lib.Absent} {
Failed to find source for ptolemy.domains.sr.lib.Absent} {
Failed to find ptdoc for ptolemy.domains.sr.lib.Current.  Try doing (cd /home/travis/build/icyphy/ptII/doc/test/../../doc; rm codeDoc/ptolemy/actor/lib/Ramp.xml codeDoc/ptolemy/actor/lib/RampIdx.xml; make docs)} {
Failed to find javadoc for ptolemy.domains.sr.lib.Current} {
Failed to find source for ptolemy.domains.sr.lib.Current} {
Failed to find ptdoc for ptolemy.actor.lib.Default.  Try doing (cd /home/travis/build/icyphy/ptII/doc/test/../../doc; rm codeDoc/ptolemy/actor/lib/Ramp.xml codeDoc/ptolemy/actor/lib/RampIdx.xml; make docs)} {
Failed to find javadoc for ptolemy.actor.lib.Default} {
Failed to find source for ptolemy.actor.lib.Default} {
Failed to find ptdoc for ptolemy.domains.sr.lib.InstantaneousDialogGenerator.  Try doing (cd /home/travis/build/icyphy/ptII/doc/test/../../doc; rm codeDoc/ptolemy/actor/lib/Ramp.xml codeDoc/ptolemy/actor/lib/RampIdx.xml; make docs)} {
Failed to find javadoc for ptolemy.domains.sr.lib.InstantaneousDialogGenerator} {
Failed to find source for ptolemy.domains.sr.lib.InstantaneousDialogGenerator} {
Failed to find ptdoc for ptolemy.actor.lib.logic.IsPresent.  Try doing (cd /home/travis/build/icyphy/ptII/doc/test/../../doc; rm codeDoc/ptolemy/actor/lib/Ramp.xml codeDoc/ptolemy/actor/lib/RampIdx.xml; make docs)} {
Failed to find javadoc for ptolemy.actor.lib.logic.IsPresent} {
Failed to find source for ptolemy.actor.lib.logic.IsPresent} {
Failed to find ptdoc for ptolemy.domains.sr.lib.NonStrictDelay.  Try doing (cd /home/travis/build/icyphy/ptII/doc/test/../../doc; rm codeDoc/ptolemy/actor/lib/Ramp.xml codeDoc/ptolemy/actor/lib/RampIdx.xml; make docs)} {
Failed to find javadoc for ptolemy.domains.sr.lib.NonStrictDelay} {
Failed to find source for ptolemy.domains.sr.lib.NonStrictDelay} {
Failed to find ptdoc for ptolemy.domains.sr.lib.gui.NonStrictDisplay.  Try doing (cd /home/travis/build/icyphy/ptII/doc/test/../../doc; rm codeDoc/ptolemy/actor/lib/Ramp.xml codeDoc/ptolemy/actor/lib/RampIdx.xml; make docs)} {
Failed to find javadoc for ptolemy.domains.sr.lib.gui.NonStrictDisplay} {
Failed to find source for ptolemy.domains.sr.lib.gui.NonStrictDisplay} {
Failed to find ptdoc for ptolemy.domains.sr.lib.BinaryNonStrictLogicGate.  Try doing (cd /home/travis/build/icyphy/ptII/doc/test/../../doc; rm codeDoc/ptolemy/actor/lib/Ramp.xml codeDoc/ptolemy/actor/lib/RampIdx.xml; make docs)} {
Failed to find javadoc for ptolemy.domains.sr.lib.BinaryNonStrictLogicGate} {
Failed to find source for ptolemy.domains.sr.lib.BinaryNonStrictLogicGate} {
Failed to find ptdoc for ptolemy.domains.sr.lib.NonStrictLogicGate.  Try doing (cd /home/travis/build/icyphy/ptII/doc/test/../../doc; rm codeDoc/ptolemy/actor/lib/Ramp.xml codeDoc/ptolemy/actor/lib/RampIdx.xml; make docs)} {
Failed to find javadoc for ptolemy.domains.sr.lib.NonStrictLogicGate} {
Failed to find source for ptolemy.domains.sr.lib.NonStrictLogicGate} {
Failed to find ptdoc for ptolemy.domains.sr.lib.NonStrictAndGate.  Try doing (cd /home/travis/build/icyphy/ptII/doc/test/../../doc; rm codeDoc/ptolemy/actor/lib/Ramp.xml codeDoc/ptolemy/actor/lib/RampIdx.xml; make docs)} {
Failed to find javadoc for ptolemy.domains.sr.lib.NonStrictAndGate} {
Failed to find source for ptolemy.domains.sr.lib.NonStrictAndGate} {
Failed to find ptdoc for ptolemy.domains.sr.lib.NonStrictOrGate.  Try doing (cd /home/travis/build/icyphy/ptII/doc/test/../../doc; rm codeDoc/ptolemy/actor/lib/Ramp.xml codeDoc/ptolemy/actor/lib/RampIdx.xml; make docs)} {
Failed to find javadoc for ptolemy.domains.sr.lib.NonStrictOrGate} {
Failed to find source for ptolemy.domains.sr.lib.NonStrictOrGate} {
Failed to find ptdoc for ptolemy.domains.sr.lib.NonStrictXorGate.  Try doing (cd /home/travis/build/icyphy/ptII/doc/test/../../doc; rm codeDoc/ptolemy/actor/lib/Ramp.xml codeDoc/ptolemy/actor/lib/RampIdx.xml; make docs)} {
Failed to find javadoc for ptolemy.domains.sr.lib.NonStrictXorGate} {
Failed to find source for ptolemy.domains.sr.lib.NonStrictXorGate} {
Failed to find ptdoc for ptolemy.domains.sr.lib.NonStrictThreeBitAdder.  Try doing (cd /home/travis/build/icyphy/ptII/doc/test/../../doc; rm codeDoc/ptolemy/actor/lib/Ramp.xml codeDoc/ptolemy/actor/lib/RampIdx.xml; make docs)} {
Failed to find javadoc for ptolemy.domains.sr.lib.NonStrictThreeBitAdder} {
Failed to find source for ptolemy.domains.sr.lib.NonStrictThreeBitAdder} {
Failed to find ptdoc for ptolemy.domains.sr.lib.Pre.  Try doing (cd /home/travis/build/icyphy/ptII/doc/test/../../doc; rm codeDoc/ptolemy/actor/lib/Ramp.xml codeDoc/ptolemy/actor/lib/RampIdx.xml; make docs)} {
Failed to find javadoc for ptolemy.domains.sr.lib.Pre} {
Failed to find source for ptolemy.domains.sr.lib.Pre} {
Failed to find ptdoc for ptolemy.domains.sr.lib.SingleTokenDistributor.  Try doing (cd /home/travis/build/icyphy/ptII/doc/test/../../doc; rm codeDoc/ptolemy/actor/lib/Ramp.xml codeDoc/ptolemy/actor/lib/RampIdx.xml; make docs)} {
Failed to find javadoc for ptolemy.domains.sr.lib.SingleTokenDistributor} {
Failed to find source for ptolemy.domains.sr.lib.SingleTokenDistributor} {
Failed to find ptdoc for ptolemy.domains.sr.lib.When.  Try doing (cd /home/travis/build/icyphy/ptII/doc/test/../../doc; rm codeDoc/ptolemy/actor/lib/Ramp.xml codeDoc/ptolemy/actor/lib/RampIdx.xml; make docs)} {
Failed to find javadoc for ptolemy.domains.sr.lib.When} {
Failed to find source for ptolemy.domains.sr.lib.When} {
Failed to find ptdoc for ptolemy.actor.lib.logic.TrueGate.  Try doing (cd /home/travis/build/icyphy/ptII/doc/test/../../doc; rm codeDoc/ptolemy/actor/lib/Ramp.xml codeDoc/ptolemy/actor/lib/RampIdx.xml; make docs)} {
Failed to find javadoc for ptolemy.actor.lib.logic.TrueGate} {
Failed to find source for ptolemy.actor.lib.logic.TrueGate} {
Failed to find ptdoc for ptolemy.actor.lib.CurrentTime.  Try doing (cd /home/travis/build/icyphy/ptII/doc/test/../../doc; rm codeDoc/ptolemy/actor/lib/Ramp.xml codeDoc/ptolemy/actor/lib/RampIdx.xml; make docs)} {
Failed to find javadoc for ptolemy.actor.lib.CurrentTime} {
Failed to find source for ptolemy.actor.lib.CurrentTime} {
Failed to find ptdoc for ptolemy.actor.lib.Scale.  Try doing (cd /home/travis/build/icyphy/ptII/doc/test/../../doc; rm codeDoc/ptolemy/actor/lib/Ramp.xml codeDoc/ptolemy/actor/lib/RampIdx.xml; make docs)} {
Failed to find javadoc for ptolemy.actor.lib.Scale} {
Failed to find source for ptolemy.actor.lib.Scale} {
Failed to find ptdoc for ptolemy.actor.lib.TrigFunction.  Try doing (cd /home/travis/build/icyphy/ptII/doc/test/../../doc; rm codeDoc/ptolemy/actor/lib/Ramp.xml codeDoc/ptolemy/actor/lib/RampIdx.xml; make docs)} {
Failed to find javadoc for ptolemy.actor.lib.TrigFunction} {
Failed to find source for ptolemy.actor.lib.TrigFunction} {
Failed to find ptdoc for ptolemy.actor.lib.Const.  Try doing (cd /home/travis/build/icyphy/ptII/doc/test/../../doc; rm codeDoc/ptolemy/actor/lib/Ramp.xml codeDoc/ptolemy/actor/lib/RampIdx.xml; make docs)} {
Failed to find javadoc for ptolemy.actor.lib.Const} {
Failed to find source for ptolemy.actor.lib.Const} {
Failed to find ptdoc for ptolemy.actor.lib.AddSubtract.  Try doing (cd /home/travis/build/icyphy/ptII/doc/test/../../doc; rm codeDoc/ptolemy/actor/lib/Ramp.xml codeDoc/ptolemy/actor/lib/RampIdx.xml; make docs)} {
Failed to find javadoc for ptolemy.actor.lib.AddSubtract} {
Failed to find source for ptolemy.actor.lib.AddSubtract} {
Failed to find ptdoc for ptolemy.actor.lib.Scale.  Try doing (cd /home/travis/build/icyphy/ptII/doc/test/../../doc; rm codeDoc/ptolemy/actor/lib/Ramp.xml codeDoc/ptolemy/actor/lib/RampIdx.xml; make docs)} {
Failed to find javadoc for ptolemy.actor.lib.Scale} {
Failed to find source for ptolemy.actor.lib.Scale} {
Failed to find ptdoc for ptolemy.actor.lib.Ramp.  Try doing (cd /home/travis/build/icyphy/ptII/doc/test/../../doc; rm codeDoc/ptolemy/actor/lib/Ramp.xml codeDoc/ptolemy/actor/lib/RampIdx.xml; make docs)} {
Failed to find javadoc for ptolemy.actor.lib.Ramp} {
Failed to find source for ptolemy.actor.lib.Ramp} {
Failed to find ptdoc for ptolemy.actor.lib.TrigFunction.  Try doing (cd /home/travis/build/icyphy/ptII/doc/test/../../doc; rm codeDoc/ptolemy/actor/lib/Ramp.xml codeDoc/ptolemy/actor/lib/RampIdx.xml; make docs)} {
Failed to find javadoc for ptolemy.actor.lib.TrigFunction} {
Failed to find source for ptolemy.actor.lib.TrigFunction} {
Failed to find ptdoc for ptolemy.actor.lib.Const.  Try doing (cd /home/travis/build/icyphy/ptII/doc/test/../../doc; rm codeDoc/ptolemy/actor/lib/Ramp.xml codeDoc/ptolemy/actor/lib/RampIdx.xml; make docs)} {
Failed to find javadoc for ptolemy.actor.lib.Const} {
Failed to find source for ptolemy.actor.lib.Const} {
Failed to find ptdoc for ptolemy.actor.lib.AddSubtract.  Try doing (cd /home/travis/build/icyphy/ptII/doc/test/../../doc; rm codeDoc/ptolemy/actor/lib/Ramp.xml codeDoc/ptolemy/actor/lib/RampIdx.xml; make docs)} {
Failed to find javadoc for ptolemy.actor.lib.AddSubtract} {
Failed to find source for ptolemy.actor.lib.AddSubtract} {
Failed to find ptdoc for ptolemy.actor.lib.Pulse.  Try doing (cd /home/travis/build/icyphy/ptII/doc/test/../../doc; rm codeDoc/ptolemy/actor/lib/Ramp.xml codeDoc/ptolemy/actor/lib/RampIdx.xml; make docs)} {
Failed to find javadoc for ptolemy.actor.lib.Pulse} {
Failed to find source for ptolemy.actor.lib.Pulse} {
Failed to find ptdoc for ptolemy.actor.lib.MultiplyDivide.  Try doing (cd /home/travis/build/icyphy/ptII/doc/test/../../doc; rm codeDoc/ptolemy/actor/lib/Ramp.xml codeDoc/ptolemy/actor/lib/RampIdx.xml; make docs)} {
Failed to find javadoc for ptolemy.actor.lib.MultiplyDivide} {
Failed to find source for ptolemy.actor.lib.MultiplyDivide} {
Failed to find ptdoc for ptolemy.domains.sdf.lib.Autocorrelation.  Try doing (cd /home/travis/build/icyphy/ptII/doc/test/../../doc; rm codeDoc/ptolemy/actor/lib/Ramp.xml codeDoc/ptolemy/actor/lib/RampIdx.xml; make docs)} {
Failed to find javadoc for ptolemy.domains.sdf.lib.Autocorrelation} {
Failed to find source for ptolemy.domains.sdf.lib.Autocorrelation} {
Failed to find ptdoc for ptolemy.actor.lib.LevinsonDurbin.  Try doing (cd /home/travis/build/icyphy/ptII/doc/test/../../doc; rm codeDoc/ptolemy/actor/lib/Ramp.xml codeDoc/ptolemy/actor/lib/RampIdx.xml; make docs)} {
Failed to find javadoc for ptolemy.actor.lib.LevinsonDurbin} {
Failed to find source for ptolemy.actor.lib.LevinsonDurbin} {
Failed to find ptdoc for ptolemy.actor.lib.ArrayAppend.  Try doing (cd /home/travis/build/icyphy/ptII/doc/test/../../doc; rm codeDoc/ptolemy/actor/lib/Ramp.xml codeDoc/ptolemy/actor/lib/RampIdx.xml; make docs)} {
Failed to find javadoc for ptolemy.actor.lib.ArrayAppend} {
Failed to find source for ptolemy.actor.lib.ArrayAppend} {
Failed to find ptdoc for ptolemy.domains.sdf.lib.ArrayToSequence.  Try doing (cd /home/travis/build/icyphy/ptII/doc/test/../../doc; rm codeDoc/ptolemy/actor/lib/Ramp.xml codeDoc/ptolemy/actor/lib/RampIdx.xml; make docs)} {
Failed to find javadoc for ptolemy.domains.sdf.lib.ArrayToSequence} {
Failed to find source for ptolemy.domains.sdf.lib.ArrayToSequence} {
Failed to find ptdoc for ptolemy.domains.sdf.lib.FFT.  Try doing (cd /home/travis/build/icyphy/ptII/doc/test/../../doc; rm codeDoc/ptolemy/actor/lib/Ramp.xml codeDoc/ptolemy/actor/lib/RampIdx.xml; make docs)} {
Failed to find javadoc for ptolemy.domains.sdf.lib.FFT} {
Failed to find source for ptolemy.domains.sdf.lib.FFT} {
Failed to find ptdoc for ptolemy.actor.lib.AbsoluteValue.  Try doing (cd /home/travis/build/icyphy/ptII/doc/test/../../doc; rm codeDoc/ptolemy/actor/lib/Ramp.xml codeDoc/ptolemy/actor/lib/RampIdx.xml; make docs)} {
Failed to find javadoc for ptolemy.actor.lib.AbsoluteValue} {
Failed to find source for ptolemy.actor.lib.AbsoluteValue} {
Failed to find ptdoc for ptolemy.actor.lib.MultiplyDivide.  Try doing (cd /home/travis/build/icyphy/ptII/doc/test/../../doc; rm codeDoc/ptolemy/actor/lib/Ramp.xml codeDoc/ptolemy/actor/lib/RampIdx.xml; make docs)} {
Failed to find javadoc for ptolemy.actor.lib.MultiplyDivide} {
Failed to find source for ptolemy.actor.lib.MultiplyDivide} {
Failed to find ptdoc for ptolemy.actor.lib.DB.  Try doing (cd /home/travis/build/icyphy/ptII/doc/test/../../doc; rm codeDoc/ptolemy/actor/lib/Ramp.xml codeDoc/ptolemy/actor/lib/RampIdx.xml; make docs)} {
Failed to find javadoc for ptolemy.actor.lib.DB} {
Failed to find source for ptolemy.actor.lib.DB} {
Failed to find ptdoc for ptolemy.actor.lib.ArrayElement.  Try doing (cd /home/travis/build/icyphy/ptII/doc/test/../../doc; rm codeDoc/ptolemy/actor/lib/Ramp.xml codeDoc/ptolemy/actor/lib/RampIdx.xml; make docs)} {
Failed to find javadoc for ptolemy.actor.lib.ArrayElement} {
Failed to find source for ptolemy.actor.lib.ArrayElement} {
Failed to find ptdoc for ptolemy.domains.sdf.lib.Repeat.  Try doing (cd /home/travis/build/icyphy/ptII/doc/test/../../doc; rm codeDoc/ptolemy/actor/lib/Ramp.xml codeDoc/ptolemy/actor/lib/RampIdx.xml; make docs)} {
Failed to find javadoc for ptolemy.domains.sdf.lib.Repeat} {
Failed to find source for ptolemy.domains.sdf.lib.Repeat} {
Failed to find ptdoc for ptolemy.domains.sdf.lib.Chop.  Try doing (cd /home/travis/build/icyphy/ptII/doc/test/../../doc; rm codeDoc/ptolemy/actor/lib/Ramp.xml codeDoc/ptolemy/actor/lib/RampIdx.xml; make docs)} {
Failed to find javadoc for ptolemy.domains.sdf.lib.Chop} {
Failed to find source for ptolemy.domains.sdf.lib.Chop} {
Failed to find ptdoc for ptolemy.actor.lib.MathFunction.  Try doing (cd /home/travis/build/icyphy/ptII/doc/test/../../doc; rm codeDoc/ptolemy/actor/lib/Ramp.xml codeDoc/ptolemy/actor/lib/RampIdx.xml; make docs)} {
Failed to find javadoc for ptolemy.actor.lib.MathFunction} {
Failed to find source for ptolemy.actor.lib.MathFunction} {
Failed to find ptdoc for ptolemy.actor.lib.Const.  Try doing (cd /home/travis/build/icyphy/ptII/doc/test/../../doc; rm codeDoc/ptolemy/actor/lib/Ramp.xml codeDoc/ptolemy/actor/lib/RampIdx.xml; make docs)} {
Failed to find javadoc for ptolemy.actor.lib.Const} {
Failed to find source for ptolemy.actor.lib.Const} {
Failed to find ptdoc for ptolemy.actor.lib.MultiplyDivide.  Try doing (cd /home/travis/build/icyphy/ptII/doc/test/../../doc; rm codeDoc/ptolemy/actor/lib/Ramp.xml codeDoc/ptolemy/actor/lib/RampIdx.xml; make docs)} {
Failed to find javadoc for ptolemy.actor.lib.MultiplyDivide} {
Failed to find source for ptolemy.actor.lib.MultiplyDivide} {
Failed to find ptdoc for ptolemy.domains.sdf.lib.FFT.  Try doing (cd /home/travis/build/icyphy/ptII/doc/test/../../doc; rm codeDoc/ptolemy/actor/lib/Ramp.xml codeDoc/ptolemy/actor/lib/RampIdx.xml; make docs)} {
Failed to find javadoc for ptolemy.domains.sdf.lib.FFT} {
Failed to find source for ptolemy.domains.sdf.lib.FFT} {
Failed to find ptdoc for ptolemy.actor.lib.DB.  Try doing (cd /home/travis/build/icyphy/ptII/doc/test/../../doc; rm codeDoc/ptolemy/actor/lib/Ramp.xml codeDoc/ptolemy/actor/lib/RampIdx.xml; make docs)} {
Failed to find javadoc for ptolemy.actor.lib.DB} {
Failed to find source for ptolemy.actor.lib.DB} {
Failed to find ptdoc for ptolemy.actor.lib.AbsoluteValue.  Try doing (cd /home/travis/build/icyphy/ptII/doc/test/../../doc; rm codeDoc/ptolemy/actor/lib/Ramp.xml codeDoc/ptolemy/actor/lib/RampIdx.xml; make docs)} {
Failed to find javadoc for ptolemy.actor.lib.AbsoluteValue} {
Failed to find source for ptolemy.actor.lib.AbsoluteValue} {
Failed to find ptdoc for ptolemy.domains.sdf.lib.Autocorrelation.  Try doing (cd /home/travis/build/icyphy/ptII/doc/test/../../doc; rm codeDoc/ptolemy/actor/lib/Ramp.xml codeDoc/ptolemy/actor/lib/RampIdx.xml; make docs)} {
Failed to find javadoc for ptolemy.domains.sdf.lib.Autocorrelation} {
Failed to find source for ptolemy.domains.sdf.lib.Autocorrelation} {
Failed to find ptdoc for ptolemy.domains.sdf.lib.Chop.  Try doing (cd /home/travis/build/icyphy/ptII/doc/test/../../doc; rm codeDoc/ptolemy/actor/lib/Ramp.xml codeDoc/ptolemy/actor/lib/RampIdx.xml; make docs)} {
Failed to find javadoc for ptolemy.domains.sdf.lib.Chop} {
Failed to find source for ptolemy.domains.sdf.lib.Chop} {
Failed to find ptdoc for ptolemy.domains.sdf.lib.ArrayToSequence.  Try doing (cd /home/travis/build/icyphy/ptII/doc/test/../../doc; rm codeDoc/ptolemy/actor/lib/Ramp.xml codeDoc/ptolemy/actor/lib/RampIdx.xml; make docs)} {
Failed to find javadoc for ptolemy.domains.sdf.lib.ArrayToSequence} {
Failed to find source for ptolemy.domains.sdf.lib.ArrayToSequence} {
Failed to find ptdoc for ptolemy.actor.lib.Sequence.  Try doing (cd /home/travis/build/icyphy/ptII/doc/test/../../doc; rm codeDoc/ptolemy/actor/lib/Ramp.xml codeDoc/ptolemy/actor/lib/RampIdx.xml; make docs)} {
Failed to find javadoc for ptolemy.actor.lib.Sequence} {
Failed to find source for ptolemy.actor.lib.Sequence} {
Failed to find ptdoc for ptolemy.actor.lib.MultiplyDivide.  Try doing (cd /home/travis/build/icyphy/ptII/doc/test/../../doc; rm codeDoc/ptolemy/actor/lib/Ramp.xml codeDoc/ptolemy/actor/lib/RampIdx.xml; make docs)} {
Failed to find javadoc for ptolemy.actor.lib.MultiplyDivide} {
Failed to find source for ptolemy.actor.lib.MultiplyDivide} {
Failed to find ptdoc for ptolemy.domains.sdf.lib.FFT.  Try doing (cd /home/travis/build/icyphy/ptII/doc/test/../../doc; rm codeDoc/ptolemy/actor/lib/Ramp.xml codeDoc/ptolemy/actor/lib/RampIdx.xml; make docs)} {
Failed to find javadoc for ptolemy.domains.sdf.lib.FFT} {
Failed to find source for ptolemy.domains.sdf.lib.FFT} {
Failed to find ptdoc for ptolemy.actor.lib.DB.  Try doing (cd /home/travis/build/icyphy/ptII/doc/test/../../doc; rm codeDoc/ptolemy/actor/lib/Ramp.xml codeDoc/ptolemy/actor/lib/RampIdx.xml; make docs)} {
Failed to find javadoc for ptolemy.actor.lib.DB} {
Failed to find source for ptolemy.actor.lib.DB} {
Failed to find ptdoc for ptolemy.actor.lib.AbsoluteValue.  Try doing (cd /home/travis/build/icyphy/ptII/doc/test/../../doc; rm codeDoc/ptolemy/actor/lib/Ramp.xml codeDoc/ptolemy/actor/lib/RampIdx.xml; make docs)} {
Failed to find javadoc for ptolemy.actor.lib.AbsoluteValue} {
Failed to find source for ptolemy.actor.lib.AbsoluteValue} {
Failed to find ptdoc for ptolemy.actor.lib.Scale.  Try doing (cd /home/travis/build/icyphy/ptII/doc/test/../../doc; rm codeDoc/ptolemy/actor/lib/Ramp.xml codeDoc/ptolemy/actor/lib/RampIdx.xml; make docs)} {
Failed to find javadoc for ptolemy.actor.lib.Scale} {
Failed to find source for ptolemy.actor.lib.Scale} {
Failed to find ptdoc for ptolemy.actor.lib.Sequence.  Try doing (cd /home/travis/build/icyphy/ptII/doc/test/../../doc; rm codeDoc/ptolemy/actor/lib/Ramp.xml codeDoc/ptolemy/actor/lib/RampIdx.xml; make docs)} {
Failed to find javadoc for ptolemy.actor.lib.Sequence} {
Failed to find source for ptolemy.actor.lib.Sequence} {
Failed to find ptdoc for ptolemy.actor.lib.CurrentTime.  Try doing (cd /home/travis/build/icyphy/ptII/doc/test/../../doc; rm codeDoc/ptolemy/actor/lib/Ramp.xml codeDoc/ptolemy/actor/lib/RampIdx.xml; make docs)} {
Failed to find javadoc for ptolemy.actor.lib.CurrentTime} {
Failed to find source for ptolemy.actor.lib.CurrentTime} {
Failed to find ptdoc for ptolemy.actor.lib.Scale.  Try doing (cd /home/travis/build/icyphy/ptII/doc/test/../../doc; rm codeDoc/ptolemy/actor/lib/Ramp.xml codeDoc/ptolemy/actor/lib/RampIdx.xml; make docs)} {
Failed to find javadoc for ptolemy.actor.lib.Scale} {
Failed to find source for ptolemy.actor.lib.Scale} {
Failed to find ptdoc for ptolemy.actor.lib.TrigFunction.  Try doing (cd /home/travis/build/icyphy/ptII/doc/test/../../doc; rm codeDoc/ptolemy/actor/lib/Ramp.xml codeDoc/ptolemy/actor/lib/RampIdx.xml; make docs)} {
Failed to find javadoc for ptolemy.actor.lib.TrigFunction} {
Failed to find source for ptolemy.actor.lib.TrigFunction} {
Failed to find ptdoc for ptolemy.actor.lib.Const.  Try doing (cd /home/travis/build/icyphy/ptII/doc/test/../../doc; rm codeDoc/ptolemy/actor/lib/Ramp.xml codeDoc/ptolemy/actor/lib/RampIdx.xml; make docs)} {
Failed to find javadoc for ptolemy.actor.lib.Const} {
Failed to find source for ptolemy.actor.lib.Const} {
Failed to find ptdoc for ptolemy.actor.lib.AddSubtract.  Try doing (cd /home/travis/build/icyphy/ptII/doc/test/../../doc; rm codeDoc/ptolemy/actor/lib/Ramp.xml codeDoc/ptolemy/actor/lib/RampIdx.xml; make docs)} {
Failed to find javadoc for ptolemy.actor.lib.AddSubtract} {
Failed to find source for ptolemy.actor.lib.AddSubtract} {
Failed to find ptdoc for ptolemy.actor.lib.Scale.  Try doing (cd /home/travis/build/icyphy/ptII/doc/test/../../doc; rm codeDoc/ptolemy/actor/lib/Ramp.xml codeDoc/ptolemy/actor/lib/RampIdx.xml; make docs)} {
Failed to find javadoc for ptolemy.actor.lib.Scale} {
Failed to find source for ptolemy.actor.lib.Scale} {
Failed to find ptdoc for ptolemy.domains.continuous.lib.ZeroOrderHold.  Try doing (cd /home/travis/build/icyphy/ptII/doc/test/../../doc; rm codeDoc/ptolemy/actor/lib/Ramp.xml codeDoc/ptolemy/actor/lib/RampIdx.xml; make docs)} {
Failed to find javadoc for ptolemy.domains.continuous.lib.ZeroOrderHold} {
Failed to find source for ptolemy.domains.continuous.lib.ZeroOrderHold} {
Failed to find ptdoc for ptolemy.actor.lib.gui.SequencePlotter.  Try doing (cd /home/travis/build/icyphy/ptII/doc/test/../../doc; rm codeDoc/ptolemy/actor/lib/Ramp.xml codeDoc/ptolemy/actor/lib/RampIdx.xml; make docs)} {
Failed to find javadoc for ptolemy.actor.lib.gui.SequencePlotter} {
Failed to find source for ptolemy.actor.lib.gui.SequencePlotter} {
Failed to find ptdoc for ptolemy.actor.lib.MultiplyDivide.  Try doing (cd /home/travis/build/icyphy/ptII/doc/test/../../doc; rm codeDoc/ptolemy/actor/lib/Ramp.xml codeDoc/ptolemy/actor/lib/RampIdx.xml; make docs)} {
Failed to find javadoc for ptolemy.actor.lib.MultiplyDivide} {
Failed to find source for ptolemy.actor.lib.MultiplyDivide} {
Failed to find ptdoc for ptolemy.actor.lib.Pulse.  Try doing (cd /home/travis/build/icyphy/ptII/doc/test/../../doc; rm codeDoc/ptolemy/actor/lib/Ramp.xml codeDoc/ptolemy/actor/lib/RampIdx.xml; make docs)} {
Failed to find javadoc for ptolemy.actor.lib.Pulse} {
Failed to find source for ptolemy.actor.lib.Pulse} {
Failed to find ptdoc for ptolemy.domains.sdf.lib.FFT.  Try doing (cd /home/travis/build/icyphy/ptII/doc/test/../../doc; rm codeDoc/ptolemy/actor/lib/Ramp.xml codeDoc/ptolemy/actor/lib/RampIdx.xml; make docs)} {
Failed to find javadoc for ptolemy.domains.sdf.lib.FFT} {
Failed to find source for ptolemy.domains.sdf.lib.FFT} {
Failed to find ptdoc for ptolemy.actor.lib.DB.  Try doing (cd /home/travis/build/icyphy/ptII/doc/test/../../doc; rm codeDoc/ptolemy/actor/lib/Ramp.xml codeDoc/ptolemy/actor/lib/RampIdx.xml; make docs)} {
Failed to find javadoc for ptolemy.actor.lib.DB} {
Failed to find source for ptolemy.actor.lib.DB} {
Failed to find ptdoc for ptolemy.actor.lib.AbsoluteValue.  Try doing (cd /home/travis/build/icyphy/ptII/doc/test/../../doc; rm codeDoc/ptolemy/actor/lib/Ramp.xml codeDoc/ptolemy/actor/lib/RampIdx.xml; make docs)} {
Failed to find javadoc for ptolemy.actor.lib.AbsoluteValue} {
Failed to find source for ptolemy.actor.lib.AbsoluteValue} {
Failed to find ptdoc for ptolemy.actor.lib.Scale.  Try doing (cd /home/travis/build/icyphy/ptII/doc/test/../../doc; rm codeDoc/ptolemy/actor/lib/Ramp.xml codeDoc/ptolemy/actor/lib/RampIdx.xml; make docs)} {
Failed to find javadoc for ptolemy.actor.lib.Scale} {
Failed to find source for ptolemy.actor.lib.Scale}}
---- Result should have been:
{}
---- ptinyKepler/configuration.xml-6.1 FAILED
 Force everything to get expanded ptolemy/configs/cyphysim/configuration.xml
    (Skipping certain optional packages)
    If you get a 'X connection to xxx:11.0 broken' message, then
    see $PTII/ptolemy/moml/filter/RemoveGraphicalClasses.java
    Or, under Solaris, run java -verbose -classpath 
           ${PTII}/lib/ptjacl.jar:${PTII}/lib/diva.jar:${PTII}
           tcl.lang.Shell xxx.tcl
HLA version is 1.3.
HLA version is 1.3.
HLA version is 1.3.


==== $PTII/doc/test/docManager.tcl: cyphysim/configuration.xml-6.1 Test docClassNameToURL
==== Contents of test case:

        # If this test fails under Travis, the the problem could be
        # that actors have been added to the repository, yet the
        # codeDoc*.jar files in
        # https://github.com/icyphy/ptII/releases/download/nightly/
        # have not been updated.  $PTII/.travis.yml has a deploy
        # section that should copy the jar files if PT_TRAVIS_DOCS ==
        # true.  Note that Travis no longer supports Oracle JDK 8 and
        # JDK 11 does not have backward compatible support for
        # javadoc, so travis is failing to update the download/nightly
        # directory.  Even if Travis updates the codeDoc.jar files,
        # then under JDK 11 the actor index files will not be present
        # because JDK 11 is missing javadoc backward compatibility.

        # One possible fix is to build the jar files under JDK 8 with
        # (cd $PTII/doc; make install)
        # Then upload codeDoc.jar to the nightly release.
        # 1. Go to https://github.com/icyphy/ptII/releases
        # 2. Find the nightly release
        # 3. Click on edit
        # 4. Delete the old codeDoc.jar
        # 5. Upload the new codeDoc.jar
        # For details, see 
        # https://docs.github.com/en/github/administering-a-repository/managing-releases-in-a-repository

	# In general, if we call getName on a public field in an actor,
	# then the name that is returned should be the same as the name
	# of the field.
	set entityList [$configuration allAtomicEntityList]
	set results {}
	for {set iterator [$entityList iterator]}  {[$iterator hasNext] == 1} {} {
		set entity [$iterator next]
		if [java::instanceof $entity ptolemy.actor.TypedAtomicActor] {
		    set actor [java::cast ptolemy.actor.TypedAtomicActor $entity]
		    set className [$actor getClassName]
		    set url [java::call ptolemy.vergil.actor.DocManager  docClassNameToURL  $configuration $className  true false false false]
		    if [java::isnull $url] {
			lappend results "\nFailed to find ptdoc for $className.  Try doing (cd $PTII/doc; rm codeDoc/ptolemy/actor/lib/Ramp.xml codeDoc/ptolemy/actor/lib/RampIdx.xml; make docs)"
		    }


		    set url [java::call ptolemy.vergil.actor.DocManager  docClassNameToURL  $configuration $className  false true false false]
		    if [java::isnull $url] {
			lappend results "\nFailed to find javadoc for $className"
		    }

		    set url [java::call ptolemy.vergil.actor.DocManager  docClassNameToURL  $configuration $className  false true false false]
		    if [java::isnull $url] {
			lappend results "\nFailed to find source for $className"
		    }


		    # For actor index, it is ok to return null
		    set url [java::call ptolemy.vergil.actor.DocManager  docClassNameToURL  $configuration $className  false false false true]
		}
	    }
    list $results	
    
==== Result was:
{{
Failed to find ptdoc for ptolemy.actor.lib.Assert.  Try doing (cd /home/travis/build/icyphy/ptII/doc/test/../../doc; rm codeDoc/ptolemy/actor/lib/Ramp.xml codeDoc/ptolemy/actor/lib/RampIdx.xml; make docs)} {
Failed to find javadoc for ptolemy.actor.lib.Assert} {
Failed to find source for ptolemy.actor.lib.Assert} {
Failed to find ptdoc for ptolemy.actor.lib.jjs.JavaScript.  Try doing (cd /home/travis/build/icyphy/ptII/doc/test/../../doc; rm codeDoc/ptolemy/actor/lib/Ramp.xml codeDoc/ptolemy/actor/lib/RampIdx.xml; make docs)} {
Failed to find javadoc for ptolemy.actor.lib.jjs.JavaScript} {
Failed to find source for ptolemy.actor.lib.jjs.JavaScript} {
Failed to find ptdoc for ptolemy.vergil.basic.export.html.jsoup.HTMLPageAssembler.  Try doing (cd /home/travis/build/icyphy/ptII/doc/test/../../doc; rm codeDoc/ptolemy/actor/lib/Ramp.xml codeDoc/ptolemy/actor/lib/RampIdx.xml; make docs)} {
Failed to find javadoc for ptolemy.vergil.basic.export.html.jsoup.HTMLPageAssembler} {
Failed to find source for ptolemy.vergil.basic.export.html.jsoup.HTMLPageAssembler} {
Failed to find ptdoc for ptolemy.actor.lib.DiscreteClock.  Try doing (cd /home/travis/build/icyphy/ptII/doc/test/../../doc; rm codeDoc/ptolemy/actor/lib/Ramp.xml codeDoc/ptolemy/actor/lib/RampIdx.xml; make docs)} {
Failed to find javadoc for ptolemy.actor.lib.DiscreteClock} {
Failed to find source for ptolemy.actor.lib.DiscreteClock} {
Failed to find ptdoc for ptolemy.actor.lib.PoissonClock.  Try doing (cd /home/travis/build/icyphy/ptII/doc/test/../../doc; rm codeDoc/ptolemy/actor/lib/Ramp.xml codeDoc/ptolemy/actor/lib/RampIdx.xml; make docs)} {
Failed to find javadoc for ptolemy.actor.lib.PoissonClock} {
Failed to find source for ptolemy.actor.lib.PoissonClock} {
Failed to find ptdoc for ptolemy.actor.lib.SingleEvent.  Try doing (cd /home/travis/build/icyphy/ptII/doc/test/../../doc; rm codeDoc/ptolemy/actor/lib/Ramp.xml codeDoc/ptolemy/actor/lib/RampIdx.xml; make docs)} {
Failed to find javadoc for ptolemy.actor.lib.SingleEvent} {
Failed to find source for ptolemy.actor.lib.SingleEvent} {
Failed to find ptdoc for ptolemy.actor.lib.Const.  Try doing (cd /home/travis/build/icyphy/ptII/doc/test/../../doc; rm codeDoc/ptolemy/actor/lib/Ramp.xml codeDoc/ptolemy/actor/lib/RampIdx.xml; make docs)} {
Failed to find javadoc for ptolemy.actor.lib.Const} {
Failed to find source for ptolemy.actor.lib.Const} {
Failed to find ptdoc for ptolemy.actor.lib.CurrentDate.  Try doing (cd /home/travis/build/icyphy/ptII/doc/test/../../doc; rm codeDoc/ptolemy/actor/lib/Ramp.xml codeDoc/ptolemy/actor/lib/RampIdx.xml; make docs)} {
Failed to find javadoc for ptolemy.actor.lib.CurrentDate} {
Failed to find source for ptolemy.actor.lib.CurrentDate} {
Failed to find ptdoc for ptolemy.actor.lib.CurrentMicrostep.  Try doing (cd /home/travis/build/icyphy/ptII/doc/test/../../doc; rm codeDoc/ptolemy/actor/lib/Ramp.xml codeDoc/ptolemy/actor/lib/RampIdx.xml; make docs)} {
Failed to find javadoc for ptolemy.actor.lib.CurrentMicrostep} {
Failed to find source for ptolemy.actor.lib.CurrentMicrostep} {
Failed to find ptdoc for ptolemy.actor.lib.CurrentTime.  Try doing (cd /home/travis/build/icyphy/ptII/doc/test/../../doc; rm codeDoc/ptolemy/actor/lib/Ramp.xml codeDoc/ptolemy/actor/lib/RampIdx.xml; make docs)} {
Failed to find javadoc for ptolemy.actor.lib.CurrentTime} {
Failed to find source for ptolemy.actor.lib.CurrentTime} {
Failed to find ptdoc for ptolemy.actor.lib.gui.InteractiveShell.  Try doing (cd /home/travis/build/icyphy/ptII/doc/test/../../doc; rm codeDoc/ptolemy/actor/lib/Ramp.xml codeDoc/ptolemy/actor/lib/RampIdx.xml; make docs)} {
Failed to find javadoc for ptolemy.actor.lib.gui.InteractiveShell} {
Failed to find source for ptolemy.actor.lib.gui.InteractiveShell} {
Failed to find ptdoc for ptolemy.actor.lib.Pulse.  Try doing (cd /home/travis/build/icyphy/ptII/doc/test/../../doc; rm codeDoc/ptolemy/actor/lib/Ramp.xml codeDoc/ptolemy/actor/lib/RampIdx.xml; make docs)} {
Failed to find javadoc for ptolemy.actor.lib.Pulse} {
Failed to find source for ptolemy.actor.lib.Pulse} {
Failed to find ptdoc for ptolemy.actor.lib.Ramp.  Try doing (cd /home/travis/build/icyphy/ptII/doc/test/../../doc; rm codeDoc/ptolemy/actor/lib/Ramp.xml codeDoc/ptolemy/actor/lib/RampIdx.xml; make docs)} {
Failed to find javadoc for ptolemy.actor.lib.Ramp} {
Failed to find source for ptolemy.actor.lib.Ramp} {
Failed to find ptdoc for ptolemy.actor.lib.Sequence.  Try doing (cd /home/travis/build/icyphy/ptII/doc/test/../../doc; rm codeDoc/ptolemy/actor/lib/Ramp.xml codeDoc/ptolemy/actor/lib/RampIdx.xml; make docs)} {
Failed to find javadoc for ptolemy.actor.lib.Sequence} {
Failed to find source for ptolemy.actor.lib.Sequence} {
Failed to find ptdoc for ptolemy.actor.lib.StringConst.  Try doing (cd /home/travis/build/icyphy/ptII/doc/test/../../doc; rm codeDoc/ptolemy/actor/lib/Ramp.xml codeDoc/ptolemy/actor/lib/RampIdx.xml; make docs)} {
Failed to find javadoc for ptolemy.actor.lib.StringConst} {
Failed to find source for ptolemy.actor.lib.StringConst} {
Failed to find ptdoc for ptolemy.actor.lib.gui.TimedDisplay.  Try doing (cd /home/travis/build/icyphy/ptII/doc/test/../../doc; rm codeDoc/ptolemy/actor/lib/Ramp.xml codeDoc/ptolemy/actor/lib/RampIdx.xml; make docs)} {
Failed to find javadoc for ptolemy.actor.lib.gui.TimedDisplay} {
Failed to find source for ptolemy.actor.lib.gui.TimedDisplay} {
Failed to find ptdoc for ptolemy.actor.lib.gui.TimedMonitorValue.  Try doing (cd /home/travis/build/icyphy/ptII/doc/test/../../doc; rm codeDoc/ptolemy/actor/lib/Ramp.xml codeDoc/ptolemy/actor/lib/RampIdx.xml; make docs)} {
Failed to find javadoc for ptolemy.actor.lib.gui.TimedMonitorValue} {
Failed to find source for ptolemy.actor.lib.gui.TimedMonitorValue} {
Failed to find ptdoc for ptolemy.actor.lib.gui.TimedPlotter.  Try doing (cd /home/travis/build/icyphy/ptII/doc/test/../../doc; rm codeDoc/ptolemy/actor/lib/Ramp.xml codeDoc/ptolemy/actor/lib/RampIdx.xml; make docs)} {
Failed to find javadoc for ptolemy.actor.lib.gui.TimedPlotter} {
Failed to find source for ptolemy.actor.lib.gui.TimedPlotter} {
Failed to find ptdoc for ptolemy.actor.lib.gui.TimedScope.  Try doing (cd /home/travis/build/icyphy/ptII/doc/test/../../doc; rm codeDoc/ptolemy/actor/lib/Ramp.xml codeDoc/ptolemy/actor/lib/RampIdx.xml; make docs)} {
Failed to find javadoc for ptolemy.actor.lib.gui.TimedScope} {
Failed to find source for ptolemy.actor.lib.gui.TimedScope} {
Failed to find ptdoc for ptolemy.actor.lib.gui.ArrayPlotter.  Try doing (cd /home/travis/build/icyphy/ptII/doc/test/../../doc; rm codeDoc/ptolemy/actor/lib/Ramp.xml codeDoc/ptolemy/actor/lib/RampIdx.xml; make docs)} {
Failed to find javadoc for ptolemy.actor.lib.gui.ArrayPlotter} {
Failed to find source for ptolemy.actor.lib.gui.ArrayPlotter} {
Failed to find ptdoc for ptolemy.actor.lib.gui.ArrayPlotterXY.  Try doing (cd /home/travis/build/icyphy/ptII/doc/test/../../doc; rm codeDoc/ptolemy/actor/lib/Ramp.xml codeDoc/ptolemy/actor/lib/RampIdx.xml; make docs)} {
Failed to find javadoc for ptolemy.actor.lib.gui.ArrayPlotterXY} {
Failed to find source for ptolemy.actor.lib.gui.ArrayPlotterXY} {
Failed to find ptdoc for ptolemy.actor.lib.gui.BarGraph.  Try doing (cd /home/travis/build/icyphy/ptII/doc/test/../../doc; rm codeDoc/ptolemy/actor/lib/Ramp.xml codeDoc/ptolemy/actor/lib/RampIdx.xml; make docs)} {
Failed to find javadoc for ptolemy.actor.lib.gui.BarGraph} {
Failed to find source for ptolemy.actor.lib.gui.BarGraph} {
Failed to find ptdoc for ptolemy.actor.lib.gui.Display.  Try doing (cd /home/travis/build/icyphy/ptII/doc/test/../../doc; rm codeDoc/ptolemy/actor/lib/Ramp.xml codeDoc/ptolemy/actor/lib/RampIdx.xml; make docs)} {
Failed to find javadoc for ptolemy.actor.lib.gui.Display} {
Failed to find source for ptolemy.actor.lib.gui.Display} {
Failed to find ptdoc for ptolemy.actor.lib.gui.HistogramPlotter.  Try doing (cd /home/travis/build/icyphy/ptII/doc/test/../../doc; rm codeDoc/ptolemy/actor/lib/Ramp.xml codeDoc/ptolemy/actor/lib/RampIdx.xml; make docs)} {
Failed to find javadoc for ptolemy.actor.lib.gui.HistogramPlotter} {
Failed to find source for ptolemy.actor.lib.gui.HistogramPlotter} {
Failed to find ptdoc for ptolemy.actor.lib.gui.MonitorValue.  Try doing (cd /home/travis/build/icyphy/ptII/doc/test/../../doc; rm codeDoc/ptolemy/actor/lib/Ramp.xml codeDoc/ptolemy/actor/lib/RampIdx.xml; make docs)} {
Failed to find javadoc for ptolemy.actor.lib.gui.MonitorValue} {
Failed to find source for ptolemy.actor.lib.gui.MonitorValue} {
Failed to find ptdoc for ptolemy.actor.lib.SetVariable.  Try doing (cd /home/travis/build/icyphy/ptII/doc/test/../../doc; rm codeDoc/ptolemy/actor/lib/Ramp.xml codeDoc/ptolemy/actor/lib/RampIdx.xml; make docs)} {
Failed to find javadoc for ptolemy.actor.lib.SetVariable} {
Failed to find source for ptolemy.actor.lib.SetVariable} {
Failed to find ptdoc for ptolemy.actor.lib.gui.XYPlotter.  Try doing (cd /home/travis/build/icyphy/ptII/doc/test/../../doc; rm codeDoc/ptolemy/actor/lib/Ramp.xml codeDoc/ptolemy/actor/lib/RampIdx.xml; make docs)} {
Failed to find javadoc for ptolemy.actor.lib.gui.XYPlotter} {
Failed to find source for ptolemy.actor.lib.gui.XYPlotter} {
Failed to find ptdoc for ptolemy.actor.lib.gui.XYScope.  Try doing (cd /home/travis/build/icyphy/ptII/doc/test/../../doc; rm codeDoc/ptolemy/actor/lib/Ramp.xml codeDoc/ptolemy/actor/lib/RampIdx.xml; make docs)} {
Failed to find javadoc for ptolemy.actor.lib.gui.XYScope} {
Failed to find source for ptolemy.actor.lib.gui.XYScope} {
Failed to find ptdoc for ptolemy.actor.lib.Clock.  Try doing (cd /home/travis/build/icyphy/ptII/doc/test/../../doc; rm codeDoc/ptolemy/actor/lib/Ramp.xml codeDoc/ptolemy/actor/lib/RampIdx.xml; make docs)} {
Failed to find javadoc for ptolemy.actor.lib.Clock} {
Failed to find source for ptolemy.actor.lib.Clock} {
Failed to find ptdoc for ptolemy.actor.lib.Sampler.  Try doing (cd /home/travis/build/icyphy/ptII/doc/test/../../doc; rm codeDoc/ptolemy/actor/lib/Ramp.xml codeDoc/ptolemy/actor/lib/RampIdx.xml; make docs)} {
Failed to find javadoc for ptolemy.actor.lib.Sampler} {
Failed to find source for ptolemy.actor.lib.Sampler} {
Failed to find ptdoc for ptolemy.domains.qss.kernel.QSSIntegrator.  Try doing (cd /home/travis/build/icyphy/ptII/doc/test/../../doc; rm codeDoc/ptolemy/actor/lib/Ramp.xml codeDoc/ptolemy/actor/lib/RampIdx.xml; make docs)} {
Failed to find javadoc for ptolemy.domains.qss.kernel.QSSIntegrator} {
Failed to find source for ptolemy.domains.qss.kernel.QSSIntegrator} {
Failed to find ptdoc for ptolemy.domains.qss.lib.SmoothSignal.  Try doing (cd /home/travis/build/icyphy/ptII/doc/test/../../doc; rm codeDoc/ptolemy/actor/lib/Ramp.xml codeDoc/ptolemy/actor/lib/RampIdx.xml; make docs)} {
Failed to find javadoc for ptolemy.domains.qss.lib.SmoothSignal} {
Failed to find source for ptolemy.domains.qss.lib.SmoothSignal} {
Failed to find ptdoc for ptolemy.actor.lib.conversions.SmoothToDouble.  Try doing (cd /home/travis/build/icyphy/ptII/doc/test/../../doc; rm codeDoc/ptolemy/actor/lib/Ramp.xml codeDoc/ptolemy/actor/lib/RampIdx.xml; make docs)} {
Failed to find javadoc for ptolemy.actor.lib.conversions.SmoothToDouble} {
Failed to find source for ptolemy.actor.lib.conversions.SmoothToDouble} {
Failed to find ptdoc for ptolemy.domains.qss.lib.SmoothZeroCrossingDetector.  Try doing (cd /home/travis/build/icyphy/ptII/doc/test/../../doc; rm codeDoc/ptolemy/actor/lib/Ramp.xml codeDoc/ptolemy/actor/lib/RampIdx.xml; make docs)} {
Failed to find javadoc for ptolemy.domains.qss.lib.SmoothZeroCrossingDetector} {
Failed to find source for ptolemy.domains.qss.lib.SmoothZeroCrossingDetector} {
Failed to find ptdoc for ptolemy.actor.lib.gui.EventButton.  Try doing (cd /home/travis/build/icyphy/ptII/doc/test/../../doc; rm codeDoc/ptolemy/actor/lib/Ramp.xml codeDoc/ptolemy/actor/lib/RampIdx.xml; make docs)} {
Failed to find javadoc for ptolemy.actor.lib.gui.EventButton} {
Failed to find source for ptolemy.actor.lib.gui.EventButton} {
Failed to find ptdoc for ptolemy.actor.lib.MicrostepDelay.  Try doing (cd /home/travis/build/icyphy/ptII/doc/test/../../doc; rm codeDoc/ptolemy/actor/lib/Ramp.xml codeDoc/ptolemy/actor/lib/RampIdx.xml; make docs)} {
Failed to find javadoc for ptolemy.actor.lib.MicrostepDelay} {
Failed to find source for ptolemy.actor.lib.MicrostepDelay} {
Failed to find ptdoc for ptolemy.actor.lib.ResettableTimer.  Try doing (cd /home/travis/build/icyphy/ptII/doc/test/../../doc; rm codeDoc/ptolemy/actor/lib/Ramp.xml codeDoc/ptolemy/actor/lib/RampIdx.xml; make docs)} {
Failed to find javadoc for ptolemy.actor.lib.ResettableTimer} {
Failed to find source for ptolemy.actor.lib.ResettableTimer} {
Failed to find ptdoc for ptolemy.actor.lib.SingleEvent.  Try doing (cd /home/travis/build/icyphy/ptII/doc/test/../../doc; rm codeDoc/ptolemy/actor/lib/Ramp.xml codeDoc/ptolemy/actor/lib/RampIdx.xml; make docs)} {
Failed to find javadoc for ptolemy.actor.lib.SingleEvent} {
Failed to find source for ptolemy.actor.lib.SingleEvent} {
Failed to find ptdoc for ptolemy.actor.lib.TimeDelay.  Try doing (cd /home/travis/build/icyphy/ptII/doc/test/../../doc; rm codeDoc/ptolemy/actor/lib/Ramp.xml codeDoc/ptolemy/actor/lib/RampIdx.xml; make docs)} {
Failed to find javadoc for ptolemy.actor.lib.TimeDelay} {
Failed to find source for ptolemy.actor.lib.TimeDelay} {
Failed to find ptdoc for ptolemy.actor.lib.ArrayAccumulate.  Try doing (cd /home/travis/build/icyphy/ptII/doc/test/../../doc; rm codeDoc/ptolemy/actor/lib/Ramp.xml codeDoc/ptolemy/actor/lib/RampIdx.xml; make docs)} {
Failed to find javadoc for ptolemy.actor.lib.ArrayAccumulate} {
Failed to find source for ptolemy.actor.lib.ArrayAccumulate} {
Failed to find ptdoc for ptolemy.actor.lib.ArrayAppend.  Try doing (cd /home/travis/build/icyphy/ptII/doc/test/../../doc; rm codeDoc/ptolemy/actor/lib/Ramp.xml codeDoc/ptolemy/actor/lib/RampIdx.xml; make docs)} {
Failed to find javadoc for ptolemy.actor.lib.ArrayAppend} {
Failed to find source for ptolemy.actor.lib.ArrayAppend} {
Failed to find ptdoc for ptolemy.actor.lib.ArrayAverage.  Try doing (cd /home/travis/build/icyphy/ptII/doc/test/../../doc; rm codeDoc/ptolemy/actor/lib/Ramp.xml codeDoc/ptolemy/actor/lib/RampIdx.xml; make docs)} {
Failed to find javadoc for ptolemy.actor.lib.ArrayAverage} {
Failed to find source for ptolemy.actor.lib.ArrayAverage} {
Failed to find ptdoc for ptolemy.actor.lib.ArrayContains.  Try doing (cd /home/travis/build/icyphy/ptII/doc/test/../../doc; rm codeDoc/ptolemy/actor/lib/Ramp.xml codeDoc/ptolemy/actor/lib/RampIdx.xml; make docs)} {
Failed to find javadoc for ptolemy.actor.lib.ArrayContains} {
Failed to find source for ptolemy.actor.lib.ArrayContains} {
Failed to find ptdoc for ptolemy.actor.lib.ArrayElement.  Try doing (cd /home/travis/build/icyphy/ptII/doc/test/../../doc; rm codeDoc/ptolemy/actor/lib/Ramp.xml codeDoc/ptolemy/actor/lib/RampIdx.xml; make docs)} {
Failed to find javadoc for ptolemy.actor.lib.ArrayElement} {
Failed to find source for ptolemy.actor.lib.ArrayElement} {
Failed to find ptdoc for ptolemy.actor.lib.ArrayElementAsMatrix.  Try doing (cd /home/travis/build/icyphy/ptII/doc/test/../../doc; rm codeDoc/ptolemy/actor/lib/Ramp.xml codeDoc/ptolemy/actor/lib/RampIdx.xml; make docs)} {
Failed to find javadoc for ptolemy.actor.lib.ArrayElementAsMatrix} {
Failed to find source for ptolemy.actor.lib.ArrayElementAsMatrix} {
Failed to find ptdoc for ptolemy.actor.lib.ArrayExtract.  Try doing (cd /home/travis/build/icyphy/ptII/doc/test/../../doc; rm codeDoc/ptolemy/actor/lib/Ramp.xml codeDoc/ptolemy/actor/lib/RampIdx.xml; make docs)} {
Failed to find javadoc for ptolemy.actor.lib.ArrayExtract} {
Failed to find source for ptolemy.actor.lib.ArrayExtract} {
Failed to find ptdoc for ptolemy.actor.lib.ArrayLength.  Try doing (cd /home/travis/build/icyphy/ptII/doc/test/../../doc; rm codeDoc/ptolemy/actor/lib/Ramp.xml codeDoc/ptolemy/actor/lib/RampIdx.xml; make docs)} {
Failed to find javadoc for ptolemy.actor.lib.ArrayLength} {
Failed to find source for ptolemy.actor.lib.ArrayLength} {
Failed to find ptdoc for ptolemy.actor.lib.ArrayLevelCrossing.  Try doing (cd /home/travis/build/icyphy/ptII/doc/test/../../doc; rm codeDoc/ptolemy/actor/lib/Ramp.xml codeDoc/ptolemy/actor/lib/RampIdx.xml; make docs)} {
Failed to find javadoc for ptolemy.actor.lib.ArrayLevelCrossing} {
Failed to find source for ptolemy.actor.lib.ArrayLevelCrossing} {
Failed to find ptdoc for ptolemy.actor.lib.ArrayMaximum.  Try doing (cd /home/travis/build/icyphy/ptII/doc/test/../../doc; rm codeDoc/ptolemy/actor/lib/Ramp.xml codeDoc/ptolemy/actor/lib/RampIdx.xml; make docs)} {
Failed to find javadoc for ptolemy.actor.lib.ArrayMaximum} {
Failed to find source for ptolemy.actor.lib.ArrayMaximum} {
Failed to find ptdoc for ptolemy.actor.lib.ArrayMinimum.  Try doing (cd /home/travis/build/icyphy/ptII/doc/test/../../doc; rm codeDoc/ptolemy/actor/lib/Ramp.xml codeDoc/ptolemy/actor/lib/RampIdx.xml; make docs)} {
Failed to find javadoc for ptolemy.actor.lib.ArrayMinimum} {
Failed to find source for ptolemy.actor.lib.ArrayMinimum} {
Failed to find ptdoc for ptolemy.actor.lib.ArrayPeakSearch.  Try doing (cd /home/travis/build/icyphy/ptII/doc/test/../../doc; rm codeDoc/ptolemy/actor/lib/Ramp.xml codeDoc/ptolemy/actor/lib/RampIdx.xml; make docs)} {
Failed to find javadoc for ptolemy.actor.lib.ArrayPeakSearch} {
Failed to find source for ptolemy.actor.lib.ArrayPeakSearch} {
Failed to find ptdoc for ptolemy.actor.lib.ArrayRemoveElement.  Try doing (cd /home/travis/build/icyphy/ptII/doc/test/../../doc; rm codeDoc/ptolemy/actor/lib/Ramp.xml codeDoc/ptolemy/actor/lib/RampIdx.xml; make docs)} {
Failed to find javadoc for ptolemy.actor.lib.ArrayRemoveElement} {
Failed to find source for ptolemy.actor.lib.ArrayRemoveElement} {
Failed to find ptdoc for ptolemy.actor.lib.ArraySort.  Try doing (cd /home/travis/build/icyphy/ptII/doc/test/../../doc; rm codeDoc/ptolemy/actor/lib/Ramp.xml codeDoc/ptolemy/actor/lib/RampIdx.xml; make docs)} {
Failed to find javadoc for ptolemy.actor.lib.ArraySort} {
Failed to find source for ptolemy.actor.lib.ArraySort} {
Failed to find ptdoc for ptolemy.actor.lib.ArraySum.  Try doing (cd /home/travis/build/icyphy/ptII/doc/test/../../doc; rm codeDoc/ptolemy/actor/lib/Ramp.xml codeDoc/ptolemy/actor/lib/RampIdx.xml; make docs)} {
Failed to find javadoc for ptolemy.actor.lib.ArraySum} {
Failed to find source for ptolemy.actor.lib.ArraySum} {
Failed to find ptdoc for ptolemy.actor.lib.ArrayToElements.  Try doing (cd /home/travis/build/icyphy/ptII/doc/test/../../doc; rm codeDoc/ptolemy/actor/lib/Ramp.xml codeDoc/ptolemy/actor/lib/RampIdx.xml; make docs)} {
Failed to find javadoc for ptolemy.actor.lib.ArrayToElements} {
Failed to find source for ptolemy.actor.lib.ArrayToElements} {
Failed to find ptdoc for ptolemy.domains.sdf.lib.ArrayToSequence.  Try doing (cd /home/travis/build/icyphy/ptII/doc/test/../../doc; rm codeDoc/ptolemy/actor/lib/Ramp.xml codeDoc/ptolemy/actor/lib/RampIdx.xml; make docs)} {
Failed to find javadoc for ptolemy.domains.sdf.lib.ArrayToSequence} {
Failed to find source for ptolemy.domains.sdf.lib.ArrayToSequence} {
Failed to find ptdoc for ptolemy.actor.lib.ArrayUpdate.  Try doing (cd /home/travis/build/icyphy/ptII/doc/test/../../doc; rm codeDoc/ptolemy/actor/lib/Ramp.xml codeDoc/ptolemy/actor/lib/RampIdx.xml; make docs)} {
Failed to find javadoc for ptolemy.actor.lib.ArrayUpdate} {
Failed to find source for ptolemy.actor.lib.ArrayUpdate} {
Failed to find ptdoc for ptolemy.actor.lib.ElementsToArray.  Try doing (cd /home/travis/build/icyphy/ptII/doc/test/../../doc; rm codeDoc/ptolemy/actor/lib/Ramp.xml codeDoc/ptolemy/actor/lib/RampIdx.xml; make docs)} {
Failed to find javadoc for ptolemy.actor.lib.ElementsToArray} {
Failed to find source for ptolemy.actor.lib.ElementsToArray} {
Failed to find ptdoc for ptolemy.domains.sdf.lib.SequenceToArray.  Try doing (cd /home/travis/build/icyphy/ptII/doc/test/../../doc; rm codeDoc/ptolemy/actor/lib/Ramp.xml codeDoc/ptolemy/actor/lib/RampIdx.xml; make docs)} {
Failed to find javadoc for ptolemy.domains.sdf.lib.SequenceToArray} {
Failed to find source for ptolemy.domains.sdf.lib.SequenceToArray} {
Failed to find ptdoc for ptolemy.actor.lib.conversions.AnythingToDouble.  Try doing (cd /home/travis/build/icyphy/ptII/doc/test/../../doc; rm codeDoc/ptolemy/actor/lib/Ramp.xml codeDoc/ptolemy/actor/lib/RampIdx.xml; make docs)} {
Failed to find javadoc for ptolemy.actor.lib.conversions.AnythingToDouble} {
Failed to find source for ptolemy.actor.lib.conversions.AnythingToDouble} {
Failed to find ptdoc for ptolemy.actor.lib.conversions.BooleanToAnything.  Try doing (cd /home/travis/build/icyphy/ptII/doc/test/../../doc; rm codeDoc/ptolemy/actor/lib/Ramp.xml codeDoc/ptolemy/actor/lib/RampIdx.xml; make docs)} {
Failed to find javadoc for ptolemy.actor.lib.conversions.BooleanToAnything} {
Failed to find source for ptolemy.actor.lib.conversions.BooleanToAnything} {
Failed to find ptdoc for ptolemy.domains.sdf.lib.BitsToInt.  Try doing (cd /home/travis/build/icyphy/ptII/doc/test/../../doc; rm codeDoc/ptolemy/actor/lib/Ramp.xml codeDoc/ptolemy/actor/lib/RampIdx.xml; make docs)} {
Failed to find javadoc for ptolemy.domains.sdf.lib.BitsToInt} {
Failed to find source for ptolemy.domains.sdf.lib.BitsToInt} {
Failed to find ptdoc for ptolemy.actor.lib.conversions.CartesianToComplex.  Try doing (cd /home/travis/build/icyphy/ptII/doc/test/../../doc; rm codeDoc/ptolemy/actor/lib/Ramp.xml codeDoc/ptolemy/actor/lib/RampIdx.xml; make docs)} {
Failed to find javadoc for ptolemy.actor.lib.conversions.CartesianToComplex} {
Failed to find source for ptolemy.actor.lib.conversions.CartesianToComplex} {
Failed to find ptdoc for ptolemy.actor.lib.conversions.CartesianToPolar.  Try doing (cd /home/travis/build/icyphy/ptII/doc/test/../../doc; rm codeDoc/ptolemy/actor/lib/Ramp.xml codeDoc/ptolemy/actor/lib/RampIdx.xml; make docs)} {
Failed to find javadoc for ptolemy.actor.lib.conversions.CartesianToPolar} {
Failed to find source for ptolemy.actor.lib.conversions.CartesianToPolar} {
Failed to find ptdoc for ptolemy.actor.lib.conversions.ComplexToCartesian.  Try doing (cd /home/travis/build/icyphy/ptII/doc/test/../../doc; rm codeDoc/ptolemy/actor/lib/Ramp.xml codeDoc/ptolemy/actor/lib/RampIdx.xml; make docs)} {
Failed to find javadoc for ptolemy.actor.lib.conversions.ComplexToCartesian} {
Failed to find source for ptolemy.actor.lib.conversions.ComplexToCartesian} {
Failed to find ptdoc for ptolemy.actor.lib.conversions.ComplexToPolar.  Try doing (cd /home/travis/build/icyphy/ptII/doc/test/../../doc; rm codeDoc/ptolemy/actor/lib/Ramp.xml codeDoc/ptolemy/actor/lib/RampIdx.xml; make docs)} {
Failed to find javadoc for ptolemy.actor.lib.conversions.ComplexToPolar} {
Failed to find source for ptolemy.actor.lib.conversions.ComplexToPolar} {
Failed to find ptdoc for ptolemy.actor.lib.conversions.DateToString.  Try doing (cd /home/travis/build/icyphy/ptII/doc/test/../../doc; rm codeDoc/ptolemy/actor/lib/Ramp.xml codeDoc/ptolemy/actor/lib/RampIdx.xml; make docs)} {
Failed to find javadoc for ptolemy.actor.lib.conversions.DateToString} {
Failed to find source for ptolemy.actor.lib.conversions.DateToString} {
Failed to find ptdoc for ptolemy.actor.lib.conversions.DoubleToFix.  Try doing (cd /home/travis/build/icyphy/ptII/doc/test/../../doc; rm codeDoc/ptolemy/actor/lib/Ramp.xml codeDoc/ptolemy/actor/lib/RampIdx.xml; make docs)} {
Failed to find javadoc for ptolemy.actor.lib.conversions.DoubleToFix} {
Failed to find source for ptolemy.actor.lib.conversions.DoubleToFix} {
Failed to find ptdoc for ptolemy.actor.lib.conversions.ExpressionToToken.  Try doing (cd /home/travis/build/icyphy/ptII/doc/test/../../doc; rm codeDoc/ptolemy/actor/lib/Ramp.xml codeDoc/ptolemy/actor/lib/RampIdx.xml; make docs)} {
Failed to find javadoc for ptolemy.actor.lib.conversions.ExpressionToToken} {
Failed to find source for ptolemy.actor.lib.conversions.ExpressionToToken} {
Failed to find ptdoc for ptolemy.actor.lib.conversions.FixToDouble.  Try doing (cd /home/travis/build/icyphy/ptII/doc/test/../../doc; rm codeDoc/ptolemy/actor/lib/Ramp.xml codeDoc/ptolemy/actor/lib/RampIdx.xml; make docs)} {
Failed to find javadoc for ptolemy.actor.lib.conversions.FixToDouble} {
Failed to find source for ptolemy.actor.lib.conversions.FixToDouble} {
Failed to find ptdoc for ptolemy.actor.lib.conversions.FixToFix.  Try doing (cd /home/travis/build/icyphy/ptII/doc/test/../../doc; rm codeDoc/ptolemy/actor/lib/Ramp.xml codeDoc/ptolemy/actor/lib/RampIdx.xml; make docs)} {
Failed to find javadoc for ptolemy.actor.lib.conversions.FixToFix} {
Failed to find source for ptolemy.actor.lib.conversions.FixToFix} {
Failed to find ptdoc for ptolemy.actor.lib.conversions.ImageToString.  Try doing (cd /home/travis/build/icyphy/ptII/doc/test/../../doc; rm codeDoc/ptolemy/actor/lib/Ramp.xml codeDoc/ptolemy/actor/lib/RampIdx.xml; make docs)} {
Failed to find javadoc for ptolemy.actor.lib.conversions.ImageToString} {
Failed to find source for ptolemy.actor.lib.conversions.ImageToString} {
Failed to find ptdoc for ptolemy.actor.lib.conversions.IntArrayToString.  Try doing (cd /home/travis/build/icyphy/ptII/doc/test/../../doc; rm codeDoc/ptolemy/actor/lib/Ramp.xml codeDoc/ptolemy/actor/lib/RampIdx.xml; make docs)} {
Failed to find javadoc for ptolemy.actor.lib.conversions.IntArrayToString} {
Failed to find source for ptolemy.actor.lib.conversions.IntArrayToString} {
Failed to find ptdoc for ptolemy.domains.sdf.lib.IntToBits.  Try doing (cd /home/travis/build/icyphy/ptII/doc/test/../../doc; rm codeDoc/ptolemy/actor/lib/Ramp.xml codeDoc/ptolemy/actor/lib/RampIdx.xml; make docs)} {
Failed to find javadoc for ptolemy.domains.sdf.lib.IntToBits} {
Failed to find source for ptolemy.domains.sdf.lib.IntToBits} {
Failed to find ptdoc for ptolemy.actor.lib.conversions.InUnitsOf.  Try doing (cd /home/travis/build/icyphy/ptII/doc/test/../../doc; rm codeDoc/ptolemy/actor/lib/Ramp.xml codeDoc/ptolemy/actor/lib/RampIdx.xml; make docs)} {
Failed to find javadoc for ptolemy.actor.lib.conversions.InUnitsOf} {
Failed to find source for ptolemy.actor.lib.conversions.InUnitsOf} {
Failed to find ptdoc for ptolemy.actor.lib.conversions.json.JSONToToken.  Try doing (cd /home/travis/build/icyphy/ptII/doc/test/../../doc; rm codeDoc/ptolemy/actor/lib/Ramp.xml codeDoc/ptolemy/actor/lib/RampIdx.xml; make docs)} {
Failed to find javadoc for ptolemy.actor.lib.conversions.json.JSONToToken} {
Failed to find source for ptolemy.actor.lib.conversions.json.JSONToToken} {
Failed to find ptdoc for ptolemy.actor.lib.conversions.json.TokenToJSON.  Try doing (cd /home/travis/build/icyphy/ptII/doc/test/../../doc; rm codeDoc/ptolemy/actor/lib/Ramp.xml codeDoc/ptolemy/actor/lib/RampIdx.xml; make docs)} {
Failed to find javadoc for ptolemy.actor.lib.conversions.json.TokenToJSON} {
Failed to find source for ptolemy.actor.lib.conversions.json.TokenToJSON} {
Failed to find ptdoc for ptolemy.actor.lib.conversions.LongToDouble.  Try doing (cd /home/travis/build/icyphy/ptII/doc/test/../../doc; rm codeDoc/ptolemy/actor/lib/Ramp.xml codeDoc/ptolemy/actor/lib/RampIdx.xml; make docs)} {
Failed to find javadoc for ptolemy.actor.lib.conversions.LongToDouble} {
Failed to find source for ptolemy.actor.lib.conversions.LongToDouble} {
Failed to find ptdoc for ptolemy.actor.lib.conversions.PolarToCartesian.  Try doing (cd /home/travis/build/icyphy/ptII/doc/test/../../doc; rm codeDoc/ptolemy/actor/lib/Ramp.xml codeDoc/ptolemy/actor/lib/RampIdx.xml; make docs)} {
Failed to find javadoc for ptolemy.actor.lib.conversions.PolarToCartesian} {
Failed to find source for ptolemy.actor.lib.conversions.PolarToCartesian} {
Failed to find ptdoc for ptolemy.actor.lib.conversions.PolarToComplex.  Try doing (cd /home/travis/build/icyphy/ptII/doc/test/../../doc; rm codeDoc/ptolemy/actor/lib/Ramp.xml codeDoc/ptolemy/actor/lib/RampIdx.xml; make docs)} {
Failed to find javadoc for ptolemy.actor.lib.conversions.PolarToComplex} {
Failed to find source for ptolemy.actor.lib.conversions.PolarToComplex} {
Failed to find ptdoc for ptolemy.actor.lib.conversions.Round.  Try doing (cd /home/travis/build/icyphy/ptII/doc/test/../../doc; rm codeDoc/ptolemy/actor/lib/Ramp.xml codeDoc/ptolemy/actor/lib/RampIdx.xml; make docs)} {
Failed to find javadoc for ptolemy.actor.lib.conversions.Round} {
Failed to find source for ptolemy.actor.lib.conversions.Round} {
Failed to find ptdoc for ptolemy.actor.lib.conversions.SmoothToDouble.  Try doing (cd /home/travis/build/icyphy/ptII/doc/test/../../doc; rm codeDoc/ptolemy/actor/lib/Ramp.xml codeDoc/ptolemy/actor/lib/RampIdx.xml; make docs)} {
Failed to find javadoc for ptolemy.actor.lib.conversions.SmoothToDouble} {
Failed to find source for ptolemy.actor.lib.conversions.SmoothToDouble} {
Failed to find ptdoc for ptolemy.actor.lib.conversions.StringToBoolean.  Try doing (cd /home/travis/build/icyphy/ptII/doc/test/../../doc; rm codeDoc/ptolemy/actor/lib/Ramp.xml codeDoc/ptolemy/actor/lib/RampIdx.xml; make docs)} {
Failed to find javadoc for ptolemy.actor.lib.conversions.StringToBoolean} {
Failed to find source for ptolemy.actor.lib.conversions.StringToBoolean} {
Failed to find ptdoc for ptolemy.actor.lib.conversions.StringToDouble.  Try doing (cd /home/travis/build/icyphy/ptII/doc/test/../../doc; rm codeDoc/ptolemy/actor/lib/Ramp.xml codeDoc/ptolemy/actor/lib/RampIdx.xml; make docs)} {
Failed to find javadoc for ptolemy.actor.lib.conversions.StringToDouble} {
Failed to find source for ptolemy.actor.lib.conversions.StringToDouble} {
Failed to find ptdoc for ptolemy.actor.lib.conversions.StringToInt.  Try doing (cd /home/travis/build/icyphy/ptII/doc/test/../../doc; rm codeDoc/ptolemy/actor/lib/Ramp.xml codeDoc/ptolemy/actor/lib/RampIdx.xml; make docs)} {
Failed to find javadoc for ptolemy.actor.lib.conversions.StringToInt} {
Failed to find source for ptolemy.actor.lib.conversions.StringToInt} {
Failed to find ptdoc for ptolemy.actor.lib.conversions.StringToIntArray.  Try doing (cd /home/travis/build/icyphy/ptII/doc/test/../../doc; rm codeDoc/ptolemy/actor/lib/Ramp.xml codeDoc/ptolemy/actor/lib/RampIdx.xml; make docs)} {
Failed to find javadoc for ptolemy.actor.lib.conversions.StringToIntArray} {
Failed to find source for ptolemy.actor.lib.conversions.StringToIntArray} {
Failed to find ptdoc for ptolemy.actor.lib.conversions.StringToUnsignedByteArray.  Try doing (cd /home/travis/build/icyphy/ptII/doc/test/../../doc; rm codeDoc/ptolemy/actor/lib/Ramp.xml codeDoc/ptolemy/actor/lib/RampIdx.xml; make docs)} {
Failed to find javadoc for ptolemy.actor.lib.conversions.StringToUnsignedByteArray} {
Failed to find source for ptolemy.actor.lib.conversions.StringToUnsignedByteArray} {
Failed to find ptdoc for ptolemy.actor.lib.conversions.StringToXML.  Try doing (cd /home/travis/build/icyphy/ptII/doc/test/../../doc; rm codeDoc/ptolemy/actor/lib/Ramp.xml codeDoc/ptolemy/actor/lib/RampIdx.xml; make docs)} {
Failed to find javadoc for ptolemy.actor.lib.conversions.StringToXML} {
Failed to find source for ptolemy.actor.lib.conversions.StringToXML} {
Failed to find ptdoc for ptolemy.actor.lib.conversions.TokenToExpression.  Try doing (cd /home/travis/build/icyphy/ptII/doc/test/../../doc; rm codeDoc/ptolemy/actor/lib/Ramp.xml codeDoc/ptolemy/actor/lib/RampIdx.xml; make docs)} {
Failed to find javadoc for ptolemy.actor.lib.conversions.TokenToExpression} {
Failed to find source for ptolemy.actor.lib.conversions.TokenToExpression} {
Failed to find ptdoc for ptolemy.actor.lib.conversions.UnsignedByteArrayToString.  Try doing (cd /home/travis/build/icyphy/ptII/doc/test/../../doc; rm codeDoc/ptolemy/actor/lib/Ramp.xml codeDoc/ptolemy/actor/lib/RampIdx.xml; make docs)} {
Failed to find javadoc for ptolemy.actor.lib.conversions.UnsignedByteArrayToString} {
Failed to find source for ptolemy.actor.lib.conversions.UnsignedByteArrayToString} {
Failed to find ptdoc for ptolemy.actor.lib.Dictionary.  Try doing (cd /home/travis/build/icyphy/ptII/doc/test/../../doc; rm codeDoc/ptolemy/actor/lib/Ramp.xml codeDoc/ptolemy/actor/lib/RampIdx.xml; make docs)} {
Failed to find javadoc for ptolemy.actor.lib.Dictionary} {
Failed to find source for ptolemy.actor.lib.Dictionary} {
Failed to find ptdoc for ptolemy.actor.lib.CurrentDate.  Try doing (cd /home/travis/build/icyphy/ptII/doc/test/../../doc; rm codeDoc/ptolemy/actor/lib/Ramp.xml codeDoc/ptolemy/actor/lib/RampIdx.xml; make docs)} {
Failed to find javadoc for ptolemy.actor.lib.CurrentDate} {
Failed to find source for ptolemy.actor.lib.CurrentDate} {
Failed to find ptdoc for ptolemy.actor.lib.DateElements.  Try doing (cd /home/travis/build/icyphy/ptII/doc/test/../../doc; rm codeDoc/ptolemy/actor/lib/Ramp.xml codeDoc/ptolemy/actor/lib/RampIdx.xml; make docs)} {
Failed to find javadoc for ptolemy.actor.lib.DateElements} {
Failed to find source for ptolemy.actor.lib.DateElements} {
Failed to find ptdoc for ptolemy.actor.lib.DateConstructor.  Try doing (cd /home/travis/build/icyphy/ptII/doc/test/../../doc; rm codeDoc/ptolemy/actor/lib/Ramp.xml codeDoc/ptolemy/actor/lib/RampIdx.xml; make docs)} {
Failed to find javadoc for ptolemy.actor.lib.DateConstructor} {
Failed to find source for ptolemy.actor.lib.DateConstructor} {
Failed to find ptdoc for ptolemy.actor.lib.ModifyDate.  Try doing (cd /home/travis/build/icyphy/ptII/doc/test/../../doc; rm codeDoc/ptolemy/actor/lib/Ramp.xml codeDoc/ptolemy/actor/lib/RampIdx.xml; make docs)} {
Failed to find javadoc for ptolemy.actor.lib.ModifyDate} {
Failed to find source for ptolemy.actor.lib.ModifyDate} {
Failed to find ptdoc for ptolemy.actor.lib.conversions.StringToDate.  Try doing (cd /home/travis/build/icyphy/ptII/doc/test/../../doc; rm codeDoc/ptolemy/actor/lib/Ramp.xml codeDoc/ptolemy/actor/lib/RampIdx.xml; make docs)} {
Failed to find javadoc for ptolemy.actor.lib.conversions.StringToDate} {
Failed to find source for ptolemy.actor.lib.conversions.StringToDate} {
Failed to find ptdoc for ptolemy.actor.lib.BusAssembler.  Try doing (cd /home/travis/build/icyphy/ptII/doc/test/../../doc; rm codeDoc/ptolemy/actor/lib/Ramp.xml codeDoc/ptolemy/actor/lib/RampIdx.xml; make docs)} {
Failed to find javadoc for ptolemy.actor.lib.BusAssembler} {
Failed to find source for ptolemy.actor.lib.BusAssembler} {
Failed to find ptdoc for ptolemy.actor.lib.BusDisassembler.  Try doing (cd /home/travis/build/icyphy/ptII/doc/test/../../doc; rm codeDoc/ptolemy/actor/lib/Ramp.xml codeDoc/ptolemy/actor/lib/RampIdx.xml; make docs)} {
Failed to find javadoc for ptolemy.actor.lib.BusDisassembler} {
Failed to find source for ptolemy.actor.lib.BusDisassembler} {
Failed to find ptdoc for ptolemy.actor.lib.Commutator.  Try doing (cd /home/travis/build/icyphy/ptII/doc/test/../../doc; rm codeDoc/ptolemy/actor/lib/Ramp.xml codeDoc/ptolemy/actor/lib/RampIdx.xml; make docs)} {
Failed to find javadoc for ptolemy.actor.lib.Commutator} {
Failed to find source for ptolemy.actor.lib.Commutator} {
Failed to find ptdoc for ptolemy.actor.lib.Distributor.  Try doing (cd /home/travis/build/icyphy/ptII/doc/test/../../doc; rm codeDoc/ptolemy/actor/lib/Ramp.xml codeDoc/ptolemy/actor/lib/RampIdx.xml; make docs)} {
Failed to find javadoc for ptolemy.actor.lib.Distributor} {
Failed to find source for ptolemy.actor.lib.Distributor} {
Failed to find ptdoc for ptolemy.actor.lib.Multiplexor.  Try doing (cd /home/travis/build/icyphy/ptII/doc/test/../../doc; rm codeDoc/ptolemy/actor/lib/Ramp.xml codeDoc/ptolemy/actor/lib/RampIdx.xml; make docs)} {
Failed to find javadoc for ptolemy.actor.lib.Multiplexor} {
Failed to find source for ptolemy.actor.lib.Multiplexor} {
Failed to find ptdoc for ptolemy.actor.lib.OrderedRecordAssembler.  Try doing (cd /home/travis/build/icyphy/ptII/doc/test/../../doc; rm codeDoc/ptolemy/actor/lib/Ramp.xml codeDoc/ptolemy/actor/lib/RampIdx.xml; make docs)} {
Failed to find javadoc for ptolemy.actor.lib.OrderedRecordAssembler} {
Failed to find source for ptolemy.actor.lib.OrderedRecordAssembler} {
Failed to find ptdoc for ptolemy.actor.lib.RecordAssembler.  Try doing (cd /home/travis/build/icyphy/ptII/doc/test/../../doc; rm codeDoc/ptolemy/actor/lib/Ramp.xml codeDoc/ptolemy/actor/lib/RampIdx.xml; make docs)} {
Failed to find javadoc for ptolemy.actor.lib.RecordAssembler} {
Failed to find source for ptolemy.actor.lib.RecordAssembler} {
Failed to find ptdoc for ptolemy.actor.lib.RecordDisassembler.  Try doing (cd /home/travis/build/icyphy/ptII/doc/test/../../doc; rm codeDoc/ptolemy/actor/lib/Ramp.xml codeDoc/ptolemy/actor/lib/RampIdx.xml; make docs)} {
Failed to find javadoc for ptolemy.actor.lib.RecordDisassembler} {
Failed to find source for ptolemy.actor.lib.RecordDisassembler} {
Failed to find ptdoc for ptolemy.actor.lib.RecordUpdater.  Try doing (cd /home/travis/build/icyphy/ptII/doc/test/../../doc; rm codeDoc/ptolemy/actor/lib/Ramp.xml codeDoc/ptolemy/actor/lib/RampIdx.xml; make docs)} {
Failed to find javadoc for ptolemy.actor.lib.RecordUpdater} {
Failed to find source for ptolemy.actor.lib.RecordUpdater} {
Failed to find ptdoc for ptolemy.actor.lib.Sampler.  Try doing (cd /home/travis/build/icyphy/ptII/doc/test/../../doc; rm codeDoc/ptolemy/actor/lib/Ramp.xml codeDoc/ptolemy/actor/lib/RampIdx.xml; make docs)} {
Failed to find javadoc for ptolemy.actor.lib.Sampler} {
Failed to find source for ptolemy.actor.lib.Sampler} {
Failed to find ptdoc for ptolemy.actor.lib.Select.  Try doing (cd /home/travis/build/icyphy/ptII/doc/test/../../doc; rm codeDoc/ptolemy/actor/lib/Ramp.xml codeDoc/ptolemy/actor/lib/RampIdx.xml; make docs)} {
Failed to find javadoc for ptolemy.actor.lib.Select} {
Failed to find source for ptolemy.actor.lib.Select} {
Failed to find ptdoc for ptolemy.actor.lib.SingleTokenCommutator.  Try doing (cd /home/travis/build/icyphy/ptII/doc/test/../../doc; rm codeDoc/ptolemy/actor/lib/Ramp.xml codeDoc/ptolemy/actor/lib/RampIdx.xml; make docs)} {
Failed to find javadoc for ptolemy.actor.lib.SingleTokenCommutator} {
Failed to find source for ptolemy.actor.lib.SingleTokenCommutator} {
Failed to find ptdoc for ptolemy.actor.lib.Switch.  Try doing (cd /home/travis/build/icyphy/ptII/doc/test/../../doc; rm codeDoc/ptolemy/actor/lib/Ramp.xml codeDoc/ptolemy/actor/lib/RampIdx.xml; make docs)} {
Failed to find javadoc for ptolemy.actor.lib.Switch} {
Failed to find source for ptolemy.actor.lib.Switch} {
Failed to find ptdoc for ptolemy.actor.lib.Synchronizer.  Try doing (cd /home/travis/build/icyphy/ptII/doc/test/../../doc; rm codeDoc/ptolemy/actor/lib/Ramp.xml codeDoc/ptolemy/actor/lib/RampIdx.xml; make docs)} {
Failed to find javadoc for ptolemy.actor.lib.Synchronizer} {
Failed to find source for ptolemy.actor.lib.Synchronizer} {
Failed to find ptdoc for ptolemy.actor.lib.UnionDisassembler.  Try doing (cd /home/travis/build/icyphy/ptII/doc/test/../../doc; rm codeDoc/ptolemy/actor/lib/Ramp.xml codeDoc/ptolemy/actor/lib/RampIdx.xml; make docs)} {
Failed to find javadoc for ptolemy.actor.lib.UnionDisassembler} {
Failed to find source for ptolemy.actor.lib.UnionDisassembler} {
Failed to find ptdoc for ptolemy.actor.lib.UnionMerge.  Try doing (cd /home/travis/build/icyphy/ptII/doc/test/../../doc; rm codeDoc/ptolemy/actor/lib/Ramp.xml codeDoc/ptolemy/actor/lib/RampIdx.xml; make docs)} {
Failed to find javadoc for ptolemy.actor.lib.UnionMerge} {
Failed to find source for ptolemy.actor.lib.UnionMerge} {
Failed to find ptdoc for ptolemy.actor.lib.VectorAssembler.  Try doing (cd /home/travis/build/icyphy/ptII/doc/test/../../doc; rm codeDoc/ptolemy/actor/lib/Ramp.xml codeDoc/ptolemy/actor/lib/RampIdx.xml; make docs)} {
Failed to find javadoc for ptolemy.actor.lib.VectorAssembler} {
Failed to find source for ptolemy.actor.lib.VectorAssembler} {
Failed to find ptdoc for ptolemy.actor.lib.VectorDisassembler.  Try doing (cd /home/travis/build/icyphy/ptII/doc/test/../../doc; rm codeDoc/ptolemy/actor/lib/Ramp.xml codeDoc/ptolemy/actor/lib/RampIdx.xml; make docs)} {
Failed to find javadoc for ptolemy.actor.lib.VectorDisassembler} {
Failed to find source for ptolemy.actor.lib.VectorDisassembler} {
Failed to find ptdoc for ptolemy.actor.lib.BooleanMultiplexor.  Try doing (cd /home/travis/build/icyphy/ptII/doc/test/../../doc; rm codeDoc/ptolemy/actor/lib/Ramp.xml codeDoc/ptolemy/actor/lib/RampIdx.xml; make docs)} {
Failed to find javadoc for ptolemy.actor.lib.BooleanMultiplexor} {
Failed to find source for ptolemy.actor.lib.BooleanMultiplexor} {
Failed to find ptdoc for ptolemy.actor.lib.BooleanSelect.  Try doing (cd /home/travis/build/icyphy/ptII/doc/test/../../doc; rm codeDoc/ptolemy/actor/lib/Ramp.xml codeDoc/ptolemy/actor/lib/RampIdx.xml; make docs)} {
Failed to find javadoc for ptolemy.actor.lib.BooleanSelect} {
Failed to find source for ptolemy.actor.lib.BooleanSelect} {
Failed to find ptdoc for ptolemy.actor.lib.BooleanSwitch.  Try doing (cd /home/travis/build/icyphy/ptII/doc/test/../../doc; rm codeDoc/ptolemy/actor/lib/Ramp.xml codeDoc/ptolemy/actor/lib/RampIdx.xml; make docs)} {
Failed to find javadoc for ptolemy.actor.lib.BooleanSwitch} {
Failed to find source for ptolemy.actor.lib.BooleanSwitch} {
Failed to find ptdoc for ptolemy.actor.lib.ConfigurationSelect.  Try doing (cd /home/travis/build/icyphy/ptII/doc/test/../../doc; rm codeDoc/ptolemy/actor/lib/Ramp.xml codeDoc/ptolemy/actor/lib/RampIdx.xml; make docs)} {
Failed to find javadoc for ptolemy.actor.lib.ConfigurationSelect} {
Failed to find source for ptolemy.actor.lib.ConfigurationSelect} {
Failed to find ptdoc for ptolemy.actor.lib.ConfigurationSwitch.  Try doing (cd /home/travis/build/icyphy/ptII/doc/test/../../doc; rm codeDoc/ptolemy/actor/lib/Ramp.xml codeDoc/ptolemy/actor/lib/RampIdx.xml; make docs)} {
Failed to find javadoc for ptolemy.actor.lib.ConfigurationSwitch} {
Failed to find source for ptolemy.actor.lib.ConfigurationSwitch} {
Failed to find ptdoc for ptolemy.domains.sdf.lib.CountTrues.  Try doing (cd /home/travis/build/icyphy/ptII/doc/test/../../doc; rm codeDoc/ptolemy/actor/lib/Ramp.xml codeDoc/ptolemy/actor/lib/RampIdx.xml; make docs)} {
Failed to find javadoc for ptolemy.domains.sdf.lib.CountTrues} {
Failed to find source for ptolemy.domains.sdf.lib.CountTrues} {
Failed to find ptdoc for ptolemy.domains.sdf.lib.Chop.  Try doing (cd /home/travis/build/icyphy/ptII/doc/test/../../doc; rm codeDoc/ptolemy/actor/lib/Ramp.xml codeDoc/ptolemy/actor/lib/RampIdx.xml; make docs)} {
Failed to find javadoc for ptolemy.domains.sdf.lib.Chop} {
Failed to find source for ptolemy.domains.sdf.lib.Chop} {
Failed to find ptdoc for ptolemy.actor.lib.Default.  Try doing (cd /home/travis/build/icyphy/ptII/doc/test/../../doc; rm codeDoc/ptolemy/actor/lib/Ramp.xml codeDoc/ptolemy/actor/lib/RampIdx.xml; make docs)} {
Failed to find javadoc for ptolemy.actor.lib.Default} {
Failed to find source for ptolemy.actor.lib.Default} {
Failed to find ptdoc for ptolemy.domains.sdf.lib.Repeat.  Try doing (cd /home/travis/build/icyphy/ptII/doc/test/../../doc; rm codeDoc/ptolemy/actor/lib/Ramp.xml codeDoc/ptolemy/actor/lib/RampIdx.xml; make docs)} {
Failed to find javadoc for ptolemy.domains.sdf.lib.Repeat} {
Failed to find source for ptolemy.domains.sdf.lib.Repeat} {
Failed to find ptdoc for ptolemy.domains.sdf.lib.SampleDelay.  Try doing (cd /home/travis/build/icyphy/ptII/doc/test/../../doc; rm codeDoc/ptolemy/actor/lib/Ramp.xml codeDoc/ptolemy/actor/lib/RampIdx.xml; make docs)} {
Failed to find javadoc for ptolemy.domains.sdf.lib.SampleDelay} {
Failed to find source for ptolemy.domains.sdf.lib.SampleDelay} {
Failed to find ptdoc for ptolemy.actor.lib.Sequencer.  Try doing (cd /home/travis/build/icyphy/ptII/doc/test/../../doc; rm codeDoc/ptolemy/actor/lib/Ramp.xml codeDoc/ptolemy/actor/lib/RampIdx.xml; make docs)} {
Failed to find javadoc for ptolemy.actor.lib.Sequencer} {
Failed to find source for ptolemy.actor.lib.Sequencer} {
Failed to find ptdoc for ptolemy.actor.lib.Exit.  Try doing (cd /home/travis/build/icyphy/ptII/doc/test/../../doc; rm codeDoc/ptolemy/actor/lib/Ramp.xml codeDoc/ptolemy/actor/lib/RampIdx.xml; make docs)} {
Failed to find javadoc for ptolemy.actor.lib.Exit} {
Failed to find source for ptolemy.actor.lib.Exit} {
Failed to find ptdoc for ptolemy.actor.lib.Stop.  Try doing (cd /home/travis/build/icyphy/ptII/doc/test/../../doc; rm codeDoc/ptolemy/actor/lib/Ramp.xml codeDoc/ptolemy/actor/lib/RampIdx.xml; make docs)} {
Failed to find javadoc for ptolemy.actor.lib.Stop} {
Failed to find source for ptolemy.actor.lib.Stop} {
Failed to find ptdoc for ptolemy.actor.lib.Pause.  Try doing (cd /home/travis/build/icyphy/ptII/doc/test/../../doc; rm codeDoc/ptolemy/actor/lib/Ramp.xml codeDoc/ptolemy/actor/lib/RampIdx.xml; make docs)} {
Failed to find javadoc for ptolemy.actor.lib.Pause} {
Failed to find source for ptolemy.actor.lib.Pause} {
Failed to find ptdoc for ptolemy.actor.lib.ThrowException.  Try doing (cd /home/travis/build/icyphy/ptII/doc/test/../../doc; rm codeDoc/ptolemy/actor/lib/Ramp.xml codeDoc/ptolemy/actor/lib/RampIdx.xml; make docs)} {
Failed to find javadoc for ptolemy.actor.lib.ThrowException} {
Failed to find source for ptolemy.actor.lib.ThrowException} {
Failed to find ptdoc for ptolemy.actor.lib.ThrowModelError.  Try doing (cd /home/travis/build/icyphy/ptII/doc/test/../../doc; rm codeDoc/ptolemy/actor/lib/Ramp.xml codeDoc/ptolemy/actor/lib/RampIdx.xml; make docs)} {
Failed to find javadoc for ptolemy.actor.lib.ThrowModelError} {
Failed to find source for ptolemy.actor.lib.ThrowModelError} {
Failed to find ptdoc for ptolemy.actor.lib.gui.ArrowKeySensor.  Try doing (cd /home/travis/build/icyphy/ptII/doc/test/../../doc; rm codeDoc/ptolemy/actor/lib/Ramp.xml codeDoc/ptolemy/actor/lib/RampIdx.xml; make docs)} {
Failed to find javadoc for ptolemy.actor.lib.gui.ArrowKeySensor} {
Failed to find source for ptolemy.actor.lib.gui.ArrowKeySensor} {
Failed to find ptdoc for ptolemy.actor.lib.io.CSVReader.  Try doing (cd /home/travis/build/icyphy/ptII/doc/test/../../doc; rm codeDoc/ptolemy/actor/lib/Ramp.xml codeDoc/ptolemy/actor/lib/RampIdx.xml; make docs)} {
Failed to find javadoc for ptolemy.actor.lib.io.CSVReader} {
Failed to find source for ptolemy.actor.lib.io.CSVReader} {
Failed to find ptdoc for ptolemy.actor.lib.io.CSVWriter.  Try doing (cd /home/travis/build/icyphy/ptII/doc/test/../../doc; rm codeDoc/ptolemy/actor/lib/Ramp.xml codeDoc/ptolemy/actor/lib/RampIdx.xml; make docs)} {
Failed to find javadoc for ptolemy.actor.lib.io.CSVWriter} {
Failed to find source for ptolemy.actor.lib.io.CSVWriter} {
Failed to find ptdoc for ptolemy.actor.lib.net.DatagramReader.  Try doing (cd /home/travis/build/icyphy/ptII/doc/test/../../doc; rm codeDoc/ptolemy/actor/lib/Ramp.xml codeDoc/ptolemy/actor/lib/RampIdx.xml; make docs)} {
Failed to find javadoc for ptolemy.actor.lib.net.DatagramReader} {
Failed to find source for ptolemy.actor.lib.net.DatagramReader} {
Failed to find ptdoc for ptolemy.actor.lib.net.DatagramWriter.  Try doing (cd /home/travis/build/icyphy/ptII/doc/test/../../doc; rm codeDoc/ptolemy/actor/lib/Ramp.xml codeDoc/ptolemy/actor/lib/RampIdx.xml; make docs)} {
Failed to find javadoc for ptolemy.actor.lib.net.DatagramWriter} {
Failed to find source for ptolemy.actor.lib.net.DatagramWriter} {
Failed to find ptdoc for ptolemy.actor.lib.io.DirectoryListing.  Try doing (cd /home/travis/build/icyphy/ptII/doc/test/../../doc; rm codeDoc/ptolemy/actor/lib/Ramp.xml codeDoc/ptolemy/actor/lib/RampIdx.xml; make docs)} {
Failed to find javadoc for ptolemy.actor.lib.io.DirectoryListing} {
Failed to find source for ptolemy.actor.lib.io.DirectoryListing} {
Failed to find ptdoc for ptolemy.actor.lib.io.FileReader.  Try doing (cd /home/travis/build/icyphy/ptII/doc/test/../../doc; rm codeDoc/ptolemy/actor/lib/Ramp.xml codeDoc/ptolemy/actor/lib/RampIdx.xml; make docs)} {
Failed to find javadoc for ptolemy.actor.lib.io.FileReader} {
Failed to find source for ptolemy.actor.lib.io.FileReader} {
Failed to find ptdoc for ptolemy.actor.lib.net.IPAddress.  Try doing (cd /home/travis/build/icyphy/ptII/doc/test/../../doc; rm codeDoc/ptolemy/actor/lib/Ramp.xml codeDoc/ptolemy/actor/lib/RampIdx.xml; make docs)} {
Failed to find javadoc for ptolemy.actor.lib.net.IPAddress} {
Failed to find source for ptolemy.actor.lib.net.IPAddress} {
Failed to find ptdoc for ptolemy.actor.lib.FileWriter.  Try doing (cd /home/travis/build/icyphy/ptII/doc/test/../../doc; rm codeDoc/ptolemy/actor/lib/Ramp.xml codeDoc/ptolemy/actor/lib/RampIdx.xml; make docs)} {
Failed to find javadoc for ptolemy.actor.lib.FileWriter} {
Failed to find source for ptolemy.actor.lib.FileWriter} {
Failed to find ptdoc for ptolemy.actor.lib.io.LineReader.  Try doing (cd /home/travis/build/icyphy/ptII/doc/test/../../doc; rm codeDoc/ptolemy/actor/lib/Ramp.xml codeDoc/ptolemy/actor/lib/RampIdx.xml; make docs)} {
Failed to find javadoc for ptolemy.actor.lib.io.LineReader} {
Failed to find source for ptolemy.actor.lib.io.LineReader} {
Failed to find ptdoc for ptolemy.actor.lib.io.LineWriter.  Try doing (cd /home/travis/build/icyphy/ptII/doc/test/../../doc; rm codeDoc/ptolemy/actor/lib/Ramp.xml codeDoc/ptolemy/actor/lib/RampIdx.xml; make docs)} {
Failed to find javadoc for ptolemy.actor.lib.io.LineWriter} {
Failed to find source for ptolemy.actor.lib.io.LineWriter} {
Failed to find ptdoc for ptolemy.actor.lib.logic.Comparator.  Try doing (cd /home/travis/build/icyphy/ptII/doc/test/../../doc; rm codeDoc/ptolemy/actor/lib/Ramp.xml codeDoc/ptolemy/actor/lib/RampIdx.xml; make docs)} {
Failed to find javadoc for ptolemy.actor.lib.logic.Comparator} {
Failed to find source for ptolemy.actor.lib.logic.Comparator} {
Failed to find ptdoc for ptolemy.actor.lib.logic.Equals.  Try doing (cd /home/travis/build/icyphy/ptII/doc/test/../../doc; rm codeDoc/ptolemy/actor/lib/Ramp.xml codeDoc/ptolemy/actor/lib/RampIdx.xml; make docs)} {
Failed to find javadoc for ptolemy.actor.lib.logic.Equals} {
Failed to find source for ptolemy.actor.lib.logic.Equals} {
Failed to find ptdoc for ptolemy.actor.lib.logic.IsPresent.  Try doing (cd /home/travis/build/icyphy/ptII/doc/test/../../doc; rm codeDoc/ptolemy/actor/lib/Ramp.xml codeDoc/ptolemy/actor/lib/RampIdx.xml; make docs)} {
Failed to find javadoc for ptolemy.actor.lib.logic.IsPresent} {
Failed to find source for ptolemy.actor.lib.logic.IsPresent} {
Failed to find ptdoc for ptolemy.actor.lib.logic.LogicalNot.  Try doing (cd /home/travis/build/icyphy/ptII/doc/test/../../doc; rm codeDoc/ptolemy/actor/lib/Ramp.xml codeDoc/ptolemy/actor/lib/RampIdx.xml; make docs)} {
Failed to find javadoc for ptolemy.actor.lib.logic.LogicalNot} {
Failed to find source for ptolemy.actor.lib.logic.LogicalNot} {
Failed to find ptdoc for ptolemy.actor.lib.logic.LogicGate.  Try doing (cd /home/travis/build/icyphy/ptII/doc/test/../../doc; rm codeDoc/ptolemy/actor/lib/Ramp.xml codeDoc/ptolemy/actor/lib/RampIdx.xml; make docs)} {
Failed to find javadoc for ptolemy.actor.lib.logic.LogicGate} {
Failed to find source for ptolemy.actor.lib.logic.LogicGate} {
Failed to find ptdoc for ptolemy.actor.lib.logic.TrueGate.  Try doing (cd /home/travis/build/icyphy/ptII/doc/test/../../doc; rm codeDoc/ptolemy/actor/lib/Ramp.xml codeDoc/ptolemy/actor/lib/RampIdx.xml; make docs)} {
Failed to find javadoc for ptolemy.actor.lib.logic.TrueGate} {
Failed to find source for ptolemy.actor.lib.logic.TrueGate} {
Failed to find ptdoc for ptolemy.actor.lib.AbsoluteValue.  Try doing (cd /home/travis/build/icyphy/ptII/doc/test/../../doc; rm codeDoc/ptolemy/actor/lib/Ramp.xml codeDoc/ptolemy/actor/lib/RampIdx.xml; make docs)} {
Failed to find javadoc for ptolemy.actor.lib.AbsoluteValue} {
Failed to find source for ptolemy.actor.lib.AbsoluteValue} {
Failed to find ptdoc for ptolemy.actor.lib.AddSubtract.  Try doing (cd /home/travis/build/icyphy/ptII/doc/test/../../doc; rm codeDoc/ptolemy/actor/lib/Ramp.xml codeDoc/ptolemy/actor/lib/RampIdx.xml; make docs)} {
Failed to find javadoc for ptolemy.actor.lib.AddSubtract} {
Failed to find source for ptolemy.actor.lib.AddSubtract} {
Failed to find ptdoc for ptolemy.actor.lib.Accumulator.  Try doing (cd /home/travis/build/icyphy/ptII/doc/test/../../doc; rm codeDoc/ptolemy/actor/lib/Ramp.xml codeDoc/ptolemy/actor/lib/RampIdx.xml; make docs)} {
Failed to find javadoc for ptolemy.actor.lib.Accumulator} {
Failed to find source for ptolemy.actor.lib.Accumulator} {
Failed to find ptdoc for ptolemy.actor.lib.Average.  Try doing (cd /home/travis/build/icyphy/ptII/doc/test/../../doc; rm codeDoc/ptolemy/actor/lib/Ramp.xml codeDoc/ptolemy/actor/lib/RampIdx.xml; make docs)} {
Failed to find javadoc for ptolemy.actor.lib.Average} {
Failed to find source for ptolemy.actor.lib.Average} {
Failed to find ptdoc for ptolemy.actor.lib.Counter.  Try doing (cd /home/travis/build/icyphy/ptII/doc/test/../../doc; rm codeDoc/ptolemy/actor/lib/Ramp.xml codeDoc/ptolemy/actor/lib/RampIdx.xml; make docs)} {
Failed to find javadoc for ptolemy.actor.lib.Counter} {
Failed to find source for ptolemy.actor.lib.Counter} {
Failed to find ptdoc for ptolemy.actor.lib.Differential.  Try doing (cd /home/travis/build/icyphy/ptII/doc/test/../../doc; rm codeDoc/ptolemy/actor/lib/Ramp.xml codeDoc/ptolemy/actor/lib/RampIdx.xml; make docs)} {
Failed to find javadoc for ptolemy.actor.lib.Differential} {
Failed to find source for ptolemy.actor.lib.Differential} {
Failed to find ptdoc for ptolemy.domains.sdf.lib.DotProduct.  Try doing (cd /home/travis/build/icyphy/ptII/doc/test/../../doc; rm codeDoc/ptolemy/actor/lib/Ramp.xml codeDoc/ptolemy/actor/lib/RampIdx.xml; make docs)} {
Failed to find javadoc for ptolemy.domains.sdf.lib.DotProduct} {
Failed to find source for ptolemy.domains.sdf.lib.DotProduct} {
Failed to find ptdoc for ptolemy.actor.lib.Expression.  Try doing (cd /home/travis/build/icyphy/ptII/doc/test/../../doc; rm codeDoc/ptolemy/actor/lib/Ramp.xml codeDoc/ptolemy/actor/lib/RampIdx.xml; make docs)} {
Failed to find javadoc for ptolemy.actor.lib.Expression} {
Failed to find source for ptolemy.actor.lib.Expression} {
Failed to find ptdoc for ptolemy.actor.lib.Limiter.  Try doing (cd /home/travis/build/icyphy/ptII/doc/test/../../doc; rm codeDoc/ptolemy/actor/lib/Ramp.xml codeDoc/ptolemy/actor/lib/RampIdx.xml; make docs)} {
Failed to find javadoc for ptolemy.actor.lib.Limiter} {
Failed to find source for ptolemy.actor.lib.Limiter} {
Failed to find ptdoc for ptolemy.actor.lib.LookupTable.  Try doing (cd /home/travis/build/icyphy/ptII/doc/test/../../doc; rm codeDoc/ptolemy/actor/lib/Ramp.xml codeDoc/ptolemy/actor/lib/RampIdx.xml; make docs)} {
Failed to find javadoc for ptolemy.actor.lib.LookupTable} {
Failed to find source for ptolemy.actor.lib.LookupTable} {
Failed to find ptdoc for ptolemy.actor.lib.Maximum.  Try doing (cd /home/travis/build/icyphy/ptII/doc/test/../../doc; rm codeDoc/ptolemy/actor/lib/Ramp.xml codeDoc/ptolemy/actor/lib/RampIdx.xml; make docs)} {
Failed to find javadoc for ptolemy.actor.lib.Maximum} {
Failed to find source for ptolemy.actor.lib.Maximum} {
Failed to find ptdoc for ptolemy.actor.lib.Minimum.  Try doing (cd /home/travis/build/icyphy/ptII/doc/test/../../doc; rm codeDoc/ptolemy/actor/lib/Ramp.xml codeDoc/ptolemy/actor/lib/RampIdx.xml; make docs)} {
Failed to find javadoc for ptolemy.actor.lib.Minimum} {
Failed to find source for ptolemy.actor.lib.Minimum} {
Failed to find ptdoc for ptolemy.actor.lib.MovingAverage.  Try doing (cd /home/travis/build/icyphy/ptII/doc/test/../../doc; rm codeDoc/ptolemy/actor/lib/Ramp.xml codeDoc/ptolemy/actor/lib/RampIdx.xml; make docs)} {
Failed to find javadoc for ptolemy.actor.lib.MovingAverage} {
Failed to find source for ptolemy.actor.lib.MovingAverage} {
Failed to find ptdoc for ptolemy.actor.lib.MultiplyDivide.  Try doing (cd /home/travis/build/icyphy/ptII/doc/test/../../doc; rm codeDoc/ptolemy/actor/lib/Ramp.xml codeDoc/ptolemy/actor/lib/RampIdx.xml; make docs)} {
Failed to find javadoc for ptolemy.actor.lib.MultiplyDivide} {
Failed to find source for ptolemy.actor.lib.MultiplyDivide} {
Failed to find ptdoc for ptolemy.actor.lib.Quantizer.  Try doing (cd /home/travis/build/icyphy/ptII/doc/test/../../doc; rm codeDoc/ptolemy/actor/lib/Ramp.xml codeDoc/ptolemy/actor/lib/RampIdx.xml; make docs)} {
Failed to find javadoc for ptolemy.actor.lib.Quantizer} {
Failed to find source for ptolemy.actor.lib.Quantizer} {
Failed to find ptdoc for ptolemy.actor.lib.Remainder.  Try doing (cd /home/travis/build/icyphy/ptII/doc/test/../../doc; rm codeDoc/ptolemy/actor/lib/Ramp.xml codeDoc/ptolemy/actor/lib/RampIdx.xml; make docs)} {
Failed to find javadoc for ptolemy.actor.lib.Remainder} {
Failed to find source for ptolemy.actor.lib.Remainder} {
Failed to find ptdoc for ptolemy.actor.lib.RunningMaximum.  Try doing (cd /home/travis/build/icyphy/ptII/doc/test/../../doc; rm codeDoc/ptolemy/actor/lib/Ramp.xml codeDoc/ptolemy/actor/lib/RampIdx.xml; make docs)} {
Failed to find javadoc for ptolemy.actor.lib.RunningMaximum} {
Failed to find source for ptolemy.actor.lib.RunningMaximum} {
Failed to find ptdoc for ptolemy.actor.lib.RunningMinimum.  Try doing (cd /home/travis/build/icyphy/ptII/doc/test/../../doc; rm codeDoc/ptolemy/actor/lib/Ramp.xml codeDoc/ptolemy/actor/lib/RampIdx.xml; make docs)} {
Failed to find javadoc for ptolemy.actor.lib.RunningMinimum} {
Failed to find source for ptolemy.actor.lib.RunningMinimum} {
Failed to find ptdoc for ptolemy.actor.lib.Scale.  Try doing (cd /home/travis/build/icyphy/ptII/doc/test/../../doc; rm codeDoc/ptolemy/actor/lib/Ramp.xml codeDoc/ptolemy/actor/lib/RampIdx.xml; make docs)} {
Failed to find javadoc for ptolemy.actor.lib.Scale} {
Failed to find source for ptolemy.actor.lib.Scale} {
Failed to find ptdoc for ptolemy.actor.lib.TrigFunction.  Try doing (cd /home/travis/build/icyphy/ptII/doc/test/../../doc; rm codeDoc/ptolemy/actor/lib/Ramp.xml codeDoc/ptolemy/actor/lib/RampIdx.xml; make docs)} {
Failed to find javadoc for ptolemy.actor.lib.TrigFunction} {
Failed to find source for ptolemy.actor.lib.TrigFunction} {
Failed to find ptdoc for ptolemy.actor.lib.UnaryMathFunction.  Try doing (cd /home/travis/build/icyphy/ptII/doc/test/../../doc; rm codeDoc/ptolemy/actor/lib/Ramp.xml codeDoc/ptolemy/actor/lib/RampIdx.xml; make docs)} {
Failed to find javadoc for ptolemy.actor.lib.UnaryMathFunction} {
Failed to find source for ptolemy.actor.lib.UnaryMathFunction} {
Failed to find ptdoc for ptolemy.actor.lib.ArrayToMatrix.  Try doing (cd /home/travis/build/icyphy/ptII/doc/test/../../doc; rm codeDoc/ptolemy/actor/lib/Ramp.xml codeDoc/ptolemy/actor/lib/RampIdx.xml; make docs)} {
Failed to find javadoc for ptolemy.actor.lib.ArrayToMatrix} {
Failed to find source for ptolemy.actor.lib.ArrayToMatrix} {
Failed to find ptdoc for ptolemy.domains.sdf.lib.MatrixJoin.  Try doing (cd /home/travis/build/icyphy/ptII/doc/test/../../doc; rm codeDoc/ptolemy/actor/lib/Ramp.xml codeDoc/ptolemy/actor/lib/RampIdx.xml; make docs)} {
Failed to find javadoc for ptolemy.domains.sdf.lib.MatrixJoin} {
Failed to find source for ptolemy.domains.sdf.lib.MatrixJoin} {
Failed to find ptdoc for ptolemy.domains.sdf.lib.MatrixSplit.  Try doing (cd /home/travis/build/icyphy/ptII/doc/test/../../doc; rm codeDoc/ptolemy/actor/lib/Ramp.xml codeDoc/ptolemy/actor/lib/RampIdx.xml; make docs)} {
Failed to find javadoc for ptolemy.domains.sdf.lib.MatrixSplit} {
Failed to find source for ptolemy.domains.sdf.lib.MatrixSplit} {
Failed to find ptdoc for ptolemy.actor.lib.MatrixToArray.  Try doing (cd /home/travis/build/icyphy/ptII/doc/test/../../doc; rm codeDoc/ptolemy/actor/lib/Ramp.xml codeDoc/ptolemy/actor/lib/RampIdx.xml; make docs)} {
Failed to find javadoc for ptolemy.actor.lib.MatrixToArray} {
Failed to find source for ptolemy.actor.lib.MatrixToArray} {
Failed to find ptdoc for ptolemy.domains.sdf.lib.MatrixToSequence.  Try doing (cd /home/travis/build/icyphy/ptII/doc/test/../../doc; rm codeDoc/ptolemy/actor/lib/Ramp.xml codeDoc/ptolemy/actor/lib/RampIdx.xml; make docs)} {
Failed to find javadoc for ptolemy.domains.sdf.lib.MatrixToSequence} {
Failed to find source for ptolemy.domains.sdf.lib.MatrixToSequence} {
Failed to find ptdoc for ptolemy.actor.lib.gui.MatrixViewer.  Try doing (cd /home/travis/build/icyphy/ptII/doc/test/../../doc; rm codeDoc/ptolemy/actor/lib/Ramp.xml codeDoc/ptolemy/actor/lib/RampIdx.xml; make docs)} {
Failed to find javadoc for ptolemy.actor.lib.gui.MatrixViewer} {
Failed to find source for ptolemy.actor.lib.gui.MatrixViewer} {
Failed to find ptdoc for ptolemy.domains.sdf.lib.SequenceToMatrix.  Try doing (cd /home/travis/build/icyphy/ptII/doc/test/../../doc; rm codeDoc/ptolemy/actor/lib/Ramp.xml codeDoc/ptolemy/actor/lib/RampIdx.xml; make docs)} {
Failed to find javadoc for ptolemy.domains.sdf.lib.SequenceToMatrix} {
Failed to find source for ptolemy.domains.sdf.lib.SequenceToMatrix} {
Failed to find ptdoc for ptolemy.actor.lib.SubMatrix.  Try doing (cd /home/travis/build/icyphy/ptII/doc/test/../../doc; rm codeDoc/ptolemy/actor/lib/Ramp.xml codeDoc/ptolemy/actor/lib/RampIdx.xml; make docs)} {
Failed to find javadoc for ptolemy.actor.lib.SubMatrix} {
Failed to find source for ptolemy.actor.lib.SubMatrix} {
Failed to find ptdoc for ptolemy.actor.lib.Bernoulli.  Try doing (cd /home/travis/build/icyphy/ptII/doc/test/../../doc; rm codeDoc/ptolemy/actor/lib/Ramp.xml codeDoc/ptolemy/actor/lib/RampIdx.xml; make docs)} {
Failed to find javadoc for ptolemy.actor.lib.Bernoulli} {
Failed to find source for ptolemy.actor.lib.Bernoulli} {
Failed to find ptdoc for ptolemy.actor.lib.DiscreteRandomSource.  Try doing (cd /home/travis/build/icyphy/ptII/doc/test/../../doc; rm codeDoc/ptolemy/actor/lib/Ramp.xml codeDoc/ptolemy/actor/lib/RampIdx.xml; make docs)} {
Failed to find javadoc for ptolemy.actor.lib.DiscreteRandomSource} {
Failed to find source for ptolemy.actor.lib.DiscreteRandomSource} {
Failed to find ptdoc for ptolemy.actor.lib.Gaussian.  Try doing (cd /home/travis/build/icyphy/ptII/doc/test/../../doc; rm codeDoc/ptolemy/actor/lib/Ramp.xml codeDoc/ptolemy/actor/lib/RampIdx.xml; make docs)} {
Failed to find javadoc for ptolemy.actor.lib.Gaussian} {
Failed to find source for ptolemy.actor.lib.Gaussian} {
Failed to find ptdoc for ptolemy.actor.lib.RandomInteger.  Try doing (cd /home/travis/build/icyphy/ptII/doc/test/../../doc; rm codeDoc/ptolemy/actor/lib/Ramp.xml codeDoc/ptolemy/actor/lib/RampIdx.xml; make docs)} {
Failed to find javadoc for ptolemy.actor.lib.RandomInteger} {
Failed to find source for ptolemy.actor.lib.RandomInteger} {
Failed to find ptdoc for ptolemy.actor.lib.Rician.  Try doing (cd /home/travis/build/icyphy/ptII/doc/test/../../doc; rm codeDoc/ptolemy/actor/lib/Ramp.xml codeDoc/ptolemy/actor/lib/RampIdx.xml; make docs)} {
Failed to find javadoc for ptolemy.actor.lib.Rician} {
Failed to find source for ptolemy.actor.lib.Rician} {
Failed to find ptdoc for ptolemy.actor.lib.Triangular.  Try doing (cd /home/travis/build/icyphy/ptII/doc/test/../../doc; rm codeDoc/ptolemy/actor/lib/Ramp.xml codeDoc/ptolemy/actor/lib/RampIdx.xml; make docs)} {
Failed to find javadoc for ptolemy.actor.lib.Triangular} {
Failed to find source for ptolemy.actor.lib.Triangular} {
Failed to find ptdoc for ptolemy.actor.lib.Uniform.  Try doing (cd /home/travis/build/icyphy/ptII/doc/test/../../doc; rm codeDoc/ptolemy/actor/lib/Ramp.xml codeDoc/ptolemy/actor/lib/RampIdx.xml; make docs)} {
Failed to find javadoc for ptolemy.actor.lib.Uniform} {
Failed to find source for ptolemy.actor.lib.Uniform} {
Failed to find ptdoc for ptolemy.actor.lib.colt.ColtBeta.  Try doing (cd /home/travis/build/icyphy/ptII/doc/test/../../doc; rm codeDoc/ptolemy/actor/lib/Ramp.xml codeDoc/ptolemy/actor/lib/RampIdx.xml; make docs)} {
Failed to find javadoc for ptolemy.actor.lib.colt.ColtBeta} {
Failed to find source for ptolemy.actor.lib.colt.ColtBeta} {
Failed to find ptdoc for ptolemy.actor.lib.colt.ColtBinomial.  Try doing (cd /home/travis/build/icyphy/ptII/doc/test/../../doc; rm codeDoc/ptolemy/actor/lib/Ramp.xml codeDoc/ptolemy/actor/lib/RampIdx.xml; make docs)} {
Failed to find javadoc for ptolemy.actor.lib.colt.ColtBinomial} {
Failed to find source for ptolemy.actor.lib.colt.ColtBinomial} {
Failed to find ptdoc for ptolemy.actor.lib.colt.ColtBinomialSelector.  Try doing (cd /home/travis/build/icyphy/ptII/doc/test/../../doc; rm codeDoc/ptolemy/actor/lib/Ramp.xml codeDoc/ptolemy/actor/lib/RampIdx.xml; make docs)} {
Failed to find javadoc for ptolemy.actor.lib.colt.ColtBinomialSelector} {
Failed to find source for ptolemy.actor.lib.colt.ColtBinomialSelector} {
Failed to find ptdoc for ptolemy.actor.lib.colt.ColtBreitWigner.  Try doing (cd /home/travis/build/icyphy/ptII/doc/test/../../doc; rm codeDoc/ptolemy/actor/lib/Ramp.xml codeDoc/ptolemy/actor/lib/RampIdx.xml; make docs)} {
Failed to find javadoc for ptolemy.actor.lib.colt.ColtBreitWigner} {
Failed to find source for ptolemy.actor.lib.colt.ColtBreitWigner} {
Failed to find ptdoc for ptolemy.actor.lib.colt.ColtChiSquare.  Try doing (cd /home/travis/build/icyphy/ptII/doc/test/../../doc; rm codeDoc/ptolemy/actor/lib/Ramp.xml codeDoc/ptolemy/actor/lib/RampIdx.xml; make docs)} {
Failed to find javadoc for ptolemy.actor.lib.colt.ColtChiSquare} {
Failed to find source for ptolemy.actor.lib.colt.ColtChiSquare} {
Failed to find ptdoc for ptolemy.actor.lib.colt.ColtExponential.  Try doing (cd /home/travis/build/icyphy/ptII/doc/test/../../doc; rm codeDoc/ptolemy/actor/lib/Ramp.xml codeDoc/ptolemy/actor/lib/RampIdx.xml; make docs)} {
Failed to find javadoc for ptolemy.actor.lib.colt.ColtExponential} {
Failed to find source for ptolemy.actor.lib.colt.ColtExponential} {
Failed to find ptdoc for ptolemy.actor.lib.colt.ColtExponentialPower.  Try doing (cd /home/travis/build/icyphy/ptII/doc/test/../../doc; rm codeDoc/ptolemy/actor/lib/Ramp.xml codeDoc/ptolemy/actor/lib/RampIdx.xml; make docs)} {
Failed to find javadoc for ptolemy.actor.lib.colt.ColtExponentialPower} {
Failed to find source for ptolemy.actor.lib.colt.ColtExponentialPower} {
Failed to find ptdoc for ptolemy.actor.lib.colt.ColtGamma.  Try doing (cd /home/travis/build/icyphy/ptII/doc/test/../../doc; rm codeDoc/ptolemy/actor/lib/Ramp.xml codeDoc/ptolemy/actor/lib/RampIdx.xml; make docs)} {
Failed to find javadoc for ptolemy.actor.lib.colt.ColtGamma} {
Failed to find source for ptolemy.actor.lib.colt.ColtGamma} {
Failed to find ptdoc for ptolemy.actor.lib.colt.ColtHyperGeometric.  Try doing (cd /home/travis/build/icyphy/ptII/doc/test/../../doc; rm codeDoc/ptolemy/actor/lib/Ramp.xml codeDoc/ptolemy/actor/lib/RampIdx.xml; make docs)} {
Failed to find javadoc for ptolemy.actor.lib.colt.ColtHyperGeometric} {
Failed to find source for ptolemy.actor.lib.colt.ColtHyperGeometric} {
Failed to find ptdoc for ptolemy.actor.lib.colt.ColtLogarithmic.  Try doing (cd /home/travis/build/icyphy/ptII/doc/test/../../doc; rm codeDoc/ptolemy/actor/lib/Ramp.xml codeDoc/ptolemy/actor/lib/RampIdx.xml; make docs)} {
Failed to find javadoc for ptolemy.actor.lib.colt.ColtLogarithmic} {
Failed to find source for ptolemy.actor.lib.colt.ColtLogarithmic} {
Failed to find ptdoc for ptolemy.actor.lib.colt.ColtNegativeBinomial.  Try doing (cd /home/travis/build/icyphy/ptII/doc/test/../../doc; rm codeDoc/ptolemy/actor/lib/Ramp.xml codeDoc/ptolemy/actor/lib/RampIdx.xml; make docs)} {
Failed to find javadoc for ptolemy.actor.lib.colt.ColtNegativeBinomial} {
Failed to find source for ptolemy.actor.lib.colt.ColtNegativeBinomial} {
Failed to find ptdoc for ptolemy.actor.lib.colt.ColtNormal.  Try doing (cd /home/travis/build/icyphy/ptII/doc/test/../../doc; rm codeDoc/ptolemy/actor/lib/Ramp.xml codeDoc/ptolemy/actor/lib/RampIdx.xml; make docs)} {
Failed to find javadoc for ptolemy.actor.lib.colt.ColtNormal} {
Failed to find source for ptolemy.actor.lib.colt.ColtNormal} {
Failed to find ptdoc for ptolemy.actor.lib.colt.ColtPoisson.  Try doing (cd /home/travis/build/icyphy/ptII/doc/test/../../doc; rm codeDoc/ptolemy/actor/lib/Ramp.xml codeDoc/ptolemy/actor/lib/RampIdx.xml; make docs)} {
Failed to find javadoc for ptolemy.actor.lib.colt.ColtPoisson} {
Failed to find source for ptolemy.actor.lib.colt.ColtPoisson} {
Failed to find ptdoc for ptolemy.actor.lib.colt.ColtPoissonSlow.  Try doing (cd /home/travis/build/icyphy/ptII/doc/test/../../doc; rm codeDoc/ptolemy/actor/lib/Ramp.xml codeDoc/ptolemy/actor/lib/RampIdx.xml; make docs)} {
Failed to find javadoc for ptolemy.actor.lib.colt.ColtPoissonSlow} {
Failed to find source for ptolemy.actor.lib.colt.ColtPoissonSlow} {
Failed to find ptdoc for ptolemy.actor.lib.colt.ColtStudentT.  Try doing (cd /home/travis/build/icyphy/ptII/doc/test/../../doc; rm codeDoc/ptolemy/actor/lib/Ramp.xml codeDoc/ptolemy/actor/lib/RampIdx.xml; make docs)} {
Failed to find javadoc for ptolemy.actor.lib.colt.ColtStudentT} {
Failed to find source for ptolemy.actor.lib.colt.ColtStudentT} {
Failed to find ptdoc for ptolemy.actor.lib.colt.ColtVonMises.  Try doing (cd /home/travis/build/icyphy/ptII/doc/test/../../doc; rm codeDoc/ptolemy/actor/lib/Ramp.xml codeDoc/ptolemy/actor/lib/RampIdx.xml; make docs)} {
Failed to find javadoc for ptolemy.actor.lib.colt.ColtVonMises} {
Failed to find source for ptolemy.actor.lib.colt.ColtVonMises} {
Failed to find ptdoc for ptolemy.actor.lib.colt.ColtZeta.  Try doing (cd /home/travis/build/icyphy/ptII/doc/test/../../doc; rm codeDoc/ptolemy/actor/lib/Ramp.xml codeDoc/ptolemy/actor/lib/RampIdx.xml; make docs)} {
Failed to find javadoc for ptolemy.actor.lib.colt.ColtZeta} {
Failed to find source for ptolemy.actor.lib.colt.ColtZeta} {
Failed to find ptdoc for ptolemy.actor.lib.DelayStart.  Try doing (cd /home/travis/build/icyphy/ptII/doc/test/../../doc; rm codeDoc/ptolemy/actor/lib/Ramp.xml codeDoc/ptolemy/actor/lib/RampIdx.xml; make docs)} {
Failed to find javadoc for ptolemy.actor.lib.DelayStart} {
Failed to find source for ptolemy.actor.lib.DelayStart} {
Failed to find ptdoc for ptolemy.actor.lib.ExecutionTime.  Try doing (cd /home/travis/build/icyphy/ptII/doc/test/../../doc; rm codeDoc/ptolemy/actor/lib/Ramp.xml codeDoc/ptolemy/actor/lib/RampIdx.xml; make docs)} {
Failed to find javadoc for ptolemy.actor.lib.ExecutionTime} {
Failed to find source for ptolemy.actor.lib.ExecutionTime} {
Failed to find ptdoc for ptolemy.actor.lib.gui.RealTimePlotter.  Try doing (cd /home/travis/build/icyphy/ptII/doc/test/../../doc; rm codeDoc/ptolemy/actor/lib/Ramp.xml codeDoc/ptolemy/actor/lib/RampIdx.xml; make docs)} {
Failed to find javadoc for ptolemy.actor.lib.gui.RealTimePlotter} {
Failed to find source for ptolemy.actor.lib.gui.RealTimePlotter} {
Failed to find ptdoc for ptolemy.actor.lib.Sleep.  Try doing (cd /home/travis/build/icyphy/ptII/doc/test/../../doc; rm codeDoc/ptolemy/actor/lib/Ramp.xml codeDoc/ptolemy/actor/lib/RampIdx.xml; make docs)} {
Failed to find javadoc for ptolemy.actor.lib.Sleep} {
Failed to find source for ptolemy.actor.lib.Sleep} {
Failed to find ptdoc for ptolemy.actor.lib.VariableSleep.  Try doing (cd /home/travis/build/icyphy/ptII/doc/test/../../doc; rm codeDoc/ptolemy/actor/lib/Ramp.xml codeDoc/ptolemy/actor/lib/RampIdx.xml; make docs)} {
Failed to find javadoc for ptolemy.actor.lib.VariableSleep} {
Failed to find source for ptolemy.actor.lib.VariableSleep} {
Failed to find ptdoc for ptolemy.actor.lib.WallClockTime.  Try doing (cd /home/travis/build/icyphy/ptII/doc/test/../../doc; rm codeDoc/ptolemy/actor/lib/Ramp.xml codeDoc/ptolemy/actor/lib/RampIdx.xml; make docs)} {
Failed to find javadoc for ptolemy.actor.lib.WallClockTime} {
Failed to find source for ptolemy.actor.lib.WallClockTime} {
Failed to find ptdoc for ptolemy.actor.lib.GetCausalityInterface.  Try doing (cd /home/travis/build/icyphy/ptII/doc/test/../../doc; rm codeDoc/ptolemy/actor/lib/Ramp.xml codeDoc/ptolemy/actor/lib/RampIdx.xml; make docs)} {
Failed to find javadoc for ptolemy.actor.lib.GetCausalityInterface} {
Failed to find source for ptolemy.actor.lib.GetCausalityInterface} {
Failed to find ptdoc for ptolemy.actor.lib.CurrentMicrostep.  Try doing (cd /home/travis/build/icyphy/ptII/doc/test/../../doc; rm codeDoc/ptolemy/actor/lib/Ramp.xml codeDoc/ptolemy/actor/lib/RampIdx.xml; make docs)} {
Failed to find javadoc for ptolemy.actor.lib.CurrentMicrostep} {
Failed to find source for ptolemy.actor.lib.CurrentMicrostep} {
Failed to find ptdoc for ptolemy.actor.lib.NonStrictTest.  Try doing (cd /home/travis/build/icyphy/ptII/doc/test/../../doc; rm codeDoc/ptolemy/actor/lib/Ramp.xml codeDoc/ptolemy/actor/lib/RampIdx.xml; make docs)} {
Failed to find javadoc for ptolemy.actor.lib.NonStrictTest} {
Failed to find source for ptolemy.actor.lib.NonStrictTest} {
Failed to find ptdoc for ptolemy.actor.lib.Test.  Try doing (cd /home/travis/build/icyphy/ptII/doc/test/../../doc; rm codeDoc/ptolemy/actor/lib/Ramp.xml codeDoc/ptolemy/actor/lib/RampIdx.xml; make docs)} {
Failed to find javadoc for ptolemy.actor.lib.Test} {
Failed to find source for ptolemy.actor.lib.Test} {
Failed to find ptdoc for ptolemy.actor.lib.TypeTest.  Try doing (cd /home/travis/build/icyphy/ptII/doc/test/../../doc; rm codeDoc/ptolemy/actor/lib/Ramp.xml codeDoc/ptolemy/actor/lib/RampIdx.xml; make docs)} {
Failed to find javadoc for ptolemy.actor.lib.TypeTest} {
Failed to find source for ptolemy.actor.lib.TypeTest} {
Failed to find ptdoc for ptolemy.domains.sr.lib.Absent.  Try doing (cd /home/travis/build/icyphy/ptII/doc/test/../../doc; rm codeDoc/ptolemy/actor/lib/Ramp.xml codeDoc/ptolemy/actor/lib/RampIdx.xml; make docs)} {
Failed to find javadoc for ptolemy.domains.sr.lib.Absent} {
Failed to find source for ptolemy.domains.sr.lib.Absent} {
Failed to find ptdoc for ptolemy.domains.sr.lib.Current.  Try doing (cd /home/travis/build/icyphy/ptII/doc/test/../../doc; rm codeDoc/ptolemy/actor/lib/Ramp.xml codeDoc/ptolemy/actor/lib/RampIdx.xml; make docs)} {
Failed to find javadoc for ptolemy.domains.sr.lib.Current} {
Failed to find source for ptolemy.domains.sr.lib.Current} {
Failed to find ptdoc for ptolemy.actor.lib.Default.  Try doing (cd /home/travis/build/icyphy/ptII/doc/test/../../doc; rm codeDoc/ptolemy/actor/lib/Ramp.xml codeDoc/ptolemy/actor/lib/RampIdx.xml; make docs)} {
Failed to find javadoc for ptolemy.actor.lib.Default} {
Failed to find source for ptolemy.actor.lib.Default} {
Failed to find ptdoc for ptolemy.domains.sr.lib.InstantaneousDialogGenerator.  Try doing (cd /home/travis/build/icyphy/ptII/doc/test/../../doc; rm codeDoc/ptolemy/actor/lib/Ramp.xml codeDoc/ptolemy/actor/lib/RampIdx.xml; make docs)} {
Failed to find javadoc for ptolemy.domains.sr.lib.InstantaneousDialogGenerator} {
Failed to find source for ptolemy.domains.sr.lib.InstantaneousDialogGenerator} {
Failed to find ptdoc for ptolemy.actor.lib.logic.IsPresent.  Try doing (cd /home/travis/build/icyphy/ptII/doc/test/../../doc; rm codeDoc/ptolemy/actor/lib/Ramp.xml codeDoc/ptolemy/actor/lib/RampIdx.xml; make docs)} {
Failed to find javadoc for ptolemy.actor.lib.logic.IsPresent} {
Failed to find source for ptolemy.actor.lib.logic.IsPresent} {
Failed to find ptdoc for ptolemy.domains.sr.lib.NonStrictDelay.  Try doing (cd /home/travis/build/icyphy/ptII/doc/test/../../doc; rm codeDoc/ptolemy/actor/lib/Ramp.xml codeDoc/ptolemy/actor/lib/RampIdx.xml; make docs)} {
Failed to find javadoc for ptolemy.domains.sr.lib.NonStrictDelay} {
Failed to find source for ptolemy.domains.sr.lib.NonStrictDelay} {
Failed to find ptdoc for ptolemy.domains.sr.lib.gui.NonStrictDisplay.  Try doing (cd /home/travis/build/icyphy/ptII/doc/test/../../doc; rm codeDoc/ptolemy/actor/lib/Ramp.xml codeDoc/ptolemy/actor/lib/RampIdx.xml; make docs)} {
Failed to find javadoc for ptolemy.domains.sr.lib.gui.NonStrictDisplay} {
Failed to find source for ptolemy.domains.sr.lib.gui.NonStrictDisplay} {
Failed to find ptdoc for ptolemy.domains.sr.lib.BinaryNonStrictLogicGate.  Try doing (cd /home/travis/build/icyphy/ptII/doc/test/../../doc; rm codeDoc/ptolemy/actor/lib/Ramp.xml codeDoc/ptolemy/actor/lib/RampIdx.xml; make docs)} {
Failed to find javadoc for ptolemy.domains.sr.lib.BinaryNonStrictLogicGate} {
Failed to find source for ptolemy.domains.sr.lib.BinaryNonStrictLogicGate} {
Failed to find ptdoc for ptolemy.domains.sr.lib.NonStrictLogicGate.  Try doing (cd /home/travis/build/icyphy/ptII/doc/test/../../doc; rm codeDoc/ptolemy/actor/lib/Ramp.xml codeDoc/ptolemy/actor/lib/RampIdx.xml; make docs)} {
Failed to find javadoc for ptolemy.domains.sr.lib.NonStrictLogicGate} {
Failed to find source for ptolemy.domains.sr.lib.NonStrictLogicGate} {
Failed to find ptdoc for ptolemy.domains.sr.lib.NonStrictAndGate.  Try doing (cd /home/travis/build/icyphy/ptII/doc/test/../../doc; rm codeDoc/ptolemy/actor/lib/Ramp.xml codeDoc/ptolemy/actor/lib/RampIdx.xml; make docs)} {
Failed to find javadoc for ptolemy.domains.sr.lib.NonStrictAndGate} {
Failed to find source for ptolemy.domains.sr.lib.NonStrictAndGate} {
Failed to find ptdoc for ptolemy.domains.sr.lib.NonStrictOrGate.  Try doing (cd /home/travis/build/icyphy/ptII/doc/test/../../doc; rm codeDoc/ptolemy/actor/lib/Ramp.xml codeDoc/ptolemy/actor/lib/RampIdx.xml; make docs)} {
Failed to find javadoc for ptolemy.domains.sr.lib.NonStrictOrGate} {
Failed to find source for ptolemy.domains.sr.lib.NonStrictOrGate} {
Failed to find ptdoc for ptolemy.domains.sr.lib.NonStrictXorGate.  Try doing (cd /home/travis/build/icyphy/ptII/doc/test/../../doc; rm codeDoc/ptolemy/actor/lib/Ramp.xml codeDoc/ptolemy/actor/lib/RampIdx.xml; make docs)} {
Failed to find javadoc for ptolemy.domains.sr.lib.NonStrictXorGate} {
Failed to find source for ptolemy.domains.sr.lib.NonStrictXorGate} {
Failed to find ptdoc for ptolemy.domains.sr.lib.NonStrictThreeBitAdder.  Try doing (cd /home/travis/build/icyphy/ptII/doc/test/../../doc; rm codeDoc/ptolemy/actor/lib/Ramp.xml codeDoc/ptolemy/actor/lib/RampIdx.xml; make docs)} {
Failed to find javadoc for ptolemy.domains.sr.lib.NonStrictThreeBitAdder} {
Failed to find source for ptolemy.domains.sr.lib.NonStrictThreeBitAdder} {
Failed to find ptdoc for ptolemy.domains.sr.lib.Pre.  Try doing (cd /home/travis/build/icyphy/ptII/doc/test/../../doc; rm codeDoc/ptolemy/actor/lib/Ramp.xml codeDoc/ptolemy/actor/lib/RampIdx.xml; make docs)} {
Failed to find javadoc for ptolemy.domains.sr.lib.Pre} {
Failed to find source for ptolemy.domains.sr.lib.Pre} {
Failed to find ptdoc for ptolemy.domains.sr.lib.SingleTokenDistributor.  Try doing (cd /home/travis/build/icyphy/ptII/doc/test/../../doc; rm codeDoc/ptolemy/actor/lib/Ramp.xml codeDoc/ptolemy/actor/lib/RampIdx.xml; make docs)} {
Failed to find javadoc for ptolemy.domains.sr.lib.SingleTokenDistributor} {
Failed to find source for ptolemy.domains.sr.lib.SingleTokenDistributor} {
Failed to find ptdoc for ptolemy.domains.sr.lib.When.  Try doing (cd /home/travis/build/icyphy/ptII/doc/test/../../doc; rm codeDoc/ptolemy/actor/lib/Ramp.xml codeDoc/ptolemy/actor/lib/RampIdx.xml; make docs)} {
Failed to find javadoc for ptolemy.domains.sr.lib.When} {
Failed to find source for ptolemy.domains.sr.lib.When} {
Failed to find ptdoc for ptolemy.actor.lib.logic.TrueGate.  Try doing (cd /home/travis/build/icyphy/ptII/doc/test/../../doc; rm codeDoc/ptolemy/actor/lib/Ramp.xml codeDoc/ptolemy/actor/lib/RampIdx.xml; make docs)} {
Failed to find javadoc for ptolemy.actor.lib.logic.TrueGate} {
Failed to find source for ptolemy.actor.lib.logic.TrueGate} {
Failed to find ptdoc for ptolemy.actor.lib.javasound.AudioCapture.  Try doing (cd /home/travis/build/icyphy/ptII/doc/test/../../doc; rm codeDoc/ptolemy/actor/lib/Ramp.xml codeDoc/ptolemy/actor/lib/RampIdx.xml; make docs)} {
Failed to find javadoc for ptolemy.actor.lib.javasound.AudioCapture} {
Failed to find source for ptolemy.actor.lib.javasound.AudioCapture} {
Failed to find ptdoc for ptolemy.actor.lib.javasound.AudioReader.  Try doing (cd /home/travis/build/icyphy/ptII/doc/test/../../doc; rm codeDoc/ptolemy/actor/lib/Ramp.xml codeDoc/ptolemy/actor/lib/RampIdx.xml; make docs)} {
Failed to find javadoc for ptolemy.actor.lib.javasound.AudioReader} {
Failed to find source for ptolemy.actor.lib.javasound.AudioReader} {
Failed to find ptdoc for ptolemy.actor.lib.javasound.AudioPlayer.  Try doing (cd /home/travis/build/icyphy/ptII/doc/test/../../doc; rm codeDoc/ptolemy/actor/lib/Ramp.xml codeDoc/ptolemy/actor/lib/RampIdx.xml; make docs)} {
Failed to find javadoc for ptolemy.actor.lib.javasound.AudioPlayer} {
Failed to find source for ptolemy.actor.lib.javasound.AudioPlayer} {
Failed to find ptdoc for ptolemy.actor.lib.javasound.AudioWriter.  Try doing (cd /home/travis/build/icyphy/ptII/doc/test/../../doc; rm codeDoc/ptolemy/actor/lib/Ramp.xml codeDoc/ptolemy/actor/lib/RampIdx.xml; make docs)} {
Failed to find javadoc for ptolemy.actor.lib.javasound.AudioWriter} {
Failed to find source for ptolemy.actor.lib.javasound.AudioWriter} {
Failed to find ptdoc for ptolemy.actor.lib.javasound.ClipPlayer.  Try doing (cd /home/travis/build/icyphy/ptII/doc/test/../../doc; rm codeDoc/ptolemy/actor/lib/Ramp.xml codeDoc/ptolemy/actor/lib/RampIdx.xml; make docs)} {
Failed to find javadoc for ptolemy.actor.lib.javasound.ClipPlayer} {
Failed to find source for ptolemy.actor.lib.javasound.ClipPlayer} {
Failed to find ptdoc for ptolemy.actor.lib.comm.ConvolutionalCoder.  Try doing (cd /home/travis/build/icyphy/ptII/doc/test/../../doc; rm codeDoc/ptolemy/actor/lib/Ramp.xml codeDoc/ptolemy/actor/lib/RampIdx.xml; make docs)} {
Failed to find javadoc for ptolemy.actor.lib.comm.ConvolutionalCoder} {
Failed to find source for ptolemy.actor.lib.comm.ConvolutionalCoder} {
Failed to find ptdoc for ptolemy.actor.lib.comm.DeScrambler.  Try doing (cd /home/travis/build/icyphy/ptII/doc/test/../../doc; rm codeDoc/ptolemy/actor/lib/Ramp.xml codeDoc/ptolemy/actor/lib/RampIdx.xml; make docs)} {
Failed to find javadoc for ptolemy.actor.lib.comm.DeScrambler} {
Failed to find source for ptolemy.actor.lib.comm.DeScrambler} {
Failed to find ptdoc for ptolemy.actor.lib.comm.HadamardCode.  Try doing (cd /home/travis/build/icyphy/ptII/doc/test/../../doc; rm codeDoc/ptolemy/actor/lib/Ramp.xml codeDoc/ptolemy/actor/lib/RampIdx.xml; make docs)} {
Failed to find javadoc for ptolemy.actor.lib.comm.HadamardCode} {
Failed to find source for ptolemy.actor.lib.comm.HadamardCode} {
Failed to find ptdoc for ptolemy.actor.lib.comm.HammingCoder.  Try doing (cd /home/travis/build/icyphy/ptII/doc/test/../../doc; rm codeDoc/ptolemy/actor/lib/Ramp.xml codeDoc/ptolemy/actor/lib/RampIdx.xml; make docs)} {
Failed to find javadoc for ptolemy.actor.lib.comm.HammingCoder} {
Failed to find source for ptolemy.actor.lib.comm.HammingCoder} {
Failed to find ptdoc for ptolemy.actor.lib.comm.HammingDecoder.  Try doing (cd /home/travis/build/icyphy/ptII/doc/test/../../doc; rm codeDoc/ptolemy/actor/lib/Ramp.xml codeDoc/ptolemy/actor/lib/RampIdx.xml; make docs)} {
Failed to find javadoc for ptolemy.actor.lib.comm.HammingDecoder} {
Failed to find source for ptolemy.actor.lib.comm.HammingDecoder} {
Failed to find ptdoc for ptolemy.actor.lib.comm.HuffmanCoder.  Try doing (cd /home/travis/build/icyphy/ptII/doc/test/../../doc; rm codeDoc/ptolemy/actor/lib/Ramp.xml codeDoc/ptolemy/actor/lib/RampIdx.xml; make docs)} {
Failed to find javadoc for ptolemy.actor.lib.comm.HuffmanCoder} {
Failed to find source for ptolemy.actor.lib.comm.HuffmanCoder} {
Failed to find ptdoc for ptolemy.actor.lib.comm.HuffmanDecoder.  Try doing (cd /home/travis/build/icyphy/ptII/doc/test/../../doc; rm codeDoc/ptolemy/actor/lib/Ramp.xml codeDoc/ptolemy/actor/lib/RampIdx.xml; make docs)} {
Failed to find javadoc for ptolemy.actor.lib.comm.HuffmanDecoder} {
Failed to find source for ptolemy.actor.lib.comm.HuffmanDecoder} {
Failed to find ptdoc for ptolemy.actor.lib.comm.LempelZivCoder.  Try doing (cd /home/travis/build/icyphy/ptII/doc/test/../../doc; rm codeDoc/ptolemy/actor/lib/Ramp.xml codeDoc/ptolemy/actor/lib/RampIdx.xml; make docs)} {
Failed to find javadoc for ptolemy.actor.lib.comm.LempelZivCoder} {
Failed to find source for ptolemy.actor.lib.comm.LempelZivCoder} {
Failed to find ptdoc for ptolemy.actor.lib.comm.LempelZivDecoder.  Try doing (cd /home/travis/build/icyphy/ptII/doc/test/../../doc; rm codeDoc/ptolemy/actor/lib/Ramp.xml codeDoc/ptolemy/actor/lib/RampIdx.xml; make docs)} {
Failed to find javadoc for ptolemy.actor.lib.comm.LempelZivDecoder} {
Failed to find source for ptolemy.actor.lib.comm.LempelZivDecoder} {
Failed to find ptdoc for ptolemy.domains.sdf.lib.LineCoder.  Try doing (cd /home/travis/build/icyphy/ptII/doc/test/../../doc; rm codeDoc/ptolemy/actor/lib/Ramp.xml codeDoc/ptolemy/actor/lib/RampIdx.xml; make docs)} {
Failed to find javadoc for ptolemy.domains.sdf.lib.LineCoder} {
Failed to find source for ptolemy.domains.sdf.lib.LineCoder} {
Failed to find ptdoc for ptolemy.domains.sdf.lib.LMSAdaptive.  Try doing (cd /home/travis/build/icyphy/ptII/doc/test/../../doc; rm codeDoc/ptolemy/actor/lib/Ramp.xml codeDoc/ptolemy/actor/lib/RampIdx.xml; make docs)} {
Failed to find javadoc for ptolemy.domains.sdf.lib.LMSAdaptive} {
Failed to find source for ptolemy.domains.sdf.lib.LMSAdaptive} {
Failed to find ptdoc for ptolemy.domains.sdf.lib.RaisedCosine.  Try doing (cd /home/travis/build/icyphy/ptII/doc/test/../../doc; rm codeDoc/ptolemy/actor/lib/Ramp.xml codeDoc/ptolemy/actor/lib/RampIdx.xml; make docs)} {
Failed to find javadoc for ptolemy.domains.sdf.lib.RaisedCosine} {
Failed to find source for ptolemy.domains.sdf.lib.RaisedCosine} {
Failed to find ptdoc for ptolemy.actor.lib.comm.Scrambler.  Try doing (cd /home/travis/build/icyphy/ptII/doc/test/../../doc; rm codeDoc/ptolemy/actor/lib/Ramp.xml codeDoc/ptolemy/actor/lib/RampIdx.xml; make docs)} {
Failed to find javadoc for ptolemy.actor.lib.comm.Scrambler} {
Failed to find source for ptolemy.actor.lib.comm.Scrambler} {
Failed to find ptdoc for ptolemy.actor.lib.comm.Slicer.  Try doing (cd /home/travis/build/icyphy/ptII/doc/test/../../doc; rm codeDoc/ptolemy/actor/lib/Ramp.xml codeDoc/ptolemy/actor/lib/RampIdx.xml; make docs)} {
Failed to find javadoc for ptolemy.actor.lib.comm.Slicer} {
Failed to find source for ptolemy.actor.lib.comm.Slicer} {
Failed to find ptdoc for ptolemy.actor.lib.comm.TrellisDecoder.  Try doing (cd /home/travis/build/icyphy/ptII/doc/test/../../doc; rm codeDoc/ptolemy/actor/lib/Ramp.xml codeDoc/ptolemy/actor/lib/RampIdx.xml; make docs)} {
Failed to find javadoc for ptolemy.actor.lib.comm.TrellisDecoder} {
Failed to find source for ptolemy.actor.lib.comm.TrellisDecoder} {
Failed to find ptdoc for ptolemy.actor.lib.comm.ViterbiDecoder.  Try doing (cd /home/travis/build/icyphy/ptII/doc/test/../../doc; rm codeDoc/ptolemy/actor/lib/Ramp.xml codeDoc/ptolemy/actor/lib/RampIdx.xml; make docs)} {
Failed to find javadoc for ptolemy.actor.lib.comm.ViterbiDecoder} {
Failed to find source for ptolemy.actor.lib.comm.ViterbiDecoder} {
Failed to find ptdoc for ptolemy.domains.sdf.lib.DelayLine.  Try doing (cd /home/travis/build/icyphy/ptII/doc/test/../../doc; rm codeDoc/ptolemy/actor/lib/Ramp.xml codeDoc/ptolemy/actor/lib/RampIdx.xml; make docs)} {
Failed to find javadoc for ptolemy.domains.sdf.lib.DelayLine} {
Failed to find source for ptolemy.domains.sdf.lib.DelayLine} {
Failed to find ptdoc for ptolemy.domains.sdf.lib.DownSample.  Try doing (cd /home/travis/build/icyphy/ptII/doc/test/../../doc; rm codeDoc/ptolemy/actor/lib/Ramp.xml codeDoc/ptolemy/actor/lib/RampIdx.xml; make docs)} {
Failed to find javadoc for ptolemy.domains.sdf.lib.DownSample} {
Failed to find source for ptolemy.domains.sdf.lib.DownSample} {
Failed to find ptdoc for ptolemy.domains.sdf.lib.FIR.  Try doing (cd /home/travis/build/icyphy/ptII/doc/test/../../doc; rm codeDoc/ptolemy/actor/lib/Ramp.xml codeDoc/ptolemy/actor/lib/RampIdx.xml; make docs)} {
Failed to find javadoc for ptolemy.domains.sdf.lib.FIR} {
Failed to find source for ptolemy.domains.sdf.lib.FIR} {
Failed to find ptdoc for ptolemy.actor.lib.GradientAdaptiveLattice.  Try doing (cd /home/travis/build/icyphy/ptII/doc/test/../../doc; rm codeDoc/ptolemy/actor/lib/Ramp.xml codeDoc/ptolemy/actor/lib/RampIdx.xml; make docs)} {
Failed to find javadoc for ptolemy.actor.lib.GradientAdaptiveLattice} {
Failed to find source for ptolemy.actor.lib.GradientAdaptiveLattice} {
Failed to find ptdoc for ptolemy.actor.lib.IIR.  Try doing (cd /home/travis/build/icyphy/ptII/doc/test/../../doc; rm codeDoc/ptolemy/actor/lib/Ramp.xml codeDoc/ptolemy/actor/lib/RampIdx.xml; make docs)} {
Failed to find javadoc for ptolemy.actor.lib.IIR} {
Failed to find source for ptolemy.actor.lib.IIR} {
Failed to find ptdoc for ptolemy.actor.lib.Lattice.  Try doing (cd /home/travis/build/icyphy/ptII/doc/test/../../doc; rm codeDoc/ptolemy/actor/lib/Ramp.xml codeDoc/ptolemy/actor/lib/RampIdx.xml; make docs)} {
Failed to find javadoc for ptolemy.actor.lib.Lattice} {
Failed to find source for ptolemy.actor.lib.Lattice} {
Failed to find ptdoc for ptolemy.actor.lib.LinearDifferenceEquationSystem.  Try doing (cd /home/travis/build/icyphy/ptII/doc/test/../../doc; rm codeDoc/ptolemy/actor/lib/Ramp.xml codeDoc/ptolemy/actor/lib/RampIdx.xml; make docs)} {
Failed to find javadoc for ptolemy.actor.lib.LinearDifferenceEquationSystem} {
Failed to find source for ptolemy.actor.lib.LinearDifferenceEquationSystem} {
Failed to find ptdoc for ptolemy.domains.sdf.lib.LMSAdaptive.  Try doing (cd /home/travis/build/icyphy/ptII/doc/test/../../doc; rm codeDoc/ptolemy/actor/lib/Ramp.xml codeDoc/ptolemy/actor/lib/RampIdx.xml; make docs)} {
Failed to find javadoc for ptolemy.domains.sdf.lib.LMSAdaptive} {
Failed to find source for ptolemy.domains.sdf.lib.LMSAdaptive} {
Failed to find ptdoc for ptolemy.actor.lib.RecursiveLattice.  Try doing (cd /home/travis/build/icyphy/ptII/doc/test/../../doc; rm codeDoc/ptolemy/actor/lib/Ramp.xml codeDoc/ptolemy/actor/lib/RampIdx.xml; make docs)} {
Failed to find javadoc for ptolemy.actor.lib.RecursiveLattice} {
Failed to find source for ptolemy.actor.lib.RecursiveLattice} {
Failed to find ptdoc for ptolemy.domains.sdf.lib.UpSample.  Try doing (cd /home/travis/build/icyphy/ptII/doc/test/../../doc; rm codeDoc/ptolemy/actor/lib/Ramp.xml codeDoc/ptolemy/actor/lib/RampIdx.xml; make docs)} {
Failed to find javadoc for ptolemy.domains.sdf.lib.UpSample} {
Failed to find source for ptolemy.domains.sdf.lib.UpSample} {
Failed to find ptdoc for ptolemy.domains.sdf.lib.VariableFIR.  Try doing (cd /home/travis/build/icyphy/ptII/doc/test/../../doc; rm codeDoc/ptolemy/actor/lib/Ramp.xml codeDoc/ptolemy/actor/lib/RampIdx.xml; make docs)} {
Failed to find javadoc for ptolemy.domains.sdf.lib.VariableFIR} {
Failed to find source for ptolemy.domains.sdf.lib.VariableFIR} {
Failed to find ptdoc for ptolemy.domains.sdf.lib.VariableLattice.  Try doing (cd /home/travis/build/icyphy/ptII/doc/test/../../doc; rm codeDoc/ptolemy/actor/lib/Ramp.xml codeDoc/ptolemy/actor/lib/RampIdx.xml; make docs)} {
Failed to find javadoc for ptolemy.domains.sdf.lib.VariableLattice} {
Failed to find source for ptolemy.domains.sdf.lib.VariableLattice} {
Failed to find ptdoc for ptolemy.domains.sdf.lib.VariableRecursiveLattice.  Try doing (cd /home/travis/build/icyphy/ptII/doc/test/../../doc; rm codeDoc/ptolemy/actor/lib/Ramp.xml codeDoc/ptolemy/actor/lib/RampIdx.xml; make docs)} {
Failed to find javadoc for ptolemy.domains.sdf.lib.VariableRecursiveLattice} {
Failed to find source for ptolemy.domains.sdf.lib.VariableRecursiveLattice} {
Failed to find ptdoc for ptolemy.actor.lib.DB.  Try doing (cd /home/travis/build/icyphy/ptII/doc/test/../../doc; rm codeDoc/ptolemy/actor/lib/Ramp.xml codeDoc/ptolemy/actor/lib/RampIdx.xml; make docs)} {
Failed to find javadoc for ptolemy.actor.lib.DB} {
Failed to find source for ptolemy.actor.lib.DB} {
Failed to find ptdoc for ptolemy.domains.sdf.lib.FFT.  Try doing (cd /home/travis/build/icyphy/ptII/doc/test/../../doc; rm codeDoc/ptolemy/actor/lib/Ramp.xml codeDoc/ptolemy/actor/lib/RampIdx.xml; make docs)} {
Failed to find javadoc for ptolemy.domains.sdf.lib.FFT} {
Failed to find source for ptolemy.domains.sdf.lib.FFT} {
Failed to find ptdoc for ptolemy.domains.sdf.lib.IFFT.  Try doing (cd /home/travis/build/icyphy/ptII/doc/test/../../doc; rm codeDoc/ptolemy/actor/lib/Ramp.xml codeDoc/ptolemy/actor/lib/RampIdx.xml; make docs)} {
Failed to find javadoc for ptolemy.domains.sdf.lib.IFFT} {
Failed to find source for ptolemy.domains.sdf.lib.IFFT} {
Failed to find ptdoc for ptolemy.actor.lib.LevinsonDurbin.  Try doing (cd /home/travis/build/icyphy/ptII/doc/test/../../doc; rm codeDoc/ptolemy/actor/lib/Ramp.xml codeDoc/ptolemy/actor/lib/RampIdx.xml; make docs)} {
Failed to find javadoc for ptolemy.actor.lib.LevinsonDurbin} {
Failed to find source for ptolemy.actor.lib.LevinsonDurbin} {
Failed to find ptdoc for ptolemy.actor.lib.PhaseUnwrap.  Try doing (cd /home/travis/build/icyphy/ptII/doc/test/../../doc; rm codeDoc/ptolemy/actor/lib/Ramp.xml codeDoc/ptolemy/actor/lib/RampIdx.xml; make docs)} {
Failed to find javadoc for ptolemy.actor.lib.PhaseUnwrap} {
Failed to find source for ptolemy.actor.lib.PhaseUnwrap} {
Failed to find ptdoc for ptolemy.domains.sdf.lib.Autocorrelation.  Try doing (cd /home/travis/build/icyphy/ptII/doc/test/../../doc; rm codeDoc/ptolemy/actor/lib/Ramp.xml codeDoc/ptolemy/actor/lib/RampIdx.xml; make docs)} {
Failed to find javadoc for ptolemy.domains.sdf.lib.Autocorrelation} {
Failed to find source for ptolemy.domains.sdf.lib.Autocorrelation} {
Failed to find ptdoc for ptolemy.actor.lib.ComputeHistogram.  Try doing (cd /home/travis/build/icyphy/ptII/doc/test/../../doc; rm codeDoc/ptolemy/actor/lib/Ramp.xml codeDoc/ptolemy/actor/lib/RampIdx.xml; make docs)} {
Failed to find javadoc for ptolemy.actor.lib.ComputeHistogram} {
Failed to find source for ptolemy.actor.lib.ComputeHistogram} {
Failed to find ptdoc for ptolemy.actor.lib.IIR.  Try doing (cd /home/travis/build/icyphy/ptII/doc/test/../../doc; rm codeDoc/ptolemy/actor/lib/Ramp.xml codeDoc/ptolemy/actor/lib/RampIdx.xml; make docs)} {
Failed to find javadoc for ptolemy.actor.lib.IIR} {
Failed to find source for ptolemy.actor.lib.IIR} {
Failed to find ptdoc for ptolemy.actor.lib.DB.  Try doing (cd /home/travis/build/icyphy/ptII/doc/test/../../doc; rm codeDoc/ptolemy/actor/lib/Ramp.xml codeDoc/ptolemy/actor/lib/RampIdx.xml; make docs)} {
Failed to find javadoc for ptolemy.actor.lib.DB} {
Failed to find source for ptolemy.actor.lib.DB} {
Failed to find ptdoc for ptolemy.actor.lib.Scale.  Try doing (cd /home/travis/build/icyphy/ptII/doc/test/../../doc; rm codeDoc/ptolemy/actor/lib/Ramp.xml codeDoc/ptolemy/actor/lib/RampIdx.xml; make docs)} {
Failed to find javadoc for ptolemy.actor.lib.Scale} {
Failed to find source for ptolemy.actor.lib.Scale} {
Failed to find ptdoc for ptolemy.actor.lib.MathFunction.  Try doing (cd /home/travis/build/icyphy/ptII/doc/test/../../doc; rm codeDoc/ptolemy/actor/lib/Ramp.xml codeDoc/ptolemy/actor/lib/RampIdx.xml; make docs)} {
Failed to find javadoc for ptolemy.actor.lib.MathFunction} {
Failed to find source for ptolemy.actor.lib.MathFunction} {
Failed to find ptdoc for ptolemy.actor.lib.string.StringCompare.  Try doing (cd /home/travis/build/icyphy/ptII/doc/test/../../doc; rm codeDoc/ptolemy/actor/lib/Ramp.xml codeDoc/ptolemy/actor/lib/RampIdx.xml; make docs)} {
Failed to find javadoc for ptolemy.actor.lib.string.StringCompare} {
Failed to find source for ptolemy.actor.lib.string.StringCompare} {
Failed to find ptdoc for ptolemy.actor.lib.string.StringFunction.  Try doing (cd /home/travis/build/icyphy/ptII/doc/test/../../doc; rm codeDoc/ptolemy/actor/lib/Ramp.xml codeDoc/ptolemy/actor/lib/RampIdx.xml; make docs)} {
Failed to find javadoc for ptolemy.actor.lib.string.StringFunction} {
Failed to find source for ptolemy.actor.lib.string.StringFunction} {
Failed to find ptdoc for ptolemy.actor.lib.string.StringIndexOf.  Try doing (cd /home/travis/build/icyphy/ptII/doc/test/../../doc; rm codeDoc/ptolemy/actor/lib/Ramp.xml codeDoc/ptolemy/actor/lib/RampIdx.xml; make docs)} {
Failed to find javadoc for ptolemy.actor.lib.string.StringIndexOf} {
Failed to find source for ptolemy.actor.lib.string.StringIndexOf} {
Failed to find ptdoc for ptolemy.actor.lib.string.StringLength.  Try doing (cd /home/travis/build/icyphy/ptII/doc/test/../../doc; rm codeDoc/ptolemy/actor/lib/Ramp.xml codeDoc/ptolemy/actor/lib/RampIdx.xml; make docs)} {
Failed to find javadoc for ptolemy.actor.lib.string.StringLength} {
Failed to find source for ptolemy.actor.lib.string.StringLength} {
Failed to find ptdoc for ptolemy.actor.lib.string.StringMatches.  Try doing (cd /home/travis/build/icyphy/ptII/doc/test/../../doc; rm codeDoc/ptolemy/actor/lib/Ramp.xml codeDoc/ptolemy/actor/lib/RampIdx.xml; make docs)} {
Failed to find javadoc for ptolemy.actor.lib.string.StringMatches} {
Failed to find source for ptolemy.actor.lib.string.StringMatches} {
Failed to find ptdoc for ptolemy.actor.lib.string.StringReplace.  Try doing (cd /home/travis/build/icyphy/ptII/doc/test/../../doc; rm codeDoc/ptolemy/actor/lib/Ramp.xml codeDoc/ptolemy/actor/lib/RampIdx.xml; make docs)} {
Failed to find javadoc for ptolemy.actor.lib.string.StringReplace} {
Failed to find source for ptolemy.actor.lib.string.StringReplace} {
Failed to find ptdoc for ptolemy.actor.lib.string.StringSplit.  Try doing (cd /home/travis/build/icyphy/ptII/doc/test/../../doc; rm codeDoc/ptolemy/actor/lib/Ramp.xml codeDoc/ptolemy/actor/lib/RampIdx.xml; make docs)} {
Failed to find javadoc for ptolemy.actor.lib.string.StringSplit} {
Failed to find source for ptolemy.actor.lib.string.StringSplit} {
Failed to find ptdoc for ptolemy.actor.lib.string.StringSubstring.  Try doing (cd /home/travis/build/icyphy/ptII/doc/test/../../doc; rm codeDoc/ptolemy/actor/lib/Ramp.xml codeDoc/ptolemy/actor/lib/RampIdx.xml; make docs)} {
Failed to find javadoc for ptolemy.actor.lib.string.StringSubstring} {
Failed to find source for ptolemy.actor.lib.string.StringSubstring} {
Failed to find ptdoc for ptolemy.domains.de.lib.aspect.AFDXESs.  Try doing (cd /home/travis/build/icyphy/ptII/doc/test/../../doc; rm codeDoc/ptolemy/actor/lib/Ramp.xml codeDoc/ptolemy/actor/lib/RampIdx.xml; make docs)} {
Failed to find javadoc for ptolemy.domains.de.lib.aspect.AFDXESs} {
Failed to find source for ptolemy.domains.de.lib.aspect.AFDXESs} {
Failed to find ptdoc for ptolemy.domains.de.lib.aspect.AFDXSwitch.  Try doing (cd /home/travis/build/icyphy/ptII/doc/test/../../doc; rm codeDoc/ptolemy/actor/lib/Ramp.xml codeDoc/ptolemy/actor/lib/RampIdx.xml; make docs)} {
Failed to find javadoc for ptolemy.domains.de.lib.aspect.AFDXSwitch} {
Failed to find source for ptolemy.domains.de.lib.aspect.AFDXSwitch} {
Failed to find ptdoc for ptolemy.domains.de.lib.aspect.Bus.  Try doing (cd /home/travis/build/icyphy/ptII/doc/test/../../doc; rm codeDoc/ptolemy/actor/lib/Ramp.xml codeDoc/ptolemy/actor/lib/RampIdx.xml; make docs)} {
Failed to find javadoc for ptolemy.domains.de.lib.aspect.Bus} {
Failed to find source for ptolemy.domains.de.lib.aspect.Bus} {
Failed to find ptdoc for ptolemy.domains.de.lib.aspect.BasicSwitch.  Try doing (cd /home/travis/build/icyphy/ptII/doc/test/../../doc; rm codeDoc/ptolemy/actor/lib/Ramp.xml codeDoc/ptolemy/actor/lib/RampIdx.xml; make docs)} {
Failed to find javadoc for ptolemy.domains.de.lib.aspect.BasicSwitch} {
Failed to find source for ptolemy.domains.de.lib.aspect.BasicSwitch} {
Failed to find ptdoc for ptolemy.actor.lib.aspect.CanBus.  Try doing (cd /home/travis/build/icyphy/ptII/doc/test/../../doc; rm codeDoc/ptolemy/actor/lib/Ramp.xml codeDoc/ptolemy/actor/lib/RampIdx.xml; make docs)} {
Failed to find javadoc for ptolemy.actor.lib.aspect.CanBus} {
Failed to find source for ptolemy.actor.lib.aspect.CanBus} {
Failed to find ptdoc for ptolemy.actor.gui.CommunicationAspectMonitor.  Try doing (cd /home/travis/build/icyphy/ptII/doc/test/../../doc; rm codeDoc/ptolemy/actor/lib/Ramp.xml codeDoc/ptolemy/actor/lib/RampIdx.xml; make docs)} {
Failed to find javadoc for ptolemy.actor.gui.CommunicationAspectMonitor} {
Failed to find source for ptolemy.actor.gui.CommunicationAspectMonitor} {
Failed to find ptdoc for ptolemy.domains.de.lib.aspect.CrossbarSwitch.  Try doing (cd /home/travis/build/icyphy/ptII/doc/test/../../doc; rm codeDoc/ptolemy/actor/lib/Ramp.xml codeDoc/ptolemy/actor/lib/RampIdx.xml; make docs)} {
Failed to find javadoc for ptolemy.domains.de.lib.aspect.CrossbarSwitch} {
Failed to find source for ptolemy.domains.de.lib.aspect.CrossbarSwitch} {
Failed to find ptdoc for ptolemy.actor.lib.aspect.DynamicCoreAssignmentScheduler.  Try doing (cd /home/travis/build/icyphy/ptII/doc/test/../../doc; rm codeDoc/ptolemy/actor/lib/Ramp.xml codeDoc/ptolemy/actor/lib/RampIdx.xml; make docs)} {
Failed to find javadoc for ptolemy.actor.lib.aspect.DynamicCoreAssignmentScheduler} {
Failed to find source for ptolemy.actor.lib.aspect.DynamicCoreAssignmentScheduler} {
Failed to find ptdoc for ptolemy.actor.lib.aspect.EDFScheduler.  Try doing (cd /home/travis/build/icyphy/ptII/doc/test/../../doc; rm codeDoc/ptolemy/actor/lib/Ramp.xml codeDoc/ptolemy/actor/lib/RampIdx.xml; make docs)} {
Failed to find javadoc for ptolemy.actor.lib.aspect.EDFScheduler} {
Failed to find source for ptolemy.actor.lib.aspect.EDFScheduler} {
Failed to find ptdoc for ptolemy.actor.lib.aspect.FixedPriorityScheduler.  Try doing (cd /home/travis/build/icyphy/ptII/doc/test/../../doc; rm codeDoc/ptolemy/actor/lib/Ramp.xml codeDoc/ptolemy/actor/lib/RampIdx.xml; make docs)} {
Failed to find javadoc for ptolemy.actor.lib.aspect.FixedPriorityScheduler} {
Failed to find source for ptolemy.actor.lib.aspect.FixedPriorityScheduler} {
Failed to find ptdoc for ptolemy.domains.de.lib.aspect.TTESwitch.  Try doing (cd /home/travis/build/icyphy/ptII/doc/test/../../doc; rm codeDoc/ptolemy/actor/lib/Ramp.xml codeDoc/ptolemy/actor/lib/RampIdx.xml; make docs)} {
Failed to find javadoc for ptolemy.domains.de.lib.aspect.TTESwitch} {
Failed to find source for ptolemy.domains.de.lib.aspect.TTESwitch} {
Failed to find ptdoc for lbnl.actor.lib.Simulator.  Try doing (cd /home/travis/build/icyphy/ptII/doc/test/../../doc; rm codeDoc/ptolemy/actor/lib/Ramp.xml codeDoc/ptolemy/actor/lib/RampIdx.xml; make docs)} {
Failed to find javadoc for lbnl.actor.lib.Simulator} {
Failed to find source for lbnl.actor.lib.Simulator} {
Failed to find ptdoc for lbnl.actor.lib.SystemCommand.  Try doing (cd /home/travis/build/icyphy/ptII/doc/test/../../doc; rm codeDoc/ptolemy/actor/lib/Ramp.xml codeDoc/ptolemy/actor/lib/RampIdx.xml; make docs)} {
Failed to find javadoc for lbnl.actor.lib.SystemCommand} {
Failed to find source for lbnl.actor.lib.SystemCommand} {
Failed to find ptdoc for org.hlacerti.lib.HlaAttributeUpdater.  Try doing (cd /home/travis/build/icyphy/ptII/doc/test/../../doc; rm codeDoc/ptolemy/actor/lib/Ramp.xml codeDoc/ptolemy/actor/lib/RampIdx.xml; make docs)} {
Failed to find javadoc for org.hlacerti.lib.HlaAttributeUpdater} {
Failed to find source for org.hlacerti.lib.HlaAttributeUpdater} {
Failed to find ptdoc for org.hlacerti.lib.HlaAttributeReflector.  Try doing (cd /home/travis/build/icyphy/ptII/doc/test/../../doc; rm codeDoc/ptolemy/actor/lib/Ramp.xml codeDoc/ptolemy/actor/lib/RampIdx.xml; make docs)} {
Failed to find javadoc for org.hlacerti.lib.HlaAttributeReflector} {
Failed to find source for org.hlacerti.lib.HlaAttributeReflector} {
Failed to find ptdoc for ptolemy.actor.lib.database.DatabaseManager.  Try doing (cd /home/travis/build/icyphy/ptII/doc/test/../../doc; rm codeDoc/ptolemy/actor/lib/Ramp.xml codeDoc/ptolemy/actor/lib/RampIdx.xml; make docs)} {
Failed to find javadoc for ptolemy.actor.lib.database.DatabaseManager} {
Failed to find source for ptolemy.actor.lib.database.DatabaseManager} {
Failed to find ptdoc for ptolemy.actor.lib.database.DatabaseQuery.  Try doing (cd /home/travis/build/icyphy/ptII/doc/test/../../doc; rm codeDoc/ptolemy/actor/lib/Ramp.xml codeDoc/ptolemy/actor/lib/RampIdx.xml; make docs)} {
Failed to find javadoc for ptolemy.actor.lib.database.DatabaseQuery} {
Failed to find source for ptolemy.actor.lib.database.DatabaseQuery} {
Failed to find ptdoc for ptolemy.actor.lib.database.DatabaseSelect.  Try doing (cd /home/travis/build/icyphy/ptII/doc/test/../../doc; rm codeDoc/ptolemy/actor/lib/Ramp.xml codeDoc/ptolemy/actor/lib/RampIdx.xml; make docs)} {
Failed to find javadoc for ptolemy.actor.lib.database.DatabaseSelect} {
Failed to find source for ptolemy.actor.lib.database.DatabaseSelect} {
Failed to find ptdoc for ptolemy.actor.lib.database.DatabaseInsert.  Try doing (cd /home/travis/build/icyphy/ptII/doc/test/../../doc; rm codeDoc/ptolemy/actor/lib/Ramp.xml codeDoc/ptolemy/actor/lib/RampIdx.xml; make docs)} {
Failed to find javadoc for ptolemy.actor.lib.database.DatabaseInsert} {
Failed to find source for ptolemy.actor.lib.database.DatabaseInsert} {
Failed to find ptdoc for ptolemy.actor.lib.database.SQLStatement.  Try doing (cd /home/travis/build/icyphy/ptII/doc/test/../../doc; rm codeDoc/ptolemy/actor/lib/Ramp.xml codeDoc/ptolemy/actor/lib/RampIdx.xml; make docs)} {
Failed to find javadoc for ptolemy.actor.lib.database.SQLStatement} {
Failed to find source for ptolemy.actor.lib.database.SQLStatement} {
Failed to find ptdoc for ptolemy.actor.lib.database.ArrayOfRecordsRecorder.  Try doing (cd /home/travis/build/icyphy/ptII/doc/test/../../doc; rm codeDoc/ptolemy/actor/lib/Ramp.xml codeDoc/ptolemy/actor/lib/RampIdx.xml; make docs)} {
Failed to find javadoc for ptolemy.actor.lib.database.ArrayOfRecordsRecorder} {
Failed to find source for ptolemy.actor.lib.database.ArrayOfRecordsRecorder} {
Failed to find ptdoc for ptolemy.actor.lib.conversions.json.JSONToToken.  Try doing (cd /home/travis/build/icyphy/ptII/doc/test/../../doc; rm codeDoc/ptolemy/actor/lib/Ramp.xml codeDoc/ptolemy/actor/lib/RampIdx.xml; make docs)} {
Failed to find javadoc for ptolemy.actor.lib.conversions.json.JSONToToken} {
Failed to find source for ptolemy.actor.lib.conversions.json.JSONToToken} {
Failed to find ptdoc for ptolemy.actor.lib.conversions.json.TokenToJSON.  Try doing (cd /home/travis/build/icyphy/ptII/doc/test/../../doc; rm codeDoc/ptolemy/actor/lib/Ramp.xml codeDoc/ptolemy/actor/lib/RampIdx.xml; make docs)} {
Failed to find javadoc for ptolemy.actor.lib.conversions.json.TokenToJSON} {
Failed to find source for ptolemy.actor.lib.conversions.json.TokenToJSON} {
Failed to find ptdoc for org.ptolemy.machineLearning.clustering.KMeans.  Try doing (cd /home/travis/build/icyphy/ptII/doc/test/../../doc; rm codeDoc/ptolemy/actor/lib/Ramp.xml codeDoc/ptolemy/actor/lib/RampIdx.xml; make docs)} {
Failed to find javadoc for org.ptolemy.machineLearning.clustering.KMeans} {
Failed to find source for org.ptolemy.machineLearning.clustering.KMeans} {
Failed to find ptdoc for org.ptolemy.machineLearning.hmm.HMMGaussianEstimator.  Try doing (cd /home/travis/build/icyphy/ptII/doc/test/../../doc; rm codeDoc/ptolemy/actor/lib/Ramp.xml codeDoc/ptolemy/actor/lib/RampIdx.xml; make docs)} {
Failed to find javadoc for org.ptolemy.machineLearning.hmm.HMMGaussianEstimator} {
Failed to find source for org.ptolemy.machineLearning.hmm.HMMGaussianEstimator} {
Failed to find ptdoc for org.ptolemy.machineLearning.hmm.HMMExponentialEstimator.  Try doing (cd /home/travis/build/icyphy/ptII/doc/test/../../doc; rm codeDoc/ptolemy/actor/lib/Ramp.xml codeDoc/ptolemy/actor/lib/RampIdx.xml; make docs)} {
Failed to find javadoc for org.ptolemy.machineLearning.hmm.HMMExponentialEstimator} {
Failed to find source for org.ptolemy.machineLearning.hmm.HMMExponentialEstimator} {
Failed to find ptdoc for org.ptolemy.machineLearning.hmm.HMMMultinomialEstimator.  Try doing (cd /home/travis/build/icyphy/ptII/doc/test/../../doc; rm codeDoc/ptolemy/actor/lib/Ramp.xml codeDoc/ptolemy/actor/lib/RampIdx.xml; make docs)} {
Failed to find javadoc for org.ptolemy.machineLearning.hmm.HMMMultinomialEstimator} {
Failed to find source for org.ptolemy.machineLearning.hmm.HMMMultinomialEstimator} {
Failed to find ptdoc for org.ptolemy.machineLearning.hmm.HMMGaussianClassifier.  Try doing (cd /home/travis/build/icyphy/ptII/doc/test/../../doc; rm codeDoc/ptolemy/actor/lib/Ramp.xml codeDoc/ptolemy/actor/lib/RampIdx.xml; make docs)} {
Failed to find javadoc for org.ptolemy.machineLearning.hmm.HMMGaussianClassifier} {
Failed to find source for org.ptolemy.machineLearning.hmm.HMMGaussianClassifier} {
Failed to find ptdoc for org.ptolemy.machineLearning.hmm.HMMExponentialClassifier.  Try doing (cd /home/travis/build/icyphy/ptII/doc/test/../../doc; rm codeDoc/ptolemy/actor/lib/Ramp.xml codeDoc/ptolemy/actor/lib/RampIdx.xml; make docs)} {
Failed to find javadoc for org.ptolemy.machineLearning.hmm.HMMExponentialClassifier} {
Failed to find source for org.ptolemy.machineLearning.hmm.HMMExponentialClassifier} {
Failed to find ptdoc for org.ptolemy.machineLearning.hmm.HMMMultinomialClassifier.  Try doing (cd /home/travis/build/icyphy/ptII/doc/test/../../doc; rm codeDoc/ptolemy/actor/lib/Ramp.xml codeDoc/ptolemy/actor/lib/RampIdx.xml; make docs)} {
Failed to find javadoc for org.ptolemy.machineLearning.hmm.HMMMultinomialClassifier} {
Failed to find source for org.ptolemy.machineLearning.hmm.HMMMultinomialClassifier} {
Failed to find ptdoc for org.ptolemy.machineLearning.hsmm.HSMMMultinomialEstimator.  Try doing (cd /home/travis/build/icyphy/ptII/doc/test/../../doc; rm codeDoc/ptolemy/actor/lib/Ramp.xml codeDoc/ptolemy/actor/lib/RampIdx.xml; make docs)} {
Failed to find javadoc for org.ptolemy.machineLearning.hsmm.HSMMMultinomialEstimator} {
Failed to find source for org.ptolemy.machineLearning.hsmm.HSMMMultinomialEstimator} {
Failed to find ptdoc for org.ptolemy.machineLearning.hsmm.HSMMTimeAwareMultinomialEstimator.  Try doing (cd /home/travis/build/icyphy/ptII/doc/test/../../doc; rm codeDoc/ptolemy/actor/lib/Ramp.xml codeDoc/ptolemy/actor/lib/RampIdx.xml; make docs)} {
Failed to find javadoc for org.ptolemy.machineLearning.hsmm.HSMMTimeAwareMultinomialEstimator} {
Failed to find source for org.ptolemy.machineLearning.hsmm.HSMMTimeAwareMultinomialEstimator} {
Failed to find ptdoc for org.ptolemy.machineLearning.hsmm.HSMMGaussianEstimator.  Try doing (cd /home/travis/build/icyphy/ptII/doc/test/../../doc; rm codeDoc/ptolemy/actor/lib/Ramp.xml codeDoc/ptolemy/actor/lib/RampIdx.xml; make docs)} {
Failed to find javadoc for org.ptolemy.machineLearning.hsmm.HSMMGaussianEstimator} {
Failed to find source for org.ptolemy.machineLearning.hsmm.HSMMGaussianEstimator} {
Failed to find ptdoc for org.ptolemy.machineLearning.hsmm.HSMMGeneratorGaussianEmissions.  Try doing (cd /home/travis/build/icyphy/ptII/doc/test/../../doc; rm codeDoc/ptolemy/actor/lib/Ramp.xml codeDoc/ptolemy/actor/lib/RampIdx.xml; make docs)} {
Failed to find javadoc for org.ptolemy.machineLearning.hsmm.HSMMGeneratorGaussianEmissions} {
Failed to find source for org.ptolemy.machineLearning.hsmm.HSMMGeneratorGaussianEmissions} {
Failed to find ptdoc for org.ptolemy.machineLearning.hsmm.HSMMGeneratorMultinomialEmissions.  Try doing (cd /home/travis/build/icyphy/ptII/doc/test/../../doc; rm codeDoc/ptolemy/actor/lib/Ramp.xml codeDoc/ptolemy/actor/lib/RampIdx.xml; make docs)} {
Failed to find javadoc for org.ptolemy.machineLearning.hsmm.HSMMGeneratorMultinomialEmissions} {
Failed to find source for org.ptolemy.machineLearning.hsmm.HSMMGeneratorMultinomialEmissions} {
Failed to find ptdoc for org.ptolemy.machineLearning.hsmm.HSMMTimeAwareGenerator.  Try doing (cd /home/travis/build/icyphy/ptII/doc/test/../../doc; rm codeDoc/ptolemy/actor/lib/Ramp.xml codeDoc/ptolemy/actor/lib/RampIdx.xml; make docs)} {
Failed to find javadoc for org.ptolemy.machineLearning.hsmm.HSMMTimeAwareGenerator} {
Failed to find source for org.ptolemy.machineLearning.hsmm.HSMMTimeAwareGenerator} {
Failed to find ptdoc for org.ptolemy.ssm.GaussianMeasurementModel.  Try doing (cd /home/travis/build/icyphy/ptII/doc/test/../../doc; rm codeDoc/ptolemy/actor/lib/Ramp.xml codeDoc/ptolemy/actor/lib/RampIdx.xml; make docs)} {
Failed to find javadoc for org.ptolemy.ssm.GaussianMeasurementModel} {
Failed to find source for org.ptolemy.ssm.GaussianMeasurementModel} {
Failed to find ptdoc for org.ptolemy.ssm.Map.  Try doing (cd /home/travis/build/icyphy/ptII/doc/test/../../doc; rm codeDoc/ptolemy/actor/lib/Ramp.xml codeDoc/ptolemy/actor/lib/RampIdx.xml; make docs)} {
Failed to find javadoc for org.ptolemy.ssm.Map} {
Failed to find source for org.ptolemy.ssm.Map} {
Failed to find ptdoc for org.ptolemy.ssm.StateSpaceModel.  Try doing (cd /home/travis/build/icyphy/ptII/doc/test/../../doc; rm codeDoc/ptolemy/actor/lib/Ramp.xml codeDoc/ptolemy/actor/lib/RampIdx.xml; make docs)} {
Failed to find javadoc for org.ptolemy.ssm.StateSpaceModel} {
Failed to find source for org.ptolemy.ssm.StateSpaceModel} {
Failed to find ptdoc for ptolemy.actor.lib.mail.SendMail.  Try doing (cd /home/travis/build/icyphy/ptII/doc/test/../../doc; rm codeDoc/ptolemy/actor/lib/Ramp.xml codeDoc/ptolemy/actor/lib/RampIdx.xml; make docs)} {
Failed to find javadoc for ptolemy.actor.lib.mail.SendMail} {
Failed to find source for ptolemy.actor.lib.mail.SendMail} {
Failed to find ptdoc for ptolemy.domains.ontologies.lib.UnitsConverter.  Try doing (cd /home/travis/build/icyphy/ptII/doc/test/../../doc; rm codeDoc/ptolemy/actor/lib/Ramp.xml codeDoc/ptolemy/actor/lib/RampIdx.xml; make docs)} {
Failed to find javadoc for ptolemy.domains.ontologies.lib.UnitsConverter} {
Failed to find source for ptolemy.domains.ontologies.lib.UnitsConverter} {
Failed to find ptdoc for ptolemy.actor.lib.security.KeyWriter.  Try doing (cd /home/travis/build/icyphy/ptII/doc/test/../../doc; rm codeDoc/ptolemy/actor/lib/Ramp.xml codeDoc/ptolemy/actor/lib/RampIdx.xml; make docs)} {
Failed to find javadoc for ptolemy.actor.lib.security.KeyWriter} {
Failed to find source for ptolemy.actor.lib.security.KeyWriter} {
Failed to find ptdoc for ptolemy.actor.lib.security.PublicKeyReader.  Try doing (cd /home/travis/build/icyphy/ptII/doc/test/../../doc; rm codeDoc/ptolemy/actor/lib/Ramp.xml codeDoc/ptolemy/actor/lib/RampIdx.xml; make docs)} {
Failed to find javadoc for ptolemy.actor.lib.security.PublicKeyReader} {
Failed to find source for ptolemy.actor.lib.security.PublicKeyReader} {
Failed to find ptdoc for ptolemy.actor.lib.security.PrivateKeyReader.  Try doing (cd /home/travis/build/icyphy/ptII/doc/test/../../doc; rm codeDoc/ptolemy/actor/lib/Ramp.xml codeDoc/ptolemy/actor/lib/RampIdx.xml; make docs)} {
Failed to find javadoc for ptolemy.actor.lib.security.PrivateKeyReader} {
Failed to find source for ptolemy.actor.lib.security.PrivateKeyReader} {
Failed to find ptdoc for ptolemy.actor.lib.security.SecretKey.  Try doing (cd /home/travis/build/icyphy/ptII/doc/test/../../doc; rm codeDoc/ptolemy/actor/lib/Ramp.xml codeDoc/ptolemy/actor/lib/RampIdx.xml; make docs)} {
Failed to find javadoc for ptolemy.actor.lib.security.SecretKey} {
Failed to find source for ptolemy.actor.lib.security.SecretKey} {
Failed to find ptdoc for ptolemy.actor.lib.security.SecretKeyReader.  Try doing (cd /home/travis/build/icyphy/ptII/doc/test/../../doc; rm codeDoc/ptolemy/actor/lib/Ramp.xml codeDoc/ptolemy/actor/lib/RampIdx.xml; make docs)} {
Failed to find javadoc for ptolemy.actor.lib.security.SecretKeyReader} {
Failed to find source for ptolemy.actor.lib.security.SecretKeyReader} {
Failed to find ptdoc for ptolemy.actor.lib.security.SignatureSigner.  Try doing (cd /home/travis/build/icyphy/ptII/doc/test/../../doc; rm codeDoc/ptolemy/actor/lib/Ramp.xml codeDoc/ptolemy/actor/lib/RampIdx.xml; make docs)} {
Failed to find javadoc for ptolemy.actor.lib.security.SignatureSigner} {
Failed to find source for ptolemy.actor.lib.security.SignatureSigner} {
Failed to find ptdoc for ptolemy.actor.lib.security.SignatureVerifier.  Try doing (cd /home/travis/build/icyphy/ptII/doc/test/../../doc; rm codeDoc/ptolemy/actor/lib/Ramp.xml codeDoc/ptolemy/actor/lib/RampIdx.xml; make docs)} {
Failed to find javadoc for ptolemy.actor.lib.security.SignatureVerifier} {
Failed to find source for ptolemy.actor.lib.security.SignatureVerifier} {
Failed to find ptdoc for ptolemy.actor.lib.security.SymmetricDecryption.  Try doing (cd /home/travis/build/icyphy/ptII/doc/test/../../doc; rm codeDoc/ptolemy/actor/lib/Ramp.xml codeDoc/ptolemy/actor/lib/RampIdx.xml; make docs)} {
Failed to find javadoc for ptolemy.actor.lib.security.SymmetricDecryption} {
Failed to find source for ptolemy.actor.lib.security.SymmetricDecryption} {
Failed to find ptdoc for ptolemy.actor.lib.security.SymmetricEncryption.  Try doing (cd /home/travis/build/icyphy/ptII/doc/test/../../doc; rm codeDoc/ptolemy/actor/lib/Ramp.xml codeDoc/ptolemy/actor/lib/RampIdx.xml; make docs)} {
Failed to find javadoc for ptolemy.actor.lib.security.SymmetricEncryption} {
Failed to find source for ptolemy.actor.lib.security.SymmetricEncryption} {
Failed to find ptdoc for ptolemy.actor.lib.security.SymmetricCrypto.  Try doing (cd /home/travis/build/icyphy/ptII/doc/test/../../doc; rm codeDoc/ptolemy/actor/lib/Ramp.xml codeDoc/ptolemy/actor/lib/RampIdx.xml; make docs)} {
Failed to find javadoc for ptolemy.actor.lib.security.SymmetricCrypto} {
Failed to find source for ptolemy.actor.lib.security.SymmetricCrypto} {
Failed to find ptdoc for ptolemy.actor.lib.conversions.StringToXML.  Try doing (cd /home/travis/build/icyphy/ptII/doc/test/../../doc; rm codeDoc/ptolemy/actor/lib/Ramp.xml codeDoc/ptolemy/actor/lib/RampIdx.xml; make docs)} {
Failed to find javadoc for ptolemy.actor.lib.conversions.StringToXML} {
Failed to find source for ptolemy.actor.lib.conversions.StringToXML} {
Failed to find ptdoc for ptolemy.actor.lib.xslt.XSLTransformer.  Try doing (cd /home/travis/build/icyphy/ptII/doc/test/../../doc; rm codeDoc/ptolemy/actor/lib/Ramp.xml codeDoc/ptolemy/actor/lib/RampIdx.xml; make docs)} {
Failed to find javadoc for ptolemy.actor.lib.xslt.XSLTransformer} {
Failed to find source for ptolemy.actor.lib.xslt.XSLTransformer} {
Failed to find ptdoc for ptolemy.actor.lib.xslt.XMLInclusion.  Try doing (cd /home/travis/build/icyphy/ptII/doc/test/../../doc; rm codeDoc/ptolemy/actor/lib/Ramp.xml codeDoc/ptolemy/actor/lib/RampIdx.xml; make docs)} {
Failed to find javadoc for ptolemy.actor.lib.xslt.XMLInclusion} {
Failed to find source for ptolemy.actor.lib.xslt.XMLInclusion} {
Failed to find ptdoc for ptolemy.actor.lib.Ramp.  Try doing (cd /home/travis/build/icyphy/ptII/doc/test/../../doc; rm codeDoc/ptolemy/actor/lib/Ramp.xml codeDoc/ptolemy/actor/lib/RampIdx.xml; make docs)} {
Failed to find javadoc for ptolemy.actor.lib.Ramp} {
Failed to find source for ptolemy.actor.lib.Ramp} {
Failed to find ptdoc for ptolemy.actor.lib.TrigFunction.  Try doing (cd /home/travis/build/icyphy/ptII/doc/test/../../doc; rm codeDoc/ptolemy/actor/lib/Ramp.xml codeDoc/ptolemy/actor/lib/RampIdx.xml; make docs)} {
Failed to find javadoc for ptolemy.actor.lib.TrigFunction} {
Failed to find source for ptolemy.actor.lib.TrigFunction} {
Failed to find ptdoc for ptolemy.actor.lib.Const.  Try doing (cd /home/travis/build/icyphy/ptII/doc/test/../../doc; rm codeDoc/ptolemy/actor/lib/Ramp.xml codeDoc/ptolemy/actor/lib/RampIdx.xml; make docs)} {
Failed to find javadoc for ptolemy.actor.lib.Const} {
Failed to find source for ptolemy.actor.lib.Const} {
Failed to find ptdoc for ptolemy.actor.lib.AddSubtract.  Try doing (cd /home/travis/build/icyphy/ptII/doc/test/../../doc; rm codeDoc/ptolemy/actor/lib/Ramp.xml codeDoc/ptolemy/actor/lib/RampIdx.xml; make docs)} {
Failed to find javadoc for ptolemy.actor.lib.AddSubtract} {
Failed to find source for ptolemy.actor.lib.AddSubtract} {
Failed to find ptdoc for ptolemy.actor.lib.CurrentTime.  Try doing (cd /home/travis/build/icyphy/ptII/doc/test/../../doc; rm codeDoc/ptolemy/actor/lib/Ramp.xml codeDoc/ptolemy/actor/lib/RampIdx.xml; make docs)} {
Failed to find javadoc for ptolemy.actor.lib.CurrentTime} {
Failed to find source for ptolemy.actor.lib.CurrentTime} {
Failed to find ptdoc for ptolemy.actor.lib.Scale.  Try doing (cd /home/travis/build/icyphy/ptII/doc/test/../../doc; rm codeDoc/ptolemy/actor/lib/Ramp.xml codeDoc/ptolemy/actor/lib/RampIdx.xml; make docs)} {
Failed to find javadoc for ptolemy.actor.lib.Scale} {
Failed to find source for ptolemy.actor.lib.Scale} {
Failed to find ptdoc for ptolemy.actor.lib.TrigFunction.  Try doing (cd /home/travis/build/icyphy/ptII/doc/test/../../doc; rm codeDoc/ptolemy/actor/lib/Ramp.xml codeDoc/ptolemy/actor/lib/RampIdx.xml; make docs)} {
Failed to find javadoc for ptolemy.actor.lib.TrigFunction} {
Failed to find source for ptolemy.actor.lib.TrigFunction} {
Failed to find ptdoc for ptolemy.actor.lib.Const.  Try doing (cd /home/travis/build/icyphy/ptII/doc/test/../../doc; rm codeDoc/ptolemy/actor/lib/Ramp.xml codeDoc/ptolemy/actor/lib/RampIdx.xml; make docs)} {
Failed to find javadoc for ptolemy.actor.lib.Const} {
Failed to find source for ptolemy.actor.lib.Const} {
Failed to find ptdoc for ptolemy.actor.lib.AddSubtract.  Try doing (cd /home/travis/build/icyphy/ptII/doc/test/../../doc; rm codeDoc/ptolemy/actor/lib/Ramp.xml codeDoc/ptolemy/actor/lib/RampIdx.xml; make docs)} {
Failed to find javadoc for ptolemy.actor.lib.AddSubtract} {
Failed to find source for ptolemy.actor.lib.AddSubtract} {
Failed to find ptdoc for ptolemy.actor.lib.Scale.  Try doing (cd /home/travis/build/icyphy/ptII/doc/test/../../doc; rm codeDoc/ptolemy/actor/lib/Ramp.xml codeDoc/ptolemy/actor/lib/RampIdx.xml; make docs)} {
Failed to find javadoc for ptolemy.actor.lib.Scale} {
Failed to find source for ptolemy.actor.lib.Scale} {
Failed to find ptdoc for ptolemy.actor.lib.Pulse.  Try doing (cd /home/travis/build/icyphy/ptII/doc/test/../../doc; rm codeDoc/ptolemy/actor/lib/Ramp.xml codeDoc/ptolemy/actor/lib/RampIdx.xml; make docs)} {
Failed to find javadoc for ptolemy.actor.lib.Pulse} {
Failed to find source for ptolemy.actor.lib.Pulse} {
Failed to find ptdoc for ptolemy.actor.lib.MultiplyDivide.  Try doing (cd /home/travis/build/icyphy/ptII/doc/test/../../doc; rm codeDoc/ptolemy/actor/lib/Ramp.xml codeDoc/ptolemy/actor/lib/RampIdx.xml; make docs)} {
Failed to find javadoc for ptolemy.actor.lib.MultiplyDivide} {
Failed to find source for ptolemy.actor.lib.MultiplyDivide} {
Failed to find ptdoc for ptolemy.domains.sdf.lib.Autocorrelation.  Try doing (cd /home/travis/build/icyphy/ptII/doc/test/../../doc; rm codeDoc/ptolemy/actor/lib/Ramp.xml codeDoc/ptolemy/actor/lib/RampIdx.xml; make docs)} {
Failed to find javadoc for ptolemy.domains.sdf.lib.Autocorrelation} {
Failed to find source for ptolemy.domains.sdf.lib.Autocorrelation} {
Failed to find ptdoc for ptolemy.actor.lib.LevinsonDurbin.  Try doing (cd /home/travis/build/icyphy/ptII/doc/test/../../doc; rm codeDoc/ptolemy/actor/lib/Ramp.xml codeDoc/ptolemy/actor/lib/RampIdx.xml; make docs)} {
Failed to find javadoc for ptolemy.actor.lib.LevinsonDurbin} {
Failed to find source for ptolemy.actor.lib.LevinsonDurbin} {
Failed to find ptdoc for ptolemy.actor.lib.ArrayAppend.  Try doing (cd /home/travis/build/icyphy/ptII/doc/test/../../doc; rm codeDoc/ptolemy/actor/lib/Ramp.xml codeDoc/ptolemy/actor/lib/RampIdx.xml; make docs)} {
Failed to find javadoc for ptolemy.actor.lib.ArrayAppend} {
Failed to find source for ptolemy.actor.lib.ArrayAppend} {
Failed to find ptdoc for ptolemy.domains.sdf.lib.ArrayToSequence.  Try doing (cd /home/travis/build/icyphy/ptII/doc/test/../../doc; rm codeDoc/ptolemy/actor/lib/Ramp.xml codeDoc/ptolemy/actor/lib/RampIdx.xml; make docs)} {
Failed to find javadoc for ptolemy.domains.sdf.lib.ArrayToSequence} {
Failed to find source for ptolemy.domains.sdf.lib.ArrayToSequence} {
Failed to find ptdoc for ptolemy.domains.sdf.lib.FFT.  Try doing (cd /home/travis/build/icyphy/ptII/doc/test/../../doc; rm codeDoc/ptolemy/actor/lib/Ramp.xml codeDoc/ptolemy/actor/lib/RampIdx.xml; make docs)} {
Failed to find javadoc for ptolemy.domains.sdf.lib.FFT} {
Failed to find source for ptolemy.domains.sdf.lib.FFT} {
Failed to find ptdoc for ptolemy.actor.lib.AbsoluteValue.  Try doing (cd /home/travis/build/icyphy/ptII/doc/test/../../doc; rm codeDoc/ptolemy/actor/lib/Ramp.xml codeDoc/ptolemy/actor/lib/RampIdx.xml; make docs)} {
Failed to find javadoc for ptolemy.actor.lib.AbsoluteValue} {
Failed to find source for ptolemy.actor.lib.AbsoluteValue} {
Failed to find ptdoc for ptolemy.actor.lib.MultiplyDivide.  Try doing (cd /home/travis/build/icyphy/ptII/doc/test/../../doc; rm codeDoc/ptolemy/actor/lib/Ramp.xml codeDoc/ptolemy/actor/lib/RampIdx.xml; make docs)} {
Failed to find javadoc for ptolemy.actor.lib.MultiplyDivide} {
Failed to find source for ptolemy.actor.lib.MultiplyDivide} {
Failed to find ptdoc for ptolemy.actor.lib.DB.  Try doing (cd /home/travis/build/icyphy/ptII/doc/test/../../doc; rm codeDoc/ptolemy/actor/lib/Ramp.xml codeDoc/ptolemy/actor/lib/RampIdx.xml; make docs)} {
Failed to find javadoc for ptolemy.actor.lib.DB} {
Failed to find source for ptolemy.actor.lib.DB} {
Failed to find ptdoc for ptolemy.actor.lib.ArrayElement.  Try doing (cd /home/travis/build/icyphy/ptII/doc/test/../../doc; rm codeDoc/ptolemy/actor/lib/Ramp.xml codeDoc/ptolemy/actor/lib/RampIdx.xml; make docs)} {
Failed to find javadoc for ptolemy.actor.lib.ArrayElement} {
Failed to find source for ptolemy.actor.lib.ArrayElement} {
Failed to find ptdoc for ptolemy.domains.sdf.lib.Repeat.  Try doing (cd /home/travis/build/icyphy/ptII/doc/test/../../doc; rm codeDoc/ptolemy/actor/lib/Ramp.xml codeDoc/ptolemy/actor/lib/RampIdx.xml; make docs)} {
Failed to find javadoc for ptolemy.domains.sdf.lib.Repeat} {
Failed to find source for ptolemy.domains.sdf.lib.Repeat} {
Failed to find ptdoc for ptolemy.domains.sdf.lib.Chop.  Try doing (cd /home/travis/build/icyphy/ptII/doc/test/../../doc; rm codeDoc/ptolemy/actor/lib/Ramp.xml codeDoc/ptolemy/actor/lib/RampIdx.xml; make docs)} {
Failed to find javadoc for ptolemy.domains.sdf.lib.Chop} {
Failed to find source for ptolemy.domains.sdf.lib.Chop} {
Failed to find ptdoc for ptolemy.actor.lib.MathFunction.  Try doing (cd /home/travis/build/icyphy/ptII/doc/test/../../doc; rm codeDoc/ptolemy/actor/lib/Ramp.xml codeDoc/ptolemy/actor/lib/RampIdx.xml; make docs)} {
Failed to find javadoc for ptolemy.actor.lib.MathFunction} {
Failed to find source for ptolemy.actor.lib.MathFunction} {
Failed to find ptdoc for ptolemy.actor.lib.Const.  Try doing (cd /home/travis/build/icyphy/ptII/doc/test/../../doc; rm codeDoc/ptolemy/actor/lib/Ramp.xml codeDoc/ptolemy/actor/lib/RampIdx.xml; make docs)} {
Failed to find javadoc for ptolemy.actor.lib.Const} {
Failed to find source for ptolemy.actor.lib.Const} {
Failed to find ptdoc for ptolemy.actor.lib.MultiplyDivide.  Try doing (cd /home/travis/build/icyphy/ptII/doc/test/../../doc; rm codeDoc/ptolemy/actor/lib/Ramp.xml codeDoc/ptolemy/actor/lib/RampIdx.xml; make docs)} {
Failed to find javadoc for ptolemy.actor.lib.MultiplyDivide} {
Failed to find source for ptolemy.actor.lib.MultiplyDivide} {
Failed to find ptdoc for ptolemy.domains.sdf.lib.FFT.  Try doing (cd /home/travis/build/icyphy/ptII/doc/test/../../doc; rm codeDoc/ptolemy/actor/lib/Ramp.xml codeDoc/ptolemy/actor/lib/RampIdx.xml; make docs)} {
Failed to find javadoc for ptolemy.domains.sdf.lib.FFT} {
Failed to find source for ptolemy.domains.sdf.lib.FFT} {
Failed to find ptdoc for ptolemy.actor.lib.DB.  Try doing (cd /home/travis/build/icyphy/ptII/doc/test/../../doc; rm codeDoc/ptolemy/actor/lib/Ramp.xml codeDoc/ptolemy/actor/lib/RampIdx.xml; make docs)} {
Failed to find javadoc for ptolemy.actor.lib.DB} {
Failed to find source for ptolemy.actor.lib.DB} {
Failed to find ptdoc for ptolemy.actor.lib.AbsoluteValue.  Try doing (cd /home/travis/build/icyphy/ptII/doc/test/../../doc; rm codeDoc/ptolemy/actor/lib/Ramp.xml codeDoc/ptolemy/actor/lib/RampIdx.xml; make docs)} {
Failed to find javadoc for ptolemy.actor.lib.AbsoluteValue} {
Failed to find source for ptolemy.actor.lib.AbsoluteValue} {
Failed to find ptdoc for ptolemy.domains.sdf.lib.Autocorrelation.  Try doing (cd /home/travis/build/icyphy/ptII/doc/test/../../doc; rm codeDoc/ptolemy/actor/lib/Ramp.xml codeDoc/ptolemy/actor/lib/RampIdx.xml; make docs)} {
Failed to find javadoc for ptolemy.domains.sdf.lib.Autocorrelation} {
Failed to find source for ptolemy.domains.sdf.lib.Autocorrelation} {
Failed to find ptdoc for ptolemy.domains.sdf.lib.Chop.  Try doing (cd /home/travis/build/icyphy/ptII/doc/test/../../doc; rm codeDoc/ptolemy/actor/lib/Ramp.xml codeDoc/ptolemy/actor/lib/RampIdx.xml; make docs)} {
Failed to find javadoc for ptolemy.domains.sdf.lib.Chop} {
Failed to find source for ptolemy.domains.sdf.lib.Chop} {
Failed to find ptdoc for ptolemy.domains.sdf.lib.ArrayToSequence.  Try doing (cd /home/travis/build/icyphy/ptII/doc/test/../../doc; rm codeDoc/ptolemy/actor/lib/Ramp.xml codeDoc/ptolemy/actor/lib/RampIdx.xml; make docs)} {
Failed to find javadoc for ptolemy.domains.sdf.lib.ArrayToSequence} {
Failed to find source for ptolemy.domains.sdf.lib.ArrayToSequence} {
Failed to find ptdoc for ptolemy.actor.lib.Sequence.  Try doing (cd /home/travis/build/icyphy/ptII/doc/test/../../doc; rm codeDoc/ptolemy/actor/lib/Ramp.xml codeDoc/ptolemy/actor/lib/RampIdx.xml; make docs)} {
Failed to find javadoc for ptolemy.actor.lib.Sequence} {
Failed to find source for ptolemy.actor.lib.Sequence} {
Failed to find ptdoc for ptolemy.actor.lib.MultiplyDivide.  Try doing (cd /home/travis/build/icyphy/ptII/doc/test/../../doc; rm codeDoc/ptolemy/actor/lib/Ramp.xml codeDoc/ptolemy/actor/lib/RampIdx.xml; make docs)} {
Failed to find javadoc for ptolemy.actor.lib.MultiplyDivide} {
Failed to find source for ptolemy.actor.lib.MultiplyDivide} {
Failed to find ptdoc for ptolemy.domains.sdf.lib.FFT.  Try doing (cd /home/travis/build/icyphy/ptII/doc/test/../../doc; rm codeDoc/ptolemy/actor/lib/Ramp.xml codeDoc/ptolemy/actor/lib/RampIdx.xml; make docs)} {
Failed to find javadoc for ptolemy.domains.sdf.lib.FFT} {
Failed to find source for ptolemy.domains.sdf.lib.FFT} {
Failed to find ptdoc for ptolemy.actor.lib.DB.  Try doing (cd /home/travis/build/icyphy/ptII/doc/test/../../doc; rm codeDoc/ptolemy/actor/lib/Ramp.xml codeDoc/ptolemy/actor/lib/RampIdx.xml; make docs)} {
Failed to find javadoc for ptolemy.actor.lib.DB} {
Failed to find source for ptolemy.actor.lib.DB} {
Failed to find ptdoc for ptolemy.actor.lib.AbsoluteValue.  Try doing (cd /home/travis/build/icyphy/ptII/doc/test/../../doc; rm codeDoc/ptolemy/actor/lib/Ramp.xml codeDoc/ptolemy/actor/lib/RampIdx.xml; make docs)} {
Failed to find javadoc for ptolemy.actor.lib.AbsoluteValue} {
Failed to find source for ptolemy.actor.lib.AbsoluteValue} {
Failed to find ptdoc for ptolemy.actor.lib.Scale.  Try doing (cd /home/travis/build/icyphy/ptII/doc/test/../../doc; rm codeDoc/ptolemy/actor/lib/Ramp.xml codeDoc/ptolemy/actor/lib/RampIdx.xml; make docs)} {
Failed to find javadoc for ptolemy.actor.lib.Scale} {
Failed to find source for ptolemy.actor.lib.Scale} {
Failed to find ptdoc for ptolemy.actor.lib.Sequence.  Try doing (cd /home/travis/build/icyphy/ptII/doc/test/../../doc; rm codeDoc/ptolemy/actor/lib/Ramp.xml codeDoc/ptolemy/actor/lib/RampIdx.xml; make docs)} {
Failed to find javadoc for ptolemy.actor.lib.Sequence} {
Failed to find source for ptolemy.actor.lib.Sequence} {
Failed to find ptdoc for ptolemy.actor.lib.aspect.CommunicationRequestPort.  Try doing (cd /home/travis/build/icyphy/ptII/doc/test/../../doc; rm codeDoc/ptolemy/actor/lib/Ramp.xml codeDoc/ptolemy/actor/lib/RampIdx.xml; make docs)} {
Failed to find javadoc for ptolemy.actor.lib.aspect.CommunicationRequestPort} {
Failed to find source for ptolemy.actor.lib.aspect.CommunicationRequestPort} {
Failed to find ptdoc for ptolemy.actor.lib.aspect.CommunicationResponsePort.  Try doing (cd /home/travis/build/icyphy/ptII/doc/test/../../doc; rm codeDoc/ptolemy/actor/lib/Ramp.xml codeDoc/ptolemy/actor/lib/RampIdx.xml; make docs)} {
Failed to find javadoc for ptolemy.actor.lib.aspect.CommunicationResponsePort} {
Failed to find source for ptolemy.actor.lib.aspect.CommunicationResponsePort} {
Failed to find ptdoc for ptolemy.actor.lib.aspect.ExecutionRequestPort.  Try doing (cd /home/travis/build/icyphy/ptII/doc/test/../../doc; rm codeDoc/ptolemy/actor/lib/Ramp.xml codeDoc/ptolemy/actor/lib/RampIdx.xml; make docs)} {
Failed to find javadoc for ptolemy.actor.lib.aspect.ExecutionRequestPort} {
Failed to find source for ptolemy.actor.lib.aspect.ExecutionRequestPort} {
Failed to find ptdoc for ptolemy.actor.lib.aspect.ExecutionResponsePort.  Try doing (cd /home/travis/build/icyphy/ptII/doc/test/../../doc; rm codeDoc/ptolemy/actor/lib/Ramp.xml codeDoc/ptolemy/actor/lib/RampIdx.xml; make docs)} {
Failed to find javadoc for ptolemy.actor.lib.aspect.ExecutionResponsePort} {
Failed to find source for ptolemy.actor.lib.aspect.ExecutionResponsePort} {
Failed to find ptdoc for ptolemy.actor.lib.Expression.  Try doing (cd /home/travis/build/icyphy/ptII/doc/test/../../doc; rm codeDoc/ptolemy/actor/lib/Ramp.xml codeDoc/ptolemy/actor/lib/RampIdx.xml; make docs)} {
Failed to find javadoc for ptolemy.actor.lib.Expression} {
Failed to find source for ptolemy.actor.lib.Expression} {
Failed to find ptdoc for ptolemy.actor.lib.Expression.  Try doing (cd /home/travis/build/icyphy/ptII/doc/test/../../doc; rm codeDoc/ptolemy/actor/lib/Ramp.xml codeDoc/ptolemy/actor/lib/RampIdx.xml; make docs)} {
Failed to find javadoc for ptolemy.actor.lib.Expression} {
Failed to find source for ptolemy.actor.lib.Expression} {
Failed to find ptdoc for ptolemy.actor.lib.Expression.  Try doing (cd /home/travis/build/icyphy/ptII/doc/test/../../doc; rm codeDoc/ptolemy/actor/lib/Ramp.xml codeDoc/ptolemy/actor/lib/RampIdx.xml; make docs)} {
Failed to find javadoc for ptolemy.actor.lib.Expression} {
Failed to find source for ptolemy.actor.lib.Expression} {
Failed to find ptdoc for ptolemy.actor.lib.Expression.  Try doing (cd /home/travis/build/icyphy/ptII/doc/test/../../doc; rm codeDoc/ptolemy/actor/lib/Ramp.xml codeDoc/ptolemy/actor/lib/RampIdx.xml; make docs)} {
Failed to find javadoc for ptolemy.actor.lib.Expression} {
Failed to find source for ptolemy.actor.lib.Expression} {
Failed to find ptdoc for ptolemy.actor.lib.SetVariable.  Try doing (cd /home/travis/build/icyphy/ptII/doc/test/../../doc; rm codeDoc/ptolemy/actor/lib/Ramp.xml codeDoc/ptolemy/actor/lib/RampIdx.xml; make docs)} {
Failed to find javadoc for ptolemy.actor.lib.SetVariable} {
Failed to find source for ptolemy.actor.lib.SetVariable} {
Failed to find ptdoc for ptolemy.actor.lib.Expression.  Try doing (cd /home/travis/build/icyphy/ptII/doc/test/../../doc; rm codeDoc/ptolemy/actor/lib/Ramp.xml codeDoc/ptolemy/actor/lib/RampIdx.xml; make docs)} {
Failed to find javadoc for ptolemy.actor.lib.Expression} {
Failed to find source for ptolemy.actor.lib.Expression} {
Failed to find ptdoc for ptolemy.actor.lib.Expression.  Try doing (cd /home/travis/build/icyphy/ptII/doc/test/../../doc; rm codeDoc/ptolemy/actor/lib/Ramp.xml codeDoc/ptolemy/actor/lib/RampIdx.xml; make docs)} {
Failed to find javadoc for ptolemy.actor.lib.Expression} {
Failed to find source for ptolemy.actor.lib.Expression} {
Failed to find ptdoc for ptolemy.actor.lib.SetVariable.  Try doing (cd /home/travis/build/icyphy/ptII/doc/test/../../doc; rm codeDoc/ptolemy/actor/lib/Ramp.xml codeDoc/ptolemy/actor/lib/RampIdx.xml; make docs)} {
Failed to find javadoc for ptolemy.actor.lib.SetVariable} {
Failed to find source for ptolemy.actor.lib.SetVariable} {
Failed to find ptdoc for ptolemy.actor.lib.Expression.  Try doing (cd /home/travis/build/icyphy/ptII/doc/test/../../doc; rm codeDoc/ptolemy/actor/lib/Ramp.xml codeDoc/ptolemy/actor/lib/RampIdx.xml; make docs)} {
Failed to find javadoc for ptolemy.actor.lib.Expression} {
Failed to find source for ptolemy.actor.lib.Expression} {
Failed to find ptdoc for ptolemy.actor.lib.Expression.  Try doing (cd /home/travis/build/icyphy/ptII/doc/test/../../doc; rm codeDoc/ptolemy/actor/lib/Ramp.xml codeDoc/ptolemy/actor/lib/RampIdx.xml; make docs)} {
Failed to find javadoc for ptolemy.actor.lib.Expression} {
Failed to find source for ptolemy.actor.lib.Expression} {
Failed to find ptdoc for ptolemy.actor.lib.SetVariable.  Try doing (cd /home/travis/build/icyphy/ptII/doc/test/../../doc; rm codeDoc/ptolemy/actor/lib/Ramp.xml codeDoc/ptolemy/actor/lib/RampIdx.xml; make docs)} {
Failed to find javadoc for ptolemy.actor.lib.SetVariable} {
Failed to find source for ptolemy.actor.lib.SetVariable} {
Failed to find ptdoc for ptolemy.actor.lib.Expression.  Try doing (cd /home/travis/build/icyphy/ptII/doc/test/../../doc; rm codeDoc/ptolemy/actor/lib/Ramp.xml codeDoc/ptolemy/actor/lib/RampIdx.xml; make docs)} {
Failed to find javadoc for ptolemy.actor.lib.Expression} {
Failed to find source for ptolemy.actor.lib.Expression} {
Failed to find ptdoc for ptolemy.actor.lib.Expression.  Try doing (cd /home/travis/build/icyphy/ptII/doc/test/../../doc; rm codeDoc/ptolemy/actor/lib/Ramp.xml codeDoc/ptolemy/actor/lib/RampIdx.xml; make docs)} {
Failed to find javadoc for ptolemy.actor.lib.Expression} {
Failed to find source for ptolemy.actor.lib.Expression} {
Failed to find ptdoc for ptolemy.actor.lib.SetVariable.  Try doing (cd /home/travis/build/icyphy/ptII/doc/test/../../doc; rm codeDoc/ptolemy/actor/lib/Ramp.xml codeDoc/ptolemy/actor/lib/RampIdx.xml; make docs)} {
Failed to find javadoc for ptolemy.actor.lib.SetVariable} {
Failed to find source for ptolemy.actor.lib.SetVariable} {
Failed to find ptdoc for ptolemy.actor.lib.AddSubtract.  Try doing (cd /home/travis/build/icyphy/ptII/doc/test/../../doc; rm codeDoc/ptolemy/actor/lib/Ramp.xml codeDoc/ptolemy/actor/lib/RampIdx.xml; make docs)} {
Failed to find javadoc for ptolemy.actor.lib.AddSubtract} {
Failed to find source for ptolemy.actor.lib.AddSubtract} {
Failed to find ptdoc for ptolemy.actor.lib.Expression.  Try doing (cd /home/travis/build/icyphy/ptII/doc/test/../../doc; rm codeDoc/ptolemy/actor/lib/Ramp.xml codeDoc/ptolemy/actor/lib/RampIdx.xml; make docs)} {
Failed to find javadoc for ptolemy.actor.lib.Expression} {
Failed to find source for ptolemy.actor.lib.Expression} {
Failed to find ptdoc for ptolemy.actor.lib.Expression.  Try doing (cd /home/travis/build/icyphy/ptII/doc/test/../../doc; rm codeDoc/ptolemy/actor/lib/Ramp.xml codeDoc/ptolemy/actor/lib/RampIdx.xml; make docs)} {
Failed to find javadoc for ptolemy.actor.lib.Expression} {
Failed to find source for ptolemy.actor.lib.Expression}}
---- Result should have been:
{}
---- cyphysim/configuration.xml-6.1 FAILED
 Force everything to get expanded ptolemy/configs/bcvtb/configuration.xml
    (Skipping certain optional packages)
    If you get a 'X connection to xxx:11.0 broken' message, then
    see $PTII/ptolemy/moml/filter/RemoveGraphicalClasses.java
    Or, under Solaris, run java -verbose -classpath 
           ${PTII}/lib/ptjacl.jar:${PTII}/lib/diva.jar:${PTII}
           tcl.lang.Shell xxx.tcl


==== $PTII/doc/test/docManager.tcl: bcvtb/configuration.xml-6.1 Test docClassNameToURL
==== Contents of test case:

        # If this test fails under Travis, the the problem could be
        # that actors have been added to the repository, yet the
        # codeDoc*.jar files in
        # https://github.com/icyphy/ptII/releases/download/nightly/
        # have not been updated.  $PTII/.travis.yml has a deploy
        # section that should copy the jar files if PT_TRAVIS_DOCS ==
        # true.  Note that Travis no longer supports Oracle JDK 8 and
        # JDK 11 does not have backward compatible support for
        # javadoc, so travis is failing to update the download/nightly
        # directory.  Even if Travis updates the codeDoc.jar files,
        # then under JDK 11 the actor index files will not be present
        # because JDK 11 is missing javadoc backward compatibility.

        # One possible fix is to build the jar files under JDK 8 with
        # (cd $PTII/doc; make install)
        # Then upload codeDoc.jar to the nightly release.
        # 1. Go to https://github.com/icyphy/ptII/releases
        # 2. Find the nightly release
        # 3. Click on edit
        # 4. Delete the old codeDoc.jar
        # 5. Upload the new codeDoc.jar
        # For details, see 
        # https://docs.github.com/en/github/administering-a-repository/managing-releases-in-a-repository

	# In general, if we call getName on a public field in an actor,
	# then the name that is returned should be the same as the name
	# of the field.
	set entityList [$configuration allAtomicEntityList]
	set results {}
	for {set iterator [$entityList iterator]}  {[$iterator hasNext] == 1} {} {
		set entity [$iterator next]
		if [java::instanceof $entity ptolemy.actor.TypedAtomicActor] {
		    set actor [java::cast ptolemy.actor.TypedAtomicActor $entity]
		    set className [$actor getClassName]
		    set url [java::call ptolemy.vergil.actor.DocManager  docClassNameToURL  $configuration $className  true false false false]
		    if [java::isnull $url] {
			lappend results "\nFailed to find ptdoc for $className.  Try doing (cd $PTII/doc; rm codeDoc/ptolemy/actor/lib/Ramp.xml codeDoc/ptolemy/actor/lib/RampIdx.xml; make docs)"
		    }


		    set url [java::call ptolemy.vergil.actor.DocManager  docClassNameToURL  $configuration $className  false true false false]
		    if [java::isnull $url] {
			lappend results "\nFailed to find javadoc for $className"
		    }

		    set url [java::call ptolemy.vergil.actor.DocManager  docClassNameToURL  $configuration $className  false true false false]
		    if [java::isnull $url] {
			lappend results "\nFailed to find source for $className"
		    }


		    # For actor index, it is ok to return null
		    set url [java::call ptolemy.vergil.actor.DocManager  docClassNameToURL  $configuration $className  false false false true]
		}
	    }
    list $results	
    
==== Result was:
{{
Failed to find ptdoc for ptolemy.actor.lib.Assert.  Try doing (cd /home/travis/build/icyphy/ptII/doc/test/../../doc; rm codeDoc/ptolemy/actor/lib/Ramp.xml codeDoc/ptolemy/actor/lib/RampIdx.xml; make docs)} {
Failed to find javadoc for ptolemy.actor.lib.Assert} {
Failed to find source for ptolemy.actor.lib.Assert} {
Failed to find ptdoc for lbnl.actor.lib.Simulator.  Try doing (cd /home/travis/build/icyphy/ptII/doc/test/../../doc; rm codeDoc/ptolemy/actor/lib/Ramp.xml codeDoc/ptolemy/actor/lib/RampIdx.xml; make docs)} {
Failed to find javadoc for lbnl.actor.lib.Simulator} {
Failed to find source for lbnl.actor.lib.Simulator} {
Failed to find ptdoc for lbnl.actor.lib.SystemCommand.  Try doing (cd /home/travis/build/icyphy/ptII/doc/test/../../doc; rm codeDoc/ptolemy/actor/lib/Ramp.xml codeDoc/ptolemy/actor/lib/RampIdx.xml; make docs)} {
Failed to find javadoc for lbnl.actor.lib.SystemCommand} {
Failed to find source for lbnl.actor.lib.SystemCommand} {
Failed to find ptdoc for ptolemy.actor.lib.Const.  Try doing (cd /home/travis/build/icyphy/ptII/doc/test/../../doc; rm codeDoc/ptolemy/actor/lib/Ramp.xml codeDoc/ptolemy/actor/lib/RampIdx.xml; make docs)} {
Failed to find javadoc for ptolemy.actor.lib.Const} {
Failed to find source for ptolemy.actor.lib.Const} {
Failed to find ptdoc for ptolemy.actor.lib.StringConst.  Try doing (cd /home/travis/build/icyphy/ptII/doc/test/../../doc; rm codeDoc/ptolemy/actor/lib/Ramp.xml codeDoc/ptolemy/actor/lib/RampIdx.xml; make docs)} {
Failed to find javadoc for ptolemy.actor.lib.StringConst} {
Failed to find source for ptolemy.actor.lib.StringConst} {
Failed to find ptdoc for ptolemy.actor.lib.Subscriber.  Try doing (cd /home/travis/build/icyphy/ptII/doc/test/../../doc; rm codeDoc/ptolemy/actor/lib/Ramp.xml codeDoc/ptolemy/actor/lib/RampIdx.xml; make docs)} {
Failed to find javadoc for ptolemy.actor.lib.Subscriber} {
Failed to find source for ptolemy.actor.lib.Subscriber} {
Failed to find ptdoc for ptolemy.actor.lib.SubscriptionAggregator.  Try doing (cd /home/travis/build/icyphy/ptII/doc/test/../../doc; rm codeDoc/ptolemy/actor/lib/Ramp.xml codeDoc/ptolemy/actor/lib/RampIdx.xml; make docs)} {
Failed to find javadoc for ptolemy.actor.lib.SubscriptionAggregator} {
Failed to find source for ptolemy.actor.lib.SubscriptionAggregator} {
Failed to find ptdoc for ptolemy.actor.lib.CurrentDate.  Try doing (cd /home/travis/build/icyphy/ptII/doc/test/../../doc; rm codeDoc/ptolemy/actor/lib/Ramp.xml codeDoc/ptolemy/actor/lib/RampIdx.xml; make docs)} {
Failed to find javadoc for ptolemy.actor.lib.CurrentDate} {
Failed to find source for ptolemy.actor.lib.CurrentDate} {
Failed to find ptdoc for ptolemy.actor.lib.CurrentTime.  Try doing (cd /home/travis/build/icyphy/ptII/doc/test/../../doc; rm codeDoc/ptolemy/actor/lib/Ramp.xml codeDoc/ptolemy/actor/lib/RampIdx.xml; make docs)} {
Failed to find javadoc for ptolemy.actor.lib.CurrentTime} {
Failed to find source for ptolemy.actor.lib.CurrentTime} {
Failed to find ptdoc for ptolemy.actor.lib.CurrentMicrostep.  Try doing (cd /home/travis/build/icyphy/ptII/doc/test/../../doc; rm codeDoc/ptolemy/actor/lib/Ramp.xml codeDoc/ptolemy/actor/lib/RampIdx.xml; make docs)} {
Failed to find javadoc for ptolemy.actor.lib.CurrentMicrostep} {
Failed to find source for ptolemy.actor.lib.CurrentMicrostep} {
Failed to find ptdoc for ptolemy.actor.lib.DiscreteClock.  Try doing (cd /home/travis/build/icyphy/ptII/doc/test/../../doc; rm codeDoc/ptolemy/actor/lib/Ramp.xml codeDoc/ptolemy/actor/lib/RampIdx.xml; make docs)} {
Failed to find javadoc for ptolemy.actor.lib.DiscreteClock} {
Failed to find source for ptolemy.actor.lib.DiscreteClock} {
Failed to find ptdoc for ptolemy.actor.lib.PoissonClock.  Try doing (cd /home/travis/build/icyphy/ptII/doc/test/../../doc; rm codeDoc/ptolemy/actor/lib/Ramp.xml codeDoc/ptolemy/actor/lib/RampIdx.xml; make docs)} {
Failed to find javadoc for ptolemy.actor.lib.PoissonClock} {
Failed to find source for ptolemy.actor.lib.PoissonClock} {
Failed to find ptdoc for ptolemy.actor.lib.gui.InteractiveDialog.  Try doing (cd /home/travis/build/icyphy/ptII/doc/test/../../doc; rm codeDoc/ptolemy/actor/lib/Ramp.xml codeDoc/ptolemy/actor/lib/RampIdx.xml; make docs)} {
Failed to find javadoc for ptolemy.actor.lib.gui.InteractiveDialog} {
Failed to find source for ptolemy.actor.lib.gui.InteractiveDialog} {
Failed to find ptdoc for ptolemy.actor.lib.gui.InteractiveShell.  Try doing (cd /home/travis/build/icyphy/ptII/doc/test/../../doc; rm codeDoc/ptolemy/actor/lib/Ramp.xml codeDoc/ptolemy/actor/lib/RampIdx.xml; make docs)} {
Failed to find javadoc for ptolemy.actor.lib.gui.InteractiveShell} {
Failed to find source for ptolemy.actor.lib.gui.InteractiveShell} {
Failed to find ptdoc for ptolemy.actor.lib.Interpolator.  Try doing (cd /home/travis/build/icyphy/ptII/doc/test/../../doc; rm codeDoc/ptolemy/actor/lib/Ramp.xml codeDoc/ptolemy/actor/lib/RampIdx.xml; make docs)} {
Failed to find javadoc for ptolemy.actor.lib.Interpolator} {
Failed to find source for ptolemy.actor.lib.Interpolator} {
Failed to find ptdoc for ptolemy.actor.lib.Pulse.  Try doing (cd /home/travis/build/icyphy/ptII/doc/test/../../doc; rm codeDoc/ptolemy/actor/lib/Ramp.xml codeDoc/ptolemy/actor/lib/RampIdx.xml; make docs)} {
Failed to find javadoc for ptolemy.actor.lib.Pulse} {
Failed to find source for ptolemy.actor.lib.Pulse} {
Failed to find ptdoc for ptolemy.actor.lib.Ramp.  Try doing (cd /home/travis/build/icyphy/ptII/doc/test/../../doc; rm codeDoc/ptolemy/actor/lib/Ramp.xml codeDoc/ptolemy/actor/lib/RampIdx.xml; make docs)} {
Failed to find javadoc for ptolemy.actor.lib.Ramp} {
Failed to find source for ptolemy.actor.lib.Ramp} {
Failed to find ptdoc for ptolemy.actor.lib.Sequence.  Try doing (cd /home/travis/build/icyphy/ptII/doc/test/../../doc; rm codeDoc/ptolemy/actor/lib/Ramp.xml codeDoc/ptolemy/actor/lib/RampIdx.xml; make docs)} {
Failed to find javadoc for ptolemy.actor.lib.Sequence} {
Failed to find source for ptolemy.actor.lib.Sequence} {
Failed to find ptdoc for ptolemy.actor.lib.gui.SketchedSource.  Try doing (cd /home/travis/build/icyphy/ptII/doc/test/../../doc; rm codeDoc/ptolemy/actor/lib/Ramp.xml codeDoc/ptolemy/actor/lib/RampIdx.xml; make docs)} {
Failed to find javadoc for ptolemy.actor.lib.gui.SketchedSource} {
Failed to find source for ptolemy.actor.lib.gui.SketchedSource} {
Failed to find ptdoc for ptolemy.actor.lib.gui.ArrayPlotterXY.  Try doing (cd /home/travis/build/icyphy/ptII/doc/test/../../doc; rm codeDoc/ptolemy/actor/lib/Ramp.xml codeDoc/ptolemy/actor/lib/RampIdx.xml; make docs)} {
Failed to find javadoc for ptolemy.actor.lib.gui.ArrayPlotterXY} {
Failed to find source for ptolemy.actor.lib.gui.ArrayPlotterXY} {
Failed to find ptdoc for ptolemy.actor.lib.Discard.  Try doing (cd /home/travis/build/icyphy/ptII/doc/test/../../doc; rm codeDoc/ptolemy/actor/lib/Ramp.xml codeDoc/ptolemy/actor/lib/RampIdx.xml; make docs)} {
Failed to find javadoc for ptolemy.actor.lib.Discard} {
Failed to find source for ptolemy.actor.lib.Discard} {
Failed to find ptdoc for ptolemy.actor.lib.gui.Display.  Try doing (cd /home/travis/build/icyphy/ptII/doc/test/../../doc; rm codeDoc/ptolemy/actor/lib/Ramp.xml codeDoc/ptolemy/actor/lib/RampIdx.xml; make docs)} {
Failed to find javadoc for ptolemy.actor.lib.gui.Display} {
Failed to find source for ptolemy.actor.lib.gui.Display} {
Failed to find ptdoc for ptolemy.actor.lib.gui.MonitorValue.  Try doing (cd /home/travis/build/icyphy/ptII/doc/test/../../doc; rm codeDoc/ptolemy/actor/lib/Ramp.xml codeDoc/ptolemy/actor/lib/RampIdx.xml; make docs)} {
Failed to find javadoc for ptolemy.actor.lib.gui.MonitorValue} {
Failed to find source for ptolemy.actor.lib.gui.MonitorValue} {
Failed to find ptdoc for ptolemy.actor.lib.Publisher.  Try doing (cd /home/travis/build/icyphy/ptII/doc/test/../../doc; rm codeDoc/ptolemy/actor/lib/Ramp.xml codeDoc/ptolemy/actor/lib/RampIdx.xml; make docs)} {
Failed to find javadoc for ptolemy.actor.lib.Publisher} {
Failed to find source for ptolemy.actor.lib.Publisher} {
Failed to find ptdoc for ptolemy.actor.lib.Recorder.  Try doing (cd /home/travis/build/icyphy/ptII/doc/test/../../doc; rm codeDoc/ptolemy/actor/lib/Ramp.xml codeDoc/ptolemy/actor/lib/RampIdx.xml; make docs)} {
Failed to find javadoc for ptolemy.actor.lib.Recorder} {
Failed to find source for ptolemy.actor.lib.Recorder} {
Failed to find ptdoc for ptolemy.actor.lib.SetVariable.  Try doing (cd /home/travis/build/icyphy/ptII/doc/test/../../doc; rm codeDoc/ptolemy/actor/lib/Ramp.xml codeDoc/ptolemy/actor/lib/RampIdx.xml; make docs)} {
Failed to find javadoc for ptolemy.actor.lib.SetVariable} {
Failed to find source for ptolemy.actor.lib.SetVariable} {
Failed to find ptdoc for ptolemy.actor.lib.gui.XYPlotter.  Try doing (cd /home/travis/build/icyphy/ptII/doc/test/../../doc; rm codeDoc/ptolemy/actor/lib/Ramp.xml codeDoc/ptolemy/actor/lib/RampIdx.xml; make docs)} {
Failed to find javadoc for ptolemy.actor.lib.gui.XYPlotter} {
Failed to find source for ptolemy.actor.lib.gui.XYPlotter} {
Failed to find ptdoc for ptolemy.actor.lib.gui.XYScope.  Try doing (cd /home/travis/build/icyphy/ptII/doc/test/../../doc; rm codeDoc/ptolemy/actor/lib/Ramp.xml codeDoc/ptolemy/actor/lib/RampIdx.xml; make docs)} {
Failed to find javadoc for ptolemy.actor.lib.gui.XYScope} {
Failed to find source for ptolemy.actor.lib.gui.XYScope} {
Failed to find ptdoc for ptolemy.actor.lib.gui.TimedDisplay.  Try doing (cd /home/travis/build/icyphy/ptII/doc/test/../../doc; rm codeDoc/ptolemy/actor/lib/Ramp.xml codeDoc/ptolemy/actor/lib/RampIdx.xml; make docs)} {
Failed to find javadoc for ptolemy.actor.lib.gui.TimedDisplay} {
Failed to find source for ptolemy.actor.lib.gui.TimedDisplay} {
Failed to find ptdoc for ptolemy.actor.lib.gui.TimedMonitorValue.  Try doing (cd /home/travis/build/icyphy/ptII/doc/test/../../doc; rm codeDoc/ptolemy/actor/lib/Ramp.xml codeDoc/ptolemy/actor/lib/RampIdx.xml; make docs)} {
Failed to find javadoc for ptolemy.actor.lib.gui.TimedMonitorValue} {
Failed to find source for ptolemy.actor.lib.gui.TimedMonitorValue} {
Failed to find ptdoc for ptolemy.actor.lib.gui.TimedPlotter.  Try doing (cd /home/travis/build/icyphy/ptII/doc/test/../../doc; rm codeDoc/ptolemy/actor/lib/Ramp.xml codeDoc/ptolemy/actor/lib/RampIdx.xml; make docs)} {
Failed to find javadoc for ptolemy.actor.lib.gui.TimedPlotter} {
Failed to find source for ptolemy.actor.lib.gui.TimedPlotter} {
Failed to find ptdoc for ptolemy.actor.lib.gui.TimedScope.  Try doing (cd /home/travis/build/icyphy/ptII/doc/test/../../doc; rm codeDoc/ptolemy/actor/lib/Ramp.xml codeDoc/ptolemy/actor/lib/RampIdx.xml; make docs)} {
Failed to find javadoc for ptolemy.actor.lib.gui.TimedScope} {
Failed to find source for ptolemy.actor.lib.gui.TimedScope} {
Failed to find ptdoc for ptolemy.actor.lib.gui.ArrayPlotter.  Try doing (cd /home/travis/build/icyphy/ptII/doc/test/../../doc; rm codeDoc/ptolemy/actor/lib/Ramp.xml codeDoc/ptolemy/actor/lib/RampIdx.xml; make docs)} {
Failed to find javadoc for ptolemy.actor.lib.gui.ArrayPlotter} {
Failed to find source for ptolemy.actor.lib.gui.ArrayPlotter} {
Failed to find ptdoc for ptolemy.actor.lib.gui.BarGraph.  Try doing (cd /home/travis/build/icyphy/ptII/doc/test/../../doc; rm codeDoc/ptolemy/actor/lib/Ramp.xml codeDoc/ptolemy/actor/lib/RampIdx.xml; make docs)} {
Failed to find javadoc for ptolemy.actor.lib.gui.BarGraph} {
Failed to find source for ptolemy.actor.lib.gui.BarGraph} {
Failed to find ptdoc for ptolemy.actor.lib.gui.HistogramPlotter.  Try doing (cd /home/travis/build/icyphy/ptII/doc/test/../../doc; rm codeDoc/ptolemy/actor/lib/Ramp.xml codeDoc/ptolemy/actor/lib/RampIdx.xml; make docs)} {
Failed to find javadoc for ptolemy.actor.lib.gui.HistogramPlotter} {
Failed to find source for ptolemy.actor.lib.gui.HistogramPlotter} {
Failed to find ptdoc for ptolemy.actor.lib.gui.SequencePlotter.  Try doing (cd /home/travis/build/icyphy/ptII/doc/test/../../doc; rm codeDoc/ptolemy/actor/lib/Ramp.xml codeDoc/ptolemy/actor/lib/RampIdx.xml; make docs)} {
Failed to find javadoc for ptolemy.actor.lib.gui.SequencePlotter} {
Failed to find source for ptolemy.actor.lib.gui.SequencePlotter} {
Failed to find ptdoc for ptolemy.actor.lib.gui.SequenceScope.  Try doing (cd /home/travis/build/icyphy/ptII/doc/test/../../doc; rm codeDoc/ptolemy/actor/lib/Ramp.xml codeDoc/ptolemy/actor/lib/RampIdx.xml; make docs)} {
Failed to find javadoc for ptolemy.actor.lib.gui.SequenceScope} {
Failed to find source for ptolemy.actor.lib.gui.SequenceScope} {
Failed to find ptdoc for ptolemy.actor.lib.ArrayAccumulate.  Try doing (cd /home/travis/build/icyphy/ptII/doc/test/../../doc; rm codeDoc/ptolemy/actor/lib/Ramp.xml codeDoc/ptolemy/actor/lib/RampIdx.xml; make docs)} {
Failed to find javadoc for ptolemy.actor.lib.ArrayAccumulate} {
Failed to find source for ptolemy.actor.lib.ArrayAccumulate} {
Failed to find ptdoc for ptolemy.actor.lib.ArrayAppend.  Try doing (cd /home/travis/build/icyphy/ptII/doc/test/../../doc; rm codeDoc/ptolemy/actor/lib/Ramp.xml codeDoc/ptolemy/actor/lib/RampIdx.xml; make docs)} {
Failed to find javadoc for ptolemy.actor.lib.ArrayAppend} {
Failed to find source for ptolemy.actor.lib.ArrayAppend} {
Failed to find ptdoc for ptolemy.actor.lib.ArrayAverage.  Try doing (cd /home/travis/build/icyphy/ptII/doc/test/../../doc; rm codeDoc/ptolemy/actor/lib/Ramp.xml codeDoc/ptolemy/actor/lib/RampIdx.xml; make docs)} {
Failed to find javadoc for ptolemy.actor.lib.ArrayAverage} {
Failed to find source for ptolemy.actor.lib.ArrayAverage} {
Failed to find ptdoc for ptolemy.actor.lib.ArrayContains.  Try doing (cd /home/travis/build/icyphy/ptII/doc/test/../../doc; rm codeDoc/ptolemy/actor/lib/Ramp.xml codeDoc/ptolemy/actor/lib/RampIdx.xml; make docs)} {
Failed to find javadoc for ptolemy.actor.lib.ArrayContains} {
Failed to find source for ptolemy.actor.lib.ArrayContains} {
Failed to find ptdoc for ptolemy.actor.lib.ArrayElement.  Try doing (cd /home/travis/build/icyphy/ptII/doc/test/../../doc; rm codeDoc/ptolemy/actor/lib/Ramp.xml codeDoc/ptolemy/actor/lib/RampIdx.xml; make docs)} {
Failed to find javadoc for ptolemy.actor.lib.ArrayElement} {
Failed to find source for ptolemy.actor.lib.ArrayElement} {
Failed to find ptdoc for ptolemy.actor.lib.ArrayElementAsMatrix.  Try doing (cd /home/travis/build/icyphy/ptII/doc/test/../../doc; rm codeDoc/ptolemy/actor/lib/Ramp.xml codeDoc/ptolemy/actor/lib/RampIdx.xml; make docs)} {
Failed to find javadoc for ptolemy.actor.lib.ArrayElementAsMatrix} {
Failed to find source for ptolemy.actor.lib.ArrayElementAsMatrix} {
Failed to find ptdoc for ptolemy.actor.lib.ArrayExtract.  Try doing (cd /home/travis/build/icyphy/ptII/doc/test/../../doc; rm codeDoc/ptolemy/actor/lib/Ramp.xml codeDoc/ptolemy/actor/lib/RampIdx.xml; make docs)} {
Failed to find javadoc for ptolemy.actor.lib.ArrayExtract} {
Failed to find source for ptolemy.actor.lib.ArrayExtract} {
Failed to find ptdoc for ptolemy.actor.lib.ArrayLength.  Try doing (cd /home/travis/build/icyphy/ptII/doc/test/../../doc; rm codeDoc/ptolemy/actor/lib/Ramp.xml codeDoc/ptolemy/actor/lib/RampIdx.xml; make docs)} {
Failed to find javadoc for ptolemy.actor.lib.ArrayLength} {
Failed to find source for ptolemy.actor.lib.ArrayLength} {
Failed to find ptdoc for ptolemy.actor.lib.ArrayLevelCrossing.  Try doing (cd /home/travis/build/icyphy/ptII/doc/test/../../doc; rm codeDoc/ptolemy/actor/lib/Ramp.xml codeDoc/ptolemy/actor/lib/RampIdx.xml; make docs)} {
Failed to find javadoc for ptolemy.actor.lib.ArrayLevelCrossing} {
Failed to find source for ptolemy.actor.lib.ArrayLevelCrossing} {
Failed to find ptdoc for ptolemy.actor.lib.ArrayMaximum.  Try doing (cd /home/travis/build/icyphy/ptII/doc/test/../../doc; rm codeDoc/ptolemy/actor/lib/Ramp.xml codeDoc/ptolemy/actor/lib/RampIdx.xml; make docs)} {
Failed to find javadoc for ptolemy.actor.lib.ArrayMaximum} {
Failed to find source for ptolemy.actor.lib.ArrayMaximum} {
Failed to find ptdoc for ptolemy.actor.lib.ArrayMinimum.  Try doing (cd /home/travis/build/icyphy/ptII/doc/test/../../doc; rm codeDoc/ptolemy/actor/lib/Ramp.xml codeDoc/ptolemy/actor/lib/RampIdx.xml; make docs)} {
Failed to find javadoc for ptolemy.actor.lib.ArrayMinimum} {
Failed to find source for ptolemy.actor.lib.ArrayMinimum} {
Failed to find ptdoc for ptolemy.actor.lib.ArrayPeakSearch.  Try doing (cd /home/travis/build/icyphy/ptII/doc/test/../../doc; rm codeDoc/ptolemy/actor/lib/Ramp.xml codeDoc/ptolemy/actor/lib/RampIdx.xml; make docs)} {
Failed to find javadoc for ptolemy.actor.lib.ArrayPeakSearch} {
Failed to find source for ptolemy.actor.lib.ArrayPeakSearch} {
Failed to find ptdoc for ptolemy.actor.lib.ArrayRemoveElement.  Try doing (cd /home/travis/build/icyphy/ptII/doc/test/../../doc; rm codeDoc/ptolemy/actor/lib/Ramp.xml codeDoc/ptolemy/actor/lib/RampIdx.xml; make docs)} {
Failed to find javadoc for ptolemy.actor.lib.ArrayRemoveElement} {
Failed to find source for ptolemy.actor.lib.ArrayRemoveElement} {
Failed to find ptdoc for ptolemy.actor.lib.ArraySort.  Try doing (cd /home/travis/build/icyphy/ptII/doc/test/../../doc; rm codeDoc/ptolemy/actor/lib/Ramp.xml codeDoc/ptolemy/actor/lib/RampIdx.xml; make docs)} {
Failed to find javadoc for ptolemy.actor.lib.ArraySort} {
Failed to find source for ptolemy.actor.lib.ArraySort} {
Failed to find ptdoc for ptolemy.actor.lib.ArraySum.  Try doing (cd /home/travis/build/icyphy/ptII/doc/test/../../doc; rm codeDoc/ptolemy/actor/lib/Ramp.xml codeDoc/ptolemy/actor/lib/RampIdx.xml; make docs)} {
Failed to find javadoc for ptolemy.actor.lib.ArraySum} {
Failed to find source for ptolemy.actor.lib.ArraySum} {
Failed to find ptdoc for ptolemy.actor.lib.ArrayToElements.  Try doing (cd /home/travis/build/icyphy/ptII/doc/test/../../doc; rm codeDoc/ptolemy/actor/lib/Ramp.xml codeDoc/ptolemy/actor/lib/RampIdx.xml; make docs)} {
Failed to find javadoc for ptolemy.actor.lib.ArrayToElements} {
Failed to find source for ptolemy.actor.lib.ArrayToElements} {
Failed to find ptdoc for ptolemy.domains.sdf.lib.ArrayToSequence.  Try doing (cd /home/travis/build/icyphy/ptII/doc/test/../../doc; rm codeDoc/ptolemy/actor/lib/Ramp.xml codeDoc/ptolemy/actor/lib/RampIdx.xml; make docs)} {
Failed to find javadoc for ptolemy.domains.sdf.lib.ArrayToSequence} {
Failed to find source for ptolemy.domains.sdf.lib.ArrayToSequence} {
Failed to find ptdoc for ptolemy.actor.lib.ArrayUpdate.  Try doing (cd /home/travis/build/icyphy/ptII/doc/test/../../doc; rm codeDoc/ptolemy/actor/lib/Ramp.xml codeDoc/ptolemy/actor/lib/RampIdx.xml; make docs)} {
Failed to find javadoc for ptolemy.actor.lib.ArrayUpdate} {
Failed to find source for ptolemy.actor.lib.ArrayUpdate} {
Failed to find ptdoc for ptolemy.actor.lib.ElementsToArray.  Try doing (cd /home/travis/build/icyphy/ptII/doc/test/../../doc; rm codeDoc/ptolemy/actor/lib/Ramp.xml codeDoc/ptolemy/actor/lib/RampIdx.xml; make docs)} {
Failed to find javadoc for ptolemy.actor.lib.ElementsToArray} {
Failed to find source for ptolemy.actor.lib.ElementsToArray} {
Failed to find ptdoc for ptolemy.domains.sdf.lib.SequenceToArray.  Try doing (cd /home/travis/build/icyphy/ptII/doc/test/../../doc; rm codeDoc/ptolemy/actor/lib/Ramp.xml codeDoc/ptolemy/actor/lib/RampIdx.xml; make docs)} {
Failed to find javadoc for ptolemy.domains.sdf.lib.SequenceToArray} {
Failed to find source for ptolemy.domains.sdf.lib.SequenceToArray} {
Failed to find ptdoc for ptolemy.actor.lib.conversions.AnythingToDouble.  Try doing (cd /home/travis/build/icyphy/ptII/doc/test/../../doc; rm codeDoc/ptolemy/actor/lib/Ramp.xml codeDoc/ptolemy/actor/lib/RampIdx.xml; make docs)} {
Failed to find javadoc for ptolemy.actor.lib.conversions.AnythingToDouble} {
Failed to find source for ptolemy.actor.lib.conversions.AnythingToDouble} {
Failed to find ptdoc for ptolemy.actor.lib.conversions.BooleanToAnything.  Try doing (cd /home/travis/build/icyphy/ptII/doc/test/../../doc; rm codeDoc/ptolemy/actor/lib/Ramp.xml codeDoc/ptolemy/actor/lib/RampIdx.xml; make docs)} {
Failed to find javadoc for ptolemy.actor.lib.conversions.BooleanToAnything} {
Failed to find source for ptolemy.actor.lib.conversions.BooleanToAnything} {
Failed to find ptdoc for ptolemy.domains.sdf.lib.BitsToInt.  Try doing (cd /home/travis/build/icyphy/ptII/doc/test/../../doc; rm codeDoc/ptolemy/actor/lib/Ramp.xml codeDoc/ptolemy/actor/lib/RampIdx.xml; make docs)} {
Failed to find javadoc for ptolemy.domains.sdf.lib.BitsToInt} {
Failed to find source for ptolemy.domains.sdf.lib.BitsToInt} {
Failed to find ptdoc for ptolemy.actor.lib.conversions.CartesianToComplex.  Try doing (cd /home/travis/build/icyphy/ptII/doc/test/../../doc; rm codeDoc/ptolemy/actor/lib/Ramp.xml codeDoc/ptolemy/actor/lib/RampIdx.xml; make docs)} {
Failed to find javadoc for ptolemy.actor.lib.conversions.CartesianToComplex} {
Failed to find source for ptolemy.actor.lib.conversions.CartesianToComplex} {
Failed to find ptdoc for ptolemy.actor.lib.conversions.CartesianToPolar.  Try doing (cd /home/travis/build/icyphy/ptII/doc/test/../../doc; rm codeDoc/ptolemy/actor/lib/Ramp.xml codeDoc/ptolemy/actor/lib/RampIdx.xml; make docs)} {
Failed to find javadoc for ptolemy.actor.lib.conversions.CartesianToPolar} {
Failed to find source for ptolemy.actor.lib.conversions.CartesianToPolar} {
Failed to find ptdoc for ptolemy.actor.lib.conversions.ComplexToCartesian.  Try doing (cd /home/travis/build/icyphy/ptII/doc/test/../../doc; rm codeDoc/ptolemy/actor/lib/Ramp.xml codeDoc/ptolemy/actor/lib/RampIdx.xml; make docs)} {
Failed to find javadoc for ptolemy.actor.lib.conversions.ComplexToCartesian} {
Failed to find source for ptolemy.actor.lib.conversions.ComplexToCartesian} {
Failed to find ptdoc for ptolemy.actor.lib.conversions.ComplexToPolar.  Try doing (cd /home/travis/build/icyphy/ptII/doc/test/../../doc; rm codeDoc/ptolemy/actor/lib/Ramp.xml codeDoc/ptolemy/actor/lib/RampIdx.xml; make docs)} {
Failed to find javadoc for ptolemy.actor.lib.conversions.ComplexToPolar} {
Failed to find source for ptolemy.actor.lib.conversions.ComplexToPolar} {
Failed to find ptdoc for ptolemy.actor.lib.conversions.DateToString.  Try doing (cd /home/travis/build/icyphy/ptII/doc/test/../../doc; rm codeDoc/ptolemy/actor/lib/Ramp.xml codeDoc/ptolemy/actor/lib/RampIdx.xml; make docs)} {
Failed to find javadoc for ptolemy.actor.lib.conversions.DateToString} {
Failed to find source for ptolemy.actor.lib.conversions.DateToString} {
Failed to find ptdoc for ptolemy.actor.lib.conversions.DoubleToFix.  Try doing (cd /home/travis/build/icyphy/ptII/doc/test/../../doc; rm codeDoc/ptolemy/actor/lib/Ramp.xml codeDoc/ptolemy/actor/lib/RampIdx.xml; make docs)} {
Failed to find javadoc for ptolemy.actor.lib.conversions.DoubleToFix} {
Failed to find source for ptolemy.actor.lib.conversions.DoubleToFix} {
Failed to find ptdoc for ptolemy.actor.lib.conversions.ExpressionToToken.  Try doing (cd /home/travis/build/icyphy/ptII/doc/test/../../doc; rm codeDoc/ptolemy/actor/lib/Ramp.xml codeDoc/ptolemy/actor/lib/RampIdx.xml; make docs)} {
Failed to find javadoc for ptolemy.actor.lib.conversions.ExpressionToToken} {
Failed to find source for ptolemy.actor.lib.conversions.ExpressionToToken} {
Failed to find ptdoc for ptolemy.actor.lib.conversions.FixToDouble.  Try doing (cd /home/travis/build/icyphy/ptII/doc/test/../../doc; rm codeDoc/ptolemy/actor/lib/Ramp.xml codeDoc/ptolemy/actor/lib/RampIdx.xml; make docs)} {
Failed to find javadoc for ptolemy.actor.lib.conversions.FixToDouble} {
Failed to find source for ptolemy.actor.lib.conversions.FixToDouble} {
Failed to find ptdoc for ptolemy.actor.lib.conversions.FixToFix.  Try doing (cd /home/travis/build/icyphy/ptII/doc/test/../../doc; rm codeDoc/ptolemy/actor/lib/Ramp.xml codeDoc/ptolemy/actor/lib/RampIdx.xml; make docs)} {
Failed to find javadoc for ptolemy.actor.lib.conversions.FixToFix} {
Failed to find source for ptolemy.actor.lib.conversions.FixToFix} {
Failed to find ptdoc for ptolemy.actor.lib.conversions.ImageToString.  Try doing (cd /home/travis/build/icyphy/ptII/doc/test/../../doc; rm codeDoc/ptolemy/actor/lib/Ramp.xml codeDoc/ptolemy/actor/lib/RampIdx.xml; make docs)} {
Failed to find javadoc for ptolemy.actor.lib.conversions.ImageToString} {
Failed to find source for ptolemy.actor.lib.conversions.ImageToString} {
Failed to find ptdoc for ptolemy.actor.lib.conversions.IntArrayToString.  Try doing (cd /home/travis/build/icyphy/ptII/doc/test/../../doc; rm codeDoc/ptolemy/actor/lib/Ramp.xml codeDoc/ptolemy/actor/lib/RampIdx.xml; make docs)} {
Failed to find javadoc for ptolemy.actor.lib.conversions.IntArrayToString} {
Failed to find source for ptolemy.actor.lib.conversions.IntArrayToString} {
Failed to find ptdoc for ptolemy.domains.sdf.lib.IntToBits.  Try doing (cd /home/travis/build/icyphy/ptII/doc/test/../../doc; rm codeDoc/ptolemy/actor/lib/Ramp.xml codeDoc/ptolemy/actor/lib/RampIdx.xml; make docs)} {
Failed to find javadoc for ptolemy.domains.sdf.lib.IntToBits} {
Failed to find source for ptolemy.domains.sdf.lib.IntToBits} {
Failed to find ptdoc for ptolemy.actor.lib.conversions.InUnitsOf.  Try doing (cd /home/travis/build/icyphy/ptII/doc/test/../../doc; rm codeDoc/ptolemy/actor/lib/Ramp.xml codeDoc/ptolemy/actor/lib/RampIdx.xml; make docs)} {
Failed to find javadoc for ptolemy.actor.lib.conversions.InUnitsOf} {
Failed to find source for ptolemy.actor.lib.conversions.InUnitsOf} {
Failed to find ptdoc for ptolemy.actor.lib.conversions.json.JSONToToken.  Try doing (cd /home/travis/build/icyphy/ptII/doc/test/../../doc; rm codeDoc/ptolemy/actor/lib/Ramp.xml codeDoc/ptolemy/actor/lib/RampIdx.xml; make docs)} {
Failed to find javadoc for ptolemy.actor.lib.conversions.json.JSONToToken} {
Failed to find source for ptolemy.actor.lib.conversions.json.JSONToToken} {
Failed to find ptdoc for ptolemy.actor.lib.conversions.json.TokenToJSON.  Try doing (cd /home/travis/build/icyphy/ptII/doc/test/../../doc; rm codeDoc/ptolemy/actor/lib/Ramp.xml codeDoc/ptolemy/actor/lib/RampIdx.xml; make docs)} {
Failed to find javadoc for ptolemy.actor.lib.conversions.json.TokenToJSON} {
Failed to find source for ptolemy.actor.lib.conversions.json.TokenToJSON} {
Failed to find ptdoc for ptolemy.actor.lib.conversions.LongToDouble.  Try doing (cd /home/travis/build/icyphy/ptII/doc/test/../../doc; rm codeDoc/ptolemy/actor/lib/Ramp.xml codeDoc/ptolemy/actor/lib/RampIdx.xml; make docs)} {
Failed to find javadoc for ptolemy.actor.lib.conversions.LongToDouble} {
Failed to find source for ptolemy.actor.lib.conversions.LongToDouble} {
Failed to find ptdoc for ptolemy.actor.lib.conversions.PolarToCartesian.  Try doing (cd /home/travis/build/icyphy/ptII/doc/test/../../doc; rm codeDoc/ptolemy/actor/lib/Ramp.xml codeDoc/ptolemy/actor/lib/RampIdx.xml; make docs)} {
Failed to find javadoc for ptolemy.actor.lib.conversions.PolarToCartesian} {
Failed to find source for ptolemy.actor.lib.conversions.PolarToCartesian} {
Failed to find ptdoc for ptolemy.actor.lib.conversions.PolarToComplex.  Try doing (cd /home/travis/build/icyphy/ptII/doc/test/../../doc; rm codeDoc/ptolemy/actor/lib/Ramp.xml codeDoc/ptolemy/actor/lib/RampIdx.xml; make docs)} {
Failed to find javadoc for ptolemy.actor.lib.conversions.PolarToComplex} {
Failed to find source for ptolemy.actor.lib.conversions.PolarToComplex} {
Failed to find ptdoc for ptolemy.actor.lib.conversions.Round.  Try doing (cd /home/travis/build/icyphy/ptII/doc/test/../../doc; rm codeDoc/ptolemy/actor/lib/Ramp.xml codeDoc/ptolemy/actor/lib/RampIdx.xml; make docs)} {
Failed to find javadoc for ptolemy.actor.lib.conversions.Round} {
Failed to find source for ptolemy.actor.lib.conversions.Round} {
Failed to find ptdoc for ptolemy.actor.lib.conversions.SmoothToDouble.  Try doing (cd /home/travis/build/icyphy/ptII/doc/test/../../doc; rm codeDoc/ptolemy/actor/lib/Ramp.xml codeDoc/ptolemy/actor/lib/RampIdx.xml; make docs)} {
Failed to find javadoc for ptolemy.actor.lib.conversions.SmoothToDouble} {
Failed to find source for ptolemy.actor.lib.conversions.SmoothToDouble} {
Failed to find ptdoc for ptolemy.actor.lib.conversions.StringToBoolean.  Try doing (cd /home/travis/build/icyphy/ptII/doc/test/../../doc; rm codeDoc/ptolemy/actor/lib/Ramp.xml codeDoc/ptolemy/actor/lib/RampIdx.xml; make docs)} {
Failed to find javadoc for ptolemy.actor.lib.conversions.StringToBoolean} {
Failed to find source for ptolemy.actor.lib.conversions.StringToBoolean} {
Failed to find ptdoc for ptolemy.actor.lib.conversions.StringToDouble.  Try doing (cd /home/travis/build/icyphy/ptII/doc/test/../../doc; rm codeDoc/ptolemy/actor/lib/Ramp.xml codeDoc/ptolemy/actor/lib/RampIdx.xml; make docs)} {
Failed to find javadoc for ptolemy.actor.lib.conversions.StringToDouble} {
Failed to find source for ptolemy.actor.lib.conversions.StringToDouble} {
Failed to find ptdoc for ptolemy.actor.lib.conversions.StringToInt.  Try doing (cd /home/travis/build/icyphy/ptII/doc/test/../../doc; rm codeDoc/ptolemy/actor/lib/Ramp.xml codeDoc/ptolemy/actor/lib/RampIdx.xml; make docs)} {
Failed to find javadoc for ptolemy.actor.lib.conversions.StringToInt} {
Failed to find source for ptolemy.actor.lib.conversions.StringToInt} {
Failed to find ptdoc for ptolemy.actor.lib.conversions.StringToIntArray.  Try doing (cd /home/travis/build/icyphy/ptII/doc/test/../../doc; rm codeDoc/ptolemy/actor/lib/Ramp.xml codeDoc/ptolemy/actor/lib/RampIdx.xml; make docs)} {
Failed to find javadoc for ptolemy.actor.lib.conversions.StringToIntArray} {
Failed to find source for ptolemy.actor.lib.conversions.StringToIntArray} {
Failed to find ptdoc for ptolemy.actor.lib.conversions.StringToUnsignedByteArray.  Try doing (cd /home/travis/build/icyphy/ptII/doc/test/../../doc; rm codeDoc/ptolemy/actor/lib/Ramp.xml codeDoc/ptolemy/actor/lib/RampIdx.xml; make docs)} {
Failed to find javadoc for ptolemy.actor.lib.conversions.StringToUnsignedByteArray} {
Failed to find source for ptolemy.actor.lib.conversions.StringToUnsignedByteArray} {
Failed to find ptdoc for ptolemy.actor.lib.conversions.StringToXML.  Try doing (cd /home/travis/build/icyphy/ptII/doc/test/../../doc; rm codeDoc/ptolemy/actor/lib/Ramp.xml codeDoc/ptolemy/actor/lib/RampIdx.xml; make docs)} {
Failed to find javadoc for ptolemy.actor.lib.conversions.StringToXML} {
Failed to find source for ptolemy.actor.lib.conversions.StringToXML} {
Failed to find ptdoc for ptolemy.actor.lib.conversions.TokenToExpression.  Try doing (cd /home/travis/build/icyphy/ptII/doc/test/../../doc; rm codeDoc/ptolemy/actor/lib/Ramp.xml codeDoc/ptolemy/actor/lib/RampIdx.xml; make docs)} {
Failed to find javadoc for ptolemy.actor.lib.conversions.TokenToExpression} {
Failed to find source for ptolemy.actor.lib.conversions.TokenToExpression} {
Failed to find ptdoc for ptolemy.actor.lib.conversions.UnsignedByteArrayToString.  Try doing (cd /home/travis/build/icyphy/ptII/doc/test/../../doc; rm codeDoc/ptolemy/actor/lib/Ramp.xml codeDoc/ptolemy/actor/lib/RampIdx.xml; make docs)} {
Failed to find javadoc for ptolemy.actor.lib.conversions.UnsignedByteArrayToString} {
Failed to find source for ptolemy.actor.lib.conversions.UnsignedByteArrayToString} {
Failed to find ptdoc for ptolemy.actor.lib.BusAssembler.  Try doing (cd /home/travis/build/icyphy/ptII/doc/test/../../doc; rm codeDoc/ptolemy/actor/lib/Ramp.xml codeDoc/ptolemy/actor/lib/RampIdx.xml; make docs)} {
Failed to find javadoc for ptolemy.actor.lib.BusAssembler} {
Failed to find source for ptolemy.actor.lib.BusAssembler} {
Failed to find ptdoc for ptolemy.actor.lib.BusDisassembler.  Try doing (cd /home/travis/build/icyphy/ptII/doc/test/../../doc; rm codeDoc/ptolemy/actor/lib/Ramp.xml codeDoc/ptolemy/actor/lib/RampIdx.xml; make docs)} {
Failed to find javadoc for ptolemy.actor.lib.BusDisassembler} {
Failed to find source for ptolemy.actor.lib.BusDisassembler} {
Failed to find ptdoc for ptolemy.actor.lib.Commutator.  Try doing (cd /home/travis/build/icyphy/ptII/doc/test/../../doc; rm codeDoc/ptolemy/actor/lib/Ramp.xml codeDoc/ptolemy/actor/lib/RampIdx.xml; make docs)} {
Failed to find javadoc for ptolemy.actor.lib.Commutator} {
Failed to find source for ptolemy.actor.lib.Commutator} {
Failed to find ptdoc for ptolemy.actor.lib.Distributor.  Try doing (cd /home/travis/build/icyphy/ptII/doc/test/../../doc; rm codeDoc/ptolemy/actor/lib/Ramp.xml codeDoc/ptolemy/actor/lib/RampIdx.xml; make docs)} {
Failed to find javadoc for ptolemy.actor.lib.Distributor} {
Failed to find source for ptolemy.actor.lib.Distributor} {
Failed to find ptdoc for ptolemy.actor.lib.Multiplexor.  Try doing (cd /home/travis/build/icyphy/ptII/doc/test/../../doc; rm codeDoc/ptolemy/actor/lib/Ramp.xml codeDoc/ptolemy/actor/lib/RampIdx.xml; make docs)} {
Failed to find javadoc for ptolemy.actor.lib.Multiplexor} {
Failed to find source for ptolemy.actor.lib.Multiplexor} {
Failed to find ptdoc for ptolemy.actor.lib.OrderedRecordAssembler.  Try doing (cd /home/travis/build/icyphy/ptII/doc/test/../../doc; rm codeDoc/ptolemy/actor/lib/Ramp.xml codeDoc/ptolemy/actor/lib/RampIdx.xml; make docs)} {
Failed to find javadoc for ptolemy.actor.lib.OrderedRecordAssembler} {
Failed to find source for ptolemy.actor.lib.OrderedRecordAssembler} {
Failed to find ptdoc for ptolemy.actor.lib.RecordAssembler.  Try doing (cd /home/travis/build/icyphy/ptII/doc/test/../../doc; rm codeDoc/ptolemy/actor/lib/Ramp.xml codeDoc/ptolemy/actor/lib/RampIdx.xml; make docs)} {
Failed to find javadoc for ptolemy.actor.lib.RecordAssembler} {
Failed to find source for ptolemy.actor.lib.RecordAssembler} {
Failed to find ptdoc for ptolemy.actor.lib.RecordDisassembler.  Try doing (cd /home/travis/build/icyphy/ptII/doc/test/../../doc; rm codeDoc/ptolemy/actor/lib/Ramp.xml codeDoc/ptolemy/actor/lib/RampIdx.xml; make docs)} {
Failed to find javadoc for ptolemy.actor.lib.RecordDisassembler} {
Failed to find source for ptolemy.actor.lib.RecordDisassembler} {
Failed to find ptdoc for ptolemy.actor.lib.RecordUpdater.  Try doing (cd /home/travis/build/icyphy/ptII/doc/test/../../doc; rm codeDoc/ptolemy/actor/lib/Ramp.xml codeDoc/ptolemy/actor/lib/RampIdx.xml; make docs)} {
Failed to find javadoc for ptolemy.actor.lib.RecordUpdater} {
Failed to find source for ptolemy.actor.lib.RecordUpdater} {
Failed to find ptdoc for ptolemy.actor.lib.Sampler.  Try doing (cd /home/travis/build/icyphy/ptII/doc/test/../../doc; rm codeDoc/ptolemy/actor/lib/Ramp.xml codeDoc/ptolemy/actor/lib/RampIdx.xml; make docs)} {
Failed to find javadoc for ptolemy.actor.lib.Sampler} {
Failed to find source for ptolemy.actor.lib.Sampler} {
Failed to find ptdoc for ptolemy.actor.lib.Select.  Try doing (cd /home/travis/build/icyphy/ptII/doc/test/../../doc; rm codeDoc/ptolemy/actor/lib/Ramp.xml codeDoc/ptolemy/actor/lib/RampIdx.xml; make docs)} {
Failed to find javadoc for ptolemy.actor.lib.Select} {
Failed to find source for ptolemy.actor.lib.Select} {
Failed to find ptdoc for ptolemy.actor.lib.SingleTokenCommutator.  Try doing (cd /home/travis/build/icyphy/ptII/doc/test/../../doc; rm codeDoc/ptolemy/actor/lib/Ramp.xml codeDoc/ptolemy/actor/lib/RampIdx.xml; make docs)} {
Failed to find javadoc for ptolemy.actor.lib.SingleTokenCommutator} {
Failed to find source for ptolemy.actor.lib.SingleTokenCommutator} {
Failed to find ptdoc for ptolemy.actor.lib.Switch.  Try doing (cd /home/travis/build/icyphy/ptII/doc/test/../../doc; rm codeDoc/ptolemy/actor/lib/Ramp.xml codeDoc/ptolemy/actor/lib/RampIdx.xml; make docs)} {
Failed to find javadoc for ptolemy.actor.lib.Switch} {
Failed to find source for ptolemy.actor.lib.Switch} {
Failed to find ptdoc for ptolemy.actor.lib.Synchronizer.  Try doing (cd /home/travis/build/icyphy/ptII/doc/test/../../doc; rm codeDoc/ptolemy/actor/lib/Ramp.xml codeDoc/ptolemy/actor/lib/RampIdx.xml; make docs)} {
Failed to find javadoc for ptolemy.actor.lib.Synchronizer} {
Failed to find source for ptolemy.actor.lib.Synchronizer} {
Failed to find ptdoc for ptolemy.actor.lib.UnionDisassembler.  Try doing (cd /home/travis/build/icyphy/ptII/doc/test/../../doc; rm codeDoc/ptolemy/actor/lib/Ramp.xml codeDoc/ptolemy/actor/lib/RampIdx.xml; make docs)} {
Failed to find javadoc for ptolemy.actor.lib.UnionDisassembler} {
Failed to find source for ptolemy.actor.lib.UnionDisassembler} {
Failed to find ptdoc for ptolemy.actor.lib.UnionMerge.  Try doing (cd /home/travis/build/icyphy/ptII/doc/test/../../doc; rm codeDoc/ptolemy/actor/lib/Ramp.xml codeDoc/ptolemy/actor/lib/RampIdx.xml; make docs)} {
Failed to find javadoc for ptolemy.actor.lib.UnionMerge} {
Failed to find source for ptolemy.actor.lib.UnionMerge} {
Failed to find ptdoc for ptolemy.actor.lib.VectorAssembler.  Try doing (cd /home/travis/build/icyphy/ptII/doc/test/../../doc; rm codeDoc/ptolemy/actor/lib/Ramp.xml codeDoc/ptolemy/actor/lib/RampIdx.xml; make docs)} {
Failed to find javadoc for ptolemy.actor.lib.VectorAssembler} {
Failed to find source for ptolemy.actor.lib.VectorAssembler} {
Failed to find ptdoc for ptolemy.actor.lib.VectorDisassembler.  Try doing (cd /home/travis/build/icyphy/ptII/doc/test/../../doc; rm codeDoc/ptolemy/actor/lib/Ramp.xml codeDoc/ptolemy/actor/lib/RampIdx.xml; make docs)} {
Failed to find javadoc for ptolemy.actor.lib.VectorDisassembler} {
Failed to find source for ptolemy.actor.lib.VectorDisassembler} {
Failed to find ptdoc for ptolemy.actor.lib.BooleanMultiplexor.  Try doing (cd /home/travis/build/icyphy/ptII/doc/test/../../doc; rm codeDoc/ptolemy/actor/lib/Ramp.xml codeDoc/ptolemy/actor/lib/RampIdx.xml; make docs)} {
Failed to find javadoc for ptolemy.actor.lib.BooleanMultiplexor} {
Failed to find source for ptolemy.actor.lib.BooleanMultiplexor} {
Failed to find ptdoc for ptolemy.actor.lib.BooleanSelect.  Try doing (cd /home/travis/build/icyphy/ptII/doc/test/../../doc; rm codeDoc/ptolemy/actor/lib/Ramp.xml codeDoc/ptolemy/actor/lib/RampIdx.xml; make docs)} {
Failed to find javadoc for ptolemy.actor.lib.BooleanSelect} {
Failed to find source for ptolemy.actor.lib.BooleanSelect} {
Failed to find ptdoc for ptolemy.actor.lib.BooleanSwitch.  Try doing (cd /home/travis/build/icyphy/ptII/doc/test/../../doc; rm codeDoc/ptolemy/actor/lib/Ramp.xml codeDoc/ptolemy/actor/lib/RampIdx.xml; make docs)} {
Failed to find javadoc for ptolemy.actor.lib.BooleanSwitch} {
Failed to find source for ptolemy.actor.lib.BooleanSwitch} {
Failed to find ptdoc for ptolemy.actor.lib.ConfigurationSelect.  Try doing (cd /home/travis/build/icyphy/ptII/doc/test/../../doc; rm codeDoc/ptolemy/actor/lib/Ramp.xml codeDoc/ptolemy/actor/lib/RampIdx.xml; make docs)} {
Failed to find javadoc for ptolemy.actor.lib.ConfigurationSelect} {
Failed to find source for ptolemy.actor.lib.ConfigurationSelect} {
Failed to find ptdoc for ptolemy.actor.lib.ConfigurationSwitch.  Try doing (cd /home/travis/build/icyphy/ptII/doc/test/../../doc; rm codeDoc/ptolemy/actor/lib/Ramp.xml codeDoc/ptolemy/actor/lib/RampIdx.xml; make docs)} {
Failed to find javadoc for ptolemy.actor.lib.ConfigurationSwitch} {
Failed to find source for ptolemy.actor.lib.ConfigurationSwitch} {
Failed to find ptdoc for ptolemy.domains.sdf.lib.CountTrues.  Try doing (cd /home/travis/build/icyphy/ptII/doc/test/../../doc; rm codeDoc/ptolemy/actor/lib/Ramp.xml codeDoc/ptolemy/actor/lib/RampIdx.xml; make docs)} {
Failed to find javadoc for ptolemy.domains.sdf.lib.CountTrues} {
Failed to find source for ptolemy.domains.sdf.lib.CountTrues} {
Failed to find ptdoc for ptolemy.domains.sdf.lib.Chop.  Try doing (cd /home/travis/build/icyphy/ptII/doc/test/../../doc; rm codeDoc/ptolemy/actor/lib/Ramp.xml codeDoc/ptolemy/actor/lib/RampIdx.xml; make docs)} {
Failed to find javadoc for ptolemy.domains.sdf.lib.Chop} {
Failed to find source for ptolemy.domains.sdf.lib.Chop} {
Failed to find ptdoc for ptolemy.actor.lib.Default.  Try doing (cd /home/travis/build/icyphy/ptII/doc/test/../../doc; rm codeDoc/ptolemy/actor/lib/Ramp.xml codeDoc/ptolemy/actor/lib/RampIdx.xml; make docs)} {
Failed to find javadoc for ptolemy.actor.lib.Default} {
Failed to find source for ptolemy.actor.lib.Default} {
Failed to find ptdoc for ptolemy.domains.sdf.lib.Repeat.  Try doing (cd /home/travis/build/icyphy/ptII/doc/test/../../doc; rm codeDoc/ptolemy/actor/lib/Ramp.xml codeDoc/ptolemy/actor/lib/RampIdx.xml; make docs)} {
Failed to find javadoc for ptolemy.domains.sdf.lib.Repeat} {
Failed to find source for ptolemy.domains.sdf.lib.Repeat} {
Failed to find ptdoc for ptolemy.domains.sdf.lib.SampleDelay.  Try doing (cd /home/travis/build/icyphy/ptII/doc/test/../../doc; rm codeDoc/ptolemy/actor/lib/Ramp.xml codeDoc/ptolemy/actor/lib/RampIdx.xml; make docs)} {
Failed to find javadoc for ptolemy.domains.sdf.lib.SampleDelay} {
Failed to find source for ptolemy.domains.sdf.lib.SampleDelay} {
Failed to find ptdoc for ptolemy.actor.lib.Sequencer.  Try doing (cd /home/travis/build/icyphy/ptII/doc/test/../../doc; rm codeDoc/ptolemy/actor/lib/Ramp.xml codeDoc/ptolemy/actor/lib/RampIdx.xml; make docs)} {
Failed to find javadoc for ptolemy.actor.lib.Sequencer} {
Failed to find source for ptolemy.actor.lib.Sequencer} {
Failed to find ptdoc for ptolemy.actor.lib.Exit.  Try doing (cd /home/travis/build/icyphy/ptII/doc/test/../../doc; rm codeDoc/ptolemy/actor/lib/Ramp.xml codeDoc/ptolemy/actor/lib/RampIdx.xml; make docs)} {
Failed to find javadoc for ptolemy.actor.lib.Exit} {
Failed to find source for ptolemy.actor.lib.Exit} {
Failed to find ptdoc for ptolemy.actor.lib.Stop.  Try doing (cd /home/travis/build/icyphy/ptII/doc/test/../../doc; rm codeDoc/ptolemy/actor/lib/Ramp.xml codeDoc/ptolemy/actor/lib/RampIdx.xml; make docs)} {
Failed to find javadoc for ptolemy.actor.lib.Stop} {
Failed to find source for ptolemy.actor.lib.Stop} {
Failed to find ptdoc for ptolemy.actor.lib.Pause.  Try doing (cd /home/travis/build/icyphy/ptII/doc/test/../../doc; rm codeDoc/ptolemy/actor/lib/Ramp.xml codeDoc/ptolemy/actor/lib/RampIdx.xml; make docs)} {
Failed to find javadoc for ptolemy.actor.lib.Pause} {
Failed to find source for ptolemy.actor.lib.Pause} {
Failed to find ptdoc for ptolemy.actor.lib.ThrowException.  Try doing (cd /home/travis/build/icyphy/ptII/doc/test/../../doc; rm codeDoc/ptolemy/actor/lib/Ramp.xml codeDoc/ptolemy/actor/lib/RampIdx.xml; make docs)} {
Failed to find javadoc for ptolemy.actor.lib.ThrowException} {
Failed to find source for ptolemy.actor.lib.ThrowException} {
Failed to find ptdoc for ptolemy.actor.lib.ThrowModelError.  Try doing (cd /home/travis/build/icyphy/ptII/doc/test/../../doc; rm codeDoc/ptolemy/actor/lib/Ramp.xml codeDoc/ptolemy/actor/lib/RampIdx.xml; make docs)} {
Failed to find javadoc for ptolemy.actor.lib.ThrowModelError} {
Failed to find source for ptolemy.actor.lib.ThrowModelError} {
Failed to find ptdoc for ptolemy.actor.lib.gui.ArrowKeySensor.  Try doing (cd /home/travis/build/icyphy/ptII/doc/test/../../doc; rm codeDoc/ptolemy/actor/lib/Ramp.xml codeDoc/ptolemy/actor/lib/RampIdx.xml; make docs)} {
Failed to find javadoc for ptolemy.actor.lib.gui.ArrowKeySensor} {
Failed to find source for ptolemy.actor.lib.gui.ArrowKeySensor} {
Failed to find ptdoc for ptolemy.actor.lib.io.CSVReader.  Try doing (cd /home/travis/build/icyphy/ptII/doc/test/../../doc; rm codeDoc/ptolemy/actor/lib/Ramp.xml codeDoc/ptolemy/actor/lib/RampIdx.xml; make docs)} {
Failed to find javadoc for ptolemy.actor.lib.io.CSVReader} {
Failed to find source for ptolemy.actor.lib.io.CSVReader} {
Failed to find ptdoc for ptolemy.actor.lib.io.CSVWriter.  Try doing (cd /home/travis/build/icyphy/ptII/doc/test/../../doc; rm codeDoc/ptolemy/actor/lib/Ramp.xml codeDoc/ptolemy/actor/lib/RampIdx.xml; make docs)} {
Failed to find javadoc for ptolemy.actor.lib.io.CSVWriter} {
Failed to find source for ptolemy.actor.lib.io.CSVWriter} {
Failed to find ptdoc for ptolemy.actor.lib.net.DatagramReader.  Try doing (cd /home/travis/build/icyphy/ptII/doc/test/../../doc; rm codeDoc/ptolemy/actor/lib/Ramp.xml codeDoc/ptolemy/actor/lib/RampIdx.xml; make docs)} {
Failed to find javadoc for ptolemy.actor.lib.net.DatagramReader} {
Failed to find source for ptolemy.actor.lib.net.DatagramReader} {
Failed to find ptdoc for ptolemy.actor.lib.net.DatagramWriter.  Try doing (cd /home/travis/build/icyphy/ptII/doc/test/../../doc; rm codeDoc/ptolemy/actor/lib/Ramp.xml codeDoc/ptolemy/actor/lib/RampIdx.xml; make docs)} {
Failed to find javadoc for ptolemy.actor.lib.net.DatagramWriter} {
Failed to find source for ptolemy.actor.lib.net.DatagramWriter} {
Failed to find ptdoc for ptolemy.actor.lib.io.DirectoryListing.  Try doing (cd /home/travis/build/icyphy/ptII/doc/test/../../doc; rm codeDoc/ptolemy/actor/lib/Ramp.xml codeDoc/ptolemy/actor/lib/RampIdx.xml; make docs)} {
Failed to find javadoc for ptolemy.actor.lib.io.DirectoryListing} {
Failed to find source for ptolemy.actor.lib.io.DirectoryListing} {
Failed to find ptdoc for ptolemy.actor.lib.io.FileReader.  Try doing (cd /home/travis/build/icyphy/ptII/doc/test/../../doc; rm codeDoc/ptolemy/actor/lib/Ramp.xml codeDoc/ptolemy/actor/lib/RampIdx.xml; make docs)} {
Failed to find javadoc for ptolemy.actor.lib.io.FileReader} {
Failed to find source for ptolemy.actor.lib.io.FileReader} {
Failed to find ptdoc for ptolemy.actor.lib.net.IPAddress.  Try doing (cd /home/travis/build/icyphy/ptII/doc/test/../../doc; rm codeDoc/ptolemy/actor/lib/Ramp.xml codeDoc/ptolemy/actor/lib/RampIdx.xml; make docs)} {
Failed to find javadoc for ptolemy.actor.lib.net.IPAddress} {
Failed to find source for ptolemy.actor.lib.net.IPAddress} {
Failed to find ptdoc for ptolemy.actor.lib.FileWriter.  Try doing (cd /home/travis/build/icyphy/ptII/doc/test/../../doc; rm codeDoc/ptolemy/actor/lib/Ramp.xml codeDoc/ptolemy/actor/lib/RampIdx.xml; make docs)} {
Failed to find javadoc for ptolemy.actor.lib.FileWriter} {
Failed to find source for ptolemy.actor.lib.FileWriter} {
Failed to find ptdoc for ptolemy.actor.lib.io.LineReader.  Try doing (cd /home/travis/build/icyphy/ptII/doc/test/../../doc; rm codeDoc/ptolemy/actor/lib/Ramp.xml codeDoc/ptolemy/actor/lib/RampIdx.xml; make docs)} {
Failed to find javadoc for ptolemy.actor.lib.io.LineReader} {
Failed to find source for ptolemy.actor.lib.io.LineReader} {
Failed to find ptdoc for ptolemy.actor.lib.io.LineWriter.  Try doing (cd /home/travis/build/icyphy/ptII/doc/test/../../doc; rm codeDoc/ptolemy/actor/lib/Ramp.xml codeDoc/ptolemy/actor/lib/RampIdx.xml; make docs)} {
Failed to find javadoc for ptolemy.actor.lib.io.LineWriter} {
Failed to find source for ptolemy.actor.lib.io.LineWriter} {
Failed to find ptdoc for ptolemy.actor.lib.logic.Comparator.  Try doing (cd /home/travis/build/icyphy/ptII/doc/test/../../doc; rm codeDoc/ptolemy/actor/lib/Ramp.xml codeDoc/ptolemy/actor/lib/RampIdx.xml; make docs)} {
Failed to find javadoc for ptolemy.actor.lib.logic.Comparator} {
Failed to find source for ptolemy.actor.lib.logic.Comparator} {
Failed to find ptdoc for ptolemy.actor.lib.logic.Equals.  Try doing (cd /home/travis/build/icyphy/ptII/doc/test/../../doc; rm codeDoc/ptolemy/actor/lib/Ramp.xml codeDoc/ptolemy/actor/lib/RampIdx.xml; make docs)} {
Failed to find javadoc for ptolemy.actor.lib.logic.Equals} {
Failed to find source for ptolemy.actor.lib.logic.Equals} {
Failed to find ptdoc for ptolemy.actor.lib.logic.IsPresent.  Try doing (cd /home/travis/build/icyphy/ptII/doc/test/../../doc; rm codeDoc/ptolemy/actor/lib/Ramp.xml codeDoc/ptolemy/actor/lib/RampIdx.xml; make docs)} {
Failed to find javadoc for ptolemy.actor.lib.logic.IsPresent} {
Failed to find source for ptolemy.actor.lib.logic.IsPresent} {
Failed to find ptdoc for ptolemy.actor.lib.logic.LogicalNot.  Try doing (cd /home/travis/build/icyphy/ptII/doc/test/../../doc; rm codeDoc/ptolemy/actor/lib/Ramp.xml codeDoc/ptolemy/actor/lib/RampIdx.xml; make docs)} {
Failed to find javadoc for ptolemy.actor.lib.logic.LogicalNot} {
Failed to find source for ptolemy.actor.lib.logic.LogicalNot} {
Failed to find ptdoc for ptolemy.actor.lib.logic.LogicGate.  Try doing (cd /home/travis/build/icyphy/ptII/doc/test/../../doc; rm codeDoc/ptolemy/actor/lib/Ramp.xml codeDoc/ptolemy/actor/lib/RampIdx.xml; make docs)} {
Failed to find javadoc for ptolemy.actor.lib.logic.LogicGate} {
Failed to find source for ptolemy.actor.lib.logic.LogicGate} {
Failed to find ptdoc for ptolemy.actor.lib.logic.TrueGate.  Try doing (cd /home/travis/build/icyphy/ptII/doc/test/../../doc; rm codeDoc/ptolemy/actor/lib/Ramp.xml codeDoc/ptolemy/actor/lib/RampIdx.xml; make docs)} {
Failed to find javadoc for ptolemy.actor.lib.logic.TrueGate} {
Failed to find source for ptolemy.actor.lib.logic.TrueGate} {
Failed to find ptdoc for ptolemy.actor.lib.AbsoluteValue.  Try doing (cd /home/travis/build/icyphy/ptII/doc/test/../../doc; rm codeDoc/ptolemy/actor/lib/Ramp.xml codeDoc/ptolemy/actor/lib/RampIdx.xml; make docs)} {
Failed to find javadoc for ptolemy.actor.lib.AbsoluteValue} {
Failed to find source for ptolemy.actor.lib.AbsoluteValue} {
Failed to find ptdoc for ptolemy.actor.lib.AddSubtract.  Try doing (cd /home/travis/build/icyphy/ptII/doc/test/../../doc; rm codeDoc/ptolemy/actor/lib/Ramp.xml codeDoc/ptolemy/actor/lib/RampIdx.xml; make docs)} {
Failed to find javadoc for ptolemy.actor.lib.AddSubtract} {
Failed to find source for ptolemy.actor.lib.AddSubtract} {
Failed to find ptdoc for ptolemy.actor.lib.Accumulator.  Try doing (cd /home/travis/build/icyphy/ptII/doc/test/../../doc; rm codeDoc/ptolemy/actor/lib/Ramp.xml codeDoc/ptolemy/actor/lib/RampIdx.xml; make docs)} {
Failed to find javadoc for ptolemy.actor.lib.Accumulator} {
Failed to find source for ptolemy.actor.lib.Accumulator} {
Failed to find ptdoc for ptolemy.actor.lib.Average.  Try doing (cd /home/travis/build/icyphy/ptII/doc/test/../../doc; rm codeDoc/ptolemy/actor/lib/Ramp.xml codeDoc/ptolemy/actor/lib/RampIdx.xml; make docs)} {
Failed to find javadoc for ptolemy.actor.lib.Average} {
Failed to find source for ptolemy.actor.lib.Average} {
Failed to find ptdoc for ptolemy.actor.lib.Counter.  Try doing (cd /home/travis/build/icyphy/ptII/doc/test/../../doc; rm codeDoc/ptolemy/actor/lib/Ramp.xml codeDoc/ptolemy/actor/lib/RampIdx.xml; make docs)} {
Failed to find javadoc for ptolemy.actor.lib.Counter} {
Failed to find source for ptolemy.actor.lib.Counter} {
Failed to find ptdoc for ptolemy.actor.lib.Differential.  Try doing (cd /home/travis/build/icyphy/ptII/doc/test/../../doc; rm codeDoc/ptolemy/actor/lib/Ramp.xml codeDoc/ptolemy/actor/lib/RampIdx.xml; make docs)} {
Failed to find javadoc for ptolemy.actor.lib.Differential} {
Failed to find source for ptolemy.actor.lib.Differential} {
Failed to find ptdoc for ptolemy.domains.sdf.lib.DotProduct.  Try doing (cd /home/travis/build/icyphy/ptII/doc/test/../../doc; rm codeDoc/ptolemy/actor/lib/Ramp.xml codeDoc/ptolemy/actor/lib/RampIdx.xml; make docs)} {
Failed to find javadoc for ptolemy.domains.sdf.lib.DotProduct} {
Failed to find source for ptolemy.domains.sdf.lib.DotProduct} {
Failed to find ptdoc for ptolemy.actor.lib.Expression.  Try doing (cd /home/travis/build/icyphy/ptII/doc/test/../../doc; rm codeDoc/ptolemy/actor/lib/Ramp.xml codeDoc/ptolemy/actor/lib/RampIdx.xml; make docs)} {
Failed to find javadoc for ptolemy.actor.lib.Expression} {
Failed to find source for ptolemy.actor.lib.Expression} {
Failed to find ptdoc for ptolemy.actor.lib.Limiter.  Try doing (cd /home/travis/build/icyphy/ptII/doc/test/../../doc; rm codeDoc/ptolemy/actor/lib/Ramp.xml codeDoc/ptolemy/actor/lib/RampIdx.xml; make docs)} {
Failed to find javadoc for ptolemy.actor.lib.Limiter} {
Failed to find source for ptolemy.actor.lib.Limiter} {
Failed to find ptdoc for ptolemy.actor.lib.LookupTable.  Try doing (cd /home/travis/build/icyphy/ptII/doc/test/../../doc; rm codeDoc/ptolemy/actor/lib/Ramp.xml codeDoc/ptolemy/actor/lib/RampIdx.xml; make docs)} {
Failed to find javadoc for ptolemy.actor.lib.LookupTable} {
Failed to find source for ptolemy.actor.lib.LookupTable} {
Failed to find ptdoc for ptolemy.actor.lib.Maximum.  Try doing (cd /home/travis/build/icyphy/ptII/doc/test/../../doc; rm codeDoc/ptolemy/actor/lib/Ramp.xml codeDoc/ptolemy/actor/lib/RampIdx.xml; make docs)} {
Failed to find javadoc for ptolemy.actor.lib.Maximum} {
Failed to find source for ptolemy.actor.lib.Maximum} {
Failed to find ptdoc for ptolemy.actor.lib.Minimum.  Try doing (cd /home/travis/build/icyphy/ptII/doc/test/../../doc; rm codeDoc/ptolemy/actor/lib/Ramp.xml codeDoc/ptolemy/actor/lib/RampIdx.xml; make docs)} {
Failed to find javadoc for ptolemy.actor.lib.Minimum} {
Failed to find source for ptolemy.actor.lib.Minimum} {
Failed to find ptdoc for ptolemy.actor.lib.MovingAverage.  Try doing (cd /home/travis/build/icyphy/ptII/doc/test/../../doc; rm codeDoc/ptolemy/actor/lib/Ramp.xml codeDoc/ptolemy/actor/lib/RampIdx.xml; make docs)} {
Failed to find javadoc for ptolemy.actor.lib.MovingAverage} {
Failed to find source for ptolemy.actor.lib.MovingAverage} {
Failed to find ptdoc for ptolemy.actor.lib.MultiplyDivide.  Try doing (cd /home/travis/build/icyphy/ptII/doc/test/../../doc; rm codeDoc/ptolemy/actor/lib/Ramp.xml codeDoc/ptolemy/actor/lib/RampIdx.xml; make docs)} {
Failed to find javadoc for ptolemy.actor.lib.MultiplyDivide} {
Failed to find source for ptolemy.actor.lib.MultiplyDivide} {
Failed to find ptdoc for ptolemy.actor.lib.Quantizer.  Try doing (cd /home/travis/build/icyphy/ptII/doc/test/../../doc; rm codeDoc/ptolemy/actor/lib/Ramp.xml codeDoc/ptolemy/actor/lib/RampIdx.xml; make docs)} {
Failed to find javadoc for ptolemy.actor.lib.Quantizer} {
Failed to find source for ptolemy.actor.lib.Quantizer} {
Failed to find ptdoc for ptolemy.actor.lib.Remainder.  Try doing (cd /home/travis/build/icyphy/ptII/doc/test/../../doc; rm codeDoc/ptolemy/actor/lib/Ramp.xml codeDoc/ptolemy/actor/lib/RampIdx.xml; make docs)} {
Failed to find javadoc for ptolemy.actor.lib.Remainder} {
Failed to find source for ptolemy.actor.lib.Remainder} {
Failed to find ptdoc for ptolemy.actor.lib.RunningMaximum.  Try doing (cd /home/travis/build/icyphy/ptII/doc/test/../../doc; rm codeDoc/ptolemy/actor/lib/Ramp.xml codeDoc/ptolemy/actor/lib/RampIdx.xml; make docs)} {
Failed to find javadoc for ptolemy.actor.lib.RunningMaximum} {
Failed to find source for ptolemy.actor.lib.RunningMaximum} {
Failed to find ptdoc for ptolemy.actor.lib.RunningMinimum.  Try doing (cd /home/travis/build/icyphy/ptII/doc/test/../../doc; rm codeDoc/ptolemy/actor/lib/Ramp.xml codeDoc/ptolemy/actor/lib/RampIdx.xml; make docs)} {
Failed to find javadoc for ptolemy.actor.lib.RunningMinimum} {
Failed to find source for ptolemy.actor.lib.RunningMinimum} {
Failed to find ptdoc for ptolemy.actor.lib.Scale.  Try doing (cd /home/travis/build/icyphy/ptII/doc/test/../../doc; rm codeDoc/ptolemy/actor/lib/Ramp.xml codeDoc/ptolemy/actor/lib/RampIdx.xml; make docs)} {
Failed to find javadoc for ptolemy.actor.lib.Scale} {
Failed to find source for ptolemy.actor.lib.Scale} {
Failed to find ptdoc for ptolemy.actor.lib.TrigFunction.  Try doing (cd /home/travis/build/icyphy/ptII/doc/test/../../doc; rm codeDoc/ptolemy/actor/lib/Ramp.xml codeDoc/ptolemy/actor/lib/RampIdx.xml; make docs)} {
Failed to find javadoc for ptolemy.actor.lib.TrigFunction} {
Failed to find source for ptolemy.actor.lib.TrigFunction} {
Failed to find ptdoc for ptolemy.actor.lib.UnaryMathFunction.  Try doing (cd /home/travis/build/icyphy/ptII/doc/test/../../doc; rm codeDoc/ptolemy/actor/lib/Ramp.xml codeDoc/ptolemy/actor/lib/RampIdx.xml; make docs)} {
Failed to find javadoc for ptolemy.actor.lib.UnaryMathFunction} {
Failed to find source for ptolemy.actor.lib.UnaryMathFunction} {
Failed to find ptdoc for ptolemy.actor.lib.ArrayToMatrix.  Try doing (cd /home/travis/build/icyphy/ptII/doc/test/../../doc; rm codeDoc/ptolemy/actor/lib/Ramp.xml codeDoc/ptolemy/actor/lib/RampIdx.xml; make docs)} {
Failed to find javadoc for ptolemy.actor.lib.ArrayToMatrix} {
Failed to find source for ptolemy.actor.lib.ArrayToMatrix} {
Failed to find ptdoc for ptolemy.domains.sdf.lib.MatrixJoin.  Try doing (cd /home/travis/build/icyphy/ptII/doc/test/../../doc; rm codeDoc/ptolemy/actor/lib/Ramp.xml codeDoc/ptolemy/actor/lib/RampIdx.xml; make docs)} {
Failed to find javadoc for ptolemy.domains.sdf.lib.MatrixJoin} {
Failed to find source for ptolemy.domains.sdf.lib.MatrixJoin} {
Failed to find ptdoc for ptolemy.domains.sdf.lib.MatrixSplit.  Try doing (cd /home/travis/build/icyphy/ptII/doc/test/../../doc; rm codeDoc/ptolemy/actor/lib/Ramp.xml codeDoc/ptolemy/actor/lib/RampIdx.xml; make docs)} {
Failed to find javadoc for ptolemy.domains.sdf.lib.MatrixSplit} {
Failed to find source for ptolemy.domains.sdf.lib.MatrixSplit} {
Failed to find ptdoc for ptolemy.actor.lib.MatrixToArray.  Try doing (cd /home/travis/build/icyphy/ptII/doc/test/../../doc; rm codeDoc/ptolemy/actor/lib/Ramp.xml codeDoc/ptolemy/actor/lib/RampIdx.xml; make docs)} {
Failed to find javadoc for ptolemy.actor.lib.MatrixToArray} {
Failed to find source for ptolemy.actor.lib.MatrixToArray} {
Failed to find ptdoc for ptolemy.domains.sdf.lib.MatrixToSequence.  Try doing (cd /home/travis/build/icyphy/ptII/doc/test/../../doc; rm codeDoc/ptolemy/actor/lib/Ramp.xml codeDoc/ptolemy/actor/lib/RampIdx.xml; make docs)} {
Failed to find javadoc for ptolemy.domains.sdf.lib.MatrixToSequence} {
Failed to find source for ptolemy.domains.sdf.lib.MatrixToSequence} {
Failed to find ptdoc for ptolemy.actor.lib.gui.MatrixViewer.  Try doing (cd /home/travis/build/icyphy/ptII/doc/test/../../doc; rm codeDoc/ptolemy/actor/lib/Ramp.xml codeDoc/ptolemy/actor/lib/RampIdx.xml; make docs)} {
Failed to find javadoc for ptolemy.actor.lib.gui.MatrixViewer} {
Failed to find source for ptolemy.actor.lib.gui.MatrixViewer} {
Failed to find ptdoc for ptolemy.domains.sdf.lib.SequenceToMatrix.  Try doing (cd /home/travis/build/icyphy/ptII/doc/test/../../doc; rm codeDoc/ptolemy/actor/lib/Ramp.xml codeDoc/ptolemy/actor/lib/RampIdx.xml; make docs)} {
Failed to find javadoc for ptolemy.domains.sdf.lib.SequenceToMatrix} {
Failed to find source for ptolemy.domains.sdf.lib.SequenceToMatrix} {
Failed to find ptdoc for ptolemy.actor.lib.SubMatrix.  Try doing (cd /home/travis/build/icyphy/ptII/doc/test/../../doc; rm codeDoc/ptolemy/actor/lib/Ramp.xml codeDoc/ptolemy/actor/lib/RampIdx.xml; make docs)} {
Failed to find javadoc for ptolemy.actor.lib.SubMatrix} {
Failed to find source for ptolemy.actor.lib.SubMatrix} {
Failed to find ptdoc for ptolemy.actor.lib.python.PythonScript.  Try doing (cd /home/travis/build/icyphy/ptII/doc/test/../../doc; rm codeDoc/ptolemy/actor/lib/Ramp.xml codeDoc/ptolemy/actor/lib/RampIdx.xml; make docs)} {
Failed to find javadoc for ptolemy.actor.lib.python.PythonScript} {
Failed to find source for ptolemy.actor.lib.python.PythonScript} {
Failed to find ptdoc for ptolemy.actor.lib.python.PythonScript.  Try doing (cd /home/travis/build/icyphy/ptII/doc/test/../../doc; rm codeDoc/ptolemy/actor/lib/Ramp.xml codeDoc/ptolemy/actor/lib/RampIdx.xml; make docs)} {
Failed to find javadoc for ptolemy.actor.lib.python.PythonScript} {
Failed to find source for ptolemy.actor.lib.python.PythonScript} {
Failed to find ptdoc for ptolemy.actor.lib.Bernoulli.  Try doing (cd /home/travis/build/icyphy/ptII/doc/test/../../doc; rm codeDoc/ptolemy/actor/lib/Ramp.xml codeDoc/ptolemy/actor/lib/RampIdx.xml; make docs)} {
Failed to find javadoc for ptolemy.actor.lib.Bernoulli} {
Failed to find source for ptolemy.actor.lib.Bernoulli} {
Failed to find ptdoc for ptolemy.actor.lib.DiscreteRandomSource.  Try doing (cd /home/travis/build/icyphy/ptII/doc/test/../../doc; rm codeDoc/ptolemy/actor/lib/Ramp.xml codeDoc/ptolemy/actor/lib/RampIdx.xml; make docs)} {
Failed to find javadoc for ptolemy.actor.lib.DiscreteRandomSource} {
Failed to find source for ptolemy.actor.lib.DiscreteRandomSource} {
Failed to find ptdoc for ptolemy.actor.lib.Gaussian.  Try doing (cd /home/travis/build/icyphy/ptII/doc/test/../../doc; rm codeDoc/ptolemy/actor/lib/Ramp.xml codeDoc/ptolemy/actor/lib/RampIdx.xml; make docs)} {
Failed to find javadoc for ptolemy.actor.lib.Gaussian} {
Failed to find source for ptolemy.actor.lib.Gaussian} {
Failed to find ptdoc for ptolemy.actor.lib.Rician.  Try doing (cd /home/travis/build/icyphy/ptII/doc/test/../../doc; rm codeDoc/ptolemy/actor/lib/Ramp.xml codeDoc/ptolemy/actor/lib/RampIdx.xml; make docs)} {
Failed to find javadoc for ptolemy.actor.lib.Rician} {
Failed to find source for ptolemy.actor.lib.Rician} {
Failed to find ptdoc for ptolemy.actor.lib.Uniform.  Try doing (cd /home/travis/build/icyphy/ptII/doc/test/../../doc; rm codeDoc/ptolemy/actor/lib/Ramp.xml codeDoc/ptolemy/actor/lib/RampIdx.xml; make docs)} {
Failed to find javadoc for ptolemy.actor.lib.Uniform} {
Failed to find source for ptolemy.actor.lib.Uniform} {
Failed to find ptdoc for ptolemy.actor.lib.Triangular.  Try doing (cd /home/travis/build/icyphy/ptII/doc/test/../../doc; rm codeDoc/ptolemy/actor/lib/Ramp.xml codeDoc/ptolemy/actor/lib/RampIdx.xml; make docs)} {
Failed to find javadoc for ptolemy.actor.lib.Triangular} {
Failed to find source for ptolemy.actor.lib.Triangular} {
Failed to find ptdoc for ptolemy.actor.lib.DelayStart.  Try doing (cd /home/travis/build/icyphy/ptII/doc/test/../../doc; rm codeDoc/ptolemy/actor/lib/Ramp.xml codeDoc/ptolemy/actor/lib/RampIdx.xml; make docs)} {
Failed to find javadoc for ptolemy.actor.lib.DelayStart} {
Failed to find source for ptolemy.actor.lib.DelayStart} {
Failed to find ptdoc for ptolemy.actor.lib.ExecutionTime.  Try doing (cd /home/travis/build/icyphy/ptII/doc/test/../../doc; rm codeDoc/ptolemy/actor/lib/Ramp.xml codeDoc/ptolemy/actor/lib/RampIdx.xml; make docs)} {
Failed to find javadoc for ptolemy.actor.lib.ExecutionTime} {
Failed to find source for ptolemy.actor.lib.ExecutionTime} {
Failed to find ptdoc for ptolemy.actor.lib.gui.RealTimePlotter.  Try doing (cd /home/travis/build/icyphy/ptII/doc/test/../../doc; rm codeDoc/ptolemy/actor/lib/Ramp.xml codeDoc/ptolemy/actor/lib/RampIdx.xml; make docs)} {
Failed to find javadoc for ptolemy.actor.lib.gui.RealTimePlotter} {
Failed to find source for ptolemy.actor.lib.gui.RealTimePlotter} {
Failed to find ptdoc for ptolemy.actor.lib.Sleep.  Try doing (cd /home/travis/build/icyphy/ptII/doc/test/../../doc; rm codeDoc/ptolemy/actor/lib/Ramp.xml codeDoc/ptolemy/actor/lib/RampIdx.xml; make docs)} {
Failed to find javadoc for ptolemy.actor.lib.Sleep} {
Failed to find source for ptolemy.actor.lib.Sleep} {
Failed to find ptdoc for ptolemy.actor.lib.VariableSleep.  Try doing (cd /home/travis/build/icyphy/ptII/doc/test/../../doc; rm codeDoc/ptolemy/actor/lib/Ramp.xml codeDoc/ptolemy/actor/lib/RampIdx.xml; make docs)} {
Failed to find javadoc for ptolemy.actor.lib.VariableSleep} {
Failed to find source for ptolemy.actor.lib.VariableSleep} {
Failed to find ptdoc for ptolemy.actor.lib.WallClockTime.  Try doing (cd /home/travis/build/icyphy/ptII/doc/test/../../doc; rm codeDoc/ptolemy/actor/lib/Ramp.xml codeDoc/ptolemy/actor/lib/RampIdx.xml; make docs)} {
Failed to find javadoc for ptolemy.actor.lib.WallClockTime} {
Failed to find source for ptolemy.actor.lib.WallClockTime} {
Failed to find ptdoc for ptolemy.actor.lib.javasound.AudioCapture.  Try doing (cd /home/travis/build/icyphy/ptII/doc/test/../../doc; rm codeDoc/ptolemy/actor/lib/Ramp.xml codeDoc/ptolemy/actor/lib/RampIdx.xml; make docs)} {
Failed to find javadoc for ptolemy.actor.lib.javasound.AudioCapture} {
Failed to find source for ptolemy.actor.lib.javasound.AudioCapture} {
Failed to find ptdoc for ptolemy.actor.lib.javasound.AudioReader.  Try doing (cd /home/travis/build/icyphy/ptII/doc/test/../../doc; rm codeDoc/ptolemy/actor/lib/Ramp.xml codeDoc/ptolemy/actor/lib/RampIdx.xml; make docs)} {
Failed to find javadoc for ptolemy.actor.lib.javasound.AudioReader} {
Failed to find source for ptolemy.actor.lib.javasound.AudioReader} {
Failed to find ptdoc for ptolemy.actor.lib.javasound.AudioPlayer.  Try doing (cd /home/travis/build/icyphy/ptII/doc/test/../../doc; rm codeDoc/ptolemy/actor/lib/Ramp.xml codeDoc/ptolemy/actor/lib/RampIdx.xml; make docs)} {
Failed to find javadoc for ptolemy.actor.lib.javasound.AudioPlayer} {
Failed to find source for ptolemy.actor.lib.javasound.AudioPlayer} {
Failed to find ptdoc for ptolemy.actor.lib.javasound.AudioWriter.  Try doing (cd /home/travis/build/icyphy/ptII/doc/test/../../doc; rm codeDoc/ptolemy/actor/lib/Ramp.xml codeDoc/ptolemy/actor/lib/RampIdx.xml; make docs)} {
Failed to find javadoc for ptolemy.actor.lib.javasound.AudioWriter} {
Failed to find source for ptolemy.actor.lib.javasound.AudioWriter} {
Failed to find ptdoc for ptolemy.actor.lib.javasound.ClipPlayer.  Try doing (cd /home/travis/build/icyphy/ptII/doc/test/../../doc; rm codeDoc/ptolemy/actor/lib/Ramp.xml codeDoc/ptolemy/actor/lib/RampIdx.xml; make docs)} {
Failed to find javadoc for ptolemy.actor.lib.javasound.ClipPlayer} {
Failed to find source for ptolemy.actor.lib.javasound.ClipPlayer} {
Failed to find ptdoc for ptolemy.actor.lib.comm.ConvolutionalCoder.  Try doing (cd /home/travis/build/icyphy/ptII/doc/test/../../doc; rm codeDoc/ptolemy/actor/lib/Ramp.xml codeDoc/ptolemy/actor/lib/RampIdx.xml; make docs)} {
Failed to find javadoc for ptolemy.actor.lib.comm.ConvolutionalCoder} {
Failed to find source for ptolemy.actor.lib.comm.ConvolutionalCoder} {
Failed to find ptdoc for ptolemy.actor.lib.comm.DeScrambler.  Try doing (cd /home/travis/build/icyphy/ptII/doc/test/../../doc; rm codeDoc/ptolemy/actor/lib/Ramp.xml codeDoc/ptolemy/actor/lib/RampIdx.xml; make docs)} {
Failed to find javadoc for ptolemy.actor.lib.comm.DeScrambler} {
Failed to find source for ptolemy.actor.lib.comm.DeScrambler} {
Failed to find ptdoc for ptolemy.actor.lib.comm.HadamardCode.  Try doing (cd /home/travis/build/icyphy/ptII/doc/test/../../doc; rm codeDoc/ptolemy/actor/lib/Ramp.xml codeDoc/ptolemy/actor/lib/RampIdx.xml; make docs)} {
Failed to find javadoc for ptolemy.actor.lib.comm.HadamardCode} {
Failed to find source for ptolemy.actor.lib.comm.HadamardCode} {
Failed to find ptdoc for ptolemy.actor.lib.comm.HammingCoder.  Try doing (cd /home/travis/build/icyphy/ptII/doc/test/../../doc; rm codeDoc/ptolemy/actor/lib/Ramp.xml codeDoc/ptolemy/actor/lib/RampIdx.xml; make docs)} {
Failed to find javadoc for ptolemy.actor.lib.comm.HammingCoder} {
Failed to find source for ptolemy.actor.lib.comm.HammingCoder} {
Failed to find ptdoc for ptolemy.actor.lib.comm.HammingDecoder.  Try doing (cd /home/travis/build/icyphy/ptII/doc/test/../../doc; rm codeDoc/ptolemy/actor/lib/Ramp.xml codeDoc/ptolemy/actor/lib/RampIdx.xml; make docs)} {
Failed to find javadoc for ptolemy.actor.lib.comm.HammingDecoder} {
Failed to find source for ptolemy.actor.lib.comm.HammingDecoder} {
Failed to find ptdoc for ptolemy.actor.lib.comm.HuffmanCoder.  Try doing (cd /home/travis/build/icyphy/ptII/doc/test/../../doc; rm codeDoc/ptolemy/actor/lib/Ramp.xml codeDoc/ptolemy/actor/lib/RampIdx.xml; make docs)} {
Failed to find javadoc for ptolemy.actor.lib.comm.HuffmanCoder} {
Failed to find source for ptolemy.actor.lib.comm.HuffmanCoder} {
Failed to find ptdoc for ptolemy.actor.lib.comm.HuffmanDecoder.  Try doing (cd /home/travis/build/icyphy/ptII/doc/test/../../doc; rm codeDoc/ptolemy/actor/lib/Ramp.xml codeDoc/ptolemy/actor/lib/RampIdx.xml; make docs)} {
Failed to find javadoc for ptolemy.actor.lib.comm.HuffmanDecoder} {
Failed to find source for ptolemy.actor.lib.comm.HuffmanDecoder} {
Failed to find ptdoc for ptolemy.actor.lib.comm.LempelZivCoder.  Try doing (cd /home/travis/build/icyphy/ptII/doc/test/../../doc; rm codeDoc/ptolemy/actor/lib/Ramp.xml codeDoc/ptolemy/actor/lib/RampIdx.xml; make docs)} {
Failed to find javadoc for ptolemy.actor.lib.comm.LempelZivCoder} {
Failed to find source for ptolemy.actor.lib.comm.LempelZivCoder} {
Failed to find ptdoc for ptolemy.actor.lib.comm.LempelZivDecoder.  Try doing (cd /home/travis/build/icyphy/ptII/doc/test/../../doc; rm codeDoc/ptolemy/actor/lib/Ramp.xml codeDoc/ptolemy/actor/lib/RampIdx.xml; make docs)} {
Failed to find javadoc for ptolemy.actor.lib.comm.LempelZivDecoder} {
Failed to find source for ptolemy.actor.lib.comm.LempelZivDecoder} {
Failed to find ptdoc for ptolemy.domains.sdf.lib.LineCoder.  Try doing (cd /home/travis/build/icyphy/ptII/doc/test/../../doc; rm codeDoc/ptolemy/actor/lib/Ramp.xml codeDoc/ptolemy/actor/lib/RampIdx.xml; make docs)} {
Failed to find javadoc for ptolemy.domains.sdf.lib.LineCoder} {
Failed to find source for ptolemy.domains.sdf.lib.LineCoder} {
Failed to find ptdoc for ptolemy.domains.sdf.lib.LMSAdaptive.  Try doing (cd /home/travis/build/icyphy/ptII/doc/test/../../doc; rm codeDoc/ptolemy/actor/lib/Ramp.xml codeDoc/ptolemy/actor/lib/RampIdx.xml; make docs)} {
Failed to find javadoc for ptolemy.domains.sdf.lib.LMSAdaptive} {
Failed to find source for ptolemy.domains.sdf.lib.LMSAdaptive} {
Failed to find ptdoc for ptolemy.domains.sdf.lib.RaisedCosine.  Try doing (cd /home/travis/build/icyphy/ptII/doc/test/../../doc; rm codeDoc/ptolemy/actor/lib/Ramp.xml codeDoc/ptolemy/actor/lib/RampIdx.xml; make docs)} {
Failed to find javadoc for ptolemy.domains.sdf.lib.RaisedCosine} {
Failed to find source for ptolemy.domains.sdf.lib.RaisedCosine} {
Failed to find ptdoc for ptolemy.actor.lib.comm.Scrambler.  Try doing (cd /home/travis/build/icyphy/ptII/doc/test/../../doc; rm codeDoc/ptolemy/actor/lib/Ramp.xml codeDoc/ptolemy/actor/lib/RampIdx.xml; make docs)} {
Failed to find javadoc for ptolemy.actor.lib.comm.Scrambler} {
Failed to find source for ptolemy.actor.lib.comm.Scrambler} {
Failed to find ptdoc for ptolemy.actor.lib.comm.Slicer.  Try doing (cd /home/travis/build/icyphy/ptII/doc/test/../../doc; rm codeDoc/ptolemy/actor/lib/Ramp.xml codeDoc/ptolemy/actor/lib/RampIdx.xml; make docs)} {
Failed to find javadoc for ptolemy.actor.lib.comm.Slicer} {
Failed to find source for ptolemy.actor.lib.comm.Slicer} {
Failed to find ptdoc for ptolemy.actor.lib.comm.TrellisDecoder.  Try doing (cd /home/travis/build/icyphy/ptII/doc/test/../../doc; rm codeDoc/ptolemy/actor/lib/Ramp.xml codeDoc/ptolemy/actor/lib/RampIdx.xml; make docs)} {
Failed to find javadoc for ptolemy.actor.lib.comm.TrellisDecoder} {
Failed to find source for ptolemy.actor.lib.comm.TrellisDecoder} {
Failed to find ptdoc for ptolemy.actor.lib.comm.ViterbiDecoder.  Try doing (cd /home/travis/build/icyphy/ptII/doc/test/../../doc; rm codeDoc/ptolemy/actor/lib/Ramp.xml codeDoc/ptolemy/actor/lib/RampIdx.xml; make docs)} {
Failed to find javadoc for ptolemy.actor.lib.comm.ViterbiDecoder} {
Failed to find source for ptolemy.actor.lib.comm.ViterbiDecoder} {
Failed to find ptdoc for ptolemy.domains.sdf.lib.DelayLine.  Try doing (cd /home/travis/build/icyphy/ptII/doc/test/../../doc; rm codeDoc/ptolemy/actor/lib/Ramp.xml codeDoc/ptolemy/actor/lib/RampIdx.xml; make docs)} {
Failed to find javadoc for ptolemy.domains.sdf.lib.DelayLine} {
Failed to find source for ptolemy.domains.sdf.lib.DelayLine} {
Failed to find ptdoc for ptolemy.domains.sdf.lib.DownSample.  Try doing (cd /home/travis/build/icyphy/ptII/doc/test/../../doc; rm codeDoc/ptolemy/actor/lib/Ramp.xml codeDoc/ptolemy/actor/lib/RampIdx.xml; make docs)} {
Failed to find javadoc for ptolemy.domains.sdf.lib.DownSample} {
Failed to find source for ptolemy.domains.sdf.lib.DownSample} {
Failed to find ptdoc for ptolemy.domains.sdf.lib.FIR.  Try doing (cd /home/travis/build/icyphy/ptII/doc/test/../../doc; rm codeDoc/ptolemy/actor/lib/Ramp.xml codeDoc/ptolemy/actor/lib/RampIdx.xml; make docs)} {
Failed to find javadoc for ptolemy.domains.sdf.lib.FIR} {
Failed to find source for ptolemy.domains.sdf.lib.FIR} {
Failed to find ptdoc for ptolemy.actor.lib.GradientAdaptiveLattice.  Try doing (cd /home/travis/build/icyphy/ptII/doc/test/../../doc; rm codeDoc/ptolemy/actor/lib/Ramp.xml codeDoc/ptolemy/actor/lib/RampIdx.xml; make docs)} {
Failed to find javadoc for ptolemy.actor.lib.GradientAdaptiveLattice} {
Failed to find source for ptolemy.actor.lib.GradientAdaptiveLattice} {
Failed to find ptdoc for ptolemy.actor.lib.IIR.  Try doing (cd /home/travis/build/icyphy/ptII/doc/test/../../doc; rm codeDoc/ptolemy/actor/lib/Ramp.xml codeDoc/ptolemy/actor/lib/RampIdx.xml; make docs)} {
Failed to find javadoc for ptolemy.actor.lib.IIR} {
Failed to find source for ptolemy.actor.lib.IIR} {
Failed to find ptdoc for ptolemy.actor.lib.Lattice.  Try doing (cd /home/travis/build/icyphy/ptII/doc/test/../../doc; rm codeDoc/ptolemy/actor/lib/Ramp.xml codeDoc/ptolemy/actor/lib/RampIdx.xml; make docs)} {
Failed to find javadoc for ptolemy.actor.lib.Lattice} {
Failed to find source for ptolemy.actor.lib.Lattice} {
Failed to find ptdoc for ptolemy.actor.lib.LinearDifferenceEquationSystem.  Try doing (cd /home/travis/build/icyphy/ptII/doc/test/../../doc; rm codeDoc/ptolemy/actor/lib/Ramp.xml codeDoc/ptolemy/actor/lib/RampIdx.xml; make docs)} {
Failed to find javadoc for ptolemy.actor.lib.LinearDifferenceEquationSystem} {
Failed to find source for ptolemy.actor.lib.LinearDifferenceEquationSystem} {
Failed to find ptdoc for ptolemy.domains.sdf.lib.LMSAdaptive.  Try doing (cd /home/travis/build/icyphy/ptII/doc/test/../../doc; rm codeDoc/ptolemy/actor/lib/Ramp.xml codeDoc/ptolemy/actor/lib/RampIdx.xml; make docs)} {
Failed to find javadoc for ptolemy.domains.sdf.lib.LMSAdaptive} {
Failed to find source for ptolemy.domains.sdf.lib.LMSAdaptive} {
Failed to find ptdoc for ptolemy.actor.lib.RecursiveLattice.  Try doing (cd /home/travis/build/icyphy/ptII/doc/test/../../doc; rm codeDoc/ptolemy/actor/lib/Ramp.xml codeDoc/ptolemy/actor/lib/RampIdx.xml; make docs)} {
Failed to find javadoc for ptolemy.actor.lib.RecursiveLattice} {
Failed to find source for ptolemy.actor.lib.RecursiveLattice} {
Failed to find ptdoc for ptolemy.domains.sdf.lib.UpSample.  Try doing (cd /home/travis/build/icyphy/ptII/doc/test/../../doc; rm codeDoc/ptolemy/actor/lib/Ramp.xml codeDoc/ptolemy/actor/lib/RampIdx.xml; make docs)} {
Failed to find javadoc for ptolemy.domains.sdf.lib.UpSample} {
Failed to find source for ptolemy.domains.sdf.lib.UpSample} {
Failed to find ptdoc for ptolemy.domains.sdf.lib.VariableFIR.  Try doing (cd /home/travis/build/icyphy/ptII/doc/test/../../doc; rm codeDoc/ptolemy/actor/lib/Ramp.xml codeDoc/ptolemy/actor/lib/RampIdx.xml; make docs)} {
Failed to find javadoc for ptolemy.domains.sdf.lib.VariableFIR} {
Failed to find source for ptolemy.domains.sdf.lib.VariableFIR} {
Failed to find ptdoc for ptolemy.domains.sdf.lib.VariableLattice.  Try doing (cd /home/travis/build/icyphy/ptII/doc/test/../../doc; rm codeDoc/ptolemy/actor/lib/Ramp.xml codeDoc/ptolemy/actor/lib/RampIdx.xml; make docs)} {
Failed to find javadoc for ptolemy.domains.sdf.lib.VariableLattice} {
Failed to find source for ptolemy.domains.sdf.lib.VariableLattice} {
Failed to find ptdoc for ptolemy.domains.sdf.lib.VariableRecursiveLattice.  Try doing (cd /home/travis/build/icyphy/ptII/doc/test/../../doc; rm codeDoc/ptolemy/actor/lib/Ramp.xml codeDoc/ptolemy/actor/lib/RampIdx.xml; make docs)} {
Failed to find javadoc for ptolemy.domains.sdf.lib.VariableRecursiveLattice} {
Failed to find source for ptolemy.domains.sdf.lib.VariableRecursiveLattice} {
Failed to find ptdoc for ptolemy.actor.lib.DB.  Try doing (cd /home/travis/build/icyphy/ptII/doc/test/../../doc; rm codeDoc/ptolemy/actor/lib/Ramp.xml codeDoc/ptolemy/actor/lib/RampIdx.xml; make docs)} {
Failed to find javadoc for ptolemy.actor.lib.DB} {
Failed to find source for ptolemy.actor.lib.DB} {
Failed to find ptdoc for ptolemy.domains.sdf.lib.FFT.  Try doing (cd /home/travis/build/icyphy/ptII/doc/test/../../doc; rm codeDoc/ptolemy/actor/lib/Ramp.xml codeDoc/ptolemy/actor/lib/RampIdx.xml; make docs)} {
Failed to find javadoc for ptolemy.domains.sdf.lib.FFT} {
Failed to find source for ptolemy.domains.sdf.lib.FFT} {
Failed to find ptdoc for ptolemy.domains.sdf.lib.IFFT.  Try doing (cd /home/travis/build/icyphy/ptII/doc/test/../../doc; rm codeDoc/ptolemy/actor/lib/Ramp.xml codeDoc/ptolemy/actor/lib/RampIdx.xml; make docs)} {
Failed to find javadoc for ptolemy.domains.sdf.lib.IFFT} {
Failed to find source for ptolemy.domains.sdf.lib.IFFT} {
Failed to find ptdoc for ptolemy.actor.lib.LevinsonDurbin.  Try doing (cd /home/travis/build/icyphy/ptII/doc/test/../../doc; rm codeDoc/ptolemy/actor/lib/Ramp.xml codeDoc/ptolemy/actor/lib/RampIdx.xml; make docs)} {
Failed to find javadoc for ptolemy.actor.lib.LevinsonDurbin} {
Failed to find source for ptolemy.actor.lib.LevinsonDurbin} {
Failed to find ptdoc for ptolemy.actor.lib.PhaseUnwrap.  Try doing (cd /home/travis/build/icyphy/ptII/doc/test/../../doc; rm codeDoc/ptolemy/actor/lib/Ramp.xml codeDoc/ptolemy/actor/lib/RampIdx.xml; make docs)} {
Failed to find javadoc for ptolemy.actor.lib.PhaseUnwrap} {
Failed to find source for ptolemy.actor.lib.PhaseUnwrap} {
Failed to find ptdoc for ptolemy.domains.sdf.lib.Autocorrelation.  Try doing (cd /home/travis/build/icyphy/ptII/doc/test/../../doc; rm codeDoc/ptolemy/actor/lib/Ramp.xml codeDoc/ptolemy/actor/lib/RampIdx.xml; make docs)} {
Failed to find javadoc for ptolemy.domains.sdf.lib.Autocorrelation} {
Failed to find source for ptolemy.domains.sdf.lib.Autocorrelation} {
Failed to find ptdoc for ptolemy.actor.lib.ComputeHistogram.  Try doing (cd /home/travis/build/icyphy/ptII/doc/test/../../doc; rm codeDoc/ptolemy/actor/lib/Ramp.xml codeDoc/ptolemy/actor/lib/RampIdx.xml; make docs)} {
Failed to find javadoc for ptolemy.actor.lib.ComputeHistogram} {
Failed to find source for ptolemy.actor.lib.ComputeHistogram} {
Failed to find ptdoc for ptolemy.actor.lib.IIR.  Try doing (cd /home/travis/build/icyphy/ptII/doc/test/../../doc; rm codeDoc/ptolemy/actor/lib/Ramp.xml codeDoc/ptolemy/actor/lib/RampIdx.xml; make docs)} {
Failed to find javadoc for ptolemy.actor.lib.IIR} {
Failed to find source for ptolemy.actor.lib.IIR} {
Failed to find ptdoc for ptolemy.actor.lib.DB.  Try doing (cd /home/travis/build/icyphy/ptII/doc/test/../../doc; rm codeDoc/ptolemy/actor/lib/Ramp.xml codeDoc/ptolemy/actor/lib/RampIdx.xml; make docs)} {
Failed to find javadoc for ptolemy.actor.lib.DB} {
Failed to find source for ptolemy.actor.lib.DB} {
Failed to find ptdoc for ptolemy.actor.lib.Scale.  Try doing (cd /home/travis/build/icyphy/ptII/doc/test/../../doc; rm codeDoc/ptolemy/actor/lib/Ramp.xml codeDoc/ptolemy/actor/lib/RampIdx.xml; make docs)} {
Failed to find javadoc for ptolemy.actor.lib.Scale} {
Failed to find source for ptolemy.actor.lib.Scale} {
Failed to find ptdoc for ptolemy.actor.lib.MathFunction.  Try doing (cd /home/travis/build/icyphy/ptII/doc/test/../../doc; rm codeDoc/ptolemy/actor/lib/Ramp.xml codeDoc/ptolemy/actor/lib/RampIdx.xml; make docs)} {
Failed to find javadoc for ptolemy.actor.lib.MathFunction} {
Failed to find source for ptolemy.actor.lib.MathFunction} {
Failed to find ptdoc for ptolemy.actor.lib.string.StringCompare.  Try doing (cd /home/travis/build/icyphy/ptII/doc/test/../../doc; rm codeDoc/ptolemy/actor/lib/Ramp.xml codeDoc/ptolemy/actor/lib/RampIdx.xml; make docs)} {
Failed to find javadoc for ptolemy.actor.lib.string.StringCompare} {
Failed to find source for ptolemy.actor.lib.string.StringCompare} {
Failed to find ptdoc for ptolemy.actor.lib.string.StringFunction.  Try doing (cd /home/travis/build/icyphy/ptII/doc/test/../../doc; rm codeDoc/ptolemy/actor/lib/Ramp.xml codeDoc/ptolemy/actor/lib/RampIdx.xml; make docs)} {
Failed to find javadoc for ptolemy.actor.lib.string.StringFunction} {
Failed to find source for ptolemy.actor.lib.string.StringFunction} {
Failed to find ptdoc for ptolemy.actor.lib.string.StringIndexOf.  Try doing (cd /home/travis/build/icyphy/ptII/doc/test/../../doc; rm codeDoc/ptolemy/actor/lib/Ramp.xml codeDoc/ptolemy/actor/lib/RampIdx.xml; make docs)} {
Failed to find javadoc for ptolemy.actor.lib.string.StringIndexOf} {
Failed to find source for ptolemy.actor.lib.string.StringIndexOf} {
Failed to find ptdoc for ptolemy.actor.lib.string.StringLength.  Try doing (cd /home/travis/build/icyphy/ptII/doc/test/../../doc; rm codeDoc/ptolemy/actor/lib/Ramp.xml codeDoc/ptolemy/actor/lib/RampIdx.xml; make docs)} {
Failed to find javadoc for ptolemy.actor.lib.string.StringLength} {
Failed to find source for ptolemy.actor.lib.string.StringLength} {
Failed to find ptdoc for ptolemy.actor.lib.string.StringMatches.  Try doing (cd /home/travis/build/icyphy/ptII/doc/test/../../doc; rm codeDoc/ptolemy/actor/lib/Ramp.xml codeDoc/ptolemy/actor/lib/RampIdx.xml; make docs)} {
Failed to find javadoc for ptolemy.actor.lib.string.StringMatches} {
Failed to find source for ptolemy.actor.lib.string.StringMatches} {
Failed to find ptdoc for ptolemy.actor.lib.string.StringReplace.  Try doing (cd /home/travis/build/icyphy/ptII/doc/test/../../doc; rm codeDoc/ptolemy/actor/lib/Ramp.xml codeDoc/ptolemy/actor/lib/RampIdx.xml; make docs)} {
Failed to find javadoc for ptolemy.actor.lib.string.StringReplace} {
Failed to find source for ptolemy.actor.lib.string.StringReplace} {
Failed to find ptdoc for ptolemy.actor.lib.string.StringSplit.  Try doing (cd /home/travis/build/icyphy/ptII/doc/test/../../doc; rm codeDoc/ptolemy/actor/lib/Ramp.xml codeDoc/ptolemy/actor/lib/RampIdx.xml; make docs)} {
Failed to find javadoc for ptolemy.actor.lib.string.StringSplit} {
Failed to find source for ptolemy.actor.lib.string.StringSplit} {
Failed to find ptdoc for ptolemy.actor.lib.string.StringSubstring.  Try doing (cd /home/travis/build/icyphy/ptII/doc/test/../../doc; rm codeDoc/ptolemy/actor/lib/Ramp.xml codeDoc/ptolemy/actor/lib/RampIdx.xml; make docs)} {
Failed to find javadoc for ptolemy.actor.lib.string.StringSubstring} {
Failed to find source for ptolemy.actor.lib.string.StringSubstring} {
Failed to find ptdoc for ptolemy.actor.lib.conversions.StringToXML.  Try doing (cd /home/travis/build/icyphy/ptII/doc/test/../../doc; rm codeDoc/ptolemy/actor/lib/Ramp.xml codeDoc/ptolemy/actor/lib/RampIdx.xml; make docs)} {
Failed to find javadoc for ptolemy.actor.lib.conversions.StringToXML} {
Failed to find source for ptolemy.actor.lib.conversions.StringToXML} {
Failed to find ptdoc for ptolemy.actor.lib.xslt.XSLTransformer.  Try doing (cd /home/travis/build/icyphy/ptII/doc/test/../../doc; rm codeDoc/ptolemy/actor/lib/Ramp.xml codeDoc/ptolemy/actor/lib/RampIdx.xml; make docs)} {
Failed to find javadoc for ptolemy.actor.lib.xslt.XSLTransformer} {
Failed to find source for ptolemy.actor.lib.xslt.XSLTransformer} {
Failed to find ptdoc for ptolemy.actor.lib.xslt.XMLInclusion.  Try doing (cd /home/travis/build/icyphy/ptII/doc/test/../../doc; rm codeDoc/ptolemy/actor/lib/Ramp.xml codeDoc/ptolemy/actor/lib/RampIdx.xml; make docs)} {
Failed to find javadoc for ptolemy.actor.lib.xslt.XMLInclusion} {
Failed to find source for ptolemy.actor.lib.xslt.XMLInclusion} {
Failed to find ptdoc for ptolemy.actor.lib.database.DatabaseManager.  Try doing (cd /home/travis/build/icyphy/ptII/doc/test/../../doc; rm codeDoc/ptolemy/actor/lib/Ramp.xml codeDoc/ptolemy/actor/lib/RampIdx.xml; make docs)} {
Failed to find javadoc for ptolemy.actor.lib.database.DatabaseManager} {
Failed to find source for ptolemy.actor.lib.database.DatabaseManager} {
Failed to find ptdoc for ptolemy.actor.lib.database.DatabaseQuery.  Try doing (cd /home/travis/build/icyphy/ptII/doc/test/../../doc; rm codeDoc/ptolemy/actor/lib/Ramp.xml codeDoc/ptolemy/actor/lib/RampIdx.xml; make docs)} {
Failed to find javadoc for ptolemy.actor.lib.database.DatabaseQuery} {
Failed to find source for ptolemy.actor.lib.database.DatabaseQuery} {
Failed to find ptdoc for ptolemy.actor.lib.database.DatabaseSelect.  Try doing (cd /home/travis/build/icyphy/ptII/doc/test/../../doc; rm codeDoc/ptolemy/actor/lib/Ramp.xml codeDoc/ptolemy/actor/lib/RampIdx.xml; make docs)} {
Failed to find javadoc for ptolemy.actor.lib.database.DatabaseSelect} {
Failed to find source for ptolemy.actor.lib.database.DatabaseSelect} {
Failed to find ptdoc for ptolemy.actor.lib.database.DatabaseInsert.  Try doing (cd /home/travis/build/icyphy/ptII/doc/test/../../doc; rm codeDoc/ptolemy/actor/lib/Ramp.xml codeDoc/ptolemy/actor/lib/RampIdx.xml; make docs)} {
Failed to find javadoc for ptolemy.actor.lib.database.DatabaseInsert} {
Failed to find source for ptolemy.actor.lib.database.DatabaseInsert} {
Failed to find ptdoc for ptolemy.actor.lib.database.SQLStatement.  Try doing (cd /home/travis/build/icyphy/ptII/doc/test/../../doc; rm codeDoc/ptolemy/actor/lib/Ramp.xml codeDoc/ptolemy/actor/lib/RampIdx.xml; make docs)} {
Failed to find javadoc for ptolemy.actor.lib.database.SQLStatement} {
Failed to find source for ptolemy.actor.lib.database.SQLStatement} {
Failed to find ptdoc for ptolemy.actor.lib.database.ArrayOfRecordsRecorder.  Try doing (cd /home/travis/build/icyphy/ptII/doc/test/../../doc; rm codeDoc/ptolemy/actor/lib/Ramp.xml codeDoc/ptolemy/actor/lib/RampIdx.xml; make docs)} {
Failed to find javadoc for ptolemy.actor.lib.database.ArrayOfRecordsRecorder} {
Failed to find source for ptolemy.actor.lib.database.ArrayOfRecordsRecorder} {
Failed to find ptdoc for ptolemy.actor.lib.CurrentTime.  Try doing (cd /home/travis/build/icyphy/ptII/doc/test/../../doc; rm codeDoc/ptolemy/actor/lib/Ramp.xml codeDoc/ptolemy/actor/lib/RampIdx.xml; make docs)} {
Failed to find javadoc for ptolemy.actor.lib.CurrentTime} {
Failed to find source for ptolemy.actor.lib.CurrentTime} {
Failed to find ptdoc for ptolemy.actor.lib.Scale.  Try doing (cd /home/travis/build/icyphy/ptII/doc/test/../../doc; rm codeDoc/ptolemy/actor/lib/Ramp.xml codeDoc/ptolemy/actor/lib/RampIdx.xml; make docs)} {
Failed to find javadoc for ptolemy.actor.lib.Scale} {
Failed to find source for ptolemy.actor.lib.Scale} {
Failed to find ptdoc for ptolemy.actor.lib.TrigFunction.  Try doing (cd /home/travis/build/icyphy/ptII/doc/test/../../doc; rm codeDoc/ptolemy/actor/lib/Ramp.xml codeDoc/ptolemy/actor/lib/RampIdx.xml; make docs)} {
Failed to find javadoc for ptolemy.actor.lib.TrigFunction} {
Failed to find source for ptolemy.actor.lib.TrigFunction} {
Failed to find ptdoc for ptolemy.actor.lib.Const.  Try doing (cd /home/travis/build/icyphy/ptII/doc/test/../../doc; rm codeDoc/ptolemy/actor/lib/Ramp.xml codeDoc/ptolemy/actor/lib/RampIdx.xml; make docs)} {
Failed to find javadoc for ptolemy.actor.lib.Const} {
Failed to find source for ptolemy.actor.lib.Const} {
Failed to find ptdoc for ptolemy.actor.lib.AddSubtract.  Try doing (cd /home/travis/build/icyphy/ptII/doc/test/../../doc; rm codeDoc/ptolemy/actor/lib/Ramp.xml codeDoc/ptolemy/actor/lib/RampIdx.xml; make docs)} {
Failed to find javadoc for ptolemy.actor.lib.AddSubtract} {
Failed to find source for ptolemy.actor.lib.AddSubtract} {
Failed to find ptdoc for ptolemy.actor.lib.Scale.  Try doing (cd /home/travis/build/icyphy/ptII/doc/test/../../doc; rm codeDoc/ptolemy/actor/lib/Ramp.xml codeDoc/ptolemy/actor/lib/RampIdx.xml; make docs)} {
Failed to find javadoc for ptolemy.actor.lib.Scale} {
Failed to find source for ptolemy.actor.lib.Scale} {
Failed to find ptdoc for ptolemy.actor.lib.Ramp.  Try doing (cd /home/travis/build/icyphy/ptII/doc/test/../../doc; rm codeDoc/ptolemy/actor/lib/Ramp.xml codeDoc/ptolemy/actor/lib/RampIdx.xml; make docs)} {
Failed to find javadoc for ptolemy.actor.lib.Ramp} {
Failed to find source for ptolemy.actor.lib.Ramp} {
Failed to find ptdoc for ptolemy.actor.lib.TrigFunction.  Try doing (cd /home/travis/build/icyphy/ptII/doc/test/../../doc; rm codeDoc/ptolemy/actor/lib/Ramp.xml codeDoc/ptolemy/actor/lib/RampIdx.xml; make docs)} {
Failed to find javadoc for ptolemy.actor.lib.TrigFunction} {
Failed to find source for ptolemy.actor.lib.TrigFunction} {
Failed to find ptdoc for ptolemy.actor.lib.Const.  Try doing (cd /home/travis/build/icyphy/ptII/doc/test/../../doc; rm codeDoc/ptolemy/actor/lib/Ramp.xml codeDoc/ptolemy/actor/lib/RampIdx.xml; make docs)} {
Failed to find javadoc for ptolemy.actor.lib.Const} {
Failed to find source for ptolemy.actor.lib.Const} {
Failed to find ptdoc for ptolemy.actor.lib.AddSubtract.  Try doing (cd /home/travis/build/icyphy/ptII/doc/test/../../doc; rm codeDoc/ptolemy/actor/lib/Ramp.xml codeDoc/ptolemy/actor/lib/RampIdx.xml; make docs)} {
Failed to find javadoc for ptolemy.actor.lib.AddSubtract} {
Failed to find source for ptolemy.actor.lib.AddSubtract} {
Failed to find ptdoc for ptolemy.actor.lib.Pulse.  Try doing (cd /home/travis/build/icyphy/ptII/doc/test/../../doc; rm codeDoc/ptolemy/actor/lib/Ramp.xml codeDoc/ptolemy/actor/lib/RampIdx.xml; make docs)} {
Failed to find javadoc for ptolemy.actor.lib.Pulse} {
Failed to find source for ptolemy.actor.lib.Pulse} {
Failed to find ptdoc for ptolemy.actor.lib.MultiplyDivide.  Try doing (cd /home/travis/build/icyphy/ptII/doc/test/../../doc; rm codeDoc/ptolemy/actor/lib/Ramp.xml codeDoc/ptolemy/actor/lib/RampIdx.xml; make docs)} {
Failed to find javadoc for ptolemy.actor.lib.MultiplyDivide} {
Failed to find source for ptolemy.actor.lib.MultiplyDivide} {
Failed to find ptdoc for ptolemy.domains.sdf.lib.Autocorrelation.  Try doing (cd /home/travis/build/icyphy/ptII/doc/test/../../doc; rm codeDoc/ptolemy/actor/lib/Ramp.xml codeDoc/ptolemy/actor/lib/RampIdx.xml; make docs)} {
Failed to find javadoc for ptolemy.domains.sdf.lib.Autocorrelation} {
Failed to find source for ptolemy.domains.sdf.lib.Autocorrelation} {
Failed to find ptdoc for ptolemy.actor.lib.LevinsonDurbin.  Try doing (cd /home/travis/build/icyphy/ptII/doc/test/../../doc; rm codeDoc/ptolemy/actor/lib/Ramp.xml codeDoc/ptolemy/actor/lib/RampIdx.xml; make docs)} {
Failed to find javadoc for ptolemy.actor.lib.LevinsonDurbin} {
Failed to find source for ptolemy.actor.lib.LevinsonDurbin} {
Failed to find ptdoc for ptolemy.actor.lib.ArrayAppend.  Try doing (cd /home/travis/build/icyphy/ptII/doc/test/../../doc; rm codeDoc/ptolemy/actor/lib/Ramp.xml codeDoc/ptolemy/actor/lib/RampIdx.xml; make docs)} {
Failed to find javadoc for ptolemy.actor.lib.ArrayAppend} {
Failed to find source for ptolemy.actor.lib.ArrayAppend} {
Failed to find ptdoc for ptolemy.domains.sdf.lib.ArrayToSequence.  Try doing (cd /home/travis/build/icyphy/ptII/doc/test/../../doc; rm codeDoc/ptolemy/actor/lib/Ramp.xml codeDoc/ptolemy/actor/lib/RampIdx.xml; make docs)} {
Failed to find javadoc for ptolemy.domains.sdf.lib.ArrayToSequence} {
Failed to find source for ptolemy.domains.sdf.lib.ArrayToSequence} {
Failed to find ptdoc for ptolemy.domains.sdf.lib.FFT.  Try doing (cd /home/travis/build/icyphy/ptII/doc/test/../../doc; rm codeDoc/ptolemy/actor/lib/Ramp.xml codeDoc/ptolemy/actor/lib/RampIdx.xml; make docs)} {
Failed to find javadoc for ptolemy.domains.sdf.lib.FFT} {
Failed to find source for ptolemy.domains.sdf.lib.FFT} {
Failed to find ptdoc for ptolemy.actor.lib.AbsoluteValue.  Try doing (cd /home/travis/build/icyphy/ptII/doc/test/../../doc; rm codeDoc/ptolemy/actor/lib/Ramp.xml codeDoc/ptolemy/actor/lib/RampIdx.xml; make docs)} {
Failed to find javadoc for ptolemy.actor.lib.AbsoluteValue} {
Failed to find source for ptolemy.actor.lib.AbsoluteValue} {
Failed to find ptdoc for ptolemy.actor.lib.MultiplyDivide.  Try doing (cd /home/travis/build/icyphy/ptII/doc/test/../../doc; rm codeDoc/ptolemy/actor/lib/Ramp.xml codeDoc/ptolemy/actor/lib/RampIdx.xml; make docs)} {
Failed to find javadoc for ptolemy.actor.lib.MultiplyDivide} {
Failed to find source for ptolemy.actor.lib.MultiplyDivide} {
Failed to find ptdoc for ptolemy.actor.lib.DB.  Try doing (cd /home/travis/build/icyphy/ptII/doc/test/../../doc; rm codeDoc/ptolemy/actor/lib/Ramp.xml codeDoc/ptolemy/actor/lib/RampIdx.xml; make docs)} {
Failed to find javadoc for ptolemy.actor.lib.DB} {
Failed to find source for ptolemy.actor.lib.DB} {
Failed to find ptdoc for ptolemy.actor.lib.ArrayElement.  Try doing (cd /home/travis/build/icyphy/ptII/doc/test/../../doc; rm codeDoc/ptolemy/actor/lib/Ramp.xml codeDoc/ptolemy/actor/lib/RampIdx.xml; make docs)} {
Failed to find javadoc for ptolemy.actor.lib.ArrayElement} {
Failed to find source for ptolemy.actor.lib.ArrayElement} {
Failed to find ptdoc for ptolemy.domains.sdf.lib.Repeat.  Try doing (cd /home/travis/build/icyphy/ptII/doc/test/../../doc; rm codeDoc/ptolemy/actor/lib/Ramp.xml codeDoc/ptolemy/actor/lib/RampIdx.xml; make docs)} {
Failed to find javadoc for ptolemy.domains.sdf.lib.Repeat} {
Failed to find source for ptolemy.domains.sdf.lib.Repeat} {
Failed to find ptdoc for ptolemy.domains.sdf.lib.Chop.  Try doing (cd /home/travis/build/icyphy/ptII/doc/test/../../doc; rm codeDoc/ptolemy/actor/lib/Ramp.xml codeDoc/ptolemy/actor/lib/RampIdx.xml; make docs)} {
Failed to find javadoc for ptolemy.domains.sdf.lib.Chop} {
Failed to find source for ptolemy.domains.sdf.lib.Chop} {
Failed to find ptdoc for ptolemy.actor.lib.MathFunction.  Try doing (cd /home/travis/build/icyphy/ptII/doc/test/../../doc; rm codeDoc/ptolemy/actor/lib/Ramp.xml codeDoc/ptolemy/actor/lib/RampIdx.xml; make docs)} {
Failed to find javadoc for ptolemy.actor.lib.MathFunction} {
Failed to find source for ptolemy.actor.lib.MathFunction} {
Failed to find ptdoc for ptolemy.actor.lib.Const.  Try doing (cd /home/travis/build/icyphy/ptII/doc/test/../../doc; rm codeDoc/ptolemy/actor/lib/Ramp.xml codeDoc/ptolemy/actor/lib/RampIdx.xml; make docs)} {
Failed to find javadoc for ptolemy.actor.lib.Const} {
Failed to find source for ptolemy.actor.lib.Const} {
Failed to find ptdoc for ptolemy.actor.lib.MultiplyDivide.  Try doing (cd /home/travis/build/icyphy/ptII/doc/test/../../doc; rm codeDoc/ptolemy/actor/lib/Ramp.xml codeDoc/ptolemy/actor/lib/RampIdx.xml; make docs)} {
Failed to find javadoc for ptolemy.actor.lib.MultiplyDivide} {
Failed to find source for ptolemy.actor.lib.MultiplyDivide} {
Failed to find ptdoc for ptolemy.domains.sdf.lib.FFT.  Try doing (cd /home/travis/build/icyphy/ptII/doc/test/../../doc; rm codeDoc/ptolemy/actor/lib/Ramp.xml codeDoc/ptolemy/actor/lib/RampIdx.xml; make docs)} {
Failed to find javadoc for ptolemy.domains.sdf.lib.FFT} {
Failed to find source for ptolemy.domains.sdf.lib.FFT} {
Failed to find ptdoc for ptolemy.actor.lib.DB.  Try doing (cd /home/travis/build/icyphy/ptII/doc/test/../../doc; rm codeDoc/ptolemy/actor/lib/Ramp.xml codeDoc/ptolemy/actor/lib/RampIdx.xml; make docs)} {
Failed to find javadoc for ptolemy.actor.lib.DB} {
Failed to find source for ptolemy.actor.lib.DB} {
Failed to find ptdoc for ptolemy.actor.lib.AbsoluteValue.  Try doing (cd /home/travis/build/icyphy/ptII/doc/test/../../doc; rm codeDoc/ptolemy/actor/lib/Ramp.xml codeDoc/ptolemy/actor/lib/RampIdx.xml; make docs)} {
Failed to find javadoc for ptolemy.actor.lib.AbsoluteValue} {
Failed to find source for ptolemy.actor.lib.AbsoluteValue} {
Failed to find ptdoc for ptolemy.domains.sdf.lib.Autocorrelation.  Try doing (cd /home/travis/build/icyphy/ptII/doc/test/../../doc; rm codeDoc/ptolemy/actor/lib/Ramp.xml codeDoc/ptolemy/actor/lib/RampIdx.xml; make docs)} {
Failed to find javadoc for ptolemy.domains.sdf.lib.Autocorrelation} {
Failed to find source for ptolemy.domains.sdf.lib.Autocorrelation} {
Failed to find ptdoc for ptolemy.domains.sdf.lib.Chop.  Try doing (cd /home/travis/build/icyphy/ptII/doc/test/../../doc; rm codeDoc/ptolemy/actor/lib/Ramp.xml codeDoc/ptolemy/actor/lib/RampIdx.xml; make docs)} {
Failed to find javadoc for ptolemy.domains.sdf.lib.Chop} {
Failed to find source for ptolemy.domains.sdf.lib.Chop} {
Failed to find ptdoc for ptolemy.domains.sdf.lib.ArrayToSequence.  Try doing (cd /home/travis/build/icyphy/ptII/doc/test/../../doc; rm codeDoc/ptolemy/actor/lib/Ramp.xml codeDoc/ptolemy/actor/lib/RampIdx.xml; make docs)} {
Failed to find javadoc for ptolemy.domains.sdf.lib.ArrayToSequence} {
Failed to find source for ptolemy.domains.sdf.lib.ArrayToSequence} {
Failed to find ptdoc for ptolemy.actor.lib.Sequence.  Try doing (cd /home/travis/build/icyphy/ptII/doc/test/../../doc; rm codeDoc/ptolemy/actor/lib/Ramp.xml codeDoc/ptolemy/actor/lib/RampIdx.xml; make docs)} {
Failed to find javadoc for ptolemy.actor.lib.Sequence} {
Failed to find source for ptolemy.actor.lib.Sequence} {
Failed to find ptdoc for ptolemy.actor.lib.MultiplyDivide.  Try doing (cd /home/travis/build/icyphy/ptII/doc/test/../../doc; rm codeDoc/ptolemy/actor/lib/Ramp.xml codeDoc/ptolemy/actor/lib/RampIdx.xml; make docs)} {
Failed to find javadoc for ptolemy.actor.lib.MultiplyDivide} {
Failed to find source for ptolemy.actor.lib.MultiplyDivide} {
Failed to find ptdoc for ptolemy.domains.sdf.lib.FFT.  Try doing (cd /home/travis/build/icyphy/ptII/doc/test/../../doc; rm codeDoc/ptolemy/actor/lib/Ramp.xml codeDoc/ptolemy/actor/lib/RampIdx.xml; make docs)} {
Failed to find javadoc for ptolemy.domains.sdf.lib.FFT} {
Failed to find source for ptolemy.domains.sdf.lib.FFT} {
Failed to find ptdoc for ptolemy.actor.lib.DB.  Try doing (cd /home/travis/build/icyphy/ptII/doc/test/../../doc; rm codeDoc/ptolemy/actor/lib/Ramp.xml codeDoc/ptolemy/actor/lib/RampIdx.xml; make docs)} {
Failed to find javadoc for ptolemy.actor.lib.DB} {
Failed to find source for ptolemy.actor.lib.DB} {
Failed to find ptdoc for ptolemy.actor.lib.AbsoluteValue.  Try doing (cd /home/travis/build/icyphy/ptII/doc/test/../../doc; rm codeDoc/ptolemy/actor/lib/Ramp.xml codeDoc/ptolemy/actor/lib/RampIdx.xml; make docs)} {
Failed to find javadoc for ptolemy.actor.lib.AbsoluteValue} {
Failed to find source for ptolemy.actor.lib.AbsoluteValue} {
Failed to find ptdoc for ptolemy.actor.lib.Scale.  Try doing (cd /home/travis/build/icyphy/ptII/doc/test/../../doc; rm codeDoc/ptolemy/actor/lib/Ramp.xml codeDoc/ptolemy/actor/lib/RampIdx.xml; make docs)} {
Failed to find javadoc for ptolemy.actor.lib.Scale} {
Failed to find source for ptolemy.actor.lib.Scale} {
Failed to find ptdoc for ptolemy.actor.lib.Sequence.  Try doing (cd /home/travis/build/icyphy/ptII/doc/test/../../doc; rm codeDoc/ptolemy/actor/lib/Ramp.xml codeDoc/ptolemy/actor/lib/RampIdx.xml; make docs)} {
Failed to find javadoc for ptolemy.actor.lib.Sequence} {
Failed to find source for ptolemy.actor.lib.Sequence}}
---- Result should have been:
{}
---- bcvtb/configuration.xml-6.1 FAILED
 Force everything to get expanded ptolemy/configs/visualsense/configuration.xml
    (Skipping certain optional packages)
    If you get a 'X connection to xxx:11.0 broken' message, then
    see $PTII/ptolemy/moml/filter/RemoveGraphicalClasses.java
    Or, under Solaris, run java -verbose -classpath 
           ${PTII}/lib/ptjacl.jar:${PTII}/lib/diva.jar:${PTII}
           tcl.lang.Shell xxx.tcl


==== $PTII/doc/test/docManager.tcl: visualsense/configuration.xml-6.1 Test docClassNameToURL
==== Contents of test case:

        # If this test fails under Travis, the the problem could be
        # that actors have been added to the repository, yet the
        # codeDoc*.jar files in
        # https://github.com/icyphy/ptII/releases/download/nightly/
        # have not been updated.  $PTII/.travis.yml has a deploy
        # section that should copy the jar files if PT_TRAVIS_DOCS ==
        # true.  Note that Travis no longer supports Oracle JDK 8 and
        # JDK 11 does not have backward compatible support for
        # javadoc, so travis is failing to update the download/nightly
        # directory.  Even if Travis updates the codeDoc.jar files,
        # then under JDK 11 the actor index files will not be present
        # because JDK 11 is missing javadoc backward compatibility.

        # One possible fix is to build the jar files under JDK 8 with
        # (cd $PTII/doc; make install)
        # Then upload codeDoc.jar to the nightly release.
        # 1. Go to https://github.com/icyphy/ptII/releases
        # 2. Find the nightly release
        # 3. Click on edit
        # 4. Delete the old codeDoc.jar
        # 5. Upload the new codeDoc.jar
        # For details, see 
        # https://docs.github.com/en/github/administering-a-repository/managing-releases-in-a-repository

	# In general, if we call getName on a public field in an actor,
	# then the name that is returned should be the same as the name
	# of the field.
	set entityList [$configuration allAtomicEntityList]
	set results {}
	for {set iterator [$entityList iterator]}  {[$iterator hasNext] == 1} {} {
		set entity [$iterator next]
		if [java::instanceof $entity ptolemy.actor.TypedAtomicActor] {
		    set actor [java::cast ptolemy.actor.TypedAtomicActor $entity]
		    set className [$actor getClassName]
		    set url [java::call ptolemy.vergil.actor.DocManager  docClassNameToURL  $configuration $className  true false false false]
		    if [java::isnull $url] {
			lappend results "\nFailed to find ptdoc for $className.  Try doing (cd $PTII/doc; rm codeDoc/ptolemy/actor/lib/Ramp.xml codeDoc/ptolemy/actor/lib/RampIdx.xml; make docs)"
		    }


		    set url [java::call ptolemy.vergil.actor.DocManager  docClassNameToURL  $configuration $className  false true false false]
		    if [java::isnull $url] {
			lappend results "\nFailed to find javadoc for $className"
		    }

		    set url [java::call ptolemy.vergil.actor.DocManager  docClassNameToURL  $configuration $className  false true false false]
		    if [java::isnull $url] {
			lappend results "\nFailed to find source for $className"
		    }


		    # For actor index, it is ok to return null
		    set url [java::call ptolemy.vergil.actor.DocManager  docClassNameToURL  $configuration $className  false false false true]
		}
	    }
    list $results	
    
==== Result was:
{{
Failed to find ptdoc for ptolemy.actor.lib.Assert.  Try doing (cd /home/travis/build/icyphy/ptII/doc/test/../../doc; rm codeDoc/ptolemy/actor/lib/Ramp.xml codeDoc/ptolemy/actor/lib/RampIdx.xml; make docs)} {
Failed to find javadoc for ptolemy.actor.lib.Assert} {
Failed to find source for ptolemy.actor.lib.Assert} {
Failed to find ptdoc for ptolemy.actor.lib.Const.  Try doing (cd /home/travis/build/icyphy/ptII/doc/test/../../doc; rm codeDoc/ptolemy/actor/lib/Ramp.xml codeDoc/ptolemy/actor/lib/RampIdx.xml; make docs)} {
Failed to find javadoc for ptolemy.actor.lib.Const} {
Failed to find source for ptolemy.actor.lib.Const} {
Failed to find ptdoc for ptolemy.actor.lib.StringConst.  Try doing (cd /home/travis/build/icyphy/ptII/doc/test/../../doc; rm codeDoc/ptolemy/actor/lib/Ramp.xml codeDoc/ptolemy/actor/lib/RampIdx.xml; make docs)} {
Failed to find javadoc for ptolemy.actor.lib.StringConst} {
Failed to find source for ptolemy.actor.lib.StringConst} {
Failed to find ptdoc for ptolemy.actor.lib.Subscriber.  Try doing (cd /home/travis/build/icyphy/ptII/doc/test/../../doc; rm codeDoc/ptolemy/actor/lib/Ramp.xml codeDoc/ptolemy/actor/lib/RampIdx.xml; make docs)} {
Failed to find javadoc for ptolemy.actor.lib.Subscriber} {
Failed to find source for ptolemy.actor.lib.Subscriber} {
Failed to find ptdoc for ptolemy.actor.lib.SubscriptionAggregator.  Try doing (cd /home/travis/build/icyphy/ptII/doc/test/../../doc; rm codeDoc/ptolemy/actor/lib/Ramp.xml codeDoc/ptolemy/actor/lib/RampIdx.xml; make docs)} {
Failed to find javadoc for ptolemy.actor.lib.SubscriptionAggregator} {
Failed to find source for ptolemy.actor.lib.SubscriptionAggregator} {
Failed to find ptdoc for ptolemy.actor.lib.CurrentDate.  Try doing (cd /home/travis/build/icyphy/ptII/doc/test/../../doc; rm codeDoc/ptolemy/actor/lib/Ramp.xml codeDoc/ptolemy/actor/lib/RampIdx.xml; make docs)} {
Failed to find javadoc for ptolemy.actor.lib.CurrentDate} {
Failed to find source for ptolemy.actor.lib.CurrentDate} {
Failed to find ptdoc for ptolemy.actor.lib.CurrentTime.  Try doing (cd /home/travis/build/icyphy/ptII/doc/test/../../doc; rm codeDoc/ptolemy/actor/lib/Ramp.xml codeDoc/ptolemy/actor/lib/RampIdx.xml; make docs)} {
Failed to find javadoc for ptolemy.actor.lib.CurrentTime} {
Failed to find source for ptolemy.actor.lib.CurrentTime} {
Failed to find ptdoc for ptolemy.actor.lib.CurrentMicrostep.  Try doing (cd /home/travis/build/icyphy/ptII/doc/test/../../doc; rm codeDoc/ptolemy/actor/lib/Ramp.xml codeDoc/ptolemy/actor/lib/RampIdx.xml; make docs)} {
Failed to find javadoc for ptolemy.actor.lib.CurrentMicrostep} {
Failed to find source for ptolemy.actor.lib.CurrentMicrostep} {
Failed to find ptdoc for ptolemy.actor.lib.DiscreteClock.  Try doing (cd /home/travis/build/icyphy/ptII/doc/test/../../doc; rm codeDoc/ptolemy/actor/lib/Ramp.xml codeDoc/ptolemy/actor/lib/RampIdx.xml; make docs)} {
Failed to find javadoc for ptolemy.actor.lib.DiscreteClock} {
Failed to find source for ptolemy.actor.lib.DiscreteClock} {
Failed to find ptdoc for ptolemy.actor.lib.PoissonClock.  Try doing (cd /home/travis/build/icyphy/ptII/doc/test/../../doc; rm codeDoc/ptolemy/actor/lib/Ramp.xml codeDoc/ptolemy/actor/lib/RampIdx.xml; make docs)} {
Failed to find javadoc for ptolemy.actor.lib.PoissonClock} {
Failed to find source for ptolemy.actor.lib.PoissonClock} {
Failed to find ptdoc for ptolemy.actor.lib.gui.InteractiveDialog.  Try doing (cd /home/travis/build/icyphy/ptII/doc/test/../../doc; rm codeDoc/ptolemy/actor/lib/Ramp.xml codeDoc/ptolemy/actor/lib/RampIdx.xml; make docs)} {
Failed to find javadoc for ptolemy.actor.lib.gui.InteractiveDialog} {
Failed to find source for ptolemy.actor.lib.gui.InteractiveDialog} {
Failed to find ptdoc for ptolemy.actor.lib.gui.InteractiveShell.  Try doing (cd /home/travis/build/icyphy/ptII/doc/test/../../doc; rm codeDoc/ptolemy/actor/lib/Ramp.xml codeDoc/ptolemy/actor/lib/RampIdx.xml; make docs)} {
Failed to find javadoc for ptolemy.actor.lib.gui.InteractiveShell} {
Failed to find source for ptolemy.actor.lib.gui.InteractiveShell} {
Failed to find ptdoc for ptolemy.actor.lib.Interpolator.  Try doing (cd /home/travis/build/icyphy/ptII/doc/test/../../doc; rm codeDoc/ptolemy/actor/lib/Ramp.xml codeDoc/ptolemy/actor/lib/RampIdx.xml; make docs)} {
Failed to find javadoc for ptolemy.actor.lib.Interpolator} {
Failed to find source for ptolemy.actor.lib.Interpolator} {
Failed to find ptdoc for ptolemy.actor.lib.Pulse.  Try doing (cd /home/travis/build/icyphy/ptII/doc/test/../../doc; rm codeDoc/ptolemy/actor/lib/Ramp.xml codeDoc/ptolemy/actor/lib/RampIdx.xml; make docs)} {
Failed to find javadoc for ptolemy.actor.lib.Pulse} {
Failed to find source for ptolemy.actor.lib.Pulse} {
Failed to find ptdoc for ptolemy.actor.lib.Ramp.  Try doing (cd /home/travis/build/icyphy/ptII/doc/test/../../doc; rm codeDoc/ptolemy/actor/lib/Ramp.xml codeDoc/ptolemy/actor/lib/RampIdx.xml; make docs)} {
Failed to find javadoc for ptolemy.actor.lib.Ramp} {
Failed to find source for ptolemy.actor.lib.Ramp} {
Failed to find ptdoc for ptolemy.actor.lib.Sequence.  Try doing (cd /home/travis/build/icyphy/ptII/doc/test/../../doc; rm codeDoc/ptolemy/actor/lib/Ramp.xml codeDoc/ptolemy/actor/lib/RampIdx.xml; make docs)} {
Failed to find javadoc for ptolemy.actor.lib.Sequence} {
Failed to find source for ptolemy.actor.lib.Sequence} {
Failed to find ptdoc for ptolemy.actor.lib.gui.SketchedSource.  Try doing (cd /home/travis/build/icyphy/ptII/doc/test/../../doc; rm codeDoc/ptolemy/actor/lib/Ramp.xml codeDoc/ptolemy/actor/lib/RampIdx.xml; make docs)} {
Failed to find javadoc for ptolemy.actor.lib.gui.SketchedSource} {
Failed to find source for ptolemy.actor.lib.gui.SketchedSource} {
Failed to find ptdoc for ptolemy.actor.lib.gui.ArrayPlotterXY.  Try doing (cd /home/travis/build/icyphy/ptII/doc/test/../../doc; rm codeDoc/ptolemy/actor/lib/Ramp.xml codeDoc/ptolemy/actor/lib/RampIdx.xml; make docs)} {
Failed to find javadoc for ptolemy.actor.lib.gui.ArrayPlotterXY} {
Failed to find source for ptolemy.actor.lib.gui.ArrayPlotterXY} {
Failed to find ptdoc for ptolemy.actor.lib.Discard.  Try doing (cd /home/travis/build/icyphy/ptII/doc/test/../../doc; rm codeDoc/ptolemy/actor/lib/Ramp.xml codeDoc/ptolemy/actor/lib/RampIdx.xml; make docs)} {
Failed to find javadoc for ptolemy.actor.lib.Discard} {
Failed to find source for ptolemy.actor.lib.Discard} {
Failed to find ptdoc for ptolemy.actor.lib.gui.Display.  Try doing (cd /home/travis/build/icyphy/ptII/doc/test/../../doc; rm codeDoc/ptolemy/actor/lib/Ramp.xml codeDoc/ptolemy/actor/lib/RampIdx.xml; make docs)} {
Failed to find javadoc for ptolemy.actor.lib.gui.Display} {
Failed to find source for ptolemy.actor.lib.gui.Display} {
Failed to find ptdoc for ptolemy.actor.lib.gui.MonitorValue.  Try doing (cd /home/travis/build/icyphy/ptII/doc/test/../../doc; rm codeDoc/ptolemy/actor/lib/Ramp.xml codeDoc/ptolemy/actor/lib/RampIdx.xml; make docs)} {
Failed to find javadoc for ptolemy.actor.lib.gui.MonitorValue} {
Failed to find source for ptolemy.actor.lib.gui.MonitorValue} {
Failed to find ptdoc for ptolemy.actor.lib.Publisher.  Try doing (cd /home/travis/build/icyphy/ptII/doc/test/../../doc; rm codeDoc/ptolemy/actor/lib/Ramp.xml codeDoc/ptolemy/actor/lib/RampIdx.xml; make docs)} {
Failed to find javadoc for ptolemy.actor.lib.Publisher} {
Failed to find source for ptolemy.actor.lib.Publisher} {
Failed to find ptdoc for ptolemy.actor.lib.Recorder.  Try doing (cd /home/travis/build/icyphy/ptII/doc/test/../../doc; rm codeDoc/ptolemy/actor/lib/Ramp.xml codeDoc/ptolemy/actor/lib/RampIdx.xml; make docs)} {
Failed to find javadoc for ptolemy.actor.lib.Recorder} {
Failed to find source for ptolemy.actor.lib.Recorder} {
Failed to find ptdoc for ptolemy.actor.lib.SetVariable.  Try doing (cd /home/travis/build/icyphy/ptII/doc/test/../../doc; rm codeDoc/ptolemy/actor/lib/Ramp.xml codeDoc/ptolemy/actor/lib/RampIdx.xml; make docs)} {
Failed to find javadoc for ptolemy.actor.lib.SetVariable} {
Failed to find source for ptolemy.actor.lib.SetVariable} {
Failed to find ptdoc for ptolemy.actor.lib.gui.XYPlotter.  Try doing (cd /home/travis/build/icyphy/ptII/doc/test/../../doc; rm codeDoc/ptolemy/actor/lib/Ramp.xml codeDoc/ptolemy/actor/lib/RampIdx.xml; make docs)} {
Failed to find javadoc for ptolemy.actor.lib.gui.XYPlotter} {
Failed to find source for ptolemy.actor.lib.gui.XYPlotter} {
Failed to find ptdoc for ptolemy.actor.lib.gui.XYScope.  Try doing (cd /home/travis/build/icyphy/ptII/doc/test/../../doc; rm codeDoc/ptolemy/actor/lib/Ramp.xml codeDoc/ptolemy/actor/lib/RampIdx.xml; make docs)} {
Failed to find javadoc for ptolemy.actor.lib.gui.XYScope} {
Failed to find source for ptolemy.actor.lib.gui.XYScope} {
Failed to find ptdoc for ptolemy.actor.lib.gui.TimedDisplay.  Try doing (cd /home/travis/build/icyphy/ptII/doc/test/../../doc; rm codeDoc/ptolemy/actor/lib/Ramp.xml codeDoc/ptolemy/actor/lib/RampIdx.xml; make docs)} {
Failed to find javadoc for ptolemy.actor.lib.gui.TimedDisplay} {
Failed to find source for ptolemy.actor.lib.gui.TimedDisplay} {
Failed to find ptdoc for ptolemy.actor.lib.gui.TimedMonitorValue.  Try doing (cd /home/travis/build/icyphy/ptII/doc/test/../../doc; rm codeDoc/ptolemy/actor/lib/Ramp.xml codeDoc/ptolemy/actor/lib/RampIdx.xml; make docs)} {
Failed to find javadoc for ptolemy.actor.lib.gui.TimedMonitorValue} {
Failed to find source for ptolemy.actor.lib.gui.TimedMonitorValue} {
Failed to find ptdoc for ptolemy.actor.lib.gui.TimedPlotter.  Try doing (cd /home/travis/build/icyphy/ptII/doc/test/../../doc; rm codeDoc/ptolemy/actor/lib/Ramp.xml codeDoc/ptolemy/actor/lib/RampIdx.xml; make docs)} {
Failed to find javadoc for ptolemy.actor.lib.gui.TimedPlotter} {
Failed to find source for ptolemy.actor.lib.gui.TimedPlotter} {
Failed to find ptdoc for ptolemy.actor.lib.gui.TimedScope.  Try doing (cd /home/travis/build/icyphy/ptII/doc/test/../../doc; rm codeDoc/ptolemy/actor/lib/Ramp.xml codeDoc/ptolemy/actor/lib/RampIdx.xml; make docs)} {
Failed to find javadoc for ptolemy.actor.lib.gui.TimedScope} {
Failed to find source for ptolemy.actor.lib.gui.TimedScope} {
Failed to find ptdoc for ptolemy.actor.lib.gui.ArrayPlotter.  Try doing (cd /home/travis/build/icyphy/ptII/doc/test/../../doc; rm codeDoc/ptolemy/actor/lib/Ramp.xml codeDoc/ptolemy/actor/lib/RampIdx.xml; make docs)} {
Failed to find javadoc for ptolemy.actor.lib.gui.ArrayPlotter} {
Failed to find source for ptolemy.actor.lib.gui.ArrayPlotter} {
Failed to find ptdoc for ptolemy.actor.lib.gui.BarGraph.  Try doing (cd /home/travis/build/icyphy/ptII/doc/test/../../doc; rm codeDoc/ptolemy/actor/lib/Ramp.xml codeDoc/ptolemy/actor/lib/RampIdx.xml; make docs)} {
Failed to find javadoc for ptolemy.actor.lib.gui.BarGraph} {
Failed to find source for ptolemy.actor.lib.gui.BarGraph} {
Failed to find ptdoc for ptolemy.actor.lib.gui.HistogramPlotter.  Try doing (cd /home/travis/build/icyphy/ptII/doc/test/../../doc; rm codeDoc/ptolemy/actor/lib/Ramp.xml codeDoc/ptolemy/actor/lib/RampIdx.xml; make docs)} {
Failed to find javadoc for ptolemy.actor.lib.gui.HistogramPlotter} {
Failed to find source for ptolemy.actor.lib.gui.HistogramPlotter} {
Failed to find ptdoc for ptolemy.actor.lib.gui.SequencePlotter.  Try doing (cd /home/travis/build/icyphy/ptII/doc/test/../../doc; rm codeDoc/ptolemy/actor/lib/Ramp.xml codeDoc/ptolemy/actor/lib/RampIdx.xml; make docs)} {
Failed to find javadoc for ptolemy.actor.lib.gui.SequencePlotter} {
Failed to find source for ptolemy.actor.lib.gui.SequencePlotter} {
Failed to find ptdoc for ptolemy.actor.lib.gui.SequenceScope.  Try doing (cd /home/travis/build/icyphy/ptII/doc/test/../../doc; rm codeDoc/ptolemy/actor/lib/Ramp.xml codeDoc/ptolemy/actor/lib/RampIdx.xml; make docs)} {
Failed to find javadoc for ptolemy.actor.lib.gui.SequenceScope} {
Failed to find source for ptolemy.actor.lib.gui.SequenceScope} {
Failed to find ptdoc for ptolemy.actor.lib.ArrayAccumulate.  Try doing (cd /home/travis/build/icyphy/ptII/doc/test/../../doc; rm codeDoc/ptolemy/actor/lib/Ramp.xml codeDoc/ptolemy/actor/lib/RampIdx.xml; make docs)} {
Failed to find javadoc for ptolemy.actor.lib.ArrayAccumulate} {
Failed to find source for ptolemy.actor.lib.ArrayAccumulate} {
Failed to find ptdoc for ptolemy.actor.lib.ArrayAppend.  Try doing (cd /home/travis/build/icyphy/ptII/doc/test/../../doc; rm codeDoc/ptolemy/actor/lib/Ramp.xml codeDoc/ptolemy/actor/lib/RampIdx.xml; make docs)} {
Failed to find javadoc for ptolemy.actor.lib.ArrayAppend} {
Failed to find source for ptolemy.actor.lib.ArrayAppend} {
Failed to find ptdoc for ptolemy.actor.lib.ArrayAverage.  Try doing (cd /home/travis/build/icyphy/ptII/doc/test/../../doc; rm codeDoc/ptolemy/actor/lib/Ramp.xml codeDoc/ptolemy/actor/lib/RampIdx.xml; make docs)} {
Failed to find javadoc for ptolemy.actor.lib.ArrayAverage} {
Failed to find source for ptolemy.actor.lib.ArrayAverage} {
Failed to find ptdoc for ptolemy.actor.lib.ArrayContains.  Try doing (cd /home/travis/build/icyphy/ptII/doc/test/../../doc; rm codeDoc/ptolemy/actor/lib/Ramp.xml codeDoc/ptolemy/actor/lib/RampIdx.xml; make docs)} {
Failed to find javadoc for ptolemy.actor.lib.ArrayContains} {
Failed to find source for ptolemy.actor.lib.ArrayContains} {
Failed to find ptdoc for ptolemy.actor.lib.ArrayElement.  Try doing (cd /home/travis/build/icyphy/ptII/doc/test/../../doc; rm codeDoc/ptolemy/actor/lib/Ramp.xml codeDoc/ptolemy/actor/lib/RampIdx.xml; make docs)} {
Failed to find javadoc for ptolemy.actor.lib.ArrayElement} {
Failed to find source for ptolemy.actor.lib.ArrayElement} {
Failed to find ptdoc for ptolemy.actor.lib.ArrayElementAsMatrix.  Try doing (cd /home/travis/build/icyphy/ptII/doc/test/../../doc; rm codeDoc/ptolemy/actor/lib/Ramp.xml codeDoc/ptolemy/actor/lib/RampIdx.xml; make docs)} {
Failed to find javadoc for ptolemy.actor.lib.ArrayElementAsMatrix} {
Failed to find source for ptolemy.actor.lib.ArrayElementAsMatrix} {
Failed to find ptdoc for ptolemy.actor.lib.ArrayExtract.  Try doing (cd /home/travis/build/icyphy/ptII/doc/test/../../doc; rm codeDoc/ptolemy/actor/lib/Ramp.xml codeDoc/ptolemy/actor/lib/RampIdx.xml; make docs)} {
Failed to find javadoc for ptolemy.actor.lib.ArrayExtract} {
Failed to find source for ptolemy.actor.lib.ArrayExtract} {
Failed to find ptdoc for ptolemy.actor.lib.ArrayLength.  Try doing (cd /home/travis/build/icyphy/ptII/doc/test/../../doc; rm codeDoc/ptolemy/actor/lib/Ramp.xml codeDoc/ptolemy/actor/lib/RampIdx.xml; make docs)} {
Failed to find javadoc for ptolemy.actor.lib.ArrayLength} {
Failed to find source for ptolemy.actor.lib.ArrayLength} {
Failed to find ptdoc for ptolemy.actor.lib.ArrayLevelCrossing.  Try doing (cd /home/travis/build/icyphy/ptII/doc/test/../../doc; rm codeDoc/ptolemy/actor/lib/Ramp.xml codeDoc/ptolemy/actor/lib/RampIdx.xml; make docs)} {
Failed to find javadoc for ptolemy.actor.lib.ArrayLevelCrossing} {
Failed to find source for ptolemy.actor.lib.ArrayLevelCrossing} {
Failed to find ptdoc for ptolemy.actor.lib.ArrayMaximum.  Try doing (cd /home/travis/build/icyphy/ptII/doc/test/../../doc; rm codeDoc/ptolemy/actor/lib/Ramp.xml codeDoc/ptolemy/actor/lib/RampIdx.xml; make docs)} {
Failed to find javadoc for ptolemy.actor.lib.ArrayMaximum} {
Failed to find source for ptolemy.actor.lib.ArrayMaximum} {
Failed to find ptdoc for ptolemy.actor.lib.ArrayMinimum.  Try doing (cd /home/travis/build/icyphy/ptII/doc/test/../../doc; rm codeDoc/ptolemy/actor/lib/Ramp.xml codeDoc/ptolemy/actor/lib/RampIdx.xml; make docs)} {
Failed to find javadoc for ptolemy.actor.lib.ArrayMinimum} {
Failed to find source for ptolemy.actor.lib.ArrayMinimum} {
Failed to find ptdoc for ptolemy.actor.lib.ArrayPeakSearch.  Try doing (cd /home/travis/build/icyphy/ptII/doc/test/../../doc; rm codeDoc/ptolemy/actor/lib/Ramp.xml codeDoc/ptolemy/actor/lib/RampIdx.xml; make docs)} {
Failed to find javadoc for ptolemy.actor.lib.ArrayPeakSearch} {
Failed to find source for ptolemy.actor.lib.ArrayPeakSearch} {
Failed to find ptdoc for ptolemy.actor.lib.ArrayRemoveElement.  Try doing (cd /home/travis/build/icyphy/ptII/doc/test/../../doc; rm codeDoc/ptolemy/actor/lib/Ramp.xml codeDoc/ptolemy/actor/lib/RampIdx.xml; make docs)} {
Failed to find javadoc for ptolemy.actor.lib.ArrayRemoveElement} {
Failed to find source for ptolemy.actor.lib.ArrayRemoveElement} {
Failed to find ptdoc for ptolemy.actor.lib.ArraySort.  Try doing (cd /home/travis/build/icyphy/ptII/doc/test/../../doc; rm codeDoc/ptolemy/actor/lib/Ramp.xml codeDoc/ptolemy/actor/lib/RampIdx.xml; make docs)} {
Failed to find javadoc for ptolemy.actor.lib.ArraySort} {
Failed to find source for ptolemy.actor.lib.ArraySort} {
Failed to find ptdoc for ptolemy.actor.lib.ArraySum.  Try doing (cd /home/travis/build/icyphy/ptII/doc/test/../../doc; rm codeDoc/ptolemy/actor/lib/Ramp.xml codeDoc/ptolemy/actor/lib/RampIdx.xml; make docs)} {
Failed to find javadoc for ptolemy.actor.lib.ArraySum} {
Failed to find source for ptolemy.actor.lib.ArraySum} {
Failed to find ptdoc for ptolemy.actor.lib.ArrayToElements.  Try doing (cd /home/travis/build/icyphy/ptII/doc/test/../../doc; rm codeDoc/ptolemy/actor/lib/Ramp.xml codeDoc/ptolemy/actor/lib/RampIdx.xml; make docs)} {
Failed to find javadoc for ptolemy.actor.lib.ArrayToElements} {
Failed to find source for ptolemy.actor.lib.ArrayToElements} {
Failed to find ptdoc for ptolemy.domains.sdf.lib.ArrayToSequence.  Try doing (cd /home/travis/build/icyphy/ptII/doc/test/../../doc; rm codeDoc/ptolemy/actor/lib/Ramp.xml codeDoc/ptolemy/actor/lib/RampIdx.xml; make docs)} {
Failed to find javadoc for ptolemy.domains.sdf.lib.ArrayToSequence} {
Failed to find source for ptolemy.domains.sdf.lib.ArrayToSequence} {
Failed to find ptdoc for ptolemy.actor.lib.ArrayUpdate.  Try doing (cd /home/travis/build/icyphy/ptII/doc/test/../../doc; rm codeDoc/ptolemy/actor/lib/Ramp.xml codeDoc/ptolemy/actor/lib/RampIdx.xml; make docs)} {
Failed to find javadoc for ptolemy.actor.lib.ArrayUpdate} {
Failed to find source for ptolemy.actor.lib.ArrayUpdate} {
Failed to find ptdoc for ptolemy.actor.lib.ElementsToArray.  Try doing (cd /home/travis/build/icyphy/ptII/doc/test/../../doc; rm codeDoc/ptolemy/actor/lib/Ramp.xml codeDoc/ptolemy/actor/lib/RampIdx.xml; make docs)} {
Failed to find javadoc for ptolemy.actor.lib.ElementsToArray} {
Failed to find source for ptolemy.actor.lib.ElementsToArray} {
Failed to find ptdoc for ptolemy.domains.sdf.lib.SequenceToArray.  Try doing (cd /home/travis/build/icyphy/ptII/doc/test/../../doc; rm codeDoc/ptolemy/actor/lib/Ramp.xml codeDoc/ptolemy/actor/lib/RampIdx.xml; make docs)} {
Failed to find javadoc for ptolemy.domains.sdf.lib.SequenceToArray} {
Failed to find source for ptolemy.domains.sdf.lib.SequenceToArray} {
Failed to find ptdoc for ptolemy.actor.lib.conversions.AnythingToDouble.  Try doing (cd /home/travis/build/icyphy/ptII/doc/test/../../doc; rm codeDoc/ptolemy/actor/lib/Ramp.xml codeDoc/ptolemy/actor/lib/RampIdx.xml; make docs)} {
Failed to find javadoc for ptolemy.actor.lib.conversions.AnythingToDouble} {
Failed to find source for ptolemy.actor.lib.conversions.AnythingToDouble} {
Failed to find ptdoc for ptolemy.actor.lib.conversions.BooleanToAnything.  Try doing (cd /home/travis/build/icyphy/ptII/doc/test/../../doc; rm codeDoc/ptolemy/actor/lib/Ramp.xml codeDoc/ptolemy/actor/lib/RampIdx.xml; make docs)} {
Failed to find javadoc for ptolemy.actor.lib.conversions.BooleanToAnything} {
Failed to find source for ptolemy.actor.lib.conversions.BooleanToAnything} {
Failed to find ptdoc for ptolemy.domains.sdf.lib.BitsToInt.  Try doing (cd /home/travis/build/icyphy/ptII/doc/test/../../doc; rm codeDoc/ptolemy/actor/lib/Ramp.xml codeDoc/ptolemy/actor/lib/RampIdx.xml; make docs)} {
Failed to find javadoc for ptolemy.domains.sdf.lib.BitsToInt} {
Failed to find source for ptolemy.domains.sdf.lib.BitsToInt} {
Failed to find ptdoc for ptolemy.actor.lib.conversions.CartesianToComplex.  Try doing (cd /home/travis/build/icyphy/ptII/doc/test/../../doc; rm codeDoc/ptolemy/actor/lib/Ramp.xml codeDoc/ptolemy/actor/lib/RampIdx.xml; make docs)} {
Failed to find javadoc for ptolemy.actor.lib.conversions.CartesianToComplex} {
Failed to find source for ptolemy.actor.lib.conversions.CartesianToComplex} {
Failed to find ptdoc for ptolemy.actor.lib.conversions.CartesianToPolar.  Try doing (cd /home/travis/build/icyphy/ptII/doc/test/../../doc; rm codeDoc/ptolemy/actor/lib/Ramp.xml codeDoc/ptolemy/actor/lib/RampIdx.xml; make docs)} {
Failed to find javadoc for ptolemy.actor.lib.conversions.CartesianToPolar} {
Failed to find source for ptolemy.actor.lib.conversions.CartesianToPolar} {
Failed to find ptdoc for ptolemy.actor.lib.conversions.ComplexToCartesian.  Try doing (cd /home/travis/build/icyphy/ptII/doc/test/../../doc; rm codeDoc/ptolemy/actor/lib/Ramp.xml codeDoc/ptolemy/actor/lib/RampIdx.xml; make docs)} {
Failed to find javadoc for ptolemy.actor.lib.conversions.ComplexToCartesian} {
Failed to find source for ptolemy.actor.lib.conversions.ComplexToCartesian} {
Failed to find ptdoc for ptolemy.actor.lib.conversions.ComplexToPolar.  Try doing (cd /home/travis/build/icyphy/ptII/doc/test/../../doc; rm codeDoc/ptolemy/actor/lib/Ramp.xml codeDoc/ptolemy/actor/lib/RampIdx.xml; make docs)} {
Failed to find javadoc for ptolemy.actor.lib.conversions.ComplexToPolar} {
Failed to find source for ptolemy.actor.lib.conversions.ComplexToPolar} {
Failed to find ptdoc for ptolemy.actor.lib.conversions.DateToString.  Try doing (cd /home/travis/build/icyphy/ptII/doc/test/../../doc; rm codeDoc/ptolemy/actor/lib/Ramp.xml codeDoc/ptolemy/actor/lib/RampIdx.xml; make docs)} {
Failed to find javadoc for ptolemy.actor.lib.conversions.DateToString} {
Failed to find source for ptolemy.actor.lib.conversions.DateToString} {
Failed to find ptdoc for ptolemy.actor.lib.conversions.DoubleToFix.  Try doing (cd /home/travis/build/icyphy/ptII/doc/test/../../doc; rm codeDoc/ptolemy/actor/lib/Ramp.xml codeDoc/ptolemy/actor/lib/RampIdx.xml; make docs)} {
Failed to find javadoc for ptolemy.actor.lib.conversions.DoubleToFix} {
Failed to find source for ptolemy.actor.lib.conversions.DoubleToFix} {
Failed to find ptdoc for ptolemy.actor.lib.conversions.ExpressionToToken.  Try doing (cd /home/travis/build/icyphy/ptII/doc/test/../../doc; rm codeDoc/ptolemy/actor/lib/Ramp.xml codeDoc/ptolemy/actor/lib/RampIdx.xml; make docs)} {
Failed to find javadoc for ptolemy.actor.lib.conversions.ExpressionToToken} {
Failed to find source for ptolemy.actor.lib.conversions.ExpressionToToken} {
Failed to find ptdoc for ptolemy.actor.lib.conversions.FixToDouble.  Try doing (cd /home/travis/build/icyphy/ptII/doc/test/../../doc; rm codeDoc/ptolemy/actor/lib/Ramp.xml codeDoc/ptolemy/actor/lib/RampIdx.xml; make docs)} {
Failed to find javadoc for ptolemy.actor.lib.conversions.FixToDouble} {
Failed to find source for ptolemy.actor.lib.conversions.FixToDouble} {
Failed to find ptdoc for ptolemy.actor.lib.conversions.FixToFix.  Try doing (cd /home/travis/build/icyphy/ptII/doc/test/../../doc; rm codeDoc/ptolemy/actor/lib/Ramp.xml codeDoc/ptolemy/actor/lib/RampIdx.xml; make docs)} {
Failed to find javadoc for ptolemy.actor.lib.conversions.FixToFix} {
Failed to find source for ptolemy.actor.lib.conversions.FixToFix} {
Failed to find ptdoc for ptolemy.actor.lib.conversions.ImageToString.  Try doing (cd /home/travis/build/icyphy/ptII/doc/test/../../doc; rm codeDoc/ptolemy/actor/lib/Ramp.xml codeDoc/ptolemy/actor/lib/RampIdx.xml; make docs)} {
Failed to find javadoc for ptolemy.actor.lib.conversions.ImageToString} {
Failed to find source for ptolemy.actor.lib.conversions.ImageToString} {
Failed to find ptdoc for ptolemy.actor.lib.conversions.IntArrayToString.  Try doing (cd /home/travis/build/icyphy/ptII/doc/test/../../doc; rm codeDoc/ptolemy/actor/lib/Ramp.xml codeDoc/ptolemy/actor/lib/RampIdx.xml; make docs)} {
Failed to find javadoc for ptolemy.actor.lib.conversions.IntArrayToString} {
Failed to find source for ptolemy.actor.lib.conversions.IntArrayToString} {
Failed to find ptdoc for ptolemy.domains.sdf.lib.IntToBits.  Try doing (cd /home/travis/build/icyphy/ptII/doc/test/../../doc; rm codeDoc/ptolemy/actor/lib/Ramp.xml codeDoc/ptolemy/actor/lib/RampIdx.xml; make docs)} {
Failed to find javadoc for ptolemy.domains.sdf.lib.IntToBits} {
Failed to find source for ptolemy.domains.sdf.lib.IntToBits} {
Failed to find ptdoc for ptolemy.actor.lib.conversions.InUnitsOf.  Try doing (cd /home/travis/build/icyphy/ptII/doc/test/../../doc; rm codeDoc/ptolemy/actor/lib/Ramp.xml codeDoc/ptolemy/actor/lib/RampIdx.xml; make docs)} {
Failed to find javadoc for ptolemy.actor.lib.conversions.InUnitsOf} {
Failed to find source for ptolemy.actor.lib.conversions.InUnitsOf} {
Failed to find ptdoc for ptolemy.actor.lib.conversions.json.JSONToToken.  Try doing (cd /home/travis/build/icyphy/ptII/doc/test/../../doc; rm codeDoc/ptolemy/actor/lib/Ramp.xml codeDoc/ptolemy/actor/lib/RampIdx.xml; make docs)} {
Failed to find javadoc for ptolemy.actor.lib.conversions.json.JSONToToken} {
Failed to find source for ptolemy.actor.lib.conversions.json.JSONToToken} {
Failed to find ptdoc for ptolemy.actor.lib.conversions.json.TokenToJSON.  Try doing (cd /home/travis/build/icyphy/ptII/doc/test/../../doc; rm codeDoc/ptolemy/actor/lib/Ramp.xml codeDoc/ptolemy/actor/lib/RampIdx.xml; make docs)} {
Failed to find javadoc for ptolemy.actor.lib.conversions.json.TokenToJSON} {
Failed to find source for ptolemy.actor.lib.conversions.json.TokenToJSON} {
Failed to find ptdoc for ptolemy.actor.lib.conversions.LongToDouble.  Try doing (cd /home/travis/build/icyphy/ptII/doc/test/../../doc; rm codeDoc/ptolemy/actor/lib/Ramp.xml codeDoc/ptolemy/actor/lib/RampIdx.xml; make docs)} {
Failed to find javadoc for ptolemy.actor.lib.conversions.LongToDouble} {
Failed to find source for ptolemy.actor.lib.conversions.LongToDouble} {
Failed to find ptdoc for ptolemy.actor.lib.conversions.PolarToCartesian.  Try doing (cd /home/travis/build/icyphy/ptII/doc/test/../../doc; rm codeDoc/ptolemy/actor/lib/Ramp.xml codeDoc/ptolemy/actor/lib/RampIdx.xml; make docs)} {
Failed to find javadoc for ptolemy.actor.lib.conversions.PolarToCartesian} {
Failed to find source for ptolemy.actor.lib.conversions.PolarToCartesian} {
Failed to find ptdoc for ptolemy.actor.lib.conversions.PolarToComplex.  Try doing (cd /home/travis/build/icyphy/ptII/doc/test/../../doc; rm codeDoc/ptolemy/actor/lib/Ramp.xml codeDoc/ptolemy/actor/lib/RampIdx.xml; make docs)} {
Failed to find javadoc for ptolemy.actor.lib.conversions.PolarToComplex} {
Failed to find source for ptolemy.actor.lib.conversions.PolarToComplex} {
Failed to find ptdoc for ptolemy.actor.lib.conversions.Round.  Try doing (cd /home/travis/build/icyphy/ptII/doc/test/../../doc; rm codeDoc/ptolemy/actor/lib/Ramp.xml codeDoc/ptolemy/actor/lib/RampIdx.xml; make docs)} {
Failed to find javadoc for ptolemy.actor.lib.conversions.Round} {
Failed to find source for ptolemy.actor.lib.conversions.Round} {
Failed to find ptdoc for ptolemy.actor.lib.conversions.SmoothToDouble.  Try doing (cd /home/travis/build/icyphy/ptII/doc/test/../../doc; rm codeDoc/ptolemy/actor/lib/Ramp.xml codeDoc/ptolemy/actor/lib/RampIdx.xml; make docs)} {
Failed to find javadoc for ptolemy.actor.lib.conversions.SmoothToDouble} {
Failed to find source for ptolemy.actor.lib.conversions.SmoothToDouble} {
Failed to find ptdoc for ptolemy.actor.lib.conversions.StringToBoolean.  Try doing (cd /home/travis/build/icyphy/ptII/doc/test/../../doc; rm codeDoc/ptolemy/actor/lib/Ramp.xml codeDoc/ptolemy/actor/lib/RampIdx.xml; make docs)} {
Failed to find javadoc for ptolemy.actor.lib.conversions.StringToBoolean} {
Failed to find source for ptolemy.actor.lib.conversions.StringToBoolean} {
Failed to find ptdoc for ptolemy.actor.lib.conversions.StringToDouble.  Try doing (cd /home/travis/build/icyphy/ptII/doc/test/../../doc; rm codeDoc/ptolemy/actor/lib/Ramp.xml codeDoc/ptolemy/actor/lib/RampIdx.xml; make docs)} {
Failed to find javadoc for ptolemy.actor.lib.conversions.StringToDouble} {
Failed to find source for ptolemy.actor.lib.conversions.StringToDouble} {
Failed to find ptdoc for ptolemy.actor.lib.conversions.StringToInt.  Try doing (cd /home/travis/build/icyphy/ptII/doc/test/../../doc; rm codeDoc/ptolemy/actor/lib/Ramp.xml codeDoc/ptolemy/actor/lib/RampIdx.xml; make docs)} {
Failed to find javadoc for ptolemy.actor.lib.conversions.StringToInt} {
Failed to find source for ptolemy.actor.lib.conversions.StringToInt} {
Failed to find ptdoc for ptolemy.actor.lib.conversions.StringToIntArray.  Try doing (cd /home/travis/build/icyphy/ptII/doc/test/../../doc; rm codeDoc/ptolemy/actor/lib/Ramp.xml codeDoc/ptolemy/actor/lib/RampIdx.xml; make docs)} {
Failed to find javadoc for ptolemy.actor.lib.conversions.StringToIntArray} {
Failed to find source for ptolemy.actor.lib.conversions.StringToIntArray} {
Failed to find ptdoc for ptolemy.actor.lib.conversions.StringToUnsignedByteArray.  Try doing (cd /home/travis/build/icyphy/ptII/doc/test/../../doc; rm codeDoc/ptolemy/actor/lib/Ramp.xml codeDoc/ptolemy/actor/lib/RampIdx.xml; make docs)} {
Failed to find javadoc for ptolemy.actor.lib.conversions.StringToUnsignedByteArray} {
Failed to find source for ptolemy.actor.lib.conversions.StringToUnsignedByteArray} {
Failed to find ptdoc for ptolemy.actor.lib.conversions.StringToXML.  Try doing (cd /home/travis/build/icyphy/ptII/doc/test/../../doc; rm codeDoc/ptolemy/actor/lib/Ramp.xml codeDoc/ptolemy/actor/lib/RampIdx.xml; make docs)} {
Failed to find javadoc for ptolemy.actor.lib.conversions.StringToXML} {
Failed to find source for ptolemy.actor.lib.conversions.StringToXML} {
Failed to find ptdoc for ptolemy.actor.lib.conversions.TokenToExpression.  Try doing (cd /home/travis/build/icyphy/ptII/doc/test/../../doc; rm codeDoc/ptolemy/actor/lib/Ramp.xml codeDoc/ptolemy/actor/lib/RampIdx.xml; make docs)} {
Failed to find javadoc for ptolemy.actor.lib.conversions.TokenToExpression} {
Failed to find source for ptolemy.actor.lib.conversions.TokenToExpression} {
Failed to find ptdoc for ptolemy.actor.lib.conversions.UnsignedByteArrayToString.  Try doing (cd /home/travis/build/icyphy/ptII/doc/test/../../doc; rm codeDoc/ptolemy/actor/lib/Ramp.xml codeDoc/ptolemy/actor/lib/RampIdx.xml; make docs)} {
Failed to find javadoc for ptolemy.actor.lib.conversions.UnsignedByteArrayToString} {
Failed to find source for ptolemy.actor.lib.conversions.UnsignedByteArrayToString} {
Failed to find ptdoc for ptolemy.actor.lib.BusAssembler.  Try doing (cd /home/travis/build/icyphy/ptII/doc/test/../../doc; rm codeDoc/ptolemy/actor/lib/Ramp.xml codeDoc/ptolemy/actor/lib/RampIdx.xml; make docs)} {
Failed to find javadoc for ptolemy.actor.lib.BusAssembler} {
Failed to find source for ptolemy.actor.lib.BusAssembler} {
Failed to find ptdoc for ptolemy.actor.lib.BusDisassembler.  Try doing (cd /home/travis/build/icyphy/ptII/doc/test/../../doc; rm codeDoc/ptolemy/actor/lib/Ramp.xml codeDoc/ptolemy/actor/lib/RampIdx.xml; make docs)} {
Failed to find javadoc for ptolemy.actor.lib.BusDisassembler} {
Failed to find source for ptolemy.actor.lib.BusDisassembler} {
Failed to find ptdoc for ptolemy.actor.lib.Commutator.  Try doing (cd /home/travis/build/icyphy/ptII/doc/test/../../doc; rm codeDoc/ptolemy/actor/lib/Ramp.xml codeDoc/ptolemy/actor/lib/RampIdx.xml; make docs)} {
Failed to find javadoc for ptolemy.actor.lib.Commutator} {
Failed to find source for ptolemy.actor.lib.Commutator} {
Failed to find ptdoc for ptolemy.actor.lib.Distributor.  Try doing (cd /home/travis/build/icyphy/ptII/doc/test/../../doc; rm codeDoc/ptolemy/actor/lib/Ramp.xml codeDoc/ptolemy/actor/lib/RampIdx.xml; make docs)} {
Failed to find javadoc for ptolemy.actor.lib.Distributor} {
Failed to find source for ptolemy.actor.lib.Distributor} {
Failed to find ptdoc for ptolemy.actor.lib.Multiplexor.  Try doing (cd /home/travis/build/icyphy/ptII/doc/test/../../doc; rm codeDoc/ptolemy/actor/lib/Ramp.xml codeDoc/ptolemy/actor/lib/RampIdx.xml; make docs)} {
Failed to find javadoc for ptolemy.actor.lib.Multiplexor} {
Failed to find source for ptolemy.actor.lib.Multiplexor} {
Failed to find ptdoc for ptolemy.actor.lib.OrderedRecordAssembler.  Try doing (cd /home/travis/build/icyphy/ptII/doc/test/../../doc; rm codeDoc/ptolemy/actor/lib/Ramp.xml codeDoc/ptolemy/actor/lib/RampIdx.xml; make docs)} {
Failed to find javadoc for ptolemy.actor.lib.OrderedRecordAssembler} {
Failed to find source for ptolemy.actor.lib.OrderedRecordAssembler} {
Failed to find ptdoc for ptolemy.actor.lib.RecordAssembler.  Try doing (cd /home/travis/build/icyphy/ptII/doc/test/../../doc; rm codeDoc/ptolemy/actor/lib/Ramp.xml codeDoc/ptolemy/actor/lib/RampIdx.xml; make docs)} {
Failed to find javadoc for ptolemy.actor.lib.RecordAssembler} {
Failed to find source for ptolemy.actor.lib.RecordAssembler} {
Failed to find ptdoc for ptolemy.actor.lib.RecordDisassembler.  Try doing (cd /home/travis/build/icyphy/ptII/doc/test/../../doc; rm codeDoc/ptolemy/actor/lib/Ramp.xml codeDoc/ptolemy/actor/lib/RampIdx.xml; make docs)} {
Failed to find javadoc for ptolemy.actor.lib.RecordDisassembler} {
Failed to find source for ptolemy.actor.lib.RecordDisassembler} {
Failed to find ptdoc for ptolemy.actor.lib.RecordUpdater.  Try doing (cd /home/travis/build/icyphy/ptII/doc/test/../../doc; rm codeDoc/ptolemy/actor/lib/Ramp.xml codeDoc/ptolemy/actor/lib/RampIdx.xml; make docs)} {
Failed to find javadoc for ptolemy.actor.lib.RecordUpdater} {
Failed to find source for ptolemy.actor.lib.RecordUpdater} {
Failed to find ptdoc for ptolemy.actor.lib.Sampler.  Try doing (cd /home/travis/build/icyphy/ptII/doc/test/../../doc; rm codeDoc/ptolemy/actor/lib/Ramp.xml codeDoc/ptolemy/actor/lib/RampIdx.xml; make docs)} {
Failed to find javadoc for ptolemy.actor.lib.Sampler} {
Failed to find source for ptolemy.actor.lib.Sampler} {
Failed to find ptdoc for ptolemy.actor.lib.Select.  Try doing (cd /home/travis/build/icyphy/ptII/doc/test/../../doc; rm codeDoc/ptolemy/actor/lib/Ramp.xml codeDoc/ptolemy/actor/lib/RampIdx.xml; make docs)} {
Failed to find javadoc for ptolemy.actor.lib.Select} {
Failed to find source for ptolemy.actor.lib.Select} {
Failed to find ptdoc for ptolemy.actor.lib.SingleTokenCommutator.  Try doing (cd /home/travis/build/icyphy/ptII/doc/test/../../doc; rm codeDoc/ptolemy/actor/lib/Ramp.xml codeDoc/ptolemy/actor/lib/RampIdx.xml; make docs)} {
Failed to find javadoc for ptolemy.actor.lib.SingleTokenCommutator} {
Failed to find source for ptolemy.actor.lib.SingleTokenCommutator} {
Failed to find ptdoc for ptolemy.actor.lib.Switch.  Try doing (cd /home/travis/build/icyphy/ptII/doc/test/../../doc; rm codeDoc/ptolemy/actor/lib/Ramp.xml codeDoc/ptolemy/actor/lib/RampIdx.xml; make docs)} {
Failed to find javadoc for ptolemy.actor.lib.Switch} {
Failed to find source for ptolemy.actor.lib.Switch} {
Failed to find ptdoc for ptolemy.actor.lib.Synchronizer.  Try doing (cd /home/travis/build/icyphy/ptII/doc/test/../../doc; rm codeDoc/ptolemy/actor/lib/Ramp.xml codeDoc/ptolemy/actor/lib/RampIdx.xml; make docs)} {
Failed to find javadoc for ptolemy.actor.lib.Synchronizer} {
Failed to find source for ptolemy.actor.lib.Synchronizer} {
Failed to find ptdoc for ptolemy.actor.lib.UnionDisassembler.  Try doing (cd /home/travis/build/icyphy/ptII/doc/test/../../doc; rm codeDoc/ptolemy/actor/lib/Ramp.xml codeDoc/ptolemy/actor/lib/RampIdx.xml; make docs)} {
Failed to find javadoc for ptolemy.actor.lib.UnionDisassembler} {
Failed to find source for ptolemy.actor.lib.UnionDisassembler} {
Failed to find ptdoc for ptolemy.actor.lib.UnionMerge.  Try doing (cd /home/travis/build/icyphy/ptII/doc/test/../../doc; rm codeDoc/ptolemy/actor/lib/Ramp.xml codeDoc/ptolemy/actor/lib/RampIdx.xml; make docs)} {
Failed to find javadoc for ptolemy.actor.lib.UnionMerge} {
Failed to find source for ptolemy.actor.lib.UnionMerge} {
Failed to find ptdoc for ptolemy.actor.lib.VectorAssembler.  Try doing (cd /home/travis/build/icyphy/ptII/doc/test/../../doc; rm codeDoc/ptolemy/actor/lib/Ramp.xml codeDoc/ptolemy/actor/lib/RampIdx.xml; make docs)} {
Failed to find javadoc for ptolemy.actor.lib.VectorAssembler} {
Failed to find source for ptolemy.actor.lib.VectorAssembler} {
Failed to find ptdoc for ptolemy.actor.lib.VectorDisassembler.  Try doing (cd /home/travis/build/icyphy/ptII/doc/test/../../doc; rm codeDoc/ptolemy/actor/lib/Ramp.xml codeDoc/ptolemy/actor/lib/RampIdx.xml; make docs)} {
Failed to find javadoc for ptolemy.actor.lib.VectorDisassembler} {
Failed to find source for ptolemy.actor.lib.VectorDisassembler} {
Failed to find ptdoc for ptolemy.actor.lib.BooleanMultiplexor.  Try doing (cd /home/travis/build/icyphy/ptII/doc/test/../../doc; rm codeDoc/ptolemy/actor/lib/Ramp.xml codeDoc/ptolemy/actor/lib/RampIdx.xml; make docs)} {
Failed to find javadoc for ptolemy.actor.lib.BooleanMultiplexor} {
Failed to find source for ptolemy.actor.lib.BooleanMultiplexor} {
Failed to find ptdoc for ptolemy.actor.lib.BooleanSelect.  Try doing (cd /home/travis/build/icyphy/ptII/doc/test/../../doc; rm codeDoc/ptolemy/actor/lib/Ramp.xml codeDoc/ptolemy/actor/lib/RampIdx.xml; make docs)} {
Failed to find javadoc for ptolemy.actor.lib.BooleanSelect} {
Failed to find source for ptolemy.actor.lib.BooleanSelect} {
Failed to find ptdoc for ptolemy.actor.lib.BooleanSwitch.  Try doing (cd /home/travis/build/icyphy/ptII/doc/test/../../doc; rm codeDoc/ptolemy/actor/lib/Ramp.xml codeDoc/ptolemy/actor/lib/RampIdx.xml; make docs)} {
Failed to find javadoc for ptolemy.actor.lib.BooleanSwitch} {
Failed to find source for ptolemy.actor.lib.BooleanSwitch} {
Failed to find ptdoc for ptolemy.actor.lib.ConfigurationSelect.  Try doing (cd /home/travis/build/icyphy/ptII/doc/test/../../doc; rm codeDoc/ptolemy/actor/lib/Ramp.xml codeDoc/ptolemy/actor/lib/RampIdx.xml; make docs)} {
Failed to find javadoc for ptolemy.actor.lib.ConfigurationSelect} {
Failed to find source for ptolemy.actor.lib.ConfigurationSelect} {
Failed to find ptdoc for ptolemy.actor.lib.ConfigurationSwitch.  Try doing (cd /home/travis/build/icyphy/ptII/doc/test/../../doc; rm codeDoc/ptolemy/actor/lib/Ramp.xml codeDoc/ptolemy/actor/lib/RampIdx.xml; make docs)} {
Failed to find javadoc for ptolemy.actor.lib.ConfigurationSwitch} {
Failed to find source for ptolemy.actor.lib.ConfigurationSwitch} {
Failed to find ptdoc for ptolemy.domains.sdf.lib.CountTrues.  Try doing (cd /home/travis/build/icyphy/ptII/doc/test/../../doc; rm codeDoc/ptolemy/actor/lib/Ramp.xml codeDoc/ptolemy/actor/lib/RampIdx.xml; make docs)} {
Failed to find javadoc for ptolemy.domains.sdf.lib.CountTrues} {
Failed to find source for ptolemy.domains.sdf.lib.CountTrues} {
Failed to find ptdoc for ptolemy.domains.sdf.lib.Chop.  Try doing (cd /home/travis/build/icyphy/ptII/doc/test/../../doc; rm codeDoc/ptolemy/actor/lib/Ramp.xml codeDoc/ptolemy/actor/lib/RampIdx.xml; make docs)} {
Failed to find javadoc for ptolemy.domains.sdf.lib.Chop} {
Failed to find source for ptolemy.domains.sdf.lib.Chop} {
Failed to find ptdoc for ptolemy.actor.lib.Default.  Try doing (cd /home/travis/build/icyphy/ptII/doc/test/../../doc; rm codeDoc/ptolemy/actor/lib/Ramp.xml codeDoc/ptolemy/actor/lib/RampIdx.xml; make docs)} {
Failed to find javadoc for ptolemy.actor.lib.Default} {
Failed to find source for ptolemy.actor.lib.Default} {
Failed to find ptdoc for ptolemy.domains.sdf.lib.Repeat.  Try doing (cd /home/travis/build/icyphy/ptII/doc/test/../../doc; rm codeDoc/ptolemy/actor/lib/Ramp.xml codeDoc/ptolemy/actor/lib/RampIdx.xml; make docs)} {
Failed to find javadoc for ptolemy.domains.sdf.lib.Repeat} {
Failed to find source for ptolemy.domains.sdf.lib.Repeat} {
Failed to find ptdoc for ptolemy.domains.sdf.lib.SampleDelay.  Try doing (cd /home/travis/build/icyphy/ptII/doc/test/../../doc; rm codeDoc/ptolemy/actor/lib/Ramp.xml codeDoc/ptolemy/actor/lib/RampIdx.xml; make docs)} {
Failed to find javadoc for ptolemy.domains.sdf.lib.SampleDelay} {
Failed to find source for ptolemy.domains.sdf.lib.SampleDelay} {
Failed to find ptdoc for ptolemy.actor.lib.Sequencer.  Try doing (cd /home/travis/build/icyphy/ptII/doc/test/../../doc; rm codeDoc/ptolemy/actor/lib/Ramp.xml codeDoc/ptolemy/actor/lib/RampIdx.xml; make docs)} {
Failed to find javadoc for ptolemy.actor.lib.Sequencer} {
Failed to find source for ptolemy.actor.lib.Sequencer} {
Failed to find ptdoc for ptolemy.actor.lib.Exit.  Try doing (cd /home/travis/build/icyphy/ptII/doc/test/../../doc; rm codeDoc/ptolemy/actor/lib/Ramp.xml codeDoc/ptolemy/actor/lib/RampIdx.xml; make docs)} {
Failed to find javadoc for ptolemy.actor.lib.Exit} {
Failed to find source for ptolemy.actor.lib.Exit} {
Failed to find ptdoc for ptolemy.actor.lib.Stop.  Try doing (cd /home/travis/build/icyphy/ptII/doc/test/../../doc; rm codeDoc/ptolemy/actor/lib/Ramp.xml codeDoc/ptolemy/actor/lib/RampIdx.xml; make docs)} {
Failed to find javadoc for ptolemy.actor.lib.Stop} {
Failed to find source for ptolemy.actor.lib.Stop} {
Failed to find ptdoc for ptolemy.actor.lib.Pause.  Try doing (cd /home/travis/build/icyphy/ptII/doc/test/../../doc; rm codeDoc/ptolemy/actor/lib/Ramp.xml codeDoc/ptolemy/actor/lib/RampIdx.xml; make docs)} {
Failed to find javadoc for ptolemy.actor.lib.Pause} {
Failed to find source for ptolemy.actor.lib.Pause} {
Failed to find ptdoc for ptolemy.actor.lib.ThrowException.  Try doing (cd /home/travis/build/icyphy/ptII/doc/test/../../doc; rm codeDoc/ptolemy/actor/lib/Ramp.xml codeDoc/ptolemy/actor/lib/RampIdx.xml; make docs)} {
Failed to find javadoc for ptolemy.actor.lib.ThrowException} {
Failed to find source for ptolemy.actor.lib.ThrowException} {
Failed to find ptdoc for ptolemy.actor.lib.ThrowModelError.  Try doing (cd /home/travis/build/icyphy/ptII/doc/test/../../doc; rm codeDoc/ptolemy/actor/lib/Ramp.xml codeDoc/ptolemy/actor/lib/RampIdx.xml; make docs)} {
Failed to find javadoc for ptolemy.actor.lib.ThrowModelError} {
Failed to find source for ptolemy.actor.lib.ThrowModelError} {
Failed to find ptdoc for ptolemy.actor.lib.Dictionary.  Try doing (cd /home/travis/build/icyphy/ptII/doc/test/../../doc; rm codeDoc/ptolemy/actor/lib/Ramp.xml codeDoc/ptolemy/actor/lib/RampIdx.xml; make docs)} {
Failed to find javadoc for ptolemy.actor.lib.Dictionary} {
Failed to find source for ptolemy.actor.lib.Dictionary} {
Failed to find ptdoc for ptolemy.actor.lib.gui.ArrowKeySensor.  Try doing (cd /home/travis/build/icyphy/ptII/doc/test/../../doc; rm codeDoc/ptolemy/actor/lib/Ramp.xml codeDoc/ptolemy/actor/lib/RampIdx.xml; make docs)} {
Failed to find javadoc for ptolemy.actor.lib.gui.ArrowKeySensor} {
Failed to find source for ptolemy.actor.lib.gui.ArrowKeySensor} {
Failed to find ptdoc for ptolemy.actor.lib.io.CSVReader.  Try doing (cd /home/travis/build/icyphy/ptII/doc/test/../../doc; rm codeDoc/ptolemy/actor/lib/Ramp.xml codeDoc/ptolemy/actor/lib/RampIdx.xml; make docs)} {
Failed to find javadoc for ptolemy.actor.lib.io.CSVReader} {
Failed to find source for ptolemy.actor.lib.io.CSVReader} {
Failed to find ptdoc for ptolemy.actor.lib.io.CSVWriter.  Try doing (cd /home/travis/build/icyphy/ptII/doc/test/../../doc; rm codeDoc/ptolemy/actor/lib/Ramp.xml codeDoc/ptolemy/actor/lib/RampIdx.xml; make docs)} {
Failed to find javadoc for ptolemy.actor.lib.io.CSVWriter} {
Failed to find source for ptolemy.actor.lib.io.CSVWriter} {
Failed to find ptdoc for ptolemy.actor.lib.net.DatagramReader.  Try doing (cd /home/travis/build/icyphy/ptII/doc/test/../../doc; rm codeDoc/ptolemy/actor/lib/Ramp.xml codeDoc/ptolemy/actor/lib/RampIdx.xml; make docs)} {
Failed to find javadoc for ptolemy.actor.lib.net.DatagramReader} {
Failed to find source for ptolemy.actor.lib.net.DatagramReader} {
Failed to find ptdoc for ptolemy.actor.lib.net.DatagramWriter.  Try doing (cd /home/travis/build/icyphy/ptII/doc/test/../../doc; rm codeDoc/ptolemy/actor/lib/Ramp.xml codeDoc/ptolemy/actor/lib/RampIdx.xml; make docs)} {
Failed to find javadoc for ptolemy.actor.lib.net.DatagramWriter} {
Failed to find source for ptolemy.actor.lib.net.DatagramWriter} {
Failed to find ptdoc for ptolemy.actor.lib.io.DirectoryListing.  Try doing (cd /home/travis/build/icyphy/ptII/doc/test/../../doc; rm codeDoc/ptolemy/actor/lib/Ramp.xml codeDoc/ptolemy/actor/lib/RampIdx.xml; make docs)} {
Failed to find javadoc for ptolemy.actor.lib.io.DirectoryListing} {
Failed to find source for ptolemy.actor.lib.io.DirectoryListing} {
Failed to find ptdoc for ptolemy.actor.lib.io.FileReader.  Try doing (cd /home/travis/build/icyphy/ptII/doc/test/../../doc; rm codeDoc/ptolemy/actor/lib/Ramp.xml codeDoc/ptolemy/actor/lib/RampIdx.xml; make docs)} {
Failed to find javadoc for ptolemy.actor.lib.io.FileReader} {
Failed to find source for ptolemy.actor.lib.io.FileReader} {
Failed to find ptdoc for ptolemy.actor.lib.net.IPAddress.  Try doing (cd /home/travis/build/icyphy/ptII/doc/test/../../doc; rm codeDoc/ptolemy/actor/lib/Ramp.xml codeDoc/ptolemy/actor/lib/RampIdx.xml; make docs)} {
Failed to find javadoc for ptolemy.actor.lib.net.IPAddress} {
Failed to find source for ptolemy.actor.lib.net.IPAddress} {
Failed to find ptdoc for ptolemy.actor.lib.FileWriter.  Try doing (cd /home/travis/build/icyphy/ptII/doc/test/../../doc; rm codeDoc/ptolemy/actor/lib/Ramp.xml codeDoc/ptolemy/actor/lib/RampIdx.xml; make docs)} {
Failed to find javadoc for ptolemy.actor.lib.FileWriter} {
Failed to find source for ptolemy.actor.lib.FileWriter} {
Failed to find ptdoc for ptolemy.actor.lib.io.LineReader.  Try doing (cd /home/travis/build/icyphy/ptII/doc/test/../../doc; rm codeDoc/ptolemy/actor/lib/Ramp.xml codeDoc/ptolemy/actor/lib/RampIdx.xml; make docs)} {
Failed to find javadoc for ptolemy.actor.lib.io.LineReader} {
Failed to find source for ptolemy.actor.lib.io.LineReader} {
Failed to find ptdoc for ptolemy.actor.lib.io.LineWriter.  Try doing (cd /home/travis/build/icyphy/ptII/doc/test/../../doc; rm codeDoc/ptolemy/actor/lib/Ramp.xml codeDoc/ptolemy/actor/lib/RampIdx.xml; make docs)} {
Failed to find javadoc for ptolemy.actor.lib.io.LineWriter} {
Failed to find source for ptolemy.actor.lib.io.LineWriter} {
Failed to find ptdoc for ptolemy.actor.lib.logic.Comparator.  Try doing (cd /home/travis/build/icyphy/ptII/doc/test/../../doc; rm codeDoc/ptolemy/actor/lib/Ramp.xml codeDoc/ptolemy/actor/lib/RampIdx.xml; make docs)} {
Failed to find javadoc for ptolemy.actor.lib.logic.Comparator} {
Failed to find source for ptolemy.actor.lib.logic.Comparator} {
Failed to find ptdoc for ptolemy.actor.lib.logic.Equals.  Try doing (cd /home/travis/build/icyphy/ptII/doc/test/../../doc; rm codeDoc/ptolemy/actor/lib/Ramp.xml codeDoc/ptolemy/actor/lib/RampIdx.xml; make docs)} {
Failed to find javadoc for ptolemy.actor.lib.logic.Equals} {
Failed to find source for ptolemy.actor.lib.logic.Equals} {
Failed to find ptdoc for ptolemy.actor.lib.logic.IsPresent.  Try doing (cd /home/travis/build/icyphy/ptII/doc/test/../../doc; rm codeDoc/ptolemy/actor/lib/Ramp.xml codeDoc/ptolemy/actor/lib/RampIdx.xml; make docs)} {
Failed to find javadoc for ptolemy.actor.lib.logic.IsPresent} {
Failed to find source for ptolemy.actor.lib.logic.IsPresent} {
Failed to find ptdoc for ptolemy.actor.lib.logic.LogicalNot.  Try doing (cd /home/travis/build/icyphy/ptII/doc/test/../../doc; rm codeDoc/ptolemy/actor/lib/Ramp.xml codeDoc/ptolemy/actor/lib/RampIdx.xml; make docs)} {
Failed to find javadoc for ptolemy.actor.lib.logic.LogicalNot} {
Failed to find source for ptolemy.actor.lib.logic.LogicalNot} {
Failed to find ptdoc for ptolemy.actor.lib.logic.LogicGate.  Try doing (cd /home/travis/build/icyphy/ptII/doc/test/../../doc; rm codeDoc/ptolemy/actor/lib/Ramp.xml codeDoc/ptolemy/actor/lib/RampIdx.xml; make docs)} {
Failed to find javadoc for ptolemy.actor.lib.logic.LogicGate} {
Failed to find source for ptolemy.actor.lib.logic.LogicGate} {
Failed to find ptdoc for ptolemy.actor.lib.logic.TrueGate.  Try doing (cd /home/travis/build/icyphy/ptII/doc/test/../../doc; rm codeDoc/ptolemy/actor/lib/Ramp.xml codeDoc/ptolemy/actor/lib/RampIdx.xml; make docs)} {
Failed to find javadoc for ptolemy.actor.lib.logic.TrueGate} {
Failed to find source for ptolemy.actor.lib.logic.TrueGate} {
Failed to find ptdoc for ptolemy.actor.lib.AbsoluteValue.  Try doing (cd /home/travis/build/icyphy/ptII/doc/test/../../doc; rm codeDoc/ptolemy/actor/lib/Ramp.xml codeDoc/ptolemy/actor/lib/RampIdx.xml; make docs)} {
Failed to find javadoc for ptolemy.actor.lib.AbsoluteValue} {
Failed to find source for ptolemy.actor.lib.AbsoluteValue} {
Failed to find ptdoc for ptolemy.actor.lib.AddSubtract.  Try doing (cd /home/travis/build/icyphy/ptII/doc/test/../../doc; rm codeDoc/ptolemy/actor/lib/Ramp.xml codeDoc/ptolemy/actor/lib/RampIdx.xml; make docs)} {
Failed to find javadoc for ptolemy.actor.lib.AddSubtract} {
Failed to find source for ptolemy.actor.lib.AddSubtract} {
Failed to find ptdoc for ptolemy.actor.lib.Accumulator.  Try doing (cd /home/travis/build/icyphy/ptII/doc/test/../../doc; rm codeDoc/ptolemy/actor/lib/Ramp.xml codeDoc/ptolemy/actor/lib/RampIdx.xml; make docs)} {
Failed to find javadoc for ptolemy.actor.lib.Accumulator} {
Failed to find source for ptolemy.actor.lib.Accumulator} {
Failed to find ptdoc for ptolemy.actor.lib.Average.  Try doing (cd /home/travis/build/icyphy/ptII/doc/test/../../doc; rm codeDoc/ptolemy/actor/lib/Ramp.xml codeDoc/ptolemy/actor/lib/RampIdx.xml; make docs)} {
Failed to find javadoc for ptolemy.actor.lib.Average} {
Failed to find source for ptolemy.actor.lib.Average} {
Failed to find ptdoc for ptolemy.actor.lib.Counter.  Try doing (cd /home/travis/build/icyphy/ptII/doc/test/../../doc; rm codeDoc/ptolemy/actor/lib/Ramp.xml codeDoc/ptolemy/actor/lib/RampIdx.xml; make docs)} {
Failed to find javadoc for ptolemy.actor.lib.Counter} {
Failed to find source for ptolemy.actor.lib.Counter} {
Failed to find ptdoc for ptolemy.actor.lib.Differential.  Try doing (cd /home/travis/build/icyphy/ptII/doc/test/../../doc; rm codeDoc/ptolemy/actor/lib/Ramp.xml codeDoc/ptolemy/actor/lib/RampIdx.xml; make docs)} {
Failed to find javadoc for ptolemy.actor.lib.Differential} {
Failed to find source for ptolemy.actor.lib.Differential} {
Failed to find ptdoc for ptolemy.domains.sdf.lib.DotProduct.  Try doing (cd /home/travis/build/icyphy/ptII/doc/test/../../doc; rm codeDoc/ptolemy/actor/lib/Ramp.xml codeDoc/ptolemy/actor/lib/RampIdx.xml; make docs)} {
Failed to find javadoc for ptolemy.domains.sdf.lib.DotProduct} {
Failed to find source for ptolemy.domains.sdf.lib.DotProduct} {
Failed to find ptdoc for ptolemy.actor.lib.Expression.  Try doing (cd /home/travis/build/icyphy/ptII/doc/test/../../doc; rm codeDoc/ptolemy/actor/lib/Ramp.xml codeDoc/ptolemy/actor/lib/RampIdx.xml; make docs)} {
Failed to find javadoc for ptolemy.actor.lib.Expression} {
Failed to find source for ptolemy.actor.lib.Expression} {
Failed to find ptdoc for ptolemy.actor.lib.Limiter.  Try doing (cd /home/travis/build/icyphy/ptII/doc/test/../../doc; rm codeDoc/ptolemy/actor/lib/Ramp.xml codeDoc/ptolemy/actor/lib/RampIdx.xml; make docs)} {
Failed to find javadoc for ptolemy.actor.lib.Limiter} {
Failed to find source for ptolemy.actor.lib.Limiter} {
Failed to find ptdoc for ptolemy.actor.lib.LookupTable.  Try doing (cd /home/travis/build/icyphy/ptII/doc/test/../../doc; rm codeDoc/ptolemy/actor/lib/Ramp.xml codeDoc/ptolemy/actor/lib/RampIdx.xml; make docs)} {
Failed to find javadoc for ptolemy.actor.lib.LookupTable} {
Failed to find source for ptolemy.actor.lib.LookupTable} {
Failed to find ptdoc for ptolemy.actor.lib.Maximum.  Try doing (cd /home/travis/build/icyphy/ptII/doc/test/../../doc; rm codeDoc/ptolemy/actor/lib/Ramp.xml codeDoc/ptolemy/actor/lib/RampIdx.xml; make docs)} {
Failed to find javadoc for ptolemy.actor.lib.Maximum} {
Failed to find source for ptolemy.actor.lib.Maximum} {
Failed to find ptdoc for ptolemy.actor.lib.Minimum.  Try doing (cd /home/travis/build/icyphy/ptII/doc/test/../../doc; rm codeDoc/ptolemy/actor/lib/Ramp.xml codeDoc/ptolemy/actor/lib/RampIdx.xml; make docs)} {
Failed to find javadoc for ptolemy.actor.lib.Minimum} {
Failed to find source for ptolemy.actor.lib.Minimum} {
Failed to find ptdoc for ptolemy.actor.lib.MovingAverage.  Try doing (cd /home/travis/build/icyphy/ptII/doc/test/../../doc; rm codeDoc/ptolemy/actor/lib/Ramp.xml codeDoc/ptolemy/actor/lib/RampIdx.xml; make docs)} {
Failed to find javadoc for ptolemy.actor.lib.MovingAverage} {
Failed to find source for ptolemy.actor.lib.MovingAverage} {
Failed to find ptdoc for ptolemy.actor.lib.MultiplyDivide.  Try doing (cd /home/travis/build/icyphy/ptII/doc/test/../../doc; rm codeDoc/ptolemy/actor/lib/Ramp.xml codeDoc/ptolemy/actor/lib/RampIdx.xml; make docs)} {
Failed to find javadoc for ptolemy.actor.lib.MultiplyDivide} {
Failed to find source for ptolemy.actor.lib.MultiplyDivide} {
Failed to find ptdoc for ptolemy.actor.lib.Quantizer.  Try doing (cd /home/travis/build/icyphy/ptII/doc/test/../../doc; rm codeDoc/ptolemy/actor/lib/Ramp.xml codeDoc/ptolemy/actor/lib/RampIdx.xml; make docs)} {
Failed to find javadoc for ptolemy.actor.lib.Quantizer} {
Failed to find source for ptolemy.actor.lib.Quantizer} {
Failed to find ptdoc for ptolemy.actor.lib.Remainder.  Try doing (cd /home/travis/build/icyphy/ptII/doc/test/../../doc; rm codeDoc/ptolemy/actor/lib/Ramp.xml codeDoc/ptolemy/actor/lib/RampIdx.xml; make docs)} {
Failed to find javadoc for ptolemy.actor.lib.Remainder} {
Failed to find source for ptolemy.actor.lib.Remainder} {
Failed to find ptdoc for ptolemy.actor.lib.RunningMaximum.  Try doing (cd /home/travis/build/icyphy/ptII/doc/test/../../doc; rm codeDoc/ptolemy/actor/lib/Ramp.xml codeDoc/ptolemy/actor/lib/RampIdx.xml; make docs)} {
Failed to find javadoc for ptolemy.actor.lib.RunningMaximum} {
Failed to find source for ptolemy.actor.lib.RunningMaximum} {
Failed to find ptdoc for ptolemy.actor.lib.RunningMinimum.  Try doing (cd /home/travis/build/icyphy/ptII/doc/test/../../doc; rm codeDoc/ptolemy/actor/lib/Ramp.xml codeDoc/ptolemy/actor/lib/RampIdx.xml; make docs)} {
Failed to find javadoc for ptolemy.actor.lib.RunningMinimum} {
Failed to find source for ptolemy.actor.lib.RunningMinimum} {
Failed to find ptdoc for ptolemy.actor.lib.Scale.  Try doing (cd /home/travis/build/icyphy/ptII/doc/test/../../doc; rm codeDoc/ptolemy/actor/lib/Ramp.xml codeDoc/ptolemy/actor/lib/RampIdx.xml; make docs)} {
Failed to find javadoc for ptolemy.actor.lib.Scale} {
Failed to find source for ptolemy.actor.lib.Scale} {
Failed to find ptdoc for ptolemy.actor.lib.TrigFunction.  Try doing (cd /home/travis/build/icyphy/ptII/doc/test/../../doc; rm codeDoc/ptolemy/actor/lib/Ramp.xml codeDoc/ptolemy/actor/lib/RampIdx.xml; make docs)} {
Failed to find javadoc for ptolemy.actor.lib.TrigFunction} {
Failed to find source for ptolemy.actor.lib.TrigFunction} {
Failed to find ptdoc for ptolemy.actor.lib.UnaryMathFunction.  Try doing (cd /home/travis/build/icyphy/ptII/doc/test/../../doc; rm codeDoc/ptolemy/actor/lib/Ramp.xml codeDoc/ptolemy/actor/lib/RampIdx.xml; make docs)} {
Failed to find javadoc for ptolemy.actor.lib.UnaryMathFunction} {
Failed to find source for ptolemy.actor.lib.UnaryMathFunction} {
Failed to find ptdoc for ptolemy.actor.lib.ArrayToMatrix.  Try doing (cd /home/travis/build/icyphy/ptII/doc/test/../../doc; rm codeDoc/ptolemy/actor/lib/Ramp.xml codeDoc/ptolemy/actor/lib/RampIdx.xml; make docs)} {
Failed to find javadoc for ptolemy.actor.lib.ArrayToMatrix} {
Failed to find source for ptolemy.actor.lib.ArrayToMatrix} {
Failed to find ptdoc for ptolemy.domains.sdf.lib.MatrixJoin.  Try doing (cd /home/travis/build/icyphy/ptII/doc/test/../../doc; rm codeDoc/ptolemy/actor/lib/Ramp.xml codeDoc/ptolemy/actor/lib/RampIdx.xml; make docs)} {
Failed to find javadoc for ptolemy.domains.sdf.lib.MatrixJoin} {
Failed to find source for ptolemy.domains.sdf.lib.MatrixJoin} {
Failed to find ptdoc for ptolemy.domains.sdf.lib.MatrixSplit.  Try doing (cd /home/travis/build/icyphy/ptII/doc/test/../../doc; rm codeDoc/ptolemy/actor/lib/Ramp.xml codeDoc/ptolemy/actor/lib/RampIdx.xml; make docs)} {
Failed to find javadoc for ptolemy.domains.sdf.lib.MatrixSplit} {
Failed to find source for ptolemy.domains.sdf.lib.MatrixSplit} {
Failed to find ptdoc for ptolemy.actor.lib.MatrixToArray.  Try doing (cd /home/travis/build/icyphy/ptII/doc/test/../../doc; rm codeDoc/ptolemy/actor/lib/Ramp.xml codeDoc/ptolemy/actor/lib/RampIdx.xml; make docs)} {
Failed to find javadoc for ptolemy.actor.lib.MatrixToArray} {
Failed to find source for ptolemy.actor.lib.MatrixToArray} {
Failed to find ptdoc for ptolemy.domains.sdf.lib.MatrixToSequence.  Try doing (cd /home/travis/build/icyphy/ptII/doc/test/../../doc; rm codeDoc/ptolemy/actor/lib/Ramp.xml codeDoc/ptolemy/actor/lib/RampIdx.xml; make docs)} {
Failed to find javadoc for ptolemy.domains.sdf.lib.MatrixToSequence} {
Failed to find source for ptolemy.domains.sdf.lib.MatrixToSequence} {
Failed to find ptdoc for ptolemy.actor.lib.gui.MatrixViewer.  Try doing (cd /home/travis/build/icyphy/ptII/doc/test/../../doc; rm codeDoc/ptolemy/actor/lib/Ramp.xml codeDoc/ptolemy/actor/lib/RampIdx.xml; make docs)} {
Failed to find javadoc for ptolemy.actor.lib.gui.MatrixViewer} {
Failed to find source for ptolemy.actor.lib.gui.MatrixViewer} {
Failed to find ptdoc for ptolemy.domains.sdf.lib.SequenceToMatrix.  Try doing (cd /home/travis/build/icyphy/ptII/doc/test/../../doc; rm codeDoc/ptolemy/actor/lib/Ramp.xml codeDoc/ptolemy/actor/lib/RampIdx.xml; make docs)} {
Failed to find javadoc for ptolemy.domains.sdf.lib.SequenceToMatrix} {
Failed to find source for ptolemy.domains.sdf.lib.SequenceToMatrix} {
Failed to find ptdoc for ptolemy.actor.lib.SubMatrix.  Try doing (cd /home/travis/build/icyphy/ptII/doc/test/../../doc; rm codeDoc/ptolemy/actor/lib/Ramp.xml codeDoc/ptolemy/actor/lib/RampIdx.xml; make docs)} {
Failed to find javadoc for ptolemy.actor.lib.SubMatrix} {
Failed to find source for ptolemy.actor.lib.SubMatrix} {
Failed to find ptdoc for ptolemy.actor.lib.Bernoulli.  Try doing (cd /home/travis/build/icyphy/ptII/doc/test/../../doc; rm codeDoc/ptolemy/actor/lib/Ramp.xml codeDoc/ptolemy/actor/lib/RampIdx.xml; make docs)} {
Failed to find javadoc for ptolemy.actor.lib.Bernoulli} {
Failed to find source for ptolemy.actor.lib.Bernoulli} {
Failed to find ptdoc for ptolemy.actor.lib.DiscreteRandomSource.  Try doing (cd /home/travis/build/icyphy/ptII/doc/test/../../doc; rm codeDoc/ptolemy/actor/lib/Ramp.xml codeDoc/ptolemy/actor/lib/RampIdx.xml; make docs)} {
Failed to find javadoc for ptolemy.actor.lib.DiscreteRandomSource} {
Failed to find source for ptolemy.actor.lib.DiscreteRandomSource} {
Failed to find ptdoc for ptolemy.actor.lib.Gaussian.  Try doing (cd /home/travis/build/icyphy/ptII/doc/test/../../doc; rm codeDoc/ptolemy/actor/lib/Ramp.xml codeDoc/ptolemy/actor/lib/RampIdx.xml; make docs)} {
Failed to find javadoc for ptolemy.actor.lib.Gaussian} {
Failed to find source for ptolemy.actor.lib.Gaussian} {
Failed to find ptdoc for ptolemy.actor.lib.RandomInteger.  Try doing (cd /home/travis/build/icyphy/ptII/doc/test/../../doc; rm codeDoc/ptolemy/actor/lib/Ramp.xml codeDoc/ptolemy/actor/lib/RampIdx.xml; make docs)} {
Failed to find javadoc for ptolemy.actor.lib.RandomInteger} {
Failed to find source for ptolemy.actor.lib.RandomInteger} {
Failed to find ptdoc for ptolemy.actor.lib.Rician.  Try doing (cd /home/travis/build/icyphy/ptII/doc/test/../../doc; rm codeDoc/ptolemy/actor/lib/Ramp.xml codeDoc/ptolemy/actor/lib/RampIdx.xml; make docs)} {
Failed to find javadoc for ptolemy.actor.lib.Rician} {
Failed to find source for ptolemy.actor.lib.Rician} {
Failed to find ptdoc for ptolemy.actor.lib.Triangular.  Try doing (cd /home/travis/build/icyphy/ptII/doc/test/../../doc; rm codeDoc/ptolemy/actor/lib/Ramp.xml codeDoc/ptolemy/actor/lib/RampIdx.xml; make docs)} {
Failed to find javadoc for ptolemy.actor.lib.Triangular} {
Failed to find source for ptolemy.actor.lib.Triangular} {
Failed to find ptdoc for ptolemy.actor.lib.Uniform.  Try doing (cd /home/travis/build/icyphy/ptII/doc/test/../../doc; rm codeDoc/ptolemy/actor/lib/Ramp.xml codeDoc/ptolemy/actor/lib/RampIdx.xml; make docs)} {
Failed to find javadoc for ptolemy.actor.lib.Uniform} {
Failed to find source for ptolemy.actor.lib.Uniform} {
Failed to find ptdoc for ptolemy.actor.lib.colt.ColtBeta.  Try doing (cd /home/travis/build/icyphy/ptII/doc/test/../../doc; rm codeDoc/ptolemy/actor/lib/Ramp.xml codeDoc/ptolemy/actor/lib/RampIdx.xml; make docs)} {
Failed to find javadoc for ptolemy.actor.lib.colt.ColtBeta} {
Failed to find source for ptolemy.actor.lib.colt.ColtBeta} {
Failed to find ptdoc for ptolemy.actor.lib.colt.ColtBinomial.  Try doing (cd /home/travis/build/icyphy/ptII/doc/test/../../doc; rm codeDoc/ptolemy/actor/lib/Ramp.xml codeDoc/ptolemy/actor/lib/RampIdx.xml; make docs)} {
Failed to find javadoc for ptolemy.actor.lib.colt.ColtBinomial} {
Failed to find source for ptolemy.actor.lib.colt.ColtBinomial} {
Failed to find ptdoc for ptolemy.actor.lib.colt.ColtBinomialSelector.  Try doing (cd /home/travis/build/icyphy/ptII/doc/test/../../doc; rm codeDoc/ptolemy/actor/lib/Ramp.xml codeDoc/ptolemy/actor/lib/RampIdx.xml; make docs)} {
Failed to find javadoc for ptolemy.actor.lib.colt.ColtBinomialSelector} {
Failed to find source for ptolemy.actor.lib.colt.ColtBinomialSelector} {
Failed to find ptdoc for ptolemy.actor.lib.colt.ColtBreitWigner.  Try doing (cd /home/travis/build/icyphy/ptII/doc/test/../../doc; rm codeDoc/ptolemy/actor/lib/Ramp.xml codeDoc/ptolemy/actor/lib/RampIdx.xml; make docs)} {
Failed to find javadoc for ptolemy.actor.lib.colt.ColtBreitWigner} {
Failed to find source for ptolemy.actor.lib.colt.ColtBreitWigner} {
Failed to find ptdoc for ptolemy.actor.lib.colt.ColtChiSquare.  Try doing (cd /home/travis/build/icyphy/ptII/doc/test/../../doc; rm codeDoc/ptolemy/actor/lib/Ramp.xml codeDoc/ptolemy/actor/lib/RampIdx.xml; make docs)} {
Failed to find javadoc for ptolemy.actor.lib.colt.ColtChiSquare} {
Failed to find source for ptolemy.actor.lib.colt.ColtChiSquare} {
Failed to find ptdoc for ptolemy.actor.lib.colt.ColtExponential.  Try doing (cd /home/travis/build/icyphy/ptII/doc/test/../../doc; rm codeDoc/ptolemy/actor/lib/Ramp.xml codeDoc/ptolemy/actor/lib/RampIdx.xml; make docs)} {
Failed to find javadoc for ptolemy.actor.lib.colt.ColtExponential} {
Failed to find source for ptolemy.actor.lib.colt.ColtExponential} {
Failed to find ptdoc for ptolemy.actor.lib.colt.ColtExponentialPower.  Try doing (cd /home/travis/build/icyphy/ptII/doc/test/../../doc; rm codeDoc/ptolemy/actor/lib/Ramp.xml codeDoc/ptolemy/actor/lib/RampIdx.xml; make docs)} {
Failed to find javadoc for ptolemy.actor.lib.colt.ColtExponentialPower} {
Failed to find source for ptolemy.actor.lib.colt.ColtExponentialPower} {
Failed to find ptdoc for ptolemy.actor.lib.colt.ColtGamma.  Try doing (cd /home/travis/build/icyphy/ptII/doc/test/../../doc; rm codeDoc/ptolemy/actor/lib/Ramp.xml codeDoc/ptolemy/actor/lib/RampIdx.xml; make docs)} {
Failed to find javadoc for ptolemy.actor.lib.colt.ColtGamma} {
Failed to find source for ptolemy.actor.lib.colt.ColtGamma} {
Failed to find ptdoc for ptolemy.actor.lib.colt.ColtHyperGeometric.  Try doing (cd /home/travis/build/icyphy/ptII/doc/test/../../doc; rm codeDoc/ptolemy/actor/lib/Ramp.xml codeDoc/ptolemy/actor/lib/RampIdx.xml; make docs)} {
Failed to find javadoc for ptolemy.actor.lib.colt.ColtHyperGeometric} {
Failed to find source for ptolemy.actor.lib.colt.ColtHyperGeometric} {
Failed to find ptdoc for ptolemy.actor.lib.colt.ColtLogarithmic.  Try doing (cd /home/travis/build/icyphy/ptII/doc/test/../../doc; rm codeDoc/ptolemy/actor/lib/Ramp.xml codeDoc/ptolemy/actor/lib/RampIdx.xml; make docs)} {
Failed to find javadoc for ptolemy.actor.lib.colt.ColtLogarithmic} {
Failed to find source for ptolemy.actor.lib.colt.ColtLogarithmic} {
Failed to find ptdoc for ptolemy.actor.lib.colt.ColtNegativeBinomial.  Try doing (cd /home/travis/build/icyphy/ptII/doc/test/../../doc; rm codeDoc/ptolemy/actor/lib/Ramp.xml codeDoc/ptolemy/actor/lib/RampIdx.xml; make docs)} {
Failed to find javadoc for ptolemy.actor.lib.colt.ColtNegativeBinomial} {
Failed to find source for ptolemy.actor.lib.colt.ColtNegativeBinomial} {
Failed to find ptdoc for ptolemy.actor.lib.colt.ColtNormal.  Try doing (cd /home/travis/build/icyphy/ptII/doc/test/../../doc; rm codeDoc/ptolemy/actor/lib/Ramp.xml codeDoc/ptolemy/actor/lib/RampIdx.xml; make docs)} {
Failed to find javadoc for ptolemy.actor.lib.colt.ColtNormal} {
Failed to find source for ptolemy.actor.lib.colt.ColtNormal} {
Failed to find ptdoc for ptolemy.actor.lib.colt.ColtPoisson.  Try doing (cd /home/travis/build/icyphy/ptII/doc/test/../../doc; rm codeDoc/ptolemy/actor/lib/Ramp.xml codeDoc/ptolemy/actor/lib/RampIdx.xml; make docs)} {
Failed to find javadoc for ptolemy.actor.lib.colt.ColtPoisson} {
Failed to find source for ptolemy.actor.lib.colt.ColtPoisson} {
Failed to find ptdoc for ptolemy.actor.lib.colt.ColtPoissonSlow.  Try doing (cd /home/travis/build/icyphy/ptII/doc/test/../../doc; rm codeDoc/ptolemy/actor/lib/Ramp.xml codeDoc/ptolemy/actor/lib/RampIdx.xml; make docs)} {
Failed to find javadoc for ptolemy.actor.lib.colt.ColtPoissonSlow} {
Failed to find source for ptolemy.actor.lib.colt.ColtPoissonSlow} {
Failed to find ptdoc for ptolemy.actor.lib.colt.ColtStudentT.  Try doing (cd /home/travis/build/icyphy/ptII/doc/test/../../doc; rm codeDoc/ptolemy/actor/lib/Ramp.xml codeDoc/ptolemy/actor/lib/RampIdx.xml; make docs)} {
Failed to find javadoc for ptolemy.actor.lib.colt.ColtStudentT} {
Failed to find source for ptolemy.actor.lib.colt.ColtStudentT} {
Failed to find ptdoc for ptolemy.actor.lib.colt.ColtVonMises.  Try doing (cd /home/travis/build/icyphy/ptII/doc/test/../../doc; rm codeDoc/ptolemy/actor/lib/Ramp.xml codeDoc/ptolemy/actor/lib/RampIdx.xml; make docs)} {
Failed to find javadoc for ptolemy.actor.lib.colt.ColtVonMises} {
Failed to find source for ptolemy.actor.lib.colt.ColtVonMises} {
Failed to find ptdoc for ptolemy.actor.lib.colt.ColtZeta.  Try doing (cd /home/travis/build/icyphy/ptII/doc/test/../../doc; rm codeDoc/ptolemy/actor/lib/Ramp.xml codeDoc/ptolemy/actor/lib/RampIdx.xml; make docs)} {
Failed to find javadoc for ptolemy.actor.lib.colt.ColtZeta} {
Failed to find source for ptolemy.actor.lib.colt.ColtZeta} {
Failed to find ptdoc for ptolemy.actor.lib.DelayStart.  Try doing (cd /home/travis/build/icyphy/ptII/doc/test/../../doc; rm codeDoc/ptolemy/actor/lib/Ramp.xml codeDoc/ptolemy/actor/lib/RampIdx.xml; make docs)} {
Failed to find javadoc for ptolemy.actor.lib.DelayStart} {
Failed to find source for ptolemy.actor.lib.DelayStart} {
Failed to find ptdoc for ptolemy.actor.lib.ExecutionTime.  Try doing (cd /home/travis/build/icyphy/ptII/doc/test/../../doc; rm codeDoc/ptolemy/actor/lib/Ramp.xml codeDoc/ptolemy/actor/lib/RampIdx.xml; make docs)} {
Failed to find javadoc for ptolemy.actor.lib.ExecutionTime} {
Failed to find source for ptolemy.actor.lib.ExecutionTime} {
Failed to find ptdoc for ptolemy.actor.lib.gui.RealTimePlotter.  Try doing (cd /home/travis/build/icyphy/ptII/doc/test/../../doc; rm codeDoc/ptolemy/actor/lib/Ramp.xml codeDoc/ptolemy/actor/lib/RampIdx.xml; make docs)} {
Failed to find javadoc for ptolemy.actor.lib.gui.RealTimePlotter} {
Failed to find source for ptolemy.actor.lib.gui.RealTimePlotter} {
Failed to find ptdoc for ptolemy.actor.lib.Sleep.  Try doing (cd /home/travis/build/icyphy/ptII/doc/test/../../doc; rm codeDoc/ptolemy/actor/lib/Ramp.xml codeDoc/ptolemy/actor/lib/RampIdx.xml; make docs)} {
Failed to find javadoc for ptolemy.actor.lib.Sleep} {
Failed to find source for ptolemy.actor.lib.Sleep} {
Failed to find ptdoc for ptolemy.actor.lib.VariableSleep.  Try doing (cd /home/travis/build/icyphy/ptII/doc/test/../../doc; rm codeDoc/ptolemy/actor/lib/Ramp.xml codeDoc/ptolemy/actor/lib/RampIdx.xml; make docs)} {
Failed to find javadoc for ptolemy.actor.lib.VariableSleep} {
Failed to find source for ptolemy.actor.lib.VariableSleep} {
Failed to find ptdoc for ptolemy.actor.lib.WallClockTime.  Try doing (cd /home/travis/build/icyphy/ptII/doc/test/../../doc; rm codeDoc/ptolemy/actor/lib/Ramp.xml codeDoc/ptolemy/actor/lib/RampIdx.xml; make docs)} {
Failed to find javadoc for ptolemy.actor.lib.WallClockTime} {
Failed to find source for ptolemy.actor.lib.WallClockTime} {
Failed to find ptdoc for ptolemy.actor.lib.javasound.AudioCapture.  Try doing (cd /home/travis/build/icyphy/ptII/doc/test/../../doc; rm codeDoc/ptolemy/actor/lib/Ramp.xml codeDoc/ptolemy/actor/lib/RampIdx.xml; make docs)} {
Failed to find javadoc for ptolemy.actor.lib.javasound.AudioCapture} {
Failed to find source for ptolemy.actor.lib.javasound.AudioCapture} {
Failed to find ptdoc for ptolemy.actor.lib.javasound.AudioReader.  Try doing (cd /home/travis/build/icyphy/ptII/doc/test/../../doc; rm codeDoc/ptolemy/actor/lib/Ramp.xml codeDoc/ptolemy/actor/lib/RampIdx.xml; make docs)} {
Failed to find javadoc for ptolemy.actor.lib.javasound.AudioReader} {
Failed to find source for ptolemy.actor.lib.javasound.AudioReader} {
Failed to find ptdoc for ptolemy.actor.lib.javasound.AudioPlayer.  Try doing (cd /home/travis/build/icyphy/ptII/doc/test/../../doc; rm codeDoc/ptolemy/actor/lib/Ramp.xml codeDoc/ptolemy/actor/lib/RampIdx.xml; make docs)} {
Failed to find javadoc for ptolemy.actor.lib.javasound.AudioPlayer} {
Failed to find source for ptolemy.actor.lib.javasound.AudioPlayer} {
Failed to find ptdoc for ptolemy.actor.lib.javasound.AudioWriter.  Try doing (cd /home/travis/build/icyphy/ptII/doc/test/../../doc; rm codeDoc/ptolemy/actor/lib/Ramp.xml codeDoc/ptolemy/actor/lib/RampIdx.xml; make docs)} {
Failed to find javadoc for ptolemy.actor.lib.javasound.AudioWriter} {
Failed to find source for ptolemy.actor.lib.javasound.AudioWriter} {
Failed to find ptdoc for ptolemy.actor.lib.javasound.ClipPlayer.  Try doing (cd /home/travis/build/icyphy/ptII/doc/test/../../doc; rm codeDoc/ptolemy/actor/lib/Ramp.xml codeDoc/ptolemy/actor/lib/RampIdx.xml; make docs)} {
Failed to find javadoc for ptolemy.actor.lib.javasound.ClipPlayer} {
Failed to find source for ptolemy.actor.lib.javasound.ClipPlayer} {
Failed to find ptdoc for ptolemy.actor.lib.comm.ConvolutionalCoder.  Try doing (cd /home/travis/build/icyphy/ptII/doc/test/../../doc; rm codeDoc/ptolemy/actor/lib/Ramp.xml codeDoc/ptolemy/actor/lib/RampIdx.xml; make docs)} {
Failed to find javadoc for ptolemy.actor.lib.comm.ConvolutionalCoder} {
Failed to find source for ptolemy.actor.lib.comm.ConvolutionalCoder} {
Failed to find ptdoc for ptolemy.actor.lib.comm.DeScrambler.  Try doing (cd /home/travis/build/icyphy/ptII/doc/test/../../doc; rm codeDoc/ptolemy/actor/lib/Ramp.xml codeDoc/ptolemy/actor/lib/RampIdx.xml; make docs)} {
Failed to find javadoc for ptolemy.actor.lib.comm.DeScrambler} {
Failed to find source for ptolemy.actor.lib.comm.DeScrambler} {
Failed to find ptdoc for ptolemy.actor.lib.comm.HadamardCode.  Try doing (cd /home/travis/build/icyphy/ptII/doc/test/../../doc; rm codeDoc/ptolemy/actor/lib/Ramp.xml codeDoc/ptolemy/actor/lib/RampIdx.xml; make docs)} {
Failed to find javadoc for ptolemy.actor.lib.comm.HadamardCode} {
Failed to find source for ptolemy.actor.lib.comm.HadamardCode} {
Failed to find ptdoc for ptolemy.actor.lib.comm.HammingCoder.  Try doing (cd /home/travis/build/icyphy/ptII/doc/test/../../doc; rm codeDoc/ptolemy/actor/lib/Ramp.xml codeDoc/ptolemy/actor/lib/RampIdx.xml; make docs)} {
Failed to find javadoc for ptolemy.actor.lib.comm.HammingCoder} {
Failed to find source for ptolemy.actor.lib.comm.HammingCoder} {
Failed to find ptdoc for ptolemy.actor.lib.comm.HammingDecoder.  Try doing (cd /home/travis/build/icyphy/ptII/doc/test/../../doc; rm codeDoc/ptolemy/actor/lib/Ramp.xml codeDoc/ptolemy/actor/lib/RampIdx.xml; make docs)} {
Failed to find javadoc for ptolemy.actor.lib.comm.HammingDecoder} {
Failed to find source for ptolemy.actor.lib.comm.HammingDecoder} {
Failed to find ptdoc for ptolemy.actor.lib.comm.HuffmanCoder.  Try doing (cd /home/travis/build/icyphy/ptII/doc/test/../../doc; rm codeDoc/ptolemy/actor/lib/Ramp.xml codeDoc/ptolemy/actor/lib/RampIdx.xml; make docs)} {
Failed to find javadoc for ptolemy.actor.lib.comm.HuffmanCoder} {
Failed to find source for ptolemy.actor.lib.comm.HuffmanCoder} {
Failed to find ptdoc for ptolemy.actor.lib.comm.HuffmanDecoder.  Try doing (cd /home/travis/build/icyphy/ptII/doc/test/../../doc; rm codeDoc/ptolemy/actor/lib/Ramp.xml codeDoc/ptolemy/actor/lib/RampIdx.xml; make docs)} {
Failed to find javadoc for ptolemy.actor.lib.comm.HuffmanDecoder} {
Failed to find source for ptolemy.actor.lib.comm.HuffmanDecoder} {
Failed to find ptdoc for ptolemy.actor.lib.comm.LempelZivCoder.  Try doing (cd /home/travis/build/icyphy/ptII/doc/test/../../doc; rm codeDoc/ptolemy/actor/lib/Ramp.xml codeDoc/ptolemy/actor/lib/RampIdx.xml; make docs)} {
Failed to find javadoc for ptolemy.actor.lib.comm.LempelZivCoder} {
Failed to find source for ptolemy.actor.lib.comm.LempelZivCoder} {
Failed to find ptdoc for ptolemy.actor.lib.comm.LempelZivDecoder.  Try doing (cd /home/travis/build/icyphy/ptII/doc/test/../../doc; rm codeDoc/ptolemy/actor/lib/Ramp.xml codeDoc/ptolemy/actor/lib/RampIdx.xml; make docs)} {
Failed to find javadoc for ptolemy.actor.lib.comm.LempelZivDecoder} {
Failed to find source for ptolemy.actor.lib.comm.LempelZivDecoder} {
Failed to find ptdoc for ptolemy.domains.sdf.lib.LineCoder.  Try doing (cd /home/travis/build/icyphy/ptII/doc/test/../../doc; rm codeDoc/ptolemy/actor/lib/Ramp.xml codeDoc/ptolemy/actor/lib/RampIdx.xml; make docs)} {
Failed to find javadoc for ptolemy.domains.sdf.lib.LineCoder} {
Failed to find source for ptolemy.domains.sdf.lib.LineCoder} {
Failed to find ptdoc for ptolemy.domains.sdf.lib.LMSAdaptive.  Try doing (cd /home/travis/build/icyphy/ptII/doc/test/../../doc; rm codeDoc/ptolemy/actor/lib/Ramp.xml codeDoc/ptolemy/actor/lib/RampIdx.xml; make docs)} {
Failed to find javadoc for ptolemy.domains.sdf.lib.LMSAdaptive} {
Failed to find source for ptolemy.domains.sdf.lib.LMSAdaptive} {
Failed to find ptdoc for ptolemy.domains.sdf.lib.RaisedCosine.  Try doing (cd /home/travis/build/icyphy/ptII/doc/test/../../doc; rm codeDoc/ptolemy/actor/lib/Ramp.xml codeDoc/ptolemy/actor/lib/RampIdx.xml; make docs)} {
Failed to find javadoc for ptolemy.domains.sdf.lib.RaisedCosine} {
Failed to find source for ptolemy.domains.sdf.lib.RaisedCosine} {
Failed to find ptdoc for ptolemy.actor.lib.comm.Scrambler.  Try doing (cd /home/travis/build/icyphy/ptII/doc/test/../../doc; rm codeDoc/ptolemy/actor/lib/Ramp.xml codeDoc/ptolemy/actor/lib/RampIdx.xml; make docs)} {
Failed to find javadoc for ptolemy.actor.lib.comm.Scrambler} {
Failed to find source for ptolemy.actor.lib.comm.Scrambler} {
Failed to find ptdoc for ptolemy.actor.lib.comm.Slicer.  Try doing (cd /home/travis/build/icyphy/ptII/doc/test/../../doc; rm codeDoc/ptolemy/actor/lib/Ramp.xml codeDoc/ptolemy/actor/lib/RampIdx.xml; make docs)} {
Failed to find javadoc for ptolemy.actor.lib.comm.Slicer} {
Failed to find source for ptolemy.actor.lib.comm.Slicer} {
Failed to find ptdoc for ptolemy.actor.lib.comm.TrellisDecoder.  Try doing (cd /home/travis/build/icyphy/ptII/doc/test/../../doc; rm codeDoc/ptolemy/actor/lib/Ramp.xml codeDoc/ptolemy/actor/lib/RampIdx.xml; make docs)} {
Failed to find javadoc for ptolemy.actor.lib.comm.TrellisDecoder} {
Failed to find source for ptolemy.actor.lib.comm.TrellisDecoder} {
Failed to find ptdoc for ptolemy.actor.lib.comm.ViterbiDecoder.  Try doing (cd /home/travis/build/icyphy/ptII/doc/test/../../doc; rm codeDoc/ptolemy/actor/lib/Ramp.xml codeDoc/ptolemy/actor/lib/RampIdx.xml; make docs)} {
Failed to find javadoc for ptolemy.actor.lib.comm.ViterbiDecoder} {
Failed to find source for ptolemy.actor.lib.comm.ViterbiDecoder} {
Failed to find ptdoc for ptolemy.domains.sdf.lib.DelayLine.  Try doing (cd /home/travis/build/icyphy/ptII/doc/test/../../doc; rm codeDoc/ptolemy/actor/lib/Ramp.xml codeDoc/ptolemy/actor/lib/RampIdx.xml; make docs)} {
Failed to find javadoc for ptolemy.domains.sdf.lib.DelayLine} {
Failed to find source for ptolemy.domains.sdf.lib.DelayLine} {
Failed to find ptdoc for ptolemy.domains.sdf.lib.DownSample.  Try doing (cd /home/travis/build/icyphy/ptII/doc/test/../../doc; rm codeDoc/ptolemy/actor/lib/Ramp.xml codeDoc/ptolemy/actor/lib/RampIdx.xml; make docs)} {
Failed to find javadoc for ptolemy.domains.sdf.lib.DownSample} {
Failed to find source for ptolemy.domains.sdf.lib.DownSample} {
Failed to find ptdoc for ptolemy.domains.sdf.lib.FIR.  Try doing (cd /home/travis/build/icyphy/ptII/doc/test/../../doc; rm codeDoc/ptolemy/actor/lib/Ramp.xml codeDoc/ptolemy/actor/lib/RampIdx.xml; make docs)} {
Failed to find javadoc for ptolemy.domains.sdf.lib.FIR} {
Failed to find source for ptolemy.domains.sdf.lib.FIR} {
Failed to find ptdoc for ptolemy.actor.lib.GradientAdaptiveLattice.  Try doing (cd /home/travis/build/icyphy/ptII/doc/test/../../doc; rm codeDoc/ptolemy/actor/lib/Ramp.xml codeDoc/ptolemy/actor/lib/RampIdx.xml; make docs)} {
Failed to find javadoc for ptolemy.actor.lib.GradientAdaptiveLattice} {
Failed to find source for ptolemy.actor.lib.GradientAdaptiveLattice} {
Failed to find ptdoc for ptolemy.actor.lib.IIR.  Try doing (cd /home/travis/build/icyphy/ptII/doc/test/../../doc; rm codeDoc/ptolemy/actor/lib/Ramp.xml codeDoc/ptolemy/actor/lib/RampIdx.xml; make docs)} {
Failed to find javadoc for ptolemy.actor.lib.IIR} {
Failed to find source for ptolemy.actor.lib.IIR} {
Failed to find ptdoc for ptolemy.actor.lib.Lattice.  Try doing (cd /home/travis/build/icyphy/ptII/doc/test/../../doc; rm codeDoc/ptolemy/actor/lib/Ramp.xml codeDoc/ptolemy/actor/lib/RampIdx.xml; make docs)} {
Failed to find javadoc for ptolemy.actor.lib.Lattice} {
Failed to find source for ptolemy.actor.lib.Lattice} {
Failed to find ptdoc for ptolemy.actor.lib.LinearDifferenceEquationSystem.  Try doing (cd /home/travis/build/icyphy/ptII/doc/test/../../doc; rm codeDoc/ptolemy/actor/lib/Ramp.xml codeDoc/ptolemy/actor/lib/RampIdx.xml; make docs)} {
Failed to find javadoc for ptolemy.actor.lib.LinearDifferenceEquationSystem} {
Failed to find source for ptolemy.actor.lib.LinearDifferenceEquationSystem} {
Failed to find ptdoc for ptolemy.domains.sdf.lib.LMSAdaptive.  Try doing (cd /home/travis/build/icyphy/ptII/doc/test/../../doc; rm codeDoc/ptolemy/actor/lib/Ramp.xml codeDoc/ptolemy/actor/lib/RampIdx.xml; make docs)} {
Failed to find javadoc for ptolemy.domains.sdf.lib.LMSAdaptive} {
Failed to find source for ptolemy.domains.sdf.lib.LMSAdaptive} {
Failed to find ptdoc for ptolemy.actor.lib.RecursiveLattice.  Try doing (cd /home/travis/build/icyphy/ptII/doc/test/../../doc; rm codeDoc/ptolemy/actor/lib/Ramp.xml codeDoc/ptolemy/actor/lib/RampIdx.xml; make docs)} {
Failed to find javadoc for ptolemy.actor.lib.RecursiveLattice} {
Failed to find source for ptolemy.actor.lib.RecursiveLattice} {
Failed to find ptdoc for ptolemy.domains.sdf.lib.UpSample.  Try doing (cd /home/travis/build/icyphy/ptII/doc/test/../../doc; rm codeDoc/ptolemy/actor/lib/Ramp.xml codeDoc/ptolemy/actor/lib/RampIdx.xml; make docs)} {
Failed to find javadoc for ptolemy.domains.sdf.lib.UpSample} {
Failed to find source for ptolemy.domains.sdf.lib.UpSample} {
Failed to find ptdoc for ptolemy.domains.sdf.lib.VariableFIR.  Try doing (cd /home/travis/build/icyphy/ptII/doc/test/../../doc; rm codeDoc/ptolemy/actor/lib/Ramp.xml codeDoc/ptolemy/actor/lib/RampIdx.xml; make docs)} {
Failed to find javadoc for ptolemy.domains.sdf.lib.VariableFIR} {
Failed to find source for ptolemy.domains.sdf.lib.VariableFIR} {
Failed to find ptdoc for ptolemy.domains.sdf.lib.VariableLattice.  Try doing (cd /home/travis/build/icyphy/ptII/doc/test/../../doc; rm codeDoc/ptolemy/actor/lib/Ramp.xml codeDoc/ptolemy/actor/lib/RampIdx.xml; make docs)} {
Failed to find javadoc for ptolemy.domains.sdf.lib.VariableLattice} {
Failed to find source for ptolemy.domains.sdf.lib.VariableLattice} {
Failed to find ptdoc for ptolemy.domains.sdf.lib.VariableRecursiveLattice.  Try doing (cd /home/travis/build/icyphy/ptII/doc/test/../../doc; rm codeDoc/ptolemy/actor/lib/Ramp.xml codeDoc/ptolemy/actor/lib/RampIdx.xml; make docs)} {
Failed to find javadoc for ptolemy.domains.sdf.lib.VariableRecursiveLattice} {
Failed to find source for ptolemy.domains.sdf.lib.VariableRecursiveLattice} {
Failed to find ptdoc for ptolemy.actor.lib.DB.  Try doing (cd /home/travis/build/icyphy/ptII/doc/test/../../doc; rm codeDoc/ptolemy/actor/lib/Ramp.xml codeDoc/ptolemy/actor/lib/RampIdx.xml; make docs)} {
Failed to find javadoc for ptolemy.actor.lib.DB} {
Failed to find source for ptolemy.actor.lib.DB} {
Failed to find ptdoc for ptolemy.domains.sdf.lib.FFT.  Try doing (cd /home/travis/build/icyphy/ptII/doc/test/../../doc; rm codeDoc/ptolemy/actor/lib/Ramp.xml codeDoc/ptolemy/actor/lib/RampIdx.xml; make docs)} {
Failed to find javadoc for ptolemy.domains.sdf.lib.FFT} {
Failed to find source for ptolemy.domains.sdf.lib.FFT} {
Failed to find ptdoc for ptolemy.domains.sdf.lib.IFFT.  Try doing (cd /home/travis/build/icyphy/ptII/doc/test/../../doc; rm codeDoc/ptolemy/actor/lib/Ramp.xml codeDoc/ptolemy/actor/lib/RampIdx.xml; make docs)} {
Failed to find javadoc for ptolemy.domains.sdf.lib.IFFT} {
Failed to find source for ptolemy.domains.sdf.lib.IFFT} {
Failed to find ptdoc for ptolemy.actor.lib.LevinsonDurbin.  Try doing (cd /home/travis/build/icyphy/ptII/doc/test/../../doc; rm codeDoc/ptolemy/actor/lib/Ramp.xml codeDoc/ptolemy/actor/lib/RampIdx.xml; make docs)} {
Failed to find javadoc for ptolemy.actor.lib.LevinsonDurbin} {
Failed to find source for ptolemy.actor.lib.LevinsonDurbin} {
Failed to find ptdoc for ptolemy.actor.lib.PhaseUnwrap.  Try doing (cd /home/travis/build/icyphy/ptII/doc/test/../../doc; rm codeDoc/ptolemy/actor/lib/Ramp.xml codeDoc/ptolemy/actor/lib/RampIdx.xml; make docs)} {
Failed to find javadoc for ptolemy.actor.lib.PhaseUnwrap} {
Failed to find source for ptolemy.actor.lib.PhaseUnwrap} {
Failed to find ptdoc for ptolemy.domains.sdf.lib.Autocorrelation.  Try doing (cd /home/travis/build/icyphy/ptII/doc/test/../../doc; rm codeDoc/ptolemy/actor/lib/Ramp.xml codeDoc/ptolemy/actor/lib/RampIdx.xml; make docs)} {
Failed to find javadoc for ptolemy.domains.sdf.lib.Autocorrelation} {
Failed to find source for ptolemy.domains.sdf.lib.Autocorrelation} {
Failed to find ptdoc for ptolemy.actor.lib.ComputeHistogram.  Try doing (cd /home/travis/build/icyphy/ptII/doc/test/../../doc; rm codeDoc/ptolemy/actor/lib/Ramp.xml codeDoc/ptolemy/actor/lib/RampIdx.xml; make docs)} {
Failed to find javadoc for ptolemy.actor.lib.ComputeHistogram} {
Failed to find source for ptolemy.actor.lib.ComputeHistogram} {
Failed to find ptdoc for ptolemy.actor.lib.IIR.  Try doing (cd /home/travis/build/icyphy/ptII/doc/test/../../doc; rm codeDoc/ptolemy/actor/lib/Ramp.xml codeDoc/ptolemy/actor/lib/RampIdx.xml; make docs)} {
Failed to find javadoc for ptolemy.actor.lib.IIR} {
Failed to find source for ptolemy.actor.lib.IIR} {
Failed to find ptdoc for ptolemy.actor.lib.DB.  Try doing (cd /home/travis/build/icyphy/ptII/doc/test/../../doc; rm codeDoc/ptolemy/actor/lib/Ramp.xml codeDoc/ptolemy/actor/lib/RampIdx.xml; make docs)} {
Failed to find javadoc for ptolemy.actor.lib.DB} {
Failed to find source for ptolemy.actor.lib.DB} {
Failed to find ptdoc for ptolemy.actor.lib.Scale.  Try doing (cd /home/travis/build/icyphy/ptII/doc/test/../../doc; rm codeDoc/ptolemy/actor/lib/Ramp.xml codeDoc/ptolemy/actor/lib/RampIdx.xml; make docs)} {
Failed to find javadoc for ptolemy.actor.lib.Scale} {
Failed to find source for ptolemy.actor.lib.Scale} {
Failed to find ptdoc for ptolemy.actor.lib.MathFunction.  Try doing (cd /home/travis/build/icyphy/ptII/doc/test/../../doc; rm codeDoc/ptolemy/actor/lib/Ramp.xml codeDoc/ptolemy/actor/lib/RampIdx.xml; make docs)} {
Failed to find javadoc for ptolemy.actor.lib.MathFunction} {
Failed to find source for ptolemy.actor.lib.MathFunction} {
Failed to find ptdoc for ptolemy.actor.lib.string.StringCompare.  Try doing (cd /home/travis/build/icyphy/ptII/doc/test/../../doc; rm codeDoc/ptolemy/actor/lib/Ramp.xml codeDoc/ptolemy/actor/lib/RampIdx.xml; make docs)} {
Failed to find javadoc for ptolemy.actor.lib.string.StringCompare} {
Failed to find source for ptolemy.actor.lib.string.StringCompare} {
Failed to find ptdoc for ptolemy.actor.lib.string.StringFunction.  Try doing (cd /home/travis/build/icyphy/ptII/doc/test/../../doc; rm codeDoc/ptolemy/actor/lib/Ramp.xml codeDoc/ptolemy/actor/lib/RampIdx.xml; make docs)} {
Failed to find javadoc for ptolemy.actor.lib.string.StringFunction} {
Failed to find source for ptolemy.actor.lib.string.StringFunction} {
Failed to find ptdoc for ptolemy.actor.lib.string.StringIndexOf.  Try doing (cd /home/travis/build/icyphy/ptII/doc/test/../../doc; rm codeDoc/ptolemy/actor/lib/Ramp.xml codeDoc/ptolemy/actor/lib/RampIdx.xml; make docs)} {
Failed to find javadoc for ptolemy.actor.lib.string.StringIndexOf} {
Failed to find source for ptolemy.actor.lib.string.StringIndexOf} {
Failed to find ptdoc for ptolemy.actor.lib.string.StringLength.  Try doing (cd /home/travis/build/icyphy/ptII/doc/test/../../doc; rm codeDoc/ptolemy/actor/lib/Ramp.xml codeDoc/ptolemy/actor/lib/RampIdx.xml; make docs)} {
Failed to find javadoc for ptolemy.actor.lib.string.StringLength} {
Failed to find source for ptolemy.actor.lib.string.StringLength} {
Failed to find ptdoc for ptolemy.actor.lib.string.StringMatches.  Try doing (cd /home/travis/build/icyphy/ptII/doc/test/../../doc; rm codeDoc/ptolemy/actor/lib/Ramp.xml codeDoc/ptolemy/actor/lib/RampIdx.xml; make docs)} {
Failed to find javadoc for ptolemy.actor.lib.string.StringMatches} {
Failed to find source for ptolemy.actor.lib.string.StringMatches} {
Failed to find ptdoc for ptolemy.actor.lib.string.StringReplace.  Try doing (cd /home/travis/build/icyphy/ptII/doc/test/../../doc; rm codeDoc/ptolemy/actor/lib/Ramp.xml codeDoc/ptolemy/actor/lib/RampIdx.xml; make docs)} {
Failed to find javadoc for ptolemy.actor.lib.string.StringReplace} {
Failed to find source for ptolemy.actor.lib.string.StringReplace} {
Failed to find ptdoc for ptolemy.actor.lib.string.StringSplit.  Try doing (cd /home/travis/build/icyphy/ptII/doc/test/../../doc; rm codeDoc/ptolemy/actor/lib/Ramp.xml codeDoc/ptolemy/actor/lib/RampIdx.xml; make docs)} {
Failed to find javadoc for ptolemy.actor.lib.string.StringSplit} {
Failed to find source for ptolemy.actor.lib.string.StringSplit} {
Failed to find ptdoc for ptolemy.actor.lib.string.StringSubstring.  Try doing (cd /home/travis/build/icyphy/ptII/doc/test/../../doc; rm codeDoc/ptolemy/actor/lib/Ramp.xml codeDoc/ptolemy/actor/lib/RampIdx.xml; make docs)} {
Failed to find javadoc for ptolemy.actor.lib.string.StringSubstring} {
Failed to find source for ptolemy.actor.lib.string.StringSubstring} {
Failed to find ptdoc for ptolemy.actor.lib.DiscreteClock.  Try doing (cd /home/travis/build/icyphy/ptII/doc/test/../../doc; rm codeDoc/ptolemy/actor/lib/Ramp.xml codeDoc/ptolemy/actor/lib/RampIdx.xml; make docs)} {
Failed to find javadoc for ptolemy.actor.lib.DiscreteClock} {
Failed to find source for ptolemy.actor.lib.DiscreteClock} {
Failed to find ptdoc for ptolemy.domains.continuous.lib.ZeroOrderHold.  Try doing (cd /home/travis/build/icyphy/ptII/doc/test/../../doc; rm codeDoc/ptolemy/actor/lib/Ramp.xml codeDoc/ptolemy/actor/lib/RampIdx.xml; make docs)} {
Failed to find javadoc for ptolemy.domains.continuous.lib.ZeroOrderHold} {
Failed to find source for ptolemy.domains.continuous.lib.ZeroOrderHold} {
Failed to find ptdoc for ptolemy.actor.lib.DiscreteClock.  Try doing (cd /home/travis/build/icyphy/ptII/doc/test/../../doc; rm codeDoc/ptolemy/actor/lib/Ramp.xml codeDoc/ptolemy/actor/lib/RampIdx.xml; make docs)} {
Failed to find javadoc for ptolemy.actor.lib.DiscreteClock} {
Failed to find source for ptolemy.actor.lib.DiscreteClock} {
Failed to find ptdoc for ptolemy.actor.lib.SingleEvent.  Try doing (cd /home/travis/build/icyphy/ptII/doc/test/../../doc; rm codeDoc/ptolemy/actor/lib/Ramp.xml codeDoc/ptolemy/actor/lib/RampIdx.xml; make docs)} {
Failed to find javadoc for ptolemy.actor.lib.SingleEvent} {
Failed to find source for ptolemy.actor.lib.SingleEvent} {
Failed to find ptdoc for ptolemy.domains.continuous.lib.Waveform.  Try doing (cd /home/travis/build/icyphy/ptII/doc/test/../../doc; rm codeDoc/ptolemy/actor/lib/Ramp.xml codeDoc/ptolemy/actor/lib/RampIdx.xml; make docs)} {
Failed to find javadoc for ptolemy.domains.continuous.lib.Waveform} {
Failed to find source for ptolemy.domains.continuous.lib.Waveform} {
Failed to find ptdoc for ptolemy.domains.continuous.lib.LevelCrossingDetector.  Try doing (cd /home/travis/build/icyphy/ptII/doc/test/../../doc; rm codeDoc/ptolemy/actor/lib/Ramp.xml codeDoc/ptolemy/actor/lib/RampIdx.xml; make docs)} {
Failed to find javadoc for ptolemy.domains.continuous.lib.LevelCrossingDetector} {
Failed to find source for ptolemy.domains.continuous.lib.LevelCrossingDetector} {
Failed to find ptdoc for ptolemy.domains.continuous.lib.PeriodicSampler.  Try doing (cd /home/travis/build/icyphy/ptII/doc/test/../../doc; rm codeDoc/ptolemy/actor/lib/Ramp.xml codeDoc/ptolemy/actor/lib/RampIdx.xml; make docs)} {
Failed to find javadoc for ptolemy.domains.continuous.lib.PeriodicSampler} {
Failed to find source for ptolemy.domains.continuous.lib.PeriodicSampler} {
Failed to find ptdoc for ptolemy.actor.lib.Sampler.  Try doing (cd /home/travis/build/icyphy/ptII/doc/test/../../doc; rm codeDoc/ptolemy/actor/lib/Ramp.xml codeDoc/ptolemy/actor/lib/RampIdx.xml; make docs)} {
Failed to find javadoc for ptolemy.actor.lib.Sampler} {
Failed to find source for ptolemy.actor.lib.Sampler} {
Failed to find ptdoc for ptolemy.domains.continuous.lib.ZeroOrderHold.  Try doing (cd /home/travis/build/icyphy/ptII/doc/test/../../doc; rm codeDoc/ptolemy/actor/lib/Ramp.xml codeDoc/ptolemy/actor/lib/RampIdx.xml; make docs)} {
Failed to find javadoc for ptolemy.domains.continuous.lib.ZeroOrderHold} {
Failed to find source for ptolemy.domains.continuous.lib.ZeroOrderHold} {
Failed to find ptdoc for ptolemy.actor.lib.Scale.  Try doing (cd /home/travis/build/icyphy/ptII/doc/test/../../doc; rm codeDoc/ptolemy/actor/lib/Ramp.xml codeDoc/ptolemy/actor/lib/RampIdx.xml; make docs)} {
Failed to find javadoc for ptolemy.actor.lib.Scale} {
Failed to find source for ptolemy.actor.lib.Scale} {
Failed to find ptdoc for ptolemy.actor.lib.AddSubtract.  Try doing (cd /home/travis/build/icyphy/ptII/doc/test/../../doc; rm codeDoc/ptolemy/actor/lib/Ramp.xml codeDoc/ptolemy/actor/lib/RampIdx.xml; make docs)} {
Failed to find javadoc for ptolemy.actor.lib.AddSubtract} {
Failed to find source for ptolemy.actor.lib.AddSubtract} {
Failed to find ptdoc for ptolemy.actor.lib.Scale.  Try doing (cd /home/travis/build/icyphy/ptII/doc/test/../../doc; rm codeDoc/ptolemy/actor/lib/Ramp.xml codeDoc/ptolemy/actor/lib/RampIdx.xml; make docs)} {
Failed to find javadoc for ptolemy.actor.lib.Scale} {
Failed to find source for ptolemy.actor.lib.Scale} {
Failed to find ptdoc for ptolemy.actor.lib.AddSubtract.  Try doing (cd /home/travis/build/icyphy/ptII/doc/test/../../doc; rm codeDoc/ptolemy/actor/lib/Ramp.xml codeDoc/ptolemy/actor/lib/RampIdx.xml; make docs)} {
Failed to find javadoc for ptolemy.actor.lib.AddSubtract} {
Failed to find source for ptolemy.actor.lib.AddSubtract} {
Failed to find ptdoc for ptolemy.domains.continuous.lib.Integrator.  Try doing (cd /home/travis/build/icyphy/ptII/doc/test/../../doc; rm codeDoc/ptolemy/actor/lib/Ramp.xml codeDoc/ptolemy/actor/lib/RampIdx.xml; make docs)} {
Failed to find javadoc for ptolemy.domains.continuous.lib.Integrator} {
Failed to find source for ptolemy.domains.continuous.lib.Integrator} {
Failed to find ptdoc for ptolemy.actor.lib.Scale.  Try doing (cd /home/travis/build/icyphy/ptII/doc/test/../../doc; rm codeDoc/ptolemy/actor/lib/Ramp.xml codeDoc/ptolemy/actor/lib/RampIdx.xml; make docs)} {
Failed to find javadoc for ptolemy.actor.lib.Scale} {
Failed to find source for ptolemy.actor.lib.Scale} {
Failed to find ptdoc for ptolemy.actor.lib.Scale.  Try doing (cd /home/travis/build/icyphy/ptII/doc/test/../../doc; rm codeDoc/ptolemy/actor/lib/Ramp.xml codeDoc/ptolemy/actor/lib/RampIdx.xml; make docs)} {
Failed to find javadoc for ptolemy.actor.lib.Scale} {
Failed to find source for ptolemy.actor.lib.Scale} {
Failed to find ptdoc for ptolemy.actor.lib.Scale.  Try doing (cd /home/travis/build/icyphy/ptII/doc/test/../../doc; rm codeDoc/ptolemy/actor/lib/Ramp.xml codeDoc/ptolemy/actor/lib/RampIdx.xml; make docs)} {
Failed to find javadoc for ptolemy.actor.lib.Scale} {
Failed to find source for ptolemy.actor.lib.Scale} {
Failed to find ptdoc for ptolemy.domains.continuous.lib.Integrator.  Try doing (cd /home/travis/build/icyphy/ptII/doc/test/../../doc; rm codeDoc/ptolemy/actor/lib/Ramp.xml codeDoc/ptolemy/actor/lib/RampIdx.xml; make docs)} {
Failed to find javadoc for ptolemy.domains.continuous.lib.Integrator} {
Failed to find source for ptolemy.domains.continuous.lib.Integrator} {
Failed to find ptdoc for ptolemy.actor.lib.Default.  Try doing (cd /home/travis/build/icyphy/ptII/doc/test/../../doc; rm codeDoc/ptolemy/actor/lib/Ramp.xml codeDoc/ptolemy/actor/lib/RampIdx.xml; make docs)} {
Failed to find javadoc for ptolemy.actor.lib.Default} {
Failed to find source for ptolemy.actor.lib.Default} {
Failed to find ptdoc for ptolemy.actor.lib.Const.  Try doing (cd /home/travis/build/icyphy/ptII/doc/test/../../doc; rm codeDoc/ptolemy/actor/lib/Ramp.xml codeDoc/ptolemy/actor/lib/RampIdx.xml; make docs)} {
Failed to find javadoc for ptolemy.actor.lib.Const} {
Failed to find source for ptolemy.actor.lib.Const} {
Failed to find ptdoc for ptolemy.domains.continuous.lib.Derivative.  Try doing (cd /home/travis/build/icyphy/ptII/doc/test/../../doc; rm codeDoc/ptolemy/actor/lib/Ramp.xml codeDoc/ptolemy/actor/lib/RampIdx.xml; make docs)} {
Failed to find javadoc for ptolemy.domains.continuous.lib.Derivative} {
Failed to find source for ptolemy.domains.continuous.lib.Derivative} {
Failed to find ptdoc for ptolemy.domains.continuous.lib.Integrator.  Try doing (cd /home/travis/build/icyphy/ptII/doc/test/../../doc; rm codeDoc/ptolemy/actor/lib/Ramp.xml codeDoc/ptolemy/actor/lib/RampIdx.xml; make docs)} {
Failed to find javadoc for ptolemy.domains.continuous.lib.Integrator} {
Failed to find source for ptolemy.domains.continuous.lib.Integrator} {
Failed to find ptdoc for ptolemy.domains.continuous.lib.BandlimitedNoise.  Try doing (cd /home/travis/build/icyphy/ptII/doc/test/../../doc; rm codeDoc/ptolemy/actor/lib/Ramp.xml codeDoc/ptolemy/actor/lib/RampIdx.xml; make docs)} {
Failed to find javadoc for ptolemy.domains.continuous.lib.BandlimitedNoise} {
Failed to find source for ptolemy.domains.continuous.lib.BandlimitedNoise} {
Failed to find ptdoc for ptolemy.domains.continuous.lib.Noise.  Try doing (cd /home/travis/build/icyphy/ptII/doc/test/../../doc; rm codeDoc/ptolemy/actor/lib/Ramp.xml codeDoc/ptolemy/actor/lib/RampIdx.xml; make docs)} {
Failed to find javadoc for ptolemy.domains.continuous.lib.Noise} {
Failed to find source for ptolemy.domains.continuous.lib.Noise} {
Failed to find ptdoc for ptolemy.actor.lib.MicrostepDelay.  Try doing (cd /home/travis/build/icyphy/ptII/doc/test/../../doc; rm codeDoc/ptolemy/actor/lib/Ramp.xml codeDoc/ptolemy/actor/lib/RampIdx.xml; make docs)} {
Failed to find javadoc for ptolemy.actor.lib.MicrostepDelay} {
Failed to find source for ptolemy.actor.lib.MicrostepDelay} {
Failed to find ptdoc for ptolemy.actor.lib.ResettableTimer.  Try doing (cd /home/travis/build/icyphy/ptII/doc/test/../../doc; rm codeDoc/ptolemy/actor/lib/Ramp.xml codeDoc/ptolemy/actor/lib/RampIdx.xml; make docs)} {
Failed to find javadoc for ptolemy.actor.lib.ResettableTimer} {
Failed to find source for ptolemy.actor.lib.ResettableTimer} {
Failed to find ptdoc for ptolemy.domains.continuous.lib.ContinuousMerge.  Try doing (cd /home/travis/build/icyphy/ptII/doc/test/../../doc; rm codeDoc/ptolemy/actor/lib/Ramp.xml codeDoc/ptolemy/actor/lib/RampIdx.xml; make docs)} {
Failed to find javadoc for ptolemy.domains.continuous.lib.ContinuousMerge} {
Failed to find source for ptolemy.domains.continuous.lib.ContinuousMerge} {
Failed to find ptdoc for ptolemy.domains.ddf.lib.DDFSingleTokenCommutator.  Try doing (cd /home/travis/build/icyphy/ptII/doc/test/../../doc; rm codeDoc/ptolemy/actor/lib/Ramp.xml codeDoc/ptolemy/actor/lib/RampIdx.xml; make docs)} {
Failed to find javadoc for ptolemy.domains.ddf.lib.DDFSingleTokenCommutator} {
Failed to find source for ptolemy.domains.ddf.lib.DDFSingleTokenCommutator} {
Failed to find ptdoc for ptolemy.actor.lib.CurrentDate.  Try doing (cd /home/travis/build/icyphy/ptII/doc/test/../../doc; rm codeDoc/ptolemy/actor/lib/Ramp.xml codeDoc/ptolemy/actor/lib/RampIdx.xml; make docs)} {
Failed to find javadoc for ptolemy.actor.lib.CurrentDate} {
Failed to find source for ptolemy.actor.lib.CurrentDate} {
Failed to find ptdoc for ptolemy.actor.lib.DateElements.  Try doing (cd /home/travis/build/icyphy/ptII/doc/test/../../doc; rm codeDoc/ptolemy/actor/lib/Ramp.xml codeDoc/ptolemy/actor/lib/RampIdx.xml; make docs)} {
Failed to find javadoc for ptolemy.actor.lib.DateElements} {
Failed to find source for ptolemy.actor.lib.DateElements} {
Failed to find ptdoc for ptolemy.actor.lib.DateConstructor.  Try doing (cd /home/travis/build/icyphy/ptII/doc/test/../../doc; rm codeDoc/ptolemy/actor/lib/Ramp.xml codeDoc/ptolemy/actor/lib/RampIdx.xml; make docs)} {
Failed to find javadoc for ptolemy.actor.lib.DateConstructor} {
Failed to find source for ptolemy.actor.lib.DateConstructor} {
Failed to find ptdoc for ptolemy.actor.lib.ModifyDate.  Try doing (cd /home/travis/build/icyphy/ptII/doc/test/../../doc; rm codeDoc/ptolemy/actor/lib/Ramp.xml codeDoc/ptolemy/actor/lib/RampIdx.xml; make docs)} {
Failed to find javadoc for ptolemy.actor.lib.ModifyDate} {
Failed to find source for ptolemy.actor.lib.ModifyDate} {
Failed to find ptdoc for ptolemy.actor.lib.conversions.StringToDate.  Try doing (cd /home/travis/build/icyphy/ptII/doc/test/../../doc; rm codeDoc/ptolemy/actor/lib/Ramp.xml codeDoc/ptolemy/actor/lib/RampIdx.xml; make docs)} {
Failed to find javadoc for ptolemy.actor.lib.conversions.StringToDate} {
Failed to find source for ptolemy.actor.lib.conversions.StringToDate} {
Failed to find ptdoc for ptolemy.actor.lib.gui.EventButton.  Try doing (cd /home/travis/build/icyphy/ptII/doc/test/../../doc; rm codeDoc/ptolemy/actor/lib/Ramp.xml codeDoc/ptolemy/actor/lib/RampIdx.xml; make docs)} {
Failed to find javadoc for ptolemy.actor.lib.gui.EventButton} {
Failed to find source for ptolemy.actor.lib.gui.EventButton} {
Failed to find ptdoc for ptolemy.actor.lib.MicrostepDelay.  Try doing (cd /home/travis/build/icyphy/ptII/doc/test/../../doc; rm codeDoc/ptolemy/actor/lib/Ramp.xml codeDoc/ptolemy/actor/lib/RampIdx.xml; make docs)} {
Failed to find javadoc for ptolemy.actor.lib.MicrostepDelay} {
Failed to find source for ptolemy.actor.lib.MicrostepDelay} {
Failed to find ptdoc for ptolemy.actor.lib.ResettableTimer.  Try doing (cd /home/travis/build/icyphy/ptII/doc/test/../../doc; rm codeDoc/ptolemy/actor/lib/Ramp.xml codeDoc/ptolemy/actor/lib/RampIdx.xml; make docs)} {
Failed to find javadoc for ptolemy.actor.lib.ResettableTimer} {
Failed to find source for ptolemy.actor.lib.ResettableTimer} {
Failed to find ptdoc for ptolemy.actor.lib.SingleEvent.  Try doing (cd /home/travis/build/icyphy/ptII/doc/test/../../doc; rm codeDoc/ptolemy/actor/lib/Ramp.xml codeDoc/ptolemy/actor/lib/RampIdx.xml; make docs)} {
Failed to find javadoc for ptolemy.actor.lib.SingleEvent} {
Failed to find source for ptolemy.actor.lib.SingleEvent} {
Failed to find ptdoc for ptolemy.actor.lib.TimeDelay.  Try doing (cd /home/travis/build/icyphy/ptII/doc/test/../../doc; rm codeDoc/ptolemy/actor/lib/Ramp.xml codeDoc/ptolemy/actor/lib/RampIdx.xml; make docs)} {
Failed to find javadoc for ptolemy.actor.lib.TimeDelay} {
Failed to find source for ptolemy.actor.lib.TimeDelay} {
Failed to find ptdoc for ptolemy.actor.lib.OrderedMerge.  Try doing (cd /home/travis/build/icyphy/ptII/doc/test/../../doc; rm codeDoc/ptolemy/actor/lib/Ramp.xml codeDoc/ptolemy/actor/lib/RampIdx.xml; make docs)} {
Failed to find javadoc for ptolemy.actor.lib.OrderedMerge} {
Failed to find source for ptolemy.actor.lib.OrderedMerge} {
Failed to find ptdoc for ptolemy.actor.lib.Sequencer.  Try doing (cd /home/travis/build/icyphy/ptII/doc/test/../../doc; rm codeDoc/ptolemy/actor/lib/Ramp.xml codeDoc/ptolemy/actor/lib/RampIdx.xml; make docs)} {
Failed to find javadoc for ptolemy.actor.lib.Sequencer} {
Failed to find source for ptolemy.actor.lib.Sequencer} {
Failed to find ptdoc for ptolemy.actor.lib.Stop.  Try doing (cd /home/travis/build/icyphy/ptII/doc/test/../../doc; rm codeDoc/ptolemy/actor/lib/Ramp.xml codeDoc/ptolemy/actor/lib/RampIdx.xml; make docs)} {
Failed to find javadoc for ptolemy.actor.lib.Stop} {
Failed to find source for ptolemy.actor.lib.Stop} {
Failed to find ptdoc for ptolemy.actor.lib.Synchronizer.  Try doing (cd /home/travis/build/icyphy/ptII/doc/test/../../doc; rm codeDoc/ptolemy/actor/lib/Ramp.xml codeDoc/ptolemy/actor/lib/RampIdx.xml; make docs)} {
Failed to find javadoc for ptolemy.actor.lib.Synchronizer} {
Failed to find source for ptolemy.actor.lib.Synchronizer} {
Failed to find ptdoc for ptolemy.domains.rendezvous.lib.Barrier.  Try doing (cd /home/travis/build/icyphy/ptII/doc/test/../../doc; rm codeDoc/ptolemy/actor/lib/Ramp.xml codeDoc/ptolemy/actor/lib/RampIdx.xml; make docs)} {
Failed to find javadoc for ptolemy.domains.rendezvous.lib.Barrier} {
Failed to find source for ptolemy.domains.rendezvous.lib.Barrier} {
Failed to find ptdoc for ptolemy.domains.rendezvous.lib.Buffer.  Try doing (cd /home/travis/build/icyphy/ptII/doc/test/../../doc; rm codeDoc/ptolemy/actor/lib/Ramp.xml codeDoc/ptolemy/actor/lib/RampIdx.xml; make docs)} {
Failed to find javadoc for ptolemy.domains.rendezvous.lib.Buffer} {
Failed to find source for ptolemy.domains.rendezvous.lib.Buffer} {
Failed to find ptdoc for ptolemy.domains.rendezvous.lib.Merge.  Try doing (cd /home/travis/build/icyphy/ptII/doc/test/../../doc; rm codeDoc/ptolemy/actor/lib/Ramp.xml codeDoc/ptolemy/actor/lib/RampIdx.xml; make docs)} {
Failed to find javadoc for ptolemy.domains.rendezvous.lib.Merge} {
Failed to find source for ptolemy.domains.rendezvous.lib.Merge} {
Failed to find ptdoc for ptolemy.domains.rendezvous.lib.ResourcePool.  Try doing (cd /home/travis/build/icyphy/ptII/doc/test/../../doc; rm codeDoc/ptolemy/actor/lib/Ramp.xml codeDoc/ptolemy/actor/lib/RampIdx.xml; make docs)} {
Failed to find javadoc for ptolemy.domains.rendezvous.lib.ResourcePool} {
Failed to find source for ptolemy.domains.rendezvous.lib.ResourcePool} {
Failed to find ptdoc for ptolemy.domains.sr.lib.Absent.  Try doing (cd /home/travis/build/icyphy/ptII/doc/test/../../doc; rm codeDoc/ptolemy/actor/lib/Ramp.xml codeDoc/ptolemy/actor/lib/RampIdx.xml; make docs)} {
Failed to find javadoc for ptolemy.domains.sr.lib.Absent} {
Failed to find source for ptolemy.domains.sr.lib.Absent} {
Failed to find ptdoc for ptolemy.domains.sr.lib.Current.  Try doing (cd /home/travis/build/icyphy/ptII/doc/test/../../doc; rm codeDoc/ptolemy/actor/lib/Ramp.xml codeDoc/ptolemy/actor/lib/RampIdx.xml; make docs)} {
Failed to find javadoc for ptolemy.domains.sr.lib.Current} {
Failed to find source for ptolemy.domains.sr.lib.Current} {
Failed to find ptdoc for ptolemy.actor.lib.Default.  Try doing (cd /home/travis/build/icyphy/ptII/doc/test/../../doc; rm codeDoc/ptolemy/actor/lib/Ramp.xml codeDoc/ptolemy/actor/lib/RampIdx.xml; make docs)} {
Failed to find javadoc for ptolemy.actor.lib.Default} {
Failed to find source for ptolemy.actor.lib.Default} {
Failed to find ptdoc for ptolemy.domains.sr.lib.InstantaneousDialogGenerator.  Try doing (cd /home/travis/build/icyphy/ptII/doc/test/../../doc; rm codeDoc/ptolemy/actor/lib/Ramp.xml codeDoc/ptolemy/actor/lib/RampIdx.xml; make docs)} {
Failed to find javadoc for ptolemy.domains.sr.lib.InstantaneousDialogGenerator} {
Failed to find source for ptolemy.domains.sr.lib.InstantaneousDialogGenerator} {
Failed to find ptdoc for ptolemy.actor.lib.logic.IsPresent.  Try doing (cd /home/travis/build/icyphy/ptII/doc/test/../../doc; rm codeDoc/ptolemy/actor/lib/Ramp.xml codeDoc/ptolemy/actor/lib/RampIdx.xml; make docs)} {
Failed to find javadoc for ptolemy.actor.lib.logic.IsPresent} {
Failed to find source for ptolemy.actor.lib.logic.IsPresent} {
Failed to find ptdoc for ptolemy.domains.sr.lib.NonStrictDelay.  Try doing (cd /home/travis/build/icyphy/ptII/doc/test/../../doc; rm codeDoc/ptolemy/actor/lib/Ramp.xml codeDoc/ptolemy/actor/lib/RampIdx.xml; make docs)} {
Failed to find javadoc for ptolemy.domains.sr.lib.NonStrictDelay} {
Failed to find source for ptolemy.domains.sr.lib.NonStrictDelay} {
Failed to find ptdoc for ptolemy.domains.sr.lib.gui.NonStrictDisplay.  Try doing (cd /home/travis/build/icyphy/ptII/doc/test/../../doc; rm codeDoc/ptolemy/actor/lib/Ramp.xml codeDoc/ptolemy/actor/lib/RampIdx.xml; make docs)} {
Failed to find javadoc for ptolemy.domains.sr.lib.gui.NonStrictDisplay} {
Failed to find source for ptolemy.domains.sr.lib.gui.NonStrictDisplay} {
Failed to find ptdoc for ptolemy.domains.sr.lib.BinaryNonStrictLogicGate.  Try doing (cd /home/travis/build/icyphy/ptII/doc/test/../../doc; rm codeDoc/ptolemy/actor/lib/Ramp.xml codeDoc/ptolemy/actor/lib/RampIdx.xml; make docs)} {
Failed to find javadoc for ptolemy.domains.sr.lib.BinaryNonStrictLogicGate} {
Failed to find source for ptolemy.domains.sr.lib.BinaryNonStrictLogicGate} {
Failed to find ptdoc for ptolemy.domains.sr.lib.NonStrictLogicGate.  Try doing (cd /home/travis/build/icyphy/ptII/doc/test/../../doc; rm codeDoc/ptolemy/actor/lib/Ramp.xml codeDoc/ptolemy/actor/lib/RampIdx.xml; make docs)} {
Failed to find javadoc for ptolemy.domains.sr.lib.NonStrictLogicGate} {
Failed to find source for ptolemy.domains.sr.lib.NonStrictLogicGate} {
Failed to find ptdoc for ptolemy.domains.sr.lib.NonStrictAndGate.  Try doing (cd /home/travis/build/icyphy/ptII/doc/test/../../doc; rm codeDoc/ptolemy/actor/lib/Ramp.xml codeDoc/ptolemy/actor/lib/RampIdx.xml; make docs)} {
Failed to find javadoc for ptolemy.domains.sr.lib.NonStrictAndGate} {
Failed to find source for ptolemy.domains.sr.lib.NonStrictAndGate} {
Failed to find ptdoc for ptolemy.domains.sr.lib.NonStrictOrGate.  Try doing (cd /home/travis/build/icyphy/ptII/doc/test/../../doc; rm codeDoc/ptolemy/actor/lib/Ramp.xml codeDoc/ptolemy/actor/lib/RampIdx.xml; make docs)} {
Failed to find javadoc for ptolemy.domains.sr.lib.NonStrictOrGate} {
Failed to find source for ptolemy.domains.sr.lib.NonStrictOrGate} {
Failed to find ptdoc for ptolemy.domains.sr.lib.NonStrictXorGate.  Try doing (cd /home/travis/build/icyphy/ptII/doc/test/../../doc; rm codeDoc/ptolemy/actor/lib/Ramp.xml codeDoc/ptolemy/actor/lib/RampIdx.xml; make docs)} {
Failed to find javadoc for ptolemy.domains.sr.lib.NonStrictXorGate} {
Failed to find source for ptolemy.domains.sr.lib.NonStrictXorGate} {
Failed to find ptdoc for ptolemy.domains.sr.lib.NonStrictThreeBitAdder.  Try doing (cd /home/travis/build/icyphy/ptII/doc/test/../../doc; rm codeDoc/ptolemy/actor/lib/Ramp.xml codeDoc/ptolemy/actor/lib/RampIdx.xml; make docs)} {
Failed to find javadoc for ptolemy.domains.sr.lib.NonStrictThreeBitAdder} {
Failed to find source for ptolemy.domains.sr.lib.NonStrictThreeBitAdder} {
Failed to find ptdoc for ptolemy.domains.sr.lib.Pre.  Try doing (cd /home/travis/build/icyphy/ptII/doc/test/../../doc; rm codeDoc/ptolemy/actor/lib/Ramp.xml codeDoc/ptolemy/actor/lib/RampIdx.xml; make docs)} {
Failed to find javadoc for ptolemy.domains.sr.lib.Pre} {
Failed to find source for ptolemy.domains.sr.lib.Pre} {
Failed to find ptdoc for ptolemy.domains.sr.lib.SingleTokenDistributor.  Try doing (cd /home/travis/build/icyphy/ptII/doc/test/../../doc; rm codeDoc/ptolemy/actor/lib/Ramp.xml codeDoc/ptolemy/actor/lib/RampIdx.xml; make docs)} {
Failed to find javadoc for ptolemy.domains.sr.lib.SingleTokenDistributor} {
Failed to find source for ptolemy.domains.sr.lib.SingleTokenDistributor} {
Failed to find ptdoc for ptolemy.domains.sr.lib.When.  Try doing (cd /home/travis/build/icyphy/ptII/doc/test/../../doc; rm codeDoc/ptolemy/actor/lib/Ramp.xml codeDoc/ptolemy/actor/lib/RampIdx.xml; make docs)} {
Failed to find javadoc for ptolemy.domains.sr.lib.When} {
Failed to find source for ptolemy.domains.sr.lib.When} {
Failed to find ptdoc for ptolemy.actor.lib.logic.TrueGate.  Try doing (cd /home/travis/build/icyphy/ptII/doc/test/../../doc; rm codeDoc/ptolemy/actor/lib/Ramp.xml codeDoc/ptolemy/actor/lib/RampIdx.xml; make docs)} {
Failed to find javadoc for ptolemy.actor.lib.logic.TrueGate} {
Failed to find source for ptolemy.actor.lib.logic.TrueGate} {
Failed to find ptdoc for ptolemy.actor.lib.python.PythonScript.  Try doing (cd /home/travis/build/icyphy/ptII/doc/test/../../doc; rm codeDoc/ptolemy/actor/lib/Ramp.xml codeDoc/ptolemy/actor/lib/RampIdx.xml; make docs)} {
Failed to find javadoc for ptolemy.actor.lib.python.PythonScript} {
Failed to find source for ptolemy.actor.lib.python.PythonScript} {
Failed to find ptdoc for ptolemy.actor.lib.python.PythonScript.  Try doing (cd /home/travis/build/icyphy/ptII/doc/test/../../doc; rm codeDoc/ptolemy/actor/lib/Ramp.xml codeDoc/ptolemy/actor/lib/RampIdx.xml; make docs)} {
Failed to find javadoc for ptolemy.actor.lib.python.PythonScript} {
Failed to find source for ptolemy.actor.lib.python.PythonScript} {
Failed to find ptdoc for ptolemy.actor.lib.GetCausalityInterface.  Try doing (cd /home/travis/build/icyphy/ptII/doc/test/../../doc; rm codeDoc/ptolemy/actor/lib/Ramp.xml codeDoc/ptolemy/actor/lib/RampIdx.xml; make docs)} {
Failed to find javadoc for ptolemy.actor.lib.GetCausalityInterface} {
Failed to find source for ptolemy.actor.lib.GetCausalityInterface} {
Failed to find ptdoc for ptolemy.actor.lib.CurrentMicrostep.  Try doing (cd /home/travis/build/icyphy/ptII/doc/test/../../doc; rm codeDoc/ptolemy/actor/lib/Ramp.xml codeDoc/ptolemy/actor/lib/RampIdx.xml; make docs)} {
Failed to find javadoc for ptolemy.actor.lib.CurrentMicrostep} {
Failed to find source for ptolemy.actor.lib.CurrentMicrostep} {
Failed to find ptdoc for ptolemy.actor.lib.NonStrictTest.  Try doing (cd /home/travis/build/icyphy/ptII/doc/test/../../doc; rm codeDoc/ptolemy/actor/lib/Ramp.xml codeDoc/ptolemy/actor/lib/RampIdx.xml; make docs)} {
Failed to find javadoc for ptolemy.actor.lib.NonStrictTest} {
Failed to find source for ptolemy.actor.lib.NonStrictTest} {
Failed to find ptdoc for ptolemy.actor.lib.Test.  Try doing (cd /home/travis/build/icyphy/ptII/doc/test/../../doc; rm codeDoc/ptolemy/actor/lib/Ramp.xml codeDoc/ptolemy/actor/lib/RampIdx.xml; make docs)} {
Failed to find javadoc for ptolemy.actor.lib.Test} {
Failed to find source for ptolemy.actor.lib.Test} {
Failed to find ptdoc for ptolemy.actor.lib.TypeTest.  Try doing (cd /home/travis/build/icyphy/ptII/doc/test/../../doc; rm codeDoc/ptolemy/actor/lib/Ramp.xml codeDoc/ptolemy/actor/lib/RampIdx.xml; make docs)} {
Failed to find javadoc for ptolemy.actor.lib.TypeTest} {
Failed to find source for ptolemy.actor.lib.TypeTest} {
Failed to find ptdoc for ptolemy.actor.lib.security.KeyWriter.  Try doing (cd /home/travis/build/icyphy/ptII/doc/test/../../doc; rm codeDoc/ptolemy/actor/lib/Ramp.xml codeDoc/ptolemy/actor/lib/RampIdx.xml; make docs)} {
Failed to find javadoc for ptolemy.actor.lib.security.KeyWriter} {
Failed to find source for ptolemy.actor.lib.security.KeyWriter} {
Failed to find ptdoc for ptolemy.actor.lib.security.PublicKeyReader.  Try doing (cd /home/travis/build/icyphy/ptII/doc/test/../../doc; rm codeDoc/ptolemy/actor/lib/Ramp.xml codeDoc/ptolemy/actor/lib/RampIdx.xml; make docs)} {
Failed to find javadoc for ptolemy.actor.lib.security.PublicKeyReader} {
Failed to find source for ptolemy.actor.lib.security.PublicKeyReader} {
Failed to find ptdoc for ptolemy.actor.lib.security.PrivateKeyReader.  Try doing (cd /home/travis/build/icyphy/ptII/doc/test/../../doc; rm codeDoc/ptolemy/actor/lib/Ramp.xml codeDoc/ptolemy/actor/lib/RampIdx.xml; make docs)} {
Failed to find javadoc for ptolemy.actor.lib.security.PrivateKeyReader} {
Failed to find source for ptolemy.actor.lib.security.PrivateKeyReader} {
Failed to find ptdoc for ptolemy.actor.lib.security.SecretKey.  Try doing (cd /home/travis/build/icyphy/ptII/doc/test/../../doc; rm codeDoc/ptolemy/actor/lib/Ramp.xml codeDoc/ptolemy/actor/lib/RampIdx.xml; make docs)} {
Failed to find javadoc for ptolemy.actor.lib.security.SecretKey} {
Failed to find source for ptolemy.actor.lib.security.SecretKey} {
Failed to find ptdoc for ptolemy.actor.lib.security.SecretKeyReader.  Try doing (cd /home/travis/build/icyphy/ptII/doc/test/../../doc; rm codeDoc/ptolemy/actor/lib/Ramp.xml codeDoc/ptolemy/actor/lib/RampIdx.xml; make docs)} {
Failed to find javadoc for ptolemy.actor.lib.security.SecretKeyReader} {
Failed to find source for ptolemy.actor.lib.security.SecretKeyReader} {
Failed to find ptdoc for ptolemy.actor.lib.security.SignatureSigner.  Try doing (cd /home/travis/build/icyphy/ptII/doc/test/../../doc; rm codeDoc/ptolemy/actor/lib/Ramp.xml codeDoc/ptolemy/actor/lib/RampIdx.xml; make docs)} {
Failed to find javadoc for ptolemy.actor.lib.security.SignatureSigner} {
Failed to find source for ptolemy.actor.lib.security.SignatureSigner} {
Failed to find ptdoc for ptolemy.actor.lib.security.SignatureVerifier.  Try doing (cd /home/travis/build/icyphy/ptII/doc/test/../../doc; rm codeDoc/ptolemy/actor/lib/Ramp.xml codeDoc/ptolemy/actor/lib/RampIdx.xml; make docs)} {
Failed to find javadoc for ptolemy.actor.lib.security.SignatureVerifier} {
Failed to find source for ptolemy.actor.lib.security.SignatureVerifier} {
Failed to find ptdoc for ptolemy.actor.lib.security.SymmetricDecryption.  Try doing (cd /home/travis/build/icyphy/ptII/doc/test/../../doc; rm codeDoc/ptolemy/actor/lib/Ramp.xml codeDoc/ptolemy/actor/lib/RampIdx.xml; make docs)} {
Failed to find javadoc for ptolemy.actor.lib.security.SymmetricDecryption} {
Failed to find source for ptolemy.actor.lib.security.SymmetricDecryption} {
Failed to find ptdoc for ptolemy.actor.lib.security.SymmetricEncryption.  Try doing (cd /home/travis/build/icyphy/ptII/doc/test/../../doc; rm codeDoc/ptolemy/actor/lib/Ramp.xml codeDoc/ptolemy/actor/lib/RampIdx.xml; make docs)} {
Failed to find javadoc for ptolemy.actor.lib.security.SymmetricEncryption} {
Failed to find source for ptolemy.actor.lib.security.SymmetricEncryption} {
Failed to find ptdoc for ptolemy.actor.lib.security.SymmetricCrypto.  Try doing (cd /home/travis/build/icyphy/ptII/doc/test/../../doc; rm codeDoc/ptolemy/actor/lib/Ramp.xml codeDoc/ptolemy/actor/lib/RampIdx.xml; make docs)} {
Failed to find javadoc for ptolemy.actor.lib.security.SymmetricCrypto} {
Failed to find source for ptolemy.actor.lib.security.SymmetricCrypto} {
Failed to find ptdoc for ptolemy.actor.lib.conversions.StringToXML.  Try doing (cd /home/travis/build/icyphy/ptII/doc/test/../../doc; rm codeDoc/ptolemy/actor/lib/Ramp.xml codeDoc/ptolemy/actor/lib/RampIdx.xml; make docs)} {
Failed to find javadoc for ptolemy.actor.lib.conversions.StringToXML} {
Failed to find source for ptolemy.actor.lib.conversions.StringToXML} {
Failed to find ptdoc for ptolemy.actor.lib.xslt.XSLTransformer.  Try doing (cd /home/travis/build/icyphy/ptII/doc/test/../../doc; rm codeDoc/ptolemy/actor/lib/Ramp.xml codeDoc/ptolemy/actor/lib/RampIdx.xml; make docs)} {
Failed to find javadoc for ptolemy.actor.lib.xslt.XSLTransformer} {
Failed to find source for ptolemy.actor.lib.xslt.XSLTransformer} {
Failed to find ptdoc for ptolemy.actor.lib.xslt.XMLInclusion.  Try doing (cd /home/travis/build/icyphy/ptII/doc/test/../../doc; rm codeDoc/ptolemy/actor/lib/Ramp.xml codeDoc/ptolemy/actor/lib/RampIdx.xml; make docs)} {
Failed to find javadoc for ptolemy.actor.lib.xslt.XMLInclusion} {
Failed to find source for ptolemy.actor.lib.xslt.XMLInclusion} {
Failed to find ptdoc for ptolemy.actor.lib.CurrentTime.  Try doing (cd /home/travis/build/icyphy/ptII/doc/test/../../doc; rm codeDoc/ptolemy/actor/lib/Ramp.xml codeDoc/ptolemy/actor/lib/RampIdx.xml; make docs)} {
Failed to find javadoc for ptolemy.actor.lib.CurrentTime} {
Failed to find source for ptolemy.actor.lib.CurrentTime} {
Failed to find ptdoc for ptolemy.actor.lib.Scale.  Try doing (cd /home/travis/build/icyphy/ptII/doc/test/../../doc; rm codeDoc/ptolemy/actor/lib/Ramp.xml codeDoc/ptolemy/actor/lib/RampIdx.xml; make docs)} {
Failed to find javadoc for ptolemy.actor.lib.Scale} {
Failed to find source for ptolemy.actor.lib.Scale} {
Failed to find ptdoc for ptolemy.actor.lib.TrigFunction.  Try doing (cd /home/travis/build/icyphy/ptII/doc/test/../../doc; rm codeDoc/ptolemy/actor/lib/Ramp.xml codeDoc/ptolemy/actor/lib/RampIdx.xml; make docs)} {
Failed to find javadoc for ptolemy.actor.lib.TrigFunction} {
Failed to find source for ptolemy.actor.lib.TrigFunction} {
Failed to find ptdoc for ptolemy.actor.lib.Const.  Try doing (cd /home/travis/build/icyphy/ptII/doc/test/../../doc; rm codeDoc/ptolemy/actor/lib/Ramp.xml codeDoc/ptolemy/actor/lib/RampIdx.xml; make docs)} {
Failed to find javadoc for ptolemy.actor.lib.Const} {
Failed to find source for ptolemy.actor.lib.Const} {
Failed to find ptdoc for ptolemy.actor.lib.AddSubtract.  Try doing (cd /home/travis/build/icyphy/ptII/doc/test/../../doc; rm codeDoc/ptolemy/actor/lib/Ramp.xml codeDoc/ptolemy/actor/lib/RampIdx.xml; make docs)} {
Failed to find javadoc for ptolemy.actor.lib.AddSubtract} {
Failed to find source for ptolemy.actor.lib.AddSubtract} {
Failed to find ptdoc for ptolemy.actor.lib.Scale.  Try doing (cd /home/travis/build/icyphy/ptII/doc/test/../../doc; rm codeDoc/ptolemy/actor/lib/Ramp.xml codeDoc/ptolemy/actor/lib/RampIdx.xml; make docs)} {
Failed to find javadoc for ptolemy.actor.lib.Scale} {
Failed to find source for ptolemy.actor.lib.Scale} {
Failed to find ptdoc for ptolemy.actor.lib.Ramp.  Try doing (cd /home/travis/build/icyphy/ptII/doc/test/../../doc; rm codeDoc/ptolemy/actor/lib/Ramp.xml codeDoc/ptolemy/actor/lib/RampIdx.xml; make docs)} {
Failed to find javadoc for ptolemy.actor.lib.Ramp} {
Failed to find source for ptolemy.actor.lib.Ramp} {
Failed to find ptdoc for ptolemy.actor.lib.TrigFunction.  Try doing (cd /home/travis/build/icyphy/ptII/doc/test/../../doc; rm codeDoc/ptolemy/actor/lib/Ramp.xml codeDoc/ptolemy/actor/lib/RampIdx.xml; make docs)} {
Failed to find javadoc for ptolemy.actor.lib.TrigFunction} {
Failed to find source for ptolemy.actor.lib.TrigFunction} {
Failed to find ptdoc for ptolemy.actor.lib.Const.  Try doing (cd /home/travis/build/icyphy/ptII/doc/test/../../doc; rm codeDoc/ptolemy/actor/lib/Ramp.xml codeDoc/ptolemy/actor/lib/RampIdx.xml; make docs)} {
Failed to find javadoc for ptolemy.actor.lib.Const} {
Failed to find source for ptolemy.actor.lib.Const} {
Failed to find ptdoc for ptolemy.actor.lib.AddSubtract.  Try doing (cd /home/travis/build/icyphy/ptII/doc/test/../../doc; rm codeDoc/ptolemy/actor/lib/Ramp.xml codeDoc/ptolemy/actor/lib/RampIdx.xml; make docs)} {
Failed to find javadoc for ptolemy.actor.lib.AddSubtract} {
Failed to find source for ptolemy.actor.lib.AddSubtract} {
Failed to find ptdoc for ptolemy.actor.lib.Pulse.  Try doing (cd /home/travis/build/icyphy/ptII/doc/test/../../doc; rm codeDoc/ptolemy/actor/lib/Ramp.xml codeDoc/ptolemy/actor/lib/RampIdx.xml; make docs)} {
Failed to find javadoc for ptolemy.actor.lib.Pulse} {
Failed to find source for ptolemy.actor.lib.Pulse} {
Failed to find ptdoc for ptolemy.actor.lib.MultiplyDivide.  Try doing (cd /home/travis/build/icyphy/ptII/doc/test/../../doc; rm codeDoc/ptolemy/actor/lib/Ramp.xml codeDoc/ptolemy/actor/lib/RampIdx.xml; make docs)} {
Failed to find javadoc for ptolemy.actor.lib.MultiplyDivide} {
Failed to find source for ptolemy.actor.lib.MultiplyDivide} {
Failed to find ptdoc for ptolemy.domains.sdf.lib.Autocorrelation.  Try doing (cd /home/travis/build/icyphy/ptII/doc/test/../../doc; rm codeDoc/ptolemy/actor/lib/Ramp.xml codeDoc/ptolemy/actor/lib/RampIdx.xml; make docs)} {
Failed to find javadoc for ptolemy.domains.sdf.lib.Autocorrelation} {
Failed to find source for ptolemy.domains.sdf.lib.Autocorrelation} {
Failed to find ptdoc for ptolemy.actor.lib.LevinsonDurbin.  Try doing (cd /home/travis/build/icyphy/ptII/doc/test/../../doc; rm codeDoc/ptolemy/actor/lib/Ramp.xml codeDoc/ptolemy/actor/lib/RampIdx.xml; make docs)} {
Failed to find javadoc for ptolemy.actor.lib.LevinsonDurbin} {
Failed to find source for ptolemy.actor.lib.LevinsonDurbin} {
Failed to find ptdoc for ptolemy.actor.lib.ArrayAppend.  Try doing (cd /home/travis/build/icyphy/ptII/doc/test/../../doc; rm codeDoc/ptolemy/actor/lib/Ramp.xml codeDoc/ptolemy/actor/lib/RampIdx.xml; make docs)} {
Failed to find javadoc for ptolemy.actor.lib.ArrayAppend} {
Failed to find source for ptolemy.actor.lib.ArrayAppend} {
Failed to find ptdoc for ptolemy.domains.sdf.lib.ArrayToSequence.  Try doing (cd /home/travis/build/icyphy/ptII/doc/test/../../doc; rm codeDoc/ptolemy/actor/lib/Ramp.xml codeDoc/ptolemy/actor/lib/RampIdx.xml; make docs)} {
Failed to find javadoc for ptolemy.domains.sdf.lib.ArrayToSequence} {
Failed to find source for ptolemy.domains.sdf.lib.ArrayToSequence} {
Failed to find ptdoc for ptolemy.domains.sdf.lib.FFT.  Try doing (cd /home/travis/build/icyphy/ptII/doc/test/../../doc; rm codeDoc/ptolemy/actor/lib/Ramp.xml codeDoc/ptolemy/actor/lib/RampIdx.xml; make docs)} {
Failed to find javadoc for ptolemy.domains.sdf.lib.FFT} {
Failed to find source for ptolemy.domains.sdf.lib.FFT} {
Failed to find ptdoc for ptolemy.actor.lib.AbsoluteValue.  Try doing (cd /home/travis/build/icyphy/ptII/doc/test/../../doc; rm codeDoc/ptolemy/actor/lib/Ramp.xml codeDoc/ptolemy/actor/lib/RampIdx.xml; make docs)} {
Failed to find javadoc for ptolemy.actor.lib.AbsoluteValue} {
Failed to find source for ptolemy.actor.lib.AbsoluteValue} {
Failed to find ptdoc for ptolemy.actor.lib.MultiplyDivide.  Try doing (cd /home/travis/build/icyphy/ptII/doc/test/../../doc; rm codeDoc/ptolemy/actor/lib/Ramp.xml codeDoc/ptolemy/actor/lib/RampIdx.xml; make docs)} {
Failed to find javadoc for ptolemy.actor.lib.MultiplyDivide} {
Failed to find source for ptolemy.actor.lib.MultiplyDivide} {
Failed to find ptdoc for ptolemy.actor.lib.DB.  Try doing (cd /home/travis/build/icyphy/ptII/doc/test/../../doc; rm codeDoc/ptolemy/actor/lib/Ramp.xml codeDoc/ptolemy/actor/lib/RampIdx.xml; make docs)} {
Failed to find javadoc for ptolemy.actor.lib.DB} {
Failed to find source for ptolemy.actor.lib.DB} {
Failed to find ptdoc for ptolemy.actor.lib.ArrayElement.  Try doing (cd /home/travis/build/icyphy/ptII/doc/test/../../doc; rm codeDoc/ptolemy/actor/lib/Ramp.xml codeDoc/ptolemy/actor/lib/RampIdx.xml; make docs)} {
Failed to find javadoc for ptolemy.actor.lib.ArrayElement} {
Failed to find source for ptolemy.actor.lib.ArrayElement} {
Failed to find ptdoc for ptolemy.domains.sdf.lib.Repeat.  Try doing (cd /home/travis/build/icyphy/ptII/doc/test/../../doc; rm codeDoc/ptolemy/actor/lib/Ramp.xml codeDoc/ptolemy/actor/lib/RampIdx.xml; make docs)} {
Failed to find javadoc for ptolemy.domains.sdf.lib.Repeat} {
Failed to find source for ptolemy.domains.sdf.lib.Repeat} {
Failed to find ptdoc for ptolemy.domains.sdf.lib.Chop.  Try doing (cd /home/travis/build/icyphy/ptII/doc/test/../../doc; rm codeDoc/ptolemy/actor/lib/Ramp.xml codeDoc/ptolemy/actor/lib/RampIdx.xml; make docs)} {
Failed to find javadoc for ptolemy.domains.sdf.lib.Chop} {
Failed to find source for ptolemy.domains.sdf.lib.Chop} {
Failed to find ptdoc for ptolemy.actor.lib.MathFunction.  Try doing (cd /home/travis/build/icyphy/ptII/doc/test/../../doc; rm codeDoc/ptolemy/actor/lib/Ramp.xml codeDoc/ptolemy/actor/lib/RampIdx.xml; make docs)} {
Failed to find javadoc for ptolemy.actor.lib.MathFunction} {
Failed to find source for ptolemy.actor.lib.MathFunction} {
Failed to find ptdoc for ptolemy.actor.lib.Const.  Try doing (cd /home/travis/build/icyphy/ptII/doc/test/../../doc; rm codeDoc/ptolemy/actor/lib/Ramp.xml codeDoc/ptolemy/actor/lib/RampIdx.xml; make docs)} {
Failed to find javadoc for ptolemy.actor.lib.Const} {
Failed to find source for ptolemy.actor.lib.Const} {
Failed to find ptdoc for ptolemy.actor.lib.MultiplyDivide.  Try doing (cd /home/travis/build/icyphy/ptII/doc/test/../../doc; rm codeDoc/ptolemy/actor/lib/Ramp.xml codeDoc/ptolemy/actor/lib/RampIdx.xml; make docs)} {
Failed to find javadoc for ptolemy.actor.lib.MultiplyDivide} {
Failed to find source for ptolemy.actor.lib.MultiplyDivide} {
Failed to find ptdoc for ptolemy.domains.sdf.lib.FFT.  Try doing (cd /home/travis/build/icyphy/ptII/doc/test/../../doc; rm codeDoc/ptolemy/actor/lib/Ramp.xml codeDoc/ptolemy/actor/lib/RampIdx.xml; make docs)} {
Failed to find javadoc for ptolemy.domains.sdf.lib.FFT} {
Failed to find source for ptolemy.domains.sdf.lib.FFT} {
Failed to find ptdoc for ptolemy.actor.lib.DB.  Try doing (cd /home/travis/build/icyphy/ptII/doc/test/../../doc; rm codeDoc/ptolemy/actor/lib/Ramp.xml codeDoc/ptolemy/actor/lib/RampIdx.xml; make docs)} {
Failed to find javadoc for ptolemy.actor.lib.DB} {
Failed to find source for ptolemy.actor.lib.DB} {
Failed to find ptdoc for ptolemy.actor.lib.AbsoluteValue.  Try doing (cd /home/travis/build/icyphy/ptII/doc/test/../../doc; rm codeDoc/ptolemy/actor/lib/Ramp.xml codeDoc/ptolemy/actor/lib/RampIdx.xml; make docs)} {
Failed to find javadoc for ptolemy.actor.lib.AbsoluteValue} {
Failed to find source for ptolemy.actor.lib.AbsoluteValue} {
Failed to find ptdoc for ptolemy.domains.sdf.lib.Autocorrelation.  Try doing (cd /home/travis/build/icyphy/ptII/doc/test/../../doc; rm codeDoc/ptolemy/actor/lib/Ramp.xml codeDoc/ptolemy/actor/lib/RampIdx.xml; make docs)} {
Failed to find javadoc for ptolemy.domains.sdf.lib.Autocorrelation} {
Failed to find source for ptolemy.domains.sdf.lib.Autocorrelation} {
Failed to find ptdoc for ptolemy.domains.sdf.lib.Chop.  Try doing (cd /home/travis/build/icyphy/ptII/doc/test/../../doc; rm codeDoc/ptolemy/actor/lib/Ramp.xml codeDoc/ptolemy/actor/lib/RampIdx.xml; make docs)} {
Failed to find javadoc for ptolemy.domains.sdf.lib.Chop} {
Failed to find source for ptolemy.domains.sdf.lib.Chop} {
Failed to find ptdoc for ptolemy.domains.sdf.lib.ArrayToSequence.  Try doing (cd /home/travis/build/icyphy/ptII/doc/test/../../doc; rm codeDoc/ptolemy/actor/lib/Ramp.xml codeDoc/ptolemy/actor/lib/RampIdx.xml; make docs)} {
Failed to find javadoc for ptolemy.domains.sdf.lib.ArrayToSequence} {
Failed to find source for ptolemy.domains.sdf.lib.ArrayToSequence} {
Failed to find ptdoc for ptolemy.actor.lib.Sequence.  Try doing (cd /home/travis/build/icyphy/ptII/doc/test/../../doc; rm codeDoc/ptolemy/actor/lib/Ramp.xml codeDoc/ptolemy/actor/lib/RampIdx.xml; make docs)} {
Failed to find javadoc for ptolemy.actor.lib.Sequence} {
Failed to find source for ptolemy.actor.lib.Sequence} {
Failed to find ptdoc for ptolemy.actor.lib.MultiplyDivide.  Try doing (cd /home/travis/build/icyphy/ptII/doc/test/../../doc; rm codeDoc/ptolemy/actor/lib/Ramp.xml codeDoc/ptolemy/actor/lib/RampIdx.xml; make docs)} {
Failed to find javadoc for ptolemy.actor.lib.MultiplyDivide} {
Failed to find source for ptolemy.actor.lib.MultiplyDivide} {
Failed to find ptdoc for ptolemy.domains.sdf.lib.FFT.  Try doing (cd /home/travis/build/icyphy/ptII/doc/test/../../doc; rm codeDoc/ptolemy/actor/lib/Ramp.xml codeDoc/ptolemy/actor/lib/RampIdx.xml; make docs)} {
Failed to find javadoc for ptolemy.domains.sdf.lib.FFT} {
Failed to find source for ptolemy.domains.sdf.lib.FFT} {
Failed to find ptdoc for ptolemy.actor.lib.DB.  Try doing (cd /home/travis/build/icyphy/ptII/doc/test/../../doc; rm codeDoc/ptolemy/actor/lib/Ramp.xml codeDoc/ptolemy/actor/lib/RampIdx.xml; make docs)} {
Failed to find javadoc for ptolemy.actor.lib.DB} {
Failed to find source for ptolemy.actor.lib.DB} {
Failed to find ptdoc for ptolemy.actor.lib.AbsoluteValue.  Try doing (cd /home/travis/build/icyphy/ptII/doc/test/../../doc; rm codeDoc/ptolemy/actor/lib/Ramp.xml codeDoc/ptolemy/actor/lib/RampIdx.xml; make docs)} {
Failed to find javadoc for ptolemy.actor.lib.AbsoluteValue} {
Failed to find source for ptolemy.actor.lib.AbsoluteValue} {
Failed to find ptdoc for ptolemy.actor.lib.Scale.  Try doing (cd /home/travis/build/icyphy/ptII/doc/test/../../doc; rm codeDoc/ptolemy/actor/lib/Ramp.xml codeDoc/ptolemy/actor/lib/RampIdx.xml; make docs)} {
Failed to find javadoc for ptolemy.actor.lib.Scale} {
Failed to find source for ptolemy.actor.lib.Scale} {
Failed to find ptdoc for ptolemy.actor.lib.Sequence.  Try doing (cd /home/travis/build/icyphy/ptII/doc/test/../../doc; rm codeDoc/ptolemy/actor/lib/Ramp.xml codeDoc/ptolemy/actor/lib/RampIdx.xml; make docs)} {
Failed to find javadoc for ptolemy.actor.lib.Sequence} {
Failed to find source for ptolemy.actor.lib.Sequence} {
Failed to find ptdoc for ptolemy.actor.lib.CurrentTime.  Try doing (cd /home/travis/build/icyphy/ptII/doc/test/../../doc; rm codeDoc/ptolemy/actor/lib/Ramp.xml codeDoc/ptolemy/actor/lib/RampIdx.xml; make docs)} {
Failed to find javadoc for ptolemy.actor.lib.CurrentTime} {
Failed to find source for ptolemy.actor.lib.CurrentTime} {
Failed to find ptdoc for ptolemy.actor.lib.Scale.  Try doing (cd /home/travis/build/icyphy/ptII/doc/test/../../doc; rm codeDoc/ptolemy/actor/lib/Ramp.xml codeDoc/ptolemy/actor/lib/RampIdx.xml; make docs)} {
Failed to find javadoc for ptolemy.actor.lib.Scale} {
Failed to find source for ptolemy.actor.lib.Scale} {
Failed to find ptdoc for ptolemy.actor.lib.TrigFunction.  Try doing (cd /home/travis/build/icyphy/ptII/doc/test/../../doc; rm codeDoc/ptolemy/actor/lib/Ramp.xml codeDoc/ptolemy/actor/lib/RampIdx.xml; make docs)} {
Failed to find javadoc for ptolemy.actor.lib.TrigFunction} {
Failed to find source for ptolemy.actor.lib.TrigFunction} {
Failed to find ptdoc for ptolemy.actor.lib.Const.  Try doing (cd /home/travis/build/icyphy/ptII/doc/test/../../doc; rm codeDoc/ptolemy/actor/lib/Ramp.xml codeDoc/ptolemy/actor/lib/RampIdx.xml; make docs)} {
Failed to find javadoc for ptolemy.actor.lib.Const} {
Failed to find source for ptolemy.actor.lib.Const} {
Failed to find ptdoc for ptolemy.actor.lib.AddSubtract.  Try doing (cd /home/travis/build/icyphy/ptII/doc/test/../../doc; rm codeDoc/ptolemy/actor/lib/Ramp.xml codeDoc/ptolemy/actor/lib/RampIdx.xml; make docs)} {
Failed to find javadoc for ptolemy.actor.lib.AddSubtract} {
Failed to find source for ptolemy.actor.lib.AddSubtract} {
Failed to find ptdoc for ptolemy.actor.lib.Scale.  Try doing (cd /home/travis/build/icyphy/ptII/doc/test/../../doc; rm codeDoc/ptolemy/actor/lib/Ramp.xml codeDoc/ptolemy/actor/lib/RampIdx.xml; make docs)} {
Failed to find javadoc for ptolemy.actor.lib.Scale} {
Failed to find source for ptolemy.actor.lib.Scale} {
Failed to find ptdoc for ptolemy.domains.continuous.lib.ZeroOrderHold.  Try doing (cd /home/travis/build/icyphy/ptII/doc/test/../../doc; rm codeDoc/ptolemy/actor/lib/Ramp.xml codeDoc/ptolemy/actor/lib/RampIdx.xml; make docs)} {
Failed to find javadoc for ptolemy.domains.continuous.lib.ZeroOrderHold} {
Failed to find source for ptolemy.domains.continuous.lib.ZeroOrderHold} {
Failed to find ptdoc for ptolemy.actor.lib.gui.SequencePlotter.  Try doing (cd /home/travis/build/icyphy/ptII/doc/test/../../doc; rm codeDoc/ptolemy/actor/lib/Ramp.xml codeDoc/ptolemy/actor/lib/RampIdx.xml; make docs)} {
Failed to find javadoc for ptolemy.actor.lib.gui.SequencePlotter} {
Failed to find source for ptolemy.actor.lib.gui.SequencePlotter} {
Failed to find ptdoc for ptolemy.actor.lib.MultiplyDivide.  Try doing (cd /home/travis/build/icyphy/ptII/doc/test/../../doc; rm codeDoc/ptolemy/actor/lib/Ramp.xml codeDoc/ptolemy/actor/lib/RampIdx.xml; make docs)} {
Failed to find javadoc for ptolemy.actor.lib.MultiplyDivide} {
Failed to find source for ptolemy.actor.lib.MultiplyDivide} {
Failed to find ptdoc for ptolemy.actor.lib.Pulse.  Try doing (cd /home/travis/build/icyphy/ptII/doc/test/../../doc; rm codeDoc/ptolemy/actor/lib/Ramp.xml codeDoc/ptolemy/actor/lib/RampIdx.xml; make docs)} {
Failed to find javadoc for ptolemy.actor.lib.Pulse} {
Failed to find source for ptolemy.actor.lib.Pulse} {
Failed to find ptdoc for ptolemy.domains.sdf.lib.FFT.  Try doing (cd /home/travis/build/icyphy/ptII/doc/test/../../doc; rm codeDoc/ptolemy/actor/lib/Ramp.xml codeDoc/ptolemy/actor/lib/RampIdx.xml; make docs)} {
Failed to find javadoc for ptolemy.domains.sdf.lib.FFT} {
Failed to find source for ptolemy.domains.sdf.lib.FFT} {
Failed to find ptdoc for ptolemy.actor.lib.DB.  Try doing (cd /home/travis/build/icyphy/ptII/doc/test/../../doc; rm codeDoc/ptolemy/actor/lib/Ramp.xml codeDoc/ptolemy/actor/lib/RampIdx.xml; make docs)} {
Failed to find javadoc for ptolemy.actor.lib.DB} {
Failed to find source for ptolemy.actor.lib.DB} {
Failed to find ptdoc for ptolemy.actor.lib.AbsoluteValue.  Try doing (cd /home/travis/build/icyphy/ptII/doc/test/../../doc; rm codeDoc/ptolemy/actor/lib/Ramp.xml codeDoc/ptolemy/actor/lib/RampIdx.xml; make docs)} {
Failed to find javadoc for ptolemy.actor.lib.AbsoluteValue} {
Failed to find source for ptolemy.actor.lib.AbsoluteValue} {
Failed to find ptdoc for ptolemy.actor.lib.Scale.  Try doing (cd /home/travis/build/icyphy/ptII/doc/test/../../doc; rm codeDoc/ptolemy/actor/lib/Ramp.xml codeDoc/ptolemy/actor/lib/RampIdx.xml; make docs)} {
Failed to find javadoc for ptolemy.actor.lib.Scale} {
Failed to find source for ptolemy.actor.lib.Scale}}
---- Result should have been:
{}
---- visualsense/configuration.xml-6.1 FAILED
 Force everything to get expanded ptolemy/configs/hyvisual/configuration.xml
    (Skipping certain optional packages)
    If you get a 'X connection to xxx:11.0 broken' message, then
    see $PTII/ptolemy/moml/filter/RemoveGraphicalClasses.java
    Or, under Solaris, run java -verbose -classpath 
           ${PTII}/lib/ptjacl.jar:${PTII}/lib/diva.jar:${PTII}
           tcl.lang.Shell xxx.tcl


==== $PTII/doc/test/docManager.tcl: hyvisual/configuration.xml-6.1 Test docClassNameToURL
==== Contents of test case:

        # If this test fails under Travis, the the problem could be
        # that actors have been added to the repository, yet the
        # codeDoc*.jar files in
        # https://github.com/icyphy/ptII/releases/download/nightly/
        # have not been updated.  $PTII/.travis.yml has a deploy
        # section that should copy the jar files if PT_TRAVIS_DOCS ==
        # true.  Note that Travis no longer supports Oracle JDK 8 and
        # JDK 11 does not have backward compatible support for
        # javadoc, so travis is failing to update the download/nightly
        # directory.  Even if Travis updates the codeDoc.jar files,
        # then under JDK 11 the actor index files will not be present
        # because JDK 11 is missing javadoc backward compatibility.

        # One possible fix is to build the jar files under JDK 8 with
        # (cd $PTII/doc; make install)
        # Then upload codeDoc.jar to the nightly release.
        # 1. Go to https://github.com/icyphy/ptII/releases
        # 2. Find the nightly release
        # 3. Click on edit
        # 4. Delete the old codeDoc.jar
        # 5. Upload the new codeDoc.jar
        # For details, see 
        # https://docs.github.com/en/github/administering-a-repository/managing-releases-in-a-repository

	# In general, if we call getName on a public field in an actor,
	# then the name that is returned should be the same as the name
	# of the field.
	set entityList [$configuration allAtomicEntityList]
	set results {}
	for {set iterator [$entityList iterator]}  {[$iterator hasNext] == 1} {} {
		set entity [$iterator next]
		if [java::instanceof $entity ptolemy.actor.TypedAtomicActor] {
		    set actor [java::cast ptolemy.actor.TypedAtomicActor $entity]
		    set className [$actor getClassName]
		    set url [java::call ptolemy.vergil.actor.DocManager  docClassNameToURL  $configuration $className  true false false false]
		    if [java::isnull $url] {
			lappend results "\nFailed to find ptdoc for $className.  Try doing (cd $PTII/doc; rm codeDoc/ptolemy/actor/lib/Ramp.xml codeDoc/ptolemy/actor/lib/RampIdx.xml; make docs)"
		    }


		    set url [java::call ptolemy.vergil.actor.DocManager  docClassNameToURL  $configuration $className  false true false false]
		    if [java::isnull $url] {
			lappend results "\nFailed to find javadoc for $className"
		    }

		    set url [java::call ptolemy.vergil.actor.DocManager  docClassNameToURL  $configuration $className  false true false false]
		    if [java::isnull $url] {
			lappend results "\nFailed to find source for $className"
		    }


		    # For actor index, it is ok to return null
		    set url [java::call ptolemy.vergil.actor.DocManager  docClassNameToURL  $configuration $className  false false false true]
		}
	    }
    list $results	
    
==== Result was:
{{
Failed to find ptdoc for ptolemy.actor.lib.Assert.  Try doing (cd /home/travis/build/icyphy/ptII/doc/test/../../doc; rm codeDoc/ptolemy/actor/lib/Ramp.xml codeDoc/ptolemy/actor/lib/RampIdx.xml; make docs)} {
Failed to find javadoc for ptolemy.actor.lib.Assert} {
Failed to find source for ptolemy.actor.lib.Assert} {
Failed to find ptdoc for ptolemy.actor.lib.Const.  Try doing (cd /home/travis/build/icyphy/ptII/doc/test/../../doc; rm codeDoc/ptolemy/actor/lib/Ramp.xml codeDoc/ptolemy/actor/lib/RampIdx.xml; make docs)} {
Failed to find javadoc for ptolemy.actor.lib.Const} {
Failed to find source for ptolemy.actor.lib.Const} {
Failed to find ptdoc for ptolemy.actor.lib.DiscreteClock.  Try doing (cd /home/travis/build/icyphy/ptII/doc/test/../../doc; rm codeDoc/ptolemy/actor/lib/Ramp.xml codeDoc/ptolemy/actor/lib/RampIdx.xml; make docs)} {
Failed to find javadoc for ptolemy.actor.lib.DiscreteClock} {
Failed to find source for ptolemy.actor.lib.DiscreteClock} {
Failed to find ptdoc for ptolemy.domains.continuous.lib.ZeroOrderHold.  Try doing (cd /home/travis/build/icyphy/ptII/doc/test/../../doc; rm codeDoc/ptolemy/actor/lib/Ramp.xml codeDoc/ptolemy/actor/lib/RampIdx.xml; make docs)} {
Failed to find javadoc for ptolemy.domains.continuous.lib.ZeroOrderHold} {
Failed to find source for ptolemy.domains.continuous.lib.ZeroOrderHold} {
Failed to find ptdoc for ptolemy.actor.lib.CurrentTime.  Try doing (cd /home/travis/build/icyphy/ptII/doc/test/../../doc; rm codeDoc/ptolemy/actor/lib/Ramp.xml codeDoc/ptolemy/actor/lib/RampIdx.xml; make docs)} {
Failed to find javadoc for ptolemy.actor.lib.CurrentTime} {
Failed to find source for ptolemy.actor.lib.CurrentTime} {
Failed to find ptdoc for ptolemy.actor.lib.Clock.  Try doing (cd /home/travis/build/icyphy/ptII/doc/test/../../doc; rm codeDoc/ptolemy/actor/lib/Ramp.xml codeDoc/ptolemy/actor/lib/RampIdx.xml; make docs)} {
Failed to find javadoc for ptolemy.actor.lib.Clock} {
Failed to find source for ptolemy.actor.lib.Clock} {
Failed to find ptdoc for ptolemy.actor.lib.PoissonClock.  Try doing (cd /home/travis/build/icyphy/ptII/doc/test/../../doc; rm codeDoc/ptolemy/actor/lib/Ramp.xml codeDoc/ptolemy/actor/lib/RampIdx.xml; make docs)} {
Failed to find javadoc for ptolemy.actor.lib.PoissonClock} {
Failed to find source for ptolemy.actor.lib.PoissonClock} {
Failed to find ptdoc for ptolemy.actor.lib.TriggeredClock.  Try doing (cd /home/travis/build/icyphy/ptII/doc/test/../../doc; rm codeDoc/ptolemy/actor/lib/Ramp.xml codeDoc/ptolemy/actor/lib/RampIdx.xml; make docs)} {
Failed to find javadoc for ptolemy.actor.lib.TriggeredClock} {
Failed to find source for ptolemy.actor.lib.TriggeredClock} {
Failed to find ptdoc for ptolemy.actor.lib.VariableClock.  Try doing (cd /home/travis/build/icyphy/ptII/doc/test/../../doc; rm codeDoc/ptolemy/actor/lib/Ramp.xml codeDoc/ptolemy/actor/lib/RampIdx.xml; make docs)} {
Failed to find javadoc for ptolemy.actor.lib.VariableClock} {
Failed to find source for ptolemy.actor.lib.VariableClock} {
Failed to find ptdoc for ptolemy.actor.lib.gui.Display.  Try doing (cd /home/travis/build/icyphy/ptII/doc/test/../../doc; rm codeDoc/ptolemy/actor/lib/Ramp.xml codeDoc/ptolemy/actor/lib/RampIdx.xml; make docs)} {
Failed to find javadoc for ptolemy.actor.lib.gui.Display} {
Failed to find source for ptolemy.actor.lib.gui.Display} {
Failed to find ptdoc for ptolemy.actor.lib.gui.MonitorValue.  Try doing (cd /home/travis/build/icyphy/ptII/doc/test/../../doc; rm codeDoc/ptolemy/actor/lib/Ramp.xml codeDoc/ptolemy/actor/lib/RampIdx.xml; make docs)} {
Failed to find javadoc for ptolemy.actor.lib.gui.MonitorValue} {
Failed to find source for ptolemy.actor.lib.gui.MonitorValue} {
Failed to find ptdoc for ptolemy.actor.lib.gui.TimedPlotter.  Try doing (cd /home/travis/build/icyphy/ptII/doc/test/../../doc; rm codeDoc/ptolemy/actor/lib/Ramp.xml codeDoc/ptolemy/actor/lib/RampIdx.xml; make docs)} {
Failed to find javadoc for ptolemy.actor.lib.gui.TimedPlotter} {
Failed to find source for ptolemy.actor.lib.gui.TimedPlotter} {
Failed to find ptdoc for ptolemy.actor.lib.gui.TimedScope.  Try doing (cd /home/travis/build/icyphy/ptII/doc/test/../../doc; rm codeDoc/ptolemy/actor/lib/Ramp.xml codeDoc/ptolemy/actor/lib/RampIdx.xml; make docs)} {
Failed to find javadoc for ptolemy.actor.lib.gui.TimedScope} {
Failed to find source for ptolemy.actor.lib.gui.TimedScope} {
Failed to find ptdoc for ptolemy.actor.lib.gui.XYPlotter.  Try doing (cd /home/travis/build/icyphy/ptII/doc/test/../../doc; rm codeDoc/ptolemy/actor/lib/Ramp.xml codeDoc/ptolemy/actor/lib/RampIdx.xml; make docs)} {
Failed to find javadoc for ptolemy.actor.lib.gui.XYPlotter} {
Failed to find source for ptolemy.actor.lib.gui.XYPlotter} {
Failed to find ptdoc for ptolemy.actor.lib.gui.XYScope.  Try doing (cd /home/travis/build/icyphy/ptII/doc/test/../../doc; rm codeDoc/ptolemy/actor/lib/Ramp.xml codeDoc/ptolemy/actor/lib/RampIdx.xml; make docs)} {
Failed to find javadoc for ptolemy.actor.lib.gui.XYScope} {
Failed to find source for ptolemy.actor.lib.gui.XYScope} {
Failed to find ptdoc for ptolemy.actor.lib.DiscreteClock.  Try doing (cd /home/travis/build/icyphy/ptII/doc/test/../../doc; rm codeDoc/ptolemy/actor/lib/Ramp.xml codeDoc/ptolemy/actor/lib/RampIdx.xml; make docs)} {
Failed to find javadoc for ptolemy.actor.lib.DiscreteClock} {
Failed to find source for ptolemy.actor.lib.DiscreteClock} {
Failed to find ptdoc for ptolemy.domains.continuous.lib.ZeroOrderHold.  Try doing (cd /home/travis/build/icyphy/ptII/doc/test/../../doc; rm codeDoc/ptolemy/actor/lib/Ramp.xml codeDoc/ptolemy/actor/lib/RampIdx.xml; make docs)} {
Failed to find javadoc for ptolemy.domains.continuous.lib.ZeroOrderHold} {
Failed to find source for ptolemy.domains.continuous.lib.ZeroOrderHold} {
Failed to find ptdoc for ptolemy.actor.lib.DiscreteClock.  Try doing (cd /home/travis/build/icyphy/ptII/doc/test/../../doc; rm codeDoc/ptolemy/actor/lib/Ramp.xml codeDoc/ptolemy/actor/lib/RampIdx.xml; make docs)} {
Failed to find javadoc for ptolemy.actor.lib.DiscreteClock} {
Failed to find source for ptolemy.actor.lib.DiscreteClock} {
Failed to find ptdoc for ptolemy.actor.lib.SingleEvent.  Try doing (cd /home/travis/build/icyphy/ptII/doc/test/../../doc; rm codeDoc/ptolemy/actor/lib/Ramp.xml codeDoc/ptolemy/actor/lib/RampIdx.xml; make docs)} {
Failed to find javadoc for ptolemy.actor.lib.SingleEvent} {
Failed to find source for ptolemy.actor.lib.SingleEvent} {
Failed to find ptdoc for ptolemy.domains.continuous.lib.Waveform.  Try doing (cd /home/travis/build/icyphy/ptII/doc/test/../../doc; rm codeDoc/ptolemy/actor/lib/Ramp.xml codeDoc/ptolemy/actor/lib/RampIdx.xml; make docs)} {
Failed to find javadoc for ptolemy.domains.continuous.lib.Waveform} {
Failed to find source for ptolemy.domains.continuous.lib.Waveform} {
Failed to find ptdoc for ptolemy.domains.continuous.lib.LevelCrossingDetector.  Try doing (cd /home/travis/build/icyphy/ptII/doc/test/../../doc; rm codeDoc/ptolemy/actor/lib/Ramp.xml codeDoc/ptolemy/actor/lib/RampIdx.xml; make docs)} {
Failed to find javadoc for ptolemy.domains.continuous.lib.LevelCrossingDetector} {
Failed to find source for ptolemy.domains.continuous.lib.LevelCrossingDetector} {
Failed to find ptdoc for ptolemy.domains.continuous.lib.PeriodicSampler.  Try doing (cd /home/travis/build/icyphy/ptII/doc/test/../../doc; rm codeDoc/ptolemy/actor/lib/Ramp.xml codeDoc/ptolemy/actor/lib/RampIdx.xml; make docs)} {
Failed to find javadoc for ptolemy.domains.continuous.lib.PeriodicSampler} {
Failed to find source for ptolemy.domains.continuous.lib.PeriodicSampler} {
Failed to find ptdoc for ptolemy.actor.lib.Sampler.  Try doing (cd /home/travis/build/icyphy/ptII/doc/test/../../doc; rm codeDoc/ptolemy/actor/lib/Ramp.xml codeDoc/ptolemy/actor/lib/RampIdx.xml; make docs)} {
Failed to find javadoc for ptolemy.actor.lib.Sampler} {
Failed to find source for ptolemy.actor.lib.Sampler} {
Failed to find ptdoc for ptolemy.domains.continuous.lib.ZeroOrderHold.  Try doing (cd /home/travis/build/icyphy/ptII/doc/test/../../doc; rm codeDoc/ptolemy/actor/lib/Ramp.xml codeDoc/ptolemy/actor/lib/RampIdx.xml; make docs)} {
Failed to find javadoc for ptolemy.domains.continuous.lib.ZeroOrderHold} {
Failed to find source for ptolemy.domains.continuous.lib.ZeroOrderHold} {
Failed to find ptdoc for ptolemy.actor.lib.Scale.  Try doing (cd /home/travis/build/icyphy/ptII/doc/test/../../doc; rm codeDoc/ptolemy/actor/lib/Ramp.xml codeDoc/ptolemy/actor/lib/RampIdx.xml; make docs)} {
Failed to find javadoc for ptolemy.actor.lib.Scale} {
Failed to find source for ptolemy.actor.lib.Scale} {
Failed to find ptdoc for ptolemy.actor.lib.AddSubtract.  Try doing (cd /home/travis/build/icyphy/ptII/doc/test/../../doc; rm codeDoc/ptolemy/actor/lib/Ramp.xml codeDoc/ptolemy/actor/lib/RampIdx.xml; make docs)} {
Failed to find javadoc for ptolemy.actor.lib.AddSubtract} {
Failed to find source for ptolemy.actor.lib.AddSubtract} {
Failed to find ptdoc for ptolemy.actor.lib.Scale.  Try doing (cd /home/travis/build/icyphy/ptII/doc/test/../../doc; rm codeDoc/ptolemy/actor/lib/Ramp.xml codeDoc/ptolemy/actor/lib/RampIdx.xml; make docs)} {
Failed to find javadoc for ptolemy.actor.lib.Scale} {
Failed to find source for ptolemy.actor.lib.Scale} {
Failed to find ptdoc for ptolemy.actor.lib.AddSubtract.  Try doing (cd /home/travis/build/icyphy/ptII/doc/test/../../doc; rm codeDoc/ptolemy/actor/lib/Ramp.xml codeDoc/ptolemy/actor/lib/RampIdx.xml; make docs)} {
Failed to find javadoc for ptolemy.actor.lib.AddSubtract} {
Failed to find source for ptolemy.actor.lib.AddSubtract} {
Failed to find ptdoc for ptolemy.domains.continuous.lib.Integrator.  Try doing (cd /home/travis/build/icyphy/ptII/doc/test/../../doc; rm codeDoc/ptolemy/actor/lib/Ramp.xml codeDoc/ptolemy/actor/lib/RampIdx.xml; make docs)} {
Failed to find javadoc for ptolemy.domains.continuous.lib.Integrator} {
Failed to find source for ptolemy.domains.continuous.lib.Integrator} {
Failed to find ptdoc for ptolemy.actor.lib.Scale.  Try doing (cd /home/travis/build/icyphy/ptII/doc/test/../../doc; rm codeDoc/ptolemy/actor/lib/Ramp.xml codeDoc/ptolemy/actor/lib/RampIdx.xml; make docs)} {
Failed to find javadoc for ptolemy.actor.lib.Scale} {
Failed to find source for ptolemy.actor.lib.Scale} {
Failed to find ptdoc for ptolemy.actor.lib.Scale.  Try doing (cd /home/travis/build/icyphy/ptII/doc/test/../../doc; rm codeDoc/ptolemy/actor/lib/Ramp.xml codeDoc/ptolemy/actor/lib/RampIdx.xml; make docs)} {
Failed to find javadoc for ptolemy.actor.lib.Scale} {
Failed to find source for ptolemy.actor.lib.Scale} {
Failed to find ptdoc for ptolemy.actor.lib.Scale.  Try doing (cd /home/travis/build/icyphy/ptII/doc/test/../../doc; rm codeDoc/ptolemy/actor/lib/Ramp.xml codeDoc/ptolemy/actor/lib/RampIdx.xml; make docs)} {
Failed to find javadoc for ptolemy.actor.lib.Scale} {
Failed to find source for ptolemy.actor.lib.Scale} {
Failed to find ptdoc for ptolemy.domains.continuous.lib.Integrator.  Try doing (cd /home/travis/build/icyphy/ptII/doc/test/../../doc; rm codeDoc/ptolemy/actor/lib/Ramp.xml codeDoc/ptolemy/actor/lib/RampIdx.xml; make docs)} {
Failed to find javadoc for ptolemy.domains.continuous.lib.Integrator} {
Failed to find source for ptolemy.domains.continuous.lib.Integrator} {
Failed to find ptdoc for ptolemy.actor.lib.Default.  Try doing (cd /home/travis/build/icyphy/ptII/doc/test/../../doc; rm codeDoc/ptolemy/actor/lib/Ramp.xml codeDoc/ptolemy/actor/lib/RampIdx.xml; make docs)} {
Failed to find javadoc for ptolemy.actor.lib.Default} {
Failed to find source for ptolemy.actor.lib.Default} {
Failed to find ptdoc for ptolemy.actor.lib.Const.  Try doing (cd /home/travis/build/icyphy/ptII/doc/test/../../doc; rm codeDoc/ptolemy/actor/lib/Ramp.xml codeDoc/ptolemy/actor/lib/RampIdx.xml; make docs)} {
Failed to find javadoc for ptolemy.actor.lib.Const} {
Failed to find source for ptolemy.actor.lib.Const} {
Failed to find ptdoc for ptolemy.domains.continuous.lib.Derivative.  Try doing (cd /home/travis/build/icyphy/ptII/doc/test/../../doc; rm codeDoc/ptolemy/actor/lib/Ramp.xml codeDoc/ptolemy/actor/lib/RampIdx.xml; make docs)} {
Failed to find javadoc for ptolemy.domains.continuous.lib.Derivative} {
Failed to find source for ptolemy.domains.continuous.lib.Derivative} {
Failed to find ptdoc for ptolemy.domains.continuous.lib.Integrator.  Try doing (cd /home/travis/build/icyphy/ptII/doc/test/../../doc; rm codeDoc/ptolemy/actor/lib/Ramp.xml codeDoc/ptolemy/actor/lib/RampIdx.xml; make docs)} {
Failed to find javadoc for ptolemy.domains.continuous.lib.Integrator} {
Failed to find source for ptolemy.domains.continuous.lib.Integrator} {
Failed to find ptdoc for ptolemy.domains.continuous.lib.BandlimitedNoise.  Try doing (cd /home/travis/build/icyphy/ptII/doc/test/../../doc; rm codeDoc/ptolemy/actor/lib/Ramp.xml codeDoc/ptolemy/actor/lib/RampIdx.xml; make docs)} {
Failed to find javadoc for ptolemy.domains.continuous.lib.BandlimitedNoise} {
Failed to find source for ptolemy.domains.continuous.lib.BandlimitedNoise} {
Failed to find ptdoc for ptolemy.domains.continuous.lib.Noise.  Try doing (cd /home/travis/build/icyphy/ptII/doc/test/../../doc; rm codeDoc/ptolemy/actor/lib/Ramp.xml codeDoc/ptolemy/actor/lib/RampIdx.xml; make docs)} {
Failed to find javadoc for ptolemy.domains.continuous.lib.Noise} {
Failed to find source for ptolemy.domains.continuous.lib.Noise} {
Failed to find ptdoc for ptolemy.actor.lib.MicrostepDelay.  Try doing (cd /home/travis/build/icyphy/ptII/doc/test/../../doc; rm codeDoc/ptolemy/actor/lib/Ramp.xml codeDoc/ptolemy/actor/lib/RampIdx.xml; make docs)} {
Failed to find javadoc for ptolemy.actor.lib.MicrostepDelay} {
Failed to find source for ptolemy.actor.lib.MicrostepDelay} {
Failed to find ptdoc for ptolemy.actor.lib.ResettableTimer.  Try doing (cd /home/travis/build/icyphy/ptII/doc/test/../../doc; rm codeDoc/ptolemy/actor/lib/Ramp.xml codeDoc/ptolemy/actor/lib/RampIdx.xml; make docs)} {
Failed to find javadoc for ptolemy.actor.lib.ResettableTimer} {
Failed to find source for ptolemy.actor.lib.ResettableTimer} {
Failed to find ptdoc for ptolemy.domains.continuous.lib.ContinuousMerge.  Try doing (cd /home/travis/build/icyphy/ptII/doc/test/../../doc; rm codeDoc/ptolemy/actor/lib/Ramp.xml codeDoc/ptolemy/actor/lib/RampIdx.xml; make docs)} {
Failed to find javadoc for ptolemy.domains.continuous.lib.ContinuousMerge} {
Failed to find source for ptolemy.domains.continuous.lib.ContinuousMerge} {
Failed to find ptdoc for ptolemy.actor.lib.Accumulator.  Try doing (cd /home/travis/build/icyphy/ptII/doc/test/../../doc; rm codeDoc/ptolemy/actor/lib/Ramp.xml codeDoc/ptolemy/actor/lib/RampIdx.xml; make docs)} {
Failed to find javadoc for ptolemy.actor.lib.Accumulator} {
Failed to find source for ptolemy.actor.lib.Accumulator} {
Failed to find ptdoc for ptolemy.actor.lib.Average.  Try doing (cd /home/travis/build/icyphy/ptII/doc/test/../../doc; rm codeDoc/ptolemy/actor/lib/Ramp.xml codeDoc/ptolemy/actor/lib/RampIdx.xml; make docs)} {
Failed to find javadoc for ptolemy.actor.lib.Average} {
Failed to find source for ptolemy.actor.lib.Average} {
Failed to find ptdoc for ptolemy.actor.lib.DB.  Try doing (cd /home/travis/build/icyphy/ptII/doc/test/../../doc; rm codeDoc/ptolemy/actor/lib/Ramp.xml codeDoc/ptolemy/actor/lib/RampIdx.xml; make docs)} {
Failed to find javadoc for ptolemy.actor.lib.DB} {
Failed to find source for ptolemy.actor.lib.DB} {
Failed to find ptdoc for ptolemy.actor.lib.Differential.  Try doing (cd /home/travis/build/icyphy/ptII/doc/test/../../doc; rm codeDoc/ptolemy/actor/lib/Ramp.xml codeDoc/ptolemy/actor/lib/RampIdx.xml; make docs)} {
Failed to find javadoc for ptolemy.actor.lib.Differential} {
Failed to find source for ptolemy.actor.lib.Differential} {
Failed to find ptdoc for ptolemy.domains.sdf.lib.FIR.  Try doing (cd /home/travis/build/icyphy/ptII/doc/test/../../doc; rm codeDoc/ptolemy/actor/lib/Ramp.xml codeDoc/ptolemy/actor/lib/RampIdx.xml; make docs)} {
Failed to find javadoc for ptolemy.domains.sdf.lib.FIR} {
Failed to find source for ptolemy.domains.sdf.lib.FIR} {
Failed to find ptdoc for ptolemy.actor.lib.IIR.  Try doing (cd /home/travis/build/icyphy/ptII/doc/test/../../doc; rm codeDoc/ptolemy/actor/lib/Ramp.xml codeDoc/ptolemy/actor/lib/RampIdx.xml; make docs)} {
Failed to find javadoc for ptolemy.actor.lib.IIR} {
Failed to find source for ptolemy.actor.lib.IIR} {
Failed to find ptdoc for ptolemy.actor.lib.Lattice.  Try doing (cd /home/travis/build/icyphy/ptII/doc/test/../../doc; rm codeDoc/ptolemy/actor/lib/Ramp.xml codeDoc/ptolemy/actor/lib/RampIdx.xml; make docs)} {
Failed to find javadoc for ptolemy.actor.lib.Lattice} {
Failed to find source for ptolemy.actor.lib.Lattice} {
Failed to find ptdoc for ptolemy.actor.lib.LinearDifferenceEquationSystem.  Try doing (cd /home/travis/build/icyphy/ptII/doc/test/../../doc; rm codeDoc/ptolemy/actor/lib/Ramp.xml codeDoc/ptolemy/actor/lib/RampIdx.xml; make docs)} {
Failed to find javadoc for ptolemy.actor.lib.LinearDifferenceEquationSystem} {
Failed to find source for ptolemy.actor.lib.LinearDifferenceEquationSystem} {
Failed to find ptdoc for ptolemy.domains.sdf.lib.LMSAdaptive.  Try doing (cd /home/travis/build/icyphy/ptII/doc/test/../../doc; rm codeDoc/ptolemy/actor/lib/Ramp.xml codeDoc/ptolemy/actor/lib/RampIdx.xml; make docs)} {
Failed to find javadoc for ptolemy.domains.sdf.lib.LMSAdaptive} {
Failed to find source for ptolemy.domains.sdf.lib.LMSAdaptive} {
Failed to find ptdoc for ptolemy.actor.lib.IIR.  Try doing (cd /home/travis/build/icyphy/ptII/doc/test/../../doc; rm codeDoc/ptolemy/actor/lib/Ramp.xml codeDoc/ptolemy/actor/lib/RampIdx.xml; make docs)} {
Failed to find javadoc for ptolemy.actor.lib.IIR} {
Failed to find source for ptolemy.actor.lib.IIR} {
Failed to find ptdoc for ptolemy.actor.lib.DB.  Try doing (cd /home/travis/build/icyphy/ptII/doc/test/../../doc; rm codeDoc/ptolemy/actor/lib/Ramp.xml codeDoc/ptolemy/actor/lib/RampIdx.xml; make docs)} {
Failed to find javadoc for ptolemy.actor.lib.DB} {
Failed to find source for ptolemy.actor.lib.DB} {
Failed to find ptdoc for ptolemy.actor.lib.Scale.  Try doing (cd /home/travis/build/icyphy/ptII/doc/test/../../doc; rm codeDoc/ptolemy/actor/lib/Ramp.xml codeDoc/ptolemy/actor/lib/RampIdx.xml; make docs)} {
Failed to find javadoc for ptolemy.actor.lib.Scale} {
Failed to find source for ptolemy.actor.lib.Scale} {
Failed to find ptdoc for ptolemy.actor.lib.MathFunction.  Try doing (cd /home/travis/build/icyphy/ptII/doc/test/../../doc; rm codeDoc/ptolemy/actor/lib/Ramp.xml codeDoc/ptolemy/actor/lib/RampIdx.xml; make docs)} {
Failed to find javadoc for ptolemy.actor.lib.MathFunction} {
Failed to find source for ptolemy.actor.lib.MathFunction} {
Failed to find ptdoc for ptolemy.actor.lib.RecursiveLattice.  Try doing (cd /home/travis/build/icyphy/ptII/doc/test/../../doc; rm codeDoc/ptolemy/actor/lib/Ramp.xml codeDoc/ptolemy/actor/lib/RampIdx.xml; make docs)} {
Failed to find javadoc for ptolemy.actor.lib.RecursiveLattice} {
Failed to find source for ptolemy.actor.lib.RecursiveLattice} {
Failed to find ptdoc for ptolemy.domains.sdf.lib.VariableFIR.  Try doing (cd /home/travis/build/icyphy/ptII/doc/test/../../doc; rm codeDoc/ptolemy/actor/lib/Ramp.xml codeDoc/ptolemy/actor/lib/RampIdx.xml; make docs)} {
Failed to find javadoc for ptolemy.domains.sdf.lib.VariableFIR} {
Failed to find source for ptolemy.domains.sdf.lib.VariableFIR} {
Failed to find ptdoc for ptolemy.domains.sdf.lib.VariableLattice.  Try doing (cd /home/travis/build/icyphy/ptII/doc/test/../../doc; rm codeDoc/ptolemy/actor/lib/Ramp.xml codeDoc/ptolemy/actor/lib/RampIdx.xml; make docs)} {
Failed to find javadoc for ptolemy.domains.sdf.lib.VariableLattice} {
Failed to find source for ptolemy.domains.sdf.lib.VariableLattice} {
Failed to find ptdoc for ptolemy.domains.sdf.lib.VariableRecursiveLattice.  Try doing (cd /home/travis/build/icyphy/ptII/doc/test/../../doc; rm codeDoc/ptolemy/actor/lib/Ramp.xml codeDoc/ptolemy/actor/lib/RampIdx.xml; make docs)} {
Failed to find javadoc for ptolemy.domains.sdf.lib.VariableRecursiveLattice} {
Failed to find source for ptolemy.domains.sdf.lib.VariableRecursiveLattice} {
Failed to find ptdoc for ptolemy.actor.lib.ArrayAppend.  Try doing (cd /home/travis/build/icyphy/ptII/doc/test/../../doc; rm codeDoc/ptolemy/actor/lib/Ramp.xml codeDoc/ptolemy/actor/lib/RampIdx.xml; make docs)} {
Failed to find javadoc for ptolemy.actor.lib.ArrayAppend} {
Failed to find source for ptolemy.actor.lib.ArrayAppend} {
Failed to find ptdoc for ptolemy.actor.lib.ArrayElement.  Try doing (cd /home/travis/build/icyphy/ptII/doc/test/../../doc; rm codeDoc/ptolemy/actor/lib/Ramp.xml codeDoc/ptolemy/actor/lib/RampIdx.xml; make docs)} {
Failed to find javadoc for ptolemy.actor.lib.ArrayElement} {
Failed to find source for ptolemy.actor.lib.ArrayElement} {
Failed to find ptdoc for ptolemy.actor.lib.ArrayExtract.  Try doing (cd /home/travis/build/icyphy/ptII/doc/test/../../doc; rm codeDoc/ptolemy/actor/lib/Ramp.xml codeDoc/ptolemy/actor/lib/RampIdx.xml; make docs)} {
Failed to find javadoc for ptolemy.actor.lib.ArrayExtract} {
Failed to find source for ptolemy.actor.lib.ArrayExtract} {
Failed to find ptdoc for ptolemy.actor.lib.ArrayLength.  Try doing (cd /home/travis/build/icyphy/ptII/doc/test/../../doc; rm codeDoc/ptolemy/actor/lib/Ramp.xml codeDoc/ptolemy/actor/lib/RampIdx.xml; make docs)} {
Failed to find javadoc for ptolemy.actor.lib.ArrayLength} {
Failed to find source for ptolemy.actor.lib.ArrayLength} {
Failed to find ptdoc for ptolemy.actor.lib.conversions.AnythingToDouble.  Try doing (cd /home/travis/build/icyphy/ptII/doc/test/../../doc; rm codeDoc/ptolemy/actor/lib/Ramp.xml codeDoc/ptolemy/actor/lib/RampIdx.xml; make docs)} {
Failed to find javadoc for ptolemy.actor.lib.conversions.AnythingToDouble} {
Failed to find source for ptolemy.actor.lib.conversions.AnythingToDouble} {
Failed to find ptdoc for ptolemy.actor.lib.conversions.BooleanToAnything.  Try doing (cd /home/travis/build/icyphy/ptII/doc/test/../../doc; rm codeDoc/ptolemy/actor/lib/Ramp.xml codeDoc/ptolemy/actor/lib/RampIdx.xml; make docs)} {
Failed to find javadoc for ptolemy.actor.lib.conversions.BooleanToAnything} {
Failed to find source for ptolemy.actor.lib.conversions.BooleanToAnything} {
Failed to find ptdoc for ptolemy.domains.sdf.lib.BitsToInt.  Try doing (cd /home/travis/build/icyphy/ptII/doc/test/../../doc; rm codeDoc/ptolemy/actor/lib/Ramp.xml codeDoc/ptolemy/actor/lib/RampIdx.xml; make docs)} {
Failed to find javadoc for ptolemy.domains.sdf.lib.BitsToInt} {
Failed to find source for ptolemy.domains.sdf.lib.BitsToInt} {
Failed to find ptdoc for ptolemy.actor.lib.conversions.CartesianToComplex.  Try doing (cd /home/travis/build/icyphy/ptII/doc/test/../../doc; rm codeDoc/ptolemy/actor/lib/Ramp.xml codeDoc/ptolemy/actor/lib/RampIdx.xml; make docs)} {
Failed to find javadoc for ptolemy.actor.lib.conversions.CartesianToComplex} {
Failed to find source for ptolemy.actor.lib.conversions.CartesianToComplex} {
Failed to find ptdoc for ptolemy.actor.lib.conversions.CartesianToPolar.  Try doing (cd /home/travis/build/icyphy/ptII/doc/test/../../doc; rm codeDoc/ptolemy/actor/lib/Ramp.xml codeDoc/ptolemy/actor/lib/RampIdx.xml; make docs)} {
Failed to find javadoc for ptolemy.actor.lib.conversions.CartesianToPolar} {
Failed to find source for ptolemy.actor.lib.conversions.CartesianToPolar} {
Failed to find ptdoc for ptolemy.actor.lib.conversions.ComplexToCartesian.  Try doing (cd /home/travis/build/icyphy/ptII/doc/test/../../doc; rm codeDoc/ptolemy/actor/lib/Ramp.xml codeDoc/ptolemy/actor/lib/RampIdx.xml; make docs)} {
Failed to find javadoc for ptolemy.actor.lib.conversions.ComplexToCartesian} {
Failed to find source for ptolemy.actor.lib.conversions.ComplexToCartesian} {
Failed to find ptdoc for ptolemy.actor.lib.conversions.ComplexToPolar.  Try doing (cd /home/travis/build/icyphy/ptII/doc/test/../../doc; rm codeDoc/ptolemy/actor/lib/Ramp.xml codeDoc/ptolemy/actor/lib/RampIdx.xml; make docs)} {
Failed to find javadoc for ptolemy.actor.lib.conversions.ComplexToPolar} {
Failed to find source for ptolemy.actor.lib.conversions.ComplexToPolar} {
Failed to find ptdoc for ptolemy.actor.lib.conversions.DateToString.  Try doing (cd /home/travis/build/icyphy/ptII/doc/test/../../doc; rm codeDoc/ptolemy/actor/lib/Ramp.xml codeDoc/ptolemy/actor/lib/RampIdx.xml; make docs)} {
Failed to find javadoc for ptolemy.actor.lib.conversions.DateToString} {
Failed to find source for ptolemy.actor.lib.conversions.DateToString} {
Failed to find ptdoc for ptolemy.actor.lib.conversions.DoubleToFix.  Try doing (cd /home/travis/build/icyphy/ptII/doc/test/../../doc; rm codeDoc/ptolemy/actor/lib/Ramp.xml codeDoc/ptolemy/actor/lib/RampIdx.xml; make docs)} {
Failed to find javadoc for ptolemy.actor.lib.conversions.DoubleToFix} {
Failed to find source for ptolemy.actor.lib.conversions.DoubleToFix} {
Failed to find ptdoc for ptolemy.actor.lib.conversions.ExpressionToToken.  Try doing (cd /home/travis/build/icyphy/ptII/doc/test/../../doc; rm codeDoc/ptolemy/actor/lib/Ramp.xml codeDoc/ptolemy/actor/lib/RampIdx.xml; make docs)} {
Failed to find javadoc for ptolemy.actor.lib.conversions.ExpressionToToken} {
Failed to find source for ptolemy.actor.lib.conversions.ExpressionToToken} {
Failed to find ptdoc for ptolemy.actor.lib.conversions.FixToDouble.  Try doing (cd /home/travis/build/icyphy/ptII/doc/test/../../doc; rm codeDoc/ptolemy/actor/lib/Ramp.xml codeDoc/ptolemy/actor/lib/RampIdx.xml; make docs)} {
Failed to find javadoc for ptolemy.actor.lib.conversions.FixToDouble} {
Failed to find source for ptolemy.actor.lib.conversions.FixToDouble} {
Failed to find ptdoc for ptolemy.actor.lib.conversions.FixToFix.  Try doing (cd /home/travis/build/icyphy/ptII/doc/test/../../doc; rm codeDoc/ptolemy/actor/lib/Ramp.xml codeDoc/ptolemy/actor/lib/RampIdx.xml; make docs)} {
Failed to find javadoc for ptolemy.actor.lib.conversions.FixToFix} {
Failed to find source for ptolemy.actor.lib.conversions.FixToFix} {
Failed to find ptdoc for ptolemy.actor.lib.conversions.ImageToString.  Try doing (cd /home/travis/build/icyphy/ptII/doc/test/../../doc; rm codeDoc/ptolemy/actor/lib/Ramp.xml codeDoc/ptolemy/actor/lib/RampIdx.xml; make docs)} {
Failed to find javadoc for ptolemy.actor.lib.conversions.ImageToString} {
Failed to find source for ptolemy.actor.lib.conversions.ImageToString} {
Failed to find ptdoc for ptolemy.actor.lib.conversions.IntArrayToString.  Try doing (cd /home/travis/build/icyphy/ptII/doc/test/../../doc; rm codeDoc/ptolemy/actor/lib/Ramp.xml codeDoc/ptolemy/actor/lib/RampIdx.xml; make docs)} {
Failed to find javadoc for ptolemy.actor.lib.conversions.IntArrayToString} {
Failed to find source for ptolemy.actor.lib.conversions.IntArrayToString} {
Failed to find ptdoc for ptolemy.domains.sdf.lib.IntToBits.  Try doing (cd /home/travis/build/icyphy/ptII/doc/test/../../doc; rm codeDoc/ptolemy/actor/lib/Ramp.xml codeDoc/ptolemy/actor/lib/RampIdx.xml; make docs)} {
Failed to find javadoc for ptolemy.domains.sdf.lib.IntToBits} {
Failed to find source for ptolemy.domains.sdf.lib.IntToBits} {
Failed to find ptdoc for ptolemy.actor.lib.conversions.InUnitsOf.  Try doing (cd /home/travis/build/icyphy/ptII/doc/test/../../doc; rm codeDoc/ptolemy/actor/lib/Ramp.xml codeDoc/ptolemy/actor/lib/RampIdx.xml; make docs)} {
Failed to find javadoc for ptolemy.actor.lib.conversions.InUnitsOf} {
Failed to find source for ptolemy.actor.lib.conversions.InUnitsOf} {
Failed to find ptdoc for ptolemy.actor.lib.conversions.json.JSONToToken.  Try doing (cd /home/travis/build/icyphy/ptII/doc/test/../../doc; rm codeDoc/ptolemy/actor/lib/Ramp.xml codeDoc/ptolemy/actor/lib/RampIdx.xml; make docs)} {
Failed to find javadoc for ptolemy.actor.lib.conversions.json.JSONToToken} {
Failed to find source for ptolemy.actor.lib.conversions.json.JSONToToken} {
Failed to find ptdoc for ptolemy.actor.lib.conversions.json.TokenToJSON.  Try doing (cd /home/travis/build/icyphy/ptII/doc/test/../../doc; rm codeDoc/ptolemy/actor/lib/Ramp.xml codeDoc/ptolemy/actor/lib/RampIdx.xml; make docs)} {
Failed to find javadoc for ptolemy.actor.lib.conversions.json.TokenToJSON} {
Failed to find source for ptolemy.actor.lib.conversions.json.TokenToJSON} {
Failed to find ptdoc for ptolemy.actor.lib.conversions.LongToDouble.  Try doing (cd /home/travis/build/icyphy/ptII/doc/test/../../doc; rm codeDoc/ptolemy/actor/lib/Ramp.xml codeDoc/ptolemy/actor/lib/RampIdx.xml; make docs)} {
Failed to find javadoc for ptolemy.actor.lib.conversions.LongToDouble} {
Failed to find source for ptolemy.actor.lib.conversions.LongToDouble} {
Failed to find ptdoc for ptolemy.actor.lib.conversions.PolarToCartesian.  Try doing (cd /home/travis/build/icyphy/ptII/doc/test/../../doc; rm codeDoc/ptolemy/actor/lib/Ramp.xml codeDoc/ptolemy/actor/lib/RampIdx.xml; make docs)} {
Failed to find javadoc for ptolemy.actor.lib.conversions.PolarToCartesian} {
Failed to find source for ptolemy.actor.lib.conversions.PolarToCartesian} {
Failed to find ptdoc for ptolemy.actor.lib.conversions.PolarToComplex.  Try doing (cd /home/travis/build/icyphy/ptII/doc/test/../../doc; rm codeDoc/ptolemy/actor/lib/Ramp.xml codeDoc/ptolemy/actor/lib/RampIdx.xml; make docs)} {
Failed to find javadoc for ptolemy.actor.lib.conversions.PolarToComplex} {
Failed to find source for ptolemy.actor.lib.conversions.PolarToComplex} {
Failed to find ptdoc for ptolemy.actor.lib.conversions.Round.  Try doing (cd /home/travis/build/icyphy/ptII/doc/test/../../doc; rm codeDoc/ptolemy/actor/lib/Ramp.xml codeDoc/ptolemy/actor/lib/RampIdx.xml; make docs)} {
Failed to find javadoc for ptolemy.actor.lib.conversions.Round} {
Failed to find source for ptolemy.actor.lib.conversions.Round} {
Failed to find ptdoc for ptolemy.actor.lib.conversions.SmoothToDouble.  Try doing (cd /home/travis/build/icyphy/ptII/doc/test/../../doc; rm codeDoc/ptolemy/actor/lib/Ramp.xml codeDoc/ptolemy/actor/lib/RampIdx.xml; make docs)} {
Failed to find javadoc for ptolemy.actor.lib.conversions.SmoothToDouble} {
Failed to find source for ptolemy.actor.lib.conversions.SmoothToDouble} {
Failed to find ptdoc for ptolemy.actor.lib.conversions.StringToBoolean.  Try doing (cd /home/travis/build/icyphy/ptII/doc/test/../../doc; rm codeDoc/ptolemy/actor/lib/Ramp.xml codeDoc/ptolemy/actor/lib/RampIdx.xml; make docs)} {
Failed to find javadoc for ptolemy.actor.lib.conversions.StringToBoolean} {
Failed to find source for ptolemy.actor.lib.conversions.StringToBoolean} {
Failed to find ptdoc for ptolemy.actor.lib.conversions.StringToDouble.  Try doing (cd /home/travis/build/icyphy/ptII/doc/test/../../doc; rm codeDoc/ptolemy/actor/lib/Ramp.xml codeDoc/ptolemy/actor/lib/RampIdx.xml; make docs)} {
Failed to find javadoc for ptolemy.actor.lib.conversions.StringToDouble} {
Failed to find source for ptolemy.actor.lib.conversions.StringToDouble} {
Failed to find ptdoc for ptolemy.actor.lib.conversions.StringToInt.  Try doing (cd /home/travis/build/icyphy/ptII/doc/test/../../doc; rm codeDoc/ptolemy/actor/lib/Ramp.xml codeDoc/ptolemy/actor/lib/RampIdx.xml; make docs)} {
Failed to find javadoc for ptolemy.actor.lib.conversions.StringToInt} {
Failed to find source for ptolemy.actor.lib.conversions.StringToInt} {
Failed to find ptdoc for ptolemy.actor.lib.conversions.StringToIntArray.  Try doing (cd /home/travis/build/icyphy/ptII/doc/test/../../doc; rm codeDoc/ptolemy/actor/lib/Ramp.xml codeDoc/ptolemy/actor/lib/RampIdx.xml; make docs)} {
Failed to find javadoc for ptolemy.actor.lib.conversions.StringToIntArray} {
Failed to find source for ptolemy.actor.lib.conversions.StringToIntArray} {
Failed to find ptdoc for ptolemy.actor.lib.conversions.StringToUnsignedByteArray.  Try doing (cd /home/travis/build/icyphy/ptII/doc/test/../../doc; rm codeDoc/ptolemy/actor/lib/Ramp.xml codeDoc/ptolemy/actor/lib/RampIdx.xml; make docs)} {
Failed to find javadoc for ptolemy.actor.lib.conversions.StringToUnsignedByteArray} {
Failed to find source for ptolemy.actor.lib.conversions.StringToUnsignedByteArray} {
Failed to find ptdoc for ptolemy.actor.lib.conversions.StringToXML.  Try doing (cd /home/travis/build/icyphy/ptII/doc/test/../../doc; rm codeDoc/ptolemy/actor/lib/Ramp.xml codeDoc/ptolemy/actor/lib/RampIdx.xml; make docs)} {
Failed to find javadoc for ptolemy.actor.lib.conversions.StringToXML} {
Failed to find source for ptolemy.actor.lib.conversions.StringToXML} {
Failed to find ptdoc for ptolemy.actor.lib.conversions.TokenToExpression.  Try doing (cd /home/travis/build/icyphy/ptII/doc/test/../../doc; rm codeDoc/ptolemy/actor/lib/Ramp.xml codeDoc/ptolemy/actor/lib/RampIdx.xml; make docs)} {
Failed to find javadoc for ptolemy.actor.lib.conversions.TokenToExpression} {
Failed to find source for ptolemy.actor.lib.conversions.TokenToExpression} {
Failed to find ptdoc for ptolemy.actor.lib.conversions.UnsignedByteArrayToString.  Try doing (cd /home/travis/build/icyphy/ptII/doc/test/../../doc; rm codeDoc/ptolemy/actor/lib/Ramp.xml codeDoc/ptolemy/actor/lib/RampIdx.xml; make docs)} {
Failed to find javadoc for ptolemy.actor.lib.conversions.UnsignedByteArrayToString} {
Failed to find source for ptolemy.actor.lib.conversions.UnsignedByteArrayToString} {
Failed to find ptdoc for ptolemy.actor.lib.BooleanMultiplexor.  Try doing (cd /home/travis/build/icyphy/ptII/doc/test/../../doc; rm codeDoc/ptolemy/actor/lib/Ramp.xml codeDoc/ptolemy/actor/lib/RampIdx.xml; make docs)} {
Failed to find javadoc for ptolemy.actor.lib.BooleanMultiplexor} {
Failed to find source for ptolemy.actor.lib.BooleanMultiplexor} {
Failed to find ptdoc for ptolemy.actor.lib.BusAssembler.  Try doing (cd /home/travis/build/icyphy/ptII/doc/test/../../doc; rm codeDoc/ptolemy/actor/lib/Ramp.xml codeDoc/ptolemy/actor/lib/RampIdx.xml; make docs)} {
Failed to find javadoc for ptolemy.actor.lib.BusAssembler} {
Failed to find source for ptolemy.actor.lib.BusAssembler} {
Failed to find ptdoc for ptolemy.actor.lib.BusDisassembler.  Try doing (cd /home/travis/build/icyphy/ptII/doc/test/../../doc; rm codeDoc/ptolemy/actor/lib/Ramp.xml codeDoc/ptolemy/actor/lib/RampIdx.xml; make docs)} {
Failed to find javadoc for ptolemy.actor.lib.BusDisassembler} {
Failed to find source for ptolemy.actor.lib.BusDisassembler} {
Failed to find ptdoc for ptolemy.actor.lib.Multiplexor.  Try doing (cd /home/travis/build/icyphy/ptII/doc/test/../../doc; rm codeDoc/ptolemy/actor/lib/Ramp.xml codeDoc/ptolemy/actor/lib/RampIdx.xml; make docs)} {
Failed to find javadoc for ptolemy.actor.lib.Multiplexor} {
Failed to find source for ptolemy.actor.lib.Multiplexor} {
Failed to find ptdoc for ptolemy.actor.lib.Stop.  Try doing (cd /home/travis/build/icyphy/ptII/doc/test/../../doc; rm codeDoc/ptolemy/actor/lib/Ramp.xml codeDoc/ptolemy/actor/lib/RampIdx.xml; make docs)} {
Failed to find javadoc for ptolemy.actor.lib.Stop} {
Failed to find source for ptolemy.actor.lib.Stop} {
Failed to find ptdoc for ptolemy.actor.lib.RecordAssembler.  Try doing (cd /home/travis/build/icyphy/ptII/doc/test/../../doc; rm codeDoc/ptolemy/actor/lib/Ramp.xml codeDoc/ptolemy/actor/lib/RampIdx.xml; make docs)} {
Failed to find javadoc for ptolemy.actor.lib.RecordAssembler} {
Failed to find source for ptolemy.actor.lib.RecordAssembler} {
Failed to find ptdoc for ptolemy.actor.lib.RecordDisassembler.  Try doing (cd /home/travis/build/icyphy/ptII/doc/test/../../doc; rm codeDoc/ptolemy/actor/lib/Ramp.xml codeDoc/ptolemy/actor/lib/RampIdx.xml; make docs)} {
Failed to find javadoc for ptolemy.actor.lib.RecordDisassembler} {
Failed to find source for ptolemy.actor.lib.RecordDisassembler} {
Failed to find ptdoc for ptolemy.actor.lib.RecordUpdater.  Try doing (cd /home/travis/build/icyphy/ptII/doc/test/../../doc; rm codeDoc/ptolemy/actor/lib/Ramp.xml codeDoc/ptolemy/actor/lib/RampIdx.xml; make docs)} {
Failed to find javadoc for ptolemy.actor.lib.RecordUpdater} {
Failed to find source for ptolemy.actor.lib.RecordUpdater} {
Failed to find ptdoc for ptolemy.actor.lib.ThrowException.  Try doing (cd /home/travis/build/icyphy/ptII/doc/test/../../doc; rm codeDoc/ptolemy/actor/lib/Ramp.xml codeDoc/ptolemy/actor/lib/RampIdx.xml; make docs)} {
Failed to find javadoc for ptolemy.actor.lib.ThrowException} {
Failed to find source for ptolemy.actor.lib.ThrowException} {
Failed to find ptdoc for ptolemy.actor.lib.ThrowModelError.  Try doing (cd /home/travis/build/icyphy/ptII/doc/test/../../doc; rm codeDoc/ptolemy/actor/lib/Ramp.xml codeDoc/ptolemy/actor/lib/RampIdx.xml; make docs)} {
Failed to find javadoc for ptolemy.actor.lib.ThrowModelError} {
Failed to find source for ptolemy.actor.lib.ThrowModelError} {
Failed to find ptdoc for ptolemy.actor.lib.VectorAssembler.  Try doing (cd /home/travis/build/icyphy/ptII/doc/test/../../doc; rm codeDoc/ptolemy/actor/lib/Ramp.xml codeDoc/ptolemy/actor/lib/RampIdx.xml; make docs)} {
Failed to find javadoc for ptolemy.actor.lib.VectorAssembler} {
Failed to find source for ptolemy.actor.lib.VectorAssembler} {
Failed to find ptdoc for ptolemy.actor.lib.VectorDisassembler.  Try doing (cd /home/travis/build/icyphy/ptII/doc/test/../../doc; rm codeDoc/ptolemy/actor/lib/Ramp.xml codeDoc/ptolemy/actor/lib/RampIdx.xml; make docs)} {
Failed to find javadoc for ptolemy.actor.lib.VectorDisassembler} {
Failed to find source for ptolemy.actor.lib.VectorDisassembler} {
Failed to find ptdoc for ptolemy.actor.lib.io.ExpressionReader.  Try doing (cd /home/travis/build/icyphy/ptII/doc/test/../../doc; rm codeDoc/ptolemy/actor/lib/Ramp.xml codeDoc/ptolemy/actor/lib/RampIdx.xml; make docs)} {
Failed to find javadoc for ptolemy.actor.lib.io.ExpressionReader} {
Failed to find source for ptolemy.actor.lib.io.ExpressionReader} {
Failed to find ptdoc for ptolemy.actor.lib.io.ExpressionWriter.  Try doing (cd /home/travis/build/icyphy/ptII/doc/test/../../doc; rm codeDoc/ptolemy/actor/lib/Ramp.xml codeDoc/ptolemy/actor/lib/RampIdx.xml; make docs)} {
Failed to find javadoc for ptolemy.actor.lib.io.ExpressionWriter} {
Failed to find source for ptolemy.actor.lib.io.ExpressionWriter} {
Failed to find ptdoc for ptolemy.actor.lib.io.LineReader.  Try doing (cd /home/travis/build/icyphy/ptII/doc/test/../../doc; rm codeDoc/ptolemy/actor/lib/Ramp.xml codeDoc/ptolemy/actor/lib/RampIdx.xml; make docs)} {
Failed to find javadoc for ptolemy.actor.lib.io.LineReader} {
Failed to find source for ptolemy.actor.lib.io.LineReader} {
Failed to find ptdoc for ptolemy.actor.lib.io.LineWriter.  Try doing (cd /home/travis/build/icyphy/ptII/doc/test/../../doc; rm codeDoc/ptolemy/actor/lib/Ramp.xml codeDoc/ptolemy/actor/lib/RampIdx.xml; make docs)} {
Failed to find javadoc for ptolemy.actor.lib.io.LineWriter} {
Failed to find source for ptolemy.actor.lib.io.LineWriter} {
Failed to find ptdoc for ptolemy.actor.lib.logic.Comparator.  Try doing (cd /home/travis/build/icyphy/ptII/doc/test/../../doc; rm codeDoc/ptolemy/actor/lib/Ramp.xml codeDoc/ptolemy/actor/lib/RampIdx.xml; make docs)} {
Failed to find javadoc for ptolemy.actor.lib.logic.Comparator} {
Failed to find source for ptolemy.actor.lib.logic.Comparator} {
Failed to find ptdoc for ptolemy.actor.lib.logic.Equals.  Try doing (cd /home/travis/build/icyphy/ptII/doc/test/../../doc; rm codeDoc/ptolemy/actor/lib/Ramp.xml codeDoc/ptolemy/actor/lib/RampIdx.xml; make docs)} {
Failed to find javadoc for ptolemy.actor.lib.logic.Equals} {
Failed to find source for ptolemy.actor.lib.logic.Equals} {
Failed to find ptdoc for ptolemy.actor.lib.logic.IsPresent.  Try doing (cd /home/travis/build/icyphy/ptII/doc/test/../../doc; rm codeDoc/ptolemy/actor/lib/Ramp.xml codeDoc/ptolemy/actor/lib/RampIdx.xml; make docs)} {
Failed to find javadoc for ptolemy.actor.lib.logic.IsPresent} {
Failed to find source for ptolemy.actor.lib.logic.IsPresent} {
Failed to find ptdoc for ptolemy.actor.lib.logic.LogicalNot.  Try doing (cd /home/travis/build/icyphy/ptII/doc/test/../../doc; rm codeDoc/ptolemy/actor/lib/Ramp.xml codeDoc/ptolemy/actor/lib/RampIdx.xml; make docs)} {
Failed to find javadoc for ptolemy.actor.lib.logic.LogicalNot} {
Failed to find source for ptolemy.actor.lib.logic.LogicalNot} {
Failed to find ptdoc for ptolemy.actor.lib.logic.LogicGate.  Try doing (cd /home/travis/build/icyphy/ptII/doc/test/../../doc; rm codeDoc/ptolemy/actor/lib/Ramp.xml codeDoc/ptolemy/actor/lib/RampIdx.xml; make docs)} {
Failed to find javadoc for ptolemy.actor.lib.logic.LogicGate} {
Failed to find source for ptolemy.actor.lib.logic.LogicGate} {
Failed to find ptdoc for ptolemy.actor.lib.logic.TrueGate.  Try doing (cd /home/travis/build/icyphy/ptII/doc/test/../../doc; rm codeDoc/ptolemy/actor/lib/Ramp.xml codeDoc/ptolemy/actor/lib/RampIdx.xml; make docs)} {
Failed to find javadoc for ptolemy.actor.lib.logic.TrueGate} {
Failed to find source for ptolemy.actor.lib.logic.TrueGate} {
Failed to find ptdoc for ptolemy.actor.lib.AbsoluteValue.  Try doing (cd /home/travis/build/icyphy/ptII/doc/test/../../doc; rm codeDoc/ptolemy/actor/lib/Ramp.xml codeDoc/ptolemy/actor/lib/RampIdx.xml; make docs)} {
Failed to find javadoc for ptolemy.actor.lib.AbsoluteValue} {
Failed to find source for ptolemy.actor.lib.AbsoluteValue} {
Failed to find ptdoc for ptolemy.actor.lib.AddSubtract.  Try doing (cd /home/travis/build/icyphy/ptII/doc/test/../../doc; rm codeDoc/ptolemy/actor/lib/Ramp.xml codeDoc/ptolemy/actor/lib/RampIdx.xml; make docs)} {
Failed to find javadoc for ptolemy.actor.lib.AddSubtract} {
Failed to find source for ptolemy.actor.lib.AddSubtract} {
Failed to find ptdoc for ptolemy.domains.sdf.lib.DotProduct.  Try doing (cd /home/travis/build/icyphy/ptII/doc/test/../../doc; rm codeDoc/ptolemy/actor/lib/Ramp.xml codeDoc/ptolemy/actor/lib/RampIdx.xml; make docs)} {
Failed to find javadoc for ptolemy.domains.sdf.lib.DotProduct} {
Failed to find source for ptolemy.domains.sdf.lib.DotProduct} {
Failed to find ptdoc for ptolemy.actor.lib.Expression.  Try doing (cd /home/travis/build/icyphy/ptII/doc/test/../../doc; rm codeDoc/ptolemy/actor/lib/Ramp.xml codeDoc/ptolemy/actor/lib/RampIdx.xml; make docs)} {
Failed to find javadoc for ptolemy.actor.lib.Expression} {
Failed to find source for ptolemy.actor.lib.Expression} {
Failed to find ptdoc for ptolemy.actor.lib.Limiter.  Try doing (cd /home/travis/build/icyphy/ptII/doc/test/../../doc; rm codeDoc/ptolemy/actor/lib/Ramp.xml codeDoc/ptolemy/actor/lib/RampIdx.xml; make docs)} {
Failed to find javadoc for ptolemy.actor.lib.Limiter} {
Failed to find source for ptolemy.actor.lib.Limiter} {
Failed to find ptdoc for ptolemy.actor.lib.LookupTable.  Try doing (cd /home/travis/build/icyphy/ptII/doc/test/../../doc; rm codeDoc/ptolemy/actor/lib/Ramp.xml codeDoc/ptolemy/actor/lib/RampIdx.xml; make docs)} {
Failed to find javadoc for ptolemy.actor.lib.LookupTable} {
Failed to find source for ptolemy.actor.lib.LookupTable} {
Failed to find ptdoc for ptolemy.actor.lib.MathFunction.  Try doing (cd /home/travis/build/icyphy/ptII/doc/test/../../doc; rm codeDoc/ptolemy/actor/lib/Ramp.xml codeDoc/ptolemy/actor/lib/RampIdx.xml; make docs)} {
Failed to find javadoc for ptolemy.actor.lib.MathFunction} {
Failed to find source for ptolemy.actor.lib.MathFunction} {
Failed to find ptdoc for ptolemy.actor.lib.Maximum.  Try doing (cd /home/travis/build/icyphy/ptII/doc/test/../../doc; rm codeDoc/ptolemy/actor/lib/Ramp.xml codeDoc/ptolemy/actor/lib/RampIdx.xml; make docs)} {
Failed to find javadoc for ptolemy.actor.lib.Maximum} {
Failed to find source for ptolemy.actor.lib.Maximum} {
Failed to find ptdoc for ptolemy.actor.lib.Minimum.  Try doing (cd /home/travis/build/icyphy/ptII/doc/test/../../doc; rm codeDoc/ptolemy/actor/lib/Ramp.xml codeDoc/ptolemy/actor/lib/RampIdx.xml; make docs)} {
Failed to find javadoc for ptolemy.actor.lib.Minimum} {
Failed to find source for ptolemy.actor.lib.Minimum} {
Failed to find ptdoc for ptolemy.actor.lib.MultiplyDivide.  Try doing (cd /home/travis/build/icyphy/ptII/doc/test/../../doc; rm codeDoc/ptolemy/actor/lib/Ramp.xml codeDoc/ptolemy/actor/lib/RampIdx.xml; make docs)} {
Failed to find javadoc for ptolemy.actor.lib.MultiplyDivide} {
Failed to find source for ptolemy.actor.lib.MultiplyDivide} {
Failed to find ptdoc for ptolemy.actor.lib.Quantizer.  Try doing (cd /home/travis/build/icyphy/ptII/doc/test/../../doc; rm codeDoc/ptolemy/actor/lib/Ramp.xml codeDoc/ptolemy/actor/lib/RampIdx.xml; make docs)} {
Failed to find javadoc for ptolemy.actor.lib.Quantizer} {
Failed to find source for ptolemy.actor.lib.Quantizer} {
Failed to find ptdoc for ptolemy.actor.lib.Remainder.  Try doing (cd /home/travis/build/icyphy/ptII/doc/test/../../doc; rm codeDoc/ptolemy/actor/lib/Ramp.xml codeDoc/ptolemy/actor/lib/RampIdx.xml; make docs)} {
Failed to find javadoc for ptolemy.actor.lib.Remainder} {
Failed to find source for ptolemy.actor.lib.Remainder} {
Failed to find ptdoc for ptolemy.actor.lib.Scale.  Try doing (cd /home/travis/build/icyphy/ptII/doc/test/../../doc; rm codeDoc/ptolemy/actor/lib/Ramp.xml codeDoc/ptolemy/actor/lib/RampIdx.xml; make docs)} {
Failed to find javadoc for ptolemy.actor.lib.Scale} {
Failed to find source for ptolemy.actor.lib.Scale} {
Failed to find ptdoc for ptolemy.actor.lib.TrigFunction.  Try doing (cd /home/travis/build/icyphy/ptII/doc/test/../../doc; rm codeDoc/ptolemy/actor/lib/Ramp.xml codeDoc/ptolemy/actor/lib/RampIdx.xml; make docs)} {
Failed to find javadoc for ptolemy.actor.lib.TrigFunction} {
Failed to find source for ptolemy.actor.lib.TrigFunction} {
Failed to find ptdoc for ptolemy.actor.lib.ArrayToMatrix.  Try doing (cd /home/travis/build/icyphy/ptII/doc/test/../../doc; rm codeDoc/ptolemy/actor/lib/Ramp.xml codeDoc/ptolemy/actor/lib/RampIdx.xml; make docs)} {
Failed to find javadoc for ptolemy.actor.lib.ArrayToMatrix} {
Failed to find source for ptolemy.actor.lib.ArrayToMatrix} {
Failed to find ptdoc for ptolemy.domains.sdf.lib.MatrixJoin.  Try doing (cd /home/travis/build/icyphy/ptII/doc/test/../../doc; rm codeDoc/ptolemy/actor/lib/Ramp.xml codeDoc/ptolemy/actor/lib/RampIdx.xml; make docs)} {
Failed to find javadoc for ptolemy.domains.sdf.lib.MatrixJoin} {
Failed to find source for ptolemy.domains.sdf.lib.MatrixJoin} {
Failed to find ptdoc for ptolemy.domains.sdf.lib.MatrixSplit.  Try doing (cd /home/travis/build/icyphy/ptII/doc/test/../../doc; rm codeDoc/ptolemy/actor/lib/Ramp.xml codeDoc/ptolemy/actor/lib/RampIdx.xml; make docs)} {
Failed to find javadoc for ptolemy.domains.sdf.lib.MatrixSplit} {
Failed to find source for ptolemy.domains.sdf.lib.MatrixSplit} {
Failed to find ptdoc for ptolemy.actor.lib.MatrixToArray.  Try doing (cd /home/travis/build/icyphy/ptII/doc/test/../../doc; rm codeDoc/ptolemy/actor/lib/Ramp.xml codeDoc/ptolemy/actor/lib/RampIdx.xml; make docs)} {
Failed to find javadoc for ptolemy.actor.lib.MatrixToArray} {
Failed to find source for ptolemy.actor.lib.MatrixToArray} {
Failed to find ptdoc for ptolemy.domains.sdf.lib.MatrixToSequence.  Try doing (cd /home/travis/build/icyphy/ptII/doc/test/../../doc; rm codeDoc/ptolemy/actor/lib/Ramp.xml codeDoc/ptolemy/actor/lib/RampIdx.xml; make docs)} {
Failed to find javadoc for ptolemy.domains.sdf.lib.MatrixToSequence} {
Failed to find source for ptolemy.domains.sdf.lib.MatrixToSequence} {
Failed to find ptdoc for ptolemy.actor.lib.gui.MatrixViewer.  Try doing (cd /home/travis/build/icyphy/ptII/doc/test/../../doc; rm codeDoc/ptolemy/actor/lib/Ramp.xml codeDoc/ptolemy/actor/lib/RampIdx.xml; make docs)} {
Failed to find javadoc for ptolemy.actor.lib.gui.MatrixViewer} {
Failed to find source for ptolemy.actor.lib.gui.MatrixViewer} {
Failed to find ptdoc for ptolemy.domains.sdf.lib.SequenceToMatrix.  Try doing (cd /home/travis/build/icyphy/ptII/doc/test/../../doc; rm codeDoc/ptolemy/actor/lib/Ramp.xml codeDoc/ptolemy/actor/lib/RampIdx.xml; make docs)} {
Failed to find javadoc for ptolemy.domains.sdf.lib.SequenceToMatrix} {
Failed to find source for ptolemy.domains.sdf.lib.SequenceToMatrix} {
Failed to find ptdoc for ptolemy.actor.lib.SubMatrix.  Try doing (cd /home/travis/build/icyphy/ptII/doc/test/../../doc; rm codeDoc/ptolemy/actor/lib/Ramp.xml codeDoc/ptolemy/actor/lib/RampIdx.xml; make docs)} {
Failed to find javadoc for ptolemy.actor.lib.SubMatrix} {
Failed to find source for ptolemy.actor.lib.SubMatrix} {
Failed to find ptdoc for ptolemy.domains.continuous.lib.BandlimitedNoise.  Try doing (cd /home/travis/build/icyphy/ptII/doc/test/../../doc; rm codeDoc/ptolemy/actor/lib/Ramp.xml codeDoc/ptolemy/actor/lib/RampIdx.xml; make docs)} {
Failed to find javadoc for ptolemy.domains.continuous.lib.BandlimitedNoise} {
Failed to find source for ptolemy.domains.continuous.lib.BandlimitedNoise} {
Failed to find ptdoc for ptolemy.actor.lib.Bernoulli.  Try doing (cd /home/travis/build/icyphy/ptII/doc/test/../../doc; rm codeDoc/ptolemy/actor/lib/Ramp.xml codeDoc/ptolemy/actor/lib/RampIdx.xml; make docs)} {
Failed to find javadoc for ptolemy.actor.lib.Bernoulli} {
Failed to find source for ptolemy.actor.lib.Bernoulli} {
Failed to find ptdoc for ptolemy.actor.lib.DiscreteRandomSource.  Try doing (cd /home/travis/build/icyphy/ptII/doc/test/../../doc; rm codeDoc/ptolemy/actor/lib/Ramp.xml codeDoc/ptolemy/actor/lib/RampIdx.xml; make docs)} {
Failed to find javadoc for ptolemy.actor.lib.DiscreteRandomSource} {
Failed to find source for ptolemy.actor.lib.DiscreteRandomSource} {
Failed to find ptdoc for ptolemy.actor.lib.Gaussian.  Try doing (cd /home/travis/build/icyphy/ptII/doc/test/../../doc; rm codeDoc/ptolemy/actor/lib/Ramp.xml codeDoc/ptolemy/actor/lib/RampIdx.xml; make docs)} {
Failed to find javadoc for ptolemy.actor.lib.Gaussian} {
Failed to find source for ptolemy.actor.lib.Gaussian} {
Failed to find ptdoc for ptolemy.domains.continuous.lib.Noise.  Try doing (cd /home/travis/build/icyphy/ptII/doc/test/../../doc; rm codeDoc/ptolemy/actor/lib/Ramp.xml codeDoc/ptolemy/actor/lib/RampIdx.xml; make docs)} {
Failed to find javadoc for ptolemy.domains.continuous.lib.Noise} {
Failed to find source for ptolemy.domains.continuous.lib.Noise} {
Failed to find ptdoc for ptolemy.actor.lib.Uniform.  Try doing (cd /home/travis/build/icyphy/ptII/doc/test/../../doc; rm codeDoc/ptolemy/actor/lib/Ramp.xml codeDoc/ptolemy/actor/lib/RampIdx.xml; make docs)} {
Failed to find javadoc for ptolemy.actor.lib.Uniform} {
Failed to find source for ptolemy.actor.lib.Uniform} {
Failed to find ptdoc for ptolemy.actor.lib.string.StringCompare.  Try doing (cd /home/travis/build/icyphy/ptII/doc/test/../../doc; rm codeDoc/ptolemy/actor/lib/Ramp.xml codeDoc/ptolemy/actor/lib/RampIdx.xml; make docs)} {
Failed to find javadoc for ptolemy.actor.lib.string.StringCompare} {
Failed to find source for ptolemy.actor.lib.string.StringCompare} {
Failed to find ptdoc for ptolemy.actor.lib.string.StringFunction.  Try doing (cd /home/travis/build/icyphy/ptII/doc/test/../../doc; rm codeDoc/ptolemy/actor/lib/Ramp.xml codeDoc/ptolemy/actor/lib/RampIdx.xml; make docs)} {
Failed to find javadoc for ptolemy.actor.lib.string.StringFunction} {
Failed to find source for ptolemy.actor.lib.string.StringFunction} {
Failed to find ptdoc for ptolemy.actor.lib.string.StringIndexOf.  Try doing (cd /home/travis/build/icyphy/ptII/doc/test/../../doc; rm codeDoc/ptolemy/actor/lib/Ramp.xml codeDoc/ptolemy/actor/lib/RampIdx.xml; make docs)} {
Failed to find javadoc for ptolemy.actor.lib.string.StringIndexOf} {
Failed to find source for ptolemy.actor.lib.string.StringIndexOf} {
Failed to find ptdoc for ptolemy.actor.lib.string.StringLength.  Try doing (cd /home/travis/build/icyphy/ptII/doc/test/../../doc; rm codeDoc/ptolemy/actor/lib/Ramp.xml codeDoc/ptolemy/actor/lib/RampIdx.xml; make docs)} {
Failed to find javadoc for ptolemy.actor.lib.string.StringLength} {
Failed to find source for ptolemy.actor.lib.string.StringLength} {
Failed to find ptdoc for ptolemy.actor.lib.string.StringMatches.  Try doing (cd /home/travis/build/icyphy/ptII/doc/test/../../doc; rm codeDoc/ptolemy/actor/lib/Ramp.xml codeDoc/ptolemy/actor/lib/RampIdx.xml; make docs)} {
Failed to find javadoc for ptolemy.actor.lib.string.StringMatches} {
Failed to find source for ptolemy.actor.lib.string.StringMatches} {
Failed to find ptdoc for ptolemy.actor.lib.string.StringReplace.  Try doing (cd /home/travis/build/icyphy/ptII/doc/test/../../doc; rm codeDoc/ptolemy/actor/lib/Ramp.xml codeDoc/ptolemy/actor/lib/RampIdx.xml; make docs)} {
Failed to find javadoc for ptolemy.actor.lib.string.StringReplace} {
Failed to find source for ptolemy.actor.lib.string.StringReplace} {
Failed to find ptdoc for ptolemy.actor.lib.string.StringSplit.  Try doing (cd /home/travis/build/icyphy/ptII/doc/test/../../doc; rm codeDoc/ptolemy/actor/lib/Ramp.xml codeDoc/ptolemy/actor/lib/RampIdx.xml; make docs)} {
Failed to find javadoc for ptolemy.actor.lib.string.StringSplit} {
Failed to find source for ptolemy.actor.lib.string.StringSplit} {
Failed to find ptdoc for ptolemy.actor.lib.string.StringSubstring.  Try doing (cd /home/travis/build/icyphy/ptII/doc/test/../../doc; rm codeDoc/ptolemy/actor/lib/Ramp.xml codeDoc/ptolemy/actor/lib/RampIdx.xml; make docs)} {
Failed to find javadoc for ptolemy.actor.lib.string.StringSubstring} {
Failed to find source for ptolemy.actor.lib.string.StringSubstring} {
Failed to find ptdoc for ptolemy.actor.lib.CurrentTime.  Try doing (cd /home/travis/build/icyphy/ptII/doc/test/../../doc; rm codeDoc/ptolemy/actor/lib/Ramp.xml codeDoc/ptolemy/actor/lib/RampIdx.xml; make docs)} {
Failed to find javadoc for ptolemy.actor.lib.CurrentTime} {
Failed to find source for ptolemy.actor.lib.CurrentTime} {
Failed to find ptdoc for ptolemy.actor.lib.Scale.  Try doing (cd /home/travis/build/icyphy/ptII/doc/test/../../doc; rm codeDoc/ptolemy/actor/lib/Ramp.xml codeDoc/ptolemy/actor/lib/RampIdx.xml; make docs)} {
Failed to find javadoc for ptolemy.actor.lib.Scale} {
Failed to find source for ptolemy.actor.lib.Scale} {
Failed to find ptdoc for ptolemy.actor.lib.TrigFunction.  Try doing (cd /home/travis/build/icyphy/ptII/doc/test/../../doc; rm codeDoc/ptolemy/actor/lib/Ramp.xml codeDoc/ptolemy/actor/lib/RampIdx.xml; make docs)} {
Failed to find javadoc for ptolemy.actor.lib.TrigFunction} {
Failed to find source for ptolemy.actor.lib.TrigFunction} {
Failed to find ptdoc for ptolemy.actor.lib.Const.  Try doing (cd /home/travis/build/icyphy/ptII/doc/test/../../doc; rm codeDoc/ptolemy/actor/lib/Ramp.xml codeDoc/ptolemy/actor/lib/RampIdx.xml; make docs)} {
Failed to find javadoc for ptolemy.actor.lib.Const} {
Failed to find source for ptolemy.actor.lib.Const} {
Failed to find ptdoc for ptolemy.actor.lib.AddSubtract.  Try doing (cd /home/travis/build/icyphy/ptII/doc/test/../../doc; rm codeDoc/ptolemy/actor/lib/Ramp.xml codeDoc/ptolemy/actor/lib/RampIdx.xml; make docs)} {
Failed to find javadoc for ptolemy.actor.lib.AddSubtract} {
Failed to find source for ptolemy.actor.lib.AddSubtract} {
Failed to find ptdoc for ptolemy.actor.lib.Scale.  Try doing (cd /home/travis/build/icyphy/ptII/doc/test/../../doc; rm codeDoc/ptolemy/actor/lib/Ramp.xml codeDoc/ptolemy/actor/lib/RampIdx.xml; make docs)} {
Failed to find javadoc for ptolemy.actor.lib.Scale} {
Failed to find source for ptolemy.actor.lib.Scale} {
Failed to find ptdoc for ptolemy.actor.lib.CurrentTime.  Try doing (cd /home/travis/build/icyphy/ptII/doc/test/../../doc; rm codeDoc/ptolemy/actor/lib/Ramp.xml codeDoc/ptolemy/actor/lib/RampIdx.xml; make docs)} {
Failed to find javadoc for ptolemy.actor.lib.CurrentTime} {
Failed to find source for ptolemy.actor.lib.CurrentTime} {
Failed to find ptdoc for ptolemy.actor.lib.Scale.  Try doing (cd /home/travis/build/icyphy/ptII/doc/test/../../doc; rm codeDoc/ptolemy/actor/lib/Ramp.xml codeDoc/ptolemy/actor/lib/RampIdx.xml; make docs)} {
Failed to find javadoc for ptolemy.actor.lib.Scale} {
Failed to find source for ptolemy.actor.lib.Scale} {
Failed to find ptdoc for ptolemy.actor.lib.TrigFunction.  Try doing (cd /home/travis/build/icyphy/ptII/doc/test/../../doc; rm codeDoc/ptolemy/actor/lib/Ramp.xml codeDoc/ptolemy/actor/lib/RampIdx.xml; make docs)} {
Failed to find javadoc for ptolemy.actor.lib.TrigFunction} {
Failed to find source for ptolemy.actor.lib.TrigFunction} {
Failed to find ptdoc for ptolemy.actor.lib.Const.  Try doing (cd /home/travis/build/icyphy/ptII/doc/test/../../doc; rm codeDoc/ptolemy/actor/lib/Ramp.xml codeDoc/ptolemy/actor/lib/RampIdx.xml; make docs)} {
Failed to find javadoc for ptolemy.actor.lib.Const} {
Failed to find source for ptolemy.actor.lib.Const} {
Failed to find ptdoc for ptolemy.actor.lib.AddSubtract.  Try doing (cd /home/travis/build/icyphy/ptII/doc/test/../../doc; rm codeDoc/ptolemy/actor/lib/Ramp.xml codeDoc/ptolemy/actor/lib/RampIdx.xml; make docs)} {
Failed to find javadoc for ptolemy.actor.lib.AddSubtract} {
Failed to find source for ptolemy.actor.lib.AddSubtract} {
Failed to find ptdoc for ptolemy.actor.lib.Scale.  Try doing (cd /home/travis/build/icyphy/ptII/doc/test/../../doc; rm codeDoc/ptolemy/actor/lib/Ramp.xml codeDoc/ptolemy/actor/lib/RampIdx.xml; make docs)} {
Failed to find javadoc for ptolemy.actor.lib.Scale} {
Failed to find source for ptolemy.actor.lib.Scale} {
Failed to find ptdoc for ptolemy.domains.continuous.lib.ZeroOrderHold.  Try doing (cd /home/travis/build/icyphy/ptII/doc/test/../../doc; rm codeDoc/ptolemy/actor/lib/Ramp.xml codeDoc/ptolemy/actor/lib/RampIdx.xml; make docs)} {
Failed to find javadoc for ptolemy.domains.continuous.lib.ZeroOrderHold} {
Failed to find source for ptolemy.domains.continuous.lib.ZeroOrderHold} {
Failed to find ptdoc for ptolemy.actor.lib.gui.SequencePlotter.  Try doing (cd /home/travis/build/icyphy/ptII/doc/test/../../doc; rm codeDoc/ptolemy/actor/lib/Ramp.xml codeDoc/ptolemy/actor/lib/RampIdx.xml; make docs)} {
Failed to find javadoc for ptolemy.actor.lib.gui.SequencePlotter} {
Failed to find source for ptolemy.actor.lib.gui.SequencePlotter} {
Failed to find ptdoc for ptolemy.actor.lib.MultiplyDivide.  Try doing (cd /home/travis/build/icyphy/ptII/doc/test/../../doc; rm codeDoc/ptolemy/actor/lib/Ramp.xml codeDoc/ptolemy/actor/lib/RampIdx.xml; make docs)} {
Failed to find javadoc for ptolemy.actor.lib.MultiplyDivide} {
Failed to find source for ptolemy.actor.lib.MultiplyDivide} {
Failed to find ptdoc for ptolemy.actor.lib.Pulse.  Try doing (cd /home/travis/build/icyphy/ptII/doc/test/../../doc; rm codeDoc/ptolemy/actor/lib/Ramp.xml codeDoc/ptolemy/actor/lib/RampIdx.xml; make docs)} {
Failed to find javadoc for ptolemy.actor.lib.Pulse} {
Failed to find source for ptolemy.actor.lib.Pulse} {
Failed to find ptdoc for ptolemy.domains.sdf.lib.FFT.  Try doing (cd /home/travis/build/icyphy/ptII/doc/test/../../doc; rm codeDoc/ptolemy/actor/lib/Ramp.xml codeDoc/ptolemy/actor/lib/RampIdx.xml; make docs)} {
Failed to find javadoc for ptolemy.domains.sdf.lib.FFT} {
Failed to find source for ptolemy.domains.sdf.lib.FFT} {
Failed to find ptdoc for ptolemy.actor.lib.DB.  Try doing (cd /home/travis/build/icyphy/ptII/doc/test/../../doc; rm codeDoc/ptolemy/actor/lib/Ramp.xml codeDoc/ptolemy/actor/lib/RampIdx.xml; make docs)} {
Failed to find javadoc for ptolemy.actor.lib.DB} {
Failed to find source for ptolemy.actor.lib.DB} {
Failed to find ptdoc for ptolemy.actor.lib.AbsoluteValue.  Try doing (cd /home/travis/build/icyphy/ptII/doc/test/../../doc; rm codeDoc/ptolemy/actor/lib/Ramp.xml codeDoc/ptolemy/actor/lib/RampIdx.xml; make docs)} {
Failed to find javadoc for ptolemy.actor.lib.AbsoluteValue} {
Failed to find source for ptolemy.actor.lib.AbsoluteValue} {
Failed to find ptdoc for ptolemy.actor.lib.Scale.  Try doing (cd /home/travis/build/icyphy/ptII/doc/test/../../doc; rm codeDoc/ptolemy/actor/lib/Ramp.xml codeDoc/ptolemy/actor/lib/RampIdx.xml; make docs)} {
Failed to find javadoc for ptolemy.actor.lib.Scale} {
Failed to find source for ptolemy.actor.lib.Scale} {
Failed to find ptdoc for ptolemy.actor.lib.gui.SequencePlotter.  Try doing (cd /home/travis/build/icyphy/ptII/doc/test/../../doc; rm codeDoc/ptolemy/actor/lib/Ramp.xml codeDoc/ptolemy/actor/lib/RampIdx.xml; make docs)} {
Failed to find javadoc for ptolemy.actor.lib.gui.SequencePlotter} {
Failed to find source for ptolemy.actor.lib.gui.SequencePlotter} {
Failed to find ptdoc for ptolemy.actor.lib.MultiplyDivide.  Try doing (cd /home/travis/build/icyphy/ptII/doc/test/../../doc; rm codeDoc/ptolemy/actor/lib/Ramp.xml codeDoc/ptolemy/actor/lib/RampIdx.xml; make docs)} {
Failed to find javadoc for ptolemy.actor.lib.MultiplyDivide} {
Failed to find source for ptolemy.actor.lib.MultiplyDivide} {
Failed to find ptdoc for ptolemy.actor.lib.Pulse.  Try doing (cd /home/travis/build/icyphy/ptII/doc/test/../../doc; rm codeDoc/ptolemy/actor/lib/Ramp.xml codeDoc/ptolemy/actor/lib/RampIdx.xml; make docs)} {
Failed to find javadoc for ptolemy.actor.lib.Pulse} {
Failed to find source for ptolemy.actor.lib.Pulse} {
Failed to find ptdoc for ptolemy.domains.sdf.lib.FFT.  Try doing (cd /home/travis/build/icyphy/ptII/doc/test/../../doc; rm codeDoc/ptolemy/actor/lib/Ramp.xml codeDoc/ptolemy/actor/lib/RampIdx.xml; make docs)} {
Failed to find javadoc for ptolemy.domains.sdf.lib.FFT} {
Failed to find source for ptolemy.domains.sdf.lib.FFT} {
Failed to find ptdoc for ptolemy.actor.lib.DB.  Try doing (cd /home/travis/build/icyphy/ptII/doc/test/../../doc; rm codeDoc/ptolemy/actor/lib/Ramp.xml codeDoc/ptolemy/actor/lib/RampIdx.xml; make docs)} {
Failed to find javadoc for ptolemy.actor.lib.DB} {
Failed to find source for ptolemy.actor.lib.DB} {
Failed to find ptdoc for ptolemy.actor.lib.AbsoluteValue.  Try doing (cd /home/travis/build/icyphy/ptII/doc/test/../../doc; rm codeDoc/ptolemy/actor/lib/Ramp.xml codeDoc/ptolemy/actor/lib/RampIdx.xml; make docs)} {
Failed to find javadoc for ptolemy.actor.lib.AbsoluteValue} {
Failed to find source for ptolemy.actor.lib.AbsoluteValue} {
Failed to find ptdoc for ptolemy.actor.lib.Scale.  Try doing (cd /home/travis/build/icyphy/ptII/doc/test/../../doc; rm codeDoc/ptolemy/actor/lib/Ramp.xml codeDoc/ptolemy/actor/lib/RampIdx.xml; make docs)} {
Failed to find javadoc for ptolemy.actor.lib.Scale} {
Failed to find source for ptolemy.actor.lib.Scale}}
---- Result should have been:
{}
---- hyvisual/configuration.xml-6.1 FAILED
 Force everything to get expanded ptolemy/configs/ptinyViewer/configuration.xml
    (Skipping certain optional packages)
    If you get a 'X connection to xxx:11.0 broken' message, then
    see $PTII/ptolemy/moml/filter/RemoveGraphicalClasses.java
    Or, under Solaris, run java -verbose -classpath 
           ${PTII}/lib/ptjacl.jar:${PTII}/lib/diva.jar:${PTII}
           tcl.lang.Shell xxx.tcl
 Force everything to get expanded ptolemy/configs/dsp/configuration.xml
    (Skipping certain optional packages)
    If you get a 'X connection to xxx:11.0 broken' message, then
    see $PTII/ptolemy/moml/filter/RemoveGraphicalClasses.java
    Or, under Solaris, run java -verbose -classpath 
           ${PTII}/lib/ptjacl.jar:${PTII}/lib/diva.jar:${PTII}
           tcl.lang.Shell xxx.tcl


==== $PTII/doc/test/docManager.tcl: dsp/configuration.xml-6.1 Test docClassNameToURL
==== Contents of test case:

        # If this test fails under Travis, the the problem could be
        # that actors have been added to the repository, yet the
        # codeDoc*.jar files in
        # https://github.com/icyphy/ptII/releases/download/nightly/
        # have not been updated.  $PTII/.travis.yml has a deploy
        # section that should copy the jar files if PT_TRAVIS_DOCS ==
        # true.  Note that Travis no longer supports Oracle JDK 8 and
        # JDK 11 does not have backward compatible support for
        # javadoc, so travis is failing to update the download/nightly
        # directory.  Even if Travis updates the codeDoc.jar files,
        # then under JDK 11 the actor index files will not be present
        # because JDK 11 is missing javadoc backward compatibility.

        # One possible fix is to build the jar files under JDK 8 with
        # (cd $PTII/doc; make install)
        # Then upload codeDoc.jar to the nightly release.
        # 1. Go to https://github.com/icyphy/ptII/releases
        # 2. Find the nightly release
        # 3. Click on edit
        # 4. Delete the old codeDoc.jar
        # 5. Upload the new codeDoc.jar
        # For details, see 
        # https://docs.github.com/en/github/administering-a-repository/managing-releases-in-a-repository

	# In general, if we call getName on a public field in an actor,
	# then the name that is returned should be the same as the name
	# of the field.
	set entityList [$configuration allAtomicEntityList]
	set results {}
	for {set iterator [$entityList iterator]}  {[$iterator hasNext] == 1} {} {
		set entity [$iterator next]
		if [java::instanceof $entity ptolemy.actor.TypedAtomicActor] {
		    set actor [java::cast ptolemy.actor.TypedAtomicActor $entity]
		    set className [$actor getClassName]
		    set url [java::call ptolemy.vergil.actor.DocManager  docClassNameToURL  $configuration $className  true false false false]
		    if [java::isnull $url] {
			lappend results "\nFailed to find ptdoc for $className.  Try doing (cd $PTII/doc; rm codeDoc/ptolemy/actor/lib/Ramp.xml codeDoc/ptolemy/actor/lib/RampIdx.xml; make docs)"
		    }


		    set url [java::call ptolemy.vergil.actor.DocManager  docClassNameToURL  $configuration $className  false true false false]
		    if [java::isnull $url] {
			lappend results "\nFailed to find javadoc for $className"
		    }

		    set url [java::call ptolemy.vergil.actor.DocManager  docClassNameToURL  $configuration $className  false true false false]
		    if [java::isnull $url] {
			lappend results "\nFailed to find source for $className"
		    }


		    # For actor index, it is ok to return null
		    set url [java::call ptolemy.vergil.actor.DocManager  docClassNameToURL  $configuration $className  false false false true]
		}
	    }
    list $results	
    
==== Result was:
{{
Failed to find ptdoc for ptolemy.actor.lib.Assert.  Try doing (cd /home/travis/build/icyphy/ptII/doc/test/../../doc; rm codeDoc/ptolemy/actor/lib/Ramp.xml codeDoc/ptolemy/actor/lib/RampIdx.xml; make docs)} {
Failed to find javadoc for ptolemy.actor.lib.Assert} {
Failed to find source for ptolemy.actor.lib.Assert} {
Failed to find ptdoc for ptolemy.actor.lib.Const.  Try doing (cd /home/travis/build/icyphy/ptII/doc/test/../../doc; rm codeDoc/ptolemy/actor/lib/Ramp.xml codeDoc/ptolemy/actor/lib/RampIdx.xml; make docs)} {
Failed to find javadoc for ptolemy.actor.lib.Const} {
Failed to find source for ptolemy.actor.lib.Const} {
Failed to find ptdoc for ptolemy.actor.lib.Interpolator.  Try doing (cd /home/travis/build/icyphy/ptII/doc/test/../../doc; rm codeDoc/ptolemy/actor/lib/Ramp.xml codeDoc/ptolemy/actor/lib/RampIdx.xml; make docs)} {
Failed to find javadoc for ptolemy.actor.lib.Interpolator} {
Failed to find source for ptolemy.actor.lib.Interpolator} {
Failed to find ptdoc for ptolemy.actor.lib.Pulse.  Try doing (cd /home/travis/build/icyphy/ptII/doc/test/../../doc; rm codeDoc/ptolemy/actor/lib/Ramp.xml codeDoc/ptolemy/actor/lib/RampIdx.xml; make docs)} {
Failed to find javadoc for ptolemy.actor.lib.Pulse} {
Failed to find source for ptolemy.actor.lib.Pulse} {
Failed to find ptdoc for ptolemy.actor.lib.Ramp.  Try doing (cd /home/travis/build/icyphy/ptII/doc/test/../../doc; rm codeDoc/ptolemy/actor/lib/Ramp.xml codeDoc/ptolemy/actor/lib/RampIdx.xml; make docs)} {
Failed to find javadoc for ptolemy.actor.lib.Ramp} {
Failed to find source for ptolemy.actor.lib.Ramp} {
Failed to find ptdoc for ptolemy.actor.lib.gui.SketchedSource.  Try doing (cd /home/travis/build/icyphy/ptII/doc/test/../../doc; rm codeDoc/ptolemy/actor/lib/Ramp.xml codeDoc/ptolemy/actor/lib/RampIdx.xml; make docs)} {
Failed to find javadoc for ptolemy.actor.lib.gui.SketchedSource} {
Failed to find source for ptolemy.actor.lib.gui.SketchedSource} {
Failed to find ptdoc for ptolemy.actor.lib.gui.BarGraph.  Try doing (cd /home/travis/build/icyphy/ptII/doc/test/../../doc; rm codeDoc/ptolemy/actor/lib/Ramp.xml codeDoc/ptolemy/actor/lib/RampIdx.xml; make docs)} {
Failed to find javadoc for ptolemy.actor.lib.gui.BarGraph} {
Failed to find source for ptolemy.actor.lib.gui.BarGraph} {
Failed to find ptdoc for ptolemy.actor.lib.Discard.  Try doing (cd /home/travis/build/icyphy/ptII/doc/test/../../doc; rm codeDoc/ptolemy/actor/lib/Ramp.xml codeDoc/ptolemy/actor/lib/RampIdx.xml; make docs)} {
Failed to find javadoc for ptolemy.actor.lib.Discard} {
Failed to find source for ptolemy.actor.lib.Discard} {
Failed to find ptdoc for ptolemy.actor.lib.gui.Display.  Try doing (cd /home/travis/build/icyphy/ptII/doc/test/../../doc; rm codeDoc/ptolemy/actor/lib/Ramp.xml codeDoc/ptolemy/actor/lib/RampIdx.xml; make docs)} {
Failed to find javadoc for ptolemy.actor.lib.gui.Display} {
Failed to find source for ptolemy.actor.lib.gui.Display} {
Failed to find ptdoc for ptolemy.actor.lib.gui.HistogramPlotter.  Try doing (cd /home/travis/build/icyphy/ptII/doc/test/../../doc; rm codeDoc/ptolemy/actor/lib/Ramp.xml codeDoc/ptolemy/actor/lib/RampIdx.xml; make docs)} {
Failed to find javadoc for ptolemy.actor.lib.gui.HistogramPlotter} {
Failed to find source for ptolemy.actor.lib.gui.HistogramPlotter} {
Failed to find ptdoc for ptolemy.actor.lib.gui.MatrixViewer.  Try doing (cd /home/travis/build/icyphy/ptII/doc/test/../../doc; rm codeDoc/ptolemy/actor/lib/Ramp.xml codeDoc/ptolemy/actor/lib/RampIdx.xml; make docs)} {
Failed to find javadoc for ptolemy.actor.lib.gui.MatrixViewer} {
Failed to find source for ptolemy.actor.lib.gui.MatrixViewer} {
Failed to find ptdoc for ptolemy.actor.lib.gui.SequencePlotter.  Try doing (cd /home/travis/build/icyphy/ptII/doc/test/../../doc; rm codeDoc/ptolemy/actor/lib/Ramp.xml codeDoc/ptolemy/actor/lib/RampIdx.xml; make docs)} {
Failed to find javadoc for ptolemy.actor.lib.gui.SequencePlotter} {
Failed to find source for ptolemy.actor.lib.gui.SequencePlotter} {
Failed to find ptdoc for ptolemy.actor.lib.gui.SequenceScope.  Try doing (cd /home/travis/build/icyphy/ptII/doc/test/../../doc; rm codeDoc/ptolemy/actor/lib/Ramp.xml codeDoc/ptolemy/actor/lib/RampIdx.xml; make docs)} {
Failed to find javadoc for ptolemy.actor.lib.gui.SequenceScope} {
Failed to find source for ptolemy.actor.lib.gui.SequenceScope} {
Failed to find ptdoc for ptolemy.actor.lib.gui.XYPlotter.  Try doing (cd /home/travis/build/icyphy/ptII/doc/test/../../doc; rm codeDoc/ptolemy/actor/lib/Ramp.xml codeDoc/ptolemy/actor/lib/RampIdx.xml; make docs)} {
Failed to find javadoc for ptolemy.actor.lib.gui.XYPlotter} {
Failed to find source for ptolemy.actor.lib.gui.XYPlotter} {
Failed to find ptdoc for ptolemy.actor.lib.gui.XYScope.  Try doing (cd /home/travis/build/icyphy/ptII/doc/test/../../doc; rm codeDoc/ptolemy/actor/lib/Ramp.xml codeDoc/ptolemy/actor/lib/RampIdx.xml; make docs)} {
Failed to find javadoc for ptolemy.actor.lib.gui.XYScope} {
Failed to find source for ptolemy.actor.lib.gui.XYScope} {
Failed to find ptdoc for ptolemy.actor.lib.gui.ArrowKeySensor.  Try doing (cd /home/travis/build/icyphy/ptII/doc/test/../../doc; rm codeDoc/ptolemy/actor/lib/Ramp.xml codeDoc/ptolemy/actor/lib/RampIdx.xml; make docs)} {
Failed to find javadoc for ptolemy.actor.lib.gui.ArrowKeySensor} {
Failed to find source for ptolemy.actor.lib.gui.ArrowKeySensor} {
Failed to find ptdoc for ptolemy.actor.lib.io.CSVReader.  Try doing (cd /home/travis/build/icyphy/ptII/doc/test/../../doc; rm codeDoc/ptolemy/actor/lib/Ramp.xml codeDoc/ptolemy/actor/lib/RampIdx.xml; make docs)} {
Failed to find javadoc for ptolemy.actor.lib.io.CSVReader} {
Failed to find source for ptolemy.actor.lib.io.CSVReader} {
Failed to find ptdoc for ptolemy.actor.lib.io.CSVWriter.  Try doing (cd /home/travis/build/icyphy/ptII/doc/test/../../doc; rm codeDoc/ptolemy/actor/lib/Ramp.xml codeDoc/ptolemy/actor/lib/RampIdx.xml; make docs)} {
Failed to find javadoc for ptolemy.actor.lib.io.CSVWriter} {
Failed to find source for ptolemy.actor.lib.io.CSVWriter} {
Failed to find ptdoc for ptolemy.actor.lib.net.DatagramReader.  Try doing (cd /home/travis/build/icyphy/ptII/doc/test/../../doc; rm codeDoc/ptolemy/actor/lib/Ramp.xml codeDoc/ptolemy/actor/lib/RampIdx.xml; make docs)} {
Failed to find javadoc for ptolemy.actor.lib.net.DatagramReader} {
Failed to find source for ptolemy.actor.lib.net.DatagramReader} {
Failed to find ptdoc for ptolemy.actor.lib.net.DatagramWriter.  Try doing (cd /home/travis/build/icyphy/ptII/doc/test/../../doc; rm codeDoc/ptolemy/actor/lib/Ramp.xml codeDoc/ptolemy/actor/lib/RampIdx.xml; make docs)} {
Failed to find javadoc for ptolemy.actor.lib.net.DatagramWriter} {
Failed to find source for ptolemy.actor.lib.net.DatagramWriter} {
Failed to find ptdoc for ptolemy.actor.lib.io.DirectoryListing.  Try doing (cd /home/travis/build/icyphy/ptII/doc/test/../../doc; rm codeDoc/ptolemy/actor/lib/Ramp.xml codeDoc/ptolemy/actor/lib/RampIdx.xml; make docs)} {
Failed to find javadoc for ptolemy.actor.lib.io.DirectoryListing} {
Failed to find source for ptolemy.actor.lib.io.DirectoryListing} {
Failed to find ptdoc for ptolemy.actor.lib.io.FileReader.  Try doing (cd /home/travis/build/icyphy/ptII/doc/test/../../doc; rm codeDoc/ptolemy/actor/lib/Ramp.xml codeDoc/ptolemy/actor/lib/RampIdx.xml; make docs)} {
Failed to find javadoc for ptolemy.actor.lib.io.FileReader} {
Failed to find source for ptolemy.actor.lib.io.FileReader} {
Failed to find ptdoc for ptolemy.actor.lib.net.IPAddress.  Try doing (cd /home/travis/build/icyphy/ptII/doc/test/../../doc; rm codeDoc/ptolemy/actor/lib/Ramp.xml codeDoc/ptolemy/actor/lib/RampIdx.xml; make docs)} {
Failed to find javadoc for ptolemy.actor.lib.net.IPAddress} {
Failed to find source for ptolemy.actor.lib.net.IPAddress} {
Failed to find ptdoc for ptolemy.actor.lib.FileWriter.  Try doing (cd /home/travis/build/icyphy/ptII/doc/test/../../doc; rm codeDoc/ptolemy/actor/lib/Ramp.xml codeDoc/ptolemy/actor/lib/RampIdx.xml; make docs)} {
Failed to find javadoc for ptolemy.actor.lib.FileWriter} {
Failed to find source for ptolemy.actor.lib.FileWriter} {
Failed to find ptdoc for ptolemy.actor.lib.io.LineReader.  Try doing (cd /home/travis/build/icyphy/ptII/doc/test/../../doc; rm codeDoc/ptolemy/actor/lib/Ramp.xml codeDoc/ptolemy/actor/lib/RampIdx.xml; make docs)} {
Failed to find javadoc for ptolemy.actor.lib.io.LineReader} {
Failed to find source for ptolemy.actor.lib.io.LineReader} {
Failed to find ptdoc for ptolemy.actor.lib.io.LineWriter.  Try doing (cd /home/travis/build/icyphy/ptII/doc/test/../../doc; rm codeDoc/ptolemy/actor/lib/Ramp.xml codeDoc/ptolemy/actor/lib/RampIdx.xml; make docs)} {
Failed to find javadoc for ptolemy.actor.lib.io.LineWriter} {
Failed to find source for ptolemy.actor.lib.io.LineWriter} {
Failed to find ptdoc for ptolemy.actor.lib.AbsoluteValue.  Try doing (cd /home/travis/build/icyphy/ptII/doc/test/../../doc; rm codeDoc/ptolemy/actor/lib/Ramp.xml codeDoc/ptolemy/actor/lib/RampIdx.xml; make docs)} {
Failed to find javadoc for ptolemy.actor.lib.AbsoluteValue} {
Failed to find source for ptolemy.actor.lib.AbsoluteValue} {
Failed to find ptdoc for ptolemy.actor.lib.AddSubtract.  Try doing (cd /home/travis/build/icyphy/ptII/doc/test/../../doc; rm codeDoc/ptolemy/actor/lib/Ramp.xml codeDoc/ptolemy/actor/lib/RampIdx.xml; make docs)} {
Failed to find javadoc for ptolemy.actor.lib.AddSubtract} {
Failed to find source for ptolemy.actor.lib.AddSubtract} {
Failed to find ptdoc for ptolemy.actor.lib.Accumulator.  Try doing (cd /home/travis/build/icyphy/ptII/doc/test/../../doc; rm codeDoc/ptolemy/actor/lib/Ramp.xml codeDoc/ptolemy/actor/lib/RampIdx.xml; make docs)} {
Failed to find javadoc for ptolemy.actor.lib.Accumulator} {
Failed to find source for ptolemy.actor.lib.Accumulator} {
Failed to find ptdoc for ptolemy.actor.lib.Average.  Try doing (cd /home/travis/build/icyphy/ptII/doc/test/../../doc; rm codeDoc/ptolemy/actor/lib/Ramp.xml codeDoc/ptolemy/actor/lib/RampIdx.xml; make docs)} {
Failed to find javadoc for ptolemy.actor.lib.Average} {
Failed to find source for ptolemy.actor.lib.Average} {
Failed to find ptdoc for ptolemy.actor.lib.Counter.  Try doing (cd /home/travis/build/icyphy/ptII/doc/test/../../doc; rm codeDoc/ptolemy/actor/lib/Ramp.xml codeDoc/ptolemy/actor/lib/RampIdx.xml; make docs)} {
Failed to find javadoc for ptolemy.actor.lib.Counter} {
Failed to find source for ptolemy.actor.lib.Counter} {
Failed to find ptdoc for ptolemy.actor.lib.Differential.  Try doing (cd /home/travis/build/icyphy/ptII/doc/test/../../doc; rm codeDoc/ptolemy/actor/lib/Ramp.xml codeDoc/ptolemy/actor/lib/RampIdx.xml; make docs)} {
Failed to find javadoc for ptolemy.actor.lib.Differential} {
Failed to find source for ptolemy.actor.lib.Differential} {
Failed to find ptdoc for ptolemy.domains.sdf.lib.DotProduct.  Try doing (cd /home/travis/build/icyphy/ptII/doc/test/../../doc; rm codeDoc/ptolemy/actor/lib/Ramp.xml codeDoc/ptolemy/actor/lib/RampIdx.xml; make docs)} {
Failed to find javadoc for ptolemy.domains.sdf.lib.DotProduct} {
Failed to find source for ptolemy.domains.sdf.lib.DotProduct} {
Failed to find ptdoc for ptolemy.actor.lib.Expression.  Try doing (cd /home/travis/build/icyphy/ptII/doc/test/../../doc; rm codeDoc/ptolemy/actor/lib/Ramp.xml codeDoc/ptolemy/actor/lib/RampIdx.xml; make docs)} {
Failed to find javadoc for ptolemy.actor.lib.Expression} {
Failed to find source for ptolemy.actor.lib.Expression} {
Failed to find ptdoc for ptolemy.actor.lib.Limiter.  Try doing (cd /home/travis/build/icyphy/ptII/doc/test/../../doc; rm codeDoc/ptolemy/actor/lib/Ramp.xml codeDoc/ptolemy/actor/lib/RampIdx.xml; make docs)} {
Failed to find javadoc for ptolemy.actor.lib.Limiter} {
Failed to find source for ptolemy.actor.lib.Limiter} {
Failed to find ptdoc for ptolemy.actor.lib.LookupTable.  Try doing (cd /home/travis/build/icyphy/ptII/doc/test/../../doc; rm codeDoc/ptolemy/actor/lib/Ramp.xml codeDoc/ptolemy/actor/lib/RampIdx.xml; make docs)} {
Failed to find javadoc for ptolemy.actor.lib.LookupTable} {
Failed to find source for ptolemy.actor.lib.LookupTable} {
Failed to find ptdoc for ptolemy.actor.lib.Maximum.  Try doing (cd /home/travis/build/icyphy/ptII/doc/test/../../doc; rm codeDoc/ptolemy/actor/lib/Ramp.xml codeDoc/ptolemy/actor/lib/RampIdx.xml; make docs)} {
Failed to find javadoc for ptolemy.actor.lib.Maximum} {
Failed to find source for ptolemy.actor.lib.Maximum} {
Failed to find ptdoc for ptolemy.actor.lib.Minimum.  Try doing (cd /home/travis/build/icyphy/ptII/doc/test/../../doc; rm codeDoc/ptolemy/actor/lib/Ramp.xml codeDoc/ptolemy/actor/lib/RampIdx.xml; make docs)} {
Failed to find javadoc for ptolemy.actor.lib.Minimum} {
Failed to find source for ptolemy.actor.lib.Minimum} {
Failed to find ptdoc for ptolemy.actor.lib.MovingAverage.  Try doing (cd /home/travis/build/icyphy/ptII/doc/test/../../doc; rm codeDoc/ptolemy/actor/lib/Ramp.xml codeDoc/ptolemy/actor/lib/RampIdx.xml; make docs)} {
Failed to find javadoc for ptolemy.actor.lib.MovingAverage} {
Failed to find source for ptolemy.actor.lib.MovingAverage} {
Failed to find ptdoc for ptolemy.actor.lib.MultiplyDivide.  Try doing (cd /home/travis/build/icyphy/ptII/doc/test/../../doc; rm codeDoc/ptolemy/actor/lib/Ramp.xml codeDoc/ptolemy/actor/lib/RampIdx.xml; make docs)} {
Failed to find javadoc for ptolemy.actor.lib.MultiplyDivide} {
Failed to find source for ptolemy.actor.lib.MultiplyDivide} {
Failed to find ptdoc for ptolemy.actor.lib.Quantizer.  Try doing (cd /home/travis/build/icyphy/ptII/doc/test/../../doc; rm codeDoc/ptolemy/actor/lib/Ramp.xml codeDoc/ptolemy/actor/lib/RampIdx.xml; make docs)} {
Failed to find javadoc for ptolemy.actor.lib.Quantizer} {
Failed to find source for ptolemy.actor.lib.Quantizer} {
Failed to find ptdoc for ptolemy.actor.lib.Remainder.  Try doing (cd /home/travis/build/icyphy/ptII/doc/test/../../doc; rm codeDoc/ptolemy/actor/lib/Ramp.xml codeDoc/ptolemy/actor/lib/RampIdx.xml; make docs)} {
Failed to find javadoc for ptolemy.actor.lib.Remainder} {
Failed to find source for ptolemy.actor.lib.Remainder} {
Failed to find ptdoc for ptolemy.actor.lib.RunningMaximum.  Try doing (cd /home/travis/build/icyphy/ptII/doc/test/../../doc; rm codeDoc/ptolemy/actor/lib/Ramp.xml codeDoc/ptolemy/actor/lib/RampIdx.xml; make docs)} {
Failed to find javadoc for ptolemy.actor.lib.RunningMaximum} {
Failed to find source for ptolemy.actor.lib.RunningMaximum} {
Failed to find ptdoc for ptolemy.actor.lib.RunningMinimum.  Try doing (cd /home/travis/build/icyphy/ptII/doc/test/../../doc; rm codeDoc/ptolemy/actor/lib/Ramp.xml codeDoc/ptolemy/actor/lib/RampIdx.xml; make docs)} {
Failed to find javadoc for ptolemy.actor.lib.RunningMinimum} {
Failed to find source for ptolemy.actor.lib.RunningMinimum} {
Failed to find ptdoc for ptolemy.actor.lib.Scale.  Try doing (cd /home/travis/build/icyphy/ptII/doc/test/../../doc; rm codeDoc/ptolemy/actor/lib/Ramp.xml codeDoc/ptolemy/actor/lib/RampIdx.xml; make docs)} {
Failed to find javadoc for ptolemy.actor.lib.Scale} {
Failed to find source for ptolemy.actor.lib.Scale} {
Failed to find ptdoc for ptolemy.actor.lib.TrigFunction.  Try doing (cd /home/travis/build/icyphy/ptII/doc/test/../../doc; rm codeDoc/ptolemy/actor/lib/Ramp.xml codeDoc/ptolemy/actor/lib/RampIdx.xml; make docs)} {
Failed to find javadoc for ptolemy.actor.lib.TrigFunction} {
Failed to find source for ptolemy.actor.lib.TrigFunction} {
Failed to find ptdoc for ptolemy.actor.lib.UnaryMathFunction.  Try doing (cd /home/travis/build/icyphy/ptII/doc/test/../../doc; rm codeDoc/ptolemy/actor/lib/Ramp.xml codeDoc/ptolemy/actor/lib/RampIdx.xml; make docs)} {
Failed to find javadoc for ptolemy.actor.lib.UnaryMathFunction} {
Failed to find source for ptolemy.actor.lib.UnaryMathFunction} {
Failed to find ptdoc for ptolemy.actor.lib.Bernoulli.  Try doing (cd /home/travis/build/icyphy/ptII/doc/test/../../doc; rm codeDoc/ptolemy/actor/lib/Ramp.xml codeDoc/ptolemy/actor/lib/RampIdx.xml; make docs)} {
Failed to find javadoc for ptolemy.actor.lib.Bernoulli} {
Failed to find source for ptolemy.actor.lib.Bernoulli} {
Failed to find ptdoc for ptolemy.actor.lib.DiscreteRandomSource.  Try doing (cd /home/travis/build/icyphy/ptII/doc/test/../../doc; rm codeDoc/ptolemy/actor/lib/Ramp.xml codeDoc/ptolemy/actor/lib/RampIdx.xml; make docs)} {
Failed to find javadoc for ptolemy.actor.lib.DiscreteRandomSource} {
Failed to find source for ptolemy.actor.lib.DiscreteRandomSource} {
Failed to find ptdoc for ptolemy.actor.lib.Gaussian.  Try doing (cd /home/travis/build/icyphy/ptII/doc/test/../../doc; rm codeDoc/ptolemy/actor/lib/Ramp.xml codeDoc/ptolemy/actor/lib/RampIdx.xml; make docs)} {
Failed to find javadoc for ptolemy.actor.lib.Gaussian} {
Failed to find source for ptolemy.actor.lib.Gaussian} {
Failed to find ptdoc for ptolemy.actor.lib.Rician.  Try doing (cd /home/travis/build/icyphy/ptII/doc/test/../../doc; rm codeDoc/ptolemy/actor/lib/Ramp.xml codeDoc/ptolemy/actor/lib/RampIdx.xml; make docs)} {
Failed to find javadoc for ptolemy.actor.lib.Rician} {
Failed to find source for ptolemy.actor.lib.Rician} {
Failed to find ptdoc for ptolemy.actor.lib.Uniform.  Try doing (cd /home/travis/build/icyphy/ptII/doc/test/../../doc; rm codeDoc/ptolemy/actor/lib/Ramp.xml codeDoc/ptolemy/actor/lib/RampIdx.xml; make docs)} {
Failed to find javadoc for ptolemy.actor.lib.Uniform} {
Failed to find source for ptolemy.actor.lib.Uniform} {
Failed to find ptdoc for ptolemy.actor.lib.Triangular.  Try doing (cd /home/travis/build/icyphy/ptII/doc/test/../../doc; rm codeDoc/ptolemy/actor/lib/Ramp.xml codeDoc/ptolemy/actor/lib/RampIdx.xml; make docs)} {
Failed to find javadoc for ptolemy.actor.lib.Triangular} {
Failed to find source for ptolemy.actor.lib.Triangular} {
Failed to find ptdoc for ptolemy.actor.lib.BusAssembler.  Try doing (cd /home/travis/build/icyphy/ptII/doc/test/../../doc; rm codeDoc/ptolemy/actor/lib/Ramp.xml codeDoc/ptolemy/actor/lib/RampIdx.xml; make docs)} {
Failed to find javadoc for ptolemy.actor.lib.BusAssembler} {
Failed to find source for ptolemy.actor.lib.BusAssembler} {
Failed to find ptdoc for ptolemy.actor.lib.BusDisassembler.  Try doing (cd /home/travis/build/icyphy/ptII/doc/test/../../doc; rm codeDoc/ptolemy/actor/lib/Ramp.xml codeDoc/ptolemy/actor/lib/RampIdx.xml; make docs)} {
Failed to find javadoc for ptolemy.actor.lib.BusDisassembler} {
Failed to find source for ptolemy.actor.lib.BusDisassembler} {
Failed to find ptdoc for ptolemy.actor.lib.Commutator.  Try doing (cd /home/travis/build/icyphy/ptII/doc/test/../../doc; rm codeDoc/ptolemy/actor/lib/Ramp.xml codeDoc/ptolemy/actor/lib/RampIdx.xml; make docs)} {
Failed to find javadoc for ptolemy.actor.lib.Commutator} {
Failed to find source for ptolemy.actor.lib.Commutator} {
Failed to find ptdoc for ptolemy.actor.lib.Distributor.  Try doing (cd /home/travis/build/icyphy/ptII/doc/test/../../doc; rm codeDoc/ptolemy/actor/lib/Ramp.xml codeDoc/ptolemy/actor/lib/RampIdx.xml; make docs)} {
Failed to find javadoc for ptolemy.actor.lib.Distributor} {
Failed to find source for ptolemy.actor.lib.Distributor} {
Failed to find ptdoc for ptolemy.actor.lib.Multiplexor.  Try doing (cd /home/travis/build/icyphy/ptII/doc/test/../../doc; rm codeDoc/ptolemy/actor/lib/Ramp.xml codeDoc/ptolemy/actor/lib/RampIdx.xml; make docs)} {
Failed to find javadoc for ptolemy.actor.lib.Multiplexor} {
Failed to find source for ptolemy.actor.lib.Multiplexor} {
Failed to find ptdoc for ptolemy.actor.lib.OrderedRecordAssembler.  Try doing (cd /home/travis/build/icyphy/ptII/doc/test/../../doc; rm codeDoc/ptolemy/actor/lib/Ramp.xml codeDoc/ptolemy/actor/lib/RampIdx.xml; make docs)} {
Failed to find javadoc for ptolemy.actor.lib.OrderedRecordAssembler} {
Failed to find source for ptolemy.actor.lib.OrderedRecordAssembler} {
Failed to find ptdoc for ptolemy.actor.lib.RecordAssembler.  Try doing (cd /home/travis/build/icyphy/ptII/doc/test/../../doc; rm codeDoc/ptolemy/actor/lib/Ramp.xml codeDoc/ptolemy/actor/lib/RampIdx.xml; make docs)} {
Failed to find javadoc for ptolemy.actor.lib.RecordAssembler} {
Failed to find source for ptolemy.actor.lib.RecordAssembler} {
Failed to find ptdoc for ptolemy.actor.lib.RecordDisassembler.  Try doing (cd /home/travis/build/icyphy/ptII/doc/test/../../doc; rm codeDoc/ptolemy/actor/lib/Ramp.xml codeDoc/ptolemy/actor/lib/RampIdx.xml; make docs)} {
Failed to find javadoc for ptolemy.actor.lib.RecordDisassembler} {
Failed to find source for ptolemy.actor.lib.RecordDisassembler} {
Failed to find ptdoc for ptolemy.actor.lib.RecordUpdater.  Try doing (cd /home/travis/build/icyphy/ptII/doc/test/../../doc; rm codeDoc/ptolemy/actor/lib/Ramp.xml codeDoc/ptolemy/actor/lib/RampIdx.xml; make docs)} {
Failed to find javadoc for ptolemy.actor.lib.RecordUpdater} {
Failed to find source for ptolemy.actor.lib.RecordUpdater} {
Failed to find ptdoc for ptolemy.actor.lib.Sampler.  Try doing (cd /home/travis/build/icyphy/ptII/doc/test/../../doc; rm codeDoc/ptolemy/actor/lib/Ramp.xml codeDoc/ptolemy/actor/lib/RampIdx.xml; make docs)} {
Failed to find javadoc for ptolemy.actor.lib.Sampler} {
Failed to find source for ptolemy.actor.lib.Sampler} {
Failed to find ptdoc for ptolemy.actor.lib.Select.  Try doing (cd /home/travis/build/icyphy/ptII/doc/test/../../doc; rm codeDoc/ptolemy/actor/lib/Ramp.xml codeDoc/ptolemy/actor/lib/RampIdx.xml; make docs)} {
Failed to find javadoc for ptolemy.actor.lib.Select} {
Failed to find source for ptolemy.actor.lib.Select} {
Failed to find ptdoc for ptolemy.actor.lib.SingleTokenCommutator.  Try doing (cd /home/travis/build/icyphy/ptII/doc/test/../../doc; rm codeDoc/ptolemy/actor/lib/Ramp.xml codeDoc/ptolemy/actor/lib/RampIdx.xml; make docs)} {
Failed to find javadoc for ptolemy.actor.lib.SingleTokenCommutator} {
Failed to find source for ptolemy.actor.lib.SingleTokenCommutator} {
Failed to find ptdoc for ptolemy.actor.lib.Switch.  Try doing (cd /home/travis/build/icyphy/ptII/doc/test/../../doc; rm codeDoc/ptolemy/actor/lib/Ramp.xml codeDoc/ptolemy/actor/lib/RampIdx.xml; make docs)} {
Failed to find javadoc for ptolemy.actor.lib.Switch} {
Failed to find source for ptolemy.actor.lib.Switch} {
Failed to find ptdoc for ptolemy.actor.lib.Synchronizer.  Try doing (cd /home/travis/build/icyphy/ptII/doc/test/../../doc; rm codeDoc/ptolemy/actor/lib/Ramp.xml codeDoc/ptolemy/actor/lib/RampIdx.xml; make docs)} {
Failed to find javadoc for ptolemy.actor.lib.Synchronizer} {
Failed to find source for ptolemy.actor.lib.Synchronizer} {
Failed to find ptdoc for ptolemy.actor.lib.UnionDisassembler.  Try doing (cd /home/travis/build/icyphy/ptII/doc/test/../../doc; rm codeDoc/ptolemy/actor/lib/Ramp.xml codeDoc/ptolemy/actor/lib/RampIdx.xml; make docs)} {
Failed to find javadoc for ptolemy.actor.lib.UnionDisassembler} {
Failed to find source for ptolemy.actor.lib.UnionDisassembler} {
Failed to find ptdoc for ptolemy.actor.lib.UnionMerge.  Try doing (cd /home/travis/build/icyphy/ptII/doc/test/../../doc; rm codeDoc/ptolemy/actor/lib/Ramp.xml codeDoc/ptolemy/actor/lib/RampIdx.xml; make docs)} {
Failed to find javadoc for ptolemy.actor.lib.UnionMerge} {
Failed to find source for ptolemy.actor.lib.UnionMerge} {
Failed to find ptdoc for ptolemy.actor.lib.VectorAssembler.  Try doing (cd /home/travis/build/icyphy/ptII/doc/test/../../doc; rm codeDoc/ptolemy/actor/lib/Ramp.xml codeDoc/ptolemy/actor/lib/RampIdx.xml; make docs)} {
Failed to find javadoc for ptolemy.actor.lib.VectorAssembler} {
Failed to find source for ptolemy.actor.lib.VectorAssembler} {
Failed to find ptdoc for ptolemy.actor.lib.VectorDisassembler.  Try doing (cd /home/travis/build/icyphy/ptII/doc/test/../../doc; rm codeDoc/ptolemy/actor/lib/Ramp.xml codeDoc/ptolemy/actor/lib/RampIdx.xml; make docs)} {
Failed to find javadoc for ptolemy.actor.lib.VectorDisassembler} {
Failed to find source for ptolemy.actor.lib.VectorDisassembler} {
Failed to find ptdoc for ptolemy.actor.lib.BooleanMultiplexor.  Try doing (cd /home/travis/build/icyphy/ptII/doc/test/../../doc; rm codeDoc/ptolemy/actor/lib/Ramp.xml codeDoc/ptolemy/actor/lib/RampIdx.xml; make docs)} {
Failed to find javadoc for ptolemy.actor.lib.BooleanMultiplexor} {
Failed to find source for ptolemy.actor.lib.BooleanMultiplexor} {
Failed to find ptdoc for ptolemy.actor.lib.BooleanSelect.  Try doing (cd /home/travis/build/icyphy/ptII/doc/test/../../doc; rm codeDoc/ptolemy/actor/lib/Ramp.xml codeDoc/ptolemy/actor/lib/RampIdx.xml; make docs)} {
Failed to find javadoc for ptolemy.actor.lib.BooleanSelect} {
Failed to find source for ptolemy.actor.lib.BooleanSelect} {
Failed to find ptdoc for ptolemy.actor.lib.BooleanSwitch.  Try doing (cd /home/travis/build/icyphy/ptII/doc/test/../../doc; rm codeDoc/ptolemy/actor/lib/Ramp.xml codeDoc/ptolemy/actor/lib/RampIdx.xml; make docs)} {
Failed to find javadoc for ptolemy.actor.lib.BooleanSwitch} {
Failed to find source for ptolemy.actor.lib.BooleanSwitch} {
Failed to find ptdoc for ptolemy.actor.lib.ConfigurationSelect.  Try doing (cd /home/travis/build/icyphy/ptII/doc/test/../../doc; rm codeDoc/ptolemy/actor/lib/Ramp.xml codeDoc/ptolemy/actor/lib/RampIdx.xml; make docs)} {
Failed to find javadoc for ptolemy.actor.lib.ConfigurationSelect} {
Failed to find source for ptolemy.actor.lib.ConfigurationSelect} {
Failed to find ptdoc for ptolemy.actor.lib.ConfigurationSwitch.  Try doing (cd /home/travis/build/icyphy/ptII/doc/test/../../doc; rm codeDoc/ptolemy/actor/lib/Ramp.xml codeDoc/ptolemy/actor/lib/RampIdx.xml; make docs)} {
Failed to find javadoc for ptolemy.actor.lib.ConfigurationSwitch} {
Failed to find source for ptolemy.actor.lib.ConfigurationSwitch} {
Failed to find ptdoc for ptolemy.domains.sdf.lib.CountTrues.  Try doing (cd /home/travis/build/icyphy/ptII/doc/test/../../doc; rm codeDoc/ptolemy/actor/lib/Ramp.xml codeDoc/ptolemy/actor/lib/RampIdx.xml; make docs)} {
Failed to find javadoc for ptolemy.domains.sdf.lib.CountTrues} {
Failed to find source for ptolemy.domains.sdf.lib.CountTrues} {
Failed to find ptdoc for ptolemy.domains.sdf.lib.Chop.  Try doing (cd /home/travis/build/icyphy/ptII/doc/test/../../doc; rm codeDoc/ptolemy/actor/lib/Ramp.xml codeDoc/ptolemy/actor/lib/RampIdx.xml; make docs)} {
Failed to find javadoc for ptolemy.domains.sdf.lib.Chop} {
Failed to find source for ptolemy.domains.sdf.lib.Chop} {
Failed to find ptdoc for ptolemy.actor.lib.Default.  Try doing (cd /home/travis/build/icyphy/ptII/doc/test/../../doc; rm codeDoc/ptolemy/actor/lib/Ramp.xml codeDoc/ptolemy/actor/lib/RampIdx.xml; make docs)} {
Failed to find javadoc for ptolemy.actor.lib.Default} {
Failed to find source for ptolemy.actor.lib.Default} {
Failed to find ptdoc for ptolemy.domains.sdf.lib.Repeat.  Try doing (cd /home/travis/build/icyphy/ptII/doc/test/../../doc; rm codeDoc/ptolemy/actor/lib/Ramp.xml codeDoc/ptolemy/actor/lib/RampIdx.xml; make docs)} {
Failed to find javadoc for ptolemy.domains.sdf.lib.Repeat} {
Failed to find source for ptolemy.domains.sdf.lib.Repeat} {
Failed to find ptdoc for ptolemy.domains.sdf.lib.SampleDelay.  Try doing (cd /home/travis/build/icyphy/ptII/doc/test/../../doc; rm codeDoc/ptolemy/actor/lib/Ramp.xml codeDoc/ptolemy/actor/lib/RampIdx.xml; make docs)} {
Failed to find javadoc for ptolemy.domains.sdf.lib.SampleDelay} {
Failed to find source for ptolemy.domains.sdf.lib.SampleDelay} {
Failed to find ptdoc for ptolemy.actor.lib.Sequencer.  Try doing (cd /home/travis/build/icyphy/ptII/doc/test/../../doc; rm codeDoc/ptolemy/actor/lib/Ramp.xml codeDoc/ptolemy/actor/lib/RampIdx.xml; make docs)} {
Failed to find javadoc for ptolemy.actor.lib.Sequencer} {
Failed to find source for ptolemy.actor.lib.Sequencer} {
Failed to find ptdoc for ptolemy.actor.lib.Exit.  Try doing (cd /home/travis/build/icyphy/ptII/doc/test/../../doc; rm codeDoc/ptolemy/actor/lib/Ramp.xml codeDoc/ptolemy/actor/lib/RampIdx.xml; make docs)} {
Failed to find javadoc for ptolemy.actor.lib.Exit} {
Failed to find source for ptolemy.actor.lib.Exit} {
Failed to find ptdoc for ptolemy.actor.lib.Stop.  Try doing (cd /home/travis/build/icyphy/ptII/doc/test/../../doc; rm codeDoc/ptolemy/actor/lib/Ramp.xml codeDoc/ptolemy/actor/lib/RampIdx.xml; make docs)} {
Failed to find javadoc for ptolemy.actor.lib.Stop} {
Failed to find source for ptolemy.actor.lib.Stop} {
Failed to find ptdoc for ptolemy.actor.lib.Pause.  Try doing (cd /home/travis/build/icyphy/ptII/doc/test/../../doc; rm codeDoc/ptolemy/actor/lib/Ramp.xml codeDoc/ptolemy/actor/lib/RampIdx.xml; make docs)} {
Failed to find javadoc for ptolemy.actor.lib.Pause} {
Failed to find source for ptolemy.actor.lib.Pause} {
Failed to find ptdoc for ptolemy.actor.lib.ThrowException.  Try doing (cd /home/travis/build/icyphy/ptII/doc/test/../../doc; rm codeDoc/ptolemy/actor/lib/Ramp.xml codeDoc/ptolemy/actor/lib/RampIdx.xml; make docs)} {
Failed to find javadoc for ptolemy.actor.lib.ThrowException} {
Failed to find source for ptolemy.actor.lib.ThrowException} {
Failed to find ptdoc for ptolemy.actor.lib.ThrowModelError.  Try doing (cd /home/travis/build/icyphy/ptII/doc/test/../../doc; rm codeDoc/ptolemy/actor/lib/Ramp.xml codeDoc/ptolemy/actor/lib/RampIdx.xml; make docs)} {
Failed to find javadoc for ptolemy.actor.lib.ThrowModelError} {
Failed to find source for ptolemy.actor.lib.ThrowModelError} {
Failed to find ptdoc for ptolemy.actor.lib.DelayStart.  Try doing (cd /home/travis/build/icyphy/ptII/doc/test/../../doc; rm codeDoc/ptolemy/actor/lib/Ramp.xml codeDoc/ptolemy/actor/lib/RampIdx.xml; make docs)} {
Failed to find javadoc for ptolemy.actor.lib.DelayStart} {
Failed to find source for ptolemy.actor.lib.DelayStart} {
Failed to find ptdoc for ptolemy.actor.lib.ExecutionTime.  Try doing (cd /home/travis/build/icyphy/ptII/doc/test/../../doc; rm codeDoc/ptolemy/actor/lib/Ramp.xml codeDoc/ptolemy/actor/lib/RampIdx.xml; make docs)} {
Failed to find javadoc for ptolemy.actor.lib.ExecutionTime} {
Failed to find source for ptolemy.actor.lib.ExecutionTime} {
Failed to find ptdoc for ptolemy.actor.lib.gui.RealTimePlotter.  Try doing (cd /home/travis/build/icyphy/ptII/doc/test/../../doc; rm codeDoc/ptolemy/actor/lib/Ramp.xml codeDoc/ptolemy/actor/lib/RampIdx.xml; make docs)} {
Failed to find javadoc for ptolemy.actor.lib.gui.RealTimePlotter} {
Failed to find source for ptolemy.actor.lib.gui.RealTimePlotter} {
Failed to find ptdoc for ptolemy.actor.lib.Sleep.  Try doing (cd /home/travis/build/icyphy/ptII/doc/test/../../doc; rm codeDoc/ptolemy/actor/lib/Ramp.xml codeDoc/ptolemy/actor/lib/RampIdx.xml; make docs)} {
Failed to find javadoc for ptolemy.actor.lib.Sleep} {
Failed to find source for ptolemy.actor.lib.Sleep} {
Failed to find ptdoc for ptolemy.actor.lib.VariableSleep.  Try doing (cd /home/travis/build/icyphy/ptII/doc/test/../../doc; rm codeDoc/ptolemy/actor/lib/Ramp.xml codeDoc/ptolemy/actor/lib/RampIdx.xml; make docs)} {
Failed to find javadoc for ptolemy.actor.lib.VariableSleep} {
Failed to find source for ptolemy.actor.lib.VariableSleep} {
Failed to find ptdoc for ptolemy.actor.lib.WallClockTime.  Try doing (cd /home/travis/build/icyphy/ptII/doc/test/../../doc; rm codeDoc/ptolemy/actor/lib/Ramp.xml codeDoc/ptolemy/actor/lib/RampIdx.xml; make docs)} {
Failed to find javadoc for ptolemy.actor.lib.WallClockTime} {
Failed to find source for ptolemy.actor.lib.WallClockTime} {
Failed to find ptdoc for ptolemy.actor.lib.logic.Comparator.  Try doing (cd /home/travis/build/icyphy/ptII/doc/test/../../doc; rm codeDoc/ptolemy/actor/lib/Ramp.xml codeDoc/ptolemy/actor/lib/RampIdx.xml; make docs)} {
Failed to find javadoc for ptolemy.actor.lib.logic.Comparator} {
Failed to find source for ptolemy.actor.lib.logic.Comparator} {
Failed to find ptdoc for ptolemy.actor.lib.logic.Equals.  Try doing (cd /home/travis/build/icyphy/ptII/doc/test/../../doc; rm codeDoc/ptolemy/actor/lib/Ramp.xml codeDoc/ptolemy/actor/lib/RampIdx.xml; make docs)} {
Failed to find javadoc for ptolemy.actor.lib.logic.Equals} {
Failed to find source for ptolemy.actor.lib.logic.Equals} {
Failed to find ptdoc for ptolemy.actor.lib.logic.IsPresent.  Try doing (cd /home/travis/build/icyphy/ptII/doc/test/../../doc; rm codeDoc/ptolemy/actor/lib/Ramp.xml codeDoc/ptolemy/actor/lib/RampIdx.xml; make docs)} {
Failed to find javadoc for ptolemy.actor.lib.logic.IsPresent} {
Failed to find source for ptolemy.actor.lib.logic.IsPresent} {
Failed to find ptdoc for ptolemy.actor.lib.logic.LogicalNot.  Try doing (cd /home/travis/build/icyphy/ptII/doc/test/../../doc; rm codeDoc/ptolemy/actor/lib/Ramp.xml codeDoc/ptolemy/actor/lib/RampIdx.xml; make docs)} {
Failed to find javadoc for ptolemy.actor.lib.logic.LogicalNot} {
Failed to find source for ptolemy.actor.lib.logic.LogicalNot} {
Failed to find ptdoc for ptolemy.actor.lib.logic.LogicGate.  Try doing (cd /home/travis/build/icyphy/ptII/doc/test/../../doc; rm codeDoc/ptolemy/actor/lib/Ramp.xml codeDoc/ptolemy/actor/lib/RampIdx.xml; make docs)} {
Failed to find javadoc for ptolemy.actor.lib.logic.LogicGate} {
Failed to find source for ptolemy.actor.lib.logic.LogicGate} {
Failed to find ptdoc for ptolemy.actor.lib.logic.TrueGate.  Try doing (cd /home/travis/build/icyphy/ptII/doc/test/../../doc; rm codeDoc/ptolemy/actor/lib/Ramp.xml codeDoc/ptolemy/actor/lib/RampIdx.xml; make docs)} {
Failed to find javadoc for ptolemy.actor.lib.logic.TrueGate} {
Failed to find source for ptolemy.actor.lib.logic.TrueGate} {
Failed to find ptdoc for ptolemy.actor.lib.conversions.AnythingToDouble.  Try doing (cd /home/travis/build/icyphy/ptII/doc/test/../../doc; rm codeDoc/ptolemy/actor/lib/Ramp.xml codeDoc/ptolemy/actor/lib/RampIdx.xml; make docs)} {
Failed to find javadoc for ptolemy.actor.lib.conversions.AnythingToDouble} {
Failed to find source for ptolemy.actor.lib.conversions.AnythingToDouble} {
Failed to find ptdoc for ptolemy.actor.lib.conversions.BooleanToAnything.  Try doing (cd /home/travis/build/icyphy/ptII/doc/test/../../doc; rm codeDoc/ptolemy/actor/lib/Ramp.xml codeDoc/ptolemy/actor/lib/RampIdx.xml; make docs)} {
Failed to find javadoc for ptolemy.actor.lib.conversions.BooleanToAnything} {
Failed to find source for ptolemy.actor.lib.conversions.BooleanToAnything} {
Failed to find ptdoc for ptolemy.domains.sdf.lib.BitsToInt.  Try doing (cd /home/travis/build/icyphy/ptII/doc/test/../../doc; rm codeDoc/ptolemy/actor/lib/Ramp.xml codeDoc/ptolemy/actor/lib/RampIdx.xml; make docs)} {
Failed to find javadoc for ptolemy.domains.sdf.lib.BitsToInt} {
Failed to find source for ptolemy.domains.sdf.lib.BitsToInt} {
Failed to find ptdoc for ptolemy.actor.lib.conversions.CartesianToComplex.  Try doing (cd /home/travis/build/icyphy/ptII/doc/test/../../doc; rm codeDoc/ptolemy/actor/lib/Ramp.xml codeDoc/ptolemy/actor/lib/RampIdx.xml; make docs)} {
Failed to find javadoc for ptolemy.actor.lib.conversions.CartesianToComplex} {
Failed to find source for ptolemy.actor.lib.conversions.CartesianToComplex} {
Failed to find ptdoc for ptolemy.actor.lib.conversions.CartesianToPolar.  Try doing (cd /home/travis/build/icyphy/ptII/doc/test/../../doc; rm codeDoc/ptolemy/actor/lib/Ramp.xml codeDoc/ptolemy/actor/lib/RampIdx.xml; make docs)} {
Failed to find javadoc for ptolemy.actor.lib.conversions.CartesianToPolar} {
Failed to find source for ptolemy.actor.lib.conversions.CartesianToPolar} {
Failed to find ptdoc for ptolemy.actor.lib.conversions.ComplexToCartesian.  Try doing (cd /home/travis/build/icyphy/ptII/doc/test/../../doc; rm codeDoc/ptolemy/actor/lib/Ramp.xml codeDoc/ptolemy/actor/lib/RampIdx.xml; make docs)} {
Failed to find javadoc for ptolemy.actor.lib.conversions.ComplexToCartesian} {
Failed to find source for ptolemy.actor.lib.conversions.ComplexToCartesian} {
Failed to find ptdoc for ptolemy.actor.lib.conversions.ComplexToPolar.  Try doing (cd /home/travis/build/icyphy/ptII/doc/test/../../doc; rm codeDoc/ptolemy/actor/lib/Ramp.xml codeDoc/ptolemy/actor/lib/RampIdx.xml; make docs)} {
Failed to find javadoc for ptolemy.actor.lib.conversions.ComplexToPolar} {
Failed to find source for ptolemy.actor.lib.conversions.ComplexToPolar} {
Failed to find ptdoc for ptolemy.actor.lib.conversions.DateToString.  Try doing (cd /home/travis/build/icyphy/ptII/doc/test/../../doc; rm codeDoc/ptolemy/actor/lib/Ramp.xml codeDoc/ptolemy/actor/lib/RampIdx.xml; make docs)} {
Failed to find javadoc for ptolemy.actor.lib.conversions.DateToString} {
Failed to find source for ptolemy.actor.lib.conversions.DateToString} {
Failed to find ptdoc for ptolemy.actor.lib.conversions.DoubleToFix.  Try doing (cd /home/travis/build/icyphy/ptII/doc/test/../../doc; rm codeDoc/ptolemy/actor/lib/Ramp.xml codeDoc/ptolemy/actor/lib/RampIdx.xml; make docs)} {
Failed to find javadoc for ptolemy.actor.lib.conversions.DoubleToFix} {
Failed to find source for ptolemy.actor.lib.conversions.DoubleToFix} {
Failed to find ptdoc for ptolemy.actor.lib.conversions.ExpressionToToken.  Try doing (cd /home/travis/build/icyphy/ptII/doc/test/../../doc; rm codeDoc/ptolemy/actor/lib/Ramp.xml codeDoc/ptolemy/actor/lib/RampIdx.xml; make docs)} {
Failed to find javadoc for ptolemy.actor.lib.conversions.ExpressionToToken} {
Failed to find source for ptolemy.actor.lib.conversions.ExpressionToToken} {
Failed to find ptdoc for ptolemy.actor.lib.conversions.FixToDouble.  Try doing (cd /home/travis/build/icyphy/ptII/doc/test/../../doc; rm codeDoc/ptolemy/actor/lib/Ramp.xml codeDoc/ptolemy/actor/lib/RampIdx.xml; make docs)} {
Failed to find javadoc for ptolemy.actor.lib.conversions.FixToDouble} {
Failed to find source for ptolemy.actor.lib.conversions.FixToDouble} {
Failed to find ptdoc for ptolemy.actor.lib.conversions.FixToFix.  Try doing (cd /home/travis/build/icyphy/ptII/doc/test/../../doc; rm codeDoc/ptolemy/actor/lib/Ramp.xml codeDoc/ptolemy/actor/lib/RampIdx.xml; make docs)} {
Failed to find javadoc for ptolemy.actor.lib.conversions.FixToFix} {
Failed to find source for ptolemy.actor.lib.conversions.FixToFix} {
Failed to find ptdoc for ptolemy.actor.lib.conversions.ImageToString.  Try doing (cd /home/travis/build/icyphy/ptII/doc/test/../../doc; rm codeDoc/ptolemy/actor/lib/Ramp.xml codeDoc/ptolemy/actor/lib/RampIdx.xml; make docs)} {
Failed to find javadoc for ptolemy.actor.lib.conversions.ImageToString} {
Failed to find source for ptolemy.actor.lib.conversions.ImageToString} {
Failed to find ptdoc for ptolemy.actor.lib.conversions.IntArrayToString.  Try doing (cd /home/travis/build/icyphy/ptII/doc/test/../../doc; rm codeDoc/ptolemy/actor/lib/Ramp.xml codeDoc/ptolemy/actor/lib/RampIdx.xml; make docs)} {
Failed to find javadoc for ptolemy.actor.lib.conversions.IntArrayToString} {
Failed to find source for ptolemy.actor.lib.conversions.IntArrayToString} {
Failed to find ptdoc for ptolemy.domains.sdf.lib.IntToBits.  Try doing (cd /home/travis/build/icyphy/ptII/doc/test/../../doc; rm codeDoc/ptolemy/actor/lib/Ramp.xml codeDoc/ptolemy/actor/lib/RampIdx.xml; make docs)} {
Failed to find javadoc for ptolemy.domains.sdf.lib.IntToBits} {
Failed to find source for ptolemy.domains.sdf.lib.IntToBits} {
Failed to find ptdoc for ptolemy.actor.lib.conversions.InUnitsOf.  Try doing (cd /home/travis/build/icyphy/ptII/doc/test/../../doc; rm codeDoc/ptolemy/actor/lib/Ramp.xml codeDoc/ptolemy/actor/lib/RampIdx.xml; make docs)} {
Failed to find javadoc for ptolemy.actor.lib.conversions.InUnitsOf} {
Failed to find source for ptolemy.actor.lib.conversions.InUnitsOf} {
Failed to find ptdoc for ptolemy.actor.lib.conversions.json.JSONToToken.  Try doing (cd /home/travis/build/icyphy/ptII/doc/test/../../doc; rm codeDoc/ptolemy/actor/lib/Ramp.xml codeDoc/ptolemy/actor/lib/RampIdx.xml; make docs)} {
Failed to find javadoc for ptolemy.actor.lib.conversions.json.JSONToToken} {
Failed to find source for ptolemy.actor.lib.conversions.json.JSONToToken} {
Failed to find ptdoc for ptolemy.actor.lib.conversions.json.TokenToJSON.  Try doing (cd /home/travis/build/icyphy/ptII/doc/test/../../doc; rm codeDoc/ptolemy/actor/lib/Ramp.xml codeDoc/ptolemy/actor/lib/RampIdx.xml; make docs)} {
Failed to find javadoc for ptolemy.actor.lib.conversions.json.TokenToJSON} {
Failed to find source for ptolemy.actor.lib.conversions.json.TokenToJSON} {
Failed to find ptdoc for ptolemy.actor.lib.conversions.LongToDouble.  Try doing (cd /home/travis/build/icyphy/ptII/doc/test/../../doc; rm codeDoc/ptolemy/actor/lib/Ramp.xml codeDoc/ptolemy/actor/lib/RampIdx.xml; make docs)} {
Failed to find javadoc for ptolemy.actor.lib.conversions.LongToDouble} {
Failed to find source for ptolemy.actor.lib.conversions.LongToDouble} {
Failed to find ptdoc for ptolemy.actor.lib.conversions.PolarToCartesian.  Try doing (cd /home/travis/build/icyphy/ptII/doc/test/../../doc; rm codeDoc/ptolemy/actor/lib/Ramp.xml codeDoc/ptolemy/actor/lib/RampIdx.xml; make docs)} {
Failed to find javadoc for ptolemy.actor.lib.conversions.PolarToCartesian} {
Failed to find source for ptolemy.actor.lib.conversions.PolarToCartesian} {
Failed to find ptdoc for ptolemy.actor.lib.conversions.PolarToComplex.  Try doing (cd /home/travis/build/icyphy/ptII/doc/test/../../doc; rm codeDoc/ptolemy/actor/lib/Ramp.xml codeDoc/ptolemy/actor/lib/RampIdx.xml; make docs)} {
Failed to find javadoc for ptolemy.actor.lib.conversions.PolarToComplex} {
Failed to find source for ptolemy.actor.lib.conversions.PolarToComplex} {
Failed to find ptdoc for ptolemy.actor.lib.conversions.Round.  Try doing (cd /home/travis/build/icyphy/ptII/doc/test/../../doc; rm codeDoc/ptolemy/actor/lib/Ramp.xml codeDoc/ptolemy/actor/lib/RampIdx.xml; make docs)} {
Failed to find javadoc for ptolemy.actor.lib.conversions.Round} {
Failed to find source for ptolemy.actor.lib.conversions.Round} {
Failed to find ptdoc for ptolemy.actor.lib.conversions.SmoothToDouble.  Try doing (cd /home/travis/build/icyphy/ptII/doc/test/../../doc; rm codeDoc/ptolemy/actor/lib/Ramp.xml codeDoc/ptolemy/actor/lib/RampIdx.xml; make docs)} {
Failed to find javadoc for ptolemy.actor.lib.conversions.SmoothToDouble} {
Failed to find source for ptolemy.actor.lib.conversions.SmoothToDouble} {
Failed to find ptdoc for ptolemy.actor.lib.conversions.StringToBoolean.  Try doing (cd /home/travis/build/icyphy/ptII/doc/test/../../doc; rm codeDoc/ptolemy/actor/lib/Ramp.xml codeDoc/ptolemy/actor/lib/RampIdx.xml; make docs)} {
Failed to find javadoc for ptolemy.actor.lib.conversions.StringToBoolean} {
Failed to find source for ptolemy.actor.lib.conversions.StringToBoolean} {
Failed to find ptdoc for ptolemy.actor.lib.conversions.StringToDouble.  Try doing (cd /home/travis/build/icyphy/ptII/doc/test/../../doc; rm codeDoc/ptolemy/actor/lib/Ramp.xml codeDoc/ptolemy/actor/lib/RampIdx.xml; make docs)} {
Failed to find javadoc for ptolemy.actor.lib.conversions.StringToDouble} {
Failed to find source for ptolemy.actor.lib.conversions.StringToDouble} {
Failed to find ptdoc for ptolemy.actor.lib.conversions.StringToInt.  Try doing (cd /home/travis/build/icyphy/ptII/doc/test/../../doc; rm codeDoc/ptolemy/actor/lib/Ramp.xml codeDoc/ptolemy/actor/lib/RampIdx.xml; make docs)} {
Failed to find javadoc for ptolemy.actor.lib.conversions.StringToInt} {
Failed to find source for ptolemy.actor.lib.conversions.StringToInt} {
Failed to find ptdoc for ptolemy.actor.lib.conversions.StringToIntArray.  Try doing (cd /home/travis/build/icyphy/ptII/doc/test/../../doc; rm codeDoc/ptolemy/actor/lib/Ramp.xml codeDoc/ptolemy/actor/lib/RampIdx.xml; make docs)} {
Failed to find javadoc for ptolemy.actor.lib.conversions.StringToIntArray} {
Failed to find source for ptolemy.actor.lib.conversions.StringToIntArray} {
Failed to find ptdoc for ptolemy.actor.lib.conversions.StringToUnsignedByteArray.  Try doing (cd /home/travis/build/icyphy/ptII/doc/test/../../doc; rm codeDoc/ptolemy/actor/lib/Ramp.xml codeDoc/ptolemy/actor/lib/RampIdx.xml; make docs)} {
Failed to find javadoc for ptolemy.actor.lib.conversions.StringToUnsignedByteArray} {
Failed to find source for ptolemy.actor.lib.conversions.StringToUnsignedByteArray} {
Failed to find ptdoc for ptolemy.actor.lib.conversions.StringToXML.  Try doing (cd /home/travis/build/icyphy/ptII/doc/test/../../doc; rm codeDoc/ptolemy/actor/lib/Ramp.xml codeDoc/ptolemy/actor/lib/RampIdx.xml; make docs)} {
Failed to find javadoc for ptolemy.actor.lib.conversions.StringToXML} {
Failed to find source for ptolemy.actor.lib.conversions.StringToXML} {
Failed to find ptdoc for ptolemy.actor.lib.conversions.TokenToExpression.  Try doing (cd /home/travis/build/icyphy/ptII/doc/test/../../doc; rm codeDoc/ptolemy/actor/lib/Ramp.xml codeDoc/ptolemy/actor/lib/RampIdx.xml; make docs)} {
Failed to find javadoc for ptolemy.actor.lib.conversions.TokenToExpression} {
Failed to find source for ptolemy.actor.lib.conversions.TokenToExpression} {
Failed to find ptdoc for ptolemy.actor.lib.conversions.UnsignedByteArrayToString.  Try doing (cd /home/travis/build/icyphy/ptII/doc/test/../../doc; rm codeDoc/ptolemy/actor/lib/Ramp.xml codeDoc/ptolemy/actor/lib/RampIdx.xml; make docs)} {
Failed to find javadoc for ptolemy.actor.lib.conversions.UnsignedByteArrayToString} {
Failed to find source for ptolemy.actor.lib.conversions.UnsignedByteArrayToString} {
Failed to find ptdoc for ptolemy.actor.lib.ArrayAccumulate.  Try doing (cd /home/travis/build/icyphy/ptII/doc/test/../../doc; rm codeDoc/ptolemy/actor/lib/Ramp.xml codeDoc/ptolemy/actor/lib/RampIdx.xml; make docs)} {
Failed to find javadoc for ptolemy.actor.lib.ArrayAccumulate} {
Failed to find source for ptolemy.actor.lib.ArrayAccumulate} {
Failed to find ptdoc for ptolemy.actor.lib.ArrayAppend.  Try doing (cd /home/travis/build/icyphy/ptII/doc/test/../../doc; rm codeDoc/ptolemy/actor/lib/Ramp.xml codeDoc/ptolemy/actor/lib/RampIdx.xml; make docs)} {
Failed to find javadoc for ptolemy.actor.lib.ArrayAppend} {
Failed to find source for ptolemy.actor.lib.ArrayAppend} {
Failed to find ptdoc for ptolemy.actor.lib.ArrayAverage.  Try doing (cd /home/travis/build/icyphy/ptII/doc/test/../../doc; rm codeDoc/ptolemy/actor/lib/Ramp.xml codeDoc/ptolemy/actor/lib/RampIdx.xml; make docs)} {
Failed to find javadoc for ptolemy.actor.lib.ArrayAverage} {
Failed to find source for ptolemy.actor.lib.ArrayAverage} {
Failed to find ptdoc for ptolemy.actor.lib.ArrayContains.  Try doing (cd /home/travis/build/icyphy/ptII/doc/test/../../doc; rm codeDoc/ptolemy/actor/lib/Ramp.xml codeDoc/ptolemy/actor/lib/RampIdx.xml; make docs)} {
Failed to find javadoc for ptolemy.actor.lib.ArrayContains} {
Failed to find source for ptolemy.actor.lib.ArrayContains} {
Failed to find ptdoc for ptolemy.actor.lib.ArrayElement.  Try doing (cd /home/travis/build/icyphy/ptII/doc/test/../../doc; rm codeDoc/ptolemy/actor/lib/Ramp.xml codeDoc/ptolemy/actor/lib/RampIdx.xml; make docs)} {
Failed to find javadoc for ptolemy.actor.lib.ArrayElement} {
Failed to find source for ptolemy.actor.lib.ArrayElement} {
Failed to find ptdoc for ptolemy.actor.lib.ArrayElementAsMatrix.  Try doing (cd /home/travis/build/icyphy/ptII/doc/test/../../doc; rm codeDoc/ptolemy/actor/lib/Ramp.xml codeDoc/ptolemy/actor/lib/RampIdx.xml; make docs)} {
Failed to find javadoc for ptolemy.actor.lib.ArrayElementAsMatrix} {
Failed to find source for ptolemy.actor.lib.ArrayElementAsMatrix} {
Failed to find ptdoc for ptolemy.actor.lib.ArrayExtract.  Try doing (cd /home/travis/build/icyphy/ptII/doc/test/../../doc; rm codeDoc/ptolemy/actor/lib/Ramp.xml codeDoc/ptolemy/actor/lib/RampIdx.xml; make docs)} {
Failed to find javadoc for ptolemy.actor.lib.ArrayExtract} {
Failed to find source for ptolemy.actor.lib.ArrayExtract} {
Failed to find ptdoc for ptolemy.actor.lib.ArrayLength.  Try doing (cd /home/travis/build/icyphy/ptII/doc/test/../../doc; rm codeDoc/ptolemy/actor/lib/Ramp.xml codeDoc/ptolemy/actor/lib/RampIdx.xml; make docs)} {
Failed to find javadoc for ptolemy.actor.lib.ArrayLength} {
Failed to find source for ptolemy.actor.lib.ArrayLength} {
Failed to find ptdoc for ptolemy.actor.lib.ArrayLevelCrossing.  Try doing (cd /home/travis/build/icyphy/ptII/doc/test/../../doc; rm codeDoc/ptolemy/actor/lib/Ramp.xml codeDoc/ptolemy/actor/lib/RampIdx.xml; make docs)} {
Failed to find javadoc for ptolemy.actor.lib.ArrayLevelCrossing} {
Failed to find source for ptolemy.actor.lib.ArrayLevelCrossing} {
Failed to find ptdoc for ptolemy.actor.lib.ArrayMaximum.  Try doing (cd /home/travis/build/icyphy/ptII/doc/test/../../doc; rm codeDoc/ptolemy/actor/lib/Ramp.xml codeDoc/ptolemy/actor/lib/RampIdx.xml; make docs)} {
Failed to find javadoc for ptolemy.actor.lib.ArrayMaximum} {
Failed to find source for ptolemy.actor.lib.ArrayMaximum} {
Failed to find ptdoc for ptolemy.actor.lib.ArrayMinimum.  Try doing (cd /home/travis/build/icyphy/ptII/doc/test/../../doc; rm codeDoc/ptolemy/actor/lib/Ramp.xml codeDoc/ptolemy/actor/lib/RampIdx.xml; make docs)} {
Failed to find javadoc for ptolemy.actor.lib.ArrayMinimum} {
Failed to find source for ptolemy.actor.lib.ArrayMinimum} {
Failed to find ptdoc for ptolemy.actor.lib.ArrayPeakSearch.  Try doing (cd /home/travis/build/icyphy/ptII/doc/test/../../doc; rm codeDoc/ptolemy/actor/lib/Ramp.xml codeDoc/ptolemy/actor/lib/RampIdx.xml; make docs)} {
Failed to find javadoc for ptolemy.actor.lib.ArrayPeakSearch} {
Failed to find source for ptolemy.actor.lib.ArrayPeakSearch} {
Failed to find ptdoc for ptolemy.actor.lib.ArrayRemoveElement.  Try doing (cd /home/travis/build/icyphy/ptII/doc/test/../../doc; rm codeDoc/ptolemy/actor/lib/Ramp.xml codeDoc/ptolemy/actor/lib/RampIdx.xml; make docs)} {
Failed to find javadoc for ptolemy.actor.lib.ArrayRemoveElement} {
Failed to find source for ptolemy.actor.lib.ArrayRemoveElement} {
Failed to find ptdoc for ptolemy.actor.lib.ArraySort.  Try doing (cd /home/travis/build/icyphy/ptII/doc/test/../../doc; rm codeDoc/ptolemy/actor/lib/Ramp.xml codeDoc/ptolemy/actor/lib/RampIdx.xml; make docs)} {
Failed to find javadoc for ptolemy.actor.lib.ArraySort} {
Failed to find source for ptolemy.actor.lib.ArraySort} {
Failed to find ptdoc for ptolemy.actor.lib.ArraySum.  Try doing (cd /home/travis/build/icyphy/ptII/doc/test/../../doc; rm codeDoc/ptolemy/actor/lib/Ramp.xml codeDoc/ptolemy/actor/lib/RampIdx.xml; make docs)} {
Failed to find javadoc for ptolemy.actor.lib.ArraySum} {
Failed to find source for ptolemy.actor.lib.ArraySum} {
Failed to find ptdoc for ptolemy.actor.lib.ArrayToElements.  Try doing (cd /home/travis/build/icyphy/ptII/doc/test/../../doc; rm codeDoc/ptolemy/actor/lib/Ramp.xml codeDoc/ptolemy/actor/lib/RampIdx.xml; make docs)} {
Failed to find javadoc for ptolemy.actor.lib.ArrayToElements} {
Failed to find source for ptolemy.actor.lib.ArrayToElements} {
Failed to find ptdoc for ptolemy.domains.sdf.lib.ArrayToSequence.  Try doing (cd /home/travis/build/icyphy/ptII/doc/test/../../doc; rm codeDoc/ptolemy/actor/lib/Ramp.xml codeDoc/ptolemy/actor/lib/RampIdx.xml; make docs)} {
Failed to find javadoc for ptolemy.domains.sdf.lib.ArrayToSequence} {
Failed to find source for ptolemy.domains.sdf.lib.ArrayToSequence} {
Failed to find ptdoc for ptolemy.actor.lib.ArrayUpdate.  Try doing (cd /home/travis/build/icyphy/ptII/doc/test/../../doc; rm codeDoc/ptolemy/actor/lib/Ramp.xml codeDoc/ptolemy/actor/lib/RampIdx.xml; make docs)} {
Failed to find javadoc for ptolemy.actor.lib.ArrayUpdate} {
Failed to find source for ptolemy.actor.lib.ArrayUpdate} {
Failed to find ptdoc for ptolemy.actor.lib.ElementsToArray.  Try doing (cd /home/travis/build/icyphy/ptII/doc/test/../../doc; rm codeDoc/ptolemy/actor/lib/Ramp.xml codeDoc/ptolemy/actor/lib/RampIdx.xml; make docs)} {
Failed to find javadoc for ptolemy.actor.lib.ElementsToArray} {
Failed to find source for ptolemy.actor.lib.ElementsToArray} {
Failed to find ptdoc for ptolemy.domains.sdf.lib.SequenceToArray.  Try doing (cd /home/travis/build/icyphy/ptII/doc/test/../../doc; rm codeDoc/ptolemy/actor/lib/Ramp.xml codeDoc/ptolemy/actor/lib/RampIdx.xml; make docs)} {
Failed to find javadoc for ptolemy.domains.sdf.lib.SequenceToArray} {
Failed to find source for ptolemy.domains.sdf.lib.SequenceToArray} {
Failed to find ptdoc for ptolemy.actor.lib.BusAssembler.  Try doing (cd /home/travis/build/icyphy/ptII/doc/test/../../doc; rm codeDoc/ptolemy/actor/lib/Ramp.xml codeDoc/ptolemy/actor/lib/RampIdx.xml; make docs)} {
Failed to find javadoc for ptolemy.actor.lib.BusAssembler} {
Failed to find source for ptolemy.actor.lib.BusAssembler} {
Failed to find ptdoc for ptolemy.actor.lib.BusDisassembler.  Try doing (cd /home/travis/build/icyphy/ptII/doc/test/../../doc; rm codeDoc/ptolemy/actor/lib/Ramp.xml codeDoc/ptolemy/actor/lib/RampIdx.xml; make docs)} {
Failed to find javadoc for ptolemy.actor.lib.BusDisassembler} {
Failed to find source for ptolemy.actor.lib.BusDisassembler} {
Failed to find ptdoc for ptolemy.actor.lib.javasound.AudioCapture.  Try doing (cd /home/travis/build/icyphy/ptII/doc/test/../../doc; rm codeDoc/ptolemy/actor/lib/Ramp.xml codeDoc/ptolemy/actor/lib/RampIdx.xml; make docs)} {
Failed to find javadoc for ptolemy.actor.lib.javasound.AudioCapture} {
Failed to find source for ptolemy.actor.lib.javasound.AudioCapture} {
Failed to find ptdoc for ptolemy.actor.lib.javasound.AudioReader.  Try doing (cd /home/travis/build/icyphy/ptII/doc/test/../../doc; rm codeDoc/ptolemy/actor/lib/Ramp.xml codeDoc/ptolemy/actor/lib/RampIdx.xml; make docs)} {
Failed to find javadoc for ptolemy.actor.lib.javasound.AudioReader} {
Failed to find source for ptolemy.actor.lib.javasound.AudioReader} {
Failed to find ptdoc for ptolemy.actor.lib.javasound.AudioPlayer.  Try doing (cd /home/travis/build/icyphy/ptII/doc/test/../../doc; rm codeDoc/ptolemy/actor/lib/Ramp.xml codeDoc/ptolemy/actor/lib/RampIdx.xml; make docs)} {
Failed to find javadoc for ptolemy.actor.lib.javasound.AudioPlayer} {
Failed to find source for ptolemy.actor.lib.javasound.AudioPlayer} {
Failed to find ptdoc for ptolemy.actor.lib.javasound.AudioWriter.  Try doing (cd /home/travis/build/icyphy/ptII/doc/test/../../doc; rm codeDoc/ptolemy/actor/lib/Ramp.xml codeDoc/ptolemy/actor/lib/RampIdx.xml; make docs)} {
Failed to find javadoc for ptolemy.actor.lib.javasound.AudioWriter} {
Failed to find source for ptolemy.actor.lib.javasound.AudioWriter} {
Failed to find ptdoc for ptolemy.actor.lib.javasound.ClipPlayer.  Try doing (cd /home/travis/build/icyphy/ptII/doc/test/../../doc; rm codeDoc/ptolemy/actor/lib/Ramp.xml codeDoc/ptolemy/actor/lib/RampIdx.xml; make docs)} {
Failed to find javadoc for ptolemy.actor.lib.javasound.ClipPlayer} {
Failed to find source for ptolemy.actor.lib.javasound.ClipPlayer} {
Failed to find ptdoc for ptolemy.actor.lib.comm.ConvolutionalCoder.  Try doing (cd /home/travis/build/icyphy/ptII/doc/test/../../doc; rm codeDoc/ptolemy/actor/lib/Ramp.xml codeDoc/ptolemy/actor/lib/RampIdx.xml; make docs)} {
Failed to find javadoc for ptolemy.actor.lib.comm.ConvolutionalCoder} {
Failed to find source for ptolemy.actor.lib.comm.ConvolutionalCoder} {
Failed to find ptdoc for ptolemy.actor.lib.comm.DeScrambler.  Try doing (cd /home/travis/build/icyphy/ptII/doc/test/../../doc; rm codeDoc/ptolemy/actor/lib/Ramp.xml codeDoc/ptolemy/actor/lib/RampIdx.xml; make docs)} {
Failed to find javadoc for ptolemy.actor.lib.comm.DeScrambler} {
Failed to find source for ptolemy.actor.lib.comm.DeScrambler} {
Failed to find ptdoc for ptolemy.actor.lib.comm.HadamardCode.  Try doing (cd /home/travis/build/icyphy/ptII/doc/test/../../doc; rm codeDoc/ptolemy/actor/lib/Ramp.xml codeDoc/ptolemy/actor/lib/RampIdx.xml; make docs)} {
Failed to find javadoc for ptolemy.actor.lib.comm.HadamardCode} {
Failed to find source for ptolemy.actor.lib.comm.HadamardCode} {
Failed to find ptdoc for ptolemy.actor.lib.comm.HammingCoder.  Try doing (cd /home/travis/build/icyphy/ptII/doc/test/../../doc; rm codeDoc/ptolemy/actor/lib/Ramp.xml codeDoc/ptolemy/actor/lib/RampIdx.xml; make docs)} {
Failed to find javadoc for ptolemy.actor.lib.comm.HammingCoder} {
Failed to find source for ptolemy.actor.lib.comm.HammingCoder} {
Failed to find ptdoc for ptolemy.actor.lib.comm.HammingDecoder.  Try doing (cd /home/travis/build/icyphy/ptII/doc/test/../../doc; rm codeDoc/ptolemy/actor/lib/Ramp.xml codeDoc/ptolemy/actor/lib/RampIdx.xml; make docs)} {
Failed to find javadoc for ptolemy.actor.lib.comm.HammingDecoder} {
Failed to find source for ptolemy.actor.lib.comm.HammingDecoder} {
Failed to find ptdoc for ptolemy.actor.lib.comm.HuffmanCoder.  Try doing (cd /home/travis/build/icyphy/ptII/doc/test/../../doc; rm codeDoc/ptolemy/actor/lib/Ramp.xml codeDoc/ptolemy/actor/lib/RampIdx.xml; make docs)} {
Failed to find javadoc for ptolemy.actor.lib.comm.HuffmanCoder} {
Failed to find source for ptolemy.actor.lib.comm.HuffmanCoder} {
Failed to find ptdoc for ptolemy.actor.lib.comm.HuffmanDecoder.  Try doing (cd /home/travis/build/icyphy/ptII/doc/test/../../doc; rm codeDoc/ptolemy/actor/lib/Ramp.xml codeDoc/ptolemy/actor/lib/RampIdx.xml; make docs)} {
Failed to find javadoc for ptolemy.actor.lib.comm.HuffmanDecoder} {
Failed to find source for ptolemy.actor.lib.comm.HuffmanDecoder} {
Failed to find ptdoc for ptolemy.actor.lib.comm.LempelZivCoder.  Try doing (cd /home/travis/build/icyphy/ptII/doc/test/../../doc; rm codeDoc/ptolemy/actor/lib/Ramp.xml codeDoc/ptolemy/actor/lib/RampIdx.xml; make docs)} {
Failed to find javadoc for ptolemy.actor.lib.comm.LempelZivCoder} {
Failed to find source for ptolemy.actor.lib.comm.LempelZivCoder} {
Failed to find ptdoc for ptolemy.actor.lib.comm.LempelZivDecoder.  Try doing (cd /home/travis/build/icyphy/ptII/doc/test/../../doc; rm codeDoc/ptolemy/actor/lib/Ramp.xml codeDoc/ptolemy/actor/lib/RampIdx.xml; make docs)} {
Failed to find javadoc for ptolemy.actor.lib.comm.LempelZivDecoder} {
Failed to find source for ptolemy.actor.lib.comm.LempelZivDecoder} {
Failed to find ptdoc for ptolemy.domains.sdf.lib.LineCoder.  Try doing (cd /home/travis/build/icyphy/ptII/doc/test/../../doc; rm codeDoc/ptolemy/actor/lib/Ramp.xml codeDoc/ptolemy/actor/lib/RampIdx.xml; make docs)} {
Failed to find javadoc for ptolemy.domains.sdf.lib.LineCoder} {
Failed to find source for ptolemy.domains.sdf.lib.LineCoder} {
Failed to find ptdoc for ptolemy.domains.sdf.lib.LMSAdaptive.  Try doing (cd /home/travis/build/icyphy/ptII/doc/test/../../doc; rm codeDoc/ptolemy/actor/lib/Ramp.xml codeDoc/ptolemy/actor/lib/RampIdx.xml; make docs)} {
Failed to find javadoc for ptolemy.domains.sdf.lib.LMSAdaptive} {
Failed to find source for ptolemy.domains.sdf.lib.LMSAdaptive} {
Failed to find ptdoc for ptolemy.domains.sdf.lib.RaisedCosine.  Try doing (cd /home/travis/build/icyphy/ptII/doc/test/../../doc; rm codeDoc/ptolemy/actor/lib/Ramp.xml codeDoc/ptolemy/actor/lib/RampIdx.xml; make docs)} {
Failed to find javadoc for ptolemy.domains.sdf.lib.RaisedCosine} {
Failed to find source for ptolemy.domains.sdf.lib.RaisedCosine} {
Failed to find ptdoc for ptolemy.actor.lib.comm.Scrambler.  Try doing (cd /home/travis/build/icyphy/ptII/doc/test/../../doc; rm codeDoc/ptolemy/actor/lib/Ramp.xml codeDoc/ptolemy/actor/lib/RampIdx.xml; make docs)} {
Failed to find javadoc for ptolemy.actor.lib.comm.Scrambler} {
Failed to find source for ptolemy.actor.lib.comm.Scrambler} {
Failed to find ptdoc for ptolemy.actor.lib.comm.Slicer.  Try doing (cd /home/travis/build/icyphy/ptII/doc/test/../../doc; rm codeDoc/ptolemy/actor/lib/Ramp.xml codeDoc/ptolemy/actor/lib/RampIdx.xml; make docs)} {
Failed to find javadoc for ptolemy.actor.lib.comm.Slicer} {
Failed to find source for ptolemy.actor.lib.comm.Slicer} {
Failed to find ptdoc for ptolemy.actor.lib.comm.TrellisDecoder.  Try doing (cd /home/travis/build/icyphy/ptII/doc/test/../../doc; rm codeDoc/ptolemy/actor/lib/Ramp.xml codeDoc/ptolemy/actor/lib/RampIdx.xml; make docs)} {
Failed to find javadoc for ptolemy.actor.lib.comm.TrellisDecoder} {
Failed to find source for ptolemy.actor.lib.comm.TrellisDecoder} {
Failed to find ptdoc for ptolemy.actor.lib.comm.ViterbiDecoder.  Try doing (cd /home/travis/build/icyphy/ptII/doc/test/../../doc; rm codeDoc/ptolemy/actor/lib/Ramp.xml codeDoc/ptolemy/actor/lib/RampIdx.xml; make docs)} {
Failed to find javadoc for ptolemy.actor.lib.comm.ViterbiDecoder} {
Failed to find source for ptolemy.actor.lib.comm.ViterbiDecoder} {
Failed to find ptdoc for ptolemy.domains.sdf.lib.DelayLine.  Try doing (cd /home/travis/build/icyphy/ptII/doc/test/../../doc; rm codeDoc/ptolemy/actor/lib/Ramp.xml codeDoc/ptolemy/actor/lib/RampIdx.xml; make docs)} {
Failed to find javadoc for ptolemy.domains.sdf.lib.DelayLine} {
Failed to find source for ptolemy.domains.sdf.lib.DelayLine} {
Failed to find ptdoc for ptolemy.domains.sdf.lib.DownSample.  Try doing (cd /home/travis/build/icyphy/ptII/doc/test/../../doc; rm codeDoc/ptolemy/actor/lib/Ramp.xml codeDoc/ptolemy/actor/lib/RampIdx.xml; make docs)} {
Failed to find javadoc for ptolemy.domains.sdf.lib.DownSample} {
Failed to find source for ptolemy.domains.sdf.lib.DownSample} {
Failed to find ptdoc for ptolemy.domains.sdf.lib.FIR.  Try doing (cd /home/travis/build/icyphy/ptII/doc/test/../../doc; rm codeDoc/ptolemy/actor/lib/Ramp.xml codeDoc/ptolemy/actor/lib/RampIdx.xml; make docs)} {
Failed to find javadoc for ptolemy.domains.sdf.lib.FIR} {
Failed to find source for ptolemy.domains.sdf.lib.FIR} {
Failed to find ptdoc for ptolemy.actor.lib.GradientAdaptiveLattice.  Try doing (cd /home/travis/build/icyphy/ptII/doc/test/../../doc; rm codeDoc/ptolemy/actor/lib/Ramp.xml codeDoc/ptolemy/actor/lib/RampIdx.xml; make docs)} {
Failed to find javadoc for ptolemy.actor.lib.GradientAdaptiveLattice} {
Failed to find source for ptolemy.actor.lib.GradientAdaptiveLattice} {
Failed to find ptdoc for ptolemy.actor.lib.IIR.  Try doing (cd /home/travis/build/icyphy/ptII/doc/test/../../doc; rm codeDoc/ptolemy/actor/lib/Ramp.xml codeDoc/ptolemy/actor/lib/RampIdx.xml; make docs)} {
Failed to find javadoc for ptolemy.actor.lib.IIR} {
Failed to find source for ptolemy.actor.lib.IIR} {
Failed to find ptdoc for ptolemy.actor.lib.Lattice.  Try doing (cd /home/travis/build/icyphy/ptII/doc/test/../../doc; rm codeDoc/ptolemy/actor/lib/Ramp.xml codeDoc/ptolemy/actor/lib/RampIdx.xml; make docs)} {
Failed to find javadoc for ptolemy.actor.lib.Lattice} {
Failed to find source for ptolemy.actor.lib.Lattice} {
Failed to find ptdoc for ptolemy.actor.lib.LinearDifferenceEquationSystem.  Try doing (cd /home/travis/build/icyphy/ptII/doc/test/../../doc; rm codeDoc/ptolemy/actor/lib/Ramp.xml codeDoc/ptolemy/actor/lib/RampIdx.xml; make docs)} {
Failed to find javadoc for ptolemy.actor.lib.LinearDifferenceEquationSystem} {
Failed to find source for ptolemy.actor.lib.LinearDifferenceEquationSystem} {
Failed to find ptdoc for ptolemy.domains.sdf.lib.LMSAdaptive.  Try doing (cd /home/travis/build/icyphy/ptII/doc/test/../../doc; rm codeDoc/ptolemy/actor/lib/Ramp.xml codeDoc/ptolemy/actor/lib/RampIdx.xml; make docs)} {
Failed to find javadoc for ptolemy.domains.sdf.lib.LMSAdaptive} {
Failed to find source for ptolemy.domains.sdf.lib.LMSAdaptive} {
Failed to find ptdoc for ptolemy.actor.lib.RecursiveLattice.  Try doing (cd /home/travis/build/icyphy/ptII/doc/test/../../doc; rm codeDoc/ptolemy/actor/lib/Ramp.xml codeDoc/ptolemy/actor/lib/RampIdx.xml; make docs)} {
Failed to find javadoc for ptolemy.actor.lib.RecursiveLattice} {
Failed to find source for ptolemy.actor.lib.RecursiveLattice} {
Failed to find ptdoc for ptolemy.domains.sdf.lib.UpSample.  Try doing (cd /home/travis/build/icyphy/ptII/doc/test/../../doc; rm codeDoc/ptolemy/actor/lib/Ramp.xml codeDoc/ptolemy/actor/lib/RampIdx.xml; make docs)} {
Failed to find javadoc for ptolemy.domains.sdf.lib.UpSample} {
Failed to find source for ptolemy.domains.sdf.lib.UpSample} {
Failed to find ptdoc for ptolemy.domains.sdf.lib.VariableFIR.  Try doing (cd /home/travis/build/icyphy/ptII/doc/test/../../doc; rm codeDoc/ptolemy/actor/lib/Ramp.xml codeDoc/ptolemy/actor/lib/RampIdx.xml; make docs)} {
Failed to find javadoc for ptolemy.domains.sdf.lib.VariableFIR} {
Failed to find source for ptolemy.domains.sdf.lib.VariableFIR} {
Failed to find ptdoc for ptolemy.domains.sdf.lib.VariableLattice.  Try doing (cd /home/travis/build/icyphy/ptII/doc/test/../../doc; rm codeDoc/ptolemy/actor/lib/Ramp.xml codeDoc/ptolemy/actor/lib/RampIdx.xml; make docs)} {
Failed to find javadoc for ptolemy.domains.sdf.lib.VariableLattice} {
Failed to find source for ptolemy.domains.sdf.lib.VariableLattice} {
Failed to find ptdoc for ptolemy.domains.sdf.lib.VariableRecursiveLattice.  Try doing (cd /home/travis/build/icyphy/ptII/doc/test/../../doc; rm codeDoc/ptolemy/actor/lib/Ramp.xml codeDoc/ptolemy/actor/lib/RampIdx.xml; make docs)} {
Failed to find javadoc for ptolemy.domains.sdf.lib.VariableRecursiveLattice} {
Failed to find source for ptolemy.domains.sdf.lib.VariableRecursiveLattice} {
Failed to find ptdoc for ptolemy.actor.lib.DB.  Try doing (cd /home/travis/build/icyphy/ptII/doc/test/../../doc; rm codeDoc/ptolemy/actor/lib/Ramp.xml codeDoc/ptolemy/actor/lib/RampIdx.xml; make docs)} {
Failed to find javadoc for ptolemy.actor.lib.DB} {
Failed to find source for ptolemy.actor.lib.DB} {
Failed to find ptdoc for ptolemy.domains.sdf.lib.FFT.  Try doing (cd /home/travis/build/icyphy/ptII/doc/test/../../doc; rm codeDoc/ptolemy/actor/lib/Ramp.xml codeDoc/ptolemy/actor/lib/RampIdx.xml; make docs)} {
Failed to find javadoc for ptolemy.domains.sdf.lib.FFT} {
Failed to find source for ptolemy.domains.sdf.lib.FFT} {
Failed to find ptdoc for ptolemy.domains.sdf.lib.IFFT.  Try doing (cd /home/travis/build/icyphy/ptII/doc/test/../../doc; rm codeDoc/ptolemy/actor/lib/Ramp.xml codeDoc/ptolemy/actor/lib/RampIdx.xml; make docs)} {
Failed to find javadoc for ptolemy.domains.sdf.lib.IFFT} {
Failed to find source for ptolemy.domains.sdf.lib.IFFT} {
Failed to find ptdoc for ptolemy.actor.lib.LevinsonDurbin.  Try doing (cd /home/travis/build/icyphy/ptII/doc/test/../../doc; rm codeDoc/ptolemy/actor/lib/Ramp.xml codeDoc/ptolemy/actor/lib/RampIdx.xml; make docs)} {
Failed to find javadoc for ptolemy.actor.lib.LevinsonDurbin} {
Failed to find source for ptolemy.actor.lib.LevinsonDurbin} {
Failed to find ptdoc for ptolemy.actor.lib.PhaseUnwrap.  Try doing (cd /home/travis/build/icyphy/ptII/doc/test/../../doc; rm codeDoc/ptolemy/actor/lib/Ramp.xml codeDoc/ptolemy/actor/lib/RampIdx.xml; make docs)} {
Failed to find javadoc for ptolemy.actor.lib.PhaseUnwrap} {
Failed to find source for ptolemy.actor.lib.PhaseUnwrap} {
Failed to find ptdoc for ptolemy.domains.sdf.lib.Autocorrelation.  Try doing (cd /home/travis/build/icyphy/ptII/doc/test/../../doc; rm codeDoc/ptolemy/actor/lib/Ramp.xml codeDoc/ptolemy/actor/lib/RampIdx.xml; make docs)} {
Failed to find javadoc for ptolemy.domains.sdf.lib.Autocorrelation} {
Failed to find source for ptolemy.domains.sdf.lib.Autocorrelation} {
Failed to find ptdoc for ptolemy.actor.lib.ComputeHistogram.  Try doing (cd /home/travis/build/icyphy/ptII/doc/test/../../doc; rm codeDoc/ptolemy/actor/lib/Ramp.xml codeDoc/ptolemy/actor/lib/RampIdx.xml; make docs)} {
Failed to find javadoc for ptolemy.actor.lib.ComputeHistogram} {
Failed to find source for ptolemy.actor.lib.ComputeHistogram} {
Failed to find ptdoc for ptolemy.actor.lib.IIR.  Try doing (cd /home/travis/build/icyphy/ptII/doc/test/../../doc; rm codeDoc/ptolemy/actor/lib/Ramp.xml codeDoc/ptolemy/actor/lib/RampIdx.xml; make docs)} {
Failed to find javadoc for ptolemy.actor.lib.IIR} {
Failed to find source for ptolemy.actor.lib.IIR} {
Failed to find ptdoc for ptolemy.actor.lib.DB.  Try doing (cd /home/travis/build/icyphy/ptII/doc/test/../../doc; rm codeDoc/ptolemy/actor/lib/Ramp.xml codeDoc/ptolemy/actor/lib/RampIdx.xml; make docs)} {
Failed to find javadoc for ptolemy.actor.lib.DB} {
Failed to find source for ptolemy.actor.lib.DB} {
Failed to find ptdoc for ptolemy.actor.lib.Scale.  Try doing (cd /home/travis/build/icyphy/ptII/doc/test/../../doc; rm codeDoc/ptolemy/actor/lib/Ramp.xml codeDoc/ptolemy/actor/lib/RampIdx.xml; make docs)} {
Failed to find javadoc for ptolemy.actor.lib.Scale} {
Failed to find source for ptolemy.actor.lib.Scale} {
Failed to find ptdoc for ptolemy.actor.lib.MathFunction.  Try doing (cd /home/travis/build/icyphy/ptII/doc/test/../../doc; rm codeDoc/ptolemy/actor/lib/Ramp.xml codeDoc/ptolemy/actor/lib/RampIdx.xml; make docs)} {
Failed to find javadoc for ptolemy.actor.lib.MathFunction} {
Failed to find source for ptolemy.actor.lib.MathFunction} {
Failed to find ptdoc for ptolemy.actor.lib.Ramp.  Try doing (cd /home/travis/build/icyphy/ptII/doc/test/../../doc; rm codeDoc/ptolemy/actor/lib/Ramp.xml codeDoc/ptolemy/actor/lib/RampIdx.xml; make docs)} {
Failed to find javadoc for ptolemy.actor.lib.Ramp} {
Failed to find source for ptolemy.actor.lib.Ramp} {
Failed to find ptdoc for ptolemy.actor.lib.TrigFunction.  Try doing (cd /home/travis/build/icyphy/ptII/doc/test/../../doc; rm codeDoc/ptolemy/actor/lib/Ramp.xml codeDoc/ptolemy/actor/lib/RampIdx.xml; make docs)} {
Failed to find javadoc for ptolemy.actor.lib.TrigFunction} {
Failed to find source for ptolemy.actor.lib.TrigFunction} {
Failed to find ptdoc for ptolemy.actor.lib.Const.  Try doing (cd /home/travis/build/icyphy/ptII/doc/test/../../doc; rm codeDoc/ptolemy/actor/lib/Ramp.xml codeDoc/ptolemy/actor/lib/RampIdx.xml; make docs)} {
Failed to find javadoc for ptolemy.actor.lib.Const} {
Failed to find source for ptolemy.actor.lib.Const} {
Failed to find ptdoc for ptolemy.actor.lib.AddSubtract.  Try doing (cd /home/travis/build/icyphy/ptII/doc/test/../../doc; rm codeDoc/ptolemy/actor/lib/Ramp.xml codeDoc/ptolemy/actor/lib/RampIdx.xml; make docs)} {
Failed to find javadoc for ptolemy.actor.lib.AddSubtract} {
Failed to find source for ptolemy.actor.lib.AddSubtract} {
Failed to find ptdoc for ptolemy.actor.lib.Pulse.  Try doing (cd /home/travis/build/icyphy/ptII/doc/test/../../doc; rm codeDoc/ptolemy/actor/lib/Ramp.xml codeDoc/ptolemy/actor/lib/RampIdx.xml; make docs)} {
Failed to find javadoc for ptolemy.actor.lib.Pulse} {
Failed to find source for ptolemy.actor.lib.Pulse} {
Failed to find ptdoc for ptolemy.actor.lib.MultiplyDivide.  Try doing (cd /home/travis/build/icyphy/ptII/doc/test/../../doc; rm codeDoc/ptolemy/actor/lib/Ramp.xml codeDoc/ptolemy/actor/lib/RampIdx.xml; make docs)} {
Failed to find javadoc for ptolemy.actor.lib.MultiplyDivide} {
Failed to find source for ptolemy.actor.lib.MultiplyDivide} {
Failed to find ptdoc for ptolemy.domains.sdf.lib.Autocorrelation.  Try doing (cd /home/travis/build/icyphy/ptII/doc/test/../../doc; rm codeDoc/ptolemy/actor/lib/Ramp.xml codeDoc/ptolemy/actor/lib/RampIdx.xml; make docs)} {
Failed to find javadoc for ptolemy.domains.sdf.lib.Autocorrelation} {
Failed to find source for ptolemy.domains.sdf.lib.Autocorrelation} {
Failed to find ptdoc for ptolemy.actor.lib.LevinsonDurbin.  Try doing (cd /home/travis/build/icyphy/ptII/doc/test/../../doc; rm codeDoc/ptolemy/actor/lib/Ramp.xml codeDoc/ptolemy/actor/lib/RampIdx.xml; make docs)} {
Failed to find javadoc for ptolemy.actor.lib.LevinsonDurbin} {
Failed to find source for ptolemy.actor.lib.LevinsonDurbin} {
Failed to find ptdoc for ptolemy.actor.lib.ArrayAppend.  Try doing (cd /home/travis/build/icyphy/ptII/doc/test/../../doc; rm codeDoc/ptolemy/actor/lib/Ramp.xml codeDoc/ptolemy/actor/lib/RampIdx.xml; make docs)} {
Failed to find javadoc for ptolemy.actor.lib.ArrayAppend} {
Failed to find source for ptolemy.actor.lib.ArrayAppend} {
Failed to find ptdoc for ptolemy.domains.sdf.lib.ArrayToSequence.  Try doing (cd /home/travis/build/icyphy/ptII/doc/test/../../doc; rm codeDoc/ptolemy/actor/lib/Ramp.xml codeDoc/ptolemy/actor/lib/RampIdx.xml; make docs)} {
Failed to find javadoc for ptolemy.domains.sdf.lib.ArrayToSequence} {
Failed to find source for ptolemy.domains.sdf.lib.ArrayToSequence} {
Failed to find ptdoc for ptolemy.domains.sdf.lib.FFT.  Try doing (cd /home/travis/build/icyphy/ptII/doc/test/../../doc; rm codeDoc/ptolemy/actor/lib/Ramp.xml codeDoc/ptolemy/actor/lib/RampIdx.xml; make docs)} {
Failed to find javadoc for ptolemy.domains.sdf.lib.FFT} {
Failed to find source for ptolemy.domains.sdf.lib.FFT} {
Failed to find ptdoc for ptolemy.actor.lib.AbsoluteValue.  Try doing (cd /home/travis/build/icyphy/ptII/doc/test/../../doc; rm codeDoc/ptolemy/actor/lib/Ramp.xml codeDoc/ptolemy/actor/lib/RampIdx.xml; make docs)} {
Failed to find javadoc for ptolemy.actor.lib.AbsoluteValue} {
Failed to find source for ptolemy.actor.lib.AbsoluteValue} {
Failed to find ptdoc for ptolemy.actor.lib.MultiplyDivide.  Try doing (cd /home/travis/build/icyphy/ptII/doc/test/../../doc; rm codeDoc/ptolemy/actor/lib/Ramp.xml codeDoc/ptolemy/actor/lib/RampIdx.xml; make docs)} {
Failed to find javadoc for ptolemy.actor.lib.MultiplyDivide} {
Failed to find source for ptolemy.actor.lib.MultiplyDivide} {
Failed to find ptdoc for ptolemy.actor.lib.DB.  Try doing (cd /home/travis/build/icyphy/ptII/doc/test/../../doc; rm codeDoc/ptolemy/actor/lib/Ramp.xml codeDoc/ptolemy/actor/lib/RampIdx.xml; make docs)} {
Failed to find javadoc for ptolemy.actor.lib.DB} {
Failed to find source for ptolemy.actor.lib.DB} {
Failed to find ptdoc for ptolemy.actor.lib.ArrayElement.  Try doing (cd /home/travis/build/icyphy/ptII/doc/test/../../doc; rm codeDoc/ptolemy/actor/lib/Ramp.xml codeDoc/ptolemy/actor/lib/RampIdx.xml; make docs)} {
Failed to find javadoc for ptolemy.actor.lib.ArrayElement} {
Failed to find source for ptolemy.actor.lib.ArrayElement} {
Failed to find ptdoc for ptolemy.domains.sdf.lib.Repeat.  Try doing (cd /home/travis/build/icyphy/ptII/doc/test/../../doc; rm codeDoc/ptolemy/actor/lib/Ramp.xml codeDoc/ptolemy/actor/lib/RampIdx.xml; make docs)} {
Failed to find javadoc for ptolemy.domains.sdf.lib.Repeat} {
Failed to find source for ptolemy.domains.sdf.lib.Repeat} {
Failed to find ptdoc for ptolemy.domains.sdf.lib.Chop.  Try doing (cd /home/travis/build/icyphy/ptII/doc/test/../../doc; rm codeDoc/ptolemy/actor/lib/Ramp.xml codeDoc/ptolemy/actor/lib/RampIdx.xml; make docs)} {
Failed to find javadoc for ptolemy.domains.sdf.lib.Chop} {
Failed to find source for ptolemy.domains.sdf.lib.Chop} {
Failed to find ptdoc for ptolemy.actor.lib.MathFunction.  Try doing (cd /home/travis/build/icyphy/ptII/doc/test/../../doc; rm codeDoc/ptolemy/actor/lib/Ramp.xml codeDoc/ptolemy/actor/lib/RampIdx.xml; make docs)} {
Failed to find javadoc for ptolemy.actor.lib.MathFunction} {
Failed to find source for ptolemy.actor.lib.MathFunction} {
Failed to find ptdoc for ptolemy.actor.lib.Const.  Try doing (cd /home/travis/build/icyphy/ptII/doc/test/../../doc; rm codeDoc/ptolemy/actor/lib/Ramp.xml codeDoc/ptolemy/actor/lib/RampIdx.xml; make docs)} {
Failed to find javadoc for ptolemy.actor.lib.Const} {
Failed to find source for ptolemy.actor.lib.Const} {
Failed to find ptdoc for ptolemy.actor.lib.MultiplyDivide.  Try doing (cd /home/travis/build/icyphy/ptII/doc/test/../../doc; rm codeDoc/ptolemy/actor/lib/Ramp.xml codeDoc/ptolemy/actor/lib/RampIdx.xml; make docs)} {
Failed to find javadoc for ptolemy.actor.lib.MultiplyDivide} {
Failed to find source for ptolemy.actor.lib.MultiplyDivide} {
Failed to find ptdoc for ptolemy.domains.sdf.lib.FFT.  Try doing (cd /home/travis/build/icyphy/ptII/doc/test/../../doc; rm codeDoc/ptolemy/actor/lib/Ramp.xml codeDoc/ptolemy/actor/lib/RampIdx.xml; make docs)} {
Failed to find javadoc for ptolemy.domains.sdf.lib.FFT} {
Failed to find source for ptolemy.domains.sdf.lib.FFT} {
Failed to find ptdoc for ptolemy.actor.lib.DB.  Try doing (cd /home/travis/build/icyphy/ptII/doc/test/../../doc; rm codeDoc/ptolemy/actor/lib/Ramp.xml codeDoc/ptolemy/actor/lib/RampIdx.xml; make docs)} {
Failed to find javadoc for ptolemy.actor.lib.DB} {
Failed to find source for ptolemy.actor.lib.DB} {
Failed to find ptdoc for ptolemy.actor.lib.AbsoluteValue.  Try doing (cd /home/travis/build/icyphy/ptII/doc/test/../../doc; rm codeDoc/ptolemy/actor/lib/Ramp.xml codeDoc/ptolemy/actor/lib/RampIdx.xml; make docs)} {
Failed to find javadoc for ptolemy.actor.lib.AbsoluteValue} {
Failed to find source for ptolemy.actor.lib.AbsoluteValue} {
Failed to find ptdoc for ptolemy.domains.sdf.lib.Autocorrelation.  Try doing (cd /home/travis/build/icyphy/ptII/doc/test/../../doc; rm codeDoc/ptolemy/actor/lib/Ramp.xml codeDoc/ptolemy/actor/lib/RampIdx.xml; make docs)} {
Failed to find javadoc for ptolemy.domains.sdf.lib.Autocorrelation} {
Failed to find source for ptolemy.domains.sdf.lib.Autocorrelation} {
Failed to find ptdoc for ptolemy.domains.sdf.lib.Chop.  Try doing (cd /home/travis/build/icyphy/ptII/doc/test/../../doc; rm codeDoc/ptolemy/actor/lib/Ramp.xml codeDoc/ptolemy/actor/lib/RampIdx.xml; make docs)} {
Failed to find javadoc for ptolemy.domains.sdf.lib.Chop} {
Failed to find source for ptolemy.domains.sdf.lib.Chop} {
Failed to find ptdoc for ptolemy.domains.sdf.lib.ArrayToSequence.  Try doing (cd /home/travis/build/icyphy/ptII/doc/test/../../doc; rm codeDoc/ptolemy/actor/lib/Ramp.xml codeDoc/ptolemy/actor/lib/RampIdx.xml; make docs)} {
Failed to find javadoc for ptolemy.domains.sdf.lib.ArrayToSequence} {
Failed to find source for ptolemy.domains.sdf.lib.ArrayToSequence} {
Failed to find ptdoc for ptolemy.actor.lib.Sequence.  Try doing (cd /home/travis/build/icyphy/ptII/doc/test/../../doc; rm codeDoc/ptolemy/actor/lib/Ramp.xml codeDoc/ptolemy/actor/lib/RampIdx.xml; make docs)} {
Failed to find javadoc for ptolemy.actor.lib.Sequence} {
Failed to find source for ptolemy.actor.lib.Sequence} {
Failed to find ptdoc for ptolemy.actor.lib.MultiplyDivide.  Try doing (cd /home/travis/build/icyphy/ptII/doc/test/../../doc; rm codeDoc/ptolemy/actor/lib/Ramp.xml codeDoc/ptolemy/actor/lib/RampIdx.xml; make docs)} {
Failed to find javadoc for ptolemy.actor.lib.MultiplyDivide} {
Failed to find source for ptolemy.actor.lib.MultiplyDivide} {
Failed to find ptdoc for ptolemy.domains.sdf.lib.FFT.  Try doing (cd /home/travis/build/icyphy/ptII/doc/test/../../doc; rm codeDoc/ptolemy/actor/lib/Ramp.xml codeDoc/ptolemy/actor/lib/RampIdx.xml; make docs)} {
Failed to find javadoc for ptolemy.domains.sdf.lib.FFT} {
Failed to find source for ptolemy.domains.sdf.lib.FFT} {
Failed to find ptdoc for ptolemy.actor.lib.DB.  Try doing (cd /home/travis/build/icyphy/ptII/doc/test/../../doc; rm codeDoc/ptolemy/actor/lib/Ramp.xml codeDoc/ptolemy/actor/lib/RampIdx.xml; make docs)} {
Failed to find javadoc for ptolemy.actor.lib.DB} {
Failed to find source for ptolemy.actor.lib.DB} {
Failed to find ptdoc for ptolemy.actor.lib.AbsoluteValue.  Try doing (cd /home/travis/build/icyphy/ptII/doc/test/../../doc; rm codeDoc/ptolemy/actor/lib/Ramp.xml codeDoc/ptolemy/actor/lib/RampIdx.xml; make docs)} {
Failed to find javadoc for ptolemy.actor.lib.AbsoluteValue} {
Failed to find source for ptolemy.actor.lib.AbsoluteValue} {
Failed to find ptdoc for ptolemy.actor.lib.Scale.  Try doing (cd /home/travis/build/icyphy/ptII/doc/test/../../doc; rm codeDoc/ptolemy/actor/lib/Ramp.xml codeDoc/ptolemy/actor/lib/RampIdx.xml; make docs)} {
Failed to find javadoc for ptolemy.actor.lib.Scale} {
Failed to find source for ptolemy.actor.lib.Scale} {
Failed to find ptdoc for ptolemy.actor.lib.Sequence.  Try doing (cd /home/travis/build/icyphy/ptII/doc/test/../../doc; rm codeDoc/ptolemy/actor/lib/Ramp.xml codeDoc/ptolemy/actor/lib/RampIdx.xml; make docs)} {
Failed to find javadoc for ptolemy.actor.lib.Sequence} {
Failed to find source for ptolemy.actor.lib.Sequence}}
---- Result should have been:
{}
---- dsp/configuration.xml-6.1 FAILED
 Force everything to get expanded ptolemy/configs/ptserver/configuration.xml
    (Skipping certain optional packages)
    If you get a 'X connection to xxx:11.0 broken' message, then
    see $PTII/ptolemy/moml/filter/RemoveGraphicalClasses.java
    Or, under Solaris, run java -verbose -classpath 
           ${PTII}/lib/ptjacl.jar:${PTII}/lib/diva.jar:${PTII}
           tcl.lang.Shell xxx.tcl


==== $PTII/doc/test/docManager.tcl: ptserver/configuration.xml-6.1 Test docClassNameToURL
==== Contents of test case:

        # If this test fails under Travis, the the problem could be
        # that actors have been added to the repository, yet the
        # codeDoc*.jar files in
        # https://github.com/icyphy/ptII/releases/download/nightly/
        # have not been updated.  $PTII/.travis.yml has a deploy
        # section that should copy the jar files if PT_TRAVIS_DOCS ==
        # true.  Note that Travis no longer supports Oracle JDK 8 and
        # JDK 11 does not have backward compatible support for
        # javadoc, so travis is failing to update the download/nightly
        # directory.  Even if Travis updates the codeDoc.jar files,
        # then under JDK 11 the actor index files will not be present
        # because JDK 11 is missing javadoc backward compatibility.

        # One possible fix is to build the jar files under JDK 8 with
        # (cd $PTII/doc; make install)
        # Then upload codeDoc.jar to the nightly release.
        # 1. Go to https://github.com/icyphy/ptII/releases
        # 2. Find the nightly release
        # 3. Click on edit
        # 4. Delete the old codeDoc.jar
        # 5. Upload the new codeDoc.jar
        # For details, see 
        # https://docs.github.com/en/github/administering-a-repository/managing-releases-in-a-repository

	# In general, if we call getName on a public field in an actor,
	# then the name that is returned should be the same as the name
	# of the field.
	set entityList [$configuration allAtomicEntityList]
	set results {}
	for {set iterator [$entityList iterator]}  {[$iterator hasNext] == 1} {} {
		set entity [$iterator next]
		if [java::instanceof $entity ptolemy.actor.TypedAtomicActor] {
		    set actor [java::cast ptolemy.actor.TypedAtomicActor $entity]
		    set className [$actor getClassName]
		    set url [java::call ptolemy.vergil.actor.DocManager  docClassNameToURL  $configuration $className  true false false false]
		    if [java::isnull $url] {
			lappend results "\nFailed to find ptdoc for $className.  Try doing (cd $PTII/doc; rm codeDoc/ptolemy/actor/lib/Ramp.xml codeDoc/ptolemy/actor/lib/RampIdx.xml; make docs)"
		    }


		    set url [java::call ptolemy.vergil.actor.DocManager  docClassNameToURL  $configuration $className  false true false false]
		    if [java::isnull $url] {
			lappend results "\nFailed to find javadoc for $className"
		    }

		    set url [java::call ptolemy.vergil.actor.DocManager  docClassNameToURL  $configuration $className  false true false false]
		    if [java::isnull $url] {
			lappend results "\nFailed to find source for $className"
		    }


		    # For actor index, it is ok to return null
		    set url [java::call ptolemy.vergil.actor.DocManager  docClassNameToURL  $configuration $className  false false false true]
		}
	    }
    list $results	
    
==== Result was:
{{
Failed to find ptdoc for ptolemy.actor.lib.Assert.  Try doing (cd /home/travis/build/icyphy/ptII/doc/test/../../doc; rm codeDoc/ptolemy/actor/lib/Ramp.xml codeDoc/ptolemy/actor/lib/RampIdx.xml; make docs)} {
Failed to find javadoc for ptolemy.actor.lib.Assert} {
Failed to find source for ptolemy.actor.lib.Assert} {
Failed to find ptdoc for ptolemy.actor.lib.jjs.JavaScript.  Try doing (cd /home/travis/build/icyphy/ptII/doc/test/../../doc; rm codeDoc/ptolemy/actor/lib/Ramp.xml codeDoc/ptolemy/actor/lib/RampIdx.xml; make docs)} {
Failed to find javadoc for ptolemy.actor.lib.jjs.JavaScript} {
Failed to find source for ptolemy.actor.lib.jjs.JavaScript} {
Failed to find ptdoc for ptolemy.actor.lib.Const.  Try doing (cd /home/travis/build/icyphy/ptII/doc/test/../../doc; rm codeDoc/ptolemy/actor/lib/Ramp.xml codeDoc/ptolemy/actor/lib/RampIdx.xml; make docs)} {
Failed to find javadoc for ptolemy.actor.lib.Const} {
Failed to find source for ptolemy.actor.lib.Const} {
Failed to find ptdoc for ptolemy.actor.lib.StringConst.  Try doing (cd /home/travis/build/icyphy/ptII/doc/test/../../doc; rm codeDoc/ptolemy/actor/lib/Ramp.xml codeDoc/ptolemy/actor/lib/RampIdx.xml; make docs)} {
Failed to find javadoc for ptolemy.actor.lib.StringConst} {
Failed to find source for ptolemy.actor.lib.StringConst} {
Failed to find ptdoc for ptolemy.actor.lib.Subscriber.  Try doing (cd /home/travis/build/icyphy/ptII/doc/test/../../doc; rm codeDoc/ptolemy/actor/lib/Ramp.xml codeDoc/ptolemy/actor/lib/RampIdx.xml; make docs)} {
Failed to find javadoc for ptolemy.actor.lib.Subscriber} {
Failed to find source for ptolemy.actor.lib.Subscriber} {
Failed to find ptdoc for ptolemy.actor.lib.SubscriptionAggregator.  Try doing (cd /home/travis/build/icyphy/ptII/doc/test/../../doc; rm codeDoc/ptolemy/actor/lib/Ramp.xml codeDoc/ptolemy/actor/lib/RampIdx.xml; make docs)} {
Failed to find javadoc for ptolemy.actor.lib.SubscriptionAggregator} {
Failed to find source for ptolemy.actor.lib.SubscriptionAggregator} {
Failed to find ptdoc for ptolemy.actor.lib.CurrentDate.  Try doing (cd /home/travis/build/icyphy/ptII/doc/test/../../doc; rm codeDoc/ptolemy/actor/lib/Ramp.xml codeDoc/ptolemy/actor/lib/RampIdx.xml; make docs)} {
Failed to find javadoc for ptolemy.actor.lib.CurrentDate} {
Failed to find source for ptolemy.actor.lib.CurrentDate} {
Failed to find ptdoc for ptolemy.actor.lib.CurrentTime.  Try doing (cd /home/travis/build/icyphy/ptII/doc/test/../../doc; rm codeDoc/ptolemy/actor/lib/Ramp.xml codeDoc/ptolemy/actor/lib/RampIdx.xml; make docs)} {
Failed to find javadoc for ptolemy.actor.lib.CurrentTime} {
Failed to find source for ptolemy.actor.lib.CurrentTime} {
Failed to find ptdoc for ptolemy.actor.lib.CurrentMicrostep.  Try doing (cd /home/travis/build/icyphy/ptII/doc/test/../../doc; rm codeDoc/ptolemy/actor/lib/Ramp.xml codeDoc/ptolemy/actor/lib/RampIdx.xml; make docs)} {
Failed to find javadoc for ptolemy.actor.lib.CurrentMicrostep} {
Failed to find source for ptolemy.actor.lib.CurrentMicrostep} {
Failed to find ptdoc for ptolemy.actor.lib.DiscreteClock.  Try doing (cd /home/travis/build/icyphy/ptII/doc/test/../../doc; rm codeDoc/ptolemy/actor/lib/Ramp.xml codeDoc/ptolemy/actor/lib/RampIdx.xml; make docs)} {
Failed to find javadoc for ptolemy.actor.lib.DiscreteClock} {
Failed to find source for ptolemy.actor.lib.DiscreteClock} {
Failed to find ptdoc for ptolemy.actor.lib.PoissonClock.  Try doing (cd /home/travis/build/icyphy/ptII/doc/test/../../doc; rm codeDoc/ptolemy/actor/lib/Ramp.xml codeDoc/ptolemy/actor/lib/RampIdx.xml; make docs)} {
Failed to find javadoc for ptolemy.actor.lib.PoissonClock} {
Failed to find source for ptolemy.actor.lib.PoissonClock} {
Failed to find ptdoc for ptolemy.actor.lib.gui.InteractiveDialog.  Try doing (cd /home/travis/build/icyphy/ptII/doc/test/../../doc; rm codeDoc/ptolemy/actor/lib/Ramp.xml codeDoc/ptolemy/actor/lib/RampIdx.xml; make docs)} {
Failed to find javadoc for ptolemy.actor.lib.gui.InteractiveDialog} {
Failed to find source for ptolemy.actor.lib.gui.InteractiveDialog} {
Failed to find ptdoc for ptolemy.actor.lib.gui.InteractiveShell.  Try doing (cd /home/travis/build/icyphy/ptII/doc/test/../../doc; rm codeDoc/ptolemy/actor/lib/Ramp.xml codeDoc/ptolemy/actor/lib/RampIdx.xml; make docs)} {
Failed to find javadoc for ptolemy.actor.lib.gui.InteractiveShell} {
Failed to find source for ptolemy.actor.lib.gui.InteractiveShell} {
Failed to find ptdoc for ptolemy.actor.lib.Interpolator.  Try doing (cd /home/travis/build/icyphy/ptII/doc/test/../../doc; rm codeDoc/ptolemy/actor/lib/Ramp.xml codeDoc/ptolemy/actor/lib/RampIdx.xml; make docs)} {
Failed to find javadoc for ptolemy.actor.lib.Interpolator} {
Failed to find source for ptolemy.actor.lib.Interpolator} {
Failed to find ptdoc for ptolemy.actor.lib.Pulse.  Try doing (cd /home/travis/build/icyphy/ptII/doc/test/../../doc; rm codeDoc/ptolemy/actor/lib/Ramp.xml codeDoc/ptolemy/actor/lib/RampIdx.xml; make docs)} {
Failed to find javadoc for ptolemy.actor.lib.Pulse} {
Failed to find source for ptolemy.actor.lib.Pulse} {
Failed to find ptdoc for ptolemy.actor.lib.Ramp.  Try doing (cd /home/travis/build/icyphy/ptII/doc/test/../../doc; rm codeDoc/ptolemy/actor/lib/Ramp.xml codeDoc/ptolemy/actor/lib/RampIdx.xml; make docs)} {
Failed to find javadoc for ptolemy.actor.lib.Ramp} {
Failed to find source for ptolemy.actor.lib.Ramp} {
Failed to find ptdoc for ptolemy.actor.lib.Sequence.  Try doing (cd /home/travis/build/icyphy/ptII/doc/test/../../doc; rm codeDoc/ptolemy/actor/lib/Ramp.xml codeDoc/ptolemy/actor/lib/RampIdx.xml; make docs)} {
Failed to find javadoc for ptolemy.actor.lib.Sequence} {
Failed to find source for ptolemy.actor.lib.Sequence} {
Failed to find ptdoc for ptolemy.actor.lib.gui.SketchedSource.  Try doing (cd /home/travis/build/icyphy/ptII/doc/test/../../doc; rm codeDoc/ptolemy/actor/lib/Ramp.xml codeDoc/ptolemy/actor/lib/RampIdx.xml; make docs)} {
Failed to find javadoc for ptolemy.actor.lib.gui.SketchedSource} {
Failed to find source for ptolemy.actor.lib.gui.SketchedSource} {
Failed to find ptdoc for ptolemy.actor.lib.gui.ArrayPlotterXY.  Try doing (cd /home/travis/build/icyphy/ptII/doc/test/../../doc; rm codeDoc/ptolemy/actor/lib/Ramp.xml codeDoc/ptolemy/actor/lib/RampIdx.xml; make docs)} {
Failed to find javadoc for ptolemy.actor.lib.gui.ArrayPlotterXY} {
Failed to find source for ptolemy.actor.lib.gui.ArrayPlotterXY} {
Failed to find ptdoc for ptolemy.actor.lib.Discard.  Try doing (cd /home/travis/build/icyphy/ptII/doc/test/../../doc; rm codeDoc/ptolemy/actor/lib/Ramp.xml codeDoc/ptolemy/actor/lib/RampIdx.xml; make docs)} {
Failed to find javadoc for ptolemy.actor.lib.Discard} {
Failed to find source for ptolemy.actor.lib.Discard} {
Failed to find ptdoc for ptolemy.actor.lib.gui.Display.  Try doing (cd /home/travis/build/icyphy/ptII/doc/test/../../doc; rm codeDoc/ptolemy/actor/lib/Ramp.xml codeDoc/ptolemy/actor/lib/RampIdx.xml; make docs)} {
Failed to find javadoc for ptolemy.actor.lib.gui.Display} {
Failed to find source for ptolemy.actor.lib.gui.Display} {
Failed to find ptdoc for ptolemy.actor.lib.gui.MonitorValue.  Try doing (cd /home/travis/build/icyphy/ptII/doc/test/../../doc; rm codeDoc/ptolemy/actor/lib/Ramp.xml codeDoc/ptolemy/actor/lib/RampIdx.xml; make docs)} {
Failed to find javadoc for ptolemy.actor.lib.gui.MonitorValue} {
Failed to find source for ptolemy.actor.lib.gui.MonitorValue} {
Failed to find ptdoc for ptolemy.actor.lib.Publisher.  Try doing (cd /home/travis/build/icyphy/ptII/doc/test/../../doc; rm codeDoc/ptolemy/actor/lib/Ramp.xml codeDoc/ptolemy/actor/lib/RampIdx.xml; make docs)} {
Failed to find javadoc for ptolemy.actor.lib.Publisher} {
Failed to find source for ptolemy.actor.lib.Publisher} {
Failed to find ptdoc for ptolemy.actor.lib.Recorder.  Try doing (cd /home/travis/build/icyphy/ptII/doc/test/../../doc; rm codeDoc/ptolemy/actor/lib/Ramp.xml codeDoc/ptolemy/actor/lib/RampIdx.xml; make docs)} {
Failed to find javadoc for ptolemy.actor.lib.Recorder} {
Failed to find source for ptolemy.actor.lib.Recorder} {
Failed to find ptdoc for ptolemy.actor.lib.SetVariable.  Try doing (cd /home/travis/build/icyphy/ptII/doc/test/../../doc; rm codeDoc/ptolemy/actor/lib/Ramp.xml codeDoc/ptolemy/actor/lib/RampIdx.xml; make docs)} {
Failed to find javadoc for ptolemy.actor.lib.SetVariable} {
Failed to find source for ptolemy.actor.lib.SetVariable} {
Failed to find ptdoc for ptolemy.actor.lib.gui.XYPlotter.  Try doing (cd /home/travis/build/icyphy/ptII/doc/test/../../doc; rm codeDoc/ptolemy/actor/lib/Ramp.xml codeDoc/ptolemy/actor/lib/RampIdx.xml; make docs)} {
Failed to find javadoc for ptolemy.actor.lib.gui.XYPlotter} {
Failed to find source for ptolemy.actor.lib.gui.XYPlotter} {
Failed to find ptdoc for ptolemy.actor.lib.gui.XYScope.  Try doing (cd /home/travis/build/icyphy/ptII/doc/test/../../doc; rm codeDoc/ptolemy/actor/lib/Ramp.xml codeDoc/ptolemy/actor/lib/RampIdx.xml; make docs)} {
Failed to find javadoc for ptolemy.actor.lib.gui.XYScope} {
Failed to find source for ptolemy.actor.lib.gui.XYScope} {
Failed to find ptdoc for ptolemy.actor.lib.gui.TimedDisplay.  Try doing (cd /home/travis/build/icyphy/ptII/doc/test/../../doc; rm codeDoc/ptolemy/actor/lib/Ramp.xml codeDoc/ptolemy/actor/lib/RampIdx.xml; make docs)} {
Failed to find javadoc for ptolemy.actor.lib.gui.TimedDisplay} {
Failed to find source for ptolemy.actor.lib.gui.TimedDisplay} {
Failed to find ptdoc for ptolemy.actor.lib.gui.TimedMonitorValue.  Try doing (cd /home/travis/build/icyphy/ptII/doc/test/../../doc; rm codeDoc/ptolemy/actor/lib/Ramp.xml codeDoc/ptolemy/actor/lib/RampIdx.xml; make docs)} {
Failed to find javadoc for ptolemy.actor.lib.gui.TimedMonitorValue} {
Failed to find source for ptolemy.actor.lib.gui.TimedMonitorValue} {
Failed to find ptdoc for ptolemy.actor.lib.gui.TimedPlotter.  Try doing (cd /home/travis/build/icyphy/ptII/doc/test/../../doc; rm codeDoc/ptolemy/actor/lib/Ramp.xml codeDoc/ptolemy/actor/lib/RampIdx.xml; make docs)} {
Failed to find javadoc for ptolemy.actor.lib.gui.TimedPlotter} {
Failed to find source for ptolemy.actor.lib.gui.TimedPlotter} {
Failed to find ptdoc for ptolemy.actor.lib.gui.TimedScope.  Try doing (cd /home/travis/build/icyphy/ptII/doc/test/../../doc; rm codeDoc/ptolemy/actor/lib/Ramp.xml codeDoc/ptolemy/actor/lib/RampIdx.xml; make docs)} {
Failed to find javadoc for ptolemy.actor.lib.gui.TimedScope} {
Failed to find source for ptolemy.actor.lib.gui.TimedScope} {
Failed to find ptdoc for ptolemy.actor.lib.gui.ArrayPlotter.  Try doing (cd /home/travis/build/icyphy/ptII/doc/test/../../doc; rm codeDoc/ptolemy/actor/lib/Ramp.xml codeDoc/ptolemy/actor/lib/RampIdx.xml; make docs)} {
Failed to find javadoc for ptolemy.actor.lib.gui.ArrayPlotter} {
Failed to find source for ptolemy.actor.lib.gui.ArrayPlotter} {
Failed to find ptdoc for ptolemy.actor.lib.gui.BarGraph.  Try doing (cd /home/travis/build/icyphy/ptII/doc/test/../../doc; rm codeDoc/ptolemy/actor/lib/Ramp.xml codeDoc/ptolemy/actor/lib/RampIdx.xml; make docs)} {
Failed to find javadoc for ptolemy.actor.lib.gui.BarGraph} {
Failed to find source for ptolemy.actor.lib.gui.BarGraph} {
Failed to find ptdoc for ptolemy.actor.lib.gui.HistogramPlotter.  Try doing (cd /home/travis/build/icyphy/ptII/doc/test/../../doc; rm codeDoc/ptolemy/actor/lib/Ramp.xml codeDoc/ptolemy/actor/lib/RampIdx.xml; make docs)} {
Failed to find javadoc for ptolemy.actor.lib.gui.HistogramPlotter} {
Failed to find source for ptolemy.actor.lib.gui.HistogramPlotter} {
Failed to find ptdoc for ptolemy.actor.lib.gui.SequencePlotter.  Try doing (cd /home/travis/build/icyphy/ptII/doc/test/../../doc; rm codeDoc/ptolemy/actor/lib/Ramp.xml codeDoc/ptolemy/actor/lib/RampIdx.xml; make docs)} {
Failed to find javadoc for ptolemy.actor.lib.gui.SequencePlotter} {
Failed to find source for ptolemy.actor.lib.gui.SequencePlotter} {
Failed to find ptdoc for ptolemy.actor.lib.gui.SequenceScope.  Try doing (cd /home/travis/build/icyphy/ptII/doc/test/../../doc; rm codeDoc/ptolemy/actor/lib/Ramp.xml codeDoc/ptolemy/actor/lib/RampIdx.xml; make docs)} {
Failed to find javadoc for ptolemy.actor.lib.gui.SequenceScope} {
Failed to find source for ptolemy.actor.lib.gui.SequenceScope} {
Failed to find ptdoc for ptolemy.actor.lib.ArrayAccumulate.  Try doing (cd /home/travis/build/icyphy/ptII/doc/test/../../doc; rm codeDoc/ptolemy/actor/lib/Ramp.xml codeDoc/ptolemy/actor/lib/RampIdx.xml; make docs)} {
Failed to find javadoc for ptolemy.actor.lib.ArrayAccumulate} {
Failed to find source for ptolemy.actor.lib.ArrayAccumulate} {
Failed to find ptdoc for ptolemy.actor.lib.ArrayAppend.  Try doing (cd /home/travis/build/icyphy/ptII/doc/test/../../doc; rm codeDoc/ptolemy/actor/lib/Ramp.xml codeDoc/ptolemy/actor/lib/RampIdx.xml; make docs)} {
Failed to find javadoc for ptolemy.actor.lib.ArrayAppend} {
Failed to find source for ptolemy.actor.lib.ArrayAppend} {
Failed to find ptdoc for ptolemy.actor.lib.ArrayAverage.  Try doing (cd /home/travis/build/icyphy/ptII/doc/test/../../doc; rm codeDoc/ptolemy/actor/lib/Ramp.xml codeDoc/ptolemy/actor/lib/RampIdx.xml; make docs)} {
Failed to find javadoc for ptolemy.actor.lib.ArrayAverage} {
Failed to find source for ptolemy.actor.lib.ArrayAverage} {
Failed to find ptdoc for ptolemy.actor.lib.ArrayContains.  Try doing (cd /home/travis/build/icyphy/ptII/doc/test/../../doc; rm codeDoc/ptolemy/actor/lib/Ramp.xml codeDoc/ptolemy/actor/lib/RampIdx.xml; make docs)} {
Failed to find javadoc for ptolemy.actor.lib.ArrayContains} {
Failed to find source for ptolemy.actor.lib.ArrayContains} {
Failed to find ptdoc for ptolemy.actor.lib.ArrayElement.  Try doing (cd /home/travis/build/icyphy/ptII/doc/test/../../doc; rm codeDoc/ptolemy/actor/lib/Ramp.xml codeDoc/ptolemy/actor/lib/RampIdx.xml; make docs)} {
Failed to find javadoc for ptolemy.actor.lib.ArrayElement} {
Failed to find source for ptolemy.actor.lib.ArrayElement} {
Failed to find ptdoc for ptolemy.actor.lib.ArrayElementAsMatrix.  Try doing (cd /home/travis/build/icyphy/ptII/doc/test/../../doc; rm codeDoc/ptolemy/actor/lib/Ramp.xml codeDoc/ptolemy/actor/lib/RampIdx.xml; make docs)} {
Failed to find javadoc for ptolemy.actor.lib.ArrayElementAsMatrix} {
Failed to find source for ptolemy.actor.lib.ArrayElementAsMatrix} {
Failed to find ptdoc for ptolemy.actor.lib.ArrayExtract.  Try doing (cd /home/travis/build/icyphy/ptII/doc/test/../../doc; rm codeDoc/ptolemy/actor/lib/Ramp.xml codeDoc/ptolemy/actor/lib/RampIdx.xml; make docs)} {
Failed to find javadoc for ptolemy.actor.lib.ArrayExtract} {
Failed to find source for ptolemy.actor.lib.ArrayExtract} {
Failed to find ptdoc for ptolemy.actor.lib.ArrayLength.  Try doing (cd /home/travis/build/icyphy/ptII/doc/test/../../doc; rm codeDoc/ptolemy/actor/lib/Ramp.xml codeDoc/ptolemy/actor/lib/RampIdx.xml; make docs)} {
Failed to find javadoc for ptolemy.actor.lib.ArrayLength} {
Failed to find source for ptolemy.actor.lib.ArrayLength} {
Failed to find ptdoc for ptolemy.actor.lib.ArrayLevelCrossing.  Try doing (cd /home/travis/build/icyphy/ptII/doc/test/../../doc; rm codeDoc/ptolemy/actor/lib/Ramp.xml codeDoc/ptolemy/actor/lib/RampIdx.xml; make docs)} {
Failed to find javadoc for ptolemy.actor.lib.ArrayLevelCrossing} {
Failed to find source for ptolemy.actor.lib.ArrayLevelCrossing} {
Failed to find ptdoc for ptolemy.actor.lib.ArrayMaximum.  Try doing (cd /home/travis/build/icyphy/ptII/doc/test/../../doc; rm codeDoc/ptolemy/actor/lib/Ramp.xml codeDoc/ptolemy/actor/lib/RampIdx.xml; make docs)} {
Failed to find javadoc for ptolemy.actor.lib.ArrayMaximum} {
Failed to find source for ptolemy.actor.lib.ArrayMaximum} {
Failed to find ptdoc for ptolemy.actor.lib.ArrayMinimum.  Try doing (cd /home/travis/build/icyphy/ptII/doc/test/../../doc; rm codeDoc/ptolemy/actor/lib/Ramp.xml codeDoc/ptolemy/actor/lib/RampIdx.xml; make docs)} {
Failed to find javadoc for ptolemy.actor.lib.ArrayMinimum} {
Failed to find source for ptolemy.actor.lib.ArrayMinimum} {
Failed to find ptdoc for ptolemy.actor.lib.ArrayPeakSearch.  Try doing (cd /home/travis/build/icyphy/ptII/doc/test/../../doc; rm codeDoc/ptolemy/actor/lib/Ramp.xml codeDoc/ptolemy/actor/lib/RampIdx.xml; make docs)} {
Failed to find javadoc for ptolemy.actor.lib.ArrayPeakSearch} {
Failed to find source for ptolemy.actor.lib.ArrayPeakSearch} {
Failed to find ptdoc for ptolemy.actor.lib.ArrayRemoveElement.  Try doing (cd /home/travis/build/icyphy/ptII/doc/test/../../doc; rm codeDoc/ptolemy/actor/lib/Ramp.xml codeDoc/ptolemy/actor/lib/RampIdx.xml; make docs)} {
Failed to find javadoc for ptolemy.actor.lib.ArrayRemoveElement} {
Failed to find source for ptolemy.actor.lib.ArrayRemoveElement} {
Failed to find ptdoc for ptolemy.actor.lib.ArraySort.  Try doing (cd /home/travis/build/icyphy/ptII/doc/test/../../doc; rm codeDoc/ptolemy/actor/lib/Ramp.xml codeDoc/ptolemy/actor/lib/RampIdx.xml; make docs)} {
Failed to find javadoc for ptolemy.actor.lib.ArraySort} {
Failed to find source for ptolemy.actor.lib.ArraySort} {
Failed to find ptdoc for ptolemy.actor.lib.ArraySum.  Try doing (cd /home/travis/build/icyphy/ptII/doc/test/../../doc; rm codeDoc/ptolemy/actor/lib/Ramp.xml codeDoc/ptolemy/actor/lib/RampIdx.xml; make docs)} {
Failed to find javadoc for ptolemy.actor.lib.ArraySum} {
Failed to find source for ptolemy.actor.lib.ArraySum} {
Failed to find ptdoc for ptolemy.actor.lib.ArrayToElements.  Try doing (cd /home/travis/build/icyphy/ptII/doc/test/../../doc; rm codeDoc/ptolemy/actor/lib/Ramp.xml codeDoc/ptolemy/actor/lib/RampIdx.xml; make docs)} {
Failed to find javadoc for ptolemy.actor.lib.ArrayToElements} {
Failed to find source for ptolemy.actor.lib.ArrayToElements} {
Failed to find ptdoc for ptolemy.domains.sdf.lib.ArrayToSequence.  Try doing (cd /home/travis/build/icyphy/ptII/doc/test/../../doc; rm codeDoc/ptolemy/actor/lib/Ramp.xml codeDoc/ptolemy/actor/lib/RampIdx.xml; make docs)} {
Failed to find javadoc for ptolemy.domains.sdf.lib.ArrayToSequence} {
Failed to find source for ptolemy.domains.sdf.lib.ArrayToSequence} {
Failed to find ptdoc for ptolemy.actor.lib.ArrayUpdate.  Try doing (cd /home/travis/build/icyphy/ptII/doc/test/../../doc; rm codeDoc/ptolemy/actor/lib/Ramp.xml codeDoc/ptolemy/actor/lib/RampIdx.xml; make docs)} {
Failed to find javadoc for ptolemy.actor.lib.ArrayUpdate} {
Failed to find source for ptolemy.actor.lib.ArrayUpdate} {
Failed to find ptdoc for ptolemy.actor.lib.ElementsToArray.  Try doing (cd /home/travis/build/icyphy/ptII/doc/test/../../doc; rm codeDoc/ptolemy/actor/lib/Ramp.xml codeDoc/ptolemy/actor/lib/RampIdx.xml; make docs)} {
Failed to find javadoc for ptolemy.actor.lib.ElementsToArray} {
Failed to find source for ptolemy.actor.lib.ElementsToArray} {
Failed to find ptdoc for ptolemy.domains.sdf.lib.SequenceToArray.  Try doing (cd /home/travis/build/icyphy/ptII/doc/test/../../doc; rm codeDoc/ptolemy/actor/lib/Ramp.xml codeDoc/ptolemy/actor/lib/RampIdx.xml; make docs)} {
Failed to find javadoc for ptolemy.domains.sdf.lib.SequenceToArray} {
Failed to find source for ptolemy.domains.sdf.lib.SequenceToArray} {
Failed to find ptdoc for ptolemy.actor.lib.conversions.AnythingToDouble.  Try doing (cd /home/travis/build/icyphy/ptII/doc/test/../../doc; rm codeDoc/ptolemy/actor/lib/Ramp.xml codeDoc/ptolemy/actor/lib/RampIdx.xml; make docs)} {
Failed to find javadoc for ptolemy.actor.lib.conversions.AnythingToDouble} {
Failed to find source for ptolemy.actor.lib.conversions.AnythingToDouble} {
Failed to find ptdoc for ptolemy.actor.lib.conversions.BooleanToAnything.  Try doing (cd /home/travis/build/icyphy/ptII/doc/test/../../doc; rm codeDoc/ptolemy/actor/lib/Ramp.xml codeDoc/ptolemy/actor/lib/RampIdx.xml; make docs)} {
Failed to find javadoc for ptolemy.actor.lib.conversions.BooleanToAnything} {
Failed to find source for ptolemy.actor.lib.conversions.BooleanToAnything} {
Failed to find ptdoc for ptolemy.domains.sdf.lib.BitsToInt.  Try doing (cd /home/travis/build/icyphy/ptII/doc/test/../../doc; rm codeDoc/ptolemy/actor/lib/Ramp.xml codeDoc/ptolemy/actor/lib/RampIdx.xml; make docs)} {
Failed to find javadoc for ptolemy.domains.sdf.lib.BitsToInt} {
Failed to find source for ptolemy.domains.sdf.lib.BitsToInt} {
Failed to find ptdoc for ptolemy.actor.lib.conversions.CartesianToComplex.  Try doing (cd /home/travis/build/icyphy/ptII/doc/test/../../doc; rm codeDoc/ptolemy/actor/lib/Ramp.xml codeDoc/ptolemy/actor/lib/RampIdx.xml; make docs)} {
Failed to find javadoc for ptolemy.actor.lib.conversions.CartesianToComplex} {
Failed to find source for ptolemy.actor.lib.conversions.CartesianToComplex} {
Failed to find ptdoc for ptolemy.actor.lib.conversions.CartesianToPolar.  Try doing (cd /home/travis/build/icyphy/ptII/doc/test/../../doc; rm codeDoc/ptolemy/actor/lib/Ramp.xml codeDoc/ptolemy/actor/lib/RampIdx.xml; make docs)} {
Failed to find javadoc for ptolemy.actor.lib.conversions.CartesianToPolar} {
Failed to find source for ptolemy.actor.lib.conversions.CartesianToPolar} {
Failed to find ptdoc for ptolemy.actor.lib.conversions.ComplexToCartesian.  Try doing (cd /home/travis/build/icyphy/ptII/doc/test/../../doc; rm codeDoc/ptolemy/actor/lib/Ramp.xml codeDoc/ptolemy/actor/lib/RampIdx.xml; make docs)} {
Failed to find javadoc for ptolemy.actor.lib.conversions.ComplexToCartesian} {
Failed to find source for ptolemy.actor.lib.conversions.ComplexToCartesian} {
Failed to find ptdoc for ptolemy.actor.lib.conversions.ComplexToPolar.  Try doing (cd /home/travis/build/icyphy/ptII/doc/test/../../doc; rm codeDoc/ptolemy/actor/lib/Ramp.xml codeDoc/ptolemy/actor/lib/RampIdx.xml; make docs)} {
Failed to find javadoc for ptolemy.actor.lib.conversions.ComplexToPolar} {
Failed to find source for ptolemy.actor.lib.conversions.ComplexToPolar} {
Failed to find ptdoc for ptolemy.actor.lib.conversions.DateToString.  Try doing (cd /home/travis/build/icyphy/ptII/doc/test/../../doc; rm codeDoc/ptolemy/actor/lib/Ramp.xml codeDoc/ptolemy/actor/lib/RampIdx.xml; make docs)} {
Failed to find javadoc for ptolemy.actor.lib.conversions.DateToString} {
Failed to find source for ptolemy.actor.lib.conversions.DateToString} {
Failed to find ptdoc for ptolemy.actor.lib.conversions.DoubleToFix.  Try doing (cd /home/travis/build/icyphy/ptII/doc/test/../../doc; rm codeDoc/ptolemy/actor/lib/Ramp.xml codeDoc/ptolemy/actor/lib/RampIdx.xml; make docs)} {
Failed to find javadoc for ptolemy.actor.lib.conversions.DoubleToFix} {
Failed to find source for ptolemy.actor.lib.conversions.DoubleToFix} {
Failed to find ptdoc for ptolemy.actor.lib.conversions.ExpressionToToken.  Try doing (cd /home/travis/build/icyphy/ptII/doc/test/../../doc; rm codeDoc/ptolemy/actor/lib/Ramp.xml codeDoc/ptolemy/actor/lib/RampIdx.xml; make docs)} {
Failed to find javadoc for ptolemy.actor.lib.conversions.ExpressionToToken} {
Failed to find source for ptolemy.actor.lib.conversions.ExpressionToToken} {
Failed to find ptdoc for ptolemy.actor.lib.conversions.FixToDouble.  Try doing (cd /home/travis/build/icyphy/ptII/doc/test/../../doc; rm codeDoc/ptolemy/actor/lib/Ramp.xml codeDoc/ptolemy/actor/lib/RampIdx.xml; make docs)} {
Failed to find javadoc for ptolemy.actor.lib.conversions.FixToDouble} {
Failed to find source for ptolemy.actor.lib.conversions.FixToDouble} {
Failed to find ptdoc for ptolemy.actor.lib.conversions.FixToFix.  Try doing (cd /home/travis/build/icyphy/ptII/doc/test/../../doc; rm codeDoc/ptolemy/actor/lib/Ramp.xml codeDoc/ptolemy/actor/lib/RampIdx.xml; make docs)} {
Failed to find javadoc for ptolemy.actor.lib.conversions.FixToFix} {
Failed to find source for ptolemy.actor.lib.conversions.FixToFix} {
Failed to find ptdoc for ptolemy.actor.lib.conversions.ImageToString.  Try doing (cd /home/travis/build/icyphy/ptII/doc/test/../../doc; rm codeDoc/ptolemy/actor/lib/Ramp.xml codeDoc/ptolemy/actor/lib/RampIdx.xml; make docs)} {
Failed to find javadoc for ptolemy.actor.lib.conversions.ImageToString} {
Failed to find source for ptolemy.actor.lib.conversions.ImageToString} {
Failed to find ptdoc for ptolemy.actor.lib.conversions.IntArrayToString.  Try doing (cd /home/travis/build/icyphy/ptII/doc/test/../../doc; rm codeDoc/ptolemy/actor/lib/Ramp.xml codeDoc/ptolemy/actor/lib/RampIdx.xml; make docs)} {
Failed to find javadoc for ptolemy.actor.lib.conversions.IntArrayToString} {
Failed to find source for ptolemy.actor.lib.conversions.IntArrayToString} {
Failed to find ptdoc for ptolemy.domains.sdf.lib.IntToBits.  Try doing (cd /home/travis/build/icyphy/ptII/doc/test/../../doc; rm codeDoc/ptolemy/actor/lib/Ramp.xml codeDoc/ptolemy/actor/lib/RampIdx.xml; make docs)} {
Failed to find javadoc for ptolemy.domains.sdf.lib.IntToBits} {
Failed to find source for ptolemy.domains.sdf.lib.IntToBits} {
Failed to find ptdoc for ptolemy.actor.lib.conversions.InUnitsOf.  Try doing (cd /home/travis/build/icyphy/ptII/doc/test/../../doc; rm codeDoc/ptolemy/actor/lib/Ramp.xml codeDoc/ptolemy/actor/lib/RampIdx.xml; make docs)} {
Failed to find javadoc for ptolemy.actor.lib.conversions.InUnitsOf} {
Failed to find source for ptolemy.actor.lib.conversions.InUnitsOf} {
Failed to find ptdoc for ptolemy.actor.lib.conversions.json.JSONToToken.  Try doing (cd /home/travis/build/icyphy/ptII/doc/test/../../doc; rm codeDoc/ptolemy/actor/lib/Ramp.xml codeDoc/ptolemy/actor/lib/RampIdx.xml; make docs)} {
Failed to find javadoc for ptolemy.actor.lib.conversions.json.JSONToToken} {
Failed to find source for ptolemy.actor.lib.conversions.json.JSONToToken} {
Failed to find ptdoc for ptolemy.actor.lib.conversions.json.TokenToJSON.  Try doing (cd /home/travis/build/icyphy/ptII/doc/test/../../doc; rm codeDoc/ptolemy/actor/lib/Ramp.xml codeDoc/ptolemy/actor/lib/RampIdx.xml; make docs)} {
Failed to find javadoc for ptolemy.actor.lib.conversions.json.TokenToJSON} {
Failed to find source for ptolemy.actor.lib.conversions.json.TokenToJSON} {
Failed to find ptdoc for ptolemy.actor.lib.conversions.LongToDouble.  Try doing (cd /home/travis/build/icyphy/ptII/doc/test/../../doc; rm codeDoc/ptolemy/actor/lib/Ramp.xml codeDoc/ptolemy/actor/lib/RampIdx.xml; make docs)} {
Failed to find javadoc for ptolemy.actor.lib.conversions.LongToDouble} {
Failed to find source for ptolemy.actor.lib.conversions.LongToDouble} {
Failed to find ptdoc for ptolemy.actor.lib.conversions.PolarToCartesian.  Try doing (cd /home/travis/build/icyphy/ptII/doc/test/../../doc; rm codeDoc/ptolemy/actor/lib/Ramp.xml codeDoc/ptolemy/actor/lib/RampIdx.xml; make docs)} {
Failed to find javadoc for ptolemy.actor.lib.conversions.PolarToCartesian} {
Failed to find source for ptolemy.actor.lib.conversions.PolarToCartesian} {
Failed to find ptdoc for ptolemy.actor.lib.conversions.PolarToComplex.  Try doing (cd /home/travis/build/icyphy/ptII/doc/test/../../doc; rm codeDoc/ptolemy/actor/lib/Ramp.xml codeDoc/ptolemy/actor/lib/RampIdx.xml; make docs)} {
Failed to find javadoc for ptolemy.actor.lib.conversions.PolarToComplex} {
Failed to find source for ptolemy.actor.lib.conversions.PolarToComplex} {
Failed to find ptdoc for ptolemy.actor.lib.conversions.Round.  Try doing (cd /home/travis/build/icyphy/ptII/doc/test/../../doc; rm codeDoc/ptolemy/actor/lib/Ramp.xml codeDoc/ptolemy/actor/lib/RampIdx.xml; make docs)} {
Failed to find javadoc for ptolemy.actor.lib.conversions.Round} {
Failed to find source for ptolemy.actor.lib.conversions.Round} {
Failed to find ptdoc for ptolemy.actor.lib.conversions.SmoothToDouble.  Try doing (cd /home/travis/build/icyphy/ptII/doc/test/../../doc; rm codeDoc/ptolemy/actor/lib/Ramp.xml codeDoc/ptolemy/actor/lib/RampIdx.xml; make docs)} {
Failed to find javadoc for ptolemy.actor.lib.conversions.SmoothToDouble} {
Failed to find source for ptolemy.actor.lib.conversions.SmoothToDouble} {
Failed to find ptdoc for ptolemy.actor.lib.conversions.StringToBoolean.  Try doing (cd /home/travis/build/icyphy/ptII/doc/test/../../doc; rm codeDoc/ptolemy/actor/lib/Ramp.xml codeDoc/ptolemy/actor/lib/RampIdx.xml; make docs)} {
Failed to find javadoc for ptolemy.actor.lib.conversions.StringToBoolean} {
Failed to find source for ptolemy.actor.lib.conversions.StringToBoolean} {
Failed to find ptdoc for ptolemy.actor.lib.conversions.StringToDouble.  Try doing (cd /home/travis/build/icyphy/ptII/doc/test/../../doc; rm codeDoc/ptolemy/actor/lib/Ramp.xml codeDoc/ptolemy/actor/lib/RampIdx.xml; make docs)} {
Failed to find javadoc for ptolemy.actor.lib.conversions.StringToDouble} {
Failed to find source for ptolemy.actor.lib.conversions.StringToDouble} {
Failed to find ptdoc for ptolemy.actor.lib.conversions.StringToInt.  Try doing (cd /home/travis/build/icyphy/ptII/doc/test/../../doc; rm codeDoc/ptolemy/actor/lib/Ramp.xml codeDoc/ptolemy/actor/lib/RampIdx.xml; make docs)} {
Failed to find javadoc for ptolemy.actor.lib.conversions.StringToInt} {
Failed to find source for ptolemy.actor.lib.conversions.StringToInt} {
Failed to find ptdoc for ptolemy.actor.lib.conversions.StringToIntArray.  Try doing (cd /home/travis/build/icyphy/ptII/doc/test/../../doc; rm codeDoc/ptolemy/actor/lib/Ramp.xml codeDoc/ptolemy/actor/lib/RampIdx.xml; make docs)} {
Failed to find javadoc for ptolemy.actor.lib.conversions.StringToIntArray} {
Failed to find source for ptolemy.actor.lib.conversions.StringToIntArray} {
Failed to find ptdoc for ptolemy.actor.lib.conversions.StringToUnsignedByteArray.  Try doing (cd /home/travis/build/icyphy/ptII/doc/test/../../doc; rm codeDoc/ptolemy/actor/lib/Ramp.xml codeDoc/ptolemy/actor/lib/RampIdx.xml; make docs)} {
Failed to find javadoc for ptolemy.actor.lib.conversions.StringToUnsignedByteArray} {
Failed to find source for ptolemy.actor.lib.conversions.StringToUnsignedByteArray} {
Failed to find ptdoc for ptolemy.actor.lib.conversions.StringToXML.  Try doing (cd /home/travis/build/icyphy/ptII/doc/test/../../doc; rm codeDoc/ptolemy/actor/lib/Ramp.xml codeDoc/ptolemy/actor/lib/RampIdx.xml; make docs)} {
Failed to find javadoc for ptolemy.actor.lib.conversions.StringToXML} {
Failed to find source for ptolemy.actor.lib.conversions.StringToXML} {
Failed to find ptdoc for ptolemy.actor.lib.conversions.TokenToExpression.  Try doing (cd /home/travis/build/icyphy/ptII/doc/test/../../doc; rm codeDoc/ptolemy/actor/lib/Ramp.xml codeDoc/ptolemy/actor/lib/RampIdx.xml; make docs)} {
Failed to find javadoc for ptolemy.actor.lib.conversions.TokenToExpression} {
Failed to find source for ptolemy.actor.lib.conversions.TokenToExpression} {
Failed to find ptdoc for ptolemy.actor.lib.conversions.UnsignedByteArrayToString.  Try doing (cd /home/travis/build/icyphy/ptII/doc/test/../../doc; rm codeDoc/ptolemy/actor/lib/Ramp.xml codeDoc/ptolemy/actor/lib/RampIdx.xml; make docs)} {
Failed to find javadoc for ptolemy.actor.lib.conversions.UnsignedByteArrayToString} {
Failed to find source for ptolemy.actor.lib.conversions.UnsignedByteArrayToString} {
Failed to find ptdoc for ptolemy.actor.lib.BusAssembler.  Try doing (cd /home/travis/build/icyphy/ptII/doc/test/../../doc; rm codeDoc/ptolemy/actor/lib/Ramp.xml codeDoc/ptolemy/actor/lib/RampIdx.xml; make docs)} {
Failed to find javadoc for ptolemy.actor.lib.BusAssembler} {
Failed to find source for ptolemy.actor.lib.BusAssembler} {
Failed to find ptdoc for ptolemy.actor.lib.BusDisassembler.  Try doing (cd /home/travis/build/icyphy/ptII/doc/test/../../doc; rm codeDoc/ptolemy/actor/lib/Ramp.xml codeDoc/ptolemy/actor/lib/RampIdx.xml; make docs)} {
Failed to find javadoc for ptolemy.actor.lib.BusDisassembler} {
Failed to find source for ptolemy.actor.lib.BusDisassembler} {
Failed to find ptdoc for ptolemy.actor.lib.Commutator.  Try doing (cd /home/travis/build/icyphy/ptII/doc/test/../../doc; rm codeDoc/ptolemy/actor/lib/Ramp.xml codeDoc/ptolemy/actor/lib/RampIdx.xml; make docs)} {
Failed to find javadoc for ptolemy.actor.lib.Commutator} {
Failed to find source for ptolemy.actor.lib.Commutator} {
Failed to find ptdoc for ptolemy.actor.lib.Distributor.  Try doing (cd /home/travis/build/icyphy/ptII/doc/test/../../doc; rm codeDoc/ptolemy/actor/lib/Ramp.xml codeDoc/ptolemy/actor/lib/RampIdx.xml; make docs)} {
Failed to find javadoc for ptolemy.actor.lib.Distributor} {
Failed to find source for ptolemy.actor.lib.Distributor} {
Failed to find ptdoc for ptolemy.actor.lib.Multiplexor.  Try doing (cd /home/travis/build/icyphy/ptII/doc/test/../../doc; rm codeDoc/ptolemy/actor/lib/Ramp.xml codeDoc/ptolemy/actor/lib/RampIdx.xml; make docs)} {
Failed to find javadoc for ptolemy.actor.lib.Multiplexor} {
Failed to find source for ptolemy.actor.lib.Multiplexor} {
Failed to find ptdoc for ptolemy.actor.lib.OrderedRecordAssembler.  Try doing (cd /home/travis/build/icyphy/ptII/doc/test/../../doc; rm codeDoc/ptolemy/actor/lib/Ramp.xml codeDoc/ptolemy/actor/lib/RampIdx.xml; make docs)} {
Failed to find javadoc for ptolemy.actor.lib.OrderedRecordAssembler} {
Failed to find source for ptolemy.actor.lib.OrderedRecordAssembler} {
Failed to find ptdoc for ptolemy.actor.lib.RecordAssembler.  Try doing (cd /home/travis/build/icyphy/ptII/doc/test/../../doc; rm codeDoc/ptolemy/actor/lib/Ramp.xml codeDoc/ptolemy/actor/lib/RampIdx.xml; make docs)} {
Failed to find javadoc for ptolemy.actor.lib.RecordAssembler} {
Failed to find source for ptolemy.actor.lib.RecordAssembler} {
Failed to find ptdoc for ptolemy.actor.lib.RecordDisassembler.  Try doing (cd /home/travis/build/icyphy/ptII/doc/test/../../doc; rm codeDoc/ptolemy/actor/lib/Ramp.xml codeDoc/ptolemy/actor/lib/RampIdx.xml; make docs)} {
Failed to find javadoc for ptolemy.actor.lib.RecordDisassembler} {
Failed to find source for ptolemy.actor.lib.RecordDisassembler} {
Failed to find ptdoc for ptolemy.actor.lib.RecordUpdater.  Try doing (cd /home/travis/build/icyphy/ptII/doc/test/../../doc; rm codeDoc/ptolemy/actor/lib/Ramp.xml codeDoc/ptolemy/actor/lib/RampIdx.xml; make docs)} {
Failed to find javadoc for ptolemy.actor.lib.RecordUpdater} {
Failed to find source for ptolemy.actor.lib.RecordUpdater} {
Failed to find ptdoc for ptolemy.actor.lib.Sampler.  Try doing (cd /home/travis/build/icyphy/ptII/doc/test/../../doc; rm codeDoc/ptolemy/actor/lib/Ramp.xml codeDoc/ptolemy/actor/lib/RampIdx.xml; make docs)} {
Failed to find javadoc for ptolemy.actor.lib.Sampler} {
Failed to find source for ptolemy.actor.lib.Sampler} {
Failed to find ptdoc for ptolemy.actor.lib.Select.  Try doing (cd /home/travis/build/icyphy/ptII/doc/test/../../doc; rm codeDoc/ptolemy/actor/lib/Ramp.xml codeDoc/ptolemy/actor/lib/RampIdx.xml; make docs)} {
Failed to find javadoc for ptolemy.actor.lib.Select} {
Failed to find source for ptolemy.actor.lib.Select} {
Failed to find ptdoc for ptolemy.actor.lib.SingleTokenCommutator.  Try doing (cd /home/travis/build/icyphy/ptII/doc/test/../../doc; rm codeDoc/ptolemy/actor/lib/Ramp.xml codeDoc/ptolemy/actor/lib/RampIdx.xml; make docs)} {
Failed to find javadoc for ptolemy.actor.lib.SingleTokenCommutator} {
Failed to find source for ptolemy.actor.lib.SingleTokenCommutator} {
Failed to find ptdoc for ptolemy.actor.lib.Switch.  Try doing (cd /home/travis/build/icyphy/ptII/doc/test/../../doc; rm codeDoc/ptolemy/actor/lib/Ramp.xml codeDoc/ptolemy/actor/lib/RampIdx.xml; make docs)} {
Failed to find javadoc for ptolemy.actor.lib.Switch} {
Failed to find source for ptolemy.actor.lib.Switch} {
Failed to find ptdoc for ptolemy.actor.lib.Synchronizer.  Try doing (cd /home/travis/build/icyphy/ptII/doc/test/../../doc; rm codeDoc/ptolemy/actor/lib/Ramp.xml codeDoc/ptolemy/actor/lib/RampIdx.xml; make docs)} {
Failed to find javadoc for ptolemy.actor.lib.Synchronizer} {
Failed to find source for ptolemy.actor.lib.Synchronizer} {
Failed to find ptdoc for ptolemy.actor.lib.UnionDisassembler.  Try doing (cd /home/travis/build/icyphy/ptII/doc/test/../../doc; rm codeDoc/ptolemy/actor/lib/Ramp.xml codeDoc/ptolemy/actor/lib/RampIdx.xml; make docs)} {
Failed to find javadoc for ptolemy.actor.lib.UnionDisassembler} {
Failed to find source for ptolemy.actor.lib.UnionDisassembler} {
Failed to find ptdoc for ptolemy.actor.lib.UnionMerge.  Try doing (cd /home/travis/build/icyphy/ptII/doc/test/../../doc; rm codeDoc/ptolemy/actor/lib/Ramp.xml codeDoc/ptolemy/actor/lib/RampIdx.xml; make docs)} {
Failed to find javadoc for ptolemy.actor.lib.UnionMerge} {
Failed to find source for ptolemy.actor.lib.UnionMerge} {
Failed to find ptdoc for ptolemy.actor.lib.VectorAssembler.  Try doing (cd /home/travis/build/icyphy/ptII/doc/test/../../doc; rm codeDoc/ptolemy/actor/lib/Ramp.xml codeDoc/ptolemy/actor/lib/RampIdx.xml; make docs)} {
Failed to find javadoc for ptolemy.actor.lib.VectorAssembler} {
Failed to find source for ptolemy.actor.lib.VectorAssembler} {
Failed to find ptdoc for ptolemy.actor.lib.VectorDisassembler.  Try doing (cd /home/travis/build/icyphy/ptII/doc/test/../../doc; rm codeDoc/ptolemy/actor/lib/Ramp.xml codeDoc/ptolemy/actor/lib/RampIdx.xml; make docs)} {
Failed to find javadoc for ptolemy.actor.lib.VectorDisassembler} {
Failed to find source for ptolemy.actor.lib.VectorDisassembler} {
Failed to find ptdoc for ptolemy.actor.lib.BooleanMultiplexor.  Try doing (cd /home/travis/build/icyphy/ptII/doc/test/../../doc; rm codeDoc/ptolemy/actor/lib/Ramp.xml codeDoc/ptolemy/actor/lib/RampIdx.xml; make docs)} {
Failed to find javadoc for ptolemy.actor.lib.BooleanMultiplexor} {
Failed to find source for ptolemy.actor.lib.BooleanMultiplexor} {
Failed to find ptdoc for ptolemy.actor.lib.BooleanSelect.  Try doing (cd /home/travis/build/icyphy/ptII/doc/test/../../doc; rm codeDoc/ptolemy/actor/lib/Ramp.xml codeDoc/ptolemy/actor/lib/RampIdx.xml; make docs)} {
Failed to find javadoc for ptolemy.actor.lib.BooleanSelect} {
Failed to find source for ptolemy.actor.lib.BooleanSelect} {
Failed to find ptdoc for ptolemy.actor.lib.BooleanSwitch.  Try doing (cd /home/travis/build/icyphy/ptII/doc/test/../../doc; rm codeDoc/ptolemy/actor/lib/Ramp.xml codeDoc/ptolemy/actor/lib/RampIdx.xml; make docs)} {
Failed to find javadoc for ptolemy.actor.lib.BooleanSwitch} {
Failed to find source for ptolemy.actor.lib.BooleanSwitch} {
Failed to find ptdoc for ptolemy.actor.lib.ConfigurationSelect.  Try doing (cd /home/travis/build/icyphy/ptII/doc/test/../../doc; rm codeDoc/ptolemy/actor/lib/Ramp.xml codeDoc/ptolemy/actor/lib/RampIdx.xml; make docs)} {
Failed to find javadoc for ptolemy.actor.lib.ConfigurationSelect} {
Failed to find source for ptolemy.actor.lib.ConfigurationSelect} {
Failed to find ptdoc for ptolemy.actor.lib.ConfigurationSwitch.  Try doing (cd /home/travis/build/icyphy/ptII/doc/test/../../doc; rm codeDoc/ptolemy/actor/lib/Ramp.xml codeDoc/ptolemy/actor/lib/RampIdx.xml; make docs)} {
Failed to find javadoc for ptolemy.actor.lib.ConfigurationSwitch} {
Failed to find source for ptolemy.actor.lib.ConfigurationSwitch} {
Failed to find ptdoc for ptolemy.domains.sdf.lib.CountTrues.  Try doing (cd /home/travis/build/icyphy/ptII/doc/test/../../doc; rm codeDoc/ptolemy/actor/lib/Ramp.xml codeDoc/ptolemy/actor/lib/RampIdx.xml; make docs)} {
Failed to find javadoc for ptolemy.domains.sdf.lib.CountTrues} {
Failed to find source for ptolemy.domains.sdf.lib.CountTrues} {
Failed to find ptdoc for ptolemy.domains.sdf.lib.Chop.  Try doing (cd /home/travis/build/icyphy/ptII/doc/test/../../doc; rm codeDoc/ptolemy/actor/lib/Ramp.xml codeDoc/ptolemy/actor/lib/RampIdx.xml; make docs)} {
Failed to find javadoc for ptolemy.domains.sdf.lib.Chop} {
Failed to find source for ptolemy.domains.sdf.lib.Chop} {
Failed to find ptdoc for ptolemy.actor.lib.Default.  Try doing (cd /home/travis/build/icyphy/ptII/doc/test/../../doc; rm codeDoc/ptolemy/actor/lib/Ramp.xml codeDoc/ptolemy/actor/lib/RampIdx.xml; make docs)} {
Failed to find javadoc for ptolemy.actor.lib.Default} {
Failed to find source for ptolemy.actor.lib.Default} {
Failed to find ptdoc for ptolemy.domains.sdf.lib.Repeat.  Try doing (cd /home/travis/build/icyphy/ptII/doc/test/../../doc; rm codeDoc/ptolemy/actor/lib/Ramp.xml codeDoc/ptolemy/actor/lib/RampIdx.xml; make docs)} {
Failed to find javadoc for ptolemy.domains.sdf.lib.Repeat} {
Failed to find source for ptolemy.domains.sdf.lib.Repeat} {
Failed to find ptdoc for ptolemy.domains.sdf.lib.SampleDelay.  Try doing (cd /home/travis/build/icyphy/ptII/doc/test/../../doc; rm codeDoc/ptolemy/actor/lib/Ramp.xml codeDoc/ptolemy/actor/lib/RampIdx.xml; make docs)} {
Failed to find javadoc for ptolemy.domains.sdf.lib.SampleDelay} {
Failed to find source for ptolemy.domains.sdf.lib.SampleDelay} {
Failed to find ptdoc for ptolemy.actor.lib.Sequencer.  Try doing (cd /home/travis/build/icyphy/ptII/doc/test/../../doc; rm codeDoc/ptolemy/actor/lib/Ramp.xml codeDoc/ptolemy/actor/lib/RampIdx.xml; make docs)} {
Failed to find javadoc for ptolemy.actor.lib.Sequencer} {
Failed to find source for ptolemy.actor.lib.Sequencer} {
Failed to find ptdoc for ptolemy.actor.lib.Exit.  Try doing (cd /home/travis/build/icyphy/ptII/doc/test/../../doc; rm codeDoc/ptolemy/actor/lib/Ramp.xml codeDoc/ptolemy/actor/lib/RampIdx.xml; make docs)} {
Failed to find javadoc for ptolemy.actor.lib.Exit} {
Failed to find source for ptolemy.actor.lib.Exit} {
Failed to find ptdoc for ptolemy.actor.lib.Stop.  Try doing (cd /home/travis/build/icyphy/ptII/doc/test/../../doc; rm codeDoc/ptolemy/actor/lib/Ramp.xml codeDoc/ptolemy/actor/lib/RampIdx.xml; make docs)} {
Failed to find javadoc for ptolemy.actor.lib.Stop} {
Failed to find source for ptolemy.actor.lib.Stop} {
Failed to find ptdoc for ptolemy.actor.lib.Pause.  Try doing (cd /home/travis/build/icyphy/ptII/doc/test/../../doc; rm codeDoc/ptolemy/actor/lib/Ramp.xml codeDoc/ptolemy/actor/lib/RampIdx.xml; make docs)} {
Failed to find javadoc for ptolemy.actor.lib.Pause} {
Failed to find source for ptolemy.actor.lib.Pause} {
Failed to find ptdoc for ptolemy.actor.lib.ThrowException.  Try doing (cd /home/travis/build/icyphy/ptII/doc/test/../../doc; rm codeDoc/ptolemy/actor/lib/Ramp.xml codeDoc/ptolemy/actor/lib/RampIdx.xml; make docs)} {
Failed to find javadoc for ptolemy.actor.lib.ThrowException} {
Failed to find source for ptolemy.actor.lib.ThrowException} {
Failed to find ptdoc for ptolemy.actor.lib.ThrowModelError.  Try doing (cd /home/travis/build/icyphy/ptII/doc/test/../../doc; rm codeDoc/ptolemy/actor/lib/Ramp.xml codeDoc/ptolemy/actor/lib/RampIdx.xml; make docs)} {
Failed to find javadoc for ptolemy.actor.lib.ThrowModelError} {
Failed to find source for ptolemy.actor.lib.ThrowModelError} {
Failed to find ptdoc for ptolemy.actor.lib.Dictionary.  Try doing (cd /home/travis/build/icyphy/ptII/doc/test/../../doc; rm codeDoc/ptolemy/actor/lib/Ramp.xml codeDoc/ptolemy/actor/lib/RampIdx.xml; make docs)} {
Failed to find javadoc for ptolemy.actor.lib.Dictionary} {
Failed to find source for ptolemy.actor.lib.Dictionary} {
Failed to find ptdoc for ptolemy.actor.lib.gui.ArrowKeySensor.  Try doing (cd /home/travis/build/icyphy/ptII/doc/test/../../doc; rm codeDoc/ptolemy/actor/lib/Ramp.xml codeDoc/ptolemy/actor/lib/RampIdx.xml; make docs)} {
Failed to find javadoc for ptolemy.actor.lib.gui.ArrowKeySensor} {
Failed to find source for ptolemy.actor.lib.gui.ArrowKeySensor} {
Failed to find ptdoc for ptolemy.actor.lib.io.CSVReader.  Try doing (cd /home/travis/build/icyphy/ptII/doc/test/../../doc; rm codeDoc/ptolemy/actor/lib/Ramp.xml codeDoc/ptolemy/actor/lib/RampIdx.xml; make docs)} {
Failed to find javadoc for ptolemy.actor.lib.io.CSVReader} {
Failed to find source for ptolemy.actor.lib.io.CSVReader} {
Failed to find ptdoc for ptolemy.actor.lib.io.CSVWriter.  Try doing (cd /home/travis/build/icyphy/ptII/doc/test/../../doc; rm codeDoc/ptolemy/actor/lib/Ramp.xml codeDoc/ptolemy/actor/lib/RampIdx.xml; make docs)} {
Failed to find javadoc for ptolemy.actor.lib.io.CSVWriter} {
Failed to find source for ptolemy.actor.lib.io.CSVWriter} {
Failed to find ptdoc for ptolemy.actor.lib.net.DatagramReader.  Try doing (cd /home/travis/build/icyphy/ptII/doc/test/../../doc; rm codeDoc/ptolemy/actor/lib/Ramp.xml codeDoc/ptolemy/actor/lib/RampIdx.xml; make docs)} {
Failed to find javadoc for ptolemy.actor.lib.net.DatagramReader} {
Failed to find source for ptolemy.actor.lib.net.DatagramReader} {
Failed to find ptdoc for ptolemy.actor.lib.net.DatagramWriter.  Try doing (cd /home/travis/build/icyphy/ptII/doc/test/../../doc; rm codeDoc/ptolemy/actor/lib/Ramp.xml codeDoc/ptolemy/actor/lib/RampIdx.xml; make docs)} {
Failed to find javadoc for ptolemy.actor.lib.net.DatagramWriter} {
Failed to find source for ptolemy.actor.lib.net.DatagramWriter} {
Failed to find ptdoc for ptolemy.actor.lib.io.DirectoryListing.  Try doing (cd /home/travis/build/icyphy/ptII/doc/test/../../doc; rm codeDoc/ptolemy/actor/lib/Ramp.xml codeDoc/ptolemy/actor/lib/RampIdx.xml; make docs)} {
Failed to find javadoc for ptolemy.actor.lib.io.DirectoryListing} {
Failed to find source for ptolemy.actor.lib.io.DirectoryListing} {
Failed to find ptdoc for ptolemy.actor.lib.io.FileReader.  Try doing (cd /home/travis/build/icyphy/ptII/doc/test/../../doc; rm codeDoc/ptolemy/actor/lib/Ramp.xml codeDoc/ptolemy/actor/lib/RampIdx.xml; make docs)} {
Failed to find javadoc for ptolemy.actor.lib.io.FileReader} {
Failed to find source for ptolemy.actor.lib.io.FileReader} {
Failed to find ptdoc for ptolemy.actor.lib.net.IPAddress.  Try doing (cd /home/travis/build/icyphy/ptII/doc/test/../../doc; rm codeDoc/ptolemy/actor/lib/Ramp.xml codeDoc/ptolemy/actor/lib/RampIdx.xml; make docs)} {
Failed to find javadoc for ptolemy.actor.lib.net.IPAddress} {
Failed to find source for ptolemy.actor.lib.net.IPAddress} {
Failed to find ptdoc for ptolemy.actor.lib.FileWriter.  Try doing (cd /home/travis/build/icyphy/ptII/doc/test/../../doc; rm codeDoc/ptolemy/actor/lib/Ramp.xml codeDoc/ptolemy/actor/lib/RampIdx.xml; make docs)} {
Failed to find javadoc for ptolemy.actor.lib.FileWriter} {
Failed to find source for ptolemy.actor.lib.FileWriter} {
Failed to find ptdoc for ptolemy.actor.lib.io.LineReader.  Try doing (cd /home/travis/build/icyphy/ptII/doc/test/../../doc; rm codeDoc/ptolemy/actor/lib/Ramp.xml codeDoc/ptolemy/actor/lib/RampIdx.xml; make docs)} {
Failed to find javadoc for ptolemy.actor.lib.io.LineReader} {
Failed to find source for ptolemy.actor.lib.io.LineReader} {
Failed to find ptdoc for ptolemy.actor.lib.io.LineWriter.  Try doing (cd /home/travis/build/icyphy/ptII/doc/test/../../doc; rm codeDoc/ptolemy/actor/lib/Ramp.xml codeDoc/ptolemy/actor/lib/RampIdx.xml; make docs)} {
Failed to find javadoc for ptolemy.actor.lib.io.LineWriter} {
Failed to find source for ptolemy.actor.lib.io.LineWriter} {
Failed to find ptdoc for ptolemy.actor.lib.logic.Comparator.  Try doing (cd /home/travis/build/icyphy/ptII/doc/test/../../doc; rm codeDoc/ptolemy/actor/lib/Ramp.xml codeDoc/ptolemy/actor/lib/RampIdx.xml; make docs)} {
Failed to find javadoc for ptolemy.actor.lib.logic.Comparator} {
Failed to find source for ptolemy.actor.lib.logic.Comparator} {
Failed to find ptdoc for ptolemy.actor.lib.logic.Equals.  Try doing (cd /home/travis/build/icyphy/ptII/doc/test/../../doc; rm codeDoc/ptolemy/actor/lib/Ramp.xml codeDoc/ptolemy/actor/lib/RampIdx.xml; make docs)} {
Failed to find javadoc for ptolemy.actor.lib.logic.Equals} {
Failed to find source for ptolemy.actor.lib.logic.Equals} {
Failed to find ptdoc for ptolemy.actor.lib.logic.IsPresent.  Try doing (cd /home/travis/build/icyphy/ptII/doc/test/../../doc; rm codeDoc/ptolemy/actor/lib/Ramp.xml codeDoc/ptolemy/actor/lib/RampIdx.xml; make docs)} {
Failed to find javadoc for ptolemy.actor.lib.logic.IsPresent} {
Failed to find source for ptolemy.actor.lib.logic.IsPresent} {
Failed to find ptdoc for ptolemy.actor.lib.logic.LogicalNot.  Try doing (cd /home/travis/build/icyphy/ptII/doc/test/../../doc; rm codeDoc/ptolemy/actor/lib/Ramp.xml codeDoc/ptolemy/actor/lib/RampIdx.xml; make docs)} {
Failed to find javadoc for ptolemy.actor.lib.logic.LogicalNot} {
Failed to find source for ptolemy.actor.lib.logic.LogicalNot} {
Failed to find ptdoc for ptolemy.actor.lib.logic.LogicGate.  Try doing (cd /home/travis/build/icyphy/ptII/doc/test/../../doc; rm codeDoc/ptolemy/actor/lib/Ramp.xml codeDoc/ptolemy/actor/lib/RampIdx.xml; make docs)} {
Failed to find javadoc for ptolemy.actor.lib.logic.LogicGate} {
Failed to find source for ptolemy.actor.lib.logic.LogicGate} {
Failed to find ptdoc for ptolemy.actor.lib.logic.TrueGate.  Try doing (cd /home/travis/build/icyphy/ptII/doc/test/../../doc; rm codeDoc/ptolemy/actor/lib/Ramp.xml codeDoc/ptolemy/actor/lib/RampIdx.xml; make docs)} {
Failed to find javadoc for ptolemy.actor.lib.logic.TrueGate} {
Failed to find source for ptolemy.actor.lib.logic.TrueGate} {
Failed to find ptdoc for ptolemy.actor.lib.AbsoluteValue.  Try doing (cd /home/travis/build/icyphy/ptII/doc/test/../../doc; rm codeDoc/ptolemy/actor/lib/Ramp.xml codeDoc/ptolemy/actor/lib/RampIdx.xml; make docs)} {
Failed to find javadoc for ptolemy.actor.lib.AbsoluteValue} {
Failed to find source for ptolemy.actor.lib.AbsoluteValue} {
Failed to find ptdoc for ptolemy.actor.lib.AddSubtract.  Try doing (cd /home/travis/build/icyphy/ptII/doc/test/../../doc; rm codeDoc/ptolemy/actor/lib/Ramp.xml codeDoc/ptolemy/actor/lib/RampIdx.xml; make docs)} {
Failed to find javadoc for ptolemy.actor.lib.AddSubtract} {
Failed to find source for ptolemy.actor.lib.AddSubtract} {
Failed to find ptdoc for ptolemy.actor.lib.Accumulator.  Try doing (cd /home/travis/build/icyphy/ptII/doc/test/../../doc; rm codeDoc/ptolemy/actor/lib/Ramp.xml codeDoc/ptolemy/actor/lib/RampIdx.xml; make docs)} {
Failed to find javadoc for ptolemy.actor.lib.Accumulator} {
Failed to find source for ptolemy.actor.lib.Accumulator} {
Failed to find ptdoc for ptolemy.actor.lib.Average.  Try doing (cd /home/travis/build/icyphy/ptII/doc/test/../../doc; rm codeDoc/ptolemy/actor/lib/Ramp.xml codeDoc/ptolemy/actor/lib/RampIdx.xml; make docs)} {
Failed to find javadoc for ptolemy.actor.lib.Average} {
Failed to find source for ptolemy.actor.lib.Average} {
Failed to find ptdoc for ptolemy.actor.lib.Counter.  Try doing (cd /home/travis/build/icyphy/ptII/doc/test/../../doc; rm codeDoc/ptolemy/actor/lib/Ramp.xml codeDoc/ptolemy/actor/lib/RampIdx.xml; make docs)} {
Failed to find javadoc for ptolemy.actor.lib.Counter} {
Failed to find source for ptolemy.actor.lib.Counter} {
Failed to find ptdoc for ptolemy.actor.lib.Differential.  Try doing (cd /home/travis/build/icyphy/ptII/doc/test/../../doc; rm codeDoc/ptolemy/actor/lib/Ramp.xml codeDoc/ptolemy/actor/lib/RampIdx.xml; make docs)} {
Failed to find javadoc for ptolemy.actor.lib.Differential} {
Failed to find source for ptolemy.actor.lib.Differential} {
Failed to find ptdoc for ptolemy.domains.sdf.lib.DotProduct.  Try doing (cd /home/travis/build/icyphy/ptII/doc/test/../../doc; rm codeDoc/ptolemy/actor/lib/Ramp.xml codeDoc/ptolemy/actor/lib/RampIdx.xml; make docs)} {
Failed to find javadoc for ptolemy.domains.sdf.lib.DotProduct} {
Failed to find source for ptolemy.domains.sdf.lib.DotProduct} {
Failed to find ptdoc for ptolemy.actor.lib.Expression.  Try doing (cd /home/travis/build/icyphy/ptII/doc/test/../../doc; rm codeDoc/ptolemy/actor/lib/Ramp.xml codeDoc/ptolemy/actor/lib/RampIdx.xml; make docs)} {
Failed to find javadoc for ptolemy.actor.lib.Expression} {
Failed to find source for ptolemy.actor.lib.Expression} {
Failed to find ptdoc for ptolemy.actor.lib.Limiter.  Try doing (cd /home/travis/build/icyphy/ptII/doc/test/../../doc; rm codeDoc/ptolemy/actor/lib/Ramp.xml codeDoc/ptolemy/actor/lib/RampIdx.xml; make docs)} {
Failed to find javadoc for ptolemy.actor.lib.Limiter} {
Failed to find source for ptolemy.actor.lib.Limiter} {
Failed to find ptdoc for ptolemy.actor.lib.LookupTable.  Try doing (cd /home/travis/build/icyphy/ptII/doc/test/../../doc; rm codeDoc/ptolemy/actor/lib/Ramp.xml codeDoc/ptolemy/actor/lib/RampIdx.xml; make docs)} {
Failed to find javadoc for ptolemy.actor.lib.LookupTable} {
Failed to find source for ptolemy.actor.lib.LookupTable} {
Failed to find ptdoc for ptolemy.actor.lib.Maximum.  Try doing (cd /home/travis/build/icyphy/ptII/doc/test/../../doc; rm codeDoc/ptolemy/actor/lib/Ramp.xml codeDoc/ptolemy/actor/lib/RampIdx.xml; make docs)} {
Failed to find javadoc for ptolemy.actor.lib.Maximum} {
Failed to find source for ptolemy.actor.lib.Maximum} {
Failed to find ptdoc for ptolemy.actor.lib.Minimum.  Try doing (cd /home/travis/build/icyphy/ptII/doc/test/../../doc; rm codeDoc/ptolemy/actor/lib/Ramp.xml codeDoc/ptolemy/actor/lib/RampIdx.xml; make docs)} {
Failed to find javadoc for ptolemy.actor.lib.Minimum} {
Failed to find source for ptolemy.actor.lib.Minimum} {
Failed to find ptdoc for ptolemy.actor.lib.MovingAverage.  Try doing (cd /home/travis/build/icyphy/ptII/doc/test/../../doc; rm codeDoc/ptolemy/actor/lib/Ramp.xml codeDoc/ptolemy/actor/lib/RampIdx.xml; make docs)} {
Failed to find javadoc for ptolemy.actor.lib.MovingAverage} {
Failed to find source for ptolemy.actor.lib.MovingAverage} {
Failed to find ptdoc for ptolemy.actor.lib.MultiplyDivide.  Try doing (cd /home/travis/build/icyphy/ptII/doc/test/../../doc; rm codeDoc/ptolemy/actor/lib/Ramp.xml codeDoc/ptolemy/actor/lib/RampIdx.xml; make docs)} {
Failed to find javadoc for ptolemy.actor.lib.MultiplyDivide} {
Failed to find source for ptolemy.actor.lib.MultiplyDivide} {
Failed to find ptdoc for ptolemy.actor.lib.Quantizer.  Try doing (cd /home/travis/build/icyphy/ptII/doc/test/../../doc; rm codeDoc/ptolemy/actor/lib/Ramp.xml codeDoc/ptolemy/actor/lib/RampIdx.xml; make docs)} {
Failed to find javadoc for ptolemy.actor.lib.Quantizer} {
Failed to find source for ptolemy.actor.lib.Quantizer} {
Failed to find ptdoc for ptolemy.actor.lib.Remainder.  Try doing (cd /home/travis/build/icyphy/ptII/doc/test/../../doc; rm codeDoc/ptolemy/actor/lib/Ramp.xml codeDoc/ptolemy/actor/lib/RampIdx.xml; make docs)} {
Failed to find javadoc for ptolemy.actor.lib.Remainder} {
Failed to find source for ptolemy.actor.lib.Remainder} {
Failed to find ptdoc for ptolemy.actor.lib.RunningMaximum.  Try doing (cd /home/travis/build/icyphy/ptII/doc/test/../../doc; rm codeDoc/ptolemy/actor/lib/Ramp.xml codeDoc/ptolemy/actor/lib/RampIdx.xml; make docs)} {
Failed to find javadoc for ptolemy.actor.lib.RunningMaximum} {
Failed to find source for ptolemy.actor.lib.RunningMaximum} {
Failed to find ptdoc for ptolemy.actor.lib.RunningMinimum.  Try doing (cd /home/travis/build/icyphy/ptII/doc/test/../../doc; rm codeDoc/ptolemy/actor/lib/Ramp.xml codeDoc/ptolemy/actor/lib/RampIdx.xml; make docs)} {
Failed to find javadoc for ptolemy.actor.lib.RunningMinimum} {
Failed to find source for ptolemy.actor.lib.RunningMinimum} {
Failed to find ptdoc for ptolemy.actor.lib.Scale.  Try doing (cd /home/travis/build/icyphy/ptII/doc/test/../../doc; rm codeDoc/ptolemy/actor/lib/Ramp.xml codeDoc/ptolemy/actor/lib/RampIdx.xml; make docs)} {
Failed to find javadoc for ptolemy.actor.lib.Scale} {
Failed to find source for ptolemy.actor.lib.Scale} {
Failed to find ptdoc for ptolemy.actor.lib.TrigFunction.  Try doing (cd /home/travis/build/icyphy/ptII/doc/test/../../doc; rm codeDoc/ptolemy/actor/lib/Ramp.xml codeDoc/ptolemy/actor/lib/RampIdx.xml; make docs)} {
Failed to find javadoc for ptolemy.actor.lib.TrigFunction} {
Failed to find source for ptolemy.actor.lib.TrigFunction} {
Failed to find ptdoc for ptolemy.actor.lib.UnaryMathFunction.  Try doing (cd /home/travis/build/icyphy/ptII/doc/test/../../doc; rm codeDoc/ptolemy/actor/lib/Ramp.xml codeDoc/ptolemy/actor/lib/RampIdx.xml; make docs)} {
Failed to find javadoc for ptolemy.actor.lib.UnaryMathFunction} {
Failed to find source for ptolemy.actor.lib.UnaryMathFunction} {
Failed to find ptdoc for ptolemy.actor.lib.ArrayToMatrix.  Try doing (cd /home/travis/build/icyphy/ptII/doc/test/../../doc; rm codeDoc/ptolemy/actor/lib/Ramp.xml codeDoc/ptolemy/actor/lib/RampIdx.xml; make docs)} {
Failed to find javadoc for ptolemy.actor.lib.ArrayToMatrix} {
Failed to find source for ptolemy.actor.lib.ArrayToMatrix} {
Failed to find ptdoc for ptolemy.domains.sdf.lib.MatrixJoin.  Try doing (cd /home/travis/build/icyphy/ptII/doc/test/../../doc; rm codeDoc/ptolemy/actor/lib/Ramp.xml codeDoc/ptolemy/actor/lib/RampIdx.xml; make docs)} {
Failed to find javadoc for ptolemy.domains.sdf.lib.MatrixJoin} {
Failed to find source for ptolemy.domains.sdf.lib.MatrixJoin} {
Failed to find ptdoc for ptolemy.domains.sdf.lib.MatrixSplit.  Try doing (cd /home/travis/build/icyphy/ptII/doc/test/../../doc; rm codeDoc/ptolemy/actor/lib/Ramp.xml codeDoc/ptolemy/actor/lib/RampIdx.xml; make docs)} {
Failed to find javadoc for ptolemy.domains.sdf.lib.MatrixSplit} {
Failed to find source for ptolemy.domains.sdf.lib.MatrixSplit} {
Failed to find ptdoc for ptolemy.actor.lib.MatrixToArray.  Try doing (cd /home/travis/build/icyphy/ptII/doc/test/../../doc; rm codeDoc/ptolemy/actor/lib/Ramp.xml codeDoc/ptolemy/actor/lib/RampIdx.xml; make docs)} {
Failed to find javadoc for ptolemy.actor.lib.MatrixToArray} {
Failed to find source for ptolemy.actor.lib.MatrixToArray} {
Failed to find ptdoc for ptolemy.domains.sdf.lib.MatrixToSequence.  Try doing (cd /home/travis/build/icyphy/ptII/doc/test/../../doc; rm codeDoc/ptolemy/actor/lib/Ramp.xml codeDoc/ptolemy/actor/lib/RampIdx.xml; make docs)} {
Failed to find javadoc for ptolemy.domains.sdf.lib.MatrixToSequence} {
Failed to find source for ptolemy.domains.sdf.lib.MatrixToSequence} {
Failed to find ptdoc for ptolemy.actor.lib.gui.MatrixViewer.  Try doing (cd /home/travis/build/icyphy/ptII/doc/test/../../doc; rm codeDoc/ptolemy/actor/lib/Ramp.xml codeDoc/ptolemy/actor/lib/RampIdx.xml; make docs)} {
Failed to find javadoc for ptolemy.actor.lib.gui.MatrixViewer} {
Failed to find source for ptolemy.actor.lib.gui.MatrixViewer} {
Failed to find ptdoc for ptolemy.domains.sdf.lib.SequenceToMatrix.  Try doing (cd /home/travis/build/icyphy/ptII/doc/test/../../doc; rm codeDoc/ptolemy/actor/lib/Ramp.xml codeDoc/ptolemy/actor/lib/RampIdx.xml; make docs)} {
Failed to find javadoc for ptolemy.domains.sdf.lib.SequenceToMatrix} {
Failed to find source for ptolemy.domains.sdf.lib.SequenceToMatrix} {
Failed to find ptdoc for ptolemy.actor.lib.SubMatrix.  Try doing (cd /home/travis/build/icyphy/ptII/doc/test/../../doc; rm codeDoc/ptolemy/actor/lib/Ramp.xml codeDoc/ptolemy/actor/lib/RampIdx.xml; make docs)} {
Failed to find javadoc for ptolemy.actor.lib.SubMatrix} {
Failed to find source for ptolemy.actor.lib.SubMatrix} {
Failed to find ptdoc for ptolemy.actor.lib.Bernoulli.  Try doing (cd /home/travis/build/icyphy/ptII/doc/test/../../doc; rm codeDoc/ptolemy/actor/lib/Ramp.xml codeDoc/ptolemy/actor/lib/RampIdx.xml; make docs)} {
Failed to find javadoc for ptolemy.actor.lib.Bernoulli} {
Failed to find source for ptolemy.actor.lib.Bernoulli} {
Failed to find ptdoc for ptolemy.actor.lib.DiscreteRandomSource.  Try doing (cd /home/travis/build/icyphy/ptII/doc/test/../../doc; rm codeDoc/ptolemy/actor/lib/Ramp.xml codeDoc/ptolemy/actor/lib/RampIdx.xml; make docs)} {
Failed to find javadoc for ptolemy.actor.lib.DiscreteRandomSource} {
Failed to find source for ptolemy.actor.lib.DiscreteRandomSource} {
Failed to find ptdoc for ptolemy.actor.lib.Gaussian.  Try doing (cd /home/travis/build/icyphy/ptII/doc/test/../../doc; rm codeDoc/ptolemy/actor/lib/Ramp.xml codeDoc/ptolemy/actor/lib/RampIdx.xml; make docs)} {
Failed to find javadoc for ptolemy.actor.lib.Gaussian} {
Failed to find source for ptolemy.actor.lib.Gaussian} {
Failed to find ptdoc for ptolemy.actor.lib.RandomInteger.  Try doing (cd /home/travis/build/icyphy/ptII/doc/test/../../doc; rm codeDoc/ptolemy/actor/lib/Ramp.xml codeDoc/ptolemy/actor/lib/RampIdx.xml; make docs)} {
Failed to find javadoc for ptolemy.actor.lib.RandomInteger} {
Failed to find source for ptolemy.actor.lib.RandomInteger} {
Failed to find ptdoc for ptolemy.actor.lib.Rician.  Try doing (cd /home/travis/build/icyphy/ptII/doc/test/../../doc; rm codeDoc/ptolemy/actor/lib/Ramp.xml codeDoc/ptolemy/actor/lib/RampIdx.xml; make docs)} {
Failed to find javadoc for ptolemy.actor.lib.Rician} {
Failed to find source for ptolemy.actor.lib.Rician} {
Failed to find ptdoc for ptolemy.actor.lib.Triangular.  Try doing (cd /home/travis/build/icyphy/ptII/doc/test/../../doc; rm codeDoc/ptolemy/actor/lib/Ramp.xml codeDoc/ptolemy/actor/lib/RampIdx.xml; make docs)} {
Failed to find javadoc for ptolemy.actor.lib.Triangular} {
Failed to find source for ptolemy.actor.lib.Triangular} {
Failed to find ptdoc for ptolemy.actor.lib.Uniform.  Try doing (cd /home/travis/build/icyphy/ptII/doc/test/../../doc; rm codeDoc/ptolemy/actor/lib/Ramp.xml codeDoc/ptolemy/actor/lib/RampIdx.xml; make docs)} {
Failed to find javadoc for ptolemy.actor.lib.Uniform} {
Failed to find source for ptolemy.actor.lib.Uniform} {
Failed to find ptdoc for ptolemy.actor.lib.colt.ColtBeta.  Try doing (cd /home/travis/build/icyphy/ptII/doc/test/../../doc; rm codeDoc/ptolemy/actor/lib/Ramp.xml codeDoc/ptolemy/actor/lib/RampIdx.xml; make docs)} {
Failed to find javadoc for ptolemy.actor.lib.colt.ColtBeta} {
Failed to find source for ptolemy.actor.lib.colt.ColtBeta} {
Failed to find ptdoc for ptolemy.actor.lib.colt.ColtBinomial.  Try doing (cd /home/travis/build/icyphy/ptII/doc/test/../../doc; rm codeDoc/ptolemy/actor/lib/Ramp.xml codeDoc/ptolemy/actor/lib/RampIdx.xml; make docs)} {
Failed to find javadoc for ptolemy.actor.lib.colt.ColtBinomial} {
Failed to find source for ptolemy.actor.lib.colt.ColtBinomial} {
Failed to find ptdoc for ptolemy.actor.lib.colt.ColtBinomialSelector.  Try doing (cd /home/travis/build/icyphy/ptII/doc/test/../../doc; rm codeDoc/ptolemy/actor/lib/Ramp.xml codeDoc/ptolemy/actor/lib/RampIdx.xml; make docs)} {
Failed to find javadoc for ptolemy.actor.lib.colt.ColtBinomialSelector} {
Failed to find source for ptolemy.actor.lib.colt.ColtBinomialSelector} {
Failed to find ptdoc for ptolemy.actor.lib.colt.ColtBreitWigner.  Try doing (cd /home/travis/build/icyphy/ptII/doc/test/../../doc; rm codeDoc/ptolemy/actor/lib/Ramp.xml codeDoc/ptolemy/actor/lib/RampIdx.xml; make docs)} {
Failed to find javadoc for ptolemy.actor.lib.colt.ColtBreitWigner} {
Failed to find source for ptolemy.actor.lib.colt.ColtBreitWigner} {
Failed to find ptdoc for ptolemy.actor.lib.colt.ColtChiSquare.  Try doing (cd /home/travis/build/icyphy/ptII/doc/test/../../doc; rm codeDoc/ptolemy/actor/lib/Ramp.xml codeDoc/ptolemy/actor/lib/RampIdx.xml; make docs)} {
Failed to find javadoc for ptolemy.actor.lib.colt.ColtChiSquare} {
Failed to find source for ptolemy.actor.lib.colt.ColtChiSquare} {
Failed to find ptdoc for ptolemy.actor.lib.colt.ColtExponential.  Try doing (cd /home/travis/build/icyphy/ptII/doc/test/../../doc; rm codeDoc/ptolemy/actor/lib/Ramp.xml codeDoc/ptolemy/actor/lib/RampIdx.xml; make docs)} {
Failed to find javadoc for ptolemy.actor.lib.colt.ColtExponential} {
Failed to find source for ptolemy.actor.lib.colt.ColtExponential} {
Failed to find ptdoc for ptolemy.actor.lib.colt.ColtExponentialPower.  Try doing (cd /home/travis/build/icyphy/ptII/doc/test/../../doc; rm codeDoc/ptolemy/actor/lib/Ramp.xml codeDoc/ptolemy/actor/lib/RampIdx.xml; make docs)} {
Failed to find javadoc for ptolemy.actor.lib.colt.ColtExponentialPower} {
Failed to find source for ptolemy.actor.lib.colt.ColtExponentialPower} {
Failed to find ptdoc for ptolemy.actor.lib.colt.ColtGamma.  Try doing (cd /home/travis/build/icyphy/ptII/doc/test/../../doc; rm codeDoc/ptolemy/actor/lib/Ramp.xml codeDoc/ptolemy/actor/lib/RampIdx.xml; make docs)} {
Failed to find javadoc for ptolemy.actor.lib.colt.ColtGamma} {
Failed to find source for ptolemy.actor.lib.colt.ColtGamma} {
Failed to find ptdoc for ptolemy.actor.lib.colt.ColtHyperGeometric.  Try doing (cd /home/travis/build/icyphy/ptII/doc/test/../../doc; rm codeDoc/ptolemy/actor/lib/Ramp.xml codeDoc/ptolemy/actor/lib/RampIdx.xml; make docs)} {
Failed to find javadoc for ptolemy.actor.lib.colt.ColtHyperGeometric} {
Failed to find source for ptolemy.actor.lib.colt.ColtHyperGeometric} {
Failed to find ptdoc for ptolemy.actor.lib.colt.ColtLogarithmic.  Try doing (cd /home/travis/build/icyphy/ptII/doc/test/../../doc; rm codeDoc/ptolemy/actor/lib/Ramp.xml codeDoc/ptolemy/actor/lib/RampIdx.xml; make docs)} {
Failed to find javadoc for ptolemy.actor.lib.colt.ColtLogarithmic} {
Failed to find source for ptolemy.actor.lib.colt.ColtLogarithmic} {
Failed to find ptdoc for ptolemy.actor.lib.colt.ColtNegativeBinomial.  Try doing (cd /home/travis/build/icyphy/ptII/doc/test/../../doc; rm codeDoc/ptolemy/actor/lib/Ramp.xml codeDoc/ptolemy/actor/lib/RampIdx.xml; make docs)} {
Failed to find javadoc for ptolemy.actor.lib.colt.ColtNegativeBinomial} {
Failed to find source for ptolemy.actor.lib.colt.ColtNegativeBinomial} {
Failed to find ptdoc for ptolemy.actor.lib.colt.ColtNormal.  Try doing (cd /home/travis/build/icyphy/ptII/doc/test/../../doc; rm codeDoc/ptolemy/actor/lib/Ramp.xml codeDoc/ptolemy/actor/lib/RampIdx.xml; make docs)} {
Failed to find javadoc for ptolemy.actor.lib.colt.ColtNormal} {
Failed to find source for ptolemy.actor.lib.colt.ColtNormal} {
Failed to find ptdoc for ptolemy.actor.lib.colt.ColtPoisson.  Try doing (cd /home/travis/build/icyphy/ptII/doc/test/../../doc; rm codeDoc/ptolemy/actor/lib/Ramp.xml codeDoc/ptolemy/actor/lib/RampIdx.xml; make docs)} {
Failed to find javadoc for ptolemy.actor.lib.colt.ColtPoisson} {
Failed to find source for ptolemy.actor.lib.colt.ColtPoisson} {
Failed to find ptdoc for ptolemy.actor.lib.colt.ColtPoissonSlow.  Try doing (cd /home/travis/build/icyphy/ptII/doc/test/../../doc; rm codeDoc/ptolemy/actor/lib/Ramp.xml codeDoc/ptolemy/actor/lib/RampIdx.xml; make docs)} {
Failed to find javadoc for ptolemy.actor.lib.colt.ColtPoissonSlow} {
Failed to find source for ptolemy.actor.lib.colt.ColtPoissonSlow} {
Failed to find ptdoc for ptolemy.actor.lib.colt.ColtStudentT.  Try doing (cd /home/travis/build/icyphy/ptII/doc/test/../../doc; rm codeDoc/ptolemy/actor/lib/Ramp.xml codeDoc/ptolemy/actor/lib/RampIdx.xml; make docs)} {
Failed to find javadoc for ptolemy.actor.lib.colt.ColtStudentT} {
Failed to find source for ptolemy.actor.lib.colt.ColtStudentT} {
Failed to find ptdoc for ptolemy.actor.lib.colt.ColtVonMises.  Try doing (cd /home/travis/build/icyphy/ptII/doc/test/../../doc; rm codeDoc/ptolemy/actor/lib/Ramp.xml codeDoc/ptolemy/actor/lib/RampIdx.xml; make docs)} {
Failed to find javadoc for ptolemy.actor.lib.colt.ColtVonMises} {
Failed to find source for ptolemy.actor.lib.colt.ColtVonMises} {
Failed to find ptdoc for ptolemy.actor.lib.colt.ColtZeta.  Try doing (cd /home/travis/build/icyphy/ptII/doc/test/../../doc; rm codeDoc/ptolemy/actor/lib/Ramp.xml codeDoc/ptolemy/actor/lib/RampIdx.xml; make docs)} {
Failed to find javadoc for ptolemy.actor.lib.colt.ColtZeta} {
Failed to find source for ptolemy.actor.lib.colt.ColtZeta} {
Failed to find ptdoc for ptolemy.actor.lib.DelayStart.  Try doing (cd /home/travis/build/icyphy/ptII/doc/test/../../doc; rm codeDoc/ptolemy/actor/lib/Ramp.xml codeDoc/ptolemy/actor/lib/RampIdx.xml; make docs)} {
Failed to find javadoc for ptolemy.actor.lib.DelayStart} {
Failed to find source for ptolemy.actor.lib.DelayStart} {
Failed to find ptdoc for ptolemy.actor.lib.ExecutionTime.  Try doing (cd /home/travis/build/icyphy/ptII/doc/test/../../doc; rm codeDoc/ptolemy/actor/lib/Ramp.xml codeDoc/ptolemy/actor/lib/RampIdx.xml; make docs)} {
Failed to find javadoc for ptolemy.actor.lib.ExecutionTime} {
Failed to find source for ptolemy.actor.lib.ExecutionTime} {
Failed to find ptdoc for ptolemy.actor.lib.gui.RealTimePlotter.  Try doing (cd /home/travis/build/icyphy/ptII/doc/test/../../doc; rm codeDoc/ptolemy/actor/lib/Ramp.xml codeDoc/ptolemy/actor/lib/RampIdx.xml; make docs)} {
Failed to find javadoc for ptolemy.actor.lib.gui.RealTimePlotter} {
Failed to find source for ptolemy.actor.lib.gui.RealTimePlotter} {
Failed to find ptdoc for ptolemy.actor.lib.Sleep.  Try doing (cd /home/travis/build/icyphy/ptII/doc/test/../../doc; rm codeDoc/ptolemy/actor/lib/Ramp.xml codeDoc/ptolemy/actor/lib/RampIdx.xml; make docs)} {
Failed to find javadoc for ptolemy.actor.lib.Sleep} {
Failed to find source for ptolemy.actor.lib.Sleep} {
Failed to find ptdoc for ptolemy.actor.lib.VariableSleep.  Try doing (cd /home/travis/build/icyphy/ptII/doc/test/../../doc; rm codeDoc/ptolemy/actor/lib/Ramp.xml codeDoc/ptolemy/actor/lib/RampIdx.xml; make docs)} {
Failed to find javadoc for ptolemy.actor.lib.VariableSleep} {
Failed to find source for ptolemy.actor.lib.VariableSleep} {
Failed to find ptdoc for ptolemy.actor.lib.WallClockTime.  Try doing (cd /home/travis/build/icyphy/ptII/doc/test/../../doc; rm codeDoc/ptolemy/actor/lib/Ramp.xml codeDoc/ptolemy/actor/lib/RampIdx.xml; make docs)} {
Failed to find javadoc for ptolemy.actor.lib.WallClockTime} {
Failed to find source for ptolemy.actor.lib.WallClockTime} {
Failed to find ptdoc for ptolemy.actor.lib.javasound.AudioCapture.  Try doing (cd /home/travis/build/icyphy/ptII/doc/test/../../doc; rm codeDoc/ptolemy/actor/lib/Ramp.xml codeDoc/ptolemy/actor/lib/RampIdx.xml; make docs)} {
Failed to find javadoc for ptolemy.actor.lib.javasound.AudioCapture} {
Failed to find source for ptolemy.actor.lib.javasound.AudioCapture} {
Failed to find ptdoc for ptolemy.actor.lib.javasound.AudioReader.  Try doing (cd /home/travis/build/icyphy/ptII/doc/test/../../doc; rm codeDoc/ptolemy/actor/lib/Ramp.xml codeDoc/ptolemy/actor/lib/RampIdx.xml; make docs)} {
Failed to find javadoc for ptolemy.actor.lib.javasound.AudioReader} {
Failed to find source for ptolemy.actor.lib.javasound.AudioReader} {
Failed to find ptdoc for ptolemy.actor.lib.javasound.AudioPlayer.  Try doing (cd /home/travis/build/icyphy/ptII/doc/test/../../doc; rm codeDoc/ptolemy/actor/lib/Ramp.xml codeDoc/ptolemy/actor/lib/RampIdx.xml; make docs)} {
Failed to find javadoc for ptolemy.actor.lib.javasound.AudioPlayer} {
Failed to find source for ptolemy.actor.lib.javasound.AudioPlayer} {
Failed to find ptdoc for ptolemy.actor.lib.javasound.AudioWriter.  Try doing (cd /home/travis/build/icyphy/ptII/doc/test/../../doc; rm codeDoc/ptolemy/actor/lib/Ramp.xml codeDoc/ptolemy/actor/lib/RampIdx.xml; make docs)} {
Failed to find javadoc for ptolemy.actor.lib.javasound.AudioWriter} {
Failed to find source for ptolemy.actor.lib.javasound.AudioWriter} {
Failed to find ptdoc for ptolemy.actor.lib.javasound.ClipPlayer.  Try doing (cd /home/travis/build/icyphy/ptII/doc/test/../../doc; rm codeDoc/ptolemy/actor/lib/Ramp.xml codeDoc/ptolemy/actor/lib/RampIdx.xml; make docs)} {
Failed to find javadoc for ptolemy.actor.lib.javasound.ClipPlayer} {
Failed to find source for ptolemy.actor.lib.javasound.ClipPlayer} {
Failed to find ptdoc for ptolemy.actor.lib.comm.ConvolutionalCoder.  Try doing (cd /home/travis/build/icyphy/ptII/doc/test/../../doc; rm codeDoc/ptolemy/actor/lib/Ramp.xml codeDoc/ptolemy/actor/lib/RampIdx.xml; make docs)} {
Failed to find javadoc for ptolemy.actor.lib.comm.ConvolutionalCoder} {
Failed to find source for ptolemy.actor.lib.comm.ConvolutionalCoder} {
Failed to find ptdoc for ptolemy.actor.lib.comm.DeScrambler.  Try doing (cd /home/travis/build/icyphy/ptII/doc/test/../../doc; rm codeDoc/ptolemy/actor/lib/Ramp.xml codeDoc/ptolemy/actor/lib/RampIdx.xml; make docs)} {
Failed to find javadoc for ptolemy.actor.lib.comm.DeScrambler} {
Failed to find source for ptolemy.actor.lib.comm.DeScrambler} {
Failed to find ptdoc for ptolemy.actor.lib.comm.HadamardCode.  Try doing (cd /home/travis/build/icyphy/ptII/doc/test/../../doc; rm codeDoc/ptolemy/actor/lib/Ramp.xml codeDoc/ptolemy/actor/lib/RampIdx.xml; make docs)} {
Failed to find javadoc for ptolemy.actor.lib.comm.HadamardCode} {
Failed to find source for ptolemy.actor.lib.comm.HadamardCode} {
Failed to find ptdoc for ptolemy.actor.lib.comm.HammingCoder.  Try doing (cd /home/travis/build/icyphy/ptII/doc/test/../../doc; rm codeDoc/ptolemy/actor/lib/Ramp.xml codeDoc/ptolemy/actor/lib/RampIdx.xml; make docs)} {
Failed to find javadoc for ptolemy.actor.lib.comm.HammingCoder} {
Failed to find source for ptolemy.actor.lib.comm.HammingCoder} {
Failed to find ptdoc for ptolemy.actor.lib.comm.HammingDecoder.  Try doing (cd /home/travis/build/icyphy/ptII/doc/test/../../doc; rm codeDoc/ptolemy/actor/lib/Ramp.xml codeDoc/ptolemy/actor/lib/RampIdx.xml; make docs)} {
Failed to find javadoc for ptolemy.actor.lib.comm.HammingDecoder} {
Failed to find source for ptolemy.actor.lib.comm.HammingDecoder} {
Failed to find ptdoc for ptolemy.actor.lib.comm.HuffmanCoder.  Try doing (cd /home/travis/build/icyphy/ptII/doc/test/../../doc; rm codeDoc/ptolemy/actor/lib/Ramp.xml codeDoc/ptolemy/actor/lib/RampIdx.xml; make docs)} {
Failed to find javadoc for ptolemy.actor.lib.comm.HuffmanCoder} {
Failed to find source for ptolemy.actor.lib.comm.HuffmanCoder} {
Failed to find ptdoc for ptolemy.actor.lib.comm.HuffmanDecoder.  Try doing (cd /home/travis/build/icyphy/ptII/doc/test/../../doc; rm codeDoc/ptolemy/actor/lib/Ramp.xml codeDoc/ptolemy/actor/lib/RampIdx.xml; make docs)} {
Failed to find javadoc for ptolemy.actor.lib.comm.HuffmanDecoder} {
Failed to find source for ptolemy.actor.lib.comm.HuffmanDecoder} {
Failed to find ptdoc for ptolemy.actor.lib.comm.LempelZivCoder.  Try doing (cd /home/travis/build/icyphy/ptII/doc/test/../../doc; rm codeDoc/ptolemy/actor/lib/Ramp.xml codeDoc/ptolemy/actor/lib/RampIdx.xml; make docs)} {
Failed to find javadoc for ptolemy.actor.lib.comm.LempelZivCoder} {
Failed to find source for ptolemy.actor.lib.comm.LempelZivCoder} {
Failed to find ptdoc for ptolemy.actor.lib.comm.LempelZivDecoder.  Try doing (cd /home/travis/build/icyphy/ptII/doc/test/../../doc; rm codeDoc/ptolemy/actor/lib/Ramp.xml codeDoc/ptolemy/actor/lib/RampIdx.xml; make docs)} {
Failed to find javadoc for ptolemy.actor.lib.comm.LempelZivDecoder} {
Failed to find source for ptolemy.actor.lib.comm.LempelZivDecoder} {
Failed to find ptdoc for ptolemy.domains.sdf.lib.LineCoder.  Try doing (cd /home/travis/build/icyphy/ptII/doc/test/../../doc; rm codeDoc/ptolemy/actor/lib/Ramp.xml codeDoc/ptolemy/actor/lib/RampIdx.xml; make docs)} {
Failed to find javadoc for ptolemy.domains.sdf.lib.LineCoder} {
Failed to find source for ptolemy.domains.sdf.lib.LineCoder} {
Failed to find ptdoc for ptolemy.domains.sdf.lib.LMSAdaptive.  Try doing (cd /home/travis/build/icyphy/ptII/doc/test/../../doc; rm codeDoc/ptolemy/actor/lib/Ramp.xml codeDoc/ptolemy/actor/lib/RampIdx.xml; make docs)} {
Failed to find javadoc for ptolemy.domains.sdf.lib.LMSAdaptive} {
Failed to find source for ptolemy.domains.sdf.lib.LMSAdaptive} {
Failed to find ptdoc for ptolemy.domains.sdf.lib.RaisedCosine.  Try doing (cd /home/travis/build/icyphy/ptII/doc/test/../../doc; rm codeDoc/ptolemy/actor/lib/Ramp.xml codeDoc/ptolemy/actor/lib/RampIdx.xml; make docs)} {
Failed to find javadoc for ptolemy.domains.sdf.lib.RaisedCosine} {
Failed to find source for ptolemy.domains.sdf.lib.RaisedCosine} {
Failed to find ptdoc for ptolemy.actor.lib.comm.Scrambler.  Try doing (cd /home/travis/build/icyphy/ptII/doc/test/../../doc; rm codeDoc/ptolemy/actor/lib/Ramp.xml codeDoc/ptolemy/actor/lib/RampIdx.xml; make docs)} {
Failed to find javadoc for ptolemy.actor.lib.comm.Scrambler} {
Failed to find source for ptolemy.actor.lib.comm.Scrambler} {
Failed to find ptdoc for ptolemy.actor.lib.comm.Slicer.  Try doing (cd /home/travis/build/icyphy/ptII/doc/test/../../doc; rm codeDoc/ptolemy/actor/lib/Ramp.xml codeDoc/ptolemy/actor/lib/RampIdx.xml; make docs)} {
Failed to find javadoc for ptolemy.actor.lib.comm.Slicer} {
Failed to find source for ptolemy.actor.lib.comm.Slicer} {
Failed to find ptdoc for ptolemy.actor.lib.comm.TrellisDecoder.  Try doing (cd /home/travis/build/icyphy/ptII/doc/test/../../doc; rm codeDoc/ptolemy/actor/lib/Ramp.xml codeDoc/ptolemy/actor/lib/RampIdx.xml; make docs)} {
Failed to find javadoc for ptolemy.actor.lib.comm.TrellisDecoder} {
Failed to find source for ptolemy.actor.lib.comm.TrellisDecoder} {
Failed to find ptdoc for ptolemy.actor.lib.comm.ViterbiDecoder.  Try doing (cd /home/travis/build/icyphy/ptII/doc/test/../../doc; rm codeDoc/ptolemy/actor/lib/Ramp.xml codeDoc/ptolemy/actor/lib/RampIdx.xml; make docs)} {
Failed to find javadoc for ptolemy.actor.lib.comm.ViterbiDecoder} {
Failed to find source for ptolemy.actor.lib.comm.ViterbiDecoder} {
Failed to find ptdoc for ptolemy.domains.sdf.lib.DelayLine.  Try doing (cd /home/travis/build/icyphy/ptII/doc/test/../../doc; rm codeDoc/ptolemy/actor/lib/Ramp.xml codeDoc/ptolemy/actor/lib/RampIdx.xml; make docs)} {
Failed to find javadoc for ptolemy.domains.sdf.lib.DelayLine} {
Failed to find source for ptolemy.domains.sdf.lib.DelayLine} {
Failed to find ptdoc for ptolemy.domains.sdf.lib.DownSample.  Try doing (cd /home/travis/build/icyphy/ptII/doc/test/../../doc; rm codeDoc/ptolemy/actor/lib/Ramp.xml codeDoc/ptolemy/actor/lib/RampIdx.xml; make docs)} {
Failed to find javadoc for ptolemy.domains.sdf.lib.DownSample} {
Failed to find source for ptolemy.domains.sdf.lib.DownSample} {
Failed to find ptdoc for ptolemy.domains.sdf.lib.FIR.  Try doing (cd /home/travis/build/icyphy/ptII/doc/test/../../doc; rm codeDoc/ptolemy/actor/lib/Ramp.xml codeDoc/ptolemy/actor/lib/RampIdx.xml; make docs)} {
Failed to find javadoc for ptolemy.domains.sdf.lib.FIR} {
Failed to find source for ptolemy.domains.sdf.lib.FIR} {
Failed to find ptdoc for ptolemy.actor.lib.GradientAdaptiveLattice.  Try doing (cd /home/travis/build/icyphy/ptII/doc/test/../../doc; rm codeDoc/ptolemy/actor/lib/Ramp.xml codeDoc/ptolemy/actor/lib/RampIdx.xml; make docs)} {
Failed to find javadoc for ptolemy.actor.lib.GradientAdaptiveLattice} {
Failed to find source for ptolemy.actor.lib.GradientAdaptiveLattice} {
Failed to find ptdoc for ptolemy.actor.lib.IIR.  Try doing (cd /home/travis/build/icyphy/ptII/doc/test/../../doc; rm codeDoc/ptolemy/actor/lib/Ramp.xml codeDoc/ptolemy/actor/lib/RampIdx.xml; make docs)} {
Failed to find javadoc for ptolemy.actor.lib.IIR} {
Failed to find source for ptolemy.actor.lib.IIR} {
Failed to find ptdoc for ptolemy.actor.lib.Lattice.  Try doing (cd /home/travis/build/icyphy/ptII/doc/test/../../doc; rm codeDoc/ptolemy/actor/lib/Ramp.xml codeDoc/ptolemy/actor/lib/RampIdx.xml; make docs)} {
Failed to find javadoc for ptolemy.actor.lib.Lattice} {
Failed to find source for ptolemy.actor.lib.Lattice} {
Failed to find ptdoc for ptolemy.actor.lib.LinearDifferenceEquationSystem.  Try doing (cd /home/travis/build/icyphy/ptII/doc/test/../../doc; rm codeDoc/ptolemy/actor/lib/Ramp.xml codeDoc/ptolemy/actor/lib/RampIdx.xml; make docs)} {
Failed to find javadoc for ptolemy.actor.lib.LinearDifferenceEquationSystem} {
Failed to find source for ptolemy.actor.lib.LinearDifferenceEquationSystem} {
Failed to find ptdoc for ptolemy.domains.sdf.lib.LMSAdaptive.  Try doing (cd /home/travis/build/icyphy/ptII/doc/test/../../doc; rm codeDoc/ptolemy/actor/lib/Ramp.xml codeDoc/ptolemy/actor/lib/RampIdx.xml; make docs)} {
Failed to find javadoc for ptolemy.domains.sdf.lib.LMSAdaptive} {
Failed to find source for ptolemy.domains.sdf.lib.LMSAdaptive} {
Failed to find ptdoc for ptolemy.actor.lib.RecursiveLattice.  Try doing (cd /home/travis/build/icyphy/ptII/doc/test/../../doc; rm codeDoc/ptolemy/actor/lib/Ramp.xml codeDoc/ptolemy/actor/lib/RampIdx.xml; make docs)} {
Failed to find javadoc for ptolemy.actor.lib.RecursiveLattice} {
Failed to find source for ptolemy.actor.lib.RecursiveLattice} {
Failed to find ptdoc for ptolemy.domains.sdf.lib.UpSample.  Try doing (cd /home/travis/build/icyphy/ptII/doc/test/../../doc; rm codeDoc/ptolemy/actor/lib/Ramp.xml codeDoc/ptolemy/actor/lib/RampIdx.xml; make docs)} {
Failed to find javadoc for ptolemy.domains.sdf.lib.UpSample} {
Failed to find source for ptolemy.domains.sdf.lib.UpSample} {
Failed to find ptdoc for ptolemy.domains.sdf.lib.VariableFIR.  Try doing (cd /home/travis/build/icyphy/ptII/doc/test/../../doc; rm codeDoc/ptolemy/actor/lib/Ramp.xml codeDoc/ptolemy/actor/lib/RampIdx.xml; make docs)} {
Failed to find javadoc for ptolemy.domains.sdf.lib.VariableFIR} {
Failed to find source for ptolemy.domains.sdf.lib.VariableFIR} {
Failed to find ptdoc for ptolemy.domains.sdf.lib.VariableLattice.  Try doing (cd /home/travis/build/icyphy/ptII/doc/test/../../doc; rm codeDoc/ptolemy/actor/lib/Ramp.xml codeDoc/ptolemy/actor/lib/RampIdx.xml; make docs)} {
Failed to find javadoc for ptolemy.domains.sdf.lib.VariableLattice} {
Failed to find source for ptolemy.domains.sdf.lib.VariableLattice} {
Failed to find ptdoc for ptolemy.domains.sdf.lib.VariableRecursiveLattice.  Try doing (cd /home/travis/build/icyphy/ptII/doc/test/../../doc; rm codeDoc/ptolemy/actor/lib/Ramp.xml codeDoc/ptolemy/actor/lib/RampIdx.xml; make docs)} {
Failed to find javadoc for ptolemy.domains.sdf.lib.VariableRecursiveLattice} {
Failed to find source for ptolemy.domains.sdf.lib.VariableRecursiveLattice} {
Failed to find ptdoc for ptolemy.actor.lib.DB.  Try doing (cd /home/travis/build/icyphy/ptII/doc/test/../../doc; rm codeDoc/ptolemy/actor/lib/Ramp.xml codeDoc/ptolemy/actor/lib/RampIdx.xml; make docs)} {
Failed to find javadoc for ptolemy.actor.lib.DB} {
Failed to find source for ptolemy.actor.lib.DB} {
Failed to find ptdoc for ptolemy.domains.sdf.lib.FFT.  Try doing (cd /home/travis/build/icyphy/ptII/doc/test/../../doc; rm codeDoc/ptolemy/actor/lib/Ramp.xml codeDoc/ptolemy/actor/lib/RampIdx.xml; make docs)} {
Failed to find javadoc for ptolemy.domains.sdf.lib.FFT} {
Failed to find source for ptolemy.domains.sdf.lib.FFT} {
Failed to find ptdoc for ptolemy.domains.sdf.lib.IFFT.  Try doing (cd /home/travis/build/icyphy/ptII/doc/test/../../doc; rm codeDoc/ptolemy/actor/lib/Ramp.xml codeDoc/ptolemy/actor/lib/RampIdx.xml; make docs)} {
Failed to find javadoc for ptolemy.domains.sdf.lib.IFFT} {
Failed to find source for ptolemy.domains.sdf.lib.IFFT} {
Failed to find ptdoc for ptolemy.actor.lib.LevinsonDurbin.  Try doing (cd /home/travis/build/icyphy/ptII/doc/test/../../doc; rm codeDoc/ptolemy/actor/lib/Ramp.xml codeDoc/ptolemy/actor/lib/RampIdx.xml; make docs)} {
Failed to find javadoc for ptolemy.actor.lib.LevinsonDurbin} {
Failed to find source for ptolemy.actor.lib.LevinsonDurbin} {
Failed to find ptdoc for ptolemy.actor.lib.PhaseUnwrap.  Try doing (cd /home/travis/build/icyphy/ptII/doc/test/../../doc; rm codeDoc/ptolemy/actor/lib/Ramp.xml codeDoc/ptolemy/actor/lib/RampIdx.xml; make docs)} {
Failed to find javadoc for ptolemy.actor.lib.PhaseUnwrap} {
Failed to find source for ptolemy.actor.lib.PhaseUnwrap} {
Failed to find ptdoc for ptolemy.domains.sdf.lib.Autocorrelation.  Try doing (cd /home/travis/build/icyphy/ptII/doc/test/../../doc; rm codeDoc/ptolemy/actor/lib/Ramp.xml codeDoc/ptolemy/actor/lib/RampIdx.xml; make docs)} {
Failed to find javadoc for ptolemy.domains.sdf.lib.Autocorrelation} {
Failed to find source for ptolemy.domains.sdf.lib.Autocorrelation} {
Failed to find ptdoc for ptolemy.actor.lib.ComputeHistogram.  Try doing (cd /home/travis/build/icyphy/ptII/doc/test/../../doc; rm codeDoc/ptolemy/actor/lib/Ramp.xml codeDoc/ptolemy/actor/lib/RampIdx.xml; make docs)} {
Failed to find javadoc for ptolemy.actor.lib.ComputeHistogram} {
Failed to find source for ptolemy.actor.lib.ComputeHistogram} {
Failed to find ptdoc for ptolemy.actor.lib.IIR.  Try doing (cd /home/travis/build/icyphy/ptII/doc/test/../../doc; rm codeDoc/ptolemy/actor/lib/Ramp.xml codeDoc/ptolemy/actor/lib/RampIdx.xml; make docs)} {
Failed to find javadoc for ptolemy.actor.lib.IIR} {
Failed to find source for ptolemy.actor.lib.IIR} {
Failed to find ptdoc for ptolemy.actor.lib.DB.  Try doing (cd /home/travis/build/icyphy/ptII/doc/test/../../doc; rm codeDoc/ptolemy/actor/lib/Ramp.xml codeDoc/ptolemy/actor/lib/RampIdx.xml; make docs)} {
Failed to find javadoc for ptolemy.actor.lib.DB} {
Failed to find source for ptolemy.actor.lib.DB} {
Failed to find ptdoc for ptolemy.actor.lib.Scale.  Try doing (cd /home/travis/build/icyphy/ptII/doc/test/../../doc; rm codeDoc/ptolemy/actor/lib/Ramp.xml codeDoc/ptolemy/actor/lib/RampIdx.xml; make docs)} {
Failed to find javadoc for ptolemy.actor.lib.Scale} {
Failed to find source for ptolemy.actor.lib.Scale} {
Failed to find ptdoc for ptolemy.actor.lib.MathFunction.  Try doing (cd /home/travis/build/icyphy/ptII/doc/test/../../doc; rm codeDoc/ptolemy/actor/lib/Ramp.xml codeDoc/ptolemy/actor/lib/RampIdx.xml; make docs)} {
Failed to find javadoc for ptolemy.actor.lib.MathFunction} {
Failed to find source for ptolemy.actor.lib.MathFunction} {
Failed to find ptdoc for ptolemy.actor.lib.string.StringCompare.  Try doing (cd /home/travis/build/icyphy/ptII/doc/test/../../doc; rm codeDoc/ptolemy/actor/lib/Ramp.xml codeDoc/ptolemy/actor/lib/RampIdx.xml; make docs)} {
Failed to find javadoc for ptolemy.actor.lib.string.StringCompare} {
Failed to find source for ptolemy.actor.lib.string.StringCompare} {
Failed to find ptdoc for ptolemy.actor.lib.string.StringFunction.  Try doing (cd /home/travis/build/icyphy/ptII/doc/test/../../doc; rm codeDoc/ptolemy/actor/lib/Ramp.xml codeDoc/ptolemy/actor/lib/RampIdx.xml; make docs)} {
Failed to find javadoc for ptolemy.actor.lib.string.StringFunction} {
Failed to find source for ptolemy.actor.lib.string.StringFunction} {
Failed to find ptdoc for ptolemy.actor.lib.string.StringIndexOf.  Try doing (cd /home/travis/build/icyphy/ptII/doc/test/../../doc; rm codeDoc/ptolemy/actor/lib/Ramp.xml codeDoc/ptolemy/actor/lib/RampIdx.xml; make docs)} {
Failed to find javadoc for ptolemy.actor.lib.string.StringIndexOf} {
Failed to find source for ptolemy.actor.lib.string.StringIndexOf} {
Failed to find ptdoc for ptolemy.actor.lib.string.StringLength.  Try doing (cd /home/travis/build/icyphy/ptII/doc/test/../../doc; rm codeDoc/ptolemy/actor/lib/Ramp.xml codeDoc/ptolemy/actor/lib/RampIdx.xml; make docs)} {
Failed to find javadoc for ptolemy.actor.lib.string.StringLength} {
Failed to find source for ptolemy.actor.lib.string.StringLength} {
Failed to find ptdoc for ptolemy.actor.lib.string.StringMatches.  Try doing (cd /home/travis/build/icyphy/ptII/doc/test/../../doc; rm codeDoc/ptolemy/actor/lib/Ramp.xml codeDoc/ptolemy/actor/lib/RampIdx.xml; make docs)} {
Failed to find javadoc for ptolemy.actor.lib.string.StringMatches} {
Failed to find source for ptolemy.actor.lib.string.StringMatches} {
Failed to find ptdoc for ptolemy.actor.lib.string.StringReplace.  Try doing (cd /home/travis/build/icyphy/ptII/doc/test/../../doc; rm codeDoc/ptolemy/actor/lib/Ramp.xml codeDoc/ptolemy/actor/lib/RampIdx.xml; make docs)} {
Failed to find javadoc for ptolemy.actor.lib.string.StringReplace} {
Failed to find source for ptolemy.actor.lib.string.StringReplace} {
Failed to find ptdoc for ptolemy.actor.lib.string.StringSplit.  Try doing (cd /home/travis/build/icyphy/ptII/doc/test/../../doc; rm codeDoc/ptolemy/actor/lib/Ramp.xml codeDoc/ptolemy/actor/lib/RampIdx.xml; make docs)} {
Failed to find javadoc for ptolemy.actor.lib.string.StringSplit} {
Failed to find source for ptolemy.actor.lib.string.StringSplit} {
Failed to find ptdoc for ptolemy.actor.lib.string.StringSubstring.  Try doing (cd /home/travis/build/icyphy/ptII/doc/test/../../doc; rm codeDoc/ptolemy/actor/lib/Ramp.xml codeDoc/ptolemy/actor/lib/RampIdx.xml; make docs)} {
Failed to find javadoc for ptolemy.actor.lib.string.StringSubstring} {
Failed to find source for ptolemy.actor.lib.string.StringSubstring} {
Failed to find ptdoc for ptolemy.actor.lib.DiscreteClock.  Try doing (cd /home/travis/build/icyphy/ptII/doc/test/../../doc; rm codeDoc/ptolemy/actor/lib/Ramp.xml codeDoc/ptolemy/actor/lib/RampIdx.xml; make docs)} {
Failed to find javadoc for ptolemy.actor.lib.DiscreteClock} {
Failed to find source for ptolemy.actor.lib.DiscreteClock} {
Failed to find ptdoc for ptolemy.domains.continuous.lib.ZeroOrderHold.  Try doing (cd /home/travis/build/icyphy/ptII/doc/test/../../doc; rm codeDoc/ptolemy/actor/lib/Ramp.xml codeDoc/ptolemy/actor/lib/RampIdx.xml; make docs)} {
Failed to find javadoc for ptolemy.domains.continuous.lib.ZeroOrderHold} {
Failed to find source for ptolemy.domains.continuous.lib.ZeroOrderHold} {
Failed to find ptdoc for ptolemy.actor.lib.DiscreteClock.  Try doing (cd /home/travis/build/icyphy/ptII/doc/test/../../doc; rm codeDoc/ptolemy/actor/lib/Ramp.xml codeDoc/ptolemy/actor/lib/RampIdx.xml; make docs)} {
Failed to find javadoc for ptolemy.actor.lib.DiscreteClock} {
Failed to find source for ptolemy.actor.lib.DiscreteClock} {
Failed to find ptdoc for ptolemy.actor.lib.SingleEvent.  Try doing (cd /home/travis/build/icyphy/ptII/doc/test/../../doc; rm codeDoc/ptolemy/actor/lib/Ramp.xml codeDoc/ptolemy/actor/lib/RampIdx.xml; make docs)} {
Failed to find javadoc for ptolemy.actor.lib.SingleEvent} {
Failed to find source for ptolemy.actor.lib.SingleEvent} {
Failed to find ptdoc for ptolemy.domains.continuous.lib.Waveform.  Try doing (cd /home/travis/build/icyphy/ptII/doc/test/../../doc; rm codeDoc/ptolemy/actor/lib/Ramp.xml codeDoc/ptolemy/actor/lib/RampIdx.xml; make docs)} {
Failed to find javadoc for ptolemy.domains.continuous.lib.Waveform} {
Failed to find source for ptolemy.domains.continuous.lib.Waveform} {
Failed to find ptdoc for ptolemy.domains.continuous.lib.LevelCrossingDetector.  Try doing (cd /home/travis/build/icyphy/ptII/doc/test/../../doc; rm codeDoc/ptolemy/actor/lib/Ramp.xml codeDoc/ptolemy/actor/lib/RampIdx.xml; make docs)} {
Failed to find javadoc for ptolemy.domains.continuous.lib.LevelCrossingDetector} {
Failed to find source for ptolemy.domains.continuous.lib.LevelCrossingDetector} {
Failed to find ptdoc for ptolemy.domains.continuous.lib.PeriodicSampler.  Try doing (cd /home/travis/build/icyphy/ptII/doc/test/../../doc; rm codeDoc/ptolemy/actor/lib/Ramp.xml codeDoc/ptolemy/actor/lib/RampIdx.xml; make docs)} {
Failed to find javadoc for ptolemy.domains.continuous.lib.PeriodicSampler} {
Failed to find source for ptolemy.domains.continuous.lib.PeriodicSampler} {
Failed to find ptdoc for ptolemy.actor.lib.Sampler.  Try doing (cd /home/travis/build/icyphy/ptII/doc/test/../../doc; rm codeDoc/ptolemy/actor/lib/Ramp.xml codeDoc/ptolemy/actor/lib/RampIdx.xml; make docs)} {
Failed to find javadoc for ptolemy.actor.lib.Sampler} {
Failed to find source for ptolemy.actor.lib.Sampler} {
Failed to find ptdoc for ptolemy.domains.continuous.lib.ZeroOrderHold.  Try doing (cd /home/travis/build/icyphy/ptII/doc/test/../../doc; rm codeDoc/ptolemy/actor/lib/Ramp.xml codeDoc/ptolemy/actor/lib/RampIdx.xml; make docs)} {
Failed to find javadoc for ptolemy.domains.continuous.lib.ZeroOrderHold} {
Failed to find source for ptolemy.domains.continuous.lib.ZeroOrderHold} {
Failed to find ptdoc for ptolemy.actor.lib.Scale.  Try doing (cd /home/travis/build/icyphy/ptII/doc/test/../../doc; rm codeDoc/ptolemy/actor/lib/Ramp.xml codeDoc/ptolemy/actor/lib/RampIdx.xml; make docs)} {
Failed to find javadoc for ptolemy.actor.lib.Scale} {
Failed to find source for ptolemy.actor.lib.Scale} {
Failed to find ptdoc for ptolemy.actor.lib.AddSubtract.  Try doing (cd /home/travis/build/icyphy/ptII/doc/test/../../doc; rm codeDoc/ptolemy/actor/lib/Ramp.xml codeDoc/ptolemy/actor/lib/RampIdx.xml; make docs)} {
Failed to find javadoc for ptolemy.actor.lib.AddSubtract} {
Failed to find source for ptolemy.actor.lib.AddSubtract} {
Failed to find ptdoc for ptolemy.actor.lib.Scale.  Try doing (cd /home/travis/build/icyphy/ptII/doc/test/../../doc; rm codeDoc/ptolemy/actor/lib/Ramp.xml codeDoc/ptolemy/actor/lib/RampIdx.xml; make docs)} {
Failed to find javadoc for ptolemy.actor.lib.Scale} {
Failed to find source for ptolemy.actor.lib.Scale} {
Failed to find ptdoc for ptolemy.actor.lib.AddSubtract.  Try doing (cd /home/travis/build/icyphy/ptII/doc/test/../../doc; rm codeDoc/ptolemy/actor/lib/Ramp.xml codeDoc/ptolemy/actor/lib/RampIdx.xml; make docs)} {
Failed to find javadoc for ptolemy.actor.lib.AddSubtract} {
Failed to find source for ptolemy.actor.lib.AddSubtract} {
Failed to find ptdoc for ptolemy.domains.continuous.lib.Integrator.  Try doing (cd /home/travis/build/icyphy/ptII/doc/test/../../doc; rm codeDoc/ptolemy/actor/lib/Ramp.xml codeDoc/ptolemy/actor/lib/RampIdx.xml; make docs)} {
Failed to find javadoc for ptolemy.domains.continuous.lib.Integrator} {
Failed to find source for ptolemy.domains.continuous.lib.Integrator} {
Failed to find ptdoc for ptolemy.actor.lib.Scale.  Try doing (cd /home/travis/build/icyphy/ptII/doc/test/../../doc; rm codeDoc/ptolemy/actor/lib/Ramp.xml codeDoc/ptolemy/actor/lib/RampIdx.xml; make docs)} {
Failed to find javadoc for ptolemy.actor.lib.Scale} {
Failed to find source for ptolemy.actor.lib.Scale} {
Failed to find ptdoc for ptolemy.actor.lib.Scale.  Try doing (cd /home/travis/build/icyphy/ptII/doc/test/../../doc; rm codeDoc/ptolemy/actor/lib/Ramp.xml codeDoc/ptolemy/actor/lib/RampIdx.xml; make docs)} {
Failed to find javadoc for ptolemy.actor.lib.Scale} {
Failed to find source for ptolemy.actor.lib.Scale} {
Failed to find ptdoc for ptolemy.actor.lib.Scale.  Try doing (cd /home/travis/build/icyphy/ptII/doc/test/../../doc; rm codeDoc/ptolemy/actor/lib/Ramp.xml codeDoc/ptolemy/actor/lib/RampIdx.xml; make docs)} {
Failed to find javadoc for ptolemy.actor.lib.Scale} {
Failed to find source for ptolemy.actor.lib.Scale} {
Failed to find ptdoc for ptolemy.domains.continuous.lib.Integrator.  Try doing (cd /home/travis/build/icyphy/ptII/doc/test/../../doc; rm codeDoc/ptolemy/actor/lib/Ramp.xml codeDoc/ptolemy/actor/lib/RampIdx.xml; make docs)} {
Failed to find javadoc for ptolemy.domains.continuous.lib.Integrator} {
Failed to find source for ptolemy.domains.continuous.lib.Integrator} {
Failed to find ptdoc for ptolemy.actor.lib.Default.  Try doing (cd /home/travis/build/icyphy/ptII/doc/test/../../doc; rm codeDoc/ptolemy/actor/lib/Ramp.xml codeDoc/ptolemy/actor/lib/RampIdx.xml; make docs)} {
Failed to find javadoc for ptolemy.actor.lib.Default} {
Failed to find source for ptolemy.actor.lib.Default} {
Failed to find ptdoc for ptolemy.actor.lib.Const.  Try doing (cd /home/travis/build/icyphy/ptII/doc/test/../../doc; rm codeDoc/ptolemy/actor/lib/Ramp.xml codeDoc/ptolemy/actor/lib/RampIdx.xml; make docs)} {
Failed to find javadoc for ptolemy.actor.lib.Const} {
Failed to find source for ptolemy.actor.lib.Const} {
Failed to find ptdoc for ptolemy.domains.continuous.lib.Derivative.  Try doing (cd /home/travis/build/icyphy/ptII/doc/test/../../doc; rm codeDoc/ptolemy/actor/lib/Ramp.xml codeDoc/ptolemy/actor/lib/RampIdx.xml; make docs)} {
Failed to find javadoc for ptolemy.domains.continuous.lib.Derivative} {
Failed to find source for ptolemy.domains.continuous.lib.Derivative} {
Failed to find ptdoc for ptolemy.domains.continuous.lib.Integrator.  Try doing (cd /home/travis/build/icyphy/ptII/doc/test/../../doc; rm codeDoc/ptolemy/actor/lib/Ramp.xml codeDoc/ptolemy/actor/lib/RampIdx.xml; make docs)} {
Failed to find javadoc for ptolemy.domains.continuous.lib.Integrator} {
Failed to find source for ptolemy.domains.continuous.lib.Integrator} {
Failed to find ptdoc for ptolemy.domains.continuous.lib.BandlimitedNoise.  Try doing (cd /home/travis/build/icyphy/ptII/doc/test/../../doc; rm codeDoc/ptolemy/actor/lib/Ramp.xml codeDoc/ptolemy/actor/lib/RampIdx.xml; make docs)} {
Failed to find javadoc for ptolemy.domains.continuous.lib.BandlimitedNoise} {
Failed to find source for ptolemy.domains.continuous.lib.BandlimitedNoise} {
Failed to find ptdoc for ptolemy.domains.continuous.lib.Noise.  Try doing (cd /home/travis/build/icyphy/ptII/doc/test/../../doc; rm codeDoc/ptolemy/actor/lib/Ramp.xml codeDoc/ptolemy/actor/lib/RampIdx.xml; make docs)} {
Failed to find javadoc for ptolemy.domains.continuous.lib.Noise} {
Failed to find source for ptolemy.domains.continuous.lib.Noise} {
Failed to find ptdoc for ptolemy.actor.lib.MicrostepDelay.  Try doing (cd /home/travis/build/icyphy/ptII/doc/test/../../doc; rm codeDoc/ptolemy/actor/lib/Ramp.xml codeDoc/ptolemy/actor/lib/RampIdx.xml; make docs)} {
Failed to find javadoc for ptolemy.actor.lib.MicrostepDelay} {
Failed to find source for ptolemy.actor.lib.MicrostepDelay} {
Failed to find ptdoc for ptolemy.actor.lib.ResettableTimer.  Try doing (cd /home/travis/build/icyphy/ptII/doc/test/../../doc; rm codeDoc/ptolemy/actor/lib/Ramp.xml codeDoc/ptolemy/actor/lib/RampIdx.xml; make docs)} {
Failed to find javadoc for ptolemy.actor.lib.ResettableTimer} {
Failed to find source for ptolemy.actor.lib.ResettableTimer} {
Failed to find ptdoc for ptolemy.domains.continuous.lib.ContinuousMerge.  Try doing (cd /home/travis/build/icyphy/ptII/doc/test/../../doc; rm codeDoc/ptolemy/actor/lib/Ramp.xml codeDoc/ptolemy/actor/lib/RampIdx.xml; make docs)} {
Failed to find javadoc for ptolemy.domains.continuous.lib.ContinuousMerge} {
Failed to find source for ptolemy.domains.continuous.lib.ContinuousMerge} {
Failed to find ptdoc for ptolemy.domains.ddf.lib.DDFSingleTokenCommutator.  Try doing (cd /home/travis/build/icyphy/ptII/doc/test/../../doc; rm codeDoc/ptolemy/actor/lib/Ramp.xml codeDoc/ptolemy/actor/lib/RampIdx.xml; make docs)} {
Failed to find javadoc for ptolemy.domains.ddf.lib.DDFSingleTokenCommutator} {
Failed to find source for ptolemy.domains.ddf.lib.DDFSingleTokenCommutator} {
Failed to find ptdoc for ptolemy.actor.lib.CurrentDate.  Try doing (cd /home/travis/build/icyphy/ptII/doc/test/../../doc; rm codeDoc/ptolemy/actor/lib/Ramp.xml codeDoc/ptolemy/actor/lib/RampIdx.xml; make docs)} {
Failed to find javadoc for ptolemy.actor.lib.CurrentDate} {
Failed to find source for ptolemy.actor.lib.CurrentDate} {
Failed to find ptdoc for ptolemy.actor.lib.DateElements.  Try doing (cd /home/travis/build/icyphy/ptII/doc/test/../../doc; rm codeDoc/ptolemy/actor/lib/Ramp.xml codeDoc/ptolemy/actor/lib/RampIdx.xml; make docs)} {
Failed to find javadoc for ptolemy.actor.lib.DateElements} {
Failed to find source for ptolemy.actor.lib.DateElements} {
Failed to find ptdoc for ptolemy.actor.lib.DateConstructor.  Try doing (cd /home/travis/build/icyphy/ptII/doc/test/../../doc; rm codeDoc/ptolemy/actor/lib/Ramp.xml codeDoc/ptolemy/actor/lib/RampIdx.xml; make docs)} {
Failed to find javadoc for ptolemy.actor.lib.DateConstructor} {
Failed to find source for ptolemy.actor.lib.DateConstructor} {
Failed to find ptdoc for ptolemy.actor.lib.ModifyDate.  Try doing (cd /home/travis/build/icyphy/ptII/doc/test/../../doc; rm codeDoc/ptolemy/actor/lib/Ramp.xml codeDoc/ptolemy/actor/lib/RampIdx.xml; make docs)} {
Failed to find javadoc for ptolemy.actor.lib.ModifyDate} {
Failed to find source for ptolemy.actor.lib.ModifyDate} {
Failed to find ptdoc for ptolemy.actor.lib.conversions.StringToDate.  Try doing (cd /home/travis/build/icyphy/ptII/doc/test/../../doc; rm codeDoc/ptolemy/actor/lib/Ramp.xml codeDoc/ptolemy/actor/lib/RampIdx.xml; make docs)} {
Failed to find javadoc for ptolemy.actor.lib.conversions.StringToDate} {
Failed to find source for ptolemy.actor.lib.conversions.StringToDate} {
Failed to find ptdoc for ptolemy.actor.lib.gui.EventButton.  Try doing (cd /home/travis/build/icyphy/ptII/doc/test/../../doc; rm codeDoc/ptolemy/actor/lib/Ramp.xml codeDoc/ptolemy/actor/lib/RampIdx.xml; make docs)} {
Failed to find javadoc for ptolemy.actor.lib.gui.EventButton} {
Failed to find source for ptolemy.actor.lib.gui.EventButton} {
Failed to find ptdoc for ptolemy.actor.lib.MicrostepDelay.  Try doing (cd /home/travis/build/icyphy/ptII/doc/test/../../doc; rm codeDoc/ptolemy/actor/lib/Ramp.xml codeDoc/ptolemy/actor/lib/RampIdx.xml; make docs)} {
Failed to find javadoc for ptolemy.actor.lib.MicrostepDelay} {
Failed to find source for ptolemy.actor.lib.MicrostepDelay} {
Failed to find ptdoc for ptolemy.actor.lib.ResettableTimer.  Try doing (cd /home/travis/build/icyphy/ptII/doc/test/../../doc; rm codeDoc/ptolemy/actor/lib/Ramp.xml codeDoc/ptolemy/actor/lib/RampIdx.xml; make docs)} {
Failed to find javadoc for ptolemy.actor.lib.ResettableTimer} {
Failed to find source for ptolemy.actor.lib.ResettableTimer} {
Failed to find ptdoc for ptolemy.actor.lib.SingleEvent.  Try doing (cd /home/travis/build/icyphy/ptII/doc/test/../../doc; rm codeDoc/ptolemy/actor/lib/Ramp.xml codeDoc/ptolemy/actor/lib/RampIdx.xml; make docs)} {
Failed to find javadoc for ptolemy.actor.lib.SingleEvent} {
Failed to find source for ptolemy.actor.lib.SingleEvent} {
Failed to find ptdoc for ptolemy.actor.lib.TimeDelay.  Try doing (cd /home/travis/build/icyphy/ptII/doc/test/../../doc; rm codeDoc/ptolemy/actor/lib/Ramp.xml codeDoc/ptolemy/actor/lib/RampIdx.xml; make docs)} {
Failed to find javadoc for ptolemy.actor.lib.TimeDelay} {
Failed to find source for ptolemy.actor.lib.TimeDelay} {
Failed to find ptdoc for ptolemy.actor.lib.OrderedMerge.  Try doing (cd /home/travis/build/icyphy/ptII/doc/test/../../doc; rm codeDoc/ptolemy/actor/lib/Ramp.xml codeDoc/ptolemy/actor/lib/RampIdx.xml; make docs)} {
Failed to find javadoc for ptolemy.actor.lib.OrderedMerge} {
Failed to find source for ptolemy.actor.lib.OrderedMerge} {
Failed to find ptdoc for ptolemy.actor.lib.Sequencer.  Try doing (cd /home/travis/build/icyphy/ptII/doc/test/../../doc; rm codeDoc/ptolemy/actor/lib/Ramp.xml codeDoc/ptolemy/actor/lib/RampIdx.xml; make docs)} {
Failed to find javadoc for ptolemy.actor.lib.Sequencer} {
Failed to find source for ptolemy.actor.lib.Sequencer} {
Failed to find ptdoc for ptolemy.actor.lib.Stop.  Try doing (cd /home/travis/build/icyphy/ptII/doc/test/../../doc; rm codeDoc/ptolemy/actor/lib/Ramp.xml codeDoc/ptolemy/actor/lib/RampIdx.xml; make docs)} {
Failed to find javadoc for ptolemy.actor.lib.Stop} {
Failed to find source for ptolemy.actor.lib.Stop} {
Failed to find ptdoc for ptolemy.actor.lib.Synchronizer.  Try doing (cd /home/travis/build/icyphy/ptII/doc/test/../../doc; rm codeDoc/ptolemy/actor/lib/Ramp.xml codeDoc/ptolemy/actor/lib/RampIdx.xml; make docs)} {
Failed to find javadoc for ptolemy.actor.lib.Synchronizer} {
Failed to find source for ptolemy.actor.lib.Synchronizer} {
Failed to find ptdoc for ptolemy.domains.rendezvous.lib.Barrier.  Try doing (cd /home/travis/build/icyphy/ptII/doc/test/../../doc; rm codeDoc/ptolemy/actor/lib/Ramp.xml codeDoc/ptolemy/actor/lib/RampIdx.xml; make docs)} {
Failed to find javadoc for ptolemy.domains.rendezvous.lib.Barrier} {
Failed to find source for ptolemy.domains.rendezvous.lib.Barrier} {
Failed to find ptdoc for ptolemy.domains.rendezvous.lib.Buffer.  Try doing (cd /home/travis/build/icyphy/ptII/doc/test/../../doc; rm codeDoc/ptolemy/actor/lib/Ramp.xml codeDoc/ptolemy/actor/lib/RampIdx.xml; make docs)} {
Failed to find javadoc for ptolemy.domains.rendezvous.lib.Buffer} {
Failed to find source for ptolemy.domains.rendezvous.lib.Buffer} {
Failed to find ptdoc for ptolemy.domains.rendezvous.lib.Merge.  Try doing (cd /home/travis/build/icyphy/ptII/doc/test/../../doc; rm codeDoc/ptolemy/actor/lib/Ramp.xml codeDoc/ptolemy/actor/lib/RampIdx.xml; make docs)} {
Failed to find javadoc for ptolemy.domains.rendezvous.lib.Merge} {
Failed to find source for ptolemy.domains.rendezvous.lib.Merge} {
Failed to find ptdoc for ptolemy.domains.rendezvous.lib.ResourcePool.  Try doing (cd /home/travis/build/icyphy/ptII/doc/test/../../doc; rm codeDoc/ptolemy/actor/lib/Ramp.xml codeDoc/ptolemy/actor/lib/RampIdx.xml; make docs)} {
Failed to find javadoc for ptolemy.domains.rendezvous.lib.ResourcePool} {
Failed to find source for ptolemy.domains.rendezvous.lib.ResourcePool} {
Failed to find ptdoc for ptolemy.domains.sr.lib.Absent.  Try doing (cd /home/travis/build/icyphy/ptII/doc/test/../../doc; rm codeDoc/ptolemy/actor/lib/Ramp.xml codeDoc/ptolemy/actor/lib/RampIdx.xml; make docs)} {
Failed to find javadoc for ptolemy.domains.sr.lib.Absent} {
Failed to find source for ptolemy.domains.sr.lib.Absent} {
Failed to find ptdoc for ptolemy.domains.sr.lib.Current.  Try doing (cd /home/travis/build/icyphy/ptII/doc/test/../../doc; rm codeDoc/ptolemy/actor/lib/Ramp.xml codeDoc/ptolemy/actor/lib/RampIdx.xml; make docs)} {
Failed to find javadoc for ptolemy.domains.sr.lib.Current} {
Failed to find source for ptolemy.domains.sr.lib.Current} {
Failed to find ptdoc for ptolemy.actor.lib.Default.  Try doing (cd /home/travis/build/icyphy/ptII/doc/test/../../doc; rm codeDoc/ptolemy/actor/lib/Ramp.xml codeDoc/ptolemy/actor/lib/RampIdx.xml; make docs)} {
Failed to find javadoc for ptolemy.actor.lib.Default} {
Failed to find source for ptolemy.actor.lib.Default} {
Failed to find ptdoc for ptolemy.domains.sr.lib.InstantaneousDialogGenerator.  Try doing (cd /home/travis/build/icyphy/ptII/doc/test/../../doc; rm codeDoc/ptolemy/actor/lib/Ramp.xml codeDoc/ptolemy/actor/lib/RampIdx.xml; make docs)} {
Failed to find javadoc for ptolemy.domains.sr.lib.InstantaneousDialogGenerator} {
Failed to find source for ptolemy.domains.sr.lib.InstantaneousDialogGenerator} {
Failed to find ptdoc for ptolemy.actor.lib.logic.IsPresent.  Try doing (cd /home/travis/build/icyphy/ptII/doc/test/../../doc; rm codeDoc/ptolemy/actor/lib/Ramp.xml codeDoc/ptolemy/actor/lib/RampIdx.xml; make docs)} {
Failed to find javadoc for ptolemy.actor.lib.logic.IsPresent} {
Failed to find source for ptolemy.actor.lib.logic.IsPresent} {
Failed to find ptdoc for ptolemy.domains.sr.lib.NonStrictDelay.  Try doing (cd /home/travis/build/icyphy/ptII/doc/test/../../doc; rm codeDoc/ptolemy/actor/lib/Ramp.xml codeDoc/ptolemy/actor/lib/RampIdx.xml; make docs)} {
Failed to find javadoc for ptolemy.domains.sr.lib.NonStrictDelay} {
Failed to find source for ptolemy.domains.sr.lib.NonStrictDelay} {
Failed to find ptdoc for ptolemy.domains.sr.lib.gui.NonStrictDisplay.  Try doing (cd /home/travis/build/icyphy/ptII/doc/test/../../doc; rm codeDoc/ptolemy/actor/lib/Ramp.xml codeDoc/ptolemy/actor/lib/RampIdx.xml; make docs)} {
Failed to find javadoc for ptolemy.domains.sr.lib.gui.NonStrictDisplay} {
Failed to find source for ptolemy.domains.sr.lib.gui.NonStrictDisplay} {
Failed to find ptdoc for ptolemy.domains.sr.lib.BinaryNonStrictLogicGate.  Try doing (cd /home/travis/build/icyphy/ptII/doc/test/../../doc; rm codeDoc/ptolemy/actor/lib/Ramp.xml codeDoc/ptolemy/actor/lib/RampIdx.xml; make docs)} {
Failed to find javadoc for ptolemy.domains.sr.lib.BinaryNonStrictLogicGate} {
Failed to find source for ptolemy.domains.sr.lib.BinaryNonStrictLogicGate} {
Failed to find ptdoc for ptolemy.domains.sr.lib.NonStrictLogicGate.  Try doing (cd /home/travis/build/icyphy/ptII/doc/test/../../doc; rm codeDoc/ptolemy/actor/lib/Ramp.xml codeDoc/ptolemy/actor/lib/RampIdx.xml; make docs)} {
Failed to find javadoc for ptolemy.domains.sr.lib.NonStrictLogicGate} {
Failed to find source for ptolemy.domains.sr.lib.NonStrictLogicGate} {
Failed to find ptdoc for ptolemy.domains.sr.lib.NonStrictAndGate.  Try doing (cd /home/travis/build/icyphy/ptII/doc/test/../../doc; rm codeDoc/ptolemy/actor/lib/Ramp.xml codeDoc/ptolemy/actor/lib/RampIdx.xml; make docs)} {
Failed to find javadoc for ptolemy.domains.sr.lib.NonStrictAndGate} {
Failed to find source for ptolemy.domains.sr.lib.NonStrictAndGate} {
Failed to find ptdoc for ptolemy.domains.sr.lib.NonStrictOrGate.  Try doing (cd /home/travis/build/icyphy/ptII/doc/test/../../doc; rm codeDoc/ptolemy/actor/lib/Ramp.xml codeDoc/ptolemy/actor/lib/RampIdx.xml; make docs)} {
Failed to find javadoc for ptolemy.domains.sr.lib.NonStrictOrGate} {
Failed to find source for ptolemy.domains.sr.lib.NonStrictOrGate} {
Failed to find ptdoc for ptolemy.domains.sr.lib.NonStrictXorGate.  Try doing (cd /home/travis/build/icyphy/ptII/doc/test/../../doc; rm codeDoc/ptolemy/actor/lib/Ramp.xml codeDoc/ptolemy/actor/lib/RampIdx.xml; make docs)} {
Failed to find javadoc for ptolemy.domains.sr.lib.NonStrictXorGate} {
Failed to find source for ptolemy.domains.sr.lib.NonStrictXorGate} {
Failed to find ptdoc for ptolemy.domains.sr.lib.NonStrictThreeBitAdder.  Try doing (cd /home/travis/build/icyphy/ptII/doc/test/../../doc; rm codeDoc/ptolemy/actor/lib/Ramp.xml codeDoc/ptolemy/actor/lib/RampIdx.xml; make docs)} {
Failed to find javadoc for ptolemy.domains.sr.lib.NonStrictThreeBitAdder} {
Failed to find source for ptolemy.domains.sr.lib.NonStrictThreeBitAdder} {
Failed to find ptdoc for ptolemy.domains.sr.lib.Pre.  Try doing (cd /home/travis/build/icyphy/ptII/doc/test/../../doc; rm codeDoc/ptolemy/actor/lib/Ramp.xml codeDoc/ptolemy/actor/lib/RampIdx.xml; make docs)} {
Failed to find javadoc for ptolemy.domains.sr.lib.Pre} {
Failed to find source for ptolemy.domains.sr.lib.Pre} {
Failed to find ptdoc for ptolemy.domains.sr.lib.SingleTokenDistributor.  Try doing (cd /home/travis/build/icyphy/ptII/doc/test/../../doc; rm codeDoc/ptolemy/actor/lib/Ramp.xml codeDoc/ptolemy/actor/lib/RampIdx.xml; make docs)} {
Failed to find javadoc for ptolemy.domains.sr.lib.SingleTokenDistributor} {
Failed to find source for ptolemy.domains.sr.lib.SingleTokenDistributor} {
Failed to find ptdoc for ptolemy.domains.sr.lib.When.  Try doing (cd /home/travis/build/icyphy/ptII/doc/test/../../doc; rm codeDoc/ptolemy/actor/lib/Ramp.xml codeDoc/ptolemy/actor/lib/RampIdx.xml; make docs)} {
Failed to find javadoc for ptolemy.domains.sr.lib.When} {
Failed to find source for ptolemy.domains.sr.lib.When} {
Failed to find ptdoc for ptolemy.actor.lib.logic.TrueGate.  Try doing (cd /home/travis/build/icyphy/ptII/doc/test/../../doc; rm codeDoc/ptolemy/actor/lib/Ramp.xml codeDoc/ptolemy/actor/lib/RampIdx.xml; make docs)} {
Failed to find javadoc for ptolemy.actor.lib.logic.TrueGate} {
Failed to find source for ptolemy.actor.lib.logic.TrueGate} {
Failed to find ptdoc for ptolemy.actor.lib.CurrentTime.  Try doing (cd /home/travis/build/icyphy/ptII/doc/test/../../doc; rm codeDoc/ptolemy/actor/lib/Ramp.xml codeDoc/ptolemy/actor/lib/RampIdx.xml; make docs)} {
Failed to find javadoc for ptolemy.actor.lib.CurrentTime} {
Failed to find source for ptolemy.actor.lib.CurrentTime} {
Failed to find ptdoc for ptolemy.actor.lib.Scale.  Try doing (cd /home/travis/build/icyphy/ptII/doc/test/../../doc; rm codeDoc/ptolemy/actor/lib/Ramp.xml codeDoc/ptolemy/actor/lib/RampIdx.xml; make docs)} {
Failed to find javadoc for ptolemy.actor.lib.Scale} {
Failed to find source for ptolemy.actor.lib.Scale} {
Failed to find ptdoc for ptolemy.actor.lib.TrigFunction.  Try doing (cd /home/travis/build/icyphy/ptII/doc/test/../../doc; rm codeDoc/ptolemy/actor/lib/Ramp.xml codeDoc/ptolemy/actor/lib/RampIdx.xml; make docs)} {
Failed to find javadoc for ptolemy.actor.lib.TrigFunction} {
Failed to find source for ptolemy.actor.lib.TrigFunction} {
Failed to find ptdoc for ptolemy.actor.lib.Const.  Try doing (cd /home/travis/build/icyphy/ptII/doc/test/../../doc; rm codeDoc/ptolemy/actor/lib/Ramp.xml codeDoc/ptolemy/actor/lib/RampIdx.xml; make docs)} {
Failed to find javadoc for ptolemy.actor.lib.Const} {
Failed to find source for ptolemy.actor.lib.Const} {
Failed to find ptdoc for ptolemy.actor.lib.AddSubtract.  Try doing (cd /home/travis/build/icyphy/ptII/doc/test/../../doc; rm codeDoc/ptolemy/actor/lib/Ramp.xml codeDoc/ptolemy/actor/lib/RampIdx.xml; make docs)} {
Failed to find javadoc for ptolemy.actor.lib.AddSubtract} {
Failed to find source for ptolemy.actor.lib.AddSubtract} {
Failed to find ptdoc for ptolemy.actor.lib.Scale.  Try doing (cd /home/travis/build/icyphy/ptII/doc/test/../../doc; rm codeDoc/ptolemy/actor/lib/Ramp.xml codeDoc/ptolemy/actor/lib/RampIdx.xml; make docs)} {
Failed to find javadoc for ptolemy.actor.lib.Scale} {
Failed to find source for ptolemy.actor.lib.Scale} {
Failed to find ptdoc for ptolemy.actor.lib.Ramp.  Try doing (cd /home/travis/build/icyphy/ptII/doc/test/../../doc; rm codeDoc/ptolemy/actor/lib/Ramp.xml codeDoc/ptolemy/actor/lib/RampIdx.xml; make docs)} {
Failed to find javadoc for ptolemy.actor.lib.Ramp} {
Failed to find source for ptolemy.actor.lib.Ramp} {
Failed to find ptdoc for ptolemy.actor.lib.TrigFunction.  Try doing (cd /home/travis/build/icyphy/ptII/doc/test/../../doc; rm codeDoc/ptolemy/actor/lib/Ramp.xml codeDoc/ptolemy/actor/lib/RampIdx.xml; make docs)} {
Failed to find javadoc for ptolemy.actor.lib.TrigFunction} {
Failed to find source for ptolemy.actor.lib.TrigFunction} {
Failed to find ptdoc for ptolemy.actor.lib.Const.  Try doing (cd /home/travis/build/icyphy/ptII/doc/test/../../doc; rm codeDoc/ptolemy/actor/lib/Ramp.xml codeDoc/ptolemy/actor/lib/RampIdx.xml; make docs)} {
Failed to find javadoc for ptolemy.actor.lib.Const} {
Failed to find source for ptolemy.actor.lib.Const} {
Failed to find ptdoc for ptolemy.actor.lib.AddSubtract.  Try doing (cd /home/travis/build/icyphy/ptII/doc/test/../../doc; rm codeDoc/ptolemy/actor/lib/Ramp.xml codeDoc/ptolemy/actor/lib/RampIdx.xml; make docs)} {
Failed to find javadoc for ptolemy.actor.lib.AddSubtract} {
Failed to find source for ptolemy.actor.lib.AddSubtract} {
Failed to find ptdoc for ptolemy.actor.lib.Pulse.  Try doing (cd /home/travis/build/icyphy/ptII/doc/test/../../doc; rm codeDoc/ptolemy/actor/lib/Ramp.xml codeDoc/ptolemy/actor/lib/RampIdx.xml; make docs)} {
Failed to find javadoc for ptolemy.actor.lib.Pulse} {
Failed to find source for ptolemy.actor.lib.Pulse} {
Failed to find ptdoc for ptolemy.actor.lib.MultiplyDivide.  Try doing (cd /home/travis/build/icyphy/ptII/doc/test/../../doc; rm codeDoc/ptolemy/actor/lib/Ramp.xml codeDoc/ptolemy/actor/lib/RampIdx.xml; make docs)} {
Failed to find javadoc for ptolemy.actor.lib.MultiplyDivide} {
Failed to find source for ptolemy.actor.lib.MultiplyDivide} {
Failed to find ptdoc for ptolemy.domains.sdf.lib.Autocorrelation.  Try doing (cd /home/travis/build/icyphy/ptII/doc/test/../../doc; rm codeDoc/ptolemy/actor/lib/Ramp.xml codeDoc/ptolemy/actor/lib/RampIdx.xml; make docs)} {
Failed to find javadoc for ptolemy.domains.sdf.lib.Autocorrelation} {
Failed to find source for ptolemy.domains.sdf.lib.Autocorrelation} {
Failed to find ptdoc for ptolemy.actor.lib.LevinsonDurbin.  Try doing (cd /home/travis/build/icyphy/ptII/doc/test/../../doc; rm codeDoc/ptolemy/actor/lib/Ramp.xml codeDoc/ptolemy/actor/lib/RampIdx.xml; make docs)} {
Failed to find javadoc for ptolemy.actor.lib.LevinsonDurbin} {
Failed to find source for ptolemy.actor.lib.LevinsonDurbin} {
Failed to find ptdoc for ptolemy.actor.lib.ArrayAppend.  Try doing (cd /home/travis/build/icyphy/ptII/doc/test/../../doc; rm codeDoc/ptolemy/actor/lib/Ramp.xml codeDoc/ptolemy/actor/lib/RampIdx.xml; make docs)} {
Failed to find javadoc for ptolemy.actor.lib.ArrayAppend} {
Failed to find source for ptolemy.actor.lib.ArrayAppend} {
Failed to find ptdoc for ptolemy.domains.sdf.lib.ArrayToSequence.  Try doing (cd /home/travis/build/icyphy/ptII/doc/test/../../doc; rm codeDoc/ptolemy/actor/lib/Ramp.xml codeDoc/ptolemy/actor/lib/RampIdx.xml; make docs)} {
Failed to find javadoc for ptolemy.domains.sdf.lib.ArrayToSequence} {
Failed to find source for ptolemy.domains.sdf.lib.ArrayToSequence} {
Failed to find ptdoc for ptolemy.domains.sdf.lib.FFT.  Try doing (cd /home/travis/build/icyphy/ptII/doc/test/../../doc; rm codeDoc/ptolemy/actor/lib/Ramp.xml codeDoc/ptolemy/actor/lib/RampIdx.xml; make docs)} {
Failed to find javadoc for ptolemy.domains.sdf.lib.FFT} {
Failed to find source for ptolemy.domains.sdf.lib.FFT} {
Failed to find ptdoc for ptolemy.actor.lib.AbsoluteValue.  Try doing (cd /home/travis/build/icyphy/ptII/doc/test/../../doc; rm codeDoc/ptolemy/actor/lib/Ramp.xml codeDoc/ptolemy/actor/lib/RampIdx.xml; make docs)} {
Failed to find javadoc for ptolemy.actor.lib.AbsoluteValue} {
Failed to find source for ptolemy.actor.lib.AbsoluteValue} {
Failed to find ptdoc for ptolemy.actor.lib.MultiplyDivide.  Try doing (cd /home/travis/build/icyphy/ptII/doc/test/../../doc; rm codeDoc/ptolemy/actor/lib/Ramp.xml codeDoc/ptolemy/actor/lib/RampIdx.xml; make docs)} {
Failed to find javadoc for ptolemy.actor.lib.MultiplyDivide} {
Failed to find source for ptolemy.actor.lib.MultiplyDivide} {
Failed to find ptdoc for ptolemy.actor.lib.DB.  Try doing (cd /home/travis/build/icyphy/ptII/doc/test/../../doc; rm codeDoc/ptolemy/actor/lib/Ramp.xml codeDoc/ptolemy/actor/lib/RampIdx.xml; make docs)} {
Failed to find javadoc for ptolemy.actor.lib.DB} {
Failed to find source for ptolemy.actor.lib.DB} {
Failed to find ptdoc for ptolemy.actor.lib.ArrayElement.  Try doing (cd /home/travis/build/icyphy/ptII/doc/test/../../doc; rm codeDoc/ptolemy/actor/lib/Ramp.xml codeDoc/ptolemy/actor/lib/RampIdx.xml; make docs)} {
Failed to find javadoc for ptolemy.actor.lib.ArrayElement} {
Failed to find source for ptolemy.actor.lib.ArrayElement} {
Failed to find ptdoc for ptolemy.domains.sdf.lib.Repeat.  Try doing (cd /home/travis/build/icyphy/ptII/doc/test/../../doc; rm codeDoc/ptolemy/actor/lib/Ramp.xml codeDoc/ptolemy/actor/lib/RampIdx.xml; make docs)} {
Failed to find javadoc for ptolemy.domains.sdf.lib.Repeat} {
Failed to find source for ptolemy.domains.sdf.lib.Repeat} {
Failed to find ptdoc for ptolemy.domains.sdf.lib.Chop.  Try doing (cd /home/travis/build/icyphy/ptII/doc/test/../../doc; rm codeDoc/ptolemy/actor/lib/Ramp.xml codeDoc/ptolemy/actor/lib/RampIdx.xml; make docs)} {
Failed to find javadoc for ptolemy.domains.sdf.lib.Chop} {
Failed to find source for ptolemy.domains.sdf.lib.Chop} {
Failed to find ptdoc for ptolemy.actor.lib.MathFunction.  Try doing (cd /home/travis/build/icyphy/ptII/doc/test/../../doc; rm codeDoc/ptolemy/actor/lib/Ramp.xml codeDoc/ptolemy/actor/lib/RampIdx.xml; make docs)} {
Failed to find javadoc for ptolemy.actor.lib.MathFunction} {
Failed to find source for ptolemy.actor.lib.MathFunction} {
Failed to find ptdoc for ptolemy.actor.lib.Const.  Try doing (cd /home/travis/build/icyphy/ptII/doc/test/../../doc; rm codeDoc/ptolemy/actor/lib/Ramp.xml codeDoc/ptolemy/actor/lib/RampIdx.xml; make docs)} {
Failed to find javadoc for ptolemy.actor.lib.Const} {
Failed to find source for ptolemy.actor.lib.Const} {
Failed to find ptdoc for ptolemy.actor.lib.MultiplyDivide.  Try doing (cd /home/travis/build/icyphy/ptII/doc/test/../../doc; rm codeDoc/ptolemy/actor/lib/Ramp.xml codeDoc/ptolemy/actor/lib/RampIdx.xml; make docs)} {
Failed to find javadoc for ptolemy.actor.lib.MultiplyDivide} {
Failed to find source for ptolemy.actor.lib.MultiplyDivide} {
Failed to find ptdoc for ptolemy.domains.sdf.lib.FFT.  Try doing (cd /home/travis/build/icyphy/ptII/doc/test/../../doc; rm codeDoc/ptolemy/actor/lib/Ramp.xml codeDoc/ptolemy/actor/lib/RampIdx.xml; make docs)} {
Failed to find javadoc for ptolemy.domains.sdf.lib.FFT} {
Failed to find source for ptolemy.domains.sdf.lib.FFT} {
Failed to find ptdoc for ptolemy.actor.lib.DB.  Try doing (cd /home/travis/build/icyphy/ptII/doc/test/../../doc; rm codeDoc/ptolemy/actor/lib/Ramp.xml codeDoc/ptolemy/actor/lib/RampIdx.xml; make docs)} {
Failed to find javadoc for ptolemy.actor.lib.DB} {
Failed to find source for ptolemy.actor.lib.DB} {
Failed to find ptdoc for ptolemy.actor.lib.AbsoluteValue.  Try doing (cd /home/travis/build/icyphy/ptII/doc/test/../../doc; rm codeDoc/ptolemy/actor/lib/Ramp.xml codeDoc/ptolemy/actor/lib/RampIdx.xml; make docs)} {
Failed to find javadoc for ptolemy.actor.lib.AbsoluteValue} {
Failed to find source for ptolemy.actor.lib.AbsoluteValue} {
Failed to find ptdoc for ptolemy.domains.sdf.lib.Autocorrelation.  Try doing (cd /home/travis/build/icyphy/ptII/doc/test/../../doc; rm codeDoc/ptolemy/actor/lib/Ramp.xml codeDoc/ptolemy/actor/lib/RampIdx.xml; make docs)} {
Failed to find javadoc for ptolemy.domains.sdf.lib.Autocorrelation} {
Failed to find source for ptolemy.domains.sdf.lib.Autocorrelation} {
Failed to find ptdoc for ptolemy.domains.sdf.lib.Chop.  Try doing (cd /home/travis/build/icyphy/ptII/doc/test/../../doc; rm codeDoc/ptolemy/actor/lib/Ramp.xml codeDoc/ptolemy/actor/lib/RampIdx.xml; make docs)} {
Failed to find javadoc for ptolemy.domains.sdf.lib.Chop} {
Failed to find source for ptolemy.domains.sdf.lib.Chop} {
Failed to find ptdoc for ptolemy.domains.sdf.lib.ArrayToSequence.  Try doing (cd /home/travis/build/icyphy/ptII/doc/test/../../doc; rm codeDoc/ptolemy/actor/lib/Ramp.xml codeDoc/ptolemy/actor/lib/RampIdx.xml; make docs)} {
Failed to find javadoc for ptolemy.domains.sdf.lib.ArrayToSequence} {
Failed to find source for ptolemy.domains.sdf.lib.ArrayToSequence} {
Failed to find ptdoc for ptolemy.actor.lib.Sequence.  Try doing (cd /home/travis/build/icyphy/ptII/doc/test/../../doc; rm codeDoc/ptolemy/actor/lib/Ramp.xml codeDoc/ptolemy/actor/lib/RampIdx.xml; make docs)} {
Failed to find javadoc for ptolemy.actor.lib.Sequence} {
Failed to find source for ptolemy.actor.lib.Sequence} {
Failed to find ptdoc for ptolemy.actor.lib.MultiplyDivide.  Try doing (cd /home/travis/build/icyphy/ptII/doc/test/../../doc; rm codeDoc/ptolemy/actor/lib/Ramp.xml codeDoc/ptolemy/actor/lib/RampIdx.xml; make docs)} {
Failed to find javadoc for ptolemy.actor.lib.MultiplyDivide} {
Failed to find source for ptolemy.actor.lib.MultiplyDivide} {
Failed to find ptdoc for ptolemy.domains.sdf.lib.FFT.  Try doing (cd /home/travis/build/icyphy/ptII/doc/test/../../doc; rm codeDoc/ptolemy/actor/lib/Ramp.xml codeDoc/ptolemy/actor/lib/RampIdx.xml; make docs)} {
Failed to find javadoc for ptolemy.domains.sdf.lib.FFT} {
Failed to find source for ptolemy.domains.sdf.lib.FFT} {
Failed to find ptdoc for ptolemy.actor.lib.DB.  Try doing (cd /home/travis/build/icyphy/ptII/doc/test/../../doc; rm codeDoc/ptolemy/actor/lib/Ramp.xml codeDoc/ptolemy/actor/lib/RampIdx.xml; make docs)} {
Failed to find javadoc for ptolemy.actor.lib.DB} {
Failed to find source for ptolemy.actor.lib.DB} {
Failed to find ptdoc for ptolemy.actor.lib.AbsoluteValue.  Try doing (cd /home/travis/build/icyphy/ptII/doc/test/../../doc; rm codeDoc/ptolemy/actor/lib/Ramp.xml codeDoc/ptolemy/actor/lib/RampIdx.xml; make docs)} {
Failed to find javadoc for ptolemy.actor.lib.AbsoluteValue} {
Failed to find source for ptolemy.actor.lib.AbsoluteValue} {
Failed to find ptdoc for ptolemy.actor.lib.Scale.  Try doing (cd /home/travis/build/icyphy/ptII/doc/test/../../doc; rm codeDoc/ptolemy/actor/lib/Ramp.xml codeDoc/ptolemy/actor/lib/RampIdx.xml; make docs)} {
Failed to find javadoc for ptolemy.actor.lib.Scale} {
Failed to find source for ptolemy.actor.lib.Scale} {
Failed to find ptdoc for ptolemy.actor.lib.Sequence.  Try doing (cd /home/travis/build/icyphy/ptII/doc/test/../../doc; rm codeDoc/ptolemy/actor/lib/Ramp.xml codeDoc/ptolemy/actor/lib/RampIdx.xml; make docs)} {
Failed to find javadoc for ptolemy.actor.lib.Sequence} {
Failed to find source for ptolemy.actor.lib.Sequence} {
Failed to find ptdoc for ptolemy.actor.lib.CurrentTime.  Try doing (cd /home/travis/build/icyphy/ptII/doc/test/../../doc; rm codeDoc/ptolemy/actor/lib/Ramp.xml codeDoc/ptolemy/actor/lib/RampIdx.xml; make docs)} {
Failed to find javadoc for ptolemy.actor.lib.CurrentTime} {
Failed to find source for ptolemy.actor.lib.CurrentTime} {
Failed to find ptdoc for ptolemy.actor.lib.Scale.  Try doing (cd /home/travis/build/icyphy/ptII/doc/test/../../doc; rm codeDoc/ptolemy/actor/lib/Ramp.xml codeDoc/ptolemy/actor/lib/RampIdx.xml; make docs)} {
Failed to find javadoc for ptolemy.actor.lib.Scale} {
Failed to find source for ptolemy.actor.lib.Scale} {
Failed to find ptdoc for ptolemy.actor.lib.TrigFunction.  Try doing (cd /home/travis/build/icyphy/ptII/doc/test/../../doc; rm codeDoc/ptolemy/actor/lib/Ramp.xml codeDoc/ptolemy/actor/lib/RampIdx.xml; make docs)} {
Failed to find javadoc for ptolemy.actor.lib.TrigFunction} {
Failed to find source for ptolemy.actor.lib.TrigFunction} {
Failed to find ptdoc for ptolemy.actor.lib.Const.  Try doing (cd /home/travis/build/icyphy/ptII/doc/test/../../doc; rm codeDoc/ptolemy/actor/lib/Ramp.xml codeDoc/ptolemy/actor/lib/RampIdx.xml; make docs)} {
Failed to find javadoc for ptolemy.actor.lib.Const} {
Failed to find source for ptolemy.actor.lib.Const} {
Failed to find ptdoc for ptolemy.actor.lib.AddSubtract.  Try doing (cd /home/travis/build/icyphy/ptII/doc/test/../../doc; rm codeDoc/ptolemy/actor/lib/Ramp.xml codeDoc/ptolemy/actor/lib/RampIdx.xml; make docs)} {
Failed to find javadoc for ptolemy.actor.lib.AddSubtract} {
Failed to find source for ptolemy.actor.lib.AddSubtract} {
Failed to find ptdoc for ptolemy.actor.lib.Scale.  Try doing (cd /home/travis/build/icyphy/ptII/doc/test/../../doc; rm codeDoc/ptolemy/actor/lib/Ramp.xml codeDoc/ptolemy/actor/lib/RampIdx.xml; make docs)} {
Failed to find javadoc for ptolemy.actor.lib.Scale} {
Failed to find source for ptolemy.actor.lib.Scale} {
Failed to find ptdoc for ptolemy.domains.continuous.lib.ZeroOrderHold.  Try doing (cd /home/travis/build/icyphy/ptII/doc/test/../../doc; rm codeDoc/ptolemy/actor/lib/Ramp.xml codeDoc/ptolemy/actor/lib/RampIdx.xml; make docs)} {
Failed to find javadoc for ptolemy.domains.continuous.lib.ZeroOrderHold} {
Failed to find source for ptolemy.domains.continuous.lib.ZeroOrderHold} {
Failed to find ptdoc for ptolemy.actor.lib.gui.SequencePlotter.  Try doing (cd /home/travis/build/icyphy/ptII/doc/test/../../doc; rm codeDoc/ptolemy/actor/lib/Ramp.xml codeDoc/ptolemy/actor/lib/RampIdx.xml; make docs)} {
Failed to find javadoc for ptolemy.actor.lib.gui.SequencePlotter} {
Failed to find source for ptolemy.actor.lib.gui.SequencePlotter} {
Failed to find ptdoc for ptolemy.actor.lib.MultiplyDivide.  Try doing (cd /home/travis/build/icyphy/ptII/doc/test/../../doc; rm codeDoc/ptolemy/actor/lib/Ramp.xml codeDoc/ptolemy/actor/lib/RampIdx.xml; make docs)} {
Failed to find javadoc for ptolemy.actor.lib.MultiplyDivide} {
Failed to find source for ptolemy.actor.lib.MultiplyDivide} {
Failed to find ptdoc for ptolemy.actor.lib.Pulse.  Try doing (cd /home/travis/build/icyphy/ptII/doc/test/../../doc; rm codeDoc/ptolemy/actor/lib/Ramp.xml codeDoc/ptolemy/actor/lib/RampIdx.xml; make docs)} {
Failed to find javadoc for ptolemy.actor.lib.Pulse} {
Failed to find source for ptolemy.actor.lib.Pulse} {
Failed to find ptdoc for ptolemy.domains.sdf.lib.FFT.  Try doing (cd /home/travis/build/icyphy/ptII/doc/test/../../doc; rm codeDoc/ptolemy/actor/lib/Ramp.xml codeDoc/ptolemy/actor/lib/RampIdx.xml; make docs)} {
Failed to find javadoc for ptolemy.domains.sdf.lib.FFT} {
Failed to find source for ptolemy.domains.sdf.lib.FFT} {
Failed to find ptdoc for ptolemy.actor.lib.DB.  Try doing (cd /home/travis/build/icyphy/ptII/doc/test/../../doc; rm codeDoc/ptolemy/actor/lib/Ramp.xml codeDoc/ptolemy/actor/lib/RampIdx.xml; make docs)} {
Failed to find javadoc for ptolemy.actor.lib.DB} {
Failed to find source for ptolemy.actor.lib.DB} {
Failed to find ptdoc for ptolemy.actor.lib.AbsoluteValue.  Try doing (cd /home/travis/build/icyphy/ptII/doc/test/../../doc; rm codeDoc/ptolemy/actor/lib/Ramp.xml codeDoc/ptolemy/actor/lib/RampIdx.xml; make docs)} {
Failed to find javadoc for ptolemy.actor.lib.AbsoluteValue} {
Failed to find source for ptolemy.actor.lib.AbsoluteValue} {
Failed to find ptdoc for ptolemy.actor.lib.Scale.  Try doing (cd /home/travis/build/icyphy/ptII/doc/test/../../doc; rm codeDoc/ptolemy/actor/lib/Ramp.xml codeDoc/ptolemy/actor/lib/RampIdx.xml; make docs)} {
Failed to find javadoc for ptolemy.actor.lib.Scale} {
Failed to find source for ptolemy.actor.lib.Scale}}
---- Result should have been:
{}
---- ptserver/configuration.xml-6.1 FAILED
10/28/20 04:18:54
Failed: 12  Total Tests: 14  ((Passed: 2, Newly Passed: 0)  Known Failed: 0) /home/travis/build/icyphy/ptII/doc/test
No auto/knownFailedTests/*.xml tests in /home/travis/build/icyphy/ptII/doc/test
No auto/linux-amd64/*.xml tests in /home/travis/build/icyphy/ptII/doc/test
AutoTests.java: About to close Vertx.
AutoTests.java: Vertx closed.
No auto/*.xml tests in /home/travis/build/icyphy/ptII/doc/test
AutoTests.java: About to close Vertx.
AutoTests.java: Vertx closed.
]]></system-out>
  <system-err><![CDATA[Warning: Nashorn engine is planned to be removed from a future JDK release
Warning: Nashorn engine is planned to be removed from a future JDK release
Warning: Nashorn engine is planned to be removed from a future JDK release
Warning: Nashorn engine is planned to be removed from a future JDK release
Warning: Nashorn engine is planned to be removed from a future JDK release
Warning: Nashorn engine is planned to be removed from a future JDK release
Warning: Nashorn engine is planned to be removed from a future JDK release
Warning: Nashorn engine is planned to be removed from a future JDK release
Warning: Nashorn engine is planned to be removed from a future JDK release
Warning: Nashorn engine is planned to be removed from a future JDK release
Warning: Nashorn engine is planned to be removed from a future JDK release
Warning: Nashorn engine is planned to be removed from a future JDK release
Warning: Nashorn engine is planned to be removed from a future JDK release
Warning: Nashorn engine is planned to be removed from a future JDK release
Warning: Nashorn engine is planned to be removed from a future JDK release
Warning: Nashorn engine is planned to be removed from a future JDK release
Loaded /home/travis/build/icyphy/ptII/vendors/javafx/javafx-sdk-11.0.2/lib/./libprism_es2.so from relative path
Failed Graphics Hardware Qualifier check.
System GPU doesn't meet the es2 pipe requirement
GraphicsPipeline.createPipeline: error initializing pipeline com.sun.prism.es2.ES2Pipeline
*** Fallback to Prism SW pipeline
Loaded /home/travis/build/icyphy/ptII/vendors/javafx/javafx-sdk-11.0.2/lib/./libprism_sw.so from relative path
JavaFX: using com.sun.javafx.tk.quantum.QuantumToolkit
Loaded /home/travis/build/icyphy/ptII/vendors/javafx/javafx-sdk-11.0.2/lib/./libglass.so from relative path
Loaded /home/travis/build/icyphy/ptII/vendors/javafx/javafx-sdk-11.0.2/lib/./libglassgtk3.so from relative path
 vsync: true vpipe: false
Warning: Nashorn engine is planned to be removed from a future JDK release
Warning: Nashorn engine is planned to be removed from a future JDK release
Warning: Nashorn engine is planned to be removed from a future JDK release
Warning: Nashorn engine is planned to be removed from a future JDK release
Warning: Nashorn engine is planned to be removed from a future JDK release
Warning: Nashorn engine is planned to be removed from a future JDK release
Warning: Nashorn engine is planned to be removed from a future JDK release
Warning: Nashorn engine is planned to be removed from a future JDK release
Warning: Nashorn engine is planned to be removed from a future JDK release
[main] INFO com.github.sarxos.webcam.Webcam - WebcamDefaultDriver capture driver will be used
Warning: Nashorn engine is planned to be removed from a future JDK release
Warning: Nashorn engine is planned to be removed from a future JDK release
Warning: Nashorn engine is planned to be removed from a future JDK release
Warning: Nashorn engine is planned to be removed from a future JDK release
Warning: Nashorn engine is planned to be removed from a future JDK release
Warning: Nashorn engine is planned to be removed from a future JDK release
Warning: Nashorn engine is planned to be removed from a future JDK release
Warning: Nashorn engine is planned to be removed from a future JDK release
Warning: Nashorn engine is planned to be removed from a future JDK release
Warning: Nashorn engine is planned to be removed from a future JDK release
Warning: Nashorn engine is planned to be removed from a future JDK release
Warning: Nashorn engine is planned to be removed from a future JDK release
Warning: Nashorn engine is planned to be removed from a future JDK release
Warning: Nashorn engine is planned to be removed from a future JDK release
Warning: Nashorn engine is planned to be removed from a future JDK release
Warning: Nashorn engine is planned to be removed from a future JDK release
Warning: Nashorn engine is planned to be removed from a future JDK release
Warning: Nashorn engine is planned to be removed from a future JDK release
Warning: Nashorn engine is planned to be removed from a future JDK release
Warning: Nashorn engine is planned to be removed from a future JDK release
Warning: Nashorn engine is planned to be removed from a future JDK release
Warning: Nashorn engine is planned to be removed from a future JDK release
Warning: Nashorn engine is planned to be removed from a future JDK release
Warning: Nashorn engine is planned to be removed from a future JDK release
Warning: Nashorn engine is planned to be removed from a future JDK release
Warning: Nashorn engine is planned to be removed from a future JDK release
Warning: Nashorn engine is planned to be removed from a future JDK release
Warning: Nashorn engine is planned to be removed from a future JDK release
Warning: Nashorn engine is planned to be removed from a future JDK release
Warning: Nashorn engine is planned to be removed from a future JDK release
Warning: Nashorn engine is planned to be removed from a future JDK release
Warning: Nashorn engine is planned to be removed from a future JDK release
Warning: Nashorn engine is planned to be removed from a future JDK release
Warning: Nashorn engine is planned to be removed from a future JDK release
Warning: Nashorn engine is planned to be removed from a future JDK release
Warning: Nashorn engine is planned to be removed from a future JDK release
Warning: Nashorn engine is planned to be removed from a future JDK release
Warning: Nashorn engine is planned to be removed from a future JDK release
Warning: Nashorn engine is planned to be removed from a future JDK release
Warning: Nashorn engine is planned to be removed from a future JDK release
Warning: Nashorn engine is planned to be removed from a future JDK release
Warning: Nashorn engine is planned to be removed from a future JDK release
Warning: Nashorn engine is planned to be removed from a future JDK release
Warning: Nashorn engine is planned to be removed from a future JDK release
Warning: Nashorn engine is planned to be removed from a future JDK release
Warning: Nashorn engine is planned to be removed from a future JDK release
Warning: Nashorn engine is planned to be removed from a future JDK release
Warning: Nashorn engine is planned to be removed from a future JDK release
Warning: Nashorn engine is planned to be removed from a future JDK release
Warning: Nashorn engine is planned to be removed from a future JDK release
Warning: Nashorn engine is planned to be removed from a future JDK release
Warning: Nashorn engine is planned to be removed from a future JDK release
Warning: Nashorn engine is planned to be removed from a future JDK release
Warning: Nashorn engine is planned to be removed from a future JDK release
Warning: Nashorn engine is planned to be removed from a future JDK release
Warning: Nashorn engine is planned to be removed from a future JDK release
Warning: Nashorn engine is planned to be removed from a future JDK release
Warning: Nashorn engine is planned to be removed from a future JDK release
Warning: Nashorn engine is planned to be removed from a future JDK release
Warning: Nashorn engine is planned to be removed from a future JDK release
Warning: Nashorn engine is planned to be removed from a future JDK release
Warning: Nashorn engine is planned to be removed from a future JDK release
Warning: Nashorn engine is planned to be removed from a future JDK release
Warning: Nashorn engine is planned to be removed from a future JDK release
Warning: Nashorn engine is planned to be removed from a future JDK release
Warning: Nashorn engine is planned to be removed from a future JDK release
Warning: Nashorn engine is planned to be removed from a future JDK release
Warning: Nashorn engine is planned to be removed from a future JDK release
Warning: Nashorn engine is planned to be removed from a future JDK release
Warning: Nashorn engine is planned to be removed from a future JDK release
Warning: Nashorn engine is planned to be removed from a future JDK release
Warning: Nashorn engine is planned to be removed from a future JDK release
Warning: Nashorn engine is planned to be removed from a future JDK release
Warning: Nashorn engine is planned to be removed from a future JDK release
Warning: Nashorn engine is planned to be removed from a future JDK release
Warning: Nashorn engine is planned to be removed from a future JDK release
Warning: Nashorn engine is planned to be removed from a future JDK release
Warning: Nashorn engine is planned to be removed from a future JDK release
Warning: Nashorn engine is planned to be removed from a future JDK release
Warning: Nashorn engine is planned to be removed from a future JDK release
Warning: Nashorn engine is planned to be removed from a future JDK release
Warning: Nashorn engine is planned to be removed from a future JDK release
Warning: Nashorn engine is planned to be removed from a future JDK release
Warning: Nashorn engine is planned to be removed from a future JDK release
Warning: Nashorn engine is planned to be removed from a future JDK release
Warning: Nashorn engine is planned to be removed from a future JDK release
Warning: Nashorn engine is planned to be removed from a future JDK release
Warning: Nashorn engine is planned to be removed from a future JDK release
Warning: Nashorn engine is planned to be removed from a future JDK release
Warning: Nashorn engine is planned to be removed from a future JDK release
Warning: Nashorn engine is planned to be removed from a future JDK release
Warning: Nashorn engine is planned to be removed from a future JDK release
Warning: Nashorn engine is planned to be removed from a future JDK release
Warning: Nashorn engine is planned to be removed from a future JDK release
Warning: Nashorn engine is planned to be removed from a future JDK release
Warning: Nashorn engine is planned to be removed from a future JDK release
Warning: Nashorn engine is planned to be removed from a future JDK release
Warning: Nashorn engine is planned to be removed from a future JDK release
Warning: Nashorn engine is planned to be removed from a future JDK release
Warning: Nashorn engine is planned to be removed from a future JDK release
Warning: Nashorn engine is planned to be removed from a future JDK release
Warning: Nashorn engine is planned to be removed from a future JDK release
Warning: Nashorn engine is planned to be removed from a future JDK release
Warning: Nashorn engine is planned to be removed from a future JDK release
Warning: Nashorn engine is planned to be removed from a future JDK release
Warning: Nashorn engine is planned to be removed from a future JDK release
Warning: Nashorn engine is planned to be removed from a future JDK release
Warning: Nashorn engine is planned to be removed from a future JDK release
Warning: Nashorn engine is planned to be removed from a future JDK release
Warning: Nashorn engine is planned to be removed from a future JDK release
Warning: Nashorn engine is planned to be removed from a future JDK release
Warning: Nashorn engine is planned to be removed from a future JDK release
Warning: Nashorn engine is planned to be removed from a future JDK release
Warning: Nashorn engine is planned to be removed from a future JDK release
Warning: Nashorn engine is planned to be removed from a future JDK release
Warning: Nashorn engine is planned to be removed from a future JDK release
Warning: Nashorn engine is planned to be removed from a future JDK release
Warning: Nashorn engine is planned to be removed from a future JDK release
Warning: Nashorn engine is planned to be removed from a future JDK release
Warning: Nashorn engine is planned to be removed from a future JDK release
Warning: Nashorn engine is planned to be removed from a future JDK release
Warning: Nashorn engine is planned to be removed from a future JDK release
Warning: Nashorn engine is planned to be removed from a future JDK release
Warning: Nashorn engine is planned to be removed from a future JDK release
Warning: Nashorn engine is planned to be removed from a future JDK release
Warning: Nashorn engine is planned to be removed from a future JDK release
Warning: Nashorn engine is planned to be removed from a future JDK release
Warning: Nashorn engine is planned to be removed from a future JDK release
Warning: Nashorn engine is planned to be removed from a future JDK release
Warning: Nashorn engine is planned to be removed from a future JDK release
Warning: Nashorn engine is planned to be removed from a future JDK release
Warning: Nashorn engine is planned to be removed from a future JDK release
Warning: Nashorn engine is planned to be removed from a future JDK release
Warning: Nashorn engine is planned to be removed from a future JDK release
Warning: Nashorn engine is planned to be removed from a future JDK release
Warning: Nashorn engine is planned to be removed from a future JDK release
Warning: Nashorn engine is planned to be removed from a future JDK release
Warning: Nashorn engine is planned to be removed from a future JDK release
Warning: Nashorn engine is planned to be removed from a future JDK release
Warning: Nashorn engine is planned to be removed from a future JDK release
Warning: Nashorn engine is planned to be removed from a future JDK release
Warning: Nashorn engine is planned to be removed from a future JDK release
Warning: Nashorn engine is planned to be removed from a future JDK release
Warning: Nashorn engine is planned to be removed from a future JDK release
Warning: Nashorn engine is planned to be removed from a future JDK release
Warning: Nashorn engine is planned to be removed from a future JDK release
Warning: Nashorn engine is planned to be removed from a future JDK release
Warning: Nashorn engine is planned to be removed from a future JDK release
Warning: Nashorn engine is planned to be removed from a future JDK release
Warning: Nashorn engine is planned to be removed from a future JDK release
Warning: Nashorn engine is planned to be removed from a future JDK release
Warning: Nashorn engine is planned to be removed from a future JDK release
Warning: Nashorn engine is planned to be removed from a future JDK release
Warning: Nashorn engine is planned to be removed from a future JDK release
Warning: Nashorn engine is planned to be removed from a future JDK release
Warning: Nashorn engine is planned to be removed from a future JDK release
Warning: Nashorn engine is planned to be removed from a future JDK release
Warning: Nashorn engine is planned to be removed from a future JDK release
Warning: Nashorn engine is planned to be removed from a future JDK release
Warning: Nashorn engine is planned to be removed from a future JDK release
Warning: Nashorn engine is planned to be removed from a future JDK release
Warning: Nashorn engine is planned to be removed from a future JDK release
Warning: Nashorn engine is planned to be removed from a future JDK release
Warning: Nashorn engine is planned to be removed from a future JDK release
Warning: Nashorn engine is planned to be removed from a future JDK release
Warning: Nashorn engine is planned to be removed from a future JDK release
Warning: Nashorn engine is planned to be removed from a future JDK release
Warning: Nashorn engine is planned to be removed from a future JDK release
Warning: Nashorn engine is planned to be removed from a future JDK release
Warning: Nashorn engine is planned to be removed from a future JDK release
Warning: Nashorn engine is planned to be removed from a future JDK release
Warning: Nashorn engine is planned to be removed from a future JDK release
Warning: Nashorn engine is planned to be removed from a future JDK release
Warning: Nashorn engine is planned to be removed from a future JDK release
Warning: Nashorn engine is planned to be removed from a future JDK release
Warning: Nashorn engine is planned to be removed from a future JDK release
Warning: Nashorn engine is planned to be removed from a future JDK release
Warning: Nashorn engine is planned to be removed from a future JDK release
Warning: Nashorn engine is planned to be removed from a future JDK release
Warning: Nashorn engine is planned to be removed from a future JDK release
Warning: Nashorn engine is planned to be removed from a future JDK release
Warning: Nashorn engine is planned to be removed from a future JDK release
Warning: Nashorn engine is planned to be removed from a future JDK release
Warning: Nashorn engine is planned to be removed from a future JDK release
Warning: Nashorn engine is planned to be removed from a future JDK release
Warning: Nashorn engine is planned to be removed from a future JDK release
Warning: Nashorn engine is planned to be removed from a future JDK release
Warning: Nashorn engine is planned to be removed from a future JDK release
Warning: Nashorn engine is planned to be removed from a future JDK release
Warning: Nashorn engine is planned to be removed from a future JDK release
Warning: Nashorn engine is planned to be removed from a future JDK release
Warning: Nashorn engine is planned to be removed from a future JDK release
Warning: Nashorn engine is planned to be removed from a future JDK release
Warning: Nashorn engine is planned to be removed from a future JDK release
Warning: Nashorn engine is planned to be removed from a future JDK release
Warning: Nashorn engine is planned to be removed from a future JDK release
Warning: Nashorn engine is planned to be removed from a future JDK release
Warning: Nashorn engine is planned to be removed from a future JDK release
Warning: Nashorn engine is planned to be removed from a future JDK release
Warning: Nashorn engine is planned to be removed from a future JDK release
Warning: Nashorn engine is planned to be removed from a future JDK release
Warning: Nashorn engine is planned to be removed from a future JDK release
Warning: Nashorn engine is planned to be removed from a future JDK release
Warning: Nashorn engine is planned to be removed from a future JDK release
Warning: Nashorn engine is planned to be removed from a future JDK release
Warning: Nashorn engine is planned to be removed from a future JDK release
Warning: Nashorn engine is planned to be removed from a future JDK release
Warning: Nashorn engine is planned to be removed from a future JDK release
Warning: Nashorn engine is planned to be removed from a future JDK release
Warning: Nashorn engine is planned to be removed from a future JDK release
Warning: Nashorn engine is planned to be removed from a future JDK release
Warning: Nashorn engine is planned to be removed from a future JDK release
Warning: Nashorn engine is planned to be removed from a future JDK release
Warning: Nashorn engine is planned to be removed from a future JDK release
Warning: Nashorn engine is planned to be removed from a future JDK release
Warning: Nashorn engine is planned to be removed from a future JDK release
Warning: Nashorn engine is planned to be removed from a future JDK release
Warning: Nashorn engine is planned to be removed from a future JDK release
Warning: Nashorn engine is planned to be removed from a future JDK release
Warning: Nashorn engine is planned to be removed from a future JDK release
Warning: Nashorn engine is planned to be removed from a future JDK release
Warning: Nashorn engine is planned to be removed from a future JDK release
Warning: Nashorn engine is planned to be removed from a future JDK release
Warning: Nashorn engine is planned to be removed from a future JDK release
Warning: Nashorn engine is planned to be removed from a future JDK release
Warning: Nashorn engine is planned to be removed from a future JDK release
Warning: Nashorn engine is planned to be removed from a future JDK release
Warning: Nashorn engine is planned to be removed from a future JDK release
Warning: Nashorn engine is planned to be removed from a future JDK release
Warning: Nashorn engine is planned to be removed from a future JDK release
Warning: Nashorn engine is planned to be removed from a future JDK release
Warning: Nashorn engine is planned to be removed from a future JDK release
Warning: Nashorn engine is planned to be removed from a future JDK release
Warning: Nashorn engine is planned to be removed from a future JDK release
Warning: Nashorn engine is planned to be removed from a future JDK release
Warning: Nashorn engine is planned to be removed from a future JDK release
Warning: Nashorn engine is planned to be removed from a future JDK release
Warning: Nashorn engine is planned to be removed from a future JDK release
Warning: Nashorn engine is planned to be removed from a future JDK release
Warning: Nashorn engine is planned to be removed from a future JDK release
Warning: Nashorn engine is planned to be removed from a future JDK release
Warning: Nashorn engine is planned to be removed from a future JDK release
Warning: Nashorn engine is planned to be removed from a future JDK release
Warning: Nashorn engine is planned to be removed from a future JDK release
Warning: Nashorn engine is planned to be removed from a future JDK release
Warning: Nashorn engine is planned to be removed from a future JDK release
Warning: Nashorn engine is planned to be removed from a future JDK release
Warning: Nashorn engine is planned to be removed from a future JDK release
Warning: Nashorn engine is planned to be removed from a future JDK release
Warning: Nashorn engine is planned to be removed from a future JDK release
Warning: Nashorn engine is planned to be removed from a future JDK release
Warning: Nashorn engine is planned to be removed from a future JDK release
Warning: Nashorn engine is planned to be removed from a future JDK release
Warning: Nashorn engine is planned to be removed from a future JDK release
Warning: Nashorn engine is planned to be removed from a future JDK release
Warning: Nashorn engine is planned to be removed from a future JDK release
Warning: Nashorn engine is planned to be removed from a future JDK release
Warning: Nashorn engine is planned to be removed from a future JDK release
Warning: Nashorn engine is planned to be removed from a future JDK release
Warning: Nashorn engine is planned to be removed from a future JDK release
Warning: Nashorn engine is planned to be removed from a future JDK release
Warning: Nashorn engine is planned to be removed from a future JDK release
Warning: Nashorn engine is planned to be removed from a future JDK release
Warning: Nashorn engine is planned to be removed from a future JDK release
Warning: Nashorn engine is planned to be removed from a future JDK release
Warning: Nashorn engine is planned to be removed from a future JDK release
Warning: Nashorn engine is planned to be removed from a future JDK release
Warning: Nashorn engine is planned to be removed from a future JDK release
Warning: Nashorn engine is planned to be removed from a future JDK release
Warning: Nashorn engine is planned to be removed from a future JDK release
Warning: Nashorn engine is planned to be removed from a future JDK release
Warning: Nashorn engine is planned to be removed from a future JDK release
Warning: Nashorn engine is planned to be removed from a future JDK release
Warning: Nashorn engine is planned to be removed from a future JDK release
Warning: Nashorn engine is planned to be removed from a future JDK release
Warning: Nashorn engine is planned to be removed from a future JDK release
Warning: Nashorn engine is planned to be removed from a future JDK release
Warning: Nashorn engine is planned to be removed from a future JDK release
Warning: Nashorn engine is planned to be removed from a future JDK release
Warning: Nashorn engine is planned to be removed from a future JDK release
Warning: Nashorn engine is planned to be removed from a future JDK release
Warning: Nashorn engine is planned to be removed from a future JDK release
Warning: Nashorn engine is planned to be removed from a future JDK release
Warning: Nashorn engine is planned to be removed from a future JDK release
Warning: Nashorn engine is planned to be removed from a future JDK release
Warning: Nashorn engine is planned to be removed from a future JDK release
Warning: Nashorn engine is planned to be removed from a future JDK release
Warning: Nashorn engine is planned to be removed from a future JDK release
Warning: Nashorn engine is planned to be removed from a future JDK release
Warning: Nashorn engine is planned to be removed from a future JDK release
Warning: Nashorn engine is planned to be removed from a future JDK release
Warning: Nashorn engine is planned to be removed from a future JDK release
Warning: Nashorn engine is planned to be removed from a future JDK release
Warning: Nashorn engine is planned to be removed from a future JDK release
Warning: Nashorn engine is planned to be removed from a future JDK release
Warning: Nashorn engine is planned to be removed from a future JDK release
Warning: Nashorn engine is planned to be removed from a future JDK release
Warning: Nashorn engine is planned to be removed from a future JDK release
Warning: Nashorn engine is planned to be removed from a future JDK release
Warning: Nashorn engine is planned to be removed from a future JDK release
Warning: Nashorn engine is planned to be removed from a future JDK release
Warning: Nashorn engine is planned to be removed from a future JDK release
Warning: Nashorn engine is planned to be removed from a future JDK release
Warning: Nashorn engine is planned to be removed from a future JDK release
Warning: Nashorn engine is planned to be removed from a future JDK release
Warning: Nashorn engine is planned to be removed from a future JDK release
Warning: Nashorn engine is planned to be removed from a future JDK release
Warning: Nashorn engine is planned to be removed from a future JDK release
Warning: Nashorn engine is planned to be removed from a future JDK release
Warning: Nashorn engine is planned to be removed from a future JDK release
Warning: Nashorn engine is planned to be removed from a future JDK release
Warning: Nashorn engine is planned to be removed from a future JDK release
Warning: Nashorn engine is planned to be removed from a future JDK release
Warning: Nashorn engine is planned to be removed from a future JDK release
Warning: Nashorn engine is planned to be removed from a future JDK release
Warning: Nashorn engine is planned to be removed from a future JDK release
Warning: Nashorn engine is planned to be removed from a future JDK release
Warning: Nashorn engine is planned to be removed from a future JDK release
Warning: Nashorn engine is planned to be removed from a future JDK release
Warning: Nashorn engine is planned to be removed from a future JDK release
Warning: Nashorn engine is planned to be removed from a future JDK release
Warning: Nashorn engine is planned to be removed from a future JDK release
Warning: Nashorn engine is planned to be removed from a future JDK release
Warning: Nashorn engine is planned to be removed from a future JDK release
Warning: Nashorn engine is planned to be removed from a future JDK release
Warning: Nashorn engine is planned to be removed from a future JDK release
Warning: Nashorn engine is planned to be removed from a future JDK release
Warning: Nashorn engine is planned to be removed from a future JDK release
Warning: Nashorn engine is planned to be removed from a future JDK release
Warning: Nashorn engine is planned to be removed from a future JDK release
Warning: Nashorn engine is planned to be removed from a future JDK release
Warning: Nashorn engine is planned to be removed from a future JDK release
Warning: Nashorn engine is planned to be removed from a future JDK release
Warning: Nashorn engine is planned to be removed from a future JDK release
Warning: Nashorn engine is planned to be removed from a future JDK release
Warning: Nashorn engine is planned to be removed from a future JDK release
Warning: Nashorn engine is planned to be removed from a future JDK release
Warning: Nashorn engine is planned to be removed from a future JDK release
Warning: Nashorn engine is planned to be removed from a future JDK release
Warning: Nashorn engine is planned to be removed from a future JDK release
Warning: Nashorn engine is planned to be removed from a future JDK release
Warning: Nashorn engine is planned to be removed from a future JDK release
Warning: Nashorn engine is planned to be removed from a future JDK release
Warning: Nashorn engine is planned to be removed from a future JDK release
Warning: Nashorn engine is planned to be removed from a future JDK release
Warning: Nashorn engine is planned to be removed from a future JDK release
Warning: Nashorn engine is planned to be removed from a future JDK release
Warning: Nashorn engine is planned to be removed from a future JDK release
Warning: Nashorn engine is planned to be removed from a future JDK release
Warning: Nashorn engine is planned to be removed from a future JDK release
Warning: Nashorn engine is planned to be removed from a future JDK release
Warning: Nashorn engine is planned to be removed from a future JDK release
Warning: Nashorn engine is planned to be removed from a future JDK release
Warning: Nashorn engine is planned to be removed from a future JDK release
Warning: Nashorn engine is planned to be removed from a future JDK release
Warning: Nashorn engine is planned to be removed from a future JDK release
Warning: Nashorn engine is planned to be removed from a future JDK release
Warning: Nashorn engine is planned to be removed from a future JDK release
Warning: Nashorn engine is planned to be removed from a future JDK release
Warning: Nashorn engine is planned to be removed from a future JDK release
Warning: Nashorn engine is planned to be removed from a future JDK release
Warning: Nashorn engine is planned to be removed from a future JDK release
Warning: Nashorn engine is planned to be removed from a future JDK release
Warning: Nashorn engine is planned to be removed from a future JDK release
Warning: Nashorn engine is planned to be removed from a future JDK release
Warning: Nashorn engine is planned to be removed from a future JDK release
Warning: Nashorn engine is planned to be removed from a future JDK release
Warning: Nashorn engine is planned to be removed from a future JDK release
Warning: Nashorn engine is planned to be removed from a future JDK release
Warning: Nashorn engine is planned to be removed from a future JDK release
Warning: Nashorn engine is planned to be removed from a future JDK release
Warning: Nashorn engine is planned to be removed from a future JDK release
Warning: Nashorn engine is planned to be removed from a future JDK release
Warning: Nashorn engine is planned to be removed from a future JDK release
Warning: Nashorn engine is planned to be removed from a future JDK release
Warning: Nashorn engine is planned to be removed from a future JDK release
Warning: Nashorn engine is planned to be removed from a future JDK release
Warning: Nashorn engine is planned to be removed from a future JDK release
Warning: Nashorn engine is planned to be removed from a future JDK release
Warning: Nashorn engine is planned to be removed from a future JDK release
Warning: Nashorn engine is planned to be removed from a future JDK release
Warning: Nashorn engine is planned to be removed from a future JDK release
Warning: Nashorn engine is planned to be removed from a future JDK release
Warning: Nashorn engine is planned to be removed from a future JDK release
Warning: Nashorn engine is planned to be removed from a future JDK release
Warning: Nashorn engine is planned to be removed from a future JDK release
Warning: Nashorn engine is planned to be removed from a future JDK release
Warning: Nashorn engine is planned to be removed from a future JDK release
Warning: Nashorn engine is planned to be removed from a future JDK release
Warning: Nashorn engine is planned to be removed from a future JDK release
Warning: Nashorn engine is planned to be removed from a future JDK release
Warning: Nashorn engine is planned to be removed from a future JDK release
Warning: Nashorn engine is planned to be removed from a future JDK release
Warning: Nashorn engine is planned to be removed from a future JDK release
Warning: Nashorn engine is planned to be removed from a future JDK release
Warning: Nashorn engine is planned to be removed from a future JDK release
Warning: Nashorn engine is planned to be removed from a future JDK release
Warning: Nashorn engine is planned to be removed from a future JDK release
Warning: Nashorn engine is planned to be removed from a future JDK release
Warning: Nashorn engine is planned to be removed from a future JDK release
Warning: Nashorn engine is planned to be removed from a future JDK release
Warning: Nashorn engine is planned to be removed from a future JDK release
Warning: Nashorn engine is planned to be removed from a future JDK release
Warning: Nashorn engine is planned to be removed from a future JDK release
Warning: Nashorn engine is planned to be removed from a future JDK release
Warning: Nashorn engine is planned to be removed from a future JDK release
Warning: Nashorn engine is planned to be removed from a future JDK release
Warning: Nashorn engine is planned to be removed from a future JDK release
Warning: Nashorn engine is planned to be removed from a future JDK release
Warning: Nashorn engine is planned to be removed from a future JDK release
Warning: Nashorn engine is planned to be removed from a future JDK release
Warning: Nashorn engine is planned to be removed from a future JDK release
Warning: Nashorn engine is planned to be removed from a future JDK release
Warning: Nashorn engine is planned to be removed from a future JDK release
Warning: Nashorn engine is planned to be removed from a future JDK release
Warning: Nashorn engine is planned to be removed from a future JDK release
Warning: Nashorn engine is planned to be removed from a future JDK release
Warning: Nashorn engine is planned to be removed from a future JDK release
Warning: Nashorn engine is planned to be removed from a future JDK release
Warning: Nashorn engine is planned to be removed from a future JDK release
Warning: Nashorn engine is planned to be removed from a future JDK release
Warning: Nashorn engine is planned to be removed from a future JDK release
Warning: Nashorn engine is planned to be removed from a future JDK release
Warning: Nashorn engine is planned to be removed from a future JDK release
Warning: Nashorn engine is planned to be removed from a future JDK release
Warning: Nashorn engine is planned to be removed from a future JDK release
Warning: Nashorn engine is planned to be removed from a future JDK release
Warning: Nashorn engine is planned to be removed from a future JDK release
Warning: Nashorn engine is planned to be removed from a future JDK release
Warning: Nashorn engine is planned to be removed from a future JDK release
Warning: Nashorn engine is planned to be removed from a future JDK release
Warning: Nashorn engine is planned to be removed from a future JDK release
Warning: Nashorn engine is planned to be removed from a future JDK release
Warning: Nashorn engine is planned to be removed from a future JDK release
Warning: Nashorn engine is planned to be removed from a future JDK release
Warning: Nashorn engine is planned to be removed from a future JDK release
Warning: Nashorn engine is planned to be removed from a future JDK release
Warning: Nashorn engine is planned to be removed from a future JDK release
Warning: Nashorn engine is planned to be removed from a future JDK release
Warning: Nashorn engine is planned to be removed from a future JDK release
Warning: Nashorn engine is planned to be removed from a future JDK release
Warning: Nashorn engine is planned to be removed from a future JDK release
Warning: Nashorn engine is planned to be removed from a future JDK release
Warning: Nashorn engine is planned to be removed from a future JDK release
Warning: Nashorn engine is planned to be removed from a future JDK release
Warning: Nashorn engine is planned to be removed from a future JDK release
Warning: Nashorn engine is planned to be removed from a future JDK release
Warning: Nashorn engine is planned to be removed from a future JDK release
Warning: Nashorn engine is planned to be removed from a future JDK release
Warning: Nashorn engine is planned to be removed from a future JDK release
Warning: Nashorn engine is planned to be removed from a future JDK release
Warning: Nashorn engine is planned to be removed from a future JDK release
Warning: Nashorn engine is planned to be removed from a future JDK release
Warning: Nashorn engine is planned to be removed from a future JDK release
Warning: Nashorn engine is planned to be removed from a future JDK release
Warning: Nashorn engine is planned to be removed from a future JDK release
Warning: Nashorn engine is planned to be removed from a future JDK release
Warning: Nashorn engine is planned to be removed from a future JDK release
Warning: Nashorn engine is planned to be removed from a future JDK release
Warning: Nashorn engine is planned to be removed from a future JDK release
Warning: Nashorn engine is planned to be removed from a future JDK release
Warning: Nashorn engine is planned to be removed from a future JDK release
Warning: Nashorn engine is planned to be removed from a future JDK release
Warning: Nashorn engine is planned to be removed from a future JDK release
Warning: Nashorn engine is planned to be removed from a future JDK release
Warning: Nashorn engine is planned to be removed from a future JDK release
Warning: Nashorn engine is planned to be removed from a future JDK release
Warning: Nashorn engine is planned to be removed from a future JDK release
Warning: Nashorn engine is planned to be removed from a future JDK release
Warning: Nashorn engine is planned to be removed from a future JDK release
Warning: Nashorn engine is planned to be removed from a future JDK release
Warning: Nashorn engine is planned to be removed from a future JDK release
Warning: Nashorn engine is planned to be removed from a future JDK release
Warning: Nashorn engine is planned to be removed from a future JDK release
Warning: Nashorn engine is planned to be removed from a future JDK release
Warning: Nashorn engine is planned to be removed from a future JDK release
Warning: Nashorn engine is planned to be removed from a future JDK release
Warning: Nashorn engine is planned to be removed from a future JDK release
Warning: Nashorn engine is planned to be removed from a future JDK release
Warning: Nashorn engine is planned to be removed from a future JDK release
Warning: Nashorn engine is planned to be removed from a future JDK release
Warning: Nashorn engine is planned to be removed from a future JDK release
Warning: Nashorn engine is planned to be removed from a future JDK release
Warning: Nashorn engine is planned to be removed from a future JDK release
Warning: Nashorn engine is planned to be removed from a future JDK release
Warning: Nashorn engine is planned to be removed from a future JDK release
Warning: Nashorn engine is planned to be removed from a future JDK release
Warning: Nashorn engine is planned to be removed from a future JDK release
Warning: Nashorn engine is planned to be removed from a future JDK release
Warning: Nashorn engine is planned to be removed from a future JDK release
Warning: Nashorn engine is planned to be removed from a future JDK release
Warning: Nashorn engine is planned to be removed from a future JDK release
Warning: Nashorn engine is planned to be removed from a future JDK release
Warning: Nashorn engine is planned to be removed from a future JDK release
Warning: Nashorn engine is planned to be removed from a future JDK release
Warning: Nashorn engine is planned to be removed from a future JDK release
Warning: Nashorn engine is planned to be removed from a future JDK release
Warning: Nashorn engine is planned to be removed from a future JDK release
Warning: Nashorn engine is planned to be removed from a future JDK release
Warning: Nashorn engine is planned to be removed from a future JDK release
Warning: Nashorn engine is planned to be removed from a future JDK release
Warning: Nashorn engine is planned to be removed from a future JDK release
Warning: Nashorn engine is planned to be removed from a future JDK release
Warning: Nashorn engine is planned to be removed from a future JDK release
Warning: Nashorn engine is planned to be removed from a future JDK release
Warning: Nashorn engine is planned to be removed from a future JDK release
Warning: Nashorn engine is planned to be removed from a future JDK release
Warning: Nashorn engine is planned to be removed from a future JDK release
Warning: Nashorn engine is planned to be removed from a future JDK release
Warning: Nashorn engine is planned to be removed from a future JDK release
Warning: Nashorn engine is planned to be removed from a future JDK release
Warning: Nashorn engine is planned to be removed from a future JDK release
Warning: Nashorn engine is planned to be removed from a future JDK release
Warning: Nashorn engine is planned to be removed from a future JDK release
Warning: Nashorn engine is planned to be removed from a future JDK release
Warning: Nashorn engine is planned to be removed from a future JDK release
Warning: Nashorn engine is planned to be removed from a future JDK release
Warning: Nashorn engine is planned to be removed from a future JDK release
Warning: Nashorn engine is planned to be removed from a future JDK release
Warning: Nashorn engine is planned to be removed from a future JDK release
Warning: Nashorn engine is planned to be removed from a future JDK release
Warning: Nashorn engine is planned to be removed from a future JDK release
Warning: Nashorn engine is planned to be removed from a future JDK release
Warning: Nashorn engine is planned to be removed from a future JDK release
Warning: Nashorn engine is planned to be removed from a future JDK release
Warning: Nashorn engine is planned to be removed from a future JDK release
Warning: Nashorn engine is planned to be removed from a future JDK release
Warning: Nashorn engine is planned to be removed from a future JDK release
Warning: Nashorn engine is planned to be removed from a future JDK release
Warning: Nashorn engine is planned to be removed from a future JDK release
Warning: Nashorn engine is planned to be removed from a future JDK release
Warning: Nashorn engine is planned to be removed from a future JDK release
Warning: Nashorn engine is planned to be removed from a future JDK release
Warning: Nashorn engine is planned to be removed from a future JDK release
Warning: Nashorn engine is planned to be removed from a future JDK release
Warning: Nashorn engine is planned to be removed from a future JDK release
Warning: Nashorn engine is planned to be removed from a future JDK release
Warning: Nashorn engine is planned to be removed from a future JDK release
Warning: Nashorn engine is planned to be removed from a future JDK release
Warning: Nashorn engine is planned to be removed from a future JDK release
Warning: Nashorn engine is planned to be removed from a future JDK release
Warning: Nashorn engine is planned to be removed from a future JDK release
Warning: Nashorn engine is planned to be removed from a future JDK release
Warning: Nashorn engine is planned to be removed from a future JDK release
Warning: Nashorn engine is planned to be removed from a future JDK release
Warning: Nashorn engine is planned to be removed from a future JDK release
Warning: Nashorn engine is planned to be removed from a future JDK release
Warning: Nashorn engine is planned to be removed from a future JDK release
Warning: Nashorn engine is planned to be removed from a future JDK release
Warning: Nashorn engine is planned to be removed from a future JDK release
Warning: Nashorn engine is planned to be removed from a future JDK release
Warning: Nashorn engine is planned to be removed from a future JDK release
Warning: Nashorn engine is planned to be removed from a future JDK release
Warning: Nashorn engine is planned to be removed from a future JDK release
Warning: Nashorn engine is planned to be removed from a future JDK release
Warning: Nashorn engine is planned to be removed from a future JDK release
Warning: Nashorn engine is planned to be removed from a future JDK release
Warning: Nashorn engine is planned to be removed from a future JDK release
Warning: Nashorn engine is planned to be removed from a future JDK release
Warning: Nashorn engine is planned to be removed from a future JDK release
Warning: Nashorn engine is planned to be removed from a future JDK release
Warning: Nashorn engine is planned to be removed from a future JDK release
Warning: Nashorn engine is planned to be removed from a future JDK release
Warning: Nashorn engine is planned to be removed from a future JDK release
Warning: Nashorn engine is planned to be removed from a future JDK release
Warning: Nashorn engine is planned to be removed from a future JDK release
Warning: Nashorn engine is planned to be removed from a future JDK release
Warning: Nashorn engine is planned to be removed from a future JDK release
Warning: Nashorn engine is planned to be removed from a future JDK release
Warning: Nashorn engine is planned to be removed from a future JDK release
Warning: Nashorn engine is planned to be removed from a future JDK release
Warning: Nashorn engine is planned to be removed from a future JDK release
Warning: Nashorn engine is planned to be removed from a future JDK release
Warning: Nashorn engine is planned to be removed from a future JDK release
Warning: Nashorn engine is planned to be removed from a future JDK release
Warning: Nashorn engine is planned to be removed from a future JDK release
Warning: Nashorn engine is planned to be removed from a future JDK release
Warning: Nashorn engine is planned to be removed from a future JDK release
Warning: Nashorn engine is planned to be removed from a future JDK release
Warning: Nashorn engine is planned to be removed from a future JDK release
Warning: Nashorn engine is planned to be removed from a future JDK release
Warning: Nashorn engine is planned to be removed from a future JDK release
Warning: Nashorn engine is planned to be removed from a future JDK release
Warning: Nashorn engine is planned to be removed from a future JDK release
Warning: Nashorn engine is planned to be removed from a future JDK release
Warning: Nashorn engine is planned to be removed from a future JDK release
Warning: Nashorn engine is planned to be removed from a future JDK release
Warning: Nashorn engine is planned to be removed from a future JDK release
Warning: Nashorn engine is planned to be removed from a future JDK release
Warning: Nashorn engine is planned to be removed from a future JDK release
Warning: Nashorn engine is planned to be removed from a future JDK release
Warning: Nashorn engine is planned to be removed from a future JDK release
Warning: Nashorn engine is planned to be removed from a future JDK release
Warning: Nashorn engine is planned to be removed from a future JDK release
Warning: Nashorn engine is planned to be removed from a future JDK release
Warning: Nashorn engine is planned to be removed from a future JDK release
Warning: Nashorn engine is planned to be removed from a future JDK release
Warning: Nashorn engine is planned to be removed from a future JDK release
Warning: Nashorn engine is planned to be removed from a future JDK release
Warning: Nashorn engine is planned to be removed from a future JDK release
Warning: Nashorn engine is planned to be removed from a future JDK release
Warning: Nashorn engine is planned to be removed from a future JDK release
Warning: Nashorn engine is planned to be removed from a future JDK release
Warning: Nashorn engine is planned to be removed from a future JDK release
Warning: Nashorn engine is planned to be removed from a future JDK release
Warning: Nashorn engine is planned to be removed from a future JDK release
Warning: Nashorn engine is planned to be removed from a future JDK release
Warning: Nashorn engine is planned to be removed from a future JDK release
Warning: Nashorn engine is planned to be removed from a future JDK release
Warning: Nashorn engine is planned to be removed from a future JDK release
Warning: Nashorn engine is planned to be removed from a future JDK release
Warning: Nashorn engine is planned to be removed from a future JDK release
Warning: Nashorn engine is planned to be removed from a future JDK release
Warning: Nashorn engine is planned to be removed from a future JDK release
Warning: Nashorn engine is planned to be removed from a future JDK release
Warning: Nashorn engine is planned to be removed from a future JDK release
Warning: Nashorn engine is planned to be removed from a future JDK release
Warning: Nashorn engine is planned to be removed from a future JDK release
Warning: Nashorn engine is planned to be removed from a future JDK release
Warning: Nashorn engine is planned to be removed from a future JDK release
Warning: Nashorn engine is planned to be removed from a future JDK release
Warning: Nashorn engine is planned to be removed from a future JDK release
Warning: Nashorn engine is planned to be removed from a future JDK release
Warning: Nashorn engine is planned to be removed from a future JDK release
Warning: Nashorn engine is planned to be removed from a future JDK release
Warning: Nashorn engine is planned to be removed from a future JDK release
Warning: Nashorn engine is planned to be removed from a future JDK release
Warning: Nashorn engine is planned to be removed from a future JDK release
Warning: Nashorn engine is planned to be removed from a future JDK release
Warning: Nashorn engine is planned to be removed from a future JDK release
Warning: Nashorn engine is planned to be removed from a future JDK release
Warning: Nashorn engine is planned to be removed from a future JDK release
Warning: Nashorn engine is planned to be removed from a future JDK release
Warning: Nashorn engine is planned to be removed from a future JDK release
Warning: Nashorn engine is planned to be removed from a future JDK release
Warning: Nashorn engine is planned to be removed from a future JDK release
Warning: Nashorn engine is planned to be removed from a future JDK release
Warning: Nashorn engine is planned to be removed from a future JDK release
Warning: Nashorn engine is planned to be removed from a future JDK release
]]></system-err>
</testsuite>
