<?xml version="1.0" encoding="UTF-8" ?>
<testsuite errors="1" failures="0" hostname="travis-job-1bef8b22-c0b4-4944-a042-228c4b9d5682" name="ptolemy.actor.lib.test.junit.JUnitTclTest" skipped="0" tests="517" time="59.408" timestamp="2020-10-10T15:46:47">
  <properties>
    <property name="npm.executable" value="npm" />
    <property name="env.TRAVIS_ROOT" value="/" />
    <property name="ptII.mk.exists" value="true" />
    <property name="env.TRAVIS_APP_HOST" value="build.travis-ci.com" />
    <property name="env.rvm_bin_path" value="/home/travis/.rvm/bin" />
    <property name="java.home" value="/usr/local/lib/jvm/openjdk11" />
    <property name="env.TRAVIS_JOB_NUMBER" value="1792.8" />
    <property name="env.TRAVIS_HOME" value="/home/travis" />
    <property name="env.DISPLAY" value=":99.0" />
    <property name="env.TRAVIS_INIT" value="systemd" />
    <property name="env.SSH_TTY" value="/dev/pts/0" />
    <property name="java.net.preferIPv4Stack" value="true" />
    <property name="env.RUN_TESTS" value="true" />
    <property name="timeout.short" value="1000000" />
    <property name="junit.formatter" value="xml" />
    <property name="env.TRAVIS_SUDO" value="true" />
    <property name="env.TRAVIS_JOB_NAME" value="" />
    <property name="env.TRAVIS_STACK_NODE_ATTRIBUTES" value="/.node-attributes.yml" />
    <property name="env.LOGNAME" value="travis" />
    <property name="env.PT_TRAVIS_TEST_CORE1_XML" value="true" />
    <property name="jsdoc.home" value="node_modules/@terraswarm/jsdoc" />
    <property name="debuglevel" value="source,lines,vars" />
    <property name="checkstyle.formatter" value="xml" />
    <property name="bin.vergil.makeable" value="true" />
    <property name="sun.os.patch.level" value="unknown" />
    <property name="java.vendor.url" value="http://java.oracle.com/" />
    <property name="env.TRAVIS_BUILD_WEB_URL" value="https://travis-ci.com/icyphy/ptII/builds/189201547" />
    <property name="java.version" value="11.0.2" />
    <property name="env.TZ" value="UTC" />
    <property name="env.TRAVIS_PULL_REQUEST_SHA" value="" />
    <property name="env.PT_NO_NET" value="true" />
    <property name="env.TRAVIS_SECURE_ENV_VARS" value="true" />
    <property name="java.vendor.url.bug" value="http://bugreport.java.com/bugreport/" />
    <property name="npmjs-org-is-up" value="true" />
    <property name="env.LANGUAGE" value="en_US.UTF-8" />
    <property name="env.SSH_CLIENT" value="10.16.4.7 56116 22" />
    <property name="env.GEM_HOME" value="/home/travis/.rvm/gems/ruby-2.5.3" />
    <property name="env.HAS_ANTARES_THREE_LITTLE_FRONZIES_BADGE" value="true" />
    <property name="java.version.date" value="2019-01-15" />
    <property name="env.PS4" value="+" />
    <property name="ant.project.invoked-targets" value="build,test.core1.xml" />
    <property name="env.TRAVIS_PULL_REQUEST_BRANCH" value="" />
    <property name="env.TRAVIS_REPO_SLUG" value="icyphy/ptII" />
    <property name="env.XDG_DATA_DIRS" value="/usr/local/share:/usr/share:/var/lib/snapd/desktop" />
    <property name="jdk.debug" value="release" />
    <property name="env.TRAVIS_APT_PROXY" value="http://build-cache.travisci.net" />
    <property name="env.TRAVIS_CPU_ARCH" value="amd64" />
    <property name="node.in.path" value="true" />
    <property name="user.name" value="travis" />
    <property name="java.maxmemory" value="1400m" />
    <property name="env.RUBY_VERSION" value="ruby-2.5.3" />
    <property name="env.LANG" value="en_US.UTF-8" />
    <property name="sun.io.unicode.encoding" value="UnicodeLittle" />
    <property name="sun.jnu.encoding" value="UTF-8" />
    <property name="java.runtime.name" value="OpenJDK Runtime Environment" />
    <property name="usefile" value="false" />
    <property name="return.code" value="0" />
    <property name="junit.single.formatter" value="plain" />
    <property name="env.DYLD_LIBRARY_PATH" value="/home/travis/pthla/certi-tools/lib:" />
    <property name="env.DEBIAN_FRONTEND" value="noninteractive" />
    <property name="env.SSH_CONNECTION" value="10.16.4.7 56116 10.30.255.43 22" />
    <property name="env.MYSQL_UNIX_PORT" value="/var/run/mysqld/mysqld.sock" />
    <property name="env.LC_ALL" value="en_US.UTF-8" />
    <property name="env.TRAVIS_ALLOW_FAILURE" value="" />
    <property name="env.TRAVIS_JOB_WEB_URL" value="https://travis-ci.com/icyphy/ptII/jobs/397757004" />
    <property name="java.specification.name" value="Java Platform API Specification" />
    <property name="node.works" value="true" />
    <property name="user.timezone" value="" />
    <property name="path.separator" value=":" />
    <property name="env.TRAVIS_ENABLE_INFRA_DETECTION" value="true" />
    <property name="env.PYTHON_CFLAGS" value="-g -fstack-protector --param=ssp-buffer-size=4 -Wformat -Werror=format-security" />
    <property name="timeout.long" value="4000000" />
    <property name="env.CERTI_HOME" value="/home/travis/pthla/certi-tools" />
    <property name="ant.file.ptII" value="/home/travis/build/icyphy/ptII/build.xml" />
    <property name="javadoc.packagenames" value="com.*,diva.*,lbnl.*,org.hlacerti.*,org.json.*,org.ptolemy.*,org.terraswarm.*,ptolemy.*,ptserver.*" />
    <property name="file.encoding" value="UTF-8" />
    <property name="env.TRAVIS_PULL_REQUEST_SLUG" value="" />
    <property name="ant.project.default-target" value="build" />
    <property name="env.GIT_ASKPASS" value="echo" />
    <property name="env.HOME" value="/home/travis" />
    <property name="sun.java.command" value="org.apache.tools.ant.taskdefs.optional.junit.JUnitTestRunner ptolemy.actor.lib.test.junit.JUnitTclTest skipNonTests=false filtertrace=true haltOnError=false haltOnFailure=false formatter=org.apache.tools.ant.taskdefs.optional.junit.OutErrSummaryJUnitResultFormatter showoutput=true outputtoformatters=true logfailedtests=true threadid=0 logtestlistenerevents=false formatter=org.apache.tools.ant.taskdefs.optional.junit.XMLJUnitResultFormatter,/home/travis/build/icyphy/ptII/reports/junit/TEST-ptolemy.actor.lib.test.junit.JUnitTclTest.xml crashfile=/home/travis/build/icyphy/ptII/junitvmwatcher6110386388062295304.properties propsfile=/home/travis/build/icyphy/ptII/junit4540205592213431857.properties" />
    <property name="env.COMPOSER_NO_INTERACTION" value="1" />
    <property name="env.MANPATH" value="/home/travis/.nvm/versions/node/v7.10.1/share/man:/home/travis/.rvm/rubies/ruby-2.5.3/share/man:/usr/local/cmake-3.12.4/man:/usr/local/clang-7.0.0/share/man:/usr/local/man:/usr/local/share/man:/usr/share/man:/home/travis/.rvm/man" />
    <property name="env.TRAVIS_TIMER_ID" value="1fa1e0d6" />
    <property name="ant.file" value="/home/travis/build/icyphy/ptII/build.xml" />
    <property name="env.TRAVIS_COMMIT_RANGE" value="3bb573e462e9b4151952318d01b7e361e9f419ad...74248200255084cca0f8d02e5ad09f36c0965423" />
    <property name="ptII.classpath.optional.property" value="/home/travis/build/icyphy/ptII/lib/bsh-2.0b4.jar:/home/travis/build/icyphy/ptII/lib/ptCal.jar:/home/travis/build/icyphy/ptII/lib/java_cup.jar:/home/travis/build/icyphy/ptII/lib/saxon8.jar:/home/travis/build/icyphy/ptII/lib/saxon8-dom.jar:/home/travis/build/icyphy/ptII/lib/chic.jar:/home/travis/build/icyphy/ptII/lib/ptcolt.jar:/home/travis/build/icyphy/ptII/vendors/misc/itext/iText.jar:/home/travis/build/icyphy/ptII/lib/g4ltl.jar:/home/travis/build/icyphy/ptII/lib/StructuralCoder.jar:/home/travis/build/icyphy/ptII/lib/jcerti.jar:/home/travis/build/icyphy/ptII/lib/javax.mail.jar:/home/travis/build/icyphy/ptII/vendors/JMF-2.1.1e/lib/jmf.jar:/home/travis/build/icyphy/ptII/lib/jna-4.0.0-variadic.jar:/home/travis/build/icyphy/ptII/vendors/misc/joystick/Joystick.jar:/home/travis/build/icyphy/ptII/lib/ptjacl.jar:/home/travis/build/icyphy/ptII/lib/jsoup-1.8.2.jar:/home/travis/build/icyphy/ptII/lib/junit-4.8.2.jar:/home/travis/build/icyphy/ptII/lib/JUnitParams-0.4.0.jar:/home/travis/build/icyphy/ptII/ptolemy/actor/lib/excel/jxl.jar:/home/travis/build/icyphy/ptII/lib/jython.jar:/home/travis/build/icyphy/ptII/lib/kieler.jar:/home/travis/build/icyphy/ptII/vendors/opencv/share/OpenCV/java/opencv-341.jar:/home/travis/build/icyphy/ptII/lib/oscP5.jar:/home/travis/build/icyphy/ptII/lib/nrjavaserial-3.11.0.devel.jar:/home/travis/build/icyphy/ptII/vendors/j3d/lib/Linux/j3dcore.jar:/home/travis/build/icyphy/ptII/vendors/j3d/lib/Linux/j3dutils.jar:/home/travis/build/icyphy/ptII/vendors/j3d/lib/Linux/vecmath.jar:/home/travis/build/icyphy/ptII/vendors/jogl/lib/Linux/gluegen-rt-natives-linux-amd64.jar:/home/travis/build/icyphy/ptII/vendors/jogl/lib/Linux/gluegen-rt.jar:/home/travis/build/icyphy/ptII/vendors/jogl/lib/Linux/jogl-all-natives-linux-amd64.jar:/home/travis/build/icyphy/ptII/vendors/jogl/lib/Linux/jogl-all.jar:/home/travis/build/icyphy/ptII/ptolemy/distributed/jini/jar/jini-core.jar:/home/travis/build/icyphy/ptII/ptolemy/distributed/jini/jar/jini-ext.jar:/home/travis/build/icyphy/ptII/ptolemy/distributed/jini/jar/sun-util.jar:/home/travis/build/icyphy/ptII/lib/protobuf-java-2.4.1.jar:/home/travis/build/icyphy/ptII/lib/org.eclipse.paho.client.mqttv3.jar:/home/travis/build/icyphy/ptII/lib/mapss.jar:/home/travis/build/icyphy/ptII/ptolemy/actor/ptalon/antlr/antlr.jar:/home/travis/build/icyphy/ptII/lib/JRI.jar:/home/travis/build/icyphy/ptII/lib/commons-lang-2.6.jar:/home/travis/build/icyphy/ptII/lib/commons-logging-1.1.1.jar:/home/travis/build/icyphy/ptII/lib/sootclasses.jar:/home/travis/build/icyphy/ptII/ptolemy/actor/lib/database/mysql-connector-java-5.1.6-bin.jar:/home/travis/build/icyphy/ptII/vendors/misc/sphinx4/sphinx4-data-5prealpha.jar:/home/travis/build/icyphy/ptII/vendors/misc/sphinx4/sphinx4-core-5prealpha.jar:/home/travis/build/icyphy/ptII/lib/PDFRenderer.jar:/home/travis/build/icyphy/ptII/lib/svgSalamander.jar:/home/travis/build/icyphy/ptII/lib/rsyntaxtextarea-2.6.0-SNAPSHOT.jar:/home/travis/build/icyphy/ptII/lib/hazelcast-3.8.2.jar:/home/travis/build/icyphy/ptII/lib/jackson-annotations-2.9.0.jar:/home/travis/build/icyphy/ptII/lib/jackson-core-2.9.3.jar:/home/travis/build/icyphy/ptII/lib/jackson-databind-2.9.3.jar:/home/travis/build/icyphy/ptII/lib/netty-buffer-4.1.19.Final.jar:/home/travis/build/icyphy/ptII/lib/netty-codec-4.1.19.Final.jar:/home/travis/build/icyphy/ptII/lib/netty-codec-dns-4.1.19.Final.jar:/home/travis/build/icyphy/ptII/lib/netty-codec-http-4.1.19.Final.jar:/home/travis/build/icyphy/ptII/lib/netty-codec-http2-4.1.19.Final.jar:/home/travis/build/icyphy/ptII/lib/netty-common-4.1.19.Final.jar:/home/travis/build/icyphy/ptII/lib/netty-handler-4.1.19.Final.jar:/home/travis/build/icyphy/ptII/lib/netty-resolver-4.1.19.Final.jar:/home/travis/build/icyphy/ptII/lib/netty-resolver-dns-4.1.19.Final.jar:/home/travis/build/icyphy/ptII/lib/netty-transport-4.1.19.Final.jar:/home/travis/build/icyphy/ptII/lib/vertx-codegen-3.5.1.jar:/home/travis/build/icyphy/ptII/lib/vertx-core-3.5.2-SNAPSHOT.jar:/home/travis/build/icyphy/ptII/lib/vertx-hazelcast-3.5.1.jar:/home/travis/build/icyphy/ptII/lib/vertx-lang-js-3.5.1.jar:/home/travis/build/icyphy/ptII/lib/vertx-service-proxy-3.5.1.jar:/home/travis/build/icyphy/ptII/lib/vertx-web-3.5.1.jar:/home/travis/build/icyphy/ptII/lib/slf4j-api-1.7.13.jar:/home/travis/build/icyphy/ptII/lib/slf4j-simple-1.7.13.jar:/home/travis/build/icyphy/ptII/lib/webcam-capture-0.3.12.jar:/home/travis/build/icyphy/ptII/lib/bridj-0.7.0.jar:/home/travis/build/icyphy/ptII/lib/xbjlib-1.1.0.nrjavaserial.jar" />
    <property name="timeout" value="2400000" />
    <property name="test.batch" value="**/junit/*.java" />
    <property name="env._" value="/usr/bin/timeout" />
    <property name="java.io.tmpdir" value="/tmp" />
    <property name="user.language" value="en" />
    <property name="env.TRAVIS_INTERNAL_RUBY_REGEX" value="^ruby-(2\.[0-4]\.[0-9]|1\.9\.3)" />
    <property name="env.HISTCONTROL" value="ignoredups:ignorespace" />
    <property name="env.GOROOT" value="/home/travis/.gimme/versions/go1.11.1.linux.amd64" />
    <property name="line.separator" value="&#xa;" />
    <property name="target" value="11" />
    <property name="env.TRAVIS_BUILD_DIR" value="/home/travis/build/icyphy/ptII" />
    <property name="env.ANT_OPTS" value="-Xmx2048m" />
    <property name="ant.file.type" value="file" />
    <property name="ptolemy.ptII.batchMode" value="true" />
    <property name="env.HISTSIZE" value="1000" />
    <property name="env.MERB_ENV" value="test" />
    <property name="java.vm.info" value="mixed mode" />
    <property name="source" value="11" />
    <property name="java.vm.specification.name" value="Java Virtual Machine Specification" />
    <property name="env.TRAVIS_TEST_RESULT" value="0" />
    <property name="jsdoc.command" value="node_modules/@terraswarm/jsdoc/jsdoc.js" />
    <property name="npm.works" value="true" />
    <property name="cobertura.dir" value="/home/travis/build/icyphy/ptII/vendors/cobertura-2.0.3" />
    <property name="jsdoc.command.exists" value="true" />
    <property name="env.rvm_path" value="/home/travis/.rvm" />
    <property name="env.GEM_PATH" value="/home/travis/.rvm/gems/ruby-2.5.3:/home/travis/.rvm/gems/ruby-2.5.3@global" />
    <property name="env.LC_CTYPE" value="en_US.UTF-8" />
    <property name="env.TRAVIS_CMD" value="$PTII/bin/ptIITravisBuild.sh $SECONDS" />
    <property name="java.awt.printerjob" value="sun.print.PSPrinterJob" />
    <property name="env.TRAVIS_STACK_NAME" value="sardonyx" />
    <property name="env.TRAVIS_TIMER_START_TIME" value="1602344242537404838" />
    <property name="ant.version" value="Apache Ant(TM) version 1.10.1 compiled on February 2 2017" />
    <property name="ptII.reports" value="/home/travis/build/icyphy/ptII/reports" />
    <property name="env.TRAVIS_STACK_TIMESTAMP" value="2020-06-24 13:13:18 UTC" />
    <property name="ant.file.type.ptII" value="file" />
    <property name="env.RBENV_SHELL" value="bash" />
    <property name="os.name" value="Linux" />
    <property name="java.specification.vendor" value="Oracle Corporation" />
    <property name="env.rvm_version" value="1.29.10 (latest)" />
    <property name="env.TRAVIS_INFRA" value="unknown" />
    <property name="env.TERM" value="xterm" />
    <property name="java.vm.name" value="OpenJDK 64-Bit Server VM" />
    <property name="env.TRAVIS_BUILD_NUMBER" value="1792" />
    <property name="env.CI" value="true" />
    <property name="java.library.path" value="/home/travis/pthla/certi-tools/lib:/usr/lib/jni:/usr/local/share/OpenCV/java/:/usr/share/OpenCV/java::/usr/java/packages/lib:/usr/lib64:/lib64:/lib:/usr/lib" />
    <property name="jdk.module.path" value="/home/travis/build/icyphy/ptII/vendors/javafx/javafx-sdk-11.0.2/lib:" />
    <property name="env.rvm_prefix" value="/home/travis" />
    <property name="env.PATH" value="/home/travis/pthla/certi-tools/share/scripts:/home/travis/.rvm/gems/ruby-2.5.3/bin:/home/travis/.rvm/gems/ruby-2.5.3@global/bin:/home/travis/.rvm/rubies/ruby-2.5.3/bin:/home/travis/.rvm/bin:/home/travis/.nvm/versions/node/v7.10.1/bin:./node_modules/.bin:/home/travis/build/icyphy/ptII/bin:/home/travis/pthla/certi-tools/bin:/home/travis/bin:/home/travis/.local/bin:/usr/local/lib/jvm/openjdk11/bin:/opt/pyenv/shims:/home/travis/.phpenv/shims:/home/travis/perl5/perlbrew/bin:/home/travis/gopath/bin:/home/travis/.gimme/versions/go1.11.1.linux.amd64/bin:/usr/local/maven-3.6.3/bin:/usr/local/cmake-3.12.4/bin:/usr/local/clang-7.0.0/bin:/usr/local/sbin:/usr/local/bin:/usr/sbin:/usr/bin:/sbin:/bin:/snap/bin:/home/travis/.phpenv/bin:/opt/pyenv/bin:/home/travis/.yarn/bin" />
    <property name="env.TRAVIS_OS_NAME" value="linux" />
    <property name="ant.java.version" value="9" />
    <property name="basedir" value="/home/travis/build/icyphy/ptII" />
    <property name="java.class.version" value="55.0" />
    <property name="env.SHLVL" value="3" />
    <property name="env.LD_LIBRARY_PATH" value="/home/travis/pthla/certi-tools/lib:/usr/lib/jni:/usr/local/share/OpenCV/java/:/usr/share/OpenCV/java:" />
    <property name="env.RACK_ENV" value="test" />
    <property name="ant.home" value="/home/travis/build/icyphy/ptII/ant" />
    <property name="env.NVM_DIR" value="/home/travis/.nvm" />
    <property name="env.CERTI_FOM_PATH" value="/home/travis/pthla/certi-tools/share/federations" />
    <property name="env.TRAVIS_BUILD_ID" value="189201547" />
    <property name="env.PYENV_ROOT" value="/opt/pyenv" />
    <property name="env.TRAVIS_UID" value="2000" />
    <property name="prism.verbose" value="true" />
    <property name="env.NVM_BIN" value="/home/travis/.nvm/versions/node/v7.10.1/bin" />
    <property name="env.TRAVIS_COMMIT" value="74248200255084cca0f8d02e5ad09f36c0965423" />
    <property name="node.executable" value="node" />
    <property name="sun.boot.library.path" value="/usr/local/lib/jvm/openjdk11/lib" />
    <property name="sun.management.compiler" value="HotSpot 64-Bit Tiered Compilers" />
    <property name="java.awt.graphicsenv" value="sun.awt.X11GraphicsEnvironment" />
    <property name="env.GOPATH" value="/home/travis/gopath" />
    <property name="ptolemy.ptII.dir" value="/home/travis/build/icyphy/ptII" />
    <property name="env.USER" value="travis" />
    <property name="env.HISTFILESIZE" value="2000" />
    <property name="env.NVM_INC" value="/home/travis/.nvm/versions/node/v7.10.1/include/node" />
    <property name="timeout.longest" value="19000000" />
    <property name="env.PERLBREW_SHELLRC_VERSION" value="0.88" />
    <property name="env.TRAVIS_STACK_FEATURES" value="basic couchdb disabled-ipv6 docker docker-compose elasticsearch firefox go-toolchain google-chrome jdk memcached mongodb mysql nodejs_interpreter perl_interpreter perlbrew phantomjs postgresql python_interpreter redis ruby_interpreter sqlite xserver" />
    <property name="env.TRAVIS_PULL_REQUEST" value="false" />
    <property name="env.PYENV_SHELL" value="bash" />
    <property name="ant.project.name" value="ptII" />
    <property name="env.ANSI_RESET" value="\033[0m" />
    <property name="java.vm.specification.version" value="11" />
    <property name="env.TRAVIS_DIST" value="xenial" />
    <property name="env.CERTI_VERSION" value="4.0.0" />
    <property name="env.CERTI_HOST" value="localhost" />
    <property name="awt.toolkit" value="sun.awt.X11.XToolkit" />
    <property name="env.MY_RUBY_HOME" value="/home/travis/.rvm/rubies/ruby-2.5.3" />
    <property name="sun.cpu.isalist" value="" />
    <property name="env.TRAVIS_TMPDIR" value="/tmp/tmp.UOJqSnOq9K" />
    <property name="java.vm.compressedOopsMode" value="Zero based" />
    <property name="os.version" value="4.15.0-1077-gcp" />
    <property name="user.home" value="/home/travis" />
    <property name="java.vm.vendor" value="Oracle Corporation" />
    <property name="env.TRAVIS_TAG" value="nightly" />
    <property name="env.ANSI_YELLOW" value="\033[33;1m" />
    <property name="env.TRAVIS_FILTERED" value="redirect_io" />
    <property name="env.ANSI_GREEN" value="\033[32;1m" />
    <property name="env.JAVA_HOME" value="/usr/local/lib/jvm/openjdk11" />
    <property name="javadoc.excludepackagenames" value="adm.cvs2svn.*,build.*,config.*,doc.coding.templates.*,jni.test.jni.meaningOfLife.*,jni.test.jni.testDeux.*,jni.test.jni.testTrois.*,org.terraswarm.accessor.accessors.web.node_modules.*,org.terraswarm.accessor.accessors.web.hosts.cordova.demo.*,org.terraswarm.accessor.accessors.web.hosts.cordova.plugins.*,org.terraswarm.accessor.accessors-svn.*,pt-modules.*,ptolemy.apps.agilent.*,ptolemy.apps.anytimecontrol.*,ptolemy.apps.apes.*,ptolemy.apps.charon.*,ptolemy.apps.crazyboard.*,ptolemy.apps.eclipse.*,ptolemy.apps.etherealSting.*,ptolemy.apps.fullscreen.*,ptolemy.apps.giotto.*,ptolemy.apps.ia.*,ptolemy.apps.interfaces.*,ptolemy.apps.jmf.*,ptolemy.apps.kurt.*,ptolemy.apps.kvm.*,ptolemy.apps.lego.*,ptolemy.apps.lejos.*,ptolemy.apps.midp.*,ptolemy.apps.mobileCoding.*,ptolemy.apps.pendulum.*,ptolemy.apps.rijndael.*,ptolemy.apps.robot.*,ptolemy.apps.security.*,ptolemy.apps.sobel.*,ptolemy.apps.soot.*,ptolemy.apps.throttle.*,ptolemy.apps.tini.*,ptolemy.apps.transmission.*,ptolemy.apps.vergil.*,ptolemy.apps.waba.*,ptolemy.apps.websensor.*,ptolemy.apps.webstart.*,ptolemy.apps.xsl.*,ptolemy.apps.zaurus.*,ptolemy.codegen.c.actor.lib.oldJavaFiles.*,ptolemy.codegen.dsp.lib.*,ptolemy.codegen.kernel.newInterfaces.*,ptolemy.codegen.lib.*,ptolemy.copernicus.kernel.fragment.*,ptolemy.copernicus.shallow.cg.*,ptolemy.domains.giotto.demo.Hierarchy.Hierarchy.*,ptolemy.domains.giotto.demo.Multimode.Multimode.*,ptolemy.domains.giotto.demo.Simple.Simple.*,ptolemy.domains.gr.lib.experimental.*,ptolemy.domains.gro.*,ptolemy.domains.pdf.*,ptolemy.domains.ptinyos.demo.Surge.output.*,ptolemy.moml.test.NoPackageActor.java*,ptolemy.plot.adm.*,ptolemy.plot.servlet.*,reports.*,signed.*,src.*,target.*,vendors.*,ptolemy.copernicus.applet.*,ptolemy.media.viewer.*,ptolemy.actor.corba.*,doc.doclets.*,ptolemy.apps.eclipse.awt.*,ptolemy.backtrack.*,ptolemy.backtrack.ast.*,ptolemy.cg.adapter.generic.program.procedural.c.mbed*,ptolemy.homer.*,ptolemy.actor.lib.jai.*,org.ptolemy.scala.*,diva.util.java2d.svg.*,ptolemy.domains.ptinyos.*,ptolemy.actor.lib.fmi.fmipp.*,,org.terraswarm.accessor.accessors.web.node_modules.*,org.terraswarm.accessor.accessors-svn,ptolemy.apps.*,ptolemy.actor.ptalon.demo.ptinyos.SendAndReceiveCnt.output,ptolemy.actor.ptalon.demo.ptinyos.SenseToLeds.output,ptolemy.domains.ptinyos.demo.CntToLedsAndRfm.output,ptolemy.domains.ptinyos.demo.RfmToLeds.output,ptolemy.domains.ptinyos.demo.SendAndReceiveCnt.output,ptolemy.domains.ptinyos.demo.SenseToLeds.output,ptolemy.actor.lib.jjs.modules.udpSocket.*" />
    <property name="env.PTII" value="/home/travis/build/icyphy/ptII" />
    <property name="env.XDG_SESSION_ID" value="2" />
    <property name="keystore" value="ptKeystore" />
    <property name="env.TRAVIS_COMMIT_MESSAGE" value="Exclude org/hlacerti/newModels1516e/VariableArrayPTIIJavaFed" />
    <property name="junit.output.dir" value="/home/travis/build/icyphy/ptII/reports/junit" />
    <property name="npm.return.code" value="0" />
    <property name="user.dir" value="/home/travis/build/icyphy/ptII/ptolemy/actor/lib/test" />
    <property name="env.TRAVIS_NODE_VERSION" value="7" />
    <property name="env.TRAVIS_EVENT_TYPE" value="cron" />
    <property name="env.MAIL" value="/var/mail/travis" />
    <property name="env.PERLBREW_ROOT" value="/home/travis/perl5/perlbrew" />
    <property name="env.PWD" value="/home/travis/build/icyphy/ptII" />
    <property name="timeout.npm" value="45000" />
    <property name="env.TRAVIS_ARCH" value="amd64" />
    <property name="sun.cpu.endian" value="little" />
    <property name="env.PAGER" value="cat" />
    <property name="env.TRAVIS_BUILD_STAGE_NAME" value="test" />
    <property name="env.PERLBREW_HOME" value="/home/travis/.perlbrew" />
    <property name="java.vm.version" value="11.0.2+9" />
    <property name="env.RAILS_ENV" value="test" />
    <property name="java.class.path" value="/home/travis/.ptolemyII:/home/travis/.ptolemyII/*:/home/travis/build/icyphy/ptII:/home/travis/build/icyphy/ptII/lib/bsh-2.0b4.jar:/home/travis/build/icyphy/ptII/lib/ptCal.jar:/home/travis/build/icyphy/ptII/lib/java_cup.jar:/home/travis/build/icyphy/ptII/lib/saxon8.jar:/home/travis/build/icyphy/ptII/lib/saxon8-dom.jar:/home/travis/build/icyphy/ptII/lib/chic.jar:/home/travis/build/icyphy/ptII/lib/ptcolt.jar:/home/travis/build/icyphy/ptII/vendors/misc/itext/iText.jar:/home/travis/build/icyphy/ptII/lib/g4ltl.jar:/home/travis/build/icyphy/ptII/lib/StructuralCoder.jar:/home/travis/build/icyphy/ptII/lib/jcerti.jar:/home/travis/build/icyphy/ptII/lib/javax.mail.jar:/home/travis/build/icyphy/ptII/vendors/JMF-2.1.1e/lib/jmf.jar:/home/travis/build/icyphy/ptII/lib/jna-4.0.0-variadic.jar:/home/travis/build/icyphy/ptII/vendors/misc/joystick/Joystick.jar:/home/travis/build/icyphy/ptII/lib/ptjacl.jar:/home/travis/build/icyphy/ptII/lib/jsoup-1.8.2.jar:/home/travis/build/icyphy/ptII/lib/junit-4.8.2.jar:/home/travis/build/icyphy/ptII/lib/JUnitParams-0.4.0.jar:/home/travis/build/icyphy/ptII/ptolemy/actor/lib/excel/jxl.jar:/home/travis/build/icyphy/ptII/lib/jython.jar:/home/travis/build/icyphy/ptII/lib/kieler.jar:/home/travis/build/icyphy/ptII/vendors/opencv/share/OpenCV/java/opencv-341.jar:/home/travis/build/icyphy/ptII/lib/oscP5.jar:/home/travis/build/icyphy/ptII/lib/nrjavaserial-3.11.0.devel.jar:/home/travis/build/icyphy/ptII/vendors/j3d/lib/Linux/j3dcore.jar:/home/travis/build/icyphy/ptII/vendors/j3d/lib/Linux/j3dutils.jar:/home/travis/build/icyphy/ptII/vendors/j3d/lib/Linux/vecmath.jar:/home/travis/build/icyphy/ptII/vendors/jogl/lib/Linux/gluegen-rt-natives-linux-amd64.jar:/home/travis/build/icyphy/ptII/vendors/jogl/lib/Linux/gluegen-rt.jar:/home/travis/build/icyphy/ptII/vendors/jogl/lib/Linux/jogl-all-natives-linux-amd64.jar:/home/travis/build/icyphy/ptII/vendors/jogl/lib/Linux/jogl-all.jar:/home/travis/build/icyphy/ptII/ptolemy/distributed/jini/jar/jini-core.jar:/home/travis/build/icyphy/ptII/ptolemy/distributed/jini/jar/jini-ext.jar:/home/travis/build/icyphy/ptII/ptolemy/distributed/jini/jar/sun-util.jar:/home/travis/build/icyphy/ptII/lib/protobuf-java-2.4.1.jar:/home/travis/build/icyphy/ptII/lib/org.eclipse.paho.client.mqttv3.jar:/home/travis/build/icyphy/ptII/lib/mapss.jar:/home/travis/build/icyphy/ptII/ptolemy/actor/ptalon/antlr/antlr.jar:/home/travis/build/icyphy/ptII/lib/JRI.jar:/home/travis/build/icyphy/ptII/lib/commons-lang-2.6.jar:/home/travis/build/icyphy/ptII/lib/commons-logging-1.1.1.jar:/home/travis/build/icyphy/ptII/lib/sootclasses.jar:/home/travis/build/icyphy/ptII/ptolemy/actor/lib/database/mysql-connector-java-5.1.6-bin.jar:/home/travis/build/icyphy/ptII/vendors/misc/sphinx4/sphinx4-data-5prealpha.jar:/home/travis/build/icyphy/ptII/vendors/misc/sphinx4/sphinx4-core-5prealpha.jar:/home/travis/build/icyphy/ptII/lib/PDFRenderer.jar:/home/travis/build/icyphy/ptII/lib/svgSalamander.jar:/home/travis/build/icyphy/ptII/lib/rsyntaxtextarea-2.6.0-SNAPSHOT.jar:/home/travis/build/icyphy/ptII/lib/hazelcast-3.8.2.jar:/home/travis/build/icyphy/ptII/lib/jackson-annotations-2.9.0.jar:/home/travis/build/icyphy/ptII/lib/jackson-core-2.9.3.jar:/home/travis/build/icyphy/ptII/lib/jackson-databind-2.9.3.jar:/home/travis/build/icyphy/ptII/lib/netty-buffer-4.1.19.Final.jar:/home/travis/build/icyphy/ptII/lib/netty-codec-4.1.19.Final.jar:/home/travis/build/icyphy/ptII/lib/netty-codec-dns-4.1.19.Final.jar:/home/travis/build/icyphy/ptII/lib/netty-codec-http-4.1.19.Final.jar:/home/travis/build/icyphy/ptII/lib/netty-codec-http2-4.1.19.Final.jar:/home/travis/build/icyphy/ptII/lib/netty-common-4.1.19.Final.jar:/home/travis/build/icyphy/ptII/lib/netty-handler-4.1.19.Final.jar:/home/travis/build/icyphy/ptII/lib/netty-resolver-4.1.19.Final.jar:/home/travis/build/icyphy/ptII/lib/netty-resolver-dns-4.1.19.Final.jar:/home/travis/build/icyphy/ptII/lib/netty-transport-4.1.19.Final.jar:/home/travis/build/icyphy/ptII/lib/vertx-codegen-3.5.1.jar:/home/travis/build/icyphy/ptII/lib/vertx-core-3.5.2-SNAPSHOT.jar:/home/travis/build/icyphy/ptII/lib/vertx-hazelcast-3.5.1.jar:/home/travis/build/icyphy/ptII/lib/vertx-lang-js-3.5.1.jar:/home/travis/build/icyphy/ptII/lib/vertx-service-proxy-3.5.1.jar:/home/travis/build/icyphy/ptII/lib/vertx-web-3.5.1.jar:/home/travis/build/icyphy/ptII/lib/slf4j-api-1.7.13.jar:/home/travis/build/icyphy/ptII/lib/slf4j-simple-1.7.13.jar:/home/travis/build/icyphy/ptII/lib/webcam-capture-0.3.12.jar:/home/travis/build/icyphy/ptII/lib/bridj-0.7.0.jar:/home/travis/build/icyphy/ptII/lib/xbjlib-1.1.0.nrjavaserial.jar:/home/travis/build/icyphy/ptII/ptolemy/moml/test:/home/travis/build/icyphy/ptII/ant/lib/ant-launcher.jar:/home/travis/build/icyphy/ptII/ant/lib/ant.jar:/home/travis/build/icyphy/ptII/ant/lib/ant-junit.jar:/home/travis/build/icyphy/ptII/ant/lib/ant-junit4.jar" />
    <property name="ant.library.dir" value="/home/travis/build/icyphy/ptII/ant/lib" />
    <property name="os.arch" value="amd64" />
    <property name="env.CONTINUOUS_INTEGRATION" value="true" />
    <property name="env.TRAVIS_LANGUAGE" value="node_js" />
    <property name="env.TRAVIS_STACK_LANGUAGES" value="__sardonyx__ c c++ clojure cplusplus cpp default generic go groovy java node_js php pure_java python ruby scala" />
    <property name="test.name" value="ptolemy.actor.lib.test.junit.JUnitTclTest" />
    <property name="env.APT_KEY_DONT_WARN_ON_DANGEROUS_USAGE" value="1" />
    <property name="sun.java.launcher" value="SUN_STANDARD" />
    <property name="env.PYTHON_CONFIGURE_OPTS" value="--enable-unicode=ucs4 --with-wide-unicode --enable-shared --enable-ipv6 --enable-loadable-sqlite-extensions --with-computed-gotos" />
    <property name="ant.core.lib" value="/home/travis/build/icyphy/ptII/ant/lib/ant.jar" />
    <property name="java.vm.specification.vendor" value="Oracle Corporation" />
    <property name="env.BCVTB_HOME" value="/home/travis/build/icyphy/ptII/lbnl" />
    <property name="file.separator" value="/" />
    <property name="spotbugs.home" value="/home/travis/build/icyphy/ptII/vendors/spotbugs-3.1.1" />
    <property name="java.runtime.version" value="11.0.2+9" />
    <property name="env.ANSI_CLEAR" value="\033[0K" />
    <property name="javafx.verbose" value="true" />
    <property name="env.HAS_JOSH_K_SEAL_OF_APPROVAL" value="true" />
    <property name="env.XDG_RUNTIME_DIR" value="/run/user/2000" />
    <property name="env.TRAVIS_OSX_IMAGE" value="" />
    <property name="env.TRAVIS_JOB_ID" value="397757004" />
    <property name="env.TRAVIS_BRANCH" value="master" />
    <property name="user.country" value="US" />
    <property name="env.CERTI_HOME_TRAVIS" value="/home/travis/pthla/certi-tools" />
    <property name="env.SHELL" value="/bin/bash" />
    <property name="java.maxmemory.large" value="3200m" />
    <property name="model" value="" />
    <property name="env.CASHER_DIR" value="/home/travis/.casher" />
    <property name="env.NVM_CD_FLAGS" value="" />
    <property name="java.vendor.version" value="18.9" />
    <property name="jshint.executable" value="/home/travis/node_modules/jshint/bin/jshint" />
    <property name="env.JRUBY_OPTS" value=" --client -J-XX:+TieredCompilation -J-XX:TieredStopAtLevel=1 -J-Xss2m -Xcompile.invokedynamic=false" />
    <property name="java.vendor" value="Oracle Corporation" />
    <property name="env.TRAVIS_PRE_CHEF_BOOTSTRAP_TIME" value="2020-06-24T13:13:03" />
    <property name="env.TRAVIS_STACK_JOB_BOARD_REGISTER" value="/.job-board-register.yml" />
    <property name="env.ANSI_RED" value="\033[31;1m" />
    <property name="java.specification.version" value="11" />
    <property name="env.IRBRC" value="/home/travis/.rvm/rubies/ruby-2.5.3/.irbrc" />
    <property name="env.TRAVIS" value="true" />
    <property name="sun.arch.data.model" value="64" />
  </properties>
  <testcase classname="ptolemy.util.test.junit.TclTests" name="[0] /home/travis/build/icyphy/ptII/ptolemy/actor/lib/test/AbsoluteValue.tcl (RunTclFile)" time="0.57" />
  <testcase classname="ptolemy.util.test.junit.TclTests" name="[1] /home/travis/build/icyphy/ptII/ptolemy/actor/lib/test/AddSubtract.tcl (RunTclFile)" time="0.113" />
  <testcase classname="ptolemy.util.test.junit.TclTests" name="[2] /home/travis/build/icyphy/ptII/ptolemy/actor/lib/test/Average.tcl (RunTclFile)" time="0.028" />
  <testcase classname="ptolemy.util.test.junit.TclTests" name="[3] /home/travis/build/icyphy/ptII/ptolemy/actor/lib/test/Bernoulli.tcl (RunTclFile)" time="0.016" />
  <testcase classname="ptolemy.util.test.junit.TclTests" name="[4] /home/travis/build/icyphy/ptII/ptolemy/actor/lib/test/Clock.tcl (RunTclFile)" time="0.052" />
  <testcase classname="ptolemy.util.test.junit.TclTests" name="[5] /home/travis/build/icyphy/ptII/ptolemy/actor/lib/test/Commutator.tcl (RunTclFile)" time="0.115" />
  <testcase classname="ptolemy.util.test.junit.TclTests" name="[6] /home/travis/build/icyphy/ptII/ptolemy/actor/lib/test/Const.tcl (RunTclFile)" time="0.134" />
  <testcase classname="ptolemy.util.test.junit.TclTests" name="[7] /home/travis/build/icyphy/ptII/ptolemy/actor/lib/test/CurrentTime.tcl (RunTclFile)" time="0.039" />
  <testcase classname="ptolemy.util.test.junit.TclTests" name="[8] /home/travis/build/icyphy/ptII/ptolemy/actor/lib/test/DB.tcl (RunTclFile)" time="0.032" />
  <testcase classname="ptolemy.util.test.junit.TclTests" name="[9] /home/travis/build/icyphy/ptII/ptolemy/actor/lib/test/DiscreteRandomSource.tcl (RunTclFile)" time="0.047" />
  <testcase classname="ptolemy.util.test.junit.TclTests" name="[10] /home/travis/build/icyphy/ptII/ptolemy/actor/lib/test/Distributor.tcl (RunTclFile)" time="0.058" />
  <testcase classname="ptolemy.util.test.junit.TclTests" name="[11] /home/travis/build/icyphy/ptII/ptolemy/actor/lib/test/Exit.tcl (RunTclFile)" time="0.071" />
  <testcase classname="ptolemy.util.test.junit.TclTests" name="[12] /home/travis/build/icyphy/ptII/ptolemy/actor/lib/test/Expression.tcl (RunTclFile)" time="0.095" />
  <testcase classname="ptolemy.util.test.junit.TclTests" name="[13] /home/travis/build/icyphy/ptII/ptolemy/actor/lib/test/Gaussian.tcl (RunTclFile)" time="0.958" />
  <testcase classname="ptolemy.util.test.junit.TclTests" name="[14] /home/travis/build/icyphy/ptII/ptolemy/actor/lib/test/IIR.tcl (RunTclFile)" time="0.023" />
  <testcase classname="ptolemy.util.test.junit.TclTests" name="[15] /home/travis/build/icyphy/ptII/ptolemy/actor/lib/test/Interpolator.tcl (RunTclFile)" time="0.056" />
  <testcase classname="ptolemy.util.test.junit.TclTests" name="[16] /home/travis/build/icyphy/ptII/ptolemy/actor/lib/test/MathFunction.tcl (RunTclFile)" time="0.039" />
  <testcase classname="ptolemy.util.test.junit.TclTests" name="[17] /home/travis/build/icyphy/ptII/ptolemy/actor/lib/test/Maximum.tcl (RunTclFile)" time="0.021" />
  <testcase classname="ptolemy.util.test.junit.TclTests" name="[18] /home/travis/build/icyphy/ptII/ptolemy/actor/lib/test/Minimum.tcl (RunTclFile)" time="0.019" />
  <testcase classname="ptolemy.util.test.junit.TclTests" name="[19] /home/travis/build/icyphy/ptII/ptolemy/actor/lib/test/MultiplyDivide.tcl (RunTclFile)" time="0.02" />
  <testcase classname="ptolemy.util.test.junit.TclTests" name="[20] /home/travis/build/icyphy/ptII/ptolemy/actor/lib/test/OrderedMerge.tcl (RunTclFile)" time="0.186" />
  <testcase classname="ptolemy.util.test.junit.TclTests" name="[21] /home/travis/build/icyphy/ptII/ptolemy/actor/lib/test/Publisher.tcl (RunTclFile)" time="0.833" />
  <testcase classname="ptolemy.util.test.junit.TclTests" name="[22] /home/travis/build/icyphy/ptII/ptolemy/actor/lib/test/Pulse.tcl (RunTclFile)" time="0.08" />
  <testcase classname="ptolemy.util.test.junit.TclTests" name="[23] /home/travis/build/icyphy/ptII/ptolemy/actor/lib/test/Ramp.tcl (RunTclFile)" time="1.857" />
  <testcase classname="ptolemy.util.test.junit.TclTests" name="[24] /home/travis/build/icyphy/ptII/ptolemy/actor/lib/test/RampContinuous.tcl (RunTclFile)" time="0.018" />
  <testcase classname="ptolemy.util.test.junit.TclTests" name="[25] /home/travis/build/icyphy/ptII/ptolemy/actor/lib/test/RecordAssembler.tcl (RunTclFile)" time="0.015" />
  <testcase classname="ptolemy.util.test.junit.TclTests" name="[26] /home/travis/build/icyphy/ptII/ptolemy/actor/lib/test/RecordDisassembler.tcl (RunTclFile)" time="0.035" />
  <testcase classname="ptolemy.util.test.junit.TclTests" name="[27] /home/travis/build/icyphy/ptII/ptolemy/actor/lib/test/Scale.tcl (RunTclFile)" time="0.027" />
  <testcase classname="ptolemy.util.test.junit.TclTests" name="[28] /home/travis/build/icyphy/ptII/ptolemy/actor/lib/test/SequentialClock.tcl (RunTclFile)" time="0.02" />
  <testcase classname="ptolemy.util.test.junit.TclTests" name="[29] /home/travis/build/icyphy/ptII/ptolemy/actor/lib/test/SetVariable.tcl (RunTclFile)" time="0.015" />
  <testcase classname="ptolemy.util.test.junit.TclTests" name="[30] /home/travis/build/icyphy/ptII/ptolemy/actor/lib/test/Sinewave.tcl (RunTclFile)" time="0.035" />
  <testcase classname="ptolemy.util.test.junit.TclTests" name="[31] /home/travis/build/icyphy/ptII/ptolemy/actor/lib/test/SubscriptionAggregator.tcl (RunTclFile)" time="2.19" />
  <testcase classname="ptolemy.util.test.junit.TclTests" name="[32] /home/travis/build/icyphy/ptII/ptolemy/actor/lib/test/Test.tcl (RunTclFile)" time="0.11" />
  <testcase classname="ptolemy.util.test.junit.TclTests" name="[33] /home/travis/build/icyphy/ptII/ptolemy/actor/lib/test/TestExceptionHandler.tcl (RunTclFile)" time="0.013" />
  <testcase classname="ptolemy.util.test.junit.TclTests" name="[34] /home/travis/build/icyphy/ptII/ptolemy/actor/lib/test/UnionDisassembler.tcl (RunTclFile)" time="0.064" />
  <testcase classname="ptolemy.util.test.junit.TclTests" name="[35] /home/travis/build/icyphy/ptII/ptolemy/actor/lib/test/VariableClock.tcl (RunTclFile)" time="0.021" />
  <testcase classname="ptolemy.util.test.junit.AutoKnownFailedTests" name="[0] /home/travis/build/icyphy/ptII/ptolemy/actor/lib/test/auto/knownFailedTests/PublisherPortToplevelSubscriber.xml (RunModel)" time="0.029" />
  <testcase classname="ptolemy.util.test.junit.AutoKnownFailedTests" name="[1] /home/travis/build/icyphy/ptII/ptolemy/actor/lib/test/auto/knownFailedTests/PublisherSubscriberPortToplevel.xml (RunModel)" time="0.018" />
  <testcase classname="ptolemy.util.test.junit.AutoKnownFailedTests" name="[2] /home/travis/build/icyphy/ptII/ptolemy/actor/lib/test/auto/knownFailedTests/PublisherSubscriptionAggregatorPort.xml (RunModel)" time="0.023" />
  <testcase classname="ptolemy.util.test.junit.AutoKnownFailedTests" name="[3] /home/travis/build/icyphy/ptII/ptolemy/actor/lib/test/auto/knownFailedTests/sizedarray3.xml (RunModel)" time="0.029" />
  <testcase classname="ptolemy.util.test.junit.AutoNameArchTests" name="[0] ThereAreNoAutoArchTests (RunModel)" time="0.0" />
  <testcase classname="ptolemy.util.test.junit.AutoTests" name="[0] /home/travis/build/icyphy/ptII/ptolemy/actor/lib/test/auto/AbsoluteValue.xml (RunModel)" time="0.073" />
  <testcase classname="ptolemy.util.test.junit.AutoTests" name="[1] /home/travis/build/icyphy/ptII/ptolemy/actor/lib/test/auto/AbsoluteValue2.xml (RunModel)" time="0.054" />
  <testcase classname="ptolemy.util.test.junit.AutoTests" name="[2] /home/travis/build/icyphy/ptII/ptolemy/actor/lib/test/auto/Accumulator.xml (RunModel)" time="0.06" />
  <testcase classname="ptolemy.util.test.junit.AutoTests" name="[3] /home/travis/build/icyphy/ptII/ptolemy/actor/lib/test/auto/Accumulator2.xml (RunModel)" time="0.036" />
  <testcase classname="ptolemy.util.test.junit.AutoTests" name="[4] /home/travis/build/icyphy/ptII/ptolemy/actor/lib/test/auto/Accumulator3.xml (RunModel)" time="0.029" />
  <testcase classname="ptolemy.util.test.junit.AutoTests" name="[5] /home/travis/build/icyphy/ptII/ptolemy/actor/lib/test/auto/ArrayAppend.xml (RunModel)" time="0.05" />
  <testcase classname="ptolemy.util.test.junit.AutoTests" name="[6] /home/travis/build/icyphy/ptII/ptolemy/actor/lib/test/auto/ArrayAppend2.xml (RunModel)" time="0.353" />
  <testcase classname="ptolemy.util.test.junit.AutoTests" name="[7] /home/travis/build/icyphy/ptII/ptolemy/actor/lib/test/auto/ArrayAppend3.xml (RunModel)" time="0.028" />
  <testcase classname="ptolemy.util.test.junit.AutoTests" name="[8] /home/travis/build/icyphy/ptII/ptolemy/actor/lib/test/auto/ArrayAppend4.xml (RunModel)" time="0.024" />
  <testcase classname="ptolemy.util.test.junit.AutoTests" name="[9] /home/travis/build/icyphy/ptII/ptolemy/actor/lib/test/auto/ArrayAppend5.xml (RunModel)" time="0.021" />
  <testcase classname="ptolemy.util.test.junit.AutoTests" name="[10] /home/travis/build/icyphy/ptII/ptolemy/actor/lib/test/auto/ArrayAppend6.xml (RunModel)" time="0.017" />
  <testcase classname="ptolemy.util.test.junit.AutoTests" name="[11] /home/travis/build/icyphy/ptII/ptolemy/actor/lib/test/auto/ArrayAppendPerformanceTest.xml (RunModel)" time="0.059" />
  <testcase classname="ptolemy.util.test.junit.AutoTests" name="[12] /home/travis/build/icyphy/ptII/ptolemy/actor/lib/test/auto/ArrayAppendWithEmptyInput.xml (RunModel)" time="0.037" />
  <testcase classname="ptolemy.util.test.junit.AutoTests" name="[13] /home/travis/build/icyphy/ptII/ptolemy/actor/lib/test/auto/ArrayAverage.xml (RunModel)" time="0.057" />
  <testcase classname="ptolemy.util.test.junit.AutoTests" name="[14] /home/travis/build/icyphy/ptII/ptolemy/actor/lib/test/auto/ArrayContains.xml (RunModel)" time="0.026" />
  <testcase classname="ptolemy.util.test.junit.AutoTests" name="[15] /home/travis/build/icyphy/ptII/ptolemy/actor/lib/test/auto/ArrayElement.xml (RunModel)" time="0.023" />
  <testcase classname="ptolemy.util.test.junit.AutoTests" name="[16] /home/travis/build/icyphy/ptII/ptolemy/actor/lib/test/auto/ArrayElementAsMatrix.xml (RunModel)" time="0.062" />
  <testcase classname="ptolemy.util.test.junit.AutoTests" name="[17] /home/travis/build/icyphy/ptII/ptolemy/actor/lib/test/auto/ArrayElementI.xml (RunModel)" time="0.032" />
  <testcase classname="ptolemy.util.test.junit.AutoTests" name="[18] /home/travis/build/icyphy/ptII/ptolemy/actor/lib/test/auto/ArrayExtract.xml (RunModel)" time="0.028" />
  <testcase classname="ptolemy.util.test.junit.AutoTests" name="[19] /home/travis/build/icyphy/ptII/ptolemy/actor/lib/test/auto/ArrayExtract2.xml (RunModel)" time="0.013" />
  <testcase classname="ptolemy.util.test.junit.AutoTests" name="[20] /home/travis/build/icyphy/ptII/ptolemy/actor/lib/test/auto/ArrayLength.xml (RunModel)" time="0.018" />
  <testcase classname="ptolemy.util.test.junit.AutoTests" name="[21] /home/travis/build/icyphy/ptII/ptolemy/actor/lib/test/auto/ArrayLevelCrossing.xml (RunModel)" time="0.086" />
  <testcase classname="ptolemy.util.test.junit.AutoTests" name="[22] /home/travis/build/icyphy/ptII/ptolemy/actor/lib/test/auto/ArrayLevelCrossing2.xml (RunModel)" time="0.023" />
  <testcase classname="ptolemy.util.test.junit.AutoTests" name="[23] /home/travis/build/icyphy/ptII/ptolemy/actor/lib/test/auto/ArrayPeakSearch.xml (RunModel)" time="0.036" />
  <testcase classname="ptolemy.util.test.junit.AutoTests" name="[24] /home/travis/build/icyphy/ptII/ptolemy/actor/lib/test/auto/ArrayPeakSearch2.xml (RunModel)" time="0.033" />
  <testcase classname="ptolemy.util.test.junit.AutoTests" name="[25] /home/travis/build/icyphy/ptII/ptolemy/actor/lib/test/auto/ArrayPeakSearch3.xml (RunModel)" time="0.033" />
  <testcase classname="ptolemy.util.test.junit.AutoTests" name="[26] /home/travis/build/icyphy/ptII/ptolemy/actor/lib/test/auto/ArrayRemoveElement.xml (RunModel)" time="0.031" />
  <testcase classname="ptolemy.util.test.junit.AutoTests" name="[27] /home/travis/build/icyphy/ptII/ptolemy/actor/lib/test/auto/ArraySort.xml (RunModel)" time="0.033" />
  <testcase classname="ptolemy.util.test.junit.AutoTests" name="[28] /home/travis/build/icyphy/ptII/ptolemy/actor/lib/test/auto/ArraySum.xml (RunModel)" time="0.015" />
  <testcase classname="ptolemy.util.test.junit.AutoTests" name="[29] /home/travis/build/icyphy/ptII/ptolemy/actor/lib/test/auto/ArrayToElements.xml (RunModel)" time="0.019" />
  <testcase classname="ptolemy.util.test.junit.AutoTests" name="[30] /home/travis/build/icyphy/ptII/ptolemy/actor/lib/test/auto/ArrayToMatrix.xml (RunModel)" time="0.055" />
  <testcase classname="ptolemy.util.test.junit.AutoTests" name="[31] /home/travis/build/icyphy/ptII/ptolemy/actor/lib/test/auto/ArrayUpdate1.xml (RunModel)" time="0.02" />
  <testcase classname="ptolemy.util.test.junit.AutoTests" name="[32] /home/travis/build/icyphy/ptII/ptolemy/actor/lib/test/auto/ArrayUpdate2.xml (RunModel)" time="0.023" />
  <testcase classname="ptolemy.util.test.junit.AutoTests" name="[33] /home/travis/build/icyphy/ptII/ptolemy/actor/lib/test/auto/ArrayUpdate3.xml (RunModel)" time="0.008" />
  <testcase classname="ptolemy.util.test.junit.AutoTests" name="[34] /home/travis/build/icyphy/ptII/ptolemy/actor/lib/test/auto/Assert1.xml (RunModel)" time="0.019" />
  <testcase classname="ptolemy.util.test.junit.AutoTests" name="[35] /home/travis/build/icyphy/ptII/ptolemy/actor/lib/test/auto/Assert2.xml (RunModel)" time="0.011" />
  <testcase classname="ptolemy.util.test.junit.AutoTests" name="[36] /home/travis/build/icyphy/ptII/ptolemy/actor/lib/test/auto/BooleanMultiplexor.xml (RunModel)" time="0.014" />
  <testcase classname="ptolemy.util.test.junit.AutoTests" name="[37] /home/travis/build/icyphy/ptII/ptolemy/actor/lib/test/auto/BooleanMultiplexor2.xml (RunModel)" time="0.013" />
  <testcase classname="ptolemy.util.test.junit.AutoTests" name="[38] /home/travis/build/icyphy/ptII/ptolemy/actor/lib/test/auto/BooleanMultiplexor3.xml (RunModel)" time="0.007" />
  <testcase classname="ptolemy.util.test.junit.AutoTests" name="[39] /home/travis/build/icyphy/ptII/ptolemy/actor/lib/test/auto/BooleanSelect.xml (RunModel)" time="0.016" />
  <testcase classname="ptolemy.util.test.junit.AutoTests" name="[40] /home/travis/build/icyphy/ptII/ptolemy/actor/lib/test/auto/BooleanSelect2.xml (RunModel)" time="0.01" />
  <testcase classname="ptolemy.util.test.junit.AutoTests" name="[41] /home/travis/build/icyphy/ptII/ptolemy/actor/lib/test/auto/BooleanSwitch.xml (RunModel)" time="0.015" />
  <testcase classname="ptolemy.util.test.junit.AutoTests" name="[42] /home/travis/build/icyphy/ptII/ptolemy/actor/lib/test/auto/BooleanSwitch2.xml (RunModel)" time="0.011" />
  <testcase classname="ptolemy.util.test.junit.AutoTests" name="[43] /home/travis/build/icyphy/ptII/ptolemy/actor/lib/test/auto/BooleanSwitchCloningBugWithClassRelationGroup.xml (RunModel)" time="0.029" />
  <testcase classname="ptolemy.util.test.junit.AutoTests" name="[44] /home/travis/build/icyphy/ptII/ptolemy/actor/lib/test/auto/BusActors.xml (RunModel)" time="0.028" />
  <testcase classname="ptolemy.util.test.junit.AutoTests" name="[45] /home/travis/build/icyphy/ptII/ptolemy/actor/lib/test/auto/ClassWrapper.xml (RunModel)" time="0.023" />
  <testcase classname="ptolemy.util.test.junit.AutoTests" name="[46] /home/travis/build/icyphy/ptII/ptolemy/actor/lib/test/auto/Clock.xml (RunModel)" time="0.006" />
  <testcase classname="ptolemy.util.test.junit.AutoTests" name="[47] /home/travis/build/icyphy/ptII/ptolemy/actor/lib/test/auto/Clock10.xml (RunModel)" time="0.013" />
  <testcase classname="ptolemy.util.test.junit.AutoTests" name="[48] /home/travis/build/icyphy/ptII/ptolemy/actor/lib/test/auto/Clock11.xml (RunModel)" time="0.013" />
  <testcase classname="ptolemy.util.test.junit.AutoTests" name="[49] /home/travis/build/icyphy/ptII/ptolemy/actor/lib/test/auto/Clock12.xml (RunModel)" time="0.018" />
  <testcase classname="ptolemy.util.test.junit.AutoTests" name="[50] /home/travis/build/icyphy/ptII/ptolemy/actor/lib/test/auto/Clock13.xml (RunModel)" time="0.017" />
  <testcase classname="ptolemy.util.test.junit.AutoTests" name="[51] /home/travis/build/icyphy/ptII/ptolemy/actor/lib/test/auto/Clock14.xml (RunModel)" time="0.013" />
  <testcase classname="ptolemy.util.test.junit.AutoTests" name="[52] /home/travis/build/icyphy/ptII/ptolemy/actor/lib/test/auto/Clock15.xml (RunModel)" time="0.021" />
  <testcase classname="ptolemy.util.test.junit.AutoTests" name="[53] /home/travis/build/icyphy/ptII/ptolemy/actor/lib/test/auto/Clock16.xml (RunModel)" time="0.101" />
  <testcase classname="ptolemy.util.test.junit.AutoTests" name="[54] /home/travis/build/icyphy/ptII/ptolemy/actor/lib/test/auto/Clock17.xml (RunModel)" time="0.04" />
  <testcase classname="ptolemy.util.test.junit.AutoTests" name="[55] /home/travis/build/icyphy/ptII/ptolemy/actor/lib/test/auto/Clock18.xml (RunModel)" time="0.041" />
  <testcase classname="ptolemy.util.test.junit.AutoTests" name="[56] /home/travis/build/icyphy/ptII/ptolemy/actor/lib/test/auto/Clock19.xml (RunModel)" time="0.031" />
  <testcase classname="ptolemy.util.test.junit.AutoTests" name="[57] /home/travis/build/icyphy/ptII/ptolemy/actor/lib/test/auto/Clock2.xml (RunModel)" time="0.012" />
  <testcase classname="ptolemy.util.test.junit.AutoTests" name="[58] /home/travis/build/icyphy/ptII/ptolemy/actor/lib/test/auto/Clock20.xml (RunModel)" time="0.017" />
  <testcase classname="ptolemy.util.test.junit.AutoTests" name="[59] /home/travis/build/icyphy/ptII/ptolemy/actor/lib/test/auto/Clock21.xml (RunModel)" time="0.017" />
  <testcase classname="ptolemy.util.test.junit.AutoTests" name="[60] /home/travis/build/icyphy/ptII/ptolemy/actor/lib/test/auto/Clock22.xml (RunModel)" time="0.012" />
  <testcase classname="ptolemy.util.test.junit.AutoTests" name="[61] /home/travis/build/icyphy/ptII/ptolemy/actor/lib/test/auto/Clock23.xml (RunModel)" time="0.014" />
  <testcase classname="ptolemy.util.test.junit.AutoTests" name="[62] /home/travis/build/icyphy/ptII/ptolemy/actor/lib/test/auto/Clock24.xml (RunModel)" time="0.011" />
  <testcase classname="ptolemy.util.test.junit.AutoTests" name="[63] /home/travis/build/icyphy/ptII/ptolemy/actor/lib/test/auto/Clock4.xml (RunModel)" time="0.008" />
  <testcase classname="ptolemy.util.test.junit.AutoTests" name="[64] /home/travis/build/icyphy/ptII/ptolemy/actor/lib/test/auto/Clock5.xml (RunModel)" time="0.008" />
  <testcase classname="ptolemy.util.test.junit.AutoTests" name="[65] /home/travis/build/icyphy/ptII/ptolemy/actor/lib/test/auto/Clock6.xml (RunModel)" time="0.006" />
  <testcase classname="ptolemy.util.test.junit.AutoTests" name="[66] /home/travis/build/icyphy/ptII/ptolemy/actor/lib/test/auto/Clock7.xml (RunModel)" time="0.006" />
  <testcase classname="ptolemy.util.test.junit.AutoTests" name="[67] /home/travis/build/icyphy/ptII/ptolemy/actor/lib/test/auto/Clock8.xml (RunModel)" time="0.011" />
  <testcase classname="ptolemy.util.test.junit.AutoTests" name="[68] /home/travis/build/icyphy/ptII/ptolemy/actor/lib/test/auto/Clock9.xml (RunModel)" time="0.016" />
  <testcase classname="ptolemy.util.test.junit.AutoTests" name="[69] /home/travis/build/icyphy/ptII/ptolemy/actor/lib/test/auto/CommDistDiscard.xml (RunModel)" time="0.014" />
  <testcase classname="ptolemy.util.test.junit.AutoTests" name="[70] /home/travis/build/icyphy/ptII/ptolemy/actor/lib/test/auto/Commutator.xml (RunModel)" time="0.008" />
  <testcase classname="ptolemy.util.test.junit.AutoTests" name="[71] /home/travis/build/icyphy/ptII/ptolemy/actor/lib/test/auto/Commutator2.xml (RunModel)" time="0.008" />
  <testcase classname="ptolemy.util.test.junit.AutoTests" name="[72] /home/travis/build/icyphy/ptII/ptolemy/actor/lib/test/auto/Commutator3.xml (RunModel)" time="0.01" />
  <testcase classname="ptolemy.util.test.junit.AutoTests" name="[73] /home/travis/build/icyphy/ptII/ptolemy/actor/lib/test/auto/Compare.xml (RunModel)" time="0.012" />
  <testcase classname="ptolemy.util.test.junit.AutoTests" name="[74] /home/travis/build/icyphy/ptII/ptolemy/actor/lib/test/auto/CompareDE.xml (RunModel)" time="0.013" />
  <testcase classname="ptolemy.util.test.junit.AutoTests" name="[75] /home/travis/build/icyphy/ptII/ptolemy/actor/lib/test/auto/ComplexDivide.xml (RunModel)" time="0.02" />
  <testcase classname="ptolemy.util.test.junit.AutoTests" name="[76] /home/travis/build/icyphy/ptII/ptolemy/actor/lib/test/auto/ComputeHistogram.xml (RunModel)" time="0.055" />
  <testcase classname="ptolemy.util.test.junit.AutoTests" name="[77] /home/travis/build/icyphy/ptII/ptolemy/actor/lib/test/auto/ConfigurationSelect.xml (RunModel)" time="0.017" />
  <testcase classname="ptolemy.util.test.junit.AutoTests" name="[78] /home/travis/build/icyphy/ptII/ptolemy/actor/lib/test/auto/ConfigurationSelect2.xml (RunModel)" time="0.012" />
  <testcase classname="ptolemy.util.test.junit.AutoTests" name="[79] /home/travis/build/icyphy/ptII/ptolemy/actor/lib/test/auto/ConfigurationSwitch.xml (RunModel)" time="0.017" />
  <testcase classname="ptolemy.util.test.junit.AutoTests" name="[80] /home/travis/build/icyphy/ptII/ptolemy/actor/lib/test/auto/ConfigurationSwitch2.xml (RunModel)" time="0.024" />
  <testcase classname="ptolemy.util.test.junit.AutoTests" name="[81] /home/travis/build/icyphy/ptII/ptolemy/actor/lib/test/auto/ConfigurationSwitchCloningBugWithClassRelationGroup.xml (RunModel)" time="0.015" />
  <testcase classname="ptolemy.util.test.junit.AutoTests" name="[82] /home/travis/build/icyphy/ptII/ptolemy/actor/lib/test/auto/ConfigurationSwitchSelectSDF.xml (RunModel)" time="0.02" />
  <testcase classname="ptolemy.util.test.junit.AutoTests" name="[83] /home/travis/build/icyphy/ptII/ptolemy/actor/lib/test/auto/ConfigurationSwitchSelectSDF2.xml (RunModel)" time="0.011" />
  <testcase classname="ptolemy.util.test.junit.AutoTests" name="[84] /home/travis/build/icyphy/ptII/ptolemy/actor/lib/test/auto/Const.xml (RunModel)" time="0.006" />
  <testcase classname="ptolemy.util.test.junit.AutoTests" name="[85] /home/travis/build/icyphy/ptII/ptolemy/actor/lib/test/auto/Const2.xml (RunModel)" time="0.008" />
  <testcase classname="ptolemy.util.test.junit.AutoTests" name="[86] /home/travis/build/icyphy/ptII/ptolemy/actor/lib/test/auto/Const3.xml (RunModel)" time="0.006" />
  <testcase classname="ptolemy.util.test.junit.AutoTests" name="[87] /home/travis/build/icyphy/ptII/ptolemy/actor/lib/test/auto/ConstantPublisherPort1.xml (RunModel)" time="0.018" />
  <testcase classname="ptolemy.util.test.junit.AutoTests" name="[88] /home/travis/build/icyphy/ptII/ptolemy/actor/lib/test/auto/ConstantPublisherPort2.xml (RunModel)" time="0.018" />
  <testcase classname="ptolemy.util.test.junit.AutoTests" name="[89] /home/travis/build/icyphy/ptII/ptolemy/actor/lib/test/auto/ConstantPublisherPort3.xml (RunModel)" time="0.018" />
  <testcase classname="ptolemy.util.test.junit.AutoTests" name="[90] /home/travis/build/icyphy/ptII/ptolemy/actor/lib/test/auto/ConstantPublisherPort4.xml (RunModel)" time="0.014" />
  <testcase classname="ptolemy.util.test.junit.AutoTests" name="[91] /home/travis/build/icyphy/ptII/ptolemy/actor/lib/test/auto/ConstantPublisherPort5.xml (RunModel)" time="0.036" />
  <testcase classname="ptolemy.util.test.junit.AutoTests" name="[92] /home/travis/build/icyphy/ptII/ptolemy/actor/lib/test/auto/ConstantPublisherPort6.xml (RunModel)" time="0.025" />
  <testcase classname="ptolemy.util.test.junit.AutoTests" name="[93] /home/travis/build/icyphy/ptII/ptolemy/actor/lib/test/auto/ConstantPublisherPort7.xml (RunModel)" time="0.028" />
  <testcase classname="ptolemy.util.test.junit.AutoTests" name="[94] /home/travis/build/icyphy/ptII/ptolemy/actor/lib/test/auto/ConstraintMonitor1.xml (RunModel)" time="0.032" />
  <testcase classname="ptolemy.util.test.junit.AutoTests" name="[95] /home/travis/build/icyphy/ptII/ptolemy/actor/lib/test/auto/ConstraintMonitor2.xml (RunModel)" time="0.012" />
  <testcase classname="ptolemy.util.test.junit.AutoTests" name="[96] /home/travis/build/icyphy/ptII/ptolemy/actor/lib/test/auto/ConstraintMonitor3.xml (RunModel)" time="0.016" />
  <testcase classname="ptolemy.util.test.junit.AutoTests" name="[97] /home/travis/build/icyphy/ptII/ptolemy/actor/lib/test/auto/ConstraintMonitor4.xml (RunModel)" time="0.018" />
  <testcase classname="ptolemy.util.test.junit.AutoTests" name="[98] /home/travis/build/icyphy/ptII/ptolemy/actor/lib/test/auto/ConstraintMonitor5.xml (RunModel)" time="0.011" />
  <testcase classname="ptolemy.util.test.junit.AutoTests" name="[99] /home/travis/build/icyphy/ptII/ptolemy/actor/lib/test/auto/ConstraintMonitor6.xml (RunModel)" time="0.011" />
  <testcase classname="ptolemy.util.test.junit.AutoTests" name="[100] /home/travis/build/icyphy/ptII/ptolemy/actor/lib/test/auto/ConstraintMonitor7.xml (RunModel)" time="0.023" />
  <testcase classname="ptolemy.util.test.junit.AutoTests" name="[101] /home/travis/build/icyphy/ptII/ptolemy/actor/lib/test/auto/ConstraintMonitor8.xml (RunModel)" time="0.016" />
  <testcase classname="ptolemy.util.test.junit.AutoTests" name="[102] /home/travis/build/icyphy/ptII/ptolemy/actor/lib/test/auto/Counter.xml (RunModel)" time="0.015" />
  <testcase classname="ptolemy.util.test.junit.AutoTests" name="[103] /home/travis/build/icyphy/ptII/ptolemy/actor/lib/test/auto/CurrentTimeSDF.xml (RunModel)" time="0.006" />
  <testcase classname="ptolemy.util.test.junit.AutoTests" name="[104] /home/travis/build/icyphy/ptII/ptolemy/actor/lib/test/auto/DB.xml (RunModel)" time="0.009" />
  <testcase classname="ptolemy.util.test.junit.AutoTests" name="[105] /home/travis/build/icyphy/ptII/ptolemy/actor/lib/test/auto/DBDE.xml (RunModel)" time="0.01" />
  <testcase classname="ptolemy.util.test.junit.AutoTests" name="[106] /home/travis/build/icyphy/ptII/ptolemy/actor/lib/test/auto/DateConstructor.xml (RunModel)" time="0.062" />
  <testcase classname="ptolemy.util.test.junit.AutoTests" name="[107] /home/travis/build/icyphy/ptII/ptolemy/actor/lib/test/auto/DelayTime.xml (RunModel)" time="0.016" />
  <testcase classname="ptolemy.util.test.junit.AutoTests" name="[108] /home/travis/build/icyphy/ptII/ptolemy/actor/lib/test/auto/Dictionary1.xml (RunModel)" time="0.018" />
  <testcase classname="ptolemy.util.test.junit.AutoTests" name="[109] /home/travis/build/icyphy/ptII/ptolemy/actor/lib/test/auto/Dictionary2.xml (RunModel)" time="0.014" />
  <testcase classname="ptolemy.util.test.junit.AutoTests" name="[110] /home/travis/build/icyphy/ptII/ptolemy/actor/lib/test/auto/Dictionary3.xml (RunModel)" time="0.011" />
  <testcase classname="ptolemy.util.test.junit.AutoTests" name="[111] /home/travis/build/icyphy/ptII/ptolemy/actor/lib/test/auto/Dictionary4.xml (RunModel)" time="0.02" />
  <testcase classname="ptolemy.util.test.junit.AutoTests" name="[112] /home/travis/build/icyphy/ptII/ptolemy/actor/lib/test/auto/Differential.xml (RunModel)" time="0.009" />
  <testcase classname="ptolemy.util.test.junit.AutoTests" name="[113] /home/travis/build/icyphy/ptII/ptolemy/actor/lib/test/auto/Director.xml (RunModel)" time="0.008" />
  <testcase classname="ptolemy.util.test.junit.AutoTests" name="[114] /home/travis/build/icyphy/ptII/ptolemy/actor/lib/test/auto/DiscreteClock.xml (RunModel)" time="0.01" />
  <testcase classname="ptolemy.util.test.junit.AutoTests" name="[115] /home/travis/build/icyphy/ptII/ptolemy/actor/lib/test/auto/DiscreteClock10.xml (RunModel)" time="0.009" />
  <testcase classname="ptolemy.util.test.junit.AutoTests" name="[116] /home/travis/build/icyphy/ptII/ptolemy/actor/lib/test/auto/DiscreteClock11.xml (RunModel)" time="0.009" />
  <testcase classname="ptolemy.util.test.junit.AutoTests" name="[117] /home/travis/build/icyphy/ptII/ptolemy/actor/lib/test/auto/DiscreteClock12.xml (RunModel)" time="0.011" />
  <testcase classname="ptolemy.util.test.junit.AutoTests" name="[118] /home/travis/build/icyphy/ptII/ptolemy/actor/lib/test/auto/DiscreteClock13.xml (RunModel)" time="0.012" />
  <testcase classname="ptolemy.util.test.junit.AutoTests" name="[119] /home/travis/build/icyphy/ptII/ptolemy/actor/lib/test/auto/DiscreteClock14.xml (RunModel)" time="0.011" />
  <testcase classname="ptolemy.util.test.junit.AutoTests" name="[120] /home/travis/build/icyphy/ptII/ptolemy/actor/lib/test/auto/DiscreteClock15.xml (RunModel)" time="0.011" />
  <testcase classname="ptolemy.util.test.junit.AutoTests" name="[121] /home/travis/build/icyphy/ptII/ptolemy/actor/lib/test/auto/DiscreteClock16.xml (RunModel)" time="0.036" />
  <testcase classname="ptolemy.util.test.junit.AutoTests" name="[122] /home/travis/build/icyphy/ptII/ptolemy/actor/lib/test/auto/DiscreteClock17.xml (RunModel)" time="0.033" />
  <testcase classname="ptolemy.util.test.junit.AutoTests" name="[123] /home/travis/build/icyphy/ptII/ptolemy/actor/lib/test/auto/DiscreteClock18.xml (RunModel)" time="0.035" />
  <testcase classname="ptolemy.util.test.junit.AutoTests" name="[124] /home/travis/build/icyphy/ptII/ptolemy/actor/lib/test/auto/DiscreteClock19.xml (RunModel)" time="0.03" />
  <testcase classname="ptolemy.util.test.junit.AutoTests" name="[125] /home/travis/build/icyphy/ptII/ptolemy/actor/lib/test/auto/DiscreteClock2.xml (RunModel)" time="0.008" />
  <testcase classname="ptolemy.util.test.junit.AutoTests" name="[126] /home/travis/build/icyphy/ptII/ptolemy/actor/lib/test/auto/DiscreteClock20.xml (RunModel)" time="0.011" />
  <testcase classname="ptolemy.util.test.junit.AutoTests" name="[127] /home/travis/build/icyphy/ptII/ptolemy/actor/lib/test/auto/DiscreteClock21.xml (RunModel)" time="0.011" />
  <testcase classname="ptolemy.util.test.junit.AutoTests" name="[128] /home/travis/build/icyphy/ptII/ptolemy/actor/lib/test/auto/DiscreteClock22.xml (RunModel)" time="0.011" />
  <testcase classname="ptolemy.util.test.junit.AutoTests" name="[129] /home/travis/build/icyphy/ptII/ptolemy/actor/lib/test/auto/DiscreteClock23.xml (RunModel)" time="0.012" />
  <testcase classname="ptolemy.util.test.junit.AutoTests" name="[130] /home/travis/build/icyphy/ptII/ptolemy/actor/lib/test/auto/DiscreteClock24.xml (RunModel)" time="0.012" />
  <testcase classname="ptolemy.util.test.junit.AutoTests" name="[131] /home/travis/build/icyphy/ptII/ptolemy/actor/lib/test/auto/DiscreteClock4.xml (RunModel)" time="0.008" />
  <testcase classname="ptolemy.util.test.junit.AutoTests" name="[132] /home/travis/build/icyphy/ptII/ptolemy/actor/lib/test/auto/DiscreteClock5.xml (RunModel)" time="0.009" />
  <testcase classname="ptolemy.util.test.junit.AutoTests" name="[133] /home/travis/build/icyphy/ptII/ptolemy/actor/lib/test/auto/DiscreteClock6.xml (RunModel)" time="0.006" />
  <testcase classname="ptolemy.util.test.junit.AutoTests" name="[134] /home/travis/build/icyphy/ptII/ptolemy/actor/lib/test/auto/DiscreteClock7.xml (RunModel)" time="0.009" />
  <testcase classname="ptolemy.util.test.junit.AutoTests" name="[135] /home/travis/build/icyphy/ptII/ptolemy/actor/lib/test/auto/DiscreteClock8.xml (RunModel)" time="0.021" />
  <testcase classname="ptolemy.util.test.junit.AutoTests" name="[136] /home/travis/build/icyphy/ptII/ptolemy/actor/lib/test/auto/DiscreteClock9.xml (RunModel)" time="0.011" />
  <testcase classname="ptolemy.util.test.junit.AutoTests" name="[137] /home/travis/build/icyphy/ptII/ptolemy/actor/lib/test/auto/DisplayArray.xml (RunModel)" time="0.008" />
  <testcase classname="ptolemy.util.test.junit.AutoTests" name="[138] /home/travis/build/icyphy/ptII/ptolemy/actor/lib/test/auto/Distributor.xml (RunModel)" time="0.007" />
  <testcase classname="ptolemy.util.test.junit.AutoTests" name="[139] /home/travis/build/icyphy/ptII/ptolemy/actor/lib/test/auto/Distributor2.xml (RunModel)" time="0.008" />
  <testcase classname="ptolemy.util.test.junit.AutoTests" name="[140] /home/travis/build/icyphy/ptII/ptolemy/actor/lib/test/auto/DownSample.xml (RunModel)" time="0.008" />
  <testcase classname="ptolemy.util.test.junit.AutoTests" name="[141] /home/travis/build/icyphy/ptII/ptolemy/actor/lib/test/auto/ElectronicUnitBase1.xml (RunModel)" time="0.047" />
  <testcase classname="ptolemy.util.test.junit.AutoTests" name="[142] /home/travis/build/icyphy/ptII/ptolemy/actor/lib/test/auto/ElementsToArray.xml (RunModel)" time="0.007" />
  <testcase classname="ptolemy.util.test.junit.AutoTests" name="[143] /home/travis/build/icyphy/ptII/ptolemy/actor/lib/test/auto/Equals.xml (RunModel)" time="0.024" />
  <testcase classname="ptolemy.util.test.junit.AutoTests" name="[144] /home/travis/build/icyphy/ptII/ptolemy/actor/lib/test/auto/Exec.xml (RunModel)" time="0.029" />
  <testcase classname="ptolemy.util.test.junit.AutoTests" name="[145] /home/travis/build/icyphy/ptII/ptolemy/actor/lib/test/auto/ExecEnvironment.xml (RunModel)" time="0.037" />
  <testcase classname="ptolemy.util.test.junit.AutoTests" name="[146] /home/travis/build/icyphy/ptII/ptolemy/actor/lib/test/auto/ExecNonZeroReturnOutput.xml (RunModel)" time="0.172" />
  <testcase classname="ptolemy.util.test.junit.AutoTests" name="[147] /home/travis/build/icyphy/ptII/ptolemy/actor/lib/test/auto/ExecRunDemos.xml (RunModel)" time="9.926" />
  <testcase classname="ptolemy.util.test.junit.AutoTests" name="[148] /home/travis/build/icyphy/ptII/ptolemy/actor/lib/test/auto/ExecStop.xml (RunModel)" time="5.034" />
  <testcase classname="ptolemy.util.test.junit.AutoTests" name="[149] /home/travis/build/icyphy/ptII/ptolemy/actor/lib/test/auto/ExecutionTimeSDF.xml (RunModel)" time="6.044">
    <error type="java.lang.reflect.InvocationTargetException">java.lang.reflect.InvocationTargetException
	at jdk.internal.reflect.GeneratedConstructorAccessor36.newInstance(Unknown Source)
	at java.base/jdk.internal.reflect.DelegatingConstructorAccessorImpl.newInstance(DelegatingConstructorAccessorImpl.java:45)
	at java.base/java.lang.reflect.Constructor.newInstance(Constructor.java:490)
	at ptolemy.util.test.junit.AutoTests.RunModel(AutoTests.java:193)
	at jdk.internal.reflect.GeneratedMethodAccessor43.invoke(Unknown Source)
	at java.base/jdk.internal.reflect.DelegatingMethodAccessorImpl.invoke(DelegatingMethodAccessorImpl.java:43)
	at junitparams.internal.InvokeParameterisedMethod.evaluate(InvokeParameterisedMethod.java:102)
Caused by: ptolemy.kernel.util.IllegalActionException: Test fails in iteration 0.
Value was: 6001L. Should have been: 6000L
  in .ExecutionTimeSDF.NonStrictTest
	at ptolemy.actor.lib.NonStrictTest.postfire(NonStrictTest.java:328)
	at ptolemy.actor.AtomicActor.iterate(AtomicActor.java:518)
	at ptolemy.actor.sched.StaticSchedulingDirector.fire(StaticSchedulingDirector.java:216)
	at ptolemy.domains.sdf.kernel.SDFDirector.fire(SDFDirector.java:500)
	at ptolemy.actor.CompositeActor.fire(CompositeActor.java:455)
	at ptolemy.actor.Manager.iterate(Manager.java:851)
	at ptolemy.actor.Manager.execute(Manager.java:369)
	at ptolemy.actor.Manager.run(Manager.java:1263)
	at ptolemy.actor.Manager$PtolemyRunThread.run(Manager.java:1933)
</error>
  </testcase>
  <testcase classname="ptolemy.util.test.junit.AutoTests" name="[150] /home/travis/build/icyphy/ptII/ptolemy/actor/lib/test/auto/Expression1.xml (RunModel)" time="0.02" />
  <testcase classname="ptolemy.util.test.junit.AutoTests" name="[151] /home/travis/build/icyphy/ptII/ptolemy/actor/lib/test/auto/Expression10.xml (RunModel)" time="0.021" />
  <testcase classname="ptolemy.util.test.junit.AutoTests" name="[152] /home/travis/build/icyphy/ptII/ptolemy/actor/lib/test/auto/Expression11.xml (RunModel)" time="0.009" />
  <testcase classname="ptolemy.util.test.junit.AutoTests" name="[153] /home/travis/build/icyphy/ptII/ptolemy/actor/lib/test/auto/Expression12.xml (RunModel)" time="0.024" />
  <testcase classname="ptolemy.util.test.junit.AutoTests" name="[154] /home/travis/build/icyphy/ptII/ptolemy/actor/lib/test/auto/Expression13.xml (RunModel)" time="0.011" />
  <testcase classname="ptolemy.util.test.junit.AutoTests" name="[155] /home/travis/build/icyphy/ptII/ptolemy/actor/lib/test/auto/Expression14.xml (RunModel)" time="0.019" />
  <testcase classname="ptolemy.util.test.junit.AutoTests" name="[156] /home/travis/build/icyphy/ptII/ptolemy/actor/lib/test/auto/Expression15.xml (RunModel)" time="0.006" />
  <testcase classname="ptolemy.util.test.junit.AutoTests" name="[157] /home/travis/build/icyphy/ptII/ptolemy/actor/lib/test/auto/Expression16.xml (RunModel)" time="0.01" />
  <testcase classname="ptolemy.util.test.junit.AutoTests" name="[158] /home/travis/build/icyphy/ptII/ptolemy/actor/lib/test/auto/Expression17.xml (RunModel)" time="0.01" />
  <testcase classname="ptolemy.util.test.junit.AutoTests" name="[159] /home/travis/build/icyphy/ptII/ptolemy/actor/lib/test/auto/Expression18.xml (RunModel)" time="0.019" />
  <testcase classname="ptolemy.util.test.junit.AutoTests" name="[160] /home/travis/build/icyphy/ptII/ptolemy/actor/lib/test/auto/Expression2.xml (RunModel)" time="0.009" />
  <testcase classname="ptolemy.util.test.junit.AutoTests" name="[161] /home/travis/build/icyphy/ptII/ptolemy/actor/lib/test/auto/Expression3.xml (RunModel)" time="0.013" />
  <testcase classname="ptolemy.util.test.junit.AutoTests" name="[162] /home/travis/build/icyphy/ptII/ptolemy/actor/lib/test/auto/Expression4.xml (RunModel)" time="0.017" />
  <testcase classname="ptolemy.util.test.junit.AutoTests" name="[163] /home/travis/build/icyphy/ptII/ptolemy/actor/lib/test/auto/Expression5.xml (RunModel)" time="0.01" />
  <testcase classname="ptolemy.util.test.junit.AutoTests" name="[164] /home/travis/build/icyphy/ptII/ptolemy/actor/lib/test/auto/Expression6.xml (RunModel)" time="0.007" />
  <testcase classname="ptolemy.util.test.junit.AutoTests" name="[165] /home/travis/build/icyphy/ptII/ptolemy/actor/lib/test/auto/Expression7.xml (RunModel)" time="0.014" />
  <testcase classname="ptolemy.util.test.junit.AutoTests" name="[166] /home/travis/build/icyphy/ptII/ptolemy/actor/lib/test/auto/Expression8.xml (RunModel)" time="0.013" />
  <testcase classname="ptolemy.util.test.junit.AutoTests" name="[167] /home/travis/build/icyphy/ptII/ptolemy/actor/lib/test/auto/Expression9.xml (RunModel)" time="0.007" />
  <testcase classname="ptolemy.util.test.junit.AutoTests" name="[168] /home/travis/build/icyphy/ptII/ptolemy/actor/lib/test/auto/ExpressionConcatenateArrayType.xml (RunModel)" time="0.026" />
  <testcase classname="ptolemy.util.test.junit.AutoTests" name="[169] /home/travis/build/icyphy/ptII/ptolemy/actor/lib/test/auto/ExpressionConcatenateArrayType2.xml (RunModel)" time="0.018" />
  <testcase classname="ptolemy.util.test.junit.AutoTests" name="[170] /home/travis/build/icyphy/ptII/ptolemy/actor/lib/test/auto/ExpressionFix.xml (RunModel)" time="0.04" />
  <testcase classname="ptolemy.util.test.junit.AutoTests" name="[171] /home/travis/build/icyphy/ptII/ptolemy/actor/lib/test/auto/ExpressionFix2.xml (RunModel)" time="0.012" />
  <testcase classname="ptolemy.util.test.junit.AutoTests" name="[172] /home/travis/build/icyphy/ptII/ptolemy/actor/lib/test/auto/ExpressionFix3.xml (RunModel)" time="0.009" />
  <testcase classname="ptolemy.util.test.junit.AutoTests" name="[173] /home/travis/build/icyphy/ptII/ptolemy/actor/lib/test/auto/FileWriter1.xml (RunModel)" time="0.01" />
  <testcase classname="ptolemy.util.test.junit.AutoTests" name="[174] /home/travis/build/icyphy/ptII/ptolemy/actor/lib/test/auto/FileWriter2.xml (RunModel)" time="0.009" />
  <testcase classname="ptolemy.util.test.junit.AutoTests" name="[175] /home/travis/build/icyphy/ptII/ptolemy/actor/lib/test/auto/FileWriter3.xml (RunModel)" time="0.01" />
  <testcase classname="ptolemy.util.test.junit.AutoTests" name="[176] /home/travis/build/icyphy/ptII/ptolemy/actor/lib/test/auto/Gaussian.xml (RunModel)" time="0.014" />
  <testcase classname="ptolemy.util.test.junit.AutoTests" name="[177] /home/travis/build/icyphy/ptII/ptolemy/actor/lib/test/auto/Gaussian1.xml (RunModel)" time="0.017" />
  <testcase classname="ptolemy.util.test.junit.AutoTests" name="[178] /home/travis/build/icyphy/ptII/ptolemy/actor/lib/test/auto/Gaussian2.xml (RunModel)" time="0.014" />
  <testcase classname="ptolemy.util.test.junit.AutoTests" name="[179] /home/travis/build/icyphy/ptII/ptolemy/actor/lib/test/auto/GradientAdaptiveLattice.xml (RunModel)" time="0.015" />
  <testcase classname="ptolemy.util.test.junit.AutoTests" name="[180] /home/travis/build/icyphy/ptII/ptolemy/actor/lib/test/auto/IIR.xml (RunModel)" time="0.009" />
  <testcase classname="ptolemy.util.test.junit.AutoTests" name="[181] /home/travis/build/icyphy/ptII/ptolemy/actor/lib/test/auto/InputOutputTransparentPorts.xml (RunModel)" time="0.018" />
  <testcase classname="ptolemy.util.test.junit.AutoTests" name="[182] /home/travis/build/icyphy/ptII/ptolemy/actor/lib/test/auto/Interpolator.xml (RunModel)" time="0.01" />
  <testcase classname="ptolemy.util.test.junit.AutoTests" name="[183] /home/travis/build/icyphy/ptII/ptolemy/actor/lib/test/auto/InterpolatorFiringLimitDE.xml (RunModel)" time="0.013" />
  <testcase classname="ptolemy.util.test.junit.AutoTests" name="[184] /home/travis/build/icyphy/ptII/ptolemy/actor/lib/test/auto/Lattice.xml (RunModel)" time="0.007" />
  <testcase classname="ptolemy.util.test.junit.AutoTests" name="[185] /home/travis/build/icyphy/ptII/ptolemy/actor/lib/test/auto/LazyAOCTestLazy.xml (RunModel)" time="0.039" />
  <testcase classname="ptolemy.util.test.junit.AutoTests" name="[186] /home/travis/build/icyphy/ptII/ptolemy/actor/lib/test/auto/LazyAOCTestNonLazy.xml (RunModel)" time="0.045" />
  <testcase classname="ptolemy.util.test.junit.AutoTests" name="[187] /home/travis/build/icyphy/ptII/ptolemy/actor/lib/test/auto/LazyInnerClass.xml (RunModel)" time="0.049" />
  <testcase classname="ptolemy.util.test.junit.AutoTests" name="[188] /home/travis/build/icyphy/ptII/ptolemy/actor/lib/test/auto/LazyPubSub.xml (RunModel)" time="0.035" />
  <testcase classname="ptolemy.util.test.junit.AutoTests" name="[189] /home/travis/build/icyphy/ptII/ptolemy/actor/lib/test/auto/LazyPubSub2.xml (RunModel)" time="0.034" />
  <testcase classname="ptolemy.util.test.junit.AutoTests" name="[190] /home/travis/build/icyphy/ptII/ptolemy/actor/lib/test/auto/LazyPubSub3.xml (RunModel)" time="0.021" />
  <testcase classname="ptolemy.util.test.junit.AutoTests" name="[191] /home/travis/build/icyphy/ptII/ptolemy/actor/lib/test/auto/LazySubClassModel.xml (RunModel)" time="0.017" />
  <testcase classname="ptolemy.util.test.junit.AutoTests" name="[192] /home/travis/build/icyphy/ptII/ptolemy/actor/lib/test/auto/LevelCrossTest1.xml (RunModel)" time="0.008" />
  <testcase classname="ptolemy.util.test.junit.AutoTests" name="[193] /home/travis/build/icyphy/ptII/ptolemy/actor/lib/test/auto/LevelCrossTest10.xml (RunModel)" time="0.013" />
  <testcase classname="ptolemy.util.test.junit.AutoTests" name="[194] /home/travis/build/icyphy/ptII/ptolemy/actor/lib/test/auto/LevelCrossTest11.xml (RunModel)" time="0.019" />
  <testcase classname="ptolemy.util.test.junit.AutoTests" name="[195] /home/travis/build/icyphy/ptII/ptolemy/actor/lib/test/auto/LevelCrossTest12.xml (RunModel)" time="0.015" />
  <testcase classname="ptolemy.util.test.junit.AutoTests" name="[196] /home/travis/build/icyphy/ptII/ptolemy/actor/lib/test/auto/LevelCrossTest13.xml (RunModel)" time="0.012" />
  <testcase classname="ptolemy.util.test.junit.AutoTests" name="[197] /home/travis/build/icyphy/ptII/ptolemy/actor/lib/test/auto/LevelCrossTest2.xml (RunModel)" time="0.008" />
  <testcase classname="ptolemy.util.test.junit.AutoTests" name="[198] /home/travis/build/icyphy/ptII/ptolemy/actor/lib/test/auto/LevelCrossTest3.xml (RunModel)" time="0.009" />
  <testcase classname="ptolemy.util.test.junit.AutoTests" name="[199] /home/travis/build/icyphy/ptII/ptolemy/actor/lib/test/auto/LevelCrossTest4.xml (RunModel)" time="0.008" />
  <testcase classname="ptolemy.util.test.junit.AutoTests" name="[200] /home/travis/build/icyphy/ptII/ptolemy/actor/lib/test/auto/LevelCrossTest5.xml (RunModel)" time="0.01" />
  <testcase classname="ptolemy.util.test.junit.AutoTests" name="[201] /home/travis/build/icyphy/ptII/ptolemy/actor/lib/test/auto/LevelCrossTest6.xml (RunModel)" time="0.012" />
  <testcase classname="ptolemy.util.test.junit.AutoTests" name="[202] /home/travis/build/icyphy/ptII/ptolemy/actor/lib/test/auto/LevelCrossTest7.xml (RunModel)" time="0.021" />
  <testcase classname="ptolemy.util.test.junit.AutoTests" name="[203] /home/travis/build/icyphy/ptII/ptolemy/actor/lib/test/auto/LevelCrossTest8.xml (RunModel)" time="0.012" />
  <testcase classname="ptolemy.util.test.junit.AutoTests" name="[204] /home/travis/build/icyphy/ptII/ptolemy/actor/lib/test/auto/LevelCrossTest9.xml (RunModel)" time="0.011" />
  <testcase classname="ptolemy.util.test.junit.AutoTests" name="[205] /home/travis/build/icyphy/ptII/ptolemy/actor/lib/test/auto/LevinsonDurbin.xml (RunModel)" time="0.008" />
  <testcase classname="ptolemy.util.test.junit.AutoTests" name="[206] /home/travis/build/icyphy/ptII/ptolemy/actor/lib/test/auto/LevinsonDurbin2.xml (RunModel)" time="0.009" />
  <testcase classname="ptolemy.util.test.junit.AutoTests" name="[207] /home/travis/build/icyphy/ptII/ptolemy/actor/lib/test/auto/LevinsonDurbin3.xml (RunModel)" time="0.008" />
  <testcase classname="ptolemy.util.test.junit.AutoTests" name="[208] /home/travis/build/icyphy/ptII/ptolemy/actor/lib/test/auto/Limiter.xml (RunModel)" time="0.032" />
  <testcase classname="ptolemy.util.test.junit.AutoTests" name="[209] /home/travis/build/icyphy/ptII/ptolemy/actor/lib/test/auto/LinearDifferenceEquationSystem.xml (RunModel)" time="0.027" />
  <testcase classname="ptolemy.util.test.junit.AutoTests" name="[210] /home/travis/build/icyphy/ptII/ptolemy/actor/lib/test/auto/LookupTable.xml (RunModel)" time="0.013" />
  <testcase classname="ptolemy.util.test.junit.AutoTests" name="[211] /home/travis/build/icyphy/ptII/ptolemy/actor/lib/test/auto/MathFunction.xml (RunModel)" time="0.015" />
  <testcase classname="ptolemy.util.test.junit.AutoTests" name="[212] /home/travis/build/icyphy/ptII/ptolemy/actor/lib/test/auto/MathFunction2.xml (RunModel)" time="0.01" />
  <testcase classname="ptolemy.util.test.junit.AutoTests" name="[213] /home/travis/build/icyphy/ptII/ptolemy/actor/lib/test/auto/MathFunction3.xml (RunModel)" time="0.016" />
  <testcase classname="ptolemy.util.test.junit.AutoTests" name="[214] /home/travis/build/icyphy/ptII/ptolemy/actor/lib/test/auto/MatrixCropBoolean.xml (RunModel)" time="0.011" />
  <testcase classname="ptolemy.util.test.junit.AutoTests" name="[215] /home/travis/build/icyphy/ptII/ptolemy/actor/lib/test/auto/MatrixCropComplex.xml (RunModel)" time="0.007" />
  <testcase classname="ptolemy.util.test.junit.AutoTests" name="[216] /home/travis/build/icyphy/ptII/ptolemy/actor/lib/test/auto/MatrixCropDouble.xml (RunModel)" time="0.007" />
  <testcase classname="ptolemy.util.test.junit.AutoTests" name="[217] /home/travis/build/icyphy/ptII/ptolemy/actor/lib/test/auto/MatrixCropFix.xml (RunModel)" time="0.011" />
  <testcase classname="ptolemy.util.test.junit.AutoTests" name="[218] /home/travis/build/icyphy/ptII/ptolemy/actor/lib/test/auto/MatrixCropInt.xml (RunModel)" time="0.007" />
  <testcase classname="ptolemy.util.test.junit.AutoTests" name="[219] /home/travis/build/icyphy/ptII/ptolemy/actor/lib/test/auto/MatrixCropLong.xml (RunModel)" time="0.016" />
  <testcase classname="ptolemy.util.test.junit.AutoTests" name="[220] /home/travis/build/icyphy/ptII/ptolemy/actor/lib/test/auto/MatrixToArray.xml (RunModel)" time="0.038" />
  <testcase classname="ptolemy.util.test.junit.AutoTests" name="[221] /home/travis/build/icyphy/ptII/ptolemy/actor/lib/test/auto/MaxIndex.xml (RunModel)" time="0.01" />
  <testcase classname="ptolemy.util.test.junit.AutoTests" name="[222] /home/travis/build/icyphy/ptII/ptolemy/actor/lib/test/auto/Maximum.xml (RunModel)" time="0.009" />
  <testcase classname="ptolemy.util.test.junit.AutoTests" name="[223] /home/travis/build/icyphy/ptII/ptolemy/actor/lib/test/auto/MaximumComplex.xml (RunModel)" time="0.011" />
  <testcase classname="ptolemy.util.test.junit.AutoTests" name="[224] /home/travis/build/icyphy/ptII/ptolemy/actor/lib/test/auto/MethodCallTest.xml (RunModel)" time="0.017" />
  <testcase classname="ptolemy.util.test.junit.AutoTests" name="[225] /home/travis/build/icyphy/ptII/ptolemy/actor/lib/test/auto/Minimum.xml (RunModel)" time="0.012" />
  <testcase classname="ptolemy.util.test.junit.AutoTests" name="[226] /home/travis/build/icyphy/ptII/ptolemy/actor/lib/test/auto/MinimumComplex.xml (RunModel)" time="0.02" />
  <testcase classname="ptolemy.util.test.junit.AutoTests" name="[227] /home/travis/build/icyphy/ptII/ptolemy/actor/lib/test/auto/MinimumMultiports.xml (RunModel)" time="0.013" />
  <testcase classname="ptolemy.util.test.junit.AutoTests" name="[228] /home/travis/build/icyphy/ptII/ptolemy/actor/lib/test/auto/ModifyDate.xml (RunModel)" time="0.037" />
  <testcase classname="ptolemy.util.test.junit.AutoTests" name="[229] /home/travis/build/icyphy/ptII/ptolemy/actor/lib/test/auto/ModifyDate2.xml (RunModel)" time="0.022" />
  <testcase classname="ptolemy.util.test.junit.AutoTests" name="[230] /home/travis/build/icyphy/ptII/ptolemy/actor/lib/test/auto/MovingAverage.xml (RunModel)" time="0.008" />
  <testcase classname="ptolemy.util.test.junit.AutoTests" name="[231] /home/travis/build/icyphy/ptII/ptolemy/actor/lib/test/auto/MovingMaximum.xml (RunModel)" time="0.008" />
  <testcase classname="ptolemy.util.test.junit.AutoTests" name="[232] /home/travis/build/icyphy/ptII/ptolemy/actor/lib/test/auto/MultipleLinksToSameRelation.xml (RunModel)" time="0.013" />
  <testcase classname="ptolemy.util.test.junit.AutoTests" name="[233] /home/travis/build/icyphy/ptII/ptolemy/actor/lib/test/auto/MultipleLinksToSameRelationDE.xml (RunModel)" time="0.007" />
  <testcase classname="ptolemy.util.test.junit.AutoTests" name="[234] /home/travis/build/icyphy/ptII/ptolemy/actor/lib/test/auto/Multiplexor.xml (RunModel)" time="0.009" />
  <testcase classname="ptolemy.util.test.junit.AutoTests" name="[235] /home/travis/build/icyphy/ptII/ptolemy/actor/lib/test/auto/Multiplexor1.xml (RunModel)" time="0.009" />
  <testcase classname="ptolemy.util.test.junit.AutoTests" name="[236] /home/travis/build/icyphy/ptII/ptolemy/actor/lib/test/auto/Multiplexor2.xml (RunModel)" time="0.014" />
  <testcase classname="ptolemy.util.test.junit.AutoTests" name="[237] /home/travis/build/icyphy/ptII/ptolemy/actor/lib/test/auto/Multiplexor3.xml (RunModel)" time="0.007" />
  <testcase classname="ptolemy.util.test.junit.AutoTests" name="[238] /home/travis/build/icyphy/ptII/ptolemy/actor/lib/test/auto/MultiplexorDE.xml (RunModel)" time="0.013" />
  <testcase classname="ptolemy.util.test.junit.AutoTests" name="[239] /home/travis/build/icyphy/ptII/ptolemy/actor/lib/test/auto/MultiportBroadcastTest.xml (RunModel)" time="0.082" />
  <testcase classname="ptolemy.util.test.junit.AutoTests" name="[240] /home/travis/build/icyphy/ptII/ptolemy/actor/lib/test/auto/MultiportOutHangDuringGetWidth.xml (RunModel)" time="0.03" />
  <testcase classname="ptolemy.util.test.junit.AutoTests" name="[241] /home/travis/build/icyphy/ptII/ptolemy/actor/lib/test/auto/NilToken.xml (RunModel)" time="0.008" />
  <testcase classname="ptolemy.util.test.junit.AutoTests" name="[242] /home/travis/build/icyphy/ptII/ptolemy/actor/lib/test/auto/NilTokenNonStrictTest.xml (RunModel)" time="0.015" />
  <testcase classname="ptolemy.util.test.junit.AutoTests" name="[243] /home/travis/build/icyphy/ptII/ptolemy/actor/lib/test/auto/NilTokenRecord.xml (RunModel)" time="0.02" />
  <testcase classname="ptolemy.util.test.junit.AutoTests" name="[244] /home/travis/build/icyphy/ptII/ptolemy/actor/lib/test/auto/NilTokenTypeTest.xml (RunModel)" time="0.028" />
  <testcase classname="ptolemy.util.test.junit.AutoTests" name="[245] /home/travis/build/icyphy/ptII/ptolemy/actor/lib/test/auto/ObjectToken1.xml (RunModel)" time="0.005" />
  <testcase classname="ptolemy.util.test.junit.AutoTests" name="[246] /home/travis/build/icyphy/ptII/ptolemy/actor/lib/test/auto/OrderedMerge.xml (RunModel)" time="0.019" />
  <testcase classname="ptolemy.util.test.junit.AutoTests" name="[247] /home/travis/build/icyphy/ptII/ptolemy/actor/lib/test/auto/OrderedRecordDisassembler.xml (RunModel)" time="0.013" />
  <testcase classname="ptolemy.util.test.junit.AutoTests" name="[248] /home/travis/build/icyphy/ptII/ptolemy/actor/lib/test/auto/OrderedRecordDisassembler2.xml (RunModel)" time="0.03" />
  <testcase classname="ptolemy.util.test.junit.AutoTests" name="[249] /home/travis/build/icyphy/ptII/ptolemy/actor/lib/test/auto/OrderedRecordUpdater.xml (RunModel)" time="0.009" />
  <testcase classname="ptolemy.util.test.junit.AutoTests" name="[250] /home/travis/build/icyphy/ptII/ptolemy/actor/lib/test/auto/OrderedRecordUpdater2.xml (RunModel)" time="0.014" />
  <testcase classname="ptolemy.util.test.junit.AutoTests" name="[251] /home/travis/build/icyphy/ptII/ptolemy/actor/lib/test/auto/PhaseUnwrap.xml (RunModel)" time="0.011" />
  <testcase classname="ptolemy.util.test.junit.AutoTests" name="[252] /home/travis/build/icyphy/ptII/ptolemy/actor/lib/test/auto/PoissonClock.xml (RunModel)" time="0.007" />
  <testcase classname="ptolemy.util.test.junit.AutoTests" name="[253] /home/travis/build/icyphy/ptII/ptolemy/actor/lib/test/auto/PoissonClock2.xml (RunModel)" time="0.006" />
  <testcase classname="ptolemy.util.test.junit.AutoTests" name="[254] /home/travis/build/icyphy/ptII/ptolemy/actor/lib/test/auto/PoissonClock3.xml (RunModel)" time="0.019" />
  <testcase classname="ptolemy.util.test.junit.AutoTests" name="[255] /home/travis/build/icyphy/ptII/ptolemy/actor/lib/test/auto/PubSubWithInitialTokens.xml (RunModel)" time="0.01" />
  <testcase classname="ptolemy.util.test.junit.AutoTests" name="[256] /home/travis/build/icyphy/ptII/ptolemy/actor/lib/test/auto/PubSubWithInitialTokens2.xml (RunModel)" time="0.01" />
  <testcase classname="ptolemy.util.test.junit.AutoTests" name="[257] /home/travis/build/icyphy/ptII/ptolemy/actor/lib/test/auto/PublisherClassNoParameter.xml (RunModel)" time="0.019" />
  <testcase classname="ptolemy.util.test.junit.AutoTests" name="[258] /home/travis/build/icyphy/ptII/ptolemy/actor/lib/test/auto/PublisherClassParameter.xml (RunModel)" time="0.018" />
  <testcase classname="ptolemy.util.test.junit.AutoTests" name="[259] /home/travis/build/icyphy/ptII/ptolemy/actor/lib/test/auto/PublisherNonStrictTest.xml (RunModel)" time="0.013" />
  <testcase classname="ptolemy.util.test.junit.AutoTests" name="[260] /home/travis/build/icyphy/ptII/ptolemy/actor/lib/test/auto/PublisherPort1.xml (RunModel)" time="0.015" />
  <testcase classname="ptolemy.util.test.junit.AutoTests" name="[261] /home/travis/build/icyphy/ptII/ptolemy/actor/lib/test/auto/PublisherPort2.xml (RunModel)" time="0.009" />
  <testcase classname="ptolemy.util.test.junit.AutoTests" name="[262] /home/travis/build/icyphy/ptII/ptolemy/actor/lib/test/auto/PublisherPort3.xml (RunModel)" time="0.009" />
  <testcase classname="ptolemy.util.test.junit.AutoTests" name="[263] /home/travis/build/icyphy/ptII/ptolemy/actor/lib/test/auto/PublisherPort4.xml (RunModel)" time="0.009" />
  <testcase classname="ptolemy.util.test.junit.AutoTests" name="[264] /home/travis/build/icyphy/ptII/ptolemy/actor/lib/test/auto/PublisherPort5.xml (RunModel)" time="0.01" />
  <testcase classname="ptolemy.util.test.junit.AutoTests" name="[265] /home/travis/build/icyphy/ptII/ptolemy/actor/lib/test/auto/PublisherPort5LookAlike.xml (RunModel)" time="0.017" />
  <testcase classname="ptolemy.util.test.junit.AutoTests" name="[266] /home/travis/build/icyphy/ptII/ptolemy/actor/lib/test/auto/PublisherPort6.xml (RunModel)" time="0.009" />
  <testcase classname="ptolemy.util.test.junit.AutoTests" name="[267] /home/travis/build/icyphy/ptII/ptolemy/actor/lib/test/auto/PublisherPort7.xml (RunModel)" time="0.012" />
  <testcase classname="ptolemy.util.test.junit.AutoTests" name="[268] /home/travis/build/icyphy/ptII/ptolemy/actor/lib/test/auto/PublisherPort8.xml (RunModel)" time="0.013" />
  <testcase classname="ptolemy.util.test.junit.AutoTests" name="[269] /home/travis/build/icyphy/ptII/ptolemy/actor/lib/test/auto/PublisherPortSubscriberChannelVariablesAOC2.xml (RunModel)" time="0.028" />
  <testcase classname="ptolemy.util.test.junit.AutoTests" name="[270] /home/travis/build/icyphy/ptII/ptolemy/actor/lib/test/auto/PublisherPortSubscriberOpaqueWidthInference.xml (RunModel)" time="0.014" />
  <testcase classname="ptolemy.util.test.junit.AutoTests" name="[271] /home/travis/build/icyphy/ptII/ptolemy/actor/lib/test/auto/PublisherPortSubscriberPortAdjacent.xml (RunModel)" time="0.018" />
  <testcase classname="ptolemy.util.test.junit.AutoTests" name="[272] /home/travis/build/icyphy/ptII/ptolemy/actor/lib/test/auto/PublisherPortSubscriberPortExpression.xml (RunModel)" time="0.014" />
  <testcase classname="ptolemy.util.test.junit.AutoTests" name="[273] /home/travis/build/icyphy/ptII/ptolemy/actor/lib/test/auto/PublisherPortSubscriberPortOpaqueD3Reverse.xml (RunModel)" time="0.028" />
  <testcase classname="ptolemy.util.test.junit.AutoTests" name="[274] /home/travis/build/icyphy/ptII/ptolemy/actor/lib/test/auto/PublisherPortSubscriberPortOpaqueWidthInference.xml (RunModel)" time="0.013" />
  <testcase classname="ptolemy.util.test.junit.AutoTests" name="[275] /home/travis/build/icyphy/ptII/ptolemy/actor/lib/test/auto/PublisherPortToplevelSubscriberPortAOC.xml (RunModel)" time="0.018" />
  <testcase classname="ptolemy.util.test.junit.AutoTests" name="[276] /home/travis/build/icyphy/ptII/ptolemy/actor/lib/test/auto/PublisherSubscriber.xml (RunModel)" time="0.011" />
  <testcase classname="ptolemy.util.test.junit.AutoTests" name="[277] /home/travis/build/icyphy/ptII/ptolemy/actor/lib/test/auto/PublisherSubscriber10.xml (RunModel)" time="0.015" />
  <testcase classname="ptolemy.util.test.junit.AutoTests" name="[278] /home/travis/build/icyphy/ptII/ptolemy/actor/lib/test/auto/PublisherSubscriber10InitialOutputs.xml (RunModel)" time="0.022" />
  <testcase classname="ptolemy.util.test.junit.AutoTests" name="[279] /home/travis/build/icyphy/ptII/ptolemy/actor/lib/test/auto/PublisherSubscriber11.xml (RunModel)" time="0.009" />
  <testcase classname="ptolemy.util.test.junit.AutoTests" name="[280] /home/travis/build/icyphy/ptII/ptolemy/actor/lib/test/auto/PublisherSubscriber12.xml (RunModel)" time="0.011" />
  <testcase classname="ptolemy.util.test.junit.AutoTests" name="[281] /home/travis/build/icyphy/ptII/ptolemy/actor/lib/test/auto/PublisherSubscriber13.xml (RunModel)" time="0.007" />
  <testcase classname="ptolemy.util.test.junit.AutoTests" name="[282] /home/travis/build/icyphy/ptII/ptolemy/actor/lib/test/auto/PublisherSubscriber14.xml (RunModel)" time="0.015" />
  <testcase classname="ptolemy.util.test.junit.AutoTests" name="[283] /home/travis/build/icyphy/ptII/ptolemy/actor/lib/test/auto/PublisherSubscriber2.xml (RunModel)" time="0.007" />
  <testcase classname="ptolemy.util.test.junit.AutoTests" name="[284] /home/travis/build/icyphy/ptII/ptolemy/actor/lib/test/auto/PublisherSubscriber3.xml (RunModel)" time="0.008" />
  <testcase classname="ptolemy.util.test.junit.AutoTests" name="[285] /home/travis/build/icyphy/ptII/ptolemy/actor/lib/test/auto/PublisherSubscriber4.xml (RunModel)" time="0.008" />
  <testcase classname="ptolemy.util.test.junit.AutoTests" name="[286] /home/travis/build/icyphy/ptII/ptolemy/actor/lib/test/auto/PublisherSubscriber5.xml (RunModel)" time="0.017" />
  <testcase classname="ptolemy.util.test.junit.AutoTests" name="[287] /home/travis/build/icyphy/ptII/ptolemy/actor/lib/test/auto/PublisherSubscriber6.xml (RunModel)" time="0.013" />
  <testcase classname="ptolemy.util.test.junit.AutoTests" name="[288] /home/travis/build/icyphy/ptII/ptolemy/actor/lib/test/auto/PublisherSubscriber7.xml (RunModel)" time="0.014" />
  <testcase classname="ptolemy.util.test.junit.AutoTests" name="[289] /home/travis/build/icyphy/ptII/ptolemy/actor/lib/test/auto/PublisherSubscriber8.xml (RunModel)" time="0.026" />
  <testcase classname="ptolemy.util.test.junit.AutoTests" name="[290] /home/travis/build/icyphy/ptII/ptolemy/actor/lib/test/auto/PublisherSubscriber9.xml (RunModel)" time="0.015" />
  <testcase classname="ptolemy.util.test.junit.AutoTests" name="[291] /home/travis/build/icyphy/ptII/ptolemy/actor/lib/test/auto/PublisherSubscriberAdjacent.xml (RunModel)" time="0.014" />
  <testcase classname="ptolemy.util.test.junit.AutoTests" name="[292] /home/travis/build/icyphy/ptII/ptolemy/actor/lib/test/auto/PublisherSubscriberChannelVariablesAOC2.xml (RunModel)" time="0.023" />
  <testcase classname="ptolemy.util.test.junit.AutoTests" name="[293] /home/travis/build/icyphy/ptII/ptolemy/actor/lib/test/auto/PublisherSubscriberD3.xml (RunModel)" time="0.01" />
  <testcase classname="ptolemy.util.test.junit.AutoTests" name="[294] /home/travis/build/icyphy/ptII/ptolemy/actor/lib/test/auto/PublisherSubscriberD3Reverse.xml (RunModel)" time="0.008" />
  <testcase classname="ptolemy.util.test.junit.AutoTests" name="[295] /home/travis/build/icyphy/ptII/ptolemy/actor/lib/test/auto/PublisherSubscriberExpression.xml (RunModel)" time="0.016" />
  <testcase classname="ptolemy.util.test.junit.AutoTests" name="[296] /home/travis/build/icyphy/ptII/ptolemy/actor/lib/test/auto/PublisherSubscriberOpaque.xml (RunModel)" time="0.012" />
  <testcase classname="ptolemy.util.test.junit.AutoTests" name="[297] /home/travis/build/icyphy/ptII/ptolemy/actor/lib/test/auto/PublisherSubscriberOpaqueD3.xml (RunModel)" time="0.018" />
  <testcase classname="ptolemy.util.test.junit.AutoTests" name="[298] /home/travis/build/icyphy/ptII/ptolemy/actor/lib/test/auto/PublisherSubscriberOpaqueD3Reverse.xml (RunModel)" time="0.017" />
  <testcase classname="ptolemy.util.test.junit.AutoTests" name="[299] /home/travis/build/icyphy/ptII/ptolemy/actor/lib/test/auto/PublisherSubscriberOpaqueWidthInference.xml (RunModel)" time="0.018" />
  <testcase classname="ptolemy.util.test.junit.AutoTests" name="[300] /home/travis/build/icyphy/ptII/ptolemy/actor/lib/test/auto/PublisherTestSubscriber.xml (RunModel)" time="0.013" />
  <testcase classname="ptolemy.util.test.junit.AutoTests" name="[301] /home/travis/build/icyphy/ptII/ptolemy/actor/lib/test/auto/PublisherToplevelSubscriberPortAOC.xml (RunModel)" time="0.009" />
  <testcase classname="ptolemy.util.test.junit.AutoTests" name="[302] /home/travis/build/icyphy/ptII/ptolemy/actor/lib/test/auto/PulseFiringLimitDE.xml (RunModel)" time="0.012" />
  <testcase classname="ptolemy.util.test.junit.AutoTests" name="[303] /home/travis/build/icyphy/ptII/ptolemy/actor/lib/test/auto/Ramp1.xml (RunModel)" time="0.005" />
  <testcase classname="ptolemy.util.test.junit.AutoTests" name="[304] /home/travis/build/icyphy/ptII/ptolemy/actor/lib/test/auto/RampFiringLimitDE.xml (RunModel)" time="0.009" />
  <testcase classname="ptolemy.util.test.junit.AutoTests" name="[305] /home/travis/build/icyphy/ptII/ptolemy/actor/lib/test/auto/RampFiringLimitSDF.xml (RunModel)" time="0.008" />
  <testcase classname="ptolemy.util.test.junit.AutoTests" name="[306] /home/travis/build/icyphy/ptII/ptolemy/actor/lib/test/auto/RandomInteger.xml (RunModel)" time="0.006" />
  <testcase classname="ptolemy.util.test.junit.AutoTests" name="[307] /home/travis/build/icyphy/ptII/ptolemy/actor/lib/test/auto/ReadFile1.xml (RunModel)" time="0.007" />
  <testcase classname="ptolemy.util.test.junit.AutoTests" name="[308] /home/travis/build/icyphy/ptII/ptolemy/actor/lib/test/auto/ReadFile2.xml (RunModel)" time="0.005" />
  <testcase classname="ptolemy.util.test.junit.AutoTests" name="[309] /home/travis/build/icyphy/ptII/ptolemy/actor/lib/test/auto/Reader.xml (RunModel)" time="0.01" />
  <testcase classname="ptolemy.util.test.junit.AutoTests" name="[310] /home/travis/build/icyphy/ptII/ptolemy/actor/lib/test/auto/RecordAssemblerDisplayNameTest.xml (RunModel)" time="3.282" />
  <testcase classname="ptolemy.util.test.junit.AutoTests" name="[311] /home/travis/build/icyphy/ptII/ptolemy/actor/lib/test/auto/RecordAssemblerTypeError.xml (RunModel)" time="0.036" />
  <testcase classname="ptolemy.util.test.junit.AutoTests" name="[312] /home/travis/build/icyphy/ptII/ptolemy/actor/lib/test/auto/RecordDisassember.xml (RunModel)" time="0.01" />
  <testcase classname="ptolemy.util.test.junit.AutoTests" name="[313] /home/travis/build/icyphy/ptII/ptolemy/actor/lib/test/auto/RecordDisassemberDisplayNameTest.xml (RunModel)" time="0.024" />
  <testcase classname="ptolemy.util.test.junit.AutoTests" name="[314] /home/travis/build/icyphy/ptII/ptolemy/actor/lib/test/auto/RecordDisassembler.xml (RunModel)" time="0.008" />
  <testcase classname="ptolemy.util.test.junit.AutoTests" name="[315] /home/travis/build/icyphy/ptII/ptolemy/actor/lib/test/auto/RecordDisassembler2.xml (RunModel)" time="0.016" />
  <testcase classname="ptolemy.util.test.junit.AutoTests" name="[316] /home/travis/build/icyphy/ptII/ptolemy/actor/lib/test/auto/RecordUpdater.xml (RunModel)" time="0.007" />
  <testcase classname="ptolemy.util.test.junit.AutoTests" name="[317] /home/travis/build/icyphy/ptII/ptolemy/actor/lib/test/auto/RecordUpdater2.xml (RunModel)" time="0.007" />
  <testcase classname="ptolemy.util.test.junit.AutoTests" name="[318] /home/travis/build/icyphy/ptII/ptolemy/actor/lib/test/auto/RecursiveLattice.xml (RunModel)" time="0.007" />
  <testcase classname="ptolemy.util.test.junit.AutoTests" name="[319] /home/travis/build/icyphy/ptII/ptolemy/actor/lib/test/auto/Router.xml (RunModel)" time="3.02" />
  <testcase classname="ptolemy.util.test.junit.AutoTests" name="[320] /home/travis/build/icyphy/ptII/ptolemy/actor/lib/test/auto/Router2.xml (RunModel)" time="3.018" />
  <testcase classname="ptolemy.util.test.junit.AutoTests" name="[321] /home/travis/build/icyphy/ptII/ptolemy/actor/lib/test/auto/RunningMaximum.xml (RunModel)" time="0.017" />
  <testcase classname="ptolemy.util.test.junit.AutoTests" name="[322] /home/travis/build/icyphy/ptII/ptolemy/actor/lib/test/auto/RunningMinimum.xml (RunModel)" time="0.014" />
  <testcase classname="ptolemy.util.test.junit.AutoTests" name="[323] /home/travis/build/icyphy/ptII/ptolemy/actor/lib/test/auto/Scale.xml (RunModel)" time="0.006" />
  <testcase classname="ptolemy.util.test.junit.AutoTests" name="[324] /home/travis/build/icyphy/ptII/ptolemy/actor/lib/test/auto/Scale2.xml (RunModel)" time="0.007" />
  <testcase classname="ptolemy.util.test.junit.AutoTests" name="[325] /home/travis/build/icyphy/ptII/ptolemy/actor/lib/test/auto/Scale3.xml (RunModel)" time="0.022" />
  <testcase classname="ptolemy.util.test.junit.AutoTests" name="[326] /home/travis/build/icyphy/ptII/ptolemy/actor/lib/test/auto/ScaleArray.xml (RunModel)" time="0.005" />
  <testcase classname="ptolemy.util.test.junit.AutoTests" name="[327] /home/travis/build/icyphy/ptII/ptolemy/actor/lib/test/auto/ScaleArray2.xml (RunModel)" time="0.006" />
  <testcase classname="ptolemy.util.test.junit.AutoTests" name="[328] /home/travis/build/icyphy/ptII/ptolemy/actor/lib/test/auto/ScaleMatrix.xml (RunModel)" time="0.099" />
  <testcase classname="ptolemy.util.test.junit.AutoTests" name="[329] /home/travis/build/icyphy/ptII/ptolemy/actor/lib/test/auto/Select.xml (RunModel)" time="0.012" />
  <testcase classname="ptolemy.util.test.junit.AutoTests" name="[330] /home/travis/build/icyphy/ptII/ptolemy/actor/lib/test/auto/Select2.xml (RunModel)" time="0.007" />
  <testcase classname="ptolemy.util.test.junit.AutoTests" name="[331] /home/travis/build/icyphy/ptII/ptolemy/actor/lib/test/auto/SequenceToArray2.xml (RunModel)" time="0.118" />
  <testcase classname="ptolemy.util.test.junit.AutoTests" name="[332] /home/travis/build/icyphy/ptII/ptolemy/actor/lib/test/auto/SequentialClock.xml (RunModel)" time="0.011" />
  <testcase classname="ptolemy.util.test.junit.AutoTests" name="[333] /home/travis/build/icyphy/ptII/ptolemy/actor/lib/test/auto/SetVariable.xml (RunModel)" time="0.007" />
  <testcase classname="ptolemy.util.test.junit.AutoTests" name="[334] /home/travis/build/icyphy/ptII/ptolemy/actor/lib/test/auto/SetVariable2.xml (RunModel)" time="0.007" />
  <testcase classname="ptolemy.util.test.junit.AutoTests" name="[335] /home/travis/build/icyphy/ptII/ptolemy/actor/lib/test/auto/SetVariable3.xml (RunModel)" time="0.012" />
  <testcase classname="ptolemy.util.test.junit.AutoTests" name="[336] /home/travis/build/icyphy/ptII/ptolemy/actor/lib/test/auto/SetVariable4.xml (RunModel)" time="0.021" />
  <testcase classname="ptolemy.util.test.junit.AutoTests" name="[337] /home/travis/build/icyphy/ptII/ptolemy/actor/lib/test/auto/SetVariable5.xml (RunModel)" time="0.031" />
  <testcase classname="ptolemy.util.test.junit.AutoTests" name="[338] /home/travis/build/icyphy/ptII/ptolemy/actor/lib/test/auto/Sinewave.xml (RunModel)" time="0.021" />
  <testcase classname="ptolemy.util.test.junit.AutoTests" name="[339] /home/travis/build/icyphy/ptII/ptolemy/actor/lib/test/auto/Sinewave2.xml (RunModel)" time="0.014" />
  <testcase classname="ptolemy.util.test.junit.AutoTests" name="[340] /home/travis/build/icyphy/ptII/ptolemy/actor/lib/test/auto/Sinewave3.xml (RunModel)" time="0.018" />
  <testcase classname="ptolemy.util.test.junit.AutoTests" name="[341] /home/travis/build/icyphy/ptII/ptolemy/actor/lib/test/auto/SingleEvent.xml (RunModel)" time="0.005" />
  <testcase classname="ptolemy.util.test.junit.AutoTests" name="[342] /home/travis/build/icyphy/ptII/ptolemy/actor/lib/test/auto/Sleep.xml (RunModel)" time="6.018" />
  <testcase classname="ptolemy.util.test.junit.AutoTests" name="[343] /home/travis/build/icyphy/ptII/ptolemy/actor/lib/test/auto/SleepMultipleFire.xml (RunModel)" time="1.017" />
  <testcase classname="ptolemy.util.test.junit.AutoTests" name="[344] /home/travis/build/icyphy/ptII/ptolemy/actor/lib/test/auto/StopDE.xml (RunModel)" time="0.019" />
  <testcase classname="ptolemy.util.test.junit.AutoTests" name="[345] /home/travis/build/icyphy/ptII/ptolemy/actor/lib/test/auto/StopSDF.xml (RunModel)" time="0.017" />
  <testcase classname="ptolemy.util.test.junit.AutoTests" name="[346] /home/travis/build/icyphy/ptII/ptolemy/actor/lib/test/auto/StringConstant.xml (RunModel)" time="0.018" />
  <testcase classname="ptolemy.util.test.junit.AutoTests" name="[347] /home/travis/build/icyphy/ptII/ptolemy/actor/lib/test/auto/SubscriberPortInitialValues1.xml (RunModel)" time="0.024" />
  <testcase classname="ptolemy.util.test.junit.AutoTests" name="[348] /home/travis/build/icyphy/ptII/ptolemy/actor/lib/test/auto/SubscriberPortInitialValues13.xml (RunModel)" time="0.023" />
  <testcase classname="ptolemy.util.test.junit.AutoTests" name="[349] /home/travis/build/icyphy/ptII/ptolemy/actor/lib/test/auto/SubscriberPortInitialValues14.xml (RunModel)" time="0.011" />
  <testcase classname="ptolemy.util.test.junit.AutoTests" name="[350] /home/travis/build/icyphy/ptII/ptolemy/actor/lib/test/auto/SubscriberPortInitialValues2.xml (RunModel)" time="0.012" />
  <testcase classname="ptolemy.util.test.junit.AutoTests" name="[351] /home/travis/build/icyphy/ptII/ptolemy/actor/lib/test/auto/SubscriberPortInitialValues3.xml (RunModel)" time="0.015" />
  <testcase classname="ptolemy.util.test.junit.AutoTests" name="[352] /home/travis/build/icyphy/ptII/ptolemy/actor/lib/test/auto/SubscriptionAggregator.xml (RunModel)" time="0.009" />
  <testcase classname="ptolemy.util.test.junit.AutoTests" name="[353] /home/travis/build/icyphy/ptII/ptolemy/actor/lib/test/auto/SubscriptionAggregator2.xml (RunModel)" time="0.008" />
  <testcase classname="ptolemy.util.test.junit.AutoTests" name="[354] /home/travis/build/icyphy/ptII/ptolemy/actor/lib/test/auto/SubscriptionAggregator3.xml (RunModel)" time="0.012" />
  <testcase classname="ptolemy.util.test.junit.AutoTests" name="[355] /home/travis/build/icyphy/ptII/ptolemy/actor/lib/test/auto/SubscriptionAggregatorMultiply.xml (RunModel)" time="0.019" />
  <testcase classname="ptolemy.util.test.junit.AutoTests" name="[356] /home/travis/build/icyphy/ptII/ptolemy/actor/lib/test/auto/SubscriptionAggregatorPortMultiply1.xml (RunModel)" time="0.015" />
  <testcase classname="ptolemy.util.test.junit.AutoTests" name="[357] /home/travis/build/icyphy/ptII/ptolemy/actor/lib/test/auto/Switch.xml (RunModel)" time="0.016" />
  <testcase classname="ptolemy.util.test.junit.AutoTests" name="[358] /home/travis/build/icyphy/ptII/ptolemy/actor/lib/test/auto/Switch2.xml (RunModel)" time="0.01" />
  <testcase classname="ptolemy.util.test.junit.AutoTests" name="[359] /home/travis/build/icyphy/ptII/ptolemy/actor/lib/test/auto/SwitchDE.xml (RunModel)" time="0.012" />
  <testcase classname="ptolemy.util.test.junit.AutoTests" name="[360] /home/travis/build/icyphy/ptII/ptolemy/actor/lib/test/auto/SynchronizerDE.xml (RunModel)" time="0.017" />
  <testcase classname="ptolemy.util.test.junit.AutoTests" name="[361] /home/travis/build/icyphy/ptII/ptolemy/actor/lib/test/auto/Test.xml (RunModel)" time="0.014" />
  <testcase classname="ptolemy.util.test.junit.AutoTests" name="[362] /home/travis/build/icyphy/ptII/ptolemy/actor/lib/test/auto/TestExceptionAttribute1.xml (RunModel)" time="0.005" />
  <testcase classname="ptolemy.util.test.junit.AutoTests" name="[363] /home/travis/build/icyphy/ptII/ptolemy/actor/lib/test/auto/TestExceptionAttribute2.xml (RunModel)" time="0.005" />
  <testcase classname="ptolemy.util.test.junit.AutoTests" name="[364] /home/travis/build/icyphy/ptII/ptolemy/actor/lib/test/auto/TestExceptionAttribute3.xml (RunModel)" time="0.008" />
  <testcase classname="ptolemy.util.test.junit.AutoTests" name="[365] /home/travis/build/icyphy/ptII/ptolemy/actor/lib/test/auto/TestExceptionAttribute4.xml (RunModel)" time="0.005" />
  <testcase classname="ptolemy.util.test.junit.AutoTests" name="[366] /home/travis/build/icyphy/ptII/ptolemy/actor/lib/test/auto/TestExceptionHandler1.xml (RunModel)" time="0.005" />
  <testcase classname="ptolemy.util.test.junit.AutoTests" name="[367] /home/travis/build/icyphy/ptII/ptolemy/actor/lib/test/auto/TestExceptionHandler2.xml (RunModel)" time="0.01" />
  <testcase classname="ptolemy.util.test.junit.AutoTests" name="[368] /home/travis/build/icyphy/ptII/ptolemy/actor/lib/test/auto/TestExceptionHandler3.xml (RunModel)" time="0.004" />
  <testcase classname="ptolemy.util.test.junit.AutoTests" name="[369] /home/travis/build/icyphy/ptII/ptolemy/actor/lib/test/auto/TestExceptionHandler4.xml (RunModel)" time="0.004" />
  <testcase classname="ptolemy.util.test.junit.AutoTests" name="[370] /home/travis/build/icyphy/ptII/ptolemy/actor/lib/test/auto/TestRequireCorrectOrder.xml (RunModel)" time="0.01" />
  <testcase classname="ptolemy.util.test.junit.AutoTests" name="[371] /home/travis/build/icyphy/ptII/ptolemy/actor/lib/test/auto/TestSimple.xml (RunModel)" time="0.005" />
  <testcase classname="ptolemy.util.test.junit.AutoTests" name="[372] /home/travis/build/icyphy/ptII/ptolemy/actor/lib/test/auto/ThrowModelError.xml (RunModel)" time="0.008" />
  <testcase classname="ptolemy.util.test.junit.AutoTests" name="[373] /home/travis/build/icyphy/ptII/ptolemy/actor/lib/test/auto/TimeDelayMicrosteps.xml (RunModel)" time="0.012" />
  <testcase classname="ptolemy.util.test.junit.AutoTests" name="[374] /home/travis/build/icyphy/ptII/ptolemy/actor/lib/test/auto/TimeDelayMicrosteps2.xml (RunModel)" time="0.011" />
  <testcase classname="ptolemy.util.test.junit.AutoTests" name="[375] /home/travis/build/icyphy/ptII/ptolemy/actor/lib/test/auto/TimeDelayMicrosteps3.xml (RunModel)" time="0.01" />
  <testcase classname="ptolemy.util.test.junit.AutoTests" name="[376] /home/travis/build/icyphy/ptII/ptolemy/actor/lib/test/auto/TimeDelayVariableMicrosteps.xml (RunModel)" time="0.009" />
  <testcase classname="ptolemy.util.test.junit.AutoTests" name="[377] /home/travis/build/icyphy/ptII/ptolemy/actor/lib/test/auto/TimeGap.xml (RunModel)" time="0.011" />
  <testcase classname="ptolemy.util.test.junit.AutoTests" name="[378] /home/travis/build/icyphy/ptII/ptolemy/actor/lib/test/auto/TimeGap2.xml (RunModel)" time="0.018" />
  <testcase classname="ptolemy.util.test.junit.AutoTests" name="[379] /home/travis/build/icyphy/ptII/ptolemy/actor/lib/test/auto/TimedSinewave.xml (RunModel)" time="0.045" />
  <testcase classname="ptolemy.util.test.junit.AutoTests" name="[380] /home/travis/build/icyphy/ptII/ptolemy/actor/lib/test/auto/TimedSinewavePhase.xml (RunModel)" time="0.024" />
  <testcase classname="ptolemy.util.test.junit.AutoTests" name="[381] /home/travis/build/icyphy/ptII/ptolemy/actor/lib/test/auto/Timer.xml (RunModel)" time="0.025" />
  <testcase classname="ptolemy.util.test.junit.AutoTests" name="[382] /home/travis/build/icyphy/ptII/ptolemy/actor/lib/test/auto/TriangularDistTestModel.xml (RunModel)" time="0.014" />
  <testcase classname="ptolemy.util.test.junit.AutoTests" name="[383] /home/travis/build/icyphy/ptII/ptolemy/actor/lib/test/auto/TrigFunction.xml (RunModel)" time="0.007" />
  <testcase classname="ptolemy.util.test.junit.AutoTests" name="[384] /home/travis/build/icyphy/ptII/ptolemy/actor/lib/test/auto/TrigFunctionDE.xml (RunModel)" time="0.009" />
  <testcase classname="ptolemy.util.test.junit.AutoTests" name="[385] /home/travis/build/icyphy/ptII/ptolemy/actor/lib/test/auto/TrigFunctionInverse.xml (RunModel)" time="0.008" />
  <testcase classname="ptolemy.util.test.junit.AutoTests" name="[386] /home/travis/build/icyphy/ptII/ptolemy/actor/lib/test/auto/TrigFunctionTan.xml (RunModel)" time="0.005" />
  <testcase classname="ptolemy.util.test.junit.AutoTests" name="[387] /home/travis/build/icyphy/ptII/ptolemy/actor/lib/test/auto/TriggeredClock.xml (RunModel)" time="0.006" />
  <testcase classname="ptolemy.util.test.junit.AutoTests" name="[388] /home/travis/build/icyphy/ptII/ptolemy/actor/lib/test/auto/URLDirectoryReader.xml (RunModel)" time="0.11" />
  <testcase classname="ptolemy.util.test.junit.AutoTests" name="[389] /home/travis/build/icyphy/ptII/ptolemy/actor/lib/test/auto/URLDirectoryReader3.xml (RunModel)" time="1.787" />
  <testcase classname="ptolemy.util.test.junit.AutoTests" name="[390] /home/travis/build/icyphy/ptII/ptolemy/actor/lib/test/auto/UnaryMathFunction.xml (RunModel)" time="0.024" />
  <testcase classname="ptolemy.util.test.junit.AutoTests" name="[391] /home/travis/build/icyphy/ptII/ptolemy/actor/lib/test/auto/Uniform.xml (RunModel)" time="0.008" />
  <testcase classname="ptolemy.util.test.junit.AutoTests" name="[392] /home/travis/build/icyphy/ptII/ptolemy/actor/lib/test/auto/UnionDisassemblerTest.xml (RunModel)" time="0.009" />
  <testcase classname="ptolemy.util.test.junit.AutoTests" name="[393] /home/travis/build/icyphy/ptII/ptolemy/actor/lib/test/auto/UtilityFunctions.xml (RunModel)" time="0.005" />
  <testcase classname="ptolemy.util.test.junit.AutoTests" name="[394] /home/travis/build/icyphy/ptII/ptolemy/actor/lib/test/auto/VariableSleep.xml (RunModel)" time="0.509" />
  <testcase classname="ptolemy.util.test.junit.AutoTests" name="[395] /home/travis/build/icyphy/ptII/ptolemy/actor/lib/test/auto/VectorAssemblerDisassemblerCT.xml (RunModel)" time="0.093" />
  <testcase classname="ptolemy.util.test.junit.AutoTests" name="[396] /home/travis/build/icyphy/ptII/ptolemy/actor/lib/test/auto/VectorAssemblerDisassemblerDE.xml (RunModel)" time="0.019" />
  <testcase classname="ptolemy.util.test.junit.AutoTests" name="[397] /home/travis/build/icyphy/ptII/ptolemy/actor/lib/test/auto/VectorAssemblerDisassemblerSDF.xml (RunModel)" time="0.014" />
  <testcase classname="ptolemy.util.test.junit.AutoTests" name="[398] /home/travis/build/icyphy/ptII/ptolemy/actor/lib/test/auto/WallClockTime.xml (RunModel)" time="1.01" />
  <testcase classname="ptolemy.util.test.junit.AutoTests" name="[399] /home/travis/build/icyphy/ptII/ptolemy/actor/lib/test/auto/WidthTestWithSubscriberPublisher.xml (RunModel)" time="0.032" />
  <testcase classname="ptolemy.util.test.junit.AutoTests" name="[400] /home/travis/build/icyphy/ptII/ptolemy/actor/lib/test/auto/WidthTestWithSubscriberPublisher2.xml (RunModel)" time="0.011" />
  <testcase classname="ptolemy.util.test.junit.AutoTests" name="[401] /home/travis/build/icyphy/ptII/ptolemy/actor/lib/test/auto/WidthTestWithSubscriberPublisher3.xml (RunModel)" time="0.011" />
  <testcase classname="ptolemy.util.test.junit.AutoTests" name="[402] /home/travis/build/icyphy/ptII/ptolemy/actor/lib/test/auto/Writer.xml (RunModel)" time="0.005" />
  <testcase classname="ptolemy.util.test.junit.AutoTests" name="[403] /home/travis/build/icyphy/ptII/ptolemy/actor/lib/test/auto/array.xml (RunModel)" time="0.02" />
  <testcase classname="ptolemy.util.test.junit.AutoTests" name="[404] /home/travis/build/icyphy/ptII/ptolemy/actor/lib/test/auto/array2.xml (RunModel)" time="0.012" />
  <testcase classname="ptolemy.util.test.junit.AutoTests" name="[405] /home/travis/build/icyphy/ptII/ptolemy/actor/lib/test/auto/arrayType.xml (RunModel)" time="0.008" />
  <testcase classname="ptolemy.util.test.junit.AutoTests" name="[406] /home/travis/build/icyphy/ptII/ptolemy/actor/lib/test/auto/arrayType10.xml (RunModel)" time="0.006" />
  <testcase classname="ptolemy.util.test.junit.AutoTests" name="[407] /home/travis/build/icyphy/ptII/ptolemy/actor/lib/test/auto/arrayType11.xml (RunModel)" time="0.006" />
  <testcase classname="ptolemy.util.test.junit.AutoTests" name="[408] /home/travis/build/icyphy/ptII/ptolemy/actor/lib/test/auto/arrayType12.xml (RunModel)" time="0.007" />
  <testcase classname="ptolemy.util.test.junit.AutoTests" name="[409] /home/travis/build/icyphy/ptII/ptolemy/actor/lib/test/auto/arrayType13.xml (RunModel)" time="0.007" />
  <testcase classname="ptolemy.util.test.junit.AutoTests" name="[410] /home/travis/build/icyphy/ptII/ptolemy/actor/lib/test/auto/arrayType14.xml (RunModel)" time="0.006" />
  <testcase classname="ptolemy.util.test.junit.AutoTests" name="[411] /home/travis/build/icyphy/ptII/ptolemy/actor/lib/test/auto/arrayType15.xml (RunModel)" time="0.007" />
  <testcase classname="ptolemy.util.test.junit.AutoTests" name="[412] /home/travis/build/icyphy/ptII/ptolemy/actor/lib/test/auto/arrayType16.xml (RunModel)" time="0.006" />
  <testcase classname="ptolemy.util.test.junit.AutoTests" name="[413] /home/travis/build/icyphy/ptII/ptolemy/actor/lib/test/auto/arrayType17.xml (RunModel)" time="0.019" />
  <testcase classname="ptolemy.util.test.junit.AutoTests" name="[414] /home/travis/build/icyphy/ptII/ptolemy/actor/lib/test/auto/arrayType18.xml (RunModel)" time="0.006" />
  <testcase classname="ptolemy.util.test.junit.AutoTests" name="[415] /home/travis/build/icyphy/ptII/ptolemy/actor/lib/test/auto/arrayType19.xml (RunModel)" time="0.006" />
  <testcase classname="ptolemy.util.test.junit.AutoTests" name="[416] /home/travis/build/icyphy/ptII/ptolemy/actor/lib/test/auto/arrayType2.xml (RunModel)" time="0.006" />
  <testcase classname="ptolemy.util.test.junit.AutoTests" name="[417] /home/travis/build/icyphy/ptII/ptolemy/actor/lib/test/auto/arrayType20.xml (RunModel)" time="0.005" />
  <testcase classname="ptolemy.util.test.junit.AutoTests" name="[418] /home/travis/build/icyphy/ptII/ptolemy/actor/lib/test/auto/arrayType21.xml (RunModel)" time="0.006" />
  <testcase classname="ptolemy.util.test.junit.AutoTests" name="[419] /home/travis/build/icyphy/ptII/ptolemy/actor/lib/test/auto/arrayType22.xml (RunModel)" time="0.005" />
  <testcase classname="ptolemy.util.test.junit.AutoTests" name="[420] /home/travis/build/icyphy/ptII/ptolemy/actor/lib/test/auto/arrayType23.xml (RunModel)" time="0.03" />
  <testcase classname="ptolemy.util.test.junit.AutoTests" name="[421] /home/travis/build/icyphy/ptII/ptolemy/actor/lib/test/auto/arrayType24.xml (RunModel)" time="0.028" />
  <testcase classname="ptolemy.util.test.junit.AutoTests" name="[422] /home/travis/build/icyphy/ptII/ptolemy/actor/lib/test/auto/arrayType25.xml (RunModel)" time="0.025" />
  <testcase classname="ptolemy.util.test.junit.AutoTests" name="[423] /home/travis/build/icyphy/ptII/ptolemy/actor/lib/test/auto/arrayType26.xml (RunModel)" time="0.028" />
  <testcase classname="ptolemy.util.test.junit.AutoTests" name="[424] /home/travis/build/icyphy/ptII/ptolemy/actor/lib/test/auto/arrayType27.xml (RunModel)" time="0.038" />
  <testcase classname="ptolemy.util.test.junit.AutoTests" name="[425] /home/travis/build/icyphy/ptII/ptolemy/actor/lib/test/auto/arrayType28.xml (RunModel)" time="0.039" />
  <testcase classname="ptolemy.util.test.junit.AutoTests" name="[426] /home/travis/build/icyphy/ptII/ptolemy/actor/lib/test/auto/arrayType3.xml (RunModel)" time="0.029" />
  <testcase classname="ptolemy.util.test.junit.AutoTests" name="[427] /home/travis/build/icyphy/ptII/ptolemy/actor/lib/test/auto/arrayType4.xml (RunModel)" time="0.009" />
  <testcase classname="ptolemy.util.test.junit.AutoTests" name="[428] /home/travis/build/icyphy/ptII/ptolemy/actor/lib/test/auto/arrayType5.xml (RunModel)" time="0.005" />
  <testcase classname="ptolemy.util.test.junit.AutoTests" name="[429] /home/travis/build/icyphy/ptII/ptolemy/actor/lib/test/auto/arrayType6.xml (RunModel)" time="0.015" />
  <testcase classname="ptolemy.util.test.junit.AutoTests" name="[430] /home/travis/build/icyphy/ptII/ptolemy/actor/lib/test/auto/arrayType7.xml (RunModel)" time="0.011" />
  <testcase classname="ptolemy.util.test.junit.AutoTests" name="[431] /home/travis/build/icyphy/ptII/ptolemy/actor/lib/test/auto/arrayType8.xml (RunModel)" time="0.006" />
  <testcase classname="ptolemy.util.test.junit.AutoTests" name="[432] /home/travis/build/icyphy/ptII/ptolemy/actor/lib/test/auto/arrayType9.xml (RunModel)" time="0.006" />
  <testcase classname="ptolemy.util.test.junit.AutoTests" name="[433] /home/travis/build/icyphy/ptII/ptolemy/actor/lib/test/auto/cast.xml (RunModel)" time="0.007" />
  <testcase classname="ptolemy.util.test.junit.AutoTests" name="[434] /home/travis/build/icyphy/ptII/ptolemy/actor/lib/test/auto/compositeMultiPort.xml (RunModel)" time="0.013" />
  <testcase classname="ptolemy.util.test.junit.AutoTests" name="[435] /home/travis/build/icyphy/ptII/ptolemy/actor/lib/test/auto/expressionCastInference.xml (RunModel)" time="0.006" />
  <testcase classname="ptolemy.util.test.junit.AutoTests" name="[436] /home/travis/build/icyphy/ptII/ptolemy/actor/lib/test/auto/expressionCastInference2.xml (RunModel)" time="0.005" />
  <testcase classname="ptolemy.util.test.junit.AutoTests" name="[437] /home/travis/build/icyphy/ptII/ptolemy/actor/lib/test/auto/expressionInference.xml (RunModel)" time="0.005" />
  <testcase classname="ptolemy.util.test.junit.AutoTests" name="[438] /home/travis/build/icyphy/ptII/ptolemy/actor/lib/test/auto/expression_bug.xml (RunModel)" time="0.006" />
  <testcase classname="ptolemy.util.test.junit.AutoTests" name="[439] /home/travis/build/icyphy/ptII/ptolemy/actor/lib/test/auto/factorial.xml (RunModel)" time="0.05" />
  <testcase classname="ptolemy.util.test.junit.AutoTests" name="[440] /home/travis/build/icyphy/ptII/ptolemy/actor/lib/test/auto/filterTest1.xml (RunModel)" time="0.01" />
  <testcase classname="ptolemy.util.test.junit.AutoTests" name="[441] /home/travis/build/icyphy/ptII/ptolemy/actor/lib/test/auto/funcApplyInConst.xml (RunModel)" time="0.004" />
  <testcase classname="ptolemy.util.test.junit.AutoTests" name="[442] /home/travis/build/icyphy/ptII/ptolemy/actor/lib/test/auto/funcApplyInExpr.xml (RunModel)" time="0.004" />
  <testcase classname="ptolemy.util.test.junit.AutoTests" name="[443] /home/travis/build/icyphy/ptII/ptolemy/actor/lib/test/auto/function.xml (RunModel)" time="0.008" />
  <testcase classname="ptolemy.util.test.junit.AutoTests" name="[444] /home/travis/build/icyphy/ptII/ptolemy/actor/lib/test/auto/function2.xml (RunModel)" time="0.007" />
  <testcase classname="ptolemy.util.test.junit.AutoTests" name="[445] /home/travis/build/icyphy/ptII/ptolemy/actor/lib/test/auto/function3.xml (RunModel)" time="0.004" />
  <testcase classname="ptolemy.util.test.junit.AutoTests" name="[446] /home/travis/build/icyphy/ptII/ptolemy/actor/lib/test/auto/functionClosureTest1.xml (RunModel)" time="0.008" />
  <testcase classname="ptolemy.util.test.junit.AutoTests" name="[447] /home/travis/build/icyphy/ptII/ptolemy/actor/lib/test/auto/functionClosureTest2.xml (RunModel)" time="0.005" />
  <testcase classname="ptolemy.util.test.junit.AutoTests" name="[448] /home/travis/build/icyphy/ptII/ptolemy/actor/lib/test/auto/functionClosureTest3.xml (RunModel)" time="0.006" />
  <testcase classname="ptolemy.util.test.junit.AutoTests" name="[449] /home/travis/build/icyphy/ptII/ptolemy/actor/lib/test/auto/functionClosureTest4.xml (RunModel)" time="0.013" />
  <testcase classname="ptolemy.util.test.junit.AutoTests" name="[450] /home/travis/build/icyphy/ptII/ptolemy/actor/lib/test/auto/functionClosureTest5.xml (RunModel)" time="0.009" />
  <testcase classname="ptolemy.util.test.junit.AutoTests" name="[451] /home/travis/build/icyphy/ptII/ptolemy/actor/lib/test/auto/functionClosureTest6.xml (RunModel)" time="0.006" />
  <testcase classname="ptolemy.util.test.junit.AutoTests" name="[452] /home/travis/build/icyphy/ptII/ptolemy/actor/lib/test/auto/functionsOnArcs.xml (RunModel)" time="0.007" />
  <testcase classname="ptolemy.util.test.junit.AutoTests" name="[453] /home/travis/build/icyphy/ptII/ptolemy/actor/lib/test/auto/functionsOnArcsHOF.xml (RunModel)" time="0.01" />
  <testcase classname="ptolemy.util.test.junit.AutoTests" name="[454] /home/travis/build/icyphy/ptII/ptolemy/actor/lib/test/auto/logic.xml (RunModel)" time="0.013" />
  <testcase classname="ptolemy.util.test.junit.AutoTests" name="[455] /home/travis/build/icyphy/ptII/ptolemy/actor/lib/test/auto/matrixType.xml (RunModel)" time="0.007" />
  <testcase classname="ptolemy.util.test.junit.AutoTests" name="[456] /home/travis/build/icyphy/ptII/ptolemy/actor/lib/test/auto/matrixType10.xml (RunModel)" time="0.006" />
  <testcase classname="ptolemy.util.test.junit.AutoTests" name="[457] /home/travis/build/icyphy/ptII/ptolemy/actor/lib/test/auto/matrixType11.xml (RunModel)" time="0.01" />
  <testcase classname="ptolemy.util.test.junit.AutoTests" name="[458] /home/travis/build/icyphy/ptII/ptolemy/actor/lib/test/auto/matrixType12.xml (RunModel)" time="0.008" />
  <testcase classname="ptolemy.util.test.junit.AutoTests" name="[459] /home/travis/build/icyphy/ptII/ptolemy/actor/lib/test/auto/matrixType13.xml (RunModel)" time="0.006" />
  <testcase classname="ptolemy.util.test.junit.AutoTests" name="[460] /home/travis/build/icyphy/ptII/ptolemy/actor/lib/test/auto/matrixType14.xml (RunModel)" time="0.008" />
  <testcase classname="ptolemy.util.test.junit.AutoTests" name="[461] /home/travis/build/icyphy/ptII/ptolemy/actor/lib/test/auto/matrixType2.xml (RunModel)" time="0.006" />
  <testcase classname="ptolemy.util.test.junit.AutoTests" name="[462] /home/travis/build/icyphy/ptII/ptolemy/actor/lib/test/auto/matrixType3.xml (RunModel)" time="0.007" />
  <testcase classname="ptolemy.util.test.junit.AutoTests" name="[463] /home/travis/build/icyphy/ptII/ptolemy/actor/lib/test/auto/matrixType4.xml (RunModel)" time="0.005" />
  <testcase classname="ptolemy.util.test.junit.AutoTests" name="[464] /home/travis/build/icyphy/ptII/ptolemy/actor/lib/test/auto/matrixType5.xml (RunModel)" time="0.005" />
  <testcase classname="ptolemy.util.test.junit.AutoTests" name="[465] /home/travis/build/icyphy/ptII/ptolemy/actor/lib/test/auto/matrixType6.xml (RunModel)" time="0.006" />
  <testcase classname="ptolemy.util.test.junit.AutoTests" name="[466] /home/travis/build/icyphy/ptII/ptolemy/actor/lib/test/auto/matrixType7.xml (RunModel)" time="0.006" />
  <testcase classname="ptolemy.util.test.junit.AutoTests" name="[467] /home/travis/build/icyphy/ptII/ptolemy/actor/lib/test/auto/matrixType8.xml (RunModel)" time="0.006" />
  <testcase classname="ptolemy.util.test.junit.AutoTests" name="[468] /home/travis/build/icyphy/ptII/ptolemy/actor/lib/test/auto/matrixType9.xml (RunModel)" time="0.006" />
  <testcase classname="ptolemy.util.test.junit.AutoTests" name="[469] /home/travis/build/icyphy/ptII/ptolemy/actor/lib/test/auto/paraFunctest.xml (RunModel)" time="0.005" />
  <testcase classname="ptolemy.util.test.junit.AutoTests" name="[470] /home/travis/build/icyphy/ptII/ptolemy/actor/lib/test/auto/paraFunctest2.xml (RunModel)" time="0.01" />
  <testcase classname="ptolemy.util.test.junit.AutoTests" name="[471] /home/travis/build/icyphy/ptII/ptolemy/actor/lib/test/auto/parameterPassing.xml (RunModel)" time="0.005" />
  <testcase classname="ptolemy.util.test.junit.AutoTests" name="[472] /home/travis/build/icyphy/ptII/ptolemy/actor/lib/test/auto/record.xml (RunModel)" time="0.007" />
  <testcase classname="ptolemy.util.test.junit.AutoTests" name="[473] /home/travis/build/icyphy/ptII/ptolemy/actor/lib/test/auto/sizedarray1.xml (RunModel)" time="0.006" />
  <testcase classname="ptolemy.util.test.junit.AutoTests" name="[474] /home/travis/build/icyphy/ptII/ptolemy/actor/lib/test/auto/sizedarray2.xml (RunModel)" time="0.007" />
  <testcase classname="ptolemy.util.test.junit.AutoTests" name="[475] /home/travis/build/icyphy/ptII/ptolemy/actor/lib/test/auto/twoPublishers.xml (RunModel)" time="0.016" />
  <system-out><![CDATA[/home/travis/build/icyphy/ptII/ptolemy/actor/lib/test/AbsoluteValue.tcl
testDefs.tcl: setting time out to 9000 seconds at Sat Oct 10 15:46:47 UTC 2020
96 ms. Memory: 129024K Free: 92614K (72%)
8 ms. Memory: 129024K Free: 90551K (70%)
10 ms. Memory: 129024K Free: 90056K (70%)
6 ms. Memory: 129024K Free: 89032K (69%)
/home/travis/build/icyphy/ptII/ptolemy/actor/lib/test/AddSubtract.tcl
16 ms. Memory: 129024K Free: 86984K (67%)
8 ms. Memory: 129024K Free: 86470K (67%)
5 ms. Memory: 129024K Free: 85446K (66%)
7 ms. Memory: 129024K Free: 84936K (66%)
37 ms. Memory: 129024K Free: 81864K (63%)
5 ms. Memory: 129024K Free: 81335K (63%)
/home/travis/build/icyphy/ptII/ptolemy/actor/lib/test/Average.tcl
6 ms. Memory: 129024K Free: 79271K (61%)
6 ms. Memory: 129024K Free: 78247K (61%)
/home/travis/build/icyphy/ptII/ptolemy/actor/lib/test/Bernoulli.tcl
4 ms. Memory: 129024K Free: 76744K (59%)
2 ms. Memory: 129024K Free: 76215K (59%)
/home/travis/build/icyphy/ptII/ptolemy/actor/lib/test/Clock.tcl
preinitializing
resolving types
initializing
executing number 1
wrapping up
idle
17 ms. Memory: 129024K Free: 73672K (57%)
Completed execution with 5 iterations
preinitializing
resolving types
initializing
executing number 1
wrapping up
idle
3 ms. Memory: 129024K Free: 72648K (56%)
Completed execution with 5 iterations
preinitializing
resolving types
initializing
executing number 1
wrapping up
idle
3 ms. Memory: 129024K Free: 72127K (56%)
Completed execution with 5 iterations
/home/travis/build/icyphy/ptII/ptolemy/actor/lib/test/Commutator.tcl
5 ms. Memory: 129024K Free: 70086K (54%)
6 ms. Memory: 129024K Free: 69062K (54%)
16 ms. Memory: 129024K Free: 63432K (49%)
/home/travis/build/icyphy/ptII/ptolemy/actor/lib/test/Const.tcl
12 ms. Memory: 129024K Free: 61863K (48%)
2 ms. Memory: 129024K Free: 61384K (48%)
11 ms. Memory: 129024K Free: 60855K (47%)
2 ms. Memory: 129024K Free: 60360K (47%)
2 ms. Memory: 129024K Free: 59846K (46%)
20 ms. Memory: 129024K Free: 58312K (45%)
4 ms. Memory: 129024K Free: 57288K (44%)
5 ms. Memory: 129024K Free: 56264K (44%)
/home/travis/build/icyphy/ptII/ptolemy/actor/lib/test/CurrentTime.tcl
preinitializing
resolving types
initializing
executing number 1
wrapping up
idle
6 ms. Memory: 129024K Free: 54216K (42%)
Completed execution with 11 iterations
/home/travis/build/icyphy/ptII/ptolemy/actor/lib/test/DB.tcl
3 ms. Memory: 129024K Free: 52663K (41%)
5 ms. Memory: 129024K Free: 52168K (40%)
3 ms. Memory: 129024K Free: 51654K (40%)
/home/travis/build/icyphy/ptII/ptolemy/actor/lib/test/DiscreteRandomSource.tcl
preinitializing
resolving types
initializing
executing number 1
wrapping up
idle
7 ms. Memory: 129024K Free: 50120K (39%)
Completed execution with 4 iterations
preinitializing
resolving types
initializing
executing number 1
wrapping up
idle
3 ms. Memory: 129024K Free: 49575K (38%)
Completed execution with 4 iterations
preinitializing
resolving types
initializing
executing number 1
wrapping up
idle
2 ms. Memory: 129024K Free: 49096K (38%)
Completed execution with 4 iterations
preinitializing
resolving types
initializing
executing number 1
wrapping up
idle
14 ms. Memory: 129024K Free: 48582K (38%)
Completed execution with 4 iterations
preinitializing
resolving types
initializing
executing number 1
wrapping up
idle
3 ms. Memory: 129024K Free: 48072K (37%)
Completed execution with 4 iterations
/home/travis/build/icyphy/ptII/ptolemy/actor/lib/test/Distributor.tcl
8 ms. Memory: 129024K Free: 113111K (88%)
7 ms. Memory: 129024K Free: 112553K (87%)
StreamChangeRequest.changeExecuted(): <deleteEntity name="rec2"/> succeeded
StreamChangeRequest.changeExecuted(): <deleteRelation name="r2"/> succeeded
StreamChangeRequest.changeExecuted(): Record firings per iteration succeeded
4 ms. Memory: 129024K Free: 110009K (85%)
/home/travis/build/icyphy/ptII/ptolemy/actor/lib/test/Exit.tcl
Exit.tcl: this will print a message about Manager.exitAfterWrapup, which can be ignored.
2 ms. Memory: 129024K Free: 106940K (83%)
/home/travis/build/icyphy/ptII/ptolemy/actor/lib/test/Expression.tcl
20 ms. Memory: 129024K Free: 103431K (80%)
6 ms. Memory: 129024K Free: 102871K (80%)
2 ms. Memory: 129024K Free: 102400K (79%)
preinitializing
resolving types
initializing
executing number 1
wrapping up
idle
5 ms. Memory: 129024K Free: 100809K (78%)
Completed execution with 6 iterations
12 ms. Memory: 129024K Free: 99799K (77%)
5 ms. Memory: 129024K Free: 99320K (77%)
9 ms. Memory: 129024K Free: 97751K (76%)
6 ms. Memory: 129024K Free: 96697K (75%)
3 ms. Memory: 129024K Free: 95178K (74%)
/home/travis/build/icyphy/ptII/ptolemy/actor/lib/test/Gaussian.tcl
5 ms. Memory: 129024K Free: 93641K (73%)
sleeping 1 seconds: ...........................................................................................................................................................................................................................................................................................................................................................................................................................................................................................................................................................................................................................................................................................................................................................................................................................................................................................................................................................................................................................................................................................................................................................................................................................................................................................................................................................................................................................................................................................................................................................................................................................................................................................................................................................................................................................................................................................................................................................................................................................................................................................................................................................................................................................................................................................................................................................................................................................................................................................................................................................................................................................................................................................................................................................................................................................................................................................................................................................................................................................................................................................................................................................................................................................................................................................................................................................................................................................................................................................................................................................................................................................................................................................................................................................................................................................................................................................................................................................................................................................................................................................................................................................................................................................................................................................................................................................................................................................................................................................................................................................................................................................................................................................................................................................................................................................................................................................................................................................................................................................................................................................................................................................................................................................................................................................................................................................................................................................................................................................................................................................................................................................................................................................................................................................................................................................................................................................................................................................................................................................................................................................................................................................................................................................................................................................................................................................................................................................................................................................................................................................................................................................................................................................................................................................................................................................................................................................................................................................................................................................................................................................................................................................................................................................................................................................................................................................................................................................................................................................................................................................................................................................................................................................................................................................................................................................................................................................................................................................................................................................................................................................................................................................................................................................................................................................................................................................................................................................................................................................................................................................................................................................................................................................................................................................................................................................................................................................................................................................................................................................................................................................................................................................................................................................................................................................................................................................................................................................................................................................................................................................................................................................................................................................................................................................................................................................................................................................................................................................................................................................................................................................................................................................................................................................................................................................................................................................................................................................................................................................................................................................................................................................................................................................................................................................................................................................................................................................................................................................................................................................................................................................................................................................................................................................................................................................................................................................................................................................................................................................................................................................................................................................................................................................................................................................................................................................................................................................................................................................................................................................................................................................................................................................................................................................................................................................................................................................................................................................................................................................................................................................................................................................................................................................................................................................................................................................................................................................................................................................................................................................................................................................................................................................................................................................................................................................................................................................................................................................................................................................................................................................................................................................................................................................................................................................................................................................................................................................................................................................................................................................................................................................................................................................................................................................................................................................................................................................................................................................................................................................................................................................................................................................................................................................................................................................................................................................................................................................................................................................................................................................................................................................................................................................................................................................................................................................................................................................................................................................................................................................................................................................................................................................................................................................................................................................................................................................................................................................................................................................................................................................................................................................................................................................................................................................................................................................................................................................................................................................................................................................................................................................................................................................................................................................................................................................................................................................................................................................................................................................................................................................................................................................................................................................................................................................................................................................................................................................................................................................................................................................................................................................................................................................................................................................................................................................................................................................................................................................................................................................................................................................................................................................................................................................................................................................................................................................................................................................................................................................................................................................................................................................................................................................................................................................................................................................................................................................................................................................................................................................................................................................................................................................................................................................................................................................................................................................................................................................................................................................................................................................................................................................................................................................................................................................................................................................................................................................................................................................................................................................................................................................................................................................................................................................................................................................................................................................................................................................................................................................................................................................................................................................................................................................................................................................................................................................................................................................................................................................................................................................................................................................................................................................................................................................................................................................................................................................................................................................................................................................................................................................................................................................................................................................................................................................................................................................................................................................................................................................................................................................................................................................................................................................................................................................................................................................................................................................................................................................................................................................................................................................................................................................................................................................................................................................................................................................................................................................................................................................................................................................................................................................................................................................................................................................................................................................................................................................................................................................................................................................................................................................................................................................................................................................................................................................................................................................................................................................................................................................................................................................................................................................................................................................................................................................................................................................................................................................................................................................................................................................................................................................................................................................................................................................................................................................................................................................................................................................................................................................................................................................................................................................................................................................................................................................................................................................................................................................................................................................................................................................................................................................................................................................................................................................................................................................................................................................................................................................................................................................................................................................................................................................................................................................................................................................................................................................................................................................................................................................................................................................................................................................................................................................................................................................................................................................................................................................................................................................................................................................................................................................................................................................................................................................................................................................................................................................................................................................................................................................................................................................................................................................................................................................................................................................................................................................................................................................................................................................................................................................................................................................................................................................................................................................................................................................................................................................................................................................................................................................................................................................................................................................................................................................................................................................................................................................................................................................................................................................................................................................................................................................................................................................................................................................................................................................................................................................................................................................................................................................................................................................................................................................................................................................................................................................................................................................................................................................................................................................................................................................................................................................................................................................................................................................................................................................................................................................................................................................................................................................................................................................................................................................................................................................................................................................................................................................................................................................................................................................................................................................................................................................................................................................................................................................................................................................................................................................................................................................................................................................................................................................................................................................................................................................................................................................................................................................................................................................................................................................................................................................................................................................................................................................................................................................................................................................................................................................................................................................................................................................................................................................................................................................................................................................................................................................................................................................................................................................................................................................................................................................................................................................................................................................................................................................................................................................................................................................................................................................................................................................................................................................................................................................................................................................................................................................................................................................................................................................................................................................................................................................................................................................................................................................................................................................................................................................................................................................................................................................................................................................................................................................................................................................................................................................................................................................................................................................................................................................................................................................................................................................................................................................................................................................................................................................................................................................................................................................................................................................................................................................................................................................................................................................................................................................................................................................................................................................................................................................................................................................................................................................................................................................................................................................................................................................................................................................................................................................................................................................................................................................................................................................................................................................................................................................................................................................................................................................................................................................................................................................................................................................................................................................................................................................................................................................................................................................................................................................................................................................................................................................................................................................................................................................................................................................................................................................................................................................................................................................................................................................................................................................................................................................................................................................................................................................................................................................................................................................................................................................................................................................................................................................................................................................................................................................................................................................................................................................................................................................................................................................................................................................................................................................................................................................................................................................................................................................................................................................................................................................................................................................................................................................................................................................................................................................................................................................................................................................................................................................................................................................................................................................................................................................................................................................................................................................................................................................................................................................................................................................................................................................................................................................................................................................................................................................................................................................................................................................................................................................................................................................................................................................................................................................................................................................................................................................................................................................................................................................................................................................................................................................................................................................................................................................................................................................................................................................................................................................................................................................................................................................................................................................................................................................................................................................................................................................................................................................................................................................................................................................................................................................................................................................................................................................................................................................................................................................................................................................................................................................................................................................................................................................................................................................................................................................................................................................................................................................................................................................................................................................................................................................................................................................................................................................................................................................................................................................................................................................................................................................................................................................................................................................................................................................................................................................................................................................................................................................................................................................................................................................................................................................................................................................................................................................................................................................................................................................................................................................................................................................................................................................................................................................................................................................................................................................................................................................................................................................................................................................................................................................................................................................................................................................................................................................................................................................................................................................................................................................................................................................................................................................................................................................................................................................................................................................................................................................................................................................................................................................................................................................................................................................................................................................................................................................................................................................................................................................................................................................................................................................................................................................................................................................................................................................................................................................................................................................................................................................................................................................................................................................................................................................................................................................................................................................................................................................................................................................................................................................................................................................................................................................................................................................................................................................................................................................................................................................................................................................................................................................................................................................................................................................................................................................................................................................................................................................................................................................................................................................................................................................................................................................................................................................................................................................................................................................................................................................................................................................................................................................................................................................................................................................................................................................................................................................................................................................................................................................................................................................................................................................................................................................................................................................................................................................................................................................................................................................................................................................................................................................................................................................................................................................................................................................................................................................................................................................................................................................................................................................................................................................................................................................................................................................................................................................................................................................................................................................................................................................................................................................................................................................................................................................................................................................................................................................................................................................................................................................................................................................................................................................................................................................................................................................................................................................................................................................................................................................................................................................................................................................................................................................................................................................................................................................................................................................................................................................................................................................................................................................................................................................................................................................................................................................................................................................................................................................................................................................................................................................................................................................................................................................................................................................................................................................................................................................................................................................................................................................................................................................................................................................................................................................................................................................................................................................................................................................................................................................................................................................................................................................................................................................................................................................................................................................................................................................................................................................................................................................................................................................................................................................................................................................................................................................................................................................................................................................................................................................................................................................................................................................................................................................................................................................................................................................................................................................................................................................................................................................................................................................................................................................................................................................................................................................................................................................................................................................................................................................................................................................................................................................................................................................................................................................................................................................................................................................................................................................................................................................................................................................................................................................................................................2 ms. Memory: 129024K Free: 87711K (68%)
2 ms. Memory: 129024K Free: 87201K (68%)
1 ms. Memory: 129024K Free: 86687K (67%)
1 ms. Memory: 129024K Free: 85649K (66%)
1 ms. Memory: 129024K Free: 85153K (66%)
/home/travis/build/icyphy/ptII/ptolemy/actor/lib/test/IIR.tcl
/home/travis/build/icyphy/ptII/ptolemy/actor/lib/test/Interpolator.tcl
3 ms. Memory: 129024K Free: 81567K (63%)
2 ms. Memory: 129024K Free: 81057K (63%)
2 ms. Memory: 129024K Free: 80529K (62%)
1 ms. Memory: 129024K Free: 80033K (62%)
3 ms. Memory: 129024K Free: 79009K (61%)
1 ms. Memory: 129024K Free: 78495K (61%)
2 ms. Memory: 129024K Free: 77457K (60%)
1 ms. Memory: 129024K Free: 76417K (59%)
2 ms. Memory: 129024K Free: 75409K (58%)
2 ms. Memory: 129024K Free: 74399K (58%)
/home/travis/build/icyphy/ptII/ptolemy/actor/lib/test/MathFunction.tcl
4 ms. Memory: 129024K Free: 72337K (56%)
2 ms. Memory: 129024K Free: 71321K (55%)
1 ms. Memory: 129024K Free: 70303K (54%)
1 ms. Memory: 129024K Free: 69793K (54%)
3 ms. Memory: 129024K Free: 68255K (53%)
5 ms. Memory: 129024K Free: 66207K (51%)
/home/travis/build/icyphy/ptII/ptolemy/actor/lib/test/Maximum.tcl
3 ms. Memory: 129024K Free: 64671K (50%)
1 ms. Memory: 129024K Free: 63649K (49%)
2 ms. Memory: 129024K Free: 63135K (49%)
3 ms. Memory: 129024K Free: 62625K (49%)
/home/travis/build/icyphy/ptII/ptolemy/actor/lib/test/Minimum.tcl
3 ms. Memory: 129024K Free: 60577K (47%)
2 ms. Memory: 129024K Free: 60063K (47%)
2 ms. Memory: 129024K Free: 59553K (46%)
2 ms. Memory: 129024K Free: 59039K (46%)
/home/travis/build/icyphy/ptII/ptolemy/actor/lib/test/MultiplyDivide.tcl
4 ms. Memory: 129024K Free: 56991K (44%)
2 ms. Memory: 129024K Free: 55953K (43%)
2 ms. Memory: 129024K Free: 55457K (43%)
3 ms. Memory: 129024K Free: 54929K (43%)
2 ms. Memory: 129024K Free: 53905K (42%)
/home/travis/build/icyphy/ptII/ptolemy/actor/lib/test/OrderedMerge.tcl
Connections changed on port: inputA
Connections changed on port: inputB
Connections changed on port: output
Connections changed on port: output
Connections changed on port: output
Connections changed on port: input
.top. Preinitializing ...
Invoking preinitialize():  .top.OrderedMerge
Called preinitialize()
Invoking preinitialize():  .top.Ramp
Called preinitialize()
Invoking preinitialize():  .top.Ramp2
Called preinitialize()
Invoking preinitialize():  .top.Test
Called preinitialize()
Connections changed on port: inputA
Connections changed on port: output
Connections changed on port: output
Connections changed on port: input
Connections changed on port: inputB
Connections changed on port: output
.top. Finished preinitialize().
Called initialize().
Invoking initialize():  .top.OrderedMerge
Initializing actor: .top.OrderedMerge
Adding a thread: .top.OrderedMerge
Invoking initialize():  .top.Ramp
Initializing actor: .top.Ramp
Adding a thread: .top.Ramp
Invoking initialize():  .top.Ramp2
Initializing actor: .top.Ramp2
Adding a thread: .top.Ramp2
Invoking initialize():  .top.Test
Initializing actor: .top.Test
Adding a thread: .top.Test
Called fire().
Checking for deadlock:
-- Starting thread.
Called initialize()
Called prefire()
Called fire()
-- Starting thread.
Called initialize()
-- Starting thread.
Called initialize()
Called prefire()
Called prefire()
-- Starting thread.
Called initialize()
Called prefire()
Called fire()
Called fire()
Called fire()
There are 0 Blocked actors, 0 Stopped actors, and 4 active threads.
Waiting for actors to stop.
Called postfire()
Called prefire()
Called fire()
Called postfire()
Called prefire()
Called fire()
Called postfire()
Called prefire()
Called fire()
Read input token from inputA with value 0.0
Next port to read input from is inputB
Called postfire()
Called prefire()
Called fire()
Checking for deadlock:
There are 3 Blocked actors, 0 Stopped actors, and 4 active threads.
Waiting for actors to stop.
Read input token from inputB with value 0.0
Sent output token with value 0.0
Next port to read input from is inputA
Called postfire()
Called prefire()
Called fire()
Read input token from inputA with value 1.0
Called postfire()
Checking for deadlock:
Called prefire()
Called fire()
There are 1 Blocked actors, 0 Stopped actors, and 4 active threads.
Waiting for actors to stop.
Called postfire()
Called prefire()
Called fire()
Checking for deadlock:
-- Read input: 0.0, which is expected to match: 0.0
Called prefire()
Called fire()
There are 1 Blocked actors, 0 Stopped actors, and 4 active threads.
Waiting for actors to stop.
Checking for deadlock:
Sent output token with value 0.0
There are 2 Blocked actors, 0 Stopped actors, and 4 active threads.
Waiting for actors to stop.
Next port to read input from is inputB
Called postfire()
Called prefire()
Called fire()
Read input token from inputB with value 1.5
-- Read input: 0.0, which is expected to match: 0.0
Sent output token with value 1.0
Called prefire()
Called fire()
Next port to read input from is inputA
Called postfire()
Called prefire()
Called fire()
-- Read input: 1.0, which is expected to match: 1.0
Read input token from inputA with value 2.0
Called prefire()
Called fire()
Sent output token with value 1.5
Next port to read input from is inputB
-- Read input: 1.5, which is expected to match: 1.5
Called postfire()
Called prefire()
Called fire()
Called prefire()
Called fire()
Checking for deadlock:
There are 2 Blocked actors, 0 Stopped actors, and 4 active threads.
Waiting for actors to stop.
Called postfire()
Called prefire()
Called fire()
Called postfire()
Called prefire()
Called fire()
Checking for deadlock:
There are 3 Blocked actors, 0 Stopped actors, and 4 active threads.
Waiting for actors to stop.
Read input token from inputB with value 3.0
Sent output token with value 2.0
Next port to read input from is inputA
Called postfire()
Called prefire()
Called fire()
Read input token from inputA with value 3.0
Checking for deadlock:
There are 1 Blocked actors, 0 Stopped actors, and 4 active threads.
Waiting for actors to stop.
Called postfire()
Called prefire()
Called fire()
Called postfire()
Called prefire()
Called fire()
Checking for deadlock:
There are 3 Blocked actors, 0 Stopped actors, and 4 active threads.
Waiting for actors to stop.
Sent output token with value 3.0
-- Read input: 2.0, which is expected to match: 2.0
Next port to read input from is inputB
Called postfire()
Called prefire()
Called prefire()
Called fire()
Called fire()
Read input token from inputB with value 4.5
-- Read input: 3.0, which is expected to match: 3.0
Called prefire()
Called fire()
Sent output token with value 3.0
Next port to read input from is inputA
Called postfire()
Called prefire()
-- Read input: 3.0, which is expected to match: 3.0
Called prefire()
Called postfire()
Called prefire()
Called fire()
Called fire()
Called fire()
Read input token from inputA with value 4.0
Sent output token with value 4.0
Next port to read input from is inputA
Called postfire()
Called prefire()
Called fire()
Checking for deadlock:
There are 2 Blocked actors, 0 Stopped actors, and 4 active threads.
Waiting for actors to stop.
Called postfire()
Called prefire()
Called fire()
-- Read input: 4.0, which is expected to match: 4.0
Called prefire()
Checking for deadlock:
Called fire()
There are 2 Blocked actors, 0 Stopped actors, and 4 active threads.
Waiting for actors to stop.
Past the end of training data. Read and discard all inputs.
Read input token from inputA with value 5.0
Sent output token with value 4.5
Next port to read input from is inputB
Called postfire()
Called prefire()
Called fire()
Read input token from inputB with value 6.0
Called postfire()
Called prefire()
Checking for deadlock:
Called prefire()
Called fire()
Called fire()
Past the end of training data. Read and discard all inputs.
There are 0 Blocked actors, 0 Stopped actors, and 4 active threads.
Waiting for actors to stop.
Called postfire()
Called prefire()
Called fire()
Sent output token with value 5.0
Next port to read input from is inputA
Called postfire()
Called prefire()
Called fire()
Read input token from inputA with value 6.0
Checking for deadlock:
Called prefire()
Called fire()
Past the end of training data. Read and discard all inputs.
There are 1 Blocked actors, 0 Stopped actors, and 4 active threads.
Waiting for actors to stop.
Sent output token with value 6.0
Next port to read input from is inputB
Called postfire()
Called prefire()
Called fire()
Read input token from inputB with value 7.5
Called postfire()
Called prefire()
Checking for deadlock:
Called prefire()
Called fire()
Called fire()
Past the end of training data. Read and discard all inputs.
There are 0 Blocked actors, 0 Stopped actors, and 4 active threads.
Waiting for actors to stop.
Checking for deadlock:
There are 1 Blocked actors, 0 Stopped actors, and 4 active threads.
Waiting for actors to stop.
Sent output token with value 6.0
Next port to read input from is inputA
Called postfire()
Called prefire()
Called fire()
Read input token from inputA with value 7.0
Checking for deadlock:
There are 1 Blocked actors, 0 Stopped actors, and 4 active threads.
Waiting for actors to stop.
Called prefire()
Called postfire()
Called fire()
Called prefire()
Past the end of training data. Read and discard all inputs.
Called fire()
Checking for deadlock:
There are 2 Blocked actors, 0 Stopped actors, and 4 active threads.
Waiting for actors to stop.
Sent output token with value 7.0
Next port to read input from is inputA
Called postfire()
Called prefire()
Called fire()
Called postfire()
Called prefire()
Called fire()
Checking for deadlock:
There are 2 Blocked actors, 0 Stopped actors, and 4 active threads.
Waiting for actors to stop.
Called prefire()
Called fire()
Past the end of training data. Read and discard all inputs.
Read input token from inputA with value 8.0
Sent output token with value 7.5
Next port to read input from is inputB
Called postfire()
Called prefire()
Called fire()
Read input token from inputB with value 9.0
Called prefire()
Called fire()
Past the end of training data. Read and discard all inputs.
Called postfire()
Called prefire()
Called fire()
-- Thread wrapup() called.
Called wrapup()
Thread .top.Ramp is exiting.
-- Thread stopped.
Checking for deadlock:
There are 2 Blocked actors, 0 Stopped actors, and 3 active threads.
Waiting for actors to stop.
Sent output token with value 8.0
Next port to read input from is inputA
Called postfire()
Called prefire()
Called fire()
Read input token from inputA with value 9.0
Checking for deadlock:
There are 2 Blocked actors, 0 Stopped actors, and 3 active threads.
Waiting for actors to stop.
Checking for deadlock:
Called prefire()
Called fire()
There are 1 Blocked actors, 0 Stopped actors, and 3 active threads.
Waiting for actors to stop.
Past the end of training data. Read and discard all inputs.
Called prefire()
Called fire()
Past the end of training data. Read and discard all inputs.
Sent output token with value 9.0
Next port to read input from is inputB
Called postfire()
Called prefire()
Called fire()
Read input token from inputB with value 10.5
Sent output token with value 9.0
Next port to read input from is inputA
Called postfire()
Called prefire()
Called fire()
Checking for deadlock:
There are 1 Blocked actors, 0 Stopped actors, and 3 active threads.
Waiting for actors to stop.
Called postfire()
Called prefire()
Called fire()
Called prefire()
Past the end of training data. Read and discard all inputs.
Called fire()
Checking for deadlock:
There are 3 Blocked actors, 0 Stopped actors, and 3 active threads.
Actors have stopped.
Checking for deadlock:
There are 3 Blocked actors, 0 Stopped actors, and 3 active threads.
Deadlock detected.
Resolving Deadlock
Checking for deadlock:
There are 3 Blocked actors, 0 Stopped actors, and 3 active threads.
Artificial Deadlock - increasing queue capacity.
increasing the capacity of receiver ptolemy.actor.TypedIOPort {.top.OrderedMerge.inputB} to 2
-- Thread wrapup() called.
Called wrapup()
Thread .top.Ramp2 is exiting.
-- Thread stopped.
Director: Called postfire().
Called postfire().
_stopRequested = false
_stopFireRequested = false
Returning from postfire(): true
Called fire().
Checking for deadlock:
There are 2 Blocked actors, 0 Stopped actors, and 2 active threads.
Actors have stopped.
Checking for deadlock:
There are 2 Blocked actors, 0 Stopped actors, and 2 active threads.
Deadlock detected.
Resolving Deadlock
Checking for deadlock:
There are 2 Blocked actors, 0 Stopped actors, and 2 active threads.
Deadlock detected: no processes blocked on write, but some are blocked on read.
Called postfire().
_stopRequested = false
_stopFireRequested = false
Returning from postfire(): false
Finished deactivating branches.
Called wrapup().
-- Thread wrapup() called.
Called wrapup()
-- Thread wrapup() called.
Thread .top.OrderedMerge is exiting.
Called wrapup()
-- Thread stopped.
Thread .top.Test is exiting.
-- Thread stopped.
-- Blocked Receiver call threw TerminateProcessException.
-- Blocked Receiver call threw TerminateProcessException.
90 ms. Memory: 129024K Free: 49313K (38%)
.top. Preinitializing ...
Invoking preinitialize():  .top.OrderedMerge
Called preinitialize()
Invoking preinitialize():  .top.Ramp
Called preinitialize()
Invoking preinitialize():  .top.Ramp2
Called preinitialize()
Invoking preinitialize():  .top.Test
Called preinitialize()
.top. Finished preinitialize().
Called initialize().
Invoking initialize():  .top.OrderedMerge
Initializing actor: .top.OrderedMerge
Adding a thread: .top.OrderedMerge
Invoking initialize():  .top.Ramp
Initializing actor: .top.Ramp
Adding a thread: .top.Ramp
Invoking initialize():  .top.Ramp2
Initializing actor: .top.Ramp2
Adding a thread: .top.Ramp2
Invoking initialize():  .top.Test
Initializing actor: .top.Test
Adding a thread: .top.Test
-- Starting thread.
Called initialize()
Called prefire()
Called fire()
-- Starting thread.
Called initialize()
Called prefire()
Called fire()
Called postfire()
Called prefire()
Called fire()
-- Starting thread.
Called initialize()
Called prefire()
Called fire()
Called postfire()
Called prefire()
Called fire()
Called fire().
Checking for deadlock:
There are 3 Blocked actors, 0 Stopped actors, and 4 active threads.
Waiting for actors to stop.
-- Starting thread.
Called initialize()
Called prefire()
Called fire()
Checking for deadlock:
There are 2 Blocked actors, 0 Stopped actors, and 4 active threads.
Waiting for actors to stop.
Called postfire()
Called prefire()
Called fire()
Read input token from inputA with value 0.0
Checking for deadlock:
There are 3 Blocked actors, 0 Stopped actors, and 4 active threads.
Waiting for actors to stop.
Next port to read input from is inputB
Called postfire()
Called prefire()
Called fire()
Checking for deadlock:
There are 2 Blocked actors, 0 Stopped actors, and 4 active threads.
Waiting for actors to stop.
Called postfire()
Called prefire()
Called fire()
Checking for deadlock:
There are 3 Blocked actors, 0 Stopped actors, and 4 active threads.
Waiting for actors to stop.
Read input token from inputB with value 0.0
Checking for deadlock:
There are 2 Blocked actors, 0 Stopped actors, and 4 active threads.
Waiting for actors to stop.
Sent output token with value 0.0
-- Read input: 0.0, which is expected to match: 0.0
Next port to read input from is inputA
Called postfire()
Called prefire()
Called prefire()
Called fire()
Called fire()
Read input token from inputA with value 1.0
Sent output token with value 0.0
Next port to read input from is inputB
Called postfire()
Called prefire()
Called fire()
Read input token from inputB with value 1.5
Called postfire()
Called prefire()
Called fire()
-- Read input: 0.0, which is expected to match: 0.0
Called prefire()
Called fire()
Checking for deadlock:
There are 2 Blocked actors, 0 Stopped actors, and 4 active threads.
Waiting for actors to stop.
Called postfire()
Called prefire()
Called fire()
Sent output token with value 1.0
Next port to read input from is inputA
Called postfire()
Called prefire()
Called fire()
-- Read input: 1.0, which is expected to match: 1.0
Read input token from inputA with value 2.0
Called prefire()
Called fire()
Sent output token with value 1.5
Next port to read input from is inputB
Called postfire()
-- Read input: 1.5, which is expected to match: 1.5
Called prefire()
Called prefire()
Called fire()
Checking for deadlock:
There are 2 Blocked actors, 0 Stopped actors, and 4 active threads.
Waiting for actors to stop.
Called fire()
Called postfire()
Called prefire()
Called fire()
Read input token from inputB with value 3.0
Checking for deadlock:
There are 2 Blocked actors, 0 Stopped actors, and 4 active threads.
Waiting for actors to stop.
Called postfire()
Called prefire()
Called fire()
Sent output token with value 2.0
Next port to read input from is inputA
Called postfire()
Called prefire()
Called fire()
Read input token from inputA with value 3.0
Checking for deadlock:
There are 2 Blocked actors, 0 Stopped actors, and 4 active threads.
Waiting for actors to stop.
-- Read input: 2.0, which is expected to match: 2.0
Called prefire()
Called fire()
Called postfire()
Called prefire()
Called fire()
Checking for deadlock:
There are 3 Blocked actors, 0 Stopped actors, and 4 active threads.
Waiting for actors to stop.
Sent output token with value 3.0
-- Read input: 3.0, which is expected to match: 3.0
Next port to read input from is inputB
Called postfire()
Called prefire()
Called fire()
Called prefire()
Called fire()
Read input token from inputB with value 4.5
Sent output token with value 3.0
Next port to read input from is inputA
Called postfire()
Called prefire()
Called fire()
Read input token from inputA with value 4.0
Checking for deadlock:
There are 1 Blocked actors, 0 Stopped actors, and 4 active threads.
Waiting for actors to stop.
Called postfire()
Called prefire()
Called fire()
-- Read input: 3.0, which is expected to match: 3.0
Called prefire()
Called fire()
Called postfire()
Called prefire()
Called fire()
Checking for deadlock:
There are 3 Blocked actors, 0 Stopped actors, and 4 active threads.
Waiting for actors to stop.
Sent output token with value 4.0
Next port to read input from is inputA
Called postfire()
Called prefire()
Called fire()
Read input token from inputA with value 5.0
-- Read input: 4.0, which is expected to match: 4.0
Called prefire()
Sent output token with value 4.5
Called fire()
Past the end of training data. Read and discard all inputs.
Next port to read input from is inputB
Called postfire()
Called prefire()
Called fire()
Checking for deadlock:
There are 1 Blocked actors, 0 Stopped actors, and 4 active threads.
Waiting for actors to stop.
Called postfire()
Called prefire()
Called fire()
Called postfire()
Called prefire()
Called fire()
Checking for deadlock:
There are 1 Blocked actors, 0 Stopped actors, and 4 active threads.
Waiting for actors to stop.
Called prefire()
Called fire()
Read input token from inputB with value 6.0
Past the end of training data. Read and discard all inputs.
Called prefire()
Called fire()
Sent output token with value 5.0
Past the end of training data. Read and discard all inputs.
Next port to read input from is inputA
Called postfire()
Called prefire()
Called fire()
Read input token from inputA with value 6.0
Sent output token with value 6.0
Next port to read input from is inputB
Called postfire()
Called prefire()
Called fire()
Read input token from inputB with value 7.5
Checking for deadlock:
There are 1 Blocked actors, 0 Stopped actors, and 4 active threads.
Waiting for actors to stop.
Called postfire()
Called prefire()
Called prefire()
Called fire()
Called fire()
Past the end of training data. Read and discard all inputs.
Called postfire()
Called prefire()
Called fire()
Checking for deadlock:
There are 3 Blocked actors, 0 Stopped actors, and 4 active threads.
Waiting for actors to stop.
Called prefire()
Called fire()
Past the end of training data. Read and discard all inputs.
Sent output token with value 6.0
Next port to read input from is inputA
Called postfire()
Called prefire()
Called fire()
Read input token from inputA with value 7.0
Sent output token with value 7.0
Next port to read input from is inputA
Called postfire()
Called prefire()
Called fire()
Called postfire()
Called prefire()
Called fire()
Checking for deadlock:
There are 2 Blocked actors, 0 Stopped actors, and 4 active threads.
Waiting for actors to stop.
Called prefire()
Called fire()
Past the end of training data. Read and discard all inputs.
Read input token from inputA with value 8.0
Sent output token with value 7.5
Next port to read input from is inputB
Called postfire()
Called prefire()
Called fire()
Read input token from inputB with value 9.0
Checking for deadlock:
There are 1 Blocked actors, 0 Stopped actors, and 4 active threads.
Waiting for actors to stop.
Called postfire()
Called prefire()
-- Thread wrapup() called.
Called wrapup()
Called fire()
Thread .top.Ramp is exiting.
-- Thread stopped.
Called prefire()
Called fire()
Past the end of training data. Read and discard all inputs.
Checking for deadlock:
There are 2 Blocked actors, 0 Stopped actors, and 3 active threads.
Waiting for actors to stop.
Sent output token with value 8.0
Next port to read input from is inputA
Called postfire()
Called prefire()
Called fire()
Read input token from inputA with value 9.0
Checking for deadlock:
There are 2 Blocked actors, 0 Stopped actors, and 3 active threads.
Waiting for actors to stop.
Called prefire()
Called fire()
Past the end of training data. Read and discard all inputs.
Checking for deadlock:
There are 2 Blocked actors, 0 Stopped actors, and 3 active threads.
Waiting for actors to stop.
Sent output token with value 9.0
Next port to read input from is inputB
Called postfire()
Called prefire()
Called fire()
Read input token from inputB with value 10.5
Checking for deadlock:
There are 1 Blocked actors, 0 Stopped actors, and 3 active threads.
Waiting for actors to stop.
Called prefire()
Called postfire()
Called fire()
Past the end of training data. Read and discard all inputs.
Called prefire()
Called fire()
Checking for deadlock:
There are 1 Blocked actors, 0 Stopped actors, and 3 active threads.
Waiting for actors to stop.
Sent output token with value 9.0
Next port to read input from is inputA
Called postfire()
Called prefire()
Called fire()
Checking for deadlock:
There are 2 Blocked actors, 0 Stopped actors, and 3 active threads.
Waiting for actors to stop.
Called prefire()
Called fire()
Past the end of training data. Read and discard all inputs.
Checking for deadlock:
There are 3 Blocked actors, 0 Stopped actors, and 3 active threads.
Actors have stopped.
Checking for deadlock:
There are 3 Blocked actors, 0 Stopped actors, and 3 active threads.
Deadlock detected.
Resolving Deadlock
Checking for deadlock:
There are 3 Blocked actors, 0 Stopped actors, and 3 active threads.
Artificial Deadlock - increasing queue capacity.
increasing the capacity of receiver ptolemy.actor.TypedIOPort {.top.OrderedMerge.inputB} to 2
Director: Called postfire().
Called postfire().
_stopRequested = false
_stopFireRequested = false
Returning from postfire(): true
Called fire().
Checking for deadlock:
There are 2 Blocked actors, 0 Stopped actors, and 3 active threads.
Waiting for actors to stop.
-- Thread wrapup() called.
Called wrapup()
Thread .top.Ramp2 is exiting.
-- Thread stopped.
Checking for deadlock:
There are 2 Blocked actors, 0 Stopped actors, and 2 active threads.
Actors have stopped.
Checking for deadlock:
There are 2 Blocked actors, 0 Stopped actors, and 2 active threads.
Deadlock detected.
Resolving Deadlock
Checking for deadlock:
There are 2 Blocked actors, 0 Stopped actors, and 2 active threads.
Deadlock detected: no processes blocked on write, but some are blocked on read.
Called postfire().
_stopRequested = false
_stopFireRequested = false
Returning from postfire(): false
Finished deactivating branches.
Called wrapup().
-- Thread wrapup() called.
Called wrapup()
-- Thread wrapup() called.
Thread .top.OrderedMerge is exiting.
Called wrapup()
-- Thread stopped.
-- Blocked Receiver call threw TerminateProcessException.
Thread .top.Test is exiting.
-- Thread stopped.
-- Blocked Receiver call threw TerminateProcessException.
69 ms. Memory: 129024K Free: 110280K (85%)
/home/travis/build/icyphy/ptII/ptolemy/actor/lib/test/Publisher.tcl
11 ms. Memory: 129024K Free: 104255K (81%)
4 ms. Memory: 129024K Free: 98625K (76%)
6 ms. Memory: 129024K Free: 95009K (74%)
10 ms. Memory: 129024K Free: 94015K (73%)
6 ms. Memory: 129024K Free: 93505K (72%)
9 ms. Memory: 129024K Free: 92481K (72%)
2 ms. Memory: 129024K Free: 91961K (71%)
8 ms. Memory: 129024K Free: 90929K (70%)
52 ms. Memory: 158720K Free: 141165K (89%)
8 ms. Memory: 158720K Free: 137069K (86%)
3 ms. Memory: 158720K Free: 136555K (86%)
3 ms. Memory: 158720K Free: 134507K (85%)
6 ms. Memory: 158720K Free: 126829K (80%)
5 ms. Memory: 158720K Free: 117093K (74%)
5 ms. Memory: 158720K Free: 106349K (67%)
/home/travis/build/icyphy/ptII/ptolemy/actor/lib/test/Pulse.tcl
16 ms. Memory: 158720K Free: 140598K (89%)
8 ms. Memory: 158720K Free: 140100K (88%)
1 ms. Memory: 158720K Free: 139588K (88%)
1 ms. Memory: 158720K Free: 138564K (87%)
1 ms. Memory: 158720K Free: 138054K (87%)
5 ms. Memory: 158720K Free: 137030K (86%)
10 ms. Memory: 158720K Free: 136006K (86%)
1 ms. Memory: 158720K Free: 135478K (85%)
1 ms. Memory: 158720K Free: 134982K (85%)
/home/travis/build/icyphy/ptII/ptolemy/actor/lib/test/Ramp.tcl
2 ms. Memory: 158720K Free: 132934K (84%)
10 ms. Memory: 158720K Free: 131910K (83%)
2 ms. Memory: 158720K Free: 131396K (83%)
2 ms. Memory: 158720K Free: 130358K (82%)
8 ms. Memory: 158720K Free: 129862K (82%)
9 ms. Memory: 158720K Free: 128838K (81%)
9 ms. Memory: 158720K Free: 127814K (81%)
5 actors
8000 microseconds per iteration to create
9 ms. Memory: 158720K Free: 125238K (79%)
2 ms. Memory: 158720K Free: 124742K (79%)
1 ms. Memory: 158720K Free: 123718K (78%)
4 ms. Memory: 158720K Free: 123204K (78%)
50 actors
35000 microseconds per iteration to create
25 ms. Memory: 158720K Free: 107844K (68%)
5 ms. Memory: 158720K Free: 106820K (67%)
5 ms. Memory: 158720K Free: 105796K (67%)
5 ms. Memory: 158720K Free: 104772K (66%)
500 actors
1332000 microseconds per iteration to create
249 ms. Memory: 158720K Free: 101400K (64%)
44 ms. Memory: 158720K Free: 95766K (60%)
45 ms. Memory: 158720K Free: 90646K (57%)
26 ms. Memory: 158720K Free: 85526K (54%)
/home/travis/build/icyphy/ptII/ptolemy/actor/lib/test/RampContinuous.tcl
8 ms. Memory: 158720K Free: 83992K (53%)
/home/travis/build/icyphy/ptII/ptolemy/actor/lib/test/RecordAssembler.tcl
5 ms. Memory: 158720K Free: 82423K (52%)
3 ms. Memory: 158720K Free: 81415K (51%)
/home/travis/build/icyphy/ptII/ptolemy/actor/lib/test/RecordDisassembler.tcl
13 ms. Memory: 158720K Free: 79382K (50%)
7 ms. Memory: 158720K Free: 78872K (50%)
4 ms. Memory: 158720K Free: 77848K (49%)
/home/travis/build/icyphy/ptII/ptolemy/actor/lib/test/Scale.tcl
2 ms. Memory: 158720K Free: 75800K (48%)
2 ms. Memory: 158720K Free: 75271K (47%)
2 ms. Memory: 158720K Free: 74247K (47%)
4 ms. Memory: 158720K Free: 73238K (46%)
2 ms. Memory: 158720K Free: 72728K (46%)
/home/travis/build/icyphy/ptII/ptolemy/actor/lib/test/SequentialClock.tcl
preinitializing
resolving types
initializing
executing number 1
wrapping up
idle
5 ms. Memory: 158720K Free: 71175K (45%)
Completed execution with 5 iterations
preinitializing
resolving types
initializing
executing number 1
wrapping up
idle
1 ms. Memory: 158720K Free: 70680K (45%)
Completed execution with 5 iterations
preinitializing
resolving types
initializing
executing number 1
wrapping up
idle
2 ms. Memory: 158720K Free: 70159K (44%)
Completed execution with 5 iterations
/home/travis/build/icyphy/ptII/ptolemy/actor/lib/test/SetVariable.tcl
4 ms. Memory: 158720K Free: 68632K (43%)
/home/travis/build/icyphy/ptII/ptolemy/actor/lib/test/Sinewave.tcl
/home/travis/build/icyphy/ptII/ptolemy/actor/lib/test/SubscriptionAggregator.tcl
4 ms. Memory: 158720K Free: 57368K (36%)
6 ms. Memory: 158720K Free: 56344K (35%)
0 ms. Memory: 158720K Free: 56344K (35%)
1 ms. Memory: 158720K Free: 55830K (35%)
3 ms. Memory: 158720K Free: 52248K (33%)
27 ms. Memory: 196608K Free: 171542K (87%)
...............................................................958 ms. Memory: 331776K Free: 204495K (62%)
/home/travis/build/icyphy/ptII/ptolemy/actor/lib/test/Test.tcl
 The next command will produce a warning about training mode,
   which may be ignored.
4 ms. Memory: 331776K Free: 202449K (61%)
7 ms. Memory: 331776K Free: 201920K (61%)
1 ms. Memory: 331776K Free: 200911K (61%)
5 ms. Memory: 331776K Free: 200401K (60%)
2 ms. Memory: 331776K Free: 199872K (60%)
3 ms. Memory: 331776K Free: 198353K (60%)
3 ms. Memory: 331776K Free: 197329K (59%)
 The next command will produce a warning about training mode,
   which may be ignored.
4 ms. Memory: 331776K Free: 194736K (59%)
 The next command will produce a warning about training mode,
   which may be ignored.
5 ms. Memory: 331776K Free: 193728K (58%)
1 ms. Memory: 331776K Free: 193233K (58%)
1 ms. Memory: 331776K Free: 192704K (58%)
3 ms. Memory: 331776K Free: 192209K (58%)
8 ms. Memory: 331776K Free: 191185K (58%)
5 ms. Memory: 331776K Free: 187592K (57%)
/home/travis/build/icyphy/ptII/ptolemy/actor/lib/test/TestExceptionHandler.tcl
 The next command will produce a warning about training mode,
   which may be ignored.
3 ms. Memory: 331776K Free: 186065K (56%)
1 ms. Memory: 331776K Free: 185544K (56%)
1 ms. Memory: 331776K Free: 185041K (56%)
/home/travis/build/icyphy/ptII/ptolemy/actor/lib/test/UnionDisassembler.tcl
21 ms. Memory: 331776K Free: 177873K (54%)
/home/travis/build/icyphy/ptII/ptolemy/actor/lib/test/VariableClock.tcl
preinitializing
resolving types
initializing
executing number 1
wrapping up
idle
3 ms. Memory: 331776K Free: 175825K (53%)
Completed execution with 11 iterations
preinitializing
resolving types
initializing
executing number 1
wrapping up
idle
4 ms. Memory: 331776K Free: 174801K (53%)
Completed execution with 10 iterations
10/10/20 03:46:55
Failed: 0  Total Tests: 233  ((Passed: 233, Newly Passed: 0)  Known Failed: 0) /home/travis/build/icyphy/ptII/ptolemy/actor/lib/test
----------------- testing (KnownFailure) /home/travis/build/icyphy/ptII/ptolemy/actor/lib/test/auto/knownFailedTests/PublisherPortToplevelSubscriber.xml
0 ms. Memory: 331776K Free: 171215K (52%)
Known Failure: java.lang.reflect.InvocationTargetException
----------------- testing (KnownFailure) /home/travis/build/icyphy/ptII/ptolemy/actor/lib/test/auto/knownFailedTests/PublisherSubscriberPortToplevel.xml
1 ms. Memory: 331776K Free: 167119K (50%)
Known Failure: java.lang.reflect.InvocationTargetException
----------------- testing (KnownFailure) /home/travis/build/icyphy/ptII/ptolemy/actor/lib/test/auto/knownFailedTests/PublisherSubscriptionAggregatorPort.xml
0 ms. Memory: 331776K Free: 163023K (49%)
Known Failure: java.lang.reflect.InvocationTargetException
----------------- testing (KnownFailure) /home/travis/build/icyphy/ptII/ptolemy/actor/lib/test/auto/knownFailedTests/sizedarray3.xml
4 ms. Memory: 331776K Free: 158417K (48%)
Known Failure: java.lang.reflect.InvocationTargetException
No auto/linux-amd64/*.xml tests in /home/travis/build/icyphy/ptII/ptolemy/actor/lib/test
AutoTests.java: About to close Vertx.
AutoTests.java: Vertx closed.

===========================================================================================
----------------- testing Sat Oct 10 15:46:56 UTC 2020 /home/travis/build/icyphy/ptII/ptolemy/actor/lib/test/auto/AbsoluteValue.xml
----------------- Instantiating /home/travis/build/icyphy/ptII/ptolemy/actor/lib/test/auto/AbsoluteValue.xml
5 ms. Memory: 331776K Free: 135889K (41%)
----------------- Invoking toplevel() on ptolemy.moml.MoMLSimpleApplication@3a62fa24
----------------- Done invoking toplevel() on ptolemy.moml.MoMLSimpleApplication@3a62fa24
reloadAllAccessors: .AbsoluteValue

===========================================================================================
----------------- testing Sat Oct 10 15:46:56 UTC 2020 /home/travis/build/icyphy/ptII/ptolemy/actor/lib/test/auto/AbsoluteValue2.xml
----------------- Instantiating /home/travis/build/icyphy/ptII/ptolemy/actor/lib/test/auto/AbsoluteValue2.xml
4 ms. Memory: 331776K Free: 129231K (39%)
----------------- Invoking toplevel() on ptolemy.moml.MoMLSimpleApplication@63967827
----------------- Done invoking toplevel() on ptolemy.moml.MoMLSimpleApplication@63967827
reloadAllAccessors: .AbsoluteValue2

===========================================================================================
----------------- testing Sat Oct 10 15:46:56 UTC 2020 /home/travis/build/icyphy/ptII/ptolemy/actor/lib/test/auto/Accumulator.xml
----------------- Instantiating /home/travis/build/icyphy/ptII/ptolemy/actor/lib/test/auto/Accumulator.xml
4 ms. Memory: 331776K Free: 122577K (37%)
----------------- Invoking toplevel() on ptolemy.moml.MoMLSimpleApplication@56129d0c
----------------- Done invoking toplevel() on ptolemy.moml.MoMLSimpleApplication@56129d0c
reloadAllAccessors: .Accumulator

===========================================================================================
----------------- testing Sat Oct 10 15:46:56 UTC 2020 /home/travis/build/icyphy/ptII/ptolemy/actor/lib/test/auto/Accumulator2.xml
----------------- Instantiating /home/travis/build/icyphy/ptII/ptolemy/actor/lib/test/auto/Accumulator2.xml
3 ms. Memory: 331776K Free: 117457K (35%)
----------------- Invoking toplevel() on ptolemy.moml.MoMLSimpleApplication@8f738d3
----------------- Done invoking toplevel() on ptolemy.moml.MoMLSimpleApplication@8f738d3
reloadAllAccessors: .Accumulator2

===========================================================================================
----------------- testing Sat Oct 10 15:46:56 UTC 2020 /home/travis/build/icyphy/ptII/ptolemy/actor/lib/test/auto/Accumulator3.xml
----------------- Instantiating /home/travis/build/icyphy/ptII/ptolemy/actor/lib/test/auto/Accumulator3.xml
2 ms. Memory: 331776K Free: 112847K (34%)
----------------- Invoking toplevel() on ptolemy.moml.MoMLSimpleApplication@3106b6b8
----------------- Done invoking toplevel() on ptolemy.moml.MoMLSimpleApplication@3106b6b8
reloadAllAccessors: .Accumulator3

===========================================================================================
----------------- testing Sat Oct 10 15:46:56 UTC 2020 /home/travis/build/icyphy/ptII/ptolemy/actor/lib/test/auto/ArrayAppend.xml
----------------- Instantiating /home/travis/build/icyphy/ptII/ptolemy/actor/lib/test/auto/ArrayAppend.xml
9 ms. Memory: 331776K Free: 278737K (84%)
----------------- Invoking toplevel() on ptolemy.moml.MoMLSimpleApplication@37112c82
----------------- Done invoking toplevel() on ptolemy.moml.MoMLSimpleApplication@37112c82
reloadAllAccessors: .ArrayAppend

===========================================================================================
----------------- testing Sat Oct 10 15:46:56 UTC 2020 /home/travis/build/icyphy/ptII/ptolemy/actor/lib/test/auto/ArrayAppend2.xml
----------------- Instantiating /home/travis/build/icyphy/ptII/ptolemy/actor/lib/test/auto/ArrayAppend2.xml
331 ms. Memory: 331776K Free: 202447K (61%)
----------------- Invoking toplevel() on ptolemy.moml.MoMLSimpleApplication@738ab2bd
----------------- Done invoking toplevel() on ptolemy.moml.MoMLSimpleApplication@738ab2bd
reloadAllAccessors: .ArrayAppend2

===========================================================================================
----------------- testing Sat Oct 10 15:46:56 UTC 2020 /home/travis/build/icyphy/ptII/ptolemy/actor/lib/test/auto/ArrayAppend3.xml
----------------- Instantiating /home/travis/build/icyphy/ptII/ptolemy/actor/lib/test/auto/ArrayAppend3.xml
3 ms. Memory: 331776K Free: 196817K (59%)
----------------- Invoking toplevel() on ptolemy.moml.MoMLSimpleApplication@457689e9
----------------- Done invoking toplevel() on ptolemy.moml.MoMLSimpleApplication@457689e9
reloadAllAccessors: .ArrayAppend3

===========================================================================================
----------------- testing Sat Oct 10 15:46:56 UTC 2020 /home/travis/build/icyphy/ptII/ptolemy/actor/lib/test/auto/ArrayAppend4.xml
----------------- Instantiating /home/travis/build/icyphy/ptII/ptolemy/actor/lib/test/auto/ArrayAppend4.xml
4 ms. Memory: 331776K Free: 191697K (58%)
----------------- Invoking toplevel() on ptolemy.moml.MoMLSimpleApplication@30a06935
----------------- Done invoking toplevel() on ptolemy.moml.MoMLSimpleApplication@30a06935
reloadAllAccessors: .ArrayAppend4

===========================================================================================
----------------- testing Sat Oct 10 15:46:56 UTC 2020 /home/travis/build/icyphy/ptII/ptolemy/actor/lib/test/auto/ArrayAppend5.xml
----------------- Instantiating /home/travis/build/icyphy/ptII/ptolemy/actor/lib/test/auto/ArrayAppend5.xml
1 ms. Memory: 331776K Free: 186063K (56%)
----------------- Invoking toplevel() on ptolemy.moml.MoMLSimpleApplication@5716f053
----------------- Done invoking toplevel() on ptolemy.moml.MoMLSimpleApplication@5716f053
reloadAllAccessors: .ArrayAppend5

===========================================================================================
----------------- testing Sat Oct 10 15:46:56 UTC 2020 /home/travis/build/icyphy/ptII/ptolemy/actor/lib/test/auto/ArrayAppend6.xml
----------------- Instantiating /home/travis/build/icyphy/ptII/ptolemy/actor/lib/test/auto/ArrayAppend6.xml
2 ms. Memory: 331776K Free: 181457K (55%)
----------------- Invoking toplevel() on ptolemy.moml.MoMLSimpleApplication@202699a3
----------------- Done invoking toplevel() on ptolemy.moml.MoMLSimpleApplication@202699a3
reloadAllAccessors: .ArrayAppend6

===========================================================================================
----------------- testing Sat Oct 10 15:46:56 UTC 2020 /home/travis/build/icyphy/ptII/ptolemy/actor/lib/test/auto/ArrayAppendPerformanceTest.xml
----------------- Instantiating /home/travis/build/icyphy/ptII/ptolemy/actor/lib/test/auto/ArrayAppendPerformanceTest.xml
26 ms. Memory: 331776K Free: 170193K (51%)
----------------- Invoking toplevel() on ptolemy.moml.MoMLSimpleApplication@7c694dc2
----------------- Done invoking toplevel() on ptolemy.moml.MoMLSimpleApplication@7c694dc2
reloadAllAccessors: .ArrayAppendPerformanceTest

===========================================================================================
----------------- testing Sat Oct 10 15:46:57 UTC 2020 /home/travis/build/icyphy/ptII/ptolemy/actor/lib/test/auto/ArrayAppendWithEmptyInput.xml
----------------- Instantiating /home/travis/build/icyphy/ptII/ptolemy/actor/lib/test/auto/ArrayAppendWithEmptyInput.xml
12 ms. Memory: 331776K Free: 162511K (49%)
----------------- Invoking toplevel() on ptolemy.moml.MoMLSimpleApplication@7498522c
----------------- Done invoking toplevel() on ptolemy.moml.MoMLSimpleApplication@7498522c
reloadAllAccessors: .ArrayAppendWithEmptyInput

===========================================================================================
----------------- testing Sat Oct 10 15:46:57 UTC 2020 /home/travis/build/icyphy/ptII/ptolemy/actor/lib/test/auto/ArrayAverage.xml
----------------- Instantiating /home/travis/build/icyphy/ptII/ptolemy/actor/lib/test/auto/ArrayAverage.xml
9 ms. Memory: 331776K Free: 154833K (47%)
----------------- Invoking toplevel() on ptolemy.moml.MoMLSimpleApplication@15c2307e
----------------- Done invoking toplevel() on ptolemy.moml.MoMLSimpleApplication@15c2307e
reloadAllAccessors: .ArrayAverage

===========================================================================================
----------------- testing Sat Oct 10 15:46:57 UTC 2020 /home/travis/build/icyphy/ptII/ptolemy/actor/lib/test/auto/ArrayContains.xml
----------------- Instantiating /home/travis/build/icyphy/ptII/ptolemy/actor/lib/test/auto/ArrayContains.xml
9 ms. Memory: 331776K Free: 148689K (45%)
----------------- Invoking toplevel() on ptolemy.moml.MoMLSimpleApplication@57a91a8f
----------------- Done invoking toplevel() on ptolemy.moml.MoMLSimpleApplication@57a91a8f
reloadAllAccessors: .ArrayContains

===========================================================================================
----------------- testing Sat Oct 10 15:46:57 UTC 2020 /home/travis/build/icyphy/ptII/ptolemy/actor/lib/test/auto/ArrayElement.xml
----------------- Instantiating /home/travis/build/icyphy/ptII/ptolemy/actor/lib/test/auto/ArrayElement.xml
3 ms. Memory: 331776K Free: 143055K (43%)
----------------- Invoking toplevel() on ptolemy.moml.MoMLSimpleApplication@493ecfff
----------------- Done invoking toplevel() on ptolemy.moml.MoMLSimpleApplication@493ecfff
reloadAllAccessors: .ArrayElement

===========================================================================================
----------------- testing Sat Oct 10 15:46:57 UTC 2020 /home/travis/build/icyphy/ptII/ptolemy/actor/lib/test/auto/ArrayElementAsMatrix.xml
----------------- Instantiating /home/travis/build/icyphy/ptII/ptolemy/actor/lib/test/auto/ArrayElementAsMatrix.xml
21 ms. Memory: 331776K Free: 132815K (40%)
----------------- Invoking toplevel() on ptolemy.moml.MoMLSimpleApplication@4b11645
----------------- Done invoking toplevel() on ptolemy.moml.MoMLSimpleApplication@4b11645
reloadAllAccessors: .ArrayElementAsMatrix

===========================================================================================
----------------- testing Sat Oct 10 15:46:57 UTC 2020 /home/travis/build/icyphy/ptII/ptolemy/actor/lib/test/auto/ArrayElementI.xml
----------------- Instantiating /home/travis/build/icyphy/ptII/ptolemy/actor/lib/test/auto/ArrayElementI.xml
5 ms. Memory: 331776K Free: 127680K (38%)
----------------- Invoking toplevel() on ptolemy.moml.MoMLSimpleApplication@7eab4dbd
----------------- Done invoking toplevel() on ptolemy.moml.MoMLSimpleApplication@7eab4dbd
reloadAllAccessors: .ArrayElementI

===========================================================================================
----------------- testing Sat Oct 10 15:46:57 UTC 2020 /home/travis/build/icyphy/ptII/ptolemy/actor/lib/test/auto/ArrayExtract.xml
----------------- Instantiating /home/travis/build/icyphy/ptII/ptolemy/actor/lib/test/auto/ArrayExtract.xml
7 ms. Memory: 331776K Free: 118993K (36%)
----------------- Invoking toplevel() on ptolemy.moml.MoMLSimpleApplication@1b53e1c8
----------------- Done invoking toplevel() on ptolemy.moml.MoMLSimpleApplication@1b53e1c8
reloadAllAccessors: .ArrayExtract

===========================================================================================
----------------- testing Sat Oct 10 15:46:57 UTC 2020 /home/travis/build/icyphy/ptII/ptolemy/actor/lib/test/auto/ArrayExtract2.xml
----------------- Instantiating /home/travis/build/icyphy/ptII/ptolemy/actor/lib/test/auto/ArrayExtract2.xml
2 ms. Memory: 331776K Free: 113873K (34%)
----------------- Invoking toplevel() on ptolemy.moml.MoMLSimpleApplication@72d5706d
----------------- Done invoking toplevel() on ptolemy.moml.MoMLSimpleApplication@72d5706d
reloadAllAccessors: .ArrayExtract2

===========================================================================================
----------------- testing Sat Oct 10 15:46:57 UTC 2020 /home/travis/build/icyphy/ptII/ptolemy/actor/lib/test/auto/ArrayLength.xml
----------------- Instantiating /home/travis/build/icyphy/ptII/ptolemy/actor/lib/test/auto/ArrayLength.xml
2 ms. Memory: 331776K Free: 109777K (33%)
----------------- Invoking toplevel() on ptolemy.moml.MoMLSimpleApplication@52452e45
----------------- Done invoking toplevel() on ptolemy.moml.MoMLSimpleApplication@52452e45
reloadAllAccessors: .ArrayLength

===========================================================================================
----------------- testing Sat Oct 10 15:46:57 UTC 2020 /home/travis/build/icyphy/ptII/ptolemy/actor/lib/test/auto/ArrayLevelCrossing.xml
----------------- Instantiating /home/travis/build/icyphy/ptII/ptolemy/actor/lib/test/auto/ArrayLevelCrossing.xml
3 ms. Memory: 331776K Free: 280964K (85%)
----------------- Invoking toplevel() on ptolemy.moml.MoMLSimpleApplication@120be38b
----------------- Done invoking toplevel() on ptolemy.moml.MoMLSimpleApplication@120be38b
reloadAllAccessors: .ArrayLevelCrossing

===========================================================================================
----------------- testing Sat Oct 10 15:46:57 UTC 2020 /home/travis/build/icyphy/ptII/ptolemy/actor/lib/test/auto/ArrayLevelCrossing2.xml
----------------- Instantiating /home/travis/build/icyphy/ptII/ptolemy/actor/lib/test/auto/ArrayLevelCrossing2.xml
2 ms. Memory: 331776K Free: 273301K (82%)
----------------- Invoking toplevel() on ptolemy.moml.MoMLSimpleApplication@5c82d981
----------------- Done invoking toplevel() on ptolemy.moml.MoMLSimpleApplication@5c82d981
reloadAllAccessors: .ArrayLevelCrossing2

===========================================================================================
----------------- testing Sat Oct 10 15:46:57 UTC 2020 /home/travis/build/icyphy/ptII/ptolemy/actor/lib/test/auto/ArrayPeakSearch.xml
----------------- Instantiating /home/travis/build/icyphy/ptII/ptolemy/actor/lib/test/auto/ArrayPeakSearch.xml
5 ms. Memory: 331776K Free: 264595K (80%)
----------------- Invoking toplevel() on ptolemy.moml.MoMLSimpleApplication@37b5f5d9
----------------- Done invoking toplevel() on ptolemy.moml.MoMLSimpleApplication@37b5f5d9
reloadAllAccessors: .ArrayPeakSearch

===========================================================================================
----------------- testing Sat Oct 10 15:46:57 UTC 2020 /home/travis/build/icyphy/ptII/ptolemy/actor/lib/test/auto/ArrayPeakSearch2.xml
----------------- Instantiating /home/travis/build/icyphy/ptII/ptolemy/actor/lib/test/auto/ArrayPeakSearch2.xml
6 ms. Memory: 331776K Free: 253845K (77%)
----------------- Invoking toplevel() on ptolemy.moml.MoMLSimpleApplication@232b5e50
----------------- Done invoking toplevel() on ptolemy.moml.MoMLSimpleApplication@232b5e50
reloadAllAccessors: .ArrayPeakSearch2

===========================================================================================
----------------- testing Sat Oct 10 15:46:57 UTC 2020 /home/travis/build/icyphy/ptII/ptolemy/actor/lib/test/auto/ArrayPeakSearch3.xml
----------------- Instantiating /home/travis/build/icyphy/ptII/ptolemy/actor/lib/test/auto/ArrayPeakSearch3.xml
6 ms. Memory: 331776K Free: 245139K (74%)
----------------- Invoking toplevel() on ptolemy.moml.MoMLSimpleApplication@44ae7c37
----------------- Done invoking toplevel() on ptolemy.moml.MoMLSimpleApplication@44ae7c37
reloadAllAccessors: .ArrayPeakSearch3

===========================================================================================
----------------- testing Sat Oct 10 15:46:57 UTC 2020 /home/travis/build/icyphy/ptII/ptolemy/actor/lib/test/auto/ArrayRemoveElement.xml
----------------- Instantiating /home/travis/build/icyphy/ptII/ptolemy/actor/lib/test/auto/ArrayRemoveElement.xml
5 ms. Memory: 331776K Free: 236947K (71%)
----------------- Invoking toplevel() on ptolemy.moml.MoMLSimpleApplication@3696b30c
----------------- Done invoking toplevel() on ptolemy.moml.MoMLSimpleApplication@3696b30c
reloadAllAccessors: .ArrayRemoveElement

===========================================================================================
----------------- testing Sat Oct 10 15:46:57 UTC 2020 /home/travis/build/icyphy/ptII/ptolemy/actor/lib/test/auto/ArraySort.xml
----------------- Instantiating /home/travis/build/icyphy/ptII/ptolemy/actor/lib/test/auto/ArraySort.xml
3 ms. Memory: 331776K Free: 228245K (69%)
----------------- Invoking toplevel() on ptolemy.moml.MoMLSimpleApplication@679a8a6d
----------------- Done invoking toplevel() on ptolemy.moml.MoMLSimpleApplication@679a8a6d
reloadAllAccessors: .ArraySort

===========================================================================================
----------------- testing Sat Oct 10 15:46:57 UTC 2020 /home/travis/build/icyphy/ptII/ptolemy/actor/lib/test/auto/ArraySum.xml
----------------- Instantiating /home/travis/build/icyphy/ptII/ptolemy/actor/lib/test/auto/ArraySum.xml
2 ms. Memory: 331776K Free: 222611K (67%)
----------------- Invoking toplevel() on ptolemy.moml.MoMLSimpleApplication@45604864
----------------- Done invoking toplevel() on ptolemy.moml.MoMLSimpleApplication@45604864
reloadAllAccessors: .ArraySum

===========================================================================================
----------------- testing Sat Oct 10 15:46:57 UTC 2020 /home/travis/build/icyphy/ptII/ptolemy/actor/lib/test/auto/ArrayToElements.xml
----------------- Instantiating /home/travis/build/icyphy/ptII/ptolemy/actor/lib/test/auto/ArrayToElements.xml
6 ms. Memory: 331776K Free: 217491K (66%)
----------------- Invoking toplevel() on ptolemy.moml.MoMLSimpleApplication@7630f8bd
----------------- Done invoking toplevel() on ptolemy.moml.MoMLSimpleApplication@7630f8bd
reloadAllAccessors: .ArrayToElements

===========================================================================================
----------------- testing Sat Oct 10 15:46:57 UTC 2020 /home/travis/build/icyphy/ptII/ptolemy/actor/lib/test/auto/ArrayToMatrix.xml
----------------- Instantiating /home/travis/build/icyphy/ptII/ptolemy/actor/lib/test/auto/ArrayToMatrix.xml
18 ms. Memory: 331776K Free: 203155K (61%)
----------------- Invoking toplevel() on ptolemy.moml.MoMLSimpleApplication@5483068a
----------------- Done invoking toplevel() on ptolemy.moml.MoMLSimpleApplication@5483068a
reloadAllAccessors: .ArrayToMatrix

===========================================================================================
----------------- testing Sat Oct 10 15:46:57 UTC 2020 /home/travis/build/icyphy/ptII/ptolemy/actor/lib/test/auto/ArrayUpdate1.xml
----------------- Instantiating /home/travis/build/icyphy/ptII/ptolemy/actor/lib/test/auto/ArrayUpdate1.xml
4 ms. Memory: 331776K Free: 198549K (60%)
----------------- Invoking toplevel() on ptolemy.moml.MoMLSimpleApplication@54ee7718
----------------- Done invoking toplevel() on ptolemy.moml.MoMLSimpleApplication@54ee7718
reloadAllAccessors: .ArrayUpdate1

===========================================================================================
----------------- testing Sat Oct 10 15:46:57 UTC 2020 /home/travis/build/icyphy/ptII/ptolemy/actor/lib/test/auto/ArrayUpdate2.xml
----------------- Instantiating /home/travis/build/icyphy/ptII/ptolemy/actor/lib/test/auto/ArrayUpdate2.xml
11 ms. Memory: 331776K Free: 191876K (58%)
----------------- Invoking toplevel() on ptolemy.moml.MoMLSimpleApplication@53918228
----------------- Done invoking toplevel() on ptolemy.moml.MoMLSimpleApplication@53918228
reloadAllAccessors: .ArrayUpdate2

===========================================================================================
----------------- testing Sat Oct 10 15:46:57 UTC 2020 /home/travis/build/icyphy/ptII/ptolemy/actor/lib/test/auto/ArrayUpdate3.xml
----------------- Instantiating /home/travis/build/icyphy/ptII/ptolemy/actor/lib/test/auto/ArrayUpdate3.xml
2 ms. Memory: 331776K Free: 187285K (56%)
----------------- Invoking toplevel() on ptolemy.moml.MoMLSimpleApplication@64712181
----------------- Done invoking toplevel() on ptolemy.moml.MoMLSimpleApplication@64712181
reloadAllAccessors: .ArrayUpdate3

===========================================================================================
----------------- testing Sat Oct 10 15:46:57 UTC 2020 /home/travis/build/icyphy/ptII/ptolemy/actor/lib/test/auto/Assert1.xml
----------------- Instantiating /home/travis/build/icyphy/ptII/ptolemy/actor/lib/test/auto/Assert1.xml
3 ms. Memory: 331776K Free: 182675K (55%)
----------------- Invoking toplevel() on ptolemy.moml.MoMLSimpleApplication@150e2b23
----------------- Done invoking toplevel() on ptolemy.moml.MoMLSimpleApplication@150e2b23
reloadAllAccessors: .Assert1

===========================================================================================
----------------- testing Sat Oct 10 15:46:57 UTC 2020 /home/travis/build/icyphy/ptII/ptolemy/actor/lib/test/auto/Assert2.xml
----------------- Instantiating /home/travis/build/icyphy/ptII/ptolemy/actor/lib/test/auto/Assert2.xml
2 ms. Memory: 331776K Free: 177555K (54%)
----------------- Invoking toplevel() on ptolemy.moml.MoMLSimpleApplication@3d285058
----------------- Done invoking toplevel() on ptolemy.moml.MoMLSimpleApplication@3d285058
reloadAllAccessors: .Assert2

===========================================================================================
----------------- testing Sat Oct 10 15:46:57 UTC 2020 /home/travis/build/icyphy/ptII/ptolemy/actor/lib/test/auto/BooleanMultiplexor.xml
----------------- Instantiating /home/travis/build/icyphy/ptII/ptolemy/actor/lib/test/auto/BooleanMultiplexor.xml
1 ms. Memory: 331776K Free: 171925K (52%)
----------------- Invoking toplevel() on ptolemy.moml.MoMLSimpleApplication@7d0ff9a3
----------------- Done invoking toplevel() on ptolemy.moml.MoMLSimpleApplication@7d0ff9a3
reloadAllAccessors: .BooleanMultiplexor

===========================================================================================
----------------- testing Sat Oct 10 15:46:57 UTC 2020 /home/travis/build/icyphy/ptII/ptolemy/actor/lib/test/auto/BooleanMultiplexor2.xml
----------------- Instantiating /home/travis/build/icyphy/ptII/ptolemy/actor/lib/test/auto/BooleanMultiplexor2.xml
3 ms. Memory: 331776K Free: 165781K (50%)
----------------- Invoking toplevel() on ptolemy.moml.MoMLSimpleApplication@460856c9
----------------- Done invoking toplevel() on ptolemy.moml.MoMLSimpleApplication@460856c9
reloadAllAccessors: .BooleanMultiplexor2

===========================================================================================
----------------- testing Sat Oct 10 15:46:57 UTC 2020 /home/travis/build/icyphy/ptII/ptolemy/actor/lib/test/auto/BooleanMultiplexor3.xml
----------------- Instantiating /home/travis/build/icyphy/ptII/ptolemy/actor/lib/test/auto/BooleanMultiplexor3.xml
2 ms. Memory: 331776K Free: 161685K (49%)
----------------- Invoking toplevel() on ptolemy.moml.MoMLSimpleApplication@c2330e2
----------------- Done invoking toplevel() on ptolemy.moml.MoMLSimpleApplication@c2330e2
reloadAllAccessors: .BooleanMultiplexor3

===========================================================================================
----------------- testing Sat Oct 10 15:46:57 UTC 2020 /home/travis/build/icyphy/ptII/ptolemy/actor/lib/test/auto/BooleanSelect.xml
----------------- Instantiating /home/travis/build/icyphy/ptII/ptolemy/actor/lib/test/auto/BooleanSelect.xml
3 ms. Memory: 331776K Free: 155541K (47%)
----------------- Invoking toplevel() on ptolemy.moml.MoMLSimpleApplication@65e2949a
----------------- Done invoking toplevel() on ptolemy.moml.MoMLSimpleApplication@65e2949a
reloadAllAccessors: .BooleanSelect

===========================================================================================
----------------- testing Sat Oct 10 15:46:57 UTC 2020 /home/travis/build/icyphy/ptII/ptolemy/actor/lib/test/auto/BooleanSelect2.xml
----------------- Instantiating /home/travis/build/icyphy/ptII/ptolemy/actor/lib/test/auto/BooleanSelect2.xml
1 ms. Memory: 331776K Free: 150931K (45%)
----------------- Invoking toplevel() on ptolemy.moml.MoMLSimpleApplication@69e749ec
----------------- Done invoking toplevel() on ptolemy.moml.MoMLSimpleApplication@69e749ec
reloadAllAccessors: .BooleanSelect2

===========================================================================================
----------------- testing Sat Oct 10 15:46:57 UTC 2020 /home/travis/build/icyphy/ptII/ptolemy/actor/lib/test/auto/BooleanSwitch.xml
----------------- Instantiating /home/travis/build/icyphy/ptII/ptolemy/actor/lib/test/auto/BooleanSwitch.xml
5 ms. Memory: 331776K Free: 145301K (44%)
----------------- Invoking toplevel() on ptolemy.moml.MoMLSimpleApplication@375ef4c2
----------------- Done invoking toplevel() on ptolemy.moml.MoMLSimpleApplication@375ef4c2
reloadAllAccessors: .BooleanSwitch

===========================================================================================
----------------- testing Sat Oct 10 15:46:57 UTC 2020 /home/travis/build/icyphy/ptII/ptolemy/actor/lib/test/auto/BooleanSwitch2.xml
----------------- Instantiating /home/travis/build/icyphy/ptII/ptolemy/actor/lib/test/auto/BooleanSwitch2.xml
1 ms. Memory: 331776K Free: 140691K (42%)
----------------- Invoking toplevel() on ptolemy.moml.MoMLSimpleApplication@1e51184a
----------------- Done invoking toplevel() on ptolemy.moml.MoMLSimpleApplication@1e51184a
reloadAllAccessors: .BooleanSwitch2

===========================================================================================
----------------- testing Sat Oct 10 15:46:57 UTC 2020 /home/travis/build/icyphy/ptII/ptolemy/actor/lib/test/auto/BooleanSwitchCloningBugWithClassRelationGroup.xml
----------------- Instantiating /home/travis/build/icyphy/ptII/ptolemy/actor/lib/test/auto/BooleanSwitchCloningBugWithClassRelationGroup.xml
4 ms. Memory: 331776K Free: 134547K (41%)
----------------- Invoking toplevel() on ptolemy.moml.MoMLSimpleApplication@6b4eba74
----------------- Done invoking toplevel() on ptolemy.moml.MoMLSimpleApplication@6b4eba74
reloadAllAccessors: .BooleanSwitchCloningBugWithClassRelationGroup

===========================================================================================
----------------- testing Sat Oct 10 15:46:57 UTC 2020 /home/travis/build/icyphy/ptII/ptolemy/actor/lib/test/auto/BusActors.xml
----------------- Instantiating /home/travis/build/icyphy/ptII/ptolemy/actor/lib/test/auto/BusActors.xml
5 ms. Memory: 331776K Free: 126355K (38%)
----------------- Invoking toplevel() on ptolemy.moml.MoMLSimpleApplication@7ba14f93
----------------- Done invoking toplevel() on ptolemy.moml.MoMLSimpleApplication@7ba14f93
reloadAllAccessors: .BusActors

===========================================================================================
----------------- testing Sat Oct 10 15:46:58 UTC 2020 /home/travis/build/icyphy/ptII/ptolemy/actor/lib/test/auto/ClassWrapper.xml
----------------- Instantiating /home/travis/build/icyphy/ptII/ptolemy/actor/lib/test/auto/ClassWrapper.xml
3 ms. Memory: 331776K Free: 122259K (37%)
----------------- Invoking toplevel() on ptolemy.moml.MoMLSimpleApplication@357d4866
----------------- Done invoking toplevel() on ptolemy.moml.MoMLSimpleApplication@357d4866
reloadAllAccessors: .ClassWrapper

===========================================================================================
----------------- testing Sat Oct 10 15:46:58 UTC 2020 /home/travis/build/icyphy/ptII/ptolemy/actor/lib/test/auto/Clock.xml
----------------- Instantiating /home/travis/build/icyphy/ptII/ptolemy/actor/lib/test/auto/Clock.xml
1 ms. Memory: 331776K Free: 118163K (36%)
----------------- Invoking toplevel() on ptolemy.moml.MoMLSimpleApplication@2a11b29f
----------------- Done invoking toplevel() on ptolemy.moml.MoMLSimpleApplication@2a11b29f
reloadAllAccessors: .Clock

===========================================================================================
----------------- testing Sat Oct 10 15:46:58 UTC 2020 /home/travis/build/icyphy/ptII/ptolemy/actor/lib/test/auto/Clock10.xml
----------------- Instantiating /home/travis/build/icyphy/ptII/ptolemy/actor/lib/test/auto/Clock10.xml
3 ms. Memory: 331776K Free: 112019K (34%)
----------------- Invoking toplevel() on ptolemy.moml.MoMLSimpleApplication@5832151e
----------------- Done invoking toplevel() on ptolemy.moml.MoMLSimpleApplication@5832151e
reloadAllAccessors: .Clock10

===========================================================================================
----------------- testing Sat Oct 10 15:46:58 UTC 2020 /home/travis/build/icyphy/ptII/ptolemy/actor/lib/test/auto/Clock11.xml
----------------- Instantiating /home/travis/build/icyphy/ptII/ptolemy/actor/lib/test/auto/Clock11.xml
4 ms. Memory: 331776K Free: 106389K (32%)
----------------- Invoking toplevel() on ptolemy.moml.MoMLSimpleApplication@182d1f1
----------------- Done invoking toplevel() on ptolemy.moml.MoMLSimpleApplication@182d1f1
reloadAllAccessors: .Clock11

===========================================================================================
----------------- testing Sat Oct 10 15:46:58 UTC 2020 /home/travis/build/icyphy/ptII/ptolemy/actor/lib/test/auto/Clock12.xml
----------------- Instantiating /home/travis/build/icyphy/ptII/ptolemy/actor/lib/test/auto/Clock12.xml
6 ms. Memory: 331776K Free: 100245K (30%)
----------------- Invoking toplevel() on ptolemy.moml.MoMLSimpleApplication@2aa93d6a
----------------- Done invoking toplevel() on ptolemy.moml.MoMLSimpleApplication@2aa93d6a
reloadAllAccessors: .Clock12

===========================================================================================
----------------- testing Sat Oct 10 15:46:58 UTC 2020 /home/travis/build/icyphy/ptII/ptolemy/actor/lib/test/auto/Clock13.xml
----------------- Instantiating /home/travis/build/icyphy/ptII/ptolemy/actor/lib/test/auto/Clock13.xml
5 ms. Memory: 331776K Free: 94580K (29%)
----------------- Invoking toplevel() on ptolemy.moml.MoMLSimpleApplication@1856a45f
----------------- Done invoking toplevel() on ptolemy.moml.MoMLSimpleApplication@1856a45f
reloadAllAccessors: .Clock13

===========================================================================================
----------------- testing Sat Oct 10 15:46:58 UTC 2020 /home/travis/build/icyphy/ptII/ptolemy/actor/lib/test/auto/Clock14.xml
----------------- Instantiating /home/travis/build/icyphy/ptII/ptolemy/actor/lib/test/auto/Clock14.xml
2 ms. Memory: 331776K Free: 88452K (27%)
----------------- Invoking toplevel() on ptolemy.moml.MoMLSimpleApplication@3e2adac1
----------------- Done invoking toplevel() on ptolemy.moml.MoMLSimpleApplication@3e2adac1
reloadAllAccessors: .Clock14

===========================================================================================
----------------- testing Sat Oct 10 15:46:58 UTC 2020 /home/travis/build/icyphy/ptII/ptolemy/actor/lib/test/auto/Clock15.xml
----------------- Instantiating /home/travis/build/icyphy/ptII/ptolemy/actor/lib/test/auto/Clock15.xml
4 ms. Memory: 331776K Free: 280587K (85%)
----------------- Invoking toplevel() on ptolemy.moml.MoMLSimpleApplication@2f1e7f62
----------------- Done invoking toplevel() on ptolemy.moml.MoMLSimpleApplication@2f1e7f62
reloadAllAccessors: .Clock15

===========================================================================================
----------------- testing Sat Oct 10 15:46:58 UTC 2020 /home/travis/build/icyphy/ptII/ptolemy/actor/lib/test/auto/Clock16.xml
----------------- Instantiating /home/travis/build/icyphy/ptII/ptolemy/actor/lib/test/auto/Clock16.xml
34 ms. Memory: 331776K Free: 266235K (80%)
----------------- Invoking toplevel() on ptolemy.moml.MoMLSimpleApplication@58bd65dd
----------------- Done invoking toplevel() on ptolemy.moml.MoMLSimpleApplication@58bd65dd
reloadAllAccessors: .Clock16

===========================================================================================
----------------- testing Sat Oct 10 15:46:58 UTC 2020 /home/travis/build/icyphy/ptII/ptolemy/actor/lib/test/auto/Clock17.xml
----------------- Instantiating /home/travis/build/icyphy/ptII/ptolemy/actor/lib/test/auto/Clock17.xml
21 ms. Memory: 331776K Free: 251915K (76%)
----------------- Invoking toplevel() on ptolemy.moml.MoMLSimpleApplication@5402f05b
----------------- Done invoking toplevel() on ptolemy.moml.MoMLSimpleApplication@5402f05b
reloadAllAccessors: .Clock17

===========================================================================================
----------------- testing Sat Oct 10 15:46:58 UTC 2020 /home/travis/build/icyphy/ptII/ptolemy/actor/lib/test/auto/Clock18.xml
----------------- Instantiating /home/travis/build/icyphy/ptII/ptolemy/actor/lib/test/auto/Clock18.xml
20 ms. Memory: 331776K Free: 239083K (72%)
----------------- Invoking toplevel() on ptolemy.moml.MoMLSimpleApplication@444eda9e
----------------- Done invoking toplevel() on ptolemy.moml.MoMLSimpleApplication@444eda9e
reloadAllAccessors: .Clock18

===========================================================================================
----------------- testing Sat Oct 10 15:46:58 UTC 2020 /home/travis/build/icyphy/ptII/ptolemy/actor/lib/test/auto/Clock19.xml
----------------- Instantiating /home/travis/build/icyphy/ptII/ptolemy/actor/lib/test/auto/Clock19.xml
12 ms. Memory: 331776K Free: 225801K (68%)
----------------- Invoking toplevel() on ptolemy.moml.MoMLSimpleApplication@359861ed
----------------- Done invoking toplevel() on ptolemy.moml.MoMLSimpleApplication@359861ed
reloadAllAccessors: .Clock19

===========================================================================================
----------------- testing Sat Oct 10 15:46:58 UTC 2020 /home/travis/build/icyphy/ptII/ptolemy/actor/lib/test/auto/Clock2.xml
----------------- Instantiating /home/travis/build/icyphy/ptII/ptolemy/actor/lib/test/auto/Clock2.xml
6 ms. Memory: 331776K Free: 221699K (67%)
----------------- Invoking toplevel() on ptolemy.moml.MoMLSimpleApplication@359a3065
----------------- Done invoking toplevel() on ptolemy.moml.MoMLSimpleApplication@359a3065
reloadAllAccessors: .Clock2

===========================================================================================
----------------- testing Sat Oct 10 15:46:58 UTC 2020 /home/travis/build/icyphy/ptII/ptolemy/actor/lib/test/auto/Clock20.xml
----------------- Instantiating /home/travis/build/icyphy/ptII/ptolemy/actor/lib/test/auto/Clock20.xml
8 ms. Memory: 331776K Free: 216075K (65%)
----------------- Invoking toplevel() on ptolemy.moml.MoMLSimpleApplication@4517c262
----------------- Done invoking toplevel() on ptolemy.moml.MoMLSimpleApplication@4517c262
reloadAllAccessors: .Clock20

===========================================================================================
----------------- testing Sat Oct 10 15:46:58 UTC 2020 /home/travis/build/icyphy/ptII/ptolemy/actor/lib/test/auto/Clock21.xml
----------------- Instantiating /home/travis/build/icyphy/ptII/ptolemy/actor/lib/test/auto/Clock21.xml
8 ms. Memory: 331776K Free: 210441K (63%)
----------------- Invoking toplevel() on ptolemy.moml.MoMLSimpleApplication@3a3e0ce7
----------------- Done invoking toplevel() on ptolemy.moml.MoMLSimpleApplication@3a3e0ce7
reloadAllAccessors: .Clock21

===========================================================================================
----------------- testing Sat Oct 10 15:46:58 UTC 2020 /home/travis/build/icyphy/ptII/ptolemy/actor/lib/test/auto/Clock22.xml
----------------- Instantiating /home/travis/build/icyphy/ptII/ptolemy/actor/lib/test/auto/Clock22.xml
5 ms. Memory: 331776K Free: 205321K (62%)
----------------- Invoking toplevel() on ptolemy.moml.MoMLSimpleApplication@3fb9e06d
----------------- Done invoking toplevel() on ptolemy.moml.MoMLSimpleApplication@3fb9e06d
reloadAllAccessors: .Clock22

===========================================================================================
----------------- testing Sat Oct 10 15:46:58 UTC 2020 /home/travis/build/icyphy/ptII/ptolemy/actor/lib/test/auto/Clock23.xml
----------------- Instantiating /home/travis/build/icyphy/ptII/ptolemy/actor/lib/test/auto/Clock23.xml
5 ms. Memory: 331776K Free: 199691K (60%)
----------------- Invoking toplevel() on ptolemy.moml.MoMLSimpleApplication@6c088f11
----------------- Done invoking toplevel() on ptolemy.moml.MoMLSimpleApplication@6c088f11
reloadAllAccessors: .Clock23

===========================================================================================
----------------- testing Sat Oct 10 15:46:58 UTC 2020 /home/travis/build/icyphy/ptII/ptolemy/actor/lib/test/auto/Clock24.xml
----------------- Instantiating /home/travis/build/icyphy/ptII/ptolemy/actor/lib/test/auto/Clock24.xml
4 ms. Memory: 331776K Free: 194571K (59%)
----------------- Invoking toplevel() on ptolemy.moml.MoMLSimpleApplication@479d14bd
----------------- Done invoking toplevel() on ptolemy.moml.MoMLSimpleApplication@479d14bd
reloadAllAccessors: .Clock24

===========================================================================================
----------------- testing Sat Oct 10 15:46:58 UTC 2020 /home/travis/build/icyphy/ptII/ptolemy/actor/lib/test/auto/Clock4.xml
----------------- Instantiating /home/travis/build/icyphy/ptII/ptolemy/actor/lib/test/auto/Clock4.xml
1 ms. Memory: 331776K Free: 189451K (57%)
----------------- Invoking toplevel() on ptolemy.moml.MoMLSimpleApplication@6744c6f4
----------------- Done invoking toplevel() on ptolemy.moml.MoMLSimpleApplication@6744c6f4
reloadAllAccessors: .Clock4

===========================================================================================
----------------- testing Sat Oct 10 15:46:58 UTC 2020 /home/travis/build/icyphy/ptII/ptolemy/actor/lib/test/auto/Clock5.xml
----------------- Instantiating /home/travis/build/icyphy/ptII/ptolemy/actor/lib/test/auto/Clock5.xml
1 ms. Memory: 331776K Free: 184331K (56%)
----------------- Invoking toplevel() on ptolemy.moml.MoMLSimpleApplication@56b84fd1
----------------- Done invoking toplevel() on ptolemy.moml.MoMLSimpleApplication@56b84fd1
reloadAllAccessors: .Clock5

===========================================================================================
----------------- testing Sat Oct 10 15:46:58 UTC 2020 /home/travis/build/icyphy/ptII/ptolemy/actor/lib/test/auto/Clock6.xml
----------------- Instantiating /home/travis/build/icyphy/ptII/ptolemy/actor/lib/test/auto/Clock6.xml
1 ms. Memory: 331776K Free: 180235K (54%)
----------------- Invoking toplevel() on ptolemy.moml.MoMLSimpleApplication@3f5cd2a4
----------------- Done invoking toplevel() on ptolemy.moml.MoMLSimpleApplication@3f5cd2a4
reloadAllAccessors: .Clock6

===========================================================================================
----------------- testing Sat Oct 10 15:46:58 UTC 2020 /home/travis/build/icyphy/ptII/ptolemy/actor/lib/test/auto/Clock7.xml
----------------- Instantiating /home/travis/build/icyphy/ptII/ptolemy/actor/lib/test/auto/Clock7.xml
1 ms. Memory: 331776K Free: 175625K (53%)
----------------- Invoking toplevel() on ptolemy.moml.MoMLSimpleApplication@849962e
----------------- Done invoking toplevel() on ptolemy.moml.MoMLSimpleApplication@849962e
reloadAllAccessors: .Clock7

===========================================================================================
----------------- testing Sat Oct 10 15:46:58 UTC 2020 /home/travis/build/icyphy/ptII/ptolemy/actor/lib/test/auto/Clock8.xml
----------------- Instantiating /home/travis/build/icyphy/ptII/ptolemy/actor/lib/test/auto/Clock8.xml
5 ms. Memory: 331776K Free: 170475K (51%)
----------------- Invoking toplevel() on ptolemy.moml.MoMLSimpleApplication@3b9a8aa0
----------------- Done invoking toplevel() on ptolemy.moml.MoMLSimpleApplication@3b9a8aa0
reloadAllAccessors: .Clock8

===========================================================================================
----------------- testing Sat Oct 10 15:46:58 UTC 2020 /home/travis/build/icyphy/ptII/ptolemy/actor/lib/test/auto/Clock9.xml
----------------- Instantiating /home/travis/build/icyphy/ptII/ptolemy/actor/lib/test/auto/Clock9.xml
3 ms. Memory: 331776K Free: 164875K (50%)
----------------- Invoking toplevel() on ptolemy.moml.MoMLSimpleApplication@60d4b26f
----------------- Done invoking toplevel() on ptolemy.moml.MoMLSimpleApplication@60d4b26f
reloadAllAccessors: .Clock9

===========================================================================================
----------------- testing Sat Oct 10 15:46:58 UTC 2020 /home/travis/build/icyphy/ptII/ptolemy/actor/lib/test/auto/CommDistDiscard.xml
----------------- Instantiating /home/travis/build/icyphy/ptII/ptolemy/actor/lib/test/auto/CommDistDiscard.xml
2 ms. Memory: 331776K Free: 159755K (48%)
----------------- Invoking toplevel() on ptolemy.moml.MoMLSimpleApplication@70b94ab7
----------------- Done invoking toplevel() on ptolemy.moml.MoMLSimpleApplication@70b94ab7
reloadAllAccessors: .CommDistDiscard

===========================================================================================
----------------- testing Sat Oct 10 15:46:58 UTC 2020 /home/travis/build/icyphy/ptII/ptolemy/actor/lib/test/auto/Commutator.xml
----------------- Instantiating /home/travis/build/icyphy/ptII/ptolemy/actor/lib/test/auto/Commutator.xml
2 ms. Memory: 331776K Free: 155145K (47%)
----------------- Invoking toplevel() on ptolemy.moml.MoMLSimpleApplication@1a5af7fc
----------------- Done invoking toplevel() on ptolemy.moml.MoMLSimpleApplication@1a5af7fc
reloadAllAccessors: .Commutator

===========================================================================================
----------------- testing Sat Oct 10 15:46:58 UTC 2020 /home/travis/build/icyphy/ptII/ptolemy/actor/lib/test/auto/Commutator2.xml
----------------- Instantiating /home/travis/build/icyphy/ptII/ptolemy/actor/lib/test/auto/Commutator2.xml
1 ms. Memory: 331776K Free: 150539K (45%)
----------------- Invoking toplevel() on ptolemy.moml.MoMLSimpleApplication@7430f900
----------------- Done invoking toplevel() on ptolemy.moml.MoMLSimpleApplication@7430f900
reloadAllAccessors: .Commutator2

===========================================================================================
----------------- testing Sat Oct 10 15:46:58 UTC 2020 /home/travis/build/icyphy/ptII/ptolemy/actor/lib/test/auto/Commutator3.xml
----------------- Instantiating /home/travis/build/icyphy/ptII/ptolemy/actor/lib/test/auto/Commutator3.xml
1 ms. Memory: 331776K Free: 146443K (44%)
----------------- Invoking toplevel() on ptolemy.moml.MoMLSimpleApplication@4cc6d1c9
----------------- Done invoking toplevel() on ptolemy.moml.MoMLSimpleApplication@4cc6d1c9
reloadAllAccessors: .Commutator3

===========================================================================================
----------------- testing Sat Oct 10 15:46:58 UTC 2020 /home/travis/build/icyphy/ptII/ptolemy/actor/lib/test/auto/Compare.xml
----------------- Instantiating /home/travis/build/icyphy/ptII/ptolemy/actor/lib/test/auto/Compare.xml
1 ms. Memory: 331776K Free: 139785K (42%)
----------------- Invoking toplevel() on ptolemy.moml.MoMLSimpleApplication@762295a4
----------------- Done invoking toplevel() on ptolemy.moml.MoMLSimpleApplication@762295a4
reloadAllAccessors: .Compare

===========================================================================================
----------------- testing Sat Oct 10 15:46:58 UTC 2020 /home/travis/build/icyphy/ptII/ptolemy/actor/lib/test/auto/CompareDE.xml
----------------- Instantiating /home/travis/build/icyphy/ptII/ptolemy/actor/lib/test/auto/CompareDE.xml
3 ms. Memory: 331776K Free: 133131K (40%)
----------------- Invoking toplevel() on ptolemy.moml.MoMLSimpleApplication@2a56cec7
----------------- Done invoking toplevel() on ptolemy.moml.MoMLSimpleApplication@2a56cec7
reloadAllAccessors: .CompareDE

===========================================================================================
----------------- testing Sat Oct 10 15:46:58 UTC 2020 /home/travis/build/icyphy/ptII/ptolemy/actor/lib/test/auto/ComplexDivide.xml
----------------- Instantiating /home/travis/build/icyphy/ptII/ptolemy/actor/lib/test/auto/ComplexDivide.xml
1 ms. Memory: 331776K Free: 129035K (39%)
----------------- Invoking toplevel() on ptolemy.moml.MoMLSimpleApplication@31979720
----------------- Done invoking toplevel() on ptolemy.moml.MoMLSimpleApplication@31979720
reloadAllAccessors: .ComplexDivide

===========================================================================================
----------------- testing Sat Oct 10 15:46:58 UTC 2020 /home/travis/build/icyphy/ptII/ptolemy/actor/lib/test/auto/ComputeHistogram.xml
----------------- Instantiating /home/travis/build/icyphy/ptII/ptolemy/actor/lib/test/auto/ComputeHistogram.xml
28 ms. Memory: 331776K Free: 116233K (35%)
----------------- Invoking toplevel() on ptolemy.moml.MoMLSimpleApplication@20d57e4f
----------------- Done invoking toplevel() on ptolemy.moml.MoMLSimpleApplication@20d57e4f
reloadAllAccessors: .ComputeHistogram

===========================================================================================
----------------- testing Sat Oct 10 15:46:58 UTC 2020 /home/travis/build/icyphy/ptII/ptolemy/actor/lib/test/auto/ConfigurationSelect.xml
----------------- Instantiating /home/travis/build/icyphy/ptII/ptolemy/actor/lib/test/auto/ConfigurationSelect.xml
7 ms. Memory: 331776K Free: 111083K (33%)
----------------- Invoking toplevel() on ptolemy.moml.MoMLSimpleApplication@11b5824
----------------- Done invoking toplevel() on ptolemy.moml.MoMLSimpleApplication@11b5824
reloadAllAccessors: .ConfigurationSelect

===========================================================================================
----------------- testing Sat Oct 10 15:46:58 UTC 2020 /home/travis/build/icyphy/ptII/ptolemy/actor/lib/test/auto/ConfigurationSelect2.xml
----------------- Instantiating /home/travis/build/icyphy/ptII/ptolemy/actor/lib/test/auto/ConfigurationSelect2.xml
2 ms. Memory: 331776K Free: 106507K (32%)
----------------- Invoking toplevel() on ptolemy.moml.MoMLSimpleApplication@7371c7f5
----------------- Done invoking toplevel() on ptolemy.moml.MoMLSimpleApplication@7371c7f5
reloadAllAccessors: .ConfigurationSelect2

===========================================================================================
----------------- testing Sat Oct 10 15:46:58 UTC 2020 /home/travis/build/icyphy/ptII/ptolemy/actor/lib/test/auto/ConfigurationSwitch.xml
----------------- Instantiating /home/travis/build/icyphy/ptII/ptolemy/actor/lib/test/auto/ConfigurationSwitch.xml
2 ms. Memory: 331776K Free: 100873K (30%)
----------------- Invoking toplevel() on ptolemy.moml.MoMLSimpleApplication@700dcb43
----------------- Done invoking toplevel() on ptolemy.moml.MoMLSimpleApplication@700dcb43
reloadAllAccessors: .ConfigurationSwitch

===========================================================================================
----------------- testing Sat Oct 10 15:46:58 UTC 2020 /home/travis/build/icyphy/ptII/ptolemy/actor/lib/test/auto/ConfigurationSwitch2.xml
----------------- Instantiating /home/travis/build/icyphy/ptII/ptolemy/actor/lib/test/auto/ConfigurationSwitch2.xml
3 ms. Memory: 331776K Free: 95753K (29%)
----------------- Invoking toplevel() on ptolemy.moml.MoMLSimpleApplication@1556fa26
----------------- Done invoking toplevel() on ptolemy.moml.MoMLSimpleApplication@1556fa26
reloadAllAccessors: .ConfigurationSwitch2

===========================================================================================
----------------- testing Sat Oct 10 15:46:58 UTC 2020 /home/travis/build/icyphy/ptII/ptolemy/actor/lib/test/auto/ConfigurationSwitchCloningBugWithClassRelationGroup.xml
----------------- Instantiating /home/travis/build/icyphy/ptII/ptolemy/actor/lib/test/auto/ConfigurationSwitchCloningBugWithClassRelationGroup.xml
1 ms. Memory: 331776K Free: 89099K (27%)
----------------- Invoking toplevel() on ptolemy.moml.MoMLSimpleApplication@3d9dc20
----------------- Done invoking toplevel() on ptolemy.moml.MoMLSimpleApplication@3d9dc20
reloadAllAccessors: .ConfigurationSwitchCloningBugWithClassRelationGroup

===========================================================================================
----------------- testing Sat Oct 10 15:46:58 UTC 2020 /home/travis/build/icyphy/ptII/ptolemy/actor/lib/test/auto/ConfigurationSwitchSelectSDF.xml
----------------- Instantiating /home/travis/build/icyphy/ptII/ptolemy/actor/lib/test/auto/ConfigurationSwitchSelectSDF.xml
2 ms. Memory: 331776K Free: 280796K (85%)
----------------- Invoking toplevel() on ptolemy.moml.MoMLSimpleApplication@3f144673
----------------- Done invoking toplevel() on ptolemy.moml.MoMLSimpleApplication@3f144673
reloadAllAccessors: .ConfigurationSwitchSelectSDF

===========================================================================================
----------------- testing Sat Oct 10 15:46:58 UTC 2020 /home/travis/build/icyphy/ptII/ptolemy/actor/lib/test/auto/ConfigurationSwitchSelectSDF2.xml
----------------- Instantiating /home/travis/build/icyphy/ptII/ptolemy/actor/lib/test/auto/ConfigurationSwitchSelectSDF2.xml
2 ms. Memory: 331776K Free: 274666K (83%)
----------------- Invoking toplevel() on ptolemy.moml.MoMLSimpleApplication@4aaab901
----------------- Done invoking toplevel() on ptolemy.moml.MoMLSimpleApplication@4aaab901
reloadAllAccessors: .ConfigurationSwitchSelectSDF2

===========================================================================================
----------------- testing Sat Oct 10 15:46:58 UTC 2020 /home/travis/build/icyphy/ptII/ptolemy/actor/lib/test/auto/Const.xml
----------------- Instantiating /home/travis/build/icyphy/ptII/ptolemy/actor/lib/test/auto/Const.xml
1 ms. Memory: 331776K Free: 271084K (82%)
----------------- Invoking toplevel() on ptolemy.moml.MoMLSimpleApplication@6e890296
----------------- Done invoking toplevel() on ptolemy.moml.MoMLSimpleApplication@6e890296
reloadAllAccessors: .Const

===========================================================================================
----------------- testing Sat Oct 10 15:46:58 UTC 2020 /home/travis/build/icyphy/ptII/ptolemy/actor/lib/test/auto/Const2.xml
----------------- Instantiating /home/travis/build/icyphy/ptII/ptolemy/actor/lib/test/auto/Const2.xml
0 ms. Memory: 331776K Free: 267498K (81%)
----------------- Invoking toplevel() on ptolemy.moml.MoMLSimpleApplication@2c1aba07
----------------- Done invoking toplevel() on ptolemy.moml.MoMLSimpleApplication@2c1aba07
reloadAllAccessors: .Const2

===========================================================================================
----------------- testing Sat Oct 10 15:46:58 UTC 2020 /home/travis/build/icyphy/ptII/ptolemy/actor/lib/test/auto/Const3.xml
----------------- Instantiating /home/travis/build/icyphy/ptII/ptolemy/actor/lib/test/auto/Const3.xml
0 ms. Memory: 331776K Free: 264426K (80%)
----------------- Invoking toplevel() on ptolemy.moml.MoMLSimpleApplication@67a900c5
----------------- Done invoking toplevel() on ptolemy.moml.MoMLSimpleApplication@67a900c5
reloadAllAccessors: .Const3

===========================================================================================
----------------- testing Sat Oct 10 15:46:58 UTC 2020 /home/travis/build/icyphy/ptII/ptolemy/actor/lib/test/auto/ConstantPublisherPort1.xml
----------------- Instantiating /home/travis/build/icyphy/ptII/ptolemy/actor/lib/test/auto/ConstantPublisherPort1.xml
5 ms. Memory: 331776K Free: 255210K (77%)
----------------- Invoking toplevel() on ptolemy.moml.MoMLSimpleApplication@2b72a911
----------------- Done invoking toplevel() on ptolemy.moml.MoMLSimpleApplication@2b72a911
reloadAllAccessors: .ConstantPublisherPort1

===========================================================================================
----------------- testing Sat Oct 10 15:46:58 UTC 2020 /home/travis/build/icyphy/ptII/ptolemy/actor/lib/test/auto/ConstantPublisherPort2.xml
----------------- Instantiating /home/travis/build/icyphy/ptII/ptolemy/actor/lib/test/auto/ConstantPublisherPort2.xml
8 ms. Memory: 331776K Free: 248042K (75%)
----------------- Invoking toplevel() on ptolemy.moml.MoMLSimpleApplication@136ca470
----------------- Done invoking toplevel() on ptolemy.moml.MoMLSimpleApplication@136ca470
reloadAllAccessors: .ConstantPublisherPort2

===========================================================================================
----------------- testing Sat Oct 10 15:46:58 UTC 2020 /home/travis/build/icyphy/ptII/ptolemy/actor/lib/test/auto/ConstantPublisherPort3.xml
----------------- Instantiating /home/travis/build/icyphy/ptII/ptolemy/actor/lib/test/auto/ConstantPublisherPort3.xml
4 ms. Memory: 331776K Free: 240364K (72%)
----------------- Invoking toplevel() on ptolemy.moml.MoMLSimpleApplication@155ddca9
----------------- Done invoking toplevel() on ptolemy.moml.MoMLSimpleApplication@155ddca9
reloadAllAccessors: .ConstantPublisherPort3

===========================================================================================
----------------- testing Sat Oct 10 15:46:58 UTC 2020 /home/travis/build/icyphy/ptII/ptolemy/actor/lib/test/auto/ConstantPublisherPort4.xml
----------------- Instantiating /home/travis/build/icyphy/ptII/ptolemy/actor/lib/test/auto/ConstantPublisherPort4.xml
4 ms. Memory: 331776K Free: 233706K (70%)
----------------- Invoking toplevel() on ptolemy.moml.MoMLSimpleApplication@93c67bd
----------------- Done invoking toplevel() on ptolemy.moml.MoMLSimpleApplication@93c67bd
reloadAllAccessors: .ConstantPublisherPort4

===========================================================================================
----------------- testing Sat Oct 10 15:46:59 UTC 2020 /home/travis/build/icyphy/ptII/ptolemy/actor/lib/test/auto/ConstantPublisherPort5.xml
----------------- Instantiating /home/travis/build/icyphy/ptII/ptolemy/actor/lib/test/auto/ConstantPublisherPort5.xml
25 ms. Memory: 331776K Free: 223980K (68%)
----------------- Invoking toplevel() on ptolemy.moml.MoMLSimpleApplication@32efb45b
----------------- Done invoking toplevel() on ptolemy.moml.MoMLSimpleApplication@32efb45b
reloadAllAccessors: .ConstantPublisherPort5

===========================================================================================
----------------- testing Sat Oct 10 15:46:59 UTC 2020 /home/travis/build/icyphy/ptII/ptolemy/actor/lib/test/auto/ConstantPublisherPort6.xml
----------------- Instantiating /home/travis/build/icyphy/ptII/ptolemy/actor/lib/test/auto/ConstantPublisherPort6.xml
14 ms. Memory: 331776K Free: 214764K (65%)
----------------- Invoking toplevel() on ptolemy.moml.MoMLSimpleApplication@70984881
----------------- Done invoking toplevel() on ptolemy.moml.MoMLSimpleApplication@70984881
reloadAllAccessors: .ConstantPublisherPort6

===========================================================================================
----------------- testing Sat Oct 10 15:46:59 UTC 2020 /home/travis/build/icyphy/ptII/ptolemy/actor/lib/test/auto/ConstantPublisherPort7.xml
----------------- Instantiating /home/travis/build/icyphy/ptII/ptolemy/actor/lib/test/auto/ConstantPublisherPort7.xml
13 ms. Memory: 331776K Free: 206058K (62%)
----------------- Invoking toplevel() on ptolemy.moml.MoMLSimpleApplication@4fbd02d
----------------- Done invoking toplevel() on ptolemy.moml.MoMLSimpleApplication@4fbd02d
reloadAllAccessors: .ConstantPublisherPort7

===========================================================================================
----------------- testing Sat Oct 10 15:46:59 UTC 2020 /home/travis/build/icyphy/ptII/ptolemy/actor/lib/test/auto/ConstraintMonitor1.xml
----------------- Instantiating /home/travis/build/icyphy/ptII/ptolemy/actor/lib/test/auto/ConstraintMonitor1.xml
6 ms. Memory: 331776K Free: 200938K (61%)
----------------- Invoking toplevel() on ptolemy.moml.MoMLSimpleApplication@276539c3
----------------- Done invoking toplevel() on ptolemy.moml.MoMLSimpleApplication@276539c3
reloadAllAccessors: .ConstraintMonitor1

===========================================================================================
----------------- testing Sat Oct 10 15:46:59 UTC 2020 /home/travis/build/icyphy/ptII/ptolemy/actor/lib/test/auto/ConstraintMonitor2.xml
----------------- Instantiating /home/travis/build/icyphy/ptII/ptolemy/actor/lib/test/auto/ConstraintMonitor2.xml
2 ms. Memory: 331776K Free: 196332K (59%)
----------------- Invoking toplevel() on ptolemy.moml.MoMLSimpleApplication@78ca9e16
----------------- Done invoking toplevel() on ptolemy.moml.MoMLSimpleApplication@78ca9e16
reloadAllAccessors: .ConstraintMonitor2

===========================================================================================
----------------- testing Sat Oct 10 15:46:59 UTC 2020 /home/travis/build/icyphy/ptII/ptolemy/actor/lib/test/auto/ConstraintMonitor3.xml
----------------- Instantiating /home/travis/build/icyphy/ptII/ptolemy/actor/lib/test/auto/ConstraintMonitor3.xml
5 ms. Memory: 331776K Free: 192236K (58%)
----------------- Invoking toplevel() on ptolemy.moml.MoMLSimpleApplication@78db5296
----------------- Done invoking toplevel() on ptolemy.moml.MoMLSimpleApplication@78db5296
reloadAllAccessors: .ConstraintMonitor3

===========================================================================================
----------------- testing Sat Oct 10 15:46:59 UTC 2020 /home/travis/build/icyphy/ptII/ptolemy/actor/lib/test/auto/ConstraintMonitor4.xml
----------------- Instantiating /home/travis/build/icyphy/ptII/ptolemy/actor/lib/test/auto/ConstraintMonitor4.xml
11 ms. Memory: 331776K Free: 187116K (56%)
----------------- Invoking toplevel() on ptolemy.moml.MoMLSimpleApplication@293a4c53
----------------- Done invoking toplevel() on ptolemy.moml.MoMLSimpleApplication@293a4c53
reloadAllAccessors: .ConstraintMonitor4

===========================================================================================
----------------- testing Sat Oct 10 15:46:59 UTC 2020 /home/travis/build/icyphy/ptII/ptolemy/actor/lib/test/auto/ConstraintMonitor5.xml
----------------- Instantiating /home/travis/build/icyphy/ptII/ptolemy/actor/lib/test/auto/ConstraintMonitor5.xml
1 ms. Memory: 331776K Free: 181996K (55%)
----------------- Invoking toplevel() on ptolemy.moml.MoMLSimpleApplication@5b3f11e6
----------------- Done invoking toplevel() on ptolemy.moml.MoMLSimpleApplication@5b3f11e6
reloadAllAccessors: .ConstraintMonitor5

===========================================================================================
----------------- testing Sat Oct 10 15:46:59 UTC 2020 /home/travis/build/icyphy/ptII/ptolemy/actor/lib/test/auto/ConstraintMonitor6.xml
----------------- Instantiating /home/travis/build/icyphy/ptII/ptolemy/actor/lib/test/auto/ConstraintMonitor6.xml
2 ms. Memory: 331776K Free: 175332K (53%)
----------------- Invoking toplevel() on ptolemy.moml.MoMLSimpleApplication@20f1d9d2
----------------- Done invoking toplevel() on ptolemy.moml.MoMLSimpleApplication@20f1d9d2
reloadAllAccessors: .ConstraintMonitor6

===========================================================================================
----------------- testing Sat Oct 10 15:46:59 UTC 2020 /home/travis/build/icyphy/ptII/ptolemy/actor/lib/test/auto/ConstraintMonitor7.xml
----------------- Instantiating /home/travis/build/icyphy/ptII/ptolemy/actor/lib/test/auto/ConstraintMonitor7.xml
2 ms. Memory: 331776K Free: 168684K (51%)
----------------- Invoking toplevel() on ptolemy.moml.MoMLSimpleApplication@562775f4
----------------- Done invoking toplevel() on ptolemy.moml.MoMLSimpleApplication@562775f4
reloadAllAccessors: .ConstraintMonitor7

===========================================================================================
----------------- testing Sat Oct 10 15:46:59 UTC 2020 /home/travis/build/icyphy/ptII/ptolemy/actor/lib/test/auto/ConstraintMonitor8.xml
----------------- Instantiating /home/travis/build/icyphy/ptII/ptolemy/actor/lib/test/auto/ConstraintMonitor8.xml
4 ms. Memory: 331776K Free: 161516K (49%)
----------------- Invoking toplevel() on ptolemy.moml.MoMLSimpleApplication@149059e2
----------------- Done invoking toplevel() on ptolemy.moml.MoMLSimpleApplication@149059e2
reloadAllAccessors: .ConstraintMonitor8

===========================================================================================
----------------- testing Sat Oct 10 15:46:59 UTC 2020 /home/travis/build/icyphy/ptII/ptolemy/actor/lib/test/auto/Counter.xml
----------------- Instantiating /home/travis/build/icyphy/ptII/ptolemy/actor/lib/test/auto/Counter.xml
2 ms. Memory: 331776K Free: 156396K (47%)
----------------- Invoking toplevel() on ptolemy.moml.MoMLSimpleApplication@7f91f9b6
----------------- Done invoking toplevel() on ptolemy.moml.MoMLSimpleApplication@7f91f9b6
reloadAllAccessors: .Counter

===========================================================================================
----------------- testing Sat Oct 10 15:46:59 UTC 2020 /home/travis/build/icyphy/ptII/ptolemy/actor/lib/test/auto/CurrentTimeSDF.xml
----------------- Instantiating /home/travis/build/icyphy/ptII/ptolemy/actor/lib/test/auto/CurrentTimeSDF.xml
2 ms. Memory: 331776K Free: 152300K (46%)
----------------- Invoking toplevel() on ptolemy.moml.MoMLSimpleApplication@760ab75d
----------------- Done invoking toplevel() on ptolemy.moml.MoMLSimpleApplication@760ab75d
reloadAllAccessors: .CurrentTimeSDF

===========================================================================================
----------------- testing Sat Oct 10 15:46:59 UTC 2020 /home/travis/build/icyphy/ptII/ptolemy/actor/lib/test/auto/DB.xml
----------------- Instantiating /home/travis/build/icyphy/ptII/ptolemy/actor/lib/test/auto/DB.xml
2 ms. Memory: 331776K Free: 147690K (45%)
----------------- Invoking toplevel() on ptolemy.moml.MoMLSimpleApplication@2fbdee69
----------------- Done invoking toplevel() on ptolemy.moml.MoMLSimpleApplication@2fbdee69
reloadAllAccessors: .DB

===========================================================================================
----------------- testing Sat Oct 10 15:46:59 UTC 2020 /home/travis/build/icyphy/ptII/ptolemy/actor/lib/test/auto/DBDE.xml
----------------- Instantiating /home/travis/build/icyphy/ptII/ptolemy/actor/lib/test/auto/DBDE.xml
2 ms. Memory: 331776K Free: 141532K (43%)
----------------- Invoking toplevel() on ptolemy.moml.MoMLSimpleApplication@21ddb05
----------------- Done invoking toplevel() on ptolemy.moml.MoMLSimpleApplication@21ddb05
reloadAllAccessors: .DBDE

===========================================================================================
----------------- testing Sat Oct 10 15:46:59 UTC 2020 /home/travis/build/icyphy/ptII/ptolemy/actor/lib/test/auto/DateConstructor.xml
----------------- Instantiating /home/travis/build/icyphy/ptII/ptolemy/actor/lib/test/auto/DateConstructor.xml
23 ms. Memory: 331776K Free: 124138K (37%)
----------------- Invoking toplevel() on ptolemy.moml.MoMLSimpleApplication@2a540863
----------------- Done invoking toplevel() on ptolemy.moml.MoMLSimpleApplication@2a540863
reloadAllAccessors: .DateConstructor

===========================================================================================
----------------- testing Sat Oct 10 15:46:59 UTC 2020 /home/travis/build/icyphy/ptII/ptolemy/actor/lib/test/auto/DelayTime.xml
----------------- Instantiating /home/travis/build/icyphy/ptII/ptolemy/actor/lib/test/auto/DelayTime.xml
5 ms. Memory: 331776K Free: 119532K (36%)
----------------- Invoking toplevel() on ptolemy.moml.MoMLSimpleApplication@48cf87c6
----------------- Done invoking toplevel() on ptolemy.moml.MoMLSimpleApplication@48cf87c6
reloadAllAccessors: .DelayTime

===========================================================================================
----------------- testing Sat Oct 10 15:46:59 UTC 2020 /home/travis/build/icyphy/ptII/ptolemy/actor/lib/test/auto/Dictionary1.xml
----------------- Instantiating /home/travis/build/icyphy/ptII/ptolemy/actor/lib/test/auto/Dictionary1.xml
1 ms. Memory: 331776K Free: 113898K (34%)
----------------- Invoking toplevel() on ptolemy.moml.MoMLSimpleApplication@23f5a5c5
----------------- Done invoking toplevel() on ptolemy.moml.MoMLSimpleApplication@23f5a5c5
reloadAllAccessors: .Dictionary1

===========================================================================================
----------------- testing Sat Oct 10 15:46:59 UTC 2020 /home/travis/build/icyphy/ptII/ptolemy/actor/lib/test/auto/Dictionary2.xml
----------------- Instantiating /home/travis/build/icyphy/ptII/ptolemy/actor/lib/test/auto/Dictionary2.xml
3 ms. Memory: 331776K Free: 108268K (33%)
----------------- Invoking toplevel() on ptolemy.moml.MoMLSimpleApplication@3a2af73a
----------------- Done invoking toplevel() on ptolemy.moml.MoMLSimpleApplication@3a2af73a
reloadAllAccessors: .Dictionary2

===========================================================================================
----------------- testing Sat Oct 10 15:46:59 UTC 2020 /home/travis/build/icyphy/ptII/ptolemy/actor/lib/test/auto/Dictionary3.xml
----------------- Instantiating /home/travis/build/icyphy/ptII/ptolemy/actor/lib/test/auto/Dictionary3.xml
1 ms. Memory: 331776K Free: 103148K (31%)
----------------- Invoking toplevel() on ptolemy.moml.MoMLSimpleApplication@7405ee37
----------------- Done invoking toplevel() on ptolemy.moml.MoMLSimpleApplication@7405ee37
reloadAllAccessors: .Dictionary3

===========================================================================================
----------------- testing Sat Oct 10 15:46:59 UTC 2020 /home/travis/build/icyphy/ptII/ptolemy/actor/lib/test/auto/Dictionary4.xml
----------------- Instantiating /home/travis/build/icyphy/ptII/ptolemy/actor/lib/test/auto/Dictionary4.xml
9 ms. Memory: 331776K Free: 95980K (29%)
----------------- Invoking toplevel() on ptolemy.moml.MoMLSimpleApplication@59cfdb9a
----------------- Done invoking toplevel() on ptolemy.moml.MoMLSimpleApplication@59cfdb9a
reloadAllAccessors: .Dictionary4

===========================================================================================
----------------- testing Sat Oct 10 15:46:59 UTC 2020 /home/travis/build/icyphy/ptII/ptolemy/actor/lib/test/auto/Differential.xml
----------------- Instantiating /home/travis/build/icyphy/ptII/ptolemy/actor/lib/test/auto/Differential.xml
2 ms. Memory: 331776K Free: 91370K (28%)
----------------- Invoking toplevel() on ptolemy.moml.MoMLSimpleApplication@4136f2fc
----------------- Done invoking toplevel() on ptolemy.moml.MoMLSimpleApplication@4136f2fc
reloadAllAccessors: .Differential

===========================================================================================
----------------- testing Sat Oct 10 15:46:59 UTC 2020 /home/travis/build/icyphy/ptII/ptolemy/actor/lib/test/auto/Director.xml
----------------- Instantiating /home/travis/build/icyphy/ptII/ptolemy/actor/lib/test/auto/Director.xml
3 ms. Memory: 331776K Free: 88298K (27%)
----------------- Invoking toplevel() on ptolemy.moml.MoMLSimpleApplication@72535682
----------------- Done invoking toplevel() on ptolemy.moml.MoMLSimpleApplication@72535682
reloadAllAccessors: .Director

===========================================================================================
----------------- testing Sat Oct 10 15:46:59 UTC 2020 /home/travis/build/icyphy/ptII/ptolemy/actor/lib/test/auto/DiscreteClock.xml
----------------- Instantiating /home/travis/build/icyphy/ptII/ptolemy/actor/lib/test/auto/DiscreteClock.xml
1 ms. Memory: 331776K Free: 280351K (85%)
----------------- Invoking toplevel() on ptolemy.moml.MoMLSimpleApplication@4fd39069
----------------- Done invoking toplevel() on ptolemy.moml.MoMLSimpleApplication@4fd39069
reloadAllAccessors: .DiscreteClock

===========================================================================================
----------------- testing Sat Oct 10 15:46:59 UTC 2020 /home/travis/build/icyphy/ptII/ptolemy/actor/lib/test/auto/DiscreteClock10.xml
----------------- Instantiating /home/travis/build/icyphy/ptII/ptolemy/actor/lib/test/auto/DiscreteClock10.xml
2 ms. Memory: 331776K Free: 274207K (83%)
----------------- Invoking toplevel() on ptolemy.moml.MoMLSimpleApplication@69a7b7b0
----------------- Done invoking toplevel() on ptolemy.moml.MoMLSimpleApplication@69a7b7b0
reloadAllAccessors: .DiscreteClock10

===========================================================================================
----------------- testing Sat Oct 10 15:46:59 UTC 2020 /home/travis/build/icyphy/ptII/ptolemy/actor/lib/test/auto/DiscreteClock11.xml
----------------- Instantiating /home/travis/build/icyphy/ptII/ptolemy/actor/lib/test/auto/DiscreteClock11.xml
2 ms. Memory: 331776K Free: 268063K (81%)
----------------- Invoking toplevel() on ptolemy.moml.MoMLSimpleApplication@9077a28
----------------- Done invoking toplevel() on ptolemy.moml.MoMLSimpleApplication@9077a28
reloadAllAccessors: .DiscreteClock11

===========================================================================================
----------------- testing Sat Oct 10 15:46:59 UTC 2020 /home/travis/build/icyphy/ptII/ptolemy/actor/lib/test/auto/DiscreteClock12.xml
----------------- Instantiating /home/travis/build/icyphy/ptII/ptolemy/actor/lib/test/auto/DiscreteClock12.xml
2 ms. Memory: 331776K Free: 261919K (79%)
----------------- Invoking toplevel() on ptolemy.moml.MoMLSimpleApplication@6dd2d639
----------------- Done invoking toplevel() on ptolemy.moml.MoMLSimpleApplication@6dd2d639
reloadAllAccessors: .DiscreteClock12

===========================================================================================
----------------- testing Sat Oct 10 15:46:59 UTC 2020 /home/travis/build/icyphy/ptII/ptolemy/actor/lib/test/auto/DiscreteClock13.xml
----------------- Instantiating /home/travis/build/icyphy/ptII/ptolemy/actor/lib/test/auto/DiscreteClock13.xml
4 ms. Memory: 331776K Free: 256289K (77%)
----------------- Invoking toplevel() on ptolemy.moml.MoMLSimpleApplication@85c3209
----------------- Done invoking toplevel() on ptolemy.moml.MoMLSimpleApplication@85c3209
reloadAllAccessors: .DiscreteClock13

===========================================================================================
----------------- testing Sat Oct 10 15:46:59 UTC 2020 /home/travis/build/icyphy/ptII/ptolemy/actor/lib/test/auto/DiscreteClock14.xml
----------------- Instantiating /home/travis/build/icyphy/ptII/ptolemy/actor/lib/test/auto/DiscreteClock14.xml
5 ms. Memory: 331776K Free: 250145K (75%)
----------------- Invoking toplevel() on ptolemy.moml.MoMLSimpleApplication@726359e2
----------------- Done invoking toplevel() on ptolemy.moml.MoMLSimpleApplication@726359e2
reloadAllAccessors: .DiscreteClock14

===========================================================================================
----------------- testing Sat Oct 10 15:46:59 UTC 2020 /home/travis/build/icyphy/ptII/ptolemy/actor/lib/test/auto/DiscreteClock15.xml
----------------- Instantiating /home/travis/build/icyphy/ptII/ptolemy/actor/lib/test/auto/DiscreteClock15.xml
4 ms. Memory: 331776K Free: 244001K (74%)
----------------- Invoking toplevel() on ptolemy.moml.MoMLSimpleApplication@5661d50
----------------- Done invoking toplevel() on ptolemy.moml.MoMLSimpleApplication@5661d50
reloadAllAccessors: .DiscreteClock15

===========================================================================================
----------------- testing Sat Oct 10 15:46:59 UTC 2020 /home/travis/build/icyphy/ptII/ptolemy/actor/lib/test/auto/DiscreteClock16.xml
----------------- Instantiating /home/travis/build/icyphy/ptII/ptolemy/actor/lib/test/auto/DiscreteClock16.xml
14 ms. Memory: 331776K Free: 230161K (69%)
----------------- Invoking toplevel() on ptolemy.moml.MoMLSimpleApplication@33297b1
----------------- Done invoking toplevel() on ptolemy.moml.MoMLSimpleApplication@33297b1
reloadAllAccessors: .DiscreteClock16

===========================================================================================
----------------- testing Sat Oct 10 15:46:59 UTC 2020 /home/travis/build/icyphy/ptII/ptolemy/actor/lib/test/auto/DiscreteClock17.xml
----------------- Instantiating /home/travis/build/icyphy/ptII/ptolemy/actor/lib/test/auto/DiscreteClock17.xml
14 ms. Memory: 331776K Free: 216849K (65%)
----------------- Invoking toplevel() on ptolemy.moml.MoMLSimpleApplication@549a631d
----------------- Done invoking toplevel() on ptolemy.moml.MoMLSimpleApplication@549a631d
reloadAllAccessors: .DiscreteClock17

===========================================================================================
----------------- testing Sat Oct 10 15:46:59 UTC 2020 /home/travis/build/icyphy/ptII/ptolemy/actor/lib/test/auto/DiscreteClock18.xml
----------------- Instantiating /home/travis/build/icyphy/ptII/ptolemy/actor/lib/test/auto/DiscreteClock18.xml
15 ms. Memory: 331776K Free: 203551K (61%)
----------------- Invoking toplevel() on ptolemy.moml.MoMLSimpleApplication@1436ab75
----------------- Done invoking toplevel() on ptolemy.moml.MoMLSimpleApplication@1436ab75
reloadAllAccessors: .DiscreteClock18

===========================================================================================
----------------- testing Sat Oct 10 15:46:59 UTC 2020 /home/travis/build/icyphy/ptII/ptolemy/actor/lib/test/auto/DiscreteClock19.xml
----------------- Instantiating /home/travis/build/icyphy/ptII/ptolemy/actor/lib/test/auto/DiscreteClock19.xml
11 ms. Memory: 331776K Free: 190225K (57%)
----------------- Invoking toplevel() on ptolemy.moml.MoMLSimpleApplication@21bfc075
----------------- Done invoking toplevel() on ptolemy.moml.MoMLSimpleApplication@21bfc075
reloadAllAccessors: .DiscreteClock19

===========================================================================================
----------------- testing Sat Oct 10 15:46:59 UTC 2020 /home/travis/build/icyphy/ptII/ptolemy/actor/lib/test/auto/DiscreteClock2.xml
----------------- Instantiating /home/travis/build/icyphy/ptII/ptolemy/actor/lib/test/auto/DiscreteClock2.xml
4 ms. Memory: 331776K Free: 184609K (56%)
----------------- Invoking toplevel() on ptolemy.moml.MoMLSimpleApplication@4e0d4c93
----------------- Done invoking toplevel() on ptolemy.moml.MoMLSimpleApplication@4e0d4c93
reloadAllAccessors: .DiscreteClock2

===========================================================================================
----------------- testing Sat Oct 10 15:46:59 UTC 2020 /home/travis/build/icyphy/ptII/ptolemy/actor/lib/test/auto/DiscreteClock20.xml
----------------- Instantiating /home/travis/build/icyphy/ptII/ptolemy/actor/lib/test/auto/DiscreteClock20.xml
4 ms. Memory: 331776K Free: 179489K (54%)
----------------- Invoking toplevel() on ptolemy.moml.MoMLSimpleApplication@39b2cba
----------------- Done invoking toplevel() on ptolemy.moml.MoMLSimpleApplication@39b2cba
reloadAllAccessors: .DiscreteClock20

===========================================================================================
----------------- testing Sat Oct 10 15:46:59 UTC 2020 /home/travis/build/icyphy/ptII/ptolemy/actor/lib/test/auto/DiscreteClock21.xml
----------------- Instantiating /home/travis/build/icyphy/ptII/ptolemy/actor/lib/test/auto/DiscreteClock21.xml
4 ms. Memory: 331776K Free: 173855K (52%)
----------------- Invoking toplevel() on ptolemy.moml.MoMLSimpleApplication@791aad64
----------------- Done invoking toplevel() on ptolemy.moml.MoMLSimpleApplication@791aad64
reloadAllAccessors: .DiscreteClock21

===========================================================================================
----------------- testing Sat Oct 10 15:46:59 UTC 2020 /home/travis/build/icyphy/ptII/ptolemy/actor/lib/test/auto/DiscreteClock22.xml
----------------- Instantiating /home/travis/build/icyphy/ptII/ptolemy/actor/lib/test/auto/DiscreteClock22.xml
5 ms. Memory: 331776K Free: 168225K (51%)
----------------- Invoking toplevel() on ptolemy.moml.MoMLSimpleApplication@46b213b
----------------- Done invoking toplevel() on ptolemy.moml.MoMLSimpleApplication@46b213b
reloadAllAccessors: .DiscreteClock22

===========================================================================================
----------------- testing Sat Oct 10 15:46:59 UTC 2020 /home/travis/build/icyphy/ptII/ptolemy/actor/lib/test/auto/DiscreteClock23.xml
----------------- Instantiating /home/travis/build/icyphy/ptII/ptolemy/actor/lib/test/auto/DiscreteClock23.xml
4 ms. Memory: 331776K Free: 162591K (49%)
----------------- Invoking toplevel() on ptolemy.moml.MoMLSimpleApplication@4358c06d
----------------- Done invoking toplevel() on ptolemy.moml.MoMLSimpleApplication@4358c06d
reloadAllAccessors: .DiscreteClock23

===========================================================================================
----------------- testing Sat Oct 10 15:46:59 UTC 2020 /home/travis/build/icyphy/ptII/ptolemy/actor/lib/test/auto/DiscreteClock24.xml
----------------- Instantiating /home/travis/build/icyphy/ptII/ptolemy/actor/lib/test/auto/DiscreteClock24.xml
4 ms. Memory: 331776K Free: 157471K (47%)
----------------- Invoking toplevel() on ptolemy.moml.MoMLSimpleApplication@10266526
----------------- Done invoking toplevel() on ptolemy.moml.MoMLSimpleApplication@10266526
reloadAllAccessors: .DiscreteClock24

===========================================================================================
----------------- testing Sat Oct 10 15:46:59 UTC 2020 /home/travis/build/icyphy/ptII/ptolemy/actor/lib/test/auto/DiscreteClock4.xml
----------------- Instantiating /home/travis/build/icyphy/ptII/ptolemy/actor/lib/test/auto/DiscreteClock4.xml
1 ms. Memory: 331776K Free: 151841K (46%)
----------------- Invoking toplevel() on ptolemy.moml.MoMLSimpleApplication@784b495e
----------------- Done invoking toplevel() on ptolemy.moml.MoMLSimpleApplication@784b495e
reloadAllAccessors: .DiscreteClock4

===========================================================================================
----------------- testing Sat Oct 10 15:46:59 UTC 2020 /home/travis/build/icyphy/ptII/ptolemy/actor/lib/test/auto/DiscreteClock5.xml
----------------- Instantiating /home/travis/build/icyphy/ptII/ptolemy/actor/lib/test/auto/DiscreteClock5.xml
1 ms. Memory: 331776K Free: 146193K (44%)
----------------- Invoking toplevel() on ptolemy.moml.MoMLSimpleApplication@2fc58442
----------------- Done invoking toplevel() on ptolemy.moml.MoMLSimpleApplication@2fc58442
reloadAllAccessors: .DiscreteClock5

===========================================================================================
----------------- testing Sat Oct 10 15:46:59 UTC 2020 /home/travis/build/icyphy/ptII/ptolemy/actor/lib/test/auto/DiscreteClock6.xml
----------------- Instantiating /home/travis/build/icyphy/ptII/ptolemy/actor/lib/test/auto/DiscreteClock6.xml
1 ms. Memory: 331776K Free: 142111K (43%)
----------------- Invoking toplevel() on ptolemy.moml.MoMLSimpleApplication@c149ae5
----------------- Done invoking toplevel() on ptolemy.moml.MoMLSimpleApplication@c149ae5
reloadAllAccessors: .DiscreteClock6

===========================================================================================
----------------- testing Sat Oct 10 15:46:59 UTC 2020 /home/travis/build/icyphy/ptII/ptolemy/actor/lib/test/auto/DiscreteClock7.xml
----------------- Instantiating /home/travis/build/icyphy/ptII/ptolemy/actor/lib/test/auto/DiscreteClock7.xml
2 ms. Memory: 331776K Free: 136991K (41%)
----------------- Invoking toplevel() on ptolemy.moml.MoMLSimpleApplication@49c1991f
----------------- Done invoking toplevel() on ptolemy.moml.MoMLSimpleApplication@49c1991f
reloadAllAccessors: .DiscreteClock7

===========================================================================================
----------------- testing Sat Oct 10 15:46:59 UTC 2020 /home/travis/build/icyphy/ptII/ptolemy/actor/lib/test/auto/DiscreteClock8.xml
----------------- Instantiating /home/travis/build/icyphy/ptII/ptolemy/actor/lib/test/auto/DiscreteClock8.xml
4 ms. Memory: 331776K Free: 131857K (40%)
----------------- Invoking toplevel() on ptolemy.moml.MoMLSimpleApplication@de465fb
----------------- Done invoking toplevel() on ptolemy.moml.MoMLSimpleApplication@de465fb
reloadAllAccessors: .DiscreteClock8

===========================================================================================
----------------- testing Sat Oct 10 15:46:59 UTC 2020 /home/travis/build/icyphy/ptII/ptolemy/actor/lib/test/auto/DiscreteClock9.xml
----------------- Instantiating /home/travis/build/icyphy/ptII/ptolemy/actor/lib/test/auto/DiscreteClock9.xml
4 ms. Memory: 331776K Free: 126241K (38%)
----------------- Invoking toplevel() on ptolemy.moml.MoMLSimpleApplication@4c5cf886
----------------- Done invoking toplevel() on ptolemy.moml.MoMLSimpleApplication@4c5cf886
reloadAllAccessors: .DiscreteClock9

===========================================================================================
----------------- testing Sat Oct 10 15:46:59 UTC 2020 /home/travis/build/icyphy/ptII/ptolemy/actor/lib/test/auto/DisplayArray.xml
----------------- Instantiating /home/travis/build/icyphy/ptII/ptolemy/actor/lib/test/auto/DisplayArray.xml
2 ms. Memory: 331776K Free: 122655K (37%)
----------------- Invoking toplevel() on ptolemy.moml.MoMLSimpleApplication@3d2c3c7f
----------------- Done invoking toplevel() on ptolemy.moml.MoMLSimpleApplication@3d2c3c7f
reloadAllAccessors: .DisplayArray

===========================================================================================
----------------- testing Sat Oct 10 15:46:59 UTC 2020 /home/travis/build/icyphy/ptII/ptolemy/actor/lib/test/auto/Distributor.xml
----------------- Instantiating /home/travis/build/icyphy/ptII/ptolemy/actor/lib/test/auto/Distributor.xml
1 ms. Memory: 331776K Free: 117535K (35%)
----------------- Invoking toplevel() on ptolemy.moml.MoMLSimpleApplication@4d3ef1fe
----------------- Done invoking toplevel() on ptolemy.moml.MoMLSimpleApplication@4d3ef1fe
reloadAllAccessors: .Distributor

===========================================================================================
----------------- testing Sat Oct 10 15:46:59 UTC 2020 /home/travis/build/icyphy/ptII/ptolemy/actor/lib/test/auto/Distributor2.xml
----------------- Instantiating /home/travis/build/icyphy/ptII/ptolemy/actor/lib/test/auto/Distributor2.xml
1 ms. Memory: 331776K Free: 112415K (34%)
----------------- Invoking toplevel() on ptolemy.moml.MoMLSimpleApplication@258eeab5
----------------- Done invoking toplevel() on ptolemy.moml.MoMLSimpleApplication@258eeab5
reloadAllAccessors: .Distributor2

===========================================================================================
----------------- testing Sat Oct 10 15:46:59 UTC 2020 /home/travis/build/icyphy/ptII/ptolemy/actor/lib/test/auto/DownSample.xml
----------------- Instantiating /home/travis/build/icyphy/ptII/ptolemy/actor/lib/test/auto/DownSample.xml
1 ms. Memory: 331776K Free: 108319K (33%)
----------------- Invoking toplevel() on ptolemy.moml.MoMLSimpleApplication@442ef5fa
----------------- Done invoking toplevel() on ptolemy.moml.MoMLSimpleApplication@442ef5fa
reloadAllAccessors: .DownSample

===========================================================================================
----------------- testing Sat Oct 10 15:46:59 UTC 2020 /home/travis/build/icyphy/ptII/ptolemy/actor/lib/test/auto/ElectronicUnitBase1.xml
----------------- Instantiating /home/travis/build/icyphy/ptII/ptolemy/actor/lib/test/auto/ElectronicUnitBase1.xml
13 ms. Memory: 331776K Free: 92449K (28%)
----------------- Invoking toplevel() on ptolemy.moml.MoMLSimpleApplication@68cea248
----------------- Done invoking toplevel() on ptolemy.moml.MoMLSimpleApplication@68cea248
reloadAllAccessors: .ElectronicUnitBase1

===========================================================================================
----------------- testing Sat Oct 10 15:47:00 UTC 2020 /home/travis/build/icyphy/ptII/ptolemy/actor/lib/test/auto/ElementsToArray.xml
----------------- Instantiating /home/travis/build/icyphy/ptII/ptolemy/actor/lib/test/auto/ElementsToArray.xml
2 ms. Memory: 331776K Free: 87329K (26%)
----------------- Invoking toplevel() on ptolemy.moml.MoMLSimpleApplication@1aed8b2a
----------------- Done invoking toplevel() on ptolemy.moml.MoMLSimpleApplication@1aed8b2a
reloadAllAccessors: .ElementsToArray

===========================================================================================
----------------- testing Sat Oct 10 15:47:00 UTC 2020 /home/travis/build/icyphy/ptII/ptolemy/actor/lib/test/auto/Equals.xml
----------------- Instantiating /home/travis/build/icyphy/ptII/ptolemy/actor/lib/test/auto/Equals.xml
1 ms. Memory: 331776K Free: 279495K (84%)
----------------- Invoking toplevel() on ptolemy.moml.MoMLSimpleApplication@afedc5d
----------------- Done invoking toplevel() on ptolemy.moml.MoMLSimpleApplication@afedc5d
reloadAllAccessors: .Equals

===========================================================================================
----------------- testing Sat Oct 10 15:47:00 UTC 2020 /home/travis/build/icyphy/ptII/ptolemy/actor/lib/test/auto/Exec.xml
----------------- Instantiating /home/travis/build/icyphy/ptII/ptolemy/actor/lib/test/auto/Exec.xml
23 ms. Memory: 331776K Free: 273865K (83%)
----------------- Invoking toplevel() on ptolemy.moml.MoMLSimpleApplication@2c64da61
----------------- Done invoking toplevel() on ptolemy.moml.MoMLSimpleApplication@2c64da61
reloadAllAccessors: .Exec

===========================================================================================
----------------- testing Sat Oct 10 15:47:00 UTC 2020 /home/travis/build/icyphy/ptII/ptolemy/actor/lib/test/auto/ExecEnvironment.xml
----------------- Instantiating /home/travis/build/icyphy/ptII/ptolemy/actor/lib/test/auto/ExecEnvironment.xml
28 ms. Memory: 331776K Free: 267721K (81%)
----------------- Invoking toplevel() on ptolemy.moml.MoMLSimpleApplication@697495cf
----------------- Done invoking toplevel() on ptolemy.moml.MoMLSimpleApplication@697495cf
reloadAllAccessors: .ExecEnvironment

===========================================================================================
----------------- testing Sat Oct 10 15:47:00 UTC 2020 /home/travis/build/icyphy/ptII/ptolemy/actor/lib/test/auto/ExecNonZeroReturnOutput.xml
----------------- Instantiating /home/travis/build/icyphy/ptII/ptolemy/actor/lib/test/auto/ExecNonZeroReturnOutput.xml
160 ms. Memory: 331776K Free: 256457K (77%)
----------------- Invoking toplevel() on ptolemy.moml.MoMLSimpleApplication@296479d5
----------------- Done invoking toplevel() on ptolemy.moml.MoMLSimpleApplication@296479d5
reloadAllAccessors: .ExecNonZeroReturnOutput

===========================================================================================
----------------- testing Sat Oct 10 15:47:00 UTC 2020 /home/travis/build/icyphy/ptII/ptolemy/actor/lib/test/auto/ExecRunDemos.xml
----------------- Instantiating /home/travis/build/icyphy/ptII/ptolemy/actor/lib/test/auto/ExecRunDemos.xml
Finished: 68 ms. Memory: 129024K Free: 112439K (87%)

Finished: 46 ms. Memory: 129024K Free: 109466K (85%)

Finished: 75 ms. Memory: 129024K Free: 109735K (85%)

Finished: 61 ms. Memory: 129024K Free: 111055K (86%)

Finished: 75 ms. Memory: 129024K Free: 111909K (87%)

9884 ms. Memory: 331776K Free: 235463K (71%)
----------------- Invoking toplevel() on ptolemy.moml.MoMLSimpleApplication@75a991c8
----------------- Done invoking toplevel() on ptolemy.moml.MoMLSimpleApplication@75a991c8
reloadAllAccessors: .ExecRunDemos

===========================================================================================
----------------- testing Sat Oct 10 15:47:10 UTC 2020 /home/travis/build/icyphy/ptII/ptolemy/actor/lib/test/auto/ExecStop.xml
----------------- Instantiating /home/travis/build/icyphy/ptII/ptolemy/actor/lib/test/auto/ExecStop.xml
5019 ms. Memory: 331776K Free: 116679K (35%)
----------------- Invoking toplevel() on ptolemy.moml.MoMLSimpleApplication@1b60962
----------------- Done invoking toplevel() on ptolemy.moml.MoMLSimpleApplication@1b60962
reloadAllAccessors: .ExecStop

===========================================================================================
----------------- testing Sat Oct 10 15:47:15 UTC 2020 /home/travis/build/icyphy/ptII/ptolemy/actor/lib/test/auto/ExecutionTimeSDF.xml
----------------- Instantiating /home/travis/build/icyphy/ptII/ptolemy/actor/lib/test/auto/ExecutionTimeSDF.xml
Fired ExecutionTime: -276967296
Fired ExecutionTime: 1342800000
Fired ExecutionTime: -344967296
6011 ms. Memory: 331776K Free: 103881K (31%)

===========================================================================================
----------------- testing Sat Oct 10 15:47:21 UTC 2020 /home/travis/build/icyphy/ptII/ptolemy/actor/lib/test/auto/Expression1.xml
----------------- Instantiating /home/travis/build/icyphy/ptII/ptolemy/actor/lib/test/auto/Expression1.xml
2 ms. Memory: 331776K Free: 99785K (30%)
----------------- Invoking toplevel() on ptolemy.moml.MoMLSimpleApplication@519989a4
----------------- Done invoking toplevel() on ptolemy.moml.MoMLSimpleApplication@519989a4
reloadAllAccessors: .Expression1

===========================================================================================
----------------- testing Sat Oct 10 15:47:21 UTC 2020 /home/travis/build/icyphy/ptII/ptolemy/actor/lib/test/auto/Expression10.xml
----------------- Instantiating /home/travis/build/icyphy/ptII/ptolemy/actor/lib/test/auto/Expression10.xml
10 ms. Memory: 331776K Free: 94151K (28%)
----------------- Invoking toplevel() on ptolemy.moml.MoMLSimpleApplication@6539b37c
----------------- Done invoking toplevel() on ptolemy.moml.MoMLSimpleApplication@6539b37c
reloadAllAccessors: .Expression10

===========================================================================================
----------------- testing Sat Oct 10 15:47:21 UTC 2020 /home/travis/build/icyphy/ptII/ptolemy/actor/lib/test/auto/Expression11.xml
----------------- Instantiating /home/travis/build/icyphy/ptII/ptolemy/actor/lib/test/auto/Expression11.xml
1 ms. Memory: 331776K Free: 90055K (27%)
----------------- Invoking toplevel() on ptolemy.moml.MoMLSimpleApplication@191938b2
----------------- Done invoking toplevel() on ptolemy.moml.MoMLSimpleApplication@191938b2
reloadAllAccessors: .Expression11

===========================================================================================
----------------- testing Sat Oct 10 15:47:21 UTC 2020 /home/travis/build/icyphy/ptII/ptolemy/actor/lib/test/auto/Expression12.xml
----------------- Instantiating /home/travis/build/icyphy/ptII/ptolemy/actor/lib/test/auto/Expression12.xml
3 ms. Memory: 331776K Free: 280326K (84%)
----------------- Invoking toplevel() on ptolemy.moml.MoMLSimpleApplication@152a4328
----------------- Done invoking toplevel() on ptolemy.moml.MoMLSimpleApplication@152a4328
reloadAllAccessors: .Expression12

===========================================================================================
----------------- testing Sat Oct 10 15:47:21 UTC 2020 /home/travis/build/icyphy/ptII/ptolemy/actor/lib/test/auto/Expression13.xml
----------------- Instantiating /home/travis/build/icyphy/ptII/ptolemy/actor/lib/test/auto/Expression13.xml
2 ms. Memory: 331776K Free: 275206K (83%)
----------------- Invoking toplevel() on ptolemy.moml.MoMLSimpleApplication@7de5245f
----------------- Done invoking toplevel() on ptolemy.moml.MoMLSimpleApplication@7de5245f
reloadAllAccessors: .Expression13

===========================================================================================
----------------- testing Sat Oct 10 15:47:21 UTC 2020 /home/travis/build/icyphy/ptII/ptolemy/actor/lib/test/auto/Expression14.xml
----------------- Instantiating /home/travis/build/icyphy/ptII/ptolemy/actor/lib/test/auto/Expression14.xml
7 ms. Memory: 331776K Free: 269062K (81%)
----------------- Invoking toplevel() on ptolemy.moml.MoMLSimpleApplication@42d3380d
----------------- Done invoking toplevel() on ptolemy.moml.MoMLSimpleApplication@42d3380d
reloadAllAccessors: .Expression14

===========================================================================================
----------------- testing Sat Oct 10 15:47:21 UTC 2020 /home/travis/build/icyphy/ptII/ptolemy/actor/lib/test/auto/Expression15.xml
----------------- Instantiating /home/travis/build/icyphy/ptII/ptolemy/actor/lib/test/auto/Expression15.xml
1 ms. Memory: 331776K Free: 265462K (80%)
----------------- Invoking toplevel() on ptolemy.moml.MoMLSimpleApplication@132a4e78
----------------- Done invoking toplevel() on ptolemy.moml.MoMLSimpleApplication@132a4e78
reloadAllAccessors: .Expression15

===========================================================================================
----------------- testing Sat Oct 10 15:47:21 UTC 2020 /home/travis/build/icyphy/ptII/ptolemy/actor/lib/test/auto/Expression16.xml
----------------- Instantiating /home/travis/build/icyphy/ptII/ptolemy/actor/lib/test/auto/Expression16.xml
2 ms. Memory: 331776K Free: 259846K (78%)
----------------- Invoking toplevel() on ptolemy.moml.MoMLSimpleApplication@72e6088f
----------------- Done invoking toplevel() on ptolemy.moml.MoMLSimpleApplication@72e6088f
reloadAllAccessors: .Expression16

===========================================================================================
----------------- testing Sat Oct 10 15:47:21 UTC 2020 /home/travis/build/icyphy/ptII/ptolemy/actor/lib/test/auto/Expression17.xml
----------------- Instantiating /home/travis/build/icyphy/ptII/ptolemy/actor/lib/test/auto/Expression17.xml
3 ms. Memory: 331776K Free: 254726K (77%)
----------------- Invoking toplevel() on ptolemy.moml.MoMLSimpleApplication@1d3737bd
----------------- Done invoking toplevel() on ptolemy.moml.MoMLSimpleApplication@1d3737bd
reloadAllAccessors: .Expression17

===========================================================================================
----------------- testing Sat Oct 10 15:47:21 UTC 2020 /home/travis/build/icyphy/ptII/ptolemy/actor/lib/test/auto/Expression18.xml
----------------- Instantiating /home/travis/build/icyphy/ptII/ptolemy/actor/lib/test/auto/Expression18.xml
2 ms. Memory: 331776K Free: 249606K (75%)
----------------- Invoking toplevel() on ptolemy.moml.MoMLSimpleApplication@6a665ff3
----------------- Done invoking toplevel() on ptolemy.moml.MoMLSimpleApplication@6a665ff3
reloadAllAccessors: .Expression18

===========================================================================================
----------------- testing Sat Oct 10 15:47:21 UTC 2020 /home/travis/build/icyphy/ptII/ptolemy/actor/lib/test/auto/Expression2.xml
----------------- Instantiating /home/travis/build/icyphy/ptII/ptolemy/actor/lib/test/auto/Expression2.xml
3 ms. Memory: 331776K Free: 244996K (74%)
----------------- Invoking toplevel() on ptolemy.moml.MoMLSimpleApplication@75e35f74
----------------- Done invoking toplevel() on ptolemy.moml.MoMLSimpleApplication@75e35f74
reloadAllAccessors: .Expression2

===========================================================================================
----------------- testing Sat Oct 10 15:47:21 UTC 2020 /home/travis/build/icyphy/ptII/ptolemy/actor/lib/test/auto/Expression3.xml
----------------- Instantiating /home/travis/build/icyphy/ptII/ptolemy/actor/lib/test/auto/Expression3.xml
4 ms. Memory: 331776K Free: 239876K (72%)
----------------- Invoking toplevel() on ptolemy.moml.MoMLSimpleApplication@64df7cb
----------------- Done invoking toplevel() on ptolemy.moml.MoMLSimpleApplication@64df7cb
reloadAllAccessors: .Expression3

===========================================================================================
----------------- testing Sat Oct 10 15:47:21 UTC 2020 /home/travis/build/icyphy/ptII/ptolemy/actor/lib/test/auto/Expression4.xml
----------------- Instantiating /home/travis/build/icyphy/ptII/ptolemy/actor/lib/test/auto/Expression4.xml
5 ms. Memory: 331776K Free: 232198K (70%)
----------------- Invoking toplevel() on ptolemy.moml.MoMLSimpleApplication@34b825b1
----------------- Done invoking toplevel() on ptolemy.moml.MoMLSimpleApplication@34b825b1
reloadAllAccessors: .Expression4

===========================================================================================
----------------- testing Sat Oct 10 15:47:21 UTC 2020 /home/travis/build/icyphy/ptII/ptolemy/actor/lib/test/auto/Expression5.xml
----------------- Instantiating /home/travis/build/icyphy/ptII/ptolemy/actor/lib/test/auto/Expression5.xml
3 ms. Memory: 331776K Free: 227078K (68%)
----------------- Invoking toplevel() on ptolemy.moml.MoMLSimpleApplication@3d6af441
----------------- Done invoking toplevel() on ptolemy.moml.MoMLSimpleApplication@3d6af441
reloadAllAccessors: .Expression5

===========================================================================================
----------------- testing Sat Oct 10 15:47:21 UTC 2020 /home/travis/build/icyphy/ptII/ptolemy/actor/lib/test/auto/Expression6.xml
----------------- Instantiating /home/travis/build/icyphy/ptII/ptolemy/actor/lib/test/auto/Expression6.xml
1 ms. Memory: 331776K Free: 222468K (67%)
----------------- Invoking toplevel() on ptolemy.moml.MoMLSimpleApplication@1b334165
----------------- Done invoking toplevel() on ptolemy.moml.MoMLSimpleApplication@1b334165
reloadAllAccessors: .Expression6

===========================================================================================
----------------- testing Sat Oct 10 15:47:21 UTC 2020 /home/travis/build/icyphy/ptII/ptolemy/actor/lib/test/auto/Expression7.xml
----------------- Instantiating /home/travis/build/icyphy/ptII/ptolemy/actor/lib/test/auto/Expression7.xml
8 ms. Memory: 331776K Free: 217346K (66%)
----------------- Invoking toplevel() on ptolemy.moml.MoMLSimpleApplication@b951ea8
----------------- Done invoking toplevel() on ptolemy.moml.MoMLSimpleApplication@b951ea8
reloadAllAccessors: .Expression7

===========================================================================================
----------------- testing Sat Oct 10 15:47:21 UTC 2020 /home/travis/build/icyphy/ptII/ptolemy/actor/lib/test/auto/Expression8.xml
----------------- Instantiating /home/travis/build/icyphy/ptII/ptolemy/actor/lib/test/auto/Expression8.xml
8 ms. Memory: 331776K Free: 212228K (64%)
----------------- Invoking toplevel() on ptolemy.moml.MoMLSimpleApplication@75e747
----------------- Done invoking toplevel() on ptolemy.moml.MoMLSimpleApplication@75e747
reloadAllAccessors: .Expression8

===========================================================================================
----------------- testing Sat Oct 10 15:47:21 UTC 2020 /home/travis/build/icyphy/ptII/ptolemy/actor/lib/test/auto/Expression9.xml
----------------- Instantiating /home/travis/build/icyphy/ptII/ptolemy/actor/lib/test/auto/Expression9.xml
1 ms. Memory: 331776K Free: 208646K (63%)
----------------- Invoking toplevel() on ptolemy.moml.MoMLSimpleApplication@a16639b
----------------- Done invoking toplevel() on ptolemy.moml.MoMLSimpleApplication@a16639b
reloadAllAccessors: .Expression9

===========================================================================================
----------------- testing Sat Oct 10 15:47:21 UTC 2020 /home/travis/build/icyphy/ptII/ptolemy/actor/lib/test/auto/ExpressionConcatenateArrayType.xml
----------------- Instantiating /home/travis/build/icyphy/ptII/ptolemy/actor/lib/test/auto/ExpressionConcatenateArrayType.xml
3 ms. Memory: 331776K Free: 201988K (61%)
----------------- Invoking toplevel() on ptolemy.moml.MoMLSimpleApplication@268a922
----------------- Done invoking toplevel() on ptolemy.moml.MoMLSimpleApplication@268a922
reloadAllAccessors: .ExpressionConcatenateArrayType

===========================================================================================
----------------- testing Sat Oct 10 15:47:21 UTC 2020 /home/travis/build/icyphy/ptII/ptolemy/actor/lib/test/auto/ExpressionConcatenateArrayType2.xml
----------------- Instantiating /home/travis/build/icyphy/ptII/ptolemy/actor/lib/test/auto/ExpressionConcatenateArrayType2.xml
2 ms. Memory: 331776K Free: 196358K (59%)
----------------- Invoking toplevel() on ptolemy.moml.MoMLSimpleApplication@23221e52
----------------- Done invoking toplevel() on ptolemy.moml.MoMLSimpleApplication@23221e52
reloadAllAccessors: .ExpressionConcatenateArrayType2

===========================================================================================
----------------- testing Sat Oct 10 15:47:21 UTC 2020 /home/travis/build/icyphy/ptII/ptolemy/actor/lib/test/auto/ExpressionFix.xml
----------------- Instantiating /home/travis/build/icyphy/ptII/ptolemy/actor/lib/test/auto/ExpressionFix.xml
20 ms. Memory: 331776K Free: 189700K (57%)
----------------- Invoking toplevel() on ptolemy.moml.MoMLSimpleApplication@40226ed4
----------------- Done invoking toplevel() on ptolemy.moml.MoMLSimpleApplication@40226ed4
reloadAllAccessors: .ExpressionFix

===========================================================================================
----------------- testing Sat Oct 10 15:47:21 UTC 2020 /home/travis/build/icyphy/ptII/ptolemy/actor/lib/test/auto/ExpressionFix2.xml
----------------- Instantiating /home/travis/build/icyphy/ptII/ptolemy/actor/lib/test/auto/ExpressionFix2.xml
3 ms. Memory: 331776K Free: 185604K (56%)
----------------- Invoking toplevel() on ptolemy.moml.MoMLSimpleApplication@280cec4d
----------------- Done invoking toplevel() on ptolemy.moml.MoMLSimpleApplication@280cec4d
reloadAllAccessors: .ExpressionFix2

===========================================================================================
----------------- testing Sat Oct 10 15:47:21 UTC 2020 /home/travis/build/icyphy/ptII/ptolemy/actor/lib/test/auto/ExpressionFix3.xml
----------------- Instantiating /home/travis/build/icyphy/ptII/ptolemy/actor/lib/test/auto/ExpressionFix3.xml
2 ms. Memory: 331776K Free: 180998K (55%)
----------------- Invoking toplevel() on ptolemy.moml.MoMLSimpleApplication@435196b
----------------- Done invoking toplevel() on ptolemy.moml.MoMLSimpleApplication@435196b
reloadAllAccessors: .ExpressionFix3

===========================================================================================
----------------- testing Sat Oct 10 15:47:21 UTC 2020 /home/travis/build/icyphy/ptII/ptolemy/actor/lib/test/auto/FileWriter1.xml
----------------- Instantiating /home/travis/build/icyphy/ptII/ptolemy/actor/lib/test/auto/FileWriter1.xml
5 ms. Memory: 331776K Free: 176902K (53%)
----------------- Invoking toplevel() on ptolemy.moml.MoMLSimpleApplication@53fe2698
----------------- Done invoking toplevel() on ptolemy.moml.MoMLSimpleApplication@53fe2698
reloadAllAccessors: .FileWriter1

===========================================================================================
----------------- testing Sat Oct 10 15:47:21 UTC 2020 /home/travis/build/icyphy/ptII/ptolemy/actor/lib/test/auto/FileWriter2.xml
----------------- Instantiating /home/travis/build/icyphy/ptII/ptolemy/actor/lib/test/auto/FileWriter2.xml
2 ms. Memory: 331776K Free: 172292K (52%)
----------------- Invoking toplevel() on ptolemy.moml.MoMLSimpleApplication@4121f99f
----------------- Done invoking toplevel() on ptolemy.moml.MoMLSimpleApplication@4121f99f
reloadAllAccessors: .FileWriter2

===========================================================================================
----------------- testing Sat Oct 10 15:47:21 UTC 2020 /home/travis/build/icyphy/ptII/ptolemy/actor/lib/test/auto/FileWriter3.xml
----------------- Instantiating /home/travis/build/icyphy/ptII/ptolemy/actor/lib/test/auto/FileWriter3.xml
3 ms. Memory: 331776K Free: 168710K (51%)
----------------- Invoking toplevel() on ptolemy.moml.MoMLSimpleApplication@36081e8e
----------------- Done invoking toplevel() on ptolemy.moml.MoMLSimpleApplication@36081e8e
reloadAllAccessors: .FileWriter3

===========================================================================================
----------------- testing Sat Oct 10 15:47:21 UTC 2020 /home/travis/build/icyphy/ptII/ptolemy/actor/lib/test/auto/Gaussian.xml
----------------- Instantiating /home/travis/build/icyphy/ptII/ptolemy/actor/lib/test/auto/Gaussian.xml
5 ms. Memory: 331776K Free: 164100K (49%)
----------------- Invoking toplevel() on ptolemy.moml.MoMLSimpleApplication@1aad45c
----------------- Done invoking toplevel() on ptolemy.moml.MoMLSimpleApplication@1aad45c
reloadAllAccessors: .Gaussian

===========================================================================================
----------------- testing Sat Oct 10 15:47:21 UTC 2020 /home/travis/build/icyphy/ptII/ptolemy/actor/lib/test/auto/Gaussian1.xml
----------------- Instantiating /home/travis/build/icyphy/ptII/ptolemy/actor/lib/test/auto/Gaussian1.xml
8 ms. Memory: 331776K Free: 158470K (48%)
----------------- Invoking toplevel() on ptolemy.moml.MoMLSimpleApplication@288cd803
----------------- Done invoking toplevel() on ptolemy.moml.MoMLSimpleApplication@288cd803
reloadAllAccessors: .Gaussian1

===========================================================================================
----------------- testing Sat Oct 10 15:47:21 UTC 2020 /home/travis/build/icyphy/ptII/ptolemy/actor/lib/test/auto/Gaussian2.xml
----------------- Instantiating /home/travis/build/icyphy/ptII/ptolemy/actor/lib/test/auto/Gaussian2.xml
2 ms. Memory: 331776K Free: 152806K (46%)
----------------- Invoking toplevel() on ptolemy.moml.MoMLSimpleApplication@76a0d7ea
----------------- Done invoking toplevel() on ptolemy.moml.MoMLSimpleApplication@76a0d7ea
reloadAllAccessors: .Gaussian2

===========================================================================================
----------------- testing Sat Oct 10 15:47:21 UTC 2020 /home/travis/build/icyphy/ptII/ptolemy/actor/lib/test/auto/GradientAdaptiveLattice.xml
----------------- Instantiating /home/travis/build/icyphy/ptII/ptolemy/actor/lib/test/auto/GradientAdaptiveLattice.xml
4 ms. Memory: 331776K Free: 147716K (45%)
----------------- Invoking toplevel() on ptolemy.moml.MoMLSimpleApplication@139cbb5e
----------------- Done invoking toplevel() on ptolemy.moml.MoMLSimpleApplication@139cbb5e
reloadAllAccessors: .GradientAdaptiveLattice

===========================================================================================
----------------- testing Sat Oct 10 15:47:21 UTC 2020 /home/travis/build/icyphy/ptII/ptolemy/actor/lib/test/auto/IIR.xml
----------------- Instantiating /home/travis/build/icyphy/ptII/ptolemy/actor/lib/test/auto/IIR.xml
1 ms. Memory: 331776K Free: 143110K (43%)
----------------- Invoking toplevel() on ptolemy.moml.MoMLSimpleApplication@1aa72eea
----------------- Done invoking toplevel() on ptolemy.moml.MoMLSimpleApplication@1aa72eea
reloadAllAccessors: .IIR

===========================================================================================
----------------- testing Sat Oct 10 15:47:21 UTC 2020 /home/travis/build/icyphy/ptII/ptolemy/actor/lib/test/auto/InputOutputTransparentPorts.xml
----------------- Instantiating /home/travis/build/icyphy/ptII/ptolemy/actor/lib/test/auto/InputOutputTransparentPorts.xml
1 ms. Memory: 331776K Free: 135428K (41%)
----------------- Invoking toplevel() on ptolemy.moml.MoMLSimpleApplication@5af2d40b
----------------- Done invoking toplevel() on ptolemy.moml.MoMLSimpleApplication@5af2d40b
reloadAllAccessors: .InputOutputTransparentPorts

===========================================================================================
----------------- testing Sat Oct 10 15:47:21 UTC 2020 /home/travis/build/icyphy/ptII/ptolemy/actor/lib/test/auto/Interpolator.xml
----------------- Instantiating /home/travis/build/icyphy/ptII/ptolemy/actor/lib/test/auto/Interpolator.xml
4 ms. Memory: 331776K Free: 130308K (39%)
----------------- Invoking toplevel() on ptolemy.moml.MoMLSimpleApplication@687c744b
----------------- Done invoking toplevel() on ptolemy.moml.MoMLSimpleApplication@687c744b
reloadAllAccessors: .Interpolator

===========================================================================================
----------------- testing Sat Oct 10 15:47:21 UTC 2020 /home/travis/build/icyphy/ptII/ptolemy/actor/lib/test/auto/InterpolatorFiringLimitDE.xml
----------------- Instantiating /home/travis/build/icyphy/ptII/ptolemy/actor/lib/test/auto/InterpolatorFiringLimitDE.xml
2 ms. Memory: 331776K Free: 124164K (37%)
----------------- Invoking toplevel() on ptolemy.moml.MoMLSimpleApplication@122d34f2
----------------- Done invoking toplevel() on ptolemy.moml.MoMLSimpleApplication@122d34f2
reloadAllAccessors: .InterpolatorFiringLimitDE

===========================================================================================
----------------- testing Sat Oct 10 15:47:21 UTC 2020 /home/travis/build/icyphy/ptII/ptolemy/actor/lib/test/auto/Lattice.xml
----------------- Instantiating /home/travis/build/icyphy/ptII/ptolemy/actor/lib/test/auto/Lattice.xml
1 ms. Memory: 331776K Free: 120068K (36%)
----------------- Invoking toplevel() on ptolemy.moml.MoMLSimpleApplication@3a8ae5b6
----------------- Done invoking toplevel() on ptolemy.moml.MoMLSimpleApplication@3a8ae5b6
reloadAllAccessors: .Lattice

===========================================================================================
----------------- testing Sat Oct 10 15:47:21 UTC 2020 /home/travis/build/icyphy/ptII/ptolemy/actor/lib/test/auto/LazyAOCTestLazy.xml
----------------- Instantiating /home/travis/build/icyphy/ptII/ptolemy/actor/lib/test/auto/LazyAOCTestLazy.xml
10 ms. Memory: 331776K Free: 113910K (34%)
----------------- Invoking toplevel() on ptolemy.moml.MoMLSimpleApplication@78820ca6
----------------- Done invoking toplevel() on ptolemy.moml.MoMLSimpleApplication@78820ca6
reloadAllAccessors: .LazyAOCTestLazy

===========================================================================================
----------------- testing Sat Oct 10 15:47:21 UTC 2020 /home/travis/build/icyphy/ptII/ptolemy/actor/lib/test/auto/LazyAOCTestNonLazy.xml
----------------- Instantiating /home/travis/build/icyphy/ptII/ptolemy/actor/lib/test/auto/LazyAOCTestNonLazy.xml
2 ms. Memory: 331776K Free: 107270K (32%)
----------------- Invoking toplevel() on ptolemy.moml.MoMLSimpleApplication@d892885
----------------- Done invoking toplevel() on ptolemy.moml.MoMLSimpleApplication@d892885
reloadAllAccessors: .LazyAOCTestNonLazy

===========================================================================================
----------------- testing Sat Oct 10 15:47:22 UTC 2020 /home/travis/build/icyphy/ptII/ptolemy/actor/lib/test/auto/LazyInnerClass.xml
----------------- Instantiating /home/travis/build/icyphy/ptII/ptolemy/actor/lib/test/auto/LazyInnerClass.xml
18 ms. Memory: 331776K Free: 99078K (30%)
----------------- Invoking toplevel() on ptolemy.moml.MoMLSimpleApplication@3047092a
----------------- Done invoking toplevel() on ptolemy.moml.MoMLSimpleApplication@3047092a
reloadAllAccessors: .LazyInnerClass

===========================================================================================
----------------- testing Sat Oct 10 15:47:22 UTC 2020 /home/travis/build/icyphy/ptII/ptolemy/actor/lib/test/auto/LazyPubSub.xml
----------------- Instantiating /home/travis/build/icyphy/ptII/ptolemy/actor/lib/test/auto/LazyPubSub.xml
11 ms. Memory: 331776K Free: 88838K (27%)
----------------- Invoking toplevel() on ptolemy.moml.MoMLSimpleApplication@4199715d
----------------- Done invoking toplevel() on ptolemy.moml.MoMLSimpleApplication@4199715d
reloadAllAccessors: .LazyPubSub

===========================================================================================
----------------- testing Sat Oct 10 15:47:22 UTC 2020 /home/travis/build/icyphy/ptII/ptolemy/actor/lib/test/auto/LazyPubSub2.xml
----------------- Instantiating /home/travis/build/icyphy/ptII/ptolemy/actor/lib/test/auto/LazyPubSub2.xml
12 ms. Memory: 331776K Free: 273885K (83%)
----------------- Invoking toplevel() on ptolemy.moml.MoMLSimpleApplication@44597e1d
----------------- Done invoking toplevel() on ptolemy.moml.MoMLSimpleApplication@44597e1d
reloadAllAccessors: .LazyPubSub2

===========================================================================================
----------------- testing Sat Oct 10 15:47:22 UTC 2020 /home/travis/build/icyphy/ptII/ptolemy/actor/lib/test/auto/LazyPubSub3.xml
----------------- Instantiating /home/travis/build/icyphy/ptII/ptolemy/actor/lib/test/auto/LazyPubSub3.xml
11 ms. Memory: 331776K Free: 263645K (79%)
----------------- Invoking toplevel() on ptolemy.moml.MoMLSimpleApplication@58d1c743
----------------- Done invoking toplevel() on ptolemy.moml.MoMLSimpleApplication@58d1c743
reloadAllAccessors: .LazyPubSub3

===========================================================================================
----------------- testing Sat Oct 10 15:47:22 UTC 2020 /home/travis/build/icyphy/ptII/ptolemy/actor/lib/test/auto/LazySubClassModel.xml
----------------- Instantiating /home/travis/build/icyphy/ptII/ptolemy/actor/lib/test/auto/LazySubClassModel.xml
2 ms. Memory: 331776K Free: 254429K (77%)
----------------- Invoking toplevel() on ptolemy.moml.MoMLSimpleApplication@183dc648
----------------- Done invoking toplevel() on ptolemy.moml.MoMLSimpleApplication@183dc648
reloadAllAccessors: .LazySubClassModel

===========================================================================================
----------------- testing Sat Oct 10 15:47:22 UTC 2020 /home/travis/build/icyphy/ptII/ptolemy/actor/lib/test/auto/LevelCrossTest1.xml
----------------- Instantiating /home/travis/build/icyphy/ptII/ptolemy/actor/lib/test/auto/LevelCrossTest1.xml
1 ms. Memory: 331776K Free: 248795K (75%)
----------------- Invoking toplevel() on ptolemy.moml.MoMLSimpleApplication@c4c8694
----------------- Done invoking toplevel() on ptolemy.moml.MoMLSimpleApplication@c4c8694
reloadAllAccessors: .broken

===========================================================================================
----------------- testing Sat Oct 10 15:47:22 UTC 2020 /home/travis/build/icyphy/ptII/ptolemy/actor/lib/test/auto/LevelCrossTest10.xml
----------------- Instantiating /home/travis/build/icyphy/ptII/ptolemy/actor/lib/test/auto/LevelCrossTest10.xml
1 ms. Memory: 331776K Free: 241117K (73%)
----------------- Invoking toplevel() on ptolemy.moml.MoMLSimpleApplication@46cacaf0
----------------- Done invoking toplevel() on ptolemy.moml.MoMLSimpleApplication@46cacaf0
reloadAllAccessors: .LevelCrossTest10

===========================================================================================
----------------- testing Sat Oct 10 15:47:22 UTC 2020 /home/travis/build/icyphy/ptII/ptolemy/actor/lib/test/auto/LevelCrossTest11.xml
----------------- Instantiating /home/travis/build/icyphy/ptII/ptolemy/actor/lib/test/auto/LevelCrossTest11.xml
5 ms. Memory: 331776K Free: 233435K (70%)
----------------- Invoking toplevel() on ptolemy.moml.MoMLSimpleApplication@3c4c73a3
----------------- Done invoking toplevel() on ptolemy.moml.MoMLSimpleApplication@3c4c73a3
reloadAllAccessors: .LevelCrossTest11

===========================================================================================
----------------- testing Sat Oct 10 15:47:22 UTC 2020 /home/travis/build/icyphy/ptII/ptolemy/actor/lib/test/auto/LevelCrossTest12.xml
----------------- Instantiating /home/travis/build/icyphy/ptII/ptolemy/actor/lib/test/auto/LevelCrossTest12.xml
1 ms. Memory: 331776K Free: 227291K (69%)
----------------- Invoking toplevel() on ptolemy.moml.MoMLSimpleApplication@515c7944
----------------- Done invoking toplevel() on ptolemy.moml.MoMLSimpleApplication@515c7944
reloadAllAccessors: .LevelCrossTest12

===========================================================================================
----------------- testing Sat Oct 10 15:47:22 UTC 2020 /home/travis/build/icyphy/ptII/ptolemy/actor/lib/test/auto/LevelCrossTest13.xml
----------------- Instantiating /home/travis/build/icyphy/ptII/ptolemy/actor/lib/test/auto/LevelCrossTest13.xml
1 ms. Memory: 331776K Free: 220123K (66%)
----------------- Invoking toplevel() on ptolemy.moml.MoMLSimpleApplication@5d98bbe7
----------------- Done invoking toplevel() on ptolemy.moml.MoMLSimpleApplication@5d98bbe7
reloadAllAccessors: .LevelCrossTest13

===========================================================================================
----------------- testing Sat Oct 10 15:47:22 UTC 2020 /home/travis/build/icyphy/ptII/ptolemy/actor/lib/test/auto/LevelCrossTest2.xml
----------------- Instantiating /home/travis/build/icyphy/ptII/ptolemy/actor/lib/test/auto/LevelCrossTest2.xml
1 ms. Memory: 331776K Free: 214493K (65%)
----------------- Invoking toplevel() on ptolemy.moml.MoMLSimpleApplication@4143e0aa
----------------- Done invoking toplevel() on ptolemy.moml.MoMLSimpleApplication@4143e0aa
reloadAllAccessors: .broken

===========================================================================================
----------------- testing Sat Oct 10 15:47:22 UTC 2020 /home/travis/build/icyphy/ptII/ptolemy/actor/lib/test/auto/LevelCrossTest3.xml
----------------- Instantiating /home/travis/build/icyphy/ptII/ptolemy/actor/lib/test/auto/LevelCrossTest3.xml
1 ms. Memory: 331776K Free: 207835K (63%)
----------------- Invoking toplevel() on ptolemy.moml.MoMLSimpleApplication@3a55bc83
----------------- Done invoking toplevel() on ptolemy.moml.MoMLSimpleApplication@3a55bc83
reloadAllAccessors: .LevelCrossTest3

===========================================================================================
----------------- testing Sat Oct 10 15:47:22 UTC 2020 /home/travis/build/icyphy/ptII/ptolemy/actor/lib/test/auto/LevelCrossTest4.xml
----------------- Instantiating /home/travis/build/icyphy/ptII/ptolemy/actor/lib/test/auto/LevelCrossTest4.xml
1 ms. Memory: 331776K Free: 202205K (61%)
----------------- Invoking toplevel() on ptolemy.moml.MoMLSimpleApplication@205ff2bd
----------------- Done invoking toplevel() on ptolemy.moml.MoMLSimpleApplication@205ff2bd
reloadAllAccessors: .broken

===========================================================================================
----------------- testing Sat Oct 10 15:47:22 UTC 2020 /home/travis/build/icyphy/ptII/ptolemy/actor/lib/test/auto/LevelCrossTest5.xml
----------------- Instantiating /home/travis/build/icyphy/ptII/ptolemy/actor/lib/test/auto/LevelCrossTest5.xml
1 ms. Memory: 331776K Free: 195547K (59%)
----------------- Invoking toplevel() on ptolemy.moml.MoMLSimpleApplication@7d85a217
----------------- Done invoking toplevel() on ptolemy.moml.MoMLSimpleApplication@7d85a217
reloadAllAccessors: .LevelCrossTest5

===========================================================================================
----------------- testing Sat Oct 10 15:47:22 UTC 2020 /home/travis/build/icyphy/ptII/ptolemy/actor/lib/test/auto/LevelCrossTest6.xml
----------------- Instantiating /home/travis/build/icyphy/ptII/ptolemy/actor/lib/test/auto/LevelCrossTest6.xml
3 ms. Memory: 331776K Free: 188893K (57%)
----------------- Invoking toplevel() on ptolemy.moml.MoMLSimpleApplication@6a00d97e
----------------- Done invoking toplevel() on ptolemy.moml.MoMLSimpleApplication@6a00d97e
reloadAllAccessors: .LevelCrossTest6

===========================================================================================
----------------- testing Sat Oct 10 15:47:22 UTC 2020 /home/travis/build/icyphy/ptII/ptolemy/actor/lib/test/auto/LevelCrossTest7.xml
----------------- Instantiating /home/travis/build/icyphy/ptII/ptolemy/actor/lib/test/auto/LevelCrossTest7.xml
7 ms. Memory: 331776K Free: 181211K (55%)
----------------- Invoking toplevel() on ptolemy.moml.MoMLSimpleApplication@42ea16d5
----------------- Done invoking toplevel() on ptolemy.moml.MoMLSimpleApplication@42ea16d5
reloadAllAccessors: .LevelCrossTest7

===========================================================================================
----------------- testing Sat Oct 10 15:47:22 UTC 2020 /home/travis/build/icyphy/ptII/ptolemy/actor/lib/test/auto/LevelCrossTest8.xml
----------------- Instantiating /home/travis/build/icyphy/ptII/ptolemy/actor/lib/test/auto/LevelCrossTest8.xml
1 ms. Memory: 331776K Free: 174043K (52%)
----------------- Invoking toplevel() on ptolemy.moml.MoMLSimpleApplication@199816b8
----------------- Done invoking toplevel() on ptolemy.moml.MoMLSimpleApplication@199816b8
reloadAllAccessors: .LevelCrossTest8

===========================================================================================
----------------- testing Sat Oct 10 15:47:22 UTC 2020 /home/travis/build/icyphy/ptII/ptolemy/actor/lib/test/auto/LevelCrossTest9.xml
----------------- Instantiating /home/travis/build/icyphy/ptII/ptolemy/actor/lib/test/auto/LevelCrossTest9.xml
1 ms. Memory: 331776K Free: 166875K (50%)
----------------- Invoking toplevel() on ptolemy.moml.MoMLSimpleApplication@5fb58e79
----------------- Done invoking toplevel() on ptolemy.moml.MoMLSimpleApplication@5fb58e79
reloadAllAccessors: .LevelCrossTest9

===========================================================================================
----------------- testing Sat Oct 10 15:47:22 UTC 2020 /home/travis/build/icyphy/ptII/ptolemy/actor/lib/test/auto/LevinsonDurbin.xml
----------------- Instantiating /home/travis/build/icyphy/ptII/ptolemy/actor/lib/test/auto/LevinsonDurbin.xml
1 ms. Memory: 331776K Free: 162779K (49%)
----------------- Invoking toplevel() on ptolemy.moml.MoMLSimpleApplication@2e3f146a
----------------- Done invoking toplevel() on ptolemy.moml.MoMLSimpleApplication@2e3f146a
reloadAllAccessors: .LevinsonDurbin

===========================================================================================
----------------- testing Sat Oct 10 15:47:22 UTC 2020 /home/travis/build/icyphy/ptII/ptolemy/actor/lib/test/auto/LevinsonDurbin2.xml
----------------- Instantiating /home/travis/build/icyphy/ptII/ptolemy/actor/lib/test/auto/LevinsonDurbin2.xml
2 ms. Memory: 331776K Free: 158683K (48%)
----------------- Invoking toplevel() on ptolemy.moml.MoMLSimpleApplication@38545564
----------------- Done invoking toplevel() on ptolemy.moml.MoMLSimpleApplication@38545564
reloadAllAccessors: .LevinsonDurbin2

===========================================================================================
----------------- testing Sat Oct 10 15:47:22 UTC 2020 /home/travis/build/icyphy/ptII/ptolemy/actor/lib/test/auto/LevinsonDurbin3.xml
----------------- Instantiating /home/travis/build/icyphy/ptII/ptolemy/actor/lib/test/auto/LevinsonDurbin3.xml
2 ms. Memory: 331776K Free: 154587K (47%)
----------------- Invoking toplevel() on ptolemy.moml.MoMLSimpleApplication@36d4ff4e
----------------- Done invoking toplevel() on ptolemy.moml.MoMLSimpleApplication@36d4ff4e
reloadAllAccessors: .LevinsonDurbin3

===========================================================================================
----------------- testing Sat Oct 10 15:47:22 UTC 2020 /home/travis/build/icyphy/ptII/ptolemy/actor/lib/test/auto/Limiter.xml
----------------- Instantiating /home/travis/build/icyphy/ptII/ptolemy/actor/lib/test/auto/Limiter.xml
3 ms. Memory: 331776K Free: 145365K (44%)
----------------- Invoking toplevel() on ptolemy.moml.MoMLSimpleApplication@5fae3bc8
----------------- Done invoking toplevel() on ptolemy.moml.MoMLSimpleApplication@5fae3bc8
reloadAllAccessors: .Limiter

===========================================================================================
----------------- testing Sat Oct 10 15:47:22 UTC 2020 /home/travis/build/icyphy/ptII/ptolemy/actor/lib/test/auto/LinearDifferenceEquationSystem.xml
----------------- Instantiating /home/travis/build/icyphy/ptII/ptolemy/actor/lib/test/auto/LinearDifferenceEquationSystem.xml
11 ms. Memory: 331776K Free: 138203K (42%)
----------------- Invoking toplevel() on ptolemy.moml.MoMLSimpleApplication@3468cfb4
----------------- Done invoking toplevel() on ptolemy.moml.MoMLSimpleApplication@3468cfb4
reloadAllAccessors: .LinearDifferenceEquationSystem

===========================================================================================
----------------- testing Sat Oct 10 15:47:22 UTC 2020 /home/travis/build/icyphy/ptII/ptolemy/actor/lib/test/auto/LookupTable.xml
----------------- Instantiating /home/travis/build/icyphy/ptII/ptolemy/actor/lib/test/auto/LookupTable.xml
1 ms. Memory: 331776K Free: 133597K (40%)
----------------- Invoking toplevel() on ptolemy.moml.MoMLSimpleApplication@6d07972
----------------- Done invoking toplevel() on ptolemy.moml.MoMLSimpleApplication@6d07972
reloadAllAccessors: .LookupTable

===========================================================================================
----------------- testing Sat Oct 10 15:47:22 UTC 2020 /home/travis/build/icyphy/ptII/ptolemy/actor/lib/test/auto/MathFunction.xml
----------------- Instantiating /home/travis/build/icyphy/ptII/ptolemy/actor/lib/test/auto/MathFunction.xml
2 ms. Memory: 331776K Free: 125405K (38%)
----------------- Invoking toplevel() on ptolemy.moml.MoMLSimpleApplication@679c4ad7
----------------- Done invoking toplevel() on ptolemy.moml.MoMLSimpleApplication@679c4ad7
reloadAllAccessors: .MathFunction

===========================================================================================
----------------- testing Sat Oct 10 15:47:22 UTC 2020 /home/travis/build/icyphy/ptII/ptolemy/actor/lib/test/auto/MathFunction2.xml
----------------- Instantiating /home/travis/build/icyphy/ptII/ptolemy/actor/lib/test/auto/MathFunction2.xml
4 ms. Memory: 331776K Free: 121309K (37%)
----------------- Invoking toplevel() on ptolemy.moml.MoMLSimpleApplication@2c447e09
----------------- Done invoking toplevel() on ptolemy.moml.MoMLSimpleApplication@2c447e09
reloadAllAccessors: .MathFunction2

===========================================================================================
----------------- testing Sat Oct 10 15:47:22 UTC 2020 /home/travis/build/icyphy/ptII/ptolemy/actor/lib/test/auto/MathFunction3.xml
----------------- Instantiating /home/travis/build/icyphy/ptII/ptolemy/actor/lib/test/auto/MathFunction3.xml
1 ms. Memory: 331776K Free: 114141K (34%)
----------------- Invoking toplevel() on ptolemy.moml.MoMLSimpleApplication@78abd5d7
----------------- Done invoking toplevel() on ptolemy.moml.MoMLSimpleApplication@78abd5d7
reloadAllAccessors: .MathFunction3

===========================================================================================
----------------- testing Sat Oct 10 15:47:22 UTC 2020 /home/travis/build/icyphy/ptII/ptolemy/actor/lib/test/auto/MatrixCropBoolean.xml
----------------- Instantiating /home/travis/build/icyphy/ptII/ptolemy/actor/lib/test/auto/MatrixCropBoolean.xml
2 ms. Memory: 331776K Free: 109525K (33%)
----------------- Invoking toplevel() on ptolemy.moml.MoMLSimpleApplication@7b457b84
----------------- Done invoking toplevel() on ptolemy.moml.MoMLSimpleApplication@7b457b84
reloadAllAccessors: .MatrixCropBoolean

===========================================================================================
----------------- testing Sat Oct 10 15:47:22 UTC 2020 /home/travis/build/icyphy/ptII/ptolemy/actor/lib/test/auto/MatrixCropComplex.xml
----------------- Instantiating /home/travis/build/icyphy/ptII/ptolemy/actor/lib/test/auto/MatrixCropComplex.xml
2 ms. Memory: 331776K Free: 104397K (31%)
----------------- Invoking toplevel() on ptolemy.moml.MoMLSimpleApplication@75ac5ef4
----------------- Done invoking toplevel() on ptolemy.moml.MoMLSimpleApplication@75ac5ef4
reloadAllAccessors: .MatrixCropComplex

===========================================================================================
----------------- testing Sat Oct 10 15:47:22 UTC 2020 /home/travis/build/icyphy/ptII/ptolemy/actor/lib/test/auto/MatrixCropDouble.xml
----------------- Instantiating /home/travis/build/icyphy/ptII/ptolemy/actor/lib/test/auto/MatrixCropDouble.xml
2 ms. Memory: 331776K Free: 99277K (30%)
----------------- Invoking toplevel() on ptolemy.moml.MoMLSimpleApplication@445d8874
----------------- Done invoking toplevel() on ptolemy.moml.MoMLSimpleApplication@445d8874
reloadAllAccessors: .MatrixCropDouble

===========================================================================================
----------------- testing Sat Oct 10 15:47:22 UTC 2020 /home/travis/build/icyphy/ptII/ptolemy/actor/lib/test/auto/MatrixCropFix.xml
----------------- Instantiating /home/travis/build/icyphy/ptII/ptolemy/actor/lib/test/auto/MatrixCropFix.xml
1 ms. Memory: 331776K Free: 94141K (28%)
----------------- Invoking toplevel() on ptolemy.moml.MoMLSimpleApplication@3d3cd313
----------------- Done invoking toplevel() on ptolemy.moml.MoMLSimpleApplication@3d3cd313
reloadAllAccessors: .MatrixCropFix

===========================================================================================
----------------- testing Sat Oct 10 15:47:22 UTC 2020 /home/travis/build/icyphy/ptII/ptolemy/actor/lib/test/auto/MatrixCropInt.xml
----------------- Instantiating /home/travis/build/icyphy/ptII/ptolemy/actor/lib/test/auto/MatrixCropInt.xml
1 ms. Memory: 331776K Free: 89037K (27%)
----------------- Invoking toplevel() on ptolemy.moml.MoMLSimpleApplication@1a87876f
----------------- Done invoking toplevel() on ptolemy.moml.MoMLSimpleApplication@1a87876f
reloadAllAccessors: .MatrixCropInt

===========================================================================================
----------------- testing Sat Oct 10 15:47:22 UTC 2020 /home/travis/build/icyphy/ptII/ptolemy/actor/lib/test/auto/MatrixCropLong.xml
----------------- Instantiating /home/travis/build/icyphy/ptII/ptolemy/actor/lib/test/auto/MatrixCropLong.xml
2 ms. Memory: 331776K Free: 279554K (84%)
----------------- Invoking toplevel() on ptolemy.moml.MoMLSimpleApplication@6d5e7849
----------------- Done invoking toplevel() on ptolemy.moml.MoMLSimpleApplication@6d5e7849
reloadAllAccessors: .MatrixCropLong

===========================================================================================
----------------- testing Sat Oct 10 15:47:22 UTC 2020 /home/travis/build/icyphy/ptII/ptolemy/actor/lib/test/auto/MatrixToArray.xml
----------------- Instantiating /home/travis/build/icyphy/ptII/ptolemy/actor/lib/test/auto/MatrixToArray.xml
6 ms. Memory: 331776K Free: 264208K (80%)
----------------- Invoking toplevel() on ptolemy.moml.MoMLSimpleApplication@14b7fba1
----------------- Done invoking toplevel() on ptolemy.moml.MoMLSimpleApplication@14b7fba1
reloadAllAccessors: .MatrixToArray

===========================================================================================
----------------- testing Sat Oct 10 15:47:22 UTC 2020 /home/travis/build/icyphy/ptII/ptolemy/actor/lib/test/auto/MaxIndex.xml
----------------- Instantiating /home/travis/build/icyphy/ptII/ptolemy/actor/lib/test/auto/MaxIndex.xml
2 ms. Memory: 331776K Free: 259088K (78%)
----------------- Invoking toplevel() on ptolemy.moml.MoMLSimpleApplication@32963afc
----------------- Done invoking toplevel() on ptolemy.moml.MoMLSimpleApplication@32963afc
reloadAllAccessors: .MaxIndex

===========================================================================================
----------------- testing Sat Oct 10 15:47:22 UTC 2020 /home/travis/build/icyphy/ptII/ptolemy/actor/lib/test/auto/Maximum.xml
----------------- Instantiating /home/travis/build/icyphy/ptII/ptolemy/actor/lib/test/auto/Maximum.xml
2 ms. Memory: 331776K Free: 252434K (76%)
----------------- Invoking toplevel() on ptolemy.moml.MoMLSimpleApplication@34380e81
----------------- Done invoking toplevel() on ptolemy.moml.MoMLSimpleApplication@34380e81
reloadAllAccessors: .Maximum

===========================================================================================
----------------- testing Sat Oct 10 15:47:22 UTC 2020 /home/travis/build/icyphy/ptII/ptolemy/actor/lib/test/auto/MaximumComplex.xml
----------------- Instantiating /home/travis/build/icyphy/ptII/ptolemy/actor/lib/test/auto/MaximumComplex.xml
4 ms. Memory: 331776K Free: 246290K (74%)
----------------- Invoking toplevel() on ptolemy.moml.MoMLSimpleApplication@22a64086
----------------- Done invoking toplevel() on ptolemy.moml.MoMLSimpleApplication@22a64086
reloadAllAccessors: .MaximumComplex

===========================================================================================
----------------- testing Sat Oct 10 15:47:22 UTC 2020 /home/travis/build/icyphy/ptII/ptolemy/actor/lib/test/auto/MethodCallTest.xml
----------------- Instantiating /home/travis/build/icyphy/ptII/ptolemy/actor/lib/test/auto/MethodCallTest.xml
2 ms. Memory: 331776K Free: 239632K (72%)
----------------- Invoking toplevel() on ptolemy.moml.MoMLSimpleApplication@cde4c13
----------------- Done invoking toplevel() on ptolemy.moml.MoMLSimpleApplication@cde4c13
reloadAllAccessors: .MethodCallTest

===========================================================================================
----------------- testing Sat Oct 10 15:47:22 UTC 2020 /home/travis/build/icyphy/ptII/ptolemy/actor/lib/test/auto/Minimum.xml
----------------- Instantiating /home/travis/build/icyphy/ptII/ptolemy/actor/lib/test/auto/Minimum.xml
4 ms. Memory: 331776K Free: 232978K (70%)
----------------- Invoking toplevel() on ptolemy.moml.MoMLSimpleApplication@29524754
----------------- Done invoking toplevel() on ptolemy.moml.MoMLSimpleApplication@29524754
reloadAllAccessors: .Minimum

===========================================================================================
----------------- testing Sat Oct 10 15:47:22 UTC 2020 /home/travis/build/icyphy/ptII/ptolemy/actor/lib/test/auto/MinimumComplex.xml
----------------- Instantiating /home/travis/build/icyphy/ptII/ptolemy/actor/lib/test/auto/MinimumComplex.xml
2 ms. Memory: 331776K Free: 226834K (68%)
----------------- Invoking toplevel() on ptolemy.moml.MoMLSimpleApplication@7d5cca45
----------------- Done invoking toplevel() on ptolemy.moml.MoMLSimpleApplication@7d5cca45
reloadAllAccessors: .MinimumComplex

===========================================================================================
----------------- testing Sat Oct 10 15:47:22 UTC 2020 /home/travis/build/icyphy/ptII/ptolemy/actor/lib/test/auto/MinimumMultiports.xml
----------------- Instantiating /home/travis/build/icyphy/ptII/ptolemy/actor/lib/test/auto/MinimumMultiports.xml
3 ms. Memory: 331776K Free: 218114K (66%)
----------------- Invoking toplevel() on ptolemy.moml.MoMLSimpleApplication@1bd3432e
----------------- Done invoking toplevel() on ptolemy.moml.MoMLSimpleApplication@1bd3432e
reloadAllAccessors: .MinimumMultiports

===========================================================================================
----------------- testing Sat Oct 10 15:47:22 UTC 2020 /home/travis/build/icyphy/ptII/ptolemy/actor/lib/test/auto/ModifyDate.xml
----------------- Instantiating /home/travis/build/icyphy/ptII/ptolemy/actor/lib/test/auto/ModifyDate.xml
8 ms. Memory: 331776K Free: 205330K (62%)
----------------- Invoking toplevel() on ptolemy.moml.MoMLSimpleApplication@6070b1b8
----------------- Done invoking toplevel() on ptolemy.moml.MoMLSimpleApplication@6070b1b8
reloadAllAccessors: .ModifyDate

===========================================================================================
----------------- testing Sat Oct 10 15:47:22 UTC 2020 /home/travis/build/icyphy/ptII/ptolemy/actor/lib/test/auto/ModifyDate2.xml
----------------- Instantiating /home/travis/build/icyphy/ptII/ptolemy/actor/lib/test/auto/ModifyDate2.xml
3 ms. Memory: 331776K Free: 196624K (59%)
----------------- Invoking toplevel() on ptolemy.moml.MoMLSimpleApplication@6ae0a4fe
----------------- Done invoking toplevel() on ptolemy.moml.MoMLSimpleApplication@6ae0a4fe
reloadAllAccessors: .ModifyDate2

===========================================================================================
----------------- testing Sat Oct 10 15:47:22 UTC 2020 /home/travis/build/icyphy/ptII/ptolemy/actor/lib/test/auto/MovingAverage.xml
----------------- Instantiating /home/travis/build/icyphy/ptII/ptolemy/actor/lib/test/auto/MovingAverage.xml
1 ms. Memory: 331776K Free: 191504K (58%)
----------------- Invoking toplevel() on ptolemy.moml.MoMLSimpleApplication@5ed0a25a
----------------- Done invoking toplevel() on ptolemy.moml.MoMLSimpleApplication@5ed0a25a
reloadAllAccessors: .MovingAverage

===========================================================================================
----------------- testing Sat Oct 10 15:47:22 UTC 2020 /home/travis/build/icyphy/ptII/ptolemy/actor/lib/test/auto/MovingMaximum.xml
----------------- Instantiating /home/travis/build/icyphy/ptII/ptolemy/actor/lib/test/auto/MovingMaximum.xml
1 ms. Memory: 331776K Free: 186898K (56%)
----------------- Invoking toplevel() on ptolemy.moml.MoMLSimpleApplication@28ecbfbd
----------------- Done invoking toplevel() on ptolemy.moml.MoMLSimpleApplication@28ecbfbd
reloadAllAccessors: .MovingMaximum

===========================================================================================
----------------- testing Sat Oct 10 15:47:22 UTC 2020 /home/travis/build/icyphy/ptII/ptolemy/actor/lib/test/auto/MultipleLinksToSameRelation.xml
----------------- Instantiating /home/travis/build/icyphy/ptII/ptolemy/actor/lib/test/auto/MultipleLinksToSameRelation.xml
2 ms. Memory: 331776K Free: 182802K (55%)
----------------- Invoking toplevel() on ptolemy.moml.MoMLSimpleApplication@1bc81c92
----------------- Done invoking toplevel() on ptolemy.moml.MoMLSimpleApplication@1bc81c92
reloadAllAccessors: .MultipleLinksToSameRelation

===========================================================================================
----------------- testing Sat Oct 10 15:47:22 UTC 2020 /home/travis/build/icyphy/ptII/ptolemy/actor/lib/test/auto/MultipleLinksToSameRelationDE.xml
----------------- Instantiating /home/travis/build/icyphy/ptII/ptolemy/actor/lib/test/auto/MultipleLinksToSameRelationDE.xml
2 ms. Memory: 331776K Free: 178186K (54%)
----------------- Invoking toplevel() on ptolemy.moml.MoMLSimpleApplication@15e7e6d
----------------- Done invoking toplevel() on ptolemy.moml.MoMLSimpleApplication@15e7e6d
reloadAllAccessors: .MultipleLinksToSameRelationDE

===========================================================================================
----------------- testing Sat Oct 10 15:47:22 UTC 2020 /home/travis/build/icyphy/ptII/ptolemy/actor/lib/test/auto/Multiplexor.xml
----------------- Instantiating /home/travis/build/icyphy/ptII/ptolemy/actor/lib/test/auto/Multiplexor.xml
1 ms. Memory: 331776K Free: 172562K (52%)
----------------- Invoking toplevel() on ptolemy.moml.MoMLSimpleApplication@665f502b
----------------- Done invoking toplevel() on ptolemy.moml.MoMLSimpleApplication@665f502b
reloadAllAccessors: .Multiplexor

===========================================================================================
----------------- testing Sat Oct 10 15:47:22 UTC 2020 /home/travis/build/icyphy/ptII/ptolemy/actor/lib/test/auto/Multiplexor1.xml
----------------- Instantiating /home/travis/build/icyphy/ptII/ptolemy/actor/lib/test/auto/Multiplexor1.xml
1 ms. Memory: 331776K Free: 166418K (50%)
----------------- Invoking toplevel() on ptolemy.moml.MoMLSimpleApplication@5a4b097c
----------------- Done invoking toplevel() on ptolemy.moml.MoMLSimpleApplication@5a4b097c
reloadAllAccessors: .Multiplexor1

===========================================================================================
----------------- testing Sat Oct 10 15:47:22 UTC 2020 /home/travis/build/icyphy/ptII/ptolemy/actor/lib/test/auto/Multiplexor2.xml
----------------- Instantiating /home/travis/build/icyphy/ptII/ptolemy/actor/lib/test/auto/Multiplexor2.xml
5 ms. Memory: 331776K Free: 159760K (48%)
----------------- Invoking toplevel() on ptolemy.moml.MoMLSimpleApplication@370ae4e9
----------------- Done invoking toplevel() on ptolemy.moml.MoMLSimpleApplication@370ae4e9
reloadAllAccessors: .Multiplexor2

===========================================================================================
----------------- testing Sat Oct 10 15:47:22 UTC 2020 /home/travis/build/icyphy/ptII/ptolemy/actor/lib/test/auto/Multiplexor3.xml
----------------- Instantiating /home/travis/build/icyphy/ptII/ptolemy/actor/lib/test/auto/Multiplexor3.xml
2 ms. Memory: 331776K Free: 155664K (47%)
----------------- Invoking toplevel() on ptolemy.moml.MoMLSimpleApplication@1371486e
----------------- Done invoking toplevel() on ptolemy.moml.MoMLSimpleApplication@1371486e
reloadAllAccessors: .Multiplexor3

===========================================================================================
----------------- testing Sat Oct 10 15:47:22 UTC 2020 /home/travis/build/icyphy/ptII/ptolemy/actor/lib/test/auto/MultiplexorDE.xml
----------------- Instantiating /home/travis/build/icyphy/ptII/ptolemy/actor/lib/test/auto/MultiplexorDE.xml
2 ms. Memory: 331776K Free: 147986K (45%)
----------------- Invoking toplevel() on ptolemy.moml.MoMLSimpleApplication@15008a37
----------------- Done invoking toplevel() on ptolemy.moml.MoMLSimpleApplication@15008a37
reloadAllAccessors: .MultiplexorDE

===========================================================================================
----------------- testing Sat Oct 10 15:47:23 UTC 2020 /home/travis/build/icyphy/ptII/ptolemy/actor/lib/test/auto/MultiportBroadcastTest.xml
----------------- Instantiating /home/travis/build/icyphy/ptII/ptolemy/actor/lib/test/auto/MultiportBroadcastTest.xml
74 ms. Memory: 331776K Free: 141842K (43%)
----------------- Invoking toplevel() on ptolemy.moml.MoMLSimpleApplication@6fefac70
----------------- Done invoking toplevel() on ptolemy.moml.MoMLSimpleApplication@6fefac70
reloadAllAccessors: .MultiportBroadcastTest

===========================================================================================
----------------- testing Sat Oct 10 15:47:23 UTC 2020 /home/travis/build/icyphy/ptII/ptolemy/actor/lib/test/auto/MultiportOutHangDuringGetWidth.xml
----------------- Instantiating /home/travis/build/icyphy/ptII/ptolemy/actor/lib/test/auto/MultiportOutHangDuringGetWidth.xml
4 ms. Memory: 331776K Free: 130034K (39%)
----------------- Invoking toplevel() on ptolemy.moml.MoMLSimpleApplication@2203edc8
----------------- Done invoking toplevel() on ptolemy.moml.MoMLSimpleApplication@2203edc8
reloadAllAccessors: .MultiportOutHangDuringGetWidth

===========================================================================================
----------------- testing Sat Oct 10 15:47:23 UTC 2020 /home/travis/build/icyphy/ptII/ptolemy/actor/lib/test/auto/NilToken.xml
----------------- Instantiating /home/travis/build/icyphy/ptII/ptolemy/actor/lib/test/auto/NilToken.xml
1 ms. Memory: 331776K Free: 125458K (38%)
----------------- Invoking toplevel() on ptolemy.moml.MoMLSimpleApplication@61093bac
----------------- Done invoking toplevel() on ptolemy.moml.MoMLSimpleApplication@61093bac
reloadAllAccessors: .NilToken

===========================================================================================
----------------- testing Sat Oct 10 15:47:23 UTC 2020 /home/travis/build/icyphy/ptII/ptolemy/actor/lib/test/auto/NilTokenNonStrictTest.xml
----------------- Instantiating /home/travis/build/icyphy/ptII/ptolemy/actor/lib/test/auto/NilTokenNonStrictTest.xml
1 ms. Memory: 331776K Free: 120848K (36%)
----------------- Invoking toplevel() on ptolemy.moml.MoMLSimpleApplication@1536b36e
----------------- Done invoking toplevel() on ptolemy.moml.MoMLSimpleApplication@1536b36e
reloadAllAccessors: .NilTokenNonStrictTest

===========================================================================================
----------------- testing Sat Oct 10 15:47:23 UTC 2020 /home/travis/build/icyphy/ptII/ptolemy/actor/lib/test/auto/NilTokenRecord.xml
----------------- Instantiating /home/travis/build/icyphy/ptII/ptolemy/actor/lib/test/auto/NilTokenRecord.xml
7 ms. Memory: 331776K Free: 114194K (34%)
----------------- Invoking toplevel() on ptolemy.moml.MoMLSimpleApplication@3ff15fe9
----------------- Done invoking toplevel() on ptolemy.moml.MoMLSimpleApplication@3ff15fe9
reloadAllAccessors: .NilTokenRecord

===========================================================================================
----------------- testing Sat Oct 10 15:47:23 UTC 2020 /home/travis/build/icyphy/ptII/ptolemy/actor/lib/test/auto/NilTokenTypeTest.xml
----------------- Instantiating /home/travis/build/icyphy/ptII/ptolemy/actor/lib/test/auto/NilTokenTypeTest.xml
7 ms. Memory: 331776K Free: 104464K (31%)
----------------- Invoking toplevel() on ptolemy.moml.MoMLSimpleApplication@2088acef
----------------- Done invoking toplevel() on ptolemy.moml.MoMLSimpleApplication@2088acef
reloadAllAccessors: .NilTokenTypeTest

===========================================================================================
----------------- testing Sat Oct 10 15:47:23 UTC 2020 /home/travis/build/icyphy/ptII/ptolemy/actor/lib/test/auto/ObjectToken1.xml
----------------- Instantiating /home/travis/build/icyphy/ptII/ptolemy/actor/lib/test/auto/ObjectToken1.xml
1 ms. Memory: 331776K Free: 100368K (30%)
----------------- Invoking toplevel() on ptolemy.moml.MoMLSimpleApplication@6ec8af57
----------------- Done invoking toplevel() on ptolemy.moml.MoMLSimpleApplication@6ec8af57
reloadAllAccessors: .ObjectToken1

===========================================================================================
----------------- testing Sat Oct 10 15:47:23 UTC 2020 /home/travis/build/icyphy/ptII/ptolemy/actor/lib/test/auto/OrderedMerge.xml
----------------- Instantiating /home/travis/build/icyphy/ptII/ptolemy/actor/lib/test/auto/OrderedMerge.xml
12 ms. Memory: 331776K Free: 94738K (29%)
----------------- Invoking toplevel() on ptolemy.moml.MoMLSimpleApplication@6125b438
----------------- Done invoking toplevel() on ptolemy.moml.MoMLSimpleApplication@6125b438
reloadAllAccessors: .OrderedMerge

===========================================================================================
----------------- testing Sat Oct 10 15:47:23 UTC 2020 /home/travis/build/icyphy/ptII/ptolemy/actor/lib/test/auto/OrderedRecordDisassembler.xml
----------------- Instantiating /home/travis/build/icyphy/ptII/ptolemy/actor/lib/test/auto/OrderedRecordDisassembler.xml
2 ms. Memory: 331776K Free: 89618K (27%)
----------------- Invoking toplevel() on ptolemy.moml.MoMLSimpleApplication@ddc8e8b
----------------- Done invoking toplevel() on ptolemy.moml.MoMLSimpleApplication@ddc8e8b
reloadAllAccessors: .OrderedRecordDisassembler

===========================================================================================
----------------- testing Sat Oct 10 15:47:23 UTC 2020 /home/travis/build/icyphy/ptII/ptolemy/actor/lib/test/auto/OrderedRecordDisassembler2.xml
----------------- Instantiating /home/travis/build/icyphy/ptII/ptolemy/actor/lib/test/auto/OrderedRecordDisassembler2.xml
3 ms. Memory: 331776K Free: 277229K (84%)
----------------- Invoking toplevel() on ptolemy.moml.MoMLSimpleApplication@2546761b
----------------- Done invoking toplevel() on ptolemy.moml.MoMLSimpleApplication@2546761b
reloadAllAccessors: .OrderedRecordDisassembler2

===========================================================================================
----------------- testing Sat Oct 10 15:47:23 UTC 2020 /home/travis/build/icyphy/ptII/ptolemy/actor/lib/test/auto/OrderedRecordUpdater.xml
----------------- Instantiating /home/travis/build/icyphy/ptII/ptolemy/actor/lib/test/auto/OrderedRecordUpdater.xml
2 ms. Memory: 331776K Free: 271599K (82%)
----------------- Invoking toplevel() on ptolemy.moml.MoMLSimpleApplication@bba83bd
----------------- Done invoking toplevel() on ptolemy.moml.MoMLSimpleApplication@bba83bd
reloadAllAccessors: .RecordUpdater

===========================================================================================
----------------- testing Sat Oct 10 15:47:23 UTC 2020 /home/travis/build/icyphy/ptII/ptolemy/actor/lib/test/auto/OrderedRecordUpdater2.xml
----------------- Instantiating /home/travis/build/icyphy/ptII/ptolemy/actor/lib/test/auto/OrderedRecordUpdater2.xml
2 ms. Memory: 331776K Free: 266989K (80%)
----------------- Invoking toplevel() on ptolemy.moml.MoMLSimpleApplication@2ac96d56
----------------- Done invoking toplevel() on ptolemy.moml.MoMLSimpleApplication@2ac96d56
reloadAllAccessors: .RecordUpdater2

===========================================================================================
----------------- testing Sat Oct 10 15:47:23 UTC 2020 /home/travis/build/icyphy/ptII/ptolemy/actor/lib/test/auto/PhaseUnwrap.xml
----------------- Instantiating /home/travis/build/icyphy/ptII/ptolemy/actor/lib/test/auto/PhaseUnwrap.xml
1 ms. Memory: 331776K Free: 262383K (79%)
----------------- Invoking toplevel() on ptolemy.moml.MoMLSimpleApplication@611296ba
----------------- Done invoking toplevel() on ptolemy.moml.MoMLSimpleApplication@611296ba
reloadAllAccessors: .PhaseUnwrap

===========================================================================================
----------------- testing Sat Oct 10 15:47:23 UTC 2020 /home/travis/build/icyphy/ptII/ptolemy/actor/lib/test/auto/PoissonClock.xml
----------------- Instantiating /home/travis/build/icyphy/ptII/ptolemy/actor/lib/test/auto/PoissonClock.xml
1 ms. Memory: 331776K Free: 258287K (78%)
----------------- Invoking toplevel() on ptolemy.moml.MoMLSimpleApplication@81554c7
----------------- Done invoking toplevel() on ptolemy.moml.MoMLSimpleApplication@81554c7
reloadAllAccessors: .PoissonClock

===========================================================================================
----------------- testing Sat Oct 10 15:47:23 UTC 2020 /home/travis/build/icyphy/ptII/ptolemy/actor/lib/test/auto/PoissonClock2.xml
----------------- Instantiating /home/travis/build/icyphy/ptII/ptolemy/actor/lib/test/auto/PoissonClock2.xml
1 ms. Memory: 331776K Free: 253677K (76%)
----------------- Invoking toplevel() on ptolemy.moml.MoMLSimpleApplication@8634b6b
----------------- Done invoking toplevel() on ptolemy.moml.MoMLSimpleApplication@8634b6b
reloadAllAccessors: .PoissonClock2

===========================================================================================
----------------- testing Sat Oct 10 15:47:23 UTC 2020 /home/travis/build/icyphy/ptII/ptolemy/actor/lib/test/auto/PoissonClock3.xml
----------------- Instantiating /home/travis/build/icyphy/ptII/ptolemy/actor/lib/test/auto/PoissonClock3.xml
1 ms. Memory: 331776K Free: 249071K (75%)
----------------- Invoking toplevel() on ptolemy.moml.MoMLSimpleApplication@64beeb6a
----------------- Done invoking toplevel() on ptolemy.moml.MoMLSimpleApplication@64beeb6a
reloadAllAccessors: .PoissonClock3

===========================================================================================
----------------- testing Sat Oct 10 15:47:23 UTC 2020 /home/travis/build/icyphy/ptII/ptolemy/actor/lib/test/auto/PubSubWithInitialTokens.xml
----------------- Instantiating /home/travis/build/icyphy/ptII/ptolemy/actor/lib/test/auto/PubSubWithInitialTokens.xml
1 ms. Memory: 331776K Free: 243431K (73%)
----------------- Invoking toplevel() on ptolemy.moml.MoMLSimpleApplication@65f328ba
----------------- Done invoking toplevel() on ptolemy.moml.MoMLSimpleApplication@65f328ba
reloadAllAccessors: .PubSubWithInitialTokens

===========================================================================================
----------------- testing Sat Oct 10 15:47:23 UTC 2020 /home/travis/build/icyphy/ptII/ptolemy/actor/lib/test/auto/PubSubWithInitialTokens2.xml
----------------- Instantiating /home/travis/build/icyphy/ptII/ptolemy/actor/lib/test/auto/PubSubWithInitialTokens2.xml
1 ms. Memory: 331776K Free: 237279K (72%)
----------------- Invoking toplevel() on ptolemy.moml.MoMLSimpleApplication@3519f45f
----------------- Done invoking toplevel() on ptolemy.moml.MoMLSimpleApplication@3519f45f
reloadAllAccessors: .PubSubWithInitialTokens2

===========================================================================================
----------------- testing Sat Oct 10 15:47:23 UTC 2020 /home/travis/build/icyphy/ptII/ptolemy/actor/lib/test/auto/PublisherClassNoParameter.xml
----------------- Instantiating /home/travis/build/icyphy/ptII/ptolemy/actor/lib/test/auto/PublisherClassNoParameter.xml
1 ms. Memory: 331776K Free: 227039K (68%)
----------------- Invoking toplevel() on ptolemy.moml.MoMLSimpleApplication@54206b12
----------------- Done invoking toplevel() on ptolemy.moml.MoMLSimpleApplication@54206b12
reloadAllAccessors: .PublisherClassNoParameter

===========================================================================================
----------------- testing Sat Oct 10 15:47:23 UTC 2020 /home/travis/build/icyphy/ptII/ptolemy/actor/lib/test/auto/PublisherClassParameter.xml
----------------- Instantiating /home/travis/build/icyphy/ptII/ptolemy/actor/lib/test/auto/PublisherClassParameter.xml
2 ms. Memory: 331776K Free: 216799K (65%)
----------------- Invoking toplevel() on ptolemy.moml.MoMLSimpleApplication@40deba0c
----------------- Done invoking toplevel() on ptolemy.moml.MoMLSimpleApplication@40deba0c
reloadAllAccessors: .PublisherClassParameter

===========================================================================================
----------------- testing Sat Oct 10 15:47:23 UTC 2020 /home/travis/build/icyphy/ptII/ptolemy/actor/lib/test/auto/PublisherNonStrictTest.xml
----------------- Instantiating /home/travis/build/icyphy/ptII/ptolemy/actor/lib/test/auto/PublisherNonStrictTest.xml
2 ms. Memory: 331776K Free: 209135K (63%)
----------------- Invoking toplevel() on ptolemy.moml.MoMLSimpleApplication@5568f1e1
----------------- Done invoking toplevel() on ptolemy.moml.MoMLSimpleApplication@5568f1e1
reloadAllAccessors: .PublisherNonStrictTest

===========================================================================================
----------------- testing Sat Oct 10 15:47:23 UTC 2020 /home/travis/build/icyphy/ptII/ptolemy/actor/lib/test/auto/PublisherPort1.xml
----------------- Instantiating /home/travis/build/icyphy/ptII/ptolemy/actor/lib/test/auto/PublisherPort1.xml
8 ms. Memory: 331776K Free: 203471K (61%)
----------------- Invoking toplevel() on ptolemy.moml.MoMLSimpleApplication@3d7fa6aa
----------------- Done invoking toplevel() on ptolemy.moml.MoMLSimpleApplication@3d7fa6aa
reloadAllAccessors: .PublisherPort1

===========================================================================================
----------------- testing Sat Oct 10 15:47:23 UTC 2020 /home/travis/build/icyphy/ptII/ptolemy/actor/lib/test/auto/PublisherPort2.xml
----------------- Instantiating /home/travis/build/icyphy/ptII/ptolemy/actor/lib/test/auto/PublisherPort2.xml
1 ms. Memory: 331776K Free: 198381K (60%)
----------------- Invoking toplevel() on ptolemy.moml.MoMLSimpleApplication@64bd8cb7
----------------- Done invoking toplevel() on ptolemy.moml.MoMLSimpleApplication@64bd8cb7
reloadAllAccessors: .PublisherPort2

===========================================================================================
----------------- testing Sat Oct 10 15:47:23 UTC 2020 /home/travis/build/icyphy/ptII/ptolemy/actor/lib/test/auto/PublisherPort3.xml
----------------- Instantiating /home/travis/build/icyphy/ptII/ptolemy/actor/lib/test/auto/PublisherPort3.xml
2 ms. Memory: 331776K Free: 191727K (58%)
----------------- Invoking toplevel() on ptolemy.moml.MoMLSimpleApplication@747a7b54
----------------- Done invoking toplevel() on ptolemy.moml.MoMLSimpleApplication@747a7b54
reloadAllAccessors: .PublisherPort3

===========================================================================================
----------------- testing Sat Oct 10 15:47:23 UTC 2020 /home/travis/build/icyphy/ptII/ptolemy/actor/lib/test/auto/PublisherPort4.xml
----------------- Instantiating /home/travis/build/icyphy/ptII/ptolemy/actor/lib/test/auto/PublisherPort4.xml
2 ms. Memory: 331776K Free: 186087K (56%)
----------------- Invoking toplevel() on ptolemy.moml.MoMLSimpleApplication@3b24dff9
----------------- Done invoking toplevel() on ptolemy.moml.MoMLSimpleApplication@3b24dff9
reloadAllAccessors: .PublisherPort4

===========================================================================================
----------------- testing Sat Oct 10 15:47:23 UTC 2020 /home/travis/build/icyphy/ptII/ptolemy/actor/lib/test/auto/PublisherPort5.xml
----------------- Instantiating /home/travis/build/icyphy/ptII/ptolemy/actor/lib/test/auto/PublisherPort5.xml
3 ms. Memory: 331776K Free: 177901K (54%)
----------------- Invoking toplevel() on ptolemy.moml.MoMLSimpleApplication@1664669d
----------------- Done invoking toplevel() on ptolemy.moml.MoMLSimpleApplication@1664669d
reloadAllAccessors: .PublisherPort5

===========================================================================================
----------------- testing Sat Oct 10 15:47:23 UTC 2020 /home/travis/build/icyphy/ptII/ptolemy/actor/lib/test/auto/PublisherPort5LookAlike.xml
----------------- Instantiating /home/travis/build/icyphy/ptII/ptolemy/actor/lib/test/auto/PublisherPort5LookAlike.xml
6 ms. Memory: 331776K Free: 170223K (51%)
----------------- Invoking toplevel() on ptolemy.moml.MoMLSimpleApplication@71cea796
----------------- Done invoking toplevel() on ptolemy.moml.MoMLSimpleApplication@71cea796
reloadAllAccessors: .PublisherPort5LookAlike

===========================================================================================
----------------- testing Sat Oct 10 15:47:23 UTC 2020 /home/travis/build/icyphy/ptII/ptolemy/actor/lib/test/auto/PublisherPort6.xml
----------------- Instantiating /home/travis/build/icyphy/ptII/ptolemy/actor/lib/test/auto/PublisherPort6.xml
2 ms. Memory: 331776K Free: 163559K (49%)
----------------- Invoking toplevel() on ptolemy.moml.MoMLSimpleApplication@4c025b3d
----------------- Done invoking toplevel() on ptolemy.moml.MoMLSimpleApplication@4c025b3d
reloadAllAccessors: .PublisherPort6

===========================================================================================
----------------- testing Sat Oct 10 15:47:23 UTC 2020 /home/travis/build/icyphy/ptII/ptolemy/actor/lib/test/auto/PublisherPort7.xml
----------------- Instantiating /home/travis/build/icyphy/ptII/ptolemy/actor/lib/test/auto/PublisherPort7.xml
3 ms. Memory: 331776K Free: 155887K (47%)
----------------- Invoking toplevel() on ptolemy.moml.MoMLSimpleApplication@1a2d73e7
----------------- Done invoking toplevel() on ptolemy.moml.MoMLSimpleApplication@1a2d73e7
reloadAllAccessors: .PublisherPort7

===========================================================================================
----------------- testing Sat Oct 10 15:47:23 UTC 2020 /home/travis/build/icyphy/ptII/ptolemy/actor/lib/test/auto/PublisherPort8.xml
----------------- Instantiating /home/travis/build/icyphy/ptII/ptolemy/actor/lib/test/auto/PublisherPort8.xml
3 ms. Memory: 331776K Free: 147181K (44%)
----------------- Invoking toplevel() on ptolemy.moml.MoMLSimpleApplication@59c54307
----------------- Done invoking toplevel() on ptolemy.moml.MoMLSimpleApplication@59c54307
reloadAllAccessors: .PublisherPort8

===========================================================================================
----------------- testing Sat Oct 10 15:47:23 UTC 2020 /home/travis/build/icyphy/ptII/ptolemy/actor/lib/test/auto/PublisherPortSubscriberChannelVariablesAOC2.xml
----------------- Instantiating /home/travis/build/icyphy/ptII/ptolemy/actor/lib/test/auto/PublisherPortSubscriberChannelVariablesAOC2.xml
2 ms. Memory: 331776K Free: 129773K (39%)
----------------- Invoking toplevel() on ptolemy.moml.MoMLSimpleApplication@25ecbea7
----------------- Done invoking toplevel() on ptolemy.moml.MoMLSimpleApplication@25ecbea7
reloadAllAccessors: .PublisherPortSubscriberChannelVariablesAOC2

===========================================================================================
----------------- testing Sat Oct 10 15:47:23 UTC 2020 /home/travis/build/icyphy/ptII/ptolemy/actor/lib/test/auto/PublisherPortSubscriberOpaqueWidthInference.xml
----------------- Instantiating /home/travis/build/icyphy/ptII/ptolemy/actor/lib/test/auto/PublisherPortSubscriberOpaqueWidthInference.xml
5 ms. Memory: 331776K Free: 122095K (37%)
----------------- Invoking toplevel() on ptolemy.moml.MoMLSimpleApplication@28dee633
----------------- Done invoking toplevel() on ptolemy.moml.MoMLSimpleApplication@28dee633
reloadAllAccessors: .PublisherPortSubscriberOpaqueWidthInference

===========================================================================================
----------------- testing Sat Oct 10 15:47:23 UTC 2020 /home/travis/build/icyphy/ptII/ptolemy/actor/lib/test/auto/PublisherPortSubscriberPortAdjacent.xml
----------------- Instantiating /home/travis/build/icyphy/ptII/ptolemy/actor/lib/test/auto/PublisherPortSubscriberPortAdjacent.xml
2 ms. Memory: 331776K Free: 113389K (34%)
----------------- Invoking toplevel() on ptolemy.moml.MoMLSimpleApplication@e52b45f
----------------- Done invoking toplevel() on ptolemy.moml.MoMLSimpleApplication@e52b45f
reloadAllAccessors: .PublisherPortSubscriberPortAdjacent

===========================================================================================
----------------- testing Sat Oct 10 15:47:23 UTC 2020 /home/travis/build/icyphy/ptII/ptolemy/actor/lib/test/auto/PublisherPortSubscriberPortExpression.xml
----------------- Instantiating /home/travis/build/icyphy/ptII/ptolemy/actor/lib/test/auto/PublisherPortSubscriberPortExpression.xml
2 ms. Memory: 331776K Free: 105711K (32%)
----------------- Invoking toplevel() on ptolemy.moml.MoMLSimpleApplication@3ce6a0f1
----------------- Done invoking toplevel() on ptolemy.moml.MoMLSimpleApplication@3ce6a0f1
reloadAllAccessors: .PublisherPortSubscriberPortExpression

===========================================================================================
----------------- testing Sat Oct 10 15:47:23 UTC 2020 /home/travis/build/icyphy/ptII/ptolemy/actor/lib/test/auto/PublisherPortSubscriberPortOpaqueD3Reverse.xml
----------------- Instantiating /home/travis/build/icyphy/ptII/ptolemy/actor/lib/test/auto/PublisherPortSubscriberPortOpaqueD3Reverse.xml
5 ms. Memory: 331776K Free: 95471K (29%)
----------------- Invoking toplevel() on ptolemy.moml.MoMLSimpleApplication@42f0286c
----------------- Done invoking toplevel() on ptolemy.moml.MoMLSimpleApplication@42f0286c
reloadAllAccessors: .PublisherPortSubscriberPortOpaqueD3Reverse

===========================================================================================
----------------- testing Sat Oct 10 15:47:23 UTC 2020 /home/travis/build/icyphy/ptII/ptolemy/actor/lib/test/auto/PublisherPortSubscriberPortOpaqueWidthInference.xml
----------------- Instantiating /home/travis/build/icyphy/ptII/ptolemy/actor/lib/test/auto/PublisherPortSubscriberPortOpaqueWidthInference.xml
4 ms. Memory: 331776K Free: 87775K (26%)
----------------- Invoking toplevel() on ptolemy.moml.MoMLSimpleApplication@2a4d1907
----------------- Done invoking toplevel() on ptolemy.moml.MoMLSimpleApplication@2a4d1907
reloadAllAccessors: .PublisherPortSubscriberPortOpaqueWidthInference

===========================================================================================
----------------- testing Sat Oct 10 15:47:23 UTC 2020 /home/travis/build/icyphy/ptII/ptolemy/actor/lib/test/auto/PublisherPortToplevelSubscriberPortAOC.xml
----------------- Instantiating /home/travis/build/icyphy/ptII/ptolemy/actor/lib/test/auto/PublisherPortToplevelSubscriberPortAOC.xml
.PublisherPortToplevelSubscriberPortAOC.TestExceptionAttribute: initialize() was not invoked, but wrapup() was.  This is unusual, but not always a problem.  For example, exporting JNLP will do this.
1 ms. Memory: 331776K Free: 277767K (84%)
----------------- Invoking toplevel() on ptolemy.moml.MoMLSimpleApplication@1cccf77c
----------------- Done invoking toplevel() on ptolemy.moml.MoMLSimpleApplication@1cccf77c
reloadAllAccessors: .PublisherPortToplevelSubscriberPortAOC

===========================================================================================
----------------- testing Sat Oct 10 15:47:23 UTC 2020 /home/travis/build/icyphy/ptII/ptolemy/actor/lib/test/auto/PublisherSubscriber.xml
----------------- Instantiating /home/travis/build/icyphy/ptII/ptolemy/actor/lib/test/auto/PublisherSubscriber.xml
3 ms. Memory: 331776K Free: 270055K (81%)
----------------- Invoking toplevel() on ptolemy.moml.MoMLSimpleApplication@65b539a1
----------------- Done invoking toplevel() on ptolemy.moml.MoMLSimpleApplication@65b539a1
reloadAllAccessors: .PublisherSubscriber

===========================================================================================
----------------- testing Sat Oct 10 15:47:23 UTC 2020 /home/travis/build/icyphy/ptII/ptolemy/actor/lib/test/auto/PublisherSubscriber10.xml
----------------- Instantiating /home/travis/build/icyphy/ptII/ptolemy/actor/lib/test/auto/PublisherSubscriber10.xml
5 ms. Memory: 331776K Free: 260359K (78%)
----------------- Invoking toplevel() on ptolemy.moml.MoMLSimpleApplication@5a8ba6d3
----------------- Done invoking toplevel() on ptolemy.moml.MoMLSimpleApplication@5a8ba6d3
reloadAllAccessors: .PublisherSubscriber10

===========================================================================================
----------------- testing Sat Oct 10 15:47:23 UTC 2020 /home/travis/build/icyphy/ptII/ptolemy/actor/lib/test/auto/PublisherSubscriber10InitialOutputs.xml
----------------- Instantiating /home/travis/build/icyphy/ptII/ptolemy/actor/lib/test/auto/PublisherSubscriber10InitialOutputs.xml
10 ms. Memory: 331776K Free: 251143K (76%)
----------------- Invoking toplevel() on ptolemy.moml.MoMLSimpleApplication@5c793a16
----------------- Done invoking toplevel() on ptolemy.moml.MoMLSimpleApplication@5c793a16
reloadAllAccessors: .PublisherSubscriber10InitialOutputs

===========================================================================================
----------------- testing Sat Oct 10 15:47:23 UTC 2020 /home/travis/build/icyphy/ptII/ptolemy/actor/lib/test/auto/PublisherSubscriber11.xml
----------------- Instantiating /home/travis/build/icyphy/ptII/ptolemy/actor/lib/test/auto/PublisherSubscriber11.xml
2 ms. Memory: 331776K Free: 244999K (74%)
----------------- Invoking toplevel() on ptolemy.moml.MoMLSimpleApplication@225877c7
----------------- Done invoking toplevel() on ptolemy.moml.MoMLSimpleApplication@225877c7
reloadAllAccessors: .PublisherSubscriber11

===========================================================================================
----------------- testing Sat Oct 10 15:47:23 UTC 2020 /home/travis/build/icyphy/ptII/ptolemy/actor/lib/test/auto/PublisherSubscriber12.xml
----------------- Instantiating /home/travis/build/icyphy/ptII/ptolemy/actor/lib/test/auto/PublisherSubscriber12.xml
4 ms. Memory: 331776K Free: 238341K (72%)
----------------- Invoking toplevel() on ptolemy.moml.MoMLSimpleApplication@7c5d977b
----------------- Done invoking toplevel() on ptolemy.moml.MoMLSimpleApplication@7c5d977b
reloadAllAccessors: .PublisherSubscriber12

===========================================================================================
----------------- testing Sat Oct 10 15:47:23 UTC 2020 /home/travis/build/icyphy/ptII/ptolemy/actor/lib/test/auto/PublisherSubscriber13.xml
----------------- Instantiating /home/travis/build/icyphy/ptII/ptolemy/actor/lib/test/auto/PublisherSubscriber13.xml
2 ms. Memory: 331776K Free: 232183K (70%)
----------------- Invoking toplevel() on ptolemy.moml.MoMLSimpleApplication@3d2d1bd7
----------------- Done invoking toplevel() on ptolemy.moml.MoMLSimpleApplication@3d2d1bd7
reloadAllAccessors: .PublisherSubscriber13

===========================================================================================
----------------- testing Sat Oct 10 15:47:23 UTC 2020 /home/travis/build/icyphy/ptII/ptolemy/actor/lib/test/auto/PublisherSubscriber14.xml
----------------- Instantiating /home/travis/build/icyphy/ptII/ptolemy/actor/lib/test/auto/PublisherSubscriber14.xml
2 ms. Memory: 331776K Free: 223495K (67%)
----------------- Invoking toplevel() on ptolemy.moml.MoMLSimpleApplication@507d35a0
----------------- Done invoking toplevel() on ptolemy.moml.MoMLSimpleApplication@507d35a0
reloadAllAccessors: .PublisherSubscriber14

===========================================================================================
----------------- testing Sat Oct 10 15:47:23 UTC 2020 /home/travis/build/icyphy/ptII/ptolemy/actor/lib/test/auto/PublisherSubscriber2.xml
----------------- Instantiating /home/travis/build/icyphy/ptII/ptolemy/actor/lib/test/auto/PublisherSubscriber2.xml
2 ms. Memory: 331776K Free: 217847K (66%)
----------------- Invoking toplevel() on ptolemy.moml.MoMLSimpleApplication@3c2df502
----------------- Done invoking toplevel() on ptolemy.moml.MoMLSimpleApplication@3c2df502
reloadAllAccessors: .PublisherSubscriber2

===========================================================================================
----------------- testing Sat Oct 10 15:47:23 UTC 2020 /home/travis/build/icyphy/ptII/ptolemy/actor/lib/test/auto/PublisherSubscriber3.xml
----------------- Instantiating /home/travis/build/icyphy/ptII/ptolemy/actor/lib/test/auto/PublisherSubscriber3.xml
1 ms. Memory: 331776K Free: 212231K (64%)
----------------- Invoking toplevel() on ptolemy.moml.MoMLSimpleApplication@28d46be9
----------------- Done invoking toplevel() on ptolemy.moml.MoMLSimpleApplication@28d46be9
reloadAllAccessors: .PublisherSubscriber3

===========================================================================================
----------------- testing Sat Oct 10 15:47:23 UTC 2020 /home/travis/build/icyphy/ptII/ptolemy/actor/lib/test/auto/PublisherSubscriber4.xml
----------------- Instantiating /home/travis/build/icyphy/ptII/ptolemy/actor/lib/test/auto/PublisherSubscriber4.xml
1 ms. Memory: 331776K Free: 206597K (62%)
----------------- Invoking toplevel() on ptolemy.moml.MoMLSimpleApplication@6151a4c2
----------------- Done invoking toplevel() on ptolemy.moml.MoMLSimpleApplication@6151a4c2
reloadAllAccessors: .PublisherSubscriber4

===========================================================================================
----------------- testing Sat Oct 10 15:47:23 UTC 2020 /home/travis/build/icyphy/ptII/ptolemy/actor/lib/test/auto/PublisherSubscriber5.xml
----------------- Instantiating /home/travis/build/icyphy/ptII/ptolemy/actor/lib/test/auto/PublisherSubscriber5.xml
1 ms. Memory: 331776K Free: 199415K (60%)
----------------- Invoking toplevel() on ptolemy.moml.MoMLSimpleApplication@4d31aacf
----------------- Done invoking toplevel() on ptolemy.moml.MoMLSimpleApplication@4d31aacf
reloadAllAccessors: .PublisherSubscriber5

===========================================================================================
----------------- testing Sat Oct 10 15:47:23 UTC 2020 /home/travis/build/icyphy/ptII/ptolemy/actor/lib/test/auto/PublisherSubscriber6.xml
----------------- Instantiating /home/travis/build/icyphy/ptII/ptolemy/actor/lib/test/auto/PublisherSubscriber6.xml
3 ms. Memory: 331776K Free: 192775K (58%)
----------------- Invoking toplevel() on ptolemy.moml.MoMLSimpleApplication@34d74597
----------------- Done invoking toplevel() on ptolemy.moml.MoMLSimpleApplication@34d74597
reloadAllAccessors: .PublisherSubscriber6

===========================================================================================
----------------- testing Sat Oct 10 15:47:23 UTC 2020 /home/travis/build/icyphy/ptII/ptolemy/actor/lib/test/auto/PublisherSubscriber7.xml
----------------- Instantiating /home/travis/build/icyphy/ptII/ptolemy/actor/lib/test/auto/PublisherSubscriber7.xml
5 ms. Memory: 331776K Free: 186111K (56%)
----------------- Invoking toplevel() on ptolemy.moml.MoMLSimpleApplication@36793f6e
----------------- Done invoking toplevel() on ptolemy.moml.MoMLSimpleApplication@36793f6e
reloadAllAccessors: .PublisherSubscriber7

===========================================================================================
----------------- testing Sat Oct 10 15:47:23 UTC 2020 /home/travis/build/icyphy/ptII/ptolemy/actor/lib/test/auto/PublisherSubscriber8.xml
----------------- Instantiating /home/travis/build/icyphy/ptII/ptolemy/actor/lib/test/auto/PublisherSubscriber8.xml
15 ms. Memory: 331776K Free: 174343K (53%)
----------------- Invoking toplevel() on ptolemy.moml.MoMLSimpleApplication@671dd55e
----------------- Done invoking toplevel() on ptolemy.moml.MoMLSimpleApplication@671dd55e
reloadAllAccessors: .PublisherSubscriber8

===========================================================================================
----------------- testing Sat Oct 10 15:47:23 UTC 2020 /home/travis/build/icyphy/ptII/ptolemy/actor/lib/test/auto/PublisherSubscriber9.xml
----------------- Instantiating /home/travis/build/icyphy/ptII/ptolemy/actor/lib/test/auto/PublisherSubscriber9.xml
2 ms. Memory: 331776K Free: 166655K (50%)
----------------- Invoking toplevel() on ptolemy.moml.MoMLSimpleApplication@7a0d8fa8
----------------- Done invoking toplevel() on ptolemy.moml.MoMLSimpleApplication@7a0d8fa8
reloadAllAccessors: .PublisherSubscriber9

===========================================================================================
----------------- testing Sat Oct 10 15:47:24 UTC 2020 /home/travis/build/icyphy/ptII/ptolemy/actor/lib/test/auto/PublisherSubscriberAdjacent.xml
----------------- Instantiating /home/travis/build/icyphy/ptII/ptolemy/actor/lib/test/auto/PublisherSubscriberAdjacent.xml
2 ms. Memory: 331776K Free: 158469K (48%)
----------------- Invoking toplevel() on ptolemy.moml.MoMLSimpleApplication@5bf69db3
----------------- Done invoking toplevel() on ptolemy.moml.MoMLSimpleApplication@5bf69db3
reloadAllAccessors: .PublisherSubscriberAdjacent

===========================================================================================
----------------- testing Sat Oct 10 15:47:24 UTC 2020 /home/travis/build/icyphy/ptII/ptolemy/actor/lib/test/auto/PublisherSubscriberChannelVariablesAOC2.xml
----------------- Instantiating /home/travis/build/icyphy/ptII/ptolemy/actor/lib/test/auto/PublisherSubscriberChannelVariablesAOC2.xml
2 ms. Memory: 331776K Free: 143623K (43%)
----------------- Invoking toplevel() on ptolemy.moml.MoMLSimpleApplication@101d34c2
----------------- Done invoking toplevel() on ptolemy.moml.MoMLSimpleApplication@101d34c2
reloadAllAccessors: .PublisherSubscriberChannelVariablesAOC2

===========================================================================================
----------------- testing Sat Oct 10 15:47:24 UTC 2020 /home/travis/build/icyphy/ptII/ptolemy/actor/lib/test/auto/PublisherSubscriberD3.xml
----------------- Instantiating /home/travis/build/icyphy/ptII/ptolemy/actor/lib/test/auto/PublisherSubscriberD3.xml
1 ms. Memory: 331776K Free: 136455K (41%)
----------------- Invoking toplevel() on ptolemy.moml.MoMLSimpleApplication@36fc26fd
----------------- Done invoking toplevel() on ptolemy.moml.MoMLSimpleApplication@36fc26fd
reloadAllAccessors: .PublisherSubscriberD3

===========================================================================================
----------------- testing Sat Oct 10 15:47:24 UTC 2020 /home/travis/build/icyphy/ptII/ptolemy/actor/lib/test/auto/PublisherSubscriberD3Reverse.xml
----------------- Instantiating /home/travis/build/icyphy/ptII/ptolemy/actor/lib/test/auto/PublisherSubscriberD3Reverse.xml
1 ms. Memory: 331776K Free: 130311K (39%)
----------------- Invoking toplevel() on ptolemy.moml.MoMLSimpleApplication@16dc3fb0
----------------- Done invoking toplevel() on ptolemy.moml.MoMLSimpleApplication@16dc3fb0
reloadAllAccessors: .PublisherSubscriberD3Reverse

===========================================================================================
----------------- testing Sat Oct 10 15:47:24 UTC 2020 /home/travis/build/icyphy/ptII/ptolemy/actor/lib/test/auto/PublisherSubscriberExpression.xml
----------------- Instantiating /home/travis/build/icyphy/ptII/ptolemy/actor/lib/test/auto/PublisherSubscriberExpression.xml
4 ms. Memory: 331776K Free: 121095K (36%)
----------------- Invoking toplevel() on ptolemy.moml.MoMLSimpleApplication@2e010091
----------------- Done invoking toplevel() on ptolemy.moml.MoMLSimpleApplication@2e010091
reloadAllAccessors: .PublisherSubscriberExpression

===========================================================================================
----------------- testing Sat Oct 10 15:47:24 UTC 2020 /home/travis/build/icyphy/ptII/ptolemy/actor/lib/test/auto/PublisherSubscriberOpaque.xml
----------------- Instantiating /home/travis/build/icyphy/ptII/ptolemy/actor/lib/test/auto/PublisherSubscriberOpaque.xml
3 ms. Memory: 331776K Free: 112903K (34%)
----------------- Invoking toplevel() on ptolemy.moml.MoMLSimpleApplication@7b6bcd4d
----------------- Done invoking toplevel() on ptolemy.moml.MoMLSimpleApplication@7b6bcd4d
reloadAllAccessors: .PublisherSubscriberOpaque

===========================================================================================
----------------- testing Sat Oct 10 15:47:24 UTC 2020 /home/travis/build/icyphy/ptII/ptolemy/actor/lib/test/auto/PublisherSubscriberOpaqueD3.xml
----------------- Instantiating /home/travis/build/icyphy/ptII/ptolemy/actor/lib/test/auto/PublisherSubscriberOpaqueD3.xml
5 ms. Memory: 331776K Free: 101639K (31%)
----------------- Invoking toplevel() on ptolemy.moml.MoMLSimpleApplication@6d8cc8c6
----------------- Done invoking toplevel() on ptolemy.moml.MoMLSimpleApplication@6d8cc8c6
reloadAllAccessors: .PublisherSubscriberOpaqueD3

===========================================================================================
----------------- testing Sat Oct 10 15:47:24 UTC 2020 /home/travis/build/icyphy/ptII/ptolemy/actor/lib/test/auto/PublisherSubscriberOpaqueD3Reverse.xml
----------------- Instantiating /home/travis/build/icyphy/ptII/ptolemy/actor/lib/test/auto/PublisherSubscriberOpaqueD3Reverse.xml
7 ms. Memory: 331776K Free: 90885K (27%)
----------------- Invoking toplevel() on ptolemy.moml.MoMLSimpleApplication@7ac489e6
----------------- Done invoking toplevel() on ptolemy.moml.MoMLSimpleApplication@7ac489e6
reloadAllAccessors: .PublisherSubscriberOpaqueD3Reverse

===========================================================================================
----------------- testing Sat Oct 10 15:47:24 UTC 2020 /home/travis/build/icyphy/ptII/ptolemy/actor/lib/test/auto/PublisherSubscriberOpaqueWidthInference.xml
----------------- Instantiating /home/travis/build/icyphy/ptII/ptolemy/actor/lib/test/auto/PublisherSubscriberOpaqueWidthInference.xml
4 ms. Memory: 331776K Free: 277591K (84%)
----------------- Invoking toplevel() on ptolemy.moml.MoMLSimpleApplication@59db98c1
----------------- Done invoking toplevel() on ptolemy.moml.MoMLSimpleApplication@59db98c1
reloadAllAccessors: .PublisherSubscriberOpaqueWidthInference

===========================================================================================
----------------- testing Sat Oct 10 15:47:24 UTC 2020 /home/travis/build/icyphy/ptII/ptolemy/actor/lib/test/auto/PublisherTestSubscriber.xml
----------------- Instantiating /home/travis/build/icyphy/ptII/ptolemy/actor/lib/test/auto/PublisherTestSubscriber.xml
4 ms. Memory: 331776K Free: 269399K (81%)
----------------- Invoking toplevel() on ptolemy.moml.MoMLSimpleApplication@4ce9530e
----------------- Done invoking toplevel() on ptolemy.moml.MoMLSimpleApplication@4ce9530e
reloadAllAccessors: .PublisherTestSubscriber

===========================================================================================
----------------- testing Sat Oct 10 15:47:24 UTC 2020 /home/travis/build/icyphy/ptII/ptolemy/actor/lib/test/auto/PublisherToplevelSubscriberPortAOC.xml
----------------- Instantiating /home/travis/build/icyphy/ptII/ptolemy/actor/lib/test/auto/PublisherToplevelSubscriberPortAOC.xml
1 ms. Memory: 331776K Free: 262231K (79%)
----------------- Invoking toplevel() on ptolemy.moml.MoMLSimpleApplication@7ca91e6e
----------------- Done invoking toplevel() on ptolemy.moml.MoMLSimpleApplication@7ca91e6e
reloadAllAccessors: .PublisherToplevelSubscriberPortAOC

===========================================================================================
----------------- testing Sat Oct 10 15:47:24 UTC 2020 /home/travis/build/icyphy/ptII/ptolemy/actor/lib/test/auto/PulseFiringLimitDE.xml
----------------- Instantiating /home/travis/build/icyphy/ptII/ptolemy/actor/lib/test/auto/PulseFiringLimitDE.xml
2 ms. Memory: 331776K Free: 256087K (77%)
----------------- Invoking toplevel() on ptolemy.moml.MoMLSimpleApplication@1c4fb2d1
----------------- Done invoking toplevel() on ptolemy.moml.MoMLSimpleApplication@1c4fb2d1
reloadAllAccessors: .PulseFiringLimitDE

===========================================================================================
----------------- testing Sat Oct 10 15:47:24 UTC 2020 /home/travis/build/icyphy/ptII/ptolemy/actor/lib/test/auto/Ramp1.xml
----------------- Instantiating /home/travis/build/icyphy/ptII/ptolemy/actor/lib/test/auto/Ramp1.xml
1 ms. Memory: 331776K Free: 251991K (76%)
----------------- Invoking toplevel() on ptolemy.moml.MoMLSimpleApplication@5a112e79
----------------- Done invoking toplevel() on ptolemy.moml.MoMLSimpleApplication@5a112e79
reloadAllAccessors: .Ramp1

===========================================================================================
----------------- testing Sat Oct 10 15:47:24 UTC 2020 /home/travis/build/icyphy/ptII/ptolemy/actor/lib/test/auto/RampFiringLimitDE.xml
----------------- Instantiating /home/travis/build/icyphy/ptII/ptolemy/actor/lib/test/auto/RampFiringLimitDE.xml
2 ms. Memory: 331776K Free: 245847K (74%)
----------------- Invoking toplevel() on ptolemy.moml.MoMLSimpleApplication@b97f598
----------------- Done invoking toplevel() on ptolemy.moml.MoMLSimpleApplication@b97f598
reloadAllAccessors: .RampFiringLimitDE

===========================================================================================
----------------- testing Sat Oct 10 15:47:24 UTC 2020 /home/travis/build/icyphy/ptII/ptolemy/actor/lib/test/auto/RampFiringLimitSDF.xml
----------------- Instantiating /home/travis/build/icyphy/ptII/ptolemy/actor/lib/test/auto/RampFiringLimitSDF.xml
1 ms. Memory: 331776K Free: 240183K (72%)
----------------- Invoking toplevel() on ptolemy.moml.MoMLSimpleApplication@5fa138ce
----------------- Done invoking toplevel() on ptolemy.moml.MoMLSimpleApplication@5fa138ce
reloadAllAccessors: .RampFiringLimitSDF

===========================================================================================
----------------- testing Sat Oct 10 15:47:24 UTC 2020 /home/travis/build/icyphy/ptII/ptolemy/actor/lib/test/auto/RandomInteger.xml
----------------- Instantiating /home/travis/build/icyphy/ptII/ptolemy/actor/lib/test/auto/RandomInteger.xml
1 ms. Memory: 331776K Free: 236117K (71%)
----------------- Invoking toplevel() on ptolemy.moml.MoMLSimpleApplication@165bdbd4
----------------- Done invoking toplevel() on ptolemy.moml.MoMLSimpleApplication@165bdbd4
reloadAllAccessors: .RandomInteger

===========================================================================================
----------------- testing Sat Oct 10 15:47:24 UTC 2020 /home/travis/build/icyphy/ptII/ptolemy/actor/lib/test/auto/ReadFile1.xml
----------------- Instantiating /home/travis/build/icyphy/ptII/ptolemy/actor/lib/test/auto/ReadFile1.xml
1 ms. Memory: 331776K Free: 231511K (70%)
----------------- Invoking toplevel() on ptolemy.moml.MoMLSimpleApplication@70505bf4
----------------- Done invoking toplevel() on ptolemy.moml.MoMLSimpleApplication@70505bf4
reloadAllAccessors: .ReadFile1

===========================================================================================
----------------- testing Sat Oct 10 15:47:24 UTC 2020 /home/travis/build/icyphy/ptII/ptolemy/actor/lib/test/auto/ReadFile2.xml
----------------- Instantiating /home/travis/build/icyphy/ptII/ptolemy/actor/lib/test/auto/ReadFile2.xml
1 ms. Memory: 331776K Free: 227415K (69%)
----------------- Invoking toplevel() on ptolemy.moml.MoMLSimpleApplication@2409164f
----------------- Done invoking toplevel() on ptolemy.moml.MoMLSimpleApplication@2409164f
reloadAllAccessors: .ReadFile2

===========================================================================================
----------------- testing Sat Oct 10 15:47:24 UTC 2020 /home/travis/build/icyphy/ptII/ptolemy/actor/lib/test/auto/Reader.xml
----------------- Instantiating /home/travis/build/icyphy/ptII/ptolemy/actor/lib/test/auto/Reader.xml
actor.lib.Reader is obsolete, use actor.lib.io.ExpressionReader instead
4 ms. Memory: 331776K Free: 222805K (67%)
----------------- Invoking toplevel() on ptolemy.moml.MoMLSimpleApplication@37d1cbd3
----------------- Done invoking toplevel() on ptolemy.moml.MoMLSimpleApplication@37d1cbd3
reloadAllAccessors: .Reader

===========================================================================================
----------------- testing Sat Oct 10 15:47:24 UTC 2020 /home/travis/build/icyphy/ptII/ptolemy/actor/lib/test/auto/RecordAssemblerDisplayNameTest.xml
----------------- Instantiating /home/travis/build/icyphy/ptII/ptolemy/actor/lib/test/auto/RecordAssemblerDisplayNameTest.xml
3273 ms. Memory: 331776K Free: 182557K (55%)
----------------- Invoking toplevel() on ptolemy.moml.MoMLSimpleApplication@3ea6e367
----------------- Done invoking toplevel() on ptolemy.moml.MoMLSimpleApplication@3ea6e367
reloadAllAccessors: .RecordAssemblerDisplayNameTest

===========================================================================================
----------------- testing Sat Oct 10 15:47:27 UTC 2020 /home/travis/build/icyphy/ptII/ptolemy/actor/lib/test/auto/RecordAssemblerTypeError.xml
----------------- Instantiating /home/travis/build/icyphy/ptII/ptolemy/actor/lib/test/auto/RecordAssemblerTypeError.xml
15 ms. Memory: 331776K Free: 172827K (52%)
----------------- Invoking toplevel() on ptolemy.moml.MoMLSimpleApplication@2e941d95
----------------- Done invoking toplevel() on ptolemy.moml.MoMLSimpleApplication@2e941d95
reloadAllAccessors: .RecordAssemblerTypeError

===========================================================================================
----------------- testing Sat Oct 10 15:47:27 UTC 2020 /home/travis/build/icyphy/ptII/ptolemy/actor/lib/test/auto/RecordDisassember.xml
----------------- Instantiating /home/travis/build/icyphy/ptII/ptolemy/actor/lib/test/auto/RecordDisassember.xml
3 ms. Memory: 331776K Free: 167693K (51%)
----------------- Invoking toplevel() on ptolemy.moml.MoMLSimpleApplication@16df0aa6
----------------- Done invoking toplevel() on ptolemy.moml.MoMLSimpleApplication@16df0aa6
reloadAllAccessors: .RecordDisassember

===========================================================================================
----------------- testing Sat Oct 10 15:47:27 UTC 2020 /home/travis/build/icyphy/ptII/ptolemy/actor/lib/test/auto/RecordDisassemberDisplayNameTest.xml
----------------- Instantiating /home/travis/build/icyphy/ptII/ptolemy/actor/lib/test/auto/RecordDisassemberDisplayNameTest.xml
6 ms. Memory: 331776K Free: 160029K (48%)
----------------- Invoking toplevel() on ptolemy.moml.MoMLSimpleApplication@4646b330
----------------- Done invoking toplevel() on ptolemy.moml.MoMLSimpleApplication@4646b330
reloadAllAccessors: .RecordDisassemberDisplayNameTest

===========================================================================================
----------------- testing Sat Oct 10 15:47:27 UTC 2020 /home/travis/build/icyphy/ptII/ptolemy/actor/lib/test/auto/RecordDisassembler.xml
----------------- Instantiating /home/travis/build/icyphy/ptII/ptolemy/actor/lib/test/auto/RecordDisassembler.xml
2 ms. Memory: 331776K Free: 154909K (47%)
----------------- Invoking toplevel() on ptolemy.moml.MoMLSimpleApplication@7b64777c
----------------- Done invoking toplevel() on ptolemy.moml.MoMLSimpleApplication@7b64777c
reloadAllAccessors: .RecordDisassembler

===========================================================================================
----------------- testing Sat Oct 10 15:47:27 UTC 2020 /home/travis/build/icyphy/ptII/ptolemy/actor/lib/test/auto/RecordDisassembler2.xml
----------------- Instantiating /home/travis/build/icyphy/ptII/ptolemy/actor/lib/test/auto/RecordDisassembler2.xml
5 ms. Memory: 331776K Free: 149789K (45%)
----------------- Invoking toplevel() on ptolemy.moml.MoMLSimpleApplication@2083d7f7
----------------- Done invoking toplevel() on ptolemy.moml.MoMLSimpleApplication@2083d7f7
reloadAllAccessors: .RecordDisassembler2

===========================================================================================
----------------- testing Sat Oct 10 15:47:27 UTC 2020 /home/travis/build/icyphy/ptII/ptolemy/actor/lib/test/auto/RecordUpdater.xml
----------------- Instantiating /home/travis/build/icyphy/ptII/ptolemy/actor/lib/test/auto/RecordUpdater.xml
1 ms. Memory: 331776K Free: 144155K (43%)
----------------- Invoking toplevel() on ptolemy.moml.MoMLSimpleApplication@67208628
----------------- Done invoking toplevel() on ptolemy.moml.MoMLSimpleApplication@67208628
reloadAllAccessors: .RecordUpdater

===========================================================================================
----------------- testing Sat Oct 10 15:47:27 UTC 2020 /home/travis/build/icyphy/ptII/ptolemy/actor/lib/test/auto/RecordUpdater2.xml
----------------- Instantiating /home/travis/build/icyphy/ptII/ptolemy/actor/lib/test/auto/RecordUpdater2.xml
2 ms. Memory: 331776K Free: 139035K (42%)
----------------- Invoking toplevel() on ptolemy.moml.MoMLSimpleApplication@18c114e1
----------------- Done invoking toplevel() on ptolemy.moml.MoMLSimpleApplication@18c114e1
reloadAllAccessors: .RecordUpdater2

===========================================================================================
----------------- testing Sat Oct 10 15:47:27 UTC 2020 /home/travis/build/icyphy/ptII/ptolemy/actor/lib/test/auto/RecursiveLattice.xml
----------------- Instantiating /home/travis/build/icyphy/ptII/ptolemy/actor/lib/test/auto/RecursiveLattice.xml
1 ms. Memory: 331776K Free: 134925K (41%)
----------------- Invoking toplevel() on ptolemy.moml.MoMLSimpleApplication@7bda64f2
----------------- Done invoking toplevel() on ptolemy.moml.MoMLSimpleApplication@7bda64f2
reloadAllAccessors: .RecursiveLattice

===========================================================================================
----------------- testing Sat Oct 10 15:47:27 UTC 2020 /home/travis/build/icyphy/ptII/ptolemy/actor/lib/test/auto/Router.xml
----------------- Instantiating /home/travis/build/icyphy/ptII/ptolemy/actor/lib/test/auto/Router.xml
3004 ms. Memory: 331776K Free: 122651K (37%)
----------------- Invoking toplevel() on ptolemy.moml.MoMLSimpleApplication@4bb85263
----------------- Done invoking toplevel() on ptolemy.moml.MoMLSimpleApplication@4bb85263
reloadAllAccessors: .Router

===========================================================================================
----------------- testing Sat Oct 10 15:47:30 UTC 2020 /home/travis/build/icyphy/ptII/ptolemy/actor/lib/test/auto/Router2.xml
----------------- Instantiating /home/travis/build/icyphy/ptII/ptolemy/actor/lib/test/auto/Router2.xml
3002 ms. Memory: 331776K Free: 110363K (33%)
----------------- Invoking toplevel() on ptolemy.moml.MoMLSimpleApplication@62dea4c8
----------------- Done invoking toplevel() on ptolemy.moml.MoMLSimpleApplication@62dea4c8
reloadAllAccessors: .Router2

===========================================================================================
----------------- testing Sat Oct 10 15:47:33 UTC 2020 /home/travis/build/icyphy/ptII/ptolemy/actor/lib/test/auto/RunningMaximum.xml
----------------- Instantiating /home/travis/build/icyphy/ptII/ptolemy/actor/lib/test/auto/RunningMaximum.xml
1 ms. Memory: 331776K Free: 105757K (32%)
----------------- Invoking toplevel() on ptolemy.moml.MoMLSimpleApplication@6c8fdf7c
----------------- Done invoking toplevel() on ptolemy.moml.MoMLSimpleApplication@6c8fdf7c
reloadAllAccessors: .RunningMaximum

===========================================================================================
----------------- testing Sat Oct 10 15:47:33 UTC 2020 /home/travis/build/icyphy/ptII/ptolemy/actor/lib/test/auto/RunningMinimum.xml
----------------- Instantiating /home/travis/build/icyphy/ptII/ptolemy/actor/lib/test/auto/RunningMinimum.xml
8 ms. Memory: 331776K Free: 100637K (30%)
----------------- Invoking toplevel() on ptolemy.moml.MoMLSimpleApplication@76026dad
----------------- Done invoking toplevel() on ptolemy.moml.MoMLSimpleApplication@76026dad
reloadAllAccessors: .RunningMinimum

===========================================================================================
----------------- testing Sat Oct 10 15:47:33 UTC 2020 /home/travis/build/icyphy/ptII/ptolemy/actor/lib/test/auto/Scale.xml
----------------- Instantiating /home/travis/build/icyphy/ptII/ptolemy/actor/lib/test/auto/Scale.xml
1 ms. Memory: 331776K Free: 96027K (29%)
----------------- Invoking toplevel() on ptolemy.moml.MoMLSimpleApplication@4e8e0ffc
----------------- Done invoking toplevel() on ptolemy.moml.MoMLSimpleApplication@4e8e0ffc
reloadAllAccessors: .Scale

===========================================================================================
----------------- testing Sat Oct 10 15:47:33 UTC 2020 /home/travis/build/icyphy/ptII/ptolemy/actor/lib/test/auto/Scale2.xml
----------------- Instantiating /home/travis/build/icyphy/ptII/ptolemy/actor/lib/test/auto/Scale2.xml
1 ms. Memory: 331776K Free: 91421K (28%)
----------------- Invoking toplevel() on ptolemy.moml.MoMLSimpleApplication@26067037
----------------- Done invoking toplevel() on ptolemy.moml.MoMLSimpleApplication@26067037
reloadAllAccessors: .Scale2

===========================================================================================
----------------- testing Sat Oct 10 15:47:33 UTC 2020 /home/travis/build/icyphy/ptII/ptolemy/actor/lib/test/auto/Scale3.xml
----------------- Instantiating /home/travis/build/icyphy/ptII/ptolemy/actor/lib/test/auto/Scale3.xml
14 ms. Memory: 331776K Free: 280692K (85%)
----------------- Invoking toplevel() on ptolemy.moml.MoMLSimpleApplication@35670852
----------------- Done invoking toplevel() on ptolemy.moml.MoMLSimpleApplication@35670852
reloadAllAccessors: .Scale3

===========================================================================================
----------------- testing Sat Oct 10 15:47:33 UTC 2020 /home/travis/build/icyphy/ptII/ptolemy/actor/lib/test/auto/ScaleArray.xml
----------------- Instantiating /home/travis/build/icyphy/ptII/ptolemy/actor/lib/test/auto/ScaleArray.xml
1 ms. Memory: 331776K Free: 275572K (83%)
----------------- Invoking toplevel() on ptolemy.moml.MoMLSimpleApplication@849d8ca
----------------- Done invoking toplevel() on ptolemy.moml.MoMLSimpleApplication@849d8ca
reloadAllAccessors: .ScaleArray

===========================================================================================
----------------- testing Sat Oct 10 15:47:33 UTC 2020 /home/travis/build/icyphy/ptII/ptolemy/actor/lib/test/auto/ScaleArray2.xml
----------------- Instantiating /home/travis/build/icyphy/ptII/ptolemy/actor/lib/test/auto/ScaleArray2.xml
1 ms. Memory: 331776K Free: 270452K (82%)
----------------- Invoking toplevel() on ptolemy.moml.MoMLSimpleApplication@413e700a
----------------- Done invoking toplevel() on ptolemy.moml.MoMLSimpleApplication@413e700a
reloadAllAccessors: .ScaleArray2

===========================================================================================
----------------- testing Sat Oct 10 15:47:33 UTC 2020 /home/travis/build/icyphy/ptII/ptolemy/actor/lib/test/auto/ScaleMatrix.xml
----------------- Instantiating /home/travis/build/icyphy/ptII/ptolemy/actor/lib/test/auto/ScaleMatrix.xml
94 ms. Memory: 331776K Free: 256626K (77%)
----------------- Invoking toplevel() on ptolemy.moml.MoMLSimpleApplication@3de69b5c
----------------- Done invoking toplevel() on ptolemy.moml.MoMLSimpleApplication@3de69b5c
reloadAllAccessors: .ScaleMatrix

===========================================================================================
----------------- testing Sat Oct 10 15:47:33 UTC 2020 /home/travis/build/icyphy/ptII/ptolemy/actor/lib/test/auto/Select.xml
----------------- Instantiating /home/travis/build/icyphy/ptII/ptolemy/actor/lib/test/auto/Select.xml
1 ms. Memory: 331776K Free: 250476K (75%)
----------------- Invoking toplevel() on ptolemy.moml.MoMLSimpleApplication@2e76ba14
----------------- Done invoking toplevel() on ptolemy.moml.MoMLSimpleApplication@2e76ba14
reloadAllAccessors: .Select

===========================================================================================
----------------- testing Sat Oct 10 15:47:33 UTC 2020 /home/travis/build/icyphy/ptII/ptolemy/actor/lib/test/auto/Select2.xml
----------------- Instantiating /home/travis/build/icyphy/ptII/ptolemy/actor/lib/test/auto/Select2.xml
1 ms. Memory: 331776K Free: 245362K (74%)
----------------- Invoking toplevel() on ptolemy.moml.MoMLSimpleApplication@4a1f9aaf
----------------- Done invoking toplevel() on ptolemy.moml.MoMLSimpleApplication@4a1f9aaf
reloadAllAccessors: .Select2

===========================================================================================
----------------- testing Sat Oct 10 15:47:33 UTC 2020 /home/travis/build/icyphy/ptII/ptolemy/actor/lib/test/auto/SequenceToArray2.xml
----------------- Instantiating /home/travis/build/icyphy/ptII/ptolemy/actor/lib/test/auto/SequenceToArray2.xml
88 ms. Memory: 331776K Free: 221300K (67%)
----------------- Invoking toplevel() on ptolemy.moml.MoMLSimpleApplication@1fdcf13d
----------------- Done invoking toplevel() on ptolemy.moml.MoMLSimpleApplication@1fdcf13d
reloadAllAccessors: .SequenceToArray2

===========================================================================================
----------------- testing Sat Oct 10 15:47:34 UTC 2020 /home/travis/build/icyphy/ptII/ptolemy/actor/lib/test/auto/SequentialClock.xml
----------------- Instantiating /home/travis/build/icyphy/ptII/ptolemy/actor/lib/test/auto/SequentialClock.xml
1 ms. Memory: 331776K Free: 217204K (65%)
----------------- Invoking toplevel() on ptolemy.moml.MoMLSimpleApplication@4caa73bd
----------------- Done invoking toplevel() on ptolemy.moml.MoMLSimpleApplication@4caa73bd
reloadAllAccessors: .SequentialClock

===========================================================================================
----------------- testing Sat Oct 10 15:47:34 UTC 2020 /home/travis/build/icyphy/ptII/ptolemy/actor/lib/test/auto/SetVariable.xml
----------------- Instantiating /home/travis/build/icyphy/ptII/ptolemy/actor/lib/test/auto/SetVariable.xml
3 ms. Memory: 331776K Free: 212084K (64%)
----------------- Invoking toplevel() on ptolemy.moml.MoMLSimpleApplication@700d72d5
----------------- Done invoking toplevel() on ptolemy.moml.MoMLSimpleApplication@700d72d5
reloadAllAccessors: .SetVariable

===========================================================================================
----------------- testing Sat Oct 10 15:47:34 UTC 2020 /home/travis/build/icyphy/ptII/ptolemy/actor/lib/test/auto/SetVariable2.xml
----------------- Instantiating /home/travis/build/icyphy/ptII/ptolemy/actor/lib/test/auto/SetVariable2.xml
1 ms. Memory: 331776K Free: 206964K (62%)
----------------- Invoking toplevel() on ptolemy.moml.MoMLSimpleApplication@78fe44f8
----------------- Done invoking toplevel() on ptolemy.moml.MoMLSimpleApplication@78fe44f8
reloadAllAccessors: .SetVariable2

===========================================================================================
----------------- testing Sat Oct 10 15:47:34 UTC 2020 /home/travis/build/icyphy/ptII/ptolemy/actor/lib/test/auto/SetVariable3.xml
----------------- Instantiating /home/travis/build/icyphy/ptII/ptolemy/actor/lib/test/auto/SetVariable3.xml
6 ms. Memory: 331776K Free: 201844K (61%)
----------------- Invoking toplevel() on ptolemy.moml.MoMLSimpleApplication@1472f50
----------------- Done invoking toplevel() on ptolemy.moml.MoMLSimpleApplication@1472f50
reloadAllAccessors: .SetVariable3

===========================================================================================
----------------- testing Sat Oct 10 15:47:34 UTC 2020 /home/travis/build/icyphy/ptII/ptolemy/actor/lib/test/auto/SetVariable4.xml
----------------- Instantiating /home/travis/build/icyphy/ptII/ptolemy/actor/lib/test/auto/SetVariable4.xml
13 ms. Memory: 331776K Free: 191602K (58%)
----------------- Invoking toplevel() on ptolemy.moml.MoMLSimpleApplication@204169ef
----------------- Done invoking toplevel() on ptolemy.moml.MoMLSimpleApplication@204169ef
reloadAllAccessors: .SetVariable4

===========================================================================================
----------------- testing Sat Oct 10 15:47:34 UTC 2020 /home/travis/build/icyphy/ptII/ptolemy/actor/lib/test/auto/SetVariable5.xml
----------------- Instantiating /home/travis/build/icyphy/ptII/ptolemy/actor/lib/test/auto/SetVariable5.xml
15 ms. Memory: 331776K Free: 181364K (55%)
----------------- Invoking toplevel() on ptolemy.moml.MoMLSimpleApplication@38cc807
----------------- Done invoking toplevel() on ptolemy.moml.MoMLSimpleApplication@38cc807
reloadAllAccessors: .SetVariable5

===========================================================================================
----------------- testing Sat Oct 10 15:47:34 UTC 2020 /home/travis/build/icyphy/ptII/ptolemy/actor/lib/test/auto/Sinewave.xml
----------------- Instantiating /home/travis/build/icyphy/ptII/ptolemy/actor/lib/test/auto/Sinewave.xml
6 ms. Memory: 331776K Free: 171124K (52%)
----------------- Invoking toplevel() on ptolemy.moml.MoMLSimpleApplication@16465bfc
----------------- Done invoking toplevel() on ptolemy.moml.MoMLSimpleApplication@16465bfc
reloadAllAccessors: .Sinewave

===========================================================================================
----------------- testing Sat Oct 10 15:47:34 UTC 2020 /home/travis/build/icyphy/ptII/ptolemy/actor/lib/test/auto/Sinewave2.xml
----------------- Instantiating /home/travis/build/icyphy/ptII/ptolemy/actor/lib/test/auto/Sinewave2.xml
6 ms. Memory: 331776K Free: 162418K (49%)
----------------- Invoking toplevel() on ptolemy.moml.MoMLSimpleApplication@d9a9570
----------------- Done invoking toplevel() on ptolemy.moml.MoMLSimpleApplication@d9a9570
reloadAllAccessors: .Sinewave2

===========================================================================================
----------------- testing Sat Oct 10 15:47:34 UTC 2020 /home/travis/build/icyphy/ptII/ptolemy/actor/lib/test/auto/Sinewave3.xml
----------------- Instantiating /home/travis/build/icyphy/ptII/ptolemy/actor/lib/test/auto/Sinewave3.xml
6 ms. Memory: 331776K Free: 154196K (46%)
----------------- Invoking toplevel() on ptolemy.moml.MoMLSimpleApplication@2dd6b27b
----------------- Done invoking toplevel() on ptolemy.moml.MoMLSimpleApplication@2dd6b27b
reloadAllAccessors: .Sinewave3

===========================================================================================
----------------- testing Sat Oct 10 15:47:34 UTC 2020 /home/travis/build/icyphy/ptII/ptolemy/actor/lib/test/auto/SingleEvent.xml
----------------- Instantiating /home/travis/build/icyphy/ptII/ptolemy/actor/lib/test/auto/SingleEvent.xml
1 ms. Memory: 331776K Free: 150130K (45%)
----------------- Invoking toplevel() on ptolemy.moml.MoMLSimpleApplication@58828105
----------------- Done invoking toplevel() on ptolemy.moml.MoMLSimpleApplication@58828105
reloadAllAccessors: .SingleEvent

===========================================================================================
----------------- testing Sat Oct 10 15:47:34 UTC 2020 /home/travis/build/icyphy/ptII/ptolemy/actor/lib/test/auto/Sleep.xml
----------------- Instantiating /home/travis/build/icyphy/ptII/ptolemy/actor/lib/test/auto/Sleep.xml
6003 ms. Memory: 331776K Free: 143986K (43%)
----------------- Invoking toplevel() on ptolemy.moml.MoMLSimpleApplication@22b5b91e
----------------- Done invoking toplevel() on ptolemy.moml.MoMLSimpleApplication@22b5b91e
reloadAllAccessors: .Sleep

===========================================================================================
----------------- testing Sat Oct 10 15:47:40 UTC 2020 /home/travis/build/icyphy/ptII/ptolemy/actor/lib/test/auto/SleepMultipleFire.xml
----------------- Instantiating /home/travis/build/icyphy/ptII/ptolemy/actor/lib/test/auto/SleepMultipleFire.xml
1004 ms. Memory: 331776K Free: 138356K (42%)
----------------- Invoking toplevel() on ptolemy.moml.MoMLSimpleApplication@5c1612af
----------------- Done invoking toplevel() on ptolemy.moml.MoMLSimpleApplication@5c1612af
reloadAllAccessors: .SleepMultipleFire

===========================================================================================
----------------- testing Sat Oct 10 15:47:41 UTC 2020 /home/travis/build/icyphy/ptII/ptolemy/actor/lib/test/auto/StopDE.xml
----------------- Instantiating /home/travis/build/icyphy/ptII/ptolemy/actor/lib/test/auto/StopDE.xml
3 ms. Memory: 331776K Free: 132212K (40%)
----------------- Invoking toplevel() on ptolemy.moml.MoMLSimpleApplication@561ac395
----------------- Done invoking toplevel() on ptolemy.moml.MoMLSimpleApplication@561ac395
reloadAllAccessors: .StopDE

===========================================================================================
----------------- testing Sat Oct 10 15:47:41 UTC 2020 /home/travis/build/icyphy/ptII/ptolemy/actor/lib/test/auto/StopSDF.xml
----------------- Instantiating /home/travis/build/icyphy/ptII/ptolemy/actor/lib/test/auto/StopSDF.xml
3 ms. Memory: 331776K Free: 127092K (38%)
----------------- Invoking toplevel() on ptolemy.moml.MoMLSimpleApplication@df2deb3
----------------- Done invoking toplevel() on ptolemy.moml.MoMLSimpleApplication@df2deb3
reloadAllAccessors: .StopSDF

===========================================================================================
----------------- testing Sat Oct 10 15:47:41 UTC 2020 /home/travis/build/icyphy/ptII/ptolemy/actor/lib/test/auto/StringConstant.xml
----------------- Instantiating /home/travis/build/icyphy/ptII/ptolemy/actor/lib/test/auto/StringConstant.xml
11 ms. Memory: 331776K Free: 122996K (37%)
----------------- Invoking toplevel() on ptolemy.moml.MoMLSimpleApplication@27118de2
----------------- Done invoking toplevel() on ptolemy.moml.MoMLSimpleApplication@27118de2
reloadAllAccessors: .StringConstant

===========================================================================================
----------------- testing Sat Oct 10 15:47:41 UTC 2020 /home/travis/build/icyphy/ptII/ptolemy/actor/lib/test/auto/SubscriberPortInitialValues1.xml
----------------- Instantiating /home/travis/build/icyphy/ptII/ptolemy/actor/lib/test/auto/SubscriberPortInitialValues1.xml
13 ms. Memory: 331776K Free: 113780K (34%)
----------------- Invoking toplevel() on ptolemy.moml.MoMLSimpleApplication@7d11df40
----------------- Done invoking toplevel() on ptolemy.moml.MoMLSimpleApplication@7d11df40
reloadAllAccessors: .SubscriberPortInitialValues1

===========================================================================================
----------------- testing Sat Oct 10 15:47:41 UTC 2020 /home/travis/build/icyphy/ptII/ptolemy/actor/lib/test/auto/SubscriberPortInitialValues13.xml
----------------- Instantiating /home/travis/build/icyphy/ptII/ptolemy/actor/lib/test/auto/SubscriberPortInitialValues13.xml
4 ms. Memory: 331776K Free: 100978K (30%)
----------------- Invoking toplevel() on ptolemy.moml.MoMLSimpleApplication@5b409177
----------------- Done invoking toplevel() on ptolemy.moml.MoMLSimpleApplication@5b409177
reloadAllAccessors: .SubscriberPortInitialValues13

===========================================================================================
----------------- testing Sat Oct 10 15:47:41 UTC 2020 /home/travis/build/icyphy/ptII/ptolemy/actor/lib/test/auto/SubscriberPortInitialValues14.xml
----------------- Instantiating /home/travis/build/icyphy/ptII/ptolemy/actor/lib/test/auto/SubscriberPortInitialValues14.xml
3 ms. Memory: 331776K Free: 93300K (28%)
----------------- Invoking toplevel() on ptolemy.moml.MoMLSimpleApplication@197b69e1
----------------- Done invoking toplevel() on ptolemy.moml.MoMLSimpleApplication@197b69e1
reloadAllAccessors: .SubscriberPortInitialValues14

===========================================================================================
----------------- testing Sat Oct 10 15:47:41 UTC 2020 /home/travis/build/icyphy/ptII/ptolemy/actor/lib/test/auto/SubscriberPortInitialValues2.xml
----------------- Instantiating /home/travis/build/icyphy/ptII/ptolemy/actor/lib/test/auto/SubscriberPortInitialValues2.xml
3 ms. Memory: 331776K Free: 85108K (26%)
----------------- Invoking toplevel() on ptolemy.moml.MoMLSimpleApplication@7ace5273
----------------- Done invoking toplevel() on ptolemy.moml.MoMLSimpleApplication@7ace5273
reloadAllAccessors: .SubscriberPortInitialValues2

===========================================================================================
----------------- testing Sat Oct 10 15:47:41 UTC 2020 /home/travis/build/icyphy/ptII/ptolemy/actor/lib/test/auto/SubscriberPortInitialValues3.xml
----------------- Instantiating /home/travis/build/icyphy/ptII/ptolemy/actor/lib/test/auto/SubscriberPortInitialValues3.xml
3 ms. Memory: 331776K Free: 270033K (81%)
----------------- Invoking toplevel() on ptolemy.moml.MoMLSimpleApplication@768c1a0b
----------------- Done invoking toplevel() on ptolemy.moml.MoMLSimpleApplication@768c1a0b
reloadAllAccessors: .SubscriberPortInitialValues3

===========================================================================================
----------------- testing Sat Oct 10 15:47:41 UTC 2020 /home/travis/build/icyphy/ptII/ptolemy/actor/lib/test/auto/SubscriptionAggregator.xml
----------------- Instantiating /home/travis/build/icyphy/ptII/ptolemy/actor/lib/test/auto/SubscriptionAggregator.xml
2 ms. Memory: 331776K Free: 262851K (79%)
----------------- Invoking toplevel() on ptolemy.moml.MoMLSimpleApplication@3068f8cd
----------------- Done invoking toplevel() on ptolemy.moml.MoMLSimpleApplication@3068f8cd
reloadAllAccessors: .SubscriptionAggregator

===========================================================================================
----------------- testing Sat Oct 10 15:47:41 UTC 2020 /home/travis/build/icyphy/ptII/ptolemy/actor/lib/test/auto/SubscriptionAggregator2.xml
----------------- Instantiating /home/travis/build/icyphy/ptII/ptolemy/actor/lib/test/auto/SubscriptionAggregator2.xml
2 ms. Memory: 331776K Free: 255691K (77%)
----------------- Invoking toplevel() on ptolemy.moml.MoMLSimpleApplication@17a300d4
----------------- Done invoking toplevel() on ptolemy.moml.MoMLSimpleApplication@17a300d4
reloadAllAccessors: .SubscriptionAggregator2

===========================================================================================
----------------- testing Sat Oct 10 15:47:41 UTC 2020 /home/travis/build/icyphy/ptII/ptolemy/actor/lib/test/auto/SubscriptionAggregator3.xml
----------------- Instantiating /home/travis/build/icyphy/ptII/ptolemy/actor/lib/test/auto/SubscriptionAggregator3.xml
2 ms. Memory: 331776K Free: 246995K (74%)
----------------- Invoking toplevel() on ptolemy.moml.MoMLSimpleApplication@5269e740
----------------- Done invoking toplevel() on ptolemy.moml.MoMLSimpleApplication@5269e740
reloadAllAccessors: .SubscriptionAggregator3

===========================================================================================
----------------- testing Sat Oct 10 15:47:41 UTC 2020 /home/travis/build/icyphy/ptII/ptolemy/actor/lib/test/auto/SubscriptionAggregatorMultiply.xml
----------------- Instantiating /home/travis/build/icyphy/ptII/ptolemy/actor/lib/test/auto/SubscriptionAggregatorMultiply.xml
10 ms. Memory: 331776K Free: 237779K (72%)
----------------- Invoking toplevel() on ptolemy.moml.MoMLSimpleApplication@2cd8715f
----------------- Done invoking toplevel() on ptolemy.moml.MoMLSimpleApplication@2cd8715f
reloadAllAccessors: .SubscriptionAggregatorMultiply

===========================================================================================
----------------- testing Sat Oct 10 15:47:41 UTC 2020 /home/travis/build/icyphy/ptII/ptolemy/actor/lib/test/auto/SubscriptionAggregatorPortMultiply1.xml
----------------- Instantiating /home/travis/build/icyphy/ptII/ptolemy/actor/lib/test/auto/SubscriptionAggregatorPortMultiply1.xml
3 ms. Memory: 331776K Free: 229587K (69%)
----------------- Invoking toplevel() on ptolemy.moml.MoMLSimpleApplication@76631788
----------------- Done invoking toplevel() on ptolemy.moml.MoMLSimpleApplication@76631788
reloadAllAccessors: .SubscriptionAggregatorPortMultiply1

===========================================================================================
----------------- testing Sat Oct 10 15:47:41 UTC 2020 /home/travis/build/icyphy/ptII/ptolemy/actor/lib/test/auto/Switch.xml
----------------- Instantiating /home/travis/build/icyphy/ptII/ptolemy/actor/lib/test/auto/Switch.xml
8 ms. Memory: 331776K Free: 220881K (67%)
----------------- Invoking toplevel() on ptolemy.moml.MoMLSimpleApplication@4c31ae22
----------------- Done invoking toplevel() on ptolemy.moml.MoMLSimpleApplication@4c31ae22
reloadAllAccessors: .Switch

===========================================================================================
----------------- testing Sat Oct 10 15:47:41 UTC 2020 /home/travis/build/icyphy/ptII/ptolemy/actor/lib/test/auto/Switch2.xml
----------------- Instantiating /home/travis/build/icyphy/ptII/ptolemy/actor/lib/test/auto/Switch2.xml
1 ms. Memory: 331776K Free: 216275K (65%)
----------------- Invoking toplevel() on ptolemy.moml.MoMLSimpleApplication@55645dd
----------------- Done invoking toplevel() on ptolemy.moml.MoMLSimpleApplication@55645dd
reloadAllAccessors: .Switch2

===========================================================================================
----------------- testing Sat Oct 10 15:47:41 UTC 2020 /home/travis/build/icyphy/ptII/ptolemy/actor/lib/test/auto/SwitchDE.xml
----------------- Instantiating /home/travis/build/icyphy/ptII/ptolemy/actor/lib/test/auto/SwitchDE.xml
3 ms. Memory: 331776K Free: 210131K (63%)
----------------- Invoking toplevel() on ptolemy.moml.MoMLSimpleApplication@21ad60bf
----------------- Done invoking toplevel() on ptolemy.moml.MoMLSimpleApplication@21ad60bf
reloadAllAccessors: .SwitchDE

===========================================================================================
----------------- testing Sat Oct 10 15:47:41 UTC 2020 /home/travis/build/icyphy/ptII/ptolemy/actor/lib/test/auto/SynchronizerDE.xml
----------------- Instantiating /home/travis/build/icyphy/ptII/ptolemy/actor/lib/test/auto/SynchronizerDE.xml
6 ms. Memory: 331776K Free: 201411K (61%)
----------------- Invoking toplevel() on ptolemy.moml.MoMLSimpleApplication@5f1cc78
----------------- Done invoking toplevel() on ptolemy.moml.MoMLSimpleApplication@5f1cc78
reloadAllAccessors: .SynchronizerDE

===========================================================================================
----------------- testing Sat Oct 10 15:47:41 UTC 2020 /home/travis/build/icyphy/ptII/ptolemy/actor/lib/test/auto/Test.xml
----------------- Instantiating /home/travis/build/icyphy/ptII/ptolemy/actor/lib/test/auto/Test.xml
8 ms. Memory: 331776K Free: 196299K (59%)
----------------- Invoking toplevel() on ptolemy.moml.MoMLSimpleApplication@636f945f
----------------- Done invoking toplevel() on ptolemy.moml.MoMLSimpleApplication@636f945f
reloadAllAccessors: .Test

===========================================================================================
----------------- testing Sat Oct 10 15:47:41 UTC 2020 /home/travis/build/icyphy/ptII/ptolemy/actor/lib/test/auto/TestExceptionAttribute1.xml
----------------- Instantiating /home/travis/build/icyphy/ptII/ptolemy/actor/lib/test/auto/TestExceptionAttribute1.xml
1 ms. Memory: 331776K Free: 192209K (58%)
----------------- Invoking toplevel() on ptolemy.moml.MoMLSimpleApplication@9339b22
----------------- Done invoking toplevel() on ptolemy.moml.MoMLSimpleApplication@9339b22
reloadAllAccessors: .TestExceptionAttribute1

===========================================================================================
----------------- testing Sat Oct 10 15:47:41 UTC 2020 /home/travis/build/icyphy/ptII/ptolemy/actor/lib/test/auto/TestExceptionAttribute2.xml
----------------- Instantiating /home/travis/build/icyphy/ptII/ptolemy/actor/lib/test/auto/TestExceptionAttribute2.xml
1 ms. Memory: 331776K Free: 188627K (57%)
----------------- Invoking toplevel() on ptolemy.moml.MoMLSimpleApplication@4a4e3a31
----------------- Done invoking toplevel() on ptolemy.moml.MoMLSimpleApplication@4a4e3a31
reloadAllAccessors: .TestExceptionAttribute2

===========================================================================================
----------------- testing Sat Oct 10 15:47:41 UTC 2020 /home/travis/build/icyphy/ptII/ptolemy/actor/lib/test/auto/TestExceptionAttribute3.xml
----------------- Instantiating /home/travis/build/icyphy/ptII/ptolemy/actor/lib/test/auto/TestExceptionAttribute3.xml
.TestExceptionAttribute3.TestExceptionAttribute: initialize() was not invoked, but wrapup() was.  This is unusual, but not always a problem.  For example, exporting JNLP will do this.
0 ms. Memory: 331776K Free: 185041K (56%)
----------------- Invoking toplevel() on ptolemy.moml.MoMLSimpleApplication@6b5ea3ac
----------------- Done invoking toplevel() on ptolemy.moml.MoMLSimpleApplication@6b5ea3ac
reloadAllAccessors: .TestExceptionAttribute3

===========================================================================================
----------------- testing Sat Oct 10 15:47:41 UTC 2020 /home/travis/build/icyphy/ptII/ptolemy/actor/lib/test/auto/TestExceptionAttribute4.xml
----------------- Instantiating /home/travis/build/icyphy/ptII/ptolemy/actor/lib/test/auto/TestExceptionAttribute4.xml
.TestExceptionAttribute4.TestExceptionAttribute: initialize() was not invoked, but wrapup() was.  This is unusual, but not always a problem.  For example, exporting JNLP will do this.
.TestExceptionAttribute4.TestExceptionAttribute2: initialize() was not invoked, but wrapup() was.  This is unusual, but not always a problem.  For example, exporting JNLP will do this.
0 ms. Memory: 331776K Free: 180435K (54%)
----------------- Invoking toplevel() on ptolemy.moml.MoMLSimpleApplication@2de2364e
----------------- Done invoking toplevel() on ptolemy.moml.MoMLSimpleApplication@2de2364e
reloadAllAccessors: .TestExceptionAttribute4

===========================================================================================
----------------- testing Sat Oct 10 15:47:41 UTC 2020 /home/travis/build/icyphy/ptII/ptolemy/actor/lib/test/auto/TestExceptionHandler1.xml
----------------- Instantiating /home/travis/build/icyphy/ptII/ptolemy/actor/lib/test/auto/TestExceptionHandler1.xml
1 ms. Memory: 331776K Free: 176849K (53%)
----------------- Invoking toplevel() on ptolemy.moml.MoMLSimpleApplication@5dac77c3
----------------- Done invoking toplevel() on ptolemy.moml.MoMLSimpleApplication@5dac77c3
reloadAllAccessors: .TestExceptionHandler1

===========================================================================================
----------------- testing Sat Oct 10 15:47:41 UTC 2020 /home/travis/build/icyphy/ptII/ptolemy/actor/lib/test/auto/TestExceptionHandler2.xml
----------------- Instantiating /home/travis/build/icyphy/ptII/ptolemy/actor/lib/test/auto/TestExceptionHandler2.xml
1 ms. Memory: 331776K Free: 172753K (52%)
----------------- Invoking toplevel() on ptolemy.moml.MoMLSimpleApplication@4c26044c
----------------- Done invoking toplevel() on ptolemy.moml.MoMLSimpleApplication@4c26044c
reloadAllAccessors: .TestExceptionHandler2

===========================================================================================
----------------- testing Sat Oct 10 15:47:41 UTC 2020 /home/travis/build/icyphy/ptII/ptolemy/actor/lib/test/auto/TestExceptionHandler3.xml
----------------- Instantiating /home/travis/build/icyphy/ptII/ptolemy/actor/lib/test/auto/TestExceptionHandler3.xml
0 ms. Memory: 331776K Free: 169171K (51%)
----------------- Invoking toplevel() on ptolemy.moml.MoMLSimpleApplication@1db960b2
----------------- Done invoking toplevel() on ptolemy.moml.MoMLSimpleApplication@1db960b2
reloadAllAccessors: .TestExceptionHandler3

===========================================================================================
----------------- testing Sat Oct 10 15:47:41 UTC 2020 /home/travis/build/icyphy/ptII/ptolemy/actor/lib/test/auto/TestExceptionHandler4.xml
----------------- Instantiating /home/travis/build/icyphy/ptII/ptolemy/actor/lib/test/auto/TestExceptionHandler4.xml
1 ms. Memory: 331776K Free: 164561K (50%)
----------------- Invoking toplevel() on ptolemy.moml.MoMLSimpleApplication@cce116
----------------- Done invoking toplevel() on ptolemy.moml.MoMLSimpleApplication@cce116
reloadAllAccessors: .TestExceptionHandler4

===========================================================================================
----------------- testing Sat Oct 10 15:47:41 UTC 2020 /home/travis/build/icyphy/ptII/ptolemy/actor/lib/test/auto/TestRequireCorrectOrder.xml
----------------- Instantiating /home/travis/build/icyphy/ptII/ptolemy/actor/lib/test/auto/TestRequireCorrectOrder.xml
4 ms. Memory: 331776K Free: 159427K (48%)
----------------- Invoking toplevel() on ptolemy.moml.MoMLSimpleApplication@4f347c3e
----------------- Done invoking toplevel() on ptolemy.moml.MoMLSimpleApplication@4f347c3e
reloadAllAccessors: .TestRequireCorrectOrder

===========================================================================================
----------------- testing Sat Oct 10 15:47:41 UTC 2020 /home/travis/build/icyphy/ptII/ptolemy/actor/lib/test/auto/TestSimple.xml
----------------- Instantiating /home/travis/build/icyphy/ptII/ptolemy/actor/lib/test/auto/TestSimple.xml
0 ms. Memory: 331776K Free: 155345K (47%)
----------------- Invoking toplevel() on ptolemy.moml.MoMLSimpleApplication@5acd448d
----------------- Done invoking toplevel() on ptolemy.moml.MoMLSimpleApplication@5acd448d
reloadAllAccessors: .TestSimple

===========================================================================================
----------------- testing Sat Oct 10 15:47:41 UTC 2020 /home/travis/build/icyphy/ptII/ptolemy/actor/lib/test/auto/ThrowModelError.xml
----------------- Instantiating /home/travis/build/icyphy/ptII/ptolemy/actor/lib/test/auto/ThrowModelError.xml
1 ms. Memory: 331776K Free: 150225K (45%)
----------------- Invoking toplevel() on ptolemy.moml.MoMLSimpleApplication@3f5d9fcf
----------------- Done invoking toplevel() on ptolemy.moml.MoMLSimpleApplication@3f5d9fcf
reloadAllAccessors: .ThrowModelError

===========================================================================================
----------------- testing Sat Oct 10 15:47:41 UTC 2020 /home/travis/build/icyphy/ptII/ptolemy/actor/lib/test/auto/TimeDelayMicrosteps.xml
----------------- Instantiating /home/travis/build/icyphy/ptII/ptolemy/actor/lib/test/auto/TimeDelayMicrosteps.xml
2 ms. Memory: 331776K Free: 143571K (43%)
----------------- Invoking toplevel() on ptolemy.moml.MoMLSimpleApplication@5cfa1f5c
----------------- Done invoking toplevel() on ptolemy.moml.MoMLSimpleApplication@5cfa1f5c
reloadAllAccessors: .TimeDelayMicrosteps

===========================================================================================
----------------- testing Sat Oct 10 15:47:41 UTC 2020 /home/travis/build/icyphy/ptII/ptolemy/actor/lib/test/auto/TimeDelayMicrosteps2.xml
----------------- Instantiating /home/travis/build/icyphy/ptII/ptolemy/actor/lib/test/auto/TimeDelayMicrosteps2.xml
3 ms. Memory: 331776K Free: 135859K (41%)
----------------- Invoking toplevel() on ptolemy.moml.MoMLSimpleApplication@2842fe46
----------------- Done invoking toplevel() on ptolemy.moml.MoMLSimpleApplication@2842fe46
reloadAllAccessors: .TimeDelayMicrosteps2

===========================================================================================
----------------- testing Sat Oct 10 15:47:41 UTC 2020 /home/travis/build/icyphy/ptII/ptolemy/actor/lib/test/auto/TimeDelayMicrosteps3.xml
----------------- Instantiating /home/travis/build/icyphy/ptII/ptolemy/actor/lib/test/auto/TimeDelayMicrosteps3.xml
3 ms. Memory: 331776K Free: 129235K (39%)
----------------- Invoking toplevel() on ptolemy.moml.MoMLSimpleApplication@2a13e59a
----------------- Done invoking toplevel() on ptolemy.moml.MoMLSimpleApplication@2a13e59a
reloadAllAccessors: .TimeDelayMicrosteps3

===========================================================================================
----------------- testing Sat Oct 10 15:47:41 UTC 2020 /home/travis/build/icyphy/ptII/ptolemy/actor/lib/test/auto/TimeDelayVariableMicrosteps.xml
----------------- Instantiating /home/travis/build/icyphy/ptII/ptolemy/actor/lib/test/auto/TimeDelayVariableMicrosteps.xml
2 ms. Memory: 331776K Free: 122067K (37%)
----------------- Invoking toplevel() on ptolemy.moml.MoMLSimpleApplication@2db63ecc
----------------- Done invoking toplevel() on ptolemy.moml.MoMLSimpleApplication@2db63ecc
reloadAllAccessors: .TimeDelayVariableMicrosteps

===========================================================================================
----------------- testing Sat Oct 10 15:47:41 UTC 2020 /home/travis/build/icyphy/ptII/ptolemy/actor/lib/test/auto/TimeGap.xml
----------------- Instantiating /home/travis/build/icyphy/ptII/ptolemy/actor/lib/test/auto/TimeGap.xml
2 ms. Memory: 331776K Free: 116947K (35%)
----------------- Invoking toplevel() on ptolemy.moml.MoMLSimpleApplication@6f79b1be
----------------- Done invoking toplevel() on ptolemy.moml.MoMLSimpleApplication@6f79b1be
reloadAllAccessors: .TimeGap

===========================================================================================
----------------- testing Sat Oct 10 15:47:41 UTC 2020 /home/travis/build/icyphy/ptII/ptolemy/actor/lib/test/auto/TimeGap2.xml
----------------- Instantiating /home/travis/build/icyphy/ptII/ptolemy/actor/lib/test/auto/TimeGap2.xml
10 ms. Memory: 331776K Free: 110803K (33%)
----------------- Invoking toplevel() on ptolemy.moml.MoMLSimpleApplication@1403c75
----------------- Done invoking toplevel() on ptolemy.moml.MoMLSimpleApplication@1403c75
reloadAllAccessors: .TimeGap2

===========================================================================================
----------------- testing Sat Oct 10 15:47:41 UTC 2020 /home/travis/build/icyphy/ptII/ptolemy/actor/lib/test/auto/TimedSinewave.xml
----------------- Instantiating /home/travis/build/icyphy/ptII/ptolemy/actor/lib/test/auto/TimedSinewave.xml
18 ms. Memory: 331776K Free: 96977K (29%)
----------------- Invoking toplevel() on ptolemy.moml.MoMLSimpleApplication@26f8c894
----------------- Done invoking toplevel() on ptolemy.moml.MoMLSimpleApplication@26f8c894
reloadAllAccessors: .TimedSinewave

===========================================================================================
----------------- testing Sat Oct 10 15:47:41 UTC 2020 /home/travis/build/icyphy/ptII/ptolemy/actor/lib/test/auto/TimedSinewavePhase.xml
----------------- Instantiating /home/travis/build/icyphy/ptII/ptolemy/actor/lib/test/auto/TimedSinewavePhase.xml
8 ms. Memory: 331776K Free: 86737K (26%)
----------------- Invoking toplevel() on ptolemy.moml.MoMLSimpleApplication@25464305
----------------- Done invoking toplevel() on ptolemy.moml.MoMLSimpleApplication@25464305
reloadAllAccessors: .TimedSinewavePhase

===========================================================================================
----------------- testing Sat Oct 10 15:47:41 UTC 2020 /home/travis/build/icyphy/ptII/ptolemy/actor/lib/test/auto/Timer.xml
----------------- Instantiating /home/travis/build/icyphy/ptII/ptolemy/actor/lib/test/auto/Timer.xml
3 ms. Memory: 331776K Free: 277297K (84%)
----------------- Invoking toplevel() on ptolemy.moml.MoMLSimpleApplication@1c4ac536
----------------- Done invoking toplevel() on ptolemy.moml.MoMLSimpleApplication@1c4ac536
reloadAllAccessors: .Timer

===========================================================================================
----------------- testing Sat Oct 10 15:47:41 UTC 2020 /home/travis/build/icyphy/ptII/ptolemy/actor/lib/test/auto/TriangularDistTestModel.xml
----------------- Instantiating /home/travis/build/icyphy/ptII/ptolemy/actor/lib/test/auto/TriangularDistTestModel.xml
1 ms. Memory: 331776K Free: 271153K (82%)
----------------- Invoking toplevel() on ptolemy.moml.MoMLSimpleApplication@7413f37e
----------------- Done invoking toplevel() on ptolemy.moml.MoMLSimpleApplication@7413f37e
reloadAllAccessors: .TriangularDistTestModel

===========================================================================================
----------------- testing Sat Oct 10 15:47:42 UTC 2020 /home/travis/build/icyphy/ptII/ptolemy/actor/lib/test/auto/TrigFunction.xml
----------------- Instantiating /home/travis/build/icyphy/ptII/ptolemy/actor/lib/test/auto/TrigFunction.xml
1 ms. Memory: 331776K Free: 266543K (80%)
----------------- Invoking toplevel() on ptolemy.moml.MoMLSimpleApplication@1b8442ee
----------------- Done invoking toplevel() on ptolemy.moml.MoMLSimpleApplication@1b8442ee
reloadAllAccessors: .TrigFunction

===========================================================================================
----------------- testing Sat Oct 10 15:47:42 UTC 2020 /home/travis/build/icyphy/ptII/ptolemy/actor/lib/test/auto/TrigFunctionDE.xml
----------------- Instantiating /home/travis/build/icyphy/ptII/ptolemy/actor/lib/test/auto/TrigFunctionDE.xml
1 ms. Memory: 331776K Free: 260385K (78%)
----------------- Invoking toplevel() on ptolemy.moml.MoMLSimpleApplication@13377ab6
----------------- Done invoking toplevel() on ptolemy.moml.MoMLSimpleApplication@13377ab6
reloadAllAccessors: .TrigFunctionDE

===========================================================================================
----------------- testing Sat Oct 10 15:47:42 UTC 2020 /home/travis/build/icyphy/ptII/ptolemy/actor/lib/test/auto/TrigFunctionInverse.xml
----------------- Instantiating /home/travis/build/icyphy/ptII/ptolemy/actor/lib/test/auto/TrigFunctionInverse.xml
2 ms. Memory: 331776K Free: 255279K (77%)
----------------- Invoking toplevel() on ptolemy.moml.MoMLSimpleApplication@11c2bb29
----------------- Done invoking toplevel() on ptolemy.moml.MoMLSimpleApplication@11c2bb29
reloadAllAccessors: .TrigFunctionInverse

===========================================================================================
----------------- testing Sat Oct 10 15:47:42 UTC 2020 /home/travis/build/icyphy/ptII/ptolemy/actor/lib/test/auto/TrigFunctionTan.xml
----------------- Instantiating /home/travis/build/icyphy/ptII/ptolemy/actor/lib/test/auto/TrigFunctionTan.xml
1 ms. Memory: 331776K Free: 250673K (76%)
----------------- Invoking toplevel() on ptolemy.moml.MoMLSimpleApplication@202c5599
----------------- Done invoking toplevel() on ptolemy.moml.MoMLSimpleApplication@202c5599
reloadAllAccessors: .TrigFunctionTan

===========================================================================================
----------------- testing Sat Oct 10 15:47:42 UTC 2020 /home/travis/build/icyphy/ptII/ptolemy/actor/lib/test/auto/TriggeredClock.xml
----------------- Instantiating /home/travis/build/icyphy/ptII/ptolemy/actor/lib/test/auto/TriggeredClock.xml
1 ms. Memory: 331776K Free: 245553K (74%)
----------------- Invoking toplevel() on ptolemy.moml.MoMLSimpleApplication@3b083062
----------------- Done invoking toplevel() on ptolemy.moml.MoMLSimpleApplication@3b083062
reloadAllAccessors: .TriggeredClock

===========================================================================================
----------------- testing Sat Oct 10 15:47:42 UTC 2020 /home/travis/build/icyphy/ptII/ptolemy/actor/lib/test/auto/URLDirectoryReader.xml
----------------- Instantiating /home/travis/build/icyphy/ptII/ptolemy/actor/lib/test/auto/URLDirectoryReader.xml
41 ms. Memory: 331776K Free: 235313K (71%)
----------------- Invoking toplevel() on ptolemy.moml.MoMLSimpleApplication@7ed5fe55
----------------- Done invoking toplevel() on ptolemy.moml.MoMLSimpleApplication@7ed5fe55
reloadAllAccessors: .URLDirectoryReader

===========================================================================================
----------------- testing Sat Oct 10 15:47:42 UTC 2020 /home/travis/build/icyphy/ptII/ptolemy/actor/lib/test/auto/URLDirectoryReader3.xml
----------------- Instantiating /home/travis/build/icyphy/ptII/ptolemy/actor/lib/test/auto/URLDirectoryReader3.xml
1381 ms. Memory: 331776K Free: 272181K (82%)
----------------- Invoking toplevel() on ptolemy.moml.MoMLSimpleApplication@71e05410
----------------- Done invoking toplevel() on ptolemy.moml.MoMLSimpleApplication@71e05410
reloadAllAccessors: .URLDirectoryReader3

===========================================================================================
----------------- testing Sat Oct 10 15:47:43 UTC 2020 /home/travis/build/icyphy/ptII/ptolemy/actor/lib/test/auto/UnaryMathFunction.xml
----------------- Instantiating /home/travis/build/icyphy/ptII/ptolemy/actor/lib/test/auto/UnaryMathFunction.xml
2 ms. Memory: 331776K Free: 263986K (80%)
----------------- Invoking toplevel() on ptolemy.moml.MoMLSimpleApplication@22e53564
----------------- Done invoking toplevel() on ptolemy.moml.MoMLSimpleApplication@22e53564
reloadAllAccessors: .UnaryMathFunction

===========================================================================================
----------------- testing Sat Oct 10 15:47:44 UTC 2020 /home/travis/build/icyphy/ptII/ptolemy/actor/lib/test/auto/Uniform.xml
----------------- Instantiating /home/travis/build/icyphy/ptII/ptolemy/actor/lib/test/auto/Uniform.xml
1 ms. Memory: 331776K Free: 259380K (78%)
----------------- Invoking toplevel() on ptolemy.moml.MoMLSimpleApplication@68e73e3e
----------------- Done invoking toplevel() on ptolemy.moml.MoMLSimpleApplication@68e73e3e
reloadAllAccessors: .Uniform

===========================================================================================
----------------- testing Sat Oct 10 15:47:44 UTC 2020 /home/travis/build/icyphy/ptII/ptolemy/actor/lib/test/auto/UnionDisassemblerTest.xml
----------------- Instantiating /home/travis/build/icyphy/ptII/ptolemy/actor/lib/test/auto/UnionDisassemblerTest.xml
9 ms. Memory: 331776K Free: 255284K (77%)
----------------- Invoking toplevel() on ptolemy.moml.MoMLSimpleApplication@17ff08b9
----------------- Done invoking toplevel() on ptolemy.moml.MoMLSimpleApplication@17ff08b9
reloadAllAccessors: .UnionDisassemblerTest

===========================================================================================
----------------- testing Sat Oct 10 15:47:44 UTC 2020 /home/travis/build/icyphy/ptII/ptolemy/actor/lib/test/auto/UtilityFunctions.xml
----------------- Instantiating /home/travis/build/icyphy/ptII/ptolemy/actor/lib/test/auto/UtilityFunctions.xml
1 ms. Memory: 331776K Free: 251684K (76%)
----------------- Invoking toplevel() on ptolemy.moml.MoMLSimpleApplication@1a324235
----------------- Done invoking toplevel() on ptolemy.moml.MoMLSimpleApplication@1a324235
reloadAllAccessors: .UtilityFunctions

===========================================================================================
----------------- testing Sat Oct 10 15:47:44 UTC 2020 /home/travis/build/icyphy/ptII/ptolemy/actor/lib/test/auto/VariableSleep.xml
----------------- Instantiating /home/travis/build/icyphy/ptII/ptolemy/actor/lib/test/auto/VariableSleep.xml
502 ms. Memory: 331776K Free: 246068K (74%)
----------------- Invoking toplevel() on ptolemy.moml.MoMLSimpleApplication@10a05f4c
----------------- Done invoking toplevel() on ptolemy.moml.MoMLSimpleApplication@10a05f4c
reloadAllAccessors: .VariableSleep

===========================================================================================
----------------- testing Sat Oct 10 15:47:44 UTC 2020 /home/travis/build/icyphy/ptII/ptolemy/actor/lib/test/auto/VectorAssemblerDisassemblerCT.xml
----------------- Instantiating /home/travis/build/icyphy/ptII/ptolemy/actor/lib/test/auto/VectorAssemblerDisassemblerCT.xml
55 ms. Memory: 331776K Free: 225074K (68%)
----------------- Invoking toplevel() on ptolemy.moml.MoMLSimpleApplication@e4833bc
----------------- Done invoking toplevel() on ptolemy.moml.MoMLSimpleApplication@e4833bc
reloadAllAccessors: .VectorAssemblerDisassemblerCT

===========================================================================================
----------------- testing Sat Oct 10 15:47:44 UTC 2020 /home/travis/build/icyphy/ptII/ptolemy/actor/lib/test/auto/VectorAssemblerDisassemblerDE.xml
----------------- Instantiating /home/travis/build/icyphy/ptII/ptolemy/actor/lib/test/auto/VectorAssemblerDisassemblerDE.xml
9 ms. Memory: 331776K Free: 217906K (66%)
----------------- Invoking toplevel() on ptolemy.moml.MoMLSimpleApplication@eb7a06a
----------------- Done invoking toplevel() on ptolemy.moml.MoMLSimpleApplication@eb7a06a
reloadAllAccessors: .VectorAssemblerDisassemblerDE

===========================================================================================
----------------- testing Sat Oct 10 15:47:44 UTC 2020 /home/travis/build/icyphy/ptII/ptolemy/actor/lib/test/auto/VectorAssemblerDisassemblerSDF.xml
----------------- Instantiating /home/travis/build/icyphy/ptII/ptolemy/actor/lib/test/auto/VectorAssemblerDisassemblerSDF.xml
2 ms. Memory: 331776K Free: 210724K (64%)
----------------- Invoking toplevel() on ptolemy.moml.MoMLSimpleApplication@460e6f32
----------------- Done invoking toplevel() on ptolemy.moml.MoMLSimpleApplication@460e6f32
reloadAllAccessors: .VectorAssemblerDisassemblerSDF

===========================================================================================
----------------- testing Sat Oct 10 15:47:44 UTC 2020 /home/travis/build/icyphy/ptII/ptolemy/actor/lib/test/auto/WallClockTime.xml
----------------- Instantiating /home/travis/build/icyphy/ptII/ptolemy/actor/lib/test/auto/WallClockTime.xml
1003 ms. Memory: 331776K Free: 205618K (62%)
----------------- Invoking toplevel() on ptolemy.moml.MoMLSimpleApplication@33fb8730
----------------- Done invoking toplevel() on ptolemy.moml.MoMLSimpleApplication@33fb8730
reloadAllAccessors: .WallClockTime

===========================================================================================
----------------- testing Sat Oct 10 15:47:45 UTC 2020 /home/travis/build/icyphy/ptII/ptolemy/actor/lib/test/auto/WidthTestWithSubscriberPublisher.xml
----------------- Instantiating /home/travis/build/icyphy/ptII/ptolemy/actor/lib/test/auto/WidthTestWithSubscriberPublisher.xml
6 ms. Memory: 331776K Free: 188210K (57%)
----------------- Invoking toplevel() on ptolemy.moml.MoMLSimpleApplication@2d505ee7
----------------- Done invoking toplevel() on ptolemy.moml.MoMLSimpleApplication@2d505ee7
reloadAllAccessors: .WidthTestWithSubscriberPublisher

===========================================================================================
----------------- testing Sat Oct 10 15:47:45 UTC 2020 /home/travis/build/icyphy/ptII/ptolemy/actor/lib/test/auto/WidthTestWithSubscriberPublisher2.xml
----------------- Instantiating /home/travis/build/icyphy/ptII/ptolemy/actor/lib/test/auto/WidthTestWithSubscriberPublisher2.xml
1 ms. Memory: 331776K Free: 181556K (55%)
----------------- Invoking toplevel() on ptolemy.moml.MoMLSimpleApplication@53405a1e
----------------- Done invoking toplevel() on ptolemy.moml.MoMLSimpleApplication@53405a1e
reloadAllAccessors: .WidthTestWithSubscriberPublisher2

===========================================================================================
----------------- testing Sat Oct 10 15:47:45 UTC 2020 /home/travis/build/icyphy/ptII/ptolemy/actor/lib/test/auto/WidthTestWithSubscriberPublisher3.xml
----------------- Instantiating /home/travis/build/icyphy/ptII/ptolemy/actor/lib/test/auto/WidthTestWithSubscriberPublisher3.xml
1 ms. Memory: 331776K Free: 175922K (53%)
----------------- Invoking toplevel() on ptolemy.moml.MoMLSimpleApplication@3ca3f6f2
----------------- Done invoking toplevel() on ptolemy.moml.MoMLSimpleApplication@3ca3f6f2
reloadAllAccessors: .WidthTestWithSubscriberPublisher3

===========================================================================================
----------------- testing Sat Oct 10 15:47:45 UTC 2020 /home/travis/build/icyphy/ptII/ptolemy/actor/lib/test/auto/Writer.xml
----------------- Instantiating /home/travis/build/icyphy/ptII/ptolemy/actor/lib/test/auto/Writer.xml
0
1
2
3
4
1 ms. Memory: 331776K Free: 171316K (52%)
----------------- Invoking toplevel() on ptolemy.moml.MoMLSimpleApplication@6deaf4a4
----------------- Done invoking toplevel() on ptolemy.moml.MoMLSimpleApplication@6deaf4a4
reloadAllAccessors: .Writer

===========================================================================================
----------------- testing Sat Oct 10 15:47:45 UTC 2020 /home/travis/build/icyphy/ptII/ptolemy/actor/lib/test/auto/array.xml
----------------- Instantiating /home/travis/build/icyphy/ptII/ptolemy/actor/lib/test/auto/array.xml
2 ms. Memory: 331776K Free: 166706K (50%)
----------------- Invoking toplevel() on ptolemy.moml.MoMLSimpleApplication@5e0497ba
----------------- Done invoking toplevel() on ptolemy.moml.MoMLSimpleApplication@5e0497ba
reloadAllAccessors: .array

===========================================================================================
----------------- testing Sat Oct 10 15:47:45 UTC 2020 /home/travis/build/icyphy/ptII/ptolemy/actor/lib/test/auto/array2.xml
----------------- Instantiating /home/travis/build/icyphy/ptII/ptolemy/actor/lib/test/auto/array2.xml
4 ms. Memory: 331776K Free: 161586K (49%)
----------------- Invoking toplevel() on ptolemy.moml.MoMLSimpleApplication@5449e10f
----------------- Done invoking toplevel() on ptolemy.moml.MoMLSimpleApplication@5449e10f
reloadAllAccessors: .array2

===========================================================================================
----------------- testing Sat Oct 10 15:47:45 UTC 2020 /home/travis/build/icyphy/ptII/ptolemy/actor/lib/test/auto/arrayType.xml
----------------- Instantiating /home/travis/build/icyphy/ptII/ptolemy/actor/lib/test/auto/arrayType.xml
2 ms. Memory: 331776K Free: 155956K (47%)
----------------- Invoking toplevel() on ptolemy.moml.MoMLSimpleApplication@1aa6a61b
----------------- Done invoking toplevel() on ptolemy.moml.MoMLSimpleApplication@1aa6a61b
reloadAllAccessors: .arrayType

===========================================================================================
----------------- testing Sat Oct 10 15:47:45 UTC 2020 /home/travis/build/icyphy/ptII/ptolemy/actor/lib/test/auto/arrayType10.xml
----------------- Instantiating /home/travis/build/icyphy/ptII/ptolemy/actor/lib/test/auto/arrayType10.xml
1 ms. Memory: 331776K Free: 151346K (46%)
----------------- Invoking toplevel() on ptolemy.moml.MoMLSimpleApplication@300bf166
----------------- Done invoking toplevel() on ptolemy.moml.MoMLSimpleApplication@300bf166
reloadAllAccessors: .arrayType10

===========================================================================================
----------------- testing Sat Oct 10 15:47:45 UTC 2020 /home/travis/build/icyphy/ptII/ptolemy/actor/lib/test/auto/arrayType11.xml
----------------- Instantiating /home/travis/build/icyphy/ptII/ptolemy/actor/lib/test/auto/arrayType11.xml
1 ms. Memory: 331776K Free: 146740K (44%)
----------------- Invoking toplevel() on ptolemy.moml.MoMLSimpleApplication@d7d31a5
----------------- Done invoking toplevel() on ptolemy.moml.MoMLSimpleApplication@d7d31a5
reloadAllAccessors: .arrayType11

===========================================================================================
----------------- testing Sat Oct 10 15:47:45 UTC 2020 /home/travis/build/icyphy/ptII/ptolemy/actor/lib/test/auto/arrayType12.xml
----------------- Instantiating /home/travis/build/icyphy/ptII/ptolemy/actor/lib/test/auto/arrayType12.xml
1 ms. Memory: 331776K Free: 141620K (43%)
----------------- Invoking toplevel() on ptolemy.moml.MoMLSimpleApplication@404da09a
----------------- Done invoking toplevel() on ptolemy.moml.MoMLSimpleApplication@404da09a
reloadAllAccessors: .arrayType12

===========================================================================================
----------------- testing Sat Oct 10 15:47:45 UTC 2020 /home/travis/build/icyphy/ptII/ptolemy/actor/lib/test/auto/arrayType13.xml
----------------- Instantiating /home/travis/build/icyphy/ptII/ptolemy/actor/lib/test/auto/arrayType13.xml
2 ms. Memory: 331776K Free: 136500K (41%)
----------------- Invoking toplevel() on ptolemy.moml.MoMLSimpleApplication@35533570
----------------- Done invoking toplevel() on ptolemy.moml.MoMLSimpleApplication@35533570
reloadAllAccessors: .arrayType13

===========================================================================================
----------------- testing Sat Oct 10 15:47:45 UTC 2020 /home/travis/build/icyphy/ptII/ptolemy/actor/lib/test/auto/arrayType14.xml
----------------- Instantiating /home/travis/build/icyphy/ptII/ptolemy/actor/lib/test/auto/arrayType14.xml
1 ms. Memory: 331776K Free: 130866K (39%)
----------------- Invoking toplevel() on ptolemy.moml.MoMLSimpleApplication@1623d017
----------------- Done invoking toplevel() on ptolemy.moml.MoMLSimpleApplication@1623d017
reloadAllAccessors: .arrayType14

===========================================================================================
----------------- testing Sat Oct 10 15:47:45 UTC 2020 /home/travis/build/icyphy/ptII/ptolemy/actor/lib/test/auto/arrayType15.xml
----------------- Instantiating /home/travis/build/icyphy/ptII/ptolemy/actor/lib/test/auto/arrayType15.xml
2 ms. Memory: 331776K Free: 125732K (38%)
----------------- Invoking toplevel() on ptolemy.moml.MoMLSimpleApplication@16cbd5f9
----------------- Done invoking toplevel() on ptolemy.moml.MoMLSimpleApplication@16cbd5f9
reloadAllAccessors: .arrayType15

===========================================================================================
----------------- testing Sat Oct 10 15:47:45 UTC 2020 /home/travis/build/icyphy/ptII/ptolemy/actor/lib/test/auto/arrayType16.xml
----------------- Instantiating /home/travis/build/icyphy/ptII/ptolemy/actor/lib/test/auto/arrayType16.xml
1 ms. Memory: 331776K Free: 120626K (36%)
----------------- Invoking toplevel() on ptolemy.moml.MoMLSimpleApplication@c11593c
----------------- Done invoking toplevel() on ptolemy.moml.MoMLSimpleApplication@c11593c
reloadAllAccessors: .arrayType16

===========================================================================================
----------------- testing Sat Oct 10 15:47:45 UTC 2020 /home/travis/build/icyphy/ptII/ptolemy/actor/lib/test/auto/arrayType17.xml
----------------- Instantiating /home/travis/build/icyphy/ptII/ptolemy/actor/lib/test/auto/arrayType17.xml
1 ms. Memory: 331776K Free: 114996K (35%)
----------------- Invoking toplevel() on ptolemy.moml.MoMLSimpleApplication@9001d35
----------------- Done invoking toplevel() on ptolemy.moml.MoMLSimpleApplication@9001d35
reloadAllAccessors: .arrayType17

===========================================================================================
----------------- testing Sat Oct 10 15:47:45 UTC 2020 /home/travis/build/icyphy/ptII/ptolemy/actor/lib/test/auto/arrayType18.xml
----------------- Instantiating /home/travis/build/icyphy/ptII/ptolemy/actor/lib/test/auto/arrayType18.xml
0 ms. Memory: 331776K Free: 110386K (33%)
----------------- Invoking toplevel() on ptolemy.moml.MoMLSimpleApplication@3261ddc1
----------------- Done invoking toplevel() on ptolemy.moml.MoMLSimpleApplication@3261ddc1
reloadAllAccessors: .arrayType18

===========================================================================================
----------------- testing Sat Oct 10 15:47:45 UTC 2020 /home/travis/build/icyphy/ptII/ptolemy/actor/lib/test/auto/arrayType19.xml
----------------- Instantiating /home/travis/build/icyphy/ptII/ptolemy/actor/lib/test/auto/arrayType19.xml
1 ms. Memory: 331776K Free: 105266K (32%)
----------------- Invoking toplevel() on ptolemy.moml.MoMLSimpleApplication@578cb437
----------------- Done invoking toplevel() on ptolemy.moml.MoMLSimpleApplication@578cb437
reloadAllAccessors: .arrayType19

===========================================================================================
----------------- testing Sat Oct 10 15:47:45 UTC 2020 /home/travis/build/icyphy/ptII/ptolemy/actor/lib/test/auto/arrayType2.xml
----------------- Instantiating /home/travis/build/icyphy/ptII/ptolemy/actor/lib/test/auto/arrayType2.xml
1 ms. Memory: 331776K Free: 100146K (30%)
----------------- Invoking toplevel() on ptolemy.moml.MoMLSimpleApplication@686304f0
----------------- Done invoking toplevel() on ptolemy.moml.MoMLSimpleApplication@686304f0
reloadAllAccessors: .arrayType2

===========================================================================================
----------------- testing Sat Oct 10 15:47:45 UTC 2020 /home/travis/build/icyphy/ptII/ptolemy/actor/lib/test/auto/arrayType20.xml
----------------- Instantiating /home/travis/build/icyphy/ptII/ptolemy/actor/lib/test/auto/arrayType20.xml
1 ms. Memory: 331776K Free: 95540K (29%)
----------------- Invoking toplevel() on ptolemy.moml.MoMLSimpleApplication@2a9c9b4c
----------------- Done invoking toplevel() on ptolemy.moml.MoMLSimpleApplication@2a9c9b4c
reloadAllAccessors: .arrayType20

===========================================================================================
----------------- testing Sat Oct 10 15:47:45 UTC 2020 /home/travis/build/icyphy/ptII/ptolemy/actor/lib/test/auto/arrayType21.xml
----------------- Instantiating /home/travis/build/icyphy/ptII/ptolemy/actor/lib/test/auto/arrayType21.xml
1 ms. Memory: 331776K Free: 90420K (27%)
----------------- Invoking toplevel() on ptolemy.moml.MoMLSimpleApplication@ff2d52c
----------------- Done invoking toplevel() on ptolemy.moml.MoMLSimpleApplication@ff2d52c
reloadAllAccessors: .arrayType21

===========================================================================================
----------------- testing Sat Oct 10 15:47:45 UTC 2020 /home/travis/build/icyphy/ptII/ptolemy/actor/lib/test/auto/arrayType22.xml
----------------- Instantiating /home/travis/build/icyphy/ptII/ptolemy/actor/lib/test/auto/arrayType22.xml
1 ms. Memory: 331776K Free: 85810K (26%)
----------------- Invoking toplevel() on ptolemy.moml.MoMLSimpleApplication@365e07d6
----------------- Done invoking toplevel() on ptolemy.moml.MoMLSimpleApplication@365e07d6
reloadAllAccessors: .arrayType22

===========================================================================================
----------------- testing Sat Oct 10 15:47:46 UTC 2020 /home/travis/build/icyphy/ptII/ptolemy/actor/lib/test/auto/arrayType23.xml
----------------- Instantiating /home/travis/build/icyphy/ptII/ptolemy/actor/lib/test/auto/arrayType23.xml
2 ms. Memory: 331776K Free: 273884K (83%)
----------------- Invoking toplevel() on ptolemy.moml.MoMLSimpleApplication@56b15d7d
----------------- Done invoking toplevel() on ptolemy.moml.MoMLSimpleApplication@56b15d7d
reloadAllAccessors: .arrayType23

===========================================================================================
----------------- testing Sat Oct 10 15:47:46 UTC 2020 /home/travis/build/icyphy/ptII/ptolemy/actor/lib/test/auto/arrayType24.xml
----------------- Instantiating /home/travis/build/icyphy/ptII/ptolemy/actor/lib/test/auto/arrayType24.xml
1 ms. Memory: 331776K Free: 269274K (81%)
----------------- Invoking toplevel() on ptolemy.moml.MoMLSimpleApplication@7204e007
----------------- Done invoking toplevel() on ptolemy.moml.MoMLSimpleApplication@7204e007
reloadAllAccessors: .arrayType24

===========================================================================================
----------------- testing Sat Oct 10 15:47:46 UTC 2020 /home/travis/build/icyphy/ptII/ptolemy/actor/lib/test/auto/arrayType25.xml
----------------- Instantiating /home/travis/build/icyphy/ptII/ptolemy/actor/lib/test/auto/arrayType25.xml
1 ms. Memory: 331776K Free: 263644K (79%)
----------------- Invoking toplevel() on ptolemy.moml.MoMLSimpleApplication@323b4b86
----------------- Done invoking toplevel() on ptolemy.moml.MoMLSimpleApplication@323b4b86
reloadAllAccessors: .arrayType25

===========================================================================================
----------------- testing Sat Oct 10 15:47:46 UTC 2020 /home/travis/build/icyphy/ptII/ptolemy/actor/lib/test/auto/arrayType26.xml
----------------- Instantiating /home/travis/build/icyphy/ptII/ptolemy/actor/lib/test/auto/arrayType26.xml
1 ms. Memory: 331776K Free: 258524K (78%)
----------------- Invoking toplevel() on ptolemy.moml.MoMLSimpleApplication@411ceb90
----------------- Done invoking toplevel() on ptolemy.moml.MoMLSimpleApplication@411ceb90
reloadAllAccessors: .arrayType26

===========================================================================================
----------------- testing Sat Oct 10 15:47:46 UTC 2020 /home/travis/build/icyphy/ptII/ptolemy/actor/lib/test/auto/arrayType27.xml
----------------- Instantiating /home/travis/build/icyphy/ptII/ptolemy/actor/lib/test/auto/arrayType27.xml
1 ms. Memory: 331776K Free: 253404K (76%)
----------------- Invoking toplevel() on ptolemy.moml.MoMLSimpleApplication@11de2875
----------------- Done invoking toplevel() on ptolemy.moml.MoMLSimpleApplication@11de2875
reloadAllAccessors: .arrayType27

===========================================================================================
----------------- testing Sat Oct 10 15:47:46 UTC 2020 /home/travis/build/icyphy/ptII/ptolemy/actor/lib/test/auto/arrayType28.xml
----------------- Instantiating /home/travis/build/icyphy/ptII/ptolemy/actor/lib/test/auto/arrayType28.xml
1 ms. Memory: 331776K Free: 247770K (75%)
----------------- Invoking toplevel() on ptolemy.moml.MoMLSimpleApplication@339a0ef
----------------- Done invoking toplevel() on ptolemy.moml.MoMLSimpleApplication@339a0ef
reloadAllAccessors: .arrayType28

===========================================================================================
----------------- testing Sat Oct 10 15:47:46 UTC 2020 /home/travis/build/icyphy/ptII/ptolemy/actor/lib/test/auto/arrayType3.xml
----------------- Instantiating /home/travis/build/icyphy/ptII/ptolemy/actor/lib/test/auto/arrayType3.xml
1 ms. Memory: 331776K Free: 242650K (73%)
----------------- Invoking toplevel() on ptolemy.moml.MoMLSimpleApplication@64b461e6
----------------- Done invoking toplevel() on ptolemy.moml.MoMLSimpleApplication@64b461e6
reloadAllAccessors: .arrayType3

===========================================================================================
----------------- testing Sat Oct 10 15:47:46 UTC 2020 /home/travis/build/icyphy/ptII/ptolemy/actor/lib/test/auto/arrayType4.xml
----------------- Instantiating /home/travis/build/icyphy/ptII/ptolemy/actor/lib/test/auto/arrayType4.xml
1 ms. Memory: 331776K Free: 237020K (71%)
----------------- Invoking toplevel() on ptolemy.moml.MoMLSimpleApplication@3085a803
----------------- Done invoking toplevel() on ptolemy.moml.MoMLSimpleApplication@3085a803
reloadAllAccessors: .arrayType4

===========================================================================================
----------------- testing Sat Oct 10 15:47:46 UTC 2020 /home/travis/build/icyphy/ptII/ptolemy/actor/lib/test/auto/arrayType5.xml
----------------- Instantiating /home/travis/build/icyphy/ptII/ptolemy/actor/lib/test/auto/arrayType5.xml
1 ms. Memory: 331776K Free: 231900K (70%)
----------------- Invoking toplevel() on ptolemy.moml.MoMLSimpleApplication@279703aa
----------------- Done invoking toplevel() on ptolemy.moml.MoMLSimpleApplication@279703aa
reloadAllAccessors: .arrayType5

===========================================================================================
----------------- testing Sat Oct 10 15:47:46 UTC 2020 /home/travis/build/icyphy/ptII/ptolemy/actor/lib/test/auto/arrayType6.xml
----------------- Instantiating /home/travis/build/icyphy/ptII/ptolemy/actor/lib/test/auto/arrayType6.xml
1 ms. Memory: 331776K Free: 226780K (68%)
----------------- Invoking toplevel() on ptolemy.moml.MoMLSimpleApplication@14c3a233
----------------- Done invoking toplevel() on ptolemy.moml.MoMLSimpleApplication@14c3a233
reloadAllAccessors: .arrayType6

===========================================================================================
----------------- testing Sat Oct 10 15:47:46 UTC 2020 /home/travis/build/icyphy/ptII/ptolemy/actor/lib/test/auto/arrayType7.xml
----------------- Instantiating /home/travis/build/icyphy/ptII/ptolemy/actor/lib/test/auto/arrayType7.xml
6 ms. Memory: 331776K Free: 222170K (67%)
----------------- Invoking toplevel() on ptolemy.moml.MoMLSimpleApplication@1daf3ae6
----------------- Done invoking toplevel() on ptolemy.moml.MoMLSimpleApplication@1daf3ae6
reloadAllAccessors: .arrayType7

===========================================================================================
----------------- testing Sat Oct 10 15:47:46 UTC 2020 /home/travis/build/icyphy/ptII/ptolemy/actor/lib/test/auto/arrayType8.xml
----------------- Instantiating /home/travis/build/icyphy/ptII/ptolemy/actor/lib/test/auto/arrayType8.xml
1 ms. Memory: 331776K Free: 217050K (65%)
----------------- Invoking toplevel() on ptolemy.moml.MoMLSimpleApplication@20a690ab
----------------- Done invoking toplevel() on ptolemy.moml.MoMLSimpleApplication@20a690ab
reloadAllAccessors: .arrayType8

===========================================================================================
----------------- testing Sat Oct 10 15:47:46 UTC 2020 /home/travis/build/icyphy/ptII/ptolemy/actor/lib/test/auto/arrayType9.xml
----------------- Instantiating /home/travis/build/icyphy/ptII/ptolemy/actor/lib/test/auto/arrayType9.xml
1 ms. Memory: 331776K Free: 212444K (64%)
----------------- Invoking toplevel() on ptolemy.moml.MoMLSimpleApplication@2c382b9d
----------------- Done invoking toplevel() on ptolemy.moml.MoMLSimpleApplication@2c382b9d
reloadAllAccessors: .arrayType9

===========================================================================================
----------------- testing Sat Oct 10 15:47:46 UTC 2020 /home/travis/build/icyphy/ptII/ptolemy/actor/lib/test/auto/cast.xml
----------------- Instantiating /home/travis/build/icyphy/ptII/ptolemy/actor/lib/test/auto/cast.xml
1 ms. Memory: 331776K Free: 207834K (63%)
----------------- Invoking toplevel() on ptolemy.moml.MoMLSimpleApplication@6414f872
----------------- Done invoking toplevel() on ptolemy.moml.MoMLSimpleApplication@6414f872
reloadAllAccessors: .cast

===========================================================================================
----------------- testing Sat Oct 10 15:47:46 UTC 2020 /home/travis/build/icyphy/ptII/ptolemy/actor/lib/test/auto/compositeMultiPort.xml
----------------- Instantiating /home/travis/build/icyphy/ptII/ptolemy/actor/lib/test/auto/compositeMultiPort.xml
3 ms. Memory: 331776K Free: 198604K (60%)
----------------- Invoking toplevel() on ptolemy.moml.MoMLSimpleApplication@7a5d5a85
----------------- Done invoking toplevel() on ptolemy.moml.MoMLSimpleApplication@7a5d5a85
reloadAllAccessors: .compositeMultiPort

===========================================================================================
----------------- testing Sat Oct 10 15:47:46 UTC 2020 /home/travis/build/icyphy/ptII/ptolemy/actor/lib/test/auto/expressionCastInference.xml
----------------- Instantiating /home/travis/build/icyphy/ptII/ptolemy/actor/lib/test/auto/expressionCastInference.xml
2 ms. Memory: 331776K Free: 194012K (58%)
----------------- Invoking toplevel() on ptolemy.moml.MoMLSimpleApplication@5768d48b
----------------- Done invoking toplevel() on ptolemy.moml.MoMLSimpleApplication@5768d48b
reloadAllAccessors: .expressionCastInference

===========================================================================================
----------------- testing Sat Oct 10 15:47:46 UTC 2020 /home/travis/build/icyphy/ptII/ptolemy/actor/lib/test/auto/expressionCastInference2.xml
----------------- Instantiating /home/travis/build/icyphy/ptII/ptolemy/actor/lib/test/auto/expressionCastInference2.xml
1 ms. Memory: 331776K Free: 188892K (57%)
----------------- Invoking toplevel() on ptolemy.moml.MoMLSimpleApplication@5be8f9c6
----------------- Done invoking toplevel() on ptolemy.moml.MoMLSimpleApplication@5be8f9c6
reloadAllAccessors: .expressionCastInference2

===========================================================================================
----------------- testing Sat Oct 10 15:47:46 UTC 2020 /home/travis/build/icyphy/ptII/ptolemy/actor/lib/test/auto/expressionInference.xml
----------------- Instantiating /home/travis/build/icyphy/ptII/ptolemy/actor/lib/test/auto/expressionInference.xml
1 ms. Memory: 331776K Free: 184796K (56%)
----------------- Invoking toplevel() on ptolemy.moml.MoMLSimpleApplication@7ff93053
----------------- Done invoking toplevel() on ptolemy.moml.MoMLSimpleApplication@7ff93053
reloadAllAccessors: .expressionInference

===========================================================================================
----------------- testing Sat Oct 10 15:47:46 UTC 2020 /home/travis/build/icyphy/ptII/ptolemy/actor/lib/test/auto/expression_bug.xml
----------------- Instantiating /home/travis/build/icyphy/ptII/ptolemy/actor/lib/test/auto/expression_bug.xml
1 ms. Memory: 331776K Free: 180186K (54%)
----------------- Invoking toplevel() on ptolemy.moml.MoMLSimpleApplication@5ecb53fb
----------------- Done invoking toplevel() on ptolemy.moml.MoMLSimpleApplication@5ecb53fb
reloadAllAccessors: .expression_bug

===========================================================================================
----------------- testing Sat Oct 10 15:47:46 UTC 2020 /home/travis/build/icyphy/ptII/ptolemy/actor/lib/test/auto/factorial.xml
----------------- Instantiating /home/travis/build/icyphy/ptII/ptolemy/actor/lib/test/auto/factorial.xml
39 ms. Memory: 331776K Free: 171994K (52%)
----------------- Invoking toplevel() on ptolemy.moml.MoMLSimpleApplication@454faf9a
----------------- Done invoking toplevel() on ptolemy.moml.MoMLSimpleApplication@454faf9a
reloadAllAccessors: .factorial

===========================================================================================
----------------- testing Sat Oct 10 15:47:46 UTC 2020 /home/travis/build/icyphy/ptII/ptolemy/actor/lib/test/auto/filterTest1.xml
----------------- Instantiating /home/travis/build/icyphy/ptII/ptolemy/actor/lib/test/auto/filterTest1.xml
3 ms. Memory: 331776K Free: 165836K (50%)
----------------- Invoking toplevel() on ptolemy.moml.MoMLSimpleApplication@6aa69260
----------------- Done invoking toplevel() on ptolemy.moml.MoMLSimpleApplication@6aa69260
reloadAllAccessors: .filterTest1

===========================================================================================
----------------- testing Sat Oct 10 15:47:46 UTC 2020 /home/travis/build/icyphy/ptII/ptolemy/actor/lib/test/auto/funcApplyInConst.xml
----------------- Instantiating /home/travis/build/icyphy/ptII/ptolemy/actor/lib/test/auto/funcApplyInConst.xml
1 ms. Memory: 331776K Free: 162268K (49%)
----------------- Invoking toplevel() on ptolemy.moml.MoMLSimpleApplication@550caa00
----------------- Done invoking toplevel() on ptolemy.moml.MoMLSimpleApplication@550caa00
reloadAllAccessors: .funcApplyInConst

===========================================================================================
----------------- testing Sat Oct 10 15:47:46 UTC 2020 /home/travis/build/icyphy/ptII/ptolemy/actor/lib/test/auto/funcApplyInExpr.xml
----------------- Instantiating /home/travis/build/icyphy/ptII/ptolemy/actor/lib/test/auto/funcApplyInExpr.xml
1 ms. Memory: 331776K Free: 158172K (48%)
----------------- Invoking toplevel() on ptolemy.moml.MoMLSimpleApplication@44f8493a
----------------- Done invoking toplevel() on ptolemy.moml.MoMLSimpleApplication@44f8493a
reloadAllAccessors: .funcApplyInExpr

===========================================================================================
----------------- testing Sat Oct 10 15:47:46 UTC 2020 /home/travis/build/icyphy/ptII/ptolemy/actor/lib/test/auto/function.xml
----------------- Instantiating /home/travis/build/icyphy/ptII/ptolemy/actor/lib/test/auto/function.xml
1 ms. Memory: 331776K Free: 153562K (46%)
----------------- Invoking toplevel() on ptolemy.moml.MoMLSimpleApplication@3e43ee55
----------------- Done invoking toplevel() on ptolemy.moml.MoMLSimpleApplication@3e43ee55
reloadAllAccessors: .function

===========================================================================================
----------------- testing Sat Oct 10 15:47:46 UTC 2020 /home/travis/build/icyphy/ptII/ptolemy/actor/lib/test/auto/function2.xml
----------------- Instantiating /home/travis/build/icyphy/ptII/ptolemy/actor/lib/test/auto/function2.xml
1 ms. Memory: 331776K Free: 148442K (45%)
----------------- Invoking toplevel() on ptolemy.moml.MoMLSimpleApplication@6c4b17e8
----------------- Done invoking toplevel() on ptolemy.moml.MoMLSimpleApplication@6c4b17e8
reloadAllAccessors: .function2

===========================================================================================
----------------- testing Sat Oct 10 15:47:46 UTC 2020 /home/travis/build/icyphy/ptII/ptolemy/actor/lib/test/auto/function3.xml
----------------- Instantiating /home/travis/build/icyphy/ptII/ptolemy/actor/lib/test/auto/function3.xml
1 ms. Memory: 331776K Free: 144860K (44%)
----------------- Invoking toplevel() on ptolemy.moml.MoMLSimpleApplication@54892800
----------------- Done invoking toplevel() on ptolemy.moml.MoMLSimpleApplication@54892800
reloadAllAccessors: .function3

===========================================================================================
----------------- testing Sat Oct 10 15:47:46 UTC 2020 /home/travis/build/icyphy/ptII/ptolemy/actor/lib/test/auto/functionClosureTest1.xml
----------------- Instantiating /home/travis/build/icyphy/ptII/ptolemy/actor/lib/test/auto/functionClosureTest1.xml
2 ms. Memory: 331776K Free: 139226K (42%)
----------------- Invoking toplevel() on ptolemy.moml.MoMLSimpleApplication@35591365
----------------- Done invoking toplevel() on ptolemy.moml.MoMLSimpleApplication@35591365
reloadAllAccessors: .functionClosureTest1

===========================================================================================
----------------- testing Sat Oct 10 15:47:46 UTC 2020 /home/travis/build/icyphy/ptII/ptolemy/actor/lib/test/auto/functionClosureTest2.xml
----------------- Instantiating /home/travis/build/icyphy/ptII/ptolemy/actor/lib/test/auto/functionClosureTest2.xml
0 ms. Memory: 331776K Free: 135130K (41%)
----------------- Invoking toplevel() on ptolemy.moml.MoMLSimpleApplication@74394e21
----------------- Done invoking toplevel() on ptolemy.moml.MoMLSimpleApplication@74394e21
reloadAllAccessors: .functionClosureTest2

===========================================================================================
----------------- testing Sat Oct 10 15:47:46 UTC 2020 /home/travis/build/icyphy/ptII/ptolemy/actor/lib/test/auto/functionClosureTest3.xml
----------------- Instantiating /home/travis/build/icyphy/ptII/ptolemy/actor/lib/test/auto/functionClosureTest3.xml
2 ms. Memory: 331776K Free: 129500K (39%)
----------------- Invoking toplevel() on ptolemy.moml.MoMLSimpleApplication@282f49ad
----------------- Done invoking toplevel() on ptolemy.moml.MoMLSimpleApplication@282f49ad
reloadAllAccessors: .functionClosureTest3

===========================================================================================
----------------- testing Sat Oct 10 15:47:46 UTC 2020 /home/travis/build/icyphy/ptII/ptolemy/actor/lib/test/auto/functionClosureTest4.xml
----------------- Instantiating /home/travis/build/icyphy/ptII/ptolemy/actor/lib/test/auto/functionClosureTest4.xml
4 ms. Memory: 331776K Free: 123356K (37%)
----------------- Invoking toplevel() on ptolemy.moml.MoMLSimpleApplication@276d5488
----------------- Done invoking toplevel() on ptolemy.moml.MoMLSimpleApplication@276d5488
reloadAllAccessors: .functionClosureTest4

===========================================================================================
----------------- testing Sat Oct 10 15:47:46 UTC 2020 /home/travis/build/icyphy/ptII/ptolemy/actor/lib/test/auto/functionClosureTest5.xml
----------------- Instantiating /home/travis/build/icyphy/ptII/ptolemy/actor/lib/test/auto/functionClosureTest5.xml
3 ms. Memory: 331776K Free: 117708K (35%)
----------------- Invoking toplevel() on ptolemy.moml.MoMLSimpleApplication@35d1414e
----------------- Done invoking toplevel() on ptolemy.moml.MoMLSimpleApplication@35d1414e
reloadAllAccessors: .functionClosureTest5

===========================================================================================
----------------- testing Sat Oct 10 15:47:46 UTC 2020 /home/travis/build/icyphy/ptII/ptolemy/actor/lib/test/auto/functionClosureTest6.xml
----------------- Instantiating /home/travis/build/icyphy/ptII/ptolemy/actor/lib/test/auto/functionClosureTest6.xml
1 ms. Memory: 331776K Free: 113116K (34%)
----------------- Invoking toplevel() on ptolemy.moml.MoMLSimpleApplication@e5bddc
----------------- Done invoking toplevel() on ptolemy.moml.MoMLSimpleApplication@e5bddc
reloadAllAccessors: .functionClosureTest6

===========================================================================================
----------------- testing Sat Oct 10 15:47:46 UTC 2020 /home/travis/build/icyphy/ptII/ptolemy/actor/lib/test/auto/functionsOnArcs.xml
----------------- Instantiating /home/travis/build/icyphy/ptII/ptolemy/actor/lib/test/auto/functionsOnArcs.xml
1 ms. Memory: 331776K Free: 107482K (32%)
----------------- Invoking toplevel() on ptolemy.moml.MoMLSimpleApplication@4f79733f
----------------- Done invoking toplevel() on ptolemy.moml.MoMLSimpleApplication@4f79733f
reloadAllAccessors: .functionsOnArcs

===========================================================================================
----------------- testing Sat Oct 10 15:47:46 UTC 2020 /home/travis/build/icyphy/ptII/ptolemy/actor/lib/test/auto/functionsOnArcsHOF.xml
----------------- Instantiating /home/travis/build/icyphy/ptII/ptolemy/actor/lib/test/auto/functionsOnArcsHOF.xml
4 ms. Memory: 331776K Free: 101852K (31%)
----------------- Invoking toplevel() on ptolemy.moml.MoMLSimpleApplication@338cdf4b
----------------- Done invoking toplevel() on ptolemy.moml.MoMLSimpleApplication@338cdf4b
reloadAllAccessors: .functionsOnArcsHOF

===========================================================================================
----------------- testing Sat Oct 10 15:47:46 UTC 2020 /home/travis/build/icyphy/ptII/ptolemy/actor/lib/test/auto/logic.xml
----------------- Instantiating /home/travis/build/icyphy/ptII/ptolemy/actor/lib/test/auto/logic.xml
2 ms. Memory: 331776K Free: 94170K (28%)
----------------- Invoking toplevel() on ptolemy.moml.MoMLSimpleApplication@30300ae6
----------------- Done invoking toplevel() on ptolemy.moml.MoMLSimpleApplication@30300ae6
reloadAllAccessors: .logic

===========================================================================================
----------------- testing Sat Oct 10 15:47:46 UTC 2020 /home/travis/build/icyphy/ptII/ptolemy/actor/lib/test/auto/matrixType.xml
----------------- Instantiating /home/travis/build/icyphy/ptII/ptolemy/actor/lib/test/auto/matrixType.xml
1 ms. Memory: 331776K Free: 89050K (27%)
----------------- Invoking toplevel() on ptolemy.moml.MoMLSimpleApplication@619042d3
----------------- Done invoking toplevel() on ptolemy.moml.MoMLSimpleApplication@619042d3
reloadAllAccessors: .matrixType

===========================================================================================
----------------- testing Sat Oct 10 15:47:46 UTC 2020 /home/travis/build/icyphy/ptII/ptolemy/actor/lib/test/auto/matrixType10.xml
----------------- Instantiating /home/travis/build/icyphy/ptII/ptolemy/actor/lib/test/auto/matrixType10.xml
2 ms. Memory: 331776K Free: 83930K (25%)
----------------- Invoking toplevel() on ptolemy.moml.MoMLSimpleApplication@6c37a36f
----------------- Done invoking toplevel() on ptolemy.moml.MoMLSimpleApplication@6c37a36f
reloadAllAccessors: .matrixType10

===========================================================================================
----------------- testing Sat Oct 10 15:47:46 UTC 2020 /home/travis/build/icyphy/ptII/ptolemy/actor/lib/test/auto/matrixType11.xml
----------------- Instantiating /home/travis/build/icyphy/ptII/ptolemy/actor/lib/test/auto/matrixType11.xml
1 ms. Memory: 331776K Free: 273947K (83%)
----------------- Invoking toplevel() on ptolemy.moml.MoMLSimpleApplication@3d43b162
----------------- Done invoking toplevel() on ptolemy.moml.MoMLSimpleApplication@3d43b162
reloadAllAccessors: .matrixType11

===========================================================================================
----------------- testing Sat Oct 10 15:47:46 UTC 2020 /home/travis/build/icyphy/ptII/ptolemy/actor/lib/test/auto/matrixType12.xml
----------------- Instantiating /home/travis/build/icyphy/ptII/ptolemy/actor/lib/test/auto/matrixType12.xml
1 ms. Memory: 331776K Free: 268827K (81%)
----------------- Invoking toplevel() on ptolemy.moml.MoMLSimpleApplication@43fce9d0
----------------- Done invoking toplevel() on ptolemy.moml.MoMLSimpleApplication@43fce9d0
reloadAllAccessors: .matrixType12

===========================================================================================
----------------- testing Sat Oct 10 15:47:46 UTC 2020 /home/travis/build/icyphy/ptII/ptolemy/actor/lib/test/auto/matrixType13.xml
----------------- Instantiating /home/travis/build/icyphy/ptII/ptolemy/actor/lib/test/auto/matrixType13.xml
1 ms. Memory: 331776K Free: 264217K (80%)
----------------- Invoking toplevel() on ptolemy.moml.MoMLSimpleApplication@4496c74f
----------------- Done invoking toplevel() on ptolemy.moml.MoMLSimpleApplication@4496c74f
reloadAllAccessors: .matrixType13

===========================================================================================
----------------- testing Sat Oct 10 15:47:46 UTC 2020 /home/travis/build/icyphy/ptII/ptolemy/actor/lib/test/auto/matrixType14.xml
----------------- Instantiating /home/travis/build/icyphy/ptII/ptolemy/actor/lib/test/auto/matrixType14.xml
1 ms. Memory: 331776K Free: 259097K (78%)
----------------- Invoking toplevel() on ptolemy.moml.MoMLSimpleApplication@57070a96
----------------- Done invoking toplevel() on ptolemy.moml.MoMLSimpleApplication@57070a96
reloadAllAccessors: .matrixType14

===========================================================================================
----------------- testing Sat Oct 10 15:47:46 UTC 2020 /home/travis/build/icyphy/ptII/ptolemy/actor/lib/test/auto/matrixType2.xml
----------------- Instantiating /home/travis/build/icyphy/ptII/ptolemy/actor/lib/test/auto/matrixType2.xml
1 ms. Memory: 331776K Free: 253977K (77%)
----------------- Invoking toplevel() on ptolemy.moml.MoMLSimpleApplication@3da147bd
----------------- Done invoking toplevel() on ptolemy.moml.MoMLSimpleApplication@3da147bd
reloadAllAccessors: .matrixType2

===========================================================================================
----------------- testing Sat Oct 10 15:47:46 UTC 2020 /home/travis/build/icyphy/ptII/ptolemy/actor/lib/test/auto/matrixType3.xml
----------------- Instantiating /home/travis/build/icyphy/ptII/ptolemy/actor/lib/test/auto/matrixType3.xml
3 ms. Memory: 331776K Free: 248857K (75%)
----------------- Invoking toplevel() on ptolemy.moml.MoMLSimpleApplication@608bf8d4
----------------- Done invoking toplevel() on ptolemy.moml.MoMLSimpleApplication@608bf8d4
reloadAllAccessors: .matrixType3

===========================================================================================
----------------- testing Sat Oct 10 15:47:46 UTC 2020 /home/travis/build/icyphy/ptII/ptolemy/actor/lib/test/auto/matrixType4.xml
----------------- Instantiating /home/travis/build/icyphy/ptII/ptolemy/actor/lib/test/auto/matrixType4.xml
1 ms. Memory: 331776K Free: 243737K (73%)
----------------- Invoking toplevel() on ptolemy.moml.MoMLSimpleApplication@5bf02c34
----------------- Done invoking toplevel() on ptolemy.moml.MoMLSimpleApplication@5bf02c34
reloadAllAccessors: .matrixType4

===========================================================================================
----------------- testing Sat Oct 10 15:47:46 UTC 2020 /home/travis/build/icyphy/ptII/ptolemy/actor/lib/test/auto/matrixType5.xml
----------------- Instantiating /home/travis/build/icyphy/ptII/ptolemy/actor/lib/test/auto/matrixType5.xml
1 ms. Memory: 331776K Free: 239131K (72%)
----------------- Invoking toplevel() on ptolemy.moml.MoMLSimpleApplication@3e72752d
----------------- Done invoking toplevel() on ptolemy.moml.MoMLSimpleApplication@3e72752d
reloadAllAccessors: .matrixType5

===========================================================================================
----------------- testing Sat Oct 10 15:47:46 UTC 2020 /home/travis/build/icyphy/ptII/ptolemy/actor/lib/test/auto/matrixType6.xml
----------------- Instantiating /home/travis/build/icyphy/ptII/ptolemy/actor/lib/test/auto/matrixType6.xml
1 ms. Memory: 331776K Free: 234011K (71%)
----------------- Invoking toplevel() on ptolemy.moml.MoMLSimpleApplication@b64a3c3
----------------- Done invoking toplevel() on ptolemy.moml.MoMLSimpleApplication@b64a3c3
reloadAllAccessors: .matrixType6

===========================================================================================
----------------- testing Sat Oct 10 15:47:46 UTC 2020 /home/travis/build/icyphy/ptII/ptolemy/actor/lib/test/auto/matrixType7.xml
----------------- Instantiating /home/travis/build/icyphy/ptII/ptolemy/actor/lib/test/auto/matrixType7.xml
1 ms. Memory: 331776K Free: 229401K (69%)
----------------- Invoking toplevel() on ptolemy.moml.MoMLSimpleApplication@53cc8053
----------------- Done invoking toplevel() on ptolemy.moml.MoMLSimpleApplication@53cc8053
reloadAllAccessors: .matrixType7

===========================================================================================
----------------- testing Sat Oct 10 15:47:46 UTC 2020 /home/travis/build/icyphy/ptII/ptolemy/actor/lib/test/auto/matrixType8.xml
----------------- Instantiating /home/travis/build/icyphy/ptII/ptolemy/actor/lib/test/auto/matrixType8.xml
1 ms. Memory: 331776K Free: 224281K (68%)
----------------- Invoking toplevel() on ptolemy.moml.MoMLSimpleApplication@56f7f4a2
----------------- Done invoking toplevel() on ptolemy.moml.MoMLSimpleApplication@56f7f4a2
reloadAllAccessors: .matrixType8

===========================================================================================
----------------- testing Sat Oct 10 15:47:46 UTC 2020 /home/travis/build/icyphy/ptII/ptolemy/actor/lib/test/auto/matrixType9.xml
----------------- Instantiating /home/travis/build/icyphy/ptII/ptolemy/actor/lib/test/auto/matrixType9.xml
1 ms. Memory: 331776K Free: 219675K (66%)
----------------- Invoking toplevel() on ptolemy.moml.MoMLSimpleApplication@2a0ab595
----------------- Done invoking toplevel() on ptolemy.moml.MoMLSimpleApplication@2a0ab595
reloadAllAccessors: .matrixType9

===========================================================================================
----------------- testing Sat Oct 10 15:47:46 UTC 2020 /home/travis/build/icyphy/ptII/ptolemy/actor/lib/test/auto/paraFunctest.xml
----------------- Instantiating /home/travis/build/icyphy/ptII/ptolemy/actor/lib/test/auto/paraFunctest.xml
1 ms. Memory: 331776K Free: 215579K (65%)
----------------- Invoking toplevel() on ptolemy.moml.MoMLSimpleApplication@5077b689
----------------- Done invoking toplevel() on ptolemy.moml.MoMLSimpleApplication@5077b689
reloadAllAccessors: .paraFunctest

===========================================================================================
----------------- testing Sat Oct 10 15:47:46 UTC 2020 /home/travis/build/icyphy/ptII/ptolemy/actor/lib/test/auto/paraFunctest2.xml
----------------- Instantiating /home/travis/build/icyphy/ptII/ptolemy/actor/lib/test/auto/paraFunctest2.xml
1 ms. Memory: 331776K Free: 210969K (64%)
----------------- Invoking toplevel() on ptolemy.moml.MoMLSimpleApplication@71d109d3
----------------- Done invoking toplevel() on ptolemy.moml.MoMLSimpleApplication@71d109d3
reloadAllAccessors: .paraFunctest2

===========================================================================================
----------------- testing Sat Oct 10 15:47:46 UTC 2020 /home/travis/build/icyphy/ptII/ptolemy/actor/lib/test/auto/parameterPassing.xml
----------------- Instantiating /home/travis/build/icyphy/ptII/ptolemy/actor/lib/test/auto/parameterPassing.xml
1 ms. Memory: 331776K Free: 206363K (62%)
----------------- Invoking toplevel() on ptolemy.moml.MoMLSimpleApplication@51661b8e
----------------- Done invoking toplevel() on ptolemy.moml.MoMLSimpleApplication@51661b8e
reloadAllAccessors: .parameterPassing

===========================================================================================
----------------- testing Sat Oct 10 15:47:46 UTC 2020 /home/travis/build/icyphy/ptII/ptolemy/actor/lib/test/auto/record.xml
----------------- Instantiating /home/travis/build/icyphy/ptII/ptolemy/actor/lib/test/auto/record.xml
1 ms. Memory: 331776K Free: 201753K (61%)
----------------- Invoking toplevel() on ptolemy.moml.MoMLSimpleApplication@2fb50fb6
----------------- Done invoking toplevel() on ptolemy.moml.MoMLSimpleApplication@2fb50fb6
reloadAllAccessors: .record

===========================================================================================
----------------- testing Sat Oct 10 15:47:46 UTC 2020 /home/travis/build/icyphy/ptII/ptolemy/actor/lib/test/auto/sizedarray1.xml
----------------- Instantiating /home/travis/build/icyphy/ptII/ptolemy/actor/lib/test/auto/sizedarray1.xml
1 ms. Memory: 331776K Free: 196123K (59%)
----------------- Invoking toplevel() on ptolemy.moml.MoMLSimpleApplication@48356c87
----------------- Done invoking toplevel() on ptolemy.moml.MoMLSimpleApplication@48356c87
reloadAllAccessors: .sizedarray1

===========================================================================================
----------------- testing Sat Oct 10 15:47:46 UTC 2020 /home/travis/build/icyphy/ptII/ptolemy/actor/lib/test/auto/sizedarray2.xml
----------------- Instantiating /home/travis/build/icyphy/ptII/ptolemy/actor/lib/test/auto/sizedarray2.xml
1 ms. Memory: 331776K Free: 190489K (57%)
----------------- Invoking toplevel() on ptolemy.moml.MoMLSimpleApplication@31062a7e
----------------- Done invoking toplevel() on ptolemy.moml.MoMLSimpleApplication@31062a7e
reloadAllAccessors: .sizedarray2

===========================================================================================
----------------- testing Sat Oct 10 15:47:46 UTC 2020 /home/travis/build/icyphy/ptII/ptolemy/actor/lib/test/auto/twoPublishers.xml
----------------- Instantiating /home/travis/build/icyphy/ptII/ptolemy/actor/lib/test/auto/twoPublishers.xml
2 ms. Memory: 331776K Free: 179739K (54%)
----------------- Invoking toplevel() on ptolemy.moml.MoMLSimpleApplication@11a1389
----------------- Done invoking toplevel() on ptolemy.moml.MoMLSimpleApplication@11a1389
reloadAllAccessors: .twoPublishers
AutoTests.java: About to close Vertx.
AutoTests.java: Vertx closed.
]]></system-out>
  <system-err><![CDATA[java.lang.RuntimeException: Execution failed
	at ptolemy.moml.MoMLSimpleApplication$UnloadThread.run(MoMLSimpleApplication.java:402)
Caused by: java.lang.RuntimeException: StringUtilities.exit() was called. Normally, we would exit here because Manager.exitAfterWrapup() was called.  However, because the ptolemy.ptII.exitAfterWrapup property is set, we throw this exception instead.
	at ptolemy.util.StringUtilities.exit(StringUtilities.java:365)
	at ptolemy.actor.Manager.wrapup(Manager.java:1549)
	at ptolemy.actor.Manager.execute(Manager.java:407)
	at ptolemy.actor.Manager.run(Manager.java:1263)
	at ptolemy.actor.Manager$PtolemyRunThread.run(Manager.java:1933)
Warning: '.top.test' is in training mode, set the trainingMode parameter to false before checking in
Warning: '.top.test' is in training mode, set the trainingMode parameter to false before checking in
Warning: '.top.test' is in training mode, set the trainingMode parameter to false before checking in
Warning: '.BooleanSwitch_RegressionTest_WrongTrainingValues.Test' is in training mode, set the trainingMode parameter to false before checking in
Warning: '.BooleanSwitch_RegressionTest_WrongTrainingValues.Test2' is in training mode, set the trainingMode parameter to false before checking in
Warning: '.BooleanSwitch_RegressionTest_WrongTrainingValues.Test2' The test produced 0 tokens.
Warning: '.top.testExceptionHandler' is in training mode, set the trainingMode parameter to false before checking in
java.lang.RuntimeException: Execution failed
	at ptolemy.moml.MoMLSimpleApplication$UnloadThread.run(MoMLSimpleApplication.java:402)
Caused by: ptolemy.kernel.util.IllegalActionException: PublisherPorts cannot be used at the top level, use a Publisher actor instead.
  in .PublisherPortToplevelSubscriber.PublisherPort
	at ptolemy.actor.PublisherPort.preinitialize(PublisherPort.java:403)
	at ptolemy.actor.CompositeActor.preinitialize(CompositeActor.java:1769)
	at ptolemy.actor.Manager.preinitializeAndResolveTypes(Manager.java:1040)
	at ptolemy.actor.Manager.initialize(Manager.java:710)
	at ptolemy.actor.Manager.execute(Manager.java:356)
	at ptolemy.actor.Manager.run(Manager.java:1263)
	at ptolemy.actor.Manager$PtolemyRunThread.run(Manager.java:1933)
java.lang.reflect.InvocationTargetException
	at java.base/jdk.internal.reflect.NativeConstructorAccessorImpl.newInstance0(Native Method)
	at java.base/jdk.internal.reflect.NativeConstructorAccessorImpl.newInstance(NativeConstructorAccessorImpl.java:62)
	at java.base/jdk.internal.reflect.DelegatingConstructorAccessorImpl.newInstance(DelegatingConstructorAccessorImpl.java:45)
	at java.base/java.lang.reflect.Constructor.newInstance(Constructor.java:490)
	at ptolemy.util.test.junit.AutoKnownFailedTests.RunModel(AutoKnownFailedTests.java:105)
	at java.base/jdk.internal.reflect.NativeMethodAccessorImpl.invoke0(Native Method)
	at java.base/jdk.internal.reflect.NativeMethodAccessorImpl.invoke(NativeMethodAccessorImpl.java:62)
	at java.base/jdk.internal.reflect.DelegatingMethodAccessorImpl.invoke(DelegatingMethodAccessorImpl.java:43)
	at java.base/java.lang.reflect.Method.invoke(Method.java:566)
	at org.junit.runners.model.FrameworkMethod$1.runReflectiveCall(FrameworkMethod.java:44)
	at org.junit.internal.runners.model.ReflectiveCallable.run(ReflectiveCallable.java:15)
	at org.junit.runners.model.FrameworkMethod.invokeExplosively(FrameworkMethod.java:41)
	at junitparams.internal.InvokeParameterisedMethod.evaluate(InvokeParameterisedMethod.java:102)
	at org.junit.internal.runners.statements.FailOnTimeout$1.run(FailOnTimeout.java:28)
Caused by: ptolemy.kernel.util.IllegalActionException: PublisherPorts cannot be used at the top level, use a Publisher actor instead.
  in .PublisherPortToplevelSubscriber.PublisherPort
	at ptolemy.actor.PublisherPort.preinitialize(PublisherPort.java:403)
	at ptolemy.actor.CompositeActor.preinitialize(CompositeActor.java:1769)
	at ptolemy.actor.Manager.preinitializeAndResolveTypes(Manager.java:1040)
	at ptolemy.actor.Manager.initialize(Manager.java:710)
	at ptolemy.actor.Manager.execute(Manager.java:356)
	at ptolemy.actor.Manager.run(Manager.java:1263)
	at ptolemy.actor.Manager$PtolemyRunThread.run(Manager.java:1933)
java.lang.RuntimeException: Execution failed
	at ptolemy.moml.MoMLSimpleApplication$UnloadThread.run(MoMLSimpleApplication.java:402)
Caused by: ptolemy.kernel.util.IllegalActionException: SubscriberPorts cannot be used at the top level, use a Subscriber actor instead.
  in .PublisherSubscriberPortToplevel.SubscriberPort
	at ptolemy.actor.SubscriberPort.preinitialize(SubscriberPort.java:328)
	at ptolemy.actor.CompositeActor.preinitialize(CompositeActor.java:1769)
	at ptolemy.actor.Manager.preinitializeAndResolveTypes(Manager.java:1040)
	at ptolemy.actor.Manager.initialize(Manager.java:710)
	at ptolemy.actor.Manager.execute(Manager.java:356)
	at ptolemy.actor.Manager.run(Manager.java:1263)
	at ptolemy.actor.Manager$PtolemyRunThread.run(Manager.java:1933)
java.lang.reflect.InvocationTargetException
	at java.base/jdk.internal.reflect.NativeConstructorAccessorImpl.newInstance0(Native Method)
	at java.base/jdk.internal.reflect.NativeConstructorAccessorImpl.newInstance(NativeConstructorAccessorImpl.java:62)
	at java.base/jdk.internal.reflect.DelegatingConstructorAccessorImpl.newInstance(DelegatingConstructorAccessorImpl.java:45)
	at java.base/java.lang.reflect.Constructor.newInstance(Constructor.java:490)
	at ptolemy.util.test.junit.AutoKnownFailedTests.RunModel(AutoKnownFailedTests.java:105)
	at java.base/jdk.internal.reflect.NativeMethodAccessorImpl.invoke0(Native Method)
	at java.base/jdk.internal.reflect.NativeMethodAccessorImpl.invoke(NativeMethodAccessorImpl.java:62)
	at java.base/jdk.internal.reflect.DelegatingMethodAccessorImpl.invoke(DelegatingMethodAccessorImpl.java:43)
	at java.base/java.lang.reflect.Method.invoke(Method.java:566)
	at org.junit.runners.model.FrameworkMethod$1.runReflectiveCall(FrameworkMethod.java:44)
	at org.junit.internal.runners.model.ReflectiveCallable.run(ReflectiveCallable.java:15)
	at org.junit.runners.model.FrameworkMethod.invokeExplosively(FrameworkMethod.java:41)
	at junitparams.internal.InvokeParameterisedMethod.evaluate(InvokeParameterisedMethod.java:102)
	at org.junit.internal.runners.statements.FailOnTimeout$1.run(FailOnTimeout.java:28)
Caused by: ptolemy.kernel.util.IllegalActionException: SubscriberPorts cannot be used at the top level, use a Subscriber actor instead.
  in .PublisherSubscriberPortToplevel.SubscriberPort
	at ptolemy.actor.SubscriberPort.preinitialize(SubscriberPort.java:328)
	at ptolemy.actor.CompositeActor.preinitialize(CompositeActor.java:1769)
	at ptolemy.actor.Manager.preinitializeAndResolveTypes(Manager.java:1040)
	at ptolemy.actor.Manager.initialize(Manager.java:710)
	at ptolemy.actor.Manager.execute(Manager.java:356)
	at ptolemy.actor.Manager.run(Manager.java:1263)
	at ptolemy.actor.Manager$PtolemyRunThread.run(Manager.java:1933)
java.lang.RuntimeException: Execution failed
	at ptolemy.moml.MoMLSimpleApplication$UnloadThread.run(MoMLSimpleApplication.java:402)
Caused by: ptolemy.kernel.util.IllegalActionException: SubscriptionAggregatorPorts cannot be used at the top level, use a SubscriptionAggregator actor instead.
  in .PublisherSubscriptionAggregatorPort.SubscriptionAggregatorPort
	at ptolemy.actor.SubscriptionAggregatorPort.preinitialize(SubscriptionAggregatorPort.java:353)
	at ptolemy.actor.CompositeActor.preinitialize(CompositeActor.java:1769)
	at ptolemy.actor.Manager.preinitializeAndResolveTypes(Manager.java:1040)
	at ptolemy.actor.Manager.initialize(Manager.java:710)
	at ptolemy.actor.Manager.execute(Manager.java:356)
	at ptolemy.actor.Manager.run(Manager.java:1263)
	at ptolemy.actor.Manager$PtolemyRunThread.run(Manager.java:1933)
java.lang.reflect.InvocationTargetException
	at java.base/jdk.internal.reflect.NativeConstructorAccessorImpl.newInstance0(Native Method)
	at java.base/jdk.internal.reflect.NativeConstructorAccessorImpl.newInstance(NativeConstructorAccessorImpl.java:62)
	at java.base/jdk.internal.reflect.DelegatingConstructorAccessorImpl.newInstance(DelegatingConstructorAccessorImpl.java:45)
	at java.base/java.lang.reflect.Constructor.newInstance(Constructor.java:490)
	at ptolemy.util.test.junit.AutoKnownFailedTests.RunModel(AutoKnownFailedTests.java:105)
	at java.base/jdk.internal.reflect.NativeMethodAccessorImpl.invoke0(Native Method)
	at java.base/jdk.internal.reflect.NativeMethodAccessorImpl.invoke(NativeMethodAccessorImpl.java:62)
	at java.base/jdk.internal.reflect.DelegatingMethodAccessorImpl.invoke(DelegatingMethodAccessorImpl.java:43)
	at java.base/java.lang.reflect.Method.invoke(Method.java:566)
	at org.junit.runners.model.FrameworkMethod$1.runReflectiveCall(FrameworkMethod.java:44)
	at org.junit.internal.runners.model.ReflectiveCallable.run(ReflectiveCallable.java:15)
	at org.junit.runners.model.FrameworkMethod.invokeExplosively(FrameworkMethod.java:41)
	at junitparams.internal.InvokeParameterisedMethod.evaluate(InvokeParameterisedMethod.java:102)
	at org.junit.internal.runners.statements.FailOnTimeout$1.run(FailOnTimeout.java:28)
Caused by: ptolemy.kernel.util.IllegalActionException: SubscriptionAggregatorPorts cannot be used at the top level, use a SubscriptionAggregator actor instead.
  in .PublisherSubscriptionAggregatorPort.SubscriptionAggregatorPort
	at ptolemy.actor.SubscriptionAggregatorPort.preinitialize(SubscriptionAggregatorPort.java:353)
	at ptolemy.actor.CompositeActor.preinitialize(CompositeActor.java:1769)
	at ptolemy.actor.Manager.preinitializeAndResolveTypes(Manager.java:1040)
	at ptolemy.actor.Manager.initialize(Manager.java:710)
	at ptolemy.actor.Manager.execute(Manager.java:356)
	at ptolemy.actor.Manager.run(Manager.java:1263)
	at ptolemy.actor.Manager$PtolemyRunThread.run(Manager.java:1933)
java.lang.RuntimeException: Execution failed
	at ptolemy.moml.MoMLSimpleApplication$UnloadThread.run(MoMLSimpleApplication.java:402)
Caused by: ptolemy.kernel.util.IllegalActionException: TypeTest actor has no training data.
  in .sizedarray3.TypeTest
	at ptolemy.actor.lib.TypeTest.initialize(TypeTest.java:250)
	at ptolemy.actor.Director.initialize(Director.java:938)
	at ptolemy.actor.Director.initialize(Director.java:907)
	at ptolemy.actor.sched.StaticSchedulingDirector.initialize(StaticSchedulingDirector.java:159)
	at ptolemy.domains.sdf.kernel.SDFDirector.initialize(SDFDirector.java:544)
	at ptolemy.actor.CompositeActor.initialize(CompositeActor.java:935)
	at ptolemy.actor.Manager.initialize(Manager.java:724)
	at ptolemy.actor.Manager.execute(Manager.java:356)
	at ptolemy.actor.Manager.run(Manager.java:1263)
	at ptolemy.actor.Manager$PtolemyRunThread.run(Manager.java:1933)
java.lang.reflect.InvocationTargetException
	at java.base/jdk.internal.reflect.NativeConstructorAccessorImpl.newInstance0(Native Method)
	at java.base/jdk.internal.reflect.NativeConstructorAccessorImpl.newInstance(NativeConstructorAccessorImpl.java:62)
	at java.base/jdk.internal.reflect.DelegatingConstructorAccessorImpl.newInstance(DelegatingConstructorAccessorImpl.java:45)
	at java.base/java.lang.reflect.Constructor.newInstance(Constructor.java:490)
	at ptolemy.util.test.junit.AutoKnownFailedTests.RunModel(AutoKnownFailedTests.java:105)
	at java.base/jdk.internal.reflect.NativeMethodAccessorImpl.invoke0(Native Method)
	at java.base/jdk.internal.reflect.NativeMethodAccessorImpl.invoke(NativeMethodAccessorImpl.java:62)
	at java.base/jdk.internal.reflect.DelegatingMethodAccessorImpl.invoke(DelegatingMethodAccessorImpl.java:43)
	at java.base/java.lang.reflect.Method.invoke(Method.java:566)
	at org.junit.runners.model.FrameworkMethod$1.runReflectiveCall(FrameworkMethod.java:44)
	at org.junit.internal.runners.model.ReflectiveCallable.run(ReflectiveCallable.java:15)
	at org.junit.runners.model.FrameworkMethod.invokeExplosively(FrameworkMethod.java:41)
	at junitparams.internal.InvokeParameterisedMethod.evaluate(InvokeParameterisedMethod.java:102)
	at org.junit.internal.runners.statements.FailOnTimeout$1.run(FailOnTimeout.java:28)
Caused by: ptolemy.kernel.util.IllegalActionException: TypeTest actor has no training data.
  in .sizedarray3.TypeTest
	at ptolemy.actor.lib.TypeTest.initialize(TypeTest.java:250)
	at ptolemy.actor.Director.initialize(Director.java:938)
	at ptolemy.actor.Director.initialize(Director.java:907)
	at ptolemy.actor.sched.StaticSchedulingDirector.initialize(StaticSchedulingDirector.java:159)
	at ptolemy.domains.sdf.kernel.SDFDirector.initialize(SDFDirector.java:544)
	at ptolemy.actor.CompositeActor.initialize(CompositeActor.java:935)
	at ptolemy.actor.Manager.initialize(Manager.java:724)
	at ptolemy.actor.Manager.execute(Manager.java:356)
	at ptolemy.actor.Manager.run(Manager.java:1263)
	at ptolemy.actor.Manager$PtolemyRunThread.run(Manager.java:1933)
java.lang.RuntimeException: Execution failed
	at ptolemy.moml.MoMLSimpleApplication$UnloadThread.run(MoMLSimpleApplication.java:402)
Caused by: ptolemy.kernel.util.IllegalActionException: Test fails in iteration 0.
Value was: 6001L. Should have been: 6000L
  in .ExecutionTimeSDF.NonStrictTest
	at ptolemy.actor.lib.NonStrictTest.postfire(NonStrictTest.java:328)
	at ptolemy.actor.AtomicActor.iterate(AtomicActor.java:518)
	at ptolemy.actor.sched.StaticSchedulingDirector.fire(StaticSchedulingDirector.java:216)
	at ptolemy.domains.sdf.kernel.SDFDirector.fire(SDFDirector.java:500)
	at ptolemy.actor.CompositeActor.fire(CompositeActor.java:455)
	at ptolemy.actor.Manager.iterate(Manager.java:851)
	at ptolemy.actor.Manager.execute(Manager.java:369)
	at ptolemy.actor.Manager.run(Manager.java:1263)
	at ptolemy.actor.Manager$PtolemyRunThread.run(Manager.java:1933)
]]></system-err>
</testsuite>
