<?xml version="1.0" encoding="UTF-8" ?>
<testsuite errors="0" failures="0" hostname="travis-job-6b780e71-c546-42f5-a5f3-56c49e9897d7" name="ptolemy.domains.de.test.junit.JUnitTclTest" skipped="0" tests="101" time="119.936" timestamp="2019-12-23T06:30:10">
  <properties>
    <property name="npm.executable" value="npm" />
    <property name="env.TRAVIS_ROOT" value="/" />
    <property name="ptII.mk.exists" value="true" />
    <property name="env.TRAVIS_APP_HOST" value="build.travis-ci.org" />
    <property name="env.rvm_bin_path" value="/home/travis/.rvm/bin" />
    <property name="java.home" value="/usr/local/lib/jvm/openjdk11" />
    <property name="env.TRAVIS_JOB_NUMBER" value="1438.9" />
    <property name="env.TRAVIS_HOME" value="/home/travis" />
    <property name="env.DISPLAY" value=":99.0" />
    <property name="env.TRAVIS_INIT" value="systemd" />
    <property name="env.SSH_TTY" value="/dev/pts/0" />
    <property name="java.net.preferIPv4Stack" value="true" />
    <property name="env.RUN_TESTS" value="true" />
    <property name="timeout.short" value="1000000" />
    <property name="junit.formatter" value="xml" />
    <property name="env.TRAVIS_SUDO" value="true" />
    <property name="env.TRAVIS_JOB_NAME" value="" />
    <property name="env.TRAVIS_STACK_NODE_ATTRIBUTES" value="/.node-attributes.yml" />
    <property name="env.LOGNAME" value="travis" />
    <property name="jsdoc.home" value="node_modules/@terraswarm/jsdoc" />
    <property name="debuglevel" value="source,lines,vars" />
    <property name="checkstyle.formatter" value="xml" />
    <property name="env._system_version" value="16.04" />
    <property name="bin.vergil.makeable" value="true" />
    <property name="sun.os.patch.level" value="unknown" />
    <property name="java.vendor.url" value="http://java.oracle.com/" />
    <property name="env.TRAVIS_BUILD_WEB_URL" value="https://travis-ci.org/icyphy/ptII/builds/628601464" />
    <property name="java.version" value="11.0.2" />
    <property name="env.TZ" value="UTC" />
    <property name="env.TRAVIS_PULL_REQUEST_SHA" value="" />
    <property name="env.PT_NO_NET" value="true" />
    <property name="env.TRAVIS_SECURE_ENV_VARS" value="true" />
    <property name="env._system_type" value="Linux" />
    <property name="java.vendor.url.bug" value="http://bugreport.java.com/bugreport/" />
    <property name="npmjs-org-is-up" value="true" />
    <property name="env.LANGUAGE" value="en_US.UTF-8" />
    <property name="env.SSH_CLIENT" value="10.16.5.123 43054 22" />
    <property name="env.GEM_HOME" value="/home/travis/.rvm/gems/ruby-2.5.3" />
    <property name="env.HAS_ANTARES_THREE_LITTLE_FRONZIES_BADGE" value="true" />
    <property name="java.version.date" value="2019-01-15" />
    <property name="env.PS4" value="+" />
    <property name="ant.project.invoked-targets" value="build,test.core2.xml" />
    <property name="env.TRAVIS_PULL_REQUEST_BRANCH" value="" />
    <property name="env.TRAVIS_REPO_SLUG" value="icyphy/ptII" />
    <property name="env.XDG_DATA_DIRS" value="/usr/local/share:/usr/share:/var/lib/snapd/desktop" />
    <property name="jdk.debug" value="release" />
    <property name="env.TRAVIS_APT_PROXY" value="http://build-cache.travisci.net" />
    <property name="env.TRAVIS_CPU_ARCH" value="amd64" />
    <property name="node.in.path" value="true" />
    <property name="user.name" value="travis" />
    <property name="java.maxmemory" value="1400m" />
    <property name="env.RUBY_VERSION" value="ruby-2.5.3" />
    <property name="env.LANG" value="en_US.UTF-8" />
    <property name="sun.io.unicode.encoding" value="UnicodeLittle" />
    <property name="sun.jnu.encoding" value="UTF-8" />
    <property name="java.runtime.name" value="OpenJDK Runtime Environment" />
    <property name="usefile" value="false" />
    <property name="return.code" value="0" />
    <property name="junit.single.formatter" value="plain" />
    <property name="env.DYLD_LIBRARY_PATH" value="/home/travis/pthla/certi-tools/lib:" />
    <property name="env.DEBIAN_FRONTEND" value="noninteractive" />
    <property name="env.SSH_CONNECTION" value="10.16.5.123 43054 10.20.0.93 22" />
    <property name="env.MYSQL_UNIX_PORT" value="/var/run/mysqld/mysqld.sock" />
    <property name="env.LC_ALL" value="en_US.UTF-8" />
    <property name="env.TRAVIS_ALLOW_FAILURE" value="false" />
    <property name="env.TRAVIS_JOB_WEB_URL" value="https://travis-ci.org/icyphy/ptII/jobs/628601473" />
    <property name="java.specification.name" value="Java Platform API Specification" />
    <property name="node.works" value="true" />
    <property name="user.timezone" value="" />
    <property name="path.separator" value=":" />
    <property name="env.TRAVIS_ENABLE_INFRA_DETECTION" value="true" />
    <property name="env.PYTHON_CFLAGS" value="-g -fstack-protector --param=ssp-buffer-size=4 -Wformat -Werror=format-security" />
    <property name="timeout.long" value="4000000" />
    <property name="env.CERTI_HOME" value="/home/travis/pthla/certi-tools" />
    <property name="ant.file.ptII" value="/home/travis/build/icyphy/ptII/build.xml" />
    <property name="javadoc.packagenames" value="com.*,diva.*,lbnl.*,org.hlacerti.*,org.json.*,org.ptolemy.*,org.terraswarm.*,ptolemy.*,ptserver.*" />
    <property name="file.encoding" value="UTF-8" />
    <property name="env.TRAVIS_PULL_REQUEST_SLUG" value="" />
    <property name="ant.project.default-target" value="build" />
    <property name="env.GIT_ASKPASS" value="echo" />
    <property name="env.HOME" value="/home/travis" />
    <property name="sun.java.command" value="org.apache.tools.ant.taskdefs.optional.junit.JUnitTestRunner ptolemy.domains.de.test.junit.JUnitTclTest skipNonTests=false filtertrace=true haltOnError=false haltOnFailure=false formatter=org.apache.tools.ant.taskdefs.optional.junit.OutErrSummaryJUnitResultFormatter showoutput=true outputtoformatters=true logfailedtests=true threadid=0 logtestlistenerevents=false formatter=org.apache.tools.ant.taskdefs.optional.junit.XMLJUnitResultFormatter,/home/travis/build/icyphy/ptII/reports/junit/TEST-ptolemy.domains.de.test.junit.JUnitTclTest.xml crashfile=/home/travis/build/icyphy/ptII/junitvmwatcher1834414583658152153.properties propsfile=/home/travis/build/icyphy/ptII/junit5612831274384249850.properties" />
    <property name="env.COMPOSER_NO_INTERACTION" value="1" />
    <property name="env.MANPATH" value="/home/travis/.nvm/versions/node/v7.10.1/share/man:/home/travis/.rvm/rubies/ruby-2.5.3/share/man:/usr/local/cmake-3.12.4/man:/usr/local/clang-7.0.0/share/man:/usr/local/man:/usr/local/share/man:/usr/share/man:/home/travis/.rvm/man" />
    <property name="env.TRAVIS_TIMER_ID" value="00aa92e6" />
    <property name="ant.file" value="/home/travis/build/icyphy/ptII/build.xml" />
    <property name="env.TRAVIS_COMMIT_RANGE" value="c7ad326c8bb61863fc0b87bc56a33674fe4fd789...687bb808dc5adecbfa0f708fbf7527a5d6554d96" />
    <property name="env._system_name" value="Ubuntu" />
    <property name="ptII.classpath.optional.property" value="/home/travis/build/icyphy/ptII/lib/bsh-2.0b4.jar:/home/travis/build/icyphy/ptII/lib/ptCal.jar:/home/travis/build/icyphy/ptII/lib/java_cup.jar:/home/travis/build/icyphy/ptII/lib/saxon8.jar:/home/travis/build/icyphy/ptII/lib/saxon8-dom.jar:/home/travis/build/icyphy/ptII/lib/chic.jar:/home/travis/build/icyphy/ptII/lib/ptcolt.jar:/home/travis/build/icyphy/ptII/vendors/misc/itext/iText.jar:/home/travis/build/icyphy/ptII/lib/g4ltl.jar:/home/travis/build/icyphy/ptII/lib/StructuralCoder.jar:/home/travis/build/icyphy/ptII/lib/jcerti.jar:/home/travis/build/icyphy/ptII/lib/javax.mail.jar:/home/travis/build/icyphy/ptII/vendors/JMF-2.1.1e/lib/jmf.jar:/home/travis/build/icyphy/ptII/lib/jna-4.0.0-variadic.jar:/home/travis/build/icyphy/ptII/vendors/misc/joystick/Joystick.jar:/home/travis/build/icyphy/ptII/lib/ptjacl.jar:/home/travis/build/icyphy/ptII/lib/jsoup-1.8.2.jar:/home/travis/build/icyphy/ptII/lib/junit-4.8.2.jar:/home/travis/build/icyphy/ptII/lib/JUnitParams-0.4.0.jar:/home/travis/build/icyphy/ptII/ptolemy/actor/lib/excel/jxl.jar:/home/travis/build/icyphy/ptII/lib/jython.jar:/home/travis/build/icyphy/ptII/lib/kieler.jar:/home/travis/build/icyphy/ptII/vendors/opencv/share/OpenCV/java/opencv-341.jar:/home/travis/build/icyphy/ptII/lib/oscP5.jar:/home/travis/build/icyphy/ptII/lib/nrjavaserial-3.11.0.devel.jar:/home/travis/build/icyphy/ptII/vendors/j3d/lib/Linux/j3dcore.jar:/home/travis/build/icyphy/ptII/vendors/j3d/lib/Linux/j3dutils.jar:/home/travis/build/icyphy/ptII/vendors/j3d/lib/Linux/vecmath.jar:/home/travis/build/icyphy/ptII/vendors/jogl/lib/Linux/gluegen-rt-natives-linux-amd64.jar:/home/travis/build/icyphy/ptII/vendors/jogl/lib/Linux/gluegen-rt.jar:/home/travis/build/icyphy/ptII/vendors/jogl/lib/Linux/jogl-all-natives-linux-amd64.jar:/home/travis/build/icyphy/ptII/vendors/jogl/lib/Linux/jogl-all.jar:/home/travis/build/icyphy/ptII/ptolemy/distributed/jini/jar/jini-core.jar:/home/travis/build/icyphy/ptII/ptolemy/distributed/jini/jar/jini-ext.jar:/home/travis/build/icyphy/ptII/ptolemy/distributed/jini/jar/sun-util.jar:/home/travis/build/icyphy/ptII/lib/protobuf-java-2.4.1.jar:/home/travis/build/icyphy/ptII/lib/org.eclipse.paho.client.mqttv3.jar:/home/travis/build/icyphy/ptII/lib/mapss.jar:/home/travis/build/icyphy/ptII/ptolemy/actor/ptalon/antlr/antlr.jar:/home/travis/build/icyphy/ptII/lib/JRI.jar:/home/travis/build/icyphy/ptII/lib/commons-lang-2.6.jar:/home/travis/build/icyphy/ptII/lib/commons-logging-1.1.1.jar:/home/travis/build/icyphy/ptII/lib/sootclasses.jar:/home/travis/build/icyphy/ptII/ptolemy/actor/lib/database/mysql-connector-java-5.1.6-bin.jar:/home/travis/build/icyphy/ptII/vendors/misc/sphinx4/sphinx4-data-5prealpha.jar:/home/travis/build/icyphy/ptII/vendors/misc/sphinx4/sphinx4-core-5prealpha.jar:/home/travis/build/icyphy/ptII/lib/PDFRenderer.jar:/home/travis/build/icyphy/ptII/lib/svgSalamander.jar:/home/travis/build/icyphy/ptII/lib/rsyntaxtextarea-2.6.0-SNAPSHOT.jar:/home/travis/build/icyphy/ptII/lib/hazelcast-3.8.2.jar:/home/travis/build/icyphy/ptII/lib/jackson-annotations-2.9.0.jar:/home/travis/build/icyphy/ptII/lib/jackson-core-2.9.3.jar:/home/travis/build/icyphy/ptII/lib/jackson-databind-2.9.3.jar:/home/travis/build/icyphy/ptII/lib/netty-buffer-4.1.19.Final.jar:/home/travis/build/icyphy/ptII/lib/netty-codec-4.1.19.Final.jar:/home/travis/build/icyphy/ptII/lib/netty-codec-dns-4.1.19.Final.jar:/home/travis/build/icyphy/ptII/lib/netty-codec-http-4.1.19.Final.jar:/home/travis/build/icyphy/ptII/lib/netty-codec-http2-4.1.19.Final.jar:/home/travis/build/icyphy/ptII/lib/netty-common-4.1.19.Final.jar:/home/travis/build/icyphy/ptII/lib/netty-handler-4.1.19.Final.jar:/home/travis/build/icyphy/ptII/lib/netty-resolver-4.1.19.Final.jar:/home/travis/build/icyphy/ptII/lib/netty-resolver-dns-4.1.19.Final.jar:/home/travis/build/icyphy/ptII/lib/netty-transport-4.1.19.Final.jar:/home/travis/build/icyphy/ptII/lib/vertx-codegen-3.5.1.jar:/home/travis/build/icyphy/ptII/lib/vertx-core-3.5.2-SNAPSHOT.jar:/home/travis/build/icyphy/ptII/lib/vertx-hazelcast-3.5.1.jar:/home/travis/build/icyphy/ptII/lib/vertx-lang-js-3.5.1.jar:/home/travis/build/icyphy/ptII/lib/vertx-service-proxy-3.5.1.jar:/home/travis/build/icyphy/ptII/lib/vertx-web-3.5.1.jar:/home/travis/build/icyphy/ptII/lib/slf4j-api-1.7.13.jar:/home/travis/build/icyphy/ptII/lib/slf4j-simple-1.7.13.jar:/home/travis/build/icyphy/ptII/lib/webcam-capture-0.3.12.jar:/home/travis/build/icyphy/ptII/lib/bridj-0.7.0.jar:/home/travis/build/icyphy/ptII/lib/xbjlib-1.1.0.nrjavaserial.jar" />
    <property name="timeout" value="2400000" />
    <property name="test.batch" value="**/junit/*.java" />
    <property name="env._" value="/usr/bin/timeout" />
    <property name="java.io.tmpdir" value="/tmp" />
    <property name="user.language" value="en" />
    <property name="env.TRAVIS_INTERNAL_RUBY_REGEX" value="^ruby-(2\.[0-4]\.[0-9]|1\.9\.3)" />
    <property name="env.HISTCONTROL" value="ignoredups:ignorespace" />
    <property name="env.GOROOT" value="/home/travis/.gimme/versions/go1.11.1.linux.amd64" />
    <property name="line.separator" value="&#xa;" />
    <property name="target" value="11" />
    <property name="env.TRAVIS_BUILD_DIR" value="/home/travis/build/icyphy/ptII" />
    <property name="env.ANT_OPTS" value="-Xmx2048m" />
    <property name="ant.file.type" value="file" />
    <property name="ptolemy.ptII.batchMode" value="true" />
    <property name="env.HISTSIZE" value="1000" />
    <property name="env.MERB_ENV" value="test" />
    <property name="java.vm.info" value="mixed mode" />
    <property name="source" value="11" />
    <property name="java.vm.specification.name" value="Java Virtual Machine Specification" />
    <property name="env.TRAVIS_TEST_RESULT" value="0" />
    <property name="jsdoc.command" value="node_modules/@terraswarm/jsdoc/jsdoc.js" />
    <property name="npm.works" value="true" />
    <property name="cobertura.dir" value="/home/travis/build/icyphy/ptII/vendors/cobertura-2.0.3" />
    <property name="jsdoc.command.exists" value="true" />
    <property name="env.rvm_path" value="/home/travis/.rvm" />
    <property name="env.GEM_PATH" value="/home/travis/.rvm/gems/ruby-2.5.3:/home/travis/.rvm/gems/ruby-2.5.3@global" />
    <property name="env.LC_CTYPE" value="en_US.UTF-8" />
    <property name="env.TRAVIS_CMD" value="$PTII/bin/ptIITravisBuild.sh $SECONDS" />
    <property name="java.awt.printerjob" value="sun.print.PSPrinterJob" />
    <property name="env.TRAVIS_STACK_NAME" value="sardonyx" />
    <property name="env.TRAVIS_TIMER_START_TIME" value="1577082412617463447" />
    <property name="ant.version" value="Apache Ant(TM) version 1.10.1 compiled on February 2 2017" />
    <property name="ptII.reports" value="/home/travis/build/icyphy/ptII/reports" />
    <property name="env.TRAVIS_STACK_TIMESTAMP" value="2019-03-25 16:16:56 UTC" />
    <property name="ant.file.type.ptII" value="file" />
    <property name="env.RBENV_SHELL" value="bash" />
    <property name="os.name" value="Linux" />
    <property name="java.specification.vendor" value="Oracle Corporation" />
    <property name="env.rvm_version" value="1.29.7 (latest)" />
    <property name="env.TRAVIS_INFRA" value="unknown" />
    <property name="env.TERM" value="xterm" />
    <property name="java.vm.name" value="OpenJDK 64-Bit Server VM" />
    <property name="env.TRAVIS_BUILD_NUMBER" value="1438" />
    <property name="env.CI" value="true" />
    <property name="java.library.path" value="/home/travis/pthla/certi-tools/lib:/usr/lib/jni:/usr/local/share/OpenCV/java/:/usr/share/OpenCV/java::/usr/java/packages/lib:/usr/lib64:/lib64:/lib:/usr/lib" />
    <property name="jdk.module.path" value="/home/travis/build/icyphy/ptII/vendors/javafx/javafx-sdk-11.0.2/lib:" />
    <property name="env.rvm_prefix" value="/home/travis" />
    <property name="env.PATH" value="/home/travis/pthla/certi-tools/share/scripts:/home/travis/.rvm/gems/ruby-2.5.3/bin:/home/travis/.rvm/gems/ruby-2.5.3@global/bin:/home/travis/.rvm/rubies/ruby-2.5.3/bin:/home/travis/.rvm/bin:/home/travis/.nvm/versions/node/v7.10.1/bin:./node_modules/.bin:/home/travis/build/icyphy/ptII/bin:/home/travis/pthla/certi-tools/bin:/home/travis/bin:/home/travis/.local/bin:/usr/local/lib/jvm/openjdk11/bin:/opt/pyenv/shims:/home/travis/.phpenv/shims:/home/travis/perl5/perlbrew/bin:/home/travis/gopath/bin:/home/travis/.gimme/versions/go1.11.1.linux.amd64/bin:/usr/local/maven-3.6.0/bin:/usr/local/cmake-3.12.4/bin:/usr/local/clang-7.0.0/bin:/usr/local/sbin:/usr/local/bin:/usr/sbin:/usr/bin:/sbin:/bin:/snap/bin:/home/travis/.phpenv/bin:/opt/pyenv/bin:/home/travis/.yarn/bin" />
    <property name="env.TRAVIS_OS_NAME" value="linux" />
    <property name="ant.java.version" value="9" />
    <property name="basedir" value="/home/travis/build/icyphy/ptII" />
    <property name="java.class.version" value="55.0" />
    <property name="env.SHLVL" value="3" />
    <property name="env.LD_LIBRARY_PATH" value="/home/travis/pthla/certi-tools/lib:/usr/lib/jni:/usr/local/share/OpenCV/java/:/usr/share/OpenCV/java:" />
    <property name="env.RACK_ENV" value="test" />
    <property name="ant.home" value="/home/travis/build/icyphy/ptII/ant" />
    <property name="env.NVM_DIR" value="/home/travis/.nvm" />
    <property name="env.CERTI_FOM_PATH" value="/home/travis/pthla/certi-tools/share/federations" />
    <property name="env.TRAVIS_BUILD_ID" value="628601464" />
    <property name="env.PYENV_ROOT" value="/opt/pyenv" />
    <property name="env.TRAVIS_UID" value="2000" />
    <property name="prism.verbose" value="true" />
    <property name="env.NVM_BIN" value="/home/travis/.nvm/versions/node/v7.10.1/bin" />
    <property name="env.TRAVIS_COMMIT" value="687bb808dc5adecbfa0f708fbf7527a5d6554d96" />
    <property name="env._system_arch" value="x86_64" />
    <property name="node.executable" value="node" />
    <property name="sun.boot.library.path" value="/usr/local/lib/jvm/openjdk11/lib" />
    <property name="sun.management.compiler" value="HotSpot 64-Bit Tiered Compilers" />
    <property name="java.awt.graphicsenv" value="sun.awt.X11GraphicsEnvironment" />
    <property name="env.GOPATH" value="/home/travis/gopath" />
    <property name="ptolemy.ptII.dir" value="/home/travis/build/icyphy/ptII" />
    <property name="env.USER" value="travis" />
    <property name="env.HISTFILESIZE" value="2000" />
    <property name="timeout.longest" value="19000000" />
    <property name="env.PERLBREW_SHELLRC_VERSION" value="0.86" />
    <property name="env.TRAVIS_STACK_FEATURES" value="basic couchdb disabled-ipv6 docker docker-compose elasticsearch firefox go-toolchain google-chrome jdk memcached mongodb mysql nodejs_interpreter perl_interpreter perlbrew phantomjs postgresql python_interpreter redis ruby_interpreter sqlite xserver" />
    <property name="env.TRAVIS_PULL_REQUEST" value="false" />
    <property name="env.PYENV_SHELL" value="bash" />
    <property name="ant.project.name" value="ptII" />
    <property name="env.ANSI_RESET" value="\033[0m" />
    <property name="java.vm.specification.version" value="11" />
    <property name="env.TRAVIS_DIST" value="xenial" />
    <property name="env.CERTI_VERSION" value="4.0.0" />
    <property name="env.CERTI_HOST" value="localhost" />
    <property name="awt.toolkit" value="sun.awt.X11.XToolkit" />
    <property name="env.MY_RUBY_HOME" value="/home/travis/.rvm/rubies/ruby-2.5.3" />
    <property name="sun.cpu.isalist" value="" />
    <property name="env.TRAVIS_TMPDIR" value="/tmp/tmp.c9AEkvONNu" />
    <property name="java.vm.compressedOopsMode" value="Zero based" />
    <property name="os.version" value="4.15.0-1028-gcp" />
    <property name="user.home" value="/home/travis" />
    <property name="java.vm.vendor" value="Oracle Corporation" />
    <property name="env.TRAVIS_TAG" value="nightly" />
    <property name="env.ANSI_YELLOW" value="\033[33;1m" />
    <property name="env.TRAVIS_FILTERED" value="redirect_io" />
    <property name="env.ANSI_GREEN" value="\033[32;1m" />
    <property name="env.JAVA_HOME" value="/usr/local/lib/jvm/openjdk11" />
    <property name="javadoc.excludepackagenames" value="adm.cvs2svn.*,build.*,config.*,doc.coding.templates.*,jni.test.jni.meaningOfLife.*,jni.test.jni.testDeux.*,jni.test.jni.testTrois.*,org.terraswarm.accessor.accessors.web.node_modules.*,org.terraswarm.accessor.accessors.web.hosts.cordova.demo.*,org.terraswarm.accessor.accessors.web.hosts.cordova.plugins.*,org.terraswarm.accessor.accessors-svn.*,pt-modules.*,ptolemy.apps.agilent.*,ptolemy.apps.anytimecontrol.*,ptolemy.apps.apes.*,ptolemy.apps.charon.*,ptolemy.apps.crazyboard.*,ptolemy.apps.eclipse.*,ptolemy.apps.etherealSting.*,ptolemy.apps.fullscreen.*,ptolemy.apps.giotto.*,ptolemy.apps.ia.*,ptolemy.apps.interfaces.*,ptolemy.apps.jmf.*,ptolemy.apps.kurt.*,ptolemy.apps.kvm.*,ptolemy.apps.lego.*,ptolemy.apps.lejos.*,ptolemy.apps.midp.*,ptolemy.apps.mobileCoding.*,ptolemy.apps.pendulum.*,ptolemy.apps.rijndael.*,ptolemy.apps.robot.*,ptolemy.apps.security.*,ptolemy.apps.sobel.*,ptolemy.apps.soot.*,ptolemy.apps.throttle.*,ptolemy.apps.tini.*,ptolemy.apps.transmission.*,ptolemy.apps.vergil.*,ptolemy.apps.waba.*,ptolemy.apps.websensor.*,ptolemy.apps.webstart.*,ptolemy.apps.xsl.*,ptolemy.apps.zaurus.*,ptolemy.codegen.c.actor.lib.oldJavaFiles.*,ptolemy.codegen.dsp.lib.*,ptolemy.codegen.kernel.newInterfaces.*,ptolemy.codegen.lib.*,ptolemy.copernicus.kernel.fragment.*,ptolemy.copernicus.shallow.cg.*,ptolemy.domains.giotto.demo.Hierarchy.Hierarchy.*,ptolemy.domains.giotto.demo.Multimode.Multimode.*,ptolemy.domains.giotto.demo.Simple.Simple.*,ptolemy.domains.gr.lib.experimental.*,ptolemy.domains.gro.*,ptolemy.domains.pdf.*,ptolemy.domains.ptinyos.demo.Surge.output.*,ptolemy.moml.test.NoPackageActor.java*,ptolemy.plot.adm.*,ptolemy.plot.servlet.*,reports.*,signed.*,src.*,target.*,vendors.*,ptolemy.copernicus.applet.*,ptolemy.media.viewer.*,ptolemy.actor.corba.*,doc.doclets.*,ptolemy.apps.eclipse.awt.*,ptolemy.backtrack.*,ptolemy.backtrack.ast.*,ptolemy.cg.adapter.generic.program.procedural.c.mbed*,ptolemy.homer.*,ptolemy.actor.lib.jai.*,org.ptolemy.scala.*,diva.util.java2d.svg.*,ptolemy.domains.ptinyos.*,ptolemy.actor.lib.fmi.fmipp.*,,org.terraswarm.accessor.accessors.web.node_modules.*,org.terraswarm.accessor.accessors-svn,ptolemy.apps.*,ptolemy.actor.ptalon.demo.ptinyos.SendAndReceiveCnt.output,ptolemy.actor.ptalon.demo.ptinyos.SenseToLeds.output,ptolemy.domains.ptinyos.demo.CntToLedsAndRfm.output,ptolemy.domains.ptinyos.demo.RfmToLeds.output,ptolemy.domains.ptinyos.demo.SendAndReceiveCnt.output,ptolemy.domains.ptinyos.demo.SenseToLeds.output,ptolemy.actor.lib.jjs.modules.udpSocket.*" />
    <property name="env.PTII" value="/home/travis/build/icyphy/ptII" />
    <property name="env.XDG_SESSION_ID" value="2" />
    <property name="keystore" value="ptKeystore" />
    <property name="env.TRAVIS_COMMIT_MESSAGE" value="Minor changes." />
    <property name="junit.output.dir" value="/home/travis/build/icyphy/ptII/reports/junit" />
    <property name="npm.return.code" value="0" />
    <property name="user.dir" value="/home/travis/build/icyphy/ptII/ptolemy/domains/de/test" />
    <property name="env.TRAVIS_NODE_VERSION" value="7" />
    <property name="env.TRAVIS_EVENT_TYPE" value="cron" />
    <property name="env.MAIL" value="/var/mail/travis" />
    <property name="env.PERLBREW_ROOT" value="/home/travis/perl5/perlbrew" />
    <property name="env.PWD" value="/home/travis/build/icyphy/ptII" />
    <property name="timeout.npm" value="45000" />
    <property name="env.PT_TRAVIS_TEST_CORE2_XML" value="true" />
    <property name="env.TRAVIS_ARCH" value="amd64" />
    <property name="sun.cpu.endian" value="little" />
    <property name="env.PAGER" value="cat" />
    <property name="env.TRAVIS_BUILD_STAGE_NAME" value="Test" />
    <property name="env.PERLBREW_HOME" value="/home/travis/.perlbrew" />
    <property name="java.vm.version" value="11.0.2+9" />
    <property name="env.RAILS_ENV" value="test" />
    <property name="java.class.path" value="/home/travis/build/icyphy/ptII:/home/travis/build/icyphy/ptII/lib/bsh-2.0b4.jar:/home/travis/build/icyphy/ptII/lib/ptCal.jar:/home/travis/build/icyphy/ptII/lib/java_cup.jar:/home/travis/build/icyphy/ptII/lib/saxon8.jar:/home/travis/build/icyphy/ptII/lib/saxon8-dom.jar:/home/travis/build/icyphy/ptII/lib/chic.jar:/home/travis/build/icyphy/ptII/lib/ptcolt.jar:/home/travis/build/icyphy/ptII/vendors/misc/itext/iText.jar:/home/travis/build/icyphy/ptII/lib/g4ltl.jar:/home/travis/build/icyphy/ptII/lib/StructuralCoder.jar:/home/travis/build/icyphy/ptII/lib/jcerti.jar:/home/travis/build/icyphy/ptII/lib/javax.mail.jar:/home/travis/build/icyphy/ptII/vendors/JMF-2.1.1e/lib/jmf.jar:/home/travis/build/icyphy/ptII/lib/jna-4.0.0-variadic.jar:/home/travis/build/icyphy/ptII/vendors/misc/joystick/Joystick.jar:/home/travis/build/icyphy/ptII/lib/ptjacl.jar:/home/travis/build/icyphy/ptII/lib/jsoup-1.8.2.jar:/home/travis/build/icyphy/ptII/lib/junit-4.8.2.jar:/home/travis/build/icyphy/ptII/lib/JUnitParams-0.4.0.jar:/home/travis/build/icyphy/ptII/ptolemy/actor/lib/excel/jxl.jar:/home/travis/build/icyphy/ptII/lib/jython.jar:/home/travis/build/icyphy/ptII/lib/kieler.jar:/home/travis/build/icyphy/ptII/vendors/opencv/share/OpenCV/java/opencv-341.jar:/home/travis/build/icyphy/ptII/lib/oscP5.jar:/home/travis/build/icyphy/ptII/lib/nrjavaserial-3.11.0.devel.jar:/home/travis/build/icyphy/ptII/vendors/j3d/lib/Linux/j3dcore.jar:/home/travis/build/icyphy/ptII/vendors/j3d/lib/Linux/j3dutils.jar:/home/travis/build/icyphy/ptII/vendors/j3d/lib/Linux/vecmath.jar:/home/travis/build/icyphy/ptII/vendors/jogl/lib/Linux/gluegen-rt-natives-linux-amd64.jar:/home/travis/build/icyphy/ptII/vendors/jogl/lib/Linux/gluegen-rt.jar:/home/travis/build/icyphy/ptII/vendors/jogl/lib/Linux/jogl-all-natives-linux-amd64.jar:/home/travis/build/icyphy/ptII/vendors/jogl/lib/Linux/jogl-all.jar:/home/travis/build/icyphy/ptII/ptolemy/distributed/jini/jar/jini-core.jar:/home/travis/build/icyphy/ptII/ptolemy/distributed/jini/jar/jini-ext.jar:/home/travis/build/icyphy/ptII/ptolemy/distributed/jini/jar/sun-util.jar:/home/travis/build/icyphy/ptII/lib/protobuf-java-2.4.1.jar:/home/travis/build/icyphy/ptII/lib/org.eclipse.paho.client.mqttv3.jar:/home/travis/build/icyphy/ptII/lib/mapss.jar:/home/travis/build/icyphy/ptII/ptolemy/actor/ptalon/antlr/antlr.jar:/home/travis/build/icyphy/ptII/lib/JRI.jar:/home/travis/build/icyphy/ptII/lib/commons-lang-2.6.jar:/home/travis/build/icyphy/ptII/lib/commons-logging-1.1.1.jar:/home/travis/build/icyphy/ptII/lib/sootclasses.jar:/home/travis/build/icyphy/ptII/ptolemy/actor/lib/database/mysql-connector-java-5.1.6-bin.jar:/home/travis/build/icyphy/ptII/vendors/misc/sphinx4/sphinx4-data-5prealpha.jar:/home/travis/build/icyphy/ptII/vendors/misc/sphinx4/sphinx4-core-5prealpha.jar:/home/travis/build/icyphy/ptII/lib/PDFRenderer.jar:/home/travis/build/icyphy/ptII/lib/svgSalamander.jar:/home/travis/build/icyphy/ptII/lib/rsyntaxtextarea-2.6.0-SNAPSHOT.jar:/home/travis/build/icyphy/ptII/lib/hazelcast-3.8.2.jar:/home/travis/build/icyphy/ptII/lib/jackson-annotations-2.9.0.jar:/home/travis/build/icyphy/ptII/lib/jackson-core-2.9.3.jar:/home/travis/build/icyphy/ptII/lib/jackson-databind-2.9.3.jar:/home/travis/build/icyphy/ptII/lib/netty-buffer-4.1.19.Final.jar:/home/travis/build/icyphy/ptII/lib/netty-codec-4.1.19.Final.jar:/home/travis/build/icyphy/ptII/lib/netty-codec-dns-4.1.19.Final.jar:/home/travis/build/icyphy/ptII/lib/netty-codec-http-4.1.19.Final.jar:/home/travis/build/icyphy/ptII/lib/netty-codec-http2-4.1.19.Final.jar:/home/travis/build/icyphy/ptII/lib/netty-common-4.1.19.Final.jar:/home/travis/build/icyphy/ptII/lib/netty-handler-4.1.19.Final.jar:/home/travis/build/icyphy/ptII/lib/netty-resolver-4.1.19.Final.jar:/home/travis/build/icyphy/ptII/lib/netty-resolver-dns-4.1.19.Final.jar:/home/travis/build/icyphy/ptII/lib/netty-transport-4.1.19.Final.jar:/home/travis/build/icyphy/ptII/lib/vertx-codegen-3.5.1.jar:/home/travis/build/icyphy/ptII/lib/vertx-core-3.5.2-SNAPSHOT.jar:/home/travis/build/icyphy/ptII/lib/vertx-hazelcast-3.5.1.jar:/home/travis/build/icyphy/ptII/lib/vertx-lang-js-3.5.1.jar:/home/travis/build/icyphy/ptII/lib/vertx-service-proxy-3.5.1.jar:/home/travis/build/icyphy/ptII/lib/vertx-web-3.5.1.jar:/home/travis/build/icyphy/ptII/lib/slf4j-api-1.7.13.jar:/home/travis/build/icyphy/ptII/lib/slf4j-simple-1.7.13.jar:/home/travis/build/icyphy/ptII/lib/webcam-capture-0.3.12.jar:/home/travis/build/icyphy/ptII/lib/bridj-0.7.0.jar:/home/travis/build/icyphy/ptII/lib/xbjlib-1.1.0.nrjavaserial.jar:/home/travis/build/icyphy/ptII/ptolemy/moml/test:/home/travis/build/icyphy/ptII/ant/lib/ant-launcher.jar:/home/travis/build/icyphy/ptII/ant/lib/ant.jar:/home/travis/build/icyphy/ptII/ant/lib/ant-junit.jar:/home/travis/build/icyphy/ptII/ant/lib/ant-junit4.jar" />
    <property name="ant.library.dir" value="/home/travis/build/icyphy/ptII/ant/lib" />
    <property name="os.arch" value="amd64" />
    <property name="env.CONTINUOUS_INTEGRATION" value="true" />
    <property name="env.TRAVIS_LANGUAGE" value="node_js" />
    <property name="env.TRAVIS_STACK_LANGUAGES" value="__sardonyx__ c c++ clojure cplusplus cpp default generic go groovy java node_js php pure_java python ruby scala" />
    <property name="test.name" value="ptolemy.actor.lib.test.junit.JUnitTclTest" />
    <property name="env.APT_KEY_DONT_WARN_ON_DANGEROUS_USAGE" value="1" />
    <property name="sun.java.launcher" value="SUN_STANDARD" />
    <property name="env.PYTHON_CONFIGURE_OPTS" value="--enable-unicode=ucs4 --with-wide-unicode --enable-shared --enable-ipv6 --enable-loadable-sqlite-extensions --with-computed-gotos" />
    <property name="ant.core.lib" value="/home/travis/build/icyphy/ptII/ant/lib/ant.jar" />
    <property name="java.vm.specification.vendor" value="Oracle Corporation" />
    <property name="env.BCVTB_HOME" value="/home/travis/build/icyphy/ptII/lbnl" />
    <property name="file.separator" value="/" />
    <property name="spotbugs.home" value="/home/travis/build/icyphy/ptII/vendors/spotbugs-3.1.1" />
    <property name="java.runtime.version" value="11.0.2+9" />
    <property name="env.ANSI_CLEAR" value="\033[0K" />
    <property name="javafx.verbose" value="true" />
    <property name="env.HAS_JOSH_K_SEAL_OF_APPROVAL" value="true" />
    <property name="env.XDG_RUNTIME_DIR" value="/run/user/2000" />
    <property name="env.TRAVIS_OSX_IMAGE" value="" />
    <property name="env.TRAVIS_JOB_ID" value="628601473" />
    <property name="env.TRAVIS_BRANCH" value="master" />
    <property name="user.country" value="US" />
    <property name="env.CERTI_HOME_TRAVIS" value="/home/travis/pthla/certi-tools" />
    <property name="env.SHELL" value="/bin/bash" />
    <property name="java.maxmemory.large" value="3200m" />
    <property name="model" value="" />
    <property name="env.CASHER_DIR" value="/home/travis/.casher" />
    <property name="env.NVM_CD_FLAGS" value="" />
    <property name="java.vendor.version" value="18.9" />
    <property name="jshint.executable" value="/home/travis/node_modules/jshint/bin/jshint" />
    <property name="env.JRUBY_OPTS" value=" --client -J-XX:+TieredCompilation -J-XX:TieredStopAtLevel=1 -J-Xss2m -Xcompile.invokedynamic=false" />
    <property name="java.vendor" value="Oracle Corporation" />
    <property name="env.TRAVIS_PRE_CHEF_BOOTSTRAP_TIME" value="2019-03-25T16:16:42" />
    <property name="env.TRAVIS_STACK_JOB_BOARD_REGISTER" value="/.job-board-register.yml" />
    <property name="env.ANSI_RED" value="\033[31;1m" />
    <property name="java.specification.version" value="11" />
    <property name="env.IRBRC" value="/home/travis/.rvm/rubies/ruby-2.5.3/.irbrc" />
    <property name="env.TRAVIS" value="true" />
    <property name="sun.arch.data.model" value="64" />
  </properties>
  <testcase classname="ptolemy.util.test.junit.TclTests" name="[0] /home/travis/build/icyphy/ptII/ptolemy/domains/de/test/DependencyLoop.tcl (RunTclFile)" time="1.026" />
  <testcase classname="ptolemy.util.test.junit.TclTests" name="[1] /home/travis/build/icyphy/ptII/ptolemy/domains/de/test/RunDETestsAsQSS.tcl (RunTclFile)" time="81.072" />
  <testcase classname="ptolemy.util.test.junit.AutoKnownFailedTests" name="[0] /home/travis/build/icyphy/ptII/ptolemy/domains/de/test/auto/knownFailedTests/DESDFClockTest.xml (RunModel)" time="2.053" />
  <testcase classname="ptolemy.util.test.junit.AutoKnownFailedTests" name="[1] /home/travis/build/icyphy/ptII/ptolemy/domains/de/test/auto/knownFailedTests/DirectFeedback.xml (RunModel)" time="0.015" />
  <testcase classname="ptolemy.util.test.junit.AutoKnownFailedTests" name="[2] /home/travis/build/icyphy/ptII/ptolemy/domains/de/test/auto/knownFailedTests/FSMSource.xml (RunModel)" time="0.018" />
  <testcase classname="ptolemy.util.test.junit.AutoKnownFailedTests" name="[3] /home/travis/build/icyphy/ptII/ptolemy/domains/de/test/auto/knownFailedTests/HierarchicalModel.xml (RunModel)" time="0.044" />
  <testcase classname="ptolemy.util.test.junit.AutoKnownFailedTests" name="[4] /home/travis/build/icyphy/ptII/ptolemy/domains/de/test/auto/knownFailedTests/dependencyLoop.xml (RunModel)" time="0.039" />
  <testcase classname="ptolemy.util.test.junit.AutoKnownFailedTests" name="[5] /home/travis/build/icyphy/ptII/ptolemy/domains/de/test/auto/knownFailedTests/dependencyLoop2.xml (RunModel)" time="0.043" />
  <testcase classname="ptolemy.util.test.junit.AutoNameArchTests" name="[0] ThereAreNoAutoArchTests (RunModel)" time="0.001" />
  <testcase classname="ptolemy.util.test.junit.AutoTests" name="[0] /home/travis/build/icyphy/ptII/ptolemy/domains/de/test/auto/ActorDepthCalculation_actorWithoutPorts.xml (RunModel)" time="0.026" />
  <testcase classname="ptolemy.util.test.junit.AutoTests" name="[1] /home/travis/build/icyphy/ptII/ptolemy/domains/de/test/auto/AssemblyLine.xml (RunModel)" time="0.024" />
  <testcase classname="ptolemy.util.test.junit.AutoTests" name="[2] /home/travis/build/icyphy/ptII/ptolemy/domains/de/test/auto/CQBug1.xml (RunModel)" time="0.009" />
  <testcase classname="ptolemy.util.test.junit.AutoTests" name="[3] /home/travis/build/icyphy/ptII/ptolemy/domains/de/test/auto/CancelFireAt.xml (RunModel)" time="0.023" />
  <testcase classname="ptolemy.util.test.junit.AutoTests" name="[4] /home/travis/build/icyphy/ptII/ptolemy/domains/de/test/auto/CausalityAndComposabilityAnalysis.xml (RunModel)" time="0.026" />
  <testcase classname="ptolemy.util.test.junit.AutoTests" name="[5] /home/travis/build/icyphy/ptII/ptolemy/domains/de/test/auto/CausalityInterface1.xml (RunModel)" time="0.026" />
  <testcase classname="ptolemy.util.test.junit.AutoTests" name="[6] /home/travis/build/icyphy/ptII/ptolemy/domains/de/test/auto/CausalityInterface15.xml (RunModel)" time="0.014" />
  <testcase classname="ptolemy.util.test.junit.AutoTests" name="[7] /home/travis/build/icyphy/ptII/ptolemy/domains/de/test/auto/CausalityInterface2.xml (RunModel)" time="0.015" />
  <testcase classname="ptolemy.util.test.junit.AutoTests" name="[8] /home/travis/build/icyphy/ptII/ptolemy/domains/de/test/auto/CausalityInterface3.xml (RunModel)" time="0.015" />
  <testcase classname="ptolemy.util.test.junit.AutoTests" name="[9] /home/travis/build/icyphy/ptII/ptolemy/domains/de/test/auto/ClockDrift.xml (RunModel)" time="0.038" />
  <testcase classname="ptolemy.util.test.junit.AutoTests" name="[10] /home/travis/build/icyphy/ptII/ptolemy/domains/de/test/auto/ClockDriftAndValueChange.xml (RunModel)" time="0.028" />
  <testcase classname="ptolemy.util.test.junit.AutoTests" name="[11] /home/travis/build/icyphy/ptII/ptolemy/domains/de/test/auto/ClockDriftChange.xml (RunModel)" time="0.03" />
  <testcase classname="ptolemy.util.test.junit.AutoTests" name="[12] /home/travis/build/icyphy/ptII/ptolemy/domains/de/test/auto/ComposableCausalityAnalysis.xml (RunModel)" time="0.017" />
  <testcase classname="ptolemy.util.test.junit.AutoTests" name="[13] /home/travis/build/icyphy/ptII/ptolemy/domains/de/test/auto/DEFixedPointLimitation.xml (RunModel)" time="0.008" />
  <testcase classname="ptolemy.util.test.junit.AutoTests" name="[14] /home/travis/build/icyphy/ptII/ptolemy/domains/de/test/auto/DEScheduleTest.xml (RunModel)" time="0.013" />
  <testcase classname="ptolemy.util.test.junit.AutoTests" name="[15] /home/travis/build/icyphy/ptII/ptolemy/domains/de/test/auto/DEinDEwithStartTimes.xml (RunModel)" time="0.013" />
  <testcase classname="ptolemy.util.test.junit.AutoTests" name="[16] /home/travis/build/icyphy/ptII/ptolemy/domains/de/test/auto/DEinDEwithStartTimes2.xml (RunModel)" time="0.018" />
  <testcase classname="ptolemy.util.test.junit.AutoTests" name="[17] /home/travis/build/icyphy/ptII/ptolemy/domains/de/test/auto/DateDemo.xml (RunModel)" time="0.032" />
  <testcase classname="ptolemy.util.test.junit.AutoTests" name="[18] /home/travis/build/icyphy/ptII/ptolemy/domains/de/test/auto/DateToEvent.xml (RunModel)" time="2.038" />
  <testcase classname="ptolemy.util.test.junit.AutoTests" name="[19] /home/travis/build/icyphy/ptII/ptolemy/domains/de/test/auto/DepthTest1.xml (RunModel)" time="0.015" />
  <testcase classname="ptolemy.util.test.junit.AutoTests" name="[20] /home/travis/build/icyphy/ptII/ptolemy/domains/de/test/auto/DepthTest2.xml (RunModel)" time="0.016" />
  <testcase classname="ptolemy.util.test.junit.AutoTests" name="[21] /home/travis/build/icyphy/ptII/ptolemy/domains/de/test/auto/DepthTest3.xml (RunModel)" time="0.006" />
  <testcase classname="ptolemy.util.test.junit.AutoTests" name="[22] /home/travis/build/icyphy/ptII/ptolemy/domains/de/test/auto/DepthTest4.xml (RunModel)" time="0.018" />
  <testcase classname="ptolemy.util.test.junit.AutoTests" name="[23] /home/travis/build/icyphy/ptII/ptolemy/domains/de/test/auto/DepthTest5.xml (RunModel)" time="0.019" />
  <testcase classname="ptolemy.util.test.junit.AutoTests" name="[24] /home/travis/build/icyphy/ptII/ptolemy/domains/de/test/auto/DepthTest6.xml (RunModel)" time="0.019" />
  <testcase classname="ptolemy.util.test.junit.AutoTests" name="[25] /home/travis/build/icyphy/ptII/ptolemy/domains/de/test/auto/DepthTest7.xml (RunModel)" time="0.01" />
  <testcase classname="ptolemy.util.test.junit.AutoTests" name="[26] /home/travis/build/icyphy/ptII/ptolemy/domains/de/test/auto/EventToDate.xml (RunModel)" time="3.038" />
  <testcase classname="ptolemy.util.test.junit.AutoTests" name="[27] /home/travis/build/icyphy/ptII/ptolemy/domains/de/test/auto/FSM1.xml (RunModel)" time="0.048" />
  <testcase classname="ptolemy.util.test.junit.AutoTests" name="[28] /home/travis/build/icyphy/ptII/ptolemy/domains/de/test/auto/FSM7.xml (RunModel)" time="0.032" />
  <testcase classname="ptolemy.util.test.junit.AutoTests" name="[29] /home/travis/build/icyphy/ptII/ptolemy/domains/de/test/auto/Inspection.xml (RunModel)" time="0.048" />
  <testcase classname="ptolemy.util.test.junit.AutoTests" name="[30] /home/travis/build/icyphy/ptII/ptolemy/domains/de/test/auto/Iteration.xml (RunModel)" time="0.024" />
  <testcase classname="ptolemy.util.test.junit.AutoTests" name="[31] /home/travis/build/icyphy/ptII/ptolemy/domains/de/test/auto/LineFault.xml (RunModel)" time="0.519" />
  <testcase classname="ptolemy.util.test.junit.AutoTests" name="[32] /home/travis/build/icyphy/ptII/ptolemy/domains/de/test/auto/MergeModel1Add.xml (RunModel)" time="0.043" />
  <testcase classname="ptolemy.util.test.junit.AutoTests" name="[33] /home/travis/build/icyphy/ptII/ptolemy/domains/de/test/auto/MergeModel2Add.xml (RunModel)" time="0.037" />
  <testcase classname="ptolemy.util.test.junit.AutoTests" name="[34] /home/travis/build/icyphy/ptII/ptolemy/domains/de/test/auto/MergeModel3Add.xml (RunModel)" time="0.048" />
  <testcase classname="ptolemy.util.test.junit.AutoTests" name="[35] /home/travis/build/icyphy/ptII/ptolemy/domains/de/test/auto/MergeWithoutDiscard.xml (RunModel)" time="0.014" />
  <testcase classname="ptolemy.util.test.junit.AutoTests" name="[36] /home/travis/build/icyphy/ptII/ptolemy/domains/de/test/auto/Modal1.xml (RunModel)" time="0.027" />
  <testcase classname="ptolemy.util.test.junit.AutoTests" name="[37] /home/travis/build/icyphy/ptII/ptolemy/domains/de/test/auto/Modal2.xml (RunModel)" time="0.028" />
  <testcase classname="ptolemy.util.test.junit.AutoTests" name="[38] /home/travis/build/icyphy/ptII/ptolemy/domains/de/test/auto/Modal3.xml (RunModel)" time="0.027" />
  <testcase classname="ptolemy.util.test.junit.AutoTests" name="[39] /home/travis/build/icyphy/ptII/ptolemy/domains/de/test/auto/Modal4.xml (RunModel)" time="0.031" />
  <testcase classname="ptolemy.util.test.junit.AutoTests" name="[40] /home/travis/build/icyphy/ptII/ptolemy/domains/de/test/auto/Modal5.xml (RunModel)" time="0.027" />
  <testcase classname="ptolemy.util.test.junit.AutoTests" name="[41] /home/travis/build/icyphy/ptII/ptolemy/domains/de/test/auto/Modal6.xml (RunModel)" time="0.024" />
  <testcase classname="ptolemy.util.test.junit.AutoTests" name="[42] /home/travis/build/icyphy/ptII/ptolemy/domains/de/test/auto/Modal7.xml (RunModel)" time="0.026" />
  <testcase classname="ptolemy.util.test.junit.AutoTests" name="[43] /home/travis/build/icyphy/ptII/ptolemy/domains/de/test/auto/ModalModel.xml (RunModel)" time="0.165" />
  <testcase classname="ptolemy.util.test.junit.AutoTests" name="[44] /home/travis/build/icyphy/ptII/ptolemy/domains/de/test/auto/ModalSource.xml (RunModel)" time="0.022" />
  <testcase classname="ptolemy.util.test.junit.AutoTests" name="[45] /home/travis/build/icyphy/ptII/ptolemy/domains/de/test/auto/NonInterruptibleTimerZeroDelay.xml (RunModel)" time="0.009" />
  <testcase classname="ptolemy.util.test.junit.AutoTests" name="[46] /home/travis/build/icyphy/ptII/ptolemy/domains/de/test/auto/OpenQueueingNetwork.xml (RunModel)" time="2.278" />
  <testcase classname="ptolemy.util.test.junit.AutoTests" name="[47] /home/travis/build/icyphy/ptII/ptolemy/domains/de/test/auto/OpenQueuingNetwork.xml (RunModel)" time="0.257" />
  <testcase classname="ptolemy.util.test.junit.AutoTests" name="[48] /home/travis/build/icyphy/ptII/ptolemy/domains/de/test/auto/PeriodicSampler.xml (RunModel)" time="0.01" />
  <testcase classname="ptolemy.util.test.junit.AutoTests" name="[49] /home/travis/build/icyphy/ptII/ptolemy/domains/de/test/auto/PersistentIO.xml (RunModel)" time="0.031" />
  <testcase classname="ptolemy.util.test.junit.AutoTests" name="[50] /home/travis/build/icyphy/ptII/ptolemy/domains/de/test/auto/PortParameterResetOnInitialize.xml (RunModel)" time="0.013" />
  <testcase classname="ptolemy.util.test.junit.AutoTests" name="[51] /home/travis/build/icyphy/ptII/ptolemy/domains/de/test/auto/PortParameterUpdates.xml (RunModel)" time="0.014" />
  <testcase classname="ptolemy.util.test.junit.AutoTests" name="[52] /home/travis/build/icyphy/ptII/ptolemy/domains/de/test/auto/QueueAndServer.xml (RunModel)" time="0.023" />
  <testcase classname="ptolemy.util.test.junit.AutoTests" name="[53] /home/travis/build/icyphy/ptII/ptolemy/domains/de/test/auto/Records.xml (RunModel)" time="0.015" />
  <testcase classname="ptolemy.util.test.junit.AutoTests" name="[54] /home/travis/build/icyphy/ptII/ptolemy/domains/de/test/auto/ResetTransitionWithStartTime1.xml (RunModel)" time="0.017" />
  <testcase classname="ptolemy.util.test.junit.AutoTests" name="[55] /home/travis/build/icyphy/ptII/ptolemy/domains/de/test/auto/ResetTransitionWithStartTime2.xml (RunModel)" time="0.022" />
  <testcase classname="ptolemy.util.test.junit.AutoTests" name="[56] /home/travis/build/icyphy/ptII/ptolemy/domains/de/test/auto/ResetTransitionWithStartTime3.xml (RunModel)" time="0.017" />
  <testcase classname="ptolemy.util.test.junit.AutoTests" name="[57] /home/travis/build/icyphy/ptII/ptolemy/domains/de/test/auto/ResetTransitionWithStartTime4.xml (RunModel)" time="0.016" />
  <testcase classname="ptolemy.util.test.junit.AutoTests" name="[58] /home/travis/build/icyphy/ptII/ptolemy/domains/de/test/auto/ResettableTimer1.xml (RunModel)" time="0.01" />
  <testcase classname="ptolemy.util.test.junit.AutoTests" name="[59] /home/travis/build/icyphy/ptII/ptolemy/domains/de/test/auto/ResettableTimer2.xml (RunModel)" time="0.009" />
  <testcase classname="ptolemy.util.test.junit.AutoTests" name="[60] /home/travis/build/icyphy/ptII/ptolemy/domains/de/test/auto/ResettableTimer3.xml (RunModel)" time="0.008" />
  <testcase classname="ptolemy.util.test.junit.AutoTests" name="[61] /home/travis/build/icyphy/ptII/ptolemy/domains/de/test/auto/ResettableTimer4.xml (RunModel)" time="0.009" />
  <testcase classname="ptolemy.util.test.junit.AutoTests" name="[62] /home/travis/build/icyphy/ptII/ptolemy/domains/de/test/auto/ResettableTimer5.xml (RunModel)" time="0.008" />
  <testcase classname="ptolemy.util.test.junit.AutoTests" name="[63] /home/travis/build/icyphy/ptII/ptolemy/domains/de/test/auto/ResettableTimer6.xml (RunModel)" time="0.014" />
  <testcase classname="ptolemy.util.test.junit.AutoTests" name="[64] /home/travis/build/icyphy/ptII/ptolemy/domains/de/test/auto/ServerZeroDelay.xml (RunModel)" time="0.009" />
  <testcase classname="ptolemy.util.test.junit.AutoTests" name="[65] /home/travis/build/icyphy/ptII/ptolemy/domains/de/test/auto/SmartSender.xml (RunModel)" time="3.008" />
  <testcase classname="ptolemy.util.test.junit.AutoTests" name="[66] /home/travis/build/icyphy/ptII/ptolemy/domains/de/test/auto/ThreadedComposite.xml (RunModel)" time="0.117" />
  <testcase classname="ptolemy.util.test.junit.AutoTests" name="[67] /home/travis/build/icyphy/ptII/ptolemy/domains/de/test/auto/Time.xml (RunModel)" time="0.359" />
  <testcase classname="ptolemy.util.test.junit.AutoTests" name="[68] /home/travis/build/icyphy/ptII/ptolemy/domains/de/test/auto/TimeDelayZeroDelay.xml (RunModel)" time="0.01" />
  <testcase classname="ptolemy.util.test.junit.AutoTests" name="[69] /home/travis/build/icyphy/ptII/ptolemy/domains/de/test/auto/TimerZeroDelay.xml (RunModel)" time="0.01" />
  <testcase classname="ptolemy.util.test.junit.AutoTests" name="[70] /home/travis/build/icyphy/ptII/ptolemy/domains/de/test/auto/TimingParadox.xml (RunModel)" time="0.294" />
  <testcase classname="ptolemy.util.test.junit.AutoTests" name="[71] /home/travis/build/icyphy/ptII/ptolemy/domains/de/test/auto/TransferInputs.xml (RunModel)" time="0.011" />
  <testcase classname="ptolemy.util.test.junit.AutoTests" name="[72] /home/travis/build/icyphy/ptII/ptolemy/domains/de/test/auto/TransferOutputs2.xml (RunModel)" time="0.015" />
  <testcase classname="ptolemy.util.test.junit.AutoTests" name="[73] /home/travis/build/icyphy/ptII/ptolemy/domains/de/test/auto/Trilateration.xml (RunModel)" time="9.933" />
  <testcase classname="ptolemy.util.test.junit.AutoTests" name="[74] /home/travis/build/icyphy/ptII/ptolemy/domains/de/test/auto/TwoSigmaDelta.xml (RunModel)" time="1.819" />
  <testcase classname="ptolemy.util.test.junit.AutoTests" name="[75] /home/travis/build/icyphy/ptII/ptolemy/domains/de/test/auto/VariableDelay.xml (RunModel)" time="0.012" />
  <testcase classname="ptolemy.util.test.junit.AutoTests" name="[76] /home/travis/build/icyphy/ptII/ptolemy/domains/de/test/auto/VariableDelay2.xml (RunModel)" time="0.014" />
  <testcase classname="ptolemy.util.test.junit.AutoTests" name="[77] /home/travis/build/icyphy/ptII/ptolemy/domains/de/test/auto/VariableDelayZeroDelay.xml (RunModel)" time="0.01" />
  <testcase classname="ptolemy.util.test.junit.AutoTests" name="[78] /home/travis/build/icyphy/ptII/ptolemy/domains/de/test/auto/VariableDelayZeroDelay2.xml (RunModel)" time="0.007" />
  <testcase classname="ptolemy.util.test.junit.AutoTests" name="[79] /home/travis/build/icyphy/ptII/ptolemy/domains/de/test/auto/deInCt.xml (RunModel)" time="0.012" />
  <testcase classname="ptolemy.util.test.junit.AutoTests" name="[80] /home/travis/build/icyphy/ptII/ptolemy/domains/de/test/auto/deInCt2.xml (RunModel)" time="0.012" />
  <testcase classname="ptolemy.util.test.junit.AutoTests" name="[81] /home/travis/build/icyphy/ptII/ptolemy/domains/de/test/auto/dynamicCausalityInterface1.xml (RunModel)" time="0.014" />
  <testcase classname="ptolemy.util.test.junit.AutoTests" name="[82] /home/travis/build/icyphy/ptII/ptolemy/domains/de/test/auto/fsm_de_test.xml (RunModel)" time="0.023" />
  <testcase classname="ptolemy.util.test.junit.AutoTests" name="[83] /home/travis/build/icyphy/ptII/ptolemy/domains/de/test/auto/functionDependencyReconstruction.xml (RunModel)" time="0.027" />
  <testcase classname="ptolemy.util.test.junit.AutoTests" name="[84] /home/travis/build/icyphy/ptII/ptolemy/domains/de/test/auto/multirate.xml (RunModel)" time="0.013" />
  <testcase classname="ptolemy.util.test.junit.AutoTests" name="[85] /home/travis/build/icyphy/ptII/ptolemy/domains/de/test/auto/multirate2.xml (RunModel)" time="0.011" />
  <testcase classname="ptolemy.util.test.junit.AutoTests" name="[86] /home/travis/build/icyphy/ptII/ptolemy/domains/de/test/auto/realtime.xml (RunModel)" time="10.009" />
  <testcase classname="ptolemy.util.test.junit.AutoTests" name="[87] /home/travis/build/icyphy/ptII/ptolemy/domains/de/test/auto/relationGroup.xml (RunModel)" time="0.007" />
  <testcase classname="ptolemy.util.test.junit.AutoTests" name="[88] /home/travis/build/icyphy/ptII/ptolemy/domains/de/test/auto/relationGroup2.xml (RunModel)" time="0.007" />
  <testcase classname="ptolemy.util.test.junit.AutoTests" name="[89] /home/travis/build/icyphy/ptII/ptolemy/domains/de/test/auto/sortWithOpaquePorts.xml (RunModel)" time="0.011" />
  <testcase classname="ptolemy.util.test.junit.AutoTests" name="[90] /home/travis/build/icyphy/ptII/ptolemy/domains/de/test/auto/transferInputsandOutputs.xml (RunModel)" time="0.02" />
  <testcase classname="ptolemy.util.test.junit.AutoTests" name="[91] /home/travis/build/icyphy/ptII/ptolemy/domains/de/test/auto/triggerType.xml (RunModel)" time="0.01" />
  <system-out><![CDATA[/home/travis/build/icyphy/ptII/ptolemy/domains/de/test/DependencyLoop.tcl
testDefs.tcl: setting time out to 9000 seconds at Mon Dec 23 06:30:10 UTC 2019
84 ms. Memory: 129024K Free: 80326K (62%)
25 ms. Memory: 129024K Free: 62903K (49%)
/home/travis/build/icyphy/ptII/ptolemy/domains/de/test/RunDETestsAsQSS.tcl
Run the DE tests using ptolemy.domains.qss.test.QSSDirectorTest, which extends QSSDirector and prints a message in the constructors.
------------------ testing $PTII/ptolemy/domains/de/test/auto/knownFailedTests/DirectFeedback.xml (Known Failure) 
56 ms. Memory: 129024K Free: 56774K (44%)


==== $PTIIhome/travis/build/icyphy/ptII/ptolemy/domains/de/test/../../../../: Auto Automatic test in file $PTII/ptolemy/domains/de/test/auto/knownFailedTests/DirectFeedback.xml
==== Contents of test case:

	    # FIXME: we should use $relativeFilename here, but it
	    # might have backslashes under Windows, which causes no end
	    # of trouble.
	    createAndExecute $file
	    list {}
	
.... Test generated KNOWN error:
    while executing
ptolemy.kernel.util.IllegalActionException: Test fails in iteration 1.
Value was: 1.0. Should have been: 2.0
  in .DirectFeedback.Test
	at ptolemy.actor.lib.Test.fire(Test.java:268)
	at ptolemy.domains.de.kernel.DEDirector._fire(DEDirector.java:1949)
	at ptolemy.domains.de.kernel.DEDirector.fire(DEDirector.java:502)
	at ptolemy.actor.CompositeActor.fire(CompositeActor.java:455)
	at ptolemy.actor.Manager.iterate(Manager.java:851)
	at ptolemy.actor.Manager.execute(Manager.java:369)
	at ptolemy.actor.Manager.run(Manager.java:1263)
	at ptolemy.actor.Manager$PtolemyRunThread.run(Manager.java:1933)

    while executing
ptolemy.kernel.util.IllegalActionException: Test fails in iteration 1.
Value was: 1.0. Should have been: 2.0
  in .DirectFeedback.Test
    while executing
"java::new ptolemy.moml.MoMLSimpleApplication $file
"
    (procedure "createAndExecute" line 2)
    invoked from within
"createAndExecute $file"
    ("uplevel" body line 5)
    invoked from within
"uplevel $contents_of_test"
------------------ testing $PTII/ptolemy/domains/de/test/auto/knownFailedTests/dependencyLoop.xml (Known Failure) 
19 ms. Memory: 129024K Free: 53702K (42%)


==== $PTIIhome/travis/build/icyphy/ptII/ptolemy/domains/de/test/../../../../: Auto Automatic test in file $PTII/ptolemy/domains/de/test/auto/knownFailedTests/dependencyLoop.xml
==== Contents of test case:

	    # FIXME: we should use $relativeFilename here, but it
	    # might have backslashes under Windows, which causes no end
	    # of trouble.
	    createAndExecute $file
	    list {}
	
.... Test generated KNOWN error:
    while executing
ptolemy.kernel.util.IllegalActionException: Found a zero delay loop containing .dependencyLoop.original
  in .dependencyLoop and .dependencyLoop.original
	at ptolemy.actor.util.CausalityInterfaceForComposites._computeOutputPortDepth(CausalityInterfaceForComposites.java:759)
	at ptolemy.actor.util.CausalityInterfaceForComposites._computeInputDepth(CausalityInterfaceForComposites.java:696)
	at ptolemy.actor.util.CausalityInterfaceForComposites._computeOutputPortDepth(CausalityInterfaceForComposites.java:765)
	at ptolemy.actor.util.CausalityInterfaceForComposites._computeInputDepth(CausalityInterfaceForComposites.java:696)
	at ptolemy.actor.util.CausalityInterfaceForComposites._computeOutputPortDepth(CausalityInterfaceForComposites.java:765)
	at ptolemy.actor.util.CausalityInterfaceForComposites._computeInputDepth(CausalityInterfaceForComposites.java:696)
	at ptolemy.actor.util.CausalityInterfaceForComposites._computeActorDepth(CausalityInterfaceForComposites.java:532)
	at ptolemy.actor.util.CausalityInterfaceForComposites.checkForCycles(CausalityInterfaceForComposites.java:96)
	at ptolemy.domains.de.kernel.DEDirector.preinitialize(DEDirector.java:1338)
	at ptolemy.actor.CompositeActor.preinitialize(CompositeActor.java:1828)
	at ptolemy.actor.Manager.preinitializeAndResolveTypes(Manager.java:1040)
	at ptolemy.actor.Manager.initialize(Manager.java:710)
	at ptolemy.actor.Manager.execute(Manager.java:356)
	at ptolemy.actor.Manager.run(Manager.java:1263)
	at ptolemy.actor.Manager$PtolemyRunThread.run(Manager.java:1933)

    while executing
ptolemy.kernel.util.IllegalActionException: Found a zero delay loop containing .dependencyLoop.original
  in .dependencyLoop and .dependencyLoop.original
    while executing
"java::new ptolemy.moml.MoMLSimpleApplication $file
"
    (procedure "createAndExecute" line 2)
    invoked from within
"createAndExecute $file"
    ("uplevel" body line 5)
    invoked from within
"uplevel $contents_of_test"
------------------ testing $PTII/ptolemy/domains/de/test/auto/knownFailedTests/FSMSource.xml (Known Failure) 
58 ms. Memory: 129024K Free: 111720K (87%)
!!!! Auto was marked as failing, but now passes
------------------ testing $PTII/ptolemy/domains/de/test/auto/knownFailedTests/HierarchicalModel.xml (Known Failure) 
9 ms. Memory: 129024K Free: 94284K (73%)


==== $PTIIhome/travis/build/icyphy/ptII/ptolemy/domains/de/test/../../../../: Auto Automatic test in file $PTII/ptolemy/domains/de/test/auto/knownFailedTests/HierarchicalModel.xml
==== Contents of test case:

	    # FIXME: we should use $relativeFilename here, but it
	    # might have backslashes under Windows, which causes no end
	    # of trouble.
	    createAndExecute $file
	    list {}
	
.... Test generated KNOWN error:
    while executing
ptolemy.kernel.util.IllegalActionException: Found a zero delay loop containing .HierarchicalModel.A
  in .HierarchicalModel and .HierarchicalModel.A
	at ptolemy.actor.util.CausalityInterfaceForComposites._computeOutputPortDepth(CausalityInterfaceForComposites.java:759)
	at ptolemy.actor.util.CausalityInterfaceForComposites._computeInputDepth(CausalityInterfaceForComposites.java:696)
	at ptolemy.actor.util.CausalityInterfaceForComposites._computeOutputPortDepth(CausalityInterfaceForComposites.java:765)
	at ptolemy.actor.util.CausalityInterfaceForComposites._computeInputDepth(CausalityInterfaceForComposites.java:696)
	at ptolemy.actor.util.CausalityInterfaceForComposites._computeOutputPortDepth(CausalityInterfaceForComposites.java:765)
	at ptolemy.actor.util.CausalityInterfaceForComposites._computeInputDepth(CausalityInterfaceForComposites.java:696)
	at ptolemy.actor.util.CausalityInterfaceForComposites._computeActorDepth(CausalityInterfaceForComposites.java:532)
	at ptolemy.actor.util.CausalityInterfaceForComposites.checkForCycles(CausalityInterfaceForComposites.java:96)
	at ptolemy.domains.de.kernel.DEDirector.preinitialize(DEDirector.java:1338)
	at ptolemy.actor.CompositeActor.preinitialize(CompositeActor.java:1828)
	at ptolemy.actor.Manager.preinitializeAndResolveTypes(Manager.java:1040)
	at ptolemy.actor.Manager.initialize(Manager.java:710)
	at ptolemy.actor.Manager.execute(Manager.java:356)
	at ptolemy.actor.Manager.run(Manager.java:1263)
	at ptolemy.actor.Manager$PtolemyRunThread.run(Manager.java:1933)

    while executing
ptolemy.kernel.util.IllegalActionException: Found a zero delay loop containing .HierarchicalModel.A
  in .HierarchicalModel and .HierarchicalModel.A
    while executing
"java::new ptolemy.moml.MoMLSimpleApplication $file
"
    (procedure "createAndExecute" line 2)
    invoked from within
"createAndExecute $file"
    ("uplevel" body line 5)
    invoked from within
"uplevel $contents_of_test"
------------------ testing $PTII/ptolemy/domains/de/test/auto/knownFailedTests/dependencyLoop2.xml (Known Failure) 
8 ms. Memory: 129024K Free: 77922K (60%)


==== $PTIIhome/travis/build/icyphy/ptII/ptolemy/domains/de/test/../../../../: Auto Automatic test in file $PTII/ptolemy/domains/de/test/auto/knownFailedTests/dependencyLoop2.xml
==== Contents of test case:

	    # FIXME: we should use $relativeFilename here, but it
	    # might have backslashes under Windows, which causes no end
	    # of trouble.
	    createAndExecute $file
	    list {}
	
.... Test generated KNOWN error:
    while executing
ptolemy.kernel.util.IllegalActionException: Found a zero delay loop containing .dependencyLoop2.original
  in .dependencyLoop2 and .dependencyLoop2.original
	at ptolemy.actor.util.CausalityInterfaceForComposites._computeOutputPortDepth(CausalityInterfaceForComposites.java:759)
	at ptolemy.actor.util.CausalityInterfaceForComposites._computeInputDepth(CausalityInterfaceForComposites.java:696)
	at ptolemy.actor.util.CausalityInterfaceForComposites._computeOutputPortDepth(CausalityInterfaceForComposites.java:765)
	at ptolemy.actor.util.CausalityInterfaceForComposites._computeInputDepth(CausalityInterfaceForComposites.java:696)
	at ptolemy.actor.util.CausalityInterfaceForComposites._computeOutputPortDepth(CausalityInterfaceForComposites.java:765)
	at ptolemy.actor.util.CausalityInterfaceForComposites._computeInputDepth(CausalityInterfaceForComposites.java:696)
	at ptolemy.actor.util.CausalityInterfaceForComposites._computeActorDepth(CausalityInterfaceForComposites.java:532)
	at ptolemy.actor.util.CausalityInterfaceForComposites.checkForCycles(CausalityInterfaceForComposites.java:96)
	at ptolemy.domains.de.kernel.DEDirector.preinitialize(DEDirector.java:1338)
	at ptolemy.actor.CompositeActor.preinitialize(CompositeActor.java:1828)
	at ptolemy.actor.Manager.preinitializeAndResolveTypes(Manager.java:1040)
	at ptolemy.actor.Manager.initialize(Manager.java:710)
	at ptolemy.actor.Manager.execute(Manager.java:356)
	at ptolemy.actor.Manager.run(Manager.java:1263)
	at ptolemy.actor.Manager$PtolemyRunThread.run(Manager.java:1933)

    while executing
ptolemy.kernel.util.IllegalActionException: Found a zero delay loop containing .dependencyLoop2.original
  in .dependencyLoop2 and .dependencyLoop2.original
    while executing
"java::new ptolemy.moml.MoMLSimpleApplication $file
"
    (procedure "createAndExecute" line 2)
    invoked from within
"createAndExecute $file"
    ("uplevel" body line 5)
    invoked from within
"uplevel $contents_of_test"
------------------ testing $PTII/ptolemy/domains/de/test/auto/knownFailedTests/DESDFClockTest.xml (Known Failure) 
2062 ms. Memory: 129024K Free: 107959K (84%)


==== $PTIIhome/travis/build/icyphy/ptII/ptolemy/domains/de/test/../../../../: Auto Automatic test in file $PTII/ptolemy/domains/de/test/auto/knownFailedTests/DESDFClockTest.xml
==== Contents of test case:

	    # FIXME: we should use $relativeFilename here, but it
	    # might have backslashes under Windows, which causes no end
	    # of trouble.
	    createAndExecute $file
	    list {}
	
.... Test generated KNOWN error:
    while executing
ptolemy.kernel.util.IllegalActionException: Actor is not ready to fire.  Perhaps UpSample.prefire() returned false? Try debugging the actor by selecting "Listen to Actor".  Also, for SDF check moml for tokenConsumptionRate on input.
  in .DESDFClockTest.Play Bell.Copy1:SDF Director and .DESDFClockTest.Play Bell.UpSample
	at ptolemy.actor.sched.StaticSchedulingDirector.fire(StaticSchedulingDirector.java:227)
	at ptolemy.domains.sdf.kernel.SDFDirector.fire(SDFDirector.java:500)
	at ptolemy.actor.CompositeActor.fire(CompositeActor.java:455)
	at ptolemy.domains.de.kernel.DEDirector._fire(DEDirector.java:1949)
	at ptolemy.domains.de.kernel.DEDirector.fire(DEDirector.java:502)
	at ptolemy.actor.CompositeActor.fire(CompositeActor.java:455)
	at ptolemy.actor.Manager.iterate(Manager.java:851)
	at ptolemy.actor.Manager.execute(Manager.java:369)
	at ptolemy.actor.Manager.run(Manager.java:1263)
	at ptolemy.actor.Manager$PtolemyRunThread.run(Manager.java:1933)

    while executing
ptolemy.kernel.util.IllegalActionException: Actor is not ready to fire.  Perhaps UpSample.prefire() returned false? Try debugging the actor by selecting "Listen to Actor".  Also, for SDF check moml for tokenConsumptionRate on input.
  in .DESDFClockTest.Play Bell.Copy1:SDF Director and .DESDFClockTest.Play Bell.UpSample
    while executing
"java::new ptolemy.moml.MoMLSimpleApplication $file
"
    (procedure "createAndExecute" line 2)
    invoked from within
"createAndExecute $file"
    ("uplevel" body line 5)
    invoked from within
"uplevel $contents_of_test"
------------------ testing $PTII/ptolemy/domains/de/test/auto/ActorDepthCalculation_actorWithoutPorts.xml
auto.tcl: Setting watchdog for 200 seconds at Mon Dec 23 06:30:14 UTC 2019
5 ms. Memory: 129024K Free: 100263K (78%)
ptolemy.util.test.WatchDog.cancel(): canceling Mon Dec 23 06:30:14 UTC 2019
auto.tcl: Setting watchdog for 200 seconds at Mon Dec 23 06:30:14 UTC 2019
5 ms. Memory: 129024K Free: 99247K (77%)
ptolemy.util.test.WatchDog.cancel(): canceling Mon Dec 23 06:30:14 UTC 2019
------------------ testing $PTII/ptolemy/domains/de/test/auto/AssemblyLine.xml
auto.tcl: Setting watchdog for 200 seconds at Mon Dec 23 06:30:14 UTC 2019
6 ms. Memory: 48128K Free: 25992K (54%)
ptolemy.util.test.WatchDog.cancel(): canceling Mon Dec 23 06:30:15 UTC 2019
auto.tcl: Setting watchdog for 200 seconds at Mon Dec 23 06:30:15 UTC 2019
6 ms. Memory: 48128K Free: 25298K (53%)
ptolemy.util.test.WatchDog.cancel(): canceling Mon Dec 23 06:30:15 UTC 2019
------------------ testing $PTII/ptolemy/domains/de/test/auto/CQBug1.xml
auto.tcl: Setting watchdog for 200 seconds at Mon Dec 23 06:30:15 UTC 2019
2 ms. Memory: 48128K Free: 31564K (66%)
ptolemy.util.test.WatchDog.cancel(): canceling Mon Dec 23 06:30:15 UTC 2019
auto.tcl: Setting watchdog for 200 seconds at Mon Dec 23 06:30:15 UTC 2019
2 ms. Memory: 48128K Free: 31134K (65%)
ptolemy.util.test.WatchDog.cancel(): canceling Mon Dec 23 06:30:15 UTC 2019
------------------ testing $PTII/ptolemy/domains/de/test/auto/CancelFireAt.xml
auto.tcl: Setting watchdog for 200 seconds at Mon Dec 23 06:30:15 UTC 2019
6 ms. Memory: 48128K Free: 32706K (68%)
ptolemy.util.test.WatchDog.cancel(): canceling Mon Dec 23 06:30:15 UTC 2019
auto.tcl: Setting watchdog for 200 seconds at Mon Dec 23 06:30:15 UTC 2019
3 ms. Memory: 48128K Free: 32273K (67%)
ptolemy.util.test.WatchDog.cancel(): canceling Mon Dec 23 06:30:15 UTC 2019
------------------ testing $PTII/ptolemy/domains/de/test/auto/CausalityAndComposabilityAnalysis.xml
auto.tcl: Setting watchdog for 200 seconds at Mon Dec 23 06:30:15 UTC 2019
7 ms. Memory: 48128K Free: 30472K (63%)
ptolemy.util.test.WatchDog.cancel(): canceling Mon Dec 23 06:30:15 UTC 2019
auto.tcl: Setting watchdog for 200 seconds at Mon Dec 23 06:30:15 UTC 2019
5 ms. Memory: 48128K Free: 30042K (62%)
ptolemy.util.test.WatchDog.cancel(): canceling Mon Dec 23 06:30:15 UTC 2019
------------------ testing $PTII/ptolemy/domains/de/test/auto/CausalityInterface1.xml
auto.tcl: Setting watchdog for 200 seconds at Mon Dec 23 06:30:15 UTC 2019
28 ms. Memory: 48128K Free: 29404K (61%)
ptolemy.util.test.WatchDog.cancel(): canceling Mon Dec 23 06:30:15 UTC 2019
auto.tcl: Setting watchdog for 200 seconds at Mon Dec 23 06:30:15 UTC 2019
4 ms. Memory: 48128K Free: 28409K (59%)
ptolemy.util.test.WatchDog.cancel(): canceling Mon Dec 23 06:30:15 UTC 2019
------------------ testing $PTII/ptolemy/domains/de/test/auto/CausalityInterface15.xml
auto.tcl: Setting watchdog for 200 seconds at Mon Dec 23 06:30:15 UTC 2019
8 ms. Memory: 48128K Free: 29352K (61%)
ptolemy.util.test.WatchDog.cancel(): canceling Mon Dec 23 06:30:15 UTC 2019
auto.tcl: Setting watchdog for 200 seconds at Mon Dec 23 06:30:15 UTC 2019
6 ms. Memory: 48128K Free: 28407K (59%)
ptolemy.util.test.WatchDog.cancel(): canceling Mon Dec 23 06:30:15 UTC 2019
------------------ testing $PTII/ptolemy/domains/de/test/auto/CausalityInterface2.xml
auto.tcl: Setting watchdog for 200 seconds at Mon Dec 23 06:30:15 UTC 2019
3 ms. Memory: 48128K Free: 29974K (62%)
ptolemy.util.test.WatchDog.cancel(): canceling Mon Dec 23 06:30:15 UTC 2019
auto.tcl: Setting watchdog for 200 seconds at Mon Dec 23 06:30:15 UTC 2019
3 ms. Memory: 48128K Free: 28946K (60%)
ptolemy.util.test.WatchDog.cancel(): canceling Mon Dec 23 06:30:15 UTC 2019
------------------ testing $PTII/ptolemy/domains/de/test/auto/CausalityInterface3.xml
auto.tcl: Setting watchdog for 200 seconds at Mon Dec 23 06:30:15 UTC 2019
4 ms. Memory: 48128K Free: 29597K (61%)
ptolemy.util.test.WatchDog.cancel(): canceling Mon Dec 23 06:30:15 UTC 2019
auto.tcl: Setting watchdog for 200 seconds at Mon Dec 23 06:30:15 UTC 2019
3 ms. Memory: 48128K Free: 29061K (60%)
ptolemy.util.test.WatchDog.cancel(): canceling Mon Dec 23 06:30:15 UTC 2019
------------------ testing $PTII/ptolemy/domains/de/test/auto/ClockDrift.xml
auto.tcl: Setting watchdog for 200 seconds at Mon Dec 23 06:30:15 UTC 2019
69 ms. Memory: 48128K Free: 22171K (46%)
ptolemy.util.test.WatchDog.cancel(): canceling Mon Dec 23 06:30:15 UTC 2019
auto.tcl: Setting watchdog for 200 seconds at Mon Dec 23 06:30:15 UTC 2019
50 ms. Memory: 48128K Free: 19158K (40%)
ptolemy.util.test.WatchDog.cancel(): canceling Mon Dec 23 06:30:15 UTC 2019
------------------ testing $PTII/ptolemy/domains/de/test/auto/ClockDriftAndValueChange.xml
auto.tcl: Setting watchdog for 200 seconds at Mon Dec 23 06:30:15 UTC 2019
39 ms. Memory: 48128K Free: 22274K (46%)
ptolemy.util.test.WatchDog.cancel(): canceling Mon Dec 23 06:30:16 UTC 2019
auto.tcl: Setting watchdog for 200 seconds at Mon Dec 23 06:30:16 UTC 2019
31 ms. Memory: 48128K Free: 19440K (40%)
ptolemy.util.test.WatchDog.cancel(): canceling Mon Dec 23 06:30:16 UTC 2019
------------------ testing $PTII/ptolemy/domains/de/test/auto/ClockDriftChange.xml
auto.tcl: Setting watchdog for 200 seconds at Mon Dec 23 06:30:16 UTC 2019
20 ms. Memory: 48128K Free: 23821K (49%)
ptolemy.util.test.WatchDog.cancel(): canceling Mon Dec 23 06:30:16 UTC 2019
auto.tcl: Setting watchdog for 200 seconds at Mon Dec 23 06:30:16 UTC 2019
26 ms. Memory: 48128K Free: 21243K (44%)
ptolemy.util.test.WatchDog.cancel(): canceling Mon Dec 23 06:30:16 UTC 2019
------------------ testing $PTII/ptolemy/domains/de/test/auto/ComposableCausalityAnalysis.xml
auto.tcl: Setting watchdog for 200 seconds at Mon Dec 23 06:30:16 UTC 2019
2 ms. Memory: 48128K Free: 28680K (60%)
ptolemy.util.test.WatchDog.cancel(): canceling Mon Dec 23 06:30:16 UTC 2019
auto.tcl: Setting watchdog for 200 seconds at Mon Dec 23 06:30:16 UTC 2019
4 ms. Memory: 48128K Free: 27633K (57%)
ptolemy.util.test.WatchDog.cancel(): canceling Mon Dec 23 06:30:16 UTC 2019
------------------ testing $PTII/ptolemy/domains/de/test/auto/DEFixedPointLimitation.xml
auto.tcl: Setting watchdog for 200 seconds at Mon Dec 23 06:30:16 UTC 2019
1 ms. Memory: 48128K Free: 30004K (62%)
ptolemy.util.test.WatchDog.cancel(): canceling Mon Dec 23 06:30:16 UTC 2019
auto.tcl: Setting watchdog for 200 seconds at Mon Dec 23 06:30:16 UTC 2019
1 ms. Memory: 48128K Free: 29133K (61%)
ptolemy.util.test.WatchDog.cancel(): canceling Mon Dec 23 06:30:16 UTC 2019
------------------ testing $PTII/ptolemy/domains/de/test/auto/DEScheduleTest.xml
auto.tcl: Setting watchdog for 200 seconds at Mon Dec 23 06:30:16 UTC 2019
5 ms. Memory: 48128K Free: 30363K (63%)
ptolemy.util.test.WatchDog.cancel(): canceling Mon Dec 23 06:30:16 UTC 2019
auto.tcl: Setting watchdog for 200 seconds at Mon Dec 23 06:30:16 UTC 2019
3 ms. Memory: 48128K Free: 29587K (61%)
ptolemy.util.test.WatchDog.cancel(): canceling Mon Dec 23 06:30:16 UTC 2019
------------------ testing $PTII/ptolemy/domains/de/test/auto/DEinDEwithStartTimes.xml
auto.tcl: Setting watchdog for 200 seconds at Mon Dec 23 06:30:16 UTC 2019
5 ms. Memory: 48128K Free: 28513K (59%)
ptolemy.util.test.WatchDog.cancel(): canceling Mon Dec 23 06:30:16 UTC 2019
auto.tcl: Setting watchdog for 200 seconds at Mon Dec 23 06:30:16 UTC 2019
3 ms. Memory: 48128K Free: 27489K (57%)
ptolemy.util.test.WatchDog.cancel(): canceling Mon Dec 23 06:30:16 UTC 2019
------------------ testing $PTII/ptolemy/domains/de/test/auto/DEinDEwithStartTimes2.xml
auto.tcl: Setting watchdog for 200 seconds at Mon Dec 23 06:30:16 UTC 2019
7 ms. Memory: 48128K Free: 27715K (58%)
ptolemy.util.test.WatchDog.cancel(): canceling Mon Dec 23 06:30:16 UTC 2019
auto.tcl: Setting watchdog for 200 seconds at Mon Dec 23 06:30:16 UTC 2019
4 ms. Memory: 48128K Free: 26445K (55%)
ptolemy.util.test.WatchDog.cancel(): canceling Mon Dec 23 06:30:16 UTC 2019
------------------ testing $PTII/ptolemy/domains/de/test/auto/DateDemo.xml
auto.tcl: Setting watchdog for 200 seconds at Mon Dec 23 06:30:16 UTC 2019
21 ms. Memory: 48128K Free: 22076K (46%)
ptolemy.util.test.WatchDog.cancel(): canceling Mon Dec 23 06:30:16 UTC 2019
auto.tcl: Setting watchdog for 200 seconds at Mon Dec 23 06:30:16 UTC 2019
6 ms. Memory: 48128K Free: 20471K (43%)
ptolemy.util.test.WatchDog.cancel(): canceling Mon Dec 23 06:30:16 UTC 2019
------------------ testing $PTII/ptolemy/domains/de/test/auto/DateToEvent.xml
auto.tcl: Setting watchdog for 200 seconds at Mon Dec 23 06:30:16 UTC 2019
2013 ms. Memory: 48128K Free: 18088K (38%)
ptolemy.util.test.WatchDog.cancel(): canceling Mon Dec 23 06:30:18 UTC 2019
auto.tcl: Setting watchdog for 200 seconds at Mon Dec 23 06:30:18 UTC 2019
2004 ms. Memory: 48128K Free: 17222K (36%)
ptolemy.util.test.WatchDog.cancel(): canceling Mon Dec 23 06:30:20 UTC 2019
------------------ testing $PTII/ptolemy/domains/de/test/auto/DepthTest1.xml
auto.tcl: Setting watchdog for 200 seconds at Mon Dec 23 06:30:20 UTC 2019
3 ms. Memory: 48128K Free: 31212K (65%)
ptolemy.util.test.WatchDog.cancel(): canceling Mon Dec 23 06:30:20 UTC 2019
auto.tcl: Setting watchdog for 200 seconds at Mon Dec 23 06:30:20 UTC 2019
1 ms. Memory: 48128K Free: 30704K (64%)
ptolemy.util.test.WatchDog.cancel(): canceling Mon Dec 23 06:30:20 UTC 2019
------------------ testing $PTII/ptolemy/domains/de/test/auto/DepthTest2.xml
auto.tcl: Setting watchdog for 200 seconds at Mon Dec 23 06:30:21 UTC 2019
3 ms. Memory: 48128K Free: 27982K (58%)
ptolemy.util.test.WatchDog.cancel(): canceling Mon Dec 23 06:30:21 UTC 2019
auto.tcl: Setting watchdog for 200 seconds at Mon Dec 23 06:30:21 UTC 2019
3 ms. Memory: 48128K Free: 27564K (57%)
ptolemy.util.test.WatchDog.cancel(): canceling Mon Dec 23 06:30:21 UTC 2019
------------------ testing $PTII/ptolemy/domains/de/test/auto/DepthTest3.xml
auto.tcl: Setting watchdog for 200 seconds at Mon Dec 23 06:30:21 UTC 2019
1 ms. Memory: 48128K Free: 31555K (66%)
ptolemy.util.test.WatchDog.cancel(): canceling Mon Dec 23 06:30:21 UTC 2019
auto.tcl: Setting watchdog for 200 seconds at Mon Dec 23 06:30:21 UTC 2019
2 ms. Memory: 48128K Free: 31063K (65%)
ptolemy.util.test.WatchDog.cancel(): canceling Mon Dec 23 06:30:21 UTC 2019
------------------ testing $PTII/ptolemy/domains/de/test/auto/DepthTest4.xml
auto.tcl: Setting watchdog for 200 seconds at Mon Dec 23 06:30:21 UTC 2019
3 ms. Memory: 48128K Free: 29756K (62%)
ptolemy.util.test.WatchDog.cancel(): canceling Mon Dec 23 06:30:21 UTC 2019
auto.tcl: Setting watchdog for 200 seconds at Mon Dec 23 06:30:21 UTC 2019
2 ms. Memory: 48128K Free: 29085K (60%)
ptolemy.util.test.WatchDog.cancel(): canceling Mon Dec 23 06:30:21 UTC 2019
------------------ testing $PTII/ptolemy/domains/de/test/auto/DepthTest5.xml
auto.tcl: Setting watchdog for 200 seconds at Mon Dec 23 06:30:21 UTC 2019
10 ms. Memory: 48128K Free: 29192K (61%)
ptolemy.util.test.WatchDog.cancel(): canceling Mon Dec 23 06:30:21 UTC 2019
auto.tcl: Setting watchdog for 200 seconds at Mon Dec 23 06:30:21 UTC 2019
2 ms. Memory: 48128K Free: 28446K (59%)
ptolemy.util.test.WatchDog.cancel(): canceling Mon Dec 23 06:30:21 UTC 2019
------------------ testing $PTII/ptolemy/domains/de/test/auto/DepthTest6.xml
auto.tcl: Setting watchdog for 200 seconds at Mon Dec 23 06:30:21 UTC 2019
4 ms. Memory: 48128K Free: 28678K (60%)
ptolemy.util.test.WatchDog.cancel(): canceling Mon Dec 23 06:30:21 UTC 2019
auto.tcl: Setting watchdog for 200 seconds at Mon Dec 23 06:30:21 UTC 2019
3 ms. Memory: 48128K Free: 27973K (58%)
ptolemy.util.test.WatchDog.cancel(): canceling Mon Dec 23 06:30:21 UTC 2019
------------------ testing $PTII/ptolemy/domains/de/test/auto/DepthTest7.xml
auto.tcl: Setting watchdog for 200 seconds at Mon Dec 23 06:30:21 UTC 2019
3 ms. Memory: 48128K Free: 29681K (62%)
ptolemy.util.test.WatchDog.cancel(): canceling Mon Dec 23 06:30:21 UTC 2019
auto.tcl: Setting watchdog for 200 seconds at Mon Dec 23 06:30:21 UTC 2019
2 ms. Memory: 48128K Free: 28994K (60%)
ptolemy.util.test.WatchDog.cancel(): canceling Mon Dec 23 06:30:21 UTC 2019
------------------ testing $PTII/ptolemy/domains/de/test/auto/EventToDate.xml
auto.tcl: Setting watchdog for 200 seconds at Mon Dec 23 06:30:21 UTC 2019
3009 ms. Memory: 48128K Free: 20496K (43%)
ptolemy.util.test.WatchDog.cancel(): canceling Mon Dec 23 06:30:24 UTC 2019
auto.tcl: Setting watchdog for 200 seconds at Mon Dec 23 06:30:24 UTC 2019
3004 ms. Memory: 48128K Free: 19829K (41%)
ptolemy.util.test.WatchDog.cancel(): canceling Mon Dec 23 06:30:27 UTC 2019
------------------ testing $PTII/ptolemy/domains/de/test/auto/FSM1.xml
auto.tcl: Setting watchdog for 200 seconds at Mon Dec 23 06:30:27 UTC 2019
46 ms. Memory: 48128K Free: 21281K (44%)
ptolemy.util.test.WatchDog.cancel(): canceling Mon Dec 23 06:30:27 UTC 2019
auto.tcl: Setting watchdog for 200 seconds at Mon Dec 23 06:30:27 UTC 2019
31 ms. Memory: 48128K Free: 18067K (38%)
ptolemy.util.test.WatchDog.cancel(): canceling Mon Dec 23 06:30:27 UTC 2019
------------------ testing $PTII/ptolemy/domains/de/test/auto/FSM7.xml
auto.tcl: Setting watchdog for 200 seconds at Mon Dec 23 06:30:27 UTC 2019
28 ms. Memory: 48128K Free: 21451K (45%)
ptolemy.util.test.WatchDog.cancel(): canceling Mon Dec 23 06:30:27 UTC 2019
auto.tcl: Setting watchdog for 200 seconds at Mon Dec 23 06:30:27 UTC 2019
12 ms. Memory: 48128K Free: 18269K (38%)
ptolemy.util.test.WatchDog.cancel(): canceling Mon Dec 23 06:30:27 UTC 2019
------------------ testing $PTII/ptolemy/domains/de/test/auto/Inspection.xml
auto.tcl: Setting watchdog for 200 seconds at Mon Dec 23 06:30:27 UTC 2019
23 ms. Memory: 48128K Free: 21437K (45%)
ptolemy.util.test.WatchDog.cancel(): canceling Mon Dec 23 06:30:27 UTC 2019
auto.tcl: Setting watchdog for 200 seconds at Mon Dec 23 06:30:27 UTC 2019
26 ms. Memory: 48128K Free: 19726K (41%)
ptolemy.util.test.WatchDog.cancel(): canceling Mon Dec 23 06:30:27 UTC 2019
------------------ testing $PTII/ptolemy/domains/de/test/auto/Iteration.xml
auto.tcl: Setting watchdog for 200 seconds at Mon Dec 23 06:30:27 UTC 2019
7 ms. Memory: 48128K Free: 27212K (57%)
ptolemy.util.test.WatchDog.cancel(): canceling Mon Dec 23 06:30:27 UTC 2019
auto.tcl: Setting watchdog for 200 seconds at Mon Dec 23 06:30:27 UTC 2019
7 ms. Memory: 48128K Free: 25800K (54%)
ptolemy.util.test.WatchDog.cancel(): canceling Mon Dec 23 06:30:27 UTC 2019
------------------ testing $PTII/ptolemy/domains/de/test/auto/LineFault.xml
auto.tcl: Setting watchdog for 200 seconds at Mon Dec 23 06:30:27 UTC 2019
575 ms. Memory: 48128K Free: 29508K (61%)
ptolemy.util.test.WatchDog.cancel(): canceling Mon Dec 23 06:30:28 UTC 2019
auto.tcl: Setting watchdog for 200 seconds at Mon Dec 23 06:30:28 UTC 2019
505 ms. Memory: 58368K Free: 27646K (47%)
ptolemy.util.test.WatchDog.cancel(): canceling Mon Dec 23 06:30:29 UTC 2019
------------------ testing $PTII/ptolemy/domains/de/test/auto/MergeModel1Add.xml
auto.tcl: Setting watchdog for 200 seconds at Mon Dec 23 06:30:29 UTC 2019
18 ms. Memory: 55296K Free: 20365K (37%)
ptolemy.util.test.WatchDog.cancel(): canceling Mon Dec 23 06:30:29 UTC 2019
auto.tcl: Setting watchdog for 200 seconds at Mon Dec 23 06:30:29 UTC 2019
10 ms. Memory: 55296K Free: 18675K (34%)
ptolemy.util.test.WatchDog.cancel(): canceling Mon Dec 23 06:30:29 UTC 2019
------------------ testing $PTII/ptolemy/domains/de/test/auto/MergeModel2Add.xml
auto.tcl: Setting watchdog for 200 seconds at Mon Dec 23 06:30:29 UTC 2019
8 ms. Memory: 51200K Free: 18322K (36%)
ptolemy.util.test.WatchDog.cancel(): canceling Mon Dec 23 06:30:29 UTC 2019
auto.tcl: Setting watchdog for 200 seconds at Mon Dec 23 06:30:29 UTC 2019
8 ms. Memory: 51200K Free: 16349K (32%)
ptolemy.util.test.WatchDog.cancel(): canceling Mon Dec 23 06:30:29 UTC 2019
------------------ testing $PTII/ptolemy/domains/de/test/auto/MergeModel3Add.xml
auto.tcl: Setting watchdog for 200 seconds at Mon Dec 23 06:30:29 UTC 2019
8 ms. Memory: 48128K Free: 15302K (32%)
ptolemy.util.test.WatchDog.cancel(): canceling Mon Dec 23 06:30:29 UTC 2019
auto.tcl: Setting watchdog for 200 seconds at Mon Dec 23 06:30:29 UTC 2019
9 ms. Memory: 48128K Free: 13896K (29%)
ptolemy.util.test.WatchDog.cancel(): canceling Mon Dec 23 06:30:29 UTC 2019
------------------ testing $PTII/ptolemy/domains/de/test/auto/MergeWithoutDiscard.xml
auto.tcl: Setting watchdog for 200 seconds at Mon Dec 23 06:30:29 UTC 2019
1 ms. Memory: 48128K Free: 29590K (61%)
ptolemy.util.test.WatchDog.cancel(): canceling Mon Dec 23 06:30:29 UTC 2019
auto.tcl: Setting watchdog for 200 seconds at Mon Dec 23 06:30:29 UTC 2019
1 ms. Memory: 48128K Free: 29168K (61%)
ptolemy.util.test.WatchDog.cancel(): canceling Mon Dec 23 06:30:29 UTC 2019
------------------ testing $PTII/ptolemy/domains/de/test/auto/Modal1.xml
auto.tcl: Setting watchdog for 200 seconds at Mon Dec 23 06:30:29 UTC 2019
12 ms. Memory: 48128K Free: 21997K (46%)
ptolemy.util.test.WatchDog.cancel(): canceling Mon Dec 23 06:30:29 UTC 2019
auto.tcl: Setting watchdog for 200 seconds at Mon Dec 23 06:30:29 UTC 2019
12 ms. Memory: 48128K Free: 18710K (39%)
ptolemy.util.test.WatchDog.cancel(): canceling Mon Dec 23 06:30:29 UTC 2019
------------------ testing $PTII/ptolemy/domains/de/test/auto/Modal2.xml
auto.tcl: Setting watchdog for 200 seconds at Mon Dec 23 06:30:29 UTC 2019
18 ms. Memory: 48128K Free: 21875K (45%)
ptolemy.util.test.WatchDog.cancel(): canceling Mon Dec 23 06:30:29 UTC 2019
auto.tcl: Setting watchdog for 200 seconds at Mon Dec 23 06:30:29 UTC 2019
18 ms. Memory: 48128K Free: 18619K (39%)
ptolemy.util.test.WatchDog.cancel(): canceling Mon Dec 23 06:30:29 UTC 2019
------------------ testing $PTII/ptolemy/domains/de/test/auto/Modal3.xml
auto.tcl: Setting watchdog for 200 seconds at Mon Dec 23 06:30:29 UTC 2019
13 ms. Memory: 48128K Free: 21835K (45%)
ptolemy.util.test.WatchDog.cancel(): canceling Mon Dec 23 06:30:30 UTC 2019
auto.tcl: Setting watchdog for 200 seconds at Mon Dec 23 06:30:30 UTC 2019
15 ms. Memory: 48128K Free: 18257K (38%)
ptolemy.util.test.WatchDog.cancel(): canceling Mon Dec 23 06:30:30 UTC 2019
------------------ testing $PTII/ptolemy/domains/de/test/auto/Modal4.xml
auto.tcl: Setting watchdog for 200 seconds at Mon Dec 23 06:30:30 UTC 2019
25 ms. Memory: 48128K Free: 20792K (43%)
ptolemy.util.test.WatchDog.cancel(): canceling Mon Dec 23 06:30:30 UTC 2019
auto.tcl: Setting watchdog for 200 seconds at Mon Dec 23 06:30:30 UTC 2019
26 ms. Memory: 48128K Free: 16988K (35%)
ptolemy.util.test.WatchDog.cancel(): canceling Mon Dec 23 06:30:30 UTC 2019
------------------ testing $PTII/ptolemy/domains/de/test/auto/Modal5.xml
auto.tcl: Setting watchdog for 200 seconds at Mon Dec 23 06:30:30 UTC 2019
11 ms. Memory: 48128K Free: 20802K (43%)
ptolemy.util.test.WatchDog.cancel(): canceling Mon Dec 23 06:30:30 UTC 2019
auto.tcl: Setting watchdog for 200 seconds at Mon Dec 23 06:30:30 UTC 2019
13 ms. Memory: 48128K Free: 16974K (35%)
ptolemy.util.test.WatchDog.cancel(): canceling Mon Dec 23 06:30:30 UTC 2019
------------------ testing $PTII/ptolemy/domains/de/test/auto/Modal6.xml
auto.tcl: Setting watchdog for 200 seconds at Mon Dec 23 06:30:30 UTC 2019
11 ms. Memory: 48128K Free: 21605K (45%)
ptolemy.util.test.WatchDog.cancel(): canceling Mon Dec 23 06:30:30 UTC 2019
auto.tcl: Setting watchdog for 200 seconds at Mon Dec 23 06:30:30 UTC 2019
11 ms. Memory: 48128K Free: 17619K (37%)
ptolemy.util.test.WatchDog.cancel(): canceling Mon Dec 23 06:30:30 UTC 2019
------------------ testing $PTII/ptolemy/domains/de/test/auto/Modal7.xml
auto.tcl: Setting watchdog for 200 seconds at Mon Dec 23 06:30:30 UTC 2019
9 ms. Memory: 48128K Free: 20558K (43%)
ptolemy.util.test.WatchDog.cancel(): canceling Mon Dec 23 06:30:30 UTC 2019
auto.tcl: Setting watchdog for 200 seconds at Mon Dec 23 06:30:30 UTC 2019
9 ms. Memory: 48128K Free: 16973K (35%)
ptolemy.util.test.WatchDog.cancel(): canceling Mon Dec 23 06:30:30 UTC 2019
------------------ testing $PTII/ptolemy/domains/de/test/auto/ModalModel.xml
auto.tcl: Setting watchdog for 200 seconds at Mon Dec 23 06:30:30 UTC 2019
207 ms. Memory: 48128K Free: 10998K (23%)
ptolemy.util.test.WatchDog.cancel(): canceling Mon Dec 23 06:30:30 UTC 2019
auto.tcl: Setting watchdog for 200 seconds at Mon Dec 23 06:30:30 UTC 2019
205 ms. Memory: 62464K Free: 43235K (69%)
ptolemy.util.test.WatchDog.cancel(): canceling Mon Dec 23 06:30:30 UTC 2019
------------------ testing $PTII/ptolemy/domains/de/test/auto/ModalSource.xml
auto.tcl: Setting watchdog for 200 seconds at Mon Dec 23 06:30:31 UTC 2019
8 ms. Memory: 51200K Free: 28718K (56%)
ptolemy.util.test.WatchDog.cancel(): canceling Mon Dec 23 06:30:31 UTC 2019
auto.tcl: Setting watchdog for 200 seconds at Mon Dec 23 06:30:31 UTC 2019
6 ms. Memory: 51200K Free: 26670K (52%)
ptolemy.util.test.WatchDog.cancel(): canceling Mon Dec 23 06:30:31 UTC 2019
------------------ testing $PTII/ptolemy/domains/de/test/auto/NonInterruptibleTimerZeroDelay.xml
auto.tcl: Setting watchdog for 200 seconds at Mon Dec 23 06:30:31 UTC 2019
3 ms. Memory: 51200K Free: 33861K (66%)
ptolemy.util.test.WatchDog.cancel(): canceling Mon Dec 23 06:30:31 UTC 2019
auto.tcl: Setting watchdog for 200 seconds at Mon Dec 23 06:30:31 UTC 2019
2 ms. Memory: 51200K Free: 32981K (64%)
ptolemy.util.test.WatchDog.cancel(): canceling Mon Dec 23 06:30:31 UTC 2019
------------------ testing $PTII/ptolemy/domains/de/test/auto/OpenQueueingNetwork.xml
auto.tcl: Setting watchdog for 200 seconds at Mon Dec 23 06:30:31 UTC 2019
2747 ms. Memory: 133120K Free: 80850K (61%)
ptolemy.util.test.WatchDog.cancel(): canceling Mon Dec 23 06:30:34 UTC 2019
auto.tcl: Setting watchdog for 200 seconds at Mon Dec 23 06:30:34 UTC 2019
2189 ms. Memory: 159744K Free: 141244K (88%)
ptolemy.util.test.WatchDog.cancel(): canceling Mon Dec 23 06:30:36 UTC 2019
------------------ testing $PTII/ptolemy/domains/de/test/auto/OpenQueuingNetwork.xml
auto.tcl: Setting watchdog for 200 seconds at Mon Dec 23 06:30:36 UTC 2019
215 ms. Memory: 55296K Free: 27148K (49%)
ptolemy.util.test.WatchDog.cancel(): canceling Mon Dec 23 06:30:36 UTC 2019
auto.tcl: Setting watchdog for 200 seconds at Mon Dec 23 06:30:36 UTC 2019
212 ms. Memory: 55296K Free: 36847K (67%)
ptolemy.util.test.WatchDog.cancel(): canceling Mon Dec 23 06:30:36 UTC 2019
------------------ testing $PTII/ptolemy/domains/de/test/auto/PeriodicSampler.xml
auto.tcl: Setting watchdog for 200 seconds at Mon Dec 23 06:30:36 UTC 2019
2 ms. Memory: 51200K Free: 32855K (64%)
ptolemy.util.test.WatchDog.cancel(): canceling Mon Dec 23 06:30:36 UTC 2019
auto.tcl: Setting watchdog for 200 seconds at Mon Dec 23 06:30:36 UTC 2019
2 ms. Memory: 51200K Free: 32335K (63%)
ptolemy.util.test.WatchDog.cancel(): canceling Mon Dec 23 06:30:36 UTC 2019
------------------ testing $PTII/ptolemy/domains/de/test/auto/PersistentIO.xml
auto.tcl: Setting watchdog for 200 seconds at Mon Dec 23 06:30:36 UTC 2019
8 ms. Memory: 48128K Free: 24691K (51%)
ptolemy.util.test.WatchDog.cancel(): canceling Mon Dec 23 06:30:36 UTC 2019
auto.tcl: Setting watchdog for 200 seconds at Mon Dec 23 06:30:36 UTC 2019
4 ms. Memory: 48128K Free: 23215K (48%)
ptolemy.util.test.WatchDog.cancel(): canceling Mon Dec 23 06:30:36 UTC 2019
------------------ testing $PTII/ptolemy/domains/de/test/auto/PortParameterResetOnInitialize.xml
auto.tcl: Setting watchdog for 200 seconds at Mon Dec 23 06:30:36 UTC 2019
2 ms. Memory: 48128K Free: 29896K (62%)
ptolemy.util.test.WatchDog.cancel(): canceling Mon Dec 23 06:30:36 UTC 2019
auto.tcl: Setting watchdog for 200 seconds at Mon Dec 23 06:30:36 UTC 2019
2 ms. Memory: 48128K Free: 29420K (61%)
ptolemy.util.test.WatchDog.cancel(): canceling Mon Dec 23 06:30:36 UTC 2019
------------------ testing $PTII/ptolemy/domains/de/test/auto/PortParameterUpdates.xml
auto.tcl: Setting watchdog for 200 seconds at Mon Dec 23 06:30:37 UTC 2019
5 ms. Memory: 48128K Free: 27986K (58%)
ptolemy.util.test.WatchDog.cancel(): canceling Mon Dec 23 06:30:37 UTC 2019
auto.tcl: Setting watchdog for 200 seconds at Mon Dec 23 06:30:37 UTC 2019
3 ms. Memory: 48128K Free: 26769K (56%)
ptolemy.util.test.WatchDog.cancel(): canceling Mon Dec 23 06:30:37 UTC 2019
------------------ testing $PTII/ptolemy/domains/de/test/auto/QueueAndServer.xml
auto.tcl: Setting watchdog for 200 seconds at Mon Dec 23 06:30:37 UTC 2019
5 ms. Memory: 48128K Free: 26965K (56%)
ptolemy.util.test.WatchDog.cancel(): canceling Mon Dec 23 06:30:37 UTC 2019
auto.tcl: Setting watchdog for 200 seconds at Mon Dec 23 06:30:37 UTC 2019
5 ms. Memory: 48128K Free: 25261K (52%)
ptolemy.util.test.WatchDog.cancel(): canceling Mon Dec 23 06:30:37 UTC 2019
------------------ testing $PTII/ptolemy/domains/de/test/auto/Records.xml
auto.tcl: Setting watchdog for 200 seconds at Mon Dec 23 06:30:37 UTC 2019
5 ms. Memory: 48128K Free: 29234K (61%)
ptolemy.util.test.WatchDog.cancel(): canceling Mon Dec 23 06:30:37 UTC 2019
auto.tcl: Setting watchdog for 200 seconds at Mon Dec 23 06:30:37 UTC 2019
2 ms. Memory: 48128K Free: 28732K (60%)
ptolemy.util.test.WatchDog.cancel(): canceling Mon Dec 23 06:30:37 UTC 2019
------------------ testing $PTII/ptolemy/domains/de/test/auto/ResetTransitionWithStartTime1.xml
auto.tcl: Setting watchdog for 200 seconds at Mon Dec 23 06:30:37 UTC 2019
15 ms. Memory: 48128K Free: 26192K (54%)
ptolemy.util.test.WatchDog.cancel(): canceling Mon Dec 23 06:30:37 UTC 2019
auto.tcl: Setting watchdog for 200 seconds at Mon Dec 23 06:30:37 UTC 2019
9 ms. Memory: 48128K Free: 24144K (50%)
ptolemy.util.test.WatchDog.cancel(): canceling Mon Dec 23 06:30:37 UTC 2019
------------------ testing $PTII/ptolemy/domains/de/test/auto/ResetTransitionWithStartTime2.xml
auto.tcl: Setting watchdog for 200 seconds at Mon Dec 23 06:30:37 UTC 2019
5 ms. Memory: 48128K Free: 26147K (54%)
ptolemy.util.test.WatchDog.cancel(): canceling Mon Dec 23 06:30:37 UTC 2019
auto.tcl: Setting watchdog for 200 seconds at Mon Dec 23 06:30:37 UTC 2019
5 ms. Memory: 48128K Free: 23605K (49%)
ptolemy.util.test.WatchDog.cancel(): canceling Mon Dec 23 06:30:37 UTC 2019
------------------ testing $PTII/ptolemy/domains/de/test/auto/ResetTransitionWithStartTime3.xml
auto.tcl: Setting watchdog for 200 seconds at Mon Dec 23 06:30:37 UTC 2019
8 ms. Memory: 48128K Free: 26146K (54%)
ptolemy.util.test.WatchDog.cancel(): canceling Mon Dec 23 06:30:37 UTC 2019
auto.tcl: Setting watchdog for 200 seconds at Mon Dec 23 06:30:37 UTC 2019
5 ms. Memory: 48128K Free: 24117K (50%)
ptolemy.util.test.WatchDog.cancel(): canceling Mon Dec 23 06:30:37 UTC 2019
------------------ testing $PTII/ptolemy/domains/de/test/auto/ResetTransitionWithStartTime4.xml
auto.tcl: Setting watchdog for 200 seconds at Mon Dec 23 06:30:37 UTC 2019
9 ms. Memory: 48128K Free: 26576K (55%)
ptolemy.util.test.WatchDog.cancel(): canceling Mon Dec 23 06:30:37 UTC 2019
auto.tcl: Setting watchdog for 200 seconds at Mon Dec 23 06:30:37 UTC 2019
5 ms. Memory: 48128K Free: 25173K (52%)
ptolemy.util.test.WatchDog.cancel(): canceling Mon Dec 23 06:30:37 UTC 2019
------------------ testing $PTII/ptolemy/domains/de/test/auto/ResettableTimer1.xml
auto.tcl: Setting watchdog for 200 seconds at Mon Dec 23 06:30:37 UTC 2019
2 ms. Memory: 48128K Free: 30365K (63%)
ptolemy.util.test.WatchDog.cancel(): canceling Mon Dec 23 06:30:37 UTC 2019
auto.tcl: Setting watchdog for 200 seconds at Mon Dec 23 06:30:37 UTC 2019
2 ms. Memory: 48128K Free: 29710K (62%)
ptolemy.util.test.WatchDog.cancel(): canceling Mon Dec 23 06:30:37 UTC 2019
------------------ testing $PTII/ptolemy/domains/de/test/auto/ResettableTimer2.xml
auto.tcl: Setting watchdog for 200 seconds at Mon Dec 23 06:30:37 UTC 2019
3 ms. Memory: 48128K Free: 30386K (63%)
ptolemy.util.test.WatchDog.cancel(): canceling Mon Dec 23 06:30:37 UTC 2019
auto.tcl: Setting watchdog for 200 seconds at Mon Dec 23 06:30:37 UTC 2019
1 ms. Memory: 48128K Free: 29321K (61%)
ptolemy.util.test.WatchDog.cancel(): canceling Mon Dec 23 06:30:37 UTC 2019
------------------ testing $PTII/ptolemy/domains/de/test/auto/ResettableTimer3.xml
auto.tcl: Setting watchdog for 200 seconds at Mon Dec 23 06:30:37 UTC 2019
1 ms. Memory: 48128K Free: 30296K (63%)
ptolemy.util.test.WatchDog.cancel(): canceling Mon Dec 23 06:30:37 UTC 2019
auto.tcl: Setting watchdog for 200 seconds at Mon Dec 23 06:30:37 UTC 2019
1 ms. Memory: 48128K Free: 30296K (63%)
ptolemy.util.test.WatchDog.cancel(): canceling Mon Dec 23 06:30:37 UTC 2019
------------------ testing $PTII/ptolemy/domains/de/test/auto/ResettableTimer4.xml
auto.tcl: Setting watchdog for 200 seconds at Mon Dec 23 06:30:37 UTC 2019
2 ms. Memory: 48128K Free: 30310K (63%)
ptolemy.util.test.WatchDog.cancel(): canceling Mon Dec 23 06:30:37 UTC 2019
auto.tcl: Setting watchdog for 200 seconds at Mon Dec 23 06:30:37 UTC 2019
1 ms. Memory: 48128K Free: 29812K (62%)
ptolemy.util.test.WatchDog.cancel(): canceling Mon Dec 23 06:30:37 UTC 2019
------------------ testing $PTII/ptolemy/domains/de/test/auto/ResettableTimer5.xml
auto.tcl: Setting watchdog for 200 seconds at Mon Dec 23 06:30:37 UTC 2019
2 ms. Memory: 48128K Free: 29771K (62%)
ptolemy.util.test.WatchDog.cancel(): canceling Mon Dec 23 06:30:37 UTC 2019
auto.tcl: Setting watchdog for 200 seconds at Mon Dec 23 06:30:37 UTC 2019
1 ms. Memory: 48128K Free: 29293K (61%)
ptolemy.util.test.WatchDog.cancel(): canceling Mon Dec 23 06:30:37 UTC 2019
------------------ testing $PTII/ptolemy/domains/de/test/auto/ResettableTimer6.xml
auto.tcl: Setting watchdog for 200 seconds at Mon Dec 23 06:30:37 UTC 2019
2 ms. Memory: 48128K Free: 29753K (62%)
ptolemy.util.test.WatchDog.cancel(): canceling Mon Dec 23 06:30:37 UTC 2019
auto.tcl: Setting watchdog for 200 seconds at Mon Dec 23 06:30:37 UTC 2019
1 ms. Memory: 48128K Free: 29259K (61%)
ptolemy.util.test.WatchDog.cancel(): canceling Mon Dec 23 06:30:37 UTC 2019
------------------ testing $PTII/ptolemy/domains/de/test/auto/ServerZeroDelay.xml
auto.tcl: Setting watchdog for 200 seconds at Mon Dec 23 06:30:37 UTC 2019
2 ms. Memory: 48128K Free: 30272K (63%)
ptolemy.util.test.WatchDog.cancel(): canceling Mon Dec 23 06:30:37 UTC 2019
auto.tcl: Setting watchdog for 200 seconds at Mon Dec 23 06:30:37 UTC 2019
2 ms. Memory: 48128K Free: 29276K (61%)
ptolemy.util.test.WatchDog.cancel(): canceling Mon Dec 23 06:30:37 UTC 2019
------------------ testing $PTII/ptolemy/domains/de/test/auto/SmartSender.xml
auto.tcl: Setting watchdog for 200 seconds at Mon Dec 23 06:30:37 UTC 2019
3001 ms. Memory: 48128K Free: 30268K (63%)
ptolemy.util.test.WatchDog.cancel(): canceling Mon Dec 23 06:30:40 UTC 2019
auto.tcl: Setting watchdog for 200 seconds at Mon Dec 23 06:30:40 UTC 2019
3001 ms. Memory: 48128K Free: 29772K (62%)
ptolemy.util.test.WatchDog.cancel(): canceling Mon Dec 23 06:30:43 UTC 2019
------------------ testing $PTII/ptolemy/domains/de/test/auto/ThreadedComposite.xml
auto.tcl: Setting watchdog for 200 seconds at Mon Dec 23 06:30:43 UTC 2019
195 ms. Memory: 48128K Free: 11335K (24%)
ptolemy.util.test.WatchDog.cancel(): canceling Mon Dec 23 06:30:44 UTC 2019
auto.tcl: Setting watchdog for 200 seconds at Mon Dec 23 06:30:44 UTC 2019
135 ms. Memory: 58368K Free: 36189K (62%)
ptolemy.util.test.WatchDog.cancel(): canceling Mon Dec 23 06:30:44 UTC 2019
------------------ testing $PTII/ptolemy/domains/de/test/auto/Time.xml
auto.tcl: Setting watchdog for 200 seconds at Mon Dec 23 06:30:44 UTC 2019
449 ms. Memory: 48128K Free: 32507K (68%)
ptolemy.util.test.WatchDog.cancel(): canceling Mon Dec 23 06:30:44 UTC 2019
auto.tcl: Setting watchdog for 200 seconds at Mon Dec 23 06:30:44 UTC 2019
361 ms. Memory: 48128K Free: 9653K (20%)
ptolemy.util.test.WatchDog.cancel(): canceling Mon Dec 23 06:30:45 UTC 2019
------------------ testing $PTII/ptolemy/domains/de/test/auto/TimeDelayZeroDelay.xml
auto.tcl: Setting watchdog for 200 seconds at Mon Dec 23 06:30:45 UTC 2019
2 ms. Memory: 48128K Free: 30197K (63%)
ptolemy.util.test.WatchDog.cancel(): canceling Mon Dec 23 06:30:45 UTC 2019
auto.tcl: Setting watchdog for 200 seconds at Mon Dec 23 06:30:45 UTC 2019
2 ms. Memory: 48128K Free: 29744K (62%)
ptolemy.util.test.WatchDog.cancel(): canceling Mon Dec 23 06:30:45 UTC 2019
------------------ testing $PTII/ptolemy/domains/de/test/auto/TimerZeroDelay.xml
auto.tcl: Setting watchdog for 200 seconds at Mon Dec 23 06:30:45 UTC 2019
3 ms. Memory: 48128K Free: 30671K (64%)
ptolemy.util.test.WatchDog.cancel(): canceling Mon Dec 23 06:30:45 UTC 2019
auto.tcl: Setting watchdog for 200 seconds at Mon Dec 23 06:30:45 UTC 2019
2 ms. Memory: 48128K Free: 30241K (63%)
ptolemy.util.test.WatchDog.cancel(): canceling Mon Dec 23 06:30:45 UTC 2019
------------------ testing $PTII/ptolemy/domains/de/test/auto/TimingParadox.xml
auto.tcl: Setting watchdog for 200 seconds at Mon Dec 23 06:30:45 UTC 2019
254 ms. Memory: 48128K Free: 16349K (34%)
ptolemy.util.test.WatchDog.cancel(): canceling Mon Dec 23 06:30:45 UTC 2019
auto.tcl: Setting watchdog for 200 seconds at Mon Dec 23 06:30:45 UTC 2019
252 ms. Memory: 48128K Free: 30813K (64%)
ptolemy.util.test.WatchDog.cancel(): canceling Mon Dec 23 06:30:46 UTC 2019
------------------ testing $PTII/ptolemy/domains/de/test/auto/TransferInputs.xml
auto.tcl: Setting watchdog for 200 seconds at Mon Dec 23 06:30:46 UTC 2019
1 ms. Memory: 48128K Free: 28692K (60%)
ptolemy.util.test.WatchDog.cancel(): canceling Mon Dec 23 06:30:46 UTC 2019
auto.tcl: Setting watchdog for 200 seconds at Mon Dec 23 06:30:46 UTC 2019
1 ms. Memory: 48128K Free: 27817K (58%)
ptolemy.util.test.WatchDog.cancel(): canceling Mon Dec 23 06:30:46 UTC 2019
------------------ testing $PTII/ptolemy/domains/de/test/auto/TransferOutputs2.xml
auto.tcl: Setting watchdog for 200 seconds at Mon Dec 23 06:30:46 UTC 2019
9 ms. Memory: 48128K Free: 26150K (54%)
ptolemy.util.test.WatchDog.cancel(): canceling Mon Dec 23 06:30:46 UTC 2019
auto.tcl: Setting watchdog for 200 seconds at Mon Dec 23 06:30:46 UTC 2019
3 ms. Memory: 48128K Free: 24755K (51%)
ptolemy.util.test.WatchDog.cancel(): canceling Mon Dec 23 06:30:46 UTC 2019
------------------ testing $PTII/ptolemy/domains/de/test/auto/Trilateration.xml
auto.tcl: Setting watchdog for 200 seconds at Mon Dec 23 06:30:46 UTC 2019
11454 ms. Memory: 486400K Free: 277997K (57%)
ptolemy.util.test.WatchDog.cancel(): canceling Mon Dec 23 06:30:58 UTC 2019
auto.tcl: Setting watchdog for 200 seconds at Mon Dec 23 06:30:58 UTC 2019
8572 ms. Memory: 486400K Free: 255386K (53%)
ptolemy.util.test.WatchDog.cancel(): canceling Mon Dec 23 06:31:07 UTC 2019
------------------ testing $PTII/ptolemy/domains/de/test/auto/TwoSigmaDelta.xml
auto.tcl: Setting watchdog for 200 seconds at Mon Dec 23 06:31:07 UTC 2019
2246 ms. Memory: 89088K Free: 20224K (23%)
ptolemy.util.test.WatchDog.cancel(): canceling Mon Dec 23 06:31:09 UTC 2019
auto.tcl: Setting watchdog for 200 seconds at Mon Dec 23 06:31:09 UTC 2019
1774 ms. Memory: 89088K Free: 19177K (22%)
ptolemy.util.test.WatchDog.cancel(): canceling Mon Dec 23 06:31:11 UTC 2019
------------------ testing $PTII/ptolemy/domains/de/test/auto/VariableDelay.xml
auto.tcl: Setting watchdog for 200 seconds at Mon Dec 23 06:31:11 UTC 2019
3 ms. Memory: 55296K Free: 36354K (66%)
ptolemy.util.test.WatchDog.cancel(): canceling Mon Dec 23 06:31:11 UTC 2019
auto.tcl: Setting watchdog for 200 seconds at Mon Dec 23 06:31:11 UTC 2019
2 ms. Memory: 55296K Free: 35360K (64%)
ptolemy.util.test.WatchDog.cancel(): canceling Mon Dec 23 06:31:11 UTC 2019
------------------ testing $PTII/ptolemy/domains/de/test/auto/VariableDelay2.xml
auto.tcl: Setting watchdog for 200 seconds at Mon Dec 23 06:31:11 UTC 2019
2 ms. Memory: 55296K Free: 36488K (66%)
ptolemy.util.test.WatchDog.cancel(): canceling Mon Dec 23 06:31:11 UTC 2019
auto.tcl: Setting watchdog for 200 seconds at Mon Dec 23 06:31:11 UTC 2019
2 ms. Memory: 55296K Free: 35960K (65%)
ptolemy.util.test.WatchDog.cancel(): canceling Mon Dec 23 06:31:11 UTC 2019
------------------ testing $PTII/ptolemy/domains/de/test/auto/VariableDelayZeroDelay.xml
auto.tcl: Setting watchdog for 200 seconds at Mon Dec 23 06:31:11 UTC 2019
8 ms. Memory: 51200K Free: 32724K (64%)
ptolemy.util.test.WatchDog.cancel(): canceling Mon Dec 23 06:31:11 UTC 2019
auto.tcl: Setting watchdog for 200 seconds at Mon Dec 23 06:31:11 UTC 2019
2 ms. Memory: 51200K Free: 32178K (63%)
ptolemy.util.test.WatchDog.cancel(): canceling Mon Dec 23 06:31:11 UTC 2019
------------------ testing $PTII/ptolemy/domains/de/test/auto/VariableDelayZeroDelay2.xml
auto.tcl: Setting watchdog for 200 seconds at Mon Dec 23 06:31:11 UTC 2019
2 ms. Memory: 51200K Free: 32831K (64%)
ptolemy.util.test.WatchDog.cancel(): canceling Mon Dec 23 06:31:11 UTC 2019
auto.tcl: Setting watchdog for 200 seconds at Mon Dec 23 06:31:11 UTC 2019
1 ms. Memory: 51200K Free: 31700K (62%)
ptolemy.util.test.WatchDog.cancel(): canceling Mon Dec 23 06:31:11 UTC 2019
------------------ testing $PTII/ptolemy/domains/de/test/auto/deInCt.xml
auto.tcl: Setting watchdog for 200 seconds at Mon Dec 23 06:31:11 UTC 2019
0
1
1
0
0
0
0
1
1
1
1
0
0
0
0
1
1
1
0
0
0
0
1
1
1
1
0
0
0
0
0
12 ms. Memory: 51200K Free: 31697K (62%)
ptolemy.util.test.WatchDog.cancel(): canceling Mon Dec 23 06:31:11 UTC 2019
auto.tcl: Setting watchdog for 200 seconds at Mon Dec 23 06:31:11 UTC 2019
0
1
1
0
0
0
1
1
1
0
0
0
0
1
1
1
0
0
0
1
1
1
0
0
0
1
1
1
0
0
0
0
1
1
1
0
0
0
0
0
1
1
1
1
8 ms. Memory: 51200K Free: 30157K (59%)
ptolemy.util.test.WatchDog.cancel(): canceling Mon Dec 23 06:31:11 UTC 2019
------------------ testing $PTII/ptolemy/domains/de/test/auto/deInCt2.xml
auto.tcl: Setting watchdog for 200 seconds at Mon Dec 23 06:31:11 UTC 2019
0
1
1
1
0
0
1
1
1
0
0
1
1
1
0
0
1
1
1
0
0
1
1
1
0
0
1
1
1
0
0
1
1
1
0
0
1
1
1
0
0
0
8 ms. Memory: 51200K Free: 31789K (62%)
ptolemy.util.test.WatchDog.cancel(): canceling Mon Dec 23 06:31:11 UTC 2019
auto.tcl: Setting watchdog for 200 seconds at Mon Dec 23 06:31:11 UTC 2019
0
1
1
1
0
0
1
1
1
0
0
1
1
1
0
0
1
1
1
0
0
1
1
1
0
0
1
1
1
0
0
1
1
1
0
0
1
1
1
0
0
0
6 ms. Memory: 51200K Free: 30156K (59%)
ptolemy.util.test.WatchDog.cancel(): canceling Mon Dec 23 06:31:11 UTC 2019
------------------ testing $PTII/ptolemy/domains/de/test/auto/dynamicCausalityInterface1.xml
auto.tcl: Setting watchdog for 200 seconds at Mon Dec 23 06:31:11 UTC 2019
2 ms. Memory: 51200K Free: 27596K (54%)
ptolemy.util.test.WatchDog.cancel(): canceling Mon Dec 23 06:31:12 UTC 2019
auto.tcl: Setting watchdog for 200 seconds at Mon Dec 23 06:31:12 UTC 2019
1 ms. Memory: 51200K Free: 27094K (53%)
ptolemy.util.test.WatchDog.cancel(): canceling Mon Dec 23 06:31:12 UTC 2019
------------------ testing $PTII/ptolemy/domains/de/test/auto/fsm_de_test.xml
auto.tcl: Setting watchdog for 200 seconds at Mon Dec 23 06:31:12 UTC 2019
6 ms. Memory: 51200K Free: 27494K (54%)
ptolemy.util.test.WatchDog.cancel(): canceling Mon Dec 23 06:31:12 UTC 2019
auto.tcl: Setting watchdog for 200 seconds at Mon Dec 23 06:31:12 UTC 2019
5 ms. Memory: 51200K Free: 25446K (50%)
ptolemy.util.test.WatchDog.cancel(): canceling Mon Dec 23 06:31:12 UTC 2019
------------------ testing $PTII/ptolemy/domains/de/test/auto/functionDependencyReconstruction.xml
auto.tcl: Setting watchdog for 200 seconds at Mon Dec 23 06:31:12 UTC 2019
7 ms. Memory: 51200K Free: 21340K (42%)
ptolemy.util.test.WatchDog.cancel(): canceling Mon Dec 23 06:31:12 UTC 2019
auto.tcl: Setting watchdog for 200 seconds at Mon Dec 23 06:31:12 UTC 2019
2 ms. Memory: 51200K Free: 19292K (38%)
ptolemy.util.test.WatchDog.cancel(): canceling Mon Dec 23 06:31:12 UTC 2019
------------------ testing $PTII/ptolemy/domains/de/test/auto/multirate.xml
auto.tcl: Setting watchdog for 200 seconds at Mon Dec 23 06:31:12 UTC 2019
3 ms. Memory: 51200K Free: 30069K (59%)
ptolemy.util.test.WatchDog.cancel(): canceling Mon Dec 23 06:31:12 UTC 2019
auto.tcl: Setting watchdog for 200 seconds at Mon Dec 23 06:31:12 UTC 2019
3 ms. Memory: 51200K Free: 28390K (55%)
ptolemy.util.test.WatchDog.cancel(): canceling Mon Dec 23 06:31:12 UTC 2019
------------------ testing $PTII/ptolemy/domains/de/test/auto/multirate2.xml
auto.tcl: Setting watchdog for 200 seconds at Mon Dec 23 06:31:12 UTC 2019
5 ms. Memory: 51200K Free: 30329K (59%)
ptolemy.util.test.WatchDog.cancel(): canceling Mon Dec 23 06:31:12 UTC 2019
auto.tcl: Setting watchdog for 200 seconds at Mon Dec 23 06:31:12 UTC 2019
4 ms. Memory: 51200K Free: 28601K (56%)
ptolemy.util.test.WatchDog.cancel(): canceling Mon Dec 23 06:31:12 UTC 2019
------------------ testing $PTII/ptolemy/domains/de/test/auto/realtime.xml
auto.tcl: Setting watchdog for 200 seconds at Mon Dec 23 06:31:12 UTC 2019
10002 ms. Memory: 51200K Free: 32368K (63%)
ptolemy.util.test.WatchDog.cancel(): canceling Mon Dec 23 06:31:22 UTC 2019
auto.tcl: Setting watchdog for 200 seconds at Mon Dec 23 06:31:22 UTC 2019
10002 ms. Memory: 51200K Free: 31641K (62%)
ptolemy.util.test.WatchDog.cancel(): canceling Mon Dec 23 06:31:32 UTC 2019
------------------ testing $PTII/ptolemy/domains/de/test/auto/relationGroup.xml
auto.tcl: Setting watchdog for 200 seconds at Mon Dec 23 06:31:32 UTC 2019
1 ms. Memory: 51200K Free: 33425K (65%)
ptolemy.util.test.WatchDog.cancel(): canceling Mon Dec 23 06:31:32 UTC 2019
auto.tcl: Setting watchdog for 200 seconds at Mon Dec 23 06:31:32 UTC 2019
1 ms. Memory: 51200K Free: 32689K (64%)
ptolemy.util.test.WatchDog.cancel(): canceling Mon Dec 23 06:31:32 UTC 2019
------------------ testing $PTII/ptolemy/domains/de/test/auto/relationGroup2.xml
auto.tcl: Setting watchdog for 200 seconds at Mon Dec 23 06:31:32 UTC 2019
1 ms. Memory: 51200K Free: 33481K (65%)
ptolemy.util.test.WatchDog.cancel(): canceling Mon Dec 23 06:31:32 UTC 2019
auto.tcl: Setting watchdog for 200 seconds at Mon Dec 23 06:31:32 UTC 2019
1 ms. Memory: 51200K Free: 32978K (64%)
ptolemy.util.test.WatchDog.cancel(): canceling Mon Dec 23 06:31:32 UTC 2019
------------------ testing $PTII/ptolemy/domains/de/test/auto/sortWithOpaquePorts.xml
auto.tcl: Setting watchdog for 200 seconds at Mon Dec 23 06:31:32 UTC 2019
1 ms. Memory: 51200K Free: 32233K (63%)
ptolemy.util.test.WatchDog.cancel(): canceling Mon Dec 23 06:31:32 UTC 2019
auto.tcl: Setting watchdog for 200 seconds at Mon Dec 23 06:31:32 UTC 2019
2 ms. Memory: 51200K Free: 30700K (60%)
ptolemy.util.test.WatchDog.cancel(): canceling Mon Dec 23 06:31:32 UTC 2019
------------------ testing $PTII/ptolemy/domains/de/test/auto/transferInputsandOutputs.xml
auto.tcl: Setting watchdog for 200 seconds at Mon Dec 23 06:31:32 UTC 2019
4 ms. Memory: 51200K Free: 29664K (58%)
ptolemy.util.test.WatchDog.cancel(): canceling Mon Dec 23 06:31:32 UTC 2019
auto.tcl: Setting watchdog for 200 seconds at Mon Dec 23 06:31:32 UTC 2019
2 ms. Memory: 51200K Free: 28654K (56%)
ptolemy.util.test.WatchDog.cancel(): canceling Mon Dec 23 06:31:32 UTC 2019
------------------ testing $PTII/ptolemy/domains/de/test/auto/triggerType.xml
auto.tcl: Setting watchdog for 200 seconds at Mon Dec 23 06:31:32 UTC 2019
2 ms. Memory: 51200K Free: 32687K (64%)
ptolemy.util.test.WatchDog.cancel(): canceling Mon Dec 23 06:31:32 UTC 2019
auto.tcl: Setting watchdog for 200 seconds at Mon Dec 23 06:31:32 UTC 2019
2 ms. Memory: 51200K Free: 31672K (62%)
ptolemy.util.test.WatchDog.cancel(): canceling Mon Dec 23 06:31:32 UTC 2019
12/23/19 06:31:32
Failed: 0  Total Tests: 192  ((Passed: 187, Newly Passed: 1)  Known Failed: 5) /home/travis/build/icyphy/ptII/ptolemy/domains/de/test
12/23/19 06:31:32
Failed: 0  Total Tests: 192  ((Passed: 187, Newly Passed: 1)  Known Failed: 5) /home/travis/build/icyphy/ptII/ptolemy/domains/de/test
----------------- testing (KnownFailure) /home/travis/build/icyphy/ptII/ptolemy/domains/de/test/auto/knownFailedTests/DESDFClockTest.xml
2008 ms. Memory: 51200K Free: 26082K (51%)
Known Failure: java.lang.reflect.InvocationTargetException
----------------- testing (KnownFailure) /home/travis/build/icyphy/ptII/ptolemy/domains/de/test/auto/knownFailedTests/DirectFeedback.xml
2 ms. Memory: 51200K Free: 21986K (43%)
Known Failure: java.lang.reflect.InvocationTargetException
----------------- testing (KnownFailure) /home/travis/build/icyphy/ptII/ptolemy/domains/de/test/auto/knownFailedTests/FSMSource.xml
6 ms. Memory: 51200K Free: 14308K (28%)
----------------- testing (KnownFailure) /home/travis/build/icyphy/ptII/ptolemy/domains/de/test/auto/knownFailedTests/HierarchicalModel.xml
3 ms. Memory: 51200K Free: 26301K (51%)
Known Failure: java.lang.reflect.InvocationTargetException
----------------- testing (KnownFailure) /home/travis/build/icyphy/ptII/ptolemy/domains/de/test/auto/knownFailedTests/dependencyLoop.xml
3 ms. Memory: 51200K Free: 10847K (21%)
Known Failure: java.lang.reflect.InvocationTargetException
----------------- testing (KnownFailure) /home/travis/build/icyphy/ptII/ptolemy/domains/de/test/auto/knownFailedTests/dependencyLoop2.xml
4 ms. Memory: 51200K Free: 23783K (46%)
Known Failure: java.lang.reflect.InvocationTargetException
No auto/linux-amd64/*.xml tests in /home/travis/build/icyphy/ptII/ptolemy/domains/de/test
AutoTests.java: About to close Vertx.
AutoTests.java: Vertx closed.

===========================================================================================
----------------- testing Mon Dec 23 06:31:34 UTC 2019 /home/travis/build/icyphy/ptII/ptolemy/domains/de/test/auto/ActorDepthCalculation_actorWithoutPorts.xml
----------------- Instantiating /home/travis/build/icyphy/ptII/ptolemy/domains/de/test/auto/ActorDepthCalculation_actorWithoutPorts.xml
3 ms. Memory: 51200K Free: 17083K (33%)
----------------- Invoking toplevel() on ptolemy.moml.MoMLSimpleApplication@3f8ab9c0
----------------- Done invoking toplevel() on ptolemy.moml.MoMLSimpleApplication@3f8ab9c0
reloadAllAccessors: .ActorDepthCalculation_actorWithoutPorts

===========================================================================================
----------------- testing Mon Dec 23 06:31:35 UTC 2019 /home/travis/build/icyphy/ptII/ptolemy/domains/de/test/auto/AssemblyLine.xml
----------------- Instantiating /home/travis/build/icyphy/ptII/ptolemy/domains/de/test/auto/AssemblyLine.xml
3 ms. Memory: 51200K Free: 10170K (20%)
----------------- Invoking toplevel() on ptolemy.moml.MoMLSimpleApplication@365febb1
----------------- Done invoking toplevel() on ptolemy.moml.MoMLSimpleApplication@365febb1
reloadAllAccessors: .AssemblyLine

===========================================================================================
----------------- testing Mon Dec 23 06:31:35 UTC 2019 /home/travis/build/icyphy/ptII/ptolemy/domains/de/test/auto/CQBug1.xml
----------------- Instantiating /home/travis/build/icyphy/ptII/ptolemy/domains/de/test/auto/CQBug1.xml
1 ms. Memory: 51200K Free: 34737K (68%)
----------------- Invoking toplevel() on ptolemy.moml.MoMLSimpleApplication@5fed3a83
----------------- Done invoking toplevel() on ptolemy.moml.MoMLSimpleApplication@5fed3a83
reloadAllAccessors: .CQBug1

===========================================================================================
----------------- testing Mon Dec 23 06:31:35 UTC 2019 /home/travis/build/icyphy/ptII/ptolemy/domains/de/test/auto/CancelFireAt.xml
----------------- Instantiating /home/travis/build/icyphy/ptII/ptolemy/domains/de/test/auto/CancelFireAt.xml
9 ms. Memory: 51200K Free: 32423K (63%)
----------------- Invoking toplevel() on ptolemy.moml.MoMLSimpleApplication@5f28106a
----------------- Done invoking toplevel() on ptolemy.moml.MoMLSimpleApplication@5f28106a
reloadAllAccessors: .CancelFireAt

===========================================================================================
----------------- testing Mon Dec 23 06:31:35 UTC 2019 /home/travis/build/icyphy/ptII/ptolemy/domains/de/test/auto/CausalityAndComposabilityAnalysis.xml
----------------- Instantiating /home/travis/build/icyphy/ptII/ptolemy/domains/de/test/auto/CausalityAndComposabilityAnalysis.xml
2 ms. Memory: 51200K Free: 28049K (55%)
----------------- Invoking toplevel() on ptolemy.moml.MoMLSimpleApplication@1e8a967f
----------------- Done invoking toplevel() on ptolemy.moml.MoMLSimpleApplication@1e8a967f
reloadAllAccessors: .CausalityAndComposabilityAnalysis

===========================================================================================
----------------- testing Mon Dec 23 06:31:35 UTC 2019 /home/travis/build/icyphy/ptII/ptolemy/domains/de/test/auto/CausalityInterface1.xml
----------------- Instantiating /home/travis/build/icyphy/ptII/ptolemy/domains/de/test/auto/CausalityInterface1.xml
6 ms. Memory: 51200K Free: 22929K (45%)
----------------- Invoking toplevel() on ptolemy.moml.MoMLSimpleApplication@5bfde55c
----------------- Done invoking toplevel() on ptolemy.moml.MoMLSimpleApplication@5bfde55c
reloadAllAccessors: .CausalityInterface1

===========================================================================================
----------------- testing Mon Dec 23 06:31:35 UTC 2019 /home/travis/build/icyphy/ptII/ptolemy/domains/de/test/auto/CausalityInterface15.xml
----------------- Instantiating /home/travis/build/icyphy/ptII/ptolemy/domains/de/test/auto/CausalityInterface15.xml
2 ms. Memory: 51200K Free: 17470K (34%)
----------------- Invoking toplevel() on ptolemy.moml.MoMLSimpleApplication@3824af04
----------------- Done invoking toplevel() on ptolemy.moml.MoMLSimpleApplication@3824af04
reloadAllAccessors: .CausalityInterface15

===========================================================================================
----------------- testing Mon Dec 23 06:31:35 UTC 2019 /home/travis/build/icyphy/ptII/ptolemy/domains/de/test/auto/CausalityInterface2.xml
----------------- Instantiating /home/travis/build/icyphy/ptII/ptolemy/domains/de/test/auto/CausalityInterface2.xml
1 ms. Memory: 51200K Free: 12967K (25%)
----------------- Invoking toplevel() on ptolemy.moml.MoMLSimpleApplication@5a4f43fc
----------------- Done invoking toplevel() on ptolemy.moml.MoMLSimpleApplication@5a4f43fc
reloadAllAccessors: .CausalityInterface2

===========================================================================================
----------------- testing Mon Dec 23 06:31:35 UTC 2019 /home/travis/build/icyphy/ptII/ptolemy/domains/de/test/auto/CausalityInterface3.xml
----------------- Instantiating /home/travis/build/icyphy/ptII/ptolemy/domains/de/test/auto/CausalityInterface3.xml
5 ms. Memory: 51200K Free: 35752K (70%)
----------------- Invoking toplevel() on ptolemy.moml.MoMLSimpleApplication@38dc0131
----------------- Done invoking toplevel() on ptolemy.moml.MoMLSimpleApplication@38dc0131
reloadAllAccessors: .CausalityInterface3

===========================================================================================
----------------- testing Mon Dec 23 06:31:35 UTC 2019 /home/travis/build/icyphy/ptII/ptolemy/domains/de/test/auto/ClockDrift.xml
----------------- Instantiating /home/travis/build/icyphy/ptII/ptolemy/domains/de/test/auto/ClockDrift.xml
15 ms. Memory: 51200K Free: 23765K (46%)
----------------- Invoking toplevel() on ptolemy.moml.MoMLSimpleApplication@66f52a34
----------------- Done invoking toplevel() on ptolemy.moml.MoMLSimpleApplication@66f52a34
reloadAllAccessors: .ClockDrift

===========================================================================================
----------------- testing Mon Dec 23 06:31:35 UTC 2019 /home/travis/build/icyphy/ptII/ptolemy/domains/de/test/auto/ClockDriftAndValueChange.xml
----------------- Instantiating /home/travis/build/icyphy/ptII/ptolemy/domains/de/test/auto/ClockDriftAndValueChange.xml
9 ms. Memory: 51200K Free: 12110K (24%)
----------------- Invoking toplevel() on ptolemy.moml.MoMLSimpleApplication@26cbd167
----------------- Done invoking toplevel() on ptolemy.moml.MoMLSimpleApplication@26cbd167
reloadAllAccessors: .ClockDriftAndValueChange

===========================================================================================
----------------- testing Mon Dec 23 06:31:35 UTC 2019 /home/travis/build/icyphy/ptII/ptolemy/domains/de/test/auto/ClockDriftChange.xml
----------------- Instantiating /home/travis/build/icyphy/ptII/ptolemy/domains/de/test/auto/ClockDriftChange.xml
7 ms. Memory: 51200K Free: 29706K (58%)
----------------- Invoking toplevel() on ptolemy.moml.MoMLSimpleApplication@71311069
----------------- Done invoking toplevel() on ptolemy.moml.MoMLSimpleApplication@71311069
reloadAllAccessors: .ClockDriftChange

===========================================================================================
----------------- testing Mon Dec 23 06:31:35 UTC 2019 /home/travis/build/icyphy/ptII/ptolemy/domains/de/test/auto/ComposableCausalityAnalysis.xml
----------------- Instantiating /home/travis/build/icyphy/ptII/ptolemy/domains/de/test/auto/ComposableCausalityAnalysis.xml
1 ms. Memory: 51200K Free: 23930K (47%)
----------------- Invoking toplevel() on ptolemy.moml.MoMLSimpleApplication@6ccdea79
----------------- Done invoking toplevel() on ptolemy.moml.MoMLSimpleApplication@6ccdea79
reloadAllAccessors: .ComposableCausalityAnalysis

===========================================================================================
----------------- testing Mon Dec 23 06:31:35 UTC 2019 /home/travis/build/icyphy/ptII/ptolemy/domains/de/test/auto/DEFixedPointLimitation.xml
----------------- Instantiating /home/travis/build/icyphy/ptII/ptolemy/domains/de/test/auto/DEFixedPointLimitation.xml
0 ms. Memory: 51200K Free: 19347K (38%)
----------------- Invoking toplevel() on ptolemy.moml.MoMLSimpleApplication@692ba54e
----------------- Done invoking toplevel() on ptolemy.moml.MoMLSimpleApplication@692ba54e
reloadAllAccessors: .DEFixedPointLimitation

===========================================================================================
----------------- testing Mon Dec 23 06:31:35 UTC 2019 /home/travis/build/icyphy/ptII/ptolemy/domains/de/test/auto/DEScheduleTest.xml
----------------- Instantiating /home/travis/build/icyphy/ptII/ptolemy/domains/de/test/auto/DEScheduleTest.xml
2 ms. Memory: 51200K Free: 15099K (29%)
----------------- Invoking toplevel() on ptolemy.moml.MoMLSimpleApplication@4d980ea1
----------------- Done invoking toplevel() on ptolemy.moml.MoMLSimpleApplication@4d980ea1
reloadAllAccessors: .DEScheduleTest

===========================================================================================
----------------- testing Mon Dec 23 06:31:35 UTC 2019 /home/travis/build/icyphy/ptII/ptolemy/domains/de/test/auto/DEinDEwithStartTimes.xml
----------------- Instantiating /home/travis/build/icyphy/ptII/ptolemy/domains/de/test/auto/DEinDEwithStartTimes.xml
2 ms. Memory: 51200K Free: 9370K (18%)
----------------- Invoking toplevel() on ptolemy.moml.MoMLSimpleApplication@43d3a007
----------------- Done invoking toplevel() on ptolemy.moml.MoMLSimpleApplication@43d3a007
reloadAllAccessors: .DEinDEwithStartTimes

===========================================================================================
----------------- testing Mon Dec 23 06:31:35 UTC 2019 /home/travis/build/icyphy/ptII/ptolemy/domains/de/test/auto/DEinDEwithStartTimes2.xml
----------------- Instantiating /home/travis/build/icyphy/ptII/ptolemy/domains/de/test/auto/DEinDEwithStartTimes2.xml
2 ms. Memory: 51200K Free: 30517K (60%)
----------------- Invoking toplevel() on ptolemy.moml.MoMLSimpleApplication@10d87d08
----------------- Done invoking toplevel() on ptolemy.moml.MoMLSimpleApplication@10d87d08
reloadAllAccessors: .DEinDEwithStartTimes2

===========================================================================================
----------------- testing Mon Dec 23 06:31:35 UTC 2019 /home/travis/build/icyphy/ptII/ptolemy/domains/de/test/auto/DateDemo.xml
----------------- Instantiating /home/travis/build/icyphy/ptII/ptolemy/domains/de/test/auto/DateDemo.xml
12 ms. Memory: 51200K Free: 19300K (38%)
----------------- Invoking toplevel() on ptolemy.moml.MoMLSimpleApplication@50eeb5d9
----------------- Done invoking toplevel() on ptolemy.moml.MoMLSimpleApplication@50eeb5d9
reloadAllAccessors: .DateDemo

===========================================================================================
----------------- testing Mon Dec 23 06:31:35 UTC 2019 /home/travis/build/icyphy/ptII/ptolemy/domains/de/test/auto/DateToEvent.xml
----------------- Instantiating /home/travis/build/icyphy/ptII/ptolemy/domains/de/test/auto/DateToEvent.xml
2003 ms. Memory: 51200K Free: 30374K (59%)
----------------- Invoking toplevel() on ptolemy.moml.MoMLSimpleApplication@d653e8c
----------------- Done invoking toplevel() on ptolemy.moml.MoMLSimpleApplication@d653e8c
reloadAllAccessors: .DateToEvent

===========================================================================================
----------------- testing Mon Dec 23 06:31:37 UTC 2019 /home/travis/build/icyphy/ptII/ptolemy/domains/de/test/auto/DepthTest1.xml
----------------- Instantiating /home/travis/build/icyphy/ptII/ptolemy/domains/de/test/auto/DepthTest1.xml
1 ms. Memory: 51200K Free: 27627K (54%)
----------------- Invoking toplevel() on ptolemy.moml.MoMLSimpleApplication@2d7709b0
----------------- Done invoking toplevel() on ptolemy.moml.MoMLSimpleApplication@2d7709b0
reloadAllAccessors: .DepthTest1

===========================================================================================
----------------- testing Mon Dec 23 06:31:37 UTC 2019 /home/travis/build/icyphy/ptII/ptolemy/domains/de/test/auto/DepthTest2.xml
----------------- Instantiating /home/travis/build/icyphy/ptII/ptolemy/domains/de/test/auto/DepthTest2.xml
1 ms. Memory: 51200K Free: 21104K (41%)
----------------- Invoking toplevel() on ptolemy.moml.MoMLSimpleApplication@312e480
----------------- Done invoking toplevel() on ptolemy.moml.MoMLSimpleApplication@312e480
reloadAllAccessors: .DepthTest2

===========================================================================================
----------------- testing Mon Dec 23 06:31:37 UTC 2019 /home/travis/build/icyphy/ptII/ptolemy/domains/de/test/auto/DepthTest3.xml
----------------- Instantiating /home/travis/build/icyphy/ptII/ptolemy/domains/de/test/auto/DepthTest3.xml
1 ms. Memory: 51200K Free: 18201K (36%)
----------------- Invoking toplevel() on ptolemy.moml.MoMLSimpleApplication@35303882
----------------- Done invoking toplevel() on ptolemy.moml.MoMLSimpleApplication@35303882
reloadAllAccessors: .DepthTest3

===========================================================================================
----------------- testing Mon Dec 23 06:31:37 UTC 2019 /home/travis/build/icyphy/ptII/ptolemy/domains/de/test/auto/DepthTest4.xml
----------------- Instantiating /home/travis/build/icyphy/ptII/ptolemy/domains/de/test/auto/DepthTest4.xml
2 ms. Memory: 51200K Free: 13307K (26%)
----------------- Invoking toplevel() on ptolemy.moml.MoMLSimpleApplication@75522705
----------------- Done invoking toplevel() on ptolemy.moml.MoMLSimpleApplication@75522705
reloadAllAccessors: .DepthTest4

===========================================================================================
----------------- testing Mon Dec 23 06:31:37 UTC 2019 /home/travis/build/icyphy/ptII/ptolemy/domains/de/test/auto/DepthTest5.xml
----------------- Instantiating /home/travis/build/icyphy/ptII/ptolemy/domains/de/test/auto/DepthTest5.xml
2 ms. Memory: 51200K Free: 35081K (69%)
----------------- Invoking toplevel() on ptolemy.moml.MoMLSimpleApplication@7f3b9689
----------------- Done invoking toplevel() on ptolemy.moml.MoMLSimpleApplication@7f3b9689
reloadAllAccessors: .DepthTest5

===========================================================================================
----------------- testing Mon Dec 23 06:31:37 UTC 2019 /home/travis/build/icyphy/ptII/ptolemy/domains/de/test/auto/DepthTest6.xml
----------------- Instantiating /home/travis/build/icyphy/ptII/ptolemy/domains/de/test/auto/DepthTest6.xml
2 ms. Memory: 51200K Free: 29713K (58%)
----------------- Invoking toplevel() on ptolemy.moml.MoMLSimpleApplication@1d86a005
----------------- Done invoking toplevel() on ptolemy.moml.MoMLSimpleApplication@1d86a005
reloadAllAccessors: .DepthTest6

===========================================================================================
----------------- testing Mon Dec 23 06:31:37 UTC 2019 /home/travis/build/icyphy/ptII/ptolemy/domains/de/test/auto/DepthTest7.xml
----------------- Instantiating /home/travis/build/icyphy/ptII/ptolemy/domains/de/test/auto/DepthTest7.xml
1 ms. Memory: 51200K Free: 25020K (49%)
----------------- Invoking toplevel() on ptolemy.moml.MoMLSimpleApplication@2f7fcdda
----------------- Done invoking toplevel() on ptolemy.moml.MoMLSimpleApplication@2f7fcdda
reloadAllAccessors: .DepthTest7

===========================================================================================
----------------- testing Mon Dec 23 06:31:37 UTC 2019 /home/travis/build/icyphy/ptII/ptolemy/domains/de/test/auto/EventToDate.xml
----------------- Instantiating /home/travis/build/icyphy/ptII/ptolemy/domains/de/test/auto/EventToDate.xml
3004 ms. Memory: 51200K Free: 11515K (22%)
----------------- Invoking toplevel() on ptolemy.moml.MoMLSimpleApplication@7be2417e
----------------- Done invoking toplevel() on ptolemy.moml.MoMLSimpleApplication@7be2417e
reloadAllAccessors: .EventToDate

===========================================================================================
----------------- testing Mon Dec 23 06:31:40 UTC 2019 /home/travis/build/icyphy/ptII/ptolemy/domains/de/test/auto/FSM1.xml
----------------- Instantiating /home/travis/build/icyphy/ptII/ptolemy/domains/de/test/auto/FSM1.xml
28 ms. Memory: 51200K Free: 26065K (51%)
----------------- Invoking toplevel() on ptolemy.moml.MoMLSimpleApplication@7954ba48
----------------- Done invoking toplevel() on ptolemy.moml.MoMLSimpleApplication@7954ba48
reloadAllAccessors: .FSM1

===========================================================================================
----------------- testing Mon Dec 23 06:31:40 UTC 2019 /home/travis/build/icyphy/ptII/ptolemy/domains/de/test/auto/FSM7.xml
----------------- Instantiating /home/travis/build/icyphy/ptII/ptolemy/domains/de/test/auto/FSM7.xml
12 ms. Memory: 51200K Free: 13786K (27%)
----------------- Invoking toplevel() on ptolemy.moml.MoMLSimpleApplication@399ebbab
----------------- Done invoking toplevel() on ptolemy.moml.MoMLSimpleApplication@399ebbab
reloadAllAccessors: .FSM7

===========================================================================================
----------------- testing Mon Dec 23 06:31:40 UTC 2019 /home/travis/build/icyphy/ptII/ptolemy/domains/de/test/auto/Inspection.xml
----------------- Instantiating /home/travis/build/icyphy/ptII/ptolemy/domains/de/test/auto/Inspection.xml
20 ms. Memory: 51200K Free: 28270K (55%)
----------------- Invoking toplevel() on ptolemy.moml.MoMLSimpleApplication@6ea9a509
----------------- Done invoking toplevel() on ptolemy.moml.MoMLSimpleApplication@6ea9a509
reloadAllAccessors: .Inspection

===========================================================================================
----------------- testing Mon Dec 23 06:31:40 UTC 2019 /home/travis/build/icyphy/ptII/ptolemy/domains/de/test/auto/Iteration.xml
----------------- Instantiating /home/travis/build/icyphy/ptII/ptolemy/domains/de/test/auto/Iteration.xml
12 ms. Memory: 51200K Free: 21048K (41%)
----------------- Invoking toplevel() on ptolemy.moml.MoMLSimpleApplication@2b3b6ed
----------------- Done invoking toplevel() on ptolemy.moml.MoMLSimpleApplication@2b3b6ed
reloadAllAccessors: .Iteration

===========================================================================================
----------------- testing Mon Dec 23 06:31:40 UTC 2019 /home/travis/build/icyphy/ptII/ptolemy/domains/de/test/auto/LineFault.xml
----------------- Instantiating /home/travis/build/icyphy/ptII/ptolemy/domains/de/test/auto/LineFault.xml
402 ms. Memory: 51200K Free: 33527K (65%)
----------------- Invoking toplevel() on ptolemy.moml.MoMLSimpleApplication@1ca8edcd
----------------- Done invoking toplevel() on ptolemy.moml.MoMLSimpleApplication@1ca8edcd
reloadAllAccessors: .LineFault

===========================================================================================
----------------- testing Mon Dec 23 06:31:41 UTC 2019 /home/travis/build/icyphy/ptII/ptolemy/domains/de/test/auto/MergeModel1Add.xml
----------------- Instantiating /home/travis/build/icyphy/ptII/ptolemy/domains/de/test/auto/MergeModel1Add.xml
6 ms. Memory: 51200K Free: 14601K (29%)
----------------- Invoking toplevel() on ptolemy.moml.MoMLSimpleApplication@6ddd2f89
----------------- Done invoking toplevel() on ptolemy.moml.MoMLSimpleApplication@6ddd2f89
reloadAllAccessors: .MergeModel1Add

===========================================================================================
----------------- testing Mon Dec 23 06:31:41 UTC 2019 /home/travis/build/icyphy/ptII/ptolemy/domains/de/test/auto/MergeModel2Add.xml
----------------- Instantiating /home/travis/build/icyphy/ptII/ptolemy/domains/de/test/auto/MergeModel2Add.xml
4 ms. Memory: 51200K Free: 22640K (44%)
----------------- Invoking toplevel() on ptolemy.moml.MoMLSimpleApplication@376ef15e
----------------- Done invoking toplevel() on ptolemy.moml.MoMLSimpleApplication@376ef15e
reloadAllAccessors: .MergeModel2Add

===========================================================================================
----------------- testing Mon Dec 23 06:31:41 UTC 2019 /home/travis/build/icyphy/ptII/ptolemy/domains/de/test/auto/MergeModel3Add.xml
----------------- Instantiating /home/travis/build/icyphy/ptII/ptolemy/domains/de/test/auto/MergeModel3Add.xml
5 ms. Memory: 51200K Free: 30190K (59%)
----------------- Invoking toplevel() on ptolemy.moml.MoMLSimpleApplication@3a27286f
----------------- Done invoking toplevel() on ptolemy.moml.MoMLSimpleApplication@3a27286f
reloadAllAccessors: .MergeModel3Add

===========================================================================================
----------------- testing Mon Dec 23 06:31:41 UTC 2019 /home/travis/build/icyphy/ptII/ptolemy/domains/de/test/auto/MergeWithoutDiscard.xml
----------------- Instantiating /home/travis/build/icyphy/ptII/ptolemy/domains/de/test/auto/MergeWithoutDiscard.xml
1 ms. Memory: 51200K Free: 26083K (51%)
----------------- Invoking toplevel() on ptolemy.moml.MoMLSimpleApplication@2c164d7e
----------------- Done invoking toplevel() on ptolemy.moml.MoMLSimpleApplication@2c164d7e
reloadAllAccessors: .MergeWithoutDiscard

===========================================================================================
----------------- testing Mon Dec 23 06:31:41 UTC 2019 /home/travis/build/icyphy/ptII/ptolemy/domains/de/test/auto/Modal1.xml
----------------- Instantiating /home/travis/build/icyphy/ptII/ptolemy/domains/de/test/auto/Modal1.xml
9 ms. Memory: 51200K Free: 14067K (27%)
----------------- Invoking toplevel() on ptolemy.moml.MoMLSimpleApplication@7d434ff5
----------------- Done invoking toplevel() on ptolemy.moml.MoMLSimpleApplication@7d434ff5
reloadAllAccessors: .Modal1

===========================================================================================
----------------- testing Mon Dec 23 06:31:41 UTC 2019 /home/travis/build/icyphy/ptII/ptolemy/domains/de/test/auto/Modal2.xml
----------------- Instantiating /home/travis/build/icyphy/ptII/ptolemy/domains/de/test/auto/Modal2.xml
8 ms. Memory: 51200K Free: 26836K (52%)
----------------- Invoking toplevel() on ptolemy.moml.MoMLSimpleApplication@32b8d878
----------------- Done invoking toplevel() on ptolemy.moml.MoMLSimpleApplication@32b8d878
reloadAllAccessors: .Modal2

===========================================================================================
----------------- testing Mon Dec 23 06:31:41 UTC 2019 /home/travis/build/icyphy/ptII/ptolemy/domains/de/test/auto/Modal3.xml
----------------- Instantiating /home/travis/build/icyphy/ptII/ptolemy/domains/de/test/auto/Modal3.xml
9 ms. Memory: 51200K Free: 14755K (29%)
----------------- Invoking toplevel() on ptolemy.moml.MoMLSimpleApplication@75d2a5de
----------------- Done invoking toplevel() on ptolemy.moml.MoMLSimpleApplication@75d2a5de
reloadAllAccessors: .Modal3

===========================================================================================
----------------- testing Mon Dec 23 06:31:41 UTC 2019 /home/travis/build/icyphy/ptII/ptolemy/domains/de/test/auto/Modal4.xml
----------------- Instantiating /home/travis/build/icyphy/ptII/ptolemy/domains/de/test/auto/Modal4.xml
10 ms. Memory: 51200K Free: 26583K (52%)
----------------- Invoking toplevel() on ptolemy.moml.MoMLSimpleApplication@70de3be0
----------------- Done invoking toplevel() on ptolemy.moml.MoMLSimpleApplication@70de3be0
reloadAllAccessors: .Modal4

===========================================================================================
----------------- testing Mon Dec 23 06:31:41 UTC 2019 /home/travis/build/icyphy/ptII/ptolemy/domains/de/test/auto/Modal5.xml
----------------- Instantiating /home/travis/build/icyphy/ptII/ptolemy/domains/de/test/auto/Modal5.xml
9 ms. Memory: 51200K Free: 13548K (26%)
----------------- Invoking toplevel() on ptolemy.moml.MoMLSimpleApplication@c0e746f
----------------- Done invoking toplevel() on ptolemy.moml.MoMLSimpleApplication@c0e746f
reloadAllAccessors: .Modal5

===========================================================================================
----------------- testing Mon Dec 23 06:31:41 UTC 2019 /home/travis/build/icyphy/ptII/ptolemy/domains/de/test/auto/Modal6.xml
----------------- Instantiating /home/travis/build/icyphy/ptII/ptolemy/domains/de/test/auto/Modal6.xml
8 ms. Memory: 51200K Free: 25778K (50%)
----------------- Invoking toplevel() on ptolemy.moml.MoMLSimpleApplication@36519ff6
----------------- Done invoking toplevel() on ptolemy.moml.MoMLSimpleApplication@36519ff6
reloadAllAccessors: .Modal6

===========================================================================================
----------------- testing Mon Dec 23 06:31:41 UTC 2019 /home/travis/build/icyphy/ptII/ptolemy/domains/de/test/auto/Modal7.xml
----------------- Instantiating /home/travis/build/icyphy/ptII/ptolemy/domains/de/test/auto/Modal7.xml
6 ms. Memory: 51200K Free: 12204K (24%)
----------------- Invoking toplevel() on ptolemy.moml.MoMLSimpleApplication@1c47b5e6
----------------- Done invoking toplevel() on ptolemy.moml.MoMLSimpleApplication@1c47b5e6
reloadAllAccessors: .Modal7

===========================================================================================
----------------- testing Mon Dec 23 06:31:41 UTC 2019 /home/travis/build/icyphy/ptII/ptolemy/domains/de/test/auto/ModalModel.xml
----------------- Instantiating /home/travis/build/icyphy/ptII/ptolemy/domains/de/test/auto/ModalModel.xml
115 ms. Memory: 61440K Free: 41842K (68%)
----------------- Invoking toplevel() on ptolemy.moml.MoMLSimpleApplication@7fc82954
----------------- Done invoking toplevel() on ptolemy.moml.MoMLSimpleApplication@7fc82954
reloadAllAccessors: .ModalModel

===========================================================================================
----------------- testing Mon Dec 23 06:31:41 UTC 2019 /home/travis/build/icyphy/ptII/ptolemy/domains/de/test/auto/ModalSource.xml
----------------- Instantiating /home/travis/build/icyphy/ptII/ptolemy/domains/de/test/auto/ModalSource.xml
4 ms. Memory: 61440K Free: 33502K (55%)
----------------- Invoking toplevel() on ptolemy.moml.MoMLSimpleApplication@596bac31
----------------- Done invoking toplevel() on ptolemy.moml.MoMLSimpleApplication@596bac31
reloadAllAccessors: .ModalSource

===========================================================================================
----------------- testing Mon Dec 23 06:31:41 UTC 2019 /home/travis/build/icyphy/ptII/ptolemy/domains/de/test/auto/NonInterruptibleTimerZeroDelay.xml
----------------- Instantiating /home/travis/build/icyphy/ptII/ptolemy/domains/de/test/auto/NonInterruptibleTimerZeroDelay.xml
2 ms. Memory: 61440K Free: 29779K (48%)
----------------- Invoking toplevel() on ptolemy.moml.MoMLSimpleApplication@33e50be4
----------------- Done invoking toplevel() on ptolemy.moml.MoMLSimpleApplication@33e50be4
reloadAllAccessors: .NonInterruptibleTimerZeroDelay

===========================================================================================
----------------- testing Mon Dec 23 06:31:41 UTC 2019 /home/travis/build/icyphy/ptII/ptolemy/domains/de/test/auto/OpenQueueingNetwork.xml
----------------- Instantiating /home/travis/build/icyphy/ptII/ptolemy/domains/de/test/auto/OpenQueueingNetwork.xml
2191 ms. Memory: 126976K Free: 94967K (75%)
----------------- Invoking toplevel() on ptolemy.moml.MoMLSimpleApplication@9533392
----------------- Done invoking toplevel() on ptolemy.moml.MoMLSimpleApplication@9533392
reloadAllAccessors: .OpenQueueingNetwork

===========================================================================================
----------------- testing Mon Dec 23 06:31:44 UTC 2019 /home/travis/build/icyphy/ptII/ptolemy/domains/de/test/auto/OpenQueuingNetwork.xml
----------------- Instantiating /home/travis/build/icyphy/ptII/ptolemy/domains/de/test/auto/OpenQueuingNetwork.xml
212 ms. Memory: 126976K Free: 88299K (70%)
----------------- Invoking toplevel() on ptolemy.moml.MoMLSimpleApplication@78adb40f
----------------- Done invoking toplevel() on ptolemy.moml.MoMLSimpleApplication@78adb40f
reloadAllAccessors: .OpenQueuingNetwork

===========================================================================================
----------------- testing Mon Dec 23 06:31:44 UTC 2019 /home/travis/build/icyphy/ptII/ptolemy/domains/de/test/auto/PeriodicSampler.xml
----------------- Instantiating /home/travis/build/icyphy/ptII/ptolemy/domains/de/test/auto/PeriodicSampler.xml
2 ms. Memory: 126976K Free: 83693K (66%)
----------------- Invoking toplevel() on ptolemy.moml.MoMLSimpleApplication@539e6cb1
----------------- Done invoking toplevel() on ptolemy.moml.MoMLSimpleApplication@539e6cb1
reloadAllAccessors: .PeriodicSampler

===========================================================================================
----------------- testing Mon Dec 23 06:31:44 UTC 2019 /home/travis/build/icyphy/ptII/ptolemy/domains/de/test/auto/PersistentIO.xml
----------------- Instantiating /home/travis/build/icyphy/ptII/ptolemy/domains/de/test/auto/PersistentIO.xml
4 ms. Memory: 126976K Free: 73933K (58%)
----------------- Invoking toplevel() on ptolemy.moml.MoMLSimpleApplication@571fca9d
----------------- Done invoking toplevel() on ptolemy.moml.MoMLSimpleApplication@571fca9d
reloadAllAccessors: .PersistentIO

===========================================================================================
----------------- testing Mon Dec 23 06:31:44 UTC 2019 /home/travis/build/icyphy/ptII/ptolemy/domains/de/test/auto/PortParameterResetOnInitialize.xml
----------------- Instantiating /home/travis/build/icyphy/ptII/ptolemy/domains/de/test/auto/PortParameterResetOnInitialize.xml
7 ms. Memory: 126976K Free: 69357K (55%)
----------------- Invoking toplevel() on ptolemy.moml.MoMLSimpleApplication@5d897cb7
----------------- Done invoking toplevel() on ptolemy.moml.MoMLSimpleApplication@5d897cb7
reloadAllAccessors: .PortParameterResetOnInitialize

===========================================================================================
----------------- testing Mon Dec 23 06:31:44 UTC 2019 /home/travis/build/icyphy/ptII/ptolemy/domains/de/test/auto/PortParameterUpdates.xml
----------------- Instantiating /home/travis/build/icyphy/ptII/ptolemy/domains/de/test/auto/PortParameterUpdates.xml
3 ms. Memory: 126976K Free: 62685K (49%)
----------------- Invoking toplevel() on ptolemy.moml.MoMLSimpleApplication@5470a97a
----------------- Done invoking toplevel() on ptolemy.moml.MoMLSimpleApplication@5470a97a
reloadAllAccessors: .PortParameterUpdates

===========================================================================================
----------------- testing Mon Dec 23 06:31:44 UTC 2019 /home/travis/build/icyphy/ptII/ptolemy/domains/de/test/auto/QueueAndServer.xml
----------------- Instantiating /home/travis/build/icyphy/ptII/ptolemy/domains/de/test/auto/QueueAndServer.xml
5 ms. Memory: 126976K Free: 55021K (43%)
----------------- Invoking toplevel() on ptolemy.moml.MoMLSimpleApplication@2c86674e
----------------- Done invoking toplevel() on ptolemy.moml.MoMLSimpleApplication@2c86674e
reloadAllAccessors: .QueueAndServer

===========================================================================================
----------------- testing Mon Dec 23 06:31:44 UTC 2019 /home/travis/build/icyphy/ptII/ptolemy/domains/de/test/auto/Records.xml
----------------- Instantiating /home/travis/build/icyphy/ptII/ptolemy/domains/de/test/auto/Records.xml
6 ms. Memory: 126976K Free: 49387K (39%)
----------------- Invoking toplevel() on ptolemy.moml.MoMLSimpleApplication@563047c4
----------------- Done invoking toplevel() on ptolemy.moml.MoMLSimpleApplication@563047c4
reloadAllAccessors: .Records

===========================================================================================
----------------- testing Mon Dec 23 06:31:44 UTC 2019 /home/travis/build/icyphy/ptII/ptolemy/domains/de/test/auto/ResetTransitionWithStartTime1.xml
----------------- Instantiating /home/travis/build/icyphy/ptII/ptolemy/domains/de/test/auto/ResetTransitionWithStartTime1.xml
4 ms. Memory: 126976K Free: 41165K (32%)
----------------- Invoking toplevel() on ptolemy.moml.MoMLSimpleApplication@2c09e79c
----------------- Done invoking toplevel() on ptolemy.moml.MoMLSimpleApplication@2c09e79c
reloadAllAccessors: .ResetTransitionWithStartTime1

===========================================================================================
----------------- testing Mon Dec 23 06:31:44 UTC 2019 /home/travis/build/icyphy/ptII/ptolemy/domains/de/test/auto/ResetTransitionWithStartTime2.xml
----------------- Instantiating /home/travis/build/icyphy/ptII/ptolemy/domains/de/test/auto/ResetTransitionWithStartTime2.xml
4 ms. Memory: 126976K Free: 104183K (82%)
----------------- Invoking toplevel() on ptolemy.moml.MoMLSimpleApplication@3ac1e2a8
----------------- Done invoking toplevel() on ptolemy.moml.MoMLSimpleApplication@3ac1e2a8
reloadAllAccessors: .ResetTransitionWithStartTime2

===========================================================================================
----------------- testing Mon Dec 23 06:31:44 UTC 2019 /home/travis/build/icyphy/ptII/ptolemy/domains/de/test/auto/ResetTransitionWithStartTime3.xml
----------------- Instantiating /home/travis/build/icyphy/ptII/ptolemy/domains/de/test/auto/ResetTransitionWithStartTime3.xml
5 ms. Memory: 126976K Free: 96007K (76%)
----------------- Invoking toplevel() on ptolemy.moml.MoMLSimpleApplication@396c4ede
----------------- Done invoking toplevel() on ptolemy.moml.MoMLSimpleApplication@396c4ede
reloadAllAccessors: .ResetTransitionWithStartTime3

===========================================================================================
----------------- testing Mon Dec 23 06:31:44 UTC 2019 /home/travis/build/icyphy/ptII/ptolemy/domains/de/test/auto/ResetTransitionWithStartTime4.xml
----------------- Instantiating /home/travis/build/icyphy/ptII/ptolemy/domains/de/test/auto/ResetTransitionWithStartTime4.xml
3 ms. Memory: 126976K Free: 88343K (70%)
----------------- Invoking toplevel() on ptolemy.moml.MoMLSimpleApplication@4c1b3840
----------------- Done invoking toplevel() on ptolemy.moml.MoMLSimpleApplication@4c1b3840
reloadAllAccessors: .ResetTransitionWithStartTime4

===========================================================================================
----------------- testing Mon Dec 23 06:31:44 UTC 2019 /home/travis/build/icyphy/ptII/ptolemy/domains/de/test/auto/ResettableTimer1.xml
----------------- Instantiating /home/travis/build/icyphy/ptII/ptolemy/domains/de/test/auto/ResettableTimer1.xml
2 ms. Memory: 126976K Free: 84247K (66%)
----------------- Invoking toplevel() on ptolemy.moml.MoMLSimpleApplication@7159ec5
----------------- Done invoking toplevel() on ptolemy.moml.MoMLSimpleApplication@7159ec5
reloadAllAccessors: .ResettableTimer1

===========================================================================================
----------------- testing Mon Dec 23 06:31:44 UTC 2019 /home/travis/build/icyphy/ptII/ptolemy/domains/de/test/auto/ResettableTimer2.xml
----------------- Instantiating /home/travis/build/icyphy/ptII/ptolemy/domains/de/test/auto/ResettableTimer2.xml
1 ms. Memory: 126976K Free: 80151K (63%)
----------------- Invoking toplevel() on ptolemy.moml.MoMLSimpleApplication@3448e8c0
----------------- Done invoking toplevel() on ptolemy.moml.MoMLSimpleApplication@3448e8c0
reloadAllAccessors: .ResettableTimer2

===========================================================================================
----------------- testing Mon Dec 23 06:31:44 UTC 2019 /home/travis/build/icyphy/ptII/ptolemy/domains/de/test/auto/ResettableTimer3.xml
----------------- Instantiating /home/travis/build/icyphy/ptII/ptolemy/domains/de/test/auto/ResettableTimer3.xml
1 ms. Memory: 126976K Free: 76055K (60%)
----------------- Invoking toplevel() on ptolemy.moml.MoMLSimpleApplication@69717e89
----------------- Done invoking toplevel() on ptolemy.moml.MoMLSimpleApplication@69717e89
reloadAllAccessors: .ResettableTimer3

===========================================================================================
----------------- testing Mon Dec 23 06:31:44 UTC 2019 /home/travis/build/icyphy/ptII/ptolemy/domains/de/test/auto/ResettableTimer4.xml
----------------- Instantiating /home/travis/build/icyphy/ptII/ptolemy/domains/de/test/auto/ResettableTimer4.xml
1 ms. Memory: 126976K Free: 71959K (57%)
----------------- Invoking toplevel() on ptolemy.moml.MoMLSimpleApplication@f256f7c
----------------- Done invoking toplevel() on ptolemy.moml.MoMLSimpleApplication@f256f7c
reloadAllAccessors: .ResettableTimer4

===========================================================================================
----------------- testing Mon Dec 23 06:31:44 UTC 2019 /home/travis/build/icyphy/ptII/ptolemy/domains/de/test/auto/ResettableTimer5.xml
----------------- Instantiating /home/travis/build/icyphy/ptII/ptolemy/domains/de/test/auto/ResettableTimer5.xml
1 ms. Memory: 126976K Free: 67349K (53%)
----------------- Invoking toplevel() on ptolemy.moml.MoMLSimpleApplication@5bc2e300
----------------- Done invoking toplevel() on ptolemy.moml.MoMLSimpleApplication@5bc2e300
reloadAllAccessors: .ResettableTimer5

===========================================================================================
----------------- testing Mon Dec 23 06:31:44 UTC 2019 /home/travis/build/icyphy/ptII/ptolemy/domains/de/test/auto/ResettableTimer6.xml
----------------- Instantiating /home/travis/build/icyphy/ptII/ptolemy/domains/de/test/auto/ResettableTimer6.xml
6 ms. Memory: 126976K Free: 62741K (49%)
----------------- Invoking toplevel() on ptolemy.moml.MoMLSimpleApplication@566df3eb
----------------- Done invoking toplevel() on ptolemy.moml.MoMLSimpleApplication@566df3eb
reloadAllAccessors: .ResettableTimer6

===========================================================================================
----------------- testing Mon Dec 23 06:31:44 UTC 2019 /home/travis/build/icyphy/ptII/ptolemy/domains/de/test/auto/ServerZeroDelay.xml
----------------- Instantiating /home/travis/build/icyphy/ptII/ptolemy/domains/de/test/auto/ServerZeroDelay.xml
1 ms. Memory: 126976K Free: 58647K (46%)
----------------- Invoking toplevel() on ptolemy.moml.MoMLSimpleApplication@3b99501
----------------- Done invoking toplevel() on ptolemy.moml.MoMLSimpleApplication@3b99501
reloadAllAccessors: .ServerZeroDelay

===========================================================================================
----------------- testing Mon Dec 23 06:31:44 UTC 2019 /home/travis/build/icyphy/ptII/ptolemy/domains/de/test/auto/SmartSender.xml
----------------- Instantiating /home/travis/build/icyphy/ptII/ptolemy/domains/de/test/auto/SmartSender.xml
3000 ms. Memory: 126976K Free: 54037K (43%)
----------------- Invoking toplevel() on ptolemy.moml.MoMLSimpleApplication@34d2db5d
----------------- Done invoking toplevel() on ptolemy.moml.MoMLSimpleApplication@34d2db5d
reloadAllAccessors: .SmartSender

===========================================================================================
----------------- testing Mon Dec 23 06:31:47 UTC 2019 /home/travis/build/icyphy/ptII/ptolemy/domains/de/test/auto/ThreadedComposite.xml
----------------- Instantiating /home/travis/build/icyphy/ptII/ptolemy/domains/de/test/auto/ThreadedComposite.xml
81 ms. Memory: 126976K Free: 107795K (85%)
----------------- Invoking toplevel() on ptolemy.moml.MoMLSimpleApplication@74c98b12
----------------- Done invoking toplevel() on ptolemy.moml.MoMLSimpleApplication@74c98b12
reloadAllAccessors: .ThreadedComposite

===========================================================================================
----------------- testing Mon Dec 23 06:31:47 UTC 2019 /home/travis/build/icyphy/ptII/ptolemy/domains/de/test/auto/Time.xml
----------------- Instantiating /home/travis/build/icyphy/ptII/ptolemy/domains/de/test/auto/Time.xml
348 ms. Memory: 126976K Free: 55929K (44%)
----------------- Invoking toplevel() on ptolemy.moml.MoMLSimpleApplication@2ee06206
----------------- Done invoking toplevel() on ptolemy.moml.MoMLSimpleApplication@2ee06206
reloadAllAccessors: .Time

===========================================================================================
----------------- testing Mon Dec 23 06:31:48 UTC 2019 /home/travis/build/icyphy/ptII/ptolemy/domains/de/test/auto/TimeDelayZeroDelay.xml
----------------- Instantiating /home/travis/build/icyphy/ptII/ptolemy/domains/de/test/auto/TimeDelayZeroDelay.xml
2 ms. Memory: 126976K Free: 51805K (41%)
----------------- Invoking toplevel() on ptolemy.moml.MoMLSimpleApplication@3c6e3ea7
----------------- Done invoking toplevel() on ptolemy.moml.MoMLSimpleApplication@3c6e3ea7
reloadAllAccessors: .TimeDelayZeroDelay

===========================================================================================
----------------- testing Mon Dec 23 06:31:48 UTC 2019 /home/travis/build/icyphy/ptII/ptolemy/domains/de/test/auto/TimerZeroDelay.xml
----------------- Instantiating /home/travis/build/icyphy/ptII/ptolemy/domains/de/test/auto/TimerZeroDelay.xml
3 ms. Memory: 126976K Free: 47720K (38%)
----------------- Invoking toplevel() on ptolemy.moml.MoMLSimpleApplication@23a46a48
----------------- Done invoking toplevel() on ptolemy.moml.MoMLSimpleApplication@23a46a48
reloadAllAccessors: .TimerZeroDelay

===========================================================================================
----------------- testing Mon Dec 23 06:31:48 UTC 2019 /home/travis/build/icyphy/ptII/ptolemy/domains/de/test/auto/TimingParadox.xml
----------------- Instantiating /home/travis/build/icyphy/ptII/ptolemy/domains/de/test/auto/TimingParadox.xml
234 ms. Memory: 126976K Free: 54998K (43%)
----------------- Invoking toplevel() on ptolemy.moml.MoMLSimpleApplication@362983fb
----------------- Done invoking toplevel() on ptolemy.moml.MoMLSimpleApplication@362983fb
reloadAllAccessors: .TimingParadox

===========================================================================================
----------------- testing Mon Dec 23 06:31:48 UTC 2019 /home/travis/build/icyphy/ptII/ptolemy/domains/de/test/auto/TransferInputs.xml
----------------- Instantiating /home/travis/build/icyphy/ptII/ptolemy/domains/de/test/auto/TransferInputs.xml
2 ms. Memory: 126976K Free: 50355K (40%)
----------------- Invoking toplevel() on ptolemy.moml.MoMLSimpleApplication@bd6a85e
----------------- Done invoking toplevel() on ptolemy.moml.MoMLSimpleApplication@bd6a85e
reloadAllAccessors: .TransferInputs

===========================================================================================
----------------- testing Mon Dec 23 06:31:48 UTC 2019 /home/travis/build/icyphy/ptII/ptolemy/domains/de/test/auto/TransferOutputs2.xml
----------------- Instantiating /home/travis/build/icyphy/ptII/ptolemy/domains/de/test/auto/TransferOutputs2.xml
2 ms. Memory: 126976K Free: 42171K (33%)
----------------- Invoking toplevel() on ptolemy.moml.MoMLSimpleApplication@282aaa09
----------------- Done invoking toplevel() on ptolemy.moml.MoMLSimpleApplication@282aaa09
reloadAllAccessors: .TransferOutputs2

===========================================================================================
----------------- testing Mon Dec 23 06:31:48 UTC 2019 /home/travis/build/icyphy/ptII/ptolemy/domains/de/test/auto/Trilateration.xml
----------------- Instantiating /home/travis/build/icyphy/ptII/ptolemy/domains/de/test/auto/Trilateration.xml
9242 ms. Memory: 459776K Free: 325819K (71%)
----------------- Invoking toplevel() on ptolemy.moml.MoMLSimpleApplication@7b0d4c83
----------------- Done invoking toplevel() on ptolemy.moml.MoMLSimpleApplication@7b0d4c83
reloadAllAccessors: .Trilateration

===========================================================================================
----------------- testing Mon Dec 23 06:31:58 UTC 2019 /home/travis/build/icyphy/ptII/ptolemy/domains/de/test/auto/TwoSigmaDelta.xml
----------------- Instantiating /home/travis/build/icyphy/ptII/ptolemy/domains/de/test/auto/TwoSigmaDelta.xml
1764 ms. Memory: 459776K Free: 399177K (87%)
----------------- Invoking toplevel() on ptolemy.moml.MoMLSimpleApplication@76e15231
----------------- Done invoking toplevel() on ptolemy.moml.MoMLSimpleApplication@76e15231
reloadAllAccessors: .TwoSigmaDelta

===========================================================================================
----------------- testing Mon Dec 23 06:32:00 UTC 2019 /home/travis/build/icyphy/ptII/ptolemy/domains/de/test/auto/VariableDelay.xml
----------------- Instantiating /home/travis/build/icyphy/ptII/ptolemy/domains/de/test/auto/VariableDelay.xml
2 ms. Memory: 459776K Free: 394043K (86%)
----------------- Invoking toplevel() on ptolemy.moml.MoMLSimpleApplication@1de82f51
----------------- Done invoking toplevel() on ptolemy.moml.MoMLSimpleApplication@1de82f51
reloadAllAccessors: .VariableDelay

===========================================================================================
----------------- testing Mon Dec 23 06:32:00 UTC 2019 /home/travis/build/icyphy/ptII/ptolemy/domains/de/test/auto/VariableDelay2.xml
----------------- Instantiating /home/travis/build/icyphy/ptII/ptolemy/domains/de/test/auto/VariableDelay2.xml
2 ms. Memory: 459776K Free: 389451K (85%)
----------------- Invoking toplevel() on ptolemy.moml.MoMLSimpleApplication@3ffbe82d
----------------- Done invoking toplevel() on ptolemy.moml.MoMLSimpleApplication@3ffbe82d
reloadAllAccessors: .VariableDelay2

===========================================================================================
----------------- testing Mon Dec 23 06:32:00 UTC 2019 /home/travis/build/icyphy/ptII/ptolemy/domains/de/test/auto/VariableDelayZeroDelay.xml
----------------- Instantiating /home/travis/build/icyphy/ptII/ptolemy/domains/de/test/auto/VariableDelayZeroDelay.xml
4 ms. Memory: 459776K Free: 385355K (84%)
----------------- Invoking toplevel() on ptolemy.moml.MoMLSimpleApplication@4111db8f
----------------- Done invoking toplevel() on ptolemy.moml.MoMLSimpleApplication@4111db8f
reloadAllAccessors: .VariableDelayZeroDelay

===========================================================================================
----------------- testing Mon Dec 23 06:32:00 UTC 2019 /home/travis/build/icyphy/ptII/ptolemy/domains/de/test/auto/VariableDelayZeroDelay2.xml
----------------- Instantiating /home/travis/build/icyphy/ptII/ptolemy/domains/de/test/auto/VariableDelayZeroDelay2.xml
2 ms. Memory: 459776K Free: 380745K (83%)
----------------- Invoking toplevel() on ptolemy.moml.MoMLSimpleApplication@4ccb166
----------------- Done invoking toplevel() on ptolemy.moml.MoMLSimpleApplication@4ccb166
reloadAllAccessors: .VariableDelayZeroDelay2

===========================================================================================
----------------- testing Mon Dec 23 06:32:00 UTC 2019 /home/travis/build/icyphy/ptII/ptolemy/domains/de/test/auto/deInCt.xml
----------------- Instantiating /home/travis/build/icyphy/ptII/ptolemy/domains/de/test/auto/deInCt.xml
0
1
1
1
0
0
0
1
1
1
1
0
0
0
1
1
1
0
0
0
0
0
0
0
1
1
1
0
0
0
1
1
1
1
6 ms. Memory: 459776K Free: 375625K (82%)
----------------- Invoking toplevel() on ptolemy.moml.MoMLSimpleApplication@7c8e62ca
----------------- Done invoking toplevel() on ptolemy.moml.MoMLSimpleApplication@7c8e62ca
reloadAllAccessors: .deInCt

===========================================================================================
----------------- testing Mon Dec 23 06:32:00 UTC 2019 /home/travis/build/icyphy/ptII/ptolemy/domains/de/test/auto/deInCt2.xml
----------------- Instantiating /home/travis/build/icyphy/ptII/ptolemy/domains/de/test/auto/deInCt2.xml
0
1
1
1
0
0
1
1
1
0
0
1
1
1
0
0
1
1
1
0
0
1
1
1
0
0
1
1
1
0
0
1
1
1
0
0
1
1
1
0
0
0
5 ms. Memory: 459776K Free: 370499K (81%)
----------------- Invoking toplevel() on ptolemy.moml.MoMLSimpleApplication@577442ec
----------------- Done invoking toplevel() on ptolemy.moml.MoMLSimpleApplication@577442ec
reloadAllAccessors: .deInCt2

===========================================================================================
----------------- testing Mon Dec 23 06:32:00 UTC 2019 /home/travis/build/icyphy/ptII/ptolemy/domains/de/test/auto/dynamicCausalityInterface1.xml
----------------- Instantiating /home/travis/build/icyphy/ptII/ptolemy/domains/de/test/auto/dynamicCausalityInterface1.xml
1 ms. Memory: 459776K Free: 361289K (79%)
----------------- Invoking toplevel() on ptolemy.moml.MoMLSimpleApplication@4a28b740
----------------- Done invoking toplevel() on ptolemy.moml.MoMLSimpleApplication@4a28b740
reloadAllAccessors: .dynamicCausalityInterface1

===========================================================================================
----------------- testing Mon Dec 23 06:32:00 UTC 2019 /home/travis/build/icyphy/ptII/ptolemy/domains/de/test/auto/fsm_de_test.xml
----------------- Instantiating /home/travis/build/icyphy/ptII/ptolemy/domains/de/test/auto/fsm_de_test.xml
4 ms. Memory: 459776K Free: 352043K (77%)
----------------- Invoking toplevel() on ptolemy.moml.MoMLSimpleApplication@fa98baa
----------------- Done invoking toplevel() on ptolemy.moml.MoMLSimpleApplication@fa98baa
reloadAllAccessors: .fsm_de_test

===========================================================================================
----------------- testing Mon Dec 23 06:32:00 UTC 2019 /home/travis/build/icyphy/ptII/ptolemy/domains/de/test/auto/functionDependencyReconstruction.xml
----------------- Instantiating /home/travis/build/icyphy/ptII/ptolemy/domains/de/test/auto/functionDependencyReconstruction.xml
2 ms. Memory: 459776K Free: 337227K (73%)
----------------- Invoking toplevel() on ptolemy.moml.MoMLSimpleApplication@59a65601
----------------- Done invoking toplevel() on ptolemy.moml.MoMLSimpleApplication@59a65601
reloadAllAccessors: .functionDependencyReconstruction

===========================================================================================
----------------- testing Mon Dec 23 06:32:00 UTC 2019 /home/travis/build/icyphy/ptII/ptolemy/domains/de/test/auto/multirate.xml
----------------- Instantiating /home/travis/build/icyphy/ptII/ptolemy/domains/de/test/auto/multirate.xml
3 ms. Memory: 459776K Free: 330059K (72%)
----------------- Invoking toplevel() on ptolemy.moml.MoMLSimpleApplication@1471b563
----------------- Done invoking toplevel() on ptolemy.moml.MoMLSimpleApplication@1471b563
reloadAllAccessors: .multirate

===========================================================================================
----------------- testing Mon Dec 23 06:32:00 UTC 2019 /home/travis/build/icyphy/ptII/ptolemy/domains/de/test/auto/multirate2.xml
----------------- Instantiating /home/travis/build/icyphy/ptII/ptolemy/domains/de/test/auto/multirate2.xml
2 ms. Memory: 459776K Free: 323387K (70%)
----------------- Invoking toplevel() on ptolemy.moml.MoMLSimpleApplication@2808af36
----------------- Done invoking toplevel() on ptolemy.moml.MoMLSimpleApplication@2808af36
reloadAllAccessors: .multirate2

===========================================================================================
----------------- testing Mon Dec 23 06:32:00 UTC 2019 /home/travis/build/icyphy/ptII/ptolemy/domains/de/test/auto/realtime.xml
----------------- Instantiating /home/travis/build/icyphy/ptII/ptolemy/domains/de/test/auto/realtime.xml
10001 ms. Memory: 459776K Free: 318795K (69%)
----------------- Invoking toplevel() on ptolemy.moml.MoMLSimpleApplication@6be9dbda
----------------- Done invoking toplevel() on ptolemy.moml.MoMLSimpleApplication@6be9dbda
reloadAllAccessors: .realtime

===========================================================================================
----------------- testing Mon Dec 23 06:32:10 UTC 2019 /home/travis/build/icyphy/ptII/ptolemy/domains/de/test/auto/relationGroup.xml
----------------- Instantiating /home/travis/build/icyphy/ptII/ptolemy/domains/de/test/auto/relationGroup.xml
1 ms. Memory: 459776K Free: 315209K (69%)
----------------- Invoking toplevel() on ptolemy.moml.MoMLSimpleApplication@6c7e2ec3
----------------- Done invoking toplevel() on ptolemy.moml.MoMLSimpleApplication@6c7e2ec3
reloadAllAccessors: .relationGroup

===========================================================================================
----------------- testing Mon Dec 23 06:32:10 UTC 2019 /home/travis/build/icyphy/ptII/ptolemy/domains/de/test/auto/relationGroup2.xml
----------------- Instantiating /home/travis/build/icyphy/ptII/ptolemy/domains/de/test/auto/relationGroup2.xml
2 ms. Memory: 459776K Free: 311627K (68%)
----------------- Invoking toplevel() on ptolemy.moml.MoMLSimpleApplication@2c726a0f
----------------- Done invoking toplevel() on ptolemy.moml.MoMLSimpleApplication@2c726a0f
reloadAllAccessors: .relationGroup2

===========================================================================================
----------------- testing Mon Dec 23 06:32:10 UTC 2019 /home/travis/build/icyphy/ptII/ptolemy/domains/de/test/auto/sortWithOpaquePorts.xml
----------------- Instantiating /home/travis/build/icyphy/ptII/ptolemy/domains/de/test/auto/sortWithOpaquePorts.xml
1 ms. Memory: 459776K Free: 306987K (67%)
----------------- Invoking toplevel() on ptolemy.moml.MoMLSimpleApplication@273e931c
----------------- Done invoking toplevel() on ptolemy.moml.MoMLSimpleApplication@273e931c
reloadAllAccessors: .sortWithOpaquePorts

===========================================================================================
----------------- testing Mon Dec 23 06:32:10 UTC 2019 /home/travis/build/icyphy/ptII/ptolemy/domains/de/test/auto/transferInputsandOutputs.xml
----------------- Instantiating /home/travis/build/icyphy/ptII/ptolemy/domains/de/test/auto/transferInputsandOutputs.xml
2 ms. Memory: 459776K Free: 299849K (65%)
----------------- Invoking toplevel() on ptolemy.moml.MoMLSimpleApplication@48c2baf1
----------------- Done invoking toplevel() on ptolemy.moml.MoMLSimpleApplication@48c2baf1
reloadAllAccessors: .transferInputsandOutputs

===========================================================================================
----------------- testing Mon Dec 23 06:32:10 UTC 2019 /home/travis/build/icyphy/ptII/ptolemy/domains/de/test/auto/triggerType.xml
----------------- Instantiating /home/travis/build/icyphy/ptII/ptolemy/domains/de/test/auto/triggerType.xml
1 ms. Memory: 459776K Free: 295723K (64%)
----------------- Invoking toplevel() on ptolemy.moml.MoMLSimpleApplication@1d2705c1
----------------- Done invoking toplevel() on ptolemy.moml.MoMLSimpleApplication@1d2705c1
reloadAllAccessors: .triggerType
AutoTests.java: About to close Vertx.
AutoTests.java: Vertx closed.
]]></system-out>
  <system-err><![CDATA[java.lang.RuntimeException: Execution failed
	at ptolemy.moml.MoMLSimpleApplication$UnloadThread.run(MoMLSimpleApplication.java:402)
Caused by: ptolemy.kernel.util.IllegalActionException: Found a zero delay loop containing .dependencyLoop.original
  in .dependencyLoop and .dependencyLoop.original
	at ptolemy.actor.util.CausalityInterfaceForComposites._computeOutputPortDepth(CausalityInterfaceForComposites.java:759)
	at ptolemy.actor.util.CausalityInterfaceForComposites._computeInputDepth(CausalityInterfaceForComposites.java:696)
	at ptolemy.actor.util.CausalityInterfaceForComposites._computeOutputPortDepth(CausalityInterfaceForComposites.java:765)
	at ptolemy.actor.util.CausalityInterfaceForComposites._computeInputDepth(CausalityInterfaceForComposites.java:696)
	at ptolemy.actor.util.CausalityInterfaceForComposites._computeOutputPortDepth(CausalityInterfaceForComposites.java:765)
	at ptolemy.actor.util.CausalityInterfaceForComposites._computeInputDepth(CausalityInterfaceForComposites.java:696)
	at ptolemy.actor.util.CausalityInterfaceForComposites._computeActorDepth(CausalityInterfaceForComposites.java:532)
	at ptolemy.actor.util.CausalityInterfaceForComposites.checkForCycles(CausalityInterfaceForComposites.java:96)
	at ptolemy.domains.de.kernel.DEDirector.preinitialize(DEDirector.java:1338)
	at ptolemy.actor.CompositeActor.preinitialize(CompositeActor.java:1828)
	at ptolemy.actor.Manager.preinitializeAndResolveTypes(Manager.java:1040)
	at ptolemy.actor.Manager.initialize(Manager.java:710)
	at ptolemy.actor.Manager.execute(Manager.java:356)
	at ptolemy.actor.Manager.run(Manager.java:1263)
	at ptolemy.actor.Manager$PtolemyRunThread.run(Manager.java:1933)
java.lang.RuntimeException: Execution failed
	at ptolemy.moml.MoMLSimpleApplication$UnloadThread.run(MoMLSimpleApplication.java:402)
Caused by: ptolemy.kernel.util.IllegalActionException: Found a zero delay loop containing .dependencyLoop2.original
  in .dependencyLoop2 and .dependencyLoop2.original
	at ptolemy.actor.util.CausalityInterfaceForComposites._computeOutputPortDepth(CausalityInterfaceForComposites.java:759)
	at ptolemy.actor.util.CausalityInterfaceForComposites._computeInputDepth(CausalityInterfaceForComposites.java:696)
	at ptolemy.actor.util.CausalityInterfaceForComposites._computeOutputPortDepth(CausalityInterfaceForComposites.java:765)
	at ptolemy.actor.util.CausalityInterfaceForComposites._computeInputDepth(CausalityInterfaceForComposites.java:696)
	at ptolemy.actor.util.CausalityInterfaceForComposites._computeOutputPortDepth(CausalityInterfaceForComposites.java:765)
	at ptolemy.actor.util.CausalityInterfaceForComposites._computeInputDepth(CausalityInterfaceForComposites.java:696)
	at ptolemy.actor.util.CausalityInterfaceForComposites._computeActorDepth(CausalityInterfaceForComposites.java:532)
	at ptolemy.actor.util.CausalityInterfaceForComposites.checkForCycles(CausalityInterfaceForComposites.java:96)
	at ptolemy.domains.de.kernel.DEDirector.preinitialize(DEDirector.java:1338)
	at ptolemy.actor.CompositeActor.preinitialize(CompositeActor.java:1828)
	at ptolemy.actor.Manager.preinitializeAndResolveTypes(Manager.java:1040)
	at ptolemy.actor.Manager.initialize(Manager.java:710)
	at ptolemy.actor.Manager.execute(Manager.java:356)
	at ptolemy.actor.Manager.run(Manager.java:1263)
	at ptolemy.actor.Manager$PtolemyRunThread.run(Manager.java:1933)
java.lang.RuntimeException: Execution failed
	at ptolemy.moml.MoMLSimpleApplication$UnloadThread.run(MoMLSimpleApplication.java:402)
Caused by: ptolemy.kernel.util.IllegalActionException: Test fails in iteration 1.
Value was: 1.0. Should have been: 2.0
  in .DirectFeedback.Test
	at ptolemy.actor.lib.Test.fire(Test.java:268)
	at ptolemy.domains.de.kernel.DEDirector._fire(DEDirector.java:1949)
	at ptolemy.domains.de.kernel.DEDirector.fire(DEDirector.java:502)
	at ptolemy.actor.CompositeActor.fire(CompositeActor.java:455)
	at ptolemy.actor.Manager.iterate(Manager.java:851)
	at ptolemy.actor.Manager.execute(Manager.java:369)
	at ptolemy.actor.Manager.run(Manager.java:1263)
	at ptolemy.actor.Manager$PtolemyRunThread.run(Manager.java:1933)
java.lang.RuntimeException: Execution failed
	at ptolemy.moml.MoMLSimpleApplication$UnloadThread.run(MoMLSimpleApplication.java:402)
Caused by: ptolemy.kernel.util.IllegalActionException: Found a zero delay loop containing .dependencyLoop.original
  in .dependencyLoop and .dependencyLoop.original
	at ptolemy.actor.util.CausalityInterfaceForComposites._computeOutputPortDepth(CausalityInterfaceForComposites.java:759)
	at ptolemy.actor.util.CausalityInterfaceForComposites._computeInputDepth(CausalityInterfaceForComposites.java:696)
	at ptolemy.actor.util.CausalityInterfaceForComposites._computeOutputPortDepth(CausalityInterfaceForComposites.java:765)
	at ptolemy.actor.util.CausalityInterfaceForComposites._computeInputDepth(CausalityInterfaceForComposites.java:696)
	at ptolemy.actor.util.CausalityInterfaceForComposites._computeOutputPortDepth(CausalityInterfaceForComposites.java:765)
	at ptolemy.actor.util.CausalityInterfaceForComposites._computeInputDepth(CausalityInterfaceForComposites.java:696)
	at ptolemy.actor.util.CausalityInterfaceForComposites._computeActorDepth(CausalityInterfaceForComposites.java:532)
	at ptolemy.actor.util.CausalityInterfaceForComposites.checkForCycles(CausalityInterfaceForComposites.java:96)
	at ptolemy.domains.de.kernel.DEDirector.preinitialize(DEDirector.java:1338)
	at ptolemy.actor.CompositeActor.preinitialize(CompositeActor.java:1828)
	at ptolemy.actor.Manager.preinitializeAndResolveTypes(Manager.java:1040)
	at ptolemy.actor.Manager.initialize(Manager.java:710)
	at ptolemy.actor.Manager.execute(Manager.java:356)
	at ptolemy.actor.Manager.run(Manager.java:1263)
	at ptolemy.actor.Manager$PtolemyRunThread.run(Manager.java:1933)
java.lang.RuntimeException: Execution failed
	at ptolemy.moml.MoMLSimpleApplication$UnloadThread.run(MoMLSimpleApplication.java:402)
Caused by: ptolemy.kernel.util.IllegalActionException: Found a zero delay loop containing .HierarchicalModel.A
  in .HierarchicalModel and .HierarchicalModel.A
	at ptolemy.actor.util.CausalityInterfaceForComposites._computeOutputPortDepth(CausalityInterfaceForComposites.java:759)
	at ptolemy.actor.util.CausalityInterfaceForComposites._computeInputDepth(CausalityInterfaceForComposites.java:696)
	at ptolemy.actor.util.CausalityInterfaceForComposites._computeOutputPortDepth(CausalityInterfaceForComposites.java:765)
	at ptolemy.actor.util.CausalityInterfaceForComposites._computeInputDepth(CausalityInterfaceForComposites.java:696)
	at ptolemy.actor.util.CausalityInterfaceForComposites._computeOutputPortDepth(CausalityInterfaceForComposites.java:765)
	at ptolemy.actor.util.CausalityInterfaceForComposites._computeInputDepth(CausalityInterfaceForComposites.java:696)
	at ptolemy.actor.util.CausalityInterfaceForComposites._computeActorDepth(CausalityInterfaceForComposites.java:532)
	at ptolemy.actor.util.CausalityInterfaceForComposites.checkForCycles(CausalityInterfaceForComposites.java:96)
	at ptolemy.domains.de.kernel.DEDirector.preinitialize(DEDirector.java:1338)
	at ptolemy.actor.CompositeActor.preinitialize(CompositeActor.java:1828)
	at ptolemy.actor.Manager.preinitializeAndResolveTypes(Manager.java:1040)
	at ptolemy.actor.Manager.initialize(Manager.java:710)
	at ptolemy.actor.Manager.execute(Manager.java:356)
	at ptolemy.actor.Manager.run(Manager.java:1263)
	at ptolemy.actor.Manager$PtolemyRunThread.run(Manager.java:1933)
java.lang.RuntimeException: Execution failed
	at ptolemy.moml.MoMLSimpleApplication$UnloadThread.run(MoMLSimpleApplication.java:402)
Caused by: ptolemy.kernel.util.IllegalActionException: Found a zero delay loop containing .dependencyLoop2.original
  in .dependencyLoop2 and .dependencyLoop2.original
	at ptolemy.actor.util.CausalityInterfaceForComposites._computeOutputPortDepth(CausalityInterfaceForComposites.java:759)
	at ptolemy.actor.util.CausalityInterfaceForComposites._computeInputDepth(CausalityInterfaceForComposites.java:696)
	at ptolemy.actor.util.CausalityInterfaceForComposites._computeOutputPortDepth(CausalityInterfaceForComposites.java:765)
	at ptolemy.actor.util.CausalityInterfaceForComposites._computeInputDepth(CausalityInterfaceForComposites.java:696)
	at ptolemy.actor.util.CausalityInterfaceForComposites._computeOutputPortDepth(CausalityInterfaceForComposites.java:765)
	at ptolemy.actor.util.CausalityInterfaceForComposites._computeInputDepth(CausalityInterfaceForComposites.java:696)
	at ptolemy.actor.util.CausalityInterfaceForComposites._computeActorDepth(CausalityInterfaceForComposites.java:532)
	at ptolemy.actor.util.CausalityInterfaceForComposites.checkForCycles(CausalityInterfaceForComposites.java:96)
	at ptolemy.domains.de.kernel.DEDirector.preinitialize(DEDirector.java:1338)
	at ptolemy.actor.CompositeActor.preinitialize(CompositeActor.java:1828)
	at ptolemy.actor.Manager.preinitializeAndResolveTypes(Manager.java:1040)
	at ptolemy.actor.Manager.initialize(Manager.java:710)
	at ptolemy.actor.Manager.execute(Manager.java:356)
	at ptolemy.actor.Manager.run(Manager.java:1263)
	at ptolemy.actor.Manager$PtolemyRunThread.run(Manager.java:1933)
java.lang.RuntimeException: Execution failed
	at ptolemy.moml.MoMLSimpleApplication$UnloadThread.run(MoMLSimpleApplication.java:402)
Caused by: ptolemy.kernel.util.IllegalActionException: Actor is not ready to fire.  Perhaps UpSample.prefire() returned false? Try debugging the actor by selecting "Listen to Actor".  Also, for SDF check moml for tokenConsumptionRate on input.
  in .DESDFClockTest.Play Bell.Copy1:SDF Director and .DESDFClockTest.Play Bell.UpSample
	at ptolemy.actor.sched.StaticSchedulingDirector.fire(StaticSchedulingDirector.java:227)
	at ptolemy.domains.sdf.kernel.SDFDirector.fire(SDFDirector.java:500)
	at ptolemy.actor.CompositeActor.fire(CompositeActor.java:455)
	at ptolemy.domains.de.kernel.DEDirector._fire(DEDirector.java:1949)
	at ptolemy.domains.de.kernel.DEDirector.fire(DEDirector.java:502)
	at ptolemy.actor.CompositeActor.fire(CompositeActor.java:455)
	at ptolemy.actor.Manager.iterate(Manager.java:851)
	at ptolemy.actor.Manager.execute(Manager.java:369)
	at ptolemy.actor.Manager.run(Manager.java:1263)
	at ptolemy.actor.Manager$PtolemyRunThread.run(Manager.java:1933)
java.lang.RuntimeException: Execution failed
	at ptolemy.moml.MoMLSimpleApplication$UnloadThread.run(MoMLSimpleApplication.java:402)
Caused by: ptolemy.kernel.util.IllegalActionException: Actor is not ready to fire.  Perhaps UpSample.prefire() returned false? Try debugging the actor by selecting "Listen to Actor".  Also, for SDF check moml for tokenConsumptionRate on input.
  in .DESDFClockTest.Play Bell.Copy1:SDF Director and .DESDFClockTest.Play Bell.UpSample
	at ptolemy.actor.sched.StaticSchedulingDirector.fire(StaticSchedulingDirector.java:227)
	at ptolemy.domains.sdf.kernel.SDFDirector.fire(SDFDirector.java:500)
	at ptolemy.actor.CompositeActor.fire(CompositeActor.java:455)
	at ptolemy.domains.de.kernel.DEDirector._fire(DEDirector.java:1949)
	at ptolemy.domains.de.kernel.DEDirector.fire(DEDirector.java:502)
	at ptolemy.actor.CompositeActor.fire(CompositeActor.java:455)
	at ptolemy.actor.Manager.iterate(Manager.java:851)
	at ptolemy.actor.Manager.execute(Manager.java:369)
	at ptolemy.actor.Manager.run(Manager.java:1263)
	at ptolemy.actor.Manager$PtolemyRunThread.run(Manager.java:1933)
java.lang.reflect.InvocationTargetException
	at java.base/jdk.internal.reflect.NativeConstructorAccessorImpl.newInstance0(Native Method)
	at java.base/jdk.internal.reflect.NativeConstructorAccessorImpl.newInstance(NativeConstructorAccessorImpl.java:62)
	at java.base/jdk.internal.reflect.DelegatingConstructorAccessorImpl.newInstance(DelegatingConstructorAccessorImpl.java:45)
	at java.base/java.lang.reflect.Constructor.newInstance(Constructor.java:490)
	at ptolemy.util.test.junit.AutoKnownFailedTests.RunModel(AutoKnownFailedTests.java:105)
	at java.base/jdk.internal.reflect.NativeMethodAccessorImpl.invoke0(Native Method)
	at java.base/jdk.internal.reflect.NativeMethodAccessorImpl.invoke(NativeMethodAccessorImpl.java:62)
	at java.base/jdk.internal.reflect.DelegatingMethodAccessorImpl.invoke(DelegatingMethodAccessorImpl.java:43)
	at java.base/java.lang.reflect.Method.invoke(Method.java:566)
	at org.junit.runners.model.FrameworkMethod$1.runReflectiveCall(FrameworkMethod.java:44)
	at org.junit.internal.runners.model.ReflectiveCallable.run(ReflectiveCallable.java:15)
	at org.junit.runners.model.FrameworkMethod.invokeExplosively(FrameworkMethod.java:41)
	at junitparams.internal.InvokeParameterisedMethod.evaluate(InvokeParameterisedMethod.java:102)
	at org.junit.internal.runners.statements.FailOnTimeout$1.run(FailOnTimeout.java:28)
Caused by: ptolemy.kernel.util.IllegalActionException: Actor is not ready to fire.  Perhaps UpSample.prefire() returned false? Try debugging the actor by selecting "Listen to Actor".  Also, for SDF check moml for tokenConsumptionRate on input.
  in .DESDFClockTest.Play Bell.Copy1:SDF Director and .DESDFClockTest.Play Bell.UpSample
	at ptolemy.actor.sched.StaticSchedulingDirector.fire(StaticSchedulingDirector.java:227)
	at ptolemy.domains.sdf.kernel.SDFDirector.fire(SDFDirector.java:500)
	at ptolemy.actor.CompositeActor.fire(CompositeActor.java:455)
	at ptolemy.domains.de.kernel.DEDirector._fire(DEDirector.java:1949)
	at ptolemy.domains.de.kernel.DEDirector.fire(DEDirector.java:502)
	at ptolemy.actor.CompositeActor.fire(CompositeActor.java:455)
	at ptolemy.actor.Manager.iterate(Manager.java:851)
	at ptolemy.actor.Manager.execute(Manager.java:369)
	at ptolemy.actor.Manager.run(Manager.java:1263)
	at ptolemy.actor.Manager$PtolemyRunThread.run(Manager.java:1933)
java.lang.RuntimeException: Execution failed
	at ptolemy.moml.MoMLSimpleApplication$UnloadThread.run(MoMLSimpleApplication.java:402)
Caused by: ptolemy.kernel.util.IllegalActionException: Test fails in iteration 1.
Value was: 1.0. Should have been: 2.0
  in .DirectFeedback.Test
	at ptolemy.actor.lib.Test.fire(Test.java:268)
	at ptolemy.domains.de.kernel.DEDirector._fire(DEDirector.java:1949)
	at ptolemy.domains.de.kernel.DEDirector.fire(DEDirector.java:502)
	at ptolemy.actor.CompositeActor.fire(CompositeActor.java:455)
	at ptolemy.actor.Manager.iterate(Manager.java:851)
	at ptolemy.actor.Manager.execute(Manager.java:369)
	at ptolemy.actor.Manager.run(Manager.java:1263)
	at ptolemy.actor.Manager$PtolemyRunThread.run(Manager.java:1933)
java.lang.reflect.InvocationTargetException
	at java.base/jdk.internal.reflect.NativeConstructorAccessorImpl.newInstance0(Native Method)
	at java.base/jdk.internal.reflect.NativeConstructorAccessorImpl.newInstance(NativeConstructorAccessorImpl.java:62)
	at java.base/jdk.internal.reflect.DelegatingConstructorAccessorImpl.newInstance(DelegatingConstructorAccessorImpl.java:45)
	at java.base/java.lang.reflect.Constructor.newInstance(Constructor.java:490)
	at ptolemy.util.test.junit.AutoKnownFailedTests.RunModel(AutoKnownFailedTests.java:105)
	at java.base/jdk.internal.reflect.NativeMethodAccessorImpl.invoke0(Native Method)
	at java.base/jdk.internal.reflect.NativeMethodAccessorImpl.invoke(NativeMethodAccessorImpl.java:62)
	at java.base/jdk.internal.reflect.DelegatingMethodAccessorImpl.invoke(DelegatingMethodAccessorImpl.java:43)
	at java.base/java.lang.reflect.Method.invoke(Method.java:566)
	at org.junit.runners.model.FrameworkMethod$1.runReflectiveCall(FrameworkMethod.java:44)
	at org.junit.internal.runners.model.ReflectiveCallable.run(ReflectiveCallable.java:15)
	at org.junit.runners.model.FrameworkMethod.invokeExplosively(FrameworkMethod.java:41)
	at junitparams.internal.InvokeParameterisedMethod.evaluate(InvokeParameterisedMethod.java:102)
	at org.junit.internal.runners.statements.FailOnTimeout$1.run(FailOnTimeout.java:28)
Caused by: ptolemy.kernel.util.IllegalActionException: Test fails in iteration 1.
Value was: 1.0. Should have been: 2.0
  in .DirectFeedback.Test
	at ptolemy.actor.lib.Test.fire(Test.java:268)
	at ptolemy.domains.de.kernel.DEDirector._fire(DEDirector.java:1949)
	at ptolemy.domains.de.kernel.DEDirector.fire(DEDirector.java:502)
	at ptolemy.actor.CompositeActor.fire(CompositeActor.java:455)
	at ptolemy.actor.Manager.iterate(Manager.java:851)
	at ptolemy.actor.Manager.execute(Manager.java:369)
	at ptolemy.actor.Manager.run(Manager.java:1263)
	at ptolemy.actor.Manager$PtolemyRunThread.run(Manager.java:1933)
java.lang.RuntimeException: Execution failed
	at ptolemy.moml.MoMLSimpleApplication$UnloadThread.run(MoMLSimpleApplication.java:402)
Caused by: ptolemy.kernel.util.IllegalActionException: Found a zero delay loop containing .HierarchicalModel.A
  in .HierarchicalModel and .HierarchicalModel.A
	at ptolemy.actor.util.CausalityInterfaceForComposites._computeOutputPortDepth(CausalityInterfaceForComposites.java:759)
	at ptolemy.actor.util.CausalityInterfaceForComposites._computeInputDepth(CausalityInterfaceForComposites.java:696)
	at ptolemy.actor.util.CausalityInterfaceForComposites._computeOutputPortDepth(CausalityInterfaceForComposites.java:765)
	at ptolemy.actor.util.CausalityInterfaceForComposites._computeInputDepth(CausalityInterfaceForComposites.java:696)
	at ptolemy.actor.util.CausalityInterfaceForComposites._computeOutputPortDepth(CausalityInterfaceForComposites.java:765)
	at ptolemy.actor.util.CausalityInterfaceForComposites._computeInputDepth(CausalityInterfaceForComposites.java:696)
	at ptolemy.actor.util.CausalityInterfaceForComposites._computeActorDepth(CausalityInterfaceForComposites.java:532)
	at ptolemy.actor.util.CausalityInterfaceForComposites.checkForCycles(CausalityInterfaceForComposites.java:96)
	at ptolemy.domains.de.kernel.DEDirector.preinitialize(DEDirector.java:1338)
	at ptolemy.actor.CompositeActor.preinitialize(CompositeActor.java:1828)
	at ptolemy.actor.Manager.preinitializeAndResolveTypes(Manager.java:1040)
	at ptolemy.actor.Manager.initialize(Manager.java:710)
	at ptolemy.actor.Manager.execute(Manager.java:356)
	at ptolemy.actor.Manager.run(Manager.java:1263)
	at ptolemy.actor.Manager$PtolemyRunThread.run(Manager.java:1933)
java.lang.reflect.InvocationTargetException
	at java.base/jdk.internal.reflect.NativeConstructorAccessorImpl.newInstance0(Native Method)
	at java.base/jdk.internal.reflect.NativeConstructorAccessorImpl.newInstance(NativeConstructorAccessorImpl.java:62)
	at java.base/jdk.internal.reflect.DelegatingConstructorAccessorImpl.newInstance(DelegatingConstructorAccessorImpl.java:45)
	at java.base/java.lang.reflect.Constructor.newInstance(Constructor.java:490)
	at ptolemy.util.test.junit.AutoKnownFailedTests.RunModel(AutoKnownFailedTests.java:105)
	at java.base/jdk.internal.reflect.NativeMethodAccessorImpl.invoke0(Native Method)
	at java.base/jdk.internal.reflect.NativeMethodAccessorImpl.invoke(NativeMethodAccessorImpl.java:62)
	at java.base/jdk.internal.reflect.DelegatingMethodAccessorImpl.invoke(DelegatingMethodAccessorImpl.java:43)
	at java.base/java.lang.reflect.Method.invoke(Method.java:566)
	at org.junit.runners.model.FrameworkMethod$1.runReflectiveCall(FrameworkMethod.java:44)
	at org.junit.internal.runners.model.ReflectiveCallable.run(ReflectiveCallable.java:15)
	at org.junit.runners.model.FrameworkMethod.invokeExplosively(FrameworkMethod.java:41)
	at junitparams.internal.InvokeParameterisedMethod.evaluate(InvokeParameterisedMethod.java:102)
	at org.junit.internal.runners.statements.FailOnTimeout$1.run(FailOnTimeout.java:28)
Caused by: ptolemy.kernel.util.IllegalActionException: Found a zero delay loop containing .HierarchicalModel.A
  in .HierarchicalModel and .HierarchicalModel.A
	at ptolemy.actor.util.CausalityInterfaceForComposites._computeOutputPortDepth(CausalityInterfaceForComposites.java:759)
	at ptolemy.actor.util.CausalityInterfaceForComposites._computeInputDepth(CausalityInterfaceForComposites.java:696)
	at ptolemy.actor.util.CausalityInterfaceForComposites._computeOutputPortDepth(CausalityInterfaceForComposites.java:765)
	at ptolemy.actor.util.CausalityInterfaceForComposites._computeInputDepth(CausalityInterfaceForComposites.java:696)
	at ptolemy.actor.util.CausalityInterfaceForComposites._computeOutputPortDepth(CausalityInterfaceForComposites.java:765)
	at ptolemy.actor.util.CausalityInterfaceForComposites._computeInputDepth(CausalityInterfaceForComposites.java:696)
	at ptolemy.actor.util.CausalityInterfaceForComposites._computeActorDepth(CausalityInterfaceForComposites.java:532)
	at ptolemy.actor.util.CausalityInterfaceForComposites.checkForCycles(CausalityInterfaceForComposites.java:96)
	at ptolemy.domains.de.kernel.DEDirector.preinitialize(DEDirector.java:1338)
	at ptolemy.actor.CompositeActor.preinitialize(CompositeActor.java:1828)
	at ptolemy.actor.Manager.preinitializeAndResolveTypes(Manager.java:1040)
	at ptolemy.actor.Manager.initialize(Manager.java:710)
	at ptolemy.actor.Manager.execute(Manager.java:356)
	at ptolemy.actor.Manager.run(Manager.java:1263)
	at ptolemy.actor.Manager$PtolemyRunThread.run(Manager.java:1933)
java.lang.RuntimeException: Execution failed
	at ptolemy.moml.MoMLSimpleApplication$UnloadThread.run(MoMLSimpleApplication.java:402)
Caused by: ptolemy.kernel.util.IllegalActionException: Found a zero delay loop containing .dependencyLoop.original
  in .dependencyLoop and .dependencyLoop.original
	at ptolemy.actor.util.CausalityInterfaceForComposites._computeOutputPortDepth(CausalityInterfaceForComposites.java:759)
	at ptolemy.actor.util.CausalityInterfaceForComposites._computeInputDepth(CausalityInterfaceForComposites.java:696)
	at ptolemy.actor.util.CausalityInterfaceForComposites._computeOutputPortDepth(CausalityInterfaceForComposites.java:765)
	at ptolemy.actor.util.CausalityInterfaceForComposites._computeInputDepth(CausalityInterfaceForComposites.java:696)
	at ptolemy.actor.util.CausalityInterfaceForComposites._computeOutputPortDepth(CausalityInterfaceForComposites.java:765)
	at ptolemy.actor.util.CausalityInterfaceForComposites._computeInputDepth(CausalityInterfaceForComposites.java:696)
	at ptolemy.actor.util.CausalityInterfaceForComposites._computeActorDepth(CausalityInterfaceForComposites.java:532)
	at ptolemy.actor.util.CausalityInterfaceForComposites.checkForCycles(CausalityInterfaceForComposites.java:96)
	at ptolemy.domains.de.kernel.DEDirector.preinitialize(DEDirector.java:1338)
	at ptolemy.actor.CompositeActor.preinitialize(CompositeActor.java:1828)
	at ptolemy.actor.Manager.preinitializeAndResolveTypes(Manager.java:1040)
	at ptolemy.actor.Manager.initialize(Manager.java:710)
	at ptolemy.actor.Manager.execute(Manager.java:356)
	at ptolemy.actor.Manager.run(Manager.java:1263)
	at ptolemy.actor.Manager$PtolemyRunThread.run(Manager.java:1933)
java.lang.reflect.InvocationTargetException
	at java.base/jdk.internal.reflect.NativeConstructorAccessorImpl.newInstance0(Native Method)
	at java.base/jdk.internal.reflect.NativeConstructorAccessorImpl.newInstance(NativeConstructorAccessorImpl.java:62)
	at java.base/jdk.internal.reflect.DelegatingConstructorAccessorImpl.newInstance(DelegatingConstructorAccessorImpl.java:45)
	at java.base/java.lang.reflect.Constructor.newInstance(Constructor.java:490)
	at ptolemy.util.test.junit.AutoKnownFailedTests.RunModel(AutoKnownFailedTests.java:105)
	at java.base/jdk.internal.reflect.NativeMethodAccessorImpl.invoke0(Native Method)
	at java.base/jdk.internal.reflect.NativeMethodAccessorImpl.invoke(NativeMethodAccessorImpl.java:62)
	at java.base/jdk.internal.reflect.DelegatingMethodAccessorImpl.invoke(DelegatingMethodAccessorImpl.java:43)
	at java.base/java.lang.reflect.Method.invoke(Method.java:566)
	at org.junit.runners.model.FrameworkMethod$1.runReflectiveCall(FrameworkMethod.java:44)
	at org.junit.internal.runners.model.ReflectiveCallable.run(ReflectiveCallable.java:15)
	at org.junit.runners.model.FrameworkMethod.invokeExplosively(FrameworkMethod.java:41)
	at junitparams.internal.InvokeParameterisedMethod.evaluate(InvokeParameterisedMethod.java:102)
	at org.junit.internal.runners.statements.FailOnTimeout$1.run(FailOnTimeout.java:28)
Caused by: ptolemy.kernel.util.IllegalActionException: Found a zero delay loop containing .dependencyLoop.original
  in .dependencyLoop and .dependencyLoop.original
	at ptolemy.actor.util.CausalityInterfaceForComposites._computeOutputPortDepth(CausalityInterfaceForComposites.java:759)
	at ptolemy.actor.util.CausalityInterfaceForComposites._computeInputDepth(CausalityInterfaceForComposites.java:696)
	at ptolemy.actor.util.CausalityInterfaceForComposites._computeOutputPortDepth(CausalityInterfaceForComposites.java:765)
	at ptolemy.actor.util.CausalityInterfaceForComposites._computeInputDepth(CausalityInterfaceForComposites.java:696)
	at ptolemy.actor.util.CausalityInterfaceForComposites._computeOutputPortDepth(CausalityInterfaceForComposites.java:765)
	at ptolemy.actor.util.CausalityInterfaceForComposites._computeInputDepth(CausalityInterfaceForComposites.java:696)
	at ptolemy.actor.util.CausalityInterfaceForComposites._computeActorDepth(CausalityInterfaceForComposites.java:532)
	at ptolemy.actor.util.CausalityInterfaceForComposites.checkForCycles(CausalityInterfaceForComposites.java:96)
	at ptolemy.domains.de.kernel.DEDirector.preinitialize(DEDirector.java:1338)
	at ptolemy.actor.CompositeActor.preinitialize(CompositeActor.java:1828)
	at ptolemy.actor.Manager.preinitializeAndResolveTypes(Manager.java:1040)
	at ptolemy.actor.Manager.initialize(Manager.java:710)
	at ptolemy.actor.Manager.execute(Manager.java:356)
	at ptolemy.actor.Manager.run(Manager.java:1263)
	at ptolemy.actor.Manager$PtolemyRunThread.run(Manager.java:1933)
java.lang.RuntimeException: Execution failed
	at ptolemy.moml.MoMLSimpleApplication$UnloadThread.run(MoMLSimpleApplication.java:402)
Caused by: ptolemy.kernel.util.IllegalActionException: Found a zero delay loop containing .dependencyLoop2.original
  in .dependencyLoop2 and .dependencyLoop2.original
	at ptolemy.actor.util.CausalityInterfaceForComposites._computeOutputPortDepth(CausalityInterfaceForComposites.java:759)
	at ptolemy.actor.util.CausalityInterfaceForComposites._computeInputDepth(CausalityInterfaceForComposites.java:696)
	at ptolemy.actor.util.CausalityInterfaceForComposites._computeOutputPortDepth(CausalityInterfaceForComposites.java:765)
	at ptolemy.actor.util.CausalityInterfaceForComposites._computeInputDepth(CausalityInterfaceForComposites.java:696)
	at ptolemy.actor.util.CausalityInterfaceForComposites._computeOutputPortDepth(CausalityInterfaceForComposites.java:765)
	at ptolemy.actor.util.CausalityInterfaceForComposites._computeInputDepth(CausalityInterfaceForComposites.java:696)
	at ptolemy.actor.util.CausalityInterfaceForComposites._computeActorDepth(CausalityInterfaceForComposites.java:532)
	at ptolemy.actor.util.CausalityInterfaceForComposites.checkForCycles(CausalityInterfaceForComposites.java:96)
	at ptolemy.domains.de.kernel.DEDirector.preinitialize(DEDirector.java:1338)
	at ptolemy.actor.CompositeActor.preinitialize(CompositeActor.java:1828)
	at ptolemy.actor.Manager.preinitializeAndResolveTypes(Manager.java:1040)
	at ptolemy.actor.Manager.initialize(Manager.java:710)
	at ptolemy.actor.Manager.execute(Manager.java:356)
	at ptolemy.actor.Manager.run(Manager.java:1263)
	at ptolemy.actor.Manager$PtolemyRunThread.run(Manager.java:1933)
java.lang.reflect.InvocationTargetException
	at java.base/jdk.internal.reflect.NativeConstructorAccessorImpl.newInstance0(Native Method)
	at java.base/jdk.internal.reflect.NativeConstructorAccessorImpl.newInstance(NativeConstructorAccessorImpl.java:62)
	at java.base/jdk.internal.reflect.DelegatingConstructorAccessorImpl.newInstance(DelegatingConstructorAccessorImpl.java:45)
	at java.base/java.lang.reflect.Constructor.newInstance(Constructor.java:490)
	at ptolemy.util.test.junit.AutoKnownFailedTests.RunModel(AutoKnownFailedTests.java:105)
	at java.base/jdk.internal.reflect.NativeMethodAccessorImpl.invoke0(Native Method)
	at java.base/jdk.internal.reflect.NativeMethodAccessorImpl.invoke(NativeMethodAccessorImpl.java:62)
	at java.base/jdk.internal.reflect.DelegatingMethodAccessorImpl.invoke(DelegatingMethodAccessorImpl.java:43)
	at java.base/java.lang.reflect.Method.invoke(Method.java:566)
	at org.junit.runners.model.FrameworkMethod$1.runReflectiveCall(FrameworkMethod.java:44)
	at org.junit.internal.runners.model.ReflectiveCallable.run(ReflectiveCallable.java:15)
	at org.junit.runners.model.FrameworkMethod.invokeExplosively(FrameworkMethod.java:41)
	at junitparams.internal.InvokeParameterisedMethod.evaluate(InvokeParameterisedMethod.java:102)
	at org.junit.internal.runners.statements.FailOnTimeout$1.run(FailOnTimeout.java:28)
Caused by: ptolemy.kernel.util.IllegalActionException: Found a zero delay loop containing .dependencyLoop2.original
  in .dependencyLoop2 and .dependencyLoop2.original
	at ptolemy.actor.util.CausalityInterfaceForComposites._computeOutputPortDepth(CausalityInterfaceForComposites.java:759)
	at ptolemy.actor.util.CausalityInterfaceForComposites._computeInputDepth(CausalityInterfaceForComposites.java:696)
	at ptolemy.actor.util.CausalityInterfaceForComposites._computeOutputPortDepth(CausalityInterfaceForComposites.java:765)
	at ptolemy.actor.util.CausalityInterfaceForComposites._computeInputDepth(CausalityInterfaceForComposites.java:696)
	at ptolemy.actor.util.CausalityInterfaceForComposites._computeOutputPortDepth(CausalityInterfaceForComposites.java:765)
	at ptolemy.actor.util.CausalityInterfaceForComposites._computeInputDepth(CausalityInterfaceForComposites.java:696)
	at ptolemy.actor.util.CausalityInterfaceForComposites._computeActorDepth(CausalityInterfaceForComposites.java:532)
	at ptolemy.actor.util.CausalityInterfaceForComposites.checkForCycles(CausalityInterfaceForComposites.java:96)
	at ptolemy.domains.de.kernel.DEDirector.preinitialize(DEDirector.java:1338)
	at ptolemy.actor.CompositeActor.preinitialize(CompositeActor.java:1828)
	at ptolemy.actor.Manager.preinitializeAndResolveTypes(Manager.java:1040)
	at ptolemy.actor.Manager.initialize(Manager.java:710)
	at ptolemy.actor.Manager.execute(Manager.java:356)
	at ptolemy.actor.Manager.run(Manager.java:1263)
	at ptolemy.actor.Manager$PtolemyRunThread.run(Manager.java:1933)
]]></system-err>
</testsuite>
