<?xml version="1.0" encoding="UTF-8" ?>
<testsuite errors="0" failures="0" hostname="travis-job-1e83a575-2ceb-49aa-adf8-b707ad0f1d49" name="ptolemy.domains.de.test.junit.JUnitTclTest" skipped="0" tests="101" time="129.586" timestamp="2019-04-09T21:58:11">
  <properties>
    <property name="npm.executable" value="npm" />
    <property name="file.encoding.pkg" value="sun.io" />
    <property name="env.TRAVIS_ROOT" value="/" />
    <property name="ptII.mk.exists" value="true" />
    <property name="env.TRAVIS_APP_HOST" value="build.travis-ci.org" />
    <property name="env.rvm_bin_path" value="/home/travis/.rvm/bin" />
    <property name="java.home" value="/usr/lib/jvm/java-8-oracle/jre" />
    <property name="env.TRAVIS_JOB_NUMBER" value="1080.9" />
    <property name="env.TRAVIS_HOME" value="/home/travis" />
    <property name="env.DISPLAY" value=":99.0" />
    <property name="java.net.preferIPv4Stack" value="true" />
    <property name="env.TRAVIS_INIT" value="upstart" />
    <property name="env.SSH_TTY" value="/dev/pts/0" />
    <property name="env.RUN_TESTS" value="true" />
    <property name="timeout.short" value="1000000" />
    <property name="env.TRAVIS_JOB_NAME" value="" />
    <property name="env.TRAVIS_STACK_NODE_ATTRIBUTES" value="/.node-attributes.yml" />
    <property name="junit.formatter" value="xml" />
    <property name="java.endorsed.dirs" value="/usr/lib/jvm/java-8-oracle/jre/lib/endorsed" />
    <property name="env.TRAVIS_SUDO" value="true" />
    <property name="env.LOGNAME" value="travis" />
    <property name="jsdoc.home" value="node_modules/@terraswarm/jsdoc" />
    <property name="debuglevel" value="source,lines,vars" />
    <property name="checkstyle.formatter" value="xml" />
    <property name="bin.vergil.makeable" value="true" />
    <property name="env._system_version" value="14.04" />
    <property name="sun.os.patch.level" value="unknown" />
    <property name="java.vendor.url" value="http://java.oracle.com/" />
    <property name="env.TRAVIS_BUILD_WEB_URL" value="https://travis-ci.org/icyphy/ptII/builds/517999088" />
    <property name="java.version" value="1.8.0_151" />
    <property name="env.TZ" value="UTC" />
    <property name="env.PT_NO_NET" value="true" />
    <property name="env.TRAVIS_PULL_REQUEST_SHA" value="" />
    <property name="env.TRAVIS_SECURE_ENV_VARS" value="true" />
    <property name="env._system_type" value="Linux" />
    <property name="java.vendor.url.bug" value="http://bugreport.sun.com/bugreport/" />
    <property name="env.SSH_CLIENT" value="10.10.19.231 34714 22" />
    <property name="npmjs-org-is-up" value="true" />
    <property name="env.GEM_HOME" value="/home/travis/.rvm/gems/ruby-2.4.1" />
    <property name="env.HAS_ANTARES_THREE_LITTLE_FRONZIES_BADGE" value="true" />
    <property name="env.PS4" value="+" />
    <property name="ant.project.invoked-targets" value="build,test.core2.xml" />
    <property name="env.TRAVIS_PULL_REQUEST_BRANCH" value="" />
    <property name="env.TRAVIS_REPO_SLUG" value="icyphy/ptII" />
    <property name="env.TRAVIS_APT_PROXY" value="http://build-cache.travisci.net" />
    <property name="node.in.path" value="true" />
    <property name="java.maxmemory" value="1400m" />
    <property name="env.RUBY_VERSION" value="ruby-2.4.1" />
    <property name="user.name" value="travis" />
    <property name="env.LANG" value="en_US.UTF-8" />
    <property name="sun.io.unicode.encoding" value="UnicodeLittle" />
    <property name="sun.jnu.encoding" value="UTF-8" />
    <property name="java.runtime.name" value="Java(TM) SE Runtime Environment" />
    <property name="usefile" value="false" />
    <property name="return.code" value="0" />
    <property name="junit.single.formatter" value="plain" />
    <property name="env.DYLD_LIBRARY_PATH" value="/home/travis/pthla/certi-tools/lib:" />
    <property name="env.DEBIAN_FRONTEND" value="noninteractive" />
    <property name="env.SSH_CONNECTION" value="10.10.19.231 34714 10.20.1.255 22" />
    <property name="env.MYSQL_UNIX_PORT" value="/var/run/mysqld/mysqld.sock" />
    <property name="env.TRAVIS_ALLOW_FAILURE" value="false" />
    <property name="env.LC_ALL" value="en_US.UTF-8" />
    <property name="env.TRAVIS_JOB_WEB_URL" value="https://travis-ci.org/icyphy/ptII/jobs/517999097" />
    <property name="java.specification.name" value="Java Platform API Specification" />
    <property name="node.works" value="true" />
    <property name="user.timezone" value="" />
    <property name="path.separator" value=":" />
    <property name="env.TRAVIS_ENABLE_INFRA_DETECTION" value="true" />
    <property name="env.PYTHON_CFLAGS" value="-g -fstack-protector --param=ssp-buffer-size=4 -Wformat -Werror=format-security" />
    <property name="timeout.long" value="4000000" />
    <property name="env.CERTI_HOME" value="/home/travis/pthla/certi-tools" />
    <property name="file.encoding" value="UTF-8" />
    <property name="ant.file.ptII" value="/home/travis/build/icyphy/ptII/build.xml" />
    <property name="javadoc.packagenames" value="com.*,diva.*,lbnl.*,org.hlacerti.*,org.json.*,org.ptolemy.*,org.terraswarm.*,ptolemy.*,ptserver.*" />
    <property name="env.TRAVIS_PULL_REQUEST_SLUG" value="" />
    <property name="ant.project.default-target" value="build" />
    <property name="env.GIT_ASKPASS" value="echo" />
    <property name="env.HOME" value="/home/travis" />
    <property name="sun.java.command" value="org.apache.tools.ant.taskdefs.optional.junit.JUnitTestRunner ptolemy.domains.de.test.junit.JUnitTclTest skipNonTests=false filtertrace=true haltOnError=false haltOnFailure=false formatter=org.apache.tools.ant.taskdefs.optional.junit.OutErrSummaryJUnitResultFormatter showoutput=true outputtoformatters=true logfailedtests=true threadid=0 logtestlistenerevents=false formatter=org.apache.tools.ant.taskdefs.optional.junit.XMLJUnitResultFormatter,/home/travis/build/icyphy/ptII/reports/junit/TEST-ptolemy.domains.de.test.junit.JUnitTclTest.xml crashfile=/home/travis/build/icyphy/ptII/junitvmwatcher714812383446815272.properties propsfile=/home/travis/build/icyphy/ptII/junit814514771100480619.properties" />
    <property name="env.MANPATH" value="/home/travis/.nvm/versions/node/v7.10.1/share/man:/home/travis/.kiex/elixirs/elixir-1.4.5/man:/home/travis/.rvm/rubies/ruby-2.4.1/share/man:/usr/local/man:/usr/local/cmake-3.9.2/man:/usr/local/clang-5.0.0/share/man:/usr/local/share/man:/usr/share/man:/home/travis/.rvm/man" />
    <property name="env.COMPOSER_NO_INTERACTION" value="1" />
    <property name="env.JDK_SWITCHER_DEFAULT" value="oraclejdk8" />
    <property name="env.TRAVIS_TIMER_ID" value="0a7b5d68" />
    <property name="ant.file" value="/home/travis/build/icyphy/ptII/build.xml" />
    <property name="env.TRAVIS_COMMIT_RANGE" value="790d4dbe3c16...06b5c823d375" />
    <property name="env._system_name" value="Ubuntu" />
    <property name="timeout" value="2400000" />
    <property name="ptII.classpath.optional.property" value="/home/travis/build/icyphy/ptII/lib/bsh-2.0b4.jar:/home/travis/build/icyphy/ptII/lib/ptCal.jar:/home/travis/build/icyphy/ptII/lib/java_cup.jar:/home/travis/build/icyphy/ptII/lib/saxon8.jar:/home/travis/build/icyphy/ptII/lib/saxon8-dom.jar:/home/travis/build/icyphy/ptII/lib/chic.jar:/home/travis/build/icyphy/ptII/lib/ptcolt.jar:/usr/lib/jvm/java-8-oracle/lib/tools.jar:/home/travis/build/icyphy/ptII/vendors/misc/itext/iText.jar:/home/travis/build/icyphy/ptII/lib/g4ltl.jar:/home/travis/build/icyphy/ptII/lib/StructuralCoder.jar:/home/travis/build/icyphy/ptII/vendors/jai-1_1_2_01/lib/jai_core.jar:/home/travis/build/icyphy/ptII/vendors/jai-1_1_2_01/lib/jai_codec.jar:/home/travis/build/icyphy/ptII/lib/jcerti.jar:/home/travis/build/icyphy/ptII/lib/javax.mail.jar:/home/travis/build/icyphy/ptII/vendors/JMF-2.1.1e/lib/jmf.jar:/home/travis/build/icyphy/ptII/lib/jna-4.0.0-variadic.jar:/home/travis/build/icyphy/ptII/vendors/misc/joystick/Joystick.jar:/home/travis/build/icyphy/ptII/lib/ptjacl.jar:/home/travis/build/icyphy/ptII/lib/jsoup-1.8.2.jar:/home/travis/build/icyphy/ptII/lib/junit-4.8.2.jar:/home/travis/build/icyphy/ptII/lib/JUnitParams-0.4.0.jar:/home/travis/build/icyphy/ptII/ptolemy/actor/lib/excel/jxl.jar:/home/travis/build/icyphy/ptII/lib/jython.jar:/home/travis/build/icyphy/ptII/lib/kieler.jar:/home/travis/build/icyphy/ptII/vendors/opencv/share/OpenCV/java/opencv-341.jar:/home/travis/build/icyphy/ptII/lib/oscP5.jar:/home/travis/build/icyphy/ptII/lib/nrjavaserial-3.11.0.devel.jar:/home/travis/build/icyphy/ptII/vendors/j3d/lib/j3dcore.jar:/home/travis/build/icyphy/ptII/vendors/j3d/lib/j3dutils.jar:/home/travis/build/icyphy/ptII/vendors/j3d/lib/vecmath.jar:/home/travis/build/icyphy/ptII/ptolemy/distributed/jini/jar/jini-core.jar:/home/travis/build/icyphy/ptII/ptolemy/distributed/jini/jar/jini-ext.jar:/home/travis/build/icyphy/ptII/ptolemy/distributed/jini/jar/sun-util.jar:/home/travis/build/icyphy/ptII/lib/protobuf-java-2.4.1.jar:/home/travis/build/icyphy/ptII/lib/org.eclipse.paho.client.mqttv3.jar:/home/travis/build/icyphy/ptII/lib/mapss.jar:/home/travis/build/icyphy/ptII/ptolemy/actor/ptalon/antlr/antlr.jar:/home/travis/build/icyphy/ptII/lib/JRI.jar:/home/travis/build/icyphy/ptII/lib/commons-lang-2.6.jar:/home/travis/build/icyphy/ptII/lib/commons-logging-1.1.1.jar:/home/travis/build/icyphy/ptII/lib/sootclasses.jar:/home/travis/build/icyphy/ptII/ptolemy/actor/lib/database/mysql-connector-java-5.1.6-bin.jar:/home/travis/build/icyphy/ptII/vendors/misc/sphinx4/sphinx4-data-5prealpha.jar:/home/travis/build/icyphy/ptII/vendors/misc/sphinx4/sphinx4-core-5prealpha.jar:/home/travis/build/icyphy/ptII/lib/PDFRenderer.jar:/home/travis/build/icyphy/ptII/lib/svgSalamander.jar:/home/travis/build/icyphy/ptII/lib/rsyntaxtextarea-2.6.0-SNAPSHOT.jar:/home/travis/build/icyphy/ptII/lib/hazelcast-3.8.2.jar:/home/travis/build/icyphy/ptII/lib/jackson-annotations-2.9.0.jar:/home/travis/build/icyphy/ptII/lib/jackson-core-2.9.3.jar:/home/travis/build/icyphy/ptII/lib/jackson-databind-2.9.3.jar:/home/travis/build/icyphy/ptII/lib/netty-buffer-4.1.19.Final.jar:/home/travis/build/icyphy/ptII/lib/netty-codec-4.1.19.Final.jar:/home/travis/build/icyphy/ptII/lib/netty-codec-dns-4.1.19.Final.jar:/home/travis/build/icyphy/ptII/lib/netty-codec-http-4.1.19.Final.jar:/home/travis/build/icyphy/ptII/lib/netty-codec-http2-4.1.19.Final.jar:/home/travis/build/icyphy/ptII/lib/netty-common-4.1.19.Final.jar:/home/travis/build/icyphy/ptII/lib/netty-handler-4.1.19.Final.jar:/home/travis/build/icyphy/ptII/lib/netty-resolver-4.1.19.Final.jar:/home/travis/build/icyphy/ptII/lib/netty-resolver-dns-4.1.19.Final.jar:/home/travis/build/icyphy/ptII/lib/netty-transport-4.1.19.Final.jar:/home/travis/build/icyphy/ptII/lib/vertx-codegen-3.5.1.jar:/home/travis/build/icyphy/ptII/lib/vertx-core-3.5.2-SNAPSHOT.jar:/home/travis/build/icyphy/ptII/lib/vertx-hazelcast-3.5.1.jar:/home/travis/build/icyphy/ptII/lib/vertx-lang-js-3.5.1.jar:/home/travis/build/icyphy/ptII/lib/vertx-service-proxy-3.5.1.jar:/home/travis/build/icyphy/ptII/lib/vertx-web-3.5.1.jar:/home/travis/build/icyphy/ptII/lib/slf4j-api-1.7.13.jar:/home/travis/build/icyphy/ptII/lib/slf4j-simple-1.7.13.jar:/home/travis/build/icyphy/ptII/lib/webcam-capture-0.3.12.jar:/home/travis/build/icyphy/ptII/lib/bridj-0.7.0.jar:/home/travis/build/icyphy/ptII/lib/xbjlib-1.1.0.nrjavaserial.jar" />
    <property name="test.batch" value="**/junit/*.java" />
    <property name="env._" value="/usr/bin/timeout" />
    <property name="java.io.tmpdir" value="/tmp" />
    <property name="env.TRAVIS_INTERNAL_RUBY_REGEX" value="^ruby-(2\.[0-4]\.[0-9]|1\.9\.3)" />
    <property name="user.language" value="en" />
    <property name="env.HISTCONTROL" value="ignoredups:ignorespace" />
    <property name="env.GOROOT" value="/home/travis/.gimme/versions/go1.7.4.linux.amd64" />
    <property name="line.separator" value="&#xa;" />
    <property name="target" value="1.8" />
    <property name="env.TRAVIS_BUILD_DIR" value="/home/travis/build/icyphy/ptII" />
    <property name="env.ANT_OPTS" value="-Xmx2048m" />
    <property name="ant.file.type" value="file" />
    <property name="ptolemy.ptII.batchMode" value="true" />
    <property name="env.HISTSIZE" value="1000" />
    <property name="env.MERB_ENV" value="test" />
    <property name="java.vm.info" value="mixed mode" />
    <property name="source" value="1.8" />
    <property name="java.vm.specification.name" value="Java Virtual Machine Specification" />
    <property name="env.TRAVIS_TEST_RESULT" value="0" />
    <property name="jsdoc.command" value="node_modules/@terraswarm/jsdoc/jsdoc.js" />
    <property name="npm.works" value="true" />
    <property name="cobertura.dir" value="/home/travis/build/icyphy/ptII/vendors/cobertura-2.0.3" />
    <property name="env.rvm_path" value="/home/travis/.rvm" />
    <property name="env.GEM_PATH" value="/home/travis/.rvm/gems/ruby-2.4.1:/home/travis/.rvm/gems/ruby-2.4.1@global" />
    <property name="env.LC_CTYPE" value="en_US.UTF-8" />
    <property name="java.awt.printerjob" value="sun.print.PSPrinterJob" />
    <property name="env.TRAVIS_CMD" value="$PTII/bin/ptIITravisBuild.sh $SECONDS" />
    <property name="env.TRAVIS_STACK_NAME" value="garnet" />
    <property name="env.TRAVIS_TIMER_START_TIME" value="1554846557914934395" />
    <property name="ant.version" value="Apache Ant(TM) version 1.10.1 compiled on February 2 2017" />
    <property name="ptII.reports" value="/home/travis/build/icyphy/ptII/reports" />
    <property name="env.TRAVIS_STACK_TIMESTAMP" value="2017-12-05 19:33:09 UTC" />
    <property name="ant.file.type.ptII" value="file" />
    <property name="env.RBENV_SHELL" value="bash" />
    <property name="os.name" value="Linux" />
    <property name="java.specification.vendor" value="Oracle Corporation" />
    <property name="env.rvm_version" value="1.29.3 (latest)" />
    <property name="env.TRAVIS_INFRA" value="gce" />
    <property name="env.TERM" value="xterm" />
    <property name="java.vm.name" value="Java HotSpot(TM) 64-Bit Server VM" />
    <property name="env.TRAVIS_BUILD_NUMBER" value="1080" />
    <property name="env.CI" value="true" />
    <property name="java.library.path" value="/home/travis/pthla/certi-tools/lib:/usr/lib/jni:/usr/local/share/OpenCV/java/:/usr/share/OpenCV/java::/usr/java/packages/lib/amd64:/usr/lib64:/lib64:/lib:/usr/lib" />
    <property name="env.rvm_prefix" value="/home/travis" />
    <property name="env.PATH" value="/home/travis/pthla/certi-tools/share/scripts:/home/travis/.rvm/gems/ruby-2.4.1/bin:/home/travis/.rvm/gems/ruby-2.4.1@global/bin:/home/travis/.rvm/rubies/ruby-2.4.1/bin:/home/travis/.rvm/bin:/home/travis/.nvm/versions/node/v7.10.1/bin:./node_modules/.bin:/home/travis/build/icyphy/ptII/bin:/home/travis/pthla/certi-tools/bin:/home/travis/bin:/home/travis/.local/bin:/opt/pyenv/shims:/home/travis/.phpenv/shims:/home/travis/perl5/perlbrew/bin:/home/travis/.kiex/elixirs/elixir-1.4.5/bin:/home/travis/.kiex/bin:/home/travis/gopath/bin:/home/travis/.gimme/versions/go1.7.4.linux.amd64/bin:/usr/local/phantomjs/bin:/usr/local/phantomjs:/usr/local/neo4j-3.2.7/bin:/usr/local/maven-3.5.2/bin:/usr/local/cmake-3.9.2/bin:/usr/local/clang-5.0.0/bin:/usr/local/sbin:/usr/local/bin:/usr/sbin:/usr/bin:/sbin:/bin:/home/travis/.phpenv/bin:/opt/pyenv/bin:/home/travis/.yarn/bin" />
    <property name="env.TRAVIS_OS_NAME" value="linux" />
    <property name="ant.java.version" value="1.8" />
    <property name="basedir" value="/home/travis/build/icyphy/ptII" />
    <property name="java.class.version" value="52.0" />
    <property name="env.SHLVL" value="3" />
    <property name="env.LD_LIBRARY_PATH" value="/home/travis/pthla/certi-tools/lib:/usr/lib/jni:/usr/local/share/OpenCV/java/:/usr/share/OpenCV/java:" />
    <property name="env.RACK_ENV" value="test" />
    <property name="ant.home" value="/home/travis/build/icyphy/ptII/ant" />
    <property name="env.PERLBREW_BASHRC_VERSION" value="0.80" />
    <property name="env.NVM_DIR" value="/home/travis/.nvm" />
    <property name="env.TRAVIS_BUILD_ID" value="517999088" />
    <property name="env.CERTI_FOM_PATH" value="/home/travis/pthla/certi-tools/share/federations" />
    <property name="env.PYENV_ROOT" value="/opt/pyenv" />
    <property name="env.TRAVIS_UID" value="2000" />
    <property name="env.rvm_pretty_print_flag" value="auto" />
    <property name="env.NVM_BIN" value="/home/travis/.nvm/versions/node/v7.10.1/bin" />
    <property name="env.TRAVIS_COMMIT" value="06b5c823d3750f890992eaeff4be4c0432c63335" />
    <property name="env._system_arch" value="x86_64" />
    <property name="node.executable" value="node" />
    <property name="sun.boot.library.path" value="/usr/lib/jvm/java-8-oracle/jre/lib/amd64" />
    <property name="sun.management.compiler" value="HotSpot 64-Bit Tiered Compilers" />
    <property name="env.GOPATH" value="/home/travis/gopath" />
    <property name="java.awt.graphicsenv" value="sun.awt.X11GraphicsEnvironment" />
    <property name="ptolemy.ptII.dir" value="/home/travis/build/icyphy/ptII" />
    <property name="env.USER" value="travis" />
    <property name="env.HISTFILESIZE" value="2000" />
    <property name="timeout.longest" value="19000000" />
    <property name="env.TRAVIS_STACK_FEATURES" value="basic cassandra chromium couchdb disabled-ipv6 docker docker-compose elasticsearch firefox go-toolchain google-chrome jdk memcached mongodb mysql neo4j nodejs_interpreter perl_interpreter perlbrew phantomjs postgresql python_interpreter rabbitmq redis riak ruby_interpreter sqlite xserver" />
    <property name="env.TRAVIS_PULL_REQUEST" value="false" />
    <property name="env.PYENV_SHELL" value="bash" />
    <property name="ant.project.name" value="ptII" />
    <property name="java.vm.specification.version" value="1.8" />
    <property name="env.ANSI_RESET" value="\033[0m" />
    <property name="env.TRAVIS_DIST" value="trusty" />
    <property name="env.CERTI_VERSION" value="4.0.0" />
    <property name="env.NLSPATH" value="/usr/dt/lib/nls/msg/%L/%N.cat" />
    <property name="awt.toolkit" value="sun.awt.X11.XToolkit" />
    <property name="env.CERTI_HOST" value="localhost" />
    <property name="env.MY_RUBY_HOME" value="/home/travis/.rvm/rubies/ruby-2.4.1" />
    <property name="sun.cpu.isalist" value="" />
    <property name="env.TRAVIS_TMPDIR" value="/tmp/tmp.rVSYlVJ9PA" />
    <property name="java.ext.dirs" value="/usr/lib/jvm/java-8-oracle/jre/lib/ext:/usr/java/packages/lib/ext" />
    <property name="os.version" value="4.4.0-101-generic" />
    <property name="user.home" value="/home/travis" />
    <property name="env.MIX_ARCHIVES" value="/home/travis/.kiex/mix/elixir-1.4.5" />
    <property name="java.vm.vendor" value="Oracle Corporation" />
    <property name="env.TRAVIS_TAG" value="nightly" />
    <property name="env.ANSI_YELLOW" value="\033[33;1m" />
    <property name="env.TRAVIS_FILTERED" value="redirect_io" />
    <property name="env.ANSI_GREEN" value="\033[32;1m" />
    <property name="env.JAVA_HOME" value="/usr/lib/jvm/java-8-oracle" />
    <property name="env.PTII" value="/home/travis/build/icyphy/ptII" />
    <property name="javadoc.excludepackagenames" value="adm.cvs2svn.*,build.*,config.*,doc.coding.templates.*,jni.test.jni.meaningOfLife.*,jni.test.jni.testDeux.*,jni.test.jni.testTrois.*,org.terraswarm.accessor.accessors.web.node_modules.*,org.terraswarm.accessor.accessors.web.hosts.cordova.demo.*,org.terraswarm.accessor.accessors.web.hosts.cordova.plugins.*,org.terraswarm.accessor.accessors-svn.*,pt-modules.*,ptolemy.apps.agilent.*,ptolemy.apps.anytimecontrol.*,ptolemy.apps.apes.*,ptolemy.apps.charon.*,ptolemy.apps.crazyboard.*,ptolemy.apps.eclipse.*,ptolemy.apps.etherealSting.*,ptolemy.apps.fullscreen.*,ptolemy.apps.giotto.*,ptolemy.apps.ia.*,ptolemy.apps.interfaces.*,ptolemy.apps.jmf.*,ptolemy.apps.kurt.*,ptolemy.apps.kvm.*,ptolemy.apps.lego.*,ptolemy.apps.lejos.*,ptolemy.apps.midp.*,ptolemy.apps.mobileCoding.*,ptolemy.apps.pendulum.*,ptolemy.apps.rijndael.*,ptolemy.apps.robot.*,ptolemy.apps.security.*,ptolemy.apps.sobel.*,ptolemy.apps.soot.*,ptolemy.apps.throttle.*,ptolemy.apps.tini.*,ptolemy.apps.transmission.*,ptolemy.apps.vergil.*,ptolemy.apps.waba.*,ptolemy.apps.websensor.*,ptolemy.apps.webstart.*,ptolemy.apps.xsl.*,ptolemy.apps.zaurus.*,ptolemy.codegen.c.actor.lib.oldJavaFiles.*,ptolemy.codegen.dsp.lib.*,ptolemy.codegen.kernel.newInterfaces.*,ptolemy.codegen.lib.*,ptolemy.copernicus.kernel.fragment.*,ptolemy.copernicus.shallow.cg.*,ptolemy.domains.giotto.demo.Hierarchy.Hierarchy.*,ptolemy.domains.giotto.demo.Multimode.Multimode.*,ptolemy.domains.giotto.demo.Simple.Simple.*,ptolemy.domains.gr.lib.experimental.*,ptolemy.domains.gro.*,ptolemy.domains.pdf.*,ptolemy.domains.ptinyos.demo.Surge.output.*,ptolemy.moml.test.NoPackageActor.java*,ptolemy.plot.adm.*,ptolemy.plot.servlet.*,reports.*,signed.*,src.*,target.*,vendors.*,ptolemy.apps.eclipse.awt.*,ptolemy.backtrack.*,ptolemy.backtrack.ast.*,ptolemy.cg.adapter.generic.program.procedural.c.mbed*,ptolemy.homer.*,org.ptolemy.scala.*,diva.util.java2d.svg.*,ptolemy.domains.ptinyos.*,ptolemy.actor.lib.fmi.fmipp.*,,org.terraswarm.accessor.accessors.web.node_modules.*,org.terraswarm.accessor.accessors-svn,ptolemy.apps.*,ptolemy.actor.ptalon.demo.ptinyos.SendAndReceiveCnt.output,ptolemy.actor.ptalon.demo.ptinyos.SenseToLeds.output,ptolemy.domains.ptinyos.demo.CntToLedsAndRfm.output,ptolemy.domains.ptinyos.demo.RfmToLeds.output,ptolemy.domains.ptinyos.demo.SendAndReceiveCnt.output,ptolemy.domains.ptinyos.demo.SenseToLeds.output,ptolemy.actor.lib.jjs.modules.udpSocket.*" />
    <property name="env.TRAVIS_COMMIT_MESSAGE" value="minor code re-ordering in reify function" />
    <property name="keystore" value="ptKeystore" />
    <property name="env.XDG_SESSION_ID" value="2" />
    <property name="junit.output.dir" value="/home/travis/build/icyphy/ptII/reports/junit" />
    <property name="npm.return.code" value="0" />
    <property name="user.dir" value="/home/travis/build/icyphy/ptII/ptolemy/domains/de/test" />
    <property name="env.TRAVIS_NODE_VERSION" value="7" />
    <property name="env.XFILESEARCHPATH" value="/usr/dt/app-defaults/%L/Dt" />
    <property name="env.TRAVIS_EVENT_TYPE" value="push" />
    <property name="env.MAIL" value="/var/mail/travis" />
    <property name="env.PWD" value="/home/travis/build/icyphy/ptII" />
    <property name="env.PERLBREW_ROOT" value="/home/travis/perl5/perlbrew" />
    <property name="timeout.npm" value="45000" />
    <property name="env.PT_TRAVIS_TEST_CORE2_XML" value="true" />
    <property name="env.TRAVIS_ARCH" value="amd64" />
    <property name="env.PAGER" value="cat" />
    <property name="sun.cpu.endian" value="little" />
    <property name="env.TRAVIS_BUILD_STAGE_NAME" value="Test" />
    <property name="env.PERLBREW_HOME" value="/home/travis/.perlbrew" />
    <property name="env.RAILS_ENV" value="test" />
    <property name="java.vm.version" value="25.151-b12" />
    <property name="java.class.path" value="/home/travis/build/icyphy/ptII:/home/travis/build/icyphy/ptII/lib/bsh-2.0b4.jar:/home/travis/build/icyphy/ptII/lib/ptCal.jar:/home/travis/build/icyphy/ptII/lib/java_cup.jar:/home/travis/build/icyphy/ptII/lib/saxon8.jar:/home/travis/build/icyphy/ptII/lib/saxon8-dom.jar:/home/travis/build/icyphy/ptII/lib/chic.jar:/home/travis/build/icyphy/ptII/lib/ptcolt.jar:/usr/lib/jvm/java-8-oracle/lib/tools.jar:/home/travis/build/icyphy/ptII/vendors/misc/itext/iText.jar:/home/travis/build/icyphy/ptII/lib/g4ltl.jar:/home/travis/build/icyphy/ptII/lib/StructuralCoder.jar:/home/travis/build/icyphy/ptII/vendors/jai-1_1_2_01/lib/jai_core.jar:/home/travis/build/icyphy/ptII/vendors/jai-1_1_2_01/lib/jai_codec.jar:/home/travis/build/icyphy/ptII/lib/jcerti.jar:/home/travis/build/icyphy/ptII/lib/javax.mail.jar:/home/travis/build/icyphy/ptII/vendors/JMF-2.1.1e/lib/jmf.jar:/home/travis/build/icyphy/ptII/lib/jna-4.0.0-variadic.jar:/home/travis/build/icyphy/ptII/vendors/misc/joystick/Joystick.jar:/home/travis/build/icyphy/ptII/lib/ptjacl.jar:/home/travis/build/icyphy/ptII/lib/jsoup-1.8.2.jar:/home/travis/build/icyphy/ptII/lib/junit-4.8.2.jar:/home/travis/build/icyphy/ptII/lib/JUnitParams-0.4.0.jar:/home/travis/build/icyphy/ptII/ptolemy/actor/lib/excel/jxl.jar:/home/travis/build/icyphy/ptII/lib/jython.jar:/home/travis/build/icyphy/ptII/lib/kieler.jar:/home/travis/build/icyphy/ptII/vendors/opencv/share/OpenCV/java/opencv-341.jar:/home/travis/build/icyphy/ptII/lib/oscP5.jar:/home/travis/build/icyphy/ptII/lib/nrjavaserial-3.11.0.devel.jar:/home/travis/build/icyphy/ptII/vendors/j3d/lib/j3dcore.jar:/home/travis/build/icyphy/ptII/vendors/j3d/lib/j3dutils.jar:/home/travis/build/icyphy/ptII/vendors/j3d/lib/vecmath.jar:/home/travis/build/icyphy/ptII/ptolemy/distributed/jini/jar/jini-core.jar:/home/travis/build/icyphy/ptII/ptolemy/distributed/jini/jar/jini-ext.jar:/home/travis/build/icyphy/ptII/ptolemy/distributed/jini/jar/sun-util.jar:/home/travis/build/icyphy/ptII/lib/protobuf-java-2.4.1.jar:/home/travis/build/icyphy/ptII/lib/org.eclipse.paho.client.mqttv3.jar:/home/travis/build/icyphy/ptII/lib/mapss.jar:/home/travis/build/icyphy/ptII/ptolemy/actor/ptalon/antlr/antlr.jar:/home/travis/build/icyphy/ptII/lib/JRI.jar:/home/travis/build/icyphy/ptII/lib/commons-lang-2.6.jar:/home/travis/build/icyphy/ptII/lib/commons-logging-1.1.1.jar:/home/travis/build/icyphy/ptII/lib/sootclasses.jar:/home/travis/build/icyphy/ptII/ptolemy/actor/lib/database/mysql-connector-java-5.1.6-bin.jar:/home/travis/build/icyphy/ptII/vendors/misc/sphinx4/sphinx4-data-5prealpha.jar:/home/travis/build/icyphy/ptII/vendors/misc/sphinx4/sphinx4-core-5prealpha.jar:/home/travis/build/icyphy/ptII/lib/PDFRenderer.jar:/home/travis/build/icyphy/ptII/lib/svgSalamander.jar:/home/travis/build/icyphy/ptII/lib/rsyntaxtextarea-2.6.0-SNAPSHOT.jar:/home/travis/build/icyphy/ptII/lib/hazelcast-3.8.2.jar:/home/travis/build/icyphy/ptII/lib/jackson-annotations-2.9.0.jar:/home/travis/build/icyphy/ptII/lib/jackson-core-2.9.3.jar:/home/travis/build/icyphy/ptII/lib/jackson-databind-2.9.3.jar:/home/travis/build/icyphy/ptII/lib/netty-buffer-4.1.19.Final.jar:/home/travis/build/icyphy/ptII/lib/netty-codec-4.1.19.Final.jar:/home/travis/build/icyphy/ptII/lib/netty-codec-dns-4.1.19.Final.jar:/home/travis/build/icyphy/ptII/lib/netty-codec-http-4.1.19.Final.jar:/home/travis/build/icyphy/ptII/lib/netty-codec-http2-4.1.19.Final.jar:/home/travis/build/icyphy/ptII/lib/netty-common-4.1.19.Final.jar:/home/travis/build/icyphy/ptII/lib/netty-handler-4.1.19.Final.jar:/home/travis/build/icyphy/ptII/lib/netty-resolver-4.1.19.Final.jar:/home/travis/build/icyphy/ptII/lib/netty-resolver-dns-4.1.19.Final.jar:/home/travis/build/icyphy/ptII/lib/netty-transport-4.1.19.Final.jar:/home/travis/build/icyphy/ptII/lib/vertx-codegen-3.5.1.jar:/home/travis/build/icyphy/ptII/lib/vertx-core-3.5.2-SNAPSHOT.jar:/home/travis/build/icyphy/ptII/lib/vertx-hazelcast-3.5.1.jar:/home/travis/build/icyphy/ptII/lib/vertx-lang-js-3.5.1.jar:/home/travis/build/icyphy/ptII/lib/vertx-service-proxy-3.5.1.jar:/home/travis/build/icyphy/ptII/lib/vertx-web-3.5.1.jar:/home/travis/build/icyphy/ptII/lib/slf4j-api-1.7.13.jar:/home/travis/build/icyphy/ptII/lib/slf4j-simple-1.7.13.jar:/home/travis/build/icyphy/ptII/lib/webcam-capture-0.3.12.jar:/home/travis/build/icyphy/ptII/lib/bridj-0.7.0.jar:/home/travis/build/icyphy/ptII/lib/xbjlib-1.1.0.nrjavaserial.jar:/home/travis/build/icyphy/ptII/ptolemy/moml/test:/home/travis/build/icyphy/ptII/ant/lib/ant-launcher.jar:/home/travis/build/icyphy/ptII/ant/lib/ant.jar:/home/travis/build/icyphy/ptII/ant/lib/ant-junit.jar:/home/travis/build/icyphy/ptII/ant/lib/ant-junit4.jar" />
    <property name="ant.library.dir" value="/home/travis/build/icyphy/ptII/ant/lib" />
    <property name="os.arch" value="amd64" />
    <property name="env.TRAVIS_LANGUAGE" value="node_js" />
    <property name="env.CONTINUOUS_INTEGRATION" value="true" />
    <property name="env.TRAVIS_STACK_LANGUAGES" value="__garnet__ c c++ clojure cplusplus cpp default go groovy java node_js php pure_java python ruby scala" />
    <property name="test.name" value="ptolemy.actor.lib.test.junit.JUnitTclTest" />
    <property name="sun.java.launcher" value="SUN_STANDARD" />
    <property name="env.PYTHON_CONFIGURE_OPTS" value="--enable-unicode=ucs4 --with-wide-unicode --enable-shared --enable-ipv6 --enable-loadable-sqlite-extensions --with-computed-gotos" />
    <property name="ant.core.lib" value="/home/travis/build/icyphy/ptII/ant/lib/ant.jar" />
    <property name="java.vm.specification.vendor" value="Oracle Corporation" />
    <property name="env.BCVTB_HOME" value="/home/travis/build/icyphy/ptII/lbnl" />
    <property name="file.separator" value="/" />
    <property name="spotbugs.home" value="/home/travis/build/icyphy/ptII/vendors/spotbugs-3.1.1" />
    <property name="java.runtime.version" value="1.8.0_151-b12" />
    <property name="sun.boot.class.path" value="/usr/lib/jvm/java-8-oracle/jre/lib/resources.jar:/usr/lib/jvm/java-8-oracle/jre/lib/rt.jar:/usr/lib/jvm/java-8-oracle/jre/lib/sunrsasign.jar:/usr/lib/jvm/java-8-oracle/jre/lib/jsse.jar:/usr/lib/jvm/java-8-oracle/jre/lib/jce.jar:/usr/lib/jvm/java-8-oracle/jre/lib/charsets.jar:/usr/lib/jvm/java-8-oracle/jre/lib/jfr.jar:/usr/lib/jvm/java-8-oracle/jre/classes" />
    <property name="env.ANSI_CLEAR" value="\033[0K" />
    <property name="env.HAS_JOSH_K_SEAL_OF_APPROVAL" value="true" />
    <property name="env.XDG_RUNTIME_DIR" value="/run/user/2000" />
    <property name="env.TRAVIS_OSX_IMAGE" value="" />
    <property name="env.TRAVIS_BRANCH" value="master" />
    <property name="env.TRAVIS_JOB_ID" value="517999097" />
    <property name="user.country" value="US" />
    <property name="env.CERTI_HOME_TRAVIS" value="/home/travis/pthla/certi-tools" />
    <property name="env.SHELL" value="/bin/bash" />
    <property name="java.maxmemory.large" value="5000m" />
    <property name="model" value="" />
    <property name="env.CASHER_DIR" value="/home/travis/.casher" />
    <property name="env.NVM_CD_FLAGS" value="" />
    <property name="jshint.executable" value="/home/travis/node_modules/jshint/bin/jshint" />
    <property name="java.vendor" value="Oracle Corporation" />
    <property name="env.JRUBY_OPTS" value=" --client -J-XX:+TieredCompilation -J-XX:TieredStopAtLevel=1 -J-Xss2m -Xcompile.invokedynamic=false" />
    <property name="env.TRAVIS_PRE_CHEF_BOOTSTRAP_TIME" value="2017-12-05T19:32:55" />
    <property name="env.TRAVIS_STACK_JOB_BOARD_REGISTER" value="/.job-board-register.yml" />
    <property name="env.ELIXIR_VERSION" value="1.4.5" />
    <property name="env.ANSI_RED" value="\033[31;1m" />
    <property name="java.specification.version" value="1.8" />
    <property name="env.TRAVIS" value="true" />
    <property name="env.IRBRC" value="/home/travis/.rvm/rubies/ruby-2.4.1/.irbrc" />
    <property name="sun.arch.data.model" value="64" />
  </properties>
  <testcase classname="ptolemy.util.test.junit.TclTests" name="[0] /home/travis/build/icyphy/ptII/ptolemy/domains/de/test/DependencyLoop.tcl (RunTclFile)" time="0.765" />
  <testcase classname="ptolemy.util.test.junit.TclTests" name="[1] /home/travis/build/icyphy/ptII/ptolemy/domains/de/test/RunDETestsAsQSS.tcl (RunTclFile)" time="88.736" />
  <testcase classname="ptolemy.util.test.junit.AutoKnownFailedTests" name="[0] /home/travis/build/icyphy/ptII/ptolemy/domains/de/test/auto/knownFailedTests/DESDFClockTest.xml (RunModel)" time="2.03" />
  <testcase classname="ptolemy.util.test.junit.AutoKnownFailedTests" name="[1] /home/travis/build/icyphy/ptII/ptolemy/domains/de/test/auto/knownFailedTests/DirectFeedback.xml (RunModel)" time="0.02" />
  <testcase classname="ptolemy.util.test.junit.AutoKnownFailedTests" name="[2] /home/travis/build/icyphy/ptII/ptolemy/domains/de/test/auto/knownFailedTests/FSMSource.xml (RunModel)" time="0.04" />
  <testcase classname="ptolemy.util.test.junit.AutoKnownFailedTests" name="[3] /home/travis/build/icyphy/ptII/ptolemy/domains/de/test/auto/knownFailedTests/HierarchicalModel.xml (RunModel)" time="0.059" />
  <testcase classname="ptolemy.util.test.junit.AutoKnownFailedTests" name="[4] /home/travis/build/icyphy/ptII/ptolemy/domains/de/test/auto/knownFailedTests/dependencyLoop.xml (RunModel)" time="0.036" />
  <testcase classname="ptolemy.util.test.junit.AutoKnownFailedTests" name="[5] /home/travis/build/icyphy/ptII/ptolemy/domains/de/test/auto/knownFailedTests/dependencyLoop2.xml (RunModel)" time="0.057" />
  <testcase classname="ptolemy.util.test.junit.AutoNameArchTests" name="[0] ThereAreNoAutoArchTests (RunModel)" time="0.005" />
  <testcase classname="ptolemy.util.test.junit.AutoTests" name="[0] /home/travis/build/icyphy/ptII/ptolemy/domains/de/test/auto/ActorDepthCalculation_actorWithoutPorts.xml (RunModel)" time="0.016" />
  <testcase classname="ptolemy.util.test.junit.AutoTests" name="[1] /home/travis/build/icyphy/ptII/ptolemy/domains/de/test/auto/AssemblyLine.xml (RunModel)" time="0.024" />
  <testcase classname="ptolemy.util.test.junit.AutoTests" name="[2] /home/travis/build/icyphy/ptII/ptolemy/domains/de/test/auto/CQBug1.xml (RunModel)" time="0.022" />
  <testcase classname="ptolemy.util.test.junit.AutoTests" name="[3] /home/travis/build/icyphy/ptII/ptolemy/domains/de/test/auto/CancelFireAt.xml (RunModel)" time="0.008" />
  <testcase classname="ptolemy.util.test.junit.AutoTests" name="[4] /home/travis/build/icyphy/ptII/ptolemy/domains/de/test/auto/CausalityAndComposabilityAnalysis.xml (RunModel)" time="0.015" />
  <testcase classname="ptolemy.util.test.junit.AutoTests" name="[5] /home/travis/build/icyphy/ptII/ptolemy/domains/de/test/auto/CausalityInterface1.xml (RunModel)" time="0.02" />
  <testcase classname="ptolemy.util.test.junit.AutoTests" name="[6] /home/travis/build/icyphy/ptII/ptolemy/domains/de/test/auto/CausalityInterface15.xml (RunModel)" time="0.017" />
  <testcase classname="ptolemy.util.test.junit.AutoTests" name="[7] /home/travis/build/icyphy/ptII/ptolemy/domains/de/test/auto/CausalityInterface2.xml (RunModel)" time="0.014" />
  <testcase classname="ptolemy.util.test.junit.AutoTests" name="[8] /home/travis/build/icyphy/ptII/ptolemy/domains/de/test/auto/CausalityInterface3.xml (RunModel)" time="0.014" />
  <testcase classname="ptolemy.util.test.junit.AutoTests" name="[9] /home/travis/build/icyphy/ptII/ptolemy/domains/de/test/auto/ClockDrift.xml (RunModel)" time="0.042" />
  <testcase classname="ptolemy.util.test.junit.AutoTests" name="[10] /home/travis/build/icyphy/ptII/ptolemy/domains/de/test/auto/ClockDriftAndValueChange.xml (RunModel)" time="0.037" />
  <testcase classname="ptolemy.util.test.junit.AutoTests" name="[11] /home/travis/build/icyphy/ptII/ptolemy/domains/de/test/auto/ClockDriftChange.xml (RunModel)" time="0.033" />
  <testcase classname="ptolemy.util.test.junit.AutoTests" name="[12] /home/travis/build/icyphy/ptII/ptolemy/domains/de/test/auto/ComposableCausalityAnalysis.xml (RunModel)" time="0.02" />
  <testcase classname="ptolemy.util.test.junit.AutoTests" name="[13] /home/travis/build/icyphy/ptII/ptolemy/domains/de/test/auto/DEFixedPointLimitation.xml (RunModel)" time="0.013" />
  <testcase classname="ptolemy.util.test.junit.AutoTests" name="[14] /home/travis/build/icyphy/ptII/ptolemy/domains/de/test/auto/DEScheduleTest.xml (RunModel)" time="0.014" />
  <testcase classname="ptolemy.util.test.junit.AutoTests" name="[15] /home/travis/build/icyphy/ptII/ptolemy/domains/de/test/auto/DEinDEwithStartTimes.xml (RunModel)" time="0.043" />
  <testcase classname="ptolemy.util.test.junit.AutoTests" name="[16] /home/travis/build/icyphy/ptII/ptolemy/domains/de/test/auto/DEinDEwithStartTimes2.xml (RunModel)" time="0.02" />
  <testcase classname="ptolemy.util.test.junit.AutoTests" name="[17] /home/travis/build/icyphy/ptII/ptolemy/domains/de/test/auto/DateDemo.xml (RunModel)" time="0.038" />
  <testcase classname="ptolemy.util.test.junit.AutoTests" name="[18] /home/travis/build/icyphy/ptII/ptolemy/domains/de/test/auto/DateToEvent.xml (RunModel)" time="2.048" />
  <testcase classname="ptolemy.util.test.junit.AutoTests" name="[19] /home/travis/build/icyphy/ptII/ptolemy/domains/de/test/auto/DepthTest1.xml (RunModel)" time="0.018" />
  <testcase classname="ptolemy.util.test.junit.AutoTests" name="[20] /home/travis/build/icyphy/ptII/ptolemy/domains/de/test/auto/DepthTest2.xml (RunModel)" time="0.02" />
  <testcase classname="ptolemy.util.test.junit.AutoTests" name="[21] /home/travis/build/icyphy/ptII/ptolemy/domains/de/test/auto/DepthTest3.xml (RunModel)" time="0.014" />
  <testcase classname="ptolemy.util.test.junit.AutoTests" name="[22] /home/travis/build/icyphy/ptII/ptolemy/domains/de/test/auto/DepthTest4.xml (RunModel)" time="0.013" />
  <testcase classname="ptolemy.util.test.junit.AutoTests" name="[23] /home/travis/build/icyphy/ptII/ptolemy/domains/de/test/auto/DepthTest5.xml (RunModel)" time="0.017" />
  <testcase classname="ptolemy.util.test.junit.AutoTests" name="[24] /home/travis/build/icyphy/ptII/ptolemy/domains/de/test/auto/DepthTest6.xml (RunModel)" time="0.015" />
  <testcase classname="ptolemy.util.test.junit.AutoTests" name="[25] /home/travis/build/icyphy/ptII/ptolemy/domains/de/test/auto/DepthTest7.xml (RunModel)" time="0.021" />
  <testcase classname="ptolemy.util.test.junit.AutoTests" name="[26] /home/travis/build/icyphy/ptII/ptolemy/domains/de/test/auto/EventToDate.xml (RunModel)" time="3.047" />
  <testcase classname="ptolemy.util.test.junit.AutoTests" name="[27] /home/travis/build/icyphy/ptII/ptolemy/domains/de/test/auto/FSM1.xml (RunModel)" time="0.032" />
  <testcase classname="ptolemy.util.test.junit.AutoTests" name="[28] /home/travis/build/icyphy/ptII/ptolemy/domains/de/test/auto/FSM7.xml (RunModel)" time="0.058" />
  <testcase classname="ptolemy.util.test.junit.AutoTests" name="[29] /home/travis/build/icyphy/ptII/ptolemy/domains/de/test/auto/Inspection.xml (RunModel)" time="0.068" />
  <testcase classname="ptolemy.util.test.junit.AutoTests" name="[30] /home/travis/build/icyphy/ptII/ptolemy/domains/de/test/auto/Iteration.xml (RunModel)" time="0.028" />
  <testcase classname="ptolemy.util.test.junit.AutoTests" name="[31] /home/travis/build/icyphy/ptII/ptolemy/domains/de/test/auto/LineFault.xml (RunModel)" time="0.547" />
  <testcase classname="ptolemy.util.test.junit.AutoTests" name="[32] /home/travis/build/icyphy/ptII/ptolemy/domains/de/test/auto/MergeModel1Add.xml (RunModel)" time="0.044" />
  <testcase classname="ptolemy.util.test.junit.AutoTests" name="[33] /home/travis/build/icyphy/ptII/ptolemy/domains/de/test/auto/MergeModel2Add.xml (RunModel)" time="0.036" />
  <testcase classname="ptolemy.util.test.junit.AutoTests" name="[34] /home/travis/build/icyphy/ptII/ptolemy/domains/de/test/auto/MergeModel3Add.xml (RunModel)" time="0.044" />
  <testcase classname="ptolemy.util.test.junit.AutoTests" name="[35] /home/travis/build/icyphy/ptII/ptolemy/domains/de/test/auto/MergeWithoutDiscard.xml (RunModel)" time="0.009" />
  <testcase classname="ptolemy.util.test.junit.AutoTests" name="[36] /home/travis/build/icyphy/ptII/ptolemy/domains/de/test/auto/Modal1.xml (RunModel)" time="0.026" />
  <testcase classname="ptolemy.util.test.junit.AutoTests" name="[37] /home/travis/build/icyphy/ptII/ptolemy/domains/de/test/auto/Modal2.xml (RunModel)" time="0.032" />
  <testcase classname="ptolemy.util.test.junit.AutoTests" name="[38] /home/travis/build/icyphy/ptII/ptolemy/domains/de/test/auto/Modal3.xml (RunModel)" time="0.028" />
  <testcase classname="ptolemy.util.test.junit.AutoTests" name="[39] /home/travis/build/icyphy/ptII/ptolemy/domains/de/test/auto/Modal4.xml (RunModel)" time="0.032" />
  <testcase classname="ptolemy.util.test.junit.AutoTests" name="[40] /home/travis/build/icyphy/ptII/ptolemy/domains/de/test/auto/Modal5.xml (RunModel)" time="0.028" />
  <testcase classname="ptolemy.util.test.junit.AutoTests" name="[41] /home/travis/build/icyphy/ptII/ptolemy/domains/de/test/auto/Modal6.xml (RunModel)" time="0.027" />
  <testcase classname="ptolemy.util.test.junit.AutoTests" name="[42] /home/travis/build/icyphy/ptII/ptolemy/domains/de/test/auto/Modal7.xml (RunModel)" time="0.027" />
  <testcase classname="ptolemy.util.test.junit.AutoTests" name="[43] /home/travis/build/icyphy/ptII/ptolemy/domains/de/test/auto/ModalModel.xml (RunModel)" time="0.156" />
  <testcase classname="ptolemy.util.test.junit.AutoTests" name="[44] /home/travis/build/icyphy/ptII/ptolemy/domains/de/test/auto/ModalSource.xml (RunModel)" time="0.018" />
  <testcase classname="ptolemy.util.test.junit.AutoTests" name="[45] /home/travis/build/icyphy/ptII/ptolemy/domains/de/test/auto/NonInterruptibleTimerZeroDelay.xml (RunModel)" time="0.013" />
  <testcase classname="ptolemy.util.test.junit.AutoTests" name="[46] /home/travis/build/icyphy/ptII/ptolemy/domains/de/test/auto/OpenQueueingNetwork.xml (RunModel)" time="2.246" />
  <testcase classname="ptolemy.util.test.junit.AutoTests" name="[47] /home/travis/build/icyphy/ptII/ptolemy/domains/de/test/auto/OpenQueuingNetwork.xml (RunModel)" time="0.266" />
  <testcase classname="ptolemy.util.test.junit.AutoTests" name="[48] /home/travis/build/icyphy/ptII/ptolemy/domains/de/test/auto/PeriodicSampler.xml (RunModel)" time="0.011" />
  <testcase classname="ptolemy.util.test.junit.AutoTests" name="[49] /home/travis/build/icyphy/ptII/ptolemy/domains/de/test/auto/PersistentIO.xml (RunModel)" time="0.017" />
  <testcase classname="ptolemy.util.test.junit.AutoTests" name="[50] /home/travis/build/icyphy/ptII/ptolemy/domains/de/test/auto/PortParameterResetOnInitialize.xml (RunModel)" time="0.011" />
  <testcase classname="ptolemy.util.test.junit.AutoTests" name="[51] /home/travis/build/icyphy/ptII/ptolemy/domains/de/test/auto/PortParameterUpdates.xml (RunModel)" time="0.012" />
  <testcase classname="ptolemy.util.test.junit.AutoTests" name="[52] /home/travis/build/icyphy/ptII/ptolemy/domains/de/test/auto/QueueAndServer.xml (RunModel)" time="0.016" />
  <testcase classname="ptolemy.util.test.junit.AutoTests" name="[53] /home/travis/build/icyphy/ptII/ptolemy/domains/de/test/auto/Records.xml (RunModel)" time="0.012" />
  <testcase classname="ptolemy.util.test.junit.AutoTests" name="[54] /home/travis/build/icyphy/ptII/ptolemy/domains/de/test/auto/ResetTransitionWithStartTime1.xml (RunModel)" time="0.018" />
  <testcase classname="ptolemy.util.test.junit.AutoTests" name="[55] /home/travis/build/icyphy/ptII/ptolemy/domains/de/test/auto/ResetTransitionWithStartTime2.xml (RunModel)" time="0.021" />
  <testcase classname="ptolemy.util.test.junit.AutoTests" name="[56] /home/travis/build/icyphy/ptII/ptolemy/domains/de/test/auto/ResetTransitionWithStartTime3.xml (RunModel)" time="0.015" />
  <testcase classname="ptolemy.util.test.junit.AutoTests" name="[57] /home/travis/build/icyphy/ptII/ptolemy/domains/de/test/auto/ResetTransitionWithStartTime4.xml (RunModel)" time="0.02" />
  <testcase classname="ptolemy.util.test.junit.AutoTests" name="[58] /home/travis/build/icyphy/ptII/ptolemy/domains/de/test/auto/ResettableTimer1.xml (RunModel)" time="0.012" />
  <testcase classname="ptolemy.util.test.junit.AutoTests" name="[59] /home/travis/build/icyphy/ptII/ptolemy/domains/de/test/auto/ResettableTimer2.xml (RunModel)" time="0.009" />
  <testcase classname="ptolemy.util.test.junit.AutoTests" name="[60] /home/travis/build/icyphy/ptII/ptolemy/domains/de/test/auto/ResettableTimer3.xml (RunModel)" time="0.01" />
  <testcase classname="ptolemy.util.test.junit.AutoTests" name="[61] /home/travis/build/icyphy/ptII/ptolemy/domains/de/test/auto/ResettableTimer4.xml (RunModel)" time="0.016" />
  <testcase classname="ptolemy.util.test.junit.AutoTests" name="[62] /home/travis/build/icyphy/ptII/ptolemy/domains/de/test/auto/ResettableTimer5.xml (RunModel)" time="0.01" />
  <testcase classname="ptolemy.util.test.junit.AutoTests" name="[63] /home/travis/build/icyphy/ptII/ptolemy/domains/de/test/auto/ResettableTimer6.xml (RunModel)" time="0.02" />
  <testcase classname="ptolemy.util.test.junit.AutoTests" name="[64] /home/travis/build/icyphy/ptII/ptolemy/domains/de/test/auto/ServerZeroDelay.xml (RunModel)" time="0.012" />
  <testcase classname="ptolemy.util.test.junit.AutoTests" name="[65] /home/travis/build/icyphy/ptII/ptolemy/domains/de/test/auto/SmartSender.xml (RunModel)" time="3.009" />
  <testcase classname="ptolemy.util.test.junit.AutoTests" name="[66] /home/travis/build/icyphy/ptII/ptolemy/domains/de/test/auto/ThreadedComposite.xml (RunModel)" time="0.208" />
  <testcase classname="ptolemy.util.test.junit.AutoTests" name="[67] /home/travis/build/icyphy/ptII/ptolemy/domains/de/test/auto/Time.xml (RunModel)" time="0.443" />
  <testcase classname="ptolemy.util.test.junit.AutoTests" name="[68] /home/travis/build/icyphy/ptII/ptolemy/domains/de/test/auto/TimeDelayZeroDelay.xml (RunModel)" time="0.012" />
  <testcase classname="ptolemy.util.test.junit.AutoTests" name="[69] /home/travis/build/icyphy/ptII/ptolemy/domains/de/test/auto/TimerZeroDelay.xml (RunModel)" time="0.01" />
  <testcase classname="ptolemy.util.test.junit.AutoTests" name="[70] /home/travis/build/icyphy/ptII/ptolemy/domains/de/test/auto/TimingParadox.xml (RunModel)" time="0.344" />
  <testcase classname="ptolemy.util.test.junit.AutoTests" name="[71] /home/travis/build/icyphy/ptII/ptolemy/domains/de/test/auto/TransferInputs.xml (RunModel)" time="0.009" />
  <testcase classname="ptolemy.util.test.junit.AutoTests" name="[72] /home/travis/build/icyphy/ptII/ptolemy/domains/de/test/auto/TransferOutputs2.xml (RunModel)" time="0.015" />
  <testcase classname="ptolemy.util.test.junit.AutoTests" name="[73] /home/travis/build/icyphy/ptII/ptolemy/domains/de/test/auto/Trilateration.xml (RunModel)" time="11.502" />
  <testcase classname="ptolemy.util.test.junit.AutoTests" name="[74] /home/travis/build/icyphy/ptII/ptolemy/domains/de/test/auto/TwoSigmaDelta.xml (RunModel)" time="2.107" />
  <testcase classname="ptolemy.util.test.junit.AutoTests" name="[75] /home/travis/build/icyphy/ptII/ptolemy/domains/de/test/auto/VariableDelay.xml (RunModel)" time="0.017" />
  <testcase classname="ptolemy.util.test.junit.AutoTests" name="[76] /home/travis/build/icyphy/ptII/ptolemy/domains/de/test/auto/VariableDelay2.xml (RunModel)" time="0.009" />
  <testcase classname="ptolemy.util.test.junit.AutoTests" name="[77] /home/travis/build/icyphy/ptII/ptolemy/domains/de/test/auto/VariableDelayZeroDelay.xml (RunModel)" time="0.011" />
  <testcase classname="ptolemy.util.test.junit.AutoTests" name="[78] /home/travis/build/icyphy/ptII/ptolemy/domains/de/test/auto/VariableDelayZeroDelay2.xml (RunModel)" time="0.009" />
  <testcase classname="ptolemy.util.test.junit.AutoTests" name="[79] /home/travis/build/icyphy/ptII/ptolemy/domains/de/test/auto/deInCt.xml (RunModel)" time="0.015" />
  <testcase classname="ptolemy.util.test.junit.AutoTests" name="[80] /home/travis/build/icyphy/ptII/ptolemy/domains/de/test/auto/deInCt2.xml (RunModel)" time="0.018" />
  <testcase classname="ptolemy.util.test.junit.AutoTests" name="[81] /home/travis/build/icyphy/ptII/ptolemy/domains/de/test/auto/dynamicCausalityInterface1.xml (RunModel)" time="0.016" />
  <testcase classname="ptolemy.util.test.junit.AutoTests" name="[82] /home/travis/build/icyphy/ptII/ptolemy/domains/de/test/auto/fsm_de_test.xml (RunModel)" time="0.027" />
  <testcase classname="ptolemy.util.test.junit.AutoTests" name="[83] /home/travis/build/icyphy/ptII/ptolemy/domains/de/test/auto/functionDependencyReconstruction.xml (RunModel)" time="0.036" />
  <testcase classname="ptolemy.util.test.junit.AutoTests" name="[84] /home/travis/build/icyphy/ptII/ptolemy/domains/de/test/auto/multirate.xml (RunModel)" time="0.014" />
  <testcase classname="ptolemy.util.test.junit.AutoTests" name="[85] /home/travis/build/icyphy/ptII/ptolemy/domains/de/test/auto/multirate2.xml (RunModel)" time="0.018" />
  <testcase classname="ptolemy.util.test.junit.AutoTests" name="[86] /home/travis/build/icyphy/ptII/ptolemy/domains/de/test/auto/realtime.xml (RunModel)" time="10.016" />
  <testcase classname="ptolemy.util.test.junit.AutoTests" name="[87] /home/travis/build/icyphy/ptII/ptolemy/domains/de/test/auto/relationGroup.xml (RunModel)" time="0.006" />
  <testcase classname="ptolemy.util.test.junit.AutoTests" name="[88] /home/travis/build/icyphy/ptII/ptolemy/domains/de/test/auto/relationGroup2.xml (RunModel)" time="0.006" />
  <testcase classname="ptolemy.util.test.junit.AutoTests" name="[89] /home/travis/build/icyphy/ptII/ptolemy/domains/de/test/auto/sortWithOpaquePorts.xml (RunModel)" time="0.007" />
  <testcase classname="ptolemy.util.test.junit.AutoTests" name="[90] /home/travis/build/icyphy/ptII/ptolemy/domains/de/test/auto/transferInputsandOutputs.xml (RunModel)" time="0.011" />
  <testcase classname="ptolemy.util.test.junit.AutoTests" name="[91] /home/travis/build/icyphy/ptII/ptolemy/domains/de/test/auto/triggerType.xml (RunModel)" time="0.013" />
  <system-out><![CDATA[/home/travis/build/icyphy/ptII/ptolemy/domains/de/test/DependencyLoop.tcl
testDefs.tcl: setting time out to 9000 seconds at Tue Apr 09 21:58:11 UTC 2019
23 ms. Memory: 116224K Free: 97564K (84%)
18 ms. Memory: 116224K Free: 111152K (96%)
/home/travis/build/icyphy/ptII/ptolemy/domains/de/test/RunDETestsAsQSS.tcl
Run the DE tests using ptolemy.domains.qss.test.QSSDirectorTest, which extends QSSDirector and prints a message in the constructors.
------------------ testing $PTII/ptolemy/domains/de/test/auto/knownFailedTests/dependencyLoop.xml (Known Failure) 
7 ms. Memory: 116224K Free: 108007K (93%)


==== $PTIIhome/travis/build/icyphy/ptII/ptolemy/domains/de/test/../../../../: Auto Automatic test in file $PTII/ptolemy/domains/de/test/auto/knownFailedTests/dependencyLoop.xml
==== Contents of test case:

	    # FIXME: we should use $relativeFilename here, but it
	    # might have backslashes under Windows, which causes no end
	    # of trouble.
	    createAndExecute $file
	    list {}
	
.... Test generated KNOWN error:
    while executing
ptolemy.kernel.util.IllegalActionException: Found a zero delay loop containing .dependencyLoop.original
  in .dependencyLoop and .dependencyLoop.original
	at ptolemy.actor.util.CausalityInterfaceForComposites._computeOutputPortDepth(CausalityInterfaceForComposites.java:759)
	at ptolemy.actor.util.CausalityInterfaceForComposites._computeInputDepth(CausalityInterfaceForComposites.java:696)
	at ptolemy.actor.util.CausalityInterfaceForComposites._computeOutputPortDepth(CausalityInterfaceForComposites.java:765)
	at ptolemy.actor.util.CausalityInterfaceForComposites._computeInputDepth(CausalityInterfaceForComposites.java:696)
	at ptolemy.actor.util.CausalityInterfaceForComposites._computeOutputPortDepth(CausalityInterfaceForComposites.java:765)
	at ptolemy.actor.util.CausalityInterfaceForComposites._computeInputDepth(CausalityInterfaceForComposites.java:696)
	at ptolemy.actor.util.CausalityInterfaceForComposites._computeActorDepth(CausalityInterfaceForComposites.java:532)
	at ptolemy.actor.util.CausalityInterfaceForComposites.checkForCycles(CausalityInterfaceForComposites.java:96)
	at ptolemy.domains.de.kernel.DEDirector.preinitialize(DEDirector.java:1338)
	at ptolemy.actor.CompositeActor.preinitialize(CompositeActor.java:1828)
	at ptolemy.actor.Manager.preinitializeAndResolveTypes(Manager.java:1040)
	at ptolemy.actor.Manager.initialize(Manager.java:710)
	at ptolemy.actor.Manager.execute(Manager.java:356)
	at ptolemy.actor.Manager.run(Manager.java:1263)
	at ptolemy.actor.Manager$PtolemyRunThread.run(Manager.java:1915)

    while executing
ptolemy.kernel.util.IllegalActionException: Found a zero delay loop containing .dependencyLoop.original
  in .dependencyLoop and .dependencyLoop.original
    while executing
"java::new ptolemy.moml.MoMLSimpleApplication $file
"
    (procedure "createAndExecute" line 2)
    invoked from within
"createAndExecute $file"
    ("uplevel" body line 5)
    invoked from within
"uplevel $contents_of_test"
------------------ testing $PTII/ptolemy/domains/de/test/auto/knownFailedTests/DESDFClockTest.xml (Known Failure) 
2055 ms. Memory: 116224K Free: 93419K (80%)


==== $PTIIhome/travis/build/icyphy/ptII/ptolemy/domains/de/test/../../../../: Auto Automatic test in file $PTII/ptolemy/domains/de/test/auto/knownFailedTests/DESDFClockTest.xml
==== Contents of test case:

	    # FIXME: we should use $relativeFilename here, but it
	    # might have backslashes under Windows, which causes no end
	    # of trouble.
	    createAndExecute $file
	    list {}
	
.... Test generated KNOWN error:
    while executing
ptolemy.kernel.util.IllegalActionException: Actor is not ready to fire.  Perhaps UpSample.prefire() returned false? Try debugging the actor by selecting "Listen to Actor".  Also, for SDF check moml for tokenConsumptionRate on input.
  in .DESDFClockTest.Play Bell.Copy1:SDF Director and .DESDFClockTest.Play Bell.UpSample
	at ptolemy.actor.sched.StaticSchedulingDirector.fire(StaticSchedulingDirector.java:227)
	at ptolemy.domains.sdf.kernel.SDFDirector.fire(SDFDirector.java:500)
	at ptolemy.actor.CompositeActor.fire(CompositeActor.java:455)
	at ptolemy.domains.de.kernel.DEDirector._fire(DEDirector.java:1949)
	at ptolemy.domains.de.kernel.DEDirector.fire(DEDirector.java:502)
	at ptolemy.actor.CompositeActor.fire(CompositeActor.java:455)
	at ptolemy.actor.Manager.iterate(Manager.java:851)
	at ptolemy.actor.Manager.execute(Manager.java:369)
	at ptolemy.actor.Manager.run(Manager.java:1263)
	at ptolemy.actor.Manager$PtolemyRunThread.run(Manager.java:1915)

    while executing
ptolemy.kernel.util.IllegalActionException: Actor is not ready to fire.  Perhaps UpSample.prefire() returned false? Try debugging the actor by selecting "Listen to Actor".  Also, for SDF check moml for tokenConsumptionRate on input.
  in .DESDFClockTest.Play Bell.Copy1:SDF Director and .DESDFClockTest.Play Bell.UpSample
    while executing
"java::new ptolemy.moml.MoMLSimpleApplication $file
"
    (procedure "createAndExecute" line 2)
    invoked from within
"createAndExecute $file"
    ("uplevel" body line 5)
    invoked from within
"uplevel $contents_of_test"
------------------ testing $PTII/ptolemy/domains/de/test/auto/knownFailedTests/FSMSource.xml (Known Failure) 
30 ms. Memory: 116224K Free: 85119K (73%)
!!!! Auto was marked as failing, but now passes
------------------ testing $PTII/ptolemy/domains/de/test/auto/knownFailedTests/dependencyLoop2.xml (Known Failure) 
5 ms. Memory: 116224K Free: 82912K (71%)


==== $PTIIhome/travis/build/icyphy/ptII/ptolemy/domains/de/test/../../../../: Auto Automatic test in file $PTII/ptolemy/domains/de/test/auto/knownFailedTests/dependencyLoop2.xml
==== Contents of test case:

	    # FIXME: we should use $relativeFilename here, but it
	    # might have backslashes under Windows, which causes no end
	    # of trouble.
	    createAndExecute $file
	    list {}
	
.... Test generated KNOWN error:
    while executing
ptolemy.kernel.util.IllegalActionException: Found a zero delay loop containing .dependencyLoop2.original
  in .dependencyLoop2 and .dependencyLoop2.original
	at ptolemy.actor.util.CausalityInterfaceForComposites._computeOutputPortDepth(CausalityInterfaceForComposites.java:759)
	at ptolemy.actor.util.CausalityInterfaceForComposites._computeInputDepth(CausalityInterfaceForComposites.java:696)
	at ptolemy.actor.util.CausalityInterfaceForComposites._computeOutputPortDepth(CausalityInterfaceForComposites.java:765)
	at ptolemy.actor.util.CausalityInterfaceForComposites._computeInputDepth(CausalityInterfaceForComposites.java:696)
	at ptolemy.actor.util.CausalityInterfaceForComposites._computeOutputPortDepth(CausalityInterfaceForComposites.java:765)
	at ptolemy.actor.util.CausalityInterfaceForComposites._computeInputDepth(CausalityInterfaceForComposites.java:696)
	at ptolemy.actor.util.CausalityInterfaceForComposites._computeActorDepth(CausalityInterfaceForComposites.java:532)
	at ptolemy.actor.util.CausalityInterfaceForComposites.checkForCycles(CausalityInterfaceForComposites.java:96)
	at ptolemy.domains.de.kernel.DEDirector.preinitialize(DEDirector.java:1338)
	at ptolemy.actor.CompositeActor.preinitialize(CompositeActor.java:1828)
	at ptolemy.actor.Manager.preinitializeAndResolveTypes(Manager.java:1040)
	at ptolemy.actor.Manager.initialize(Manager.java:710)
	at ptolemy.actor.Manager.execute(Manager.java:356)
	at ptolemy.actor.Manager.run(Manager.java:1263)
	at ptolemy.actor.Manager$PtolemyRunThread.run(Manager.java:1915)

    while executing
ptolemy.kernel.util.IllegalActionException: Found a zero delay loop containing .dependencyLoop2.original
  in .dependencyLoop2 and .dependencyLoop2.original
    while executing
"java::new ptolemy.moml.MoMLSimpleApplication $file
"
    (procedure "createAndExecute" line 2)
    invoked from within
"createAndExecute $file"
    ("uplevel" body line 5)
    invoked from within
"uplevel $contents_of_test"
------------------ testing $PTII/ptolemy/domains/de/test/auto/knownFailedTests/HierarchicalModel.xml (Known Failure) 
5 ms. Memory: 116224K Free: 93526K (80%)


==== $PTIIhome/travis/build/icyphy/ptII/ptolemy/domains/de/test/../../../../: Auto Automatic test in file $PTII/ptolemy/domains/de/test/auto/knownFailedTests/HierarchicalModel.xml
==== Contents of test case:

	    # FIXME: we should use $relativeFilename here, but it
	    # might have backslashes under Windows, which causes no end
	    # of trouble.
	    createAndExecute $file
	    list {}
	
.... Test generated KNOWN error:
    while executing
ptolemy.kernel.util.IllegalActionException: Found a zero delay loop containing .HierarchicalModel.A
  in .HierarchicalModel and .HierarchicalModel.A
	at ptolemy.actor.util.CausalityInterfaceForComposites._computeOutputPortDepth(CausalityInterfaceForComposites.java:759)
	at ptolemy.actor.util.CausalityInterfaceForComposites._computeInputDepth(CausalityInterfaceForComposites.java:696)
	at ptolemy.actor.util.CausalityInterfaceForComposites._computeOutputPortDepth(CausalityInterfaceForComposites.java:765)
	at ptolemy.actor.util.CausalityInterfaceForComposites._computeInputDepth(CausalityInterfaceForComposites.java:696)
	at ptolemy.actor.util.CausalityInterfaceForComposites._computeOutputPortDepth(CausalityInterfaceForComposites.java:765)
	at ptolemy.actor.util.CausalityInterfaceForComposites._computeInputDepth(CausalityInterfaceForComposites.java:696)
	at ptolemy.actor.util.CausalityInterfaceForComposites._computeActorDepth(CausalityInterfaceForComposites.java:532)
	at ptolemy.actor.util.CausalityInterfaceForComposites.checkForCycles(CausalityInterfaceForComposites.java:96)
	at ptolemy.domains.de.kernel.DEDirector.preinitialize(DEDirector.java:1338)
	at ptolemy.actor.CompositeActor.preinitialize(CompositeActor.java:1828)
	at ptolemy.actor.Manager.preinitializeAndResolveTypes(Manager.java:1040)
	at ptolemy.actor.Manager.initialize(Manager.java:710)
	at ptolemy.actor.Manager.execute(Manager.java:356)
	at ptolemy.actor.Manager.run(Manager.java:1263)
	at ptolemy.actor.Manager$PtolemyRunThread.run(Manager.java:1915)

    while executing
ptolemy.kernel.util.IllegalActionException: Found a zero delay loop containing .HierarchicalModel.A
  in .HierarchicalModel and .HierarchicalModel.A
    while executing
"java::new ptolemy.moml.MoMLSimpleApplication $file
"
    (procedure "createAndExecute" line 2)
    invoked from within
"createAndExecute $file"
    ("uplevel" body line 5)
    invoked from within
"uplevel $contents_of_test"
------------------ testing $PTII/ptolemy/domains/de/test/auto/knownFailedTests/DirectFeedback.xml (Known Failure) 
10 ms. Memory: 116224K Free: 90103K (78%)


==== $PTIIhome/travis/build/icyphy/ptII/ptolemy/domains/de/test/../../../../: Auto Automatic test in file $PTII/ptolemy/domains/de/test/auto/knownFailedTests/DirectFeedback.xml
==== Contents of test case:

	    # FIXME: we should use $relativeFilename here, but it
	    # might have backslashes under Windows, which causes no end
	    # of trouble.
	    createAndExecute $file
	    list {}
	
.... Test generated KNOWN error:
    while executing
ptolemy.kernel.util.IllegalActionException: Test fails in iteration 1.
Value was: 1.0. Should have been: 2.0
  in .DirectFeedback.Test
	at ptolemy.actor.lib.Test.fire(Test.java:268)
	at ptolemy.domains.de.kernel.DEDirector._fire(DEDirector.java:1949)
	at ptolemy.domains.de.kernel.DEDirector.fire(DEDirector.java:502)
	at ptolemy.actor.CompositeActor.fire(CompositeActor.java:455)
	at ptolemy.actor.Manager.iterate(Manager.java:851)
	at ptolemy.actor.Manager.execute(Manager.java:369)
	at ptolemy.actor.Manager.run(Manager.java:1263)
	at ptolemy.actor.Manager$PtolemyRunThread.run(Manager.java:1915)

    while executing
ptolemy.kernel.util.IllegalActionException: Test fails in iteration 1.
Value was: 1.0. Should have been: 2.0
  in .DirectFeedback.Test
    while executing
"java::new ptolemy.moml.MoMLSimpleApplication $file
"
    (procedure "createAndExecute" line 2)
    invoked from within
"createAndExecute $file"
    ("uplevel" body line 5)
    invoked from within
"uplevel $contents_of_test"
------------------ testing $PTII/ptolemy/domains/de/test/auto/ActorDepthCalculation_actorWithoutPorts.xml
auto.tcl: Setting watchdog for 200 seconds at Tue Apr 09 21:58:14 UTC 2019
10 ms. Memory: 116224K Free: 82860K (71%)
ptolemy.util.test.WatchDog.cancel(): canceling Tue Apr 09 21:58:14 UTC 2019
auto.tcl: Setting watchdog for 200 seconds at Tue Apr 09 21:58:14 UTC 2019
28 ms. Memory: 146944K Free: 142407K (97%)
ptolemy.util.test.WatchDog.cancel(): canceling Tue Apr 09 21:58:14 UTC 2019
------------------ testing $PTII/ptolemy/domains/de/test/auto/AssemblyLine.xml
auto.tcl: Setting watchdog for 200 seconds at Tue Apr 09 21:58:15 UTC 2019
24 ms. Memory: 146944K Free: 127863K (87%)
ptolemy.util.test.WatchDog.cancel(): canceling Tue Apr 09 21:58:15 UTC 2019
auto.tcl: Setting watchdog for 200 seconds at Tue Apr 09 21:58:15 UTC 2019
15 ms. Memory: 146944K Free: 126846K (86%)
ptolemy.util.test.WatchDog.cancel(): canceling Tue Apr 09 21:58:15 UTC 2019
------------------ testing $PTII/ptolemy/domains/de/test/auto/CQBug1.xml
auto.tcl: Setting watchdog for 200 seconds at Tue Apr 09 21:58:15 UTC 2019
5 ms. Memory: 146944K Free: 138521K (94%)
ptolemy.util.test.WatchDog.cancel(): canceling Tue Apr 09 21:58:15 UTC 2019
auto.tcl: Setting watchdog for 200 seconds at Tue Apr 09 21:58:15 UTC 2019
2 ms. Memory: 146944K Free: 138521K (94%)
ptolemy.util.test.WatchDog.cancel(): canceling Tue Apr 09 21:58:15 UTC 2019
------------------ testing $PTII/ptolemy/domains/de/test/auto/CancelFireAt.xml
auto.tcl: Setting watchdog for 200 seconds at Tue Apr 09 21:58:15 UTC 2019
4 ms. Memory: 146944K Free: 140543K (96%)
ptolemy.util.test.WatchDog.cancel(): canceling Tue Apr 09 21:58:15 UTC 2019
auto.tcl: Setting watchdog for 200 seconds at Tue Apr 09 21:58:15 UTC 2019
3 ms. Memory: 146944K Free: 139527K (95%)
ptolemy.util.test.WatchDog.cancel(): canceling Tue Apr 09 21:58:15 UTC 2019
------------------ testing $PTII/ptolemy/domains/de/test/auto/CausalityAndComposabilityAnalysis.xml
auto.tcl: Setting watchdog for 200 seconds at Tue Apr 09 21:58:15 UTC 2019
18 ms. Memory: 146944K Free: 138144K (94%)
ptolemy.util.test.WatchDog.cancel(): canceling Tue Apr 09 21:58:15 UTC 2019
auto.tcl: Setting watchdog for 200 seconds at Tue Apr 09 21:58:15 UTC 2019
10 ms. Memory: 146944K Free: 137127K (93%)
ptolemy.util.test.WatchDog.cancel(): canceling Tue Apr 09 21:58:15 UTC 2019
------------------ testing $PTII/ptolemy/domains/de/test/auto/CausalityInterface1.xml
auto.tcl: Setting watchdog for 200 seconds at Tue Apr 09 21:58:15 UTC 2019
19 ms. Memory: 146944K Free: 136450K (93%)
ptolemy.util.test.WatchDog.cancel(): canceling Tue Apr 09 21:58:15 UTC 2019
auto.tcl: Setting watchdog for 200 seconds at Tue Apr 09 21:58:15 UTC 2019
3 ms. Memory: 146944K Free: 136450K (93%)
ptolemy.util.test.WatchDog.cancel(): canceling Tue Apr 09 21:58:15 UTC 2019
------------------ testing $PTII/ptolemy/domains/de/test/auto/CausalityInterface15.xml
auto.tcl: Setting watchdog for 200 seconds at Tue Apr 09 21:58:15 UTC 2019
5 ms. Memory: 146944K Free: 136409K (93%)
ptolemy.util.test.WatchDog.cancel(): canceling Tue Apr 09 21:58:16 UTC 2019
auto.tcl: Setting watchdog for 200 seconds at Tue Apr 09 21:58:16 UTC 2019
6 ms. Memory: 146944K Free: 135393K (92%)
ptolemy.util.test.WatchDog.cancel(): canceling Tue Apr 09 21:58:16 UTC 2019
------------------ testing $PTII/ptolemy/domains/de/test/auto/CausalityInterface2.xml
auto.tcl: Setting watchdog for 200 seconds at Tue Apr 09 21:58:16 UTC 2019
4 ms. Memory: 146944K Free: 136594K (93%)
ptolemy.util.test.WatchDog.cancel(): canceling Tue Apr 09 21:58:16 UTC 2019
auto.tcl: Setting watchdog for 200 seconds at Tue Apr 09 21:58:16 UTC 2019
3 ms. Memory: 146944K Free: 136425K (93%)
ptolemy.util.test.WatchDog.cancel(): canceling Tue Apr 09 21:58:16 UTC 2019
------------------ testing $PTII/ptolemy/domains/de/test/auto/CausalityInterface3.xml
auto.tcl: Setting watchdog for 200 seconds at Tue Apr 09 21:58:16 UTC 2019
3 ms. Memory: 146944K Free: 136438K (93%)
ptolemy.util.test.WatchDog.cancel(): canceling Tue Apr 09 21:58:16 UTC 2019
auto.tcl: Setting watchdog for 200 seconds at Tue Apr 09 21:58:16 UTC 2019
4 ms. Memory: 146944K Free: 135421K (92%)
ptolemy.util.test.WatchDog.cancel(): canceling Tue Apr 09 21:58:16 UTC 2019
------------------ testing $PTII/ptolemy/domains/de/test/auto/ClockDrift.xml
auto.tcl: Setting watchdog for 200 seconds at Tue Apr 09 21:58:16 UTC 2019
74 ms. Memory: 146944K Free: 128485K (87%)
ptolemy.util.test.WatchDog.cancel(): canceling Tue Apr 09 21:58:16 UTC 2019
auto.tcl: Setting watchdog for 200 seconds at Tue Apr 09 21:58:16 UTC 2019
43 ms. Memory: 146944K Free: 125436K (85%)
ptolemy.util.test.WatchDog.cancel(): canceling Tue Apr 09 21:58:16 UTC 2019
------------------ testing $PTII/ptolemy/domains/de/test/auto/ClockDriftAndValueChange.xml
auto.tcl: Setting watchdog for 200 seconds at Tue Apr 09 21:58:16 UTC 2019
64 ms. Memory: 146944K Free: 128322K (87%)
ptolemy.util.test.WatchDog.cancel(): canceling Tue Apr 09 21:58:16 UTC 2019
auto.tcl: Setting watchdog for 200 seconds at Tue Apr 09 21:58:16 UTC 2019
40 ms. Memory: 146944K Free: 125272K (85%)
ptolemy.util.test.WatchDog.cancel(): canceling Tue Apr 09 21:58:16 UTC 2019
------------------ testing $PTII/ptolemy/domains/de/test/auto/ClockDriftChange.xml
auto.tcl: Setting watchdog for 200 seconds at Tue Apr 09 21:58:16 UTC 2019
36 ms. Memory: 146944K Free: 130943K (89%)
ptolemy.util.test.WatchDog.cancel(): canceling Tue Apr 09 21:58:16 UTC 2019
auto.tcl: Setting watchdog for 200 seconds at Tue Apr 09 21:58:16 UTC 2019
25 ms. Memory: 146944K Free: 128910K (88%)
ptolemy.util.test.WatchDog.cancel(): canceling Tue Apr 09 21:58:16 UTC 2019
------------------ testing $PTII/ptolemy/domains/de/test/auto/ComposableCausalityAnalysis.xml
auto.tcl: Setting watchdog for 200 seconds at Tue Apr 09 21:58:16 UTC 2019
2 ms. Memory: 146944K Free: 135276K (92%)
ptolemy.util.test.WatchDog.cancel(): canceling Tue Apr 09 21:58:16 UTC 2019
auto.tcl: Setting watchdog for 200 seconds at Tue Apr 09 21:58:16 UTC 2019
2 ms. Memory: 146944K Free: 134259K (91%)
ptolemy.util.test.WatchDog.cancel(): canceling Tue Apr 09 21:58:16 UTC 2019
------------------ testing $PTII/ptolemy/domains/de/test/auto/DEFixedPointLimitation.xml
auto.tcl: Setting watchdog for 200 seconds at Tue Apr 09 21:58:17 UTC 2019
2 ms. Memory: 146944K Free: 136373K (93%)
ptolemy.util.test.WatchDog.cancel(): canceling Tue Apr 09 21:58:17 UTC 2019
auto.tcl: Setting watchdog for 200 seconds at Tue Apr 09 21:58:17 UTC 2019
1 ms. Memory: 146944K Free: 136373K (93%)
ptolemy.util.test.WatchDog.cancel(): canceling Tue Apr 09 21:58:17 UTC 2019
------------------ testing $PTII/ptolemy/domains/de/test/auto/DEScheduleTest.xml
auto.tcl: Setting watchdog for 200 seconds at Tue Apr 09 21:58:17 UTC 2019
4 ms. Memory: 146944K Free: 137425K (94%)
ptolemy.util.test.WatchDog.cancel(): canceling Tue Apr 09 21:58:17 UTC 2019
auto.tcl: Setting watchdog for 200 seconds at Tue Apr 09 21:58:17 UTC 2019
7 ms. Memory: 146944K Free: 136408K (93%)
ptolemy.util.test.WatchDog.cancel(): canceling Tue Apr 09 21:58:17 UTC 2019
------------------ testing $PTII/ptolemy/domains/de/test/auto/DEinDEwithStartTimes.xml
auto.tcl: Setting watchdog for 200 seconds at Tue Apr 09 21:58:17 UTC 2019
6 ms. Memory: 146944K Free: 136546K (93%)
ptolemy.util.test.WatchDog.cancel(): canceling Tue Apr 09 21:58:17 UTC 2019
auto.tcl: Setting watchdog for 200 seconds at Tue Apr 09 21:58:17 UTC 2019
10 ms. Memory: 146944K Free: 134513K (92%)
ptolemy.util.test.WatchDog.cancel(): canceling Tue Apr 09 21:58:17 UTC 2019
------------------ testing $PTII/ptolemy/domains/de/test/auto/DEinDEwithStartTimes2.xml
auto.tcl: Setting watchdog for 200 seconds at Tue Apr 09 21:58:17 UTC 2019
6 ms. Memory: 146944K Free: 135341K (92%)
ptolemy.util.test.WatchDog.cancel(): canceling Tue Apr 09 21:58:17 UTC 2019
auto.tcl: Setting watchdog for 200 seconds at Tue Apr 09 21:58:17 UTC 2019
3 ms. Memory: 146944K Free: 134324K (91%)
ptolemy.util.test.WatchDog.cancel(): canceling Tue Apr 09 21:58:17 UTC 2019
------------------ testing $PTII/ptolemy/domains/de/test/auto/DateDemo.xml
auto.tcl: Setting watchdog for 200 seconds at Tue Apr 09 21:58:17 UTC 2019
17 ms. Memory: 146944K Free: 129555K (88%)
ptolemy.util.test.WatchDog.cancel(): canceling Tue Apr 09 21:58:17 UTC 2019
auto.tcl: Setting watchdog for 200 seconds at Tue Apr 09 21:58:17 UTC 2019
7 ms. Memory: 146944K Free: 127522K (87%)
ptolemy.util.test.WatchDog.cancel(): canceling Tue Apr 09 21:58:17 UTC 2019
------------------ testing $PTII/ptolemy/domains/de/test/auto/DateToEvent.xml
auto.tcl: Setting watchdog for 200 seconds at Tue Apr 09 21:58:17 UTC 2019
2009 ms. Memory: 146944K Free: 123895K (84%)
ptolemy.util.test.WatchDog.cancel(): canceling Tue Apr 09 21:58:19 UTC 2019
auto.tcl: Setting watchdog for 200 seconds at Tue Apr 09 21:58:19 UTC 2019
2007 ms. Memory: 146944K Free: 122879K (84%)
ptolemy.util.test.WatchDog.cancel(): canceling Tue Apr 09 21:58:21 UTC 2019
------------------ testing $PTII/ptolemy/domains/de/test/auto/DepthTest1.xml
auto.tcl: Setting watchdog for 200 seconds at Tue Apr 09 21:58:21 UTC 2019
4 ms. Memory: 146944K Free: 138259K (94%)
ptolemy.util.test.WatchDog.cancel(): canceling Tue Apr 09 21:58:21 UTC 2019
auto.tcl: Setting watchdog for 200 seconds at Tue Apr 09 21:58:21 UTC 2019
3 ms. Memory: 146944K Free: 138259K (94%)
ptolemy.util.test.WatchDog.cancel(): canceling Tue Apr 09 21:58:21 UTC 2019
------------------ testing $PTII/ptolemy/domains/de/test/auto/DepthTest2.xml
auto.tcl: Setting watchdog for 200 seconds at Tue Apr 09 21:58:21 UTC 2019
4 ms. Memory: 146944K Free: 134008K (91%)
ptolemy.util.test.WatchDog.cancel(): canceling Tue Apr 09 21:58:21 UTC 2019
auto.tcl: Setting watchdog for 200 seconds at Tue Apr 09 21:58:21 UTC 2019
7 ms. Memory: 146944K Free: 134008K (91%)
ptolemy.util.test.WatchDog.cancel(): canceling Tue Apr 09 21:58:21 UTC 2019
------------------ testing $PTII/ptolemy/domains/de/test/auto/DepthTest3.xml
auto.tcl: Setting watchdog for 200 seconds at Tue Apr 09 21:58:21 UTC 2019
3 ms. Memory: 146944K Free: 138760K (94%)
ptolemy.util.test.WatchDog.cancel(): canceling Tue Apr 09 21:58:21 UTC 2019
auto.tcl: Setting watchdog for 200 seconds at Tue Apr 09 21:58:21 UTC 2019
2 ms. Memory: 146944K Free: 138760K (94%)
ptolemy.util.test.WatchDog.cancel(): canceling Tue Apr 09 21:58:21 UTC 2019
------------------ testing $PTII/ptolemy/domains/de/test/auto/DepthTest4.xml
auto.tcl: Setting watchdog for 200 seconds at Tue Apr 09 21:58:21 UTC 2019
7 ms. Memory: 146944K Free: 136030K (93%)
ptolemy.util.test.WatchDog.cancel(): canceling Tue Apr 09 21:58:21 UTC 2019
auto.tcl: Setting watchdog for 200 seconds at Tue Apr 09 21:58:21 UTC 2019
3 ms. Memory: 146944K Free: 135013K (92%)
ptolemy.util.test.WatchDog.cancel(): canceling Tue Apr 09 21:58:21 UTC 2019
------------------ testing $PTII/ptolemy/domains/de/test/auto/DepthTest5.xml
auto.tcl: Setting watchdog for 200 seconds at Tue Apr 09 21:58:22 UTC 2019
6 ms. Memory: 146944K Free: 135976K (93%)
ptolemy.util.test.WatchDog.cancel(): canceling Tue Apr 09 21:58:22 UTC 2019
auto.tcl: Setting watchdog for 200 seconds at Tue Apr 09 21:58:22 UTC 2019
3 ms. Memory: 146944K Free: 134959K (92%)
ptolemy.util.test.WatchDog.cancel(): canceling Tue Apr 09 21:58:22 UTC 2019
------------------ testing $PTII/ptolemy/domains/de/test/auto/DepthTest6.xml
auto.tcl: Setting watchdog for 200 seconds at Tue Apr 09 21:58:22 UTC 2019
8 ms. Memory: 146944K Free: 135089K (92%)
ptolemy.util.test.WatchDog.cancel(): canceling Tue Apr 09 21:58:22 UTC 2019
auto.tcl: Setting watchdog for 200 seconds at Tue Apr 09 21:58:22 UTC 2019
2 ms. Memory: 146944K Free: 135089K (92%)
ptolemy.util.test.WatchDog.cancel(): canceling Tue Apr 09 21:58:22 UTC 2019
------------------ testing $PTII/ptolemy/domains/de/test/auto/DepthTest7.xml
auto.tcl: Setting watchdog for 200 seconds at Tue Apr 09 21:58:22 UTC 2019
8 ms. Memory: 146944K Free: 135919K (92%)
ptolemy.util.test.WatchDog.cancel(): canceling Tue Apr 09 21:58:22 UTC 2019
auto.tcl: Setting watchdog for 200 seconds at Tue Apr 09 21:58:22 UTC 2019
1 ms. Memory: 146944K Free: 134902K (92%)
ptolemy.util.test.WatchDog.cancel(): canceling Tue Apr 09 21:58:22 UTC 2019
------------------ testing $PTII/ptolemy/domains/de/test/auto/EventToDate.xml
auto.tcl: Setting watchdog for 200 seconds at Tue Apr 09 21:58:22 UTC 2019
3010 ms. Memory: 146944K Free: 125790K (86%)
ptolemy.util.test.WatchDog.cancel(): canceling Tue Apr 09 21:58:25 UTC 2019
auto.tcl: Setting watchdog for 200 seconds at Tue Apr 09 21:58:25 UTC 2019
3004 ms. Memory: 146944K Free: 125790K (86%)
ptolemy.util.test.WatchDog.cancel(): canceling Tue Apr 09 21:58:28 UTC 2019
------------------ testing $PTII/ptolemy/domains/de/test/auto/FSM1.xml
auto.tcl: Setting watchdog for 200 seconds at Tue Apr 09 21:58:28 UTC 2019
33 ms. Memory: 146944K Free: 128072K (87%)
ptolemy.util.test.WatchDog.cancel(): canceling Tue Apr 09 21:58:28 UTC 2019
auto.tcl: Setting watchdog for 200 seconds at Tue Apr 09 21:58:28 UTC 2019
19 ms. Memory: 146944K Free: 125022K (85%)
ptolemy.util.test.WatchDog.cancel(): canceling Tue Apr 09 21:58:28 UTC 2019
------------------ testing $PTII/ptolemy/domains/de/test/auto/FSM7.xml
auto.tcl: Setting watchdog for 200 seconds at Tue Apr 09 21:58:28 UTC 2019
27 ms. Memory: 146944K Free: 128210K (87%)
ptolemy.util.test.WatchDog.cancel(): canceling Tue Apr 09 21:58:28 UTC 2019
auto.tcl: Setting watchdog for 200 seconds at Tue Apr 09 21:58:28 UTC 2019
22 ms. Memory: 146944K Free: 124143K (84%)
ptolemy.util.test.WatchDog.cancel(): canceling Tue Apr 09 21:58:28 UTC 2019
------------------ testing $PTII/ptolemy/domains/de/test/auto/Inspection.xml
auto.tcl: Setting watchdog for 200 seconds at Tue Apr 09 21:58:28 UTC 2019
22 ms. Memory: 146944K Free: 128268K (87%)
ptolemy.util.test.WatchDog.cancel(): canceling Tue Apr 09 21:58:28 UTC 2019
auto.tcl: Setting watchdog for 200 seconds at Tue Apr 09 21:58:28 UTC 2019
22 ms. Memory: 146944K Free: 126235K (86%)
ptolemy.util.test.WatchDog.cancel(): canceling Tue Apr 09 21:58:28 UTC 2019
------------------ testing $PTII/ptolemy/domains/de/test/auto/Iteration.xml
auto.tcl: Setting watchdog for 200 seconds at Tue Apr 09 21:58:28 UTC 2019
10 ms. Memory: 146944K Free: 134722K (92%)
ptolemy.util.test.WatchDog.cancel(): canceling Tue Apr 09 21:58:28 UTC 2019
auto.tcl: Setting watchdog for 200 seconds at Tue Apr 09 21:58:28 UTC 2019
13 ms. Memory: 146944K Free: 132689K (90%)
ptolemy.util.test.WatchDog.cancel(): canceling Tue Apr 09 21:58:28 UTC 2019
------------------ testing $PTII/ptolemy/domains/de/test/auto/LineFault.xml
auto.tcl: Setting watchdog for 200 seconds at Tue Apr 09 21:58:28 UTC 2019
734 ms. Memory: 148992K Free: 80408K (54%)
ptolemy.util.test.WatchDog.cancel(): canceling Tue Apr 09 21:58:29 UTC 2019
auto.tcl: Setting watchdog for 200 seconds at Tue Apr 09 21:58:29 UTC 2019
685 ms. Memory: 146944K Free: 85888K (58%)
ptolemy.util.test.WatchDog.cancel(): canceling Tue Apr 09 21:58:30 UTC 2019
------------------ testing $PTII/ptolemy/domains/de/test/auto/MergeModel1Add.xml
auto.tcl: Setting watchdog for 200 seconds at Tue Apr 09 21:58:30 UTC 2019
28 ms. Memory: 209920K Free: 180220K (86%)
ptolemy.util.test.WatchDog.cancel(): canceling Tue Apr 09 21:58:30 UTC 2019
auto.tcl: Setting watchdog for 200 seconds at Tue Apr 09 21:58:30 UTC 2019
9 ms. Memory: 209920K Free: 180220K (86%)
ptolemy.util.test.WatchDog.cancel(): canceling Tue Apr 09 21:58:30 UTC 2019
------------------ testing $PTII/ptolemy/domains/de/test/auto/MergeModel2Add.xml
auto.tcl: Setting watchdog for 200 seconds at Tue Apr 09 21:58:30 UTC 2019
16 ms. Memory: 210432K Free: 183993K (87%)
ptolemy.util.test.WatchDog.cancel(): canceling Tue Apr 09 21:58:31 UTC 2019
auto.tcl: Setting watchdog for 200 seconds at Tue Apr 09 21:58:31 UTC 2019
12 ms. Memory: 210432K Free: 182101K (87%)
ptolemy.util.test.WatchDog.cancel(): canceling Tue Apr 09 21:58:31 UTC 2019
------------------ testing $PTII/ptolemy/domains/de/test/auto/MergeModel3Add.xml
auto.tcl: Setting watchdog for 200 seconds at Tue Apr 09 21:58:31 UTC 2019
10 ms. Memory: 209920K Free: 183404K (87%)
ptolemy.util.test.WatchDog.cancel(): canceling Tue Apr 09 21:58:31 UTC 2019
auto.tcl: Setting watchdog for 200 seconds at Tue Apr 09 21:58:31 UTC 2019
7 ms. Memory: 209920K Free: 181504K (86%)
ptolemy.util.test.WatchDog.cancel(): canceling Tue Apr 09 21:58:31 UTC 2019
------------------ testing $PTII/ptolemy/domains/de/test/auto/MergeWithoutDiscard.xml
auto.tcl: Setting watchdog for 200 seconds at Tue Apr 09 21:58:31 UTC 2019
2 ms. Memory: 210432K Free: 198483K (94%)
ptolemy.util.test.WatchDog.cancel(): canceling Tue Apr 09 21:58:31 UTC 2019
auto.tcl: Setting watchdog for 200 seconds at Tue Apr 09 21:58:31 UTC 2019
2 ms. Memory: 210432K Free: 198483K (94%)
ptolemy.util.test.WatchDog.cancel(): canceling Tue Apr 09 21:58:31 UTC 2019
------------------ testing $PTII/ptolemy/domains/de/test/auto/Modal1.xml
auto.tcl: Setting watchdog for 200 seconds at Tue Apr 09 21:58:31 UTC 2019
12 ms. Memory: 210432K Free: 190557K (91%)
ptolemy.util.test.WatchDog.cancel(): canceling Tue Apr 09 21:58:31 UTC 2019
auto.tcl: Setting watchdog for 200 seconds at Tue Apr 09 21:58:31 UTC 2019
13 ms. Memory: 210432K Free: 188657K (90%)
ptolemy.util.test.WatchDog.cancel(): canceling Tue Apr 09 21:58:31 UTC 2019
------------------ testing $PTII/ptolemy/domains/de/test/auto/Modal2.xml
auto.tcl: Setting watchdog for 200 seconds at Tue Apr 09 21:58:31 UTC 2019
10 ms. Memory: 210432K Free: 190431K (90%)
ptolemy.util.test.WatchDog.cancel(): canceling Tue Apr 09 21:58:31 UTC 2019
auto.tcl: Setting watchdog for 200 seconds at Tue Apr 09 21:58:31 UTC 2019
13 ms. Memory: 210432K Free: 188531K (90%)
ptolemy.util.test.WatchDog.cancel(): canceling Tue Apr 09 21:58:31 UTC 2019
------------------ testing $PTII/ptolemy/domains/de/test/auto/Modal3.xml
auto.tcl: Setting watchdog for 200 seconds at Tue Apr 09 21:58:31 UTC 2019
18 ms. Memory: 210432K Free: 190429K (90%)
ptolemy.util.test.WatchDog.cancel(): canceling Tue Apr 09 21:58:31 UTC 2019
auto.tcl: Setting watchdog for 200 seconds at Tue Apr 09 21:58:31 UTC 2019
17 ms. Memory: 210432K Free: 186629K (89%)
ptolemy.util.test.WatchDog.cancel(): canceling Tue Apr 09 21:58:31 UTC 2019
------------------ testing $PTII/ptolemy/domains/de/test/auto/Modal4.xml
auto.tcl: Setting watchdog for 200 seconds at Tue Apr 09 21:58:31 UTC 2019
31 ms. Memory: 208384K Free: 188379K (90%)
ptolemy.util.test.WatchDog.cancel(): canceling Tue Apr 09 21:58:31 UTC 2019
auto.tcl: Setting watchdog for 200 seconds at Tue Apr 09 21:58:31 UTC 2019
22 ms. Memory: 208384K Free: 184579K (89%)
ptolemy.util.test.WatchDog.cancel(): canceling Tue Apr 09 21:58:31 UTC 2019
------------------ testing $PTII/ptolemy/domains/de/test/auto/Modal5.xml
auto.tcl: Setting watchdog for 200 seconds at Tue Apr 09 21:58:31 UTC 2019
19 ms. Memory: 209920K Free: 189901K (90%)
ptolemy.util.test.WatchDog.cancel(): canceling Tue Apr 09 21:58:31 UTC 2019
auto.tcl: Setting watchdog for 200 seconds at Tue Apr 09 21:58:31 UTC 2019
11 ms. Memory: 209920K Free: 186101K (89%)
ptolemy.util.test.WatchDog.cancel(): canceling Tue Apr 09 21:58:31 UTC 2019
------------------ testing $PTII/ptolemy/domains/de/test/auto/Modal6.xml
auto.tcl: Setting watchdog for 200 seconds at Tue Apr 09 21:58:31 UTC 2019
11 ms. Memory: 209920K Free: 189678K (90%)
ptolemy.util.test.WatchDog.cancel(): canceling Tue Apr 09 21:58:31 UTC 2019
auto.tcl: Setting watchdog for 200 seconds at Tue Apr 09 21:58:31 UTC 2019
15 ms. Memory: 209920K Free: 185877K (89%)
ptolemy.util.test.WatchDog.cancel(): canceling Tue Apr 09 21:58:31 UTC 2019
------------------ testing $PTII/ptolemy/domains/de/test/auto/Modal7.xml
auto.tcl: Setting watchdog for 200 seconds at Tue Apr 09 21:58:31 UTC 2019
11 ms. Memory: 209920K Free: 189669K (90%)
ptolemy.util.test.WatchDog.cancel(): canceling Tue Apr 09 21:58:32 UTC 2019
auto.tcl: Setting watchdog for 200 seconds at Tue Apr 09 21:58:32 UTC 2019
13 ms. Memory: 209920K Free: 185869K (89%)
ptolemy.util.test.WatchDog.cancel(): canceling Tue Apr 09 21:58:32 UTC 2019
------------------ testing $PTII/ptolemy/domains/de/test/auto/ModalModel.xml
auto.tcl: Setting watchdog for 200 seconds at Tue Apr 09 21:58:32 UTC 2019
206 ms. Memory: 209920K Free: 129352K (62%)
ptolemy.util.test.WatchDog.cancel(): canceling Tue Apr 09 21:58:32 UTC 2019
auto.tcl: Setting watchdog for 200 seconds at Tue Apr 09 21:58:32 UTC 2019
206 ms. Memory: 209920K Free: 198783K (95%)
ptolemy.util.test.WatchDog.cancel(): canceling Tue Apr 09 21:58:32 UTC 2019
------------------ testing $PTII/ptolemy/domains/de/test/auto/ModalSource.xml
auto.tcl: Setting watchdog for 200 seconds at Tue Apr 09 21:58:32 UTC 2019
6 ms. Memory: 209920K Free: 194789K (93%)
ptolemy.util.test.WatchDog.cancel(): canceling Tue Apr 09 21:58:32 UTC 2019
auto.tcl: Setting watchdog for 200 seconds at Tue Apr 09 21:58:32 UTC 2019
6 ms. Memory: 209920K Free: 193036K (92%)
ptolemy.util.test.WatchDog.cancel(): canceling Tue Apr 09 21:58:32 UTC 2019
------------------ testing $PTII/ptolemy/domains/de/test/auto/NonInterruptibleTimerZeroDelay.xml
auto.tcl: Setting watchdog for 200 seconds at Tue Apr 09 21:58:32 UTC 2019
4 ms. Memory: 335872K Free: 324959K (97%)
ptolemy.util.test.WatchDog.cancel(): canceling Tue Apr 09 21:58:32 UTC 2019
auto.tcl: Setting watchdog for 200 seconds at Tue Apr 09 21:58:32 UTC 2019
3 ms. Memory: 335872K Free: 321452K (96%)
ptolemy.util.test.WatchDog.cancel(): canceling Tue Apr 09 21:58:32 UTC 2019
------------------ testing $PTII/ptolemy/domains/de/test/auto/OpenQueueingNetwork.xml
auto.tcl: Setting watchdog for 200 seconds at Tue Apr 09 21:58:32 UTC 2019
3002 ms. Memory: 336384K Free: 182685K (54%)
ptolemy.util.test.WatchDog.cancel(): canceling Tue Apr 09 21:58:35 UTC 2019
auto.tcl: Setting watchdog for 200 seconds at Tue Apr 09 21:58:35 UTC 2019
2488 ms. Memory: 314880K Free: 79261K (25%)
ptolemy.util.test.WatchDog.cancel(): canceling Tue Apr 09 21:58:38 UTC 2019
------------------ testing $PTII/ptolemy/domains/de/test/auto/OpenQueuingNetwork.xml
auto.tcl: Setting watchdog for 200 seconds at Tue Apr 09 21:58:38 UTC 2019
244 ms. Memory: 313344K Free: 213047K (68%)
ptolemy.util.test.WatchDog.cancel(): canceling Tue Apr 09 21:58:38 UTC 2019
auto.tcl: Setting watchdog for 200 seconds at Tue Apr 09 21:58:38 UTC 2019
248 ms. Memory: 313344K Free: 152101K (49%)
ptolemy.util.test.WatchDog.cancel(): canceling Tue Apr 09 21:58:39 UTC 2019
------------------ testing $PTII/ptolemy/domains/de/test/auto/PeriodicSampler.xml
auto.tcl: Setting watchdog for 200 seconds at Tue Apr 09 21:58:39 UTC 2019
3 ms. Memory: 314880K Free: 301515K (96%)
ptolemy.util.test.WatchDog.cancel(): canceling Tue Apr 09 21:58:39 UTC 2019
auto.tcl: Setting watchdog for 200 seconds at Tue Apr 09 21:58:39 UTC 2019
1 ms. Memory: 314880K Free: 298249K (95%)
ptolemy.util.test.WatchDog.cancel(): canceling Tue Apr 09 21:58:39 UTC 2019
------------------ testing $PTII/ptolemy/domains/de/test/auto/PersistentIO.xml
auto.tcl: Setting watchdog for 200 seconds at Tue Apr 09 21:58:39 UTC 2019
11 ms. Memory: 313344K Free: 294080K (94%)
ptolemy.util.test.WatchDog.cancel(): canceling Tue Apr 09 21:58:39 UTC 2019
auto.tcl: Setting watchdog for 200 seconds at Tue Apr 09 21:58:39 UTC 2019
5 ms. Memory: 313344K Free: 290830K (93%)
ptolemy.util.test.WatchDog.cancel(): canceling Tue Apr 09 21:58:39 UTC 2019
------------------ testing $PTII/ptolemy/domains/de/test/auto/PortParameterResetOnInitialize.xml
auto.tcl: Setting watchdog for 200 seconds at Tue Apr 09 21:58:39 UTC 2019
3 ms. Memory: 314880K Free: 298711K (95%)
ptolemy.util.test.WatchDog.cancel(): canceling Tue Apr 09 21:58:39 UTC 2019
auto.tcl: Setting watchdog for 200 seconds at Tue Apr 09 21:58:39 UTC 2019
2 ms. Memory: 314880K Free: 298711K (95%)
ptolemy.util.test.WatchDog.cancel(): canceling Tue Apr 09 21:58:39 UTC 2019
------------------ testing $PTII/ptolemy/domains/de/test/auto/PortParameterUpdates.xml
auto.tcl: Setting watchdog for 200 seconds at Tue Apr 09 21:58:39 UTC 2019
4 ms. Memory: 313344K Free: 297324K (95%)
ptolemy.util.test.WatchDog.cancel(): canceling Tue Apr 09 21:58:39 UTC 2019
auto.tcl: Setting watchdog for 200 seconds at Tue Apr 09 21:58:39 UTC 2019
3 ms. Memory: 313344K Free: 297324K (95%)
ptolemy.util.test.WatchDog.cancel(): canceling Tue Apr 09 21:58:39 UTC 2019
------------------ testing $PTII/ptolemy/domains/de/test/auto/QueueAndServer.xml
auto.tcl: Setting watchdog for 200 seconds at Tue Apr 09 21:58:39 UTC 2019
8 ms. Memory: 314368K Free: 300567K (96%)
ptolemy.util.test.WatchDog.cancel(): canceling Tue Apr 09 21:58:39 UTC 2019
auto.tcl: Setting watchdog for 200 seconds at Tue Apr 09 21:58:39 UTC 2019
6 ms. Memory: 314368K Free: 297301K (95%)
ptolemy.util.test.WatchDog.cancel(): canceling Tue Apr 09 21:58:39 UTC 2019
------------------ testing $PTII/ptolemy/domains/de/test/auto/Records.xml
auto.tcl: Setting watchdog for 200 seconds at Tue Apr 09 21:58:39 UTC 2019
3 ms. Memory: 313344K Free: 299493K (96%)
ptolemy.util.test.WatchDog.cancel(): canceling Tue Apr 09 21:58:39 UTC 2019
auto.tcl: Setting watchdog for 200 seconds at Tue Apr 09 21:58:39 UTC 2019
2 ms. Memory: 313344K Free: 299493K (96%)
ptolemy.util.test.WatchDog.cancel(): canceling Tue Apr 09 21:58:39 UTC 2019
------------------ testing $PTII/ptolemy/domains/de/test/auto/ResetTransitionWithStartTime1.xml
auto.tcl: Setting watchdog for 200 seconds at Tue Apr 09 21:58:39 UTC 2019
10 ms. Memory: 314368K Free: 297332K (95%)
ptolemy.util.test.WatchDog.cancel(): canceling Tue Apr 09 21:58:39 UTC 2019
auto.tcl: Setting watchdog for 200 seconds at Tue Apr 09 21:58:39 UTC 2019
10 ms. Memory: 314368K Free: 297284K (95%)
ptolemy.util.test.WatchDog.cancel(): canceling Tue Apr 09 21:58:39 UTC 2019
------------------ testing $PTII/ptolemy/domains/de/test/auto/ResetTransitionWithStartTime2.xml
auto.tcl: Setting watchdog for 200 seconds at Tue Apr 09 21:58:39 UTC 2019
6 ms. Memory: 313344K Free: 299565K (96%)
ptolemy.util.test.WatchDog.cancel(): canceling Tue Apr 09 21:58:39 UTC 2019
auto.tcl: Setting watchdog for 200 seconds at Tue Apr 09 21:58:39 UTC 2019
7 ms. Memory: 313344K Free: 296315K (95%)
ptolemy.util.test.WatchDog.cancel(): canceling Tue Apr 09 21:58:39 UTC 2019
------------------ testing $PTII/ptolemy/domains/de/test/auto/ResetTransitionWithStartTime3.xml
auto.tcl: Setting watchdog for 200 seconds at Tue Apr 09 21:58:39 UTC 2019
8 ms. Memory: 314368K Free: 300580K (96%)
ptolemy.util.test.WatchDog.cancel(): canceling Tue Apr 09 21:58:39 UTC 2019
auto.tcl: Setting watchdog for 200 seconds at Tue Apr 09 21:58:39 UTC 2019
6 ms. Memory: 314368K Free: 297330K (95%)
ptolemy.util.test.WatchDog.cancel(): canceling Tue Apr 09 21:58:39 UTC 2019
------------------ testing $PTII/ptolemy/domains/de/test/auto/ResetTransitionWithStartTime4.xml
auto.tcl: Setting watchdog for 200 seconds at Tue Apr 09 21:58:39 UTC 2019
4 ms. Memory: 313344K Free: 296233K (95%)
ptolemy.util.test.WatchDog.cancel(): canceling Tue Apr 09 21:58:39 UTC 2019
auto.tcl: Setting watchdog for 200 seconds at Tue Apr 09 21:58:39 UTC 2019
3 ms. Memory: 313344K Free: 296233K (95%)
ptolemy.util.test.WatchDog.cancel(): canceling Tue Apr 09 21:58:39 UTC 2019
------------------ testing $PTII/ptolemy/domains/de/test/auto/ResettableTimer1.xml
auto.tcl: Setting watchdog for 200 seconds at Tue Apr 09 21:58:39 UTC 2019
4 ms. Memory: 313856K Free: 303272K (97%)
ptolemy.util.test.WatchDog.cancel(): canceling Tue Apr 09 21:58:39 UTC 2019
auto.tcl: Setting watchdog for 200 seconds at Tue Apr 09 21:58:39 UTC 2019
2 ms. Memory: 313856K Free: 300006K (96%)
ptolemy.util.test.WatchDog.cancel(): canceling Tue Apr 09 21:58:39 UTC 2019
------------------ testing $PTII/ptolemy/domains/de/test/auto/ResettableTimer2.xml
auto.tcl: Setting watchdog for 200 seconds at Tue Apr 09 21:58:39 UTC 2019
2 ms. Memory: 313344K Free: 302867K (97%)
ptolemy.util.test.WatchDog.cancel(): canceling Tue Apr 09 21:58:39 UTC 2019
auto.tcl: Setting watchdog for 200 seconds at Tue Apr 09 21:58:39 UTC 2019
2 ms. Memory: 313344K Free: 299617K (96%)
ptolemy.util.test.WatchDog.cancel(): canceling Tue Apr 09 21:58:39 UTC 2019
------------------ testing $PTII/ptolemy/domains/de/test/auto/ResettableTimer3.xml
auto.tcl: Setting watchdog for 200 seconds at Tue Apr 09 21:58:40 UTC 2019
2 ms. Memory: 313856K Free: 300064K (96%)
ptolemy.util.test.WatchDog.cancel(): canceling Tue Apr 09 21:58:40 UTC 2019
auto.tcl: Setting watchdog for 200 seconds at Tue Apr 09 21:58:40 UTC 2019
1 ms. Memory: 313856K Free: 300064K (96%)
ptolemy.util.test.WatchDog.cancel(): canceling Tue Apr 09 21:58:40 UTC 2019
------------------ testing $PTII/ptolemy/domains/de/test/auto/ResettableTimer4.xml
auto.tcl: Setting watchdog for 200 seconds at Tue Apr 09 21:58:40 UTC 2019
1 ms. Memory: 313344K Free: 299564K (96%)
ptolemy.util.test.WatchDog.cancel(): canceling Tue Apr 09 21:58:40 UTC 2019
auto.tcl: Setting watchdog for 200 seconds at Tue Apr 09 21:58:40 UTC 2019
1 ms. Memory: 313344K Free: 299564K (96%)
ptolemy.util.test.WatchDog.cancel(): canceling Tue Apr 09 21:58:40 UTC 2019
------------------ testing $PTII/ptolemy/domains/de/test/auto/ResettableTimer5.xml
auto.tcl: Setting watchdog for 200 seconds at Tue Apr 09 21:58:40 UTC 2019
1 ms. Memory: 313856K Free: 300123K (96%)
ptolemy.util.test.WatchDog.cancel(): canceling Tue Apr 09 21:58:40 UTC 2019
auto.tcl: Setting watchdog for 200 seconds at Tue Apr 09 21:58:40 UTC 2019
2 ms. Memory: 313856K Free: 300123K (96%)
ptolemy.util.test.WatchDog.cancel(): canceling Tue Apr 09 21:58:40 UTC 2019
------------------ testing $PTII/ptolemy/domains/de/test/auto/ResettableTimer6.xml
auto.tcl: Setting watchdog for 200 seconds at Tue Apr 09 21:58:40 UTC 2019
1 ms. Memory: 313344K Free: 299512K (96%)
ptolemy.util.test.WatchDog.cancel(): canceling Tue Apr 09 21:58:40 UTC 2019
auto.tcl: Setting watchdog for 200 seconds at Tue Apr 09 21:58:40 UTC 2019
1 ms. Memory: 313344K Free: 299512K (96%)
ptolemy.util.test.WatchDog.cancel(): canceling Tue Apr 09 21:58:40 UTC 2019
------------------ testing $PTII/ptolemy/domains/de/test/auto/ServerZeroDelay.xml
auto.tcl: Setting watchdog for 200 seconds at Tue Apr 09 21:58:40 UTC 2019
4 ms. Memory: 313856K Free: 303328K (97%)
ptolemy.util.test.WatchDog.cancel(): canceling Tue Apr 09 21:58:40 UTC 2019
auto.tcl: Setting watchdog for 200 seconds at Tue Apr 09 21:58:40 UTC 2019
3 ms. Memory: 313856K Free: 300078K (96%)
ptolemy.util.test.WatchDog.cancel(): canceling Tue Apr 09 21:58:40 UTC 2019
------------------ testing $PTII/ptolemy/domains/de/test/auto/SmartSender.xml
auto.tcl: Setting watchdog for 200 seconds at Tue Apr 09 21:58:40 UTC 2019
3002 ms. Memory: 313344K Free: 297241K (95%)
ptolemy.util.test.WatchDog.cancel(): canceling Tue Apr 09 21:58:43 UTC 2019
auto.tcl: Setting watchdog for 200 seconds at Tue Apr 09 21:58:43 UTC 2019
3002 ms. Memory: 313344K Free: 297241K (95%)
ptolemy.util.test.WatchDog.cancel(): canceling Tue Apr 09 21:58:46 UTC 2019
------------------ testing $PTII/ptolemy/domains/de/test/auto/ThreadedComposite.xml
auto.tcl: Setting watchdog for 200 seconds at Tue Apr 09 21:58:46 UTC 2019
256 ms. Memory: 313856K Free: 277303K (88%)
ptolemy.util.test.WatchDog.cancel(): canceling Tue Apr 09 21:58:46 UTC 2019
auto.tcl: Setting watchdog for 200 seconds at Tue Apr 09 21:58:46 UTC 2019
143 ms. Memory: 313856K Free: 261525K (83%)
ptolemy.util.test.WatchDog.cancel(): canceling Tue Apr 09 21:58:46 UTC 2019
------------------ testing $PTII/ptolemy/domains/de/test/auto/Time.xml
auto.tcl: Setting watchdog for 200 seconds at Tue Apr 09 21:58:46 UTC 2019
486 ms. Memory: 313344K Free: 248195K (79%)
ptolemy.util.test.WatchDog.cancel(): canceling Tue Apr 09 21:58:47 UTC 2019
auto.tcl: Setting watchdog for 200 seconds at Tue Apr 09 21:58:47 UTC 2019
461 ms. Memory: 313344K Free: 196196K (63%)
ptolemy.util.test.WatchDog.cancel(): canceling Tue Apr 09 21:58:47 UTC 2019
------------------ testing $PTII/ptolemy/domains/de/test/auto/TimeDelayZeroDelay.xml
auto.tcl: Setting watchdog for 200 seconds at Tue Apr 09 21:58:47 UTC 2019
2 ms. Memory: 313856K Free: 303197K (97%)
ptolemy.util.test.WatchDog.cancel(): canceling Tue Apr 09 21:58:47 UTC 2019
auto.tcl: Setting watchdog for 200 seconds at Tue Apr 09 21:58:47 UTC 2019
1 ms. Memory: 313856K Free: 299939K (96%)
ptolemy.util.test.WatchDog.cancel(): canceling Tue Apr 09 21:58:47 UTC 2019
------------------ testing $PTII/ptolemy/domains/de/test/auto/TimerZeroDelay.xml
auto.tcl: Setting watchdog for 200 seconds at Tue Apr 09 21:58:48 UTC 2019
5 ms. Memory: 313344K Free: 302777K (97%)
ptolemy.util.test.WatchDog.cancel(): canceling Tue Apr 09 21:58:48 UTC 2019
auto.tcl: Setting watchdog for 200 seconds at Tue Apr 09 21:58:48 UTC 2019
2 ms. Memory: 313344K Free: 299527K (96%)
ptolemy.util.test.WatchDog.cancel(): canceling Tue Apr 09 21:58:48 UTC 2019
------------------ testing $PTII/ptolemy/domains/de/test/auto/TimingParadox.xml
auto.tcl: Setting watchdog for 200 seconds at Tue Apr 09 21:58:48 UTC 2019
346 ms. Memory: 313856K Free: 235854K (75%)
ptolemy.util.test.WatchDog.cancel(): canceling Tue Apr 09 21:58:48 UTC 2019
auto.tcl: Setting watchdog for 200 seconds at Tue Apr 09 21:58:48 UTC 2019
352 ms. Memory: 313856K Free: 200105K (64%)
ptolemy.util.test.WatchDog.cancel(): canceling Tue Apr 09 21:58:48 UTC 2019
------------------ testing $PTII/ptolemy/domains/de/test/auto/TransferInputs.xml
auto.tcl: Setting watchdog for 200 seconds at Tue Apr 09 21:58:49 UTC 2019
2 ms. Memory: 313856K Free: 298984K (95%)
ptolemy.util.test.WatchDog.cancel(): canceling Tue Apr 09 21:58:49 UTC 2019
auto.tcl: Setting watchdog for 200 seconds at Tue Apr 09 21:58:49 UTC 2019
2 ms. Memory: 313856K Free: 298984K (95%)
ptolemy.util.test.WatchDog.cancel(): canceling Tue Apr 09 21:58:49 UTC 2019
------------------ testing $PTII/ptolemy/domains/de/test/auto/TransferOutputs2.xml
auto.tcl: Setting watchdog for 200 seconds at Tue Apr 09 21:58:49 UTC 2019
4 ms. Memory: 313344K Free: 293988K (94%)
ptolemy.util.test.WatchDog.cancel(): canceling Tue Apr 09 21:58:49 UTC 2019
auto.tcl: Setting watchdog for 200 seconds at Tue Apr 09 21:58:49 UTC 2019
3 ms. Memory: 313344K Free: 293988K (94%)
ptolemy.util.test.WatchDog.cancel(): canceling Tue Apr 09 21:58:49 UTC 2019
------------------ testing $PTII/ptolemy/domains/de/test/auto/Trilateration.xml
auto.tcl: Setting watchdog for 200 seconds at Tue Apr 09 21:58:49 UTC 2019
13723 ms. Memory: 391680K Free: 217916K (56%)
ptolemy.util.test.WatchDog.cancel(): canceling Tue Apr 09 21:59:03 UTC 2019
auto.tcl: Setting watchdog for 200 seconds at Tue Apr 09 21:59:03 UTC 2019
10849 ms. Memory: 280576K Free: 84563K (30%)
ptolemy.util.test.WatchDog.cancel(): canceling Tue Apr 09 21:59:14 UTC 2019
------------------ testing $PTII/ptolemy/domains/de/test/auto/TwoSigmaDelta.xml
auto.tcl: Setting watchdog for 200 seconds at Tue Apr 09 21:59:14 UTC 2019
2830 ms. Memory: 272896K Free: 169039K (62%)
ptolemy.util.test.WatchDog.cancel(): canceling Tue Apr 09 21:59:17 UTC 2019
auto.tcl: Setting watchdog for 200 seconds at Tue Apr 09 21:59:17 UTC 2019
2015 ms. Memory: 266240K Free: 117519K (44%)
ptolemy.util.test.WatchDog.cancel(): canceling Tue Apr 09 21:59:19 UTC 2019
------------------ testing $PTII/ptolemy/domains/de/test/auto/VariableDelay.xml
auto.tcl: Setting watchdog for 200 seconds at Tue Apr 09 21:59:19 UTC 2019
2 ms. Memory: 264192K Free: 251360K (95%)
ptolemy.util.test.WatchDog.cancel(): canceling Tue Apr 09 21:59:19 UTC 2019
auto.tcl: Setting watchdog for 200 seconds at Tue Apr 09 21:59:19 UTC 2019
2 ms. Memory: 264192K Free: 251360K (95%)
ptolemy.util.test.WatchDog.cancel(): canceling Tue Apr 09 21:59:19 UTC 2019
------------------ testing $PTII/ptolemy/domains/de/test/auto/VariableDelay2.xml
auto.tcl: Setting watchdog for 200 seconds at Tue Apr 09 21:59:19 UTC 2019
2 ms. Memory: 265728K Free: 253312K (95%)
ptolemy.util.test.WatchDog.cancel(): canceling Tue Apr 09 21:59:19 UTC 2019
auto.tcl: Setting watchdog for 200 seconds at Tue Apr 09 21:59:19 UTC 2019
2 ms. Memory: 265728K Free: 253312K (95%)
ptolemy.util.test.WatchDog.cancel(): canceling Tue Apr 09 21:59:19 UTC 2019
------------------ testing $PTII/ptolemy/domains/de/test/auto/VariableDelayZeroDelay.xml
auto.tcl: Setting watchdog for 200 seconds at Tue Apr 09 21:59:20 UTC 2019
6 ms. Memory: 264192K Free: 251767K (95%)
ptolemy.util.test.WatchDog.cancel(): canceling Tue Apr 09 21:59:20 UTC 2019
auto.tcl: Setting watchdog for 200 seconds at Tue Apr 09 21:59:20 UTC 2019
2 ms. Memory: 264192K Free: 251765K (95%)
ptolemy.util.test.WatchDog.cancel(): canceling Tue Apr 09 21:59:20 UTC 2019
------------------ testing $PTII/ptolemy/domains/de/test/auto/VariableDelayZeroDelay2.xml
auto.tcl: Setting watchdog for 200 seconds at Tue Apr 09 21:59:20 UTC 2019
2 ms. Memory: 265728K Free: 253309K (95%)
ptolemy.util.test.WatchDog.cancel(): canceling Tue Apr 09 21:59:20 UTC 2019
auto.tcl: Setting watchdog for 200 seconds at Tue Apr 09 21:59:20 UTC 2019
2 ms. Memory: 265728K Free: 253309K (95%)
ptolemy.util.test.WatchDog.cancel(): canceling Tue Apr 09 21:59:20 UTC 2019
------------------ testing $PTII/ptolemy/domains/de/test/auto/deInCt.xml
auto.tcl: Setting watchdog for 200 seconds at Tue Apr 09 21:59:20 UTC 2019
0
1
1
1
1
0
0
0
1
1
1
0
0
0
1
1
1
0
0
0
1
1
1
0
0
0
1
1
1
1
1
0
0
0
0
1
1
1
0
0
0
0
20 ms. Memory: 264192K Free: 249934K (95%)
ptolemy.util.test.WatchDog.cancel(): canceling Tue Apr 09 21:59:20 UTC 2019
auto.tcl: Setting watchdog for 200 seconds at Tue Apr 09 21:59:20 UTC 2019
0
1
1
1
1
0
0
0
1
1
1
0
0
0
1
1
1
0
0
0
0
0
0
1
1
1
1
1
1
10 ms. Memory: 264192K Free: 249934K (95%)
ptolemy.util.test.WatchDog.cancel(): canceling Tue Apr 09 21:59:20 UTC 2019
------------------ testing $PTII/ptolemy/domains/de/test/auto/deInCt2.xml
auto.tcl: Setting watchdog for 200 seconds at Tue Apr 09 21:59:20 UTC 2019
0
1
1
1
0
0
1
1
1
0
0
1
1
1
0
0
1
1
1
0
0
1
1
1
0
0
1
1
1
0
0
1
1
1
0
0
1
1
1
0
0
0
10 ms. Memory: 265216K Free: 250955K (95%)
ptolemy.util.test.WatchDog.cancel(): canceling Tue Apr 09 21:59:20 UTC 2019
auto.tcl: Setting watchdog for 200 seconds at Tue Apr 09 21:59:20 UTC 2019
0
1
1
1
0
0
1
1
1
0
0
1
1
1
0
0
1
1
1
0
0
1
1
1
0
0
1
1
1
0
0
1
1
1
0
0
1
1
1
0
0
0
6 ms. Memory: 265216K Free: 250955K (95%)
ptolemy.util.test.WatchDog.cancel(): canceling Tue Apr 09 21:59:20 UTC 2019
------------------ testing $PTII/ptolemy/domains/de/test/auto/dynamicCausalityInterface1.xml
auto.tcl: Setting watchdog for 200 seconds at Tue Apr 09 21:59:20 UTC 2019
3 ms. Memory: 264192K Free: 246234K (93%)
ptolemy.util.test.WatchDog.cancel(): canceling Tue Apr 09 21:59:20 UTC 2019
auto.tcl: Setting watchdog for 200 seconds at Tue Apr 09 21:59:20 UTC 2019
1 ms. Memory: 264192K Free: 246234K (93%)
ptolemy.util.test.WatchDog.cancel(): canceling Tue Apr 09 21:59:20 UTC 2019
------------------ testing $PTII/ptolemy/domains/de/test/auto/fsm_de_test.xml
auto.tcl: Setting watchdog for 200 seconds at Tue Apr 09 21:59:20 UTC 2019
9 ms. Memory: 265216K Free: 248109K (94%)
ptolemy.util.test.WatchDog.cancel(): canceling Tue Apr 09 21:59:20 UTC 2019
auto.tcl: Setting watchdog for 200 seconds at Tue Apr 09 21:59:20 UTC 2019
5 ms. Memory: 265216K Free: 245357K (93%)
ptolemy.util.test.WatchDog.cancel(): canceling Tue Apr 09 21:59:20 UTC 2019
------------------ testing $PTII/ptolemy/domains/de/test/auto/functionDependencyReconstruction.xml
auto.tcl: Setting watchdog for 200 seconds at Tue Apr 09 21:59:20 UTC 2019
6 ms. Memory: 264192K Free: 238794K (90%)
ptolemy.util.test.WatchDog.cancel(): canceling Tue Apr 09 21:59:20 UTC 2019
auto.tcl: Setting watchdog for 200 seconds at Tue Apr 09 21:59:20 UTC 2019
2 ms. Memory: 264192K Free: 238794K (90%)
ptolemy.util.test.WatchDog.cancel(): canceling Tue Apr 09 21:59:20 UTC 2019
------------------ testing $PTII/ptolemy/domains/de/test/auto/multirate.xml
auto.tcl: Setting watchdog for 200 seconds at Tue Apr 09 21:59:20 UTC 2019
3 ms. Memory: 264704K Free: 250200K (95%)
ptolemy.util.test.WatchDog.cancel(): canceling Tue Apr 09 21:59:20 UTC 2019
auto.tcl: Setting watchdog for 200 seconds at Tue Apr 09 21:59:20 UTC 2019
3 ms. Memory: 264704K Free: 247448K (93%)
ptolemy.util.test.WatchDog.cancel(): canceling Tue Apr 09 21:59:20 UTC 2019
------------------ testing $PTII/ptolemy/domains/de/test/auto/multirate2.xml
auto.tcl: Setting watchdog for 200 seconds at Tue Apr 09 21:59:20 UTC 2019
4 ms. Memory: 264192K Free: 249892K (95%)
ptolemy.util.test.WatchDog.cancel(): canceling Tue Apr 09 21:59:20 UTC 2019
auto.tcl: Setting watchdog for 200 seconds at Tue Apr 09 21:59:20 UTC 2019
3 ms. Memory: 264192K Free: 247124K (94%)
ptolemy.util.test.WatchDog.cancel(): canceling Tue Apr 09 21:59:20 UTC 2019
------------------ testing $PTII/ptolemy/domains/de/test/auto/realtime.xml
auto.tcl: Setting watchdog for 200 seconds at Tue Apr 09 21:59:20 UTC 2019
10001 ms. Memory: 264704K Free: 250401K (95%)
ptolemy.util.test.WatchDog.cancel(): canceling Tue Apr 09 21:59:30 UTC 2019
auto.tcl: Setting watchdog for 200 seconds at Tue Apr 09 21:59:30 UTC 2019
10002 ms. Memory: 264704K Free: 250401K (95%)
ptolemy.util.test.WatchDog.cancel(): canceling Tue Apr 09 21:59:40 UTC 2019
------------------ testing $PTII/ptolemy/domains/de/test/auto/relationGroup.xml
auto.tcl: Setting watchdog for 200 seconds at Tue Apr 09 21:59:40 UTC 2019
1 ms. Memory: 264192K Free: 252669K (96%)
ptolemy.util.test.WatchDog.cancel(): canceling Tue Apr 09 21:59:40 UTC 2019
auto.tcl: Setting watchdog for 200 seconds at Tue Apr 09 21:59:40 UTC 2019
1 ms. Memory: 264192K Free: 249916K (95%)
ptolemy.util.test.WatchDog.cancel(): canceling Tue Apr 09 21:59:40 UTC 2019
------------------ testing $PTII/ptolemy/domains/de/test/auto/relationGroup2.xml
auto.tcl: Setting watchdog for 200 seconds at Tue Apr 09 21:59:40 UTC 2019
2 ms. Memory: 264704K Free: 253208K (96%)
ptolemy.util.test.WatchDog.cancel(): canceling Tue Apr 09 21:59:40 UTC 2019
auto.tcl: Setting watchdog for 200 seconds at Tue Apr 09 21:59:40 UTC 2019
1 ms. Memory: 264704K Free: 250439K (95%)
ptolemy.util.test.WatchDog.cancel(): canceling Tue Apr 09 21:59:40 UTC 2019
------------------ testing $PTII/ptolemy/domains/de/test/auto/sortWithOpaquePorts.xml
auto.tcl: Setting watchdog for 200 seconds at Tue Apr 09 21:59:40 UTC 2019
1 ms. Memory: 264192K Free: 249928K (95%)
ptolemy.util.test.WatchDog.cancel(): canceling Tue Apr 09 21:59:40 UTC 2019
auto.tcl: Setting watchdog for 200 seconds at Tue Apr 09 21:59:40 UTC 2019
2 ms. Memory: 264192K Free: 249928K (95%)
ptolemy.util.test.WatchDog.cancel(): canceling Tue Apr 09 21:59:40 UTC 2019
------------------ testing $PTII/ptolemy/domains/de/test/auto/transferInputsandOutputs.xml
auto.tcl: Setting watchdog for 200 seconds at Tue Apr 09 21:59:40 UTC 2019
2 ms. Memory: 264704K Free: 247658K (94%)
ptolemy.util.test.WatchDog.cancel(): canceling Tue Apr 09 21:59:40 UTC 2019
auto.tcl: Setting watchdog for 200 seconds at Tue Apr 09 21:59:40 UTC 2019
1 ms. Memory: 264704K Free: 247658K (94%)
ptolemy.util.test.WatchDog.cancel(): canceling Tue Apr 09 21:59:40 UTC 2019
------------------ testing $PTII/ptolemy/domains/de/test/auto/triggerType.xml
auto.tcl: Setting watchdog for 200 seconds at Tue Apr 09 21:59:41 UTC 2019
2 ms. Memory: 264192K Free: 249874K (95%)
ptolemy.util.test.WatchDog.cancel(): canceling Tue Apr 09 21:59:41 UTC 2019
auto.tcl: Setting watchdog for 200 seconds at Tue Apr 09 21:59:41 UTC 2019
1 ms. Memory: 264192K Free: 249874K (95%)
ptolemy.util.test.WatchDog.cancel(): canceling Tue Apr 09 21:59:41 UTC 2019
04/09/19 09:59:41
Failed: 0  Total Tests: 192  ((Passed: 187, Newly Passed: 1)  Known Failed: 5) /home/travis/build/icyphy/ptII/ptolemy/domains/de/test
04/09/19 09:59:41
Failed: 0  Total Tests: 192  ((Passed: 187, Newly Passed: 1)  Known Failed: 5) /home/travis/build/icyphy/ptII/ptolemy/domains/de/test
----------------- testing (KnownFailure) /home/travis/build/icyphy/ptII/ptolemy/domains/de/test/auto/knownFailedTests/DESDFClockTest.xml
2010 ms. Memory: 264704K Free: 242212K (92%)
Known Failure: java.lang.reflect.InvocationTargetException
----------------- testing (KnownFailure) /home/travis/build/icyphy/ptII/ptolemy/domains/de/test/auto/knownFailedTests/DirectFeedback.xml
2 ms. Memory: 264704K Free: 227589K (86%)
Known Failure: java.lang.reflect.InvocationTargetException
----------------- testing (KnownFailure) /home/travis/build/icyphy/ptII/ptolemy/domains/de/test/auto/knownFailedTests/FSMSource.xml
13 ms. Memory: 264704K Free: 209294K (79%)
----------------- testing (KnownFailure) /home/travis/build/icyphy/ptII/ptolemy/domains/de/test/auto/knownFailedTests/HierarchicalModel.xml
4 ms. Memory: 264704K Free: 187328K (71%)
Known Failure: java.lang.reflect.InvocationTargetException
----------------- testing (KnownFailure) /home/travis/build/icyphy/ptII/ptolemy/domains/de/test/auto/knownFailedTests/dependencyLoop.xml
2 ms. Memory: 264704K Free: 161722K (61%)
Known Failure: java.lang.reflect.InvocationTargetException
----------------- testing (KnownFailure) /home/travis/build/icyphy/ptII/ptolemy/domains/de/test/auto/knownFailedTests/dependencyLoop2.xml
6 ms. Memory: 264704K Free: 136099K (51%)
Known Failure: java.lang.reflect.InvocationTargetException
No auto/linux-amd64/*.xml tests in /home/travis/build/icyphy/ptII/ptolemy/domains/de/test
AutoTests.java: About to close Vertx.
AutoTests.java: Vertx closed.

===========================================================================================
----------------- testing Tue Apr 09 21:59:43 UTC 2019 /home/travis/build/icyphy/ptII/ptolemy/domains/de/test/auto/ActorDepthCalculation_actorWithoutPorts.xml
----------------- Instantiating /home/travis/build/icyphy/ptII/ptolemy/domains/de/test/auto/ActorDepthCalculation_actorWithoutPorts.xml
2 ms. Memory: 264704K Free: 114149K (43%)
----------------- Invoking toplevel() on ptolemy.moml.MoMLSimpleApplication@26ae6f5b
----------------- Done invoking toplevel() on ptolemy.moml.MoMLSimpleApplication@26ae6f5b
reloadAllAccessors: .ActorDepthCalculation_actorWithoutPorts

===========================================================================================
----------------- testing Tue Apr 09 21:59:43 UTC 2019 /home/travis/build/icyphy/ptII/ptolemy/domains/de/test/auto/AssemblyLine.xml
----------------- Instantiating /home/travis/build/icyphy/ptII/ptolemy/domains/de/test/auto/AssemblyLine.xml
2 ms. Memory: 264704K Free: 103166K (39%)
----------------- Invoking toplevel() on ptolemy.moml.MoMLSimpleApplication@114741a9
----------------- Done invoking toplevel() on ptolemy.moml.MoMLSimpleApplication@114741a9
reloadAllAccessors: .AssemblyLine

===========================================================================================
----------------- testing Tue Apr 09 21:59:43 UTC 2019 /home/travis/build/icyphy/ptII/ptolemy/domains/de/test/auto/CQBug1.xml
----------------- Instantiating /home/travis/build/icyphy/ptII/ptolemy/domains/de/test/auto/CQBug1.xml
3 ms. Memory: 264704K Free: 95855K (36%)
----------------- Invoking toplevel() on ptolemy.moml.MoMLSimpleApplication@a1601e8
----------------- Done invoking toplevel() on ptolemy.moml.MoMLSimpleApplication@a1601e8
reloadAllAccessors: .CQBug1

===========================================================================================
----------------- testing Tue Apr 09 21:59:43 UTC 2019 /home/travis/build/icyphy/ptII/ptolemy/domains/de/test/auto/CancelFireAt.xml
----------------- Instantiating /home/travis/build/icyphy/ptII/ptolemy/domains/de/test/auto/CancelFireAt.xml
1 ms. Memory: 264704K Free: 88543K (33%)
----------------- Invoking toplevel() on ptolemy.moml.MoMLSimpleApplication@4915f8c8
----------------- Done invoking toplevel() on ptolemy.moml.MoMLSimpleApplication@4915f8c8
reloadAllAccessors: .CancelFireAt

===========================================================================================
----------------- testing Tue Apr 09 21:59:43 UTC 2019 /home/travis/build/icyphy/ptII/ptolemy/domains/de/test/auto/CausalityAndComposabilityAnalysis.xml
----------------- Instantiating /home/travis/build/icyphy/ptII/ptolemy/domains/de/test/auto/CausalityAndComposabilityAnalysis.xml
2 ms. Memory: 264704K Free: 76823K (29%)
----------------- Invoking toplevel() on ptolemy.moml.MoMLSimpleApplication@742e7b0d
----------------- Done invoking toplevel() on ptolemy.moml.MoMLSimpleApplication@742e7b0d
reloadAllAccessors: .CausalityAndComposabilityAnalysis

===========================================================================================
----------------- testing Tue Apr 09 21:59:43 UTC 2019 /home/travis/build/icyphy/ptII/ptolemy/domains/de/test/auto/CausalityInterface1.xml
----------------- Instantiating /home/travis/build/icyphy/ptII/ptolemy/domains/de/test/auto/CausalityInterface1.xml
5 ms. Memory: 256512K Free: 240636K (94%)
----------------- Invoking toplevel() on ptolemy.moml.MoMLSimpleApplication@dc26206
----------------- Done invoking toplevel() on ptolemy.moml.MoMLSimpleApplication@dc26206
reloadAllAccessors: .CausalityInterface1

===========================================================================================
----------------- testing Tue Apr 09 21:59:43 UTC 2019 /home/travis/build/icyphy/ptII/ptolemy/domains/de/test/auto/CausalityInterface15.xml
----------------- Instantiating /home/travis/build/icyphy/ptII/ptolemy/domains/de/test/auto/CausalityInterface15.xml
2 ms. Memory: 256512K Free: 228381K (89%)
----------------- Invoking toplevel() on ptolemy.moml.MoMLSimpleApplication@1203f4fa
----------------- Done invoking toplevel() on ptolemy.moml.MoMLSimpleApplication@1203f4fa
reloadAllAccessors: .CausalityInterface15

===========================================================================================
----------------- testing Tue Apr 09 21:59:43 UTC 2019 /home/travis/build/icyphy/ptII/ptolemy/domains/de/test/auto/CausalityInterface2.xml
----------------- Instantiating /home/travis/build/icyphy/ptII/ptolemy/domains/de/test/auto/CausalityInterface2.xml
2 ms. Memory: 256512K Free: 217859K (85%)
----------------- Invoking toplevel() on ptolemy.moml.MoMLSimpleApplication@6764481f
----------------- Done invoking toplevel() on ptolemy.moml.MoMLSimpleApplication@6764481f
reloadAllAccessors: .CausalityInterface2

===========================================================================================
----------------- testing Tue Apr 09 21:59:43 UTC 2019 /home/travis/build/icyphy/ptII/ptolemy/domains/de/test/auto/CausalityInterface3.xml
----------------- Instantiating /home/travis/build/icyphy/ptII/ptolemy/domains/de/test/auto/CausalityInterface3.xml
2 ms. Memory: 256512K Free: 207352K (81%)
----------------- Invoking toplevel() on ptolemy.moml.MoMLSimpleApplication@49ecda3c
----------------- Done invoking toplevel() on ptolemy.moml.MoMLSimpleApplication@49ecda3c
reloadAllAccessors: .CausalityInterface3

===========================================================================================
----------------- testing Tue Apr 09 21:59:43 UTC 2019 /home/travis/build/icyphy/ptII/ptolemy/domains/de/test/auto/ClockDrift.xml
----------------- Instantiating /home/travis/build/icyphy/ptII/ptolemy/domains/de/test/auto/ClockDrift.xml
15 ms. Memory: 256512K Free: 191611K (75%)
----------------- Invoking toplevel() on ptolemy.moml.MoMLSimpleApplication@5a1468c7
----------------- Done invoking toplevel() on ptolemy.moml.MoMLSimpleApplication@5a1468c7
reloadAllAccessors: .ClockDrift

===========================================================================================
----------------- testing Tue Apr 09 21:59:43 UTC 2019 /home/travis/build/icyphy/ptII/ptolemy/domains/de/test/auto/ClockDriftAndValueChange.xml
----------------- Instantiating /home/travis/build/icyphy/ptII/ptolemy/domains/de/test/auto/ClockDriftAndValueChange.xml
13 ms. Memory: 256512K Free: 177586K (69%)
----------------- Invoking toplevel() on ptolemy.moml.MoMLSimpleApplication@2dc03516
----------------- Done invoking toplevel() on ptolemy.moml.MoMLSimpleApplication@2dc03516
reloadAllAccessors: .ClockDriftAndValueChange

===========================================================================================
----------------- testing Tue Apr 09 21:59:43 UTC 2019 /home/travis/build/icyphy/ptII/ptolemy/domains/de/test/auto/ClockDriftChange.xml
----------------- Instantiating /home/travis/build/icyphy/ptII/ptolemy/domains/de/test/auto/ClockDriftChange.xml
12 ms. Memory: 256512K Free: 163546K (64%)
----------------- Invoking toplevel() on ptolemy.moml.MoMLSimpleApplication@47de9765
----------------- Done invoking toplevel() on ptolemy.moml.MoMLSimpleApplication@47de9765
reloadAllAccessors: .ClockDriftChange

===========================================================================================
----------------- testing Tue Apr 09 21:59:43 UTC 2019 /home/travis/build/icyphy/ptII/ptolemy/domains/de/test/auto/ComposableCausalityAnalysis.xml
----------------- Instantiating /home/travis/build/icyphy/ptII/ptolemy/domains/de/test/auto/ComposableCausalityAnalysis.xml
1 ms. Memory: 256512K Free: 153024K (60%)
----------------- Invoking toplevel() on ptolemy.moml.MoMLSimpleApplication@71e60035
----------------- Done invoking toplevel() on ptolemy.moml.MoMLSimpleApplication@71e60035
reloadAllAccessors: .ComposableCausalityAnalysis

===========================================================================================
----------------- testing Tue Apr 09 21:59:43 UTC 2019 /home/travis/build/icyphy/ptII/ptolemy/domains/de/test/auto/DEFixedPointLimitation.xml
----------------- Instantiating /home/travis/build/icyphy/ptII/ptolemy/domains/de/test/auto/DEFixedPointLimitation.xml
1 ms. Memory: 256512K Free: 140769K (55%)
----------------- Invoking toplevel() on ptolemy.moml.MoMLSimpleApplication@6c102289
----------------- Done invoking toplevel() on ptolemy.moml.MoMLSimpleApplication@6c102289
reloadAllAccessors: .DEFixedPointLimitation

===========================================================================================
----------------- testing Tue Apr 09 21:59:43 UTC 2019 /home/travis/build/icyphy/ptII/ptolemy/domains/de/test/auto/DEScheduleTest.xml
----------------- Instantiating /home/travis/build/icyphy/ptII/ptolemy/domains/de/test/auto/DEScheduleTest.xml
2 ms. Memory: 256512K Free: 133765K (52%)
----------------- Invoking toplevel() on ptolemy.moml.MoMLSimpleApplication@155a4e5a
----------------- Done invoking toplevel() on ptolemy.moml.MoMLSimpleApplication@155a4e5a
reloadAllAccessors: .DEScheduleTest

===========================================================================================
----------------- testing Tue Apr 09 21:59:43 UTC 2019 /home/travis/build/icyphy/ptII/ptolemy/domains/de/test/auto/DEinDEwithStartTimes.xml
----------------- Instantiating /home/travis/build/icyphy/ptII/ptolemy/domains/de/test/auto/DEinDEwithStartTimes.xml
5 ms. Memory: 256512K Free: 123258K (48%)
----------------- Invoking toplevel() on ptolemy.moml.MoMLSimpleApplication@350c2a60
----------------- Done invoking toplevel() on ptolemy.moml.MoMLSimpleApplication@350c2a60
reloadAllAccessors: .DEinDEwithStartTimes

===========================================================================================
----------------- testing Tue Apr 09 21:59:43 UTC 2019 /home/travis/build/icyphy/ptII/ptolemy/domains/de/test/auto/DEinDEwithStartTimes2.xml
----------------- Instantiating /home/travis/build/icyphy/ptII/ptolemy/domains/de/test/auto/DEinDEwithStartTimes2.xml
3 ms. Memory: 256512K Free: 112734K (44%)
----------------- Invoking toplevel() on ptolemy.moml.MoMLSimpleApplication@5901ba7f
----------------- Done invoking toplevel() on ptolemy.moml.MoMLSimpleApplication@5901ba7f
reloadAllAccessors: .DEinDEwithStartTimes2

===========================================================================================
----------------- testing Tue Apr 09 21:59:43 UTC 2019 /home/travis/build/icyphy/ptII/ptolemy/domains/de/test/auto/DateDemo.xml
----------------- Instantiating /home/travis/build/icyphy/ptII/ptolemy/domains/de/test/auto/DateDemo.xml
7 ms. Memory: 256512K Free: 96977K (38%)
----------------- Invoking toplevel() on ptolemy.moml.MoMLSimpleApplication@6da5ea09
----------------- Done invoking toplevel() on ptolemy.moml.MoMLSimpleApplication@6da5ea09
reloadAllAccessors: .DateDemo

===========================================================================================
----------------- testing Tue Apr 09 21:59:43 UTC 2019 /home/travis/build/icyphy/ptII/ptolemy/domains/de/test/auto/DateToEvent.xml
----------------- Instantiating /home/travis/build/icyphy/ptII/ptolemy/domains/de/test/auto/DateToEvent.xml
2006 ms. Memory: 256512K Free: 76054K (30%)
----------------- Invoking toplevel() on ptolemy.moml.MoMLSimpleApplication@52f8e63b
----------------- Done invoking toplevel() on ptolemy.moml.MoMLSimpleApplication@52f8e63b
reloadAllAccessors: .DateToEvent

===========================================================================================
----------------- testing Tue Apr 09 21:59:45 UTC 2019 /home/travis/build/icyphy/ptII/ptolemy/domains/de/test/auto/DepthTest1.xml
----------------- Instantiating /home/travis/build/icyphy/ptII/ptolemy/domains/de/test/auto/DepthTest1.xml
1 ms. Memory: 249856K Free: 239326K (96%)
----------------- Invoking toplevel() on ptolemy.moml.MoMLSimpleApplication@6adcec59
----------------- Done invoking toplevel() on ptolemy.moml.MoMLSimpleApplication@6adcec59
reloadAllAccessors: .DepthTest1

===========================================================================================
----------------- testing Tue Apr 09 21:59:45 UTC 2019 /home/travis/build/icyphy/ptII/ptolemy/domains/de/test/auto/DepthTest2.xml
----------------- Instantiating /home/travis/build/icyphy/ptII/ptolemy/domains/de/test/auto/DepthTest2.xml
2 ms. Memory: 249856K Free: 229785K (92%)
----------------- Invoking toplevel() on ptolemy.moml.MoMLSimpleApplication@2591f940
----------------- Done invoking toplevel() on ptolemy.moml.MoMLSimpleApplication@2591f940
reloadAllAccessors: .DepthTest2

===========================================================================================
----------------- testing Tue Apr 09 21:59:45 UTC 2019 /home/travis/build/icyphy/ptII/ptolemy/domains/de/test/auto/DepthTest3.xml
----------------- Instantiating /home/travis/build/icyphy/ptII/ptolemy/domains/de/test/auto/DepthTest3.xml
1 ms. Memory: 249856K Free: 224731K (90%)
----------------- Invoking toplevel() on ptolemy.moml.MoMLSimpleApplication@7da023e2
----------------- Done invoking toplevel() on ptolemy.moml.MoMLSimpleApplication@7da023e2
reloadAllAccessors: .DepthTest3

===========================================================================================
----------------- testing Tue Apr 09 21:59:45 UTC 2019 /home/travis/build/icyphy/ptII/ptolemy/domains/de/test/auto/DepthTest4.xml
----------------- Instantiating /home/travis/build/icyphy/ptII/ptolemy/domains/de/test/auto/DepthTest4.xml
1 ms. Memory: 249856K Free: 216892K (87%)
----------------- Invoking toplevel() on ptolemy.moml.MoMLSimpleApplication@208add00
----------------- Done invoking toplevel() on ptolemy.moml.MoMLSimpleApplication@208add00
reloadAllAccessors: .DepthTest4

===========================================================================================
----------------- testing Tue Apr 09 21:59:45 UTC 2019 /home/travis/build/icyphy/ptII/ptolemy/domains/de/test/auto/DepthTest5.xml
----------------- Instantiating /home/travis/build/icyphy/ptII/ptolemy/domains/de/test/auto/DepthTest5.xml
2 ms. Memory: 249856K Free: 210166K (84%)
----------------- Invoking toplevel() on ptolemy.moml.MoMLSimpleApplication@8c78b2e
----------------- Done invoking toplevel() on ptolemy.moml.MoMLSimpleApplication@8c78b2e
reloadAllAccessors: .DepthTest5

===========================================================================================
----------------- testing Tue Apr 09 21:59:45 UTC 2019 /home/travis/build/icyphy/ptII/ptolemy/domains/de/test/auto/DepthTest6.xml
----------------- Instantiating /home/travis/build/icyphy/ptII/ptolemy/domains/de/test/auto/DepthTest6.xml
1 ms. Memory: 249856K Free: 202312K (81%)
----------------- Invoking toplevel() on ptolemy.moml.MoMLSimpleApplication@34c984cc
----------------- Done invoking toplevel() on ptolemy.moml.MoMLSimpleApplication@34c984cc
reloadAllAccessors: .DepthTest6

===========================================================================================
----------------- testing Tue Apr 09 21:59:45 UTC 2019 /home/travis/build/icyphy/ptII/ptolemy/domains/de/test/auto/DepthTest7.xml
----------------- Instantiating /home/travis/build/icyphy/ptII/ptolemy/domains/de/test/auto/DepthTest7.xml
1 ms. Memory: 249856K Free: 195579K (78%)
----------------- Invoking toplevel() on ptolemy.moml.MoMLSimpleApplication@4b583ccb
----------------- Done invoking toplevel() on ptolemy.moml.MoMLSimpleApplication@4b583ccb
reloadAllAccessors: .DepthTest7

===========================================================================================
----------------- testing Tue Apr 09 21:59:46 UTC 2019 /home/travis/build/icyphy/ptII/ptolemy/domains/de/test/auto/EventToDate.xml
----------------- Instantiating /home/travis/build/icyphy/ptII/ptolemy/domains/de/test/auto/EventToDate.xml
3013 ms. Memory: 249856K Free: 180400K (72%)
----------------- Invoking toplevel() on ptolemy.moml.MoMLSimpleApplication@2a5ac003
----------------- Done invoking toplevel() on ptolemy.moml.MoMLSimpleApplication@2a5ac003
reloadAllAccessors: .EventToDate

===========================================================================================
----------------- testing Tue Apr 09 21:59:49 UTC 2019 /home/travis/build/icyphy/ptII/ptolemy/domains/de/test/auto/FSM1.xml
----------------- Instantiating /home/travis/build/icyphy/ptII/ptolemy/domains/de/test/auto/FSM1.xml
9 ms. Memory: 249856K Free: 165828K (66%)
----------------- Invoking toplevel() on ptolemy.moml.MoMLSimpleApplication@746d3480
----------------- Done invoking toplevel() on ptolemy.moml.MoMLSimpleApplication@746d3480
reloadAllAccessors: .FSM1

===========================================================================================
----------------- testing Tue Apr 09 21:59:49 UTC 2019 /home/travis/build/icyphy/ptII/ptolemy/domains/de/test/auto/FSM7.xml
----------------- Instantiating /home/travis/build/icyphy/ptII/ptolemy/domains/de/test/auto/FSM7.xml
19 ms. Memory: 249856K Free: 152345K (61%)
----------------- Invoking toplevel() on ptolemy.moml.MoMLSimpleApplication@254980fd
----------------- Done invoking toplevel() on ptolemy.moml.MoMLSimpleApplication@254980fd
reloadAllAccessors: .FSM7

===========================================================================================
----------------- testing Tue Apr 09 21:59:49 UTC 2019 /home/travis/build/icyphy/ptII/ptolemy/domains/de/test/auto/Inspection.xml
----------------- Instantiating /home/travis/build/icyphy/ptII/ptolemy/domains/de/test/auto/Inspection.xml
26 ms. Memory: 249856K Free: 137733K (55%)
----------------- Invoking toplevel() on ptolemy.moml.MoMLSimpleApplication@37fdfb53
----------------- Done invoking toplevel() on ptolemy.moml.MoMLSimpleApplication@37fdfb53
reloadAllAccessors: .Inspection

===========================================================================================
----------------- testing Tue Apr 09 21:59:49 UTC 2019 /home/travis/build/icyphy/ptII/ptolemy/domains/de/test/auto/Iteration.xml
----------------- Instantiating /home/travis/build/icyphy/ptII/ptolemy/domains/de/test/auto/Iteration.xml
8 ms. Memory: 249856K Free: 129310K (52%)
----------------- Invoking toplevel() on ptolemy.moml.MoMLSimpleApplication@7fd9a90b
----------------- Done invoking toplevel() on ptolemy.moml.MoMLSimpleApplication@7fd9a90b
reloadAllAccessors: .Iteration

===========================================================================================
----------------- testing Tue Apr 09 21:59:49 UTC 2019 /home/travis/build/icyphy/ptII/ptolemy/domains/de/test/auto/LineFault.xml
----------------- Instantiating /home/travis/build/icyphy/ptII/ptolemy/domains/de/test/auto/LineFault.xml
415 ms. Memory: 243200K Free: 172649K (71%)
----------------- Invoking toplevel() on ptolemy.moml.MoMLSimpleApplication@3656dcf5
----------------- Done invoking toplevel() on ptolemy.moml.MoMLSimpleApplication@3656dcf5
reloadAllAccessors: .LineFault

===========================================================================================
----------------- testing Tue Apr 09 21:59:49 UTC 2019 /home/travis/build/icyphy/ptII/ptolemy/domains/de/test/auto/MergeModel1Add.xml
----------------- Instantiating /home/travis/build/icyphy/ptII/ptolemy/domains/de/test/auto/MergeModel1Add.xml
6 ms. Memory: 243200K Free: 150841K (62%)
----------------- Invoking toplevel() on ptolemy.moml.MoMLSimpleApplication@23559811
----------------- Done invoking toplevel() on ptolemy.moml.MoMLSimpleApplication@23559811
reloadAllAccessors: .MergeModel1Add

===========================================================================================
----------------- testing Tue Apr 09 21:59:49 UTC 2019 /home/travis/build/icyphy/ptII/ptolemy/domains/de/test/auto/MergeModel2Add.xml
----------------- Instantiating /home/travis/build/icyphy/ptII/ptolemy/domains/de/test/auto/MergeModel2Add.xml
6 ms. Memory: 243200K Free: 129049K (53%)
----------------- Invoking toplevel() on ptolemy.moml.MoMLSimpleApplication@1bed6fc3
----------------- Done invoking toplevel() on ptolemy.moml.MoMLSimpleApplication@1bed6fc3
reloadAllAccessors: .MergeModel2Add

===========================================================================================
----------------- testing Tue Apr 09 21:59:49 UTC 2019 /home/travis/build/icyphy/ptII/ptolemy/domains/de/test/auto/MergeModel3Add.xml
----------------- Instantiating /home/travis/build/icyphy/ptII/ptolemy/domains/de/test/auto/MergeModel3Add.xml
7 ms. Memory: 243200K Free: 108019K (44%)
----------------- Invoking toplevel() on ptolemy.moml.MoMLSimpleApplication@194d948c
----------------- Done invoking toplevel() on ptolemy.moml.MoMLSimpleApplication@194d948c
reloadAllAccessors: .MergeModel3Add

===========================================================================================
----------------- testing Tue Apr 09 21:59:49 UTC 2019 /home/travis/build/icyphy/ptII/ptolemy/domains/de/test/auto/MergeWithoutDiscard.xml
----------------- Instantiating /home/travis/build/icyphy/ptII/ptolemy/domains/de/test/auto/MergeWithoutDiscard.xml
1 ms. Memory: 243200K Free: 100806K (41%)
----------------- Invoking toplevel() on ptolemy.moml.MoMLSimpleApplication@21a841c8
----------------- Done invoking toplevel() on ptolemy.moml.MoMLSimpleApplication@21a841c8
reloadAllAccessors: .MergeWithoutDiscard

===========================================================================================
----------------- testing Tue Apr 09 21:59:49 UTC 2019 /home/travis/build/icyphy/ptII/ptolemy/domains/de/test/auto/Modal1.xml
----------------- Instantiating /home/travis/build/icyphy/ptII/ptolemy/domains/de/test/auto/Modal1.xml
7 ms. Memory: 243200K Free: 87108K (36%)
----------------- Invoking toplevel() on ptolemy.moml.MoMLSimpleApplication@79b4fc61
----------------- Done invoking toplevel() on ptolemy.moml.MoMLSimpleApplication@79b4fc61
reloadAllAccessors: .Modal1

===========================================================================================
----------------- testing Tue Apr 09 21:59:49 UTC 2019 /home/travis/build/icyphy/ptII/ptolemy/domains/de/test/auto/Modal2.xml
----------------- Instantiating /home/travis/build/icyphy/ptII/ptolemy/domains/de/test/auto/Modal2.xml
13 ms. Memory: 236544K Free: 228013K (96%)
----------------- Invoking toplevel() on ptolemy.moml.MoMLSimpleApplication@144b8400
----------------- Done invoking toplevel() on ptolemy.moml.MoMLSimpleApplication@144b8400
reloadAllAccessors: .Modal2

===========================================================================================
----------------- testing Tue Apr 09 21:59:49 UTC 2019 /home/travis/build/icyphy/ptII/ptolemy/domains/de/test/auto/Modal3.xml
----------------- Instantiating /home/travis/build/icyphy/ptII/ptolemy/domains/de/test/auto/Modal3.xml
7 ms. Memory: 236544K Free: 212714K (90%)
----------------- Invoking toplevel() on ptolemy.moml.MoMLSimpleApplication@2ec74e64
----------------- Done invoking toplevel() on ptolemy.moml.MoMLSimpleApplication@2ec74e64
reloadAllAccessors: .Modal3

===========================================================================================
----------------- testing Tue Apr 09 21:59:50 UTC 2019 /home/travis/build/icyphy/ptII/ptolemy/domains/de/test/auto/Modal4.xml
----------------- Instantiating /home/travis/build/icyphy/ptII/ptolemy/domains/de/test/auto/Modal4.xml
8 ms. Memory: 236544K Free: 197730K (84%)
----------------- Invoking toplevel() on ptolemy.moml.MoMLSimpleApplication@3f7d47cb
----------------- Done invoking toplevel() on ptolemy.moml.MoMLSimpleApplication@3f7d47cb
reloadAllAccessors: .Modal4

===========================================================================================
----------------- testing Tue Apr 09 21:59:50 UTC 2019 /home/travis/build/icyphy/ptII/ptolemy/domains/de/test/auto/Modal5.xml
----------------- Instantiating /home/travis/build/icyphy/ptII/ptolemy/domains/de/test/auto/Modal5.xml
7 ms. Memory: 236544K Free: 182746K (77%)
----------------- Invoking toplevel() on ptolemy.moml.MoMLSimpleApplication@3e69f4a3
----------------- Done invoking toplevel() on ptolemy.moml.MoMLSimpleApplication@3e69f4a3
reloadAllAccessors: .Modal5

===========================================================================================
----------------- testing Tue Apr 09 21:59:50 UTC 2019 /home/travis/build/icyphy/ptII/ptolemy/domains/de/test/auto/Modal6.xml
----------------- Instantiating /home/travis/build/icyphy/ptII/ptolemy/domains/de/test/auto/Modal6.xml
7 ms. Memory: 236544K Free: 168784K (71%)
----------------- Invoking toplevel() on ptolemy.moml.MoMLSimpleApplication@3e4a331e
----------------- Done invoking toplevel() on ptolemy.moml.MoMLSimpleApplication@3e4a331e
reloadAllAccessors: .Modal6

===========================================================================================
----------------- testing Tue Apr 09 21:59:50 UTC 2019 /home/travis/build/icyphy/ptII/ptolemy/domains/de/test/auto/Modal7.xml
----------------- Instantiating /home/travis/build/icyphy/ptII/ptolemy/domains/de/test/auto/Modal7.xml
6 ms. Memory: 236544K Free: 153824K (65%)
----------------- Invoking toplevel() on ptolemy.moml.MoMLSimpleApplication@38b606ae
----------------- Done invoking toplevel() on ptolemy.moml.MoMLSimpleApplication@38b606ae
reloadAllAccessors: .Modal7

===========================================================================================
----------------- testing Tue Apr 09 21:59:50 UTC 2019 /home/travis/build/icyphy/ptII/ptolemy/domains/de/test/auto/ModalModel.xml
----------------- Instantiating /home/travis/build/icyphy/ptII/ptolemy/domains/de/test/auto/ModalModel.xml
117 ms. Memory: 236544K Free: 83430K (35%)
----------------- Invoking toplevel() on ptolemy.moml.MoMLSimpleApplication@b0d8ce8
----------------- Done invoking toplevel() on ptolemy.moml.MoMLSimpleApplication@b0d8ce8
reloadAllAccessors: .ModalModel

===========================================================================================
----------------- testing Tue Apr 09 21:59:50 UTC 2019 /home/travis/build/icyphy/ptII/ptolemy/domains/de/test/auto/ModalSource.xml
----------------- Instantiating /home/travis/build/icyphy/ptII/ptolemy/domains/de/test/auto/ModalSource.xml
4 ms. Memory: 236544K Free: 74203K (31%)
----------------- Invoking toplevel() on ptolemy.moml.MoMLSimpleApplication@3af79825
----------------- Done invoking toplevel() on ptolemy.moml.MoMLSimpleApplication@3af79825
reloadAllAccessors: .ModalSource

===========================================================================================
----------------- testing Tue Apr 09 21:59:50 UTC 2019 /home/travis/build/icyphy/ptII/ptolemy/domains/de/test/auto/NonInterruptibleTimerZeroDelay.xml
----------------- Instantiating /home/travis/build/icyphy/ptII/ptolemy/domains/de/test/auto/NonInterruptibleTimerZeroDelay.xml
2 ms. Memory: 229888K Free: 217097K (94%)
----------------- Invoking toplevel() on ptolemy.moml.MoMLSimpleApplication@11a94523
----------------- Done invoking toplevel() on ptolemy.moml.MoMLSimpleApplication@11a94523
reloadAllAccessors: .NonInterruptibleTimerZeroDelay

===========================================================================================
----------------- testing Tue Apr 09 21:59:50 UTC 2019 /home/travis/build/icyphy/ptII/ptolemy/domains/de/test/auto/OpenQueueingNetwork.xml
----------------- Instantiating /home/travis/build/icyphy/ptII/ptolemy/domains/de/test/auto/OpenQueueingNetwork.xml
2157 ms. Memory: 305152K Free: 228755K (75%)
----------------- Invoking toplevel() on ptolemy.moml.MoMLSimpleApplication@44ca5bfe
----------------- Done invoking toplevel() on ptolemy.moml.MoMLSimpleApplication@44ca5bfe
reloadAllAccessors: .OpenQueueingNetwork

===========================================================================================
----------------- testing Tue Apr 09 21:59:52 UTC 2019 /home/travis/build/icyphy/ptII/ptolemy/domains/de/test/auto/OpenQueuingNetwork.xml
----------------- Instantiating /home/travis/build/icyphy/ptII/ptolemy/domains/de/test/auto/OpenQueuingNetwork.xml
220 ms. Memory: 305152K Free: 139671K (46%)
----------------- Invoking toplevel() on ptolemy.moml.MoMLSimpleApplication@71a61491
----------------- Done invoking toplevel() on ptolemy.moml.MoMLSimpleApplication@71a61491
reloadAllAccessors: .OpenQueuingNetwork

===========================================================================================
----------------- testing Tue Apr 09 21:59:52 UTC 2019 /home/travis/build/icyphy/ptII/ptolemy/domains/de/test/auto/PeriodicSampler.xml
----------------- Instantiating /home/travis/build/icyphy/ptII/ptolemy/domains/de/test/auto/PeriodicSampler.xml
2 ms. Memory: 305152K Free: 132340K (43%)
----------------- Invoking toplevel() on ptolemy.moml.MoMLSimpleApplication@367cd9d7
----------------- Done invoking toplevel() on ptolemy.moml.MoMLSimpleApplication@367cd9d7
reloadAllAccessors: .PeriodicSampler

===========================================================================================
----------------- testing Tue Apr 09 21:59:52 UTC 2019 /home/travis/build/icyphy/ptII/ptolemy/domains/de/test/auto/PersistentIO.xml
----------------- Instantiating /home/travis/build/icyphy/ptII/ptolemy/domains/de/test/auto/PersistentIO.xml
4 ms. Memory: 305152K Free: 120873K (40%)
----------------- Invoking toplevel() on ptolemy.moml.MoMLSimpleApplication@7c1b2300
----------------- Done invoking toplevel() on ptolemy.moml.MoMLSimpleApplication@7c1b2300
reloadAllAccessors: .PersistentIO

===========================================================================================
----------------- testing Tue Apr 09 21:59:52 UTC 2019 /home/travis/build/icyphy/ptII/ptolemy/domains/de/test/auto/PortParameterResetOnInitialize.xml
----------------- Instantiating /home/travis/build/icyphy/ptII/ptolemy/domains/de/test/auto/PortParameterResetOnInitialize.xml
1 ms. Memory: 305152K Free: 113543K (37%)
----------------- Invoking toplevel() on ptolemy.moml.MoMLSimpleApplication@20c1a643
----------------- Done invoking toplevel() on ptolemy.moml.MoMLSimpleApplication@20c1a643
reloadAllAccessors: .PortParameterResetOnInitialize

===========================================================================================
----------------- testing Tue Apr 09 21:59:52 UTC 2019 /home/travis/build/icyphy/ptII/ptolemy/domains/de/test/auto/PortParameterUpdates.xml
----------------- Instantiating /home/travis/build/icyphy/ptII/ptolemy/domains/de/test/auto/PortParameterUpdates.xml
3 ms. Memory: 305152K Free: 104306K (34%)
----------------- Invoking toplevel() on ptolemy.moml.MoMLSimpleApplication@7d554646
----------------- Done invoking toplevel() on ptolemy.moml.MoMLSimpleApplication@7d554646
reloadAllAccessors: .PortParameterUpdates

===========================================================================================
----------------- testing Tue Apr 09 21:59:52 UTC 2019 /home/travis/build/icyphy/ptII/ptolemy/domains/de/test/auto/QueueAndServer.xml
----------------- Instantiating /home/travis/build/icyphy/ptII/ptolemy/domains/de/test/auto/QueueAndServer.xml
5 ms. Memory: 305152K Free: 94750K (31%)
----------------- Invoking toplevel() on ptolemy.moml.MoMLSimpleApplication@41bb078a
----------------- Done invoking toplevel() on ptolemy.moml.MoMLSimpleApplication@41bb078a
reloadAllAccessors: .QueueAndServer

===========================================================================================
----------------- testing Tue Apr 09 21:59:52 UTC 2019 /home/travis/build/icyphy/ptII/ptolemy/domains/de/test/auto/Records.xml
----------------- Instantiating /home/travis/build/icyphy/ptII/ptolemy/domains/de/test/auto/Records.xml
2 ms. Memory: 305152K Free: 87744K (29%)
----------------- Invoking toplevel() on ptolemy.moml.MoMLSimpleApplication@4f252c4c
----------------- Done invoking toplevel() on ptolemy.moml.MoMLSimpleApplication@4f252c4c
reloadAllAccessors: .Records

===========================================================================================
----------------- testing Tue Apr 09 21:59:52 UTC 2019 /home/travis/build/icyphy/ptII/ptolemy/domains/de/test/auto/ResetTransitionWithStartTime1.xml
----------------- Instantiating /home/travis/build/icyphy/ptII/ptolemy/domains/de/test/auto/ResetTransitionWithStartTime1.xml
5 ms. Memory: 305152K Free: 78191K (26%)
----------------- Invoking toplevel() on ptolemy.moml.MoMLSimpleApplication@2d1d747f
----------------- Done invoking toplevel() on ptolemy.moml.MoMLSimpleApplication@2d1d747f
reloadAllAccessors: .ResetTransitionWithStartTime1

===========================================================================================
----------------- testing Tue Apr 09 21:59:52 UTC 2019 /home/travis/build/icyphy/ptII/ptolemy/domains/de/test/auto/ResetTransitionWithStartTime2.xml
----------------- Instantiating /home/travis/build/icyphy/ptII/ptolemy/domains/de/test/auto/ResetTransitionWithStartTime2.xml
4 ms. Memory: 293888K Free: 279401K (95%)
----------------- Invoking toplevel() on ptolemy.moml.MoMLSimpleApplication@154b3d81
----------------- Done invoking toplevel() on ptolemy.moml.MoMLSimpleApplication@154b3d81
reloadAllAccessors: .ResetTransitionWithStartTime2

===========================================================================================
----------------- testing Tue Apr 09 21:59:52 UTC 2019 /home/travis/build/icyphy/ptII/ptolemy/domains/de/test/auto/ResetTransitionWithStartTime3.xml
----------------- Instantiating /home/travis/build/icyphy/ptII/ptolemy/domains/de/test/auto/ResetTransitionWithStartTime3.xml
4 ms. Memory: 293888K Free: 270206K (92%)
----------------- Invoking toplevel() on ptolemy.moml.MoMLSimpleApplication@271b0d7e
----------------- Done invoking toplevel() on ptolemy.moml.MoMLSimpleApplication@271b0d7e
reloadAllAccessors: .ResetTransitionWithStartTime3

===========================================================================================
----------------- testing Tue Apr 09 21:59:53 UTC 2019 /home/travis/build/icyphy/ptII/ptolemy/domains/de/test/auto/ResetTransitionWithStartTime4.xml
----------------- Instantiating /home/travis/build/icyphy/ptII/ptolemy/domains/de/test/auto/ResetTransitionWithStartTime4.xml
3 ms. Memory: 293888K Free: 261226K (89%)
----------------- Invoking toplevel() on ptolemy.moml.MoMLSimpleApplication@740ed52b
----------------- Done invoking toplevel() on ptolemy.moml.MoMLSimpleApplication@740ed52b
reloadAllAccessors: .ResetTransitionWithStartTime4

===========================================================================================
----------------- testing Tue Apr 09 21:59:53 UTC 2019 /home/travis/build/icyphy/ptII/ptolemy/domains/de/test/auto/ResettableTimer1.xml
----------------- Instantiating /home/travis/build/icyphy/ptII/ptolemy/domains/de/test/auto/ResettableTimer1.xml
2 ms. Memory: 293888K Free: 254371K (87%)
----------------- Invoking toplevel() on ptolemy.moml.MoMLSimpleApplication@435760ca
----------------- Done invoking toplevel() on ptolemy.moml.MoMLSimpleApplication@435760ca
reloadAllAccessors: .ResettableTimer1

===========================================================================================
----------------- testing Tue Apr 09 21:59:53 UTC 2019 /home/travis/build/icyphy/ptII/ptolemy/domains/de/test/auto/ResettableTimer2.xml
----------------- Instantiating /home/travis/build/icyphy/ptII/ptolemy/domains/de/test/auto/ResettableTimer2.xml
1 ms. Memory: 293888K Free: 247517K (84%)
----------------- Invoking toplevel() on ptolemy.moml.MoMLSimpleApplication@5a4570b1
----------------- Done invoking toplevel() on ptolemy.moml.MoMLSimpleApplication@5a4570b1
reloadAllAccessors: .ResettableTimer2

===========================================================================================
----------------- testing Tue Apr 09 21:59:53 UTC 2019 /home/travis/build/icyphy/ptII/ptolemy/domains/de/test/auto/ResettableTimer3.xml
----------------- Instantiating /home/travis/build/icyphy/ptII/ptolemy/domains/de/test/auto/ResettableTimer3.xml
1 ms. Memory: 293888K Free: 240428K (82%)
----------------- Invoking toplevel() on ptolemy.moml.MoMLSimpleApplication@2273b71
----------------- Done invoking toplevel() on ptolemy.moml.MoMLSimpleApplication@2273b71
reloadAllAccessors: .ResettableTimer3

===========================================================================================
----------------- testing Tue Apr 09 21:59:53 UTC 2019 /home/travis/build/icyphy/ptII/ptolemy/domains/de/test/auto/ResettableTimer4.xml
----------------- Instantiating /home/travis/build/icyphy/ptII/ptolemy/domains/de/test/auto/ResettableTimer4.xml
1 ms. Memory: 293888K Free: 233574K (79%)
----------------- Invoking toplevel() on ptolemy.moml.MoMLSimpleApplication@4ca3c43c
----------------- Done invoking toplevel() on ptolemy.moml.MoMLSimpleApplication@4ca3c43c
reloadAllAccessors: .ResettableTimer4

===========================================================================================
----------------- testing Tue Apr 09 21:59:53 UTC 2019 /home/travis/build/icyphy/ptII/ptolemy/domains/de/test/auto/ResettableTimer5.xml
----------------- Instantiating /home/travis/build/icyphy/ptII/ptolemy/domains/de/test/auto/ResettableTimer5.xml
2 ms. Memory: 293888K Free: 226727K (77%)
----------------- Invoking toplevel() on ptolemy.moml.MoMLSimpleApplication@5fb6f6ec
----------------- Done invoking toplevel() on ptolemy.moml.MoMLSimpleApplication@5fb6f6ec
reloadAllAccessors: .ResettableTimer5

===========================================================================================
----------------- testing Tue Apr 09 21:59:53 UTC 2019 /home/travis/build/icyphy/ptII/ptolemy/domains/de/test/auto/ResettableTimer6.xml
----------------- Instantiating /home/travis/build/icyphy/ptII/ptolemy/domains/de/test/auto/ResettableTimer6.xml
4 ms. Memory: 293888K Free: 219872K (75%)
----------------- Invoking toplevel() on ptolemy.moml.MoMLSimpleApplication@1d9a24e5
----------------- Done invoking toplevel() on ptolemy.moml.MoMLSimpleApplication@1d9a24e5
reloadAllAccessors: .ResettableTimer6

===========================================================================================
----------------- testing Tue Apr 09 21:59:53 UTC 2019 /home/travis/build/icyphy/ptII/ptolemy/domains/de/test/auto/ServerZeroDelay.xml
----------------- Instantiating /home/travis/build/icyphy/ptII/ptolemy/domains/de/test/auto/ServerZeroDelay.xml
2 ms. Memory: 293888K Free: 212794K (72%)
----------------- Invoking toplevel() on ptolemy.moml.MoMLSimpleApplication@6b693e8d
----------------- Done invoking toplevel() on ptolemy.moml.MoMLSimpleApplication@6b693e8d
reloadAllAccessors: .ServerZeroDelay

===========================================================================================
----------------- testing Tue Apr 09 21:59:53 UTC 2019 /home/travis/build/icyphy/ptII/ptolemy/domains/de/test/auto/SmartSender.xml
----------------- Instantiating /home/travis/build/icyphy/ptII/ptolemy/domains/de/test/auto/SmartSender.xml
3002 ms. Memory: 293888K Free: 205947K (70%)
----------------- Invoking toplevel() on ptolemy.moml.MoMLSimpleApplication@6f565e8a
----------------- Done invoking toplevel() on ptolemy.moml.MoMLSimpleApplication@6f565e8a
reloadAllAccessors: .SmartSender

===========================================================================================
----------------- testing Tue Apr 09 21:59:56 UTC 2019 /home/travis/build/icyphy/ptII/ptolemy/domains/de/test/auto/ThreadedComposite.xml
----------------- Instantiating /home/travis/build/icyphy/ptII/ptolemy/domains/de/test/auto/ThreadedComposite.xml
185 ms. Memory: 293888K Free: 177843K (61%)
----------------- Invoking toplevel() on ptolemy.moml.MoMLSimpleApplication@3f48fdb6
----------------- Done invoking toplevel() on ptolemy.moml.MoMLSimpleApplication@3f48fdb6
reloadAllAccessors: .ThreadedComposite

===========================================================================================
----------------- testing Tue Apr 09 21:59:56 UTC 2019 /home/travis/build/icyphy/ptII/ptolemy/domains/de/test/auto/Time.xml
----------------- Instantiating /home/travis/build/icyphy/ptII/ptolemy/domains/de/test/auto/Time.xml
431 ms. Memory: 293888K Free: 122133K (42%)
----------------- Invoking toplevel() on ptolemy.moml.MoMLSimpleApplication@31e8a757
----------------- Done invoking toplevel() on ptolemy.moml.MoMLSimpleApplication@31e8a757
reloadAllAccessors: .Time

===========================================================================================
----------------- testing Tue Apr 09 21:59:56 UTC 2019 /home/travis/build/icyphy/ptII/ptolemy/domains/de/test/auto/TimeDelayZeroDelay.xml
----------------- Instantiating /home/travis/build/icyphy/ptII/ptolemy/domains/de/test/auto/TimeDelayZeroDelay.xml
3 ms. Memory: 293888K Free: 115063K (39%)
----------------- Invoking toplevel() on ptolemy.moml.MoMLSimpleApplication@3dd3b29f
----------------- Done invoking toplevel() on ptolemy.moml.MoMLSimpleApplication@3dd3b29f
reloadAllAccessors: .TimeDelayZeroDelay

===========================================================================================
----------------- testing Tue Apr 09 21:59:56 UTC 2019 /home/travis/build/icyphy/ptII/ptolemy/domains/de/test/auto/TimerZeroDelay.xml
----------------- Instantiating /home/travis/build/icyphy/ptII/ptolemy/domains/de/test/auto/TimerZeroDelay.xml
1 ms. Memory: 293888K Free: 108208K (37%)
----------------- Invoking toplevel() on ptolemy.moml.MoMLSimpleApplication@744f60
----------------- Done invoking toplevel() on ptolemy.moml.MoMLSimpleApplication@744f60
reloadAllAccessors: .TimerZeroDelay

===========================================================================================
----------------- testing Tue Apr 09 21:59:56 UTC 2019 /home/travis/build/icyphy/ptII/ptolemy/domains/de/test/auto/TimingParadox.xml
----------------- Instantiating /home/travis/build/icyphy/ptII/ptolemy/domains/de/test/auto/TimingParadox.xml
280 ms. Memory: 285696K Free: 242249K (85%)
----------------- Invoking toplevel() on ptolemy.moml.MoMLSimpleApplication@1b22cfb8
----------------- Done invoking toplevel() on ptolemy.moml.MoMLSimpleApplication@1b22cfb8
reloadAllAccessors: .TimingParadox

===========================================================================================
----------------- testing Tue Apr 09 21:59:57 UTC 2019 /home/travis/build/icyphy/ptII/ptolemy/domains/de/test/auto/TransferInputs.xml
----------------- Instantiating /home/travis/build/icyphy/ptII/ptolemy/domains/de/test/auto/TransferInputs.xml
1 ms. Memory: 285696K Free: 234888K (82%)
----------------- Invoking toplevel() on ptolemy.moml.MoMLSimpleApplication@785b2ce0
----------------- Done invoking toplevel() on ptolemy.moml.MoMLSimpleApplication@785b2ce0
reloadAllAccessors: .TransferInputs

===========================================================================================
----------------- testing Tue Apr 09 21:59:57 UTC 2019 /home/travis/build/icyphy/ptII/ptolemy/domains/de/test/auto/TransferOutputs2.xml
----------------- Instantiating /home/travis/build/icyphy/ptII/ptolemy/domains/de/test/auto/TransferOutputs2.xml
3 ms. Memory: 285696K Free: 226130K (79%)
----------------- Invoking toplevel() on ptolemy.moml.MoMLSimpleApplication@1a297fce
----------------- Done invoking toplevel() on ptolemy.moml.MoMLSimpleApplication@1a297fce
reloadAllAccessors: .TransferOutputs2

===========================================================================================
----------------- testing Tue Apr 09 21:59:57 UTC 2019 /home/travis/build/icyphy/ptII/ptolemy/domains/de/test/auto/Trilateration.xml
----------------- Instantiating /home/travis/build/icyphy/ptII/ptolemy/domains/de/test/auto/Trilateration.xml
10833 ms. Memory: 582656K Free: 311151K (53%)
----------------- Invoking toplevel() on ptolemy.moml.MoMLSimpleApplication@35b85dc8
----------------- Done invoking toplevel() on ptolemy.moml.MoMLSimpleApplication@35b85dc8
reloadAllAccessors: .Trilateration

===========================================================================================
----------------- testing Tue Apr 09 22:00:08 UTC 2019 /home/travis/build/icyphy/ptII/ptolemy/domains/de/test/auto/TwoSigmaDelta.xml
----------------- Instantiating /home/travis/build/icyphy/ptII/ptolemy/domains/de/test/auto/TwoSigmaDelta.xml
2066 ms. Memory: 564224K Free: 498094K (88%)
----------------- Invoking toplevel() on ptolemy.moml.MoMLSimpleApplication@7328b1d7
----------------- Done invoking toplevel() on ptolemy.moml.MoMLSimpleApplication@7328b1d7
reloadAllAccessors: .TwoSigmaDelta

===========================================================================================
----------------- testing Tue Apr 09 22:00:10 UTC 2019 /home/travis/build/icyphy/ptII/ptolemy/domains/de/test/auto/VariableDelay.xml
----------------- Instantiating /home/travis/build/icyphy/ptII/ptolemy/domains/de/test/auto/VariableDelay.xml
2 ms. Memory: 564224K Free: 483022K (86%)
----------------- Invoking toplevel() on ptolemy.moml.MoMLSimpleApplication@11948cb9
----------------- Done invoking toplevel() on ptolemy.moml.MoMLSimpleApplication@11948cb9
reloadAllAccessors: .VariableDelay

===========================================================================================
----------------- testing Tue Apr 09 22:00:10 UTC 2019 /home/travis/build/icyphy/ptII/ptolemy/domains/de/test/auto/VariableDelay2.xml
----------------- Instantiating /home/travis/build/icyphy/ptII/ptolemy/domains/de/test/auto/VariableDelay2.xml
1 ms. Memory: 564224K Free: 472821K (84%)
----------------- Invoking toplevel() on ptolemy.moml.MoMLSimpleApplication@247ae3d3
----------------- Done invoking toplevel() on ptolemy.moml.MoMLSimpleApplication@247ae3d3
reloadAllAccessors: .VariableDelay2

===========================================================================================
----------------- testing Tue Apr 09 22:00:10 UTC 2019 /home/travis/build/icyphy/ptII/ptolemy/domains/de/test/auto/VariableDelayZeroDelay.xml
----------------- Instantiating /home/travis/build/icyphy/ptII/ptolemy/domains/de/test/auto/VariableDelayZeroDelay.xml
2 ms. Memory: 564224K Free: 462837K (82%)
----------------- Invoking toplevel() on ptolemy.moml.MoMLSimpleApplication@61e15d82
----------------- Done invoking toplevel() on ptolemy.moml.MoMLSimpleApplication@61e15d82
reloadAllAccessors: .VariableDelayZeroDelay

===========================================================================================
----------------- testing Tue Apr 09 22:00:10 UTC 2019 /home/travis/build/icyphy/ptII/ptolemy/domains/de/test/auto/VariableDelayZeroDelay2.xml
----------------- Instantiating /home/travis/build/icyphy/ptII/ptolemy/domains/de/test/auto/VariableDelayZeroDelay2.xml
1 ms. Memory: 564224K Free: 452637K (80%)
----------------- Invoking toplevel() on ptolemy.moml.MoMLSimpleApplication@41fb2c40
----------------- Done invoking toplevel() on ptolemy.moml.MoMLSimpleApplication@41fb2c40
reloadAllAccessors: .VariableDelayZeroDelay2

===========================================================================================
----------------- testing Tue Apr 09 22:00:10 UTC 2019 /home/travis/build/icyphy/ptII/ptolemy/domains/de/test/auto/deInCt.xml
----------------- Instantiating /home/travis/build/icyphy/ptII/ptolemy/domains/de/test/auto/deInCt.xml
0
1
1
0
0
0
0
0
0
1
1
1
0
0
0
0
1
1
1
0
0
0
0
1
1
1
1
0
0
0
0
3 ms. Memory: 564224K Free: 442652K (78%)
----------------- Invoking toplevel() on ptolemy.moml.MoMLSimpleApplication@5fe81ce
----------------- Done invoking toplevel() on ptolemy.moml.MoMLSimpleApplication@5fe81ce
reloadAllAccessors: .deInCt

===========================================================================================
----------------- testing Tue Apr 09 22:00:10 UTC 2019 /home/travis/build/icyphy/ptII/ptolemy/domains/de/test/auto/deInCt2.xml
----------------- Instantiating /home/travis/build/icyphy/ptII/ptolemy/domains/de/test/auto/deInCt2.xml
0
1
1
1
0
0
1
1
1
0
0
1
1
1
0
0
1
1
1
0
0
1
1
1
0
0
1
1
1
0
0
1
1
1
0
0
1
1
1
0
0
0
3 ms. Memory: 564224K Free: 432452K (77%)
----------------- Invoking toplevel() on ptolemy.moml.MoMLSimpleApplication@c8f4371
----------------- Done invoking toplevel() on ptolemy.moml.MoMLSimpleApplication@c8f4371
reloadAllAccessors: .deInCt2

===========================================================================================
----------------- testing Tue Apr 09 22:00:10 UTC 2019 /home/travis/build/icyphy/ptII/ptolemy/domains/de/test/auto/dynamicCausalityInterface1.xml
----------------- Instantiating /home/travis/build/icyphy/ptII/ptolemy/domains/de/test/auto/dynamicCausalityInterface1.xml
1 ms. Memory: 564224K Free: 417682K (74%)
----------------- Invoking toplevel() on ptolemy.moml.MoMLSimpleApplication@4df0ba3d
----------------- Done invoking toplevel() on ptolemy.moml.MoMLSimpleApplication@4df0ba3d
reloadAllAccessors: .dynamicCausalityInterface1

===========================================================================================
----------------- testing Tue Apr 09 22:00:10 UTC 2019 /home/travis/build/icyphy/ptII/ptolemy/domains/de/test/auto/fsm_de_test.xml
----------------- Instantiating /home/travis/build/icyphy/ptII/ptolemy/domains/de/test/auto/fsm_de_test.xml
5 ms. Memory: 564224K Free: 402694K (71%)
----------------- Invoking toplevel() on ptolemy.moml.MoMLSimpleApplication@565f355e
----------------- Done invoking toplevel() on ptolemy.moml.MoMLSimpleApplication@565f355e
reloadAllAccessors: .fsm_de_test

===========================================================================================
----------------- testing Tue Apr 09 22:00:10 UTC 2019 /home/travis/build/icyphy/ptII/ptolemy/domains/de/test/auto/functionDependencyReconstruction.xml
----------------- Instantiating /home/travis/build/icyphy/ptII/ptolemy/domains/de/test/auto/functionDependencyReconstruction.xml
2 ms. Memory: 564224K Free: 383139K (68%)
----------------- Invoking toplevel() on ptolemy.moml.MoMLSimpleApplication@2f998297
----------------- Done invoking toplevel() on ptolemy.moml.MoMLSimpleApplication@2f998297
reloadAllAccessors: .functionDependencyReconstruction

===========================================================================================
----------------- testing Tue Apr 09 22:00:10 UTC 2019 /home/travis/build/icyphy/ptII/ptolemy/domains/de/test/auto/multirate.xml
----------------- Instantiating /home/travis/build/icyphy/ptII/ptolemy/domains/de/test/auto/multirate.xml
3 ms. Memory: 564224K Free: 368162K (65%)
----------------- Invoking toplevel() on ptolemy.moml.MoMLSimpleApplication@4427a410
----------------- Done invoking toplevel() on ptolemy.moml.MoMLSimpleApplication@4427a410
reloadAllAccessors: .multirate

===========================================================================================
----------------- testing Tue Apr 09 22:00:10 UTC 2019 /home/travis/build/icyphy/ptII/ptolemy/domains/de/test/auto/multirate2.xml
----------------- Instantiating /home/travis/build/icyphy/ptII/ptolemy/domains/de/test/auto/multirate2.xml
2 ms. Memory: 564224K Free: 353385K (63%)
----------------- Invoking toplevel() on ptolemy.moml.MoMLSimpleApplication@7e363202
----------------- Done invoking toplevel() on ptolemy.moml.MoMLSimpleApplication@7e363202
reloadAllAccessors: .multirate2

===========================================================================================
----------------- testing Tue Apr 09 22:00:11 UTC 2019 /home/travis/build/icyphy/ptII/ptolemy/domains/de/test/auto/realtime.xml
----------------- Instantiating /home/travis/build/icyphy/ptII/ptolemy/domains/de/test/auto/realtime.xml
10002 ms. Memory: 564224K Free: 343184K (61%)
----------------- Invoking toplevel() on ptolemy.moml.MoMLSimpleApplication@75a5fbed
----------------- Done invoking toplevel() on ptolemy.moml.MoMLSimpleApplication@75a5fbed
reloadAllAccessors: .realtime

===========================================================================================
----------------- testing Tue Apr 09 22:00:21 UTC 2019 /home/travis/build/icyphy/ptII/ptolemy/domains/de/test/auto/relationGroup.xml
----------------- Instantiating /home/travis/build/icyphy/ptII/ptolemy/domains/de/test/auto/relationGroup.xml
1 ms. Memory: 564224K Free: 333192K (59%)
----------------- Invoking toplevel() on ptolemy.moml.MoMLSimpleApplication@203eb55c
----------------- Done invoking toplevel() on ptolemy.moml.MoMLSimpleApplication@203eb55c
reloadAllAccessors: .relationGroup

===========================================================================================
----------------- testing Tue Apr 09 22:00:21 UTC 2019 /home/travis/build/icyphy/ptII/ptolemy/domains/de/test/auto/relationGroup2.xml
----------------- Instantiating /home/travis/build/icyphy/ptII/ptolemy/domains/de/test/auto/relationGroup2.xml
1 ms. Memory: 564224K Free: 322992K (57%)
----------------- Invoking toplevel() on ptolemy.moml.MoMLSimpleApplication@137ba6b8
----------------- Done invoking toplevel() on ptolemy.moml.MoMLSimpleApplication@137ba6b8
reloadAllAccessors: .relationGroup2

===========================================================================================
----------------- testing Tue Apr 09 22:00:21 UTC 2019 /home/travis/build/icyphy/ptII/ptolemy/domains/de/test/auto/sortWithOpaquePorts.xml
----------------- Instantiating /home/travis/build/icyphy/ptII/ptolemy/domains/de/test/auto/sortWithOpaquePorts.xml
1 ms. Memory: 564224K Free: 312791K (55%)
----------------- Invoking toplevel() on ptolemy.moml.MoMLSimpleApplication@26a3eb50
----------------- Done invoking toplevel() on ptolemy.moml.MoMLSimpleApplication@26a3eb50
reloadAllAccessors: .sortWithOpaquePorts

===========================================================================================
----------------- testing Tue Apr 09 22:00:21 UTC 2019 /home/travis/build/icyphy/ptII/ptolemy/domains/de/test/auto/transferInputsandOutputs.xml
----------------- Instantiating /home/travis/build/icyphy/ptII/ptolemy/domains/de/test/auto/transferInputsandOutputs.xml
1 ms. Memory: 564224K Free: 298021K (53%)
----------------- Invoking toplevel() on ptolemy.moml.MoMLSimpleApplication@46658670
----------------- Done invoking toplevel() on ptolemy.moml.MoMLSimpleApplication@46658670
reloadAllAccessors: .transferInputsandOutputs

===========================================================================================
----------------- testing Tue Apr 09 22:00:21 UTC 2019 /home/travis/build/icyphy/ptII/ptolemy/domains/de/test/auto/triggerType.xml
----------------- Instantiating /home/travis/build/icyphy/ptII/ptolemy/domains/de/test/auto/triggerType.xml
2 ms. Memory: 564224K Free: 287821K (51%)
----------------- Invoking toplevel() on ptolemy.moml.MoMLSimpleApplication@2e0d988f
----------------- Done invoking toplevel() on ptolemy.moml.MoMLSimpleApplication@2e0d988f
reloadAllAccessors: .triggerType
AutoTests.java: About to close Vertx.
AutoTests.java: Vertx closed.
]]></system-out>
  <system-err><![CDATA[java.lang.RuntimeException: Execution failed
	at ptolemy.moml.MoMLSimpleApplication$UnloadThread.run(MoMLSimpleApplication.java:402)
Caused by: ptolemy.kernel.util.IllegalActionException: Found a zero delay loop containing .dependencyLoop.original
  in .dependencyLoop and .dependencyLoop.original
	at ptolemy.actor.util.CausalityInterfaceForComposites._computeOutputPortDepth(CausalityInterfaceForComposites.java:759)
	at ptolemy.actor.util.CausalityInterfaceForComposites._computeInputDepth(CausalityInterfaceForComposites.java:696)
	at ptolemy.actor.util.CausalityInterfaceForComposites._computeOutputPortDepth(CausalityInterfaceForComposites.java:765)
	at ptolemy.actor.util.CausalityInterfaceForComposites._computeInputDepth(CausalityInterfaceForComposites.java:696)
	at ptolemy.actor.util.CausalityInterfaceForComposites._computeOutputPortDepth(CausalityInterfaceForComposites.java:765)
	at ptolemy.actor.util.CausalityInterfaceForComposites._computeInputDepth(CausalityInterfaceForComposites.java:696)
	at ptolemy.actor.util.CausalityInterfaceForComposites._computeActorDepth(CausalityInterfaceForComposites.java:532)
	at ptolemy.actor.util.CausalityInterfaceForComposites.checkForCycles(CausalityInterfaceForComposites.java:96)
	at ptolemy.domains.de.kernel.DEDirector.preinitialize(DEDirector.java:1338)
	at ptolemy.actor.CompositeActor.preinitialize(CompositeActor.java:1828)
	at ptolemy.actor.Manager.preinitializeAndResolveTypes(Manager.java:1040)
	at ptolemy.actor.Manager.initialize(Manager.java:710)
	at ptolemy.actor.Manager.execute(Manager.java:356)
	at ptolemy.actor.Manager.run(Manager.java:1263)
	at ptolemy.actor.Manager$PtolemyRunThread.run(Manager.java:1915)
java.lang.RuntimeException: Execution failed
	at ptolemy.moml.MoMLSimpleApplication$UnloadThread.run(MoMLSimpleApplication.java:402)
Caused by: ptolemy.kernel.util.IllegalActionException: Found a zero delay loop containing .dependencyLoop2.original
  in .dependencyLoop2 and .dependencyLoop2.original
	at ptolemy.actor.util.CausalityInterfaceForComposites._computeOutputPortDepth(CausalityInterfaceForComposites.java:759)
	at ptolemy.actor.util.CausalityInterfaceForComposites._computeInputDepth(CausalityInterfaceForComposites.java:696)
	at ptolemy.actor.util.CausalityInterfaceForComposites._computeOutputPortDepth(CausalityInterfaceForComposites.java:765)
	at ptolemy.actor.util.CausalityInterfaceForComposites._computeInputDepth(CausalityInterfaceForComposites.java:696)
	at ptolemy.actor.util.CausalityInterfaceForComposites._computeOutputPortDepth(CausalityInterfaceForComposites.java:765)
	at ptolemy.actor.util.CausalityInterfaceForComposites._computeInputDepth(CausalityInterfaceForComposites.java:696)
	at ptolemy.actor.util.CausalityInterfaceForComposites._computeActorDepth(CausalityInterfaceForComposites.java:532)
	at ptolemy.actor.util.CausalityInterfaceForComposites.checkForCycles(CausalityInterfaceForComposites.java:96)
	at ptolemy.domains.de.kernel.DEDirector.preinitialize(DEDirector.java:1338)
	at ptolemy.actor.CompositeActor.preinitialize(CompositeActor.java:1828)
	at ptolemy.actor.Manager.preinitializeAndResolveTypes(Manager.java:1040)
	at ptolemy.actor.Manager.initialize(Manager.java:710)
	at ptolemy.actor.Manager.execute(Manager.java:356)
	at ptolemy.actor.Manager.run(Manager.java:1263)
	at ptolemy.actor.Manager$PtolemyRunThread.run(Manager.java:1915)
java.lang.RuntimeException: Execution failed
	at ptolemy.moml.MoMLSimpleApplication$UnloadThread.run(MoMLSimpleApplication.java:402)
Caused by: ptolemy.kernel.util.IllegalActionException: Found a zero delay loop containing .dependencyLoop.original
  in .dependencyLoop and .dependencyLoop.original
	at ptolemy.actor.util.CausalityInterfaceForComposites._computeOutputPortDepth(CausalityInterfaceForComposites.java:759)
	at ptolemy.actor.util.CausalityInterfaceForComposites._computeInputDepth(CausalityInterfaceForComposites.java:696)
	at ptolemy.actor.util.CausalityInterfaceForComposites._computeOutputPortDepth(CausalityInterfaceForComposites.java:765)
	at ptolemy.actor.util.CausalityInterfaceForComposites._computeInputDepth(CausalityInterfaceForComposites.java:696)
	at ptolemy.actor.util.CausalityInterfaceForComposites._computeOutputPortDepth(CausalityInterfaceForComposites.java:765)
	at ptolemy.actor.util.CausalityInterfaceForComposites._computeInputDepth(CausalityInterfaceForComposites.java:696)
	at ptolemy.actor.util.CausalityInterfaceForComposites._computeActorDepth(CausalityInterfaceForComposites.java:532)
	at ptolemy.actor.util.CausalityInterfaceForComposites.checkForCycles(CausalityInterfaceForComposites.java:96)
	at ptolemy.domains.de.kernel.DEDirector.preinitialize(DEDirector.java:1338)
	at ptolemy.actor.CompositeActor.preinitialize(CompositeActor.java:1828)
	at ptolemy.actor.Manager.preinitializeAndResolveTypes(Manager.java:1040)
	at ptolemy.actor.Manager.initialize(Manager.java:710)
	at ptolemy.actor.Manager.execute(Manager.java:356)
	at ptolemy.actor.Manager.run(Manager.java:1263)
	at ptolemy.actor.Manager$PtolemyRunThread.run(Manager.java:1915)
java.lang.RuntimeException: Execution failed
	at ptolemy.moml.MoMLSimpleApplication$UnloadThread.run(MoMLSimpleApplication.java:402)
Caused by: ptolemy.kernel.util.IllegalActionException: Actor is not ready to fire.  Perhaps UpSample.prefire() returned false? Try debugging the actor by selecting "Listen to Actor".  Also, for SDF check moml for tokenConsumptionRate on input.
  in .DESDFClockTest.Play Bell.Copy1:SDF Director and .DESDFClockTest.Play Bell.UpSample
	at ptolemy.actor.sched.StaticSchedulingDirector.fire(StaticSchedulingDirector.java:227)
	at ptolemy.domains.sdf.kernel.SDFDirector.fire(SDFDirector.java:500)
	at ptolemy.actor.CompositeActor.fire(CompositeActor.java:455)
	at ptolemy.domains.de.kernel.DEDirector._fire(DEDirector.java:1949)
	at ptolemy.domains.de.kernel.DEDirector.fire(DEDirector.java:502)
	at ptolemy.actor.CompositeActor.fire(CompositeActor.java:455)
	at ptolemy.actor.Manager.iterate(Manager.java:851)
	at ptolemy.actor.Manager.execute(Manager.java:369)
	at ptolemy.actor.Manager.run(Manager.java:1263)
	at ptolemy.actor.Manager$PtolemyRunThread.run(Manager.java:1915)
java.lang.RuntimeException: Execution failed
	at ptolemy.moml.MoMLSimpleApplication$UnloadThread.run(MoMLSimpleApplication.java:402)
Caused by: ptolemy.kernel.util.IllegalActionException: Found a zero delay loop containing .dependencyLoop2.original
  in .dependencyLoop2 and .dependencyLoop2.original
	at ptolemy.actor.util.CausalityInterfaceForComposites._computeOutputPortDepth(CausalityInterfaceForComposites.java:759)
	at ptolemy.actor.util.CausalityInterfaceForComposites._computeInputDepth(CausalityInterfaceForComposites.java:696)
	at ptolemy.actor.util.CausalityInterfaceForComposites._computeOutputPortDepth(CausalityInterfaceForComposites.java:765)
	at ptolemy.actor.util.CausalityInterfaceForComposites._computeInputDepth(CausalityInterfaceForComposites.java:696)
	at ptolemy.actor.util.CausalityInterfaceForComposites._computeOutputPortDepth(CausalityInterfaceForComposites.java:765)
	at ptolemy.actor.util.CausalityInterfaceForComposites._computeInputDepth(CausalityInterfaceForComposites.java:696)
	at ptolemy.actor.util.CausalityInterfaceForComposites._computeActorDepth(CausalityInterfaceForComposites.java:532)
	at ptolemy.actor.util.CausalityInterfaceForComposites.checkForCycles(CausalityInterfaceForComposites.java:96)
	at ptolemy.domains.de.kernel.DEDirector.preinitialize(DEDirector.java:1338)
	at ptolemy.actor.CompositeActor.preinitialize(CompositeActor.java:1828)
	at ptolemy.actor.Manager.preinitializeAndResolveTypes(Manager.java:1040)
	at ptolemy.actor.Manager.initialize(Manager.java:710)
	at ptolemy.actor.Manager.execute(Manager.java:356)
	at ptolemy.actor.Manager.run(Manager.java:1263)
	at ptolemy.actor.Manager$PtolemyRunThread.run(Manager.java:1915)
java.lang.RuntimeException: Execution failed
	at ptolemy.moml.MoMLSimpleApplication$UnloadThread.run(MoMLSimpleApplication.java:402)
Caused by: ptolemy.kernel.util.IllegalActionException: Found a zero delay loop containing .HierarchicalModel.A
  in .HierarchicalModel and .HierarchicalModel.A
	at ptolemy.actor.util.CausalityInterfaceForComposites._computeOutputPortDepth(CausalityInterfaceForComposites.java:759)
	at ptolemy.actor.util.CausalityInterfaceForComposites._computeInputDepth(CausalityInterfaceForComposites.java:696)
	at ptolemy.actor.util.CausalityInterfaceForComposites._computeOutputPortDepth(CausalityInterfaceForComposites.java:765)
	at ptolemy.actor.util.CausalityInterfaceForComposites._computeInputDepth(CausalityInterfaceForComposites.java:696)
	at ptolemy.actor.util.CausalityInterfaceForComposites._computeOutputPortDepth(CausalityInterfaceForComposites.java:765)
	at ptolemy.actor.util.CausalityInterfaceForComposites._computeInputDepth(CausalityInterfaceForComposites.java:696)
	at ptolemy.actor.util.CausalityInterfaceForComposites._computeActorDepth(CausalityInterfaceForComposites.java:532)
	at ptolemy.actor.util.CausalityInterfaceForComposites.checkForCycles(CausalityInterfaceForComposites.java:96)
	at ptolemy.domains.de.kernel.DEDirector.preinitialize(DEDirector.java:1338)
	at ptolemy.actor.CompositeActor.preinitialize(CompositeActor.java:1828)
	at ptolemy.actor.Manager.preinitializeAndResolveTypes(Manager.java:1040)
	at ptolemy.actor.Manager.initialize(Manager.java:710)
	at ptolemy.actor.Manager.execute(Manager.java:356)
	at ptolemy.actor.Manager.run(Manager.java:1263)
	at ptolemy.actor.Manager$PtolemyRunThread.run(Manager.java:1915)
java.lang.RuntimeException: Execution failed
	at ptolemy.moml.MoMLSimpleApplication$UnloadThread.run(MoMLSimpleApplication.java:402)
Caused by: ptolemy.kernel.util.IllegalActionException: Test fails in iteration 1.
Value was: 1.0. Should have been: 2.0
  in .DirectFeedback.Test
	at ptolemy.actor.lib.Test.fire(Test.java:268)
	at ptolemy.domains.de.kernel.DEDirector._fire(DEDirector.java:1949)
	at ptolemy.domains.de.kernel.DEDirector.fire(DEDirector.java:502)
	at ptolemy.actor.CompositeActor.fire(CompositeActor.java:455)
	at ptolemy.actor.Manager.iterate(Manager.java:851)
	at ptolemy.actor.Manager.execute(Manager.java:369)
	at ptolemy.actor.Manager.run(Manager.java:1263)
	at ptolemy.actor.Manager$PtolemyRunThread.run(Manager.java:1915)
java.lang.RuntimeException: Execution failed
	at ptolemy.moml.MoMLSimpleApplication$UnloadThread.run(MoMLSimpleApplication.java:402)
Caused by: ptolemy.kernel.util.IllegalActionException: Actor is not ready to fire.  Perhaps UpSample.prefire() returned false? Try debugging the actor by selecting "Listen to Actor".  Also, for SDF check moml for tokenConsumptionRate on input.
  in .DESDFClockTest.Play Bell.Copy1:SDF Director and .DESDFClockTest.Play Bell.UpSample
	at ptolemy.actor.sched.StaticSchedulingDirector.fire(StaticSchedulingDirector.java:227)
	at ptolemy.domains.sdf.kernel.SDFDirector.fire(SDFDirector.java:500)
	at ptolemy.actor.CompositeActor.fire(CompositeActor.java:455)
	at ptolemy.domains.de.kernel.DEDirector._fire(DEDirector.java:1949)
	at ptolemy.domains.de.kernel.DEDirector.fire(DEDirector.java:502)
	at ptolemy.actor.CompositeActor.fire(CompositeActor.java:455)
	at ptolemy.actor.Manager.iterate(Manager.java:851)
	at ptolemy.actor.Manager.execute(Manager.java:369)
	at ptolemy.actor.Manager.run(Manager.java:1263)
	at ptolemy.actor.Manager$PtolemyRunThread.run(Manager.java:1915)
java.lang.reflect.InvocationTargetException
	at sun.reflect.NativeConstructorAccessorImpl.newInstance0(Native Method)
	at sun.reflect.NativeConstructorAccessorImpl.newInstance(NativeConstructorAccessorImpl.java:62)
	at sun.reflect.DelegatingConstructorAccessorImpl.newInstance(DelegatingConstructorAccessorImpl.java:45)
	at java.lang.reflect.Constructor.newInstance(Constructor.java:423)
	at ptolemy.util.test.junit.AutoKnownFailedTests.RunModel(AutoKnownFailedTests.java:105)
	at sun.reflect.NativeMethodAccessorImpl.invoke0(Native Method)
	at sun.reflect.NativeMethodAccessorImpl.invoke(NativeMethodAccessorImpl.java:62)
	at sun.reflect.DelegatingMethodAccessorImpl.invoke(DelegatingMethodAccessorImpl.java:43)
	at java.lang.reflect.Method.invoke(Method.java:498)
	at org.junit.runners.model.FrameworkMethod$1.runReflectiveCall(FrameworkMethod.java:44)
	at org.junit.internal.runners.model.ReflectiveCallable.run(ReflectiveCallable.java:15)
	at org.junit.runners.model.FrameworkMethod.invokeExplosively(FrameworkMethod.java:41)
	at junitparams.internal.InvokeParameterisedMethod.evaluate(InvokeParameterisedMethod.java:102)
	at org.junit.internal.runners.statements.FailOnTimeout$1.run(FailOnTimeout.java:28)
Caused by: ptolemy.kernel.util.IllegalActionException: Actor is not ready to fire.  Perhaps UpSample.prefire() returned false? Try debugging the actor by selecting "Listen to Actor".  Also, for SDF check moml for tokenConsumptionRate on input.
  in .DESDFClockTest.Play Bell.Copy1:SDF Director and .DESDFClockTest.Play Bell.UpSample
	at ptolemy.actor.sched.StaticSchedulingDirector.fire(StaticSchedulingDirector.java:227)
	at ptolemy.domains.sdf.kernel.SDFDirector.fire(SDFDirector.java:500)
	at ptolemy.actor.CompositeActor.fire(CompositeActor.java:455)
	at ptolemy.domains.de.kernel.DEDirector._fire(DEDirector.java:1949)
	at ptolemy.domains.de.kernel.DEDirector.fire(DEDirector.java:502)
	at ptolemy.actor.CompositeActor.fire(CompositeActor.java:455)
	at ptolemy.actor.Manager.iterate(Manager.java:851)
	at ptolemy.actor.Manager.execute(Manager.java:369)
	at ptolemy.actor.Manager.run(Manager.java:1263)
	at ptolemy.actor.Manager$PtolemyRunThread.run(Manager.java:1915)
java.lang.RuntimeException: Execution failed
	at ptolemy.moml.MoMLSimpleApplication$UnloadThread.run(MoMLSimpleApplication.java:402)
Caused by: ptolemy.kernel.util.IllegalActionException: Test fails in iteration 1.
Value was: 1.0. Should have been: 2.0
  in .DirectFeedback.Test
	at ptolemy.actor.lib.Test.fire(Test.java:268)
	at ptolemy.domains.de.kernel.DEDirector._fire(DEDirector.java:1949)
	at ptolemy.domains.de.kernel.DEDirector.fire(DEDirector.java:502)
	at ptolemy.actor.CompositeActor.fire(CompositeActor.java:455)
	at ptolemy.actor.Manager.iterate(Manager.java:851)
	at ptolemy.actor.Manager.execute(Manager.java:369)
	at ptolemy.actor.Manager.run(Manager.java:1263)
	at ptolemy.actor.Manager$PtolemyRunThread.run(Manager.java:1915)
java.lang.reflect.InvocationTargetException
	at sun.reflect.NativeConstructorAccessorImpl.newInstance0(Native Method)
	at sun.reflect.NativeConstructorAccessorImpl.newInstance(NativeConstructorAccessorImpl.java:62)
	at sun.reflect.DelegatingConstructorAccessorImpl.newInstance(DelegatingConstructorAccessorImpl.java:45)
	at java.lang.reflect.Constructor.newInstance(Constructor.java:423)
	at ptolemy.util.test.junit.AutoKnownFailedTests.RunModel(AutoKnownFailedTests.java:105)
	at sun.reflect.NativeMethodAccessorImpl.invoke0(Native Method)
	at sun.reflect.NativeMethodAccessorImpl.invoke(NativeMethodAccessorImpl.java:62)
	at sun.reflect.DelegatingMethodAccessorImpl.invoke(DelegatingMethodAccessorImpl.java:43)
	at java.lang.reflect.Method.invoke(Method.java:498)
	at org.junit.runners.model.FrameworkMethod$1.runReflectiveCall(FrameworkMethod.java:44)
	at org.junit.internal.runners.model.ReflectiveCallable.run(ReflectiveCallable.java:15)
	at org.junit.runners.model.FrameworkMethod.invokeExplosively(FrameworkMethod.java:41)
	at junitparams.internal.InvokeParameterisedMethod.evaluate(InvokeParameterisedMethod.java:102)
	at org.junit.internal.runners.statements.FailOnTimeout$1.run(FailOnTimeout.java:28)
Caused by: ptolemy.kernel.util.IllegalActionException: Test fails in iteration 1.
Value was: 1.0. Should have been: 2.0
  in .DirectFeedback.Test
	at ptolemy.actor.lib.Test.fire(Test.java:268)
	at ptolemy.domains.de.kernel.DEDirector._fire(DEDirector.java:1949)
	at ptolemy.domains.de.kernel.DEDirector.fire(DEDirector.java:502)
	at ptolemy.actor.CompositeActor.fire(CompositeActor.java:455)
	at ptolemy.actor.Manager.iterate(Manager.java:851)
	at ptolemy.actor.Manager.execute(Manager.java:369)
	at ptolemy.actor.Manager.run(Manager.java:1263)
	at ptolemy.actor.Manager$PtolemyRunThread.run(Manager.java:1915)
java.lang.RuntimeException: Execution failed
	at ptolemy.moml.MoMLSimpleApplication$UnloadThread.run(MoMLSimpleApplication.java:402)
Caused by: ptolemy.kernel.util.IllegalActionException: Found a zero delay loop containing .HierarchicalModel.A
  in .HierarchicalModel and .HierarchicalModel.A
	at ptolemy.actor.util.CausalityInterfaceForComposites._computeOutputPortDepth(CausalityInterfaceForComposites.java:759)
	at ptolemy.actor.util.CausalityInterfaceForComposites._computeInputDepth(CausalityInterfaceForComposites.java:696)
	at ptolemy.actor.util.CausalityInterfaceForComposites._computeOutputPortDepth(CausalityInterfaceForComposites.java:765)
	at ptolemy.actor.util.CausalityInterfaceForComposites._computeInputDepth(CausalityInterfaceForComposites.java:696)
	at ptolemy.actor.util.CausalityInterfaceForComposites._computeOutputPortDepth(CausalityInterfaceForComposites.java:765)
	at ptolemy.actor.util.CausalityInterfaceForComposites._computeInputDepth(CausalityInterfaceForComposites.java:696)
	at ptolemy.actor.util.CausalityInterfaceForComposites._computeActorDepth(CausalityInterfaceForComposites.java:532)
	at ptolemy.actor.util.CausalityInterfaceForComposites.checkForCycles(CausalityInterfaceForComposites.java:96)
	at ptolemy.domains.de.kernel.DEDirector.preinitialize(DEDirector.java:1338)
	at ptolemy.actor.CompositeActor.preinitialize(CompositeActor.java:1828)
	at ptolemy.actor.Manager.preinitializeAndResolveTypes(Manager.java:1040)
	at ptolemy.actor.Manager.initialize(Manager.java:710)
	at ptolemy.actor.Manager.execute(Manager.java:356)
	at ptolemy.actor.Manager.run(Manager.java:1263)
	at ptolemy.actor.Manager$PtolemyRunThread.run(Manager.java:1915)
java.lang.reflect.InvocationTargetException
	at sun.reflect.NativeConstructorAccessorImpl.newInstance0(Native Method)
	at sun.reflect.NativeConstructorAccessorImpl.newInstance(NativeConstructorAccessorImpl.java:62)
	at sun.reflect.DelegatingConstructorAccessorImpl.newInstance(DelegatingConstructorAccessorImpl.java:45)
	at java.lang.reflect.Constructor.newInstance(Constructor.java:423)
	at ptolemy.util.test.junit.AutoKnownFailedTests.RunModel(AutoKnownFailedTests.java:105)
	at sun.reflect.NativeMethodAccessorImpl.invoke0(Native Method)
	at sun.reflect.NativeMethodAccessorImpl.invoke(NativeMethodAccessorImpl.java:62)
	at sun.reflect.DelegatingMethodAccessorImpl.invoke(DelegatingMethodAccessorImpl.java:43)
	at java.lang.reflect.Method.invoke(Method.java:498)
	at org.junit.runners.model.FrameworkMethod$1.runReflectiveCall(FrameworkMethod.java:44)
	at org.junit.internal.runners.model.ReflectiveCallable.run(ReflectiveCallable.java:15)
	at org.junit.runners.model.FrameworkMethod.invokeExplosively(FrameworkMethod.java:41)
	at junitparams.internal.InvokeParameterisedMethod.evaluate(InvokeParameterisedMethod.java:102)
	at org.junit.internal.runners.statements.FailOnTimeout$1.run(FailOnTimeout.java:28)
Caused by: ptolemy.kernel.util.IllegalActionException: Found a zero delay loop containing .HierarchicalModel.A
  in .HierarchicalModel and .HierarchicalModel.A
	at ptolemy.actor.util.CausalityInterfaceForComposites._computeOutputPortDepth(CausalityInterfaceForComposites.java:759)
	at ptolemy.actor.util.CausalityInterfaceForComposites._computeInputDepth(CausalityInterfaceForComposites.java:696)
	at ptolemy.actor.util.CausalityInterfaceForComposites._computeOutputPortDepth(CausalityInterfaceForComposites.java:765)
	at ptolemy.actor.util.CausalityInterfaceForComposites._computeInputDepth(CausalityInterfaceForComposites.java:696)
	at ptolemy.actor.util.CausalityInterfaceForComposites._computeOutputPortDepth(CausalityInterfaceForComposites.java:765)
	at ptolemy.actor.util.CausalityInterfaceForComposites._computeInputDepth(CausalityInterfaceForComposites.java:696)
	at ptolemy.actor.util.CausalityInterfaceForComposites._computeActorDepth(CausalityInterfaceForComposites.java:532)
	at ptolemy.actor.util.CausalityInterfaceForComposites.checkForCycles(CausalityInterfaceForComposites.java:96)
	at ptolemy.domains.de.kernel.DEDirector.preinitialize(DEDirector.java:1338)
	at ptolemy.actor.CompositeActor.preinitialize(CompositeActor.java:1828)
	at ptolemy.actor.Manager.preinitializeAndResolveTypes(Manager.java:1040)
	at ptolemy.actor.Manager.initialize(Manager.java:710)
	at ptolemy.actor.Manager.execute(Manager.java:356)
	at ptolemy.actor.Manager.run(Manager.java:1263)
	at ptolemy.actor.Manager$PtolemyRunThread.run(Manager.java:1915)
java.lang.RuntimeException: Execution failed
	at ptolemy.moml.MoMLSimpleApplication$UnloadThread.run(MoMLSimpleApplication.java:402)
Caused by: ptolemy.kernel.util.IllegalActionException: Found a zero delay loop containing .dependencyLoop.original
  in .dependencyLoop and .dependencyLoop.original
	at ptolemy.actor.util.CausalityInterfaceForComposites._computeOutputPortDepth(CausalityInterfaceForComposites.java:759)
	at ptolemy.actor.util.CausalityInterfaceForComposites._computeInputDepth(CausalityInterfaceForComposites.java:696)
	at ptolemy.actor.util.CausalityInterfaceForComposites._computeOutputPortDepth(CausalityInterfaceForComposites.java:765)
	at ptolemy.actor.util.CausalityInterfaceForComposites._computeInputDepth(CausalityInterfaceForComposites.java:696)
	at ptolemy.actor.util.CausalityInterfaceForComposites._computeOutputPortDepth(CausalityInterfaceForComposites.java:765)
	at ptolemy.actor.util.CausalityInterfaceForComposites._computeInputDepth(CausalityInterfaceForComposites.java:696)
	at ptolemy.actor.util.CausalityInterfaceForComposites._computeActorDepth(CausalityInterfaceForComposites.java:532)
	at ptolemy.actor.util.CausalityInterfaceForComposites.checkForCycles(CausalityInterfaceForComposites.java:96)
	at ptolemy.domains.de.kernel.DEDirector.preinitialize(DEDirector.java:1338)
	at ptolemy.actor.CompositeActor.preinitialize(CompositeActor.java:1828)
	at ptolemy.actor.Manager.preinitializeAndResolveTypes(Manager.java:1040)
	at ptolemy.actor.Manager.initialize(Manager.java:710)
	at ptolemy.actor.Manager.execute(Manager.java:356)
	at ptolemy.actor.Manager.run(Manager.java:1263)
	at ptolemy.actor.Manager$PtolemyRunThread.run(Manager.java:1915)
java.lang.reflect.InvocationTargetException
	at sun.reflect.NativeConstructorAccessorImpl.newInstance0(Native Method)
	at sun.reflect.NativeConstructorAccessorImpl.newInstance(NativeConstructorAccessorImpl.java:62)
	at sun.reflect.DelegatingConstructorAccessorImpl.newInstance(DelegatingConstructorAccessorImpl.java:45)
	at java.lang.reflect.Constructor.newInstance(Constructor.java:423)
	at ptolemy.util.test.junit.AutoKnownFailedTests.RunModel(AutoKnownFailedTests.java:105)
	at sun.reflect.NativeMethodAccessorImpl.invoke0(Native Method)
	at sun.reflect.NativeMethodAccessorImpl.invoke(NativeMethodAccessorImpl.java:62)
	at sun.reflect.DelegatingMethodAccessorImpl.invoke(DelegatingMethodAccessorImpl.java:43)
	at java.lang.reflect.Method.invoke(Method.java:498)
	at org.junit.runners.model.FrameworkMethod$1.runReflectiveCall(FrameworkMethod.java:44)
	at org.junit.internal.runners.model.ReflectiveCallable.run(ReflectiveCallable.java:15)
	at org.junit.runners.model.FrameworkMethod.invokeExplosively(FrameworkMethod.java:41)
	at junitparams.internal.InvokeParameterisedMethod.evaluate(InvokeParameterisedMethod.java:102)
	at org.junit.internal.runners.statements.FailOnTimeout$1.run(FailOnTimeout.java:28)
Caused by: ptolemy.kernel.util.IllegalActionException: Found a zero delay loop containing .dependencyLoop.original
  in .dependencyLoop and .dependencyLoop.original
	at ptolemy.actor.util.CausalityInterfaceForComposites._computeOutputPortDepth(CausalityInterfaceForComposites.java:759)
	at ptolemy.actor.util.CausalityInterfaceForComposites._computeInputDepth(CausalityInterfaceForComposites.java:696)
	at ptolemy.actor.util.CausalityInterfaceForComposites._computeOutputPortDepth(CausalityInterfaceForComposites.java:765)
	at ptolemy.actor.util.CausalityInterfaceForComposites._computeInputDepth(CausalityInterfaceForComposites.java:696)
	at ptolemy.actor.util.CausalityInterfaceForComposites._computeOutputPortDepth(CausalityInterfaceForComposites.java:765)
	at ptolemy.actor.util.CausalityInterfaceForComposites._computeInputDepth(CausalityInterfaceForComposites.java:696)
	at ptolemy.actor.util.CausalityInterfaceForComposites._computeActorDepth(CausalityInterfaceForComposites.java:532)
	at ptolemy.actor.util.CausalityInterfaceForComposites.checkForCycles(CausalityInterfaceForComposites.java:96)
	at ptolemy.domains.de.kernel.DEDirector.preinitialize(DEDirector.java:1338)
	at ptolemy.actor.CompositeActor.preinitialize(CompositeActor.java:1828)
	at ptolemy.actor.Manager.preinitializeAndResolveTypes(Manager.java:1040)
	at ptolemy.actor.Manager.initialize(Manager.java:710)
	at ptolemy.actor.Manager.execute(Manager.java:356)
	at ptolemy.actor.Manager.run(Manager.java:1263)
	at ptolemy.actor.Manager$PtolemyRunThread.run(Manager.java:1915)
java.lang.RuntimeException: Execution failed
	at ptolemy.moml.MoMLSimpleApplication$UnloadThread.run(MoMLSimpleApplication.java:402)
Caused by: ptolemy.kernel.util.IllegalActionException: Found a zero delay loop containing .dependencyLoop2.original
  in .dependencyLoop2 and .dependencyLoop2.original
	at ptolemy.actor.util.CausalityInterfaceForComposites._computeOutputPortDepth(CausalityInterfaceForComposites.java:759)
	at ptolemy.actor.util.CausalityInterfaceForComposites._computeInputDepth(CausalityInterfaceForComposites.java:696)
	at ptolemy.actor.util.CausalityInterfaceForComposites._computeOutputPortDepth(CausalityInterfaceForComposites.java:765)
	at ptolemy.actor.util.CausalityInterfaceForComposites._computeInputDepth(CausalityInterfaceForComposites.java:696)
	at ptolemy.actor.util.CausalityInterfaceForComposites._computeOutputPortDepth(CausalityInterfaceForComposites.java:765)
	at ptolemy.actor.util.CausalityInterfaceForComposites._computeInputDepth(CausalityInterfaceForComposites.java:696)
	at ptolemy.actor.util.CausalityInterfaceForComposites._computeActorDepth(CausalityInterfaceForComposites.java:532)
	at ptolemy.actor.util.CausalityInterfaceForComposites.checkForCycles(CausalityInterfaceForComposites.java:96)
	at ptolemy.domains.de.kernel.DEDirector.preinitialize(DEDirector.java:1338)
	at ptolemy.actor.CompositeActor.preinitialize(CompositeActor.java:1828)
	at ptolemy.actor.Manager.preinitializeAndResolveTypes(Manager.java:1040)
	at ptolemy.actor.Manager.initialize(Manager.java:710)
	at ptolemy.actor.Manager.execute(Manager.java:356)
	at ptolemy.actor.Manager.run(Manager.java:1263)
	at ptolemy.actor.Manager$PtolemyRunThread.run(Manager.java:1915)
java.lang.reflect.InvocationTargetException
	at sun.reflect.NativeConstructorAccessorImpl.newInstance0(Native Method)
	at sun.reflect.NativeConstructorAccessorImpl.newInstance(NativeConstructorAccessorImpl.java:62)
	at sun.reflect.DelegatingConstructorAccessorImpl.newInstance(DelegatingConstructorAccessorImpl.java:45)
	at java.lang.reflect.Constructor.newInstance(Constructor.java:423)
	at ptolemy.util.test.junit.AutoKnownFailedTests.RunModel(AutoKnownFailedTests.java:105)
	at sun.reflect.NativeMethodAccessorImpl.invoke0(Native Method)
	at sun.reflect.NativeMethodAccessorImpl.invoke(NativeMethodAccessorImpl.java:62)
	at sun.reflect.DelegatingMethodAccessorImpl.invoke(DelegatingMethodAccessorImpl.java:43)
	at java.lang.reflect.Method.invoke(Method.java:498)
	at org.junit.runners.model.FrameworkMethod$1.runReflectiveCall(FrameworkMethod.java:44)
	at org.junit.internal.runners.model.ReflectiveCallable.run(ReflectiveCallable.java:15)
	at org.junit.runners.model.FrameworkMethod.invokeExplosively(FrameworkMethod.java:41)
	at junitparams.internal.InvokeParameterisedMethod.evaluate(InvokeParameterisedMethod.java:102)
	at org.junit.internal.runners.statements.FailOnTimeout$1.run(FailOnTimeout.java:28)
Caused by: ptolemy.kernel.util.IllegalActionException: Found a zero delay loop containing .dependencyLoop2.original
  in .dependencyLoop2 and .dependencyLoop2.original
	at ptolemy.actor.util.CausalityInterfaceForComposites._computeOutputPortDepth(CausalityInterfaceForComposites.java:759)
	at ptolemy.actor.util.CausalityInterfaceForComposites._computeInputDepth(CausalityInterfaceForComposites.java:696)
	at ptolemy.actor.util.CausalityInterfaceForComposites._computeOutputPortDepth(CausalityInterfaceForComposites.java:765)
	at ptolemy.actor.util.CausalityInterfaceForComposites._computeInputDepth(CausalityInterfaceForComposites.java:696)
	at ptolemy.actor.util.CausalityInterfaceForComposites._computeOutputPortDepth(CausalityInterfaceForComposites.java:765)
	at ptolemy.actor.util.CausalityInterfaceForComposites._computeInputDepth(CausalityInterfaceForComposites.java:696)
	at ptolemy.actor.util.CausalityInterfaceForComposites._computeActorDepth(CausalityInterfaceForComposites.java:532)
	at ptolemy.actor.util.CausalityInterfaceForComposites.checkForCycles(CausalityInterfaceForComposites.java:96)
	at ptolemy.domains.de.kernel.DEDirector.preinitialize(DEDirector.java:1338)
	at ptolemy.actor.CompositeActor.preinitialize(CompositeActor.java:1828)
	at ptolemy.actor.Manager.preinitializeAndResolveTypes(Manager.java:1040)
	at ptolemy.actor.Manager.initialize(Manager.java:710)
	at ptolemy.actor.Manager.execute(Manager.java:356)
	at ptolemy.actor.Manager.run(Manager.java:1263)
	at ptolemy.actor.Manager$PtolemyRunThread.run(Manager.java:1915)
]]></system-err>
</testsuite>
