<?xml version="1.0" encoding="UTF-8" ?>
<testsuite errors="0" failures="0" hostname="travis-job-ce42f304-b394-41b5-83dd-cf167763748a" name="ptolemy.domains.de.test.junit.JUnitTclTest" skipped="0" tests="101" time="132.65" timestamp="2018-06-12T00:09:38">
  <properties>
    <property name="npm.executable" value="npm" />
    <property name="file.encoding.pkg" value="sun.io" />
    <property name="ptII.mk.exists" value="true" />
    <property name="env.rvm_bin_path" value="/home/travis/.rvm/bin" />
    <property name="java.home" value="/usr/lib/jvm/java-8-oracle/jre" />
    <property name="env.TRAVIS_JOB_NUMBER" value="564.8" />
    <property name="env.DISPLAY" value=":99.0" />
    <property name="java.net.preferIPv4Stack" value="true" />
    <property name="env.SSH_TTY" value="/dev/pts/0" />
    <property name="env.RUN_TESTS" value="true" />
    <property name="timeout.short" value="1000000" />
    <property name="env.TRAVIS_STACK_NODE_ATTRIBUTES" value="/.node-attributes.yml" />
    <property name="junit.formatter" value="xml" />
    <property name="java.endorsed.dirs" value="/usr/lib/jvm/java-8-oracle/jre/lib/endorsed" />
    <property name="env.TRAVIS_SUDO" value="true" />
    <property name="env.LOGNAME" value="travis" />
    <property name="jsdoc.home" value="node_modules/@terraswarm/jsdoc" />
    <property name="debuglevel" value="source,lines,vars" />
    <property name="checkstyle.formatter" value="xml" />
    <property name="bin.vergil.makeable" value="true" />
    <property name="env._system_version" value="14.04" />
    <property name="sun.os.patch.level" value="unknown" />
    <property name="java.vendor.url" value="http://java.oracle.com/" />
    <property name="java.version" value="1.8.0_151" />
    <property name="env.TZ" value="UTC" />
    <property name="env.PT_NO_NET" value="true" />
    <property name="env.TRAVIS_PULL_REQUEST_SHA" value="" />
    <property name="env.TRAVIS_SECURE_ENV_VARS" value="true" />
    <property name="env._system_type" value="Linux" />
    <property name="java.vendor.url.bug" value="http://bugreport.sun.com/bugreport/" />
    <property name="env.SSH_CLIENT" value="10.10.16.9 49784 22" />
    <property name="npmjs-org-is-up" value="true" />
    <property name="env.GEM_HOME" value="/home/travis/.rvm/gems/ruby-2.4.1" />
    <property name="env.HAS_ANTARES_THREE_LITTLE_FRONZIES_BADGE" value="true" />
    <property name="env.PS4" value="+" />
    <property name="ant.project.invoked-targets" value="build,test.core2.xml" />
    <property name="env.TRAVIS_PULL_REQUEST_BRANCH" value="" />
    <property name="env.TRAVIS_REPO_SLUG" value="icyphy/ptII" />
    <property name="node.in.path" value="true" />
    <property name="java.maxmemory" value="1400m" />
    <property name="env.RUBY_VERSION" value="ruby-2.4.1" />
    <property name="user.name" value="travis" />
    <property name="env.LANG" value="en_US.UTF-8" />
    <property name="sun.io.unicode.encoding" value="UnicodeLittle" />
    <property name="sun.jnu.encoding" value="UTF-8" />
    <property name="java.runtime.name" value="Java(TM) SE Runtime Environment" />
    <property name="usefile" value="false" />
    <property name="return.code" value="0" />
    <property name="junit.single.formatter" value="plain" />
    <property name="env.DYLD_LIBRARY_PATH" value="/home/travis/pthla/certi-tools/lib:" />
    <property name="env.DEBIAN_FRONTEND" value="noninteractive" />
    <property name="env.SSH_CONNECTION" value="10.10.16.9 49784 10.20.0.85 22" />
    <property name="env.MYSQL_UNIX_PORT" value="/var/run/mysqld/mysqld.sock" />
    <property name="env.TRAVIS_ALLOW_FAILURE" value="false" />
    <property name="env.LC_ALL" value="en_US.UTF-8" />
    <property name="java.specification.name" value="Java Platform API Specification" />
    <property name="node.works" value="true" />
    <property name="user.timezone" value="" />
    <property name="path.separator" value=":" />
    <property name="env.PYTHON_CFLAGS" value="-g -fstack-protector --param=ssp-buffer-size=4 -Wformat -Werror=format-security" />
    <property name="timeout.long" value="4000000" />
    <property name="env.CERTI_HOME" value="/home/travis/pthla/certi-tools" />
    <property name="file.encoding" value="UTF-8" />
    <property name="ant.file.ptII" value="/home/travis/build/icyphy/ptII/build.xml" />
    <property name="javadoc.packagenames" value="com.*,diva.*,lbnl.*,org.hlacerti.*,org.json.*,org.ptolemy.*,org.terraswarm.*,ptolemy.*,ptserver.*" />
    <property name="env.TRAVIS_PULL_REQUEST_SLUG" value="" />
    <property name="ant.project.default-target" value="build" />
    <property name="env.GIT_ASKPASS" value="echo" />
    <property name="env.HOME" value="/home/travis" />
    <property name="sun.java.command" value="org.apache.tools.ant.taskdefs.optional.junit.JUnitTestRunner ptolemy.domains.de.test.junit.JUnitTclTest skipNonTests=false filtertrace=true haltOnError=false haltOnFailure=false formatter=org.apache.tools.ant.taskdefs.optional.junit.OutErrSummaryJUnitResultFormatter showoutput=true outputtoformatters=true logfailedtests=true threadid=0 logtestlistenerevents=false formatter=org.apache.tools.ant.taskdefs.optional.junit.XMLJUnitResultFormatter,/home/travis/build/icyphy/ptII/reports/junit/TEST-ptolemy.domains.de.test.junit.JUnitTclTest.xml crashfile=/home/travis/build/icyphy/ptII/junitvmwatcher4033909008221656049.properties propsfile=/home/travis/build/icyphy/ptII/junit7687072666391447140.properties" />
    <property name="env.MANPATH" value="/home/travis/.nvm/versions/node/v7.10.1/share/man:/home/travis/.kiex/elixirs/elixir-1.4.5/man:/home/travis/.rvm/rubies/ruby-2.4.1/share/man:/usr/local/man:/usr/local/cmake-3.9.2/man:/usr/local/clang-5.0.0/share/man:/usr/local/share/man:/usr/share/man:/home/travis/.rvm/man" />
    <property name="env.COMPOSER_NO_INTERACTION" value="1" />
    <property name="env.JDK_SWITCHER_DEFAULT" value="oraclejdk8" />
    <property name="ant.file" value="/home/travis/build/icyphy/ptII/build.xml" />
    <property name="env.TRAVIS_COMMIT_RANGE" value="b6c6ffb1c6d4...7c5d3e396679" />
    <property name="env._system_name" value="Ubuntu" />
    <property name="timeout" value="2400000" />
    <property name="ptII.classpath.optional.property" value="/home/travis/build/icyphy/ptII/lib/bsh-2.0b4.jar:/home/travis/build/icyphy/ptII/lib/ptCal.jar:/home/travis/build/icyphy/ptII/lib/java_cup.jar:/home/travis/build/icyphy/ptII/lib/saxon8.jar:/home/travis/build/icyphy/ptII/lib/saxon8-dom.jar:/home/travis/build/icyphy/ptII/lib/chic.jar:/home/travis/build/icyphy/ptII/lib/ptcolt.jar:/usr/lib/jvm/java-8-oracle/lib/tools.jar:/usr/lib/eclipse/plugins/org.eclipse.jdt.core_3.8.2.dist.jar:/usr/lib/eclipse/plugins/org.eclipse.core.runtime_3.8.0.dist.jar:/usr/lib/eclipse/plugins/org.eclipse.osgi_3.8.1.dist.jar:/usr/lib/eclipse/plugins/org.eclipse.core.resources_3.8.1.dist.jar:/usr/lib/eclipse/plugins/org.eclipse.equinox.common_3.6.100.dist.jar:/usr/lib/eclipse/plugins/org.eclipse.core.jobs_3.5.200.dist.jar:/usr/lib/eclipse/plugins/org.eclipse.core.contenttype_3.4.200.dist.jar:/usr/lib/eclipse/plugins/org.eclipse.equinox.preferences_3.5.0.dist.jar:/usr/lib/eclipse/plugins/org.eclipse.text_3.5.200.dist.jar:/usr/lib/eclipse/plugins/org.eclipse.ui.workbench_3.8.1.dist.jar:/usr/lib/eclipse/plugins/org.eclipse.jface_3.8.0.dist.jar:/usr/lib/eclipse/plugins/org.eclipse.swt_3.8.2.jar:/usr/lib/eclipse/plugins/org.eclipse.jface.text_3.8.1.dist.jar:/usr/lib/eclipse/plugins/org.eclipse.ui.workbench.texteditor_3.8.0.dist.jar:/usr/lib/eclipse/plugins/org.eclipse.ui.editors_3.8.0.dist.jar:/usr/lib/eclipse/plugins/org.eclipse.core.commands_3.6.1.dist.jar:/usr/lib/eclipse/plugins/org.eclipse.equinox.registry_3.5.200.dist.jar:/usr/lib/eclipse/plugins/org.eclipse.ui.console_3.5.100.dist.jar:/usr/lib/eclipse/plugins/org.eclipse.ui.forms_3.5.200.dist.jar:/usr/lib/eclipse/plugins/org.eclipse.ui.ide_3.8.1.dist.jar:/home/travis/build/icyphy/ptII/vendors/oracle/dbxml.jar:/home/travis/build/icyphy/ptII/vendors/oracle/db.jar:/home/travis/build/icyphy/ptII/vendors/misc/itext/iText.jar:/home/travis/build/icyphy/ptII/lib/g4ltl.jar:/home/travis/build/icyphy/ptII/lib/StructuralCoder.jar:/home/travis/build/icyphy/ptII/lib/org-openide-util.jar:/home/travis/build/icyphy/ptII/lib/org-openide-util-lookup.jar:/home/travis/build/icyphy/ptII/lib/org-netbeans-api-visual.jar:/home/travis/build/icyphy/ptII/vendors/jai-1_1_2_01/lib/jai_core.jar:/home/travis/build/icyphy/ptII/vendors/jai-1_1_2_01/lib/jai_codec.jar:/home/travis/build/icyphy/ptII/lib/jcerti.jar:/home/travis/build/icyphy/ptII/lib/smack.jar:/home/travis/build/icyphy/ptII/lib/smackx.jar:/home/travis/build/icyphy/ptII/lib/jetty-all-8.1.5-v20120716.jar:/home/travis/build/icyphy/ptII/lib/javax.servlet-api-3.0.1.jar:/home/travis/build/icyphy/ptII/lib/javax.mail.jar:/home/travis/build/icyphy/ptII/vendors/JMF-2.1.1e/lib/jmf.jar:/home/travis/build/icyphy/ptII/lib/jna-4.0.0-variadic.jar:/home/travis/build/icyphy/ptII/vendors/misc/joystick/Joystick.jar:/home/travis/build/icyphy/ptII/lib/ptjacl.jar:/home/travis/build/icyphy/ptII/lib/jsoup-1.8.2.jar:/home/travis/build/icyphy/ptII/lib/junit-4.8.2.jar:/home/travis/build/icyphy/ptII/lib/JUnitParams-0.4.0.jar:/home/travis/build/icyphy/ptII/ptolemy/actor/lib/excel/jxl.jar:/home/travis/build/icyphy/ptII/lib/jython.jar:/home/travis/build/icyphy/ptII/lib/kieler.jar:/home/travis/build/icyphy/ptII/vendors/opencv/share/OpenCV/java/opencv-341.jar:/home/travis/build/icyphy/ptII/lib/oscP5.jar:/home/travis/build/icyphy/ptII/lib/nrjavaserial-3.11.0.devel.jar:/usr/share/java/j3dcore.jar:/usr/share/java/j3dutils.jar:/usr/share/java/vecmath.jar:/home/travis/build/icyphy/ptII/ptolemy/distributed/jini/jar/jini-core.jar:/home/travis/build/icyphy/ptII/ptolemy/distributed/jini/jar/jini-ext.jar:/home/travis/build/icyphy/ptII/ptolemy/distributed/jini/jar/sun-util.jar:/home/travis/build/icyphy/ptII/lib/protobuf-java-2.4.1.jar:/home/travis/build/icyphy/ptII/lib/org.eclipse.paho.client.mqttv3.jar:/home/travis/build/icyphy/ptII/ptserver/lib/hessian-4.0.7.jar:/home/travis/build/icyphy/ptII/ptserver/lib/wmqtt.jar:/home/travis/build/icyphy/ptII/lib/mapss.jar:/home/travis/build/icyphy/ptII/ptolemy/actor/ptalon/antlr/antlr.jar:/home/travis/build/icyphy/ptII/lib/JRI.jar:/home/travis/build/icyphy/ptII/lib/commons-lang-2.6.jar:/home/travis/build/icyphy/ptII/lib/commons-logging-1.1.1.jar:/home/travis/build/icyphy/ptII/lib/sootclasses.jar:/home/travis/build/icyphy/ptII/ptolemy/actor/lib/database/mysql-connector-java-5.1.6-bin.jar:/home/travis/build/icyphy/ptII/vendors/misc/sphinx4/sphinx4-data-5prealpha.jar:/home/travis/build/icyphy/ptII/vendors/misc/sphinx4/sphinx4-core-5prealpha.jar:/home/travis/build/icyphy/ptII/lib/PDFRenderer.jar:/home/travis/build/icyphy/ptII/lib/svgSalamander.jar:/home/travis/build/icyphy/ptII/lib/rsyntaxtextarea-2.6.0-SNAPSHOT.jar:/home/travis/build/icyphy/ptII/lib/hazelcast-3.8.2.jar:/home/travis/build/icyphy/ptII/lib/jackson-annotations-2.9.0.jar:/home/travis/build/icyphy/ptII/lib/jackson-core-2.9.3.jar:/home/travis/build/icyphy/ptII/lib/jackson-databind-2.9.3.jar:/home/travis/build/icyphy/ptII/lib/netty-buffer-4.1.19.Final.jar:/home/travis/build/icyphy/ptII/lib/netty-codec-4.1.19.Final.jar:/home/travis/build/icyphy/ptII/lib/netty-codec-dns-4.1.19.Final.jar:/home/travis/build/icyphy/ptII/lib/netty-codec-http-4.1.19.Final.jar:/home/travis/build/icyphy/ptII/lib/netty-codec-http2-4.1.19.Final.jar:/home/travis/build/icyphy/ptII/lib/netty-common-4.1.19.Final.jar:/home/travis/build/icyphy/ptII/lib/netty-handler-4.1.19.Final.jar:/home/travis/build/icyphy/ptII/lib/netty-resolver-4.1.19.Final.jar:/home/travis/build/icyphy/ptII/lib/netty-resolver-dns-4.1.19.Final.jar:/home/travis/build/icyphy/ptII/lib/netty-transport-4.1.19.Final.jar:/home/travis/build/icyphy/ptII/lib/vertx-codegen-3.5.1.jar:/home/travis/build/icyphy/ptII/lib/vertx-core-3.5.2-SNAPSHOT.jar:/home/travis/build/icyphy/ptII/lib/vertx-hazelcast-3.5.1.jar:/home/travis/build/icyphy/ptII/lib/vertx-lang-js-3.5.1.jar:/home/travis/build/icyphy/ptII/lib/vertx-service-proxy-3.5.1.jar:/home/travis/build/icyphy/ptII/lib/vertx-web-3.5.1.jar:/home/travis/build/icyphy/ptII/lib/slf4j-api-1.7.13.jar:/home/travis/build/icyphy/ptII/lib/slf4j-simple-1.7.13.jar:/home/travis/build/icyphy/ptII/lib/webcam-capture-0.3.12.jar:/home/travis/build/icyphy/ptII/lib/bridj-0.7.0.jar:/home/travis/build/icyphy/ptII/lib/xbjlib-1.1.0.nrjavaserial.jar" />
    <property name="test.batch" value="**/junit/*.java" />
    <property name="env._" value="/usr/bin/timeout" />
    <property name="java.io.tmpdir" value="/tmp" />
    <property name="user.language" value="en" />
    <property name="env.HISTCONTROL" value="ignoredups:ignorespace" />
    <property name="env.GOROOT" value="/home/travis/.gimme/versions/go1.7.4.linux.amd64" />
    <property name="line.separator" value="&#xa;" />
    <property name="target" value="1.8" />
    <property name="env.TRAVIS_BUILD_DIR" value="/home/travis/build/icyphy/ptII" />
    <property name="env.ANT_OPTS" value="-Xmx2048m" />
    <property name="ant.file.type" value="file" />
    <property name="ptolemy.ptII.batchMode" value="true" />
    <property name="env.HISTSIZE" value="1000" />
    <property name="env.MERB_ENV" value="test" />
    <property name="java.vm.info" value="mixed mode" />
    <property name="source" value="1.8" />
    <property name="java.vm.specification.name" value="Java Virtual Machine Specification" />
    <property name="env.TRAVIS_TEST_RESULT" value="0" />
    <property name="jsdoc.command" value="node_modules/@terraswarm/jsdoc/jsdoc.js" />
    <property name="npm.works" value="true" />
    <property name="cobertura.dir" value="/home/travis/build/icyphy/ptII/vendors/cobertura-2.0.3" />
    <property name="env.rvm_path" value="/home/travis/.rvm" />
    <property name="env.GEM_PATH" value="/home/travis/.rvm/gems/ruby-2.4.1:/home/travis/.rvm/gems/ruby-2.4.1@global" />
    <property name="env.LC_CTYPE" value="en_US.UTF-8" />
    <property name="java.awt.printerjob" value="sun.print.PSPrinterJob" />
    <property name="env.TRAVIS_STACK_NAME" value="garnet" />
    <property name="ant.version" value="Apache Ant(TM) version 1.10.1 compiled on February 2 2017" />
    <property name="ptII.reports" value="/home/travis/build/icyphy/ptII/reports" />
    <property name="env.TRAVIS_STACK_TIMESTAMP" value="2017-12-05 19:33:09 UTC" />
    <property name="ant.file.type.ptII" value="file" />
    <property name="env.RBENV_SHELL" value="bash" />
    <property name="os.name" value="Linux" />
    <property name="java.specification.vendor" value="Oracle Corporation" />
    <property name="env.rvm_version" value="1.29.3 (latest)" />
    <property name="env.TERM" value="xterm" />
    <property name="java.vm.name" value="Java HotSpot(TM) 64-Bit Server VM" />
    <property name="env.TRAVIS_BUILD_NUMBER" value="564" />
    <property name="env.CI" value="true" />
    <property name="java.library.path" value="/home/travis/pthla/certi-tools/lib:/usr/lib/jni:/usr/local/share/OpenCV/java/:/usr/share/OpenCV/java::/usr/java/packages/lib/amd64:/usr/lib64:/lib64:/lib:/usr/lib" />
    <property name="env.rvm_prefix" value="/home/travis" />
    <property name="env.PATH" value="/home/travis/pthla/certi-tools/share/scripts:/home/travis/.rvm/gems/ruby-2.4.1/bin:/home/travis/.rvm/gems/ruby-2.4.1@global/bin:/home/travis/.rvm/rubies/ruby-2.4.1/bin:/home/travis/.rvm/bin:/home/travis/.nvm/versions/node/v7.10.1/bin:./node_modules/.bin:/home/travis/build/icyphy/ptII/bin:/home/travis/pthla/certi-tools/bin:/home/travis/bin:/home/travis/.local/bin:/opt/pyenv/shims:/home/travis/.phpenv/shims:/home/travis/perl5/perlbrew/bin:/home/travis/.kiex/elixirs/elixir-1.4.5/bin:/home/travis/.kiex/bin:/home/travis/gopath/bin:/home/travis/.gimme/versions/go1.7.4.linux.amd64/bin:/usr/local/phantomjs/bin:/usr/local/phantomjs:/usr/local/neo4j-3.2.7/bin:/usr/local/maven-3.5.2/bin:/usr/local/cmake-3.9.2/bin:/usr/local/clang-5.0.0/bin:/usr/local/sbin:/usr/local/bin:/usr/sbin:/usr/bin:/sbin:/bin:/home/travis/.phpenv/bin:/opt/pyenv/bin:/home/travis/.yarn/bin" />
    <property name="env.TRAVIS_OS_NAME" value="linux" />
    <property name="ant.java.version" value="1.8" />
    <property name="basedir" value="/home/travis/build/icyphy/ptII" />
    <property name="java.class.version" value="52.0" />
    <property name="env.SHLVL" value="3" />
    <property name="env.LD_LIBRARY_PATH" value="/home/travis/pthla/certi-tools/lib:/usr/lib/jni:/usr/local/share/OpenCV/java/:/usr/share/OpenCV/java:" />
    <property name="env.RACK_ENV" value="test" />
    <property name="ant.home" value="/home/travis/build/icyphy/ptII/ant" />
    <property name="env.NVM_DIR" value="/home/travis/.nvm" />
    <property name="env.PERLBREW_BASHRC_VERSION" value="0.80" />
    <property name="env.CERTI_FOM_PATH" value="/home/travis/pthla/certi-tools/share/federations" />
    <property name="env.TRAVIS_BUILD_ID" value="391026539" />
    <property name="env.PYENV_ROOT" value="/opt/pyenv" />
    <property name="env.TRAVIS_UID" value="2000" />
    <property name="env.rvm_pretty_print_flag" value="auto" />
    <property name="env.NVM_BIN" value="/home/travis/.nvm/versions/node/v7.10.1/bin" />
    <property name="env.TRAVIS_COMMIT" value="7c5d3e396679076178f073fbfddd2da57ad67845" />
    <property name="env._system_arch" value="x86_64" />
    <property name="node.executable" value="node" />
    <property name="sun.boot.library.path" value="/usr/lib/jvm/java-8-oracle/jre/lib/amd64" />
    <property name="sun.management.compiler" value="HotSpot 64-Bit Tiered Compilers" />
    <property name="env.GOPATH" value="/home/travis/gopath" />
    <property name="java.awt.graphicsenv" value="sun.awt.X11GraphicsEnvironment" />
    <property name="ptolemy.ptII.dir" value="/home/travis/build/icyphy/ptII" />
    <property name="env.USER" value="travis" />
    <property name="env.HISTFILESIZE" value="2000" />
    <property name="timeout.longest" value="19000000" />
    <property name="env.TRAVIS_STACK_FEATURES" value="basic cassandra chromium couchdb disabled-ipv6 docker docker-compose elasticsearch firefox go-toolchain google-chrome jdk memcached mongodb mysql neo4j nodejs_interpreter perl_interpreter perlbrew phantomjs postgresql python_interpreter rabbitmq redis riak ruby_interpreter sqlite xserver" />
    <property name="env.TRAVIS_PULL_REQUEST" value="false" />
    <property name="env.PYENV_SHELL" value="bash" />
    <property name="ant.project.name" value="ptII" />
    <property name="java.vm.specification.version" value="1.8" />
    <property name="env.CERTI_VERSION" value="4.0.0" />
    <property name="env.NLSPATH" value="/usr/dt/lib/nls/msg/%L/%N.cat" />
    <property name="awt.toolkit" value="sun.awt.X11.XToolkit" />
    <property name="env.CERTI_HOST" value="localhost" />
    <property name="env.MY_RUBY_HOME" value="/home/travis/.rvm/rubies/ruby-2.4.1" />
    <property name="sun.cpu.isalist" value="" />
    <property name="java.ext.dirs" value="/usr/lib/jvm/java-8-oracle/jre/lib/ext:/usr/java/packages/lib/ext" />
    <property name="os.version" value="4.4.0-101-generic" />
    <property name="user.home" value="/home/travis" />
    <property name="env.MIX_ARCHIVES" value="/home/travis/.kiex/mix/elixir-1.4.5" />
    <property name="java.vm.vendor" value="Oracle Corporation" />
    <property name="env.TRAVIS_TAG" value="nightly" />
    <property name="env.TRAVIS_FILTERED" value="redirect_io" />
    <property name="javadoc.excludepackagenames" value="adm.cvs2svn.*,build.*,config.*,doc.coding.templates.*,jni.test.jni.meaningOfLife.*,jni.test.jni.testDeux.*,jni.test.jni.testTrois.*,org.terraswarm.accessor.accessors.web.node_modules.*,org.terraswarm.accessor.accessors.web.hosts.cordova.demo.*,org.terraswarm.accessor.accessors.web.hosts.cordova.plugins.*,org.terraswarm.accessor.accessors-svn.*,pt-modules.*,ptolemy.apps.agilent.*,ptolemy.apps.anytimecontrol.*,ptolemy.apps.apes.*,ptolemy.apps.charon.*,ptolemy.apps.crazyboard.*,ptolemy.apps.eclipse.*,ptolemy.apps.etherealSting.*,ptolemy.apps.fullscreen.*,ptolemy.apps.giotto.*,ptolemy.apps.ia.*,ptolemy.apps.interfaces.*,ptolemy.apps.jmf.*,ptolemy.apps.kurt.*,ptolemy.apps.kvm.*,ptolemy.apps.lego.*,ptolemy.apps.lejos.*,ptolemy.apps.midp.*,ptolemy.apps.mobileCoding.*,ptolemy.apps.pendulum.*,ptolemy.apps.rijndael.*,ptolemy.apps.robot.*,ptolemy.apps.security.*,ptolemy.apps.sobel.*,ptolemy.apps.soot.*,ptolemy.apps.throttle.*,ptolemy.apps.tini.*,ptolemy.apps.transmission.*,ptolemy.apps.vergil.*,ptolemy.apps.waba.*,ptolemy.apps.websensor.*,ptolemy.apps.webstart.*,ptolemy.apps.xsl.*,ptolemy.apps.zaurus.*,ptolemy.backtrack.eclipse.plugin.*,ptolemy.backtrack.test.*,ptolemy.codegen.c.actor.lib.oldJavaFiles.*,ptolemy.codegen.dsp.lib.*,ptolemy.codegen.kernel.newInterfaces.*,ptolemy.codegen.lib.*,ptolemy.copernicus.kernel.fragment.*,ptolemy.copernicus.shallow.cg.*,ptolemy.domains.giotto.demo.Hierarchy.Hierarchy.*,ptolemy.domains.giotto.demo.Multimode.Multimode.*,ptolemy.domains.giotto.demo.Simple.Simple.*,ptolemy.domains.gr.lib.experimental.*,ptolemy.domains.gro.*,ptolemy.domains.pdf.*,ptolemy.domains.ptinyos.demo.Surge.output.*,ptolemy.moml.test.NoPackageActor.java*,ptolemy.plot.adm.*,ptolemy.plot.servlet.*,reports.*,signed.*,src.*,target.*,vendors.*,ptolemy.cg.adapter.generic.program.procedural.c.mbed*,ptolemy.actor.lib.fmi.fmus.omc*,ptolemy.domains.openmodelica*,ptdb.kernel.bl.save.test.*,ptdb.kernel.bl.load.test.*,ptdb.kernel.bl.search.test.*,ptdb.kernel.bl.migration.test.*,ptdb.kernel.database.test.*,ptdb.test.*,ptdb.gui.test.*,org.ptolemy.scala.*,diva.util.java2d.svg.*,ptolemy.domains.ptinyos.*,ptolemy.actor.lib.fmi.fmipp.*,,org.terraswarm.accessor.accessors.web.node_modules.*,org.terraswarm.accessor.accessors-svn,ptolemy.apps.*,ptolemy.actor.ptalon.demo.ptinyos.SendAndReceiveCnt.output,ptolemy.actor.ptalon.demo.ptinyos.SenseToLeds.output,ptolemy.domains.ptinyos.demo.CntToLedsAndRfm.output,ptolemy.domains.ptinyos.demo.RfmToLeds.output,ptolemy.domains.ptinyos.demo.SendAndReceiveCnt.output,ptolemy.domains.ptinyos.demo.SenseToLeds.output,ptolemy.actor.lib.jjs.modules.udpSocket.*" />
    <property name="env.JAVA_HOME" value="/usr/lib/jvm/java-8-oracle" />
    <property name="env.PTII" value="/home/travis/build/icyphy/ptII" />
    <property name="env.TRAVIS_COMMIT_MESSAGE" value="Use Java3D from http://show.docjava.com/book/cgij/code/jnlp/libs/jogl/ for Java 10." />
    <property name="keystore" value="ptKeystore" />
    <property name="env.XDG_SESSION_ID" value="2" />
    <property name="junit.output.dir" value="/home/travis/build/icyphy/ptII/reports/junit" />
    <property name="npm.return.code" value="0" />
    <property name="user.dir" value="/home/travis/build/icyphy/ptII/ptolemy/domains/de/test" />
    <property name="env.TRAVIS_NODE_VERSION" value="7" />
    <property name="env.XFILESEARCHPATH" value="/usr/dt/app-defaults/%L/Dt" />
    <property name="env.TRAVIS_EVENT_TYPE" value="push" />
    <property name="env.MAIL" value="/var/mail/travis" />
    <property name="env.PWD" value="/home/travis/build/icyphy/ptII" />
    <property name="env.PERLBREW_ROOT" value="/home/travis/perl5/perlbrew" />
    <property name="timeout.npm" value="45000" />
    <property name="env.PT_TRAVIS_TEST_CORE2_XML" value="true" />
    <property name="env.PAGER" value="cat" />
    <property name="sun.cpu.endian" value="little" />
    <property name="env.TRAVIS_BUILD_STAGE_NAME" value="Test" />
    <property name="env.PERLBREW_HOME" value="/home/travis/.perlbrew" />
    <property name="env.RAILS_ENV" value="test" />
    <property name="java.vm.version" value="25.151-b12" />
    <property name="java.class.path" value="/home/travis/build/icyphy/ptII:/home/travis/build/icyphy/ptII/lib/bsh-2.0b4.jar:/home/travis/build/icyphy/ptII/lib/ptCal.jar:/home/travis/build/icyphy/ptII/lib/java_cup.jar:/home/travis/build/icyphy/ptII/lib/saxon8.jar:/home/travis/build/icyphy/ptII/lib/saxon8-dom.jar:/home/travis/build/icyphy/ptII/lib/chic.jar:/home/travis/build/icyphy/ptII/lib/ptcolt.jar:/usr/lib/jvm/java-8-oracle/lib/tools.jar:/usr/lib/eclipse/plugins/org.eclipse.jdt.core_3.8.2.dist.jar:/usr/lib/eclipse/plugins/org.eclipse.core.runtime_3.8.0.dist.jar:/usr/lib/eclipse/plugins/org.eclipse.osgi_3.8.1.dist.jar:/usr/lib/eclipse/plugins/org.eclipse.core.resources_3.8.1.dist.jar:/usr/lib/eclipse/plugins/org.eclipse.equinox.common_3.6.100.dist.jar:/usr/lib/eclipse/plugins/org.eclipse.core.jobs_3.5.200.dist.jar:/usr/lib/eclipse/plugins/org.eclipse.core.contenttype_3.4.200.dist.jar:/usr/lib/eclipse/plugins/org.eclipse.equinox.preferences_3.5.0.dist.jar:/usr/lib/eclipse/plugins/org.eclipse.text_3.5.200.dist.jar:/usr/lib/eclipse/plugins/org.eclipse.ui.workbench_3.8.1.dist.jar:/usr/lib/eclipse/plugins/org.eclipse.jface_3.8.0.dist.jar:/usr/lib/eclipse/plugins/org.eclipse.swt_3.8.2.jar:/usr/lib/eclipse/plugins/org.eclipse.jface.text_3.8.1.dist.jar:/usr/lib/eclipse/plugins/org.eclipse.ui.workbench.texteditor_3.8.0.dist.jar:/usr/lib/eclipse/plugins/org.eclipse.ui.editors_3.8.0.dist.jar:/usr/lib/eclipse/plugins/org.eclipse.core.commands_3.6.1.dist.jar:/usr/lib/eclipse/plugins/org.eclipse.equinox.registry_3.5.200.dist.jar:/usr/lib/eclipse/plugins/org.eclipse.ui.console_3.5.100.dist.jar:/usr/lib/eclipse/plugins/org.eclipse.ui.forms_3.5.200.dist.jar:/usr/lib/eclipse/plugins/org.eclipse.ui.ide_3.8.1.dist.jar:/home/travis/build/icyphy/ptII/vendors/oracle/dbxml.jar:/home/travis/build/icyphy/ptII/vendors/oracle/db.jar:/home/travis/build/icyphy/ptII/vendors/misc/itext/iText.jar:/home/travis/build/icyphy/ptII/lib/g4ltl.jar:/home/travis/build/icyphy/ptII/lib/StructuralCoder.jar:/home/travis/build/icyphy/ptII/lib/org-openide-util.jar:/home/travis/build/icyphy/ptII/lib/org-openide-util-lookup.jar:/home/travis/build/icyphy/ptII/lib/org-netbeans-api-visual.jar:/home/travis/build/icyphy/ptII/vendors/jai-1_1_2_01/lib/jai_core.jar:/home/travis/build/icyphy/ptII/vendors/jai-1_1_2_01/lib/jai_codec.jar:/home/travis/build/icyphy/ptII/lib/jcerti.jar:/home/travis/build/icyphy/ptII/lib/smack.jar:/home/travis/build/icyphy/ptII/lib/smackx.jar:/home/travis/build/icyphy/ptII/lib/jetty-all-8.1.5-v20120716.jar:/home/travis/build/icyphy/ptII/lib/javax.servlet-api-3.0.1.jar:/home/travis/build/icyphy/ptII/lib/javax.mail.jar:/home/travis/build/icyphy/ptII/vendors/JMF-2.1.1e/lib/jmf.jar:/home/travis/build/icyphy/ptII/lib/jna-4.0.0-variadic.jar:/home/travis/build/icyphy/ptII/vendors/misc/joystick/Joystick.jar:/home/travis/build/icyphy/ptII/lib/ptjacl.jar:/home/travis/build/icyphy/ptII/lib/jsoup-1.8.2.jar:/home/travis/build/icyphy/ptII/lib/junit-4.8.2.jar:/home/travis/build/icyphy/ptII/lib/JUnitParams-0.4.0.jar:/home/travis/build/icyphy/ptII/ptolemy/actor/lib/excel/jxl.jar:/home/travis/build/icyphy/ptII/lib/jython.jar:/home/travis/build/icyphy/ptII/lib/kieler.jar:/home/travis/build/icyphy/ptII/vendors/opencv/share/OpenCV/java/opencv-341.jar:/home/travis/build/icyphy/ptII/lib/oscP5.jar:/home/travis/build/icyphy/ptII/lib/nrjavaserial-3.11.0.devel.jar:/usr/share/java/j3dcore.jar:/usr/share/java/j3dutils.jar:/usr/share/java/vecmath.jar:/home/travis/build/icyphy/ptII/ptolemy/distributed/jini/jar/jini-core.jar:/home/travis/build/icyphy/ptII/ptolemy/distributed/jini/jar/jini-ext.jar:/home/travis/build/icyphy/ptII/ptolemy/distributed/jini/jar/sun-util.jar:/home/travis/build/icyphy/ptII/lib/protobuf-java-2.4.1.jar:/home/travis/build/icyphy/ptII/lib/org.eclipse.paho.client.mqttv3.jar:/home/travis/build/icyphy/ptII/ptserver/lib/hessian-4.0.7.jar:/home/travis/build/icyphy/ptII/ptserver/lib/wmqtt.jar:/home/travis/build/icyphy/ptII/lib/mapss.jar:/home/travis/build/icyphy/ptII/ptolemy/actor/ptalon/antlr/antlr.jar:/home/travis/build/icyphy/ptII/lib/JRI.jar:/home/travis/build/icyphy/ptII/lib/commons-lang-2.6.jar:/home/travis/build/icyphy/ptII/lib/commons-logging-1.1.1.jar:/home/travis/build/icyphy/ptII/lib/sootclasses.jar:/home/travis/build/icyphy/ptII/ptolemy/actor/lib/database/mysql-connector-java-5.1.6-bin.jar:/home/travis/build/icyphy/ptII/vendors/misc/sphinx4/sphinx4-data-5prealpha.jar:/home/travis/build/icyphy/ptII/vendors/misc/sphinx4/sphinx4-core-5prealpha.jar:/home/travis/build/icyphy/ptII/lib/PDFRenderer.jar:/home/travis/build/icyphy/ptII/lib/svgSalamander.jar:/home/travis/build/icyphy/ptII/lib/rsyntaxtextarea-2.6.0-SNAPSHOT.jar:/home/travis/build/icyphy/ptII/lib/hazelcast-3.8.2.jar:/home/travis/build/icyphy/ptII/lib/jackson-annotations-2.9.0.jar:/home/travis/build/icyphy/ptII/lib/jackson-core-2.9.3.jar:/home/travis/build/icyphy/ptII/lib/jackson-databind-2.9.3.jar:/home/travis/build/icyphy/ptII/lib/netty-buffer-4.1.19.Final.jar:/home/travis/build/icyphy/ptII/lib/netty-codec-4.1.19.Final.jar:/home/travis/build/icyphy/ptII/lib/netty-codec-dns-4.1.19.Final.jar:/home/travis/build/icyphy/ptII/lib/netty-codec-http-4.1.19.Final.jar:/home/travis/build/icyphy/ptII/lib/netty-codec-http2-4.1.19.Final.jar:/home/travis/build/icyphy/ptII/lib/netty-common-4.1.19.Final.jar:/home/travis/build/icyphy/ptII/lib/netty-handler-4.1.19.Final.jar:/home/travis/build/icyphy/ptII/lib/netty-resolver-4.1.19.Final.jar:/home/travis/build/icyphy/ptII/lib/netty-resolver-dns-4.1.19.Final.jar:/home/travis/build/icyphy/ptII/lib/netty-transport-4.1.19.Final.jar:/home/travis/build/icyphy/ptII/lib/vertx-codegen-3.5.1.jar:/home/travis/build/icyphy/ptII/lib/vertx-core-3.5.2-SNAPSHOT.jar:/home/travis/build/icyphy/ptII/lib/vertx-hazelcast-3.5.1.jar:/home/travis/build/icyphy/ptII/lib/vertx-lang-js-3.5.1.jar:/home/travis/build/icyphy/ptII/lib/vertx-service-proxy-3.5.1.jar:/home/travis/build/icyphy/ptII/lib/vertx-web-3.5.1.jar:/home/travis/build/icyphy/ptII/lib/slf4j-api-1.7.13.jar:/home/travis/build/icyphy/ptII/lib/slf4j-simple-1.7.13.jar:/home/travis/build/icyphy/ptII/lib/webcam-capture-0.3.12.jar:/home/travis/build/icyphy/ptII/lib/bridj-0.7.0.jar:/home/travis/build/icyphy/ptII/lib/xbjlib-1.1.0.nrjavaserial.jar:/home/travis/build/icyphy/ptII/ptolemy/moml/test:/home/travis/build/icyphy/ptII/ant/lib/ant-launcher.jar:/home/travis/build/icyphy/ptII/ant/lib/ant.jar:/home/travis/build/icyphy/ptII/ant/lib/ant-junit.jar:/home/travis/build/icyphy/ptII/ant/lib/ant-junit4.jar" />
    <property name="ant.library.dir" value="/home/travis/build/icyphy/ptII/ant/lib" />
    <property name="os.arch" value="amd64" />
    <property name="env.TRAVIS_LANGUAGE" value="node_js" />
    <property name="env.CONTINUOUS_INTEGRATION" value="true" />
    <property name="env.TRAVIS_STACK_LANGUAGES" value="__garnet__ c c++ clojure cplusplus cpp default go groovy java node_js php pure_java python ruby scala" />
    <property name="test.name" value="ptolemy.actor.lib.test.junit.JUnitTclTest" />
    <property name="sun.java.launcher" value="SUN_STANDARD" />
    <property name="env.PYTHON_CONFIGURE_OPTS" value="--enable-unicode=ucs4 --with-wide-unicode --enable-shared --enable-ipv6 --enable-loadable-sqlite-extensions --with-computed-gotos" />
    <property name="ant.core.lib" value="/home/travis/build/icyphy/ptII/ant/lib/ant.jar" />
    <property name="java.vm.specification.vendor" value="Oracle Corporation" />
    <property name="env.BCVTB_HOME" value="/home/travis/build/icyphy/ptII/lbnl" />
    <property name="file.separator" value="/" />
    <property name="java.runtime.version" value="1.8.0_151-b12" />
    <property name="spotbugs.home" value="/home/travis/build/icyphy/ptII/vendors/spotbugs-3.1.1" />
    <property name="sun.boot.class.path" value="/usr/lib/jvm/java-8-oracle/jre/lib/resources.jar:/usr/lib/jvm/java-8-oracle/jre/lib/rt.jar:/usr/lib/jvm/java-8-oracle/jre/lib/sunrsasign.jar:/usr/lib/jvm/java-8-oracle/jre/lib/jsse.jar:/usr/lib/jvm/java-8-oracle/jre/lib/jce.jar:/usr/lib/jvm/java-8-oracle/jre/lib/charsets.jar:/usr/lib/jvm/java-8-oracle/jre/lib/jfr.jar:/usr/lib/jvm/java-8-oracle/jre/classes" />
    <property name="env.HAS_JOSH_K_SEAL_OF_APPROVAL" value="true" />
    <property name="env.TRAVIS_OSX_IMAGE" value="" />
    <property name="env.XDG_RUNTIME_DIR" value="/run/user/2000" />
    <property name="env.TRAVIS_BRANCH" value="master" />
    <property name="env.TRAVIS_JOB_ID" value="391026547" />
    <property name="env.CERTI_HOME_TRAVIS" value="/home/travis/pthla/certi-tools" />
    <property name="user.country" value="US" />
    <property name="env.SHELL" value="/bin/bash" />
    <property name="java.maxmemory.large" value="5000m" />
    <property name="model" value="" />
    <property name="env.CASHER_DIR" value="/home/travis/.casher" />
    <property name="env.NVM_CD_FLAGS" value="" />
    <property name="jshint.executable" value="/home/travis/node_modules/jshint/bin/jshint" />
    <property name="java.vendor" value="Oracle Corporation" />
    <property name="env.JRUBY_OPTS" value=" --client -J-XX:+TieredCompilation -J-XX:TieredStopAtLevel=1 -J-Xss2m -Xcompile.invokedynamic=false" />
    <property name="env.TRAVIS_PRE_CHEF_BOOTSTRAP_TIME" value="2017-12-05T19:32:55" />
    <property name="env.TRAVIS_STACK_JOB_BOARD_REGISTER" value="/.job-board-register.yml" />
    <property name="env.ELIXIR_VERSION" value="1.4.5" />
    <property name="java.specification.version" value="1.8" />
    <property name="env.IRBRC" value="/home/travis/.rvm/rubies/ruby-2.4.1/.irbrc" />
    <property name="env.TRAVIS" value="true" />
    <property name="sun.arch.data.model" value="64" />
  </properties>
  <testcase classname="ptolemy.util.test.junit.TclTests" name="[0] /home/travis/build/icyphy/ptII/ptolemy/domains/de/test/DependencyLoop.tcl (RunTclFile)" time="0.824" />
  <testcase classname="ptolemy.util.test.junit.TclTests" name="[1] /home/travis/build/icyphy/ptII/ptolemy/domains/de/test/RunDETestsAsQSS.tcl (RunTclFile)" time="92.637" />
  <testcase classname="ptolemy.util.test.junit.AutoKnownFailedTests" name="[0] /home/travis/build/icyphy/ptII/ptolemy/domains/de/test/auto/knownFailedTests/DESDFClockTest.xml (RunModel)" time="2.031" />
  <testcase classname="ptolemy.util.test.junit.AutoKnownFailedTests" name="[1] /home/travis/build/icyphy/ptII/ptolemy/domains/de/test/auto/knownFailedTests/DirectFeedback.xml (RunModel)" time="0.015" />
  <testcase classname="ptolemy.util.test.junit.AutoKnownFailedTests" name="[2] /home/travis/build/icyphy/ptII/ptolemy/domains/de/test/auto/knownFailedTests/FSMSource.xml (RunModel)" time="0.023" />
  <testcase classname="ptolemy.util.test.junit.AutoKnownFailedTests" name="[3] /home/travis/build/icyphy/ptII/ptolemy/domains/de/test/auto/knownFailedTests/HierarchicalModel.xml (RunModel)" time="0.034" />
  <testcase classname="ptolemy.util.test.junit.AutoKnownFailedTests" name="[4] /home/travis/build/icyphy/ptII/ptolemy/domains/de/test/auto/knownFailedTests/dependencyLoop.xml (RunModel)" time="0.027" />
  <testcase classname="ptolemy.util.test.junit.AutoKnownFailedTests" name="[5] /home/travis/build/icyphy/ptII/ptolemy/domains/de/test/auto/knownFailedTests/dependencyLoop2.xml (RunModel)" time="0.029" />
  <testcase classname="ptolemy.util.test.junit.AutoNameArchTests" name="[0] ThereAreNoAutoArchTests (RunModel)" time="0.001" />
  <testcase classname="ptolemy.util.test.junit.AutoTests" name="[0] /home/travis/build/icyphy/ptII/ptolemy/domains/de/test/auto/ActorDepthCalculation_actorWithoutPorts.xml (RunModel)" time="0.012" />
  <testcase classname="ptolemy.util.test.junit.AutoTests" name="[1] /home/travis/build/icyphy/ptII/ptolemy/domains/de/test/auto/AssemblyLine.xml (RunModel)" time="0.01" />
  <testcase classname="ptolemy.util.test.junit.AutoTests" name="[2] /home/travis/build/icyphy/ptII/ptolemy/domains/de/test/auto/CQBug1.xml (RunModel)" time="0.005" />
  <testcase classname="ptolemy.util.test.junit.AutoTests" name="[3] /home/travis/build/icyphy/ptII/ptolemy/domains/de/test/auto/CancelFireAt.xml (RunModel)" time="0.004" />
  <testcase classname="ptolemy.util.test.junit.AutoTests" name="[4] /home/travis/build/icyphy/ptII/ptolemy/domains/de/test/auto/CausalityAndComposabilityAnalysis.xml (RunModel)" time="0.007" />
  <testcase classname="ptolemy.util.test.junit.AutoTests" name="[5] /home/travis/build/icyphy/ptII/ptolemy/domains/de/test/auto/CausalityInterface1.xml (RunModel)" time="0.008" />
  <testcase classname="ptolemy.util.test.junit.AutoTests" name="[6] /home/travis/build/icyphy/ptII/ptolemy/domains/de/test/auto/CausalityInterface15.xml (RunModel)" time="0.009" />
  <testcase classname="ptolemy.util.test.junit.AutoTests" name="[7] /home/travis/build/icyphy/ptII/ptolemy/domains/de/test/auto/CausalityInterface2.xml (RunModel)" time="0.007" />
  <testcase classname="ptolemy.util.test.junit.AutoTests" name="[8] /home/travis/build/icyphy/ptII/ptolemy/domains/de/test/auto/CausalityInterface3.xml (RunModel)" time="0.009" />
  <testcase classname="ptolemy.util.test.junit.AutoTests" name="[9] /home/travis/build/icyphy/ptII/ptolemy/domains/de/test/auto/ClockDrift.xml (RunModel)" time="0.023" />
  <testcase classname="ptolemy.util.test.junit.AutoTests" name="[10] /home/travis/build/icyphy/ptII/ptolemy/domains/de/test/auto/ClockDriftAndValueChange.xml (RunModel)" time="0.022" />
  <testcase classname="ptolemy.util.test.junit.AutoTests" name="[11] /home/travis/build/icyphy/ptII/ptolemy/domains/de/test/auto/ClockDriftChange.xml (RunModel)" time="0.018" />
  <testcase classname="ptolemy.util.test.junit.AutoTests" name="[12] /home/travis/build/icyphy/ptII/ptolemy/domains/de/test/auto/ComposableCausalityAnalysis.xml (RunModel)" time="0.012" />
  <testcase classname="ptolemy.util.test.junit.AutoTests" name="[13] /home/travis/build/icyphy/ptII/ptolemy/domains/de/test/auto/DEFixedPointLimitation.xml (RunModel)" time="0.006" />
  <testcase classname="ptolemy.util.test.junit.AutoTests" name="[14] /home/travis/build/icyphy/ptII/ptolemy/domains/de/test/auto/DEScheduleTest.xml (RunModel)" time="0.007" />
  <testcase classname="ptolemy.util.test.junit.AutoTests" name="[15] /home/travis/build/icyphy/ptII/ptolemy/domains/de/test/auto/DEinDEwithStartTimes.xml (RunModel)" time="0.009" />
  <testcase classname="ptolemy.util.test.junit.AutoTests" name="[16] /home/travis/build/icyphy/ptII/ptolemy/domains/de/test/auto/DEinDEwithStartTimes2.xml (RunModel)" time="0.009" />
  <testcase classname="ptolemy.util.test.junit.AutoTests" name="[17] /home/travis/build/icyphy/ptII/ptolemy/domains/de/test/auto/DateDemo.xml (RunModel)" time="0.019" />
  <testcase classname="ptolemy.util.test.junit.AutoTests" name="[18] /home/travis/build/icyphy/ptII/ptolemy/domains/de/test/auto/DateToEvent.xml (RunModel)" time="2.027" />
  <testcase classname="ptolemy.util.test.junit.AutoTests" name="[19] /home/travis/build/icyphy/ptII/ptolemy/domains/de/test/auto/DepthTest1.xml (RunModel)" time="0.01" />
  <testcase classname="ptolemy.util.test.junit.AutoTests" name="[20] /home/travis/build/icyphy/ptII/ptolemy/domains/de/test/auto/DepthTest2.xml (RunModel)" time="0.011" />
  <testcase classname="ptolemy.util.test.junit.AutoTests" name="[21] /home/travis/build/icyphy/ptII/ptolemy/domains/de/test/auto/DepthTest3.xml (RunModel)" time="0.005" />
  <testcase classname="ptolemy.util.test.junit.AutoTests" name="[22] /home/travis/build/icyphy/ptII/ptolemy/domains/de/test/auto/DepthTest4.xml (RunModel)" time="0.007" />
  <testcase classname="ptolemy.util.test.junit.AutoTests" name="[23] /home/travis/build/icyphy/ptII/ptolemy/domains/de/test/auto/DepthTest5.xml (RunModel)" time="0.009" />
  <testcase classname="ptolemy.util.test.junit.AutoTests" name="[24] /home/travis/build/icyphy/ptII/ptolemy/domains/de/test/auto/DepthTest6.xml (RunModel)" time="0.014" />
  <testcase classname="ptolemy.util.test.junit.AutoTests" name="[25] /home/travis/build/icyphy/ptII/ptolemy/domains/de/test/auto/DepthTest7.xml (RunModel)" time="0.021" />
  <testcase classname="ptolemy.util.test.junit.AutoTests" name="[26] /home/travis/build/icyphy/ptII/ptolemy/domains/de/test/auto/EventToDate.xml (RunModel)" time="3.027" />
  <testcase classname="ptolemy.util.test.junit.AutoTests" name="[27] /home/travis/build/icyphy/ptII/ptolemy/domains/de/test/auto/FSM1.xml (RunModel)" time="0.044" />
  <testcase classname="ptolemy.util.test.junit.AutoTests" name="[28] /home/travis/build/icyphy/ptII/ptolemy/domains/de/test/auto/FSM7.xml (RunModel)" time="0.037" />
  <testcase classname="ptolemy.util.test.junit.AutoTests" name="[29] /home/travis/build/icyphy/ptII/ptolemy/domains/de/test/auto/Inspection.xml (RunModel)" time="0.029" />
  <testcase classname="ptolemy.util.test.junit.AutoTests" name="[30] /home/travis/build/icyphy/ptII/ptolemy/domains/de/test/auto/Iteration.xml (RunModel)" time="0.016" />
  <testcase classname="ptolemy.util.test.junit.AutoTests" name="[31] /home/travis/build/icyphy/ptII/ptolemy/domains/de/test/auto/LineFault.xml (RunModel)" time="0.481" />
  <testcase classname="ptolemy.util.test.junit.AutoTests" name="[32] /home/travis/build/icyphy/ptII/ptolemy/domains/de/test/auto/MergeModel1Add.xml (RunModel)" time="0.037" />
  <testcase classname="ptolemy.util.test.junit.AutoTests" name="[33] /home/travis/build/icyphy/ptII/ptolemy/domains/de/test/auto/MergeModel2Add.xml (RunModel)" time="0.038" />
  <testcase classname="ptolemy.util.test.junit.AutoTests" name="[34] /home/travis/build/icyphy/ptII/ptolemy/domains/de/test/auto/MergeModel3Add.xml (RunModel)" time="0.038" />
  <testcase classname="ptolemy.util.test.junit.AutoTests" name="[35] /home/travis/build/icyphy/ptII/ptolemy/domains/de/test/auto/MergeWithoutDiscard.xml (RunModel)" time="0.009" />
  <testcase classname="ptolemy.util.test.junit.AutoTests" name="[36] /home/travis/build/icyphy/ptII/ptolemy/domains/de/test/auto/Modal1.xml (RunModel)" time="0.024" />
  <testcase classname="ptolemy.util.test.junit.AutoTests" name="[37] /home/travis/build/icyphy/ptII/ptolemy/domains/de/test/auto/Modal2.xml (RunModel)" time="0.027" />
  <testcase classname="ptolemy.util.test.junit.AutoTests" name="[38] /home/travis/build/icyphy/ptII/ptolemy/domains/de/test/auto/Modal3.xml (RunModel)" time="0.029" />
  <testcase classname="ptolemy.util.test.junit.AutoTests" name="[39] /home/travis/build/icyphy/ptII/ptolemy/domains/de/test/auto/Modal4.xml (RunModel)" time="0.028" />
  <testcase classname="ptolemy.util.test.junit.AutoTests" name="[40] /home/travis/build/icyphy/ptII/ptolemy/domains/de/test/auto/Modal5.xml (RunModel)" time="0.028" />
  <testcase classname="ptolemy.util.test.junit.AutoTests" name="[41] /home/travis/build/icyphy/ptII/ptolemy/domains/de/test/auto/Modal6.xml (RunModel)" time="0.034" />
  <testcase classname="ptolemy.util.test.junit.AutoTests" name="[42] /home/travis/build/icyphy/ptII/ptolemy/domains/de/test/auto/Modal7.xml (RunModel)" time="0.033" />
  <testcase classname="ptolemy.util.test.junit.AutoTests" name="[43] /home/travis/build/icyphy/ptII/ptolemy/domains/de/test/auto/ModalModel.xml (RunModel)" time="0.149" />
  <testcase classname="ptolemy.util.test.junit.AutoTests" name="[44] /home/travis/build/icyphy/ptII/ptolemy/domains/de/test/auto/ModalSource.xml (RunModel)" time="0.013" />
  <testcase classname="ptolemy.util.test.junit.AutoTests" name="[45] /home/travis/build/icyphy/ptII/ptolemy/domains/de/test/auto/NonInterruptibleTimerZeroDelay.xml (RunModel)" time="0.011" />
  <testcase classname="ptolemy.util.test.junit.AutoTests" name="[46] /home/travis/build/icyphy/ptII/ptolemy/domains/de/test/auto/OpenQueueingNetwork.xml (RunModel)" time="2.037" />
  <testcase classname="ptolemy.util.test.junit.AutoTests" name="[47] /home/travis/build/icyphy/ptII/ptolemy/domains/de/test/auto/OpenQueuingNetwork.xml (RunModel)" time="0.243" />
  <testcase classname="ptolemy.util.test.junit.AutoTests" name="[48] /home/travis/build/icyphy/ptII/ptolemy/domains/de/test/auto/PeriodicSampler.xml (RunModel)" time="0.009" />
  <testcase classname="ptolemy.util.test.junit.AutoTests" name="[49] /home/travis/build/icyphy/ptII/ptolemy/domains/de/test/auto/PersistentIO.xml (RunModel)" time="0.02" />
  <testcase classname="ptolemy.util.test.junit.AutoTests" name="[50] /home/travis/build/icyphy/ptII/ptolemy/domains/de/test/auto/PortParameterResetOnInitialize.xml (RunModel)" time="0.009" />
  <testcase classname="ptolemy.util.test.junit.AutoTests" name="[51] /home/travis/build/icyphy/ptII/ptolemy/domains/de/test/auto/PortParameterUpdates.xml (RunModel)" time="0.014" />
  <testcase classname="ptolemy.util.test.junit.AutoTests" name="[52] /home/travis/build/icyphy/ptII/ptolemy/domains/de/test/auto/QueueAndServer.xml (RunModel)" time="0.019" />
  <testcase classname="ptolemy.util.test.junit.AutoTests" name="[53] /home/travis/build/icyphy/ptII/ptolemy/domains/de/test/auto/Records.xml (RunModel)" time="0.021" />
  <testcase classname="ptolemy.util.test.junit.AutoTests" name="[54] /home/travis/build/icyphy/ptII/ptolemy/domains/de/test/auto/ResetTransitionWithStartTime1.xml (RunModel)" time="0.019" />
  <testcase classname="ptolemy.util.test.junit.AutoTests" name="[55] /home/travis/build/icyphy/ptII/ptolemy/domains/de/test/auto/ResetTransitionWithStartTime2.xml (RunModel)" time="0.022" />
  <testcase classname="ptolemy.util.test.junit.AutoTests" name="[56] /home/travis/build/icyphy/ptII/ptolemy/domains/de/test/auto/ResetTransitionWithStartTime3.xml (RunModel)" time="0.02" />
  <testcase classname="ptolemy.util.test.junit.AutoTests" name="[57] /home/travis/build/icyphy/ptII/ptolemy/domains/de/test/auto/ResetTransitionWithStartTime4.xml (RunModel)" time="0.021" />
  <testcase classname="ptolemy.util.test.junit.AutoTests" name="[58] /home/travis/build/icyphy/ptII/ptolemy/domains/de/test/auto/ResettableTimer1.xml (RunModel)" time="0.01" />
  <testcase classname="ptolemy.util.test.junit.AutoTests" name="[59] /home/travis/build/icyphy/ptII/ptolemy/domains/de/test/auto/ResettableTimer2.xml (RunModel)" time="0.013" />
  <testcase classname="ptolemy.util.test.junit.AutoTests" name="[60] /home/travis/build/icyphy/ptII/ptolemy/domains/de/test/auto/ResettableTimer3.xml (RunModel)" time="0.009" />
  <testcase classname="ptolemy.util.test.junit.AutoTests" name="[61] /home/travis/build/icyphy/ptII/ptolemy/domains/de/test/auto/ResettableTimer4.xml (RunModel)" time="0.009" />
  <testcase classname="ptolemy.util.test.junit.AutoTests" name="[62] /home/travis/build/icyphy/ptII/ptolemy/domains/de/test/auto/ResettableTimer5.xml (RunModel)" time="0.009" />
  <testcase classname="ptolemy.util.test.junit.AutoTests" name="[63] /home/travis/build/icyphy/ptII/ptolemy/domains/de/test/auto/ResettableTimer6.xml (RunModel)" time="0.021" />
  <testcase classname="ptolemy.util.test.junit.AutoTests" name="[64] /home/travis/build/icyphy/ptII/ptolemy/domains/de/test/auto/ServerZeroDelay.xml (RunModel)" time="0.014" />
  <testcase classname="ptolemy.util.test.junit.AutoTests" name="[65] /home/travis/build/icyphy/ptII/ptolemy/domains/de/test/auto/SmartSender.xml (RunModel)" time="3.013" />
  <testcase classname="ptolemy.util.test.junit.AutoTests" name="[66] /home/travis/build/icyphy/ptII/ptolemy/domains/de/test/auto/ThreadedComposite.xml (RunModel)" time="0.196" />
  <testcase classname="ptolemy.util.test.junit.AutoTests" name="[67] /home/travis/build/icyphy/ptII/ptolemy/domains/de/test/auto/Time.xml (RunModel)" time="0.477" />
  <testcase classname="ptolemy.util.test.junit.AutoTests" name="[68] /home/travis/build/icyphy/ptII/ptolemy/domains/de/test/auto/TimeDelayZeroDelay.xml (RunModel)" time="0.012" />
  <testcase classname="ptolemy.util.test.junit.AutoTests" name="[69] /home/travis/build/icyphy/ptII/ptolemy/domains/de/test/auto/TimerZeroDelay.xml (RunModel)" time="0.01" />
  <testcase classname="ptolemy.util.test.junit.AutoTests" name="[70] /home/travis/build/icyphy/ptII/ptolemy/domains/de/test/auto/TimingParadox.xml (RunModel)" time="0.353" />
  <testcase classname="ptolemy.util.test.junit.AutoTests" name="[71] /home/travis/build/icyphy/ptII/ptolemy/domains/de/test/auto/TransferInputs.xml (RunModel)" time="0.013" />
  <testcase classname="ptolemy.util.test.junit.AutoTests" name="[72] /home/travis/build/icyphy/ptII/ptolemy/domains/de/test/auto/TransferOutputs2.xml (RunModel)" time="0.016" />
  <testcase classname="ptolemy.util.test.junit.AutoTests" name="[73] /home/travis/build/icyphy/ptII/ptolemy/domains/de/test/auto/Trilateration.xml (RunModel)" time="11.36" />
  <testcase classname="ptolemy.util.test.junit.AutoTests" name="[74] /home/travis/build/icyphy/ptII/ptolemy/domains/de/test/auto/TwoSigmaDelta.xml (RunModel)" time="2.101" />
  <testcase classname="ptolemy.util.test.junit.AutoTests" name="[75] /home/travis/build/icyphy/ptII/ptolemy/domains/de/test/auto/VariableDelay.xml (RunModel)" time="0.012" />
  <testcase classname="ptolemy.util.test.junit.AutoTests" name="[76] /home/travis/build/icyphy/ptII/ptolemy/domains/de/test/auto/VariableDelay2.xml (RunModel)" time="0.008" />
  <testcase classname="ptolemy.util.test.junit.AutoTests" name="[77] /home/travis/build/icyphy/ptII/ptolemy/domains/de/test/auto/VariableDelayZeroDelay.xml (RunModel)" time="0.012" />
  <testcase classname="ptolemy.util.test.junit.AutoTests" name="[78] /home/travis/build/icyphy/ptII/ptolemy/domains/de/test/auto/VariableDelayZeroDelay2.xml (RunModel)" time="0.017" />
  <testcase classname="ptolemy.util.test.junit.AutoTests" name="[79] /home/travis/build/icyphy/ptII/ptolemy/domains/de/test/auto/deInCt.xml (RunModel)" time="0.02" />
  <testcase classname="ptolemy.util.test.junit.AutoTests" name="[80] /home/travis/build/icyphy/ptII/ptolemy/domains/de/test/auto/deInCt2.xml (RunModel)" time="0.015" />
  <testcase classname="ptolemy.util.test.junit.AutoTests" name="[81] /home/travis/build/icyphy/ptII/ptolemy/domains/de/test/auto/dynamicCausalityInterface1.xml (RunModel)" time="0.024" />
  <testcase classname="ptolemy.util.test.junit.AutoTests" name="[82] /home/travis/build/icyphy/ptII/ptolemy/domains/de/test/auto/fsm_de_test.xml (RunModel)" time="0.033" />
  <testcase classname="ptolemy.util.test.junit.AutoTests" name="[83] /home/travis/build/icyphy/ptII/ptolemy/domains/de/test/auto/functionDependencyReconstruction.xml (RunModel)" time="0.033" />
  <testcase classname="ptolemy.util.test.junit.AutoTests" name="[84] /home/travis/build/icyphy/ptII/ptolemy/domains/de/test/auto/multirate.xml (RunModel)" time="0.016" />
  <testcase classname="ptolemy.util.test.junit.AutoTests" name="[85] /home/travis/build/icyphy/ptII/ptolemy/domains/de/test/auto/multirate2.xml (RunModel)" time="0.016" />
  <testcase classname="ptolemy.util.test.junit.AutoTests" name="[86] /home/travis/build/icyphy/ptII/ptolemy/domains/de/test/auto/realtime.xml (RunModel)" time="10.016" />
  <testcase classname="ptolemy.util.test.junit.AutoTests" name="[87] /home/travis/build/icyphy/ptII/ptolemy/domains/de/test/auto/relationGroup.xml (RunModel)" time="0.007" />
  <testcase classname="ptolemy.util.test.junit.AutoTests" name="[88] /home/travis/build/icyphy/ptII/ptolemy/domains/de/test/auto/relationGroup2.xml (RunModel)" time="0.005" />
  <testcase classname="ptolemy.util.test.junit.AutoTests" name="[89] /home/travis/build/icyphy/ptII/ptolemy/domains/de/test/auto/sortWithOpaquePorts.xml (RunModel)" time="0.007" />
  <testcase classname="ptolemy.util.test.junit.AutoTests" name="[90] /home/travis/build/icyphy/ptII/ptolemy/domains/de/test/auto/transferInputsandOutputs.xml (RunModel)" time="0.013" />
  <testcase classname="ptolemy.util.test.junit.AutoTests" name="[91] /home/travis/build/icyphy/ptII/ptolemy/domains/de/test/auto/triggerType.xml (RunModel)" time="0.013" />
  <system-out><![CDATA[/home/travis/build/icyphy/ptII/ptolemy/domains/de/test/DependencyLoop.tcl
testDefs.tcl: setting time out to 9000 seconds at Tue Jun 12 00:09:39 UTC 2018
18 ms. Memory: 116224K Free: 95103K (82%)
6 ms. Memory: 146944K Free: 137818K (94%)
/home/travis/build/icyphy/ptII/ptolemy/domains/de/test/RunDETestsAsQSS.tcl
Run the DE tests using ptolemy.domains.qss.test.QSSDirectorTest, which extends QSSDirector and prints a message in the constructors.
------------------ testing $PTII/ptolemy/domains/de/test/auto/knownFailedTests/dependencyLoop.xml (Known Failure) 
7 ms. Memory: 146944K Free: 133549K (91%)


==== $PTIIhome/travis/build/icyphy/ptII/ptolemy/domains/de/test/../../../../: Auto Automatic test in file $PTII/ptolemy/domains/de/test/auto/knownFailedTests/dependencyLoop.xml
==== Contents of test case:

	    # FIXME: we should use $relativeFilename here, but it
	    # might have backslashes under Windows, which causes no end
	    # of trouble.
	    createAndExecute $file
	    list {}
	
.... Test generated KNOWN error:
    while executing
ptolemy.kernel.util.IllegalActionException: Found a zero delay loop containing .dependencyLoop.original
  in .dependencyLoop and .dependencyLoop.original
	at ptolemy.actor.util.CausalityInterfaceForComposites._computeOutputPortDepth(CausalityInterfaceForComposites.java:759)
	at ptolemy.actor.util.CausalityInterfaceForComposites._computeInputDepth(CausalityInterfaceForComposites.java:696)
	at ptolemy.actor.util.CausalityInterfaceForComposites._computeOutputPortDepth(CausalityInterfaceForComposites.java:765)
	at ptolemy.actor.util.CausalityInterfaceForComposites._computeInputDepth(CausalityInterfaceForComposites.java:696)
	at ptolemy.actor.util.CausalityInterfaceForComposites._computeOutputPortDepth(CausalityInterfaceForComposites.java:765)
	at ptolemy.actor.util.CausalityInterfaceForComposites._computeInputDepth(CausalityInterfaceForComposites.java:696)
	at ptolemy.actor.util.CausalityInterfaceForComposites._computeActorDepth(CausalityInterfaceForComposites.java:532)
	at ptolemy.actor.util.CausalityInterfaceForComposites.checkForCycles(CausalityInterfaceForComposites.java:96)
	at ptolemy.domains.de.kernel.DEDirector.preinitialize(DEDirector.java:1338)
	at ptolemy.actor.CompositeActor.preinitialize(CompositeActor.java:1828)
	at ptolemy.actor.Manager.preinitializeAndResolveTypes(Manager.java:1040)
	at ptolemy.actor.Manager.initialize(Manager.java:710)
	at ptolemy.actor.Manager.execute(Manager.java:356)
	at ptolemy.actor.Manager.run(Manager.java:1263)
	at ptolemy.actor.Manager$PtolemyRunThread.run(Manager.java:1915)

    while executing
ptolemy.kernel.util.IllegalActionException: Found a zero delay loop containing .dependencyLoop.original
  in .dependencyLoop and .dependencyLoop.original
    while executing
"java::new ptolemy.moml.MoMLSimpleApplication $file
"
    (procedure "createAndExecute" line 2)
    invoked from within
"createAndExecute $file"
    ("uplevel" body line 5)
    invoked from within
"uplevel $contents_of_test"
------------------ testing $PTII/ptolemy/domains/de/test/auto/knownFailedTests/DESDFClockTest.xml (Known Failure) 
2080 ms. Memory: 146944K Free: 117707K (80%)


==== $PTIIhome/travis/build/icyphy/ptII/ptolemy/domains/de/test/../../../../: Auto Automatic test in file $PTII/ptolemy/domains/de/test/auto/knownFailedTests/DESDFClockTest.xml
==== Contents of test case:

	    # FIXME: we should use $relativeFilename here, but it
	    # might have backslashes under Windows, which causes no end
	    # of trouble.
	    createAndExecute $file
	    list {}
	
.... Test generated KNOWN error:
    while executing
ptolemy.kernel.util.IllegalActionException: Actor is not ready to fire.  Perhaps UpSample.prefire() returned false? Try debugging the actor by selecting "Listen to Actor".  Also, for SDF check moml for tokenConsumptionRate on input.
  in .DESDFClockTest.Play Bell.Copy1:SDF Director and .DESDFClockTest.Play Bell.UpSample
	at ptolemy.actor.sched.StaticSchedulingDirector.fire(StaticSchedulingDirector.java:227)
	at ptolemy.domains.sdf.kernel.SDFDirector.fire(SDFDirector.java:500)
	at ptolemy.actor.CompositeActor.fire(CompositeActor.java:455)
	at ptolemy.domains.de.kernel.DEDirector._fire(DEDirector.java:1949)
	at ptolemy.domains.de.kernel.DEDirector.fire(DEDirector.java:502)
	at ptolemy.actor.CompositeActor.fire(CompositeActor.java:455)
	at ptolemy.actor.Manager.iterate(Manager.java:851)
	at ptolemy.actor.Manager.execute(Manager.java:369)
	at ptolemy.actor.Manager.run(Manager.java:1263)
	at ptolemy.actor.Manager$PtolemyRunThread.run(Manager.java:1915)

    while executing
ptolemy.kernel.util.IllegalActionException: Actor is not ready to fire.  Perhaps UpSample.prefire() returned false? Try debugging the actor by selecting "Listen to Actor".  Also, for SDF check moml for tokenConsumptionRate on input.
  in .DESDFClockTest.Play Bell.Copy1:SDF Director and .DESDFClockTest.Play Bell.UpSample
    while executing
"java::new ptolemy.moml.MoMLSimpleApplication $file
"
    (procedure "createAndExecute" line 2)
    invoked from within
"createAndExecute $file"
    ("uplevel" body line 5)
    invoked from within
"uplevel $contents_of_test"
------------------ testing $PTII/ptolemy/domains/de/test/auto/knownFailedTests/FSMSource.xml (Known Failure) 
45 ms. Memory: 146944K Free: 108710K (74%)
!!!! Auto was marked as failing, but now passes
------------------ testing $PTII/ptolemy/domains/de/test/auto/knownFailedTests/dependencyLoop2.xml (Known Failure) 
8 ms. Memory: 146944K Free: 106827K (73%)


==== $PTIIhome/travis/build/icyphy/ptII/ptolemy/domains/de/test/../../../../: Auto Automatic test in file $PTII/ptolemy/domains/de/test/auto/knownFailedTests/dependencyLoop2.xml
==== Contents of test case:

	    # FIXME: we should use $relativeFilename here, but it
	    # might have backslashes under Windows, which causes no end
	    # of trouble.
	    createAndExecute $file
	    list {}
	
.... Test generated KNOWN error:
    while executing
ptolemy.kernel.util.IllegalActionException: Found a zero delay loop containing .dependencyLoop2.original
  in .dependencyLoop2 and .dependencyLoop2.original
	at ptolemy.actor.util.CausalityInterfaceForComposites._computeOutputPortDepth(CausalityInterfaceForComposites.java:759)
	at ptolemy.actor.util.CausalityInterfaceForComposites._computeInputDepth(CausalityInterfaceForComposites.java:696)
	at ptolemy.actor.util.CausalityInterfaceForComposites._computeOutputPortDepth(CausalityInterfaceForComposites.java:765)
	at ptolemy.actor.util.CausalityInterfaceForComposites._computeInputDepth(CausalityInterfaceForComposites.java:696)
	at ptolemy.actor.util.CausalityInterfaceForComposites._computeOutputPortDepth(CausalityInterfaceForComposites.java:765)
	at ptolemy.actor.util.CausalityInterfaceForComposites._computeInputDepth(CausalityInterfaceForComposites.java:696)
	at ptolemy.actor.util.CausalityInterfaceForComposites._computeActorDepth(CausalityInterfaceForComposites.java:532)
	at ptolemy.actor.util.CausalityInterfaceForComposites.checkForCycles(CausalityInterfaceForComposites.java:96)
	at ptolemy.domains.de.kernel.DEDirector.preinitialize(DEDirector.java:1338)
	at ptolemy.actor.CompositeActor.preinitialize(CompositeActor.java:1828)
	at ptolemy.actor.Manager.preinitializeAndResolveTypes(Manager.java:1040)
	at ptolemy.actor.Manager.initialize(Manager.java:710)
	at ptolemy.actor.Manager.execute(Manager.java:356)
	at ptolemy.actor.Manager.run(Manager.java:1263)
	at ptolemy.actor.Manager$PtolemyRunThread.run(Manager.java:1915)

    while executing
ptolemy.kernel.util.IllegalActionException: Found a zero delay loop containing .dependencyLoop2.original
  in .dependencyLoop2 and .dependencyLoop2.original
    while executing
"java::new ptolemy.moml.MoMLSimpleApplication $file
"
    (procedure "createAndExecute" line 2)
    invoked from within
"createAndExecute $file"
    ("uplevel" body line 5)
    invoked from within
"uplevel $contents_of_test"
------------------ testing $PTII/ptolemy/domains/de/test/auto/knownFailedTests/HierarchicalModel.xml (Known Failure) 
6 ms. Memory: 146944K Free: 85241K (58%)


==== $PTIIhome/travis/build/icyphy/ptII/ptolemy/domains/de/test/../../../../: Auto Automatic test in file $PTII/ptolemy/domains/de/test/auto/knownFailedTests/HierarchicalModel.xml
==== Contents of test case:

	    # FIXME: we should use $relativeFilename here, but it
	    # might have backslashes under Windows, which causes no end
	    # of trouble.
	    createAndExecute $file
	    list {}
	
.... Test generated KNOWN error:
    while executing
ptolemy.kernel.util.IllegalActionException: Found a zero delay loop containing .HierarchicalModel.A
  in .HierarchicalModel and .HierarchicalModel.A
	at ptolemy.actor.util.CausalityInterfaceForComposites._computeOutputPortDepth(CausalityInterfaceForComposites.java:759)
	at ptolemy.actor.util.CausalityInterfaceForComposites._computeInputDepth(CausalityInterfaceForComposites.java:696)
	at ptolemy.actor.util.CausalityInterfaceForComposites._computeOutputPortDepth(CausalityInterfaceForComposites.java:765)
	at ptolemy.actor.util.CausalityInterfaceForComposites._computeInputDepth(CausalityInterfaceForComposites.java:696)
	at ptolemy.actor.util.CausalityInterfaceForComposites._computeOutputPortDepth(CausalityInterfaceForComposites.java:765)
	at ptolemy.actor.util.CausalityInterfaceForComposites._computeInputDepth(CausalityInterfaceForComposites.java:696)
	at ptolemy.actor.util.CausalityInterfaceForComposites._computeActorDepth(CausalityInterfaceForComposites.java:532)
	at ptolemy.actor.util.CausalityInterfaceForComposites.checkForCycles(CausalityInterfaceForComposites.java:96)
	at ptolemy.domains.de.kernel.DEDirector.preinitialize(DEDirector.java:1338)
	at ptolemy.actor.CompositeActor.preinitialize(CompositeActor.java:1828)
	at ptolemy.actor.Manager.preinitializeAndResolveTypes(Manager.java:1040)
	at ptolemy.actor.Manager.initialize(Manager.java:710)
	at ptolemy.actor.Manager.execute(Manager.java:356)
	at ptolemy.actor.Manager.run(Manager.java:1263)
	at ptolemy.actor.Manager$PtolemyRunThread.run(Manager.java:1915)

    while executing
ptolemy.kernel.util.IllegalActionException: Found a zero delay loop containing .HierarchicalModel.A
  in .HierarchicalModel and .HierarchicalModel.A
    while executing
"java::new ptolemy.moml.MoMLSimpleApplication $file
"
    (procedure "createAndExecute" line 2)
    invoked from within
"createAndExecute $file"
    ("uplevel" body line 5)
    invoked from within
"uplevel $contents_of_test"
------------------ testing $PTII/ptolemy/domains/de/test/auto/knownFailedTests/DirectFeedback.xml (Known Failure) 
21 ms. Memory: 146944K Free: 142294K (97%)


==== $PTIIhome/travis/build/icyphy/ptII/ptolemy/domains/de/test/../../../../: Auto Automatic test in file $PTII/ptolemy/domains/de/test/auto/knownFailedTests/DirectFeedback.xml
==== Contents of test case:

	    # FIXME: we should use $relativeFilename here, but it
	    # might have backslashes under Windows, which causes no end
	    # of trouble.
	    createAndExecute $file
	    list {}
	
.... Test generated KNOWN error:
    while executing
ptolemy.kernel.util.IllegalActionException: Test fails in iteration 1.
Value was: 1.0. Should have been: 2.0
  in .DirectFeedback.Test
	at ptolemy.actor.lib.Test.fire(Test.java:268)
	at ptolemy.domains.de.kernel.DEDirector._fire(DEDirector.java:1949)
	at ptolemy.domains.de.kernel.DEDirector.fire(DEDirector.java:502)
	at ptolemy.actor.CompositeActor.fire(CompositeActor.java:455)
	at ptolemy.actor.Manager.iterate(Manager.java:851)
	at ptolemy.actor.Manager.execute(Manager.java:369)
	at ptolemy.actor.Manager.run(Manager.java:1263)
	at ptolemy.actor.Manager$PtolemyRunThread.run(Manager.java:1915)

    while executing
ptolemy.kernel.util.IllegalActionException: Test fails in iteration 1.
Value was: 1.0. Should have been: 2.0
  in .DirectFeedback.Test
    while executing
"java::new ptolemy.moml.MoMLSimpleApplication $file
"
    (procedure "createAndExecute" line 2)
    invoked from within
"createAndExecute $file"
    ("uplevel" body line 5)
    invoked from within
"uplevel $contents_of_test"
------------------ testing $PTII/ptolemy/domains/de/test/auto/ActorDepthCalculation_actorWithoutPorts.xml
auto.tcl: Setting watchdog for 200 seconds at Tue Jun 12 00:09:42 UTC 2018
5 ms. Memory: 146944K Free: 133648K (91%)
ptolemy.util.test.WatchDog.cancel(): canceling Tue Jun 12 00:09:42 UTC 2018
auto.tcl: Setting watchdog for 200 seconds at Tue Jun 12 00:09:42 UTC 2018
4 ms. Memory: 146944K Free: 132618K (90%)
ptolemy.util.test.WatchDog.cancel(): canceling Tue Jun 12 00:09:42 UTC 2018
------------------ testing $PTII/ptolemy/domains/de/test/auto/AssemblyLine.xml
auto.tcl: Setting watchdog for 200 seconds at Tue Jun 12 00:09:42 UTC 2018
26 ms. Memory: 208384K Free: 182855K (88%)
ptolemy.util.test.WatchDog.cancel(): canceling Tue Jun 12 00:09:43 UTC 2018
auto.tcl: Setting watchdog for 200 seconds at Tue Jun 12 00:09:43 UTC 2018
16 ms. Memory: 208384K Free: 182855K (88%)
ptolemy.util.test.WatchDog.cancel(): canceling Tue Jun 12 00:09:43 UTC 2018
------------------ testing $PTII/ptolemy/domains/de/test/auto/CQBug1.xml
auto.tcl: Setting watchdog for 200 seconds at Tue Jun 12 00:09:43 UTC 2018
16 ms. Memory: 208384K Free: 197726K (95%)
ptolemy.util.test.WatchDog.cancel(): canceling Tue Jun 12 00:09:43 UTC 2018
auto.tcl: Setting watchdog for 200 seconds at Tue Jun 12 00:09:43 UTC 2018
2 ms. Memory: 208384K Free: 197726K (95%)
ptolemy.util.test.WatchDog.cancel(): canceling Tue Jun 12 00:09:43 UTC 2018
------------------ testing $PTII/ptolemy/domains/de/test/auto/CancelFireAt.xml
auto.tcl: Setting watchdog for 200 seconds at Tue Jun 12 00:09:43 UTC 2018
3 ms. Memory: 208384K Free: 201445K (97%)
ptolemy.util.test.WatchDog.cancel(): canceling Tue Jun 12 00:09:43 UTC 2018
auto.tcl: Setting watchdog for 200 seconds at Tue Jun 12 00:09:43 UTC 2018
2 ms. Memory: 208384K Free: 199347K (96%)
ptolemy.util.test.WatchDog.cancel(): canceling Tue Jun 12 00:09:43 UTC 2018
------------------ testing $PTII/ptolemy/domains/de/test/auto/CausalityAndComposabilityAnalysis.xml
auto.tcl: Setting watchdog for 200 seconds at Tue Jun 12 00:09:43 UTC 2018
8 ms. Memory: 208384K Free: 196846K (94%)
ptolemy.util.test.WatchDog.cancel(): canceling Tue Jun 12 00:09:43 UTC 2018
auto.tcl: Setting watchdog for 200 seconds at Tue Jun 12 00:09:43 UTC 2018
10 ms. Memory: 208384K Free: 196846K (94%)
ptolemy.util.test.WatchDog.cancel(): canceling Tue Jun 12 00:09:43 UTC 2018
------------------ testing $PTII/ptolemy/domains/de/test/auto/CausalityInterface1.xml
auto.tcl: Setting watchdog for 200 seconds at Tue Jun 12 00:09:43 UTC 2018
17 ms. Memory: 208384K Free: 196447K (94%)
ptolemy.util.test.WatchDog.cancel(): canceling Tue Jun 12 00:09:43 UTC 2018
auto.tcl: Setting watchdog for 200 seconds at Tue Jun 12 00:09:43 UTC 2018
5 ms. Memory: 208384K Free: 196447K (94%)
ptolemy.util.test.WatchDog.cancel(): canceling Tue Jun 12 00:09:43 UTC 2018
------------------ testing $PTII/ptolemy/domains/de/test/auto/CausalityInterface15.xml
auto.tcl: Setting watchdog for 200 seconds at Tue Jun 12 00:09:43 UTC 2018
11 ms. Memory: 208384K Free: 196435K (94%)
ptolemy.util.test.WatchDog.cancel(): canceling Tue Jun 12 00:09:43 UTC 2018
auto.tcl: Setting watchdog for 200 seconds at Tue Jun 12 00:09:43 UTC 2018
4 ms. Memory: 208384K Free: 196435K (94%)
ptolemy.util.test.WatchDog.cancel(): canceling Tue Jun 12 00:09:43 UTC 2018
------------------ testing $PTII/ptolemy/domains/de/test/auto/CausalityInterface2.xml
auto.tcl: Setting watchdog for 200 seconds at Tue Jun 12 00:09:43 UTC 2018
9 ms. Memory: 208384K Free: 196419K (94%)
ptolemy.util.test.WatchDog.cancel(): canceling Tue Jun 12 00:09:43 UTC 2018
auto.tcl: Setting watchdog for 200 seconds at Tue Jun 12 00:09:43 UTC 2018
3 ms. Memory: 208384K Free: 196419K (94%)
ptolemy.util.test.WatchDog.cancel(): canceling Tue Jun 12 00:09:43 UTC 2018
------------------ testing $PTII/ptolemy/domains/de/test/auto/CausalityInterface3.xml
auto.tcl: Setting watchdog for 200 seconds at Tue Jun 12 00:09:43 UTC 2018
7 ms. Memory: 208384K Free: 196431K (94%)
ptolemy.util.test.WatchDog.cancel(): canceling Tue Jun 12 00:09:43 UTC 2018
auto.tcl: Setting watchdog for 200 seconds at Tue Jun 12 00:09:43 UTC 2018
6 ms. Memory: 208384K Free: 196431K (94%)
ptolemy.util.test.WatchDog.cancel(): canceling Tue Jun 12 00:09:43 UTC 2018
------------------ testing $PTII/ptolemy/domains/de/test/auto/ClockDrift.xml
auto.tcl: Setting watchdog for 200 seconds at Tue Jun 12 00:09:43 UTC 2018
110 ms. Memory: 208384K Free: 187666K (90%)
ptolemy.util.test.WatchDog.cancel(): canceling Tue Jun 12 00:09:44 UTC 2018
auto.tcl: Setting watchdog for 200 seconds at Tue Jun 12 00:09:44 UTC 2018
70 ms. Memory: 208384K Free: 185568K (89%)
ptolemy.util.test.WatchDog.cancel(): canceling Tue Jun 12 00:09:44 UTC 2018
------------------ testing $PTII/ptolemy/domains/de/test/auto/ClockDriftAndValueChange.xml
auto.tcl: Setting watchdog for 200 seconds at Tue Jun 12 00:09:44 UTC 2018
54 ms. Memory: 208384K Free: 187495K (90%)
ptolemy.util.test.WatchDog.cancel(): canceling Tue Jun 12 00:09:44 UTC 2018
auto.tcl: Setting watchdog for 200 seconds at Tue Jun 12 00:09:44 UTC 2018
34 ms. Memory: 208384K Free: 185396K (89%)
ptolemy.util.test.WatchDog.cancel(): canceling Tue Jun 12 00:09:44 UTC 2018
------------------ testing $PTII/ptolemy/domains/de/test/auto/ClockDriftChange.xml
auto.tcl: Setting watchdog for 200 seconds at Tue Jun 12 00:09:44 UTC 2018
39 ms. Memory: 208384K Free: 190820K (92%)
ptolemy.util.test.WatchDog.cancel(): canceling Tue Jun 12 00:09:44 UTC 2018
auto.tcl: Setting watchdog for 200 seconds at Tue Jun 12 00:09:44 UTC 2018
23 ms. Memory: 208384K Free: 188721K (91%)
ptolemy.util.test.WatchDog.cancel(): canceling Tue Jun 12 00:09:44 UTC 2018
------------------ testing $PTII/ptolemy/domains/de/test/auto/ComposableCausalityAnalysis.xml
auto.tcl: Setting watchdog for 200 seconds at Tue Jun 12 00:09:44 UTC 2018
2 ms. Memory: 208384K Free: 196038K (94%)
ptolemy.util.test.WatchDog.cancel(): canceling Tue Jun 12 00:09:44 UTC 2018
auto.tcl: Setting watchdog for 200 seconds at Tue Jun 12 00:09:44 UTC 2018
2 ms. Memory: 208384K Free: 193939K (93%)
ptolemy.util.test.WatchDog.cancel(): canceling Tue Jun 12 00:09:44 UTC 2018
------------------ testing $PTII/ptolemy/domains/de/test/auto/DEFixedPointLimitation.xml
auto.tcl: Setting watchdog for 200 seconds at Tue Jun 12 00:09:44 UTC 2018
2 ms. Memory: 208384K Free: 196118K (94%)
ptolemy.util.test.WatchDog.cancel(): canceling Tue Jun 12 00:09:44 UTC 2018
auto.tcl: Setting watchdog for 200 seconds at Tue Jun 12 00:09:44 UTC 2018
2 ms. Memory: 208384K Free: 196118K (94%)
ptolemy.util.test.WatchDog.cancel(): canceling Tue Jun 12 00:09:44 UTC 2018
------------------ testing $PTII/ptolemy/domains/de/test/auto/DEScheduleTest.xml
auto.tcl: Setting watchdog for 200 seconds at Tue Jun 12 00:09:44 UTC 2018
8 ms. Memory: 208384K Free: 198252K (95%)
ptolemy.util.test.WatchDog.cancel(): canceling Tue Jun 12 00:09:44 UTC 2018
auto.tcl: Setting watchdog for 200 seconds at Tue Jun 12 00:09:44 UTC 2018
6 ms. Memory: 208384K Free: 196154K (94%)
ptolemy.util.test.WatchDog.cancel(): canceling Tue Jun 12 00:09:44 UTC 2018
------------------ testing $PTII/ptolemy/domains/de/test/auto/DEinDEwithStartTimes.xml
auto.tcl: Setting watchdog for 200 seconds at Tue Jun 12 00:09:44 UTC 2018
8 ms. Memory: 208384K Free: 196123K (94%)
ptolemy.util.test.WatchDog.cancel(): canceling Tue Jun 12 00:09:45 UTC 2018
auto.tcl: Setting watchdog for 200 seconds at Tue Jun 12 00:09:45 UTC 2018
4 ms. Memory: 208384K Free: 194025K (93%)
ptolemy.util.test.WatchDog.cancel(): canceling Tue Jun 12 00:09:45 UTC 2018
------------------ testing $PTII/ptolemy/domains/de/test/auto/DEinDEwithStartTimes2.xml
auto.tcl: Setting watchdog for 200 seconds at Tue Jun 12 00:09:45 UTC 2018
12 ms. Memory: 208384K Free: 196102K (94%)
ptolemy.util.test.WatchDog.cancel(): canceling Tue Jun 12 00:09:45 UTC 2018
auto.tcl: Setting watchdog for 200 seconds at Tue Jun 12 00:09:45 UTC 2018
5 ms. Memory: 208384K Free: 194004K (93%)
ptolemy.util.test.WatchDog.cancel(): canceling Tue Jun 12 00:09:45 UTC 2018
------------------ testing $PTII/ptolemy/domains/de/test/auto/DateDemo.xml
auto.tcl: Setting watchdog for 200 seconds at Tue Jun 12 00:09:45 UTC 2018
16 ms. Memory: 208384K Free: 188544K (90%)
ptolemy.util.test.WatchDog.cancel(): canceling Tue Jun 12 00:09:45 UTC 2018
auto.tcl: Setting watchdog for 200 seconds at Tue Jun 12 00:09:45 UTC 2018
10 ms. Memory: 208384K Free: 186446K (89%)
ptolemy.util.test.WatchDog.cancel(): canceling Tue Jun 12 00:09:45 UTC 2018
------------------ testing $PTII/ptolemy/domains/de/test/auto/DateToEvent.xml
auto.tcl: Setting watchdog for 200 seconds at Tue Jun 12 00:09:45 UTC 2018
2016 ms. Memory: 208384K Free: 183278K (88%)
ptolemy.util.test.WatchDog.cancel(): canceling Tue Jun 12 00:09:47 UTC 2018
auto.tcl: Setting watchdog for 200 seconds at Tue Jun 12 00:09:47 UTC 2018
2006 ms. Memory: 208384K Free: 180820K (87%)
ptolemy.util.test.WatchDog.cancel(): canceling Tue Jun 12 00:09:49 UTC 2018
------------------ testing $PTII/ptolemy/domains/de/test/auto/DepthTest1.xml
auto.tcl: Setting watchdog for 200 seconds at Tue Jun 12 00:09:49 UTC 2018
5 ms. Memory: 208384K Free: 197780K (95%)
ptolemy.util.test.WatchDog.cancel(): canceling Tue Jun 12 00:09:49 UTC 2018
auto.tcl: Setting watchdog for 200 seconds at Tue Jun 12 00:09:49 UTC 2018
2 ms. Memory: 208384K Free: 197780K (95%)
ptolemy.util.test.WatchDog.cancel(): canceling Tue Jun 12 00:09:49 UTC 2018
------------------ testing $PTII/ptolemy/domains/de/test/auto/DepthTest2.xml
auto.tcl: Setting watchdog for 200 seconds at Tue Jun 12 00:09:49 UTC 2018
3 ms. Memory: 208384K Free: 193984K (93%)
ptolemy.util.test.WatchDog.cancel(): canceling Tue Jun 12 00:09:49 UTC 2018
auto.tcl: Setting watchdog for 200 seconds at Tue Jun 12 00:09:49 UTC 2018
4 ms. Memory: 208384K Free: 193984K (93%)
ptolemy.util.test.WatchDog.cancel(): canceling Tue Jun 12 00:09:49 UTC 2018
------------------ testing $PTII/ptolemy/domains/de/test/auto/DepthTest3.xml
auto.tcl: Setting watchdog for 200 seconds at Tue Jun 12 00:09:49 UTC 2018
3 ms. Memory: 208384K Free: 198114K (95%)
ptolemy.util.test.WatchDog.cancel(): canceling Tue Jun 12 00:09:49 UTC 2018
auto.tcl: Setting watchdog for 200 seconds at Tue Jun 12 00:09:49 UTC 2018
1 ms. Memory: 208384K Free: 198114K (95%)
ptolemy.util.test.WatchDog.cancel(): canceling Tue Jun 12 00:09:49 UTC 2018
------------------ testing $PTII/ptolemy/domains/de/test/auto/DepthTest4.xml
auto.tcl: Setting watchdog for 200 seconds at Tue Jun 12 00:09:49 UTC 2018
4 ms. Memory: 208384K Free: 196103K (94%)
ptolemy.util.test.WatchDog.cancel(): canceling Tue Jun 12 00:09:49 UTC 2018
auto.tcl: Setting watchdog for 200 seconds at Tue Jun 12 00:09:49 UTC 2018
3 ms. Memory: 208384K Free: 196103K (94%)
ptolemy.util.test.WatchDog.cancel(): canceling Tue Jun 12 00:09:49 UTC 2018
------------------ testing $PTII/ptolemy/domains/de/test/auto/DepthTest5.xml
auto.tcl: Setting watchdog for 200 seconds at Tue Jun 12 00:09:49 UTC 2018
8 ms. Memory: 208384K Free: 196050K (94%)
ptolemy.util.test.WatchDog.cancel(): canceling Tue Jun 12 00:09:49 UTC 2018
auto.tcl: Setting watchdog for 200 seconds at Tue Jun 12 00:09:49 UTC 2018
4 ms. Memory: 208384K Free: 196050K (94%)
ptolemy.util.test.WatchDog.cancel(): canceling Tue Jun 12 00:09:49 UTC 2018
------------------ testing $PTII/ptolemy/domains/de/test/auto/DepthTest6.xml
auto.tcl: Setting watchdog for 200 seconds at Tue Jun 12 00:09:49 UTC 2018
9 ms. Memory: 208384K Free: 196357K (94%)
ptolemy.util.test.WatchDog.cancel(): canceling Tue Jun 12 00:09:49 UTC 2018
auto.tcl: Setting watchdog for 200 seconds at Tue Jun 12 00:09:49 UTC 2018
2 ms. Memory: 208384K Free: 196357K (94%)
ptolemy.util.test.WatchDog.cancel(): canceling Tue Jun 12 00:09:49 UTC 2018
------------------ testing $PTII/ptolemy/domains/de/test/auto/DepthTest7.xml
auto.tcl: Setting watchdog for 200 seconds at Tue Jun 12 00:09:50 UTC 2018
2 ms. Memory: 208384K Free: 196008K (94%)
ptolemy.util.test.WatchDog.cancel(): canceling Tue Jun 12 00:09:50 UTC 2018
auto.tcl: Setting watchdog for 200 seconds at Tue Jun 12 00:09:50 UTC 2018
2 ms. Memory: 208384K Free: 196008K (94%)
ptolemy.util.test.WatchDog.cancel(): canceling Tue Jun 12 00:09:50 UTC 2018
------------------ testing $PTII/ptolemy/domains/de/test/auto/EventToDate.xml
auto.tcl: Setting watchdog for 200 seconds at Tue Jun 12 00:09:50 UTC 2018
3006 ms. Memory: 208384K Free: 185536K (89%)
ptolemy.util.test.WatchDog.cancel(): canceling Tue Jun 12 00:09:53 UTC 2018
auto.tcl: Setting watchdog for 200 seconds at Tue Jun 12 00:09:53 UTC 2018
3005 ms. Memory: 208384K Free: 185536K (89%)
ptolemy.util.test.WatchDog.cancel(): canceling Tue Jun 12 00:09:56 UTC 2018
------------------ testing $PTII/ptolemy/domains/de/test/auto/FSM1.xml
auto.tcl: Setting watchdog for 200 seconds at Tue Jun 12 00:09:56 UTC 2018
33 ms. Memory: 208384K Free: 186964K (90%)
ptolemy.util.test.WatchDog.cancel(): canceling Tue Jun 12 00:09:56 UTC 2018
auto.tcl: Setting watchdog for 200 seconds at Tue Jun 12 00:09:56 UTC 2018
18 ms. Memory: 208384K Free: 184866K (89%)
ptolemy.util.test.WatchDog.cancel(): canceling Tue Jun 12 00:09:56 UTC 2018
------------------ testing $PTII/ptolemy/domains/de/test/auto/FSM7.xml
auto.tcl: Setting watchdog for 200 seconds at Tue Jun 12 00:09:56 UTC 2018
14 ms. Memory: 208384K Free: 187165K (90%)
ptolemy.util.test.WatchDog.cancel(): canceling Tue Jun 12 00:09:56 UTC 2018
auto.tcl: Setting watchdog for 200 seconds at Tue Jun 12 00:09:56 UTC 2018
16 ms. Memory: 208384K Free: 185067K (89%)
ptolemy.util.test.WatchDog.cancel(): canceling Tue Jun 12 00:09:56 UTC 2018
------------------ testing $PTII/ptolemy/domains/de/test/auto/Inspection.xml
auto.tcl: Setting watchdog for 200 seconds at Tue Jun 12 00:09:56 UTC 2018
50 ms. Memory: 208384K Free: 188717K (91%)
ptolemy.util.test.WatchDog.cancel(): canceling Tue Jun 12 00:09:56 UTC 2018
auto.tcl: Setting watchdog for 200 seconds at Tue Jun 12 00:09:56 UTC 2018
27 ms. Memory: 208384K Free: 186281K (89%)
ptolemy.util.test.WatchDog.cancel(): canceling Tue Jun 12 00:09:56 UTC 2018
------------------ testing $PTII/ptolemy/domains/de/test/auto/Iteration.xml
auto.tcl: Setting watchdog for 200 seconds at Tue Jun 12 00:09:56 UTC 2018
10 ms. Memory: 208384K Free: 194052K (93%)
ptolemy.util.test.WatchDog.cancel(): canceling Tue Jun 12 00:09:56 UTC 2018
auto.tcl: Setting watchdog for 200 seconds at Tue Jun 12 00:09:56 UTC 2018
8 ms. Memory: 208384K Free: 193714K (93%)
ptolemy.util.test.WatchDog.cancel(): canceling Tue Jun 12 00:09:56 UTC 2018
------------------ testing $PTII/ptolemy/domains/de/test/auto/LineFault.xml
auto.tcl: Setting watchdog for 200 seconds at Tue Jun 12 00:09:56 UTC 2018
868 ms. Memory: 208384K Free: 195969K (94%)
ptolemy.util.test.WatchDog.cancel(): canceling Tue Jun 12 00:09:57 UTC 2018
auto.tcl: Setting watchdog for 200 seconds at Tue Jun 12 00:09:57 UTC 2018
710 ms. Memory: 208384K Free: 138680K (67%)
ptolemy.util.test.WatchDog.cancel(): canceling Tue Jun 12 00:09:58 UTC 2018
------------------ testing $PTII/ptolemy/domains/de/test/auto/MergeModel1Add.xml
auto.tcl: Setting watchdog for 200 seconds at Tue Jun 12 00:09:58 UTC 2018
27 ms. Memory: 331264K Free: 302494K (91%)
ptolemy.util.test.WatchDog.cancel(): canceling Tue Jun 12 00:09:58 UTC 2018
auto.tcl: Setting watchdog for 200 seconds at Tue Jun 12 00:09:58 UTC 2018
13 ms. Memory: 331264K Free: 298532K (90%)
ptolemy.util.test.WatchDog.cancel(): canceling Tue Jun 12 00:09:58 UTC 2018
------------------ testing $PTII/ptolemy/domains/de/test/auto/MergeModel2Add.xml
auto.tcl: Setting watchdog for 200 seconds at Tue Jun 12 00:09:58 UTC 2018
15 ms. Memory: 331264K Free: 303832K (92%)
ptolemy.util.test.WatchDog.cancel(): canceling Tue Jun 12 00:09:59 UTC 2018
auto.tcl: Setting watchdog for 200 seconds at Tue Jun 12 00:09:59 UTC 2018
13 ms. Memory: 331264K Free: 299870K (91%)
ptolemy.util.test.WatchDog.cancel(): canceling Tue Jun 12 00:09:59 UTC 2018
------------------ testing $PTII/ptolemy/domains/de/test/auto/MergeModel3Add.xml
auto.tcl: Setting watchdog for 200 seconds at Tue Jun 12 00:09:59 UTC 2018
12 ms. Memory: 331264K Free: 303432K (92%)
ptolemy.util.test.WatchDog.cancel(): canceling Tue Jun 12 00:09:59 UTC 2018
auto.tcl: Setting watchdog for 200 seconds at Tue Jun 12 00:09:59 UTC 2018
11 ms. Memory: 331264K Free: 299469K (90%)
ptolemy.util.test.WatchDog.cancel(): canceling Tue Jun 12 00:09:59 UTC 2018
------------------ testing $PTII/ptolemy/domains/de/test/auto/MergeWithoutDiscard.xml
auto.tcl: Setting watchdog for 200 seconds at Tue Jun 12 00:09:59 UTC 2018
2 ms. Memory: 331264K Free: 319564K (96%)
ptolemy.util.test.WatchDog.cancel(): canceling Tue Jun 12 00:09:59 UTC 2018
auto.tcl: Setting watchdog for 200 seconds at Tue Jun 12 00:09:59 UTC 2018
2 ms. Memory: 331264K Free: 315601K (95%)
ptolemy.util.test.WatchDog.cancel(): canceling Tue Jun 12 00:09:59 UTC 2018
------------------ testing $PTII/ptolemy/domains/de/test/auto/Modal1.xml
auto.tcl: Setting watchdog for 200 seconds at Tue Jun 12 00:09:59 UTC 2018
25 ms. Memory: 331264K Free: 309210K (93%)
ptolemy.util.test.WatchDog.cancel(): canceling Tue Jun 12 00:09:59 UTC 2018
auto.tcl: Setting watchdog for 200 seconds at Tue Jun 12 00:09:59 UTC 2018
25 ms. Memory: 331264K Free: 305247K (92%)
ptolemy.util.test.WatchDog.cancel(): canceling Tue Jun 12 00:09:59 UTC 2018
------------------ testing $PTII/ptolemy/domains/de/test/auto/Modal2.xml
auto.tcl: Setting watchdog for 200 seconds at Tue Jun 12 00:09:59 UTC 2018
18 ms. Memory: 331264K Free: 309067K (93%)
ptolemy.util.test.WatchDog.cancel(): canceling Tue Jun 12 00:09:59 UTC 2018
auto.tcl: Setting watchdog for 200 seconds at Tue Jun 12 00:09:59 UTC 2018
20 ms. Memory: 331264K Free: 305104K (92%)
ptolemy.util.test.WatchDog.cancel(): canceling Tue Jun 12 00:09:59 UTC 2018
------------------ testing $PTII/ptolemy/domains/de/test/auto/Modal3.xml
auto.tcl: Setting watchdog for 200 seconds at Tue Jun 12 00:09:59 UTC 2018
19 ms. Memory: 331264K Free: 309149K (93%)
ptolemy.util.test.WatchDog.cancel(): canceling Tue Jun 12 00:09:59 UTC 2018
auto.tcl: Setting watchdog for 200 seconds at Tue Jun 12 00:09:59 UTC 2018
14 ms. Memory: 331264K Free: 304901K (92%)
ptolemy.util.test.WatchDog.cancel(): canceling Tue Jun 12 00:09:59 UTC 2018
------------------ testing $PTII/ptolemy/domains/de/test/auto/Modal4.xml
auto.tcl: Setting watchdog for 200 seconds at Tue Jun 12 00:09:59 UTC 2018
20 ms. Memory: 331264K Free: 308868K (93%)
ptolemy.util.test.WatchDog.cancel(): canceling Tue Jun 12 00:09:59 UTC 2018
auto.tcl: Setting watchdog for 200 seconds at Tue Jun 12 00:09:59 UTC 2018
20 ms. Memory: 331264K Free: 304906K (92%)
ptolemy.util.test.WatchDog.cancel(): canceling Tue Jun 12 00:09:59 UTC 2018
------------------ testing $PTII/ptolemy/domains/de/test/auto/Modal5.xml
auto.tcl: Setting watchdog for 200 seconds at Tue Jun 12 00:09:59 UTC 2018
21 ms. Memory: 331264K Free: 308856K (93%)
ptolemy.util.test.WatchDog.cancel(): canceling Tue Jun 12 00:09:59 UTC 2018
auto.tcl: Setting watchdog for 200 seconds at Tue Jun 12 00:09:59 UTC 2018
16 ms. Memory: 331264K Free: 304893K (92%)
ptolemy.util.test.WatchDog.cancel(): canceling Tue Jun 12 00:10:00 UTC 2018
------------------ testing $PTII/ptolemy/domains/de/test/auto/Modal6.xml
auto.tcl: Setting watchdog for 200 seconds at Tue Jun 12 00:10:00 UTC 2018
13 ms. Memory: 331264K Free: 308854K (93%)
ptolemy.util.test.WatchDog.cancel(): canceling Tue Jun 12 00:10:00 UTC 2018
auto.tcl: Setting watchdog for 200 seconds at Tue Jun 12 00:10:00 UTC 2018
15 ms. Memory: 331264K Free: 304891K (92%)
ptolemy.util.test.WatchDog.cancel(): canceling Tue Jun 12 00:10:00 UTC 2018
------------------ testing $PTII/ptolemy/domains/de/test/auto/Modal7.xml
auto.tcl: Setting watchdog for 200 seconds at Tue Jun 12 00:10:00 UTC 2018
11 ms. Memory: 331264K Free: 308853K (93%)
ptolemy.util.test.WatchDog.cancel(): canceling Tue Jun 12 00:10:00 UTC 2018
auto.tcl: Setting watchdog for 200 seconds at Tue Jun 12 00:10:00 UTC 2018
12 ms. Memory: 331264K Free: 304891K (92%)
ptolemy.util.test.WatchDog.cancel(): canceling Tue Jun 12 00:10:00 UTC 2018
------------------ testing $PTII/ptolemy/domains/de/test/auto/ModalModel.xml
auto.tcl: Setting watchdog for 200 seconds at Tue Jun 12 00:10:00 UTC 2018
205 ms. Memory: 331264K Free: 245324K (74%)
ptolemy.util.test.WatchDog.cancel(): canceling Tue Jun 12 00:10:00 UTC 2018
auto.tcl: Setting watchdog for 200 seconds at Tue Jun 12 00:10:00 UTC 2018
225 ms. Memory: 331264K Free: 189752K (57%)
ptolemy.util.test.WatchDog.cancel(): canceling Tue Jun 12 00:10:00 UTC 2018
------------------ testing $PTII/ptolemy/domains/de/test/auto/ModalSource.xml
auto.tcl: Setting watchdog for 200 seconds at Tue Jun 12 00:10:00 UTC 2018
7 ms. Memory: 331264K Free: 315831K (95%)
ptolemy.util.test.WatchDog.cancel(): canceling Tue Jun 12 00:10:00 UTC 2018
auto.tcl: Setting watchdog for 200 seconds at Tue Jun 12 00:10:00 UTC 2018
8 ms. Memory: 331264K Free: 312304K (94%)
ptolemy.util.test.WatchDog.cancel(): canceling Tue Jun 12 00:10:00 UTC 2018
------------------ testing $PTII/ptolemy/domains/de/test/auto/NonInterruptibleTimerZeroDelay.xml
auto.tcl: Setting watchdog for 200 seconds at Tue Jun 12 00:10:00 UTC 2018
4 ms. Memory: 331264K Free: 320027K (97%)
ptolemy.util.test.WatchDog.cancel(): canceling Tue Jun 12 00:10:00 UTC 2018
auto.tcl: Setting watchdog for 200 seconds at Tue Jun 12 00:10:00 UTC 2018
3 ms. Memory: 331264K Free: 316484K (96%)
ptolemy.util.test.WatchDog.cancel(): canceling Tue Jun 12 00:10:00 UTC 2018
------------------ testing $PTII/ptolemy/domains/de/test/auto/OpenQueueingNetwork.xml
auto.tcl: Setting watchdog for 200 seconds at Tue Jun 12 00:10:01 UTC 2018
3523 ms. Memory: 317952K Free: 154576K (49%)
ptolemy.util.test.WatchDog.cancel(): canceling Tue Jun 12 00:10:04 UTC 2018
auto.tcl: Setting watchdog for 200 seconds at Tue Jun 12 00:10:04 UTC 2018
2719 ms. Memory: 287232K Free: 229386K (80%)
ptolemy.util.test.WatchDog.cancel(): canceling Tue Jun 12 00:10:07 UTC 2018
------------------ testing $PTII/ptolemy/domains/de/test/auto/OpenQueuingNetwork.xml
auto.tcl: Setting watchdog for 200 seconds at Tue Jun 12 00:10:07 UTC 2018
270 ms. Memory: 287232K Free: 186746K (65%)
ptolemy.util.test.WatchDog.cancel(): canceling Tue Jun 12 00:10:07 UTC 2018
auto.tcl: Setting watchdog for 200 seconds at Tue Jun 12 00:10:07 UTC 2018
268 ms. Memory: 287232K Free: 126491K (44%)
ptolemy.util.test.WatchDog.cancel(): canceling Tue Jun 12 00:10:08 UTC 2018
------------------ testing $PTII/ptolemy/domains/de/test/auto/PeriodicSampler.xml
auto.tcl: Setting watchdog for 200 seconds at Tue Jun 12 00:10:08 UTC 2018
2 ms. Memory: 289792K Free: 273906K (95%)
ptolemy.util.test.WatchDog.cancel(): canceling Tue Jun 12 00:10:08 UTC 2018
auto.tcl: Setting watchdog for 200 seconds at Tue Jun 12 00:10:08 UTC 2018
2 ms. Memory: 289792K Free: 273906K (95%)
ptolemy.util.test.WatchDog.cancel(): canceling Tue Jun 12 00:10:08 UTC 2018
------------------ testing $PTII/ptolemy/domains/de/test/auto/PersistentIO.xml
auto.tcl: Setting watchdog for 200 seconds at Tue Jun 12 00:10:08 UTC 2018
14 ms. Memory: 287232K Free: 266243K (93%)
ptolemy.util.test.WatchDog.cancel(): canceling Tue Jun 12 00:10:08 UTC 2018
auto.tcl: Setting watchdog for 200 seconds at Tue Jun 12 00:10:08 UTC 2018
6 ms. Memory: 287232K Free: 266243K (93%)
ptolemy.util.test.WatchDog.cancel(): canceling Tue Jun 12 00:10:08 UTC 2018
------------------ testing $PTII/ptolemy/domains/de/test/auto/PortParameterResetOnInitialize.xml
auto.tcl: Setting watchdog for 200 seconds at Tue Jun 12 00:10:08 UTC 2018
2 ms. Memory: 289280K Free: 273863K (95%)
ptolemy.util.test.WatchDog.cancel(): canceling Tue Jun 12 00:10:08 UTC 2018
auto.tcl: Setting watchdog for 200 seconds at Tue Jun 12 00:10:08 UTC 2018
1 ms. Memory: 289280K Free: 273863K (95%)
ptolemy.util.test.WatchDog.cancel(): canceling Tue Jun 12 00:10:08 UTC 2018
------------------ testing $PTII/ptolemy/domains/de/test/auto/PortParameterUpdates.xml
auto.tcl: Setting watchdog for 200 seconds at Tue Jun 12 00:10:08 UTC 2018
6 ms. Memory: 287232K Free: 274100K (95%)
ptolemy.util.test.WatchDog.cancel(): canceling Tue Jun 12 00:10:08 UTC 2018
auto.tcl: Setting watchdog for 200 seconds at Tue Jun 12 00:10:08 UTC 2018
5 ms. Memory: 287232K Free: 271190K (94%)
ptolemy.util.test.WatchDog.cancel(): canceling Tue Jun 12 00:10:08 UTC 2018
------------------ testing $PTII/ptolemy/domains/de/test/auto/QueueAndServer.xml
auto.tcl: Setting watchdog for 200 seconds at Tue Jun 12 00:10:08 UTC 2018
18 ms. Memory: 289280K Free: 273100K (94%)
ptolemy.util.test.WatchDog.cancel(): canceling Tue Jun 12 00:10:08 UTC 2018
auto.tcl: Setting watchdog for 200 seconds at Tue Jun 12 00:10:08 UTC 2018
8 ms. Memory: 289280K Free: 273100K (94%)
ptolemy.util.test.WatchDog.cancel(): canceling Tue Jun 12 00:10:08 UTC 2018
------------------ testing $PTII/ptolemy/domains/de/test/auto/Records.xml
auto.tcl: Setting watchdog for 200 seconds at Tue Jun 12 00:10:08 UTC 2018
6 ms. Memory: 287232K Free: 273912K (95%)
ptolemy.util.test.WatchDog.cancel(): canceling Tue Jun 12 00:10:08 UTC 2018
auto.tcl: Setting watchdog for 200 seconds at Tue Jun 12 00:10:08 UTC 2018
4 ms. Memory: 287232K Free: 273912K (95%)
ptolemy.util.test.WatchDog.cancel(): canceling Tue Jun 12 00:10:08 UTC 2018
------------------ testing $PTII/ptolemy/domains/de/test/auto/ResetTransitionWithStartTime1.xml
auto.tcl: Setting watchdog for 200 seconds at Tue Jun 12 00:10:08 UTC 2018
18 ms. Memory: 288768K Free: 272571K (94%)
ptolemy.util.test.WatchDog.cancel(): canceling Tue Jun 12 00:10:08 UTC 2018
auto.tcl: Setting watchdog for 200 seconds at Tue Jun 12 00:10:08 UTC 2018
9 ms. Memory: 288768K Free: 269678K (93%)
ptolemy.util.test.WatchDog.cancel(): canceling Tue Jun 12 00:10:08 UTC 2018
------------------ testing $PTII/ptolemy/domains/de/test/auto/ResetTransitionWithStartTime2.xml
auto.tcl: Setting watchdog for 200 seconds at Tue Jun 12 00:10:08 UTC 2018
10 ms. Memory: 287232K Free: 271128K (94%)
ptolemy.util.test.WatchDog.cancel(): canceling Tue Jun 12 00:10:08 UTC 2018
auto.tcl: Setting watchdog for 200 seconds at Tue Jun 12 00:10:08 UTC 2018
9 ms. Memory: 287232K Free: 264118K (92%)
ptolemy.util.test.WatchDog.cancel(): canceling Tue Jun 12 00:10:08 UTC 2018
------------------ testing $PTII/ptolemy/domains/de/test/auto/ResetTransitionWithStartTime3.xml
auto.tcl: Setting watchdog for 200 seconds at Tue Jun 12 00:10:08 UTC 2018
8 ms. Memory: 288768K Free: 272554K (94%)
ptolemy.util.test.WatchDog.cancel(): canceling Tue Jun 12 00:10:08 UTC 2018
auto.tcl: Setting watchdog for 200 seconds at Tue Jun 12 00:10:08 UTC 2018
11 ms. Memory: 288768K Free: 269660K (93%)
ptolemy.util.test.WatchDog.cancel(): canceling Tue Jun 12 00:10:08 UTC 2018
------------------ testing $PTII/ptolemy/domains/de/test/auto/ResetTransitionWithStartTime4.xml
auto.tcl: Setting watchdog for 200 seconds at Tue Jun 12 00:10:09 UTC 2018
5 ms. Memory: 287232K Free: 271023K (94%)
ptolemy.util.test.WatchDog.cancel(): canceling Tue Jun 12 00:10:09 UTC 2018
auto.tcl: Setting watchdog for 200 seconds at Tue Jun 12 00:10:09 UTC 2018
4 ms. Memory: 287232K Free: 271023K (94%)
ptolemy.util.test.WatchDog.cancel(): canceling Tue Jun 12 00:10:09 UTC 2018
------------------ testing $PTII/ptolemy/domains/de/test/auto/ResettableTimer1.xml
auto.tcl: Setting watchdog for 200 seconds at Tue Jun 12 00:10:09 UTC 2018
3 ms. Memory: 288768K Free: 275463K (95%)
ptolemy.util.test.WatchDog.cancel(): canceling Tue Jun 12 00:10:09 UTC 2018
auto.tcl: Setting watchdog for 200 seconds at Tue Jun 12 00:10:09 UTC 2018
2 ms. Memory: 288768K Free: 275463K (95%)
ptolemy.util.test.WatchDog.cancel(): canceling Tue Jun 12 00:10:09 UTC 2018
------------------ testing $PTII/ptolemy/domains/de/test/auto/ResettableTimer2.xml
auto.tcl: Setting watchdog for 200 seconds at Tue Jun 12 00:10:09 UTC 2018
4 ms. Memory: 287232K Free: 274070K (95%)
ptolemy.util.test.WatchDog.cancel(): canceling Tue Jun 12 00:10:09 UTC 2018
auto.tcl: Setting watchdog for 200 seconds at Tue Jun 12 00:10:09 UTC 2018
2 ms. Memory: 287232K Free: 274070K (95%)
ptolemy.util.test.WatchDog.cancel(): canceling Tue Jun 12 00:10:09 UTC 2018
------------------ testing $PTII/ptolemy/domains/de/test/auto/ResettableTimer3.xml
auto.tcl: Setting watchdog for 200 seconds at Tue Jun 12 00:10:09 UTC 2018
1 ms. Memory: 288256K Free: 275109K (95%)
ptolemy.util.test.WatchDog.cancel(): canceling Tue Jun 12 00:10:09 UTC 2018
auto.tcl: Setting watchdog for 200 seconds at Tue Jun 12 00:10:09 UTC 2018
2 ms. Memory: 288256K Free: 275109K (95%)
ptolemy.util.test.WatchDog.cancel(): canceling Tue Jun 12 00:10:09 UTC 2018
------------------ testing $PTII/ptolemy/domains/de/test/auto/ResettableTimer4.xml
auto.tcl: Setting watchdog for 200 seconds at Tue Jun 12 00:10:09 UTC 2018
1 ms. Memory: 287232K Free: 271931K (95%)
ptolemy.util.test.WatchDog.cancel(): canceling Tue Jun 12 00:10:09 UTC 2018
auto.tcl: Setting watchdog for 200 seconds at Tue Jun 12 00:10:09 UTC 2018
2 ms. Memory: 287232K Free: 271931K (95%)
ptolemy.util.test.WatchDog.cancel(): canceling Tue Jun 12 00:10:09 UTC 2018
------------------ testing $PTII/ptolemy/domains/de/test/auto/ResettableTimer5.xml
auto.tcl: Setting watchdog for 200 seconds at Tue Jun 12 00:10:09 UTC 2018
2 ms. Memory: 288256K Free: 275105K (95%)
ptolemy.util.test.WatchDog.cancel(): canceling Tue Jun 12 00:10:09 UTC 2018
auto.tcl: Setting watchdog for 200 seconds at Tue Jun 12 00:10:09 UTC 2018
1 ms. Memory: 288256K Free: 275105K (95%)
ptolemy.util.test.WatchDog.cancel(): canceling Tue Jun 12 00:10:09 UTC 2018
------------------ testing $PTII/ptolemy/domains/de/test/auto/ResettableTimer6.xml
auto.tcl: Setting watchdog for 200 seconds at Tue Jun 12 00:10:09 UTC 2018
1 ms. Memory: 287232K Free: 271878K (95%)
ptolemy.util.test.WatchDog.cancel(): canceling Tue Jun 12 00:10:09 UTC 2018
auto.tcl: Setting watchdog for 200 seconds at Tue Jun 12 00:10:09 UTC 2018
2 ms. Memory: 287232K Free: 271878K (95%)
ptolemy.util.test.WatchDog.cancel(): canceling Tue Jun 12 00:10:09 UTC 2018
------------------ testing $PTII/ptolemy/domains/de/test/auto/ServerZeroDelay.xml
auto.tcl: Setting watchdog for 200 seconds at Tue Jun 12 00:10:09 UTC 2018
3 ms. Memory: 288256K Free: 275044K (95%)
ptolemy.util.test.WatchDog.cancel(): canceling Tue Jun 12 00:10:09 UTC 2018
auto.tcl: Setting watchdog for 200 seconds at Tue Jun 12 00:10:09 UTC 2018
2 ms. Memory: 288256K Free: 275044K (95%)
ptolemy.util.test.WatchDog.cancel(): canceling Tue Jun 12 00:10:09 UTC 2018
------------------ testing $PTII/ptolemy/domains/de/test/auto/SmartSender.xml
auto.tcl: Setting watchdog for 200 seconds at Tue Jun 12 00:10:09 UTC 2018
3002 ms. Memory: 287232K Free: 271965K (95%)
ptolemy.util.test.WatchDog.cancel(): canceling Tue Jun 12 00:10:12 UTC 2018
auto.tcl: Setting watchdog for 200 seconds at Tue Jun 12 00:10:12 UTC 2018
3002 ms. Memory: 287232K Free: 271965K (95%)
ptolemy.util.test.WatchDog.cancel(): canceling Tue Jun 12 00:10:15 UTC 2018
------------------ testing $PTII/ptolemy/domains/de/test/auto/ThreadedComposite.xml
auto.tcl: Setting watchdog for 200 seconds at Tue Jun 12 00:10:15 UTC 2018
210 ms. Memory: 288256K Free: 251848K (87%)
ptolemy.util.test.WatchDog.cancel(): canceling Tue Jun 12 00:10:15 UTC 2018
auto.tcl: Setting watchdog for 200 seconds at Tue Jun 12 00:10:15 UTC 2018
163 ms. Memory: 288256K Free: 240722K (84%)
ptolemy.util.test.WatchDog.cancel(): canceling Tue Jun 12 00:10:16 UTC 2018
------------------ testing $PTII/ptolemy/domains/de/test/auto/Time.xml
auto.tcl: Setting watchdog for 200 seconds at Tue Jun 12 00:10:16 UTC 2018
706 ms. Memory: 287232K Free: 222182K (77%)
ptolemy.util.test.WatchDog.cancel(): canceling Tue Jun 12 00:10:16 UTC 2018
auto.tcl: Setting watchdog for 200 seconds at Tue Jun 12 00:10:16 UTC 2018
671 ms. Memory: 287232K Free: 170103K (59%)
ptolemy.util.test.WatchDog.cancel(): canceling Tue Jun 12 00:10:17 UTC 2018
------------------ testing $PTII/ptolemy/domains/de/test/auto/TimeDelayZeroDelay.xml
auto.tcl: Setting watchdog for 200 seconds at Tue Jun 12 00:10:17 UTC 2018
3 ms. Memory: 287744K Free: 274988K (96%)
ptolemy.util.test.WatchDog.cancel(): canceling Tue Jun 12 00:10:17 UTC 2018
auto.tcl: Setting watchdog for 200 seconds at Tue Jun 12 00:10:17 UTC 2018
2 ms. Memory: 287744K Free: 274988K (96%)
ptolemy.util.test.WatchDog.cancel(): canceling Tue Jun 12 00:10:17 UTC 2018
------------------ testing $PTII/ptolemy/domains/de/test/auto/TimerZeroDelay.xml
auto.tcl: Setting watchdog for 200 seconds at Tue Jun 12 00:10:17 UTC 2018
4 ms. Memory: 287232K Free: 274586K (96%)
ptolemy.util.test.WatchDog.cancel(): canceling Tue Jun 12 00:10:17 UTC 2018
auto.tcl: Setting watchdog for 200 seconds at Tue Jun 12 00:10:17 UTC 2018
2 ms. Memory: 287232K Free: 274586K (96%)
ptolemy.util.test.WatchDog.cancel(): canceling Tue Jun 12 00:10:17 UTC 2018
------------------ testing $PTII/ptolemy/domains/de/test/auto/TimingParadox.xml
auto.tcl: Setting watchdog for 200 seconds at Tue Jun 12 00:10:17 UTC 2018
507 ms. Memory: 287744K Free: 208869K (73%)
ptolemy.util.test.WatchDog.cancel(): canceling Tue Jun 12 00:10:18 UTC 2018
auto.tcl: Setting watchdog for 200 seconds at Tue Jun 12 00:10:18 UTC 2018
423 ms. Memory: 287744K Free: 175186K (61%)
ptolemy.util.test.WatchDog.cancel(): canceling Tue Jun 12 00:10:18 UTC 2018
------------------ testing $PTII/ptolemy/domains/de/test/auto/TransferInputs.xml
auto.tcl: Setting watchdog for 200 seconds at Tue Jun 12 00:10:18 UTC 2018
3 ms. Memory: 287744K Free: 273986K (95%)
ptolemy.util.test.WatchDog.cancel(): canceling Tue Jun 12 00:10:18 UTC 2018
auto.tcl: Setting watchdog for 200 seconds at Tue Jun 12 00:10:18 UTC 2018
3 ms. Memory: 287744K Free: 273986K (95%)
ptolemy.util.test.WatchDog.cancel(): canceling Tue Jun 12 00:10:18 UTC 2018
------------------ testing $PTII/ptolemy/domains/de/test/auto/TransferOutputs2.xml
auto.tcl: Setting watchdog for 200 seconds at Tue Jun 12 00:10:19 UTC 2018
4 ms. Memory: 287232K Free: 271972K (95%)
ptolemy.util.test.WatchDog.cancel(): canceling Tue Jun 12 00:10:19 UTC 2018
auto.tcl: Setting watchdog for 200 seconds at Tue Jun 12 00:10:19 UTC 2018
3 ms. Memory: 287232K Free: 269361K (94%)
ptolemy.util.test.WatchDog.cancel(): canceling Tue Jun 12 00:10:19 UTC 2018
------------------ testing $PTII/ptolemy/domains/de/test/auto/Trilateration.xml
auto.tcl: Setting watchdog for 200 seconds at Tue Jun 12 00:10:19 UTC 2018
14260 ms. Memory: 473088K Free: 280632K (59%)
ptolemy.util.test.WatchDog.cancel(): canceling Tue Jun 12 00:10:34 UTC 2018
auto.tcl: Setting watchdog for 200 seconds at Tue Jun 12 00:10:34 UTC 2018
10736 ms. Memory: 352256K Free: 223147K (63%)
ptolemy.util.test.WatchDog.cancel(): canceling Tue Jun 12 00:10:45 UTC 2018
------------------ testing $PTII/ptolemy/domains/de/test/auto/TwoSigmaDelta.xml
auto.tcl: Setting watchdog for 200 seconds at Tue Jun 12 00:10:45 UTC 2018
3071 ms. Memory: 339968K Free: 312195K (92%)
ptolemy.util.test.WatchDog.cancel(): canceling Tue Jun 12 00:10:48 UTC 2018
auto.tcl: Setting watchdog for 200 seconds at Tue Jun 12 00:10:48 UTC 2018
2281 ms. Memory: 339968K Free: 80384K (24%)
ptolemy.util.test.WatchDog.cancel(): canceling Tue Jun 12 00:10:51 UTC 2018
------------------ testing $PTII/ptolemy/domains/de/test/auto/VariableDelay.xml
auto.tcl: Setting watchdog for 200 seconds at Tue Jun 12 00:10:51 UTC 2018
2 ms. Memory: 337408K Free: 324993K (96%)
ptolemy.util.test.WatchDog.cancel(): canceling Tue Jun 12 00:10:51 UTC 2018
auto.tcl: Setting watchdog for 200 seconds at Tue Jun 12 00:10:51 UTC 2018
2 ms. Memory: 337408K Free: 321065K (95%)
ptolemy.util.test.WatchDog.cancel(): canceling Tue Jun 12 00:10:51 UTC 2018
------------------ testing $PTII/ptolemy/domains/de/test/auto/VariableDelay2.xml
auto.tcl: Setting watchdog for 200 seconds at Tue Jun 12 00:10:51 UTC 2018
2 ms. Memory: 339456K Free: 327451K (96%)
ptolemy.util.test.WatchDog.cancel(): canceling Tue Jun 12 00:10:51 UTC 2018
auto.tcl: Setting watchdog for 200 seconds at Tue Jun 12 00:10:51 UTC 2018
3 ms. Memory: 339456K Free: 323539K (95%)
ptolemy.util.test.WatchDog.cancel(): canceling Tue Jun 12 00:10:51 UTC 2018
------------------ testing $PTII/ptolemy/domains/de/test/auto/VariableDelayZeroDelay.xml
auto.tcl: Setting watchdog for 200 seconds at Tue Jun 12 00:10:51 UTC 2018
2 ms. Memory: 337408K Free: 322843K (96%)
ptolemy.util.test.WatchDog.cancel(): canceling Tue Jun 12 00:10:51 UTC 2018
auto.tcl: Setting watchdog for 200 seconds at Tue Jun 12 00:10:51 UTC 2018
2 ms. Memory: 337408K Free: 322843K (96%)
ptolemy.util.test.WatchDog.cancel(): canceling Tue Jun 12 00:10:51 UTC 2018
------------------ testing $PTII/ptolemy/domains/de/test/auto/VariableDelayZeroDelay2.xml
auto.tcl: Setting watchdog for 200 seconds at Tue Jun 12 00:10:51 UTC 2018
6 ms. Memory: 339456K Free: 324889K (96%)
ptolemy.util.test.WatchDog.cancel(): canceling Tue Jun 12 00:10:51 UTC 2018
auto.tcl: Setting watchdog for 200 seconds at Tue Jun 12 00:10:51 UTC 2018
2 ms. Memory: 339456K Free: 320977K (95%)
ptolemy.util.test.WatchDog.cancel(): canceling Tue Jun 12 00:10:51 UTC 2018
------------------ testing $PTII/ptolemy/domains/de/test/auto/deInCt.xml
auto.tcl: Setting watchdog for 200 seconds at Tue Jun 12 00:10:51 UTC 2018
0
1
1
1
0
0
0
1
1
1
1
0
0
0
1
1
1
0
0
0
0
0
0
0
1
1
1
1
1
17 ms. Memory: 337408K Free: 318922K (95%)
ptolemy.util.test.WatchDog.cancel(): canceling Tue Jun 12 00:10:51 UTC 2018
auto.tcl: Setting watchdog for 200 seconds at Tue Jun 12 00:10:51 UTC 2018
0
1
1
1
1
1
0
0
0
0
1
1
1
0
0
0
1
1
1
0
0
0
0
1
1
1
1
0
0
0
1
1
1
1
16 ms. Memory: 337408K Free: 318922K (95%)
ptolemy.util.test.WatchDog.cancel(): canceling Tue Jun 12 00:10:51 UTC 2018
------------------ testing $PTII/ptolemy/domains/de/test/auto/deInCt2.xml
auto.tcl: Setting watchdog for 200 seconds at Tue Jun 12 00:10:51 UTC 2018
0
1
1
1
0
0
1
1
1
0
0
1
1
1
0
0
1
1
1
0
0
1
1
1
0
0
1
1
1
0
0
1
1
1
0
0
1
1
1
0
0
0
10 ms. Memory: 338944K Free: 320442K (95%)
ptolemy.util.test.WatchDog.cancel(): canceling Tue Jun 12 00:10:51 UTC 2018
auto.tcl: Setting watchdog for 200 seconds at Tue Jun 12 00:10:51 UTC 2018
0
1
1
1
0
0
1
1
1
0
0
1
1
1
0
0
1
1
1
0
0
1
1
1
0
0
1
1
1
0
0
1
1
1
0
0
1
1
1
0
0
0
7 ms. Memory: 338944K Free: 320442K (95%)
ptolemy.util.test.WatchDog.cancel(): canceling Tue Jun 12 00:10:51 UTC 2018
------------------ testing $PTII/ptolemy/domains/de/test/auto/dynamicCausalityInterface1.xml
auto.tcl: Setting watchdog for 200 seconds at Tue Jun 12 00:10:51 UTC 2018
1 ms. Memory: 337408K Free: 317554K (94%)
ptolemy.util.test.WatchDog.cancel(): canceling Tue Jun 12 00:10:51 UTC 2018
auto.tcl: Setting watchdog for 200 seconds at Tue Jun 12 00:10:51 UTC 2018
1 ms. Memory: 337408K Free: 317554K (94%)
ptolemy.util.test.WatchDog.cancel(): canceling Tue Jun 12 00:10:51 UTC 2018
------------------ testing $PTII/ptolemy/domains/de/test/auto/fsm_de_test.xml
auto.tcl: Setting watchdog for 200 seconds at Tue Jun 12 00:10:51 UTC 2018
6 ms. Memory: 338944K Free: 316433K (93%)
ptolemy.util.test.WatchDog.cancel(): canceling Tue Jun 12 00:10:51 UTC 2018
auto.tcl: Setting watchdog for 200 seconds at Tue Jun 12 00:10:51 UTC 2018
4 ms. Memory: 338944K Free: 316433K (93%)
ptolemy.util.test.WatchDog.cancel(): canceling Tue Jun 12 00:10:51 UTC 2018
------------------ testing $PTII/ptolemy/domains/de/test/auto/functionDependencyReconstruction.xml
auto.tcl: Setting watchdog for 200 seconds at Tue Jun 12 00:10:51 UTC 2018
2 ms. Memory: 337408K Free: 310960K (92%)
ptolemy.util.test.WatchDog.cancel(): canceling Tue Jun 12 00:10:51 UTC 2018
auto.tcl: Setting watchdog for 200 seconds at Tue Jun 12 00:10:51 UTC 2018
3 ms. Memory: 337408K Free: 307032K (91%)
ptolemy.util.test.WatchDog.cancel(): canceling Tue Jun 12 00:10:51 UTC 2018
------------------ testing $PTII/ptolemy/domains/de/test/auto/multirate.xml
auto.tcl: Setting watchdog for 200 seconds at Tue Jun 12 00:10:51 UTC 2018
3 ms. Memory: 338432K Free: 319700K (94%)
ptolemy.util.test.WatchDog.cancel(): canceling Tue Jun 12 00:10:51 UTC 2018
auto.tcl: Setting watchdog for 200 seconds at Tue Jun 12 00:10:51 UTC 2018
6 ms. Memory: 338432K Free: 319700K (94%)
ptolemy.util.test.WatchDog.cancel(): canceling Tue Jun 12 00:10:51 UTC 2018
------------------ testing $PTII/ptolemy/domains/de/test/auto/multirate2.xml
auto.tcl: Setting watchdog for 200 seconds at Tue Jun 12 00:10:52 UTC 2018
5 ms. Memory: 337408K Free: 318856K (95%)
ptolemy.util.test.WatchDog.cancel(): canceling Tue Jun 12 00:10:52 UTC 2018
auto.tcl: Setting watchdog for 200 seconds at Tue Jun 12 00:10:52 UTC 2018
3 ms. Memory: 337408K Free: 318856K (95%)
ptolemy.util.test.WatchDog.cancel(): canceling Tue Jun 12 00:10:52 UTC 2018
------------------ testing $PTII/ptolemy/domains/de/test/auto/realtime.xml
auto.tcl: Setting watchdog for 200 seconds at Tue Jun 12 00:10:52 UTC 2018
10003 ms. Memory: 338432K Free: 319875K (95%)
ptolemy.util.test.WatchDog.cancel(): canceling Tue Jun 12 00:11:02 UTC 2018
auto.tcl: Setting watchdog for 200 seconds at Tue Jun 12 00:11:02 UTC 2018
10001 ms. Memory: 338432K Free: 319875K (95%)
ptolemy.util.test.WatchDog.cancel(): canceling Tue Jun 12 00:11:12 UTC 2018
------------------ testing $PTII/ptolemy/domains/de/test/auto/relationGroup.xml
auto.tcl: Setting watchdog for 200 seconds at Tue Jun 12 00:11:12 UTC 2018
2 ms. Memory: 337408K Free: 322809K (96%)
ptolemy.util.test.WatchDog.cancel(): canceling Tue Jun 12 00:11:12 UTC 2018
auto.tcl: Setting watchdog for 200 seconds at Tue Jun 12 00:11:12 UTC 2018
1 ms. Memory: 337408K Free: 322809K (96%)
ptolemy.util.test.WatchDog.cancel(): canceling Tue Jun 12 00:11:12 UTC 2018
------------------ testing $PTII/ptolemy/domains/de/test/auto/relationGroup2.xml
auto.tcl: Setting watchdog for 200 seconds at Tue Jun 12 00:11:12 UTC 2018
1 ms. Memory: 338432K Free: 323859K (96%)
ptolemy.util.test.WatchDog.cancel(): canceling Tue Jun 12 00:11:12 UTC 2018
auto.tcl: Setting watchdog for 200 seconds at Tue Jun 12 00:11:12 UTC 2018
1 ms. Memory: 338432K Free: 323859K (96%)
ptolemy.util.test.WatchDog.cancel(): canceling Tue Jun 12 00:11:12 UTC 2018
------------------ testing $PTII/ptolemy/domains/de/test/auto/sortWithOpaquePorts.xml
auto.tcl: Setting watchdog for 200 seconds at Tue Jun 12 00:11:12 UTC 2018
1 ms. Memory: 337408K Free: 322836K (96%)
ptolemy.util.test.WatchDog.cancel(): canceling Tue Jun 12 00:11:12 UTC 2018
auto.tcl: Setting watchdog for 200 seconds at Tue Jun 12 00:11:12 UTC 2018
1 ms. Memory: 337408K Free: 318908K (95%)
ptolemy.util.test.WatchDog.cancel(): canceling Tue Jun 12 00:11:12 UTC 2018
------------------ testing $PTII/ptolemy/domains/de/test/auto/transferInputsandOutputs.xml
auto.tcl: Setting watchdog for 200 seconds at Tue Jun 12 00:11:12 UTC 2018
3 ms. Memory: 337920K Free: 319407K (95%)
ptolemy.util.test.WatchDog.cancel(): canceling Tue Jun 12 00:11:12 UTC 2018
auto.tcl: Setting watchdog for 200 seconds at Tue Jun 12 00:11:12 UTC 2018
1 ms. Memory: 337920K Free: 319407K (95%)
ptolemy.util.test.WatchDog.cancel(): canceling Tue Jun 12 00:11:12 UTC 2018
------------------ testing $PTII/ptolemy/domains/de/test/auto/triggerType.xml
auto.tcl: Setting watchdog for 200 seconds at Tue Jun 12 00:11:12 UTC 2018
1 ms. Memory: 337408K Free: 322775K (96%)
ptolemy.util.test.WatchDog.cancel(): canceling Tue Jun 12 00:11:12 UTC 2018
auto.tcl: Setting watchdog for 200 seconds at Tue Jun 12 00:11:12 UTC 2018
1 ms. Memory: 337408K Free: 318862K (95%)
ptolemy.util.test.WatchDog.cancel(): canceling Tue Jun 12 00:11:12 UTC 2018
06/12/18 12:11:12
Failed: 0  Total Tests: 192  ((Passed: 187, Newly Passed: 1)  Known Failed: 5) /home/travis/build/icyphy/ptII/ptolemy/domains/de/test
06/12/18 12:11:12
Failed: 0  Total Tests: 192  ((Passed: 187, Newly Passed: 1)  Known Failed: 5) /home/travis/build/icyphy/ptII/ptolemy/domains/de/test
----------------- testing (KnownFailure) /home/travis/build/icyphy/ptII/ptolemy/domains/de/test/auto/knownFailedTests/DESDFClockTest.xml
2013 ms. Memory: 337920K Free: 313080K (93%)
Known Failure: java.lang.reflect.InvocationTargetException
----------------- testing (KnownFailure) /home/travis/build/icyphy/ptII/ptolemy/domains/de/test/auto/knownFailedTests/DirectFeedback.xml
1 ms. Memory: 337920K Free: 292600K (87%)
Known Failure: java.lang.reflect.InvocationTargetException
----------------- testing (KnownFailure) /home/travis/build/icyphy/ptII/ptolemy/domains/de/test/auto/knownFailedTests/FSMSource.xml
10 ms. Memory: 337920K Free: 266984K (79%)
----------------- testing (KnownFailure) /home/travis/build/icyphy/ptII/ptolemy/domains/de/test/auto/knownFailedTests/HierarchicalModel.xml
2 ms. Memory: 337920K Free: 241351K (71%)
Known Failure: java.lang.reflect.InvocationTargetException
----------------- testing (KnownFailure) /home/travis/build/icyphy/ptII/ptolemy/domains/de/test/auto/knownFailedTests/dependencyLoop.xml
2 ms. Memory: 337920K Free: 210615K (62%)
Known Failure: java.lang.reflect.InvocationTargetException
----------------- testing (KnownFailure) /home/travis/build/icyphy/ptII/ptolemy/domains/de/test/auto/knownFailedTests/dependencyLoop2.xml
1 ms. Memory: 337920K Free: 179879K (53%)
Known Failure: java.lang.reflect.InvocationTargetException
No auto/linux-amd64/*.xml tests in /home/travis/build/icyphy/ptII/ptolemy/domains/de/test
AutoTests.java: About to close Vertx.
AutoTests.java: Vertx closed.

===========================================================================================
----------------- testing Tue Jun 12 00:11:14 UTC 2018 /home/travis/build/icyphy/ptII/ptolemy/domains/de/test/auto/ActorDepthCalculation_actorWithoutPorts.xml
----------------- Instantiating /home/travis/build/icyphy/ptII/ptolemy/domains/de/test/auto/ActorDepthCalculation_actorWithoutPorts.xml
2 ms. Memory: 337920K Free: 154278K (46%)
----------------- Invoking toplevel() on ptolemy.moml.MoMLSimpleApplication@6faa2f82
----------------- Done invoking toplevel() on ptolemy.moml.MoMLSimpleApplication@6faa2f82
reloadAllAccessors: .ActorDepthCalculation_actorWithoutPorts

===========================================================================================
----------------- testing Tue Jun 12 00:11:14 UTC 2018 /home/travis/build/icyphy/ptII/ptolemy/domains/de/test/auto/AssemblyLine.xml
----------------- Instantiating /home/travis/build/icyphy/ptII/ptolemy/domains/de/test/auto/AssemblyLine.xml
1 ms. Memory: 337920K Free: 138902K (41%)
----------------- Invoking toplevel() on ptolemy.moml.MoMLSimpleApplication@1181c1c1
----------------- Done invoking toplevel() on ptolemy.moml.MoMLSimpleApplication@1181c1c1
reloadAllAccessors: .AssemblyLine

===========================================================================================
----------------- testing Tue Jun 12 00:11:14 UTC 2018 /home/travis/build/icyphy/ptII/ptolemy/domains/de/test/auto/CQBug1.xml
----------------- Instantiating /home/travis/build/icyphy/ptII/ptolemy/domains/de/test/auto/CQBug1.xml
0 ms. Memory: 337920K Free: 128662K (38%)
----------------- Invoking toplevel() on ptolemy.moml.MoMLSimpleApplication@6a1147bc
----------------- Done invoking toplevel() on ptolemy.moml.MoMLSimpleApplication@6a1147bc
reloadAllAccessors: .CQBug1

===========================================================================================
----------------- testing Tue Jun 12 00:11:14 UTC 2018 /home/travis/build/icyphy/ptII/ptolemy/domains/de/test/auto/CancelFireAt.xml
----------------- Instantiating /home/travis/build/icyphy/ptII/ptolemy/domains/de/test/auto/CancelFireAt.xml
1 ms. Memory: 337920K Free: 118422K (35%)
----------------- Invoking toplevel() on ptolemy.moml.MoMLSimpleApplication@c7a55d8
----------------- Done invoking toplevel() on ptolemy.moml.MoMLSimpleApplication@c7a55d8
reloadAllAccessors: .CancelFireAt

===========================================================================================
----------------- testing Tue Jun 12 00:11:14 UTC 2018 /home/travis/build/icyphy/ptII/ptolemy/domains/de/test/auto/CausalityAndComposabilityAnalysis.xml
----------------- Instantiating /home/travis/build/icyphy/ptII/ptolemy/domains/de/test/auto/CausalityAndComposabilityAnalysis.xml
1 ms. Memory: 337920K Free: 108182K (32%)
----------------- Invoking toplevel() on ptolemy.moml.MoMLSimpleApplication@4c0cf43
----------------- Done invoking toplevel() on ptolemy.moml.MoMLSimpleApplication@4c0cf43
reloadAllAccessors: .CausalityAndComposabilityAnalysis

===========================================================================================
----------------- testing Tue Jun 12 00:11:14 UTC 2018 /home/travis/build/icyphy/ptII/ptolemy/domains/de/test/auto/CausalityInterface1.xml
----------------- Instantiating /home/travis/build/icyphy/ptII/ptolemy/domains/de/test/auto/CausalityInterface1.xml
2 ms. Memory: 337920K Free: 97942K (29%)
----------------- Invoking toplevel() on ptolemy.moml.MoMLSimpleApplication@5358779e
----------------- Done invoking toplevel() on ptolemy.moml.MoMLSimpleApplication@5358779e
reloadAllAccessors: .CausalityInterface1

===========================================================================================
----------------- testing Tue Jun 12 00:11:14 UTC 2018 /home/travis/build/icyphy/ptII/ptolemy/domains/de/test/auto/CausalityInterface15.xml
----------------- Instantiating /home/travis/build/icyphy/ptII/ptolemy/domains/de/test/auto/CausalityInterface15.xml
1 ms. Memory: 337920K Free: 83790K (25%)
----------------- Invoking toplevel() on ptolemy.moml.MoMLSimpleApplication@3db702a8
----------------- Done invoking toplevel() on ptolemy.moml.MoMLSimpleApplication@3db702a8
reloadAllAccessors: .CausalityInterface15

===========================================================================================
----------------- testing Tue Jun 12 00:11:14 UTC 2018 /home/travis/build/icyphy/ptII/ptolemy/domains/de/test/auto/CausalityInterface2.xml
----------------- Instantiating /home/travis/build/icyphy/ptII/ptolemy/domains/de/test/auto/CausalityInterface2.xml
1 ms. Memory: 337920K Free: 76372K (23%)
----------------- Invoking toplevel() on ptolemy.moml.MoMLSimpleApplication@4748fbea
----------------- Done invoking toplevel() on ptolemy.moml.MoMLSimpleApplication@4748fbea
reloadAllAccessors: .CausalityInterface2

===========================================================================================
----------------- testing Tue Jun 12 00:11:14 UTC 2018 /home/travis/build/icyphy/ptII/ptolemy/domains/de/test/auto/CausalityInterface3.xml
----------------- Instantiating /home/travis/build/icyphy/ptII/ptolemy/domains/de/test/auto/CausalityInterface3.xml
1 ms. Memory: 326144K Free: 310547K (95%)
----------------- Invoking toplevel() on ptolemy.moml.MoMLSimpleApplication@2378be2
----------------- Done invoking toplevel() on ptolemy.moml.MoMLSimpleApplication@2378be2
reloadAllAccessors: .CausalityInterface3

===========================================================================================
----------------- testing Tue Jun 12 00:11:14 UTC 2018 /home/travis/build/icyphy/ptII/ptolemy/domains/de/test/auto/ClockDrift.xml
----------------- Instantiating /home/travis/build/icyphy/ptII/ptolemy/domains/de/test/auto/ClockDrift.xml
8 ms. Memory: 326144K Free: 288495K (88%)
----------------- Invoking toplevel() on ptolemy.moml.MoMLSimpleApplication@7de90bba
----------------- Done invoking toplevel() on ptolemy.moml.MoMLSimpleApplication@7de90bba
reloadAllAccessors: .ClockDrift

===========================================================================================
----------------- testing Tue Jun 12 00:11:14 UTC 2018 /home/travis/build/icyphy/ptII/ptolemy/domains/de/test/auto/ClockDriftAndValueChange.xml
----------------- Instantiating /home/travis/build/icyphy/ptII/ptolemy/domains/de/test/auto/ClockDriftAndValueChange.xml
7 ms. Memory: 326144K Free: 268900K (82%)
----------------- Invoking toplevel() on ptolemy.moml.MoMLSimpleApplication@ebdcd9d
----------------- Done invoking toplevel() on ptolemy.moml.MoMLSimpleApplication@ebdcd9d
reloadAllAccessors: .ClockDriftAndValueChange

===========================================================================================
----------------- testing Tue Jun 12 00:11:14 UTC 2018 /home/travis/build/icyphy/ptII/ptolemy/domains/de/test/auto/ClockDriftChange.xml
----------------- Instantiating /home/travis/build/icyphy/ptII/ptolemy/domains/de/test/auto/ClockDriftChange.xml
7 ms. Memory: 326144K Free: 254208K (78%)
----------------- Invoking toplevel() on ptolemy.moml.MoMLSimpleApplication@1361e392
----------------- Done invoking toplevel() on ptolemy.moml.MoMLSimpleApplication@1361e392
reloadAllAccessors: .ClockDriftChange

===========================================================================================
----------------- testing Tue Jun 12 00:11:14 UTC 2018 /home/travis/build/icyphy/ptII/ptolemy/domains/de/test/auto/ComposableCausalityAnalysis.xml
----------------- Instantiating /home/travis/build/icyphy/ptII/ptolemy/domains/de/test/auto/ComposableCausalityAnalysis.xml
1 ms. Memory: 326144K Free: 239508K (73%)
----------------- Invoking toplevel() on ptolemy.moml.MoMLSimpleApplication@4dd11b93
----------------- Done invoking toplevel() on ptolemy.moml.MoMLSimpleApplication@4dd11b93
reloadAllAccessors: .ComposableCausalityAnalysis

===========================================================================================
----------------- testing Tue Jun 12 00:11:14 UTC 2018 /home/travis/build/icyphy/ptII/ptolemy/domains/de/test/auto/DEFixedPointLimitation.xml
----------------- Instantiating /home/travis/build/icyphy/ptII/ptolemy/domains/de/test/auto/DEFixedPointLimitation.xml
1 ms. Memory: 326144K Free: 229718K (70%)
----------------- Invoking toplevel() on ptolemy.moml.MoMLSimpleApplication@1dce44f7
----------------- Done invoking toplevel() on ptolemy.moml.MoMLSimpleApplication@1dce44f7
reloadAllAccessors: .DEFixedPointLimitation

===========================================================================================
----------------- testing Tue Jun 12 00:11:14 UTC 2018 /home/travis/build/icyphy/ptII/ptolemy/domains/de/test/auto/DEScheduleTest.xml
----------------- Instantiating /home/travis/build/icyphy/ptII/ptolemy/domains/de/test/auto/DEScheduleTest.xml
1 ms. Memory: 326144K Free: 217472K (67%)
----------------- Invoking toplevel() on ptolemy.moml.MoMLSimpleApplication@12ae6f76
----------------- Done invoking toplevel() on ptolemy.moml.MoMLSimpleApplication@12ae6f76
reloadAllAccessors: .DEScheduleTest

===========================================================================================
----------------- testing Tue Jun 12 00:11:14 UTC 2018 /home/travis/build/icyphy/ptII/ptolemy/domains/de/test/auto/DEinDEwithStartTimes.xml
----------------- Instantiating /home/travis/build/icyphy/ptII/ptolemy/domains/de/test/auto/DEinDEwithStartTimes.xml
1 ms. Memory: 326144K Free: 207682K (64%)
----------------- Invoking toplevel() on ptolemy.moml.MoMLSimpleApplication@169933b1
----------------- Done invoking toplevel() on ptolemy.moml.MoMLSimpleApplication@169933b1
reloadAllAccessors: .DEinDEwithStartTimes

===========================================================================================
----------------- testing Tue Jun 12 00:11:14 UTC 2018 /home/travis/build/icyphy/ptII/ptolemy/domains/de/test/auto/DEinDEwithStartTimes2.xml
----------------- Instantiating /home/travis/build/icyphy/ptII/ptolemy/domains/de/test/auto/DEinDEwithStartTimes2.xml
2 ms. Memory: 326144K Free: 192982K (59%)
----------------- Invoking toplevel() on ptolemy.moml.MoMLSimpleApplication@7f71a96b
----------------- Done invoking toplevel() on ptolemy.moml.MoMLSimpleApplication@7f71a96b
reloadAllAccessors: .DEinDEwithStartTimes2

===========================================================================================
----------------- testing Tue Jun 12 00:11:14 UTC 2018 /home/travis/build/icyphy/ptII/ptolemy/domains/de/test/auto/DateDemo.xml
----------------- Instantiating /home/travis/build/icyphy/ptII/ptolemy/domains/de/test/auto/DateDemo.xml
3 ms. Memory: 326144K Free: 173371K (53%)
----------------- Invoking toplevel() on ptolemy.moml.MoMLSimpleApplication@1f9b8a44
----------------- Done invoking toplevel() on ptolemy.moml.MoMLSimpleApplication@1f9b8a44
reloadAllAccessors: .DateDemo

===========================================================================================
----------------- testing Tue Jun 12 00:11:14 UTC 2018 /home/travis/build/icyphy/ptII/ptolemy/domains/de/test/auto/DateToEvent.xml
----------------- Instantiating /home/travis/build/icyphy/ptII/ptolemy/domains/de/test/auto/DateToEvent.xml
2004 ms. Memory: 326144K Free: 148865K (46%)
----------------- Invoking toplevel() on ptolemy.moml.MoMLSimpleApplication@2529894c
----------------- Done invoking toplevel() on ptolemy.moml.MoMLSimpleApplication@2529894c
reloadAllAccessors: .DateToEvent

===========================================================================================
----------------- testing Tue Jun 12 00:11:16 UTC 2018 /home/travis/build/icyphy/ptII/ptolemy/domains/de/test/auto/DepthTest1.xml
----------------- Instantiating /home/travis/build/icyphy/ptII/ptolemy/domains/de/test/auto/DepthTest1.xml
1 ms. Memory: 326144K Free: 136618K (42%)
----------------- Invoking toplevel() on ptolemy.moml.MoMLSimpleApplication@76c252af
----------------- Done invoking toplevel() on ptolemy.moml.MoMLSimpleApplication@76c252af
reloadAllAccessors: .DepthTest1

===========================================================================================
----------------- testing Tue Jun 12 00:11:16 UTC 2018 /home/travis/build/icyphy/ptII/ptolemy/domains/de/test/auto/DepthTest2.xml
----------------- Instantiating /home/travis/build/icyphy/ptII/ptolemy/domains/de/test/auto/DepthTest2.xml
1 ms. Memory: 326144K Free: 121918K (37%)
----------------- Invoking toplevel() on ptolemy.moml.MoMLSimpleApplication@48e4651e
----------------- Done invoking toplevel() on ptolemy.moml.MoMLSimpleApplication@48e4651e
reloadAllAccessors: .DepthTest2

===========================================================================================
----------------- testing Tue Jun 12 00:11:16 UTC 2018 /home/travis/build/icyphy/ptII/ptolemy/domains/de/test/auto/DepthTest3.xml
----------------- Instantiating /home/travis/build/icyphy/ptII/ptolemy/domains/de/test/auto/DepthTest3.xml
0 ms. Memory: 326144K Free: 112129K (34%)
----------------- Invoking toplevel() on ptolemy.moml.MoMLSimpleApplication@cacecfd
----------------- Done invoking toplevel() on ptolemy.moml.MoMLSimpleApplication@cacecfd
reloadAllAccessors: .DepthTest3

===========================================================================================
----------------- testing Tue Jun 12 00:11:16 UTC 2018 /home/travis/build/icyphy/ptII/ptolemy/domains/de/test/auto/DepthTest4.xml
----------------- Instantiating /home/travis/build/icyphy/ptII/ptolemy/domains/de/test/auto/DepthTest4.xml
1 ms. Memory: 326144K Free: 102339K (31%)
----------------- Invoking toplevel() on ptolemy.moml.MoMLSimpleApplication@48f97e21
----------------- Done invoking toplevel() on ptolemy.moml.MoMLSimpleApplication@48f97e21
reloadAllAccessors: .DepthTest4

===========================================================================================
----------------- testing Tue Jun 12 00:11:16 UTC 2018 /home/travis/build/icyphy/ptII/ptolemy/domains/de/test/auto/DepthTest5.xml
----------------- Instantiating /home/travis/build/icyphy/ptII/ptolemy/domains/de/test/auto/DepthTest5.xml
2 ms. Memory: 326144K Free: 87639K (27%)
----------------- Invoking toplevel() on ptolemy.moml.MoMLSimpleApplication@121d970b
----------------- Done invoking toplevel() on ptolemy.moml.MoMLSimpleApplication@121d970b
reloadAllAccessors: .DepthTest5

===========================================================================================
----------------- testing Tue Jun 12 00:11:16 UTC 2018 /home/travis/build/icyphy/ptII/ptolemy/domains/de/test/auto/DepthTest6.xml
----------------- Instantiating /home/travis/build/icyphy/ptII/ptolemy/domains/de/test/auto/DepthTest6.xml
7 ms. Memory: 315904K Free: 305179K (97%)
----------------- Invoking toplevel() on ptolemy.moml.MoMLSimpleApplication@47a27ba2
----------------- Done invoking toplevel() on ptolemy.moml.MoMLSimpleApplication@47a27ba2
reloadAllAccessors: .DepthTest6

===========================================================================================
----------------- testing Tue Jun 12 00:11:16 UTC 2018 /home/travis/build/icyphy/ptII/ptolemy/domains/de/test/auto/DepthTest7.xml
----------------- Instantiating /home/travis/build/icyphy/ptII/ptolemy/domains/de/test/auto/DepthTest7.xml
2 ms. Memory: 315904K Free: 294172K (93%)
----------------- Invoking toplevel() on ptolemy.moml.MoMLSimpleApplication@7f427489
----------------- Done invoking toplevel() on ptolemy.moml.MoMLSimpleApplication@7f427489
reloadAllAccessors: .DepthTest7

===========================================================================================
----------------- testing Tue Jun 12 00:11:16 UTC 2018 /home/travis/build/icyphy/ptII/ptolemy/domains/de/test/auto/EventToDate.xml
----------------- Instantiating /home/travis/build/icyphy/ptII/ptolemy/domains/de/test/auto/EventToDate.xml
3004 ms. Memory: 315904K Free: 277777K (88%)
----------------- Invoking toplevel() on ptolemy.moml.MoMLSimpleApplication@29f969b2
----------------- Done invoking toplevel() on ptolemy.moml.MoMLSimpleApplication@29f969b2
reloadAllAccessors: .EventToDate

===========================================================================================
----------------- testing Tue Jun 12 00:11:20 UTC 2018 /home/travis/build/icyphy/ptII/ptolemy/domains/de/test/auto/FSM1.xml
----------------- Instantiating /home/travis/build/icyphy/ptII/ptolemy/domains/de/test/auto/FSM1.xml
20 ms. Memory: 315904K Free: 261371K (83%)
----------------- Invoking toplevel() on ptolemy.moml.MoMLSimpleApplication@7989b3ca
----------------- Done invoking toplevel() on ptolemy.moml.MoMLSimpleApplication@7989b3ca
reloadAllAccessors: .FSM1

===========================================================================================
----------------- testing Tue Jun 12 00:11:20 UTC 2018 /home/travis/build/icyphy/ptII/ptolemy/domains/de/test/auto/FSM7.xml
----------------- Instantiating /home/travis/build/icyphy/ptII/ptolemy/domains/de/test/auto/FSM7.xml
9 ms. Memory: 315904K Free: 243345K (77%)
----------------- Invoking toplevel() on ptolemy.moml.MoMLSimpleApplication@48fdf1c7
----------------- Done invoking toplevel() on ptolemy.moml.MoMLSimpleApplication@48fdf1c7
reloadAllAccessors: .FSM7

===========================================================================================
----------------- testing Tue Jun 12 00:11:20 UTC 2018 /home/travis/build/icyphy/ptII/ptolemy/domains/de/test/auto/Inspection.xml
----------------- Instantiating /home/travis/build/icyphy/ptII/ptolemy/domains/de/test/auto/Inspection.xml
8 ms. Memory: 315904K Free: 229281K (73%)
----------------- Invoking toplevel() on ptolemy.moml.MoMLSimpleApplication@58ab679a
----------------- Done invoking toplevel() on ptolemy.moml.MoMLSimpleApplication@58ab679a
reloadAllAccessors: .Inspection

===========================================================================================
----------------- testing Tue Jun 12 00:11:20 UTC 2018 /home/travis/build/icyphy/ptII/ptolemy/domains/de/test/auto/Iteration.xml
----------------- Instantiating /home/travis/build/icyphy/ptII/ptolemy/domains/de/test/auto/Iteration.xml
6 ms. Memory: 315904K Free: 219906K (70%)
----------------- Invoking toplevel() on ptolemy.moml.MoMLSimpleApplication@3cae18b
----------------- Done invoking toplevel() on ptolemy.moml.MoMLSimpleApplication@3cae18b
reloadAllAccessors: .Iteration

===========================================================================================
----------------- testing Tue Jun 12 00:11:20 UTC 2018 /home/travis/build/icyphy/ptII/ptolemy/domains/de/test/auto/LineFault.xml
----------------- Instantiating /home/travis/build/icyphy/ptII/ptolemy/domains/de/test/auto/LineFault.xml
388 ms. Memory: 315904K Free: 98756K (31%)
----------------- Invoking toplevel() on ptolemy.moml.MoMLSimpleApplication@93629c3
----------------- Done invoking toplevel() on ptolemy.moml.MoMLSimpleApplication@93629c3
reloadAllAccessors: .LineFault

===========================================================================================
----------------- testing Tue Jun 12 00:11:20 UTC 2018 /home/travis/build/icyphy/ptII/ptolemy/domains/de/test/auto/MergeModel1Add.xml
----------------- Instantiating /home/travis/build/icyphy/ptII/ptolemy/domains/de/test/auto/MergeModel1Add.xml
4 ms. Memory: 315904K Free: 77641K (25%)
----------------- Invoking toplevel() on ptolemy.moml.MoMLSimpleApplication@414f1ce3
----------------- Done invoking toplevel() on ptolemy.moml.MoMLSimpleApplication@414f1ce3
reloadAllAccessors: .MergeModel1Add

===========================================================================================
----------------- testing Tue Jun 12 00:11:20 UTC 2018 /home/travis/build/icyphy/ptII/ptolemy/domains/de/test/auto/MergeModel2Add.xml
----------------- Instantiating /home/travis/build/icyphy/ptII/ptolemy/domains/de/test/auto/MergeModel2Add.xml
5 ms. Memory: 305152K Free: 280579K (92%)
----------------- Invoking toplevel() on ptolemy.moml.MoMLSimpleApplication@55b15fd7
----------------- Done invoking toplevel() on ptolemy.moml.MoMLSimpleApplication@55b15fd7
reloadAllAccessors: .MergeModel2Add

===========================================================================================
----------------- testing Tue Jun 12 00:11:20 UTC 2018 /home/travis/build/icyphy/ptII/ptolemy/domains/de/test/auto/MergeModel3Add.xml
----------------- Instantiating /home/travis/build/icyphy/ptII/ptolemy/domains/de/test/auto/MergeModel3Add.xml
3 ms. Memory: 305152K Free: 259380K (85%)
----------------- Invoking toplevel() on ptolemy.moml.MoMLSimpleApplication@28b431ee
----------------- Done invoking toplevel() on ptolemy.moml.MoMLSimpleApplication@28b431ee
reloadAllAccessors: .MergeModel3Add

===========================================================================================
----------------- testing Tue Jun 12 00:11:20 UTC 2018 /home/travis/build/icyphy/ptII/ptolemy/domains/de/test/auto/MergeWithoutDiscard.xml
----------------- Instantiating /home/travis/build/icyphy/ptII/ptolemy/domains/de/test/auto/MergeWithoutDiscard.xml
1 ms. Memory: 305152K Free: 252652K (83%)
----------------- Invoking toplevel() on ptolemy.moml.MoMLSimpleApplication@4d895e7d
----------------- Done invoking toplevel() on ptolemy.moml.MoMLSimpleApplication@4d895e7d
reloadAllAccessors: .MergeWithoutDiscard

===========================================================================================
----------------- testing Tue Jun 12 00:11:20 UTC 2018 /home/travis/build/icyphy/ptII/ptolemy/domains/de/test/auto/Modal1.xml
----------------- Instantiating /home/travis/build/icyphy/ptII/ptolemy/domains/de/test/auto/Modal1.xml
6 ms. Memory: 305152K Free: 235944K (77%)
----------------- Invoking toplevel() on ptolemy.moml.MoMLSimpleApplication@64099996
----------------- Done invoking toplevel() on ptolemy.moml.MoMLSimpleApplication@64099996
reloadAllAccessors: .Modal1

===========================================================================================
----------------- testing Tue Jun 12 00:11:20 UTC 2018 /home/travis/build/icyphy/ptII/ptolemy/domains/de/test/auto/Modal2.xml
----------------- Instantiating /home/travis/build/icyphy/ptII/ptolemy/domains/de/test/auto/Modal2.xml
6 ms. Memory: 305152K Free: 220266K (72%)
----------------- Invoking toplevel() on ptolemy.moml.MoMLSimpleApplication@29cd6068
----------------- Done invoking toplevel() on ptolemy.moml.MoMLSimpleApplication@29cd6068
reloadAllAccessors: .Modal2

===========================================================================================
----------------- testing Tue Jun 12 00:11:20 UTC 2018 /home/travis/build/icyphy/ptII/ptolemy/domains/de/test/auto/Modal3.xml
----------------- Instantiating /home/travis/build/icyphy/ptII/ptolemy/domains/de/test/auto/Modal3.xml
7 ms. Memory: 305152K Free: 203574K (67%)
----------------- Invoking toplevel() on ptolemy.moml.MoMLSimpleApplication@2996a674
----------------- Done invoking toplevel() on ptolemy.moml.MoMLSimpleApplication@2996a674
reloadAllAccessors: .Modal3

===========================================================================================
----------------- testing Tue Jun 12 00:11:20 UTC 2018 /home/travis/build/icyphy/ptII/ptolemy/domains/de/test/auto/Modal4.xml
----------------- Instantiating /home/travis/build/icyphy/ptII/ptolemy/domains/de/test/auto/Modal4.xml
10 ms. Memory: 305152K Free: 187863K (62%)
----------------- Invoking toplevel() on ptolemy.moml.MoMLSimpleApplication@764c669f
----------------- Done invoking toplevel() on ptolemy.moml.MoMLSimpleApplication@764c669f
reloadAllAccessors: .Modal4

===========================================================================================
----------------- testing Tue Jun 12 00:11:20 UTC 2018 /home/travis/build/icyphy/ptII/ptolemy/domains/de/test/auto/Modal5.xml
----------------- Instantiating /home/travis/build/icyphy/ptII/ptolemy/domains/de/test/auto/Modal5.xml
6 ms. Memory: 305152K Free: 171155K (56%)
----------------- Invoking toplevel() on ptolemy.moml.MoMLSimpleApplication@2a0d8e6
----------------- Done invoking toplevel() on ptolemy.moml.MoMLSimpleApplication@2a0d8e6
reloadAllAccessors: .Modal5

===========================================================================================
----------------- testing Tue Jun 12 00:11:20 UTC 2018 /home/travis/build/icyphy/ptII/ptolemy/domains/de/test/auto/Modal6.xml
----------------- Instantiating /home/travis/build/icyphy/ptII/ptolemy/domains/de/test/auto/Modal6.xml
12 ms. Memory: 305152K Free: 155437K (51%)
----------------- Invoking toplevel() on ptolemy.moml.MoMLSimpleApplication@23ab957a
----------------- Done invoking toplevel() on ptolemy.moml.MoMLSimpleApplication@23ab957a
reloadAllAccessors: .Modal6

===========================================================================================
----------------- testing Tue Jun 12 00:11:20 UTC 2018 /home/travis/build/icyphy/ptII/ptolemy/domains/de/test/auto/Modal7.xml
----------------- Instantiating /home/travis/build/icyphy/ptII/ptolemy/domains/de/test/auto/Modal7.xml
7 ms. Memory: 305152K Free: 138745K (45%)
----------------- Invoking toplevel() on ptolemy.moml.MoMLSimpleApplication@4a6812d4
----------------- Done invoking toplevel() on ptolemy.moml.MoMLSimpleApplication@4a6812d4
reloadAllAccessors: .Modal7

===========================================================================================
----------------- testing Tue Jun 12 00:11:20 UTC 2018 /home/travis/build/icyphy/ptII/ptolemy/domains/de/test/auto/ModalModel.xml
----------------- Instantiating /home/travis/build/icyphy/ptII/ptolemy/domains/de/test/auto/ModalModel.xml
115 ms. Memory: 295936K Free: 280846K (95%)
----------------- Invoking toplevel() on ptolemy.moml.MoMLSimpleApplication@5a54f88a
----------------- Done invoking toplevel() on ptolemy.moml.MoMLSimpleApplication@5a54f88a
reloadAllAccessors: .ModalModel

===========================================================================================
----------------- testing Tue Jun 12 00:11:21 UTC 2018 /home/travis/build/icyphy/ptII/ptolemy/domains/de/test/auto/ModalSource.xml
----------------- Instantiating /home/travis/build/icyphy/ptII/ptolemy/domains/de/test/auto/ModalSource.xml
4 ms. Memory: 295936K Free: 268934K (91%)
----------------- Invoking toplevel() on ptolemy.moml.MoMLSimpleApplication@686dba0b
----------------- Done invoking toplevel() on ptolemy.moml.MoMLSimpleApplication@686dba0b
reloadAllAccessors: .ModalSource

===========================================================================================
----------------- testing Tue Jun 12 00:11:21 UTC 2018 /home/travis/build/icyphy/ptII/ptolemy/domains/de/test/auto/NonInterruptibleTimerZeroDelay.xml
----------------- Instantiating /home/travis/build/icyphy/ptII/ptolemy/domains/de/test/auto/NonInterruptibleTimerZeroDelay.xml
1 ms. Memory: 295936K Free: 262549K (89%)
----------------- Invoking toplevel() on ptolemy.moml.MoMLSimpleApplication@1cef06d2
----------------- Done invoking toplevel() on ptolemy.moml.MoMLSimpleApplication@1cef06d2
reloadAllAccessors: .NonInterruptibleTimerZeroDelay

===========================================================================================
----------------- testing Tue Jun 12 00:11:21 UTC 2018 /home/travis/build/icyphy/ptII/ptolemy/domains/de/test/auto/OpenQueueingNetwork.xml
----------------- Instantiating /home/travis/build/icyphy/ptII/ptolemy/domains/de/test/auto/OpenQueueingNetwork.xml
1955 ms. Memory: 269312K Free: 229986K (85%)
----------------- Invoking toplevel() on ptolemy.moml.MoMLSimpleApplication@2d53e886
----------------- Done invoking toplevel() on ptolemy.moml.MoMLSimpleApplication@2d53e886
reloadAllAccessors: .OpenQueueingNetwork

===========================================================================================
----------------- testing Tue Jun 12 00:11:23 UTC 2018 /home/travis/build/icyphy/ptII/ptolemy/domains/de/test/auto/OpenQueuingNetwork.xml
----------------- Instantiating /home/travis/build/icyphy/ptII/ptolemy/domains/de/test/auto/OpenQueuingNetwork.xml
187 ms. Memory: 269312K Free: 137940K (51%)
----------------- Invoking toplevel() on ptolemy.moml.MoMLSimpleApplication@6d466cd9
----------------- Done invoking toplevel() on ptolemy.moml.MoMLSimpleApplication@6d466cd9
reloadAllAccessors: .OpenQueuingNetwork

===========================================================================================
----------------- testing Tue Jun 12 00:11:23 UTC 2018 /home/travis/build/icyphy/ptII/ptolemy/domains/de/test/auto/PeriodicSampler.xml
----------------- Instantiating /home/travis/build/icyphy/ptII/ptolemy/domains/de/test/auto/PeriodicSampler.xml
2 ms. Memory: 269312K Free: 131897K (49%)
----------------- Invoking toplevel() on ptolemy.moml.MoMLSimpleApplication@660e844
----------------- Done invoking toplevel() on ptolemy.moml.MoMLSimpleApplication@660e844
reloadAllAccessors: .PeriodicSampler

===========================================================================================
----------------- testing Tue Jun 12 00:11:23 UTC 2018 /home/travis/build/icyphy/ptII/ptolemy/domains/de/test/auto/PersistentIO.xml
----------------- Instantiating /home/travis/build/icyphy/ptII/ptolemy/domains/de/test/auto/PersistentIO.xml
4 ms. Memory: 269312K Free: 120200K (45%)
----------------- Invoking toplevel() on ptolemy.moml.MoMLSimpleApplication@35facdf9
----------------- Done invoking toplevel() on ptolemy.moml.MoMLSimpleApplication@35facdf9
reloadAllAccessors: .PersistentIO

===========================================================================================
----------------- testing Tue Jun 12 00:11:23 UTC 2018 /home/travis/build/icyphy/ptII/ptolemy/domains/de/test/auto/PortParameterResetOnInitialize.xml
----------------- Instantiating /home/travis/build/icyphy/ptII/ptolemy/domains/de/test/auto/PortParameterResetOnInitialize.xml
2 ms. Memory: 269312K Free: 113767K (42%)
----------------- Invoking toplevel() on ptolemy.moml.MoMLSimpleApplication@2188329a
----------------- Done invoking toplevel() on ptolemy.moml.MoMLSimpleApplication@2188329a
reloadAllAccessors: .PortParameterResetOnInitialize

===========================================================================================
----------------- testing Tue Jun 12 00:11:23 UTC 2018 /home/travis/build/icyphy/ptII/ptolemy/domains/de/test/auto/PortParameterUpdates.xml
----------------- Instantiating /home/travis/build/icyphy/ptII/ptolemy/domains/de/test/auto/PortParameterUpdates.xml
3 ms. Memory: 269312K Free: 105842K (39%)
----------------- Invoking toplevel() on ptolemy.moml.MoMLSimpleApplication@5031ad53
----------------- Done invoking toplevel() on ptolemy.moml.MoMLSimpleApplication@5031ad53
reloadAllAccessors: .PortParameterUpdates

===========================================================================================
----------------- testing Tue Jun 12 00:11:23 UTC 2018 /home/travis/build/icyphy/ptII/ptolemy/domains/de/test/auto/QueueAndServer.xml
----------------- Instantiating /home/travis/build/icyphy/ptII/ptolemy/domains/de/test/auto/QueueAndServer.xml
5 ms. Memory: 269312K Free: 96041K (36%)
----------------- Invoking toplevel() on ptolemy.moml.MoMLSimpleApplication@931fd62
----------------- Done invoking toplevel() on ptolemy.moml.MoMLSimpleApplication@931fd62
reloadAllAccessors: .QueueAndServer

===========================================================================================
----------------- testing Tue Jun 12 00:11:23 UTC 2018 /home/travis/build/icyphy/ptII/ptolemy/domains/de/test/auto/Records.xml
----------------- Instantiating /home/travis/build/icyphy/ptII/ptolemy/domains/de/test/auto/Records.xml
4 ms. Memory: 269312K Free: 87744K (33%)
----------------- Invoking toplevel() on ptolemy.moml.MoMLSimpleApplication@2259bab5
----------------- Done invoking toplevel() on ptolemy.moml.MoMLSimpleApplication@2259bab5
reloadAllAccessors: .Records

===========================================================================================
----------------- testing Tue Jun 12 00:11:23 UTC 2018 /home/travis/build/icyphy/ptII/ptolemy/domains/de/test/auto/ResetTransitionWithStartTime1.xml
----------------- Instantiating /home/travis/build/icyphy/ptII/ptolemy/domains/de/test/auto/ResetTransitionWithStartTime1.xml
5 ms. Memory: 269312K Free: 76032K (28%)
----------------- Invoking toplevel() on ptolemy.moml.MoMLSimpleApplication@7ebf21a6
----------------- Done invoking toplevel() on ptolemy.moml.MoMLSimpleApplication@7ebf21a6
reloadAllAccessors: .ResetTransitionWithStartTime1

===========================================================================================
----------------- testing Tue Jun 12 00:11:23 UTC 2018 /home/travis/build/icyphy/ptII/ptolemy/domains/de/test/auto/ResetTransitionWithStartTime2.xml
----------------- Instantiating /home/travis/build/icyphy/ptII/ptolemy/domains/de/test/auto/ResetTransitionWithStartTime2.xml
4 ms. Memory: 263168K Free: 246862K (94%)
----------------- Invoking toplevel() on ptolemy.moml.MoMLSimpleApplication@24b02aa8
----------------- Done invoking toplevel() on ptolemy.moml.MoMLSimpleApplication@24b02aa8
reloadAllAccessors: .ResetTransitionWithStartTime2

===========================================================================================
----------------- testing Tue Jun 12 00:11:23 UTC 2018 /home/travis/build/icyphy/ptII/ptolemy/domains/de/test/auto/ResetTransitionWithStartTime3.xml
----------------- Instantiating /home/travis/build/icyphy/ptII/ptolemy/domains/de/test/auto/ResetTransitionWithStartTime3.xml
4 ms. Memory: 263168K Free: 235497K (89%)
----------------- Invoking toplevel() on ptolemy.moml.MoMLSimpleApplication@2dfeaff8
----------------- Done invoking toplevel() on ptolemy.moml.MoMLSimpleApplication@2dfeaff8
reloadAllAccessors: .ResetTransitionWithStartTime3

===========================================================================================
----------------- testing Tue Jun 12 00:11:23 UTC 2018 /home/travis/build/icyphy/ptII/ptolemy/domains/de/test/auto/ResetTransitionWithStartTime4.xml
----------------- Instantiating /home/travis/build/icyphy/ptII/ptolemy/domains/de/test/auto/ResetTransitionWithStartTime4.xml
3 ms. Memory: 263168K Free: 225926K (86%)
----------------- Invoking toplevel() on ptolemy.moml.MoMLSimpleApplication@41a35e5b
----------------- Done invoking toplevel() on ptolemy.moml.MoMLSimpleApplication@41a35e5b
reloadAllAccessors: .ResetTransitionWithStartTime4

===========================================================================================
----------------- testing Tue Jun 12 00:11:23 UTC 2018 /home/travis/build/icyphy/ptII/ptolemy/domains/de/test/auto/ResettableTimer1.xml
----------------- Instantiating /home/travis/build/icyphy/ptII/ptolemy/domains/de/test/auto/ResettableTimer1.xml
2 ms. Memory: 263168K Free: 219959K (84%)
----------------- Invoking toplevel() on ptolemy.moml.MoMLSimpleApplication@3cb01167
----------------- Done invoking toplevel() on ptolemy.moml.MoMLSimpleApplication@3cb01167
reloadAllAccessors: .ResettableTimer1

===========================================================================================
----------------- testing Tue Jun 12 00:11:23 UTC 2018 /home/travis/build/icyphy/ptII/ptolemy/domains/de/test/auto/ResettableTimer2.xml
----------------- Instantiating /home/travis/build/icyphy/ptII/ptolemy/domains/de/test/auto/ResettableTimer2.xml
1 ms. Memory: 263168K Free: 214006K (81%)
----------------- Invoking toplevel() on ptolemy.moml.MoMLSimpleApplication@79492ae0
----------------- Done invoking toplevel() on ptolemy.moml.MoMLSimpleApplication@79492ae0
reloadAllAccessors: .ResettableTimer2

===========================================================================================
----------------- testing Tue Jun 12 00:11:23 UTC 2018 /home/travis/build/icyphy/ptII/ptolemy/domains/de/test/auto/ResettableTimer3.xml
----------------- Instantiating /home/travis/build/icyphy/ptII/ptolemy/domains/de/test/auto/ResettableTimer3.xml
2 ms. Memory: 263168K Free: 208038K (79%)
----------------- Invoking toplevel() on ptolemy.moml.MoMLSimpleApplication@7ba7717f
----------------- Done invoking toplevel() on ptolemy.moml.MoMLSimpleApplication@7ba7717f
reloadAllAccessors: .ResettableTimer3

===========================================================================================
----------------- testing Tue Jun 12 00:11:23 UTC 2018 /home/travis/build/icyphy/ptII/ptolemy/domains/de/test/auto/ResettableTimer4.xml
----------------- Instantiating /home/travis/build/icyphy/ptII/ptolemy/domains/de/test/auto/ResettableTimer4.xml
1 ms. Memory: 263168K Free: 202071K (77%)
----------------- Invoking toplevel() on ptolemy.moml.MoMLSimpleApplication@e1473d9
----------------- Done invoking toplevel() on ptolemy.moml.MoMLSimpleApplication@e1473d9
reloadAllAccessors: .ResettableTimer4

===========================================================================================
----------------- testing Tue Jun 12 00:11:23 UTC 2018 /home/travis/build/icyphy/ptII/ptolemy/domains/de/test/auto/ResettableTimer5.xml
----------------- Instantiating /home/travis/build/icyphy/ptII/ptolemy/domains/de/test/auto/ResettableTimer5.xml
1 ms. Memory: 263168K Free: 194310K (74%)
----------------- Invoking toplevel() on ptolemy.moml.MoMLSimpleApplication@263d4183
----------------- Done invoking toplevel() on ptolemy.moml.MoMLSimpleApplication@263d4183
reloadAllAccessors: .ResettableTimer5

===========================================================================================
----------------- testing Tue Jun 12 00:11:23 UTC 2018 /home/travis/build/icyphy/ptII/ptolemy/domains/de/test/auto/ResettableTimer6.xml
----------------- Instantiating /home/travis/build/icyphy/ptII/ptolemy/domains/de/test/auto/ResettableTimer6.xml
4 ms. Memory: 263168K Free: 186549K (71%)
----------------- Invoking toplevel() on ptolemy.moml.MoMLSimpleApplication@615b17d5
----------------- Done invoking toplevel() on ptolemy.moml.MoMLSimpleApplication@615b17d5
reloadAllAccessors: .ResettableTimer6

===========================================================================================
----------------- testing Tue Jun 12 00:11:23 UTC 2018 /home/travis/build/icyphy/ptII/ptolemy/domains/de/test/auto/ServerZeroDelay.xml
----------------- Instantiating /home/travis/build/icyphy/ptII/ptolemy/domains/de/test/auto/ServerZeroDelay.xml
2 ms. Memory: 263168K Free: 180582K (69%)
----------------- Invoking toplevel() on ptolemy.moml.MoMLSimpleApplication@450ab73d
----------------- Done invoking toplevel() on ptolemy.moml.MoMLSimpleApplication@450ab73d
reloadAllAccessors: .ServerZeroDelay

===========================================================================================
----------------- testing Tue Jun 12 00:11:23 UTC 2018 /home/travis/build/icyphy/ptII/ptolemy/domains/de/test/auto/SmartSender.xml
----------------- Instantiating /home/travis/build/icyphy/ptII/ptolemy/domains/de/test/auto/SmartSender.xml
3005 ms. Memory: 263168K Free: 174615K (66%)
----------------- Invoking toplevel() on ptolemy.moml.MoMLSimpleApplication@6bd837f2
----------------- Done invoking toplevel() on ptolemy.moml.MoMLSimpleApplication@6bd837f2
reloadAllAccessors: .SmartSender

===========================================================================================
----------------- testing Tue Jun 12 00:11:26 UTC 2018 /home/travis/build/icyphy/ptII/ptolemy/domains/de/test/auto/ThreadedComposite.xml
----------------- Instantiating /home/travis/build/icyphy/ptII/ptolemy/domains/de/test/auto/ThreadedComposite.xml
172 ms. Memory: 263168K Free: 148776K (57%)
----------------- Invoking toplevel() on ptolemy.moml.MoMLSimpleApplication@65e869d
----------------- Done invoking toplevel() on ptolemy.moml.MoMLSimpleApplication@65e869d
reloadAllAccessors: .ThreadedComposite

===========================================================================================
----------------- testing Tue Jun 12 00:11:26 UTC 2018 /home/travis/build/icyphy/ptII/ptolemy/domains/de/test/auto/Time.xml
----------------- Instantiating /home/travis/build/icyphy/ptII/ptolemy/domains/de/test/auto/Time.xml
465 ms. Memory: 263168K Free: 92609K (35%)
----------------- Invoking toplevel() on ptolemy.moml.MoMLSimpleApplication@424d75ee
----------------- Done invoking toplevel() on ptolemy.moml.MoMLSimpleApplication@424d75ee
reloadAllAccessors: .Time

===========================================================================================
----------------- testing Tue Jun 12 00:11:27 UTC 2018 /home/travis/build/icyphy/ptII/ptolemy/domains/de/test/auto/TimeDelayZeroDelay.xml
----------------- Instantiating /home/travis/build/icyphy/ptII/ptolemy/domains/de/test/auto/TimeDelayZeroDelay.xml
3 ms. Memory: 263168K Free: 86650K (33%)
----------------- Invoking toplevel() on ptolemy.moml.MoMLSimpleApplication@2c4cb004
----------------- Done invoking toplevel() on ptolemy.moml.MoMLSimpleApplication@2c4cb004
reloadAllAccessors: .TimeDelayZeroDelay

===========================================================================================
----------------- testing Tue Jun 12 00:11:27 UTC 2018 /home/travis/build/icyphy/ptII/ptolemy/domains/de/test/auto/TimerZeroDelay.xml
----------------- Instantiating /home/travis/build/icyphy/ptII/ptolemy/domains/de/test/auto/TimerZeroDelay.xml
2 ms. Memory: 263168K Free: 80699K (31%)
----------------- Invoking toplevel() on ptolemy.moml.MoMLSimpleApplication@4e0b08ea
----------------- Done invoking toplevel() on ptolemy.moml.MoMLSimpleApplication@4e0b08ea
reloadAllAccessors: .TimerZeroDelay

===========================================================================================
----------------- testing Tue Jun 12 00:11:27 UTC 2018 /home/travis/build/icyphy/ptII/ptolemy/domains/de/test/auto/TimingParadox.xml
----------------- Instantiating /home/travis/build/icyphy/ptII/ptolemy/domains/de/test/auto/TimingParadox.xml
285 ms. Memory: 254464K Free: 181536K (71%)
----------------- Invoking toplevel() on ptolemy.moml.MoMLSimpleApplication@7a304822
----------------- Done invoking toplevel() on ptolemy.moml.MoMLSimpleApplication@7a304822
reloadAllAccessors: .TimingParadox

===========================================================================================
----------------- testing Tue Jun 12 00:11:27 UTC 2018 /home/travis/build/icyphy/ptII/ptolemy/domains/de/test/auto/TransferInputs.xml
----------------- Instantiating /home/travis/build/icyphy/ptII/ptolemy/domains/de/test/auto/TransferInputs.xml
1 ms. Memory: 254464K Free: 176252K (69%)
----------------- Invoking toplevel() on ptolemy.moml.MoMLSimpleApplication@7d924121
----------------- Done invoking toplevel() on ptolemy.moml.MoMLSimpleApplication@7d924121
reloadAllAccessors: .TransferInputs

===========================================================================================
----------------- testing Tue Jun 12 00:11:27 UTC 2018 /home/travis/build/icyphy/ptII/ptolemy/domains/de/test/auto/TransferOutputs2.xml
----------------- Instantiating /home/travis/build/icyphy/ptII/ptolemy/domains/de/test/auto/TransferOutputs2.xml
3 ms. Memory: 254464K Free: 166565K (65%)
----------------- Invoking toplevel() on ptolemy.moml.MoMLSimpleApplication@5169cc42
----------------- Done invoking toplevel() on ptolemy.moml.MoMLSimpleApplication@5169cc42
reloadAllAccessors: .TransferOutputs2

===========================================================================================
----------------- testing Tue Jun 12 00:11:27 UTC 2018 /home/travis/build/icyphy/ptII/ptolemy/domains/de/test/auto/Trilateration.xml
----------------- Instantiating /home/travis/build/icyphy/ptII/ptolemy/domains/de/test/auto/Trilateration.xml
10526 ms. Memory: 541184K Free: 94154K (17%)
----------------- Invoking toplevel() on ptolemy.moml.MoMLSimpleApplication@36c13a79
----------------- Done invoking toplevel() on ptolemy.moml.MoMLSimpleApplication@36c13a79
reloadAllAccessors: .Trilateration

===========================================================================================
----------------- testing Tue Jun 12 00:11:39 UTC 2018 /home/travis/build/icyphy/ptII/ptolemy/domains/de/test/auto/TwoSigmaDelta.xml
----------------- Instantiating /home/travis/build/icyphy/ptII/ptolemy/domains/de/test/auto/TwoSigmaDelta.xml
2057 ms. Memory: 524288K Free: 239409K (46%)
----------------- Invoking toplevel() on ptolemy.moml.MoMLSimpleApplication@78e31ea2
----------------- Done invoking toplevel() on ptolemy.moml.MoMLSimpleApplication@78e31ea2
reloadAllAccessors: .TwoSigmaDelta

===========================================================================================
----------------- testing Tue Jun 12 00:11:41 UTC 2018 /home/travis/build/icyphy/ptII/ptolemy/domains/de/test/auto/VariableDelay.xml
----------------- Instantiating /home/travis/build/icyphy/ptII/ptolemy/domains/de/test/auto/VariableDelay.xml
2 ms. Memory: 524288K Free: 225300K (43%)
----------------- Invoking toplevel() on ptolemy.moml.MoMLSimpleApplication@74050b5
----------------- Done invoking toplevel() on ptolemy.moml.MoMLSimpleApplication@74050b5
reloadAllAccessors: .VariableDelay

===========================================================================================
----------------- testing Tue Jun 12 00:11:41 UTC 2018 /home/travis/build/icyphy/ptII/ptolemy/domains/de/test/auto/VariableDelay2.xml
----------------- Instantiating /home/travis/build/icyphy/ptII/ptolemy/domains/de/test/auto/VariableDelay2.xml
2 ms. Memory: 524288K Free: 216011K (41%)
----------------- Invoking toplevel() on ptolemy.moml.MoMLSimpleApplication@54e4fdd0
----------------- Done invoking toplevel() on ptolemy.moml.MoMLSimpleApplication@54e4fdd0
reloadAllAccessors: .VariableDelay2

===========================================================================================
----------------- testing Tue Jun 12 00:11:41 UTC 2018 /home/travis/build/icyphy/ptII/ptolemy/domains/de/test/auto/VariableDelayZeroDelay.xml
----------------- Instantiating /home/travis/build/icyphy/ptII/ptolemy/domains/de/test/auto/VariableDelayZeroDelay.xml
1 ms. Memory: 524288K Free: 206722K (39%)
----------------- Invoking toplevel() on ptolemy.moml.MoMLSimpleApplication@77101135
----------------- Done invoking toplevel() on ptolemy.moml.MoMLSimpleApplication@77101135
reloadAllAccessors: .VariableDelayZeroDelay

===========================================================================================
----------------- testing Tue Jun 12 00:11:41 UTC 2018 /home/travis/build/icyphy/ptII/ptolemy/domains/de/test/auto/VariableDelayZeroDelay2.xml
----------------- Instantiating /home/travis/build/icyphy/ptII/ptolemy/domains/de/test/auto/VariableDelayZeroDelay2.xml
2 ms. Memory: 524288K Free: 197433K (38%)
----------------- Invoking toplevel() on ptolemy.moml.MoMLSimpleApplication@fe526d0
----------------- Done invoking toplevel() on ptolemy.moml.MoMLSimpleApplication@fe526d0
reloadAllAccessors: .VariableDelayZeroDelay2

===========================================================================================
----------------- testing Tue Jun 12 00:11:41 UTC 2018 /home/travis/build/icyphy/ptII/ptolemy/domains/de/test/auto/deInCt.xml
----------------- Instantiating /home/travis/build/icyphy/ptII/ptolemy/domains/de/test/auto/deInCt.xml
0
1
1
0
0
0
1
1
1
1
0
0
0
1
1
1
0
0
0
1
1
1
0
0
0
1
1
1
0
0
0
1
1
1
1
1
1
0
0
0
1
1
1
1
9 ms. Memory: 524288K Free: 188144K (36%)
----------------- Invoking toplevel() on ptolemy.moml.MoMLSimpleApplication@4a3ff9e0
----------------- Done invoking toplevel() on ptolemy.moml.MoMLSimpleApplication@4a3ff9e0
reloadAllAccessors: .deInCt

===========================================================================================
----------------- testing Tue Jun 12 00:11:41 UTC 2018 /home/travis/build/icyphy/ptII/ptolemy/domains/de/test/auto/deInCt2.xml
----------------- Instantiating /home/travis/build/icyphy/ptII/ptolemy/domains/de/test/auto/deInCt2.xml
0
1
1
1
0
0
1
1
1
0
0
1
1
1
0
0
1
1
1
0
0
1
1
1
0
0
1
1
1
0
0
1
1
1
0
0
1
1
1
0
0
0
5 ms. Memory: 524288K Free: 178855K (34%)
----------------- Invoking toplevel() on ptolemy.moml.MoMLSimpleApplication@1a986de6
----------------- Done invoking toplevel() on ptolemy.moml.MoMLSimpleApplication@1a986de6
reloadAllAccessors: .deInCt2

===========================================================================================
----------------- testing Tue Jun 12 00:11:41 UTC 2018 /home/travis/build/icyphy/ptII/ptolemy/domains/de/test/auto/dynamicCausalityInterface1.xml
----------------- Instantiating /home/travis/build/icyphy/ptII/ptolemy/domains/de/test/auto/dynamicCausalityInterface1.xml
1 ms. Memory: 524288K Free: 160768K (31%)
----------------- Invoking toplevel() on ptolemy.moml.MoMLSimpleApplication@6d477d96
----------------- Done invoking toplevel() on ptolemy.moml.MoMLSimpleApplication@6d477d96
reloadAllAccessors: .dynamicCausalityInterface1

===========================================================================================
----------------- testing Tue Jun 12 00:11:41 UTC 2018 /home/travis/build/icyphy/ptII/ptolemy/domains/de/test/auto/fsm_de_test.xml
----------------- Instantiating /home/travis/build/icyphy/ptII/ptolemy/domains/de/test/auto/fsm_de_test.xml
4 ms. Memory: 524288K Free: 147080K (28%)
----------------- Invoking toplevel() on ptolemy.moml.MoMLSimpleApplication@f0540e3
----------------- Done invoking toplevel() on ptolemy.moml.MoMLSimpleApplication@f0540e3
reloadAllAccessors: .fsm_de_test

===========================================================================================
----------------- testing Tue Jun 12 00:11:41 UTC 2018 /home/travis/build/icyphy/ptII/ptolemy/domains/de/test/auto/functionDependencyReconstruction.xml
----------------- Instantiating /home/travis/build/icyphy/ptII/ptolemy/domains/de/test/auto/functionDependencyReconstruction.xml
2 ms. Memory: 524288K Free: 124610K (24%)
----------------- Invoking toplevel() on ptolemy.moml.MoMLSimpleApplication@7716c2e2
----------------- Done invoking toplevel() on ptolemy.moml.MoMLSimpleApplication@7716c2e2
reloadAllAccessors: .functionDependencyReconstruction

===========================================================================================
----------------- testing Tue Jun 12 00:11:41 UTC 2018 /home/travis/build/icyphy/ptII/ptolemy/domains/de/test/auto/multirate.xml
----------------- Instantiating /home/travis/build/icyphy/ptII/ptolemy/domains/de/test/auto/multirate.xml
2 ms. Memory: 524288K Free: 110922K (21%)
----------------- Invoking toplevel() on ptolemy.moml.MoMLSimpleApplication@3e773215
----------------- Done invoking toplevel() on ptolemy.moml.MoMLSimpleApplication@3e773215
reloadAllAccessors: .multirate

===========================================================================================
----------------- testing Tue Jun 12 00:11:41 UTC 2018 /home/travis/build/icyphy/ptII/ptolemy/domains/de/test/auto/multirate2.xml
----------------- Instantiating /home/travis/build/icyphy/ptII/ptolemy/domains/de/test/auto/multirate2.xml
3 ms. Memory: 524288K Free: 97250K (19%)
----------------- Invoking toplevel() on ptolemy.moml.MoMLSimpleApplication@703c7e62
----------------- Done invoking toplevel() on ptolemy.moml.MoMLSimpleApplication@703c7e62
reloadAllAccessors: .multirate2

===========================================================================================
----------------- testing Tue Jun 12 00:11:41 UTC 2018 /home/travis/build/icyphy/ptII/ptolemy/domains/de/test/auto/realtime.xml
----------------- Instantiating /home/travis/build/icyphy/ptII/ptolemy/domains/de/test/auto/realtime.xml
10001 ms. Memory: 524288K Free: 87690K (17%)
----------------- Invoking toplevel() on ptolemy.moml.MoMLSimpleApplication@470e975e
----------------- Done invoking toplevel() on ptolemy.moml.MoMLSimpleApplication@470e975e
reloadAllAccessors: .realtime

===========================================================================================
----------------- testing Tue Jun 12 00:11:51 UTC 2018 /home/travis/build/icyphy/ptII/ptolemy/domains/de/test/auto/relationGroup.xml
----------------- Instantiating /home/travis/build/icyphy/ptII/ptolemy/domains/de/test/auto/relationGroup.xml
1 ms. Memory: 524288K Free: 78401K (15%)
----------------- Invoking toplevel() on ptolemy.moml.MoMLSimpleApplication@95767a6
----------------- Done invoking toplevel() on ptolemy.moml.MoMLSimpleApplication@95767a6
reloadAllAccessors: .relationGroup

===========================================================================================
----------------- testing Tue Jun 12 00:11:51 UTC 2018 /home/travis/build/icyphy/ptII/ptolemy/domains/de/test/auto/relationGroup2.xml
----------------- Instantiating /home/travis/build/icyphy/ptII/ptolemy/domains/de/test/auto/relationGroup2.xml
1 ms. Memory: 524288K Free: 69112K (13%)
----------------- Invoking toplevel() on ptolemy.moml.MoMLSimpleApplication@5a653d3f
----------------- Done invoking toplevel() on ptolemy.moml.MoMLSimpleApplication@5a653d3f
reloadAllAccessors: .relationGroup2

===========================================================================================
----------------- testing Tue Jun 12 00:11:51 UTC 2018 /home/travis/build/icyphy/ptII/ptolemy/domains/de/test/auto/sortWithOpaquePorts.xml
----------------- Instantiating /home/travis/build/icyphy/ptII/ptolemy/domains/de/test/auto/sortWithOpaquePorts.xml
1 ms. Memory: 524288K Free: 61336K (12%)
----------------- Invoking toplevel() on ptolemy.moml.MoMLSimpleApplication@2c6cebb1
----------------- Done invoking toplevel() on ptolemy.moml.MoMLSimpleApplication@2c6cebb1
reloadAllAccessors: .sortWithOpaquePorts

===========================================================================================
----------------- testing Tue Jun 12 00:11:51 UTC 2018 /home/travis/build/icyphy/ptII/ptolemy/domains/de/test/auto/transferInputsandOutputs.xml
----------------- Instantiating /home/travis/build/icyphy/ptII/ptolemy/domains/de/test/auto/transferInputsandOutputs.xml
2 ms. Memory: 499712K Free: 461965K (92%)
----------------- Invoking toplevel() on ptolemy.moml.MoMLSimpleApplication@1d3e09ee
----------------- Done invoking toplevel() on ptolemy.moml.MoMLSimpleApplication@1d3e09ee
reloadAllAccessors: .transferInputsandOutputs

===========================================================================================
----------------- testing Tue Jun 12 00:11:51 UTC 2018 /home/travis/build/icyphy/ptII/ptolemy/domains/de/test/auto/triggerType.xml
----------------- Instantiating /home/travis/build/icyphy/ptII/ptolemy/domains/de/test/auto/triggerType.xml
1 ms. Memory: 499712K Free: 452940K (91%)
----------------- Invoking toplevel() on ptolemy.moml.MoMLSimpleApplication@332155f8
----------------- Done invoking toplevel() on ptolemy.moml.MoMLSimpleApplication@332155f8
reloadAllAccessors: .triggerType
AutoTests.java: About to close Vertx.
AutoTests.java: Vertx closed.
]]></system-out>
  <system-err><![CDATA[java.lang.RuntimeException: Execution failed
	at ptolemy.moml.MoMLSimpleApplication$UnloadThread.run(MoMLSimpleApplication.java:402)
Caused by: ptolemy.kernel.util.IllegalActionException: Found a zero delay loop containing .dependencyLoop.original
  in .dependencyLoop and .dependencyLoop.original
	at ptolemy.actor.util.CausalityInterfaceForComposites._computeOutputPortDepth(CausalityInterfaceForComposites.java:759)
	at ptolemy.actor.util.CausalityInterfaceForComposites._computeInputDepth(CausalityInterfaceForComposites.java:696)
	at ptolemy.actor.util.CausalityInterfaceForComposites._computeOutputPortDepth(CausalityInterfaceForComposites.java:765)
	at ptolemy.actor.util.CausalityInterfaceForComposites._computeInputDepth(CausalityInterfaceForComposites.java:696)
	at ptolemy.actor.util.CausalityInterfaceForComposites._computeOutputPortDepth(CausalityInterfaceForComposites.java:765)
	at ptolemy.actor.util.CausalityInterfaceForComposites._computeInputDepth(CausalityInterfaceForComposites.java:696)
	at ptolemy.actor.util.CausalityInterfaceForComposites._computeActorDepth(CausalityInterfaceForComposites.java:532)
	at ptolemy.actor.util.CausalityInterfaceForComposites.checkForCycles(CausalityInterfaceForComposites.java:96)
	at ptolemy.domains.de.kernel.DEDirector.preinitialize(DEDirector.java:1338)
	at ptolemy.actor.CompositeActor.preinitialize(CompositeActor.java:1828)
	at ptolemy.actor.Manager.preinitializeAndResolveTypes(Manager.java:1040)
	at ptolemy.actor.Manager.initialize(Manager.java:710)
	at ptolemy.actor.Manager.execute(Manager.java:356)
	at ptolemy.actor.Manager.run(Manager.java:1263)
	at ptolemy.actor.Manager$PtolemyRunThread.run(Manager.java:1915)
java.lang.RuntimeException: Execution failed
	at ptolemy.moml.MoMLSimpleApplication$UnloadThread.run(MoMLSimpleApplication.java:402)
Caused by: ptolemy.kernel.util.IllegalActionException: Found a zero delay loop containing .dependencyLoop2.original
  in .dependencyLoop2 and .dependencyLoop2.original
	at ptolemy.actor.util.CausalityInterfaceForComposites._computeOutputPortDepth(CausalityInterfaceForComposites.java:759)
	at ptolemy.actor.util.CausalityInterfaceForComposites._computeInputDepth(CausalityInterfaceForComposites.java:696)
	at ptolemy.actor.util.CausalityInterfaceForComposites._computeOutputPortDepth(CausalityInterfaceForComposites.java:765)
	at ptolemy.actor.util.CausalityInterfaceForComposites._computeInputDepth(CausalityInterfaceForComposites.java:696)
	at ptolemy.actor.util.CausalityInterfaceForComposites._computeOutputPortDepth(CausalityInterfaceForComposites.java:765)
	at ptolemy.actor.util.CausalityInterfaceForComposites._computeInputDepth(CausalityInterfaceForComposites.java:696)
	at ptolemy.actor.util.CausalityInterfaceForComposites._computeActorDepth(CausalityInterfaceForComposites.java:532)
	at ptolemy.actor.util.CausalityInterfaceForComposites.checkForCycles(CausalityInterfaceForComposites.java:96)
	at ptolemy.domains.de.kernel.DEDirector.preinitialize(DEDirector.java:1338)
	at ptolemy.actor.CompositeActor.preinitialize(CompositeActor.java:1828)
	at ptolemy.actor.Manager.preinitializeAndResolveTypes(Manager.java:1040)
	at ptolemy.actor.Manager.initialize(Manager.java:710)
	at ptolemy.actor.Manager.execute(Manager.java:356)
	at ptolemy.actor.Manager.run(Manager.java:1263)
	at ptolemy.actor.Manager$PtolemyRunThread.run(Manager.java:1915)
java.lang.RuntimeException: Execution failed
	at ptolemy.moml.MoMLSimpleApplication$UnloadThread.run(MoMLSimpleApplication.java:402)
Caused by: ptolemy.kernel.util.IllegalActionException: Found a zero delay loop containing .dependencyLoop.original
  in .dependencyLoop and .dependencyLoop.original
	at ptolemy.actor.util.CausalityInterfaceForComposites._computeOutputPortDepth(CausalityInterfaceForComposites.java:759)
	at ptolemy.actor.util.CausalityInterfaceForComposites._computeInputDepth(CausalityInterfaceForComposites.java:696)
	at ptolemy.actor.util.CausalityInterfaceForComposites._computeOutputPortDepth(CausalityInterfaceForComposites.java:765)
	at ptolemy.actor.util.CausalityInterfaceForComposites._computeInputDepth(CausalityInterfaceForComposites.java:696)
	at ptolemy.actor.util.CausalityInterfaceForComposites._computeOutputPortDepth(CausalityInterfaceForComposites.java:765)
	at ptolemy.actor.util.CausalityInterfaceForComposites._computeInputDepth(CausalityInterfaceForComposites.java:696)
	at ptolemy.actor.util.CausalityInterfaceForComposites._computeActorDepth(CausalityInterfaceForComposites.java:532)
	at ptolemy.actor.util.CausalityInterfaceForComposites.checkForCycles(CausalityInterfaceForComposites.java:96)
	at ptolemy.domains.de.kernel.DEDirector.preinitialize(DEDirector.java:1338)
	at ptolemy.actor.CompositeActor.preinitialize(CompositeActor.java:1828)
	at ptolemy.actor.Manager.preinitializeAndResolveTypes(Manager.java:1040)
	at ptolemy.actor.Manager.initialize(Manager.java:710)
	at ptolemy.actor.Manager.execute(Manager.java:356)
	at ptolemy.actor.Manager.run(Manager.java:1263)
	at ptolemy.actor.Manager$PtolemyRunThread.run(Manager.java:1915)
java.lang.RuntimeException: Execution failed
	at ptolemy.moml.MoMLSimpleApplication$UnloadThread.run(MoMLSimpleApplication.java:402)
Caused by: ptolemy.kernel.util.IllegalActionException: Actor is not ready to fire.  Perhaps UpSample.prefire() returned false? Try debugging the actor by selecting "Listen to Actor".  Also, for SDF check moml for tokenConsumptionRate on input.
  in .DESDFClockTest.Play Bell.Copy1:SDF Director and .DESDFClockTest.Play Bell.UpSample
	at ptolemy.actor.sched.StaticSchedulingDirector.fire(StaticSchedulingDirector.java:227)
	at ptolemy.domains.sdf.kernel.SDFDirector.fire(SDFDirector.java:500)
	at ptolemy.actor.CompositeActor.fire(CompositeActor.java:455)
	at ptolemy.domains.de.kernel.DEDirector._fire(DEDirector.java:1949)
	at ptolemy.domains.de.kernel.DEDirector.fire(DEDirector.java:502)
	at ptolemy.actor.CompositeActor.fire(CompositeActor.java:455)
	at ptolemy.actor.Manager.iterate(Manager.java:851)
	at ptolemy.actor.Manager.execute(Manager.java:369)
	at ptolemy.actor.Manager.run(Manager.java:1263)
	at ptolemy.actor.Manager$PtolemyRunThread.run(Manager.java:1915)
java.lang.RuntimeException: Execution failed
	at ptolemy.moml.MoMLSimpleApplication$UnloadThread.run(MoMLSimpleApplication.java:402)
Caused by: ptolemy.kernel.util.IllegalActionException: Found a zero delay loop containing .dependencyLoop2.original
  in .dependencyLoop2 and .dependencyLoop2.original
	at ptolemy.actor.util.CausalityInterfaceForComposites._computeOutputPortDepth(CausalityInterfaceForComposites.java:759)
	at ptolemy.actor.util.CausalityInterfaceForComposites._computeInputDepth(CausalityInterfaceForComposites.java:696)
	at ptolemy.actor.util.CausalityInterfaceForComposites._computeOutputPortDepth(CausalityInterfaceForComposites.java:765)
	at ptolemy.actor.util.CausalityInterfaceForComposites._computeInputDepth(CausalityInterfaceForComposites.java:696)
	at ptolemy.actor.util.CausalityInterfaceForComposites._computeOutputPortDepth(CausalityInterfaceForComposites.java:765)
	at ptolemy.actor.util.CausalityInterfaceForComposites._computeInputDepth(CausalityInterfaceForComposites.java:696)
	at ptolemy.actor.util.CausalityInterfaceForComposites._computeActorDepth(CausalityInterfaceForComposites.java:532)
	at ptolemy.actor.util.CausalityInterfaceForComposites.checkForCycles(CausalityInterfaceForComposites.java:96)
	at ptolemy.domains.de.kernel.DEDirector.preinitialize(DEDirector.java:1338)
	at ptolemy.actor.CompositeActor.preinitialize(CompositeActor.java:1828)
	at ptolemy.actor.Manager.preinitializeAndResolveTypes(Manager.java:1040)
	at ptolemy.actor.Manager.initialize(Manager.java:710)
	at ptolemy.actor.Manager.execute(Manager.java:356)
	at ptolemy.actor.Manager.run(Manager.java:1263)
	at ptolemy.actor.Manager$PtolemyRunThread.run(Manager.java:1915)
java.lang.RuntimeException: Execution failed
	at ptolemy.moml.MoMLSimpleApplication$UnloadThread.run(MoMLSimpleApplication.java:402)
Caused by: ptolemy.kernel.util.IllegalActionException: Found a zero delay loop containing .HierarchicalModel.A
  in .HierarchicalModel and .HierarchicalModel.A
	at ptolemy.actor.util.CausalityInterfaceForComposites._computeOutputPortDepth(CausalityInterfaceForComposites.java:759)
	at ptolemy.actor.util.CausalityInterfaceForComposites._computeInputDepth(CausalityInterfaceForComposites.java:696)
	at ptolemy.actor.util.CausalityInterfaceForComposites._computeOutputPortDepth(CausalityInterfaceForComposites.java:765)
	at ptolemy.actor.util.CausalityInterfaceForComposites._computeInputDepth(CausalityInterfaceForComposites.java:696)
	at ptolemy.actor.util.CausalityInterfaceForComposites._computeOutputPortDepth(CausalityInterfaceForComposites.java:765)
	at ptolemy.actor.util.CausalityInterfaceForComposites._computeInputDepth(CausalityInterfaceForComposites.java:696)
	at ptolemy.actor.util.CausalityInterfaceForComposites._computeActorDepth(CausalityInterfaceForComposites.java:532)
	at ptolemy.actor.util.CausalityInterfaceForComposites.checkForCycles(CausalityInterfaceForComposites.java:96)
	at ptolemy.domains.de.kernel.DEDirector.preinitialize(DEDirector.java:1338)
	at ptolemy.actor.CompositeActor.preinitialize(CompositeActor.java:1828)
	at ptolemy.actor.Manager.preinitializeAndResolveTypes(Manager.java:1040)
	at ptolemy.actor.Manager.initialize(Manager.java:710)
	at ptolemy.actor.Manager.execute(Manager.java:356)
	at ptolemy.actor.Manager.run(Manager.java:1263)
	at ptolemy.actor.Manager$PtolemyRunThread.run(Manager.java:1915)
java.lang.RuntimeException: Execution failed
	at ptolemy.moml.MoMLSimpleApplication$UnloadThread.run(MoMLSimpleApplication.java:402)
Caused by: ptolemy.kernel.util.IllegalActionException: Test fails in iteration 1.
Value was: 1.0. Should have been: 2.0
  in .DirectFeedback.Test
	at ptolemy.actor.lib.Test.fire(Test.java:268)
	at ptolemy.domains.de.kernel.DEDirector._fire(DEDirector.java:1949)
	at ptolemy.domains.de.kernel.DEDirector.fire(DEDirector.java:502)
	at ptolemy.actor.CompositeActor.fire(CompositeActor.java:455)
	at ptolemy.actor.Manager.iterate(Manager.java:851)
	at ptolemy.actor.Manager.execute(Manager.java:369)
	at ptolemy.actor.Manager.run(Manager.java:1263)
	at ptolemy.actor.Manager$PtolemyRunThread.run(Manager.java:1915)
java.lang.RuntimeException: Execution failed
	at ptolemy.moml.MoMLSimpleApplication$UnloadThread.run(MoMLSimpleApplication.java:402)
Caused by: ptolemy.kernel.util.IllegalActionException: Actor is not ready to fire.  Perhaps UpSample.prefire() returned false? Try debugging the actor by selecting "Listen to Actor".  Also, for SDF check moml for tokenConsumptionRate on input.
  in .DESDFClockTest.Play Bell.Copy1:SDF Director and .DESDFClockTest.Play Bell.UpSample
	at ptolemy.actor.sched.StaticSchedulingDirector.fire(StaticSchedulingDirector.java:227)
	at ptolemy.domains.sdf.kernel.SDFDirector.fire(SDFDirector.java:500)
	at ptolemy.actor.CompositeActor.fire(CompositeActor.java:455)
	at ptolemy.domains.de.kernel.DEDirector._fire(DEDirector.java:1949)
	at ptolemy.domains.de.kernel.DEDirector.fire(DEDirector.java:502)
	at ptolemy.actor.CompositeActor.fire(CompositeActor.java:455)
	at ptolemy.actor.Manager.iterate(Manager.java:851)
	at ptolemy.actor.Manager.execute(Manager.java:369)
	at ptolemy.actor.Manager.run(Manager.java:1263)
	at ptolemy.actor.Manager$PtolemyRunThread.run(Manager.java:1915)
java.lang.reflect.InvocationTargetException
	at sun.reflect.NativeConstructorAccessorImpl.newInstance0(Native Method)
	at sun.reflect.NativeConstructorAccessorImpl.newInstance(NativeConstructorAccessorImpl.java:62)
	at sun.reflect.DelegatingConstructorAccessorImpl.newInstance(DelegatingConstructorAccessorImpl.java:45)
	at java.lang.reflect.Constructor.newInstance(Constructor.java:423)
	at ptolemy.util.test.junit.AutoKnownFailedTests.RunModel(AutoKnownFailedTests.java:107)
	at sun.reflect.NativeMethodAccessorImpl.invoke0(Native Method)
	at sun.reflect.NativeMethodAccessorImpl.invoke(NativeMethodAccessorImpl.java:62)
	at sun.reflect.DelegatingMethodAccessorImpl.invoke(DelegatingMethodAccessorImpl.java:43)
	at java.lang.reflect.Method.invoke(Method.java:498)
	at org.junit.runners.model.FrameworkMethod$1.runReflectiveCall(FrameworkMethod.java:44)
	at org.junit.internal.runners.model.ReflectiveCallable.run(ReflectiveCallable.java:15)
	at org.junit.runners.model.FrameworkMethod.invokeExplosively(FrameworkMethod.java:41)
	at junitparams.internal.InvokeParameterisedMethod.evaluate(InvokeParameterisedMethod.java:102)
	at org.junit.internal.runners.statements.FailOnTimeout$1.run(FailOnTimeout.java:28)
Caused by: ptolemy.kernel.util.IllegalActionException: Actor is not ready to fire.  Perhaps UpSample.prefire() returned false? Try debugging the actor by selecting "Listen to Actor".  Also, for SDF check moml for tokenConsumptionRate on input.
  in .DESDFClockTest.Play Bell.Copy1:SDF Director and .DESDFClockTest.Play Bell.UpSample
	at ptolemy.actor.sched.StaticSchedulingDirector.fire(StaticSchedulingDirector.java:227)
	at ptolemy.domains.sdf.kernel.SDFDirector.fire(SDFDirector.java:500)
	at ptolemy.actor.CompositeActor.fire(CompositeActor.java:455)
	at ptolemy.domains.de.kernel.DEDirector._fire(DEDirector.java:1949)
	at ptolemy.domains.de.kernel.DEDirector.fire(DEDirector.java:502)
	at ptolemy.actor.CompositeActor.fire(CompositeActor.java:455)
	at ptolemy.actor.Manager.iterate(Manager.java:851)
	at ptolemy.actor.Manager.execute(Manager.java:369)
	at ptolemy.actor.Manager.run(Manager.java:1263)
	at ptolemy.actor.Manager$PtolemyRunThread.run(Manager.java:1915)
java.lang.RuntimeException: Execution failed
	at ptolemy.moml.MoMLSimpleApplication$UnloadThread.run(MoMLSimpleApplication.java:402)
Caused by: ptolemy.kernel.util.IllegalActionException: Test fails in iteration 1.
Value was: 1.0. Should have been: 2.0
  in .DirectFeedback.Test
	at ptolemy.actor.lib.Test.fire(Test.java:268)
	at ptolemy.domains.de.kernel.DEDirector._fire(DEDirector.java:1949)
	at ptolemy.domains.de.kernel.DEDirector.fire(DEDirector.java:502)
	at ptolemy.actor.CompositeActor.fire(CompositeActor.java:455)
	at ptolemy.actor.Manager.iterate(Manager.java:851)
	at ptolemy.actor.Manager.execute(Manager.java:369)
	at ptolemy.actor.Manager.run(Manager.java:1263)
	at ptolemy.actor.Manager$PtolemyRunThread.run(Manager.java:1915)
java.lang.reflect.InvocationTargetException
	at sun.reflect.NativeConstructorAccessorImpl.newInstance0(Native Method)
	at sun.reflect.NativeConstructorAccessorImpl.newInstance(NativeConstructorAccessorImpl.java:62)
	at sun.reflect.DelegatingConstructorAccessorImpl.newInstance(DelegatingConstructorAccessorImpl.java:45)
	at java.lang.reflect.Constructor.newInstance(Constructor.java:423)
	at ptolemy.util.test.junit.AutoKnownFailedTests.RunModel(AutoKnownFailedTests.java:107)
	at sun.reflect.NativeMethodAccessorImpl.invoke0(Native Method)
	at sun.reflect.NativeMethodAccessorImpl.invoke(NativeMethodAccessorImpl.java:62)
	at sun.reflect.DelegatingMethodAccessorImpl.invoke(DelegatingMethodAccessorImpl.java:43)
	at java.lang.reflect.Method.invoke(Method.java:498)
	at org.junit.runners.model.FrameworkMethod$1.runReflectiveCall(FrameworkMethod.java:44)
	at org.junit.internal.runners.model.ReflectiveCallable.run(ReflectiveCallable.java:15)
	at org.junit.runners.model.FrameworkMethod.invokeExplosively(FrameworkMethod.java:41)
	at junitparams.internal.InvokeParameterisedMethod.evaluate(InvokeParameterisedMethod.java:102)
	at org.junit.internal.runners.statements.FailOnTimeout$1.run(FailOnTimeout.java:28)
Caused by: ptolemy.kernel.util.IllegalActionException: Test fails in iteration 1.
Value was: 1.0. Should have been: 2.0
  in .DirectFeedback.Test
	at ptolemy.actor.lib.Test.fire(Test.java:268)
	at ptolemy.domains.de.kernel.DEDirector._fire(DEDirector.java:1949)
	at ptolemy.domains.de.kernel.DEDirector.fire(DEDirector.java:502)
	at ptolemy.actor.CompositeActor.fire(CompositeActor.java:455)
	at ptolemy.actor.Manager.iterate(Manager.java:851)
	at ptolemy.actor.Manager.execute(Manager.java:369)
	at ptolemy.actor.Manager.run(Manager.java:1263)
	at ptolemy.actor.Manager$PtolemyRunThread.run(Manager.java:1915)
java.lang.RuntimeException: Execution failed
	at ptolemy.moml.MoMLSimpleApplication$UnloadThread.run(MoMLSimpleApplication.java:402)
Caused by: ptolemy.kernel.util.IllegalActionException: Found a zero delay loop containing .HierarchicalModel.A
  in .HierarchicalModel and .HierarchicalModel.A
	at ptolemy.actor.util.CausalityInterfaceForComposites._computeOutputPortDepth(CausalityInterfaceForComposites.java:759)
	at ptolemy.actor.util.CausalityInterfaceForComposites._computeInputDepth(CausalityInterfaceForComposites.java:696)
	at ptolemy.actor.util.CausalityInterfaceForComposites._computeOutputPortDepth(CausalityInterfaceForComposites.java:765)
	at ptolemy.actor.util.CausalityInterfaceForComposites._computeInputDepth(CausalityInterfaceForComposites.java:696)
	at ptolemy.actor.util.CausalityInterfaceForComposites._computeOutputPortDepth(CausalityInterfaceForComposites.java:765)
	at ptolemy.actor.util.CausalityInterfaceForComposites._computeInputDepth(CausalityInterfaceForComposites.java:696)
	at ptolemy.actor.util.CausalityInterfaceForComposites._computeActorDepth(CausalityInterfaceForComposites.java:532)
	at ptolemy.actor.util.CausalityInterfaceForComposites.checkForCycles(CausalityInterfaceForComposites.java:96)
	at ptolemy.domains.de.kernel.DEDirector.preinitialize(DEDirector.java:1338)
	at ptolemy.actor.CompositeActor.preinitialize(CompositeActor.java:1828)
	at ptolemy.actor.Manager.preinitializeAndResolveTypes(Manager.java:1040)
	at ptolemy.actor.Manager.initialize(Manager.java:710)
	at ptolemy.actor.Manager.execute(Manager.java:356)
	at ptolemy.actor.Manager.run(Manager.java:1263)
	at ptolemy.actor.Manager$PtolemyRunThread.run(Manager.java:1915)
java.lang.reflect.InvocationTargetException
	at sun.reflect.NativeConstructorAccessorImpl.newInstance0(Native Method)
	at sun.reflect.NativeConstructorAccessorImpl.newInstance(NativeConstructorAccessorImpl.java:62)
	at sun.reflect.DelegatingConstructorAccessorImpl.newInstance(DelegatingConstructorAccessorImpl.java:45)
	at java.lang.reflect.Constructor.newInstance(Constructor.java:423)
	at ptolemy.util.test.junit.AutoKnownFailedTests.RunModel(AutoKnownFailedTests.java:107)
	at sun.reflect.NativeMethodAccessorImpl.invoke0(Native Method)
	at sun.reflect.NativeMethodAccessorImpl.invoke(NativeMethodAccessorImpl.java:62)
	at sun.reflect.DelegatingMethodAccessorImpl.invoke(DelegatingMethodAccessorImpl.java:43)
	at java.lang.reflect.Method.invoke(Method.java:498)
	at org.junit.runners.model.FrameworkMethod$1.runReflectiveCall(FrameworkMethod.java:44)
	at org.junit.internal.runners.model.ReflectiveCallable.run(ReflectiveCallable.java:15)
	at org.junit.runners.model.FrameworkMethod.invokeExplosively(FrameworkMethod.java:41)
	at junitparams.internal.InvokeParameterisedMethod.evaluate(InvokeParameterisedMethod.java:102)
	at org.junit.internal.runners.statements.FailOnTimeout$1.run(FailOnTimeout.java:28)
Caused by: ptolemy.kernel.util.IllegalActionException: Found a zero delay loop containing .HierarchicalModel.A
  in .HierarchicalModel and .HierarchicalModel.A
	at ptolemy.actor.util.CausalityInterfaceForComposites._computeOutputPortDepth(CausalityInterfaceForComposites.java:759)
	at ptolemy.actor.util.CausalityInterfaceForComposites._computeInputDepth(CausalityInterfaceForComposites.java:696)
	at ptolemy.actor.util.CausalityInterfaceForComposites._computeOutputPortDepth(CausalityInterfaceForComposites.java:765)
	at ptolemy.actor.util.CausalityInterfaceForComposites._computeInputDepth(CausalityInterfaceForComposites.java:696)
	at ptolemy.actor.util.CausalityInterfaceForComposites._computeOutputPortDepth(CausalityInterfaceForComposites.java:765)
	at ptolemy.actor.util.CausalityInterfaceForComposites._computeInputDepth(CausalityInterfaceForComposites.java:696)
	at ptolemy.actor.util.CausalityInterfaceForComposites._computeActorDepth(CausalityInterfaceForComposites.java:532)
	at ptolemy.actor.util.CausalityInterfaceForComposites.checkForCycles(CausalityInterfaceForComposites.java:96)
	at ptolemy.domains.de.kernel.DEDirector.preinitialize(DEDirector.java:1338)
	at ptolemy.actor.CompositeActor.preinitialize(CompositeActor.java:1828)
	at ptolemy.actor.Manager.preinitializeAndResolveTypes(Manager.java:1040)
	at ptolemy.actor.Manager.initialize(Manager.java:710)
	at ptolemy.actor.Manager.execute(Manager.java:356)
	at ptolemy.actor.Manager.run(Manager.java:1263)
	at ptolemy.actor.Manager$PtolemyRunThread.run(Manager.java:1915)
java.lang.RuntimeException: Execution failed
	at ptolemy.moml.MoMLSimpleApplication$UnloadThread.run(MoMLSimpleApplication.java:402)
Caused by: ptolemy.kernel.util.IllegalActionException: Found a zero delay loop containing .dependencyLoop.original
  in .dependencyLoop and .dependencyLoop.original
	at ptolemy.actor.util.CausalityInterfaceForComposites._computeOutputPortDepth(CausalityInterfaceForComposites.java:759)
	at ptolemy.actor.util.CausalityInterfaceForComposites._computeInputDepth(CausalityInterfaceForComposites.java:696)
	at ptolemy.actor.util.CausalityInterfaceForComposites._computeOutputPortDepth(CausalityInterfaceForComposites.java:765)
	at ptolemy.actor.util.CausalityInterfaceForComposites._computeInputDepth(CausalityInterfaceForComposites.java:696)
	at ptolemy.actor.util.CausalityInterfaceForComposites._computeOutputPortDepth(CausalityInterfaceForComposites.java:765)
	at ptolemy.actor.util.CausalityInterfaceForComposites._computeInputDepth(CausalityInterfaceForComposites.java:696)
	at ptolemy.actor.util.CausalityInterfaceForComposites._computeActorDepth(CausalityInterfaceForComposites.java:532)
	at ptolemy.actor.util.CausalityInterfaceForComposites.checkForCycles(CausalityInterfaceForComposites.java:96)
	at ptolemy.domains.de.kernel.DEDirector.preinitialize(DEDirector.java:1338)
	at ptolemy.actor.CompositeActor.preinitialize(CompositeActor.java:1828)
	at ptolemy.actor.Manager.preinitializeAndResolveTypes(Manager.java:1040)
	at ptolemy.actor.Manager.initialize(Manager.java:710)
	at ptolemy.actor.Manager.execute(Manager.java:356)
	at ptolemy.actor.Manager.run(Manager.java:1263)
	at ptolemy.actor.Manager$PtolemyRunThread.run(Manager.java:1915)
java.lang.reflect.InvocationTargetException
	at sun.reflect.NativeConstructorAccessorImpl.newInstance0(Native Method)
	at sun.reflect.NativeConstructorAccessorImpl.newInstance(NativeConstructorAccessorImpl.java:62)
	at sun.reflect.DelegatingConstructorAccessorImpl.newInstance(DelegatingConstructorAccessorImpl.java:45)
	at java.lang.reflect.Constructor.newInstance(Constructor.java:423)
	at ptolemy.util.test.junit.AutoKnownFailedTests.RunModel(AutoKnownFailedTests.java:107)
	at sun.reflect.NativeMethodAccessorImpl.invoke0(Native Method)
	at sun.reflect.NativeMethodAccessorImpl.invoke(NativeMethodAccessorImpl.java:62)
	at sun.reflect.DelegatingMethodAccessorImpl.invoke(DelegatingMethodAccessorImpl.java:43)
	at java.lang.reflect.Method.invoke(Method.java:498)
	at org.junit.runners.model.FrameworkMethod$1.runReflectiveCall(FrameworkMethod.java:44)
	at org.junit.internal.runners.model.ReflectiveCallable.run(ReflectiveCallable.java:15)
	at org.junit.runners.model.FrameworkMethod.invokeExplosively(FrameworkMethod.java:41)
	at junitparams.internal.InvokeParameterisedMethod.evaluate(InvokeParameterisedMethod.java:102)
	at org.junit.internal.runners.statements.FailOnTimeout$1.run(FailOnTimeout.java:28)
Caused by: ptolemy.kernel.util.IllegalActionException: Found a zero delay loop containing .dependencyLoop.original
  in .dependencyLoop and .dependencyLoop.original
	at ptolemy.actor.util.CausalityInterfaceForComposites._computeOutputPortDepth(CausalityInterfaceForComposites.java:759)
	at ptolemy.actor.util.CausalityInterfaceForComposites._computeInputDepth(CausalityInterfaceForComposites.java:696)
	at ptolemy.actor.util.CausalityInterfaceForComposites._computeOutputPortDepth(CausalityInterfaceForComposites.java:765)
	at ptolemy.actor.util.CausalityInterfaceForComposites._computeInputDepth(CausalityInterfaceForComposites.java:696)
	at ptolemy.actor.util.CausalityInterfaceForComposites._computeOutputPortDepth(CausalityInterfaceForComposites.java:765)
	at ptolemy.actor.util.CausalityInterfaceForComposites._computeInputDepth(CausalityInterfaceForComposites.java:696)
	at ptolemy.actor.util.CausalityInterfaceForComposites._computeActorDepth(CausalityInterfaceForComposites.java:532)
	at ptolemy.actor.util.CausalityInterfaceForComposites.checkForCycles(CausalityInterfaceForComposites.java:96)
	at ptolemy.domains.de.kernel.DEDirector.preinitialize(DEDirector.java:1338)
	at ptolemy.actor.CompositeActor.preinitialize(CompositeActor.java:1828)
	at ptolemy.actor.Manager.preinitializeAndResolveTypes(Manager.java:1040)
	at ptolemy.actor.Manager.initialize(Manager.java:710)
	at ptolemy.actor.Manager.execute(Manager.java:356)
	at ptolemy.actor.Manager.run(Manager.java:1263)
	at ptolemy.actor.Manager$PtolemyRunThread.run(Manager.java:1915)
java.lang.RuntimeException: Execution failed
	at ptolemy.moml.MoMLSimpleApplication$UnloadThread.run(MoMLSimpleApplication.java:402)
Caused by: ptolemy.kernel.util.IllegalActionException: Found a zero delay loop containing .dependencyLoop2.original
  in .dependencyLoop2 and .dependencyLoop2.original
	at ptolemy.actor.util.CausalityInterfaceForComposites._computeOutputPortDepth(CausalityInterfaceForComposites.java:759)
	at ptolemy.actor.util.CausalityInterfaceForComposites._computeInputDepth(CausalityInterfaceForComposites.java:696)
	at ptolemy.actor.util.CausalityInterfaceForComposites._computeOutputPortDepth(CausalityInterfaceForComposites.java:765)
	at ptolemy.actor.util.CausalityInterfaceForComposites._computeInputDepth(CausalityInterfaceForComposites.java:696)
	at ptolemy.actor.util.CausalityInterfaceForComposites._computeOutputPortDepth(CausalityInterfaceForComposites.java:765)
	at ptolemy.actor.util.CausalityInterfaceForComposites._computeInputDepth(CausalityInterfaceForComposites.java:696)
	at ptolemy.actor.util.CausalityInterfaceForComposites._computeActorDepth(CausalityInterfaceForComposites.java:532)
	at ptolemy.actor.util.CausalityInterfaceForComposites.checkForCycles(CausalityInterfaceForComposites.java:96)
	at ptolemy.domains.de.kernel.DEDirector.preinitialize(DEDirector.java:1338)
	at ptolemy.actor.CompositeActor.preinitialize(CompositeActor.java:1828)
	at ptolemy.actor.Manager.preinitializeAndResolveTypes(Manager.java:1040)
	at ptolemy.actor.Manager.initialize(Manager.java:710)
	at ptolemy.actor.Manager.execute(Manager.java:356)
	at ptolemy.actor.Manager.run(Manager.java:1263)
	at ptolemy.actor.Manager$PtolemyRunThread.run(Manager.java:1915)
java.lang.reflect.InvocationTargetException
	at sun.reflect.NativeConstructorAccessorImpl.newInstance0(Native Method)
	at sun.reflect.NativeConstructorAccessorImpl.newInstance(NativeConstructorAccessorImpl.java:62)
	at sun.reflect.DelegatingConstructorAccessorImpl.newInstance(DelegatingConstructorAccessorImpl.java:45)
	at java.lang.reflect.Constructor.newInstance(Constructor.java:423)
	at ptolemy.util.test.junit.AutoKnownFailedTests.RunModel(AutoKnownFailedTests.java:107)
	at sun.reflect.NativeMethodAccessorImpl.invoke0(Native Method)
	at sun.reflect.NativeMethodAccessorImpl.invoke(NativeMethodAccessorImpl.java:62)
	at sun.reflect.DelegatingMethodAccessorImpl.invoke(DelegatingMethodAccessorImpl.java:43)
	at java.lang.reflect.Method.invoke(Method.java:498)
	at org.junit.runners.model.FrameworkMethod$1.runReflectiveCall(FrameworkMethod.java:44)
	at org.junit.internal.runners.model.ReflectiveCallable.run(ReflectiveCallable.java:15)
	at org.junit.runners.model.FrameworkMethod.invokeExplosively(FrameworkMethod.java:41)
	at junitparams.internal.InvokeParameterisedMethod.evaluate(InvokeParameterisedMethod.java:102)
	at org.junit.internal.runners.statements.FailOnTimeout$1.run(FailOnTimeout.java:28)
Caused by: ptolemy.kernel.util.IllegalActionException: Found a zero delay loop containing .dependencyLoop2.original
  in .dependencyLoop2 and .dependencyLoop2.original
	at ptolemy.actor.util.CausalityInterfaceForComposites._computeOutputPortDepth(CausalityInterfaceForComposites.java:759)
	at ptolemy.actor.util.CausalityInterfaceForComposites._computeInputDepth(CausalityInterfaceForComposites.java:696)
	at ptolemy.actor.util.CausalityInterfaceForComposites._computeOutputPortDepth(CausalityInterfaceForComposites.java:765)
	at ptolemy.actor.util.CausalityInterfaceForComposites._computeInputDepth(CausalityInterfaceForComposites.java:696)
	at ptolemy.actor.util.CausalityInterfaceForComposites._computeOutputPortDepth(CausalityInterfaceForComposites.java:765)
	at ptolemy.actor.util.CausalityInterfaceForComposites._computeInputDepth(CausalityInterfaceForComposites.java:696)
	at ptolemy.actor.util.CausalityInterfaceForComposites._computeActorDepth(CausalityInterfaceForComposites.java:532)
	at ptolemy.actor.util.CausalityInterfaceForComposites.checkForCycles(CausalityInterfaceForComposites.java:96)
	at ptolemy.domains.de.kernel.DEDirector.preinitialize(DEDirector.java:1338)
	at ptolemy.actor.CompositeActor.preinitialize(CompositeActor.java:1828)
	at ptolemy.actor.Manager.preinitializeAndResolveTypes(Manager.java:1040)
	at ptolemy.actor.Manager.initialize(Manager.java:710)
	at ptolemy.actor.Manager.execute(Manager.java:356)
	at ptolemy.actor.Manager.run(Manager.java:1263)
	at ptolemy.actor.Manager$PtolemyRunThread.run(Manager.java:1915)
]]></system-err>
</testsuite>
