<?xml version="1.0" encoding="UTF-8" ?>
<testsuite errors="0" failures="0" hostname="travis-job-a37c9160-e1f2-488d-8a21-be9be7ea97d6" name="ptolemy.actor.lib.test.junit.JUnitTclTest" skipped="0" tests="517" time="58.083" timestamp="2018-06-11T03:43:08">
  <properties>
    <property name="npm.executable" value="npm" />
    <property name="file.encoding.pkg" value="sun.io" />
    <property name="ptII.mk.exists" value="true" />
    <property name="env.rvm_bin_path" value="/home/travis/.rvm/bin" />
    <property name="java.home" value="/usr/lib/jvm/java-8-oracle/jre" />
    <property name="env.TRAVIS_JOB_NUMBER" value="562.7" />
    <property name="env.DISPLAY" value=":99.0" />
    <property name="java.net.preferIPv4Stack" value="true" />
    <property name="env.SSH_TTY" value="/dev/pts/0" />
    <property name="env.RUN_TESTS" value="true" />
    <property name="timeout.short" value="1000000" />
    <property name="env.TRAVIS_STACK_NODE_ATTRIBUTES" value="/.node-attributes.yml" />
    <property name="junit.formatter" value="xml" />
    <property name="java.endorsed.dirs" value="/usr/lib/jvm/java-8-oracle/jre/lib/endorsed" />
    <property name="env.TRAVIS_SUDO" value="true" />
    <property name="env.LOGNAME" value="travis" />
    <property name="env.PT_TRAVIS_TEST_CORE1_XML" value="true" />
    <property name="jsdoc.home" value="node_modules/@terraswarm/jsdoc" />
    <property name="debuglevel" value="source,lines,vars" />
    <property name="checkstyle.formatter" value="xml" />
    <property name="bin.vergil.makeable" value="true" />
    <property name="env._system_version" value="14.04" />
    <property name="sun.os.patch.level" value="unknown" />
    <property name="java.vendor.url" value="http://java.oracle.com/" />
    <property name="java.version" value="1.8.0_151" />
    <property name="env.TZ" value="UTC" />
    <property name="env.PT_NO_NET" value="true" />
    <property name="env.TRAVIS_PULL_REQUEST_SHA" value="" />
    <property name="env.TRAVIS_SECURE_ENV_VARS" value="true" />
    <property name="env._system_type" value="Linux" />
    <property name="java.vendor.url.bug" value="http://bugreport.sun.com/bugreport/" />
    <property name="env.SSH_CLIENT" value="10.10.4.8 58904 22" />
    <property name="npmjs-org-is-up" value="true" />
    <property name="env.GEM_HOME" value="/home/travis/.rvm/gems/ruby-2.4.1" />
    <property name="env.HAS_ANTARES_THREE_LITTLE_FRONZIES_BADGE" value="true" />
    <property name="env.PS4" value="+" />
    <property name="ant.project.invoked-targets" value="build,test.core1.xml" />
    <property name="env.TRAVIS_PULL_REQUEST_BRANCH" value="" />
    <property name="env.TRAVIS_REPO_SLUG" value="icyphy/ptII" />
    <property name="node.in.path" value="true" />
    <property name="java.maxmemory" value="1400m" />
    <property name="env.RUBY_VERSION" value="ruby-2.4.1" />
    <property name="user.name" value="travis" />
    <property name="env.LANG" value="en_US.UTF-8" />
    <property name="sun.io.unicode.encoding" value="UnicodeLittle" />
    <property name="sun.jnu.encoding" value="UTF-8" />
    <property name="java.runtime.name" value="Java(TM) SE Runtime Environment" />
    <property name="usefile" value="false" />
    <property name="return.code" value="0" />
    <property name="junit.single.formatter" value="plain" />
    <property name="env.DYLD_LIBRARY_PATH" value="/home/travis/pthla/certi-tools/lib:" />
    <property name="env.DEBIAN_FRONTEND" value="noninteractive" />
    <property name="env.SSH_CONNECTION" value="10.10.4.8 58904 10.20.0.76 22" />
    <property name="env.MYSQL_UNIX_PORT" value="/var/run/mysqld/mysqld.sock" />
    <property name="env.TRAVIS_ALLOW_FAILURE" value="false" />
    <property name="env.LC_ALL" value="en_US.UTF-8" />
    <property name="java.specification.name" value="Java Platform API Specification" />
    <property name="node.works" value="true" />
    <property name="user.timezone" value="" />
    <property name="path.separator" value=":" />
    <property name="env.PYTHON_CFLAGS" value="-g -fstack-protector --param=ssp-buffer-size=4 -Wformat -Werror=format-security" />
    <property name="timeout.long" value="4000000" />
    <property name="env.CERTI_HOME" value="/home/travis/pthla/certi-tools" />
    <property name="file.encoding" value="UTF-8" />
    <property name="ant.file.ptII" value="/home/travis/build/icyphy/ptII/build.xml" />
    <property name="javadoc.packagenames" value="com.*,diva.*,lbnl.*,org.hlacerti.*,org.json.*,org.ptolemy.*,org.terraswarm.*,ptolemy.*,ptserver.*" />
    <property name="env.TRAVIS_PULL_REQUEST_SLUG" value="" />
    <property name="ant.project.default-target" value="build" />
    <property name="env.GIT_ASKPASS" value="echo" />
    <property name="env.HOME" value="/home/travis" />
    <property name="sun.java.command" value="org.apache.tools.ant.taskdefs.optional.junit.JUnitTestRunner ptolemy.actor.lib.test.junit.JUnitTclTest skipNonTests=false filtertrace=true haltOnError=false haltOnFailure=false formatter=org.apache.tools.ant.taskdefs.optional.junit.OutErrSummaryJUnitResultFormatter showoutput=true outputtoformatters=true logfailedtests=true threadid=0 logtestlistenerevents=false formatter=org.apache.tools.ant.taskdefs.optional.junit.XMLJUnitResultFormatter,/home/travis/build/icyphy/ptII/reports/junit/TEST-ptolemy.actor.lib.test.junit.JUnitTclTest.xml crashfile=/home/travis/build/icyphy/ptII/junitvmwatcher4676723349143090532.properties propsfile=/home/travis/build/icyphy/ptII/junit1957912745205438338.properties" />
    <property name="env.MANPATH" value="/home/travis/.nvm/versions/node/v7.10.1/share/man:/home/travis/.kiex/elixirs/elixir-1.4.5/man:/home/travis/.rvm/rubies/ruby-2.4.1/share/man:/usr/local/man:/usr/local/cmake-3.9.2/man:/usr/local/clang-5.0.0/share/man:/usr/local/share/man:/usr/share/man:/home/travis/.rvm/man" />
    <property name="env.COMPOSER_NO_INTERACTION" value="1" />
    <property name="env.JDK_SWITCHER_DEFAULT" value="oraclejdk8" />
    <property name="ant.file" value="/home/travis/build/icyphy/ptII/build.xml" />
    <property name="env.TRAVIS_COMMIT_RANGE" value="86d7e42b5cee...a59ff735d339" />
    <property name="env._system_name" value="Ubuntu" />
    <property name="timeout" value="2400000" />
    <property name="ptII.classpath.optional.property" value="/home/travis/build/icyphy/ptII/lib/bsh-2.0b4.jar:/home/travis/build/icyphy/ptII/lib/ptCal.jar:/home/travis/build/icyphy/ptII/lib/java_cup.jar:/home/travis/build/icyphy/ptII/lib/saxon8.jar:/home/travis/build/icyphy/ptII/lib/saxon8-dom.jar:/home/travis/build/icyphy/ptII/lib/chic.jar:/home/travis/build/icyphy/ptII/lib/ptcolt.jar:/usr/lib/jvm/java-8-oracle/lib/tools.jar:/usr/lib/eclipse/plugins/org.eclipse.jdt.core_3.8.2.dist.jar:/usr/lib/eclipse/plugins/org.eclipse.core.runtime_3.8.0.dist.jar:/usr/lib/eclipse/plugins/org.eclipse.osgi_3.8.1.dist.jar:/usr/lib/eclipse/plugins/org.eclipse.core.resources_3.8.1.dist.jar:/usr/lib/eclipse/plugins/org.eclipse.equinox.common_3.6.100.dist.jar:/usr/lib/eclipse/plugins/org.eclipse.core.jobs_3.5.200.dist.jar:/usr/lib/eclipse/plugins/org.eclipse.core.contenttype_3.4.200.dist.jar:/usr/lib/eclipse/plugins/org.eclipse.equinox.preferences_3.5.0.dist.jar:/usr/lib/eclipse/plugins/org.eclipse.text_3.5.200.dist.jar:/usr/lib/eclipse/plugins/org.eclipse.ui.workbench_3.8.1.dist.jar:/usr/lib/eclipse/plugins/org.eclipse.jface_3.8.0.dist.jar:/usr/lib/eclipse/plugins/org.eclipse.swt_3.8.2.jar:/usr/lib/eclipse/plugins/org.eclipse.jface.text_3.8.1.dist.jar:/usr/lib/eclipse/plugins/org.eclipse.ui.workbench.texteditor_3.8.0.dist.jar:/usr/lib/eclipse/plugins/org.eclipse.ui.editors_3.8.0.dist.jar:/usr/lib/eclipse/plugins/org.eclipse.core.commands_3.6.1.dist.jar:/usr/lib/eclipse/plugins/org.eclipse.equinox.registry_3.5.200.dist.jar:/usr/lib/eclipse/plugins/org.eclipse.ui.console_3.5.100.dist.jar:/usr/lib/eclipse/plugins/org.eclipse.ui.forms_3.5.200.dist.jar:/usr/lib/eclipse/plugins/org.eclipse.ui.ide_3.8.1.dist.jar:/home/travis/build/icyphy/ptII/vendors/oracle/dbxml.jar:/home/travis/build/icyphy/ptII/vendors/oracle/db.jar:/home/travis/build/icyphy/ptII/vendors/misc/itext/iText.jar:/home/travis/build/icyphy/ptII/lib/g4ltl.jar:/home/travis/build/icyphy/ptII/lib/StructuralCoder.jar:/home/travis/build/icyphy/ptII/lib/org-openide-util.jar:/home/travis/build/icyphy/ptII/lib/org-openide-util-lookup.jar:/home/travis/build/icyphy/ptII/lib/org-netbeans-api-visual.jar:/home/travis/build/icyphy/ptII/vendors/jai-1_1_2_01/lib/jai_core.jar:/home/travis/build/icyphy/ptII/vendors/jai-1_1_2_01/lib/jai_codec.jar:/home/travis/build/icyphy/ptII/lib/jcerti.jar:/home/travis/build/icyphy/ptII/lib/smack.jar:/home/travis/build/icyphy/ptII/lib/smackx.jar:/home/travis/build/icyphy/ptII/lib/jetty-all-8.1.5-v20120716.jar:/home/travis/build/icyphy/ptII/lib/javax.servlet-api-3.0.1.jar:/home/travis/build/icyphy/ptII/lib/javax.mail.jar:/home/travis/build/icyphy/ptII/vendors/JMF-2.1.1e/lib/jmf.jar:/home/travis/build/icyphy/ptII/lib/jna-4.0.0-variadic.jar:/home/travis/build/icyphy/ptII/vendors/misc/joystick/Joystick.jar:/home/travis/build/icyphy/ptII/lib/ptjacl.jar:/home/travis/build/icyphy/ptII/lib/jsoup-1.8.2.jar:/home/travis/build/icyphy/ptII/lib/junit-4.8.2.jar:/home/travis/build/icyphy/ptII/lib/JUnitParams-0.4.0.jar:/home/travis/build/icyphy/ptII/ptolemy/actor/lib/excel/jxl.jar:/home/travis/build/icyphy/ptII/lib/jython.jar:/home/travis/build/icyphy/ptII/lib/kieler.jar:/home/travis/build/icyphy/ptII/vendors/opencv/share/OpenCV/java/opencv-341.jar:/home/travis/build/icyphy/ptII/lib/oscP5.jar:/home/travis/build/icyphy/ptII/lib/nrjavaserial-3.11.0.devel.jar:/usr/share/java/j3dcore.jar:/usr/share/java/j3dutils.jar:/usr/share/java/vecmath.jar:/home/travis/build/icyphy/ptII/ptolemy/distributed/jini/jar/jini-core.jar:/home/travis/build/icyphy/ptII/ptolemy/distributed/jini/jar/jini-ext.jar:/home/travis/build/icyphy/ptII/ptolemy/distributed/jini/jar/sun-util.jar:/home/travis/build/icyphy/ptII/lib/protobuf-java-2.4.1.jar:/home/travis/build/icyphy/ptII/lib/org.eclipse.paho.client.mqttv3.jar:/home/travis/build/icyphy/ptII/ptserver/lib/hessian-4.0.7.jar:/home/travis/build/icyphy/ptII/ptserver/lib/wmqtt.jar:/home/travis/build/icyphy/ptII/lib/mapss.jar:/home/travis/build/icyphy/ptII/ptolemy/actor/ptalon/antlr/antlr.jar:/home/travis/build/icyphy/ptII/lib/JRI.jar:/home/travis/build/icyphy/ptII/lib/commons-lang-2.6.jar:/home/travis/build/icyphy/ptII/lib/commons-logging-1.1.1.jar:/home/travis/build/icyphy/ptII/lib/sootclasses.jar:/home/travis/build/icyphy/ptII/ptolemy/actor/lib/database/mysql-connector-java-5.1.6-bin.jar:/home/travis/build/icyphy/ptII/vendors/misc/sphinx4/sphinx4-data-5prealpha.jar:/home/travis/build/icyphy/ptII/vendors/misc/sphinx4/sphinx4-core-5prealpha.jar:/home/travis/build/icyphy/ptII/lib/PDFRenderer.jar:/home/travis/build/icyphy/ptII/lib/svgSalamander.jar:/home/travis/build/icyphy/ptII/lib/rsyntaxtextarea-2.6.0-SNAPSHOT.jar:/home/travis/build/icyphy/ptII/lib/hazelcast-3.8.2.jar:/home/travis/build/icyphy/ptII/lib/jackson-annotations-2.9.0.jar:/home/travis/build/icyphy/ptII/lib/jackson-core-2.9.3.jar:/home/travis/build/icyphy/ptII/lib/jackson-databind-2.9.3.jar:/home/travis/build/icyphy/ptII/lib/netty-buffer-4.1.19.Final.jar:/home/travis/build/icyphy/ptII/lib/netty-codec-4.1.19.Final.jar:/home/travis/build/icyphy/ptII/lib/netty-codec-dns-4.1.19.Final.jar:/home/travis/build/icyphy/ptII/lib/netty-codec-http-4.1.19.Final.jar:/home/travis/build/icyphy/ptII/lib/netty-codec-http2-4.1.19.Final.jar:/home/travis/build/icyphy/ptII/lib/netty-common-4.1.19.Final.jar:/home/travis/build/icyphy/ptII/lib/netty-handler-4.1.19.Final.jar:/home/travis/build/icyphy/ptII/lib/netty-resolver-4.1.19.Final.jar:/home/travis/build/icyphy/ptII/lib/netty-resolver-dns-4.1.19.Final.jar:/home/travis/build/icyphy/ptII/lib/netty-transport-4.1.19.Final.jar:/home/travis/build/icyphy/ptII/lib/vertx-codegen-3.5.1.jar:/home/travis/build/icyphy/ptII/lib/vertx-core-3.5.2-SNAPSHOT.jar:/home/travis/build/icyphy/ptII/lib/vertx-hazelcast-3.5.1.jar:/home/travis/build/icyphy/ptII/lib/vertx-lang-js-3.5.1.jar:/home/travis/build/icyphy/ptII/lib/vertx-service-proxy-3.5.1.jar:/home/travis/build/icyphy/ptII/lib/vertx-web-3.5.1.jar:/home/travis/build/icyphy/ptII/lib/slf4j-api-1.7.13.jar:/home/travis/build/icyphy/ptII/lib/slf4j-simple-1.7.13.jar:/home/travis/build/icyphy/ptII/lib/webcam-capture-0.3.12.jar:/home/travis/build/icyphy/ptII/lib/bridj-0.7.0.jar:/home/travis/build/icyphy/ptII/lib/xbjlib-1.1.0.nrjavaserial.jar" />
    <property name="test.batch" value="**/junit/*.java" />
    <property name="env._" value="/usr/bin/timeout" />
    <property name="java.io.tmpdir" value="/tmp" />
    <property name="user.language" value="en" />
    <property name="env.HISTCONTROL" value="ignoredups:ignorespace" />
    <property name="env.GOROOT" value="/home/travis/.gimme/versions/go1.7.4.linux.amd64" />
    <property name="line.separator" value="&#xa;" />
    <property name="target" value="1.8" />
    <property name="env.TRAVIS_BUILD_DIR" value="/home/travis/build/icyphy/ptII" />
    <property name="env.ANT_OPTS" value="-Xmx2048m" />
    <property name="ant.file.type" value="file" />
    <property name="ptolemy.ptII.batchMode" value="true" />
    <property name="env.HISTSIZE" value="1000" />
    <property name="env.MERB_ENV" value="test" />
    <property name="java.vm.info" value="mixed mode" />
    <property name="source" value="1.8" />
    <property name="java.vm.specification.name" value="Java Virtual Machine Specification" />
    <property name="env.TRAVIS_TEST_RESULT" value="0" />
    <property name="jsdoc.command" value="node_modules/@terraswarm/jsdoc/jsdoc.js" />
    <property name="npm.works" value="true" />
    <property name="cobertura.dir" value="/home/travis/build/icyphy/ptII/vendors/cobertura-2.0.3" />
    <property name="env.rvm_path" value="/home/travis/.rvm" />
    <property name="env.GEM_PATH" value="/home/travis/.rvm/gems/ruby-2.4.1:/home/travis/.rvm/gems/ruby-2.4.1@global" />
    <property name="env.LC_CTYPE" value="en_US.UTF-8" />
    <property name="java.awt.printerjob" value="sun.print.PSPrinterJob" />
    <property name="env.TRAVIS_STACK_NAME" value="garnet" />
    <property name="ant.version" value="Apache Ant(TM) version 1.10.1 compiled on February 2 2017" />
    <property name="ptII.reports" value="/home/travis/build/icyphy/ptII/reports" />
    <property name="env.TRAVIS_STACK_TIMESTAMP" value="2017-12-05 19:33:09 UTC" />
    <property name="ant.file.type.ptII" value="file" />
    <property name="env.RBENV_SHELL" value="bash" />
    <property name="os.name" value="Linux" />
    <property name="java.specification.vendor" value="Oracle Corporation" />
    <property name="env.rvm_version" value="1.29.3 (latest)" />
    <property name="env.TERM" value="xterm" />
    <property name="java.vm.name" value="Java HotSpot(TM) 64-Bit Server VM" />
    <property name="env.TRAVIS_BUILD_NUMBER" value="562" />
    <property name="env.CI" value="true" />
    <property name="java.library.path" value="/home/travis/pthla/certi-tools/lib:/usr/lib/jni:/usr/local/share/OpenCV/java/:/usr/share/OpenCV/java::/usr/java/packages/lib/amd64:/usr/lib64:/lib64:/lib:/usr/lib" />
    <property name="env.rvm_prefix" value="/home/travis" />
    <property name="env.PATH" value="/home/travis/pthla/certi-tools/share/scripts:/home/travis/.rvm/gems/ruby-2.4.1/bin:/home/travis/.rvm/gems/ruby-2.4.1@global/bin:/home/travis/.rvm/rubies/ruby-2.4.1/bin:/home/travis/.rvm/bin:/home/travis/.nvm/versions/node/v7.10.1/bin:./node_modules/.bin:/home/travis/build/icyphy/ptII/bin:/home/travis/pthla/certi-tools/bin:/home/travis/bin:/home/travis/.local/bin:/opt/pyenv/shims:/home/travis/.phpenv/shims:/home/travis/perl5/perlbrew/bin:/home/travis/.kiex/elixirs/elixir-1.4.5/bin:/home/travis/.kiex/bin:/home/travis/gopath/bin:/home/travis/.gimme/versions/go1.7.4.linux.amd64/bin:/usr/local/phantomjs/bin:/usr/local/phantomjs:/usr/local/neo4j-3.2.7/bin:/usr/local/maven-3.5.2/bin:/usr/local/cmake-3.9.2/bin:/usr/local/clang-5.0.0/bin:/usr/local/sbin:/usr/local/bin:/usr/sbin:/usr/bin:/sbin:/bin:/home/travis/.phpenv/bin:/opt/pyenv/bin:/home/travis/.yarn/bin" />
    <property name="env.TRAVIS_OS_NAME" value="linux" />
    <property name="ant.java.version" value="1.8" />
    <property name="basedir" value="/home/travis/build/icyphy/ptII" />
    <property name="java.class.version" value="52.0" />
    <property name="env.SHLVL" value="3" />
    <property name="env.LD_LIBRARY_PATH" value="/home/travis/pthla/certi-tools/lib:/usr/lib/jni:/usr/local/share/OpenCV/java/:/usr/share/OpenCV/java:" />
    <property name="env.RACK_ENV" value="test" />
    <property name="ant.home" value="/home/travis/build/icyphy/ptII/ant" />
    <property name="env.NVM_DIR" value="/home/travis/.nvm" />
    <property name="env.PERLBREW_BASHRC_VERSION" value="0.80" />
    <property name="env.CERTI_FOM_PATH" value="/home/travis/pthla/certi-tools/share/federations" />
    <property name="env.TRAVIS_BUILD_ID" value="390584293" />
    <property name="env.PYENV_ROOT" value="/opt/pyenv" />
    <property name="env.TRAVIS_UID" value="2000" />
    <property name="env.rvm_pretty_print_flag" value="auto" />
    <property name="env.NVM_BIN" value="/home/travis/.nvm/versions/node/v7.10.1/bin" />
    <property name="env.TRAVIS_COMMIT" value="a59ff735d339b30d47da33f8265f4209b0a1ee42" />
    <property name="env._system_arch" value="x86_64" />
    <property name="node.executable" value="node" />
    <property name="sun.boot.library.path" value="/usr/lib/jvm/java-8-oracle/jre/lib/amd64" />
    <property name="sun.management.compiler" value="HotSpot 64-Bit Tiered Compilers" />
    <property name="env.GOPATH" value="/home/travis/gopath" />
    <property name="java.awt.graphicsenv" value="sun.awt.X11GraphicsEnvironment" />
    <property name="ptolemy.ptII.dir" value="/home/travis/build/icyphy/ptII" />
    <property name="env.USER" value="travis" />
    <property name="env.HISTFILESIZE" value="2000" />
    <property name="timeout.longest" value="19000000" />
    <property name="env.TRAVIS_STACK_FEATURES" value="basic cassandra chromium couchdb disabled-ipv6 docker docker-compose elasticsearch firefox go-toolchain google-chrome jdk memcached mongodb mysql neo4j nodejs_interpreter perl_interpreter perlbrew phantomjs postgresql python_interpreter rabbitmq redis riak ruby_interpreter sqlite xserver" />
    <property name="env.TRAVIS_PULL_REQUEST" value="false" />
    <property name="env.PYENV_SHELL" value="bash" />
    <property name="ant.project.name" value="ptII" />
    <property name="java.vm.specification.version" value="1.8" />
    <property name="env.CERTI_VERSION" value="4.0.0" />
    <property name="env.NLSPATH" value="/usr/dt/lib/nls/msg/%L/%N.cat" />
    <property name="awt.toolkit" value="sun.awt.X11.XToolkit" />
    <property name="env.CERTI_HOST" value="localhost" />
    <property name="env.MY_RUBY_HOME" value="/home/travis/.rvm/rubies/ruby-2.4.1" />
    <property name="sun.cpu.isalist" value="" />
    <property name="java.ext.dirs" value="/usr/lib/jvm/java-8-oracle/jre/lib/ext:/usr/java/packages/lib/ext" />
    <property name="os.version" value="4.4.0-101-generic" />
    <property name="user.home" value="/home/travis" />
    <property name="env.MIX_ARCHIVES" value="/home/travis/.kiex/mix/elixir-1.4.5" />
    <property name="java.vm.vendor" value="Oracle Corporation" />
    <property name="env.TRAVIS_TAG" value="nightly" />
    <property name="env.TRAVIS_FILTERED" value="redirect_io" />
    <property name="javadoc.excludepackagenames" value="adm.cvs2svn.*,build.*,config.*,doc.coding.templates.*,jni.test.jni.meaningOfLife.*,jni.test.jni.testDeux.*,jni.test.jni.testTrois.*,org.terraswarm.accessor.accessors.web.node_modules.*,org.terraswarm.accessor.accessors.web.hosts.cordova.demo.*,org.terraswarm.accessor.accessors.web.hosts.cordova.plugins.*,org.terraswarm.accessor.accessors-svn.*,pt-modules.*,ptolemy.apps.agilent.*,ptolemy.apps.anytimecontrol.*,ptolemy.apps.apes.*,ptolemy.apps.charon.*,ptolemy.apps.crazyboard.*,ptolemy.apps.eclipse.*,ptolemy.apps.etherealSting.*,ptolemy.apps.fullscreen.*,ptolemy.apps.giotto.*,ptolemy.apps.ia.*,ptolemy.apps.interfaces.*,ptolemy.apps.jmf.*,ptolemy.apps.kurt.*,ptolemy.apps.kvm.*,ptolemy.apps.lego.*,ptolemy.apps.lejos.*,ptolemy.apps.midp.*,ptolemy.apps.mobileCoding.*,ptolemy.apps.pendulum.*,ptolemy.apps.rijndael.*,ptolemy.apps.robot.*,ptolemy.apps.security.*,ptolemy.apps.sobel.*,ptolemy.apps.soot.*,ptolemy.apps.throttle.*,ptolemy.apps.tini.*,ptolemy.apps.transmission.*,ptolemy.apps.vergil.*,ptolemy.apps.waba.*,ptolemy.apps.websensor.*,ptolemy.apps.webstart.*,ptolemy.apps.xsl.*,ptolemy.apps.zaurus.*,ptolemy.backtrack.eclipse.plugin.*,ptolemy.backtrack.test.*,ptolemy.codegen.c.actor.lib.oldJavaFiles.*,ptolemy.codegen.dsp.lib.*,ptolemy.codegen.kernel.newInterfaces.*,ptolemy.codegen.lib.*,ptolemy.copernicus.kernel.fragment.*,ptolemy.copernicus.shallow.cg.*,ptolemy.domains.giotto.demo.Hierarchy.Hierarchy.*,ptolemy.domains.giotto.demo.Multimode.Multimode.*,ptolemy.domains.giotto.demo.Simple.Simple.*,ptolemy.domains.gr.lib.experimental.*,ptolemy.domains.gro.*,ptolemy.domains.pdf.*,ptolemy.domains.ptinyos.demo.Surge.output.*,ptolemy.moml.test.NoPackageActor.java*,ptolemy.plot.adm.*,ptolemy.plot.servlet.*,reports.*,signed.*,src.*,target.*,vendors.*,ptolemy.cg.adapter.generic.program.procedural.c.mbed*,ptolemy.actor.lib.fmi.fmus.omc*,ptolemy.domains.openmodelica*,ptdb.kernel.bl.save.test.*,ptdb.kernel.bl.load.test.*,ptdb.kernel.bl.search.test.*,ptdb.kernel.bl.migration.test.*,ptdb.kernel.database.test.*,ptdb.test.*,ptdb.gui.test.*,org.ptolemy.scala.*,diva.util.java2d.svg.*,ptolemy.domains.ptinyos.*,ptolemy.actor.lib.fmi.fmipp.*,,org.terraswarm.accessor.accessors.web.node_modules.*,org.terraswarm.accessor.accessors-svn,ptolemy.apps.*,ptolemy.actor.ptalon.demo.ptinyos.SendAndReceiveCnt.output,ptolemy.actor.ptalon.demo.ptinyos.SenseToLeds.output,ptolemy.domains.ptinyos.demo.CntToLedsAndRfm.output,ptolemy.domains.ptinyos.demo.RfmToLeds.output,ptolemy.domains.ptinyos.demo.SendAndReceiveCnt.output,ptolemy.domains.ptinyos.demo.SenseToLeds.output,ptolemy.actor.lib.jjs.modules.udpSocket.*" />
    <property name="env.JAVA_HOME" value="/usr/lib/jvm/java-8-oracle" />
    <property name="env.PTII" value="/home/travis/build/icyphy/ptII" />
    <property name="env.TRAVIS_COMMIT_MESSAGE" value="Edward wrote: FullDuplex.xml is another random networking failure" />
    <property name="keystore" value="ptKeystore" />
    <property name="env.XDG_SESSION_ID" value="2" />
    <property name="junit.output.dir" value="/home/travis/build/icyphy/ptII/reports/junit" />
    <property name="npm.return.code" value="0" />
    <property name="user.dir" value="/home/travis/build/icyphy/ptII/ptolemy/actor/lib/test" />
    <property name="env.TRAVIS_NODE_VERSION" value="7" />
    <property name="env.XFILESEARCHPATH" value="/usr/dt/app-defaults/%L/Dt" />
    <property name="env.TRAVIS_EVENT_TYPE" value="push" />
    <property name="env.MAIL" value="/var/mail/travis" />
    <property name="env.PWD" value="/home/travis/build/icyphy/ptII" />
    <property name="env.PERLBREW_ROOT" value="/home/travis/perl5/perlbrew" />
    <property name="timeout.npm" value="45000" />
    <property name="env.PAGER" value="cat" />
    <property name="sun.cpu.endian" value="little" />
    <property name="env.TRAVIS_BUILD_STAGE_NAME" value="Test" />
    <property name="env.PERLBREW_HOME" value="/home/travis/.perlbrew" />
    <property name="env.RAILS_ENV" value="test" />
    <property name="java.vm.version" value="25.151-b12" />
    <property name="java.class.path" value="/home/travis/.ptolemyII:/home/travis/.ptolemyII/*:/home/travis/build/icyphy/ptII:/home/travis/build/icyphy/ptII/lib/bsh-2.0b4.jar:/home/travis/build/icyphy/ptII/lib/ptCal.jar:/home/travis/build/icyphy/ptII/lib/java_cup.jar:/home/travis/build/icyphy/ptII/lib/saxon8.jar:/home/travis/build/icyphy/ptII/lib/saxon8-dom.jar:/home/travis/build/icyphy/ptII/lib/chic.jar:/home/travis/build/icyphy/ptII/lib/ptcolt.jar:/usr/lib/jvm/java-8-oracle/lib/tools.jar:/usr/lib/eclipse/plugins/org.eclipse.jdt.core_3.8.2.dist.jar:/usr/lib/eclipse/plugins/org.eclipse.core.runtime_3.8.0.dist.jar:/usr/lib/eclipse/plugins/org.eclipse.osgi_3.8.1.dist.jar:/usr/lib/eclipse/plugins/org.eclipse.core.resources_3.8.1.dist.jar:/usr/lib/eclipse/plugins/org.eclipse.equinox.common_3.6.100.dist.jar:/usr/lib/eclipse/plugins/org.eclipse.core.jobs_3.5.200.dist.jar:/usr/lib/eclipse/plugins/org.eclipse.core.contenttype_3.4.200.dist.jar:/usr/lib/eclipse/plugins/org.eclipse.equinox.preferences_3.5.0.dist.jar:/usr/lib/eclipse/plugins/org.eclipse.text_3.5.200.dist.jar:/usr/lib/eclipse/plugins/org.eclipse.ui.workbench_3.8.1.dist.jar:/usr/lib/eclipse/plugins/org.eclipse.jface_3.8.0.dist.jar:/usr/lib/eclipse/plugins/org.eclipse.swt_3.8.2.jar:/usr/lib/eclipse/plugins/org.eclipse.jface.text_3.8.1.dist.jar:/usr/lib/eclipse/plugins/org.eclipse.ui.workbench.texteditor_3.8.0.dist.jar:/usr/lib/eclipse/plugins/org.eclipse.ui.editors_3.8.0.dist.jar:/usr/lib/eclipse/plugins/org.eclipse.core.commands_3.6.1.dist.jar:/usr/lib/eclipse/plugins/org.eclipse.equinox.registry_3.5.200.dist.jar:/usr/lib/eclipse/plugins/org.eclipse.ui.console_3.5.100.dist.jar:/usr/lib/eclipse/plugins/org.eclipse.ui.forms_3.5.200.dist.jar:/usr/lib/eclipse/plugins/org.eclipse.ui.ide_3.8.1.dist.jar:/home/travis/build/icyphy/ptII/vendors/oracle/dbxml.jar:/home/travis/build/icyphy/ptII/vendors/oracle/db.jar:/home/travis/build/icyphy/ptII/vendors/misc/itext/iText.jar:/home/travis/build/icyphy/ptII/lib/g4ltl.jar:/home/travis/build/icyphy/ptII/lib/StructuralCoder.jar:/home/travis/build/icyphy/ptII/lib/org-openide-util.jar:/home/travis/build/icyphy/ptII/lib/org-openide-util-lookup.jar:/home/travis/build/icyphy/ptII/lib/org-netbeans-api-visual.jar:/home/travis/build/icyphy/ptII/vendors/jai-1_1_2_01/lib/jai_core.jar:/home/travis/build/icyphy/ptII/vendors/jai-1_1_2_01/lib/jai_codec.jar:/home/travis/build/icyphy/ptII/lib/jcerti.jar:/home/travis/build/icyphy/ptII/lib/smack.jar:/home/travis/build/icyphy/ptII/lib/smackx.jar:/home/travis/build/icyphy/ptII/lib/jetty-all-8.1.5-v20120716.jar:/home/travis/build/icyphy/ptII/lib/javax.servlet-api-3.0.1.jar:/home/travis/build/icyphy/ptII/lib/javax.mail.jar:/home/travis/build/icyphy/ptII/vendors/JMF-2.1.1e/lib/jmf.jar:/home/travis/build/icyphy/ptII/lib/jna-4.0.0-variadic.jar:/home/travis/build/icyphy/ptII/vendors/misc/joystick/Joystick.jar:/home/travis/build/icyphy/ptII/lib/ptjacl.jar:/home/travis/build/icyphy/ptII/lib/jsoup-1.8.2.jar:/home/travis/build/icyphy/ptII/lib/junit-4.8.2.jar:/home/travis/build/icyphy/ptII/lib/JUnitParams-0.4.0.jar:/home/travis/build/icyphy/ptII/ptolemy/actor/lib/excel/jxl.jar:/home/travis/build/icyphy/ptII/lib/jython.jar:/home/travis/build/icyphy/ptII/lib/kieler.jar:/home/travis/build/icyphy/ptII/vendors/opencv/share/OpenCV/java/opencv-341.jar:/home/travis/build/icyphy/ptII/lib/oscP5.jar:/home/travis/build/icyphy/ptII/lib/nrjavaserial-3.11.0.devel.jar:/usr/share/java/j3dcore.jar:/usr/share/java/j3dutils.jar:/usr/share/java/vecmath.jar:/home/travis/build/icyphy/ptII/ptolemy/distributed/jini/jar/jini-core.jar:/home/travis/build/icyphy/ptII/ptolemy/distributed/jini/jar/jini-ext.jar:/home/travis/build/icyphy/ptII/ptolemy/distributed/jini/jar/sun-util.jar:/home/travis/build/icyphy/ptII/lib/protobuf-java-2.4.1.jar:/home/travis/build/icyphy/ptII/lib/org.eclipse.paho.client.mqttv3.jar:/home/travis/build/icyphy/ptII/ptserver/lib/hessian-4.0.7.jar:/home/travis/build/icyphy/ptII/ptserver/lib/wmqtt.jar:/home/travis/build/icyphy/ptII/lib/mapss.jar:/home/travis/build/icyphy/ptII/ptolemy/actor/ptalon/antlr/antlr.jar:/home/travis/build/icyphy/ptII/lib/JRI.jar:/home/travis/build/icyphy/ptII/lib/commons-lang-2.6.jar:/home/travis/build/icyphy/ptII/lib/commons-logging-1.1.1.jar:/home/travis/build/icyphy/ptII/lib/sootclasses.jar:/home/travis/build/icyphy/ptII/ptolemy/actor/lib/database/mysql-connector-java-5.1.6-bin.jar:/home/travis/build/icyphy/ptII/vendors/misc/sphinx4/sphinx4-data-5prealpha.jar:/home/travis/build/icyphy/ptII/vendors/misc/sphinx4/sphinx4-core-5prealpha.jar:/home/travis/build/icyphy/ptII/lib/PDFRenderer.jar:/home/travis/build/icyphy/ptII/lib/svgSalamander.jar:/home/travis/build/icyphy/ptII/lib/rsyntaxtextarea-2.6.0-SNAPSHOT.jar:/home/travis/build/icyphy/ptII/lib/hazelcast-3.8.2.jar:/home/travis/build/icyphy/ptII/lib/jackson-annotations-2.9.0.jar:/home/travis/build/icyphy/ptII/lib/jackson-core-2.9.3.jar:/home/travis/build/icyphy/ptII/lib/jackson-databind-2.9.3.jar:/home/travis/build/icyphy/ptII/lib/netty-buffer-4.1.19.Final.jar:/home/travis/build/icyphy/ptII/lib/netty-codec-4.1.19.Final.jar:/home/travis/build/icyphy/ptII/lib/netty-codec-dns-4.1.19.Final.jar:/home/travis/build/icyphy/ptII/lib/netty-codec-http-4.1.19.Final.jar:/home/travis/build/icyphy/ptII/lib/netty-codec-http2-4.1.19.Final.jar:/home/travis/build/icyphy/ptII/lib/netty-common-4.1.19.Final.jar:/home/travis/build/icyphy/ptII/lib/netty-handler-4.1.19.Final.jar:/home/travis/build/icyphy/ptII/lib/netty-resolver-4.1.19.Final.jar:/home/travis/build/icyphy/ptII/lib/netty-resolver-dns-4.1.19.Final.jar:/home/travis/build/icyphy/ptII/lib/netty-transport-4.1.19.Final.jar:/home/travis/build/icyphy/ptII/lib/vertx-codegen-3.5.1.jar:/home/travis/build/icyphy/ptII/lib/vertx-core-3.5.2-SNAPSHOT.jar:/home/travis/build/icyphy/ptII/lib/vertx-hazelcast-3.5.1.jar:/home/travis/build/icyphy/ptII/lib/vertx-lang-js-3.5.1.jar:/home/travis/build/icyphy/ptII/lib/vertx-service-proxy-3.5.1.jar:/home/travis/build/icyphy/ptII/lib/vertx-web-3.5.1.jar:/home/travis/build/icyphy/ptII/lib/slf4j-api-1.7.13.jar:/home/travis/build/icyphy/ptII/lib/slf4j-simple-1.7.13.jar:/home/travis/build/icyphy/ptII/lib/webcam-capture-0.3.12.jar:/home/travis/build/icyphy/ptII/lib/bridj-0.7.0.jar:/home/travis/build/icyphy/ptII/lib/xbjlib-1.1.0.nrjavaserial.jar:/home/travis/build/icyphy/ptII/ptolemy/moml/test:/home/travis/build/icyphy/ptII/ant/lib/ant-launcher.jar:/home/travis/build/icyphy/ptII/ant/lib/ant.jar:/home/travis/build/icyphy/ptII/ant/lib/ant-junit.jar:/home/travis/build/icyphy/ptII/ant/lib/ant-junit4.jar" />
    <property name="ant.library.dir" value="/home/travis/build/icyphy/ptII/ant/lib" />
    <property name="os.arch" value="amd64" />
    <property name="env.TRAVIS_LANGUAGE" value="node_js" />
    <property name="env.CONTINUOUS_INTEGRATION" value="true" />
    <property name="env.TRAVIS_STACK_LANGUAGES" value="__garnet__ c c++ clojure cplusplus cpp default go groovy java node_js php pure_java python ruby scala" />
    <property name="test.name" value="ptolemy.actor.lib.test.junit.JUnitTclTest" />
    <property name="sun.java.launcher" value="SUN_STANDARD" />
    <property name="env.PYTHON_CONFIGURE_OPTS" value="--enable-unicode=ucs4 --with-wide-unicode --enable-shared --enable-ipv6 --enable-loadable-sqlite-extensions --with-computed-gotos" />
    <property name="ant.core.lib" value="/home/travis/build/icyphy/ptII/ant/lib/ant.jar" />
    <property name="java.vm.specification.vendor" value="Oracle Corporation" />
    <property name="env.BCVTB_HOME" value="/home/travis/build/icyphy/ptII/lbnl" />
    <property name="file.separator" value="/" />
    <property name="java.runtime.version" value="1.8.0_151-b12" />
    <property name="spotbugs.home" value="/home/travis/build/icyphy/ptII/vendors/spotbugs-3.1.1" />
    <property name="sun.boot.class.path" value="/usr/lib/jvm/java-8-oracle/jre/lib/resources.jar:/usr/lib/jvm/java-8-oracle/jre/lib/rt.jar:/usr/lib/jvm/java-8-oracle/jre/lib/sunrsasign.jar:/usr/lib/jvm/java-8-oracle/jre/lib/jsse.jar:/usr/lib/jvm/java-8-oracle/jre/lib/jce.jar:/usr/lib/jvm/java-8-oracle/jre/lib/charsets.jar:/usr/lib/jvm/java-8-oracle/jre/lib/jfr.jar:/usr/lib/jvm/java-8-oracle/jre/classes" />
    <property name="env.HAS_JOSH_K_SEAL_OF_APPROVAL" value="true" />
    <property name="env.TRAVIS_OSX_IMAGE" value="" />
    <property name="env.XDG_RUNTIME_DIR" value="/run/user/2000" />
    <property name="env.TRAVIS_BRANCH" value="master" />
    <property name="env.TRAVIS_JOB_ID" value="390584300" />
    <property name="env.CERTI_HOME_TRAVIS" value="/home/travis/pthla/certi-tools" />
    <property name="user.country" value="US" />
    <property name="env.SHELL" value="/bin/bash" />
    <property name="java.maxmemory.large" value="5000m" />
    <property name="model" value="" />
    <property name="env.CASHER_DIR" value="/home/travis/.casher" />
    <property name="env.NVM_CD_FLAGS" value="" />
    <property name="jshint.executable" value="/home/travis/node_modules/jshint/bin/jshint" />
    <property name="java.vendor" value="Oracle Corporation" />
    <property name="env.JRUBY_OPTS" value=" --client -J-XX:+TieredCompilation -J-XX:TieredStopAtLevel=1 -J-Xss2m -Xcompile.invokedynamic=false" />
    <property name="env.TRAVIS_PRE_CHEF_BOOTSTRAP_TIME" value="2017-12-05T19:32:55" />
    <property name="env.TRAVIS_STACK_JOB_BOARD_REGISTER" value="/.job-board-register.yml" />
    <property name="env.ELIXIR_VERSION" value="1.4.5" />
    <property name="java.specification.version" value="1.8" />
    <property name="env.IRBRC" value="/home/travis/.rvm/rubies/ruby-2.4.1/.irbrc" />
    <property name="env.TRAVIS" value="true" />
    <property name="sun.arch.data.model" value="64" />
  </properties>
  <testcase classname="ptolemy.util.test.junit.TclTests" name="[0] /home/travis/build/icyphy/ptII/ptolemy/actor/lib/test/AbsoluteValue.tcl (RunTclFile)" time="0.439" />
  <testcase classname="ptolemy.util.test.junit.TclTests" name="[1] /home/travis/build/icyphy/ptII/ptolemy/actor/lib/test/AddSubtract.tcl (RunTclFile)" time="0.057" />
  <testcase classname="ptolemy.util.test.junit.TclTests" name="[2] /home/travis/build/icyphy/ptII/ptolemy/actor/lib/test/Average.tcl (RunTclFile)" time="0.045" />
  <testcase classname="ptolemy.util.test.junit.TclTests" name="[3] /home/travis/build/icyphy/ptII/ptolemy/actor/lib/test/Bernoulli.tcl (RunTclFile)" time="0.016" />
  <testcase classname="ptolemy.util.test.junit.TclTests" name="[4] /home/travis/build/icyphy/ptII/ptolemy/actor/lib/test/Clock.tcl (RunTclFile)" time="0.105" />
  <testcase classname="ptolemy.util.test.junit.TclTests" name="[5] /home/travis/build/icyphy/ptII/ptolemy/actor/lib/test/Commutator.tcl (RunTclFile)" time="0.086" />
  <testcase classname="ptolemy.util.test.junit.TclTests" name="[6] /home/travis/build/icyphy/ptII/ptolemy/actor/lib/test/Const.tcl (RunTclFile)" time="0.099" />
  <testcase classname="ptolemy.util.test.junit.TclTests" name="[7] /home/travis/build/icyphy/ptII/ptolemy/actor/lib/test/CurrentTime.tcl (RunTclFile)" time="0.02" />
  <testcase classname="ptolemy.util.test.junit.TclTests" name="[8] /home/travis/build/icyphy/ptII/ptolemy/actor/lib/test/DB.tcl (RunTclFile)" time="0.034" />
  <testcase classname="ptolemy.util.test.junit.TclTests" name="[9] /home/travis/build/icyphy/ptII/ptolemy/actor/lib/test/DiscreteRandomSource.tcl (RunTclFile)" time="0.033" />
  <testcase classname="ptolemy.util.test.junit.TclTests" name="[10] /home/travis/build/icyphy/ptII/ptolemy/actor/lib/test/Distributor.tcl (RunTclFile)" time="0.034" />
  <testcase classname="ptolemy.util.test.junit.TclTests" name="[11] /home/travis/build/icyphy/ptII/ptolemy/actor/lib/test/Exit.tcl (RunTclFile)" time="0.042" />
  <testcase classname="ptolemy.util.test.junit.TclTests" name="[12] /home/travis/build/icyphy/ptII/ptolemy/actor/lib/test/Expression.tcl (RunTclFile)" time="0.086" />
  <testcase classname="ptolemy.util.test.junit.TclTests" name="[13] /home/travis/build/icyphy/ptII/ptolemy/actor/lib/test/Gaussian.tcl (RunTclFile)" time="0.353" />
  <testcase classname="ptolemy.util.test.junit.TclTests" name="[14] /home/travis/build/icyphy/ptII/ptolemy/actor/lib/test/IIR.tcl (RunTclFile)" time="0.039" />
  <testcase classname="ptolemy.util.test.junit.TclTests" name="[15] /home/travis/build/icyphy/ptII/ptolemy/actor/lib/test/Interpolator.tcl (RunTclFile)" time="0.11" />
  <testcase classname="ptolemy.util.test.junit.TclTests" name="[16] /home/travis/build/icyphy/ptII/ptolemy/actor/lib/test/MathFunction.tcl (RunTclFile)" time="0.081" />
  <testcase classname="ptolemy.util.test.junit.TclTests" name="[17] /home/travis/build/icyphy/ptII/ptolemy/actor/lib/test/Maximum.tcl (RunTclFile)" time="0.042" />
  <testcase classname="ptolemy.util.test.junit.TclTests" name="[18] /home/travis/build/icyphy/ptII/ptolemy/actor/lib/test/Minimum.tcl (RunTclFile)" time="0.038" />
  <testcase classname="ptolemy.util.test.junit.TclTests" name="[19] /home/travis/build/icyphy/ptII/ptolemy/actor/lib/test/MultiplyDivide.tcl (RunTclFile)" time="0.041" />
  <testcase classname="ptolemy.util.test.junit.TclTests" name="[20] /home/travis/build/icyphy/ptII/ptolemy/actor/lib/test/OrderedMerge.tcl (RunTclFile)" time="0.104" />
  <testcase classname="ptolemy.util.test.junit.TclTests" name="[21] /home/travis/build/icyphy/ptII/ptolemy/actor/lib/test/Publisher.tcl (RunTclFile)" time="0.579" />
  <testcase classname="ptolemy.util.test.junit.TclTests" name="[22] /home/travis/build/icyphy/ptII/ptolemy/actor/lib/test/Pulse.tcl (RunTclFile)" time="0.027" />
  <testcase classname="ptolemy.util.test.junit.TclTests" name="[23] /home/travis/build/icyphy/ptII/ptolemy/actor/lib/test/Ramp.tcl (RunTclFile)" time="1.745" />
  <testcase classname="ptolemy.util.test.junit.TclTests" name="[24] /home/travis/build/icyphy/ptII/ptolemy/actor/lib/test/RampContinuous.tcl (RunTclFile)" time="0.016" />
  <testcase classname="ptolemy.util.test.junit.TclTests" name="[25] /home/travis/build/icyphy/ptII/ptolemy/actor/lib/test/RecordAssembler.tcl (RunTclFile)" time="0.013" />
  <testcase classname="ptolemy.util.test.junit.TclTests" name="[26] /home/travis/build/icyphy/ptII/ptolemy/actor/lib/test/RecordDisassembler.tcl (RunTclFile)" time="0.024" />
  <testcase classname="ptolemy.util.test.junit.TclTests" name="[27] /home/travis/build/icyphy/ptII/ptolemy/actor/lib/test/Scale.tcl (RunTclFile)" time="0.029" />
  <testcase classname="ptolemy.util.test.junit.TclTests" name="[28] /home/travis/build/icyphy/ptII/ptolemy/actor/lib/test/SequentialClock.tcl (RunTclFile)" time="0.017" />
  <testcase classname="ptolemy.util.test.junit.TclTests" name="[29] /home/travis/build/icyphy/ptII/ptolemy/actor/lib/test/SetVariable.tcl (RunTclFile)" time="0.014" />
  <testcase classname="ptolemy.util.test.junit.TclTests" name="[30] /home/travis/build/icyphy/ptII/ptolemy/actor/lib/test/Sinewave.tcl (RunTclFile)" time="0.046" />
  <testcase classname="ptolemy.util.test.junit.TclTests" name="[31] /home/travis/build/icyphy/ptII/ptolemy/actor/lib/test/SubscriptionAggregator.tcl (RunTclFile)" time="1.774" />
  <testcase classname="ptolemy.util.test.junit.TclTests" name="[32] /home/travis/build/icyphy/ptII/ptolemy/actor/lib/test/Test.tcl (RunTclFile)" time="0.063" />
  <testcase classname="ptolemy.util.test.junit.TclTests" name="[33] /home/travis/build/icyphy/ptII/ptolemy/actor/lib/test/TestExceptionHandler.tcl (RunTclFile)" time="0.009" />
  <testcase classname="ptolemy.util.test.junit.TclTests" name="[34] /home/travis/build/icyphy/ptII/ptolemy/actor/lib/test/UnionDisassembler.tcl (RunTclFile)" time="0.05" />
  <testcase classname="ptolemy.util.test.junit.TclTests" name="[35] /home/travis/build/icyphy/ptII/ptolemy/actor/lib/test/VariableClock.tcl (RunTclFile)" time="0.015" />
  <testcase classname="ptolemy.util.test.junit.AutoKnownFailedTests" name="[0] /home/travis/build/icyphy/ptII/ptolemy/actor/lib/test/auto/knownFailedTests/PublisherPortToplevelSubscriber.xml (RunModel)" time="0.013" />
  <testcase classname="ptolemy.util.test.junit.AutoKnownFailedTests" name="[1] /home/travis/build/icyphy/ptII/ptolemy/actor/lib/test/auto/knownFailedTests/PublisherSubscriberPortToplevel.xml (RunModel)" time="0.025" />
  <testcase classname="ptolemy.util.test.junit.AutoKnownFailedTests" name="[2] /home/travis/build/icyphy/ptII/ptolemy/actor/lib/test/auto/knownFailedTests/PublisherSubscriptionAggregatorPort.xml (RunModel)" time="0.015" />
  <testcase classname="ptolemy.util.test.junit.AutoKnownFailedTests" name="[3] /home/travis/build/icyphy/ptII/ptolemy/actor/lib/test/auto/knownFailedTests/sizedarray3.xml (RunModel)" time="0.036" />
  <testcase classname="ptolemy.util.test.junit.AutoNameArchTests" name="[0] ThereAreNoAutoArchTests (RunModel)" time="0.005" />
  <testcase classname="ptolemy.util.test.junit.AutoTests" name="[0] /home/travis/build/icyphy/ptII/ptolemy/actor/lib/test/auto/AbsoluteValue.xml (RunModel)" time="0.079" />
  <testcase classname="ptolemy.util.test.junit.AutoTests" name="[1] /home/travis/build/icyphy/ptII/ptolemy/actor/lib/test/auto/AbsoluteValue2.xml (RunModel)" time="0.041" />
  <testcase classname="ptolemy.util.test.junit.AutoTests" name="[2] /home/travis/build/icyphy/ptII/ptolemy/actor/lib/test/auto/Accumulator.xml (RunModel)" time="0.06" />
  <testcase classname="ptolemy.util.test.junit.AutoTests" name="[3] /home/travis/build/icyphy/ptII/ptolemy/actor/lib/test/auto/Accumulator2.xml (RunModel)" time="0.06" />
  <testcase classname="ptolemy.util.test.junit.AutoTests" name="[4] /home/travis/build/icyphy/ptII/ptolemy/actor/lib/test/auto/Accumulator3.xml (RunModel)" time="0.137" />
  <testcase classname="ptolemy.util.test.junit.AutoTests" name="[5] /home/travis/build/icyphy/ptII/ptolemy/actor/lib/test/auto/ArrayAppend.xml (RunModel)" time="0.038" />
  <testcase classname="ptolemy.util.test.junit.AutoTests" name="[6] /home/travis/build/icyphy/ptII/ptolemy/actor/lib/test/auto/ArrayAppend2.xml (RunModel)" time="0.632" />
  <testcase classname="ptolemy.util.test.junit.AutoTests" name="[7] /home/travis/build/icyphy/ptII/ptolemy/actor/lib/test/auto/ArrayAppend3.xml (RunModel)" time="0.029" />
  <testcase classname="ptolemy.util.test.junit.AutoTests" name="[8] /home/travis/build/icyphy/ptII/ptolemy/actor/lib/test/auto/ArrayAppend4.xml (RunModel)" time="0.02" />
  <testcase classname="ptolemy.util.test.junit.AutoTests" name="[9] /home/travis/build/icyphy/ptII/ptolemy/actor/lib/test/auto/ArrayAppend5.xml (RunModel)" time="0.038" />
  <testcase classname="ptolemy.util.test.junit.AutoTests" name="[10] /home/travis/build/icyphy/ptII/ptolemy/actor/lib/test/auto/ArrayAppend6.xml (RunModel)" time="0.03" />
  <testcase classname="ptolemy.util.test.junit.AutoTests" name="[11] /home/travis/build/icyphy/ptII/ptolemy/actor/lib/test/auto/ArrayAppendPerformanceTest.xml (RunModel)" time="0.05" />
  <testcase classname="ptolemy.util.test.junit.AutoTests" name="[12] /home/travis/build/icyphy/ptII/ptolemy/actor/lib/test/auto/ArrayAppendWithEmptyInput.xml (RunModel)" time="0.07" />
  <testcase classname="ptolemy.util.test.junit.AutoTests" name="[13] /home/travis/build/icyphy/ptII/ptolemy/actor/lib/test/auto/ArrayAverage.xml (RunModel)" time="0.058" />
  <testcase classname="ptolemy.util.test.junit.AutoTests" name="[14] /home/travis/build/icyphy/ptII/ptolemy/actor/lib/test/auto/ArrayContains.xml (RunModel)" time="0.036" />
  <testcase classname="ptolemy.util.test.junit.AutoTests" name="[15] /home/travis/build/icyphy/ptII/ptolemy/actor/lib/test/auto/ArrayElement.xml (RunModel)" time="0.017" />
  <testcase classname="ptolemy.util.test.junit.AutoTests" name="[16] /home/travis/build/icyphy/ptII/ptolemy/actor/lib/test/auto/ArrayElementAsMatrix.xml (RunModel)" time="0.057" />
  <testcase classname="ptolemy.util.test.junit.AutoTests" name="[17] /home/travis/build/icyphy/ptII/ptolemy/actor/lib/test/auto/ArrayElementI.xml (RunModel)" time="0.017" />
  <testcase classname="ptolemy.util.test.junit.AutoTests" name="[18] /home/travis/build/icyphy/ptII/ptolemy/actor/lib/test/auto/ArrayExtract.xml (RunModel)" time="0.052" />
  <testcase classname="ptolemy.util.test.junit.AutoTests" name="[19] /home/travis/build/icyphy/ptII/ptolemy/actor/lib/test/auto/ArrayExtract2.xml (RunModel)" time="0.019" />
  <testcase classname="ptolemy.util.test.junit.AutoTests" name="[20] /home/travis/build/icyphy/ptII/ptolemy/actor/lib/test/auto/ArrayLength.xml (RunModel)" time="0.025" />
  <testcase classname="ptolemy.util.test.junit.AutoTests" name="[21] /home/travis/build/icyphy/ptII/ptolemy/actor/lib/test/auto/ArrayLevelCrossing.xml (RunModel)" time="0.034" />
  <testcase classname="ptolemy.util.test.junit.AutoTests" name="[22] /home/travis/build/icyphy/ptII/ptolemy/actor/lib/test/auto/ArrayLevelCrossing2.xml (RunModel)" time="0.024" />
  <testcase classname="ptolemy.util.test.junit.AutoTests" name="[23] /home/travis/build/icyphy/ptII/ptolemy/actor/lib/test/auto/ArrayPeakSearch.xml (RunModel)" time="0.042" />
  <testcase classname="ptolemy.util.test.junit.AutoTests" name="[24] /home/travis/build/icyphy/ptII/ptolemy/actor/lib/test/auto/ArrayPeakSearch2.xml (RunModel)" time="0.033" />
  <testcase classname="ptolemy.util.test.junit.AutoTests" name="[25] /home/travis/build/icyphy/ptII/ptolemy/actor/lib/test/auto/ArrayPeakSearch3.xml (RunModel)" time="0.028" />
  <testcase classname="ptolemy.util.test.junit.AutoTests" name="[26] /home/travis/build/icyphy/ptII/ptolemy/actor/lib/test/auto/ArrayRemoveElement.xml (RunModel)" time="0.026" />
  <testcase classname="ptolemy.util.test.junit.AutoTests" name="[27] /home/travis/build/icyphy/ptII/ptolemy/actor/lib/test/auto/ArraySort.xml (RunModel)" time="0.03" />
  <testcase classname="ptolemy.util.test.junit.AutoTests" name="[28] /home/travis/build/icyphy/ptII/ptolemy/actor/lib/test/auto/ArraySum.xml (RunModel)" time="0.02" />
  <testcase classname="ptolemy.util.test.junit.AutoTests" name="[29] /home/travis/build/icyphy/ptII/ptolemy/actor/lib/test/auto/ArrayToElements.xml (RunModel)" time="0.018" />
  <testcase classname="ptolemy.util.test.junit.AutoTests" name="[30] /home/travis/build/icyphy/ptII/ptolemy/actor/lib/test/auto/ArrayToMatrix.xml (RunModel)" time="0.058" />
  <testcase classname="ptolemy.util.test.junit.AutoTests" name="[31] /home/travis/build/icyphy/ptII/ptolemy/actor/lib/test/auto/ArrayUpdate1.xml (RunModel)" time="0.016" />
  <testcase classname="ptolemy.util.test.junit.AutoTests" name="[32] /home/travis/build/icyphy/ptII/ptolemy/actor/lib/test/auto/ArrayUpdate2.xml (RunModel)" time="0.065" />
  <testcase classname="ptolemy.util.test.junit.AutoTests" name="[33] /home/travis/build/icyphy/ptII/ptolemy/actor/lib/test/auto/ArrayUpdate3.xml (RunModel)" time="0.019" />
  <testcase classname="ptolemy.util.test.junit.AutoTests" name="[34] /home/travis/build/icyphy/ptII/ptolemy/actor/lib/test/auto/Assert1.xml (RunModel)" time="0.031" />
  <testcase classname="ptolemy.util.test.junit.AutoTests" name="[35] /home/travis/build/icyphy/ptII/ptolemy/actor/lib/test/auto/Assert2.xml (RunModel)" time="0.016" />
  <testcase classname="ptolemy.util.test.junit.AutoTests" name="[36] /home/travis/build/icyphy/ptII/ptolemy/actor/lib/test/auto/BooleanMultiplexor.xml (RunModel)" time="0.016" />
  <testcase classname="ptolemy.util.test.junit.AutoTests" name="[37] /home/travis/build/icyphy/ptII/ptolemy/actor/lib/test/auto/BooleanMultiplexor2.xml (RunModel)" time="0.03" />
  <testcase classname="ptolemy.util.test.junit.AutoTests" name="[38] /home/travis/build/icyphy/ptII/ptolemy/actor/lib/test/auto/BooleanMultiplexor3.xml (RunModel)" time="0.017" />
  <testcase classname="ptolemy.util.test.junit.AutoTests" name="[39] /home/travis/build/icyphy/ptII/ptolemy/actor/lib/test/auto/BooleanSelect.xml (RunModel)" time="0.015" />
  <testcase classname="ptolemy.util.test.junit.AutoTests" name="[40] /home/travis/build/icyphy/ptII/ptolemy/actor/lib/test/auto/BooleanSelect2.xml (RunModel)" time="0.012" />
  <testcase classname="ptolemy.util.test.junit.AutoTests" name="[41] /home/travis/build/icyphy/ptII/ptolemy/actor/lib/test/auto/BooleanSwitch.xml (RunModel)" time="0.014" />
  <testcase classname="ptolemy.util.test.junit.AutoTests" name="[42] /home/travis/build/icyphy/ptII/ptolemy/actor/lib/test/auto/BooleanSwitch2.xml (RunModel)" time="0.01" />
  <testcase classname="ptolemy.util.test.junit.AutoTests" name="[43] /home/travis/build/icyphy/ptII/ptolemy/actor/lib/test/auto/BooleanSwitchCloningBugWithClassRelationGroup.xml (RunModel)" time="0.02" />
  <testcase classname="ptolemy.util.test.junit.AutoTests" name="[44] /home/travis/build/icyphy/ptII/ptolemy/actor/lib/test/auto/BusActors.xml (RunModel)" time="0.023" />
  <testcase classname="ptolemy.util.test.junit.AutoTests" name="[45] /home/travis/build/icyphy/ptII/ptolemy/actor/lib/test/auto/ClassWrapper.xml (RunModel)" time="0.009" />
  <testcase classname="ptolemy.util.test.junit.AutoTests" name="[46] /home/travis/build/icyphy/ptII/ptolemy/actor/lib/test/auto/Clock.xml (RunModel)" time="0.007" />
  <testcase classname="ptolemy.util.test.junit.AutoTests" name="[47] /home/travis/build/icyphy/ptII/ptolemy/actor/lib/test/auto/Clock10.xml (RunModel)" time="0.013" />
  <testcase classname="ptolemy.util.test.junit.AutoTests" name="[48] /home/travis/build/icyphy/ptII/ptolemy/actor/lib/test/auto/Clock11.xml (RunModel)" time="0.011" />
  <testcase classname="ptolemy.util.test.junit.AutoTests" name="[49] /home/travis/build/icyphy/ptII/ptolemy/actor/lib/test/auto/Clock12.xml (RunModel)" time="0.02" />
  <testcase classname="ptolemy.util.test.junit.AutoTests" name="[50] /home/travis/build/icyphy/ptII/ptolemy/actor/lib/test/auto/Clock13.xml (RunModel)" time="0.013" />
  <testcase classname="ptolemy.util.test.junit.AutoTests" name="[51] /home/travis/build/icyphy/ptII/ptolemy/actor/lib/test/auto/Clock14.xml (RunModel)" time="0.015" />
  <testcase classname="ptolemy.util.test.junit.AutoTests" name="[52] /home/travis/build/icyphy/ptII/ptolemy/actor/lib/test/auto/Clock15.xml (RunModel)" time="0.016" />
  <testcase classname="ptolemy.util.test.junit.AutoTests" name="[53] /home/travis/build/icyphy/ptII/ptolemy/actor/lib/test/auto/Clock16.xml (RunModel)" time="0.065" />
  <testcase classname="ptolemy.util.test.junit.AutoTests" name="[54] /home/travis/build/icyphy/ptII/ptolemy/actor/lib/test/auto/Clock17.xml (RunModel)" time="0.04" />
  <testcase classname="ptolemy.util.test.junit.AutoTests" name="[55] /home/travis/build/icyphy/ptII/ptolemy/actor/lib/test/auto/Clock18.xml (RunModel)" time="0.036" />
  <testcase classname="ptolemy.util.test.junit.AutoTests" name="[56] /home/travis/build/icyphy/ptII/ptolemy/actor/lib/test/auto/Clock19.xml (RunModel)" time="0.035" />
  <testcase classname="ptolemy.util.test.junit.AutoTests" name="[57] /home/travis/build/icyphy/ptII/ptolemy/actor/lib/test/auto/Clock2.xml (RunModel)" time="0.012" />
  <testcase classname="ptolemy.util.test.junit.AutoTests" name="[58] /home/travis/build/icyphy/ptII/ptolemy/actor/lib/test/auto/Clock20.xml (RunModel)" time="0.018" />
  <testcase classname="ptolemy.util.test.junit.AutoTests" name="[59] /home/travis/build/icyphy/ptII/ptolemy/actor/lib/test/auto/Clock21.xml (RunModel)" time="0.02" />
  <testcase classname="ptolemy.util.test.junit.AutoTests" name="[60] /home/travis/build/icyphy/ptII/ptolemy/actor/lib/test/auto/Clock22.xml (RunModel)" time="0.017" />
  <testcase classname="ptolemy.util.test.junit.AutoTests" name="[61] /home/travis/build/icyphy/ptII/ptolemy/actor/lib/test/auto/Clock23.xml (RunModel)" time="0.016" />
  <testcase classname="ptolemy.util.test.junit.AutoTests" name="[62] /home/travis/build/icyphy/ptII/ptolemy/actor/lib/test/auto/Clock24.xml (RunModel)" time="0.017" />
  <testcase classname="ptolemy.util.test.junit.AutoTests" name="[63] /home/travis/build/icyphy/ptII/ptolemy/actor/lib/test/auto/Clock4.xml (RunModel)" time="0.013" />
  <testcase classname="ptolemy.util.test.junit.AutoTests" name="[64] /home/travis/build/icyphy/ptII/ptolemy/actor/lib/test/auto/Clock5.xml (RunModel)" time="0.012" />
  <testcase classname="ptolemy.util.test.junit.AutoTests" name="[65] /home/travis/build/icyphy/ptII/ptolemy/actor/lib/test/auto/Clock6.xml (RunModel)" time="0.022" />
  <testcase classname="ptolemy.util.test.junit.AutoTests" name="[66] /home/travis/build/icyphy/ptII/ptolemy/actor/lib/test/auto/Clock7.xml (RunModel)" time="0.011" />
  <testcase classname="ptolemy.util.test.junit.AutoTests" name="[67] /home/travis/build/icyphy/ptII/ptolemy/actor/lib/test/auto/Clock8.xml (RunModel)" time="0.015" />
  <testcase classname="ptolemy.util.test.junit.AutoTests" name="[68] /home/travis/build/icyphy/ptII/ptolemy/actor/lib/test/auto/Clock9.xml (RunModel)" time="0.024" />
  <testcase classname="ptolemy.util.test.junit.AutoTests" name="[69] /home/travis/build/icyphy/ptII/ptolemy/actor/lib/test/auto/CommDistDiscard.xml (RunModel)" time="0.021" />
  <testcase classname="ptolemy.util.test.junit.AutoTests" name="[70] /home/travis/build/icyphy/ptII/ptolemy/actor/lib/test/auto/Commutator.xml (RunModel)" time="0.015" />
  <testcase classname="ptolemy.util.test.junit.AutoTests" name="[71] /home/travis/build/icyphy/ptII/ptolemy/actor/lib/test/auto/Commutator2.xml (RunModel)" time="0.012" />
  <testcase classname="ptolemy.util.test.junit.AutoTests" name="[72] /home/travis/build/icyphy/ptII/ptolemy/actor/lib/test/auto/Commutator3.xml (RunModel)" time="0.012" />
  <testcase classname="ptolemy.util.test.junit.AutoTests" name="[73] /home/travis/build/icyphy/ptII/ptolemy/actor/lib/test/auto/Compare.xml (RunModel)" time="0.044" />
  <testcase classname="ptolemy.util.test.junit.AutoTests" name="[74] /home/travis/build/icyphy/ptII/ptolemy/actor/lib/test/auto/CompareDE.xml (RunModel)" time="0.018" />
  <testcase classname="ptolemy.util.test.junit.AutoTests" name="[75] /home/travis/build/icyphy/ptII/ptolemy/actor/lib/test/auto/ComplexDivide.xml (RunModel)" time="0.008" />
  <testcase classname="ptolemy.util.test.junit.AutoTests" name="[76] /home/travis/build/icyphy/ptII/ptolemy/actor/lib/test/auto/ComputeHistogram.xml (RunModel)" time="0.062" />
  <testcase classname="ptolemy.util.test.junit.AutoTests" name="[77] /home/travis/build/icyphy/ptII/ptolemy/actor/lib/test/auto/ConfigurationSelect.xml (RunModel)" time="0.018" />
  <testcase classname="ptolemy.util.test.junit.AutoTests" name="[78] /home/travis/build/icyphy/ptII/ptolemy/actor/lib/test/auto/ConfigurationSelect2.xml (RunModel)" time="0.011" />
  <testcase classname="ptolemy.util.test.junit.AutoTests" name="[79] /home/travis/build/icyphy/ptII/ptolemy/actor/lib/test/auto/ConfigurationSwitch.xml (RunModel)" time="0.019" />
  <testcase classname="ptolemy.util.test.junit.AutoTests" name="[80] /home/travis/build/icyphy/ptII/ptolemy/actor/lib/test/auto/ConfigurationSwitch2.xml (RunModel)" time="0.015" />
  <testcase classname="ptolemy.util.test.junit.AutoTests" name="[81] /home/travis/build/icyphy/ptII/ptolemy/actor/lib/test/auto/ConfigurationSwitchCloningBugWithClassRelationGroup.xml (RunModel)" time="0.015" />
  <testcase classname="ptolemy.util.test.junit.AutoTests" name="[82] /home/travis/build/icyphy/ptII/ptolemy/actor/lib/test/auto/ConfigurationSwitchSelectSDF.xml (RunModel)" time="0.012" />
  <testcase classname="ptolemy.util.test.junit.AutoTests" name="[83] /home/travis/build/icyphy/ptII/ptolemy/actor/lib/test/auto/ConfigurationSwitchSelectSDF2.xml (RunModel)" time="0.013" />
  <testcase classname="ptolemy.util.test.junit.AutoTests" name="[84] /home/travis/build/icyphy/ptII/ptolemy/actor/lib/test/auto/Const.xml (RunModel)" time="0.006" />
  <testcase classname="ptolemy.util.test.junit.AutoTests" name="[85] /home/travis/build/icyphy/ptII/ptolemy/actor/lib/test/auto/Const2.xml (RunModel)" time="0.008" />
  <testcase classname="ptolemy.util.test.junit.AutoTests" name="[86] /home/travis/build/icyphy/ptII/ptolemy/actor/lib/test/auto/Const3.xml (RunModel)" time="0.005" />
  <testcase classname="ptolemy.util.test.junit.AutoTests" name="[87] /home/travis/build/icyphy/ptII/ptolemy/actor/lib/test/auto/ConstantPublisherPort1.xml (RunModel)" time="0.018" />
  <testcase classname="ptolemy.util.test.junit.AutoTests" name="[88] /home/travis/build/icyphy/ptII/ptolemy/actor/lib/test/auto/ConstantPublisherPort2.xml (RunModel)" time="0.015" />
  <testcase classname="ptolemy.util.test.junit.AutoTests" name="[89] /home/travis/build/icyphy/ptII/ptolemy/actor/lib/test/auto/ConstantPublisherPort3.xml (RunModel)" time="0.014" />
  <testcase classname="ptolemy.util.test.junit.AutoTests" name="[90] /home/travis/build/icyphy/ptII/ptolemy/actor/lib/test/auto/ConstantPublisherPort4.xml (RunModel)" time="0.014" />
  <testcase classname="ptolemy.util.test.junit.AutoTests" name="[91] /home/travis/build/icyphy/ptII/ptolemy/actor/lib/test/auto/ConstantPublisherPort5.xml (RunModel)" time="0.026" />
  <testcase classname="ptolemy.util.test.junit.AutoTests" name="[92] /home/travis/build/icyphy/ptII/ptolemy/actor/lib/test/auto/ConstantPublisherPort6.xml (RunModel)" time="0.034" />
  <testcase classname="ptolemy.util.test.junit.AutoTests" name="[93] /home/travis/build/icyphy/ptII/ptolemy/actor/lib/test/auto/ConstantPublisherPort7.xml (RunModel)" time="0.029" />
  <testcase classname="ptolemy.util.test.junit.AutoTests" name="[94] /home/travis/build/icyphy/ptII/ptolemy/actor/lib/test/auto/ConstraintMonitor1.xml (RunModel)" time="0.03" />
  <testcase classname="ptolemy.util.test.junit.AutoTests" name="[95] /home/travis/build/icyphy/ptII/ptolemy/actor/lib/test/auto/ConstraintMonitor2.xml (RunModel)" time="0.011" />
  <testcase classname="ptolemy.util.test.junit.AutoTests" name="[96] /home/travis/build/icyphy/ptII/ptolemy/actor/lib/test/auto/ConstraintMonitor3.xml (RunModel)" time="0.012" />
  <testcase classname="ptolemy.util.test.junit.AutoTests" name="[97] /home/travis/build/icyphy/ptII/ptolemy/actor/lib/test/auto/ConstraintMonitor4.xml (RunModel)" time="0.009" />
  <testcase classname="ptolemy.util.test.junit.AutoTests" name="[98] /home/travis/build/icyphy/ptII/ptolemy/actor/lib/test/auto/ConstraintMonitor5.xml (RunModel)" time="0.016" />
  <testcase classname="ptolemy.util.test.junit.AutoTests" name="[99] /home/travis/build/icyphy/ptII/ptolemy/actor/lib/test/auto/ConstraintMonitor6.xml (RunModel)" time="0.011" />
  <testcase classname="ptolemy.util.test.junit.AutoTests" name="[100] /home/travis/build/icyphy/ptII/ptolemy/actor/lib/test/auto/ConstraintMonitor7.xml (RunModel)" time="0.017" />
  <testcase classname="ptolemy.util.test.junit.AutoTests" name="[101] /home/travis/build/icyphy/ptII/ptolemy/actor/lib/test/auto/ConstraintMonitor8.xml (RunModel)" time="0.018" />
  <testcase classname="ptolemy.util.test.junit.AutoTests" name="[102] /home/travis/build/icyphy/ptII/ptolemy/actor/lib/test/auto/Counter.xml (RunModel)" time="0.01" />
  <testcase classname="ptolemy.util.test.junit.AutoTests" name="[103] /home/travis/build/icyphy/ptII/ptolemy/actor/lib/test/auto/CurrentTimeSDF.xml (RunModel)" time="0.007" />
  <testcase classname="ptolemy.util.test.junit.AutoTests" name="[104] /home/travis/build/icyphy/ptII/ptolemy/actor/lib/test/auto/DB.xml (RunModel)" time="0.01" />
  <testcase classname="ptolemy.util.test.junit.AutoTests" name="[105] /home/travis/build/icyphy/ptII/ptolemy/actor/lib/test/auto/DBDE.xml (RunModel)" time="0.012" />
  <testcase classname="ptolemy.util.test.junit.AutoTests" name="[106] /home/travis/build/icyphy/ptII/ptolemy/actor/lib/test/auto/DateConstructor.xml (RunModel)" time="0.039" />
  <testcase classname="ptolemy.util.test.junit.AutoTests" name="[107] /home/travis/build/icyphy/ptII/ptolemy/actor/lib/test/auto/DelayTime.xml (RunModel)" time="0.016" />
  <testcase classname="ptolemy.util.test.junit.AutoTests" name="[108] /home/travis/build/icyphy/ptII/ptolemy/actor/lib/test/auto/Dictionary1.xml (RunModel)" time="0.015" />
  <testcase classname="ptolemy.util.test.junit.AutoTests" name="[109] /home/travis/build/icyphy/ptII/ptolemy/actor/lib/test/auto/Dictionary2.xml (RunModel)" time="0.012" />
  <testcase classname="ptolemy.util.test.junit.AutoTests" name="[110] /home/travis/build/icyphy/ptII/ptolemy/actor/lib/test/auto/Dictionary3.xml (RunModel)" time="0.012" />
  <testcase classname="ptolemy.util.test.junit.AutoTests" name="[111] /home/travis/build/icyphy/ptII/ptolemy/actor/lib/test/auto/Dictionary4.xml (RunModel)" time="0.015" />
  <testcase classname="ptolemy.util.test.junit.AutoTests" name="[112] /home/travis/build/icyphy/ptII/ptolemy/actor/lib/test/auto/Differential.xml (RunModel)" time="0.012" />
  <testcase classname="ptolemy.util.test.junit.AutoTests" name="[113] /home/travis/build/icyphy/ptII/ptolemy/actor/lib/test/auto/Director.xml (RunModel)" time="0.009" />
  <testcase classname="ptolemy.util.test.junit.AutoTests" name="[114] /home/travis/build/icyphy/ptII/ptolemy/actor/lib/test/auto/DiscreteClock.xml (RunModel)" time="0.009" />
  <testcase classname="ptolemy.util.test.junit.AutoTests" name="[115] /home/travis/build/icyphy/ptII/ptolemy/actor/lib/test/auto/DiscreteClock10.xml (RunModel)" time="0.01" />
  <testcase classname="ptolemy.util.test.junit.AutoTests" name="[116] /home/travis/build/icyphy/ptII/ptolemy/actor/lib/test/auto/DiscreteClock11.xml (RunModel)" time="0.01" />
  <testcase classname="ptolemy.util.test.junit.AutoTests" name="[117] /home/travis/build/icyphy/ptII/ptolemy/actor/lib/test/auto/DiscreteClock12.xml (RunModel)" time="0.01" />
  <testcase classname="ptolemy.util.test.junit.AutoTests" name="[118] /home/travis/build/icyphy/ptII/ptolemy/actor/lib/test/auto/DiscreteClock13.xml (RunModel)" time="0.016" />
  <testcase classname="ptolemy.util.test.junit.AutoTests" name="[119] /home/travis/build/icyphy/ptII/ptolemy/actor/lib/test/auto/DiscreteClock14.xml (RunModel)" time="0.018" />
  <testcase classname="ptolemy.util.test.junit.AutoTests" name="[120] /home/travis/build/icyphy/ptII/ptolemy/actor/lib/test/auto/DiscreteClock15.xml (RunModel)" time="0.016" />
  <testcase classname="ptolemy.util.test.junit.AutoTests" name="[121] /home/travis/build/icyphy/ptII/ptolemy/actor/lib/test/auto/DiscreteClock16.xml (RunModel)" time="0.034" />
  <testcase classname="ptolemy.util.test.junit.AutoTests" name="[122] /home/travis/build/icyphy/ptII/ptolemy/actor/lib/test/auto/DiscreteClock17.xml (RunModel)" time="0.029" />
  <testcase classname="ptolemy.util.test.junit.AutoTests" name="[123] /home/travis/build/icyphy/ptII/ptolemy/actor/lib/test/auto/DiscreteClock18.xml (RunModel)" time="0.027" />
  <testcase classname="ptolemy.util.test.junit.AutoTests" name="[124] /home/travis/build/icyphy/ptII/ptolemy/actor/lib/test/auto/DiscreteClock19.xml (RunModel)" time="0.035" />
  <testcase classname="ptolemy.util.test.junit.AutoTests" name="[125] /home/travis/build/icyphy/ptII/ptolemy/actor/lib/test/auto/DiscreteClock2.xml (RunModel)" time="0.012" />
  <testcase classname="ptolemy.util.test.junit.AutoTests" name="[126] /home/travis/build/icyphy/ptII/ptolemy/actor/lib/test/auto/DiscreteClock20.xml (RunModel)" time="0.022" />
  <testcase classname="ptolemy.util.test.junit.AutoTests" name="[127] /home/travis/build/icyphy/ptII/ptolemy/actor/lib/test/auto/DiscreteClock21.xml (RunModel)" time="0.016" />
  <testcase classname="ptolemy.util.test.junit.AutoTests" name="[128] /home/travis/build/icyphy/ptII/ptolemy/actor/lib/test/auto/DiscreteClock22.xml (RunModel)" time="0.011" />
  <testcase classname="ptolemy.util.test.junit.AutoTests" name="[129] /home/travis/build/icyphy/ptII/ptolemy/actor/lib/test/auto/DiscreteClock23.xml (RunModel)" time="0.014" />
  <testcase classname="ptolemy.util.test.junit.AutoTests" name="[130] /home/travis/build/icyphy/ptII/ptolemy/actor/lib/test/auto/DiscreteClock24.xml (RunModel)" time="0.429" />
  <testcase classname="ptolemy.util.test.junit.AutoTests" name="[131] /home/travis/build/icyphy/ptII/ptolemy/actor/lib/test/auto/DiscreteClock4.xml (RunModel)" time="0.01" />
  <testcase classname="ptolemy.util.test.junit.AutoTests" name="[132] /home/travis/build/icyphy/ptII/ptolemy/actor/lib/test/auto/DiscreteClock5.xml (RunModel)" time="0.011" />
  <testcase classname="ptolemy.util.test.junit.AutoTests" name="[133] /home/travis/build/icyphy/ptII/ptolemy/actor/lib/test/auto/DiscreteClock6.xml (RunModel)" time="0.01" />
  <testcase classname="ptolemy.util.test.junit.AutoTests" name="[134] /home/travis/build/icyphy/ptII/ptolemy/actor/lib/test/auto/DiscreteClock7.xml (RunModel)" time="0.01" />
  <testcase classname="ptolemy.util.test.junit.AutoTests" name="[135] /home/travis/build/icyphy/ptII/ptolemy/actor/lib/test/auto/DiscreteClock8.xml (RunModel)" time="0.014" />
  <testcase classname="ptolemy.util.test.junit.AutoTests" name="[136] /home/travis/build/icyphy/ptII/ptolemy/actor/lib/test/auto/DiscreteClock9.xml (RunModel)" time="0.013" />
  <testcase classname="ptolemy.util.test.junit.AutoTests" name="[137] /home/travis/build/icyphy/ptII/ptolemy/actor/lib/test/auto/DisplayArray.xml (RunModel)" time="0.024" />
  <testcase classname="ptolemy.util.test.junit.AutoTests" name="[138] /home/travis/build/icyphy/ptII/ptolemy/actor/lib/test/auto/Distributor.xml (RunModel)" time="0.008" />
  <testcase classname="ptolemy.util.test.junit.AutoTests" name="[139] /home/travis/build/icyphy/ptII/ptolemy/actor/lib/test/auto/Distributor2.xml (RunModel)" time="0.01" />
  <testcase classname="ptolemy.util.test.junit.AutoTests" name="[140] /home/travis/build/icyphy/ptII/ptolemy/actor/lib/test/auto/DownSample.xml (RunModel)" time="0.027" />
  <testcase classname="ptolemy.util.test.junit.AutoTests" name="[141] /home/travis/build/icyphy/ptII/ptolemy/actor/lib/test/auto/ElectronicUnitBase1.xml (RunModel)" time="0.064" />
  <testcase classname="ptolemy.util.test.junit.AutoTests" name="[142] /home/travis/build/icyphy/ptII/ptolemy/actor/lib/test/auto/ElementsToArray.xml (RunModel)" time="0.01" />
  <testcase classname="ptolemy.util.test.junit.AutoTests" name="[143] /home/travis/build/icyphy/ptII/ptolemy/actor/lib/test/auto/Equals.xml (RunModel)" time="0.011" />
  <testcase classname="ptolemy.util.test.junit.AutoTests" name="[144] /home/travis/build/icyphy/ptII/ptolemy/actor/lib/test/auto/Exec.xml (RunModel)" time="0.019" />
  <testcase classname="ptolemy.util.test.junit.AutoTests" name="[145] /home/travis/build/icyphy/ptII/ptolemy/actor/lib/test/auto/ExecEnvironment.xml (RunModel)" time="0.034" />
  <testcase classname="ptolemy.util.test.junit.AutoTests" name="[146] /home/travis/build/icyphy/ptII/ptolemy/actor/lib/test/auto/ExecNonZeroReturnOutput.xml (RunModel)" time="0.142" />
  <testcase classname="ptolemy.util.test.junit.AutoTests" name="[147] /home/travis/build/icyphy/ptII/ptolemy/actor/lib/test/auto/ExecRunDemos.xml (RunModel)" time="9.296" />
  <testcase classname="ptolemy.util.test.junit.AutoTests" name="[148] /home/travis/build/icyphy/ptII/ptolemy/actor/lib/test/auto/ExecStop.xml (RunModel)" time="5.02" />
  <testcase classname="ptolemy.util.test.junit.AutoTests" name="[149] /home/travis/build/icyphy/ptII/ptolemy/actor/lib/test/auto/ExecutionTimeSDF.xml (RunModel)" time="6.024" />
  <testcase classname="ptolemy.util.test.junit.AutoTests" name="[150] /home/travis/build/icyphy/ptII/ptolemy/actor/lib/test/auto/Expression1.xml (RunModel)" time="0.022" />
  <testcase classname="ptolemy.util.test.junit.AutoTests" name="[151] /home/travis/build/icyphy/ptII/ptolemy/actor/lib/test/auto/Expression10.xml (RunModel)" time="0.022" />
  <testcase classname="ptolemy.util.test.junit.AutoTests" name="[152] /home/travis/build/icyphy/ptII/ptolemy/actor/lib/test/auto/Expression11.xml (RunModel)" time="0.012" />
  <testcase classname="ptolemy.util.test.junit.AutoTests" name="[153] /home/travis/build/icyphy/ptII/ptolemy/actor/lib/test/auto/Expression12.xml (RunModel)" time="0.016" />
  <testcase classname="ptolemy.util.test.junit.AutoTests" name="[154] /home/travis/build/icyphy/ptII/ptolemy/actor/lib/test/auto/Expression13.xml (RunModel)" time="0.014" />
  <testcase classname="ptolemy.util.test.junit.AutoTests" name="[155] /home/travis/build/icyphy/ptII/ptolemy/actor/lib/test/auto/Expression14.xml (RunModel)" time="0.018" />
  <testcase classname="ptolemy.util.test.junit.AutoTests" name="[156] /home/travis/build/icyphy/ptII/ptolemy/actor/lib/test/auto/Expression15.xml (RunModel)" time="0.01" />
  <testcase classname="ptolemy.util.test.junit.AutoTests" name="[157] /home/travis/build/icyphy/ptII/ptolemy/actor/lib/test/auto/Expression16.xml (RunModel)" time="0.012" />
  <testcase classname="ptolemy.util.test.junit.AutoTests" name="[158] /home/travis/build/icyphy/ptII/ptolemy/actor/lib/test/auto/Expression17.xml (RunModel)" time="0.011" />
  <testcase classname="ptolemy.util.test.junit.AutoTests" name="[159] /home/travis/build/icyphy/ptII/ptolemy/actor/lib/test/auto/Expression18.xml (RunModel)" time="0.013" />
  <testcase classname="ptolemy.util.test.junit.AutoTests" name="[160] /home/travis/build/icyphy/ptII/ptolemy/actor/lib/test/auto/Expression2.xml (RunModel)" time="0.017" />
  <testcase classname="ptolemy.util.test.junit.AutoTests" name="[161] /home/travis/build/icyphy/ptII/ptolemy/actor/lib/test/auto/Expression3.xml (RunModel)" time="0.018" />
  <testcase classname="ptolemy.util.test.junit.AutoTests" name="[162] /home/travis/build/icyphy/ptII/ptolemy/actor/lib/test/auto/Expression4.xml (RunModel)" time="0.02" />
  <testcase classname="ptolemy.util.test.junit.AutoTests" name="[163] /home/travis/build/icyphy/ptII/ptolemy/actor/lib/test/auto/Expression5.xml (RunModel)" time="0.013" />
  <testcase classname="ptolemy.util.test.junit.AutoTests" name="[164] /home/travis/build/icyphy/ptII/ptolemy/actor/lib/test/auto/Expression6.xml (RunModel)" time="0.009" />
  <testcase classname="ptolemy.util.test.junit.AutoTests" name="[165] /home/travis/build/icyphy/ptII/ptolemy/actor/lib/test/auto/Expression7.xml (RunModel)" time="0.014" />
  <testcase classname="ptolemy.util.test.junit.AutoTests" name="[166] /home/travis/build/icyphy/ptII/ptolemy/actor/lib/test/auto/Expression8.xml (RunModel)" time="0.016" />
  <testcase classname="ptolemy.util.test.junit.AutoTests" name="[167] /home/travis/build/icyphy/ptII/ptolemy/actor/lib/test/auto/Expression9.xml (RunModel)" time="0.01" />
  <testcase classname="ptolemy.util.test.junit.AutoTests" name="[168] /home/travis/build/icyphy/ptII/ptolemy/actor/lib/test/auto/ExpressionConcatenateArrayType.xml (RunModel)" time="0.024" />
  <testcase classname="ptolemy.util.test.junit.AutoTests" name="[169] /home/travis/build/icyphy/ptII/ptolemy/actor/lib/test/auto/ExpressionConcatenateArrayType2.xml (RunModel)" time="0.022" />
  <testcase classname="ptolemy.util.test.junit.AutoTests" name="[170] /home/travis/build/icyphy/ptII/ptolemy/actor/lib/test/auto/ExpressionFix.xml (RunModel)" time="0.038" />
  <testcase classname="ptolemy.util.test.junit.AutoTests" name="[171] /home/travis/build/icyphy/ptII/ptolemy/actor/lib/test/auto/ExpressionFix2.xml (RunModel)" time="0.011" />
  <testcase classname="ptolemy.util.test.junit.AutoTests" name="[172] /home/travis/build/icyphy/ptII/ptolemy/actor/lib/test/auto/ExpressionFix3.xml (RunModel)" time="0.012" />
  <testcase classname="ptolemy.util.test.junit.AutoTests" name="[173] /home/travis/build/icyphy/ptII/ptolemy/actor/lib/test/auto/FileWriter1.xml (RunModel)" time="0.008" />
  <testcase classname="ptolemy.util.test.junit.AutoTests" name="[174] /home/travis/build/icyphy/ptII/ptolemy/actor/lib/test/auto/FileWriter2.xml (RunModel)" time="0.009" />
  <testcase classname="ptolemy.util.test.junit.AutoTests" name="[175] /home/travis/build/icyphy/ptII/ptolemy/actor/lib/test/auto/FileWriter3.xml (RunModel)" time="0.01" />
  <testcase classname="ptolemy.util.test.junit.AutoTests" name="[176] /home/travis/build/icyphy/ptII/ptolemy/actor/lib/test/auto/Gaussian.xml (RunModel)" time="0.013" />
  <testcase classname="ptolemy.util.test.junit.AutoTests" name="[177] /home/travis/build/icyphy/ptII/ptolemy/actor/lib/test/auto/Gaussian1.xml (RunModel)" time="0.021" />
  <testcase classname="ptolemy.util.test.junit.AutoTests" name="[178] /home/travis/build/icyphy/ptII/ptolemy/actor/lib/test/auto/Gaussian2.xml (RunModel)" time="0.019" />
  <testcase classname="ptolemy.util.test.junit.AutoTests" name="[179] /home/travis/build/icyphy/ptII/ptolemy/actor/lib/test/auto/GradientAdaptiveLattice.xml (RunModel)" time="0.013" />
  <testcase classname="ptolemy.util.test.junit.AutoTests" name="[180] /home/travis/build/icyphy/ptII/ptolemy/actor/lib/test/auto/IIR.xml (RunModel)" time="0.008" />
  <testcase classname="ptolemy.util.test.junit.AutoTests" name="[181] /home/travis/build/icyphy/ptII/ptolemy/actor/lib/test/auto/InputOutputTransparentPorts.xml (RunModel)" time="0.016" />
  <testcase classname="ptolemy.util.test.junit.AutoTests" name="[182] /home/travis/build/icyphy/ptII/ptolemy/actor/lib/test/auto/Interpolator.xml (RunModel)" time="0.011" />
  <testcase classname="ptolemy.util.test.junit.AutoTests" name="[183] /home/travis/build/icyphy/ptII/ptolemy/actor/lib/test/auto/InterpolatorFiringLimitDE.xml (RunModel)" time="0.011" />
  <testcase classname="ptolemy.util.test.junit.AutoTests" name="[184] /home/travis/build/icyphy/ptII/ptolemy/actor/lib/test/auto/Lattice.xml (RunModel)" time="0.007" />
  <testcase classname="ptolemy.util.test.junit.AutoTests" name="[185] /home/travis/build/icyphy/ptII/ptolemy/actor/lib/test/auto/LazyAOCTestLazy.xml (RunModel)" time="0.024" />
  <testcase classname="ptolemy.util.test.junit.AutoTests" name="[186] /home/travis/build/icyphy/ptII/ptolemy/actor/lib/test/auto/LazyAOCTestNonLazy.xml (RunModel)" time="0.049" />
  <testcase classname="ptolemy.util.test.junit.AutoTests" name="[187] /home/travis/build/icyphy/ptII/ptolemy/actor/lib/test/auto/LazyInnerClass.xml (RunModel)" time="0.052" />
  <testcase classname="ptolemy.util.test.junit.AutoTests" name="[188] /home/travis/build/icyphy/ptII/ptolemy/actor/lib/test/auto/LazyPubSub.xml (RunModel)" time="0.061" />
  <testcase classname="ptolemy.util.test.junit.AutoTests" name="[189] /home/travis/build/icyphy/ptII/ptolemy/actor/lib/test/auto/LazyPubSub2.xml (RunModel)" time="0.033" />
  <testcase classname="ptolemy.util.test.junit.AutoTests" name="[190] /home/travis/build/icyphy/ptII/ptolemy/actor/lib/test/auto/LazyPubSub3.xml (RunModel)" time="0.038" />
  <testcase classname="ptolemy.util.test.junit.AutoTests" name="[191] /home/travis/build/icyphy/ptII/ptolemy/actor/lib/test/auto/LazySubClassModel.xml (RunModel)" time="0.018" />
  <testcase classname="ptolemy.util.test.junit.AutoTests" name="[192] /home/travis/build/icyphy/ptII/ptolemy/actor/lib/test/auto/LevelCrossTest1.xml (RunModel)" time="0.01" />
  <testcase classname="ptolemy.util.test.junit.AutoTests" name="[193] /home/travis/build/icyphy/ptII/ptolemy/actor/lib/test/auto/LevelCrossTest10.xml (RunModel)" time="0.013" />
  <testcase classname="ptolemy.util.test.junit.AutoTests" name="[194] /home/travis/build/icyphy/ptII/ptolemy/actor/lib/test/auto/LevelCrossTest11.xml (RunModel)" time="0.011" />
  <testcase classname="ptolemy.util.test.junit.AutoTests" name="[195] /home/travis/build/icyphy/ptII/ptolemy/actor/lib/test/auto/LevelCrossTest12.xml (RunModel)" time="0.012" />
  <testcase classname="ptolemy.util.test.junit.AutoTests" name="[196] /home/travis/build/icyphy/ptII/ptolemy/actor/lib/test/auto/LevelCrossTest13.xml (RunModel)" time="0.012" />
  <testcase classname="ptolemy.util.test.junit.AutoTests" name="[197] /home/travis/build/icyphy/ptII/ptolemy/actor/lib/test/auto/LevelCrossTest2.xml (RunModel)" time="0.01" />
  <testcase classname="ptolemy.util.test.junit.AutoTests" name="[198] /home/travis/build/icyphy/ptII/ptolemy/actor/lib/test/auto/LevelCrossTest3.xml (RunModel)" time="0.01" />
  <testcase classname="ptolemy.util.test.junit.AutoTests" name="[199] /home/travis/build/icyphy/ptII/ptolemy/actor/lib/test/auto/LevelCrossTest4.xml (RunModel)" time="0.009" />
  <testcase classname="ptolemy.util.test.junit.AutoTests" name="[200] /home/travis/build/icyphy/ptII/ptolemy/actor/lib/test/auto/LevelCrossTest5.xml (RunModel)" time="0.011" />
  <testcase classname="ptolemy.util.test.junit.AutoTests" name="[201] /home/travis/build/icyphy/ptII/ptolemy/actor/lib/test/auto/LevelCrossTest6.xml (RunModel)" time="0.01" />
  <testcase classname="ptolemy.util.test.junit.AutoTests" name="[202] /home/travis/build/icyphy/ptII/ptolemy/actor/lib/test/auto/LevelCrossTest7.xml (RunModel)" time="0.012" />
  <testcase classname="ptolemy.util.test.junit.AutoTests" name="[203] /home/travis/build/icyphy/ptII/ptolemy/actor/lib/test/auto/LevelCrossTest8.xml (RunModel)" time="0.012" />
  <testcase classname="ptolemy.util.test.junit.AutoTests" name="[204] /home/travis/build/icyphy/ptII/ptolemy/actor/lib/test/auto/LevelCrossTest9.xml (RunModel)" time="0.012" />
  <testcase classname="ptolemy.util.test.junit.AutoTests" name="[205] /home/travis/build/icyphy/ptII/ptolemy/actor/lib/test/auto/LevinsonDurbin.xml (RunModel)" time="0.008" />
  <testcase classname="ptolemy.util.test.junit.AutoTests" name="[206] /home/travis/build/icyphy/ptII/ptolemy/actor/lib/test/auto/LevinsonDurbin2.xml (RunModel)" time="0.01" />
  <testcase classname="ptolemy.util.test.junit.AutoTests" name="[207] /home/travis/build/icyphy/ptII/ptolemy/actor/lib/test/auto/LevinsonDurbin3.xml (RunModel)" time="0.009" />
  <testcase classname="ptolemy.util.test.junit.AutoTests" name="[208] /home/travis/build/icyphy/ptII/ptolemy/actor/lib/test/auto/Limiter.xml (RunModel)" time="0.031" />
  <testcase classname="ptolemy.util.test.junit.AutoTests" name="[209] /home/travis/build/icyphy/ptII/ptolemy/actor/lib/test/auto/LinearDifferenceEquationSystem.xml (RunModel)" time="0.022" />
  <testcase classname="ptolemy.util.test.junit.AutoTests" name="[210] /home/travis/build/icyphy/ptII/ptolemy/actor/lib/test/auto/LookupTable.xml (RunModel)" time="0.01" />
  <testcase classname="ptolemy.util.test.junit.AutoTests" name="[211] /home/travis/build/icyphy/ptII/ptolemy/actor/lib/test/auto/MathFunction.xml (RunModel)" time="0.02" />
  <testcase classname="ptolemy.util.test.junit.AutoTests" name="[212] /home/travis/build/icyphy/ptII/ptolemy/actor/lib/test/auto/MathFunction2.xml (RunModel)" time="0.011" />
  <testcase classname="ptolemy.util.test.junit.AutoTests" name="[213] /home/travis/build/icyphy/ptII/ptolemy/actor/lib/test/auto/MathFunction3.xml (RunModel)" time="0.016" />
  <testcase classname="ptolemy.util.test.junit.AutoTests" name="[214] /home/travis/build/icyphy/ptII/ptolemy/actor/lib/test/auto/MatrixCropBoolean.xml (RunModel)" time="0.011" />
  <testcase classname="ptolemy.util.test.junit.AutoTests" name="[215] /home/travis/build/icyphy/ptII/ptolemy/actor/lib/test/auto/MatrixCropComplex.xml (RunModel)" time="0.008" />
  <testcase classname="ptolemy.util.test.junit.AutoTests" name="[216] /home/travis/build/icyphy/ptII/ptolemy/actor/lib/test/auto/MatrixCropDouble.xml (RunModel)" time="0.009" />
  <testcase classname="ptolemy.util.test.junit.AutoTests" name="[217] /home/travis/build/icyphy/ptII/ptolemy/actor/lib/test/auto/MatrixCropFix.xml (RunModel)" time="0.011" />
  <testcase classname="ptolemy.util.test.junit.AutoTests" name="[218] /home/travis/build/icyphy/ptII/ptolemy/actor/lib/test/auto/MatrixCropInt.xml (RunModel)" time="0.008" />
  <testcase classname="ptolemy.util.test.junit.AutoTests" name="[219] /home/travis/build/icyphy/ptII/ptolemy/actor/lib/test/auto/MatrixCropLong.xml (RunModel)" time="0.009" />
  <testcase classname="ptolemy.util.test.junit.AutoTests" name="[220] /home/travis/build/icyphy/ptII/ptolemy/actor/lib/test/auto/MatrixToArray.xml (RunModel)" time="0.059" />
  <testcase classname="ptolemy.util.test.junit.AutoTests" name="[221] /home/travis/build/icyphy/ptII/ptolemy/actor/lib/test/auto/MaxIndex.xml (RunModel)" time="0.012" />
  <testcase classname="ptolemy.util.test.junit.AutoTests" name="[222] /home/travis/build/icyphy/ptII/ptolemy/actor/lib/test/auto/Maximum.xml (RunModel)" time="0.018" />
  <testcase classname="ptolemy.util.test.junit.AutoTests" name="[223] /home/travis/build/icyphy/ptII/ptolemy/actor/lib/test/auto/MaximumComplex.xml (RunModel)" time="0.015" />
  <testcase classname="ptolemy.util.test.junit.AutoTests" name="[224] /home/travis/build/icyphy/ptII/ptolemy/actor/lib/test/auto/MethodCallTest.xml (RunModel)" time="0.024" />
  <testcase classname="ptolemy.util.test.junit.AutoTests" name="[225] /home/travis/build/icyphy/ptII/ptolemy/actor/lib/test/auto/Minimum.xml (RunModel)" time="0.015" />
  <testcase classname="ptolemy.util.test.junit.AutoTests" name="[226] /home/travis/build/icyphy/ptII/ptolemy/actor/lib/test/auto/MinimumComplex.xml (RunModel)" time="0.016" />
  <testcase classname="ptolemy.util.test.junit.AutoTests" name="[227] /home/travis/build/icyphy/ptII/ptolemy/actor/lib/test/auto/MinimumMultiports.xml (RunModel)" time="0.022" />
  <testcase classname="ptolemy.util.test.junit.AutoTests" name="[228] /home/travis/build/icyphy/ptII/ptolemy/actor/lib/test/auto/ModifyDate.xml (RunModel)" time="0.039" />
  <testcase classname="ptolemy.util.test.junit.AutoTests" name="[229] /home/travis/build/icyphy/ptII/ptolemy/actor/lib/test/auto/ModifyDate2.xml (RunModel)" time="0.034" />
  <testcase classname="ptolemy.util.test.junit.AutoTests" name="[230] /home/travis/build/icyphy/ptII/ptolemy/actor/lib/test/auto/MovingAverage.xml (RunModel)" time="0.011" />
  <testcase classname="ptolemy.util.test.junit.AutoTests" name="[231] /home/travis/build/icyphy/ptII/ptolemy/actor/lib/test/auto/MovingMaximum.xml (RunModel)" time="0.014" />
  <testcase classname="ptolemy.util.test.junit.AutoTests" name="[232] /home/travis/build/icyphy/ptII/ptolemy/actor/lib/test/auto/MultipleLinksToSameRelation.xml (RunModel)" time="0.008" />
  <testcase classname="ptolemy.util.test.junit.AutoTests" name="[233] /home/travis/build/icyphy/ptII/ptolemy/actor/lib/test/auto/MultipleLinksToSameRelationDE.xml (RunModel)" time="0.011" />
  <testcase classname="ptolemy.util.test.junit.AutoTests" name="[234] /home/travis/build/icyphy/ptII/ptolemy/actor/lib/test/auto/Multiplexor.xml (RunModel)" time="0.021" />
  <testcase classname="ptolemy.util.test.junit.AutoTests" name="[235] /home/travis/build/icyphy/ptII/ptolemy/actor/lib/test/auto/Multiplexor1.xml (RunModel)" time="0.011" />
  <testcase classname="ptolemy.util.test.junit.AutoTests" name="[236] /home/travis/build/icyphy/ptII/ptolemy/actor/lib/test/auto/Multiplexor2.xml (RunModel)" time="0.016" />
  <testcase classname="ptolemy.util.test.junit.AutoTests" name="[237] /home/travis/build/icyphy/ptII/ptolemy/actor/lib/test/auto/Multiplexor3.xml (RunModel)" time="0.009" />
  <testcase classname="ptolemy.util.test.junit.AutoTests" name="[238] /home/travis/build/icyphy/ptII/ptolemy/actor/lib/test/auto/MultiplexorDE.xml (RunModel)" time="0.019" />
  <testcase classname="ptolemy.util.test.junit.AutoTests" name="[239] /home/travis/build/icyphy/ptII/ptolemy/actor/lib/test/auto/MultiportBroadcastTest.xml (RunModel)" time="0.1" />
  <testcase classname="ptolemy.util.test.junit.AutoTests" name="[240] /home/travis/build/icyphy/ptII/ptolemy/actor/lib/test/auto/MultiportOutHangDuringGetWidth.xml (RunModel)" time="0.042" />
  <testcase classname="ptolemy.util.test.junit.AutoTests" name="[241] /home/travis/build/icyphy/ptII/ptolemy/actor/lib/test/auto/NilToken.xml (RunModel)" time="0.014" />
  <testcase classname="ptolemy.util.test.junit.AutoTests" name="[242] /home/travis/build/icyphy/ptII/ptolemy/actor/lib/test/auto/NilTokenNonStrictTest.xml (RunModel)" time="0.012" />
  <testcase classname="ptolemy.util.test.junit.AutoTests" name="[243] /home/travis/build/icyphy/ptII/ptolemy/actor/lib/test/auto/NilTokenRecord.xml (RunModel)" time="0.024" />
  <testcase classname="ptolemy.util.test.junit.AutoTests" name="[244] /home/travis/build/icyphy/ptII/ptolemy/actor/lib/test/auto/NilTokenTypeTest.xml (RunModel)" time="0.031" />
  <testcase classname="ptolemy.util.test.junit.AutoTests" name="[245] /home/travis/build/icyphy/ptII/ptolemy/actor/lib/test/auto/ObjectToken1.xml (RunModel)" time="0.008" />
  <testcase classname="ptolemy.util.test.junit.AutoTests" name="[246] /home/travis/build/icyphy/ptII/ptolemy/actor/lib/test/auto/OrderedMerge.xml (RunModel)" time="0.019" />
  <testcase classname="ptolemy.util.test.junit.AutoTests" name="[247] /home/travis/build/icyphy/ptII/ptolemy/actor/lib/test/auto/OrderedRecordDisassembler.xml (RunModel)" time="0.019" />
  <testcase classname="ptolemy.util.test.junit.AutoTests" name="[248] /home/travis/build/icyphy/ptII/ptolemy/actor/lib/test/auto/OrderedRecordDisassembler2.xml (RunModel)" time="0.027" />
  <testcase classname="ptolemy.util.test.junit.AutoTests" name="[249] /home/travis/build/icyphy/ptII/ptolemy/actor/lib/test/auto/OrderedRecordUpdater.xml (RunModel)" time="0.011" />
  <testcase classname="ptolemy.util.test.junit.AutoTests" name="[250] /home/travis/build/icyphy/ptII/ptolemy/actor/lib/test/auto/OrderedRecordUpdater2.xml (RunModel)" time="0.019" />
  <testcase classname="ptolemy.util.test.junit.AutoTests" name="[251] /home/travis/build/icyphy/ptII/ptolemy/actor/lib/test/auto/PhaseUnwrap.xml (RunModel)" time="0.022" />
  <testcase classname="ptolemy.util.test.junit.AutoTests" name="[252] /home/travis/build/icyphy/ptII/ptolemy/actor/lib/test/auto/PoissonClock.xml (RunModel)" time="0.009" />
  <testcase classname="ptolemy.util.test.junit.AutoTests" name="[253] /home/travis/build/icyphy/ptII/ptolemy/actor/lib/test/auto/PoissonClock2.xml (RunModel)" time="0.009" />
  <testcase classname="ptolemy.util.test.junit.AutoTests" name="[254] /home/travis/build/icyphy/ptII/ptolemy/actor/lib/test/auto/PoissonClock3.xml (RunModel)" time="0.015" />
  <testcase classname="ptolemy.util.test.junit.AutoTests" name="[255] /home/travis/build/icyphy/ptII/ptolemy/actor/lib/test/auto/PubSubWithInitialTokens.xml (RunModel)" time="0.013" />
  <testcase classname="ptolemy.util.test.junit.AutoTests" name="[256] /home/travis/build/icyphy/ptII/ptolemy/actor/lib/test/auto/PubSubWithInitialTokens2.xml (RunModel)" time="0.015" />
  <testcase classname="ptolemy.util.test.junit.AutoTests" name="[257] /home/travis/build/icyphy/ptII/ptolemy/actor/lib/test/auto/PublisherClassNoParameter.xml (RunModel)" time="0.021" />
  <testcase classname="ptolemy.util.test.junit.AutoTests" name="[258] /home/travis/build/icyphy/ptII/ptolemy/actor/lib/test/auto/PublisherClassParameter.xml (RunModel)" time="0.019" />
  <testcase classname="ptolemy.util.test.junit.AutoTests" name="[259] /home/travis/build/icyphy/ptII/ptolemy/actor/lib/test/auto/PublisherNonStrictTest.xml (RunModel)" time="0.015" />
  <testcase classname="ptolemy.util.test.junit.AutoTests" name="[260] /home/travis/build/icyphy/ptII/ptolemy/actor/lib/test/auto/PublisherPort1.xml (RunModel)" time="0.009" />
  <testcase classname="ptolemy.util.test.junit.AutoTests" name="[261] /home/travis/build/icyphy/ptII/ptolemy/actor/lib/test/auto/PublisherPort2.xml (RunModel)" time="0.008" />
  <testcase classname="ptolemy.util.test.junit.AutoTests" name="[262] /home/travis/build/icyphy/ptII/ptolemy/actor/lib/test/auto/PublisherPort3.xml (RunModel)" time="0.018" />
  <testcase classname="ptolemy.util.test.junit.AutoTests" name="[263] /home/travis/build/icyphy/ptII/ptolemy/actor/lib/test/auto/PublisherPort4.xml (RunModel)" time="0.014" />
  <testcase classname="ptolemy.util.test.junit.AutoTests" name="[264] /home/travis/build/icyphy/ptII/ptolemy/actor/lib/test/auto/PublisherPort5.xml (RunModel)" time="0.013" />
  <testcase classname="ptolemy.util.test.junit.AutoTests" name="[265] /home/travis/build/icyphy/ptII/ptolemy/actor/lib/test/auto/PublisherPort5LookAlike.xml (RunModel)" time="0.014" />
  <testcase classname="ptolemy.util.test.junit.AutoTests" name="[266] /home/travis/build/icyphy/ptII/ptolemy/actor/lib/test/auto/PublisherPort6.xml (RunModel)" time="0.012" />
  <testcase classname="ptolemy.util.test.junit.AutoTests" name="[267] /home/travis/build/icyphy/ptII/ptolemy/actor/lib/test/auto/PublisherPort7.xml (RunModel)" time="0.013" />
  <testcase classname="ptolemy.util.test.junit.AutoTests" name="[268] /home/travis/build/icyphy/ptII/ptolemy/actor/lib/test/auto/PublisherPort8.xml (RunModel)" time="0.014" />
  <testcase classname="ptolemy.util.test.junit.AutoTests" name="[269] /home/travis/build/icyphy/ptII/ptolemy/actor/lib/test/auto/PublisherPortSubscriberChannelVariablesAOC2.xml (RunModel)" time="0.027" />
  <testcase classname="ptolemy.util.test.junit.AutoTests" name="[270] /home/travis/build/icyphy/ptII/ptolemy/actor/lib/test/auto/PublisherPortSubscriberOpaqueWidthInference.xml (RunModel)" time="0.015" />
  <testcase classname="ptolemy.util.test.junit.AutoTests" name="[271] /home/travis/build/icyphy/ptII/ptolemy/actor/lib/test/auto/PublisherPortSubscriberPortAdjacent.xml (RunModel)" time="0.015" />
  <testcase classname="ptolemy.util.test.junit.AutoTests" name="[272] /home/travis/build/icyphy/ptII/ptolemy/actor/lib/test/auto/PublisherPortSubscriberPortExpression.xml (RunModel)" time="0.015" />
  <testcase classname="ptolemy.util.test.junit.AutoTests" name="[273] /home/travis/build/icyphy/ptII/ptolemy/actor/lib/test/auto/PublisherPortSubscriberPortOpaqueD3Reverse.xml (RunModel)" time="0.019" />
  <testcase classname="ptolemy.util.test.junit.AutoTests" name="[274] /home/travis/build/icyphy/ptII/ptolemy/actor/lib/test/auto/PublisherPortSubscriberPortOpaqueWidthInference.xml (RunModel)" time="0.014" />
  <testcase classname="ptolemy.util.test.junit.AutoTests" name="[275] /home/travis/build/icyphy/ptII/ptolemy/actor/lib/test/auto/PublisherPortToplevelSubscriberPortAOC.xml (RunModel)" time="0.008" />
  <testcase classname="ptolemy.util.test.junit.AutoTests" name="[276] /home/travis/build/icyphy/ptII/ptolemy/actor/lib/test/auto/PublisherSubscriber.xml (RunModel)" time="0.012" />
  <testcase classname="ptolemy.util.test.junit.AutoTests" name="[277] /home/travis/build/icyphy/ptII/ptolemy/actor/lib/test/auto/PublisherSubscriber10.xml (RunModel)" time="0.018" />
  <testcase classname="ptolemy.util.test.junit.AutoTests" name="[278] /home/travis/build/icyphy/ptII/ptolemy/actor/lib/test/auto/PublisherSubscriber10InitialOutputs.xml (RunModel)" time="0.017" />
  <testcase classname="ptolemy.util.test.junit.AutoTests" name="[279] /home/travis/build/icyphy/ptII/ptolemy/actor/lib/test/auto/PublisherSubscriber11.xml (RunModel)" time="0.011" />
  <testcase classname="ptolemy.util.test.junit.AutoTests" name="[280] /home/travis/build/icyphy/ptII/ptolemy/actor/lib/test/auto/PublisherSubscriber12.xml (RunModel)" time="0.014" />
  <testcase classname="ptolemy.util.test.junit.AutoTests" name="[281] /home/travis/build/icyphy/ptII/ptolemy/actor/lib/test/auto/PublisherSubscriber13.xml (RunModel)" time="0.011" />
  <testcase classname="ptolemy.util.test.junit.AutoTests" name="[282] /home/travis/build/icyphy/ptII/ptolemy/actor/lib/test/auto/PublisherSubscriber14.xml (RunModel)" time="0.017" />
  <testcase classname="ptolemy.util.test.junit.AutoTests" name="[283] /home/travis/build/icyphy/ptII/ptolemy/actor/lib/test/auto/PublisherSubscriber2.xml (RunModel)" time="0.009" />
  <testcase classname="ptolemy.util.test.junit.AutoTests" name="[284] /home/travis/build/icyphy/ptII/ptolemy/actor/lib/test/auto/PublisherSubscriber3.xml (RunModel)" time="0.009" />
  <testcase classname="ptolemy.util.test.junit.AutoTests" name="[285] /home/travis/build/icyphy/ptII/ptolemy/actor/lib/test/auto/PublisherSubscriber4.xml (RunModel)" time="0.008" />
  <testcase classname="ptolemy.util.test.junit.AutoTests" name="[286] /home/travis/build/icyphy/ptII/ptolemy/actor/lib/test/auto/PublisherSubscriber5.xml (RunModel)" time="0.011" />
  <testcase classname="ptolemy.util.test.junit.AutoTests" name="[287] /home/travis/build/icyphy/ptII/ptolemy/actor/lib/test/auto/PublisherSubscriber6.xml (RunModel)" time="0.011" />
  <testcase classname="ptolemy.util.test.junit.AutoTests" name="[288] /home/travis/build/icyphy/ptII/ptolemy/actor/lib/test/auto/PublisherSubscriber7.xml (RunModel)" time="0.013" />
  <testcase classname="ptolemy.util.test.junit.AutoTests" name="[289] /home/travis/build/icyphy/ptII/ptolemy/actor/lib/test/auto/PublisherSubscriber8.xml (RunModel)" time="0.047" />
  <testcase classname="ptolemy.util.test.junit.AutoTests" name="[290] /home/travis/build/icyphy/ptII/ptolemy/actor/lib/test/auto/PublisherSubscriber9.xml (RunModel)" time="0.012" />
  <testcase classname="ptolemy.util.test.junit.AutoTests" name="[291] /home/travis/build/icyphy/ptII/ptolemy/actor/lib/test/auto/PublisherSubscriberAdjacent.xml (RunModel)" time="0.023" />
  <testcase classname="ptolemy.util.test.junit.AutoTests" name="[292] /home/travis/build/icyphy/ptII/ptolemy/actor/lib/test/auto/PublisherSubscriberChannelVariablesAOC2.xml (RunModel)" time="0.027" />
  <testcase classname="ptolemy.util.test.junit.AutoTests" name="[293] /home/travis/build/icyphy/ptII/ptolemy/actor/lib/test/auto/PublisherSubscriberD3.xml (RunModel)" time="0.011" />
  <testcase classname="ptolemy.util.test.junit.AutoTests" name="[294] /home/travis/build/icyphy/ptII/ptolemy/actor/lib/test/auto/PublisherSubscriberD3Reverse.xml (RunModel)" time="0.01" />
  <testcase classname="ptolemy.util.test.junit.AutoTests" name="[295] /home/travis/build/icyphy/ptII/ptolemy/actor/lib/test/auto/PublisherSubscriberExpression.xml (RunModel)" time="0.016" />
  <testcase classname="ptolemy.util.test.junit.AutoTests" name="[296] /home/travis/build/icyphy/ptII/ptolemy/actor/lib/test/auto/PublisherSubscriberOpaque.xml (RunModel)" time="0.014" />
  <testcase classname="ptolemy.util.test.junit.AutoTests" name="[297] /home/travis/build/icyphy/ptII/ptolemy/actor/lib/test/auto/PublisherSubscriberOpaqueD3.xml (RunModel)" time="0.024" />
  <testcase classname="ptolemy.util.test.junit.AutoTests" name="[298] /home/travis/build/icyphy/ptII/ptolemy/actor/lib/test/auto/PublisherSubscriberOpaqueD3Reverse.xml (RunModel)" time="0.022" />
  <testcase classname="ptolemy.util.test.junit.AutoTests" name="[299] /home/travis/build/icyphy/ptII/ptolemy/actor/lib/test/auto/PublisherSubscriberOpaqueWidthInference.xml (RunModel)" time="0.014" />
  <testcase classname="ptolemy.util.test.junit.AutoTests" name="[300] /home/travis/build/icyphy/ptII/ptolemy/actor/lib/test/auto/PublisherTestSubscriber.xml (RunModel)" time="0.018" />
  <testcase classname="ptolemy.util.test.junit.AutoTests" name="[301] /home/travis/build/icyphy/ptII/ptolemy/actor/lib/test/auto/PublisherToplevelSubscriberPortAOC.xml (RunModel)" time="0.01" />
  <testcase classname="ptolemy.util.test.junit.AutoTests" name="[302] /home/travis/build/icyphy/ptII/ptolemy/actor/lib/test/auto/PulseFiringLimitDE.xml (RunModel)" time="0.01" />
  <testcase classname="ptolemy.util.test.junit.AutoTests" name="[303] /home/travis/build/icyphy/ptII/ptolemy/actor/lib/test/auto/Ramp1.xml (RunModel)" time="0.006" />
  <testcase classname="ptolemy.util.test.junit.AutoTests" name="[304] /home/travis/build/icyphy/ptII/ptolemy/actor/lib/test/auto/RampFiringLimitDE.xml (RunModel)" time="0.013" />
  <testcase classname="ptolemy.util.test.junit.AutoTests" name="[305] /home/travis/build/icyphy/ptII/ptolemy/actor/lib/test/auto/RampFiringLimitSDF.xml (RunModel)" time="0.013" />
  <testcase classname="ptolemy.util.test.junit.AutoTests" name="[306] /home/travis/build/icyphy/ptII/ptolemy/actor/lib/test/auto/RandomInteger.xml (RunModel)" time="0.008" />
  <testcase classname="ptolemy.util.test.junit.AutoTests" name="[307] /home/travis/build/icyphy/ptII/ptolemy/actor/lib/test/auto/ReadFile1.xml (RunModel)" time="0.008" />
  <testcase classname="ptolemy.util.test.junit.AutoTests" name="[308] /home/travis/build/icyphy/ptII/ptolemy/actor/lib/test/auto/ReadFile2.xml (RunModel)" time="0.007" />
  <testcase classname="ptolemy.util.test.junit.AutoTests" name="[309] /home/travis/build/icyphy/ptII/ptolemy/actor/lib/test/auto/Reader.xml (RunModel)" time="0.012" />
  <testcase classname="ptolemy.util.test.junit.AutoTests" name="[310] /home/travis/build/icyphy/ptII/ptolemy/actor/lib/test/auto/RecordAssemblerDisplayNameTest.xml (RunModel)" time="3.001" />
  <testcase classname="ptolemy.util.test.junit.AutoTests" name="[311] /home/travis/build/icyphy/ptII/ptolemy/actor/lib/test/auto/RecordAssemblerTypeError.xml (RunModel)" time="0.034" />
  <testcase classname="ptolemy.util.test.junit.AutoTests" name="[312] /home/travis/build/icyphy/ptII/ptolemy/actor/lib/test/auto/RecordDisassember.xml (RunModel)" time="0.01" />
  <testcase classname="ptolemy.util.test.junit.AutoTests" name="[313] /home/travis/build/icyphy/ptII/ptolemy/actor/lib/test/auto/RecordDisassemberDisplayNameTest.xml (RunModel)" time="0.016" />
  <testcase classname="ptolemy.util.test.junit.AutoTests" name="[314] /home/travis/build/icyphy/ptII/ptolemy/actor/lib/test/auto/RecordDisassembler.xml (RunModel)" time="0.015" />
  <testcase classname="ptolemy.util.test.junit.AutoTests" name="[315] /home/travis/build/icyphy/ptII/ptolemy/actor/lib/test/auto/RecordDisassembler2.xml (RunModel)" time="0.009" />
  <testcase classname="ptolemy.util.test.junit.AutoTests" name="[316] /home/travis/build/icyphy/ptII/ptolemy/actor/lib/test/auto/RecordUpdater.xml (RunModel)" time="0.009" />
  <testcase classname="ptolemy.util.test.junit.AutoTests" name="[317] /home/travis/build/icyphy/ptII/ptolemy/actor/lib/test/auto/RecordUpdater2.xml (RunModel)" time="0.007" />
  <testcase classname="ptolemy.util.test.junit.AutoTests" name="[318] /home/travis/build/icyphy/ptII/ptolemy/actor/lib/test/auto/RecursiveLattice.xml (RunModel)" time="0.008" />
  <testcase classname="ptolemy.util.test.junit.AutoTests" name="[319] /home/travis/build/icyphy/ptII/ptolemy/actor/lib/test/auto/Router.xml (RunModel)" time="3.024" />
  <testcase classname="ptolemy.util.test.junit.AutoTests" name="[320] /home/travis/build/icyphy/ptII/ptolemy/actor/lib/test/auto/Router2.xml (RunModel)" time="3.018" />
  <testcase classname="ptolemy.util.test.junit.AutoTests" name="[321] /home/travis/build/icyphy/ptII/ptolemy/actor/lib/test/auto/RunningMaximum.xml (RunModel)" time="0.01" />
  <testcase classname="ptolemy.util.test.junit.AutoTests" name="[322] /home/travis/build/icyphy/ptII/ptolemy/actor/lib/test/auto/RunningMinimum.xml (RunModel)" time="0.008" />
  <testcase classname="ptolemy.util.test.junit.AutoTests" name="[323] /home/travis/build/icyphy/ptII/ptolemy/actor/lib/test/auto/Scale.xml (RunModel)" time="0.006" />
  <testcase classname="ptolemy.util.test.junit.AutoTests" name="[324] /home/travis/build/icyphy/ptII/ptolemy/actor/lib/test/auto/Scale2.xml (RunModel)" time="0.013" />
  <testcase classname="ptolemy.util.test.junit.AutoTests" name="[325] /home/travis/build/icyphy/ptII/ptolemy/actor/lib/test/auto/Scale3.xml (RunModel)" time="0.011" />
  <testcase classname="ptolemy.util.test.junit.AutoTests" name="[326] /home/travis/build/icyphy/ptII/ptolemy/actor/lib/test/auto/ScaleArray.xml (RunModel)" time="0.006" />
  <testcase classname="ptolemy.util.test.junit.AutoTests" name="[327] /home/travis/build/icyphy/ptII/ptolemy/actor/lib/test/auto/ScaleArray2.xml (RunModel)" time="0.007" />
  <testcase classname="ptolemy.util.test.junit.AutoTests" name="[328] /home/travis/build/icyphy/ptII/ptolemy/actor/lib/test/auto/ScaleMatrix.xml (RunModel)" time="0.126" />
  <testcase classname="ptolemy.util.test.junit.AutoTests" name="[329] /home/travis/build/icyphy/ptII/ptolemy/actor/lib/test/auto/Select.xml (RunModel)" time="0.011" />
  <testcase classname="ptolemy.util.test.junit.AutoTests" name="[330] /home/travis/build/icyphy/ptII/ptolemy/actor/lib/test/auto/Select2.xml (RunModel)" time="0.007" />
  <testcase classname="ptolemy.util.test.junit.AutoTests" name="[331] /home/travis/build/icyphy/ptII/ptolemy/actor/lib/test/auto/SequenceToArray2.xml (RunModel)" time="0.098" />
  <testcase classname="ptolemy.util.test.junit.AutoTests" name="[332] /home/travis/build/icyphy/ptII/ptolemy/actor/lib/test/auto/SequentialClock.xml (RunModel)" time="0.011" />
  <testcase classname="ptolemy.util.test.junit.AutoTests" name="[333] /home/travis/build/icyphy/ptII/ptolemy/actor/lib/test/auto/SetVariable.xml (RunModel)" time="0.01" />
  <testcase classname="ptolemy.util.test.junit.AutoTests" name="[334] /home/travis/build/icyphy/ptII/ptolemy/actor/lib/test/auto/SetVariable2.xml (RunModel)" time="0.008" />
  <testcase classname="ptolemy.util.test.junit.AutoTests" name="[335] /home/travis/build/icyphy/ptII/ptolemy/actor/lib/test/auto/SetVariable3.xml (RunModel)" time="0.015" />
  <testcase classname="ptolemy.util.test.junit.AutoTests" name="[336] /home/travis/build/icyphy/ptII/ptolemy/actor/lib/test/auto/SetVariable4.xml (RunModel)" time="0.029" />
  <testcase classname="ptolemy.util.test.junit.AutoTests" name="[337] /home/travis/build/icyphy/ptII/ptolemy/actor/lib/test/auto/SetVariable5.xml (RunModel)" time="0.025" />
  <testcase classname="ptolemy.util.test.junit.AutoTests" name="[338] /home/travis/build/icyphy/ptII/ptolemy/actor/lib/test/auto/Sinewave.xml (RunModel)" time="0.028" />
  <testcase classname="ptolemy.util.test.junit.AutoTests" name="[339] /home/travis/build/icyphy/ptII/ptolemy/actor/lib/test/auto/Sinewave2.xml (RunModel)" time="0.014" />
  <testcase classname="ptolemy.util.test.junit.AutoTests" name="[340] /home/travis/build/icyphy/ptII/ptolemy/actor/lib/test/auto/Sinewave3.xml (RunModel)" time="0.02" />
  <testcase classname="ptolemy.util.test.junit.AutoTests" name="[341] /home/travis/build/icyphy/ptII/ptolemy/actor/lib/test/auto/SingleEvent.xml (RunModel)" time="0.007" />
  <testcase classname="ptolemy.util.test.junit.AutoTests" name="[342] /home/travis/build/icyphy/ptII/ptolemy/actor/lib/test/auto/Sleep.xml (RunModel)" time="6.013" />
  <testcase classname="ptolemy.util.test.junit.AutoTests" name="[343] /home/travis/build/icyphy/ptII/ptolemy/actor/lib/test/auto/SleepMultipleFire.xml (RunModel)" time="1.016" />
  <testcase classname="ptolemy.util.test.junit.AutoTests" name="[344] /home/travis/build/icyphy/ptII/ptolemy/actor/lib/test/auto/StopDE.xml (RunModel)" time="0.018" />
  <testcase classname="ptolemy.util.test.junit.AutoTests" name="[345] /home/travis/build/icyphy/ptII/ptolemy/actor/lib/test/auto/StopSDF.xml (RunModel)" time="0.012" />
  <testcase classname="ptolemy.util.test.junit.AutoTests" name="[346] /home/travis/build/icyphy/ptII/ptolemy/actor/lib/test/auto/StringConstant.xml (RunModel)" time="0.014" />
  <testcase classname="ptolemy.util.test.junit.AutoTests" name="[347] /home/travis/build/icyphy/ptII/ptolemy/actor/lib/test/auto/SubscriberPortInitialValues1.xml (RunModel)" time="0.021" />
  <testcase classname="ptolemy.util.test.junit.AutoTests" name="[348] /home/travis/build/icyphy/ptII/ptolemy/actor/lib/test/auto/SubscriberPortInitialValues13.xml (RunModel)" time="0.023" />
  <testcase classname="ptolemy.util.test.junit.AutoTests" name="[349] /home/travis/build/icyphy/ptII/ptolemy/actor/lib/test/auto/SubscriberPortInitialValues14.xml (RunModel)" time="0.013" />
  <testcase classname="ptolemy.util.test.junit.AutoTests" name="[350] /home/travis/build/icyphy/ptII/ptolemy/actor/lib/test/auto/SubscriberPortInitialValues2.xml (RunModel)" time="0.015" />
  <testcase classname="ptolemy.util.test.junit.AutoTests" name="[351] /home/travis/build/icyphy/ptII/ptolemy/actor/lib/test/auto/SubscriberPortInitialValues3.xml (RunModel)" time="0.018" />
  <testcase classname="ptolemy.util.test.junit.AutoTests" name="[352] /home/travis/build/icyphy/ptII/ptolemy/actor/lib/test/auto/SubscriptionAggregator.xml (RunModel)" time="0.01" />
  <testcase classname="ptolemy.util.test.junit.AutoTests" name="[353] /home/travis/build/icyphy/ptII/ptolemy/actor/lib/test/auto/SubscriptionAggregator2.xml (RunModel)" time="0.011" />
  <testcase classname="ptolemy.util.test.junit.AutoTests" name="[354] /home/travis/build/icyphy/ptII/ptolemy/actor/lib/test/auto/SubscriptionAggregator3.xml (RunModel)" time="0.015" />
  <testcase classname="ptolemy.util.test.junit.AutoTests" name="[355] /home/travis/build/icyphy/ptII/ptolemy/actor/lib/test/auto/SubscriptionAggregatorMultiply.xml (RunModel)" time="0.013" />
  <testcase classname="ptolemy.util.test.junit.AutoTests" name="[356] /home/travis/build/icyphy/ptII/ptolemy/actor/lib/test/auto/SubscriptionAggregatorPortMultiply1.xml (RunModel)" time="0.012" />
  <testcase classname="ptolemy.util.test.junit.AutoTests" name="[357] /home/travis/build/icyphy/ptII/ptolemy/actor/lib/test/auto/Switch.xml (RunModel)" time="0.014" />
  <testcase classname="ptolemy.util.test.junit.AutoTests" name="[358] /home/travis/build/icyphy/ptII/ptolemy/actor/lib/test/auto/Switch2.xml (RunModel)" time="0.013" />
  <testcase classname="ptolemy.util.test.junit.AutoTests" name="[359] /home/travis/build/icyphy/ptII/ptolemy/actor/lib/test/auto/SwitchDE.xml (RunModel)" time="0.012" />
  <testcase classname="ptolemy.util.test.junit.AutoTests" name="[360] /home/travis/build/icyphy/ptII/ptolemy/actor/lib/test/auto/SynchronizerDE.xml (RunModel)" time="0.021" />
  <testcase classname="ptolemy.util.test.junit.AutoTests" name="[361] /home/travis/build/icyphy/ptII/ptolemy/actor/lib/test/auto/Test.xml (RunModel)" time="0.018" />
  <testcase classname="ptolemy.util.test.junit.AutoTests" name="[362] /home/travis/build/icyphy/ptII/ptolemy/actor/lib/test/auto/TestExceptionAttribute1.xml (RunModel)" time="0.006" />
  <testcase classname="ptolemy.util.test.junit.AutoTests" name="[363] /home/travis/build/icyphy/ptII/ptolemy/actor/lib/test/auto/TestExceptionAttribute2.xml (RunModel)" time="0.008" />
  <testcase classname="ptolemy.util.test.junit.AutoTests" name="[364] /home/travis/build/icyphy/ptII/ptolemy/actor/lib/test/auto/TestExceptionAttribute3.xml (RunModel)" time="0.005" />
  <testcase classname="ptolemy.util.test.junit.AutoTests" name="[365] /home/travis/build/icyphy/ptII/ptolemy/actor/lib/test/auto/TestExceptionAttribute4.xml (RunModel)" time="0.005" />
  <testcase classname="ptolemy.util.test.junit.AutoTests" name="[366] /home/travis/build/icyphy/ptII/ptolemy/actor/lib/test/auto/TestExceptionHandler1.xml (RunModel)" time="0.007" />
  <testcase classname="ptolemy.util.test.junit.AutoTests" name="[367] /home/travis/build/icyphy/ptII/ptolemy/actor/lib/test/auto/TestExceptionHandler2.xml (RunModel)" time="0.008" />
  <testcase classname="ptolemy.util.test.junit.AutoTests" name="[368] /home/travis/build/icyphy/ptII/ptolemy/actor/lib/test/auto/TestExceptionHandler3.xml (RunModel)" time="0.005" />
  <testcase classname="ptolemy.util.test.junit.AutoTests" name="[369] /home/travis/build/icyphy/ptII/ptolemy/actor/lib/test/auto/TestExceptionHandler4.xml (RunModel)" time="0.006" />
  <testcase classname="ptolemy.util.test.junit.AutoTests" name="[370] /home/travis/build/icyphy/ptII/ptolemy/actor/lib/test/auto/TestRequireCorrectOrder.xml (RunModel)" time="0.008" />
  <testcase classname="ptolemy.util.test.junit.AutoTests" name="[371] /home/travis/build/icyphy/ptII/ptolemy/actor/lib/test/auto/TestSimple.xml (RunModel)" time="0.006" />
  <testcase classname="ptolemy.util.test.junit.AutoTests" name="[372] /home/travis/build/icyphy/ptII/ptolemy/actor/lib/test/auto/ThrowModelError.xml (RunModel)" time="0.009" />
  <testcase classname="ptolemy.util.test.junit.AutoTests" name="[373] /home/travis/build/icyphy/ptII/ptolemy/actor/lib/test/auto/TimeDelayMicrosteps.xml (RunModel)" time="0.011" />
  <testcase classname="ptolemy.util.test.junit.AutoTests" name="[374] /home/travis/build/icyphy/ptII/ptolemy/actor/lib/test/auto/TimeDelayMicrosteps2.xml (RunModel)" time="0.013" />
  <testcase classname="ptolemy.util.test.junit.AutoTests" name="[375] /home/travis/build/icyphy/ptII/ptolemy/actor/lib/test/auto/TimeDelayMicrosteps3.xml (RunModel)" time="0.01" />
  <testcase classname="ptolemy.util.test.junit.AutoTests" name="[376] /home/travis/build/icyphy/ptII/ptolemy/actor/lib/test/auto/TimeDelayVariableMicrosteps.xml (RunModel)" time="0.01" />
  <testcase classname="ptolemy.util.test.junit.AutoTests" name="[377] /home/travis/build/icyphy/ptII/ptolemy/actor/lib/test/auto/TimeGap.xml (RunModel)" time="0.01" />
  <testcase classname="ptolemy.util.test.junit.AutoTests" name="[378] /home/travis/build/icyphy/ptII/ptolemy/actor/lib/test/auto/TimeGap2.xml (RunModel)" time="0.012" />
  <testcase classname="ptolemy.util.test.junit.AutoTests" name="[379] /home/travis/build/icyphy/ptII/ptolemy/actor/lib/test/auto/TimedSinewave.xml (RunModel)" time="0.047" />
  <testcase classname="ptolemy.util.test.junit.AutoTests" name="[380] /home/travis/build/icyphy/ptII/ptolemy/actor/lib/test/auto/TimedSinewavePhase.xml (RunModel)" time="0.033" />
  <testcase classname="ptolemy.util.test.junit.AutoTests" name="[381] /home/travis/build/icyphy/ptII/ptolemy/actor/lib/test/auto/Timer.xml (RunModel)" time="0.015" />
  <testcase classname="ptolemy.util.test.junit.AutoTests" name="[382] /home/travis/build/icyphy/ptII/ptolemy/actor/lib/test/auto/TriangularDistTestModel.xml (RunModel)" time="0.015" />
  <testcase classname="ptolemy.util.test.junit.AutoTests" name="[383] /home/travis/build/icyphy/ptII/ptolemy/actor/lib/test/auto/TrigFunction.xml (RunModel)" time="0.007" />
  <testcase classname="ptolemy.util.test.junit.AutoTests" name="[384] /home/travis/build/icyphy/ptII/ptolemy/actor/lib/test/auto/TrigFunctionDE.xml (RunModel)" time="0.01" />
  <testcase classname="ptolemy.util.test.junit.AutoTests" name="[385] /home/travis/build/icyphy/ptII/ptolemy/actor/lib/test/auto/TrigFunctionInverse.xml (RunModel)" time="0.009" />
  <testcase classname="ptolemy.util.test.junit.AutoTests" name="[386] /home/travis/build/icyphy/ptII/ptolemy/actor/lib/test/auto/TrigFunctionTan.xml (RunModel)" time="0.007" />
  <testcase classname="ptolemy.util.test.junit.AutoTests" name="[387] /home/travis/build/icyphy/ptII/ptolemy/actor/lib/test/auto/TriggeredClock.xml (RunModel)" time="0.008" />
  <testcase classname="ptolemy.util.test.junit.AutoTests" name="[388] /home/travis/build/icyphy/ptII/ptolemy/actor/lib/test/auto/URLDirectoryReader.xml (RunModel)" time="0.098" />
  <testcase classname="ptolemy.util.test.junit.AutoTests" name="[389] /home/travis/build/icyphy/ptII/ptolemy/actor/lib/test/auto/URLDirectoryReader3.xml (RunModel)" time="1.505" />
  <testcase classname="ptolemy.util.test.junit.AutoTests" name="[390] /home/travis/build/icyphy/ptII/ptolemy/actor/lib/test/auto/UnaryMathFunction.xml (RunModel)" time="0.018" />
  <testcase classname="ptolemy.util.test.junit.AutoTests" name="[391] /home/travis/build/icyphy/ptII/ptolemy/actor/lib/test/auto/Uniform.xml (RunModel)" time="0.011" />
  <testcase classname="ptolemy.util.test.junit.AutoTests" name="[392] /home/travis/build/icyphy/ptII/ptolemy/actor/lib/test/auto/UnionDisassemblerTest.xml (RunModel)" time="0.007" />
  <testcase classname="ptolemy.util.test.junit.AutoTests" name="[393] /home/travis/build/icyphy/ptII/ptolemy/actor/lib/test/auto/UtilityFunctions.xml (RunModel)" time="0.007" />
  <testcase classname="ptolemy.util.test.junit.AutoTests" name="[394] /home/travis/build/icyphy/ptII/ptolemy/actor/lib/test/auto/VariableSleep.xml (RunModel)" time="0.511" />
  <testcase classname="ptolemy.util.test.junit.AutoTests" name="[395] /home/travis/build/icyphy/ptII/ptolemy/actor/lib/test/auto/VectorAssemblerDisassemblerCT.xml (RunModel)" time="0.105" />
  <testcase classname="ptolemy.util.test.junit.AutoTests" name="[396] /home/travis/build/icyphy/ptII/ptolemy/actor/lib/test/auto/VectorAssemblerDisassemblerDE.xml (RunModel)" time="0.012" />
  <testcase classname="ptolemy.util.test.junit.AutoTests" name="[397] /home/travis/build/icyphy/ptII/ptolemy/actor/lib/test/auto/VectorAssemblerDisassemblerSDF.xml (RunModel)" time="0.011" />
  <testcase classname="ptolemy.util.test.junit.AutoTests" name="[398] /home/travis/build/icyphy/ptII/ptolemy/actor/lib/test/auto/WallClockTime.xml (RunModel)" time="1.011" />
  <testcase classname="ptolemy.util.test.junit.AutoTests" name="[399] /home/travis/build/icyphy/ptII/ptolemy/actor/lib/test/auto/WidthTestWithSubscriberPublisher.xml (RunModel)" time="0.043" />
  <testcase classname="ptolemy.util.test.junit.AutoTests" name="[400] /home/travis/build/icyphy/ptII/ptolemy/actor/lib/test/auto/WidthTestWithSubscriberPublisher2.xml (RunModel)" time="0.015" />
  <testcase classname="ptolemy.util.test.junit.AutoTests" name="[401] /home/travis/build/icyphy/ptII/ptolemy/actor/lib/test/auto/WidthTestWithSubscriberPublisher3.xml (RunModel)" time="0.008" />
  <testcase classname="ptolemy.util.test.junit.AutoTests" name="[402] /home/travis/build/icyphy/ptII/ptolemy/actor/lib/test/auto/Writer.xml (RunModel)" time="0.007" />
  <testcase classname="ptolemy.util.test.junit.AutoTests" name="[403] /home/travis/build/icyphy/ptII/ptolemy/actor/lib/test/auto/array.xml (RunModel)" time="0.008" />
  <testcase classname="ptolemy.util.test.junit.AutoTests" name="[404] /home/travis/build/icyphy/ptII/ptolemy/actor/lib/test/auto/array2.xml (RunModel)" time="0.01" />
  <testcase classname="ptolemy.util.test.junit.AutoTests" name="[405] /home/travis/build/icyphy/ptII/ptolemy/actor/lib/test/auto/arrayType.xml (RunModel)" time="0.009" />
  <testcase classname="ptolemy.util.test.junit.AutoTests" name="[406] /home/travis/build/icyphy/ptII/ptolemy/actor/lib/test/auto/arrayType10.xml (RunModel)" time="0.008" />
  <testcase classname="ptolemy.util.test.junit.AutoTests" name="[407] /home/travis/build/icyphy/ptII/ptolemy/actor/lib/test/auto/arrayType11.xml (RunModel)" time="0.021" />
  <testcase classname="ptolemy.util.test.junit.AutoTests" name="[408] /home/travis/build/icyphy/ptII/ptolemy/actor/lib/test/auto/arrayType12.xml (RunModel)" time="0.02" />
  <testcase classname="ptolemy.util.test.junit.AutoTests" name="[409] /home/travis/build/icyphy/ptII/ptolemy/actor/lib/test/auto/arrayType13.xml (RunModel)" time="0.007" />
  <testcase classname="ptolemy.util.test.junit.AutoTests" name="[410] /home/travis/build/icyphy/ptII/ptolemy/actor/lib/test/auto/arrayType14.xml (RunModel)" time="0.008" />
  <testcase classname="ptolemy.util.test.junit.AutoTests" name="[411] /home/travis/build/icyphy/ptII/ptolemy/actor/lib/test/auto/arrayType15.xml (RunModel)" time="0.007" />
  <testcase classname="ptolemy.util.test.junit.AutoTests" name="[412] /home/travis/build/icyphy/ptII/ptolemy/actor/lib/test/auto/arrayType16.xml (RunModel)" time="0.008" />
  <testcase classname="ptolemy.util.test.junit.AutoTests" name="[413] /home/travis/build/icyphy/ptII/ptolemy/actor/lib/test/auto/arrayType17.xml (RunModel)" time="0.008" />
  <testcase classname="ptolemy.util.test.junit.AutoTests" name="[414] /home/travis/build/icyphy/ptII/ptolemy/actor/lib/test/auto/arrayType18.xml (RunModel)" time="0.007" />
  <testcase classname="ptolemy.util.test.junit.AutoTests" name="[415] /home/travis/build/icyphy/ptII/ptolemy/actor/lib/test/auto/arrayType19.xml (RunModel)" time="0.007" />
  <testcase classname="ptolemy.util.test.junit.AutoTests" name="[416] /home/travis/build/icyphy/ptII/ptolemy/actor/lib/test/auto/arrayType2.xml (RunModel)" time="0.008" />
  <testcase classname="ptolemy.util.test.junit.AutoTests" name="[417] /home/travis/build/icyphy/ptII/ptolemy/actor/lib/test/auto/arrayType20.xml (RunModel)" time="0.008" />
  <testcase classname="ptolemy.util.test.junit.AutoTests" name="[418] /home/travis/build/icyphy/ptII/ptolemy/actor/lib/test/auto/arrayType21.xml (RunModel)" time="0.007" />
  <testcase classname="ptolemy.util.test.junit.AutoTests" name="[419] /home/travis/build/icyphy/ptII/ptolemy/actor/lib/test/auto/arrayType22.xml (RunModel)" time="0.007" />
  <testcase classname="ptolemy.util.test.junit.AutoTests" name="[420] /home/travis/build/icyphy/ptII/ptolemy/actor/lib/test/auto/arrayType23.xml (RunModel)" time="0.008" />
  <testcase classname="ptolemy.util.test.junit.AutoTests" name="[421] /home/travis/build/icyphy/ptII/ptolemy/actor/lib/test/auto/arrayType24.xml (RunModel)" time="0.009" />
  <testcase classname="ptolemy.util.test.junit.AutoTests" name="[422] /home/travis/build/icyphy/ptII/ptolemy/actor/lib/test/auto/arrayType25.xml (RunModel)" time="0.007" />
  <testcase classname="ptolemy.util.test.junit.AutoTests" name="[423] /home/travis/build/icyphy/ptII/ptolemy/actor/lib/test/auto/arrayType26.xml (RunModel)" time="0.008" />
  <testcase classname="ptolemy.util.test.junit.AutoTests" name="[424] /home/travis/build/icyphy/ptII/ptolemy/actor/lib/test/auto/arrayType27.xml (RunModel)" time="0.007" />
  <testcase classname="ptolemy.util.test.junit.AutoTests" name="[425] /home/travis/build/icyphy/ptII/ptolemy/actor/lib/test/auto/arrayType28.xml (RunModel)" time="0.007" />
  <testcase classname="ptolemy.util.test.junit.AutoTests" name="[426] /home/travis/build/icyphy/ptII/ptolemy/actor/lib/test/auto/arrayType3.xml (RunModel)" time="0.008" />
  <testcase classname="ptolemy.util.test.junit.AutoTests" name="[427] /home/travis/build/icyphy/ptII/ptolemy/actor/lib/test/auto/arrayType4.xml (RunModel)" time="0.008" />
  <testcase classname="ptolemy.util.test.junit.AutoTests" name="[428] /home/travis/build/icyphy/ptII/ptolemy/actor/lib/test/auto/arrayType5.xml (RunModel)" time="0.007" />
  <testcase classname="ptolemy.util.test.junit.AutoTests" name="[429] /home/travis/build/icyphy/ptII/ptolemy/actor/lib/test/auto/arrayType6.xml (RunModel)" time="0.008" />
  <testcase classname="ptolemy.util.test.junit.AutoTests" name="[430] /home/travis/build/icyphy/ptII/ptolemy/actor/lib/test/auto/arrayType7.xml (RunModel)" time="0.007" />
  <testcase classname="ptolemy.util.test.junit.AutoTests" name="[431] /home/travis/build/icyphy/ptII/ptolemy/actor/lib/test/auto/arrayType8.xml (RunModel)" time="0.007" />
  <testcase classname="ptolemy.util.test.junit.AutoTests" name="[432] /home/travis/build/icyphy/ptII/ptolemy/actor/lib/test/auto/arrayType9.xml (RunModel)" time="0.007" />
  <testcase classname="ptolemy.util.test.junit.AutoTests" name="[433] /home/travis/build/icyphy/ptII/ptolemy/actor/lib/test/auto/cast.xml (RunModel)" time="0.007" />
  <testcase classname="ptolemy.util.test.junit.AutoTests" name="[434] /home/travis/build/icyphy/ptII/ptolemy/actor/lib/test/auto/compositeMultiPort.xml (RunModel)" time="0.015" />
  <testcase classname="ptolemy.util.test.junit.AutoTests" name="[435] /home/travis/build/icyphy/ptII/ptolemy/actor/lib/test/auto/expressionCastInference.xml (RunModel)" time="0.007" />
  <testcase classname="ptolemy.util.test.junit.AutoTests" name="[436] /home/travis/build/icyphy/ptII/ptolemy/actor/lib/test/auto/expressionCastInference2.xml (RunModel)" time="0.006" />
  <testcase classname="ptolemy.util.test.junit.AutoTests" name="[437] /home/travis/build/icyphy/ptII/ptolemy/actor/lib/test/auto/expressionInference.xml (RunModel)" time="0.008" />
  <testcase classname="ptolemy.util.test.junit.AutoTests" name="[438] /home/travis/build/icyphy/ptII/ptolemy/actor/lib/test/auto/expression_bug.xml (RunModel)" time="0.006" />
  <testcase classname="ptolemy.util.test.junit.AutoTests" name="[439] /home/travis/build/icyphy/ptII/ptolemy/actor/lib/test/auto/factorial.xml (RunModel)" time="0.035" />
  <testcase classname="ptolemy.util.test.junit.AutoTests" name="[440] /home/travis/build/icyphy/ptII/ptolemy/actor/lib/test/auto/filterTest1.xml (RunModel)" time="0.012" />
  <testcase classname="ptolemy.util.test.junit.AutoTests" name="[441] /home/travis/build/icyphy/ptII/ptolemy/actor/lib/test/auto/funcApplyInConst.xml (RunModel)" time="0.006" />
  <testcase classname="ptolemy.util.test.junit.AutoTests" name="[442] /home/travis/build/icyphy/ptII/ptolemy/actor/lib/test/auto/funcApplyInExpr.xml (RunModel)" time="0.005" />
  <testcase classname="ptolemy.util.test.junit.AutoTests" name="[443] /home/travis/build/icyphy/ptII/ptolemy/actor/lib/test/auto/function.xml (RunModel)" time="0.007" />
  <testcase classname="ptolemy.util.test.junit.AutoTests" name="[444] /home/travis/build/icyphy/ptII/ptolemy/actor/lib/test/auto/function2.xml (RunModel)" time="0.008" />
  <testcase classname="ptolemy.util.test.junit.AutoTests" name="[445] /home/travis/build/icyphy/ptII/ptolemy/actor/lib/test/auto/function3.xml (RunModel)" time="0.006" />
  <testcase classname="ptolemy.util.test.junit.AutoTests" name="[446] /home/travis/build/icyphy/ptII/ptolemy/actor/lib/test/auto/functionClosureTest1.xml (RunModel)" time="0.01" />
  <testcase classname="ptolemy.util.test.junit.AutoTests" name="[447] /home/travis/build/icyphy/ptII/ptolemy/actor/lib/test/auto/functionClosureTest2.xml (RunModel)" time="0.006" />
  <testcase classname="ptolemy.util.test.junit.AutoTests" name="[448] /home/travis/build/icyphy/ptII/ptolemy/actor/lib/test/auto/functionClosureTest3.xml (RunModel)" time="0.008" />
  <testcase classname="ptolemy.util.test.junit.AutoTests" name="[449] /home/travis/build/icyphy/ptII/ptolemy/actor/lib/test/auto/functionClosureTest4.xml (RunModel)" time="0.012" />
  <testcase classname="ptolemy.util.test.junit.AutoTests" name="[450] /home/travis/build/icyphy/ptII/ptolemy/actor/lib/test/auto/functionClosureTest5.xml (RunModel)" time="0.011" />
  <testcase classname="ptolemy.util.test.junit.AutoTests" name="[451] /home/travis/build/icyphy/ptII/ptolemy/actor/lib/test/auto/functionClosureTest6.xml (RunModel)" time="0.007" />
  <testcase classname="ptolemy.util.test.junit.AutoTests" name="[452] /home/travis/build/icyphy/ptII/ptolemy/actor/lib/test/auto/functionsOnArcs.xml (RunModel)" time="0.009" />
  <testcase classname="ptolemy.util.test.junit.AutoTests" name="[453] /home/travis/build/icyphy/ptII/ptolemy/actor/lib/test/auto/functionsOnArcsHOF.xml (RunModel)" time="0.011" />
  <testcase classname="ptolemy.util.test.junit.AutoTests" name="[454] /home/travis/build/icyphy/ptII/ptolemy/actor/lib/test/auto/logic.xml (RunModel)" time="0.015" />
  <testcase classname="ptolemy.util.test.junit.AutoTests" name="[455] /home/travis/build/icyphy/ptII/ptolemy/actor/lib/test/auto/matrixType.xml (RunModel)" time="0.008" />
  <testcase classname="ptolemy.util.test.junit.AutoTests" name="[456] /home/travis/build/icyphy/ptII/ptolemy/actor/lib/test/auto/matrixType10.xml (RunModel)" time="0.008" />
  <testcase classname="ptolemy.util.test.junit.AutoTests" name="[457] /home/travis/build/icyphy/ptII/ptolemy/actor/lib/test/auto/matrixType11.xml (RunModel)" time="0.008" />
  <testcase classname="ptolemy.util.test.junit.AutoTests" name="[458] /home/travis/build/icyphy/ptII/ptolemy/actor/lib/test/auto/matrixType12.xml (RunModel)" time="0.007" />
  <testcase classname="ptolemy.util.test.junit.AutoTests" name="[459] /home/travis/build/icyphy/ptII/ptolemy/actor/lib/test/auto/matrixType13.xml (RunModel)" time="0.007" />
  <testcase classname="ptolemy.util.test.junit.AutoTests" name="[460] /home/travis/build/icyphy/ptII/ptolemy/actor/lib/test/auto/matrixType14.xml (RunModel)" time="0.008" />
  <testcase classname="ptolemy.util.test.junit.AutoTests" name="[461] /home/travis/build/icyphy/ptII/ptolemy/actor/lib/test/auto/matrixType2.xml (RunModel)" time="0.008" />
  <testcase classname="ptolemy.util.test.junit.AutoTests" name="[462] /home/travis/build/icyphy/ptII/ptolemy/actor/lib/test/auto/matrixType3.xml (RunModel)" time="0.007" />
  <testcase classname="ptolemy.util.test.junit.AutoTests" name="[463] /home/travis/build/icyphy/ptII/ptolemy/actor/lib/test/auto/matrixType4.xml (RunModel)" time="0.008" />
  <testcase classname="ptolemy.util.test.junit.AutoTests" name="[464] /home/travis/build/icyphy/ptII/ptolemy/actor/lib/test/auto/matrixType5.xml (RunModel)" time="0.008" />
  <testcase classname="ptolemy.util.test.junit.AutoTests" name="[465] /home/travis/build/icyphy/ptII/ptolemy/actor/lib/test/auto/matrixType6.xml (RunModel)" time="0.008" />
  <testcase classname="ptolemy.util.test.junit.AutoTests" name="[466] /home/travis/build/icyphy/ptII/ptolemy/actor/lib/test/auto/matrixType7.xml (RunModel)" time="0.007" />
  <testcase classname="ptolemy.util.test.junit.AutoTests" name="[467] /home/travis/build/icyphy/ptII/ptolemy/actor/lib/test/auto/matrixType8.xml (RunModel)" time="0.007" />
  <testcase classname="ptolemy.util.test.junit.AutoTests" name="[468] /home/travis/build/icyphy/ptII/ptolemy/actor/lib/test/auto/matrixType9.xml (RunModel)" time="0.008" />
  <testcase classname="ptolemy.util.test.junit.AutoTests" name="[469] /home/travis/build/icyphy/ptII/ptolemy/actor/lib/test/auto/paraFunctest.xml (RunModel)" time="0.006" />
  <testcase classname="ptolemy.util.test.junit.AutoTests" name="[470] /home/travis/build/icyphy/ptII/ptolemy/actor/lib/test/auto/paraFunctest2.xml (RunModel)" time="0.005" />
  <testcase classname="ptolemy.util.test.junit.AutoTests" name="[471] /home/travis/build/icyphy/ptII/ptolemy/actor/lib/test/auto/parameterPassing.xml (RunModel)" time="0.007" />
  <testcase classname="ptolemy.util.test.junit.AutoTests" name="[472] /home/travis/build/icyphy/ptII/ptolemy/actor/lib/test/auto/record.xml (RunModel)" time="0.007" />
  <testcase classname="ptolemy.util.test.junit.AutoTests" name="[473] /home/travis/build/icyphy/ptII/ptolemy/actor/lib/test/auto/sizedarray1.xml (RunModel)" time="0.009" />
  <testcase classname="ptolemy.util.test.junit.AutoTests" name="[474] /home/travis/build/icyphy/ptII/ptolemy/actor/lib/test/auto/sizedarray2.xml (RunModel)" time="0.009" />
  <testcase classname="ptolemy.util.test.junit.AutoTests" name="[475] /home/travis/build/icyphy/ptII/ptolemy/actor/lib/test/auto/twoPublishers.xml (RunModel)" time="0.016" />
  <system-out><![CDATA[/home/travis/build/icyphy/ptII/ptolemy/actor/lib/test/AbsoluteValue.tcl
testDefs.tcl: setting time out to 9000 seconds at Mon Jun 11 03:43:08 UTC 2018
65 ms. Memory: 116224K Free: 107801K (93%)
4 ms. Memory: 116224K Free: 106594K (92%)
4 ms. Memory: 116224K Free: 105975K (91%)
4 ms. Memory: 116224K Free: 105379K (91%)
/home/travis/build/icyphy/ptII/ptolemy/actor/lib/test/AddSubtract.tcl
7 ms. Memory: 116224K Free: 102965K (89%)
5 ms. Memory: 116224K Free: 102362K (88%)
4 ms. Memory: 116224K Free: 101750K (88%)
6 ms. Memory: 116224K Free: 100559K (87%)
5 ms. Memory: 116224K Free: 99947K (86%)
4 ms. Memory: 116224K Free: 99344K (85%)
/home/travis/build/icyphy/ptII/ptolemy/actor/lib/test/Average.tcl
16 ms. Memory: 116224K Free: 97517K (84%)
5 ms. Memory: 116224K Free: 96310K (83%)
/home/travis/build/icyphy/ptII/ptolemy/actor/lib/test/Bernoulli.tcl
4 ms. Memory: 116224K Free: 94507K (81%)
2 ms. Memory: 116224K Free: 93896K (81%)
/home/travis/build/icyphy/ptII/ptolemy/actor/lib/test/Clock.tcl
preinitializing
resolving types
initializing
executing number 1
wrapping up
idle
23 ms. Memory: 116224K Free: 92085K (79%)
Completed execution with 5 iterations
preinitializing
resolving types
initializing
executing number 1
wrapping up
idle
11 ms. Memory: 116224K Free: 90886K (78%)
Completed execution with 5 iterations
preinitializing
resolving types
initializing
executing number 1
wrapping up
idle
7 ms. Memory: 116224K Free: 90283K (78%)
Completed execution with 5 iterations
/home/travis/build/icyphy/ptII/ptolemy/actor/lib/test/Commutator.tcl
5 ms. Memory: 116224K Free: 88455K (76%)
5 ms. Memory: 116224K Free: 87240K (75%)
7 ms. Memory: 116224K Free: 82991K (71%)
/home/travis/build/icyphy/ptII/ptolemy/actor/lib/test/Const.tcl
7 ms. Memory: 116224K Free: 81196K (70%)
15 ms. Memory: 146944K Free: 141145K (96%)
6 ms. Memory: 146944K Free: 141145K (96%)
6 ms. Memory: 146944K Free: 139931K (95%)
4 ms. Memory: 146944K Free: 139931K (95%)
12 ms. Memory: 146944K Free: 137526K (94%)
3 ms. Memory: 146944K Free: 136297K (93%)
3 ms. Memory: 146944K Free: 135098K (92%)
/home/travis/build/icyphy/ptII/ptolemy/actor/lib/test/CurrentTime.tcl
preinitializing
resolving types
initializing
executing number 1
wrapping up
idle
7 ms. Memory: 146944K Free: 132685K (90%)
Completed execution with 11 iterations
/home/travis/build/icyphy/ptII/ptolemy/actor/lib/test/DB.tcl
3 ms. Memory: 146944K Free: 131487K (89%)
2 ms. Memory: 146944K Free: 130272K (89%)
7 ms. Memory: 146944K Free: 130272K (89%)
/home/travis/build/icyphy/ptII/ptolemy/actor/lib/test/DiscreteRandomSource.tcl
preinitializing
resolving types
initializing
executing number 1
wrapping up
idle
13 ms. Memory: 146944K Free: 129074K (88%)
Completed execution with 4 iterations
preinitializing
resolving types
initializing
executing number 1
wrapping up
idle
3 ms. Memory: 146944K Free: 127859K (87%)
Completed execution with 4 iterations
preinitializing
resolving types
initializing
executing number 1
wrapping up
idle
2 ms. Memory: 146944K Free: 127859K (87%)
Completed execution with 4 iterations
preinitializing
resolving types
initializing
executing number 1
wrapping up
idle
2 ms. Memory: 146944K Free: 127859K (87%)
Completed execution with 4 iterations
preinitializing
resolving types
initializing
executing number 1
wrapping up
idle
2 ms. Memory: 146944K Free: 126660K (86%)
Completed execution with 4 iterations
/home/travis/build/icyphy/ptII/ptolemy/actor/lib/test/Distributor.tcl
3 ms. Memory: 146944K Free: 125462K (85%)
3 ms. Memory: 146944K Free: 124247K (85%)
StreamChangeRequest.changeExecuted(): <deleteEntity name="rec2"/> succeeded
StreamChangeRequest.changeExecuted(): <deleteRelation name="r2"/> succeeded
StreamChangeRequest.changeExecuted(): Record firings per iteration succeeded
5 ms. Memory: 146944K Free: 121834K (83%)
/home/travis/build/icyphy/ptII/ptolemy/actor/lib/test/Exit.tcl
Exit.tcl: this will print a message about Manager.exitAfterWrapup, which can be ignored.
3 ms. Memory: 146944K Free: 118823K (81%)
/home/travis/build/icyphy/ptII/ptolemy/actor/lib/test/Expression.tcl
4 ms. Memory: 146944K Free: 115181K (78%)
3 ms. Memory: 146944K Free: 115181K (78%)
2 ms. Memory: 146944K Free: 113966K (78%)
preinitializing
resolving types
initializing
executing number 1
wrapping up
idle
4 ms. Memory: 146944K Free: 112752K (77%)
Completed execution with 6 iterations
3 ms. Memory: 146944K Free: 111537K (76%)
4 ms. Memory: 146944K Free: 111537K (76%)
12 ms. Memory: 146944K Free: 110337K (75%)
3 ms. Memory: 146944K Free: 109138K (74%)
8 ms. Memory: 146944K Free: 107937K (73%)
/home/travis/build/icyphy/ptII/ptolemy/actor/lib/test/Gaussian.tcl
3 ms. Memory: 146944K Free: 105524K (72%)
sleeping 1 seconds: .............................................................................................................................................................................................................................................................................................................................................................................................................................................................................................................................................................................................................................................................................................................................................................................................................................................................................................................................................................................................................................................................................................................................................................................................................................................................................................................................................................................................................................................................................................................................................................................................................................................................................................................................................................................................................................................................................................................................................................................................................................................................................................................................................................................................................................................................................................................................................................................................................................................................................................................................................................................................................................................................................................................................................................................................................................................................................................................................................................................................................................................................................................................................................................................................................................................................................................................................................................................................................................................................................................................................................................................................................................................................................................................................................................................................................................................................................................................................................................................................................................................................................................................................................................................................................................................................................................................................................................................................................................................................................................................................................................................................................................................................................................................................................................................................................................................................................................................................................................................................................................................................................................................................................................................................................................................................................................................................................................................................................................................................................................................................................................................................................................................................................................................................................................................................................................................................................................................................................................................................................................................................................................................................................................................................................................................................................................................................................................................................................................................................................................................................................................................................................................................................................................................................................................................................................................................................................................................................................................................................................................................................................................................................................................................................................................................................................................................................................................................................................................................................................................................................................................................................................................................................................................................................................................................................................................................................................................................................................................................................................................................................................................................................................................................................................................................................................................................................................................................................................................................................................................................................................................................................................................................................................................................................................................................................................................................................................................................................................................................................................................................................................................................................................................................................................................................................................................................................................................................................................................................................................................................................................................................................................................................................................................................................................................................................................................................................................................................................................................................................................................................................................................................................................................................................................................................................................................................................................................................................................................................................................................................................................................................................................................................................................................................................................................................................................................................................................................................................................................................................................................................................................................................................................................................................................................................................................................................................................................................................................................................................................................................................................................................................................................................................................................................................................................................................................................................................................................................................................................................................................................................................................................................................................................................................................................................................................................................................................................................................................................................................................................................................................................................................................................................................................................................................................................................................................................................................................................................................................................................................................................................................................................................................................................................................................................................................................................................................................................................................................................................................................................................................................................................................................................................................................................................................................................................................................................................................................................................................................................................................................................................................................................................................................................................................................................................................................................................................................................................................................................................................................................................................................................................................................................................................................................................................................................................................................................................................................................................................................................................................................................................................................................................................................................................................................................................................................................................................................................................................................................................................................................................................................................................................................................................................................................................................................................................................................................................................................................................................................................................................................................................................................................................................................................................................................................................................................................................................................................................................................................................................................................................................................................................................................................................................................................................................................................................................................5 ms. Memory: 146944K Free: 96599K (66%)
2 ms. Memory: 146944K Free: 96599K (66%)
3 ms. Memory: 146944K Free: 95413K (65%)
3 ms. Memory: 146944K Free: 95413K (65%)
1 ms. Memory: 146944K Free: 94227K (64%)
/home/travis/build/icyphy/ptII/ptolemy/actor/lib/test/IIR.tcl
/home/travis/build/icyphy/ptII/ptolemy/actor/lib/test/Interpolator.tcl
9 ms. Memory: 146944K Free: 90670K (62%)
3 ms. Memory: 146944K Free: 89484K (61%)
4 ms. Memory: 146944K Free: 89484K (61%)
2 ms. Memory: 146944K Free: 88298K (60%)
2 ms. Memory: 146944K Free: 87112K (59%)
1 ms. Memory: 146944K Free: 87112K (59%)
3 ms. Memory: 146944K Free: 85926K (58%)
7 ms. Memory: 146944K Free: 84740K (58%)
1 ms. Memory: 146944K Free: 83554K (57%)
7 ms. Memory: 146944K Free: 83554K (57%)
/home/travis/build/icyphy/ptII/ptolemy/actor/lib/test/MathFunction.tcl
6 ms. Memory: 146944K Free: 81182K (55%)
2 ms. Memory: 146944K Free: 80483K (55%)
5 ms. Memory: 208384K Free: 200262K (96%)
2 ms. Memory: 208384K Free: 200262K (96%)
7 ms. Memory: 208384K Free: 197860K (95%)
10 ms. Memory: 208384K Free: 195458K (94%)
/home/travis/build/icyphy/ptII/ptolemy/actor/lib/test/Maximum.tcl
6 ms. Memory: 208384K Free: 195458K (94%)
4 ms. Memory: 208384K Free: 193057K (93%)
5 ms. Memory: 208384K Free: 193057K (93%)
7 ms. Memory: 208384K Free: 193057K (93%)
/home/travis/build/icyphy/ptII/ptolemy/actor/lib/test/Minimum.tcl
7 ms. Memory: 208384K Free: 190655K (91%)
3 ms. Memory: 208384K Free: 190655K (91%)
3 ms. Memory: 208384K Free: 188253K (90%)
6 ms. Memory: 208384K Free: 188253K (90%)
/home/travis/build/icyphy/ptII/ptolemy/actor/lib/test/MultiplyDivide.tcl
6 ms. Memory: 208384K Free: 185851K (89%)
9 ms. Memory: 208384K Free: 185851K (89%)
2 ms. Memory: 208384K Free: 185851K (89%)
2 ms. Memory: 208384K Free: 183449K (88%)
7 ms. Memory: 208384K Free: 183449K (88%)
/home/travis/build/icyphy/ptII/ptolemy/actor/lib/test/OrderedMerge.tcl
Connections changed on port: inputA
Connections changed on port: inputB
Connections changed on port: output
Connections changed on port: output
Connections changed on port: output
Connections changed on port: input
.top. Preinitializing ...
Invoking preinitialize():  .top.OrderedMerge
Called preinitialize()
Invoking preinitialize():  .top.Ramp
Called preinitialize()
Invoking preinitialize():  .top.Ramp2
Called preinitialize()
Invoking preinitialize():  .top.Test
Called preinitialize()
Connections changed on port: inputA
Connections changed on port: output
Connections changed on port: inputB
Connections changed on port: output
Connections changed on port: output
Connections changed on port: input
.top. Finished preinitialize().
Called initialize().
Invoking initialize():  .top.OrderedMerge
Initializing actor: .top.OrderedMerge
Adding a thread: .top.OrderedMerge
Invoking initialize():  .top.Ramp
Initializing actor: .top.Ramp
Adding a thread: .top.Ramp
Invoking initialize():  .top.Ramp2
Initializing actor: .top.Ramp2
Adding a thread: .top.Ramp2
Invoking initialize():  .top.Test
Initializing actor: .top.Test
Adding a thread: .top.Test
-- Starting thread.
Called initialize()
Called prefire()
Called fire()
-- Starting thread.
Called initialize()
Called prefire()
Called fire()
Called postfire()
Called prefire()
Called fire()
-- Starting thread.
Called initialize()
Called prefire()
Called fire()
Called postfire()
Called prefire()
Called fire()
Called fire().
Checking for deadlock:
There are 3 Blocked actors, 0 Stopped actors, and 4 active threads.
Waiting for actors to stop.
-- Starting thread.
Called initialize()
Called prefire()
Called fire()
Checking for deadlock:
There are 2 Blocked actors, 0 Stopped actors, and 4 active threads.
Waiting for actors to stop.
Called postfire()
Called prefire()
Called fire()
Checking for deadlock:
There are 3 Blocked actors, 0 Stopped actors, and 4 active threads.
Waiting for actors to stop.
Read input token from inputA with value 0.0
Next port to read input from is inputB
Called postfire()
Called prefire()
Called fire()
Read input token from inputB with value 0.0
Checking for deadlock:
There are 2 Blocked actors, 0 Stopped actors, and 4 active threads.
Waiting for actors to stop.
Called postfire()
Called prefire()
Called fire()
Sent output token with value 0.0
Next port to read input from is inputA
Called postfire()
Called prefire()
Called fire()
-- Read input: 0.0, which is expected to match: 0.0
Read input token from inputA with value 1.0
Sent output token with value 0.0
Called prefire()
Called fire()
Next port to read input from is inputB
-- Read input: 0.0, which is expected to match: 0.0
Called postfire()
Called prefire()
Called prefire()
Called fire()
Called fire()
Checking for deadlock:
There are 2 Blocked actors, 0 Stopped actors, and 4 active threads.
Waiting for actors to stop.
Called postfire()
Called prefire()
Called fire()
Checking for deadlock:
There are 3 Blocked actors, 0 Stopped actors, and 4 active threads.
Waiting for actors to stop.
Checking for deadlock:
There are 2 Blocked actors, 0 Stopped actors, and 4 active threads.
Read input token from inputB with value 1.5
Waiting for actors to stop.
Called postfire()
Called prefire()
Called fire()
Sent output token with value 1.0
Next port to read input from is inputA
Called postfire()
Called prefire()
Called fire()
Read input token from inputA with value 2.0
Checking for deadlock:
There are 2 Blocked actors, 0 Stopped actors, and 4 active threads.
Waiting for actors to stop.
-- Read input: 1.0, which is expected to match: 1.0
Called prefire()
Called fire()
Called postfire()
Called prefire()
Called fire()
Checking for deadlock:
There are 3 Blocked actors, 0 Stopped actors, and 4 active threads.
Waiting for actors to stop.
Checking for deadlock:
There are 2 Blocked actors, 0 Stopped actors, and 4 active threads.
Waiting for actors to stop.
Sent output token with value 1.5
-- Read input: 1.5, which is expected to match: 1.5
Called prefire()
Next port to read input from is inputB
Called fire()
Called postfire()
Called prefire()
Called fire()
Checking for deadlock:
There are 3 Blocked actors, 0 Stopped actors, and 4 active threads.
Waiting for actors to stop.
Checking for deadlock:
There are 2 Blocked actors, 0 Stopped actors, and 4 active threads.
Waiting for actors to stop.
Called postfire()
Called prefire()
Called fire()
Checking for deadlock:
There are 3 Blocked actors, 0 Stopped actors, and 4 active threads.
Waiting for actors to stop.
Read input token from inputB with value 3.0
Checking for deadlock:
There are 2 Blocked actors, 0 Stopped actors, and 4 active threads.
Sent output token with value 2.0
Waiting for actors to stop.
-- Read input: 2.0, which is expected to match: 2.0
Called prefire()
Next port to read input from is inputA
Called postfire()
Called fire()
Called prefire()
Called fire()
Checking for deadlock:
There are 2 Blocked actors, 0 Stopped actors, and 4 active threads.
Waiting for actors to stop.
Called postfire()
Called prefire()
Called fire()
Read input token from inputA with value 3.0
Checking for deadlock:
There are 3 Blocked actors, 0 Stopped actors, and 4 active threads.
Waiting for actors to stop.
Checking for deadlock:
There are 2 Blocked actors, 0 Stopped actors, and 4 active threads.
Waiting for actors to stop.
Sent output token with value 3.0
-- Read input: 3.0, which is expected to match: 3.0
Called prefire()
Next port to read input from is inputB
Called fire()
Called postfire()
Called prefire()
Called fire()
Checking for deadlock:
There are 3 Blocked actors, 0 Stopped actors, and 4 active threads.
Waiting for actors to stop.
Checking for deadlock:
Called postfire()
Called prefire()
There are 2 Blocked actors, 0 Stopped actors, and 4 active threads.
Waiting for actors to stop.
Called fire()
Checking for deadlock:
Read input token from inputB with value 4.5
There are 3 Blocked actors, 0 Stopped actors, and 4 active threads.
Waiting for actors to stop.
Checking for deadlock:
There are 2 Blocked actors, 0 Stopped actors, and 4 active threads.
Waiting for actors to stop.
-- Read input: 3.0, which is expected to match: 3.0
Called prefire()
Called fire()
Checking for deadlock:
There are 3 Blocked actors, 0 Stopped actors, and 4 active threads.
Waiting for actors to stop.
Sent output token with value 3.0
Next port to read input from is inputA
Called postfire()
Called prefire()
Called fire()
Checking for deadlock:
There are 2 Blocked actors, 0 Stopped actors, and 4 active threads.
Waiting for actors to stop.
Read input token from inputA with value 4.0
Called postfire()
Called prefire()
Called fire()
Checking for deadlock:
There are 3 Blocked actors, 0 Stopped actors, and 4 active threads.
Waiting for actors to stop.
Checking for deadlock:
There are 2 Blocked actors, 0 Stopped actors, and 4 active threads.
Waiting for actors to stop.
Sent output token with value 4.0
Next port to read input from is inputA
Called postfire()
-- Read input: 4.0, which is expected to match: 4.0
Called prefire()
Called fire()
Called prefire()
Called fire()
Past the end of training data. Read and discard all inputs.
Called postfire()
Called prefire()
Checking for deadlock:
Called fire()
There are 2 Blocked actors, 0 Stopped actors, and 4 active threads.
Waiting for actors to stop.
Checking for deadlock:
There are 3 Blocked actors, 0 Stopped actors, and 4 active threads.
Waiting for actors to stop.
Read input token from inputA with value 5.0
Checking for deadlock:
There are 2 Blocked actors, 0 Stopped actors, and 4 active threads.
Waiting for actors to stop.
Sent output token with value 4.5
Called prefire()
Called fire()
Past the end of training data. Read and discard all inputs.
Next port to read input from is inputB
Checking for deadlock:
There are 3 Blocked actors, 0 Stopped actors, and 4 active threads.
Waiting for actors to stop.
Called postfire()
Called prefire()
Called fire()
Checking for deadlock:
There are 2 Blocked actors, 0 Stopped actors, and 4 active threads.
Waiting for actors to stop.
Read input token from inputB with value 6.0
Called postfire()
Called prefire()
Called fire()
Checking for deadlock:
There are 3 Blocked actors, 0 Stopped actors, and 4 active threads.
Waiting for actors to stop.
Checking for deadlock:
There are 2 Blocked actors, 0 Stopped actors, and 4 active threads.
Waiting for actors to stop.
Sent output token with value 5.0
Called prefire()
Called fire()
Past the end of training data. Read and discard all inputs.
Next port to read input from is inputA
Called postfire()
Checking for deadlock:
Called prefire()
There are 3 Blocked actors, 0 Stopped actors, and 4 active threads.
Waiting for actors to stop.
Called fire()
Checking for deadlock:
There are 2 Blocked actors, 0 Stopped actors, and 4 active threads.
Waiting for actors to stop.
Called postfire()
Called prefire()
Called fire()
Read input token from inputA with value 6.0
Checking for deadlock:
There are 3 Blocked actors, 0 Stopped actors, and 4 active threads.
Waiting for actors to stop.
Checking for deadlock:
There are 2 Blocked actors, 0 Stopped actors, and 4 active threads.
Waiting for actors to stop.
Sent output token with value 6.0
Called prefire()
Called fire()
Past the end of training data. Read and discard all inputs.
Next port to read input from is inputB
Called postfire()
Called prefire()
Called fire()
Checking for deadlock:
There are 3 Blocked actors, 0 Stopped actors, and 4 active threads.
Waiting for actors to stop.
Checking for deadlock:
There are 2 Blocked actors, 0 Stopped actors, and 4 active threads.
Read input token from inputB with value 7.5
Waiting for actors to stop.
Called postfire()
Called prefire()
Called fire()
Checking for deadlock:
There are 3 Blocked actors, 0 Stopped actors, and 4 active threads.
Waiting for actors to stop.
Checking for deadlock:
There are 2 Blocked actors, 0 Stopped actors, and 4 active threads.
Waiting for actors to stop.
Sent output token with value 6.0
Called prefire()
Called fire()
Past the end of training data. Read and discard all inputs.
Checking for deadlock:
There are 3 Blocked actors, 0 Stopped actors, and 4 active threads.
Waiting for actors to stop.
Next port to read input from is inputA
Called postfire()
Called prefire()
Called fire()
Checking for deadlock:
There are 2 Blocked actors, 0 Stopped actors, and 4 active threads.
Waiting for actors to stop.
Called postfire()
Called prefire()
Called fire()
Checking for deadlock:
There are 3 Blocked actors, 0 Stopped actors, and 4 active threads.
Waiting for actors to stop.
Read input token from inputA with value 7.0
Checking for deadlock:
There are 2 Blocked actors, 0 Stopped actors, and 4 active threads.
Sent output token with value 7.0
Waiting for actors to stop.
Called prefire()
Next port to read input from is inputA
Called postfire()
Called fire()
Called prefire()
Called fire()
Past the end of training data. Read and discard all inputs.
Checking for deadlock:
There are 2 Blocked actors, 0 Stopped actors, and 4 active threads.
Waiting for actors to stop.
-- Thread wrapup() called.
Called wrapup()
Thread .top.Ramp is exiting.
-- Thread stopped.
Checking for deadlock:
There are 2 Blocked actors, 0 Stopped actors, and 3 active threads.
Waiting for actors to stop.
Read input token from inputA with value 8.0
Checking for deadlock:
There are 1 Blocked actors, 0 Stopped actors, and 3 active threads.
Waiting for actors to stop.
Sent output token with value 7.5
Called prefire()
Called fire()
Past the end of training data. Read and discard all inputs.
Next port to read input from is inputB
Called postfire()
Checking for deadlock:
Called prefire()
There are 2 Blocked actors, 0 Stopped actors, and 3 active threads.
Waiting for actors to stop.
Called fire()
Checking for deadlock:
There are 1 Blocked actors, 0 Stopped actors, and 3 active threads.
Waiting for actors to stop.
Read input token from inputB with value 9.0
Called postfire()
Called prefire()
Called fire()
Checking for deadlock:
There are 2 Blocked actors, 0 Stopped actors, and 3 active threads.
Waiting for actors to stop.
Checking for deadlock:
There are 1 Blocked actors, 0 Stopped actors, and 3 active threads.
Waiting for actors to stop.
Sent output token with value 8.0
Called prefire()
Called fire()
Past the end of training data. Read and discard all inputs.
Next port to read input from is inputA
Called postfire()
Checking for deadlock:
Called prefire()
There are 2 Blocked actors, 0 Stopped actors, and 3 active threads.
Called fire()
Waiting for actors to stop.
Read input token from inputA with value 9.0
Checking for deadlock:
There are 1 Blocked actors, 0 Stopped actors, and 3 active threads.
Waiting for actors to stop.
Sent output token with value 9.0
Called prefire()
Called fire()
Past the end of training data. Read and discard all inputs.
Next port to read input from is inputB
Called postfire()
Checking for deadlock:
There are 2 Blocked actors, 0 Stopped actors, and 3 active threads.
Waiting for actors to stop.
Called prefire()
Called fire()
Checking for deadlock:
Called postfire()
There are 1 Blocked actors, 0 Stopped actors, and 3 active threads.
Called prefire()
Waiting for actors to stop.
Called fire()
Checking for deadlock:
There are 2 Blocked actors, 0 Stopped actors, and 3 active threads.
Waiting for actors to stop.
Read input token from inputB with value 10.5
Checking for deadlock:
There are 1 Blocked actors, 0 Stopped actors, and 3 active threads.
Sent output token with value 9.0
Waiting for actors to stop.
Called prefire()
Called fire()
Past the end of training data. Read and discard all inputs.
Checking for deadlock:
There are 2 Blocked actors, 0 Stopped actors, and 3 active threads.
Waiting for actors to stop.
Next port to read input from is inputA
Called postfire()
Called prefire()
Called fire()
Checking for deadlock:
There are 3 Blocked actors, 0 Stopped actors, and 3 active threads.
Actors have stopped.
Checking for deadlock:
There are 3 Blocked actors, 0 Stopped actors, and 3 active threads.
Deadlock detected.
Resolving Deadlock
Checking for deadlock:
There are 3 Blocked actors, 0 Stopped actors, and 3 active threads.
Artificial Deadlock - increasing queue capacity.
increasing the capacity of receiver ptolemy.actor.TypedIOPort {.top.OrderedMerge.inputB} to 2
-- Thread wrapup() called.
Director: Called postfire().
Called wrapup()
Called postfire().
_stopRequested = false
_stopFireRequested = false
Returning from postfire(): true
Thread .top.Ramp2 is exiting.
-- Thread stopped.
Called fire().
Checking for deadlock:
There are 2 Blocked actors, 0 Stopped actors, and 2 active threads.
Actors have stopped.
Checking for deadlock:
There are 2 Blocked actors, 0 Stopped actors, and 2 active threads.
Deadlock detected.
Resolving Deadlock
Checking for deadlock:
There are 2 Blocked actors, 0 Stopped actors, and 2 active threads.
Deadlock detected: no processes blocked on write, but some are blocked on read.
Called postfire().
_stopRequested = false
_stopFireRequested = false
Returning from postfire(): false
Finished deactivating branches.
Called wrapup().
-- Thread wrapup() called.
Called wrapup()
-- Thread wrapup() called.
Thread .top.OrderedMerge is exiting.
Called wrapup()
-- Thread stopped.
Thread .top.Test is exiting.
-- Blocked Receiver call threw TerminateProcessException.
-- Thread stopped.
-- Blocked Receiver call threw TerminateProcessException.
30 ms. Memory: 208384K Free: 176132K (85%)
.top. Preinitializing ...
Invoking preinitialize():  .top.OrderedMerge
Called preinitialize()
Invoking preinitialize():  .top.Ramp
Called preinitialize()
Invoking preinitialize():  .top.Ramp2
Called preinitialize()
Invoking preinitialize():  .top.Test
Called preinitialize()
.top. Finished preinitialize().
Called initialize().
Invoking initialize():  .top.OrderedMerge
Initializing actor: .top.OrderedMerge
Adding a thread: .top.OrderedMerge
Invoking initialize():  .top.Ramp
Initializing actor: .top.Ramp
Adding a thread: .top.Ramp
Invoking initialize():  .top.Ramp2
Initializing actor: .top.Ramp2
Adding a thread: .top.Ramp2
Invoking initialize():  .top.Test
Initializing actor: .top.Test
Adding a thread: .top.Test
-- Starting thread.
Called initialize()
Called prefire()
Called fire()
Called fire().
Checking for deadlock:
There are 1 Blocked actors, 0 Stopped actors, and 4 active threads.
Waiting for actors to stop.
-- Starting thread.
-- Starting thread.
-- Starting thread.
Called initialize()
Called prefire()
Called fire()
Called initialize()
Called prefire()
Called fire()
Called initialize()
Called postfire()
Called prefire()
Called fire()
Checking for deadlock:
There are 3 Blocked actors, 0 Stopped actors, and 4 active threads.
Waiting for actors to stop.
Called prefire()
Called fire()
Called postfire()
Called prefire()
Called fire()
Checking for deadlock:
There are 3 Blocked actors, 0 Stopped actors, and 4 active threads.
Waiting for actors to stop.
Read input token from inputA with value 0.0
Next port to read input from is inputB
Called postfire()
Called prefire()
Called fire()
Read input token from inputB with value 0.0
Sent output token with value 0.0
Next port to read input from is inputA
Called postfire()
Called prefire()
Called fire()
Checking for deadlock:
There are 1 Blocked actors, 0 Stopped actors, and 4 active threads.
Waiting for actors to stop.
Called postfire()
Called prefire()
Called fire()
-- Read input: 0.0, which is expected to match: 0.0
Checking for deadlock:
There are 2 Blocked actors, 0 Stopped actors, and 4 active threads.
Called prefire()
Waiting for actors to stop.
Called fire()
Checking for deadlock:
There are 2 Blocked actors, 0 Stopped actors, and 4 active threads.
Waiting for actors to stop.
Read input token from inputA with value 1.0
Sent output token with value 0.0
Next port to read input from is inputB
Called postfire()
Called prefire()
Called fire()
Read input token from inputB with value 1.5
Called postfire()
Called prefire()
Called fire()
Checking for deadlock:
There are 1 Blocked actors, 0 Stopped actors, and 4 active threads.
Waiting for actors to stop.
-- Read input: 0.0, which is expected to match: 0.0
Called prefire()
Called fire()
Sent output token with value 1.0
-- Read input: 1.0, which is expected to match: 1.0
Next port to read input from is inputA
Called prefire()
Called postfire()
Called fire()
Called prefire()
Called fire()
Called postfire()
Checking for deadlock:
Called prefire()
There are 3 Blocked actors, 0 Stopped actors, and 4 active threads.
Called fire()
Waiting for actors to stop.
Called postfire()
Checking for deadlock:
Called prefire()
There are 2 Blocked actors, 0 Stopped actors, and 4 active threads.
Called fire()
Waiting for actors to stop.
Called postfire()
Called prefire()
Read input token from inputA with value 2.0
Called fire()
Checking for deadlock:
There are 2 Blocked actors, 0 Stopped actors, and 4 active threads.
Waiting for actors to stop.
-- Read input: 1.5, which is expected to match: 1.5
Called prefire()
Called fire()
Checking for deadlock:
There are 3 Blocked actors, 0 Stopped actors, and 4 active threads.
Waiting for actors to stop.
Sent output token with value 1.5
Next port to read input from is inputB
Called postfire()
Called prefire()
Called fire()
Read input token from inputB with value 3.0
Sent output token with value 2.0
Next port to read input from is inputA
Called postfire()
Called prefire()
Called fire()
Read input token from inputA with value 3.0
Called postfire()
Called prefire()
Called fire()
Checking for deadlock:
There are 1 Blocked actors, 0 Stopped actors, and 4 active threads.
Waiting for actors to stop.
-- Read input: 2.0, which is expected to match: 2.0
Called prefire()
Called fire()
Called postfire()
Called prefire()
Called fire()
Checking for deadlock:
There are 3 Blocked actors, 0 Stopped actors, and 4 active threads.
Waiting for actors to stop.
Checking for deadlock:
There are 2 Blocked actors, 0 Stopped actors, and 4 active threads.
Waiting for actors to stop.
-- Read input: 3.0, which is expected to match: 3.0
Called prefire()
Called fire()
Sent output token with value 3.0
Next port to read input from is inputB
Called postfire()
Checking for deadlock:
There are 3 Blocked actors, 0 Stopped actors, and 4 active threads.
Waiting for actors to stop.
Called prefire()
Called fire()
Checking for deadlock:
There are 2 Blocked actors, 0 Stopped actors, and 4 active threads.
Waiting for actors to stop.
Read input token from inputB with value 4.5
Called postfire()
Called prefire()
Called fire()
Sent output token with value 3.0
Next port to read input from is inputA
Called postfire()
Called prefire()
Called fire()
Read input token from inputA with value 4.0
-- Read input: 3.0, which is expected to match: 3.0
Called prefire()
Called fire()
Checking for deadlock:
There are 2 Blocked actors, 0 Stopped actors, and 4 active threads.
Waiting for actors to stop.
Sent output token with value 4.0
Next port to read input from is inputA
Called postfire()
Called prefire()
Called fire()
Called postfire()
Called prefire()
Called fire()
Checking for deadlock:
There are 2 Blocked actors, 0 Stopped actors, and 4 active threads.
Waiting for actors to stop.
-- Read input: 4.0, which is expected to match: 4.0
Called prefire()
Called fire()
Past the end of training data. Read and discard all inputs.
Checking for deadlock:
There are 3 Blocked actors, 0 Stopped actors, and 4 active threads.
Waiting for actors to stop.
Read input token from inputA with value 5.0
Checking for deadlock:
There are 2 Blocked actors, 0 Stopped actors, and 4 active threads.
Waiting for actors to stop.
Called postfire()
Called prefire()
Called fire()
Called prefire()
Called fire()
Past the end of training data. Read and discard all inputs.
Checking for deadlock:
There are 3 Blocked actors, 0 Stopped actors, and 4 active threads.
Waiting for actors to stop.
Sent output token with value 4.5
Next port to read input from is inputB
Called postfire()
Called prefire()
Called fire()
Checking for deadlock:
There are 2 Blocked actors, 0 Stopped actors, and 4 active threads.
Waiting for actors to stop.
Read input token from inputB with value 6.0
Called postfire()
Called prefire()
Called fire()
Called prefire()
Called fire()
Past the end of training data. Read and discard all inputs.
Checking for deadlock:
There are 3 Blocked actors, 0 Stopped actors, and 4 active threads.
Waiting for actors to stop.
Sent output token with value 5.0
Next port to read input from is inputA
Called postfire()
Called prefire()
Called fire()
Checking for deadlock:
There are 2 Blocked actors, 0 Stopped actors, and 4 active threads.
Waiting for actors to stop.
Read input token from inputA with value 6.0
Called postfire()
Called prefire()
Called fire()
Called prefire()
Called fire()
Past the end of training data. Read and discard all inputs.
Checking for deadlock:
There are 3 Blocked actors, 0 Stopped actors, and 4 active threads.
Waiting for actors to stop.
Sent output token with value 6.0
Next port to read input from is inputB
Called postfire()
Called prefire()
Called fire()
Read input token from inputB with value 7.5
Checking for deadlock:
There are 2 Blocked actors, 0 Stopped actors, and 4 active threads.
Waiting for actors to stop.
Called postfire()
Called prefire()
Called fire()
Called prefire()
Called fire()
Past the end of training data. Read and discard all inputs.
Checking for deadlock:
There are 3 Blocked actors, 0 Stopped actors, and 4 active threads.
Waiting for actors to stop.
Sent output token with value 6.0
Next port to read input from is inputA
Called postfire()
Called prefire()
Called fire()
Read input token from inputA with value 7.0
Checking for deadlock:
There are 2 Blocked actors, 0 Stopped actors, and 4 active threads.
Waiting for actors to stop.
Called postfire()
Called prefire()
Called fire()
Called prefire()
Called fire()
Past the end of training data. Read and discard all inputs.
Checking for deadlock:
There are 3 Blocked actors, 0 Stopped actors, and 4 active threads.
Waiting for actors to stop.
Sent output token with value 7.0
Next port to read input from is inputA
Called postfire()
Called prefire()
Called fire()
Read input token from inputA with value 8.0
-- Thread wrapup() called.
Called wrapup()
Thread .top.Ramp is exiting.
Sent output token with value 7.5
-- Thread stopped.
Next port to read input from is inputB
Called postfire()
Called prefire()
Called fire()
Read input token from inputB with value 9.0
Checking for deadlock:
There are 1 Blocked actors, 0 Stopped actors, and 3 active threads.
Waiting for actors to stop.
Called postfire()
Called prefire()
Called prefire()
Called fire()
Checking for deadlock:
Past the end of training data. Read and discard all inputs.
There are 0 Blocked actors, 0 Stopped actors, and 3 active threads.
Waiting for actors to stop.
Called fire()
Called prefire()
Called fire()
Past the end of training data. Read and discard all inputs.
Checking for deadlock:
There are 2 Blocked actors, 0 Stopped actors, and 3 active threads.
Waiting for actors to stop.
Sent output token with value 8.0
Next port to read input from is inputA
Called postfire()
Called prefire()
Called fire()
Read input token from inputA with value 9.0
Sent output token with value 9.0
Checking for deadlock:
There are 1 Blocked actors, 0 Stopped actors, and 3 active threads.
Waiting for actors to stop.
Called prefire()
Called fire()
Past the end of training data. Read and discard all inputs.
Checking for deadlock:
There are 2 Blocked actors, 0 Stopped actors, and 3 active threads.
Waiting for actors to stop.
Next port to read input from is inputB
Called postfire()
Called prefire()
Called fire()
Read input token from inputB with value 10.5
Called postfire()
Called prefire()
Called fire()
Sent output token with value 9.0
Checking for deadlock:
There are 1 Blocked actors, 0 Stopped actors, and 3 active threads.
Waiting for actors to stop.
Called prefire()
Called fire()
Past the end of training data. Read and discard all inputs.
Checking for deadlock:
There are 2 Blocked actors, 0 Stopped actors, and 3 active threads.
Waiting for actors to stop.
Next port to read input from is inputA
Called postfire()
Called prefire()
Called fire()
Checking for deadlock:
There are 3 Blocked actors, 0 Stopped actors, and 3 active threads.
Actors have stopped.
Checking for deadlock:
There are 3 Blocked actors, 0 Stopped actors, and 3 active threads.
Deadlock detected.
Resolving Deadlock
Checking for deadlock:
There are 3 Blocked actors, 0 Stopped actors, and 3 active threads.
Artificial Deadlock - increasing queue capacity.
increasing the capacity of receiver ptolemy.actor.TypedIOPort {.top.OrderedMerge.inputB} to 2
Director: Called postfire().
Called postfire().
_stopRequested = false
_stopFireRequested = false
Returning from postfire(): true
Called fire().
Checking for deadlock:
There are 2 Blocked actors, 0 Stopped actors, and 3 active threads.
Waiting for actors to stop.
-- Thread wrapup() called.
Called wrapup()
Thread .top.Ramp2 is exiting.
-- Thread stopped.
Checking for deadlock:
There are 2 Blocked actors, 0 Stopped actors, and 2 active threads.
Actors have stopped.
Checking for deadlock:
There are 2 Blocked actors, 0 Stopped actors, and 2 active threads.
Deadlock detected.
Resolving Deadlock
Checking for deadlock:
There are 2 Blocked actors, 0 Stopped actors, and 2 active threads.
Deadlock detected: no processes blocked on write, but some are blocked on read.
Called postfire().
_stopRequested = false
_stopFireRequested = false
Returning from postfire(): false
Finished deactivating branches.
Called wrapup().
-- Thread wrapup() called.
Called wrapup()
Thread .top.Test is exiting.
-- Thread stopped.
-- Blocked Receiver call threw TerminateProcessException.
-- Thread wrapup() called.
Called wrapup()
Thread .top.OrderedMerge is exiting.
-- Thread stopped.
-- Blocked Receiver call threw TerminateProcessException.
44 ms. Memory: 208384K Free: 171217K (82%)
/home/travis/build/icyphy/ptII/ptolemy/actor/lib/test/Publisher.tcl
17 ms. Memory: 208384K Free: 164012K (79%)
8 ms. Memory: 208384K Free: 159208K (76%)
3 ms. Memory: 208384K Free: 154404K (74%)
4 ms. Memory: 208384K Free: 154404K (74%)
3 ms. Memory: 208384K Free: 152002K (73%)
3 ms. Memory: 208384K Free: 152002K (73%)
2 ms. Memory: 208384K Free: 152002K (73%)
2 ms. Memory: 208384K Free: 149601K (72%)
1 ms. Memory: 208384K Free: 142395K (68%)
4 ms. Memory: 208384K Free: 137591K (66%)
2 ms. Memory: 208384K Free: 137591K (66%)
1 ms. Memory: 208384K Free: 135190K (65%)
9 ms. Memory: 208384K Free: 125582K (60%)
5 ms. Memory: 208384K Free: 115975K (56%)
5 ms. Memory: 208384K Free: 103966K (50%)
/home/travis/build/icyphy/ptII/ptolemy/actor/lib/test/Pulse.tcl
2 ms. Memory: 208384K Free: 181915K (87%)
1 ms. Memory: 208384K Free: 181915K (87%)
1 ms. Memory: 208384K Free: 181915K (87%)
1 ms. Memory: 208384K Free: 181915K (87%)
1 ms. Memory: 208384K Free: 179534K (86%)
1 ms. Memory: 208384K Free: 179534K (86%)
1 ms. Memory: 208384K Free: 179534K (86%)
1 ms. Memory: 208384K Free: 177152K (85%)
1 ms. Memory: 208384K Free: 177152K (85%)
/home/travis/build/icyphy/ptII/ptolemy/actor/lib/test/Ramp.tcl
2 ms. Memory: 208384K Free: 174771K (84%)
1 ms. Memory: 208384K Free: 174771K (84%)
2 ms. Memory: 208384K Free: 174771K (84%)
1 ms. Memory: 208384K Free: 172389K (83%)
2 ms. Memory: 208384K Free: 172389K (83%)
4 ms. Memory: 208384K Free: 172389K (83%)
4 ms. Memory: 208384K Free: 170008K (82%)
5 actors
5000 microseconds per iteration to create
4 ms. Memory: 208384K Free: 167627K (80%)
1 ms. Memory: 208384K Free: 167627K (80%)
2 ms. Memory: 208384K Free: 167627K (80%)
2 ms. Memory: 208384K Free: 165245K (79%)
50 actors
45000 microseconds per iteration to create
43 ms. Memory: 208384K Free: 150957K (72%)
15 ms. Memory: 208384K Free: 148576K (71%)
5 ms. Memory: 208384K Free: 148576K (71%)
13 ms. Memory: 208384K Free: 146195K (70%)
500 actors
1185000 microseconds per iteration to create
262 ms. Memory: 331776K Free: 219929K (66%)
53 ms. Memory: 331776K Free: 215148K (65%)
38 ms. Memory: 331776K Free: 210366K (63%)
37 ms. Memory: 331776K Free: 200771K (61%)
/home/travis/build/icyphy/ptII/ptolemy/actor/lib/test/RampContinuous.tcl
6 ms. Memory: 331776K Free: 200771K (61%)
/home/travis/build/icyphy/ptII/ptolemy/actor/lib/test/RecordAssembler.tcl
5 ms. Memory: 331776K Free: 200771K (61%)
2 ms. Memory: 331776K Free: 200771K (61%)
/home/travis/build/icyphy/ptII/ptolemy/actor/lib/test/RecordDisassembler.tcl
4 ms. Memory: 331776K Free: 195989K (59%)
2 ms. Memory: 331776K Free: 195989K (59%)
7 ms. Memory: 331776K Free: 195989K (59%)
/home/travis/build/icyphy/ptII/ptolemy/actor/lib/test/Scale.tcl
2 ms. Memory: 331776K Free: 191191K (58%)
1 ms. Memory: 331776K Free: 191191K (58%)
1 ms. Memory: 331776K Free: 191191K (58%)
3 ms. Memory: 331776K Free: 191191K (58%)
2 ms. Memory: 331776K Free: 191191K (58%)
/home/travis/build/icyphy/ptII/ptolemy/actor/lib/test/SequentialClock.tcl
preinitializing
resolving types
initializing
executing number 1
wrapping up
idle
5 ms. Memory: 331776K Free: 186401K (56%)
Completed execution with 5 iterations
preinitializing
resolving types
initializing
executing number 1
wrapping up
idle
2 ms. Memory: 331776K Free: 186401K (56%)
Completed execution with 5 iterations
preinitializing
resolving types
initializing
executing number 1
wrapping up
idle
3 ms. Memory: 331776K Free: 186401K (56%)
Completed execution with 5 iterations
/home/travis/build/icyphy/ptII/ptolemy/actor/lib/test/SetVariable.tcl
5 ms. Memory: 331776K Free: 186401K (56%)
/home/travis/build/icyphy/ptII/ptolemy/actor/lib/test/Sinewave.tcl
/home/travis/build/icyphy/ptII/ptolemy/actor/lib/test/SubscriptionAggregator.tcl
5 ms. Memory: 331776K Free: 172056K (52%)
6 ms. Memory: 331776K Free: 172056K (52%)
1 ms. Memory: 331776K Free: 172056K (52%)
1 ms. Memory: 331776K Free: 172056K (52%)
2 ms. Memory: 331776K Free: 167274K (50%)
3 ms. Memory: 331776K Free: 162485K (49%)
...............................................................837 ms. Memory: 579072K Free: 296216K (51%)
/home/travis/build/icyphy/ptII/ptolemy/actor/lib/test/Test.tcl
 The next command will produce a warning about training mode,
   which may be ignored.
4 ms. Memory: 579072K Free: 286569K (49%)
1 ms. Memory: 579072K Free: 286569K (49%)
1 ms. Memory: 579072K Free: 286569K (49%)
2 ms. Memory: 579072K Free: 286569K (49%)
1 ms. Memory: 579072K Free: 286569K (49%)
3 ms. Memory: 579072K Free: 286569K (49%)
2 ms. Memory: 579072K Free: 286569K (49%)
 The next command will produce a warning about training mode,
   which may be ignored.
3 ms. Memory: 579072K Free: 286569K (49%)
 The next command will produce a warning about training mode,
   which may be ignored.
2 ms. Memory: 579072K Free: 286569K (49%)
1 ms. Memory: 579072K Free: 286569K (49%)
0 ms. Memory: 579072K Free: 276914K (48%)
1 ms. Memory: 579072K Free: 276914K (48%)
1 ms. Memory: 579072K Free: 276914K (48%)
2 ms. Memory: 579072K Free: 276914K (48%)
/home/travis/build/icyphy/ptII/ptolemy/actor/lib/test/TestExceptionHandler.tcl
 The next command will produce a warning about training mode,
   which may be ignored.
2 ms. Memory: 579072K Free: 276914K (48%)
1 ms. Memory: 579072K Free: 276914K (48%)
1 ms. Memory: 579072K Free: 276914K (48%)
/home/travis/build/icyphy/ptII/ptolemy/actor/lib/test/UnionDisassembler.tcl
22 ms. Memory: 579072K Free: 267275K (46%)
/home/travis/build/icyphy/ptII/ptolemy/actor/lib/test/VariableClock.tcl
preinitializing
resolving types
initializing
executing number 1
wrapping up
idle
3 ms. Memory: 579072K Free: 267275K (46%)
Completed execution with 11 iterations
preinitializing
resolving types
initializing
executing number 1
wrapping up
idle
3 ms. Memory: 579072K Free: 257621K (44%)
Completed execution with 10 iterations
06/11/18 03:43:14
Failed: 0  Total Tests: 234  ((Passed: 234, Newly Passed: 0)  Known Failed: 0) /home/travis/build/icyphy/ptII/ptolemy/actor/lib/test
----------------- testing (KnownFailure) /home/travis/build/icyphy/ptII/ptolemy/actor/lib/test/auto/knownFailedTests/PublisherPortToplevelSubscriber.xml
1 ms. Memory: 579072K Free: 247893K (43%)
Known Failure: java.lang.reflect.InvocationTargetException
----------------- testing (KnownFailure) /home/travis/build/icyphy/ptII/ptolemy/actor/lib/test/auto/knownFailedTests/PublisherSubscriberPortToplevel.xml
1 ms. Memory: 579072K Free: 228436K (39%)
Known Failure: java.lang.reflect.InvocationTargetException
----------------- testing (KnownFailure) /home/travis/build/icyphy/ptII/ptolemy/actor/lib/test/auto/knownFailedTests/PublisherSubscriptionAggregatorPort.xml
2 ms. Memory: 579072K Free: 208980K (36%)
Known Failure: java.lang.reflect.InvocationTargetException
----------------- testing (KnownFailure) /home/travis/build/icyphy/ptII/ptolemy/actor/lib/test/auto/knownFailedTests/sizedarray3.xml
3 ms. Memory: 579072K Free: 189524K (33%)
Known Failure: java.lang.reflect.InvocationTargetException
No auto/linux-amd64/*.xml tests in /home/travis/build/icyphy/ptII/ptolemy/actor/lib/test
AutoTests.java: About to close Vertx.
AutoTests.java: Vertx closed.

===========================================================================================
----------------- testing Mon Jun 11 03:43:15 UTC 2018 /home/travis/build/icyphy/ptII/ptolemy/actor/lib/test/auto/AbsoluteValue.xml
----------------- Instantiating /home/travis/build/icyphy/ptII/ptolemy/actor/lib/test/auto/AbsoluteValue.xml
10 ms. Memory: 579072K Free: 111877K (19%)
----------------- Invoking toplevel() on ptolemy.moml.MoMLSimpleApplication@325f1dd0
----------------- Done invoking toplevel() on ptolemy.moml.MoMLSimpleApplication@325f1dd0
reloadAllAccessors: .AbsoluteValue

===========================================================================================
----------------- testing Mon Jun 11 03:43:15 UTC 2018 /home/travis/build/icyphy/ptII/ptolemy/actor/lib/test/auto/AbsoluteValue2.xml
----------------- Instantiating /home/travis/build/icyphy/ptII/ptolemy/actor/lib/test/auto/AbsoluteValue2.xml
7 ms. Memory: 579072K Free: 87630K (15%)
----------------- Invoking toplevel() on ptolemy.moml.MoMLSimpleApplication@2f0a7dbe
----------------- Done invoking toplevel() on ptolemy.moml.MoMLSimpleApplication@2f0a7dbe
reloadAllAccessors: .AbsoluteValue2

===========================================================================================
----------------- testing Mon Jun 11 03:43:15 UTC 2018 /home/travis/build/icyphy/ptII/ptolemy/actor/lib/test/auto/Accumulator.xml
----------------- Instantiating /home/travis/build/icyphy/ptII/ptolemy/actor/lib/test/auto/Accumulator.xml
13 ms. Memory: 579072K Free: 77902K (13%)
----------------- Invoking toplevel() on ptolemy.moml.MoMLSimpleApplication@1f5ede88
----------------- Done invoking toplevel() on ptolemy.moml.MoMLSimpleApplication@1f5ede88
reloadAllAccessors: .Accumulator

===========================================================================================
----------------- testing Mon Jun 11 03:43:15 UTC 2018 /home/travis/build/icyphy/ptII/ptolemy/actor/lib/test/auto/Accumulator2.xml
----------------- Instantiating /home/travis/build/icyphy/ptII/ptolemy/actor/lib/test/auto/Accumulator2.xml
8 ms. Memory: 579072K Free: 70600K (12%)
----------------- Invoking toplevel() on ptolemy.moml.MoMLSimpleApplication@4b58d6a5
----------------- Done invoking toplevel() on ptolemy.moml.MoMLSimpleApplication@4b58d6a5
reloadAllAccessors: .Accumulator2

===========================================================================================
----------------- testing Mon Jun 11 03:43:15 UTC 2018 /home/travis/build/icyphy/ptII/ptolemy/actor/lib/test/auto/Accumulator3.xml
----------------- Instantiating /home/travis/build/icyphy/ptII/ptolemy/actor/lib/test/auto/Accumulator3.xml
3 ms. Memory: 581120K Free: 531873K (92%)
----------------- Invoking toplevel() on ptolemy.moml.MoMLSimpleApplication@9283306
----------------- Done invoking toplevel() on ptolemy.moml.MoMLSimpleApplication@9283306
reloadAllAccessors: .Accumulator3

===========================================================================================
----------------- testing Mon Jun 11 03:43:15 UTC 2018 /home/travis/build/icyphy/ptII/ptolemy/actor/lib/test/auto/ArrayAppend.xml
----------------- Instantiating /home/travis/build/icyphy/ptII/ptolemy/actor/lib/test/auto/ArrayAppend.xml
6 ms. Memory: 581120K Free: 513653K (88%)
----------------- Invoking toplevel() on ptolemy.moml.MoMLSimpleApplication@47480043
----------------- Done invoking toplevel() on ptolemy.moml.MoMLSimpleApplication@47480043
reloadAllAccessors: .ArrayAppend

===========================================================================================
----------------- testing Mon Jun 11 03:43:15 UTC 2018 /home/travis/build/icyphy/ptII/ptolemy/actor/lib/test/auto/ArrayAppend2.xml
----------------- Instantiating /home/travis/build/icyphy/ptII/ptolemy/actor/lib/test/auto/ArrayAppend2.xml
614 ms. Memory: 581120K Free: 425861K (73%)
----------------- Invoking toplevel() on ptolemy.moml.MoMLSimpleApplication@68d6bfa7
----------------- Done invoking toplevel() on ptolemy.moml.MoMLSimpleApplication@68d6bfa7
reloadAllAccessors: .ArrayAppend2

===========================================================================================
----------------- testing Mon Jun 11 03:43:16 UTC 2018 /home/travis/build/icyphy/ptII/ptolemy/actor/lib/test/auto/ArrayAppend3.xml
----------------- Instantiating /home/travis/build/icyphy/ptII/ptolemy/actor/lib/test/auto/ArrayAppend3.xml
5 ms. Memory: 581120K Free: 416133K (72%)
----------------- Invoking toplevel() on ptolemy.moml.MoMLSimpleApplication@2cc17b59
----------------- Done invoking toplevel() on ptolemy.moml.MoMLSimpleApplication@2cc17b59
reloadAllAccessors: .ArrayAppend3

===========================================================================================
----------------- testing Mon Jun 11 03:43:16 UTC 2018 /home/travis/build/icyphy/ptII/ptolemy/actor/lib/test/auto/ArrayAppend4.xml
----------------- Instantiating /home/travis/build/icyphy/ptII/ptolemy/actor/lib/test/auto/ArrayAppend4.xml
5 ms. Memory: 581120K Free: 397913K (68%)
----------------- Invoking toplevel() on ptolemy.moml.MoMLSimpleApplication@4961d251
----------------- Done invoking toplevel() on ptolemy.moml.MoMLSimpleApplication@4961d251
reloadAllAccessors: .ArrayAppend4

===========================================================================================
----------------- testing Mon Jun 11 03:43:16 UTC 2018 /home/travis/build/icyphy/ptII/ptolemy/actor/lib/test/auto/ArrayAppend5.xml
----------------- Instantiating /home/travis/build/icyphy/ptII/ptolemy/actor/lib/test/auto/ArrayAppend5.xml
20 ms. Memory: 581120K Free: 388185K (67%)
----------------- Invoking toplevel() on ptolemy.moml.MoMLSimpleApplication@129da27b
----------------- Done invoking toplevel() on ptolemy.moml.MoMLSimpleApplication@129da27b
reloadAllAccessors: .ArrayAppend5

===========================================================================================
----------------- testing Mon Jun 11 03:43:16 UTC 2018 /home/travis/build/icyphy/ptII/ptolemy/actor/lib/test/auto/ArrayAppend6.xml
----------------- Instantiating /home/travis/build/icyphy/ptII/ptolemy/actor/lib/test/auto/ArrayAppend6.xml
4 ms. Memory: 581120K Free: 378457K (65%)
----------------- Invoking toplevel() on ptolemy.moml.MoMLSimpleApplication@7700e6ca
----------------- Done invoking toplevel() on ptolemy.moml.MoMLSimpleApplication@7700e6ca
reloadAllAccessors: .ArrayAppend6

===========================================================================================
----------------- testing Mon Jun 11 03:43:16 UTC 2018 /home/travis/build/icyphy/ptII/ptolemy/actor/lib/test/auto/ArrayAppendPerformanceTest.xml
----------------- Instantiating /home/travis/build/icyphy/ptII/ptolemy/actor/lib/test/auto/ArrayAppendPerformanceTest.xml
23 ms. Memory: 581120K Free: 363849K (63%)
----------------- Invoking toplevel() on ptolemy.moml.MoMLSimpleApplication@54fe82d2
----------------- Done invoking toplevel() on ptolemy.moml.MoMLSimpleApplication@54fe82d2
reloadAllAccessors: .ArrayAppendPerformanceTest

===========================================================================================
----------------- testing Mon Jun 11 03:43:16 UTC 2018 /home/travis/build/icyphy/ptII/ptolemy/actor/lib/test/auto/ArrayAppendWithEmptyInput.xml
----------------- Instantiating /home/travis/build/icyphy/ptII/ptolemy/actor/lib/test/auto/ArrayAppendWithEmptyInput.xml
20 ms. Memory: 581120K Free: 335892K (58%)
----------------- Invoking toplevel() on ptolemy.moml.MoMLSimpleApplication@66adea97
----------------- Done invoking toplevel() on ptolemy.moml.MoMLSimpleApplication@66adea97
reloadAllAccessors: .ArrayAppendWithEmptyInput

===========================================================================================
----------------- testing Mon Jun 11 03:43:16 UTC 2018 /home/travis/build/icyphy/ptII/ptolemy/actor/lib/test/auto/ArrayAverage.xml
----------------- Instantiating /home/travis/build/icyphy/ptII/ptolemy/actor/lib/test/auto/ArrayAverage.xml
6 ms. Memory: 581120K Free: 321300K (55%)
----------------- Invoking toplevel() on ptolemy.moml.MoMLSimpleApplication@57f3526e
----------------- Done invoking toplevel() on ptolemy.moml.MoMLSimpleApplication@57f3526e
reloadAllAccessors: .ArrayAverage

===========================================================================================
----------------- testing Mon Jun 11 03:43:16 UTC 2018 /home/travis/build/icyphy/ptII/ptolemy/actor/lib/test/auto/ArrayContains.xml
----------------- Instantiating /home/travis/build/icyphy/ptII/ptolemy/actor/lib/test/auto/ArrayContains.xml
6 ms. Memory: 581120K Free: 311572K (54%)
----------------- Invoking toplevel() on ptolemy.moml.MoMLSimpleApplication@2a2c72ba
----------------- Done invoking toplevel() on ptolemy.moml.MoMLSimpleApplication@2a2c72ba
reloadAllAccessors: .ArrayContains

===========================================================================================
----------------- testing Mon Jun 11 03:43:16 UTC 2018 /home/travis/build/icyphy/ptII/ptolemy/actor/lib/test/auto/ArrayElement.xml
----------------- Instantiating /home/travis/build/icyphy/ptII/ptolemy/actor/lib/test/auto/ArrayElement.xml
3 ms. Memory: 581120K Free: 301844K (52%)
----------------- Invoking toplevel() on ptolemy.moml.MoMLSimpleApplication@4df401e7
----------------- Done invoking toplevel() on ptolemy.moml.MoMLSimpleApplication@4df401e7
reloadAllAccessors: .ArrayElement

===========================================================================================
----------------- testing Mon Jun 11 03:43:16 UTC 2018 /home/travis/build/icyphy/ptII/ptolemy/actor/lib/test/auto/ArrayElementAsMatrix.xml
----------------- Instantiating /home/travis/build/icyphy/ptII/ptolemy/actor/lib/test/auto/ArrayElementAsMatrix.xml
18 ms. Memory: 581120K Free: 278743K (48%)
----------------- Invoking toplevel() on ptolemy.moml.MoMLSimpleApplication@78784496
----------------- Done invoking toplevel() on ptolemy.moml.MoMLSimpleApplication@78784496
reloadAllAccessors: .ArrayElementAsMatrix

===========================================================================================
----------------- testing Mon Jun 11 03:43:16 UTC 2018 /home/travis/build/icyphy/ptII/ptolemy/actor/lib/test/auto/ArrayElementI.xml
----------------- Instantiating /home/travis/build/icyphy/ptII/ptolemy/actor/lib/test/auto/ArrayElementI.xml
3 ms. Memory: 581120K Free: 269015K (46%)
----------------- Invoking toplevel() on ptolemy.moml.MoMLSimpleApplication@f5a8712
----------------- Done invoking toplevel() on ptolemy.moml.MoMLSimpleApplication@f5a8712
reloadAllAccessors: .ArrayElementI

===========================================================================================
----------------- testing Mon Jun 11 03:43:16 UTC 2018 /home/travis/build/icyphy/ptII/ptolemy/actor/lib/test/auto/ArrayExtract.xml
----------------- Instantiating /home/travis/build/icyphy/ptII/ptolemy/actor/lib/test/auto/ArrayExtract.xml
8 ms. Memory: 581120K Free: 259287K (45%)
----------------- Invoking toplevel() on ptolemy.moml.MoMLSimpleApplication@1b82f7f7
----------------- Done invoking toplevel() on ptolemy.moml.MoMLSimpleApplication@1b82f7f7
reloadAllAccessors: .ArrayExtract

===========================================================================================
----------------- testing Mon Jun 11 03:43:17 UTC 2018 /home/travis/build/icyphy/ptII/ptolemy/actor/lib/test/auto/ArrayExtract2.xml
----------------- Instantiating /home/travis/build/icyphy/ptII/ptolemy/actor/lib/test/auto/ArrayExtract2.xml
4 ms. Memory: 581120K Free: 249559K (43%)
----------------- Invoking toplevel() on ptolemy.moml.MoMLSimpleApplication@6c55643f
----------------- Done invoking toplevel() on ptolemy.moml.MoMLSimpleApplication@6c55643f
reloadAllAccessors: .ArrayExtract2

===========================================================================================
----------------- testing Mon Jun 11 03:43:17 UTC 2018 /home/travis/build/icyphy/ptII/ptolemy/actor/lib/test/auto/ArrayLength.xml
----------------- Instantiating /home/travis/build/icyphy/ptII/ptolemy/actor/lib/test/auto/ArrayLength.xml
2 ms. Memory: 581120K Free: 231338K (40%)
----------------- Invoking toplevel() on ptolemy.moml.MoMLSimpleApplication@30e8f1cb
----------------- Done invoking toplevel() on ptolemy.moml.MoMLSimpleApplication@30e8f1cb
reloadAllAccessors: .ArrayLength

===========================================================================================
----------------- testing Mon Jun 11 03:43:17 UTC 2018 /home/travis/build/icyphy/ptII/ptolemy/actor/lib/test/auto/ArrayLevelCrossing.xml
----------------- Instantiating /home/travis/build/icyphy/ptII/ptolemy/actor/lib/test/auto/ArrayLevelCrossing.xml
4 ms. Memory: 581120K Free: 216730K (37%)
----------------- Invoking toplevel() on ptolemy.moml.MoMLSimpleApplication@22546d87
----------------- Done invoking toplevel() on ptolemy.moml.MoMLSimpleApplication@22546d87
reloadAllAccessors: .ArrayLevelCrossing

===========================================================================================
----------------- testing Mon Jun 11 03:43:17 UTC 2018 /home/travis/build/icyphy/ptII/ptolemy/actor/lib/test/auto/ArrayLevelCrossing2.xml
----------------- Instantiating /home/travis/build/icyphy/ptII/ptolemy/actor/lib/test/auto/ArrayLevelCrossing2.xml
2 ms. Memory: 581120K Free: 202122K (35%)
----------------- Invoking toplevel() on ptolemy.moml.MoMLSimpleApplication@25ca62a2
----------------- Done invoking toplevel() on ptolemy.moml.MoMLSimpleApplication@25ca62a2
reloadAllAccessors: .ArrayLevelCrossing2

===========================================================================================
----------------- testing Mon Jun 11 03:43:17 UTC 2018 /home/travis/build/icyphy/ptII/ptolemy/actor/lib/test/auto/ArrayPeakSearch.xml
----------------- Instantiating /home/travis/build/icyphy/ptII/ptolemy/actor/lib/test/auto/ArrayPeakSearch.xml
6 ms. Memory: 581120K Free: 187522K (32%)
----------------- Invoking toplevel() on ptolemy.moml.MoMLSimpleApplication@12f1d77b
----------------- Done invoking toplevel() on ptolemy.moml.MoMLSimpleApplication@12f1d77b
reloadAllAccessors: .ArrayPeakSearch

===========================================================================================
----------------- testing Mon Jun 11 03:43:17 UTC 2018 /home/travis/build/icyphy/ptII/ptolemy/actor/lib/test/auto/ArrayPeakSearch2.xml
----------------- Instantiating /home/travis/build/icyphy/ptII/ptolemy/actor/lib/test/auto/ArrayPeakSearch2.xml
3 ms. Memory: 581120K Free: 164421K (28%)
----------------- Invoking toplevel() on ptolemy.moml.MoMLSimpleApplication@67cf3e0e
----------------- Done invoking toplevel() on ptolemy.moml.MoMLSimpleApplication@67cf3e0e
reloadAllAccessors: .ArrayPeakSearch2

===========================================================================================
----------------- testing Mon Jun 11 03:43:17 UTC 2018 /home/travis/build/icyphy/ptII/ptolemy/actor/lib/test/auto/ArrayPeakSearch3.xml
----------------- Instantiating /home/travis/build/icyphy/ptII/ptolemy/actor/lib/test/auto/ArrayPeakSearch3.xml
3 ms. Memory: 581120K Free: 149813K (26%)
----------------- Invoking toplevel() on ptolemy.moml.MoMLSimpleApplication@5ab571b5
----------------- Done invoking toplevel() on ptolemy.moml.MoMLSimpleApplication@5ab571b5
reloadAllAccessors: .ArrayPeakSearch3

===========================================================================================
----------------- testing Mon Jun 11 03:43:17 UTC 2018 /home/travis/build/icyphy/ptII/ptolemy/actor/lib/test/auto/ArrayRemoveElement.xml
----------------- Instantiating /home/travis/build/icyphy/ptII/ptolemy/actor/lib/test/auto/ArrayRemoveElement.xml
3 ms. Memory: 581120K Free: 135205K (23%)
----------------- Invoking toplevel() on ptolemy.moml.MoMLSimpleApplication@4dc56719
----------------- Done invoking toplevel() on ptolemy.moml.MoMLSimpleApplication@4dc56719
reloadAllAccessors: .ArrayRemoveElement

===========================================================================================
----------------- testing Mon Jun 11 03:43:17 UTC 2018 /home/travis/build/icyphy/ptII/ptolemy/actor/lib/test/auto/ArraySort.xml
----------------- Instantiating /home/travis/build/icyphy/ptII/ptolemy/actor/lib/test/auto/ArraySort.xml
3 ms. Memory: 581120K Free: 120605K (21%)
----------------- Invoking toplevel() on ptolemy.moml.MoMLSimpleApplication@5a92a8aa
----------------- Done invoking toplevel() on ptolemy.moml.MoMLSimpleApplication@5a92a8aa
reloadAllAccessors: .ArraySort

===========================================================================================
----------------- testing Mon Jun 11 03:43:17 UTC 2018 /home/travis/build/icyphy/ptII/ptolemy/actor/lib/test/auto/ArraySum.xml
----------------- Instantiating /home/travis/build/icyphy/ptII/ptolemy/actor/lib/test/auto/ArraySum.xml
2 ms. Memory: 581120K Free: 102385K (18%)
----------------- Invoking toplevel() on ptolemy.moml.MoMLSimpleApplication@7ea63b6f
----------------- Done invoking toplevel() on ptolemy.moml.MoMLSimpleApplication@7ea63b6f
reloadAllAccessors: .ArraySum

===========================================================================================
----------------- testing Mon Jun 11 03:43:17 UTC 2018 /home/travis/build/icyphy/ptII/ptolemy/actor/lib/test/auto/ArrayToElements.xml
----------------- Instantiating /home/travis/build/icyphy/ptII/ptolemy/actor/lib/test/auto/ArrayToElements.xml
3 ms. Memory: 581120K Free: 92657K (16%)
----------------- Invoking toplevel() on ptolemy.moml.MoMLSimpleApplication@acb1b04
----------------- Done invoking toplevel() on ptolemy.moml.MoMLSimpleApplication@acb1b04
reloadAllAccessors: .ArrayToElements

===========================================================================================
----------------- testing Mon Jun 11 03:43:17 UTC 2018 /home/travis/build/icyphy/ptII/ptolemy/actor/lib/test/auto/ArrayToMatrix.xml
----------------- Instantiating /home/travis/build/icyphy/ptII/ptolemy/actor/lib/test/auto/ArrayToMatrix.xml
7 ms. Memory: 581120K Free: 73192K (13%)
----------------- Invoking toplevel() on ptolemy.moml.MoMLSimpleApplication@ccc8a15
----------------- Done invoking toplevel() on ptolemy.moml.MoMLSimpleApplication@ccc8a15
reloadAllAccessors: .ArrayToMatrix

===========================================================================================
----------------- testing Mon Jun 11 03:43:17 UTC 2018 /home/travis/build/icyphy/ptII/ptolemy/actor/lib/test/auto/ArrayUpdate1.xml
----------------- Instantiating /home/travis/build/icyphy/ptII/ptolemy/actor/lib/test/auto/ArrayUpdate1.xml
2 ms. Memory: 581120K Free: 63464K (11%)
----------------- Invoking toplevel() on ptolemy.moml.MoMLSimpleApplication@391343ec
----------------- Done invoking toplevel() on ptolemy.moml.MoMLSimpleApplication@391343ec
reloadAllAccessors: .ArrayUpdate1

===========================================================================================
----------------- testing Mon Jun 11 03:43:17 UTC 2018 /home/travis/build/icyphy/ptII/ptolemy/actor/lib/test/auto/ArrayUpdate2.xml
----------------- Instantiating /home/travis/build/icyphy/ptII/ptolemy/actor/lib/test/auto/ArrayUpdate2.xml
5 ms. Memory: 879104K Free: 822930K (94%)
----------------- Invoking toplevel() on ptolemy.moml.MoMLSimpleApplication@4a021ede
----------------- Done invoking toplevel() on ptolemy.moml.MoMLSimpleApplication@4a021ede
reloadAllAccessors: .ArrayUpdate2

===========================================================================================
----------------- testing Mon Jun 11 03:43:17 UTC 2018 /home/travis/build/icyphy/ptII/ptolemy/actor/lib/test/auto/ArrayUpdate3.xml
----------------- Instantiating /home/travis/build/icyphy/ptII/ptolemy/actor/lib/test/auto/ArrayUpdate3.xml
2 ms. Memory: 879104K Free: 797695K (91%)
----------------- Invoking toplevel() on ptolemy.moml.MoMLSimpleApplication@12488bdc
----------------- Done invoking toplevel() on ptolemy.moml.MoMLSimpleApplication@12488bdc
reloadAllAccessors: .ArrayUpdate3

===========================================================================================
----------------- testing Mon Jun 11 03:43:17 UTC 2018 /home/travis/build/icyphy/ptII/ptolemy/actor/lib/test/auto/Assert1.xml
----------------- Instantiating /home/travis/build/icyphy/ptII/ptolemy/actor/lib/test/auto/Assert1.xml
2 ms. Memory: 879104K Free: 777072K (88%)
----------------- Invoking toplevel() on ptolemy.moml.MoMLSimpleApplication@5a0464cb
----------------- Done invoking toplevel() on ptolemy.moml.MoMLSimpleApplication@5a0464cb
reloadAllAccessors: .Assert1

===========================================================================================
----------------- testing Mon Jun 11 03:43:17 UTC 2018 /home/travis/build/icyphy/ptII/ptolemy/actor/lib/test/auto/Assert2.xml
----------------- Instantiating /home/travis/build/icyphy/ptII/ptolemy/actor/lib/test/auto/Assert2.xml
6 ms. Memory: 879104K Free: 761507K (87%)
----------------- Invoking toplevel() on ptolemy.moml.MoMLSimpleApplication@ce01160
----------------- Done invoking toplevel() on ptolemy.moml.MoMLSimpleApplication@ce01160
reloadAllAccessors: .Assert2

===========================================================================================
----------------- testing Mon Jun 11 03:43:17 UTC 2018 /home/travis/build/icyphy/ptII/ptolemy/actor/lib/test/auto/BooleanMultiplexor.xml
----------------- Instantiating /home/travis/build/icyphy/ptII/ptolemy/actor/lib/test/auto/BooleanMultiplexor.xml
4 ms. Memory: 879104K Free: 745942K (85%)
----------------- Invoking toplevel() on ptolemy.moml.MoMLSimpleApplication@5cef787c
----------------- Done invoking toplevel() on ptolemy.moml.MoMLSimpleApplication@5cef787c
reloadAllAccessors: .BooleanMultiplexor

===========================================================================================
----------------- testing Mon Jun 11 03:43:17 UTC 2018 /home/travis/build/icyphy/ptII/ptolemy/actor/lib/test/auto/BooleanMultiplexor2.xml
----------------- Instantiating /home/travis/build/icyphy/ptII/ptolemy/actor/lib/test/auto/BooleanMultiplexor2.xml
8 ms. Memory: 879104K Free: 720708K (82%)
----------------- Invoking toplevel() on ptolemy.moml.MoMLSimpleApplication@2ec9cc67
----------------- Done invoking toplevel() on ptolemy.moml.MoMLSimpleApplication@2ec9cc67
reloadAllAccessors: .BooleanMultiplexor2

===========================================================================================
----------------- testing Mon Jun 11 03:43:17 UTC 2018 /home/travis/build/icyphy/ptII/ptolemy/actor/lib/test/auto/BooleanMultiplexor3.xml
----------------- Instantiating /home/travis/build/icyphy/ptII/ptolemy/actor/lib/test/auto/BooleanMultiplexor3.xml
2 ms. Memory: 879104K Free: 705143K (80%)
----------------- Invoking toplevel() on ptolemy.moml.MoMLSimpleApplication@76d8b5df
----------------- Done invoking toplevel() on ptolemy.moml.MoMLSimpleApplication@76d8b5df
reloadAllAccessors: .BooleanMultiplexor3

===========================================================================================
----------------- testing Mon Jun 11 03:43:17 UTC 2018 /home/travis/build/icyphy/ptII/ptolemy/actor/lib/test/auto/BooleanSelect.xml
----------------- Instantiating /home/travis/build/icyphy/ptII/ptolemy/actor/lib/test/auto/BooleanSelect.xml
3 ms. Memory: 879104K Free: 689578K (78%)
----------------- Invoking toplevel() on ptolemy.moml.MoMLSimpleApplication@6e249ba5
----------------- Done invoking toplevel() on ptolemy.moml.MoMLSimpleApplication@6e249ba5
reloadAllAccessors: .BooleanSelect

===========================================================================================
----------------- testing Mon Jun 11 03:43:17 UTC 2018 /home/travis/build/icyphy/ptII/ptolemy/actor/lib/test/auto/BooleanSelect2.xml
----------------- Instantiating /home/travis/build/icyphy/ptII/ptolemy/actor/lib/test/auto/BooleanSelect2.xml
1 ms. Memory: 879104K Free: 674013K (77%)
----------------- Invoking toplevel() on ptolemy.moml.MoMLSimpleApplication@12a26e84
----------------- Done invoking toplevel() on ptolemy.moml.MoMLSimpleApplication@12a26e84
reloadAllAccessors: .BooleanSelect2

===========================================================================================
----------------- testing Mon Jun 11 03:43:17 UTC 2018 /home/travis/build/icyphy/ptII/ptolemy/actor/lib/test/auto/BooleanSwitch.xml
----------------- Instantiating /home/travis/build/icyphy/ptII/ptolemy/actor/lib/test/auto/BooleanSwitch.xml
2 ms. Memory: 879104K Free: 648778K (74%)
----------------- Invoking toplevel() on ptolemy.moml.MoMLSimpleApplication@42523def
----------------- Done invoking toplevel() on ptolemy.moml.MoMLSimpleApplication@42523def
reloadAllAccessors: .BooleanSwitch

===========================================================================================
----------------- testing Mon Jun 11 03:43:17 UTC 2018 /home/travis/build/icyphy/ptII/ptolemy/actor/lib/test/auto/BooleanSwitch2.xml
----------------- Instantiating /home/travis/build/icyphy/ptII/ptolemy/actor/lib/test/auto/BooleanSwitch2.xml
2 ms. Memory: 879104K Free: 633214K (72%)
----------------- Invoking toplevel() on ptolemy.moml.MoMLSimpleApplication@514bbc8e
----------------- Done invoking toplevel() on ptolemy.moml.MoMLSimpleApplication@514bbc8e
reloadAllAccessors: .BooleanSwitch2

===========================================================================================
----------------- testing Mon Jun 11 03:43:17 UTC 2018 /home/travis/build/icyphy/ptII/ptolemy/actor/lib/test/auto/BooleanSwitchCloningBugWithClassRelationGroup.xml
----------------- Instantiating /home/travis/build/icyphy/ptII/ptolemy/actor/lib/test/auto/BooleanSwitchCloningBugWithClassRelationGroup.xml
2 ms. Memory: 879104K Free: 617649K (70%)
----------------- Invoking toplevel() on ptolemy.moml.MoMLSimpleApplication@6a5e621b
----------------- Done invoking toplevel() on ptolemy.moml.MoMLSimpleApplication@6a5e621b
reloadAllAccessors: .BooleanSwitchCloningBugWithClassRelationGroup

===========================================================================================
----------------- testing Mon Jun 11 03:43:17 UTC 2018 /home/travis/build/icyphy/ptII/ptolemy/actor/lib/test/auto/BusActors.xml
----------------- Instantiating /home/travis/build/icyphy/ptII/ptolemy/actor/lib/test/auto/BusActors.xml
3 ms. Memory: 879104K Free: 602084K (68%)
----------------- Invoking toplevel() on ptolemy.moml.MoMLSimpleApplication@416e85cf
----------------- Done invoking toplevel() on ptolemy.moml.MoMLSimpleApplication@416e85cf
reloadAllAccessors: .BusActors

===========================================================================================
----------------- testing Mon Jun 11 03:43:17 UTC 2018 /home/travis/build/icyphy/ptII/ptolemy/actor/lib/test/auto/ClassWrapper.xml
----------------- Instantiating /home/travis/build/icyphy/ptII/ptolemy/actor/lib/test/auto/ClassWrapper.xml
2 ms. Memory: 879104K Free: 586519K (67%)
----------------- Invoking toplevel() on ptolemy.moml.MoMLSimpleApplication@fd83e08
----------------- Done invoking toplevel() on ptolemy.moml.MoMLSimpleApplication@fd83e08
reloadAllAccessors: .ClassWrapper

===========================================================================================
----------------- testing Mon Jun 11 03:43:17 UTC 2018 /home/travis/build/icyphy/ptII/ptolemy/actor/lib/test/auto/Clock.xml
----------------- Instantiating /home/travis/build/icyphy/ptII/ptolemy/actor/lib/test/auto/Clock.xml
1 ms. Memory: 879104K Free: 561285K (64%)
----------------- Invoking toplevel() on ptolemy.moml.MoMLSimpleApplication@5db89988
----------------- Done invoking toplevel() on ptolemy.moml.MoMLSimpleApplication@5db89988
reloadAllAccessors: .Clock

===========================================================================================
----------------- testing Mon Jun 11 03:43:17 UTC 2018 /home/travis/build/icyphy/ptII/ptolemy/actor/lib/test/auto/Clock10.xml
----------------- Instantiating /home/travis/build/icyphy/ptII/ptolemy/actor/lib/test/auto/Clock10.xml
2 ms. Memory: 879104K Free: 545720K (62%)
----------------- Invoking toplevel() on ptolemy.moml.MoMLSimpleApplication@3774f0dd
----------------- Done invoking toplevel() on ptolemy.moml.MoMLSimpleApplication@3774f0dd
reloadAllAccessors: .Clock10

===========================================================================================
----------------- testing Mon Jun 11 03:43:17 UTC 2018 /home/travis/build/icyphy/ptII/ptolemy/actor/lib/test/auto/Clock11.xml
----------------- Instantiating /home/travis/build/icyphy/ptII/ptolemy/actor/lib/test/auto/Clock11.xml
2 ms. Memory: 879104K Free: 530155K (60%)
----------------- Invoking toplevel() on ptolemy.moml.MoMLSimpleApplication@7515bbe8
----------------- Done invoking toplevel() on ptolemy.moml.MoMLSimpleApplication@7515bbe8
reloadAllAccessors: .Clock11

===========================================================================================
----------------- testing Mon Jun 11 03:43:17 UTC 2018 /home/travis/build/icyphy/ptII/ptolemy/actor/lib/test/auto/Clock12.xml
----------------- Instantiating /home/travis/build/icyphy/ptII/ptolemy/actor/lib/test/auto/Clock12.xml
6 ms. Memory: 879104K Free: 514590K (59%)
----------------- Invoking toplevel() on ptolemy.moml.MoMLSimpleApplication@5e7b59d2
----------------- Done invoking toplevel() on ptolemy.moml.MoMLSimpleApplication@5e7b59d2
reloadAllAccessors: .Clock12

===========================================================================================
----------------- testing Mon Jun 11 03:43:17 UTC 2018 /home/travis/build/icyphy/ptII/ptolemy/actor/lib/test/auto/Clock13.xml
----------------- Instantiating /home/travis/build/icyphy/ptII/ptolemy/actor/lib/test/auto/Clock13.xml
2 ms. Memory: 879104K Free: 489355K (56%)
----------------- Invoking toplevel() on ptolemy.moml.MoMLSimpleApplication@5bb5a422
----------------- Done invoking toplevel() on ptolemy.moml.MoMLSimpleApplication@5bb5a422
reloadAllAccessors: .Clock13

===========================================================================================
----------------- testing Mon Jun 11 03:43:17 UTC 2018 /home/travis/build/icyphy/ptII/ptolemy/actor/lib/test/auto/Clock14.xml
----------------- Instantiating /home/travis/build/icyphy/ptII/ptolemy/actor/lib/test/auto/Clock14.xml
6 ms. Memory: 879104K Free: 473790K (54%)
----------------- Invoking toplevel() on ptolemy.moml.MoMLSimpleApplication@7e30537f
----------------- Done invoking toplevel() on ptolemy.moml.MoMLSimpleApplication@7e30537f
reloadAllAccessors: .Clock14

===========================================================================================
----------------- testing Mon Jun 11 03:43:17 UTC 2018 /home/travis/build/icyphy/ptII/ptolemy/actor/lib/test/auto/Clock15.xml
----------------- Instantiating /home/travis/build/icyphy/ptII/ptolemy/actor/lib/test/auto/Clock15.xml
8 ms. Memory: 879104K Free: 458226K (52%)
----------------- Invoking toplevel() on ptolemy.moml.MoMLSimpleApplication@59ce95c7
----------------- Done invoking toplevel() on ptolemy.moml.MoMLSimpleApplication@59ce95c7
reloadAllAccessors: .Clock15

===========================================================================================
----------------- testing Mon Jun 11 03:43:17 UTC 2018 /home/travis/build/icyphy/ptII/ptolemy/actor/lib/test/auto/Clock16.xml
----------------- Instantiating /home/travis/build/icyphy/ptII/ptolemy/actor/lib/test/auto/Clock16.xml
16 ms. Memory: 879104K Free: 434862K (49%)
----------------- Invoking toplevel() on ptolemy.moml.MoMLSimpleApplication@38d9c4ac
----------------- Done invoking toplevel() on ptolemy.moml.MoMLSimpleApplication@38d9c4ac
reloadAllAccessors: .Clock16

===========================================================================================
----------------- testing Mon Jun 11 03:43:18 UTC 2018 /home/travis/build/icyphy/ptII/ptolemy/actor/lib/test/auto/Clock17.xml
----------------- Instantiating /home/travis/build/icyphy/ptII/ptolemy/actor/lib/test/auto/Clock17.xml
14 ms. Memory: 879104K Free: 401837K (46%)
----------------- Invoking toplevel() on ptolemy.moml.MoMLSimpleApplication@4c35382f
----------------- Done invoking toplevel() on ptolemy.moml.MoMLSimpleApplication@4c35382f
reloadAllAccessors: .Clock17

===========================================================================================
----------------- testing Mon Jun 11 03:43:18 UTC 2018 /home/travis/build/icyphy/ptII/ptolemy/actor/lib/test/auto/Clock18.xml
----------------- Instantiating /home/travis/build/icyphy/ptII/ptolemy/actor/lib/test/auto/Clock18.xml
13 ms. Memory: 879104K Free: 378474K (43%)
----------------- Invoking toplevel() on ptolemy.moml.MoMLSimpleApplication@b131f0d
----------------- Done invoking toplevel() on ptolemy.moml.MoMLSimpleApplication@b131f0d
reloadAllAccessors: .Clock18

===========================================================================================
----------------- testing Mon Jun 11 03:43:18 UTC 2018 /home/travis/build/icyphy/ptII/ptolemy/actor/lib/test/auto/Clock19.xml
----------------- Instantiating /home/travis/build/icyphy/ptII/ptolemy/actor/lib/test/auto/Clock19.xml
12 ms. Memory: 879104K Free: 355111K (40%)
----------------- Invoking toplevel() on ptolemy.moml.MoMLSimpleApplication@2fb4037e
----------------- Done invoking toplevel() on ptolemy.moml.MoMLSimpleApplication@2fb4037e
reloadAllAccessors: .Clock19

===========================================================================================
----------------- testing Mon Jun 11 03:43:18 UTC 2018 /home/travis/build/icyphy/ptII/ptolemy/actor/lib/test/auto/Clock2.xml
----------------- Instantiating /home/travis/build/icyphy/ptII/ptolemy/actor/lib/test/auto/Clock2.xml
6 ms. Memory: 879104K Free: 339546K (39%)
----------------- Invoking toplevel() on ptolemy.moml.MoMLSimpleApplication@5d4bc219
----------------- Done invoking toplevel() on ptolemy.moml.MoMLSimpleApplication@5d4bc219
reloadAllAccessors: .Clock2

===========================================================================================
----------------- testing Mon Jun 11 03:43:18 UTC 2018 /home/travis/build/icyphy/ptII/ptolemy/actor/lib/test/auto/Clock20.xml
----------------- Instantiating /home/travis/build/icyphy/ptII/ptolemy/actor/lib/test/auto/Clock20.xml
8 ms. Memory: 879104K Free: 314311K (36%)
----------------- Invoking toplevel() on ptolemy.moml.MoMLSimpleApplication@676241a0
----------------- Done invoking toplevel() on ptolemy.moml.MoMLSimpleApplication@676241a0
reloadAllAccessors: .Clock20

===========================================================================================
----------------- testing Mon Jun 11 03:43:18 UTC 2018 /home/travis/build/icyphy/ptII/ptolemy/actor/lib/test/auto/Clock21.xml
----------------- Instantiating /home/travis/build/icyphy/ptII/ptolemy/actor/lib/test/auto/Clock21.xml
7 ms. Memory: 879104K Free: 298746K (34%)
----------------- Invoking toplevel() on ptolemy.moml.MoMLSimpleApplication@6af81609
----------------- Done invoking toplevel() on ptolemy.moml.MoMLSimpleApplication@6af81609
reloadAllAccessors: .Clock21

===========================================================================================
----------------- testing Mon Jun 11 03:43:18 UTC 2018 /home/travis/build/icyphy/ptII/ptolemy/actor/lib/test/auto/Clock22.xml
----------------- Instantiating /home/travis/build/icyphy/ptII/ptolemy/actor/lib/test/auto/Clock22.xml
6 ms. Memory: 879104K Free: 283182K (32%)
----------------- Invoking toplevel() on ptolemy.moml.MoMLSimpleApplication@34db54b4
----------------- Done invoking toplevel() on ptolemy.moml.MoMLSimpleApplication@34db54b4
reloadAllAccessors: .Clock22

===========================================================================================
----------------- testing Mon Jun 11 03:43:18 UTC 2018 /home/travis/build/icyphy/ptII/ptolemy/actor/lib/test/auto/Clock23.xml
----------------- Instantiating /home/travis/build/icyphy/ptII/ptolemy/actor/lib/test/auto/Clock23.xml
7 ms. Memory: 879104K Free: 267617K (30%)
----------------- Invoking toplevel() on ptolemy.moml.MoMLSimpleApplication@a58ef69
----------------- Done invoking toplevel() on ptolemy.moml.MoMLSimpleApplication@a58ef69
reloadAllAccessors: .Clock23

===========================================================================================
----------------- testing Mon Jun 11 03:43:18 UTC 2018 /home/travis/build/icyphy/ptII/ptolemy/actor/lib/test/auto/Clock24.xml
----------------- Instantiating /home/travis/build/icyphy/ptII/ptolemy/actor/lib/test/auto/Clock24.xml
7 ms. Memory: 879104K Free: 252052K (29%)
----------------- Invoking toplevel() on ptolemy.moml.MoMLSimpleApplication@f74ad60
----------------- Done invoking toplevel() on ptolemy.moml.MoMLSimpleApplication@f74ad60
reloadAllAccessors: .Clock24

===========================================================================================
----------------- testing Mon Jun 11 03:43:18 UTC 2018 /home/travis/build/icyphy/ptII/ptolemy/actor/lib/test/auto/Clock4.xml
----------------- Instantiating /home/travis/build/icyphy/ptII/ptolemy/actor/lib/test/auto/Clock4.xml
3 ms. Memory: 879104K Free: 226817K (26%)
----------------- Invoking toplevel() on ptolemy.moml.MoMLSimpleApplication@728ccb10
----------------- Done invoking toplevel() on ptolemy.moml.MoMLSimpleApplication@728ccb10
reloadAllAccessors: .Clock4

===========================================================================================
----------------- testing Mon Jun 11 03:43:18 UTC 2018 /home/travis/build/icyphy/ptII/ptolemy/actor/lib/test/auto/Clock5.xml
----------------- Instantiating /home/travis/build/icyphy/ptII/ptolemy/actor/lib/test/auto/Clock5.xml
2 ms. Memory: 879104K Free: 211252K (24%)
----------------- Invoking toplevel() on ptolemy.moml.MoMLSimpleApplication@73c83310
----------------- Done invoking toplevel() on ptolemy.moml.MoMLSimpleApplication@73c83310
reloadAllAccessors: .Clock5

===========================================================================================
----------------- testing Mon Jun 11 03:43:18 UTC 2018 /home/travis/build/icyphy/ptII/ptolemy/actor/lib/test/auto/Clock6.xml
----------------- Instantiating /home/travis/build/icyphy/ptII/ptolemy/actor/lib/test/auto/Clock6.xml
2 ms. Memory: 879104K Free: 195688K (22%)
----------------- Invoking toplevel() on ptolemy.moml.MoMLSimpleApplication@1711b8f3
----------------- Done invoking toplevel() on ptolemy.moml.MoMLSimpleApplication@1711b8f3
reloadAllAccessors: .Clock6

===========================================================================================
----------------- testing Mon Jun 11 03:43:18 UTC 2018 /home/travis/build/icyphy/ptII/ptolemy/actor/lib/test/auto/Clock7.xml
----------------- Instantiating /home/travis/build/icyphy/ptII/ptolemy/actor/lib/test/auto/Clock7.xml
1 ms. Memory: 879104K Free: 180123K (20%)
----------------- Invoking toplevel() on ptolemy.moml.MoMLSimpleApplication@197dde64
----------------- Done invoking toplevel() on ptolemy.moml.MoMLSimpleApplication@197dde64
reloadAllAccessors: .Clock7

===========================================================================================
----------------- testing Mon Jun 11 03:43:18 UTC 2018 /home/travis/build/icyphy/ptII/ptolemy/actor/lib/test/auto/Clock8.xml
----------------- Instantiating /home/travis/build/icyphy/ptII/ptolemy/actor/lib/test/auto/Clock8.xml
7 ms. Memory: 879104K Free: 154888K (18%)
----------------- Invoking toplevel() on ptolemy.moml.MoMLSimpleApplication@35ebc28e
----------------- Done invoking toplevel() on ptolemy.moml.MoMLSimpleApplication@35ebc28e
reloadAllAccessors: .Clock8

===========================================================================================
----------------- testing Mon Jun 11 03:43:18 UTC 2018 /home/travis/build/icyphy/ptII/ptolemy/actor/lib/test/auto/Clock9.xml
----------------- Instantiating /home/travis/build/icyphy/ptII/ptolemy/actor/lib/test/auto/Clock9.xml
8 ms. Memory: 879104K Free: 139323K (16%)
----------------- Invoking toplevel() on ptolemy.moml.MoMLSimpleApplication@f127a64
----------------- Done invoking toplevel() on ptolemy.moml.MoMLSimpleApplication@f127a64
reloadAllAccessors: .Clock9

===========================================================================================
----------------- testing Mon Jun 11 03:43:18 UTC 2018 /home/travis/build/icyphy/ptII/ptolemy/actor/lib/test/auto/CommDistDiscard.xml
----------------- Instantiating /home/travis/build/icyphy/ptII/ptolemy/actor/lib/test/auto/CommDistDiscard.xml
4 ms. Memory: 879104K Free: 123758K (14%)
----------------- Invoking toplevel() on ptolemy.moml.MoMLSimpleApplication@5b92b36f
----------------- Done invoking toplevel() on ptolemy.moml.MoMLSimpleApplication@5b92b36f
reloadAllAccessors: .CommDistDiscard

===========================================================================================
----------------- testing Mon Jun 11 03:43:18 UTC 2018 /home/travis/build/icyphy/ptII/ptolemy/actor/lib/test/auto/Commutator.xml
----------------- Instantiating /home/travis/build/icyphy/ptII/ptolemy/actor/lib/test/auto/Commutator.xml
4 ms. Memory: 879104K Free: 108194K (12%)
----------------- Invoking toplevel() on ptolemy.moml.MoMLSimpleApplication@67b91b7d
----------------- Done invoking toplevel() on ptolemy.moml.MoMLSimpleApplication@67b91b7d
reloadAllAccessors: .Commutator

===========================================================================================
----------------- testing Mon Jun 11 03:43:18 UTC 2018 /home/travis/build/icyphy/ptII/ptolemy/actor/lib/test/auto/Commutator2.xml
----------------- Instantiating /home/travis/build/icyphy/ptII/ptolemy/actor/lib/test/auto/Commutator2.xml
2 ms. Memory: 879104K Free: 82959K (9%)
----------------- Invoking toplevel() on ptolemy.moml.MoMLSimpleApplication@67cc49fe
----------------- Done invoking toplevel() on ptolemy.moml.MoMLSimpleApplication@67cc49fe
reloadAllAccessors: .Commutator2

===========================================================================================
----------------- testing Mon Jun 11 03:43:18 UTC 2018 /home/travis/build/icyphy/ptII/ptolemy/actor/lib/test/auto/Commutator3.xml
----------------- Instantiating /home/travis/build/icyphy/ptII/ptolemy/actor/lib/test/auto/Commutator3.xml
2 ms. Memory: 879104K Free: 67394K (8%)
----------------- Invoking toplevel() on ptolemy.moml.MoMLSimpleApplication@1a3a438b
----------------- Done invoking toplevel() on ptolemy.moml.MoMLSimpleApplication@1a3a438b
reloadAllAccessors: .Commutator3

===========================================================================================
----------------- testing Mon Jun 11 03:43:18 UTC 2018 /home/travis/build/icyphy/ptII/ptolemy/actor/lib/test/auto/Compare.xml
----------------- Instantiating /home/travis/build/icyphy/ptII/ptolemy/actor/lib/test/auto/Compare.xml
27 ms. Memory: 880128K Free: 835502K (95%)
----------------- Invoking toplevel() on ptolemy.moml.MoMLSimpleApplication@6648d173
----------------- Done invoking toplevel() on ptolemy.moml.MoMLSimpleApplication@6648d173
reloadAllAccessors: .Compare

===========================================================================================
----------------- testing Mon Jun 11 03:43:18 UTC 2018 /home/travis/build/icyphy/ptII/ptolemy/actor/lib/test/auto/CompareDE.xml
----------------- Instantiating /home/travis/build/icyphy/ptII/ptolemy/actor/lib/test/auto/CompareDE.xml
3 ms. Memory: 880128K Free: 814325K (93%)
----------------- Invoking toplevel() on ptolemy.moml.MoMLSimpleApplication@46ba070
----------------- Done invoking toplevel() on ptolemy.moml.MoMLSimpleApplication@46ba070
reloadAllAccessors: .CompareDE

===========================================================================================
----------------- testing Mon Jun 11 03:43:18 UTC 2018 /home/travis/build/icyphy/ptII/ptolemy/actor/lib/test/auto/ComplexDivide.xml
----------------- Instantiating /home/travis/build/icyphy/ptII/ptolemy/actor/lib/test/auto/ComplexDivide.xml
1 ms. Memory: 880128K Free: 803949K (91%)
----------------- Invoking toplevel() on ptolemy.moml.MoMLSimpleApplication@2b3f59b4
----------------- Done invoking toplevel() on ptolemy.moml.MoMLSimpleApplication@2b3f59b4
reloadAllAccessors: .ComplexDivide

===========================================================================================
----------------- testing Mon Jun 11 03:43:18 UTC 2018 /home/travis/build/icyphy/ptII/ptolemy/actor/lib/test/auto/ComputeHistogram.xml
----------------- Instantiating /home/travis/build/icyphy/ptII/ptolemy/actor/lib/test/auto/ComputeHistogram.xml
33 ms. Memory: 880128K Free: 788222K (90%)
----------------- Invoking toplevel() on ptolemy.moml.MoMLSimpleApplication@32aaa3e8
----------------- Done invoking toplevel() on ptolemy.moml.MoMLSimpleApplication@32aaa3e8
reloadAllAccessors: .ComputeHistogram

===========================================================================================
----------------- testing Mon Jun 11 03:43:18 UTC 2018 /home/travis/build/icyphy/ptII/ptolemy/actor/lib/test/auto/ConfigurationSelect.xml
----------------- Instantiating /home/travis/build/icyphy/ptII/ptolemy/actor/lib/test/auto/ConfigurationSelect.xml
7 ms. Memory: 880128K Free: 770937K (88%)
----------------- Invoking toplevel() on ptolemy.moml.MoMLSimpleApplication@5996f5c4
----------------- Done invoking toplevel() on ptolemy.moml.MoMLSimpleApplication@5996f5c4
reloadAllAccessors: .ConfigurationSelect

===========================================================================================
----------------- testing Mon Jun 11 03:43:18 UTC 2018 /home/travis/build/icyphy/ptII/ptolemy/actor/lib/test/auto/ConfigurationSelect2.xml
----------------- Instantiating /home/travis/build/icyphy/ptII/ptolemy/actor/lib/test/auto/ConfigurationSelect2.xml
1 ms. Memory: 880128K Free: 760560K (86%)
----------------- Invoking toplevel() on ptolemy.moml.MoMLSimpleApplication@6354310d
----------------- Done invoking toplevel() on ptolemy.moml.MoMLSimpleApplication@6354310d
reloadAllAccessors: .ConfigurationSelect2

===========================================================================================
----------------- testing Mon Jun 11 03:43:18 UTC 2018 /home/travis/build/icyphy/ptII/ptolemy/actor/lib/test/auto/ConfigurationSwitch.xml
----------------- Instantiating /home/travis/build/icyphy/ptII/ptolemy/actor/lib/test/auto/ConfigurationSwitch.xml
2 ms. Memory: 880128K Free: 750184K (85%)
----------------- Invoking toplevel() on ptolemy.moml.MoMLSimpleApplication@6e51b121
----------------- Done invoking toplevel() on ptolemy.moml.MoMLSimpleApplication@6e51b121
reloadAllAccessors: .ConfigurationSwitch

===========================================================================================
----------------- testing Mon Jun 11 03:43:18 UTC 2018 /home/travis/build/icyphy/ptII/ptolemy/actor/lib/test/auto/ConfigurationSwitch2.xml
----------------- Instantiating /home/travis/build/icyphy/ptII/ptolemy/actor/lib/test/auto/ConfigurationSwitch2.xml
2 ms. Memory: 880128K Free: 732898K (83%)
----------------- Invoking toplevel() on ptolemy.moml.MoMLSimpleApplication@4662c59b
----------------- Done invoking toplevel() on ptolemy.moml.MoMLSimpleApplication@4662c59b
reloadAllAccessors: .ConfigurationSwitch2

===========================================================================================
----------------- testing Mon Jun 11 03:43:18 UTC 2018 /home/travis/build/icyphy/ptII/ptolemy/actor/lib/test/auto/ConfigurationSwitchCloningBugWithClassRelationGroup.xml
----------------- Instantiating /home/travis/build/icyphy/ptII/ptolemy/actor/lib/test/auto/ConfigurationSwitchCloningBugWithClassRelationGroup.xml
1 ms. Memory: 880128K Free: 717317K (82%)
----------------- Invoking toplevel() on ptolemy.moml.MoMLSimpleApplication@1c469a69
----------------- Done invoking toplevel() on ptolemy.moml.MoMLSimpleApplication@1c469a69
reloadAllAccessors: .ConfigurationSwitchCloningBugWithClassRelationGroup

===========================================================================================
----------------- testing Mon Jun 11 03:43:18 UTC 2018 /home/travis/build/icyphy/ptII/ptolemy/actor/lib/test/auto/ConfigurationSwitchSelectSDF.xml
----------------- Instantiating /home/travis/build/icyphy/ptII/ptolemy/actor/lib/test/auto/ConfigurationSwitchSelectSDF.xml
3 ms. Memory: 880128K Free: 706941K (80%)
----------------- Invoking toplevel() on ptolemy.moml.MoMLSimpleApplication@633ef5a7
----------------- Done invoking toplevel() on ptolemy.moml.MoMLSimpleApplication@633ef5a7
reloadAllAccessors: .ConfigurationSwitchSelectSDF

===========================================================================================
----------------- testing Mon Jun 11 03:43:18 UTC 2018 /home/travis/build/icyphy/ptII/ptolemy/actor/lib/test/auto/ConfigurationSwitchSelectSDF2.xml
----------------- Instantiating /home/travis/build/icyphy/ptII/ptolemy/actor/lib/test/auto/ConfigurationSwitchSelectSDF2.xml
2 ms. Memory: 880128K Free: 689655K (78%)
----------------- Invoking toplevel() on ptolemy.moml.MoMLSimpleApplication@7fe68dc2
----------------- Done invoking toplevel() on ptolemy.moml.MoMLSimpleApplication@7fe68dc2
reloadAllAccessors: .ConfigurationSwitchSelectSDF2

===========================================================================================
----------------- testing Mon Jun 11 03:43:18 UTC 2018 /home/travis/build/icyphy/ptII/ptolemy/actor/lib/test/auto/Const.xml
----------------- Instantiating /home/travis/build/icyphy/ptII/ptolemy/actor/lib/test/auto/Const.xml
1 ms. Memory: 880128K Free: 679279K (77%)
----------------- Invoking toplevel() on ptolemy.moml.MoMLSimpleApplication@17c1cbf7
----------------- Done invoking toplevel() on ptolemy.moml.MoMLSimpleApplication@17c1cbf7
reloadAllAccessors: .Const

===========================================================================================
----------------- testing Mon Jun 11 03:43:18 UTC 2018 /home/travis/build/icyphy/ptII/ptolemy/actor/lib/test/auto/Const2.xml
----------------- Instantiating /home/travis/build/icyphy/ptII/ptolemy/actor/lib/test/auto/Const2.xml
1 ms. Memory: 880128K Free: 668902K (76%)
----------------- Invoking toplevel() on ptolemy.moml.MoMLSimpleApplication@15d102b9
----------------- Done invoking toplevel() on ptolemy.moml.MoMLSimpleApplication@15d102b9
reloadAllAccessors: .Const2

===========================================================================================
----------------- testing Mon Jun 11 03:43:18 UTC 2018 /home/travis/build/icyphy/ptII/ptolemy/actor/lib/test/auto/Const3.xml
----------------- Instantiating /home/travis/build/icyphy/ptII/ptolemy/actor/lib/test/auto/Const3.xml
1 ms. Memory: 880128K Free: 651616K (74%)
----------------- Invoking toplevel() on ptolemy.moml.MoMLSimpleApplication@43647689
----------------- Done invoking toplevel() on ptolemy.moml.MoMLSimpleApplication@43647689
reloadAllAccessors: .Const3

===========================================================================================
----------------- testing Mon Jun 11 03:43:18 UTC 2018 /home/travis/build/icyphy/ptII/ptolemy/actor/lib/test/auto/ConstantPublisherPort1.xml
----------------- Instantiating /home/travis/build/icyphy/ptII/ptolemy/actor/lib/test/auto/ConstantPublisherPort1.xml
4 ms. Memory: 880128K Free: 636052K (72%)
----------------- Invoking toplevel() on ptolemy.moml.MoMLSimpleApplication@376e05ac
----------------- Done invoking toplevel() on ptolemy.moml.MoMLSimpleApplication@376e05ac
reloadAllAccessors: .ConstantPublisherPort1

===========================================================================================
----------------- testing Mon Jun 11 03:43:18 UTC 2018 /home/travis/build/icyphy/ptII/ptolemy/actor/lib/test/auto/ConstantPublisherPort2.xml
----------------- Instantiating /home/travis/build/icyphy/ptII/ptolemy/actor/lib/test/auto/ConstantPublisherPort2.xml
4 ms. Memory: 880128K Free: 620471K (70%)
----------------- Invoking toplevel() on ptolemy.moml.MoMLSimpleApplication@145920e3
----------------- Done invoking toplevel() on ptolemy.moml.MoMLSimpleApplication@145920e3
reloadAllAccessors: .ConstantPublisherPort2

===========================================================================================
----------------- testing Mon Jun 11 03:43:18 UTC 2018 /home/travis/build/icyphy/ptII/ptolemy/actor/lib/test/auto/ConstantPublisherPort3.xml
----------------- Instantiating /home/travis/build/icyphy/ptII/ptolemy/actor/lib/test/auto/ConstantPublisherPort3.xml
4 ms. Memory: 880128K Free: 597981K (68%)
----------------- Invoking toplevel() on ptolemy.moml.MoMLSimpleApplication@6ba8b02f
----------------- Done invoking toplevel() on ptolemy.moml.MoMLSimpleApplication@6ba8b02f
reloadAllAccessors: .ConstantPublisherPort3

===========================================================================================
----------------- testing Mon Jun 11 03:43:18 UTC 2018 /home/travis/build/icyphy/ptII/ptolemy/actor/lib/test/auto/ConstantPublisherPort4.xml
----------------- Instantiating /home/travis/build/icyphy/ptII/ptolemy/actor/lib/test/auto/ConstantPublisherPort4.xml
2 ms. Memory: 880128K Free: 587604K (67%)
----------------- Invoking toplevel() on ptolemy.moml.MoMLSimpleApplication@7e702eed
----------------- Done invoking toplevel() on ptolemy.moml.MoMLSimpleApplication@7e702eed
reloadAllAccessors: .ConstantPublisherPort4

===========================================================================================
----------------- testing Mon Jun 11 03:43:18 UTC 2018 /home/travis/build/icyphy/ptII/ptolemy/actor/lib/test/auto/ConstantPublisherPort5.xml
----------------- Instantiating /home/travis/build/icyphy/ptII/ptolemy/actor/lib/test/auto/ConstantPublisherPort5.xml
13 ms. Memory: 880128K Free: 561647K (64%)
----------------- Invoking toplevel() on ptolemy.moml.MoMLSimpleApplication@7495db70
----------------- Done invoking toplevel() on ptolemy.moml.MoMLSimpleApplication@7495db70
reloadAllAccessors: .ConstantPublisherPort5

===========================================================================================
----------------- testing Mon Jun 11 03:43:18 UTC 2018 /home/travis/build/icyphy/ptII/ptolemy/actor/lib/test/auto/ConstantPublisherPort6.xml
----------------- Instantiating /home/travis/build/icyphy/ptII/ptolemy/actor/lib/test/auto/ConstantPublisherPort6.xml
16 ms. Memory: 880128K Free: 528796K (60%)
----------------- Invoking toplevel() on ptolemy.moml.MoMLSimpleApplication@737d02b1
----------------- Done invoking toplevel() on ptolemy.moml.MoMLSimpleApplication@737d02b1
reloadAllAccessors: .ConstantPublisherPort6

===========================================================================================
----------------- testing Mon Jun 11 03:43:18 UTC 2018 /home/travis/build/icyphy/ptII/ptolemy/actor/lib/test/auto/ConstantPublisherPort7.xml
----------------- Instantiating /home/travis/build/icyphy/ptII/ptolemy/actor/lib/test/auto/ConstantPublisherPort7.xml
13 ms. Memory: 880128K Free: 502855K (57%)
----------------- Invoking toplevel() on ptolemy.moml.MoMLSimpleApplication@5cc9566d
----------------- Done invoking toplevel() on ptolemy.moml.MoMLSimpleApplication@5cc9566d
reloadAllAccessors: .ConstantPublisherPort7

===========================================================================================
----------------- testing Mon Jun 11 03:43:19 UTC 2018 /home/travis/build/icyphy/ptII/ptolemy/actor/lib/test/auto/ConstraintMonitor1.xml
----------------- Instantiating /home/travis/build/icyphy/ptII/ptolemy/actor/lib/test/auto/ConstraintMonitor1.xml
4 ms. Memory: 880128K Free: 492478K (56%)
----------------- Invoking toplevel() on ptolemy.moml.MoMLSimpleApplication@7d8145d7
----------------- Done invoking toplevel() on ptolemy.moml.MoMLSimpleApplication@7d8145d7
reloadAllAccessors: .ConstraintMonitor1

===========================================================================================
----------------- testing Mon Jun 11 03:43:19 UTC 2018 /home/travis/build/icyphy/ptII/ptolemy/actor/lib/test/auto/ConstraintMonitor2.xml
----------------- Instantiating /home/travis/build/icyphy/ptII/ptolemy/actor/lib/test/auto/ConstraintMonitor2.xml
1 ms. Memory: 880128K Free: 475192K (54%)
----------------- Invoking toplevel() on ptolemy.moml.MoMLSimpleApplication@2f484d84
----------------- Done invoking toplevel() on ptolemy.moml.MoMLSimpleApplication@2f484d84
reloadAllAccessors: .ConstraintMonitor2

===========================================================================================
----------------- testing Mon Jun 11 03:43:19 UTC 2018 /home/travis/build/icyphy/ptII/ptolemy/actor/lib/test/auto/ConstraintMonitor3.xml
----------------- Instantiating /home/travis/build/icyphy/ptII/ptolemy/actor/lib/test/auto/ConstraintMonitor3.xml
1 ms. Memory: 880128K Free: 464816K (53%)
----------------- Invoking toplevel() on ptolemy.moml.MoMLSimpleApplication@52bb4059
----------------- Done invoking toplevel() on ptolemy.moml.MoMLSimpleApplication@52bb4059
reloadAllAccessors: .ConstraintMonitor3

===========================================================================================
----------------- testing Mon Jun 11 03:43:19 UTC 2018 /home/travis/build/icyphy/ptII/ptolemy/actor/lib/test/auto/ConstraintMonitor4.xml
----------------- Instantiating /home/travis/build/icyphy/ptII/ptolemy/actor/lib/test/auto/ConstraintMonitor4.xml
1 ms. Memory: 880128K Free: 454439K (52%)
----------------- Invoking toplevel() on ptolemy.moml.MoMLSimpleApplication@7c4fecf4
----------------- Done invoking toplevel() on ptolemy.moml.MoMLSimpleApplication@7c4fecf4
reloadAllAccessors: .ConstraintMonitor4

===========================================================================================
----------------- testing Mon Jun 11 03:43:19 UTC 2018 /home/travis/build/icyphy/ptII/ptolemy/actor/lib/test/auto/ConstraintMonitor5.xml
----------------- Instantiating /home/travis/build/icyphy/ptII/ptolemy/actor/lib/test/auto/ConstraintMonitor5.xml
6 ms. Memory: 880128K Free: 437153K (50%)
----------------- Invoking toplevel() on ptolemy.moml.MoMLSimpleApplication@6ddc1f6a
----------------- Done invoking toplevel() on ptolemy.moml.MoMLSimpleApplication@6ddc1f6a
reloadAllAccessors: .ConstraintMonitor5

===========================================================================================
----------------- testing Mon Jun 11 03:43:19 UTC 2018 /home/travis/build/icyphy/ptII/ptolemy/actor/lib/test/auto/ConstraintMonitor6.xml
----------------- Instantiating /home/travis/build/icyphy/ptII/ptolemy/actor/lib/test/auto/ConstraintMonitor6.xml
2 ms. Memory: 880128K Free: 426777K (48%)
----------------- Invoking toplevel() on ptolemy.moml.MoMLSimpleApplication@75ebea89
----------------- Done invoking toplevel() on ptolemy.moml.MoMLSimpleApplication@75ebea89
reloadAllAccessors: .ConstraintMonitor6

===========================================================================================
----------------- testing Mon Jun 11 03:43:19 UTC 2018 /home/travis/build/icyphy/ptII/ptolemy/actor/lib/test/auto/ConstraintMonitor7.xml
----------------- Instantiating /home/travis/build/icyphy/ptII/ptolemy/actor/lib/test/auto/ConstraintMonitor7.xml
7 ms. Memory: 880128K Free: 416400K (47%)
----------------- Invoking toplevel() on ptolemy.moml.MoMLSimpleApplication@655a079d
----------------- Done invoking toplevel() on ptolemy.moml.MoMLSimpleApplication@655a079d
reloadAllAccessors: .ConstraintMonitor7

===========================================================================================
----------------- testing Mon Jun 11 03:43:19 UTC 2018 /home/travis/build/icyphy/ptII/ptolemy/actor/lib/test/auto/ConstraintMonitor8.xml
----------------- Instantiating /home/travis/build/icyphy/ptII/ptolemy/actor/lib/test/auto/ConstraintMonitor8.xml
7 ms. Memory: 880128K Free: 399115K (45%)
----------------- Invoking toplevel() on ptolemy.moml.MoMLSimpleApplication@2cdd181e
----------------- Done invoking toplevel() on ptolemy.moml.MoMLSimpleApplication@2cdd181e
reloadAllAccessors: .ConstraintMonitor8

===========================================================================================
----------------- testing Mon Jun 11 03:43:19 UTC 2018 /home/travis/build/icyphy/ptII/ptolemy/actor/lib/test/auto/Counter.xml
----------------- Instantiating /home/travis/build/icyphy/ptII/ptolemy/actor/lib/test/auto/Counter.xml
2 ms. Memory: 880128K Free: 388738K (44%)
----------------- Invoking toplevel() on ptolemy.moml.MoMLSimpleApplication@75808c7b
----------------- Done invoking toplevel() on ptolemy.moml.MoMLSimpleApplication@75808c7b
reloadAllAccessors: .Counter

===========================================================================================
----------------- testing Mon Jun 11 03:43:19 UTC 2018 /home/travis/build/icyphy/ptII/ptolemy/actor/lib/test/auto/CurrentTimeSDF.xml
----------------- Instantiating /home/travis/build/icyphy/ptII/ptolemy/actor/lib/test/auto/CurrentTimeSDF.xml
1 ms. Memory: 880128K Free: 378362K (43%)
----------------- Invoking toplevel() on ptolemy.moml.MoMLSimpleApplication@e035712
----------------- Done invoking toplevel() on ptolemy.moml.MoMLSimpleApplication@e035712
reloadAllAccessors: .CurrentTimeSDF

===========================================================================================
----------------- testing Mon Jun 11 03:43:19 UTC 2018 /home/travis/build/icyphy/ptII/ptolemy/actor/lib/test/auto/DB.xml
----------------- Instantiating /home/travis/build/icyphy/ptII/ptolemy/actor/lib/test/auto/DB.xml
2 ms. Memory: 880128K Free: 361076K (41%)
----------------- Invoking toplevel() on ptolemy.moml.MoMLSimpleApplication@73f5223e
----------------- Done invoking toplevel() on ptolemy.moml.MoMLSimpleApplication@73f5223e
reloadAllAccessors: .DB

===========================================================================================
----------------- testing Mon Jun 11 03:43:19 UTC 2018 /home/travis/build/icyphy/ptII/ptolemy/actor/lib/test/auto/DBDE.xml
----------------- Instantiating /home/travis/build/icyphy/ptII/ptolemy/actor/lib/test/auto/DBDE.xml
2 ms. Memory: 880128K Free: 350700K (40%)
----------------- Invoking toplevel() on ptolemy.moml.MoMLSimpleApplication@738651df
----------------- Done invoking toplevel() on ptolemy.moml.MoMLSimpleApplication@738651df
reloadAllAccessors: .DBDE

===========================================================================================
----------------- testing Mon Jun 11 03:43:19 UTC 2018 /home/travis/build/icyphy/ptII/ptolemy/actor/lib/test/auto/DateConstructor.xml
----------------- Instantiating /home/travis/build/icyphy/ptII/ptolemy/actor/lib/test/auto/DateConstructor.xml
10 ms. Memory: 880128K Free: 329946K (37%)
----------------- Invoking toplevel() on ptolemy.moml.MoMLSimpleApplication@15a87759
----------------- Done invoking toplevel() on ptolemy.moml.MoMLSimpleApplication@15a87759
reloadAllAccessors: .DateConstructor

===========================================================================================
----------------- testing Mon Jun 11 03:43:19 UTC 2018 /home/travis/build/icyphy/ptII/ptolemy/actor/lib/test/auto/DelayTime.xml
----------------- Instantiating /home/travis/build/icyphy/ptII/ptolemy/actor/lib/test/auto/DelayTime.xml
6 ms. Memory: 880128K Free: 312660K (36%)
----------------- Invoking toplevel() on ptolemy.moml.MoMLSimpleApplication@5f168b90
----------------- Done invoking toplevel() on ptolemy.moml.MoMLSimpleApplication@5f168b90
reloadAllAccessors: .DelayTime

===========================================================================================
----------------- testing Mon Jun 11 03:43:19 UTC 2018 /home/travis/build/icyphy/ptII/ptolemy/actor/lib/test/auto/Dictionary1.xml
----------------- Instantiating /home/travis/build/icyphy/ptII/ptolemy/actor/lib/test/auto/Dictionary1.xml
2 ms. Memory: 880128K Free: 302284K (34%)
----------------- Invoking toplevel() on ptolemy.moml.MoMLSimpleApplication@4a20e5b1
----------------- Done invoking toplevel() on ptolemy.moml.MoMLSimpleApplication@4a20e5b1
reloadAllAccessors: .Dictionary1

===========================================================================================
----------------- testing Mon Jun 11 03:43:19 UTC 2018 /home/travis/build/icyphy/ptII/ptolemy/actor/lib/test/auto/Dictionary2.xml
----------------- Instantiating /home/travis/build/icyphy/ptII/ptolemy/actor/lib/test/auto/Dictionary2.xml
2 ms. Memory: 880128K Free: 291907K (33%)
----------------- Invoking toplevel() on ptolemy.moml.MoMLSimpleApplication@47613e80
----------------- Done invoking toplevel() on ptolemy.moml.MoMLSimpleApplication@47613e80
reloadAllAccessors: .Dictionary2

===========================================================================================
----------------- testing Mon Jun 11 03:43:19 UTC 2018 /home/travis/build/icyphy/ptII/ptolemy/actor/lib/test/auto/Dictionary3.xml
----------------- Instantiating /home/travis/build/icyphy/ptII/ptolemy/actor/lib/test/auto/Dictionary3.xml
1 ms. Memory: 880128K Free: 274622K (31%)
----------------- Invoking toplevel() on ptolemy.moml.MoMLSimpleApplication@1ea5bd5e
----------------- Done invoking toplevel() on ptolemy.moml.MoMLSimpleApplication@1ea5bd5e
reloadAllAccessors: .Dictionary3

===========================================================================================
----------------- testing Mon Jun 11 03:43:19 UTC 2018 /home/travis/build/icyphy/ptII/ptolemy/actor/lib/test/auto/Dictionary4.xml
----------------- Instantiating /home/travis/build/icyphy/ptII/ptolemy/actor/lib/test/auto/Dictionary4.xml
2 ms. Memory: 880128K Free: 264245K (30%)
----------------- Invoking toplevel() on ptolemy.moml.MoMLSimpleApplication@1987df84
----------------- Done invoking toplevel() on ptolemy.moml.MoMLSimpleApplication@1987df84
reloadAllAccessors: .Dictionary4

===========================================================================================
----------------- testing Mon Jun 11 03:43:19 UTC 2018 /home/travis/build/icyphy/ptII/ptolemy/actor/lib/test/auto/Differential.xml
----------------- Instantiating /home/travis/build/icyphy/ptII/ptolemy/actor/lib/test/auto/Differential.xml
3 ms. Memory: 880128K Free: 253868K (29%)
----------------- Invoking toplevel() on ptolemy.moml.MoMLSimpleApplication@5b27e602
----------------- Done invoking toplevel() on ptolemy.moml.MoMLSimpleApplication@5b27e602
reloadAllAccessors: .Differential

===========================================================================================
----------------- testing Mon Jun 11 03:43:19 UTC 2018 /home/travis/build/icyphy/ptII/ptolemy/actor/lib/test/auto/Director.xml
----------------- Instantiating /home/travis/build/icyphy/ptII/ptolemy/actor/lib/test/auto/Director.xml
1 ms. Memory: 880128K Free: 236583K (27%)
----------------- Invoking toplevel() on ptolemy.moml.MoMLSimpleApplication@368c5c67
----------------- Done invoking toplevel() on ptolemy.moml.MoMLSimpleApplication@368c5c67
reloadAllAccessors: .Director

===========================================================================================
----------------- testing Mon Jun 11 03:43:19 UTC 2018 /home/travis/build/icyphy/ptII/ptolemy/actor/lib/test/auto/DiscreteClock.xml
----------------- Instantiating /home/travis/build/icyphy/ptII/ptolemy/actor/lib/test/auto/DiscreteClock.xml
2 ms. Memory: 880128K Free: 226206K (26%)
----------------- Invoking toplevel() on ptolemy.moml.MoMLSimpleApplication@55443fd6
----------------- Done invoking toplevel() on ptolemy.moml.MoMLSimpleApplication@55443fd6
reloadAllAccessors: .DiscreteClock

===========================================================================================
----------------- testing Mon Jun 11 03:43:19 UTC 2018 /home/travis/build/icyphy/ptII/ptolemy/actor/lib/test/auto/DiscreteClock10.xml
----------------- Instantiating /home/travis/build/icyphy/ptII/ptolemy/actor/lib/test/auto/DiscreteClock10.xml
2 ms. Memory: 880128K Free: 215830K (25%)
----------------- Invoking toplevel() on ptolemy.moml.MoMLSimpleApplication@20806855
----------------- Done invoking toplevel() on ptolemy.moml.MoMLSimpleApplication@20806855
reloadAllAccessors: .DiscreteClock10

===========================================================================================
----------------- testing Mon Jun 11 03:43:19 UTC 2018 /home/travis/build/icyphy/ptII/ptolemy/actor/lib/test/auto/DiscreteClock11.xml
----------------- Instantiating /home/travis/build/icyphy/ptII/ptolemy/actor/lib/test/auto/DiscreteClock11.xml
2 ms. Memory: 880128K Free: 198544K (23%)
----------------- Invoking toplevel() on ptolemy.moml.MoMLSimpleApplication@666ed15a
----------------- Done invoking toplevel() on ptolemy.moml.MoMLSimpleApplication@666ed15a
reloadAllAccessors: .DiscreteClock11

===========================================================================================
----------------- testing Mon Jun 11 03:43:19 UTC 2018 /home/travis/build/icyphy/ptII/ptolemy/actor/lib/test/auto/DiscreteClock12.xml
----------------- Instantiating /home/travis/build/icyphy/ptII/ptolemy/actor/lib/test/auto/DiscreteClock12.xml
3 ms. Memory: 880128K Free: 188168K (21%)
----------------- Invoking toplevel() on ptolemy.moml.MoMLSimpleApplication@4bf4aa23
----------------- Done invoking toplevel() on ptolemy.moml.MoMLSimpleApplication@4bf4aa23
reloadAllAccessors: .DiscreteClock12

===========================================================================================
----------------- testing Mon Jun 11 03:43:19 UTC 2018 /home/travis/build/icyphy/ptII/ptolemy/actor/lib/test/auto/DiscreteClock13.xml
----------------- Instantiating /home/travis/build/icyphy/ptII/ptolemy/actor/lib/test/auto/DiscreteClock13.xml
7 ms. Memory: 880128K Free: 177791K (20%)
----------------- Invoking toplevel() on ptolemy.moml.MoMLSimpleApplication@3ca8972
----------------- Done invoking toplevel() on ptolemy.moml.MoMLSimpleApplication@3ca8972
reloadAllAccessors: .DiscreteClock13

===========================================================================================
----------------- testing Mon Jun 11 03:43:19 UTC 2018 /home/travis/build/icyphy/ptII/ptolemy/actor/lib/test/auto/DiscreteClock14.xml
----------------- Instantiating /home/travis/build/icyphy/ptII/ptolemy/actor/lib/test/auto/DiscreteClock14.xml
9 ms. Memory: 880128K Free: 160505K (18%)
----------------- Invoking toplevel() on ptolemy.moml.MoMLSimpleApplication@955304b
----------------- Done invoking toplevel() on ptolemy.moml.MoMLSimpleApplication@955304b
reloadAllAccessors: .DiscreteClock14

===========================================================================================
----------------- testing Mon Jun 11 03:43:19 UTC 2018 /home/travis/build/icyphy/ptII/ptolemy/actor/lib/test/auto/DiscreteClock15.xml
----------------- Instantiating /home/travis/build/icyphy/ptII/ptolemy/actor/lib/test/auto/DiscreteClock15.xml
6 ms. Memory: 880128K Free: 150129K (17%)
----------------- Invoking toplevel() on ptolemy.moml.MoMLSimpleApplication@1ce62b5f
----------------- Done invoking toplevel() on ptolemy.moml.MoMLSimpleApplication@1ce62b5f
reloadAllAccessors: .DiscreteClock15

===========================================================================================
----------------- testing Mon Jun 11 03:43:19 UTC 2018 /home/travis/build/icyphy/ptII/ptolemy/actor/lib/test/auto/DiscreteClock16.xml
----------------- Instantiating /home/travis/build/icyphy/ptII/ptolemy/actor/lib/test/auto/DiscreteClock16.xml
8 ms. Memory: 880128K Free: 134548K (15%)
----------------- Invoking toplevel() on ptolemy.moml.MoMLSimpleApplication@3517a48d
----------------- Done invoking toplevel() on ptolemy.moml.MoMLSimpleApplication@3517a48d
reloadAllAccessors: .DiscreteClock16

===========================================================================================
----------------- testing Mon Jun 11 03:43:19 UTC 2018 /home/travis/build/icyphy/ptII/ptolemy/actor/lib/test/auto/DiscreteClock17.xml
----------------- Instantiating /home/travis/build/icyphy/ptII/ptolemy/actor/lib/test/auto/DiscreteClock17.xml
9 ms. Memory: 880128K Free: 112058K (13%)
----------------- Invoking toplevel() on ptolemy.moml.MoMLSimpleApplication@315057f6
----------------- Done invoking toplevel() on ptolemy.moml.MoMLSimpleApplication@315057f6
reloadAllAccessors: .DiscreteClock17

===========================================================================================
----------------- testing Mon Jun 11 03:43:19 UTC 2018 /home/travis/build/icyphy/ptII/ptolemy/actor/lib/test/auto/DiscreteClock18.xml
----------------- Instantiating /home/travis/build/icyphy/ptII/ptolemy/actor/lib/test/auto/DiscreteClock18.xml
7 ms. Memory: 880128K Free: 96485K (11%)
----------------- Invoking toplevel() on ptolemy.moml.MoMLSimpleApplication@1adefd4e
----------------- Done invoking toplevel() on ptolemy.moml.MoMLSimpleApplication@1adefd4e
reloadAllAccessors: .DiscreteClock18

===========================================================================================
----------------- testing Mon Jun 11 03:43:19 UTC 2018 /home/travis/build/icyphy/ptII/ptolemy/actor/lib/test/auto/DiscreteClock19.xml
----------------- Instantiating /home/travis/build/icyphy/ptII/ptolemy/actor/lib/test/auto/DiscreteClock19.xml
12 ms. Memory: 880128K Free: 80912K (9%)
----------------- Invoking toplevel() on ptolemy.moml.MoMLSimpleApplication@7e978624
----------------- Done invoking toplevel() on ptolemy.moml.MoMLSimpleApplication@7e978624
reloadAllAccessors: .DiscreteClock19

===========================================================================================
----------------- testing Mon Jun 11 03:43:19 UTC 2018 /home/travis/build/icyphy/ptII/ptolemy/actor/lib/test/auto/DiscreteClock2.xml
----------------- Instantiating /home/travis/build/icyphy/ptII/ptolemy/actor/lib/test/auto/DiscreteClock2.xml
6 ms. Memory: 880128K Free: 63627K (7%)
----------------- Invoking toplevel() on ptolemy.moml.MoMLSimpleApplication@5b22bef4
----------------- Done invoking toplevel() on ptolemy.moml.MoMLSimpleApplication@5b22bef4
reloadAllAccessors: .DiscreteClock2

===========================================================================================
----------------- testing Mon Jun 11 03:43:19 UTC 2018 /home/travis/build/icyphy/ptII/ptolemy/actor/lib/test/auto/DiscreteClock20.xml
----------------- Instantiating /home/travis/build/icyphy/ptII/ptolemy/actor/lib/test/auto/DiscreteClock20.xml
6 ms. Memory: 1347584K Free: 1268894K (94%)
----------------- Invoking toplevel() on ptolemy.moml.MoMLSimpleApplication@5d67a0fb
----------------- Done invoking toplevel() on ptolemy.moml.MoMLSimpleApplication@5d67a0fb
reloadAllAccessors: .DiscreteClock20

===========================================================================================
----------------- testing Mon Jun 11 03:43:19 UTC 2018 /home/travis/build/icyphy/ptII/ptolemy/actor/lib/test/auto/DiscreteClock21.xml
----------------- Instantiating /home/travis/build/icyphy/ptII/ptolemy/actor/lib/test/auto/DiscreteClock21.xml
2 ms. Memory: 1347584K Free: 1243568K (92%)
----------------- Invoking toplevel() on ptolemy.moml.MoMLSimpleApplication@77832c90
----------------- Done invoking toplevel() on ptolemy.moml.MoMLSimpleApplication@77832c90
reloadAllAccessors: .DiscreteClock21

===========================================================================================
----------------- testing Mon Jun 11 03:43:19 UTC 2018 /home/travis/build/icyphy/ptII/ptolemy/actor/lib/test/auto/DiscreteClock22.xml
----------------- Instantiating /home/travis/build/icyphy/ptII/ptolemy/actor/lib/test/auto/DiscreteClock22.xml
2 ms. Memory: 1347584K Free: 1226966K (91%)
----------------- Invoking toplevel() on ptolemy.moml.MoMLSimpleApplication@77f001af
----------------- Done invoking toplevel() on ptolemy.moml.MoMLSimpleApplication@77f001af
reloadAllAccessors: .DiscreteClock22

===========================================================================================
----------------- testing Mon Jun 11 03:43:19 UTC 2018 /home/travis/build/icyphy/ptII/ptolemy/actor/lib/test/auto/DiscreteClock23.xml
----------------- Instantiating /home/travis/build/icyphy/ptII/ptolemy/actor/lib/test/auto/DiscreteClock23.xml
6 ms. Memory: 1347584K Free: 1210363K (90%)
----------------- Invoking toplevel() on ptolemy.moml.MoMLSimpleApplication@5d2f6f8
----------------- Done invoking toplevel() on ptolemy.moml.MoMLSimpleApplication@5d2f6f8
reloadAllAccessors: .DiscreteClock23

===========================================================================================
----------------- testing Mon Jun 11 03:43:19 UTC 2018 /home/travis/build/icyphy/ptII/ptolemy/actor/lib/test/auto/DiscreteClock24.xml
----------------- Instantiating /home/travis/build/icyphy/ptII/ptolemy/actor/lib/test/auto/DiscreteClock24.xml
1 ms. Memory: 1364480K Free: 1284086K (94%)
----------------- Invoking toplevel() on ptolemy.moml.MoMLSimpleApplication@59122e64
----------------- Done invoking toplevel() on ptolemy.moml.MoMLSimpleApplication@59122e64
reloadAllAccessors: .DiscreteClock24

===========================================================================================
----------------- testing Mon Jun 11 03:43:20 UTC 2018 /home/travis/build/icyphy/ptII/ptolemy/actor/lib/test/auto/DiscreteClock4.xml
----------------- Instantiating /home/travis/build/icyphy/ptII/ptolemy/actor/lib/test/auto/DiscreteClock4.xml
3 ms. Memory: 1364480K Free: 1258928K (92%)
----------------- Invoking toplevel() on ptolemy.moml.MoMLSimpleApplication@6ea18364
----------------- Done invoking toplevel() on ptolemy.moml.MoMLSimpleApplication@6ea18364
reloadAllAccessors: .DiscreteClock4

===========================================================================================
----------------- testing Mon Jun 11 03:43:20 UTC 2018 /home/travis/build/icyphy/ptII/ptolemy/actor/lib/test/auto/DiscreteClock5.xml
----------------- Instantiating /home/travis/build/icyphy/ptII/ptolemy/actor/lib/test/auto/DiscreteClock5.xml
1 ms. Memory: 1364480K Free: 1242326K (91%)
----------------- Invoking toplevel() on ptolemy.moml.MoMLSimpleApplication@867070
----------------- Done invoking toplevel() on ptolemy.moml.MoMLSimpleApplication@867070
reloadAllAccessors: .DiscreteClock5

===========================================================================================
----------------- testing Mon Jun 11 03:43:20 UTC 2018 /home/travis/build/icyphy/ptII/ptolemy/actor/lib/test/auto/DiscreteClock6.xml
----------------- Instantiating /home/travis/build/icyphy/ptII/ptolemy/actor/lib/test/auto/DiscreteClock6.xml
1 ms. Memory: 1364480K Free: 1225723K (90%)
----------------- Invoking toplevel() on ptolemy.moml.MoMLSimpleApplication@ccffdd2
----------------- Done invoking toplevel() on ptolemy.moml.MoMLSimpleApplication@ccffdd2
reloadAllAccessors: .DiscreteClock6

===========================================================================================
----------------- testing Mon Jun 11 03:43:20 UTC 2018 /home/travis/build/icyphy/ptII/ptolemy/actor/lib/test/auto/DiscreteClock7.xml
----------------- Instantiating /home/travis/build/icyphy/ptII/ptolemy/actor/lib/test/auto/DiscreteClock7.xml
1 ms. Memory: 1364480K Free: 1200565K (88%)
----------------- Invoking toplevel() on ptolemy.moml.MoMLSimpleApplication@27bffa13
----------------- Done invoking toplevel() on ptolemy.moml.MoMLSimpleApplication@27bffa13
reloadAllAccessors: .DiscreteClock7

===========================================================================================
----------------- testing Mon Jun 11 03:43:20 UTC 2018 /home/travis/build/icyphy/ptII/ptolemy/actor/lib/test/auto/DiscreteClock8.xml
----------------- Instantiating /home/travis/build/icyphy/ptII/ptolemy/actor/lib/test/auto/DiscreteClock8.xml
7 ms. Memory: 1364480K Free: 1183963K (87%)
----------------- Invoking toplevel() on ptolemy.moml.MoMLSimpleApplication@4512bb7e
----------------- Done invoking toplevel() on ptolemy.moml.MoMLSimpleApplication@4512bb7e
reloadAllAccessors: .DiscreteClock8

===========================================================================================
----------------- testing Mon Jun 11 03:43:20 UTC 2018 /home/travis/build/icyphy/ptII/ptolemy/actor/lib/test/auto/DiscreteClock9.xml
----------------- Instantiating /home/travis/build/icyphy/ptII/ptolemy/actor/lib/test/auto/DiscreteClock9.xml
6 ms. Memory: 1364480K Free: 1167360K (86%)
----------------- Invoking toplevel() on ptolemy.moml.MoMLSimpleApplication@673f10b1
----------------- Done invoking toplevel() on ptolemy.moml.MoMLSimpleApplication@673f10b1
reloadAllAccessors: .DiscreteClock9

===========================================================================================
----------------- testing Mon Jun 11 03:43:20 UTC 2018 /home/travis/build/icyphy/ptII/ptolemy/actor/lib/test/auto/DisplayArray.xml
----------------- Instantiating /home/travis/build/icyphy/ptII/ptolemy/actor/lib/test/auto/DisplayArray.xml
1 ms. Memory: 1364480K Free: 1150758K (84%)
----------------- Invoking toplevel() on ptolemy.moml.MoMLSimpleApplication@19f4365c
----------------- Done invoking toplevel() on ptolemy.moml.MoMLSimpleApplication@19f4365c
reloadAllAccessors: .DisplayArray

===========================================================================================
----------------- testing Mon Jun 11 03:43:20 UTC 2018 /home/travis/build/icyphy/ptII/ptolemy/actor/lib/test/auto/Distributor.xml
----------------- Instantiating /home/travis/build/icyphy/ptII/ptolemy/actor/lib/test/auto/Distributor.xml
1 ms. Memory: 1364480K Free: 1125600K (82%)
----------------- Invoking toplevel() on ptolemy.moml.MoMLSimpleApplication@43e8edf7
----------------- Done invoking toplevel() on ptolemy.moml.MoMLSimpleApplication@43e8edf7
reloadAllAccessors: .Distributor

===========================================================================================
----------------- testing Mon Jun 11 03:43:20 UTC 2018 /home/travis/build/icyphy/ptII/ptolemy/actor/lib/test/auto/Distributor2.xml
----------------- Instantiating /home/travis/build/icyphy/ptII/ptolemy/actor/lib/test/auto/Distributor2.xml
2 ms. Memory: 1364480K Free: 1108997K (81%)
----------------- Invoking toplevel() on ptolemy.moml.MoMLSimpleApplication@3637e441
----------------- Done invoking toplevel() on ptolemy.moml.MoMLSimpleApplication@3637e441
reloadAllAccessors: .Distributor2

===========================================================================================
----------------- testing Mon Jun 11 03:43:20 UTC 2018 /home/travis/build/icyphy/ptII/ptolemy/actor/lib/test/auto/DownSample.xml
----------------- Instantiating /home/travis/build/icyphy/ptII/ptolemy/actor/lib/test/auto/DownSample.xml
3 ms. Memory: 1364480K Free: 1092395K (80%)
----------------- Invoking toplevel() on ptolemy.moml.MoMLSimpleApplication@49d47a50
----------------- Done invoking toplevel() on ptolemy.moml.MoMLSimpleApplication@49d47a50
reloadAllAccessors: .DownSample

===========================================================================================
----------------- testing Mon Jun 11 03:43:20 UTC 2018 /home/travis/build/icyphy/ptII/ptolemy/actor/lib/test/auto/ElectronicUnitBase1.xml
----------------- Instantiating /home/travis/build/icyphy/ptII/ptolemy/actor/lib/test/auto/ElectronicUnitBase1.xml
20 ms. Memory: 1364480K Free: 1058919K (78%)
----------------- Invoking toplevel() on ptolemy.moml.MoMLSimpleApplication@cd4e53f
----------------- Done invoking toplevel() on ptolemy.moml.MoMLSimpleApplication@cd4e53f
reloadAllAccessors: .ElectronicUnitBase1

===========================================================================================
----------------- testing Mon Jun 11 03:43:20 UTC 2018 /home/travis/build/icyphy/ptII/ptolemy/actor/lib/test/auto/ElementsToArray.xml
----------------- Instantiating /home/travis/build/icyphy/ptII/ptolemy/actor/lib/test/auto/ElementsToArray.xml
2 ms. Memory: 1364480K Free: 1042317K (76%)
----------------- Invoking toplevel() on ptolemy.moml.MoMLSimpleApplication@6fbddb88
----------------- Done invoking toplevel() on ptolemy.moml.MoMLSimpleApplication@6fbddb88
reloadAllAccessors: .ElementsToArray

===========================================================================================
----------------- testing Mon Jun 11 03:43:20 UTC 2018 /home/travis/build/icyphy/ptII/ptolemy/actor/lib/test/auto/Equals.xml
----------------- Instantiating /home/travis/build/icyphy/ptII/ptolemy/actor/lib/test/auto/Equals.xml
2 ms. Memory: 1364480K Free: 1025714K (75%)
----------------- Invoking toplevel() on ptolemy.moml.MoMLSimpleApplication@4493d477
----------------- Done invoking toplevel() on ptolemy.moml.MoMLSimpleApplication@4493d477
reloadAllAccessors: .Equals

===========================================================================================
----------------- testing Mon Jun 11 03:43:20 UTC 2018 /home/travis/build/icyphy/ptII/ptolemy/actor/lib/test/auto/Exec.xml
----------------- Instantiating /home/travis/build/icyphy/ptII/ptolemy/actor/lib/test/auto/Exec.xml
10 ms. Memory: 1364480K Free: 988359K (72%)
----------------- Invoking toplevel() on ptolemy.moml.MoMLSimpleApplication@6875e02f
----------------- Done invoking toplevel() on ptolemy.moml.MoMLSimpleApplication@6875e02f
reloadAllAccessors: .Exec

===========================================================================================
----------------- testing Mon Jun 11 03:43:20 UTC 2018 /home/travis/build/icyphy/ptII/ptolemy/actor/lib/test/auto/ExecEnvironment.xml
----------------- Instantiating /home/travis/build/icyphy/ptII/ptolemy/actor/lib/test/auto/ExecEnvironment.xml
21 ms. Memory: 1364480K Free: 938296K (69%)
----------------- Invoking toplevel() on ptolemy.moml.MoMLSimpleApplication@7f8dfb2d
----------------- Done invoking toplevel() on ptolemy.moml.MoMLSimpleApplication@7f8dfb2d
reloadAllAccessors: .ExecEnvironment

===========================================================================================
----------------- testing Mon Jun 11 03:43:20 UTC 2018 /home/travis/build/icyphy/ptII/ptolemy/actor/lib/test/auto/ExecNonZeroReturnOutput.xml
----------------- Instantiating /home/travis/build/icyphy/ptII/ptolemy/actor/lib/test/auto/ExecNonZeroReturnOutput.xml
118 ms. Memory: 1364480K Free: 813777K (60%)
----------------- Invoking toplevel() on ptolemy.moml.MoMLSimpleApplication@2839c7e0
----------------- Done invoking toplevel() on ptolemy.moml.MoMLSimpleApplication@2839c7e0
reloadAllAccessors: .ExecNonZeroReturnOutput

===========================================================================================
----------------- testing Mon Jun 11 03:43:20 UTC 2018 /home/travis/build/icyphy/ptII/ptolemy/actor/lib/test/auto/ExecRunDemos.xml
----------------- Instantiating /home/travis/build/icyphy/ptII/ptolemy/actor/lib/test/auto/ExecRunDemos.xml
Finished: 84 ms. Memory: 116224K Free: 101383K (87%)

Finished: 53 ms. Memory: 116224K Free: 98295K (85%)

Finished: 53 ms. Memory: 116224K Free: 98342K (85%)

Finished: 40 ms. Memory: 116224K Free: 99536K (86%)

Finished: 45 ms. Memory: 116224K Free: 100805K (87%)

9256 ms. Memory: 1364480K Free: 705843K (52%)
----------------- Invoking toplevel() on ptolemy.moml.MoMLSimpleApplication@27645ba3
----------------- Done invoking toplevel() on ptolemy.moml.MoMLSimpleApplication@27645ba3
reloadAllAccessors: .ExecRunDemos

===========================================================================================
----------------- testing Mon Jun 11 03:43:30 UTC 2018 /home/travis/build/icyphy/ptII/ptolemy/actor/lib/test/auto/ExecStop.xml
----------------- Instantiating /home/travis/build/icyphy/ptII/ptolemy/actor/lib/test/auto/ExecStop.xml
5004 ms. Memory: 1364480K Free: 465107K (34%)
----------------- Invoking toplevel() on ptolemy.moml.MoMLSimpleApplication@706d799e
----------------- Done invoking toplevel() on ptolemy.moml.MoMLSimpleApplication@706d799e
reloadAllAccessors: .ExecStop

===========================================================================================
----------------- testing Mon Jun 11 03:43:35 UTC 2018 /home/travis/build/icyphy/ptII/ptolemy/actor/lib/test/auto/ExecutionTimeSDF.xml
----------------- Instantiating /home/travis/build/icyphy/ptII/ptolemy/actor/lib/test/auto/ExecutionTimeSDF.xml
Fired ExecutionTime: -2044967296
Fired ExecutionTime: 992000000
Fired ExecutionTime: -743367296
6004 ms. Memory: 1364480K Free: 431631K (32%)
----------------- Invoking toplevel() on ptolemy.moml.MoMLSimpleApplication@10cd6a9c
----------------- Done invoking toplevel() on ptolemy.moml.MoMLSimpleApplication@10cd6a9c
reloadAllAccessors: .ExecutionTimeSDF

===========================================================================================
----------------- testing Mon Jun 11 03:43:41 UTC 2018 /home/travis/build/icyphy/ptII/ptolemy/actor/lib/test/auto/Expression1.xml
----------------- Instantiating /home/travis/build/icyphy/ptII/ptolemy/actor/lib/test/auto/Expression1.xml
3 ms. Memory: 1364480K Free: 415029K (30%)
----------------- Invoking toplevel() on ptolemy.moml.MoMLSimpleApplication@6dc2f254
----------------- Done invoking toplevel() on ptolemy.moml.MoMLSimpleApplication@6dc2f254
reloadAllAccessors: .Expression1

===========================================================================================
----------------- testing Mon Jun 11 03:43:41 UTC 2018 /home/travis/build/icyphy/ptII/ptolemy/actor/lib/test/auto/Expression10.xml
----------------- Instantiating /home/travis/build/icyphy/ptII/ptolemy/actor/lib/test/auto/Expression10.xml
6 ms. Memory: 1364480K Free: 398426K (29%)
----------------- Invoking toplevel() on ptolemy.moml.MoMLSimpleApplication@1d53f1e9
----------------- Done invoking toplevel() on ptolemy.moml.MoMLSimpleApplication@1d53f1e9
reloadAllAccessors: .Expression10

===========================================================================================
----------------- testing Mon Jun 11 03:43:41 UTC 2018 /home/travis/build/icyphy/ptII/ptolemy/actor/lib/test/auto/Expression11.xml
----------------- Instantiating /home/travis/build/icyphy/ptII/ptolemy/actor/lib/test/auto/Expression11.xml
2 ms. Memory: 1364480K Free: 381824K (28%)
----------------- Invoking toplevel() on ptolemy.moml.MoMLSimpleApplication@34c6d415
----------------- Done invoking toplevel() on ptolemy.moml.MoMLSimpleApplication@34c6d415
reloadAllAccessors: .Expression11

===========================================================================================
----------------- testing Mon Jun 11 03:43:41 UTC 2018 /home/travis/build/icyphy/ptII/ptolemy/actor/lib/test/auto/Expression12.xml
----------------- Instantiating /home/travis/build/icyphy/ptII/ptolemy/actor/lib/test/auto/Expression12.xml
5 ms. Memory: 1364480K Free: 356666K (26%)
----------------- Invoking toplevel() on ptolemy.moml.MoMLSimpleApplication@241dd860
----------------- Done invoking toplevel() on ptolemy.moml.MoMLSimpleApplication@241dd860
reloadAllAccessors: .Expression12

===========================================================================================
----------------- testing Mon Jun 11 03:43:41 UTC 2018 /home/travis/build/icyphy/ptII/ptolemy/actor/lib/test/auto/Expression13.xml
----------------- Instantiating /home/travis/build/icyphy/ptII/ptolemy/actor/lib/test/auto/Expression13.xml
3 ms. Memory: 1364480K Free: 340063K (25%)
----------------- Invoking toplevel() on ptolemy.moml.MoMLSimpleApplication@ce62fc9
----------------- Done invoking toplevel() on ptolemy.moml.MoMLSimpleApplication@ce62fc9
reloadAllAccessors: .Expression13

===========================================================================================
----------------- testing Mon Jun 11 03:43:41 UTC 2018 /home/travis/build/icyphy/ptII/ptolemy/actor/lib/test/auto/Expression14.xml
----------------- Instantiating /home/travis/build/icyphy/ptII/ptolemy/actor/lib/test/auto/Expression14.xml
7 ms. Memory: 1364480K Free: 323461K (24%)
----------------- Invoking toplevel() on ptolemy.moml.MoMLSimpleApplication@2f824ae5
----------------- Done invoking toplevel() on ptolemy.moml.MoMLSimpleApplication@2f824ae5
reloadAllAccessors: .Expression14

===========================================================================================
----------------- testing Mon Jun 11 03:43:41 UTC 2018 /home/travis/build/icyphy/ptII/ptolemy/actor/lib/test/auto/Expression15.xml
----------------- Instantiating /home/travis/build/icyphy/ptII/ptolemy/actor/lib/test/auto/Expression15.xml
1 ms. Memory: 1364480K Free: 298303K (22%)
----------------- Invoking toplevel() on ptolemy.moml.MoMLSimpleApplication@19c82293
----------------- Done invoking toplevel() on ptolemy.moml.MoMLSimpleApplication@19c82293
reloadAllAccessors: .Expression15

===========================================================================================
----------------- testing Mon Jun 11 03:43:41 UTC 2018 /home/travis/build/icyphy/ptII/ptolemy/actor/lib/test/auto/Expression16.xml
----------------- Instantiating /home/travis/build/icyphy/ptII/ptolemy/actor/lib/test/auto/Expression16.xml
3 ms. Memory: 1364480K Free: 281700K (21%)
----------------- Invoking toplevel() on ptolemy.moml.MoMLSimpleApplication@2d7d5b00
----------------- Done invoking toplevel() on ptolemy.moml.MoMLSimpleApplication@2d7d5b00
reloadAllAccessors: .Expression16

===========================================================================================
----------------- testing Mon Jun 11 03:43:41 UTC 2018 /home/travis/build/icyphy/ptII/ptolemy/actor/lib/test/auto/Expression17.xml
----------------- Instantiating /home/travis/build/icyphy/ptII/ptolemy/actor/lib/test/auto/Expression17.xml
3 ms. Memory: 1364480K Free: 265098K (19%)
----------------- Invoking toplevel() on ptolemy.moml.MoMLSimpleApplication@4c5b933
----------------- Done invoking toplevel() on ptolemy.moml.MoMLSimpleApplication@4c5b933
reloadAllAccessors: .Expression17

===========================================================================================
----------------- testing Mon Jun 11 03:43:41 UTC 2018 /home/travis/build/icyphy/ptII/ptolemy/actor/lib/test/auto/Expression18.xml
----------------- Instantiating /home/travis/build/icyphy/ptII/ptolemy/actor/lib/test/auto/Expression18.xml
2 ms. Memory: 1364480K Free: 248495K (18%)
----------------- Invoking toplevel() on ptolemy.moml.MoMLSimpleApplication@6b1d5822
----------------- Done invoking toplevel() on ptolemy.moml.MoMLSimpleApplication@6b1d5822
reloadAllAccessors: .Expression18

===========================================================================================
----------------- testing Mon Jun 11 03:43:41 UTC 2018 /home/travis/build/icyphy/ptII/ptolemy/actor/lib/test/auto/Expression2.xml
----------------- Instantiating /home/travis/build/icyphy/ptII/ptolemy/actor/lib/test/auto/Expression2.xml
3 ms. Memory: 1364480K Free: 223337K (16%)
----------------- Invoking toplevel() on ptolemy.moml.MoMLSimpleApplication@8b05587
----------------- Done invoking toplevel() on ptolemy.moml.MoMLSimpleApplication@8b05587
reloadAllAccessors: .Expression2

===========================================================================================
----------------- testing Mon Jun 11 03:43:41 UTC 2018 /home/travis/build/icyphy/ptII/ptolemy/actor/lib/test/auto/Expression3.xml
----------------- Instantiating /home/travis/build/icyphy/ptII/ptolemy/actor/lib/test/auto/Expression3.xml
6 ms. Memory: 1364480K Free: 206735K (15%)
----------------- Invoking toplevel() on ptolemy.moml.MoMLSimpleApplication@17e682dc
----------------- Done invoking toplevel() on ptolemy.moml.MoMLSimpleApplication@17e682dc
reloadAllAccessors: .Expression3

===========================================================================================
----------------- testing Mon Jun 11 03:43:41 UTC 2018 /home/travis/build/icyphy/ptII/ptolemy/actor/lib/test/auto/Expression4.xml
----------------- Instantiating /home/travis/build/icyphy/ptII/ptolemy/actor/lib/test/auto/Expression4.xml
5 ms. Memory: 1364480K Free: 190132K (14%)
----------------- Invoking toplevel() on ptolemy.moml.MoMLSimpleApplication@43a342bc
----------------- Done invoking toplevel() on ptolemy.moml.MoMLSimpleApplication@43a342bc
reloadAllAccessors: .Expression4

===========================================================================================
----------------- testing Mon Jun 11 03:43:41 UTC 2018 /home/travis/build/icyphy/ptII/ptolemy/actor/lib/test/auto/Expression5.xml
----------------- Instantiating /home/travis/build/icyphy/ptII/ptolemy/actor/lib/test/auto/Expression5.xml
5 ms. Memory: 1364480K Free: 173530K (13%)
----------------- Invoking toplevel() on ptolemy.moml.MoMLSimpleApplication@227ac69
----------------- Done invoking toplevel() on ptolemy.moml.MoMLSimpleApplication@227ac69
reloadAllAccessors: .Expression5

===========================================================================================
----------------- testing Mon Jun 11 03:43:41 UTC 2018 /home/travis/build/icyphy/ptII/ptolemy/actor/lib/test/auto/Expression6.xml
----------------- Instantiating /home/travis/build/icyphy/ptII/ptolemy/actor/lib/test/auto/Expression6.xml
2 ms. Memory: 1364480K Free: 148372K (11%)
----------------- Invoking toplevel() on ptolemy.moml.MoMLSimpleApplication@79fccd2
----------------- Done invoking toplevel() on ptolemy.moml.MoMLSimpleApplication@79fccd2
reloadAllAccessors: .Expression6

===========================================================================================
----------------- testing Mon Jun 11 03:43:41 UTC 2018 /home/travis/build/icyphy/ptII/ptolemy/actor/lib/test/auto/Expression7.xml
----------------- Instantiating /home/travis/build/icyphy/ptII/ptolemy/actor/lib/test/auto/Expression7.xml
3 ms. Memory: 1364480K Free: 131769K (10%)
----------------- Invoking toplevel() on ptolemy.moml.MoMLSimpleApplication@3cbb1c6c
----------------- Done invoking toplevel() on ptolemy.moml.MoMLSimpleApplication@3cbb1c6c
reloadAllAccessors: .Expression7

===========================================================================================
----------------- testing Mon Jun 11 03:43:41 UTC 2018 /home/travis/build/icyphy/ptII/ptolemy/actor/lib/test/auto/Expression8.xml
----------------- Instantiating /home/travis/build/icyphy/ptII/ptolemy/actor/lib/test/auto/Expression8.xml
8 ms. Memory: 1364480K Free: 115167K (8%)
----------------- Invoking toplevel() on ptolemy.moml.MoMLSimpleApplication@236b1caf
----------------- Done invoking toplevel() on ptolemy.moml.MoMLSimpleApplication@236b1caf
reloadAllAccessors: .Expression8

===========================================================================================
----------------- testing Mon Jun 11 03:43:41 UTC 2018 /home/travis/build/icyphy/ptII/ptolemy/actor/lib/test/auto/Expression9.xml
----------------- Instantiating /home/travis/build/icyphy/ptII/ptolemy/actor/lib/test/auto/Expression9.xml
2 ms. Memory: 1364480K Free: 98564K (7%)
----------------- Invoking toplevel() on ptolemy.moml.MoMLSimpleApplication@14856026
----------------- Done invoking toplevel() on ptolemy.moml.MoMLSimpleApplication@14856026
reloadAllAccessors: .Expression9

===========================================================================================
----------------- testing Mon Jun 11 03:43:41 UTC 2018 /home/travis/build/icyphy/ptII/ptolemy/actor/lib/test/auto/ExpressionConcatenateArrayType.xml
----------------- Instantiating /home/travis/build/icyphy/ptII/ptolemy/actor/lib/test/auto/ExpressionConcatenateArrayType.xml
3 ms. Memory: 1364480K Free: 80577K (6%)
----------------- Invoking toplevel() on ptolemy.moml.MoMLSimpleApplication@49bd9d13
----------------- Done invoking toplevel() on ptolemy.moml.MoMLSimpleApplication@49bd9d13
reloadAllAccessors: .ExpressionConcatenateArrayType

===========================================================================================
----------------- testing Mon Jun 11 03:43:41 UTC 2018 /home/travis/build/icyphy/ptII/ptolemy/actor/lib/test/auto/ExpressionConcatenateArrayType2.xml
----------------- Instantiating /home/travis/build/icyphy/ptII/ptolemy/actor/lib/test/auto/ExpressionConcatenateArrayType2.xml
1 ms. Memory: 1619968K Free: 1562464K (96%)
----------------- Invoking toplevel() on ptolemy.moml.MoMLSimpleApplication@434b064d
----------------- Done invoking toplevel() on ptolemy.moml.MoMLSimpleApplication@434b064d
reloadAllAccessors: .ExpressionConcatenateArrayType2

===========================================================================================
----------------- testing Mon Jun 11 03:43:41 UTC 2018 /home/travis/build/icyphy/ptII/ptolemy/actor/lib/test/auto/ExpressionFix.xml
----------------- Instantiating /home/travis/build/icyphy/ptII/ptolemy/actor/lib/test/auto/ExpressionFix.xml
17 ms. Memory: 1619968K Free: 1539601K (95%)
----------------- Invoking toplevel() on ptolemy.moml.MoMLSimpleApplication@1b72518f
----------------- Done invoking toplevel() on ptolemy.moml.MoMLSimpleApplication@1b72518f
reloadAllAccessors: .ExpressionFix

===========================================================================================
----------------- testing Mon Jun 11 03:43:41 UTC 2018 /home/travis/build/icyphy/ptII/ptolemy/actor/lib/test/auto/ExpressionFix2.xml
----------------- Instantiating /home/travis/build/icyphy/ptII/ptolemy/actor/lib/test/auto/ExpressionFix2.xml
2 ms. Memory: 1619968K Free: 1524395K (94%)
----------------- Invoking toplevel() on ptolemy.moml.MoMLSimpleApplication@62e6f50
----------------- Done invoking toplevel() on ptolemy.moml.MoMLSimpleApplication@62e6f50
reloadAllAccessors: .ExpressionFix2

===========================================================================================
----------------- testing Mon Jun 11 03:43:41 UTC 2018 /home/travis/build/icyphy/ptII/ptolemy/actor/lib/test/auto/ExpressionFix3.xml
----------------- Instantiating /home/travis/build/icyphy/ptII/ptolemy/actor/lib/test/auto/ExpressionFix3.xml
3 ms. Memory: 1619968K Free: 1509188K (93%)
----------------- Invoking toplevel() on ptolemy.moml.MoMLSimpleApplication@57fdea43
----------------- Done invoking toplevel() on ptolemy.moml.MoMLSimpleApplication@57fdea43
reloadAllAccessors: .ExpressionFix3

===========================================================================================
----------------- testing Mon Jun 11 03:43:41 UTC 2018 /home/travis/build/icyphy/ptII/ptolemy/actor/lib/test/auto/FileWriter1.xml
----------------- Instantiating /home/travis/build/icyphy/ptII/ptolemy/actor/lib/test/auto/FileWriter1.xml
2 ms. Memory: 1619968K Free: 1486459K (92%)
----------------- Invoking toplevel() on ptolemy.moml.MoMLSimpleApplication@72c6678c
----------------- Done invoking toplevel() on ptolemy.moml.MoMLSimpleApplication@72c6678c
reloadAllAccessors: .FileWriter1

===========================================================================================
----------------- testing Mon Jun 11 03:43:41 UTC 2018 /home/travis/build/icyphy/ptII/ptolemy/actor/lib/test/auto/FileWriter2.xml
----------------- Instantiating /home/travis/build/icyphy/ptII/ptolemy/actor/lib/test/auto/FileWriter2.xml
2 ms. Memory: 1619968K Free: 1471253K (91%)
----------------- Invoking toplevel() on ptolemy.moml.MoMLSimpleApplication@5cfe8b06
----------------- Done invoking toplevel() on ptolemy.moml.MoMLSimpleApplication@5cfe8b06
reloadAllAccessors: .FileWriter2

===========================================================================================
----------------- testing Mon Jun 11 03:43:41 UTC 2018 /home/travis/build/icyphy/ptII/ptolemy/actor/lib/test/auto/FileWriter3.xml
----------------- Instantiating /home/travis/build/icyphy/ptII/ptolemy/actor/lib/test/auto/FileWriter3.xml
2 ms. Memory: 1619968K Free: 1456046K (90%)
----------------- Invoking toplevel() on ptolemy.moml.MoMLSimpleApplication@5a5ed67a
----------------- Done invoking toplevel() on ptolemy.moml.MoMLSimpleApplication@5a5ed67a
reloadAllAccessors: .FileWriter3

===========================================================================================
----------------- testing Mon Jun 11 03:43:41 UTC 2018 /home/travis/build/icyphy/ptII/ptolemy/actor/lib/test/auto/Gaussian.xml
----------------- Instantiating /home/travis/build/icyphy/ptII/ptolemy/actor/lib/test/auto/Gaussian.xml
2 ms. Memory: 1619968K Free: 1433317K (88%)
----------------- Invoking toplevel() on ptolemy.moml.MoMLSimpleApplication@4909eb81
----------------- Done invoking toplevel() on ptolemy.moml.MoMLSimpleApplication@4909eb81
reloadAllAccessors: .Gaussian

===========================================================================================
----------------- testing Mon Jun 11 03:43:41 UTC 2018 /home/travis/build/icyphy/ptII/ptolemy/actor/lib/test/auto/Gaussian1.xml
----------------- Instantiating /home/travis/build/icyphy/ptII/ptolemy/actor/lib/test/auto/Gaussian1.xml
7 ms. Memory: 1619968K Free: 1418111K (88%)
----------------- Invoking toplevel() on ptolemy.moml.MoMLSimpleApplication@5f82d6bf
----------------- Done invoking toplevel() on ptolemy.moml.MoMLSimpleApplication@5f82d6bf
reloadAllAccessors: .Gaussian1

===========================================================================================
----------------- testing Mon Jun 11 03:43:41 UTC 2018 /home/travis/build/icyphy/ptII/ptolemy/actor/lib/test/auto/Gaussian2.xml
----------------- Instantiating /home/travis/build/icyphy/ptII/ptolemy/actor/lib/test/auto/Gaussian2.xml
1 ms. Memory: 1619968K Free: 1402904K (87%)
----------------- Invoking toplevel() on ptolemy.moml.MoMLSimpleApplication@22d77e5c
----------------- Done invoking toplevel() on ptolemy.moml.MoMLSimpleApplication@22d77e5c
reloadAllAccessors: .Gaussian2

===========================================================================================
----------------- testing Mon Jun 11 03:43:41 UTC 2018 /home/travis/build/icyphy/ptII/ptolemy/actor/lib/test/auto/GradientAdaptiveLattice.xml
----------------- Instantiating /home/travis/build/icyphy/ptII/ptolemy/actor/lib/test/auto/GradientAdaptiveLattice.xml
1 ms. Memory: 1619968K Free: 1380175K (85%)
----------------- Invoking toplevel() on ptolemy.moml.MoMLSimpleApplication@4bfcba29
----------------- Done invoking toplevel() on ptolemy.moml.MoMLSimpleApplication@4bfcba29
reloadAllAccessors: .GradientAdaptiveLattice

===========================================================================================
----------------- testing Mon Jun 11 03:43:41 UTC 2018 /home/travis/build/icyphy/ptII/ptolemy/actor/lib/test/auto/IIR.xml
----------------- Instantiating /home/travis/build/icyphy/ptII/ptolemy/actor/lib/test/auto/IIR.xml
1 ms. Memory: 1619968K Free: 1364969K (84%)
----------------- Invoking toplevel() on ptolemy.moml.MoMLSimpleApplication@5a1c7720
----------------- Done invoking toplevel() on ptolemy.moml.MoMLSimpleApplication@5a1c7720
reloadAllAccessors: .IIR

===========================================================================================
----------------- testing Mon Jun 11 03:43:41 UTC 2018 /home/travis/build/icyphy/ptII/ptolemy/actor/lib/test/auto/InputOutputTransparentPorts.xml
----------------- Instantiating /home/travis/build/icyphy/ptII/ptolemy/actor/lib/test/auto/InputOutputTransparentPorts.xml
1 ms. Memory: 1619968K Free: 1349762K (83%)
----------------- Invoking toplevel() on ptolemy.moml.MoMLSimpleApplication@ff7e2a9
----------------- Done invoking toplevel() on ptolemy.moml.MoMLSimpleApplication@ff7e2a9
reloadAllAccessors: .InputOutputTransparentPorts

===========================================================================================
----------------- testing Mon Jun 11 03:43:41 UTC 2018 /home/travis/build/icyphy/ptII/ptolemy/actor/lib/test/auto/Interpolator.xml
----------------- Instantiating /home/travis/build/icyphy/ptII/ptolemy/actor/lib/test/auto/Interpolator.xml
3 ms. Memory: 1619968K Free: 1334556K (82%)
----------------- Invoking toplevel() on ptolemy.moml.MoMLSimpleApplication@20b355f2
----------------- Done invoking toplevel() on ptolemy.moml.MoMLSimpleApplication@20b355f2
reloadAllAccessors: .Interpolator

===========================================================================================
----------------- testing Mon Jun 11 03:43:41 UTC 2018 /home/travis/build/icyphy/ptII/ptolemy/actor/lib/test/auto/InterpolatorFiringLimitDE.xml
----------------- Instantiating /home/travis/build/icyphy/ptII/ptolemy/actor/lib/test/auto/InterpolatorFiringLimitDE.xml
2 ms. Memory: 1619968K Free: 1311826K (81%)
----------------- Invoking toplevel() on ptolemy.moml.MoMLSimpleApplication@1fbc8977
----------------- Done invoking toplevel() on ptolemy.moml.MoMLSimpleApplication@1fbc8977
reloadAllAccessors: .InterpolatorFiringLimitDE

===========================================================================================
----------------- testing Mon Jun 11 03:43:41 UTC 2018 /home/travis/build/icyphy/ptII/ptolemy/actor/lib/test/auto/Lattice.xml
----------------- Instantiating /home/travis/build/icyphy/ptII/ptolemy/actor/lib/test/auto/Lattice.xml
1 ms. Memory: 1619968K Free: 1296620K (80%)
----------------- Invoking toplevel() on ptolemy.moml.MoMLSimpleApplication@15c1bb5d
----------------- Done invoking toplevel() on ptolemy.moml.MoMLSimpleApplication@15c1bb5d
reloadAllAccessors: .Lattice

===========================================================================================
----------------- testing Mon Jun 11 03:43:41 UTC 2018 /home/travis/build/icyphy/ptII/ptolemy/actor/lib/test/auto/LazyAOCTestLazy.xml
----------------- Instantiating /home/travis/build/icyphy/ptII/ptolemy/actor/lib/test/auto/LazyAOCTestLazy.xml
11 ms. Memory: 1619968K Free: 1281414K (79%)
----------------- Invoking toplevel() on ptolemy.moml.MoMLSimpleApplication@3834a4a8
----------------- Done invoking toplevel() on ptolemy.moml.MoMLSimpleApplication@3834a4a8
reloadAllAccessors: .LazyAOCTestLazy

===========================================================================================
----------------- testing Mon Jun 11 03:43:41 UTC 2018 /home/travis/build/icyphy/ptII/ptolemy/actor/lib/test/auto/LazyAOCTestNonLazy.xml
----------------- Instantiating /home/travis/build/icyphy/ptII/ptolemy/actor/lib/test/auto/LazyAOCTestNonLazy.xml
6 ms. Memory: 1619968K Free: 1258684K (78%)
----------------- Invoking toplevel() on ptolemy.moml.MoMLSimpleApplication@6f40bbad
----------------- Done invoking toplevel() on ptolemy.moml.MoMLSimpleApplication@6f40bbad
reloadAllAccessors: .LazyAOCTestNonLazy

===========================================================================================
----------------- testing Mon Jun 11 03:43:41 UTC 2018 /home/travis/build/icyphy/ptII/ptolemy/actor/lib/test/auto/LazyInnerClass.xml
----------------- Instantiating /home/travis/build/icyphy/ptII/ptolemy/actor/lib/test/auto/LazyInnerClass.xml
31 ms. Memory: 1619968K Free: 1243478K (77%)
----------------- Invoking toplevel() on ptolemy.moml.MoMLSimpleApplication@50430f88
----------------- Done invoking toplevel() on ptolemy.moml.MoMLSimpleApplication@50430f88
reloadAllAccessors: .LazyInnerClass

===========================================================================================
----------------- testing Mon Jun 11 03:43:41 UTC 2018 /home/travis/build/icyphy/ptII/ptolemy/actor/lib/test/auto/LazyPubSub.xml
----------------- Instantiating /home/travis/build/icyphy/ptII/ptolemy/actor/lib/test/auto/LazyPubSub.xml
19 ms. Memory: 1619968K Free: 1228271K (76%)
----------------- Invoking toplevel() on ptolemy.moml.MoMLSimpleApplication@13634fad
----------------- Done invoking toplevel() on ptolemy.moml.MoMLSimpleApplication@13634fad
reloadAllAccessors: .LazyPubSub

===========================================================================================
----------------- testing Mon Jun 11 03:43:41 UTC 2018 /home/travis/build/icyphy/ptII/ptolemy/actor/lib/test/auto/LazyPubSub2.xml
----------------- Instantiating /home/travis/build/icyphy/ptII/ptolemy/actor/lib/test/auto/LazyPubSub2.xml
12 ms. Memory: 1619968K Free: 1205542K (74%)
----------------- Invoking toplevel() on ptolemy.moml.MoMLSimpleApplication@6df9bba
----------------- Done invoking toplevel() on ptolemy.moml.MoMLSimpleApplication@6df9bba
reloadAllAccessors: .LazyPubSub2

===========================================================================================
----------------- testing Mon Jun 11 03:43:41 UTC 2018 /home/travis/build/icyphy/ptII/ptolemy/actor/lib/test/auto/LazyPubSub3.xml
----------------- Instantiating /home/travis/build/icyphy/ptII/ptolemy/actor/lib/test/auto/LazyPubSub3.xml
18 ms. Memory: 1619968K Free: 1190336K (73%)
----------------- Invoking toplevel() on ptolemy.moml.MoMLSimpleApplication@72dcff34
----------------- Done invoking toplevel() on ptolemy.moml.MoMLSimpleApplication@72dcff34
reloadAllAccessors: .LazyPubSub3

===========================================================================================
----------------- testing Mon Jun 11 03:43:42 UTC 2018 /home/travis/build/icyphy/ptII/ptolemy/actor/lib/test/auto/LazySubClassModel.xml
----------------- Instantiating /home/travis/build/icyphy/ptII/ptolemy/actor/lib/test/auto/LazySubClassModel.xml
2 ms. Memory: 1619968K Free: 1175129K (73%)
----------------- Invoking toplevel() on ptolemy.moml.MoMLSimpleApplication@59e6d173
----------------- Done invoking toplevel() on ptolemy.moml.MoMLSimpleApplication@59e6d173
reloadAllAccessors: .LazySubClassModel

===========================================================================================
----------------- testing Mon Jun 11 03:43:42 UTC 2018 /home/travis/build/icyphy/ptII/ptolemy/actor/lib/test/auto/LevelCrossTest1.xml
----------------- Instantiating /home/travis/build/icyphy/ptII/ptolemy/actor/lib/test/auto/LevelCrossTest1.xml
1 ms. Memory: 1619968K Free: 1159923K (72%)
----------------- Invoking toplevel() on ptolemy.moml.MoMLSimpleApplication@5dc99016
----------------- Done invoking toplevel() on ptolemy.moml.MoMLSimpleApplication@5dc99016
reloadAllAccessors: .broken

===========================================================================================
----------------- testing Mon Jun 11 03:43:42 UTC 2018 /home/travis/build/icyphy/ptII/ptolemy/actor/lib/test/auto/LevelCrossTest10.xml
----------------- Instantiating /home/travis/build/icyphy/ptII/ptolemy/actor/lib/test/auto/LevelCrossTest10.xml
1 ms. Memory: 1619968K Free: 1137193K (70%)
----------------- Invoking toplevel() on ptolemy.moml.MoMLSimpleApplication@d605cd4
----------------- Done invoking toplevel() on ptolemy.moml.MoMLSimpleApplication@d605cd4
reloadAllAccessors: .LevelCrossTest10

===========================================================================================
----------------- testing Mon Jun 11 03:43:42 UTC 2018 /home/travis/build/icyphy/ptII/ptolemy/actor/lib/test/auto/LevelCrossTest11.xml
----------------- Instantiating /home/travis/build/icyphy/ptII/ptolemy/actor/lib/test/auto/LevelCrossTest11.xml
1 ms. Memory: 1619968K Free: 1121987K (69%)
----------------- Invoking toplevel() on ptolemy.moml.MoMLSimpleApplication@548dfe2b
----------------- Done invoking toplevel() on ptolemy.moml.MoMLSimpleApplication@548dfe2b
reloadAllAccessors: .LevelCrossTest11

===========================================================================================
----------------- testing Mon Jun 11 03:43:42 UTC 2018 /home/travis/build/icyphy/ptII/ptolemy/actor/lib/test/auto/LevelCrossTest12.xml
----------------- Instantiating /home/travis/build/icyphy/ptII/ptolemy/actor/lib/test/auto/LevelCrossTest12.xml
1 ms. Memory: 1619968K Free: 1106780K (68%)
----------------- Invoking toplevel() on ptolemy.moml.MoMLSimpleApplication@43aa0cab
----------------- Done invoking toplevel() on ptolemy.moml.MoMLSimpleApplication@43aa0cab
reloadAllAccessors: .LevelCrossTest12

===========================================================================================
----------------- testing Mon Jun 11 03:43:42 UTC 2018 /home/travis/build/icyphy/ptII/ptolemy/actor/lib/test/auto/LevelCrossTest13.xml
----------------- Instantiating /home/travis/build/icyphy/ptII/ptolemy/actor/lib/test/auto/LevelCrossTest13.xml
1 ms. Memory: 1619968K Free: 1084051K (67%)
----------------- Invoking toplevel() on ptolemy.moml.MoMLSimpleApplication@1e680167
----------------- Done invoking toplevel() on ptolemy.moml.MoMLSimpleApplication@1e680167
reloadAllAccessors: .LevelCrossTest13

===========================================================================================
----------------- testing Mon Jun 11 03:43:42 UTC 2018 /home/travis/build/icyphy/ptII/ptolemy/actor/lib/test/auto/LevelCrossTest2.xml
----------------- Instantiating /home/travis/build/icyphy/ptII/ptolemy/actor/lib/test/auto/LevelCrossTest2.xml
1 ms. Memory: 1619968K Free: 1068845K (66%)
----------------- Invoking toplevel() on ptolemy.moml.MoMLSimpleApplication@2d015073
----------------- Done invoking toplevel() on ptolemy.moml.MoMLSimpleApplication@2d015073
reloadAllAccessors: .broken

===========================================================================================
----------------- testing Mon Jun 11 03:43:42 UTC 2018 /home/travis/build/icyphy/ptII/ptolemy/actor/lib/test/auto/LevelCrossTest3.xml
----------------- Instantiating /home/travis/build/icyphy/ptII/ptolemy/actor/lib/test/auto/LevelCrossTest3.xml
1 ms. Memory: 1619968K Free: 1053638K (65%)
----------------- Invoking toplevel() on ptolemy.moml.MoMLSimpleApplication@63ff03ca
----------------- Done invoking toplevel() on ptolemy.moml.MoMLSimpleApplication@63ff03ca
reloadAllAccessors: .LevelCrossTest3

===========================================================================================
----------------- testing Mon Jun 11 03:43:42 UTC 2018 /home/travis/build/icyphy/ptII/ptolemy/actor/lib/test/auto/LevelCrossTest4.xml
----------------- Instantiating /home/travis/build/icyphy/ptII/ptolemy/actor/lib/test/auto/LevelCrossTest4.xml
2 ms. Memory: 1619968K Free: 1030909K (64%)
----------------- Invoking toplevel() on ptolemy.moml.MoMLSimpleApplication@68768bf6
----------------- Done invoking toplevel() on ptolemy.moml.MoMLSimpleApplication@68768bf6
reloadAllAccessors: .broken

===========================================================================================
----------------- testing Mon Jun 11 03:43:42 UTC 2018 /home/travis/build/icyphy/ptII/ptolemy/actor/lib/test/auto/LevelCrossTest5.xml
----------------- Instantiating /home/travis/build/icyphy/ptII/ptolemy/actor/lib/test/auto/LevelCrossTest5.xml
1 ms. Memory: 1619968K Free: 1015702K (63%)
----------------- Invoking toplevel() on ptolemy.moml.MoMLSimpleApplication@29f81534
----------------- Done invoking toplevel() on ptolemy.moml.MoMLSimpleApplication@29f81534
reloadAllAccessors: .LevelCrossTest5

===========================================================================================
----------------- testing Mon Jun 11 03:43:42 UTC 2018 /home/travis/build/icyphy/ptII/ptolemy/actor/lib/test/auto/LevelCrossTest6.xml
----------------- Instantiating /home/travis/build/icyphy/ptII/ptolemy/actor/lib/test/auto/LevelCrossTest6.xml
1 ms. Memory: 1619968K Free: 1000496K (62%)
----------------- Invoking toplevel() on ptolemy.moml.MoMLSimpleApplication@581c775d
----------------- Done invoking toplevel() on ptolemy.moml.MoMLSimpleApplication@581c775d
reloadAllAccessors: .LevelCrossTest6

===========================================================================================
----------------- testing Mon Jun 11 03:43:42 UTC 2018 /home/travis/build/icyphy/ptII/ptolemy/actor/lib/test/auto/LevelCrossTest7.xml
----------------- Instantiating /home/travis/build/icyphy/ptII/ptolemy/actor/lib/test/auto/LevelCrossTest7.xml
1 ms. Memory: 1619968K Free: 977767K (60%)
----------------- Invoking toplevel() on ptolemy.moml.MoMLSimpleApplication@49428964
----------------- Done invoking toplevel() on ptolemy.moml.MoMLSimpleApplication@49428964
reloadAllAccessors: .LevelCrossTest7

===========================================================================================
----------------- testing Mon Jun 11 03:43:42 UTC 2018 /home/travis/build/icyphy/ptII/ptolemy/actor/lib/test/auto/LevelCrossTest8.xml
----------------- Instantiating /home/travis/build/icyphy/ptII/ptolemy/actor/lib/test/auto/LevelCrossTest8.xml
2 ms. Memory: 1619968K Free: 962560K (59%)
----------------- Invoking toplevel() on ptolemy.moml.MoMLSimpleApplication@12a3448a
----------------- Done invoking toplevel() on ptolemy.moml.MoMLSimpleApplication@12a3448a
reloadAllAccessors: .LevelCrossTest8

===========================================================================================
----------------- testing Mon Jun 11 03:43:42 UTC 2018 /home/travis/build/icyphy/ptII/ptolemy/actor/lib/test/auto/LevelCrossTest9.xml
----------------- Instantiating /home/travis/build/icyphy/ptII/ptolemy/actor/lib/test/auto/LevelCrossTest9.xml
0 ms. Memory: 1619968K Free: 947354K (58%)
----------------- Invoking toplevel() on ptolemy.moml.MoMLSimpleApplication@3b0cd4d
----------------- Done invoking toplevel() on ptolemy.moml.MoMLSimpleApplication@3b0cd4d
reloadAllAccessors: .LevelCrossTest9

===========================================================================================
----------------- testing Mon Jun 11 03:43:42 UTC 2018 /home/travis/build/icyphy/ptII/ptolemy/actor/lib/test/auto/LevinsonDurbin.xml
----------------- Instantiating /home/travis/build/icyphy/ptII/ptolemy/actor/lib/test/auto/LevinsonDurbin.xml
1 ms. Memory: 1619968K Free: 932147K (58%)
----------------- Invoking toplevel() on ptolemy.moml.MoMLSimpleApplication@65e86b6e
----------------- Done invoking toplevel() on ptolemy.moml.MoMLSimpleApplication@65e86b6e
reloadAllAccessors: .LevinsonDurbin

===========================================================================================
----------------- testing Mon Jun 11 03:43:42 UTC 2018 /home/travis/build/icyphy/ptII/ptolemy/actor/lib/test/auto/LevinsonDurbin2.xml
----------------- Instantiating /home/travis/build/icyphy/ptII/ptolemy/actor/lib/test/auto/LevinsonDurbin2.xml
3 ms. Memory: 1619968K Free: 909418K (56%)
----------------- Invoking toplevel() on ptolemy.moml.MoMLSimpleApplication@f38972a
----------------- Done invoking toplevel() on ptolemy.moml.MoMLSimpleApplication@f38972a
reloadAllAccessors: .LevinsonDurbin2

===========================================================================================
----------------- testing Mon Jun 11 03:43:42 UTC 2018 /home/travis/build/icyphy/ptII/ptolemy/actor/lib/test/auto/LevinsonDurbin3.xml
----------------- Instantiating /home/travis/build/icyphy/ptII/ptolemy/actor/lib/test/auto/LevinsonDurbin3.xml
2 ms. Memory: 1619968K Free: 894212K (55%)
----------------- Invoking toplevel() on ptolemy.moml.MoMLSimpleApplication@333a66a3
----------------- Done invoking toplevel() on ptolemy.moml.MoMLSimpleApplication@333a66a3
reloadAllAccessors: .LevinsonDurbin3

===========================================================================================
----------------- testing Mon Jun 11 03:43:42 UTC 2018 /home/travis/build/icyphy/ptII/ptolemy/actor/lib/test/auto/Limiter.xml
----------------- Instantiating /home/travis/build/icyphy/ptII/ptolemy/actor/lib/test/auto/Limiter.xml
4 ms. Memory: 1619968K Free: 879005K (54%)
----------------- Invoking toplevel() on ptolemy.moml.MoMLSimpleApplication@35f214d5
----------------- Done invoking toplevel() on ptolemy.moml.MoMLSimpleApplication@35f214d5
reloadAllAccessors: .Limiter

===========================================================================================
----------------- testing Mon Jun 11 03:43:42 UTC 2018 /home/travis/build/icyphy/ptII/ptolemy/actor/lib/test/auto/LinearDifferenceEquationSystem.xml
----------------- Instantiating /home/travis/build/icyphy/ptII/ptolemy/actor/lib/test/auto/LinearDifferenceEquationSystem.xml
3 ms. Memory: 1619968K Free: 856276K (53%)
----------------- Invoking toplevel() on ptolemy.moml.MoMLSimpleApplication@6cac80e5
----------------- Done invoking toplevel() on ptolemy.moml.MoMLSimpleApplication@6cac80e5
reloadAllAccessors: .LinearDifferenceEquationSystem

===========================================================================================
----------------- testing Mon Jun 11 03:43:42 UTC 2018 /home/travis/build/icyphy/ptII/ptolemy/actor/lib/test/auto/LookupTable.xml
----------------- Instantiating /home/travis/build/icyphy/ptII/ptolemy/actor/lib/test/auto/LookupTable.xml
2 ms. Memory: 1619968K Free: 841070K (52%)
----------------- Invoking toplevel() on ptolemy.moml.MoMLSimpleApplication@7267f0b8
----------------- Done invoking toplevel() on ptolemy.moml.MoMLSimpleApplication@7267f0b8
reloadAllAccessors: .LookupTable

===========================================================================================
----------------- testing Mon Jun 11 03:43:42 UTC 2018 /home/travis/build/icyphy/ptII/ptolemy/actor/lib/test/auto/MathFunction.xml
----------------- Instantiating /home/travis/build/icyphy/ptII/ptolemy/actor/lib/test/auto/MathFunction.xml
2 ms. Memory: 1619968K Free: 825863K (51%)
----------------- Invoking toplevel() on ptolemy.moml.MoMLSimpleApplication@4421946b
----------------- Done invoking toplevel() on ptolemy.moml.MoMLSimpleApplication@4421946b
reloadAllAccessors: .MathFunction

===========================================================================================
----------------- testing Mon Jun 11 03:43:42 UTC 2018 /home/travis/build/icyphy/ptII/ptolemy/actor/lib/test/auto/MathFunction2.xml
----------------- Instantiating /home/travis/build/icyphy/ptII/ptolemy/actor/lib/test/auto/MathFunction2.xml
1 ms. Memory: 1619968K Free: 803134K (50%)
----------------- Invoking toplevel() on ptolemy.moml.MoMLSimpleApplication@7c5b6b16
----------------- Done invoking toplevel() on ptolemy.moml.MoMLSimpleApplication@7c5b6b16
reloadAllAccessors: .MathFunction2

===========================================================================================
----------------- testing Mon Jun 11 03:43:42 UTC 2018 /home/travis/build/icyphy/ptII/ptolemy/actor/lib/test/auto/MathFunction3.xml
----------------- Instantiating /home/travis/build/icyphy/ptII/ptolemy/actor/lib/test/auto/MathFunction3.xml
1 ms. Memory: 1619968K Free: 787928K (49%)
----------------- Invoking toplevel() on ptolemy.moml.MoMLSimpleApplication@4c8f476a
----------------- Done invoking toplevel() on ptolemy.moml.MoMLSimpleApplication@4c8f476a
reloadAllAccessors: .MathFunction3

===========================================================================================
----------------- testing Mon Jun 11 03:43:42 UTC 2018 /home/travis/build/icyphy/ptII/ptolemy/actor/lib/test/auto/MatrixCropBoolean.xml
----------------- Instantiating /home/travis/build/icyphy/ptII/ptolemy/actor/lib/test/auto/MatrixCropBoolean.xml
1 ms. Memory: 1619968K Free: 772721K (48%)
----------------- Invoking toplevel() on ptolemy.moml.MoMLSimpleApplication@3de06bbd
----------------- Done invoking toplevel() on ptolemy.moml.MoMLSimpleApplication@3de06bbd
reloadAllAccessors: .MatrixCropBoolean

===========================================================================================
----------------- testing Mon Jun 11 03:43:42 UTC 2018 /home/travis/build/icyphy/ptII/ptolemy/actor/lib/test/auto/MatrixCropComplex.xml
----------------- Instantiating /home/travis/build/icyphy/ptII/ptolemy/actor/lib/test/auto/MatrixCropComplex.xml
2 ms. Memory: 1619968K Free: 749992K (46%)
----------------- Invoking toplevel() on ptolemy.moml.MoMLSimpleApplication@744eff7b
----------------- Done invoking toplevel() on ptolemy.moml.MoMLSimpleApplication@744eff7b
reloadAllAccessors: .MatrixCropComplex

===========================================================================================
----------------- testing Mon Jun 11 03:43:42 UTC 2018 /home/travis/build/icyphy/ptII/ptolemy/actor/lib/test/auto/MatrixCropDouble.xml
----------------- Instantiating /home/travis/build/icyphy/ptII/ptolemy/actor/lib/test/auto/MatrixCropDouble.xml
2 ms. Memory: 1619968K Free: 734785K (45%)
----------------- Invoking toplevel() on ptolemy.moml.MoMLSimpleApplication@12aaf3e6
----------------- Done invoking toplevel() on ptolemy.moml.MoMLSimpleApplication@12aaf3e6
reloadAllAccessors: .MatrixCropDouble

===========================================================================================
----------------- testing Mon Jun 11 03:43:42 UTC 2018 /home/travis/build/icyphy/ptII/ptolemy/actor/lib/test/auto/MatrixCropFix.xml
----------------- Instantiating /home/travis/build/icyphy/ptII/ptolemy/actor/lib/test/auto/MatrixCropFix.xml
1 ms. Memory: 1619968K Free: 719579K (44%)
----------------- Invoking toplevel() on ptolemy.moml.MoMLSimpleApplication@7533b06e
----------------- Done invoking toplevel() on ptolemy.moml.MoMLSimpleApplication@7533b06e
reloadAllAccessors: .MatrixCropFix

===========================================================================================
----------------- testing Mon Jun 11 03:43:42 UTC 2018 /home/travis/build/icyphy/ptII/ptolemy/actor/lib/test/auto/MatrixCropInt.xml
----------------- Instantiating /home/travis/build/icyphy/ptII/ptolemy/actor/lib/test/auto/MatrixCropInt.xml
1 ms. Memory: 1619968K Free: 696850K (43%)
----------------- Invoking toplevel() on ptolemy.moml.MoMLSimpleApplication@2ed70f17
----------------- Done invoking toplevel() on ptolemy.moml.MoMLSimpleApplication@2ed70f17
reloadAllAccessors: .MatrixCropInt

===========================================================================================
----------------- testing Mon Jun 11 03:43:42 UTC 2018 /home/travis/build/icyphy/ptII/ptolemy/actor/lib/test/auto/MatrixCropLong.xml
----------------- Instantiating /home/travis/build/icyphy/ptII/ptolemy/actor/lib/test/auto/MatrixCropLong.xml
2 ms. Memory: 1619968K Free: 681644K (42%)
----------------- Invoking toplevel() on ptolemy.moml.MoMLSimpleApplication@25e57047
----------------- Done invoking toplevel() on ptolemy.moml.MoMLSimpleApplication@25e57047
reloadAllAccessors: .MatrixCropLong

===========================================================================================
----------------- testing Mon Jun 11 03:43:42 UTC 2018 /home/travis/build/icyphy/ptII/ptolemy/actor/lib/test/auto/MatrixToArray.xml
----------------- Instantiating /home/travis/build/icyphy/ptII/ptolemy/actor/lib/test/auto/MatrixToArray.xml
9 ms. Memory: 1619968K Free: 658834K (41%)
----------------- Invoking toplevel() on ptolemy.moml.MoMLSimpleApplication@350ca1ec
----------------- Done invoking toplevel() on ptolemy.moml.MoMLSimpleApplication@350ca1ec
reloadAllAccessors: .MatrixToArray

===========================================================================================
----------------- testing Mon Jun 11 03:43:42 UTC 2018 /home/travis/build/icyphy/ptII/ptolemy/actor/lib/test/auto/MaxIndex.xml
----------------- Instantiating /home/travis/build/icyphy/ptII/ptolemy/actor/lib/test/auto/MaxIndex.xml
1 ms. Memory: 1619968K Free: 643627K (40%)
----------------- Invoking toplevel() on ptolemy.moml.MoMLSimpleApplication@204599c3
----------------- Done invoking toplevel() on ptolemy.moml.MoMLSimpleApplication@204599c3
reloadAllAccessors: .MaxIndex

===========================================================================================
----------------- testing Mon Jun 11 03:43:42 UTC 2018 /home/travis/build/icyphy/ptII/ptolemy/actor/lib/test/auto/Maximum.xml
----------------- Instantiating /home/travis/build/icyphy/ptII/ptolemy/actor/lib/test/auto/Maximum.xml
6 ms. Memory: 1619968K Free: 620898K (38%)
----------------- Invoking toplevel() on ptolemy.moml.MoMLSimpleApplication@88d97d3
----------------- Done invoking toplevel() on ptolemy.moml.MoMLSimpleApplication@88d97d3
reloadAllAccessors: .Maximum

===========================================================================================
----------------- testing Mon Jun 11 03:43:42 UTC 2018 /home/travis/build/icyphy/ptII/ptolemy/actor/lib/test/auto/MaximumComplex.xml
----------------- Instantiating /home/travis/build/icyphy/ptII/ptolemy/actor/lib/test/auto/MaximumComplex.xml
4 ms. Memory: 1619968K Free: 605692K (37%)
----------------- Invoking toplevel() on ptolemy.moml.MoMLSimpleApplication@4e872f32
----------------- Done invoking toplevel() on ptolemy.moml.MoMLSimpleApplication@4e872f32
reloadAllAccessors: .MaximumComplex

===========================================================================================
----------------- testing Mon Jun 11 03:43:42 UTC 2018 /home/travis/build/icyphy/ptII/ptolemy/actor/lib/test/auto/MethodCallTest.xml
----------------- Instantiating /home/travis/build/icyphy/ptII/ptolemy/actor/lib/test/auto/MethodCallTest.xml
2 ms. Memory: 1619968K Free: 590486K (36%)
----------------- Invoking toplevel() on ptolemy.moml.MoMLSimpleApplication@4351da74
----------------- Done invoking toplevel() on ptolemy.moml.MoMLSimpleApplication@4351da74
reloadAllAccessors: .MethodCallTest

===========================================================================================
----------------- testing Mon Jun 11 03:43:42 UTC 2018 /home/travis/build/icyphy/ptII/ptolemy/actor/lib/test/auto/Minimum.xml
----------------- Instantiating /home/travis/build/icyphy/ptII/ptolemy/actor/lib/test/auto/Minimum.xml
3 ms. Memory: 1619968K Free: 567756K (35%)
----------------- Invoking toplevel() on ptolemy.moml.MoMLSimpleApplication@6995885a
----------------- Done invoking toplevel() on ptolemy.moml.MoMLSimpleApplication@6995885a
reloadAllAccessors: .Minimum

===========================================================================================
----------------- testing Mon Jun 11 03:43:42 UTC 2018 /home/travis/build/icyphy/ptII/ptolemy/actor/lib/test/auto/MinimumComplex.xml
----------------- Instantiating /home/travis/build/icyphy/ptII/ptolemy/actor/lib/test/auto/MinimumComplex.xml
3 ms. Memory: 1619968K Free: 552550K (34%)
----------------- Invoking toplevel() on ptolemy.moml.MoMLSimpleApplication@7209acaf
----------------- Done invoking toplevel() on ptolemy.moml.MoMLSimpleApplication@7209acaf
reloadAllAccessors: .MinimumComplex

===========================================================================================
----------------- testing Mon Jun 11 03:43:42 UTC 2018 /home/travis/build/icyphy/ptII/ptolemy/actor/lib/test/auto/MinimumMultiports.xml
----------------- Instantiating /home/travis/build/icyphy/ptII/ptolemy/actor/lib/test/auto/MinimumMultiports.xml
4 ms. Memory: 1619968K Free: 537343K (33%)
----------------- Invoking toplevel() on ptolemy.moml.MoMLSimpleApplication@59a37be6
----------------- Done invoking toplevel() on ptolemy.moml.MoMLSimpleApplication@59a37be6
reloadAllAccessors: .MinimumMultiports

===========================================================================================
----------------- testing Mon Jun 11 03:43:42 UTC 2018 /home/travis/build/icyphy/ptII/ptolemy/actor/lib/test/auto/ModifyDate.xml
----------------- Instantiating /home/travis/build/icyphy/ptII/ptolemy/actor/lib/test/auto/ModifyDate.xml
4 ms. Memory: 1619968K Free: 506995K (31%)
----------------- Invoking toplevel() on ptolemy.moml.MoMLSimpleApplication@723f67f2
----------------- Done invoking toplevel() on ptolemy.moml.MoMLSimpleApplication@723f67f2
reloadAllAccessors: .ModifyDate

===========================================================================================
----------------- testing Mon Jun 11 03:43:42 UTC 2018 /home/travis/build/icyphy/ptII/ptolemy/actor/lib/test/auto/ModifyDate2.xml
----------------- Instantiating /home/travis/build/icyphy/ptII/ptolemy/actor/lib/test/auto/ModifyDate2.xml
3 ms. Memory: 1619968K Free: 484169K (30%)
----------------- Invoking toplevel() on ptolemy.moml.MoMLSimpleApplication@5b92adbe
----------------- Done invoking toplevel() on ptolemy.moml.MoMLSimpleApplication@5b92adbe
reloadAllAccessors: .ModifyDate2

===========================================================================================
----------------- testing Mon Jun 11 03:43:42 UTC 2018 /home/travis/build/icyphy/ptII/ptolemy/actor/lib/test/auto/MovingAverage.xml
----------------- Instantiating /home/travis/build/icyphy/ptII/ptolemy/actor/lib/test/auto/MovingAverage.xml
1 ms. Memory: 1619968K Free: 468963K (29%)
----------------- Invoking toplevel() on ptolemy.moml.MoMLSimpleApplication@52a4845b
----------------- Done invoking toplevel() on ptolemy.moml.MoMLSimpleApplication@52a4845b
reloadAllAccessors: .MovingAverage

===========================================================================================
----------------- testing Mon Jun 11 03:43:42 UTC 2018 /home/travis/build/icyphy/ptII/ptolemy/actor/lib/test/auto/MovingMaximum.xml
----------------- Instantiating /home/travis/build/icyphy/ptII/ptolemy/actor/lib/test/auto/MovingMaximum.xml
2 ms. Memory: 1619968K Free: 446233K (28%)
----------------- Invoking toplevel() on ptolemy.moml.MoMLSimpleApplication@3fc16782
----------------- Done invoking toplevel() on ptolemy.moml.MoMLSimpleApplication@3fc16782
reloadAllAccessors: .MovingMaximum

===========================================================================================
----------------- testing Mon Jun 11 03:43:42 UTC 2018 /home/travis/build/icyphy/ptII/ptolemy/actor/lib/test/auto/MultipleLinksToSameRelation.xml
----------------- Instantiating /home/travis/build/icyphy/ptII/ptolemy/actor/lib/test/auto/MultipleLinksToSameRelation.xml
2 ms. Memory: 1619968K Free: 431027K (27%)
----------------- Invoking toplevel() on ptolemy.moml.MoMLSimpleApplication@203012a3
----------------- Done invoking toplevel() on ptolemy.moml.MoMLSimpleApplication@203012a3
reloadAllAccessors: .MultipleLinksToSameRelation

===========================================================================================
----------------- testing Mon Jun 11 03:43:42 UTC 2018 /home/travis/build/icyphy/ptII/ptolemy/actor/lib/test/auto/MultipleLinksToSameRelationDE.xml
----------------- Instantiating /home/travis/build/icyphy/ptII/ptolemy/actor/lib/test/auto/MultipleLinksToSameRelationDE.xml
4 ms. Memory: 1619968K Free: 415821K (26%)
----------------- Invoking toplevel() on ptolemy.moml.MoMLSimpleApplication@6009d860
----------------- Done invoking toplevel() on ptolemy.moml.MoMLSimpleApplication@6009d860
reloadAllAccessors: .MultipleLinksToSameRelationDE

===========================================================================================
----------------- testing Mon Jun 11 03:43:42 UTC 2018 /home/travis/build/icyphy/ptII/ptolemy/actor/lib/test/auto/Multiplexor.xml
----------------- Instantiating /home/travis/build/icyphy/ptII/ptolemy/actor/lib/test/auto/Multiplexor.xml
2 ms. Memory: 1619968K Free: 400614K (25%)
----------------- Invoking toplevel() on ptolemy.moml.MoMLSimpleApplication@7b4d71cd
----------------- Done invoking toplevel() on ptolemy.moml.MoMLSimpleApplication@7b4d71cd
reloadAllAccessors: .Multiplexor

===========================================================================================
----------------- testing Mon Jun 11 03:43:42 UTC 2018 /home/travis/build/icyphy/ptII/ptolemy/actor/lib/test/auto/Multiplexor1.xml
----------------- Instantiating /home/travis/build/icyphy/ptII/ptolemy/actor/lib/test/auto/Multiplexor1.xml
2 ms. Memory: 1619968K Free: 377885K (23%)
----------------- Invoking toplevel() on ptolemy.moml.MoMLSimpleApplication@5ca8a6c4
----------------- Done invoking toplevel() on ptolemy.moml.MoMLSimpleApplication@5ca8a6c4
reloadAllAccessors: .Multiplexor1

===========================================================================================
----------------- testing Mon Jun 11 03:43:42 UTC 2018 /home/travis/build/icyphy/ptII/ptolemy/actor/lib/test/auto/Multiplexor2.xml
----------------- Instantiating /home/travis/build/icyphy/ptII/ptolemy/actor/lib/test/auto/Multiplexor2.xml
5 ms. Memory: 1619968K Free: 362679K (22%)
----------------- Invoking toplevel() on ptolemy.moml.MoMLSimpleApplication@5c65359f
----------------- Done invoking toplevel() on ptolemy.moml.MoMLSimpleApplication@5c65359f
reloadAllAccessors: .Multiplexor2

===========================================================================================
----------------- testing Mon Jun 11 03:43:42 UTC 2018 /home/travis/build/icyphy/ptII/ptolemy/actor/lib/test/auto/Multiplexor3.xml
----------------- Instantiating /home/travis/build/icyphy/ptII/ptolemy/actor/lib/test/auto/Multiplexor3.xml
3 ms. Memory: 1619968K Free: 347472K (21%)
----------------- Invoking toplevel() on ptolemy.moml.MoMLSimpleApplication@1621cda8
----------------- Done invoking toplevel() on ptolemy.moml.MoMLSimpleApplication@1621cda8
reloadAllAccessors: .Multiplexor3

===========================================================================================
----------------- testing Mon Jun 11 03:43:42 UTC 2018 /home/travis/build/icyphy/ptII/ptolemy/actor/lib/test/auto/MultiplexorDE.xml
----------------- Instantiating /home/travis/build/icyphy/ptII/ptolemy/actor/lib/test/auto/MultiplexorDE.xml
5 ms. Memory: 1619968K Free: 324743K (20%)
----------------- Invoking toplevel() on ptolemy.moml.MoMLSimpleApplication@38e7fe46
----------------- Done invoking toplevel() on ptolemy.moml.MoMLSimpleApplication@38e7fe46
reloadAllAccessors: .MultiplexorDE

===========================================================================================
----------------- testing Mon Jun 11 03:43:42 UTC 2018 /home/travis/build/icyphy/ptII/ptolemy/actor/lib/test/auto/MultiportBroadcastTest.xml
----------------- Instantiating /home/travis/build/icyphy/ptII/ptolemy/actor/lib/test/auto/MultiportBroadcastTest.xml
88 ms. Memory: 1619968K Free: 309537K (19%)
----------------- Invoking toplevel() on ptolemy.moml.MoMLSimpleApplication@633148e
----------------- Done invoking toplevel() on ptolemy.moml.MoMLSimpleApplication@633148e
reloadAllAccessors: .MultiportBroadcastTest

===========================================================================================
----------------- testing Mon Jun 11 03:43:43 UTC 2018 /home/travis/build/icyphy/ptII/ptolemy/actor/lib/test/auto/MultiportOutHangDuringGetWidth.xml
----------------- Instantiating /home/travis/build/icyphy/ptII/ptolemy/actor/lib/test/auto/MultiportOutHangDuringGetWidth.xml
5 ms. Memory: 1619968K Free: 286711K (18%)
----------------- Invoking toplevel() on ptolemy.moml.MoMLSimpleApplication@40a151c2
----------------- Done invoking toplevel() on ptolemy.moml.MoMLSimpleApplication@40a151c2
reloadAllAccessors: .MultiportOutHangDuringGetWidth

===========================================================================================
----------------- testing Mon Jun 11 03:43:43 UTC 2018 /home/travis/build/icyphy/ptII/ptolemy/actor/lib/test/auto/NilToken.xml
----------------- Instantiating /home/travis/build/icyphy/ptII/ptolemy/actor/lib/test/auto/NilToken.xml
2 ms. Memory: 1619968K Free: 263982K (16%)
----------------- Invoking toplevel() on ptolemy.moml.MoMLSimpleApplication@15c3b85a
----------------- Done invoking toplevel() on ptolemy.moml.MoMLSimpleApplication@15c3b85a
reloadAllAccessors: .NilToken

===========================================================================================
----------------- testing Mon Jun 11 03:43:43 UTC 2018 /home/travis/build/icyphy/ptII/ptolemy/actor/lib/test/auto/NilTokenNonStrictTest.xml
----------------- Instantiating /home/travis/build/icyphy/ptII/ptolemy/actor/lib/test/auto/NilTokenNonStrictTest.xml
2 ms. Memory: 1619968K Free: 248775K (15%)
----------------- Invoking toplevel() on ptolemy.moml.MoMLSimpleApplication@6db13d19
----------------- Done invoking toplevel() on ptolemy.moml.MoMLSimpleApplication@6db13d19
reloadAllAccessors: .NilTokenNonStrictTest

===========================================================================================
----------------- testing Mon Jun 11 03:43:43 UTC 2018 /home/travis/build/icyphy/ptII/ptolemy/actor/lib/test/auto/NilTokenRecord.xml
----------------- Instantiating /home/travis/build/icyphy/ptII/ptolemy/actor/lib/test/auto/NilTokenRecord.xml
5 ms. Memory: 1619968K Free: 233569K (14%)
----------------- Invoking toplevel() on ptolemy.moml.MoMLSimpleApplication@12b4d65d
----------------- Done invoking toplevel() on ptolemy.moml.MoMLSimpleApplication@12b4d65d
reloadAllAccessors: .NilTokenRecord

===========================================================================================
----------------- testing Mon Jun 11 03:43:43 UTC 2018 /home/travis/build/icyphy/ptII/ptolemy/actor/lib/test/auto/NilTokenTypeTest.xml
----------------- Instantiating /home/travis/build/icyphy/ptII/ptolemy/actor/lib/test/auto/NilTokenTypeTest.xml
2 ms. Memory: 1619968K Free: 203229K (13%)
----------------- Invoking toplevel() on ptolemy.moml.MoMLSimpleApplication@787a955d
----------------- Done invoking toplevel() on ptolemy.moml.MoMLSimpleApplication@787a955d
reloadAllAccessors: .NilTokenTypeTest

===========================================================================================
----------------- testing Mon Jun 11 03:43:43 UTC 2018 /home/travis/build/icyphy/ptII/ptolemy/actor/lib/test/auto/ObjectToken1.xml
----------------- Instantiating /home/travis/build/icyphy/ptII/ptolemy/actor/lib/test/auto/ObjectToken1.xml
2 ms. Memory: 1619968K Free: 188022K (12%)
----------------- Invoking toplevel() on ptolemy.moml.MoMLSimpleApplication@54ca3482
----------------- Done invoking toplevel() on ptolemy.moml.MoMLSimpleApplication@54ca3482
reloadAllAccessors: .ObjectToken1

===========================================================================================
----------------- testing Mon Jun 11 03:43:43 UTC 2018 /home/travis/build/icyphy/ptII/ptolemy/actor/lib/test/auto/OrderedMerge.xml
----------------- Instantiating /home/travis/build/icyphy/ptII/ptolemy/actor/lib/test/auto/OrderedMerge.xml
10 ms. Memory: 1619968K Free: 142403K (9%)
----------------- Invoking toplevel() on ptolemy.moml.MoMLSimpleApplication@7d2a0081
----------------- Done invoking toplevel() on ptolemy.moml.MoMLSimpleApplication@7d2a0081
reloadAllAccessors: .OrderedMerge

===========================================================================================
----------------- testing Mon Jun 11 03:43:43 UTC 2018 /home/travis/build/icyphy/ptII/ptolemy/actor/lib/test/auto/OrderedRecordDisassembler.xml
----------------- Instantiating /home/travis/build/icyphy/ptII/ptolemy/actor/lib/test/auto/OrderedRecordDisassembler.xml
3 ms. Memory: 1619968K Free: 119674K (7%)
----------------- Invoking toplevel() on ptolemy.moml.MoMLSimpleApplication@1f64706c
----------------- Done invoking toplevel() on ptolemy.moml.MoMLSimpleApplication@1f64706c
reloadAllAccessors: .OrderedRecordDisassembler

===========================================================================================
----------------- testing Mon Jun 11 03:43:43 UTC 2018 /home/travis/build/icyphy/ptII/ptolemy/actor/lib/test/auto/OrderedRecordDisassembler2.xml
----------------- Instantiating /home/travis/build/icyphy/ptII/ptolemy/actor/lib/test/auto/OrderedRecordDisassembler2.xml
7 ms. Memory: 1619968K Free: 104468K (6%)
----------------- Invoking toplevel() on ptolemy.moml.MoMLSimpleApplication@4027f4f7
----------------- Done invoking toplevel() on ptolemy.moml.MoMLSimpleApplication@4027f4f7
reloadAllAccessors: .OrderedRecordDisassembler2

===========================================================================================
----------------- testing Mon Jun 11 03:43:43 UTC 2018 /home/travis/build/icyphy/ptII/ptolemy/actor/lib/test/auto/OrderedRecordUpdater.xml
----------------- Instantiating /home/travis/build/icyphy/ptII/ptolemy/actor/lib/test/auto/OrderedRecordUpdater.xml
2 ms. Memory: 1619968K Free: 89261K (6%)
----------------- Invoking toplevel() on ptolemy.moml.MoMLSimpleApplication@30f2c5e0
----------------- Done invoking toplevel() on ptolemy.moml.MoMLSimpleApplication@30f2c5e0
reloadAllAccessors: .RecordUpdater

===========================================================================================
----------------- testing Mon Jun 11 03:43:43 UTC 2018 /home/travis/build/icyphy/ptII/ptolemy/actor/lib/test/auto/OrderedRecordUpdater2.xml
----------------- Instantiating /home/travis/build/icyphy/ptII/ptolemy/actor/lib/test/auto/OrderedRecordUpdater2.xml
3 ms. Memory: 1619968K Free: 66532K (4%)
----------------- Invoking toplevel() on ptolemy.moml.MoMLSimpleApplication@dfa859b
----------------- Done invoking toplevel() on ptolemy.moml.MoMLSimpleApplication@dfa859b
reloadAllAccessors: .RecordUpdater2

===========================================================================================
----------------- testing Mon Jun 11 03:43:43 UTC 2018 /home/travis/build/icyphy/ptII/ptolemy/actor/lib/test/auto/PhaseUnwrap.xml
----------------- Instantiating /home/travis/build/icyphy/ptII/ptolemy/actor/lib/test/auto/PhaseUnwrap.xml
12 ms. Memory: 1763328K Free: 1718853K (97%)
----------------- Invoking toplevel() on ptolemy.moml.MoMLSimpleApplication@605395d6
----------------- Done invoking toplevel() on ptolemy.moml.MoMLSimpleApplication@605395d6
reloadAllAccessors: .PhaseUnwrap

===========================================================================================
----------------- testing Mon Jun 11 03:43:43 UTC 2018 /home/travis/build/icyphy/ptII/ptolemy/actor/lib/test/auto/PoissonClock.xml
----------------- Instantiating /home/travis/build/icyphy/ptII/ptolemy/actor/lib/test/auto/PoissonClock.xml
2 ms. Memory: 1763328K Free: 1691553K (96%)
----------------- Invoking toplevel() on ptolemy.moml.MoMLSimpleApplication@6594d4ac
----------------- Done invoking toplevel() on ptolemy.moml.MoMLSimpleApplication@6594d4ac
reloadAllAccessors: .PoissonClock

===========================================================================================
----------------- testing Mon Jun 11 03:43:43 UTC 2018 /home/travis/build/icyphy/ptII/ptolemy/actor/lib/test/auto/PoissonClock2.xml
----------------- Instantiating /home/travis/build/icyphy/ptII/ptolemy/actor/lib/test/auto/PoissonClock2.xml
4 ms. Memory: 1763328K Free: 1675107K (95%)
----------------- Invoking toplevel() on ptolemy.moml.MoMLSimpleApplication@58b1fff1
----------------- Done invoking toplevel() on ptolemy.moml.MoMLSimpleApplication@58b1fff1
reloadAllAccessors: .PoissonClock2

===========================================================================================
----------------- testing Mon Jun 11 03:43:43 UTC 2018 /home/travis/build/icyphy/ptII/ptolemy/actor/lib/test/auto/PoissonClock3.xml
----------------- Instantiating /home/travis/build/icyphy/ptII/ptolemy/actor/lib/test/auto/PoissonClock3.xml
1 ms. Memory: 1763328K Free: 1651824K (94%)
----------------- Invoking toplevel() on ptolemy.moml.MoMLSimpleApplication@3a8e13d4
----------------- Done invoking toplevel() on ptolemy.moml.MoMLSimpleApplication@3a8e13d4
reloadAllAccessors: .PoissonClock3

===========================================================================================
----------------- testing Mon Jun 11 03:43:43 UTC 2018 /home/travis/build/icyphy/ptII/ptolemy/actor/lib/test/auto/PubSubWithInitialTokens.xml
----------------- Instantiating /home/travis/build/icyphy/ptII/ptolemy/actor/lib/test/auto/PubSubWithInitialTokens.xml
2 ms. Memory: 1763328K Free: 1635379K (93%)
----------------- Invoking toplevel() on ptolemy.moml.MoMLSimpleApplication@56aa8e5a
----------------- Done invoking toplevel() on ptolemy.moml.MoMLSimpleApplication@56aa8e5a
reloadAllAccessors: .PubSubWithInitialTokens

===========================================================================================
----------------- testing Mon Jun 11 03:43:43 UTC 2018 /home/travis/build/icyphy/ptII/ptolemy/actor/lib/test/auto/PubSubWithInitialTokens2.xml
----------------- Instantiating /home/travis/build/icyphy/ptII/ptolemy/actor/lib/test/auto/PubSubWithInitialTokens2.xml
4 ms. Memory: 1763328K Free: 1618933K (92%)
----------------- Invoking toplevel() on ptolemy.moml.MoMLSimpleApplication@262537ba
----------------- Done invoking toplevel() on ptolemy.moml.MoMLSimpleApplication@262537ba
reloadAllAccessors: .PubSubWithInitialTokens2

===========================================================================================
----------------- testing Mon Jun 11 03:43:43 UTC 2018 /home/travis/build/icyphy/ptII/ptolemy/actor/lib/test/auto/PublisherClassNoParameter.xml
----------------- Instantiating /home/travis/build/icyphy/ptII/ptolemy/actor/lib/test/auto/PublisherClassNoParameter.xml
2 ms. Memory: 1763328K Free: 1595744K (90%)
----------------- Invoking toplevel() on ptolemy.moml.MoMLSimpleApplication@4e300411
----------------- Done invoking toplevel() on ptolemy.moml.MoMLSimpleApplication@4e300411
reloadAllAccessors: .PublisherClassNoParameter

===========================================================================================
----------------- testing Mon Jun 11 03:43:43 UTC 2018 /home/travis/build/icyphy/ptII/ptolemy/actor/lib/test/auto/PublisherClassParameter.xml
----------------- Instantiating /home/travis/build/icyphy/ptII/ptolemy/actor/lib/test/auto/PublisherClassParameter.xml
2 ms. Memory: 1763328K Free: 1571068K (89%)
----------------- Invoking toplevel() on ptolemy.moml.MoMLSimpleApplication@603792c3
----------------- Done invoking toplevel() on ptolemy.moml.MoMLSimpleApplication@603792c3
reloadAllAccessors: .PublisherClassParameter

===========================================================================================
----------------- testing Mon Jun 11 03:43:43 UTC 2018 /home/travis/build/icyphy/ptII/ptolemy/actor/lib/test/auto/PublisherNonStrictTest.xml
----------------- Instantiating /home/travis/build/icyphy/ptII/ptolemy/actor/lib/test/auto/PublisherNonStrictTest.xml
3 ms. Memory: 1763328K Free: 1554622K (88%)
----------------- Invoking toplevel() on ptolemy.moml.MoMLSimpleApplication@4d52b40a
----------------- Done invoking toplevel() on ptolemy.moml.MoMLSimpleApplication@4d52b40a
reloadAllAccessors: .PublisherNonStrictTest

===========================================================================================
----------------- testing Mon Jun 11 03:43:43 UTC 2018 /home/travis/build/icyphy/ptII/ptolemy/actor/lib/test/auto/PublisherPort1.xml
----------------- Instantiating /home/travis/build/icyphy/ptII/ptolemy/actor/lib/test/auto/PublisherPort1.xml
3 ms. Memory: 1763328K Free: 1531434K (87%)
----------------- Invoking toplevel() on ptolemy.moml.MoMLSimpleApplication@5409d0dd
----------------- Done invoking toplevel() on ptolemy.moml.MoMLSimpleApplication@5409d0dd
reloadAllAccessors: .PublisherPort1

===========================================================================================
----------------- testing Mon Jun 11 03:43:43 UTC 2018 /home/travis/build/icyphy/ptII/ptolemy/actor/lib/test/auto/PublisherPort2.xml
----------------- Instantiating /home/travis/build/icyphy/ptII/ptolemy/actor/lib/test/auto/PublisherPort2.xml
2 ms. Memory: 1763328K Free: 1514988K (86%)
----------------- Invoking toplevel() on ptolemy.moml.MoMLSimpleApplication@515c0681
----------------- Done invoking toplevel() on ptolemy.moml.MoMLSimpleApplication@515c0681
reloadAllAccessors: .PublisherPort2

===========================================================================================
----------------- testing Mon Jun 11 03:43:43 UTC 2018 /home/travis/build/icyphy/ptII/ptolemy/actor/lib/test/auto/PublisherPort3.xml
----------------- Instantiating /home/travis/build/icyphy/ptII/ptolemy/actor/lib/test/auto/PublisherPort3.xml
10 ms. Memory: 1763328K Free: 1498543K (85%)
----------------- Invoking toplevel() on ptolemy.moml.MoMLSimpleApplication@43f23b8a
----------------- Done invoking toplevel() on ptolemy.moml.MoMLSimpleApplication@43f23b8a
reloadAllAccessors: .PublisherPort3

===========================================================================================
----------------- testing Mon Jun 11 03:43:43 UTC 2018 /home/travis/build/icyphy/ptII/ptolemy/actor/lib/test/auto/PublisherPort4.xml
----------------- Instantiating /home/travis/build/icyphy/ptII/ptolemy/actor/lib/test/auto/PublisherPort4.xml
2 ms. Memory: 1763328K Free: 1475354K (84%)
----------------- Invoking toplevel() on ptolemy.moml.MoMLSimpleApplication@2cf7614
----------------- Done invoking toplevel() on ptolemy.moml.MoMLSimpleApplication@2cf7614
reloadAllAccessors: .PublisherPort4

===========================================================================================
----------------- testing Mon Jun 11 03:43:43 UTC 2018 /home/travis/build/icyphy/ptII/ptolemy/actor/lib/test/auto/PublisherPort5.xml
----------------- Instantiating /home/travis/build/icyphy/ptII/ptolemy/actor/lib/test/auto/PublisherPort5.xml
3 ms. Memory: 1763328K Free: 1458908K (83%)
----------------- Invoking toplevel() on ptolemy.moml.MoMLSimpleApplication@3897c7bf
----------------- Done invoking toplevel() on ptolemy.moml.MoMLSimpleApplication@3897c7bf
reloadAllAccessors: .PublisherPort5

===========================================================================================
----------------- testing Mon Jun 11 03:43:43 UTC 2018 /home/travis/build/icyphy/ptII/ptolemy/actor/lib/test/auto/PublisherPort5LookAlike.xml
----------------- Instantiating /home/travis/build/icyphy/ptII/ptolemy/actor/lib/test/auto/PublisherPort5LookAlike.xml
2 ms. Memory: 1763328K Free: 1442463K (82%)
----------------- Invoking toplevel() on ptolemy.moml.MoMLSimpleApplication@542d2d88
----------------- Done invoking toplevel() on ptolemy.moml.MoMLSimpleApplication@542d2d88
reloadAllAccessors: .PublisherPort5LookAlike

===========================================================================================
----------------- testing Mon Jun 11 03:43:43 UTC 2018 /home/travis/build/icyphy/ptII/ptolemy/actor/lib/test/auto/PublisherPort6.xml
----------------- Instantiating /home/travis/build/icyphy/ptII/ptolemy/actor/lib/test/auto/PublisherPort6.xml
2 ms. Memory: 1763328K Free: 1419274K (80%)
----------------- Invoking toplevel() on ptolemy.moml.MoMLSimpleApplication@9c209c0
----------------- Done invoking toplevel() on ptolemy.moml.MoMLSimpleApplication@9c209c0
reloadAllAccessors: .PublisherPort6

===========================================================================================
----------------- testing Mon Jun 11 03:43:43 UTC 2018 /home/travis/build/icyphy/ptII/ptolemy/actor/lib/test/auto/PublisherPort7.xml
----------------- Instantiating /home/travis/build/icyphy/ptII/ptolemy/actor/lib/test/auto/PublisherPort7.xml
3 ms. Memory: 1763328K Free: 1402828K (80%)
----------------- Invoking toplevel() on ptolemy.moml.MoMLSimpleApplication@2ae2e057
----------------- Done invoking toplevel() on ptolemy.moml.MoMLSimpleApplication@2ae2e057
reloadAllAccessors: .PublisherPort7

===========================================================================================
----------------- testing Mon Jun 11 03:43:43 UTC 2018 /home/travis/build/icyphy/ptII/ptolemy/actor/lib/test/auto/PublisherPort8.xml
----------------- Instantiating /home/travis/build/icyphy/ptII/ptolemy/actor/lib/test/auto/PublisherPort8.xml
4 ms. Memory: 1763328K Free: 1379639K (78%)
----------------- Invoking toplevel() on ptolemy.moml.MoMLSimpleApplication@3ca4d030
----------------- Done invoking toplevel() on ptolemy.moml.MoMLSimpleApplication@3ca4d030
reloadAllAccessors: .PublisherPort8

===========================================================================================
----------------- testing Mon Jun 11 03:43:43 UTC 2018 /home/travis/build/icyphy/ptII/ptolemy/actor/lib/test/auto/PublisherPortSubscriberChannelVariablesAOC2.xml
----------------- Instantiating /home/travis/build/icyphy/ptII/ptolemy/actor/lib/test/auto/PublisherPortSubscriberChannelVariablesAOC2.xml
3 ms. Memory: 1763328K Free: 1354955K (77%)
----------------- Invoking toplevel() on ptolemy.moml.MoMLSimpleApplication@480f1345
----------------- Done invoking toplevel() on ptolemy.moml.MoMLSimpleApplication@480f1345
reloadAllAccessors: .PublisherPortSubscriberChannelVariablesAOC2

===========================================================================================
----------------- testing Mon Jun 11 03:43:43 UTC 2018 /home/travis/build/icyphy/ptII/ptolemy/actor/lib/test/auto/PublisherPortSubscriberOpaqueWidthInference.xml
----------------- Instantiating /home/travis/build/icyphy/ptII/ptolemy/actor/lib/test/auto/PublisherPortSubscriberOpaqueWidthInference.xml
4 ms. Memory: 1763328K Free: 1338510K (76%)
----------------- Invoking toplevel() on ptolemy.moml.MoMLSimpleApplication@52c3a3f6
----------------- Done invoking toplevel() on ptolemy.moml.MoMLSimpleApplication@52c3a3f6
reloadAllAccessors: .PublisherPortSubscriberOpaqueWidthInference

===========================================================================================
----------------- testing Mon Jun 11 03:43:43 UTC 2018 /home/travis/build/icyphy/ptII/ptolemy/actor/lib/test/auto/PublisherPortSubscriberPortAdjacent.xml
----------------- Instantiating /home/travis/build/icyphy/ptII/ptolemy/actor/lib/test/auto/PublisherPortSubscriberPortAdjacent.xml
2 ms. Memory: 1763328K Free: 1315320K (75%)
----------------- Invoking toplevel() on ptolemy.moml.MoMLSimpleApplication@48e0cb93
----------------- Done invoking toplevel() on ptolemy.moml.MoMLSimpleApplication@48e0cb93
reloadAllAccessors: .PublisherPortSubscriberPortAdjacent

===========================================================================================
----------------- testing Mon Jun 11 03:43:43 UTC 2018 /home/travis/build/icyphy/ptII/ptolemy/actor/lib/test/auto/PublisherPortSubscriberPortExpression.xml
----------------- Instantiating /home/travis/build/icyphy/ptII/ptolemy/actor/lib/test/auto/PublisherPortSubscriberPortExpression.xml
3 ms. Memory: 1763328K Free: 1298875K (74%)
----------------- Invoking toplevel() on ptolemy.moml.MoMLSimpleApplication@7ec1755b
----------------- Done invoking toplevel() on ptolemy.moml.MoMLSimpleApplication@7ec1755b
reloadAllAccessors: .PublisherPortSubscriberPortExpression

===========================================================================================
----------------- testing Mon Jun 11 03:43:43 UTC 2018 /home/travis/build/icyphy/ptII/ptolemy/actor/lib/test/auto/PublisherPortSubscriberPortOpaqueD3Reverse.xml
----------------- Instantiating /home/travis/build/icyphy/ptII/ptolemy/actor/lib/test/auto/PublisherPortSubscriberPortOpaqueD3Reverse.xml
5 ms. Memory: 1763328K Free: 1282430K (73%)
----------------- Invoking toplevel() on ptolemy.moml.MoMLSimpleApplication@775c8e22
----------------- Done invoking toplevel() on ptolemy.moml.MoMLSimpleApplication@775c8e22
reloadAllAccessors: .PublisherPortSubscriberPortOpaqueD3Reverse

===========================================================================================
----------------- testing Mon Jun 11 03:43:43 UTC 2018 /home/travis/build/icyphy/ptII/ptolemy/actor/lib/test/auto/PublisherPortSubscriberPortOpaqueWidthInference.xml
----------------- Instantiating /home/travis/build/icyphy/ptII/ptolemy/actor/lib/test/auto/PublisherPortSubscriberPortOpaqueWidthInference.xml
3 ms. Memory: 1763328K Free: 1259240K (71%)
----------------- Invoking toplevel() on ptolemy.moml.MoMLSimpleApplication@6ce73f77
----------------- Done invoking toplevel() on ptolemy.moml.MoMLSimpleApplication@6ce73f77
reloadAllAccessors: .PublisherPortSubscriberPortOpaqueWidthInference

===========================================================================================
----------------- testing Mon Jun 11 03:43:43 UTC 2018 /home/travis/build/icyphy/ptII/ptolemy/actor/lib/test/auto/PublisherPortToplevelSubscriberPortAOC.xml
----------------- Instantiating /home/travis/build/icyphy/ptII/ptolemy/actor/lib/test/auto/PublisherPortToplevelSubscriberPortAOC.xml
.PublisherPortToplevelSubscriberPortAOC.TestExceptionAttribute: initialize() was not invoked, but wrapup() was.  This is unusual, but not always a problem.  For example, exporting JNLP will do this.
0 ms. Memory: 1763328K Free: 1242795K (70%)
----------------- Invoking toplevel() on ptolemy.moml.MoMLSimpleApplication@145e5688
----------------- Done invoking toplevel() on ptolemy.moml.MoMLSimpleApplication@145e5688
reloadAllAccessors: .PublisherPortToplevelSubscriberPortAOC

===========================================================================================
----------------- testing Mon Jun 11 03:43:43 UTC 2018 /home/travis/build/icyphy/ptII/ptolemy/actor/lib/test/auto/PublisherSubscriber.xml
----------------- Instantiating /home/travis/build/icyphy/ptII/ptolemy/actor/lib/test/auto/PublisherSubscriber.xml
2 ms. Memory: 1763328K Free: 1226349K (70%)
----------------- Invoking toplevel() on ptolemy.moml.MoMLSimpleApplication@175e7685
----------------- Done invoking toplevel() on ptolemy.moml.MoMLSimpleApplication@175e7685
reloadAllAccessors: .PublisherSubscriber

===========================================================================================
----------------- testing Mon Jun 11 03:43:43 UTC 2018 /home/travis/build/icyphy/ptII/ptolemy/actor/lib/test/auto/PublisherSubscriber10.xml
----------------- Instantiating /home/travis/build/icyphy/ptII/ptolemy/actor/lib/test/auto/PublisherSubscriber10.xml
4 ms. Memory: 1763328K Free: 1203160K (68%)
----------------- Invoking toplevel() on ptolemy.moml.MoMLSimpleApplication@1d0d6cc3
----------------- Done invoking toplevel() on ptolemy.moml.MoMLSimpleApplication@1d0d6cc3
reloadAllAccessors: .PublisherSubscriber10

===========================================================================================
----------------- testing Mon Jun 11 03:43:43 UTC 2018 /home/travis/build/icyphy/ptII/ptolemy/actor/lib/test/auto/PublisherSubscriber10InitialOutputs.xml
----------------- Instantiating /home/travis/build/icyphy/ptII/ptolemy/actor/lib/test/auto/PublisherSubscriber10InitialOutputs.xml
4 ms. Memory: 1763328K Free: 1186715K (67%)
----------------- Invoking toplevel() on ptolemy.moml.MoMLSimpleApplication@48be0e4d
----------------- Done invoking toplevel() on ptolemy.moml.MoMLSimpleApplication@48be0e4d
reloadAllAccessors: .PublisherSubscriber10InitialOutputs

===========================================================================================
----------------- testing Mon Jun 11 03:43:43 UTC 2018 /home/travis/build/icyphy/ptII/ptolemy/actor/lib/test/auto/PublisherSubscriber11.xml
----------------- Instantiating /home/travis/build/icyphy/ptII/ptolemy/actor/lib/test/auto/PublisherSubscriber11.xml
3 ms. Memory: 1763328K Free: 1170269K (66%)
----------------- Invoking toplevel() on ptolemy.moml.MoMLSimpleApplication@10ce12a0
----------------- Done invoking toplevel() on ptolemy.moml.MoMLSimpleApplication@10ce12a0
reloadAllAccessors: .PublisherSubscriber11

===========================================================================================
----------------- testing Mon Jun 11 03:43:43 UTC 2018 /home/travis/build/icyphy/ptII/ptolemy/actor/lib/test/auto/PublisherSubscriber12.xml
----------------- Instantiating /home/travis/build/icyphy/ptII/ptolemy/actor/lib/test/auto/PublisherSubscriber12.xml
5 ms. Memory: 1763328K Free: 1147080K (65%)
----------------- Invoking toplevel() on ptolemy.moml.MoMLSimpleApplication@76e44d56
----------------- Done invoking toplevel() on ptolemy.moml.MoMLSimpleApplication@76e44d56
reloadAllAccessors: .PublisherSubscriber12

===========================================================================================
----------------- testing Mon Jun 11 03:43:43 UTC 2018 /home/travis/build/icyphy/ptII/ptolemy/actor/lib/test/auto/PublisherSubscriber13.xml
----------------- Instantiating /home/travis/build/icyphy/ptII/ptolemy/actor/lib/test/auto/PublisherSubscriber13.xml
2 ms. Memory: 1763328K Free: 1130635K (64%)
----------------- Invoking toplevel() on ptolemy.moml.MoMLSimpleApplication@4166919b
----------------- Done invoking toplevel() on ptolemy.moml.MoMLSimpleApplication@4166919b
reloadAllAccessors: .PublisherSubscriber13

===========================================================================================
----------------- testing Mon Jun 11 03:43:43 UTC 2018 /home/travis/build/icyphy/ptII/ptolemy/actor/lib/test/auto/PublisherSubscriber14.xml
----------------- Instantiating /home/travis/build/icyphy/ptII/ptolemy/actor/lib/test/auto/PublisherSubscriber14.xml
2 ms. Memory: 1763328K Free: 1107446K (63%)
----------------- Invoking toplevel() on ptolemy.moml.MoMLSimpleApplication@c26a1bc
----------------- Done invoking toplevel() on ptolemy.moml.MoMLSimpleApplication@c26a1bc
reloadAllAccessors: .PublisherSubscriber14

===========================================================================================
----------------- testing Mon Jun 11 03:43:43 UTC 2018 /home/travis/build/icyphy/ptII/ptolemy/actor/lib/test/auto/PublisherSubscriber2.xml
----------------- Instantiating /home/travis/build/icyphy/ptII/ptolemy/actor/lib/test/auto/PublisherSubscriber2.xml
1 ms. Memory: 1763328K Free: 1091000K (62%)
----------------- Invoking toplevel() on ptolemy.moml.MoMLSimpleApplication@6d04418e
----------------- Done invoking toplevel() on ptolemy.moml.MoMLSimpleApplication@6d04418e
reloadAllAccessors: .PublisherSubscriber2

===========================================================================================
----------------- testing Mon Jun 11 03:43:43 UTC 2018 /home/travis/build/icyphy/ptII/ptolemy/actor/lib/test/auto/PublisherSubscriber3.xml
----------------- Instantiating /home/travis/build/icyphy/ptII/ptolemy/actor/lib/test/auto/PublisherSubscriber3.xml
2 ms. Memory: 1763328K Free: 1074555K (61%)
----------------- Invoking toplevel() on ptolemy.moml.MoMLSimpleApplication@57d2290e
----------------- Done invoking toplevel() on ptolemy.moml.MoMLSimpleApplication@57d2290e
reloadAllAccessors: .PublisherSubscriber3

===========================================================================================
----------------- testing Mon Jun 11 03:43:43 UTC 2018 /home/travis/build/icyphy/ptII/ptolemy/actor/lib/test/auto/PublisherSubscriber4.xml
----------------- Instantiating /home/travis/build/icyphy/ptII/ptolemy/actor/lib/test/auto/PublisherSubscriber4.xml
2 ms. Memory: 1763328K Free: 1051366K (60%)
----------------- Invoking toplevel() on ptolemy.moml.MoMLSimpleApplication@31e7ca49
----------------- Done invoking toplevel() on ptolemy.moml.MoMLSimpleApplication@31e7ca49
reloadAllAccessors: .PublisherSubscriber4

===========================================================================================
----------------- testing Mon Jun 11 03:43:44 UTC 2018 /home/travis/build/icyphy/ptII/ptolemy/actor/lib/test/auto/PublisherSubscriber5.xml
----------------- Instantiating /home/travis/build/icyphy/ptII/ptolemy/actor/lib/test/auto/PublisherSubscriber5.xml
2 ms. Memory: 1763328K Free: 1034921K (59%)
----------------- Invoking toplevel() on ptolemy.moml.MoMLSimpleApplication@331c2aa4
----------------- Done invoking toplevel() on ptolemy.moml.MoMLSimpleApplication@331c2aa4
reloadAllAccessors: .PublisherSubscriber5

===========================================================================================
----------------- testing Mon Jun 11 03:43:44 UTC 2018 /home/travis/build/icyphy/ptII/ptolemy/actor/lib/test/auto/PublisherSubscriber6.xml
----------------- Instantiating /home/travis/build/icyphy/ptII/ptolemy/actor/lib/test/auto/PublisherSubscriber6.xml
1 ms. Memory: 1763328K Free: 1018475K (58%)
----------------- Invoking toplevel() on ptolemy.moml.MoMLSimpleApplication@6082e88d
----------------- Done invoking toplevel() on ptolemy.moml.MoMLSimpleApplication@6082e88d
reloadAllAccessors: .PublisherSubscriber6

===========================================================================================
----------------- testing Mon Jun 11 03:43:44 UTC 2018 /home/travis/build/icyphy/ptII/ptolemy/actor/lib/test/auto/PublisherSubscriber7.xml
----------------- Instantiating /home/travis/build/icyphy/ptII/ptolemy/actor/lib/test/auto/PublisherSubscriber7.xml
2 ms. Memory: 1763328K Free: 995286K (56%)
----------------- Invoking toplevel() on ptolemy.moml.MoMLSimpleApplication@375ca5ed
----------------- Done invoking toplevel() on ptolemy.moml.MoMLSimpleApplication@375ca5ed
reloadAllAccessors: .PublisherSubscriber7

===========================================================================================
----------------- testing Mon Jun 11 03:43:44 UTC 2018 /home/travis/build/icyphy/ptII/ptolemy/actor/lib/test/auto/PublisherSubscriber8.xml
----------------- Instantiating /home/travis/build/icyphy/ptII/ptolemy/actor/lib/test/auto/PublisherSubscriber8.xml
35 ms. Memory: 1763328K Free: 896613K (51%)
----------------- Invoking toplevel() on ptolemy.moml.MoMLSimpleApplication@639c921d
----------------- Done invoking toplevel() on ptolemy.moml.MoMLSimpleApplication@639c921d
reloadAllAccessors: .PublisherSubscriber8

===========================================================================================
----------------- testing Mon Jun 11 03:43:44 UTC 2018 /home/travis/build/icyphy/ptII/ptolemy/actor/lib/test/auto/PublisherSubscriber9.xml
----------------- Instantiating /home/travis/build/icyphy/ptII/ptolemy/actor/lib/test/auto/PublisherSubscriber9.xml
2 ms. Memory: 1763328K Free: 880168K (50%)
----------------- Invoking toplevel() on ptolemy.moml.MoMLSimpleApplication@2f79e1b4
----------------- Done invoking toplevel() on ptolemy.moml.MoMLSimpleApplication@2f79e1b4
reloadAllAccessors: .PublisherSubscriber9

===========================================================================================
----------------- testing Mon Jun 11 03:43:44 UTC 2018 /home/travis/build/icyphy/ptII/ptolemy/actor/lib/test/auto/PublisherSubscriberAdjacent.xml
----------------- Instantiating /home/travis/build/icyphy/ptII/ptolemy/actor/lib/test/auto/PublisherSubscriberAdjacent.xml
2 ms. Memory: 1763328K Free: 856979K (49%)
----------------- Invoking toplevel() on ptolemy.moml.MoMLSimpleApplication@7fda6d69
----------------- Done invoking toplevel() on ptolemy.moml.MoMLSimpleApplication@7fda6d69
reloadAllAccessors: .PublisherSubscriberAdjacent

===========================================================================================
----------------- testing Mon Jun 11 03:43:44 UTC 2018 /home/travis/build/icyphy/ptII/ptolemy/actor/lib/test/auto/PublisherSubscriberChannelVariablesAOC2.xml
----------------- Instantiating /home/travis/build/icyphy/ptII/ptolemy/actor/lib/test/auto/PublisherSubscriberChannelVariablesAOC2.xml
2 ms. Memory: 1763328K Free: 832295K (47%)
----------------- Invoking toplevel() on ptolemy.moml.MoMLSimpleApplication@6d0ca1f
----------------- Done invoking toplevel() on ptolemy.moml.MoMLSimpleApplication@6d0ca1f
reloadAllAccessors: .PublisherSubscriberChannelVariablesAOC2

===========================================================================================
----------------- testing Mon Jun 11 03:43:44 UTC 2018 /home/travis/build/icyphy/ptII/ptolemy/actor/lib/test/auto/PublisherSubscriberD3.xml
----------------- Instantiating /home/travis/build/icyphy/ptII/ptolemy/actor/lib/test/auto/PublisherSubscriberD3.xml
1 ms. Memory: 1763328K Free: 809106K (46%)
----------------- Invoking toplevel() on ptolemy.moml.MoMLSimpleApplication@637393ba
----------------- Done invoking toplevel() on ptolemy.moml.MoMLSimpleApplication@637393ba
reloadAllAccessors: .PublisherSubscriberD3

===========================================================================================
----------------- testing Mon Jun 11 03:43:44 UTC 2018 /home/travis/build/icyphy/ptII/ptolemy/actor/lib/test/auto/PublisherSubscriberD3Reverse.xml
----------------- Instantiating /home/travis/build/icyphy/ptII/ptolemy/actor/lib/test/auto/PublisherSubscriberD3Reverse.xml
1 ms. Memory: 1763328K Free: 792660K (45%)
----------------- Invoking toplevel() on ptolemy.moml.MoMLSimpleApplication@bc6797b
----------------- Done invoking toplevel() on ptolemy.moml.MoMLSimpleApplication@bc6797b
reloadAllAccessors: .PublisherSubscriberD3Reverse

===========================================================================================
----------------- testing Mon Jun 11 03:43:44 UTC 2018 /home/travis/build/icyphy/ptII/ptolemy/actor/lib/test/auto/PublisherSubscriberExpression.xml
----------------- Instantiating /home/travis/build/icyphy/ptII/ptolemy/actor/lib/test/auto/PublisherSubscriberExpression.xml
3 ms. Memory: 1763328K Free: 776215K (44%)
----------------- Invoking toplevel() on ptolemy.moml.MoMLSimpleApplication@5d0c5ea6
----------------- Done invoking toplevel() on ptolemy.moml.MoMLSimpleApplication@5d0c5ea6
reloadAllAccessors: .PublisherSubscriberExpression

===========================================================================================
----------------- testing Mon Jun 11 03:43:44 UTC 2018 /home/travis/build/icyphy/ptII/ptolemy/actor/lib/test/auto/PublisherSubscriberOpaque.xml
----------------- Instantiating /home/travis/build/icyphy/ptII/ptolemy/actor/lib/test/auto/PublisherSubscriberOpaque.xml
2 ms. Memory: 1763328K Free: 753026K (43%)
----------------- Invoking toplevel() on ptolemy.moml.MoMLSimpleApplication@546b7ef8
----------------- Done invoking toplevel() on ptolemy.moml.MoMLSimpleApplication@546b7ef8
reloadAllAccessors: .PublisherSubscriberOpaque

===========================================================================================
----------------- testing Mon Jun 11 03:43:44 UTC 2018 /home/travis/build/icyphy/ptII/ptolemy/actor/lib/test/auto/PublisherSubscriberOpaqueD3.xml
----------------- Instantiating /home/travis/build/icyphy/ptII/ptolemy/actor/lib/test/auto/PublisherSubscriberOpaqueD3.xml
8 ms. Memory: 1763328K Free: 736580K (42%)
----------------- Invoking toplevel() on ptolemy.moml.MoMLSimpleApplication@2f388f8b
----------------- Done invoking toplevel() on ptolemy.moml.MoMLSimpleApplication@2f388f8b
reloadAllAccessors: .PublisherSubscriberOpaqueD3

===========================================================================================
----------------- testing Mon Jun 11 03:43:44 UTC 2018 /home/travis/build/icyphy/ptII/ptolemy/actor/lib/test/auto/PublisherSubscriberOpaqueD3Reverse.xml
----------------- Instantiating /home/travis/build/icyphy/ptII/ptolemy/actor/lib/test/auto/PublisherSubscriberOpaqueD3Reverse.xml
6 ms. Memory: 1763328K Free: 720135K (41%)
----------------- Invoking toplevel() on ptolemy.moml.MoMLSimpleApplication@493c0321
----------------- Done invoking toplevel() on ptolemy.moml.MoMLSimpleApplication@493c0321
reloadAllAccessors: .PublisherSubscriberOpaqueD3Reverse

===========================================================================================
----------------- testing Mon Jun 11 03:43:44 UTC 2018 /home/travis/build/icyphy/ptII/ptolemy/actor/lib/test/auto/PublisherSubscriberOpaqueWidthInference.xml
----------------- Instantiating /home/travis/build/icyphy/ptII/ptolemy/actor/lib/test/auto/PublisherSubscriberOpaqueWidthInference.xml
3 ms. Memory: 1763328K Free: 696946K (40%)
----------------- Invoking toplevel() on ptolemy.moml.MoMLSimpleApplication@328eaa0e
----------------- Done invoking toplevel() on ptolemy.moml.MoMLSimpleApplication@328eaa0e
reloadAllAccessors: .PublisherSubscriberOpaqueWidthInference

===========================================================================================
----------------- testing Mon Jun 11 03:43:44 UTC 2018 /home/travis/build/icyphy/ptII/ptolemy/actor/lib/test/auto/PublisherTestSubscriber.xml
----------------- Instantiating /home/travis/build/icyphy/ptII/ptolemy/actor/lib/test/auto/PublisherTestSubscriber.xml
3 ms. Memory: 1763328K Free: 680500K (39%)
----------------- Invoking toplevel() on ptolemy.moml.MoMLSimpleApplication@7b5d3ed
----------------- Done invoking toplevel() on ptolemy.moml.MoMLSimpleApplication@7b5d3ed
reloadAllAccessors: .PublisherTestSubscriber

===========================================================================================
----------------- testing Mon Jun 11 03:43:44 UTC 2018 /home/travis/build/icyphy/ptII/ptolemy/actor/lib/test/auto/PublisherToplevelSubscriberPortAOC.xml
----------------- Instantiating /home/travis/build/icyphy/ptII/ptolemy/actor/lib/test/auto/PublisherToplevelSubscriberPortAOC.xml
1 ms. Memory: 1763328K Free: 664055K (38%)
----------------- Invoking toplevel() on ptolemy.moml.MoMLSimpleApplication@4aa66b9
----------------- Done invoking toplevel() on ptolemy.moml.MoMLSimpleApplication@4aa66b9
reloadAllAccessors: .PublisherToplevelSubscriberPortAOC

===========================================================================================
----------------- testing Mon Jun 11 03:43:44 UTC 2018 /home/travis/build/icyphy/ptII/ptolemy/actor/lib/test/auto/PulseFiringLimitDE.xml
----------------- Instantiating /home/travis/build/icyphy/ptII/ptolemy/actor/lib/test/auto/PulseFiringLimitDE.xml
1 ms. Memory: 1763328K Free: 640866K (36%)
----------------- Invoking toplevel() on ptolemy.moml.MoMLSimpleApplication@246b469a
----------------- Done invoking toplevel() on ptolemy.moml.MoMLSimpleApplication@246b469a
reloadAllAccessors: .PulseFiringLimitDE

===========================================================================================
----------------- testing Mon Jun 11 03:43:44 UTC 2018 /home/travis/build/icyphy/ptII/ptolemy/actor/lib/test/auto/Ramp1.xml
----------------- Instantiating /home/travis/build/icyphy/ptII/ptolemy/actor/lib/test/auto/Ramp1.xml
1 ms. Memory: 1763328K Free: 624420K (35%)
----------------- Invoking toplevel() on ptolemy.moml.MoMLSimpleApplication@38c46090
----------------- Done invoking toplevel() on ptolemy.moml.MoMLSimpleApplication@38c46090
reloadAllAccessors: .Ramp1

===========================================================================================
----------------- testing Mon Jun 11 03:43:44 UTC 2018 /home/travis/build/icyphy/ptII/ptolemy/actor/lib/test/auto/RampFiringLimitDE.xml
----------------- Instantiating /home/travis/build/icyphy/ptII/ptolemy/actor/lib/test/auto/RampFiringLimitDE.xml
3 ms. Memory: 1763328K Free: 607975K (34%)
----------------- Invoking toplevel() on ptolemy.moml.MoMLSimpleApplication@72419412
----------------- Done invoking toplevel() on ptolemy.moml.MoMLSimpleApplication@72419412
reloadAllAccessors: .RampFiringLimitDE

===========================================================================================
----------------- testing Mon Jun 11 03:43:44 UTC 2018 /home/travis/build/icyphy/ptII/ptolemy/actor/lib/test/auto/RampFiringLimitSDF.xml
----------------- Instantiating /home/travis/build/icyphy/ptII/ptolemy/actor/lib/test/auto/RampFiringLimitSDF.xml
5 ms. Memory: 1763328K Free: 584786K (33%)
----------------- Invoking toplevel() on ptolemy.moml.MoMLSimpleApplication@31df3004
----------------- Done invoking toplevel() on ptolemy.moml.MoMLSimpleApplication@31df3004
reloadAllAccessors: .RampFiringLimitSDF

===========================================================================================
----------------- testing Mon Jun 11 03:43:44 UTC 2018 /home/travis/build/icyphy/ptII/ptolemy/actor/lib/test/auto/RandomInteger.xml
----------------- Instantiating /home/travis/build/icyphy/ptII/ptolemy/actor/lib/test/auto/RandomInteger.xml
1 ms. Memory: 1763328K Free: 568340K (32%)
----------------- Invoking toplevel() on ptolemy.moml.MoMLSimpleApplication@107e414a
----------------- Done invoking toplevel() on ptolemy.moml.MoMLSimpleApplication@107e414a
reloadAllAccessors: .RandomInteger

===========================================================================================
----------------- testing Mon Jun 11 03:43:44 UTC 2018 /home/travis/build/icyphy/ptII/ptolemy/actor/lib/test/auto/ReadFile1.xml
----------------- Instantiating /home/travis/build/icyphy/ptII/ptolemy/actor/lib/test/auto/ReadFile1.xml
2 ms. Memory: 1763328K Free: 545151K (31%)
----------------- Invoking toplevel() on ptolemy.moml.MoMLSimpleApplication@29a02589
----------------- Done invoking toplevel() on ptolemy.moml.MoMLSimpleApplication@29a02589
reloadAllAccessors: .ReadFile1

===========================================================================================
----------------- testing Mon Jun 11 03:43:44 UTC 2018 /home/travis/build/icyphy/ptII/ptolemy/actor/lib/test/auto/ReadFile2.xml
----------------- Instantiating /home/travis/build/icyphy/ptII/ptolemy/actor/lib/test/auto/ReadFile2.xml
1 ms. Memory: 1763328K Free: 528706K (30%)
----------------- Invoking toplevel() on ptolemy.moml.MoMLSimpleApplication@756cddbb
----------------- Done invoking toplevel() on ptolemy.moml.MoMLSimpleApplication@756cddbb
reloadAllAccessors: .ReadFile2

===========================================================================================
----------------- testing Mon Jun 11 03:43:44 UTC 2018 /home/travis/build/icyphy/ptII/ptolemy/actor/lib/test/auto/Reader.xml
----------------- Instantiating /home/travis/build/icyphy/ptII/ptolemy/actor/lib/test/auto/Reader.xml
actor.lib.Reader is obsolete, use actor.lib.io.ExpressionReader instead
5 ms. Memory: 1763328K Free: 512260K (29%)
----------------- Invoking toplevel() on ptolemy.moml.MoMLSimpleApplication@32260692
----------------- Done invoking toplevel() on ptolemy.moml.MoMLSimpleApplication@32260692
reloadAllAccessors: .Reader

===========================================================================================
----------------- testing Mon Jun 11 03:43:44 UTC 2018 /home/travis/build/icyphy/ptII/ptolemy/actor/lib/test/auto/RecordAssemblerDisplayNameTest.xml
----------------- Instantiating /home/travis/build/icyphy/ptII/ptolemy/actor/lib/test/auto/RecordAssemblerDisplayNameTest.xml
2992 ms. Memory: 1781760K Free: 909493K (51%)
----------------- Invoking toplevel() on ptolemy.moml.MoMLSimpleApplication@2db5d385
----------------- Done invoking toplevel() on ptolemy.moml.MoMLSimpleApplication@2db5d385
reloadAllAccessors: .RecordAssemblerDisplayNameTest

===========================================================================================
----------------- testing Mon Jun 11 03:43:47 UTC 2018 /home/travis/build/icyphy/ptII/ptolemy/actor/lib/test/auto/RecordAssemblerTypeError.xml
----------------- Instantiating /home/travis/build/icyphy/ptII/ptolemy/actor/lib/test/auto/RecordAssemblerTypeError.xml
9 ms. Memory: 1781760K Free: 874824K (49%)
----------------- Invoking toplevel() on ptolemy.moml.MoMLSimpleApplication@6283f4fd
----------------- Done invoking toplevel() on ptolemy.moml.MoMLSimpleApplication@6283f4fd
reloadAllAccessors: .RecordAssemblerTypeError

===========================================================================================
----------------- testing Mon Jun 11 03:43:47 UTC 2018 /home/travis/build/icyphy/ptII/ptolemy/actor/lib/test/auto/RecordDisassember.xml
----------------- Instantiating /home/travis/build/icyphy/ptII/ptolemy/actor/lib/test/auto/RecordDisassember.xml
4 ms. Memory: 1781760K Free: 858174K (48%)
----------------- Invoking toplevel() on ptolemy.moml.MoMLSimpleApplication@77dea6ee
----------------- Done invoking toplevel() on ptolemy.moml.MoMLSimpleApplication@77dea6ee
reloadAllAccessors: .RecordDisassember

===========================================================================================
----------------- testing Mon Jun 11 03:43:47 UTC 2018 /home/travis/build/icyphy/ptII/ptolemy/actor/lib/test/auto/RecordDisassemberDisplayNameTest.xml
----------------- Instantiating /home/travis/build/icyphy/ptII/ptolemy/actor/lib/test/auto/RecordDisassemberDisplayNameTest.xml
4 ms. Memory: 1781760K Free: 836063K (47%)
----------------- Invoking toplevel() on ptolemy.moml.MoMLSimpleApplication@291d379b
----------------- Done invoking toplevel() on ptolemy.moml.MoMLSimpleApplication@291d379b
reloadAllAccessors: .RecordDisassemberDisplayNameTest

===========================================================================================
----------------- testing Mon Jun 11 03:43:47 UTC 2018 /home/travis/build/icyphy/ptII/ptolemy/actor/lib/test/auto/RecordDisassembler.xml
----------------- Instantiating /home/travis/build/icyphy/ptII/ptolemy/actor/lib/test/auto/RecordDisassembler.xml
4 ms. Memory: 1781760K Free: 819413K (46%)
----------------- Invoking toplevel() on ptolemy.moml.MoMLSimpleApplication@594c181b
----------------- Done invoking toplevel() on ptolemy.moml.MoMLSimpleApplication@594c181b
reloadAllAccessors: .RecordDisassembler

===========================================================================================
----------------- testing Mon Jun 11 03:43:47 UTC 2018 /home/travis/build/icyphy/ptII/ptolemy/actor/lib/test/auto/RecordDisassembler2.xml
----------------- Instantiating /home/travis/build/icyphy/ptII/ptolemy/actor/lib/test/auto/RecordDisassembler2.xml
2 ms. Memory: 1781760K Free: 797302K (45%)
----------------- Invoking toplevel() on ptolemy.moml.MoMLSimpleApplication@7d1e750f
----------------- Done invoking toplevel() on ptolemy.moml.MoMLSimpleApplication@7d1e750f
reloadAllAccessors: .RecordDisassembler2

===========================================================================================
----------------- testing Mon Jun 11 03:43:47 UTC 2018 /home/travis/build/icyphy/ptII/ptolemy/actor/lib/test/auto/RecordUpdater.xml
----------------- Instantiating /home/travis/build/icyphy/ptII/ptolemy/actor/lib/test/auto/RecordUpdater.xml
1 ms. Memory: 1781760K Free: 780652K (44%)
----------------- Invoking toplevel() on ptolemy.moml.MoMLSimpleApplication@69d0edd2
----------------- Done invoking toplevel() on ptolemy.moml.MoMLSimpleApplication@69d0edd2
reloadAllAccessors: .RecordUpdater

===========================================================================================
----------------- testing Mon Jun 11 03:43:47 UTC 2018 /home/travis/build/icyphy/ptII/ptolemy/actor/lib/test/auto/RecordUpdater2.xml
----------------- Instantiating /home/travis/build/icyphy/ptII/ptolemy/actor/lib/test/auto/RecordUpdater2.xml
1 ms. Memory: 1781760K Free: 758541K (43%)
----------------- Invoking toplevel() on ptolemy.moml.MoMLSimpleApplication@6f668df5
----------------- Done invoking toplevel() on ptolemy.moml.MoMLSimpleApplication@6f668df5
reloadAllAccessors: .RecordUpdater2

===========================================================================================
----------------- testing Mon Jun 11 03:43:47 UTC 2018 /home/travis/build/icyphy/ptII/ptolemy/actor/lib/test/auto/RecursiveLattice.xml
----------------- Instantiating /home/travis/build/icyphy/ptII/ptolemy/actor/lib/test/auto/RecursiveLattice.xml
1 ms. Memory: 1781760K Free: 741891K (42%)
----------------- Invoking toplevel() on ptolemy.moml.MoMLSimpleApplication@6ac0269b
----------------- Done invoking toplevel() on ptolemy.moml.MoMLSimpleApplication@6ac0269b
reloadAllAccessors: .RecursiveLattice

===========================================================================================
----------------- testing Mon Jun 11 03:43:47 UTC 2018 /home/travis/build/icyphy/ptII/ptolemy/actor/lib/test/auto/Router.xml
----------------- Instantiating /home/travis/build/icyphy/ptII/ptolemy/actor/lib/test/auto/Router.xml
3003 ms. Memory: 1781760K Free: 719780K (40%)
----------------- Invoking toplevel() on ptolemy.moml.MoMLSimpleApplication@4258d29a
----------------- Done invoking toplevel() on ptolemy.moml.MoMLSimpleApplication@4258d29a
reloadAllAccessors: .Router

===========================================================================================
----------------- testing Mon Jun 11 03:43:50 UTC 2018 /home/travis/build/icyphy/ptII/ptolemy/actor/lib/test/auto/Router2.xml
----------------- Instantiating /home/travis/build/icyphy/ptII/ptolemy/actor/lib/test/auto/Router2.xml
3003 ms. Memory: 1781760K Free: 703130K (39%)
----------------- Invoking toplevel() on ptolemy.moml.MoMLSimpleApplication@560aa043
----------------- Done invoking toplevel() on ptolemy.moml.MoMLSimpleApplication@560aa043
reloadAllAccessors: .Router2

===========================================================================================
----------------- testing Mon Jun 11 03:43:53 UTC 2018 /home/travis/build/icyphy/ptII/ptolemy/actor/lib/test/auto/RunningMaximum.xml
----------------- Instantiating /home/travis/build/icyphy/ptII/ptolemy/actor/lib/test/auto/RunningMaximum.xml
1 ms. Memory: 1781760K Free: 686480K (39%)
----------------- Invoking toplevel() on ptolemy.moml.MoMLSimpleApplication@2ed76655
----------------- Done invoking toplevel() on ptolemy.moml.MoMLSimpleApplication@2ed76655
reloadAllAccessors: .RunningMaximum

===========================================================================================
----------------- testing Mon Jun 11 03:43:53 UTC 2018 /home/travis/build/icyphy/ptII/ptolemy/actor/lib/test/auto/RunningMinimum.xml
----------------- Instantiating /home/travis/build/icyphy/ptII/ptolemy/actor/lib/test/auto/RunningMinimum.xml
1 ms. Memory: 1781760K Free: 664369K (37%)
----------------- Invoking toplevel() on ptolemy.moml.MoMLSimpleApplication@5dca96ee
----------------- Done invoking toplevel() on ptolemy.moml.MoMLSimpleApplication@5dca96ee
reloadAllAccessors: .RunningMinimum

===========================================================================================
----------------- testing Mon Jun 11 03:43:53 UTC 2018 /home/travis/build/icyphy/ptII/ptolemy/actor/lib/test/auto/Scale.xml
----------------- Instantiating /home/travis/build/icyphy/ptII/ptolemy/actor/lib/test/auto/Scale.xml
1 ms. Memory: 1781760K Free: 647719K (36%)
----------------- Invoking toplevel() on ptolemy.moml.MoMLSimpleApplication@6d5d08a3
----------------- Done invoking toplevel() on ptolemy.moml.MoMLSimpleApplication@6d5d08a3
reloadAllAccessors: .Scale

===========================================================================================
----------------- testing Mon Jun 11 03:43:53 UTC 2018 /home/travis/build/icyphy/ptII/ptolemy/actor/lib/test/auto/Scale2.xml
----------------- Instantiating /home/travis/build/icyphy/ptII/ptolemy/actor/lib/test/auto/Scale2.xml
1 ms. Memory: 1781760K Free: 625608K (35%)
----------------- Invoking toplevel() on ptolemy.moml.MoMLSimpleApplication@7444bb31
----------------- Done invoking toplevel() on ptolemy.moml.MoMLSimpleApplication@7444bb31
reloadAllAccessors: .Scale2

===========================================================================================
----------------- testing Mon Jun 11 03:43:53 UTC 2018 /home/travis/build/icyphy/ptII/ptolemy/actor/lib/test/auto/Scale3.xml
----------------- Instantiating /home/travis/build/icyphy/ptII/ptolemy/actor/lib/test/auto/Scale3.xml
2 ms. Memory: 1781760K Free: 608958K (34%)
----------------- Invoking toplevel() on ptolemy.moml.MoMLSimpleApplication@2371c29a
----------------- Done invoking toplevel() on ptolemy.moml.MoMLSimpleApplication@2371c29a
reloadAllAccessors: .Scale3

===========================================================================================
----------------- testing Mon Jun 11 03:43:53 UTC 2018 /home/travis/build/icyphy/ptII/ptolemy/actor/lib/test/auto/ScaleArray.xml
----------------- Instantiating /home/travis/build/icyphy/ptII/ptolemy/actor/lib/test/auto/ScaleArray.xml
1 ms. Memory: 1781760K Free: 586847K (33%)
----------------- Invoking toplevel() on ptolemy.moml.MoMLSimpleApplication@4a8a98ac
----------------- Done invoking toplevel() on ptolemy.moml.MoMLSimpleApplication@4a8a98ac
reloadAllAccessors: .ScaleArray

===========================================================================================
----------------- testing Mon Jun 11 03:43:53 UTC 2018 /home/travis/build/icyphy/ptII/ptolemy/actor/lib/test/auto/ScaleArray2.xml
----------------- Instantiating /home/travis/build/icyphy/ptII/ptolemy/actor/lib/test/auto/ScaleArray2.xml
1 ms. Memory: 1781760K Free: 570197K (32%)
----------------- Invoking toplevel() on ptolemy.moml.MoMLSimpleApplication@738f8dbb
----------------- Done invoking toplevel() on ptolemy.moml.MoMLSimpleApplication@738f8dbb
reloadAllAccessors: .ScaleArray2

===========================================================================================
----------------- testing Mon Jun 11 03:43:53 UTC 2018 /home/travis/build/icyphy/ptII/ptolemy/actor/lib/test/auto/ScaleMatrix.xml
----------------- Instantiating /home/travis/build/icyphy/ptII/ptolemy/actor/lib/test/auto/ScaleMatrix.xml
119 ms. Memory: 1781760K Free: 539761K (30%)
----------------- Invoking toplevel() on ptolemy.moml.MoMLSimpleApplication@6e08181e
----------------- Done invoking toplevel() on ptolemy.moml.MoMLSimpleApplication@6e08181e
reloadAllAccessors: .ScaleMatrix

===========================================================================================
----------------- testing Mon Jun 11 03:43:53 UTC 2018 /home/travis/build/icyphy/ptII/ptolemy/actor/lib/test/auto/Select.xml
----------------- Instantiating /home/travis/build/icyphy/ptII/ptolemy/actor/lib/test/auto/Select.xml
2 ms. Memory: 1781760K Free: 523111K (29%)
----------------- Invoking toplevel() on ptolemy.moml.MoMLSimpleApplication@59cf0d7c
----------------- Done invoking toplevel() on ptolemy.moml.MoMLSimpleApplication@59cf0d7c
reloadAllAccessors: .Select

===========================================================================================
----------------- testing Mon Jun 11 03:43:53 UTC 2018 /home/travis/build/icyphy/ptII/ptolemy/actor/lib/test/auto/Select2.xml
----------------- Instantiating /home/travis/build/icyphy/ptII/ptolemy/actor/lib/test/auto/Select2.xml
0 ms. Memory: 1781760K Free: 501000K (28%)
----------------- Invoking toplevel() on ptolemy.moml.MoMLSimpleApplication@77f16f97
----------------- Done invoking toplevel() on ptolemy.moml.MoMLSimpleApplication@77f16f97
reloadAllAccessors: .Select2

===========================================================================================
----------------- testing Mon Jun 11 03:43:53 UTC 2018 /home/travis/build/icyphy/ptII/ptolemy/actor/lib/test/auto/SequenceToArray2.xml
----------------- Instantiating /home/travis/build/icyphy/ptII/ptolemy/actor/lib/test/auto/SequenceToArray2.xml
66 ms. Memory: 1781760K Free: 401083K (23%)
----------------- Invoking toplevel() on ptolemy.moml.MoMLSimpleApplication@34376183
----------------- Done invoking toplevel() on ptolemy.moml.MoMLSimpleApplication@34376183
reloadAllAccessors: .SequenceToArray2

===========================================================================================
----------------- testing Mon Jun 11 03:43:54 UTC 2018 /home/travis/build/icyphy/ptII/ptolemy/actor/lib/test/auto/SequentialClock.xml
----------------- Instantiating /home/travis/build/icyphy/ptII/ptolemy/actor/lib/test/auto/SequentialClock.xml
1 ms. Memory: 1781760K Free: 384432K (22%)
----------------- Invoking toplevel() on ptolemy.moml.MoMLSimpleApplication@5f3cae7d
----------------- Done invoking toplevel() on ptolemy.moml.MoMLSimpleApplication@5f3cae7d
reloadAllAccessors: .SequentialClock

===========================================================================================
----------------- testing Mon Jun 11 03:43:54 UTC 2018 /home/travis/build/icyphy/ptII/ptolemy/actor/lib/test/auto/SetVariable.xml
----------------- Instantiating /home/travis/build/icyphy/ptII/ptolemy/actor/lib/test/auto/SetVariable.xml
4 ms. Memory: 1781760K Free: 362322K (20%)
----------------- Invoking toplevel() on ptolemy.moml.MoMLSimpleApplication@535bfc21
----------------- Done invoking toplevel() on ptolemy.moml.MoMLSimpleApplication@535bfc21
reloadAllAccessors: .SetVariable

===========================================================================================
----------------- testing Mon Jun 11 03:43:54 UTC 2018 /home/travis/build/icyphy/ptII/ptolemy/actor/lib/test/auto/SetVariable2.xml
----------------- Instantiating /home/travis/build/icyphy/ptII/ptolemy/actor/lib/test/auto/SetVariable2.xml
2 ms. Memory: 1781760K Free: 345671K (19%)
----------------- Invoking toplevel() on ptolemy.moml.MoMLSimpleApplication@794ff2c9
----------------- Done invoking toplevel() on ptolemy.moml.MoMLSimpleApplication@794ff2c9
reloadAllAccessors: .SetVariable2

===========================================================================================
----------------- testing Mon Jun 11 03:43:54 UTC 2018 /home/travis/build/icyphy/ptII/ptolemy/actor/lib/test/auto/SetVariable3.xml
----------------- Instantiating /home/travis/build/icyphy/ptII/ptolemy/actor/lib/test/auto/SetVariable3.xml
7 ms. Memory: 1781760K Free: 323561K (18%)
----------------- Invoking toplevel() on ptolemy.moml.MoMLSimpleApplication@290b7371
----------------- Done invoking toplevel() on ptolemy.moml.MoMLSimpleApplication@290b7371
reloadAllAccessors: .SetVariable3

===========================================================================================
----------------- testing Mon Jun 11 03:43:54 UTC 2018 /home/travis/build/icyphy/ptII/ptolemy/actor/lib/test/auto/SetVariable4.xml
----------------- Instantiating /home/travis/build/icyphy/ptII/ptolemy/actor/lib/test/auto/SetVariable4.xml
15 ms. Memory: 1781760K Free: 248634K (14%)
----------------- Invoking toplevel() on ptolemy.moml.MoMLSimpleApplication@52508d7d
----------------- Done invoking toplevel() on ptolemy.moml.MoMLSimpleApplication@52508d7d
reloadAllAccessors: .SetVariable4

===========================================================================================
----------------- testing Mon Jun 11 03:43:54 UTC 2018 /home/travis/build/icyphy/ptII/ptolemy/actor/lib/test/auto/SetVariable5.xml
----------------- Instantiating /home/travis/build/icyphy/ptII/ptolemy/actor/lib/test/auto/SetVariable5.xml
7 ms. Memory: 1781760K Free: 226524K (13%)
----------------- Invoking toplevel() on ptolemy.moml.MoMLSimpleApplication@734ff730
----------------- Done invoking toplevel() on ptolemy.moml.MoMLSimpleApplication@734ff730
reloadAllAccessors: .SetVariable5

===========================================================================================
----------------- testing Mon Jun 11 03:43:54 UTC 2018 /home/travis/build/icyphy/ptII/ptolemy/actor/lib/test/auto/Sinewave.xml
----------------- Instantiating /home/travis/build/icyphy/ptII/ptolemy/actor/lib/test/auto/Sinewave.xml
6 ms. Memory: 1781760K Free: 201532K (11%)
----------------- Invoking toplevel() on ptolemy.moml.MoMLSimpleApplication@67989447
----------------- Done invoking toplevel() on ptolemy.moml.MoMLSimpleApplication@67989447
reloadAllAccessors: .Sinewave

===========================================================================================
----------------- testing Mon Jun 11 03:43:54 UTC 2018 /home/travis/build/icyphy/ptII/ptolemy/actor/lib/test/auto/Sinewave2.xml
----------------- Instantiating /home/travis/build/icyphy/ptII/ptolemy/actor/lib/test/auto/Sinewave2.xml
5 ms. Memory: 1781760K Free: 179422K (10%)
----------------- Invoking toplevel() on ptolemy.moml.MoMLSimpleApplication@35a85f1f
----------------- Done invoking toplevel() on ptolemy.moml.MoMLSimpleApplication@35a85f1f
reloadAllAccessors: .Sinewave2

===========================================================================================
----------------- testing Mon Jun 11 03:43:54 UTC 2018 /home/travis/build/icyphy/ptII/ptolemy/actor/lib/test/auto/Sinewave3.xml
----------------- Instantiating /home/travis/build/icyphy/ptII/ptolemy/actor/lib/test/auto/Sinewave3.xml
9 ms. Memory: 1781760K Free: 162772K (9%)
----------------- Invoking toplevel() on ptolemy.moml.MoMLSimpleApplication@4b345602
----------------- Done invoking toplevel() on ptolemy.moml.MoMLSimpleApplication@4b345602
reloadAllAccessors: .Sinewave3

===========================================================================================
----------------- testing Mon Jun 11 03:43:54 UTC 2018 /home/travis/build/icyphy/ptII/ptolemy/actor/lib/test/auto/SingleEvent.xml
----------------- Instantiating /home/travis/build/icyphy/ptII/ptolemy/actor/lib/test/auto/SingleEvent.xml
0 ms. Memory: 1781760K Free: 140661K (8%)
----------------- Invoking toplevel() on ptolemy.moml.MoMLSimpleApplication@510c0cee
----------------- Done invoking toplevel() on ptolemy.moml.MoMLSimpleApplication@510c0cee
reloadAllAccessors: .SingleEvent

===========================================================================================
----------------- testing Mon Jun 11 03:43:54 UTC 2018 /home/travis/build/icyphy/ptII/ptolemy/actor/lib/test/auto/Sleep.xml
----------------- Instantiating /home/travis/build/icyphy/ptII/ptolemy/actor/lib/test/auto/Sleep.xml
6003 ms. Memory: 1781760K Free: 124011K (7%)
----------------- Invoking toplevel() on ptolemy.moml.MoMLSimpleApplication@17e024b3
----------------- Done invoking toplevel() on ptolemy.moml.MoMLSimpleApplication@17e024b3
reloadAllAccessors: .Sleep

===========================================================================================
----------------- testing Mon Jun 11 03:44:00 UTC 2018 /home/travis/build/icyphy/ptII/ptolemy/actor/lib/test/auto/SleepMultipleFire.xml
----------------- Instantiating /home/travis/build/icyphy/ptII/ptolemy/actor/lib/test/auto/SleepMultipleFire.xml
1004 ms. Memory: 1781760K Free: 101896K (6%)
----------------- Invoking toplevel() on ptolemy.moml.MoMLSimpleApplication@1c6e377e
----------------- Done invoking toplevel() on ptolemy.moml.MoMLSimpleApplication@1c6e377e
reloadAllAccessors: .SleepMultipleFire

===========================================================================================
----------------- testing Mon Jun 11 03:44:01 UTC 2018 /home/travis/build/icyphy/ptII/ptolemy/actor/lib/test/auto/StopDE.xml
----------------- Instantiating /home/travis/build/icyphy/ptII/ptolemy/actor/lib/test/auto/StopDE.xml
9 ms. Memory: 1781760K Free: 85246K (5%)
----------------- Invoking toplevel() on ptolemy.moml.MoMLSimpleApplication@634331b4
----------------- Done invoking toplevel() on ptolemy.moml.MoMLSimpleApplication@634331b4
reloadAllAccessors: .StopDE

===========================================================================================
----------------- testing Mon Jun 11 03:44:01 UTC 2018 /home/travis/build/icyphy/ptII/ptolemy/actor/lib/test/auto/StopSDF.xml
----------------- Instantiating /home/travis/build/icyphy/ptII/ptolemy/actor/lib/test/auto/StopSDF.xml
3 ms. Memory: 1781760K Free: 76173K (4%)
----------------- Invoking toplevel() on ptolemy.moml.MoMLSimpleApplication@1d09e36a
----------------- Done invoking toplevel() on ptolemy.moml.MoMLSimpleApplication@1d09e36a
reloadAllAccessors: .StopSDF

===========================================================================================
----------------- testing Mon Jun 11 03:44:01 UTC 2018 /home/travis/build/icyphy/ptII/ptolemy/actor/lib/test/auto/StringConstant.xml
----------------- Instantiating /home/travis/build/icyphy/ptII/ptolemy/actor/lib/test/auto/StringConstant.xml
6 ms. Memory: 1782784K Free: 1715612K (96%)
----------------- Invoking toplevel() on ptolemy.moml.MoMLSimpleApplication@4d3b5a99
----------------- Done invoking toplevel() on ptolemy.moml.MoMLSimpleApplication@4d3b5a99
reloadAllAccessors: .StringConstant

===========================================================================================
----------------- testing Mon Jun 11 03:44:01 UTC 2018 /home/travis/build/icyphy/ptII/ptolemy/actor/lib/test/auto/SubscriberPortInitialValues1.xml
----------------- Instantiating /home/travis/build/icyphy/ptII/ptolemy/actor/lib/test/auto/SubscriberPortInitialValues1.xml
6 ms. Memory: 1782784K Free: 1689242K (95%)
----------------- Invoking toplevel() on ptolemy.moml.MoMLSimpleApplication@2653abc0
----------------- Done invoking toplevel() on ptolemy.moml.MoMLSimpleApplication@2653abc0
reloadAllAccessors: .SubscriberPortInitialValues1

===========================================================================================
----------------- testing Mon Jun 11 03:44:01 UTC 2018 /home/travis/build/icyphy/ptII/ptolemy/actor/lib/test/auto/SubscriberPortInitialValues13.xml
----------------- Instantiating /home/travis/build/icyphy/ptII/ptolemy/actor/lib/test/auto/SubscriberPortInitialValues13.xml
4 ms. Memory: 1782784K Free: 1667042K (94%)
----------------- Invoking toplevel() on ptolemy.moml.MoMLSimpleApplication@184bdfba
----------------- Done invoking toplevel() on ptolemy.moml.MoMLSimpleApplication@184bdfba
reloadAllAccessors: .SubscriberPortInitialValues13

===========================================================================================
----------------- testing Mon Jun 11 03:44:01 UTC 2018 /home/travis/build/icyphy/ptII/ptolemy/actor/lib/test/auto/SubscriberPortInitialValues14.xml
----------------- Instantiating /home/travis/build/icyphy/ptII/ptolemy/actor/lib/test/auto/SubscriberPortInitialValues14.xml
4 ms. Memory: 1782784K Free: 1640672K (92%)
----------------- Invoking toplevel() on ptolemy.moml.MoMLSimpleApplication@6432eff4
----------------- Done invoking toplevel() on ptolemy.moml.MoMLSimpleApplication@6432eff4
reloadAllAccessors: .SubscriberPortInitialValues14

===========================================================================================
----------------- testing Mon Jun 11 03:44:01 UTC 2018 /home/travis/build/icyphy/ptII/ptolemy/actor/lib/test/auto/SubscriberPortInitialValues2.xml
----------------- Instantiating /home/travis/build/icyphy/ptII/ptolemy/actor/lib/test/auto/SubscriberPortInitialValues2.xml
3 ms. Memory: 1782784K Free: 1618472K (91%)
----------------- Invoking toplevel() on ptolemy.moml.MoMLSimpleApplication@112a9882
----------------- Done invoking toplevel() on ptolemy.moml.MoMLSimpleApplication@112a9882
reloadAllAccessors: .SubscriberPortInitialValues2

===========================================================================================
----------------- testing Mon Jun 11 03:44:01 UTC 2018 /home/travis/build/icyphy/ptII/ptolemy/actor/lib/test/auto/SubscriberPortInitialValues3.xml
----------------- Instantiating /home/travis/build/icyphy/ptII/ptolemy/actor/lib/test/auto/SubscriberPortInitialValues3.xml
3 ms. Memory: 1782784K Free: 1592102K (89%)
----------------- Invoking toplevel() on ptolemy.moml.MoMLSimpleApplication@95c3e61
----------------- Done invoking toplevel() on ptolemy.moml.MoMLSimpleApplication@95c3e61
reloadAllAccessors: .SubscriberPortInitialValues3

===========================================================================================
----------------- testing Mon Jun 11 03:44:01 UTC 2018 /home/travis/build/icyphy/ptII/ptolemy/actor/lib/test/auto/SubscriptionAggregator.xml
----------------- Instantiating /home/travis/build/icyphy/ptII/ptolemy/actor/lib/test/auto/SubscriptionAggregator.xml
2 ms. Memory: 1782784K Free: 1565732K (88%)
----------------- Invoking toplevel() on ptolemy.moml.MoMLSimpleApplication@393eecdb
----------------- Done invoking toplevel() on ptolemy.moml.MoMLSimpleApplication@393eecdb
reloadAllAccessors: .SubscriptionAggregator

===========================================================================================
----------------- testing Mon Jun 11 03:44:01 UTC 2018 /home/travis/build/icyphy/ptII/ptolemy/actor/lib/test/auto/SubscriptionAggregator2.xml
----------------- Instantiating /home/travis/build/icyphy/ptII/ptolemy/actor/lib/test/auto/SubscriptionAggregator2.xml
2 ms. Memory: 1782784K Free: 1543532K (87%)
----------------- Invoking toplevel() on ptolemy.moml.MoMLSimpleApplication@3bbffa2f
----------------- Done invoking toplevel() on ptolemy.moml.MoMLSimpleApplication@3bbffa2f
reloadAllAccessors: .SubscriptionAggregator2

===========================================================================================
----------------- testing Mon Jun 11 03:44:01 UTC 2018 /home/travis/build/icyphy/ptII/ptolemy/actor/lib/test/auto/SubscriptionAggregator3.xml
----------------- Instantiating /home/travis/build/icyphy/ptII/ptolemy/actor/lib/test/auto/SubscriptionAggregator3.xml
4 ms. Memory: 1782784K Free: 1517162K (85%)
----------------- Invoking toplevel() on ptolemy.moml.MoMLSimpleApplication@3b9cd5ca
----------------- Done invoking toplevel() on ptolemy.moml.MoMLSimpleApplication@3b9cd5ca
reloadAllAccessors: .SubscriptionAggregator3

===========================================================================================
----------------- testing Mon Jun 11 03:44:01 UTC 2018 /home/travis/build/icyphy/ptII/ptolemy/actor/lib/test/auto/SubscriptionAggregatorMultiply.xml
----------------- Instantiating /home/travis/build/icyphy/ptII/ptolemy/actor/lib/test/auto/SubscriptionAggregatorMultiply.xml
2 ms. Memory: 1782784K Free: 1494962K (84%)
----------------- Invoking toplevel() on ptolemy.moml.MoMLSimpleApplication@654c7470
----------------- Done invoking toplevel() on ptolemy.moml.MoMLSimpleApplication@654c7470
reloadAllAccessors: .SubscriptionAggregatorMultiply

===========================================================================================
----------------- testing Mon Jun 11 03:44:01 UTC 2018 /home/travis/build/icyphy/ptII/ptolemy/actor/lib/test/auto/SubscriptionAggregatorPortMultiply1.xml
----------------- Instantiating /home/travis/build/icyphy/ptII/ptolemy/actor/lib/test/auto/SubscriptionAggregatorPortMultiply1.xml
3 ms. Memory: 1782784K Free: 1468592K (82%)
----------------- Invoking toplevel() on ptolemy.moml.MoMLSimpleApplication@68df7674
----------------- Done invoking toplevel() on ptolemy.moml.MoMLSimpleApplication@68df7674
reloadAllAccessors: .SubscriptionAggregatorPortMultiply1

===========================================================================================
----------------- testing Mon Jun 11 03:44:01 UTC 2018 /home/travis/build/icyphy/ptII/ptolemy/actor/lib/test/auto/Switch.xml
----------------- Instantiating /home/travis/build/icyphy/ptII/ptolemy/actor/lib/test/auto/Switch.xml
6 ms. Memory: 1782784K Free: 1375581K (77%)
----------------- Invoking toplevel() on ptolemy.moml.MoMLSimpleApplication@4a13fb42
----------------- Done invoking toplevel() on ptolemy.moml.MoMLSimpleApplication@4a13fb42
reloadAllAccessors: .Switch

===========================================================================================
----------------- testing Mon Jun 11 03:44:01 UTC 2018 /home/travis/build/icyphy/ptII/ptolemy/actor/lib/test/auto/Switch2.xml
----------------- Instantiating /home/travis/build/icyphy/ptII/ptolemy/actor/lib/test/auto/Switch2.xml
1 ms. Memory: 1782784K Free: 1353380K (76%)
----------------- Invoking toplevel() on ptolemy.moml.MoMLSimpleApplication@2dd5d40d
----------------- Done invoking toplevel() on ptolemy.moml.MoMLSimpleApplication@2dd5d40d
reloadAllAccessors: .Switch2

===========================================================================================
----------------- testing Mon Jun 11 03:44:01 UTC 2018 /home/travis/build/icyphy/ptII/ptolemy/actor/lib/test/auto/SwitchDE.xml
----------------- Instantiating /home/travis/build/icyphy/ptII/ptolemy/actor/lib/test/auto/SwitchDE.xml
2 ms. Memory: 1782784K Free: 1327011K (74%)
----------------- Invoking toplevel() on ptolemy.moml.MoMLSimpleApplication@47a7b59f
----------------- Done invoking toplevel() on ptolemy.moml.MoMLSimpleApplication@47a7b59f
reloadAllAccessors: .SwitchDE

===========================================================================================
----------------- testing Mon Jun 11 03:44:01 UTC 2018 /home/travis/build/icyphy/ptII/ptolemy/actor/lib/test/auto/SynchronizerDE.xml
----------------- Instantiating /home/travis/build/icyphy/ptII/ptolemy/actor/lib/test/auto/SynchronizerDE.xml
5 ms. Memory: 1782784K Free: 1304810K (73%)
----------------- Invoking toplevel() on ptolemy.moml.MoMLSimpleApplication@35133d49
----------------- Done invoking toplevel() on ptolemy.moml.MoMLSimpleApplication@35133d49
reloadAllAccessors: .SynchronizerDE

===========================================================================================
----------------- testing Mon Jun 11 03:44:01 UTC 2018 /home/travis/build/icyphy/ptII/ptolemy/actor/lib/test/auto/Test.xml
----------------- Instantiating /home/travis/build/icyphy/ptII/ptolemy/actor/lib/test/auto/Test.xml
6 ms. Memory: 1782784K Free: 1278441K (72%)
----------------- Invoking toplevel() on ptolemy.moml.MoMLSimpleApplication@377ba1f0
----------------- Done invoking toplevel() on ptolemy.moml.MoMLSimpleApplication@377ba1f0
reloadAllAccessors: .Test

===========================================================================================
----------------- testing Mon Jun 11 03:44:01 UTC 2018 /home/travis/build/icyphy/ptII/ptolemy/actor/lib/test/auto/TestExceptionAttribute1.xml
----------------- Instantiating /home/travis/build/icyphy/ptII/ptolemy/actor/lib/test/auto/TestExceptionAttribute1.xml
1 ms. Memory: 1782784K Free: 1252070K (70%)
----------------- Invoking toplevel() on ptolemy.moml.MoMLSimpleApplication@2179c55e
----------------- Done invoking toplevel() on ptolemy.moml.MoMLSimpleApplication@2179c55e
reloadAllAccessors: .TestExceptionAttribute1

===========================================================================================
----------------- testing Mon Jun 11 03:44:01 UTC 2018 /home/travis/build/icyphy/ptII/ptolemy/actor/lib/test/auto/TestExceptionAttribute2.xml
----------------- Instantiating /home/travis/build/icyphy/ptII/ptolemy/actor/lib/test/auto/TestExceptionAttribute2.xml
1 ms. Memory: 1782784K Free: 1229870K (69%)
----------------- Invoking toplevel() on ptolemy.moml.MoMLSimpleApplication@637f84a4
----------------- Done invoking toplevel() on ptolemy.moml.MoMLSimpleApplication@637f84a4
reloadAllAccessors: .TestExceptionAttribute2

===========================================================================================
----------------- testing Mon Jun 11 03:44:01 UTC 2018 /home/travis/build/icyphy/ptII/ptolemy/actor/lib/test/auto/TestExceptionAttribute3.xml
----------------- Instantiating /home/travis/build/icyphy/ptII/ptolemy/actor/lib/test/auto/TestExceptionAttribute3.xml
.TestExceptionAttribute3.TestExceptionAttribute: initialize() was not invoked, but wrapup() was.  This is unusual, but not always a problem.  For example, exporting JNLP will do this.
1 ms. Memory: 1782784K Free: 1203500K (68%)
----------------- Invoking toplevel() on ptolemy.moml.MoMLSimpleApplication@113987b4
----------------- Done invoking toplevel() on ptolemy.moml.MoMLSimpleApplication@113987b4
reloadAllAccessors: .TestExceptionAttribute3

===========================================================================================
----------------- testing Mon Jun 11 03:44:01 UTC 2018 /home/travis/build/icyphy/ptII/ptolemy/actor/lib/test/auto/TestExceptionAttribute4.xml
----------------- Instantiating /home/travis/build/icyphy/ptII/ptolemy/actor/lib/test/auto/TestExceptionAttribute4.xml
.TestExceptionAttribute4.TestExceptionAttribute: initialize() was not invoked, but wrapup() was.  This is unusual, but not always a problem.  For example, exporting JNLP will do this.
.TestExceptionAttribute4.TestExceptionAttribute2: initialize() was not invoked, but wrapup() was.  This is unusual, but not always a problem.  For example, exporting JNLP will do this.
0 ms. Memory: 1782784K Free: 1181300K (66%)
----------------- Invoking toplevel() on ptolemy.moml.MoMLSimpleApplication@27106d26
----------------- Done invoking toplevel() on ptolemy.moml.MoMLSimpleApplication@27106d26
reloadAllAccessors: .TestExceptionAttribute4

===========================================================================================
----------------- testing Mon Jun 11 03:44:01 UTC 2018 /home/travis/build/icyphy/ptII/ptolemy/actor/lib/test/auto/TestExceptionHandler1.xml
----------------- Instantiating /home/travis/build/icyphy/ptII/ptolemy/actor/lib/test/auto/TestExceptionHandler1.xml
1 ms. Memory: 1782784K Free: 1154930K (65%)
----------------- Invoking toplevel() on ptolemy.moml.MoMLSimpleApplication@2b1a84d3
----------------- Done invoking toplevel() on ptolemy.moml.MoMLSimpleApplication@2b1a84d3
reloadAllAccessors: .TestExceptionHandler1

===========================================================================================
----------------- testing Mon Jun 11 03:44:01 UTC 2018 /home/travis/build/icyphy/ptII/ptolemy/actor/lib/test/auto/TestExceptionHandler2.xml
----------------- Instantiating /home/travis/build/icyphy/ptII/ptolemy/actor/lib/test/auto/TestExceptionHandler2.xml
1 ms. Memory: 1782784K Free: 1128560K (63%)
----------------- Invoking toplevel() on ptolemy.moml.MoMLSimpleApplication@5e552b28
----------------- Done invoking toplevel() on ptolemy.moml.MoMLSimpleApplication@5e552b28
reloadAllAccessors: .TestExceptionHandler2

===========================================================================================
----------------- testing Mon Jun 11 03:44:01 UTC 2018 /home/travis/build/icyphy/ptII/ptolemy/actor/lib/test/auto/TestExceptionHandler3.xml
----------------- Instantiating /home/travis/build/icyphy/ptII/ptolemy/actor/lib/test/auto/TestExceptionHandler3.xml
0 ms. Memory: 1782784K Free: 1106360K (62%)
----------------- Invoking toplevel() on ptolemy.moml.MoMLSimpleApplication@6bf63695
----------------- Done invoking toplevel() on ptolemy.moml.MoMLSimpleApplication@6bf63695
reloadAllAccessors: .TestExceptionHandler3

===========================================================================================
----------------- testing Mon Jun 11 03:44:01 UTC 2018 /home/travis/build/icyphy/ptII/ptolemy/actor/lib/test/auto/TestExceptionHandler4.xml
----------------- Instantiating /home/travis/build/icyphy/ptII/ptolemy/actor/lib/test/auto/TestExceptionHandler4.xml
0 ms. Memory: 1782784K Free: 1079990K (61%)
----------------- Invoking toplevel() on ptolemy.moml.MoMLSimpleApplication@1a36726b
----------------- Done invoking toplevel() on ptolemy.moml.MoMLSimpleApplication@1a36726b
reloadAllAccessors: .TestExceptionHandler4

===========================================================================================
----------------- testing Mon Jun 11 03:44:01 UTC 2018 /home/travis/build/icyphy/ptII/ptolemy/actor/lib/test/auto/TestRequireCorrectOrder.xml
----------------- Instantiating /home/travis/build/icyphy/ptII/ptolemy/actor/lib/test/auto/TestRequireCorrectOrder.xml
2 ms. Memory: 1782784K Free: 1053620K (59%)
----------------- Invoking toplevel() on ptolemy.moml.MoMLSimpleApplication@62fc1e60
----------------- Done invoking toplevel() on ptolemy.moml.MoMLSimpleApplication@62fc1e60
reloadAllAccessors: .TestRequireCorrectOrder

===========================================================================================
----------------- testing Mon Jun 11 03:44:01 UTC 2018 /home/travis/build/icyphy/ptII/ptolemy/actor/lib/test/auto/TestSimple.xml
----------------- Instantiating /home/travis/build/icyphy/ptII/ptolemy/actor/lib/test/auto/TestSimple.xml
1 ms. Memory: 1782784K Free: 1031420K (58%)
----------------- Invoking toplevel() on ptolemy.moml.MoMLSimpleApplication@3551e7c7
----------------- Done invoking toplevel() on ptolemy.moml.MoMLSimpleApplication@3551e7c7
reloadAllAccessors: .TestSimple

===========================================================================================
----------------- testing Mon Jun 11 03:44:01 UTC 2018 /home/travis/build/icyphy/ptII/ptolemy/actor/lib/test/auto/ThrowModelError.xml
----------------- Instantiating /home/travis/build/icyphy/ptII/ptolemy/actor/lib/test/auto/ThrowModelError.xml
1 ms. Memory: 1782784K Free: 1005050K (56%)
----------------- Invoking toplevel() on ptolemy.moml.MoMLSimpleApplication@492e1ca9
----------------- Done invoking toplevel() on ptolemy.moml.MoMLSimpleApplication@492e1ca9
reloadAllAccessors: .ThrowModelError

===========================================================================================
----------------- testing Mon Jun 11 03:44:01 UTC 2018 /home/travis/build/icyphy/ptII/ptolemy/actor/lib/test/auto/TimeDelayMicrosteps.xml
----------------- Instantiating /home/travis/build/icyphy/ptII/ptolemy/actor/lib/test/auto/TimeDelayMicrosteps.xml
2 ms. Memory: 1782784K Free: 982850K (55%)
----------------- Invoking toplevel() on ptolemy.moml.MoMLSimpleApplication@53a93216
----------------- Done invoking toplevel() on ptolemy.moml.MoMLSimpleApplication@53a93216
reloadAllAccessors: .TimeDelayMicrosteps

===========================================================================================
----------------- testing Mon Jun 11 03:44:01 UTC 2018 /home/travis/build/icyphy/ptII/ptolemy/actor/lib/test/auto/TimeDelayMicrosteps2.xml
----------------- Instantiating /home/travis/build/icyphy/ptII/ptolemy/actor/lib/test/auto/TimeDelayMicrosteps2.xml
2 ms. Memory: 1782784K Free: 956480K (54%)
----------------- Invoking toplevel() on ptolemy.moml.MoMLSimpleApplication@34451388
----------------- Done invoking toplevel() on ptolemy.moml.MoMLSimpleApplication@34451388
reloadAllAccessors: .TimeDelayMicrosteps2

===========================================================================================
----------------- testing Mon Jun 11 03:44:01 UTC 2018 /home/travis/build/icyphy/ptII/ptolemy/actor/lib/test/auto/TimeDelayMicrosteps3.xml
----------------- Instantiating /home/travis/build/icyphy/ptII/ptolemy/actor/lib/test/auto/TimeDelayMicrosteps3.xml
2 ms. Memory: 1782784K Free: 930110K (52%)
----------------- Invoking toplevel() on ptolemy.moml.MoMLSimpleApplication@65f528e8
----------------- Done invoking toplevel() on ptolemy.moml.MoMLSimpleApplication@65f528e8
reloadAllAccessors: .TimeDelayMicrosteps3

===========================================================================================
----------------- testing Mon Jun 11 03:44:01 UTC 2018 /home/travis/build/icyphy/ptII/ptolemy/actor/lib/test/auto/TimeDelayVariableMicrosteps.xml
----------------- Instantiating /home/travis/build/icyphy/ptII/ptolemy/actor/lib/test/auto/TimeDelayVariableMicrosteps.xml
2 ms. Memory: 1782784K Free: 907909K (51%)
----------------- Invoking toplevel() on ptolemy.moml.MoMLSimpleApplication@185a74ad
----------------- Done invoking toplevel() on ptolemy.moml.MoMLSimpleApplication@185a74ad
reloadAllAccessors: .TimeDelayVariableMicrosteps

===========================================================================================
----------------- testing Mon Jun 11 03:44:01 UTC 2018 /home/travis/build/icyphy/ptII/ptolemy/actor/lib/test/auto/TimeGap.xml
----------------- Instantiating /home/travis/build/icyphy/ptII/ptolemy/actor/lib/test/auto/TimeGap.xml
2 ms. Memory: 1782784K Free: 881539K (49%)
----------------- Invoking toplevel() on ptolemy.moml.MoMLSimpleApplication@60446031
----------------- Done invoking toplevel() on ptolemy.moml.MoMLSimpleApplication@60446031
reloadAllAccessors: .TimeGap

===========================================================================================
----------------- testing Mon Jun 11 03:44:01 UTC 2018 /home/travis/build/icyphy/ptII/ptolemy/actor/lib/test/auto/TimeGap2.xml
----------------- Instantiating /home/travis/build/icyphy/ptII/ptolemy/actor/lib/test/auto/TimeGap2.xml
2 ms. Memory: 1782784K Free: 859339K (48%)
----------------- Invoking toplevel() on ptolemy.moml.MoMLSimpleApplication@6a5d872
----------------- Done invoking toplevel() on ptolemy.moml.MoMLSimpleApplication@6a5d872
reloadAllAccessors: .TimeGap2

===========================================================================================
----------------- testing Mon Jun 11 03:44:01 UTC 2018 /home/travis/build/icyphy/ptII/ptolemy/actor/lib/test/auto/TimedSinewave.xml
----------------- Instantiating /home/travis/build/icyphy/ptII/ptolemy/actor/lib/test/auto/TimedSinewave.xml
22 ms. Memory: 1782784K Free: 821853K (46%)
----------------- Invoking toplevel() on ptolemy.moml.MoMLSimpleApplication@3663018c
----------------- Done invoking toplevel() on ptolemy.moml.MoMLSimpleApplication@3663018c
reloadAllAccessors: .TimedSinewave

===========================================================================================
----------------- testing Mon Jun 11 03:44:01 UTC 2018 /home/travis/build/icyphy/ptII/ptolemy/actor/lib/test/auto/TimedSinewavePhase.xml
----------------- Instantiating /home/travis/build/icyphy/ptII/ptolemy/actor/lib/test/auto/TimedSinewavePhase.xml
8 ms. Memory: 1782784K Free: 795483K (45%)
----------------- Invoking toplevel() on ptolemy.moml.MoMLSimpleApplication@3afe12ef
----------------- Done invoking toplevel() on ptolemy.moml.MoMLSimpleApplication@3afe12ef
reloadAllAccessors: .TimedSinewavePhase

===========================================================================================
----------------- testing Mon Jun 11 03:44:01 UTC 2018 /home/travis/build/icyphy/ptII/ptolemy/actor/lib/test/auto/Timer.xml
----------------- Instantiating /home/travis/build/icyphy/ptII/ptolemy/actor/lib/test/auto/Timer.xml
1 ms. Memory: 1782784K Free: 773283K (43%)
----------------- Invoking toplevel() on ptolemy.moml.MoMLSimpleApplication@47b1bcc3
----------------- Done invoking toplevel() on ptolemy.moml.MoMLSimpleApplication@47b1bcc3
reloadAllAccessors: .Timer

===========================================================================================
----------------- testing Mon Jun 11 03:44:01 UTC 2018 /home/travis/build/icyphy/ptII/ptolemy/actor/lib/test/auto/TriangularDistTestModel.xml
----------------- Instantiating /home/travis/build/icyphy/ptII/ptolemy/actor/lib/test/auto/TriangularDistTestModel.xml
1 ms. Memory: 1782784K Free: 746913K (42%)
----------------- Invoking toplevel() on ptolemy.moml.MoMLSimpleApplication@552e3558
----------------- Done invoking toplevel() on ptolemy.moml.MoMLSimpleApplication@552e3558
reloadAllAccessors: .TriangularDistTestModel

===========================================================================================
----------------- testing Mon Jun 11 03:44:02 UTC 2018 /home/travis/build/icyphy/ptII/ptolemy/actor/lib/test/auto/TrigFunction.xml
----------------- Instantiating /home/travis/build/icyphy/ptII/ptolemy/actor/lib/test/auto/TrigFunction.xml
1 ms. Memory: 1782784K Free: 724713K (41%)
----------------- Invoking toplevel() on ptolemy.moml.MoMLSimpleApplication@635482f6
----------------- Done invoking toplevel() on ptolemy.moml.MoMLSimpleApplication@635482f6
reloadAllAccessors: .TrigFunction

===========================================================================================
----------------- testing Mon Jun 11 03:44:02 UTC 2018 /home/travis/build/icyphy/ptII/ptolemy/actor/lib/test/auto/TrigFunctionDE.xml
----------------- Instantiating /home/travis/build/icyphy/ptII/ptolemy/actor/lib/test/auto/TrigFunctionDE.xml
2 ms. Memory: 1782784K Free: 698343K (39%)
----------------- Invoking toplevel() on ptolemy.moml.MoMLSimpleApplication@13403fda
----------------- Done invoking toplevel() on ptolemy.moml.MoMLSimpleApplication@13403fda
reloadAllAccessors: .TrigFunctionDE

===========================================================================================
----------------- testing Mon Jun 11 03:44:02 UTC 2018 /home/travis/build/icyphy/ptII/ptolemy/actor/lib/test/auto/TrigFunctionInverse.xml
----------------- Instantiating /home/travis/build/icyphy/ptII/ptolemy/actor/lib/test/auto/TrigFunctionInverse.xml
2 ms. Memory: 1782784K Free: 671973K (38%)
----------------- Invoking toplevel() on ptolemy.moml.MoMLSimpleApplication@18dbc5e3
----------------- Done invoking toplevel() on ptolemy.moml.MoMLSimpleApplication@18dbc5e3
reloadAllAccessors: .TrigFunctionInverse

===========================================================================================
----------------- testing Mon Jun 11 03:44:02 UTC 2018 /home/travis/build/icyphy/ptII/ptolemy/actor/lib/test/auto/TrigFunctionTan.xml
----------------- Instantiating /home/travis/build/icyphy/ptII/ptolemy/actor/lib/test/auto/TrigFunctionTan.xml
1 ms. Memory: 1782784K Free: 649772K (36%)
----------------- Invoking toplevel() on ptolemy.moml.MoMLSimpleApplication@771bce83
----------------- Done invoking toplevel() on ptolemy.moml.MoMLSimpleApplication@771bce83
reloadAllAccessors: .TrigFunctionTan

===========================================================================================
----------------- testing Mon Jun 11 03:44:02 UTC 2018 /home/travis/build/icyphy/ptII/ptolemy/actor/lib/test/auto/TriggeredClock.xml
----------------- Instantiating /home/travis/build/icyphy/ptII/ptolemy/actor/lib/test/auto/TriggeredClock.xml
2 ms. Memory: 1782784K Free: 623402K (35%)
----------------- Invoking toplevel() on ptolemy.moml.MoMLSimpleApplication@2f76e877
----------------- Done invoking toplevel() on ptolemy.moml.MoMLSimpleApplication@2f76e877
reloadAllAccessors: .TriggeredClock

===========================================================================================
----------------- testing Mon Jun 11 03:44:02 UTC 2018 /home/travis/build/icyphy/ptII/ptolemy/actor/lib/test/auto/URLDirectoryReader.xml
----------------- Instantiating /home/travis/build/icyphy/ptII/ptolemy/actor/lib/test/auto/URLDirectoryReader.xml
30 ms. Memory: 1782784K Free: 597032K (33%)
----------------- Invoking toplevel() on ptolemy.moml.MoMLSimpleApplication@37cd7afe
----------------- Done invoking toplevel() on ptolemy.moml.MoMLSimpleApplication@37cd7afe
reloadAllAccessors: .URLDirectoryReader

===========================================================================================
----------------- testing Mon Jun 11 03:44:02 UTC 2018 /home/travis/build/icyphy/ptII/ptolemy/actor/lib/test/auto/URLDirectoryReader3.xml
----------------- Instantiating /home/travis/build/icyphy/ptII/ptolemy/actor/lib/test/auto/URLDirectoryReader3.xml
1289 ms. Memory: 1782784K Free: 530431K (30%)
----------------- Invoking toplevel() on ptolemy.moml.MoMLSimpleApplication@39d9e22c
----------------- Done invoking toplevel() on ptolemy.moml.MoMLSimpleApplication@39d9e22c
reloadAllAccessors: .URLDirectoryReader3

===========================================================================================
----------------- testing Mon Jun 11 03:44:03 UTC 2018 /home/travis/build/icyphy/ptII/ptolemy/actor/lib/test/auto/UnaryMathFunction.xml
----------------- Instantiating /home/travis/build/icyphy/ptII/ptolemy/actor/lib/test/auto/UnaryMathFunction.xml
2 ms. Memory: 1782784K Free: 504061K (28%)
----------------- Invoking toplevel() on ptolemy.moml.MoMLSimpleApplication@154ac2f5
----------------- Done invoking toplevel() on ptolemy.moml.MoMLSimpleApplication@154ac2f5
reloadAllAccessors: .UnaryMathFunction

===========================================================================================
----------------- testing Mon Jun 11 03:44:03 UTC 2018 /home/travis/build/icyphy/ptII/ptolemy/actor/lib/test/auto/Uniform.xml
----------------- Instantiating /home/travis/build/icyphy/ptII/ptolemy/actor/lib/test/auto/Uniform.xml
1 ms. Memory: 1782784K Free: 481861K (27%)
----------------- Invoking toplevel() on ptolemy.moml.MoMLSimpleApplication@7a1abf6
----------------- Done invoking toplevel() on ptolemy.moml.MoMLSimpleApplication@7a1abf6
reloadAllAccessors: .Uniform

===========================================================================================
----------------- testing Mon Jun 11 03:44:03 UTC 2018 /home/travis/build/icyphy/ptII/ptolemy/actor/lib/test/auto/UnionDisassemblerTest.xml
----------------- Instantiating /home/travis/build/icyphy/ptII/ptolemy/actor/lib/test/auto/UnionDisassemblerTest.xml
5 ms. Memory: 1782784K Free: 455491K (26%)
----------------- Invoking toplevel() on ptolemy.moml.MoMLSimpleApplication@2f31e855
----------------- Done invoking toplevel() on ptolemy.moml.MoMLSimpleApplication@2f31e855
reloadAllAccessors: .UnionDisassemblerTest

===========================================================================================
----------------- testing Mon Jun 11 03:44:03 UTC 2018 /home/travis/build/icyphy/ptII/ptolemy/actor/lib/test/auto/UtilityFunctions.xml
----------------- Instantiating /home/travis/build/icyphy/ptII/ptolemy/actor/lib/test/auto/UtilityFunctions.xml
1 ms. Memory: 1782784K Free: 429122K (24%)
----------------- Invoking toplevel() on ptolemy.moml.MoMLSimpleApplication@1e79829
----------------- Done invoking toplevel() on ptolemy.moml.MoMLSimpleApplication@1e79829
reloadAllAccessors: .UtilityFunctions

===========================================================================================
----------------- testing Mon Jun 11 03:44:03 UTC 2018 /home/travis/build/icyphy/ptII/ptolemy/actor/lib/test/auto/VariableSleep.xml
----------------- Instantiating /home/travis/build/icyphy/ptII/ptolemy/actor/lib/test/auto/VariableSleep.xml
502 ms. Memory: 1782784K Free: 406921K (23%)
----------------- Invoking toplevel() on ptolemy.moml.MoMLSimpleApplication@1a8188b8
----------------- Done invoking toplevel() on ptolemy.moml.MoMLSimpleApplication@1a8188b8
reloadAllAccessors: .VariableSleep

===========================================================================================
----------------- testing Mon Jun 11 03:44:04 UTC 2018 /home/travis/build/icyphy/ptII/ptolemy/actor/lib/test/auto/VectorAssemblerDisassemblerCT.xml
----------------- Instantiating /home/travis/build/icyphy/ptII/ptolemy/actor/lib/test/auto/VectorAssemblerDisassemblerCT.xml
64 ms. Memory: 1782784K Free: 369435K (21%)
----------------- Invoking toplevel() on ptolemy.moml.MoMLSimpleApplication@89e107f
----------------- Done invoking toplevel() on ptolemy.moml.MoMLSimpleApplication@89e107f
reloadAllAccessors: .VectorAssemblerDisassemblerCT

===========================================================================================
----------------- testing Mon Jun 11 03:44:04 UTC 2018 /home/travis/build/icyphy/ptII/ptolemy/actor/lib/test/auto/VectorAssemblerDisassemblerDE.xml
----------------- Instantiating /home/travis/build/icyphy/ptII/ptolemy/actor/lib/test/auto/VectorAssemblerDisassemblerDE.xml
2 ms. Memory: 1782784K Free: 343065K (19%)
----------------- Invoking toplevel() on ptolemy.moml.MoMLSimpleApplication@2f735306
----------------- Done invoking toplevel() on ptolemy.moml.MoMLSimpleApplication@2f735306
reloadAllAccessors: .VectorAssemblerDisassemblerDE

===========================================================================================
----------------- testing Mon Jun 11 03:44:04 UTC 2018 /home/travis/build/icyphy/ptII/ptolemy/actor/lib/test/auto/VectorAssemblerDisassemblerSDF.xml
----------------- Instantiating /home/travis/build/icyphy/ptII/ptolemy/actor/lib/test/auto/VectorAssemblerDisassemblerSDF.xml
2 ms. Memory: 1782784K Free: 320865K (18%)
----------------- Invoking toplevel() on ptolemy.moml.MoMLSimpleApplication@62d584fb
----------------- Done invoking toplevel() on ptolemy.moml.MoMLSimpleApplication@62d584fb
reloadAllAccessors: .VectorAssemblerDisassemblerSDF

===========================================================================================
----------------- testing Mon Jun 11 03:44:04 UTC 2018 /home/travis/build/icyphy/ptII/ptolemy/actor/lib/test/auto/WallClockTime.xml
----------------- Instantiating /home/travis/build/icyphy/ptII/ptolemy/actor/lib/test/auto/WallClockTime.xml
1004 ms. Memory: 1782784K Free: 294495K (17%)
----------------- Invoking toplevel() on ptolemy.moml.MoMLSimpleApplication@4177764
----------------- Done invoking toplevel() on ptolemy.moml.MoMLSimpleApplication@4177764
reloadAllAccessors: .WallClockTime

===========================================================================================
----------------- testing Mon Jun 11 03:44:05 UTC 2018 /home/travis/build/icyphy/ptII/ptolemy/actor/lib/test/auto/WidthTestWithSubscriberPublisher.xml
----------------- Instantiating /home/travis/build/icyphy/ptII/ptolemy/actor/lib/test/auto/WidthTestWithSubscriberPublisher.xml
6 ms. Memory: 1782784K Free: 261195K (15%)
----------------- Invoking toplevel() on ptolemy.moml.MoMLSimpleApplication@608ad02d
----------------- Done invoking toplevel() on ptolemy.moml.MoMLSimpleApplication@608ad02d
reloadAllAccessors: .WidthTestWithSubscriberPublisher

===========================================================================================
----------------- testing Mon Jun 11 03:44:05 UTC 2018 /home/travis/build/icyphy/ptII/ptolemy/actor/lib/test/auto/WidthTestWithSubscriberPublisher2.xml
----------------- Instantiating /home/travis/build/icyphy/ptII/ptolemy/actor/lib/test/auto/WidthTestWithSubscriberPublisher2.xml
1 ms. Memory: 1782784K Free: 234825K (13%)
----------------- Invoking toplevel() on ptolemy.moml.MoMLSimpleApplication@1bd76c6e
----------------- Done invoking toplevel() on ptolemy.moml.MoMLSimpleApplication@1bd76c6e
reloadAllAccessors: .WidthTestWithSubscriberPublisher2

===========================================================================================
----------------- testing Mon Jun 11 03:44:05 UTC 2018 /home/travis/build/icyphy/ptII/ptolemy/actor/lib/test/auto/WidthTestWithSubscriberPublisher3.xml
----------------- Instantiating /home/travis/build/icyphy/ptII/ptolemy/actor/lib/test/auto/WidthTestWithSubscriberPublisher3.xml
1 ms. Memory: 1782784K Free: 208455K (12%)
----------------- Invoking toplevel() on ptolemy.moml.MoMLSimpleApplication@11e6d1bd
----------------- Done invoking toplevel() on ptolemy.moml.MoMLSimpleApplication@11e6d1bd
reloadAllAccessors: .WidthTestWithSubscriberPublisher3

===========================================================================================
----------------- testing Mon Jun 11 03:44:05 UTC 2018 /home/travis/build/icyphy/ptII/ptolemy/actor/lib/test/auto/Writer.xml
----------------- Instantiating /home/travis/build/icyphy/ptII/ptolemy/actor/lib/test/auto/Writer.xml
0
1
2
3
4
1 ms. Memory: 1782784K Free: 186255K (10%)
----------------- Invoking toplevel() on ptolemy.moml.MoMLSimpleApplication@22c9174
----------------- Done invoking toplevel() on ptolemy.moml.MoMLSimpleApplication@22c9174
reloadAllAccessors: .Writer

===========================================================================================
----------------- testing Mon Jun 11 03:44:05 UTC 2018 /home/travis/build/icyphy/ptII/ptolemy/actor/lib/test/auto/array.xml
----------------- Instantiating /home/travis/build/icyphy/ptII/ptolemy/actor/lib/test/auto/array.xml
1 ms. Memory: 1782784K Free: 159885K (9%)
----------------- Invoking toplevel() on ptolemy.moml.MoMLSimpleApplication@60479a6d
----------------- Done invoking toplevel() on ptolemy.moml.MoMLSimpleApplication@60479a6d
reloadAllAccessors: .array

===========================================================================================
----------------- testing Mon Jun 11 03:44:05 UTC 2018 /home/travis/build/icyphy/ptII/ptolemy/actor/lib/test/auto/array2.xml
----------------- Instantiating /home/travis/build/icyphy/ptII/ptolemy/actor/lib/test/auto/array2.xml
2 ms. Memory: 1782784K Free: 137684K (8%)
----------------- Invoking toplevel() on ptolemy.moml.MoMLSimpleApplication@6ed15888
----------------- Done invoking toplevel() on ptolemy.moml.MoMLSimpleApplication@6ed15888
reloadAllAccessors: .array2

===========================================================================================
----------------- testing Mon Jun 11 03:44:05 UTC 2018 /home/travis/build/icyphy/ptII/ptolemy/actor/lib/test/auto/arrayType.xml
----------------- Instantiating /home/travis/build/icyphy/ptII/ptolemy/actor/lib/test/auto/arrayType.xml
2 ms. Memory: 1782784K Free: 111314K (6%)
----------------- Invoking toplevel() on ptolemy.moml.MoMLSimpleApplication@1c6b1c0a
----------------- Done invoking toplevel() on ptolemy.moml.MoMLSimpleApplication@1c6b1c0a
reloadAllAccessors: .arrayType

===========================================================================================
----------------- testing Mon Jun 11 03:44:05 UTC 2018 /home/travis/build/icyphy/ptII/ptolemy/actor/lib/test/auto/arrayType10.xml
----------------- Instantiating /home/travis/build/icyphy/ptII/ptolemy/actor/lib/test/auto/arrayType10.xml
2 ms. Memory: 1782784K Free: 84944K (5%)
----------------- Invoking toplevel() on ptolemy.moml.MoMLSimpleApplication@2fc18d49
----------------- Done invoking toplevel() on ptolemy.moml.MoMLSimpleApplication@2fc18d49
reloadAllAccessors: .arrayType10

===========================================================================================
----------------- testing Mon Jun 11 03:44:05 UTC 2018 /home/travis/build/icyphy/ptII/ptolemy/actor/lib/test/auto/arrayType11.xml
----------------- Instantiating /home/travis/build/icyphy/ptII/ptolemy/actor/lib/test/auto/arrayType11.xml
13 ms. Memory: 1783296K Free: 1715703K (96%)
----------------- Invoking toplevel() on ptolemy.moml.MoMLSimpleApplication@1a54b907
----------------- Done invoking toplevel() on ptolemy.moml.MoMLSimpleApplication@1a54b907
reloadAllAccessors: .arrayType11

===========================================================================================
----------------- testing Mon Jun 11 03:44:05 UTC 2018 /home/travis/build/icyphy/ptII/ptolemy/actor/lib/test/auto/arrayType12.xml
----------------- Instantiating /home/travis/build/icyphy/ptII/ptolemy/actor/lib/test/auto/arrayType12.xml
6 ms. Memory: 1783296K Free: 1689672K (95%)
----------------- Invoking toplevel() on ptolemy.moml.MoMLSimpleApplication@73a648ac
----------------- Done invoking toplevel() on ptolemy.moml.MoMLSimpleApplication@73a648ac
reloadAllAccessors: .arrayType12

===========================================================================================
----------------- testing Mon Jun 11 03:44:05 UTC 2018 /home/travis/build/icyphy/ptII/ptolemy/actor/lib/test/auto/arrayType13.xml
----------------- Instantiating /home/travis/build/icyphy/ptII/ptolemy/actor/lib/test/auto/arrayType13.xml
1 ms. Memory: 1783296K Free: 1669201K (94%)
----------------- Invoking toplevel() on ptolemy.moml.MoMLSimpleApplication@77b3bede
----------------- Done invoking toplevel() on ptolemy.moml.MoMLSimpleApplication@77b3bede
reloadAllAccessors: .arrayType13

===========================================================================================
----------------- testing Mon Jun 11 03:44:05 UTC 2018 /home/travis/build/icyphy/ptII/ptolemy/actor/lib/test/auto/arrayType14.xml
----------------- Instantiating /home/travis/build/icyphy/ptII/ptolemy/actor/lib/test/auto/arrayType14.xml
2 ms. Memory: 1783296K Free: 1648729K (92%)
----------------- Invoking toplevel() on ptolemy.moml.MoMLSimpleApplication@1f6c60d8
----------------- Done invoking toplevel() on ptolemy.moml.MoMLSimpleApplication@1f6c60d8
reloadAllAccessors: .arrayType14

===========================================================================================
----------------- testing Mon Jun 11 03:44:05 UTC 2018 /home/travis/build/icyphy/ptII/ptolemy/actor/lib/test/auto/arrayType15.xml
----------------- Instantiating /home/travis/build/icyphy/ptII/ptolemy/actor/lib/test/auto/arrayType15.xml
1 ms. Memory: 1783296K Free: 1632053K (92%)
----------------- Invoking toplevel() on ptolemy.moml.MoMLSimpleApplication@723a37f
----------------- Done invoking toplevel() on ptolemy.moml.MoMLSimpleApplication@723a37f
reloadAllAccessors: .arrayType15

===========================================================================================
----------------- testing Mon Jun 11 03:44:05 UTC 2018 /home/travis/build/icyphy/ptII/ptolemy/actor/lib/test/auto/arrayType16.xml
----------------- Instantiating /home/travis/build/icyphy/ptII/ptolemy/actor/lib/test/auto/arrayType16.xml
2 ms. Memory: 1783296K Free: 1611581K (90%)
----------------- Invoking toplevel() on ptolemy.moml.MoMLSimpleApplication@4f85e46e
----------------- Done invoking toplevel() on ptolemy.moml.MoMLSimpleApplication@4f85e46e
reloadAllAccessors: .arrayType16

===========================================================================================
----------------- testing Mon Jun 11 03:44:05 UTC 2018 /home/travis/build/icyphy/ptII/ptolemy/actor/lib/test/auto/arrayType17.xml
----------------- Instantiating /home/travis/build/icyphy/ptII/ptolemy/actor/lib/test/auto/arrayType17.xml
1 ms. Memory: 1783296K Free: 1591110K (89%)
----------------- Invoking toplevel() on ptolemy.moml.MoMLSimpleApplication@469e4d2b
----------------- Done invoking toplevel() on ptolemy.moml.MoMLSimpleApplication@469e4d2b
reloadAllAccessors: .arrayType17

===========================================================================================
----------------- testing Mon Jun 11 03:44:05 UTC 2018 /home/travis/build/icyphy/ptII/ptolemy/actor/lib/test/auto/arrayType18.xml
----------------- Instantiating /home/travis/build/icyphy/ptII/ptolemy/actor/lib/test/auto/arrayType18.xml
1 ms. Memory: 1783296K Free: 1574434K (88%)
----------------- Invoking toplevel() on ptolemy.moml.MoMLSimpleApplication@6a70e96f
----------------- Done invoking toplevel() on ptolemy.moml.MoMLSimpleApplication@6a70e96f
reloadAllAccessors: .arrayType18

===========================================================================================
----------------- testing Mon Jun 11 03:44:05 UTC 2018 /home/travis/build/icyphy/ptII/ptolemy/actor/lib/test/auto/arrayType19.xml
----------------- Instantiating /home/travis/build/icyphy/ptII/ptolemy/actor/lib/test/auto/arrayType19.xml
1 ms. Memory: 1783296K Free: 1553962K (87%)
----------------- Invoking toplevel() on ptolemy.moml.MoMLSimpleApplication@247b6383
----------------- Done invoking toplevel() on ptolemy.moml.MoMLSimpleApplication@247b6383
reloadAllAccessors: .arrayType19

===========================================================================================
----------------- testing Mon Jun 11 03:44:05 UTC 2018 /home/travis/build/icyphy/ptII/ptolemy/actor/lib/test/auto/arrayType2.xml
----------------- Instantiating /home/travis/build/icyphy/ptII/ptolemy/actor/lib/test/auto/arrayType2.xml
1 ms. Memory: 1783296K Free: 1533490K (86%)
----------------- Invoking toplevel() on ptolemy.moml.MoMLSimpleApplication@25588c29
----------------- Done invoking toplevel() on ptolemy.moml.MoMLSimpleApplication@25588c29
reloadAllAccessors: .arrayType2

===========================================================================================
----------------- testing Mon Jun 11 03:44:05 UTC 2018 /home/travis/build/icyphy/ptII/ptolemy/actor/lib/test/auto/arrayType20.xml
----------------- Instantiating /home/travis/build/icyphy/ptII/ptolemy/actor/lib/test/auto/arrayType20.xml
1 ms. Memory: 1783296K Free: 1516814K (85%)
----------------- Invoking toplevel() on ptolemy.moml.MoMLSimpleApplication@425da5c3
----------------- Done invoking toplevel() on ptolemy.moml.MoMLSimpleApplication@425da5c3
reloadAllAccessors: .arrayType20

===========================================================================================
----------------- testing Mon Jun 11 03:44:05 UTC 2018 /home/travis/build/icyphy/ptII/ptolemy/actor/lib/test/auto/arrayType21.xml
----------------- Instantiating /home/travis/build/icyphy/ptII/ptolemy/actor/lib/test/auto/arrayType21.xml
1 ms. Memory: 1783296K Free: 1496342K (84%)
----------------- Invoking toplevel() on ptolemy.moml.MoMLSimpleApplication@10c798c3
----------------- Done invoking toplevel() on ptolemy.moml.MoMLSimpleApplication@10c798c3
reloadAllAccessors: .arrayType21

===========================================================================================
----------------- testing Mon Jun 11 03:44:05 UTC 2018 /home/travis/build/icyphy/ptII/ptolemy/actor/lib/test/auto/arrayType22.xml
----------------- Instantiating /home/travis/build/icyphy/ptII/ptolemy/actor/lib/test/auto/arrayType22.xml
1 ms. Memory: 1783296K Free: 1475871K (83%)
----------------- Invoking toplevel() on ptolemy.moml.MoMLSimpleApplication@242d8634
----------------- Done invoking toplevel() on ptolemy.moml.MoMLSimpleApplication@242d8634
reloadAllAccessors: .arrayType22

===========================================================================================
----------------- testing Mon Jun 11 03:44:05 UTC 2018 /home/travis/build/icyphy/ptII/ptolemy/actor/lib/test/auto/arrayType23.xml
----------------- Instantiating /home/travis/build/icyphy/ptII/ptolemy/actor/lib/test/auto/arrayType23.xml
1 ms. Memory: 1783296K Free: 1459195K (82%)
----------------- Invoking toplevel() on ptolemy.moml.MoMLSimpleApplication@d29f91b
----------------- Done invoking toplevel() on ptolemy.moml.MoMLSimpleApplication@d29f91b
reloadAllAccessors: .arrayType23

===========================================================================================
----------------- testing Mon Jun 11 03:44:05 UTC 2018 /home/travis/build/icyphy/ptII/ptolemy/actor/lib/test/auto/arrayType24.xml
----------------- Instantiating /home/travis/build/icyphy/ptII/ptolemy/actor/lib/test/auto/arrayType24.xml
1 ms. Memory: 1783296K Free: 1438723K (81%)
----------------- Invoking toplevel() on ptolemy.moml.MoMLSimpleApplication@5b31116f
----------------- Done invoking toplevel() on ptolemy.moml.MoMLSimpleApplication@5b31116f
reloadAllAccessors: .arrayType24

===========================================================================================
----------------- testing Mon Jun 11 03:44:05 UTC 2018 /home/travis/build/icyphy/ptII/ptolemy/actor/lib/test/auto/arrayType25.xml
----------------- Instantiating /home/travis/build/icyphy/ptII/ptolemy/actor/lib/test/auto/arrayType25.xml
1 ms. Memory: 1783296K Free: 1418225K (80%)
----------------- Invoking toplevel() on ptolemy.moml.MoMLSimpleApplication@5690649d
----------------- Done invoking toplevel() on ptolemy.moml.MoMLSimpleApplication@5690649d
reloadAllAccessors: .arrayType25

===========================================================================================
----------------- testing Mon Jun 11 03:44:05 UTC 2018 /home/travis/build/icyphy/ptII/ptolemy/actor/lib/test/auto/arrayType26.xml
----------------- Instantiating /home/travis/build/icyphy/ptII/ptolemy/actor/lib/test/auto/arrayType26.xml
1 ms. Memory: 1783296K Free: 1401549K (79%)
----------------- Invoking toplevel() on ptolemy.moml.MoMLSimpleApplication@b3d1c94
----------------- Done invoking toplevel() on ptolemy.moml.MoMLSimpleApplication@b3d1c94
reloadAllAccessors: .arrayType26

===========================================================================================
----------------- testing Mon Jun 11 03:44:05 UTC 2018 /home/travis/build/icyphy/ptII/ptolemy/actor/lib/test/auto/arrayType27.xml
----------------- Instantiating /home/travis/build/icyphy/ptII/ptolemy/actor/lib/test/auto/arrayType27.xml
1 ms. Memory: 1783296K Free: 1381077K (77%)
----------------- Invoking toplevel() on ptolemy.moml.MoMLSimpleApplication@37f7912a
----------------- Done invoking toplevel() on ptolemy.moml.MoMLSimpleApplication@37f7912a
reloadAllAccessors: .arrayType27

===========================================================================================
----------------- testing Mon Jun 11 03:44:05 UTC 2018 /home/travis/build/icyphy/ptII/ptolemy/actor/lib/test/auto/arrayType28.xml
----------------- Instantiating /home/travis/build/icyphy/ptII/ptolemy/actor/lib/test/auto/arrayType28.xml
1 ms. Memory: 1783296K Free: 1360605K (76%)
----------------- Invoking toplevel() on ptolemy.moml.MoMLSimpleApplication@792ee066
----------------- Done invoking toplevel() on ptolemy.moml.MoMLSimpleApplication@792ee066
reloadAllAccessors: .arrayType28

===========================================================================================
----------------- testing Mon Jun 11 03:44:05 UTC 2018 /home/travis/build/icyphy/ptII/ptolemy/actor/lib/test/auto/arrayType3.xml
----------------- Instantiating /home/travis/build/icyphy/ptII/ptolemy/actor/lib/test/auto/arrayType3.xml
1 ms. Memory: 1783296K Free: 1343929K (75%)
----------------- Invoking toplevel() on ptolemy.moml.MoMLSimpleApplication@d70fdcc
----------------- Done invoking toplevel() on ptolemy.moml.MoMLSimpleApplication@d70fdcc
reloadAllAccessors: .arrayType3

===========================================================================================
----------------- testing Mon Jun 11 03:44:05 UTC 2018 /home/travis/build/icyphy/ptII/ptolemy/actor/lib/test/auto/arrayType4.xml
----------------- Instantiating /home/travis/build/icyphy/ptII/ptolemy/actor/lib/test/auto/arrayType4.xml
1 ms. Memory: 1783296K Free: 1323457K (74%)
----------------- Invoking toplevel() on ptolemy.moml.MoMLSimpleApplication@1d3d83a5
----------------- Done invoking toplevel() on ptolemy.moml.MoMLSimpleApplication@1d3d83a5
reloadAllAccessors: .arrayType4

===========================================================================================
----------------- testing Mon Jun 11 03:44:05 UTC 2018 /home/travis/build/icyphy/ptII/ptolemy/actor/lib/test/auto/arrayType5.xml
----------------- Instantiating /home/travis/build/icyphy/ptII/ptolemy/actor/lib/test/auto/arrayType5.xml
1 ms. Memory: 1783296K Free: 1302986K (73%)
----------------- Invoking toplevel() on ptolemy.moml.MoMLSimpleApplication@3ba7e83f
----------------- Done invoking toplevel() on ptolemy.moml.MoMLSimpleApplication@3ba7e83f
reloadAllAccessors: .arrayType5

===========================================================================================
----------------- testing Mon Jun 11 03:44:05 UTC 2018 /home/travis/build/icyphy/ptII/ptolemy/actor/lib/test/auto/arrayType6.xml
----------------- Instantiating /home/travis/build/icyphy/ptII/ptolemy/actor/lib/test/auto/arrayType6.xml
1 ms. Memory: 1783296K Free: 1286310K (72%)
----------------- Invoking toplevel() on ptolemy.moml.MoMLSimpleApplication@41193a9f
----------------- Done invoking toplevel() on ptolemy.moml.MoMLSimpleApplication@41193a9f
reloadAllAccessors: .arrayType6

===========================================================================================
----------------- testing Mon Jun 11 03:44:05 UTC 2018 /home/travis/build/icyphy/ptII/ptolemy/actor/lib/test/auto/arrayType7.xml
----------------- Instantiating /home/travis/build/icyphy/ptII/ptolemy/actor/lib/test/auto/arrayType7.xml
1 ms. Memory: 1783296K Free: 1265838K (71%)
----------------- Invoking toplevel() on ptolemy.moml.MoMLSimpleApplication@226ef505
----------------- Done invoking toplevel() on ptolemy.moml.MoMLSimpleApplication@226ef505
reloadAllAccessors: .arrayType7

===========================================================================================
----------------- testing Mon Jun 11 03:44:05 UTC 2018 /home/travis/build/icyphy/ptII/ptolemy/actor/lib/test/auto/arrayType8.xml
----------------- Instantiating /home/travis/build/icyphy/ptII/ptolemy/actor/lib/test/auto/arrayType8.xml
1 ms. Memory: 1783296K Free: 1245366K (70%)
----------------- Invoking toplevel() on ptolemy.moml.MoMLSimpleApplication@3575a5d3
----------------- Done invoking toplevel() on ptolemy.moml.MoMLSimpleApplication@3575a5d3
reloadAllAccessors: .arrayType8

===========================================================================================
----------------- testing Mon Jun 11 03:44:05 UTC 2018 /home/travis/build/icyphy/ptII/ptolemy/actor/lib/test/auto/arrayType9.xml
----------------- Instantiating /home/travis/build/icyphy/ptII/ptolemy/actor/lib/test/auto/arrayType9.xml
1 ms. Memory: 1783296K Free: 1228690K (69%)
----------------- Invoking toplevel() on ptolemy.moml.MoMLSimpleApplication@519dc603
----------------- Done invoking toplevel() on ptolemy.moml.MoMLSimpleApplication@519dc603
reloadAllAccessors: .arrayType9

===========================================================================================
----------------- testing Mon Jun 11 03:44:05 UTC 2018 /home/travis/build/icyphy/ptII/ptolemy/actor/lib/test/auto/cast.xml
----------------- Instantiating /home/travis/build/icyphy/ptII/ptolemy/actor/lib/test/auto/cast.xml
2 ms. Memory: 1783296K Free: 1208218K (68%)
----------------- Invoking toplevel() on ptolemy.moml.MoMLSimpleApplication@72bdcc6b
----------------- Done invoking toplevel() on ptolemy.moml.MoMLSimpleApplication@72bdcc6b
reloadAllAccessors: .cast

===========================================================================================
----------------- testing Mon Jun 11 03:44:05 UTC 2018 /home/travis/build/icyphy/ptII/ptolemy/actor/lib/test/auto/compositeMultiPort.xml
----------------- Instantiating /home/travis/build/icyphy/ptII/ptolemy/actor/lib/test/auto/compositeMultiPort.xml
3 ms. Memory: 1783296K Free: 1187746K (67%)
----------------- Invoking toplevel() on ptolemy.moml.MoMLSimpleApplication@22939551
----------------- Done invoking toplevel() on ptolemy.moml.MoMLSimpleApplication@22939551
reloadAllAccessors: .compositeMultiPort

===========================================================================================
----------------- testing Mon Jun 11 03:44:05 UTC 2018 /home/travis/build/icyphy/ptII/ptolemy/actor/lib/test/auto/expressionCastInference.xml
----------------- Instantiating /home/travis/build/icyphy/ptII/ptolemy/actor/lib/test/auto/expressionCastInference.xml
2 ms. Memory: 1783296K Free: 1171070K (66%)
----------------- Invoking toplevel() on ptolemy.moml.MoMLSimpleApplication@9994a27
----------------- Done invoking toplevel() on ptolemy.moml.MoMLSimpleApplication@9994a27
reloadAllAccessors: .expressionCastInference

===========================================================================================
----------------- testing Mon Jun 11 03:44:05 UTC 2018 /home/travis/build/icyphy/ptII/ptolemy/actor/lib/test/auto/expressionCastInference2.xml
----------------- Instantiating /home/travis/build/icyphy/ptII/ptolemy/actor/lib/test/auto/expressionCastInference2.xml
1 ms. Memory: 1783296K Free: 1150599K (65%)
----------------- Invoking toplevel() on ptolemy.moml.MoMLSimpleApplication@3a69800a
----------------- Done invoking toplevel() on ptolemy.moml.MoMLSimpleApplication@3a69800a
reloadAllAccessors: .expressionCastInference2

===========================================================================================
----------------- testing Mon Jun 11 03:44:05 UTC 2018 /home/travis/build/icyphy/ptII/ptolemy/actor/lib/test/auto/expressionInference.xml
----------------- Instantiating /home/travis/build/icyphy/ptII/ptolemy/actor/lib/test/auto/expressionInference.xml
1 ms. Memory: 1783296K Free: 1130127K (63%)
----------------- Invoking toplevel() on ptolemy.moml.MoMLSimpleApplication@35f84118
----------------- Done invoking toplevel() on ptolemy.moml.MoMLSimpleApplication@35f84118
reloadAllAccessors: .expressionInference

===========================================================================================
----------------- testing Mon Jun 11 03:44:05 UTC 2018 /home/travis/build/icyphy/ptII/ptolemy/actor/lib/test/auto/expression_bug.xml
----------------- Instantiating /home/travis/build/icyphy/ptII/ptolemy/actor/lib/test/auto/expression_bug.xml
1 ms. Memory: 1783296K Free: 1113451K (62%)
----------------- Invoking toplevel() on ptolemy.moml.MoMLSimpleApplication@a772b28
----------------- Done invoking toplevel() on ptolemy.moml.MoMLSimpleApplication@a772b28
reloadAllAccessors: .expression_bug

===========================================================================================
----------------- testing Mon Jun 11 03:44:06 UTC 2018 /home/travis/build/icyphy/ptII/ptolemy/actor/lib/test/auto/factorial.xml
----------------- Instantiating /home/travis/build/icyphy/ptII/ptolemy/actor/lib/test/auto/factorial.xml
24 ms. Memory: 1783296K Free: 1092979K (61%)
----------------- Invoking toplevel() on ptolemy.moml.MoMLSimpleApplication@19bd1ab4
----------------- Done invoking toplevel() on ptolemy.moml.MoMLSimpleApplication@19bd1ab4
reloadAllAccessors: .factorial

===========================================================================================
----------------- testing Mon Jun 11 03:44:06 UTC 2018 /home/travis/build/icyphy/ptII/ptolemy/actor/lib/test/auto/filterTest1.xml
----------------- Instantiating /home/travis/build/icyphy/ptII/ptolemy/actor/lib/test/auto/filterTest1.xml
3 ms. Memory: 1783296K Free: 1072508K (60%)
----------------- Invoking toplevel() on ptolemy.moml.MoMLSimpleApplication@36455ed1
----------------- Done invoking toplevel() on ptolemy.moml.MoMLSimpleApplication@36455ed1
reloadAllAccessors: .filterTest1

===========================================================================================
----------------- testing Mon Jun 11 03:44:06 UTC 2018 /home/travis/build/icyphy/ptII/ptolemy/actor/lib/test/auto/funcApplyInConst.xml
----------------- Instantiating /home/travis/build/icyphy/ptII/ptolemy/actor/lib/test/auto/funcApplyInConst.xml
1 ms. Memory: 1783296K Free: 1052036K (59%)
----------------- Invoking toplevel() on ptolemy.moml.MoMLSimpleApplication@3b7c2774
----------------- Done invoking toplevel() on ptolemy.moml.MoMLSimpleApplication@3b7c2774
reloadAllAccessors: .funcApplyInConst

===========================================================================================
----------------- testing Mon Jun 11 03:44:06 UTC 2018 /home/travis/build/icyphy/ptII/ptolemy/actor/lib/test/auto/funcApplyInExpr.xml
----------------- Instantiating /home/travis/build/icyphy/ptII/ptolemy/actor/lib/test/auto/funcApplyInExpr.xml
1 ms. Memory: 1783296K Free: 1035360K (58%)
----------------- Invoking toplevel() on ptolemy.moml.MoMLSimpleApplication@1865fa8f
----------------- Done invoking toplevel() on ptolemy.moml.MoMLSimpleApplication@1865fa8f
reloadAllAccessors: .funcApplyInExpr

===========================================================================================
----------------- testing Mon Jun 11 03:44:06 UTC 2018 /home/travis/build/icyphy/ptII/ptolemy/actor/lib/test/auto/function.xml
----------------- Instantiating /home/travis/build/icyphy/ptII/ptolemy/actor/lib/test/auto/function.xml
2 ms. Memory: 1783296K Free: 1014888K (57%)
----------------- Invoking toplevel() on ptolemy.moml.MoMLSimpleApplication@492fd11f
----------------- Done invoking toplevel() on ptolemy.moml.MoMLSimpleApplication@492fd11f
reloadAllAccessors: .function

===========================================================================================
----------------- testing Mon Jun 11 03:44:06 UTC 2018 /home/travis/build/icyphy/ptII/ptolemy/actor/lib/test/auto/function2.xml
----------------- Instantiating /home/travis/build/icyphy/ptII/ptolemy/actor/lib/test/auto/function2.xml
1 ms. Memory: 1783296K Free: 994417K (56%)
----------------- Invoking toplevel() on ptolemy.moml.MoMLSimpleApplication@7d609a4
----------------- Done invoking toplevel() on ptolemy.moml.MoMLSimpleApplication@7d609a4
reloadAllAccessors: .function2

===========================================================================================
----------------- testing Mon Jun 11 03:44:06 UTC 2018 /home/travis/build/icyphy/ptII/ptolemy/actor/lib/test/auto/function3.xml
----------------- Instantiating /home/travis/build/icyphy/ptII/ptolemy/actor/lib/test/auto/function3.xml
1 ms. Memory: 1783296K Free: 977741K (55%)
----------------- Invoking toplevel() on ptolemy.moml.MoMLSimpleApplication@5602aeaa
----------------- Done invoking toplevel() on ptolemy.moml.MoMLSimpleApplication@5602aeaa
reloadAllAccessors: .function3

===========================================================================================
----------------- testing Mon Jun 11 03:44:06 UTC 2018 /home/travis/build/icyphy/ptII/ptolemy/actor/lib/test/auto/functionClosureTest1.xml
----------------- Instantiating /home/travis/build/icyphy/ptII/ptolemy/actor/lib/test/auto/functionClosureTest1.xml
2 ms. Memory: 1783296K Free: 957269K (54%)
----------------- Invoking toplevel() on ptolemy.moml.MoMLSimpleApplication@1b2f11a8
----------------- Done invoking toplevel() on ptolemy.moml.MoMLSimpleApplication@1b2f11a8
reloadAllAccessors: .functionClosureTest1

===========================================================================================
----------------- testing Mon Jun 11 03:44:06 UTC 2018 /home/travis/build/icyphy/ptII/ptolemy/actor/lib/test/auto/functionClosureTest2.xml
----------------- Instantiating /home/travis/build/icyphy/ptII/ptolemy/actor/lib/test/auto/functionClosureTest2.xml
1 ms. Memory: 1783296K Free: 936797K (53%)
----------------- Invoking toplevel() on ptolemy.moml.MoMLSimpleApplication@17d87d27
----------------- Done invoking toplevel() on ptolemy.moml.MoMLSimpleApplication@17d87d27
reloadAllAccessors: .functionClosureTest2

===========================================================================================
----------------- testing Mon Jun 11 03:44:06 UTC 2018 /home/travis/build/icyphy/ptII/ptolemy/actor/lib/test/auto/functionClosureTest3.xml
----------------- Instantiating /home/travis/build/icyphy/ptII/ptolemy/actor/lib/test/auto/functionClosureTest3.xml
2 ms. Memory: 1783296K Free: 920121K (52%)
----------------- Invoking toplevel() on ptolemy.moml.MoMLSimpleApplication@25d6beb2
----------------- Done invoking toplevel() on ptolemy.moml.MoMLSimpleApplication@25d6beb2
reloadAllAccessors: .functionClosureTest3

===========================================================================================
----------------- testing Mon Jun 11 03:44:06 UTC 2018 /home/travis/build/icyphy/ptII/ptolemy/actor/lib/test/auto/functionClosureTest4.xml
----------------- Instantiating /home/travis/build/icyphy/ptII/ptolemy/actor/lib/test/auto/functionClosureTest4.xml
2 ms. Memory: 1783296K Free: 899649K (50%)
----------------- Invoking toplevel() on ptolemy.moml.MoMLSimpleApplication@758222b8
----------------- Done invoking toplevel() on ptolemy.moml.MoMLSimpleApplication@758222b8
reloadAllAccessors: .functionClosureTest4

===========================================================================================
----------------- testing Mon Jun 11 03:44:06 UTC 2018 /home/travis/build/icyphy/ptII/ptolemy/actor/lib/test/auto/functionClosureTest5.xml
----------------- Instantiating /home/travis/build/icyphy/ptII/ptolemy/actor/lib/test/auto/functionClosureTest5.xml
3 ms. Memory: 1783296K Free: 879177K (49%)
----------------- Invoking toplevel() on ptolemy.moml.MoMLSimpleApplication@3585487b
----------------- Done invoking toplevel() on ptolemy.moml.MoMLSimpleApplication@3585487b
reloadAllAccessors: .functionClosureTest5

===========================================================================================
----------------- testing Mon Jun 11 03:44:06 UTC 2018 /home/travis/build/icyphy/ptII/ptolemy/actor/lib/test/auto/functionClosureTest6.xml
----------------- Instantiating /home/travis/build/icyphy/ptII/ptolemy/actor/lib/test/auto/functionClosureTest6.xml
1 ms. Memory: 1783296K Free: 862502K (48%)
----------------- Invoking toplevel() on ptolemy.moml.MoMLSimpleApplication@19429840
----------------- Done invoking toplevel() on ptolemy.moml.MoMLSimpleApplication@19429840
reloadAllAccessors: .functionClosureTest6

===========================================================================================
----------------- testing Mon Jun 11 03:44:06 UTC 2018 /home/travis/build/icyphy/ptII/ptolemy/actor/lib/test/auto/functionsOnArcs.xml
----------------- Instantiating /home/travis/build/icyphy/ptII/ptolemy/actor/lib/test/auto/functionsOnArcs.xml
2 ms. Memory: 1783296K Free: 842030K (47%)
----------------- Invoking toplevel() on ptolemy.moml.MoMLSimpleApplication@316fad37
----------------- Done invoking toplevel() on ptolemy.moml.MoMLSimpleApplication@316fad37
reloadAllAccessors: .functionsOnArcs

===========================================================================================
----------------- testing Mon Jun 11 03:44:06 UTC 2018 /home/travis/build/icyphy/ptII/ptolemy/actor/lib/test/auto/functionsOnArcsHOF.xml
----------------- Instantiating /home/travis/build/icyphy/ptII/ptolemy/actor/lib/test/auto/functionsOnArcsHOF.xml
2 ms. Memory: 1783296K Free: 821558K (46%)
----------------- Invoking toplevel() on ptolemy.moml.MoMLSimpleApplication@2c0ef939
----------------- Done invoking toplevel() on ptolemy.moml.MoMLSimpleApplication@2c0ef939
reloadAllAccessors: .functionsOnArcsHOF

===========================================================================================
----------------- testing Mon Jun 11 03:44:06 UTC 2018 /home/travis/build/icyphy/ptII/ptolemy/actor/lib/test/auto/logic.xml
----------------- Instantiating /home/travis/build/icyphy/ptII/ptolemy/actor/lib/test/auto/logic.xml
2 ms. Memory: 1783296K Free: 804882K (45%)
----------------- Invoking toplevel() on ptolemy.moml.MoMLSimpleApplication@4b277f1d
----------------- Done invoking toplevel() on ptolemy.moml.MoMLSimpleApplication@4b277f1d
reloadAllAccessors: .logic

===========================================================================================
----------------- testing Mon Jun 11 03:44:06 UTC 2018 /home/travis/build/icyphy/ptII/ptolemy/actor/lib/test/auto/matrixType.xml
----------------- Instantiating /home/travis/build/icyphy/ptII/ptolemy/actor/lib/test/auto/matrixType.xml
1 ms. Memory: 1783296K Free: 784410K (44%)
----------------- Invoking toplevel() on ptolemy.moml.MoMLSimpleApplication@493fd363
----------------- Done invoking toplevel() on ptolemy.moml.MoMLSimpleApplication@493fd363
reloadAllAccessors: .matrixType

===========================================================================================
----------------- testing Mon Jun 11 03:44:06 UTC 2018 /home/travis/build/icyphy/ptII/ptolemy/actor/lib/test/auto/matrixType10.xml
----------------- Instantiating /home/travis/build/icyphy/ptII/ptolemy/actor/lib/test/auto/matrixType10.xml
1 ms. Memory: 1783296K Free: 763939K (43%)
----------------- Invoking toplevel() on ptolemy.moml.MoMLSimpleApplication@3761b081
----------------- Done invoking toplevel() on ptolemy.moml.MoMLSimpleApplication@3761b081
reloadAllAccessors: .matrixType10

===========================================================================================
----------------- testing Mon Jun 11 03:44:06 UTC 2018 /home/travis/build/icyphy/ptII/ptolemy/actor/lib/test/auto/matrixType11.xml
----------------- Instantiating /home/travis/build/icyphy/ptII/ptolemy/actor/lib/test/auto/matrixType11.xml
1 ms. Memory: 1783296K Free: 747263K (42%)
----------------- Invoking toplevel() on ptolemy.moml.MoMLSimpleApplication@67abd192
----------------- Done invoking toplevel() on ptolemy.moml.MoMLSimpleApplication@67abd192
reloadAllAccessors: .matrixType11

===========================================================================================
----------------- testing Mon Jun 11 03:44:06 UTC 2018 /home/travis/build/icyphy/ptII/ptolemy/actor/lib/test/auto/matrixType12.xml
----------------- Instantiating /home/travis/build/icyphy/ptII/ptolemy/actor/lib/test/auto/matrixType12.xml
1 ms. Memory: 1783296K Free: 726791K (41%)
----------------- Invoking toplevel() on ptolemy.moml.MoMLSimpleApplication@2fd0fcbc
----------------- Done invoking toplevel() on ptolemy.moml.MoMLSimpleApplication@2fd0fcbc
reloadAllAccessors: .matrixType12

===========================================================================================
----------------- testing Mon Jun 11 03:44:06 UTC 2018 /home/travis/build/icyphy/ptII/ptolemy/actor/lib/test/auto/matrixType13.xml
----------------- Instantiating /home/travis/build/icyphy/ptII/ptolemy/actor/lib/test/auto/matrixType13.xml
1 ms. Memory: 1783296K Free: 706319K (40%)
----------------- Invoking toplevel() on ptolemy.moml.MoMLSimpleApplication@36a1d73a
----------------- Done invoking toplevel() on ptolemy.moml.MoMLSimpleApplication@36a1d73a
reloadAllAccessors: .matrixType13

===========================================================================================
----------------- testing Mon Jun 11 03:44:06 UTC 2018 /home/travis/build/icyphy/ptII/ptolemy/actor/lib/test/auto/matrixType14.xml
----------------- Instantiating /home/travis/build/icyphy/ptII/ptolemy/actor/lib/test/auto/matrixType14.xml
1 ms. Memory: 1783296K Free: 685847K (38%)
----------------- Invoking toplevel() on ptolemy.moml.MoMLSimpleApplication@3611c930
----------------- Done invoking toplevel() on ptolemy.moml.MoMLSimpleApplication@3611c930
reloadAllAccessors: .matrixType14

===========================================================================================
----------------- testing Mon Jun 11 03:44:06 UTC 2018 /home/travis/build/icyphy/ptII/ptolemy/actor/lib/test/auto/matrixType2.xml
----------------- Instantiating /home/travis/build/icyphy/ptII/ptolemy/actor/lib/test/auto/matrixType2.xml
1 ms. Memory: 1783296K Free: 669171K (38%)
----------------- Invoking toplevel() on ptolemy.moml.MoMLSimpleApplication@169e0a6c
----------------- Done invoking toplevel() on ptolemy.moml.MoMLSimpleApplication@169e0a6c
reloadAllAccessors: .matrixType2

===========================================================================================
----------------- testing Mon Jun 11 03:44:06 UTC 2018 /home/travis/build/icyphy/ptII/ptolemy/actor/lib/test/auto/matrixType3.xml
----------------- Instantiating /home/travis/build/icyphy/ptII/ptolemy/actor/lib/test/auto/matrixType3.xml
1 ms. Memory: 1783296K Free: 648699K (36%)
----------------- Invoking toplevel() on ptolemy.moml.MoMLSimpleApplication@6d545a5
----------------- Done invoking toplevel() on ptolemy.moml.MoMLSimpleApplication@6d545a5
reloadAllAccessors: .matrixType3

===========================================================================================
----------------- testing Mon Jun 11 03:44:06 UTC 2018 /home/travis/build/icyphy/ptII/ptolemy/actor/lib/test/auto/matrixType4.xml
----------------- Instantiating /home/travis/build/icyphy/ptII/ptolemy/actor/lib/test/auto/matrixType4.xml
1 ms. Memory: 1783296K Free: 628227K (35%)
----------------- Invoking toplevel() on ptolemy.moml.MoMLSimpleApplication@1f3ce748
----------------- Done invoking toplevel() on ptolemy.moml.MoMLSimpleApplication@1f3ce748
reloadAllAccessors: .matrixType4

===========================================================================================
----------------- testing Mon Jun 11 03:44:06 UTC 2018 /home/travis/build/icyphy/ptII/ptolemy/actor/lib/test/auto/matrixType5.xml
----------------- Instantiating /home/travis/build/icyphy/ptII/ptolemy/actor/lib/test/auto/matrixType5.xml
1 ms. Memory: 1783296K Free: 611551K (34%)
----------------- Invoking toplevel() on ptolemy.moml.MoMLSimpleApplication@33165da
----------------- Done invoking toplevel() on ptolemy.moml.MoMLSimpleApplication@33165da
reloadAllAccessors: .matrixType5

===========================================================================================
----------------- testing Mon Jun 11 03:44:06 UTC 2018 /home/travis/build/icyphy/ptII/ptolemy/actor/lib/test/auto/matrixType6.xml
----------------- Instantiating /home/travis/build/icyphy/ptII/ptolemy/actor/lib/test/auto/matrixType6.xml
1 ms. Memory: 1783296K Free: 591080K (33%)
----------------- Invoking toplevel() on ptolemy.moml.MoMLSimpleApplication@55907ce
----------------- Done invoking toplevel() on ptolemy.moml.MoMLSimpleApplication@55907ce
reloadAllAccessors: .matrixType6

===========================================================================================
----------------- testing Mon Jun 11 03:44:06 UTC 2018 /home/travis/build/icyphy/ptII/ptolemy/actor/lib/test/auto/matrixType7.xml
----------------- Instantiating /home/travis/build/icyphy/ptII/ptolemy/actor/lib/test/auto/matrixType7.xml
1 ms. Memory: 1783296K Free: 570608K (32%)
----------------- Invoking toplevel() on ptolemy.moml.MoMLSimpleApplication@4e1a00e1
----------------- Done invoking toplevel() on ptolemy.moml.MoMLSimpleApplication@4e1a00e1
reloadAllAccessors: .matrixType7

===========================================================================================
----------------- testing Mon Jun 11 03:44:06 UTC 2018 /home/travis/build/icyphy/ptII/ptolemy/actor/lib/test/auto/matrixType8.xml
----------------- Instantiating /home/travis/build/icyphy/ptII/ptolemy/actor/lib/test/auto/matrixType8.xml
1 ms. Memory: 1783296K Free: 553932K (31%)
----------------- Invoking toplevel() on ptolemy.moml.MoMLSimpleApplication@780bb67
----------------- Done invoking toplevel() on ptolemy.moml.MoMLSimpleApplication@780bb67
reloadAllAccessors: .matrixType8

===========================================================================================
----------------- testing Mon Jun 11 03:44:06 UTC 2018 /home/travis/build/icyphy/ptII/ptolemy/actor/lib/test/auto/matrixType9.xml
----------------- Instantiating /home/travis/build/icyphy/ptII/ptolemy/actor/lib/test/auto/matrixType9.xml
2 ms. Memory: 1783296K Free: 533460K (30%)
----------------- Invoking toplevel() on ptolemy.moml.MoMLSimpleApplication@5b0feda6
----------------- Done invoking toplevel() on ptolemy.moml.MoMLSimpleApplication@5b0feda6
reloadAllAccessors: .matrixType9

===========================================================================================
----------------- testing Mon Jun 11 03:44:06 UTC 2018 /home/travis/build/icyphy/ptII/ptolemy/actor/lib/test/auto/paraFunctest.xml
----------------- Instantiating /home/travis/build/icyphy/ptII/ptolemy/actor/lib/test/auto/paraFunctest.xml
1 ms. Memory: 1783296K Free: 512988K (29%)
----------------- Invoking toplevel() on ptolemy.moml.MoMLSimpleApplication@48a707f5
----------------- Done invoking toplevel() on ptolemy.moml.MoMLSimpleApplication@48a707f5
reloadAllAccessors: .paraFunctest

===========================================================================================
----------------- testing Mon Jun 11 03:44:06 UTC 2018 /home/travis/build/icyphy/ptII/ptolemy/actor/lib/test/auto/paraFunctest2.xml
----------------- Instantiating /home/travis/build/icyphy/ptII/ptolemy/actor/lib/test/auto/paraFunctest2.xml
1 ms. Memory: 1783296K Free: 496312K (28%)
----------------- Invoking toplevel() on ptolemy.moml.MoMLSimpleApplication@280c6625
----------------- Done invoking toplevel() on ptolemy.moml.MoMLSimpleApplication@280c6625
reloadAllAccessors: .paraFunctest2

===========================================================================================
----------------- testing Mon Jun 11 03:44:06 UTC 2018 /home/travis/build/icyphy/ptII/ptolemy/actor/lib/test/auto/parameterPassing.xml
----------------- Instantiating /home/travis/build/icyphy/ptII/ptolemy/actor/lib/test/auto/parameterPassing.xml
1 ms. Memory: 1783296K Free: 475840K (27%)
----------------- Invoking toplevel() on ptolemy.moml.MoMLSimpleApplication@69f5ceb6
----------------- Done invoking toplevel() on ptolemy.moml.MoMLSimpleApplication@69f5ceb6
reloadAllAccessors: .parameterPassing

===========================================================================================
----------------- testing Mon Jun 11 03:44:06 UTC 2018 /home/travis/build/icyphy/ptII/ptolemy/actor/lib/test/auto/record.xml
----------------- Instantiating /home/travis/build/icyphy/ptII/ptolemy/actor/lib/test/auto/record.xml
2 ms. Memory: 1783296K Free: 455369K (26%)
----------------- Invoking toplevel() on ptolemy.moml.MoMLSimpleApplication@caff1b5
----------------- Done invoking toplevel() on ptolemy.moml.MoMLSimpleApplication@caff1b5
reloadAllAccessors: .record

===========================================================================================
----------------- testing Mon Jun 11 03:44:06 UTC 2018 /home/travis/build/icyphy/ptII/ptolemy/actor/lib/test/auto/sizedarray1.xml
----------------- Instantiating /home/travis/build/icyphy/ptII/ptolemy/actor/lib/test/auto/sizedarray1.xml
1 ms. Memory: 1783296K Free: 434897K (24%)
----------------- Invoking toplevel() on ptolemy.moml.MoMLSimpleApplication@ae3224b
----------------- Done invoking toplevel() on ptolemy.moml.MoMLSimpleApplication@ae3224b
reloadAllAccessors: .sizedarray1

===========================================================================================
----------------- testing Mon Jun 11 03:44:06 UTC 2018 /home/travis/build/icyphy/ptII/ptolemy/actor/lib/test/auto/sizedarray2.xml
----------------- Instantiating /home/travis/build/icyphy/ptII/ptolemy/actor/lib/test/auto/sizedarray2.xml
1 ms. Memory: 1783296K Free: 418221K (23%)
----------------- Invoking toplevel() on ptolemy.moml.MoMLSimpleApplication@4ac7ddc1
----------------- Done invoking toplevel() on ptolemy.moml.MoMLSimpleApplication@4ac7ddc1
reloadAllAccessors: .sizedarray2

===========================================================================================
----------------- testing Mon Jun 11 03:44:06 UTC 2018 /home/travis/build/icyphy/ptII/ptolemy/actor/lib/test/auto/twoPublishers.xml
----------------- Instantiating /home/travis/build/icyphy/ptII/ptolemy/actor/lib/test/auto/twoPublishers.xml
2 ms. Memory: 1783296K Free: 397749K (22%)
----------------- Invoking toplevel() on ptolemy.moml.MoMLSimpleApplication@7f384d55
----------------- Done invoking toplevel() on ptolemy.moml.MoMLSimpleApplication@7f384d55
reloadAllAccessors: .twoPublishers
AutoTests.java: About to close Vertx.
AutoTests.java: Vertx closed.
]]></system-out>
  <system-err><![CDATA[java.lang.RuntimeException: Execution failed
	at ptolemy.moml.MoMLSimpleApplication$UnloadThread.run(MoMLSimpleApplication.java:402)
Caused by: java.lang.RuntimeException: Normally, we would exit here because Manager.exitAfterWrapup() was called.  However, because the ptolemy.ptII.exitAfterWrapup property is set, we throw this exception instead.
	at ptolemy.util.StringUtilities.exit(StringUtilities.java:363)
	at ptolemy.actor.Manager.wrapup(Manager.java:1531)
	at ptolemy.actor.Manager.execute(Manager.java:407)
	at ptolemy.actor.Manager.run(Manager.java:1263)
	at ptolemy.actor.Manager$PtolemyRunThread.run(Manager.java:1915)
Warning: '.top.test' is in training mode, set the trainingMode parameter to false before checking in
Warning: '.top.test' is in training mode, set the trainingMode parameter to false before checking in
Warning: '.top.test' is in training mode, set the trainingMode parameter to false before checking in
Warning: '.BooleanSwitch_RegressionTest_WrongTrainingValues.Test' is in training mode, set the trainingMode parameter to false before checking in
Warning: '.BooleanSwitch_RegressionTest_WrongTrainingValues.Test2' is in training mode, set the trainingMode parameter to false before checking in
Warning: '.BooleanSwitch_RegressionTest_WrongTrainingValues.Test2' The test produced 0 tokens.
Warning: '.top.testExceptionHandler' is in training mode, set the trainingMode parameter to false before checking in
java.lang.RuntimeException: Execution failed
	at ptolemy.moml.MoMLSimpleApplication$UnloadThread.run(MoMLSimpleApplication.java:402)
Caused by: ptolemy.kernel.util.IllegalActionException: PublisherPorts cannot be used at the top level, use a Publisher actor instead.
  in .PublisherPortToplevelSubscriber.PublisherPort
	at ptolemy.actor.PublisherPort.preinitialize(PublisherPort.java:403)
	at ptolemy.actor.CompositeActor.preinitialize(CompositeActor.java:1769)
	at ptolemy.actor.Manager.preinitializeAndResolveTypes(Manager.java:1040)
	at ptolemy.actor.Manager.initialize(Manager.java:710)
	at ptolemy.actor.Manager.execute(Manager.java:356)
	at ptolemy.actor.Manager.run(Manager.java:1263)
	at ptolemy.actor.Manager$PtolemyRunThread.run(Manager.java:1915)
java.lang.reflect.InvocationTargetException
	at sun.reflect.NativeConstructorAccessorImpl.newInstance0(Native Method)
	at sun.reflect.NativeConstructorAccessorImpl.newInstance(NativeConstructorAccessorImpl.java:62)
	at sun.reflect.DelegatingConstructorAccessorImpl.newInstance(DelegatingConstructorAccessorImpl.java:45)
	at java.lang.reflect.Constructor.newInstance(Constructor.java:423)
	at ptolemy.util.test.junit.AutoKnownFailedTests.RunModel(AutoKnownFailedTests.java:107)
	at sun.reflect.NativeMethodAccessorImpl.invoke0(Native Method)
	at sun.reflect.NativeMethodAccessorImpl.invoke(NativeMethodAccessorImpl.java:62)
	at sun.reflect.DelegatingMethodAccessorImpl.invoke(DelegatingMethodAccessorImpl.java:43)
	at java.lang.reflect.Method.invoke(Method.java:498)
	at org.junit.runners.model.FrameworkMethod$1.runReflectiveCall(FrameworkMethod.java:44)
	at org.junit.internal.runners.model.ReflectiveCallable.run(ReflectiveCallable.java:15)
	at org.junit.runners.model.FrameworkMethod.invokeExplosively(FrameworkMethod.java:41)
	at junitparams.internal.InvokeParameterisedMethod.evaluate(InvokeParameterisedMethod.java:102)
	at org.junit.internal.runners.statements.FailOnTimeout$1.run(FailOnTimeout.java:28)
Caused by: ptolemy.kernel.util.IllegalActionException: PublisherPorts cannot be used at the top level, use a Publisher actor instead.
  in .PublisherPortToplevelSubscriber.PublisherPort
	at ptolemy.actor.PublisherPort.preinitialize(PublisherPort.java:403)
	at ptolemy.actor.CompositeActor.preinitialize(CompositeActor.java:1769)
	at ptolemy.actor.Manager.preinitializeAndResolveTypes(Manager.java:1040)
	at ptolemy.actor.Manager.initialize(Manager.java:710)
	at ptolemy.actor.Manager.execute(Manager.java:356)
	at ptolemy.actor.Manager.run(Manager.java:1263)
	at ptolemy.actor.Manager$PtolemyRunThread.run(Manager.java:1915)
java.lang.RuntimeException: Execution failed
	at ptolemy.moml.MoMLSimpleApplication$UnloadThread.run(MoMLSimpleApplication.java:402)
Caused by: ptolemy.kernel.util.IllegalActionException: SubscriberPorts cannot be used at the top level, use a Subscriber actor instead.
  in .PublisherSubscriberPortToplevel.SubscriberPort
	at ptolemy.actor.SubscriberPort.preinitialize(SubscriberPort.java:328)
	at ptolemy.actor.CompositeActor.preinitialize(CompositeActor.java:1769)
	at ptolemy.actor.Manager.preinitializeAndResolveTypes(Manager.java:1040)
	at ptolemy.actor.Manager.initialize(Manager.java:710)
	at ptolemy.actor.Manager.execute(Manager.java:356)
	at ptolemy.actor.Manager.run(Manager.java:1263)
	at ptolemy.actor.Manager$PtolemyRunThread.run(Manager.java:1915)
java.lang.reflect.InvocationTargetException
	at sun.reflect.NativeConstructorAccessorImpl.newInstance0(Native Method)
	at sun.reflect.NativeConstructorAccessorImpl.newInstance(NativeConstructorAccessorImpl.java:62)
	at sun.reflect.DelegatingConstructorAccessorImpl.newInstance(DelegatingConstructorAccessorImpl.java:45)
	at java.lang.reflect.Constructor.newInstance(Constructor.java:423)
	at ptolemy.util.test.junit.AutoKnownFailedTests.RunModel(AutoKnownFailedTests.java:107)
	at sun.reflect.NativeMethodAccessorImpl.invoke0(Native Method)
	at sun.reflect.NativeMethodAccessorImpl.invoke(NativeMethodAccessorImpl.java:62)
	at sun.reflect.DelegatingMethodAccessorImpl.invoke(DelegatingMethodAccessorImpl.java:43)
	at java.lang.reflect.Method.invoke(Method.java:498)
	at org.junit.runners.model.FrameworkMethod$1.runReflectiveCall(FrameworkMethod.java:44)
	at org.junit.internal.runners.model.ReflectiveCallable.run(ReflectiveCallable.java:15)
	at org.junit.runners.model.FrameworkMethod.invokeExplosively(FrameworkMethod.java:41)
	at junitparams.internal.InvokeParameterisedMethod.evaluate(InvokeParameterisedMethod.java:102)
	at org.junit.internal.runners.statements.FailOnTimeout$1.run(FailOnTimeout.java:28)
Caused by: ptolemy.kernel.util.IllegalActionException: SubscriberPorts cannot be used at the top level, use a Subscriber actor instead.
  in .PublisherSubscriberPortToplevel.SubscriberPort
	at ptolemy.actor.SubscriberPort.preinitialize(SubscriberPort.java:328)
	at ptolemy.actor.CompositeActor.preinitialize(CompositeActor.java:1769)
	at ptolemy.actor.Manager.preinitializeAndResolveTypes(Manager.java:1040)
	at ptolemy.actor.Manager.initialize(Manager.java:710)
	at ptolemy.actor.Manager.execute(Manager.java:356)
	at ptolemy.actor.Manager.run(Manager.java:1263)
	at ptolemy.actor.Manager$PtolemyRunThread.run(Manager.java:1915)
java.lang.RuntimeException: Execution failed
	at ptolemy.moml.MoMLSimpleApplication$UnloadThread.run(MoMLSimpleApplication.java:402)
Caused by: ptolemy.kernel.util.IllegalActionException: SubscriptionAggregatorPorts cannot be used at the top level, use a SubscriptionAggregator actor instead.
  in .PublisherSubscriptionAggregatorPort.SubscriptionAggregatorPort
	at ptolemy.actor.SubscriptionAggregatorPort.preinitialize(SubscriptionAggregatorPort.java:353)
	at ptolemy.actor.CompositeActor.preinitialize(CompositeActor.java:1769)
	at ptolemy.actor.Manager.preinitializeAndResolveTypes(Manager.java:1040)
	at ptolemy.actor.Manager.initialize(Manager.java:710)
	at ptolemy.actor.Manager.execute(Manager.java:356)
	at ptolemy.actor.Manager.run(Manager.java:1263)
	at ptolemy.actor.Manager$PtolemyRunThread.run(Manager.java:1915)
java.lang.reflect.InvocationTargetException
	at sun.reflect.NativeConstructorAccessorImpl.newInstance0(Native Method)
	at sun.reflect.NativeConstructorAccessorImpl.newInstance(NativeConstructorAccessorImpl.java:62)
	at sun.reflect.DelegatingConstructorAccessorImpl.newInstance(DelegatingConstructorAccessorImpl.java:45)
	at java.lang.reflect.Constructor.newInstance(Constructor.java:423)
	at ptolemy.util.test.junit.AutoKnownFailedTests.RunModel(AutoKnownFailedTests.java:107)
	at sun.reflect.NativeMethodAccessorImpl.invoke0(Native Method)
	at sun.reflect.NativeMethodAccessorImpl.invoke(NativeMethodAccessorImpl.java:62)
	at sun.reflect.DelegatingMethodAccessorImpl.invoke(DelegatingMethodAccessorImpl.java:43)
	at java.lang.reflect.Method.invoke(Method.java:498)
	at org.junit.runners.model.FrameworkMethod$1.runReflectiveCall(FrameworkMethod.java:44)
	at org.junit.internal.runners.model.ReflectiveCallable.run(ReflectiveCallable.java:15)
	at org.junit.runners.model.FrameworkMethod.invokeExplosively(FrameworkMethod.java:41)
	at junitparams.internal.InvokeParameterisedMethod.evaluate(InvokeParameterisedMethod.java:102)
	at org.junit.internal.runners.statements.FailOnTimeout$1.run(FailOnTimeout.java:28)
Caused by: ptolemy.kernel.util.IllegalActionException: SubscriptionAggregatorPorts cannot be used at the top level, use a SubscriptionAggregator actor instead.
  in .PublisherSubscriptionAggregatorPort.SubscriptionAggregatorPort
	at ptolemy.actor.SubscriptionAggregatorPort.preinitialize(SubscriptionAggregatorPort.java:353)
	at ptolemy.actor.CompositeActor.preinitialize(CompositeActor.java:1769)
	at ptolemy.actor.Manager.preinitializeAndResolveTypes(Manager.java:1040)
	at ptolemy.actor.Manager.initialize(Manager.java:710)
	at ptolemy.actor.Manager.execute(Manager.java:356)
	at ptolemy.actor.Manager.run(Manager.java:1263)
	at ptolemy.actor.Manager$PtolemyRunThread.run(Manager.java:1915)
java.lang.RuntimeException: Execution failed
	at ptolemy.moml.MoMLSimpleApplication$UnloadThread.run(MoMLSimpleApplication.java:402)
Caused by: ptolemy.kernel.util.IllegalActionException: TypeTest actor has no training data.
  in .sizedarray3.TypeTest
	at ptolemy.actor.lib.TypeTest.initialize(TypeTest.java:250)
	at ptolemy.actor.Director.initialize(Director.java:938)
	at ptolemy.actor.Director.initialize(Director.java:907)
	at ptolemy.actor.sched.StaticSchedulingDirector.initialize(StaticSchedulingDirector.java:159)
	at ptolemy.domains.sdf.kernel.SDFDirector.initialize(SDFDirector.java:544)
	at ptolemy.actor.CompositeActor.initialize(CompositeActor.java:935)
	at ptolemy.actor.Manager.initialize(Manager.java:724)
	at ptolemy.actor.Manager.execute(Manager.java:356)
	at ptolemy.actor.Manager.run(Manager.java:1263)
	at ptolemy.actor.Manager$PtolemyRunThread.run(Manager.java:1915)
java.lang.reflect.InvocationTargetException
	at sun.reflect.NativeConstructorAccessorImpl.newInstance0(Native Method)
	at sun.reflect.NativeConstructorAccessorImpl.newInstance(NativeConstructorAccessorImpl.java:62)
	at sun.reflect.DelegatingConstructorAccessorImpl.newInstance(DelegatingConstructorAccessorImpl.java:45)
	at java.lang.reflect.Constructor.newInstance(Constructor.java:423)
	at ptolemy.util.test.junit.AutoKnownFailedTests.RunModel(AutoKnownFailedTests.java:107)
	at sun.reflect.NativeMethodAccessorImpl.invoke0(Native Method)
	at sun.reflect.NativeMethodAccessorImpl.invoke(NativeMethodAccessorImpl.java:62)
	at sun.reflect.DelegatingMethodAccessorImpl.invoke(DelegatingMethodAccessorImpl.java:43)
	at java.lang.reflect.Method.invoke(Method.java:498)
	at org.junit.runners.model.FrameworkMethod$1.runReflectiveCall(FrameworkMethod.java:44)
	at org.junit.internal.runners.model.ReflectiveCallable.run(ReflectiveCallable.java:15)
	at org.junit.runners.model.FrameworkMethod.invokeExplosively(FrameworkMethod.java:41)
	at junitparams.internal.InvokeParameterisedMethod.evaluate(InvokeParameterisedMethod.java:102)
	at org.junit.internal.runners.statements.FailOnTimeout$1.run(FailOnTimeout.java:28)
Caused by: ptolemy.kernel.util.IllegalActionException: TypeTest actor has no training data.
  in .sizedarray3.TypeTest
	at ptolemy.actor.lib.TypeTest.initialize(TypeTest.java:250)
	at ptolemy.actor.Director.initialize(Director.java:938)
	at ptolemy.actor.Director.initialize(Director.java:907)
	at ptolemy.actor.sched.StaticSchedulingDirector.initialize(StaticSchedulingDirector.java:159)
	at ptolemy.domains.sdf.kernel.SDFDirector.initialize(SDFDirector.java:544)
	at ptolemy.actor.CompositeActor.initialize(CompositeActor.java:935)
	at ptolemy.actor.Manager.initialize(Manager.java:724)
	at ptolemy.actor.Manager.execute(Manager.java:356)
	at ptolemy.actor.Manager.run(Manager.java:1263)
	at ptolemy.actor.Manager$PtolemyRunThread.run(Manager.java:1915)
]]></system-err>
</testsuite>
