<?xml version="1.0" encoding="UTF-8" ?>
<testsuite errors="0" failures="0" hostname="travis-job-8cdb95b0-2600-4d05-a035-534fec56b770" name="ptolemy.actor.lib.test.junit.JUnitTclTest" skipped="0" tests="517" time="58.668" timestamp="2019-02-10T03:29:43">
  <properties>
    <property name="npm.executable" value="npm" />
    <property name="file.encoding.pkg" value="sun.io" />
    <property name="env.TRAVIS_ROOT" value="/" />
    <property name="ptII.mk.exists" value="true" />
    <property name="env.TRAVIS_APP_HOST" value="build.travis-ci.org" />
    <property name="env.rvm_bin_path" value="/home/travis/.rvm/bin" />
    <property name="java.home" value="/usr/lib/jvm/java-8-oracle/jre" />
    <property name="env.TRAVIS_JOB_NUMBER" value="997.8" />
    <property name="env.TRAVIS_HOME" value="/home/travis" />
    <property name="env.DISPLAY" value=":99.0" />
    <property name="java.net.preferIPv4Stack" value="true" />
    <property name="env.TRAVIS_INIT" value="upstart" />
    <property name="env.SSH_TTY" value="/dev/pts/0" />
    <property name="env.RUN_TESTS" value="true" />
    <property name="timeout.short" value="1000000" />
    <property name="env.TRAVIS_JOB_NAME" value="" />
    <property name="env.TRAVIS_STACK_NODE_ATTRIBUTES" value="/.node-attributes.yml" />
    <property name="junit.formatter" value="xml" />
    <property name="java.endorsed.dirs" value="/usr/lib/jvm/java-8-oracle/jre/lib/endorsed" />
    <property name="env.TRAVIS_SUDO" value="true" />
    <property name="env.LOGNAME" value="travis" />
    <property name="env.PT_TRAVIS_TEST_CORE1_XML" value="true" />
    <property name="jsdoc.home" value="node_modules/@terraswarm/jsdoc" />
    <property name="debuglevel" value="source,lines,vars" />
    <property name="checkstyle.formatter" value="xml" />
    <property name="bin.vergil.makeable" value="true" />
    <property name="env._system_version" value="14.04" />
    <property name="sun.os.patch.level" value="unknown" />
    <property name="java.vendor.url" value="http://java.oracle.com/" />
    <property name="env.TRAVIS_BUILD_WEB_URL" value="https://travis-ci.org/icyphy/ptII/builds/491140065" />
    <property name="java.version" value="1.8.0_151" />
    <property name="env.TZ" value="UTC" />
    <property name="env.PT_NO_NET" value="true" />
    <property name="env.TRAVIS_PULL_REQUEST_SHA" value="" />
    <property name="env.TRAVIS_SECURE_ENV_VARS" value="true" />
    <property name="env._system_type" value="Linux" />
    <property name="java.vendor.url.bug" value="http://bugreport.sun.com/bugreport/" />
    <property name="env.SSH_CLIENT" value="10.10.4.115 57780 22" />
    <property name="npmjs-org-is-up" value="true" />
    <property name="env.GEM_HOME" value="/home/travis/.rvm/gems/ruby-2.4.1" />
    <property name="env.HAS_ANTARES_THREE_LITTLE_FRONZIES_BADGE" value="true" />
    <property name="env.PS4" value="+" />
    <property name="ant.project.invoked-targets" value="build,test.core1.xml" />
    <property name="env.TRAVIS_PULL_REQUEST_BRANCH" value="" />
    <property name="env.TRAVIS_REPO_SLUG" value="icyphy/ptII" />
    <property name="env.TRAVIS_APT_PROXY" value="http://build-cache.travisci.net" />
    <property name="node.in.path" value="true" />
    <property name="java.maxmemory" value="1400m" />
    <property name="env.RUBY_VERSION" value="ruby-2.4.1" />
    <property name="user.name" value="travis" />
    <property name="env.LANG" value="en_US.UTF-8" />
    <property name="sun.io.unicode.encoding" value="UnicodeLittle" />
    <property name="sun.jnu.encoding" value="UTF-8" />
    <property name="java.runtime.name" value="Java(TM) SE Runtime Environment" />
    <property name="usefile" value="false" />
    <property name="return.code" value="0" />
    <property name="junit.single.formatter" value="plain" />
    <property name="env.DYLD_LIBRARY_PATH" value="/home/travis/pthla/certi-tools/lib:" />
    <property name="env.DEBIAN_FRONTEND" value="noninteractive" />
    <property name="env.SSH_CONNECTION" value="10.10.4.115 57780 10.20.2.78 22" />
    <property name="env.MYSQL_UNIX_PORT" value="/var/run/mysqld/mysqld.sock" />
    <property name="env.TRAVIS_ALLOW_FAILURE" value="false" />
    <property name="env.LC_ALL" value="en_US.UTF-8" />
    <property name="env.TRAVIS_JOB_WEB_URL" value="https://travis-ci.org/icyphy/ptII/jobs/491140075" />
    <property name="java.specification.name" value="Java Platform API Specification" />
    <property name="node.works" value="true" />
    <property name="user.timezone" value="" />
    <property name="path.separator" value=":" />
    <property name="env.TRAVIS_ENABLE_INFRA_DETECTION" value="true" />
    <property name="env.PYTHON_CFLAGS" value="-g -fstack-protector --param=ssp-buffer-size=4 -Wformat -Werror=format-security" />
    <property name="timeout.long" value="4000000" />
    <property name="env.CERTI_HOME" value="/home/travis/pthla/certi-tools" />
    <property name="file.encoding" value="UTF-8" />
    <property name="ant.file.ptII" value="/home/travis/build/icyphy/ptII/build.xml" />
    <property name="javadoc.packagenames" value="com.*,diva.*,lbnl.*,org.hlacerti.*,org.json.*,org.ptolemy.*,org.terraswarm.*,ptolemy.*,ptserver.*" />
    <property name="env.TRAVIS_PULL_REQUEST_SLUG" value="" />
    <property name="ant.project.default-target" value="build" />
    <property name="env.GIT_ASKPASS" value="echo" />
    <property name="env.HOME" value="/home/travis" />
    <property name="sun.java.command" value="org.apache.tools.ant.taskdefs.optional.junit.JUnitTestRunner ptolemy.actor.lib.test.junit.JUnitTclTest skipNonTests=false filtertrace=true haltOnError=false haltOnFailure=false formatter=org.apache.tools.ant.taskdefs.optional.junit.OutErrSummaryJUnitResultFormatter showoutput=true outputtoformatters=true logfailedtests=true threadid=0 logtestlistenerevents=false formatter=org.apache.tools.ant.taskdefs.optional.junit.XMLJUnitResultFormatter,/home/travis/build/icyphy/ptII/reports/junit/TEST-ptolemy.actor.lib.test.junit.JUnitTclTest.xml crashfile=/home/travis/build/icyphy/ptII/junitvmwatcher665812024488257509.properties propsfile=/home/travis/build/icyphy/ptII/junit8132786961304607430.properties" />
    <property name="env.MANPATH" value="/home/travis/.nvm/versions/node/v7.10.1/share/man:/home/travis/.kiex/elixirs/elixir-1.4.5/man:/home/travis/.rvm/rubies/ruby-2.4.1/share/man:/usr/local/man:/usr/local/cmake-3.9.2/man:/usr/local/clang-5.0.0/share/man:/usr/local/share/man:/usr/share/man:/home/travis/.rvm/man" />
    <property name="env.COMPOSER_NO_INTERACTION" value="1" />
    <property name="env.JDK_SWITCHER_DEFAULT" value="oraclejdk8" />
    <property name="env.TRAVIS_TIMER_ID" value="03ba137a" />
    <property name="ant.file" value="/home/travis/build/icyphy/ptII/build.xml" />
    <property name="env.TRAVIS_COMMIT_RANGE" value="fd33c76baa16530294e6993287231cfe75e3f9f4...879f111b998daf2a28aa833b9629496c9080eaab" />
    <property name="env._system_name" value="Ubuntu" />
    <property name="timeout" value="2400000" />
    <property name="ptII.classpath.optional.property" value="/home/travis/build/icyphy/ptII/lib/bsh-2.0b4.jar:/home/travis/build/icyphy/ptII/lib/ptCal.jar:/home/travis/build/icyphy/ptII/lib/java_cup.jar:/home/travis/build/icyphy/ptII/lib/saxon8.jar:/home/travis/build/icyphy/ptII/lib/saxon8-dom.jar:/home/travis/build/icyphy/ptII/lib/chic.jar:/home/travis/build/icyphy/ptII/lib/ptcolt.jar:/usr/lib/jvm/java-8-oracle/lib/tools.jar:/home/travis/build/icyphy/ptII/vendors/misc/itext/iText.jar:/home/travis/build/icyphy/ptII/lib/g4ltl.jar:/home/travis/build/icyphy/ptII/lib/StructuralCoder.jar:/home/travis/build/icyphy/ptII/vendors/jai-1_1_2_01/lib/jai_core.jar:/home/travis/build/icyphy/ptII/vendors/jai-1_1_2_01/lib/jai_codec.jar:/home/travis/build/icyphy/ptII/lib/jcerti.jar:/home/travis/build/icyphy/ptII/lib/javax.mail.jar:/home/travis/build/icyphy/ptII/vendors/JMF-2.1.1e/lib/jmf.jar:/home/travis/build/icyphy/ptII/lib/jna-4.0.0-variadic.jar:/home/travis/build/icyphy/ptII/vendors/misc/joystick/Joystick.jar:/home/travis/build/icyphy/ptII/lib/ptjacl.jar:/home/travis/build/icyphy/ptII/lib/jsoup-1.8.2.jar:/home/travis/build/icyphy/ptII/lib/junit-4.8.2.jar:/home/travis/build/icyphy/ptII/lib/JUnitParams-0.4.0.jar:/home/travis/build/icyphy/ptII/ptolemy/actor/lib/excel/jxl.jar:/home/travis/build/icyphy/ptII/lib/jython.jar:/home/travis/build/icyphy/ptII/lib/kieler.jar:/home/travis/build/icyphy/ptII/vendors/opencv/share/OpenCV/java/opencv-341.jar:/home/travis/build/icyphy/ptII/lib/oscP5.jar:/home/travis/build/icyphy/ptII/lib/nrjavaserial-3.11.0.devel.jar:/home/travis/build/icyphy/ptII/vendors/j3d/lib/j3dcore.jar:/home/travis/build/icyphy/ptII/vendors/j3d/lib/j3dutils.jar:/home/travis/build/icyphy/ptII/vendors/j3d/lib/vecmath.jar:/home/travis/build/icyphy/ptII/ptolemy/distributed/jini/jar/jini-core.jar:/home/travis/build/icyphy/ptII/ptolemy/distributed/jini/jar/jini-ext.jar:/home/travis/build/icyphy/ptII/ptolemy/distributed/jini/jar/sun-util.jar:/home/travis/build/icyphy/ptII/lib/protobuf-java-2.4.1.jar:/home/travis/build/icyphy/ptII/lib/org.eclipse.paho.client.mqttv3.jar:/home/travis/build/icyphy/ptII/lib/mapss.jar:/home/travis/build/icyphy/ptII/ptolemy/actor/ptalon/antlr/antlr.jar:/home/travis/build/icyphy/ptII/lib/JRI.jar:/home/travis/build/icyphy/ptII/lib/commons-lang-2.6.jar:/home/travis/build/icyphy/ptII/lib/commons-logging-1.1.1.jar:/home/travis/build/icyphy/ptII/lib/sootclasses.jar:/home/travis/build/icyphy/ptII/ptolemy/actor/lib/database/mysql-connector-java-5.1.6-bin.jar:/home/travis/build/icyphy/ptII/vendors/misc/sphinx4/sphinx4-data-5prealpha.jar:/home/travis/build/icyphy/ptII/vendors/misc/sphinx4/sphinx4-core-5prealpha.jar:/home/travis/build/icyphy/ptII/lib/PDFRenderer.jar:/home/travis/build/icyphy/ptII/lib/svgSalamander.jar:/home/travis/build/icyphy/ptII/lib/rsyntaxtextarea-2.6.0-SNAPSHOT.jar:/home/travis/build/icyphy/ptII/lib/hazelcast-3.8.2.jar:/home/travis/build/icyphy/ptII/lib/jackson-annotations-2.9.0.jar:/home/travis/build/icyphy/ptII/lib/jackson-core-2.9.3.jar:/home/travis/build/icyphy/ptII/lib/jackson-databind-2.9.3.jar:/home/travis/build/icyphy/ptII/lib/netty-buffer-4.1.19.Final.jar:/home/travis/build/icyphy/ptII/lib/netty-codec-4.1.19.Final.jar:/home/travis/build/icyphy/ptII/lib/netty-codec-dns-4.1.19.Final.jar:/home/travis/build/icyphy/ptII/lib/netty-codec-http-4.1.19.Final.jar:/home/travis/build/icyphy/ptII/lib/netty-codec-http2-4.1.19.Final.jar:/home/travis/build/icyphy/ptII/lib/netty-common-4.1.19.Final.jar:/home/travis/build/icyphy/ptII/lib/netty-handler-4.1.19.Final.jar:/home/travis/build/icyphy/ptII/lib/netty-resolver-4.1.19.Final.jar:/home/travis/build/icyphy/ptII/lib/netty-resolver-dns-4.1.19.Final.jar:/home/travis/build/icyphy/ptII/lib/netty-transport-4.1.19.Final.jar:/home/travis/build/icyphy/ptII/lib/vertx-codegen-3.5.1.jar:/home/travis/build/icyphy/ptII/lib/vertx-core-3.5.2-SNAPSHOT.jar:/home/travis/build/icyphy/ptII/lib/vertx-hazelcast-3.5.1.jar:/home/travis/build/icyphy/ptII/lib/vertx-lang-js-3.5.1.jar:/home/travis/build/icyphy/ptII/lib/vertx-service-proxy-3.5.1.jar:/home/travis/build/icyphy/ptII/lib/vertx-web-3.5.1.jar:/home/travis/build/icyphy/ptII/lib/slf4j-api-1.7.13.jar:/home/travis/build/icyphy/ptII/lib/slf4j-simple-1.7.13.jar:/home/travis/build/icyphy/ptII/lib/webcam-capture-0.3.12.jar:/home/travis/build/icyphy/ptII/lib/bridj-0.7.0.jar:/home/travis/build/icyphy/ptII/lib/xbjlib-1.1.0.nrjavaserial.jar" />
    <property name="test.batch" value="**/junit/*.java" />
    <property name="env._" value="/usr/bin/timeout" />
    <property name="java.io.tmpdir" value="/tmp" />
    <property name="env.TRAVIS_INTERNAL_RUBY_REGEX" value="^ruby-(2\.[0-4]\.[0-9]|1\.9\.3)" />
    <property name="user.language" value="en" />
    <property name="env.HISTCONTROL" value="ignoredups:ignorespace" />
    <property name="env.GOROOT" value="/home/travis/.gimme/versions/go1.7.4.linux.amd64" />
    <property name="line.separator" value="&#xa;" />
    <property name="target" value="1.8" />
    <property name="env.TRAVIS_BUILD_DIR" value="/home/travis/build/icyphy/ptII" />
    <property name="env.ANT_OPTS" value="-Xmx2048m" />
    <property name="ant.file.type" value="file" />
    <property name="ptolemy.ptII.batchMode" value="true" />
    <property name="env.HISTSIZE" value="1000" />
    <property name="env.MERB_ENV" value="test" />
    <property name="java.vm.info" value="mixed mode" />
    <property name="source" value="1.8" />
    <property name="java.vm.specification.name" value="Java Virtual Machine Specification" />
    <property name="env.TRAVIS_TEST_RESULT" value="0" />
    <property name="jsdoc.command" value="node_modules/@terraswarm/jsdoc/jsdoc.js" />
    <property name="npm.works" value="true" />
    <property name="cobertura.dir" value="/home/travis/build/icyphy/ptII/vendors/cobertura-2.0.3" />
    <property name="env.rvm_path" value="/home/travis/.rvm" />
    <property name="env.GEM_PATH" value="/home/travis/.rvm/gems/ruby-2.4.1:/home/travis/.rvm/gems/ruby-2.4.1@global" />
    <property name="env.LC_CTYPE" value="en_US.UTF-8" />
    <property name="java.awt.printerjob" value="sun.print.PSPrinterJob" />
    <property name="env.TRAVIS_CMD" value="$PTII/bin/ptIITravisBuild.sh $SECONDS" />
    <property name="env.TRAVIS_STACK_NAME" value="garnet" />
    <property name="env.TRAVIS_TIMER_START_TIME" value="1549769036349562477" />
    <property name="ant.version" value="Apache Ant(TM) version 1.10.1 compiled on February 2 2017" />
    <property name="ptII.reports" value="/home/travis/build/icyphy/ptII/reports" />
    <property name="env.TRAVIS_STACK_TIMESTAMP" value="2017-12-05 19:33:09 UTC" />
    <property name="ant.file.type.ptII" value="file" />
    <property name="env.RBENV_SHELL" value="bash" />
    <property name="os.name" value="Linux" />
    <property name="java.specification.vendor" value="Oracle Corporation" />
    <property name="env.rvm_version" value="1.29.3 (latest)" />
    <property name="env.TRAVIS_INFRA" value="gce" />
    <property name="env.TERM" value="xterm" />
    <property name="java.vm.name" value="Java HotSpot(TM) 64-Bit Server VM" />
    <property name="env.TRAVIS_BUILD_NUMBER" value="997" />
    <property name="env.CI" value="true" />
    <property name="java.library.path" value="/home/travis/pthla/certi-tools/lib:/usr/lib/jni:/usr/local/share/OpenCV/java/:/usr/share/OpenCV/java::/usr/java/packages/lib/amd64:/usr/lib64:/lib64:/lib:/usr/lib" />
    <property name="env.rvm_prefix" value="/home/travis" />
    <property name="env.PATH" value="/home/travis/pthla/certi-tools/share/scripts:/home/travis/.rvm/gems/ruby-2.4.1/bin:/home/travis/.rvm/gems/ruby-2.4.1@global/bin:/home/travis/.rvm/rubies/ruby-2.4.1/bin:/home/travis/.rvm/bin:/home/travis/.nvm/versions/node/v7.10.1/bin:./node_modules/.bin:/home/travis/build/icyphy/ptII/bin:/home/travis/pthla/certi-tools/bin:/home/travis/bin:/home/travis/.local/bin:/opt/pyenv/shims:/home/travis/.phpenv/shims:/home/travis/perl5/perlbrew/bin:/home/travis/.kiex/elixirs/elixir-1.4.5/bin:/home/travis/.kiex/bin:/home/travis/gopath/bin:/home/travis/.gimme/versions/go1.7.4.linux.amd64/bin:/usr/local/phantomjs/bin:/usr/local/phantomjs:/usr/local/neo4j-3.2.7/bin:/usr/local/maven-3.5.2/bin:/usr/local/cmake-3.9.2/bin:/usr/local/clang-5.0.0/bin:/usr/local/sbin:/usr/local/bin:/usr/sbin:/usr/bin:/sbin:/bin:/home/travis/.phpenv/bin:/opt/pyenv/bin:/home/travis/.yarn/bin" />
    <property name="env.TRAVIS_OS_NAME" value="linux" />
    <property name="ant.java.version" value="1.8" />
    <property name="basedir" value="/home/travis/build/icyphy/ptII" />
    <property name="java.class.version" value="52.0" />
    <property name="env.SHLVL" value="3" />
    <property name="env.LD_LIBRARY_PATH" value="/home/travis/pthla/certi-tools/lib:/usr/lib/jni:/usr/local/share/OpenCV/java/:/usr/share/OpenCV/java:" />
    <property name="env.RACK_ENV" value="test" />
    <property name="ant.home" value="/home/travis/build/icyphy/ptII/ant" />
    <property name="env.PERLBREW_BASHRC_VERSION" value="0.80" />
    <property name="env.NVM_DIR" value="/home/travis/.nvm" />
    <property name="env.TRAVIS_BUILD_ID" value="491140065" />
    <property name="env.CERTI_FOM_PATH" value="/home/travis/pthla/certi-tools/share/federations" />
    <property name="env.PYENV_ROOT" value="/opt/pyenv" />
    <property name="env.TRAVIS_UID" value="2000" />
    <property name="env.rvm_pretty_print_flag" value="auto" />
    <property name="env.NVM_BIN" value="/home/travis/.nvm/versions/node/v7.10.1/bin" />
    <property name="env.TRAVIS_COMMIT" value="879f111b998daf2a28aa833b9629496c9080eaab" />
    <property name="env._system_arch" value="x86_64" />
    <property name="node.executable" value="node" />
    <property name="sun.boot.library.path" value="/usr/lib/jvm/java-8-oracle/jre/lib/amd64" />
    <property name="sun.management.compiler" value="HotSpot 64-Bit Tiered Compilers" />
    <property name="env.GOPATH" value="/home/travis/gopath" />
    <property name="java.awt.graphicsenv" value="sun.awt.X11GraphicsEnvironment" />
    <property name="ptolemy.ptII.dir" value="/home/travis/build/icyphy/ptII" />
    <property name="env.USER" value="travis" />
    <property name="env.HISTFILESIZE" value="2000" />
    <property name="timeout.longest" value="19000000" />
    <property name="env.TRAVIS_STACK_FEATURES" value="basic cassandra chromium couchdb disabled-ipv6 docker docker-compose elasticsearch firefox go-toolchain google-chrome jdk memcached mongodb mysql neo4j nodejs_interpreter perl_interpreter perlbrew phantomjs postgresql python_interpreter rabbitmq redis riak ruby_interpreter sqlite xserver" />
    <property name="env.TRAVIS_PULL_REQUEST" value="false" />
    <property name="env.PYENV_SHELL" value="bash" />
    <property name="ant.project.name" value="ptII" />
    <property name="java.vm.specification.version" value="1.8" />
    <property name="env.ANSI_RESET" value="\033[0m" />
    <property name="env.TRAVIS_DIST" value="trusty" />
    <property name="env.CERTI_VERSION" value="4.0.0" />
    <property name="env.NLSPATH" value="/usr/dt/lib/nls/msg/%L/%N.cat" />
    <property name="awt.toolkit" value="sun.awt.X11.XToolkit" />
    <property name="env.CERTI_HOST" value="localhost" />
    <property name="env.MY_RUBY_HOME" value="/home/travis/.rvm/rubies/ruby-2.4.1" />
    <property name="sun.cpu.isalist" value="" />
    <property name="env.TRAVIS_TMPDIR" value="/tmp/tmp.sW1gXeiwdG" />
    <property name="java.ext.dirs" value="/usr/lib/jvm/java-8-oracle/jre/lib/ext:/usr/java/packages/lib/ext" />
    <property name="os.version" value="4.4.0-101-generic" />
    <property name="user.home" value="/home/travis" />
    <property name="env.MIX_ARCHIVES" value="/home/travis/.kiex/mix/elixir-1.4.5" />
    <property name="java.vm.vendor" value="Oracle Corporation" />
    <property name="env.TRAVIS_TAG" value="nightly" />
    <property name="env.ANSI_YELLOW" value="\033[33;1m" />
    <property name="env.TRAVIS_FILTERED" value="redirect_io" />
    <property name="env.ANSI_GREEN" value="\033[32;1m" />
    <property name="env.JAVA_HOME" value="/usr/lib/jvm/java-8-oracle" />
    <property name="env.PTII" value="/home/travis/build/icyphy/ptII" />
    <property name="javadoc.excludepackagenames" value="adm.cvs2svn.*,build.*,config.*,doc.coding.templates.*,jni.test.jni.meaningOfLife.*,jni.test.jni.testDeux.*,jni.test.jni.testTrois.*,org.terraswarm.accessor.accessors.web.node_modules.*,org.terraswarm.accessor.accessors.web.hosts.cordova.demo.*,org.terraswarm.accessor.accessors.web.hosts.cordova.plugins.*,org.terraswarm.accessor.accessors-svn.*,pt-modules.*,ptolemy.apps.agilent.*,ptolemy.apps.anytimecontrol.*,ptolemy.apps.apes.*,ptolemy.apps.charon.*,ptolemy.apps.crazyboard.*,ptolemy.apps.eclipse.*,ptolemy.apps.etherealSting.*,ptolemy.apps.fullscreen.*,ptolemy.apps.giotto.*,ptolemy.apps.ia.*,ptolemy.apps.interfaces.*,ptolemy.apps.jmf.*,ptolemy.apps.kurt.*,ptolemy.apps.kvm.*,ptolemy.apps.lego.*,ptolemy.apps.lejos.*,ptolemy.apps.midp.*,ptolemy.apps.mobileCoding.*,ptolemy.apps.pendulum.*,ptolemy.apps.rijndael.*,ptolemy.apps.robot.*,ptolemy.apps.security.*,ptolemy.apps.sobel.*,ptolemy.apps.soot.*,ptolemy.apps.throttle.*,ptolemy.apps.tini.*,ptolemy.apps.transmission.*,ptolemy.apps.vergil.*,ptolemy.apps.waba.*,ptolemy.apps.websensor.*,ptolemy.apps.webstart.*,ptolemy.apps.xsl.*,ptolemy.apps.zaurus.*,ptolemy.codegen.c.actor.lib.oldJavaFiles.*,ptolemy.codegen.dsp.lib.*,ptolemy.codegen.kernel.newInterfaces.*,ptolemy.codegen.lib.*,ptolemy.copernicus.kernel.fragment.*,ptolemy.copernicus.shallow.cg.*,ptolemy.domains.giotto.demo.Hierarchy.Hierarchy.*,ptolemy.domains.giotto.demo.Multimode.Multimode.*,ptolemy.domains.giotto.demo.Simple.Simple.*,ptolemy.domains.gr.lib.experimental.*,ptolemy.domains.gro.*,ptolemy.domains.pdf.*,ptolemy.domains.ptinyos.demo.Surge.output.*,ptolemy.moml.test.NoPackageActor.java*,ptolemy.plot.adm.*,ptolemy.plot.servlet.*,reports.*,signed.*,src.*,target.*,vendors.*,ptolemy.apps.eclipse.awt.*,ptolemy.backtrack.*,ptolemy.backtrack.ast.*,ptolemy.cg.adapter.generic.program.procedural.c.mbed*,ptolemy.homer.*,org.ptolemy.scala.*,diva.util.java2d.svg.*,ptolemy.domains.ptinyos.*,ptolemy.actor.lib.fmi.fmipp.*,,org.terraswarm.accessor.accessors.web.node_modules.*,org.terraswarm.accessor.accessors-svn,ptolemy.apps.*,ptolemy.actor.ptalon.demo.ptinyos.SendAndReceiveCnt.output,ptolemy.actor.ptalon.demo.ptinyos.SenseToLeds.output,ptolemy.domains.ptinyos.demo.CntToLedsAndRfm.output,ptolemy.domains.ptinyos.demo.RfmToLeds.output,ptolemy.domains.ptinyos.demo.SendAndReceiveCnt.output,ptolemy.domains.ptinyos.demo.SenseToLeds.output,ptolemy.actor.lib.jjs.modules.udpSocket.*" />
    <property name="env.TRAVIS_COMMIT_MESSAGE" value="Updated seating in DOP Center" />
    <property name="keystore" value="ptKeystore" />
    <property name="env.XDG_SESSION_ID" value="2" />
    <property name="junit.output.dir" value="/home/travis/build/icyphy/ptII/reports/junit" />
    <property name="npm.return.code" value="0" />
    <property name="user.dir" value="/home/travis/build/icyphy/ptII/ptolemy/actor/lib/test" />
    <property name="env.TRAVIS_NODE_VERSION" value="7" />
    <property name="env.XFILESEARCHPATH" value="/usr/dt/app-defaults/%L/Dt" />
    <property name="env.TRAVIS_EVENT_TYPE" value="cron" />
    <property name="env.MAIL" value="/var/mail/travis" />
    <property name="env.PWD" value="/home/travis/build/icyphy/ptII" />
    <property name="env.PERLBREW_ROOT" value="/home/travis/perl5/perlbrew" />
    <property name="timeout.npm" value="45000" />
    <property name="env.TRAVIS_ARCH" value="amd64" />
    <property name="env.PAGER" value="cat" />
    <property name="sun.cpu.endian" value="little" />
    <property name="env.TRAVIS_BUILD_STAGE_NAME" value="Test" />
    <property name="env.PERLBREW_HOME" value="/home/travis/.perlbrew" />
    <property name="env.RAILS_ENV" value="test" />
    <property name="java.vm.version" value="25.151-b12" />
    <property name="java.class.path" value="/home/travis/.ptolemyII:/home/travis/.ptolemyII/*:/home/travis/build/icyphy/ptII:/home/travis/build/icyphy/ptII/lib/bsh-2.0b4.jar:/home/travis/build/icyphy/ptII/lib/ptCal.jar:/home/travis/build/icyphy/ptII/lib/java_cup.jar:/home/travis/build/icyphy/ptII/lib/saxon8.jar:/home/travis/build/icyphy/ptII/lib/saxon8-dom.jar:/home/travis/build/icyphy/ptII/lib/chic.jar:/home/travis/build/icyphy/ptII/lib/ptcolt.jar:/usr/lib/jvm/java-8-oracle/lib/tools.jar:/home/travis/build/icyphy/ptII/vendors/misc/itext/iText.jar:/home/travis/build/icyphy/ptII/lib/g4ltl.jar:/home/travis/build/icyphy/ptII/lib/StructuralCoder.jar:/home/travis/build/icyphy/ptII/vendors/jai-1_1_2_01/lib/jai_core.jar:/home/travis/build/icyphy/ptII/vendors/jai-1_1_2_01/lib/jai_codec.jar:/home/travis/build/icyphy/ptII/lib/jcerti.jar:/home/travis/build/icyphy/ptII/lib/javax.mail.jar:/home/travis/build/icyphy/ptII/vendors/JMF-2.1.1e/lib/jmf.jar:/home/travis/build/icyphy/ptII/lib/jna-4.0.0-variadic.jar:/home/travis/build/icyphy/ptII/vendors/misc/joystick/Joystick.jar:/home/travis/build/icyphy/ptII/lib/ptjacl.jar:/home/travis/build/icyphy/ptII/lib/jsoup-1.8.2.jar:/home/travis/build/icyphy/ptII/lib/junit-4.8.2.jar:/home/travis/build/icyphy/ptII/lib/JUnitParams-0.4.0.jar:/home/travis/build/icyphy/ptII/ptolemy/actor/lib/excel/jxl.jar:/home/travis/build/icyphy/ptII/lib/jython.jar:/home/travis/build/icyphy/ptII/lib/kieler.jar:/home/travis/build/icyphy/ptII/vendors/opencv/share/OpenCV/java/opencv-341.jar:/home/travis/build/icyphy/ptII/lib/oscP5.jar:/home/travis/build/icyphy/ptII/lib/nrjavaserial-3.11.0.devel.jar:/home/travis/build/icyphy/ptII/vendors/j3d/lib/j3dcore.jar:/home/travis/build/icyphy/ptII/vendors/j3d/lib/j3dutils.jar:/home/travis/build/icyphy/ptII/vendors/j3d/lib/vecmath.jar:/home/travis/build/icyphy/ptII/ptolemy/distributed/jini/jar/jini-core.jar:/home/travis/build/icyphy/ptII/ptolemy/distributed/jini/jar/jini-ext.jar:/home/travis/build/icyphy/ptII/ptolemy/distributed/jini/jar/sun-util.jar:/home/travis/build/icyphy/ptII/lib/protobuf-java-2.4.1.jar:/home/travis/build/icyphy/ptII/lib/org.eclipse.paho.client.mqttv3.jar:/home/travis/build/icyphy/ptII/lib/mapss.jar:/home/travis/build/icyphy/ptII/ptolemy/actor/ptalon/antlr/antlr.jar:/home/travis/build/icyphy/ptII/lib/JRI.jar:/home/travis/build/icyphy/ptII/lib/commons-lang-2.6.jar:/home/travis/build/icyphy/ptII/lib/commons-logging-1.1.1.jar:/home/travis/build/icyphy/ptII/lib/sootclasses.jar:/home/travis/build/icyphy/ptII/ptolemy/actor/lib/database/mysql-connector-java-5.1.6-bin.jar:/home/travis/build/icyphy/ptII/vendors/misc/sphinx4/sphinx4-data-5prealpha.jar:/home/travis/build/icyphy/ptII/vendors/misc/sphinx4/sphinx4-core-5prealpha.jar:/home/travis/build/icyphy/ptII/lib/PDFRenderer.jar:/home/travis/build/icyphy/ptII/lib/svgSalamander.jar:/home/travis/build/icyphy/ptII/lib/rsyntaxtextarea-2.6.0-SNAPSHOT.jar:/home/travis/build/icyphy/ptII/lib/hazelcast-3.8.2.jar:/home/travis/build/icyphy/ptII/lib/jackson-annotations-2.9.0.jar:/home/travis/build/icyphy/ptII/lib/jackson-core-2.9.3.jar:/home/travis/build/icyphy/ptII/lib/jackson-databind-2.9.3.jar:/home/travis/build/icyphy/ptII/lib/netty-buffer-4.1.19.Final.jar:/home/travis/build/icyphy/ptII/lib/netty-codec-4.1.19.Final.jar:/home/travis/build/icyphy/ptII/lib/netty-codec-dns-4.1.19.Final.jar:/home/travis/build/icyphy/ptII/lib/netty-codec-http-4.1.19.Final.jar:/home/travis/build/icyphy/ptII/lib/netty-codec-http2-4.1.19.Final.jar:/home/travis/build/icyphy/ptII/lib/netty-common-4.1.19.Final.jar:/home/travis/build/icyphy/ptII/lib/netty-handler-4.1.19.Final.jar:/home/travis/build/icyphy/ptII/lib/netty-resolver-4.1.19.Final.jar:/home/travis/build/icyphy/ptII/lib/netty-resolver-dns-4.1.19.Final.jar:/home/travis/build/icyphy/ptII/lib/netty-transport-4.1.19.Final.jar:/home/travis/build/icyphy/ptII/lib/vertx-codegen-3.5.1.jar:/home/travis/build/icyphy/ptII/lib/vertx-core-3.5.2-SNAPSHOT.jar:/home/travis/build/icyphy/ptII/lib/vertx-hazelcast-3.5.1.jar:/home/travis/build/icyphy/ptII/lib/vertx-lang-js-3.5.1.jar:/home/travis/build/icyphy/ptII/lib/vertx-service-proxy-3.5.1.jar:/home/travis/build/icyphy/ptII/lib/vertx-web-3.5.1.jar:/home/travis/build/icyphy/ptII/lib/slf4j-api-1.7.13.jar:/home/travis/build/icyphy/ptII/lib/slf4j-simple-1.7.13.jar:/home/travis/build/icyphy/ptII/lib/webcam-capture-0.3.12.jar:/home/travis/build/icyphy/ptII/lib/bridj-0.7.0.jar:/home/travis/build/icyphy/ptII/lib/xbjlib-1.1.0.nrjavaserial.jar:/home/travis/build/icyphy/ptII/ptolemy/moml/test:/home/travis/build/icyphy/ptII/ant/lib/ant-launcher.jar:/home/travis/build/icyphy/ptII/ant/lib/ant.jar:/home/travis/build/icyphy/ptII/ant/lib/ant-junit.jar:/home/travis/build/icyphy/ptII/ant/lib/ant-junit4.jar" />
    <property name="ant.library.dir" value="/home/travis/build/icyphy/ptII/ant/lib" />
    <property name="os.arch" value="amd64" />
    <property name="env.TRAVIS_LANGUAGE" value="node_js" />
    <property name="env.CONTINUOUS_INTEGRATION" value="true" />
    <property name="env.TRAVIS_STACK_LANGUAGES" value="__garnet__ c c++ clojure cplusplus cpp default go groovy java node_js php pure_java python ruby scala" />
    <property name="test.name" value="ptolemy.actor.lib.test.junit.JUnitTclTest" />
    <property name="sun.java.launcher" value="SUN_STANDARD" />
    <property name="env.PYTHON_CONFIGURE_OPTS" value="--enable-unicode=ucs4 --with-wide-unicode --enable-shared --enable-ipv6 --enable-loadable-sqlite-extensions --with-computed-gotos" />
    <property name="ant.core.lib" value="/home/travis/build/icyphy/ptII/ant/lib/ant.jar" />
    <property name="java.vm.specification.vendor" value="Oracle Corporation" />
    <property name="env.BCVTB_HOME" value="/home/travis/build/icyphy/ptII/lbnl" />
    <property name="file.separator" value="/" />
    <property name="spotbugs.home" value="/home/travis/build/icyphy/ptII/vendors/spotbugs-3.1.1" />
    <property name="java.runtime.version" value="1.8.0_151-b12" />
    <property name="sun.boot.class.path" value="/usr/lib/jvm/java-8-oracle/jre/lib/resources.jar:/usr/lib/jvm/java-8-oracle/jre/lib/rt.jar:/usr/lib/jvm/java-8-oracle/jre/lib/sunrsasign.jar:/usr/lib/jvm/java-8-oracle/jre/lib/jsse.jar:/usr/lib/jvm/java-8-oracle/jre/lib/jce.jar:/usr/lib/jvm/java-8-oracle/jre/lib/charsets.jar:/usr/lib/jvm/java-8-oracle/jre/lib/jfr.jar:/usr/lib/jvm/java-8-oracle/jre/classes" />
    <property name="env.ANSI_CLEAR" value="\033[0K" />
    <property name="env.HAS_JOSH_K_SEAL_OF_APPROVAL" value="true" />
    <property name="env.XDG_RUNTIME_DIR" value="/run/user/2000" />
    <property name="env.TRAVIS_OSX_IMAGE" value="" />
    <property name="env.TRAVIS_BRANCH" value="master" />
    <property name="env.TRAVIS_JOB_ID" value="491140075" />
    <property name="user.country" value="US" />
    <property name="env.CERTI_HOME_TRAVIS" value="/home/travis/pthla/certi-tools" />
    <property name="env.SHELL" value="/bin/bash" />
    <property name="java.maxmemory.large" value="5000m" />
    <property name="model" value="" />
    <property name="env.CASHER_DIR" value="/home/travis/.casher" />
    <property name="env.NVM_CD_FLAGS" value="" />
    <property name="jshint.executable" value="/home/travis/node_modules/jshint/bin/jshint" />
    <property name="java.vendor" value="Oracle Corporation" />
    <property name="env.JRUBY_OPTS" value=" --client -J-XX:+TieredCompilation -J-XX:TieredStopAtLevel=1 -J-Xss2m -Xcompile.invokedynamic=false" />
    <property name="env.TRAVIS_PRE_CHEF_BOOTSTRAP_TIME" value="2017-12-05T19:32:55" />
    <property name="env.TRAVIS_STACK_JOB_BOARD_REGISTER" value="/.job-board-register.yml" />
    <property name="env.ELIXIR_VERSION" value="1.4.5" />
    <property name="env.ANSI_RED" value="\033[31;1m" />
    <property name="java.specification.version" value="1.8" />
    <property name="env.TRAVIS" value="true" />
    <property name="env.IRBRC" value="/home/travis/.rvm/rubies/ruby-2.4.1/.irbrc" />
    <property name="sun.arch.data.model" value="64" />
  </properties>
  <testcase classname="ptolemy.util.test.junit.TclTests" name="[0] /home/travis/build/icyphy/ptII/ptolemy/actor/lib/test/AbsoluteValue.tcl (RunTclFile)" time="0.483" />
  <testcase classname="ptolemy.util.test.junit.TclTests" name="[1] /home/travis/build/icyphy/ptII/ptolemy/actor/lib/test/AddSubtract.tcl (RunTclFile)" time="0.088" />
  <testcase classname="ptolemy.util.test.junit.TclTests" name="[2] /home/travis/build/icyphy/ptII/ptolemy/actor/lib/test/Average.tcl (RunTclFile)" time="0.058" />
  <testcase classname="ptolemy.util.test.junit.TclTests" name="[3] /home/travis/build/icyphy/ptII/ptolemy/actor/lib/test/Bernoulli.tcl (RunTclFile)" time="0.031" />
  <testcase classname="ptolemy.util.test.junit.TclTests" name="[4] /home/travis/build/icyphy/ptII/ptolemy/actor/lib/test/Clock.tcl (RunTclFile)" time="0.113" />
  <testcase classname="ptolemy.util.test.junit.TclTests" name="[5] /home/travis/build/icyphy/ptII/ptolemy/actor/lib/test/Commutator.tcl (RunTclFile)" time="0.11" />
  <testcase classname="ptolemy.util.test.junit.TclTests" name="[6] /home/travis/build/icyphy/ptII/ptolemy/actor/lib/test/Const.tcl (RunTclFile)" time="0.104" />
  <testcase classname="ptolemy.util.test.junit.TclTests" name="[7] /home/travis/build/icyphy/ptII/ptolemy/actor/lib/test/CurrentTime.tcl (RunTclFile)" time="0.019" />
  <testcase classname="ptolemy.util.test.junit.TclTests" name="[8] /home/travis/build/icyphy/ptII/ptolemy/actor/lib/test/DB.tcl (RunTclFile)" time="0.019" />
  <testcase classname="ptolemy.util.test.junit.TclTests" name="[9] /home/travis/build/icyphy/ptII/ptolemy/actor/lib/test/DiscreteRandomSource.tcl (RunTclFile)" time="0.042" />
  <testcase classname="ptolemy.util.test.junit.TclTests" name="[10] /home/travis/build/icyphy/ptII/ptolemy/actor/lib/test/Distributor.tcl (RunTclFile)" time="0.055" />
  <testcase classname="ptolemy.util.test.junit.TclTests" name="[11] /home/travis/build/icyphy/ptII/ptolemy/actor/lib/test/Exit.tcl (RunTclFile)" time="0.054" />
  <testcase classname="ptolemy.util.test.junit.TclTests" name="[12] /home/travis/build/icyphy/ptII/ptolemy/actor/lib/test/Expression.tcl (RunTclFile)" time="0.082" />
  <testcase classname="ptolemy.util.test.junit.TclTests" name="[13] /home/travis/build/icyphy/ptII/ptolemy/actor/lib/test/Gaussian.tcl (RunTclFile)" time="0.79" />
  <testcase classname="ptolemy.util.test.junit.TclTests" name="[14] /home/travis/build/icyphy/ptII/ptolemy/actor/lib/test/IIR.tcl (RunTclFile)" time="0.025" />
  <testcase classname="ptolemy.util.test.junit.TclTests" name="[15] /home/travis/build/icyphy/ptII/ptolemy/actor/lib/test/Interpolator.tcl (RunTclFile)" time="0.08" />
  <testcase classname="ptolemy.util.test.junit.TclTests" name="[16] /home/travis/build/icyphy/ptII/ptolemy/actor/lib/test/MathFunction.tcl (RunTclFile)" time="0.043" />
  <testcase classname="ptolemy.util.test.junit.TclTests" name="[17] /home/travis/build/icyphy/ptII/ptolemy/actor/lib/test/Maximum.tcl (RunTclFile)" time="0.036" />
  <testcase classname="ptolemy.util.test.junit.TclTests" name="[18] /home/travis/build/icyphy/ptII/ptolemy/actor/lib/test/Minimum.tcl (RunTclFile)" time="0.029" />
  <testcase classname="ptolemy.util.test.junit.TclTests" name="[19] /home/travis/build/icyphy/ptII/ptolemy/actor/lib/test/MultiplyDivide.tcl (RunTclFile)" time="0.043" />
  <testcase classname="ptolemy.util.test.junit.TclTests" name="[20] /home/travis/build/icyphy/ptII/ptolemy/actor/lib/test/OrderedMerge.tcl (RunTclFile)" time="0.1" />
  <testcase classname="ptolemy.util.test.junit.TclTests" name="[21] /home/travis/build/icyphy/ptII/ptolemy/actor/lib/test/Publisher.tcl (RunTclFile)" time="0.668" />
  <testcase classname="ptolemy.util.test.junit.TclTests" name="[22] /home/travis/build/icyphy/ptII/ptolemy/actor/lib/test/Pulse.tcl (RunTclFile)" time="0.047" />
  <testcase classname="ptolemy.util.test.junit.TclTests" name="[23] /home/travis/build/icyphy/ptII/ptolemy/actor/lib/test/Ramp.tcl (RunTclFile)" time="1.852" />
  <testcase classname="ptolemy.util.test.junit.TclTests" name="[24] /home/travis/build/icyphy/ptII/ptolemy/actor/lib/test/RampContinuous.tcl (RunTclFile)" time="0.017" />
  <testcase classname="ptolemy.util.test.junit.TclTests" name="[25] /home/travis/build/icyphy/ptII/ptolemy/actor/lib/test/RecordAssembler.tcl (RunTclFile)" time="0.017" />
  <testcase classname="ptolemy.util.test.junit.TclTests" name="[26] /home/travis/build/icyphy/ptII/ptolemy/actor/lib/test/RecordDisassembler.tcl (RunTclFile)" time="0.029" />
  <testcase classname="ptolemy.util.test.junit.TclTests" name="[27] /home/travis/build/icyphy/ptII/ptolemy/actor/lib/test/Scale.tcl (RunTclFile)" time="0.036" />
  <testcase classname="ptolemy.util.test.junit.TclTests" name="[28] /home/travis/build/icyphy/ptII/ptolemy/actor/lib/test/SequentialClock.tcl (RunTclFile)" time="0.016" />
  <testcase classname="ptolemy.util.test.junit.TclTests" name="[29] /home/travis/build/icyphy/ptII/ptolemy/actor/lib/test/SetVariable.tcl (RunTclFile)" time="0.043" />
  <testcase classname="ptolemy.util.test.junit.TclTests" name="[30] /home/travis/build/icyphy/ptII/ptolemy/actor/lib/test/Sinewave.tcl (RunTclFile)" time="0.069" />
  <testcase classname="ptolemy.util.test.junit.TclTests" name="[31] /home/travis/build/icyphy/ptII/ptolemy/actor/lib/test/SubscriptionAggregator.tcl (RunTclFile)" time="1.89" />
  <testcase classname="ptolemy.util.test.junit.TclTests" name="[32] /home/travis/build/icyphy/ptII/ptolemy/actor/lib/test/Test.tcl (RunTclFile)" time="0.064" />
  <testcase classname="ptolemy.util.test.junit.TclTests" name="[33] /home/travis/build/icyphy/ptII/ptolemy/actor/lib/test/TestExceptionHandler.tcl (RunTclFile)" time="0.075" />
  <testcase classname="ptolemy.util.test.junit.TclTests" name="[34] /home/travis/build/icyphy/ptII/ptolemy/actor/lib/test/UnionDisassembler.tcl (RunTclFile)" time="0.068" />
  <testcase classname="ptolemy.util.test.junit.TclTests" name="[35] /home/travis/build/icyphy/ptII/ptolemy/actor/lib/test/VariableClock.tcl (RunTclFile)" time="0.022" />
  <testcase classname="ptolemy.util.test.junit.AutoKnownFailedTests" name="[0] /home/travis/build/icyphy/ptII/ptolemy/actor/lib/test/auto/knownFailedTests/PublisherPortToplevelSubscriber.xml (RunModel)" time="0.017" />
  <testcase classname="ptolemy.util.test.junit.AutoKnownFailedTests" name="[1] /home/travis/build/icyphy/ptII/ptolemy/actor/lib/test/auto/knownFailedTests/PublisherSubscriberPortToplevel.xml (RunModel)" time="0.012" />
  <testcase classname="ptolemy.util.test.junit.AutoKnownFailedTests" name="[2] /home/travis/build/icyphy/ptII/ptolemy/actor/lib/test/auto/knownFailedTests/PublisherSubscriptionAggregatorPort.xml (RunModel)" time="0.017" />
  <testcase classname="ptolemy.util.test.junit.AutoKnownFailedTests" name="[3] /home/travis/build/icyphy/ptII/ptolemy/actor/lib/test/auto/knownFailedTests/sizedarray3.xml (RunModel)" time="0.016" />
  <testcase classname="ptolemy.util.test.junit.AutoNameArchTests" name="[0] ThereAreNoAutoArchTests (RunModel)" time="0.001" />
  <testcase classname="ptolemy.util.test.junit.AutoTests" name="[0] /home/travis/build/icyphy/ptII/ptolemy/actor/lib/test/auto/AbsoluteValue.xml (RunModel)" time="0.093" />
  <testcase classname="ptolemy.util.test.junit.AutoTests" name="[1] /home/travis/build/icyphy/ptII/ptolemy/actor/lib/test/auto/AbsoluteValue2.xml (RunModel)" time="0.042" />
  <testcase classname="ptolemy.util.test.junit.AutoTests" name="[2] /home/travis/build/icyphy/ptII/ptolemy/actor/lib/test/auto/Accumulator.xml (RunModel)" time="0.067" />
  <testcase classname="ptolemy.util.test.junit.AutoTests" name="[3] /home/travis/build/icyphy/ptII/ptolemy/actor/lib/test/auto/Accumulator2.xml (RunModel)" time="0.041" />
  <testcase classname="ptolemy.util.test.junit.AutoTests" name="[4] /home/travis/build/icyphy/ptII/ptolemy/actor/lib/test/auto/Accumulator3.xml (RunModel)" time="0.033" />
  <testcase classname="ptolemy.util.test.junit.AutoTests" name="[5] /home/travis/build/icyphy/ptII/ptolemy/actor/lib/test/auto/ArrayAppend.xml (RunModel)" time="0.058" />
  <testcase classname="ptolemy.util.test.junit.AutoTests" name="[6] /home/travis/build/icyphy/ptII/ptolemy/actor/lib/test/auto/ArrayAppend2.xml (RunModel)" time="0.485" />
  <testcase classname="ptolemy.util.test.junit.AutoTests" name="[7] /home/travis/build/icyphy/ptII/ptolemy/actor/lib/test/auto/ArrayAppend3.xml (RunModel)" time="0.031" />
  <testcase classname="ptolemy.util.test.junit.AutoTests" name="[8] /home/travis/build/icyphy/ptII/ptolemy/actor/lib/test/auto/ArrayAppend4.xml (RunModel)" time="0.026" />
  <testcase classname="ptolemy.util.test.junit.AutoTests" name="[9] /home/travis/build/icyphy/ptII/ptolemy/actor/lib/test/auto/ArrayAppend5.xml (RunModel)" time="0.024" />
  <testcase classname="ptolemy.util.test.junit.AutoTests" name="[10] /home/travis/build/icyphy/ptII/ptolemy/actor/lib/test/auto/ArrayAppend6.xml (RunModel)" time="0.016" />
  <testcase classname="ptolemy.util.test.junit.AutoTests" name="[11] /home/travis/build/icyphy/ptII/ptolemy/actor/lib/test/auto/ArrayAppendPerformanceTest.xml (RunModel)" time="0.047" />
  <testcase classname="ptolemy.util.test.junit.AutoTests" name="[12] /home/travis/build/icyphy/ptII/ptolemy/actor/lib/test/auto/ArrayAppendWithEmptyInput.xml (RunModel)" time="0.056" />
  <testcase classname="ptolemy.util.test.junit.AutoTests" name="[13] /home/travis/build/icyphy/ptII/ptolemy/actor/lib/test/auto/ArrayAverage.xml (RunModel)" time="0.058" />
  <testcase classname="ptolemy.util.test.junit.AutoTests" name="[14] /home/travis/build/icyphy/ptII/ptolemy/actor/lib/test/auto/ArrayContains.xml (RunModel)" time="0.019" />
  <testcase classname="ptolemy.util.test.junit.AutoTests" name="[15] /home/travis/build/icyphy/ptII/ptolemy/actor/lib/test/auto/ArrayElement.xml (RunModel)" time="0.021" />
  <testcase classname="ptolemy.util.test.junit.AutoTests" name="[16] /home/travis/build/icyphy/ptII/ptolemy/actor/lib/test/auto/ArrayElementAsMatrix.xml (RunModel)" time="0.097" />
  <testcase classname="ptolemy.util.test.junit.AutoTests" name="[17] /home/travis/build/icyphy/ptII/ptolemy/actor/lib/test/auto/ArrayElementI.xml (RunModel)" time="0.025" />
  <testcase classname="ptolemy.util.test.junit.AutoTests" name="[18] /home/travis/build/icyphy/ptII/ptolemy/actor/lib/test/auto/ArrayExtract.xml (RunModel)" time="0.033" />
  <testcase classname="ptolemy.util.test.junit.AutoTests" name="[19] /home/travis/build/icyphy/ptII/ptolemy/actor/lib/test/auto/ArrayExtract2.xml (RunModel)" time="0.02" />
  <testcase classname="ptolemy.util.test.junit.AutoTests" name="[20] /home/travis/build/icyphy/ptII/ptolemy/actor/lib/test/auto/ArrayLength.xml (RunModel)" time="0.024" />
  <testcase classname="ptolemy.util.test.junit.AutoTests" name="[21] /home/travis/build/icyphy/ptII/ptolemy/actor/lib/test/auto/ArrayLevelCrossing.xml (RunModel)" time="0.035" />
  <testcase classname="ptolemy.util.test.junit.AutoTests" name="[22] /home/travis/build/icyphy/ptII/ptolemy/actor/lib/test/auto/ArrayLevelCrossing2.xml (RunModel)" time="0.025" />
  <testcase classname="ptolemy.util.test.junit.AutoTests" name="[23] /home/travis/build/icyphy/ptII/ptolemy/actor/lib/test/auto/ArrayPeakSearch.xml (RunModel)" time="0.044" />
  <testcase classname="ptolemy.util.test.junit.AutoTests" name="[24] /home/travis/build/icyphy/ptII/ptolemy/actor/lib/test/auto/ArrayPeakSearch2.xml (RunModel)" time="0.034" />
  <testcase classname="ptolemy.util.test.junit.AutoTests" name="[25] /home/travis/build/icyphy/ptII/ptolemy/actor/lib/test/auto/ArrayPeakSearch3.xml (RunModel)" time="0.031" />
  <testcase classname="ptolemy.util.test.junit.AutoTests" name="[26] /home/travis/build/icyphy/ptII/ptolemy/actor/lib/test/auto/ArrayRemoveElement.xml (RunModel)" time="0.025" />
  <testcase classname="ptolemy.util.test.junit.AutoTests" name="[27] /home/travis/build/icyphy/ptII/ptolemy/actor/lib/test/auto/ArraySort.xml (RunModel)" time="0.03" />
  <testcase classname="ptolemy.util.test.junit.AutoTests" name="[28] /home/travis/build/icyphy/ptII/ptolemy/actor/lib/test/auto/ArraySum.xml (RunModel)" time="0.016" />
  <testcase classname="ptolemy.util.test.junit.AutoTests" name="[29] /home/travis/build/icyphy/ptII/ptolemy/actor/lib/test/auto/ArrayToElements.xml (RunModel)" time="0.022" />
  <testcase classname="ptolemy.util.test.junit.AutoTests" name="[30] /home/travis/build/icyphy/ptII/ptolemy/actor/lib/test/auto/ArrayToMatrix.xml (RunModel)" time="0.04" />
  <testcase classname="ptolemy.util.test.junit.AutoTests" name="[31] /home/travis/build/icyphy/ptII/ptolemy/actor/lib/test/auto/ArrayUpdate1.xml (RunModel)" time="0.015" />
  <testcase classname="ptolemy.util.test.junit.AutoTests" name="[32] /home/travis/build/icyphy/ptII/ptolemy/actor/lib/test/auto/ArrayUpdate2.xml (RunModel)" time="0.016" />
  <testcase classname="ptolemy.util.test.junit.AutoTests" name="[33] /home/travis/build/icyphy/ptII/ptolemy/actor/lib/test/auto/ArrayUpdate3.xml (RunModel)" time="0.013" />
  <testcase classname="ptolemy.util.test.junit.AutoTests" name="[34] /home/travis/build/icyphy/ptII/ptolemy/actor/lib/test/auto/Assert1.xml (RunModel)" time="0.026" />
  <testcase classname="ptolemy.util.test.junit.AutoTests" name="[35] /home/travis/build/icyphy/ptII/ptolemy/actor/lib/test/auto/Assert2.xml (RunModel)" time="0.02" />
  <testcase classname="ptolemy.util.test.junit.AutoTests" name="[36] /home/travis/build/icyphy/ptII/ptolemy/actor/lib/test/auto/BooleanMultiplexor.xml (RunModel)" time="0.023" />
  <testcase classname="ptolemy.util.test.junit.AutoTests" name="[37] /home/travis/build/icyphy/ptII/ptolemy/actor/lib/test/auto/BooleanMultiplexor2.xml (RunModel)" time="0.024" />
  <testcase classname="ptolemy.util.test.junit.AutoTests" name="[38] /home/travis/build/icyphy/ptII/ptolemy/actor/lib/test/auto/BooleanMultiplexor3.xml (RunModel)" time="0.027" />
  <testcase classname="ptolemy.util.test.junit.AutoTests" name="[39] /home/travis/build/icyphy/ptII/ptolemy/actor/lib/test/auto/BooleanSelect.xml (RunModel)" time="0.023" />
  <testcase classname="ptolemy.util.test.junit.AutoTests" name="[40] /home/travis/build/icyphy/ptII/ptolemy/actor/lib/test/auto/BooleanSelect2.xml (RunModel)" time="0.014" />
  <testcase classname="ptolemy.util.test.junit.AutoTests" name="[41] /home/travis/build/icyphy/ptII/ptolemy/actor/lib/test/auto/BooleanSwitch.xml (RunModel)" time="0.019" />
  <testcase classname="ptolemy.util.test.junit.AutoTests" name="[42] /home/travis/build/icyphy/ptII/ptolemy/actor/lib/test/auto/BooleanSwitch2.xml (RunModel)" time="0.014" />
  <testcase classname="ptolemy.util.test.junit.AutoTests" name="[43] /home/travis/build/icyphy/ptII/ptolemy/actor/lib/test/auto/BooleanSwitchCloningBugWithClassRelationGroup.xml (RunModel)" time="0.025" />
  <testcase classname="ptolemy.util.test.junit.AutoTests" name="[44] /home/travis/build/icyphy/ptII/ptolemy/actor/lib/test/auto/BusActors.xml (RunModel)" time="0.029" />
  <testcase classname="ptolemy.util.test.junit.AutoTests" name="[45] /home/travis/build/icyphy/ptII/ptolemy/actor/lib/test/auto/ClassWrapper.xml (RunModel)" time="0.012" />
  <testcase classname="ptolemy.util.test.junit.AutoTests" name="[46] /home/travis/build/icyphy/ptII/ptolemy/actor/lib/test/auto/Clock.xml (RunModel)" time="0.018" />
  <testcase classname="ptolemy.util.test.junit.AutoTests" name="[47] /home/travis/build/icyphy/ptII/ptolemy/actor/lib/test/auto/Clock10.xml (RunModel)" time="0.017" />
  <testcase classname="ptolemy.util.test.junit.AutoTests" name="[48] /home/travis/build/icyphy/ptII/ptolemy/actor/lib/test/auto/Clock11.xml (RunModel)" time="0.019" />
  <testcase classname="ptolemy.util.test.junit.AutoTests" name="[49] /home/travis/build/icyphy/ptII/ptolemy/actor/lib/test/auto/Clock12.xml (RunModel)" time="0.019" />
  <testcase classname="ptolemy.util.test.junit.AutoTests" name="[50] /home/travis/build/icyphy/ptII/ptolemy/actor/lib/test/auto/Clock13.xml (RunModel)" time="0.016" />
  <testcase classname="ptolemy.util.test.junit.AutoTests" name="[51] /home/travis/build/icyphy/ptII/ptolemy/actor/lib/test/auto/Clock14.xml (RunModel)" time="0.018" />
  <testcase classname="ptolemy.util.test.junit.AutoTests" name="[52] /home/travis/build/icyphy/ptII/ptolemy/actor/lib/test/auto/Clock15.xml (RunModel)" time="0.016" />
  <testcase classname="ptolemy.util.test.junit.AutoTests" name="[53] /home/travis/build/icyphy/ptII/ptolemy/actor/lib/test/auto/Clock16.xml (RunModel)" time="0.081" />
  <testcase classname="ptolemy.util.test.junit.AutoTests" name="[54] /home/travis/build/icyphy/ptII/ptolemy/actor/lib/test/auto/Clock17.xml (RunModel)" time="0.046" />
  <testcase classname="ptolemy.util.test.junit.AutoTests" name="[55] /home/travis/build/icyphy/ptII/ptolemy/actor/lib/test/auto/Clock18.xml (RunModel)" time="0.05" />
  <testcase classname="ptolemy.util.test.junit.AutoTests" name="[56] /home/travis/build/icyphy/ptII/ptolemy/actor/lib/test/auto/Clock19.xml (RunModel)" time="0.038" />
  <testcase classname="ptolemy.util.test.junit.AutoTests" name="[57] /home/travis/build/icyphy/ptII/ptolemy/actor/lib/test/auto/Clock2.xml (RunModel)" time="0.013" />
  <testcase classname="ptolemy.util.test.junit.AutoTests" name="[58] /home/travis/build/icyphy/ptII/ptolemy/actor/lib/test/auto/Clock20.xml (RunModel)" time="0.019" />
  <testcase classname="ptolemy.util.test.junit.AutoTests" name="[59] /home/travis/build/icyphy/ptII/ptolemy/actor/lib/test/auto/Clock21.xml (RunModel)" time="0.011" />
  <testcase classname="ptolemy.util.test.junit.AutoTests" name="[60] /home/travis/build/icyphy/ptII/ptolemy/actor/lib/test/auto/Clock22.xml (RunModel)" time="0.011" />
  <testcase classname="ptolemy.util.test.junit.AutoTests" name="[61] /home/travis/build/icyphy/ptII/ptolemy/actor/lib/test/auto/Clock23.xml (RunModel)" time="0.012" />
  <testcase classname="ptolemy.util.test.junit.AutoTests" name="[62] /home/travis/build/icyphy/ptII/ptolemy/actor/lib/test/auto/Clock24.xml (RunModel)" time="0.011" />
  <testcase classname="ptolemy.util.test.junit.AutoTests" name="[63] /home/travis/build/icyphy/ptII/ptolemy/actor/lib/test/auto/Clock4.xml (RunModel)" time="0.014" />
  <testcase classname="ptolemy.util.test.junit.AutoTests" name="[64] /home/travis/build/icyphy/ptII/ptolemy/actor/lib/test/auto/Clock5.xml (RunModel)" time="0.01" />
  <testcase classname="ptolemy.util.test.junit.AutoTests" name="[65] /home/travis/build/icyphy/ptII/ptolemy/actor/lib/test/auto/Clock6.xml (RunModel)" time="0.006" />
  <testcase classname="ptolemy.util.test.junit.AutoTests" name="[66] /home/travis/build/icyphy/ptII/ptolemy/actor/lib/test/auto/Clock7.xml (RunModel)" time="0.008" />
  <testcase classname="ptolemy.util.test.junit.AutoTests" name="[67] /home/travis/build/icyphy/ptII/ptolemy/actor/lib/test/auto/Clock8.xml (RunModel)" time="0.017" />
  <testcase classname="ptolemy.util.test.junit.AutoTests" name="[68] /home/travis/build/icyphy/ptII/ptolemy/actor/lib/test/auto/Clock9.xml (RunModel)" time="0.014" />
  <testcase classname="ptolemy.util.test.junit.AutoTests" name="[69] /home/travis/build/icyphy/ptII/ptolemy/actor/lib/test/auto/CommDistDiscard.xml (RunModel)" time="0.015" />
  <testcase classname="ptolemy.util.test.junit.AutoTests" name="[70] /home/travis/build/icyphy/ptII/ptolemy/actor/lib/test/auto/Commutator.xml (RunModel)" time="0.01" />
  <testcase classname="ptolemy.util.test.junit.AutoTests" name="[71] /home/travis/build/icyphy/ptII/ptolemy/actor/lib/test/auto/Commutator2.xml (RunModel)" time="0.009" />
  <testcase classname="ptolemy.util.test.junit.AutoTests" name="[72] /home/travis/build/icyphy/ptII/ptolemy/actor/lib/test/auto/Commutator3.xml (RunModel)" time="0.008" />
  <testcase classname="ptolemy.util.test.junit.AutoTests" name="[73] /home/travis/build/icyphy/ptII/ptolemy/actor/lib/test/auto/Compare.xml (RunModel)" time="0.021" />
  <testcase classname="ptolemy.util.test.junit.AutoTests" name="[74] /home/travis/build/icyphy/ptII/ptolemy/actor/lib/test/auto/CompareDE.xml (RunModel)" time="0.016" />
  <testcase classname="ptolemy.util.test.junit.AutoTests" name="[75] /home/travis/build/icyphy/ptII/ptolemy/actor/lib/test/auto/ComplexDivide.xml (RunModel)" time="0.008" />
  <testcase classname="ptolemy.util.test.junit.AutoTests" name="[76] /home/travis/build/icyphy/ptII/ptolemy/actor/lib/test/auto/ComputeHistogram.xml (RunModel)" time="0.072" />
  <testcase classname="ptolemy.util.test.junit.AutoTests" name="[77] /home/travis/build/icyphy/ptII/ptolemy/actor/lib/test/auto/ConfigurationSelect.xml (RunModel)" time="0.018" />
  <testcase classname="ptolemy.util.test.junit.AutoTests" name="[78] /home/travis/build/icyphy/ptII/ptolemy/actor/lib/test/auto/ConfigurationSelect2.xml (RunModel)" time="0.014" />
  <testcase classname="ptolemy.util.test.junit.AutoTests" name="[79] /home/travis/build/icyphy/ptII/ptolemy/actor/lib/test/auto/ConfigurationSwitch.xml (RunModel)" time="0.022" />
  <testcase classname="ptolemy.util.test.junit.AutoTests" name="[80] /home/travis/build/icyphy/ptII/ptolemy/actor/lib/test/auto/ConfigurationSwitch2.xml (RunModel)" time="0.021" />
  <testcase classname="ptolemy.util.test.junit.AutoTests" name="[81] /home/travis/build/icyphy/ptII/ptolemy/actor/lib/test/auto/ConfigurationSwitchCloningBugWithClassRelationGroup.xml (RunModel)" time="0.021" />
  <testcase classname="ptolemy.util.test.junit.AutoTests" name="[82] /home/travis/build/icyphy/ptII/ptolemy/actor/lib/test/auto/ConfigurationSwitchSelectSDF.xml (RunModel)" time="0.017" />
  <testcase classname="ptolemy.util.test.junit.AutoTests" name="[83] /home/travis/build/icyphy/ptII/ptolemy/actor/lib/test/auto/ConfigurationSwitchSelectSDF2.xml (RunModel)" time="0.015" />
  <testcase classname="ptolemy.util.test.junit.AutoTests" name="[84] /home/travis/build/icyphy/ptII/ptolemy/actor/lib/test/auto/Const.xml (RunModel)" time="0.006" />
  <testcase classname="ptolemy.util.test.junit.AutoTests" name="[85] /home/travis/build/icyphy/ptII/ptolemy/actor/lib/test/auto/Const2.xml (RunModel)" time="0.013" />
  <testcase classname="ptolemy.util.test.junit.AutoTests" name="[86] /home/travis/build/icyphy/ptII/ptolemy/actor/lib/test/auto/Const3.xml (RunModel)" time="0.006" />
  <testcase classname="ptolemy.util.test.junit.AutoTests" name="[87] /home/travis/build/icyphy/ptII/ptolemy/actor/lib/test/auto/ConstantPublisherPort1.xml (RunModel)" time="0.023" />
  <testcase classname="ptolemy.util.test.junit.AutoTests" name="[88] /home/travis/build/icyphy/ptII/ptolemy/actor/lib/test/auto/ConstantPublisherPort2.xml (RunModel)" time="0.019" />
  <testcase classname="ptolemy.util.test.junit.AutoTests" name="[89] /home/travis/build/icyphy/ptII/ptolemy/actor/lib/test/auto/ConstantPublisherPort3.xml (RunModel)" time="0.021" />
  <testcase classname="ptolemy.util.test.junit.AutoTests" name="[90] /home/travis/build/icyphy/ptII/ptolemy/actor/lib/test/auto/ConstantPublisherPort4.xml (RunModel)" time="0.016" />
  <testcase classname="ptolemy.util.test.junit.AutoTests" name="[91] /home/travis/build/icyphy/ptII/ptolemy/actor/lib/test/auto/ConstantPublisherPort5.xml (RunModel)" time="0.028" />
  <testcase classname="ptolemy.util.test.junit.AutoTests" name="[92] /home/travis/build/icyphy/ptII/ptolemy/actor/lib/test/auto/ConstantPublisherPort6.xml (RunModel)" time="0.034" />
  <testcase classname="ptolemy.util.test.junit.AutoTests" name="[93] /home/travis/build/icyphy/ptII/ptolemy/actor/lib/test/auto/ConstantPublisherPort7.xml (RunModel)" time="0.028" />
  <testcase classname="ptolemy.util.test.junit.AutoTests" name="[94] /home/travis/build/icyphy/ptII/ptolemy/actor/lib/test/auto/ConstraintMonitor1.xml (RunModel)" time="0.029" />
  <testcase classname="ptolemy.util.test.junit.AutoTests" name="[95] /home/travis/build/icyphy/ptII/ptolemy/actor/lib/test/auto/ConstraintMonitor2.xml (RunModel)" time="0.016" />
  <testcase classname="ptolemy.util.test.junit.AutoTests" name="[96] /home/travis/build/icyphy/ptII/ptolemy/actor/lib/test/auto/ConstraintMonitor3.xml (RunModel)" time="0.014" />
  <testcase classname="ptolemy.util.test.junit.AutoTests" name="[97] /home/travis/build/icyphy/ptII/ptolemy/actor/lib/test/auto/ConstraintMonitor4.xml (RunModel)" time="0.011" />
  <testcase classname="ptolemy.util.test.junit.AutoTests" name="[98] /home/travis/build/icyphy/ptII/ptolemy/actor/lib/test/auto/ConstraintMonitor5.xml (RunModel)" time="0.016" />
  <testcase classname="ptolemy.util.test.junit.AutoTests" name="[99] /home/travis/build/icyphy/ptII/ptolemy/actor/lib/test/auto/ConstraintMonitor6.xml (RunModel)" time="0.02" />
  <testcase classname="ptolemy.util.test.junit.AutoTests" name="[100] /home/travis/build/icyphy/ptII/ptolemy/actor/lib/test/auto/ConstraintMonitor7.xml (RunModel)" time="0.013" />
  <testcase classname="ptolemy.util.test.junit.AutoTests" name="[101] /home/travis/build/icyphy/ptII/ptolemy/actor/lib/test/auto/ConstraintMonitor8.xml (RunModel)" time="0.02" />
  <testcase classname="ptolemy.util.test.junit.AutoTests" name="[102] /home/travis/build/icyphy/ptII/ptolemy/actor/lib/test/auto/Counter.xml (RunModel)" time="0.016" />
  <testcase classname="ptolemy.util.test.junit.AutoTests" name="[103] /home/travis/build/icyphy/ptII/ptolemy/actor/lib/test/auto/CurrentTimeSDF.xml (RunModel)" time="0.008" />
  <testcase classname="ptolemy.util.test.junit.AutoTests" name="[104] /home/travis/build/icyphy/ptII/ptolemy/actor/lib/test/auto/DB.xml (RunModel)" time="0.014" />
  <testcase classname="ptolemy.util.test.junit.AutoTests" name="[105] /home/travis/build/icyphy/ptII/ptolemy/actor/lib/test/auto/DBDE.xml (RunModel)" time="0.014" />
  <testcase classname="ptolemy.util.test.junit.AutoTests" name="[106] /home/travis/build/icyphy/ptII/ptolemy/actor/lib/test/auto/DateConstructor.xml (RunModel)" time="0.041" />
  <testcase classname="ptolemy.util.test.junit.AutoTests" name="[107] /home/travis/build/icyphy/ptII/ptolemy/actor/lib/test/auto/DelayTime.xml (RunModel)" time="0.012" />
  <testcase classname="ptolemy.util.test.junit.AutoTests" name="[108] /home/travis/build/icyphy/ptII/ptolemy/actor/lib/test/auto/Dictionary1.xml (RunModel)" time="0.017" />
  <testcase classname="ptolemy.util.test.junit.AutoTests" name="[109] /home/travis/build/icyphy/ptII/ptolemy/actor/lib/test/auto/Dictionary2.xml (RunModel)" time="0.012" />
  <testcase classname="ptolemy.util.test.junit.AutoTests" name="[110] /home/travis/build/icyphy/ptII/ptolemy/actor/lib/test/auto/Dictionary3.xml (RunModel)" time="0.01" />
  <testcase classname="ptolemy.util.test.junit.AutoTests" name="[111] /home/travis/build/icyphy/ptII/ptolemy/actor/lib/test/auto/Dictionary4.xml (RunModel)" time="0.015" />
  <testcase classname="ptolemy.util.test.junit.AutoTests" name="[112] /home/travis/build/icyphy/ptII/ptolemy/actor/lib/test/auto/Differential.xml (RunModel)" time="0.009" />
  <testcase classname="ptolemy.util.test.junit.AutoTests" name="[113] /home/travis/build/icyphy/ptII/ptolemy/actor/lib/test/auto/Director.xml (RunModel)" time="0.009" />
  <testcase classname="ptolemy.util.test.junit.AutoTests" name="[114] /home/travis/build/icyphy/ptII/ptolemy/actor/lib/test/auto/DiscreteClock.xml (RunModel)" time="0.008" />
  <testcase classname="ptolemy.util.test.junit.AutoTests" name="[115] /home/travis/build/icyphy/ptII/ptolemy/actor/lib/test/auto/DiscreteClock10.xml (RunModel)" time="0.011" />
  <testcase classname="ptolemy.util.test.junit.AutoTests" name="[116] /home/travis/build/icyphy/ptII/ptolemy/actor/lib/test/auto/DiscreteClock11.xml (RunModel)" time="0.011" />
  <testcase classname="ptolemy.util.test.junit.AutoTests" name="[117] /home/travis/build/icyphy/ptII/ptolemy/actor/lib/test/auto/DiscreteClock12.xml (RunModel)" time="0.011" />
  <testcase classname="ptolemy.util.test.junit.AutoTests" name="[118] /home/travis/build/icyphy/ptII/ptolemy/actor/lib/test/auto/DiscreteClock13.xml (RunModel)" time="0.016" />
  <testcase classname="ptolemy.util.test.junit.AutoTests" name="[119] /home/travis/build/icyphy/ptII/ptolemy/actor/lib/test/auto/DiscreteClock14.xml (RunModel)" time="0.017" />
  <testcase classname="ptolemy.util.test.junit.AutoTests" name="[120] /home/travis/build/icyphy/ptII/ptolemy/actor/lib/test/auto/DiscreteClock15.xml (RunModel)" time="0.013" />
  <testcase classname="ptolemy.util.test.junit.AutoTests" name="[121] /home/travis/build/icyphy/ptII/ptolemy/actor/lib/test/auto/DiscreteClock16.xml (RunModel)" time="0.038" />
  <testcase classname="ptolemy.util.test.junit.AutoTests" name="[122] /home/travis/build/icyphy/ptII/ptolemy/actor/lib/test/auto/DiscreteClock17.xml (RunModel)" time="0.03" />
  <testcase classname="ptolemy.util.test.junit.AutoTests" name="[123] /home/travis/build/icyphy/ptII/ptolemy/actor/lib/test/auto/DiscreteClock18.xml (RunModel)" time="0.033" />
  <testcase classname="ptolemy.util.test.junit.AutoTests" name="[124] /home/travis/build/icyphy/ptII/ptolemy/actor/lib/test/auto/DiscreteClock19.xml (RunModel)" time="0.046" />
  <testcase classname="ptolemy.util.test.junit.AutoTests" name="[125] /home/travis/build/icyphy/ptII/ptolemy/actor/lib/test/auto/DiscreteClock2.xml (RunModel)" time="0.012" />
  <testcase classname="ptolemy.util.test.junit.AutoTests" name="[126] /home/travis/build/icyphy/ptII/ptolemy/actor/lib/test/auto/DiscreteClock20.xml (RunModel)" time="0.021" />
  <testcase classname="ptolemy.util.test.junit.AutoTests" name="[127] /home/travis/build/icyphy/ptII/ptolemy/actor/lib/test/auto/DiscreteClock21.xml (RunModel)" time="0.018" />
  <testcase classname="ptolemy.util.test.junit.AutoTests" name="[128] /home/travis/build/icyphy/ptII/ptolemy/actor/lib/test/auto/DiscreteClock22.xml (RunModel)" time="0.016" />
  <testcase classname="ptolemy.util.test.junit.AutoTests" name="[129] /home/travis/build/icyphy/ptII/ptolemy/actor/lib/test/auto/DiscreteClock23.xml (RunModel)" time="0.639" />
  <testcase classname="ptolemy.util.test.junit.AutoTests" name="[130] /home/travis/build/icyphy/ptII/ptolemy/actor/lib/test/auto/DiscreteClock24.xml (RunModel)" time="0.017" />
  <testcase classname="ptolemy.util.test.junit.AutoTests" name="[131] /home/travis/build/icyphy/ptII/ptolemy/actor/lib/test/auto/DiscreteClock4.xml (RunModel)" time="0.013" />
  <testcase classname="ptolemy.util.test.junit.AutoTests" name="[132] /home/travis/build/icyphy/ptII/ptolemy/actor/lib/test/auto/DiscreteClock5.xml (RunModel)" time="0.008" />
  <testcase classname="ptolemy.util.test.junit.AutoTests" name="[133] /home/travis/build/icyphy/ptII/ptolemy/actor/lib/test/auto/DiscreteClock6.xml (RunModel)" time="0.01" />
  <testcase classname="ptolemy.util.test.junit.AutoTests" name="[134] /home/travis/build/icyphy/ptII/ptolemy/actor/lib/test/auto/DiscreteClock7.xml (RunModel)" time="0.011" />
  <testcase classname="ptolemy.util.test.junit.AutoTests" name="[135] /home/travis/build/icyphy/ptII/ptolemy/actor/lib/test/auto/DiscreteClock8.xml (RunModel)" time="0.011" />
  <testcase classname="ptolemy.util.test.junit.AutoTests" name="[136] /home/travis/build/icyphy/ptII/ptolemy/actor/lib/test/auto/DiscreteClock9.xml (RunModel)" time="0.014" />
  <testcase classname="ptolemy.util.test.junit.AutoTests" name="[137] /home/travis/build/icyphy/ptII/ptolemy/actor/lib/test/auto/DisplayArray.xml (RunModel)" time="0.018" />
  <testcase classname="ptolemy.util.test.junit.AutoTests" name="[138] /home/travis/build/icyphy/ptII/ptolemy/actor/lib/test/auto/Distributor.xml (RunModel)" time="0.008" />
  <testcase classname="ptolemy.util.test.junit.AutoTests" name="[139] /home/travis/build/icyphy/ptII/ptolemy/actor/lib/test/auto/Distributor2.xml (RunModel)" time="0.009" />
  <testcase classname="ptolemy.util.test.junit.AutoTests" name="[140] /home/travis/build/icyphy/ptII/ptolemy/actor/lib/test/auto/DownSample.xml (RunModel)" time="0.008" />
  <testcase classname="ptolemy.util.test.junit.AutoTests" name="[141] /home/travis/build/icyphy/ptII/ptolemy/actor/lib/test/auto/ElectronicUnitBase1.xml (RunModel)" time="0.064" />
  <testcase classname="ptolemy.util.test.junit.AutoTests" name="[142] /home/travis/build/icyphy/ptII/ptolemy/actor/lib/test/auto/ElementsToArray.xml (RunModel)" time="0.009" />
  <testcase classname="ptolemy.util.test.junit.AutoTests" name="[143] /home/travis/build/icyphy/ptII/ptolemy/actor/lib/test/auto/Equals.xml (RunModel)" time="0.013" />
  <testcase classname="ptolemy.util.test.junit.AutoTests" name="[144] /home/travis/build/icyphy/ptII/ptolemy/actor/lib/test/auto/Exec.xml (RunModel)" time="0.023" />
  <testcase classname="ptolemy.util.test.junit.AutoTests" name="[145] /home/travis/build/icyphy/ptII/ptolemy/actor/lib/test/auto/ExecEnvironment.xml (RunModel)" time="0.031" />
  <testcase classname="ptolemy.util.test.junit.AutoTests" name="[146] /home/travis/build/icyphy/ptII/ptolemy/actor/lib/test/auto/ExecNonZeroReturnOutput.xml (RunModel)" time="0.149" />
  <testcase classname="ptolemy.util.test.junit.AutoTests" name="[147] /home/travis/build/icyphy/ptII/ptolemy/actor/lib/test/auto/ExecRunDemos.xml (RunModel)" time="9.035" />
  <testcase classname="ptolemy.util.test.junit.AutoTests" name="[148] /home/travis/build/icyphy/ptII/ptolemy/actor/lib/test/auto/ExecStop.xml (RunModel)" time="5.027" />
  <testcase classname="ptolemy.util.test.junit.AutoTests" name="[149] /home/travis/build/icyphy/ptII/ptolemy/actor/lib/test/auto/ExecutionTimeSDF.xml (RunModel)" time="6.033" />
  <testcase classname="ptolemy.util.test.junit.AutoTests" name="[150] /home/travis/build/icyphy/ptII/ptolemy/actor/lib/test/auto/Expression1.xml (RunModel)" time="0.008" />
  <testcase classname="ptolemy.util.test.junit.AutoTests" name="[151] /home/travis/build/icyphy/ptII/ptolemy/actor/lib/test/auto/Expression10.xml (RunModel)" time="0.012" />
  <testcase classname="ptolemy.util.test.junit.AutoTests" name="[152] /home/travis/build/icyphy/ptII/ptolemy/actor/lib/test/auto/Expression11.xml (RunModel)" time="0.011" />
  <testcase classname="ptolemy.util.test.junit.AutoTests" name="[153] /home/travis/build/icyphy/ptII/ptolemy/actor/lib/test/auto/Expression12.xml (RunModel)" time="0.012" />
  <testcase classname="ptolemy.util.test.junit.AutoTests" name="[154] /home/travis/build/icyphy/ptII/ptolemy/actor/lib/test/auto/Expression13.xml (RunModel)" time="0.012" />
  <testcase classname="ptolemy.util.test.junit.AutoTests" name="[155] /home/travis/build/icyphy/ptII/ptolemy/actor/lib/test/auto/Expression14.xml (RunModel)" time="0.015" />
  <testcase classname="ptolemy.util.test.junit.AutoTests" name="[156] /home/travis/build/icyphy/ptII/ptolemy/actor/lib/test/auto/Expression15.xml (RunModel)" time="0.01" />
  <testcase classname="ptolemy.util.test.junit.AutoTests" name="[157] /home/travis/build/icyphy/ptII/ptolemy/actor/lib/test/auto/Expression16.xml (RunModel)" time="0.011" />
  <testcase classname="ptolemy.util.test.junit.AutoTests" name="[158] /home/travis/build/icyphy/ptII/ptolemy/actor/lib/test/auto/Expression17.xml (RunModel)" time="0.012" />
  <testcase classname="ptolemy.util.test.junit.AutoTests" name="[159] /home/travis/build/icyphy/ptII/ptolemy/actor/lib/test/auto/Expression18.xml (RunModel)" time="0.012" />
  <testcase classname="ptolemy.util.test.junit.AutoTests" name="[160] /home/travis/build/icyphy/ptII/ptolemy/actor/lib/test/auto/Expression2.xml (RunModel)" time="0.012" />
  <testcase classname="ptolemy.util.test.junit.AutoTests" name="[161] /home/travis/build/icyphy/ptII/ptolemy/actor/lib/test/auto/Expression3.xml (RunModel)" time="0.011" />
  <testcase classname="ptolemy.util.test.junit.AutoTests" name="[162] /home/travis/build/icyphy/ptII/ptolemy/actor/lib/test/auto/Expression4.xml (RunModel)" time="0.02" />
  <testcase classname="ptolemy.util.test.junit.AutoTests" name="[163] /home/travis/build/icyphy/ptII/ptolemy/actor/lib/test/auto/Expression5.xml (RunModel)" time="0.011" />
  <testcase classname="ptolemy.util.test.junit.AutoTests" name="[164] /home/travis/build/icyphy/ptII/ptolemy/actor/lib/test/auto/Expression6.xml (RunModel)" time="0.01" />
  <testcase classname="ptolemy.util.test.junit.AutoTests" name="[165] /home/travis/build/icyphy/ptII/ptolemy/actor/lib/test/auto/Expression7.xml (RunModel)" time="0.013" />
  <testcase classname="ptolemy.util.test.junit.AutoTests" name="[166] /home/travis/build/icyphy/ptII/ptolemy/actor/lib/test/auto/Expression8.xml (RunModel)" time="0.012" />
  <testcase classname="ptolemy.util.test.junit.AutoTests" name="[167] /home/travis/build/icyphy/ptII/ptolemy/actor/lib/test/auto/Expression9.xml (RunModel)" time="0.014" />
  <testcase classname="ptolemy.util.test.junit.AutoTests" name="[168] /home/travis/build/icyphy/ptII/ptolemy/actor/lib/test/auto/ExpressionConcatenateArrayType.xml (RunModel)" time="0.021" />
  <testcase classname="ptolemy.util.test.junit.AutoTests" name="[169] /home/travis/build/icyphy/ptII/ptolemy/actor/lib/test/auto/ExpressionConcatenateArrayType2.xml (RunModel)" time="0.018" />
  <testcase classname="ptolemy.util.test.junit.AutoTests" name="[170] /home/travis/build/icyphy/ptII/ptolemy/actor/lib/test/auto/ExpressionFix.xml (RunModel)" time="0.022" />
  <testcase classname="ptolemy.util.test.junit.AutoTests" name="[171] /home/travis/build/icyphy/ptII/ptolemy/actor/lib/test/auto/ExpressionFix2.xml (RunModel)" time="0.008" />
  <testcase classname="ptolemy.util.test.junit.AutoTests" name="[172] /home/travis/build/icyphy/ptII/ptolemy/actor/lib/test/auto/ExpressionFix3.xml (RunModel)" time="0.015" />
  <testcase classname="ptolemy.util.test.junit.AutoTests" name="[173] /home/travis/build/icyphy/ptII/ptolemy/actor/lib/test/auto/FileWriter1.xml (RunModel)" time="0.01" />
  <testcase classname="ptolemy.util.test.junit.AutoTests" name="[174] /home/travis/build/icyphy/ptII/ptolemy/actor/lib/test/auto/FileWriter2.xml (RunModel)" time="0.014" />
  <testcase classname="ptolemy.util.test.junit.AutoTests" name="[175] /home/travis/build/icyphy/ptII/ptolemy/actor/lib/test/auto/FileWriter3.xml (RunModel)" time="0.011" />
  <testcase classname="ptolemy.util.test.junit.AutoTests" name="[176] /home/travis/build/icyphy/ptII/ptolemy/actor/lib/test/auto/Gaussian.xml (RunModel)" time="0.01" />
  <testcase classname="ptolemy.util.test.junit.AutoTests" name="[177] /home/travis/build/icyphy/ptII/ptolemy/actor/lib/test/auto/Gaussian1.xml (RunModel)" time="0.011" />
  <testcase classname="ptolemy.util.test.junit.AutoTests" name="[178] /home/travis/build/icyphy/ptII/ptolemy/actor/lib/test/auto/Gaussian2.xml (RunModel)" time="0.013" />
  <testcase classname="ptolemy.util.test.junit.AutoTests" name="[179] /home/travis/build/icyphy/ptII/ptolemy/actor/lib/test/auto/GradientAdaptiveLattice.xml (RunModel)" time="0.022" />
  <testcase classname="ptolemy.util.test.junit.AutoTests" name="[180] /home/travis/build/icyphy/ptII/ptolemy/actor/lib/test/auto/IIR.xml (RunModel)" time="0.009" />
  <testcase classname="ptolemy.util.test.junit.AutoTests" name="[181] /home/travis/build/icyphy/ptII/ptolemy/actor/lib/test/auto/InputOutputTransparentPorts.xml (RunModel)" time="0.015" />
  <testcase classname="ptolemy.util.test.junit.AutoTests" name="[182] /home/travis/build/icyphy/ptII/ptolemy/actor/lib/test/auto/Interpolator.xml (RunModel)" time="0.012" />
  <testcase classname="ptolemy.util.test.junit.AutoTests" name="[183] /home/travis/build/icyphy/ptII/ptolemy/actor/lib/test/auto/InterpolatorFiringLimitDE.xml (RunModel)" time="0.012" />
  <testcase classname="ptolemy.util.test.junit.AutoTests" name="[184] /home/travis/build/icyphy/ptII/ptolemy/actor/lib/test/auto/Lattice.xml (RunModel)" time="0.007" />
  <testcase classname="ptolemy.util.test.junit.AutoTests" name="[185] /home/travis/build/icyphy/ptII/ptolemy/actor/lib/test/auto/LazyAOCTestLazy.xml (RunModel)" time="0.042" />
  <testcase classname="ptolemy.util.test.junit.AutoTests" name="[186] /home/travis/build/icyphy/ptII/ptolemy/actor/lib/test/auto/LazyAOCTestNonLazy.xml (RunModel)" time="0.047" />
  <testcase classname="ptolemy.util.test.junit.AutoTests" name="[187] /home/travis/build/icyphy/ptII/ptolemy/actor/lib/test/auto/LazyInnerClass.xml (RunModel)" time="0.039" />
  <testcase classname="ptolemy.util.test.junit.AutoTests" name="[188] /home/travis/build/icyphy/ptII/ptolemy/actor/lib/test/auto/LazyPubSub.xml (RunModel)" time="0.045" />
  <testcase classname="ptolemy.util.test.junit.AutoTests" name="[189] /home/travis/build/icyphy/ptII/ptolemy/actor/lib/test/auto/LazyPubSub2.xml (RunModel)" time="0.022" />
  <testcase classname="ptolemy.util.test.junit.AutoTests" name="[190] /home/travis/build/icyphy/ptII/ptolemy/actor/lib/test/auto/LazyPubSub3.xml (RunModel)" time="0.02" />
  <testcase classname="ptolemy.util.test.junit.AutoTests" name="[191] /home/travis/build/icyphy/ptII/ptolemy/actor/lib/test/auto/LazySubClassModel.xml (RunModel)" time="0.021" />
  <testcase classname="ptolemy.util.test.junit.AutoTests" name="[192] /home/travis/build/icyphy/ptII/ptolemy/actor/lib/test/auto/LevelCrossTest1.xml (RunModel)" time="0.01" />
  <testcase classname="ptolemy.util.test.junit.AutoTests" name="[193] /home/travis/build/icyphy/ptII/ptolemy/actor/lib/test/auto/LevelCrossTest10.xml (RunModel)" time="0.013" />
  <testcase classname="ptolemy.util.test.junit.AutoTests" name="[194] /home/travis/build/icyphy/ptII/ptolemy/actor/lib/test/auto/LevelCrossTest11.xml (RunModel)" time="0.01" />
  <testcase classname="ptolemy.util.test.junit.AutoTests" name="[195] /home/travis/build/icyphy/ptII/ptolemy/actor/lib/test/auto/LevelCrossTest12.xml (RunModel)" time="0.019" />
  <testcase classname="ptolemy.util.test.junit.AutoTests" name="[196] /home/travis/build/icyphy/ptII/ptolemy/actor/lib/test/auto/LevelCrossTest13.xml (RunModel)" time="0.012" />
  <testcase classname="ptolemy.util.test.junit.AutoTests" name="[197] /home/travis/build/icyphy/ptII/ptolemy/actor/lib/test/auto/LevelCrossTest2.xml (RunModel)" time="0.009" />
  <testcase classname="ptolemy.util.test.junit.AutoTests" name="[198] /home/travis/build/icyphy/ptII/ptolemy/actor/lib/test/auto/LevelCrossTest3.xml (RunModel)" time="0.011" />
  <testcase classname="ptolemy.util.test.junit.AutoTests" name="[199] /home/travis/build/icyphy/ptII/ptolemy/actor/lib/test/auto/LevelCrossTest4.xml (RunModel)" time="0.009" />
  <testcase classname="ptolemy.util.test.junit.AutoTests" name="[200] /home/travis/build/icyphy/ptII/ptolemy/actor/lib/test/auto/LevelCrossTest5.xml (RunModel)" time="0.012" />
  <testcase classname="ptolemy.util.test.junit.AutoTests" name="[201] /home/travis/build/icyphy/ptII/ptolemy/actor/lib/test/auto/LevelCrossTest6.xml (RunModel)" time="0.012" />
  <testcase classname="ptolemy.util.test.junit.AutoTests" name="[202] /home/travis/build/icyphy/ptII/ptolemy/actor/lib/test/auto/LevelCrossTest7.xml (RunModel)" time="0.012" />
  <testcase classname="ptolemy.util.test.junit.AutoTests" name="[203] /home/travis/build/icyphy/ptII/ptolemy/actor/lib/test/auto/LevelCrossTest8.xml (RunModel)" time="0.011" />
  <testcase classname="ptolemy.util.test.junit.AutoTests" name="[204] /home/travis/build/icyphy/ptII/ptolemy/actor/lib/test/auto/LevelCrossTest9.xml (RunModel)" time="0.012" />
  <testcase classname="ptolemy.util.test.junit.AutoTests" name="[205] /home/travis/build/icyphy/ptII/ptolemy/actor/lib/test/auto/LevinsonDurbin.xml (RunModel)" time="0.008" />
  <testcase classname="ptolemy.util.test.junit.AutoTests" name="[206] /home/travis/build/icyphy/ptII/ptolemy/actor/lib/test/auto/LevinsonDurbin2.xml (RunModel)" time="0.007" />
  <testcase classname="ptolemy.util.test.junit.AutoTests" name="[207] /home/travis/build/icyphy/ptII/ptolemy/actor/lib/test/auto/LevinsonDurbin3.xml (RunModel)" time="0.007" />
  <testcase classname="ptolemy.util.test.junit.AutoTests" name="[208] /home/travis/build/icyphy/ptII/ptolemy/actor/lib/test/auto/Limiter.xml (RunModel)" time="0.021" />
  <testcase classname="ptolemy.util.test.junit.AutoTests" name="[209] /home/travis/build/icyphy/ptII/ptolemy/actor/lib/test/auto/LinearDifferenceEquationSystem.xml (RunModel)" time="0.019" />
  <testcase classname="ptolemy.util.test.junit.AutoTests" name="[210] /home/travis/build/icyphy/ptII/ptolemy/actor/lib/test/auto/LookupTable.xml (RunModel)" time="0.01" />
  <testcase classname="ptolemy.util.test.junit.AutoTests" name="[211] /home/travis/build/icyphy/ptII/ptolemy/actor/lib/test/auto/MathFunction.xml (RunModel)" time="0.023" />
  <testcase classname="ptolemy.util.test.junit.AutoTests" name="[212] /home/travis/build/icyphy/ptII/ptolemy/actor/lib/test/auto/MathFunction2.xml (RunModel)" time="0.013" />
  <testcase classname="ptolemy.util.test.junit.AutoTests" name="[213] /home/travis/build/icyphy/ptII/ptolemy/actor/lib/test/auto/MathFunction3.xml (RunModel)" time="0.02" />
  <testcase classname="ptolemy.util.test.junit.AutoTests" name="[214] /home/travis/build/icyphy/ptII/ptolemy/actor/lib/test/auto/MatrixCropBoolean.xml (RunModel)" time="0.011" />
  <testcase classname="ptolemy.util.test.junit.AutoTests" name="[215] /home/travis/build/icyphy/ptII/ptolemy/actor/lib/test/auto/MatrixCropComplex.xml (RunModel)" time="0.009" />
  <testcase classname="ptolemy.util.test.junit.AutoTests" name="[216] /home/travis/build/icyphy/ptII/ptolemy/actor/lib/test/auto/MatrixCropDouble.xml (RunModel)" time="0.01" />
  <testcase classname="ptolemy.util.test.junit.AutoTests" name="[217] /home/travis/build/icyphy/ptII/ptolemy/actor/lib/test/auto/MatrixCropFix.xml (RunModel)" time="0.009" />
  <testcase classname="ptolemy.util.test.junit.AutoTests" name="[218] /home/travis/build/icyphy/ptII/ptolemy/actor/lib/test/auto/MatrixCropInt.xml (RunModel)" time="0.008" />
  <testcase classname="ptolemy.util.test.junit.AutoTests" name="[219] /home/travis/build/icyphy/ptII/ptolemy/actor/lib/test/auto/MatrixCropLong.xml (RunModel)" time="0.009" />
  <testcase classname="ptolemy.util.test.junit.AutoTests" name="[220] /home/travis/build/icyphy/ptII/ptolemy/actor/lib/test/auto/MatrixToArray.xml (RunModel)" time="0.039" />
  <testcase classname="ptolemy.util.test.junit.AutoTests" name="[221] /home/travis/build/icyphy/ptII/ptolemy/actor/lib/test/auto/MaxIndex.xml (RunModel)" time="0.016" />
  <testcase classname="ptolemy.util.test.junit.AutoTests" name="[222] /home/travis/build/icyphy/ptII/ptolemy/actor/lib/test/auto/Maximum.xml (RunModel)" time="0.011" />
  <testcase classname="ptolemy.util.test.junit.AutoTests" name="[223] /home/travis/build/icyphy/ptII/ptolemy/actor/lib/test/auto/MaximumComplex.xml (RunModel)" time="0.012" />
  <testcase classname="ptolemy.util.test.junit.AutoTests" name="[224] /home/travis/build/icyphy/ptII/ptolemy/actor/lib/test/auto/MethodCallTest.xml (RunModel)" time="0.017" />
  <testcase classname="ptolemy.util.test.junit.AutoTests" name="[225] /home/travis/build/icyphy/ptII/ptolemy/actor/lib/test/auto/Minimum.xml (RunModel)" time="0.011" />
  <testcase classname="ptolemy.util.test.junit.AutoTests" name="[226] /home/travis/build/icyphy/ptII/ptolemy/actor/lib/test/auto/MinimumComplex.xml (RunModel)" time="0.012" />
  <testcase classname="ptolemy.util.test.junit.AutoTests" name="[227] /home/travis/build/icyphy/ptII/ptolemy/actor/lib/test/auto/MinimumMultiports.xml (RunModel)" time="0.021" />
  <testcase classname="ptolemy.util.test.junit.AutoTests" name="[228] /home/travis/build/icyphy/ptII/ptolemy/actor/lib/test/auto/ModifyDate.xml (RunModel)" time="0.038" />
  <testcase classname="ptolemy.util.test.junit.AutoTests" name="[229] /home/travis/build/icyphy/ptII/ptolemy/actor/lib/test/auto/ModifyDate2.xml (RunModel)" time="0.029" />
  <testcase classname="ptolemy.util.test.junit.AutoTests" name="[230] /home/travis/build/icyphy/ptII/ptolemy/actor/lib/test/auto/MovingAverage.xml (RunModel)" time="0.012" />
  <testcase classname="ptolemy.util.test.junit.AutoTests" name="[231] /home/travis/build/icyphy/ptII/ptolemy/actor/lib/test/auto/MovingMaximum.xml (RunModel)" time="0.011" />
  <testcase classname="ptolemy.util.test.junit.AutoTests" name="[232] /home/travis/build/icyphy/ptII/ptolemy/actor/lib/test/auto/MultipleLinksToSameRelation.xml (RunModel)" time="0.01" />
  <testcase classname="ptolemy.util.test.junit.AutoTests" name="[233] /home/travis/build/icyphy/ptII/ptolemy/actor/lib/test/auto/MultipleLinksToSameRelationDE.xml (RunModel)" time="0.016" />
  <testcase classname="ptolemy.util.test.junit.AutoTests" name="[234] /home/travis/build/icyphy/ptII/ptolemy/actor/lib/test/auto/Multiplexor.xml (RunModel)" time="0.01" />
  <testcase classname="ptolemy.util.test.junit.AutoTests" name="[235] /home/travis/build/icyphy/ptII/ptolemy/actor/lib/test/auto/Multiplexor1.xml (RunModel)" time="0.012" />
  <testcase classname="ptolemy.util.test.junit.AutoTests" name="[236] /home/travis/build/icyphy/ptII/ptolemy/actor/lib/test/auto/Multiplexor2.xml (RunModel)" time="0.01" />
  <testcase classname="ptolemy.util.test.junit.AutoTests" name="[237] /home/travis/build/icyphy/ptII/ptolemy/actor/lib/test/auto/Multiplexor3.xml (RunModel)" time="0.007" />
  <testcase classname="ptolemy.util.test.junit.AutoTests" name="[238] /home/travis/build/icyphy/ptII/ptolemy/actor/lib/test/auto/MultiplexorDE.xml (RunModel)" time="0.013" />
  <testcase classname="ptolemy.util.test.junit.AutoTests" name="[239] /home/travis/build/icyphy/ptII/ptolemy/actor/lib/test/auto/MultiportBroadcastTest.xml (RunModel)" time="0.066" />
  <testcase classname="ptolemy.util.test.junit.AutoTests" name="[240] /home/travis/build/icyphy/ptII/ptolemy/actor/lib/test/auto/MultiportOutHangDuringGetWidth.xml (RunModel)" time="0.034" />
  <testcase classname="ptolemy.util.test.junit.AutoTests" name="[241] /home/travis/build/icyphy/ptII/ptolemy/actor/lib/test/auto/NilToken.xml (RunModel)" time="0.014" />
  <testcase classname="ptolemy.util.test.junit.AutoTests" name="[242] /home/travis/build/icyphy/ptII/ptolemy/actor/lib/test/auto/NilTokenNonStrictTest.xml (RunModel)" time="0.011" />
  <testcase classname="ptolemy.util.test.junit.AutoTests" name="[243] /home/travis/build/icyphy/ptII/ptolemy/actor/lib/test/auto/NilTokenRecord.xml (RunModel)" time="0.02" />
  <testcase classname="ptolemy.util.test.junit.AutoTests" name="[244] /home/travis/build/icyphy/ptII/ptolemy/actor/lib/test/auto/NilTokenTypeTest.xml (RunModel)" time="0.033" />
  <testcase classname="ptolemy.util.test.junit.AutoTests" name="[245] /home/travis/build/icyphy/ptII/ptolemy/actor/lib/test/auto/ObjectToken1.xml (RunModel)" time="0.01" />
  <testcase classname="ptolemy.util.test.junit.AutoTests" name="[246] /home/travis/build/icyphy/ptII/ptolemy/actor/lib/test/auto/OrderedMerge.xml (RunModel)" time="0.016" />
  <testcase classname="ptolemy.util.test.junit.AutoTests" name="[247] /home/travis/build/icyphy/ptII/ptolemy/actor/lib/test/auto/OrderedRecordDisassembler.xml (RunModel)" time="0.013" />
  <testcase classname="ptolemy.util.test.junit.AutoTests" name="[248] /home/travis/build/icyphy/ptII/ptolemy/actor/lib/test/auto/OrderedRecordDisassembler2.xml (RunModel)" time="0.015" />
  <testcase classname="ptolemy.util.test.junit.AutoTests" name="[249] /home/travis/build/icyphy/ptII/ptolemy/actor/lib/test/auto/OrderedRecordUpdater.xml (RunModel)" time="0.013" />
  <testcase classname="ptolemy.util.test.junit.AutoTests" name="[250] /home/travis/build/icyphy/ptII/ptolemy/actor/lib/test/auto/OrderedRecordUpdater2.xml (RunModel)" time="0.008" />
  <testcase classname="ptolemy.util.test.junit.AutoTests" name="[251] /home/travis/build/icyphy/ptII/ptolemy/actor/lib/test/auto/PhaseUnwrap.xml (RunModel)" time="0.014" />
  <testcase classname="ptolemy.util.test.junit.AutoTests" name="[252] /home/travis/build/icyphy/ptII/ptolemy/actor/lib/test/auto/PoissonClock.xml (RunModel)" time="0.008" />
  <testcase classname="ptolemy.util.test.junit.AutoTests" name="[253] /home/travis/build/icyphy/ptII/ptolemy/actor/lib/test/auto/PoissonClock2.xml (RunModel)" time="0.009" />
  <testcase classname="ptolemy.util.test.junit.AutoTests" name="[254] /home/travis/build/icyphy/ptII/ptolemy/actor/lib/test/auto/PoissonClock3.xml (RunModel)" time="0.008" />
  <testcase classname="ptolemy.util.test.junit.AutoTests" name="[255] /home/travis/build/icyphy/ptII/ptolemy/actor/lib/test/auto/PubSubWithInitialTokens.xml (RunModel)" time="0.015" />
  <testcase classname="ptolemy.util.test.junit.AutoTests" name="[256] /home/travis/build/icyphy/ptII/ptolemy/actor/lib/test/auto/PubSubWithInitialTokens2.xml (RunModel)" time="0.013" />
  <testcase classname="ptolemy.util.test.junit.AutoTests" name="[257] /home/travis/build/icyphy/ptII/ptolemy/actor/lib/test/auto/PublisherClassNoParameter.xml (RunModel)" time="0.022" />
  <testcase classname="ptolemy.util.test.junit.AutoTests" name="[258] /home/travis/build/icyphy/ptII/ptolemy/actor/lib/test/auto/PublisherClassParameter.xml (RunModel)" time="0.018" />
  <testcase classname="ptolemy.util.test.junit.AutoTests" name="[259] /home/travis/build/icyphy/ptII/ptolemy/actor/lib/test/auto/PublisherNonStrictTest.xml (RunModel)" time="0.014" />
  <testcase classname="ptolemy.util.test.junit.AutoTests" name="[260] /home/travis/build/icyphy/ptII/ptolemy/actor/lib/test/auto/PublisherPort1.xml (RunModel)" time="0.014" />
  <testcase classname="ptolemy.util.test.junit.AutoTests" name="[261] /home/travis/build/icyphy/ptII/ptolemy/actor/lib/test/auto/PublisherPort2.xml (RunModel)" time="0.009" />
  <testcase classname="ptolemy.util.test.junit.AutoTests" name="[262] /home/travis/build/icyphy/ptII/ptolemy/actor/lib/test/auto/PublisherPort3.xml (RunModel)" time="0.01" />
  <testcase classname="ptolemy.util.test.junit.AutoTests" name="[263] /home/travis/build/icyphy/ptII/ptolemy/actor/lib/test/auto/PublisherPort4.xml (RunModel)" time="0.01" />
  <testcase classname="ptolemy.util.test.junit.AutoTests" name="[264] /home/travis/build/icyphy/ptII/ptolemy/actor/lib/test/auto/PublisherPort5.xml (RunModel)" time="0.014" />
  <testcase classname="ptolemy.util.test.junit.AutoTests" name="[265] /home/travis/build/icyphy/ptII/ptolemy/actor/lib/test/auto/PublisherPort5LookAlike.xml (RunModel)" time="0.013" />
  <testcase classname="ptolemy.util.test.junit.AutoTests" name="[266] /home/travis/build/icyphy/ptII/ptolemy/actor/lib/test/auto/PublisherPort6.xml (RunModel)" time="0.012" />
  <testcase classname="ptolemy.util.test.junit.AutoTests" name="[267] /home/travis/build/icyphy/ptII/ptolemy/actor/lib/test/auto/PublisherPort7.xml (RunModel)" time="0.013" />
  <testcase classname="ptolemy.util.test.junit.AutoTests" name="[268] /home/travis/build/icyphy/ptII/ptolemy/actor/lib/test/auto/PublisherPort8.xml (RunModel)" time="0.016" />
  <testcase classname="ptolemy.util.test.junit.AutoTests" name="[269] /home/travis/build/icyphy/ptII/ptolemy/actor/lib/test/auto/PublisherPortSubscriberChannelVariablesAOC2.xml (RunModel)" time="0.029" />
  <testcase classname="ptolemy.util.test.junit.AutoTests" name="[270] /home/travis/build/icyphy/ptII/ptolemy/actor/lib/test/auto/PublisherPortSubscriberOpaqueWidthInference.xml (RunModel)" time="0.014" />
  <testcase classname="ptolemy.util.test.junit.AutoTests" name="[271] /home/travis/build/icyphy/ptII/ptolemy/actor/lib/test/auto/PublisherPortSubscriberPortAdjacent.xml (RunModel)" time="0.014" />
  <testcase classname="ptolemy.util.test.junit.AutoTests" name="[272] /home/travis/build/icyphy/ptII/ptolemy/actor/lib/test/auto/PublisherPortSubscriberPortExpression.xml (RunModel)" time="0.015" />
  <testcase classname="ptolemy.util.test.junit.AutoTests" name="[273] /home/travis/build/icyphy/ptII/ptolemy/actor/lib/test/auto/PublisherPortSubscriberPortOpaqueD3Reverse.xml (RunModel)" time="0.019" />
  <testcase classname="ptolemy.util.test.junit.AutoTests" name="[274] /home/travis/build/icyphy/ptII/ptolemy/actor/lib/test/auto/PublisherPortSubscriberPortOpaqueWidthInference.xml (RunModel)" time="0.017" />
  <testcase classname="ptolemy.util.test.junit.AutoTests" name="[275] /home/travis/build/icyphy/ptII/ptolemy/actor/lib/test/auto/PublisherPortToplevelSubscriberPortAOC.xml (RunModel)" time="0.01" />
  <testcase classname="ptolemy.util.test.junit.AutoTests" name="[276] /home/travis/build/icyphy/ptII/ptolemy/actor/lib/test/auto/PublisherSubscriber.xml (RunModel)" time="0.012" />
  <testcase classname="ptolemy.util.test.junit.AutoTests" name="[277] /home/travis/build/icyphy/ptII/ptolemy/actor/lib/test/auto/PublisherSubscriber10.xml (RunModel)" time="0.019" />
  <testcase classname="ptolemy.util.test.junit.AutoTests" name="[278] /home/travis/build/icyphy/ptII/ptolemy/actor/lib/test/auto/PublisherSubscriber10InitialOutputs.xml (RunModel)" time="0.024" />
  <testcase classname="ptolemy.util.test.junit.AutoTests" name="[279] /home/travis/build/icyphy/ptII/ptolemy/actor/lib/test/auto/PublisherSubscriber11.xml (RunModel)" time="0.016" />
  <testcase classname="ptolemy.util.test.junit.AutoTests" name="[280] /home/travis/build/icyphy/ptII/ptolemy/actor/lib/test/auto/PublisherSubscriber12.xml (RunModel)" time="0.012" />
  <testcase classname="ptolemy.util.test.junit.AutoTests" name="[281] /home/travis/build/icyphy/ptII/ptolemy/actor/lib/test/auto/PublisherSubscriber13.xml (RunModel)" time="0.01" />
  <testcase classname="ptolemy.util.test.junit.AutoTests" name="[282] /home/travis/build/icyphy/ptII/ptolemy/actor/lib/test/auto/PublisherSubscriber14.xml (RunModel)" time="0.015" />
  <testcase classname="ptolemy.util.test.junit.AutoTests" name="[283] /home/travis/build/icyphy/ptII/ptolemy/actor/lib/test/auto/PublisherSubscriber2.xml (RunModel)" time="0.008" />
  <testcase classname="ptolemy.util.test.junit.AutoTests" name="[284] /home/travis/build/icyphy/ptII/ptolemy/actor/lib/test/auto/PublisherSubscriber3.xml (RunModel)" time="0.009" />
  <testcase classname="ptolemy.util.test.junit.AutoTests" name="[285] /home/travis/build/icyphy/ptII/ptolemy/actor/lib/test/auto/PublisherSubscriber4.xml (RunModel)" time="0.007" />
  <testcase classname="ptolemy.util.test.junit.AutoTests" name="[286] /home/travis/build/icyphy/ptII/ptolemy/actor/lib/test/auto/PublisherSubscriber5.xml (RunModel)" time="0.011" />
  <testcase classname="ptolemy.util.test.junit.AutoTests" name="[287] /home/travis/build/icyphy/ptII/ptolemy/actor/lib/test/auto/PublisherSubscriber6.xml (RunModel)" time="0.013" />
  <testcase classname="ptolemy.util.test.junit.AutoTests" name="[288] /home/travis/build/icyphy/ptII/ptolemy/actor/lib/test/auto/PublisherSubscriber7.xml (RunModel)" time="0.013" />
  <testcase classname="ptolemy.util.test.junit.AutoTests" name="[289] /home/travis/build/icyphy/ptII/ptolemy/actor/lib/test/auto/PublisherSubscriber8.xml (RunModel)" time="0.041" />
  <testcase classname="ptolemy.util.test.junit.AutoTests" name="[290] /home/travis/build/icyphy/ptII/ptolemy/actor/lib/test/auto/PublisherSubscriber9.xml (RunModel)" time="0.02" />
  <testcase classname="ptolemy.util.test.junit.AutoTests" name="[291] /home/travis/build/icyphy/ptII/ptolemy/actor/lib/test/auto/PublisherSubscriberAdjacent.xml (RunModel)" time="0.015" />
  <testcase classname="ptolemy.util.test.junit.AutoTests" name="[292] /home/travis/build/icyphy/ptII/ptolemy/actor/lib/test/auto/PublisherSubscriberChannelVariablesAOC2.xml (RunModel)" time="0.024" />
  <testcase classname="ptolemy.util.test.junit.AutoTests" name="[293] /home/travis/build/icyphy/ptII/ptolemy/actor/lib/test/auto/PublisherSubscriberD3.xml (RunModel)" time="0.016" />
  <testcase classname="ptolemy.util.test.junit.AutoTests" name="[294] /home/travis/build/icyphy/ptII/ptolemy/actor/lib/test/auto/PublisherSubscriberD3Reverse.xml (RunModel)" time="0.011" />
  <testcase classname="ptolemy.util.test.junit.AutoTests" name="[295] /home/travis/build/icyphy/ptII/ptolemy/actor/lib/test/auto/PublisherSubscriberExpression.xml (RunModel)" time="0.02" />
  <testcase classname="ptolemy.util.test.junit.AutoTests" name="[296] /home/travis/build/icyphy/ptII/ptolemy/actor/lib/test/auto/PublisherSubscriberOpaque.xml (RunModel)" time="0.015" />
  <testcase classname="ptolemy.util.test.junit.AutoTests" name="[297] /home/travis/build/icyphy/ptII/ptolemy/actor/lib/test/auto/PublisherSubscriberOpaqueD3.xml (RunModel)" time="0.02" />
  <testcase classname="ptolemy.util.test.junit.AutoTests" name="[298] /home/travis/build/icyphy/ptII/ptolemy/actor/lib/test/auto/PublisherSubscriberOpaqueD3Reverse.xml (RunModel)" time="0.017" />
  <testcase classname="ptolemy.util.test.junit.AutoTests" name="[299] /home/travis/build/icyphy/ptII/ptolemy/actor/lib/test/auto/PublisherSubscriberOpaqueWidthInference.xml (RunModel)" time="0.014" />
  <testcase classname="ptolemy.util.test.junit.AutoTests" name="[300] /home/travis/build/icyphy/ptII/ptolemy/actor/lib/test/auto/PublisherTestSubscriber.xml (RunModel)" time="0.015" />
  <testcase classname="ptolemy.util.test.junit.AutoTests" name="[301] /home/travis/build/icyphy/ptII/ptolemy/actor/lib/test/auto/PublisherToplevelSubscriberPortAOC.xml (RunModel)" time="0.01" />
  <testcase classname="ptolemy.util.test.junit.AutoTests" name="[302] /home/travis/build/icyphy/ptII/ptolemy/actor/lib/test/auto/PulseFiringLimitDE.xml (RunModel)" time="0.014" />
  <testcase classname="ptolemy.util.test.junit.AutoTests" name="[303] /home/travis/build/icyphy/ptII/ptolemy/actor/lib/test/auto/Ramp1.xml (RunModel)" time="0.007" />
  <testcase classname="ptolemy.util.test.junit.AutoTests" name="[304] /home/travis/build/icyphy/ptII/ptolemy/actor/lib/test/auto/RampFiringLimitDE.xml (RunModel)" time="0.01" />
  <testcase classname="ptolemy.util.test.junit.AutoTests" name="[305] /home/travis/build/icyphy/ptII/ptolemy/actor/lib/test/auto/RampFiringLimitSDF.xml (RunModel)" time="0.01" />
  <testcase classname="ptolemy.util.test.junit.AutoTests" name="[306] /home/travis/build/icyphy/ptII/ptolemy/actor/lib/test/auto/RandomInteger.xml (RunModel)" time="0.011" />
  <testcase classname="ptolemy.util.test.junit.AutoTests" name="[307] /home/travis/build/icyphy/ptII/ptolemy/actor/lib/test/auto/ReadFile1.xml (RunModel)" time="0.008" />
  <testcase classname="ptolemy.util.test.junit.AutoTests" name="[308] /home/travis/build/icyphy/ptII/ptolemy/actor/lib/test/auto/ReadFile2.xml (RunModel)" time="0.008" />
  <testcase classname="ptolemy.util.test.junit.AutoTests" name="[309] /home/travis/build/icyphy/ptII/ptolemy/actor/lib/test/auto/Reader.xml (RunModel)" time="0.009" />
  <testcase classname="ptolemy.util.test.junit.AutoTests" name="[310] /home/travis/build/icyphy/ptII/ptolemy/actor/lib/test/auto/RecordAssemblerDisplayNameTest.xml (RunModel)" time="2.863" />
  <testcase classname="ptolemy.util.test.junit.AutoTests" name="[311] /home/travis/build/icyphy/ptII/ptolemy/actor/lib/test/auto/RecordAssemblerTypeError.xml (RunModel)" time="0.029" />
  <testcase classname="ptolemy.util.test.junit.AutoTests" name="[312] /home/travis/build/icyphy/ptII/ptolemy/actor/lib/test/auto/RecordDisassember.xml (RunModel)" time="0.009" />
  <testcase classname="ptolemy.util.test.junit.AutoTests" name="[313] /home/travis/build/icyphy/ptII/ptolemy/actor/lib/test/auto/RecordDisassemberDisplayNameTest.xml (RunModel)" time="0.015" />
  <testcase classname="ptolemy.util.test.junit.AutoTests" name="[314] /home/travis/build/icyphy/ptII/ptolemy/actor/lib/test/auto/RecordDisassembler.xml (RunModel)" time="0.008" />
  <testcase classname="ptolemy.util.test.junit.AutoTests" name="[315] /home/travis/build/icyphy/ptII/ptolemy/actor/lib/test/auto/RecordDisassembler2.xml (RunModel)" time="0.009" />
  <testcase classname="ptolemy.util.test.junit.AutoTests" name="[316] /home/travis/build/icyphy/ptII/ptolemy/actor/lib/test/auto/RecordUpdater.xml (RunModel)" time="0.009" />
  <testcase classname="ptolemy.util.test.junit.AutoTests" name="[317] /home/travis/build/icyphy/ptII/ptolemy/actor/lib/test/auto/RecordUpdater2.xml (RunModel)" time="0.008" />
  <testcase classname="ptolemy.util.test.junit.AutoTests" name="[318] /home/travis/build/icyphy/ptII/ptolemy/actor/lib/test/auto/RecursiveLattice.xml (RunModel)" time="0.008" />
  <testcase classname="ptolemy.util.test.junit.AutoTests" name="[319] /home/travis/build/icyphy/ptII/ptolemy/actor/lib/test/auto/Router.xml (RunModel)" time="3.021" />
  <testcase classname="ptolemy.util.test.junit.AutoTests" name="[320] /home/travis/build/icyphy/ptII/ptolemy/actor/lib/test/auto/Router2.xml (RunModel)" time="3.026" />
  <testcase classname="ptolemy.util.test.junit.AutoTests" name="[321] /home/travis/build/icyphy/ptII/ptolemy/actor/lib/test/auto/RunningMaximum.xml (RunModel)" time="0.011" />
  <testcase classname="ptolemy.util.test.junit.AutoTests" name="[322] /home/travis/build/icyphy/ptII/ptolemy/actor/lib/test/auto/RunningMinimum.xml (RunModel)" time="0.01" />
  <testcase classname="ptolemy.util.test.junit.AutoTests" name="[323] /home/travis/build/icyphy/ptII/ptolemy/actor/lib/test/auto/Scale.xml (RunModel)" time="0.008" />
  <testcase classname="ptolemy.util.test.junit.AutoTests" name="[324] /home/travis/build/icyphy/ptII/ptolemy/actor/lib/test/auto/Scale2.xml (RunModel)" time="0.008" />
  <testcase classname="ptolemy.util.test.junit.AutoTests" name="[325] /home/travis/build/icyphy/ptII/ptolemy/actor/lib/test/auto/Scale3.xml (RunModel)" time="0.016" />
  <testcase classname="ptolemy.util.test.junit.AutoTests" name="[326] /home/travis/build/icyphy/ptII/ptolemy/actor/lib/test/auto/ScaleArray.xml (RunModel)" time="0.007" />
  <testcase classname="ptolemy.util.test.junit.AutoTests" name="[327] /home/travis/build/icyphy/ptII/ptolemy/actor/lib/test/auto/ScaleArray2.xml (RunModel)" time="0.008" />
  <testcase classname="ptolemy.util.test.junit.AutoTests" name="[328] /home/travis/build/icyphy/ptII/ptolemy/actor/lib/test/auto/ScaleMatrix.xml (RunModel)" time="0.129" />
  <testcase classname="ptolemy.util.test.junit.AutoTests" name="[329] /home/travis/build/icyphy/ptII/ptolemy/actor/lib/test/auto/Select.xml (RunModel)" time="0.019" />
  <testcase classname="ptolemy.util.test.junit.AutoTests" name="[330] /home/travis/build/icyphy/ptII/ptolemy/actor/lib/test/auto/Select2.xml (RunModel)" time="0.008" />
  <testcase classname="ptolemy.util.test.junit.AutoTests" name="[331] /home/travis/build/icyphy/ptII/ptolemy/actor/lib/test/auto/SequenceToArray2.xml (RunModel)" time="0.094" />
  <testcase classname="ptolemy.util.test.junit.AutoTests" name="[332] /home/travis/build/icyphy/ptII/ptolemy/actor/lib/test/auto/SequentialClock.xml (RunModel)" time="0.016" />
  <testcase classname="ptolemy.util.test.junit.AutoTests" name="[333] /home/travis/build/icyphy/ptII/ptolemy/actor/lib/test/auto/SetVariable.xml (RunModel)" time="0.014" />
  <testcase classname="ptolemy.util.test.junit.AutoTests" name="[334] /home/travis/build/icyphy/ptII/ptolemy/actor/lib/test/auto/SetVariable2.xml (RunModel)" time="0.01" />
  <testcase classname="ptolemy.util.test.junit.AutoTests" name="[335] /home/travis/build/icyphy/ptII/ptolemy/actor/lib/test/auto/SetVariable3.xml (RunModel)" time="0.015" />
  <testcase classname="ptolemy.util.test.junit.AutoTests" name="[336] /home/travis/build/icyphy/ptII/ptolemy/actor/lib/test/auto/SetVariable4.xml (RunModel)" time="0.024" />
  <testcase classname="ptolemy.util.test.junit.AutoTests" name="[337] /home/travis/build/icyphy/ptII/ptolemy/actor/lib/test/auto/SetVariable5.xml (RunModel)" time="0.033" />
  <testcase classname="ptolemy.util.test.junit.AutoTests" name="[338] /home/travis/build/icyphy/ptII/ptolemy/actor/lib/test/auto/Sinewave.xml (RunModel)" time="0.028" />
  <testcase classname="ptolemy.util.test.junit.AutoTests" name="[339] /home/travis/build/icyphy/ptII/ptolemy/actor/lib/test/auto/Sinewave2.xml (RunModel)" time="0.018" />
  <testcase classname="ptolemy.util.test.junit.AutoTests" name="[340] /home/travis/build/icyphy/ptII/ptolemy/actor/lib/test/auto/Sinewave3.xml (RunModel)" time="0.015" />
  <testcase classname="ptolemy.util.test.junit.AutoTests" name="[341] /home/travis/build/icyphy/ptII/ptolemy/actor/lib/test/auto/SingleEvent.xml (RunModel)" time="0.006" />
  <testcase classname="ptolemy.util.test.junit.AutoTests" name="[342] /home/travis/build/icyphy/ptII/ptolemy/actor/lib/test/auto/Sleep.xml (RunModel)" time="6.014" />
  <testcase classname="ptolemy.util.test.junit.AutoTests" name="[343] /home/travis/build/icyphy/ptII/ptolemy/actor/lib/test/auto/SleepMultipleFire.xml (RunModel)" time="1.015" />
  <testcase classname="ptolemy.util.test.junit.AutoTests" name="[344] /home/travis/build/icyphy/ptII/ptolemy/actor/lib/test/auto/StopDE.xml (RunModel)" time="0.012" />
  <testcase classname="ptolemy.util.test.junit.AutoTests" name="[345] /home/travis/build/icyphy/ptII/ptolemy/actor/lib/test/auto/StopSDF.xml (RunModel)" time="0.011" />
  <testcase classname="ptolemy.util.test.junit.AutoTests" name="[346] /home/travis/build/icyphy/ptII/ptolemy/actor/lib/test/auto/StringConstant.xml (RunModel)" time="0.008" />
  <testcase classname="ptolemy.util.test.junit.AutoTests" name="[347] /home/travis/build/icyphy/ptII/ptolemy/actor/lib/test/auto/SubscriberPortInitialValues1.xml (RunModel)" time="0.015" />
  <testcase classname="ptolemy.util.test.junit.AutoTests" name="[348] /home/travis/build/icyphy/ptII/ptolemy/actor/lib/test/auto/SubscriberPortInitialValues13.xml (RunModel)" time="0.021" />
  <testcase classname="ptolemy.util.test.junit.AutoTests" name="[349] /home/travis/build/icyphy/ptII/ptolemy/actor/lib/test/auto/SubscriberPortInitialValues14.xml (RunModel)" time="0.013" />
  <testcase classname="ptolemy.util.test.junit.AutoTests" name="[350] /home/travis/build/icyphy/ptII/ptolemy/actor/lib/test/auto/SubscriberPortInitialValues2.xml (RunModel)" time="0.014" />
  <testcase classname="ptolemy.util.test.junit.AutoTests" name="[351] /home/travis/build/icyphy/ptII/ptolemy/actor/lib/test/auto/SubscriberPortInitialValues3.xml (RunModel)" time="0.02" />
  <testcase classname="ptolemy.util.test.junit.AutoTests" name="[352] /home/travis/build/icyphy/ptII/ptolemy/actor/lib/test/auto/SubscriptionAggregator.xml (RunModel)" time="0.012" />
  <testcase classname="ptolemy.util.test.junit.AutoTests" name="[353] /home/travis/build/icyphy/ptII/ptolemy/actor/lib/test/auto/SubscriptionAggregator2.xml (RunModel)" time="0.011" />
  <testcase classname="ptolemy.util.test.junit.AutoTests" name="[354] /home/travis/build/icyphy/ptII/ptolemy/actor/lib/test/auto/SubscriptionAggregator3.xml (RunModel)" time="0.014" />
  <testcase classname="ptolemy.util.test.junit.AutoTests" name="[355] /home/travis/build/icyphy/ptII/ptolemy/actor/lib/test/auto/SubscriptionAggregatorMultiply.xml (RunModel)" time="0.013" />
  <testcase classname="ptolemy.util.test.junit.AutoTests" name="[356] /home/travis/build/icyphy/ptII/ptolemy/actor/lib/test/auto/SubscriptionAggregatorPortMultiply1.xml (RunModel)" time="0.012" />
  <testcase classname="ptolemy.util.test.junit.AutoTests" name="[357] /home/travis/build/icyphy/ptII/ptolemy/actor/lib/test/auto/Switch.xml (RunModel)" time="0.017" />
  <testcase classname="ptolemy.util.test.junit.AutoTests" name="[358] /home/travis/build/icyphy/ptII/ptolemy/actor/lib/test/auto/Switch2.xml (RunModel)" time="0.015" />
  <testcase classname="ptolemy.util.test.junit.AutoTests" name="[359] /home/travis/build/icyphy/ptII/ptolemy/actor/lib/test/auto/SwitchDE.xml (RunModel)" time="0.015" />
  <testcase classname="ptolemy.util.test.junit.AutoTests" name="[360] /home/travis/build/icyphy/ptII/ptolemy/actor/lib/test/auto/SynchronizerDE.xml (RunModel)" time="0.02" />
  <testcase classname="ptolemy.util.test.junit.AutoTests" name="[361] /home/travis/build/icyphy/ptII/ptolemy/actor/lib/test/auto/Test.xml (RunModel)" time="0.016" />
  <testcase classname="ptolemy.util.test.junit.AutoTests" name="[362] /home/travis/build/icyphy/ptII/ptolemy/actor/lib/test/auto/TestExceptionAttribute1.xml (RunModel)" time="0.013" />
  <testcase classname="ptolemy.util.test.junit.AutoTests" name="[363] /home/travis/build/icyphy/ptII/ptolemy/actor/lib/test/auto/TestExceptionAttribute2.xml (RunModel)" time="0.007" />
  <testcase classname="ptolemy.util.test.junit.AutoTests" name="[364] /home/travis/build/icyphy/ptII/ptolemy/actor/lib/test/auto/TestExceptionAttribute3.xml (RunModel)" time="0.006" />
  <testcase classname="ptolemy.util.test.junit.AutoTests" name="[365] /home/travis/build/icyphy/ptII/ptolemy/actor/lib/test/auto/TestExceptionAttribute4.xml (RunModel)" time="0.006" />
  <testcase classname="ptolemy.util.test.junit.AutoTests" name="[366] /home/travis/build/icyphy/ptII/ptolemy/actor/lib/test/auto/TestExceptionHandler1.xml (RunModel)" time="0.007" />
  <testcase classname="ptolemy.util.test.junit.AutoTests" name="[367] /home/travis/build/icyphy/ptII/ptolemy/actor/lib/test/auto/TestExceptionHandler2.xml (RunModel)" time="0.009" />
  <testcase classname="ptolemy.util.test.junit.AutoTests" name="[368] /home/travis/build/icyphy/ptII/ptolemy/actor/lib/test/auto/TestExceptionHandler3.xml (RunModel)" time="0.01" />
  <testcase classname="ptolemy.util.test.junit.AutoTests" name="[369] /home/travis/build/icyphy/ptII/ptolemy/actor/lib/test/auto/TestExceptionHandler4.xml (RunModel)" time="0.005" />
  <testcase classname="ptolemy.util.test.junit.AutoTests" name="[370] /home/travis/build/icyphy/ptII/ptolemy/actor/lib/test/auto/TestRequireCorrectOrder.xml (RunModel)" time="0.009" />
  <testcase classname="ptolemy.util.test.junit.AutoTests" name="[371] /home/travis/build/icyphy/ptII/ptolemy/actor/lib/test/auto/TestSimple.xml (RunModel)" time="0.006" />
  <testcase classname="ptolemy.util.test.junit.AutoTests" name="[372] /home/travis/build/icyphy/ptII/ptolemy/actor/lib/test/auto/ThrowModelError.xml (RunModel)" time="0.01" />
  <testcase classname="ptolemy.util.test.junit.AutoTests" name="[373] /home/travis/build/icyphy/ptII/ptolemy/actor/lib/test/auto/TimeDelayMicrosteps.xml (RunModel)" time="0.012" />
  <testcase classname="ptolemy.util.test.junit.AutoTests" name="[374] /home/travis/build/icyphy/ptII/ptolemy/actor/lib/test/auto/TimeDelayMicrosteps2.xml (RunModel)" time="0.014" />
  <testcase classname="ptolemy.util.test.junit.AutoTests" name="[375] /home/travis/build/icyphy/ptII/ptolemy/actor/lib/test/auto/TimeDelayMicrosteps3.xml (RunModel)" time="0.012" />
  <testcase classname="ptolemy.util.test.junit.AutoTests" name="[376] /home/travis/build/icyphy/ptII/ptolemy/actor/lib/test/auto/TimeDelayVariableMicrosteps.xml (RunModel)" time="0.012" />
  <testcase classname="ptolemy.util.test.junit.AutoTests" name="[377] /home/travis/build/icyphy/ptII/ptolemy/actor/lib/test/auto/TimeGap.xml (RunModel)" time="0.018" />
  <testcase classname="ptolemy.util.test.junit.AutoTests" name="[378] /home/travis/build/icyphy/ptII/ptolemy/actor/lib/test/auto/TimeGap2.xml (RunModel)" time="0.019" />
  <testcase classname="ptolemy.util.test.junit.AutoTests" name="[379] /home/travis/build/icyphy/ptII/ptolemy/actor/lib/test/auto/TimedSinewave.xml (RunModel)" time="0.055" />
  <testcase classname="ptolemy.util.test.junit.AutoTests" name="[380] /home/travis/build/icyphy/ptII/ptolemy/actor/lib/test/auto/TimedSinewavePhase.xml (RunModel)" time="0.026" />
  <testcase classname="ptolemy.util.test.junit.AutoTests" name="[381] /home/travis/build/icyphy/ptII/ptolemy/actor/lib/test/auto/Timer.xml (RunModel)" time="0.012" />
  <testcase classname="ptolemy.util.test.junit.AutoTests" name="[382] /home/travis/build/icyphy/ptII/ptolemy/actor/lib/test/auto/TriangularDistTestModel.xml (RunModel)" time="0.018" />
  <testcase classname="ptolemy.util.test.junit.AutoTests" name="[383] /home/travis/build/icyphy/ptII/ptolemy/actor/lib/test/auto/TrigFunction.xml (RunModel)" time="0.009" />
  <testcase classname="ptolemy.util.test.junit.AutoTests" name="[384] /home/travis/build/icyphy/ptII/ptolemy/actor/lib/test/auto/TrigFunctionDE.xml (RunModel)" time="0.011" />
  <testcase classname="ptolemy.util.test.junit.AutoTests" name="[385] /home/travis/build/icyphy/ptII/ptolemy/actor/lib/test/auto/TrigFunctionInverse.xml (RunModel)" time="0.009" />
  <testcase classname="ptolemy.util.test.junit.AutoTests" name="[386] /home/travis/build/icyphy/ptII/ptolemy/actor/lib/test/auto/TrigFunctionTan.xml (RunModel)" time="0.006" />
  <testcase classname="ptolemy.util.test.junit.AutoTests" name="[387] /home/travis/build/icyphy/ptII/ptolemy/actor/lib/test/auto/TriggeredClock.xml (RunModel)" time="0.007" />
  <testcase classname="ptolemy.util.test.junit.AutoTests" name="[388] /home/travis/build/icyphy/ptII/ptolemy/actor/lib/test/auto/URLDirectoryReader.xml (RunModel)" time="0.102" />
  <testcase classname="ptolemy.util.test.junit.AutoTests" name="[389] /home/travis/build/icyphy/ptII/ptolemy/actor/lib/test/auto/URLDirectoryReader3.xml (RunModel)" time="1.424" />
  <testcase classname="ptolemy.util.test.junit.AutoTests" name="[390] /home/travis/build/icyphy/ptII/ptolemy/actor/lib/test/auto/UnaryMathFunction.xml (RunModel)" time="0.018" />
  <testcase classname="ptolemy.util.test.junit.AutoTests" name="[391] /home/travis/build/icyphy/ptII/ptolemy/actor/lib/test/auto/Uniform.xml (RunModel)" time="0.029" />
  <testcase classname="ptolemy.util.test.junit.AutoTests" name="[392] /home/travis/build/icyphy/ptII/ptolemy/actor/lib/test/auto/UnionDisassemblerTest.xml (RunModel)" time="0.026" />
  <testcase classname="ptolemy.util.test.junit.AutoTests" name="[393] /home/travis/build/icyphy/ptII/ptolemy/actor/lib/test/auto/UtilityFunctions.xml (RunModel)" time="0.034" />
  <testcase classname="ptolemy.util.test.junit.AutoTests" name="[394] /home/travis/build/icyphy/ptII/ptolemy/actor/lib/test/auto/VariableSleep.xml (RunModel)" time="0.534" />
  <testcase classname="ptolemy.util.test.junit.AutoTests" name="[395] /home/travis/build/icyphy/ptII/ptolemy/actor/lib/test/auto/VectorAssemblerDisassemblerCT.xml (RunModel)" time="0.11" />
  <testcase classname="ptolemy.util.test.junit.AutoTests" name="[396] /home/travis/build/icyphy/ptII/ptolemy/actor/lib/test/auto/VectorAssemblerDisassemblerDE.xml (RunModel)" time="0.018" />
  <testcase classname="ptolemy.util.test.junit.AutoTests" name="[397] /home/travis/build/icyphy/ptII/ptolemy/actor/lib/test/auto/VectorAssemblerDisassemblerSDF.xml (RunModel)" time="0.012" />
  <testcase classname="ptolemy.util.test.junit.AutoTests" name="[398] /home/travis/build/icyphy/ptII/ptolemy/actor/lib/test/auto/WallClockTime.xml (RunModel)" time="1.013" />
  <testcase classname="ptolemy.util.test.junit.AutoTests" name="[399] /home/travis/build/icyphy/ptII/ptolemy/actor/lib/test/auto/WidthTestWithSubscriberPublisher.xml (RunModel)" time="0.036" />
  <testcase classname="ptolemy.util.test.junit.AutoTests" name="[400] /home/travis/build/icyphy/ptII/ptolemy/actor/lib/test/auto/WidthTestWithSubscriberPublisher2.xml (RunModel)" time="0.016" />
  <testcase classname="ptolemy.util.test.junit.AutoTests" name="[401] /home/travis/build/icyphy/ptII/ptolemy/actor/lib/test/auto/WidthTestWithSubscriberPublisher3.xml (RunModel)" time="0.019" />
  <testcase classname="ptolemy.util.test.junit.AutoTests" name="[402] /home/travis/build/icyphy/ptII/ptolemy/actor/lib/test/auto/Writer.xml (RunModel)" time="0.009" />
  <testcase classname="ptolemy.util.test.junit.AutoTests" name="[403] /home/travis/build/icyphy/ptII/ptolemy/actor/lib/test/auto/array.xml (RunModel)" time="0.012" />
  <testcase classname="ptolemy.util.test.junit.AutoTests" name="[404] /home/travis/build/icyphy/ptII/ptolemy/actor/lib/test/auto/array2.xml (RunModel)" time="0.015" />
  <testcase classname="ptolemy.util.test.junit.AutoTests" name="[405] /home/travis/build/icyphy/ptII/ptolemy/actor/lib/test/auto/arrayType.xml (RunModel)" time="0.014" />
  <testcase classname="ptolemy.util.test.junit.AutoTests" name="[406] /home/travis/build/icyphy/ptII/ptolemy/actor/lib/test/auto/arrayType10.xml (RunModel)" time="0.008" />
  <testcase classname="ptolemy.util.test.junit.AutoTests" name="[407] /home/travis/build/icyphy/ptII/ptolemy/actor/lib/test/auto/arrayType11.xml (RunModel)" time="0.009" />
  <testcase classname="ptolemy.util.test.junit.AutoTests" name="[408] /home/travis/build/icyphy/ptII/ptolemy/actor/lib/test/auto/arrayType12.xml (RunModel)" time="0.009" />
  <testcase classname="ptolemy.util.test.junit.AutoTests" name="[409] /home/travis/build/icyphy/ptII/ptolemy/actor/lib/test/auto/arrayType13.xml (RunModel)" time="0.008" />
  <testcase classname="ptolemy.util.test.junit.AutoTests" name="[410] /home/travis/build/icyphy/ptII/ptolemy/actor/lib/test/auto/arrayType14.xml (RunModel)" time="0.009" />
  <testcase classname="ptolemy.util.test.junit.AutoTests" name="[411] /home/travis/build/icyphy/ptII/ptolemy/actor/lib/test/auto/arrayType15.xml (RunModel)" time="0.009" />
  <testcase classname="ptolemy.util.test.junit.AutoTests" name="[412] /home/travis/build/icyphy/ptII/ptolemy/actor/lib/test/auto/arrayType16.xml (RunModel)" time="0.008" />
  <testcase classname="ptolemy.util.test.junit.AutoTests" name="[413] /home/travis/build/icyphy/ptII/ptolemy/actor/lib/test/auto/arrayType17.xml (RunModel)" time="0.009" />
  <testcase classname="ptolemy.util.test.junit.AutoTests" name="[414] /home/travis/build/icyphy/ptII/ptolemy/actor/lib/test/auto/arrayType18.xml (RunModel)" time="0.008" />
  <testcase classname="ptolemy.util.test.junit.AutoTests" name="[415] /home/travis/build/icyphy/ptII/ptolemy/actor/lib/test/auto/arrayType19.xml (RunModel)" time="0.008" />
  <testcase classname="ptolemy.util.test.junit.AutoTests" name="[416] /home/travis/build/icyphy/ptII/ptolemy/actor/lib/test/auto/arrayType2.xml (RunModel)" time="0.014" />
  <testcase classname="ptolemy.util.test.junit.AutoTests" name="[417] /home/travis/build/icyphy/ptII/ptolemy/actor/lib/test/auto/arrayType20.xml (RunModel)" time="0.008" />
  <testcase classname="ptolemy.util.test.junit.AutoTests" name="[418] /home/travis/build/icyphy/ptII/ptolemy/actor/lib/test/auto/arrayType21.xml (RunModel)" time="0.009" />
  <testcase classname="ptolemy.util.test.junit.AutoTests" name="[419] /home/travis/build/icyphy/ptII/ptolemy/actor/lib/test/auto/arrayType22.xml (RunModel)" time="0.011" />
  <testcase classname="ptolemy.util.test.junit.AutoTests" name="[420] /home/travis/build/icyphy/ptII/ptolemy/actor/lib/test/auto/arrayType23.xml (RunModel)" time="0.01" />
  <testcase classname="ptolemy.util.test.junit.AutoTests" name="[421] /home/travis/build/icyphy/ptII/ptolemy/actor/lib/test/auto/arrayType24.xml (RunModel)" time="0.034" />
  <testcase classname="ptolemy.util.test.junit.AutoTests" name="[422] /home/travis/build/icyphy/ptII/ptolemy/actor/lib/test/auto/arrayType25.xml (RunModel)" time="0.012" />
  <testcase classname="ptolemy.util.test.junit.AutoTests" name="[423] /home/travis/build/icyphy/ptII/ptolemy/actor/lib/test/auto/arrayType26.xml (RunModel)" time="0.009" />
  <testcase classname="ptolemy.util.test.junit.AutoTests" name="[424] /home/travis/build/icyphy/ptII/ptolemy/actor/lib/test/auto/arrayType27.xml (RunModel)" time="0.009" />
  <testcase classname="ptolemy.util.test.junit.AutoTests" name="[425] /home/travis/build/icyphy/ptII/ptolemy/actor/lib/test/auto/arrayType28.xml (RunModel)" time="0.008" />
  <testcase classname="ptolemy.util.test.junit.AutoTests" name="[426] /home/travis/build/icyphy/ptII/ptolemy/actor/lib/test/auto/arrayType3.xml (RunModel)" time="0.007" />
  <testcase classname="ptolemy.util.test.junit.AutoTests" name="[427] /home/travis/build/icyphy/ptII/ptolemy/actor/lib/test/auto/arrayType4.xml (RunModel)" time="0.007" />
  <testcase classname="ptolemy.util.test.junit.AutoTests" name="[428] /home/travis/build/icyphy/ptII/ptolemy/actor/lib/test/auto/arrayType5.xml (RunModel)" time="0.008" />
  <testcase classname="ptolemy.util.test.junit.AutoTests" name="[429] /home/travis/build/icyphy/ptII/ptolemy/actor/lib/test/auto/arrayType6.xml (RunModel)" time="0.007" />
  <testcase classname="ptolemy.util.test.junit.AutoTests" name="[430] /home/travis/build/icyphy/ptII/ptolemy/actor/lib/test/auto/arrayType7.xml (RunModel)" time="0.007" />
  <testcase classname="ptolemy.util.test.junit.AutoTests" name="[431] /home/travis/build/icyphy/ptII/ptolemy/actor/lib/test/auto/arrayType8.xml (RunModel)" time="0.021" />
  <testcase classname="ptolemy.util.test.junit.AutoTests" name="[432] /home/travis/build/icyphy/ptII/ptolemy/actor/lib/test/auto/arrayType9.xml (RunModel)" time="0.008" />
  <testcase classname="ptolemy.util.test.junit.AutoTests" name="[433] /home/travis/build/icyphy/ptII/ptolemy/actor/lib/test/auto/cast.xml (RunModel)" time="0.008" />
  <testcase classname="ptolemy.util.test.junit.AutoTests" name="[434] /home/travis/build/icyphy/ptII/ptolemy/actor/lib/test/auto/compositeMultiPort.xml (RunModel)" time="0.014" />
  <testcase classname="ptolemy.util.test.junit.AutoTests" name="[435] /home/travis/build/icyphy/ptII/ptolemy/actor/lib/test/auto/expressionCastInference.xml (RunModel)" time="0.008" />
  <testcase classname="ptolemy.util.test.junit.AutoTests" name="[436] /home/travis/build/icyphy/ptII/ptolemy/actor/lib/test/auto/expressionCastInference2.xml (RunModel)" time="0.007" />
  <testcase classname="ptolemy.util.test.junit.AutoTests" name="[437] /home/travis/build/icyphy/ptII/ptolemy/actor/lib/test/auto/expressionInference.xml (RunModel)" time="0.005" />
  <testcase classname="ptolemy.util.test.junit.AutoTests" name="[438] /home/travis/build/icyphy/ptII/ptolemy/actor/lib/test/auto/expression_bug.xml (RunModel)" time="0.006" />
  <testcase classname="ptolemy.util.test.junit.AutoTests" name="[439] /home/travis/build/icyphy/ptII/ptolemy/actor/lib/test/auto/factorial.xml (RunModel)" time="0.049" />
  <testcase classname="ptolemy.util.test.junit.AutoTests" name="[440] /home/travis/build/icyphy/ptII/ptolemy/actor/lib/test/auto/filterTest1.xml (RunModel)" time="0.011" />
  <testcase classname="ptolemy.util.test.junit.AutoTests" name="[441] /home/travis/build/icyphy/ptII/ptolemy/actor/lib/test/auto/funcApplyInConst.xml (RunModel)" time="0.005" />
  <testcase classname="ptolemy.util.test.junit.AutoTests" name="[442] /home/travis/build/icyphy/ptII/ptolemy/actor/lib/test/auto/funcApplyInExpr.xml (RunModel)" time="0.006" />
  <testcase classname="ptolemy.util.test.junit.AutoTests" name="[443] /home/travis/build/icyphy/ptII/ptolemy/actor/lib/test/auto/function.xml (RunModel)" time="0.009" />
  <testcase classname="ptolemy.util.test.junit.AutoTests" name="[444] /home/travis/build/icyphy/ptII/ptolemy/actor/lib/test/auto/function2.xml (RunModel)" time="0.01" />
  <testcase classname="ptolemy.util.test.junit.AutoTests" name="[445] /home/travis/build/icyphy/ptII/ptolemy/actor/lib/test/auto/function3.xml (RunModel)" time="0.006" />
  <testcase classname="ptolemy.util.test.junit.AutoTests" name="[446] /home/travis/build/icyphy/ptII/ptolemy/actor/lib/test/auto/functionClosureTest1.xml (RunModel)" time="0.009" />
  <testcase classname="ptolemy.util.test.junit.AutoTests" name="[447] /home/travis/build/icyphy/ptII/ptolemy/actor/lib/test/auto/functionClosureTest2.xml (RunModel)" time="0.006" />
  <testcase classname="ptolemy.util.test.junit.AutoTests" name="[448] /home/travis/build/icyphy/ptII/ptolemy/actor/lib/test/auto/functionClosureTest3.xml (RunModel)" time="0.008" />
  <testcase classname="ptolemy.util.test.junit.AutoTests" name="[449] /home/travis/build/icyphy/ptII/ptolemy/actor/lib/test/auto/functionClosureTest4.xml (RunModel)" time="0.013" />
  <testcase classname="ptolemy.util.test.junit.AutoTests" name="[450] /home/travis/build/icyphy/ptII/ptolemy/actor/lib/test/auto/functionClosureTest5.xml (RunModel)" time="0.013" />
  <testcase classname="ptolemy.util.test.junit.AutoTests" name="[451] /home/travis/build/icyphy/ptII/ptolemy/actor/lib/test/auto/functionClosureTest6.xml (RunModel)" time="0.007" />
  <testcase classname="ptolemy.util.test.junit.AutoTests" name="[452] /home/travis/build/icyphy/ptII/ptolemy/actor/lib/test/auto/functionsOnArcs.xml (RunModel)" time="0.008" />
  <testcase classname="ptolemy.util.test.junit.AutoTests" name="[453] /home/travis/build/icyphy/ptII/ptolemy/actor/lib/test/auto/functionsOnArcsHOF.xml (RunModel)" time="0.013" />
  <testcase classname="ptolemy.util.test.junit.AutoTests" name="[454] /home/travis/build/icyphy/ptII/ptolemy/actor/lib/test/auto/logic.xml (RunModel)" time="0.016" />
  <testcase classname="ptolemy.util.test.junit.AutoTests" name="[455] /home/travis/build/icyphy/ptII/ptolemy/actor/lib/test/auto/matrixType.xml (RunModel)" time="0.009" />
  <testcase classname="ptolemy.util.test.junit.AutoTests" name="[456] /home/travis/build/icyphy/ptII/ptolemy/actor/lib/test/auto/matrixType10.xml (RunModel)" time="0.008" />
  <testcase classname="ptolemy.util.test.junit.AutoTests" name="[457] /home/travis/build/icyphy/ptII/ptolemy/actor/lib/test/auto/matrixType11.xml (RunModel)" time="0.008" />
  <testcase classname="ptolemy.util.test.junit.AutoTests" name="[458] /home/travis/build/icyphy/ptII/ptolemy/actor/lib/test/auto/matrixType12.xml (RunModel)" time="0.009" />
  <testcase classname="ptolemy.util.test.junit.AutoTests" name="[459] /home/travis/build/icyphy/ptII/ptolemy/actor/lib/test/auto/matrixType13.xml (RunModel)" time="0.008" />
  <testcase classname="ptolemy.util.test.junit.AutoTests" name="[460] /home/travis/build/icyphy/ptII/ptolemy/actor/lib/test/auto/matrixType14.xml (RunModel)" time="0.008" />
  <testcase classname="ptolemy.util.test.junit.AutoTests" name="[461] /home/travis/build/icyphy/ptII/ptolemy/actor/lib/test/auto/matrixType2.xml (RunModel)" time="0.008" />
  <testcase classname="ptolemy.util.test.junit.AutoTests" name="[462] /home/travis/build/icyphy/ptII/ptolemy/actor/lib/test/auto/matrixType3.xml (RunModel)" time="0.009" />
  <testcase classname="ptolemy.util.test.junit.AutoTests" name="[463] /home/travis/build/icyphy/ptII/ptolemy/actor/lib/test/auto/matrixType4.xml (RunModel)" time="0.007" />
  <testcase classname="ptolemy.util.test.junit.AutoTests" name="[464] /home/travis/build/icyphy/ptII/ptolemy/actor/lib/test/auto/matrixType5.xml (RunModel)" time="0.007" />
  <testcase classname="ptolemy.util.test.junit.AutoTests" name="[465] /home/travis/build/icyphy/ptII/ptolemy/actor/lib/test/auto/matrixType6.xml (RunModel)" time="0.007" />
  <testcase classname="ptolemy.util.test.junit.AutoTests" name="[466] /home/travis/build/icyphy/ptII/ptolemy/actor/lib/test/auto/matrixType7.xml (RunModel)" time="0.007" />
  <testcase classname="ptolemy.util.test.junit.AutoTests" name="[467] /home/travis/build/icyphy/ptII/ptolemy/actor/lib/test/auto/matrixType8.xml (RunModel)" time="0.008" />
  <testcase classname="ptolemy.util.test.junit.AutoTests" name="[468] /home/travis/build/icyphy/ptII/ptolemy/actor/lib/test/auto/matrixType9.xml (RunModel)" time="0.006" />
  <testcase classname="ptolemy.util.test.junit.AutoTests" name="[469] /home/travis/build/icyphy/ptII/ptolemy/actor/lib/test/auto/paraFunctest.xml (RunModel)" time="0.008" />
  <testcase classname="ptolemy.util.test.junit.AutoTests" name="[470] /home/travis/build/icyphy/ptII/ptolemy/actor/lib/test/auto/paraFunctest2.xml (RunModel)" time="0.009" />
  <testcase classname="ptolemy.util.test.junit.AutoTests" name="[471] /home/travis/build/icyphy/ptII/ptolemy/actor/lib/test/auto/parameterPassing.xml (RunModel)" time="0.007" />
  <testcase classname="ptolemy.util.test.junit.AutoTests" name="[472] /home/travis/build/icyphy/ptII/ptolemy/actor/lib/test/auto/record.xml (RunModel)" time="0.011" />
  <testcase classname="ptolemy.util.test.junit.AutoTests" name="[473] /home/travis/build/icyphy/ptII/ptolemy/actor/lib/test/auto/sizedarray1.xml (RunModel)" time="0.008" />
  <testcase classname="ptolemy.util.test.junit.AutoTests" name="[474] /home/travis/build/icyphy/ptII/ptolemy/actor/lib/test/auto/sizedarray2.xml (RunModel)" time="0.009" />
  <testcase classname="ptolemy.util.test.junit.AutoTests" name="[475] /home/travis/build/icyphy/ptII/ptolemy/actor/lib/test/auto/twoPublishers.xml (RunModel)" time="0.023" />
  <system-out><![CDATA[/home/travis/build/icyphy/ptII/ptolemy/actor/lib/test/AbsoluteValue.tcl
testDefs.tcl: setting time out to 9000 seconds at Sun Feb 10 03:29:44 UTC 2019
72 ms. Memory: 116224K Free: 109650K (94%)
5 ms. Memory: 116224K Free: 108462K (93%)
17 ms. Memory: 116224K Free: 107861K (93%)
10 ms. Memory: 116224K Free: 106666K (92%)
/home/travis/build/icyphy/ptII/ptolemy/actor/lib/test/AddSubtract.tcl
15 ms. Memory: 116224K Free: 104845K (90%)
5 ms. Memory: 116224K Free: 104212K (90%)
10 ms. Memory: 116224K Free: 103024K (89%)
5 ms. Memory: 116224K Free: 102431K (88%)
5 ms. Memory: 116224K Free: 101829K (88%)
4 ms. Memory: 116224K Free: 101196K (87%)
/home/travis/build/icyphy/ptII/ptolemy/actor/lib/test/Average.tcl
15 ms. Memory: 116224K Free: 99375K (86%)
5 ms. Memory: 116224K Free: 98148K (84%)
/home/travis/build/icyphy/ptII/ptolemy/actor/lib/test/Bernoulli.tcl
8 ms. Memory: 116224K Free: 96352K (83%)
1 ms. Memory: 116224K Free: 95758K (82%)
/home/travis/build/icyphy/ptII/ptolemy/actor/lib/test/Clock.tcl
preinitializing
resolving types
initializing
executing number 1
wrapping up
idle
17 ms. Memory: 116224K Free: 93946K (81%)
Completed execution with 5 iterations
preinitializing
resolving types
initializing
executing number 1
wrapping up
idle
7 ms. Memory: 116224K Free: 92743K (80%)
Completed execution with 5 iterations
preinitializing
resolving types
initializing
executing number 1
wrapping up
idle
12 ms. Memory: 116224K Free: 92133K (79%)
Completed execution with 5 iterations
/home/travis/build/icyphy/ptII/ptolemy/actor/lib/test/Commutator.tcl
5 ms. Memory: 116224K Free: 90336K (78%)
5 ms. Memory: 116224K Free: 89133K (77%)
16 ms. Memory: 116224K Free: 84923K (73%)
/home/travis/build/icyphy/ptII/ptolemy/actor/lib/test/Const.tcl
3 ms. Memory: 116224K Free: 83107K (72%)
12 ms. Memory: 116224K Free: 82514K (71%)
9 ms. Memory: 116224K Free: 81920K (70%)
1 ms. Memory: 116224K Free: 81327K (70%)
16 ms. Memory: 116224K Free: 110934K (95%)
11 ms. Memory: 116224K Free: 109734K (94%)
4 ms. Memory: 116224K Free: 108318K (93%)
2 ms. Memory: 116224K Free: 107085K (92%)
/home/travis/build/icyphy/ptII/ptolemy/actor/lib/test/CurrentTime.tcl
preinitializing
resolving types
initializing
executing number 1
wrapping up
idle
6 ms. Memory: 116224K Free: 105253K (91%)
Completed execution with 11 iterations
/home/travis/build/icyphy/ptII/ptolemy/actor/lib/test/DB.tcl
3 ms. Memory: 116224K Free: 103420K (89%)
1 ms. Memory: 116224K Free: 102812K (88%)
2 ms. Memory: 116224K Free: 102812K (88%)
/home/travis/build/icyphy/ptII/ptolemy/actor/lib/test/DiscreteRandomSource.tcl
preinitializing
resolving types
initializing
executing number 1
wrapping up
idle
10 ms. Memory: 116224K Free: 100996K (87%)
Completed execution with 4 iterations
preinitializing
resolving types
initializing
executing number 1
wrapping up
idle
2 ms. Memory: 116224K Free: 100395K (86%)
Completed execution with 4 iterations
preinitializing
resolving types
initializing
executing number 1
wrapping up
idle
2 ms. Memory: 116224K Free: 100395K (86%)
Completed execution with 4 iterations
preinitializing
resolving types
initializing
executing number 1
wrapping up
idle
2 ms. Memory: 116224K Free: 99763K (86%)
Completed execution with 4 iterations
preinitializing
resolving types
initializing
executing number 1
wrapping up
idle
8 ms. Memory: 116224K Free: 99163K (85%)
Completed execution with 4 iterations
/home/travis/build/icyphy/ptII/ptolemy/actor/lib/test/Distributor.tcl
12 ms. Memory: 116224K Free: 97363K (84%)
3 ms. Memory: 116224K Free: 96763K (83%)
StreamChangeRequest.changeExecuted(): <deleteEntity name="rec2"/> succeeded
StreamChangeRequest.changeExecuted(): <deleteRelation name="r2"/> succeeded
StreamChangeRequest.changeExecuted(): Record firings per iteration succeeded
4 ms. Memory: 116224K Free: 94314K (81%)
/home/travis/build/icyphy/ptII/ptolemy/actor/lib/test/Exit.tcl
Exit.tcl: this will print a message about Manager.exitAfterWrapup, which can be ignored.
5 ms. Memory: 116224K Free: 91267K (79%)
/home/travis/build/icyphy/ptII/ptolemy/actor/lib/test/Expression.tcl
5 ms. Memory: 116224K Free: 88852K (76%)
12 ms. Memory: 116224K Free: 88236K (76%)
3 ms. Memory: 116224K Free: 87035K (75%)
preinitializing
resolving types
initializing
executing number 1
wrapping up
idle
5 ms. Memory: 116224K Free: 85803K (74%)
Completed execution with 6 iterations
3 ms. Memory: 116224K Free: 84587K (73%)
3 ms. Memory: 116224K Free: 83987K (72%)
5 ms. Memory: 116224K Free: 82140K (71%)
13 ms. Memory: 116224K Free: 110798K (95%)
4 ms. Memory: 116224K Free: 109601K (94%)
/home/travis/build/icyphy/ptII/ptolemy/actor/lib/test/Gaussian.tcl
7 ms. Memory: 116224K Free: 107699K (93%)
sleeping 1 seconds: .......................................................................................................................................................................................................................................................................................................................................................................................................................................................................................................................................................................................................................................................................................................................................................................................................................................................................................................................................................................................................................................................................................................................................................................................................................................................................................................................................................................................................................................................................................................................................................................................................................................................................................................................................................................................................................................................................................................................................................................................................................................................................................................................................................................................................................................................................................................................................................................................................................................................................................................................................................................................................................................................................................................................................................................................................................................................................................................................................................................................................................................................................................................................................................................................................................................................................................................................................................................................................................................................................................................................................................................................................................................................................................................................................................................................................................................................................................................................................................................................................................................................................................................................................................................................................................................................................................................................................................................................................................................................................................................................................................................................................................................................................................................................................................................................................................................................................................................................................................................................................................................................................................................................................................................................................................................................................................................................................................................................................................................................................................................................................................................................................................................................................................................................................................................................................................................................................................................................................................................................................................................................................................................................................................................................................................................................................................................................................................................................................................................................................................................................................................................................................................................................................................................................................................................................................................................................................................................................................................................................................................................................................................................................................................................................................................................................................................................................................................................................................................................................................................................................................................................................................................................................................................................................................................................................................................................................................................................................................................................................................................................................................................................................................................................................................................................................................................................................................................................................................................................................................................................................................................................................................................................................................................................................................................................................................................................................................................................................................................................................................................................................................................................................................................................................................................................................................................................................................................................................................................................................................................................................................................................................................................................................................................................................................................................................................................................................................................................................................................................................................................................................................................................................................................................................................................................................................................................................................................................................................................................................................................................................................................................................................................................................................................................................................................................................................................................................................................................................................................................................................................................................................................................................................................................................................................................................................................................................................................................................................................................................................................................................................................................................................................................................................................................................................................................................................................................................................................................................................................................................................................................................................................................................................................................................................................................................................................................................................................................................................................................................................................................................................................................................................................................................................................................................................................................................................................................................................................................................................................................................................................................................................................................................................................................................................................................................................................................................................................................................................................................................................................................................................................................................................................................................................................................................................................................................................................................................................................................................................................................................................................................................................................................................................................................................................................................................................................................................................................................................................................................................................................................................................................................................................................................................................................................................................................................................................................................................................................................................................................................................................................................................................................................................................................................................................................................................................................................................................................................................................................................................................................................................................................................................................................................................................................................................................................................................................................................................................................................................................................................................................................................................................................................................................................................................................................................................................................................................................................................................................................................................................................................................................................................................................................................................................................................................................................................................................................................................................................................................................................................................................................................................................................................................................................................................................................................................................................................................................................................................................................................................................................................................................................................................................................................................................................................................................................................................................................................................................................................................................................................................................................................................................................................................................................................................................................................................................................................................................................................................................................................................................................................................................................................................................................................................................................................................................................................................................................................................................................................................................................................................................................................................................................................................................................................................................................................................................................................................................................................................................................................................................................................................................................................................................................................................................................................................................................................................................................................................................................................................................................................................................................................................................................................................................................................................................................................................................................................................................................................................................................................................................................................................................................................................................................................................................................................................................................................................................................................................................................................................................................................................................................................................................................................................................................................................................................................................................................................................................................................................................................................................................................................................................................................................................................................................................................................................................................................................................................................................................................................................................................................................................................................................................................................................................................................................................................................................................................................................................................................................................................................................................................................................................................................................................................................................................................................................................................................................................................................................................................................................................................................................................................................................................................................................................................................................................................................................................................................................................................................................................................................................................................................................................................................................................................................................................................................................................................................................................................................................................................................................................................................................................................................................................................................................................................................................................................................................................................................................................................................................................................................................................................................................................................................................................................................................................................................................................................................................................................................................................................................................................................................................................................................................................................................................................................................................................................................................................................................................................................................................................................................................................................................................................................................................................................................................................................................................................................................................................................................................................................................................................................................................................................................................................................................................................................................................................................................................................................................................................................................................................................................................................................................................................................................................................................................................................................................................................................................................................................................................................................................................................................................................................................................................................................................................................................................................................................................................................................................................................................................................................................................................................................................................................................................................................................................................................................................................................................................................................................................................................................................................................................................................................................................................................................................................................................................................................................................................................................................................................................................................................................................................................................................................................................................................................................................................................................................................................................................................................................................................................................................................................................................................................................................................................................................................................................................................................................................................................................................................................................................................................................................................................................................................................................................................................................................................................................................................................................................................................................................................................................................................................................................................................................................................................................................................................................................................................................................................................................................................................................................................................................................................................................................................................................................................................................................................................................................................................................................................................................................................................................................................................................................................................................................................................................................................................................................................................................................................................................................................................................................................................................................................................................................................................................................................................................................................................................................................................................................................................................................................................................................................................................................................................................................................................................................................................................................................................................................................................................................................................................................................................................................................................................................................................................................................................................................................................................................................................................................................................................................................................................................................................................................................................................................................................................................................................................................................................................................................................................................................................................................................................................................................................................................................................................................................................................................................................................................................................................................................................................................................................................................................................................................................................................................................................................................................................................................................................................................................................................................................................................................................................................................................................................................................................................................................................................................................................................................................................................................................................................................................................................................................................................................................................................................................................................................................................................................................................................................................................................................................................................................................................................................................................................................................................................................................................................................................................................................................................................................................................................................................................................................................................................................................................................................................................................................................................................................................................................................................................................................................................................................................................................................................................................................................................................................................................................................................................................................................................................................................................................................................................................................................................................................................................................................................................................................................................................................................................................................................................................................................................................................................................................................................................................................................................................................................................................................................................................................................................................................................................................................................................................................................................................................................................................................................................................................................................................................................................................................................................................................................................................................................................................................................................................................................................................................................................................................................................................................................................................................................................................................................................................................................................................................................................................................................................................................................................................................................................................................................................................................................................................................................................................................................................................................................................................................................................................................................................................................................................................................................................................................................................................................................................................................................................................................................................................................................................................................................................................................................................................................................................................................................................................................................................................................................................................................................................................................................................................................................................................................................................................................................................................................................................................................................................................................................................................................................................................................................................................................................................................................................................................................................................................................................................................................................................................................................................................................................................................................................................................................................................................................................................................................................................................................................................................................................................................................................................................................................................................................................................................................................................................................................................................................................................................................................................................................................................................................................................................................................................................................................................................................................................................................................................................................................................................................................................................................................................................................................................................................................................................................................................................................................................................................................................................................................................................................................................................................................................................................................................................................................................................................................................................................................................................................................................................................................................................................................................................................................................................................................................................................................................................................................................................................................................................................................................................................................................................................................................................................................................................................................................................................................................................................................................................................................................................................................................................................................................................................................................................................................................................................................................................................................................................................................................................................................................................................................................................................................................................................................................................................................................................................................................................................................................................................................................................................................................................................................................................................................................................................................................................................................................................................................................................................................................................................................................................................................................................................................................................................................................................................................................................................................................................................................................................................................................................................................................................................................................................................................................................................................................................................................................................................................................................................................................................................................................................................................................................................................................................................................................................................................................................................................................................................................................................................................................................................................................................................................................................................................................................................................................................................................................................................................................................................................................................................................................................................................................................................................................................................................................................................................................................................................................................................................................................................................................................................................................................................................................................................................................................................................................................................................................................................................................................................................................................................................................................................................................................................................................................................................................................................................................................................................................................................................................................................................................................................................................................................................................................................................................................................................................................................................................................................................................................................................................................................................................................................................................................................................................................................................................................................................................................................................................................................................................................................................................................................................................................................................................................................................................................................................................................................................................................................................................................................................................................................................................................................................................................................................................................................................................................................................................................................................................................................................................................................................................................................................................................................................................................................................................................................................................................................................................................................................................................................................................................................................................................................................................................................................................................................................................................................................................................................................................................................................................................................................................................................................................................................................................................................................................................................................................................................................................................................................................................................................................................................................................................................................................................................................................................................................................................................................................................................................................................................................................................................................................................................................................................................................................................................................................................................................................................................................................................................................................................................................................................................................................................................................................................................................................................................................................................................................................................................................................................................................................................................................................................................................................................................................................................................................................................................................................................................................................................................................................................................................................................................................................................................................................................................................................................................................................................................................................................................................................................................................................................................................................................................................................................................................................................................................................................................................................................................................................................................................................................................................................................................................................................................................................................................................................................................................................................................................................................................................................................................................................................................................................................................................................................................................................................................................................................................................................................................................................................................................................................................................................................................................................................................................................................................................................................................................................................................................................................................................................................................................................................................................................................................................................................................................................................................................................................................................................................................................................................................................................................................................................................................................................................................................................................................................................................................................................................................................................................................................................................................................................................................................................................................................................................................................................................................................................................................................................................................................................................................................................................................................................................................................................................................................................................................................................................................................................................................................................................................................................................................................................................................................................................................................................................................................................................................................................................................................................................................................................................................................................................................................................................................................................................................................................................................................................................................................................................................................................................................................................................................................................................................................................................................................................................................................................................................................................................................................................................................................................................................................4 ms. Memory: 208896K Free: 104128K (50%)
3 ms. Memory: 208896K Free: 104128K (50%)
1 ms. Memory: 208896K Free: 104128K (50%)
5 ms. Memory: 208896K Free: 103790K (50%)
5 ms. Memory: 208896K Free: 101358K (49%)
/home/travis/build/icyphy/ptII/ptolemy/actor/lib/test/IIR.tcl
/home/travis/build/icyphy/ptII/ptolemy/actor/lib/test/Interpolator.tcl
5 ms. Memory: 208896K Free: 98927K (47%)
2 ms. Memory: 208896K Free: 98927K (47%)
1 ms. Memory: 208896K Free: 96496K (46%)
9 ms. Memory: 208896K Free: 96496K (46%)
2 ms. Memory: 208896K Free: 96496K (46%)
2 ms. Memory: 208896K Free: 94064K (45%)
2 ms. Memory: 208896K Free: 94064K (45%)
2 ms. Memory: 208896K Free: 94064K (45%)
2 ms. Memory: 208896K Free: 91633K (44%)
3 ms. Memory: 208896K Free: 91633K (44%)
/home/travis/build/icyphy/ptII/ptolemy/actor/lib/test/MathFunction.tcl
5 ms. Memory: 208896K Free: 89202K (43%)
2 ms. Memory: 208896K Free: 89202K (43%)
3 ms. Memory: 208896K Free: 86765K (42%)
2 ms. Memory: 208896K Free: 86765K (42%)
4 ms. Memory: 208896K Free: 84334K (40%)
5 ms. Memory: 208896K Free: 81903K (39%)
/home/travis/build/icyphy/ptII/ptolemy/actor/lib/test/Maximum.tcl
3 ms. Memory: 208896K Free: 81903K (39%)
1 ms. Memory: 208896K Free: 80934K (39%)
14 ms. Memory: 208896K Free: 200582K (96%)
3 ms. Memory: 208896K Free: 200582K (96%)
/home/travis/build/icyphy/ptII/ptolemy/actor/lib/test/Minimum.tcl
3 ms. Memory: 208896K Free: 198141K (95%)
2 ms. Memory: 208896K Free: 198141K (95%)
2 ms. Memory: 208896K Free: 198141K (95%)
4 ms. Memory: 208896K Free: 198141K (95%)
/home/travis/build/icyphy/ptII/ptolemy/actor/lib/test/MultiplyDivide.tcl
8 ms. Memory: 208896K Free: 195701K (94%)
11 ms. Memory: 208896K Free: 195701K (94%)
2 ms. Memory: 208896K Free: 193260K (93%)
6 ms. Memory: 208896K Free: 193260K (93%)
1 ms. Memory: 208896K Free: 193260K (93%)
/home/travis/build/icyphy/ptII/ptolemy/actor/lib/test/OrderedMerge.tcl
Connections changed on port: inputA
Connections changed on port: inputB
Connections changed on port: output
Connections changed on port: output
Connections changed on port: output
Connections changed on port: input
.top. Preinitializing ...
Invoking preinitialize():  .top.OrderedMerge
Called preinitialize()
Invoking preinitialize():  .top.Ramp
Called preinitialize()
Invoking preinitialize():  .top.Ramp2
Called preinitialize()
Invoking preinitialize():  .top.Test
Called preinitialize()
Connections changed on port: inputA
Connections changed on port: output
Connections changed on port: inputB
Connections changed on port: output
Connections changed on port: output
Connections changed on port: input
.top. Finished preinitialize().
Called initialize().
Invoking initialize():  .top.OrderedMerge
Initializing actor: .top.OrderedMerge
Adding a thread: .top.OrderedMerge
Invoking initialize():  .top.Ramp
Initializing actor: .top.Ramp
Adding a thread: .top.Ramp
Invoking initialize():  .top.Ramp2
Initializing actor: .top.Ramp2
Adding a thread: .top.Ramp2
Invoking initialize():  .top.Test
Initializing actor: .top.Test
Adding a thread: .top.Test
-- Starting thread.
Called initialize()
Called prefire()
Called fire()
-- Starting thread.
Called initialize()
Called prefire()
Called fire()
Called postfire()
Called prefire()
Called fire()
-- Starting thread.
Called initialize()
Called prefire()
Called fire()
Called postfire()
Called prefire()
Called fire()
Called fire().
Checking for deadlock:
There are 3 Blocked actors, 0 Stopped actors, and 4 active threads.
Waiting for actors to stop.
-- Starting thread.
Called initialize()
Called prefire()
Called fire()
Checking for deadlock:
There are 2 Blocked actors, 0 Stopped actors, and 4 active threads.
Waiting for actors to stop.
Called postfire()
Called prefire()
Called fire()
Checking for deadlock:
There are 3 Blocked actors, 0 Stopped actors, and 4 active threads.
Waiting for actors to stop.
Read input token from inputA with value 0.0
Next port to read input from is inputB
Called postfire()
Called prefire()
Called fire()
Checking for deadlock:
There are 2 Blocked actors, 0 Stopped actors, and 4 active threads.
Waiting for actors to stop.
Called postfire()
Called prefire()
Called fire()
Checking for deadlock:
There are 3 Blocked actors, 0 Stopped actors, and 4 active threads.
Waiting for actors to stop.
Read input token from inputB with value 0.0
Checking for deadlock:
There are 2 Blocked actors, 0 Stopped actors, and 4 active threads.
Waiting for actors to stop.
-- Read input: 0.0, which is expected to match: 0.0
Called prefire()
Called fire()
Checking for deadlock:
There are 3 Blocked actors, 0 Stopped actors, and 4 active threads.
Waiting for actors to stop.
Sent output token with value 0.0
Next port to read input from is inputA
Called postfire()
Called prefire()
Called fire()
Called postfire()
Called prefire()
Called fire()
Checking for deadlock:
There are 3 Blocked actors, 0 Stopped actors, and 4 active threads.
Waiting for actors to stop.
Read input token from inputA with value 1.0
-- Read input: 0.0, which is expected to match: 0.0
Called prefire()
Called fire()
Checking for deadlock:
There are 3 Blocked actors, 0 Stopped actors, and 4 active threads.
Waiting for actors to stop.
Sent output token with value 0.0
Next port to read input from is inputB
Called postfire()
Called prefire()
Called fire()
Checking for deadlock:
There are 2 Blocked actors, 0 Stopped actors, and 4 active threads.
Waiting for actors to stop.
Called postfire()
Called prefire()
Called fire()
Checking for deadlock:
There are 3 Blocked actors, 0 Stopped actors, and 4 active threads.
Waiting for actors to stop.
Read input token from inputB with value 1.5
Checking for deadlock:
There are 2 Blocked actors, 0 Stopped actors, and 4 active threads.
Waiting for actors to stop.
-- Read input: 1.0, which is expected to match: 1.0
Called prefire()
Called fire()
Checking for deadlock:
There are 3 Blocked actors, 0 Stopped actors, and 4 active threads.
Waiting for actors to stop.
Sent output token with value 1.0
Next port to read input from is inputA
Called postfire()
Called prefire()
Called fire()
Called postfire()
Called prefire()
Called fire()
Checking for deadlock:
There are 3 Blocked actors, 0 Stopped actors, and 4 active threads.
Waiting for actors to stop.
Read input token from inputA with value 2.0
-- Read input: 1.5, which is expected to match: 1.5
Called prefire()
Called fire()
Checking for deadlock:
There are 3 Blocked actors, 0 Stopped actors, and 4 active threads.
Waiting for actors to stop.
Sent output token with value 1.5
Next port to read input from is inputB
Called postfire()
Called prefire()
Called fire()
Checking for deadlock:
There are 2 Blocked actors, 0 Stopped actors, and 4 active threads.
Waiting for actors to stop.
Called postfire()
Called prefire()
Called fire()
Checking for deadlock:
There are 3 Blocked actors, 0 Stopped actors, and 4 active threads.
Waiting for actors to stop.
Read input token from inputB with value 3.0
Checking for deadlock:
There are 2 Blocked actors, 0 Stopped actors, and 4 active threads.
Waiting for actors to stop.
-- Read input: 2.0, which is expected to match: 2.0
Called prefire()
Called fire()
Checking for deadlock:
There are 3 Blocked actors, 0 Stopped actors, and 4 active threads.
Waiting for actors to stop.
Sent output token with value 2.0
Next port to read input from is inputA
Called postfire()
Called prefire()
Called fire()
Called postfire()
Called prefire()
Called fire()
Checking for deadlock:
There are 3 Blocked actors, 0 Stopped actors, and 4 active threads.
Waiting for actors to stop.
Read input token from inputA with value 3.0
-- Read input: 3.0, which is expected to match: 3.0
Called prefire()
Called fire()
Checking for deadlock:
There are 3 Blocked actors, 0 Stopped actors, and 4 active threads.
Waiting for actors to stop.
Sent output token with value 3.0
Next port to read input from is inputB
Called postfire()
Called prefire()
Called fire()
Checking for deadlock:
There are 2 Blocked actors, 0 Stopped actors, and 4 active threads.
Waiting for actors to stop.
Called postfire()
Called prefire()
Called fire()
Checking for deadlock:
There are 3 Blocked actors, 0 Stopped actors, and 4 active threads.
Waiting for actors to stop.
Read input token from inputB with value 4.5
Checking for deadlock:
There are 2 Blocked actors, 0 Stopped actors, and 4 active threads.
Waiting for actors to stop.
-- Read input: 3.0, which is expected to match: 3.0
Called prefire()
Called fire()
Checking for deadlock:
There are 3 Blocked actors, 0 Stopped actors, and 4 active threads.
Waiting for actors to stop.
Sent output token with value 3.0
Next port to read input from is inputA
Called postfire()
Called prefire()
Called fire()
Called postfire()
Called prefire()
Called fire()
Checking for deadlock:
There are 3 Blocked actors, 0 Stopped actors, and 4 active threads.
Waiting for actors to stop.
Read input token from inputA with value 4.0
-- Read input: 4.0, which is expected to match: 4.0
Called prefire()
Called fire()
Past the end of training data. Read and discard all inputs.
Checking for deadlock:
There are 3 Blocked actors, 0 Stopped actors, and 4 active threads.
Waiting for actors to stop.
Sent output token with value 4.0
Next port to read input from is inputA
Called postfire()
Called prefire()
Called fire()
Called postfire()
Called prefire()
Called fire()
Checking for deadlock:
There are 3 Blocked actors, 0 Stopped actors, and 4 active threads.
Waiting for actors to stop.
Read input token from inputA with value 5.0
Called prefire()
Called fire()
Past the end of training data. Read and discard all inputs.
Checking for deadlock:
There are 3 Blocked actors, 0 Stopped actors, and 4 active threads.
Waiting for actors to stop.
Sent output token with value 4.5
Next port to read input from is inputB
Called postfire()
Called prefire()
Called fire()
Checking for deadlock:
There are 2 Blocked actors, 0 Stopped actors, and 4 active threads.
Waiting for actors to stop.
Called postfire()
Called prefire()
Called fire()
Checking for deadlock:
There are 3 Blocked actors, 0 Stopped actors, and 4 active threads.
Waiting for actors to stop.
Read input token from inputB with value 6.0
Checking for deadlock:
There are 2 Blocked actors, 0 Stopped actors, and 4 active threads.
Waiting for actors to stop.
Called prefire()
Called fire()
Past the end of training data. Read and discard all inputs.
Checking for deadlock:
There are 3 Blocked actors, 0 Stopped actors, and 4 active threads.
Waiting for actors to stop.
Sent output token with value 5.0
Next port to read input from is inputA
Called postfire()
Called prefire()
Called fire()
Called postfire()
Called prefire()
Called fire()
Checking for deadlock:
There are 3 Blocked actors, 0 Stopped actors, and 4 active threads.
Waiting for actors to stop.
Read input token from inputA with value 6.0
Called prefire()
Called fire()
Past the end of training data. Read and discard all inputs.
Checking for deadlock:
There are 3 Blocked actors, 0 Stopped actors, and 4 active threads.
Waiting for actors to stop.
Sent output token with value 6.0
Next port to read input from is inputB
Called postfire()
Called prefire()
Called fire()
Checking for deadlock:
There are 2 Blocked actors, 0 Stopped actors, and 4 active threads.
Waiting for actors to stop.
Called postfire()
Called prefire()
Called fire()
Checking for deadlock:
There are 3 Blocked actors, 0 Stopped actors, and 4 active threads.
Waiting for actors to stop.
Read input token from inputB with value 7.5
Checking for deadlock:
There are 2 Blocked actors, 0 Stopped actors, and 4 active threads.
Waiting for actors to stop.
Called prefire()
Called fire()
Past the end of training data. Read and discard all inputs.
Checking for deadlock:
There are 3 Blocked actors, 0 Stopped actors, and 4 active threads.
Waiting for actors to stop.
Sent output token with value 6.0
Next port to read input from is inputA
Called postfire()
Called prefire()
Called fire()
Called postfire()
Called prefire()
Called fire()
Checking for deadlock:
There are 3 Blocked actors, 0 Stopped actors, and 4 active threads.
Waiting for actors to stop.
Read input token from inputA with value 7.0
Called prefire()
Called fire()
Past the end of training data. Read and discard all inputs.
Checking for deadlock:
There are 3 Blocked actors, 0 Stopped actors, and 4 active threads.
Waiting for actors to stop.
Sent output token with value 7.0
Next port to read input from is inputA
Called postfire()
Called prefire()
Called fire()
-- Thread wrapup() called.
Called wrapup()
Thread .top.Ramp is exiting.
-- Thread stopped.
Checking for deadlock:
There are 2 Blocked actors, 0 Stopped actors, and 3 active threads.
Waiting for actors to stop.
Read input token from inputA with value 8.0
Called prefire()
Called fire()
Past the end of training data. Read and discard all inputs.
Checking for deadlock:
There are 2 Blocked actors, 0 Stopped actors, and 3 active threads.
Waiting for actors to stop.
Sent output token with value 7.5
Next port to read input from is inputB
Called postfire()
Called prefire()
Called fire()
Checking for deadlock:
There are 1 Blocked actors, 0 Stopped actors, and 3 active threads.
Waiting for actors to stop.
Called postfire()
Called prefire()
Called fire()
Checking for deadlock:
There are 2 Blocked actors, 0 Stopped actors, and 3 active threads.
Waiting for actors to stop.
Read input token from inputB with value 9.0
Checking for deadlock:
There are 1 Blocked actors, 0 Stopped actors, and 3 active threads.
Waiting for actors to stop.
Called prefire()
Called fire()
Past the end of training data. Read and discard all inputs.
Checking for deadlock:
There are 2 Blocked actors, 0 Stopped actors, and 3 active threads.
Waiting for actors to stop.
Sent output token with value 8.0
Next port to read input from is inputA
Called postfire()
Called prefire()
Called fire()
Read input token from inputA with value 9.0
Checking for deadlock:
There are 1 Blocked actors, 0 Stopped actors, and 3 active threads.
Waiting for actors to stop.
Called prefire()
Called fire()
Past the end of training data. Read and discard all inputs.
Checking for deadlock:
There are 2 Blocked actors, 0 Stopped actors, and 3 active threads.
Waiting for actors to stop.
Sent output token with value 9.0
Next port to read input from is inputB
Called postfire()
Called prefire()
Called fire()
Checking for deadlock:
There are 1 Blocked actors, 0 Stopped actors, and 3 active threads.
Waiting for actors to stop.
Called postfire()
Called prefire()
Called fire()
Checking for deadlock:
There are 2 Blocked actors, 0 Stopped actors, and 3 active threads.
Waiting for actors to stop.
Read input token from inputB with value 10.5
Checking for deadlock:
There are 1 Blocked actors, 0 Stopped actors, and 3 active threads.
Waiting for actors to stop.
Called prefire()
Called fire()
Past the end of training data. Read and discard all inputs.
Checking for deadlock:
There are 2 Blocked actors, 0 Stopped actors, and 3 active threads.
Waiting for actors to stop.
Sent output token with value 9.0
Next port to read input from is inputA
Called postfire()
Called prefire()
Called fire()
Checking for deadlock:
There are 3 Blocked actors, 0 Stopped actors, and 3 active threads.
Actors have stopped.
Checking for deadlock:
There are 3 Blocked actors, 0 Stopped actors, and 3 active threads.
Deadlock detected.
Resolving Deadlock
Checking for deadlock:
There are 3 Blocked actors, 0 Stopped actors, and 3 active threads.
Artificial Deadlock - increasing queue capacity.
increasing the capacity of receiver ptolemy.actor.TypedIOPort {.top.OrderedMerge.inputB} to 2
Director: Called postfire().
Called postfire().
_stopRequested = false
_stopFireRequested = false
Returning from postfire(): true
Called fire().
Checking for deadlock:
There are 2 Blocked actors, 0 Stopped actors, and 3 active threads.
Waiting for actors to stop.
-- Thread wrapup() called.
Called wrapup()
Thread .top.Ramp2 is exiting.
-- Thread stopped.
Checking for deadlock:
There are 2 Blocked actors, 0 Stopped actors, and 2 active threads.
Actors have stopped.
Checking for deadlock:
There are 2 Blocked actors, 0 Stopped actors, and 2 active threads.
Deadlock detected.
Resolving Deadlock
Checking for deadlock:
There are 2 Blocked actors, 0 Stopped actors, and 2 active threads.
Deadlock detected: no processes blocked on write, but some are blocked on read.
Called postfire().
_stopRequested = false
_stopFireRequested = false
Returning from postfire(): false
Finished deactivating branches.
Called wrapup().
-- Thread wrapup() called.
Called wrapup()
Thread .top.Test is exiting.
-- Thread stopped.
-- Blocked Receiver call threw TerminateProcessException.
-- Thread wrapup() called.
Called wrapup()
Thread .top.OrderedMerge is exiting.
30 ms. Memory: 208896K Free: 185904K (89%)
.top. Preinitializing ...
Invoking preinitialize():  .top.OrderedMerge
Called preinitialize()
Invoking preinitialize():  .top.Ramp
Called preinitialize()
Invoking preinitialize():  .top.Ramp2
Called preinitialize()
Invoking preinitialize():  .top.Test
Called preinitialize()
.top. Finished preinitialize().
Called initialize().
Invoking initialize():  .top.OrderedMerge
Initializing actor: .top.OrderedMerge
Adding a thread: .top.OrderedMerge
Invoking initialize():  .top.Ramp
Initializing actor: .top.Ramp
Adding a thread: .top.Ramp
Invoking initialize():  .top.Ramp2
Initializing actor: .top.Ramp2
Adding a thread: .top.Ramp2
Invoking initialize():  .top.Test
Initializing actor: .top.Test
Adding a thread: .top.Test
-- Thread stopped.
-- Blocked Receiver call threw TerminateProcessException.
-- Starting thread.
Called initialize()
Called prefire()
Called fire()
-- Starting thread.
Called initialize()
Called prefire()
Called fire()
Called postfire()
Called prefire()
Called fire()
-- Starting thread.
Called initialize()
Called prefire()
Called fire()
Called postfire()
Called prefire()
Called fire()
Called fire().
Checking for deadlock:
There are 3 Blocked actors, 0 Stopped actors, and 4 active threads.
Waiting for actors to stop.
-- Starting thread.
Called initialize()
Called prefire()
Called fire()
Checking for deadlock:
There are 2 Blocked actors, 0 Stopped actors, and 4 active threads.
Waiting for actors to stop.
Called postfire()
Called prefire()
Called fire()
Checking for deadlock:
There are 3 Blocked actors, 0 Stopped actors, and 4 active threads.
Waiting for actors to stop.
Read input token from inputA with value 0.0
Next port to read input from is inputB
Called postfire()
Called prefire()
Called fire()
Checking for deadlock:
There are 2 Blocked actors, 0 Stopped actors, and 4 active threads.
Waiting for actors to stop.
Called postfire()
Called prefire()
Called fire()
Checking for deadlock:
There are 3 Blocked actors, 0 Stopped actors, and 4 active threads.
Waiting for actors to stop.
Read input token from inputB with value 0.0
Checking for deadlock:
There are 2 Blocked actors, 0 Stopped actors, and 4 active threads.
Waiting for actors to stop.
-- Read input: 0.0, which is expected to match: 0.0
Called prefire()
Called fire()
Checking for deadlock:
There are 3 Blocked actors, 0 Stopped actors, and 4 active threads.
Waiting for actors to stop.
Sent output token with value 0.0
Next port to read input from is inputA
Called postfire()
Called prefire()
Called fire()
Checking for deadlock:
There are 2 Blocked actors, 0 Stopped actors, and 4 active threads.
Waiting for actors to stop.
Called postfire()
Called prefire()
Called fire()
Checking for deadlock:
There are 3 Blocked actors, 0 Stopped actors, and 4 active threads.
Waiting for actors to stop.
Read input token from inputA with value 1.0
Checking for deadlock:
There are 2 Blocked actors, 0 Stopped actors, and 4 active threads.
Waiting for actors to stop.
-- Read input: 0.0, which is expected to match: 0.0
Called prefire()
Called fire()
Checking for deadlock:
There are 3 Blocked actors, 0 Stopped actors, and 4 active threads.
Waiting for actors to stop.
Sent output token with value 0.0
Next port to read input from is inputB
Called postfire()
Called prefire()
Called fire()
Checking for deadlock:
There are 2 Blocked actors, 0 Stopped actors, and 4 active threads.
Waiting for actors to stop.
Called postfire()
Called prefire()
Called fire()
Checking for deadlock:
There are 3 Blocked actors, 0 Stopped actors, and 4 active threads.
Waiting for actors to stop.
Read input token from inputB with value 1.5
Checking for deadlock:
There are 2 Blocked actors, 0 Stopped actors, and 4 active threads.
Waiting for actors to stop.
-- Read input: 1.0, which is expected to match: 1.0
Called prefire()
Called fire()
Checking for deadlock:
There are 3 Blocked actors, 0 Stopped actors, and 4 active threads.
Waiting for actors to stop.
Sent output token with value 1.0
Next port to read input from is inputA
Called postfire()
Called prefire()
Called fire()
Checking for deadlock:
There are 2 Blocked actors, 0 Stopped actors, and 4 active threads.
Waiting for actors to stop.
Called postfire()
Called prefire()
Called fire()
Checking for deadlock:
There are 3 Blocked actors, 0 Stopped actors, and 4 active threads.
Waiting for actors to stop.
Read input token from inputA with value 2.0
Checking for deadlock:
There are 2 Blocked actors, 0 Stopped actors, and 4 active threads.
Waiting for actors to stop.
-- Read input: 1.5, which is expected to match: 1.5
Called prefire()
Called fire()
Checking for deadlock:
There are 3 Blocked actors, 0 Stopped actors, and 4 active threads.
Waiting for actors to stop.
Sent output token with value 1.5
Next port to read input from is inputB
Called postfire()
Called prefire()
Called fire()
Checking for deadlock:
There are 2 Blocked actors, 0 Stopped actors, and 4 active threads.
Waiting for actors to stop.
Called postfire()
Called prefire()
Called fire()
Checking for deadlock:
There are 3 Blocked actors, 0 Stopped actors, and 4 active threads.
Waiting for actors to stop.
Read input token from inputB with value 3.0
Checking for deadlock:
There are 2 Blocked actors, 0 Stopped actors, and 4 active threads.
Waiting for actors to stop.
-- Read input: 2.0, which is expected to match: 2.0
Called prefire()
Called fire()
Checking for deadlock:
There are 3 Blocked actors, 0 Stopped actors, and 4 active threads.
Waiting for actors to stop.
Sent output token with value 2.0
Next port to read input from is inputA
Called postfire()
Called prefire()
Called fire()
Checking for deadlock:
There are 2 Blocked actors, 0 Stopped actors, and 4 active threads.
Waiting for actors to stop.
Called postfire()
Called prefire()
Called fire()
Checking for deadlock:
There are 3 Blocked actors, 0 Stopped actors, and 4 active threads.
Waiting for actors to stop.
Read input token from inputA with value 3.0
Checking for deadlock:
There are 2 Blocked actors, 0 Stopped actors, and 4 active threads.
Waiting for actors to stop.
-- Read input: 3.0, which is expected to match: 3.0
Called prefire()
Called fire()
Checking for deadlock:
There are 3 Blocked actors, 0 Stopped actors, and 4 active threads.
Waiting for actors to stop.
Sent output token with value 3.0
Next port to read input from is inputB
Called postfire()
Called prefire()
Called fire()
Checking for deadlock:
There are 2 Blocked actors, 0 Stopped actors, and 4 active threads.
Waiting for actors to stop.
Called postfire()
Called prefire()
Called fire()
Checking for deadlock:
There are 3 Blocked actors, 0 Stopped actors, and 4 active threads.
Waiting for actors to stop.
Read input token from inputB with value 4.5
Checking for deadlock:
There are 2 Blocked actors, 0 Stopped actors, and 4 active threads.
Waiting for actors to stop.
-- Read input: 3.0, which is expected to match: 3.0
Called prefire()
Called fire()
Checking for deadlock:
There are 3 Blocked actors, 0 Stopped actors, and 4 active threads.
Waiting for actors to stop.
Sent output token with value 3.0
Next port to read input from is inputA
Called postfire()
Called prefire()
Called fire()
Checking for deadlock:
There are 2 Blocked actors, 0 Stopped actors, and 4 active threads.
Waiting for actors to stop.
Called postfire()
Called prefire()
Called fire()
Checking for deadlock:
There are 3 Blocked actors, 0 Stopped actors, and 4 active threads.
Waiting for actors to stop.
Read input token from inputA with value 4.0
Checking for deadlock:
There are 2 Blocked actors, 0 Stopped actors, and 4 active threads.
Waiting for actors to stop.
-- Read input: 4.0, which is expected to match: 4.0
Called prefire()
Called fire()
Past the end of training data. Read and discard all inputs.
Checking for deadlock:
There are 3 Blocked actors, 0 Stopped actors, and 4 active threads.
Waiting for actors to stop.
Sent output token with value 4.0
Next port to read input from is inputA
Called postfire()
Called prefire()
Called fire()
Checking for deadlock:
There are 2 Blocked actors, 0 Stopped actors, and 4 active threads.
Waiting for actors to stop.
Called postfire()
Called prefire()
Called fire()
Checking for deadlock:
There are 3 Blocked actors, 0 Stopped actors, and 4 active threads.
Waiting for actors to stop.
Read input token from inputA with value 5.0
Checking for deadlock:
There are 2 Blocked actors, 0 Stopped actors, and 4 active threads.
Waiting for actors to stop.
Called prefire()
Called fire()
Past the end of training data. Read and discard all inputs.
Checking for deadlock:
There are 3 Blocked actors, 0 Stopped actors, and 4 active threads.
Waiting for actors to stop.
Sent output token with value 4.5
Next port to read input from is inputB
Called postfire()
Called prefire()
Called fire()
Checking for deadlock:
There are 2 Blocked actors, 0 Stopped actors, and 4 active threads.
Waiting for actors to stop.
Called postfire()
Called prefire()
Called fire()
Checking for deadlock:
There are 3 Blocked actors, 0 Stopped actors, and 4 active threads.
Waiting for actors to stop.
Read input token from inputB with value 6.0
Checking for deadlock:
There are 2 Blocked actors, 0 Stopped actors, and 4 active threads.
Waiting for actors to stop.
Called prefire()
Called fire()
Past the end of training data. Read and discard all inputs.
Checking for deadlock:
There are 3 Blocked actors, 0 Stopped actors, and 4 active threads.
Waiting for actors to stop.
Sent output token with value 5.0
Next port to read input from is inputA
Called postfire()
Called prefire()
Called fire()
Checking for deadlock:
There are 2 Blocked actors, 0 Stopped actors, and 4 active threads.
Waiting for actors to stop.
Called postfire()
Called prefire()
Called fire()
Checking for deadlock:
There are 3 Blocked actors, 0 Stopped actors, and 4 active threads.
Waiting for actors to stop.
Read input token from inputA with value 6.0
Checking for deadlock:
There are 2 Blocked actors, 0 Stopped actors, and 4 active threads.
Waiting for actors to stop.
Called prefire()
Called fire()
Past the end of training data. Read and discard all inputs.
Checking for deadlock:
There are 3 Blocked actors, 0 Stopped actors, and 4 active threads.
Waiting for actors to stop.
Sent output token with value 6.0
Next port to read input from is inputB
Called postfire()
Called prefire()
Called fire()
Checking for deadlock:
There are 2 Blocked actors, 0 Stopped actors, and 4 active threads.
Waiting for actors to stop.
Called postfire()
Called prefire()
Called fire()
Checking for deadlock:
There are 3 Blocked actors, 0 Stopped actors, and 4 active threads.
Waiting for actors to stop.
Read input token from inputB with value 7.5
Checking for deadlock:
There are 2 Blocked actors, 0 Stopped actors, and 4 active threads.
Waiting for actors to stop.
Called prefire()
Called fire()
Past the end of training data. Read and discard all inputs.
Checking for deadlock:
There are 3 Blocked actors, 0 Stopped actors, and 4 active threads.
Waiting for actors to stop.
Sent output token with value 6.0
Next port to read input from is inputA
Called postfire()
Called prefire()
Called fire()
Checking for deadlock:
There are 2 Blocked actors, 0 Stopped actors, and 4 active threads.
Waiting for actors to stop.
Called postfire()
Called prefire()
Called fire()
Checking for deadlock:
There are 3 Blocked actors, 0 Stopped actors, and 4 active threads.
Waiting for actors to stop.
Read input token from inputA with value 7.0
Checking for deadlock:
There are 2 Blocked actors, 0 Stopped actors, and 4 active threads.
Waiting for actors to stop.
Called prefire()
Called fire()
Past the end of training data. Read and discard all inputs.
Checking for deadlock:
There are 3 Blocked actors, 0 Stopped actors, and 4 active threads.
Waiting for actors to stop.
Sent output token with value 7.0
Next port to read input from is inputA
Called postfire()
Called prefire()
Called fire()
Checking for deadlock:
There are 2 Blocked actors, 0 Stopped actors, and 4 active threads.
Waiting for actors to stop.
-- Thread wrapup() called.
Called wrapup()
Thread .top.Ramp is exiting.
Checking for deadlock:
There are 2 Blocked actors, 0 Stopped actors, and 3 active threads.
Waiting for actors to stop.
-- Thread stopped.
Read input token from inputA with value 8.0
Checking for deadlock:
There are 1 Blocked actors, 0 Stopped actors, and 3 active threads.
Waiting for actors to stop.
Called prefire()
Called fire()
Past the end of training data. Read and discard all inputs.
Checking for deadlock:
There are 2 Blocked actors, 0 Stopped actors, and 3 active threads.
Waiting for actors to stop.
Sent output token with value 7.5
Next port to read input from is inputB
Called postfire()
Called prefire()
Called fire()
Checking for deadlock:
There are 1 Blocked actors, 0 Stopped actors, and 3 active threads.
Waiting for actors to stop.
Called postfire()
Called prefire()
Called fire()
Checking for deadlock:
There are 2 Blocked actors, 0 Stopped actors, and 3 active threads.
Waiting for actors to stop.
Read input token from inputB with value 9.0
Checking for deadlock:
There are 1 Blocked actors, 0 Stopped actors, and 3 active threads.
Waiting for actors to stop.
Called prefire()
Called fire()
Past the end of training data. Read and discard all inputs.
Checking for deadlock:
There are 2 Blocked actors, 0 Stopped actors, and 3 active threads.
Waiting for actors to stop.
Sent output token with value 8.0
Next port to read input from is inputA
Called postfire()
Called prefire()
Called fire()
Read input token from inputA with value 9.0
Checking for deadlock:
There are 1 Blocked actors, 0 Stopped actors, and 3 active threads.
Waiting for actors to stop.
Called prefire()
Called fire()
Past the end of training data. Read and discard all inputs.
Checking for deadlock:
There are 2 Blocked actors, 0 Stopped actors, and 3 active threads.
Waiting for actors to stop.
Sent output token with value 9.0
Next port to read input from is inputB
Called postfire()
Called prefire()
Called fire()
Checking for deadlock:
There are 1 Blocked actors, 0 Stopped actors, and 3 active threads.
Waiting for actors to stop.
Called postfire()
Called prefire()
Called fire()
Checking for deadlock:
There are 2 Blocked actors, 0 Stopped actors, and 3 active threads.
Waiting for actors to stop.
Read input token from inputB with value 10.5
Checking for deadlock:
There are 1 Blocked actors, 0 Stopped actors, and 3 active threads.
Waiting for actors to stop.
Called prefire()
Called fire()
Past the end of training data. Read and discard all inputs.
Checking for deadlock:
There are 2 Blocked actors, 0 Stopped actors, and 3 active threads.
Waiting for actors to stop.
Sent output token with value 9.0
Next port to read input from is inputA
Called postfire()
Called prefire()
Called fire()
Checking for deadlock:
There are 3 Blocked actors, 0 Stopped actors, and 3 active threads.
Actors have stopped.
Checking for deadlock:
There are 3 Blocked actors, 0 Stopped actors, and 3 active threads.
Deadlock detected.
Resolving Deadlock
Checking for deadlock:
There are 3 Blocked actors, 0 Stopped actors, and 3 active threads.
Artificial Deadlock - increasing queue capacity.
increasing the capacity of receiver ptolemy.actor.TypedIOPort {.top.OrderedMerge.inputB} to 2
Director: Called postfire().
Called postfire().
_stopRequested = false
_stopFireRequested = false
Returning from postfire(): true
Called fire().
Checking for deadlock:
There are 2 Blocked actors, 0 Stopped actors, and 3 active threads.
Waiting for actors to stop.
-- Thread wrapup() called.
Called wrapup()
Thread .top.Ramp2 is exiting.
-- Thread stopped.
Checking for deadlock:
There are 2 Blocked actors, 0 Stopped actors, and 2 active threads.
Actors have stopped.
Checking for deadlock:
There are 2 Blocked actors, 0 Stopped actors, and 2 active threads.
Deadlock detected.
Resolving Deadlock
Checking for deadlock:
There are 2 Blocked actors, 0 Stopped actors, and 2 active threads.
Deadlock detected: no processes blocked on write, but some are blocked on read.
Called postfire().
_stopRequested = false
_stopFireRequested = false
Returning from postfire(): false
Finished deactivating branches.
Called wrapup().
-- Thread wrapup() called.
Called wrapup()
Thread .top.Test is exiting.
-- Thread stopped.
-- Blocked Receiver call threw TerminateProcessException.
-- Thread wrapup() called.
Called wrapup()
Thread .top.OrderedMerge is exiting.
-- Thread stopped.
-- Blocked Receiver call threw TerminateProcessException.
42 ms. Memory: 208896K Free: 180989K (87%)
/home/travis/build/icyphy/ptII/ptolemy/actor/lib/test/Publisher.tcl
9 ms. Memory: 208896K Free: 173667K (83%)
12 ms. Memory: 208896K Free: 168786K (81%)
5 ms. Memory: 208896K Free: 163905K (78%)
3 ms. Memory: 208896K Free: 163905K (78%)
2 ms. Memory: 208896K Free: 161464K (77%)
3 ms. Memory: 208896K Free: 161464K (77%)
2 ms. Memory: 208896K Free: 161464K (77%)
3 ms. Memory: 208896K Free: 159024K (76%)
1 ms. Memory: 208896K Free: 151702K (73%)
5 ms. Memory: 208896K Free: 146821K (70%)
3 ms. Memory: 208896K Free: 146821K (70%)
2 ms. Memory: 208896K Free: 144381K (69%)
18 ms. Memory: 208896K Free: 137059K (66%)
10 ms. Memory: 208896K Free: 127265K (61%)
6 ms. Memory: 208896K Free: 115030K (55%)
/home/travis/build/icyphy/ptII/ptolemy/actor/lib/test/Pulse.tcl
2 ms. Memory: 331776K Free: 314814K (95%)
10 ms. Memory: 331776K Free: 314529K (95%)
2 ms. Memory: 331776K Free: 314529K (95%)
1 ms. Memory: 331776K Free: 314529K (95%)
1 ms. Memory: 331776K Free: 314529K (95%)
2 ms. Memory: 331776K Free: 314529K (95%)
7 ms. Memory: 331776K Free: 314529K (95%)
2 ms. Memory: 331776K Free: 309773K (93%)
2 ms. Memory: 331776K Free: 309773K (93%)
/home/travis/build/icyphy/ptII/ptolemy/actor/lib/test/Ramp.tcl
5 ms. Memory: 331776K Free: 309773K (93%)
3 ms. Memory: 331776K Free: 309773K (93%)
2 ms. Memory: 331776K Free: 309773K (93%)
3 ms. Memory: 331776K Free: 305033K (92%)
6 ms. Memory: 331776K Free: 305033K (92%)
11 ms. Memory: 331776K Free: 305033K (92%)
8 ms. Memory: 331776K Free: 305033K (92%)
5 actors
14000 microseconds per iteration to create
9 ms. Memory: 331776K Free: 300293K (91%)
1 ms. Memory: 331776K Free: 300293K (91%)
2 ms. Memory: 331776K Free: 300293K (91%)
1 ms. Memory: 331776K Free: 300293K (91%)
50 actors
49000 microseconds per iteration to create
48 ms. Memory: 331776K Free: 286041K (86%)
4 ms. Memory: 331776K Free: 281301K (85%)
11 ms. Memory: 331776K Free: 281301K (85%)
7 ms. Memory: 331776K Free: 281301K (85%)
500 actors
1276000 microseconds per iteration to create
250 ms. Memory: 331776K Free: 110418K (33%)
41 ms. Memory: 331776K Free: 105678K (32%)
39 ms. Memory: 331776K Free: 96198K (29%)
37 ms. Memory: 331776K Free: 91458K (28%)
/home/travis/build/icyphy/ptII/ptolemy/actor/lib/test/RampContinuous.tcl
6 ms. Memory: 331776K Free: 91458K (28%)
/home/travis/build/icyphy/ptII/ptolemy/actor/lib/test/RecordAssembler.tcl
6 ms. Memory: 331776K Free: 91458K (28%)
3 ms. Memory: 331776K Free: 86710K (26%)
/home/travis/build/icyphy/ptII/ptolemy/actor/lib/test/RecordDisassembler.tcl
6 ms. Memory: 331776K Free: 86710K (26%)
2 ms. Memory: 331776K Free: 86710K (26%)
3 ms. Memory: 331776K Free: 86710K (26%)
/home/travis/build/icyphy/ptII/ptolemy/actor/lib/test/Scale.tcl
3 ms. Memory: 331776K Free: 81970K (25%)
1 ms. Memory: 331776K Free: 81970K (25%)
1 ms. Memory: 331776K Free: 81970K (25%)
2 ms. Memory: 331776K Free: 81970K (25%)
2 ms. Memory: 331776K Free: 81970K (25%)
/home/travis/build/icyphy/ptII/ptolemy/actor/lib/test/SequentialClock.tcl
preinitializing
resolving types
initializing
executing number 1
wrapping up
idle
4 ms. Memory: 331776K Free: 79087K (24%)
Completed execution with 5 iterations
preinitializing
resolving types
initializing
executing number 1
wrapping up
idle
2 ms. Memory: 331776K Free: 79087K (24%)
Completed execution with 5 iterations
preinitializing
resolving types
initializing
executing number 1
wrapping up
idle
1 ms. Memory: 331776K Free: 79087K (24%)
Completed execution with 5 iterations
/home/travis/build/icyphy/ptII/ptolemy/actor/lib/test/SetVariable.tcl
26 ms. Memory: 332288K Free: 315013K (95%)
/home/travis/build/icyphy/ptII/ptolemy/actor/lib/test/Sinewave.tcl
/home/travis/build/icyphy/ptII/ptolemy/actor/lib/test/SubscriptionAggregator.tcl
3 ms. Memory: 332288K Free: 305386K (92%)
10 ms. Memory: 332288K Free: 300387K (90%)
1 ms. Memory: 332288K Free: 300387K (90%)
1 ms. Memory: 332288K Free: 300387K (90%)
1 ms. Memory: 332288K Free: 295589K (89%)
3 ms. Memory: 332288K Free: 295589K (89%)
...............................................................898 ms. Memory: 477184K Free: 80349K (17%)
/home/travis/build/icyphy/ptII/ptolemy/actor/lib/test/Test.tcl
 The next command will produce a warning about training mode,
   which may be ignored.
3 ms. Memory: 477184K Free: 80349K (17%)
2 ms. Memory: 477184K Free: 80349K (17%)
1 ms. Memory: 477184K Free: 80349K (17%)
1 ms. Memory: 477184K Free: 80349K (17%)
1 ms. Memory: 477184K Free: 80349K (17%)
2 ms. Memory: 477184K Free: 80349K (17%)
2 ms. Memory: 477184K Free: 72681K (15%)
 The next command will produce a warning about training mode,
   which may be ignored.
3 ms. Memory: 477184K Free: 72681K (15%)
 The next command will produce a warning about training mode,
   which may be ignored.
2 ms. Memory: 477184K Free: 72681K (15%)
1 ms. Memory: 477184K Free: 72681K (15%)
1 ms. Memory: 477184K Free: 72681K (15%)
1 ms. Memory: 477184K Free: 72681K (15%)
1 ms. Memory: 477184K Free: 72681K (15%)
2 ms. Memory: 477184K Free: 67525K (14%)
/home/travis/build/icyphy/ptII/ptolemy/actor/lib/test/TestExceptionHandler.tcl
 The next command will produce a warning about training mode,
   which may be ignored.
1 ms. Memory: 477184K Free: 67525K (14%)
65 ms. Memory: 480768K Free: 437514K (91%)
1 ms. Memory: 480768K Free: 437514K (91%)
/home/travis/build/icyphy/ptII/ptolemy/actor/lib/test/UnionDisassembler.tcl
20 ms. Memory: 480768K Free: 429683K (89%)
/home/travis/build/icyphy/ptII/ptolemy/actor/lib/test/VariableClock.tcl
preinitializing
resolving types
initializing
executing number 1
wrapping up
idle
5 ms. Memory: 480768K Free: 429683K (89%)
Completed execution with 11 iterations
preinitializing
resolving types
initializing
executing number 1
wrapping up
idle
4 ms. Memory: 480768K Free: 429683K (89%)
Completed execution with 10 iterations
02/10/19 03:29:51
Failed: 0  Total Tests: 234  ((Passed: 234, Newly Passed: 0)  Known Failed: 0) /home/travis/build/icyphy/ptII/ptolemy/actor/lib/test
----------------- testing (KnownFailure) /home/travis/build/icyphy/ptII/ptolemy/actor/lib/test/auto/knownFailedTests/PublisherPortToplevelSubscriber.xml
3 ms. Memory: 480768K Free: 421901K (88%)
Known Failure: java.lang.reflect.InvocationTargetException
----------------- testing (KnownFailure) /home/travis/build/icyphy/ptII/ptolemy/actor/lib/test/auto/knownFailedTests/PublisherSubscriberPortToplevel.xml
1 ms. Memory: 480768K Free: 406336K (85%)
Known Failure: java.lang.reflect.InvocationTargetException
----------------- testing (KnownFailure) /home/travis/build/icyphy/ptII/ptolemy/actor/lib/test/auto/knownFailedTests/PublisherSubscriptionAggregatorPort.xml
2 ms. Memory: 480768K Free: 390771K (81%)
Known Failure: java.lang.reflect.InvocationTargetException
----------------- testing (KnownFailure) /home/travis/build/icyphy/ptII/ptolemy/actor/lib/test/auto/knownFailedTests/sizedarray3.xml
3 ms. Memory: 480768K Free: 375206K (78%)
Known Failure: java.lang.reflect.InvocationTargetException
No auto/linux-amd64/*.xml tests in /home/travis/build/icyphy/ptII/ptolemy/actor/lib/test
AutoTests.java: About to close Vertx.
AutoTests.java: Vertx closed.

===========================================================================================
----------------- testing Sun Feb 10 03:29:51 UTC 2019 /home/travis/build/icyphy/ptII/ptolemy/actor/lib/test/auto/AbsoluteValue.xml
----------------- Instantiating /home/travis/build/icyphy/ptII/ptolemy/actor/lib/test/auto/AbsoluteValue.xml
13 ms. Memory: 480768K Free: 305392K (64%)
----------------- Invoking toplevel() on ptolemy.moml.MoMLSimpleApplication@37a90ab4
----------------- Done invoking toplevel() on ptolemy.moml.MoMLSimpleApplication@37a90ab4
reloadAllAccessors: .AbsoluteValue

===========================================================================================
----------------- testing Sun Feb 10 03:29:51 UTC 2019 /home/travis/build/icyphy/ptII/ptolemy/actor/lib/test/auto/AbsoluteValue2.xml
----------------- Instantiating /home/travis/build/icyphy/ptII/ptolemy/actor/lib/test/auto/AbsoluteValue2.xml
3 ms. Memory: 480768K Free: 293703K (61%)
----------------- Invoking toplevel() on ptolemy.moml.MoMLSimpleApplication@476b4601
----------------- Done invoking toplevel() on ptolemy.moml.MoMLSimpleApplication@476b4601
reloadAllAccessors: .AbsoluteValue2

===========================================================================================
----------------- testing Sun Feb 10 03:29:51 UTC 2019 /home/travis/build/icyphy/ptII/ptolemy/actor/lib/test/auto/Accumulator.xml
----------------- Instantiating /home/travis/build/icyphy/ptII/ptolemy/actor/lib/test/auto/Accumulator.xml
20 ms. Memory: 480768K Free: 274323K (57%)
----------------- Invoking toplevel() on ptolemy.moml.MoMLSimpleApplication@68b2019c
----------------- Done invoking toplevel() on ptolemy.moml.MoMLSimpleApplication@68b2019c
reloadAllAccessors: .Accumulator

===========================================================================================
----------------- testing Sun Feb 10 03:29:51 UTC 2019 /home/travis/build/icyphy/ptII/ptolemy/actor/lib/test/auto/Accumulator2.xml
----------------- Instantiating /home/travis/build/icyphy/ptII/ptolemy/actor/lib/test/auto/Accumulator2.xml
6 ms. Memory: 480768K Free: 266541K (55%)
----------------- Invoking toplevel() on ptolemy.moml.MoMLSimpleApplication@56dd00fb
----------------- Done invoking toplevel() on ptolemy.moml.MoMLSimpleApplication@56dd00fb
reloadAllAccessors: .Accumulator2

===========================================================================================
----------------- testing Sun Feb 10 03:29:52 UTC 2019 /home/travis/build/icyphy/ptII/ptolemy/actor/lib/test/auto/Accumulator3.xml
----------------- Instantiating /home/travis/build/icyphy/ptII/ptolemy/actor/lib/test/auto/Accumulator3.xml
2 ms. Memory: 480768K Free: 258758K (54%)
----------------- Invoking toplevel() on ptolemy.moml.MoMLSimpleApplication@5bccfae0
----------------- Done invoking toplevel() on ptolemy.moml.MoMLSimpleApplication@5bccfae0
reloadAllAccessors: .Accumulator3

===========================================================================================
----------------- testing Sun Feb 10 03:29:52 UTC 2019 /home/travis/build/icyphy/ptII/ptolemy/actor/lib/test/auto/ArrayAppend.xml
----------------- Instantiating /home/travis/build/icyphy/ptII/ptolemy/actor/lib/test/auto/ArrayAppend.xml
6 ms. Memory: 480768K Free: 250976K (52%)
----------------- Invoking toplevel() on ptolemy.moml.MoMLSimpleApplication@4a4fca46
----------------- Done invoking toplevel() on ptolemy.moml.MoMLSimpleApplication@4a4fca46
reloadAllAccessors: .ArrayAppend

===========================================================================================
----------------- testing Sun Feb 10 03:29:52 UTC 2019 /home/travis/build/icyphy/ptII/ptolemy/actor/lib/test/auto/ArrayAppend2.xml
----------------- Instantiating /home/travis/build/icyphy/ptII/ptolemy/actor/lib/test/auto/ArrayAppend2.xml
471 ms. Memory: 480768K Free: 157664K (33%)
----------------- Invoking toplevel() on ptolemy.moml.MoMLSimpleApplication@266515a9
----------------- Done invoking toplevel() on ptolemy.moml.MoMLSimpleApplication@266515a9
reloadAllAccessors: .ArrayAppend2

===========================================================================================
----------------- testing Sun Feb 10 03:29:52 UTC 2019 /home/travis/build/icyphy/ptII/ptolemy/actor/lib/test/auto/ArrayAppend3.xml
----------------- Instantiating /home/travis/build/icyphy/ptII/ptolemy/actor/lib/test/auto/ArrayAppend3.xml
5 ms. Memory: 480768K Free: 149881K (31%)
----------------- Invoking toplevel() on ptolemy.moml.MoMLSimpleApplication@5b37039d
----------------- Done invoking toplevel() on ptolemy.moml.MoMLSimpleApplication@5b37039d
reloadAllAccessors: .ArrayAppend3

===========================================================================================
----------------- testing Sun Feb 10 03:29:52 UTC 2019 /home/travis/build/icyphy/ptII/ptolemy/actor/lib/test/auto/ArrayAppend4.xml
----------------- Instantiating /home/travis/build/icyphy/ptII/ptolemy/actor/lib/test/auto/ArrayAppend4.xml
4 ms. Memory: 480768K Free: 142099K (30%)
----------------- Invoking toplevel() on ptolemy.moml.MoMLSimpleApplication@5576a211
----------------- Done invoking toplevel() on ptolemy.moml.MoMLSimpleApplication@5576a211
reloadAllAccessors: .ArrayAppend4

===========================================================================================
----------------- testing Sun Feb 10 03:29:52 UTC 2019 /home/travis/build/icyphy/ptII/ptolemy/actor/lib/test/auto/ArrayAppend5.xml
----------------- Instantiating /home/travis/build/icyphy/ptII/ptolemy/actor/lib/test/auto/ArrayAppend5.xml
1 ms. Memory: 480768K Free: 126610K (26%)
----------------- Invoking toplevel() on ptolemy.moml.MoMLSimpleApplication@9998691
----------------- Done invoking toplevel() on ptolemy.moml.MoMLSimpleApplication@9998691
reloadAllAccessors: .ArrayAppend5

===========================================================================================
----------------- testing Sun Feb 10 03:29:52 UTC 2019 /home/travis/build/icyphy/ptII/ptolemy/actor/lib/test/auto/ArrayAppend6.xml
----------------- Instantiating /home/travis/build/icyphy/ptII/ptolemy/actor/lib/test/auto/ArrayAppend6.xml
2 ms. Memory: 480768K Free: 118828K (25%)
----------------- Invoking toplevel() on ptolemy.moml.MoMLSimpleApplication@655a15df
----------------- Done invoking toplevel() on ptolemy.moml.MoMLSimpleApplication@655a15df
reloadAllAccessors: .ArrayAppend6

===========================================================================================
----------------- testing Sun Feb 10 03:29:52 UTC 2019 /home/travis/build/icyphy/ptII/ptolemy/actor/lib/test/auto/ArrayAppendPerformanceTest.xml
----------------- Instantiating /home/travis/build/icyphy/ptII/ptolemy/actor/lib/test/auto/ArrayAppendPerformanceTest.xml
21 ms. Memory: 480768K Free: 103239K (21%)
----------------- Invoking toplevel() on ptolemy.moml.MoMLSimpleApplication@331a2e56
----------------- Done invoking toplevel() on ptolemy.moml.MoMLSimpleApplication@331a2e56
reloadAllAccessors: .ArrayAppendPerformanceTest

===========================================================================================
----------------- testing Sun Feb 10 03:29:52 UTC 2019 /home/travis/build/icyphy/ptII/ptolemy/actor/lib/test/auto/ArrayAppendWithEmptyInput.xml
----------------- Instantiating /home/travis/build/icyphy/ptII/ptolemy/actor/lib/test/auto/ArrayAppendWithEmptyInput.xml
16 ms. Memory: 480768K Free: 91565K (19%)
----------------- Invoking toplevel() on ptolemy.moml.MoMLSimpleApplication@26518194
----------------- Done invoking toplevel() on ptolemy.moml.MoMLSimpleApplication@26518194
reloadAllAccessors: .ArrayAppendWithEmptyInput

===========================================================================================
----------------- testing Sun Feb 10 03:29:52 UTC 2019 /home/travis/build/icyphy/ptII/ptolemy/actor/lib/test/auto/ArrayAverage.xml
----------------- Instantiating /home/travis/build/icyphy/ptII/ptolemy/actor/lib/test/auto/ArrayAverage.xml
6 ms. Memory: 480768K Free: 72170K (15%)
----------------- Invoking toplevel() on ptolemy.moml.MoMLSimpleApplication@3b03d40d
----------------- Done invoking toplevel() on ptolemy.moml.MoMLSimpleApplication@3b03d40d
reloadAllAccessors: .ArrayAverage

===========================================================================================
----------------- testing Sun Feb 10 03:29:52 UTC 2019 /home/travis/build/icyphy/ptII/ptolemy/actor/lib/test/auto/ArrayContains.xml
----------------- Instantiating /home/travis/build/icyphy/ptII/ptolemy/actor/lib/test/auto/ArrayContains.xml
2 ms. Memory: 480768K Free: 64388K (13%)
----------------- Invoking toplevel() on ptolemy.moml.MoMLSimpleApplication@31db2886
----------------- Done invoking toplevel() on ptolemy.moml.MoMLSimpleApplication@31db2886
reloadAllAccessors: .ArrayContains

===========================================================================================
----------------- testing Sun Feb 10 03:29:52 UTC 2019 /home/travis/build/icyphy/ptII/ptolemy/actor/lib/test/auto/ArrayElement.xml
----------------- Instantiating /home/travis/build/icyphy/ptII/ptolemy/actor/lib/test/auto/ArrayElement.xml
7 ms. Memory: 480768K Free: 56605K (12%)
----------------- Invoking toplevel() on ptolemy.moml.MoMLSimpleApplication@4e4d9a5f
----------------- Done invoking toplevel() on ptolemy.moml.MoMLSimpleApplication@4e4d9a5f
reloadAllAccessors: .ArrayElement

===========================================================================================
----------------- testing Sun Feb 10 03:29:52 UTC 2019 /home/travis/build/icyphy/ptII/ptolemy/actor/lib/test/auto/ArrayElementAsMatrix.xml
----------------- Instantiating /home/travis/build/icyphy/ptII/ptolemy/actor/lib/test/auto/ArrayElementAsMatrix.xml
17 ms. Memory: 718848K Free: 654863K (91%)
----------------- Invoking toplevel() on ptolemy.moml.MoMLSimpleApplication@3c19f580
----------------- Done invoking toplevel() on ptolemy.moml.MoMLSimpleApplication@3c19f580
reloadAllAccessors: .ArrayElementAsMatrix

===========================================================================================
----------------- testing Sun Feb 10 03:29:53 UTC 2019 /home/travis/build/icyphy/ptII/ptolemy/actor/lib/test/auto/ArrayElementI.xml
----------------- Instantiating /home/travis/build/icyphy/ptII/ptolemy/actor/lib/test/auto/ArrayElementI.xml
2 ms. Memory: 718848K Free: 633620K (88%)
----------------- Invoking toplevel() on ptolemy.moml.MoMLSimpleApplication@1fd3b612
----------------- Done invoking toplevel() on ptolemy.moml.MoMLSimpleApplication@1fd3b612
reloadAllAccessors: .ArrayElementI

===========================================================================================
----------------- testing Sun Feb 10 03:29:53 UTC 2019 /home/travis/build/icyphy/ptII/ptolemy/actor/lib/test/auto/ArrayExtract.xml
----------------- Instantiating /home/travis/build/icyphy/ptII/ptolemy/actor/lib/test/auto/ArrayExtract.xml
4 ms. Memory: 718848K Free: 621169K (86%)
----------------- Invoking toplevel() on ptolemy.moml.MoMLSimpleApplication@1d7e58bc
----------------- Done invoking toplevel() on ptolemy.moml.MoMLSimpleApplication@1d7e58bc
reloadAllAccessors: .ArrayExtract

===========================================================================================
----------------- testing Sun Feb 10 03:29:53 UTC 2019 /home/travis/build/icyphy/ptII/ptolemy/actor/lib/test/auto/ArrayExtract2.xml
----------------- Instantiating /home/travis/build/icyphy/ptII/ptolemy/actor/lib/test/auto/ArrayExtract2.xml
2 ms. Memory: 718848K Free: 608717K (85%)
----------------- Invoking toplevel() on ptolemy.moml.MoMLSimpleApplication@794408c
----------------- Done invoking toplevel() on ptolemy.moml.MoMLSimpleApplication@794408c
reloadAllAccessors: .ArrayExtract2

===========================================================================================
----------------- testing Sun Feb 10 03:29:53 UTC 2019 /home/travis/build/icyphy/ptII/ptolemy/actor/lib/test/auto/ArrayLength.xml
----------------- Instantiating /home/travis/build/icyphy/ptII/ptolemy/actor/lib/test/auto/ArrayLength.xml
1 ms. Memory: 718848K Free: 596265K (83%)
----------------- Invoking toplevel() on ptolemy.moml.MoMLSimpleApplication@72dea429
----------------- Done invoking toplevel() on ptolemy.moml.MoMLSimpleApplication@72dea429
reloadAllAccessors: .ArrayLength

===========================================================================================
----------------- testing Sun Feb 10 03:29:53 UTC 2019 /home/travis/build/icyphy/ptII/ptolemy/actor/lib/test/auto/ArrayLevelCrossing.xml
----------------- Instantiating /home/travis/build/icyphy/ptII/ptolemy/actor/lib/test/auto/ArrayLevelCrossing.xml
6 ms. Memory: 718848K Free: 575022K (80%)
----------------- Invoking toplevel() on ptolemy.moml.MoMLSimpleApplication@1898e95f
----------------- Done invoking toplevel() on ptolemy.moml.MoMLSimpleApplication@1898e95f
reloadAllAccessors: .ArrayLevelCrossing

===========================================================================================
----------------- testing Sun Feb 10 03:29:53 UTC 2019 /home/travis/build/icyphy/ptII/ptolemy/actor/lib/test/auto/ArrayLevelCrossing2.xml
----------------- Instantiating /home/travis/build/icyphy/ptII/ptolemy/actor/lib/test/auto/ArrayLevelCrossing2.xml
3 ms. Memory: 718848K Free: 562570K (78%)
----------------- Invoking toplevel() on ptolemy.moml.MoMLSimpleApplication@660b0250
----------------- Done invoking toplevel() on ptolemy.moml.MoMLSimpleApplication@660b0250
reloadAllAccessors: .ArrayLevelCrossing2

===========================================================================================
----------------- testing Sun Feb 10 03:29:53 UTC 2019 /home/travis/build/icyphy/ptII/ptolemy/actor/lib/test/auto/ArrayPeakSearch.xml
----------------- Instantiating /home/travis/build/icyphy/ptII/ptolemy/actor/lib/test/auto/ArrayPeakSearch.xml
10 ms. Memory: 718848K Free: 543892K (76%)
----------------- Invoking toplevel() on ptolemy.moml.MoMLSimpleApplication@3a156d03
----------------- Done invoking toplevel() on ptolemy.moml.MoMLSimpleApplication@3a156d03
reloadAllAccessors: .ArrayPeakSearch

===========================================================================================
----------------- testing Sun Feb 10 03:29:53 UTC 2019 /home/travis/build/icyphy/ptII/ptolemy/actor/lib/test/auto/ArrayPeakSearch2.xml
----------------- Instantiating /home/travis/build/icyphy/ptII/ptolemy/actor/lib/test/auto/ArrayPeakSearch2.xml
3 ms. Memory: 718848K Free: 516399K (72%)
----------------- Invoking toplevel() on ptolemy.moml.MoMLSimpleApplication@23c97214
----------------- Done invoking toplevel() on ptolemy.moml.MoMLSimpleApplication@23c97214
reloadAllAccessors: .ArrayPeakSearch2

===========================================================================================
----------------- testing Sun Feb 10 03:29:53 UTC 2019 /home/travis/build/icyphy/ptII/ptolemy/actor/lib/test/auto/ArrayPeakSearch3.xml
----------------- Instantiating /home/travis/build/icyphy/ptII/ptolemy/actor/lib/test/auto/ArrayPeakSearch3.xml
3 ms. Memory: 718848K Free: 497705K (69%)
----------------- Invoking toplevel() on ptolemy.moml.MoMLSimpleApplication@4c5c0f89
----------------- Done invoking toplevel() on ptolemy.moml.MoMLSimpleApplication@4c5c0f89
reloadAllAccessors: .ArrayPeakSearch3

===========================================================================================
----------------- testing Sun Feb 10 03:29:53 UTC 2019 /home/travis/build/icyphy/ptII/ptolemy/actor/lib/test/auto/ArrayRemoveElement.xml
----------------- Instantiating /home/travis/build/icyphy/ptII/ptolemy/actor/lib/test/auto/ArrayRemoveElement.xml
3 ms. Memory: 718848K Free: 479027K (67%)
----------------- Invoking toplevel() on ptolemy.moml.MoMLSimpleApplication@35c27eac
----------------- Done invoking toplevel() on ptolemy.moml.MoMLSimpleApplication@35c27eac
reloadAllAccessors: .ArrayRemoveElement

===========================================================================================
----------------- testing Sun Feb 10 03:29:53 UTC 2019 /home/travis/build/icyphy/ptII/ptolemy/actor/lib/test/auto/ArraySort.xml
----------------- Instantiating /home/travis/build/icyphy/ptII/ptolemy/actor/lib/test/auto/ArraySort.xml
2 ms. Memory: 718848K Free: 460349K (64%)
----------------- Invoking toplevel() on ptolemy.moml.MoMLSimpleApplication@306faa57
----------------- Done invoking toplevel() on ptolemy.moml.MoMLSimpleApplication@306faa57
reloadAllAccessors: .ArraySort

===========================================================================================
----------------- testing Sun Feb 10 03:29:53 UTC 2019 /home/travis/build/icyphy/ptII/ptolemy/actor/lib/test/auto/ArraySum.xml
----------------- Instantiating /home/travis/build/icyphy/ptII/ptolemy/actor/lib/test/auto/ArraySum.xml
1 ms. Memory: 718848K Free: 439106K (61%)
----------------- Invoking toplevel() on ptolemy.moml.MoMLSimpleApplication@687e5a90
----------------- Done invoking toplevel() on ptolemy.moml.MoMLSimpleApplication@687e5a90
reloadAllAccessors: .ArraySum

===========================================================================================
----------------- testing Sun Feb 10 03:29:53 UTC 2019 /home/travis/build/icyphy/ptII/ptolemy/actor/lib/test/auto/ArrayToElements.xml
----------------- Instantiating /home/travis/build/icyphy/ptII/ptolemy/actor/lib/test/auto/ArrayToElements.xml
3 ms. Memory: 718848K Free: 426655K (59%)
----------------- Invoking toplevel() on ptolemy.moml.MoMLSimpleApplication@c6cecca
----------------- Done invoking toplevel() on ptolemy.moml.MoMLSimpleApplication@c6cecca
reloadAllAccessors: .ArrayToElements

===========================================================================================
----------------- testing Sun Feb 10 03:29:53 UTC 2019 /home/travis/build/icyphy/ptII/ptolemy/actor/lib/test/auto/ArrayToMatrix.xml
----------------- Instantiating /home/travis/build/icyphy/ptII/ptolemy/actor/lib/test/auto/ArrayToMatrix.xml
5 ms. Memory: 718848K Free: 401719K (56%)
----------------- Invoking toplevel() on ptolemy.moml.MoMLSimpleApplication@5756148b
----------------- Done invoking toplevel() on ptolemy.moml.MoMLSimpleApplication@5756148b
reloadAllAccessors: .ArrayToMatrix

===========================================================================================
----------------- testing Sun Feb 10 03:29:53 UTC 2019 /home/travis/build/icyphy/ptII/ptolemy/actor/lib/test/auto/ArrayUpdate1.xml
----------------- Instantiating /home/travis/build/icyphy/ptII/ptolemy/actor/lib/test/auto/ArrayUpdate1.xml
1 ms. Memory: 718848K Free: 389267K (54%)
----------------- Invoking toplevel() on ptolemy.moml.MoMLSimpleApplication@7ae4f809
----------------- Done invoking toplevel() on ptolemy.moml.MoMLSimpleApplication@7ae4f809
reloadAllAccessors: .ArrayUpdate1

===========================================================================================
----------------- testing Sun Feb 10 03:29:53 UTC 2019 /home/travis/build/icyphy/ptII/ptolemy/actor/lib/test/auto/ArrayUpdate2.xml
----------------- Instantiating /home/travis/build/icyphy/ptII/ptolemy/actor/lib/test/auto/ArrayUpdate2.xml
3 ms. Memory: 718848K Free: 368024K (51%)
----------------- Invoking toplevel() on ptolemy.moml.MoMLSimpleApplication@53cae6af
----------------- Done invoking toplevel() on ptolemy.moml.MoMLSimpleApplication@53cae6af
reloadAllAccessors: .ArrayUpdate2

===========================================================================================
----------------- testing Sun Feb 10 03:29:53 UTC 2019 /home/travis/build/icyphy/ptII/ptolemy/actor/lib/test/auto/ArrayUpdate3.xml
----------------- Instantiating /home/travis/build/icyphy/ptII/ptolemy/actor/lib/test/auto/ArrayUpdate3.xml
1 ms. Memory: 718848K Free: 355572K (49%)
----------------- Invoking toplevel() on ptolemy.moml.MoMLSimpleApplication@481d16e3
----------------- Done invoking toplevel() on ptolemy.moml.MoMLSimpleApplication@481d16e3
reloadAllAccessors: .ArrayUpdate3

===========================================================================================
----------------- testing Sun Feb 10 03:29:53 UTC 2019 /home/travis/build/icyphy/ptII/ptolemy/actor/lib/test/auto/Assert1.xml
----------------- Instantiating /home/travis/build/icyphy/ptII/ptolemy/actor/lib/test/auto/Assert1.xml
2 ms. Memory: 718848K Free: 343120K (48%)
----------------- Invoking toplevel() on ptolemy.moml.MoMLSimpleApplication@3c19032e
----------------- Done invoking toplevel() on ptolemy.moml.MoMLSimpleApplication@3c19032e
reloadAllAccessors: .Assert1

===========================================================================================
----------------- testing Sun Feb 10 03:29:53 UTC 2019 /home/travis/build/icyphy/ptII/ptolemy/actor/lib/test/auto/Assert2.xml
----------------- Instantiating /home/travis/build/icyphy/ptII/ptolemy/actor/lib/test/auto/Assert2.xml
8 ms. Memory: 718848K Free: 330668K (46%)
----------------- Invoking toplevel() on ptolemy.moml.MoMLSimpleApplication@18d818ea
----------------- Done invoking toplevel() on ptolemy.moml.MoMLSimpleApplication@18d818ea
reloadAllAccessors: .Assert2

===========================================================================================
----------------- testing Sun Feb 10 03:29:53 UTC 2019 /home/travis/build/icyphy/ptII/ptolemy/actor/lib/test/auto/BooleanMultiplexor.xml
----------------- Instantiating /home/travis/build/icyphy/ptII/ptolemy/actor/lib/test/auto/BooleanMultiplexor.xml
3 ms. Memory: 718848K Free: 309426K (43%)
----------------- Invoking toplevel() on ptolemy.moml.MoMLSimpleApplication@778139c7
----------------- Done invoking toplevel() on ptolemy.moml.MoMLSimpleApplication@778139c7
reloadAllAccessors: .BooleanMultiplexor

===========================================================================================
----------------- testing Sun Feb 10 03:29:53 UTC 2019 /home/travis/build/icyphy/ptII/ptolemy/actor/lib/test/auto/BooleanMultiplexor2.xml
----------------- Instantiating /home/travis/build/icyphy/ptII/ptolemy/actor/lib/test/auto/BooleanMultiplexor2.xml
5 ms. Memory: 718848K Free: 296974K (41%)
----------------- Invoking toplevel() on ptolemy.moml.MoMLSimpleApplication@40faab1c
----------------- Done invoking toplevel() on ptolemy.moml.MoMLSimpleApplication@40faab1c
reloadAllAccessors: .BooleanMultiplexor2

===========================================================================================
----------------- testing Sun Feb 10 03:29:53 UTC 2019 /home/travis/build/icyphy/ptII/ptolemy/actor/lib/test/auto/BooleanMultiplexor3.xml
----------------- Instantiating /home/travis/build/icyphy/ptII/ptolemy/actor/lib/test/auto/BooleanMultiplexor3.xml
3 ms. Memory: 718848K Free: 284522K (40%)
----------------- Invoking toplevel() on ptolemy.moml.MoMLSimpleApplication@28e47bf7
----------------- Done invoking toplevel() on ptolemy.moml.MoMLSimpleApplication@28e47bf7
reloadAllAccessors: .BooleanMultiplexor3

===========================================================================================
----------------- testing Sun Feb 10 03:29:53 UTC 2019 /home/travis/build/icyphy/ptII/ptolemy/actor/lib/test/auto/BooleanSelect.xml
----------------- Instantiating /home/travis/build/icyphy/ptII/ptolemy/actor/lib/test/auto/BooleanSelect.xml
7 ms. Memory: 718848K Free: 272070K (38%)
----------------- Invoking toplevel() on ptolemy.moml.MoMLSimpleApplication@51e8cebd
----------------- Done invoking toplevel() on ptolemy.moml.MoMLSimpleApplication@51e8cebd
reloadAllAccessors: .BooleanSelect

===========================================================================================
----------------- testing Sun Feb 10 03:29:53 UTC 2019 /home/travis/build/icyphy/ptII/ptolemy/actor/lib/test/auto/BooleanSelect2.xml
----------------- Instantiating /home/travis/build/icyphy/ptII/ptolemy/actor/lib/test/auto/BooleanSelect2.xml
2 ms. Memory: 718848K Free: 250827K (35%)
----------------- Invoking toplevel() on ptolemy.moml.MoMLSimpleApplication@6fde3b64
----------------- Done invoking toplevel() on ptolemy.moml.MoMLSimpleApplication@6fde3b64
reloadAllAccessors: .BooleanSelect2

===========================================================================================
----------------- testing Sun Feb 10 03:29:53 UTC 2019 /home/travis/build/icyphy/ptII/ptolemy/actor/lib/test/auto/BooleanSwitch.xml
----------------- Instantiating /home/travis/build/icyphy/ptII/ptolemy/actor/lib/test/auto/BooleanSwitch.xml
4 ms. Memory: 718848K Free: 238375K (33%)
----------------- Invoking toplevel() on ptolemy.moml.MoMLSimpleApplication@19e40d05
----------------- Done invoking toplevel() on ptolemy.moml.MoMLSimpleApplication@19e40d05
reloadAllAccessors: .BooleanSwitch

===========================================================================================
----------------- testing Sun Feb 10 03:29:53 UTC 2019 /home/travis/build/icyphy/ptII/ptolemy/actor/lib/test/auto/BooleanSwitch2.xml
----------------- Instantiating /home/travis/build/icyphy/ptII/ptolemy/actor/lib/test/auto/BooleanSwitch2.xml
2 ms. Memory: 718848K Free: 225923K (31%)
----------------- Invoking toplevel() on ptolemy.moml.MoMLSimpleApplication@20e400d6
----------------- Done invoking toplevel() on ptolemy.moml.MoMLSimpleApplication@20e400d6
reloadAllAccessors: .BooleanSwitch2

===========================================================================================
----------------- testing Sun Feb 10 03:29:53 UTC 2019 /home/travis/build/icyphy/ptII/ptolemy/actor/lib/test/auto/BooleanSwitchCloningBugWithClassRelationGroup.xml
----------------- Instantiating /home/travis/build/icyphy/ptII/ptolemy/actor/lib/test/auto/BooleanSwitchCloningBugWithClassRelationGroup.xml
3 ms. Memory: 718848K Free: 213471K (30%)
----------------- Invoking toplevel() on ptolemy.moml.MoMLSimpleApplication@14149bd9
----------------- Done invoking toplevel() on ptolemy.moml.MoMLSimpleApplication@14149bd9
reloadAllAccessors: .BooleanSwitchCloningBugWithClassRelationGroup

===========================================================================================
----------------- testing Sun Feb 10 03:29:53 UTC 2019 /home/travis/build/icyphy/ptII/ptolemy/actor/lib/test/auto/BusActors.xml
----------------- Instantiating /home/travis/build/icyphy/ptII/ptolemy/actor/lib/test/auto/BusActors.xml
4 ms. Memory: 718848K Free: 192229K (27%)
----------------- Invoking toplevel() on ptolemy.moml.MoMLSimpleApplication@1f3a1a35
----------------- Done invoking toplevel() on ptolemy.moml.MoMLSimpleApplication@1f3a1a35
reloadAllAccessors: .BusActors

===========================================================================================
----------------- testing Sun Feb 10 03:29:53 UTC 2019 /home/travis/build/icyphy/ptII/ptolemy/actor/lib/test/auto/ClassWrapper.xml
----------------- Instantiating /home/travis/build/icyphy/ptII/ptolemy/actor/lib/test/auto/ClassWrapper.xml
3 ms. Memory: 718848K Free: 179777K (25%)
----------------- Invoking toplevel() on ptolemy.moml.MoMLSimpleApplication@70106439
----------------- Done invoking toplevel() on ptolemy.moml.MoMLSimpleApplication@70106439
reloadAllAccessors: .ClassWrapper

===========================================================================================
----------------- testing Sun Feb 10 03:29:53 UTC 2019 /home/travis/build/icyphy/ptII/ptolemy/actor/lib/test/auto/Clock.xml
----------------- Instantiating /home/travis/build/icyphy/ptII/ptolemy/actor/lib/test/auto/Clock.xml
2 ms. Memory: 718848K Free: 167325K (23%)
----------------- Invoking toplevel() on ptolemy.moml.MoMLSimpleApplication@7ea77b68
----------------- Done invoking toplevel() on ptolemy.moml.MoMLSimpleApplication@7ea77b68
reloadAllAccessors: .Clock

===========================================================================================
----------------- testing Sun Feb 10 03:29:53 UTC 2019 /home/travis/build/icyphy/ptII/ptolemy/actor/lib/test/auto/Clock10.xml
----------------- Instantiating /home/travis/build/icyphy/ptII/ptolemy/actor/lib/test/auto/Clock10.xml
3 ms. Memory: 718848K Free: 154873K (22%)
----------------- Invoking toplevel() on ptolemy.moml.MoMLSimpleApplication@52388db5
----------------- Done invoking toplevel() on ptolemy.moml.MoMLSimpleApplication@52388db5
reloadAllAccessors: .Clock10

===========================================================================================
----------------- testing Sun Feb 10 03:29:53 UTC 2019 /home/travis/build/icyphy/ptII/ptolemy/actor/lib/test/auto/Clock11.xml
----------------- Instantiating /home/travis/build/icyphy/ptII/ptolemy/actor/lib/test/auto/Clock11.xml
5 ms. Memory: 718848K Free: 133630K (19%)
----------------- Invoking toplevel() on ptolemy.moml.MoMLSimpleApplication@4abcdfe2
----------------- Done invoking toplevel() on ptolemy.moml.MoMLSimpleApplication@4abcdfe2
reloadAllAccessors: .Clock11

===========================================================================================
----------------- testing Sun Feb 10 03:29:53 UTC 2019 /home/travis/build/icyphy/ptII/ptolemy/actor/lib/test/auto/Clock12.xml
----------------- Instantiating /home/travis/build/icyphy/ptII/ptolemy/actor/lib/test/auto/Clock12.xml
4 ms. Memory: 718848K Free: 121178K (17%)
----------------- Invoking toplevel() on ptolemy.moml.MoMLSimpleApplication@11befc2c
----------------- Done invoking toplevel() on ptolemy.moml.MoMLSimpleApplication@11befc2c
reloadAllAccessors: .Clock12

===========================================================================================
----------------- testing Sun Feb 10 03:29:54 UTC 2019 /home/travis/build/icyphy/ptII/ptolemy/actor/lib/test/auto/Clock13.xml
----------------- Instantiating /home/travis/build/icyphy/ptII/ptolemy/actor/lib/test/auto/Clock13.xml
2 ms. Memory: 718848K Free: 108726K (15%)
----------------- Invoking toplevel() on ptolemy.moml.MoMLSimpleApplication@352adadf
----------------- Done invoking toplevel() on ptolemy.moml.MoMLSimpleApplication@352adadf
reloadAllAccessors: .Clock13

===========================================================================================
----------------- testing Sun Feb 10 03:29:54 UTC 2019 /home/travis/build/icyphy/ptII/ptolemy/actor/lib/test/auto/Clock14.xml
----------------- Instantiating /home/travis/build/icyphy/ptII/ptolemy/actor/lib/test/auto/Clock14.xml
4 ms. Memory: 718848K Free: 96274K (13%)
----------------- Invoking toplevel() on ptolemy.moml.MoMLSimpleApplication@36257e3a
----------------- Done invoking toplevel() on ptolemy.moml.MoMLSimpleApplication@36257e3a
reloadAllAccessors: .Clock14

===========================================================================================
----------------- testing Sun Feb 10 03:29:54 UTC 2019 /home/travis/build/icyphy/ptII/ptolemy/actor/lib/test/auto/Clock15.xml
----------------- Instantiating /home/travis/build/icyphy/ptII/ptolemy/actor/lib/test/auto/Clock15.xml
7 ms. Memory: 718848K Free: 75031K (10%)
----------------- Invoking toplevel() on ptolemy.moml.MoMLSimpleApplication@1911c251
----------------- Done invoking toplevel() on ptolemy.moml.MoMLSimpleApplication@1911c251
reloadAllAccessors: .Clock15

===========================================================================================
----------------- testing Sun Feb 10 03:29:54 UTC 2019 /home/travis/build/icyphy/ptII/ptolemy/actor/lib/test/auto/Clock16.xml
----------------- Instantiating /home/travis/build/icyphy/ptII/ptolemy/actor/lib/test/auto/Clock16.xml
20 ms. Memory: 718848K Free: 57305K (8%)
----------------- Invoking toplevel() on ptolemy.moml.MoMLSimpleApplication@4e7afc26
----------------- Done invoking toplevel() on ptolemy.moml.MoMLSimpleApplication@4e7afc26
reloadAllAccessors: .Clock16

===========================================================================================
----------------- testing Sun Feb 10 03:29:54 UTC 2019 /home/travis/build/icyphy/ptII/ptolemy/actor/lib/test/auto/Clock17.xml
----------------- Instantiating /home/travis/build/icyphy/ptII/ptolemy/actor/lib/test/auto/Clock17.xml
15 ms. Memory: 719360K Free: 665300K (92%)
----------------- Invoking toplevel() on ptolemy.moml.MoMLSimpleApplication@36f2b29a
----------------- Done invoking toplevel() on ptolemy.moml.MoMLSimpleApplication@36f2b29a
reloadAllAccessors: .Clock17

===========================================================================================
----------------- testing Sun Feb 10 03:29:54 UTC 2019 /home/travis/build/icyphy/ptII/ptolemy/actor/lib/test/auto/Clock18.xml
----------------- Instantiating /home/travis/build/icyphy/ptII/ptolemy/actor/lib/test/auto/Clock18.xml
27 ms. Memory: 719360K Free: 642319K (89%)
----------------- Invoking toplevel() on ptolemy.moml.MoMLSimpleApplication@1ecacc75
----------------- Done invoking toplevel() on ptolemy.moml.MoMLSimpleApplication@1ecacc75
reloadAllAccessors: .Clock18

===========================================================================================
----------------- testing Sun Feb 10 03:29:54 UTC 2019 /home/travis/build/icyphy/ptII/ptolemy/actor/lib/test/auto/Clock19.xml
----------------- Instantiating /home/travis/build/icyphy/ptII/ptolemy/actor/lib/test/auto/Clock19.xml
15 ms. Memory: 719360K Free: 625693K (87%)
----------------- Invoking toplevel() on ptolemy.moml.MoMLSimpleApplication@15475d5e
----------------- Done invoking toplevel() on ptolemy.moml.MoMLSimpleApplication@15475d5e
reloadAllAccessors: .Clock19

===========================================================================================
----------------- testing Sun Feb 10 03:29:54 UTC 2019 /home/travis/build/icyphy/ptII/ptolemy/actor/lib/test/auto/Clock2.xml
----------------- Instantiating /home/travis/build/icyphy/ptII/ptolemy/actor/lib/test/auto/Clock2.xml
7 ms. Memory: 719360K Free: 611122K (85%)
----------------- Invoking toplevel() on ptolemy.moml.MoMLSimpleApplication@54f20fff
----------------- Done invoking toplevel() on ptolemy.moml.MoMLSimpleApplication@54f20fff
reloadAllAccessors: .Clock2

===========================================================================================
----------------- testing Sun Feb 10 03:29:54 UTC 2019 /home/travis/build/icyphy/ptII/ptolemy/actor/lib/test/auto/Clock20.xml
----------------- Instantiating /home/travis/build/icyphy/ptII/ptolemy/actor/lib/test/auto/Clock20.xml
6 ms. Memory: 719360K Free: 602821K (84%)
----------------- Invoking toplevel() on ptolemy.moml.MoMLSimpleApplication@55c9e1a6
----------------- Done invoking toplevel() on ptolemy.moml.MoMLSimpleApplication@55c9e1a6
reloadAllAccessors: .Clock20

===========================================================================================
----------------- testing Sun Feb 10 03:29:54 UTC 2019 /home/travis/build/icyphy/ptII/ptolemy/actor/lib/test/auto/Clock21.xml
----------------- Instantiating /home/travis/build/icyphy/ptII/ptolemy/actor/lib/test/auto/Clock21.xml
1 ms. Memory: 719360K Free: 594520K (83%)
----------------- Invoking toplevel() on ptolemy.moml.MoMLSimpleApplication@4d4d5b2f
----------------- Done invoking toplevel() on ptolemy.moml.MoMLSimpleApplication@4d4d5b2f
reloadAllAccessors: .Clock21

===========================================================================================
----------------- testing Sun Feb 10 03:29:54 UTC 2019 /home/travis/build/icyphy/ptII/ptolemy/actor/lib/test/auto/Clock22.xml
----------------- Instantiating /home/travis/build/icyphy/ptII/ptolemy/actor/lib/test/auto/Clock22.xml
1 ms. Memory: 719360K Free: 579949K (81%)
----------------- Invoking toplevel() on ptolemy.moml.MoMLSimpleApplication@4c85fa64
----------------- Done invoking toplevel() on ptolemy.moml.MoMLSimpleApplication@4c85fa64
reloadAllAccessors: .Clock22

===========================================================================================
----------------- testing Sun Feb 10 03:29:54 UTC 2019 /home/travis/build/icyphy/ptII/ptolemy/actor/lib/test/auto/Clock23.xml
----------------- Instantiating /home/travis/build/icyphy/ptII/ptolemy/actor/lib/test/auto/Clock23.xml
2 ms. Memory: 719360K Free: 571648K (79%)
----------------- Invoking toplevel() on ptolemy.moml.MoMLSimpleApplication@740afb06
----------------- Done invoking toplevel() on ptolemy.moml.MoMLSimpleApplication@740afb06
reloadAllAccessors: .Clock23

===========================================================================================
----------------- testing Sun Feb 10 03:29:54 UTC 2019 /home/travis/build/icyphy/ptII/ptolemy/actor/lib/test/auto/Clock24.xml
----------------- Instantiating /home/travis/build/icyphy/ptII/ptolemy/actor/lib/test/auto/Clock24.xml
2 ms. Memory: 719360K Free: 563346K (78%)
----------------- Invoking toplevel() on ptolemy.moml.MoMLSimpleApplication@345fdd77
----------------- Done invoking toplevel() on ptolemy.moml.MoMLSimpleApplication@345fdd77
reloadAllAccessors: .Clock24

===========================================================================================
----------------- testing Sun Feb 10 03:29:54 UTC 2019 /home/travis/build/icyphy/ptII/ptolemy/actor/lib/test/auto/Clock4.xml
----------------- Instantiating /home/travis/build/icyphy/ptII/ptolemy/actor/lib/test/auto/Clock4.xml
1 ms. Memory: 719360K Free: 548775K (76%)
----------------- Invoking toplevel() on ptolemy.moml.MoMLSimpleApplication@5169c4de
----------------- Done invoking toplevel() on ptolemy.moml.MoMLSimpleApplication@5169c4de
reloadAllAccessors: .Clock4

===========================================================================================
----------------- testing Sun Feb 10 03:29:54 UTC 2019 /home/travis/build/icyphy/ptII/ptolemy/actor/lib/test/auto/Clock5.xml
----------------- Instantiating /home/travis/build/icyphy/ptII/ptolemy/actor/lib/test/auto/Clock5.xml
2 ms. Memory: 719360K Free: 540474K (75%)
----------------- Invoking toplevel() on ptolemy.moml.MoMLSimpleApplication@32f7b2f3
----------------- Done invoking toplevel() on ptolemy.moml.MoMLSimpleApplication@32f7b2f3
reloadAllAccessors: .Clock5

===========================================================================================
----------------- testing Sun Feb 10 03:29:54 UTC 2019 /home/travis/build/icyphy/ptII/ptolemy/actor/lib/test/auto/Clock6.xml
----------------- Instantiating /home/travis/build/icyphy/ptII/ptolemy/actor/lib/test/auto/Clock6.xml
1 ms. Memory: 719360K Free: 532173K (74%)
----------------- Invoking toplevel() on ptolemy.moml.MoMLSimpleApplication@9518c82
----------------- Done invoking toplevel() on ptolemy.moml.MoMLSimpleApplication@9518c82
reloadAllAccessors: .Clock6

===========================================================================================
----------------- testing Sun Feb 10 03:29:54 UTC 2019 /home/travis/build/icyphy/ptII/ptolemy/actor/lib/test/auto/Clock7.xml
----------------- Instantiating /home/travis/build/icyphy/ptII/ptolemy/actor/lib/test/auto/Clock7.xml
2 ms. Memory: 719360K Free: 517602K (72%)
----------------- Invoking toplevel() on ptolemy.moml.MoMLSimpleApplication@76814b2
----------------- Done invoking toplevel() on ptolemy.moml.MoMLSimpleApplication@76814b2
reloadAllAccessors: .Clock7

===========================================================================================
----------------- testing Sun Feb 10 03:29:54 UTC 2019 /home/travis/build/icyphy/ptII/ptolemy/actor/lib/test/auto/Clock8.xml
----------------- Instantiating /home/travis/build/icyphy/ptII/ptolemy/actor/lib/test/auto/Clock8.xml
6 ms. Memory: 719360K Free: 509301K (71%)
----------------- Invoking toplevel() on ptolemy.moml.MoMLSimpleApplication@38c6c257
----------------- Done invoking toplevel() on ptolemy.moml.MoMLSimpleApplication@38c6c257
reloadAllAccessors: .Clock8

===========================================================================================
----------------- testing Sun Feb 10 03:29:54 UTC 2019 /home/travis/build/icyphy/ptII/ptolemy/actor/lib/test/auto/Clock9.xml
----------------- Instantiating /home/travis/build/icyphy/ptII/ptolemy/actor/lib/test/auto/Clock9.xml
6 ms. Memory: 719360K Free: 494730K (69%)
----------------- Invoking toplevel() on ptolemy.moml.MoMLSimpleApplication@19d615a8
----------------- Done invoking toplevel() on ptolemy.moml.MoMLSimpleApplication@19d615a8
reloadAllAccessors: .Clock9

===========================================================================================
----------------- testing Sun Feb 10 03:29:54 UTC 2019 /home/travis/build/icyphy/ptII/ptolemy/actor/lib/test/auto/CommDistDiscard.xml
----------------- Instantiating /home/travis/build/icyphy/ptII/ptolemy/actor/lib/test/auto/CommDistDiscard.xml
2 ms. Memory: 719360K Free: 486429K (68%)
----------------- Invoking toplevel() on ptolemy.moml.MoMLSimpleApplication@6c7556c
----------------- Done invoking toplevel() on ptolemy.moml.MoMLSimpleApplication@6c7556c
reloadAllAccessors: .CommDistDiscard

===========================================================================================
----------------- testing Sun Feb 10 03:29:54 UTC 2019 /home/travis/build/icyphy/ptII/ptolemy/actor/lib/test/auto/Commutator.xml
----------------- Instantiating /home/travis/build/icyphy/ptII/ptolemy/actor/lib/test/auto/Commutator.xml
1 ms. Memory: 719360K Free: 478127K (66%)
----------------- Invoking toplevel() on ptolemy.moml.MoMLSimpleApplication@5ebb5db0
----------------- Done invoking toplevel() on ptolemy.moml.MoMLSimpleApplication@5ebb5db0
reloadAllAccessors: .Commutator

===========================================================================================
----------------- testing Sun Feb 10 03:29:54 UTC 2019 /home/travis/build/icyphy/ptII/ptolemy/actor/lib/test/auto/Commutator2.xml
----------------- Instantiating /home/travis/build/icyphy/ptII/ptolemy/actor/lib/test/auto/Commutator2.xml
2 ms. Memory: 719360K Free: 463556K (64%)
----------------- Invoking toplevel() on ptolemy.moml.MoMLSimpleApplication@2d83b861
----------------- Done invoking toplevel() on ptolemy.moml.MoMLSimpleApplication@2d83b861
reloadAllAccessors: .Commutator2

===========================================================================================
----------------- testing Sun Feb 10 03:29:54 UTC 2019 /home/travis/build/icyphy/ptII/ptolemy/actor/lib/test/auto/Commutator3.xml
----------------- Instantiating /home/travis/build/icyphy/ptII/ptolemy/actor/lib/test/auto/Commutator3.xml
1 ms. Memory: 719360K Free: 455255K (63%)
----------------- Invoking toplevel() on ptolemy.moml.MoMLSimpleApplication@1069c587
----------------- Done invoking toplevel() on ptolemy.moml.MoMLSimpleApplication@1069c587
reloadAllAccessors: .Commutator3

===========================================================================================
----------------- testing Sun Feb 10 03:29:54 UTC 2019 /home/travis/build/icyphy/ptII/ptolemy/actor/lib/test/auto/Compare.xml
----------------- Instantiating /home/travis/build/icyphy/ptII/ptolemy/actor/lib/test/auto/Compare.xml
2 ms. Memory: 719360K Free: 442787K (62%)
----------------- Invoking toplevel() on ptolemy.moml.MoMLSimpleApplication@262908ed
----------------- Done invoking toplevel() on ptolemy.moml.MoMLSimpleApplication@262908ed
reloadAllAccessors: .Compare

===========================================================================================
----------------- testing Sun Feb 10 03:29:54 UTC 2019 /home/travis/build/icyphy/ptII/ptolemy/actor/lib/test/auto/CompareDE.xml
----------------- Instantiating /home/travis/build/icyphy/ptII/ptolemy/actor/lib/test/auto/CompareDE.xml
3 ms. Memory: 719360K Free: 428216K (60%)
----------------- Invoking toplevel() on ptolemy.moml.MoMLSimpleApplication@13b97bba
----------------- Done invoking toplevel() on ptolemy.moml.MoMLSimpleApplication@13b97bba
reloadAllAccessors: .CompareDE

===========================================================================================
----------------- testing Sun Feb 10 03:29:54 UTC 2019 /home/travis/build/icyphy/ptII/ptolemy/actor/lib/test/auto/ComplexDivide.xml
----------------- Instantiating /home/travis/build/icyphy/ptII/ptolemy/actor/lib/test/auto/ComplexDivide.xml
1 ms. Memory: 719360K Free: 419915K (58%)
----------------- Invoking toplevel() on ptolemy.moml.MoMLSimpleApplication@32f2e8c4
----------------- Done invoking toplevel() on ptolemy.moml.MoMLSimpleApplication@32f2e8c4
reloadAllAccessors: .ComplexDivide

===========================================================================================
----------------- testing Sun Feb 10 03:29:54 UTC 2019 /home/travis/build/icyphy/ptII/ptolemy/actor/lib/test/auto/ComputeHistogram.xml
----------------- Instantiating /home/travis/build/icyphy/ptII/ptolemy/actor/lib/test/auto/ComputeHistogram.xml
35 ms. Memory: 719360K Free: 403281K (56%)
----------------- Invoking toplevel() on ptolemy.moml.MoMLSimpleApplication@2195a5af
----------------- Done invoking toplevel() on ptolemy.moml.MoMLSimpleApplication@2195a5af
reloadAllAccessors: .ComputeHistogram

===========================================================================================
----------------- testing Sun Feb 10 03:29:54 UTC 2019 /home/travis/build/icyphy/ptII/ptolemy/actor/lib/test/auto/ConfigurationSelect.xml
----------------- Instantiating /home/travis/build/icyphy/ptII/ptolemy/actor/lib/test/auto/ConfigurationSelect.xml
3 ms. Memory: 719360K Free: 388710K (54%)
----------------- Invoking toplevel() on ptolemy.moml.MoMLSimpleApplication@1e667f99
----------------- Done invoking toplevel() on ptolemy.moml.MoMLSimpleApplication@1e667f99
reloadAllAccessors: .ConfigurationSelect

===========================================================================================
----------------- testing Sun Feb 10 03:29:54 UTC 2019 /home/travis/build/icyphy/ptII/ptolemy/actor/lib/test/auto/ConfigurationSelect2.xml
----------------- Instantiating /home/travis/build/icyphy/ptII/ptolemy/actor/lib/test/auto/ConfigurationSelect2.xml
2 ms. Memory: 719360K Free: 380409K (53%)
----------------- Invoking toplevel() on ptolemy.moml.MoMLSimpleApplication@6a3474fe
----------------- Done invoking toplevel() on ptolemy.moml.MoMLSimpleApplication@6a3474fe
reloadAllAccessors: .ConfigurationSelect2

===========================================================================================
----------------- testing Sun Feb 10 03:29:54 UTC 2019 /home/travis/build/icyphy/ptII/ptolemy/actor/lib/test/auto/ConfigurationSwitch.xml
----------------- Instantiating /home/travis/build/icyphy/ptII/ptolemy/actor/lib/test/auto/ConfigurationSwitch.xml
2 ms. Memory: 719360K Free: 365838K (51%)
----------------- Invoking toplevel() on ptolemy.moml.MoMLSimpleApplication@747e6720
----------------- Done invoking toplevel() on ptolemy.moml.MoMLSimpleApplication@747e6720
reloadAllAccessors: .ConfigurationSwitch

===========================================================================================
----------------- testing Sun Feb 10 03:29:54 UTC 2019 /home/travis/build/icyphy/ptII/ptolemy/actor/lib/test/auto/ConfigurationSwitch2.xml
----------------- Instantiating /home/travis/build/icyphy/ptII/ptolemy/actor/lib/test/auto/ConfigurationSwitch2.xml
3 ms. Memory: 719360K Free: 357537K (50%)
----------------- Invoking toplevel() on ptolemy.moml.MoMLSimpleApplication@47c68901
----------------- Done invoking toplevel() on ptolemy.moml.MoMLSimpleApplication@47c68901
reloadAllAccessors: .ConfigurationSwitch2

===========================================================================================
----------------- testing Sun Feb 10 03:29:54 UTC 2019 /home/travis/build/icyphy/ptII/ptolemy/actor/lib/test/auto/ConfigurationSwitchCloningBugWithClassRelationGroup.xml
----------------- Instantiating /home/travis/build/icyphy/ptII/ptolemy/actor/lib/test/auto/ConfigurationSwitchCloningBugWithClassRelationGroup.xml
2 ms. Memory: 719360K Free: 345069K (48%)
----------------- Invoking toplevel() on ptolemy.moml.MoMLSimpleApplication@6b549fb5
----------------- Done invoking toplevel() on ptolemy.moml.MoMLSimpleApplication@6b549fb5
reloadAllAccessors: .ConfigurationSwitchCloningBugWithClassRelationGroup

===========================================================================================
----------------- testing Sun Feb 10 03:29:54 UTC 2019 /home/travis/build/icyphy/ptII/ptolemy/actor/lib/test/auto/ConfigurationSwitchSelectSDF.xml
----------------- Instantiating /home/travis/build/icyphy/ptII/ptolemy/actor/lib/test/auto/ConfigurationSwitchSelectSDF.xml
3 ms. Memory: 719360K Free: 330498K (46%)
----------------- Invoking toplevel() on ptolemy.moml.MoMLSimpleApplication@2031f758
----------------- Done invoking toplevel() on ptolemy.moml.MoMLSimpleApplication@2031f758
reloadAllAccessors: .ConfigurationSwitchSelectSDF

===========================================================================================
----------------- testing Sun Feb 10 03:29:54 UTC 2019 /home/travis/build/icyphy/ptII/ptolemy/actor/lib/test/auto/ConfigurationSwitchSelectSDF2.xml
----------------- Instantiating /home/travis/build/icyphy/ptII/ptolemy/actor/lib/test/auto/ConfigurationSwitchSelectSDF2.xml
2 ms. Memory: 719360K Free: 322197K (45%)
----------------- Invoking toplevel() on ptolemy.moml.MoMLSimpleApplication@13f3f904
----------------- Done invoking toplevel() on ptolemy.moml.MoMLSimpleApplication@13f3f904
reloadAllAccessors: .ConfigurationSwitchSelectSDF2

===========================================================================================
----------------- testing Sun Feb 10 03:29:54 UTC 2019 /home/travis/build/icyphy/ptII/ptolemy/actor/lib/test/auto/Const.xml
----------------- Instantiating /home/travis/build/icyphy/ptII/ptolemy/actor/lib/test/auto/Const.xml
1 ms. Memory: 719360K Free: 313895K (44%)
----------------- Invoking toplevel() on ptolemy.moml.MoMLSimpleApplication@3c177367
----------------- Done invoking toplevel() on ptolemy.moml.MoMLSimpleApplication@3c177367
reloadAllAccessors: .Const

===========================================================================================
----------------- testing Sun Feb 10 03:29:54 UTC 2019 /home/travis/build/icyphy/ptII/ptolemy/actor/lib/test/auto/Const2.xml
----------------- Instantiating /home/travis/build/icyphy/ptII/ptolemy/actor/lib/test/auto/Const2.xml
1 ms. Memory: 719360K Free: 299324K (42%)
----------------- Invoking toplevel() on ptolemy.moml.MoMLSimpleApplication@5aeeeb6c
----------------- Done invoking toplevel() on ptolemy.moml.MoMLSimpleApplication@5aeeeb6c
reloadAllAccessors: .Const2

===========================================================================================
----------------- testing Sun Feb 10 03:29:54 UTC 2019 /home/travis/build/icyphy/ptII/ptolemy/actor/lib/test/auto/Const3.xml
----------------- Instantiating /home/travis/build/icyphy/ptII/ptolemy/actor/lib/test/auto/Const3.xml
2 ms. Memory: 719360K Free: 291023K (40%)
----------------- Invoking toplevel() on ptolemy.moml.MoMLSimpleApplication@2f863586
----------------- Done invoking toplevel() on ptolemy.moml.MoMLSimpleApplication@2f863586
reloadAllAccessors: .Const3

===========================================================================================
----------------- testing Sun Feb 10 03:29:54 UTC 2019 /home/travis/build/icyphy/ptII/ptolemy/actor/lib/test/auto/ConstantPublisherPort1.xml
----------------- Instantiating /home/travis/build/icyphy/ptII/ptolemy/actor/lib/test/auto/ConstantPublisherPort1.xml
6 ms. Memory: 719360K Free: 278555K (39%)
----------------- Invoking toplevel() on ptolemy.moml.MoMLSimpleApplication@43f95bda
----------------- Done invoking toplevel() on ptolemy.moml.MoMLSimpleApplication@43f95bda
reloadAllAccessors: .ConstantPublisherPort1

===========================================================================================
----------------- testing Sun Feb 10 03:29:54 UTC 2019 /home/travis/build/icyphy/ptII/ptolemy/actor/lib/test/auto/ConstantPublisherPort2.xml
----------------- Instantiating /home/travis/build/icyphy/ptII/ptolemy/actor/lib/test/auto/ConstantPublisherPort2.xml
8 ms. Memory: 719360K Free: 259818K (36%)
----------------- Invoking toplevel() on ptolemy.moml.MoMLSimpleApplication@1cc818c2
----------------- Done invoking toplevel() on ptolemy.moml.MoMLSimpleApplication@1cc818c2
reloadAllAccessors: .ConstantPublisherPort2

===========================================================================================
----------------- testing Sun Feb 10 03:29:55 UTC 2019 /home/travis/build/icyphy/ptII/ptolemy/actor/lib/test/auto/ConstantPublisherPort3.xml
----------------- Instantiating /home/travis/build/icyphy/ptII/ptolemy/actor/lib/test/auto/ConstantPublisherPort3.xml
7 ms. Memory: 719360K Free: 247350K (34%)
----------------- Invoking toplevel() on ptolemy.moml.MoMLSimpleApplication@a17ff89
----------------- Done invoking toplevel() on ptolemy.moml.MoMLSimpleApplication@a17ff89
reloadAllAccessors: .ConstantPublisherPort3

===========================================================================================
----------------- testing Sun Feb 10 03:29:55 UTC 2019 /home/travis/build/icyphy/ptII/ptolemy/actor/lib/test/auto/ConstantPublisherPort4.xml
----------------- Instantiating /home/travis/build/icyphy/ptII/ptolemy/actor/lib/test/auto/ConstantPublisherPort4.xml
3 ms. Memory: 719360K Free: 228628K (32%)
----------------- Invoking toplevel() on ptolemy.moml.MoMLSimpleApplication@7403b75a
----------------- Done invoking toplevel() on ptolemy.moml.MoMLSimpleApplication@7403b75a
reloadAllAccessors: .ConstantPublisherPort4

===========================================================================================
----------------- testing Sun Feb 10 03:29:55 UTC 2019 /home/travis/build/icyphy/ptII/ptolemy/actor/lib/test/auto/ConstantPublisherPort5.xml
----------------- Instantiating /home/travis/build/icyphy/ptII/ptolemy/actor/lib/test/auto/ConstantPublisherPort5.xml
16 ms. Memory: 719360K Free: 207859K (29%)
----------------- Invoking toplevel() on ptolemy.moml.MoMLSimpleApplication@b610bf5
----------------- Done invoking toplevel() on ptolemy.moml.MoMLSimpleApplication@b610bf5
reloadAllAccessors: .ConstantPublisherPort5

===========================================================================================
----------------- testing Sun Feb 10 03:29:55 UTC 2019 /home/travis/build/icyphy/ptII/ptolemy/actor/lib/test/auto/ConstantPublisherPort6.xml
----------------- Instantiating /home/travis/build/icyphy/ptII/ptolemy/actor/lib/test/auto/ConstantPublisherPort6.xml
18 ms. Memory: 719360K Free: 182939K (25%)
----------------- Invoking toplevel() on ptolemy.moml.MoMLSimpleApplication@11ec85b4
----------------- Done invoking toplevel() on ptolemy.moml.MoMLSimpleApplication@11ec85b4
reloadAllAccessors: .ConstantPublisherPort6

===========================================================================================
----------------- testing Sun Feb 10 03:29:55 UTC 2019 /home/travis/build/icyphy/ptII/ptolemy/actor/lib/test/auto/ConstantPublisherPort7.xml
----------------- Instantiating /home/travis/build/icyphy/ptII/ptolemy/actor/lib/test/auto/ConstantPublisherPort7.xml
13 ms. Memory: 719360K Free: 151757K (21%)
----------------- Invoking toplevel() on ptolemy.moml.MoMLSimpleApplication@2aa29337
----------------- Done invoking toplevel() on ptolemy.moml.MoMLSimpleApplication@2aa29337
reloadAllAccessors: .ConstantPublisherPort7

===========================================================================================
----------------- testing Sun Feb 10 03:29:55 UTC 2019 /home/travis/build/icyphy/ptII/ptolemy/actor/lib/test/auto/ConstraintMonitor1.xml
----------------- Instantiating /home/travis/build/icyphy/ptII/ptolemy/actor/lib/test/auto/ConstraintMonitor1.xml
2 ms. Memory: 719360K Free: 143456K (20%)
----------------- Invoking toplevel() on ptolemy.moml.MoMLSimpleApplication@3c92bdcf
----------------- Done invoking toplevel() on ptolemy.moml.MoMLSimpleApplication@3c92bdcf
reloadAllAccessors: .ConstraintMonitor1

===========================================================================================
----------------- testing Sun Feb 10 03:29:55 UTC 2019 /home/travis/build/icyphy/ptII/ptolemy/actor/lib/test/auto/ConstraintMonitor2.xml
----------------- Instantiating /home/travis/build/icyphy/ptII/ptolemy/actor/lib/test/auto/ConstraintMonitor2.xml
6 ms. Memory: 719360K Free: 135155K (19%)
----------------- Invoking toplevel() on ptolemy.moml.MoMLSimpleApplication@62c1c15e
----------------- Done invoking toplevel() on ptolemy.moml.MoMLSimpleApplication@62c1c15e
reloadAllAccessors: .ConstraintMonitor2

===========================================================================================
----------------- testing Sun Feb 10 03:29:55 UTC 2019 /home/travis/build/icyphy/ptII/ptolemy/actor/lib/test/auto/ConstraintMonitor3.xml
----------------- Instantiating /home/travis/build/icyphy/ptII/ptolemy/actor/lib/test/auto/ConstraintMonitor3.xml
6 ms. Memory: 719360K Free: 120584K (17%)
----------------- Invoking toplevel() on ptolemy.moml.MoMLSimpleApplication@46fee6ff
----------------- Done invoking toplevel() on ptolemy.moml.MoMLSimpleApplication@46fee6ff
reloadAllAccessors: .ConstraintMonitor3

===========================================================================================
----------------- testing Sun Feb 10 03:29:55 UTC 2019 /home/travis/build/icyphy/ptII/ptolemy/actor/lib/test/auto/ConstraintMonitor4.xml
----------------- Instantiating /home/travis/build/icyphy/ptII/ptolemy/actor/lib/test/auto/ConstraintMonitor4.xml
2 ms. Memory: 719360K Free: 112283K (16%)
----------------- Invoking toplevel() on ptolemy.moml.MoMLSimpleApplication@541335ca
----------------- Done invoking toplevel() on ptolemy.moml.MoMLSimpleApplication@541335ca
reloadAllAccessors: .ConstraintMonitor4

===========================================================================================
----------------- testing Sun Feb 10 03:29:55 UTC 2019 /home/travis/build/icyphy/ptII/ptolemy/actor/lib/test/auto/ConstraintMonitor5.xml
----------------- Instantiating /home/travis/build/icyphy/ptII/ptolemy/actor/lib/test/auto/ConstraintMonitor5.xml
6 ms. Memory: 719360K Free: 103981K (14%)
----------------- Invoking toplevel() on ptolemy.moml.MoMLSimpleApplication@1bc32ed9
----------------- Done invoking toplevel() on ptolemy.moml.MoMLSimpleApplication@1bc32ed9
reloadAllAccessors: .ConstraintMonitor5

===========================================================================================
----------------- testing Sun Feb 10 03:29:55 UTC 2019 /home/travis/build/icyphy/ptII/ptolemy/actor/lib/test/auto/ConstraintMonitor6.xml
----------------- Instantiating /home/travis/build/icyphy/ptII/ptolemy/actor/lib/test/auto/ConstraintMonitor6.xml
7 ms. Memory: 719360K Free: 89411K (12%)
----------------- Invoking toplevel() on ptolemy.moml.MoMLSimpleApplication@5041057f
----------------- Done invoking toplevel() on ptolemy.moml.MoMLSimpleApplication@5041057f
reloadAllAccessors: .ConstraintMonitor6

===========================================================================================
----------------- testing Sun Feb 10 03:29:55 UTC 2019 /home/travis/build/icyphy/ptII/ptolemy/actor/lib/test/auto/ConstraintMonitor7.xml
----------------- Instantiating /home/travis/build/icyphy/ptII/ptolemy/actor/lib/test/auto/ConstraintMonitor7.xml
3 ms. Memory: 719360K Free: 76943K (11%)
----------------- Invoking toplevel() on ptolemy.moml.MoMLSimpleApplication@215f96d7
----------------- Done invoking toplevel() on ptolemy.moml.MoMLSimpleApplication@215f96d7
reloadAllAccessors: .ConstraintMonitor7

===========================================================================================
----------------- testing Sun Feb 10 03:29:55 UTC 2019 /home/travis/build/icyphy/ptII/ptolemy/actor/lib/test/auto/ConstraintMonitor8.xml
----------------- Instantiating /home/travis/build/icyphy/ptII/ptolemy/actor/lib/test/auto/ConstraintMonitor8.xml
7 ms. Memory: 719360K Free: 59326K (8%)
----------------- Invoking toplevel() on ptolemy.moml.MoMLSimpleApplication@614113cc
----------------- Done invoking toplevel() on ptolemy.moml.MoMLSimpleApplication@614113cc
reloadAllAccessors: .ConstraintMonitor8

===========================================================================================
----------------- testing Sun Feb 10 03:29:55 UTC 2019 /home/travis/build/icyphy/ptII/ptolemy/actor/lib/test/auto/Counter.xml
----------------- Instantiating /home/travis/build/icyphy/ptII/ptolemy/actor/lib/test/auto/Counter.xml
2 ms. Memory: 1092608K Free: 1031318K (94%)
----------------- Invoking toplevel() on ptolemy.moml.MoMLSimpleApplication@7476b5ab
----------------- Done invoking toplevel() on ptolemy.moml.MoMLSimpleApplication@7476b5ab
reloadAllAccessors: .Counter

===========================================================================================
----------------- testing Sun Feb 10 03:29:55 UTC 2019 /home/travis/build/icyphy/ptII/ptolemy/actor/lib/test/auto/CurrentTimeSDF.xml
----------------- Instantiating /home/travis/build/icyphy/ptII/ptolemy/actor/lib/test/auto/CurrentTimeSDF.xml
1 ms. Memory: 1092608K Free: 1003617K (92%)
----------------- Invoking toplevel() on ptolemy.moml.MoMLSimpleApplication@2acf6ac1
----------------- Done invoking toplevel() on ptolemy.moml.MoMLSimpleApplication@2acf6ac1
reloadAllAccessors: .CurrentTimeSDF

===========================================================================================
----------------- testing Sun Feb 10 03:29:55 UTC 2019 /home/travis/build/icyphy/ptII/ptolemy/actor/lib/test/auto/DB.xml
----------------- Instantiating /home/travis/build/icyphy/ptII/ptolemy/actor/lib/test/auto/DB.xml
2 ms. Memory: 1092608K Free: 983690K (90%)
----------------- Invoking toplevel() on ptolemy.moml.MoMLSimpleApplication@5bba22b2
----------------- Done invoking toplevel() on ptolemy.moml.MoMLSimpleApplication@5bba22b2
reloadAllAccessors: .DB

===========================================================================================
----------------- testing Sun Feb 10 03:29:55 UTC 2019 /home/travis/build/icyphy/ptII/ptolemy/actor/lib/test/auto/DBDE.xml
----------------- Instantiating /home/travis/build/icyphy/ptII/ptolemy/actor/lib/test/auto/DBDE.xml
2 ms. Memory: 1092608K Free: 963763K (88%)
----------------- Invoking toplevel() on ptolemy.moml.MoMLSimpleApplication@5c92e87d
----------------- Done invoking toplevel() on ptolemy.moml.MoMLSimpleApplication@5c92e87d
reloadAllAccessors: .DBDE

===========================================================================================
----------------- testing Sun Feb 10 03:29:55 UTC 2019 /home/travis/build/icyphy/ptII/ptolemy/actor/lib/test/auto/DateConstructor.xml
----------------- Instantiating /home/travis/build/icyphy/ptII/ptolemy/actor/lib/test/auto/DateConstructor.xml
11 ms. Memory: 1092608K Free: 936062K (86%)
----------------- Invoking toplevel() on ptolemy.moml.MoMLSimpleApplication@61bcafa2
----------------- Done invoking toplevel() on ptolemy.moml.MoMLSimpleApplication@61bcafa2
reloadAllAccessors: .DateConstructor

===========================================================================================
----------------- testing Sun Feb 10 03:29:55 UTC 2019 /home/travis/build/icyphy/ptII/ptolemy/actor/lib/test/auto/DelayTime.xml
----------------- Instantiating /home/travis/build/icyphy/ptII/ptolemy/actor/lib/test/auto/DelayTime.xml
3 ms. Memory: 1092608K Free: 916135K (84%)
----------------- Invoking toplevel() on ptolemy.moml.MoMLSimpleApplication@79ff44c7
----------------- Done invoking toplevel() on ptolemy.moml.MoMLSimpleApplication@79ff44c7
reloadAllAccessors: .DelayTime

===========================================================================================
----------------- testing Sun Feb 10 03:29:55 UTC 2019 /home/travis/build/icyphy/ptII/ptolemy/actor/lib/test/auto/Dictionary1.xml
----------------- Instantiating /home/travis/build/icyphy/ptII/ptolemy/actor/lib/test/auto/Dictionary1.xml
2 ms. Memory: 1092608K Free: 896208K (82%)
----------------- Invoking toplevel() on ptolemy.moml.MoMLSimpleApplication@582bbaac
----------------- Done invoking toplevel() on ptolemy.moml.MoMLSimpleApplication@582bbaac
reloadAllAccessors: .Dictionary1

===========================================================================================
----------------- testing Sun Feb 10 03:29:55 UTC 2019 /home/travis/build/icyphy/ptII/ptolemy/actor/lib/test/auto/Dictionary2.xml
----------------- Instantiating /home/travis/build/icyphy/ptII/ptolemy/actor/lib/test/auto/Dictionary2.xml
2 ms. Memory: 1092608K Free: 868507K (79%)
----------------- Invoking toplevel() on ptolemy.moml.MoMLSimpleApplication@40b66bf4
----------------- Done invoking toplevel() on ptolemy.moml.MoMLSimpleApplication@40b66bf4
reloadAllAccessors: .Dictionary2

===========================================================================================
----------------- testing Sun Feb 10 03:29:55 UTC 2019 /home/travis/build/icyphy/ptII/ptolemy/actor/lib/test/auto/Dictionary3.xml
----------------- Instantiating /home/travis/build/icyphy/ptII/ptolemy/actor/lib/test/auto/Dictionary3.xml
1 ms. Memory: 1092608K Free: 848580K (78%)
----------------- Invoking toplevel() on ptolemy.moml.MoMLSimpleApplication@665878e2
----------------- Done invoking toplevel() on ptolemy.moml.MoMLSimpleApplication@665878e2
reloadAllAccessors: .Dictionary3

===========================================================================================
----------------- testing Sun Feb 10 03:29:55 UTC 2019 /home/travis/build/icyphy/ptII/ptolemy/actor/lib/test/auto/Dictionary4.xml
----------------- Instantiating /home/travis/build/icyphy/ptII/ptolemy/actor/lib/test/auto/Dictionary4.xml
2 ms. Memory: 1092608K Free: 828653K (76%)
----------------- Invoking toplevel() on ptolemy.moml.MoMLSimpleApplication@4ea4de5e
----------------- Done invoking toplevel() on ptolemy.moml.MoMLSimpleApplication@4ea4de5e
reloadAllAccessors: .Dictionary4

===========================================================================================
----------------- testing Sun Feb 10 03:29:55 UTC 2019 /home/travis/build/icyphy/ptII/ptolemy/actor/lib/test/auto/Differential.xml
----------------- Instantiating /home/travis/build/icyphy/ptII/ptolemy/actor/lib/test/auto/Differential.xml
2 ms. Memory: 1092608K Free: 808726K (74%)
----------------- Invoking toplevel() on ptolemy.moml.MoMLSimpleApplication@3b9dabc0
----------------- Done invoking toplevel() on ptolemy.moml.MoMLSimpleApplication@3b9dabc0
reloadAllAccessors: .Differential

===========================================================================================
----------------- testing Sun Feb 10 03:29:55 UTC 2019 /home/travis/build/icyphy/ptII/ptolemy/actor/lib/test/auto/Director.xml
----------------- Instantiating /home/travis/build/icyphy/ptII/ptolemy/actor/lib/test/auto/Director.xml
2 ms. Memory: 1092608K Free: 781025K (71%)
----------------- Invoking toplevel() on ptolemy.moml.MoMLSimpleApplication@4ebf0f2
----------------- Done invoking toplevel() on ptolemy.moml.MoMLSimpleApplication@4ebf0f2
reloadAllAccessors: .Director

===========================================================================================
----------------- testing Sun Feb 10 03:29:55 UTC 2019 /home/travis/build/icyphy/ptII/ptolemy/actor/lib/test/auto/DiscreteClock.xml
----------------- Instantiating /home/travis/build/icyphy/ptII/ptolemy/actor/lib/test/auto/DiscreteClock.xml
2 ms. Memory: 1092608K Free: 761098K (70%)
----------------- Invoking toplevel() on ptolemy.moml.MoMLSimpleApplication@715fa038
----------------- Done invoking toplevel() on ptolemy.moml.MoMLSimpleApplication@715fa038
reloadAllAccessors: .DiscreteClock

===========================================================================================
----------------- testing Sun Feb 10 03:29:55 UTC 2019 /home/travis/build/icyphy/ptII/ptolemy/actor/lib/test/auto/DiscreteClock10.xml
----------------- Instantiating /home/travis/build/icyphy/ptII/ptolemy/actor/lib/test/auto/DiscreteClock10.xml
2 ms. Memory: 1092608K Free: 741171K (68%)
----------------- Invoking toplevel() on ptolemy.moml.MoMLSimpleApplication@2af1682a
----------------- Done invoking toplevel() on ptolemy.moml.MoMLSimpleApplication@2af1682a
reloadAllAccessors: .DiscreteClock10

===========================================================================================
----------------- testing Sun Feb 10 03:29:55 UTC 2019 /home/travis/build/icyphy/ptII/ptolemy/actor/lib/test/auto/DiscreteClock11.xml
----------------- Instantiating /home/travis/build/icyphy/ptII/ptolemy/actor/lib/test/auto/DiscreteClock11.xml
2 ms. Memory: 1092608K Free: 713470K (65%)
----------------- Invoking toplevel() on ptolemy.moml.MoMLSimpleApplication@5de9c42b
----------------- Done invoking toplevel() on ptolemy.moml.MoMLSimpleApplication@5de9c42b
reloadAllAccessors: .DiscreteClock11

===========================================================================================
----------------- testing Sun Feb 10 03:29:55 UTC 2019 /home/travis/build/icyphy/ptII/ptolemy/actor/lib/test/auto/DiscreteClock12.xml
----------------- Instantiating /home/travis/build/icyphy/ptII/ptolemy/actor/lib/test/auto/DiscreteClock12.xml
2 ms. Memory: 1092608K Free: 693543K (63%)
----------------- Invoking toplevel() on ptolemy.moml.MoMLSimpleApplication@4b6debdd
----------------- Done invoking toplevel() on ptolemy.moml.MoMLSimpleApplication@4b6debdd
reloadAllAccessors: .DiscreteClock12

===========================================================================================
----------------- testing Sun Feb 10 03:29:55 UTC 2019 /home/travis/build/icyphy/ptII/ptolemy/actor/lib/test/auto/DiscreteClock13.xml
----------------- Instantiating /home/travis/build/icyphy/ptII/ptolemy/actor/lib/test/auto/DiscreteClock13.xml
6 ms. Memory: 1092608K Free: 673616K (62%)
----------------- Invoking toplevel() on ptolemy.moml.MoMLSimpleApplication@43b8b188
----------------- Done invoking toplevel() on ptolemy.moml.MoMLSimpleApplication@43b8b188
reloadAllAccessors: .DiscreteClock13

===========================================================================================
----------------- testing Sun Feb 10 03:29:55 UTC 2019 /home/travis/build/icyphy/ptII/ptolemy/actor/lib/test/auto/DiscreteClock14.xml
----------------- Instantiating /home/travis/build/icyphy/ptII/ptolemy/actor/lib/test/auto/DiscreteClock14.xml
1 ms. Memory: 1092608K Free: 645914K (59%)
----------------- Invoking toplevel() on ptolemy.moml.MoMLSimpleApplication@bd45ad5
----------------- Done invoking toplevel() on ptolemy.moml.MoMLSimpleApplication@bd45ad5
reloadAllAccessors: .DiscreteClock14

===========================================================================================
----------------- testing Sun Feb 10 03:29:55 UTC 2019 /home/travis/build/icyphy/ptII/ptolemy/actor/lib/test/auto/DiscreteClock15.xml
----------------- Instantiating /home/travis/build/icyphy/ptII/ptolemy/actor/lib/test/auto/DiscreteClock15.xml
2 ms. Memory: 1092608K Free: 625987K (57%)
----------------- Invoking toplevel() on ptolemy.moml.MoMLSimpleApplication@432f5bb3
----------------- Done invoking toplevel() on ptolemy.moml.MoMLSimpleApplication@432f5bb3
reloadAllAccessors: .DiscreteClock15

===========================================================================================
----------------- testing Sun Feb 10 03:29:55 UTC 2019 /home/travis/build/icyphy/ptII/ptolemy/actor/lib/test/auto/DiscreteClock16.xml
----------------- Instantiating /home/travis/build/icyphy/ptII/ptolemy/actor/lib/test/auto/DiscreteClock16.xml
11 ms. Memory: 1092608K Free: 606060K (55%)
----------------- Invoking toplevel() on ptolemy.moml.MoMLSimpleApplication@129b69a5
----------------- Done invoking toplevel() on ptolemy.moml.MoMLSimpleApplication@129b69a5
reloadAllAccessors: .DiscreteClock16

===========================================================================================
----------------- testing Sun Feb 10 03:29:55 UTC 2019 /home/travis/build/icyphy/ptII/ptolemy/actor/lib/test/auto/DiscreteClock17.xml
----------------- Instantiating /home/travis/build/icyphy/ptII/ptolemy/actor/lib/test/auto/DiscreteClock17.xml
9 ms. Memory: 1092608K Free: 586133K (54%)
----------------- Invoking toplevel() on ptolemy.moml.MoMLSimpleApplication@2f7ee9c6
----------------- Done invoking toplevel() on ptolemy.moml.MoMLSimpleApplication@2f7ee9c6
reloadAllAccessors: .DiscreteClock17

===========================================================================================
----------------- testing Sun Feb 10 03:29:55 UTC 2019 /home/travis/build/icyphy/ptII/ptolemy/actor/lib/test/auto/DiscreteClock18.xml
----------------- Instantiating /home/travis/build/icyphy/ptII/ptolemy/actor/lib/test/auto/DiscreteClock18.xml
9 ms. Memory: 1092608K Free: 558432K (51%)
----------------- Invoking toplevel() on ptolemy.moml.MoMLSimpleApplication@5b9ddd93
----------------- Done invoking toplevel() on ptolemy.moml.MoMLSimpleApplication@5b9ddd93
reloadAllAccessors: .DiscreteClock18

===========================================================================================
----------------- testing Sun Feb 10 03:29:55 UTC 2019 /home/travis/build/icyphy/ptII/ptolemy/actor/lib/test/auto/DiscreteClock19.xml
----------------- Instantiating /home/travis/build/icyphy/ptII/ptolemy/actor/lib/test/auto/DiscreteClock19.xml
20 ms. Memory: 1092608K Free: 538505K (49%)
----------------- Invoking toplevel() on ptolemy.moml.MoMLSimpleApplication@3e635f0
----------------- Done invoking toplevel() on ptolemy.moml.MoMLSimpleApplication@3e635f0
reloadAllAccessors: .DiscreteClock19

===========================================================================================
----------------- testing Sun Feb 10 03:29:55 UTC 2019 /home/travis/build/icyphy/ptII/ptolemy/actor/lib/test/auto/DiscreteClock2.xml
----------------- Instantiating /home/travis/build/icyphy/ptII/ptolemy/actor/lib/test/auto/DiscreteClock2.xml
6 ms. Memory: 1092608K Free: 518578K (47%)
----------------- Invoking toplevel() on ptolemy.moml.MoMLSimpleApplication@74cd3c93
----------------- Done invoking toplevel() on ptolemy.moml.MoMLSimpleApplication@74cd3c93
reloadAllAccessors: .DiscreteClock2

===========================================================================================
----------------- testing Sun Feb 10 03:29:55 UTC 2019 /home/travis/build/icyphy/ptII/ptolemy/actor/lib/test/auto/DiscreteClock20.xml
----------------- Instantiating /home/travis/build/icyphy/ptII/ptolemy/actor/lib/test/auto/DiscreteClock20.xml
9 ms. Memory: 1092608K Free: 490877K (45%)
----------------- Invoking toplevel() on ptolemy.moml.MoMLSimpleApplication@17bd2c8c
----------------- Done invoking toplevel() on ptolemy.moml.MoMLSimpleApplication@17bd2c8c
reloadAllAccessors: .DiscreteClock20

===========================================================================================
----------------- testing Sun Feb 10 03:29:55 UTC 2019 /home/travis/build/icyphy/ptII/ptolemy/actor/lib/test/auto/DiscreteClock21.xml
----------------- Instantiating /home/travis/build/icyphy/ptII/ptolemy/actor/lib/test/auto/DiscreteClock21.xml
7 ms. Memory: 1092608K Free: 470950K (43%)
----------------- Invoking toplevel() on ptolemy.moml.MoMLSimpleApplication@3161ea7b
----------------- Done invoking toplevel() on ptolemy.moml.MoMLSimpleApplication@3161ea7b
reloadAllAccessors: .DiscreteClock21

===========================================================================================
----------------- testing Sun Feb 10 03:29:55 UTC 2019 /home/travis/build/icyphy/ptII/ptolemy/actor/lib/test/auto/DiscreteClock22.xml
----------------- Instantiating /home/travis/build/icyphy/ptII/ptolemy/actor/lib/test/auto/DiscreteClock22.xml
8 ms. Memory: 1092608K Free: 451023K (41%)
----------------- Invoking toplevel() on ptolemy.moml.MoMLSimpleApplication@78ffc525
----------------- Done invoking toplevel() on ptolemy.moml.MoMLSimpleApplication@78ffc525
reloadAllAccessors: .DiscreteClock22

===========================================================================================
----------------- testing Sun Feb 10 03:29:56 UTC 2019 /home/travis/build/icyphy/ptII/ptolemy/actor/lib/test/auto/DiscreteClock23.xml
----------------- Instantiating /home/travis/build/icyphy/ptII/ptolemy/actor/lib/test/auto/DiscreteClock23.xml
631 ms. Memory: 1112576K Free: 1070517K (96%)
----------------- Invoking toplevel() on ptolemy.moml.MoMLSimpleApplication@1e019b42
----------------- Done invoking toplevel() on ptolemy.moml.MoMLSimpleApplication@1e019b42
reloadAllAccessors: .DiscreteClock23

===========================================================================================
----------------- testing Sun Feb 10 03:29:56 UTC 2019 /home/travis/build/icyphy/ptII/ptolemy/actor/lib/test/auto/DiscreteClock24.xml
----------------- Instantiating /home/travis/build/icyphy/ptII/ptolemy/actor/lib/test/auto/DiscreteClock24.xml
5 ms. Memory: 1112576K Free: 1046481K (94%)
----------------- Invoking toplevel() on ptolemy.moml.MoMLSimpleApplication@3d899f89
----------------- Done invoking toplevel() on ptolemy.moml.MoMLSimpleApplication@3d899f89
reloadAllAccessors: .DiscreteClock24

===========================================================================================
----------------- testing Sun Feb 10 03:29:56 UTC 2019 /home/travis/build/icyphy/ptII/ptolemy/actor/lib/test/auto/DiscreteClock4.xml
----------------- Instantiating /home/travis/build/icyphy/ptII/ptolemy/actor/lib/test/auto/DiscreteClock4.xml
4 ms. Memory: 1112576K Free: 1033196K (93%)
----------------- Invoking toplevel() on ptolemy.moml.MoMLSimpleApplication@5bc51e75
----------------- Done invoking toplevel() on ptolemy.moml.MoMLSimpleApplication@5bc51e75
reloadAllAccessors: .DiscreteClock4

===========================================================================================
----------------- testing Sun Feb 10 03:29:56 UTC 2019 /home/travis/build/icyphy/ptII/ptolemy/actor/lib/test/auto/DiscreteClock5.xml
----------------- Instantiating /home/travis/build/icyphy/ptII/ptolemy/actor/lib/test/auto/DiscreteClock5.xml
1 ms. Memory: 1112576K Free: 1014141K (91%)
----------------- Invoking toplevel() on ptolemy.moml.MoMLSimpleApplication@79d2faef
----------------- Done invoking toplevel() on ptolemy.moml.MoMLSimpleApplication@79d2faef
reloadAllAccessors: .DiscreteClock5

===========================================================================================
----------------- testing Sun Feb 10 03:29:56 UTC 2019 /home/travis/build/icyphy/ptII/ptolemy/actor/lib/test/auto/DiscreteClock6.xml
----------------- Instantiating /home/travis/build/icyphy/ptII/ptolemy/actor/lib/test/auto/DiscreteClock6.xml
1 ms. Memory: 1112576K Free: 1000857K (90%)
----------------- Invoking toplevel() on ptolemy.moml.MoMLSimpleApplication@4182826e
----------------- Done invoking toplevel() on ptolemy.moml.MoMLSimpleApplication@4182826e
reloadAllAccessors: .DiscreteClock6

===========================================================================================
----------------- testing Sun Feb 10 03:29:56 UTC 2019 /home/travis/build/icyphy/ptII/ptolemy/actor/lib/test/auto/DiscreteClock7.xml
----------------- Instantiating /home/travis/build/icyphy/ptII/ptolemy/actor/lib/test/auto/DiscreteClock7.xml
2 ms. Memory: 1112576K Free: 981802K (88%)
----------------- Invoking toplevel() on ptolemy.moml.MoMLSimpleApplication@676be4e1
----------------- Done invoking toplevel() on ptolemy.moml.MoMLSimpleApplication@676be4e1
reloadAllAccessors: .DiscreteClock7

===========================================================================================
----------------- testing Sun Feb 10 03:29:56 UTC 2019 /home/travis/build/icyphy/ptII/ptolemy/actor/lib/test/auto/DiscreteClock8.xml
----------------- Instantiating /home/travis/build/icyphy/ptII/ptolemy/actor/lib/test/auto/DiscreteClock8.xml
3 ms. Memory: 1112576K Free: 968517K (87%)
----------------- Invoking toplevel() on ptolemy.moml.MoMLSimpleApplication@2ca4bb57
----------------- Done invoking toplevel() on ptolemy.moml.MoMLSimpleApplication@2ca4bb57
reloadAllAccessors: .DiscreteClock8

===========================================================================================
----------------- testing Sun Feb 10 03:29:56 UTC 2019 /home/travis/build/icyphy/ptII/ptolemy/actor/lib/test/auto/DiscreteClock9.xml
----------------- Instantiating /home/travis/build/icyphy/ptII/ptolemy/actor/lib/test/auto/DiscreteClock9.xml
6 ms. Memory: 1112576K Free: 955233K (86%)
----------------- Invoking toplevel() on ptolemy.moml.MoMLSimpleApplication@41ee2114
----------------- Done invoking toplevel() on ptolemy.moml.MoMLSimpleApplication@41ee2114
reloadAllAccessors: .DiscreteClock9

===========================================================================================
----------------- testing Sun Feb 10 03:29:56 UTC 2019 /home/travis/build/icyphy/ptII/ptolemy/actor/lib/test/auto/DisplayArray.xml
----------------- Instantiating /home/travis/build/icyphy/ptII/ptolemy/actor/lib/test/auto/DisplayArray.xml
2 ms. Memory: 1112576K Free: 936178K (84%)
----------------- Invoking toplevel() on ptolemy.moml.MoMLSimpleApplication@4e072d34
----------------- Done invoking toplevel() on ptolemy.moml.MoMLSimpleApplication@4e072d34
reloadAllAccessors: .DisplayArray

===========================================================================================
----------------- testing Sun Feb 10 03:29:56 UTC 2019 /home/travis/build/icyphy/ptII/ptolemy/actor/lib/test/auto/Distributor.xml
----------------- Instantiating /home/travis/build/icyphy/ptII/ptolemy/actor/lib/test/auto/Distributor.xml
2 ms. Memory: 1112576K Free: 922893K (83%)
----------------- Invoking toplevel() on ptolemy.moml.MoMLSimpleApplication@40910fa
----------------- Done invoking toplevel() on ptolemy.moml.MoMLSimpleApplication@40910fa
reloadAllAccessors: .Distributor

===========================================================================================
----------------- testing Sun Feb 10 03:29:56 UTC 2019 /home/travis/build/icyphy/ptII/ptolemy/actor/lib/test/auto/Distributor2.xml
----------------- Instantiating /home/travis/build/icyphy/ptII/ptolemy/actor/lib/test/auto/Distributor2.xml
1 ms. Memory: 1112576K Free: 903839K (81%)
----------------- Invoking toplevel() on ptolemy.moml.MoMLSimpleApplication@6450abc2
----------------- Done invoking toplevel() on ptolemy.moml.MoMLSimpleApplication@6450abc2
reloadAllAccessors: .Distributor2

===========================================================================================
----------------- testing Sun Feb 10 03:29:56 UTC 2019 /home/travis/build/icyphy/ptII/ptolemy/actor/lib/test/auto/DownSample.xml
----------------- Instantiating /home/travis/build/icyphy/ptII/ptolemy/actor/lib/test/auto/DownSample.xml
1 ms. Memory: 1112576K Free: 890554K (80%)
----------------- Invoking toplevel() on ptolemy.moml.MoMLSimpleApplication@15a369cf
----------------- Done invoking toplevel() on ptolemy.moml.MoMLSimpleApplication@15a369cf
reloadAllAccessors: .DownSample

===========================================================================================
----------------- testing Sun Feb 10 03:29:56 UTC 2019 /home/travis/build/icyphy/ptII/ptolemy/actor/lib/test/auto/ElectronicUnitBase1.xml
----------------- Instantiating /home/travis/build/icyphy/ptII/ptolemy/actor/lib/test/auto/ElectronicUnitBase1.xml
19 ms. Memory: 1112576K Free: 863961K (78%)
----------------- Invoking toplevel() on ptolemy.moml.MoMLSimpleApplication@7953235a
----------------- Done invoking toplevel() on ptolemy.moml.MoMLSimpleApplication@7953235a
reloadAllAccessors: .ElectronicUnitBase1

===========================================================================================
----------------- testing Sun Feb 10 03:29:56 UTC 2019 /home/travis/build/icyphy/ptII/ptolemy/actor/lib/test/auto/ElementsToArray.xml
----------------- Instantiating /home/travis/build/icyphy/ptII/ptolemy/actor/lib/test/auto/ElementsToArray.xml
3 ms. Memory: 1112576K Free: 844906K (76%)
----------------- Invoking toplevel() on ptolemy.moml.MoMLSimpleApplication@3f640e1b
----------------- Done invoking toplevel() on ptolemy.moml.MoMLSimpleApplication@3f640e1b
reloadAllAccessors: .ElementsToArray

===========================================================================================
----------------- testing Sun Feb 10 03:29:56 UTC 2019 /home/travis/build/icyphy/ptII/ptolemy/actor/lib/test/auto/Equals.xml
----------------- Instantiating /home/travis/build/icyphy/ptII/ptolemy/actor/lib/test/auto/Equals.xml
3 ms. Memory: 1112576K Free: 831621K (75%)
----------------- Invoking toplevel() on ptolemy.moml.MoMLSimpleApplication@25c8485a
----------------- Done invoking toplevel() on ptolemy.moml.MoMLSimpleApplication@25c8485a
reloadAllAccessors: .Equals

===========================================================================================
----------------- testing Sun Feb 10 03:29:56 UTC 2019 /home/travis/build/icyphy/ptII/ptolemy/actor/lib/test/auto/Exec.xml
----------------- Instantiating /home/travis/build/icyphy/ptII/ptolemy/actor/lib/test/auto/Exec.xml
14 ms. Memory: 1112576K Free: 802601K (72%)
----------------- Invoking toplevel() on ptolemy.moml.MoMLSimpleApplication@385cef10
----------------- Done invoking toplevel() on ptolemy.moml.MoMLSimpleApplication@385cef10
reloadAllAccessors: .Exec

===========================================================================================
----------------- testing Sun Feb 10 03:29:56 UTC 2019 /home/travis/build/icyphy/ptII/ptolemy/actor/lib/test/auto/ExecEnvironment.xml
----------------- Instantiating /home/travis/build/icyphy/ptII/ptolemy/actor/lib/test/auto/ExecEnvironment.xml
21 ms. Memory: 1112576K Free: 789316K (71%)
----------------- Invoking toplevel() on ptolemy.moml.MoMLSimpleApplication@734d319c
----------------- Done invoking toplevel() on ptolemy.moml.MoMLSimpleApplication@734d319c
reloadAllAccessors: .ExecEnvironment

===========================================================================================
----------------- testing Sun Feb 10 03:29:57 UTC 2019 /home/travis/build/icyphy/ptII/ptolemy/actor/lib/test/auto/ExecNonZeroReturnOutput.xml
----------------- Instantiating /home/travis/build/icyphy/ptII/ptolemy/actor/lib/test/auto/ExecNonZeroReturnOutput.xml
130 ms. Memory: 1112576K Free: 689680K (62%)
----------------- Invoking toplevel() on ptolemy.moml.MoMLSimpleApplication@7937b206
----------------- Done invoking toplevel() on ptolemy.moml.MoMLSimpleApplication@7937b206
reloadAllAccessors: .ExecNonZeroReturnOutput

===========================================================================================
----------------- testing Sun Feb 10 03:29:57 UTC 2019 /home/travis/build/icyphy/ptII/ptolemy/actor/lib/test/auto/ExecRunDemos.xml
----------------- Instantiating /home/travis/build/icyphy/ptII/ptolemy/actor/lib/test/auto/ExecRunDemos.xml
Finished: 49 ms. Memory: 116224K Free: 100672K (87%)

Finished: 36 ms. Memory: 116224K Free: 97676K (84%)

Finished: 71 ms. Memory: 116224K Free: 98219K (85%)

Finished: 37 ms. Memory: 116224K Free: 99544K (86%)

Finished: 39 ms. Memory: 116224K Free: 100658K (87%)

8995 ms. Memory: 1112576K Free: 590900K (53%)
----------------- Invoking toplevel() on ptolemy.moml.MoMLSimpleApplication@3ab13cf1
----------------- Done invoking toplevel() on ptolemy.moml.MoMLSimpleApplication@3ab13cf1
reloadAllAccessors: .ExecRunDemos

===========================================================================================
----------------- testing Sun Feb 10 03:30:06 UTC 2019 /home/travis/build/icyphy/ptII/ptolemy/actor/lib/test/auto/ExecStop.xml
----------------- Instantiating /home/travis/build/icyphy/ptII/ptolemy/actor/lib/test/auto/ExecStop.xml
5014 ms. Memory: 1112576K Free: 404913K (36%)
----------------- Invoking toplevel() on ptolemy.moml.MoMLSimpleApplication@afc009e
----------------- Done invoking toplevel() on ptolemy.moml.MoMLSimpleApplication@afc009e
reloadAllAccessors: .ExecStop

===========================================================================================
----------------- testing Sun Feb 10 03:30:11 UTC 2019 /home/travis/build/icyphy/ptII/ptolemy/actor/lib/test/auto/ExecutionTimeSDF.xml
----------------- Instantiating /home/travis/build/icyphy/ptII/ptolemy/actor/lib/test/auto/ExecutionTimeSDF.xml
Fired ExecutionTime: -1922167296
Fired ExecutionTime: 992000000
Fired ExecutionTime: -1673767296
6005 ms. Memory: 1112576K Free: 379216K (34%)
----------------- Invoking toplevel() on ptolemy.moml.MoMLSimpleApplication@2794a22a
----------------- Done invoking toplevel() on ptolemy.moml.MoMLSimpleApplication@2794a22a
reloadAllAccessors: .ExecutionTimeSDF

===========================================================================================
----------------- testing Sun Feb 10 03:30:17 UTC 2019 /home/travis/build/icyphy/ptII/ptolemy/actor/lib/test/auto/Expression1.xml
----------------- Instantiating /home/travis/build/icyphy/ptII/ptolemy/actor/lib/test/auto/Expression1.xml
3 ms. Memory: 1112576K Free: 365931K (33%)
----------------- Invoking toplevel() on ptolemy.moml.MoMLSimpleApplication@40f5d7ab
----------------- Done invoking toplevel() on ptolemy.moml.MoMLSimpleApplication@40f5d7ab
reloadAllAccessors: .Expression1

===========================================================================================
----------------- testing Sun Feb 10 03:30:17 UTC 2019 /home/travis/build/icyphy/ptII/ptolemy/actor/lib/test/auto/Expression10.xml
----------------- Instantiating /home/travis/build/icyphy/ptII/ptolemy/actor/lib/test/auto/Expression10.xml
4 ms. Memory: 1112576K Free: 352646K (32%)
----------------- Invoking toplevel() on ptolemy.moml.MoMLSimpleApplication@57da3d55
----------------- Done invoking toplevel() on ptolemy.moml.MoMLSimpleApplication@57da3d55
reloadAllAccessors: .Expression10

===========================================================================================
----------------- testing Sun Feb 10 03:30:17 UTC 2019 /home/travis/build/icyphy/ptII/ptolemy/actor/lib/test/auto/Expression11.xml
----------------- Instantiating /home/travis/build/icyphy/ptII/ptolemy/actor/lib/test/auto/Expression11.xml
2 ms. Memory: 1112576K Free: 333592K (30%)
----------------- Invoking toplevel() on ptolemy.moml.MoMLSimpleApplication@6a258b16
----------------- Done invoking toplevel() on ptolemy.moml.MoMLSimpleApplication@6a258b16
reloadAllAccessors: .Expression11

===========================================================================================
----------------- testing Sun Feb 10 03:30:17 UTC 2019 /home/travis/build/icyphy/ptII/ptolemy/actor/lib/test/auto/Expression12.xml
----------------- Instantiating /home/travis/build/icyphy/ptII/ptolemy/actor/lib/test/auto/Expression12.xml
3 ms. Memory: 1112576K Free: 320307K (29%)
----------------- Invoking toplevel() on ptolemy.moml.MoMLSimpleApplication@1bf7b013
----------------- Done invoking toplevel() on ptolemy.moml.MoMLSimpleApplication@1bf7b013
reloadAllAccessors: .Expression12

===========================================================================================
----------------- testing Sun Feb 10 03:30:17 UTC 2019 /home/travis/build/icyphy/ptII/ptolemy/actor/lib/test/auto/Expression13.xml
----------------- Instantiating /home/travis/build/icyphy/ptII/ptolemy/actor/lib/test/auto/Expression13.xml
3 ms. Memory: 1112576K Free: 301252K (27%)
----------------- Invoking toplevel() on ptolemy.moml.MoMLSimpleApplication@11d4530e
----------------- Done invoking toplevel() on ptolemy.moml.MoMLSimpleApplication@11d4530e
reloadAllAccessors: .Expression13

===========================================================================================
----------------- testing Sun Feb 10 03:30:17 UTC 2019 /home/travis/build/icyphy/ptII/ptolemy/actor/lib/test/auto/Expression14.xml
----------------- Instantiating /home/travis/build/icyphy/ptII/ptolemy/actor/lib/test/auto/Expression14.xml
3 ms. Memory: 1112576K Free: 287967K (26%)
----------------- Invoking toplevel() on ptolemy.moml.MoMLSimpleApplication@46750acc
----------------- Done invoking toplevel() on ptolemy.moml.MoMLSimpleApplication@46750acc
reloadAllAccessors: .Expression14

===========================================================================================
----------------- testing Sun Feb 10 03:30:17 UTC 2019 /home/travis/build/icyphy/ptII/ptolemy/actor/lib/test/auto/Expression15.xml
----------------- Instantiating /home/travis/build/icyphy/ptII/ptolemy/actor/lib/test/auto/Expression15.xml
2 ms. Memory: 1112576K Free: 274683K (25%)
----------------- Invoking toplevel() on ptolemy.moml.MoMLSimpleApplication@2c426b23
----------------- Done invoking toplevel() on ptolemy.moml.MoMLSimpleApplication@2c426b23
reloadAllAccessors: .Expression15

===========================================================================================
----------------- testing Sun Feb 10 03:30:17 UTC 2019 /home/travis/build/icyphy/ptII/ptolemy/actor/lib/test/auto/Expression16.xml
----------------- Instantiating /home/travis/build/icyphy/ptII/ptolemy/actor/lib/test/auto/Expression16.xml
3 ms. Memory: 1112576K Free: 255628K (23%)
----------------- Invoking toplevel() on ptolemy.moml.MoMLSimpleApplication@9f04f7a
----------------- Done invoking toplevel() on ptolemy.moml.MoMLSimpleApplication@9f04f7a
reloadAllAccessors: .Expression16

===========================================================================================
----------------- testing Sun Feb 10 03:30:17 UTC 2019 /home/travis/build/icyphy/ptII/ptolemy/actor/lib/test/auto/Expression17.xml
----------------- Instantiating /home/travis/build/icyphy/ptII/ptolemy/actor/lib/test/auto/Expression17.xml
3 ms. Memory: 1112576K Free: 242343K (22%)
----------------- Invoking toplevel() on ptolemy.moml.MoMLSimpleApplication@61a933e0
----------------- Done invoking toplevel() on ptolemy.moml.MoMLSimpleApplication@61a933e0
reloadAllAccessors: .Expression17

===========================================================================================
----------------- testing Sun Feb 10 03:30:17 UTC 2019 /home/travis/build/icyphy/ptII/ptolemy/actor/lib/test/auto/Expression18.xml
----------------- Instantiating /home/travis/build/icyphy/ptII/ptolemy/actor/lib/test/auto/Expression18.xml
2 ms. Memory: 1112576K Free: 223289K (20%)
----------------- Invoking toplevel() on ptolemy.moml.MoMLSimpleApplication@160ab9a2
----------------- Done invoking toplevel() on ptolemy.moml.MoMLSimpleApplication@160ab9a2
reloadAllAccessors: .Expression18

===========================================================================================
----------------- testing Sun Feb 10 03:30:17 UTC 2019 /home/travis/build/icyphy/ptII/ptolemy/actor/lib/test/auto/Expression2.xml
----------------- Instantiating /home/travis/build/icyphy/ptII/ptolemy/actor/lib/test/auto/Expression2.xml
2 ms. Memory: 1112576K Free: 210004K (19%)
----------------- Invoking toplevel() on ptolemy.moml.MoMLSimpleApplication@1a46033d
----------------- Done invoking toplevel() on ptolemy.moml.MoMLSimpleApplication@1a46033d
reloadAllAccessors: .Expression2

===========================================================================================
----------------- testing Sun Feb 10 03:30:17 UTC 2019 /home/travis/build/icyphy/ptII/ptolemy/actor/lib/test/auto/Expression3.xml
----------------- Instantiating /home/travis/build/icyphy/ptII/ptolemy/actor/lib/test/auto/Expression3.xml
3 ms. Memory: 1112576K Free: 196719K (18%)
----------------- Invoking toplevel() on ptolemy.moml.MoMLSimpleApplication@7865d5eb
----------------- Done invoking toplevel() on ptolemy.moml.MoMLSimpleApplication@7865d5eb
reloadAllAccessors: .Expression3

===========================================================================================
----------------- testing Sun Feb 10 03:30:17 UTC 2019 /home/travis/build/icyphy/ptII/ptolemy/actor/lib/test/auto/Expression4.xml
----------------- Instantiating /home/travis/build/icyphy/ptII/ptolemy/actor/lib/test/auto/Expression4.xml
3 ms. Memory: 1112576K Free: 177664K (16%)
----------------- Invoking toplevel() on ptolemy.moml.MoMLSimpleApplication@4d5b7ac3
----------------- Done invoking toplevel() on ptolemy.moml.MoMLSimpleApplication@4d5b7ac3
reloadAllAccessors: .Expression4

===========================================================================================
----------------- testing Sun Feb 10 03:30:17 UTC 2019 /home/travis/build/icyphy/ptII/ptolemy/actor/lib/test/auto/Expression5.xml
----------------- Instantiating /home/travis/build/icyphy/ptII/ptolemy/actor/lib/test/auto/Expression5.xml
2 ms. Memory: 1112576K Free: 164380K (15%)
----------------- Invoking toplevel() on ptolemy.moml.MoMLSimpleApplication@627086ab
----------------- Done invoking toplevel() on ptolemy.moml.MoMLSimpleApplication@627086ab
reloadAllAccessors: .Expression5

===========================================================================================
----------------- testing Sun Feb 10 03:30:17 UTC 2019 /home/travis/build/icyphy/ptII/ptolemy/actor/lib/test/auto/Expression6.xml
----------------- Instantiating /home/travis/build/icyphy/ptII/ptolemy/actor/lib/test/auto/Expression6.xml
3 ms. Memory: 1112576K Free: 145325K (13%)
----------------- Invoking toplevel() on ptolemy.moml.MoMLSimpleApplication@3407cd61
----------------- Done invoking toplevel() on ptolemy.moml.MoMLSimpleApplication@3407cd61
reloadAllAccessors: .Expression6

===========================================================================================
----------------- testing Sun Feb 10 03:30:17 UTC 2019 /home/travis/build/icyphy/ptII/ptolemy/actor/lib/test/auto/Expression7.xml
----------------- Instantiating /home/travis/build/icyphy/ptII/ptolemy/actor/lib/test/auto/Expression7.xml
3 ms. Memory: 1112576K Free: 132040K (12%)
----------------- Invoking toplevel() on ptolemy.moml.MoMLSimpleApplication@4a424e90
----------------- Done invoking toplevel() on ptolemy.moml.MoMLSimpleApplication@4a424e90
reloadAllAccessors: .Expression7

===========================================================================================
----------------- testing Sun Feb 10 03:30:17 UTC 2019 /home/travis/build/icyphy/ptII/ptolemy/actor/lib/test/auto/Expression8.xml
----------------- Instantiating /home/travis/build/icyphy/ptII/ptolemy/actor/lib/test/auto/Expression8.xml
4 ms. Memory: 1112576K Free: 118756K (11%)
----------------- Invoking toplevel() on ptolemy.moml.MoMLSimpleApplication@365cc153
----------------- Done invoking toplevel() on ptolemy.moml.MoMLSimpleApplication@365cc153
reloadAllAccessors: .Expression8

===========================================================================================
----------------- testing Sun Feb 10 03:30:17 UTC 2019 /home/travis/build/icyphy/ptII/ptolemy/actor/lib/test/auto/Expression9.xml
----------------- Instantiating /home/travis/build/icyphy/ptII/ptolemy/actor/lib/test/auto/Expression9.xml
2 ms. Memory: 1112576K Free: 99701K (9%)
----------------- Invoking toplevel() on ptolemy.moml.MoMLSimpleApplication@a2d28c9
----------------- Done invoking toplevel() on ptolemy.moml.MoMLSimpleApplication@a2d28c9
reloadAllAccessors: .Expression9

===========================================================================================
----------------- testing Sun Feb 10 03:30:17 UTC 2019 /home/travis/build/icyphy/ptII/ptolemy/actor/lib/test/auto/ExpressionConcatenateArrayType.xml
----------------- Instantiating /home/travis/build/icyphy/ptII/ptolemy/actor/lib/test/auto/ExpressionConcatenateArrayType.xml
2 ms. Memory: 1112576K Free: 86417K (8%)
----------------- Invoking toplevel() on ptolemy.moml.MoMLSimpleApplication@22d6aefd
----------------- Done invoking toplevel() on ptolemy.moml.MoMLSimpleApplication@22d6aefd
reloadAllAccessors: .ExpressionConcatenateArrayType

===========================================================================================
----------------- testing Sun Feb 10 03:30:17 UTC 2019 /home/travis/build/icyphy/ptII/ptolemy/actor/lib/test/auto/ExpressionConcatenateArrayType2.xml
----------------- Instantiating /home/travis/build/icyphy/ptII/ptolemy/actor/lib/test/auto/ExpressionConcatenateArrayType2.xml
2 ms. Memory: 1112576K Free: 79204K (7%)
----------------- Invoking toplevel() on ptolemy.moml.MoMLSimpleApplication@19b9fd91
----------------- Done invoking toplevel() on ptolemy.moml.MoMLSimpleApplication@19b9fd91
reloadAllAccessors: .ExpressionConcatenateArrayType2

===========================================================================================
----------------- testing Sun Feb 10 03:30:17 UTC 2019 /home/travis/build/icyphy/ptII/ptolemy/actor/lib/test/auto/ExpressionFix.xml
----------------- Instantiating /home/travis/build/icyphy/ptII/ptolemy/actor/lib/test/auto/ExpressionFix.xml
8 ms. Memory: 1225728K Free: 1167970K (95%)
----------------- Invoking toplevel() on ptolemy.moml.MoMLSimpleApplication@2f798522
----------------- Done invoking toplevel() on ptolemy.moml.MoMLSimpleApplication@2f798522
reloadAllAccessors: .ExpressionFix

===========================================================================================
----------------- testing Sun Feb 10 03:30:17 UTC 2019 /home/travis/build/icyphy/ptII/ptolemy/actor/lib/test/auto/ExpressionFix2.xml
----------------- Instantiating /home/travis/build/icyphy/ptII/ptolemy/actor/lib/test/auto/ExpressionFix2.xml
2 ms. Memory: 1225728K Free: 1152979K (94%)
----------------- Invoking toplevel() on ptolemy.moml.MoMLSimpleApplication@15d69081
----------------- Done invoking toplevel() on ptolemy.moml.MoMLSimpleApplication@15d69081
reloadAllAccessors: .ExpressionFix2

===========================================================================================
----------------- testing Sun Feb 10 03:30:17 UTC 2019 /home/travis/build/icyphy/ptII/ptolemy/actor/lib/test/auto/ExpressionFix3.xml
----------------- Instantiating /home/travis/build/icyphy/ptII/ptolemy/actor/lib/test/auto/ExpressionFix3.xml
4 ms. Memory: 1225728K Free: 1132984K (92%)
----------------- Invoking toplevel() on ptolemy.moml.MoMLSimpleApplication@7bce81f
----------------- Done invoking toplevel() on ptolemy.moml.MoMLSimpleApplication@7bce81f
reloadAllAccessors: .ExpressionFix3

===========================================================================================
----------------- testing Sun Feb 10 03:30:17 UTC 2019 /home/travis/build/icyphy/ptII/ptolemy/actor/lib/test/auto/FileWriter1.xml
----------------- Instantiating /home/travis/build/icyphy/ptII/ptolemy/actor/lib/test/auto/FileWriter1.xml
4 ms. Memory: 1225728K Free: 1117993K (91%)
----------------- Invoking toplevel() on ptolemy.moml.MoMLSimpleApplication@4f1b9ca1
----------------- Done invoking toplevel() on ptolemy.moml.MoMLSimpleApplication@4f1b9ca1
reloadAllAccessors: .FileWriter1

===========================================================================================
----------------- testing Sun Feb 10 03:30:17 UTC 2019 /home/travis/build/icyphy/ptII/ptolemy/actor/lib/test/auto/FileWriter2.xml
----------------- Instantiating /home/travis/build/icyphy/ptII/ptolemy/actor/lib/test/auto/FileWriter2.xml
2 ms. Memory: 1225728K Free: 1098040K (90%)
----------------- Invoking toplevel() on ptolemy.moml.MoMLSimpleApplication@188c9fb5
----------------- Done invoking toplevel() on ptolemy.moml.MoMLSimpleApplication@188c9fb5
reloadAllAccessors: .FileWriter2

===========================================================================================
----------------- testing Sun Feb 10 03:30:17 UTC 2019 /home/travis/build/icyphy/ptII/ptolemy/actor/lib/test/auto/FileWriter3.xml
----------------- Instantiating /home/travis/build/icyphy/ptII/ptolemy/actor/lib/test/auto/FileWriter3.xml
1 ms. Memory: 1225728K Free: 1083049K (88%)
----------------- Invoking toplevel() on ptolemy.moml.MoMLSimpleApplication@cebef87
----------------- Done invoking toplevel() on ptolemy.moml.MoMLSimpleApplication@cebef87
reloadAllAccessors: .FileWriter3

===========================================================================================
----------------- testing Sun Feb 10 03:30:17 UTC 2019 /home/travis/build/icyphy/ptII/ptolemy/actor/lib/test/auto/Gaussian.xml
----------------- Instantiating /home/travis/build/icyphy/ptII/ptolemy/actor/lib/test/auto/Gaussian.xml
2 ms. Memory: 1225728K Free: 1063096K (87%)
----------------- Invoking toplevel() on ptolemy.moml.MoMLSimpleApplication@4b86a54
----------------- Done invoking toplevel() on ptolemy.moml.MoMLSimpleApplication@4b86a54
reloadAllAccessors: .Gaussian

===========================================================================================
----------------- testing Sun Feb 10 03:30:17 UTC 2019 /home/travis/build/icyphy/ptII/ptolemy/actor/lib/test/auto/Gaussian1.xml
----------------- Instantiating /home/travis/build/icyphy/ptII/ptolemy/actor/lib/test/auto/Gaussian1.xml
2 ms. Memory: 1225728K Free: 1048104K (86%)
----------------- Invoking toplevel() on ptolemy.moml.MoMLSimpleApplication@3f3f37e4
----------------- Done invoking toplevel() on ptolemy.moml.MoMLSimpleApplication@3f3f37e4
reloadAllAccessors: .Gaussian1

===========================================================================================
----------------- testing Sun Feb 10 03:30:17 UTC 2019 /home/travis/build/icyphy/ptII/ptolemy/actor/lib/test/auto/Gaussian2.xml
----------------- Instantiating /home/travis/build/icyphy/ptII/ptolemy/actor/lib/test/auto/Gaussian2.xml
1 ms. Memory: 1225728K Free: 1028151K (84%)
----------------- Invoking toplevel() on ptolemy.moml.MoMLSimpleApplication@603246fb
----------------- Done invoking toplevel() on ptolemy.moml.MoMLSimpleApplication@603246fb
reloadAllAccessors: .Gaussian2

===========================================================================================
----------------- testing Sun Feb 10 03:30:17 UTC 2019 /home/travis/build/icyphy/ptII/ptolemy/actor/lib/test/auto/GradientAdaptiveLattice.xml
----------------- Instantiating /home/travis/build/icyphy/ptII/ptolemy/actor/lib/test/auto/GradientAdaptiveLattice.xml
5 ms. Memory: 1225728K Free: 1013160K (83%)
----------------- Invoking toplevel() on ptolemy.moml.MoMLSimpleApplication@47f192b2
----------------- Done invoking toplevel() on ptolemy.moml.MoMLSimpleApplication@47f192b2
reloadAllAccessors: .GradientAdaptiveLattice

===========================================================================================
----------------- testing Sun Feb 10 03:30:17 UTC 2019 /home/travis/build/icyphy/ptII/ptolemy/actor/lib/test/auto/IIR.xml
----------------- Instantiating /home/travis/build/icyphy/ptII/ptolemy/actor/lib/test/auto/IIR.xml
2 ms. Memory: 1225728K Free: 993207K (81%)
----------------- Invoking toplevel() on ptolemy.moml.MoMLSimpleApplication@47903e38
----------------- Done invoking toplevel() on ptolemy.moml.MoMLSimpleApplication@47903e38
reloadAllAccessors: .IIR

===========================================================================================
----------------- testing Sun Feb 10 03:30:17 UTC 2019 /home/travis/build/icyphy/ptII/ptolemy/actor/lib/test/auto/InputOutputTransparentPorts.xml
----------------- Instantiating /home/travis/build/icyphy/ptII/ptolemy/actor/lib/test/auto/InputOutputTransparentPorts.xml
2 ms. Memory: 1225728K Free: 978216K (80%)
----------------- Invoking toplevel() on ptolemy.moml.MoMLSimpleApplication@2dab6ff3
----------------- Done invoking toplevel() on ptolemy.moml.MoMLSimpleApplication@2dab6ff3
reloadAllAccessors: .InputOutputTransparentPorts

===========================================================================================
----------------- testing Sun Feb 10 03:30:17 UTC 2019 /home/travis/build/icyphy/ptII/ptolemy/actor/lib/test/auto/Interpolator.xml
----------------- Instantiating /home/travis/build/icyphy/ptII/ptolemy/actor/lib/test/auto/Interpolator.xml
4 ms. Memory: 1225728K Free: 963224K (79%)
----------------- Invoking toplevel() on ptolemy.moml.MoMLSimpleApplication@3918f5ae
----------------- Done invoking toplevel() on ptolemy.moml.MoMLSimpleApplication@3918f5ae
reloadAllAccessors: .Interpolator

===========================================================================================
----------------- testing Sun Feb 10 03:30:17 UTC 2019 /home/travis/build/icyphy/ptII/ptolemy/actor/lib/test/auto/InterpolatorFiringLimitDE.xml
----------------- Instantiating /home/travis/build/icyphy/ptII/ptolemy/actor/lib/test/auto/InterpolatorFiringLimitDE.xml
2 ms. Memory: 1225728K Free: 943271K (77%)
----------------- Invoking toplevel() on ptolemy.moml.MoMLSimpleApplication@1edec489
----------------- Done invoking toplevel() on ptolemy.moml.MoMLSimpleApplication@1edec489
reloadAllAccessors: .InterpolatorFiringLimitDE

===========================================================================================
----------------- testing Sun Feb 10 03:30:17 UTC 2019 /home/travis/build/icyphy/ptII/ptolemy/actor/lib/test/auto/Lattice.xml
----------------- Instantiating /home/travis/build/icyphy/ptII/ptolemy/actor/lib/test/auto/Lattice.xml
1 ms. Memory: 1225728K Free: 928280K (76%)
----------------- Invoking toplevel() on ptolemy.moml.MoMLSimpleApplication@36183929
----------------- Done invoking toplevel() on ptolemy.moml.MoMLSimpleApplication@36183929
reloadAllAccessors: .Lattice

===========================================================================================
----------------- testing Sun Feb 10 03:30:17 UTC 2019 /home/travis/build/icyphy/ptII/ptolemy/actor/lib/test/auto/LazyAOCTestLazy.xml
----------------- Instantiating /home/travis/build/icyphy/ptII/ptolemy/actor/lib/test/auto/LazyAOCTestLazy.xml
15 ms. Memory: 1225728K Free: 908327K (74%)
----------------- Invoking toplevel() on ptolemy.moml.MoMLSimpleApplication@75986151
----------------- Done invoking toplevel() on ptolemy.moml.MoMLSimpleApplication@75986151
reloadAllAccessors: .LazyAOCTestLazy

===========================================================================================
----------------- testing Sun Feb 10 03:30:17 UTC 2019 /home/travis/build/icyphy/ptII/ptolemy/actor/lib/test/auto/LazyAOCTestNonLazy.xml
----------------- Instantiating /home/travis/build/icyphy/ptII/ptolemy/actor/lib/test/auto/LazyAOCTestNonLazy.xml
10 ms. Memory: 1225728K Free: 893336K (73%)
----------------- Invoking toplevel() on ptolemy.moml.MoMLSimpleApplication@2e15bc42
----------------- Done invoking toplevel() on ptolemy.moml.MoMLSimpleApplication@2e15bc42
reloadAllAccessors: .LazyAOCTestNonLazy

===========================================================================================
----------------- testing Sun Feb 10 03:30:17 UTC 2019 /home/travis/build/icyphy/ptII/ptolemy/actor/lib/test/auto/LazyInnerClass.xml
----------------- Instantiating /home/travis/build/icyphy/ptII/ptolemy/actor/lib/test/auto/LazyInnerClass.xml
13 ms. Memory: 1225728K Free: 873383K (71%)
----------------- Invoking toplevel() on ptolemy.moml.MoMLSimpleApplication@5512ad9e
----------------- Done invoking toplevel() on ptolemy.moml.MoMLSimpleApplication@5512ad9e
reloadAllAccessors: .LazyInnerClass

===========================================================================================
----------------- testing Sun Feb 10 03:30:18 UTC 2019 /home/travis/build/icyphy/ptII/ptolemy/actor/lib/test/auto/LazyPubSub.xml
----------------- Instantiating /home/travis/build/icyphy/ptII/ptolemy/actor/lib/test/auto/LazyPubSub.xml
23 ms. Memory: 1225728K Free: 858391K (70%)
----------------- Invoking toplevel() on ptolemy.moml.MoMLSimpleApplication@56e56c92
----------------- Done invoking toplevel() on ptolemy.moml.MoMLSimpleApplication@56e56c92
reloadAllAccessors: .LazyPubSub

===========================================================================================
----------------- testing Sun Feb 10 03:30:18 UTC 2019 /home/travis/build/icyphy/ptII/ptolemy/actor/lib/test/auto/LazyPubSub2.xml
----------------- Instantiating /home/travis/build/icyphy/ptII/ptolemy/actor/lib/test/auto/LazyPubSub2.xml
9 ms. Memory: 1225728K Free: 838438K (68%)
----------------- Invoking toplevel() on ptolemy.moml.MoMLSimpleApplication@1f717003
----------------- Done invoking toplevel() on ptolemy.moml.MoMLSimpleApplication@1f717003
reloadAllAccessors: .LazyPubSub2

===========================================================================================
----------------- testing Sun Feb 10 03:30:18 UTC 2019 /home/travis/build/icyphy/ptII/ptolemy/actor/lib/test/auto/LazyPubSub3.xml
----------------- Instantiating /home/travis/build/icyphy/ptII/ptolemy/actor/lib/test/auto/LazyPubSub3.xml
9 ms. Memory: 1225728K Free: 823447K (67%)
----------------- Invoking toplevel() on ptolemy.moml.MoMLSimpleApplication@56b4699d
----------------- Done invoking toplevel() on ptolemy.moml.MoMLSimpleApplication@56b4699d
reloadAllAccessors: .LazyPubSub3

===========================================================================================
----------------- testing Sun Feb 10 03:30:18 UTC 2019 /home/travis/build/icyphy/ptII/ptolemy/actor/lib/test/auto/LazySubClassModel.xml
----------------- Instantiating /home/travis/build/icyphy/ptII/ptolemy/actor/lib/test/auto/LazySubClassModel.xml
1 ms. Memory: 1225728K Free: 803494K (66%)
----------------- Invoking toplevel() on ptolemy.moml.MoMLSimpleApplication@32c6322a
----------------- Done invoking toplevel() on ptolemy.moml.MoMLSimpleApplication@32c6322a
reloadAllAccessors: .LazySubClassModel

===========================================================================================
----------------- testing Sun Feb 10 03:30:18 UTC 2019 /home/travis/build/icyphy/ptII/ptolemy/actor/lib/test/auto/LevelCrossTest1.xml
----------------- Instantiating /home/travis/build/icyphy/ptII/ptolemy/actor/lib/test/auto/LevelCrossTest1.xml
1 ms. Memory: 1225728K Free: 788502K (64%)
----------------- Invoking toplevel() on ptolemy.moml.MoMLSimpleApplication@5745665c
----------------- Done invoking toplevel() on ptolemy.moml.MoMLSimpleApplication@5745665c
reloadAllAccessors: .broken

===========================================================================================
----------------- testing Sun Feb 10 03:30:18 UTC 2019 /home/travis/build/icyphy/ptII/ptolemy/actor/lib/test/auto/LevelCrossTest10.xml
----------------- Instantiating /home/travis/build/icyphy/ptII/ptolemy/actor/lib/test/auto/LevelCrossTest10.xml
1 ms. Memory: 1225728K Free: 768549K (63%)
----------------- Invoking toplevel() on ptolemy.moml.MoMLSimpleApplication@6b0c075a
----------------- Done invoking toplevel() on ptolemy.moml.MoMLSimpleApplication@6b0c075a
reloadAllAccessors: .LevelCrossTest10

===========================================================================================
----------------- testing Sun Feb 10 03:30:18 UTC 2019 /home/travis/build/icyphy/ptII/ptolemy/actor/lib/test/auto/LevelCrossTest11.xml
----------------- Instantiating /home/travis/build/icyphy/ptII/ptolemy/actor/lib/test/auto/LevelCrossTest11.xml
1 ms. Memory: 1225728K Free: 753558K (61%)
----------------- Invoking toplevel() on ptolemy.moml.MoMLSimpleApplication@458797f2
----------------- Done invoking toplevel() on ptolemy.moml.MoMLSimpleApplication@458797f2
reloadAllAccessors: .LevelCrossTest11

===========================================================================================
----------------- testing Sun Feb 10 03:30:18 UTC 2019 /home/travis/build/icyphy/ptII/ptolemy/actor/lib/test/auto/LevelCrossTest12.xml
----------------- Instantiating /home/travis/build/icyphy/ptII/ptolemy/actor/lib/test/auto/LevelCrossTest12.xml
1 ms. Memory: 1225728K Free: 738566K (60%)
----------------- Invoking toplevel() on ptolemy.moml.MoMLSimpleApplication@49ef5dd7
----------------- Done invoking toplevel() on ptolemy.moml.MoMLSimpleApplication@49ef5dd7
reloadAllAccessors: .LevelCrossTest12

===========================================================================================
----------------- testing Sun Feb 10 03:30:18 UTC 2019 /home/travis/build/icyphy/ptII/ptolemy/actor/lib/test/auto/LevelCrossTest13.xml
----------------- Instantiating /home/travis/build/icyphy/ptII/ptolemy/actor/lib/test/auto/LevelCrossTest13.xml
1 ms. Memory: 1225728K Free: 718614K (59%)
----------------- Invoking toplevel() on ptolemy.moml.MoMLSimpleApplication@2d25586f
----------------- Done invoking toplevel() on ptolemy.moml.MoMLSimpleApplication@2d25586f
reloadAllAccessors: .LevelCrossTest13

===========================================================================================
----------------- testing Sun Feb 10 03:30:18 UTC 2019 /home/travis/build/icyphy/ptII/ptolemy/actor/lib/test/auto/LevelCrossTest2.xml
----------------- Instantiating /home/travis/build/icyphy/ptII/ptolemy/actor/lib/test/auto/LevelCrossTest2.xml
1 ms. Memory: 1225728K Free: 703622K (57%)
----------------- Invoking toplevel() on ptolemy.moml.MoMLSimpleApplication@197de2be
----------------- Done invoking toplevel() on ptolemy.moml.MoMLSimpleApplication@197de2be
reloadAllAccessors: .broken

===========================================================================================
----------------- testing Sun Feb 10 03:30:18 UTC 2019 /home/travis/build/icyphy/ptII/ptolemy/actor/lib/test/auto/LevelCrossTest3.xml
----------------- Instantiating /home/travis/build/icyphy/ptII/ptolemy/actor/lib/test/auto/LevelCrossTest3.xml
1 ms. Memory: 1225728K Free: 683669K (56%)
----------------- Invoking toplevel() on ptolemy.moml.MoMLSimpleApplication@13ae6a12
----------------- Done invoking toplevel() on ptolemy.moml.MoMLSimpleApplication@13ae6a12
reloadAllAccessors: .LevelCrossTest3

===========================================================================================
----------------- testing Sun Feb 10 03:30:18 UTC 2019 /home/travis/build/icyphy/ptII/ptolemy/actor/lib/test/auto/LevelCrossTest4.xml
----------------- Instantiating /home/travis/build/icyphy/ptII/ptolemy/actor/lib/test/auto/LevelCrossTest4.xml
1 ms. Memory: 1225728K Free: 668678K (55%)
----------------- Invoking toplevel() on ptolemy.moml.MoMLSimpleApplication@5b74dcbf
----------------- Done invoking toplevel() on ptolemy.moml.MoMLSimpleApplication@5b74dcbf
reloadAllAccessors: .broken

===========================================================================================
----------------- testing Sun Feb 10 03:30:18 UTC 2019 /home/travis/build/icyphy/ptII/ptolemy/actor/lib/test/auto/LevelCrossTest5.xml
----------------- Instantiating /home/travis/build/icyphy/ptII/ptolemy/actor/lib/test/auto/LevelCrossTest5.xml
1 ms. Memory: 1225728K Free: 648725K (53%)
----------------- Invoking toplevel() on ptolemy.moml.MoMLSimpleApplication@75a5878f
----------------- Done invoking toplevel() on ptolemy.moml.MoMLSimpleApplication@75a5878f
reloadAllAccessors: .LevelCrossTest5

===========================================================================================
----------------- testing Sun Feb 10 03:30:18 UTC 2019 /home/travis/build/icyphy/ptII/ptolemy/actor/lib/test/auto/LevelCrossTest6.xml
----------------- Instantiating /home/travis/build/icyphy/ptII/ptolemy/actor/lib/test/auto/LevelCrossTest6.xml
2 ms. Memory: 1225728K Free: 633734K (52%)
----------------- Invoking toplevel() on ptolemy.moml.MoMLSimpleApplication@613cdc9f
----------------- Done invoking toplevel() on ptolemy.moml.MoMLSimpleApplication@613cdc9f
reloadAllAccessors: .LevelCrossTest6

===========================================================================================
----------------- testing Sun Feb 10 03:30:18 UTC 2019 /home/travis/build/icyphy/ptII/ptolemy/actor/lib/test/auto/LevelCrossTest7.xml
----------------- Instantiating /home/travis/build/icyphy/ptII/ptolemy/actor/lib/test/auto/LevelCrossTest7.xml
1 ms. Memory: 1225728K Free: 613781K (50%)
----------------- Invoking toplevel() on ptolemy.moml.MoMLSimpleApplication@cac8656
----------------- Done invoking toplevel() on ptolemy.moml.MoMLSimpleApplication@cac8656
reloadAllAccessors: .LevelCrossTest7

===========================================================================================
----------------- testing Sun Feb 10 03:30:18 UTC 2019 /home/travis/build/icyphy/ptII/ptolemy/actor/lib/test/auto/LevelCrossTest8.xml
----------------- Instantiating /home/travis/build/icyphy/ptII/ptolemy/actor/lib/test/auto/LevelCrossTest8.xml
1 ms. Memory: 1225728K Free: 598789K (49%)
----------------- Invoking toplevel() on ptolemy.moml.MoMLSimpleApplication@2526d68f
----------------- Done invoking toplevel() on ptolemy.moml.MoMLSimpleApplication@2526d68f
reloadAllAccessors: .LevelCrossTest8

===========================================================================================
----------------- testing Sun Feb 10 03:30:18 UTC 2019 /home/travis/build/icyphy/ptII/ptolemy/actor/lib/test/auto/LevelCrossTest9.xml
----------------- Instantiating /home/travis/build/icyphy/ptII/ptolemy/actor/lib/test/auto/LevelCrossTest9.xml
1 ms. Memory: 1225728K Free: 578836K (47%)
----------------- Invoking toplevel() on ptolemy.moml.MoMLSimpleApplication@7dbb249f
----------------- Done invoking toplevel() on ptolemy.moml.MoMLSimpleApplication@7dbb249f
reloadAllAccessors: .LevelCrossTest9

===========================================================================================
----------------- testing Sun Feb 10 03:30:18 UTC 2019 /home/travis/build/icyphy/ptII/ptolemy/actor/lib/test/auto/LevinsonDurbin.xml
----------------- Instantiating /home/travis/build/icyphy/ptII/ptolemy/actor/lib/test/auto/LevinsonDurbin.xml
1 ms. Memory: 1225728K Free: 563845K (46%)
----------------- Invoking toplevel() on ptolemy.moml.MoMLSimpleApplication@940d92b
----------------- Done invoking toplevel() on ptolemy.moml.MoMLSimpleApplication@940d92b
reloadAllAccessors: .LevinsonDurbin

===========================================================================================
----------------- testing Sun Feb 10 03:30:18 UTC 2019 /home/travis/build/icyphy/ptII/ptolemy/actor/lib/test/auto/LevinsonDurbin2.xml
----------------- Instantiating /home/travis/build/icyphy/ptII/ptolemy/actor/lib/test/auto/LevinsonDurbin2.xml
1 ms. Memory: 1225728K Free: 543892K (44%)
----------------- Invoking toplevel() on ptolemy.moml.MoMLSimpleApplication@26526e15
----------------- Done invoking toplevel() on ptolemy.moml.MoMLSimpleApplication@26526e15
reloadAllAccessors: .LevinsonDurbin2

===========================================================================================
----------------- testing Sun Feb 10 03:30:18 UTC 2019 /home/travis/build/icyphy/ptII/ptolemy/actor/lib/test/auto/LevinsonDurbin3.xml
----------------- Instantiating /home/travis/build/icyphy/ptII/ptolemy/actor/lib/test/auto/LevinsonDurbin3.xml
1 ms. Memory: 1225728K Free: 528901K (43%)
----------------- Invoking toplevel() on ptolemy.moml.MoMLSimpleApplication@7f667f70
----------------- Done invoking toplevel() on ptolemy.moml.MoMLSimpleApplication@7f667f70
reloadAllAccessors: .LevinsonDurbin3

===========================================================================================
----------------- testing Sun Feb 10 03:30:18 UTC 2019 /home/travis/build/icyphy/ptII/ptolemy/actor/lib/test/auto/Limiter.xml
----------------- Instantiating /home/travis/build/icyphy/ptII/ptolemy/actor/lib/test/auto/Limiter.xml
4 ms. Memory: 1225728K Free: 508948K (42%)
----------------- Invoking toplevel() on ptolemy.moml.MoMLSimpleApplication@555407f1
----------------- Done invoking toplevel() on ptolemy.moml.MoMLSimpleApplication@555407f1
reloadAllAccessors: .Limiter

===========================================================================================
----------------- testing Sun Feb 10 03:30:18 UTC 2019 /home/travis/build/icyphy/ptII/ptolemy/actor/lib/test/auto/LinearDifferenceEquationSystem.xml
----------------- Instantiating /home/travis/build/icyphy/ptII/ptolemy/actor/lib/test/auto/LinearDifferenceEquationSystem.xml
3 ms. Memory: 1225728K Free: 486648K (40%)
----------------- Invoking toplevel() on ptolemy.moml.MoMLSimpleApplication@2e70f5c5
----------------- Done invoking toplevel() on ptolemy.moml.MoMLSimpleApplication@2e70f5c5
reloadAllAccessors: .LinearDifferenceEquationSystem

===========================================================================================
----------------- testing Sun Feb 10 03:30:18 UTC 2019 /home/travis/build/icyphy/ptII/ptolemy/actor/lib/test/auto/LookupTable.xml
----------------- Instantiating /home/travis/build/icyphy/ptII/ptolemy/actor/lib/test/auto/LookupTable.xml
1 ms. Memory: 1225728K Free: 471657K (38%)
----------------- Invoking toplevel() on ptolemy.moml.MoMLSimpleApplication@a48e9fc
----------------- Done invoking toplevel() on ptolemy.moml.MoMLSimpleApplication@a48e9fc
reloadAllAccessors: .LookupTable

===========================================================================================
----------------- testing Sun Feb 10 03:30:18 UTC 2019 /home/travis/build/icyphy/ptII/ptolemy/actor/lib/test/auto/MathFunction.xml
----------------- Instantiating /home/travis/build/icyphy/ptII/ptolemy/actor/lib/test/auto/MathFunction.xml
2 ms. Memory: 1225728K Free: 451704K (37%)
----------------- Invoking toplevel() on ptolemy.moml.MoMLSimpleApplication@72dad30b
----------------- Done invoking toplevel() on ptolemy.moml.MoMLSimpleApplication@72dad30b
reloadAllAccessors: .MathFunction

===========================================================================================
----------------- testing Sun Feb 10 03:30:18 UTC 2019 /home/travis/build/icyphy/ptII/ptolemy/actor/lib/test/auto/MathFunction2.xml
----------------- Instantiating /home/travis/build/icyphy/ptII/ptolemy/actor/lib/test/auto/MathFunction2.xml
1 ms. Memory: 1225728K Free: 436713K (36%)
----------------- Invoking toplevel() on ptolemy.moml.MoMLSimpleApplication@4a3428bf
----------------- Done invoking toplevel() on ptolemy.moml.MoMLSimpleApplication@4a3428bf
reloadAllAccessors: .MathFunction2

===========================================================================================
----------------- testing Sun Feb 10 03:30:18 UTC 2019 /home/travis/build/icyphy/ptII/ptolemy/actor/lib/test/auto/MathFunction3.xml
----------------- Instantiating /home/travis/build/icyphy/ptII/ptolemy/actor/lib/test/auto/MathFunction3.xml
6 ms. Memory: 1225728K Free: 416760K (34%)
----------------- Invoking toplevel() on ptolemy.moml.MoMLSimpleApplication@1e53d3fb
----------------- Done invoking toplevel() on ptolemy.moml.MoMLSimpleApplication@1e53d3fb
reloadAllAccessors: .MathFunction3

===========================================================================================
----------------- testing Sun Feb 10 03:30:18 UTC 2019 /home/travis/build/icyphy/ptII/ptolemy/actor/lib/test/auto/MatrixCropBoolean.xml
----------------- Instantiating /home/travis/build/icyphy/ptII/ptolemy/actor/lib/test/auto/MatrixCropBoolean.xml
2 ms. Memory: 1225728K Free: 401769K (33%)
----------------- Invoking toplevel() on ptolemy.moml.MoMLSimpleApplication@a9988d9
----------------- Done invoking toplevel() on ptolemy.moml.MoMLSimpleApplication@a9988d9
reloadAllAccessors: .MatrixCropBoolean

===========================================================================================
----------------- testing Sun Feb 10 03:30:18 UTC 2019 /home/travis/build/icyphy/ptII/ptolemy/actor/lib/test/auto/MatrixCropComplex.xml
----------------- Instantiating /home/travis/build/icyphy/ptII/ptolemy/actor/lib/test/auto/MatrixCropComplex.xml
2 ms. Memory: 1225728K Free: 381815K (31%)
----------------- Invoking toplevel() on ptolemy.moml.MoMLSimpleApplication@f475c13
----------------- Done invoking toplevel() on ptolemy.moml.MoMLSimpleApplication@f475c13
reloadAllAccessors: .MatrixCropComplex

===========================================================================================
----------------- testing Sun Feb 10 03:30:18 UTC 2019 /home/travis/build/icyphy/ptII/ptolemy/actor/lib/test/auto/MatrixCropDouble.xml
----------------- Instantiating /home/travis/build/icyphy/ptII/ptolemy/actor/lib/test/auto/MatrixCropDouble.xml
2 ms. Memory: 1225728K Free: 366824K (30%)
----------------- Invoking toplevel() on ptolemy.moml.MoMLSimpleApplication@66807809
----------------- Done invoking toplevel() on ptolemy.moml.MoMLSimpleApplication@66807809
reloadAllAccessors: .MatrixCropDouble

===========================================================================================
----------------- testing Sun Feb 10 03:30:18 UTC 2019 /home/travis/build/icyphy/ptII/ptolemy/actor/lib/test/auto/MatrixCropFix.xml
----------------- Instantiating /home/travis/build/icyphy/ptII/ptolemy/actor/lib/test/auto/MatrixCropFix.xml
2 ms. Memory: 1225728K Free: 346871K (28%)
----------------- Invoking toplevel() on ptolemy.moml.MoMLSimpleApplication@da0d74b
----------------- Done invoking toplevel() on ptolemy.moml.MoMLSimpleApplication@da0d74b
reloadAllAccessors: .MatrixCropFix

===========================================================================================
----------------- testing Sun Feb 10 03:30:18 UTC 2019 /home/travis/build/icyphy/ptII/ptolemy/actor/lib/test/auto/MatrixCropInt.xml
----------------- Instantiating /home/travis/build/icyphy/ptII/ptolemy/actor/lib/test/auto/MatrixCropInt.xml
2 ms. Memory: 1225728K Free: 331880K (27%)
----------------- Invoking toplevel() on ptolemy.moml.MoMLSimpleApplication@70573f69
----------------- Done invoking toplevel() on ptolemy.moml.MoMLSimpleApplication@70573f69
reloadAllAccessors: .MatrixCropInt

===========================================================================================
----------------- testing Sun Feb 10 03:30:18 UTC 2019 /home/travis/build/icyphy/ptII/ptolemy/actor/lib/test/auto/MatrixCropLong.xml
----------------- Instantiating /home/travis/build/icyphy/ptII/ptolemy/actor/lib/test/auto/MatrixCropLong.xml
2 ms. Memory: 1225728K Free: 311927K (25%)
----------------- Invoking toplevel() on ptolemy.moml.MoMLSimpleApplication@896505f
----------------- Done invoking toplevel() on ptolemy.moml.MoMLSimpleApplication@896505f
reloadAllAccessors: .MatrixCropLong

===========================================================================================
----------------- testing Sun Feb 10 03:30:18 UTC 2019 /home/travis/build/icyphy/ptII/ptolemy/actor/lib/test/auto/MatrixToArray.xml
----------------- Instantiating /home/travis/build/icyphy/ptII/ptolemy/actor/lib/test/auto/MatrixToArray.xml
4 ms. Memory: 1225728K Free: 289424K (24%)
----------------- Invoking toplevel() on ptolemy.moml.MoMLSimpleApplication@5a5b761d
----------------- Done invoking toplevel() on ptolemy.moml.MoMLSimpleApplication@5a5b761d
reloadAllAccessors: .MatrixToArray

===========================================================================================
----------------- testing Sun Feb 10 03:30:18 UTC 2019 /home/travis/build/icyphy/ptII/ptolemy/actor/lib/test/auto/MaxIndex.xml
----------------- Instantiating /home/travis/build/icyphy/ptII/ptolemy/actor/lib/test/auto/MaxIndex.xml
1 ms. Memory: 1225728K Free: 269471K (22%)
----------------- Invoking toplevel() on ptolemy.moml.MoMLSimpleApplication@3a40a728
----------------- Done invoking toplevel() on ptolemy.moml.MoMLSimpleApplication@3a40a728
reloadAllAccessors: .MaxIndex

===========================================================================================
----------------- testing Sun Feb 10 03:30:18 UTC 2019 /home/travis/build/icyphy/ptII/ptolemy/actor/lib/test/auto/Maximum.xml
----------------- Instantiating /home/travis/build/icyphy/ptII/ptolemy/actor/lib/test/auto/Maximum.xml
2 ms. Memory: 1225728K Free: 254479K (21%)
----------------- Invoking toplevel() on ptolemy.moml.MoMLSimpleApplication@3ec2ce1
----------------- Done invoking toplevel() on ptolemy.moml.MoMLSimpleApplication@3ec2ce1
reloadAllAccessors: .Maximum

===========================================================================================
----------------- testing Sun Feb 10 03:30:18 UTC 2019 /home/travis/build/icyphy/ptII/ptolemy/actor/lib/test/auto/MaximumComplex.xml
----------------- Instantiating /home/travis/build/icyphy/ptII/ptolemy/actor/lib/test/auto/MaximumComplex.xml
2 ms. Memory: 1225728K Free: 234527K (19%)
----------------- Invoking toplevel() on ptolemy.moml.MoMLSimpleApplication@7c60f3c6
----------------- Done invoking toplevel() on ptolemy.moml.MoMLSimpleApplication@7c60f3c6
reloadAllAccessors: .MaximumComplex

===========================================================================================
----------------- testing Sun Feb 10 03:30:18 UTC 2019 /home/travis/build/icyphy/ptII/ptolemy/actor/lib/test/auto/MethodCallTest.xml
----------------- Instantiating /home/travis/build/icyphy/ptII/ptolemy/actor/lib/test/auto/MethodCallTest.xml
1 ms. Memory: 1225728K Free: 219535K (18%)
----------------- Invoking toplevel() on ptolemy.moml.MoMLSimpleApplication@213de0b2
----------------- Done invoking toplevel() on ptolemy.moml.MoMLSimpleApplication@213de0b2
reloadAllAccessors: .MethodCallTest

===========================================================================================
----------------- testing Sun Feb 10 03:30:18 UTC 2019 /home/travis/build/icyphy/ptII/ptolemy/actor/lib/test/auto/Minimum.xml
----------------- Instantiating /home/travis/build/icyphy/ptII/ptolemy/actor/lib/test/auto/Minimum.xml
2 ms. Memory: 1225728K Free: 199582K (16%)
----------------- Invoking toplevel() on ptolemy.moml.MoMLSimpleApplication@ab077c
----------------- Done invoking toplevel() on ptolemy.moml.MoMLSimpleApplication@ab077c
reloadAllAccessors: .Minimum

===========================================================================================
----------------- testing Sun Feb 10 03:30:18 UTC 2019 /home/travis/build/icyphy/ptII/ptolemy/actor/lib/test/auto/MinimumComplex.xml
----------------- Instantiating /home/travis/build/icyphy/ptII/ptolemy/actor/lib/test/auto/MinimumComplex.xml
2 ms. Memory: 1225728K Free: 184591K (15%)
----------------- Invoking toplevel() on ptolemy.moml.MoMLSimpleApplication@7c6bd2ea
----------------- Done invoking toplevel() on ptolemy.moml.MoMLSimpleApplication@7c6bd2ea
reloadAllAccessors: .MinimumComplex

===========================================================================================
----------------- testing Sun Feb 10 03:30:18 UTC 2019 /home/travis/build/icyphy/ptII/ptolemy/actor/lib/test/auto/MinimumMultiports.xml
----------------- Instantiating /home/travis/build/icyphy/ptII/ptolemy/actor/lib/test/auto/MinimumMultiports.xml
4 ms. Memory: 1225728K Free: 164638K (13%)
----------------- Invoking toplevel() on ptolemy.moml.MoMLSimpleApplication@567951b5
----------------- Done invoking toplevel() on ptolemy.moml.MoMLSimpleApplication@567951b5
reloadAllAccessors: .MinimumMultiports

===========================================================================================
----------------- testing Sun Feb 10 03:30:18 UTC 2019 /home/travis/build/icyphy/ptII/ptolemy/actor/lib/test/auto/ModifyDate.xml
----------------- Instantiating /home/travis/build/icyphy/ptII/ptolemy/actor/lib/test/auto/ModifyDate.xml
7 ms. Memory: 1225728K Free: 142135K (12%)
----------------- Invoking toplevel() on ptolemy.moml.MoMLSimpleApplication@e966f75
----------------- Done invoking toplevel() on ptolemy.moml.MoMLSimpleApplication@e966f75
reloadAllAccessors: .ModifyDate

===========================================================================================
----------------- testing Sun Feb 10 03:30:18 UTC 2019 /home/travis/build/icyphy/ptII/ptolemy/actor/lib/test/auto/ModifyDate2.xml
----------------- Instantiating /home/travis/build/icyphy/ptII/ptolemy/actor/lib/test/auto/ModifyDate2.xml
3 ms. Memory: 1225728K Free: 119640K (10%)
----------------- Invoking toplevel() on ptolemy.moml.MoMLSimpleApplication@2164c99c
----------------- Done invoking toplevel() on ptolemy.moml.MoMLSimpleApplication@2164c99c
reloadAllAccessors: .ModifyDate2

===========================================================================================
----------------- testing Sun Feb 10 03:30:18 UTC 2019 /home/travis/build/icyphy/ptII/ptolemy/actor/lib/test/auto/MovingAverage.xml
----------------- Instantiating /home/travis/build/icyphy/ptII/ptolemy/actor/lib/test/auto/MovingAverage.xml
2 ms. Memory: 1225728K Free: 99687K (8%)
----------------- Invoking toplevel() on ptolemy.moml.MoMLSimpleApplication@69b39e48
----------------- Done invoking toplevel() on ptolemy.moml.MoMLSimpleApplication@69b39e48
reloadAllAccessors: .MovingAverage

===========================================================================================
----------------- testing Sun Feb 10 03:30:18 UTC 2019 /home/travis/build/icyphy/ptII/ptolemy/actor/lib/test/auto/MovingMaximum.xml
----------------- Instantiating /home/travis/build/icyphy/ptII/ptolemy/actor/lib/test/auto/MovingMaximum.xml
2 ms. Memory: 1225728K Free: 84696K (7%)
----------------- Invoking toplevel() on ptolemy.moml.MoMLSimpleApplication@2b11db07
----------------- Done invoking toplevel() on ptolemy.moml.MoMLSimpleApplication@2b11db07
reloadAllAccessors: .MovingMaximum

===========================================================================================
----------------- testing Sun Feb 10 03:30:18 UTC 2019 /home/travis/build/icyphy/ptII/ptolemy/actor/lib/test/auto/MultipleLinksToSameRelation.xml
----------------- Instantiating /home/travis/build/icyphy/ptII/ptolemy/actor/lib/test/auto/MultipleLinksToSameRelation.xml
3 ms. Memory: 1225728K Free: 64743K (5%)
----------------- Invoking toplevel() on ptolemy.moml.MoMLSimpleApplication@265b0cec
----------------- Done invoking toplevel() on ptolemy.moml.MoMLSimpleApplication@265b0cec
reloadAllAccessors: .MultipleLinksToSameRelation

===========================================================================================
----------------- testing Sun Feb 10 03:30:18 UTC 2019 /home/travis/build/icyphy/ptII/ptolemy/actor/lib/test/auto/MultipleLinksToSameRelationDE.xml
----------------- Instantiating /home/travis/build/icyphy/ptII/ptolemy/actor/lib/test/auto/MultipleLinksToSameRelationDE.xml
1 ms. Memory: 1321984K Free: 1271664K (96%)
----------------- Invoking toplevel() on ptolemy.moml.MoMLSimpleApplication@b9a2872
----------------- Done invoking toplevel() on ptolemy.moml.MoMLSimpleApplication@b9a2872
reloadAllAccessors: .MultipleLinksToSameRelationDE

===========================================================================================
----------------- testing Sun Feb 10 03:30:18 UTC 2019 /home/travis/build/icyphy/ptII/ptolemy/actor/lib/test/auto/Multiplexor.xml
----------------- Instantiating /home/travis/build/icyphy/ptII/ptolemy/actor/lib/test/auto/Multiplexor.xml
2 ms. Memory: 1321984K Free: 1251040K (95%)
----------------- Invoking toplevel() on ptolemy.moml.MoMLSimpleApplication@88dfb59
----------------- Done invoking toplevel() on ptolemy.moml.MoMLSimpleApplication@88dfb59
reloadAllAccessors: .Multiplexor

===========================================================================================
----------------- testing Sun Feb 10 03:30:18 UTC 2019 /home/travis/build/icyphy/ptII/ptolemy/actor/lib/test/auto/Multiplexor1.xml
----------------- Instantiating /home/travis/build/icyphy/ptII/ptolemy/actor/lib/test/auto/Multiplexor1.xml
2 ms. Memory: 1321984K Free: 1230416K (93%)
----------------- Invoking toplevel() on ptolemy.moml.MoMLSimpleApplication@7d0486f7
----------------- Done invoking toplevel() on ptolemy.moml.MoMLSimpleApplication@7d0486f7
reloadAllAccessors: .Multiplexor1

===========================================================================================
----------------- testing Sun Feb 10 03:30:18 UTC 2019 /home/travis/build/icyphy/ptII/ptolemy/actor/lib/test/auto/Multiplexor2.xml
----------------- Instantiating /home/travis/build/icyphy/ptII/ptolemy/actor/lib/test/auto/Multiplexor2.xml
2 ms. Memory: 1321984K Free: 1214332K (92%)
----------------- Invoking toplevel() on ptolemy.moml.MoMLSimpleApplication@5a07d406
----------------- Done invoking toplevel() on ptolemy.moml.MoMLSimpleApplication@5a07d406
reloadAllAccessors: .Multiplexor2

===========================================================================================
----------------- testing Sun Feb 10 03:30:18 UTC 2019 /home/travis/build/icyphy/ptII/ptolemy/actor/lib/test/auto/Multiplexor3.xml
----------------- Instantiating /home/travis/build/icyphy/ptII/ptolemy/actor/lib/test/auto/Multiplexor3.xml
1 ms. Memory: 1321984K Free: 1193679K (90%)
----------------- Invoking toplevel() on ptolemy.moml.MoMLSimpleApplication@72b6e4a3
----------------- Done invoking toplevel() on ptolemy.moml.MoMLSimpleApplication@72b6e4a3
reloadAllAccessors: .Multiplexor3

===========================================================================================
----------------- testing Sun Feb 10 03:30:18 UTC 2019 /home/travis/build/icyphy/ptII/ptolemy/actor/lib/test/auto/MultiplexorDE.xml
----------------- Instantiating /home/travis/build/icyphy/ptII/ptolemy/actor/lib/test/auto/MultiplexorDE.xml
2 ms. Memory: 1321984K Free: 1177595K (89%)
----------------- Invoking toplevel() on ptolemy.moml.MoMLSimpleApplication@53182d1c
----------------- Done invoking toplevel() on ptolemy.moml.MoMLSimpleApplication@53182d1c
reloadAllAccessors: .MultiplexorDE

===========================================================================================
----------------- testing Sun Feb 10 03:30:19 UTC 2019 /home/travis/build/icyphy/ptII/ptolemy/actor/lib/test/auto/MultiportBroadcastTest.xml
----------------- Instantiating /home/travis/build/icyphy/ptII/ptolemy/actor/lib/test/auto/MultiportBroadcastTest.xml
55 ms. Memory: 1321984K Free: 1156971K (88%)
----------------- Invoking toplevel() on ptolemy.moml.MoMLSimpleApplication@591c6bc9
----------------- Done invoking toplevel() on ptolemy.moml.MoMLSimpleApplication@591c6bc9
reloadAllAccessors: .MultiportBroadcastTest

===========================================================================================
----------------- testing Sun Feb 10 03:30:19 UTC 2019 /home/travis/build/icyphy/ptII/ptolemy/actor/lib/test/auto/MultiportOutHangDuringGetWidth.xml
----------------- Instantiating /home/travis/build/icyphy/ptII/ptolemy/actor/lib/test/auto/MultiportOutHangDuringGetWidth.xml
10 ms. Memory: 1321984K Free: 1132830K (86%)
----------------- Invoking toplevel() on ptolemy.moml.MoMLSimpleApplication@9db8284
----------------- Done invoking toplevel() on ptolemy.moml.MoMLSimpleApplication@9db8284
reloadAllAccessors: .MultiportOutHangDuringGetWidth

===========================================================================================
----------------- testing Sun Feb 10 03:30:19 UTC 2019 /home/travis/build/icyphy/ptII/ptolemy/actor/lib/test/auto/NilToken.xml
----------------- Instantiating /home/travis/build/icyphy/ptII/ptolemy/actor/lib/test/auto/NilToken.xml
1 ms. Memory: 1321984K Free: 1112206K (84%)
----------------- Invoking toplevel() on ptolemy.moml.MoMLSimpleApplication@226fcc15
----------------- Done invoking toplevel() on ptolemy.moml.MoMLSimpleApplication@226fcc15
reloadAllAccessors: .NilToken

===========================================================================================
----------------- testing Sun Feb 10 03:30:19 UTC 2019 /home/travis/build/icyphy/ptII/ptolemy/actor/lib/test/auto/NilTokenNonStrictTest.xml
----------------- Instantiating /home/travis/build/icyphy/ptII/ptolemy/actor/lib/test/auto/NilTokenNonStrictTest.xml
3 ms. Memory: 1321984K Free: 1096122K (83%)
----------------- Invoking toplevel() on ptolemy.moml.MoMLSimpleApplication@6948021b
----------------- Done invoking toplevel() on ptolemy.moml.MoMLSimpleApplication@6948021b
reloadAllAccessors: .NilTokenNonStrictTest

===========================================================================================
----------------- testing Sun Feb 10 03:30:19 UTC 2019 /home/travis/build/icyphy/ptII/ptolemy/actor/lib/test/auto/NilTokenRecord.xml
----------------- Instantiating /home/travis/build/icyphy/ptII/ptolemy/actor/lib/test/auto/NilTokenRecord.xml
5 ms. Memory: 1321984K Free: 1075498K (81%)
----------------- Invoking toplevel() on ptolemy.moml.MoMLSimpleApplication@3dc883fa
----------------- Done invoking toplevel() on ptolemy.moml.MoMLSimpleApplication@3dc883fa
reloadAllAccessors: .NilTokenRecord

===========================================================================================
----------------- testing Sun Feb 10 03:30:19 UTC 2019 /home/travis/build/icyphy/ptII/ptolemy/actor/lib/test/auto/NilTokenTypeTest.xml
----------------- Instantiating /home/travis/build/icyphy/ptII/ptolemy/actor/lib/test/auto/NilTokenTypeTest.xml
10 ms. Memory: 1321984K Free: 1051356K (80%)
----------------- Invoking toplevel() on ptolemy.moml.MoMLSimpleApplication@1824b501
----------------- Done invoking toplevel() on ptolemy.moml.MoMLSimpleApplication@1824b501
reloadAllAccessors: .NilTokenTypeTest

===========================================================================================
----------------- testing Sun Feb 10 03:30:19 UTC 2019 /home/travis/build/icyphy/ptII/ptolemy/actor/lib/test/auto/ObjectToken1.xml
----------------- Instantiating /home/travis/build/icyphy/ptII/ptolemy/actor/lib/test/auto/ObjectToken1.xml
2 ms. Memory: 1321984K Free: 1030732K (78%)
----------------- Invoking toplevel() on ptolemy.moml.MoMLSimpleApplication@7072c6ea
----------------- Done invoking toplevel() on ptolemy.moml.MoMLSimpleApplication@7072c6ea
reloadAllAccessors: .ObjectToken1

===========================================================================================
----------------- testing Sun Feb 10 03:30:19 UTC 2019 /home/travis/build/icyphy/ptII/ptolemy/actor/lib/test/auto/OrderedMerge.xml
----------------- Instantiating /home/travis/build/icyphy/ptII/ptolemy/actor/lib/test/auto/OrderedMerge.xml
8 ms. Memory: 1321984K Free: 982481K (74%)
----------------- Invoking toplevel() on ptolemy.moml.MoMLSimpleApplication@638901b6
----------------- Done invoking toplevel() on ptolemy.moml.MoMLSimpleApplication@638901b6
reloadAllAccessors: .OrderedMerge

===========================================================================================
----------------- testing Sun Feb 10 03:30:19 UTC 2019 /home/travis/build/icyphy/ptII/ptolemy/actor/lib/test/auto/OrderedRecordDisassembler.xml
----------------- Instantiating /home/travis/build/icyphy/ptII/ptolemy/actor/lib/test/auto/OrderedRecordDisassembler.xml
2 ms. Memory: 1321984K Free: 961856K (73%)
----------------- Invoking toplevel() on ptolemy.moml.MoMLSimpleApplication@5b55a828
----------------- Done invoking toplevel() on ptolemy.moml.MoMLSimpleApplication@5b55a828
reloadAllAccessors: .OrderedRecordDisassembler

===========================================================================================
----------------- testing Sun Feb 10 03:30:19 UTC 2019 /home/travis/build/icyphy/ptII/ptolemy/actor/lib/test/auto/OrderedRecordDisassembler2.xml
----------------- Instantiating /home/travis/build/icyphy/ptII/ptolemy/actor/lib/test/auto/OrderedRecordDisassembler2.xml
4 ms. Memory: 1321984K Free: 945773K (72%)
----------------- Invoking toplevel() on ptolemy.moml.MoMLSimpleApplication@442bfe10
----------------- Done invoking toplevel() on ptolemy.moml.MoMLSimpleApplication@442bfe10
reloadAllAccessors: .OrderedRecordDisassembler2

===========================================================================================
----------------- testing Sun Feb 10 03:30:19 UTC 2019 /home/travis/build/icyphy/ptII/ptolemy/actor/lib/test/auto/OrderedRecordUpdater.xml
----------------- Instantiating /home/travis/build/icyphy/ptII/ptolemy/actor/lib/test/auto/OrderedRecordUpdater.xml
2 ms. Memory: 1321984K Free: 925149K (70%)
----------------- Invoking toplevel() on ptolemy.moml.MoMLSimpleApplication@399681f4
----------------- Done invoking toplevel() on ptolemy.moml.MoMLSimpleApplication@399681f4
reloadAllAccessors: .RecordUpdater

===========================================================================================
----------------- testing Sun Feb 10 03:30:19 UTC 2019 /home/travis/build/icyphy/ptII/ptolemy/actor/lib/test/auto/OrderedRecordUpdater2.xml
----------------- Instantiating /home/travis/build/icyphy/ptII/ptolemy/actor/lib/test/auto/OrderedRecordUpdater2.xml
1 ms. Memory: 1321984K Free: 909065K (69%)
----------------- Invoking toplevel() on ptolemy.moml.MoMLSimpleApplication@51554fc0
----------------- Done invoking toplevel() on ptolemy.moml.MoMLSimpleApplication@51554fc0
reloadAllAccessors: .RecordUpdater2

===========================================================================================
----------------- testing Sun Feb 10 03:30:19 UTC 2019 /home/travis/build/icyphy/ptII/ptolemy/actor/lib/test/auto/PhaseUnwrap.xml
----------------- Instantiating /home/travis/build/icyphy/ptII/ptolemy/actor/lib/test/auto/PhaseUnwrap.xml
2 ms. Memory: 1321984K Free: 888441K (67%)
----------------- Invoking toplevel() on ptolemy.moml.MoMLSimpleApplication@7c9c1950
----------------- Done invoking toplevel() on ptolemy.moml.MoMLSimpleApplication@7c9c1950
reloadAllAccessors: .PhaseUnwrap

===========================================================================================
----------------- testing Sun Feb 10 03:30:19 UTC 2019 /home/travis/build/icyphy/ptII/ptolemy/actor/lib/test/auto/PoissonClock.xml
----------------- Instantiating /home/travis/build/icyphy/ptII/ptolemy/actor/lib/test/auto/PoissonClock.xml
1 ms. Memory: 1321984K Free: 872357K (66%)
----------------- Invoking toplevel() on ptolemy.moml.MoMLSimpleApplication@4dea6fc8
----------------- Done invoking toplevel() on ptolemy.moml.MoMLSimpleApplication@4dea6fc8
reloadAllAccessors: .PoissonClock

===========================================================================================
----------------- testing Sun Feb 10 03:30:19 UTC 2019 /home/travis/build/icyphy/ptII/ptolemy/actor/lib/test/auto/PoissonClock2.xml
----------------- Instantiating /home/travis/build/icyphy/ptII/ptolemy/actor/lib/test/auto/PoissonClock2.xml
2 ms. Memory: 1321984K Free: 851733K (64%)
----------------- Invoking toplevel() on ptolemy.moml.MoMLSimpleApplication@373ac64b
----------------- Done invoking toplevel() on ptolemy.moml.MoMLSimpleApplication@373ac64b
reloadAllAccessors: .PoissonClock2

===========================================================================================
----------------- testing Sun Feb 10 03:30:19 UTC 2019 /home/travis/build/icyphy/ptII/ptolemy/actor/lib/test/auto/PoissonClock3.xml
----------------- Instantiating /home/travis/build/icyphy/ptII/ptolemy/actor/lib/test/auto/PoissonClock3.xml
1 ms. Memory: 1321984K Free: 835649K (63%)
----------------- Invoking toplevel() on ptolemy.moml.MoMLSimpleApplication@6b00bc27
----------------- Done invoking toplevel() on ptolemy.moml.MoMLSimpleApplication@6b00bc27
reloadAllAccessors: .PoissonClock3

===========================================================================================
----------------- testing Sun Feb 10 03:30:19 UTC 2019 /home/travis/build/icyphy/ptII/ptolemy/actor/lib/test/auto/PubSubWithInitialTokens.xml
----------------- Instantiating /home/travis/build/icyphy/ptII/ptolemy/actor/lib/test/auto/PubSubWithInitialTokens.xml
3 ms. Memory: 1321984K Free: 815025K (62%)
----------------- Invoking toplevel() on ptolemy.moml.MoMLSimpleApplication@55858ed1
----------------- Done invoking toplevel() on ptolemy.moml.MoMLSimpleApplication@55858ed1
reloadAllAccessors: .PubSubWithInitialTokens

===========================================================================================
----------------- testing Sun Feb 10 03:30:19 UTC 2019 /home/travis/build/icyphy/ptII/ptolemy/actor/lib/test/auto/PubSubWithInitialTokens2.xml
----------------- Instantiating /home/travis/build/icyphy/ptII/ptolemy/actor/lib/test/auto/PubSubWithInitialTokens2.xml
2 ms. Memory: 1321984K Free: 794401K (60%)
----------------- Invoking toplevel() on ptolemy.moml.MoMLSimpleApplication@1b12417f
----------------- Done invoking toplevel() on ptolemy.moml.MoMLSimpleApplication@1b12417f
reloadAllAccessors: .PubSubWithInitialTokens2

===========================================================================================
----------------- testing Sun Feb 10 03:30:19 UTC 2019 /home/travis/build/icyphy/ptII/ptolemy/actor/lib/test/auto/PublisherClassNoParameter.xml
----------------- Instantiating /home/travis/build/icyphy/ptII/ptolemy/actor/lib/test/auto/PublisherClassNoParameter.xml
2 ms. Memory: 1321984K Free: 770260K (58%)
----------------- Invoking toplevel() on ptolemy.moml.MoMLSimpleApplication@3015e19a
----------------- Done invoking toplevel() on ptolemy.moml.MoMLSimpleApplication@3015e19a
reloadAllAccessors: .PublisherClassNoParameter

===========================================================================================
----------------- testing Sun Feb 10 03:30:19 UTC 2019 /home/travis/build/icyphy/ptII/ptolemy/actor/lib/test/auto/PublisherClassParameter.xml
----------------- Instantiating /home/travis/build/icyphy/ptII/ptolemy/actor/lib/test/auto/PublisherClassParameter.xml
2 ms. Memory: 1321984K Free: 741578K (56%)
----------------- Invoking toplevel() on ptolemy.moml.MoMLSimpleApplication@560e3e77
----------------- Done invoking toplevel() on ptolemy.moml.MoMLSimpleApplication@560e3e77
reloadAllAccessors: .PublisherClassParameter

===========================================================================================
----------------- testing Sun Feb 10 03:30:19 UTC 2019 /home/travis/build/icyphy/ptII/ptolemy/actor/lib/test/auto/PublisherNonStrictTest.xml
----------------- Instantiating /home/travis/build/icyphy/ptII/ptolemy/actor/lib/test/auto/PublisherNonStrictTest.xml
2 ms. Memory: 1321984K Free: 725494K (55%)
----------------- Invoking toplevel() on ptolemy.moml.MoMLSimpleApplication@3e212ad6
----------------- Done invoking toplevel() on ptolemy.moml.MoMLSimpleApplication@3e212ad6
reloadAllAccessors: .PublisherNonStrictTest

===========================================================================================
----------------- testing Sun Feb 10 03:30:19 UTC 2019 /home/travis/build/icyphy/ptII/ptolemy/actor/lib/test/auto/PublisherPort1.xml
----------------- Instantiating /home/travis/build/icyphy/ptII/ptolemy/actor/lib/test/auto/PublisherPort1.xml
3 ms. Memory: 1321984K Free: 704870K (53%)
----------------- Invoking toplevel() on ptolemy.moml.MoMLSimpleApplication@5435a0fd
----------------- Done invoking toplevel() on ptolemy.moml.MoMLSimpleApplication@5435a0fd
reloadAllAccessors: .PublisherPort1

===========================================================================================
----------------- testing Sun Feb 10 03:30:19 UTC 2019 /home/travis/build/icyphy/ptII/ptolemy/actor/lib/test/auto/PublisherPort2.xml
----------------- Instantiating /home/travis/build/icyphy/ptII/ptolemy/actor/lib/test/auto/PublisherPort2.xml
1 ms. Memory: 1321984K Free: 688786K (52%)
----------------- Invoking toplevel() on ptolemy.moml.MoMLSimpleApplication@507ee9ea
----------------- Done invoking toplevel() on ptolemy.moml.MoMLSimpleApplication@507ee9ea
reloadAllAccessors: .PublisherPort2

===========================================================================================
----------------- testing Sun Feb 10 03:30:19 UTC 2019 /home/travis/build/icyphy/ptII/ptolemy/actor/lib/test/auto/PublisherPort3.xml
----------------- Instantiating /home/travis/build/icyphy/ptII/ptolemy/actor/lib/test/auto/PublisherPort3.xml
2 ms. Memory: 1321984K Free: 668161K (51%)
----------------- Invoking toplevel() on ptolemy.moml.MoMLSimpleApplication@7adfa2d2
----------------- Done invoking toplevel() on ptolemy.moml.MoMLSimpleApplication@7adfa2d2
reloadAllAccessors: .PublisherPort3

===========================================================================================
----------------- testing Sun Feb 10 03:30:19 UTC 2019 /home/travis/build/icyphy/ptII/ptolemy/actor/lib/test/auto/PublisherPort4.xml
----------------- Instantiating /home/travis/build/icyphy/ptII/ptolemy/actor/lib/test/auto/PublisherPort4.xml
2 ms. Memory: 1321984K Free: 652078K (49%)
----------------- Invoking toplevel() on ptolemy.moml.MoMLSimpleApplication@46e0f38e
----------------- Done invoking toplevel() on ptolemy.moml.MoMLSimpleApplication@46e0f38e
reloadAllAccessors: .PublisherPort4

===========================================================================================
----------------- testing Sun Feb 10 03:30:19 UTC 2019 /home/travis/build/icyphy/ptII/ptolemy/actor/lib/test/auto/PublisherPort5.xml
----------------- Instantiating /home/travis/build/icyphy/ptII/ptolemy/actor/lib/test/auto/PublisherPort5.xml
3 ms. Memory: 1321984K Free: 631454K (48%)
----------------- Invoking toplevel() on ptolemy.moml.MoMLSimpleApplication@360946f3
----------------- Done invoking toplevel() on ptolemy.moml.MoMLSimpleApplication@360946f3
reloadAllAccessors: .PublisherPort5

===========================================================================================
----------------- testing Sun Feb 10 03:30:19 UTC 2019 /home/travis/build/icyphy/ptII/ptolemy/actor/lib/test/auto/PublisherPort5LookAlike.xml
----------------- Instantiating /home/travis/build/icyphy/ptII/ptolemy/actor/lib/test/auto/PublisherPort5LookAlike.xml
3 ms. Memory: 1321984K Free: 615370K (47%)
----------------- Invoking toplevel() on ptolemy.moml.MoMLSimpleApplication@68233ee4
----------------- Done invoking toplevel() on ptolemy.moml.MoMLSimpleApplication@68233ee4
reloadAllAccessors: .PublisherPort5LookAlike

===========================================================================================
----------------- testing Sun Feb 10 03:30:19 UTC 2019 /home/travis/build/icyphy/ptII/ptolemy/actor/lib/test/auto/PublisherPort6.xml
----------------- Instantiating /home/travis/build/icyphy/ptII/ptolemy/actor/lib/test/auto/PublisherPort6.xml
2 ms. Memory: 1321984K Free: 594746K (45%)
----------------- Invoking toplevel() on ptolemy.moml.MoMLSimpleApplication@6dfa1fff
----------------- Done invoking toplevel() on ptolemy.moml.MoMLSimpleApplication@6dfa1fff
reloadAllAccessors: .PublisherPort6

===========================================================================================
----------------- testing Sun Feb 10 03:30:19 UTC 2019 /home/travis/build/icyphy/ptII/ptolemy/actor/lib/test/auto/PublisherPort7.xml
----------------- Instantiating /home/travis/build/icyphy/ptII/ptolemy/actor/lib/test/auto/PublisherPort7.xml
3 ms. Memory: 1321984K Free: 578662K (44%)
----------------- Invoking toplevel() on ptolemy.moml.MoMLSimpleApplication@40feb6ff
----------------- Done invoking toplevel() on ptolemy.moml.MoMLSimpleApplication@40feb6ff
reloadAllAccessors: .PublisherPort7

===========================================================================================
----------------- testing Sun Feb 10 03:30:19 UTC 2019 /home/travis/build/icyphy/ptII/ptolemy/actor/lib/test/auto/PublisherPort8.xml
----------------- Instantiating /home/travis/build/icyphy/ptII/ptolemy/actor/lib/test/auto/PublisherPort8.xml
4 ms. Memory: 1321984K Free: 558038K (42%)
----------------- Invoking toplevel() on ptolemy.moml.MoMLSimpleApplication@7c503abe
----------------- Done invoking toplevel() on ptolemy.moml.MoMLSimpleApplication@7c503abe
reloadAllAccessors: .PublisherPort8

===========================================================================================
----------------- testing Sun Feb 10 03:30:19 UTC 2019 /home/travis/build/icyphy/ptII/ptolemy/actor/lib/test/auto/PublisherPortSubscriberChannelVariablesAOC2.xml
----------------- Instantiating /home/travis/build/icyphy/ptII/ptolemy/actor/lib/test/auto/PublisherPortSubscriberChannelVariablesAOC2.xml
2 ms. Memory: 1321984K Free: 533904K (40%)
----------------- Invoking toplevel() on ptolemy.moml.MoMLSimpleApplication@104941a0
----------------- Done invoking toplevel() on ptolemy.moml.MoMLSimpleApplication@104941a0
reloadAllAccessors: .PublisherPortSubscriberChannelVariablesAOC2

===========================================================================================
----------------- testing Sun Feb 10 03:30:19 UTC 2019 /home/travis/build/icyphy/ptII/ptolemy/actor/lib/test/auto/PublisherPortSubscriberOpaqueWidthInference.xml
----------------- Instantiating /home/travis/build/icyphy/ptII/ptolemy/actor/lib/test/auto/PublisherPortSubscriberOpaqueWidthInference.xml
3 ms. Memory: 1321984K Free: 513280K (39%)
----------------- Invoking toplevel() on ptolemy.moml.MoMLSimpleApplication@73a7d60b
----------------- Done invoking toplevel() on ptolemy.moml.MoMLSimpleApplication@73a7d60b
reloadAllAccessors: .PublisherPortSubscriberOpaqueWidthInference

===========================================================================================
----------------- testing Sun Feb 10 03:30:19 UTC 2019 /home/travis/build/icyphy/ptII/ptolemy/actor/lib/test/auto/PublisherPortSubscriberPortAdjacent.xml
----------------- Instantiating /home/travis/build/icyphy/ptII/ptolemy/actor/lib/test/auto/PublisherPortSubscriberPortAdjacent.xml
2 ms. Memory: 1321984K Free: 497196K (38%)
----------------- Invoking toplevel() on ptolemy.moml.MoMLSimpleApplication@5a5e25c6
----------------- Done invoking toplevel() on ptolemy.moml.MoMLSimpleApplication@5a5e25c6
reloadAllAccessors: .PublisherPortSubscriberPortAdjacent

===========================================================================================
----------------- testing Sun Feb 10 03:30:19 UTC 2019 /home/travis/build/icyphy/ptII/ptolemy/actor/lib/test/auto/PublisherPortSubscriberPortExpression.xml
----------------- Instantiating /home/travis/build/icyphy/ptII/ptolemy/actor/lib/test/auto/PublisherPortSubscriberPortExpression.xml
3 ms. Memory: 1321984K Free: 476572K (36%)
----------------- Invoking toplevel() on ptolemy.moml.MoMLSimpleApplication@1326ea6c
----------------- Done invoking toplevel() on ptolemy.moml.MoMLSimpleApplication@1326ea6c
reloadAllAccessors: .PublisherPortSubscriberPortExpression

===========================================================================================
----------------- testing Sun Feb 10 03:30:19 UTC 2019 /home/travis/build/icyphy/ptII/ptolemy/actor/lib/test/auto/PublisherPortSubscriberPortOpaqueD3Reverse.xml
----------------- Instantiating /home/travis/build/icyphy/ptII/ptolemy/actor/lib/test/auto/PublisherPortSubscriberPortOpaqueD3Reverse.xml
5 ms. Memory: 1321984K Free: 455948K (34%)
----------------- Invoking toplevel() on ptolemy.moml.MoMLSimpleApplication@775ab894
----------------- Done invoking toplevel() on ptolemy.moml.MoMLSimpleApplication@775ab894
reloadAllAccessors: .PublisherPortSubscriberPortOpaqueD3Reverse

===========================================================================================
----------------- testing Sun Feb 10 03:30:19 UTC 2019 /home/travis/build/icyphy/ptII/ptolemy/actor/lib/test/auto/PublisherPortSubscriberPortOpaqueWidthInference.xml
----------------- Instantiating /home/travis/build/icyphy/ptII/ptolemy/actor/lib/test/auto/PublisherPortSubscriberPortOpaqueWidthInference.xml
3 ms. Memory: 1321984K Free: 439865K (33%)
----------------- Invoking toplevel() on ptolemy.moml.MoMLSimpleApplication@20f1610
----------------- Done invoking toplevel() on ptolemy.moml.MoMLSimpleApplication@20f1610
reloadAllAccessors: .PublisherPortSubscriberPortOpaqueWidthInference

===========================================================================================
----------------- testing Sun Feb 10 03:30:19 UTC 2019 /home/travis/build/icyphy/ptII/ptolemy/actor/lib/test/auto/PublisherPortToplevelSubscriberPortAOC.xml
----------------- Instantiating /home/travis/build/icyphy/ptII/ptolemy/actor/lib/test/auto/PublisherPortToplevelSubscriberPortAOC.xml
.PublisherPortToplevelSubscriberPortAOC.TestExceptionAttribute: initialize() was not invoked, but wrapup() was.  This is unusual, but not always a problem.  For example, exporting JNLP will do this.
0 ms. Memory: 1321984K Free: 419240K (32%)
----------------- Invoking toplevel() on ptolemy.moml.MoMLSimpleApplication@becb545
----------------- Done invoking toplevel() on ptolemy.moml.MoMLSimpleApplication@becb545
reloadAllAccessors: .PublisherPortToplevelSubscriberPortAOC

===========================================================================================
----------------- testing Sun Feb 10 03:30:19 UTC 2019 /home/travis/build/icyphy/ptII/ptolemy/actor/lib/test/auto/PublisherSubscriber.xml
----------------- Instantiating /home/travis/build/icyphy/ptII/ptolemy/actor/lib/test/auto/PublisherSubscriber.xml
2 ms. Memory: 1321984K Free: 403157K (30%)
----------------- Invoking toplevel() on ptolemy.moml.MoMLSimpleApplication@40aa1c80
----------------- Done invoking toplevel() on ptolemy.moml.MoMLSimpleApplication@40aa1c80
reloadAllAccessors: .PublisherSubscriber

===========================================================================================
----------------- testing Sun Feb 10 03:30:19 UTC 2019 /home/travis/build/icyphy/ptII/ptolemy/actor/lib/test/auto/PublisherSubscriber10.xml
----------------- Instantiating /home/travis/build/icyphy/ptII/ptolemy/actor/lib/test/auto/PublisherSubscriber10.xml
5 ms. Memory: 1321984K Free: 382533K (29%)
----------------- Invoking toplevel() on ptolemy.moml.MoMLSimpleApplication@b664d41
----------------- Done invoking toplevel() on ptolemy.moml.MoMLSimpleApplication@b664d41
reloadAllAccessors: .PublisherSubscriber10

===========================================================================================
----------------- testing Sun Feb 10 03:30:19 UTC 2019 /home/travis/build/icyphy/ptII/ptolemy/actor/lib/test/auto/PublisherSubscriber10InitialOutputs.xml
----------------- Instantiating /home/travis/build/icyphy/ptII/ptolemy/actor/lib/test/auto/PublisherSubscriber10InitialOutputs.xml
11 ms. Memory: 1321984K Free: 366449K (28%)
----------------- Invoking toplevel() on ptolemy.moml.MoMLSimpleApplication@23bc429f
----------------- Done invoking toplevel() on ptolemy.moml.MoMLSimpleApplication@23bc429f
reloadAllAccessors: .PublisherSubscriber10InitialOutputs

===========================================================================================
----------------- testing Sun Feb 10 03:30:19 UTC 2019 /home/travis/build/icyphy/ptII/ptolemy/actor/lib/test/auto/PublisherSubscriber11.xml
----------------- Instantiating /home/travis/build/icyphy/ptII/ptolemy/actor/lib/test/auto/PublisherSubscriber11.xml
2 ms. Memory: 1321984K Free: 345825K (26%)
----------------- Invoking toplevel() on ptolemy.moml.MoMLSimpleApplication@3b474c13
----------------- Done invoking toplevel() on ptolemy.moml.MoMLSimpleApplication@3b474c13
reloadAllAccessors: .PublisherSubscriber11

===========================================================================================
----------------- testing Sun Feb 10 03:30:19 UTC 2019 /home/travis/build/icyphy/ptII/ptolemy/actor/lib/test/auto/PublisherSubscriber12.xml
----------------- Instantiating /home/travis/build/icyphy/ptII/ptolemy/actor/lib/test/auto/PublisherSubscriber12.xml
2 ms. Memory: 1321984K Free: 329741K (25%)
----------------- Invoking toplevel() on ptolemy.moml.MoMLSimpleApplication@77cad9b0
----------------- Done invoking toplevel() on ptolemy.moml.MoMLSimpleApplication@77cad9b0
reloadAllAccessors: .PublisherSubscriber12

===========================================================================================
----------------- testing Sun Feb 10 03:30:19 UTC 2019 /home/travis/build/icyphy/ptII/ptolemy/actor/lib/test/auto/PublisherSubscriber13.xml
----------------- Instantiating /home/travis/build/icyphy/ptII/ptolemy/actor/lib/test/auto/PublisherSubscriber13.xml
2 ms. Memory: 1321984K Free: 309117K (23%)
----------------- Invoking toplevel() on ptolemy.moml.MoMLSimpleApplication@5bf1d392
----------------- Done invoking toplevel() on ptolemy.moml.MoMLSimpleApplication@5bf1d392
reloadAllAccessors: .PublisherSubscriber13

===========================================================================================
----------------- testing Sun Feb 10 03:30:19 UTC 2019 /home/travis/build/icyphy/ptII/ptolemy/actor/lib/test/auto/PublisherSubscriber14.xml
----------------- Instantiating /home/travis/build/icyphy/ptII/ptolemy/actor/lib/test/auto/PublisherSubscriber14.xml
2 ms. Memory: 1321984K Free: 293033K (22%)
----------------- Invoking toplevel() on ptolemy.moml.MoMLSimpleApplication@333b15d3
----------------- Done invoking toplevel() on ptolemy.moml.MoMLSimpleApplication@333b15d3
reloadAllAccessors: .PublisherSubscriber14

===========================================================================================
----------------- testing Sun Feb 10 03:30:19 UTC 2019 /home/travis/build/icyphy/ptII/ptolemy/actor/lib/test/auto/PublisherSubscriber2.xml
----------------- Instantiating /home/travis/build/icyphy/ptII/ptolemy/actor/lib/test/auto/PublisherSubscriber2.xml
1 ms. Memory: 1321984K Free: 272409K (21%)
----------------- Invoking toplevel() on ptolemy.moml.MoMLSimpleApplication@39551986
----------------- Done invoking toplevel() on ptolemy.moml.MoMLSimpleApplication@39551986
reloadAllAccessors: .PublisherSubscriber2

===========================================================================================
----------------- testing Sun Feb 10 03:30:19 UTC 2019 /home/travis/build/icyphy/ptII/ptolemy/actor/lib/test/auto/PublisherSubscriber3.xml
----------------- Instantiating /home/travis/build/icyphy/ptII/ptolemy/actor/lib/test/auto/PublisherSubscriber3.xml
2 ms. Memory: 1321984K Free: 256326K (19%)
----------------- Invoking toplevel() on ptolemy.moml.MoMLSimpleApplication@13fcd7a4
----------------- Done invoking toplevel() on ptolemy.moml.MoMLSimpleApplication@13fcd7a4
reloadAllAccessors: .PublisherSubscriber3

===========================================================================================
----------------- testing Sun Feb 10 03:30:19 UTC 2019 /home/travis/build/icyphy/ptII/ptolemy/actor/lib/test/auto/PublisherSubscriber4.xml
----------------- Instantiating /home/travis/build/icyphy/ptII/ptolemy/actor/lib/test/auto/PublisherSubscriber4.xml
2 ms. Memory: 1321984K Free: 235701K (18%)
----------------- Invoking toplevel() on ptolemy.moml.MoMLSimpleApplication@63c7096b
----------------- Done invoking toplevel() on ptolemy.moml.MoMLSimpleApplication@63c7096b
reloadAllAccessors: .PublisherSubscriber4

===========================================================================================
----------------- testing Sun Feb 10 03:30:19 UTC 2019 /home/travis/build/icyphy/ptII/ptolemy/actor/lib/test/auto/PublisherSubscriber5.xml
----------------- Instantiating /home/travis/build/icyphy/ptII/ptolemy/actor/lib/test/auto/PublisherSubscriber5.xml
2 ms. Memory: 1321984K Free: 219618K (17%)
----------------- Invoking toplevel() on ptolemy.moml.MoMLSimpleApplication@1efc345d
----------------- Done invoking toplevel() on ptolemy.moml.MoMLSimpleApplication@1efc345d
reloadAllAccessors: .PublisherSubscriber5

===========================================================================================
----------------- testing Sun Feb 10 03:30:19 UTC 2019 /home/travis/build/icyphy/ptII/ptolemy/actor/lib/test/auto/PublisherSubscriber6.xml
----------------- Instantiating /home/travis/build/icyphy/ptII/ptolemy/actor/lib/test/auto/PublisherSubscriber6.xml
2 ms. Memory: 1321984K Free: 198994K (15%)
----------------- Invoking toplevel() on ptolemy.moml.MoMLSimpleApplication@7ede8e65
----------------- Done invoking toplevel() on ptolemy.moml.MoMLSimpleApplication@7ede8e65
reloadAllAccessors: .PublisherSubscriber6

===========================================================================================
----------------- testing Sun Feb 10 03:30:19 UTC 2019 /home/travis/build/icyphy/ptII/ptolemy/actor/lib/test/auto/PublisherSubscriber7.xml
----------------- Instantiating /home/travis/build/icyphy/ptII/ptolemy/actor/lib/test/auto/PublisherSubscriber7.xml
3 ms. Memory: 1321984K Free: 178369K (13%)
----------------- Invoking toplevel() on ptolemy.moml.MoMLSimpleApplication@588d4e74
----------------- Done invoking toplevel() on ptolemy.moml.MoMLSimpleApplication@588d4e74
reloadAllAccessors: .PublisherSubscriber7

===========================================================================================
----------------- testing Sun Feb 10 03:30:20 UTC 2019 /home/travis/build/icyphy/ptII/ptolemy/actor/lib/test/auto/PublisherSubscriber8.xml
----------------- Instantiating /home/travis/build/icyphy/ptII/ptolemy/actor/lib/test/auto/PublisherSubscriber8.xml
27 ms. Memory: 1321984K Free: 81867K (6%)
----------------- Invoking toplevel() on ptolemy.moml.MoMLSimpleApplication@7ed38154
----------------- Done invoking toplevel() on ptolemy.moml.MoMLSimpleApplication@7ed38154
reloadAllAccessors: .PublisherSubscriber8

===========================================================================================
----------------- testing Sun Feb 10 03:30:20 UTC 2019 /home/travis/build/icyphy/ptII/ptolemy/actor/lib/test/auto/PublisherSubscriber9.xml
----------------- Instantiating /home/travis/build/icyphy/ptII/ptolemy/actor/lib/test/auto/PublisherSubscriber9.xml
2 ms. Memory: 1383424K Free: 1327988K (96%)
----------------- Invoking toplevel() on ptolemy.moml.MoMLSimpleApplication@1d5c8715
----------------- Done invoking toplevel() on ptolemy.moml.MoMLSimpleApplication@1d5c8715
reloadAllAccessors: .PublisherSubscriber9

===========================================================================================
----------------- testing Sun Feb 10 03:30:20 UTC 2019 /home/travis/build/icyphy/ptII/ptolemy/actor/lib/test/auto/PublisherSubscriberAdjacent.xml
----------------- Instantiating /home/travis/build/icyphy/ptII/ptolemy/actor/lib/test/auto/PublisherSubscriberAdjacent.xml
1 ms. Memory: 1383424K Free: 1306722K (94%)
----------------- Invoking toplevel() on ptolemy.moml.MoMLSimpleApplication@51dc16f4
----------------- Done invoking toplevel() on ptolemy.moml.MoMLSimpleApplication@51dc16f4
reloadAllAccessors: .PublisherSubscriberAdjacent

===========================================================================================
----------------- testing Sun Feb 10 03:30:20 UTC 2019 /home/travis/build/icyphy/ptII/ptolemy/actor/lib/test/auto/PublisherSubscriberChannelVariablesAOC2.xml
----------------- Instantiating /home/travis/build/icyphy/ptII/ptolemy/actor/lib/test/auto/PublisherSubscriberChannelVariablesAOC2.xml
2 ms. Memory: 1383424K Free: 1276895K (92%)
----------------- Invoking toplevel() on ptolemy.moml.MoMLSimpleApplication@561939a4
----------------- Done invoking toplevel() on ptolemy.moml.MoMLSimpleApplication@561939a4
reloadAllAccessors: .PublisherSubscriberChannelVariablesAOC2

===========================================================================================
----------------- testing Sun Feb 10 03:30:20 UTC 2019 /home/travis/build/icyphy/ptII/ptolemy/actor/lib/test/auto/PublisherSubscriberD3.xml
----------------- Instantiating /home/travis/build/icyphy/ptII/ptolemy/actor/lib/test/auto/PublisherSubscriberD3.xml
3 ms. Memory: 1383424K Free: 1259808K (91%)
----------------- Invoking toplevel() on ptolemy.moml.MoMLSimpleApplication@73e11ba3
----------------- Done invoking toplevel() on ptolemy.moml.MoMLSimpleApplication@73e11ba3
reloadAllAccessors: .PublisherSubscriberD3

===========================================================================================
----------------- testing Sun Feb 10 03:30:20 UTC 2019 /home/travis/build/icyphy/ptII/ptolemy/actor/lib/test/auto/PublisherSubscriberD3Reverse.xml
----------------- Instantiating /home/travis/build/icyphy/ptII/ptolemy/actor/lib/test/auto/PublisherSubscriberD3Reverse.xml
1 ms. Memory: 1383424K Free: 1238541K (90%)
----------------- Invoking toplevel() on ptolemy.moml.MoMLSimpleApplication@7ce9b147
----------------- Done invoking toplevel() on ptolemy.moml.MoMLSimpleApplication@7ce9b147
reloadAllAccessors: .PublisherSubscriberD3Reverse

===========================================================================================
----------------- testing Sun Feb 10 03:30:20 UTC 2019 /home/travis/build/icyphy/ptII/ptolemy/actor/lib/test/auto/PublisherSubscriberExpression.xml
----------------- Instantiating /home/travis/build/icyphy/ptII/ptolemy/actor/lib/test/auto/PublisherSubscriberExpression.xml
3 ms. Memory: 1383424K Free: 1221434K (88%)
----------------- Invoking toplevel() on ptolemy.moml.MoMLSimpleApplication@1c5fb2bf
----------------- Done invoking toplevel() on ptolemy.moml.MoMLSimpleApplication@1c5fb2bf
reloadAllAccessors: .PublisherSubscriberExpression

===========================================================================================
----------------- testing Sun Feb 10 03:30:20 UTC 2019 /home/travis/build/icyphy/ptII/ptolemy/actor/lib/test/auto/PublisherSubscriberOpaque.xml
----------------- Instantiating /home/travis/build/icyphy/ptII/ptolemy/actor/lib/test/auto/PublisherSubscriberOpaque.xml
4 ms. Memory: 1383424K Free: 1200167K (87%)
----------------- Invoking toplevel() on ptolemy.moml.MoMLSimpleApplication@f34f4c0
----------------- Done invoking toplevel() on ptolemy.moml.MoMLSimpleApplication@f34f4c0
reloadAllAccessors: .PublisherSubscriberOpaque

===========================================================================================
----------------- testing Sun Feb 10 03:30:20 UTC 2019 /home/travis/build/icyphy/ptII/ptolemy/actor/lib/test/auto/PublisherSubscriberOpaqueD3.xml
----------------- Instantiating /home/travis/build/icyphy/ptII/ptolemy/actor/lib/test/auto/PublisherSubscriberOpaqueD3.xml
5 ms. Memory: 1383424K Free: 1178900K (85%)
----------------- Invoking toplevel() on ptolemy.moml.MoMLSimpleApplication@5ebe1a41
----------------- Done invoking toplevel() on ptolemy.moml.MoMLSimpleApplication@5ebe1a41
reloadAllAccessors: .PublisherSubscriberOpaqueD3

===========================================================================================
----------------- testing Sun Feb 10 03:30:20 UTC 2019 /home/travis/build/icyphy/ptII/ptolemy/actor/lib/test/auto/PublisherSubscriberOpaqueD3Reverse.xml
----------------- Instantiating /home/travis/build/icyphy/ptII/ptolemy/actor/lib/test/auto/PublisherSubscriberOpaqueD3Reverse.xml
5 ms. Memory: 1383424K Free: 1161813K (84%)
----------------- Invoking toplevel() on ptolemy.moml.MoMLSimpleApplication@6e03340d
----------------- Done invoking toplevel() on ptolemy.moml.MoMLSimpleApplication@6e03340d
reloadAllAccessors: .PublisherSubscriberOpaqueD3Reverse

===========================================================================================
----------------- testing Sun Feb 10 03:30:20 UTC 2019 /home/travis/build/icyphy/ptII/ptolemy/actor/lib/test/auto/PublisherSubscriberOpaqueWidthInference.xml
----------------- Instantiating /home/travis/build/icyphy/ptII/ptolemy/actor/lib/test/auto/PublisherSubscriberOpaqueWidthInference.xml
2 ms. Memory: 1383424K Free: 1140546K (82%)
----------------- Invoking toplevel() on ptolemy.moml.MoMLSimpleApplication@2baebc8a
----------------- Done invoking toplevel() on ptolemy.moml.MoMLSimpleApplication@2baebc8a
reloadAllAccessors: .PublisherSubscriberOpaqueWidthInference

===========================================================================================
----------------- testing Sun Feb 10 03:30:20 UTC 2019 /home/travis/build/icyphy/ptII/ptolemy/actor/lib/test/auto/PublisherTestSubscriber.xml
----------------- Instantiating /home/travis/build/icyphy/ptII/ptolemy/actor/lib/test/auto/PublisherTestSubscriber.xml
3 ms. Memory: 1383424K Free: 1123459K (81%)
----------------- Invoking toplevel() on ptolemy.moml.MoMLSimpleApplication@3bc10ae0
----------------- Done invoking toplevel() on ptolemy.moml.MoMLSimpleApplication@3bc10ae0
reloadAllAccessors: .PublisherTestSubscriber

===========================================================================================
----------------- testing Sun Feb 10 03:30:20 UTC 2019 /home/travis/build/icyphy/ptII/ptolemy/actor/lib/test/auto/PublisherToplevelSubscriberPortAOC.xml
----------------- Instantiating /home/travis/build/icyphy/ptII/ptolemy/actor/lib/test/auto/PublisherToplevelSubscriberPortAOC.xml
2 ms. Memory: 1383424K Free: 1102192K (80%)
----------------- Invoking toplevel() on ptolemy.moml.MoMLSimpleApplication@3c9e1248
----------------- Done invoking toplevel() on ptolemy.moml.MoMLSimpleApplication@3c9e1248
reloadAllAccessors: .PublisherToplevelSubscriberPortAOC

===========================================================================================
----------------- testing Sun Feb 10 03:30:20 UTC 2019 /home/travis/build/icyphy/ptII/ptolemy/actor/lib/test/auto/PulseFiringLimitDE.xml
----------------- Instantiating /home/travis/build/icyphy/ptII/ptolemy/actor/lib/test/auto/PulseFiringLimitDE.xml
2 ms. Memory: 1383424K Free: 1080925K (78%)
----------------- Invoking toplevel() on ptolemy.moml.MoMLSimpleApplication@3b3f44d6
----------------- Done invoking toplevel() on ptolemy.moml.MoMLSimpleApplication@3b3f44d6
reloadAllAccessors: .PulseFiringLimitDE

===========================================================================================
----------------- testing Sun Feb 10 03:30:20 UTC 2019 /home/travis/build/icyphy/ptII/ptolemy/actor/lib/test/auto/Ramp1.xml
----------------- Instantiating /home/travis/build/icyphy/ptII/ptolemy/actor/lib/test/auto/Ramp1.xml
1 ms. Memory: 1383424K Free: 1063838K (77%)
----------------- Invoking toplevel() on ptolemy.moml.MoMLSimpleApplication@6f4254a9
----------------- Done invoking toplevel() on ptolemy.moml.MoMLSimpleApplication@6f4254a9
reloadAllAccessors: .Ramp1

===========================================================================================
----------------- testing Sun Feb 10 03:30:20 UTC 2019 /home/travis/build/icyphy/ptII/ptolemy/actor/lib/test/auto/RampFiringLimitDE.xml
----------------- Instantiating /home/travis/build/icyphy/ptII/ptolemy/actor/lib/test/auto/RampFiringLimitDE.xml
2 ms. Memory: 1383424K Free: 1042571K (75%)
----------------- Invoking toplevel() on ptolemy.moml.MoMLSimpleApplication@719b03e6
----------------- Done invoking toplevel() on ptolemy.moml.MoMLSimpleApplication@719b03e6
reloadAllAccessors: .RampFiringLimitDE

===========================================================================================
----------------- testing Sun Feb 10 03:30:20 UTC 2019 /home/travis/build/icyphy/ptII/ptolemy/actor/lib/test/auto/RampFiringLimitSDF.xml
----------------- Instantiating /home/travis/build/icyphy/ptII/ptolemy/actor/lib/test/auto/RampFiringLimitSDF.xml
2 ms. Memory: 1383424K Free: 1025484K (74%)
----------------- Invoking toplevel() on ptolemy.moml.MoMLSimpleApplication@17d3852
----------------- Done invoking toplevel() on ptolemy.moml.MoMLSimpleApplication@17d3852
reloadAllAccessors: .RampFiringLimitSDF

===========================================================================================
----------------- testing Sun Feb 10 03:30:20 UTC 2019 /home/travis/build/icyphy/ptII/ptolemy/actor/lib/test/auto/RandomInteger.xml
----------------- Instantiating /home/travis/build/icyphy/ptII/ptolemy/actor/lib/test/auto/RandomInteger.xml
1 ms. Memory: 1383424K Free: 1004217K (73%)
----------------- Invoking toplevel() on ptolemy.moml.MoMLSimpleApplication@7ca5d76f
----------------- Done invoking toplevel() on ptolemy.moml.MoMLSimpleApplication@7ca5d76f
reloadAllAccessors: .RandomInteger

===========================================================================================
----------------- testing Sun Feb 10 03:30:20 UTC 2019 /home/travis/build/icyphy/ptII/ptolemy/actor/lib/test/auto/ReadFile1.xml
----------------- Instantiating /home/travis/build/icyphy/ptII/ptolemy/actor/lib/test/auto/ReadFile1.xml
1 ms. Memory: 1383424K Free: 987130K (71%)
----------------- Invoking toplevel() on ptolemy.moml.MoMLSimpleApplication@3bca3283
----------------- Done invoking toplevel() on ptolemy.moml.MoMLSimpleApplication@3bca3283
reloadAllAccessors: .ReadFile1

===========================================================================================
----------------- testing Sun Feb 10 03:30:20 UTC 2019 /home/travis/build/icyphy/ptII/ptolemy/actor/lib/test/auto/ReadFile2.xml
----------------- Instantiating /home/travis/build/icyphy/ptII/ptolemy/actor/lib/test/auto/ReadFile2.xml
1 ms. Memory: 1383424K Free: 965863K (70%)
----------------- Invoking toplevel() on ptolemy.moml.MoMLSimpleApplication@6bf0044a
----------------- Done invoking toplevel() on ptolemy.moml.MoMLSimpleApplication@6bf0044a
reloadAllAccessors: .ReadFile2

===========================================================================================
----------------- testing Sun Feb 10 03:30:20 UTC 2019 /home/travis/build/icyphy/ptII/ptolemy/actor/lib/test/auto/Reader.xml
----------------- Instantiating /home/travis/build/icyphy/ptII/ptolemy/actor/lib/test/auto/Reader.xml
actor.lib.Reader is obsolete, use actor.lib.io.ExpressionReader instead
2 ms. Memory: 1383424K Free: 944597K (68%)
----------------- Invoking toplevel() on ptolemy.moml.MoMLSimpleApplication@2bff3320
----------------- Done invoking toplevel() on ptolemy.moml.MoMLSimpleApplication@2bff3320
reloadAllAccessors: .Reader

===========================================================================================
----------------- testing Sun Feb 10 03:30:20 UTC 2019 /home/travis/build/icyphy/ptII/ptolemy/actor/lib/test/auto/RecordAssemblerDisplayNameTest.xml
----------------- Instantiating /home/travis/build/icyphy/ptII/ptolemy/actor/lib/test/auto/RecordAssemblerDisplayNameTest.xml
2854 ms. Memory: 1449984K Free: 1022995K (71%)
----------------- Invoking toplevel() on ptolemy.moml.MoMLSimpleApplication@7d93e886
----------------- Done invoking toplevel() on ptolemy.moml.MoMLSimpleApplication@7d93e886
reloadAllAccessors: .RecordAssemblerDisplayNameTest

===========================================================================================
----------------- testing Sun Feb 10 03:30:23 UTC 2019 /home/travis/build/icyphy/ptII/ptolemy/actor/lib/test/auto/RecordAssemblerTypeError.xml
----------------- Instantiating /home/travis/build/icyphy/ptII/ptolemy/actor/lib/test/auto/RecordAssemblerTypeError.xml
8 ms. Memory: 1449984K Free: 995051K (69%)
----------------- Invoking toplevel() on ptolemy.moml.MoMLSimpleApplication@2e3aa1e
----------------- Done invoking toplevel() on ptolemy.moml.MoMLSimpleApplication@2e3aa1e
reloadAllAccessors: .RecordAssemblerTypeError

===========================================================================================
----------------- testing Sun Feb 10 03:30:23 UTC 2019 /home/travis/build/icyphy/ptII/ptolemy/actor/lib/test/auto/RecordDisassember.xml
----------------- Instantiating /home/travis/build/icyphy/ptII/ptolemy/actor/lib/test/auto/RecordDisassember.xml
2 ms. Memory: 1449984K Free: 978371K (67%)
----------------- Invoking toplevel() on ptolemy.moml.MoMLSimpleApplication@7ed8d50c
----------------- Done invoking toplevel() on ptolemy.moml.MoMLSimpleApplication@7ed8d50c
reloadAllAccessors: .RecordDisassember

===========================================================================================
----------------- testing Sun Feb 10 03:30:23 UTC 2019 /home/travis/build/icyphy/ptII/ptolemy/actor/lib/test/auto/RecordDisassemberDisplayNameTest.xml
----------------- Instantiating /home/travis/build/icyphy/ptII/ptolemy/actor/lib/test/auto/RecordDisassemberDisplayNameTest.xml
4 ms. Memory: 1449984K Free: 961691K (66%)
----------------- Invoking toplevel() on ptolemy.moml.MoMLSimpleApplication@8f0cf86
----------------- Done invoking toplevel() on ptolemy.moml.MoMLSimpleApplication@8f0cf86
reloadAllAccessors: .RecordDisassemberDisplayNameTest

===========================================================================================
----------------- testing Sun Feb 10 03:30:23 UTC 2019 /home/travis/build/icyphy/ptII/ptolemy/actor/lib/test/auto/RecordDisassembler.xml
----------------- Instantiating /home/travis/build/icyphy/ptII/ptolemy/actor/lib/test/auto/RecordDisassembler.xml
1 ms. Memory: 1449984K Free: 945011K (65%)
----------------- Invoking toplevel() on ptolemy.moml.MoMLSimpleApplication@5893115f
----------------- Done invoking toplevel() on ptolemy.moml.MoMLSimpleApplication@5893115f
reloadAllAccessors: .RecordDisassembler

===========================================================================================
----------------- testing Sun Feb 10 03:30:23 UTC 2019 /home/travis/build/icyphy/ptII/ptolemy/actor/lib/test/auto/RecordDisassembler2.xml
----------------- Instantiating /home/travis/build/icyphy/ptII/ptolemy/actor/lib/test/auto/RecordDisassembler2.xml
2 ms. Memory: 1449984K Free: 931530K (64%)
----------------- Invoking toplevel() on ptolemy.moml.MoMLSimpleApplication@6eb4ead2
----------------- Done invoking toplevel() on ptolemy.moml.MoMLSimpleApplication@6eb4ead2
reloadAllAccessors: .RecordDisassembler2

===========================================================================================
----------------- testing Sun Feb 10 03:30:23 UTC 2019 /home/travis/build/icyphy/ptII/ptolemy/actor/lib/test/auto/RecordUpdater.xml
----------------- Instantiating /home/travis/build/icyphy/ptII/ptolemy/actor/lib/test/auto/RecordUpdater.xml
1 ms. Memory: 1449984K Free: 914850K (63%)
----------------- Invoking toplevel() on ptolemy.moml.MoMLSimpleApplication@5e2390c2
----------------- Done invoking toplevel() on ptolemy.moml.MoMLSimpleApplication@5e2390c2
reloadAllAccessors: .RecordUpdater

===========================================================================================
----------------- testing Sun Feb 10 03:30:23 UTC 2019 /home/travis/build/icyphy/ptII/ptolemy/actor/lib/test/auto/RecordUpdater2.xml
----------------- Instantiating /home/travis/build/icyphy/ptII/ptolemy/actor/lib/test/auto/RecordUpdater2.xml
2 ms. Memory: 1449984K Free: 898170K (62%)
----------------- Invoking toplevel() on ptolemy.moml.MoMLSimpleApplication@164aaf29
----------------- Done invoking toplevel() on ptolemy.moml.MoMLSimpleApplication@164aaf29
reloadAllAccessors: .RecordUpdater2

===========================================================================================
----------------- testing Sun Feb 10 03:30:23 UTC 2019 /home/travis/build/icyphy/ptII/ptolemy/actor/lib/test/auto/RecursiveLattice.xml
----------------- Instantiating /home/travis/build/icyphy/ptII/ptolemy/actor/lib/test/auto/RecursiveLattice.xml
1 ms. Memory: 1449984K Free: 881490K (61%)
----------------- Invoking toplevel() on ptolemy.moml.MoMLSimpleApplication@47adb5ec
----------------- Done invoking toplevel() on ptolemy.moml.MoMLSimpleApplication@47adb5ec
reloadAllAccessors: .RecursiveLattice

===========================================================================================
----------------- testing Sun Feb 10 03:30:23 UTC 2019 /home/travis/build/icyphy/ptII/ptolemy/actor/lib/test/auto/Router.xml
----------------- Instantiating /home/travis/build/icyphy/ptII/ptolemy/actor/lib/test/auto/Router.xml
3003 ms. Memory: 1449984K Free: 868009K (60%)
----------------- Invoking toplevel() on ptolemy.moml.MoMLSimpleApplication@6e5fe013
----------------- Done invoking toplevel() on ptolemy.moml.MoMLSimpleApplication@6e5fe013
reloadAllAccessors: .Router

===========================================================================================
----------------- testing Sun Feb 10 03:30:26 UTC 2019 /home/travis/build/icyphy/ptII/ptolemy/actor/lib/test/auto/Router2.xml
----------------- Instantiating /home/travis/build/icyphy/ptII/ptolemy/actor/lib/test/auto/Router2.xml
3002 ms. Memory: 1449984K Free: 851329K (59%)
----------------- Invoking toplevel() on ptolemy.moml.MoMLSimpleApplication@651a54ab
----------------- Done invoking toplevel() on ptolemy.moml.MoMLSimpleApplication@651a54ab
reloadAllAccessors: .Router2

===========================================================================================
----------------- testing Sun Feb 10 03:30:29 UTC 2019 /home/travis/build/icyphy/ptII/ptolemy/actor/lib/test/auto/RunningMaximum.xml
----------------- Instantiating /home/travis/build/icyphy/ptII/ptolemy/actor/lib/test/auto/RunningMaximum.xml
2 ms. Memory: 1449984K Free: 834649K (58%)
----------------- Invoking toplevel() on ptolemy.moml.MoMLSimpleApplication@33cfadd5
----------------- Done invoking toplevel() on ptolemy.moml.MoMLSimpleApplication@33cfadd5
reloadAllAccessors: .RunningMaximum

===========================================================================================
----------------- testing Sun Feb 10 03:30:29 UTC 2019 /home/travis/build/icyphy/ptII/ptolemy/actor/lib/test/auto/RunningMinimum.xml
----------------- Instantiating /home/travis/build/icyphy/ptII/ptolemy/actor/lib/test/auto/RunningMinimum.xml
1 ms. Memory: 1449984K Free: 817969K (56%)
----------------- Invoking toplevel() on ptolemy.moml.MoMLSimpleApplication@1123e33a
----------------- Done invoking toplevel() on ptolemy.moml.MoMLSimpleApplication@1123e33a
reloadAllAccessors: .RunningMinimum

===========================================================================================
----------------- testing Sun Feb 10 03:30:29 UTC 2019 /home/travis/build/icyphy/ptII/ptolemy/actor/lib/test/auto/Scale.xml
----------------- Instantiating /home/travis/build/icyphy/ptII/ptolemy/actor/lib/test/auto/Scale.xml
2 ms. Memory: 1449984K Free: 801289K (55%)
----------------- Invoking toplevel() on ptolemy.moml.MoMLSimpleApplication@5173b58d
----------------- Done invoking toplevel() on ptolemy.moml.MoMLSimpleApplication@5173b58d
reloadAllAccessors: .Scale

===========================================================================================
----------------- testing Sun Feb 10 03:30:29 UTC 2019 /home/travis/build/icyphy/ptII/ptolemy/actor/lib/test/auto/Scale2.xml
----------------- Instantiating /home/travis/build/icyphy/ptII/ptolemy/actor/lib/test/auto/Scale2.xml
1 ms. Memory: 1449984K Free: 787808K (54%)
----------------- Invoking toplevel() on ptolemy.moml.MoMLSimpleApplication@517c9ded
----------------- Done invoking toplevel() on ptolemy.moml.MoMLSimpleApplication@517c9ded
reloadAllAccessors: .Scale2

===========================================================================================
----------------- testing Sun Feb 10 03:30:29 UTC 2019 /home/travis/build/icyphy/ptII/ptolemy/actor/lib/test/auto/Scale3.xml
----------------- Instantiating /home/travis/build/icyphy/ptII/ptolemy/actor/lib/test/auto/Scale3.xml
6 ms. Memory: 1449984K Free: 771128K (53%)
----------------- Invoking toplevel() on ptolemy.moml.MoMLSimpleApplication@755941de
----------------- Done invoking toplevel() on ptolemy.moml.MoMLSimpleApplication@755941de
reloadAllAccessors: .Scale3

===========================================================================================
----------------- testing Sun Feb 10 03:30:29 UTC 2019 /home/travis/build/icyphy/ptII/ptolemy/actor/lib/test/auto/ScaleArray.xml
----------------- Instantiating /home/travis/build/icyphy/ptII/ptolemy/actor/lib/test/auto/ScaleArray.xml
2 ms. Memory: 1449984K Free: 754448K (52%)
----------------- Invoking toplevel() on ptolemy.moml.MoMLSimpleApplication@29f7f0ba
----------------- Done invoking toplevel() on ptolemy.moml.MoMLSimpleApplication@29f7f0ba
reloadAllAccessors: .ScaleArray

===========================================================================================
----------------- testing Sun Feb 10 03:30:29 UTC 2019 /home/travis/build/icyphy/ptII/ptolemy/actor/lib/test/auto/ScaleArray2.xml
----------------- Instantiating /home/travis/build/icyphy/ptII/ptolemy/actor/lib/test/auto/ScaleArray2.xml
2 ms. Memory: 1449984K Free: 737768K (51%)
----------------- Invoking toplevel() on ptolemy.moml.MoMLSimpleApplication@2756d6c9
----------------- Done invoking toplevel() on ptolemy.moml.MoMLSimpleApplication@2756d6c9
reloadAllAccessors: .ScaleArray2

===========================================================================================
----------------- testing Sun Feb 10 03:30:29 UTC 2019 /home/travis/build/icyphy/ptII/ptolemy/actor/lib/test/auto/ScaleMatrix.xml
----------------- Instantiating /home/travis/build/icyphy/ptII/ptolemy/actor/lib/test/auto/ScaleMatrix.xml
122 ms. Memory: 1449984K Free: 717546K (49%)
----------------- Invoking toplevel() on ptolemy.moml.MoMLSimpleApplication@76de3eb7
----------------- Done invoking toplevel() on ptolemy.moml.MoMLSimpleApplication@76de3eb7
reloadAllAccessors: .ScaleMatrix

===========================================================================================
----------------- testing Sun Feb 10 03:30:29 UTC 2019 /home/travis/build/icyphy/ptII/ptolemy/actor/lib/test/auto/Select.xml
----------------- Instantiating /home/travis/build/icyphy/ptII/ptolemy/actor/lib/test/auto/Select.xml
7 ms. Memory: 1449984K Free: 700867K (48%)
----------------- Invoking toplevel() on ptolemy.moml.MoMLSimpleApplication@1d635734
----------------- Done invoking toplevel() on ptolemy.moml.MoMLSimpleApplication@1d635734
reloadAllAccessors: .Select

===========================================================================================
----------------- testing Sun Feb 10 03:30:29 UTC 2019 /home/travis/build/icyphy/ptII/ptolemy/actor/lib/test/auto/Select2.xml
----------------- Instantiating /home/travis/build/icyphy/ptII/ptolemy/actor/lib/test/auto/Select2.xml
0 ms. Memory: 1449984K Free: 684187K (47%)
----------------- Invoking toplevel() on ptolemy.moml.MoMLSimpleApplication@6d667a5c
----------------- Done invoking toplevel() on ptolemy.moml.MoMLSimpleApplication@6d667a5c
reloadAllAccessors: .Select2

===========================================================================================
----------------- testing Sun Feb 10 03:30:29 UTC 2019 /home/travis/build/icyphy/ptII/ptolemy/actor/lib/test/auto/SequenceToArray2.xml
----------------- Instantiating /home/travis/build/icyphy/ptII/ptolemy/actor/lib/test/auto/SequenceToArray2.xml
63 ms. Memory: 1449984K Free: 600101K (41%)
----------------- Invoking toplevel() on ptolemy.moml.MoMLSimpleApplication@2a97f2a6
----------------- Done invoking toplevel() on ptolemy.moml.MoMLSimpleApplication@2a97f2a6
reloadAllAccessors: .SequenceToArray2

===========================================================================================
----------------- testing Sun Feb 10 03:30:29 UTC 2019 /home/travis/build/icyphy/ptII/ptolemy/actor/lib/test/auto/SequentialClock.xml
----------------- Instantiating /home/travis/build/icyphy/ptII/ptolemy/actor/lib/test/auto/SequentialClock.xml
1 ms. Memory: 1449984K Free: 583421K (40%)
----------------- Invoking toplevel() on ptolemy.moml.MoMLSimpleApplication@7f46dfb0
----------------- Done invoking toplevel() on ptolemy.moml.MoMLSimpleApplication@7f46dfb0
reloadAllAccessors: .SequentialClock

===========================================================================================
----------------- testing Sun Feb 10 03:30:29 UTC 2019 /home/travis/build/icyphy/ptII/ptolemy/actor/lib/test/auto/SetVariable.xml
----------------- Instantiating /home/travis/build/icyphy/ptII/ptolemy/actor/lib/test/auto/SetVariable.xml
2 ms. Memory: 1449984K Free: 569941K (39%)
----------------- Invoking toplevel() on ptolemy.moml.MoMLSimpleApplication@6f3827a5
----------------- Done invoking toplevel() on ptolemy.moml.MoMLSimpleApplication@6f3827a5
reloadAllAccessors: .SetVariable

===========================================================================================
----------------- testing Sun Feb 10 03:30:29 UTC 2019 /home/travis/build/icyphy/ptII/ptolemy/actor/lib/test/auto/SetVariable2.xml
----------------- Instantiating /home/travis/build/icyphy/ptII/ptolemy/actor/lib/test/auto/SetVariable2.xml
3 ms. Memory: 1449984K Free: 553260K (38%)
----------------- Invoking toplevel() on ptolemy.moml.MoMLSimpleApplication@6777fedb
----------------- Done invoking toplevel() on ptolemy.moml.MoMLSimpleApplication@6777fedb
reloadAllAccessors: .SetVariable2

===========================================================================================
----------------- testing Sun Feb 10 03:30:29 UTC 2019 /home/travis/build/icyphy/ptII/ptolemy/actor/lib/test/auto/SetVariable3.xml
----------------- Instantiating /home/travis/build/icyphy/ptII/ptolemy/actor/lib/test/auto/SetVariable3.xml
7 ms. Memory: 1449984K Free: 536580K (37%)
----------------- Invoking toplevel() on ptolemy.moml.MoMLSimpleApplication@4537f2b6
----------------- Done invoking toplevel() on ptolemy.moml.MoMLSimpleApplication@4537f2b6
reloadAllAccessors: .SetVariable3

===========================================================================================
----------------- testing Sun Feb 10 03:30:29 UTC 2019 /home/travis/build/icyphy/ptII/ptolemy/actor/lib/test/auto/SetVariable4.xml
----------------- Instantiating /home/travis/build/icyphy/ptII/ptolemy/actor/lib/test/auto/SetVariable4.xml
12 ms. Memory: 1449984K Free: 472717K (33%)
----------------- Invoking toplevel() on ptolemy.moml.MoMLSimpleApplication@541c7237
----------------- Done invoking toplevel() on ptolemy.moml.MoMLSimpleApplication@541c7237
reloadAllAccessors: .SetVariable4

===========================================================================================
----------------- testing Sun Feb 10 03:30:29 UTC 2019 /home/travis/build/icyphy/ptII/ptolemy/actor/lib/test/auto/SetVariable5.xml
----------------- Instantiating /home/travis/build/icyphy/ptII/ptolemy/actor/lib/test/auto/SetVariable5.xml
17 ms. Memory: 1449984K Free: 459236K (32%)
----------------- Invoking toplevel() on ptolemy.moml.MoMLSimpleApplication@254786df
----------------- Done invoking toplevel() on ptolemy.moml.MoMLSimpleApplication@254786df
reloadAllAccessors: .SetVariable5

===========================================================================================
----------------- testing Sun Feb 10 03:30:29 UTC 2019 /home/travis/build/icyphy/ptII/ptolemy/actor/lib/test/auto/Sinewave.xml
----------------- Instantiating /home/travis/build/icyphy/ptII/ptolemy/actor/lib/test/auto/Sinewave.xml
8 ms. Memory: 1449984K Free: 435800K (30%)
----------------- Invoking toplevel() on ptolemy.moml.MoMLSimpleApplication@50f617b3
----------------- Done invoking toplevel() on ptolemy.moml.MoMLSimpleApplication@50f617b3
reloadAllAccessors: .Sinewave

===========================================================================================
----------------- testing Sun Feb 10 03:30:30 UTC 2019 /home/travis/build/icyphy/ptII/ptolemy/actor/lib/test/auto/Sinewave2.xml
----------------- Instantiating /home/travis/build/icyphy/ptII/ptolemy/actor/lib/test/auto/Sinewave2.xml
7 ms. Memory: 1449984K Free: 419120K (29%)
----------------- Invoking toplevel() on ptolemy.moml.MoMLSimpleApplication@154215eb
----------------- Done invoking toplevel() on ptolemy.moml.MoMLSimpleApplication@154215eb
reloadAllAccessors: .Sinewave2

===========================================================================================
----------------- testing Sun Feb 10 03:30:30 UTC 2019 /home/travis/build/icyphy/ptII/ptolemy/actor/lib/test/auto/Sinewave3.xml
----------------- Instantiating /home/travis/build/icyphy/ptII/ptolemy/actor/lib/test/auto/Sinewave3.xml
5 ms. Memory: 1449984K Free: 402440K (28%)
----------------- Invoking toplevel() on ptolemy.moml.MoMLSimpleApplication@757e5554
----------------- Done invoking toplevel() on ptolemy.moml.MoMLSimpleApplication@757e5554
reloadAllAccessors: .Sinewave3

===========================================================================================
----------------- testing Sun Feb 10 03:30:30 UTC 2019 /home/travis/build/icyphy/ptII/ptolemy/actor/lib/test/auto/SingleEvent.xml
----------------- Instantiating /home/travis/build/icyphy/ptII/ptolemy/actor/lib/test/auto/SingleEvent.xml
1 ms. Memory: 1449984K Free: 385760K (27%)
----------------- Invoking toplevel() on ptolemy.moml.MoMLSimpleApplication@71e45133
----------------- Done invoking toplevel() on ptolemy.moml.MoMLSimpleApplication@71e45133
reloadAllAccessors: .SingleEvent

===========================================================================================
----------------- testing Sun Feb 10 03:30:30 UTC 2019 /home/travis/build/icyphy/ptII/ptolemy/actor/lib/test/auto/Sleep.xml
----------------- Instantiating /home/travis/build/icyphy/ptII/ptolemy/actor/lib/test/auto/Sleep.xml
6003 ms. Memory: 1449984K Free: 372279K (26%)
----------------- Invoking toplevel() on ptolemy.moml.MoMLSimpleApplication@124bbf72
----------------- Done invoking toplevel() on ptolemy.moml.MoMLSimpleApplication@124bbf72
reloadAllAccessors: .Sleep

===========================================================================================
----------------- testing Sun Feb 10 03:30:36 UTC 2019 /home/travis/build/icyphy/ptII/ptolemy/actor/lib/test/auto/SleepMultipleFire.xml
----------------- Instantiating /home/travis/build/icyphy/ptII/ptolemy/actor/lib/test/auto/SleepMultipleFire.xml
1004 ms. Memory: 1449984K Free: 355599K (25%)
----------------- Invoking toplevel() on ptolemy.moml.MoMLSimpleApplication@467c73b9
----------------- Done invoking toplevel() on ptolemy.moml.MoMLSimpleApplication@467c73b9
reloadAllAccessors: .SleepMultipleFire

===========================================================================================
----------------- testing Sun Feb 10 03:30:37 UTC 2019 /home/travis/build/icyphy/ptII/ptolemy/actor/lib/test/auto/StopDE.xml
----------------- Instantiating /home/travis/build/icyphy/ptII/ptolemy/actor/lib/test/auto/StopDE.xml
2 ms. Memory: 1449984K Free: 338919K (23%)
----------------- Invoking toplevel() on ptolemy.moml.MoMLSimpleApplication@6df2944e
----------------- Done invoking toplevel() on ptolemy.moml.MoMLSimpleApplication@6df2944e
reloadAllAccessors: .StopDE

===========================================================================================
----------------- testing Sun Feb 10 03:30:37 UTC 2019 /home/travis/build/icyphy/ptII/ptolemy/actor/lib/test/auto/StopSDF.xml
----------------- Instantiating /home/travis/build/icyphy/ptII/ptolemy/actor/lib/test/auto/StopSDF.xml
1 ms. Memory: 1449984K Free: 322239K (22%)
----------------- Invoking toplevel() on ptolemy.moml.MoMLSimpleApplication@379c3036
----------------- Done invoking toplevel() on ptolemy.moml.MoMLSimpleApplication@379c3036
reloadAllAccessors: .StopSDF

===========================================================================================
----------------- testing Sun Feb 10 03:30:37 UTC 2019 /home/travis/build/icyphy/ptII/ptolemy/actor/lib/test/auto/StringConstant.xml
----------------- Instantiating /home/travis/build/icyphy/ptII/ptolemy/actor/lib/test/auto/StringConstant.xml
2 ms. Memory: 1449984K Free: 308758K (21%)
----------------- Invoking toplevel() on ptolemy.moml.MoMLSimpleApplication@54839a69
----------------- Done invoking toplevel() on ptolemy.moml.MoMLSimpleApplication@54839a69
reloadAllAccessors: .StringConstant

===========================================================================================
----------------- testing Sun Feb 10 03:30:37 UTC 2019 /home/travis/build/icyphy/ptII/ptolemy/actor/lib/test/auto/SubscriberPortInitialValues1.xml
----------------- Instantiating /home/travis/build/icyphy/ptII/ptolemy/actor/lib/test/auto/SubscriberPortInitialValues1.xml
5 ms. Memory: 1449984K Free: 292078K (20%)
----------------- Invoking toplevel() on ptolemy.moml.MoMLSimpleApplication@7114fa82
----------------- Done invoking toplevel() on ptolemy.moml.MoMLSimpleApplication@7114fa82
reloadAllAccessors: .SubscriberPortInitialValues1

===========================================================================================
----------------- testing Sun Feb 10 03:30:37 UTC 2019 /home/travis/build/icyphy/ptII/ptolemy/actor/lib/test/auto/SubscriberPortInitialValues13.xml
----------------- Instantiating /home/travis/build/icyphy/ptII/ptolemy/actor/lib/test/auto/SubscriberPortInitialValues13.xml
4 ms. Memory: 1449984K Free: 268641K (19%)
----------------- Invoking toplevel() on ptolemy.moml.MoMLSimpleApplication@3b38ecdc
----------------- Done invoking toplevel() on ptolemy.moml.MoMLSimpleApplication@3b38ecdc
reloadAllAccessors: .SubscriberPortInitialValues13

===========================================================================================
----------------- testing Sun Feb 10 03:30:37 UTC 2019 /home/travis/build/icyphy/ptII/ptolemy/actor/lib/test/auto/SubscriberPortInitialValues14.xml
----------------- Instantiating /home/travis/build/icyphy/ptII/ptolemy/actor/lib/test/auto/SubscriberPortInitialValues14.xml
3 ms. Memory: 1449984K Free: 251961K (17%)
----------------- Invoking toplevel() on ptolemy.moml.MoMLSimpleApplication@16b9b86c
----------------- Done invoking toplevel() on ptolemy.moml.MoMLSimpleApplication@16b9b86c
reloadAllAccessors: .SubscriberPortInitialValues14

===========================================================================================
----------------- testing Sun Feb 10 03:30:37 UTC 2019 /home/travis/build/icyphy/ptII/ptolemy/actor/lib/test/auto/SubscriberPortInitialValues2.xml
----------------- Instantiating /home/travis/build/icyphy/ptII/ptolemy/actor/lib/test/auto/SubscriberPortInitialValues2.xml
3 ms. Memory: 1449984K Free: 235282K (16%)
----------------- Invoking toplevel() on ptolemy.moml.MoMLSimpleApplication@72bdf921
----------------- Done invoking toplevel() on ptolemy.moml.MoMLSimpleApplication@72bdf921
reloadAllAccessors: .SubscriberPortInitialValues2

===========================================================================================
----------------- testing Sun Feb 10 03:30:37 UTC 2019 /home/travis/build/icyphy/ptII/ptolemy/actor/lib/test/auto/SubscriberPortInitialValues3.xml
----------------- Instantiating /home/travis/build/icyphy/ptII/ptolemy/actor/lib/test/auto/SubscriberPortInitialValues3.xml
5 ms. Memory: 1449984K Free: 215044K (15%)
----------------- Invoking toplevel() on ptolemy.moml.MoMLSimpleApplication@4c66d84b
----------------- Done invoking toplevel() on ptolemy.moml.MoMLSimpleApplication@4c66d84b
reloadAllAccessors: .SubscriberPortInitialValues3

===========================================================================================
----------------- testing Sun Feb 10 03:30:37 UTC 2019 /home/travis/build/icyphy/ptII/ptolemy/actor/lib/test/auto/SubscriptionAggregator.xml
----------------- Instantiating /home/travis/build/icyphy/ptII/ptolemy/actor/lib/test/auto/SubscriptionAggregator.xml
2 ms. Memory: 1449984K Free: 198364K (14%)
----------------- Invoking toplevel() on ptolemy.moml.MoMLSimpleApplication@6570ae6d
----------------- Done invoking toplevel() on ptolemy.moml.MoMLSimpleApplication@6570ae6d
reloadAllAccessors: .SubscriptionAggregator

===========================================================================================
----------------- testing Sun Feb 10 03:30:37 UTC 2019 /home/travis/build/icyphy/ptII/ptolemy/actor/lib/test/auto/SubscriptionAggregator2.xml
----------------- Instantiating /home/travis/build/icyphy/ptII/ptolemy/actor/lib/test/auto/SubscriptionAggregator2.xml
2 ms. Memory: 1449984K Free: 181684K (13%)
----------------- Invoking toplevel() on ptolemy.moml.MoMLSimpleApplication@2a1fdde0
----------------- Done invoking toplevel() on ptolemy.moml.MoMLSimpleApplication@2a1fdde0
reloadAllAccessors: .SubscriptionAggregator2

===========================================================================================
----------------- testing Sun Feb 10 03:30:37 UTC 2019 /home/travis/build/icyphy/ptII/ptolemy/actor/lib/test/auto/SubscriptionAggregator3.xml
----------------- Instantiating /home/travis/build/icyphy/ptII/ptolemy/actor/lib/test/auto/SubscriptionAggregator3.xml
2 ms. Memory: 1449984K Free: 165004K (11%)
----------------- Invoking toplevel() on ptolemy.moml.MoMLSimpleApplication@23482c70
----------------- Done invoking toplevel() on ptolemy.moml.MoMLSimpleApplication@23482c70
reloadAllAccessors: .SubscriptionAggregator3

===========================================================================================
----------------- testing Sun Feb 10 03:30:37 UTC 2019 /home/travis/build/icyphy/ptII/ptolemy/actor/lib/test/auto/SubscriptionAggregatorMultiply.xml
----------------- Instantiating /home/travis/build/icyphy/ptII/ptolemy/actor/lib/test/auto/SubscriptionAggregatorMultiply.xml
3 ms. Memory: 1449984K Free: 151523K (10%)
----------------- Invoking toplevel() on ptolemy.moml.MoMLSimpleApplication@3d6845b2
----------------- Done invoking toplevel() on ptolemy.moml.MoMLSimpleApplication@3d6845b2
reloadAllAccessors: .SubscriptionAggregatorMultiply

===========================================================================================
----------------- testing Sun Feb 10 03:30:37 UTC 2019 /home/travis/build/icyphy/ptII/ptolemy/actor/lib/test/auto/SubscriptionAggregatorPortMultiply1.xml
----------------- Instantiating /home/travis/build/icyphy/ptII/ptolemy/actor/lib/test/auto/SubscriptionAggregatorPortMultiply1.xml
3 ms. Memory: 1449984K Free: 134844K (9%)
----------------- Invoking toplevel() on ptolemy.moml.MoMLSimpleApplication@10dd242b
----------------- Done invoking toplevel() on ptolemy.moml.MoMLSimpleApplication@10dd242b
reloadAllAccessors: .SubscriptionAggregatorPortMultiply1

===========================================================================================
----------------- testing Sun Feb 10 03:30:37 UTC 2019 /home/travis/build/icyphy/ptII/ptolemy/actor/lib/test/auto/Switch.xml
----------------- Instantiating /home/travis/build/icyphy/ptII/ptolemy/actor/lib/test/auto/Switch.xml
7 ms. Memory: 1449984K Free: 77721K (5%)
----------------- Invoking toplevel() on ptolemy.moml.MoMLSimpleApplication@6b72552b
----------------- Done invoking toplevel() on ptolemy.moml.MoMLSimpleApplication@6b72552b
reloadAllAccessors: .Switch

===========================================================================================
----------------- testing Sun Feb 10 03:30:37 UTC 2019 /home/travis/build/icyphy/ptII/ptolemy/actor/lib/test/auto/Switch2.xml
----------------- Instantiating /home/travis/build/icyphy/ptII/ptolemy/actor/lib/test/auto/Switch2.xml
1 ms. Memory: 1449984K Free: 63404K (4%)
----------------- Invoking toplevel() on ptolemy.moml.MoMLSimpleApplication@163ee914
----------------- Done invoking toplevel() on ptolemy.moml.MoMLSimpleApplication@163ee914
reloadAllAccessors: .Switch2

===========================================================================================
----------------- testing Sun Feb 10 03:30:37 UTC 2019 /home/travis/build/icyphy/ptII/ptolemy/actor/lib/test/auto/SwitchDE.xml
----------------- Instantiating /home/travis/build/icyphy/ptII/ptolemy/actor/lib/test/auto/SwitchDE.xml
4 ms. Memory: 1506816K Free: 1445454K (96%)
----------------- Invoking toplevel() on ptolemy.moml.MoMLSimpleApplication@2bbf71c9
----------------- Done invoking toplevel() on ptolemy.moml.MoMLSimpleApplication@2bbf71c9
reloadAllAccessors: .SwitchDE

===========================================================================================
----------------- testing Sun Feb 10 03:30:37 UTC 2019 /home/travis/build/icyphy/ptII/ptolemy/actor/lib/test/auto/SynchronizerDE.xml
----------------- Instantiating /home/travis/build/icyphy/ptII/ptolemy/actor/lib/test/auto/SynchronizerDE.xml
5 ms. Memory: 1506816K Free: 1426735K (95%)
----------------- Invoking toplevel() on ptolemy.moml.MoMLSimpleApplication@544ded6b
----------------- Done invoking toplevel() on ptolemy.moml.MoMLSimpleApplication@544ded6b
reloadAllAccessors: .SynchronizerDE

===========================================================================================
----------------- testing Sun Feb 10 03:30:37 UTC 2019 /home/travis/build/icyphy/ptII/ptolemy/actor/lib/test/auto/Test.xml
----------------- Instantiating /home/travis/build/icyphy/ptII/ptolemy/actor/lib/test/auto/Test.xml
5 ms. Memory: 1506816K Free: 1404943K (93%)
----------------- Invoking toplevel() on ptolemy.moml.MoMLSimpleApplication@308d095f
----------------- Done invoking toplevel() on ptolemy.moml.MoMLSimpleApplication@308d095f
reloadAllAccessors: .Test

===========================================================================================
----------------- testing Sun Feb 10 03:30:37 UTC 2019 /home/travis/build/icyphy/ptII/ptolemy/actor/lib/test/auto/TestExceptionAttribute1.xml
----------------- Instantiating /home/travis/build/icyphy/ptII/ptolemy/actor/lib/test/auto/TestExceptionAttribute1.xml
1 ms. Memory: 1506816K Free: 1383151K (92%)
----------------- Invoking toplevel() on ptolemy.moml.MoMLSimpleApplication@7744949a
----------------- Done invoking toplevel() on ptolemy.moml.MoMLSimpleApplication@7744949a
reloadAllAccessors: .TestExceptionAttribute1

===========================================================================================
----------------- testing Sun Feb 10 03:30:37 UTC 2019 /home/travis/build/icyphy/ptII/ptolemy/actor/lib/test/auto/TestExceptionAttribute2.xml
----------------- Instantiating /home/travis/build/icyphy/ptII/ptolemy/actor/lib/test/auto/TestExceptionAttribute2.xml
0 ms. Memory: 1506816K Free: 1361359K (90%)
----------------- Invoking toplevel() on ptolemy.moml.MoMLSimpleApplication@5bf5b19
----------------- Done invoking toplevel() on ptolemy.moml.MoMLSimpleApplication@5bf5b19
reloadAllAccessors: .TestExceptionAttribute2

===========================================================================================
----------------- testing Sun Feb 10 03:30:37 UTC 2019 /home/travis/build/icyphy/ptII/ptolemy/actor/lib/test/auto/TestExceptionAttribute3.xml
----------------- Instantiating /home/travis/build/icyphy/ptII/ptolemy/actor/lib/test/auto/TestExceptionAttribute3.xml
.TestExceptionAttribute3.TestExceptionAttribute: initialize() was not invoked, but wrapup() was.  This is unusual, but not always a problem.  For example, exporting JNLP will do this.
1 ms. Memory: 1506816K Free: 1339567K (89%)
----------------- Invoking toplevel() on ptolemy.moml.MoMLSimpleApplication@2080d7ad
----------------- Done invoking toplevel() on ptolemy.moml.MoMLSimpleApplication@2080d7ad
reloadAllAccessors: .TestExceptionAttribute3

===========================================================================================
----------------- testing Sun Feb 10 03:30:37 UTC 2019 /home/travis/build/icyphy/ptII/ptolemy/actor/lib/test/auto/TestExceptionAttribute4.xml
----------------- Instantiating /home/travis/build/icyphy/ptII/ptolemy/actor/lib/test/auto/TestExceptionAttribute4.xml
.TestExceptionAttribute4.TestExceptionAttribute: initialize() was not invoked, but wrapup() was.  This is unusual, but not always a problem.  For example, exporting JNLP will do this.
.TestExceptionAttribute4.TestExceptionAttribute2: initialize() was not invoked, but wrapup() was.  This is unusual, but not always a problem.  For example, exporting JNLP will do this.
0 ms. Memory: 1506816K Free: 1320848K (88%)
----------------- Invoking toplevel() on ptolemy.moml.MoMLSimpleApplication@33151453
----------------- Done invoking toplevel() on ptolemy.moml.MoMLSimpleApplication@33151453
reloadAllAccessors: .TestExceptionAttribute4

===========================================================================================
----------------- testing Sun Feb 10 03:30:37 UTC 2019 /home/travis/build/icyphy/ptII/ptolemy/actor/lib/test/auto/TestExceptionHandler1.xml
----------------- Instantiating /home/travis/build/icyphy/ptII/ptolemy/actor/lib/test/auto/TestExceptionHandler1.xml
1 ms. Memory: 1506816K Free: 1299056K (86%)
----------------- Invoking toplevel() on ptolemy.moml.MoMLSimpleApplication@240c2982
----------------- Done invoking toplevel() on ptolemy.moml.MoMLSimpleApplication@240c2982
reloadAllAccessors: .TestExceptionHandler1

===========================================================================================
----------------- testing Sun Feb 10 03:30:37 UTC 2019 /home/travis/build/icyphy/ptII/ptolemy/actor/lib/test/auto/TestExceptionHandler2.xml
----------------- Instantiating /home/travis/build/icyphy/ptII/ptolemy/actor/lib/test/auto/TestExceptionHandler2.xml
2 ms. Memory: 1506816K Free: 1277264K (85%)
----------------- Invoking toplevel() on ptolemy.moml.MoMLSimpleApplication@13da469e
----------------- Done invoking toplevel() on ptolemy.moml.MoMLSimpleApplication@13da469e
reloadAllAccessors: .TestExceptionHandler2

===========================================================================================
----------------- testing Sun Feb 10 03:30:37 UTC 2019 /home/travis/build/icyphy/ptII/ptolemy/actor/lib/test/auto/TestExceptionHandler3.xml
----------------- Instantiating /home/travis/build/icyphy/ptII/ptolemy/actor/lib/test/auto/TestExceptionHandler3.xml
1 ms. Memory: 1506816K Free: 1255472K (83%)
----------------- Invoking toplevel() on ptolemy.moml.MoMLSimpleApplication@3509a573
----------------- Done invoking toplevel() on ptolemy.moml.MoMLSimpleApplication@3509a573
reloadAllAccessors: .TestExceptionHandler3

===========================================================================================
----------------- testing Sun Feb 10 03:30:37 UTC 2019 /home/travis/build/icyphy/ptII/ptolemy/actor/lib/test/auto/TestExceptionHandler4.xml
----------------- Instantiating /home/travis/build/icyphy/ptII/ptolemy/actor/lib/test/auto/TestExceptionHandler4.xml
0 ms. Memory: 1506816K Free: 1233680K (82%)
----------------- Invoking toplevel() on ptolemy.moml.MoMLSimpleApplication@6123e924
----------------- Done invoking toplevel() on ptolemy.moml.MoMLSimpleApplication@6123e924
reloadAllAccessors: .TestExceptionHandler4

===========================================================================================
----------------- testing Sun Feb 10 03:30:37 UTC 2019 /home/travis/build/icyphy/ptII/ptolemy/actor/lib/test/auto/TestRequireCorrectOrder.xml
----------------- Instantiating /home/travis/build/icyphy/ptII/ptolemy/actor/lib/test/auto/TestRequireCorrectOrder.xml
2 ms. Memory: 1506816K Free: 1214961K (81%)
----------------- Invoking toplevel() on ptolemy.moml.MoMLSimpleApplication@7cb6879c
----------------- Done invoking toplevel() on ptolemy.moml.MoMLSimpleApplication@7cb6879c
reloadAllAccessors: .TestRequireCorrectOrder

===========================================================================================
----------------- testing Sun Feb 10 03:30:37 UTC 2019 /home/travis/build/icyphy/ptII/ptolemy/actor/lib/test/auto/TestSimple.xml
----------------- Instantiating /home/travis/build/icyphy/ptII/ptolemy/actor/lib/test/auto/TestSimple.xml
1 ms. Memory: 1506816K Free: 1193169K (79%)
----------------- Invoking toplevel() on ptolemy.moml.MoMLSimpleApplication@4027447
----------------- Done invoking toplevel() on ptolemy.moml.MoMLSimpleApplication@4027447
reloadAllAccessors: .TestSimple

===========================================================================================
----------------- testing Sun Feb 10 03:30:37 UTC 2019 /home/travis/build/icyphy/ptII/ptolemy/actor/lib/test/auto/ThrowModelError.xml
----------------- Instantiating /home/travis/build/icyphy/ptII/ptolemy/actor/lib/test/auto/ThrowModelError.xml
1 ms. Memory: 1506816K Free: 1171377K (78%)
----------------- Invoking toplevel() on ptolemy.moml.MoMLSimpleApplication@63d9d362
----------------- Done invoking toplevel() on ptolemy.moml.MoMLSimpleApplication@63d9d362
reloadAllAccessors: .ThrowModelError

===========================================================================================
----------------- testing Sun Feb 10 03:30:37 UTC 2019 /home/travis/build/icyphy/ptII/ptolemy/actor/lib/test/auto/TimeDelayMicrosteps.xml
----------------- Instantiating /home/travis/build/icyphy/ptII/ptolemy/actor/lib/test/auto/TimeDelayMicrosteps.xml
2 ms. Memory: 1506816K Free: 1149585K (76%)
----------------- Invoking toplevel() on ptolemy.moml.MoMLSimpleApplication@257de83a
----------------- Done invoking toplevel() on ptolemy.moml.MoMLSimpleApplication@257de83a
reloadAllAccessors: .TimeDelayMicrosteps

===========================================================================================
----------------- testing Sun Feb 10 03:30:37 UTC 2019 /home/travis/build/icyphy/ptII/ptolemy/actor/lib/test/auto/TimeDelayMicrosteps2.xml
----------------- Instantiating /home/travis/build/icyphy/ptII/ptolemy/actor/lib/test/auto/TimeDelayMicrosteps2.xml
3 ms. Memory: 1506816K Free: 1127793K (75%)
----------------- Invoking toplevel() on ptolemy.moml.MoMLSimpleApplication@264c8cac
----------------- Done invoking toplevel() on ptolemy.moml.MoMLSimpleApplication@264c8cac
reloadAllAccessors: .TimeDelayMicrosteps2

===========================================================================================
----------------- testing Sun Feb 10 03:30:37 UTC 2019 /home/travis/build/icyphy/ptII/ptolemy/actor/lib/test/auto/TimeDelayMicrosteps3.xml
----------------- Instantiating /home/travis/build/icyphy/ptII/ptolemy/actor/lib/test/auto/TimeDelayMicrosteps3.xml
3 ms. Memory: 1506816K Free: 1106001K (73%)
----------------- Invoking toplevel() on ptolemy.moml.MoMLSimpleApplication@6bb86df1
----------------- Done invoking toplevel() on ptolemy.moml.MoMLSimpleApplication@6bb86df1
reloadAllAccessors: .TimeDelayMicrosteps3

===========================================================================================
----------------- testing Sun Feb 10 03:30:37 UTC 2019 /home/travis/build/icyphy/ptII/ptolemy/actor/lib/test/auto/TimeDelayVariableMicrosteps.xml
----------------- Instantiating /home/travis/build/icyphy/ptII/ptolemy/actor/lib/test/auto/TimeDelayVariableMicrosteps.xml
3 ms. Memory: 1506816K Free: 1087282K (72%)
----------------- Invoking toplevel() on ptolemy.moml.MoMLSimpleApplication@419272f5
----------------- Done invoking toplevel() on ptolemy.moml.MoMLSimpleApplication@419272f5
reloadAllAccessors: .TimeDelayVariableMicrosteps

===========================================================================================
----------------- testing Sun Feb 10 03:30:37 UTC 2019 /home/travis/build/icyphy/ptII/ptolemy/actor/lib/test/auto/TimeGap.xml
----------------- Instantiating /home/travis/build/icyphy/ptII/ptolemy/actor/lib/test/auto/TimeGap.xml
6 ms. Memory: 1506816K Free: 1065490K (71%)
----------------- Invoking toplevel() on ptolemy.moml.MoMLSimpleApplication@27a62c4e
----------------- Done invoking toplevel() on ptolemy.moml.MoMLSimpleApplication@27a62c4e
reloadAllAccessors: .TimeGap

===========================================================================================
----------------- testing Sun Feb 10 03:30:37 UTC 2019 /home/travis/build/icyphy/ptII/ptolemy/actor/lib/test/auto/TimeGap2.xml
----------------- Instantiating /home/travis/build/icyphy/ptII/ptolemy/actor/lib/test/auto/TimeGap2.xml
1 ms. Memory: 1506816K Free: 1043698K (69%)
----------------- Invoking toplevel() on ptolemy.moml.MoMLSimpleApplication@372bf301
----------------- Done invoking toplevel() on ptolemy.moml.MoMLSimpleApplication@372bf301
reloadAllAccessors: .TimeGap2

===========================================================================================
----------------- testing Sun Feb 10 03:30:37 UTC 2019 /home/travis/build/icyphy/ptII/ptolemy/actor/lib/test/auto/TimedSinewave.xml
----------------- Instantiating /home/travis/build/icyphy/ptII/ptolemy/actor/lib/test/auto/TimedSinewave.xml
23 ms. Memory: 1506816K Free: 1012531K (67%)
----------------- Invoking toplevel() on ptolemy.moml.MoMLSimpleApplication@5306c393
----------------- Done invoking toplevel() on ptolemy.moml.MoMLSimpleApplication@5306c393
reloadAllAccessors: .TimedSinewave

===========================================================================================
----------------- testing Sun Feb 10 03:30:37 UTC 2019 /home/travis/build/icyphy/ptII/ptolemy/actor/lib/test/auto/TimedSinewavePhase.xml
----------------- Instantiating /home/travis/build/icyphy/ptII/ptolemy/actor/lib/test/auto/TimedSinewavePhase.xml
8 ms. Memory: 1506816K Free: 990739K (66%)
----------------- Invoking toplevel() on ptolemy.moml.MoMLSimpleApplication@42457f85
----------------- Done invoking toplevel() on ptolemy.moml.MoMLSimpleApplication@42457f85
reloadAllAccessors: .TimedSinewavePhase

===========================================================================================
----------------- testing Sun Feb 10 03:30:37 UTC 2019 /home/travis/build/icyphy/ptII/ptolemy/actor/lib/test/auto/Timer.xml
----------------- Instantiating /home/travis/build/icyphy/ptII/ptolemy/actor/lib/test/auto/Timer.xml
2 ms. Memory: 1506816K Free: 972020K (65%)
----------------- Invoking toplevel() on ptolemy.moml.MoMLSimpleApplication@4ae25c79
----------------- Done invoking toplevel() on ptolemy.moml.MoMLSimpleApplication@4ae25c79
reloadAllAccessors: .Timer

===========================================================================================
----------------- testing Sun Feb 10 03:30:37 UTC 2019 /home/travis/build/icyphy/ptII/ptolemy/actor/lib/test/auto/TriangularDistTestModel.xml
----------------- Instantiating /home/travis/build/icyphy/ptII/ptolemy/actor/lib/test/auto/TriangularDistTestModel.xml
2 ms. Memory: 1506816K Free: 950219K (63%)
----------------- Invoking toplevel() on ptolemy.moml.MoMLSimpleApplication@4eb4d7cc
----------------- Done invoking toplevel() on ptolemy.moml.MoMLSimpleApplication@4eb4d7cc
reloadAllAccessors: .TriangularDistTestModel

===========================================================================================
----------------- testing Sun Feb 10 03:30:37 UTC 2019 /home/travis/build/icyphy/ptII/ptolemy/actor/lib/test/auto/TrigFunction.xml
----------------- Instantiating /home/travis/build/icyphy/ptII/ptolemy/actor/lib/test/auto/TrigFunction.xml
1 ms. Memory: 1506816K Free: 928427K (62%)
----------------- Invoking toplevel() on ptolemy.moml.MoMLSimpleApplication@2982775e
----------------- Done invoking toplevel() on ptolemy.moml.MoMLSimpleApplication@2982775e
reloadAllAccessors: .TrigFunction

===========================================================================================
----------------- testing Sun Feb 10 03:30:37 UTC 2019 /home/travis/build/icyphy/ptII/ptolemy/actor/lib/test/auto/TrigFunctionDE.xml
----------------- Instantiating /home/travis/build/icyphy/ptII/ptolemy/actor/lib/test/auto/TrigFunctionDE.xml
3 ms. Memory: 1506816K Free: 906635K (60%)
----------------- Invoking toplevel() on ptolemy.moml.MoMLSimpleApplication@76648467
----------------- Done invoking toplevel() on ptolemy.moml.MoMLSimpleApplication@76648467
reloadAllAccessors: .TrigFunctionDE

===========================================================================================
----------------- testing Sun Feb 10 03:30:37 UTC 2019 /home/travis/build/icyphy/ptII/ptolemy/actor/lib/test/auto/TrigFunctionInverse.xml
----------------- Instantiating /home/travis/build/icyphy/ptII/ptolemy/actor/lib/test/auto/TrigFunctionInverse.xml
1 ms. Memory: 1506816K Free: 884843K (59%)
----------------- Invoking toplevel() on ptolemy.moml.MoMLSimpleApplication@645c7b59
----------------- Done invoking toplevel() on ptolemy.moml.MoMLSimpleApplication@645c7b59
reloadAllAccessors: .TrigFunctionInverse

===========================================================================================
----------------- testing Sun Feb 10 03:30:37 UTC 2019 /home/travis/build/icyphy/ptII/ptolemy/actor/lib/test/auto/TrigFunctionTan.xml
----------------- Instantiating /home/travis/build/icyphy/ptII/ptolemy/actor/lib/test/auto/TrigFunctionTan.xml
1 ms. Memory: 1506816K Free: 863051K (57%)
----------------- Invoking toplevel() on ptolemy.moml.MoMLSimpleApplication@719cb3ce
----------------- Done invoking toplevel() on ptolemy.moml.MoMLSimpleApplication@719cb3ce
reloadAllAccessors: .TrigFunctionTan

===========================================================================================
----------------- testing Sun Feb 10 03:30:37 UTC 2019 /home/travis/build/icyphy/ptII/ptolemy/actor/lib/test/auto/TriggeredClock.xml
----------------- Instantiating /home/travis/build/icyphy/ptII/ptolemy/actor/lib/test/auto/TriggeredClock.xml
1 ms. Memory: 1506816K Free: 844332K (56%)
----------------- Invoking toplevel() on ptolemy.moml.MoMLSimpleApplication@694a595c
----------------- Done invoking toplevel() on ptolemy.moml.MoMLSimpleApplication@694a595c
reloadAllAccessors: .TriggeredClock

===========================================================================================
----------------- testing Sun Feb 10 03:30:37 UTC 2019 /home/travis/build/icyphy/ptII/ptolemy/actor/lib/test/auto/URLDirectoryReader.xml
----------------- Instantiating /home/travis/build/icyphy/ptII/ptolemy/actor/lib/test/auto/URLDirectoryReader.xml
38 ms. Memory: 1506816K Free: 822540K (55%)
----------------- Invoking toplevel() on ptolemy.moml.MoMLSimpleApplication@7c328360
----------------- Done invoking toplevel() on ptolemy.moml.MoMLSimpleApplication@7c328360
reloadAllAccessors: .URLDirectoryReader

===========================================================================================
----------------- testing Sun Feb 10 03:30:38 UTC 2019 /home/travis/build/icyphy/ptII/ptolemy/actor/lib/test/auto/URLDirectoryReader3.xml
----------------- Instantiating /home/travis/build/icyphy/ptII/ptolemy/actor/lib/test/auto/URLDirectoryReader3.xml
1212 ms. Memory: 1506816K Free: 744583K (49%)
----------------- Invoking toplevel() on ptolemy.moml.MoMLSimpleApplication@423053b2
----------------- Done invoking toplevel() on ptolemy.moml.MoMLSimpleApplication@423053b2
reloadAllAccessors: .URLDirectoryReader3

===========================================================================================
----------------- testing Sun Feb 10 03:30:39 UTC 2019 /home/travis/build/icyphy/ptII/ptolemy/actor/lib/test/auto/UnaryMathFunction.xml
----------------- Instantiating /home/travis/build/icyphy/ptII/ptolemy/actor/lib/test/auto/UnaryMathFunction.xml
1 ms. Memory: 1506816K Free: 722791K (48%)
----------------- Invoking toplevel() on ptolemy.moml.MoMLSimpleApplication@65e8e85d
----------------- Done invoking toplevel() on ptolemy.moml.MoMLSimpleApplication@65e8e85d
reloadAllAccessors: .UnaryMathFunction

===========================================================================================
----------------- testing Sun Feb 10 03:30:39 UTC 2019 /home/travis/build/icyphy/ptII/ptolemy/actor/lib/test/auto/Uniform.xml
----------------- Instantiating /home/travis/build/icyphy/ptII/ptolemy/actor/lib/test/auto/Uniform.xml
10 ms. Memory: 1506816K Free: 700999K (47%)
----------------- Invoking toplevel() on ptolemy.moml.MoMLSimpleApplication@17c62b65
----------------- Done invoking toplevel() on ptolemy.moml.MoMLSimpleApplication@17c62b65
reloadAllAccessors: .Uniform

===========================================================================================
----------------- testing Sun Feb 10 03:30:39 UTC 2019 /home/travis/build/icyphy/ptII/ptolemy/actor/lib/test/auto/UnionDisassemblerTest.xml
----------------- Instantiating /home/travis/build/icyphy/ptII/ptolemy/actor/lib/test/auto/UnionDisassemblerTest.xml
14 ms. Memory: 1506816K Free: 682280K (45%)
----------------- Invoking toplevel() on ptolemy.moml.MoMLSimpleApplication@593417cb
----------------- Done invoking toplevel() on ptolemy.moml.MoMLSimpleApplication@593417cb
reloadAllAccessors: .UnionDisassemblerTest

===========================================================================================
----------------- testing Sun Feb 10 03:30:39 UTC 2019 /home/travis/build/icyphy/ptII/ptolemy/actor/lib/test/auto/UtilityFunctions.xml
----------------- Instantiating /home/travis/build/icyphy/ptII/ptolemy/actor/lib/test/auto/UtilityFunctions.xml
9 ms. Memory: 1506816K Free: 660488K (44%)
----------------- Invoking toplevel() on ptolemy.moml.MoMLSimpleApplication@4db3b20f
----------------- Done invoking toplevel() on ptolemy.moml.MoMLSimpleApplication@4db3b20f
reloadAllAccessors: .UtilityFunctions

===========================================================================================
----------------- testing Sun Feb 10 03:30:39 UTC 2019 /home/travis/build/icyphy/ptII/ptolemy/actor/lib/test/auto/VariableSleep.xml
----------------- Instantiating /home/travis/build/icyphy/ptII/ptolemy/actor/lib/test/auto/VariableSleep.xml
504 ms. Memory: 1506816K Free: 638696K (42%)
----------------- Invoking toplevel() on ptolemy.moml.MoMLSimpleApplication@41bd77d6
----------------- Done invoking toplevel() on ptolemy.moml.MoMLSimpleApplication@41bd77d6
reloadAllAccessors: .VariableSleep

===========================================================================================
----------------- testing Sun Feb 10 03:30:40 UTC 2019 /home/travis/build/icyphy/ptII/ptolemy/actor/lib/test/auto/VectorAssemblerDisassemblerCT.xml
----------------- Instantiating /home/travis/build/icyphy/ptII/ptolemy/actor/lib/test/auto/VectorAssemblerDisassemblerCT.xml
67 ms. Memory: 1506816K Free: 607529K (40%)
----------------- Invoking toplevel() on ptolemy.moml.MoMLSimpleApplication@14bc04fb
----------------- Done invoking toplevel() on ptolemy.moml.MoMLSimpleApplication@14bc04fb
reloadAllAccessors: .VectorAssemblerDisassemblerCT

===========================================================================================
----------------- testing Sun Feb 10 03:30:40 UTC 2019 /home/travis/build/icyphy/ptII/ptolemy/actor/lib/test/auto/VectorAssemblerDisassemblerDE.xml
----------------- Instantiating /home/travis/build/icyphy/ptII/ptolemy/actor/lib/test/auto/VectorAssemblerDisassemblerDE.xml
3 ms. Memory: 1506816K Free: 585736K (39%)
----------------- Invoking toplevel() on ptolemy.moml.MoMLSimpleApplication@8908f41
----------------- Done invoking toplevel() on ptolemy.moml.MoMLSimpleApplication@8908f41
reloadAllAccessors: .VectorAssemblerDisassemblerDE

===========================================================================================
----------------- testing Sun Feb 10 03:30:40 UTC 2019 /home/travis/build/icyphy/ptII/ptolemy/actor/lib/test/auto/VectorAssemblerDisassemblerSDF.xml
----------------- Instantiating /home/travis/build/icyphy/ptII/ptolemy/actor/lib/test/auto/VectorAssemblerDisassemblerSDF.xml
2 ms. Memory: 1506816K Free: 563944K (37%)
----------------- Invoking toplevel() on ptolemy.moml.MoMLSimpleApplication@5512c97
----------------- Done invoking toplevel() on ptolemy.moml.MoMLSimpleApplication@5512c97
reloadAllAccessors: .VectorAssemblerDisassemblerSDF

===========================================================================================
----------------- testing Sun Feb 10 03:30:40 UTC 2019 /home/travis/build/icyphy/ptII/ptolemy/actor/lib/test/auto/WallClockTime.xml
----------------- Instantiating /home/travis/build/icyphy/ptII/ptolemy/actor/lib/test/auto/WallClockTime.xml
1005 ms. Memory: 1506816K Free: 545226K (36%)
----------------- Invoking toplevel() on ptolemy.moml.MoMLSimpleApplication@78a2c4c0
----------------- Done invoking toplevel() on ptolemy.moml.MoMLSimpleApplication@78a2c4c0
reloadAllAccessors: .WallClockTime

===========================================================================================
----------------- testing Sun Feb 10 03:30:41 UTC 2019 /home/travis/build/icyphy/ptII/ptolemy/actor/lib/test/auto/WidthTestWithSubscriberPublisher.xml
----------------- Instantiating /home/travis/build/icyphy/ptII/ptolemy/actor/lib/test/auto/WidthTestWithSubscriberPublisher.xml
6 ms. Memory: 1506816K Free: 514066K (34%)
----------------- Invoking toplevel() on ptolemy.moml.MoMLSimpleApplication@5c6d5c3e
----------------- Done invoking toplevel() on ptolemy.moml.MoMLSimpleApplication@5c6d5c3e
reloadAllAccessors: .WidthTestWithSubscriberPublisher

===========================================================================================
----------------- testing Sun Feb 10 03:30:41 UTC 2019 /home/travis/build/icyphy/ptII/ptolemy/actor/lib/test/auto/WidthTestWithSubscriberPublisher2.xml
----------------- Instantiating /home/travis/build/icyphy/ptII/ptolemy/actor/lib/test/auto/WidthTestWithSubscriberPublisher2.xml
2 ms. Memory: 1506816K Free: 492274K (33%)
----------------- Invoking toplevel() on ptolemy.moml.MoMLSimpleApplication@4de2581a
----------------- Done invoking toplevel() on ptolemy.moml.MoMLSimpleApplication@4de2581a
reloadAllAccessors: .WidthTestWithSubscriberPublisher2

===========================================================================================
----------------- testing Sun Feb 10 03:30:41 UTC 2019 /home/travis/build/icyphy/ptII/ptolemy/actor/lib/test/auto/WidthTestWithSubscriberPublisher3.xml
----------------- Instantiating /home/travis/build/icyphy/ptII/ptolemy/actor/lib/test/auto/WidthTestWithSubscriberPublisher3.xml
2 ms. Memory: 1506816K Free: 470482K (31%)
----------------- Invoking toplevel() on ptolemy.moml.MoMLSimpleApplication@68155ff
----------------- Done invoking toplevel() on ptolemy.moml.MoMLSimpleApplication@68155ff
reloadAllAccessors: .WidthTestWithSubscriberPublisher3

===========================================================================================
----------------- testing Sun Feb 10 03:30:41 UTC 2019 /home/travis/build/icyphy/ptII/ptolemy/actor/lib/test/auto/Writer.xml
----------------- Instantiating /home/travis/build/icyphy/ptII/ptolemy/actor/lib/test/auto/Writer.xml
0
1
2
3
4
2 ms. Memory: 1506816K Free: 448690K (30%)
----------------- Invoking toplevel() on ptolemy.moml.MoMLSimpleApplication@14a11355
----------------- Done invoking toplevel() on ptolemy.moml.MoMLSimpleApplication@14a11355
reloadAllAccessors: .Writer

===========================================================================================
----------------- testing Sun Feb 10 03:30:41 UTC 2019 /home/travis/build/icyphy/ptII/ptolemy/actor/lib/test/auto/array.xml
----------------- Instantiating /home/travis/build/icyphy/ptII/ptolemy/actor/lib/test/auto/array.xml
2 ms. Memory: 1506816K Free: 426898K (28%)
----------------- Invoking toplevel() on ptolemy.moml.MoMLSimpleApplication@6a70e96f
----------------- Done invoking toplevel() on ptolemy.moml.MoMLSimpleApplication@6a70e96f
reloadAllAccessors: .array

===========================================================================================
----------------- testing Sun Feb 10 03:30:41 UTC 2019 /home/travis/build/icyphy/ptII/ptolemy/actor/lib/test/auto/array2.xml
----------------- Instantiating /home/travis/build/icyphy/ptII/ptolemy/actor/lib/test/auto/array2.xml
7 ms. Memory: 1506816K Free: 408180K (27%)
----------------- Invoking toplevel() on ptolemy.moml.MoMLSimpleApplication@6abb2b54
----------------- Done invoking toplevel() on ptolemy.moml.MoMLSimpleApplication@6abb2b54
reloadAllAccessors: .array2

===========================================================================================
----------------- testing Sun Feb 10 03:30:41 UTC 2019 /home/travis/build/icyphy/ptII/ptolemy/actor/lib/test/auto/arrayType.xml
----------------- Instantiating /home/travis/build/icyphy/ptII/ptolemy/actor/lib/test/auto/arrayType.xml
6 ms. Memory: 1506816K Free: 386387K (26%)
----------------- Invoking toplevel() on ptolemy.moml.MoMLSimpleApplication@6c3c6bec
----------------- Done invoking toplevel() on ptolemy.moml.MoMLSimpleApplication@6c3c6bec
reloadAllAccessors: .arrayType

===========================================================================================
----------------- testing Sun Feb 10 03:30:41 UTC 2019 /home/travis/build/icyphy/ptII/ptolemy/actor/lib/test/auto/arrayType10.xml
----------------- Instantiating /home/travis/build/icyphy/ptII/ptolemy/actor/lib/test/auto/arrayType10.xml
1 ms. Memory: 1506816K Free: 364596K (24%)
----------------- Invoking toplevel() on ptolemy.moml.MoMLSimpleApplication@1f17153d
----------------- Done invoking toplevel() on ptolemy.moml.MoMLSimpleApplication@1f17153d
reloadAllAccessors: .arrayType10

===========================================================================================
----------------- testing Sun Feb 10 03:30:41 UTC 2019 /home/travis/build/icyphy/ptII/ptolemy/actor/lib/test/auto/arrayType11.xml
----------------- Instantiating /home/travis/build/icyphy/ptII/ptolemy/actor/lib/test/auto/arrayType11.xml
1 ms. Memory: 1506816K Free: 342803K (23%)
----------------- Invoking toplevel() on ptolemy.moml.MoMLSimpleApplication@1efa2ab3
----------------- Done invoking toplevel() on ptolemy.moml.MoMLSimpleApplication@1efa2ab3
reloadAllAccessors: .arrayType11

===========================================================================================
----------------- testing Sun Feb 10 03:30:41 UTC 2019 /home/travis/build/icyphy/ptII/ptolemy/actor/lib/test/auto/arrayType12.xml
----------------- Instantiating /home/travis/build/icyphy/ptII/ptolemy/actor/lib/test/auto/arrayType12.xml
2 ms. Memory: 1506816K Free: 321011K (21%)
----------------- Invoking toplevel() on ptolemy.moml.MoMLSimpleApplication@659bd782
----------------- Done invoking toplevel() on ptolemy.moml.MoMLSimpleApplication@659bd782
reloadAllAccessors: .arrayType12

===========================================================================================
----------------- testing Sun Feb 10 03:30:41 UTC 2019 /home/travis/build/icyphy/ptII/ptolemy/actor/lib/test/auto/arrayType13.xml
----------------- Instantiating /home/travis/build/icyphy/ptII/ptolemy/actor/lib/test/auto/arrayType13.xml
2 ms. Memory: 1506816K Free: 299219K (20%)
----------------- Invoking toplevel() on ptolemy.moml.MoMLSimpleApplication@2ade41aa
----------------- Done invoking toplevel() on ptolemy.moml.MoMLSimpleApplication@2ade41aa
reloadAllAccessors: .arrayType13

===========================================================================================
----------------- testing Sun Feb 10 03:30:41 UTC 2019 /home/travis/build/icyphy/ptII/ptolemy/actor/lib/test/auto/arrayType14.xml
----------------- Instantiating /home/travis/build/icyphy/ptII/ptolemy/actor/lib/test/auto/arrayType14.xml
2 ms. Memory: 1506816K Free: 280501K (19%)
----------------- Invoking toplevel() on ptolemy.moml.MoMLSimpleApplication@21ec219e
----------------- Done invoking toplevel() on ptolemy.moml.MoMLSimpleApplication@21ec219e
reloadAllAccessors: .arrayType14

===========================================================================================
----------------- testing Sun Feb 10 03:30:41 UTC 2019 /home/travis/build/icyphy/ptII/ptolemy/actor/lib/test/auto/arrayType15.xml
----------------- Instantiating /home/travis/build/icyphy/ptII/ptolemy/actor/lib/test/auto/arrayType15.xml
1 ms. Memory: 1506816K Free: 258709K (17%)
----------------- Invoking toplevel() on ptolemy.moml.MoMLSimpleApplication@445a3701
----------------- Done invoking toplevel() on ptolemy.moml.MoMLSimpleApplication@445a3701
reloadAllAccessors: .arrayType15

===========================================================================================
----------------- testing Sun Feb 10 03:30:41 UTC 2019 /home/travis/build/icyphy/ptII/ptolemy/actor/lib/test/auto/arrayType16.xml
----------------- Instantiating /home/travis/build/icyphy/ptII/ptolemy/actor/lib/test/auto/arrayType16.xml
1 ms. Memory: 1506816K Free: 236916K (16%)
----------------- Invoking toplevel() on ptolemy.moml.MoMLSimpleApplication@309130b9
----------------- Done invoking toplevel() on ptolemy.moml.MoMLSimpleApplication@309130b9
reloadAllAccessors: .arrayType16

===========================================================================================
----------------- testing Sun Feb 10 03:30:41 UTC 2019 /home/travis/build/icyphy/ptII/ptolemy/actor/lib/test/auto/arrayType17.xml
----------------- Instantiating /home/travis/build/icyphy/ptII/ptolemy/actor/lib/test/auto/arrayType17.xml
1 ms. Memory: 1506816K Free: 215124K (14%)
----------------- Invoking toplevel() on ptolemy.moml.MoMLSimpleApplication@308d13ea
----------------- Done invoking toplevel() on ptolemy.moml.MoMLSimpleApplication@308d13ea
reloadAllAccessors: .arrayType17

===========================================================================================
----------------- testing Sun Feb 10 03:30:41 UTC 2019 /home/travis/build/icyphy/ptII/ptolemy/actor/lib/test/auto/arrayType18.xml
----------------- Instantiating /home/travis/build/icyphy/ptII/ptolemy/actor/lib/test/auto/arrayType18.xml
1 ms. Memory: 1506816K Free: 193333K (13%)
----------------- Invoking toplevel() on ptolemy.moml.MoMLSimpleApplication@55c6b3b8
----------------- Done invoking toplevel() on ptolemy.moml.MoMLSimpleApplication@55c6b3b8
reloadAllAccessors: .arrayType18

===========================================================================================
----------------- testing Sun Feb 10 03:30:41 UTC 2019 /home/travis/build/icyphy/ptII/ptolemy/actor/lib/test/auto/arrayType19.xml
----------------- Instantiating /home/travis/build/icyphy/ptII/ptolemy/actor/lib/test/auto/arrayType19.xml
1 ms. Memory: 1506816K Free: 174614K (12%)
----------------- Invoking toplevel() on ptolemy.moml.MoMLSimpleApplication@1ea9ad7b
----------------- Done invoking toplevel() on ptolemy.moml.MoMLSimpleApplication@1ea9ad7b
reloadAllAccessors: .arrayType19

===========================================================================================
----------------- testing Sun Feb 10 03:30:41 UTC 2019 /home/travis/build/icyphy/ptII/ptolemy/actor/lib/test/auto/arrayType2.xml
----------------- Instantiating /home/travis/build/icyphy/ptII/ptolemy/actor/lib/test/auto/arrayType2.xml
1 ms. Memory: 1506816K Free: 152822K (10%)
----------------- Invoking toplevel() on ptolemy.moml.MoMLSimpleApplication@321f5fd2
----------------- Done invoking toplevel() on ptolemy.moml.MoMLSimpleApplication@321f5fd2
reloadAllAccessors: .arrayType2

===========================================================================================
----------------- testing Sun Feb 10 03:30:41 UTC 2019 /home/travis/build/icyphy/ptII/ptolemy/actor/lib/test/auto/arrayType20.xml
----------------- Instantiating /home/travis/build/icyphy/ptII/ptolemy/actor/lib/test/auto/arrayType20.xml
1 ms. Memory: 1506816K Free: 131030K (9%)
----------------- Invoking toplevel() on ptolemy.moml.MoMLSimpleApplication@5f64cad6
----------------- Done invoking toplevel() on ptolemy.moml.MoMLSimpleApplication@5f64cad6
reloadAllAccessors: .arrayType20

===========================================================================================
----------------- testing Sun Feb 10 03:30:41 UTC 2019 /home/travis/build/icyphy/ptII/ptolemy/actor/lib/test/auto/arrayType21.xml
----------------- Instantiating /home/travis/build/icyphy/ptII/ptolemy/actor/lib/test/auto/arrayType21.xml
1 ms. Memory: 1506816K Free: 109238K (7%)
----------------- Invoking toplevel() on ptolemy.moml.MoMLSimpleApplication@47eab6fa
----------------- Done invoking toplevel() on ptolemy.moml.MoMLSimpleApplication@47eab6fa
reloadAllAccessors: .arrayType21

===========================================================================================
----------------- testing Sun Feb 10 03:30:41 UTC 2019 /home/travis/build/icyphy/ptII/ptolemy/actor/lib/test/auto/arrayType22.xml
----------------- Instantiating /home/travis/build/icyphy/ptII/ptolemy/actor/lib/test/auto/arrayType22.xml
4 ms. Memory: 1506816K Free: 87446K (6%)
----------------- Invoking toplevel() on ptolemy.moml.MoMLSimpleApplication@1659de56
----------------- Done invoking toplevel() on ptolemy.moml.MoMLSimpleApplication@1659de56
reloadAllAccessors: .arrayType22

===========================================================================================
----------------- testing Sun Feb 10 03:30:41 UTC 2019 /home/travis/build/icyphy/ptII/ptolemy/actor/lib/test/auto/arrayType23.xml
----------------- Instantiating /home/travis/build/icyphy/ptII/ptolemy/actor/lib/test/auto/arrayType23.xml
2 ms. Memory: 1506816K Free: 65654K (4%)
----------------- Invoking toplevel() on ptolemy.moml.MoMLSimpleApplication@22e60cd3
----------------- Done invoking toplevel() on ptolemy.moml.MoMLSimpleApplication@22e60cd3
reloadAllAccessors: .arrayType23

===========================================================================================
----------------- testing Sun Feb 10 03:30:41 UTC 2019 /home/travis/build/icyphy/ptII/ptolemy/actor/lib/test/auto/arrayType24.xml
----------------- Instantiating /home/travis/build/icyphy/ptII/ptolemy/actor/lib/test/auto/arrayType24.xml
9 ms. Memory: 1565184K Free: 1509165K (96%)
----------------- Invoking toplevel() on ptolemy.moml.MoMLSimpleApplication@17b05b3c
----------------- Done invoking toplevel() on ptolemy.moml.MoMLSimpleApplication@17b05b3c
reloadAllAccessors: .arrayType24

===========================================================================================
----------------- testing Sun Feb 10 03:30:41 UTC 2019 /home/travis/build/icyphy/ptII/ptolemy/actor/lib/test/auto/arrayType25.xml
----------------- Instantiating /home/travis/build/icyphy/ptII/ptolemy/actor/lib/test/auto/arrayType25.xml
2 ms. Memory: 1565184K Free: 1485239K (95%)
----------------- Invoking toplevel() on ptolemy.moml.MoMLSimpleApplication@58423dd7
----------------- Done invoking toplevel() on ptolemy.moml.MoMLSimpleApplication@58423dd7
reloadAllAccessors: .arrayType25

===========================================================================================
----------------- testing Sun Feb 10 03:30:41 UTC 2019 /home/travis/build/icyphy/ptII/ptolemy/actor/lib/test/auto/arrayType26.xml
----------------- Instantiating /home/travis/build/icyphy/ptII/ptolemy/actor/lib/test/auto/arrayType26.xml
1 ms. Memory: 1565184K Free: 1467471K (94%)
----------------- Invoking toplevel() on ptolemy.moml.MoMLSimpleApplication@1d7f1f0c
----------------- Done invoking toplevel() on ptolemy.moml.MoMLSimpleApplication@1d7f1f0c
reloadAllAccessors: .arrayType26

===========================================================================================
----------------- testing Sun Feb 10 03:30:41 UTC 2019 /home/travis/build/icyphy/ptII/ptolemy/actor/lib/test/auto/arrayType27.xml
----------------- Instantiating /home/travis/build/icyphy/ptII/ptolemy/actor/lib/test/auto/arrayType27.xml
1 ms. Memory: 1565184K Free: 1449704K (93%)
----------------- Invoking toplevel() on ptolemy.moml.MoMLSimpleApplication@3b9733b0
----------------- Done invoking toplevel() on ptolemy.moml.MoMLSimpleApplication@3b9733b0
reloadAllAccessors: .arrayType27

===========================================================================================
----------------- testing Sun Feb 10 03:30:41 UTC 2019 /home/travis/build/icyphy/ptII/ptolemy/actor/lib/test/auto/arrayType28.xml
----------------- Instantiating /home/travis/build/icyphy/ptII/ptolemy/actor/lib/test/auto/arrayType28.xml
1 ms. Memory: 1565184K Free: 1431936K (91%)
----------------- Invoking toplevel() on ptolemy.moml.MoMLSimpleApplication@39ba316b
----------------- Done invoking toplevel() on ptolemy.moml.MoMLSimpleApplication@39ba316b
reloadAllAccessors: .arrayType28

===========================================================================================
----------------- testing Sun Feb 10 03:30:41 UTC 2019 /home/travis/build/icyphy/ptII/ptolemy/actor/lib/test/auto/arrayType3.xml
----------------- Instantiating /home/travis/build/icyphy/ptII/ptolemy/actor/lib/test/auto/arrayType3.xml
1 ms. Memory: 1565184K Free: 1414169K (90%)
----------------- Invoking toplevel() on ptolemy.moml.MoMLSimpleApplication@2f13269e
----------------- Done invoking toplevel() on ptolemy.moml.MoMLSimpleApplication@2f13269e
reloadAllAccessors: .arrayType3

===========================================================================================
----------------- testing Sun Feb 10 03:30:41 UTC 2019 /home/travis/build/icyphy/ptII/ptolemy/actor/lib/test/auto/arrayType4.xml
----------------- Instantiating /home/travis/build/icyphy/ptII/ptolemy/actor/lib/test/auto/arrayType4.xml
1 ms. Memory: 1565184K Free: 1399592K (89%)
----------------- Invoking toplevel() on ptolemy.moml.MoMLSimpleApplication@16aa3692
----------------- Done invoking toplevel() on ptolemy.moml.MoMLSimpleApplication@16aa3692
reloadAllAccessors: .arrayType4

===========================================================================================
----------------- testing Sun Feb 10 03:30:41 UTC 2019 /home/travis/build/icyphy/ptII/ptolemy/actor/lib/test/auto/arrayType5.xml
----------------- Instantiating /home/travis/build/icyphy/ptII/ptolemy/actor/lib/test/auto/arrayType5.xml
1 ms. Memory: 1565184K Free: 1381824K (88%)
----------------- Invoking toplevel() on ptolemy.moml.MoMLSimpleApplication@570783b6
----------------- Done invoking toplevel() on ptolemy.moml.MoMLSimpleApplication@570783b6
reloadAllAccessors: .arrayType5

===========================================================================================
----------------- testing Sun Feb 10 03:30:41 UTC 2019 /home/travis/build/icyphy/ptII/ptolemy/actor/lib/test/auto/arrayType6.xml
----------------- Instantiating /home/travis/build/icyphy/ptII/ptolemy/actor/lib/test/auto/arrayType6.xml
1 ms. Memory: 1565184K Free: 1364057K (87%)
----------------- Invoking toplevel() on ptolemy.moml.MoMLSimpleApplication@51c167d3
----------------- Done invoking toplevel() on ptolemy.moml.MoMLSimpleApplication@51c167d3
reloadAllAccessors: .arrayType6

===========================================================================================
----------------- testing Sun Feb 10 03:30:41 UTC 2019 /home/travis/build/icyphy/ptII/ptolemy/actor/lib/test/auto/arrayType7.xml
----------------- Instantiating /home/travis/build/icyphy/ptII/ptolemy/actor/lib/test/auto/arrayType7.xml
1 ms. Memory: 1565184K Free: 1346289K (86%)
----------------- Invoking toplevel() on ptolemy.moml.MoMLSimpleApplication@515ef8c
----------------- Done invoking toplevel() on ptolemy.moml.MoMLSimpleApplication@515ef8c
reloadAllAccessors: .arrayType7

===========================================================================================
----------------- testing Sun Feb 10 03:30:41 UTC 2019 /home/travis/build/icyphy/ptII/ptolemy/actor/lib/test/auto/arrayType8.xml
----------------- Instantiating /home/travis/build/icyphy/ptII/ptolemy/actor/lib/test/auto/arrayType8.xml
1 ms. Memory: 1565184K Free: 1328522K (85%)
----------------- Invoking toplevel() on ptolemy.moml.MoMLSimpleApplication@3e370f5e
----------------- Done invoking toplevel() on ptolemy.moml.MoMLSimpleApplication@3e370f5e
reloadAllAccessors: .arrayType8

===========================================================================================
----------------- testing Sun Feb 10 03:30:41 UTC 2019 /home/travis/build/icyphy/ptII/ptolemy/actor/lib/test/auto/arrayType9.xml
----------------- Instantiating /home/travis/build/icyphy/ptII/ptolemy/actor/lib/test/auto/arrayType9.xml
1 ms. Memory: 1565184K Free: 1313945K (84%)
----------------- Invoking toplevel() on ptolemy.moml.MoMLSimpleApplication@711a312
----------------- Done invoking toplevel() on ptolemy.moml.MoMLSimpleApplication@711a312
reloadAllAccessors: .arrayType9

===========================================================================================
----------------- testing Sun Feb 10 03:30:41 UTC 2019 /home/travis/build/icyphy/ptII/ptolemy/actor/lib/test/auto/cast.xml
----------------- Instantiating /home/travis/build/icyphy/ptII/ptolemy/actor/lib/test/auto/cast.xml
1 ms. Memory: 1565184K Free: 1296178K (83%)
----------------- Invoking toplevel() on ptolemy.moml.MoMLSimpleApplication@2ee37d92
----------------- Done invoking toplevel() on ptolemy.moml.MoMLSimpleApplication@2ee37d92
reloadAllAccessors: .cast

===========================================================================================
----------------- testing Sun Feb 10 03:30:41 UTC 2019 /home/travis/build/icyphy/ptII/ptolemy/actor/lib/test/auto/compositeMultiPort.xml
----------------- Instantiating /home/travis/build/icyphy/ptII/ptolemy/actor/lib/test/auto/compositeMultiPort.xml
3 ms. Memory: 1565184K Free: 1278410K (82%)
----------------- Invoking toplevel() on ptolemy.moml.MoMLSimpleApplication@66b13926
----------------- Done invoking toplevel() on ptolemy.moml.MoMLSimpleApplication@66b13926
reloadAllAccessors: .compositeMultiPort

===========================================================================================
----------------- testing Sun Feb 10 03:30:41 UTC 2019 /home/travis/build/icyphy/ptII/ptolemy/actor/lib/test/auto/expressionCastInference.xml
----------------- Instantiating /home/travis/build/icyphy/ptII/ptolemy/actor/lib/test/auto/expressionCastInference.xml
2 ms. Memory: 1565184K Free: 1260643K (81%)
----------------- Invoking toplevel() on ptolemy.moml.MoMLSimpleApplication@535693d8
----------------- Done invoking toplevel() on ptolemy.moml.MoMLSimpleApplication@535693d8
reloadAllAccessors: .expressionCastInference

===========================================================================================
----------------- testing Sun Feb 10 03:30:41 UTC 2019 /home/travis/build/icyphy/ptII/ptolemy/actor/lib/test/auto/expressionCastInference2.xml
----------------- Instantiating /home/travis/build/icyphy/ptII/ptolemy/actor/lib/test/auto/expressionCastInference2.xml
1 ms. Memory: 1565184K Free: 1242875K (79%)
----------------- Invoking toplevel() on ptolemy.moml.MoMLSimpleApplication@45b984b7
----------------- Done invoking toplevel() on ptolemy.moml.MoMLSimpleApplication@45b984b7
reloadAllAccessors: .expressionCastInference2

===========================================================================================
----------------- testing Sun Feb 10 03:30:41 UTC 2019 /home/travis/build/icyphy/ptII/ptolemy/actor/lib/test/auto/expressionInference.xml
----------------- Instantiating /home/travis/build/icyphy/ptII/ptolemy/actor/lib/test/auto/expressionInference.xml
1 ms. Memory: 1565184K Free: 1228298K (78%)
----------------- Invoking toplevel() on ptolemy.moml.MoMLSimpleApplication@2f49c83d
----------------- Done invoking toplevel() on ptolemy.moml.MoMLSimpleApplication@2f49c83d
reloadAllAccessors: .expressionInference

===========================================================================================
----------------- testing Sun Feb 10 03:30:41 UTC 2019 /home/travis/build/icyphy/ptII/ptolemy/actor/lib/test/auto/expression_bug.xml
----------------- Instantiating /home/travis/build/icyphy/ptII/ptolemy/actor/lib/test/auto/expression_bug.xml
1 ms. Memory: 1565184K Free: 1210531K (77%)
----------------- Invoking toplevel() on ptolemy.moml.MoMLSimpleApplication@2d4821d0
----------------- Done invoking toplevel() on ptolemy.moml.MoMLSimpleApplication@2d4821d0
reloadAllAccessors: .expression_bug

===========================================================================================
----------------- testing Sun Feb 10 03:30:41 UTC 2019 /home/travis/build/icyphy/ptII/ptolemy/actor/lib/test/auto/factorial.xml
----------------- Instantiating /home/travis/build/icyphy/ptII/ptolemy/actor/lib/test/auto/factorial.xml
38 ms. Memory: 1565184K Free: 1192757K (76%)
----------------- Invoking toplevel() on ptolemy.moml.MoMLSimpleApplication@6f290918
----------------- Done invoking toplevel() on ptolemy.moml.MoMLSimpleApplication@6f290918
reloadAllAccessors: .factorial

===========================================================================================
----------------- testing Sun Feb 10 03:30:41 UTC 2019 /home/travis/build/icyphy/ptII/ptolemy/actor/lib/test/auto/filterTest1.xml
----------------- Instantiating /home/travis/build/icyphy/ptII/ptolemy/actor/lib/test/auto/filterTest1.xml
3 ms. Memory: 1565184K Free: 1174989K (75%)
----------------- Invoking toplevel() on ptolemy.moml.MoMLSimpleApplication@1ab03e62
----------------- Done invoking toplevel() on ptolemy.moml.MoMLSimpleApplication@1ab03e62
reloadAllAccessors: .filterTest1

===========================================================================================
----------------- testing Sun Feb 10 03:30:42 UTC 2019 /home/travis/build/icyphy/ptII/ptolemy/actor/lib/test/auto/funcApplyInConst.xml
----------------- Instantiating /home/travis/build/icyphy/ptII/ptolemy/actor/lib/test/auto/funcApplyInConst.xml
0 ms. Memory: 1565184K Free: 1157222K (74%)
----------------- Invoking toplevel() on ptolemy.moml.MoMLSimpleApplication@414b4306
----------------- Done invoking toplevel() on ptolemy.moml.MoMLSimpleApplication@414b4306
reloadAllAccessors: .funcApplyInConst

===========================================================================================
----------------- testing Sun Feb 10 03:30:42 UTC 2019 /home/travis/build/icyphy/ptII/ptolemy/actor/lib/test/auto/funcApplyInExpr.xml
----------------- Instantiating /home/travis/build/icyphy/ptII/ptolemy/actor/lib/test/auto/funcApplyInExpr.xml
1 ms. Memory: 1565184K Free: 1142645K (73%)
----------------- Invoking toplevel() on ptolemy.moml.MoMLSimpleApplication@2e440571
----------------- Done invoking toplevel() on ptolemy.moml.MoMLSimpleApplication@2e440571
reloadAllAccessors: .funcApplyInExpr

===========================================================================================
----------------- testing Sun Feb 10 03:30:42 UTC 2019 /home/travis/build/icyphy/ptII/ptolemy/actor/lib/test/auto/function.xml
----------------- Instantiating /home/travis/build/icyphy/ptII/ptolemy/actor/lib/test/auto/function.xml
2 ms. Memory: 1565184K Free: 1124878K (72%)
----------------- Invoking toplevel() on ptolemy.moml.MoMLSimpleApplication@2783beb2
----------------- Done invoking toplevel() on ptolemy.moml.MoMLSimpleApplication@2783beb2
reloadAllAccessors: .function

===========================================================================================
----------------- testing Sun Feb 10 03:30:42 UTC 2019 /home/travis/build/icyphy/ptII/ptolemy/actor/lib/test/auto/function2.xml
----------------- Instantiating /home/travis/build/icyphy/ptII/ptolemy/actor/lib/test/auto/function2.xml
1 ms. Memory: 1565184K Free: 1107110K (71%)
----------------- Invoking toplevel() on ptolemy.moml.MoMLSimpleApplication@7d642425
----------------- Done invoking toplevel() on ptolemy.moml.MoMLSimpleApplication@7d642425
reloadAllAccessors: .function2

===========================================================================================
----------------- testing Sun Feb 10 03:30:42 UTC 2019 /home/travis/build/icyphy/ptII/ptolemy/actor/lib/test/auto/function3.xml
----------------- Instantiating /home/travis/build/icyphy/ptII/ptolemy/actor/lib/test/auto/function3.xml
1 ms. Memory: 1565184K Free: 1089343K (70%)
----------------- Invoking toplevel() on ptolemy.moml.MoMLSimpleApplication@6b4685f8
----------------- Done invoking toplevel() on ptolemy.moml.MoMLSimpleApplication@6b4685f8
reloadAllAccessors: .function3

===========================================================================================
----------------- testing Sun Feb 10 03:30:42 UTC 2019 /home/travis/build/icyphy/ptII/ptolemy/actor/lib/test/auto/functionClosureTest1.xml
----------------- Instantiating /home/travis/build/icyphy/ptII/ptolemy/actor/lib/test/auto/functionClosureTest1.xml
2 ms. Memory: 1565184K Free: 1071575K (68%)
----------------- Invoking toplevel() on ptolemy.moml.MoMLSimpleApplication@b68e5e2
----------------- Done invoking toplevel() on ptolemy.moml.MoMLSimpleApplication@b68e5e2
reloadAllAccessors: .functionClosureTest1

===========================================================================================
----------------- testing Sun Feb 10 03:30:42 UTC 2019 /home/travis/build/icyphy/ptII/ptolemy/actor/lib/test/auto/functionClosureTest2.xml
----------------- Instantiating /home/travis/build/icyphy/ptII/ptolemy/actor/lib/test/auto/functionClosureTest2.xml
1 ms. Memory: 1565184K Free: 1053807K (67%)
----------------- Invoking toplevel() on ptolemy.moml.MoMLSimpleApplication@54d7b045
----------------- Done invoking toplevel() on ptolemy.moml.MoMLSimpleApplication@54d7b045
reloadAllAccessors: .functionClosureTest2

===========================================================================================
----------------- testing Sun Feb 10 03:30:42 UTC 2019 /home/travis/build/icyphy/ptII/ptolemy/actor/lib/test/auto/functionClosureTest3.xml
----------------- Instantiating /home/travis/build/icyphy/ptII/ptolemy/actor/lib/test/auto/functionClosureTest3.xml
2 ms. Memory: 1565184K Free: 1039231K (66%)
----------------- Invoking toplevel() on ptolemy.moml.MoMLSimpleApplication@50e0b701
----------------- Done invoking toplevel() on ptolemy.moml.MoMLSimpleApplication@50e0b701
reloadAllAccessors: .functionClosureTest3

===========================================================================================
----------------- testing Sun Feb 10 03:30:42 UTC 2019 /home/travis/build/icyphy/ptII/ptolemy/actor/lib/test/auto/functionClosureTest4.xml
----------------- Instantiating /home/travis/build/icyphy/ptII/ptolemy/actor/lib/test/auto/functionClosureTest4.xml
3 ms. Memory: 1565184K Free: 1021463K (65%)
----------------- Invoking toplevel() on ptolemy.moml.MoMLSimpleApplication@5eb71abd
----------------- Done invoking toplevel() on ptolemy.moml.MoMLSimpleApplication@5eb71abd
reloadAllAccessors: .functionClosureTest4

===========================================================================================
----------------- testing Sun Feb 10 03:30:42 UTC 2019 /home/travis/build/icyphy/ptII/ptolemy/actor/lib/test/auto/functionClosureTest5.xml
----------------- Instantiating /home/travis/build/icyphy/ptII/ptolemy/actor/lib/test/auto/functionClosureTest5.xml
5 ms. Memory: 1565184K Free: 1003695K (64%)
----------------- Invoking toplevel() on ptolemy.moml.MoMLSimpleApplication@5702a467
----------------- Done invoking toplevel() on ptolemy.moml.MoMLSimpleApplication@5702a467
reloadAllAccessors: .functionClosureTest5

===========================================================================================
----------------- testing Sun Feb 10 03:30:42 UTC 2019 /home/travis/build/icyphy/ptII/ptolemy/actor/lib/test/auto/functionClosureTest6.xml
----------------- Instantiating /home/travis/build/icyphy/ptII/ptolemy/actor/lib/test/auto/functionClosureTest6.xml
2 ms. Memory: 1565184K Free: 985928K (63%)
----------------- Invoking toplevel() on ptolemy.moml.MoMLSimpleApplication@1065fa1e
----------------- Done invoking toplevel() on ptolemy.moml.MoMLSimpleApplication@1065fa1e
reloadAllAccessors: .functionClosureTest6

===========================================================================================
----------------- testing Sun Feb 10 03:30:42 UTC 2019 /home/travis/build/icyphy/ptII/ptolemy/actor/lib/test/auto/functionsOnArcs.xml
----------------- Instantiating /home/travis/build/icyphy/ptII/ptolemy/actor/lib/test/auto/functionsOnArcs.xml
1 ms. Memory: 1565184K Free: 968160K (62%)
----------------- Invoking toplevel() on ptolemy.moml.MoMLSimpleApplication@2324c24a
----------------- Done invoking toplevel() on ptolemy.moml.MoMLSimpleApplication@2324c24a
reloadAllAccessors: .functionsOnArcs

===========================================================================================
----------------- testing Sun Feb 10 03:30:42 UTC 2019 /home/travis/build/icyphy/ptII/ptolemy/actor/lib/test/auto/functionsOnArcsHOF.xml
----------------- Instantiating /home/travis/build/icyphy/ptII/ptolemy/actor/lib/test/auto/functionsOnArcsHOF.xml
6 ms. Memory: 1565184K Free: 953583K (61%)
----------------- Invoking toplevel() on ptolemy.moml.MoMLSimpleApplication@530d659c
----------------- Done invoking toplevel() on ptolemy.moml.MoMLSimpleApplication@530d659c
reloadAllAccessors: .functionsOnArcsHOF

===========================================================================================
----------------- testing Sun Feb 10 03:30:42 UTC 2019 /home/travis/build/icyphy/ptII/ptolemy/actor/lib/test/auto/logic.xml
----------------- Instantiating /home/travis/build/icyphy/ptII/ptolemy/actor/lib/test/auto/logic.xml
2 ms. Memory: 1565184K Free: 935816K (60%)
----------------- Invoking toplevel() on ptolemy.moml.MoMLSimpleApplication@9d9ed89
----------------- Done invoking toplevel() on ptolemy.moml.MoMLSimpleApplication@9d9ed89
reloadAllAccessors: .logic

===========================================================================================
----------------- testing Sun Feb 10 03:30:42 UTC 2019 /home/travis/build/icyphy/ptII/ptolemy/actor/lib/test/auto/matrixType.xml
----------------- Instantiating /home/travis/build/icyphy/ptII/ptolemy/actor/lib/test/auto/matrixType.xml
2 ms. Memory: 1565184K Free: 918048K (59%)
----------------- Invoking toplevel() on ptolemy.moml.MoMLSimpleApplication@417656c7
----------------- Done invoking toplevel() on ptolemy.moml.MoMLSimpleApplication@417656c7
reloadAllAccessors: .matrixType

===========================================================================================
----------------- testing Sun Feb 10 03:30:42 UTC 2019 /home/travis/build/icyphy/ptII/ptolemy/actor/lib/test/auto/matrixType10.xml
----------------- Instantiating /home/travis/build/icyphy/ptII/ptolemy/actor/lib/test/auto/matrixType10.xml
2 ms. Memory: 1565184K Free: 900281K (58%)
----------------- Invoking toplevel() on ptolemy.moml.MoMLSimpleApplication@73f9b70b
----------------- Done invoking toplevel() on ptolemy.moml.MoMLSimpleApplication@73f9b70b
reloadAllAccessors: .matrixType10

===========================================================================================
----------------- testing Sun Feb 10 03:30:42 UTC 2019 /home/travis/build/icyphy/ptII/ptolemy/actor/lib/test/auto/matrixType11.xml
----------------- Instantiating /home/travis/build/icyphy/ptII/ptolemy/actor/lib/test/auto/matrixType11.xml
1 ms. Memory: 1565184K Free: 882513K (56%)
----------------- Invoking toplevel() on ptolemy.moml.MoMLSimpleApplication@6e5a3e71
----------------- Done invoking toplevel() on ptolemy.moml.MoMLSimpleApplication@6e5a3e71
reloadAllAccessors: .matrixType11

===========================================================================================
----------------- testing Sun Feb 10 03:30:42 UTC 2019 /home/travis/build/icyphy/ptII/ptolemy/actor/lib/test/auto/matrixType12.xml
----------------- Instantiating /home/travis/build/icyphy/ptII/ptolemy/actor/lib/test/auto/matrixType12.xml
1 ms. Memory: 1565184K Free: 864745K (55%)
----------------- Invoking toplevel() on ptolemy.moml.MoMLSimpleApplication@5e565c95
----------------- Done invoking toplevel() on ptolemy.moml.MoMLSimpleApplication@5e565c95
reloadAllAccessors: .matrixType12

===========================================================================================
----------------- testing Sun Feb 10 03:30:42 UTC 2019 /home/travis/build/icyphy/ptII/ptolemy/actor/lib/test/auto/matrixType13.xml
----------------- Instantiating /home/travis/build/icyphy/ptII/ptolemy/actor/lib/test/auto/matrixType13.xml
1 ms. Memory: 1565184K Free: 850169K (54%)
----------------- Invoking toplevel() on ptolemy.moml.MoMLSimpleApplication@18f45279
----------------- Done invoking toplevel() on ptolemy.moml.MoMLSimpleApplication@18f45279
reloadAllAccessors: .matrixType13

===========================================================================================
----------------- testing Sun Feb 10 03:30:42 UTC 2019 /home/travis/build/icyphy/ptII/ptolemy/actor/lib/test/auto/matrixType14.xml
----------------- Instantiating /home/travis/build/icyphy/ptII/ptolemy/actor/lib/test/auto/matrixType14.xml
1 ms. Memory: 1565184K Free: 832401K (53%)
----------------- Invoking toplevel() on ptolemy.moml.MoMLSimpleApplication@63ef87e8
----------------- Done invoking toplevel() on ptolemy.moml.MoMLSimpleApplication@63ef87e8
reloadAllAccessors: .matrixType14

===========================================================================================
----------------- testing Sun Feb 10 03:30:42 UTC 2019 /home/travis/build/icyphy/ptII/ptolemy/actor/lib/test/auto/matrixType2.xml
----------------- Instantiating /home/travis/build/icyphy/ptII/ptolemy/actor/lib/test/auto/matrixType2.xml
2 ms. Memory: 1565184K Free: 814633K (52%)
----------------- Invoking toplevel() on ptolemy.moml.MoMLSimpleApplication@f14bea7
----------------- Done invoking toplevel() on ptolemy.moml.MoMLSimpleApplication@f14bea7
reloadAllAccessors: .matrixType2

===========================================================================================
----------------- testing Sun Feb 10 03:30:42 UTC 2019 /home/travis/build/icyphy/ptII/ptolemy/actor/lib/test/auto/matrixType3.xml
----------------- Instantiating /home/travis/build/icyphy/ptII/ptolemy/actor/lib/test/auto/matrixType3.xml
3 ms. Memory: 1565184K Free: 796866K (51%)
----------------- Invoking toplevel() on ptolemy.moml.MoMLSimpleApplication@7d59acfc
----------------- Done invoking toplevel() on ptolemy.moml.MoMLSimpleApplication@7d59acfc
reloadAllAccessors: .matrixType3

===========================================================================================
----------------- testing Sun Feb 10 03:30:42 UTC 2019 /home/travis/build/icyphy/ptII/ptolemy/actor/lib/test/auto/matrixType4.xml
----------------- Instantiating /home/travis/build/icyphy/ptII/ptolemy/actor/lib/test/auto/matrixType4.xml
1 ms. Memory: 1565184K Free: 779098K (50%)
----------------- Invoking toplevel() on ptolemy.moml.MoMLSimpleApplication@5b7c7688
----------------- Done invoking toplevel() on ptolemy.moml.MoMLSimpleApplication@5b7c7688
reloadAllAccessors: .matrixType4

===========================================================================================
----------------- testing Sun Feb 10 03:30:42 UTC 2019 /home/travis/build/icyphy/ptII/ptolemy/actor/lib/test/auto/matrixType5.xml
----------------- Instantiating /home/travis/build/icyphy/ptII/ptolemy/actor/lib/test/auto/matrixType5.xml
2 ms. Memory: 1565184K Free: 764522K (49%)
----------------- Invoking toplevel() on ptolemy.moml.MoMLSimpleApplication@7d1fa5d7
----------------- Done invoking toplevel() on ptolemy.moml.MoMLSimpleApplication@7d1fa5d7
reloadAllAccessors: .matrixType5

===========================================================================================
----------------- testing Sun Feb 10 03:30:42 UTC 2019 /home/travis/build/icyphy/ptII/ptolemy/actor/lib/test/auto/matrixType6.xml
----------------- Instantiating /home/travis/build/icyphy/ptII/ptolemy/actor/lib/test/auto/matrixType6.xml
1 ms. Memory: 1565184K Free: 746754K (48%)
----------------- Invoking toplevel() on ptolemy.moml.MoMLSimpleApplication@7f41fa9d
----------------- Done invoking toplevel() on ptolemy.moml.MoMLSimpleApplication@7f41fa9d
reloadAllAccessors: .matrixType6

===========================================================================================
----------------- testing Sun Feb 10 03:30:42 UTC 2019 /home/travis/build/icyphy/ptII/ptolemy/actor/lib/test/auto/matrixType7.xml
----------------- Instantiating /home/travis/build/icyphy/ptII/ptolemy/actor/lib/test/auto/matrixType7.xml
2 ms. Memory: 1565184K Free: 728987K (47%)
----------------- Invoking toplevel() on ptolemy.moml.MoMLSimpleApplication@299f501d
----------------- Done invoking toplevel() on ptolemy.moml.MoMLSimpleApplication@299f501d
reloadAllAccessors: .matrixType7

===========================================================================================
----------------- testing Sun Feb 10 03:30:42 UTC 2019 /home/travis/build/icyphy/ptII/ptolemy/actor/lib/test/auto/matrixType8.xml
----------------- Instantiating /home/travis/build/icyphy/ptII/ptolemy/actor/lib/test/auto/matrixType8.xml
1 ms. Memory: 1565184K Free: 711219K (45%)
----------------- Invoking toplevel() on ptolemy.moml.MoMLSimpleApplication@71f0c618
----------------- Done invoking toplevel() on ptolemy.moml.MoMLSimpleApplication@71f0c618
reloadAllAccessors: .matrixType8

===========================================================================================
----------------- testing Sun Feb 10 03:30:42 UTC 2019 /home/travis/build/icyphy/ptII/ptolemy/actor/lib/test/auto/matrixType9.xml
----------------- Instantiating /home/travis/build/icyphy/ptII/ptolemy/actor/lib/test/auto/matrixType9.xml
1 ms. Memory: 1565184K Free: 693451K (44%)
----------------- Invoking toplevel() on ptolemy.moml.MoMLSimpleApplication@743ae91d
----------------- Done invoking toplevel() on ptolemy.moml.MoMLSimpleApplication@743ae91d
reloadAllAccessors: .matrixType9

===========================================================================================
----------------- testing Sun Feb 10 03:30:42 UTC 2019 /home/travis/build/icyphy/ptII/ptolemy/actor/lib/test/auto/paraFunctest.xml
----------------- Instantiating /home/travis/build/icyphy/ptII/ptolemy/actor/lib/test/auto/paraFunctest.xml
2 ms. Memory: 1565184K Free: 675684K (43%)
----------------- Invoking toplevel() on ptolemy.moml.MoMLSimpleApplication@11ef9090
----------------- Done invoking toplevel() on ptolemy.moml.MoMLSimpleApplication@11ef9090
reloadAllAccessors: .paraFunctest

===========================================================================================
----------------- testing Sun Feb 10 03:30:42 UTC 2019 /home/travis/build/icyphy/ptII/ptolemy/actor/lib/test/auto/paraFunctest2.xml
----------------- Instantiating /home/travis/build/icyphy/ptII/ptolemy/actor/lib/test/auto/paraFunctest2.xml
2 ms. Memory: 1565184K Free: 661107K (42%)
----------------- Invoking toplevel() on ptolemy.moml.MoMLSimpleApplication@26b371f1
----------------- Done invoking toplevel() on ptolemy.moml.MoMLSimpleApplication@26b371f1
reloadAllAccessors: .paraFunctest2

===========================================================================================
----------------- testing Sun Feb 10 03:30:42 UTC 2019 /home/travis/build/icyphy/ptII/ptolemy/actor/lib/test/auto/parameterPassing.xml
----------------- Instantiating /home/travis/build/icyphy/ptII/ptolemy/actor/lib/test/auto/parameterPassing.xml
1 ms. Memory: 1565184K Free: 643339K (41%)
----------------- Invoking toplevel() on ptolemy.moml.MoMLSimpleApplication@19cea446
----------------- Done invoking toplevel() on ptolemy.moml.MoMLSimpleApplication@19cea446
reloadAllAccessors: .parameterPassing

===========================================================================================
----------------- testing Sun Feb 10 03:30:42 UTC 2019 /home/travis/build/icyphy/ptII/ptolemy/actor/lib/test/auto/record.xml
----------------- Instantiating /home/travis/build/icyphy/ptII/ptolemy/actor/lib/test/auto/record.xml
2 ms. Memory: 1565184K Free: 625572K (40%)
----------------- Invoking toplevel() on ptolemy.moml.MoMLSimpleApplication@7d01522d
----------------- Done invoking toplevel() on ptolemy.moml.MoMLSimpleApplication@7d01522d
reloadAllAccessors: .record

===========================================================================================
----------------- testing Sun Feb 10 03:30:42 UTC 2019 /home/travis/build/icyphy/ptII/ptolemy/actor/lib/test/auto/sizedarray1.xml
----------------- Instantiating /home/travis/build/icyphy/ptII/ptolemy/actor/lib/test/auto/sizedarray1.xml
1 ms. Memory: 1565184K Free: 607804K (39%)
----------------- Invoking toplevel() on ptolemy.moml.MoMLSimpleApplication@5734ec44
----------------- Done invoking toplevel() on ptolemy.moml.MoMLSimpleApplication@5734ec44
reloadAllAccessors: .sizedarray1

===========================================================================================
----------------- testing Sun Feb 10 03:30:42 UTC 2019 /home/travis/build/icyphy/ptII/ptolemy/actor/lib/test/auto/sizedarray2.xml
----------------- Instantiating /home/travis/build/icyphy/ptII/ptolemy/actor/lib/test/auto/sizedarray2.xml
2 ms. Memory: 1565184K Free: 590037K (38%)
----------------- Invoking toplevel() on ptolemy.moml.MoMLSimpleApplication@11e3f954
----------------- Done invoking toplevel() on ptolemy.moml.MoMLSimpleApplication@11e3f954
reloadAllAccessors: .sizedarray2

===========================================================================================
----------------- testing Sun Feb 10 03:30:42 UTC 2019 /home/travis/build/icyphy/ptII/ptolemy/actor/lib/test/auto/twoPublishers.xml
----------------- Instantiating /home/travis/build/icyphy/ptII/ptolemy/actor/lib/test/auto/twoPublishers.xml
4 ms. Memory: 1565184K Free: 564981K (36%)
----------------- Invoking toplevel() on ptolemy.moml.MoMLSimpleApplication@6471fd84
----------------- Done invoking toplevel() on ptolemy.moml.MoMLSimpleApplication@6471fd84
reloadAllAccessors: .twoPublishers
AutoTests.java: About to close Vertx.
AutoTests.java: Vertx closed.
]]></system-out>
  <system-err><![CDATA[java.lang.RuntimeException: Execution failed
	at ptolemy.moml.MoMLSimpleApplication$UnloadThread.run(MoMLSimpleApplication.java:402)
Caused by: java.lang.RuntimeException: StringUtilities.exit() was called. Normally, we would exit here because Manager.exitAfterWrapup() was called.  However, because the ptolemy.ptII.exitAfterWrapup property is set, we throw this exception instead.
	at ptolemy.util.StringUtilities.exit(StringUtilities.java:363)
	at ptolemy.actor.Manager.wrapup(Manager.java:1531)
	at ptolemy.actor.Manager.execute(Manager.java:407)
	at ptolemy.actor.Manager.run(Manager.java:1263)
	at ptolemy.actor.Manager$PtolemyRunThread.run(Manager.java:1915)
Warning: '.top.test' is in training mode, set the trainingMode parameter to false before checking in
Warning: '.top.test' is in training mode, set the trainingMode parameter to false before checking in
Warning: '.top.test' is in training mode, set the trainingMode parameter to false before checking in
Warning: '.BooleanSwitch_RegressionTest_WrongTrainingValues.Test' is in training mode, set the trainingMode parameter to false before checking in
Warning: '.BooleanSwitch_RegressionTest_WrongTrainingValues.Test2' is in training mode, set the trainingMode parameter to false before checking in
Warning: '.BooleanSwitch_RegressionTest_WrongTrainingValues.Test2' The test produced 0 tokens.
Warning: '.top.testExceptionHandler' is in training mode, set the trainingMode parameter to false before checking in
java.lang.RuntimeException: Execution failed
	at ptolemy.moml.MoMLSimpleApplication$UnloadThread.run(MoMLSimpleApplication.java:402)
Caused by: ptolemy.kernel.util.IllegalActionException: PublisherPorts cannot be used at the top level, use a Publisher actor instead.
  in .PublisherPortToplevelSubscriber.PublisherPort
	at ptolemy.actor.PublisherPort.preinitialize(PublisherPort.java:403)
	at ptolemy.actor.CompositeActor.preinitialize(CompositeActor.java:1769)
	at ptolemy.actor.Manager.preinitializeAndResolveTypes(Manager.java:1040)
	at ptolemy.actor.Manager.initialize(Manager.java:710)
	at ptolemy.actor.Manager.execute(Manager.java:356)
	at ptolemy.actor.Manager.run(Manager.java:1263)
	at ptolemy.actor.Manager$PtolemyRunThread.run(Manager.java:1915)
java.lang.reflect.InvocationTargetException
	at sun.reflect.NativeConstructorAccessorImpl.newInstance0(Native Method)
	at sun.reflect.NativeConstructorAccessorImpl.newInstance(NativeConstructorAccessorImpl.java:62)
	at sun.reflect.DelegatingConstructorAccessorImpl.newInstance(DelegatingConstructorAccessorImpl.java:45)
	at java.lang.reflect.Constructor.newInstance(Constructor.java:423)
	at ptolemy.util.test.junit.AutoKnownFailedTests.RunModel(AutoKnownFailedTests.java:105)
	at sun.reflect.NativeMethodAccessorImpl.invoke0(Native Method)
	at sun.reflect.NativeMethodAccessorImpl.invoke(NativeMethodAccessorImpl.java:62)
	at sun.reflect.DelegatingMethodAccessorImpl.invoke(DelegatingMethodAccessorImpl.java:43)
	at java.lang.reflect.Method.invoke(Method.java:498)
	at org.junit.runners.model.FrameworkMethod$1.runReflectiveCall(FrameworkMethod.java:44)
	at org.junit.internal.runners.model.ReflectiveCallable.run(ReflectiveCallable.java:15)
	at org.junit.runners.model.FrameworkMethod.invokeExplosively(FrameworkMethod.java:41)
	at junitparams.internal.InvokeParameterisedMethod.evaluate(InvokeParameterisedMethod.java:102)
	at org.junit.internal.runners.statements.FailOnTimeout$1.run(FailOnTimeout.java:28)
Caused by: ptolemy.kernel.util.IllegalActionException: PublisherPorts cannot be used at the top level, use a Publisher actor instead.
  in .PublisherPortToplevelSubscriber.PublisherPort
	at ptolemy.actor.PublisherPort.preinitialize(PublisherPort.java:403)
	at ptolemy.actor.CompositeActor.preinitialize(CompositeActor.java:1769)
	at ptolemy.actor.Manager.preinitializeAndResolveTypes(Manager.java:1040)
	at ptolemy.actor.Manager.initialize(Manager.java:710)
	at ptolemy.actor.Manager.execute(Manager.java:356)
	at ptolemy.actor.Manager.run(Manager.java:1263)
	at ptolemy.actor.Manager$PtolemyRunThread.run(Manager.java:1915)
java.lang.RuntimeException: Execution failed
	at ptolemy.moml.MoMLSimpleApplication$UnloadThread.run(MoMLSimpleApplication.java:402)
Caused by: ptolemy.kernel.util.IllegalActionException: SubscriberPorts cannot be used at the top level, use a Subscriber actor instead.
  in .PublisherSubscriberPortToplevel.SubscriberPort
	at ptolemy.actor.SubscriberPort.preinitialize(SubscriberPort.java:328)
	at ptolemy.actor.CompositeActor.preinitialize(CompositeActor.java:1769)
	at ptolemy.actor.Manager.preinitializeAndResolveTypes(Manager.java:1040)
	at ptolemy.actor.Manager.initialize(Manager.java:710)
	at ptolemy.actor.Manager.execute(Manager.java:356)
	at ptolemy.actor.Manager.run(Manager.java:1263)
	at ptolemy.actor.Manager$PtolemyRunThread.run(Manager.java:1915)
java.lang.reflect.InvocationTargetException
	at sun.reflect.NativeConstructorAccessorImpl.newInstance0(Native Method)
	at sun.reflect.NativeConstructorAccessorImpl.newInstance(NativeConstructorAccessorImpl.java:62)
	at sun.reflect.DelegatingConstructorAccessorImpl.newInstance(DelegatingConstructorAccessorImpl.java:45)
	at java.lang.reflect.Constructor.newInstance(Constructor.java:423)
	at ptolemy.util.test.junit.AutoKnownFailedTests.RunModel(AutoKnownFailedTests.java:105)
	at sun.reflect.NativeMethodAccessorImpl.invoke0(Native Method)
	at sun.reflect.NativeMethodAccessorImpl.invoke(NativeMethodAccessorImpl.java:62)
	at sun.reflect.DelegatingMethodAccessorImpl.invoke(DelegatingMethodAccessorImpl.java:43)
	at java.lang.reflect.Method.invoke(Method.java:498)
	at org.junit.runners.model.FrameworkMethod$1.runReflectiveCall(FrameworkMethod.java:44)
	at org.junit.internal.runners.model.ReflectiveCallable.run(ReflectiveCallable.java:15)
	at org.junit.runners.model.FrameworkMethod.invokeExplosively(FrameworkMethod.java:41)
	at junitparams.internal.InvokeParameterisedMethod.evaluate(InvokeParameterisedMethod.java:102)
	at org.junit.internal.runners.statements.FailOnTimeout$1.run(FailOnTimeout.java:28)
Caused by: ptolemy.kernel.util.IllegalActionException: SubscriberPorts cannot be used at the top level, use a Subscriber actor instead.
  in .PublisherSubscriberPortToplevel.SubscriberPort
	at ptolemy.actor.SubscriberPort.preinitialize(SubscriberPort.java:328)
	at ptolemy.actor.CompositeActor.preinitialize(CompositeActor.java:1769)
	at ptolemy.actor.Manager.preinitializeAndResolveTypes(Manager.java:1040)
	at ptolemy.actor.Manager.initialize(Manager.java:710)
	at ptolemy.actor.Manager.execute(Manager.java:356)
	at ptolemy.actor.Manager.run(Manager.java:1263)
	at ptolemy.actor.Manager$PtolemyRunThread.run(Manager.java:1915)
java.lang.RuntimeException: Execution failed
	at ptolemy.moml.MoMLSimpleApplication$UnloadThread.run(MoMLSimpleApplication.java:402)
Caused by: ptolemy.kernel.util.IllegalActionException: SubscriptionAggregatorPorts cannot be used at the top level, use a SubscriptionAggregator actor instead.
  in .PublisherSubscriptionAggregatorPort.SubscriptionAggregatorPort
	at ptolemy.actor.SubscriptionAggregatorPort.preinitialize(SubscriptionAggregatorPort.java:353)
	at ptolemy.actor.CompositeActor.preinitialize(CompositeActor.java:1769)
	at ptolemy.actor.Manager.preinitializeAndResolveTypes(Manager.java:1040)
	at ptolemy.actor.Manager.initialize(Manager.java:710)
	at ptolemy.actor.Manager.execute(Manager.java:356)
	at ptolemy.actor.Manager.run(Manager.java:1263)
	at ptolemy.actor.Manager$PtolemyRunThread.run(Manager.java:1915)
java.lang.reflect.InvocationTargetException
	at sun.reflect.NativeConstructorAccessorImpl.newInstance0(Native Method)
	at sun.reflect.NativeConstructorAccessorImpl.newInstance(NativeConstructorAccessorImpl.java:62)
	at sun.reflect.DelegatingConstructorAccessorImpl.newInstance(DelegatingConstructorAccessorImpl.java:45)
	at java.lang.reflect.Constructor.newInstance(Constructor.java:423)
	at ptolemy.util.test.junit.AutoKnownFailedTests.RunModel(AutoKnownFailedTests.java:105)
	at sun.reflect.NativeMethodAccessorImpl.invoke0(Native Method)
	at sun.reflect.NativeMethodAccessorImpl.invoke(NativeMethodAccessorImpl.java:62)
	at sun.reflect.DelegatingMethodAccessorImpl.invoke(DelegatingMethodAccessorImpl.java:43)
	at java.lang.reflect.Method.invoke(Method.java:498)
	at org.junit.runners.model.FrameworkMethod$1.runReflectiveCall(FrameworkMethod.java:44)
	at org.junit.internal.runners.model.ReflectiveCallable.run(ReflectiveCallable.java:15)
	at org.junit.runners.model.FrameworkMethod.invokeExplosively(FrameworkMethod.java:41)
	at junitparams.internal.InvokeParameterisedMethod.evaluate(InvokeParameterisedMethod.java:102)
	at org.junit.internal.runners.statements.FailOnTimeout$1.run(FailOnTimeout.java:28)
Caused by: ptolemy.kernel.util.IllegalActionException: SubscriptionAggregatorPorts cannot be used at the top level, use a SubscriptionAggregator actor instead.
  in .PublisherSubscriptionAggregatorPort.SubscriptionAggregatorPort
	at ptolemy.actor.SubscriptionAggregatorPort.preinitialize(SubscriptionAggregatorPort.java:353)
	at ptolemy.actor.CompositeActor.preinitialize(CompositeActor.java:1769)
	at ptolemy.actor.Manager.preinitializeAndResolveTypes(Manager.java:1040)
	at ptolemy.actor.Manager.initialize(Manager.java:710)
	at ptolemy.actor.Manager.execute(Manager.java:356)
	at ptolemy.actor.Manager.run(Manager.java:1263)
	at ptolemy.actor.Manager$PtolemyRunThread.run(Manager.java:1915)
java.lang.RuntimeException: Execution failed
	at ptolemy.moml.MoMLSimpleApplication$UnloadThread.run(MoMLSimpleApplication.java:402)
Caused by: ptolemy.kernel.util.IllegalActionException: TypeTest actor has no training data.
  in .sizedarray3.TypeTest
	at ptolemy.actor.lib.TypeTest.initialize(TypeTest.java:250)
	at ptolemy.actor.Director.initialize(Director.java:938)
	at ptolemy.actor.Director.initialize(Director.java:907)
	at ptolemy.actor.sched.StaticSchedulingDirector.initialize(StaticSchedulingDirector.java:159)
	at ptolemy.domains.sdf.kernel.SDFDirector.initialize(SDFDirector.java:544)
	at ptolemy.actor.CompositeActor.initialize(CompositeActor.java:935)
	at ptolemy.actor.Manager.initialize(Manager.java:724)
	at ptolemy.actor.Manager.execute(Manager.java:356)
	at ptolemy.actor.Manager.run(Manager.java:1263)
	at ptolemy.actor.Manager$PtolemyRunThread.run(Manager.java:1915)
java.lang.reflect.InvocationTargetException
	at sun.reflect.NativeConstructorAccessorImpl.newInstance0(Native Method)
	at sun.reflect.NativeConstructorAccessorImpl.newInstance(NativeConstructorAccessorImpl.java:62)
	at sun.reflect.DelegatingConstructorAccessorImpl.newInstance(DelegatingConstructorAccessorImpl.java:45)
	at java.lang.reflect.Constructor.newInstance(Constructor.java:423)
	at ptolemy.util.test.junit.AutoKnownFailedTests.RunModel(AutoKnownFailedTests.java:105)
	at sun.reflect.NativeMethodAccessorImpl.invoke0(Native Method)
	at sun.reflect.NativeMethodAccessorImpl.invoke(NativeMethodAccessorImpl.java:62)
	at sun.reflect.DelegatingMethodAccessorImpl.invoke(DelegatingMethodAccessorImpl.java:43)
	at java.lang.reflect.Method.invoke(Method.java:498)
	at org.junit.runners.model.FrameworkMethod$1.runReflectiveCall(FrameworkMethod.java:44)
	at org.junit.internal.runners.model.ReflectiveCallable.run(ReflectiveCallable.java:15)
	at org.junit.runners.model.FrameworkMethod.invokeExplosively(FrameworkMethod.java:41)
	at junitparams.internal.InvokeParameterisedMethod.evaluate(InvokeParameterisedMethod.java:102)
	at org.junit.internal.runners.statements.FailOnTimeout$1.run(FailOnTimeout.java:28)
Caused by: ptolemy.kernel.util.IllegalActionException: TypeTest actor has no training data.
  in .sizedarray3.TypeTest
	at ptolemy.actor.lib.TypeTest.initialize(TypeTest.java:250)
	at ptolemy.actor.Director.initialize(Director.java:938)
	at ptolemy.actor.Director.initialize(Director.java:907)
	at ptolemy.actor.sched.StaticSchedulingDirector.initialize(StaticSchedulingDirector.java:159)
	at ptolemy.domains.sdf.kernel.SDFDirector.initialize(SDFDirector.java:544)
	at ptolemy.actor.CompositeActor.initialize(CompositeActor.java:935)
	at ptolemy.actor.Manager.initialize(Manager.java:724)
	at ptolemy.actor.Manager.execute(Manager.java:356)
	at ptolemy.actor.Manager.run(Manager.java:1263)
	at ptolemy.actor.Manager$PtolemyRunThread.run(Manager.java:1915)
]]></system-err>
</testsuite>
