<?xml version="1.0" encoding="UTF-8" ?>
<testsuite errors="0" failures="0" hostname="travis-job-0765c732-3139-45be-81c8-17ceda7b2f76" name="ptolemy.actor.lib.test.junit.JUnitTclTest" skipped="0" tests="517" time="60.529" timestamp="2018-10-30T02:33:15">
  <properties>
    <property name="npm.executable" value="npm" />
    <property name="file.encoding.pkg" value="sun.io" />
    <property name="env.TRAVIS_ROOT" value="/" />
    <property name="ptII.mk.exists" value="true" />
    <property name="env.TRAVIS_APP_HOST" value="build.travis-ci.org" />
    <property name="env.rvm_bin_path" value="/home/travis/.rvm/bin" />
    <property name="java.home" value="/usr/lib/jvm/java-8-oracle/jre" />
    <property name="env.TRAVIS_JOB_NUMBER" value="801.8" />
    <property name="env.TRAVIS_HOME" value="/home/travis" />
    <property name="env.DISPLAY" value=":99.0" />
    <property name="java.net.preferIPv4Stack" value="true" />
    <property name="env.TRAVIS_INIT" value="upstart" />
    <property name="env.SSH_TTY" value="/dev/pts/0" />
    <property name="env.RUN_TESTS" value="false" />
    <property name="timeout.short" value="1000000" />
    <property name="env.TRAVIS_STACK_NODE_ATTRIBUTES" value="/.node-attributes.yml" />
    <property name="junit.formatter" value="xml" />
    <property name="java.endorsed.dirs" value="/usr/lib/jvm/java-8-oracle/jre/lib/endorsed" />
    <property name="env.TRAVIS_SUDO" value="true" />
    <property name="env.LOGNAME" value="travis" />
    <property name="env.PT_TRAVIS_TEST_CORE1_XML" value="true" />
    <property name="jsdoc.home" value="node_modules/@terraswarm/jsdoc" />
    <property name="debuglevel" value="source,lines,vars" />
    <property name="checkstyle.formatter" value="xml" />
    <property name="bin.vergil.makeable" value="true" />
    <property name="env._system_version" value="14.04" />
    <property name="sun.os.patch.level" value="unknown" />
    <property name="java.vendor.url" value="http://java.oracle.com/" />
    <property name="env.TRAVIS_BUILD_WEB_URL" value="https://travis-ci.org/icyphy/ptII/builds/448127081" />
    <property name="java.version" value="1.8.0_151" />
    <property name="env.TZ" value="UTC" />
    <property name="env.PT_NO_NET" value="true" />
    <property name="env.TRAVIS_PULL_REQUEST_SHA" value="" />
    <property name="env.TRAVIS_SECURE_ENV_VARS" value="true" />
    <property name="env._system_type" value="Linux" />
    <property name="java.vendor.url.bug" value="http://bugreport.sun.com/bugreport/" />
    <property name="env.SSH_CLIENT" value="10.10.4.28 41788 22" />
    <property name="npmjs-org-is-up" value="true" />
    <property name="env.GEM_HOME" value="/home/travis/.rvm/gems/ruby-2.4.1" />
    <property name="env.HAS_ANTARES_THREE_LITTLE_FRONZIES_BADGE" value="true" />
    <property name="env.PS4" value="+" />
    <property name="ant.project.invoked-targets" value="build,test.core1.xml" />
    <property name="env.TRAVIS_PULL_REQUEST_BRANCH" value="" />
    <property name="env.TRAVIS_REPO_SLUG" value="icyphy/ptII" />
    <property name="node.in.path" value="true" />
    <property name="java.maxmemory" value="1400m" />
    <property name="env.RUBY_VERSION" value="ruby-2.4.1" />
    <property name="user.name" value="travis" />
    <property name="env.LANG" value="en_US.UTF-8" />
    <property name="sun.io.unicode.encoding" value="UnicodeLittle" />
    <property name="sun.jnu.encoding" value="UTF-8" />
    <property name="java.runtime.name" value="Java(TM) SE Runtime Environment" />
    <property name="usefile" value="false" />
    <property name="return.code" value="0" />
    <property name="junit.single.formatter" value="plain" />
    <property name="env.DYLD_LIBRARY_PATH" value="/home/travis/pthla/certi-tools/lib:" />
    <property name="env.DEBIAN_FRONTEND" value="noninteractive" />
    <property name="env.SSH_CONNECTION" value="10.10.4.28 41788 10.20.0.51 22" />
    <property name="env.MYSQL_UNIX_PORT" value="/var/run/mysqld/mysqld.sock" />
    <property name="env.TRAVIS_ALLOW_FAILURE" value="false" />
    <property name="env.LC_ALL" value="en_US.UTF-8" />
    <property name="env.TRAVIS_JOB_WEB_URL" value="https://travis-ci.org/icyphy/ptII/jobs/448127089" />
    <property name="java.specification.name" value="Java Platform API Specification" />
    <property name="node.works" value="true" />
    <property name="user.timezone" value="" />
    <property name="path.separator" value=":" />
    <property name="env.TRAVIS_ENABLE_INFRA_DETECTION" value="true" />
    <property name="env.PYTHON_CFLAGS" value="-g -fstack-protector --param=ssp-buffer-size=4 -Wformat -Werror=format-security" />
    <property name="timeout.long" value="4000000" />
    <property name="env.CERTI_HOME" value="/home/travis/pthla/certi-tools" />
    <property name="file.encoding" value="UTF-8" />
    <property name="ant.file.ptII" value="/home/travis/build/icyphy/ptII/build.xml" />
    <property name="javadoc.packagenames" value="com.*,diva.*,lbnl.*,org.hlacerti.*,org.json.*,org.ptolemy.*,org.terraswarm.*,ptolemy.*,ptserver.*" />
    <property name="env.TRAVIS_PULL_REQUEST_SLUG" value="" />
    <property name="ant.project.default-target" value="build" />
    <property name="env.GIT_ASKPASS" value="echo" />
    <property name="env.HOME" value="/home/travis" />
    <property name="sun.java.command" value="org.apache.tools.ant.taskdefs.optional.junit.JUnitTestRunner ptolemy.actor.lib.test.junit.JUnitTclTest skipNonTests=false filtertrace=true haltOnError=false haltOnFailure=false formatter=org.apache.tools.ant.taskdefs.optional.junit.OutErrSummaryJUnitResultFormatter showoutput=true outputtoformatters=true logfailedtests=true threadid=0 logtestlistenerevents=false formatter=org.apache.tools.ant.taskdefs.optional.junit.XMLJUnitResultFormatter,/home/travis/build/icyphy/ptII/reports/junit/TEST-ptolemy.actor.lib.test.junit.JUnitTclTest.xml crashfile=/home/travis/build/icyphy/ptII/junitvmwatcher6054983521927457246.properties propsfile=/home/travis/build/icyphy/ptII/junit2575844794324265654.properties" />
    <property name="env.MANPATH" value="/home/travis/.nvm/versions/node/v7.10.1/share/man:/home/travis/.kiex/elixirs/elixir-1.4.5/man:/home/travis/.rvm/rubies/ruby-2.4.1/share/man:/usr/local/man:/usr/local/cmake-3.9.2/man:/usr/local/clang-5.0.0/share/man:/usr/local/share/man:/usr/share/man:/home/travis/.rvm/man" />
    <property name="env.COMPOSER_NO_INTERACTION" value="1" />
    <property name="env.JDK_SWITCHER_DEFAULT" value="oraclejdk8" />
    <property name="env.TRAVIS_TIMER_ID" value="07833d2f" />
    <property name="ant.file" value="/home/travis/build/icyphy/ptII/build.xml" />
    <property name="env.TRAVIS_COMMIT_RANGE" value="53cdf3a040f7acb4a27c6671e4b61cff19d6e7fe...266362fdd7fec1c11f86a883b758bf967cd42763" />
    <property name="env._system_name" value="Ubuntu" />
    <property name="timeout" value="2400000" />
    <property name="ptII.classpath.optional.property" value="/home/travis/build/icyphy/ptII/lib/bsh-2.0b4.jar:/home/travis/build/icyphy/ptII/lib/ptCal.jar:/home/travis/build/icyphy/ptII/lib/java_cup.jar:/home/travis/build/icyphy/ptII/lib/saxon8.jar:/home/travis/build/icyphy/ptII/lib/saxon8-dom.jar:/home/travis/build/icyphy/ptII/lib/chic.jar:/home/travis/build/icyphy/ptII/lib/ptcolt.jar:/usr/lib/jvm/java-8-oracle/lib/tools.jar:/usr/lib/eclipse/plugins/org.eclipse.jdt.core_3.8.2.dist.jar:/usr/lib/eclipse/plugins/org.eclipse.core.runtime_3.8.0.dist.jar:/usr/lib/eclipse/plugins/org.eclipse.osgi_3.8.1.dist.jar:/usr/lib/eclipse/plugins/org.eclipse.core.resources_3.8.1.dist.jar:/usr/lib/eclipse/plugins/org.eclipse.equinox.common_3.6.100.dist.jar:/usr/lib/eclipse/plugins/org.eclipse.core.jobs_3.5.200.dist.jar:/usr/lib/eclipse/plugins/org.eclipse.core.contenttype_3.4.200.dist.jar:/usr/lib/eclipse/plugins/org.eclipse.equinox.preferences_3.5.0.dist.jar:/usr/lib/eclipse/plugins/org.eclipse.text_3.5.200.dist.jar:/usr/lib/eclipse/plugins/org.eclipse.ui.workbench_3.8.1.dist.jar:/usr/lib/eclipse/plugins/org.eclipse.jface_3.8.0.dist.jar:/usr/lib/eclipse/plugins/org.eclipse.swt_3.8.2.jar:/usr/lib/eclipse/plugins/org.eclipse.jface.text_3.8.1.dist.jar:/usr/lib/eclipse/plugins/org.eclipse.ui.workbench.texteditor_3.8.0.dist.jar:/usr/lib/eclipse/plugins/org.eclipse.ui.editors_3.8.0.dist.jar:/usr/lib/eclipse/plugins/org.eclipse.core.commands_3.6.1.dist.jar:/usr/lib/eclipse/plugins/org.eclipse.equinox.registry_3.5.200.dist.jar:/usr/lib/eclipse/plugins/org.eclipse.ui.console_3.5.100.dist.jar:/usr/lib/eclipse/plugins/org.eclipse.ui.forms_3.5.200.dist.jar:/usr/lib/eclipse/plugins/org.eclipse.ui.ide_3.8.1.dist.jar:/home/travis/build/icyphy/ptII/vendors/oracle/dbxml.jar:/home/travis/build/icyphy/ptII/vendors/oracle/db.jar:/home/travis/build/icyphy/ptII/vendors/misc/itext/iText.jar:/home/travis/build/icyphy/ptII/lib/g4ltl.jar:/home/travis/build/icyphy/ptII/lib/StructuralCoder.jar:/home/travis/build/icyphy/ptII/lib/org-openide-util.jar:/home/travis/build/icyphy/ptII/lib/org-openide-util-lookup.jar:/home/travis/build/icyphy/ptII/lib/org-netbeans-api-visual.jar:/home/travis/build/icyphy/ptII/vendors/jai-1_1_2_01/lib/jai_core.jar:/home/travis/build/icyphy/ptII/vendors/jai-1_1_2_01/lib/jai_codec.jar:/home/travis/build/icyphy/ptII/lib/jcerti.jar:/home/travis/build/icyphy/ptII/lib/smack.jar:/home/travis/build/icyphy/ptII/lib/smackx.jar:/home/travis/build/icyphy/ptII/lib/jetty-all-8.1.5-v20120716.jar:/home/travis/build/icyphy/ptII/lib/javax.servlet-api-3.0.1.jar:/home/travis/build/icyphy/ptII/lib/javax.mail.jar:/home/travis/build/icyphy/ptII/vendors/JMF-2.1.1e/lib/jmf.jar:/home/travis/build/icyphy/ptII/lib/jna-4.0.0-variadic.jar:/home/travis/build/icyphy/ptII/vendors/misc/joystick/Joystick.jar:/home/travis/build/icyphy/ptII/lib/ptjacl.jar:/home/travis/build/icyphy/ptII/lib/jsoup-1.8.2.jar:/home/travis/build/icyphy/ptII/lib/junit-4.8.2.jar:/home/travis/build/icyphy/ptII/lib/JUnitParams-0.4.0.jar:/home/travis/build/icyphy/ptII/ptolemy/actor/lib/excel/jxl.jar:/home/travis/build/icyphy/ptII/lib/jython.jar:/home/travis/build/icyphy/ptII/lib/kieler.jar:/home/travis/build/icyphy/ptII/vendors/opencv/share/OpenCV/java/opencv-341.jar:/home/travis/build/icyphy/ptII/lib/oscP5.jar:/home/travis/build/icyphy/ptII/lib/nrjavaserial-3.11.0.devel.jar:/home/travis/build/icyphy/ptII/vendors/j3d/lib/j3dcore.jar:/home/travis/build/icyphy/ptII/vendors/j3d/lib/j3dutils.jar:/home/travis/build/icyphy/ptII/vendors/j3d/lib/vecmath.jar:/home/travis/build/icyphy/ptII/ptolemy/distributed/jini/jar/jini-core.jar:/home/travis/build/icyphy/ptII/ptolemy/distributed/jini/jar/jini-ext.jar:/home/travis/build/icyphy/ptII/ptolemy/distributed/jini/jar/sun-util.jar:/home/travis/build/icyphy/ptII/lib/protobuf-java-2.4.1.jar:/home/travis/build/icyphy/ptII/lib/org.eclipse.paho.client.mqttv3.jar:/home/travis/build/icyphy/ptII/ptserver/lib/hessian-4.0.7.jar:/home/travis/build/icyphy/ptII/ptserver/lib/wmqtt.jar:/home/travis/build/icyphy/ptII/lib/mapss.jar:/home/travis/build/icyphy/ptII/ptolemy/actor/ptalon/antlr/antlr.jar:/home/travis/build/icyphy/ptII/lib/JRI.jar:/home/travis/build/icyphy/ptII/lib/commons-lang-2.6.jar:/home/travis/build/icyphy/ptII/lib/commons-logging-1.1.1.jar:/home/travis/build/icyphy/ptII/lib/sootclasses.jar:/home/travis/build/icyphy/ptII/ptolemy/actor/lib/database/mysql-connector-java-5.1.6-bin.jar:/home/travis/build/icyphy/ptII/vendors/misc/sphinx4/sphinx4-data-5prealpha.jar:/home/travis/build/icyphy/ptII/vendors/misc/sphinx4/sphinx4-core-5prealpha.jar:/home/travis/build/icyphy/ptII/lib/PDFRenderer.jar:/home/travis/build/icyphy/ptII/lib/svgSalamander.jar:/home/travis/build/icyphy/ptII/lib/rsyntaxtextarea-2.6.0-SNAPSHOT.jar:/home/travis/build/icyphy/ptII/lib/hazelcast-3.8.2.jar:/home/travis/build/icyphy/ptII/lib/jackson-annotations-2.9.0.jar:/home/travis/build/icyphy/ptII/lib/jackson-core-2.9.3.jar:/home/travis/build/icyphy/ptII/lib/jackson-databind-2.9.3.jar:/home/travis/build/icyphy/ptII/lib/netty-buffer-4.1.19.Final.jar:/home/travis/build/icyphy/ptII/lib/netty-codec-4.1.19.Final.jar:/home/travis/build/icyphy/ptII/lib/netty-codec-dns-4.1.19.Final.jar:/home/travis/build/icyphy/ptII/lib/netty-codec-http-4.1.19.Final.jar:/home/travis/build/icyphy/ptII/lib/netty-codec-http2-4.1.19.Final.jar:/home/travis/build/icyphy/ptII/lib/netty-common-4.1.19.Final.jar:/home/travis/build/icyphy/ptII/lib/netty-handler-4.1.19.Final.jar:/home/travis/build/icyphy/ptII/lib/netty-resolver-4.1.19.Final.jar:/home/travis/build/icyphy/ptII/lib/netty-resolver-dns-4.1.19.Final.jar:/home/travis/build/icyphy/ptII/lib/netty-transport-4.1.19.Final.jar:/home/travis/build/icyphy/ptII/lib/vertx-codegen-3.5.1.jar:/home/travis/build/icyphy/ptII/lib/vertx-core-3.5.2-SNAPSHOT.jar:/home/travis/build/icyphy/ptII/lib/vertx-hazelcast-3.5.1.jar:/home/travis/build/icyphy/ptII/lib/vertx-lang-js-3.5.1.jar:/home/travis/build/icyphy/ptII/lib/vertx-service-proxy-3.5.1.jar:/home/travis/build/icyphy/ptII/lib/vertx-web-3.5.1.jar:/home/travis/build/icyphy/ptII/lib/slf4j-api-1.7.13.jar:/home/travis/build/icyphy/ptII/lib/slf4j-simple-1.7.13.jar:/home/travis/build/icyphy/ptII/lib/webcam-capture-0.3.12.jar:/home/travis/build/icyphy/ptII/lib/bridj-0.7.0.jar:/home/travis/build/icyphy/ptII/lib/xbjlib-1.1.0.nrjavaserial.jar" />
    <property name="test.batch" value="**/junit/*.java" />
    <property name="env._" value="/usr/bin/timeout" />
    <property name="java.io.tmpdir" value="/tmp" />
    <property name="env.TRAVIS_INTERNAL_RUBY_REGEX" value="^ruby-(2\.[0-2]\.[0-9]|1\.9\.3)" />
    <property name="user.language" value="en" />
    <property name="env.HISTCONTROL" value="ignoredups:ignorespace" />
    <property name="env.GOROOT" value="/home/travis/.gimme/versions/go1.7.4.linux.amd64" />
    <property name="line.separator" value="&#xa;" />
    <property name="target" value="1.8" />
    <property name="env.TRAVIS_BUILD_DIR" value="/home/travis/build/icyphy/ptII" />
    <property name="env.ANT_OPTS" value="-Xmx2048m" />
    <property name="ant.file.type" value="file" />
    <property name="ptolemy.ptII.batchMode" value="true" />
    <property name="env.HISTSIZE" value="1000" />
    <property name="env.MERB_ENV" value="test" />
    <property name="java.vm.info" value="mixed mode" />
    <property name="source" value="1.8" />
    <property name="java.vm.specification.name" value="Java Virtual Machine Specification" />
    <property name="env.TRAVIS_TEST_RESULT" value="0" />
    <property name="jsdoc.command" value="node_modules/@terraswarm/jsdoc/jsdoc.js" />
    <property name="npm.works" value="true" />
    <property name="cobertura.dir" value="/home/travis/build/icyphy/ptII/vendors/cobertura-2.0.3" />
    <property name="env.rvm_path" value="/home/travis/.rvm" />
    <property name="env.GEM_PATH" value="/home/travis/.rvm/gems/ruby-2.4.1:/home/travis/.rvm/gems/ruby-2.4.1@global" />
    <property name="env.LC_CTYPE" value="en_US.UTF-8" />
    <property name="java.awt.printerjob" value="sun.print.PSPrinterJob" />
    <property name="env.TRAVIS_CMD" value="$PTII/bin/ptIITravisBuild.sh $SECONDS" />
    <property name="env.TRAVIS_STACK_NAME" value="garnet" />
    <property name="env.TRAVIS_TIMER_START_TIME" value="1540866444823510694" />
    <property name="ant.version" value="Apache Ant(TM) version 1.10.1 compiled on February 2 2017" />
    <property name="ptII.reports" value="/home/travis/build/icyphy/ptII/reports" />
    <property name="env.TRAVIS_STACK_TIMESTAMP" value="2017-12-05 19:33:09 UTC" />
    <property name="ant.file.type.ptII" value="file" />
    <property name="env.RBENV_SHELL" value="bash" />
    <property name="os.name" value="Linux" />
    <property name="java.specification.vendor" value="Oracle Corporation" />
    <property name="env.rvm_version" value="1.29.3 (latest)" />
    <property name="env.TRAVIS_INFRA" value="gce" />
    <property name="env.TERM" value="xterm" />
    <property name="java.vm.name" value="Java HotSpot(TM) 64-Bit Server VM" />
    <property name="env.TRAVIS_BUILD_NUMBER" value="801" />
    <property name="env.CI" value="true" />
    <property name="java.library.path" value="/home/travis/pthla/certi-tools/lib:/usr/lib/jni:/usr/local/share/OpenCV/java/:/usr/share/OpenCV/java::/usr/java/packages/lib/amd64:/usr/lib64:/lib64:/lib:/usr/lib" />
    <property name="env.rvm_prefix" value="/home/travis" />
    <property name="env.PATH" value="/home/travis/pthla/certi-tools/share/scripts:/home/travis/.rvm/gems/ruby-2.4.1/bin:/home/travis/.rvm/gems/ruby-2.4.1@global/bin:/home/travis/.rvm/rubies/ruby-2.4.1/bin:/home/travis/.rvm/bin:/home/travis/.nvm/versions/node/v7.10.1/bin:./node_modules/.bin:/home/travis/build/icyphy/ptII/bin:/home/travis/pthla/certi-tools/bin:/home/travis/bin:/home/travis/.local/bin:/opt/pyenv/shims:/home/travis/.phpenv/shims:/home/travis/perl5/perlbrew/bin:/home/travis/.kiex/elixirs/elixir-1.4.5/bin:/home/travis/.kiex/bin:/home/travis/gopath/bin:/home/travis/.gimme/versions/go1.7.4.linux.amd64/bin:/usr/local/phantomjs/bin:/usr/local/phantomjs:/usr/local/neo4j-3.2.7/bin:/usr/local/maven-3.5.2/bin:/usr/local/cmake-3.9.2/bin:/usr/local/clang-5.0.0/bin:/usr/local/sbin:/usr/local/bin:/usr/sbin:/usr/bin:/sbin:/bin:/home/travis/.phpenv/bin:/opt/pyenv/bin:/home/travis/.yarn/bin" />
    <property name="env.TRAVIS_OS_NAME" value="linux" />
    <property name="ant.java.version" value="1.8" />
    <property name="basedir" value="/home/travis/build/icyphy/ptII" />
    <property name="java.class.version" value="52.0" />
    <property name="env.SHLVL" value="3" />
    <property name="env.LD_LIBRARY_PATH" value="/home/travis/pthla/certi-tools/lib:/usr/lib/jni:/usr/local/share/OpenCV/java/:/usr/share/OpenCV/java:" />
    <property name="env.RACK_ENV" value="test" />
    <property name="ant.home" value="/home/travis/build/icyphy/ptII/ant" />
    <property name="env.NVM_DIR" value="/home/travis/.nvm" />
    <property name="env.PERLBREW_BASHRC_VERSION" value="0.80" />
    <property name="env.CERTI_FOM_PATH" value="/home/travis/pthla/certi-tools/share/federations" />
    <property name="env.TRAVIS_BUILD_ID" value="448127081" />
    <property name="env.PYENV_ROOT" value="/opt/pyenv" />
    <property name="env.TRAVIS_UID" value="2000" />
    <property name="env.rvm_pretty_print_flag" value="auto" />
    <property name="env.NVM_BIN" value="/home/travis/.nvm/versions/node/v7.10.1/bin" />
    <property name="env.TRAVIS_COMMIT" value="266362fdd7fec1c11f86a883b758bf967cd42763" />
    <property name="env._system_arch" value="x86_64" />
    <property name="node.executable" value="node" />
    <property name="sun.boot.library.path" value="/usr/lib/jvm/java-8-oracle/jre/lib/amd64" />
    <property name="sun.management.compiler" value="HotSpot 64-Bit Tiered Compilers" />
    <property name="env.GOPATH" value="/home/travis/gopath" />
    <property name="java.awt.graphicsenv" value="sun.awt.X11GraphicsEnvironment" />
    <property name="ptolemy.ptII.dir" value="/home/travis/build/icyphy/ptII" />
    <property name="env.USER" value="travis" />
    <property name="env.HISTFILESIZE" value="2000" />
    <property name="timeout.longest" value="19000000" />
    <property name="env.TRAVIS_STACK_FEATURES" value="basic cassandra chromium couchdb disabled-ipv6 docker docker-compose elasticsearch firefox go-toolchain google-chrome jdk memcached mongodb mysql neo4j nodejs_interpreter perl_interpreter perlbrew phantomjs postgresql python_interpreter rabbitmq redis riak ruby_interpreter sqlite xserver" />
    <property name="env.TRAVIS_PULL_REQUEST" value="false" />
    <property name="env.PYENV_SHELL" value="bash" />
    <property name="ant.project.name" value="ptII" />
    <property name="java.vm.specification.version" value="1.8" />
    <property name="env.ANSI_RESET" value="\033[0m" />
    <property name="env.TRAVIS_DIST" value="trusty" />
    <property name="env.CERTI_VERSION" value="4.0.0" />
    <property name="env.NLSPATH" value="/usr/dt/lib/nls/msg/%L/%N.cat" />
    <property name="env.CERTI_HOST" value="localhost" />
    <property name="awt.toolkit" value="sun.awt.X11.XToolkit" />
    <property name="env.MY_RUBY_HOME" value="/home/travis/.rvm/rubies/ruby-2.4.1" />
    <property name="sun.cpu.isalist" value="" />
    <property name="env.TRAVIS_TMPDIR" value="/tmp/tmp.EAgG3OeYT2" />
    <property name="java.ext.dirs" value="/usr/lib/jvm/java-8-oracle/jre/lib/ext:/usr/java/packages/lib/ext" />
    <property name="os.version" value="4.4.0-101-generic" />
    <property name="user.home" value="/home/travis" />
    <property name="env.MIX_ARCHIVES" value="/home/travis/.kiex/mix/elixir-1.4.5" />
    <property name="java.vm.vendor" value="Oracle Corporation" />
    <property name="env.TRAVIS_TAG" value="nightly" />
    <property name="env.ANSI_YELLOW" value="\033[33;1m" />
    <property name="env.TRAVIS_FILTERED" value="redirect_io" />
    <property name="env.ANSI_GREEN" value="\033[32;1m" />
    <property name="javadoc.excludepackagenames" value="adm.cvs2svn.*,build.*,config.*,doc.coding.templates.*,jni.test.jni.meaningOfLife.*,jni.test.jni.testDeux.*,jni.test.jni.testTrois.*,org.terraswarm.accessor.accessors.web.node_modules.*,org.terraswarm.accessor.accessors.web.hosts.cordova.demo.*,org.terraswarm.accessor.accessors.web.hosts.cordova.plugins.*,org.terraswarm.accessor.accessors-svn.*,pt-modules.*,ptolemy.apps.agilent.*,ptolemy.apps.anytimecontrol.*,ptolemy.apps.apes.*,ptolemy.apps.charon.*,ptolemy.apps.crazyboard.*,ptolemy.apps.eclipse.*,ptolemy.apps.etherealSting.*,ptolemy.apps.fullscreen.*,ptolemy.apps.giotto.*,ptolemy.apps.ia.*,ptolemy.apps.interfaces.*,ptolemy.apps.jmf.*,ptolemy.apps.kurt.*,ptolemy.apps.kvm.*,ptolemy.apps.lego.*,ptolemy.apps.lejos.*,ptolemy.apps.midp.*,ptolemy.apps.mobileCoding.*,ptolemy.apps.pendulum.*,ptolemy.apps.rijndael.*,ptolemy.apps.robot.*,ptolemy.apps.security.*,ptolemy.apps.sobel.*,ptolemy.apps.soot.*,ptolemy.apps.throttle.*,ptolemy.apps.tini.*,ptolemy.apps.transmission.*,ptolemy.apps.vergil.*,ptolemy.apps.waba.*,ptolemy.apps.websensor.*,ptolemy.apps.webstart.*,ptolemy.apps.xsl.*,ptolemy.apps.zaurus.*,ptolemy.backtrack.eclipse.plugin.*,ptolemy.backtrack.test.*,ptolemy.codegen.c.actor.lib.oldJavaFiles.*,ptolemy.codegen.dsp.lib.*,ptolemy.codegen.kernel.newInterfaces.*,ptolemy.codegen.lib.*,ptolemy.copernicus.kernel.fragment.*,ptolemy.copernicus.shallow.cg.*,ptolemy.domains.giotto.demo.Hierarchy.Hierarchy.*,ptolemy.domains.giotto.demo.Multimode.Multimode.*,ptolemy.domains.giotto.demo.Simple.Simple.*,ptolemy.domains.gr.lib.experimental.*,ptolemy.domains.gro.*,ptolemy.domains.pdf.*,ptolemy.domains.ptinyos.demo.Surge.output.*,ptolemy.moml.test.NoPackageActor.java*,ptolemy.plot.adm.*,ptolemy.plot.servlet.*,reports.*,signed.*,src.*,target.*,vendors.*,ptolemy.cg.adapter.generic.program.procedural.c.mbed*,ptolemy.actor.lib.fmi.fmus.omc*,ptolemy.domains.openmodelica*,ptdb.kernel.bl.save.test.*,ptdb.kernel.bl.load.test.*,ptdb.kernel.bl.search.test.*,ptdb.kernel.bl.migration.test.*,ptdb.kernel.database.test.*,ptdb.test.*,ptdb.gui.test.*,org.ptolemy.scala.*,diva.util.java2d.svg.*,ptolemy.domains.ptinyos.*,ptolemy.actor.lib.fmi.fmipp.*,,org.terraswarm.accessor.accessors.web.node_modules.*,org.terraswarm.accessor.accessors-svn,ptolemy.apps.*,ptolemy.actor.ptalon.demo.ptinyos.SendAndReceiveCnt.output,ptolemy.actor.ptalon.demo.ptinyos.SenseToLeds.output,ptolemy.domains.ptinyos.demo.CntToLedsAndRfm.output,ptolemy.domains.ptinyos.demo.RfmToLeds.output,ptolemy.domains.ptinyos.demo.SendAndReceiveCnt.output,ptolemy.domains.ptinyos.demo.SenseToLeds.output,ptolemy.actor.lib.jjs.modules.udpSocket.*" />
    <property name="env.JAVA_HOME" value="/usr/lib/jvm/java-8-oracle" />
    <property name="env.PTII" value="/home/travis/build/icyphy/ptII" />
    <property name="env.XDG_SESSION_ID" value="2" />
    <property name="keystore" value="ptKeystore" />
    <property name="env.TRAVIS_COMMIT_MESSAGE" value="Fixed test of parameter.currentValue to not be fooled by zero value" />
    <property name="junit.output.dir" value="/home/travis/build/icyphy/ptII/reports/junit" />
    <property name="npm.return.code" value="0" />
    <property name="user.dir" value="/home/travis/build/icyphy/ptII/ptolemy/actor/lib/test" />
    <property name="env.TRAVIS_NODE_VERSION" value="7" />
    <property name="env.XFILESEARCHPATH" value="/usr/dt/app-defaults/%L/Dt" />
    <property name="env.MAIL" value="/var/mail/travis" />
    <property name="env.TRAVIS_EVENT_TYPE" value="cron" />
    <property name="env.PERLBREW_ROOT" value="/home/travis/perl5/perlbrew" />
    <property name="env.PWD" value="/home/travis/build/icyphy/ptII" />
    <property name="timeout.npm" value="45000" />
    <property name="env.TRAVIS_ARCH" value="amd64" />
    <property name="env.PAGER" value="cat" />
    <property name="sun.cpu.endian" value="little" />
    <property name="env.TRAVIS_BUILD_STAGE_NAME" value="Test" />
    <property name="env.PERLBREW_HOME" value="/home/travis/.perlbrew" />
    <property name="env.RAILS_ENV" value="test" />
    <property name="java.vm.version" value="25.151-b12" />
    <property name="java.class.path" value="/home/travis/.ptolemyII:/home/travis/.ptolemyII/*:/home/travis/build/icyphy/ptII:/home/travis/build/icyphy/ptII/lib/bsh-2.0b4.jar:/home/travis/build/icyphy/ptII/lib/ptCal.jar:/home/travis/build/icyphy/ptII/lib/java_cup.jar:/home/travis/build/icyphy/ptII/lib/saxon8.jar:/home/travis/build/icyphy/ptII/lib/saxon8-dom.jar:/home/travis/build/icyphy/ptII/lib/chic.jar:/home/travis/build/icyphy/ptII/lib/ptcolt.jar:/usr/lib/jvm/java-8-oracle/lib/tools.jar:/usr/lib/eclipse/plugins/org.eclipse.jdt.core_3.8.2.dist.jar:/usr/lib/eclipse/plugins/org.eclipse.core.runtime_3.8.0.dist.jar:/usr/lib/eclipse/plugins/org.eclipse.osgi_3.8.1.dist.jar:/usr/lib/eclipse/plugins/org.eclipse.core.resources_3.8.1.dist.jar:/usr/lib/eclipse/plugins/org.eclipse.equinox.common_3.6.100.dist.jar:/usr/lib/eclipse/plugins/org.eclipse.core.jobs_3.5.200.dist.jar:/usr/lib/eclipse/plugins/org.eclipse.core.contenttype_3.4.200.dist.jar:/usr/lib/eclipse/plugins/org.eclipse.equinox.preferences_3.5.0.dist.jar:/usr/lib/eclipse/plugins/org.eclipse.text_3.5.200.dist.jar:/usr/lib/eclipse/plugins/org.eclipse.ui.workbench_3.8.1.dist.jar:/usr/lib/eclipse/plugins/org.eclipse.jface_3.8.0.dist.jar:/usr/lib/eclipse/plugins/org.eclipse.swt_3.8.2.jar:/usr/lib/eclipse/plugins/org.eclipse.jface.text_3.8.1.dist.jar:/usr/lib/eclipse/plugins/org.eclipse.ui.workbench.texteditor_3.8.0.dist.jar:/usr/lib/eclipse/plugins/org.eclipse.ui.editors_3.8.0.dist.jar:/usr/lib/eclipse/plugins/org.eclipse.core.commands_3.6.1.dist.jar:/usr/lib/eclipse/plugins/org.eclipse.equinox.registry_3.5.200.dist.jar:/usr/lib/eclipse/plugins/org.eclipse.ui.console_3.5.100.dist.jar:/usr/lib/eclipse/plugins/org.eclipse.ui.forms_3.5.200.dist.jar:/usr/lib/eclipse/plugins/org.eclipse.ui.ide_3.8.1.dist.jar:/home/travis/build/icyphy/ptII/vendors/oracle/dbxml.jar:/home/travis/build/icyphy/ptII/vendors/oracle/db.jar:/home/travis/build/icyphy/ptII/vendors/misc/itext/iText.jar:/home/travis/build/icyphy/ptII/lib/g4ltl.jar:/home/travis/build/icyphy/ptII/lib/StructuralCoder.jar:/home/travis/build/icyphy/ptII/lib/org-openide-util.jar:/home/travis/build/icyphy/ptII/lib/org-openide-util-lookup.jar:/home/travis/build/icyphy/ptII/lib/org-netbeans-api-visual.jar:/home/travis/build/icyphy/ptII/vendors/jai-1_1_2_01/lib/jai_core.jar:/home/travis/build/icyphy/ptII/vendors/jai-1_1_2_01/lib/jai_codec.jar:/home/travis/build/icyphy/ptII/lib/jcerti.jar:/home/travis/build/icyphy/ptII/lib/smack.jar:/home/travis/build/icyphy/ptII/lib/smackx.jar:/home/travis/build/icyphy/ptII/lib/jetty-all-8.1.5-v20120716.jar:/home/travis/build/icyphy/ptII/lib/javax.servlet-api-3.0.1.jar:/home/travis/build/icyphy/ptII/lib/javax.mail.jar:/home/travis/build/icyphy/ptII/vendors/JMF-2.1.1e/lib/jmf.jar:/home/travis/build/icyphy/ptII/lib/jna-4.0.0-variadic.jar:/home/travis/build/icyphy/ptII/vendors/misc/joystick/Joystick.jar:/home/travis/build/icyphy/ptII/lib/ptjacl.jar:/home/travis/build/icyphy/ptII/lib/jsoup-1.8.2.jar:/home/travis/build/icyphy/ptII/lib/junit-4.8.2.jar:/home/travis/build/icyphy/ptII/lib/JUnitParams-0.4.0.jar:/home/travis/build/icyphy/ptII/ptolemy/actor/lib/excel/jxl.jar:/home/travis/build/icyphy/ptII/lib/jython.jar:/home/travis/build/icyphy/ptII/lib/kieler.jar:/home/travis/build/icyphy/ptII/vendors/opencv/share/OpenCV/java/opencv-341.jar:/home/travis/build/icyphy/ptII/lib/oscP5.jar:/home/travis/build/icyphy/ptII/lib/nrjavaserial-3.11.0.devel.jar:/home/travis/build/icyphy/ptII/vendors/j3d/lib/j3dcore.jar:/home/travis/build/icyphy/ptII/vendors/j3d/lib/j3dutils.jar:/home/travis/build/icyphy/ptII/vendors/j3d/lib/vecmath.jar:/home/travis/build/icyphy/ptII/ptolemy/distributed/jini/jar/jini-core.jar:/home/travis/build/icyphy/ptII/ptolemy/distributed/jini/jar/jini-ext.jar:/home/travis/build/icyphy/ptII/ptolemy/distributed/jini/jar/sun-util.jar:/home/travis/build/icyphy/ptII/lib/protobuf-java-2.4.1.jar:/home/travis/build/icyphy/ptII/lib/org.eclipse.paho.client.mqttv3.jar:/home/travis/build/icyphy/ptII/ptserver/lib/hessian-4.0.7.jar:/home/travis/build/icyphy/ptII/ptserver/lib/wmqtt.jar:/home/travis/build/icyphy/ptII/lib/mapss.jar:/home/travis/build/icyphy/ptII/ptolemy/actor/ptalon/antlr/antlr.jar:/home/travis/build/icyphy/ptII/lib/JRI.jar:/home/travis/build/icyphy/ptII/lib/commons-lang-2.6.jar:/home/travis/build/icyphy/ptII/lib/commons-logging-1.1.1.jar:/home/travis/build/icyphy/ptII/lib/sootclasses.jar:/home/travis/build/icyphy/ptII/ptolemy/actor/lib/database/mysql-connector-java-5.1.6-bin.jar:/home/travis/build/icyphy/ptII/vendors/misc/sphinx4/sphinx4-data-5prealpha.jar:/home/travis/build/icyphy/ptII/vendors/misc/sphinx4/sphinx4-core-5prealpha.jar:/home/travis/build/icyphy/ptII/lib/PDFRenderer.jar:/home/travis/build/icyphy/ptII/lib/svgSalamander.jar:/home/travis/build/icyphy/ptII/lib/rsyntaxtextarea-2.6.0-SNAPSHOT.jar:/home/travis/build/icyphy/ptII/lib/hazelcast-3.8.2.jar:/home/travis/build/icyphy/ptII/lib/jackson-annotations-2.9.0.jar:/home/travis/build/icyphy/ptII/lib/jackson-core-2.9.3.jar:/home/travis/build/icyphy/ptII/lib/jackson-databind-2.9.3.jar:/home/travis/build/icyphy/ptII/lib/netty-buffer-4.1.19.Final.jar:/home/travis/build/icyphy/ptII/lib/netty-codec-4.1.19.Final.jar:/home/travis/build/icyphy/ptII/lib/netty-codec-dns-4.1.19.Final.jar:/home/travis/build/icyphy/ptII/lib/netty-codec-http-4.1.19.Final.jar:/home/travis/build/icyphy/ptII/lib/netty-codec-http2-4.1.19.Final.jar:/home/travis/build/icyphy/ptII/lib/netty-common-4.1.19.Final.jar:/home/travis/build/icyphy/ptII/lib/netty-handler-4.1.19.Final.jar:/home/travis/build/icyphy/ptII/lib/netty-resolver-4.1.19.Final.jar:/home/travis/build/icyphy/ptII/lib/netty-resolver-dns-4.1.19.Final.jar:/home/travis/build/icyphy/ptII/lib/netty-transport-4.1.19.Final.jar:/home/travis/build/icyphy/ptII/lib/vertx-codegen-3.5.1.jar:/home/travis/build/icyphy/ptII/lib/vertx-core-3.5.2-SNAPSHOT.jar:/home/travis/build/icyphy/ptII/lib/vertx-hazelcast-3.5.1.jar:/home/travis/build/icyphy/ptII/lib/vertx-lang-js-3.5.1.jar:/home/travis/build/icyphy/ptII/lib/vertx-service-proxy-3.5.1.jar:/home/travis/build/icyphy/ptII/lib/vertx-web-3.5.1.jar:/home/travis/build/icyphy/ptII/lib/slf4j-api-1.7.13.jar:/home/travis/build/icyphy/ptII/lib/slf4j-simple-1.7.13.jar:/home/travis/build/icyphy/ptII/lib/webcam-capture-0.3.12.jar:/home/travis/build/icyphy/ptII/lib/bridj-0.7.0.jar:/home/travis/build/icyphy/ptII/lib/xbjlib-1.1.0.nrjavaserial.jar:/home/travis/build/icyphy/ptII/ptolemy/moml/test:/home/travis/build/icyphy/ptII/ant/lib/ant-launcher.jar:/home/travis/build/icyphy/ptII/ant/lib/ant.jar:/home/travis/build/icyphy/ptII/ant/lib/ant-junit.jar:/home/travis/build/icyphy/ptII/ant/lib/ant-junit4.jar" />
    <property name="ant.library.dir" value="/home/travis/build/icyphy/ptII/ant/lib" />
    <property name="os.arch" value="amd64" />
    <property name="env.TRAVIS_LANGUAGE" value="node_js" />
    <property name="env.CONTINUOUS_INTEGRATION" value="true" />
    <property name="env.TRAVIS_STACK_LANGUAGES" value="__garnet__ c c++ clojure cplusplus cpp default go groovy java node_js php pure_java python ruby scala" />
    <property name="test.name" value="ptolemy.actor.lib.test.junit.JUnitTclTest" />
    <property name="sun.java.launcher" value="SUN_STANDARD" />
    <property name="env.PYTHON_CONFIGURE_OPTS" value="--enable-unicode=ucs4 --with-wide-unicode --enable-shared --enable-ipv6 --enable-loadable-sqlite-extensions --with-computed-gotos" />
    <property name="ant.core.lib" value="/home/travis/build/icyphy/ptII/ant/lib/ant.jar" />
    <property name="java.vm.specification.vendor" value="Oracle Corporation" />
    <property name="env.BCVTB_HOME" value="/home/travis/build/icyphy/ptII/lbnl" />
    <property name="file.separator" value="/" />
    <property name="spotbugs.home" value="/home/travis/build/icyphy/ptII/vendors/spotbugs-3.1.1" />
    <property name="java.runtime.version" value="1.8.0_151-b12" />
    <property name="sun.boot.class.path" value="/usr/lib/jvm/java-8-oracle/jre/lib/resources.jar:/usr/lib/jvm/java-8-oracle/jre/lib/rt.jar:/usr/lib/jvm/java-8-oracle/jre/lib/sunrsasign.jar:/usr/lib/jvm/java-8-oracle/jre/lib/jsse.jar:/usr/lib/jvm/java-8-oracle/jre/lib/jce.jar:/usr/lib/jvm/java-8-oracle/jre/lib/charsets.jar:/usr/lib/jvm/java-8-oracle/jre/lib/jfr.jar:/usr/lib/jvm/java-8-oracle/jre/classes" />
    <property name="env.ANSI_CLEAR" value="\033[0K" />
    <property name="env.HAS_JOSH_K_SEAL_OF_APPROVAL" value="true" />
    <property name="env.TRAVIS_OSX_IMAGE" value="" />
    <property name="env.XDG_RUNTIME_DIR" value="/run/user/2000" />
    <property name="env.TRAVIS_BRANCH" value="master" />
    <property name="env.TRAVIS_JOB_ID" value="448127089" />
    <property name="env.CERTI_HOME_TRAVIS" value="/home/travis/pthla/certi-tools" />
    <property name="user.country" value="US" />
    <property name="env.SHELL" value="/bin/bash" />
    <property name="model" value="" />
    <property name="java.maxmemory.large" value="5000m" />
    <property name="env.CASHER_DIR" value="/home/travis/.casher" />
    <property name="env.NVM_CD_FLAGS" value="" />
    <property name="jshint.executable" value="/home/travis/node_modules/jshint/bin/jshint" />
    <property name="env.JRUBY_OPTS" value=" --client -J-XX:+TieredCompilation -J-XX:TieredStopAtLevel=1 -J-Xss2m -Xcompile.invokedynamic=false" />
    <property name="java.vendor" value="Oracle Corporation" />
    <property name="env.TRAVIS_PRE_CHEF_BOOTSTRAP_TIME" value="2017-12-05T19:32:55" />
    <property name="env.ELIXIR_VERSION" value="1.4.5" />
    <property name="env.TRAVIS_STACK_JOB_BOARD_REGISTER" value="/.job-board-register.yml" />
    <property name="env.ANSI_RED" value="\033[31;1m" />
    <property name="java.specification.version" value="1.8" />
    <property name="env.TRAVIS" value="true" />
    <property name="env.IRBRC" value="/home/travis/.rvm/rubies/ruby-2.4.1/.irbrc" />
    <property name="sun.arch.data.model" value="64" />
  </properties>
  <testcase classname="ptolemy.util.test.junit.TclTests" name="[0] /home/travis/build/icyphy/ptII/ptolemy/actor/lib/test/AbsoluteValue.tcl (RunTclFile)" time="0.442" />
  <testcase classname="ptolemy.util.test.junit.TclTests" name="[1] /home/travis/build/icyphy/ptII/ptolemy/actor/lib/test/AddSubtract.tcl (RunTclFile)" time="0.061" />
  <testcase classname="ptolemy.util.test.junit.TclTests" name="[2] /home/travis/build/icyphy/ptII/ptolemy/actor/lib/test/Average.tcl (RunTclFile)" time="0.031" />
  <testcase classname="ptolemy.util.test.junit.TclTests" name="[3] /home/travis/build/icyphy/ptII/ptolemy/actor/lib/test/Bernoulli.tcl (RunTclFile)" time="0.019" />
  <testcase classname="ptolemy.util.test.junit.TclTests" name="[4] /home/travis/build/icyphy/ptII/ptolemy/actor/lib/test/Clock.tcl (RunTclFile)" time="0.103" />
  <testcase classname="ptolemy.util.test.junit.TclTests" name="[5] /home/travis/build/icyphy/ptII/ptolemy/actor/lib/test/Commutator.tcl (RunTclFile)" time="0.086" />
  <testcase classname="ptolemy.util.test.junit.TclTests" name="[6] /home/travis/build/icyphy/ptII/ptolemy/actor/lib/test/Const.tcl (RunTclFile)" time="0.112" />
  <testcase classname="ptolemy.util.test.junit.TclTests" name="[7] /home/travis/build/icyphy/ptII/ptolemy/actor/lib/test/CurrentTime.tcl (RunTclFile)" time="0.03" />
  <testcase classname="ptolemy.util.test.junit.TclTests" name="[8] /home/travis/build/icyphy/ptII/ptolemy/actor/lib/test/DB.tcl (RunTclFile)" time="0.022" />
  <testcase classname="ptolemy.util.test.junit.TclTests" name="[9] /home/travis/build/icyphy/ptII/ptolemy/actor/lib/test/DiscreteRandomSource.tcl (RunTclFile)" time="0.046" />
  <testcase classname="ptolemy.util.test.junit.TclTests" name="[10] /home/travis/build/icyphy/ptII/ptolemy/actor/lib/test/Distributor.tcl (RunTclFile)" time="0.037" />
  <testcase classname="ptolemy.util.test.junit.TclTests" name="[11] /home/travis/build/icyphy/ptII/ptolemy/actor/lib/test/Exit.tcl (RunTclFile)" time="0.06" />
  <testcase classname="ptolemy.util.test.junit.TclTests" name="[12] /home/travis/build/icyphy/ptII/ptolemy/actor/lib/test/Expression.tcl (RunTclFile)" time="0.134" />
  <testcase classname="ptolemy.util.test.junit.TclTests" name="[13] /home/travis/build/icyphy/ptII/ptolemy/actor/lib/test/Gaussian.tcl (RunTclFile)" time="0.916" />
  <testcase classname="ptolemy.util.test.junit.TclTests" name="[14] /home/travis/build/icyphy/ptII/ptolemy/actor/lib/test/IIR.tcl (RunTclFile)" time="0.025" />
  <testcase classname="ptolemy.util.test.junit.TclTests" name="[15] /home/travis/build/icyphy/ptII/ptolemy/actor/lib/test/Interpolator.tcl (RunTclFile)" time="0.06" />
  <testcase classname="ptolemy.util.test.junit.TclTests" name="[16] /home/travis/build/icyphy/ptII/ptolemy/actor/lib/test/MathFunction.tcl (RunTclFile)" time="0.061" />
  <testcase classname="ptolemy.util.test.junit.TclTests" name="[17] /home/travis/build/icyphy/ptII/ptolemy/actor/lib/test/Maximum.tcl (RunTclFile)" time="0.043" />
  <testcase classname="ptolemy.util.test.junit.TclTests" name="[18] /home/travis/build/icyphy/ptII/ptolemy/actor/lib/test/Minimum.tcl (RunTclFile)" time="0.044" />
  <testcase classname="ptolemy.util.test.junit.TclTests" name="[19] /home/travis/build/icyphy/ptII/ptolemy/actor/lib/test/MultiplyDivide.tcl (RunTclFile)" time="0.032" />
  <testcase classname="ptolemy.util.test.junit.TclTests" name="[20] /home/travis/build/icyphy/ptII/ptolemy/actor/lib/test/OrderedMerge.tcl (RunTclFile)" time="0.115" />
  <testcase classname="ptolemy.util.test.junit.TclTests" name="[21] /home/travis/build/icyphy/ptII/ptolemy/actor/lib/test/Publisher.tcl (RunTclFile)" time="0.769" />
  <testcase classname="ptolemy.util.test.junit.TclTests" name="[22] /home/travis/build/icyphy/ptII/ptolemy/actor/lib/test/Pulse.tcl (RunTclFile)" time="0.069" />
  <testcase classname="ptolemy.util.test.junit.TclTests" name="[23] /home/travis/build/icyphy/ptII/ptolemy/actor/lib/test/Ramp.tcl (RunTclFile)" time="1.877" />
  <testcase classname="ptolemy.util.test.junit.TclTests" name="[24] /home/travis/build/icyphy/ptII/ptolemy/actor/lib/test/RampContinuous.tcl (RunTclFile)" time="0.017" />
  <testcase classname="ptolemy.util.test.junit.TclTests" name="[25] /home/travis/build/icyphy/ptII/ptolemy/actor/lib/test/RecordAssembler.tcl (RunTclFile)" time="0.014" />
  <testcase classname="ptolemy.util.test.junit.TclTests" name="[26] /home/travis/build/icyphy/ptII/ptolemy/actor/lib/test/RecordDisassembler.tcl (RunTclFile)" time="0.018" />
  <testcase classname="ptolemy.util.test.junit.TclTests" name="[27] /home/travis/build/icyphy/ptII/ptolemy/actor/lib/test/Scale.tcl (RunTclFile)" time="0.015" />
  <testcase classname="ptolemy.util.test.junit.TclTests" name="[28] /home/travis/build/icyphy/ptII/ptolemy/actor/lib/test/SequentialClock.tcl (RunTclFile)" time="0.01" />
  <testcase classname="ptolemy.util.test.junit.TclTests" name="[29] /home/travis/build/icyphy/ptII/ptolemy/actor/lib/test/SetVariable.tcl (RunTclFile)" time="0.012" />
  <testcase classname="ptolemy.util.test.junit.TclTests" name="[30] /home/travis/build/icyphy/ptII/ptolemy/actor/lib/test/Sinewave.tcl (RunTclFile)" time="0.024" />
  <testcase classname="ptolemy.util.test.junit.TclTests" name="[31] /home/travis/build/icyphy/ptII/ptolemy/actor/lib/test/SubscriptionAggregator.tcl (RunTclFile)" time="2.139" />
  <testcase classname="ptolemy.util.test.junit.TclTests" name="[32] /home/travis/build/icyphy/ptII/ptolemy/actor/lib/test/Test.tcl (RunTclFile)" time="0.1" />
  <testcase classname="ptolemy.util.test.junit.TclTests" name="[33] /home/travis/build/icyphy/ptII/ptolemy/actor/lib/test/TestExceptionHandler.tcl (RunTclFile)" time="0.01" />
  <testcase classname="ptolemy.util.test.junit.TclTests" name="[34] /home/travis/build/icyphy/ptII/ptolemy/actor/lib/test/UnionDisassembler.tcl (RunTclFile)" time="0.051" />
  <testcase classname="ptolemy.util.test.junit.TclTests" name="[35] /home/travis/build/icyphy/ptII/ptolemy/actor/lib/test/VariableClock.tcl (RunTclFile)" time="0.015" />
  <testcase classname="ptolemy.util.test.junit.AutoKnownFailedTests" name="[0] /home/travis/build/icyphy/ptII/ptolemy/actor/lib/test/auto/knownFailedTests/PublisherPortToplevelSubscriber.xml (RunModel)" time="0.02" />
  <testcase classname="ptolemy.util.test.junit.AutoKnownFailedTests" name="[1] /home/travis/build/icyphy/ptII/ptolemy/actor/lib/test/auto/knownFailedTests/PublisherSubscriberPortToplevel.xml (RunModel)" time="0.023" />
  <testcase classname="ptolemy.util.test.junit.AutoKnownFailedTests" name="[2] /home/travis/build/icyphy/ptII/ptolemy/actor/lib/test/auto/knownFailedTests/PublisherSubscriptionAggregatorPort.xml (RunModel)" time="0.016" />
  <testcase classname="ptolemy.util.test.junit.AutoKnownFailedTests" name="[3] /home/travis/build/icyphy/ptII/ptolemy/actor/lib/test/auto/knownFailedTests/sizedarray3.xml (RunModel)" time="0.016" />
  <testcase classname="ptolemy.util.test.junit.AutoNameArchTests" name="[0] ThereAreNoAutoArchTests (RunModel)" time="0.001" />
  <testcase classname="ptolemy.util.test.junit.AutoTests" name="[0] /home/travis/build/icyphy/ptII/ptolemy/actor/lib/test/auto/AbsoluteValue.xml (RunModel)" time="0.089" />
  <testcase classname="ptolemy.util.test.junit.AutoTests" name="[1] /home/travis/build/icyphy/ptII/ptolemy/actor/lib/test/auto/AbsoluteValue2.xml (RunModel)" time="0.065" />
  <testcase classname="ptolemy.util.test.junit.AutoTests" name="[2] /home/travis/build/icyphy/ptII/ptolemy/actor/lib/test/auto/Accumulator.xml (RunModel)" time="0.065" />
  <testcase classname="ptolemy.util.test.junit.AutoTests" name="[3] /home/travis/build/icyphy/ptII/ptolemy/actor/lib/test/auto/Accumulator2.xml (RunModel)" time="0.039" />
  <testcase classname="ptolemy.util.test.junit.AutoTests" name="[4] /home/travis/build/icyphy/ptII/ptolemy/actor/lib/test/auto/Accumulator3.xml (RunModel)" time="0.037" />
  <testcase classname="ptolemy.util.test.junit.AutoTests" name="[5] /home/travis/build/icyphy/ptII/ptolemy/actor/lib/test/auto/ArrayAppend.xml (RunModel)" time="0.049" />
  <testcase classname="ptolemy.util.test.junit.AutoTests" name="[6] /home/travis/build/icyphy/ptII/ptolemy/actor/lib/test/auto/ArrayAppend2.xml (RunModel)" time="0.81" />
  <testcase classname="ptolemy.util.test.junit.AutoTests" name="[7] /home/travis/build/icyphy/ptII/ptolemy/actor/lib/test/auto/ArrayAppend3.xml (RunModel)" time="0.026" />
  <testcase classname="ptolemy.util.test.junit.AutoTests" name="[8] /home/travis/build/icyphy/ptII/ptolemy/actor/lib/test/auto/ArrayAppend4.xml (RunModel)" time="0.027" />
  <testcase classname="ptolemy.util.test.junit.AutoTests" name="[9] /home/travis/build/icyphy/ptII/ptolemy/actor/lib/test/auto/ArrayAppend5.xml (RunModel)" time="0.027" />
  <testcase classname="ptolemy.util.test.junit.AutoTests" name="[10] /home/travis/build/icyphy/ptII/ptolemy/actor/lib/test/auto/ArrayAppend6.xml (RunModel)" time="0.026" />
  <testcase classname="ptolemy.util.test.junit.AutoTests" name="[11] /home/travis/build/icyphy/ptII/ptolemy/actor/lib/test/auto/ArrayAppendPerformanceTest.xml (RunModel)" time="0.034" />
  <testcase classname="ptolemy.util.test.junit.AutoTests" name="[12] /home/travis/build/icyphy/ptII/ptolemy/actor/lib/test/auto/ArrayAppendWithEmptyInput.xml (RunModel)" time="0.097" />
  <testcase classname="ptolemy.util.test.junit.AutoTests" name="[13] /home/travis/build/icyphy/ptII/ptolemy/actor/lib/test/auto/ArrayAverage.xml (RunModel)" time="0.064" />
  <testcase classname="ptolemy.util.test.junit.AutoTests" name="[14] /home/travis/build/icyphy/ptII/ptolemy/actor/lib/test/auto/ArrayContains.xml (RunModel)" time="0.036" />
  <testcase classname="ptolemy.util.test.junit.AutoTests" name="[15] /home/travis/build/icyphy/ptII/ptolemy/actor/lib/test/auto/ArrayElement.xml (RunModel)" time="0.022" />
  <testcase classname="ptolemy.util.test.junit.AutoTests" name="[16] /home/travis/build/icyphy/ptII/ptolemy/actor/lib/test/auto/ArrayElementAsMatrix.xml (RunModel)" time="0.058" />
  <testcase classname="ptolemy.util.test.junit.AutoTests" name="[17] /home/travis/build/icyphy/ptII/ptolemy/actor/lib/test/auto/ArrayElementI.xml (RunModel)" time="0.042" />
  <testcase classname="ptolemy.util.test.junit.AutoTests" name="[18] /home/travis/build/icyphy/ptII/ptolemy/actor/lib/test/auto/ArrayExtract.xml (RunModel)" time="0.042" />
  <testcase classname="ptolemy.util.test.junit.AutoTests" name="[19] /home/travis/build/icyphy/ptII/ptolemy/actor/lib/test/auto/ArrayExtract2.xml (RunModel)" time="0.022" />
  <testcase classname="ptolemy.util.test.junit.AutoTests" name="[20] /home/travis/build/icyphy/ptII/ptolemy/actor/lib/test/auto/ArrayLength.xml (RunModel)" time="0.027" />
  <testcase classname="ptolemy.util.test.junit.AutoTests" name="[21] /home/travis/build/icyphy/ptII/ptolemy/actor/lib/test/auto/ArrayLevelCrossing.xml (RunModel)" time="0.033" />
  <testcase classname="ptolemy.util.test.junit.AutoTests" name="[22] /home/travis/build/icyphy/ptII/ptolemy/actor/lib/test/auto/ArrayLevelCrossing2.xml (RunModel)" time="0.026" />
  <testcase classname="ptolemy.util.test.junit.AutoTests" name="[23] /home/travis/build/icyphy/ptII/ptolemy/actor/lib/test/auto/ArrayPeakSearch.xml (RunModel)" time="0.04" />
  <testcase classname="ptolemy.util.test.junit.AutoTests" name="[24] /home/travis/build/icyphy/ptII/ptolemy/actor/lib/test/auto/ArrayPeakSearch2.xml (RunModel)" time="0.042" />
  <testcase classname="ptolemy.util.test.junit.AutoTests" name="[25] /home/travis/build/icyphy/ptII/ptolemy/actor/lib/test/auto/ArrayPeakSearch3.xml (RunModel)" time="0.03" />
  <testcase classname="ptolemy.util.test.junit.AutoTests" name="[26] /home/travis/build/icyphy/ptII/ptolemy/actor/lib/test/auto/ArrayRemoveElement.xml (RunModel)" time="0.027" />
  <testcase classname="ptolemy.util.test.junit.AutoTests" name="[27] /home/travis/build/icyphy/ptII/ptolemy/actor/lib/test/auto/ArraySort.xml (RunModel)" time="0.045" />
  <testcase classname="ptolemy.util.test.junit.AutoTests" name="[28] /home/travis/build/icyphy/ptII/ptolemy/actor/lib/test/auto/ArraySum.xml (RunModel)" time="0.021" />
  <testcase classname="ptolemy.util.test.junit.AutoTests" name="[29] /home/travis/build/icyphy/ptII/ptolemy/actor/lib/test/auto/ArrayToElements.xml (RunModel)" time="0.025" />
  <testcase classname="ptolemy.util.test.junit.AutoTests" name="[30] /home/travis/build/icyphy/ptII/ptolemy/actor/lib/test/auto/ArrayToMatrix.xml (RunModel)" time="0.053" />
  <testcase classname="ptolemy.util.test.junit.AutoTests" name="[31] /home/travis/build/icyphy/ptII/ptolemy/actor/lib/test/auto/ArrayUpdate1.xml (RunModel)" time="0.016" />
  <testcase classname="ptolemy.util.test.junit.AutoTests" name="[32] /home/travis/build/icyphy/ptII/ptolemy/actor/lib/test/auto/ArrayUpdate2.xml (RunModel)" time="0.027" />
  <testcase classname="ptolemy.util.test.junit.AutoTests" name="[33] /home/travis/build/icyphy/ptII/ptolemy/actor/lib/test/auto/ArrayUpdate3.xml (RunModel)" time="0.027" />
  <testcase classname="ptolemy.util.test.junit.AutoTests" name="[34] /home/travis/build/icyphy/ptII/ptolemy/actor/lib/test/auto/Assert1.xml (RunModel)" time="0.022" />
  <testcase classname="ptolemy.util.test.junit.AutoTests" name="[35] /home/travis/build/icyphy/ptII/ptolemy/actor/lib/test/auto/Assert2.xml (RunModel)" time="0.015" />
  <testcase classname="ptolemy.util.test.junit.AutoTests" name="[36] /home/travis/build/icyphy/ptII/ptolemy/actor/lib/test/auto/BooleanMultiplexor.xml (RunModel)" time="0.015" />
  <testcase classname="ptolemy.util.test.junit.AutoTests" name="[37] /home/travis/build/icyphy/ptII/ptolemy/actor/lib/test/auto/BooleanMultiplexor2.xml (RunModel)" time="0.026" />
  <testcase classname="ptolemy.util.test.junit.AutoTests" name="[38] /home/travis/build/icyphy/ptII/ptolemy/actor/lib/test/auto/BooleanMultiplexor3.xml (RunModel)" time="0.018" />
  <testcase classname="ptolemy.util.test.junit.AutoTests" name="[39] /home/travis/build/icyphy/ptII/ptolemy/actor/lib/test/auto/BooleanSelect.xml (RunModel)" time="0.022" />
  <testcase classname="ptolemy.util.test.junit.AutoTests" name="[40] /home/travis/build/icyphy/ptII/ptolemy/actor/lib/test/auto/BooleanSelect2.xml (RunModel)" time="0.014" />
  <testcase classname="ptolemy.util.test.junit.AutoTests" name="[41] /home/travis/build/icyphy/ptII/ptolemy/actor/lib/test/auto/BooleanSwitch.xml (RunModel)" time="0.02" />
  <testcase classname="ptolemy.util.test.junit.AutoTests" name="[42] /home/travis/build/icyphy/ptII/ptolemy/actor/lib/test/auto/BooleanSwitch2.xml (RunModel)" time="0.017" />
  <testcase classname="ptolemy.util.test.junit.AutoTests" name="[43] /home/travis/build/icyphy/ptII/ptolemy/actor/lib/test/auto/BooleanSwitchCloningBugWithClassRelationGroup.xml (RunModel)" time="0.037" />
  <testcase classname="ptolemy.util.test.junit.AutoTests" name="[44] /home/travis/build/icyphy/ptII/ptolemy/actor/lib/test/auto/BusActors.xml (RunModel)" time="0.041" />
  <testcase classname="ptolemy.util.test.junit.AutoTests" name="[45] /home/travis/build/icyphy/ptII/ptolemy/actor/lib/test/auto/ClassWrapper.xml (RunModel)" time="0.013" />
  <testcase classname="ptolemy.util.test.junit.AutoTests" name="[46] /home/travis/build/icyphy/ptII/ptolemy/actor/lib/test/auto/Clock.xml (RunModel)" time="0.021" />
  <testcase classname="ptolemy.util.test.junit.AutoTests" name="[47] /home/travis/build/icyphy/ptII/ptolemy/actor/lib/test/auto/Clock10.xml (RunModel)" time="0.03" />
  <testcase classname="ptolemy.util.test.junit.AutoTests" name="[48] /home/travis/build/icyphy/ptII/ptolemy/actor/lib/test/auto/Clock11.xml (RunModel)" time="0.03" />
  <testcase classname="ptolemy.util.test.junit.AutoTests" name="[49] /home/travis/build/icyphy/ptII/ptolemy/actor/lib/test/auto/Clock12.xml (RunModel)" time="0.021" />
  <testcase classname="ptolemy.util.test.junit.AutoTests" name="[50] /home/travis/build/icyphy/ptII/ptolemy/actor/lib/test/auto/Clock13.xml (RunModel)" time="0.022" />
  <testcase classname="ptolemy.util.test.junit.AutoTests" name="[51] /home/travis/build/icyphy/ptII/ptolemy/actor/lib/test/auto/Clock14.xml (RunModel)" time="0.021" />
  <testcase classname="ptolemy.util.test.junit.AutoTests" name="[52] /home/travis/build/icyphy/ptII/ptolemy/actor/lib/test/auto/Clock15.xml (RunModel)" time="0.016" />
  <testcase classname="ptolemy.util.test.junit.AutoTests" name="[53] /home/travis/build/icyphy/ptII/ptolemy/actor/lib/test/auto/Clock16.xml (RunModel)" time="0.083" />
  <testcase classname="ptolemy.util.test.junit.AutoTests" name="[54] /home/travis/build/icyphy/ptII/ptolemy/actor/lib/test/auto/Clock17.xml (RunModel)" time="0.135" />
  <testcase classname="ptolemy.util.test.junit.AutoTests" name="[55] /home/travis/build/icyphy/ptII/ptolemy/actor/lib/test/auto/Clock18.xml (RunModel)" time="0.048" />
  <testcase classname="ptolemy.util.test.junit.AutoTests" name="[56] /home/travis/build/icyphy/ptII/ptolemy/actor/lib/test/auto/Clock19.xml (RunModel)" time="0.04" />
  <testcase classname="ptolemy.util.test.junit.AutoTests" name="[57] /home/travis/build/icyphy/ptII/ptolemy/actor/lib/test/auto/Clock2.xml (RunModel)" time="0.015" />
  <testcase classname="ptolemy.util.test.junit.AutoTests" name="[58] /home/travis/build/icyphy/ptII/ptolemy/actor/lib/test/auto/Clock20.xml (RunModel)" time="0.023" />
  <testcase classname="ptolemy.util.test.junit.AutoTests" name="[59] /home/travis/build/icyphy/ptII/ptolemy/actor/lib/test/auto/Clock21.xml (RunModel)" time="0.017" />
  <testcase classname="ptolemy.util.test.junit.AutoTests" name="[60] /home/travis/build/icyphy/ptII/ptolemy/actor/lib/test/auto/Clock22.xml (RunModel)" time="0.014" />
  <testcase classname="ptolemy.util.test.junit.AutoTests" name="[61] /home/travis/build/icyphy/ptII/ptolemy/actor/lib/test/auto/Clock23.xml (RunModel)" time="0.018" />
  <testcase classname="ptolemy.util.test.junit.AutoTests" name="[62] /home/travis/build/icyphy/ptII/ptolemy/actor/lib/test/auto/Clock24.xml (RunModel)" time="0.018" />
  <testcase classname="ptolemy.util.test.junit.AutoTests" name="[63] /home/travis/build/icyphy/ptII/ptolemy/actor/lib/test/auto/Clock4.xml (RunModel)" time="0.019" />
  <testcase classname="ptolemy.util.test.junit.AutoTests" name="[64] /home/travis/build/icyphy/ptII/ptolemy/actor/lib/test/auto/Clock5.xml (RunModel)" time="0.023" />
  <testcase classname="ptolemy.util.test.junit.AutoTests" name="[65] /home/travis/build/icyphy/ptII/ptolemy/actor/lib/test/auto/Clock6.xml (RunModel)" time="0.009" />
  <testcase classname="ptolemy.util.test.junit.AutoTests" name="[66] /home/travis/build/icyphy/ptII/ptolemy/actor/lib/test/auto/Clock7.xml (RunModel)" time="0.008" />
  <testcase classname="ptolemy.util.test.junit.AutoTests" name="[67] /home/travis/build/icyphy/ptII/ptolemy/actor/lib/test/auto/Clock8.xml (RunModel)" time="0.011" />
  <testcase classname="ptolemy.util.test.junit.AutoTests" name="[68] /home/travis/build/icyphy/ptII/ptolemy/actor/lib/test/auto/Clock9.xml (RunModel)" time="0.01" />
  <testcase classname="ptolemy.util.test.junit.AutoTests" name="[69] /home/travis/build/icyphy/ptII/ptolemy/actor/lib/test/auto/CommDistDiscard.xml (RunModel)" time="0.02" />
  <testcase classname="ptolemy.util.test.junit.AutoTests" name="[70] /home/travis/build/icyphy/ptII/ptolemy/actor/lib/test/auto/Commutator.xml (RunModel)" time="0.013" />
  <testcase classname="ptolemy.util.test.junit.AutoTests" name="[71] /home/travis/build/icyphy/ptII/ptolemy/actor/lib/test/auto/Commutator2.xml (RunModel)" time="0.011" />
  <testcase classname="ptolemy.util.test.junit.AutoTests" name="[72] /home/travis/build/icyphy/ptII/ptolemy/actor/lib/test/auto/Commutator3.xml (RunModel)" time="0.01" />
  <testcase classname="ptolemy.util.test.junit.AutoTests" name="[73] /home/travis/build/icyphy/ptII/ptolemy/actor/lib/test/auto/Compare.xml (RunModel)" time="0.017" />
  <testcase classname="ptolemy.util.test.junit.AutoTests" name="[74] /home/travis/build/icyphy/ptII/ptolemy/actor/lib/test/auto/CompareDE.xml (RunModel)" time="0.017" />
  <testcase classname="ptolemy.util.test.junit.AutoTests" name="[75] /home/travis/build/icyphy/ptII/ptolemy/actor/lib/test/auto/ComplexDivide.xml (RunModel)" time="0.008" />
  <testcase classname="ptolemy.util.test.junit.AutoTests" name="[76] /home/travis/build/icyphy/ptII/ptolemy/actor/lib/test/auto/ComputeHistogram.xml (RunModel)" time="0.057" />
  <testcase classname="ptolemy.util.test.junit.AutoTests" name="[77] /home/travis/build/icyphy/ptII/ptolemy/actor/lib/test/auto/ConfigurationSelect.xml (RunModel)" time="0.018" />
  <testcase classname="ptolemy.util.test.junit.AutoTests" name="[78] /home/travis/build/icyphy/ptII/ptolemy/actor/lib/test/auto/ConfigurationSelect2.xml (RunModel)" time="0.012" />
  <testcase classname="ptolemy.util.test.junit.AutoTests" name="[79] /home/travis/build/icyphy/ptII/ptolemy/actor/lib/test/auto/ConfigurationSwitch.xml (RunModel)" time="0.024" />
  <testcase classname="ptolemy.util.test.junit.AutoTests" name="[80] /home/travis/build/icyphy/ptII/ptolemy/actor/lib/test/auto/ConfigurationSwitch2.xml (RunModel)" time="0.016" />
  <testcase classname="ptolemy.util.test.junit.AutoTests" name="[81] /home/travis/build/icyphy/ptII/ptolemy/actor/lib/test/auto/ConfigurationSwitchCloningBugWithClassRelationGroup.xml (RunModel)" time="0.021" />
  <testcase classname="ptolemy.util.test.junit.AutoTests" name="[82] /home/travis/build/icyphy/ptII/ptolemy/actor/lib/test/auto/ConfigurationSwitchSelectSDF.xml (RunModel)" time="0.015" />
  <testcase classname="ptolemy.util.test.junit.AutoTests" name="[83] /home/travis/build/icyphy/ptII/ptolemy/actor/lib/test/auto/ConfigurationSwitchSelectSDF2.xml (RunModel)" time="0.021" />
  <testcase classname="ptolemy.util.test.junit.AutoTests" name="[84] /home/travis/build/icyphy/ptII/ptolemy/actor/lib/test/auto/Const.xml (RunModel)" time="0.006" />
  <testcase classname="ptolemy.util.test.junit.AutoTests" name="[85] /home/travis/build/icyphy/ptII/ptolemy/actor/lib/test/auto/Const2.xml (RunModel)" time="0.01" />
  <testcase classname="ptolemy.util.test.junit.AutoTests" name="[86] /home/travis/build/icyphy/ptII/ptolemy/actor/lib/test/auto/Const3.xml (RunModel)" time="0.006" />
  <testcase classname="ptolemy.util.test.junit.AutoTests" name="[87] /home/travis/build/icyphy/ptII/ptolemy/actor/lib/test/auto/ConstantPublisherPort1.xml (RunModel)" time="0.02" />
  <testcase classname="ptolemy.util.test.junit.AutoTests" name="[88] /home/travis/build/icyphy/ptII/ptolemy/actor/lib/test/auto/ConstantPublisherPort2.xml (RunModel)" time="0.021" />
  <testcase classname="ptolemy.util.test.junit.AutoTests" name="[89] /home/travis/build/icyphy/ptII/ptolemy/actor/lib/test/auto/ConstantPublisherPort3.xml (RunModel)" time="0.02" />
  <testcase classname="ptolemy.util.test.junit.AutoTests" name="[90] /home/travis/build/icyphy/ptII/ptolemy/actor/lib/test/auto/ConstantPublisherPort4.xml (RunModel)" time="0.016" />
  <testcase classname="ptolemy.util.test.junit.AutoTests" name="[91] /home/travis/build/icyphy/ptII/ptolemy/actor/lib/test/auto/ConstantPublisherPort5.xml (RunModel)" time="0.043" />
  <testcase classname="ptolemy.util.test.junit.AutoTests" name="[92] /home/travis/build/icyphy/ptII/ptolemy/actor/lib/test/auto/ConstantPublisherPort6.xml (RunModel)" time="0.024" />
  <testcase classname="ptolemy.util.test.junit.AutoTests" name="[93] /home/travis/build/icyphy/ptII/ptolemy/actor/lib/test/auto/ConstantPublisherPort7.xml (RunModel)" time="0.033" />
  <testcase classname="ptolemy.util.test.junit.AutoTests" name="[94] /home/travis/build/icyphy/ptII/ptolemy/actor/lib/test/auto/ConstraintMonitor1.xml (RunModel)" time="0.037" />
  <testcase classname="ptolemy.util.test.junit.AutoTests" name="[95] /home/travis/build/icyphy/ptII/ptolemy/actor/lib/test/auto/ConstraintMonitor2.xml (RunModel)" time="0.011" />
  <testcase classname="ptolemy.util.test.junit.AutoTests" name="[96] /home/travis/build/icyphy/ptII/ptolemy/actor/lib/test/auto/ConstraintMonitor3.xml (RunModel)" time="0.015" />
  <testcase classname="ptolemy.util.test.junit.AutoTests" name="[97] /home/travis/build/icyphy/ptII/ptolemy/actor/lib/test/auto/ConstraintMonitor4.xml (RunModel)" time="0.011" />
  <testcase classname="ptolemy.util.test.junit.AutoTests" name="[98] /home/travis/build/icyphy/ptII/ptolemy/actor/lib/test/auto/ConstraintMonitor5.xml (RunModel)" time="0.017" />
  <testcase classname="ptolemy.util.test.junit.AutoTests" name="[99] /home/travis/build/icyphy/ptII/ptolemy/actor/lib/test/auto/ConstraintMonitor6.xml (RunModel)" time="0.019" />
  <testcase classname="ptolemy.util.test.junit.AutoTests" name="[100] /home/travis/build/icyphy/ptII/ptolemy/actor/lib/test/auto/ConstraintMonitor7.xml (RunModel)" time="0.021" />
  <testcase classname="ptolemy.util.test.junit.AutoTests" name="[101] /home/travis/build/icyphy/ptII/ptolemy/actor/lib/test/auto/ConstraintMonitor8.xml (RunModel)" time="0.026" />
  <testcase classname="ptolemy.util.test.junit.AutoTests" name="[102] /home/travis/build/icyphy/ptII/ptolemy/actor/lib/test/auto/Counter.xml (RunModel)" time="0.014" />
  <testcase classname="ptolemy.util.test.junit.AutoTests" name="[103] /home/travis/build/icyphy/ptII/ptolemy/actor/lib/test/auto/CurrentTimeSDF.xml (RunModel)" time="0.011" />
  <testcase classname="ptolemy.util.test.junit.AutoTests" name="[104] /home/travis/build/icyphy/ptII/ptolemy/actor/lib/test/auto/DB.xml (RunModel)" time="0.015" />
  <testcase classname="ptolemy.util.test.junit.AutoTests" name="[105] /home/travis/build/icyphy/ptII/ptolemy/actor/lib/test/auto/DBDE.xml (RunModel)" time="0.015" />
  <testcase classname="ptolemy.util.test.junit.AutoTests" name="[106] /home/travis/build/icyphy/ptII/ptolemy/actor/lib/test/auto/DateConstructor.xml (RunModel)" time="0.062" />
  <testcase classname="ptolemy.util.test.junit.AutoTests" name="[107] /home/travis/build/icyphy/ptII/ptolemy/actor/lib/test/auto/DelayTime.xml (RunModel)" time="0.017" />
  <testcase classname="ptolemy.util.test.junit.AutoTests" name="[108] /home/travis/build/icyphy/ptII/ptolemy/actor/lib/test/auto/Dictionary1.xml (RunModel)" time="0.025" />
  <testcase classname="ptolemy.util.test.junit.AutoTests" name="[109] /home/travis/build/icyphy/ptII/ptolemy/actor/lib/test/auto/Dictionary2.xml (RunModel)" time="0.015" />
  <testcase classname="ptolemy.util.test.junit.AutoTests" name="[110] /home/travis/build/icyphy/ptII/ptolemy/actor/lib/test/auto/Dictionary3.xml (RunModel)" time="0.013" />
  <testcase classname="ptolemy.util.test.junit.AutoTests" name="[111] /home/travis/build/icyphy/ptII/ptolemy/actor/lib/test/auto/Dictionary4.xml (RunModel)" time="0.017" />
  <testcase classname="ptolemy.util.test.junit.AutoTests" name="[112] /home/travis/build/icyphy/ptII/ptolemy/actor/lib/test/auto/Differential.xml (RunModel)" time="0.012" />
  <testcase classname="ptolemy.util.test.junit.AutoTests" name="[113] /home/travis/build/icyphy/ptII/ptolemy/actor/lib/test/auto/Director.xml (RunModel)" time="0.01" />
  <testcase classname="ptolemy.util.test.junit.AutoTests" name="[114] /home/travis/build/icyphy/ptII/ptolemy/actor/lib/test/auto/DiscreteClock.xml (RunModel)" time="0.009" />
  <testcase classname="ptolemy.util.test.junit.AutoTests" name="[115] /home/travis/build/icyphy/ptII/ptolemy/actor/lib/test/auto/DiscreteClock10.xml (RunModel)" time="0.012" />
  <testcase classname="ptolemy.util.test.junit.AutoTests" name="[116] /home/travis/build/icyphy/ptII/ptolemy/actor/lib/test/auto/DiscreteClock11.xml (RunModel)" time="0.014" />
  <testcase classname="ptolemy.util.test.junit.AutoTests" name="[117] /home/travis/build/icyphy/ptII/ptolemy/actor/lib/test/auto/DiscreteClock12.xml (RunModel)" time="0.013" />
  <testcase classname="ptolemy.util.test.junit.AutoTests" name="[118] /home/travis/build/icyphy/ptII/ptolemy/actor/lib/test/auto/DiscreteClock13.xml (RunModel)" time="0.014" />
  <testcase classname="ptolemy.util.test.junit.AutoTests" name="[119] /home/travis/build/icyphy/ptII/ptolemy/actor/lib/test/auto/DiscreteClock14.xml (RunModel)" time="0.013" />
  <testcase classname="ptolemy.util.test.junit.AutoTests" name="[120] /home/travis/build/icyphy/ptII/ptolemy/actor/lib/test/auto/DiscreteClock15.xml (RunModel)" time="0.016" />
  <testcase classname="ptolemy.util.test.junit.AutoTests" name="[121] /home/travis/build/icyphy/ptII/ptolemy/actor/lib/test/auto/DiscreteClock16.xml (RunModel)" time="0.046" />
  <testcase classname="ptolemy.util.test.junit.AutoTests" name="[122] /home/travis/build/icyphy/ptII/ptolemy/actor/lib/test/auto/DiscreteClock17.xml (RunModel)" time="0.038" />
  <testcase classname="ptolemy.util.test.junit.AutoTests" name="[123] /home/travis/build/icyphy/ptII/ptolemy/actor/lib/test/auto/DiscreteClock18.xml (RunModel)" time="0.515" />
  <testcase classname="ptolemy.util.test.junit.AutoTests" name="[124] /home/travis/build/icyphy/ptII/ptolemy/actor/lib/test/auto/DiscreteClock19.xml (RunModel)" time="0.048" />
  <testcase classname="ptolemy.util.test.junit.AutoTests" name="[125] /home/travis/build/icyphy/ptII/ptolemy/actor/lib/test/auto/DiscreteClock2.xml (RunModel)" time="0.013" />
  <testcase classname="ptolemy.util.test.junit.AutoTests" name="[126] /home/travis/build/icyphy/ptII/ptolemy/actor/lib/test/auto/DiscreteClock20.xml (RunModel)" time="0.023" />
  <testcase classname="ptolemy.util.test.junit.AutoTests" name="[127] /home/travis/build/icyphy/ptII/ptolemy/actor/lib/test/auto/DiscreteClock21.xml (RunModel)" time="0.018" />
  <testcase classname="ptolemy.util.test.junit.AutoTests" name="[128] /home/travis/build/icyphy/ptII/ptolemy/actor/lib/test/auto/DiscreteClock22.xml (RunModel)" time="0.016" />
  <testcase classname="ptolemy.util.test.junit.AutoTests" name="[129] /home/travis/build/icyphy/ptII/ptolemy/actor/lib/test/auto/DiscreteClock23.xml (RunModel)" time="0.024" />
  <testcase classname="ptolemy.util.test.junit.AutoTests" name="[130] /home/travis/build/icyphy/ptII/ptolemy/actor/lib/test/auto/DiscreteClock24.xml (RunModel)" time="0.011" />
  <testcase classname="ptolemy.util.test.junit.AutoTests" name="[131] /home/travis/build/icyphy/ptII/ptolemy/actor/lib/test/auto/DiscreteClock4.xml (RunModel)" time="0.01" />
  <testcase classname="ptolemy.util.test.junit.AutoTests" name="[132] /home/travis/build/icyphy/ptII/ptolemy/actor/lib/test/auto/DiscreteClock5.xml (RunModel)" time="0.011" />
  <testcase classname="ptolemy.util.test.junit.AutoTests" name="[133] /home/travis/build/icyphy/ptII/ptolemy/actor/lib/test/auto/DiscreteClock6.xml (RunModel)" time="0.008" />
  <testcase classname="ptolemy.util.test.junit.AutoTests" name="[134] /home/travis/build/icyphy/ptII/ptolemy/actor/lib/test/auto/DiscreteClock7.xml (RunModel)" time="0.009" />
  <testcase classname="ptolemy.util.test.junit.AutoTests" name="[135] /home/travis/build/icyphy/ptII/ptolemy/actor/lib/test/auto/DiscreteClock8.xml (RunModel)" time="0.016" />
  <testcase classname="ptolemy.util.test.junit.AutoTests" name="[136] /home/travis/build/icyphy/ptII/ptolemy/actor/lib/test/auto/DiscreteClock9.xml (RunModel)" time="0.01" />
  <testcase classname="ptolemy.util.test.junit.AutoTests" name="[137] /home/travis/build/icyphy/ptII/ptolemy/actor/lib/test/auto/DisplayArray.xml (RunModel)" time="0.011" />
  <testcase classname="ptolemy.util.test.junit.AutoTests" name="[138] /home/travis/build/icyphy/ptII/ptolemy/actor/lib/test/auto/Distributor.xml (RunModel)" time="0.009" />
  <testcase classname="ptolemy.util.test.junit.AutoTests" name="[139] /home/travis/build/icyphy/ptII/ptolemy/actor/lib/test/auto/Distributor2.xml (RunModel)" time="0.008" />
  <testcase classname="ptolemy.util.test.junit.AutoTests" name="[140] /home/travis/build/icyphy/ptII/ptolemy/actor/lib/test/auto/DownSample.xml (RunModel)" time="0.009" />
  <testcase classname="ptolemy.util.test.junit.AutoTests" name="[141] /home/travis/build/icyphy/ptII/ptolemy/actor/lib/test/auto/ElectronicUnitBase1.xml (RunModel)" time="0.052" />
  <testcase classname="ptolemy.util.test.junit.AutoTests" name="[142] /home/travis/build/icyphy/ptII/ptolemy/actor/lib/test/auto/ElementsToArray.xml (RunModel)" time="0.011" />
  <testcase classname="ptolemy.util.test.junit.AutoTests" name="[143] /home/travis/build/icyphy/ptII/ptolemy/actor/lib/test/auto/Equals.xml (RunModel)" time="0.01" />
  <testcase classname="ptolemy.util.test.junit.AutoTests" name="[144] /home/travis/build/icyphy/ptII/ptolemy/actor/lib/test/auto/Exec.xml (RunModel)" time="0.024" />
  <testcase classname="ptolemy.util.test.junit.AutoTests" name="[145] /home/travis/build/icyphy/ptII/ptolemy/actor/lib/test/auto/ExecEnvironment.xml (RunModel)" time="0.038" />
  <testcase classname="ptolemy.util.test.junit.AutoTests" name="[146] /home/travis/build/icyphy/ptII/ptolemy/actor/lib/test/auto/ExecNonZeroReturnOutput.xml (RunModel)" time="0.138" />
  <testcase classname="ptolemy.util.test.junit.AutoTests" name="[147] /home/travis/build/icyphy/ptII/ptolemy/actor/lib/test/auto/ExecRunDemos.xml (RunModel)" time="9.176" />
  <testcase classname="ptolemy.util.test.junit.AutoTests" name="[148] /home/travis/build/icyphy/ptII/ptolemy/actor/lib/test/auto/ExecStop.xml (RunModel)" time="5.045" />
  <testcase classname="ptolemy.util.test.junit.AutoTests" name="[149] /home/travis/build/icyphy/ptII/ptolemy/actor/lib/test/auto/ExecutionTimeSDF.xml (RunModel)" time="6.033" />
  <testcase classname="ptolemy.util.test.junit.AutoTests" name="[150] /home/travis/build/icyphy/ptII/ptolemy/actor/lib/test/auto/Expression1.xml (RunModel)" time="0.011" />
  <testcase classname="ptolemy.util.test.junit.AutoTests" name="[151] /home/travis/build/icyphy/ptII/ptolemy/actor/lib/test/auto/Expression10.xml (RunModel)" time="0.014" />
  <testcase classname="ptolemy.util.test.junit.AutoTests" name="[152] /home/travis/build/icyphy/ptII/ptolemy/actor/lib/test/auto/Expression11.xml (RunModel)" time="0.012" />
  <testcase classname="ptolemy.util.test.junit.AutoTests" name="[153] /home/travis/build/icyphy/ptII/ptolemy/actor/lib/test/auto/Expression12.xml (RunModel)" time="0.015" />
  <testcase classname="ptolemy.util.test.junit.AutoTests" name="[154] /home/travis/build/icyphy/ptII/ptolemy/actor/lib/test/auto/Expression13.xml (RunModel)" time="0.013" />
  <testcase classname="ptolemy.util.test.junit.AutoTests" name="[155] /home/travis/build/icyphy/ptII/ptolemy/actor/lib/test/auto/Expression14.xml (RunModel)" time="0.017" />
  <testcase classname="ptolemy.util.test.junit.AutoTests" name="[156] /home/travis/build/icyphy/ptII/ptolemy/actor/lib/test/auto/Expression15.xml (RunModel)" time="0.008" />
  <testcase classname="ptolemy.util.test.junit.AutoTests" name="[157] /home/travis/build/icyphy/ptII/ptolemy/actor/lib/test/auto/Expression16.xml (RunModel)" time="0.012" />
  <testcase classname="ptolemy.util.test.junit.AutoTests" name="[158] /home/travis/build/icyphy/ptII/ptolemy/actor/lib/test/auto/Expression17.xml (RunModel)" time="0.018" />
  <testcase classname="ptolemy.util.test.junit.AutoTests" name="[159] /home/travis/build/icyphy/ptII/ptolemy/actor/lib/test/auto/Expression18.xml (RunModel)" time="0.013" />
  <testcase classname="ptolemy.util.test.junit.AutoTests" name="[160] /home/travis/build/icyphy/ptII/ptolemy/actor/lib/test/auto/Expression2.xml (RunModel)" time="0.012" />
  <testcase classname="ptolemy.util.test.junit.AutoTests" name="[161] /home/travis/build/icyphy/ptII/ptolemy/actor/lib/test/auto/Expression3.xml (RunModel)" time="0.011" />
  <testcase classname="ptolemy.util.test.junit.AutoTests" name="[162] /home/travis/build/icyphy/ptII/ptolemy/actor/lib/test/auto/Expression4.xml (RunModel)" time="0.02" />
  <testcase classname="ptolemy.util.test.junit.AutoTests" name="[163] /home/travis/build/icyphy/ptII/ptolemy/actor/lib/test/auto/Expression5.xml (RunModel)" time="0.014" />
  <testcase classname="ptolemy.util.test.junit.AutoTests" name="[164] /home/travis/build/icyphy/ptII/ptolemy/actor/lib/test/auto/Expression6.xml (RunModel)" time="0.012" />
  <testcase classname="ptolemy.util.test.junit.AutoTests" name="[165] /home/travis/build/icyphy/ptII/ptolemy/actor/lib/test/auto/Expression7.xml (RunModel)" time="0.011" />
  <testcase classname="ptolemy.util.test.junit.AutoTests" name="[166] /home/travis/build/icyphy/ptII/ptolemy/actor/lib/test/auto/Expression8.xml (RunModel)" time="0.011" />
  <testcase classname="ptolemy.util.test.junit.AutoTests" name="[167] /home/travis/build/icyphy/ptII/ptolemy/actor/lib/test/auto/Expression9.xml (RunModel)" time="0.01" />
  <testcase classname="ptolemy.util.test.junit.AutoTests" name="[168] /home/travis/build/icyphy/ptII/ptolemy/actor/lib/test/auto/ExpressionConcatenateArrayType.xml (RunModel)" time="0.025" />
  <testcase classname="ptolemy.util.test.junit.AutoTests" name="[169] /home/travis/build/icyphy/ptII/ptolemy/actor/lib/test/auto/ExpressionConcatenateArrayType2.xml (RunModel)" time="0.015" />
  <testcase classname="ptolemy.util.test.junit.AutoTests" name="[170] /home/travis/build/icyphy/ptII/ptolemy/actor/lib/test/auto/ExpressionFix.xml (RunModel)" time="0.026" />
  <testcase classname="ptolemy.util.test.junit.AutoTests" name="[171] /home/travis/build/icyphy/ptII/ptolemy/actor/lib/test/auto/ExpressionFix2.xml (RunModel)" time="0.011" />
  <testcase classname="ptolemy.util.test.junit.AutoTests" name="[172] /home/travis/build/icyphy/ptII/ptolemy/actor/lib/test/auto/ExpressionFix3.xml (RunModel)" time="0.01" />
  <testcase classname="ptolemy.util.test.junit.AutoTests" name="[173] /home/travis/build/icyphy/ptII/ptolemy/actor/lib/test/auto/FileWriter1.xml (RunModel)" time="0.008" />
  <testcase classname="ptolemy.util.test.junit.AutoTests" name="[174] /home/travis/build/icyphy/ptII/ptolemy/actor/lib/test/auto/FileWriter2.xml (RunModel)" time="0.013" />
  <testcase classname="ptolemy.util.test.junit.AutoTests" name="[175] /home/travis/build/icyphy/ptII/ptolemy/actor/lib/test/auto/FileWriter3.xml (RunModel)" time="0.016" />
  <testcase classname="ptolemy.util.test.junit.AutoTests" name="[176] /home/travis/build/icyphy/ptII/ptolemy/actor/lib/test/auto/Gaussian.xml (RunModel)" time="0.011" />
  <testcase classname="ptolemy.util.test.junit.AutoTests" name="[177] /home/travis/build/icyphy/ptII/ptolemy/actor/lib/test/auto/Gaussian1.xml (RunModel)" time="0.014" />
  <testcase classname="ptolemy.util.test.junit.AutoTests" name="[178] /home/travis/build/icyphy/ptII/ptolemy/actor/lib/test/auto/Gaussian2.xml (RunModel)" time="0.015" />
  <testcase classname="ptolemy.util.test.junit.AutoTests" name="[179] /home/travis/build/icyphy/ptII/ptolemy/actor/lib/test/auto/GradientAdaptiveLattice.xml (RunModel)" time="0.021" />
  <testcase classname="ptolemy.util.test.junit.AutoTests" name="[180] /home/travis/build/icyphy/ptII/ptolemy/actor/lib/test/auto/IIR.xml (RunModel)" time="0.012" />
  <testcase classname="ptolemy.util.test.junit.AutoTests" name="[181] /home/travis/build/icyphy/ptII/ptolemy/actor/lib/test/auto/InputOutputTransparentPorts.xml (RunModel)" time="0.017" />
  <testcase classname="ptolemy.util.test.junit.AutoTests" name="[182] /home/travis/build/icyphy/ptII/ptolemy/actor/lib/test/auto/Interpolator.xml (RunModel)" time="0.01" />
  <testcase classname="ptolemy.util.test.junit.AutoTests" name="[183] /home/travis/build/icyphy/ptII/ptolemy/actor/lib/test/auto/InterpolatorFiringLimitDE.xml (RunModel)" time="0.012" />
  <testcase classname="ptolemy.util.test.junit.AutoTests" name="[184] /home/travis/build/icyphy/ptII/ptolemy/actor/lib/test/auto/Lattice.xml (RunModel)" time="0.008" />
  <testcase classname="ptolemy.util.test.junit.AutoTests" name="[185] /home/travis/build/icyphy/ptII/ptolemy/actor/lib/test/auto/LazyAOCTestLazy.xml (RunModel)" time="0.021" />
  <testcase classname="ptolemy.util.test.junit.AutoTests" name="[186] /home/travis/build/icyphy/ptII/ptolemy/actor/lib/test/auto/LazyAOCTestNonLazy.xml (RunModel)" time="0.057" />
  <testcase classname="ptolemy.util.test.junit.AutoTests" name="[187] /home/travis/build/icyphy/ptII/ptolemy/actor/lib/test/auto/LazyInnerClass.xml (RunModel)" time="0.052" />
  <testcase classname="ptolemy.util.test.junit.AutoTests" name="[188] /home/travis/build/icyphy/ptII/ptolemy/actor/lib/test/auto/LazyPubSub.xml (RunModel)" time="0.056" />
  <testcase classname="ptolemy.util.test.junit.AutoTests" name="[189] /home/travis/build/icyphy/ptII/ptolemy/actor/lib/test/auto/LazyPubSub2.xml (RunModel)" time="0.023" />
  <testcase classname="ptolemy.util.test.junit.AutoTests" name="[190] /home/travis/build/icyphy/ptII/ptolemy/actor/lib/test/auto/LazyPubSub3.xml (RunModel)" time="0.029" />
  <testcase classname="ptolemy.util.test.junit.AutoTests" name="[191] /home/travis/build/icyphy/ptII/ptolemy/actor/lib/test/auto/LazySubClassModel.xml (RunModel)" time="0.026" />
  <testcase classname="ptolemy.util.test.junit.AutoTests" name="[192] /home/travis/build/icyphy/ptII/ptolemy/actor/lib/test/auto/LevelCrossTest1.xml (RunModel)" time="0.01" />
  <testcase classname="ptolemy.util.test.junit.AutoTests" name="[193] /home/travis/build/icyphy/ptII/ptolemy/actor/lib/test/auto/LevelCrossTest10.xml (RunModel)" time="0.014" />
  <testcase classname="ptolemy.util.test.junit.AutoTests" name="[194] /home/travis/build/icyphy/ptII/ptolemy/actor/lib/test/auto/LevelCrossTest11.xml (RunModel)" time="0.012" />
  <testcase classname="ptolemy.util.test.junit.AutoTests" name="[195] /home/travis/build/icyphy/ptII/ptolemy/actor/lib/test/auto/LevelCrossTest12.xml (RunModel)" time="0.014" />
  <testcase classname="ptolemy.util.test.junit.AutoTests" name="[196] /home/travis/build/icyphy/ptII/ptolemy/actor/lib/test/auto/LevelCrossTest13.xml (RunModel)" time="0.012" />
  <testcase classname="ptolemy.util.test.junit.AutoTests" name="[197] /home/travis/build/icyphy/ptII/ptolemy/actor/lib/test/auto/LevelCrossTest2.xml (RunModel)" time="0.013" />
  <testcase classname="ptolemy.util.test.junit.AutoTests" name="[198] /home/travis/build/icyphy/ptII/ptolemy/actor/lib/test/auto/LevelCrossTest3.xml (RunModel)" time="0.012" />
  <testcase classname="ptolemy.util.test.junit.AutoTests" name="[199] /home/travis/build/icyphy/ptII/ptolemy/actor/lib/test/auto/LevelCrossTest4.xml (RunModel)" time="0.01" />
  <testcase classname="ptolemy.util.test.junit.AutoTests" name="[200] /home/travis/build/icyphy/ptII/ptolemy/actor/lib/test/auto/LevelCrossTest5.xml (RunModel)" time="0.012" />
  <testcase classname="ptolemy.util.test.junit.AutoTests" name="[201] /home/travis/build/icyphy/ptII/ptolemy/actor/lib/test/auto/LevelCrossTest6.xml (RunModel)" time="0.012" />
  <testcase classname="ptolemy.util.test.junit.AutoTests" name="[202] /home/travis/build/icyphy/ptII/ptolemy/actor/lib/test/auto/LevelCrossTest7.xml (RunModel)" time="0.014" />
  <testcase classname="ptolemy.util.test.junit.AutoTests" name="[203] /home/travis/build/icyphy/ptII/ptolemy/actor/lib/test/auto/LevelCrossTest8.xml (RunModel)" time="0.012" />
  <testcase classname="ptolemy.util.test.junit.AutoTests" name="[204] /home/travis/build/icyphy/ptII/ptolemy/actor/lib/test/auto/LevelCrossTest9.xml (RunModel)" time="0.012" />
  <testcase classname="ptolemy.util.test.junit.AutoTests" name="[205] /home/travis/build/icyphy/ptII/ptolemy/actor/lib/test/auto/LevinsonDurbin.xml (RunModel)" time="0.009" />
  <testcase classname="ptolemy.util.test.junit.AutoTests" name="[206] /home/travis/build/icyphy/ptII/ptolemy/actor/lib/test/auto/LevinsonDurbin2.xml (RunModel)" time="0.008" />
  <testcase classname="ptolemy.util.test.junit.AutoTests" name="[207] /home/travis/build/icyphy/ptII/ptolemy/actor/lib/test/auto/LevinsonDurbin3.xml (RunModel)" time="0.008" />
  <testcase classname="ptolemy.util.test.junit.AutoTests" name="[208] /home/travis/build/icyphy/ptII/ptolemy/actor/lib/test/auto/Limiter.xml (RunModel)" time="0.027" />
  <testcase classname="ptolemy.util.test.junit.AutoTests" name="[209] /home/travis/build/icyphy/ptII/ptolemy/actor/lib/test/auto/LinearDifferenceEquationSystem.xml (RunModel)" time="0.02" />
  <testcase classname="ptolemy.util.test.junit.AutoTests" name="[210] /home/travis/build/icyphy/ptII/ptolemy/actor/lib/test/auto/LookupTable.xml (RunModel)" time="0.011" />
  <testcase classname="ptolemy.util.test.junit.AutoTests" name="[211] /home/travis/build/icyphy/ptII/ptolemy/actor/lib/test/auto/MathFunction.xml (RunModel)" time="0.019" />
  <testcase classname="ptolemy.util.test.junit.AutoTests" name="[212] /home/travis/build/icyphy/ptII/ptolemy/actor/lib/test/auto/MathFunction2.xml (RunModel)" time="0.008" />
  <testcase classname="ptolemy.util.test.junit.AutoTests" name="[213] /home/travis/build/icyphy/ptII/ptolemy/actor/lib/test/auto/MathFunction3.xml (RunModel)" time="0.018" />
  <testcase classname="ptolemy.util.test.junit.AutoTests" name="[214] /home/travis/build/icyphy/ptII/ptolemy/actor/lib/test/auto/MatrixCropBoolean.xml (RunModel)" time="0.017" />
  <testcase classname="ptolemy.util.test.junit.AutoTests" name="[215] /home/travis/build/icyphy/ptII/ptolemy/actor/lib/test/auto/MatrixCropComplex.xml (RunModel)" time="0.011" />
  <testcase classname="ptolemy.util.test.junit.AutoTests" name="[216] /home/travis/build/icyphy/ptII/ptolemy/actor/lib/test/auto/MatrixCropDouble.xml (RunModel)" time="0.012" />
  <testcase classname="ptolemy.util.test.junit.AutoTests" name="[217] /home/travis/build/icyphy/ptII/ptolemy/actor/lib/test/auto/MatrixCropFix.xml (RunModel)" time="0.016" />
  <testcase classname="ptolemy.util.test.junit.AutoTests" name="[218] /home/travis/build/icyphy/ptII/ptolemy/actor/lib/test/auto/MatrixCropInt.xml (RunModel)" time="0.01" />
  <testcase classname="ptolemy.util.test.junit.AutoTests" name="[219] /home/travis/build/icyphy/ptII/ptolemy/actor/lib/test/auto/MatrixCropLong.xml (RunModel)" time="0.01" />
  <testcase classname="ptolemy.util.test.junit.AutoTests" name="[220] /home/travis/build/icyphy/ptII/ptolemy/actor/lib/test/auto/MatrixToArray.xml (RunModel)" time="0.064" />
  <testcase classname="ptolemy.util.test.junit.AutoTests" name="[221] /home/travis/build/icyphy/ptII/ptolemy/actor/lib/test/auto/MaxIndex.xml (RunModel)" time="0.016" />
  <testcase classname="ptolemy.util.test.junit.AutoTests" name="[222] /home/travis/build/icyphy/ptII/ptolemy/actor/lib/test/auto/Maximum.xml (RunModel)" time="0.017" />
  <testcase classname="ptolemy.util.test.junit.AutoTests" name="[223] /home/travis/build/icyphy/ptII/ptolemy/actor/lib/test/auto/MaximumComplex.xml (RunModel)" time="0.014" />
  <testcase classname="ptolemy.util.test.junit.AutoTests" name="[224] /home/travis/build/icyphy/ptII/ptolemy/actor/lib/test/auto/MethodCallTest.xml (RunModel)" time="0.019" />
  <testcase classname="ptolemy.util.test.junit.AutoTests" name="[225] /home/travis/build/icyphy/ptII/ptolemy/actor/lib/test/auto/Minimum.xml (RunModel)" time="0.015" />
  <testcase classname="ptolemy.util.test.junit.AutoTests" name="[226] /home/travis/build/icyphy/ptII/ptolemy/actor/lib/test/auto/MinimumComplex.xml (RunModel)" time="0.03" />
  <testcase classname="ptolemy.util.test.junit.AutoTests" name="[227] /home/travis/build/icyphy/ptII/ptolemy/actor/lib/test/auto/MinimumMultiports.xml (RunModel)" time="0.021" />
  <testcase classname="ptolemy.util.test.junit.AutoTests" name="[228] /home/travis/build/icyphy/ptII/ptolemy/actor/lib/test/auto/ModifyDate.xml (RunModel)" time="0.04" />
  <testcase classname="ptolemy.util.test.junit.AutoTests" name="[229] /home/travis/build/icyphy/ptII/ptolemy/actor/lib/test/auto/ModifyDate2.xml (RunModel)" time="0.034" />
  <testcase classname="ptolemy.util.test.junit.AutoTests" name="[230] /home/travis/build/icyphy/ptII/ptolemy/actor/lib/test/auto/MovingAverage.xml (RunModel)" time="0.011" />
  <testcase classname="ptolemy.util.test.junit.AutoTests" name="[231] /home/travis/build/icyphy/ptII/ptolemy/actor/lib/test/auto/MovingMaximum.xml (RunModel)" time="0.013" />
  <testcase classname="ptolemy.util.test.junit.AutoTests" name="[232] /home/travis/build/icyphy/ptII/ptolemy/actor/lib/test/auto/MultipleLinksToSameRelation.xml (RunModel)" time="0.006" />
  <testcase classname="ptolemy.util.test.junit.AutoTests" name="[233] /home/travis/build/icyphy/ptII/ptolemy/actor/lib/test/auto/MultipleLinksToSameRelationDE.xml (RunModel)" time="0.007" />
  <testcase classname="ptolemy.util.test.junit.AutoTests" name="[234] /home/travis/build/icyphy/ptII/ptolemy/actor/lib/test/auto/Multiplexor.xml (RunModel)" time="0.011" />
  <testcase classname="ptolemy.util.test.junit.AutoTests" name="[235] /home/travis/build/icyphy/ptII/ptolemy/actor/lib/test/auto/Multiplexor1.xml (RunModel)" time="0.012" />
  <testcase classname="ptolemy.util.test.junit.AutoTests" name="[236] /home/travis/build/icyphy/ptII/ptolemy/actor/lib/test/auto/Multiplexor2.xml (RunModel)" time="0.013" />
  <testcase classname="ptolemy.util.test.junit.AutoTests" name="[237] /home/travis/build/icyphy/ptII/ptolemy/actor/lib/test/auto/Multiplexor3.xml (RunModel)" time="0.008" />
  <testcase classname="ptolemy.util.test.junit.AutoTests" name="[238] /home/travis/build/icyphy/ptII/ptolemy/actor/lib/test/auto/MultiplexorDE.xml (RunModel)" time="0.015" />
  <testcase classname="ptolemy.util.test.junit.AutoTests" name="[239] /home/travis/build/icyphy/ptII/ptolemy/actor/lib/test/auto/MultiportBroadcastTest.xml (RunModel)" time="0.087" />
  <testcase classname="ptolemy.util.test.junit.AutoTests" name="[240] /home/travis/build/icyphy/ptII/ptolemy/actor/lib/test/auto/MultiportOutHangDuringGetWidth.xml (RunModel)" time="0.034" />
  <testcase classname="ptolemy.util.test.junit.AutoTests" name="[241] /home/travis/build/icyphy/ptII/ptolemy/actor/lib/test/auto/NilToken.xml (RunModel)" time="0.013" />
  <testcase classname="ptolemy.util.test.junit.AutoTests" name="[242] /home/travis/build/icyphy/ptII/ptolemy/actor/lib/test/auto/NilTokenNonStrictTest.xml (RunModel)" time="0.012" />
  <testcase classname="ptolemy.util.test.junit.AutoTests" name="[243] /home/travis/build/icyphy/ptII/ptolemy/actor/lib/test/auto/NilTokenRecord.xml (RunModel)" time="0.026" />
  <testcase classname="ptolemy.util.test.junit.AutoTests" name="[244] /home/travis/build/icyphy/ptII/ptolemy/actor/lib/test/auto/NilTokenTypeTest.xml (RunModel)" time="0.029" />
  <testcase classname="ptolemy.util.test.junit.AutoTests" name="[245] /home/travis/build/icyphy/ptII/ptolemy/actor/lib/test/auto/ObjectToken1.xml (RunModel)" time="0.01" />
  <testcase classname="ptolemy.util.test.junit.AutoTests" name="[246] /home/travis/build/icyphy/ptII/ptolemy/actor/lib/test/auto/OrderedMerge.xml (RunModel)" time="0.023" />
  <testcase classname="ptolemy.util.test.junit.AutoTests" name="[247] /home/travis/build/icyphy/ptII/ptolemy/actor/lib/test/auto/OrderedRecordDisassembler.xml (RunModel)" time="0.018" />
  <testcase classname="ptolemy.util.test.junit.AutoTests" name="[248] /home/travis/build/icyphy/ptII/ptolemy/actor/lib/test/auto/OrderedRecordDisassembler2.xml (RunModel)" time="0.017" />
  <testcase classname="ptolemy.util.test.junit.AutoTests" name="[249] /home/travis/build/icyphy/ptII/ptolemy/actor/lib/test/auto/OrderedRecordUpdater.xml (RunModel)" time="0.013" />
  <testcase classname="ptolemy.util.test.junit.AutoTests" name="[250] /home/travis/build/icyphy/ptII/ptolemy/actor/lib/test/auto/OrderedRecordUpdater2.xml (RunModel)" time="0.017" />
  <testcase classname="ptolemy.util.test.junit.AutoTests" name="[251] /home/travis/build/icyphy/ptII/ptolemy/actor/lib/test/auto/PhaseUnwrap.xml (RunModel)" time="0.011" />
  <testcase classname="ptolemy.util.test.junit.AutoTests" name="[252] /home/travis/build/icyphy/ptII/ptolemy/actor/lib/test/auto/PoissonClock.xml (RunModel)" time="0.009" />
  <testcase classname="ptolemy.util.test.junit.AutoTests" name="[253] /home/travis/build/icyphy/ptII/ptolemy/actor/lib/test/auto/PoissonClock2.xml (RunModel)" time="0.007" />
  <testcase classname="ptolemy.util.test.junit.AutoTests" name="[254] /home/travis/build/icyphy/ptII/ptolemy/actor/lib/test/auto/PoissonClock3.xml (RunModel)" time="0.017" />
  <testcase classname="ptolemy.util.test.junit.AutoTests" name="[255] /home/travis/build/icyphy/ptII/ptolemy/actor/lib/test/auto/PubSubWithInitialTokens.xml (RunModel)" time="0.014" />
  <testcase classname="ptolemy.util.test.junit.AutoTests" name="[256] /home/travis/build/icyphy/ptII/ptolemy/actor/lib/test/auto/PubSubWithInitialTokens2.xml (RunModel)" time="0.013" />
  <testcase classname="ptolemy.util.test.junit.AutoTests" name="[257] /home/travis/build/icyphy/ptII/ptolemy/actor/lib/test/auto/PublisherClassNoParameter.xml (RunModel)" time="0.022" />
  <testcase classname="ptolemy.util.test.junit.AutoTests" name="[258] /home/travis/build/icyphy/ptII/ptolemy/actor/lib/test/auto/PublisherClassParameter.xml (RunModel)" time="0.024" />
  <testcase classname="ptolemy.util.test.junit.AutoTests" name="[259] /home/travis/build/icyphy/ptII/ptolemy/actor/lib/test/auto/PublisherNonStrictTest.xml (RunModel)" time="0.016" />
  <testcase classname="ptolemy.util.test.junit.AutoTests" name="[260] /home/travis/build/icyphy/ptII/ptolemy/actor/lib/test/auto/PublisherPort1.xml (RunModel)" time="0.012" />
  <testcase classname="ptolemy.util.test.junit.AutoTests" name="[261] /home/travis/build/icyphy/ptII/ptolemy/actor/lib/test/auto/PublisherPort2.xml (RunModel)" time="0.014" />
  <testcase classname="ptolemy.util.test.junit.AutoTests" name="[262] /home/travis/build/icyphy/ptII/ptolemy/actor/lib/test/auto/PublisherPort3.xml (RunModel)" time="0.019" />
  <testcase classname="ptolemy.util.test.junit.AutoTests" name="[263] /home/travis/build/icyphy/ptII/ptolemy/actor/lib/test/auto/PublisherPort4.xml (RunModel)" time="0.02" />
  <testcase classname="ptolemy.util.test.junit.AutoTests" name="[264] /home/travis/build/icyphy/ptII/ptolemy/actor/lib/test/auto/PublisherPort5.xml (RunModel)" time="0.015" />
  <testcase classname="ptolemy.util.test.junit.AutoTests" name="[265] /home/travis/build/icyphy/ptII/ptolemy/actor/lib/test/auto/PublisherPort5LookAlike.xml (RunModel)" time="0.019" />
  <testcase classname="ptolemy.util.test.junit.AutoTests" name="[266] /home/travis/build/icyphy/ptII/ptolemy/actor/lib/test/auto/PublisherPort6.xml (RunModel)" time="0.013" />
  <testcase classname="ptolemy.util.test.junit.AutoTests" name="[267] /home/travis/build/icyphy/ptII/ptolemy/actor/lib/test/auto/PublisherPort7.xml (RunModel)" time="0.021" />
  <testcase classname="ptolemy.util.test.junit.AutoTests" name="[268] /home/travis/build/icyphy/ptII/ptolemy/actor/lib/test/auto/PublisherPort8.xml (RunModel)" time="0.016" />
  <testcase classname="ptolemy.util.test.junit.AutoTests" name="[269] /home/travis/build/icyphy/ptII/ptolemy/actor/lib/test/auto/PublisherPortSubscriberChannelVariablesAOC2.xml (RunModel)" time="0.033" />
  <testcase classname="ptolemy.util.test.junit.AutoTests" name="[270] /home/travis/build/icyphy/ptII/ptolemy/actor/lib/test/auto/PublisherPortSubscriberOpaqueWidthInference.xml (RunModel)" time="0.016" />
  <testcase classname="ptolemy.util.test.junit.AutoTests" name="[271] /home/travis/build/icyphy/ptII/ptolemy/actor/lib/test/auto/PublisherPortSubscriberPortAdjacent.xml (RunModel)" time="0.018" />
  <testcase classname="ptolemy.util.test.junit.AutoTests" name="[272] /home/travis/build/icyphy/ptII/ptolemy/actor/lib/test/auto/PublisherPortSubscriberPortExpression.xml (RunModel)" time="0.015" />
  <testcase classname="ptolemy.util.test.junit.AutoTests" name="[273] /home/travis/build/icyphy/ptII/ptolemy/actor/lib/test/auto/PublisherPortSubscriberPortOpaqueD3Reverse.xml (RunModel)" time="0.02" />
  <testcase classname="ptolemy.util.test.junit.AutoTests" name="[274] /home/travis/build/icyphy/ptII/ptolemy/actor/lib/test/auto/PublisherPortSubscriberPortOpaqueWidthInference.xml (RunModel)" time="0.02" />
  <testcase classname="ptolemy.util.test.junit.AutoTests" name="[275] /home/travis/build/icyphy/ptII/ptolemy/actor/lib/test/auto/PublisherPortToplevelSubscriberPortAOC.xml (RunModel)" time="0.01" />
  <testcase classname="ptolemy.util.test.junit.AutoTests" name="[276] /home/travis/build/icyphy/ptII/ptolemy/actor/lib/test/auto/PublisherSubscriber.xml (RunModel)" time="0.014" />
  <testcase classname="ptolemy.util.test.junit.AutoTests" name="[277] /home/travis/build/icyphy/ptII/ptolemy/actor/lib/test/auto/PublisherSubscriber10.xml (RunModel)" time="0.022" />
  <testcase classname="ptolemy.util.test.junit.AutoTests" name="[278] /home/travis/build/icyphy/ptII/ptolemy/actor/lib/test/auto/PublisherSubscriber10InitialOutputs.xml (RunModel)" time="0.019" />
  <testcase classname="ptolemy.util.test.junit.AutoTests" name="[279] /home/travis/build/icyphy/ptII/ptolemy/actor/lib/test/auto/PublisherSubscriber11.xml (RunModel)" time="0.029" />
  <testcase classname="ptolemy.util.test.junit.AutoTests" name="[280] /home/travis/build/icyphy/ptII/ptolemy/actor/lib/test/auto/PublisherSubscriber12.xml (RunModel)" time="0.024" />
  <testcase classname="ptolemy.util.test.junit.AutoTests" name="[281] /home/travis/build/icyphy/ptII/ptolemy/actor/lib/test/auto/PublisherSubscriber13.xml (RunModel)" time="0.011" />
  <testcase classname="ptolemy.util.test.junit.AutoTests" name="[282] /home/travis/build/icyphy/ptII/ptolemy/actor/lib/test/auto/PublisherSubscriber14.xml (RunModel)" time="0.029" />
  <testcase classname="ptolemy.util.test.junit.AutoTests" name="[283] /home/travis/build/icyphy/ptII/ptolemy/actor/lib/test/auto/PublisherSubscriber2.xml (RunModel)" time="0.01" />
  <testcase classname="ptolemy.util.test.junit.AutoTests" name="[284] /home/travis/build/icyphy/ptII/ptolemy/actor/lib/test/auto/PublisherSubscriber3.xml (RunModel)" time="0.01" />
  <testcase classname="ptolemy.util.test.junit.AutoTests" name="[285] /home/travis/build/icyphy/ptII/ptolemy/actor/lib/test/auto/PublisherSubscriber4.xml (RunModel)" time="0.01" />
  <testcase classname="ptolemy.util.test.junit.AutoTests" name="[286] /home/travis/build/icyphy/ptII/ptolemy/actor/lib/test/auto/PublisherSubscriber5.xml (RunModel)" time="0.011" />
  <testcase classname="ptolemy.util.test.junit.AutoTests" name="[287] /home/travis/build/icyphy/ptII/ptolemy/actor/lib/test/auto/PublisherSubscriber6.xml (RunModel)" time="0.014" />
  <testcase classname="ptolemy.util.test.junit.AutoTests" name="[288] /home/travis/build/icyphy/ptII/ptolemy/actor/lib/test/auto/PublisherSubscriber7.xml (RunModel)" time="0.022" />
  <testcase classname="ptolemy.util.test.junit.AutoTests" name="[289] /home/travis/build/icyphy/ptII/ptolemy/actor/lib/test/auto/PublisherSubscriber8.xml (RunModel)" time="0.025" />
  <testcase classname="ptolemy.util.test.junit.AutoTests" name="[290] /home/travis/build/icyphy/ptII/ptolemy/actor/lib/test/auto/PublisherSubscriber9.xml (RunModel)" time="0.017" />
  <testcase classname="ptolemy.util.test.junit.AutoTests" name="[291] /home/travis/build/icyphy/ptII/ptolemy/actor/lib/test/auto/PublisherSubscriberAdjacent.xml (RunModel)" time="0.019" />
  <testcase classname="ptolemy.util.test.junit.AutoTests" name="[292] /home/travis/build/icyphy/ptII/ptolemy/actor/lib/test/auto/PublisherSubscriberChannelVariablesAOC2.xml (RunModel)" time="0.025" />
  <testcase classname="ptolemy.util.test.junit.AutoTests" name="[293] /home/travis/build/icyphy/ptII/ptolemy/actor/lib/test/auto/PublisherSubscriberD3.xml (RunModel)" time="0.017" />
  <testcase classname="ptolemy.util.test.junit.AutoTests" name="[294] /home/travis/build/icyphy/ptII/ptolemy/actor/lib/test/auto/PublisherSubscriberD3Reverse.xml (RunModel)" time="0.012" />
  <testcase classname="ptolemy.util.test.junit.AutoTests" name="[295] /home/travis/build/icyphy/ptII/ptolemy/actor/lib/test/auto/PublisherSubscriberExpression.xml (RunModel)" time="0.021" />
  <testcase classname="ptolemy.util.test.junit.AutoTests" name="[296] /home/travis/build/icyphy/ptII/ptolemy/actor/lib/test/auto/PublisherSubscriberOpaque.xml (RunModel)" time="0.016" />
  <testcase classname="ptolemy.util.test.junit.AutoTests" name="[297] /home/travis/build/icyphy/ptII/ptolemy/actor/lib/test/auto/PublisherSubscriberOpaqueD3.xml (RunModel)" time="0.023" />
  <testcase classname="ptolemy.util.test.junit.AutoTests" name="[298] /home/travis/build/icyphy/ptII/ptolemy/actor/lib/test/auto/PublisherSubscriberOpaqueD3Reverse.xml (RunModel)" time="0.023" />
  <testcase classname="ptolemy.util.test.junit.AutoTests" name="[299] /home/travis/build/icyphy/ptII/ptolemy/actor/lib/test/auto/PublisherSubscriberOpaqueWidthInference.xml (RunModel)" time="0.02" />
  <testcase classname="ptolemy.util.test.junit.AutoTests" name="[300] /home/travis/build/icyphy/ptII/ptolemy/actor/lib/test/auto/PublisherTestSubscriber.xml (RunModel)" time="0.019" />
  <testcase classname="ptolemy.util.test.junit.AutoTests" name="[301] /home/travis/build/icyphy/ptII/ptolemy/actor/lib/test/auto/PublisherToplevelSubscriberPortAOC.xml (RunModel)" time="0.013" />
  <testcase classname="ptolemy.util.test.junit.AutoTests" name="[302] /home/travis/build/icyphy/ptII/ptolemy/actor/lib/test/auto/PulseFiringLimitDE.xml (RunModel)" time="0.022" />
  <testcase classname="ptolemy.util.test.junit.AutoTests" name="[303] /home/travis/build/icyphy/ptII/ptolemy/actor/lib/test/auto/Ramp1.xml (RunModel)" time="0.012" />
  <testcase classname="ptolemy.util.test.junit.AutoTests" name="[304] /home/travis/build/icyphy/ptII/ptolemy/actor/lib/test/auto/RampFiringLimitDE.xml (RunModel)" time="0.014" />
  <testcase classname="ptolemy.util.test.junit.AutoTests" name="[305] /home/travis/build/icyphy/ptII/ptolemy/actor/lib/test/auto/RampFiringLimitSDF.xml (RunModel)" time="0.012" />
  <testcase classname="ptolemy.util.test.junit.AutoTests" name="[306] /home/travis/build/icyphy/ptII/ptolemy/actor/lib/test/auto/RandomInteger.xml (RunModel)" time="0.01" />
  <testcase classname="ptolemy.util.test.junit.AutoTests" name="[307] /home/travis/build/icyphy/ptII/ptolemy/actor/lib/test/auto/ReadFile1.xml (RunModel)" time="0.012" />
  <testcase classname="ptolemy.util.test.junit.AutoTests" name="[308] /home/travis/build/icyphy/ptII/ptolemy/actor/lib/test/auto/ReadFile2.xml (RunModel)" time="0.021" />
  <testcase classname="ptolemy.util.test.junit.AutoTests" name="[309] /home/travis/build/icyphy/ptII/ptolemy/actor/lib/test/auto/Reader.xml (RunModel)" time="0.015" />
  <testcase classname="ptolemy.util.test.junit.AutoTests" name="[310] /home/travis/build/icyphy/ptII/ptolemy/actor/lib/test/auto/RecordAssemblerDisplayNameTest.xml (RunModel)" time="2.998" />
  <testcase classname="ptolemy.util.test.junit.AutoTests" name="[311] /home/travis/build/icyphy/ptII/ptolemy/actor/lib/test/auto/RecordAssemblerTypeError.xml (RunModel)" time="0.033" />
  <testcase classname="ptolemy.util.test.junit.AutoTests" name="[312] /home/travis/build/icyphy/ptII/ptolemy/actor/lib/test/auto/RecordDisassember.xml (RunModel)" time="0.01" />
  <testcase classname="ptolemy.util.test.junit.AutoTests" name="[313] /home/travis/build/icyphy/ptII/ptolemy/actor/lib/test/auto/RecordDisassemberDisplayNameTest.xml (RunModel)" time="0.018" />
  <testcase classname="ptolemy.util.test.junit.AutoTests" name="[314] /home/travis/build/icyphy/ptII/ptolemy/actor/lib/test/auto/RecordDisassembler.xml (RunModel)" time="0.01" />
  <testcase classname="ptolemy.util.test.junit.AutoTests" name="[315] /home/travis/build/icyphy/ptII/ptolemy/actor/lib/test/auto/RecordDisassembler2.xml (RunModel)" time="0.009" />
  <testcase classname="ptolemy.util.test.junit.AutoTests" name="[316] /home/travis/build/icyphy/ptII/ptolemy/actor/lib/test/auto/RecordUpdater.xml (RunModel)" time="0.008" />
  <testcase classname="ptolemy.util.test.junit.AutoTests" name="[317] /home/travis/build/icyphy/ptII/ptolemy/actor/lib/test/auto/RecordUpdater2.xml (RunModel)" time="0.008" />
  <testcase classname="ptolemy.util.test.junit.AutoTests" name="[318] /home/travis/build/icyphy/ptII/ptolemy/actor/lib/test/auto/RecursiveLattice.xml (RunModel)" time="0.008" />
  <testcase classname="ptolemy.util.test.junit.AutoTests" name="[319] /home/travis/build/icyphy/ptII/ptolemy/actor/lib/test/auto/Router.xml (RunModel)" time="3.03" />
  <testcase classname="ptolemy.util.test.junit.AutoTests" name="[320] /home/travis/build/icyphy/ptII/ptolemy/actor/lib/test/auto/Router2.xml (RunModel)" time="3.023" />
  <testcase classname="ptolemy.util.test.junit.AutoTests" name="[321] /home/travis/build/icyphy/ptII/ptolemy/actor/lib/test/auto/RunningMaximum.xml (RunModel)" time="0.012" />
  <testcase classname="ptolemy.util.test.junit.AutoTests" name="[322] /home/travis/build/icyphy/ptII/ptolemy/actor/lib/test/auto/RunningMinimum.xml (RunModel)" time="0.014" />
  <testcase classname="ptolemy.util.test.junit.AutoTests" name="[323] /home/travis/build/icyphy/ptII/ptolemy/actor/lib/test/auto/Scale.xml (RunModel)" time="0.009" />
  <testcase classname="ptolemy.util.test.junit.AutoTests" name="[324] /home/travis/build/icyphy/ptII/ptolemy/actor/lib/test/auto/Scale2.xml (RunModel)" time="0.018" />
  <testcase classname="ptolemy.util.test.junit.AutoTests" name="[325] /home/travis/build/icyphy/ptII/ptolemy/actor/lib/test/auto/Scale3.xml (RunModel)" time="0.016" />
  <testcase classname="ptolemy.util.test.junit.AutoTests" name="[326] /home/travis/build/icyphy/ptII/ptolemy/actor/lib/test/auto/ScaleArray.xml (RunModel)" time="0.008" />
  <testcase classname="ptolemy.util.test.junit.AutoTests" name="[327] /home/travis/build/icyphy/ptII/ptolemy/actor/lib/test/auto/ScaleArray2.xml (RunModel)" time="0.009" />
  <testcase classname="ptolemy.util.test.junit.AutoTests" name="[328] /home/travis/build/icyphy/ptII/ptolemy/actor/lib/test/auto/ScaleMatrix.xml (RunModel)" time="0.106" />
  <testcase classname="ptolemy.util.test.junit.AutoTests" name="[329] /home/travis/build/icyphy/ptII/ptolemy/actor/lib/test/auto/Select.xml (RunModel)" time="0.013" />
  <testcase classname="ptolemy.util.test.junit.AutoTests" name="[330] /home/travis/build/icyphy/ptII/ptolemy/actor/lib/test/auto/Select2.xml (RunModel)" time="0.009" />
  <testcase classname="ptolemy.util.test.junit.AutoTests" name="[331] /home/travis/build/icyphy/ptII/ptolemy/actor/lib/test/auto/SequenceToArray2.xml (RunModel)" time="0.123" />
  <testcase classname="ptolemy.util.test.junit.AutoTests" name="[332] /home/travis/build/icyphy/ptII/ptolemy/actor/lib/test/auto/SequentialClock.xml (RunModel)" time="0.012" />
  <testcase classname="ptolemy.util.test.junit.AutoTests" name="[333] /home/travis/build/icyphy/ptII/ptolemy/actor/lib/test/auto/SetVariable.xml (RunModel)" time="0.014" />
  <testcase classname="ptolemy.util.test.junit.AutoTests" name="[334] /home/travis/build/icyphy/ptII/ptolemy/actor/lib/test/auto/SetVariable2.xml (RunModel)" time="0.01" />
  <testcase classname="ptolemy.util.test.junit.AutoTests" name="[335] /home/travis/build/icyphy/ptII/ptolemy/actor/lib/test/auto/SetVariable3.xml (RunModel)" time="0.018" />
  <testcase classname="ptolemy.util.test.junit.AutoTests" name="[336] /home/travis/build/icyphy/ptII/ptolemy/actor/lib/test/auto/SetVariable4.xml (RunModel)" time="0.027" />
  <testcase classname="ptolemy.util.test.junit.AutoTests" name="[337] /home/travis/build/icyphy/ptII/ptolemy/actor/lib/test/auto/SetVariable5.xml (RunModel)" time="0.044" />
  <testcase classname="ptolemy.util.test.junit.AutoTests" name="[338] /home/travis/build/icyphy/ptII/ptolemy/actor/lib/test/auto/Sinewave.xml (RunModel)" time="0.027" />
  <testcase classname="ptolemy.util.test.junit.AutoTests" name="[339] /home/travis/build/icyphy/ptII/ptolemy/actor/lib/test/auto/Sinewave2.xml (RunModel)" time="0.015" />
  <testcase classname="ptolemy.util.test.junit.AutoTests" name="[340] /home/travis/build/icyphy/ptII/ptolemy/actor/lib/test/auto/Sinewave3.xml (RunModel)" time="0.02" />
  <testcase classname="ptolemy.util.test.junit.AutoTests" name="[341] /home/travis/build/icyphy/ptII/ptolemy/actor/lib/test/auto/SingleEvent.xml (RunModel)" time="0.008" />
  <testcase classname="ptolemy.util.test.junit.AutoTests" name="[342] /home/travis/build/icyphy/ptII/ptolemy/actor/lib/test/auto/Sleep.xml (RunModel)" time="6.021" />
  <testcase classname="ptolemy.util.test.junit.AutoTests" name="[343] /home/travis/build/icyphy/ptII/ptolemy/actor/lib/test/auto/SleepMultipleFire.xml (RunModel)" time="1.027" />
  <testcase classname="ptolemy.util.test.junit.AutoTests" name="[344] /home/travis/build/icyphy/ptII/ptolemy/actor/lib/test/auto/StopDE.xml (RunModel)" time="0.013" />
  <testcase classname="ptolemy.util.test.junit.AutoTests" name="[345] /home/travis/build/icyphy/ptII/ptolemy/actor/lib/test/auto/StopSDF.xml (RunModel)" time="0.011" />
  <testcase classname="ptolemy.util.test.junit.AutoTests" name="[346] /home/travis/build/icyphy/ptII/ptolemy/actor/lib/test/auto/StringConstant.xml (RunModel)" time="0.009" />
  <testcase classname="ptolemy.util.test.junit.AutoTests" name="[347] /home/travis/build/icyphy/ptII/ptolemy/actor/lib/test/auto/SubscriberPortInitialValues1.xml (RunModel)" time="0.016" />
  <testcase classname="ptolemy.util.test.junit.AutoTests" name="[348] /home/travis/build/icyphy/ptII/ptolemy/actor/lib/test/auto/SubscriberPortInitialValues13.xml (RunModel)" time="0.024" />
  <testcase classname="ptolemy.util.test.junit.AutoTests" name="[349] /home/travis/build/icyphy/ptII/ptolemy/actor/lib/test/auto/SubscriberPortInitialValues14.xml (RunModel)" time="0.016" />
  <testcase classname="ptolemy.util.test.junit.AutoTests" name="[350] /home/travis/build/icyphy/ptII/ptolemy/actor/lib/test/auto/SubscriberPortInitialValues2.xml (RunModel)" time="0.016" />
  <testcase classname="ptolemy.util.test.junit.AutoTests" name="[351] /home/travis/build/icyphy/ptII/ptolemy/actor/lib/test/auto/SubscriberPortInitialValues3.xml (RunModel)" time="0.02" />
  <testcase classname="ptolemy.util.test.junit.AutoTests" name="[352] /home/travis/build/icyphy/ptII/ptolemy/actor/lib/test/auto/SubscriptionAggregator.xml (RunModel)" time="0.012" />
  <testcase classname="ptolemy.util.test.junit.AutoTests" name="[353] /home/travis/build/icyphy/ptII/ptolemy/actor/lib/test/auto/SubscriptionAggregator2.xml (RunModel)" time="0.014" />
  <testcase classname="ptolemy.util.test.junit.AutoTests" name="[354] /home/travis/build/icyphy/ptII/ptolemy/actor/lib/test/auto/SubscriptionAggregator3.xml (RunModel)" time="0.016" />
  <testcase classname="ptolemy.util.test.junit.AutoTests" name="[355] /home/travis/build/icyphy/ptII/ptolemy/actor/lib/test/auto/SubscriptionAggregatorMultiply.xml (RunModel)" time="0.019" />
  <testcase classname="ptolemy.util.test.junit.AutoTests" name="[356] /home/travis/build/icyphy/ptII/ptolemy/actor/lib/test/auto/SubscriptionAggregatorPortMultiply1.xml (RunModel)" time="0.013" />
  <testcase classname="ptolemy.util.test.junit.AutoTests" name="[357] /home/travis/build/icyphy/ptII/ptolemy/actor/lib/test/auto/Switch.xml (RunModel)" time="0.017" />
  <testcase classname="ptolemy.util.test.junit.AutoTests" name="[358] /home/travis/build/icyphy/ptII/ptolemy/actor/lib/test/auto/Switch2.xml (RunModel)" time="0.01" />
  <testcase classname="ptolemy.util.test.junit.AutoTests" name="[359] /home/travis/build/icyphy/ptII/ptolemy/actor/lib/test/auto/SwitchDE.xml (RunModel)" time="0.016" />
  <testcase classname="ptolemy.util.test.junit.AutoTests" name="[360] /home/travis/build/icyphy/ptII/ptolemy/actor/lib/test/auto/SynchronizerDE.xml (RunModel)" time="0.029" />
  <testcase classname="ptolemy.util.test.junit.AutoTests" name="[361] /home/travis/build/icyphy/ptII/ptolemy/actor/lib/test/auto/Test.xml (RunModel)" time="0.018" />
  <testcase classname="ptolemy.util.test.junit.AutoTests" name="[362] /home/travis/build/icyphy/ptII/ptolemy/actor/lib/test/auto/TestExceptionAttribute1.xml (RunModel)" time="0.01" />
  <testcase classname="ptolemy.util.test.junit.AutoTests" name="[363] /home/travis/build/icyphy/ptII/ptolemy/actor/lib/test/auto/TestExceptionAttribute2.xml (RunModel)" time="0.007" />
  <testcase classname="ptolemy.util.test.junit.AutoTests" name="[364] /home/travis/build/icyphy/ptII/ptolemy/actor/lib/test/auto/TestExceptionAttribute3.xml (RunModel)" time="0.006" />
  <testcase classname="ptolemy.util.test.junit.AutoTests" name="[365] /home/travis/build/icyphy/ptII/ptolemy/actor/lib/test/auto/TestExceptionAttribute4.xml (RunModel)" time="0.007" />
  <testcase classname="ptolemy.util.test.junit.AutoTests" name="[366] /home/travis/build/icyphy/ptII/ptolemy/actor/lib/test/auto/TestExceptionHandler1.xml (RunModel)" time="0.007" />
  <testcase classname="ptolemy.util.test.junit.AutoTests" name="[367] /home/travis/build/icyphy/ptII/ptolemy/actor/lib/test/auto/TestExceptionHandler2.xml (RunModel)" time="0.01" />
  <testcase classname="ptolemy.util.test.junit.AutoTests" name="[368] /home/travis/build/icyphy/ptII/ptolemy/actor/lib/test/auto/TestExceptionHandler3.xml (RunModel)" time="0.01" />
  <testcase classname="ptolemy.util.test.junit.AutoTests" name="[369] /home/travis/build/icyphy/ptII/ptolemy/actor/lib/test/auto/TestExceptionHandler4.xml (RunModel)" time="0.006" />
  <testcase classname="ptolemy.util.test.junit.AutoTests" name="[370] /home/travis/build/icyphy/ptII/ptolemy/actor/lib/test/auto/TestRequireCorrectOrder.xml (RunModel)" time="0.01" />
  <testcase classname="ptolemy.util.test.junit.AutoTests" name="[371] /home/travis/build/icyphy/ptII/ptolemy/actor/lib/test/auto/TestSimple.xml (RunModel)" time="0.011" />
  <testcase classname="ptolemy.util.test.junit.AutoTests" name="[372] /home/travis/build/icyphy/ptII/ptolemy/actor/lib/test/auto/ThrowModelError.xml (RunModel)" time="0.011" />
  <testcase classname="ptolemy.util.test.junit.AutoTests" name="[373] /home/travis/build/icyphy/ptII/ptolemy/actor/lib/test/auto/TimeDelayMicrosteps.xml (RunModel)" time="0.015" />
  <testcase classname="ptolemy.util.test.junit.AutoTests" name="[374] /home/travis/build/icyphy/ptII/ptolemy/actor/lib/test/auto/TimeDelayMicrosteps2.xml (RunModel)" time="0.018" />
  <testcase classname="ptolemy.util.test.junit.AutoTests" name="[375] /home/travis/build/icyphy/ptII/ptolemy/actor/lib/test/auto/TimeDelayMicrosteps3.xml (RunModel)" time="0.014" />
  <testcase classname="ptolemy.util.test.junit.AutoTests" name="[376] /home/travis/build/icyphy/ptII/ptolemy/actor/lib/test/auto/TimeDelayVariableMicrosteps.xml (RunModel)" time="0.014" />
  <testcase classname="ptolemy.util.test.junit.AutoTests" name="[377] /home/travis/build/icyphy/ptII/ptolemy/actor/lib/test/auto/TimeGap.xml (RunModel)" time="0.014" />
  <testcase classname="ptolemy.util.test.junit.AutoTests" name="[378] /home/travis/build/icyphy/ptII/ptolemy/actor/lib/test/auto/TimeGap2.xml (RunModel)" time="0.011" />
  <testcase classname="ptolemy.util.test.junit.AutoTests" name="[379] /home/travis/build/icyphy/ptII/ptolemy/actor/lib/test/auto/TimedSinewave.xml (RunModel)" time="0.07" />
  <testcase classname="ptolemy.util.test.junit.AutoTests" name="[380] /home/travis/build/icyphy/ptII/ptolemy/actor/lib/test/auto/TimedSinewavePhase.xml (RunModel)" time="0.03" />
  <testcase classname="ptolemy.util.test.junit.AutoTests" name="[381] /home/travis/build/icyphy/ptII/ptolemy/actor/lib/test/auto/Timer.xml (RunModel)" time="0.015" />
  <testcase classname="ptolemy.util.test.junit.AutoTests" name="[382] /home/travis/build/icyphy/ptII/ptolemy/actor/lib/test/auto/TriangularDistTestModel.xml (RunModel)" time="0.016" />
  <testcase classname="ptolemy.util.test.junit.AutoTests" name="[383] /home/travis/build/icyphy/ptII/ptolemy/actor/lib/test/auto/TrigFunction.xml (RunModel)" time="0.009" />
  <testcase classname="ptolemy.util.test.junit.AutoTests" name="[384] /home/travis/build/icyphy/ptII/ptolemy/actor/lib/test/auto/TrigFunctionDE.xml (RunModel)" time="0.011" />
  <testcase classname="ptolemy.util.test.junit.AutoTests" name="[385] /home/travis/build/icyphy/ptII/ptolemy/actor/lib/test/auto/TrigFunctionInverse.xml (RunModel)" time="0.01" />
  <testcase classname="ptolemy.util.test.junit.AutoTests" name="[386] /home/travis/build/icyphy/ptII/ptolemy/actor/lib/test/auto/TrigFunctionTan.xml (RunModel)" time="0.008" />
  <testcase classname="ptolemy.util.test.junit.AutoTests" name="[387] /home/travis/build/icyphy/ptII/ptolemy/actor/lib/test/auto/TriggeredClock.xml (RunModel)" time="0.008" />
  <testcase classname="ptolemy.util.test.junit.AutoTests" name="[388] /home/travis/build/icyphy/ptII/ptolemy/actor/lib/test/auto/URLDirectoryReader.xml (RunModel)" time="0.098" />
  <testcase classname="ptolemy.util.test.junit.AutoTests" name="[389] /home/travis/build/icyphy/ptII/ptolemy/actor/lib/test/auto/URLDirectoryReader3.xml (RunModel)" time="1.405" />
  <testcase classname="ptolemy.util.test.junit.AutoTests" name="[390] /home/travis/build/icyphy/ptII/ptolemy/actor/lib/test/auto/UnaryMathFunction.xml (RunModel)" time="0.023" />
  <testcase classname="ptolemy.util.test.junit.AutoTests" name="[391] /home/travis/build/icyphy/ptII/ptolemy/actor/lib/test/auto/Uniform.xml (RunModel)" time="0.012" />
  <testcase classname="ptolemy.util.test.junit.AutoTests" name="[392] /home/travis/build/icyphy/ptII/ptolemy/actor/lib/test/auto/UnionDisassemblerTest.xml (RunModel)" time="0.007" />
  <testcase classname="ptolemy.util.test.junit.AutoTests" name="[393] /home/travis/build/icyphy/ptII/ptolemy/actor/lib/test/auto/UtilityFunctions.xml (RunModel)" time="0.026" />
  <testcase classname="ptolemy.util.test.junit.AutoTests" name="[394] /home/travis/build/icyphy/ptII/ptolemy/actor/lib/test/auto/VariableSleep.xml (RunModel)" time="0.54" />
  <testcase classname="ptolemy.util.test.junit.AutoTests" name="[395] /home/travis/build/icyphy/ptII/ptolemy/actor/lib/test/auto/VectorAssemblerDisassemblerCT.xml (RunModel)" time="0.162" />
  <testcase classname="ptolemy.util.test.junit.AutoTests" name="[396] /home/travis/build/icyphy/ptII/ptolemy/actor/lib/test/auto/VectorAssemblerDisassemblerDE.xml (RunModel)" time="0.015" />
  <testcase classname="ptolemy.util.test.junit.AutoTests" name="[397] /home/travis/build/icyphy/ptII/ptolemy/actor/lib/test/auto/VectorAssemblerDisassemblerSDF.xml (RunModel)" time="0.013" />
  <testcase classname="ptolemy.util.test.junit.AutoTests" name="[398] /home/travis/build/icyphy/ptII/ptolemy/actor/lib/test/auto/WallClockTime.xml (RunModel)" time="1.013" />
  <testcase classname="ptolemy.util.test.junit.AutoTests" name="[399] /home/travis/build/icyphy/ptII/ptolemy/actor/lib/test/auto/WidthTestWithSubscriberPublisher.xml (RunModel)" time="0.044" />
  <testcase classname="ptolemy.util.test.junit.AutoTests" name="[400] /home/travis/build/icyphy/ptII/ptolemy/actor/lib/test/auto/WidthTestWithSubscriberPublisher2.xml (RunModel)" time="0.029" />
  <testcase classname="ptolemy.util.test.junit.AutoTests" name="[401] /home/travis/build/icyphy/ptII/ptolemy/actor/lib/test/auto/WidthTestWithSubscriberPublisher3.xml (RunModel)" time="0.012" />
  <testcase classname="ptolemy.util.test.junit.AutoTests" name="[402] /home/travis/build/icyphy/ptII/ptolemy/actor/lib/test/auto/Writer.xml (RunModel)" time="0.008" />
  <testcase classname="ptolemy.util.test.junit.AutoTests" name="[403] /home/travis/build/icyphy/ptII/ptolemy/actor/lib/test/auto/array.xml (RunModel)" time="0.01" />
  <testcase classname="ptolemy.util.test.junit.AutoTests" name="[404] /home/travis/build/icyphy/ptII/ptolemy/actor/lib/test/auto/array2.xml (RunModel)" time="0.014" />
  <testcase classname="ptolemy.util.test.junit.AutoTests" name="[405] /home/travis/build/icyphy/ptII/ptolemy/actor/lib/test/auto/arrayType.xml (RunModel)" time="0.016" />
  <testcase classname="ptolemy.util.test.junit.AutoTests" name="[406] /home/travis/build/icyphy/ptII/ptolemy/actor/lib/test/auto/arrayType10.xml (RunModel)" time="0.009" />
  <testcase classname="ptolemy.util.test.junit.AutoTests" name="[407] /home/travis/build/icyphy/ptII/ptolemy/actor/lib/test/auto/arrayType11.xml (RunModel)" time="0.009" />
  <testcase classname="ptolemy.util.test.junit.AutoTests" name="[408] /home/travis/build/icyphy/ptII/ptolemy/actor/lib/test/auto/arrayType12.xml (RunModel)" time="0.011" />
  <testcase classname="ptolemy.util.test.junit.AutoTests" name="[409] /home/travis/build/icyphy/ptII/ptolemy/actor/lib/test/auto/arrayType13.xml (RunModel)" time="0.011" />
  <testcase classname="ptolemy.util.test.junit.AutoTests" name="[410] /home/travis/build/icyphy/ptII/ptolemy/actor/lib/test/auto/arrayType14.xml (RunModel)" time="0.011" />
  <testcase classname="ptolemy.util.test.junit.AutoTests" name="[411] /home/travis/build/icyphy/ptII/ptolemy/actor/lib/test/auto/arrayType15.xml (RunModel)" time="0.01" />
  <testcase classname="ptolemy.util.test.junit.AutoTests" name="[412] /home/travis/build/icyphy/ptII/ptolemy/actor/lib/test/auto/arrayType16.xml (RunModel)" time="0.011" />
  <testcase classname="ptolemy.util.test.junit.AutoTests" name="[413] /home/travis/build/icyphy/ptII/ptolemy/actor/lib/test/auto/arrayType17.xml (RunModel)" time="0.011" />
  <testcase classname="ptolemy.util.test.junit.AutoTests" name="[414] /home/travis/build/icyphy/ptII/ptolemy/actor/lib/test/auto/arrayType18.xml (RunModel)" time="0.009" />
  <testcase classname="ptolemy.util.test.junit.AutoTests" name="[415] /home/travis/build/icyphy/ptII/ptolemy/actor/lib/test/auto/arrayType19.xml (RunModel)" time="0.009" />
  <testcase classname="ptolemy.util.test.junit.AutoTests" name="[416] /home/travis/build/icyphy/ptII/ptolemy/actor/lib/test/auto/arrayType2.xml (RunModel)" time="0.015" />
  <testcase classname="ptolemy.util.test.junit.AutoTests" name="[417] /home/travis/build/icyphy/ptII/ptolemy/actor/lib/test/auto/arrayType20.xml (RunModel)" time="0.031" />
  <testcase classname="ptolemy.util.test.junit.AutoTests" name="[418] /home/travis/build/icyphy/ptII/ptolemy/actor/lib/test/auto/arrayType21.xml (RunModel)" time="0.011" />
  <testcase classname="ptolemy.util.test.junit.AutoTests" name="[419] /home/travis/build/icyphy/ptII/ptolemy/actor/lib/test/auto/arrayType22.xml (RunModel)" time="0.009" />
  <testcase classname="ptolemy.util.test.junit.AutoTests" name="[420] /home/travis/build/icyphy/ptII/ptolemy/actor/lib/test/auto/arrayType23.xml (RunModel)" time="0.011" />
  <testcase classname="ptolemy.util.test.junit.AutoTests" name="[421] /home/travis/build/icyphy/ptII/ptolemy/actor/lib/test/auto/arrayType24.xml (RunModel)" time="0.011" />
  <testcase classname="ptolemy.util.test.junit.AutoTests" name="[422] /home/travis/build/icyphy/ptII/ptolemy/actor/lib/test/auto/arrayType25.xml (RunModel)" time="0.01" />
  <testcase classname="ptolemy.util.test.junit.AutoTests" name="[423] /home/travis/build/icyphy/ptII/ptolemy/actor/lib/test/auto/arrayType26.xml (RunModel)" time="0.01" />
  <testcase classname="ptolemy.util.test.junit.AutoTests" name="[424] /home/travis/build/icyphy/ptII/ptolemy/actor/lib/test/auto/arrayType27.xml (RunModel)" time="0.01" />
  <testcase classname="ptolemy.util.test.junit.AutoTests" name="[425] /home/travis/build/icyphy/ptII/ptolemy/actor/lib/test/auto/arrayType28.xml (RunModel)" time="0.009" />
  <testcase classname="ptolemy.util.test.junit.AutoTests" name="[426] /home/travis/build/icyphy/ptII/ptolemy/actor/lib/test/auto/arrayType3.xml (RunModel)" time="0.01" />
  <testcase classname="ptolemy.util.test.junit.AutoTests" name="[427] /home/travis/build/icyphy/ptII/ptolemy/actor/lib/test/auto/arrayType4.xml (RunModel)" time="0.01" />
  <testcase classname="ptolemy.util.test.junit.AutoTests" name="[428] /home/travis/build/icyphy/ptII/ptolemy/actor/lib/test/auto/arrayType5.xml (RunModel)" time="0.011" />
  <testcase classname="ptolemy.util.test.junit.AutoTests" name="[429] /home/travis/build/icyphy/ptII/ptolemy/actor/lib/test/auto/arrayType6.xml (RunModel)" time="0.009" />
  <testcase classname="ptolemy.util.test.junit.AutoTests" name="[430] /home/travis/build/icyphy/ptII/ptolemy/actor/lib/test/auto/arrayType7.xml (RunModel)" time="0.011" />
  <testcase classname="ptolemy.util.test.junit.AutoTests" name="[431] /home/travis/build/icyphy/ptII/ptolemy/actor/lib/test/auto/arrayType8.xml (RunModel)" time="0.024" />
  <testcase classname="ptolemy.util.test.junit.AutoTests" name="[432] /home/travis/build/icyphy/ptII/ptolemy/actor/lib/test/auto/arrayType9.xml (RunModel)" time="0.013" />
  <testcase classname="ptolemy.util.test.junit.AutoTests" name="[433] /home/travis/build/icyphy/ptII/ptolemy/actor/lib/test/auto/cast.xml (RunModel)" time="0.01" />
  <testcase classname="ptolemy.util.test.junit.AutoTests" name="[434] /home/travis/build/icyphy/ptII/ptolemy/actor/lib/test/auto/compositeMultiPort.xml (RunModel)" time="0.018" />
  <testcase classname="ptolemy.util.test.junit.AutoTests" name="[435] /home/travis/build/icyphy/ptII/ptolemy/actor/lib/test/auto/expressionCastInference.xml (RunModel)" time="0.009" />
  <testcase classname="ptolemy.util.test.junit.AutoTests" name="[436] /home/travis/build/icyphy/ptII/ptolemy/actor/lib/test/auto/expressionCastInference2.xml (RunModel)" time="0.009" />
  <testcase classname="ptolemy.util.test.junit.AutoTests" name="[437] /home/travis/build/icyphy/ptII/ptolemy/actor/lib/test/auto/expressionInference.xml (RunModel)" time="0.008" />
  <testcase classname="ptolemy.util.test.junit.AutoTests" name="[438] /home/travis/build/icyphy/ptII/ptolemy/actor/lib/test/auto/expression_bug.xml (RunModel)" time="0.011" />
  <testcase classname="ptolemy.util.test.junit.AutoTests" name="[439] /home/travis/build/icyphy/ptII/ptolemy/actor/lib/test/auto/factorial.xml (RunModel)" time="0.048" />
  <testcase classname="ptolemy.util.test.junit.AutoTests" name="[440] /home/travis/build/icyphy/ptII/ptolemy/actor/lib/test/auto/filterTest1.xml (RunModel)" time="0.012" />
  <testcase classname="ptolemy.util.test.junit.AutoTests" name="[441] /home/travis/build/icyphy/ptII/ptolemy/actor/lib/test/auto/funcApplyInConst.xml (RunModel)" time="0.006" />
  <testcase classname="ptolemy.util.test.junit.AutoTests" name="[442] /home/travis/build/icyphy/ptII/ptolemy/actor/lib/test/auto/funcApplyInExpr.xml (RunModel)" time="0.006" />
  <testcase classname="ptolemy.util.test.junit.AutoTests" name="[443] /home/travis/build/icyphy/ptII/ptolemy/actor/lib/test/auto/function.xml (RunModel)" time="0.008" />
  <testcase classname="ptolemy.util.test.junit.AutoTests" name="[444] /home/travis/build/icyphy/ptII/ptolemy/actor/lib/test/auto/function2.xml (RunModel)" time="0.009" />
  <testcase classname="ptolemy.util.test.junit.AutoTests" name="[445] /home/travis/build/icyphy/ptII/ptolemy/actor/lib/test/auto/function3.xml (RunModel)" time="0.01" />
  <testcase classname="ptolemy.util.test.junit.AutoTests" name="[446] /home/travis/build/icyphy/ptII/ptolemy/actor/lib/test/auto/functionClosureTest1.xml (RunModel)" time="0.011" />
  <testcase classname="ptolemy.util.test.junit.AutoTests" name="[447] /home/travis/build/icyphy/ptII/ptolemy/actor/lib/test/auto/functionClosureTest2.xml (RunModel)" time="0.007" />
  <testcase classname="ptolemy.util.test.junit.AutoTests" name="[448] /home/travis/build/icyphy/ptII/ptolemy/actor/lib/test/auto/functionClosureTest3.xml (RunModel)" time="0.009" />
  <testcase classname="ptolemy.util.test.junit.AutoTests" name="[449] /home/travis/build/icyphy/ptII/ptolemy/actor/lib/test/auto/functionClosureTest4.xml (RunModel)" time="0.013" />
  <testcase classname="ptolemy.util.test.junit.AutoTests" name="[450] /home/travis/build/icyphy/ptII/ptolemy/actor/lib/test/auto/functionClosureTest5.xml (RunModel)" time="0.012" />
  <testcase classname="ptolemy.util.test.junit.AutoTests" name="[451] /home/travis/build/icyphy/ptII/ptolemy/actor/lib/test/auto/functionClosureTest6.xml (RunModel)" time="0.009" />
  <testcase classname="ptolemy.util.test.junit.AutoTests" name="[452] /home/travis/build/icyphy/ptII/ptolemy/actor/lib/test/auto/functionsOnArcs.xml (RunModel)" time="0.01" />
  <testcase classname="ptolemy.util.test.junit.AutoTests" name="[453] /home/travis/build/icyphy/ptII/ptolemy/actor/lib/test/auto/functionsOnArcsHOF.xml (RunModel)" time="0.012" />
  <testcase classname="ptolemy.util.test.junit.AutoTests" name="[454] /home/travis/build/icyphy/ptII/ptolemy/actor/lib/test/auto/logic.xml (RunModel)" time="0.017" />
  <testcase classname="ptolemy.util.test.junit.AutoTests" name="[455] /home/travis/build/icyphy/ptII/ptolemy/actor/lib/test/auto/matrixType.xml (RunModel)" time="0.009" />
  <testcase classname="ptolemy.util.test.junit.AutoTests" name="[456] /home/travis/build/icyphy/ptII/ptolemy/actor/lib/test/auto/matrixType10.xml (RunModel)" time="0.009" />
  <testcase classname="ptolemy.util.test.junit.AutoTests" name="[457] /home/travis/build/icyphy/ptII/ptolemy/actor/lib/test/auto/matrixType11.xml (RunModel)" time="0.009" />
  <testcase classname="ptolemy.util.test.junit.AutoTests" name="[458] /home/travis/build/icyphy/ptII/ptolemy/actor/lib/test/auto/matrixType12.xml (RunModel)" time="0.008" />
  <testcase classname="ptolemy.util.test.junit.AutoTests" name="[459] /home/travis/build/icyphy/ptII/ptolemy/actor/lib/test/auto/matrixType13.xml (RunModel)" time="0.009" />
  <testcase classname="ptolemy.util.test.junit.AutoTests" name="[460] /home/travis/build/icyphy/ptII/ptolemy/actor/lib/test/auto/matrixType14.xml (RunModel)" time="0.009" />
  <testcase classname="ptolemy.util.test.junit.AutoTests" name="[461] /home/travis/build/icyphy/ptII/ptolemy/actor/lib/test/auto/matrixType2.xml (RunModel)" time="0.009" />
  <testcase classname="ptolemy.util.test.junit.AutoTests" name="[462] /home/travis/build/icyphy/ptII/ptolemy/actor/lib/test/auto/matrixType3.xml (RunModel)" time="0.008" />
  <testcase classname="ptolemy.util.test.junit.AutoTests" name="[463] /home/travis/build/icyphy/ptII/ptolemy/actor/lib/test/auto/matrixType4.xml (RunModel)" time="0.009" />
  <testcase classname="ptolemy.util.test.junit.AutoTests" name="[464] /home/travis/build/icyphy/ptII/ptolemy/actor/lib/test/auto/matrixType5.xml (RunModel)" time="0.01" />
  <testcase classname="ptolemy.util.test.junit.AutoTests" name="[465] /home/travis/build/icyphy/ptII/ptolemy/actor/lib/test/auto/matrixType6.xml (RunModel)" time="0.013" />
  <testcase classname="ptolemy.util.test.junit.AutoTests" name="[466] /home/travis/build/icyphy/ptII/ptolemy/actor/lib/test/auto/matrixType7.xml (RunModel)" time="0.009" />
  <testcase classname="ptolemy.util.test.junit.AutoTests" name="[467] /home/travis/build/icyphy/ptII/ptolemy/actor/lib/test/auto/matrixType8.xml (RunModel)" time="0.009" />
  <testcase classname="ptolemy.util.test.junit.AutoTests" name="[468] /home/travis/build/icyphy/ptII/ptolemy/actor/lib/test/auto/matrixType9.xml (RunModel)" time="0.009" />
  <testcase classname="ptolemy.util.test.junit.AutoTests" name="[469] /home/travis/build/icyphy/ptII/ptolemy/actor/lib/test/auto/paraFunctest.xml (RunModel)" time="0.008" />
  <testcase classname="ptolemy.util.test.junit.AutoTests" name="[470] /home/travis/build/icyphy/ptII/ptolemy/actor/lib/test/auto/paraFunctest2.xml (RunModel)" time="0.008" />
  <testcase classname="ptolemy.util.test.junit.AutoTests" name="[471] /home/travis/build/icyphy/ptII/ptolemy/actor/lib/test/auto/parameterPassing.xml (RunModel)" time="0.009" />
  <testcase classname="ptolemy.util.test.junit.AutoTests" name="[472] /home/travis/build/icyphy/ptII/ptolemy/actor/lib/test/auto/record.xml (RunModel)" time="0.009" />
  <testcase classname="ptolemy.util.test.junit.AutoTests" name="[473] /home/travis/build/icyphy/ptII/ptolemy/actor/lib/test/auto/sizedarray1.xml (RunModel)" time="0.01" />
  <testcase classname="ptolemy.util.test.junit.AutoTests" name="[474] /home/travis/build/icyphy/ptII/ptolemy/actor/lib/test/auto/sizedarray2.xml (RunModel)" time="0.01" />
  <testcase classname="ptolemy.util.test.junit.AutoTests" name="[475] /home/travis/build/icyphy/ptII/ptolemy/actor/lib/test/auto/twoPublishers.xml (RunModel)" time="0.026" />
  <system-out><![CDATA[/home/travis/build/icyphy/ptII/ptolemy/actor/lib/test/AbsoluteValue.tcl
testDefs.tcl: setting time out to 9000 seconds at Tue Oct 30 02:33:15 UTC 2018
69 ms. Memory: 116224K Free: 106794K (92%)
4 ms. Memory: 116224K Free: 105580K (91%)
4 ms. Memory: 116224K Free: 104985K (90%)
4 ms. Memory: 116224K Free: 103796K (89%)
/home/travis/build/icyphy/ptII/ptolemy/actor/lib/test/AddSubtract.tcl
8 ms. Memory: 116224K Free: 101995K (88%)
6 ms. Memory: 116224K Free: 100781K (87%)
4 ms. Memory: 116224K Free: 100186K (86%)
5 ms. Memory: 116224K Free: 99590K (86%)
7 ms. Memory: 116224K Free: 98979K (85%)
4 ms. Memory: 116224K Free: 97781K (84%)
/home/travis/build/icyphy/ptII/ptolemy/actor/lib/test/Average.tcl
6 ms. Memory: 116224K Free: 96551K (83%)
6 ms. Memory: 116224K Free: 94749K (82%)
/home/travis/build/icyphy/ptII/ptolemy/actor/lib/test/Bernoulli.tcl
4 ms. Memory: 116224K Free: 93544K (80%)
1 ms. Memory: 116224K Free: 92933K (80%)
/home/travis/build/icyphy/ptII/ptolemy/actor/lib/test/Clock.tcl
preinitializing
resolving types
initializing
executing number 1
wrapping up
idle
21 ms. Memory: 116224K Free: 90520K (78%)
Completed execution with 5 iterations
preinitializing
resolving types
initializing
executing number 1
wrapping up
idle
7 ms. Memory: 116224K Free: 89917K (77%)
Completed execution with 5 iterations
preinitializing
resolving types
initializing
executing number 1
wrapping up
idle
3 ms. Memory: 116224K Free: 89314K (77%)
Completed execution with 5 iterations
/home/travis/build/icyphy/ptII/ptolemy/actor/lib/test/Commutator.tcl
5 ms. Memory: 116224K Free: 87513K (75%)
5 ms. Memory: 116224K Free: 86315K (74%)
8 ms. Memory: 116224K Free: 81969K (71%)
/home/travis/build/icyphy/ptII/ptolemy/actor/lib/test/Const.tcl
4 ms. Memory: 146944K Free: 140357K (96%)
3 ms. Memory: 146944K Free: 139137K (95%)
2 ms. Memory: 146944K Free: 139137K (95%)
2 ms. Memory: 146944K Free: 137918K (94%)
2 ms. Memory: 146944K Free: 137518K (94%)
27 ms. Memory: 146944K Free: 135111K (92%)
12 ms. Memory: 146944K Free: 135111K (92%)
4 ms. Memory: 146944K Free: 133907K (91%)
/home/travis/build/icyphy/ptII/ptolemy/actor/lib/test/CurrentTime.tcl
preinitializing
resolving types
initializing
executing number 1
wrapping up
idle
8 ms. Memory: 146944K Free: 131483K (89%)
Completed execution with 11 iterations
/home/travis/build/icyphy/ptII/ptolemy/actor/lib/test/DB.tcl
4 ms. Memory: 146944K Free: 130278K (89%)
2 ms. Memory: 146944K Free: 129075K (88%)
2 ms. Memory: 146944K Free: 129075K (88%)
/home/travis/build/icyphy/ptII/ptolemy/actor/lib/test/DiscreteRandomSource.tcl
preinitializing
resolving types
initializing
executing number 1
wrapping up
idle
11 ms. Memory: 146944K Free: 127871K (87%)
Completed execution with 4 iterations
preinitializing
resolving types
initializing
executing number 1
wrapping up
idle
9 ms. Memory: 146944K Free: 126660K (86%)
Completed execution with 4 iterations
preinitializing
resolving types
initializing
executing number 1
wrapping up
idle
3 ms. Memory: 146944K Free: 126660K (86%)
Completed execution with 4 iterations
preinitializing
resolving types
initializing
executing number 1
wrapping up
idle
3 ms. Memory: 146944K Free: 125440K (85%)
Completed execution with 4 iterations
preinitializing
resolving types
initializing
executing number 1
wrapping up
idle
3 ms. Memory: 146944K Free: 125440K (85%)
Completed execution with 4 iterations
/home/travis/build/icyphy/ptII/ptolemy/actor/lib/test/Distributor.tcl
4 ms. Memory: 146944K Free: 124235K (85%)
3 ms. Memory: 146944K Free: 123016K (84%)
StreamChangeRequest.changeExecuted(): <deleteEntity name="rec2"/> succeeded
StreamChangeRequest.changeExecuted(): <deleteRelation name="r2"/> succeeded
StreamChangeRequest.changeExecuted(): Record firings per iteration succeeded
5 ms. Memory: 146944K Free: 120592K (82%)
/home/travis/build/icyphy/ptII/ptolemy/actor/lib/test/Exit.tcl
Exit.tcl: this will print a message about Manager.exitAfterWrapup, which can be ignored.
3 ms. Memory: 146944K Free: 116342K (79%)
/home/travis/build/icyphy/ptII/ptolemy/actor/lib/test/Expression.tcl
12 ms. Memory: 146944K Free: 112704K (77%)
3 ms. Memory: 146944K Free: 112704K (77%)
2 ms. Memory: 146944K Free: 111485K (76%)
preinitializing
resolving types
initializing
executing number 1
wrapping up
idle
10 ms. Memory: 146944K Free: 110281K (75%)
Completed execution with 6 iterations
16 ms. Memory: 146944K Free: 109078K (74%)
3 ms. Memory: 146944K Free: 109078K (74%)
21 ms. Memory: 146944K Free: 107873K (73%)
10 ms. Memory: 146944K Free: 106669K (73%)
9 ms. Memory: 146944K Free: 105465K (72%)
/home/travis/build/icyphy/ptII/ptolemy/actor/lib/test/Gaussian.tcl
4 ms. Memory: 146944K Free: 103058K (70%)
sleeping 1 seconds: ...............................................................................................................................................................................................................................................................................................................................................................................................................................................................................................................................................................................................................................................................................................................................................................................................................................................................................................................................................................................................................................................................................................................................................................................................................................................................................................................................................................................................................................................................................................................................................................................................................................................................................................................................................................................................................................................................................................................................................................................................................................................................................................................................................................................................................................................................................................................................................................................................................................................................................................................................................................................................................................................................................................................................................................................................................................................................................................................................................................................................................................................................................................................................................................................................................................................................................................................................................................................................................................................................................................................................................................................................................................................................................................................................................................................................................................................................................................................................................................................................................................................................................................................................................................................................................................................................................................................................................................................................................................................................................................................................................................................................................................................................................................................................................................................................................................................................................................................................................................................................................................................................................................................................................................................................................................................................................................................................................................................................................................................................................................................................................................................................................................................................................................................................................................................................................................................................................................................................................................................................................................................................................................................................................................................................................................................................................................................................................................................................................................................................................................................................................................................................................................................................................................................................................................................................................................................................................................................................................................................................................................................................................................................................................................................................................................................................................................................................................................................................................................................................................................................................................................................................................................................................................................................................................................................................................................................................................................................................................................................................................................................................................................................................................................................................................................................................................................................................................................................................................................................................................................................................................................................................................................................................................................................................................................................................................................................................................................................................................................................................................................................................................................................................................................................................................................................................................................................................................................................................................................................................................................................................................................................................................................................................................................................................................................................................................................................................................................................................................................................................................................................................................................................................................................................................................................................................................................................................................................................................................................................................................................................................................................................................................................................................................................................................................................................................................................................................................................................................................................................................................................................................................................................................................................................................................................................................................................................................................................................................................................................................................................................................................................................................................................................................................................................................................................................................................................................................................................................................................................................................................................................................................................................................................................................................................................................................................................................................................................................................................................................................................................................................................................................................................................................................................................................................................................................................................................................................................................................................................................................................................................................................................................................................................................................................................................................................................................................................................................................................................................................................................................................................................................................................................................................................................................................................................................................................................................................................................................................................................................................................................................................................................................................................................................................................................................................................................................................................................................................................................................................................................................................................................................................................................................................................................................................................................................................................................................................................................................................................................................................................................................................................................................................................................................................................................................................................................................................................................................................................................................................................................................................................................................................................................................................................................................................................................................................................................................................................................................................................................................................................................................................................................................................................................................................................................................................................................................................................................................................................................................................................................................................................................................................................................................................................................................................................................................................................................................................................................................................................................................................................................................................................................................................................................................................................................................................................................................................................................................................................................................................................................................................................................................................................................................................................................................................................................................................................................................................................................................................................................................................................................................................................................................................................................................................................................................................................................................................................................................................................................................................................................................................................................................................................................................................................................................................................................................................................................................................................................................................................................................................................................................................................................................................................................................................................................................................................................................................................................................................................................................................................................................................................................................................................................................................................................................................................................................................................................................................................................................................................................................................................................................................................................................................................................................................................................................................................................................................................................................................................................................................................................................................................................................................................................................................................................................................................................................................................................................................................................................................................................................................................................................................................................................................................................................................................................................................................................................................................................................................................................................................................................................................................................................................................................................................................................................................................................................................................................................................................................................................................................................................................................................................................................................................................................................................................................................................................................................................................................................................................................................................................................................................................................................................................................................................................................................................................................................................................................................................................................................................................................................................................................................................................................................................................................................................................................................................................................................................................................................................................................................................................................................................................................................................................................................................................................................................................................................................................................................................................................................................................................................................................................................................................................................................................................................................................................................................................................................................................................................................................................................................................................................................................................................................................................................................................................................................................................................................................................................................................................................................................................................................................................................................................................................................................................................................................................................................................................................................................................................................................................................................................................................................................................................................................................................................................................................................................................................................................................................................................................................................................................................................................................................................................................................................................................................................................................................................................................................................................................................................................................................................................................................................................................................................................................................................................................................................................................................................................................................................................................................................................................................................................................................................................................................................................................................................................................................................................................................................................................................................................................................................................................................................................................................................................................................................................................................................................................................................................................................................................................................................................................................................................................................................................................................................................................................................................................................................................................................................................................................................................................................................................................................................................................................................................................................................................................................................................................................................................................................................................................................................................................................................................................................................................................................................................................................................................................................................................................................................................................................................................................................................................................................................................................................................................................................................................................................................................................................................................................................................................................................................................................................................................................................................................................................................................................................................................................................................................................................................................................................................................................................................................................................................................................................................................................................................................................................................................................................................................................................................................................................................................................................................................................................................................................................................................................................................................................................................................................................................................................................................................................................................................................................................................................................................................................................................................................................................................................................................................................................................................................................................................................................................................................................................................................................................................................................................................................................................................................................................................................................................................................................................................................................................................................................................................................................................................................................................................................................................................................................................................................................................................................................................................................................................................................................................................................................................................................................................................................................................................................................................................................................................................................................................................................................................................................................................................................................................................................................................................................................................................................................................................................................................................................................................................................................................................................................................................................................................................................................................................................................................................................................................................................................................................................................................................................................................................................................................................................................................................................................................................................................................................................................................................................................................................................................................................................................................................................................................................................................................................................................................................................................................................................................................................................................................................................................................................................................................................................................................................................................................................................................................................................................................................................................................................................................................................................................................................................................................................................................................................................................................................................................................................................................................................................................................................................................................................................................................................................................................................................................................................................................................................................................................................................................................................................................................................................................................................................................................................................................................................................................................................................................................................................................................................................................................................................................................................................................................................................................................................................................................................................................................................................................................................................................................................................................................................................................................................................................................................................................................................................................................................................................................................................................................................................................................................................................................................................................................................................................................................................................................................................................................................................................................................................................................................................................................................................................................................................................................................................................................................................................................................................................................................................................................................................................................................................................................................................................................................................................................................................................................................................................................................................................................................................................................................................................................................................................................................................................................................................................................................................................................................................................................................................................................................................................................................................................................................................................................................................................................................................................................................................................................................................................................................................................................................................................................................................................................................................................................................................................................................................................................................................................................................................................................................................................................................................................................................................................................................................................................................................................................................................................................................................................................................................................................................................................................................................................................................................................................................................................................................................................................................................................................................................................................................................................................................................................................................................................................................................................................................................................................................................................................................................................................................................................................................................................................................................................................................................................................................................................................................................................................................................................................................................................................................................................................................................................................................................................................................................................................................................................................................................................................................................................................................................................................................................................................................................................................................................................................................................................................................................................................................................................................................................................................................................................................................................................................................................................................................................................................................................................................................................................................................................................................................................................................................................................................................................................................................................................................................................................................................................................................................................................................................................................................................................................................................................................................................................................................................................................................................................................................................................................................................................................................................................................................................................................................................................................................................................................................................................................................................................................................................................................................................................................................................................................................................................................................................................................................................................................................................................................................................................................................................................................................................................................................................................................................................................................................................................................................................................................................................................................................................................................................................................................................................................................................................................................................................................................................................................................................................................................................................................................................................................................................................................................................................................................................................................................................................................................................................................................................................................................................................................................................................................................................................................................................................................................................................................................................................................................................................................................................................................................................................................................................................................................................................................................................................................................................................................................................................................................................................................................................................................................................................................................................................................................................................................................................................................................................................................................................................................................................................................................................................................................................................................................................................................................................................................................................................................................................................................................................................................................................................................................................................................................................................................................................................................................................................................................................................................................................................................................................................................................................................................................................................................................................................................................................................................................................................................................................................................................................................................................................................................................................................................................................................................................................................................................................................................................................................................................................................................................................................................................................................................................................................................................................................................................................................................................................................................................................................................................................................................................................................................................................................................................................................................................................................................................................................................................................................................................................................................................................................................................................................................................................................................................................................................................................................................................................................................................................................................................................................................................................................................................................................................................................................................................................................................................................................................................................................................................................................................................................................................................................................................................................................................................................................................................................................................................................................................................................................................................................................................................................................................................................................................................................................................................................................................................................................................................................................................................................................................................................................................................................................................................................................................................................................................................................................................................................................................................................................................................................................................................................................................................................................................................................................................................................................................................................................................................................................................................................................................................................................................................................................................................................................................................................................................................................................................................................................................................................................................................................................................................................................................................................................................................................................................................................................................................................................................................................................................................................................................................................................................................................................................................................................................................................................................................................................................................................................................................................................................................................................................................................................................................................................................................................................................................................................................................................................................................................................................................................................................................................................................................................................................................................................................................................................................................................................................................................................................................................................................................................................................................................................................................................................................................................................................................................................................................................................................................................................................................................................................................................................................................................................................................................................................................................................................................................................................................................................................................................................................................................................................................................................................................................................................................................................................................................................................................................................................................................................................................................................................................................................................................................................................................................................................................................................................................................................................................................................................................................................................................................................................................................................................................................................................................................................................................................................................................................................................................................................................................................................................................................................................................................................................................................................................................................................................................................................................................................................................................................................................................................................................................................................................................................................................................................................................................................................................................................................................................................................................................................................................................................................................................................................................................................................................................................................................................................................................................................................................................................................................................................................................................................................................................................................................................................................................................................................................................................................................................................................................................................................................................................................................................................................................................................................................................................................................................................................................................................................................................................................................................................................................................................................................................................................................................................................................................................................................................................................................................................................................................................................................................................................................................................................................................................................................................................................................................................................................................................................................................................................................................................................................................................................................................................................................................................................................................................................................................................................................................................................................................................................................................................................................................................................................................................................................................................................................................................................................................................................................................................................................................................................................................................................................................................................................................................................................................................................................................................................................................................................................................................................................................................................................................................................................................................................................................................................................................................................................................................................................................................................................................................................................................................................................................................................................................................................................................................................................................................................................................................................................................................................................................................................................................................................................................................................................................................................................................................................................................................................................................................................................................................................................................................................................................................................................................................................................................................................................................................................................................................................................................................................................................................................................................................................................................................................................................................................................................................................................................................................................................................................................................................................................................................................................................................................................................................................................................................................................................................................................................................................................................................................................................................................................................................................................................................................................................................................................................................................................................................................................................................................................................................................................................................................................................................................................................................................................................................................................................................................................................................................................................................................................................................................................................................................................................................................................................................................................................................................................................................................................................................................................................................................................................................................................................................................................................................................................................................................................................................................................................................................................................................................................................................................................................................................................................................................................................................................................................................................................................................................................................................................................................................................................................................................................................................................................................................................................................................................................................................................................................................................................................................................................................................................................................................................................................................................................................................................................................................................................................................................................................................................................................................................................................................................................................................................................................................................................................................................................................................................................................................................................................................................................................................................................................................................................................................................................................................................................................................................................................................................................................................................................................................................................................................................................................................................................................................................................................................................................................................................................................................................................................................................................................................................................................................................................................................................................................................................................................................................................................................................................................................................................................................................................................................................................................................................................................................................................................................................................................................................................................................................................................................................................................................................................................................................................................................................................................................................................................................................................................................................................................................................................................................................................................................................................................................................................................................................................................................................................................................................................................................................................................................................................................................................................................................................................................................................................................................................................................................................................................................................................................................................................................................................................................................................................................................................................................................................................................................................................................................................................................................................................................................................................................................................................................................................................................................................................................................................................................................................................................................................................................................................................................................................................................................................................................................................................................................................................................................................................................................................................................................................................................................................................................................................................................................................................................................................................................................................................................................................................................................................................................................................................................................................................................................................................................................................................................................................................................................................................................................................................................................................................................................................................................................................................................................................................................................................................................................................................................................................................................................................................................................................................................................................................................................................................................................................................................................................................................................................................................................................................................................................................................................................................................................................................................................................................................................................................................................................................................................................................................................................................................................................................................................................................................................................................................................................................................................................................................................................................................................................................................................................................................................................................................................................................................................................................................................................................................................................................................................................................................................................................................................................................................................................................................................................................................................................................................................................................................................................................................................................................................................................................................................................................................................................................................................................................................................................................................................................................................................................................................................................................................................................................................................................................................................................................................................................................................................................................................................................................................................................................................................................................................................................................................................................................................................................................................................................................................................................................................................................................................................................................................................................................................................................................................................................................................................................................................................................................................................................................................................................................................................................................................................................................................................................................................................................................................................................................................................................................................................................................................................................................................................................................................................................................................................................................................................................................................................................................................................................................................................................................................................................................................................................................................................................................................................................................................................................................................................................................................................................................................................................................................................................................................................................................................................................................................................................................................................................................................................................................................................................................................................................................................................................................................................................................................................................................................................................................................................................................................................................................................................................................................................................................................................................................................................................................................................................................................................................................................................................................................................................................................................................................................................................................................................................................................................................................................................................................................................................................................................................................................................................................................................................................................................................................................................................................................................................................................................................................................................................................................................................................................................................................................................................................................................................................................................................................................................................................................................................................................................................................................................................................................................................................................................................................................................................................................................................................................................................................................................................................................................................................................................................................................................................................................................................................................................................................................................................................................................................................................................................................................................................................................................................................................................................................................................................................................................................................................................................................................................................................................................................................................................................................................................................................................................................................................................................................................................................................................................2 ms. Memory: 331776K Free: 292634K (88%)
2 ms. Memory: 331776K Free: 292634K (88%)
2 ms. Memory: 331776K Free: 292634K (88%)
2 ms. Memory: 331776K Free: 292634K (88%)
2 ms. Memory: 331776K Free: 287772K (87%)
/home/travis/build/icyphy/ptII/ptolemy/actor/lib/test/IIR.tcl
/home/travis/build/icyphy/ptII/ptolemy/actor/lib/test/Interpolator.tcl
3 ms. Memory: 331776K Free: 287097K (87%)
2 ms. Memory: 331776K Free: 282252K (85%)
1 ms. Memory: 331776K Free: 282252K (85%)
1 ms. Memory: 331776K Free: 282252K (85%)
3 ms. Memory: 331776K Free: 282252K (85%)
2 ms. Memory: 331776K Free: 282252K (85%)
3 ms. Memory: 331776K Free: 282252K (85%)
3 ms. Memory: 331776K Free: 282252K (85%)
2 ms. Memory: 331776K Free: 277406K (84%)
3 ms. Memory: 331776K Free: 277406K (84%)
/home/travis/build/icyphy/ptII/ptolemy/actor/lib/test/MathFunction.tcl
3 ms. Memory: 331776K Free: 277406K (84%)
2 ms. Memory: 331776K Free: 277406K (84%)
2 ms. Memory: 331776K Free: 272561K (82%)
2 ms. Memory: 331776K Free: 272561K (82%)
3 ms. Memory: 331776K Free: 272561K (82%)
12 ms. Memory: 331776K Free: 267716K (81%)
/home/travis/build/icyphy/ptII/ptolemy/actor/lib/test/Maximum.tcl
3 ms. Memory: 331776K Free: 267716K (81%)
2 ms. Memory: 331776K Free: 267716K (81%)
8 ms. Memory: 331776K Free: 267716K (81%)
3 ms. Memory: 331776K Free: 267716K (81%)
/home/travis/build/icyphy/ptII/ptolemy/actor/lib/test/Minimum.tcl
15 ms. Memory: 331776K Free: 262870K (79%)
2 ms. Memory: 331776K Free: 262870K (79%)
8 ms. Memory: 331776K Free: 262870K (79%)
6 ms. Memory: 331776K Free: 262870K (79%)
/home/travis/build/icyphy/ptII/ptolemy/actor/lib/test/MultiplyDivide.tcl
3 ms. Memory: 331776K Free: 258025K (78%)
3 ms. Memory: 331776K Free: 258025K (78%)
2 ms. Memory: 331776K Free: 258025K (78%)
2 ms. Memory: 331776K Free: 258025K (78%)
2 ms. Memory: 331776K Free: 258025K (78%)
/home/travis/build/icyphy/ptII/ptolemy/actor/lib/test/OrderedMerge.tcl
Connections changed on port: inputA
Connections changed on port: inputB
Connections changed on port: output
Connections changed on port: output
Connections changed on port: output
Connections changed on port: input
.top. Preinitializing ...
Invoking preinitialize():  .top.OrderedMerge
Called preinitialize()
Invoking preinitialize():  .top.Ramp
Called preinitialize()
Invoking preinitialize():  .top.Ramp2
Called preinitialize()
Invoking preinitialize():  .top.Test
Called preinitialize()
Connections changed on port: inputA
Connections changed on port: output
Connections changed on port: inputB
Connections changed on port: output
Connections changed on port: output
Connections changed on port: input
.top. Finished preinitialize().
Called initialize().
Invoking initialize():  .top.OrderedMerge
Initializing actor: .top.OrderedMerge
Adding a thread: .top.OrderedMerge
Invoking initialize():  .top.Ramp
Initializing actor: .top.Ramp
Adding a thread: .top.Ramp
Invoking initialize():  .top.Ramp2
Initializing actor: .top.Ramp2
Adding a thread: .top.Ramp2
Invoking initialize():  .top.Test
Initializing actor: .top.Test
Adding a thread: .top.Test
-- Starting thread.
Called initialize()
Called prefire()
Called fire()
-- Starting thread.
Called initialize()
Called prefire()
Called fire()
Called postfire()
Called prefire()
Called fire()
-- Starting thread.
Called initialize()
Called prefire()
Called fire()
Called postfire()
Called prefire()
Called fire()
Called fire().
Checking for deadlock:
There are 3 Blocked actors, 0 Stopped actors, and 4 active threads.
Waiting for actors to stop.
-- Starting thread.
Called initialize()
Called prefire()
Called fire()
Checking for deadlock:
There are 2 Blocked actors, 0 Stopped actors, and 4 active threads.
Waiting for actors to stop.
Called postfire()
Called prefire()
Called fire()
Checking for deadlock:
There are 3 Blocked actors, 0 Stopped actors, and 4 active threads.
Waiting for actors to stop.
Read input token from inputA with value 0.0
Next port to read input from is inputB
Called postfire()
Called prefire()
Called fire()
Checking for deadlock:
There are 2 Blocked actors, 0 Stopped actors, and 4 active threads.
Waiting for actors to stop.
Called postfire()
Called prefire()
Called fire()
Checking for deadlock:
There are 3 Blocked actors, 0 Stopped actors, and 4 active threads.
Waiting for actors to stop.
Read input token from inputB with value 0.0
Checking for deadlock:
There are 2 Blocked actors, 0 Stopped actors, and 4 active threads.
Waiting for actors to stop.
-- Read input: 0.0, which is expected to match: 0.0
Called prefire()
Called fire()
Checking for deadlock:
There are 3 Blocked actors, 0 Stopped actors, and 4 active threads.
Waiting for actors to stop.
Sent output token with value 0.0
Next port to read input from is inputA
Called postfire()
Called prefire()
Called fire()
Checking for deadlock:
There are 2 Blocked actors, 0 Stopped actors, and 4 active threads.
Waiting for actors to stop.
Called postfire()
Called prefire()
Called fire()
Checking for deadlock:
There are 3 Blocked actors, 0 Stopped actors, and 4 active threads.
Waiting for actors to stop.
Read input token from inputA with value 1.0
Checking for deadlock:
There are 2 Blocked actors, 0 Stopped actors, and 4 active threads.
Waiting for actors to stop.
-- Read input: 0.0, which is expected to match: 0.0
Called prefire()
Called fire()
Checking for deadlock:
There are 3 Blocked actors, 0 Stopped actors, and 4 active threads.
Waiting for actors to stop.
Sent output token with value 0.0
Next port to read input from is inputB
Called postfire()
Called prefire()
Called fire()
Checking for deadlock:
There are 2 Blocked actors, 0 Stopped actors, and 4 active threads.
Waiting for actors to stop.
Called postfire()
Called prefire()
Called fire()
Checking for deadlock:
There are 3 Blocked actors, 0 Stopped actors, and 4 active threads.
Waiting for actors to stop.
Read input token from inputB with value 1.5
Checking for deadlock:
There are 2 Blocked actors, 0 Stopped actors, and 4 active threads.
Waiting for actors to stop.
-- Read input: 1.0, which is expected to match: 1.0
Called prefire()
Called fire()
Checking for deadlock:
There are 3 Blocked actors, 0 Stopped actors, and 4 active threads.
Waiting for actors to stop.
Sent output token with value 1.0
Next port to read input from is inputA
Called postfire()
Called prefire()
Called fire()
Checking for deadlock:
There are 2 Blocked actors, 0 Stopped actors, and 4 active threads.
Waiting for actors to stop.
Called postfire()
Called prefire()
Called fire()
Checking for deadlock:
There are 3 Blocked actors, 0 Stopped actors, and 4 active threads.
Waiting for actors to stop.
Read input token from inputA with value 2.0
Checking for deadlock:
There are 2 Blocked actors, 0 Stopped actors, and 4 active threads.
Waiting for actors to stop.
-- Read input: 1.5, which is expected to match: 1.5
Called prefire()
Called fire()
Checking for deadlock:
There are 3 Blocked actors, 0 Stopped actors, and 4 active threads.
Waiting for actors to stop.
Sent output token with value 1.5
Next port to read input from is inputB
Called postfire()
Called prefire()
Called fire()
Checking for deadlock:
There are 2 Blocked actors, 0 Stopped actors, and 4 active threads.
Waiting for actors to stop.
Called postfire()
Called prefire()
Called fire()
Checking for deadlock:
There are 3 Blocked actors, 0 Stopped actors, and 4 active threads.
Waiting for actors to stop.
Read input token from inputB with value 3.0
Checking for deadlock:
There are 2 Blocked actors, 0 Stopped actors, and 4 active threads.
Waiting for actors to stop.
-- Read input: 2.0, which is expected to match: 2.0
Called prefire()
Called fire()
Checking for deadlock:
There are 3 Blocked actors, 0 Stopped actors, and 4 active threads.
Waiting for actors to stop.
Sent output token with value 2.0
Next port to read input from is inputA
Called postfire()
Called prefire()
Called fire()
Checking for deadlock:
There are 2 Blocked actors, 0 Stopped actors, and 4 active threads.
Waiting for actors to stop.
Called postfire()
Called prefire()
Called fire()
Checking for deadlock:
There are 3 Blocked actors, 0 Stopped actors, and 4 active threads.
Waiting for actors to stop.
Read input token from inputA with value 3.0
Checking for deadlock:
There are 2 Blocked actors, 0 Stopped actors, and 4 active threads.
Waiting for actors to stop.
-- Read input: 3.0, which is expected to match: 3.0
Called prefire()
Called fire()
Checking for deadlock:
There are 3 Blocked actors, 0 Stopped actors, and 4 active threads.
Waiting for actors to stop.
Sent output token with value 3.0
Next port to read input from is inputB
Called postfire()
Called prefire()
Called fire()
Checking for deadlock:
There are 2 Blocked actors, 0 Stopped actors, and 4 active threads.
Waiting for actors to stop.
Called postfire()
Called prefire()
Called fire()
Checking for deadlock:
There are 3 Blocked actors, 0 Stopped actors, and 4 active threads.
Waiting for actors to stop.
Read input token from inputB with value 4.5
Checking for deadlock:
There are 2 Blocked actors, 0 Stopped actors, and 4 active threads.
Waiting for actors to stop.
-- Read input: 3.0, which is expected to match: 3.0
Called prefire()
Called fire()
Checking for deadlock:
There are 3 Blocked actors, 0 Stopped actors, and 4 active threads.
Waiting for actors to stop.
Sent output token with value 3.0
Next port to read input from is inputA
Called postfire()
Called prefire()
Called fire()
Checking for deadlock:
There are 2 Blocked actors, 0 Stopped actors, and 4 active threads.
Waiting for actors to stop.
Called postfire()
Called prefire()
Called fire()
Checking for deadlock:
There are 3 Blocked actors, 0 Stopped actors, and 4 active threads.
Waiting for actors to stop.
Read input token from inputA with value 4.0
Checking for deadlock:
There are 2 Blocked actors, 0 Stopped actors, and 4 active threads.
Waiting for actors to stop.
-- Read input: 4.0, which is expected to match: 4.0
Called prefire()
Called fire()
Past the end of training data. Read and discard all inputs.
Checking for deadlock:
There are 3 Blocked actors, 0 Stopped actors, and 4 active threads.
Waiting for actors to stop.
Sent output token with value 4.0
Next port to read input from is inputA
Called postfire()
Called prefire()
Called fire()
Checking for deadlock:
There are 2 Blocked actors, 0 Stopped actors, and 4 active threads.
Waiting for actors to stop.
Called postfire()
Called prefire()
Called fire()
Checking for deadlock:
There are 3 Blocked actors, 0 Stopped actors, and 4 active threads.
Waiting for actors to stop.
Read input token from inputA with value 5.0
Checking for deadlock:
There are 2 Blocked actors, 0 Stopped actors, and 4 active threads.
Waiting for actors to stop.
Called prefire()
Called fire()
Past the end of training data. Read and discard all inputs.
Checking for deadlock:
There are 3 Blocked actors, 0 Stopped actors, and 4 active threads.
Waiting for actors to stop.
Sent output token with value 4.5
Next port to read input from is inputB
Called postfire()
Called prefire()
Called fire()
Checking for deadlock:
There are 2 Blocked actors, 0 Stopped actors, and 4 active threads.
Waiting for actors to stop.
Called postfire()
Called prefire()
Called fire()
Checking for deadlock:
There are 3 Blocked actors, 0 Stopped actors, and 4 active threads.
Waiting for actors to stop.
Read input token from inputB with value 6.0
Checking for deadlock:
There are 2 Blocked actors, 0 Stopped actors, and 4 active threads.
Waiting for actors to stop.
Called prefire()
Called fire()
Past the end of training data. Read and discard all inputs.
Checking for deadlock:
There are 3 Blocked actors, 0 Stopped actors, and 4 active threads.
Waiting for actors to stop.
Sent output token with value 5.0
Next port to read input from is inputA
Called postfire()
Called prefire()
Called fire()
Checking for deadlock:
There are 2 Blocked actors, 0 Stopped actors, and 4 active threads.
Waiting for actors to stop.
Called postfire()
Called prefire()
Called fire()
Checking for deadlock:
There are 3 Blocked actors, 0 Stopped actors, and 4 active threads.
Waiting for actors to stop.
Read input token from inputA with value 6.0
Checking for deadlock:
There are 2 Blocked actors, 0 Stopped actors, and 4 active threads.
Waiting for actors to stop.
Called prefire()
Called fire()
Past the end of training data. Read and discard all inputs.
Checking for deadlock:
There are 3 Blocked actors, 0 Stopped actors, and 4 active threads.
Waiting for actors to stop.
Sent output token with value 6.0
Next port to read input from is inputB
Called postfire()
Called prefire()
Called fire()
Checking for deadlock:
There are 2 Blocked actors, 0 Stopped actors, and 4 active threads.
Waiting for actors to stop.
Called postfire()
Called prefire()
Called fire()
Checking for deadlock:
There are 3 Blocked actors, 0 Stopped actors, and 4 active threads.
Waiting for actors to stop.
Read input token from inputB with value 7.5
Checking for deadlock:
There are 2 Blocked actors, 0 Stopped actors, and 4 active threads.
Waiting for actors to stop.
Called prefire()
Called fire()
Past the end of training data. Read and discard all inputs.
Checking for deadlock:
There are 3 Blocked actors, 0 Stopped actors, and 4 active threads.
Waiting for actors to stop.
Sent output token with value 6.0
Next port to read input from is inputA
Called postfire()
Called prefire()
Called fire()
Checking for deadlock:
There are 2 Blocked actors, 0 Stopped actors, and 4 active threads.
Waiting for actors to stop.
Called postfire()
Called prefire()
Called fire()
Checking for deadlock:
There are 3 Blocked actors, 0 Stopped actors, and 4 active threads.
Waiting for actors to stop.
Read input token from inputA with value 7.0
Checking for deadlock:
There are 2 Blocked actors, 0 Stopped actors, and 4 active threads.
Waiting for actors to stop.
Called prefire()
Called fire()
Past the end of training data. Read and discard all inputs.
Checking for deadlock:
There are 3 Blocked actors, 0 Stopped actors, and 4 active threads.
Waiting for actors to stop.
Sent output token with value 7.0
Next port to read input from is inputA
Called postfire()
Called prefire()
Called fire()
Checking for deadlock:
There are 2 Blocked actors, 0 Stopped actors, and 4 active threads.
Waiting for actors to stop.
-- Thread wrapup() called.
Called wrapup()
Thread .top.Ramp is exiting.
Checking for deadlock:
There are 2 Blocked actors, 0 Stopped actors, and 3 active threads.
Waiting for actors to stop.
-- Thread stopped.
Read input token from inputA with value 8.0
Checking for deadlock:
There are 1 Blocked actors, 0 Stopped actors, and 3 active threads.
Waiting for actors to stop.
Called prefire()
Called fire()
Past the end of training data. Read and discard all inputs.
Checking for deadlock:
There are 2 Blocked actors, 0 Stopped actors, and 3 active threads.
Waiting for actors to stop.
Sent output token with value 7.5
Next port to read input from is inputB
Called postfire()
Called prefire()
Called fire()
Checking for deadlock:
There are 1 Blocked actors, 0 Stopped actors, and 3 active threads.
Waiting for actors to stop.
Called postfire()
Called prefire()
Called fire()
Checking for deadlock:
There are 2 Blocked actors, 0 Stopped actors, and 3 active threads.
Waiting for actors to stop.
Read input token from inputB with value 9.0
Checking for deadlock:
There are 1 Blocked actors, 0 Stopped actors, and 3 active threads.
Waiting for actors to stop.
Called prefire()
Called fire()
Past the end of training data. Read and discard all inputs.
Checking for deadlock:
There are 2 Blocked actors, 0 Stopped actors, and 3 active threads.
Waiting for actors to stop.
Sent output token with value 8.0
Next port to read input from is inputA
Called postfire()
Called prefire()
Called fire()
Read input token from inputA with value 9.0
Checking for deadlock:
There are 1 Blocked actors, 0 Stopped actors, and 3 active threads.
Waiting for actors to stop.
Called prefire()
Called fire()
Past the end of training data. Read and discard all inputs.
Checking for deadlock:
There are 2 Blocked actors, 0 Stopped actors, and 3 active threads.
Waiting for actors to stop.
Sent output token with value 9.0
Next port to read input from is inputB
Called postfire()
Called prefire()
Called fire()
Checking for deadlock:
There are 1 Blocked actors, 0 Stopped actors, and 3 active threads.
Waiting for actors to stop.
Called postfire()
Called prefire()
Called fire()
Checking for deadlock:
There are 2 Blocked actors, 0 Stopped actors, and 3 active threads.
Waiting for actors to stop.
Read input token from inputB with value 10.5
Checking for deadlock:
There are 1 Blocked actors, 0 Stopped actors, and 3 active threads.
Waiting for actors to stop.
Called prefire()
Called fire()
Past the end of training data. Read and discard all inputs.
Checking for deadlock:
There are 2 Blocked actors, 0 Stopped actors, and 3 active threads.
Waiting for actors to stop.
Sent output token with value 9.0
Next port to read input from is inputA
Called postfire()
Called prefire()
Called fire()
Checking for deadlock:
There are 3 Blocked actors, 0 Stopped actors, and 3 active threads.
Actors have stopped.
Checking for deadlock:
There are 3 Blocked actors, 0 Stopped actors, and 3 active threads.
Deadlock detected.
Resolving Deadlock
Checking for deadlock:
There are 3 Blocked actors, 0 Stopped actors, and 3 active threads.
Artificial Deadlock - increasing queue capacity.
increasing the capacity of receiver ptolemy.actor.TypedIOPort {.top.OrderedMerge.inputB} to 2
Director: Called postfire().
Called postfire().
_stopRequested = false
_stopFireRequested = false
Returning from postfire(): true
Called fire().
Checking for deadlock:
There are 2 Blocked actors, 0 Stopped actors, and 3 active threads.
Waiting for actors to stop.
-- Thread wrapup() called.
Called wrapup()
Thread .top.Ramp2 is exiting.
-- Thread stopped.
Checking for deadlock:
There are 2 Blocked actors, 0 Stopped actors, and 2 active threads.
Actors have stopped.
Checking for deadlock:
There are 2 Blocked actors, 0 Stopped actors, and 2 active threads.
Deadlock detected.
Resolving Deadlock
Checking for deadlock:
There are 2 Blocked actors, 0 Stopped actors, and 2 active threads.
Deadlock detected: no processes blocked on write, but some are blocked on read.
Called postfire().
_stopRequested = false
_stopFireRequested = false
Returning from postfire(): false
Finished deactivating branches.
Called wrapup().
-- Thread wrapup() called.
Called wrapup()
Thread .top.Test is exiting.
-- Thread stopped.
-- Blocked Receiver call threw TerminateProcessException.
-- Thread wrapup() called.
Called wrapup()
Thread .top.OrderedMerge is exiting.
-- Thread stopped.
-- Blocked Receiver call threw TerminateProcessException.
44 ms. Memory: 331776K Free: 243349K (73%)
.top. Preinitializing ...
Invoking preinitialize():  .top.OrderedMerge
Called preinitialize()
Invoking preinitialize():  .top.Ramp
Called preinitialize()
Invoking preinitialize():  .top.Ramp2
Called preinitialize()
Invoking preinitialize():  .top.Test
Called preinitialize()
.top. Finished preinitialize().
Called initialize().
Invoking initialize():  .top.OrderedMerge
Initializing actor: .top.OrderedMerge
Adding a thread: .top.OrderedMerge
Invoking initialize():  .top.Ramp
Initializing actor: .top.Ramp
Adding a thread: .top.Ramp
Invoking initialize():  .top.Ramp2
Initializing actor: .top.Ramp2
Adding a thread: .top.Ramp2
Invoking initialize():  .top.Test
Initializing actor: .top.Test
Adding a thread: .top.Test
-- Starting thread.
Called initialize()
Called prefire()
Called fire()
-- Starting thread.
Called initialize()
Called prefire()
Called fire()
Called postfire()
Called prefire()
Called fire()
-- Starting thread.
Called initialize()
Called prefire()
Called fire()
Called postfire()
Called prefire()
Called fire()
Called fire().
Checking for deadlock:
There are 3 Blocked actors, 0 Stopped actors, and 4 active threads.
Waiting for actors to stop.
-- Starting thread.
Called initialize()
Called prefire()
Called fire()
Checking for deadlock:
There are 2 Blocked actors, 0 Stopped actors, and 4 active threads.
Waiting for actors to stop.
Called postfire()
Called prefire()
Called fire()
Checking for deadlock:
There are 3 Blocked actors, 0 Stopped actors, and 4 active threads.
Waiting for actors to stop.
Read input token from inputA with value 0.0
Next port to read input from is inputB
Called postfire()
Called prefire()
Called fire()
Checking for deadlock:
There are 2 Blocked actors, 0 Stopped actors, and 4 active threads.
Waiting for actors to stop.
Called postfire()
Called prefire()
Called fire()
Checking for deadlock:
There are 3 Blocked actors, 0 Stopped actors, and 4 active threads.
Waiting for actors to stop.
Read input token from inputB with value 0.0
Checking for deadlock:
There are 2 Blocked actors, 0 Stopped actors, and 4 active threads.
Waiting for actors to stop.
-- Read input: 0.0, which is expected to match: 0.0
Called prefire()
Called fire()
Checking for deadlock:
There are 3 Blocked actors, 0 Stopped actors, and 4 active threads.
Waiting for actors to stop.
Sent output token with value 0.0
Next port to read input from is inputA
Called postfire()
Called prefire()
Called fire()
Checking for deadlock:
There are 2 Blocked actors, 0 Stopped actors, and 4 active threads.
Waiting for actors to stop.
Called postfire()
Called prefire()
Called fire()
Checking for deadlock:
There are 3 Blocked actors, 0 Stopped actors, and 4 active threads.
Waiting for actors to stop.
Read input token from inputA with value 1.0
Checking for deadlock:
There are 2 Blocked actors, 0 Stopped actors, and 4 active threads.
Waiting for actors to stop.
-- Read input: 0.0, which is expected to match: 0.0
Called prefire()
Called fire()
Checking for deadlock:
There are 3 Blocked actors, 0 Stopped actors, and 4 active threads.
Waiting for actors to stop.
Sent output token with value 0.0
Next port to read input from is inputB
Called postfire()
Called prefire()
Called fire()
Checking for deadlock:
There are 2 Blocked actors, 0 Stopped actors, and 4 active threads.
Waiting for actors to stop.
Called postfire()
Called prefire()
Called fire()
Checking for deadlock:
There are 3 Blocked actors, 0 Stopped actors, and 4 active threads.
Waiting for actors to stop.
Read input token from inputB with value 1.5
Checking for deadlock:
There are 2 Blocked actors, 0 Stopped actors, and 4 active threads.
Waiting for actors to stop.
-- Read input: 1.0, which is expected to match: 1.0
Called prefire()
Called fire()
Checking for deadlock:
There are 3 Blocked actors, 0 Stopped actors, and 4 active threads.
Waiting for actors to stop.
Sent output token with value 1.0
Next port to read input from is inputA
Called postfire()
Called prefire()
Called fire()
Checking for deadlock:
There are 2 Blocked actors, 0 Stopped actors, and 4 active threads.
Waiting for actors to stop.
Called postfire()
Called prefire()
Called fire()
Checking for deadlock:
There are 3 Blocked actors, 0 Stopped actors, and 4 active threads.
Waiting for actors to stop.
Read input token from inputA with value 2.0
Checking for deadlock:
There are 2 Blocked actors, 0 Stopped actors, and 4 active threads.
Waiting for actors to stop.
-- Read input: 1.5, which is expected to match: 1.5
Called prefire()
Called fire()
Checking for deadlock:
There are 3 Blocked actors, 0 Stopped actors, and 4 active threads.
Waiting for actors to stop.
Sent output token with value 1.5
Next port to read input from is inputB
Called postfire()
Called prefire()
Called fire()
Checking for deadlock:
There are 2 Blocked actors, 0 Stopped actors, and 4 active threads.
Waiting for actors to stop.
Called postfire()
Called prefire()
Called fire()
Checking for deadlock:
There are 3 Blocked actors, 0 Stopped actors, and 4 active threads.
Waiting for actors to stop.
Read input token from inputB with value 3.0
Checking for deadlock:
There are 2 Blocked actors, 0 Stopped actors, and 4 active threads.
Waiting for actors to stop.
-- Read input: 2.0, which is expected to match: 2.0
Called prefire()
Called fire()
Checking for deadlock:
There are 3 Blocked actors, 0 Stopped actors, and 4 active threads.
Waiting for actors to stop.
Sent output token with value 2.0
Next port to read input from is inputA
Called postfire()
Called prefire()
Called fire()
Checking for deadlock:
There are 2 Blocked actors, 0 Stopped actors, and 4 active threads.
Waiting for actors to stop.
Called postfire()
Called prefire()
Called fire()
Checking for deadlock:
There are 3 Blocked actors, 0 Stopped actors, and 4 active threads.
Waiting for actors to stop.
Read input token from inputA with value 3.0
Checking for deadlock:
There are 2 Blocked actors, 0 Stopped actors, and 4 active threads.
Waiting for actors to stop.
-- Read input: 3.0, which is expected to match: 3.0
Called prefire()
Called fire()
Checking for deadlock:
There are 3 Blocked actors, 0 Stopped actors, and 4 active threads.
Waiting for actors to stop.
Sent output token with value 3.0
Next port to read input from is inputB
Called postfire()
Called prefire()
Called fire()
Checking for deadlock:
There are 2 Blocked actors, 0 Stopped actors, and 4 active threads.
Waiting for actors to stop.
Called postfire()
Called prefire()
Called fire()
Checking for deadlock:
There are 3 Blocked actors, 0 Stopped actors, and 4 active threads.
Waiting for actors to stop.
Read input token from inputB with value 4.5
Checking for deadlock:
There are 2 Blocked actors, 0 Stopped actors, and 4 active threads.
Waiting for actors to stop.
-- Read input: 3.0, which is expected to match: 3.0
Called prefire()
Called fire()
Checking for deadlock:
There are 3 Blocked actors, 0 Stopped actors, and 4 active threads.
Waiting for actors to stop.
Sent output token with value 3.0
Next port to read input from is inputA
Called postfire()
Called prefire()
Called fire()
Checking for deadlock:
There are 2 Blocked actors, 0 Stopped actors, and 4 active threads.
Waiting for actors to stop.
Called postfire()
Called prefire()
Called fire()
Checking for deadlock:
There are 3 Blocked actors, 0 Stopped actors, and 4 active threads.
Waiting for actors to stop.
Read input token from inputA with value 4.0
Checking for deadlock:
There are 2 Blocked actors, 0 Stopped actors, and 4 active threads.
Waiting for actors to stop.
-- Read input: 4.0, which is expected to match: 4.0
Called prefire()
Called fire()
Past the end of training data. Read and discard all inputs.
Checking for deadlock:
There are 3 Blocked actors, 0 Stopped actors, and 4 active threads.
Waiting for actors to stop.
Sent output token with value 4.0
Next port to read input from is inputA
Called postfire()
Called prefire()
Called fire()
Checking for deadlock:
There are 2 Blocked actors, 0 Stopped actors, and 4 active threads.
Waiting for actors to stop.
Called postfire()
Called prefire()
Called fire()
Checking for deadlock:
There are 3 Blocked actors, 0 Stopped actors, and 4 active threads.
Waiting for actors to stop.
Read input token from inputA with value 5.0
Checking for deadlock:
There are 2 Blocked actors, 0 Stopped actors, and 4 active threads.
Waiting for actors to stop.
Called prefire()
Called fire()
Past the end of training data. Read and discard all inputs.
Checking for deadlock:
There are 3 Blocked actors, 0 Stopped actors, and 4 active threads.
Waiting for actors to stop.
Sent output token with value 4.5
Next port to read input from is inputB
Called postfire()
Called prefire()
Called fire()
Checking for deadlock:
There are 2 Blocked actors, 0 Stopped actors, and 4 active threads.
Waiting for actors to stop.
Called postfire()
Called prefire()
Called fire()
Checking for deadlock:
There are 3 Blocked actors, 0 Stopped actors, and 4 active threads.
Waiting for actors to stop.
Read input token from inputB with value 6.0
Checking for deadlock:
There are 2 Blocked actors, 0 Stopped actors, and 4 active threads.
Waiting for actors to stop.
Called prefire()
Called fire()
Past the end of training data. Read and discard all inputs.
Checking for deadlock:
There are 3 Blocked actors, 0 Stopped actors, and 4 active threads.
Waiting for actors to stop.
Sent output token with value 5.0
Next port to read input from is inputA
Called postfire()
Called prefire()
Called fire()
Called postfire()
Called prefire()
Called fire()
Checking for deadlock:
There are 3 Blocked actors, 0 Stopped actors, and 4 active threads.
Waiting for actors to stop.
Read input token from inputA with value 6.0
Called prefire()
Called fire()
Past the end of training data. Read and discard all inputs.
Checking for deadlock:
There are 3 Blocked actors, 0 Stopped actors, and 4 active threads.
Waiting for actors to stop.
Sent output token with value 6.0
Next port to read input from is inputB
Called postfire()
Called prefire()
Called fire()
Checking for deadlock:
There are 2 Blocked actors, 0 Stopped actors, and 4 active threads.
Waiting for actors to stop.
Called postfire()
Called prefire()
Called fire()
Checking for deadlock:
There are 3 Blocked actors, 0 Stopped actors, and 4 active threads.
Waiting for actors to stop.
Read input token from inputB with value 7.5
Checking for deadlock:
There are 2 Blocked actors, 0 Stopped actors, and 4 active threads.
Waiting for actors to stop.
Called prefire()
Called fire()
Past the end of training data. Read and discard all inputs.
Checking for deadlock:
There are 3 Blocked actors, 0 Stopped actors, and 4 active threads.
Waiting for actors to stop.
Sent output token with value 6.0
Next port to read input from is inputA
Called postfire()
Called prefire()
Called fire()
Called postfire()
Called prefire()
Called fire()
Checking for deadlock:
There are 3 Blocked actors, 0 Stopped actors, and 4 active threads.
Waiting for actors to stop.
Read input token from inputA with value 7.0
Called prefire()
Called fire()
Past the end of training data. Read and discard all inputs.
Checking for deadlock:
There are 3 Blocked actors, 0 Stopped actors, and 4 active threads.
Waiting for actors to stop.
Sent output token with value 7.0
Next port to read input from is inputA
Called postfire()
Called prefire()
Called fire()
-- Thread wrapup() called.
Called wrapup()
Thread .top.Ramp is exiting.
-- Thread stopped.
Checking for deadlock:
There are 2 Blocked actors, 0 Stopped actors, and 3 active threads.
Waiting for actors to stop.
Read input token from inputA with value 8.0
Called prefire()
Called fire()
Past the end of training data. Read and discard all inputs.
Checking for deadlock:
There are 2 Blocked actors, 0 Stopped actors, and 3 active threads.
Waiting for actors to stop.
Sent output token with value 7.5
Next port to read input from is inputB
Called postfire()
Called prefire()
Called fire()
Checking for deadlock:
There are 1 Blocked actors, 0 Stopped actors, and 3 active threads.
Waiting for actors to stop.
Called postfire()
Called prefire()
Called fire()
Checking for deadlock:
There are 2 Blocked actors, 0 Stopped actors, and 3 active threads.
Waiting for actors to stop.
Read input token from inputB with value 9.0
Checking for deadlock:
There are 1 Blocked actors, 0 Stopped actors, and 3 active threads.
Waiting for actors to stop.
Called prefire()
Called fire()
Past the end of training data. Read and discard all inputs.
Checking for deadlock:
There are 2 Blocked actors, 0 Stopped actors, and 3 active threads.
Waiting for actors to stop.
Sent output token with value 8.0
Next port to read input from is inputA
Called postfire()
Called prefire()
Called fire()
Read input token from inputA with value 9.0
Checking for deadlock:
There are 1 Blocked actors, 0 Stopped actors, and 3 active threads.
Waiting for actors to stop.
Called prefire()
Called fire()
Past the end of training data. Read and discard all inputs.
Checking for deadlock:
There are 2 Blocked actors, 0 Stopped actors, and 3 active threads.
Waiting for actors to stop.
Sent output token with value 9.0
Next port to read input from is inputB
Called postfire()
Called prefire()
Called fire()
Checking for deadlock:
There are 1 Blocked actors, 0 Stopped actors, and 3 active threads.
Waiting for actors to stop.
Called postfire()
Called prefire()
Called fire()
Checking for deadlock:
There are 2 Blocked actors, 0 Stopped actors, and 3 active threads.
Waiting for actors to stop.
Read input token from inputB with value 10.5
Checking for deadlock:
There are 1 Blocked actors, 0 Stopped actors, and 3 active threads.
Waiting for actors to stop.
Called prefire()
Called fire()
Past the end of training data. Read and discard all inputs.
Checking for deadlock:
There are 2 Blocked actors, 0 Stopped actors, and 3 active threads.
Waiting for actors to stop.
Sent output token with value 9.0
Next port to read input from is inputA
Called postfire()
Called prefire()
Called fire()
Checking for deadlock:
There are 3 Blocked actors, 0 Stopped actors, and 3 active threads.
Actors have stopped.
Checking for deadlock:
There are 3 Blocked actors, 0 Stopped actors, and 3 active threads.
Deadlock detected.
Resolving Deadlock
Checking for deadlock:
There are 3 Blocked actors, 0 Stopped actors, and 3 active threads.
Artificial Deadlock - increasing queue capacity.
increasing the capacity of receiver ptolemy.actor.TypedIOPort {.top.OrderedMerge.inputB} to 2
Director: Called postfire().
Called postfire().
_stopRequested = false
_stopFireRequested = false
Returning from postfire(): true
Called fire().
Checking for deadlock:
There are 2 Blocked actors, 0 Stopped actors, and 3 active threads.
Waiting for actors to stop.
-- Thread wrapup() called.
Called wrapup()
Thread .top.Ramp2 is exiting.
-- Thread stopped.
Checking for deadlock:
There are 2 Blocked actors, 0 Stopped actors, and 2 active threads.
Actors have stopped.
Checking for deadlock:
There are 2 Blocked actors, 0 Stopped actors, and 2 active threads.
Deadlock detected.
Resolving Deadlock
Checking for deadlock:
There are 2 Blocked actors, 0 Stopped actors, and 2 active threads.
Deadlock detected: no processes blocked on write, but some are blocked on read.
Called postfire().
_stopRequested = false
_stopFireRequested = false
Returning from postfire(): false
Finished deactivating branches.
Called wrapup().
-- Thread wrapup() called.
Called wrapup()
Thread .top.OrderedMerge is exiting.
-- Thread stopped.
-- Blocked Receiver call threw TerminateProcessException.
-- Thread wrapup() called.
Called wrapup()
Thread .top.Test is exiting.
-- Thread stopped.
-- Blocked Receiver call threw TerminateProcessException.
51 ms. Memory: 331776K Free: 233519K (70%)
/home/travis/build/icyphy/ptII/ptolemy/actor/lib/test/Publisher.tcl
15 ms. Memory: 331776K Free: 228673K (69%)
4 ms. Memory: 331776K Free: 223828K (67%)
3 ms. Memory: 331776K Free: 218983K (66%)
3 ms. Memory: 331776K Free: 218983K (66%)
4 ms. Memory: 331776K Free: 218983K (66%)
3 ms. Memory: 331776K Free: 214137K (65%)
11 ms. Memory: 331776K Free: 214137K (65%)
4 ms. Memory: 331776K Free: 214137K (65%)
1 ms. Memory: 331776K Free: 204445K (62%)
12 ms. Memory: 331776K Free: 199600K (60%)
7 ms. Memory: 331776K Free: 199600K (60%)
4 ms. Memory: 331776K Free: 199600K (60%)
8 ms. Memory: 331776K Free: 189909K (57%)
6 ms. Memory: 331776K Free: 180219K (54%)
7 ms. Memory: 331776K Free: 170528K (51%)
/home/travis/build/icyphy/ptII/ptolemy/actor/lib/test/Pulse.tcl
6 ms. Memory: 331776K Free: 126871K (38%)
6 ms. Memory: 331776K Free: 126871K (38%)
2 ms. Memory: 331776K Free: 126871K (38%)
2 ms. Memory: 331776K Free: 126871K (38%)
6 ms. Memory: 331776K Free: 122026K (37%)
3 ms. Memory: 331776K Free: 122026K (37%)
10 ms. Memory: 331776K Free: 122026K (37%)
1 ms. Memory: 331776K Free: 122026K (37%)
2 ms. Memory: 331776K Free: 122026K (37%)
/home/travis/build/icyphy/ptII/ptolemy/actor/lib/test/Ramp.tcl
7 ms. Memory: 331776K Free: 117164K (35%)
7 ms. Memory: 331776K Free: 117164K (35%)
2 ms. Memory: 331776K Free: 117164K (35%)
2 ms. Memory: 331776K Free: 117164K (35%)
6 ms. Memory: 331776K Free: 117164K (35%)
7 ms. Memory: 331776K Free: 117164K (35%)
3 ms. Memory: 331776K Free: 112318K (34%)
5 actors
10000 microseconds per iteration to create
7 ms. Memory: 331776K Free: 112318K (34%)
2 ms. Memory: 331776K Free: 112318K (34%)
3 ms. Memory: 331776K Free: 112318K (34%)
1 ms. Memory: 331776K Free: 107457K (32%)
50 actors
34000 microseconds per iteration to create
47 ms. Memory: 331776K Free: 92881K (28%)
5 ms. Memory: 331776K Free: 92881K (28%)
15 ms. Memory: 331776K Free: 92881K (28%)
6 ms. Memory: 331776K Free: 92881K (28%)
500 actors
1355000 microseconds per iteration to create
189 ms. Memory: 331776K Free: 164581K (50%)
39 ms. Memory: 331776K Free: 159803K (48%)
40 ms. Memory: 331776K Free: 155026K (47%)
38 ms. Memory: 331776K Free: 150249K (45%)
/home/travis/build/icyphy/ptII/ptolemy/actor/lib/test/RampContinuous.tcl
6 ms. Memory: 331776K Free: 150249K (45%)
/home/travis/build/icyphy/ptII/ptolemy/actor/lib/test/RecordAssembler.tcl
4 ms. Memory: 331776K Free: 145455K (44%)
2 ms. Memory: 331776K Free: 145455K (44%)
/home/travis/build/icyphy/ptII/ptolemy/actor/lib/test/RecordDisassembler.tcl
5 ms. Memory: 331776K Free: 145455K (44%)
3 ms. Memory: 331776K Free: 145455K (44%)
4 ms. Memory: 331776K Free: 140662K (42%)
/home/travis/build/icyphy/ptII/ptolemy/actor/lib/test/Scale.tcl
3 ms. Memory: 331776K Free: 140662K (42%)
1 ms. Memory: 331776K Free: 140662K (42%)
1 ms. Memory: 331776K Free: 140662K (42%)
2 ms. Memory: 331776K Free: 135884K (41%)
2 ms. Memory: 331776K Free: 135884K (41%)
/home/travis/build/icyphy/ptII/ptolemy/actor/lib/test/SequentialClock.tcl
preinitializing
resolving types
initializing
executing number 1
wrapping up
idle
3 ms. Memory: 331776K Free: 135884K (41%)
Completed execution with 5 iterations
preinitializing
resolving types
initializing
executing number 1
wrapping up
idle
1 ms. Memory: 331776K Free: 135884K (41%)
Completed execution with 5 iterations
preinitializing
resolving types
initializing
executing number 1
wrapping up
idle
1 ms. Memory: 331776K Free: 135884K (41%)
Completed execution with 5 iterations
/home/travis/build/icyphy/ptII/ptolemy/actor/lib/test/SetVariable.tcl
4 ms. Memory: 331776K Free: 131091K (40%)
/home/travis/build/icyphy/ptII/ptolemy/actor/lib/test/Sinewave.tcl
/home/travis/build/icyphy/ptII/ptolemy/actor/lib/test/SubscriptionAggregator.tcl
4 ms. Memory: 331776K Free: 116726K (35%)
7 ms. Memory: 331776K Free: 116726K (35%)
5 ms. Memory: 331776K Free: 116726K (35%)
0 ms. Memory: 331776K Free: 116726K (35%)
1 ms. Memory: 331776K Free: 111933K (34%)
4 ms. Memory: 331776K Free: 111933K (34%)
...............................................................1177 ms. Memory: 578048K Free: 466840K (81%)
/home/travis/build/icyphy/ptII/ptolemy/actor/lib/test/Test.tcl
 The next command will produce a warning about training mode,
   which may be ignored.
4 ms. Memory: 578048K Free: 466840K (81%)
2 ms. Memory: 578048K Free: 466840K (81%)
1 ms. Memory: 578048K Free: 466840K (81%)
2 ms. Memory: 578048K Free: 466840K (81%)
3 ms. Memory: 578048K Free: 466840K (81%)
2 ms. Memory: 578048K Free: 457182K (79%)
2 ms. Memory: 578048K Free: 457182K (79%)
 The next command will produce a warning about training mode,
   which may be ignored.
10 ms. Memory: 578048K Free: 457182K (79%)
 The next command will produce a warning about training mode,
   which may be ignored.
2 ms. Memory: 578048K Free: 457182K (79%)
1 ms. Memory: 578048K Free: 457182K (79%)
1 ms. Memory: 578048K Free: 457182K (79%)
3 ms. Memory: 578048K Free: 457182K (79%)
3 ms. Memory: 578048K Free: 457182K (79%)
5 ms. Memory: 578048K Free: 447509K (77%)
/home/travis/build/icyphy/ptII/ptolemy/actor/lib/test/TestExceptionHandler.tcl
 The next command will produce a warning about training mode,
   which may be ignored.
1 ms. Memory: 578048K Free: 447509K (77%)
1 ms. Memory: 578048K Free: 447509K (77%)
0 ms. Memory: 578048K Free: 447509K (77%)
/home/travis/build/icyphy/ptII/ptolemy/actor/lib/test/UnionDisassembler.tcl
14 ms. Memory: 578048K Free: 437835K (76%)
/home/travis/build/icyphy/ptII/ptolemy/actor/lib/test/VariableClock.tcl
preinitializing
resolving types
initializing
executing number 1
wrapping up
idle
3 ms. Memory: 578048K Free: 437835K (76%)
Completed execution with 11 iterations
preinitializing
resolving types
initializing
executing number 1
wrapping up
idle
4 ms. Memory: 578048K Free: 437835K (76%)
Completed execution with 10 iterations
10/30/18 02:33:23
Failed: 0  Total Tests: 234  ((Passed: 234, Newly Passed: 0)  Known Failed: 0) /home/travis/build/icyphy/ptII/ptolemy/actor/lib/test
----------------- testing (KnownFailure) /home/travis/build/icyphy/ptII/ptolemy/actor/lib/test/auto/knownFailedTests/PublisherPortToplevelSubscriber.xml
1 ms. Memory: 578048K Free: 428056K (74%)
Known Failure: java.lang.reflect.InvocationTargetException
----------------- testing (KnownFailure) /home/travis/build/icyphy/ptII/ptolemy/actor/lib/test/auto/knownFailedTests/PublisherSubscriberPortToplevel.xml
0 ms. Memory: 578048K Free: 408497K (71%)
Known Failure: java.lang.reflect.InvocationTargetException
----------------- testing (KnownFailure) /home/travis/build/icyphy/ptII/ptolemy/actor/lib/test/auto/knownFailedTests/PublisherSubscriptionAggregatorPort.xml
1 ms. Memory: 578048K Free: 388938K (67%)
Known Failure: java.lang.reflect.InvocationTargetException
----------------- testing (KnownFailure) /home/travis/build/icyphy/ptII/ptolemy/actor/lib/test/auto/knownFailedTests/sizedarray3.xml
4 ms. Memory: 578048K Free: 369380K (64%)
Known Failure: java.lang.reflect.InvocationTargetException
No auto/linux-amd64/*.xml tests in /home/travis/build/icyphy/ptII/ptolemy/actor/lib/test
AutoTests.java: About to close Vertx.
AutoTests.java: Vertx closed.

===========================================================================================
----------------- testing Tue Oct 30 02:33:24 UTC 2018 /home/travis/build/icyphy/ptII/ptolemy/actor/lib/test/auto/AbsoluteValue.xml
----------------- Instantiating /home/travis/build/icyphy/ptII/ptolemy/actor/lib/test/auto/AbsoluteValue.xml
4 ms. Memory: 578048K Free: 281730K (49%)
----------------- Invoking toplevel() on ptolemy.moml.MoMLSimpleApplication@7197f412
----------------- Done invoking toplevel() on ptolemy.moml.MoMLSimpleApplication@7197f412
reloadAllAccessors: .AbsoluteValue

===========================================================================================
----------------- testing Tue Oct 30 02:33:24 UTC 2018 /home/travis/build/icyphy/ptII/ptolemy/actor/lib/test/auto/AbsoluteValue2.xml
----------------- Instantiating /home/travis/build/icyphy/ptII/ptolemy/actor/lib/test/auto/AbsoluteValue2.xml
4 ms. Memory: 578048K Free: 267045K (46%)
----------------- Invoking toplevel() on ptolemy.moml.MoMLSimpleApplication@36cb0d8c
----------------- Done invoking toplevel() on ptolemy.moml.MoMLSimpleApplication@36cb0d8c
reloadAllAccessors: .AbsoluteValue2

===========================================================================================
----------------- testing Tue Oct 30 02:33:24 UTC 2018 /home/travis/build/icyphy/ptII/ptolemy/actor/lib/test/auto/Accumulator.xml
----------------- Instantiating /home/travis/build/icyphy/ptII/ptolemy/actor/lib/test/auto/Accumulator.xml
6 ms. Memory: 578048K Free: 257266K (45%)
----------------- Invoking toplevel() on ptolemy.moml.MoMLSimpleApplication@3c246abd
----------------- Done invoking toplevel() on ptolemy.moml.MoMLSimpleApplication@3c246abd
reloadAllAccessors: .Accumulator

===========================================================================================
----------------- testing Tue Oct 30 02:33:24 UTC 2018 /home/travis/build/icyphy/ptII/ptolemy/actor/lib/test/auto/Accumulator2.xml
----------------- Instantiating /home/travis/build/icyphy/ptII/ptolemy/actor/lib/test/auto/Accumulator2.xml
4 ms. Memory: 578048K Free: 237829K (41%)
----------------- Invoking toplevel() on ptolemy.moml.MoMLSimpleApplication@38401a00
----------------- Done invoking toplevel() on ptolemy.moml.MoMLSimpleApplication@38401a00
reloadAllAccessors: .Accumulator2

===========================================================================================
----------------- testing Tue Oct 30 02:33:24 UTC 2018 /home/travis/build/icyphy/ptII/ptolemy/actor/lib/test/auto/Accumulator3.xml
----------------- Instantiating /home/travis/build/icyphy/ptII/ptolemy/actor/lib/test/auto/Accumulator3.xml
2 ms. Memory: 578048K Free: 228049K (39%)
----------------- Invoking toplevel() on ptolemy.moml.MoMLSimpleApplication@1120a23d
----------------- Done invoking toplevel() on ptolemy.moml.MoMLSimpleApplication@1120a23d
reloadAllAccessors: .Accumulator3

===========================================================================================
----------------- testing Tue Oct 30 02:33:24 UTC 2018 /home/travis/build/icyphy/ptII/ptolemy/actor/lib/test/auto/ArrayAppend.xml
----------------- Instantiating /home/travis/build/icyphy/ptII/ptolemy/actor/lib/test/auto/ArrayAppend.xml
8 ms. Memory: 578048K Free: 218270K (38%)
----------------- Invoking toplevel() on ptolemy.moml.MoMLSimpleApplication@7786a230
----------------- Done invoking toplevel() on ptolemy.moml.MoMLSimpleApplication@7786a230
reloadAllAccessors: .ArrayAppend

===========================================================================================
----------------- testing Tue Oct 30 02:33:24 UTC 2018 /home/travis/build/icyphy/ptII/ptolemy/actor/lib/test/auto/ArrayAppend2.xml
----------------- Instantiating /home/travis/build/icyphy/ptII/ptolemy/actor/lib/test/auto/ArrayAppend2.xml
786 ms. Memory: 578048K Free: 130257K (23%)
----------------- Invoking toplevel() on ptolemy.moml.MoMLSimpleApplication@2e596a4c
----------------- Done invoking toplevel() on ptolemy.moml.MoMLSimpleApplication@2e596a4c
reloadAllAccessors: .ArrayAppend2

===========================================================================================
----------------- testing Tue Oct 30 02:33:25 UTC 2018 /home/travis/build/icyphy/ptII/ptolemy/actor/lib/test/auto/ArrayAppend3.xml
----------------- Instantiating /home/travis/build/icyphy/ptII/ptolemy/actor/lib/test/auto/ArrayAppend3.xml
3 ms. Memory: 578048K Free: 120478K (21%)
----------------- Invoking toplevel() on ptolemy.moml.MoMLSimpleApplication@46911abf
----------------- Done invoking toplevel() on ptolemy.moml.MoMLSimpleApplication@46911abf
reloadAllAccessors: .ArrayAppend3

===========================================================================================
----------------- testing Tue Oct 30 02:33:25 UTC 2018 /home/travis/build/icyphy/ptII/ptolemy/actor/lib/test/auto/ArrayAppend4.xml
----------------- Instantiating /home/travis/build/icyphy/ptII/ptolemy/actor/lib/test/auto/ArrayAppend4.xml
2 ms. Memory: 578048K Free: 101040K (17%)
----------------- Invoking toplevel() on ptolemy.moml.MoMLSimpleApplication@5ccd9802
----------------- Done invoking toplevel() on ptolemy.moml.MoMLSimpleApplication@5ccd9802
reloadAllAccessors: .ArrayAppend4

===========================================================================================
----------------- testing Tue Oct 30 02:33:25 UTC 2018 /home/travis/build/icyphy/ptII/ptolemy/actor/lib/test/auto/ArrayAppend5.xml
----------------- Instantiating /home/travis/build/icyphy/ptII/ptolemy/actor/lib/test/auto/ArrayAppend5.xml
2 ms. Memory: 578048K Free: 91261K (16%)
----------------- Invoking toplevel() on ptolemy.moml.MoMLSimpleApplication@79281ee5
----------------- Done invoking toplevel() on ptolemy.moml.MoMLSimpleApplication@79281ee5
reloadAllAccessors: .ArrayAppend5

===========================================================================================
----------------- testing Tue Oct 30 02:33:25 UTC 2018 /home/travis/build/icyphy/ptII/ptolemy/actor/lib/test/auto/ArrayAppend6.xml
----------------- Instantiating /home/travis/build/icyphy/ptII/ptolemy/actor/lib/test/auto/ArrayAppend6.xml
4 ms. Memory: 578048K Free: 81482K (14%)
----------------- Invoking toplevel() on ptolemy.moml.MoMLSimpleApplication@48819f62
----------------- Done invoking toplevel() on ptolemy.moml.MoMLSimpleApplication@48819f62
reloadAllAccessors: .ArrayAppend6

===========================================================================================
----------------- testing Tue Oct 30 02:33:25 UTC 2018 /home/travis/build/icyphy/ptII/ptolemy/actor/lib/test/auto/ArrayAppendPerformanceTest.xml
----------------- Instantiating /home/travis/build/icyphy/ptII/ptolemy/actor/lib/test/auto/ArrayAppendPerformanceTest.xml
14 ms. Memory: 578048K Free: 66813K (12%)
----------------- Invoking toplevel() on ptolemy.moml.MoMLSimpleApplication@71ff1655
----------------- Done invoking toplevel() on ptolemy.moml.MoMLSimpleApplication@71ff1655
reloadAllAccessors: .ArrayAppendPerformanceTest

===========================================================================================
----------------- testing Tue Oct 30 02:33:25 UTC 2018 /home/travis/build/icyphy/ptII/ptolemy/actor/lib/test/auto/ArrayAppendWithEmptyInput.xml
----------------- Instantiating /home/travis/build/icyphy/ptII/ptolemy/actor/lib/test/auto/ArrayAppendWithEmptyInput.xml
26 ms. Memory: 875520K Free: 813574K (93%)
----------------- Invoking toplevel() on ptolemy.moml.MoMLSimpleApplication@74b43c10
----------------- Done invoking toplevel() on ptolemy.moml.MoMLSimpleApplication@74b43c10
reloadAllAccessors: .ArrayAppendWithEmptyInput

===========================================================================================
----------------- testing Tue Oct 30 02:33:25 UTC 2018 /home/travis/build/icyphy/ptII/ptolemy/actor/lib/test/auto/ArrayAverage.xml
----------------- Instantiating /home/travis/build/icyphy/ptII/ptolemy/actor/lib/test/auto/ArrayAverage.xml
10 ms. Memory: 875520K Free: 786260K (90%)
----------------- Invoking toplevel() on ptolemy.moml.MoMLSimpleApplication@59d1a543
----------------- Done invoking toplevel() on ptolemy.moml.MoMLSimpleApplication@59d1a543
reloadAllAccessors: .ArrayAverage

===========================================================================================
----------------- testing Tue Oct 30 02:33:25 UTC 2018 /home/travis/build/icyphy/ptII/ptolemy/actor/lib/test/auto/ArrayContains.xml
----------------- Instantiating /home/travis/build/icyphy/ptII/ptolemy/actor/lib/test/auto/ArrayContains.xml
3 ms. Memory: 875520K Free: 770292K (88%)
----------------- Invoking toplevel() on ptolemy.moml.MoMLSimpleApplication@d815542
----------------- Done invoking toplevel() on ptolemy.moml.MoMLSimpleApplication@d815542
reloadAllAccessors: .ArrayContains

===========================================================================================
----------------- testing Tue Oct 30 02:33:25 UTC 2018 /home/travis/build/icyphy/ptII/ptolemy/actor/lib/test/auto/ArrayElement.xml
----------------- Instantiating /home/travis/build/icyphy/ptII/ptolemy/actor/lib/test/auto/ArrayElement.xml
4 ms. Memory: 875520K Free: 754707K (86%)
----------------- Invoking toplevel() on ptolemy.moml.MoMLSimpleApplication@7f1e9c13
----------------- Done invoking toplevel() on ptolemy.moml.MoMLSimpleApplication@7f1e9c13
reloadAllAccessors: .ArrayElement

===========================================================================================
----------------- testing Tue Oct 30 02:33:25 UTC 2018 /home/travis/build/icyphy/ptII/ptolemy/actor/lib/test/auto/ArrayElementAsMatrix.xml
----------------- Instantiating /home/travis/build/icyphy/ptII/ptolemy/actor/lib/test/auto/ArrayElementAsMatrix.xml
19 ms. Memory: 875520K Free: 739121K (84%)
----------------- Invoking toplevel() on ptolemy.moml.MoMLSimpleApplication@68797ad7
----------------- Done invoking toplevel() on ptolemy.moml.MoMLSimpleApplication@68797ad7
reloadAllAccessors: .ArrayElementAsMatrix

===========================================================================================
----------------- testing Tue Oct 30 02:33:25 UTC 2018 /home/travis/build/icyphy/ptII/ptolemy/actor/lib/test/auto/ArrayElementI.xml
----------------- Instantiating /home/travis/build/icyphy/ptII/ptolemy/actor/lib/test/auto/ArrayElementI.xml
2 ms. Memory: 875520K Free: 723536K (83%)
----------------- Invoking toplevel() on ptolemy.moml.MoMLSimpleApplication@3f0edcc6
----------------- Done invoking toplevel() on ptolemy.moml.MoMLSimpleApplication@3f0edcc6
reloadAllAccessors: .ArrayElementI

===========================================================================================
----------------- testing Tue Oct 30 02:33:25 UTC 2018 /home/travis/build/icyphy/ptII/ptolemy/actor/lib/test/auto/ArrayExtract.xml
----------------- Instantiating /home/travis/build/icyphy/ptII/ptolemy/actor/lib/test/auto/ArrayExtract.xml
13 ms. Memory: 875520K Free: 696222K (80%)
----------------- Invoking toplevel() on ptolemy.moml.MoMLSimpleApplication@6d3eab8e
----------------- Done invoking toplevel() on ptolemy.moml.MoMLSimpleApplication@6d3eab8e
reloadAllAccessors: .ArrayExtract

===========================================================================================
----------------- testing Tue Oct 30 02:33:25 UTC 2018 /home/travis/build/icyphy/ptII/ptolemy/actor/lib/test/auto/ArrayExtract2.xml
----------------- Instantiating /home/travis/build/icyphy/ptII/ptolemy/actor/lib/test/auto/ArrayExtract2.xml
2 ms. Memory: 875520K Free: 680637K (78%)
----------------- Invoking toplevel() on ptolemy.moml.MoMLSimpleApplication@7e561989
----------------- Done invoking toplevel() on ptolemy.moml.MoMLSimpleApplication@7e561989
reloadAllAccessors: .ArrayExtract2

===========================================================================================
----------------- testing Tue Oct 30 02:33:25 UTC 2018 /home/travis/build/icyphy/ptII/ptolemy/actor/lib/test/auto/ArrayLength.xml
----------------- Instantiating /home/travis/build/icyphy/ptII/ptolemy/actor/lib/test/auto/ArrayLength.xml
2 ms. Memory: 875520K Free: 665051K (76%)
----------------- Invoking toplevel() on ptolemy.moml.MoMLSimpleApplication@424d5804
----------------- Done invoking toplevel() on ptolemy.moml.MoMLSimpleApplication@424d5804
reloadAllAccessors: .ArrayLength

===========================================================================================
----------------- testing Tue Oct 30 02:33:25 UTC 2018 /home/travis/build/icyphy/ptII/ptolemy/actor/lib/test/auto/ArrayLevelCrossing.xml
----------------- Instantiating /home/travis/build/icyphy/ptII/ptolemy/actor/lib/test/auto/ArrayLevelCrossing.xml
4 ms. Memory: 875520K Free: 649466K (74%)
----------------- Invoking toplevel() on ptolemy.moml.MoMLSimpleApplication@13f8ade4
----------------- Done invoking toplevel() on ptolemy.moml.MoMLSimpleApplication@13f8ade4
reloadAllAccessors: .ArrayLevelCrossing

===========================================================================================
----------------- testing Tue Oct 30 02:33:25 UTC 2018 /home/travis/build/icyphy/ptII/ptolemy/actor/lib/test/auto/ArrayLevelCrossing2.xml
----------------- Instantiating /home/travis/build/icyphy/ptII/ptolemy/actor/lib/test/auto/ArrayLevelCrossing2.xml
2 ms. Memory: 875520K Free: 633880K (72%)
----------------- Invoking toplevel() on ptolemy.moml.MoMLSimpleApplication@6fed73ef
----------------- Done invoking toplevel() on ptolemy.moml.MoMLSimpleApplication@6fed73ef
reloadAllAccessors: .ArrayLevelCrossing2

===========================================================================================
----------------- testing Tue Oct 30 02:33:25 UTC 2018 /home/travis/build/icyphy/ptII/ptolemy/actor/lib/test/auto/ArrayPeakSearch.xml
----------------- Instantiating /home/travis/build/icyphy/ptII/ptolemy/actor/lib/test/auto/ArrayPeakSearch.xml
7 ms. Memory: 875520K Free: 606566K (69%)
----------------- Invoking toplevel() on ptolemy.moml.MoMLSimpleApplication@3adca5b7
----------------- Done invoking toplevel() on ptolemy.moml.MoMLSimpleApplication@3adca5b7
reloadAllAccessors: .ArrayPeakSearch

===========================================================================================
----------------- testing Tue Oct 30 02:33:25 UTC 2018 /home/travis/build/icyphy/ptII/ptolemy/actor/lib/test/auto/ArrayPeakSearch2.xml
----------------- Instantiating /home/travis/build/icyphy/ptII/ptolemy/actor/lib/test/auto/ArrayPeakSearch2.xml
5 ms. Memory: 875520K Free: 578107K (66%)
----------------- Invoking toplevel() on ptolemy.moml.MoMLSimpleApplication@1a4c9ccc
----------------- Done invoking toplevel() on ptolemy.moml.MoMLSimpleApplication@1a4c9ccc
reloadAllAccessors: .ArrayPeakSearch2

===========================================================================================
----------------- testing Tue Oct 30 02:33:26 UTC 2018 /home/travis/build/icyphy/ptII/ptolemy/actor/lib/test/auto/ArrayPeakSearch3.xml
----------------- Instantiating /home/travis/build/icyphy/ptII/ptolemy/actor/lib/test/auto/ArrayPeakSearch3.xml
6 ms. Memory: 875520K Free: 562522K (64%)
----------------- Invoking toplevel() on ptolemy.moml.MoMLSimpleApplication@6f820340
----------------- Done invoking toplevel() on ptolemy.moml.MoMLSimpleApplication@6f820340
reloadAllAccessors: .ArrayPeakSearch3

===========================================================================================
----------------- testing Tue Oct 30 02:33:26 UTC 2018 /home/travis/build/icyphy/ptII/ptolemy/actor/lib/test/auto/ArrayRemoveElement.xml
----------------- Instantiating /home/travis/build/icyphy/ptII/ptolemy/actor/lib/test/auto/ArrayRemoveElement.xml
3 ms. Memory: 875520K Free: 546936K (62%)
----------------- Invoking toplevel() on ptolemy.moml.MoMLSimpleApplication@377ab574
----------------- Done invoking toplevel() on ptolemy.moml.MoMLSimpleApplication@377ab574
reloadAllAccessors: .ArrayRemoveElement

===========================================================================================
----------------- testing Tue Oct 30 02:33:26 UTC 2018 /home/travis/build/icyphy/ptII/ptolemy/actor/lib/test/auto/ArraySort.xml
----------------- Instantiating /home/travis/build/icyphy/ptII/ptolemy/actor/lib/test/auto/ArraySort.xml
11 ms. Memory: 875520K Free: 531351K (61%)
----------------- Invoking toplevel() on ptolemy.moml.MoMLSimpleApplication@16a9842e
----------------- Done invoking toplevel() on ptolemy.moml.MoMLSimpleApplication@16a9842e
reloadAllAccessors: .ArraySort

===========================================================================================
----------------- testing Tue Oct 30 02:33:26 UTC 2018 /home/travis/build/icyphy/ptII/ptolemy/actor/lib/test/auto/ArraySum.xml
----------------- Instantiating /home/travis/build/icyphy/ptII/ptolemy/actor/lib/test/auto/ArraySum.xml
2 ms. Memory: 875520K Free: 504029K (58%)
----------------- Invoking toplevel() on ptolemy.moml.MoMLSimpleApplication@1fa48d4f
----------------- Done invoking toplevel() on ptolemy.moml.MoMLSimpleApplication@1fa48d4f
reloadAllAccessors: .ArraySum

===========================================================================================
----------------- testing Tue Oct 30 02:33:26 UTC 2018 /home/travis/build/icyphy/ptII/ptolemy/actor/lib/test/auto/ArrayToElements.xml
----------------- Instantiating /home/travis/build/icyphy/ptII/ptolemy/actor/lib/test/auto/ArrayToElements.xml
8 ms. Memory: 875520K Free: 488443K (56%)
----------------- Invoking toplevel() on ptolemy.moml.MoMLSimpleApplication@6058de9b
----------------- Done invoking toplevel() on ptolemy.moml.MoMLSimpleApplication@6058de9b
reloadAllAccessors: .ArrayToElements

===========================================================================================
----------------- testing Tue Oct 30 02:33:26 UTC 2018 /home/travis/build/icyphy/ptII/ptolemy/actor/lib/test/auto/ArrayToMatrix.xml
----------------- Instantiating /home/travis/build/icyphy/ptII/ptolemy/actor/lib/test/auto/ArrayToMatrix.xml
5 ms. Memory: 875520K Free: 465057K (53%)
----------------- Invoking toplevel() on ptolemy.moml.MoMLSimpleApplication@2024ef3d
----------------- Done invoking toplevel() on ptolemy.moml.MoMLSimpleApplication@2024ef3d
reloadAllAccessors: .ArrayToMatrix

===========================================================================================
----------------- testing Tue Oct 30 02:33:26 UTC 2018 /home/travis/build/icyphy/ptII/ptolemy/actor/lib/test/auto/ArrayUpdate1.xml
----------------- Instantiating /home/travis/build/icyphy/ptII/ptolemy/actor/lib/test/auto/ArrayUpdate1.xml
2 ms. Memory: 875520K Free: 449472K (51%)
----------------- Invoking toplevel() on ptolemy.moml.MoMLSimpleApplication@3c89e643
----------------- Done invoking toplevel() on ptolemy.moml.MoMLSimpleApplication@3c89e643
reloadAllAccessors: .ArrayUpdate1

===========================================================================================
----------------- testing Tue Oct 30 02:33:26 UTC 2018 /home/travis/build/icyphy/ptII/ptolemy/actor/lib/test/auto/ArrayUpdate2.xml
----------------- Instantiating /home/travis/build/icyphy/ptII/ptolemy/actor/lib/test/auto/ArrayUpdate2.xml
4 ms. Memory: 875520K Free: 433887K (50%)
----------------- Invoking toplevel() on ptolemy.moml.MoMLSimpleApplication@483c85dc
----------------- Done invoking toplevel() on ptolemy.moml.MoMLSimpleApplication@483c85dc
reloadAllAccessors: .ArrayUpdate2

===========================================================================================
----------------- testing Tue Oct 30 02:33:26 UTC 2018 /home/travis/build/icyphy/ptII/ptolemy/actor/lib/test/auto/ArrayUpdate3.xml
----------------- Instantiating /home/travis/build/icyphy/ptII/ptolemy/actor/lib/test/auto/ArrayUpdate3.xml
1 ms. Memory: 875520K Free: 418301K (48%)
----------------- Invoking toplevel() on ptolemy.moml.MoMLSimpleApplication@44e9766f
----------------- Done invoking toplevel() on ptolemy.moml.MoMLSimpleApplication@44e9766f
reloadAllAccessors: .ArrayUpdate3

===========================================================================================
----------------- testing Tue Oct 30 02:33:26 UTC 2018 /home/travis/build/icyphy/ptII/ptolemy/actor/lib/test/auto/Assert1.xml
----------------- Instantiating /home/travis/build/icyphy/ptII/ptolemy/actor/lib/test/auto/Assert1.xml
5 ms. Memory: 875520K Free: 390987K (45%)
----------------- Invoking toplevel() on ptolemy.moml.MoMLSimpleApplication@6690b150
----------------- Done invoking toplevel() on ptolemy.moml.MoMLSimpleApplication@6690b150
reloadAllAccessors: .Assert1

===========================================================================================
----------------- testing Tue Oct 30 02:33:26 UTC 2018 /home/travis/build/icyphy/ptII/ptolemy/actor/lib/test/auto/Assert2.xml
----------------- Instantiating /home/travis/build/icyphy/ptII/ptolemy/actor/lib/test/auto/Assert2.xml
6 ms. Memory: 875520K Free: 375402K (43%)
----------------- Invoking toplevel() on ptolemy.moml.MoMLSimpleApplication@68c3316
----------------- Done invoking toplevel() on ptolemy.moml.MoMLSimpleApplication@68c3316
reloadAllAccessors: .Assert2

===========================================================================================
----------------- testing Tue Oct 30 02:33:26 UTC 2018 /home/travis/build/icyphy/ptII/ptolemy/actor/lib/test/auto/BooleanMultiplexor.xml
----------------- Instantiating /home/travis/build/icyphy/ptII/ptolemy/actor/lib/test/auto/BooleanMultiplexor.xml
2 ms. Memory: 875520K Free: 359816K (41%)
----------------- Invoking toplevel() on ptolemy.moml.MoMLSimpleApplication@5d91a014
----------------- Done invoking toplevel() on ptolemy.moml.MoMLSimpleApplication@5d91a014
reloadAllAccessors: .BooleanMultiplexor

===========================================================================================
----------------- testing Tue Oct 30 02:33:26 UTC 2018 /home/travis/build/icyphy/ptII/ptolemy/actor/lib/test/auto/BooleanMultiplexor2.xml
----------------- Instantiating /home/travis/build/icyphy/ptII/ptolemy/actor/lib/test/auto/BooleanMultiplexor2.xml
5 ms. Memory: 875520K Free: 344231K (39%)
----------------- Invoking toplevel() on ptolemy.moml.MoMLSimpleApplication@7006e383
----------------- Done invoking toplevel() on ptolemy.moml.MoMLSimpleApplication@7006e383
reloadAllAccessors: .BooleanMultiplexor2

===========================================================================================
----------------- testing Tue Oct 30 02:33:26 UTC 2018 /home/travis/build/icyphy/ptII/ptolemy/actor/lib/test/auto/BooleanMultiplexor3.xml
----------------- Instantiating /home/travis/build/icyphy/ptII/ptolemy/actor/lib/test/auto/BooleanMultiplexor3.xml
3 ms. Memory: 875520K Free: 328646K (38%)
----------------- Invoking toplevel() on ptolemy.moml.MoMLSimpleApplication@71faf7c9
----------------- Done invoking toplevel() on ptolemy.moml.MoMLSimpleApplication@71faf7c9
reloadAllAccessors: .BooleanMultiplexor3

===========================================================================================
----------------- testing Tue Oct 30 02:33:26 UTC 2018 /home/travis/build/icyphy/ptII/ptolemy/actor/lib/test/auto/BooleanSelect.xml
----------------- Instantiating /home/travis/build/icyphy/ptII/ptolemy/actor/lib/test/auto/BooleanSelect.xml
7 ms. Memory: 875520K Free: 301331K (34%)
----------------- Invoking toplevel() on ptolemy.moml.MoMLSimpleApplication@49a70102
----------------- Done invoking toplevel() on ptolemy.moml.MoMLSimpleApplication@49a70102
reloadAllAccessors: .BooleanSelect

===========================================================================================
----------------- testing Tue Oct 30 02:33:26 UTC 2018 /home/travis/build/icyphy/ptII/ptolemy/actor/lib/test/auto/BooleanSelect2.xml
----------------- Instantiating /home/travis/build/icyphy/ptII/ptolemy/actor/lib/test/auto/BooleanSelect2.xml
2 ms. Memory: 875520K Free: 285746K (33%)
----------------- Invoking toplevel() on ptolemy.moml.MoMLSimpleApplication@25003424
----------------- Done invoking toplevel() on ptolemy.moml.MoMLSimpleApplication@25003424
reloadAllAccessors: .BooleanSelect2

===========================================================================================
----------------- testing Tue Oct 30 02:33:26 UTC 2018 /home/travis/build/icyphy/ptII/ptolemy/actor/lib/test/auto/BooleanSwitch.xml
----------------- Instantiating /home/travis/build/icyphy/ptII/ptolemy/actor/lib/test/auto/BooleanSwitch.xml
6 ms. Memory: 875520K Free: 270161K (31%)
----------------- Invoking toplevel() on ptolemy.moml.MoMLSimpleApplication@1a7fbb9b
----------------- Done invoking toplevel() on ptolemy.moml.MoMLSimpleApplication@1a7fbb9b
reloadAllAccessors: .BooleanSwitch

===========================================================================================
----------------- testing Tue Oct 30 02:33:26 UTC 2018 /home/travis/build/icyphy/ptII/ptolemy/actor/lib/test/auto/BooleanSwitch2.xml
----------------- Instantiating /home/travis/build/icyphy/ptII/ptolemy/actor/lib/test/auto/BooleanSwitch2.xml
2 ms. Memory: 875520K Free: 254575K (29%)
----------------- Invoking toplevel() on ptolemy.moml.MoMLSimpleApplication@68b1df74
----------------- Done invoking toplevel() on ptolemy.moml.MoMLSimpleApplication@68b1df74
reloadAllAccessors: .BooleanSwitch2

===========================================================================================
----------------- testing Tue Oct 30 02:33:26 UTC 2018 /home/travis/build/icyphy/ptII/ptolemy/actor/lib/test/auto/BooleanSwitchCloningBugWithClassRelationGroup.xml
----------------- Instantiating /home/travis/build/icyphy/ptII/ptolemy/actor/lib/test/auto/BooleanSwitchCloningBugWithClassRelationGroup.xml
6 ms. Memory: 875520K Free: 238990K (27%)
----------------- Invoking toplevel() on ptolemy.moml.MoMLSimpleApplication@425ef830
----------------- Done invoking toplevel() on ptolemy.moml.MoMLSimpleApplication@425ef830
reloadAllAccessors: .BooleanSwitchCloningBugWithClassRelationGroup

===========================================================================================
----------------- testing Tue Oct 30 02:33:26 UTC 2018 /home/travis/build/icyphy/ptII/ptolemy/actor/lib/test/auto/BusActors.xml
----------------- Instantiating /home/travis/build/icyphy/ptII/ptolemy/actor/lib/test/auto/BusActors.xml
8 ms. Memory: 875520K Free: 211675K (24%)
----------------- Invoking toplevel() on ptolemy.moml.MoMLSimpleApplication@37eb59ef
----------------- Done invoking toplevel() on ptolemy.moml.MoMLSimpleApplication@37eb59ef
reloadAllAccessors: .BusActors

===========================================================================================
----------------- testing Tue Oct 30 02:33:26 UTC 2018 /home/travis/build/icyphy/ptII/ptolemy/actor/lib/test/auto/ClassWrapper.xml
----------------- Instantiating /home/travis/build/icyphy/ptII/ptolemy/actor/lib/test/auto/ClassWrapper.xml
3 ms. Memory: 875520K Free: 196090K (22%)
----------------- Invoking toplevel() on ptolemy.moml.MoMLSimpleApplication@6b46a471
----------------- Done invoking toplevel() on ptolemy.moml.MoMLSimpleApplication@6b46a471
reloadAllAccessors: .ClassWrapper

===========================================================================================
----------------- testing Tue Oct 30 02:33:26 UTC 2018 /home/travis/build/icyphy/ptII/ptolemy/actor/lib/test/auto/Clock.xml
----------------- Instantiating /home/travis/build/icyphy/ptII/ptolemy/actor/lib/test/auto/Clock.xml
4 ms. Memory: 875520K Free: 180505K (21%)
----------------- Invoking toplevel() on ptolemy.moml.MoMLSimpleApplication@5f46b985
----------------- Done invoking toplevel() on ptolemy.moml.MoMLSimpleApplication@5f46b985
reloadAllAccessors: .Clock

===========================================================================================
----------------- testing Tue Oct 30 02:33:26 UTC 2018 /home/travis/build/icyphy/ptII/ptolemy/actor/lib/test/auto/Clock10.xml
----------------- Instantiating /home/travis/build/icyphy/ptII/ptolemy/actor/lib/test/auto/Clock10.xml
6 ms. Memory: 875520K Free: 164919K (19%)
----------------- Invoking toplevel() on ptolemy.moml.MoMLSimpleApplication@6b149e0b
----------------- Done invoking toplevel() on ptolemy.moml.MoMLSimpleApplication@6b149e0b
reloadAllAccessors: .Clock10

===========================================================================================
----------------- testing Tue Oct 30 02:33:26 UTC 2018 /home/travis/build/icyphy/ptII/ptolemy/actor/lib/test/auto/Clock11.xml
----------------- Instantiating /home/travis/build/icyphy/ptII/ptolemy/actor/lib/test/auto/Clock11.xml
11 ms. Memory: 875520K Free: 149334K (17%)
----------------- Invoking toplevel() on ptolemy.moml.MoMLSimpleApplication@6701f64
----------------- Done invoking toplevel() on ptolemy.moml.MoMLSimpleApplication@6701f64
reloadAllAccessors: .Clock11

===========================================================================================
----------------- testing Tue Oct 30 02:33:26 UTC 2018 /home/travis/build/icyphy/ptII/ptolemy/actor/lib/test/auto/Clock12.xml
----------------- Instantiating /home/travis/build/icyphy/ptII/ptolemy/actor/lib/test/auto/Clock12.xml
6 ms. Memory: 875520K Free: 133749K (15%)
----------------- Invoking toplevel() on ptolemy.moml.MoMLSimpleApplication@3607b480
----------------- Done invoking toplevel() on ptolemy.moml.MoMLSimpleApplication@3607b480
reloadAllAccessors: .Clock12

===========================================================================================
----------------- testing Tue Oct 30 02:33:26 UTC 2018 /home/travis/build/icyphy/ptII/ptolemy/actor/lib/test/auto/Clock13.xml
----------------- Instantiating /home/travis/build/icyphy/ptII/ptolemy/actor/lib/test/auto/Clock13.xml
9 ms. Memory: 875520K Free: 106435K (12%)
----------------- Invoking toplevel() on ptolemy.moml.MoMLSimpleApplication@606ed0d2
----------------- Done invoking toplevel() on ptolemy.moml.MoMLSimpleApplication@606ed0d2
reloadAllAccessors: .Clock13

===========================================================================================
----------------- testing Tue Oct 30 02:33:26 UTC 2018 /home/travis/build/icyphy/ptII/ptolemy/actor/lib/test/auto/Clock14.xml
----------------- Instantiating /home/travis/build/icyphy/ptII/ptolemy/actor/lib/test/auto/Clock14.xml
8 ms. Memory: 875520K Free: 90849K (10%)
----------------- Invoking toplevel() on ptolemy.moml.MoMLSimpleApplication@3c43df1
----------------- Done invoking toplevel() on ptolemy.moml.MoMLSimpleApplication@3c43df1
reloadAllAccessors: .Clock14

===========================================================================================
----------------- testing Tue Oct 30 02:33:26 UTC 2018 /home/travis/build/icyphy/ptII/ptolemy/actor/lib/test/auto/Clock15.xml
----------------- Instantiating /home/travis/build/icyphy/ptII/ptolemy/actor/lib/test/auto/Clock15.xml
6 ms. Memory: 875520K Free: 75264K (9%)
----------------- Invoking toplevel() on ptolemy.moml.MoMLSimpleApplication@678ed2f3
----------------- Done invoking toplevel() on ptolemy.moml.MoMLSimpleApplication@678ed2f3
reloadAllAccessors: .Clock15

===========================================================================================
----------------- testing Tue Oct 30 02:33:26 UTC 2018 /home/travis/build/icyphy/ptII/ptolemy/actor/lib/test/auto/Clock16.xml
----------------- Instantiating /home/travis/build/icyphy/ptII/ptolemy/actor/lib/test/auto/Clock16.xml
24 ms. Memory: 875520K Free: 53826K (6%)
----------------- Invoking toplevel() on ptolemy.moml.MoMLSimpleApplication@6f0a5f7b
----------------- Done invoking toplevel() on ptolemy.moml.MoMLSimpleApplication@6f0a5f7b
reloadAllAccessors: .Clock16

===========================================================================================
----------------- testing Tue Oct 30 02:33:27 UTC 2018 /home/travis/build/icyphy/ptII/ptolemy/actor/lib/test/auto/Clock17.xml
----------------- Instantiating /home/travis/build/icyphy/ptII/ptolemy/actor/lib/test/auto/Clock17.xml
26 ms. Memory: 878592K Free: 815586K (93%)
----------------- Invoking toplevel() on ptolemy.moml.MoMLSimpleApplication@a13adfc
----------------- Done invoking toplevel() on ptolemy.moml.MoMLSimpleApplication@a13adfc
reloadAllAccessors: .Clock17

===========================================================================================
----------------- testing Tue Oct 30 02:33:27 UTC 2018 /home/travis/build/icyphy/ptII/ptolemy/actor/lib/test/auto/Clock18.xml
----------------- Instantiating /home/travis/build/icyphy/ptII/ptolemy/actor/lib/test/auto/Clock18.xml
17 ms. Memory: 878592K Free: 791779K (90%)
----------------- Invoking toplevel() on ptolemy.moml.MoMLSimpleApplication@1111c352
----------------- Done invoking toplevel() on ptolemy.moml.MoMLSimpleApplication@1111c352
reloadAllAccessors: .Clock18

===========================================================================================
----------------- testing Tue Oct 30 02:33:27 UTC 2018 /home/travis/build/icyphy/ptII/ptolemy/actor/lib/test/auto/Clock19.xml
----------------- Instantiating /home/travis/build/icyphy/ptII/ptolemy/actor/lib/test/auto/Clock19.xml
15 ms. Memory: 878592K Free: 776178K (88%)
----------------- Invoking toplevel() on ptolemy.moml.MoMLSimpleApplication@6900bc14
----------------- Done invoking toplevel() on ptolemy.moml.MoMLSimpleApplication@6900bc14
reloadAllAccessors: .Clock19

===========================================================================================
----------------- testing Tue Oct 30 02:33:27 UTC 2018 /home/travis/build/icyphy/ptII/ptolemy/actor/lib/test/auto/Clock2.xml
----------------- Instantiating /home/travis/build/icyphy/ptII/ptolemy/actor/lib/test/auto/Clock2.xml
8 ms. Memory: 878592K Free: 765788K (87%)
----------------- Invoking toplevel() on ptolemy.moml.MoMLSimpleApplication@2901b037
----------------- Done invoking toplevel() on ptolemy.moml.MoMLSimpleApplication@2901b037
reloadAllAccessors: .Clock2

===========================================================================================
----------------- testing Tue Oct 30 02:33:27 UTC 2018 /home/travis/build/icyphy/ptII/ptolemy/actor/lib/test/auto/Clock20.xml
----------------- Instantiating /home/travis/build/icyphy/ptII/ptolemy/actor/lib/test/auto/Clock20.xml
11 ms. Memory: 878592K Free: 747192K (85%)
----------------- Invoking toplevel() on ptolemy.moml.MoMLSimpleApplication@782f2fba
----------------- Done invoking toplevel() on ptolemy.moml.MoMLSimpleApplication@782f2fba
reloadAllAccessors: .Clock20

===========================================================================================
----------------- testing Tue Oct 30 02:33:27 UTC 2018 /home/travis/build/icyphy/ptII/ptolemy/actor/lib/test/auto/Clock21.xml
----------------- Instantiating /home/travis/build/icyphy/ptII/ptolemy/actor/lib/test/auto/Clock21.xml
6 ms. Memory: 878592K Free: 736802K (84%)
----------------- Invoking toplevel() on ptolemy.moml.MoMLSimpleApplication@21b492a5
----------------- Done invoking toplevel() on ptolemy.moml.MoMLSimpleApplication@21b492a5
reloadAllAccessors: .Clock21

===========================================================================================
----------------- testing Tue Oct 30 02:33:27 UTC 2018 /home/travis/build/icyphy/ptII/ptolemy/actor/lib/test/auto/Clock22.xml
----------------- Instantiating /home/travis/build/icyphy/ptII/ptolemy/actor/lib/test/auto/Clock22.xml
6 ms. Memory: 878592K Free: 726412K (83%)
----------------- Invoking toplevel() on ptolemy.moml.MoMLSimpleApplication@3b523cb7
----------------- Done invoking toplevel() on ptolemy.moml.MoMLSimpleApplication@3b523cb7
reloadAllAccessors: .Clock22

===========================================================================================
----------------- testing Tue Oct 30 02:33:27 UTC 2018 /home/travis/build/icyphy/ptII/ptolemy/actor/lib/test/auto/Clock23.xml
----------------- Instantiating /home/travis/build/icyphy/ptII/ptolemy/actor/lib/test/auto/Clock23.xml
8 ms. Memory: 878592K Free: 716021K (81%)
----------------- Invoking toplevel() on ptolemy.moml.MoMLSimpleApplication@1ffe37e4
----------------- Done invoking toplevel() on ptolemy.moml.MoMLSimpleApplication@1ffe37e4
reloadAllAccessors: .Clock23

===========================================================================================
----------------- testing Tue Oct 30 02:33:27 UTC 2018 /home/travis/build/icyphy/ptII/ptolemy/actor/lib/test/auto/Clock24.xml
----------------- Instantiating /home/travis/build/icyphy/ptII/ptolemy/actor/lib/test/auto/Clock24.xml
8 ms. Memory: 878592K Free: 697426K (79%)
----------------- Invoking toplevel() on ptolemy.moml.MoMLSimpleApplication@4094bce9
----------------- Done invoking toplevel() on ptolemy.moml.MoMLSimpleApplication@4094bce9
reloadAllAccessors: .Clock24

===========================================================================================
----------------- testing Tue Oct 30 02:33:27 UTC 2018 /home/travis/build/icyphy/ptII/ptolemy/actor/lib/test/auto/Clock4.xml
----------------- Instantiating /home/travis/build/icyphy/ptII/ptolemy/actor/lib/test/auto/Clock4.xml
6 ms. Memory: 878592K Free: 687036K (78%)
----------------- Invoking toplevel() on ptolemy.moml.MoMLSimpleApplication@1d5e9682
----------------- Done invoking toplevel() on ptolemy.moml.MoMLSimpleApplication@1d5e9682
reloadAllAccessors: .Clock4

===========================================================================================
----------------- testing Tue Oct 30 02:33:27 UTC 2018 /home/travis/build/icyphy/ptII/ptolemy/actor/lib/test/auto/Clock5.xml
----------------- Instantiating /home/travis/build/icyphy/ptII/ptolemy/actor/lib/test/auto/Clock5.xml
4 ms. Memory: 878592K Free: 676646K (77%)
----------------- Invoking toplevel() on ptolemy.moml.MoMLSimpleApplication@79b2e933
----------------- Done invoking toplevel() on ptolemy.moml.MoMLSimpleApplication@79b2e933
reloadAllAccessors: .Clock5

===========================================================================================
----------------- testing Tue Oct 30 02:33:27 UTC 2018 /home/travis/build/icyphy/ptII/ptolemy/actor/lib/test/auto/Clock6.xml
----------------- Instantiating /home/travis/build/icyphy/ptII/ptolemy/actor/lib/test/auto/Clock6.xml
2 ms. Memory: 878592K Free: 658050K (75%)
----------------- Invoking toplevel() on ptolemy.moml.MoMLSimpleApplication@6ff42306
----------------- Done invoking toplevel() on ptolemy.moml.MoMLSimpleApplication@6ff42306
reloadAllAccessors: .Clock6

===========================================================================================
----------------- testing Tue Oct 30 02:33:27 UTC 2018 /home/travis/build/icyphy/ptII/ptolemy/actor/lib/test/auto/Clock7.xml
----------------- Instantiating /home/travis/build/icyphy/ptII/ptolemy/actor/lib/test/auto/Clock7.xml
1 ms. Memory: 878592K Free: 647660K (74%)
----------------- Invoking toplevel() on ptolemy.moml.MoMLSimpleApplication@29116c0a
----------------- Done invoking toplevel() on ptolemy.moml.MoMLSimpleApplication@29116c0a
reloadAllAccessors: .Clock7

===========================================================================================
----------------- testing Tue Oct 30 02:33:27 UTC 2018 /home/travis/build/icyphy/ptII/ptolemy/actor/lib/test/auto/Clock8.xml
----------------- Instantiating /home/travis/build/icyphy/ptII/ptolemy/actor/lib/test/auto/Clock8.xml
2 ms. Memory: 878592K Free: 637270K (73%)
----------------- Invoking toplevel() on ptolemy.moml.MoMLSimpleApplication@1fa196f3
----------------- Done invoking toplevel() on ptolemy.moml.MoMLSimpleApplication@1fa196f3
reloadAllAccessors: .Clock8

===========================================================================================
----------------- testing Tue Oct 30 02:33:27 UTC 2018 /home/travis/build/icyphy/ptII/ptolemy/actor/lib/test/auto/Clock9.xml
----------------- Instantiating /home/travis/build/icyphy/ptII/ptolemy/actor/lib/test/auto/Clock9.xml
2 ms. Memory: 878592K Free: 626880K (71%)
----------------- Invoking toplevel() on ptolemy.moml.MoMLSimpleApplication@711d99ca
----------------- Done invoking toplevel() on ptolemy.moml.MoMLSimpleApplication@711d99ca
reloadAllAccessors: .Clock9

===========================================================================================
----------------- testing Tue Oct 30 02:33:27 UTC 2018 /home/travis/build/icyphy/ptII/ptolemy/actor/lib/test/auto/CommDistDiscard.xml
----------------- Instantiating /home/travis/build/icyphy/ptII/ptolemy/actor/lib/test/auto/CommDistDiscard.xml
3 ms. Memory: 878592K Free: 608284K (69%)
----------------- Invoking toplevel() on ptolemy.moml.MoMLSimpleApplication@702609cf
----------------- Done invoking toplevel() on ptolemy.moml.MoMLSimpleApplication@702609cf
reloadAllAccessors: .CommDistDiscard

===========================================================================================
----------------- testing Tue Oct 30 02:33:27 UTC 2018 /home/travis/build/icyphy/ptII/ptolemy/actor/lib/test/auto/Commutator.xml
----------------- Instantiating /home/travis/build/icyphy/ptII/ptolemy/actor/lib/test/auto/Commutator.xml
2 ms. Memory: 878592K Free: 597894K (68%)
----------------- Invoking toplevel() on ptolemy.moml.MoMLSimpleApplication@32ecc727
----------------- Done invoking toplevel() on ptolemy.moml.MoMLSimpleApplication@32ecc727
reloadAllAccessors: .Commutator

===========================================================================================
----------------- testing Tue Oct 30 02:33:27 UTC 2018 /home/travis/build/icyphy/ptII/ptolemy/actor/lib/test/auto/Commutator2.xml
----------------- Instantiating /home/travis/build/icyphy/ptII/ptolemy/actor/lib/test/auto/Commutator2.xml
1 ms. Memory: 878592K Free: 587504K (67%)
----------------- Invoking toplevel() on ptolemy.moml.MoMLSimpleApplication@31258906
----------------- Done invoking toplevel() on ptolemy.moml.MoMLSimpleApplication@31258906
reloadAllAccessors: .Commutator2

===========================================================================================
----------------- testing Tue Oct 30 02:33:27 UTC 2018 /home/travis/build/icyphy/ptII/ptolemy/actor/lib/test/auto/Commutator3.xml
----------------- Instantiating /home/travis/build/icyphy/ptII/ptolemy/actor/lib/test/auto/Commutator3.xml
2 ms. Memory: 878592K Free: 577113K (66%)
----------------- Invoking toplevel() on ptolemy.moml.MoMLSimpleApplication@406aa76e
----------------- Done invoking toplevel() on ptolemy.moml.MoMLSimpleApplication@406aa76e
reloadAllAccessors: .Commutator3

===========================================================================================
----------------- testing Tue Oct 30 02:33:27 UTC 2018 /home/travis/build/icyphy/ptII/ptolemy/actor/lib/test/auto/Compare.xml
----------------- Instantiating /home/travis/build/icyphy/ptII/ptolemy/actor/lib/test/auto/Compare.xml
2 ms. Memory: 878592K Free: 558518K (64%)
----------------- Invoking toplevel() on ptolemy.moml.MoMLSimpleApplication@48fdf400
----------------- Done invoking toplevel() on ptolemy.moml.MoMLSimpleApplication@48fdf400
reloadAllAccessors: .Compare

===========================================================================================
----------------- testing Tue Oct 30 02:33:27 UTC 2018 /home/travis/build/icyphy/ptII/ptolemy/actor/lib/test/auto/CompareDE.xml
----------------- Instantiating /home/travis/build/icyphy/ptII/ptolemy/actor/lib/test/auto/CompareDE.xml
3 ms. Memory: 878592K Free: 548128K (62%)
----------------- Invoking toplevel() on ptolemy.moml.MoMLSimpleApplication@1fe74a6d
----------------- Done invoking toplevel() on ptolemy.moml.MoMLSimpleApplication@1fe74a6d
reloadAllAccessors: .CompareDE

===========================================================================================
----------------- testing Tue Oct 30 02:33:27 UTC 2018 /home/travis/build/icyphy/ptII/ptolemy/actor/lib/test/auto/ComplexDivide.xml
----------------- Instantiating /home/travis/build/icyphy/ptII/ptolemy/actor/lib/test/auto/ComplexDivide.xml
1 ms. Memory: 878592K Free: 537738K (61%)
----------------- Invoking toplevel() on ptolemy.moml.MoMLSimpleApplication@1ada5795
----------------- Done invoking toplevel() on ptolemy.moml.MoMLSimpleApplication@1ada5795
reloadAllAccessors: .ComplexDivide

===========================================================================================
----------------- testing Tue Oct 30 02:33:27 UTC 2018 /home/travis/build/icyphy/ptII/ptolemy/actor/lib/test/auto/ComputeHistogram.xml
----------------- Instantiating /home/travis/build/icyphy/ptII/ptolemy/actor/lib/test/auto/ComputeHistogram.xml
32 ms. Memory: 878592K Free: 513947K (58%)
----------------- Invoking toplevel() on ptolemy.moml.MoMLSimpleApplication@2a83384c
----------------- Done invoking toplevel() on ptolemy.moml.MoMLSimpleApplication@2a83384c
reloadAllAccessors: .ComputeHistogram

===========================================================================================
----------------- testing Tue Oct 30 02:33:27 UTC 2018 /home/travis/build/icyphy/ptII/ptolemy/actor/lib/test/auto/ConfigurationSelect.xml
----------------- Instantiating /home/travis/build/icyphy/ptII/ptolemy/actor/lib/test/auto/ConfigurationSelect.xml
5 ms. Memory: 878592K Free: 503557K (57%)
----------------- Invoking toplevel() on ptolemy.moml.MoMLSimpleApplication@2ca0b07e
----------------- Done invoking toplevel() on ptolemy.moml.MoMLSimpleApplication@2ca0b07e
reloadAllAccessors: .ConfigurationSelect

===========================================================================================
----------------- testing Tue Oct 30 02:33:27 UTC 2018 /home/travis/build/icyphy/ptII/ptolemy/actor/lib/test/auto/ConfigurationSelect2.xml
----------------- Instantiating /home/travis/build/icyphy/ptII/ptolemy/actor/lib/test/auto/ConfigurationSelect2.xml
1 ms. Memory: 878592K Free: 493166K (56%)
----------------- Invoking toplevel() on ptolemy.moml.MoMLSimpleApplication@5212486c
----------------- Done invoking toplevel() on ptolemy.moml.MoMLSimpleApplication@5212486c
reloadAllAccessors: .ConfigurationSelect2

===========================================================================================
----------------- testing Tue Oct 30 02:33:27 UTC 2018 /home/travis/build/icyphy/ptII/ptolemy/actor/lib/test/auto/ConfigurationSwitch.xml
----------------- Instantiating /home/travis/build/icyphy/ptII/ptolemy/actor/lib/test/auto/ConfigurationSwitch.xml
1 ms. Memory: 878592K Free: 482776K (55%)
----------------- Invoking toplevel() on ptolemy.moml.MoMLSimpleApplication@1b819fe8
----------------- Done invoking toplevel() on ptolemy.moml.MoMLSimpleApplication@1b819fe8
reloadAllAccessors: .ConfigurationSwitch

===========================================================================================
----------------- testing Tue Oct 30 02:33:27 UTC 2018 /home/travis/build/icyphy/ptII/ptolemy/actor/lib/test/auto/ConfigurationSwitch2.xml
----------------- Instantiating /home/travis/build/icyphy/ptII/ptolemy/actor/lib/test/auto/ConfigurationSwitch2.xml
4 ms. Memory: 878592K Free: 464181K (53%)
----------------- Invoking toplevel() on ptolemy.moml.MoMLSimpleApplication@7721299d
----------------- Done invoking toplevel() on ptolemy.moml.MoMLSimpleApplication@7721299d
reloadAllAccessors: .ConfigurationSwitch2

===========================================================================================
----------------- testing Tue Oct 30 02:33:27 UTC 2018 /home/travis/build/icyphy/ptII/ptolemy/actor/lib/test/auto/ConfigurationSwitchCloningBugWithClassRelationGroup.xml
----------------- Instantiating /home/travis/build/icyphy/ptII/ptolemy/actor/lib/test/auto/ConfigurationSwitchCloningBugWithClassRelationGroup.xml
1 ms. Memory: 878592K Free: 453790K (52%)
----------------- Invoking toplevel() on ptolemy.moml.MoMLSimpleApplication@26412910
----------------- Done invoking toplevel() on ptolemy.moml.MoMLSimpleApplication@26412910
reloadAllAccessors: .ConfigurationSwitchCloningBugWithClassRelationGroup

===========================================================================================
----------------- testing Tue Oct 30 02:33:27 UTC 2018 /home/travis/build/icyphy/ptII/ptolemy/actor/lib/test/auto/ConfigurationSwitchSelectSDF.xml
----------------- Instantiating /home/travis/build/icyphy/ptII/ptolemy/actor/lib/test/auto/ConfigurationSwitchSelectSDF.xml
2 ms. Memory: 878592K Free: 443400K (50%)
----------------- Invoking toplevel() on ptolemy.moml.MoMLSimpleApplication@18bed121
----------------- Done invoking toplevel() on ptolemy.moml.MoMLSimpleApplication@18bed121
reloadAllAccessors: .ConfigurationSwitchSelectSDF

===========================================================================================
----------------- testing Tue Oct 30 02:33:27 UTC 2018 /home/travis/build/icyphy/ptII/ptolemy/actor/lib/test/auto/ConfigurationSwitchSelectSDF2.xml
----------------- Instantiating /home/travis/build/icyphy/ptII/ptolemy/actor/lib/test/auto/ConfigurationSwitchSelectSDF2.xml
1 ms. Memory: 878592K Free: 433010K (49%)
----------------- Invoking toplevel() on ptolemy.moml.MoMLSimpleApplication@4df6fdcc
----------------- Done invoking toplevel() on ptolemy.moml.MoMLSimpleApplication@4df6fdcc
reloadAllAccessors: .ConfigurationSwitchSelectSDF2

===========================================================================================
----------------- testing Tue Oct 30 02:33:27 UTC 2018 /home/travis/build/icyphy/ptII/ptolemy/actor/lib/test/auto/Const.xml
----------------- Instantiating /home/travis/build/icyphy/ptII/ptolemy/actor/lib/test/auto/Const.xml
1 ms. Memory: 878592K Free: 414414K (47%)
----------------- Invoking toplevel() on ptolemy.moml.MoMLSimpleApplication@2ab40f01
----------------- Done invoking toplevel() on ptolemy.moml.MoMLSimpleApplication@2ab40f01
reloadAllAccessors: .Const

===========================================================================================
----------------- testing Tue Oct 30 02:33:27 UTC 2018 /home/travis/build/icyphy/ptII/ptolemy/actor/lib/test/auto/Const2.xml
----------------- Instantiating /home/travis/build/icyphy/ptII/ptolemy/actor/lib/test/auto/Const2.xml
1 ms. Memory: 878592K Free: 404024K (46%)
----------------- Invoking toplevel() on ptolemy.moml.MoMLSimpleApplication@7ffbc643
----------------- Done invoking toplevel() on ptolemy.moml.MoMLSimpleApplication@7ffbc643
reloadAllAccessors: .Const2

===========================================================================================
----------------- testing Tue Oct 30 02:33:27 UTC 2018 /home/travis/build/icyphy/ptII/ptolemy/actor/lib/test/auto/Const3.xml
----------------- Instantiating /home/travis/build/icyphy/ptII/ptolemy/actor/lib/test/auto/Const3.xml
0 ms. Memory: 878592K Free: 393634K (45%)
----------------- Invoking toplevel() on ptolemy.moml.MoMLSimpleApplication@230a1d2b
----------------- Done invoking toplevel() on ptolemy.moml.MoMLSimpleApplication@230a1d2b
reloadAllAccessors: .Const3

===========================================================================================
----------------- testing Tue Oct 30 02:33:27 UTC 2018 /home/travis/build/icyphy/ptII/ptolemy/actor/lib/test/auto/ConstantPublisherPort1.xml
----------------- Instantiating /home/travis/build/icyphy/ptII/ptolemy/actor/lib/test/auto/ConstantPublisherPort1.xml
6 ms. Memory: 878592K Free: 369827K (42%)
----------------- Invoking toplevel() on ptolemy.moml.MoMLSimpleApplication@55fd5105
----------------- Done invoking toplevel() on ptolemy.moml.MoMLSimpleApplication@55fd5105
reloadAllAccessors: .ConstantPublisherPort1

===========================================================================================
----------------- testing Tue Oct 30 02:33:27 UTC 2018 /home/travis/build/icyphy/ptII/ptolemy/actor/lib/test/auto/ConstantPublisherPort2.xml
----------------- Instantiating /home/travis/build/icyphy/ptII/ptolemy/actor/lib/test/auto/ConstantPublisherPort2.xml
9 ms. Memory: 878592K Free: 354226K (40%)
----------------- Invoking toplevel() on ptolemy.moml.MoMLSimpleApplication@7bc7cbd3
----------------- Done invoking toplevel() on ptolemy.moml.MoMLSimpleApplication@7bc7cbd3
reloadAllAccessors: .ConstantPublisherPort2

===========================================================================================
----------------- testing Tue Oct 30 02:33:27 UTC 2018 /home/travis/build/icyphy/ptII/ptolemy/actor/lib/test/auto/ConstantPublisherPort3.xml
----------------- Instantiating /home/travis/build/icyphy/ptII/ptolemy/actor/lib/test/auto/ConstantPublisherPort3.xml
6 ms. Memory: 878592K Free: 343836K (39%)
----------------- Invoking toplevel() on ptolemy.moml.MoMLSimpleApplication@51f262bb
----------------- Done invoking toplevel() on ptolemy.moml.MoMLSimpleApplication@51f262bb
reloadAllAccessors: .ConstantPublisherPort3

===========================================================================================
----------------- testing Tue Oct 30 02:33:27 UTC 2018 /home/travis/build/icyphy/ptII/ptolemy/actor/lib/test/auto/ConstantPublisherPort4.xml
----------------- Instantiating /home/travis/build/icyphy/ptII/ptolemy/actor/lib/test/auto/ConstantPublisherPort4.xml
3 ms. Memory: 878592K Free: 333445K (38%)
----------------- Invoking toplevel() on ptolemy.moml.MoMLSimpleApplication@64d9cc2b
----------------- Done invoking toplevel() on ptolemy.moml.MoMLSimpleApplication@64d9cc2b
reloadAllAccessors: .ConstantPublisherPort4

===========================================================================================
----------------- testing Tue Oct 30 02:33:27 UTC 2018 /home/travis/build/icyphy/ptII/ptolemy/actor/lib/test/auto/ConstantPublisherPort5.xml
----------------- Instantiating /home/travis/build/icyphy/ptII/ptolemy/actor/lib/test/auto/ConstantPublisherPort5.xml
28 ms. Memory: 878592K Free: 299249K (34%)
----------------- Invoking toplevel() on ptolemy.moml.MoMLSimpleApplication@4889282c
----------------- Done invoking toplevel() on ptolemy.moml.MoMLSimpleApplication@4889282c
reloadAllAccessors: .ConstantPublisherPort5

===========================================================================================
----------------- testing Tue Oct 30 02:33:28 UTC 2018 /home/travis/build/icyphy/ptII/ptolemy/actor/lib/test/auto/ConstantPublisherPort6.xml
----------------- Instantiating /home/travis/build/icyphy/ptII/ptolemy/actor/lib/test/auto/ConstantPublisherPort6.xml
7 ms. Memory: 878592K Free: 273273K (31%)
----------------- Invoking toplevel() on ptolemy.moml.MoMLSimpleApplication@4355fb42
----------------- Done invoking toplevel() on ptolemy.moml.MoMLSimpleApplication@4355fb42
reloadAllAccessors: .ConstantPublisherPort6

===========================================================================================
----------------- testing Tue Oct 30 02:33:28 UTC 2018 /home/travis/build/icyphy/ptII/ptolemy/actor/lib/test/auto/ConstantPublisherPort7.xml
----------------- Instantiating /home/travis/build/icyphy/ptII/ptolemy/actor/lib/test/auto/ConstantPublisherPort7.xml
15 ms. Memory: 878592K Free: 247298K (28%)
----------------- Invoking toplevel() on ptolemy.moml.MoMLSimpleApplication@3344ff77
----------------- Done invoking toplevel() on ptolemy.moml.MoMLSimpleApplication@3344ff77
reloadAllAccessors: .ConstantPublisherPort7

===========================================================================================
----------------- testing Tue Oct 30 02:33:28 UTC 2018 /home/travis/build/icyphy/ptII/ptolemy/actor/lib/test/auto/ConstraintMonitor1.xml
----------------- Instantiating /home/travis/build/icyphy/ptII/ptolemy/actor/lib/test/auto/ConstraintMonitor1.xml
3 ms. Memory: 878592K Free: 228702K (26%)
----------------- Invoking toplevel() on ptolemy.moml.MoMLSimpleApplication@31f49c5a
----------------- Done invoking toplevel() on ptolemy.moml.MoMLSimpleApplication@31f49c5a
reloadAllAccessors: .ConstraintMonitor1

===========================================================================================
----------------- testing Tue Oct 30 02:33:28 UTC 2018 /home/travis/build/icyphy/ptII/ptolemy/actor/lib/test/auto/ConstraintMonitor2.xml
----------------- Instantiating /home/travis/build/icyphy/ptII/ptolemy/actor/lib/test/auto/ConstraintMonitor2.xml
3 ms. Memory: 878592K Free: 218312K (25%)
----------------- Invoking toplevel() on ptolemy.moml.MoMLSimpleApplication@7caacbb9
----------------- Done invoking toplevel() on ptolemy.moml.MoMLSimpleApplication@7caacbb9
reloadAllAccessors: .ConstraintMonitor2

===========================================================================================
----------------- testing Tue Oct 30 02:33:28 UTC 2018 /home/travis/build/icyphy/ptII/ptolemy/actor/lib/test/auto/ConstraintMonitor3.xml
----------------- Instantiating /home/travis/build/icyphy/ptII/ptolemy/actor/lib/test/auto/ConstraintMonitor3.xml
1 ms. Memory: 878592K Free: 207922K (24%)
----------------- Invoking toplevel() on ptolemy.moml.MoMLSimpleApplication@a950d15
----------------- Done invoking toplevel() on ptolemy.moml.MoMLSimpleApplication@a950d15
reloadAllAccessors: .ConstraintMonitor3

===========================================================================================
----------------- testing Tue Oct 30 02:33:28 UTC 2018 /home/travis/build/icyphy/ptII/ptolemy/actor/lib/test/auto/ConstraintMonitor4.xml
----------------- Instantiating /home/travis/build/icyphy/ptII/ptolemy/actor/lib/test/auto/ConstraintMonitor4.xml
2 ms. Memory: 878592K Free: 197532K (22%)
----------------- Invoking toplevel() on ptolemy.moml.MoMLSimpleApplication@1e3354fd
----------------- Done invoking toplevel() on ptolemy.moml.MoMLSimpleApplication@1e3354fd
reloadAllAccessors: .ConstraintMonitor4

===========================================================================================
----------------- testing Tue Oct 30 02:33:28 UTC 2018 /home/travis/build/icyphy/ptII/ptolemy/actor/lib/test/auto/ConstraintMonitor5.xml
----------------- Instantiating /home/travis/build/icyphy/ptII/ptolemy/actor/lib/test/auto/ConstraintMonitor5.xml
6 ms. Memory: 878592K Free: 178936K (20%)
----------------- Invoking toplevel() on ptolemy.moml.MoMLSimpleApplication@521db074
----------------- Done invoking toplevel() on ptolemy.moml.MoMLSimpleApplication@521db074
reloadAllAccessors: .ConstraintMonitor5

===========================================================================================
----------------- testing Tue Oct 30 02:33:28 UTC 2018 /home/travis/build/icyphy/ptII/ptolemy/actor/lib/test/auto/ConstraintMonitor6.xml
----------------- Instantiating /home/travis/build/icyphy/ptII/ptolemy/actor/lib/test/auto/ConstraintMonitor6.xml
7 ms. Memory: 878592K Free: 168546K (19%)
----------------- Invoking toplevel() on ptolemy.moml.MoMLSimpleApplication@43595851
----------------- Done invoking toplevel() on ptolemy.moml.MoMLSimpleApplication@43595851
reloadAllAccessors: .ConstraintMonitor6

===========================================================================================
----------------- testing Tue Oct 30 02:33:28 UTC 2018 /home/travis/build/icyphy/ptII/ptolemy/actor/lib/test/auto/ConstraintMonitor7.xml
----------------- Instantiating /home/travis/build/icyphy/ptII/ptolemy/actor/lib/test/auto/ConstraintMonitor7.xml
6 ms. Memory: 878592K Free: 158156K (18%)
----------------- Invoking toplevel() on ptolemy.moml.MoMLSimpleApplication@21716274
----------------- Done invoking toplevel() on ptolemy.moml.MoMLSimpleApplication@21716274
reloadAllAccessors: .ConstraintMonitor7

===========================================================================================
----------------- testing Tue Oct 30 02:33:28 UTC 2018 /home/travis/build/icyphy/ptII/ptolemy/actor/lib/test/auto/ConstraintMonitor8.xml
----------------- Instantiating /home/travis/build/icyphy/ptII/ptolemy/actor/lib/test/auto/ConstraintMonitor8.xml
12 ms. Memory: 878592K Free: 139560K (16%)
----------------- Invoking toplevel() on ptolemy.moml.MoMLSimpleApplication@198b5007
----------------- Done invoking toplevel() on ptolemy.moml.MoMLSimpleApplication@198b5007
reloadAllAccessors: .ConstraintMonitor8

===========================================================================================
----------------- testing Tue Oct 30 02:33:28 UTC 2018 /home/travis/build/icyphy/ptII/ptolemy/actor/lib/test/auto/Counter.xml
----------------- Instantiating /home/travis/build/icyphy/ptII/ptolemy/actor/lib/test/auto/Counter.xml
3 ms. Memory: 878592K Free: 129170K (15%)
----------------- Invoking toplevel() on ptolemy.moml.MoMLSimpleApplication@5bf27d33
----------------- Done invoking toplevel() on ptolemy.moml.MoMLSimpleApplication@5bf27d33
reloadAllAccessors: .Counter

===========================================================================================
----------------- testing Tue Oct 30 02:33:28 UTC 2018 /home/travis/build/icyphy/ptII/ptolemy/actor/lib/test/auto/CurrentTimeSDF.xml
----------------- Instantiating /home/travis/build/icyphy/ptII/ptolemy/actor/lib/test/auto/CurrentTimeSDF.xml
1 ms. Memory: 878592K Free: 118780K (14%)
----------------- Invoking toplevel() on ptolemy.moml.MoMLSimpleApplication@5c1adc9b
----------------- Done invoking toplevel() on ptolemy.moml.MoMLSimpleApplication@5c1adc9b
reloadAllAccessors: .CurrentTimeSDF

===========================================================================================
----------------- testing Tue Oct 30 02:33:28 UTC 2018 /home/travis/build/icyphy/ptII/ptolemy/actor/lib/test/auto/DB.xml
----------------- Instantiating /home/travis/build/icyphy/ptII/ptolemy/actor/lib/test/auto/DB.xml
2 ms. Memory: 878592K Free: 108390K (12%)
----------------- Invoking toplevel() on ptolemy.moml.MoMLSimpleApplication@47f53c3
----------------- Done invoking toplevel() on ptolemy.moml.MoMLSimpleApplication@47f53c3
reloadAllAccessors: .DB

===========================================================================================
----------------- testing Tue Oct 30 02:33:28 UTC 2018 /home/travis/build/icyphy/ptII/ptolemy/actor/lib/test/auto/DBDE.xml
----------------- Instantiating /home/travis/build/icyphy/ptII/ptolemy/actor/lib/test/auto/DBDE.xml
2 ms. Memory: 878592K Free: 89794K (10%)
----------------- Invoking toplevel() on ptolemy.moml.MoMLSimpleApplication@262ab87f
----------------- Done invoking toplevel() on ptolemy.moml.MoMLSimpleApplication@262ab87f
reloadAllAccessors: .DBDE

===========================================================================================
----------------- testing Tue Oct 30 02:33:28 UTC 2018 /home/travis/build/icyphy/ptII/ptolemy/actor/lib/test/auto/DateConstructor.xml
----------------- Instantiating /home/travis/build/icyphy/ptII/ptolemy/actor/lib/test/auto/DateConstructor.xml
15 ms. Memory: 878592K Free: 68998K (8%)
----------------- Invoking toplevel() on ptolemy.moml.MoMLSimpleApplication@2d81dc01
----------------- Done invoking toplevel() on ptolemy.moml.MoMLSimpleApplication@2d81dc01
reloadAllAccessors: .DateConstructor

===========================================================================================
----------------- testing Tue Oct 30 02:33:28 UTC 2018 /home/travis/build/icyphy/ptII/ptolemy/actor/lib/test/auto/DelayTime.xml
----------------- Instantiating /home/travis/build/icyphy/ptII/ptolemy/actor/lib/test/auto/DelayTime.xml
3 ms. Memory: 878592K Free: 58608K (7%)
----------------- Invoking toplevel() on ptolemy.moml.MoMLSimpleApplication@6f74eb18
----------------- Done invoking toplevel() on ptolemy.moml.MoMLSimpleApplication@6f74eb18
reloadAllAccessors: .DelayTime

===========================================================================================
----------------- testing Tue Oct 30 02:33:28 UTC 2018 /home/travis/build/icyphy/ptII/ptolemy/actor/lib/test/auto/Dictionary1.xml
----------------- Instantiating /home/travis/build/icyphy/ptII/ptolemy/actor/lib/test/auto/Dictionary1.xml
1 ms. Memory: 1346560K Free: 1279372K (95%)
----------------- Invoking toplevel() on ptolemy.moml.MoMLSimpleApplication@30a9911
----------------- Done invoking toplevel() on ptolemy.moml.MoMLSimpleApplication@30a9911
reloadAllAccessors: .Dictionary1

===========================================================================================
----------------- testing Tue Oct 30 02:33:28 UTC 2018 /home/travis/build/icyphy/ptII/ptolemy/actor/lib/test/auto/Dictionary2.xml
----------------- Instantiating /home/travis/build/icyphy/ptII/ptolemy/actor/lib/test/auto/Dictionary2.xml
3 ms. Memory: 1346560K Free: 1252612K (93%)
----------------- Invoking toplevel() on ptolemy.moml.MoMLSimpleApplication@543be0cd
----------------- Done invoking toplevel() on ptolemy.moml.MoMLSimpleApplication@543be0cd
reloadAllAccessors: .Dictionary2

===========================================================================================
----------------- testing Tue Oct 30 02:33:28 UTC 2018 /home/travis/build/icyphy/ptII/ptolemy/actor/lib/test/auto/Dictionary3.xml
----------------- Instantiating /home/travis/build/icyphy/ptII/ptolemy/actor/lib/test/auto/Dictionary3.xml
2 ms. Memory: 1346560K Free: 1235982K (92%)
----------------- Invoking toplevel() on ptolemy.moml.MoMLSimpleApplication@28b156c5
----------------- Done invoking toplevel() on ptolemy.moml.MoMLSimpleApplication@28b156c5
reloadAllAccessors: .Dictionary3

===========================================================================================
----------------- testing Tue Oct 30 02:33:28 UTC 2018 /home/travis/build/icyphy/ptII/ptolemy/actor/lib/test/auto/Dictionary4.xml
----------------- Instantiating /home/travis/build/icyphy/ptII/ptolemy/actor/lib/test/auto/Dictionary4.xml
3 ms. Memory: 1346560K Free: 1219353K (91%)
----------------- Invoking toplevel() on ptolemy.moml.MoMLSimpleApplication@565bb611
----------------- Done invoking toplevel() on ptolemy.moml.MoMLSimpleApplication@565bb611
reloadAllAccessors: .Dictionary4

===========================================================================================
----------------- testing Tue Oct 30 02:33:28 UTC 2018 /home/travis/build/icyphy/ptII/ptolemy/actor/lib/test/auto/Differential.xml
----------------- Instantiating /home/travis/build/icyphy/ptII/ptolemy/actor/lib/test/auto/Differential.xml
1 ms. Memory: 1346560K Free: 1202723K (89%)
----------------- Invoking toplevel() on ptolemy.moml.MoMLSimpleApplication@e79a14a
----------------- Done invoking toplevel() on ptolemy.moml.MoMLSimpleApplication@e79a14a
reloadAllAccessors: .Differential

===========================================================================================
----------------- testing Tue Oct 30 02:33:28 UTC 2018 /home/travis/build/icyphy/ptII/ptolemy/actor/lib/test/auto/Director.xml
----------------- Instantiating /home/travis/build/icyphy/ptII/ptolemy/actor/lib/test/auto/Director.xml
2 ms. Memory: 1346560K Free: 1175963K (87%)
----------------- Invoking toplevel() on ptolemy.moml.MoMLSimpleApplication@62bb32c5
----------------- Done invoking toplevel() on ptolemy.moml.MoMLSimpleApplication@62bb32c5
reloadAllAccessors: .Director

===========================================================================================
----------------- testing Tue Oct 30 02:33:28 UTC 2018 /home/travis/build/icyphy/ptII/ptolemy/actor/lib/test/auto/DiscreteClock.xml
----------------- Instantiating /home/travis/build/icyphy/ptII/ptolemy/actor/lib/test/auto/DiscreteClock.xml
1 ms. Memory: 1346560K Free: 1159074K (86%)
----------------- Invoking toplevel() on ptolemy.moml.MoMLSimpleApplication@a0d3321
----------------- Done invoking toplevel() on ptolemy.moml.MoMLSimpleApplication@a0d3321
reloadAllAccessors: .DiscreteClock

===========================================================================================
----------------- testing Tue Oct 30 02:33:28 UTC 2018 /home/travis/build/icyphy/ptII/ptolemy/actor/lib/test/auto/DiscreteClock10.xml
----------------- Instantiating /home/travis/build/icyphy/ptII/ptolemy/actor/lib/test/auto/DiscreteClock10.xml
2 ms. Memory: 1346560K Free: 1142444K (85%)
----------------- Invoking toplevel() on ptolemy.moml.MoMLSimpleApplication@377f562a
----------------- Done invoking toplevel() on ptolemy.moml.MoMLSimpleApplication@377f562a
reloadAllAccessors: .DiscreteClock10

===========================================================================================
----------------- testing Tue Oct 30 02:33:28 UTC 2018 /home/travis/build/icyphy/ptII/ptolemy/actor/lib/test/auto/DiscreteClock11.xml
----------------- Instantiating /home/travis/build/icyphy/ptII/ptolemy/actor/lib/test/auto/DiscreteClock11.xml
2 ms. Memory: 1346560K Free: 1125814K (84%)
----------------- Invoking toplevel() on ptolemy.moml.MoMLSimpleApplication@48785744
----------------- Done invoking toplevel() on ptolemy.moml.MoMLSimpleApplication@48785744
reloadAllAccessors: .DiscreteClock11

===========================================================================================
----------------- testing Tue Oct 30 02:33:28 UTC 2018 /home/travis/build/icyphy/ptII/ptolemy/actor/lib/test/auto/DiscreteClock12.xml
----------------- Instantiating /home/travis/build/icyphy/ptII/ptolemy/actor/lib/test/auto/DiscreteClock12.xml
2 ms. Memory: 1346560K Free: 1099055K (82%)
----------------- Invoking toplevel() on ptolemy.moml.MoMLSimpleApplication@477e53e4
----------------- Done invoking toplevel() on ptolemy.moml.MoMLSimpleApplication@477e53e4
reloadAllAccessors: .DiscreteClock12

===========================================================================================
----------------- testing Tue Oct 30 02:33:28 UTC 2018 /home/travis/build/icyphy/ptII/ptolemy/actor/lib/test/auto/DiscreteClock13.xml
----------------- Instantiating /home/travis/build/icyphy/ptII/ptolemy/actor/lib/test/auto/DiscreteClock13.xml
4 ms. Memory: 1346560K Free: 1082425K (80%)
----------------- Invoking toplevel() on ptolemy.moml.MoMLSimpleApplication@5d0eb665
----------------- Done invoking toplevel() on ptolemy.moml.MoMLSimpleApplication@5d0eb665
reloadAllAccessors: .DiscreteClock13

===========================================================================================
----------------- testing Tue Oct 30 02:33:28 UTC 2018 /home/travis/build/icyphy/ptII/ptolemy/actor/lib/test/auto/DiscreteClock14.xml
----------------- Instantiating /home/travis/build/icyphy/ptII/ptolemy/actor/lib/test/auto/DiscreteClock14.xml
2 ms. Memory: 1346560K Free: 1065795K (79%)
----------------- Invoking toplevel() on ptolemy.moml.MoMLSimpleApplication@15c29ee
----------------- Done invoking toplevel() on ptolemy.moml.MoMLSimpleApplication@15c29ee
reloadAllAccessors: .DiscreteClock14

===========================================================================================
----------------- testing Tue Oct 30 02:33:28 UTC 2018 /home/travis/build/icyphy/ptII/ptolemy/actor/lib/test/auto/DiscreteClock15.xml
----------------- Instantiating /home/travis/build/icyphy/ptII/ptolemy/actor/lib/test/auto/DiscreteClock15.xml
1 ms. Memory: 1346560K Free: 1049165K (78%)
----------------- Invoking toplevel() on ptolemy.moml.MoMLSimpleApplication@3b4cca4
----------------- Done invoking toplevel() on ptolemy.moml.MoMLSimpleApplication@3b4cca4
reloadAllAccessors: .DiscreteClock15

===========================================================================================
----------------- testing Tue Oct 30 02:33:28 UTC 2018 /home/travis/build/icyphy/ptII/ptolemy/actor/lib/test/auto/DiscreteClock16.xml
----------------- Instantiating /home/travis/build/icyphy/ptII/ptolemy/actor/lib/test/auto/DiscreteClock16.xml
15 ms. Memory: 1346560K Free: 1024204K (76%)
----------------- Invoking toplevel() on ptolemy.moml.MoMLSimpleApplication@69b5694f
----------------- Done invoking toplevel() on ptolemy.moml.MoMLSimpleApplication@69b5694f
reloadAllAccessors: .DiscreteClock16

===========================================================================================
----------------- testing Tue Oct 30 02:33:28 UTC 2018 /home/travis/build/icyphy/ptII/ptolemy/actor/lib/test/auto/DiscreteClock17.xml
----------------- Instantiating /home/travis/build/icyphy/ptII/ptolemy/actor/lib/test/auto/DiscreteClock17.xml
14 ms. Memory: 1346560K Free: 989113K (73%)
----------------- Invoking toplevel() on ptolemy.moml.MoMLSimpleApplication@24e9ae37
----------------- Done invoking toplevel() on ptolemy.moml.MoMLSimpleApplication@24e9ae37
reloadAllAccessors: .DiscreteClock17

===========================================================================================
----------------- testing Tue Oct 30 02:33:28 UTC 2018 /home/travis/build/icyphy/ptII/ptolemy/actor/lib/test/auto/DiscreteClock18.xml
----------------- Instantiating /home/travis/build/icyphy/ptII/ptolemy/actor/lib/test/auto/DiscreteClock18.xml
17 ms. Memory: 1346560K Free: 964153K (72%)
----------------- Invoking toplevel() on ptolemy.moml.MoMLSimpleApplication@3af0c95f
----------------- Done invoking toplevel() on ptolemy.moml.MoMLSimpleApplication@3af0c95f
reloadAllAccessors: .DiscreteClock18

===========================================================================================
----------------- testing Tue Oct 30 02:33:29 UTC 2018 /home/travis/build/icyphy/ptII/ptolemy/actor/lib/test/auto/DiscreteClock19.xml
----------------- Instantiating /home/travis/build/icyphy/ptII/ptolemy/actor/lib/test/auto/DiscreteClock19.xml
21 ms. Memory: 1364992K Free: 1284118K (94%)
----------------- Invoking toplevel() on ptolemy.moml.MoMLSimpleApplication@aac8db8
----------------- Done invoking toplevel() on ptolemy.moml.MoMLSimpleApplication@aac8db8
reloadAllAccessors: .DiscreteClock19

===========================================================================================
----------------- testing Tue Oct 30 02:33:29 UTC 2018 /home/travis/build/icyphy/ptII/ptolemy/actor/lib/test/auto/DiscreteClock2.xml
----------------- Instantiating /home/travis/build/icyphy/ptII/ptolemy/actor/lib/test/auto/DiscreteClock2.xml
5 ms. Memory: 1364992K Free: 1267488K (93%)
----------------- Invoking toplevel() on ptolemy.moml.MoMLSimpleApplication@113849e5
----------------- Done invoking toplevel() on ptolemy.moml.MoMLSimpleApplication@113849e5
reloadAllAccessors: .DiscreteClock2

===========================================================================================
----------------- testing Tue Oct 30 02:33:29 UTC 2018 /home/travis/build/icyphy/ptII/ptolemy/actor/lib/test/auto/DiscreteClock20.xml
----------------- Instantiating /home/travis/build/icyphy/ptII/ptolemy/actor/lib/test/auto/DiscreteClock20.xml
9 ms. Memory: 1364992K Free: 1250858K (92%)
----------------- Invoking toplevel() on ptolemy.moml.MoMLSimpleApplication@6a8f9b7c
----------------- Done invoking toplevel() on ptolemy.moml.MoMLSimpleApplication@6a8f9b7c
reloadAllAccessors: .DiscreteClock20

===========================================================================================
----------------- testing Tue Oct 30 02:33:29 UTC 2018 /home/travis/build/icyphy/ptII/ptolemy/actor/lib/test/auto/DiscreteClock21.xml
----------------- Instantiating /home/travis/build/icyphy/ptII/ptolemy/actor/lib/test/auto/DiscreteClock21.xml
7 ms. Memory: 1364992K Free: 1234229K (90%)
----------------- Invoking toplevel() on ptolemy.moml.MoMLSimpleApplication@2af398e7
----------------- Done invoking toplevel() on ptolemy.moml.MoMLSimpleApplication@2af398e7
reloadAllAccessors: .DiscreteClock21

===========================================================================================
----------------- testing Tue Oct 30 02:33:29 UTC 2018 /home/travis/build/icyphy/ptII/ptolemy/actor/lib/test/auto/DiscreteClock22.xml
----------------- Instantiating /home/travis/build/icyphy/ptII/ptolemy/actor/lib/test/auto/DiscreteClock22.xml
8 ms. Memory: 1364992K Free: 1207469K (88%)
----------------- Invoking toplevel() on ptolemy.moml.MoMLSimpleApplication@74d0edc
----------------- Done invoking toplevel() on ptolemy.moml.MoMLSimpleApplication@74d0edc
reloadAllAccessors: .DiscreteClock22

===========================================================================================
----------------- testing Tue Oct 30 02:33:29 UTC 2018 /home/travis/build/icyphy/ptII/ptolemy/actor/lib/test/auto/DiscreteClock23.xml
----------------- Instantiating /home/travis/build/icyphy/ptII/ptolemy/actor/lib/test/auto/DiscreteClock23.xml
10 ms. Memory: 1364992K Free: 1190839K (87%)
----------------- Invoking toplevel() on ptolemy.moml.MoMLSimpleApplication@76177bed
----------------- Done invoking toplevel() on ptolemy.moml.MoMLSimpleApplication@76177bed
reloadAllAccessors: .DiscreteClock23

===========================================================================================
----------------- testing Tue Oct 30 02:33:29 UTC 2018 /home/travis/build/icyphy/ptII/ptolemy/actor/lib/test/auto/DiscreteClock24.xml
----------------- Instantiating /home/travis/build/icyphy/ptII/ptolemy/actor/lib/test/auto/DiscreteClock24.xml
1 ms. Memory: 1364992K Free: 1174209K (86%)
----------------- Invoking toplevel() on ptolemy.moml.MoMLSimpleApplication@5e1576e
----------------- Done invoking toplevel() on ptolemy.moml.MoMLSimpleApplication@5e1576e
reloadAllAccessors: .DiscreteClock24

===========================================================================================
----------------- testing Tue Oct 30 02:33:29 UTC 2018 /home/travis/build/icyphy/ptII/ptolemy/actor/lib/test/auto/DiscreteClock4.xml
----------------- Instantiating /home/travis/build/icyphy/ptII/ptolemy/actor/lib/test/auto/DiscreteClock4.xml
1 ms. Memory: 1364992K Free: 1157579K (85%)
----------------- Invoking toplevel() on ptolemy.moml.MoMLSimpleApplication@21d73574
----------------- Done invoking toplevel() on ptolemy.moml.MoMLSimpleApplication@21d73574
reloadAllAccessors: .DiscreteClock4

===========================================================================================
----------------- testing Tue Oct 30 02:33:29 UTC 2018 /home/travis/build/icyphy/ptII/ptolemy/actor/lib/test/auto/DiscreteClock5.xml
----------------- Instantiating /home/travis/build/icyphy/ptII/ptolemy/actor/lib/test/auto/DiscreteClock5.xml
1 ms. Memory: 1364992K Free: 1130819K (83%)
----------------- Invoking toplevel() on ptolemy.moml.MoMLSimpleApplication@51731630
----------------- Done invoking toplevel() on ptolemy.moml.MoMLSimpleApplication@51731630
reloadAllAccessors: .DiscreteClock5

===========================================================================================
----------------- testing Tue Oct 30 02:33:29 UTC 2018 /home/travis/build/icyphy/ptII/ptolemy/actor/lib/test/auto/DiscreteClock6.xml
----------------- Instantiating /home/travis/build/icyphy/ptII/ptolemy/actor/lib/test/auto/DiscreteClock6.xml
1 ms. Memory: 1364992K Free: 1114190K (82%)
----------------- Invoking toplevel() on ptolemy.moml.MoMLSimpleApplication@41908a53
----------------- Done invoking toplevel() on ptolemy.moml.MoMLSimpleApplication@41908a53
reloadAllAccessors: .DiscreteClock6

===========================================================================================
----------------- testing Tue Oct 30 02:33:29 UTC 2018 /home/travis/build/icyphy/ptII/ptolemy/actor/lib/test/auto/DiscreteClock7.xml
----------------- Instantiating /home/travis/build/icyphy/ptII/ptolemy/actor/lib/test/auto/DiscreteClock7.xml
1 ms. Memory: 1364992K Free: 1097560K (80%)
----------------- Invoking toplevel() on ptolemy.moml.MoMLSimpleApplication@36a21bfa
----------------- Done invoking toplevel() on ptolemy.moml.MoMLSimpleApplication@36a21bfa
reloadAllAccessors: .DiscreteClock7

===========================================================================================
----------------- testing Tue Oct 30 02:33:29 UTC 2018 /home/travis/build/icyphy/ptII/ptolemy/actor/lib/test/auto/DiscreteClock8.xml
----------------- Instantiating /home/travis/build/icyphy/ptII/ptolemy/actor/lib/test/auto/DiscreteClock8.xml
1 ms. Memory: 1364992K Free: 1080930K (79%)
----------------- Invoking toplevel() on ptolemy.moml.MoMLSimpleApplication@212998cb
----------------- Done invoking toplevel() on ptolemy.moml.MoMLSimpleApplication@212998cb
reloadAllAccessors: .DiscreteClock8

===========================================================================================
----------------- testing Tue Oct 30 02:33:29 UTC 2018 /home/travis/build/icyphy/ptII/ptolemy/actor/lib/test/auto/DiscreteClock9.xml
----------------- Instantiating /home/travis/build/icyphy/ptII/ptolemy/actor/lib/test/auto/DiscreteClock9.xml
1 ms. Memory: 1364992K Free: 1054170K (77%)
----------------- Invoking toplevel() on ptolemy.moml.MoMLSimpleApplication@23642eb0
----------------- Done invoking toplevel() on ptolemy.moml.MoMLSimpleApplication@23642eb0
reloadAllAccessors: .DiscreteClock9

===========================================================================================
----------------- testing Tue Oct 30 02:33:29 UTC 2018 /home/travis/build/icyphy/ptII/ptolemy/actor/lib/test/auto/DisplayArray.xml
----------------- Instantiating /home/travis/build/icyphy/ptII/ptolemy/actor/lib/test/auto/DisplayArray.xml
1 ms. Memory: 1364992K Free: 1037540K (76%)
----------------- Invoking toplevel() on ptolemy.moml.MoMLSimpleApplication@4e37012
----------------- Done invoking toplevel() on ptolemy.moml.MoMLSimpleApplication@4e37012
reloadAllAccessors: .DisplayArray

===========================================================================================
----------------- testing Tue Oct 30 02:33:29 UTC 2018 /home/travis/build/icyphy/ptII/ptolemy/actor/lib/test/auto/Distributor.xml
----------------- Instantiating /home/travis/build/icyphy/ptII/ptolemy/actor/lib/test/auto/Distributor.xml
2 ms. Memory: 1364992K Free: 1020911K (75%)
----------------- Invoking toplevel() on ptolemy.moml.MoMLSimpleApplication@7ce34f65
----------------- Done invoking toplevel() on ptolemy.moml.MoMLSimpleApplication@7ce34f65
reloadAllAccessors: .Distributor

===========================================================================================
----------------- testing Tue Oct 30 02:33:29 UTC 2018 /home/travis/build/icyphy/ptII/ptolemy/actor/lib/test/auto/Distributor2.xml
----------------- Instantiating /home/travis/build/icyphy/ptII/ptolemy/actor/lib/test/auto/Distributor2.xml
1 ms. Memory: 1364992K Free: 1004281K (74%)
----------------- Invoking toplevel() on ptolemy.moml.MoMLSimpleApplication@1a512a53
----------------- Done invoking toplevel() on ptolemy.moml.MoMLSimpleApplication@1a512a53
reloadAllAccessors: .Distributor2

===========================================================================================
----------------- testing Tue Oct 30 02:33:29 UTC 2018 /home/travis/build/icyphy/ptII/ptolemy/actor/lib/test/auto/DownSample.xml
----------------- Instantiating /home/travis/build/icyphy/ptII/ptolemy/actor/lib/test/auto/DownSample.xml
1 ms. Memory: 1364992K Free: 987651K (72%)
----------------- Invoking toplevel() on ptolemy.moml.MoMLSimpleApplication@67b2e466
----------------- Done invoking toplevel() on ptolemy.moml.MoMLSimpleApplication@67b2e466
reloadAllAccessors: .DownSample

===========================================================================================
----------------- testing Tue Oct 30 02:33:29 UTC 2018 /home/travis/build/icyphy/ptII/ptolemy/actor/lib/test/auto/ElectronicUnitBase1.xml
----------------- Instantiating /home/travis/build/icyphy/ptII/ptolemy/actor/lib/test/auto/ElectronicUnitBase1.xml
16 ms. Memory: 1364992K Free: 952560K (70%)
----------------- Invoking toplevel() on ptolemy.moml.MoMLSimpleApplication@212ee9b
----------------- Done invoking toplevel() on ptolemy.moml.MoMLSimpleApplication@212ee9b
reloadAllAccessors: .ElectronicUnitBase1

===========================================================================================
----------------- testing Tue Oct 30 02:33:29 UTC 2018 /home/travis/build/icyphy/ptII/ptolemy/actor/lib/test/auto/ElementsToArray.xml
----------------- Instantiating /home/travis/build/icyphy/ptII/ptolemy/actor/lib/test/auto/ElementsToArray.xml
2 ms. Memory: 1364992K Free: 935930K (69%)
----------------- Invoking toplevel() on ptolemy.moml.MoMLSimpleApplication@561d8c88
----------------- Done invoking toplevel() on ptolemy.moml.MoMLSimpleApplication@561d8c88
reloadAllAccessors: .ElementsToArray

===========================================================================================
----------------- testing Tue Oct 30 02:33:29 UTC 2018 /home/travis/build/icyphy/ptII/ptolemy/actor/lib/test/auto/Equals.xml
----------------- Instantiating /home/travis/build/icyphy/ptII/ptolemy/actor/lib/test/auto/Equals.xml
2 ms. Memory: 1364992K Free: 919300K (67%)
----------------- Invoking toplevel() on ptolemy.moml.MoMLSimpleApplication@6139989e
----------------- Done invoking toplevel() on ptolemy.moml.MoMLSimpleApplication@6139989e
reloadAllAccessors: .Equals

===========================================================================================
----------------- testing Tue Oct 30 02:33:29 UTC 2018 /home/travis/build/icyphy/ptII/ptolemy/actor/lib/test/auto/Exec.xml
----------------- Instantiating /home/travis/build/icyphy/ptII/ptolemy/actor/lib/test/auto/Exec.xml
7 ms. Memory: 1364992K Free: 881883K (65%)
----------------- Invoking toplevel() on ptolemy.moml.MoMLSimpleApplication@5030e068
----------------- Done invoking toplevel() on ptolemy.moml.MoMLSimpleApplication@5030e068
reloadAllAccessors: .Exec

===========================================================================================
----------------- testing Tue Oct 30 02:33:29 UTC 2018 /home/travis/build/icyphy/ptII/ptolemy/actor/lib/test/auto/ExecEnvironment.xml
----------------- Instantiating /home/travis/build/icyphy/ptII/ptolemy/actor/lib/test/auto/ExecEnvironment.xml
25 ms. Memory: 1364992K Free: 855123K (63%)
----------------- Invoking toplevel() on ptolemy.moml.MoMLSimpleApplication@1257dac1
----------------- Done invoking toplevel() on ptolemy.moml.MoMLSimpleApplication@1257dac1
reloadAllAccessors: .ExecEnvironment

===========================================================================================
----------------- testing Tue Oct 30 02:33:29 UTC 2018 /home/travis/build/icyphy/ptII/ptolemy/actor/lib/test/auto/ExecNonZeroReturnOutput.xml
----------------- Instantiating /home/travis/build/icyphy/ptII/ptolemy/actor/lib/test/auto/ExecNonZeroReturnOutput.xml
119 ms. Memory: 1364992K Free: 730399K (54%)
----------------- Invoking toplevel() on ptolemy.moml.MoMLSimpleApplication@1104cc8a
----------------- Done invoking toplevel() on ptolemy.moml.MoMLSimpleApplication@1104cc8a
reloadAllAccessors: .ExecNonZeroReturnOutput

===========================================================================================
----------------- testing Tue Oct 30 02:33:30 UTC 2018 /home/travis/build/icyphy/ptII/ptolemy/actor/lib/test/auto/ExecRunDemos.xml
----------------- Instantiating /home/travis/build/icyphy/ptII/ptolemy/actor/lib/test/auto/ExecRunDemos.xml
Finished: 54 ms. Memory: 116224K Free: 100103K (86%)

Finished: 40 ms. Memory: 116224K Free: 96343K (83%)

Finished: 53 ms. Memory: 116224K Free: 96957K (83%)

Finished: 37 ms. Memory: 116224K Free: 98268K (85%)

Finished: 35 ms. Memory: 116224K Free: 100080K (86%)

9129 ms. Memory: 1364992K Free: 622288K (46%)
----------------- Invoking toplevel() on ptolemy.moml.MoMLSimpleApplication@75af5ab8
----------------- Done invoking toplevel() on ptolemy.moml.MoMLSimpleApplication@75af5ab8
reloadAllAccessors: .ExecRunDemos

===========================================================================================
----------------- testing Tue Oct 30 02:33:39 UTC 2018 /home/travis/build/icyphy/ptII/ptolemy/actor/lib/test/auto/ExecStop.xml
----------------- Instantiating /home/travis/build/icyphy/ptII/ptolemy/actor/lib/test/auto/ExecStop.xml
5016 ms. Memory: 1364992K Free: 356211K (26%)
----------------- Invoking toplevel() on ptolemy.moml.MoMLSimpleApplication@19e0d448
----------------- Done invoking toplevel() on ptolemy.moml.MoMLSimpleApplication@19e0d448
reloadAllAccessors: .ExecStop

===========================================================================================
----------------- testing Tue Oct 30 02:33:44 UTC 2018 /home/travis/build/icyphy/ptII/ptolemy/actor/lib/test/auto/ExecutionTimeSDF.xml
----------------- Instantiating /home/travis/build/icyphy/ptII/ptolemy/actor/lib/test/auto/ExecutionTimeSDF.xml
Fired ExecutionTime: -1981767296
Fired ExecutionTime: 967600000
Fired ExecutionTime: -1670167296
6004 ms. Memory: 1364992K Free: 321120K (24%)
----------------- Invoking toplevel() on ptolemy.moml.MoMLSimpleApplication@62cf26c9
----------------- Done invoking toplevel() on ptolemy.moml.MoMLSimpleApplication@62cf26c9
reloadAllAccessors: .ExecutionTimeSDF

===========================================================================================
----------------- testing Tue Oct 30 02:33:50 UTC 2018 /home/travis/build/icyphy/ptII/ptolemy/actor/lib/test/auto/Expression1.xml
----------------- Instantiating /home/travis/build/icyphy/ptII/ptolemy/actor/lib/test/auto/Expression1.xml
2 ms. Memory: 1364992K Free: 304491K (22%)
----------------- Invoking toplevel() on ptolemy.moml.MoMLSimpleApplication@3ea65f2a
----------------- Done invoking toplevel() on ptolemy.moml.MoMLSimpleApplication@3ea65f2a
reloadAllAccessors: .Expression1

===========================================================================================
----------------- testing Tue Oct 30 02:33:50 UTC 2018 /home/travis/build/icyphy/ptII/ptolemy/actor/lib/test/auto/Expression10.xml
----------------- Instantiating /home/travis/build/icyphy/ptII/ptolemy/actor/lib/test/auto/Expression10.xml
5 ms. Memory: 1364992K Free: 287861K (21%)
----------------- Invoking toplevel() on ptolemy.moml.MoMLSimpleApplication@5a1f454
----------------- Done invoking toplevel() on ptolemy.moml.MoMLSimpleApplication@5a1f454
reloadAllAccessors: .Expression10

===========================================================================================
----------------- testing Tue Oct 30 02:33:50 UTC 2018 /home/travis/build/icyphy/ptII/ptolemy/actor/lib/test/auto/Expression11.xml
----------------- Instantiating /home/travis/build/icyphy/ptII/ptolemy/actor/lib/test/auto/Expression11.xml
2 ms. Memory: 1364992K Free: 271231K (20%)
----------------- Invoking toplevel() on ptolemy.moml.MoMLSimpleApplication@63092a63
----------------- Done invoking toplevel() on ptolemy.moml.MoMLSimpleApplication@63092a63
reloadAllAccessors: .Expression11

===========================================================================================
----------------- testing Tue Oct 30 02:33:50 UTC 2018 /home/travis/build/icyphy/ptII/ptolemy/actor/lib/test/auto/Expression12.xml
----------------- Instantiating /home/travis/build/icyphy/ptII/ptolemy/actor/lib/test/auto/Expression12.xml
3 ms. Memory: 1364992K Free: 254601K (19%)
----------------- Invoking toplevel() on ptolemy.moml.MoMLSimpleApplication@6210ee25
----------------- Done invoking toplevel() on ptolemy.moml.MoMLSimpleApplication@6210ee25
reloadAllAccessors: .Expression12

===========================================================================================
----------------- testing Tue Oct 30 02:33:50 UTC 2018 /home/travis/build/icyphy/ptII/ptolemy/actor/lib/test/auto/Expression13.xml
----------------- Instantiating /home/travis/build/icyphy/ptII/ptolemy/actor/lib/test/auto/Expression13.xml
4 ms. Memory: 1364992K Free: 227841K (17%)
----------------- Invoking toplevel() on ptolemy.moml.MoMLSimpleApplication@6e79f01c
----------------- Done invoking toplevel() on ptolemy.moml.MoMLSimpleApplication@6e79f01c
reloadAllAccessors: .Expression13

===========================================================================================
----------------- testing Tue Oct 30 02:33:50 UTC 2018 /home/travis/build/icyphy/ptII/ptolemy/actor/lib/test/auto/Expression14.xml
----------------- Instantiating /home/travis/build/icyphy/ptII/ptolemy/actor/lib/test/auto/Expression14.xml
4 ms. Memory: 1364992K Free: 211211K (15%)
----------------- Invoking toplevel() on ptolemy.moml.MoMLSimpleApplication@4b48c56b
----------------- Done invoking toplevel() on ptolemy.moml.MoMLSimpleApplication@4b48c56b
reloadAllAccessors: .Expression14

===========================================================================================
----------------- testing Tue Oct 30 02:33:50 UTC 2018 /home/travis/build/icyphy/ptII/ptolemy/actor/lib/test/auto/Expression15.xml
----------------- Instantiating /home/travis/build/icyphy/ptII/ptolemy/actor/lib/test/auto/Expression15.xml
2 ms. Memory: 1364992K Free: 194581K (14%)
----------------- Invoking toplevel() on ptolemy.moml.MoMLSimpleApplication@34401509
----------------- Done invoking toplevel() on ptolemy.moml.MoMLSimpleApplication@34401509
reloadAllAccessors: .Expression15

===========================================================================================
----------------- testing Tue Oct 30 02:33:50 UTC 2018 /home/travis/build/icyphy/ptII/ptolemy/actor/lib/test/auto/Expression16.xml
----------------- Instantiating /home/travis/build/icyphy/ptII/ptolemy/actor/lib/test/auto/Expression16.xml
3 ms. Memory: 1364992K Free: 177952K (13%)
----------------- Invoking toplevel() on ptolemy.moml.MoMLSimpleApplication@77c7a148
----------------- Done invoking toplevel() on ptolemy.moml.MoMLSimpleApplication@77c7a148
reloadAllAccessors: .Expression16

===========================================================================================
----------------- testing Tue Oct 30 02:33:50 UTC 2018 /home/travis/build/icyphy/ptII/ptolemy/actor/lib/test/auto/Expression17.xml
----------------- Instantiating /home/travis/build/icyphy/ptII/ptolemy/actor/lib/test/auto/Expression17.xml
2 ms. Memory: 1364992K Free: 151192K (11%)
----------------- Invoking toplevel() on ptolemy.moml.MoMLSimpleApplication@5ab0e2d
----------------- Done invoking toplevel() on ptolemy.moml.MoMLSimpleApplication@5ab0e2d
reloadAllAccessors: .Expression17

===========================================================================================
----------------- testing Tue Oct 30 02:33:50 UTC 2018 /home/travis/build/icyphy/ptII/ptolemy/actor/lib/test/auto/Expression18.xml
----------------- Instantiating /home/travis/build/icyphy/ptII/ptolemy/actor/lib/test/auto/Expression18.xml
1 ms. Memory: 1364992K Free: 134562K (10%)
----------------- Invoking toplevel() on ptolemy.moml.MoMLSimpleApplication@2b876987
----------------- Done invoking toplevel() on ptolemy.moml.MoMLSimpleApplication@2b876987
reloadAllAccessors: .Expression18

===========================================================================================
----------------- testing Tue Oct 30 02:33:50 UTC 2018 /home/travis/build/icyphy/ptII/ptolemy/actor/lib/test/auto/Expression2.xml
----------------- Instantiating /home/travis/build/icyphy/ptII/ptolemy/actor/lib/test/auto/Expression2.xml
3 ms. Memory: 1364992K Free: 117932K (9%)
----------------- Invoking toplevel() on ptolemy.moml.MoMLSimpleApplication@4735ea4a
----------------- Done invoking toplevel() on ptolemy.moml.MoMLSimpleApplication@4735ea4a
reloadAllAccessors: .Expression2

===========================================================================================
----------------- testing Tue Oct 30 02:33:50 UTC 2018 /home/travis/build/icyphy/ptII/ptolemy/actor/lib/test/auto/Expression3.xml
----------------- Instantiating /home/travis/build/icyphy/ptII/ptolemy/actor/lib/test/auto/Expression3.xml
3 ms. Memory: 1364992K Free: 101302K (7%)
----------------- Invoking toplevel() on ptolemy.moml.MoMLSimpleApplication@65bf6c13
----------------- Done invoking toplevel() on ptolemy.moml.MoMLSimpleApplication@65bf6c13
reloadAllAccessors: .Expression3

===========================================================================================
----------------- testing Tue Oct 30 02:33:50 UTC 2018 /home/travis/build/icyphy/ptII/ptolemy/actor/lib/test/auto/Expression4.xml
----------------- Instantiating /home/travis/build/icyphy/ptII/ptolemy/actor/lib/test/auto/Expression4.xml
4 ms. Memory: 1364992K Free: 84673K (6%)
----------------- Invoking toplevel() on ptolemy.moml.MoMLSimpleApplication@6f44c619
----------------- Done invoking toplevel() on ptolemy.moml.MoMLSimpleApplication@6f44c619
reloadAllAccessors: .Expression4

===========================================================================================
----------------- testing Tue Oct 30 02:33:50 UTC 2018 /home/travis/build/icyphy/ptII/ptolemy/actor/lib/test/auto/Expression5.xml
----------------- Instantiating /home/travis/build/icyphy/ptII/ptolemy/actor/lib/test/auto/Expression5.xml
2 ms. Memory: 1588224K Free: 1530480K (96%)
----------------- Invoking toplevel() on ptolemy.moml.MoMLSimpleApplication@1fb76522
----------------- Done invoking toplevel() on ptolemy.moml.MoMLSimpleApplication@1fb76522
reloadAllAccessors: .Expression5

===========================================================================================
----------------- testing Tue Oct 30 02:33:50 UTC 2018 /home/travis/build/icyphy/ptII/ptolemy/actor/lib/test/auto/Expression6.xml
----------------- Instantiating /home/travis/build/icyphy/ptII/ptolemy/actor/lib/test/auto/Expression6.xml
2 ms. Memory: 1588224K Free: 1495739K (94%)
----------------- Invoking toplevel() on ptolemy.moml.MoMLSimpleApplication@3fd6c0bd
----------------- Done invoking toplevel() on ptolemy.moml.MoMLSimpleApplication@3fd6c0bd
reloadAllAccessors: .Expression6

===========================================================================================
----------------- testing Tue Oct 30 02:33:50 UTC 2018 /home/travis/build/icyphy/ptII/ptolemy/actor/lib/test/auto/Expression7.xml
----------------- Instantiating /home/travis/build/icyphy/ptII/ptolemy/actor/lib/test/auto/Expression7.xml
2 ms. Memory: 1588224K Free: 1475901K (93%)
----------------- Invoking toplevel() on ptolemy.moml.MoMLSimpleApplication@60347088
----------------- Done invoking toplevel() on ptolemy.moml.MoMLSimpleApplication@60347088
reloadAllAccessors: .Expression7

===========================================================================================
----------------- testing Tue Oct 30 02:33:50 UTC 2018 /home/travis/build/icyphy/ptII/ptolemy/actor/lib/test/auto/Expression8.xml
----------------- Instantiating /home/travis/build/icyphy/ptII/ptolemy/actor/lib/test/auto/Expression8.xml
3 ms. Memory: 1588224K Free: 1456063K (92%)
----------------- Invoking toplevel() on ptolemy.moml.MoMLSimpleApplication@5f4f1b58
----------------- Done invoking toplevel() on ptolemy.moml.MoMLSimpleApplication@5f4f1b58
reloadAllAccessors: .Expression8

===========================================================================================
----------------- testing Tue Oct 30 02:33:50 UTC 2018 /home/travis/build/icyphy/ptII/ptolemy/actor/lib/test/auto/Expression9.xml
----------------- Instantiating /home/travis/build/icyphy/ptII/ptolemy/actor/lib/test/auto/Expression9.xml
1 ms. Memory: 1588224K Free: 1427608K (90%)
----------------- Invoking toplevel() on ptolemy.moml.MoMLSimpleApplication@5982236a
----------------- Done invoking toplevel() on ptolemy.moml.MoMLSimpleApplication@5982236a
reloadAllAccessors: .Expression9

===========================================================================================
----------------- testing Tue Oct 30 02:33:50 UTC 2018 /home/travis/build/icyphy/ptII/ptolemy/actor/lib/test/auto/ExpressionConcatenateArrayType.xml
----------------- Instantiating /home/travis/build/icyphy/ptII/ptolemy/actor/lib/test/auto/ExpressionConcatenateArrayType.xml
2 ms. Memory: 1588224K Free: 1407770K (89%)
----------------- Invoking toplevel() on ptolemy.moml.MoMLSimpleApplication@a7ff387
----------------- Done invoking toplevel() on ptolemy.moml.MoMLSimpleApplication@a7ff387
reloadAllAccessors: .ExpressionConcatenateArrayType

===========================================================================================
----------------- testing Tue Oct 30 02:33:50 UTC 2018 /home/travis/build/icyphy/ptII/ptolemy/actor/lib/test/auto/ExpressionConcatenateArrayType2.xml
----------------- Instantiating /home/travis/build/icyphy/ptII/ptolemy/actor/lib/test/auto/ExpressionConcatenateArrayType2.xml
2 ms. Memory: 1588224K Free: 1387931K (87%)
----------------- Invoking toplevel() on ptolemy.moml.MoMLSimpleApplication@30206b27
----------------- Done invoking toplevel() on ptolemy.moml.MoMLSimpleApplication@30206b27
reloadAllAccessors: .ExpressionConcatenateArrayType2

===========================================================================================
----------------- testing Tue Oct 30 02:33:50 UTC 2018 /home/travis/build/icyphy/ptII/ptolemy/actor/lib/test/auto/ExpressionFix.xml
----------------- Instantiating /home/travis/build/icyphy/ptII/ptolemy/actor/lib/test/auto/ExpressionFix.xml
8 ms. Memory: 1588224K Free: 1367892K (86%)
----------------- Invoking toplevel() on ptolemy.moml.MoMLSimpleApplication@53c5b9f6
----------------- Done invoking toplevel() on ptolemy.moml.MoMLSimpleApplication@53c5b9f6
reloadAllAccessors: .ExpressionFix

===========================================================================================
----------------- testing Tue Oct 30 02:33:50 UTC 2018 /home/travis/build/icyphy/ptII/ptolemy/actor/lib/test/auto/ExpressionFix2.xml
----------------- Instantiating /home/travis/build/icyphy/ptII/ptolemy/actor/lib/test/auto/ExpressionFix2.xml
2 ms. Memory: 1588224K Free: 1339437K (84%)
----------------- Invoking toplevel() on ptolemy.moml.MoMLSimpleApplication@2deb16d8
----------------- Done invoking toplevel() on ptolemy.moml.MoMLSimpleApplication@2deb16d8
reloadAllAccessors: .ExpressionFix2

===========================================================================================
----------------- testing Tue Oct 30 02:33:50 UTC 2018 /home/travis/build/icyphy/ptII/ptolemy/actor/lib/test/auto/ExpressionFix3.xml
----------------- Instantiating /home/travis/build/icyphy/ptII/ptolemy/actor/lib/test/auto/ExpressionFix3.xml
2 ms. Memory: 1588224K Free: 1319599K (83%)
----------------- Invoking toplevel() on ptolemy.moml.MoMLSimpleApplication@3a07bd71
----------------- Done invoking toplevel() on ptolemy.moml.MoMLSimpleApplication@3a07bd71
reloadAllAccessors: .ExpressionFix3

===========================================================================================
----------------- testing Tue Oct 30 02:33:50 UTC 2018 /home/travis/build/icyphy/ptII/ptolemy/actor/lib/test/auto/FileWriter1.xml
----------------- Instantiating /home/travis/build/icyphy/ptII/ptolemy/actor/lib/test/auto/FileWriter1.xml
2 ms. Memory: 1588224K Free: 1299761K (82%)
----------------- Invoking toplevel() on ptolemy.moml.MoMLSimpleApplication@5afe6be2
----------------- Done invoking toplevel() on ptolemy.moml.MoMLSimpleApplication@5afe6be2
reloadAllAccessors: .FileWriter1

===========================================================================================
----------------- testing Tue Oct 30 02:33:50 UTC 2018 /home/travis/build/icyphy/ptII/ptolemy/actor/lib/test/auto/FileWriter2.xml
----------------- Instantiating /home/travis/build/icyphy/ptII/ptolemy/actor/lib/test/auto/FileWriter2.xml
2 ms. Memory: 1588224K Free: 1279922K (81%)
----------------- Invoking toplevel() on ptolemy.moml.MoMLSimpleApplication@123a69d7
----------------- Done invoking toplevel() on ptolemy.moml.MoMLSimpleApplication@123a69d7
reloadAllAccessors: .FileWriter2

===========================================================================================
----------------- testing Tue Oct 30 02:33:50 UTC 2018 /home/travis/build/icyphy/ptII/ptolemy/actor/lib/test/auto/FileWriter3.xml
----------------- Instantiating /home/travis/build/icyphy/ptII/ptolemy/actor/lib/test/auto/FileWriter3.xml
6 ms. Memory: 1588224K Free: 1251468K (79%)
----------------- Invoking toplevel() on ptolemy.moml.MoMLSimpleApplication@5ae983d0
----------------- Done invoking toplevel() on ptolemy.moml.MoMLSimpleApplication@5ae983d0
reloadAllAccessors: .FileWriter3

===========================================================================================
----------------- testing Tue Oct 30 02:33:50 UTC 2018 /home/travis/build/icyphy/ptII/ptolemy/actor/lib/test/auto/Gaussian.xml
----------------- Instantiating /home/travis/build/icyphy/ptII/ptolemy/actor/lib/test/auto/Gaussian.xml
1 ms. Memory: 1588224K Free: 1231629K (78%)
----------------- Invoking toplevel() on ptolemy.moml.MoMLSimpleApplication@9a7eea0
----------------- Done invoking toplevel() on ptolemy.moml.MoMLSimpleApplication@9a7eea0
reloadAllAccessors: .Gaussian

===========================================================================================
----------------- testing Tue Oct 30 02:33:50 UTC 2018 /home/travis/build/icyphy/ptII/ptolemy/actor/lib/test/auto/Gaussian1.xml
----------------- Instantiating /home/travis/build/icyphy/ptII/ptolemy/actor/lib/test/auto/Gaussian1.xml
2 ms. Memory: 1588224K Free: 1211791K (76%)
----------------- Invoking toplevel() on ptolemy.moml.MoMLSimpleApplication@7031a148
----------------- Done invoking toplevel() on ptolemy.moml.MoMLSimpleApplication@7031a148
reloadAllAccessors: .Gaussian1

===========================================================================================
----------------- testing Tue Oct 30 02:33:50 UTC 2018 /home/travis/build/icyphy/ptII/ptolemy/actor/lib/test/auto/Gaussian2.xml
----------------- Instantiating /home/travis/build/icyphy/ptII/ptolemy/actor/lib/test/auto/Gaussian2.xml
1 ms. Memory: 1588224K Free: 1191953K (75%)
----------------- Invoking toplevel() on ptolemy.moml.MoMLSimpleApplication@33ab4641
----------------- Done invoking toplevel() on ptolemy.moml.MoMLSimpleApplication@33ab4641
reloadAllAccessors: .Gaussian2

===========================================================================================
----------------- testing Tue Oct 30 02:33:50 UTC 2018 /home/travis/build/icyphy/ptII/ptolemy/actor/lib/test/auto/GradientAdaptiveLattice.xml
----------------- Instantiating /home/travis/build/icyphy/ptII/ptolemy/actor/lib/test/auto/GradientAdaptiveLattice.xml
2 ms. Memory: 1588224K Free: 1163498K (73%)
----------------- Invoking toplevel() on ptolemy.moml.MoMLSimpleApplication@2994a33a
----------------- Done invoking toplevel() on ptolemy.moml.MoMLSimpleApplication@2994a33a
reloadAllAccessors: .GradientAdaptiveLattice

===========================================================================================
----------------- testing Tue Oct 30 02:33:50 UTC 2018 /home/travis/build/icyphy/ptII/ptolemy/actor/lib/test/auto/IIR.xml
----------------- Instantiating /home/travis/build/icyphy/ptII/ptolemy/actor/lib/test/auto/IIR.xml
1 ms. Memory: 1588224K Free: 1143660K (72%)
----------------- Invoking toplevel() on ptolemy.moml.MoMLSimpleApplication@65d1fda7
----------------- Done invoking toplevel() on ptolemy.moml.MoMLSimpleApplication@65d1fda7
reloadAllAccessors: .IIR

===========================================================================================
----------------- testing Tue Oct 30 02:33:50 UTC 2018 /home/travis/build/icyphy/ptII/ptolemy/actor/lib/test/auto/InputOutputTransparentPorts.xml
----------------- Instantiating /home/travis/build/icyphy/ptII/ptolemy/actor/lib/test/auto/InputOutputTransparentPorts.xml
1 ms. Memory: 1588224K Free: 1123821K (71%)
----------------- Invoking toplevel() on ptolemy.moml.MoMLSimpleApplication@11f00ad
----------------- Done invoking toplevel() on ptolemy.moml.MoMLSimpleApplication@11f00ad
reloadAllAccessors: .InputOutputTransparentPorts

===========================================================================================
----------------- testing Tue Oct 30 02:33:50 UTC 2018 /home/travis/build/icyphy/ptII/ptolemy/actor/lib/test/auto/Interpolator.xml
----------------- Instantiating /home/travis/build/icyphy/ptII/ptolemy/actor/lib/test/auto/Interpolator.xml
3 ms. Memory: 1588224K Free: 1095366K (69%)
----------------- Invoking toplevel() on ptolemy.moml.MoMLSimpleApplication@cd8a579
----------------- Done invoking toplevel() on ptolemy.moml.MoMLSimpleApplication@cd8a579
reloadAllAccessors: .Interpolator

===========================================================================================
----------------- testing Tue Oct 30 02:33:50 UTC 2018 /home/travis/build/icyphy/ptII/ptolemy/actor/lib/test/auto/InterpolatorFiringLimitDE.xml
----------------- Instantiating /home/travis/build/icyphy/ptII/ptolemy/actor/lib/test/auto/InterpolatorFiringLimitDE.xml
2 ms. Memory: 1588224K Free: 1075528K (68%)
----------------- Invoking toplevel() on ptolemy.moml.MoMLSimpleApplication@440db5e
----------------- Done invoking toplevel() on ptolemy.moml.MoMLSimpleApplication@440db5e
reloadAllAccessors: .InterpolatorFiringLimitDE

===========================================================================================
----------------- testing Tue Oct 30 02:33:50 UTC 2018 /home/travis/build/icyphy/ptII/ptolemy/actor/lib/test/auto/Lattice.xml
----------------- Instantiating /home/travis/build/icyphy/ptII/ptolemy/actor/lib/test/auto/Lattice.xml
1 ms. Memory: 1588224K Free: 1055690K (66%)
----------------- Invoking toplevel() on ptolemy.moml.MoMLSimpleApplication@c3e31a7
----------------- Done invoking toplevel() on ptolemy.moml.MoMLSimpleApplication@c3e31a7
reloadAllAccessors: .Lattice

===========================================================================================
----------------- testing Tue Oct 30 02:33:50 UTC 2018 /home/travis/build/icyphy/ptII/ptolemy/actor/lib/test/auto/LazyAOCTestLazy.xml
----------------- Instantiating /home/travis/build/icyphy/ptII/ptolemy/actor/lib/test/auto/LazyAOCTestLazy.xml
7 ms. Memory: 1588224K Free: 1035851K (65%)
----------------- Invoking toplevel() on ptolemy.moml.MoMLSimpleApplication@126948
----------------- Done invoking toplevel() on ptolemy.moml.MoMLSimpleApplication@126948
reloadAllAccessors: .LazyAOCTestLazy

===========================================================================================
----------------- testing Tue Oct 30 02:33:50 UTC 2018 /home/travis/build/icyphy/ptII/ptolemy/actor/lib/test/auto/LazyAOCTestNonLazy.xml
----------------- Instantiating /home/travis/build/icyphy/ptII/ptolemy/actor/lib/test/auto/LazyAOCTestNonLazy.xml
12 ms. Memory: 1588224K Free: 1007397K (63%)
----------------- Invoking toplevel() on ptolemy.moml.MoMLSimpleApplication@56695a5c
----------------- Done invoking toplevel() on ptolemy.moml.MoMLSimpleApplication@56695a5c
reloadAllAccessors: .LazyAOCTestNonLazy

===========================================================================================
----------------- testing Tue Oct 30 02:33:51 UTC 2018 /home/travis/build/icyphy/ptII/ptolemy/actor/lib/test/auto/LazyInnerClass.xml
----------------- Instantiating /home/travis/build/icyphy/ptII/ptolemy/actor/lib/test/auto/LazyInnerClass.xml
22 ms. Memory: 1588224K Free: 987558K (62%)
----------------- Invoking toplevel() on ptolemy.moml.MoMLSimpleApplication@714c5e32
----------------- Done invoking toplevel() on ptolemy.moml.MoMLSimpleApplication@714c5e32
reloadAllAccessors: .LazyInnerClass

===========================================================================================
----------------- testing Tue Oct 30 02:33:51 UTC 2018 /home/travis/build/icyphy/ptII/ptolemy/actor/lib/test/auto/LazyPubSub.xml
----------------- Instantiating /home/travis/build/icyphy/ptII/ptolemy/actor/lib/test/auto/LazyPubSub.xml
24 ms. Memory: 1588224K Free: 967720K (61%)
----------------- Invoking toplevel() on ptolemy.moml.MoMLSimpleApplication@1adbd56e
----------------- Done invoking toplevel() on ptolemy.moml.MoMLSimpleApplication@1adbd56e
reloadAllAccessors: .LazyPubSub

===========================================================================================
----------------- testing Tue Oct 30 02:33:51 UTC 2018 /home/travis/build/icyphy/ptII/ptolemy/actor/lib/test/auto/LazyPubSub2.xml
----------------- Instantiating /home/travis/build/icyphy/ptII/ptolemy/actor/lib/test/auto/LazyPubSub2.xml
10 ms. Memory: 1588224K Free: 947882K (60%)
----------------- Invoking toplevel() on ptolemy.moml.MoMLSimpleApplication@72885a20
----------------- Done invoking toplevel() on ptolemy.moml.MoMLSimpleApplication@72885a20
reloadAllAccessors: .LazyPubSub2

===========================================================================================
----------------- testing Tue Oct 30 02:33:51 UTC 2018 /home/travis/build/icyphy/ptII/ptolemy/actor/lib/test/auto/LazyPubSub3.xml
----------------- Instantiating /home/travis/build/icyphy/ptII/ptolemy/actor/lib/test/auto/LazyPubSub3.xml
17 ms. Memory: 1588224K Free: 919427K (58%)
----------------- Invoking toplevel() on ptolemy.moml.MoMLSimpleApplication@23b9afd2
----------------- Done invoking toplevel() on ptolemy.moml.MoMLSimpleApplication@23b9afd2
reloadAllAccessors: .LazyPubSub3

===========================================================================================
----------------- testing Tue Oct 30 02:33:51 UTC 2018 /home/travis/build/icyphy/ptII/ptolemy/actor/lib/test/auto/LazySubClassModel.xml
----------------- Instantiating /home/travis/build/icyphy/ptII/ptolemy/actor/lib/test/auto/LazySubClassModel.xml
2 ms. Memory: 1588224K Free: 899589K (57%)
----------------- Invoking toplevel() on ptolemy.moml.MoMLSimpleApplication@43b37776
----------------- Done invoking toplevel() on ptolemy.moml.MoMLSimpleApplication@43b37776
reloadAllAccessors: .LazySubClassModel

===========================================================================================
----------------- testing Tue Oct 30 02:33:51 UTC 2018 /home/travis/build/icyphy/ptII/ptolemy/actor/lib/test/auto/LevelCrossTest1.xml
----------------- Instantiating /home/travis/build/icyphy/ptII/ptolemy/actor/lib/test/auto/LevelCrossTest1.xml
1 ms. Memory: 1588224K Free: 879750K (55%)
----------------- Invoking toplevel() on ptolemy.moml.MoMLSimpleApplication@5c3d12c
----------------- Done invoking toplevel() on ptolemy.moml.MoMLSimpleApplication@5c3d12c
reloadAllAccessors: .broken

===========================================================================================
----------------- testing Tue Oct 30 02:33:51 UTC 2018 /home/travis/build/icyphy/ptII/ptolemy/actor/lib/test/auto/LevelCrossTest10.xml
----------------- Instantiating /home/travis/build/icyphy/ptII/ptolemy/actor/lib/test/auto/LevelCrossTest10.xml
1 ms. Memory: 1588224K Free: 859912K (54%)
----------------- Invoking toplevel() on ptolemy.moml.MoMLSimpleApplication@3c8a8fe5
----------------- Done invoking toplevel() on ptolemy.moml.MoMLSimpleApplication@3c8a8fe5
reloadAllAccessors: .LevelCrossTest10

===========================================================================================
----------------- testing Tue Oct 30 02:33:51 UTC 2018 /home/travis/build/icyphy/ptII/ptolemy/actor/lib/test/auto/LevelCrossTest11.xml
----------------- Instantiating /home/travis/build/icyphy/ptII/ptolemy/actor/lib/test/auto/LevelCrossTest11.xml
1 ms. Memory: 1588224K Free: 831458K (52%)
----------------- Invoking toplevel() on ptolemy.moml.MoMLSimpleApplication@668ca6b3
----------------- Done invoking toplevel() on ptolemy.moml.MoMLSimpleApplication@668ca6b3
reloadAllAccessors: .LevelCrossTest11

===========================================================================================
----------------- testing Tue Oct 30 02:33:51 UTC 2018 /home/travis/build/icyphy/ptII/ptolemy/actor/lib/test/auto/LevelCrossTest12.xml
----------------- Instantiating /home/travis/build/icyphy/ptII/ptolemy/actor/lib/test/auto/LevelCrossTest12.xml
2 ms. Memory: 1588224K Free: 811619K (51%)
----------------- Invoking toplevel() on ptolemy.moml.MoMLSimpleApplication@31d4454c
----------------- Done invoking toplevel() on ptolemy.moml.MoMLSimpleApplication@31d4454c
reloadAllAccessors: .LevelCrossTest12

===========================================================================================
----------------- testing Tue Oct 30 02:33:51 UTC 2018 /home/travis/build/icyphy/ptII/ptolemy/actor/lib/test/auto/LevelCrossTest13.xml
----------------- Instantiating /home/travis/build/icyphy/ptII/ptolemy/actor/lib/test/auto/LevelCrossTest13.xml
1 ms. Memory: 1588224K Free: 791781K (50%)
----------------- Invoking toplevel() on ptolemy.moml.MoMLSimpleApplication@46d79de9
----------------- Done invoking toplevel() on ptolemy.moml.MoMLSimpleApplication@46d79de9
reloadAllAccessors: .LevelCrossTest13

===========================================================================================
----------------- testing Tue Oct 30 02:33:51 UTC 2018 /home/travis/build/icyphy/ptII/ptolemy/actor/lib/test/auto/LevelCrossTest2.xml
----------------- Instantiating /home/travis/build/icyphy/ptII/ptolemy/actor/lib/test/auto/LevelCrossTest2.xml
5 ms. Memory: 1588224K Free: 763326K (48%)
----------------- Invoking toplevel() on ptolemy.moml.MoMLSimpleApplication@6bb93cae
----------------- Done invoking toplevel() on ptolemy.moml.MoMLSimpleApplication@6bb93cae
reloadAllAccessors: .broken

===========================================================================================
----------------- testing Tue Oct 30 02:33:51 UTC 2018 /home/travis/build/icyphy/ptII/ptolemy/actor/lib/test/auto/LevelCrossTest3.xml
----------------- Instantiating /home/travis/build/icyphy/ptII/ptolemy/actor/lib/test/auto/LevelCrossTest3.xml
1 ms. Memory: 1588224K Free: 743488K (47%)
----------------- Invoking toplevel() on ptolemy.moml.MoMLSimpleApplication@7f7f7eff
----------------- Done invoking toplevel() on ptolemy.moml.MoMLSimpleApplication@7f7f7eff
reloadAllAccessors: .LevelCrossTest3

===========================================================================================
----------------- testing Tue Oct 30 02:33:51 UTC 2018 /home/travis/build/icyphy/ptII/ptolemy/actor/lib/test/auto/LevelCrossTest4.xml
----------------- Instantiating /home/travis/build/icyphy/ptII/ptolemy/actor/lib/test/auto/LevelCrossTest4.xml
2 ms. Memory: 1588224K Free: 723650K (46%)
----------------- Invoking toplevel() on ptolemy.moml.MoMLSimpleApplication@7702e05a
----------------- Done invoking toplevel() on ptolemy.moml.MoMLSimpleApplication@7702e05a
reloadAllAccessors: .broken

===========================================================================================
----------------- testing Tue Oct 30 02:33:51 UTC 2018 /home/travis/build/icyphy/ptII/ptolemy/actor/lib/test/auto/LevelCrossTest5.xml
----------------- Instantiating /home/travis/build/icyphy/ptII/ptolemy/actor/lib/test/auto/LevelCrossTest5.xml
1 ms. Memory: 1588224K Free: 703811K (44%)
----------------- Invoking toplevel() on ptolemy.moml.MoMLSimpleApplication@56112f0e
----------------- Done invoking toplevel() on ptolemy.moml.MoMLSimpleApplication@56112f0e
reloadAllAccessors: .LevelCrossTest5

===========================================================================================
----------------- testing Tue Oct 30 02:33:51 UTC 2018 /home/travis/build/icyphy/ptII/ptolemy/actor/lib/test/auto/LevelCrossTest6.xml
----------------- Instantiating /home/travis/build/icyphy/ptII/ptolemy/actor/lib/test/auto/LevelCrossTest6.xml
1 ms. Memory: 1588224K Free: 675356K (43%)
----------------- Invoking toplevel() on ptolemy.moml.MoMLSimpleApplication@481b5634
----------------- Done invoking toplevel() on ptolemy.moml.MoMLSimpleApplication@481b5634
reloadAllAccessors: .LevelCrossTest6

===========================================================================================
----------------- testing Tue Oct 30 02:33:51 UTC 2018 /home/travis/build/icyphy/ptII/ptolemy/actor/lib/test/auto/LevelCrossTest7.xml
----------------- Instantiating /home/travis/build/icyphy/ptII/ptolemy/actor/lib/test/auto/LevelCrossTest7.xml
1 ms. Memory: 1588224K Free: 655518K (41%)
----------------- Invoking toplevel() on ptolemy.moml.MoMLSimpleApplication@308f270d
----------------- Done invoking toplevel() on ptolemy.moml.MoMLSimpleApplication@308f270d
reloadAllAccessors: .LevelCrossTest7

===========================================================================================
----------------- testing Tue Oct 30 02:33:51 UTC 2018 /home/travis/build/icyphy/ptII/ptolemy/actor/lib/test/auto/LevelCrossTest8.xml
----------------- Instantiating /home/travis/build/icyphy/ptII/ptolemy/actor/lib/test/auto/LevelCrossTest8.xml
1 ms. Memory: 1588224K Free: 635680K (40%)
----------------- Invoking toplevel() on ptolemy.moml.MoMLSimpleApplication@5025f8b1
----------------- Done invoking toplevel() on ptolemy.moml.MoMLSimpleApplication@5025f8b1
reloadAllAccessors: .LevelCrossTest8

===========================================================================================
----------------- testing Tue Oct 30 02:33:51 UTC 2018 /home/travis/build/icyphy/ptII/ptolemy/actor/lib/test/auto/LevelCrossTest9.xml
----------------- Instantiating /home/travis/build/icyphy/ptII/ptolemy/actor/lib/test/auto/LevelCrossTest9.xml
1 ms. Memory: 1588224K Free: 615841K (39%)
----------------- Invoking toplevel() on ptolemy.moml.MoMLSimpleApplication@1f042c65
----------------- Done invoking toplevel() on ptolemy.moml.MoMLSimpleApplication@1f042c65
reloadAllAccessors: .LevelCrossTest9

===========================================================================================
----------------- testing Tue Oct 30 02:33:51 UTC 2018 /home/travis/build/icyphy/ptII/ptolemy/actor/lib/test/auto/LevinsonDurbin.xml
----------------- Instantiating /home/travis/build/icyphy/ptII/ptolemy/actor/lib/test/auto/LevinsonDurbin.xml
1 ms. Memory: 1588224K Free: 587386K (37%)
----------------- Invoking toplevel() on ptolemy.moml.MoMLSimpleApplication@29898aab
----------------- Done invoking toplevel() on ptolemy.moml.MoMLSimpleApplication@29898aab
reloadAllAccessors: .LevinsonDurbin

===========================================================================================
----------------- testing Tue Oct 30 02:33:51 UTC 2018 /home/travis/build/icyphy/ptII/ptolemy/actor/lib/test/auto/LevinsonDurbin2.xml
----------------- Instantiating /home/travis/build/icyphy/ptII/ptolemy/actor/lib/test/auto/LevinsonDurbin2.xml
1 ms. Memory: 1588224K Free: 567548K (36%)
----------------- Invoking toplevel() on ptolemy.moml.MoMLSimpleApplication@2214cd9
----------------- Done invoking toplevel() on ptolemy.moml.MoMLSimpleApplication@2214cd9
reloadAllAccessors: .LevinsonDurbin2

===========================================================================================
----------------- testing Tue Oct 30 02:33:51 UTC 2018 /home/travis/build/icyphy/ptII/ptolemy/actor/lib/test/auto/LevinsonDurbin3.xml
----------------- Instantiating /home/travis/build/icyphy/ptII/ptolemy/actor/lib/test/auto/LevinsonDurbin3.xml
2 ms. Memory: 1588224K Free: 547710K (34%)
----------------- Invoking toplevel() on ptolemy.moml.MoMLSimpleApplication@1ef85063
----------------- Done invoking toplevel() on ptolemy.moml.MoMLSimpleApplication@1ef85063
reloadAllAccessors: .LevinsonDurbin3

===========================================================================================
----------------- testing Tue Oct 30 02:33:51 UTC 2018 /home/travis/build/icyphy/ptII/ptolemy/actor/lib/test/auto/Limiter.xml
----------------- Instantiating /home/travis/build/icyphy/ptII/ptolemy/actor/lib/test/auto/Limiter.xml
4 ms. Memory: 1588224K Free: 527871K (33%)
----------------- Invoking toplevel() on ptolemy.moml.MoMLSimpleApplication@54271d47
----------------- Done invoking toplevel() on ptolemy.moml.MoMLSimpleApplication@54271d47
reloadAllAccessors: .Limiter

===========================================================================================
----------------- testing Tue Oct 30 02:33:51 UTC 2018 /home/travis/build/icyphy/ptII/ptolemy/actor/lib/test/auto/LinearDifferenceEquationSystem.xml
----------------- Instantiating /home/travis/build/icyphy/ptII/ptolemy/actor/lib/test/auto/LinearDifferenceEquationSystem.xml
3 ms. Memory: 1588224K Free: 499417K (31%)
----------------- Invoking toplevel() on ptolemy.moml.MoMLSimpleApplication@1a782c91
----------------- Done invoking toplevel() on ptolemy.moml.MoMLSimpleApplication@1a782c91
reloadAllAccessors: .LinearDifferenceEquationSystem

===========================================================================================
----------------- testing Tue Oct 30 02:33:51 UTC 2018 /home/travis/build/icyphy/ptII/ptolemy/actor/lib/test/auto/LookupTable.xml
----------------- Instantiating /home/travis/build/icyphy/ptII/ptolemy/actor/lib/test/auto/LookupTable.xml
2 ms. Memory: 1588224K Free: 479578K (30%)
----------------- Invoking toplevel() on ptolemy.moml.MoMLSimpleApplication@53f3001e
----------------- Done invoking toplevel() on ptolemy.moml.MoMLSimpleApplication@53f3001e
reloadAllAccessors: .LookupTable

===========================================================================================
----------------- testing Tue Oct 30 02:33:51 UTC 2018 /home/travis/build/icyphy/ptII/ptolemy/actor/lib/test/auto/MathFunction.xml
----------------- Instantiating /home/travis/build/icyphy/ptII/ptolemy/actor/lib/test/auto/MathFunction.xml
2 ms. Memory: 1588224K Free: 459740K (29%)
----------------- Invoking toplevel() on ptolemy.moml.MoMLSimpleApplication@38ebc16
----------------- Done invoking toplevel() on ptolemy.moml.MoMLSimpleApplication@38ebc16
reloadAllAccessors: .MathFunction

===========================================================================================
----------------- testing Tue Oct 30 02:33:51 UTC 2018 /home/travis/build/icyphy/ptII/ptolemy/actor/lib/test/auto/MathFunction2.xml
----------------- Instantiating /home/travis/build/icyphy/ptII/ptolemy/actor/lib/test/auto/MathFunction2.xml
2 ms. Memory: 1588224K Free: 431286K (27%)
----------------- Invoking toplevel() on ptolemy.moml.MoMLSimpleApplication@6b1f9c95
----------------- Done invoking toplevel() on ptolemy.moml.MoMLSimpleApplication@6b1f9c95
reloadAllAccessors: .MathFunction2

===========================================================================================
----------------- testing Tue Oct 30 02:33:51 UTC 2018 /home/travis/build/icyphy/ptII/ptolemy/actor/lib/test/auto/MathFunction3.xml
----------------- Instantiating /home/travis/build/icyphy/ptII/ptolemy/actor/lib/test/auto/MathFunction3.xml
3 ms. Memory: 1588224K Free: 411447K (26%)
----------------- Invoking toplevel() on ptolemy.moml.MoMLSimpleApplication@5e6829f3
----------------- Done invoking toplevel() on ptolemy.moml.MoMLSimpleApplication@5e6829f3
reloadAllAccessors: .MathFunction3

===========================================================================================
----------------- testing Tue Oct 30 02:33:51 UTC 2018 /home/travis/build/icyphy/ptII/ptolemy/actor/lib/test/auto/MatrixCropBoolean.xml
----------------- Instantiating /home/travis/build/icyphy/ptII/ptolemy/actor/lib/test/auto/MatrixCropBoolean.xml
2 ms. Memory: 1588224K Free: 391609K (25%)
----------------- Invoking toplevel() on ptolemy.moml.MoMLSimpleApplication@4d394031
----------------- Done invoking toplevel() on ptolemy.moml.MoMLSimpleApplication@4d394031
reloadAllAccessors: .MatrixCropBoolean

===========================================================================================
----------------- testing Tue Oct 30 02:33:51 UTC 2018 /home/travis/build/icyphy/ptII/ptolemy/actor/lib/test/auto/MatrixCropComplex.xml
----------------- Instantiating /home/travis/build/icyphy/ptII/ptolemy/actor/lib/test/auto/MatrixCropComplex.xml
2 ms. Memory: 1588224K Free: 371771K (23%)
----------------- Invoking toplevel() on ptolemy.moml.MoMLSimpleApplication@28b5db03
----------------- Done invoking toplevel() on ptolemy.moml.MoMLSimpleApplication@28b5db03
reloadAllAccessors: .MatrixCropComplex

===========================================================================================
----------------- testing Tue Oct 30 02:33:51 UTC 2018 /home/travis/build/icyphy/ptII/ptolemy/actor/lib/test/auto/MatrixCropDouble.xml
----------------- Instantiating /home/travis/build/icyphy/ptII/ptolemy/actor/lib/test/auto/MatrixCropDouble.xml
2 ms. Memory: 1588224K Free: 343316K (22%)
----------------- Invoking toplevel() on ptolemy.moml.MoMLSimpleApplication@11a7bc1a
----------------- Done invoking toplevel() on ptolemy.moml.MoMLSimpleApplication@11a7bc1a
reloadAllAccessors: .MatrixCropDouble

===========================================================================================
----------------- testing Tue Oct 30 02:33:51 UTC 2018 /home/travis/build/icyphy/ptII/ptolemy/actor/lib/test/auto/MatrixCropFix.xml
----------------- Instantiating /home/travis/build/icyphy/ptII/ptolemy/actor/lib/test/auto/MatrixCropFix.xml
2 ms. Memory: 1588224K Free: 323478K (20%)
----------------- Invoking toplevel() on ptolemy.moml.MoMLSimpleApplication@4b4e1865
----------------- Done invoking toplevel() on ptolemy.moml.MoMLSimpleApplication@4b4e1865
reloadAllAccessors: .MatrixCropFix

===========================================================================================
----------------- testing Tue Oct 30 02:33:51 UTC 2018 /home/travis/build/icyphy/ptII/ptolemy/actor/lib/test/auto/MatrixCropInt.xml
----------------- Instantiating /home/travis/build/icyphy/ptII/ptolemy/actor/lib/test/auto/MatrixCropInt.xml
2 ms. Memory: 1588224K Free: 303640K (19%)
----------------- Invoking toplevel() on ptolemy.moml.MoMLSimpleApplication@5d00fda6
----------------- Done invoking toplevel() on ptolemy.moml.MoMLSimpleApplication@5d00fda6
reloadAllAccessors: .MatrixCropInt

===========================================================================================
----------------- testing Tue Oct 30 02:33:51 UTC 2018 /home/travis/build/icyphy/ptII/ptolemy/actor/lib/test/auto/MatrixCropLong.xml
----------------- Instantiating /home/travis/build/icyphy/ptII/ptolemy/actor/lib/test/auto/MatrixCropLong.xml
2 ms. Memory: 1588224K Free: 283801K (18%)
----------------- Invoking toplevel() on ptolemy.moml.MoMLSimpleApplication@1b9135a2
----------------- Done invoking toplevel() on ptolemy.moml.MoMLSimpleApplication@1b9135a2
reloadAllAccessors: .MatrixCropLong

===========================================================================================
----------------- testing Tue Oct 30 02:33:51 UTC 2018 /home/travis/build/icyphy/ptII/ptolemy/actor/lib/test/auto/MatrixToArray.xml
----------------- Instantiating /home/travis/build/icyphy/ptII/ptolemy/actor/lib/test/auto/MatrixToArray.xml
10 ms. Memory: 1588224K Free: 245412K (15%)
----------------- Invoking toplevel() on ptolemy.moml.MoMLSimpleApplication@3030616c
----------------- Done invoking toplevel() on ptolemy.moml.MoMLSimpleApplication@3030616c
reloadAllAccessors: .MatrixToArray

===========================================================================================
----------------- testing Tue Oct 30 02:33:51 UTC 2018 /home/travis/build/icyphy/ptII/ptolemy/actor/lib/test/auto/MaxIndex.xml
----------------- Instantiating /home/travis/build/icyphy/ptII/ptolemy/actor/lib/test/auto/MaxIndex.xml
2 ms. Memory: 1588224K Free: 225573K (14%)
----------------- Invoking toplevel() on ptolemy.moml.MoMLSimpleApplication@baf666e
----------------- Done invoking toplevel() on ptolemy.moml.MoMLSimpleApplication@baf666e
reloadAllAccessors: .MaxIndex

===========================================================================================
----------------- testing Tue Oct 30 02:33:51 UTC 2018 /home/travis/build/icyphy/ptII/ptolemy/actor/lib/test/auto/Maximum.xml
----------------- Instantiating /home/travis/build/icyphy/ptII/ptolemy/actor/lib/test/auto/Maximum.xml
5 ms. Memory: 1588224K Free: 205735K (13%)
----------------- Invoking toplevel() on ptolemy.moml.MoMLSimpleApplication@12aa41ae
----------------- Done invoking toplevel() on ptolemy.moml.MoMLSimpleApplication@12aa41ae
reloadAllAccessors: .Maximum

===========================================================================================
----------------- testing Tue Oct 30 02:33:51 UTC 2018 /home/travis/build/icyphy/ptII/ptolemy/actor/lib/test/auto/MaximumComplex.xml
----------------- Instantiating /home/travis/build/icyphy/ptII/ptolemy/actor/lib/test/auto/MaximumComplex.xml
3 ms. Memory: 1588224K Free: 177281K (11%)
----------------- Invoking toplevel() on ptolemy.moml.MoMLSimpleApplication@48fdaa8f
----------------- Done invoking toplevel() on ptolemy.moml.MoMLSimpleApplication@48fdaa8f
reloadAllAccessors: .MaximumComplex

===========================================================================================
----------------- testing Tue Oct 30 02:33:51 UTC 2018 /home/travis/build/icyphy/ptII/ptolemy/actor/lib/test/auto/MethodCallTest.xml
----------------- Instantiating /home/travis/build/icyphy/ptII/ptolemy/actor/lib/test/auto/MethodCallTest.xml
2 ms. Memory: 1588224K Free: 157442K (10%)
----------------- Invoking toplevel() on ptolemy.moml.MoMLSimpleApplication@506a2412
----------------- Done invoking toplevel() on ptolemy.moml.MoMLSimpleApplication@506a2412
reloadAllAccessors: .MethodCallTest

===========================================================================================
----------------- testing Tue Oct 30 02:33:51 UTC 2018 /home/travis/build/icyphy/ptII/ptolemy/actor/lib/test/auto/Minimum.xml
----------------- Instantiating /home/travis/build/icyphy/ptII/ptolemy/actor/lib/test/auto/Minimum.xml
3 ms. Memory: 1588224K Free: 137604K (9%)
----------------- Invoking toplevel() on ptolemy.moml.MoMLSimpleApplication@57c1c24e
----------------- Done invoking toplevel() on ptolemy.moml.MoMLSimpleApplication@57c1c24e
reloadAllAccessors: .Minimum

===========================================================================================
----------------- testing Tue Oct 30 02:33:51 UTC 2018 /home/travis/build/icyphy/ptII/ptolemy/actor/lib/test/auto/MinimumComplex.xml
----------------- Instantiating /home/travis/build/icyphy/ptII/ptolemy/actor/lib/test/auto/MinimumComplex.xml
3 ms. Memory: 1588224K Free: 117766K (7%)
----------------- Invoking toplevel() on ptolemy.moml.MoMLSimpleApplication@743a6508
----------------- Done invoking toplevel() on ptolemy.moml.MoMLSimpleApplication@743a6508
reloadAllAccessors: .MinimumComplex

===========================================================================================
----------------- testing Tue Oct 30 02:33:51 UTC 2018 /home/travis/build/icyphy/ptII/ptolemy/actor/lib/test/auto/MinimumMultiports.xml
----------------- Instantiating /home/travis/build/icyphy/ptII/ptolemy/actor/lib/test/auto/MinimumMultiports.xml
4 ms. Memory: 1588224K Free: 89311K (6%)
----------------- Invoking toplevel() on ptolemy.moml.MoMLSimpleApplication@7f2e37bd
----------------- Done invoking toplevel() on ptolemy.moml.MoMLSimpleApplication@7f2e37bd
reloadAllAccessors: .MinimumMultiports

===========================================================================================
----------------- testing Tue Oct 30 02:33:51 UTC 2018 /home/travis/build/icyphy/ptII/ptolemy/actor/lib/test/auto/ModifyDate.xml
----------------- Instantiating /home/travis/build/icyphy/ptII/ptolemy/actor/lib/test/auto/ModifyDate.xml
5 ms. Memory: 1588224K Free: 62446K (4%)
----------------- Invoking toplevel() on ptolemy.moml.MoMLSimpleApplication@58a3e019
----------------- Done invoking toplevel() on ptolemy.moml.MoMLSimpleApplication@58a3e019
reloadAllAccessors: .ModifyDate

===========================================================================================
----------------- testing Tue Oct 30 02:33:52 UTC 2018 /home/travis/build/icyphy/ptII/ptolemy/actor/lib/test/auto/ModifyDate2.xml
----------------- Instantiating /home/travis/build/icyphy/ptII/ptolemy/actor/lib/test/auto/ModifyDate2.xml
3 ms. Memory: 1769984K Free: 1712410K (97%)
----------------- Invoking toplevel() on ptolemy.moml.MoMLSimpleApplication@ede15c6
----------------- Done invoking toplevel() on ptolemy.moml.MoMLSimpleApplication@ede15c6
reloadAllAccessors: .ModifyDate2

===========================================================================================
----------------- testing Tue Oct 30 02:33:52 UTC 2018 /home/travis/build/icyphy/ptII/ptolemy/actor/lib/test/auto/MovingAverage.xml
----------------- Instantiating /home/travis/build/icyphy/ptII/ptolemy/actor/lib/test/auto/MovingAverage.xml
1 ms. Memory: 1769984K Free: 1688519K (95%)
----------------- Invoking toplevel() on ptolemy.moml.MoMLSimpleApplication@69d04ed1
----------------- Done invoking toplevel() on ptolemy.moml.MoMLSimpleApplication@69d04ed1
reloadAllAccessors: .MovingAverage

===========================================================================================
----------------- testing Tue Oct 30 02:33:52 UTC 2018 /home/travis/build/icyphy/ptII/ptolemy/actor/lib/test/auto/MovingMaximum.xml
----------------- Instantiating /home/travis/build/icyphy/ptII/ptolemy/actor/lib/test/auto/MovingMaximum.xml
1 ms. Memory: 1769984K Free: 1671996K (94%)
----------------- Invoking toplevel() on ptolemy.moml.MoMLSimpleApplication@674c97bf
----------------- Done invoking toplevel() on ptolemy.moml.MoMLSimpleApplication@674c97bf
reloadAllAccessors: .MovingMaximum

===========================================================================================
----------------- testing Tue Oct 30 02:33:52 UTC 2018 /home/travis/build/icyphy/ptII/ptolemy/actor/lib/test/auto/MultipleLinksToSameRelation.xml
----------------- Instantiating /home/travis/build/icyphy/ptII/ptolemy/actor/lib/test/auto/MultipleLinksToSameRelation.xml
1 ms. Memory: 1769984K Free: 1655474K (94%)
----------------- Invoking toplevel() on ptolemy.moml.MoMLSimpleApplication@552805d9
----------------- Done invoking toplevel() on ptolemy.moml.MoMLSimpleApplication@552805d9
reloadAllAccessors: .MultipleLinksToSameRelation

===========================================================================================
----------------- testing Tue Oct 30 02:33:52 UTC 2018 /home/travis/build/icyphy/ptII/ptolemy/actor/lib/test/auto/MultipleLinksToSameRelationDE.xml
----------------- Instantiating /home/travis/build/icyphy/ptII/ptolemy/actor/lib/test/auto/MultipleLinksToSameRelationDE.xml
2 ms. Memory: 1769984K Free: 1631582K (92%)
----------------- Invoking toplevel() on ptolemy.moml.MoMLSimpleApplication@1b855fc6
----------------- Done invoking toplevel() on ptolemy.moml.MoMLSimpleApplication@1b855fc6
reloadAllAccessors: .MultipleLinksToSameRelationDE

===========================================================================================
----------------- testing Tue Oct 30 02:33:52 UTC 2018 /home/travis/build/icyphy/ptII/ptolemy/actor/lib/test/auto/Multiplexor.xml
----------------- Instantiating /home/travis/build/icyphy/ptII/ptolemy/actor/lib/test/auto/Multiplexor.xml
1 ms. Memory: 1769984K Free: 1615060K (91%)
----------------- Invoking toplevel() on ptolemy.moml.MoMLSimpleApplication@709014f4
----------------- Done invoking toplevel() on ptolemy.moml.MoMLSimpleApplication@709014f4
reloadAllAccessors: .Multiplexor

===========================================================================================
----------------- testing Tue Oct 30 02:33:52 UTC 2018 /home/travis/build/icyphy/ptII/ptolemy/actor/lib/test/auto/Multiplexor1.xml
----------------- Instantiating /home/travis/build/icyphy/ptII/ptolemy/actor/lib/test/auto/Multiplexor1.xml
2 ms. Memory: 1769984K Free: 1598537K (90%)
----------------- Invoking toplevel() on ptolemy.moml.MoMLSimpleApplication@178bf185
----------------- Done invoking toplevel() on ptolemy.moml.MoMLSimpleApplication@178bf185
reloadAllAccessors: .Multiplexor1

===========================================================================================
----------------- testing Tue Oct 30 02:33:52 UTC 2018 /home/travis/build/icyphy/ptII/ptolemy/actor/lib/test/auto/Multiplexor2.xml
----------------- Instantiating /home/travis/build/icyphy/ptII/ptolemy/actor/lib/test/auto/Multiplexor2.xml
3 ms. Memory: 1769984K Free: 1574645K (89%)
----------------- Invoking toplevel() on ptolemy.moml.MoMLSimpleApplication@4b50577d
----------------- Done invoking toplevel() on ptolemy.moml.MoMLSimpleApplication@4b50577d
reloadAllAccessors: .Multiplexor2

===========================================================================================
----------------- testing Tue Oct 30 02:33:52 UTC 2018 /home/travis/build/icyphy/ptII/ptolemy/actor/lib/test/auto/Multiplexor3.xml
----------------- Instantiating /home/travis/build/icyphy/ptII/ptolemy/actor/lib/test/auto/Multiplexor3.xml
1 ms. Memory: 1769984K Free: 1557978K (88%)
----------------- Invoking toplevel() on ptolemy.moml.MoMLSimpleApplication@42830b22
----------------- Done invoking toplevel() on ptolemy.moml.MoMLSimpleApplication@42830b22
reloadAllAccessors: .Multiplexor3

===========================================================================================
----------------- testing Tue Oct 30 02:33:52 UTC 2018 /home/travis/build/icyphy/ptII/ptolemy/actor/lib/test/auto/MultiplexorDE.xml
----------------- Instantiating /home/travis/build/icyphy/ptII/ptolemy/actor/lib/test/auto/MultiplexorDE.xml
1 ms. Memory: 1769984K Free: 1541456K (87%)
----------------- Invoking toplevel() on ptolemy.moml.MoMLSimpleApplication@72031bd2
----------------- Done invoking toplevel() on ptolemy.moml.MoMLSimpleApplication@72031bd2
reloadAllAccessors: .MultiplexorDE

===========================================================================================
----------------- testing Tue Oct 30 02:33:52 UTC 2018 /home/travis/build/icyphy/ptII/ptolemy/actor/lib/test/auto/MultiportBroadcastTest.xml
----------------- Instantiating /home/travis/build/icyphy/ptII/ptolemy/actor/lib/test/auto/MultiportBroadcastTest.xml
76 ms. Memory: 1769984K Free: 1517564K (86%)
----------------- Invoking toplevel() on ptolemy.moml.MoMLSimpleApplication@7e7a472f
----------------- Done invoking toplevel() on ptolemy.moml.MoMLSimpleApplication@7e7a472f
reloadAllAccessors: .MultiportBroadcastTest

===========================================================================================
----------------- testing Tue Oct 30 02:33:52 UTC 2018 /home/travis/build/icyphy/ptII/ptolemy/actor/lib/test/auto/MultiportOutHangDuringGetWidth.xml
----------------- Instantiating /home/travis/build/icyphy/ptII/ptolemy/actor/lib/test/auto/MultiportOutHangDuringGetWidth.xml
5 ms. Memory: 1769984K Free: 1492764K (84%)
----------------- Invoking toplevel() on ptolemy.moml.MoMLSimpleApplication@14771637
----------------- Done invoking toplevel() on ptolemy.moml.MoMLSimpleApplication@14771637
reloadAllAccessors: .MultiportOutHangDuringGetWidth

===========================================================================================
----------------- testing Tue Oct 30 02:33:52 UTC 2018 /home/travis/build/icyphy/ptII/ptolemy/actor/lib/test/auto/NilToken.xml
----------------- Instantiating /home/travis/build/icyphy/ptII/ptolemy/actor/lib/test/auto/NilToken.xml
2 ms. Memory: 1769984K Free: 1476242K (83%)
----------------- Invoking toplevel() on ptolemy.moml.MoMLSimpleApplication@ea7cd26
----------------- Done invoking toplevel() on ptolemy.moml.MoMLSimpleApplication@ea7cd26
reloadAllAccessors: .NilToken

===========================================================================================
----------------- testing Tue Oct 30 02:33:52 UTC 2018 /home/travis/build/icyphy/ptII/ptolemy/actor/lib/test/auto/NilTokenNonStrictTest.xml
----------------- Instantiating /home/travis/build/icyphy/ptII/ptolemy/actor/lib/test/auto/NilTokenNonStrictTest.xml
3 ms. Memory: 1769984K Free: 1452350K (82%)
----------------- Invoking toplevel() on ptolemy.moml.MoMLSimpleApplication@31d3d443
----------------- Done invoking toplevel() on ptolemy.moml.MoMLSimpleApplication@31d3d443
reloadAllAccessors: .NilTokenNonStrictTest

===========================================================================================
----------------- testing Tue Oct 30 02:33:52 UTC 2018 /home/travis/build/icyphy/ptII/ptolemy/actor/lib/test/auto/NilTokenRecord.xml
----------------- Instantiating /home/travis/build/icyphy/ptII/ptolemy/actor/lib/test/auto/NilTokenRecord.xml
9 ms. Memory: 1769984K Free: 1435828K (81%)
----------------- Invoking toplevel() on ptolemy.moml.MoMLSimpleApplication@2a078e09
----------------- Done invoking toplevel() on ptolemy.moml.MoMLSimpleApplication@2a078e09
reloadAllAccessors: .NilTokenRecord

===========================================================================================
----------------- testing Tue Oct 30 02:33:52 UTC 2018 /home/travis/build/icyphy/ptII/ptolemy/actor/lib/test/auto/NilTokenTypeTest.xml
----------------- Instantiating /home/travis/build/icyphy/ptII/ptolemy/actor/lib/test/auto/NilTokenTypeTest.xml
7 ms. Memory: 1769984K Free: 1411028K (80%)
----------------- Invoking toplevel() on ptolemy.moml.MoMLSimpleApplication@44d7a70c
----------------- Done invoking toplevel() on ptolemy.moml.MoMLSimpleApplication@44d7a70c
reloadAllAccessors: .NilTokenTypeTest

===========================================================================================
----------------- testing Tue Oct 30 02:33:52 UTC 2018 /home/travis/build/icyphy/ptII/ptolemy/actor/lib/test/auto/ObjectToken1.xml
----------------- Instantiating /home/travis/build/icyphy/ptII/ptolemy/actor/lib/test/auto/ObjectToken1.xml
1 ms. Memory: 1769984K Free: 1387136K (78%)
----------------- Invoking toplevel() on ptolemy.moml.MoMLSimpleApplication@7041de0f
----------------- Done invoking toplevel() on ptolemy.moml.MoMLSimpleApplication@7041de0f
reloadAllAccessors: .ObjectToken1

===========================================================================================
----------------- testing Tue Oct 30 02:33:52 UTC 2018 /home/travis/build/icyphy/ptII/ptolemy/actor/lib/test/auto/OrderedMerge.xml
----------------- Instantiating /home/travis/build/icyphy/ptII/ptolemy/actor/lib/test/auto/OrderedMerge.xml
13 ms. Memory: 1769984K Free: 1337569K (76%)
----------------- Invoking toplevel() on ptolemy.moml.MoMLSimpleApplication@4dc8984f
----------------- Done invoking toplevel() on ptolemy.moml.MoMLSimpleApplication@4dc8984f
reloadAllAccessors: .OrderedMerge

===========================================================================================
----------------- testing Tue Oct 30 02:33:52 UTC 2018 /home/travis/build/icyphy/ptII/ptolemy/actor/lib/test/auto/OrderedRecordDisassembler.xml
----------------- Instantiating /home/travis/build/icyphy/ptII/ptolemy/actor/lib/test/auto/OrderedRecordDisassembler.xml
3 ms. Memory: 1769984K Free: 1321047K (75%)
----------------- Invoking toplevel() on ptolemy.moml.MoMLSimpleApplication@2bf4e3ce
----------------- Done invoking toplevel() on ptolemy.moml.MoMLSimpleApplication@2bf4e3ce
reloadAllAccessors: .OrderedRecordDisassembler

===========================================================================================
----------------- testing Tue Oct 30 02:33:52 UTC 2018 /home/travis/build/icyphy/ptII/ptolemy/actor/lib/test/auto/OrderedRecordDisassembler2.xml
----------------- Instantiating /home/travis/build/icyphy/ptII/ptolemy/actor/lib/test/auto/OrderedRecordDisassembler2.xml
3 ms. Memory: 1769984K Free: 1297155K (73%)
----------------- Invoking toplevel() on ptolemy.moml.MoMLSimpleApplication@3235854e
----------------- Done invoking toplevel() on ptolemy.moml.MoMLSimpleApplication@3235854e
reloadAllAccessors: .OrderedRecordDisassembler2

===========================================================================================
----------------- testing Tue Oct 30 02:33:52 UTC 2018 /home/travis/build/icyphy/ptII/ptolemy/actor/lib/test/auto/OrderedRecordUpdater.xml
----------------- Instantiating /home/travis/build/icyphy/ptII/ptolemy/actor/lib/test/auto/OrderedRecordUpdater.xml
1 ms. Memory: 1769984K Free: 1280633K (72%)
----------------- Invoking toplevel() on ptolemy.moml.MoMLSimpleApplication@19ebb6d5
----------------- Done invoking toplevel() on ptolemy.moml.MoMLSimpleApplication@19ebb6d5
reloadAllAccessors: .RecordUpdater

===========================================================================================
----------------- testing Tue Oct 30 02:33:52 UTC 2018 /home/travis/build/icyphy/ptII/ptolemy/actor/lib/test/auto/OrderedRecordUpdater2.xml
----------------- Instantiating /home/travis/build/icyphy/ptII/ptolemy/actor/lib/test/auto/OrderedRecordUpdater2.xml
3 ms. Memory: 1769984K Free: 1264111K (71%)
----------------- Invoking toplevel() on ptolemy.moml.MoMLSimpleApplication@29695c77
----------------- Done invoking toplevel() on ptolemy.moml.MoMLSimpleApplication@29695c77
reloadAllAccessors: .RecordUpdater2

===========================================================================================
----------------- testing Tue Oct 30 02:33:52 UTC 2018 /home/travis/build/icyphy/ptII/ptolemy/actor/lib/test/auto/PhaseUnwrap.xml
----------------- Instantiating /home/travis/build/icyphy/ptII/ptolemy/actor/lib/test/auto/PhaseUnwrap.xml
1 ms. Memory: 1769984K Free: 1240219K (70%)
----------------- Invoking toplevel() on ptolemy.moml.MoMLSimpleApplication@358879af
----------------- Done invoking toplevel() on ptolemy.moml.MoMLSimpleApplication@358879af
reloadAllAccessors: .PhaseUnwrap

===========================================================================================
----------------- testing Tue Oct 30 02:33:52 UTC 2018 /home/travis/build/icyphy/ptII/ptolemy/actor/lib/test/auto/PoissonClock.xml
----------------- Instantiating /home/travis/build/icyphy/ptII/ptolemy/actor/lib/test/auto/PoissonClock.xml
1 ms. Memory: 1769984K Free: 1223697K (69%)
----------------- Invoking toplevel() on ptolemy.moml.MoMLSimpleApplication@7d38b656
----------------- Done invoking toplevel() on ptolemy.moml.MoMLSimpleApplication@7d38b656
reloadAllAccessors: .PoissonClock

===========================================================================================
----------------- testing Tue Oct 30 02:33:52 UTC 2018 /home/travis/build/icyphy/ptII/ptolemy/actor/lib/test/auto/PoissonClock2.xml
----------------- Instantiating /home/travis/build/icyphy/ptII/ptolemy/actor/lib/test/auto/PoissonClock2.xml
1 ms. Memory: 1769984K Free: 1207174K (68%)
----------------- Invoking toplevel() on ptolemy.moml.MoMLSimpleApplication@7acb756f
----------------- Done invoking toplevel() on ptolemy.moml.MoMLSimpleApplication@7acb756f
reloadAllAccessors: .PoissonClock2

===========================================================================================
----------------- testing Tue Oct 30 02:33:52 UTC 2018 /home/travis/build/icyphy/ptII/ptolemy/actor/lib/test/auto/PoissonClock3.xml
----------------- Instantiating /home/travis/build/icyphy/ptII/ptolemy/actor/lib/test/auto/PoissonClock3.xml
1 ms. Memory: 1769984K Free: 1183283K (67%)
----------------- Invoking toplevel() on ptolemy.moml.MoMLSimpleApplication@49bf0ae9
----------------- Done invoking toplevel() on ptolemy.moml.MoMLSimpleApplication@49bf0ae9
reloadAllAccessors: .PoissonClock3

===========================================================================================
----------------- testing Tue Oct 30 02:33:52 UTC 2018 /home/travis/build/icyphy/ptII/ptolemy/actor/lib/test/auto/PubSubWithInitialTokens.xml
----------------- Instantiating /home/travis/build/icyphy/ptII/ptolemy/actor/lib/test/auto/PubSubWithInitialTokens.xml
2 ms. Memory: 1769984K Free: 1166760K (66%)
----------------- Invoking toplevel() on ptolemy.moml.MoMLSimpleApplication@41efff64
----------------- Done invoking toplevel() on ptolemy.moml.MoMLSimpleApplication@41efff64
reloadAllAccessors: .PubSubWithInitialTokens

===========================================================================================
----------------- testing Tue Oct 30 02:33:52 UTC 2018 /home/travis/build/icyphy/ptII/ptolemy/actor/lib/test/auto/PubSubWithInitialTokens2.xml
----------------- Instantiating /home/travis/build/icyphy/ptII/ptolemy/actor/lib/test/auto/PubSubWithInitialTokens2.xml
2 ms. Memory: 1769984K Free: 1150238K (65%)
----------------- Invoking toplevel() on ptolemy.moml.MoMLSimpleApplication@72f04c93
----------------- Done invoking toplevel() on ptolemy.moml.MoMLSimpleApplication@72f04c93
reloadAllAccessors: .PubSubWithInitialTokens2

===========================================================================================
----------------- testing Tue Oct 30 02:33:52 UTC 2018 /home/travis/build/icyphy/ptII/ptolemy/actor/lib/test/auto/PublisherClassNoParameter.xml
----------------- Instantiating /home/travis/build/icyphy/ptII/ptolemy/actor/lib/test/auto/PublisherClassNoParameter.xml
2 ms. Memory: 1769984K Free: 1126346K (64%)
----------------- Invoking toplevel() on ptolemy.moml.MoMLSimpleApplication@25658504
----------------- Done invoking toplevel() on ptolemy.moml.MoMLSimpleApplication@25658504
reloadAllAccessors: .PublisherClassNoParameter

===========================================================================================
----------------- testing Tue Oct 30 02:33:52 UTC 2018 /home/travis/build/icyphy/ptII/ptolemy/actor/lib/test/auto/PublisherClassParameter.xml
----------------- Instantiating /home/travis/build/icyphy/ptII/ptolemy/actor/lib/test/auto/PublisherClassParameter.xml
2 ms. Memory: 1769984K Free: 1101547K (62%)
----------------- Invoking toplevel() on ptolemy.moml.MoMLSimpleApplication@491f3e51
----------------- Done invoking toplevel() on ptolemy.moml.MoMLSimpleApplication@491f3e51
reloadAllAccessors: .PublisherClassParameter

===========================================================================================
----------------- testing Tue Oct 30 02:33:52 UTC 2018 /home/travis/build/icyphy/ptII/ptolemy/actor/lib/test/auto/PublisherNonStrictTest.xml
----------------- Instantiating /home/travis/build/icyphy/ptII/ptolemy/actor/lib/test/auto/PublisherNonStrictTest.xml
3 ms. Memory: 1769984K Free: 1085024K (61%)
----------------- Invoking toplevel() on ptolemy.moml.MoMLSimpleApplication@25cc5ccd
----------------- Done invoking toplevel() on ptolemy.moml.MoMLSimpleApplication@25cc5ccd
reloadAllAccessors: .PublisherNonStrictTest

===========================================================================================
----------------- testing Tue Oct 30 02:33:52 UTC 2018 /home/travis/build/icyphy/ptII/ptolemy/actor/lib/test/auto/PublisherPort1.xml
----------------- Instantiating /home/travis/build/icyphy/ptII/ptolemy/actor/lib/test/auto/PublisherPort1.xml
2 ms. Memory: 1769984K Free: 1068502K (60%)
----------------- Invoking toplevel() on ptolemy.moml.MoMLSimpleApplication@7b430ab
----------------- Done invoking toplevel() on ptolemy.moml.MoMLSimpleApplication@7b430ab
reloadAllAccessors: .PublisherPort1

===========================================================================================
----------------- testing Tue Oct 30 02:33:52 UTC 2018 /home/travis/build/icyphy/ptII/ptolemy/actor/lib/test/auto/PublisherPort2.xml
----------------- Instantiating /home/travis/build/icyphy/ptII/ptolemy/actor/lib/test/auto/PublisherPort2.xml
1 ms. Memory: 1769984K Free: 1044610K (59%)
----------------- Invoking toplevel() on ptolemy.moml.MoMLSimpleApplication@52168e6e
----------------- Done invoking toplevel() on ptolemy.moml.MoMLSimpleApplication@52168e6e
reloadAllAccessors: .PublisherPort2

===========================================================================================
----------------- testing Tue Oct 30 02:33:52 UTC 2018 /home/travis/build/icyphy/ptII/ptolemy/actor/lib/test/auto/PublisherPort3.xml
----------------- Instantiating /home/travis/build/icyphy/ptII/ptolemy/actor/lib/test/auto/PublisherPort3.xml
6 ms. Memory: 1769984K Free: 1028088K (58%)
----------------- Invoking toplevel() on ptolemy.moml.MoMLSimpleApplication@6d21aaf9
----------------- Done invoking toplevel() on ptolemy.moml.MoMLSimpleApplication@6d21aaf9
reloadAllAccessors: .PublisherPort3

===========================================================================================
----------------- testing Tue Oct 30 02:33:52 UTC 2018 /home/travis/build/icyphy/ptII/ptolemy/actor/lib/test/auto/PublisherPort4.xml
----------------- Instantiating /home/travis/build/icyphy/ptII/ptolemy/actor/lib/test/auto/PublisherPort4.xml
2 ms. Memory: 1769984K Free: 1011566K (57%)
----------------- Invoking toplevel() on ptolemy.moml.MoMLSimpleApplication@633430a6
----------------- Done invoking toplevel() on ptolemy.moml.MoMLSimpleApplication@633430a6
reloadAllAccessors: .PublisherPort4

===========================================================================================
----------------- testing Tue Oct 30 02:33:52 UTC 2018 /home/travis/build/icyphy/ptII/ptolemy/actor/lib/test/auto/PublisherPort5.xml
----------------- Instantiating /home/travis/build/icyphy/ptII/ptolemy/actor/lib/test/auto/PublisherPort5.xml
3 ms. Memory: 1769984K Free: 987673K (56%)
----------------- Invoking toplevel() on ptolemy.moml.MoMLSimpleApplication@540d57a2
----------------- Done invoking toplevel() on ptolemy.moml.MoMLSimpleApplication@540d57a2
reloadAllAccessors: .PublisherPort5

===========================================================================================
----------------- testing Tue Oct 30 02:33:52 UTC 2018 /home/travis/build/icyphy/ptII/ptolemy/actor/lib/test/auto/PublisherPort5LookAlike.xml
----------------- Instantiating /home/travis/build/icyphy/ptII/ptolemy/actor/lib/test/auto/PublisherPort5LookAlike.xml
6 ms. Memory: 1769984K Free: 971151K (55%)
----------------- Invoking toplevel() on ptolemy.moml.MoMLSimpleApplication@4655265
----------------- Done invoking toplevel() on ptolemy.moml.MoMLSimpleApplication@4655265
reloadAllAccessors: .PublisherPort5LookAlike

===========================================================================================
----------------- testing Tue Oct 30 02:33:52 UTC 2018 /home/travis/build/icyphy/ptII/ptolemy/actor/lib/test/auto/PublisherPort6.xml
----------------- Instantiating /home/travis/build/icyphy/ptII/ptolemy/actor/lib/test/auto/PublisherPort6.xml
2 ms. Memory: 1769984K Free: 954629K (54%)
----------------- Invoking toplevel() on ptolemy.moml.MoMLSimpleApplication@2fbeec1f
----------------- Done invoking toplevel() on ptolemy.moml.MoMLSimpleApplication@2fbeec1f
reloadAllAccessors: .PublisherPort6

===========================================================================================
----------------- testing Tue Oct 30 02:33:52 UTC 2018 /home/travis/build/icyphy/ptII/ptolemy/actor/lib/test/auto/PublisherPort7.xml
----------------- Instantiating /home/travis/build/icyphy/ptII/ptolemy/actor/lib/test/auto/PublisherPort7.xml
4 ms. Memory: 1769984K Free: 930737K (53%)
----------------- Invoking toplevel() on ptolemy.moml.MoMLSimpleApplication@64a23e63
----------------- Done invoking toplevel() on ptolemy.moml.MoMLSimpleApplication@64a23e63
reloadAllAccessors: .PublisherPort7

===========================================================================================
----------------- testing Tue Oct 30 02:33:52 UTC 2018 /home/travis/build/icyphy/ptII/ptolemy/actor/lib/test/auto/PublisherPort8.xml
----------------- Instantiating /home/travis/build/icyphy/ptII/ptolemy/actor/lib/test/auto/PublisherPort8.xml
4 ms. Memory: 1769984K Free: 914215K (52%)
----------------- Invoking toplevel() on ptolemy.moml.MoMLSimpleApplication@201da16e
----------------- Done invoking toplevel() on ptolemy.moml.MoMLSimpleApplication@201da16e
reloadAllAccessors: .PublisherPort8

===========================================================================================
----------------- testing Tue Oct 30 02:33:52 UTC 2018 /home/travis/build/icyphy/ptII/ptolemy/actor/lib/test/auto/PublisherPortSubscriberChannelVariablesAOC2.xml
----------------- Instantiating /home/travis/build/icyphy/ptII/ptolemy/actor/lib/test/auto/PublisherPortSubscriberChannelVariablesAOC2.xml
2 ms. Memory: 1769984K Free: 889431K (50%)
----------------- Invoking toplevel() on ptolemy.moml.MoMLSimpleApplication@7ed41e3e
----------------- Done invoking toplevel() on ptolemy.moml.MoMLSimpleApplication@7ed41e3e
reloadAllAccessors: .PublisherPortSubscriberChannelVariablesAOC2

===========================================================================================
----------------- testing Tue Oct 30 02:33:52 UTC 2018 /home/travis/build/icyphy/ptII/ptolemy/actor/lib/test/auto/PublisherPortSubscriberOpaqueWidthInference.xml
----------------- Instantiating /home/travis/build/icyphy/ptII/ptolemy/actor/lib/test/auto/PublisherPortSubscriberOpaqueWidthInference.xml
3 ms. Memory: 1769984K Free: 865539K (49%)
----------------- Invoking toplevel() on ptolemy.moml.MoMLSimpleApplication@727dc441
----------------- Done invoking toplevel() on ptolemy.moml.MoMLSimpleApplication@727dc441
reloadAllAccessors: .PublisherPortSubscriberOpaqueWidthInference

===========================================================================================
----------------- testing Tue Oct 30 02:33:52 UTC 2018 /home/travis/build/icyphy/ptII/ptolemy/actor/lib/test/auto/PublisherPortSubscriberPortAdjacent.xml
----------------- Instantiating /home/travis/build/icyphy/ptII/ptolemy/actor/lib/test/auto/PublisherPortSubscriberPortAdjacent.xml
2 ms. Memory: 1769984K Free: 849017K (48%)
----------------- Invoking toplevel() on ptolemy.moml.MoMLSimpleApplication@68a43b91
----------------- Done invoking toplevel() on ptolemy.moml.MoMLSimpleApplication@68a43b91
reloadAllAccessors: .PublisherPortSubscriberPortAdjacent

===========================================================================================
----------------- testing Tue Oct 30 02:33:52 UTC 2018 /home/travis/build/icyphy/ptII/ptolemy/actor/lib/test/auto/PublisherPortSubscriberPortExpression.xml
----------------- Instantiating /home/travis/build/icyphy/ptII/ptolemy/actor/lib/test/auto/PublisherPortSubscriberPortExpression.xml
4 ms. Memory: 1769984K Free: 832495K (47%)
----------------- Invoking toplevel() on ptolemy.moml.MoMLSimpleApplication@356ccd8a
----------------- Done invoking toplevel() on ptolemy.moml.MoMLSimpleApplication@356ccd8a
reloadAllAccessors: .PublisherPortSubscriberPortExpression

===========================================================================================
----------------- testing Tue Oct 30 02:33:52 UTC 2018 /home/travis/build/icyphy/ptII/ptolemy/actor/lib/test/auto/PublisherPortSubscriberPortOpaqueD3Reverse.xml
----------------- Instantiating /home/travis/build/icyphy/ptII/ptolemy/actor/lib/test/auto/PublisherPortSubscriberPortOpaqueD3Reverse.xml
5 ms. Memory: 1769984K Free: 808603K (46%)
----------------- Invoking toplevel() on ptolemy.moml.MoMLSimpleApplication@13248ed4
----------------- Done invoking toplevel() on ptolemy.moml.MoMLSimpleApplication@13248ed4
reloadAllAccessors: .PublisherPortSubscriberPortOpaqueD3Reverse

===========================================================================================
----------------- testing Tue Oct 30 02:33:53 UTC 2018 /home/travis/build/icyphy/ptII/ptolemy/actor/lib/test/auto/PublisherPortSubscriberPortOpaqueWidthInference.xml
----------------- Instantiating /home/travis/build/icyphy/ptII/ptolemy/actor/lib/test/auto/PublisherPortSubscriberPortOpaqueWidthInference.xml
4 ms. Memory: 1769984K Free: 792080K (45%)
----------------- Invoking toplevel() on ptolemy.moml.MoMLSimpleApplication@19163d68
----------------- Done invoking toplevel() on ptolemy.moml.MoMLSimpleApplication@19163d68
reloadAllAccessors: .PublisherPortSubscriberPortOpaqueWidthInference

===========================================================================================
----------------- testing Tue Oct 30 02:33:53 UTC 2018 /home/travis/build/icyphy/ptII/ptolemy/actor/lib/test/auto/PublisherPortToplevelSubscriberPortAOC.xml
----------------- Instantiating /home/travis/build/icyphy/ptII/ptolemy/actor/lib/test/auto/PublisherPortToplevelSubscriberPortAOC.xml
.PublisherPortToplevelSubscriberPortAOC.TestExceptionAttribute: initialize() was not invoked, but wrapup() was.  This is unusual, but not always a problem.  For example, exporting JNLP will do this.
0 ms. Memory: 1769984K Free: 775558K (44%)
----------------- Invoking toplevel() on ptolemy.moml.MoMLSimpleApplication@4f817ae7
----------------- Done invoking toplevel() on ptolemy.moml.MoMLSimpleApplication@4f817ae7
reloadAllAccessors: .PublisherPortToplevelSubscriberPortAOC

===========================================================================================
----------------- testing Tue Oct 30 02:33:53 UTC 2018 /home/travis/build/icyphy/ptII/ptolemy/actor/lib/test/auto/PublisherSubscriber.xml
----------------- Instantiating /home/travis/build/icyphy/ptII/ptolemy/actor/lib/test/auto/PublisherSubscriber.xml
3 ms. Memory: 1769984K Free: 751666K (42%)
----------------- Invoking toplevel() on ptolemy.moml.MoMLSimpleApplication@7ea023cc
----------------- Done invoking toplevel() on ptolemy.moml.MoMLSimpleApplication@7ea023cc
reloadAllAccessors: .PublisherSubscriber

===========================================================================================
----------------- testing Tue Oct 30 02:33:53 UTC 2018 /home/travis/build/icyphy/ptII/ptolemy/actor/lib/test/auto/PublisherSubscriber10.xml
----------------- Instantiating /home/travis/build/icyphy/ptII/ptolemy/actor/lib/test/auto/PublisherSubscriber10.xml
6 ms. Memory: 1769984K Free: 735144K (42%)
----------------- Invoking toplevel() on ptolemy.moml.MoMLSimpleApplication@3bf15a8f
----------------- Done invoking toplevel() on ptolemy.moml.MoMLSimpleApplication@3bf15a8f
reloadAllAccessors: .PublisherSubscriber10

===========================================================================================
----------------- testing Tue Oct 30 02:33:53 UTC 2018 /home/travis/build/icyphy/ptII/ptolemy/actor/lib/test/auto/PublisherSubscriber10InitialOutputs.xml
----------------- Instantiating /home/travis/build/icyphy/ptII/ptolemy/actor/lib/test/auto/PublisherSubscriber10InitialOutputs.xml
5 ms. Memory: 1769984K Free: 718622K (41%)
----------------- Invoking toplevel() on ptolemy.moml.MoMLSimpleApplication@4997673c
----------------- Done invoking toplevel() on ptolemy.moml.MoMLSimpleApplication@4997673c
reloadAllAccessors: .PublisherSubscriber10InitialOutputs

===========================================================================================
----------------- testing Tue Oct 30 02:33:53 UTC 2018 /home/travis/build/icyphy/ptII/ptolemy/actor/lib/test/auto/PublisherSubscriber11.xml
----------------- Instantiating /home/travis/build/icyphy/ptII/ptolemy/actor/lib/test/auto/PublisherSubscriber11.xml
7 ms. Memory: 1769984K Free: 694730K (39%)
----------------- Invoking toplevel() on ptolemy.moml.MoMLSimpleApplication@743b79c1
----------------- Done invoking toplevel() on ptolemy.moml.MoMLSimpleApplication@743b79c1
reloadAllAccessors: .PublisherSubscriber11

===========================================================================================
----------------- testing Tue Oct 30 02:33:53 UTC 2018 /home/travis/build/icyphy/ptII/ptolemy/actor/lib/test/auto/PublisherSubscriber12.xml
----------------- Instantiating /home/travis/build/icyphy/ptII/ptolemy/actor/lib/test/auto/PublisherSubscriber12.xml
2 ms. Memory: 1769984K Free: 678207K (38%)
----------------- Invoking toplevel() on ptolemy.moml.MoMLSimpleApplication@189b1b19
----------------- Done invoking toplevel() on ptolemy.moml.MoMLSimpleApplication@189b1b19
reloadAllAccessors: .PublisherSubscriber12

===========================================================================================
----------------- testing Tue Oct 30 02:33:53 UTC 2018 /home/travis/build/icyphy/ptII/ptolemy/actor/lib/test/auto/PublisherSubscriber13.xml
----------------- Instantiating /home/travis/build/icyphy/ptII/ptolemy/actor/lib/test/auto/PublisherSubscriber13.xml
2 ms. Memory: 1769984K Free: 661685K (37%)
----------------- Invoking toplevel() on ptolemy.moml.MoMLSimpleApplication@4e567c30
----------------- Done invoking toplevel() on ptolemy.moml.MoMLSimpleApplication@4e567c30
reloadAllAccessors: .PublisherSubscriber13

===========================================================================================
----------------- testing Tue Oct 30 02:33:53 UTC 2018 /home/travis/build/icyphy/ptII/ptolemy/actor/lib/test/auto/PublisherSubscriber14.xml
----------------- Instantiating /home/travis/build/icyphy/ptII/ptolemy/actor/lib/test/auto/PublisherSubscriber14.xml
2 ms. Memory: 1769984K Free: 637793K (36%)
----------------- Invoking toplevel() on ptolemy.moml.MoMLSimpleApplication@7be9aa9e
----------------- Done invoking toplevel() on ptolemy.moml.MoMLSimpleApplication@7be9aa9e
reloadAllAccessors: .PublisherSubscriber14

===========================================================================================
----------------- testing Tue Oct 30 02:33:53 UTC 2018 /home/travis/build/icyphy/ptII/ptolemy/actor/lib/test/auto/PublisherSubscriber2.xml
----------------- Instantiating /home/travis/build/icyphy/ptII/ptolemy/actor/lib/test/auto/PublisherSubscriber2.xml
3 ms. Memory: 1769984K Free: 621271K (35%)
----------------- Invoking toplevel() on ptolemy.moml.MoMLSimpleApplication@533c30ae
----------------- Done invoking toplevel() on ptolemy.moml.MoMLSimpleApplication@533c30ae
reloadAllAccessors: .PublisherSubscriber2

===========================================================================================
----------------- testing Tue Oct 30 02:33:53 UTC 2018 /home/travis/build/icyphy/ptII/ptolemy/actor/lib/test/auto/PublisherSubscriber3.xml
----------------- Instantiating /home/travis/build/icyphy/ptII/ptolemy/actor/lib/test/auto/PublisherSubscriber3.xml
2 ms. Memory: 1769984K Free: 604748K (34%)
----------------- Invoking toplevel() on ptolemy.moml.MoMLSimpleApplication@7b9536a1
----------------- Done invoking toplevel() on ptolemy.moml.MoMLSimpleApplication@7b9536a1
reloadAllAccessors: .PublisherSubscriber3

===========================================================================================
----------------- testing Tue Oct 30 02:33:53 UTC 2018 /home/travis/build/icyphy/ptII/ptolemy/actor/lib/test/auto/PublisherSubscriber4.xml
----------------- Instantiating /home/travis/build/icyphy/ptII/ptolemy/actor/lib/test/auto/PublisherSubscriber4.xml
2 ms. Memory: 1769984K Free: 580856K (33%)
----------------- Invoking toplevel() on ptolemy.moml.MoMLSimpleApplication@41beb0ff
----------------- Done invoking toplevel() on ptolemy.moml.MoMLSimpleApplication@41beb0ff
reloadAllAccessors: .PublisherSubscriber4

===========================================================================================
----------------- testing Tue Oct 30 02:33:53 UTC 2018 /home/travis/build/icyphy/ptII/ptolemy/actor/lib/test/auto/PublisherSubscriber5.xml
----------------- Instantiating /home/travis/build/icyphy/ptII/ptolemy/actor/lib/test/auto/PublisherSubscriber5.xml
2 ms. Memory: 1769984K Free: 564334K (32%)
----------------- Invoking toplevel() on ptolemy.moml.MoMLSimpleApplication@6305c40e
----------------- Done invoking toplevel() on ptolemy.moml.MoMLSimpleApplication@6305c40e
reloadAllAccessors: .PublisherSubscriber5

===========================================================================================
----------------- testing Tue Oct 30 02:33:53 UTC 2018 /home/travis/build/icyphy/ptII/ptolemy/actor/lib/test/auto/PublisherSubscriber6.xml
----------------- Instantiating /home/travis/build/icyphy/ptII/ptolemy/actor/lib/test/auto/PublisherSubscriber6.xml
2 ms. Memory: 1769984K Free: 547812K (31%)
----------------- Invoking toplevel() on ptolemy.moml.MoMLSimpleApplication@6325bff3
----------------- Done invoking toplevel() on ptolemy.moml.MoMLSimpleApplication@6325bff3
reloadAllAccessors: .PublisherSubscriber6

===========================================================================================
----------------- testing Tue Oct 30 02:33:53 UTC 2018 /home/travis/build/icyphy/ptII/ptolemy/actor/lib/test/auto/PublisherSubscriber7.xml
----------------- Instantiating /home/travis/build/icyphy/ptII/ptolemy/actor/lib/test/auto/PublisherSubscriber7.xml
6 ms. Memory: 1769984K Free: 523920K (30%)
----------------- Invoking toplevel() on ptolemy.moml.MoMLSimpleApplication@46786a56
----------------- Done invoking toplevel() on ptolemy.moml.MoMLSimpleApplication@46786a56
reloadAllAccessors: .PublisherSubscriber7

===========================================================================================
----------------- testing Tue Oct 30 02:33:53 UTC 2018 /home/travis/build/icyphy/ptII/ptolemy/actor/lib/test/auto/PublisherSubscriber8.xml
----------------- Instantiating /home/travis/build/icyphy/ptII/ptolemy/actor/lib/test/auto/PublisherSubscriber8.xml
8 ms. Memory: 1769984K Free: 424786K (24%)
----------------- Invoking toplevel() on ptolemy.moml.MoMLSimpleApplication@2d8e64dd
----------------- Done invoking toplevel() on ptolemy.moml.MoMLSimpleApplication@2d8e64dd
reloadAllAccessors: .PublisherSubscriber8

===========================================================================================
----------------- testing Tue Oct 30 02:33:53 UTC 2018 /home/travis/build/icyphy/ptII/ptolemy/actor/lib/test/auto/PublisherSubscriber9.xml
----------------- Instantiating /home/travis/build/icyphy/ptII/ptolemy/actor/lib/test/auto/PublisherSubscriber9.xml
2 ms. Memory: 1769984K Free: 408264K (23%)
----------------- Invoking toplevel() on ptolemy.moml.MoMLSimpleApplication@887f6da
----------------- Done invoking toplevel() on ptolemy.moml.MoMLSimpleApplication@887f6da
reloadAllAccessors: .PublisherSubscriber9

===========================================================================================
----------------- testing Tue Oct 30 02:33:53 UTC 2018 /home/travis/build/icyphy/ptII/ptolemy/actor/lib/test/auto/PublisherSubscriberAdjacent.xml
----------------- Instantiating /home/travis/build/icyphy/ptII/ptolemy/actor/lib/test/auto/PublisherSubscriberAdjacent.xml
2 ms. Memory: 1769984K Free: 384372K (22%)
----------------- Invoking toplevel() on ptolemy.moml.MoMLSimpleApplication@5c1dece8
----------------- Done invoking toplevel() on ptolemy.moml.MoMLSimpleApplication@5c1dece8
reloadAllAccessors: .PublisherSubscriberAdjacent

===========================================================================================
----------------- testing Tue Oct 30 02:33:53 UTC 2018 /home/travis/build/icyphy/ptII/ptolemy/actor/lib/test/auto/PublisherSubscriberChannelVariablesAOC2.xml
----------------- Instantiating /home/travis/build/icyphy/ptII/ptolemy/actor/lib/test/auto/PublisherSubscriberChannelVariablesAOC2.xml
3 ms. Memory: 1769984K Free: 359588K (20%)
----------------- Invoking toplevel() on ptolemy.moml.MoMLSimpleApplication@86258c5
----------------- Done invoking toplevel() on ptolemy.moml.MoMLSimpleApplication@86258c5
reloadAllAccessors: .PublisherSubscriberChannelVariablesAOC2

===========================================================================================
----------------- testing Tue Oct 30 02:33:53 UTC 2018 /home/travis/build/icyphy/ptII/ptolemy/actor/lib/test/auto/PublisherSubscriberD3.xml
----------------- Instantiating /home/travis/build/icyphy/ptII/ptolemy/actor/lib/test/auto/PublisherSubscriberD3.xml
2 ms. Memory: 1769984K Free: 343066K (19%)
----------------- Invoking toplevel() on ptolemy.moml.MoMLSimpleApplication@724b3f89
----------------- Done invoking toplevel() on ptolemy.moml.MoMLSimpleApplication@724b3f89
reloadAllAccessors: .PublisherSubscriberD3

===========================================================================================
----------------- testing Tue Oct 30 02:33:53 UTC 2018 /home/travis/build/icyphy/ptII/ptolemy/actor/lib/test/auto/PublisherSubscriberD3Reverse.xml
----------------- Instantiating /home/travis/build/icyphy/ptII/ptolemy/actor/lib/test/auto/PublisherSubscriberD3Reverse.xml
2 ms. Memory: 1769984K Free: 319174K (18%)
----------------- Invoking toplevel() on ptolemy.moml.MoMLSimpleApplication@2901b29f
----------------- Done invoking toplevel() on ptolemy.moml.MoMLSimpleApplication@2901b29f
reloadAllAccessors: .PublisherSubscriberD3Reverse

===========================================================================================
----------------- testing Tue Oct 30 02:33:53 UTC 2018 /home/travis/build/icyphy/ptII/ptolemy/actor/lib/test/auto/PublisherSubscriberExpression.xml
----------------- Instantiating /home/travis/build/icyphy/ptII/ptolemy/actor/lib/test/auto/PublisherSubscriberExpression.xml
3 ms. Memory: 1769984K Free: 302652K (17%)
----------------- Invoking toplevel() on ptolemy.moml.MoMLSimpleApplication@3edd8904
----------------- Done invoking toplevel() on ptolemy.moml.MoMLSimpleApplication@3edd8904
reloadAllAccessors: .PublisherSubscriberExpression

===========================================================================================
----------------- testing Tue Oct 30 02:33:53 UTC 2018 /home/travis/build/icyphy/ptII/ptolemy/actor/lib/test/auto/PublisherSubscriberOpaque.xml
----------------- Instantiating /home/travis/build/icyphy/ptII/ptolemy/actor/lib/test/auto/PublisherSubscriberOpaque.xml
3 ms. Memory: 1769984K Free: 286130K (16%)
----------------- Invoking toplevel() on ptolemy.moml.MoMLSimpleApplication@15d1dad
----------------- Done invoking toplevel() on ptolemy.moml.MoMLSimpleApplication@15d1dad
reloadAllAccessors: .PublisherSubscriberOpaque

===========================================================================================
----------------- testing Tue Oct 30 02:33:53 UTC 2018 /home/travis/build/icyphy/ptII/ptolemy/actor/lib/test/auto/PublisherSubscriberOpaqueD3.xml
----------------- Instantiating /home/travis/build/icyphy/ptII/ptolemy/actor/lib/test/auto/PublisherSubscriberOpaqueD3.xml
5 ms. Memory: 1769984K Free: 262238K (15%)
----------------- Invoking toplevel() on ptolemy.moml.MoMLSimpleApplication@562bf0cd
----------------- Done invoking toplevel() on ptolemy.moml.MoMLSimpleApplication@562bf0cd
reloadAllAccessors: .PublisherSubscriberOpaqueD3

===========================================================================================
----------------- testing Tue Oct 30 02:33:53 UTC 2018 /home/travis/build/icyphy/ptII/ptolemy/actor/lib/test/auto/PublisherSubscriberOpaqueD3Reverse.xml
----------------- Instantiating /home/travis/build/icyphy/ptII/ptolemy/actor/lib/test/auto/PublisherSubscriberOpaqueD3Reverse.xml
7 ms. Memory: 1769984K Free: 245715K (14%)
----------------- Invoking toplevel() on ptolemy.moml.MoMLSimpleApplication@53af98e7
----------------- Done invoking toplevel() on ptolemy.moml.MoMLSimpleApplication@53af98e7
reloadAllAccessors: .PublisherSubscriberOpaqueD3Reverse

===========================================================================================
----------------- testing Tue Oct 30 02:33:53 UTC 2018 /home/travis/build/icyphy/ptII/ptolemy/actor/lib/test/auto/PublisherSubscriberOpaqueWidthInference.xml
----------------- Instantiating /home/travis/build/icyphy/ptII/ptolemy/actor/lib/test/auto/PublisherSubscriberOpaqueWidthInference.xml
4 ms. Memory: 1769984K Free: 229193K (13%)
----------------- Invoking toplevel() on ptolemy.moml.MoMLSimpleApplication@3eb74252
----------------- Done invoking toplevel() on ptolemy.moml.MoMLSimpleApplication@3eb74252
reloadAllAccessors: .PublisherSubscriberOpaqueWidthInference

===========================================================================================
----------------- testing Tue Oct 30 02:33:53 UTC 2018 /home/travis/build/icyphy/ptII/ptolemy/actor/lib/test/auto/PublisherTestSubscriber.xml
----------------- Instantiating /home/travis/build/icyphy/ptII/ptolemy/actor/lib/test/auto/PublisherTestSubscriber.xml
4 ms. Memory: 1769984K Free: 205301K (12%)
----------------- Invoking toplevel() on ptolemy.moml.MoMLSimpleApplication@785754aa
----------------- Done invoking toplevel() on ptolemy.moml.MoMLSimpleApplication@785754aa
reloadAllAccessors: .PublisherTestSubscriber

===========================================================================================
----------------- testing Tue Oct 30 02:33:53 UTC 2018 /home/travis/build/icyphy/ptII/ptolemy/actor/lib/test/auto/PublisherToplevelSubscriberPortAOC.xml
----------------- Instantiating /home/travis/build/icyphy/ptII/ptolemy/actor/lib/test/auto/PublisherToplevelSubscriberPortAOC.xml
2 ms. Memory: 1769984K Free: 188779K (11%)
----------------- Invoking toplevel() on ptolemy.moml.MoMLSimpleApplication@469c3d33
----------------- Done invoking toplevel() on ptolemy.moml.MoMLSimpleApplication@469c3d33
reloadAllAccessors: .PublisherToplevelSubscriberPortAOC

===========================================================================================
----------------- testing Tue Oct 30 02:33:53 UTC 2018 /home/travis/build/icyphy/ptII/ptolemy/actor/lib/test/auto/PulseFiringLimitDE.xml
----------------- Instantiating /home/travis/build/icyphy/ptII/ptolemy/actor/lib/test/auto/PulseFiringLimitDE.xml
2 ms. Memory: 1769984K Free: 172256K (10%)
----------------- Invoking toplevel() on ptolemy.moml.MoMLSimpleApplication@542a37d4
----------------- Done invoking toplevel() on ptolemy.moml.MoMLSimpleApplication@542a37d4
reloadAllAccessors: .PulseFiringLimitDE

===========================================================================================
----------------- testing Tue Oct 30 02:33:53 UTC 2018 /home/travis/build/icyphy/ptII/ptolemy/actor/lib/test/auto/Ramp1.xml
----------------- Instantiating /home/travis/build/icyphy/ptII/ptolemy/actor/lib/test/auto/Ramp1.xml
2 ms. Memory: 1769984K Free: 148365K (8%)
----------------- Invoking toplevel() on ptolemy.moml.MoMLSimpleApplication@d3eb415
----------------- Done invoking toplevel() on ptolemy.moml.MoMLSimpleApplication@d3eb415
reloadAllAccessors: .Ramp1

===========================================================================================
----------------- testing Tue Oct 30 02:33:53 UTC 2018 /home/travis/build/icyphy/ptII/ptolemy/actor/lib/test/auto/RampFiringLimitDE.xml
----------------- Instantiating /home/travis/build/icyphy/ptII/ptolemy/actor/lib/test/auto/RampFiringLimitDE.xml
3 ms. Memory: 1769984K Free: 131842K (7%)
----------------- Invoking toplevel() on ptolemy.moml.MoMLSimpleApplication@2b12f87
----------------- Done invoking toplevel() on ptolemy.moml.MoMLSimpleApplication@2b12f87
reloadAllAccessors: .RampFiringLimitDE

===========================================================================================
----------------- testing Tue Oct 30 02:33:53 UTC 2018 /home/travis/build/icyphy/ptII/ptolemy/actor/lib/test/auto/RampFiringLimitSDF.xml
----------------- Instantiating /home/travis/build/icyphy/ptII/ptolemy/actor/lib/test/auto/RampFiringLimitSDF.xml
3 ms. Memory: 1769984K Free: 115320K (7%)
----------------- Invoking toplevel() on ptolemy.moml.MoMLSimpleApplication@31c9928d
----------------- Done invoking toplevel() on ptolemy.moml.MoMLSimpleApplication@31c9928d
reloadAllAccessors: .RampFiringLimitSDF

===========================================================================================
----------------- testing Tue Oct 30 02:33:53 UTC 2018 /home/travis/build/icyphy/ptII/ptolemy/actor/lib/test/auto/RandomInteger.xml
----------------- Instantiating /home/travis/build/icyphy/ptII/ptolemy/actor/lib/test/auto/RandomInteger.xml
2 ms. Memory: 1769984K Free: 91428K (5%)
----------------- Invoking toplevel() on ptolemy.moml.MoMLSimpleApplication@5abd45a7
----------------- Done invoking toplevel() on ptolemy.moml.MoMLSimpleApplication@5abd45a7
reloadAllAccessors: .RandomInteger

===========================================================================================
----------------- testing Tue Oct 30 02:33:53 UTC 2018 /home/travis/build/icyphy/ptII/ptolemy/actor/lib/test/auto/ReadFile1.xml
----------------- Instantiating /home/travis/build/icyphy/ptII/ptolemy/actor/lib/test/auto/ReadFile1.xml
2 ms. Memory: 1769984K Free: 79462K (4%)
----------------- Invoking toplevel() on ptolemy.moml.MoMLSimpleApplication@2532ec3e
----------------- Done invoking toplevel() on ptolemy.moml.MoMLSimpleApplication@2532ec3e
reloadAllAccessors: .ReadFile1

===========================================================================================
----------------- testing Tue Oct 30 02:33:53 UTC 2018 /home/travis/build/icyphy/ptII/ptolemy/actor/lib/test/auto/ReadFile2.xml
----------------- Instantiating /home/travis/build/icyphy/ptII/ptolemy/actor/lib/test/auto/ReadFile2.xml
1 ms. Memory: 1785856K Free: 1731369K (97%)
----------------- Invoking toplevel() on ptolemy.moml.MoMLSimpleApplication@14f879fb
----------------- Done invoking toplevel() on ptolemy.moml.MoMLSimpleApplication@14f879fb
reloadAllAccessors: .ReadFile2

===========================================================================================
----------------- testing Tue Oct 30 02:33:53 UTC 2018 /home/travis/build/icyphy/ptII/ptolemy/actor/lib/test/auto/Reader.xml
----------------- Instantiating /home/travis/build/icyphy/ptII/ptolemy/actor/lib/test/auto/Reader.xml
actor.lib.Reader is obsolete, use actor.lib.io.ExpressionReader instead
2 ms. Memory: 1785856K Free: 1702818K (95%)
----------------- Invoking toplevel() on ptolemy.moml.MoMLSimpleApplication@51125c3
----------------- Done invoking toplevel() on ptolemy.moml.MoMLSimpleApplication@51125c3
reloadAllAccessors: .Reader

===========================================================================================
----------------- testing Tue Oct 30 02:33:53 UTC 2018 /home/travis/build/icyphy/ptII/ptolemy/actor/lib/test/auto/RecordAssemblerDisplayNameTest.xml
----------------- Instantiating /home/travis/build/icyphy/ptII/ptolemy/actor/lib/test/auto/RecordAssemblerDisplayNameTest.xml
2988 ms. Memory: 1785856K Free: 411230K (23%)
----------------- Invoking toplevel() on ptolemy.moml.MoMLSimpleApplication@3e6f2fcd
----------------- Done invoking toplevel() on ptolemy.moml.MoMLSimpleApplication@3e6f2fcd
reloadAllAccessors: .RecordAssemblerDisplayNameTest

===========================================================================================
----------------- testing Tue Oct 30 02:33:56 UTC 2018 /home/travis/build/icyphy/ptII/ptolemy/actor/lib/test/auto/RecordAssemblerTypeError.xml
----------------- Instantiating /home/travis/build/icyphy/ptII/ptolemy/actor/lib/test/auto/RecordAssemblerTypeError.xml
5 ms. Memory: 1785856K Free: 382774K (21%)
----------------- Invoking toplevel() on ptolemy.moml.MoMLSimpleApplication@620920cc
----------------- Done invoking toplevel() on ptolemy.moml.MoMLSimpleApplication@620920cc
reloadAllAccessors: .RecordAssemblerTypeError

===========================================================================================
----------------- testing Tue Oct 30 02:33:56 UTC 2018 /home/travis/build/icyphy/ptII/ptolemy/actor/lib/test/auto/RecordDisassember.xml
----------------- Instantiating /home/travis/build/icyphy/ptII/ptolemy/actor/lib/test/auto/RecordDisassember.xml
2 ms. Memory: 1785856K Free: 360506K (20%)
----------------- Invoking toplevel() on ptolemy.moml.MoMLSimpleApplication@388ad2ca
----------------- Done invoking toplevel() on ptolemy.moml.MoMLSimpleApplication@388ad2ca
reloadAllAccessors: .RecordDisassember

===========================================================================================
----------------- testing Tue Oct 30 02:33:56 UTC 2018 /home/travis/build/icyphy/ptII/ptolemy/actor/lib/test/auto/RecordDisassemberDisplayNameTest.xml
----------------- Instantiating /home/travis/build/icyphy/ptII/ptolemy/actor/lib/test/auto/RecordDisassemberDisplayNameTest.xml
4 ms. Memory: 1785856K Free: 338237K (19%)
----------------- Invoking toplevel() on ptolemy.moml.MoMLSimpleApplication@137b0807
----------------- Done invoking toplevel() on ptolemy.moml.MoMLSimpleApplication@137b0807
reloadAllAccessors: .RecordDisassemberDisplayNameTest

===========================================================================================
----------------- testing Tue Oct 30 02:33:56 UTC 2018 /home/travis/build/icyphy/ptII/ptolemy/actor/lib/test/auto/RecordDisassembler.xml
----------------- Instantiating /home/travis/build/icyphy/ptII/ptolemy/actor/lib/test/auto/RecordDisassembler.xml
3 ms. Memory: 1785856K Free: 309782K (17%)
----------------- Invoking toplevel() on ptolemy.moml.MoMLSimpleApplication@28e09ab4
----------------- Done invoking toplevel() on ptolemy.moml.MoMLSimpleApplication@28e09ab4
reloadAllAccessors: .RecordDisassembler

===========================================================================================
----------------- testing Tue Oct 30 02:33:56 UTC 2018 /home/travis/build/icyphy/ptII/ptolemy/actor/lib/test/auto/RecordDisassembler2.xml
----------------- Instantiating /home/travis/build/icyphy/ptII/ptolemy/actor/lib/test/auto/RecordDisassembler2.xml
2 ms. Memory: 1785856K Free: 287513K (16%)
----------------- Invoking toplevel() on ptolemy.moml.MoMLSimpleApplication@79c629de
----------------- Done invoking toplevel() on ptolemy.moml.MoMLSimpleApplication@79c629de
reloadAllAccessors: .RecordDisassembler2

===========================================================================================
----------------- testing Tue Oct 30 02:33:56 UTC 2018 /home/travis/build/icyphy/ptII/ptolemy/actor/lib/test/auto/RecordUpdater.xml
----------------- Instantiating /home/travis/build/icyphy/ptII/ptolemy/actor/lib/test/auto/RecordUpdater.xml
2 ms. Memory: 1785856K Free: 259057K (15%)
----------------- Invoking toplevel() on ptolemy.moml.MoMLSimpleApplication@760b9cd3
----------------- Done invoking toplevel() on ptolemy.moml.MoMLSimpleApplication@760b9cd3
reloadAllAccessors: .RecordUpdater

===========================================================================================
----------------- testing Tue Oct 30 02:33:56 UTC 2018 /home/travis/build/icyphy/ptII/ptolemy/actor/lib/test/auto/RecordUpdater2.xml
----------------- Instantiating /home/travis/build/icyphy/ptII/ptolemy/actor/lib/test/auto/RecordUpdater2.xml
2 ms. Memory: 1785856K Free: 236789K (13%)
----------------- Invoking toplevel() on ptolemy.moml.MoMLSimpleApplication@472cbcc4
----------------- Done invoking toplevel() on ptolemy.moml.MoMLSimpleApplication@472cbcc4
reloadAllAccessors: .RecordUpdater2

===========================================================================================
----------------- testing Tue Oct 30 02:33:56 UTC 2018 /home/travis/build/icyphy/ptII/ptolemy/actor/lib/test/auto/RecursiveLattice.xml
----------------- Instantiating /home/travis/build/icyphy/ptII/ptolemy/actor/lib/test/auto/RecursiveLattice.xml
2 ms. Memory: 1785856K Free: 214520K (12%)
----------------- Invoking toplevel() on ptolemy.moml.MoMLSimpleApplication@54488f5a
----------------- Done invoking toplevel() on ptolemy.moml.MoMLSimpleApplication@54488f5a
reloadAllAccessors: .RecursiveLattice

===========================================================================================
----------------- testing Tue Oct 30 02:33:56 UTC 2018 /home/travis/build/icyphy/ptII/ptolemy/actor/lib/test/auto/Router.xml
----------------- Instantiating /home/travis/build/icyphy/ptII/ptolemy/actor/lib/test/auto/Router.xml
3005 ms. Memory: 1785856K Free: 181478K (10%)
----------------- Invoking toplevel() on ptolemy.moml.MoMLSimpleApplication@16ca4a6a
----------------- Done invoking toplevel() on ptolemy.moml.MoMLSimpleApplication@16ca4a6a
reloadAllAccessors: .Router

===========================================================================================
----------------- testing Tue Oct 30 02:34:00 UTC 2018 /home/travis/build/icyphy/ptII/ptolemy/actor/lib/test/auto/Router2.xml
----------------- Instantiating /home/travis/build/icyphy/ptII/ptolemy/actor/lib/test/auto/Router2.xml
3004 ms. Memory: 1785856K Free: 159210K (9%)
----------------- Invoking toplevel() on ptolemy.moml.MoMLSimpleApplication@7d00053f
----------------- Done invoking toplevel() on ptolemy.moml.MoMLSimpleApplication@7d00053f
reloadAllAccessors: .Router2

===========================================================================================
----------------- testing Tue Oct 30 02:34:03 UTC 2018 /home/travis/build/icyphy/ptII/ptolemy/actor/lib/test/auto/RunningMaximum.xml
----------------- Instantiating /home/travis/build/icyphy/ptII/ptolemy/actor/lib/test/auto/RunningMaximum.xml
2 ms. Memory: 1785856K Free: 130754K (7%)
----------------- Invoking toplevel() on ptolemy.moml.MoMLSimpleApplication@66e4c2b4
----------------- Done invoking toplevel() on ptolemy.moml.MoMLSimpleApplication@66e4c2b4
reloadAllAccessors: .RunningMaximum

===========================================================================================
----------------- testing Tue Oct 30 02:34:03 UTC 2018 /home/travis/build/icyphy/ptII/ptolemy/actor/lib/test/auto/RunningMinimum.xml
----------------- Instantiating /home/travis/build/icyphy/ptII/ptolemy/actor/lib/test/auto/RunningMinimum.xml
2 ms. Memory: 1785856K Free: 108485K (6%)
----------------- Invoking toplevel() on ptolemy.moml.MoMLSimpleApplication@67f0a155
----------------- Done invoking toplevel() on ptolemy.moml.MoMLSimpleApplication@67f0a155
reloadAllAccessors: .RunningMinimum

===========================================================================================
----------------- testing Tue Oct 30 02:34:03 UTC 2018 /home/travis/build/icyphy/ptII/ptolemy/actor/lib/test/auto/Scale.xml
----------------- Instantiating /home/travis/build/icyphy/ptII/ptolemy/actor/lib/test/auto/Scale.xml
2 ms. Memory: 1785856K Free: 86217K (5%)
----------------- Invoking toplevel() on ptolemy.moml.MoMLSimpleApplication@59a86e45
----------------- Done invoking toplevel() on ptolemy.moml.MoMLSimpleApplication@59a86e45
reloadAllAccessors: .Scale

===========================================================================================
----------------- testing Tue Oct 30 02:34:03 UTC 2018 /home/travis/build/icyphy/ptII/ptolemy/actor/lib/test/auto/Scale2.xml
----------------- Instantiating /home/travis/build/icyphy/ptII/ptolemy/actor/lib/test/auto/Scale2.xml
8 ms. Memory: 1786880K Free: 1736456K (97%)
----------------- Invoking toplevel() on ptolemy.moml.MoMLSimpleApplication@2e4f157
----------------- Done invoking toplevel() on ptolemy.moml.MoMLSimpleApplication@2e4f157
reloadAllAccessors: .Scale2

===========================================================================================
----------------- testing Tue Oct 30 02:34:03 UTC 2018 /home/travis/build/icyphy/ptII/ptolemy/actor/lib/test/auto/Scale3.xml
----------------- Instantiating /home/travis/build/icyphy/ptII/ptolemy/actor/lib/test/auto/Scale3.xml
3 ms. Memory: 1786880K Free: 1709866K (96%)
----------------- Invoking toplevel() on ptolemy.moml.MoMLSimpleApplication@38f28174
----------------- Done invoking toplevel() on ptolemy.moml.MoMLSimpleApplication@38f28174
reloadAllAccessors: .Scale3

===========================================================================================
----------------- testing Tue Oct 30 02:34:03 UTC 2018 /home/travis/build/icyphy/ptII/ptolemy/actor/lib/test/auto/ScaleArray.xml
----------------- Instantiating /home/travis/build/icyphy/ptII/ptolemy/actor/lib/test/auto/ScaleArray.xml
1 ms. Memory: 1786880K Free: 1688843K (95%)
----------------- Invoking toplevel() on ptolemy.moml.MoMLSimpleApplication@263f2e3b
----------------- Done invoking toplevel() on ptolemy.moml.MoMLSimpleApplication@263f2e3b
reloadAllAccessors: .ScaleArray

===========================================================================================
----------------- testing Tue Oct 30 02:34:03 UTC 2018 /home/travis/build/icyphy/ptII/ptolemy/actor/lib/test/auto/ScaleArray2.xml
----------------- Instantiating /home/travis/build/icyphy/ptII/ptolemy/actor/lib/test/auto/ScaleArray2.xml
1 ms. Memory: 1786880K Free: 1672141K (94%)
----------------- Invoking toplevel() on ptolemy.moml.MoMLSimpleApplication@88ab411
----------------- Done invoking toplevel() on ptolemy.moml.MoMLSimpleApplication@88ab411
reloadAllAccessors: .ScaleArray2

===========================================================================================
----------------- testing Tue Oct 30 02:34:03 UTC 2018 /home/travis/build/icyphy/ptII/ptolemy/actor/lib/test/auto/ScaleMatrix.xml
----------------- Instantiating /home/travis/build/icyphy/ptII/ptolemy/actor/lib/test/auto/ScaleMatrix.xml
97 ms. Memory: 1786880K Free: 1642705K (92%)
----------------- Invoking toplevel() on ptolemy.moml.MoMLSimpleApplication@3f356654
----------------- Done invoking toplevel() on ptolemy.moml.MoMLSimpleApplication@3f356654
reloadAllAccessors: .ScaleMatrix

===========================================================================================
----------------- testing Tue Oct 30 02:34:03 UTC 2018 /home/travis/build/icyphy/ptII/ptolemy/actor/lib/test/auto/Select.xml
----------------- Instantiating /home/travis/build/icyphy/ptII/ptolemy/actor/lib/test/auto/Select.xml
2 ms. Memory: 1786880K Free: 1626004K (91%)
----------------- Invoking toplevel() on ptolemy.moml.MoMLSimpleApplication@28171ec3
----------------- Done invoking toplevel() on ptolemy.moml.MoMLSimpleApplication@28171ec3
reloadAllAccessors: .Select

===========================================================================================
----------------- testing Tue Oct 30 02:34:03 UTC 2018 /home/travis/build/icyphy/ptII/ptolemy/actor/lib/test/auto/Select2.xml
----------------- Instantiating /home/travis/build/icyphy/ptII/ptolemy/actor/lib/test/auto/Select2.xml
1 ms. Memory: 1786880K Free: 1604981K (90%)
----------------- Invoking toplevel() on ptolemy.moml.MoMLSimpleApplication@48d28927
----------------- Done invoking toplevel() on ptolemy.moml.MoMLSimpleApplication@48d28927
reloadAllAccessors: .Select2

===========================================================================================
----------------- testing Tue Oct 30 02:34:03 UTC 2018 /home/travis/build/icyphy/ptII/ptolemy/actor/lib/test/auto/SequenceToArray2.xml
----------------- Instantiating /home/travis/build/icyphy/ptII/ptolemy/actor/lib/test/auto/SequenceToArray2.xml
87 ms. Memory: 1786880K Free: 1500434K (84%)
----------------- Invoking toplevel() on ptolemy.moml.MoMLSimpleApplication@52901553
----------------- Done invoking toplevel() on ptolemy.moml.MoMLSimpleApplication@52901553
reloadAllAccessors: .SequenceToArray2

===========================================================================================
----------------- testing Tue Oct 30 02:34:03 UTC 2018 /home/travis/build/icyphy/ptII/ptolemy/actor/lib/test/auto/SequentialClock.xml
----------------- Instantiating /home/travis/build/icyphy/ptII/ptolemy/actor/lib/test/auto/SequentialClock.xml
2 ms. Memory: 1786880K Free: 1483733K (83%)
----------------- Invoking toplevel() on ptolemy.moml.MoMLSimpleApplication@2187ddee
----------------- Done invoking toplevel() on ptolemy.moml.MoMLSimpleApplication@2187ddee
reloadAllAccessors: .SequentialClock

===========================================================================================
----------------- testing Tue Oct 30 02:34:03 UTC 2018 /home/travis/build/icyphy/ptII/ptolemy/actor/lib/test/auto/SetVariable.xml
----------------- Instantiating /home/travis/build/icyphy/ptII/ptolemy/actor/lib/test/auto/SetVariable.xml
5 ms. Memory: 1786880K Free: 1462710K (82%)
----------------- Invoking toplevel() on ptolemy.moml.MoMLSimpleApplication@55ca71f9
----------------- Done invoking toplevel() on ptolemy.moml.MoMLSimpleApplication@55ca71f9
reloadAllAccessors: .SetVariable

===========================================================================================
----------------- testing Tue Oct 30 02:34:03 UTC 2018 /home/travis/build/icyphy/ptII/ptolemy/actor/lib/test/auto/SetVariable2.xml
----------------- Instantiating /home/travis/build/icyphy/ptII/ptolemy/actor/lib/test/auto/SetVariable2.xml
1 ms. Memory: 1786880K Free: 1446008K (81%)
----------------- Invoking toplevel() on ptolemy.moml.MoMLSimpleApplication@7d109792
----------------- Done invoking toplevel() on ptolemy.moml.MoMLSimpleApplication@7d109792
reloadAllAccessors: .SetVariable2

===========================================================================================
----------------- testing Tue Oct 30 02:34:03 UTC 2018 /home/travis/build/icyphy/ptII/ptolemy/actor/lib/test/auto/SetVariable3.xml
----------------- Instantiating /home/travis/build/icyphy/ptII/ptolemy/actor/lib/test/auto/SetVariable3.xml
8 ms. Memory: 1786880K Free: 1424985K (80%)
----------------- Invoking toplevel() on ptolemy.moml.MoMLSimpleApplication@320c8181
----------------- Done invoking toplevel() on ptolemy.moml.MoMLSimpleApplication@320c8181
reloadAllAccessors: .SetVariable3

===========================================================================================
----------------- testing Tue Oct 30 02:34:03 UTC 2018 /home/travis/build/icyphy/ptII/ptolemy/actor/lib/test/auto/SetVariable4.xml
----------------- Instantiating /home/travis/build/icyphy/ptII/ptolemy/actor/lib/test/auto/SetVariable4.xml
13 ms. Memory: 1786880K Free: 1349828K (76%)
----------------- Invoking toplevel() on ptolemy.moml.MoMLSimpleApplication@1bb4af37
----------------- Done invoking toplevel() on ptolemy.moml.MoMLSimpleApplication@1bb4af37
reloadAllAccessors: .SetVariable4

===========================================================================================
----------------- testing Tue Oct 30 02:34:03 UTC 2018 /home/travis/build/icyphy/ptII/ptolemy/actor/lib/test/auto/SetVariable5.xml
----------------- Instantiating /home/travis/build/icyphy/ptII/ptolemy/actor/lib/test/auto/SetVariable5.xml
17 ms. Memory: 1786880K Free: 1328805K (74%)
----------------- Invoking toplevel() on ptolemy.moml.MoMLSimpleApplication@35b1aff9
----------------- Done invoking toplevel() on ptolemy.moml.MoMLSimpleApplication@35b1aff9
reloadAllAccessors: .SetVariable5

===========================================================================================
----------------- testing Tue Oct 30 02:34:03 UTC 2018 /home/travis/build/icyphy/ptII/ptolemy/actor/lib/test/auto/Sinewave.xml
----------------- Instantiating /home/travis/build/icyphy/ptII/ptolemy/actor/lib/test/auto/Sinewave.xml
5 ms. Memory: 1786880K Free: 1299415K (73%)
----------------- Invoking toplevel() on ptolemy.moml.MoMLSimpleApplication@65798192
----------------- Done invoking toplevel() on ptolemy.moml.MoMLSimpleApplication@65798192
reloadAllAccessors: .Sinewave

===========================================================================================
----------------- testing Tue Oct 30 02:34:03 UTC 2018 /home/travis/build/icyphy/ptII/ptolemy/actor/lib/test/auto/Sinewave2.xml
----------------- Instantiating /home/travis/build/icyphy/ptII/ptolemy/actor/lib/test/auto/Sinewave2.xml
4 ms. Memory: 1786880K Free: 1282714K (72%)
----------------- Invoking toplevel() on ptolemy.moml.MoMLSimpleApplication@6e9b79de
----------------- Done invoking toplevel() on ptolemy.moml.MoMLSimpleApplication@6e9b79de
reloadAllAccessors: .Sinewave2

===========================================================================================
----------------- testing Tue Oct 30 02:34:03 UTC 2018 /home/travis/build/icyphy/ptII/ptolemy/actor/lib/test/auto/Sinewave3.xml
----------------- Instantiating /home/travis/build/icyphy/ptII/ptolemy/actor/lib/test/auto/Sinewave3.xml
7 ms. Memory: 1786880K Free: 1261690K (71%)
----------------- Invoking toplevel() on ptolemy.moml.MoMLSimpleApplication@64f2501
----------------- Done invoking toplevel() on ptolemy.moml.MoMLSimpleApplication@64f2501
reloadAllAccessors: .Sinewave3

===========================================================================================
----------------- testing Tue Oct 30 02:34:03 UTC 2018 /home/travis/build/icyphy/ptII/ptolemy/actor/lib/test/auto/SingleEvent.xml
----------------- Instantiating /home/travis/build/icyphy/ptII/ptolemy/actor/lib/test/auto/SingleEvent.xml
1 ms. Memory: 1786880K Free: 1244989K (70%)
----------------- Invoking toplevel() on ptolemy.moml.MoMLSimpleApplication@692ee5b4
----------------- Done invoking toplevel() on ptolemy.moml.MoMLSimpleApplication@692ee5b4
reloadAllAccessors: .SingleEvent

===========================================================================================
----------------- testing Tue Oct 30 02:34:03 UTC 2018 /home/travis/build/icyphy/ptII/ptolemy/actor/lib/test/auto/Sleep.xml
----------------- Instantiating /home/travis/build/icyphy/ptII/ptolemy/actor/lib/test/auto/Sleep.xml
6003 ms. Memory: 1786880K Free: 1223966K (68%)
----------------- Invoking toplevel() on ptolemy.moml.MoMLSimpleApplication@6f2cf463
----------------- Done invoking toplevel() on ptolemy.moml.MoMLSimpleApplication@6f2cf463
reloadAllAccessors: .Sleep

===========================================================================================
----------------- testing Tue Oct 30 02:34:09 UTC 2018 /home/travis/build/icyphy/ptII/ptolemy/actor/lib/test/auto/SleepMultipleFire.xml
----------------- Instantiating /home/travis/build/icyphy/ptII/ptolemy/actor/lib/test/auto/SleepMultipleFire.xml
1005 ms. Memory: 1786880K Free: 1207264K (68%)
----------------- Invoking toplevel() on ptolemy.moml.MoMLSimpleApplication@c002eb
----------------- Done invoking toplevel() on ptolemy.moml.MoMLSimpleApplication@c002eb
reloadAllAccessors: .SleepMultipleFire

===========================================================================================
----------------- testing Tue Oct 30 02:34:10 UTC 2018 /home/travis/build/icyphy/ptII/ptolemy/actor/lib/test/auto/StopDE.xml
----------------- Instantiating /home/travis/build/icyphy/ptII/ptolemy/actor/lib/test/auto/StopDE.xml
2 ms. Memory: 1786880K Free: 1186241K (66%)
----------------- Invoking toplevel() on ptolemy.moml.MoMLSimpleApplication@6b894b03
----------------- Done invoking toplevel() on ptolemy.moml.MoMLSimpleApplication@6b894b03
reloadAllAccessors: .StopDE

===========================================================================================
----------------- testing Tue Oct 30 02:34:10 UTC 2018 /home/travis/build/icyphy/ptII/ptolemy/actor/lib/test/auto/StopSDF.xml
----------------- Instantiating /home/travis/build/icyphy/ptII/ptolemy/actor/lib/test/auto/StopSDF.xml
2 ms. Memory: 1786880K Free: 1165218K (65%)
----------------- Invoking toplevel() on ptolemy.moml.MoMLSimpleApplication@72f8ca95
----------------- Done invoking toplevel() on ptolemy.moml.MoMLSimpleApplication@72f8ca95
reloadAllAccessors: .StopSDF

===========================================================================================
----------------- testing Tue Oct 30 02:34:10 UTC 2018 /home/travis/build/icyphy/ptII/ptolemy/actor/lib/test/auto/StringConstant.xml
----------------- Instantiating /home/travis/build/icyphy/ptII/ptolemy/actor/lib/test/auto/StringConstant.xml
1 ms. Memory: 1786880K Free: 1148516K (64%)
----------------- Invoking toplevel() on ptolemy.moml.MoMLSimpleApplication@78d2fc28
----------------- Done invoking toplevel() on ptolemy.moml.MoMLSimpleApplication@78d2fc28
reloadAllAccessors: .StringConstant

===========================================================================================
----------------- testing Tue Oct 30 02:34:10 UTC 2018 /home/travis/build/icyphy/ptII/ptolemy/actor/lib/test/auto/SubscriberPortInitialValues1.xml
----------------- Instantiating /home/travis/build/icyphy/ptII/ptolemy/actor/lib/test/auto/SubscriberPortInitialValues1.xml
4 ms. Memory: 1786880K Free: 1127493K (63%)
----------------- Invoking toplevel() on ptolemy.moml.MoMLSimpleApplication@5cd5dffe
----------------- Done invoking toplevel() on ptolemy.moml.MoMLSimpleApplication@5cd5dffe
reloadAllAccessors: .SubscriberPortInitialValues1

===========================================================================================
----------------- testing Tue Oct 30 02:34:10 UTC 2018 /home/travis/build/icyphy/ptII/ptolemy/actor/lib/test/auto/SubscriberPortInitialValues13.xml
----------------- Instantiating /home/travis/build/icyphy/ptII/ptolemy/actor/lib/test/auto/SubscriberPortInitialValues13.xml
4 ms. Memory: 1786880K Free: 1102425K (62%)
----------------- Invoking toplevel() on ptolemy.moml.MoMLSimpleApplication@7fdab7ae
----------------- Done invoking toplevel() on ptolemy.moml.MoMLSimpleApplication@7fdab7ae
reloadAllAccessors: .SubscriberPortInitialValues13

===========================================================================================
----------------- testing Tue Oct 30 02:34:10 UTC 2018 /home/travis/build/icyphy/ptII/ptolemy/actor/lib/test/auto/SubscriberPortInitialValues14.xml
----------------- Instantiating /home/travis/build/icyphy/ptII/ptolemy/actor/lib/test/auto/SubscriberPortInitialValues14.xml
6 ms. Memory: 1786880K Free: 1081402K (61%)
----------------- Invoking toplevel() on ptolemy.moml.MoMLSimpleApplication@2c63f37
----------------- Done invoking toplevel() on ptolemy.moml.MoMLSimpleApplication@2c63f37
reloadAllAccessors: .SubscriberPortInitialValues14

===========================================================================================
----------------- testing Tue Oct 30 02:34:10 UTC 2018 /home/travis/build/icyphy/ptII/ptolemy/actor/lib/test/auto/SubscriberPortInitialValues2.xml
----------------- Instantiating /home/travis/build/icyphy/ptII/ptolemy/actor/lib/test/auto/SubscriberPortInitialValues2.xml
3 ms. Memory: 1786880K Free: 1060379K (59%)
----------------- Invoking toplevel() on ptolemy.moml.MoMLSimpleApplication@3b930df0
----------------- Done invoking toplevel() on ptolemy.moml.MoMLSimpleApplication@3b930df0
reloadAllAccessors: .SubscriberPortInitialValues2

===========================================================================================
----------------- testing Tue Oct 30 02:34:10 UTC 2018 /home/travis/build/icyphy/ptII/ptolemy/actor/lib/test/auto/SubscriberPortInitialValues3.xml
----------------- Instantiating /home/travis/build/icyphy/ptII/ptolemy/actor/lib/test/auto/SubscriberPortInitialValues3.xml
4 ms. Memory: 1786880K Free: 1043677K (58%)
----------------- Invoking toplevel() on ptolemy.moml.MoMLSimpleApplication@1543f060
----------------- Done invoking toplevel() on ptolemy.moml.MoMLSimpleApplication@1543f060
reloadAllAccessors: .SubscriberPortInitialValues3

===========================================================================================
----------------- testing Tue Oct 30 02:34:10 UTC 2018 /home/travis/build/icyphy/ptII/ptolemy/actor/lib/test/auto/SubscriptionAggregator.xml
----------------- Instantiating /home/travis/build/icyphy/ptII/ptolemy/actor/lib/test/auto/SubscriptionAggregator.xml
2 ms. Memory: 1786880K Free: 1022654K (57%)
----------------- Invoking toplevel() on ptolemy.moml.MoMLSimpleApplication@e96dc1a
----------------- Done invoking toplevel() on ptolemy.moml.MoMLSimpleApplication@e96dc1a
reloadAllAccessors: .SubscriptionAggregator

===========================================================================================
----------------- testing Tue Oct 30 02:34:10 UTC 2018 /home/travis/build/icyphy/ptII/ptolemy/actor/lib/test/auto/SubscriptionAggregator2.xml
----------------- Instantiating /home/travis/build/icyphy/ptII/ptolemy/actor/lib/test/auto/SubscriptionAggregator2.xml
3 ms. Memory: 1786880K Free: 1005952K (56%)
----------------- Invoking toplevel() on ptolemy.moml.MoMLSimpleApplication@2704b3f0
----------------- Done invoking toplevel() on ptolemy.moml.MoMLSimpleApplication@2704b3f0
reloadAllAccessors: .SubscriptionAggregator2

===========================================================================================
----------------- testing Tue Oct 30 02:34:10 UTC 2018 /home/travis/build/icyphy/ptII/ptolemy/actor/lib/test/auto/SubscriptionAggregator3.xml
----------------- Instantiating /home/travis/build/icyphy/ptII/ptolemy/actor/lib/test/auto/SubscriptionAggregator3.xml
3 ms. Memory: 1786880K Free: 984929K (55%)
----------------- Invoking toplevel() on ptolemy.moml.MoMLSimpleApplication@418e1754
----------------- Done invoking toplevel() on ptolemy.moml.MoMLSimpleApplication@418e1754
reloadAllAccessors: .SubscriptionAggregator3

===========================================================================================
----------------- testing Tue Oct 30 02:34:10 UTC 2018 /home/travis/build/icyphy/ptII/ptolemy/actor/lib/test/auto/SubscriptionAggregatorMultiply.xml
----------------- Instantiating /home/travis/build/icyphy/ptII/ptolemy/actor/lib/test/auto/SubscriptionAggregatorMultiply.xml
6 ms. Memory: 1786880K Free: 968228K (54%)
----------------- Invoking toplevel() on ptolemy.moml.MoMLSimpleApplication@7820cad4
----------------- Done invoking toplevel() on ptolemy.moml.MoMLSimpleApplication@7820cad4
reloadAllAccessors: .SubscriptionAggregatorMultiply

===========================================================================================
----------------- testing Tue Oct 30 02:34:10 UTC 2018 /home/travis/build/icyphy/ptII/ptolemy/actor/lib/test/auto/SubscriptionAggregatorPortMultiply1.xml
----------------- Instantiating /home/travis/build/icyphy/ptII/ptolemy/actor/lib/test/auto/SubscriptionAggregatorPortMultiply1.xml
3 ms. Memory: 1786880K Free: 947205K (53%)
----------------- Invoking toplevel() on ptolemy.moml.MoMLSimpleApplication@4a2d58a4
----------------- Done invoking toplevel() on ptolemy.moml.MoMLSimpleApplication@4a2d58a4
reloadAllAccessors: .SubscriptionAggregatorPortMultiply1

===========================================================================================
----------------- testing Tue Oct 30 02:34:10 UTC 2018 /home/travis/build/icyphy/ptII/ptolemy/actor/lib/test/auto/Switch.xml
----------------- Instantiating /home/travis/build/icyphy/ptII/ptolemy/actor/lib/test/auto/Switch.xml
7 ms. Memory: 1786880K Free: 876077K (49%)
----------------- Invoking toplevel() on ptolemy.moml.MoMLSimpleApplication@17f009dd
----------------- Done invoking toplevel() on ptolemy.moml.MoMLSimpleApplication@17f009dd
reloadAllAccessors: .Switch

===========================================================================================
----------------- testing Tue Oct 30 02:34:11 UTC 2018 /home/travis/build/icyphy/ptII/ptolemy/actor/lib/test/auto/Switch2.xml
----------------- Instantiating /home/travis/build/icyphy/ptII/ptolemy/actor/lib/test/auto/Switch2.xml
1 ms. Memory: 1786880K Free: 859376K (48%)
----------------- Invoking toplevel() on ptolemy.moml.MoMLSimpleApplication@3951a1de
----------------- Done invoking toplevel() on ptolemy.moml.MoMLSimpleApplication@3951a1de
reloadAllAccessors: .Switch2

===========================================================================================
----------------- testing Tue Oct 30 02:34:11 UTC 2018 /home/travis/build/icyphy/ptII/ptolemy/actor/lib/test/auto/SwitchDE.xml
----------------- Instantiating /home/travis/build/icyphy/ptII/ptolemy/actor/lib/test/auto/SwitchDE.xml
4 ms. Memory: 1786880K Free: 838353K (47%)
----------------- Invoking toplevel() on ptolemy.moml.MoMLSimpleApplication@48ff6f46
----------------- Done invoking toplevel() on ptolemy.moml.MoMLSimpleApplication@48ff6f46
reloadAllAccessors: .SwitchDE

===========================================================================================
----------------- testing Tue Oct 30 02:34:11 UTC 2018 /home/travis/build/icyphy/ptII/ptolemy/actor/lib/test/auto/SynchronizerDE.xml
----------------- Instantiating /home/travis/build/icyphy/ptII/ptolemy/actor/lib/test/auto/SynchronizerDE.xml
7 ms. Memory: 1786880K Free: 821651K (46%)
----------------- Invoking toplevel() on ptolemy.moml.MoMLSimpleApplication@cd8f857
----------------- Done invoking toplevel() on ptolemy.moml.MoMLSimpleApplication@cd8f857
reloadAllAccessors: .SynchronizerDE

===========================================================================================
----------------- testing Tue Oct 30 02:34:11 UTC 2018 /home/travis/build/icyphy/ptII/ptolemy/actor/lib/test/auto/Test.xml
----------------- Instantiating /home/travis/build/icyphy/ptII/ptolemy/actor/lib/test/auto/Test.xml
8 ms. Memory: 1786880K Free: 800628K (45%)
----------------- Invoking toplevel() on ptolemy.moml.MoMLSimpleApplication@e156228
----------------- Done invoking toplevel() on ptolemy.moml.MoMLSimpleApplication@e156228
reloadAllAccessors: .Test

===========================================================================================
----------------- testing Tue Oct 30 02:34:11 UTC 2018 /home/travis/build/icyphy/ptII/ptolemy/actor/lib/test/auto/TestExceptionAttribute1.xml
----------------- Instantiating /home/travis/build/icyphy/ptII/ptolemy/actor/lib/test/auto/TestExceptionAttribute1.xml
1 ms. Memory: 1786880K Free: 783927K (44%)
----------------- Invoking toplevel() on ptolemy.moml.MoMLSimpleApplication@13282aac
----------------- Done invoking toplevel() on ptolemy.moml.MoMLSimpleApplication@13282aac
reloadAllAccessors: .TestExceptionAttribute1

===========================================================================================
----------------- testing Tue Oct 30 02:34:11 UTC 2018 /home/travis/build/icyphy/ptII/ptolemy/actor/lib/test/auto/TestExceptionAttribute2.xml
----------------- Instantiating /home/travis/build/icyphy/ptII/ptolemy/actor/lib/test/auto/TestExceptionAttribute2.xml
1 ms. Memory: 1786880K Free: 762903K (43%)
----------------- Invoking toplevel() on ptolemy.moml.MoMLSimpleApplication@3ab2e9d3
----------------- Done invoking toplevel() on ptolemy.moml.MoMLSimpleApplication@3ab2e9d3
reloadAllAccessors: .TestExceptionAttribute2

===========================================================================================
----------------- testing Tue Oct 30 02:34:11 UTC 2018 /home/travis/build/icyphy/ptII/ptolemy/actor/lib/test/auto/TestExceptionAttribute3.xml
----------------- Instantiating /home/travis/build/icyphy/ptII/ptolemy/actor/lib/test/auto/TestExceptionAttribute3.xml
.TestExceptionAttribute3.TestExceptionAttribute: initialize() was not invoked, but wrapup() was.  This is unusual, but not always a problem.  For example, exporting JNLP will do this.
1 ms. Memory: 1786880K Free: 741880K (42%)
----------------- Invoking toplevel() on ptolemy.moml.MoMLSimpleApplication@666c559d
----------------- Done invoking toplevel() on ptolemy.moml.MoMLSimpleApplication@666c559d
reloadAllAccessors: .TestExceptionAttribute3

===========================================================================================
----------------- testing Tue Oct 30 02:34:11 UTC 2018 /home/travis/build/icyphy/ptII/ptolemy/actor/lib/test/auto/TestExceptionAttribute4.xml
----------------- Instantiating /home/travis/build/icyphy/ptII/ptolemy/actor/lib/test/auto/TestExceptionAttribute4.xml
.TestExceptionAttribute4.TestExceptionAttribute: initialize() was not invoked, but wrapup() was.  This is unusual, but not always a problem.  For example, exporting JNLP will do this.
.TestExceptionAttribute4.TestExceptionAttribute2: initialize() was not invoked, but wrapup() was.  This is unusual, but not always a problem.  For example, exporting JNLP will do this.
1 ms. Memory: 1786880K Free: 725179K (41%)
----------------- Invoking toplevel() on ptolemy.moml.MoMLSimpleApplication@17c36a31
----------------- Done invoking toplevel() on ptolemy.moml.MoMLSimpleApplication@17c36a31
reloadAllAccessors: .TestExceptionAttribute4

===========================================================================================
----------------- testing Tue Oct 30 02:34:11 UTC 2018 /home/travis/build/icyphy/ptII/ptolemy/actor/lib/test/auto/TestExceptionHandler1.xml
----------------- Instantiating /home/travis/build/icyphy/ptII/ptolemy/actor/lib/test/auto/TestExceptionHandler1.xml
1 ms. Memory: 1786880K Free: 704156K (39%)
----------------- Invoking toplevel() on ptolemy.moml.MoMLSimpleApplication@8e91a7e
----------------- Done invoking toplevel() on ptolemy.moml.MoMLSimpleApplication@8e91a7e
reloadAllAccessors: .TestExceptionHandler1

===========================================================================================
----------------- testing Tue Oct 30 02:34:11 UTC 2018 /home/travis/build/icyphy/ptII/ptolemy/actor/lib/test/auto/TestExceptionHandler2.xml
----------------- Instantiating /home/travis/build/icyphy/ptII/ptolemy/actor/lib/test/auto/TestExceptionHandler2.xml
1 ms. Memory: 1786880K Free: 687454K (38%)
----------------- Invoking toplevel() on ptolemy.moml.MoMLSimpleApplication@5e79c879
----------------- Done invoking toplevel() on ptolemy.moml.MoMLSimpleApplication@5e79c879
reloadAllAccessors: .TestExceptionHandler2

===========================================================================================
----------------- testing Tue Oct 30 02:34:11 UTC 2018 /home/travis/build/icyphy/ptII/ptolemy/actor/lib/test/auto/TestExceptionHandler3.xml
----------------- Instantiating /home/travis/build/icyphy/ptII/ptolemy/actor/lib/test/auto/TestExceptionHandler3.xml
0 ms. Memory: 1786880K Free: 666431K (37%)
----------------- Invoking toplevel() on ptolemy.moml.MoMLSimpleApplication@60561b0
----------------- Done invoking toplevel() on ptolemy.moml.MoMLSimpleApplication@60561b0
reloadAllAccessors: .TestExceptionHandler3

===========================================================================================
----------------- testing Tue Oct 30 02:34:11 UTC 2018 /home/travis/build/icyphy/ptII/ptolemy/actor/lib/test/auto/TestExceptionHandler4.xml
----------------- Instantiating /home/travis/build/icyphy/ptII/ptolemy/actor/lib/test/auto/TestExceptionHandler4.xml
1 ms. Memory: 1786880K Free: 649730K (36%)
----------------- Invoking toplevel() on ptolemy.moml.MoMLSimpleApplication@4b88039a
----------------- Done invoking toplevel() on ptolemy.moml.MoMLSimpleApplication@4b88039a
reloadAllAccessors: .TestExceptionHandler4

===========================================================================================
----------------- testing Tue Oct 30 02:34:11 UTC 2018 /home/travis/build/icyphy/ptII/ptolemy/actor/lib/test/auto/TestRequireCorrectOrder.xml
----------------- Instantiating /home/travis/build/icyphy/ptII/ptolemy/actor/lib/test/auto/TestRequireCorrectOrder.xml
2 ms. Memory: 1786880K Free: 628707K (35%)
----------------- Invoking toplevel() on ptolemy.moml.MoMLSimpleApplication@6b2e61b5
----------------- Done invoking toplevel() on ptolemy.moml.MoMLSimpleApplication@6b2e61b5
reloadAllAccessors: .TestRequireCorrectOrder

===========================================================================================
----------------- testing Tue Oct 30 02:34:11 UTC 2018 /home/travis/build/icyphy/ptII/ptolemy/actor/lib/test/auto/TestSimple.xml
----------------- Instantiating /home/travis/build/icyphy/ptII/ptolemy/actor/lib/test/auto/TestSimple.xml
4 ms. Memory: 1786880K Free: 607684K (34%)
----------------- Invoking toplevel() on ptolemy.moml.MoMLSimpleApplication@162f5e9c
----------------- Done invoking toplevel() on ptolemy.moml.MoMLSimpleApplication@162f5e9c
reloadAllAccessors: .TestSimple

===========================================================================================
----------------- testing Tue Oct 30 02:34:11 UTC 2018 /home/travis/build/icyphy/ptII/ptolemy/actor/lib/test/auto/ThrowModelError.xml
----------------- Instantiating /home/travis/build/icyphy/ptII/ptolemy/actor/lib/test/auto/ThrowModelError.xml
1 ms. Memory: 1786880K Free: 590982K (33%)
----------------- Invoking toplevel() on ptolemy.moml.MoMLSimpleApplication@19c080eb
----------------- Done invoking toplevel() on ptolemy.moml.MoMLSimpleApplication@19c080eb
reloadAllAccessors: .ThrowModelError

===========================================================================================
----------------- testing Tue Oct 30 02:34:11 UTC 2018 /home/travis/build/icyphy/ptII/ptolemy/actor/lib/test/auto/TimeDelayMicrosteps.xml
----------------- Instantiating /home/travis/build/icyphy/ptII/ptolemy/actor/lib/test/auto/TimeDelayMicrosteps.xml
3 ms. Memory: 1786880K Free: 569959K (32%)
----------------- Invoking toplevel() on ptolemy.moml.MoMLSimpleApplication@52667a2d
----------------- Done invoking toplevel() on ptolemy.moml.MoMLSimpleApplication@52667a2d
reloadAllAccessors: .TimeDelayMicrosteps

===========================================================================================
----------------- testing Tue Oct 30 02:34:11 UTC 2018 /home/travis/build/icyphy/ptII/ptolemy/actor/lib/test/auto/TimeDelayMicrosteps2.xml
----------------- Instantiating /home/travis/build/icyphy/ptII/ptolemy/actor/lib/test/auto/TimeDelayMicrosteps2.xml
3 ms. Memory: 1786880K Free: 553257K (31%)
----------------- Invoking toplevel() on ptolemy.moml.MoMLSimpleApplication@580fcd1c
----------------- Done invoking toplevel() on ptolemy.moml.MoMLSimpleApplication@580fcd1c
reloadAllAccessors: .TimeDelayMicrosteps2

===========================================================================================
----------------- testing Tue Oct 30 02:34:11 UTC 2018 /home/travis/build/icyphy/ptII/ptolemy/actor/lib/test/auto/TimeDelayMicrosteps3.xml
----------------- Instantiating /home/travis/build/icyphy/ptII/ptolemy/actor/lib/test/auto/TimeDelayMicrosteps3.xml
3 ms. Memory: 1786880K Free: 532234K (30%)
----------------- Invoking toplevel() on ptolemy.moml.MoMLSimpleApplication@3b4f9120
----------------- Done invoking toplevel() on ptolemy.moml.MoMLSimpleApplication@3b4f9120
reloadAllAccessors: .TimeDelayMicrosteps3

===========================================================================================
----------------- testing Tue Oct 30 02:34:11 UTC 2018 /home/travis/build/icyphy/ptII/ptolemy/actor/lib/test/auto/TimeDelayVariableMicrosteps.xml
----------------- Instantiating /home/travis/build/icyphy/ptII/ptolemy/actor/lib/test/auto/TimeDelayVariableMicrosteps.xml
4 ms. Memory: 1786880K Free: 515533K (29%)
----------------- Invoking toplevel() on ptolemy.moml.MoMLSimpleApplication@77705b16
----------------- Done invoking toplevel() on ptolemy.moml.MoMLSimpleApplication@77705b16
reloadAllAccessors: .TimeDelayVariableMicrosteps

===========================================================================================
----------------- testing Tue Oct 30 02:34:11 UTC 2018 /home/travis/build/icyphy/ptII/ptolemy/actor/lib/test/auto/TimeGap.xml
----------------- Instantiating /home/travis/build/icyphy/ptII/ptolemy/actor/lib/test/auto/TimeGap.xml
3 ms. Memory: 1786880K Free: 494510K (28%)
----------------- Invoking toplevel() on ptolemy.moml.MoMLSimpleApplication@5d976a58
----------------- Done invoking toplevel() on ptolemy.moml.MoMLSimpleApplication@5d976a58
reloadAllAccessors: .TimeGap

===========================================================================================
----------------- testing Tue Oct 30 02:34:11 UTC 2018 /home/travis/build/icyphy/ptII/ptolemy/actor/lib/test/auto/TimeGap2.xml
----------------- Instantiating /home/travis/build/icyphy/ptII/ptolemy/actor/lib/test/auto/TimeGap2.xml
3 ms. Memory: 1786880K Free: 473486K (26%)
----------------- Invoking toplevel() on ptolemy.moml.MoMLSimpleApplication@52f39f65
----------------- Done invoking toplevel() on ptolemy.moml.MoMLSimpleApplication@52f39f65
reloadAllAccessors: .TimeGap2

===========================================================================================
----------------- testing Tue Oct 30 02:34:11 UTC 2018 /home/travis/build/icyphy/ptII/ptolemy/actor/lib/test/auto/TimedSinewave.xml
----------------- Instantiating /home/travis/build/icyphy/ptII/ptolemy/actor/lib/test/auto/TimedSinewave.xml
33 ms. Memory: 1786880K Free: 448418K (25%)
----------------- Invoking toplevel() on ptolemy.moml.MoMLSimpleApplication@6075ee75
----------------- Done invoking toplevel() on ptolemy.moml.MoMLSimpleApplication@6075ee75
reloadAllAccessors: .TimedSinewave

===========================================================================================
----------------- testing Tue Oct 30 02:34:11 UTC 2018 /home/travis/build/icyphy/ptII/ptolemy/actor/lib/test/auto/TimedSinewavePhase.xml
----------------- Instantiating /home/travis/build/icyphy/ptII/ptolemy/actor/lib/test/auto/TimedSinewavePhase.xml
7 ms. Memory: 1786880K Free: 427395K (24%)
----------------- Invoking toplevel() on ptolemy.moml.MoMLSimpleApplication@7b674a55
----------------- Done invoking toplevel() on ptolemy.moml.MoMLSimpleApplication@7b674a55
reloadAllAccessors: .TimedSinewavePhase

===========================================================================================
----------------- testing Tue Oct 30 02:34:11 UTC 2018 /home/travis/build/icyphy/ptII/ptolemy/actor/lib/test/auto/Timer.xml
----------------- Instantiating /home/travis/build/icyphy/ptII/ptolemy/actor/lib/test/auto/Timer.xml
2 ms. Memory: 1786880K Free: 410694K (23%)
----------------- Invoking toplevel() on ptolemy.moml.MoMLSimpleApplication@fd7a7d5
----------------- Done invoking toplevel() on ptolemy.moml.MoMLSimpleApplication@fd7a7d5
reloadAllAccessors: .Timer

===========================================================================================
----------------- testing Tue Oct 30 02:34:11 UTC 2018 /home/travis/build/icyphy/ptII/ptolemy/actor/lib/test/auto/TriangularDistTestModel.xml
----------------- Instantiating /home/travis/build/icyphy/ptII/ptolemy/actor/lib/test/auto/TriangularDistTestModel.xml
2 ms. Memory: 1786880K Free: 389670K (22%)
----------------- Invoking toplevel() on ptolemy.moml.MoMLSimpleApplication@f93e193
----------------- Done invoking toplevel() on ptolemy.moml.MoMLSimpleApplication@f93e193
reloadAllAccessors: .TriangularDistTestModel

===========================================================================================
----------------- testing Tue Oct 30 02:34:11 UTC 2018 /home/travis/build/icyphy/ptII/ptolemy/actor/lib/test/auto/TrigFunction.xml
----------------- Instantiating /home/travis/build/icyphy/ptII/ptolemy/actor/lib/test/auto/TrigFunction.xml
2 ms. Memory: 1786880K Free: 368647K (21%)
----------------- Invoking toplevel() on ptolemy.moml.MoMLSimpleApplication@1f61a4c6
----------------- Done invoking toplevel() on ptolemy.moml.MoMLSimpleApplication@1f61a4c6
reloadAllAccessors: .TrigFunction

===========================================================================================
----------------- testing Tue Oct 30 02:34:11 UTC 2018 /home/travis/build/icyphy/ptII/ptolemy/actor/lib/test/auto/TrigFunctionDE.xml
----------------- Instantiating /home/travis/build/icyphy/ptII/ptolemy/actor/lib/test/auto/TrigFunctionDE.xml
1 ms. Memory: 1786880K Free: 351946K (20%)
----------------- Invoking toplevel() on ptolemy.moml.MoMLSimpleApplication@eace5ac
----------------- Done invoking toplevel() on ptolemy.moml.MoMLSimpleApplication@eace5ac
reloadAllAccessors: .TrigFunctionDE

===========================================================================================
----------------- testing Tue Oct 30 02:34:11 UTC 2018 /home/travis/build/icyphy/ptII/ptolemy/actor/lib/test/auto/TrigFunctionInverse.xml
----------------- Instantiating /home/travis/build/icyphy/ptII/ptolemy/actor/lib/test/auto/TrigFunctionInverse.xml
2 ms. Memory: 1786880K Free: 330923K (19%)
----------------- Invoking toplevel() on ptolemy.moml.MoMLSimpleApplication@366a532c
----------------- Done invoking toplevel() on ptolemy.moml.MoMLSimpleApplication@366a532c
reloadAllAccessors: .TrigFunctionInverse

===========================================================================================
----------------- testing Tue Oct 30 02:34:11 UTC 2018 /home/travis/build/icyphy/ptII/ptolemy/actor/lib/test/auto/TrigFunctionTan.xml
----------------- Instantiating /home/travis/build/icyphy/ptII/ptolemy/actor/lib/test/auto/TrigFunctionTan.xml
2 ms. Memory: 1786880K Free: 314221K (18%)
----------------- Invoking toplevel() on ptolemy.moml.MoMLSimpleApplication@21c4a107
----------------- Done invoking toplevel() on ptolemy.moml.MoMLSimpleApplication@21c4a107
reloadAllAccessors: .TrigFunctionTan

===========================================================================================
----------------- testing Tue Oct 30 02:34:11 UTC 2018 /home/travis/build/icyphy/ptII/ptolemy/actor/lib/test/auto/TriggeredClock.xml
----------------- Instantiating /home/travis/build/icyphy/ptII/ptolemy/actor/lib/test/auto/TriggeredClock.xml
1 ms. Memory: 1786880K Free: 293198K (16%)
----------------- Invoking toplevel() on ptolemy.moml.MoMLSimpleApplication@5196e3eb
----------------- Done invoking toplevel() on ptolemy.moml.MoMLSimpleApplication@5196e3eb
reloadAllAccessors: .TriggeredClock

===========================================================================================
----------------- testing Tue Oct 30 02:34:11 UTC 2018 /home/travis/build/icyphy/ptII/ptolemy/actor/lib/test/auto/URLDirectoryReader.xml
----------------- Instantiating /home/travis/build/icyphy/ptII/ptolemy/actor/lib/test/auto/URLDirectoryReader.xml
40 ms. Memory: 1786880K Free: 276496K (15%)
----------------- Invoking toplevel() on ptolemy.moml.MoMLSimpleApplication@5d665d5f
----------------- Done invoking toplevel() on ptolemy.moml.MoMLSimpleApplication@5d665d5f
reloadAllAccessors: .URLDirectoryReader

===========================================================================================
----------------- testing Tue Oct 30 02:34:11 UTC 2018 /home/travis/build/icyphy/ptII/ptolemy/actor/lib/test/auto/URLDirectoryReader3.xml
----------------- Instantiating /home/travis/build/icyphy/ptII/ptolemy/actor/lib/test/auto/URLDirectoryReader3.xml
1181 ms. Memory: 1786880K Free: 205369K (11%)
----------------- Invoking toplevel() on ptolemy.moml.MoMLSimpleApplication@509e8aca
----------------- Done invoking toplevel() on ptolemy.moml.MoMLSimpleApplication@509e8aca
reloadAllAccessors: .URLDirectoryReader3

===========================================================================================
----------------- testing Tue Oct 30 02:34:13 UTC 2018 /home/travis/build/icyphy/ptII/ptolemy/actor/lib/test/auto/UnaryMathFunction.xml
----------------- Instantiating /home/travis/build/icyphy/ptII/ptolemy/actor/lib/test/auto/UnaryMathFunction.xml
3 ms. Memory: 1786880K Free: 184346K (10%)
----------------- Invoking toplevel() on ptolemy.moml.MoMLSimpleApplication@74b917d5
----------------- Done invoking toplevel() on ptolemy.moml.MoMLSimpleApplication@74b917d5
reloadAllAccessors: .UnaryMathFunction

===========================================================================================
----------------- testing Tue Oct 30 02:34:13 UTC 2018 /home/travis/build/icyphy/ptII/ptolemy/actor/lib/test/auto/Uniform.xml
----------------- Instantiating /home/travis/build/icyphy/ptII/ptolemy/actor/lib/test/auto/Uniform.xml
2 ms. Memory: 1786880K Free: 167644K (9%)
----------------- Invoking toplevel() on ptolemy.moml.MoMLSimpleApplication@28c5022c
----------------- Done invoking toplevel() on ptolemy.moml.MoMLSimpleApplication@28c5022c
reloadAllAccessors: .Uniform

===========================================================================================
----------------- testing Tue Oct 30 02:34:13 UTC 2018 /home/travis/build/icyphy/ptII/ptolemy/actor/lib/test/auto/UnionDisassemblerTest.xml
----------------- Instantiating /home/travis/build/icyphy/ptII/ptolemy/actor/lib/test/auto/UnionDisassemblerTest.xml
6 ms. Memory: 1786880K Free: 146621K (8%)
----------------- Invoking toplevel() on ptolemy.moml.MoMLSimpleApplication@2bfaa0ed
----------------- Done invoking toplevel() on ptolemy.moml.MoMLSimpleApplication@2bfaa0ed
reloadAllAccessors: .UnionDisassemblerTest

===========================================================================================
----------------- testing Tue Oct 30 02:34:13 UTC 2018 /home/travis/build/icyphy/ptII/ptolemy/actor/lib/test/auto/UtilityFunctions.xml
----------------- Instantiating /home/travis/build/icyphy/ptII/ptolemy/actor/lib/test/auto/UtilityFunctions.xml
1 ms. Memory: 1786880K Free: 129919K (7%)
----------------- Invoking toplevel() on ptolemy.moml.MoMLSimpleApplication@575e61b3
----------------- Done invoking toplevel() on ptolemy.moml.MoMLSimpleApplication@575e61b3
reloadAllAccessors: .UtilityFunctions

===========================================================================================
----------------- testing Tue Oct 30 02:34:13 UTC 2018 /home/travis/build/icyphy/ptII/ptolemy/actor/lib/test/auto/VariableSleep.xml
----------------- Instantiating /home/travis/build/icyphy/ptII/ptolemy/actor/lib/test/auto/VariableSleep.xml
508 ms. Memory: 1786880K Free: 108896K (6%)
----------------- Invoking toplevel() on ptolemy.moml.MoMLSimpleApplication@3846233a
----------------- Done invoking toplevel() on ptolemy.moml.MoMLSimpleApplication@3846233a
reloadAllAccessors: .VariableSleep

===========================================================================================
----------------- testing Tue Oct 30 02:34:13 UTC 2018 /home/travis/build/icyphy/ptII/ptolemy/actor/lib/test/auto/VectorAssemblerDisassemblerCT.xml
----------------- Instantiating /home/travis/build/icyphy/ptII/ptolemy/actor/lib/test/auto/VectorAssemblerDisassemblerCT.xml
109 ms. Memory: 1788416K Free: 1728961K (97%)
----------------- Invoking toplevel() on ptolemy.moml.MoMLSimpleApplication@311a617
----------------- Done invoking toplevel() on ptolemy.moml.MoMLSimpleApplication@311a617
reloadAllAccessors: .VectorAssemblerDisassemblerCT

===========================================================================================
----------------- testing Tue Oct 30 02:34:13 UTC 2018 /home/travis/build/icyphy/ptII/ptolemy/actor/lib/test/auto/VectorAssemblerDisassemblerDE.xml
----------------- Instantiating /home/travis/build/icyphy/ptII/ptolemy/actor/lib/test/auto/VectorAssemblerDisassemblerDE.xml
3 ms. Memory: 1788416K Free: 1703813K (95%)
----------------- Invoking toplevel() on ptolemy.moml.MoMLSimpleApplication@595af671
----------------- Done invoking toplevel() on ptolemy.moml.MoMLSimpleApplication@595af671
reloadAllAccessors: .VectorAssemblerDisassemblerDE

===========================================================================================
----------------- testing Tue Oct 30 02:34:13 UTC 2018 /home/travis/build/icyphy/ptII/ptolemy/actor/lib/test/auto/VectorAssemblerDisassemblerSDF.xml
----------------- Instantiating /home/travis/build/icyphy/ptII/ptolemy/actor/lib/test/auto/VectorAssemblerDisassemblerSDF.xml
2 ms. Memory: 1788416K Free: 1683013K (94%)
----------------- Invoking toplevel() on ptolemy.moml.MoMLSimpleApplication@1cd8ce3d
----------------- Done invoking toplevel() on ptolemy.moml.MoMLSimpleApplication@1cd8ce3d
reloadAllAccessors: .VectorAssemblerDisassemblerSDF

===========================================================================================
----------------- testing Tue Oct 30 02:34:13 UTC 2018 /home/travis/build/icyphy/ptII/ptolemy/actor/lib/test/auto/WallClockTime.xml
----------------- Instantiating /home/travis/build/icyphy/ptII/ptolemy/actor/lib/test/auto/WallClockTime.xml
1004 ms. Memory: 1788416K Free: 1666286K (93%)
----------------- Invoking toplevel() on ptolemy.moml.MoMLSimpleApplication@5a4ede2
----------------- Done invoking toplevel() on ptolemy.moml.MoMLSimpleApplication@5a4ede2
reloadAllAccessors: .WallClockTime

===========================================================================================
----------------- testing Tue Oct 30 02:34:14 UTC 2018 /home/travis/build/icyphy/ptII/ptolemy/actor/lib/test/auto/WidthTestWithSubscriberPublisher.xml
----------------- Instantiating /home/travis/build/icyphy/ptII/ptolemy/actor/lib/test/auto/WidthTestWithSubscriberPublisher.xml
7 ms. Memory: 1788416K Free: 1637107K (92%)
----------------- Invoking toplevel() on ptolemy.moml.MoMLSimpleApplication@37f587ad
----------------- Done invoking toplevel() on ptolemy.moml.MoMLSimpleApplication@37f587ad
reloadAllAccessors: .WidthTestWithSubscriberPublisher

===========================================================================================
----------------- testing Tue Oct 30 02:34:15 UTC 2018 /home/travis/build/icyphy/ptII/ptolemy/actor/lib/test/auto/WidthTestWithSubscriberPublisher2.xml
----------------- Instantiating /home/travis/build/icyphy/ptII/ptolemy/actor/lib/test/auto/WidthTestWithSubscriberPublisher2.xml
2 ms. Memory: 1788416K Free: 1616308K (90%)
----------------- Invoking toplevel() on ptolemy.moml.MoMLSimpleApplication@477cf1bc
----------------- Done invoking toplevel() on ptolemy.moml.MoMLSimpleApplication@477cf1bc
reloadAllAccessors: .WidthTestWithSubscriberPublisher2

===========================================================================================
----------------- testing Tue Oct 30 02:34:15 UTC 2018 /home/travis/build/icyphy/ptII/ptolemy/actor/lib/test/auto/WidthTestWithSubscriberPublisher3.xml
----------------- Instantiating /home/travis/build/icyphy/ptII/ptolemy/actor/lib/test/auto/WidthTestWithSubscriberPublisher3.xml
1 ms. Memory: 1788416K Free: 1599581K (89%)
----------------- Invoking toplevel() on ptolemy.moml.MoMLSimpleApplication@261c4fe6
----------------- Done invoking toplevel() on ptolemy.moml.MoMLSimpleApplication@261c4fe6
reloadAllAccessors: .WidthTestWithSubscriberPublisher3

===========================================================================================
----------------- testing Tue Oct 30 02:34:15 UTC 2018 /home/travis/build/icyphy/ptII/ptolemy/actor/lib/test/auto/Writer.xml
----------------- Instantiating /home/travis/build/icyphy/ptII/ptolemy/actor/lib/test/auto/Writer.xml
0
1
2
3
4
1 ms. Memory: 1788416K Free: 1578782K (88%)
----------------- Invoking toplevel() on ptolemy.moml.MoMLSimpleApplication@78b18006
----------------- Done invoking toplevel() on ptolemy.moml.MoMLSimpleApplication@78b18006
reloadAllAccessors: .Writer

===========================================================================================
----------------- testing Tue Oct 30 02:34:15 UTC 2018 /home/travis/build/icyphy/ptII/ptolemy/actor/lib/test/auto/array.xml
----------------- Instantiating /home/travis/build/icyphy/ptII/ptolemy/actor/lib/test/auto/array.xml
2 ms. Memory: 1788416K Free: 1562055K (87%)
----------------- Invoking toplevel() on ptolemy.moml.MoMLSimpleApplication@7f041748
----------------- Done invoking toplevel() on ptolemy.moml.MoMLSimpleApplication@7f041748
reloadAllAccessors: .array

===========================================================================================
----------------- testing Tue Oct 30 02:34:15 UTC 2018 /home/travis/build/icyphy/ptII/ptolemy/actor/lib/test/auto/array2.xml
----------------- Instantiating /home/travis/build/icyphy/ptII/ptolemy/actor/lib/test/auto/array2.xml
2 ms. Memory: 1788416K Free: 1541255K (86%)
----------------- Invoking toplevel() on ptolemy.moml.MoMLSimpleApplication@44a04b7b
----------------- Done invoking toplevel() on ptolemy.moml.MoMLSimpleApplication@44a04b7b
reloadAllAccessors: .array2

===========================================================================================
----------------- testing Tue Oct 30 02:34:15 UTC 2018 /home/travis/build/icyphy/ptII/ptolemy/actor/lib/test/auto/arrayType.xml
----------------- Instantiating /home/travis/build/icyphy/ptII/ptolemy/actor/lib/test/auto/arrayType.xml
6 ms. Memory: 1788416K Free: 1520456K (85%)
----------------- Invoking toplevel() on ptolemy.moml.MoMLSimpleApplication@1147eaad
----------------- Done invoking toplevel() on ptolemy.moml.MoMLSimpleApplication@1147eaad
reloadAllAccessors: .arrayType

===========================================================================================
----------------- testing Tue Oct 30 02:34:15 UTC 2018 /home/travis/build/icyphy/ptII/ptolemy/actor/lib/test/auto/arrayType10.xml
----------------- Instantiating /home/travis/build/icyphy/ptII/ptolemy/actor/lib/test/auto/arrayType10.xml
2 ms. Memory: 1788416K Free: 1503729K (84%)
----------------- Invoking toplevel() on ptolemy.moml.MoMLSimpleApplication@66089833
----------------- Done invoking toplevel() on ptolemy.moml.MoMLSimpleApplication@66089833
reloadAllAccessors: .arrayType10

===========================================================================================
----------------- testing Tue Oct 30 02:34:15 UTC 2018 /home/travis/build/icyphy/ptII/ptolemy/actor/lib/test/auto/arrayType11.xml
----------------- Instantiating /home/travis/build/icyphy/ptII/ptolemy/actor/lib/test/auto/arrayType11.xml
2 ms. Memory: 1788416K Free: 1482930K (83%)
----------------- Invoking toplevel() on ptolemy.moml.MoMLSimpleApplication@56266c8c
----------------- Done invoking toplevel() on ptolemy.moml.MoMLSimpleApplication@56266c8c
reloadAllAccessors: .arrayType11

===========================================================================================
----------------- testing Tue Oct 30 02:34:15 UTC 2018 /home/travis/build/icyphy/ptII/ptolemy/actor/lib/test/auto/arrayType12.xml
----------------- Instantiating /home/travis/build/icyphy/ptII/ptolemy/actor/lib/test/auto/arrayType12.xml
2 ms. Memory: 1788416K Free: 1462130K (82%)
----------------- Invoking toplevel() on ptolemy.moml.MoMLSimpleApplication@22f68891
----------------- Done invoking toplevel() on ptolemy.moml.MoMLSimpleApplication@22f68891
reloadAllAccessors: .arrayType12

===========================================================================================
----------------- testing Tue Oct 30 02:34:15 UTC 2018 /home/travis/build/icyphy/ptII/ptolemy/actor/lib/test/auto/arrayType13.xml
----------------- Instantiating /home/travis/build/icyphy/ptII/ptolemy/actor/lib/test/auto/arrayType13.xml
2 ms. Memory: 1788416K Free: 1445403K (81%)
----------------- Invoking toplevel() on ptolemy.moml.MoMLSimpleApplication@53bd46ae
----------------- Done invoking toplevel() on ptolemy.moml.MoMLSimpleApplication@53bd46ae
reloadAllAccessors: .arrayType13

===========================================================================================
----------------- testing Tue Oct 30 02:34:15 UTC 2018 /home/travis/build/icyphy/ptII/ptolemy/actor/lib/test/auto/arrayType14.xml
----------------- Instantiating /home/travis/build/icyphy/ptII/ptolemy/actor/lib/test/auto/arrayType14.xml
2 ms. Memory: 1788416K Free: 1424604K (80%)
----------------- Invoking toplevel() on ptolemy.moml.MoMLSimpleApplication@68276932
----------------- Done invoking toplevel() on ptolemy.moml.MoMLSimpleApplication@68276932
reloadAllAccessors: .arrayType14

===========================================================================================
----------------- testing Tue Oct 30 02:34:15 UTC 2018 /home/travis/build/icyphy/ptII/ptolemy/actor/lib/test/auto/arrayType15.xml
----------------- Instantiating /home/travis/build/icyphy/ptII/ptolemy/actor/lib/test/auto/arrayType15.xml
1 ms. Memory: 1788416K Free: 1407877K (79%)
----------------- Invoking toplevel() on ptolemy.moml.MoMLSimpleApplication@5a2bc648
----------------- Done invoking toplevel() on ptolemy.moml.MoMLSimpleApplication@5a2bc648
reloadAllAccessors: .arrayType15

===========================================================================================
----------------- testing Tue Oct 30 02:34:15 UTC 2018 /home/travis/build/icyphy/ptII/ptolemy/actor/lib/test/auto/arrayType16.xml
----------------- Instantiating /home/travis/build/icyphy/ptII/ptolemy/actor/lib/test/auto/arrayType16.xml
1 ms. Memory: 1788416K Free: 1387078K (78%)
----------------- Invoking toplevel() on ptolemy.moml.MoMLSimpleApplication@5690649d
----------------- Done invoking toplevel() on ptolemy.moml.MoMLSimpleApplication@5690649d
reloadAllAccessors: .arrayType16

===========================================================================================
----------------- testing Tue Oct 30 02:34:15 UTC 2018 /home/travis/build/icyphy/ptII/ptolemy/actor/lib/test/auto/arrayType17.xml
----------------- Instantiating /home/travis/build/icyphy/ptII/ptolemy/actor/lib/test/auto/arrayType17.xml
1 ms. Memory: 1788416K Free: 1366278K (76%)
----------------- Invoking toplevel() on ptolemy.moml.MoMLSimpleApplication@b3d1c94
----------------- Done invoking toplevel() on ptolemy.moml.MoMLSimpleApplication@b3d1c94
reloadAllAccessors: .arrayType17

===========================================================================================
----------------- testing Tue Oct 30 02:34:15 UTC 2018 /home/travis/build/icyphy/ptII/ptolemy/actor/lib/test/auto/arrayType18.xml
----------------- Instantiating /home/travis/build/icyphy/ptII/ptolemy/actor/lib/test/auto/arrayType18.xml
2 ms. Memory: 1788416K Free: 1349551K (75%)
----------------- Invoking toplevel() on ptolemy.moml.MoMLSimpleApplication@3e6f30dc
----------------- Done invoking toplevel() on ptolemy.moml.MoMLSimpleApplication@3e6f30dc
reloadAllAccessors: .arrayType18

===========================================================================================
----------------- testing Tue Oct 30 02:34:15 UTC 2018 /home/travis/build/icyphy/ptII/ptolemy/actor/lib/test/auto/arrayType19.xml
----------------- Instantiating /home/travis/build/icyphy/ptII/ptolemy/actor/lib/test/auto/arrayType19.xml
1 ms. Memory: 1788416K Free: 1328752K (74%)
----------------- Invoking toplevel() on ptolemy.moml.MoMLSimpleApplication@1c9241ae
----------------- Done invoking toplevel() on ptolemy.moml.MoMLSimpleApplication@1c9241ae
reloadAllAccessors: .arrayType19

===========================================================================================
----------------- testing Tue Oct 30 02:34:15 UTC 2018 /home/travis/build/icyphy/ptII/ptolemy/actor/lib/test/auto/arrayType2.xml
----------------- Instantiating /home/travis/build/icyphy/ptII/ptolemy/actor/lib/test/auto/arrayType2.xml
2 ms. Memory: 1788416K Free: 1307953K (73%)
----------------- Invoking toplevel() on ptolemy.moml.MoMLSimpleApplication@d70fdcc
----------------- Done invoking toplevel() on ptolemy.moml.MoMLSimpleApplication@d70fdcc
reloadAllAccessors: .arrayType2

===========================================================================================
----------------- testing Tue Oct 30 02:34:15 UTC 2018 /home/travis/build/icyphy/ptII/ptolemy/actor/lib/test/auto/arrayType20.xml
----------------- Instantiating /home/travis/build/icyphy/ptII/ptolemy/actor/lib/test/auto/arrayType20.xml
2 ms. Memory: 1788416K Free: 1291226K (72%)
----------------- Invoking toplevel() on ptolemy.moml.MoMLSimpleApplication@6a80a6d1
----------------- Done invoking toplevel() on ptolemy.moml.MoMLSimpleApplication@6a80a6d1
reloadAllAccessors: .arrayType20

===========================================================================================
----------------- testing Tue Oct 30 02:34:15 UTC 2018 /home/travis/build/icyphy/ptII/ptolemy/actor/lib/test/auto/arrayType21.xml
----------------- Instantiating /home/travis/build/icyphy/ptII/ptolemy/actor/lib/test/auto/arrayType21.xml
1 ms. Memory: 1788416K Free: 1270426K (71%)
----------------- Invoking toplevel() on ptolemy.moml.MoMLSimpleApplication@52b8501f
----------------- Done invoking toplevel() on ptolemy.moml.MoMLSimpleApplication@52b8501f
reloadAllAccessors: .arrayType21

===========================================================================================
----------------- testing Tue Oct 30 02:34:15 UTC 2018 /home/travis/build/icyphy/ptII/ptolemy/actor/lib/test/auto/arrayType22.xml
----------------- Instantiating /home/travis/build/icyphy/ptII/ptolemy/actor/lib/test/auto/arrayType22.xml
1 ms. Memory: 1788416K Free: 1249627K (70%)
----------------- Invoking toplevel() on ptolemy.moml.MoMLSimpleApplication@41193a9f
----------------- Done invoking toplevel() on ptolemy.moml.MoMLSimpleApplication@41193a9f
reloadAllAccessors: .arrayType22

===========================================================================================
----------------- testing Tue Oct 30 02:34:15 UTC 2018 /home/travis/build/icyphy/ptII/ptolemy/actor/lib/test/auto/arrayType23.xml
----------------- Instantiating /home/travis/build/icyphy/ptII/ptolemy/actor/lib/test/auto/arrayType23.xml
2 ms. Memory: 1788416K Free: 1232900K (69%)
----------------- Invoking toplevel() on ptolemy.moml.MoMLSimpleApplication@226ef505
----------------- Done invoking toplevel() on ptolemy.moml.MoMLSimpleApplication@226ef505
reloadAllAccessors: .arrayType23

===========================================================================================
----------------- testing Tue Oct 30 02:34:15 UTC 2018 /home/travis/build/icyphy/ptII/ptolemy/actor/lib/test/auto/arrayType24.xml
----------------- Instantiating /home/travis/build/icyphy/ptII/ptolemy/actor/lib/test/auto/arrayType24.xml
1 ms. Memory: 1788416K Free: 1212100K (68%)
----------------- Invoking toplevel() on ptolemy.moml.MoMLSimpleApplication@3575a5d3
----------------- Done invoking toplevel() on ptolemy.moml.MoMLSimpleApplication@3575a5d3
reloadAllAccessors: .arrayType24

===========================================================================================
----------------- testing Tue Oct 30 02:34:15 UTC 2018 /home/travis/build/icyphy/ptII/ptolemy/actor/lib/test/auto/arrayType25.xml
----------------- Instantiating /home/travis/build/icyphy/ptII/ptolemy/actor/lib/test/auto/arrayType25.xml
2 ms. Memory: 1788416K Free: 1195373K (67%)
----------------- Invoking toplevel() on ptolemy.moml.MoMLSimpleApplication@4f7048a0
----------------- Done invoking toplevel() on ptolemy.moml.MoMLSimpleApplication@4f7048a0
reloadAllAccessors: .arrayType25

===========================================================================================
----------------- testing Tue Oct 30 02:34:15 UTC 2018 /home/travis/build/icyphy/ptII/ptolemy/actor/lib/test/auto/arrayType26.xml
----------------- Instantiating /home/travis/build/icyphy/ptII/ptolemy/actor/lib/test/auto/arrayType26.xml
2 ms. Memory: 1788416K Free: 1174574K (66%)
----------------- Invoking toplevel() on ptolemy.moml.MoMLSimpleApplication@29ae82bc
----------------- Done invoking toplevel() on ptolemy.moml.MoMLSimpleApplication@29ae82bc
reloadAllAccessors: .arrayType26

===========================================================================================
----------------- testing Tue Oct 30 02:34:15 UTC 2018 /home/travis/build/icyphy/ptII/ptolemy/actor/lib/test/auto/arrayType27.xml
----------------- Instantiating /home/travis/build/icyphy/ptII/ptolemy/actor/lib/test/auto/arrayType27.xml
1 ms. Memory: 1788416K Free: 1153774K (65%)
----------------- Invoking toplevel() on ptolemy.moml.MoMLSimpleApplication@5869c7ac
----------------- Done invoking toplevel() on ptolemy.moml.MoMLSimpleApplication@5869c7ac
reloadAllAccessors: .arrayType27

===========================================================================================
----------------- testing Tue Oct 30 02:34:15 UTC 2018 /home/travis/build/icyphy/ptII/ptolemy/actor/lib/test/auto/arrayType28.xml
----------------- Instantiating /home/travis/build/icyphy/ptII/ptolemy/actor/lib/test/auto/arrayType28.xml
1 ms. Memory: 1788416K Free: 1137047K (64%)
----------------- Invoking toplevel() on ptolemy.moml.MoMLSimpleApplication@42f98c82
----------------- Done invoking toplevel() on ptolemy.moml.MoMLSimpleApplication@42f98c82
reloadAllAccessors: .arrayType28

===========================================================================================
----------------- testing Tue Oct 30 02:34:15 UTC 2018 /home/travis/build/icyphy/ptII/ptolemy/actor/lib/test/auto/arrayType3.xml
----------------- Instantiating /home/travis/build/icyphy/ptII/ptolemy/actor/lib/test/auto/arrayType3.xml
2 ms. Memory: 1788416K Free: 1116248K (62%)
----------------- Invoking toplevel() on ptolemy.moml.MoMLSimpleApplication@27b4186a
----------------- Done invoking toplevel() on ptolemy.moml.MoMLSimpleApplication@27b4186a
reloadAllAccessors: .arrayType3

===========================================================================================
----------------- testing Tue Oct 30 02:34:15 UTC 2018 /home/travis/build/icyphy/ptII/ptolemy/actor/lib/test/auto/arrayType4.xml
----------------- Instantiating /home/travis/build/icyphy/ptII/ptolemy/actor/lib/test/auto/arrayType4.xml
1 ms. Memory: 1788416K Free: 1095448K (61%)
----------------- Invoking toplevel() on ptolemy.moml.MoMLSimpleApplication@5d13fe41
----------------- Done invoking toplevel() on ptolemy.moml.MoMLSimpleApplication@5d13fe41
reloadAllAccessors: .arrayType4

===========================================================================================
----------------- testing Tue Oct 30 02:34:15 UTC 2018 /home/travis/build/icyphy/ptII/ptolemy/actor/lib/test/auto/arrayType5.xml
----------------- Instantiating /home/travis/build/icyphy/ptII/ptolemy/actor/lib/test/auto/arrayType5.xml
1 ms. Memory: 1788416K Free: 1078721K (60%)
----------------- Invoking toplevel() on ptolemy.moml.MoMLSimpleApplication@37f911b1
----------------- Done invoking toplevel() on ptolemy.moml.MoMLSimpleApplication@37f911b1
reloadAllAccessors: .arrayType5

===========================================================================================
----------------- testing Tue Oct 30 02:34:15 UTC 2018 /home/travis/build/icyphy/ptII/ptolemy/actor/lib/test/auto/arrayType6.xml
----------------- Instantiating /home/travis/build/icyphy/ptII/ptolemy/actor/lib/test/auto/arrayType6.xml
1 ms. Memory: 1788416K Free: 1057922K (59%)
----------------- Invoking toplevel() on ptolemy.moml.MoMLSimpleApplication@7e699921
----------------- Done invoking toplevel() on ptolemy.moml.MoMLSimpleApplication@7e699921
reloadAllAccessors: .arrayType6

===========================================================================================
----------------- testing Tue Oct 30 02:34:15 UTC 2018 /home/travis/build/icyphy/ptII/ptolemy/actor/lib/test/auto/arrayType7.xml
----------------- Instantiating /home/travis/build/icyphy/ptII/ptolemy/actor/lib/test/auto/arrayType7.xml
2 ms. Memory: 1788416K Free: 1041195K (58%)
----------------- Invoking toplevel() on ptolemy.moml.MoMLSimpleApplication@5752327d
----------------- Done invoking toplevel() on ptolemy.moml.MoMLSimpleApplication@5752327d
reloadAllAccessors: .arrayType7

===========================================================================================
----------------- testing Tue Oct 30 02:34:15 UTC 2018 /home/travis/build/icyphy/ptII/ptolemy/actor/lib/test/auto/arrayType8.xml
----------------- Instantiating /home/travis/build/icyphy/ptII/ptolemy/actor/lib/test/auto/arrayType8.xml
1 ms. Memory: 1788416K Free: 1020395K (57%)
----------------- Invoking toplevel() on ptolemy.moml.MoMLSimpleApplication@37e05d29
----------------- Done invoking toplevel() on ptolemy.moml.MoMLSimpleApplication@37e05d29
reloadAllAccessors: .arrayType8

===========================================================================================
----------------- testing Tue Oct 30 02:34:15 UTC 2018 /home/travis/build/icyphy/ptII/ptolemy/actor/lib/test/auto/arrayType9.xml
----------------- Instantiating /home/travis/build/icyphy/ptII/ptolemy/actor/lib/test/auto/arrayType9.xml
2 ms. Memory: 1788416K Free: 999596K (56%)
----------------- Invoking toplevel() on ptolemy.moml.MoMLSimpleApplication@6d5b3d72
----------------- Done invoking toplevel() on ptolemy.moml.MoMLSimpleApplication@6d5b3d72
reloadAllAccessors: .arrayType9

===========================================================================================
----------------- testing Tue Oct 30 02:34:15 UTC 2018 /home/travis/build/icyphy/ptII/ptolemy/actor/lib/test/auto/cast.xml
----------------- Instantiating /home/travis/build/icyphy/ptII/ptolemy/actor/lib/test/auto/cast.xml
1 ms. Memory: 1788416K Free: 982869K (55%)
----------------- Invoking toplevel() on ptolemy.moml.MoMLSimpleApplication@46f0565
----------------- Done invoking toplevel() on ptolemy.moml.MoMLSimpleApplication@46f0565
reloadAllAccessors: .cast

===========================================================================================
----------------- testing Tue Oct 30 02:34:15 UTC 2018 /home/travis/build/icyphy/ptII/ptolemy/actor/lib/test/auto/compositeMultiPort.xml
----------------- Instantiating /home/travis/build/icyphy/ptII/ptolemy/actor/lib/test/auto/compositeMultiPort.xml
3 ms. Memory: 1788416K Free: 962070K (54%)
----------------- Invoking toplevel() on ptolemy.moml.MoMLSimpleApplication@481d49d0
----------------- Done invoking toplevel() on ptolemy.moml.MoMLSimpleApplication@481d49d0
reloadAllAccessors: .compositeMultiPort

===========================================================================================
----------------- testing Tue Oct 30 02:34:15 UTC 2018 /home/travis/build/icyphy/ptII/ptolemy/actor/lib/test/auto/expressionCastInference.xml
----------------- Instantiating /home/travis/build/icyphy/ptII/ptolemy/actor/lib/test/auto/expressionCastInference.xml
3 ms. Memory: 1788416K Free: 941270K (53%)
----------------- Invoking toplevel() on ptolemy.moml.MoMLSimpleApplication@2700331e
----------------- Done invoking toplevel() on ptolemy.moml.MoMLSimpleApplication@2700331e
reloadAllAccessors: .expressionCastInference

===========================================================================================
----------------- testing Tue Oct 30 02:34:15 UTC 2018 /home/travis/build/icyphy/ptII/ptolemy/actor/lib/test/auto/expressionCastInference2.xml
----------------- Instantiating /home/travis/build/icyphy/ptII/ptolemy/actor/lib/test/auto/expressionCastInference2.xml
1 ms. Memory: 1788416K Free: 924543K (52%)
----------------- Invoking toplevel() on ptolemy.moml.MoMLSimpleApplication@70e235fb
----------------- Done invoking toplevel() on ptolemy.moml.MoMLSimpleApplication@70e235fb
reloadAllAccessors: .expressionCastInference2

===========================================================================================
----------------- testing Tue Oct 30 02:34:15 UTC 2018 /home/travis/build/icyphy/ptII/ptolemy/actor/lib/test/auto/expressionInference.xml
----------------- Instantiating /home/travis/build/icyphy/ptII/ptolemy/actor/lib/test/auto/expressionInference.xml
1 ms. Memory: 1788416K Free: 903744K (51%)
----------------- Invoking toplevel() on ptolemy.moml.MoMLSimpleApplication@b15024
----------------- Done invoking toplevel() on ptolemy.moml.MoMLSimpleApplication@b15024
reloadAllAccessors: .expressionInference

===========================================================================================
----------------- testing Tue Oct 30 02:34:15 UTC 2018 /home/travis/build/icyphy/ptII/ptolemy/actor/lib/test/auto/expression_bug.xml
----------------- Instantiating /home/travis/build/icyphy/ptII/ptolemy/actor/lib/test/auto/expression_bug.xml
2 ms. Memory: 1788416K Free: 882945K (49%)
----------------- Invoking toplevel() on ptolemy.moml.MoMLSimpleApplication@cabbf3b
----------------- Done invoking toplevel() on ptolemy.moml.MoMLSimpleApplication@cabbf3b
reloadAllAccessors: .expression_bug

===========================================================================================
----------------- testing Tue Oct 30 02:34:15 UTC 2018 /home/travis/build/icyphy/ptII/ptolemy/actor/lib/test/auto/factorial.xml
----------------- Instantiating /home/travis/build/icyphy/ptII/ptolemy/actor/lib/test/auto/factorial.xml
34 ms. Memory: 1788416K Free: 866217K (48%)
----------------- Invoking toplevel() on ptolemy.moml.MoMLSimpleApplication@1aceaa02
----------------- Done invoking toplevel() on ptolemy.moml.MoMLSimpleApplication@1aceaa02
reloadAllAccessors: .factorial

===========================================================================================
----------------- testing Tue Oct 30 02:34:15 UTC 2018 /home/travis/build/icyphy/ptII/ptolemy/actor/lib/test/auto/filterTest1.xml
----------------- Instantiating /home/travis/build/icyphy/ptII/ptolemy/actor/lib/test/auto/filterTest1.xml
3 ms. Memory: 1788416K Free: 845418K (47%)
----------------- Invoking toplevel() on ptolemy.moml.MoMLSimpleApplication@e7cb379
----------------- Done invoking toplevel() on ptolemy.moml.MoMLSimpleApplication@e7cb379
reloadAllAccessors: .filterTest1

===========================================================================================
----------------- testing Tue Oct 30 02:34:15 UTC 2018 /home/travis/build/icyphy/ptII/ptolemy/actor/lib/test/auto/funcApplyInConst.xml
----------------- Instantiating /home/travis/build/icyphy/ptII/ptolemy/actor/lib/test/auto/funcApplyInConst.xml
1 ms. Memory: 1788416K Free: 828691K (46%)
----------------- Invoking toplevel() on ptolemy.moml.MoMLSimpleApplication@28ca122a
----------------- Done invoking toplevel() on ptolemy.moml.MoMLSimpleApplication@28ca122a
reloadAllAccessors: .funcApplyInConst

===========================================================================================
----------------- testing Tue Oct 30 02:34:15 UTC 2018 /home/travis/build/icyphy/ptII/ptolemy/actor/lib/test/auto/funcApplyInExpr.xml
----------------- Instantiating /home/travis/build/icyphy/ptII/ptolemy/actor/lib/test/auto/funcApplyInExpr.xml
1 ms. Memory: 1788416K Free: 807892K (45%)
----------------- Invoking toplevel() on ptolemy.moml.MoMLSimpleApplication@289f8128
----------------- Done invoking toplevel() on ptolemy.moml.MoMLSimpleApplication@289f8128
reloadAllAccessors: .funcApplyInExpr

===========================================================================================
----------------- testing Tue Oct 30 02:34:15 UTC 2018 /home/travis/build/icyphy/ptII/ptolemy/actor/lib/test/auto/function.xml
----------------- Instantiating /home/travis/build/icyphy/ptII/ptolemy/actor/lib/test/auto/function.xml
1 ms. Memory: 1788416K Free: 787092K (44%)
----------------- Invoking toplevel() on ptolemy.moml.MoMLSimpleApplication@27336937
----------------- Done invoking toplevel() on ptolemy.moml.MoMLSimpleApplication@27336937
reloadAllAccessors: .function

===========================================================================================
----------------- testing Tue Oct 30 02:34:15 UTC 2018 /home/travis/build/icyphy/ptII/ptolemy/actor/lib/test/auto/function2.xml
----------------- Instantiating /home/travis/build/icyphy/ptII/ptolemy/actor/lib/test/auto/function2.xml
2 ms. Memory: 1788416K Free: 770365K (43%)
----------------- Invoking toplevel() on ptolemy.moml.MoMLSimpleApplication@6170675b
----------------- Done invoking toplevel() on ptolemy.moml.MoMLSimpleApplication@6170675b
reloadAllAccessors: .function2

===========================================================================================
----------------- testing Tue Oct 30 02:34:15 UTC 2018 /home/travis/build/icyphy/ptII/ptolemy/actor/lib/test/auto/function3.xml
----------------- Instantiating /home/travis/build/icyphy/ptII/ptolemy/actor/lib/test/auto/function3.xml
3 ms. Memory: 1788416K Free: 749566K (42%)
----------------- Invoking toplevel() on ptolemy.moml.MoMLSimpleApplication@2ad2644
----------------- Done invoking toplevel() on ptolemy.moml.MoMLSimpleApplication@2ad2644
reloadAllAccessors: .function3

===========================================================================================
----------------- testing Tue Oct 30 02:34:15 UTC 2018 /home/travis/build/icyphy/ptII/ptolemy/actor/lib/test/auto/functionClosureTest1.xml
----------------- Instantiating /home/travis/build/icyphy/ptII/ptolemy/actor/lib/test/auto/functionClosureTest1.xml
2 ms. Memory: 1788416K Free: 728767K (41%)
----------------- Invoking toplevel() on ptolemy.moml.MoMLSimpleApplication@6449d0ce
----------------- Done invoking toplevel() on ptolemy.moml.MoMLSimpleApplication@6449d0ce
reloadAllAccessors: .functionClosureTest1

===========================================================================================
----------------- testing Tue Oct 30 02:34:15 UTC 2018 /home/travis/build/icyphy/ptII/ptolemy/actor/lib/test/auto/functionClosureTest2.xml
----------------- Instantiating /home/travis/build/icyphy/ptII/ptolemy/actor/lib/test/auto/functionClosureTest2.xml
1 ms. Memory: 1788416K Free: 712040K (40%)
----------------- Invoking toplevel() on ptolemy.moml.MoMLSimpleApplication@62e1b29e
----------------- Done invoking toplevel() on ptolemy.moml.MoMLSimpleApplication@62e1b29e
reloadAllAccessors: .functionClosureTest2

===========================================================================================
----------------- testing Tue Oct 30 02:34:15 UTC 2018 /home/travis/build/icyphy/ptII/ptolemy/actor/lib/test/auto/functionClosureTest3.xml
----------------- Instantiating /home/travis/build/icyphy/ptII/ptolemy/actor/lib/test/auto/functionClosureTest3.xml
1 ms. Memory: 1788416K Free: 691240K (39%)
----------------- Invoking toplevel() on ptolemy.moml.MoMLSimpleApplication@3d1dc0e8
----------------- Done invoking toplevel() on ptolemy.moml.MoMLSimpleApplication@3d1dc0e8
reloadAllAccessors: .functionClosureTest3

===========================================================================================
----------------- testing Tue Oct 30 02:34:15 UTC 2018 /home/travis/build/icyphy/ptII/ptolemy/actor/lib/test/auto/functionClosureTest4.xml
----------------- Instantiating /home/travis/build/icyphy/ptII/ptolemy/actor/lib/test/auto/functionClosureTest4.xml
2 ms. Memory: 1788416K Free: 670441K (37%)
----------------- Invoking toplevel() on ptolemy.moml.MoMLSimpleApplication@77fb88b
----------------- Done invoking toplevel() on ptolemy.moml.MoMLSimpleApplication@77fb88b
reloadAllAccessors: .functionClosureTest4

===========================================================================================
----------------- testing Tue Oct 30 02:34:15 UTC 2018 /home/travis/build/icyphy/ptII/ptolemy/actor/lib/test/auto/functionClosureTest5.xml
----------------- Instantiating /home/travis/build/icyphy/ptII/ptolemy/actor/lib/test/auto/functionClosureTest5.xml
3 ms. Memory: 1788416K Free: 653714K (37%)
----------------- Invoking toplevel() on ptolemy.moml.MoMLSimpleApplication@4cc6c88c
----------------- Done invoking toplevel() on ptolemy.moml.MoMLSimpleApplication@4cc6c88c
reloadAllAccessors: .functionClosureTest5

===========================================================================================
----------------- testing Tue Oct 30 02:34:15 UTC 2018 /home/travis/build/icyphy/ptII/ptolemy/actor/lib/test/auto/functionClosureTest6.xml
----------------- Instantiating /home/travis/build/icyphy/ptII/ptolemy/actor/lib/test/auto/functionClosureTest6.xml
2 ms. Memory: 1788416K Free: 632914K (35%)
----------------- Invoking toplevel() on ptolemy.moml.MoMLSimpleApplication@41d439a2
----------------- Done invoking toplevel() on ptolemy.moml.MoMLSimpleApplication@41d439a2
reloadAllAccessors: .functionClosureTest6

===========================================================================================
----------------- testing Tue Oct 30 02:34:15 UTC 2018 /home/travis/build/icyphy/ptII/ptolemy/actor/lib/test/auto/functionsOnArcs.xml
----------------- Instantiating /home/travis/build/icyphy/ptII/ptolemy/actor/lib/test/auto/functionsOnArcs.xml
2 ms. Memory: 1788416K Free: 616187K (34%)
----------------- Invoking toplevel() on ptolemy.moml.MoMLSimpleApplication@1f9e6f52
----------------- Done invoking toplevel() on ptolemy.moml.MoMLSimpleApplication@1f9e6f52
reloadAllAccessors: .functionsOnArcs

===========================================================================================
----------------- testing Tue Oct 30 02:34:15 UTC 2018 /home/travis/build/icyphy/ptII/ptolemy/actor/lib/test/auto/functionsOnArcsHOF.xml
----------------- Instantiating /home/travis/build/icyphy/ptII/ptolemy/actor/lib/test/auto/functionsOnArcsHOF.xml
3 ms. Memory: 1788416K Free: 595388K (33%)
----------------- Invoking toplevel() on ptolemy.moml.MoMLSimpleApplication@424179d1
----------------- Done invoking toplevel() on ptolemy.moml.MoMLSimpleApplication@424179d1
reloadAllAccessors: .functionsOnArcsHOF

===========================================================================================
----------------- testing Tue Oct 30 02:34:15 UTC 2018 /home/travis/build/icyphy/ptII/ptolemy/actor/lib/test/auto/logic.xml
----------------- Instantiating /home/travis/build/icyphy/ptII/ptolemy/actor/lib/test/auto/logic.xml
2 ms. Memory: 1788416K Free: 574588K (32%)
----------------- Invoking toplevel() on ptolemy.moml.MoMLSimpleApplication@5381bc8
----------------- Done invoking toplevel() on ptolemy.moml.MoMLSimpleApplication@5381bc8
reloadAllAccessors: .logic

===========================================================================================
----------------- testing Tue Oct 30 02:34:15 UTC 2018 /home/travis/build/icyphy/ptII/ptolemy/actor/lib/test/auto/matrixType.xml
----------------- Instantiating /home/travis/build/icyphy/ptII/ptolemy/actor/lib/test/auto/matrixType.xml
1 ms. Memory: 1788416K Free: 557861K (31%)
----------------- Invoking toplevel() on ptolemy.moml.MoMLSimpleApplication@7eea7441
----------------- Done invoking toplevel() on ptolemy.moml.MoMLSimpleApplication@7eea7441
reloadAllAccessors: .matrixType

===========================================================================================
----------------- testing Tue Oct 30 02:34:16 UTC 2018 /home/travis/build/icyphy/ptII/ptolemy/actor/lib/test/auto/matrixType10.xml
----------------- Instantiating /home/travis/build/icyphy/ptII/ptolemy/actor/lib/test/auto/matrixType10.xml
1 ms. Memory: 1788416K Free: 537062K (30%)
----------------- Invoking toplevel() on ptolemy.moml.MoMLSimpleApplication@2fd8b0e4
----------------- Done invoking toplevel() on ptolemy.moml.MoMLSimpleApplication@2fd8b0e4
reloadAllAccessors: .matrixType10

===========================================================================================
----------------- testing Tue Oct 30 02:34:16 UTC 2018 /home/travis/build/icyphy/ptII/ptolemy/actor/lib/test/auto/matrixType11.xml
----------------- Instantiating /home/travis/build/icyphy/ptII/ptolemy/actor/lib/test/auto/matrixType11.xml
1 ms. Memory: 1788416K Free: 516262K (29%)
----------------- Invoking toplevel() on ptolemy.moml.MoMLSimpleApplication@46c09561
----------------- Done invoking toplevel() on ptolemy.moml.MoMLSimpleApplication@46c09561
reloadAllAccessors: .matrixType11

===========================================================================================
----------------- testing Tue Oct 30 02:34:16 UTC 2018 /home/travis/build/icyphy/ptII/ptolemy/actor/lib/test/auto/matrixType12.xml
----------------- Instantiating /home/travis/build/icyphy/ptII/ptolemy/actor/lib/test/auto/matrixType12.xml
1 ms. Memory: 1788416K Free: 499535K (28%)
----------------- Invoking toplevel() on ptolemy.moml.MoMLSimpleApplication@4bdc9631
----------------- Done invoking toplevel() on ptolemy.moml.MoMLSimpleApplication@4bdc9631
reloadAllAccessors: .matrixType12

===========================================================================================
----------------- testing Tue Oct 30 02:34:16 UTC 2018 /home/travis/build/icyphy/ptII/ptolemy/actor/lib/test/auto/matrixType13.xml
----------------- Instantiating /home/travis/build/icyphy/ptII/ptolemy/actor/lib/test/auto/matrixType13.xml
1 ms. Memory: 1788416K Free: 478736K (27%)
----------------- Invoking toplevel() on ptolemy.moml.MoMLSimpleApplication@14cf4c33
----------------- Done invoking toplevel() on ptolemy.moml.MoMLSimpleApplication@14cf4c33
reloadAllAccessors: .matrixType13

===========================================================================================
----------------- testing Tue Oct 30 02:34:16 UTC 2018 /home/travis/build/icyphy/ptII/ptolemy/actor/lib/test/auto/matrixType14.xml
----------------- Instantiating /home/travis/build/icyphy/ptII/ptolemy/actor/lib/test/auto/matrixType14.xml
1 ms. Memory: 1788416K Free: 457937K (26%)
----------------- Invoking toplevel() on ptolemy.moml.MoMLSimpleApplication@417656c7
----------------- Done invoking toplevel() on ptolemy.moml.MoMLSimpleApplication@417656c7
reloadAllAccessors: .matrixType14

===========================================================================================
----------------- testing Tue Oct 30 02:34:16 UTC 2018 /home/travis/build/icyphy/ptII/ptolemy/actor/lib/test/auto/matrixType2.xml
----------------- Instantiating /home/travis/build/icyphy/ptII/ptolemy/actor/lib/test/auto/matrixType2.xml
1 ms. Memory: 1788416K Free: 441209K (25%)
----------------- Invoking toplevel() on ptolemy.moml.MoMLSimpleApplication@1622e1e7
----------------- Done invoking toplevel() on ptolemy.moml.MoMLSimpleApplication@1622e1e7
reloadAllAccessors: .matrixType2

===========================================================================================
----------------- testing Tue Oct 30 02:34:16 UTC 2018 /home/travis/build/icyphy/ptII/ptolemy/actor/lib/test/auto/matrixType3.xml
----------------- Instantiating /home/travis/build/icyphy/ptII/ptolemy/actor/lib/test/auto/matrixType3.xml
1 ms. Memory: 1788416K Free: 420410K (24%)
----------------- Invoking toplevel() on ptolemy.moml.MoMLSimpleApplication@6e5a3e71
----------------- Done invoking toplevel() on ptolemy.moml.MoMLSimpleApplication@6e5a3e71
reloadAllAccessors: .matrixType3

===========================================================================================
----------------- testing Tue Oct 30 02:34:16 UTC 2018 /home/travis/build/icyphy/ptII/ptolemy/actor/lib/test/auto/matrixType4.xml
----------------- Instantiating /home/travis/build/icyphy/ptII/ptolemy/actor/lib/test/auto/matrixType4.xml
1 ms. Memory: 1788416K Free: 403683K (23%)
----------------- Invoking toplevel() on ptolemy.moml.MoMLSimpleApplication@6b05dfd4
----------------- Done invoking toplevel() on ptolemy.moml.MoMLSimpleApplication@6b05dfd4
reloadAllAccessors: .matrixType4

===========================================================================================
----------------- testing Tue Oct 30 02:34:16 UTC 2018 /home/travis/build/icyphy/ptII/ptolemy/actor/lib/test/auto/matrixType5.xml
----------------- Instantiating /home/travis/build/icyphy/ptII/ptolemy/actor/lib/test/auto/matrixType5.xml
2 ms. Memory: 1788416K Free: 382883K (21%)
----------------- Invoking toplevel() on ptolemy.moml.MoMLSimpleApplication@3740dad6
----------------- Done invoking toplevel() on ptolemy.moml.MoMLSimpleApplication@3740dad6
reloadAllAccessors: .matrixType5

===========================================================================================
----------------- testing Tue Oct 30 02:34:16 UTC 2018 /home/travis/build/icyphy/ptII/ptolemy/actor/lib/test/auto/matrixType6.xml
----------------- Instantiating /home/travis/build/icyphy/ptII/ptolemy/actor/lib/test/auto/matrixType6.xml
1 ms. Memory: 1788416K Free: 362084K (20%)
----------------- Invoking toplevel() on ptolemy.moml.MoMLSimpleApplication@65a6db4b
----------------- Done invoking toplevel() on ptolemy.moml.MoMLSimpleApplication@65a6db4b
reloadAllAccessors: .matrixType6

===========================================================================================
----------------- testing Tue Oct 30 02:34:16 UTC 2018 /home/travis/build/icyphy/ptII/ptolemy/actor/lib/test/auto/matrixType7.xml
----------------- Instantiating /home/travis/build/icyphy/ptII/ptolemy/actor/lib/test/auto/matrixType7.xml
1 ms. Memory: 1788416K Free: 345357K (19%)
----------------- Invoking toplevel() on ptolemy.moml.MoMLSimpleApplication@4b7f77fc
----------------- Done invoking toplevel() on ptolemy.moml.MoMLSimpleApplication@4b7f77fc
reloadAllAccessors: .matrixType7

===========================================================================================
----------------- testing Tue Oct 30 02:34:16 UTC 2018 /home/travis/build/icyphy/ptII/ptolemy/actor/lib/test/auto/matrixType8.xml
----------------- Instantiating /home/travis/build/icyphy/ptII/ptolemy/actor/lib/test/auto/matrixType8.xml
1 ms. Memory: 1788416K Free: 324558K (18%)
----------------- Invoking toplevel() on ptolemy.moml.MoMLSimpleApplication@176f6bdb
----------------- Done invoking toplevel() on ptolemy.moml.MoMLSimpleApplication@176f6bdb
reloadAllAccessors: .matrixType8

===========================================================================================
----------------- testing Tue Oct 30 02:34:16 UTC 2018 /home/travis/build/icyphy/ptII/ptolemy/actor/lib/test/auto/matrixType9.xml
----------------- Instantiating /home/travis/build/icyphy/ptII/ptolemy/actor/lib/test/auto/matrixType9.xml
2 ms. Memory: 1788416K Free: 303758K (17%)
----------------- Invoking toplevel() on ptolemy.moml.MoMLSimpleApplication@5b7c7688
----------------- Done invoking toplevel() on ptolemy.moml.MoMLSimpleApplication@5b7c7688
reloadAllAccessors: .matrixType9

===========================================================================================
----------------- testing Tue Oct 30 02:34:16 UTC 2018 /home/travis/build/icyphy/ptII/ptolemy/actor/lib/test/auto/paraFunctest.xml
----------------- Instantiating /home/travis/build/icyphy/ptII/ptolemy/actor/lib/test/auto/paraFunctest.xml
1 ms. Memory: 1788416K Free: 287031K (16%)
----------------- Invoking toplevel() on ptolemy.moml.MoMLSimpleApplication@dec9d08
----------------- Done invoking toplevel() on ptolemy.moml.MoMLSimpleApplication@dec9d08
reloadAllAccessors: .paraFunctest

===========================================================================================
----------------- testing Tue Oct 30 02:34:16 UTC 2018 /home/travis/build/icyphy/ptII/ptolemy/actor/lib/test/auto/paraFunctest2.xml
----------------- Instantiating /home/travis/build/icyphy/ptII/ptolemy/actor/lib/test/auto/paraFunctest2.xml
1 ms. Memory: 1788416K Free: 266232K (15%)
----------------- Invoking toplevel() on ptolemy.moml.MoMLSimpleApplication@76ac73aa
----------------- Done invoking toplevel() on ptolemy.moml.MoMLSimpleApplication@76ac73aa
reloadAllAccessors: .paraFunctest2

===========================================================================================
----------------- testing Tue Oct 30 02:34:16 UTC 2018 /home/travis/build/icyphy/ptII/ptolemy/actor/lib/test/auto/parameterPassing.xml
----------------- Instantiating /home/travis/build/icyphy/ptII/ptolemy/actor/lib/test/auto/parameterPassing.xml
1 ms. Memory: 1788416K Free: 245432K (14%)
----------------- Invoking toplevel() on ptolemy.moml.MoMLSimpleApplication@5c64387b
----------------- Done invoking toplevel() on ptolemy.moml.MoMLSimpleApplication@5c64387b
reloadAllAccessors: .parameterPassing

===========================================================================================
----------------- testing Tue Oct 30 02:34:16 UTC 2018 /home/travis/build/icyphy/ptII/ptolemy/actor/lib/test/auto/record.xml
----------------- Instantiating /home/travis/build/icyphy/ptII/ptolemy/actor/lib/test/auto/record.xml
1 ms. Memory: 1788416K Free: 228705K (13%)
----------------- Invoking toplevel() on ptolemy.moml.MoMLSimpleApplication@510409c4
----------------- Done invoking toplevel() on ptolemy.moml.MoMLSimpleApplication@510409c4
reloadAllAccessors: .record

===========================================================================================
----------------- testing Tue Oct 30 02:34:16 UTC 2018 /home/travis/build/icyphy/ptII/ptolemy/actor/lib/test/auto/sizedarray1.xml
----------------- Instantiating /home/travis/build/icyphy/ptII/ptolemy/actor/lib/test/auto/sizedarray1.xml
1 ms. Memory: 1788416K Free: 207906K (12%)
----------------- Invoking toplevel() on ptolemy.moml.MoMLSimpleApplication@19821a2a
----------------- Done invoking toplevel() on ptolemy.moml.MoMLSimpleApplication@19821a2a
reloadAllAccessors: .sizedarray1

===========================================================================================
----------------- testing Tue Oct 30 02:34:16 UTC 2018 /home/travis/build/icyphy/ptII/ptolemy/actor/lib/test/auto/sizedarray2.xml
----------------- Instantiating /home/travis/build/icyphy/ptII/ptolemy/actor/lib/test/auto/sizedarray2.xml
2 ms. Memory: 1788416K Free: 187106K (10%)
----------------- Invoking toplevel() on ptolemy.moml.MoMLSimpleApplication@65c73ff
----------------- Done invoking toplevel() on ptolemy.moml.MoMLSimpleApplication@65c73ff
reloadAllAccessors: .sizedarray2

===========================================================================================
----------------- testing Tue Oct 30 02:34:16 UTC 2018 /home/travis/build/icyphy/ptII/ptolemy/actor/lib/test/auto/twoPublishers.xml
----------------- Instantiating /home/travis/build/icyphy/ptII/ptolemy/actor/lib/test/auto/twoPublishers.xml
2 ms. Memory: 1788416K Free: 162000K (9%)
----------------- Invoking toplevel() on ptolemy.moml.MoMLSimpleApplication@703e5105
----------------- Done invoking toplevel() on ptolemy.moml.MoMLSimpleApplication@703e5105
reloadAllAccessors: .twoPublishers
AutoTests.java: About to close Vertx.
AutoTests.java: Vertx closed.
]]></system-out>
  <system-err><![CDATA[java.lang.RuntimeException: Execution failed
	at ptolemy.moml.MoMLSimpleApplication$UnloadThread.run(MoMLSimpleApplication.java:402)
Caused by: java.lang.RuntimeException: Normally, we would exit here because Manager.exitAfterWrapup() was called.  However, because the ptolemy.ptII.exitAfterWrapup property is set, we throw this exception instead.
	at ptolemy.util.StringUtilities.exit(StringUtilities.java:363)
	at ptolemy.actor.Manager.wrapup(Manager.java:1531)
	at ptolemy.actor.Manager.execute(Manager.java:407)
	at ptolemy.actor.Manager.run(Manager.java:1263)
	at ptolemy.actor.Manager$PtolemyRunThread.run(Manager.java:1915)
Warning: '.top.test' is in training mode, set the trainingMode parameter to false before checking in
Warning: '.top.test' is in training mode, set the trainingMode parameter to false before checking in
Warning: '.top.test' is in training mode, set the trainingMode parameter to false before checking in
Warning: '.BooleanSwitch_RegressionTest_WrongTrainingValues.Test' is in training mode, set the trainingMode parameter to false before checking in
Warning: '.BooleanSwitch_RegressionTest_WrongTrainingValues.Test2' is in training mode, set the trainingMode parameter to false before checking in
Warning: '.BooleanSwitch_RegressionTest_WrongTrainingValues.Test2' The test produced 0 tokens.
Warning: '.top.testExceptionHandler' is in training mode, set the trainingMode parameter to false before checking in
java.lang.RuntimeException: Execution failed
	at ptolemy.moml.MoMLSimpleApplication$UnloadThread.run(MoMLSimpleApplication.java:402)
Caused by: ptolemy.kernel.util.IllegalActionException: PublisherPorts cannot be used at the top level, use a Publisher actor instead.
  in .PublisherPortToplevelSubscriber.PublisherPort
	at ptolemy.actor.PublisherPort.preinitialize(PublisherPort.java:403)
	at ptolemy.actor.CompositeActor.preinitialize(CompositeActor.java:1769)
	at ptolemy.actor.Manager.preinitializeAndResolveTypes(Manager.java:1040)
	at ptolemy.actor.Manager.initialize(Manager.java:710)
	at ptolemy.actor.Manager.execute(Manager.java:356)
	at ptolemy.actor.Manager.run(Manager.java:1263)
	at ptolemy.actor.Manager$PtolemyRunThread.run(Manager.java:1915)
java.lang.reflect.InvocationTargetException
	at sun.reflect.NativeConstructorAccessorImpl.newInstance0(Native Method)
	at sun.reflect.NativeConstructorAccessorImpl.newInstance(NativeConstructorAccessorImpl.java:62)
	at sun.reflect.DelegatingConstructorAccessorImpl.newInstance(DelegatingConstructorAccessorImpl.java:45)
	at java.lang.reflect.Constructor.newInstance(Constructor.java:423)
	at ptolemy.util.test.junit.AutoKnownFailedTests.RunModel(AutoKnownFailedTests.java:105)
	at sun.reflect.NativeMethodAccessorImpl.invoke0(Native Method)
	at sun.reflect.NativeMethodAccessorImpl.invoke(NativeMethodAccessorImpl.java:62)
	at sun.reflect.DelegatingMethodAccessorImpl.invoke(DelegatingMethodAccessorImpl.java:43)
	at java.lang.reflect.Method.invoke(Method.java:498)
	at org.junit.runners.model.FrameworkMethod$1.runReflectiveCall(FrameworkMethod.java:44)
	at org.junit.internal.runners.model.ReflectiveCallable.run(ReflectiveCallable.java:15)
	at org.junit.runners.model.FrameworkMethod.invokeExplosively(FrameworkMethod.java:41)
	at junitparams.internal.InvokeParameterisedMethod.evaluate(InvokeParameterisedMethod.java:102)
	at org.junit.internal.runners.statements.FailOnTimeout$1.run(FailOnTimeout.java:28)
Caused by: ptolemy.kernel.util.IllegalActionException: PublisherPorts cannot be used at the top level, use a Publisher actor instead.
  in .PublisherPortToplevelSubscriber.PublisherPort
	at ptolemy.actor.PublisherPort.preinitialize(PublisherPort.java:403)
	at ptolemy.actor.CompositeActor.preinitialize(CompositeActor.java:1769)
	at ptolemy.actor.Manager.preinitializeAndResolveTypes(Manager.java:1040)
	at ptolemy.actor.Manager.initialize(Manager.java:710)
	at ptolemy.actor.Manager.execute(Manager.java:356)
	at ptolemy.actor.Manager.run(Manager.java:1263)
	at ptolemy.actor.Manager$PtolemyRunThread.run(Manager.java:1915)
java.lang.RuntimeException: Execution failed
	at ptolemy.moml.MoMLSimpleApplication$UnloadThread.run(MoMLSimpleApplication.java:402)
Caused by: ptolemy.kernel.util.IllegalActionException: SubscriberPorts cannot be used at the top level, use a Subscriber actor instead.
  in .PublisherSubscriberPortToplevel.SubscriberPort
	at ptolemy.actor.SubscriberPort.preinitialize(SubscriberPort.java:328)
	at ptolemy.actor.CompositeActor.preinitialize(CompositeActor.java:1769)
	at ptolemy.actor.Manager.preinitializeAndResolveTypes(Manager.java:1040)
	at ptolemy.actor.Manager.initialize(Manager.java:710)
	at ptolemy.actor.Manager.execute(Manager.java:356)
	at ptolemy.actor.Manager.run(Manager.java:1263)
	at ptolemy.actor.Manager$PtolemyRunThread.run(Manager.java:1915)
java.lang.reflect.InvocationTargetException
	at sun.reflect.NativeConstructorAccessorImpl.newInstance0(Native Method)
	at sun.reflect.NativeConstructorAccessorImpl.newInstance(NativeConstructorAccessorImpl.java:62)
	at sun.reflect.DelegatingConstructorAccessorImpl.newInstance(DelegatingConstructorAccessorImpl.java:45)
	at java.lang.reflect.Constructor.newInstance(Constructor.java:423)
	at ptolemy.util.test.junit.AutoKnownFailedTests.RunModel(AutoKnownFailedTests.java:105)
	at sun.reflect.NativeMethodAccessorImpl.invoke0(Native Method)
	at sun.reflect.NativeMethodAccessorImpl.invoke(NativeMethodAccessorImpl.java:62)
	at sun.reflect.DelegatingMethodAccessorImpl.invoke(DelegatingMethodAccessorImpl.java:43)
	at java.lang.reflect.Method.invoke(Method.java:498)
	at org.junit.runners.model.FrameworkMethod$1.runReflectiveCall(FrameworkMethod.java:44)
	at org.junit.internal.runners.model.ReflectiveCallable.run(ReflectiveCallable.java:15)
	at org.junit.runners.model.FrameworkMethod.invokeExplosively(FrameworkMethod.java:41)
	at junitparams.internal.InvokeParameterisedMethod.evaluate(InvokeParameterisedMethod.java:102)
	at org.junit.internal.runners.statements.FailOnTimeout$1.run(FailOnTimeout.java:28)
Caused by: ptolemy.kernel.util.IllegalActionException: SubscriberPorts cannot be used at the top level, use a Subscriber actor instead.
  in .PublisherSubscriberPortToplevel.SubscriberPort
	at ptolemy.actor.SubscriberPort.preinitialize(SubscriberPort.java:328)
	at ptolemy.actor.CompositeActor.preinitialize(CompositeActor.java:1769)
	at ptolemy.actor.Manager.preinitializeAndResolveTypes(Manager.java:1040)
	at ptolemy.actor.Manager.initialize(Manager.java:710)
	at ptolemy.actor.Manager.execute(Manager.java:356)
	at ptolemy.actor.Manager.run(Manager.java:1263)
	at ptolemy.actor.Manager$PtolemyRunThread.run(Manager.java:1915)
java.lang.RuntimeException: Execution failed
	at ptolemy.moml.MoMLSimpleApplication$UnloadThread.run(MoMLSimpleApplication.java:402)
Caused by: ptolemy.kernel.util.IllegalActionException: SubscriptionAggregatorPorts cannot be used at the top level, use a SubscriptionAggregator actor instead.
  in .PublisherSubscriptionAggregatorPort.SubscriptionAggregatorPort
	at ptolemy.actor.SubscriptionAggregatorPort.preinitialize(SubscriptionAggregatorPort.java:353)
	at ptolemy.actor.CompositeActor.preinitialize(CompositeActor.java:1769)
	at ptolemy.actor.Manager.preinitializeAndResolveTypes(Manager.java:1040)
	at ptolemy.actor.Manager.initialize(Manager.java:710)
	at ptolemy.actor.Manager.execute(Manager.java:356)
	at ptolemy.actor.Manager.run(Manager.java:1263)
	at ptolemy.actor.Manager$PtolemyRunThread.run(Manager.java:1915)
java.lang.reflect.InvocationTargetException
	at sun.reflect.NativeConstructorAccessorImpl.newInstance0(Native Method)
	at sun.reflect.NativeConstructorAccessorImpl.newInstance(NativeConstructorAccessorImpl.java:62)
	at sun.reflect.DelegatingConstructorAccessorImpl.newInstance(DelegatingConstructorAccessorImpl.java:45)
	at java.lang.reflect.Constructor.newInstance(Constructor.java:423)
	at ptolemy.util.test.junit.AutoKnownFailedTests.RunModel(AutoKnownFailedTests.java:105)
	at sun.reflect.NativeMethodAccessorImpl.invoke0(Native Method)
	at sun.reflect.NativeMethodAccessorImpl.invoke(NativeMethodAccessorImpl.java:62)
	at sun.reflect.DelegatingMethodAccessorImpl.invoke(DelegatingMethodAccessorImpl.java:43)
	at java.lang.reflect.Method.invoke(Method.java:498)
	at org.junit.runners.model.FrameworkMethod$1.runReflectiveCall(FrameworkMethod.java:44)
	at org.junit.internal.runners.model.ReflectiveCallable.run(ReflectiveCallable.java:15)
	at org.junit.runners.model.FrameworkMethod.invokeExplosively(FrameworkMethod.java:41)
	at junitparams.internal.InvokeParameterisedMethod.evaluate(InvokeParameterisedMethod.java:102)
	at org.junit.internal.runners.statements.FailOnTimeout$1.run(FailOnTimeout.java:28)
Caused by: ptolemy.kernel.util.IllegalActionException: SubscriptionAggregatorPorts cannot be used at the top level, use a SubscriptionAggregator actor instead.
  in .PublisherSubscriptionAggregatorPort.SubscriptionAggregatorPort
	at ptolemy.actor.SubscriptionAggregatorPort.preinitialize(SubscriptionAggregatorPort.java:353)
	at ptolemy.actor.CompositeActor.preinitialize(CompositeActor.java:1769)
	at ptolemy.actor.Manager.preinitializeAndResolveTypes(Manager.java:1040)
	at ptolemy.actor.Manager.initialize(Manager.java:710)
	at ptolemy.actor.Manager.execute(Manager.java:356)
	at ptolemy.actor.Manager.run(Manager.java:1263)
	at ptolemy.actor.Manager$PtolemyRunThread.run(Manager.java:1915)
java.lang.RuntimeException: Execution failed
	at ptolemy.moml.MoMLSimpleApplication$UnloadThread.run(MoMLSimpleApplication.java:402)
Caused by: ptolemy.kernel.util.IllegalActionException: TypeTest actor has no training data.
  in .sizedarray3.TypeTest
	at ptolemy.actor.lib.TypeTest.initialize(TypeTest.java:250)
	at ptolemy.actor.Director.initialize(Director.java:938)
	at ptolemy.actor.Director.initialize(Director.java:907)
	at ptolemy.actor.sched.StaticSchedulingDirector.initialize(StaticSchedulingDirector.java:159)
	at ptolemy.domains.sdf.kernel.SDFDirector.initialize(SDFDirector.java:544)
	at ptolemy.actor.CompositeActor.initialize(CompositeActor.java:935)
	at ptolemy.actor.Manager.initialize(Manager.java:724)
	at ptolemy.actor.Manager.execute(Manager.java:356)
	at ptolemy.actor.Manager.run(Manager.java:1263)
	at ptolemy.actor.Manager$PtolemyRunThread.run(Manager.java:1915)
java.lang.reflect.InvocationTargetException
	at sun.reflect.NativeConstructorAccessorImpl.newInstance0(Native Method)
	at sun.reflect.NativeConstructorAccessorImpl.newInstance(NativeConstructorAccessorImpl.java:62)
	at sun.reflect.DelegatingConstructorAccessorImpl.newInstance(DelegatingConstructorAccessorImpl.java:45)
	at java.lang.reflect.Constructor.newInstance(Constructor.java:423)
	at ptolemy.util.test.junit.AutoKnownFailedTests.RunModel(AutoKnownFailedTests.java:105)
	at sun.reflect.NativeMethodAccessorImpl.invoke0(Native Method)
	at sun.reflect.NativeMethodAccessorImpl.invoke(NativeMethodAccessorImpl.java:62)
	at sun.reflect.DelegatingMethodAccessorImpl.invoke(DelegatingMethodAccessorImpl.java:43)
	at java.lang.reflect.Method.invoke(Method.java:498)
	at org.junit.runners.model.FrameworkMethod$1.runReflectiveCall(FrameworkMethod.java:44)
	at org.junit.internal.runners.model.ReflectiveCallable.run(ReflectiveCallable.java:15)
	at org.junit.runners.model.FrameworkMethod.invokeExplosively(FrameworkMethod.java:41)
	at junitparams.internal.InvokeParameterisedMethod.evaluate(InvokeParameterisedMethod.java:102)
	at org.junit.internal.runners.statements.FailOnTimeout$1.run(FailOnTimeout.java:28)
Caused by: ptolemy.kernel.util.IllegalActionException: TypeTest actor has no training data.
  in .sizedarray3.TypeTest
	at ptolemy.actor.lib.TypeTest.initialize(TypeTest.java:250)
	at ptolemy.actor.Director.initialize(Director.java:938)
	at ptolemy.actor.Director.initialize(Director.java:907)
	at ptolemy.actor.sched.StaticSchedulingDirector.initialize(StaticSchedulingDirector.java:159)
	at ptolemy.domains.sdf.kernel.SDFDirector.initialize(SDFDirector.java:544)
	at ptolemy.actor.CompositeActor.initialize(CompositeActor.java:935)
	at ptolemy.actor.Manager.initialize(Manager.java:724)
	at ptolemy.actor.Manager.execute(Manager.java:356)
	at ptolemy.actor.Manager.run(Manager.java:1263)
	at ptolemy.actor.Manager$PtolemyRunThread.run(Manager.java:1915)
]]></system-err>
</testsuite>
