<?xml version="1.0" encoding="UTF-8" ?>
<testsuite errors="0" failures="1" hostname="travis-job-a564c0a0-97bb-41d1-8927-2754a372cb92" name="ptolemy.actor.lib.test.junit.JUnitTclTest" skipped="0" tests="517" time="64.789" timestamp="2019-07-18T13:41:44">
  <properties>
    <property name="npm.executable" value="npm" />
    <property name="env.TRAVIS_ROOT" value="/" />
    <property name="ptII.mk.exists" value="true" />
    <property name="env.TRAVIS_APP_HOST" value="build.travis-ci.org" />
    <property name="env.rvm_bin_path" value="/home/travis/.rvm/bin" />
    <property name="java.home" value="/usr/local/lib/jvm/openjdk11" />
    <property name="env.TRAVIS_JOB_NUMBER" value="1251.8" />
    <property name="env.TRAVIS_HOME" value="/home/travis" />
    <property name="env.DISPLAY" value=":99.0" />
    <property name="env.TRAVIS_INIT" value="systemd" />
    <property name="env.SSH_TTY" value="/dev/pts/0" />
    <property name="java.net.preferIPv4Stack" value="true" />
    <property name="env.RUN_TESTS" value="true" />
    <property name="timeout.short" value="1000000" />
    <property name="junit.formatter" value="xml" />
    <property name="env.TRAVIS_SUDO" value="true" />
    <property name="env.TRAVIS_JOB_NAME" value="" />
    <property name="env.TRAVIS_STACK_NODE_ATTRIBUTES" value="/.node-attributes.yml" />
    <property name="env.LOGNAME" value="travis" />
    <property name="env.PT_TRAVIS_TEST_CORE1_XML" value="true" />
    <property name="jsdoc.home" value="node_modules/@terraswarm/jsdoc" />
    <property name="debuglevel" value="source,lines,vars" />
    <property name="checkstyle.formatter" value="xml" />
    <property name="env._system_version" value="16.04" />
    <property name="bin.vergil.makeable" value="true" />
    <property name="sun.os.patch.level" value="unknown" />
    <property name="java.vendor.url" value="http://java.oracle.com/" />
    <property name="env.TRAVIS_BUILD_WEB_URL" value="https://travis-ci.org/icyphy/ptII/builds/560472113" />
    <property name="java.version" value="11.0.2" />
    <property name="env.TZ" value="UTC" />
    <property name="env.TRAVIS_PULL_REQUEST_SHA" value="" />
    <property name="env.PT_NO_NET" value="true" />
    <property name="env.TRAVIS_SECURE_ENV_VARS" value="true" />
    <property name="env._system_type" value="Linux" />
    <property name="java.vendor.url.bug" value="http://bugreport.java.com/bugreport/" />
    <property name="npmjs-org-is-up" value="true" />
    <property name="env.LANGUAGE" value="en_US.UTF-8" />
    <property name="env.SSH_CLIENT" value="10.10.16.81 35978 22" />
    <property name="env.GEM_HOME" value="/home/travis/.rvm/gems/ruby-2.5.3" />
    <property name="env.HAS_ANTARES_THREE_LITTLE_FRONZIES_BADGE" value="true" />
    <property name="java.version.date" value="2019-01-15" />
    <property name="env.PS4" value="+" />
    <property name="ant.project.invoked-targets" value="build,test.core1.xml" />
    <property name="env.TRAVIS_PULL_REQUEST_BRANCH" value="" />
    <property name="env.TRAVIS_REPO_SLUG" value="icyphy/ptII" />
    <property name="env.XDG_DATA_DIRS" value="/usr/local/share:/usr/share:/var/lib/snapd/desktop" />
    <property name="jdk.debug" value="release" />
    <property name="env.TRAVIS_APT_PROXY" value="http://apt.cache.travis-ci.com" />
    <property name="node.in.path" value="true" />
    <property name="user.name" value="travis" />
    <property name="java.maxmemory" value="1400m" />
    <property name="env.RUBY_VERSION" value="ruby-2.5.3" />
    <property name="env.LANG" value="en_US.UTF-8" />
    <property name="sun.io.unicode.encoding" value="UnicodeLittle" />
    <property name="sun.jnu.encoding" value="UTF-8" />
    <property name="java.runtime.name" value="OpenJDK Runtime Environment" />
    <property name="usefile" value="false" />
    <property name="return.code" value="0" />
    <property name="junit.single.formatter" value="plain" />
    <property name="env.DYLD_LIBRARY_PATH" value="/home/travis/pthla/certi-tools/lib:" />
    <property name="env.DEBIAN_FRONTEND" value="noninteractive" />
    <property name="env.SSH_CONNECTION" value="10.10.16.81 35978 10.20.2.100 22" />
    <property name="env.MYSQL_UNIX_PORT" value="/var/run/mysqld/mysqld.sock" />
    <property name="env.LC_ALL" value="en_US.UTF-8" />
    <property name="env.TRAVIS_ALLOW_FAILURE" value="false" />
    <property name="env.TRAVIS_JOB_WEB_URL" value="https://travis-ci.org/icyphy/ptII/jobs/560472123" />
    <property name="java.specification.name" value="Java Platform API Specification" />
    <property name="node.works" value="true" />
    <property name="user.timezone" value="" />
    <property name="path.separator" value=":" />
    <property name="env.TRAVIS_ENABLE_INFRA_DETECTION" value="true" />
    <property name="env.PYTHON_CFLAGS" value="-g -fstack-protector --param=ssp-buffer-size=4 -Wformat -Werror=format-security" />
    <property name="timeout.long" value="4000000" />
    <property name="env.CERTI_HOME" value="/home/travis/pthla/certi-tools" />
    <property name="ant.file.ptII" value="/home/travis/build/icyphy/ptII/build.xml" />
    <property name="javadoc.packagenames" value="com.*,diva.*,lbnl.*,org.hlacerti.*,org.json.*,org.ptolemy.*,org.terraswarm.*,ptolemy.*,ptserver.*" />
    <property name="file.encoding" value="UTF-8" />
    <property name="env.TRAVIS_PULL_REQUEST_SLUG" value="" />
    <property name="ant.project.default-target" value="build" />
    <property name="env.GIT_ASKPASS" value="echo" />
    <property name="env.HOME" value="/home/travis" />
    <property name="sun.java.command" value="org.apache.tools.ant.taskdefs.optional.junit.JUnitTestRunner ptolemy.actor.lib.test.junit.JUnitTclTest skipNonTests=false filtertrace=true haltOnError=false haltOnFailure=false formatter=org.apache.tools.ant.taskdefs.optional.junit.OutErrSummaryJUnitResultFormatter showoutput=true outputtoformatters=true logfailedtests=true threadid=0 logtestlistenerevents=false formatter=org.apache.tools.ant.taskdefs.optional.junit.XMLJUnitResultFormatter,/home/travis/build/icyphy/ptII/reports/junit/TEST-ptolemy.actor.lib.test.junit.JUnitTclTest.xml crashfile=/home/travis/build/icyphy/ptII/junitvmwatcher11115726295399958341.properties propsfile=/home/travis/build/icyphy/ptII/junit8843851655704310174.properties" />
    <property name="env.COMPOSER_NO_INTERACTION" value="1" />
    <property name="env.MANPATH" value="/home/travis/.nvm/versions/node/v7.10.1/share/man:/home/travis/.rvm/rubies/ruby-2.5.3/share/man:/usr/local/cmake-3.12.4/man:/usr/local/clang-7.0.0/share/man:/usr/local/man:/usr/local/share/man:/usr/share/man:/home/travis/.rvm/man" />
    <property name="env.TRAVIS_TIMER_ID" value="01aa5bf0" />
    <property name="ant.file" value="/home/travis/build/icyphy/ptII/build.xml" />
    <property name="env.TRAVIS_COMMIT_RANGE" value="3e774e1e8b6f...5ef5389f48fa" />
    <property name="env._system_name" value="Ubuntu" />
    <property name="ptII.classpath.optional.property" value="/home/travis/build/icyphy/ptII/lib/bsh-2.0b4.jar:/home/travis/build/icyphy/ptII/lib/ptCal.jar:/home/travis/build/icyphy/ptII/lib/java_cup.jar:/home/travis/build/icyphy/ptII/lib/saxon8.jar:/home/travis/build/icyphy/ptII/lib/saxon8-dom.jar:/home/travis/build/icyphy/ptII/lib/chic.jar:/home/travis/build/icyphy/ptII/lib/ptcolt.jar:/home/travis/build/icyphy/ptII/vendors/misc/itext/iText.jar:/home/travis/build/icyphy/ptII/lib/g4ltl.jar:/home/travis/build/icyphy/ptII/lib/StructuralCoder.jar:/home/travis/build/icyphy/ptII/lib/jcerti.jar:/home/travis/build/icyphy/ptII/lib/javax.mail.jar:/home/travis/build/icyphy/ptII/vendors/JMF-2.1.1e/lib/jmf.jar:/home/travis/build/icyphy/ptII/lib/jna-4.0.0-variadic.jar:/home/travis/build/icyphy/ptII/vendors/misc/joystick/Joystick.jar:/home/travis/build/icyphy/ptII/lib/ptjacl.jar:/home/travis/build/icyphy/ptII/lib/jsoup-1.8.2.jar:/home/travis/build/icyphy/ptII/lib/junit-4.8.2.jar:/home/travis/build/icyphy/ptII/lib/JUnitParams-0.4.0.jar:/home/travis/build/icyphy/ptII/ptolemy/actor/lib/excel/jxl.jar:/home/travis/build/icyphy/ptII/lib/jython.jar:/home/travis/build/icyphy/ptII/lib/kieler.jar:/home/travis/build/icyphy/ptII/vendors/opencv/share/OpenCV/java/opencv-341.jar:/home/travis/build/icyphy/ptII/lib/oscP5.jar:/home/travis/build/icyphy/ptII/lib/nrjavaserial-3.11.0.devel.jar:/home/travis/build/icyphy/ptII/vendors/j3d/lib/Linux/j3dcore.jar:/home/travis/build/icyphy/ptII/vendors/j3d/lib/Linux/j3dutils.jar:/home/travis/build/icyphy/ptII/vendors/j3d/lib/Linux/vecmath.jar:/home/travis/build/icyphy/ptII/vendors/jogl/lib/Linux/gluegen-rt-natives-linux-amd64.jar:/home/travis/build/icyphy/ptII/vendors/jogl/lib/Linux/gluegen-rt.jar:/home/travis/build/icyphy/ptII/vendors/jogl/lib/Linux/jogl-all-natives-linux-amd64.jar:/home/travis/build/icyphy/ptII/vendors/jogl/lib/Linux/jogl-all.jar:/home/travis/build/icyphy/ptII/ptolemy/distributed/jini/jar/jini-core.jar:/home/travis/build/icyphy/ptII/ptolemy/distributed/jini/jar/jini-ext.jar:/home/travis/build/icyphy/ptII/ptolemy/distributed/jini/jar/sun-util.jar:/home/travis/build/icyphy/ptII/lib/protobuf-java-2.4.1.jar:/home/travis/build/icyphy/ptII/lib/org.eclipse.paho.client.mqttv3.jar:/home/travis/build/icyphy/ptII/lib/mapss.jar:/home/travis/build/icyphy/ptII/ptolemy/actor/ptalon/antlr/antlr.jar:/home/travis/build/icyphy/ptII/lib/JRI.jar:/home/travis/build/icyphy/ptII/lib/commons-lang-2.6.jar:/home/travis/build/icyphy/ptII/lib/commons-logging-1.1.1.jar:/home/travis/build/icyphy/ptII/lib/sootclasses.jar:/home/travis/build/icyphy/ptII/ptolemy/actor/lib/database/mysql-connector-java-5.1.6-bin.jar:/home/travis/build/icyphy/ptII/vendors/misc/sphinx4/sphinx4-data-5prealpha.jar:/home/travis/build/icyphy/ptII/vendors/misc/sphinx4/sphinx4-core-5prealpha.jar:/home/travis/build/icyphy/ptII/lib/PDFRenderer.jar:/home/travis/build/icyphy/ptII/lib/svgSalamander.jar:/home/travis/build/icyphy/ptII/lib/rsyntaxtextarea-2.6.0-SNAPSHOT.jar:/home/travis/build/icyphy/ptII/lib/hazelcast-3.8.2.jar:/home/travis/build/icyphy/ptII/lib/jackson-annotations-2.9.0.jar:/home/travis/build/icyphy/ptII/lib/jackson-core-2.9.3.jar:/home/travis/build/icyphy/ptII/lib/jackson-databind-2.9.3.jar:/home/travis/build/icyphy/ptII/lib/netty-buffer-4.1.19.Final.jar:/home/travis/build/icyphy/ptII/lib/netty-codec-4.1.19.Final.jar:/home/travis/build/icyphy/ptII/lib/netty-codec-dns-4.1.19.Final.jar:/home/travis/build/icyphy/ptII/lib/netty-codec-http-4.1.19.Final.jar:/home/travis/build/icyphy/ptII/lib/netty-codec-http2-4.1.19.Final.jar:/home/travis/build/icyphy/ptII/lib/netty-common-4.1.19.Final.jar:/home/travis/build/icyphy/ptII/lib/netty-handler-4.1.19.Final.jar:/home/travis/build/icyphy/ptII/lib/netty-resolver-4.1.19.Final.jar:/home/travis/build/icyphy/ptII/lib/netty-resolver-dns-4.1.19.Final.jar:/home/travis/build/icyphy/ptII/lib/netty-transport-4.1.19.Final.jar:/home/travis/build/icyphy/ptII/lib/vertx-codegen-3.5.1.jar:/home/travis/build/icyphy/ptII/lib/vertx-core-3.5.2-SNAPSHOT.jar:/home/travis/build/icyphy/ptII/lib/vertx-hazelcast-3.5.1.jar:/home/travis/build/icyphy/ptII/lib/vertx-lang-js-3.5.1.jar:/home/travis/build/icyphy/ptII/lib/vertx-service-proxy-3.5.1.jar:/home/travis/build/icyphy/ptII/lib/vertx-web-3.5.1.jar:/home/travis/build/icyphy/ptII/lib/slf4j-api-1.7.13.jar:/home/travis/build/icyphy/ptII/lib/slf4j-simple-1.7.13.jar:/home/travis/build/icyphy/ptII/lib/webcam-capture-0.3.12.jar:/home/travis/build/icyphy/ptII/lib/bridj-0.7.0.jar:/home/travis/build/icyphy/ptII/lib/xbjlib-1.1.0.nrjavaserial.jar" />
    <property name="timeout" value="2400000" />
    <property name="test.batch" value="**/junit/*.java" />
    <property name="env._" value="/usr/bin/timeout" />
    <property name="java.io.tmpdir" value="/tmp" />
    <property name="user.language" value="en" />
    <property name="env.TRAVIS_INTERNAL_RUBY_REGEX" value="^ruby-(2\.[0-4]\.[0-9]|1\.9\.3)" />
    <property name="env.HISTCONTROL" value="ignoredups:ignorespace" />
    <property name="env.GOROOT" value="/home/travis/.gimme/versions/go1.11.1.linux.amd64" />
    <property name="line.separator" value="&#xa;" />
    <property name="target" value="11" />
    <property name="env.TRAVIS_BUILD_DIR" value="/home/travis/build/icyphy/ptII" />
    <property name="env.ANT_OPTS" value="-Xmx2048m" />
    <property name="ant.file.type" value="file" />
    <property name="ptolemy.ptII.batchMode" value="true" />
    <property name="env.HISTSIZE" value="1000" />
    <property name="env.MERB_ENV" value="test" />
    <property name="java.vm.info" value="mixed mode" />
    <property name="source" value="11" />
    <property name="java.vm.specification.name" value="Java Virtual Machine Specification" />
    <property name="env.TRAVIS_TEST_RESULT" value="0" />
    <property name="jsdoc.command" value="node_modules/@terraswarm/jsdoc/jsdoc.js" />
    <property name="npm.works" value="true" />
    <property name="cobertura.dir" value="/home/travis/build/icyphy/ptII/vendors/cobertura-2.0.3" />
    <property name="jsdoc.command.exists" value="true" />
    <property name="env.rvm_path" value="/home/travis/.rvm" />
    <property name="env.GEM_PATH" value="/home/travis/.rvm/gems/ruby-2.5.3:/home/travis/.rvm/gems/ruby-2.5.3@global" />
    <property name="env.LC_CTYPE" value="en_US.UTF-8" />
    <property name="env.TRAVIS_CMD" value="$PTII/bin/ptIITravisBuild.sh $SECONDS" />
    <property name="java.awt.printerjob" value="sun.print.PSPrinterJob" />
    <property name="env.TRAVIS_STACK_NAME" value="sardonyx" />
    <property name="env.TRAVIS_TIMER_START_TIME" value="1563456606269999296" />
    <property name="ant.version" value="Apache Ant(TM) version 1.10.1 compiled on February 2 2017" />
    <property name="ptII.reports" value="/home/travis/build/icyphy/ptII/reports" />
    <property name="env.TRAVIS_STACK_TIMESTAMP" value="2019-03-25 16:16:56 UTC" />
    <property name="ant.file.type.ptII" value="file" />
    <property name="env.RBENV_SHELL" value="bash" />
    <property name="os.name" value="Linux" />
    <property name="java.specification.vendor" value="Oracle Corporation" />
    <property name="env.rvm_version" value="1.29.7 (latest)" />
    <property name="env.TRAVIS_INFRA" value="gce" />
    <property name="env.TERM" value="xterm" />
    <property name="java.vm.name" value="OpenJDK 64-Bit Server VM" />
    <property name="env.TRAVIS_BUILD_NUMBER" value="1251" />
    <property name="env.CI" value="true" />
    <property name="java.library.path" value="/home/travis/pthla/certi-tools/lib:/usr/lib/jni:/usr/local/share/OpenCV/java/:/usr/share/OpenCV/java::/usr/java/packages/lib:/usr/lib64:/lib64:/lib:/usr/lib" />
    <property name="jdk.module.path" value="/home/travis/build/icyphy/ptII/vendors/javafx/javafx-sdk-11.0.2/lib:" />
    <property name="env.rvm_prefix" value="/home/travis" />
    <property name="env.PATH" value="/home/travis/pthla/certi-tools/share/scripts:/home/travis/.rvm/gems/ruby-2.5.3/bin:/home/travis/.rvm/gems/ruby-2.5.3@global/bin:/home/travis/.rvm/rubies/ruby-2.5.3/bin:/home/travis/.rvm/bin:/home/travis/.nvm/versions/node/v7.10.1/bin:./node_modules/.bin:/home/travis/build/icyphy/ptII/bin:/home/travis/pthla/certi-tools/bin:/home/travis/bin:/home/travis/.local/bin:/usr/local/lib/jvm/openjdk11/bin:/opt/pyenv/shims:/home/travis/.phpenv/shims:/home/travis/perl5/perlbrew/bin:/home/travis/gopath/bin:/home/travis/.gimme/versions/go1.11.1.linux.amd64/bin:/usr/local/maven-3.6.0/bin:/usr/local/cmake-3.12.4/bin:/usr/local/clang-7.0.0/bin:/usr/local/sbin:/usr/local/bin:/usr/sbin:/usr/bin:/sbin:/bin:/snap/bin:/home/travis/.phpenv/bin:/opt/pyenv/bin:/home/travis/.yarn/bin" />
    <property name="env.TRAVIS_OS_NAME" value="linux" />
    <property name="ant.java.version" value="9" />
    <property name="basedir" value="/home/travis/build/icyphy/ptII" />
    <property name="java.class.version" value="55.0" />
    <property name="env.SHLVL" value="3" />
    <property name="env.LD_LIBRARY_PATH" value="/home/travis/pthla/certi-tools/lib:/usr/lib/jni:/usr/local/share/OpenCV/java/:/usr/share/OpenCV/java:" />
    <property name="env.RACK_ENV" value="test" />
    <property name="ant.home" value="/home/travis/build/icyphy/ptII/ant" />
    <property name="env.NVM_DIR" value="/home/travis/.nvm" />
    <property name="env.CERTI_FOM_PATH" value="/home/travis/pthla/certi-tools/share/federations" />
    <property name="env.TRAVIS_BUILD_ID" value="560472113" />
    <property name="env.PYENV_ROOT" value="/opt/pyenv" />
    <property name="env.TRAVIS_UID" value="2000" />
    <property name="prism.verbose" value="true" />
    <property name="env.NVM_BIN" value="/home/travis/.nvm/versions/node/v7.10.1/bin" />
    <property name="env.TRAVIS_COMMIT" value="5ef5389f48fa08fed22a45267b3a9d606f08021e" />
    <property name="env._system_arch" value="x86_64" />
    <property name="node.executable" value="node" />
    <property name="sun.boot.library.path" value="/usr/local/lib/jvm/openjdk11/lib" />
    <property name="sun.management.compiler" value="HotSpot 64-Bit Tiered Compilers" />
    <property name="java.awt.graphicsenv" value="sun.awt.X11GraphicsEnvironment" />
    <property name="env.GOPATH" value="/home/travis/gopath" />
    <property name="ptolemy.ptII.dir" value="/home/travis/build/icyphy/ptII" />
    <property name="env.USER" value="travis" />
    <property name="env.HISTFILESIZE" value="2000" />
    <property name="timeout.longest" value="19000000" />
    <property name="env.PERLBREW_SHELLRC_VERSION" value="0.86" />
    <property name="env.TRAVIS_STACK_FEATURES" value="basic couchdb disabled-ipv6 docker docker-compose elasticsearch firefox go-toolchain google-chrome jdk memcached mongodb mysql nodejs_interpreter perl_interpreter perlbrew phantomjs postgresql python_interpreter redis ruby_interpreter sqlite xserver" />
    <property name="env.TRAVIS_PULL_REQUEST" value="false" />
    <property name="env.PYENV_SHELL" value="bash" />
    <property name="ant.project.name" value="ptII" />
    <property name="env.ANSI_RESET" value="\033[0m" />
    <property name="java.vm.specification.version" value="11" />
    <property name="env.TRAVIS_DIST" value="xenial" />
    <property name="env.CERTI_VERSION" value="4.0.0" />
    <property name="env.CERTI_HOST" value="localhost" />
    <property name="awt.toolkit" value="sun.awt.X11.XToolkit" />
    <property name="env.MY_RUBY_HOME" value="/home/travis/.rvm/rubies/ruby-2.5.3" />
    <property name="sun.cpu.isalist" value="" />
    <property name="env.TRAVIS_TMPDIR" value="/tmp/tmp.Rz183b5aL7" />
    <property name="java.vm.compressedOopsMode" value="Zero based" />
    <property name="os.version" value="4.15.0-1028-gcp" />
    <property name="user.home" value="/home/travis" />
    <property name="java.vm.vendor" value="Oracle Corporation" />
    <property name="env.TRAVIS_TAG" value="nightly" />
    <property name="env.ANSI_YELLOW" value="\033[33;1m" />
    <property name="env.TRAVIS_FILTERED" value="redirect_io" />
    <property name="env.ANSI_GREEN" value="\033[32;1m" />
    <property name="env.JAVA_HOME" value="/usr/local/lib/jvm/openjdk11" />
    <property name="javadoc.excludepackagenames" value="adm.cvs2svn.*,build.*,config.*,doc.coding.templates.*,jni.test.jni.meaningOfLife.*,jni.test.jni.testDeux.*,jni.test.jni.testTrois.*,org.terraswarm.accessor.accessors.web.node_modules.*,org.terraswarm.accessor.accessors.web.hosts.cordova.demo.*,org.terraswarm.accessor.accessors.web.hosts.cordova.plugins.*,org.terraswarm.accessor.accessors-svn.*,pt-modules.*,ptolemy.apps.agilent.*,ptolemy.apps.anytimecontrol.*,ptolemy.apps.apes.*,ptolemy.apps.charon.*,ptolemy.apps.crazyboard.*,ptolemy.apps.eclipse.*,ptolemy.apps.etherealSting.*,ptolemy.apps.fullscreen.*,ptolemy.apps.giotto.*,ptolemy.apps.ia.*,ptolemy.apps.interfaces.*,ptolemy.apps.jmf.*,ptolemy.apps.kurt.*,ptolemy.apps.kvm.*,ptolemy.apps.lego.*,ptolemy.apps.lejos.*,ptolemy.apps.midp.*,ptolemy.apps.mobileCoding.*,ptolemy.apps.pendulum.*,ptolemy.apps.rijndael.*,ptolemy.apps.robot.*,ptolemy.apps.security.*,ptolemy.apps.sobel.*,ptolemy.apps.soot.*,ptolemy.apps.throttle.*,ptolemy.apps.tini.*,ptolemy.apps.transmission.*,ptolemy.apps.vergil.*,ptolemy.apps.waba.*,ptolemy.apps.websensor.*,ptolemy.apps.webstart.*,ptolemy.apps.xsl.*,ptolemy.apps.zaurus.*,ptolemy.codegen.c.actor.lib.oldJavaFiles.*,ptolemy.codegen.dsp.lib.*,ptolemy.codegen.kernel.newInterfaces.*,ptolemy.codegen.lib.*,ptolemy.copernicus.kernel.fragment.*,ptolemy.copernicus.shallow.cg.*,ptolemy.domains.giotto.demo.Hierarchy.Hierarchy.*,ptolemy.domains.giotto.demo.Multimode.Multimode.*,ptolemy.domains.giotto.demo.Simple.Simple.*,ptolemy.domains.gr.lib.experimental.*,ptolemy.domains.gro.*,ptolemy.domains.pdf.*,ptolemy.domains.ptinyos.demo.Surge.output.*,ptolemy.moml.test.NoPackageActor.java*,ptolemy.plot.adm.*,ptolemy.plot.servlet.*,reports.*,signed.*,src.*,target.*,vendors.*,ptolemy.copernicus.applet.*,ptolemy.media.viewer.*,ptolemy.actor.corba.*,doc.doclets.*,ptolemy.apps.eclipse.awt.*,ptolemy.backtrack.*,ptolemy.backtrack.ast.*,ptolemy.cg.adapter.generic.program.procedural.c.mbed*,ptolemy.homer.*,ptolemy.actor.lib.jai.*,org.ptolemy.scala.*,diva.util.java2d.svg.*,ptolemy.domains.ptinyos.*,ptolemy.actor.lib.fmi.fmipp.*,,org.terraswarm.accessor.accessors.web.node_modules.*,org.terraswarm.accessor.accessors-svn,ptolemy.apps.*,ptolemy.actor.ptalon.demo.ptinyos.SendAndReceiveCnt.output,ptolemy.actor.ptalon.demo.ptinyos.SenseToLeds.output,ptolemy.domains.ptinyos.demo.CntToLedsAndRfm.output,ptolemy.domains.ptinyos.demo.RfmToLeds.output,ptolemy.domains.ptinyos.demo.SendAndReceiveCnt.output,ptolemy.domains.ptinyos.demo.SenseToLeds.output,ptolemy.actor.lib.jjs.modules.udpSocket.*" />
    <property name="env.PTII" value="/home/travis/build/icyphy/ptII" />
    <property name="env.XDG_SESSION_ID" value="2" />
    <property name="keystore" value="ptKeystore" />
    <property name="env.TRAVIS_COMMIT_MESSAGE" value="Set java.maxmemory.large to 5000m because 6000m was causing Travis to fail to fork." />
    <property name="junit.output.dir" value="/home/travis/build/icyphy/ptII/reports/junit" />
    <property name="npm.return.code" value="0" />
    <property name="user.dir" value="/home/travis/build/icyphy/ptII/ptolemy/actor/lib/test" />
    <property name="env.TRAVIS_NODE_VERSION" value="7" />
    <property name="env.TRAVIS_EVENT_TYPE" value="push" />
    <property name="env.MAIL" value="/var/mail/travis" />
    <property name="env.PERLBREW_ROOT" value="/home/travis/perl5/perlbrew" />
    <property name="env.PWD" value="/home/travis/build/icyphy/ptII" />
    <property name="timeout.npm" value="45000" />
    <property name="env.TRAVIS_ARCH" value="amd64" />
    <property name="sun.cpu.endian" value="little" />
    <property name="env.PAGER" value="cat" />
    <property name="env.TRAVIS_BUILD_STAGE_NAME" value="Test" />
    <property name="env.PERLBREW_HOME" value="/home/travis/.perlbrew" />
    <property name="java.vm.version" value="11.0.2+9" />
    <property name="env.RAILS_ENV" value="test" />
    <property name="java.class.path" value="/home/travis/.ptolemyII:/home/travis/.ptolemyII/*:/home/travis/build/icyphy/ptII:/home/travis/build/icyphy/ptII/lib/bsh-2.0b4.jar:/home/travis/build/icyphy/ptII/lib/ptCal.jar:/home/travis/build/icyphy/ptII/lib/java_cup.jar:/home/travis/build/icyphy/ptII/lib/saxon8.jar:/home/travis/build/icyphy/ptII/lib/saxon8-dom.jar:/home/travis/build/icyphy/ptII/lib/chic.jar:/home/travis/build/icyphy/ptII/lib/ptcolt.jar:/home/travis/build/icyphy/ptII/vendors/misc/itext/iText.jar:/home/travis/build/icyphy/ptII/lib/g4ltl.jar:/home/travis/build/icyphy/ptII/lib/StructuralCoder.jar:/home/travis/build/icyphy/ptII/lib/jcerti.jar:/home/travis/build/icyphy/ptII/lib/javax.mail.jar:/home/travis/build/icyphy/ptII/vendors/JMF-2.1.1e/lib/jmf.jar:/home/travis/build/icyphy/ptII/lib/jna-4.0.0-variadic.jar:/home/travis/build/icyphy/ptII/vendors/misc/joystick/Joystick.jar:/home/travis/build/icyphy/ptII/lib/ptjacl.jar:/home/travis/build/icyphy/ptII/lib/jsoup-1.8.2.jar:/home/travis/build/icyphy/ptII/lib/junit-4.8.2.jar:/home/travis/build/icyphy/ptII/lib/JUnitParams-0.4.0.jar:/home/travis/build/icyphy/ptII/ptolemy/actor/lib/excel/jxl.jar:/home/travis/build/icyphy/ptII/lib/jython.jar:/home/travis/build/icyphy/ptII/lib/kieler.jar:/home/travis/build/icyphy/ptII/vendors/opencv/share/OpenCV/java/opencv-341.jar:/home/travis/build/icyphy/ptII/lib/oscP5.jar:/home/travis/build/icyphy/ptII/lib/nrjavaserial-3.11.0.devel.jar:/home/travis/build/icyphy/ptII/vendors/j3d/lib/Linux/j3dcore.jar:/home/travis/build/icyphy/ptII/vendors/j3d/lib/Linux/j3dutils.jar:/home/travis/build/icyphy/ptII/vendors/j3d/lib/Linux/vecmath.jar:/home/travis/build/icyphy/ptII/vendors/jogl/lib/Linux/gluegen-rt-natives-linux-amd64.jar:/home/travis/build/icyphy/ptII/vendors/jogl/lib/Linux/gluegen-rt.jar:/home/travis/build/icyphy/ptII/vendors/jogl/lib/Linux/jogl-all-natives-linux-amd64.jar:/home/travis/build/icyphy/ptII/vendors/jogl/lib/Linux/jogl-all.jar:/home/travis/build/icyphy/ptII/ptolemy/distributed/jini/jar/jini-core.jar:/home/travis/build/icyphy/ptII/ptolemy/distributed/jini/jar/jini-ext.jar:/home/travis/build/icyphy/ptII/ptolemy/distributed/jini/jar/sun-util.jar:/home/travis/build/icyphy/ptII/lib/protobuf-java-2.4.1.jar:/home/travis/build/icyphy/ptII/lib/org.eclipse.paho.client.mqttv3.jar:/home/travis/build/icyphy/ptII/lib/mapss.jar:/home/travis/build/icyphy/ptII/ptolemy/actor/ptalon/antlr/antlr.jar:/home/travis/build/icyphy/ptII/lib/JRI.jar:/home/travis/build/icyphy/ptII/lib/commons-lang-2.6.jar:/home/travis/build/icyphy/ptII/lib/commons-logging-1.1.1.jar:/home/travis/build/icyphy/ptII/lib/sootclasses.jar:/home/travis/build/icyphy/ptII/ptolemy/actor/lib/database/mysql-connector-java-5.1.6-bin.jar:/home/travis/build/icyphy/ptII/vendors/misc/sphinx4/sphinx4-data-5prealpha.jar:/home/travis/build/icyphy/ptII/vendors/misc/sphinx4/sphinx4-core-5prealpha.jar:/home/travis/build/icyphy/ptII/lib/PDFRenderer.jar:/home/travis/build/icyphy/ptII/lib/svgSalamander.jar:/home/travis/build/icyphy/ptII/lib/rsyntaxtextarea-2.6.0-SNAPSHOT.jar:/home/travis/build/icyphy/ptII/lib/hazelcast-3.8.2.jar:/home/travis/build/icyphy/ptII/lib/jackson-annotations-2.9.0.jar:/home/travis/build/icyphy/ptII/lib/jackson-core-2.9.3.jar:/home/travis/build/icyphy/ptII/lib/jackson-databind-2.9.3.jar:/home/travis/build/icyphy/ptII/lib/netty-buffer-4.1.19.Final.jar:/home/travis/build/icyphy/ptII/lib/netty-codec-4.1.19.Final.jar:/home/travis/build/icyphy/ptII/lib/netty-codec-dns-4.1.19.Final.jar:/home/travis/build/icyphy/ptII/lib/netty-codec-http-4.1.19.Final.jar:/home/travis/build/icyphy/ptII/lib/netty-codec-http2-4.1.19.Final.jar:/home/travis/build/icyphy/ptII/lib/netty-common-4.1.19.Final.jar:/home/travis/build/icyphy/ptII/lib/netty-handler-4.1.19.Final.jar:/home/travis/build/icyphy/ptII/lib/netty-resolver-4.1.19.Final.jar:/home/travis/build/icyphy/ptII/lib/netty-resolver-dns-4.1.19.Final.jar:/home/travis/build/icyphy/ptII/lib/netty-transport-4.1.19.Final.jar:/home/travis/build/icyphy/ptII/lib/vertx-codegen-3.5.1.jar:/home/travis/build/icyphy/ptII/lib/vertx-core-3.5.2-SNAPSHOT.jar:/home/travis/build/icyphy/ptII/lib/vertx-hazelcast-3.5.1.jar:/home/travis/build/icyphy/ptII/lib/vertx-lang-js-3.5.1.jar:/home/travis/build/icyphy/ptII/lib/vertx-service-proxy-3.5.1.jar:/home/travis/build/icyphy/ptII/lib/vertx-web-3.5.1.jar:/home/travis/build/icyphy/ptII/lib/slf4j-api-1.7.13.jar:/home/travis/build/icyphy/ptII/lib/slf4j-simple-1.7.13.jar:/home/travis/build/icyphy/ptII/lib/webcam-capture-0.3.12.jar:/home/travis/build/icyphy/ptII/lib/bridj-0.7.0.jar:/home/travis/build/icyphy/ptII/lib/xbjlib-1.1.0.nrjavaserial.jar:/home/travis/build/icyphy/ptII/ptolemy/moml/test:/home/travis/build/icyphy/ptII/ant/lib/ant-launcher.jar:/home/travis/build/icyphy/ptII/ant/lib/ant.jar:/home/travis/build/icyphy/ptII/ant/lib/ant-junit.jar:/home/travis/build/icyphy/ptII/ant/lib/ant-junit4.jar" />
    <property name="ant.library.dir" value="/home/travis/build/icyphy/ptII/ant/lib" />
    <property name="os.arch" value="amd64" />
    <property name="env.CONTINUOUS_INTEGRATION" value="true" />
    <property name="env.TRAVIS_LANGUAGE" value="node_js" />
    <property name="env.TRAVIS_STACK_LANGUAGES" value="__sardonyx__ c c++ clojure cplusplus cpp default generic go groovy java node_js php pure_java python ruby scala" />
    <property name="test.name" value="ptolemy.actor.lib.test.junit.JUnitTclTest" />
    <property name="env.APT_KEY_DONT_WARN_ON_DANGEROUS_USAGE" value="1" />
    <property name="sun.java.launcher" value="SUN_STANDARD" />
    <property name="env.PYTHON_CONFIGURE_OPTS" value="--enable-unicode=ucs4 --with-wide-unicode --enable-shared --enable-ipv6 --enable-loadable-sqlite-extensions --with-computed-gotos" />
    <property name="ant.core.lib" value="/home/travis/build/icyphy/ptII/ant/lib/ant.jar" />
    <property name="java.vm.specification.vendor" value="Oracle Corporation" />
    <property name="env.BCVTB_HOME" value="/home/travis/build/icyphy/ptII/lbnl" />
    <property name="file.separator" value="/" />
    <property name="spotbugs.home" value="/home/travis/build/icyphy/ptII/vendors/spotbugs-3.1.1" />
    <property name="java.runtime.version" value="11.0.2+9" />
    <property name="env.ANSI_CLEAR" value="\033[0K" />
    <property name="javafx.verbose" value="true" />
    <property name="env.HAS_JOSH_K_SEAL_OF_APPROVAL" value="true" />
    <property name="env.XDG_RUNTIME_DIR" value="/run/user/2000" />
    <property name="env.TRAVIS_OSX_IMAGE" value="" />
    <property name="env.TRAVIS_JOB_ID" value="560472123" />
    <property name="env.TRAVIS_BRANCH" value="master" />
    <property name="user.country" value="US" />
    <property name="env.CERTI_HOME_TRAVIS" value="/home/travis/pthla/certi-tools" />
    <property name="env.SHELL" value="/bin/bash" />
    <property name="java.maxmemory.large" value="5000m" />
    <property name="model" value="" />
    <property name="env.CASHER_DIR" value="/home/travis/.casher" />
    <property name="env.NVM_CD_FLAGS" value="" />
    <property name="java.vendor.version" value="18.9" />
    <property name="jshint.executable" value="/home/travis/node_modules/jshint/bin/jshint" />
    <property name="env.JRUBY_OPTS" value=" --client -J-XX:+TieredCompilation -J-XX:TieredStopAtLevel=1 -J-Xss2m -Xcompile.invokedynamic=false" />
    <property name="java.vendor" value="Oracle Corporation" />
    <property name="env.TRAVIS_PRE_CHEF_BOOTSTRAP_TIME" value="2019-03-25T16:16:42" />
    <property name="env.TRAVIS_STACK_JOB_BOARD_REGISTER" value="/.job-board-register.yml" />
    <property name="env.ANSI_RED" value="\033[31;1m" />
    <property name="java.specification.version" value="11" />
    <property name="env.IRBRC" value="/home/travis/.rvm/rubies/ruby-2.5.3/.irbrc" />
    <property name="env.TRAVIS" value="true" />
    <property name="sun.arch.data.model" value="64" />
  </properties>
  <testcase classname="ptolemy.util.test.junit.TclTests" name="[0] /home/travis/build/icyphy/ptII/ptolemy/actor/lib/test/AbsoluteValue.tcl (RunTclFile)" time="0.57" />
  <testcase classname="ptolemy.util.test.junit.TclTests" name="[1] /home/travis/build/icyphy/ptII/ptolemy/actor/lib/test/AddSubtract.tcl (RunTclFile)" time="0.251" />
  <testcase classname="ptolemy.util.test.junit.TclTests" name="[2] /home/travis/build/icyphy/ptII/ptolemy/actor/lib/test/Average.tcl (RunTclFile)" time="0.042" />
  <testcase classname="ptolemy.util.test.junit.TclTests" name="[3] /home/travis/build/icyphy/ptII/ptolemy/actor/lib/test/Bernoulli.tcl (RunTclFile)" time="0.047" />
  <testcase classname="ptolemy.util.test.junit.TclTests" name="[4] /home/travis/build/icyphy/ptII/ptolemy/actor/lib/test/Clock.tcl (RunTclFile)" time="0.142" />
  <testcase classname="ptolemy.util.test.junit.TclTests" name="[5] /home/travis/build/icyphy/ptII/ptolemy/actor/lib/test/Commutator.tcl (RunTclFile)" time="0.214" />
  <testcase classname="ptolemy.util.test.junit.TclTests" name="[6] /home/travis/build/icyphy/ptII/ptolemy/actor/lib/test/Const.tcl (RunTclFile)" time="0.093" />
  <testcase classname="ptolemy.util.test.junit.TclTests" name="[7] /home/travis/build/icyphy/ptII/ptolemy/actor/lib/test/CurrentTime.tcl (RunTclFile)" time="0.044" />
  <testcase classname="ptolemy.util.test.junit.TclTests" name="[8] /home/travis/build/icyphy/ptII/ptolemy/actor/lib/test/DB.tcl (RunTclFile)" time="0.105" />
  <testcase classname="ptolemy.util.test.junit.TclTests" name="[9] /home/travis/build/icyphy/ptII/ptolemy/actor/lib/test/DiscreteRandomSource.tcl (RunTclFile)" time="0.06" />
  <testcase classname="ptolemy.util.test.junit.TclTests" name="[10] /home/travis/build/icyphy/ptII/ptolemy/actor/lib/test/Distributor.tcl (RunTclFile)" time="0.077" />
  <testcase classname="ptolemy.util.test.junit.TclTests" name="[11] /home/travis/build/icyphy/ptII/ptolemy/actor/lib/test/Exit.tcl (RunTclFile)" time="0.11" />
  <testcase classname="ptolemy.util.test.junit.TclTests" name="[12] /home/travis/build/icyphy/ptII/ptolemy/actor/lib/test/Expression.tcl (RunTclFile)" time="0.083" />
  <testcase classname="ptolemy.util.test.junit.TclTests" name="[13] /home/travis/build/icyphy/ptII/ptolemy/actor/lib/test/Gaussian.tcl (RunTclFile)" time="0.262" />
  <testcase classname="ptolemy.util.test.junit.TclTests" name="[14] /home/travis/build/icyphy/ptII/ptolemy/actor/lib/test/IIR.tcl (RunTclFile)" time="0.024" />
  <testcase classname="ptolemy.util.test.junit.TclTests" name="[15] /home/travis/build/icyphy/ptII/ptolemy/actor/lib/test/Interpolator.tcl (RunTclFile)" time="0.071" />
  <testcase classname="ptolemy.util.test.junit.TclTests" name="[16] /home/travis/build/icyphy/ptII/ptolemy/actor/lib/test/MathFunction.tcl (RunTclFile)" time="0.048" />
  <testcase classname="ptolemy.util.test.junit.TclTests" name="[17] /home/travis/build/icyphy/ptII/ptolemy/actor/lib/test/Maximum.tcl (RunTclFile)" time="0.048" />
  <testcase classname="ptolemy.util.test.junit.TclTests" name="[18] /home/travis/build/icyphy/ptII/ptolemy/actor/lib/test/Minimum.tcl (RunTclFile)" time="0.036" />
  <testcase classname="ptolemy.util.test.junit.TclTests" name="[19] /home/travis/build/icyphy/ptII/ptolemy/actor/lib/test/MultiplyDivide.tcl (RunTclFile)" time="0.044" />
  <testcase classname="ptolemy.util.test.junit.TclTests" name="[20] /home/travis/build/icyphy/ptII/ptolemy/actor/lib/test/OrderedMerge.tcl (RunTclFile)" time="0.125" />
  <testcase classname="ptolemy.util.test.junit.TclTests" name="[21] /home/travis/build/icyphy/ptII/ptolemy/actor/lib/test/Publisher.tcl (RunTclFile)" time="0.887" />
  <testcase classname="ptolemy.util.test.junit.TclTests" name="[22] /home/travis/build/icyphy/ptII/ptolemy/actor/lib/test/Pulse.tcl (RunTclFile)" time="0.092" />
  <testcase classname="ptolemy.util.test.junit.TclTests" name="[23] /home/travis/build/icyphy/ptII/ptolemy/actor/lib/test/Ramp.tcl (RunTclFile)" time="2.36" />
  <testcase classname="ptolemy.util.test.junit.TclTests" name="[24] /home/travis/build/icyphy/ptII/ptolemy/actor/lib/test/RampContinuous.tcl (RunTclFile)" time="0.018" />
  <testcase classname="ptolemy.util.test.junit.TclTests" name="[25] /home/travis/build/icyphy/ptII/ptolemy/actor/lib/test/RecordAssembler.tcl (RunTclFile)" time="0.017" />
  <testcase classname="ptolemy.util.test.junit.TclTests" name="[26] /home/travis/build/icyphy/ptII/ptolemy/actor/lib/test/RecordDisassembler.tcl (RunTclFile)" time="0.021" />
  <testcase classname="ptolemy.util.test.junit.TclTests" name="[27] /home/travis/build/icyphy/ptII/ptolemy/actor/lib/test/Scale.tcl (RunTclFile)" time="0.018" />
  <testcase classname="ptolemy.util.test.junit.TclTests" name="[28] /home/travis/build/icyphy/ptII/ptolemy/actor/lib/test/SequentialClock.tcl (RunTclFile)" time="0.014" />
  <testcase classname="ptolemy.util.test.junit.TclTests" name="[29] /home/travis/build/icyphy/ptII/ptolemy/actor/lib/test/SetVariable.tcl (RunTclFile)" time="0.033">
    <failure message="Number of failed tests is has increased. expected:&lt;0&gt; but was:&lt;1&gt;" type="junit.framework.AssertionFailedError">junit.framework.AssertionFailedError: Number of failed tests is has increased. expected:&lt;0&gt; but was:&lt;1&gt;
	at ptolemy.util.test.junit.TclTests.RunTclFile(TclTests.java:286)
	at jdk.internal.reflect.GeneratedMethodAccessor19.invoke(Unknown Source)
	at java.base/jdk.internal.reflect.DelegatingMethodAccessorImpl.invoke(DelegatingMethodAccessorImpl.java:43)
	at junitparams.internal.InvokeParameterisedMethod.evaluate(InvokeParameterisedMethod.java:102)
	at junitparams.internal.ParameterisedTestMethodRunner.runMethodInvoker(ParameterisedTestMethodRunner.java:47)
	at junitparams.internal.ParameterisedTestMethodRunner.runTestMethod(ParameterisedTestMethodRunner.java:41)
	at junitparams.internal.ParameterisedTestClassRunner.runParameterisedTest(ParameterisedTestClassRunner.java:143)
	at junitparams.JUnitParamsRunner.runChild(JUnitParamsRunner.java:237)
	at junitparams.JUnitParamsRunner.runChild(JUnitParamsRunner.java:215)
</failure>
  </testcase>
  <testcase classname="ptolemy.util.test.junit.TclTests" name="[30] /home/travis/build/icyphy/ptII/ptolemy/actor/lib/test/Sinewave.tcl (RunTclFile)" time="0.066" />
  <testcase classname="ptolemy.util.test.junit.TclTests" name="[31] /home/travis/build/icyphy/ptII/ptolemy/actor/lib/test/SubscriptionAggregator.tcl (RunTclFile)" time="2.333" />
  <testcase classname="ptolemy.util.test.junit.TclTests" name="[32] /home/travis/build/icyphy/ptII/ptolemy/actor/lib/test/Test.tcl (RunTclFile)" time="0.117" />
  <testcase classname="ptolemy.util.test.junit.TclTests" name="[33] /home/travis/build/icyphy/ptII/ptolemy/actor/lib/test/TestExceptionHandler.tcl (RunTclFile)" time="0.012" />
  <testcase classname="ptolemy.util.test.junit.TclTests" name="[34] /home/travis/build/icyphy/ptII/ptolemy/actor/lib/test/UnionDisassembler.tcl (RunTclFile)" time="0.051" />
  <testcase classname="ptolemy.util.test.junit.TclTests" name="[35] /home/travis/build/icyphy/ptII/ptolemy/actor/lib/test/VariableClock.tcl (RunTclFile)" time="0.025" />
  <testcase classname="ptolemy.util.test.junit.AutoKnownFailedTests" name="[0] /home/travis/build/icyphy/ptII/ptolemy/actor/lib/test/auto/knownFailedTests/PublisherPortToplevelSubscriber.xml (RunModel)" time="0.033" />
  <testcase classname="ptolemy.util.test.junit.AutoKnownFailedTests" name="[1] /home/travis/build/icyphy/ptII/ptolemy/actor/lib/test/auto/knownFailedTests/PublisherSubscriberPortToplevel.xml (RunModel)" time="0.043" />
  <testcase classname="ptolemy.util.test.junit.AutoKnownFailedTests" name="[2] /home/travis/build/icyphy/ptII/ptolemy/actor/lib/test/auto/knownFailedTests/PublisherSubscriptionAggregatorPort.xml (RunModel)" time="0.051" />
  <testcase classname="ptolemy.util.test.junit.AutoKnownFailedTests" name="[3] /home/travis/build/icyphy/ptII/ptolemy/actor/lib/test/auto/knownFailedTests/sizedarray3.xml (RunModel)" time="0.035" />
  <testcase classname="ptolemy.util.test.junit.AutoNameArchTests" name="[0] ThereAreNoAutoArchTests (RunModel)" time="0.004" />
  <testcase classname="ptolemy.util.test.junit.AutoTests" name="[0] /home/travis/build/icyphy/ptII/ptolemy/actor/lib/test/auto/AbsoluteValue.xml (RunModel)" time="0.105" />
  <testcase classname="ptolemy.util.test.junit.AutoTests" name="[1] /home/travis/build/icyphy/ptII/ptolemy/actor/lib/test/auto/AbsoluteValue2.xml (RunModel)" time="0.067" />
  <testcase classname="ptolemy.util.test.junit.AutoTests" name="[2] /home/travis/build/icyphy/ptII/ptolemy/actor/lib/test/auto/Accumulator.xml (RunModel)" time="0.152" />
  <testcase classname="ptolemy.util.test.junit.AutoTests" name="[3] /home/travis/build/icyphy/ptII/ptolemy/actor/lib/test/auto/Accumulator2.xml (RunModel)" time="0.047" />
  <testcase classname="ptolemy.util.test.junit.AutoTests" name="[4] /home/travis/build/icyphy/ptII/ptolemy/actor/lib/test/auto/Accumulator3.xml (RunModel)" time="0.041" />
  <testcase classname="ptolemy.util.test.junit.AutoTests" name="[5] /home/travis/build/icyphy/ptII/ptolemy/actor/lib/test/auto/ArrayAppend.xml (RunModel)" time="0.051" />
  <testcase classname="ptolemy.util.test.junit.AutoTests" name="[6] /home/travis/build/icyphy/ptII/ptolemy/actor/lib/test/auto/ArrayAppend2.xml (RunModel)" time="0.398" />
  <testcase classname="ptolemy.util.test.junit.AutoTests" name="[7] /home/travis/build/icyphy/ptII/ptolemy/actor/lib/test/auto/ArrayAppend3.xml (RunModel)" time="0.046" />
  <testcase classname="ptolemy.util.test.junit.AutoTests" name="[8] /home/travis/build/icyphy/ptII/ptolemy/actor/lib/test/auto/ArrayAppend4.xml (RunModel)" time="0.029" />
  <testcase classname="ptolemy.util.test.junit.AutoTests" name="[9] /home/travis/build/icyphy/ptII/ptolemy/actor/lib/test/auto/ArrayAppend5.xml (RunModel)" time="0.03" />
  <testcase classname="ptolemy.util.test.junit.AutoTests" name="[10] /home/travis/build/icyphy/ptII/ptolemy/actor/lib/test/auto/ArrayAppend6.xml (RunModel)" time="0.023" />
  <testcase classname="ptolemy.util.test.junit.AutoTests" name="[11] /home/travis/build/icyphy/ptII/ptolemy/actor/lib/test/auto/ArrayAppendPerformanceTest.xml (RunModel)" time="0.068" />
  <testcase classname="ptolemy.util.test.junit.AutoTests" name="[12] /home/travis/build/icyphy/ptII/ptolemy/actor/lib/test/auto/ArrayAppendWithEmptyInput.xml (RunModel)" time="0.069" />
  <testcase classname="ptolemy.util.test.junit.AutoTests" name="[13] /home/travis/build/icyphy/ptII/ptolemy/actor/lib/test/auto/ArrayAverage.xml (RunModel)" time="0.064" />
  <testcase classname="ptolemy.util.test.junit.AutoTests" name="[14] /home/travis/build/icyphy/ptII/ptolemy/actor/lib/test/auto/ArrayContains.xml (RunModel)" time="0.039" />
  <testcase classname="ptolemy.util.test.junit.AutoTests" name="[15] /home/travis/build/icyphy/ptII/ptolemy/actor/lib/test/auto/ArrayElement.xml (RunModel)" time="0.026" />
  <testcase classname="ptolemy.util.test.junit.AutoTests" name="[16] /home/travis/build/icyphy/ptII/ptolemy/actor/lib/test/auto/ArrayElementAsMatrix.xml (RunModel)" time="0.068" />
  <testcase classname="ptolemy.util.test.junit.AutoTests" name="[17] /home/travis/build/icyphy/ptII/ptolemy/actor/lib/test/auto/ArrayElementI.xml (RunModel)" time="0.023" />
  <testcase classname="ptolemy.util.test.junit.AutoTests" name="[18] /home/travis/build/icyphy/ptII/ptolemy/actor/lib/test/auto/ArrayExtract.xml (RunModel)" time="0.046" />
  <testcase classname="ptolemy.util.test.junit.AutoTests" name="[19] /home/travis/build/icyphy/ptII/ptolemy/actor/lib/test/auto/ArrayExtract2.xml (RunModel)" time="0.025" />
  <testcase classname="ptolemy.util.test.junit.AutoTests" name="[20] /home/travis/build/icyphy/ptII/ptolemy/actor/lib/test/auto/ArrayLength.xml (RunModel)" time="0.029" />
  <testcase classname="ptolemy.util.test.junit.AutoTests" name="[21] /home/travis/build/icyphy/ptII/ptolemy/actor/lib/test/auto/ArrayLevelCrossing.xml (RunModel)" time="0.035" />
  <testcase classname="ptolemy.util.test.junit.AutoTests" name="[22] /home/travis/build/icyphy/ptII/ptolemy/actor/lib/test/auto/ArrayLevelCrossing2.xml (RunModel)" time="0.026" />
  <testcase classname="ptolemy.util.test.junit.AutoTests" name="[23] /home/travis/build/icyphy/ptII/ptolemy/actor/lib/test/auto/ArrayPeakSearch.xml (RunModel)" time="0.047" />
  <testcase classname="ptolemy.util.test.junit.AutoTests" name="[24] /home/travis/build/icyphy/ptII/ptolemy/actor/lib/test/auto/ArrayPeakSearch2.xml (RunModel)" time="0.048" />
  <testcase classname="ptolemy.util.test.junit.AutoTests" name="[25] /home/travis/build/icyphy/ptII/ptolemy/actor/lib/test/auto/ArrayPeakSearch3.xml (RunModel)" time="0.04" />
  <testcase classname="ptolemy.util.test.junit.AutoTests" name="[26] /home/travis/build/icyphy/ptII/ptolemy/actor/lib/test/auto/ArrayRemoveElement.xml (RunModel)" time="0.035" />
  <testcase classname="ptolemy.util.test.junit.AutoTests" name="[27] /home/travis/build/icyphy/ptII/ptolemy/actor/lib/test/auto/ArraySort.xml (RunModel)" time="0.041" />
  <testcase classname="ptolemy.util.test.junit.AutoTests" name="[28] /home/travis/build/icyphy/ptII/ptolemy/actor/lib/test/auto/ArraySum.xml (RunModel)" time="0.017" />
  <testcase classname="ptolemy.util.test.junit.AutoTests" name="[29] /home/travis/build/icyphy/ptII/ptolemy/actor/lib/test/auto/ArrayToElements.xml (RunModel)" time="0.03" />
  <testcase classname="ptolemy.util.test.junit.AutoTests" name="[30] /home/travis/build/icyphy/ptII/ptolemy/actor/lib/test/auto/ArrayToMatrix.xml (RunModel)" time="0.056" />
  <testcase classname="ptolemy.util.test.junit.AutoTests" name="[31] /home/travis/build/icyphy/ptII/ptolemy/actor/lib/test/auto/ArrayUpdate1.xml (RunModel)" time="0.019" />
  <testcase classname="ptolemy.util.test.junit.AutoTests" name="[32] /home/travis/build/icyphy/ptII/ptolemy/actor/lib/test/auto/ArrayUpdate2.xml (RunModel)" time="0.031" />
  <testcase classname="ptolemy.util.test.junit.AutoTests" name="[33] /home/travis/build/icyphy/ptII/ptolemy/actor/lib/test/auto/ArrayUpdate3.xml (RunModel)" time="0.031" />
  <testcase classname="ptolemy.util.test.junit.AutoTests" name="[34] /home/travis/build/icyphy/ptII/ptolemy/actor/lib/test/auto/Assert1.xml (RunModel)" time="0.042" />
  <testcase classname="ptolemy.util.test.junit.AutoTests" name="[35] /home/travis/build/icyphy/ptII/ptolemy/actor/lib/test/auto/Assert2.xml (RunModel)" time="0.015" />
  <testcase classname="ptolemy.util.test.junit.AutoTests" name="[36] /home/travis/build/icyphy/ptII/ptolemy/actor/lib/test/auto/BooleanMultiplexor.xml (RunModel)" time="0.02" />
  <testcase classname="ptolemy.util.test.junit.AutoTests" name="[37] /home/travis/build/icyphy/ptII/ptolemy/actor/lib/test/auto/BooleanMultiplexor2.xml (RunModel)" time="0.03" />
  <testcase classname="ptolemy.util.test.junit.AutoTests" name="[38] /home/travis/build/icyphy/ptII/ptolemy/actor/lib/test/auto/BooleanMultiplexor3.xml (RunModel)" time="0.033" />
  <testcase classname="ptolemy.util.test.junit.AutoTests" name="[39] /home/travis/build/icyphy/ptII/ptolemy/actor/lib/test/auto/BooleanSelect.xml (RunModel)" time="0.026" />
  <testcase classname="ptolemy.util.test.junit.AutoTests" name="[40] /home/travis/build/icyphy/ptII/ptolemy/actor/lib/test/auto/BooleanSelect2.xml (RunModel)" time="0.017" />
  <testcase classname="ptolemy.util.test.junit.AutoTests" name="[41] /home/travis/build/icyphy/ptII/ptolemy/actor/lib/test/auto/BooleanSwitch.xml (RunModel)" time="0.028" />
  <testcase classname="ptolemy.util.test.junit.AutoTests" name="[42] /home/travis/build/icyphy/ptII/ptolemy/actor/lib/test/auto/BooleanSwitch2.xml (RunModel)" time="0.016" />
  <testcase classname="ptolemy.util.test.junit.AutoTests" name="[43] /home/travis/build/icyphy/ptII/ptolemy/actor/lib/test/auto/BooleanSwitchCloningBugWithClassRelationGroup.xml (RunModel)" time="0.026" />
  <testcase classname="ptolemy.util.test.junit.AutoTests" name="[44] /home/travis/build/icyphy/ptII/ptolemy/actor/lib/test/auto/BusActors.xml (RunModel)" time="0.031" />
  <testcase classname="ptolemy.util.test.junit.AutoTests" name="[45] /home/travis/build/icyphy/ptII/ptolemy/actor/lib/test/auto/ClassWrapper.xml (RunModel)" time="0.014" />
  <testcase classname="ptolemy.util.test.junit.AutoTests" name="[46] /home/travis/build/icyphy/ptII/ptolemy/actor/lib/test/auto/Clock.xml (RunModel)" time="0.011" />
  <testcase classname="ptolemy.util.test.junit.AutoTests" name="[47] /home/travis/build/icyphy/ptII/ptolemy/actor/lib/test/auto/Clock10.xml (RunModel)" time="0.017" />
  <testcase classname="ptolemy.util.test.junit.AutoTests" name="[48] /home/travis/build/icyphy/ptII/ptolemy/actor/lib/test/auto/Clock11.xml (RunModel)" time="0.022" />
  <testcase classname="ptolemy.util.test.junit.AutoTests" name="[49] /home/travis/build/icyphy/ptII/ptolemy/actor/lib/test/auto/Clock12.xml (RunModel)" time="0.016" />
  <testcase classname="ptolemy.util.test.junit.AutoTests" name="[50] /home/travis/build/icyphy/ptII/ptolemy/actor/lib/test/auto/Clock13.xml (RunModel)" time="0.016" />
  <testcase classname="ptolemy.util.test.junit.AutoTests" name="[51] /home/travis/build/icyphy/ptII/ptolemy/actor/lib/test/auto/Clock14.xml (RunModel)" time="0.015" />
  <testcase classname="ptolemy.util.test.junit.AutoTests" name="[52] /home/travis/build/icyphy/ptII/ptolemy/actor/lib/test/auto/Clock15.xml (RunModel)" time="0.016" />
  <testcase classname="ptolemy.util.test.junit.AutoTests" name="[53] /home/travis/build/icyphy/ptII/ptolemy/actor/lib/test/auto/Clock16.xml (RunModel)" time="0.082" />
  <testcase classname="ptolemy.util.test.junit.AutoTests" name="[54] /home/travis/build/icyphy/ptII/ptolemy/actor/lib/test/auto/Clock17.xml (RunModel)" time="0.045" />
  <testcase classname="ptolemy.util.test.junit.AutoTests" name="[55] /home/travis/build/icyphy/ptII/ptolemy/actor/lib/test/auto/Clock18.xml (RunModel)" time="0.057" />
  <testcase classname="ptolemy.util.test.junit.AutoTests" name="[56] /home/travis/build/icyphy/ptII/ptolemy/actor/lib/test/auto/Clock19.xml (RunModel)" time="0.057" />
  <testcase classname="ptolemy.util.test.junit.AutoTests" name="[57] /home/travis/build/icyphy/ptII/ptolemy/actor/lib/test/auto/Clock2.xml (RunModel)" time="0.016" />
  <testcase classname="ptolemy.util.test.junit.AutoTests" name="[58] /home/travis/build/icyphy/ptII/ptolemy/actor/lib/test/auto/Clock20.xml (RunModel)" time="0.029" />
  <testcase classname="ptolemy.util.test.junit.AutoTests" name="[59] /home/travis/build/icyphy/ptII/ptolemy/actor/lib/test/auto/Clock21.xml (RunModel)" time="0.023" />
  <testcase classname="ptolemy.util.test.junit.AutoTests" name="[60] /home/travis/build/icyphy/ptII/ptolemy/actor/lib/test/auto/Clock22.xml (RunModel)" time="0.018" />
  <testcase classname="ptolemy.util.test.junit.AutoTests" name="[61] /home/travis/build/icyphy/ptII/ptolemy/actor/lib/test/auto/Clock23.xml (RunModel)" time="0.021" />
  <testcase classname="ptolemy.util.test.junit.AutoTests" name="[62] /home/travis/build/icyphy/ptII/ptolemy/actor/lib/test/auto/Clock24.xml (RunModel)" time="0.018" />
  <testcase classname="ptolemy.util.test.junit.AutoTests" name="[63] /home/travis/build/icyphy/ptII/ptolemy/actor/lib/test/auto/Clock4.xml (RunModel)" time="0.015" />
  <testcase classname="ptolemy.util.test.junit.AutoTests" name="[64] /home/travis/build/icyphy/ptII/ptolemy/actor/lib/test/auto/Clock5.xml (RunModel)" time="0.013" />
  <testcase classname="ptolemy.util.test.junit.AutoTests" name="[65] /home/travis/build/icyphy/ptII/ptolemy/actor/lib/test/auto/Clock6.xml (RunModel)" time="0.011" />
  <testcase classname="ptolemy.util.test.junit.AutoTests" name="[66] /home/travis/build/icyphy/ptII/ptolemy/actor/lib/test/auto/Clock7.xml (RunModel)" time="0.011" />
  <testcase classname="ptolemy.util.test.junit.AutoTests" name="[67] /home/travis/build/icyphy/ptII/ptolemy/actor/lib/test/auto/Clock8.xml (RunModel)" time="0.02" />
  <testcase classname="ptolemy.util.test.junit.AutoTests" name="[68] /home/travis/build/icyphy/ptII/ptolemy/actor/lib/test/auto/Clock9.xml (RunModel)" time="0.018" />
  <testcase classname="ptolemy.util.test.junit.AutoTests" name="[69] /home/travis/build/icyphy/ptII/ptolemy/actor/lib/test/auto/CommDistDiscard.xml (RunModel)" time="0.026" />
  <testcase classname="ptolemy.util.test.junit.AutoTests" name="[70] /home/travis/build/icyphy/ptII/ptolemy/actor/lib/test/auto/Commutator.xml (RunModel)" time="0.017" />
  <testcase classname="ptolemy.util.test.junit.AutoTests" name="[71] /home/travis/build/icyphy/ptII/ptolemy/actor/lib/test/auto/Commutator2.xml (RunModel)" time="0.013" />
  <testcase classname="ptolemy.util.test.junit.AutoTests" name="[72] /home/travis/build/icyphy/ptII/ptolemy/actor/lib/test/auto/Commutator3.xml (RunModel)" time="0.017" />
  <testcase classname="ptolemy.util.test.junit.AutoTests" name="[73] /home/travis/build/icyphy/ptII/ptolemy/actor/lib/test/auto/Compare.xml (RunModel)" time="0.025" />
  <testcase classname="ptolemy.util.test.junit.AutoTests" name="[74] /home/travis/build/icyphy/ptII/ptolemy/actor/lib/test/auto/CompareDE.xml (RunModel)" time="0.02" />
  <testcase classname="ptolemy.util.test.junit.AutoTests" name="[75] /home/travis/build/icyphy/ptII/ptolemy/actor/lib/test/auto/ComplexDivide.xml (RunModel)" time="0.012" />
  <testcase classname="ptolemy.util.test.junit.AutoTests" name="[76] /home/travis/build/icyphy/ptII/ptolemy/actor/lib/test/auto/ComputeHistogram.xml (RunModel)" time="0.075" />
  <testcase classname="ptolemy.util.test.junit.AutoTests" name="[77] /home/travis/build/icyphy/ptII/ptolemy/actor/lib/test/auto/ConfigurationSelect.xml (RunModel)" time="0.024" />
  <testcase classname="ptolemy.util.test.junit.AutoTests" name="[78] /home/travis/build/icyphy/ptII/ptolemy/actor/lib/test/auto/ConfigurationSelect2.xml (RunModel)" time="0.02" />
  <testcase classname="ptolemy.util.test.junit.AutoTests" name="[79] /home/travis/build/icyphy/ptII/ptolemy/actor/lib/test/auto/ConfigurationSwitch.xml (RunModel)" time="0.017" />
  <testcase classname="ptolemy.util.test.junit.AutoTests" name="[80] /home/travis/build/icyphy/ptII/ptolemy/actor/lib/test/auto/ConfigurationSwitch2.xml (RunModel)" time="0.039" />
  <testcase classname="ptolemy.util.test.junit.AutoTests" name="[81] /home/travis/build/icyphy/ptII/ptolemy/actor/lib/test/auto/ConfigurationSwitchCloningBugWithClassRelationGroup.xml (RunModel)" time="0.027" />
  <testcase classname="ptolemy.util.test.junit.AutoTests" name="[82] /home/travis/build/icyphy/ptII/ptolemy/actor/lib/test/auto/ConfigurationSwitchSelectSDF.xml (RunModel)" time="0.021" />
  <testcase classname="ptolemy.util.test.junit.AutoTests" name="[83] /home/travis/build/icyphy/ptII/ptolemy/actor/lib/test/auto/ConfigurationSwitchSelectSDF2.xml (RunModel)" time="0.018" />
  <testcase classname="ptolemy.util.test.junit.AutoTests" name="[84] /home/travis/build/icyphy/ptII/ptolemy/actor/lib/test/auto/Const.xml (RunModel)" time="0.018" />
  <testcase classname="ptolemy.util.test.junit.AutoTests" name="[85] /home/travis/build/icyphy/ptII/ptolemy/actor/lib/test/auto/Const2.xml (RunModel)" time="0.014" />
  <testcase classname="ptolemy.util.test.junit.AutoTests" name="[86] /home/travis/build/icyphy/ptII/ptolemy/actor/lib/test/auto/Const3.xml (RunModel)" time="0.011" />
  <testcase classname="ptolemy.util.test.junit.AutoTests" name="[87] /home/travis/build/icyphy/ptII/ptolemy/actor/lib/test/auto/ConstantPublisherPort1.xml (RunModel)" time="0.022" />
  <testcase classname="ptolemy.util.test.junit.AutoTests" name="[88] /home/travis/build/icyphy/ptII/ptolemy/actor/lib/test/auto/ConstantPublisherPort2.xml (RunModel)" time="0.019" />
  <testcase classname="ptolemy.util.test.junit.AutoTests" name="[89] /home/travis/build/icyphy/ptII/ptolemy/actor/lib/test/auto/ConstantPublisherPort3.xml (RunModel)" time="0.017" />
  <testcase classname="ptolemy.util.test.junit.AutoTests" name="[90] /home/travis/build/icyphy/ptII/ptolemy/actor/lib/test/auto/ConstantPublisherPort4.xml (RunModel)" time="0.017" />
  <testcase classname="ptolemy.util.test.junit.AutoTests" name="[91] /home/travis/build/icyphy/ptII/ptolemy/actor/lib/test/auto/ConstantPublisherPort5.xml (RunModel)" time="0.037" />
  <testcase classname="ptolemy.util.test.junit.AutoTests" name="[92] /home/travis/build/icyphy/ptII/ptolemy/actor/lib/test/auto/ConstantPublisherPort6.xml (RunModel)" time="0.032" />
  <testcase classname="ptolemy.util.test.junit.AutoTests" name="[93] /home/travis/build/icyphy/ptII/ptolemy/actor/lib/test/auto/ConstantPublisherPort7.xml (RunModel)" time="0.04" />
  <testcase classname="ptolemy.util.test.junit.AutoTests" name="[94] /home/travis/build/icyphy/ptII/ptolemy/actor/lib/test/auto/ConstraintMonitor1.xml (RunModel)" time="0.037" />
  <testcase classname="ptolemy.util.test.junit.AutoTests" name="[95] /home/travis/build/icyphy/ptII/ptolemy/actor/lib/test/auto/ConstraintMonitor2.xml (RunModel)" time="0.013" />
  <testcase classname="ptolemy.util.test.junit.AutoTests" name="[96] /home/travis/build/icyphy/ptII/ptolemy/actor/lib/test/auto/ConstraintMonitor3.xml (RunModel)" time="0.017" />
  <testcase classname="ptolemy.util.test.junit.AutoTests" name="[97] /home/travis/build/icyphy/ptII/ptolemy/actor/lib/test/auto/ConstraintMonitor4.xml (RunModel)" time="0.027" />
  <testcase classname="ptolemy.util.test.junit.AutoTests" name="[98] /home/travis/build/icyphy/ptII/ptolemy/actor/lib/test/auto/ConstraintMonitor5.xml (RunModel)" time="0.017" />
  <testcase classname="ptolemy.util.test.junit.AutoTests" name="[99] /home/travis/build/icyphy/ptII/ptolemy/actor/lib/test/auto/ConstraintMonitor6.xml (RunModel)" time="0.023" />
  <testcase classname="ptolemy.util.test.junit.AutoTests" name="[100] /home/travis/build/icyphy/ptII/ptolemy/actor/lib/test/auto/ConstraintMonitor7.xml (RunModel)" time="0.019" />
  <testcase classname="ptolemy.util.test.junit.AutoTests" name="[101] /home/travis/build/icyphy/ptII/ptolemy/actor/lib/test/auto/ConstraintMonitor8.xml (RunModel)" time="0.02" />
  <testcase classname="ptolemy.util.test.junit.AutoTests" name="[102] /home/travis/build/icyphy/ptII/ptolemy/actor/lib/test/auto/Counter.xml (RunModel)" time="0.022" />
  <testcase classname="ptolemy.util.test.junit.AutoTests" name="[103] /home/travis/build/icyphy/ptII/ptolemy/actor/lib/test/auto/CurrentTimeSDF.xml (RunModel)" time="0.012" />
  <testcase classname="ptolemy.util.test.junit.AutoTests" name="[104] /home/travis/build/icyphy/ptII/ptolemy/actor/lib/test/auto/DB.xml (RunModel)" time="0.016" />
  <testcase classname="ptolemy.util.test.junit.AutoTests" name="[105] /home/travis/build/icyphy/ptII/ptolemy/actor/lib/test/auto/DBDE.xml (RunModel)" time="0.017" />
  <testcase classname="ptolemy.util.test.junit.AutoTests" name="[106] /home/travis/build/icyphy/ptII/ptolemy/actor/lib/test/auto/DateConstructor.xml (RunModel)" time="0.092" />
  <testcase classname="ptolemy.util.test.junit.AutoTests" name="[107] /home/travis/build/icyphy/ptII/ptolemy/actor/lib/test/auto/DelayTime.xml (RunModel)" time="0.019" />
  <testcase classname="ptolemy.util.test.junit.AutoTests" name="[108] /home/travis/build/icyphy/ptII/ptolemy/actor/lib/test/auto/Dictionary1.xml (RunModel)" time="0.038" />
  <testcase classname="ptolemy.util.test.junit.AutoTests" name="[109] /home/travis/build/icyphy/ptII/ptolemy/actor/lib/test/auto/Dictionary2.xml (RunModel)" time="0.023" />
  <testcase classname="ptolemy.util.test.junit.AutoTests" name="[110] /home/travis/build/icyphy/ptII/ptolemy/actor/lib/test/auto/Dictionary3.xml (RunModel)" time="0.017" />
  <testcase classname="ptolemy.util.test.junit.AutoTests" name="[111] /home/travis/build/icyphy/ptII/ptolemy/actor/lib/test/auto/Dictionary4.xml (RunModel)" time="0.023" />
  <testcase classname="ptolemy.util.test.junit.AutoTests" name="[112] /home/travis/build/icyphy/ptII/ptolemy/actor/lib/test/auto/Differential.xml (RunModel)" time="0.015" />
  <testcase classname="ptolemy.util.test.junit.AutoTests" name="[113] /home/travis/build/icyphy/ptII/ptolemy/actor/lib/test/auto/Director.xml (RunModel)" time="0.011" />
  <testcase classname="ptolemy.util.test.junit.AutoTests" name="[114] /home/travis/build/icyphy/ptII/ptolemy/actor/lib/test/auto/DiscreteClock.xml (RunModel)" time="0.011" />
  <testcase classname="ptolemy.util.test.junit.AutoTests" name="[115] /home/travis/build/icyphy/ptII/ptolemy/actor/lib/test/auto/DiscreteClock10.xml (RunModel)" time="0.017" />
  <testcase classname="ptolemy.util.test.junit.AutoTests" name="[116] /home/travis/build/icyphy/ptII/ptolemy/actor/lib/test/auto/DiscreteClock11.xml (RunModel)" time="0.013" />
  <testcase classname="ptolemy.util.test.junit.AutoTests" name="[117] /home/travis/build/icyphy/ptII/ptolemy/actor/lib/test/auto/DiscreteClock12.xml (RunModel)" time="0.015" />
  <testcase classname="ptolemy.util.test.junit.AutoTests" name="[118] /home/travis/build/icyphy/ptII/ptolemy/actor/lib/test/auto/DiscreteClock13.xml (RunModel)" time="0.019" />
  <testcase classname="ptolemy.util.test.junit.AutoTests" name="[119] /home/travis/build/icyphy/ptII/ptolemy/actor/lib/test/auto/DiscreteClock14.xml (RunModel)" time="0.018" />
  <testcase classname="ptolemy.util.test.junit.AutoTests" name="[120] /home/travis/build/icyphy/ptII/ptolemy/actor/lib/test/auto/DiscreteClock15.xml (RunModel)" time="0.018" />
  <testcase classname="ptolemy.util.test.junit.AutoTests" name="[121] /home/travis/build/icyphy/ptII/ptolemy/actor/lib/test/auto/DiscreteClock16.xml (RunModel)" time="0.047" />
  <testcase classname="ptolemy.util.test.junit.AutoTests" name="[122] /home/travis/build/icyphy/ptII/ptolemy/actor/lib/test/auto/DiscreteClock17.xml (RunModel)" time="0.043" />
  <testcase classname="ptolemy.util.test.junit.AutoTests" name="[123] /home/travis/build/icyphy/ptII/ptolemy/actor/lib/test/auto/DiscreteClock18.xml (RunModel)" time="0.045" />
  <testcase classname="ptolemy.util.test.junit.AutoTests" name="[124] /home/travis/build/icyphy/ptII/ptolemy/actor/lib/test/auto/DiscreteClock19.xml (RunModel)" time="0.052" />
  <testcase classname="ptolemy.util.test.junit.AutoTests" name="[125] /home/travis/build/icyphy/ptII/ptolemy/actor/lib/test/auto/DiscreteClock2.xml (RunModel)" time="0.012" />
  <testcase classname="ptolemy.util.test.junit.AutoTests" name="[126] /home/travis/build/icyphy/ptII/ptolemy/actor/lib/test/auto/DiscreteClock20.xml (RunModel)" time="0.023" />
  <testcase classname="ptolemy.util.test.junit.AutoTests" name="[127] /home/travis/build/icyphy/ptII/ptolemy/actor/lib/test/auto/DiscreteClock21.xml (RunModel)" time="0.024" />
  <testcase classname="ptolemy.util.test.junit.AutoTests" name="[128] /home/travis/build/icyphy/ptII/ptolemy/actor/lib/test/auto/DiscreteClock22.xml (RunModel)" time="0.016" />
  <testcase classname="ptolemy.util.test.junit.AutoTests" name="[129] /home/travis/build/icyphy/ptII/ptolemy/actor/lib/test/auto/DiscreteClock23.xml (RunModel)" time="0.025" />
  <testcase classname="ptolemy.util.test.junit.AutoTests" name="[130] /home/travis/build/icyphy/ptII/ptolemy/actor/lib/test/auto/DiscreteClock24.xml (RunModel)" time="0.024" />
  <testcase classname="ptolemy.util.test.junit.AutoTests" name="[131] /home/travis/build/icyphy/ptII/ptolemy/actor/lib/test/auto/DiscreteClock4.xml (RunModel)" time="0.013" />
  <testcase classname="ptolemy.util.test.junit.AutoTests" name="[132] /home/travis/build/icyphy/ptII/ptolemy/actor/lib/test/auto/DiscreteClock5.xml (RunModel)" time="0.014" />
  <testcase classname="ptolemy.util.test.junit.AutoTests" name="[133] /home/travis/build/icyphy/ptII/ptolemy/actor/lib/test/auto/DiscreteClock6.xml (RunModel)" time="0.014" />
  <testcase classname="ptolemy.util.test.junit.AutoTests" name="[134] /home/travis/build/icyphy/ptII/ptolemy/actor/lib/test/auto/DiscreteClock7.xml (RunModel)" time="0.012" />
  <testcase classname="ptolemy.util.test.junit.AutoTests" name="[135] /home/travis/build/icyphy/ptII/ptolemy/actor/lib/test/auto/DiscreteClock8.xml (RunModel)" time="0.024" />
  <testcase classname="ptolemy.util.test.junit.AutoTests" name="[136] /home/travis/build/icyphy/ptII/ptolemy/actor/lib/test/auto/DiscreteClock9.xml (RunModel)" time="0.02" />
  <testcase classname="ptolemy.util.test.junit.AutoTests" name="[137] /home/travis/build/icyphy/ptII/ptolemy/actor/lib/test/auto/DisplayArray.xml (RunModel)" time="0.01" />
  <testcase classname="ptolemy.util.test.junit.AutoTests" name="[138] /home/travis/build/icyphy/ptII/ptolemy/actor/lib/test/auto/Distributor.xml (RunModel)" time="0.011" />
  <testcase classname="ptolemy.util.test.junit.AutoTests" name="[139] /home/travis/build/icyphy/ptII/ptolemy/actor/lib/test/auto/Distributor2.xml (RunModel)" time="0.014" />
  <testcase classname="ptolemy.util.test.junit.AutoTests" name="[140] /home/travis/build/icyphy/ptII/ptolemy/actor/lib/test/auto/DownSample.xml (RunModel)" time="0.012" />
  <testcase classname="ptolemy.util.test.junit.AutoTests" name="[141] /home/travis/build/icyphy/ptII/ptolemy/actor/lib/test/auto/ElectronicUnitBase1.xml (RunModel)" time="0.067" />
  <testcase classname="ptolemy.util.test.junit.AutoTests" name="[142] /home/travis/build/icyphy/ptII/ptolemy/actor/lib/test/auto/ElementsToArray.xml (RunModel)" time="0.012" />
  <testcase classname="ptolemy.util.test.junit.AutoTests" name="[143] /home/travis/build/icyphy/ptII/ptolemy/actor/lib/test/auto/Equals.xml (RunModel)" time="0.017" />
  <testcase classname="ptolemy.util.test.junit.AutoTests" name="[144] /home/travis/build/icyphy/ptII/ptolemy/actor/lib/test/auto/Exec.xml (RunModel)" time="0.028" />
  <testcase classname="ptolemy.util.test.junit.AutoTests" name="[145] /home/travis/build/icyphy/ptII/ptolemy/actor/lib/test/auto/ExecEnvironment.xml (RunModel)" time="0.046" />
  <testcase classname="ptolemy.util.test.junit.AutoTests" name="[146] /home/travis/build/icyphy/ptII/ptolemy/actor/lib/test/auto/ExecNonZeroReturnOutput.xml (RunModel)" time="0.22" />
  <testcase classname="ptolemy.util.test.junit.AutoTests" name="[147] /home/travis/build/icyphy/ptII/ptolemy/actor/lib/test/auto/ExecRunDemos.xml (RunModel)" time="11.174" />
  <testcase classname="ptolemy.util.test.junit.AutoTests" name="[148] /home/travis/build/icyphy/ptII/ptolemy/actor/lib/test/auto/ExecStop.xml (RunModel)" time="5.038" />
  <testcase classname="ptolemy.util.test.junit.AutoTests" name="[149] /home/travis/build/icyphy/ptII/ptolemy/actor/lib/test/auto/ExecutionTimeSDF.xml (RunModel)" time="6.044" />
  <testcase classname="ptolemy.util.test.junit.AutoTests" name="[150] /home/travis/build/icyphy/ptII/ptolemy/actor/lib/test/auto/Expression1.xml (RunModel)" time="0.014" />
  <testcase classname="ptolemy.util.test.junit.AutoTests" name="[151] /home/travis/build/icyphy/ptII/ptolemy/actor/lib/test/auto/Expression10.xml (RunModel)" time="0.035" />
  <testcase classname="ptolemy.util.test.junit.AutoTests" name="[152] /home/travis/build/icyphy/ptII/ptolemy/actor/lib/test/auto/Expression11.xml (RunModel)" time="0.019" />
  <testcase classname="ptolemy.util.test.junit.AutoTests" name="[153] /home/travis/build/icyphy/ptII/ptolemy/actor/lib/test/auto/Expression12.xml (RunModel)" time="0.017" />
  <testcase classname="ptolemy.util.test.junit.AutoTests" name="[154] /home/travis/build/icyphy/ptII/ptolemy/actor/lib/test/auto/Expression13.xml (RunModel)" time="0.016" />
  <testcase classname="ptolemy.util.test.junit.AutoTests" name="[155] /home/travis/build/icyphy/ptII/ptolemy/actor/lib/test/auto/Expression14.xml (RunModel)" time="0.027" />
  <testcase classname="ptolemy.util.test.junit.AutoTests" name="[156] /home/travis/build/icyphy/ptII/ptolemy/actor/lib/test/auto/Expression15.xml (RunModel)" time="0.013" />
  <testcase classname="ptolemy.util.test.junit.AutoTests" name="[157] /home/travis/build/icyphy/ptII/ptolemy/actor/lib/test/auto/Expression16.xml (RunModel)" time="0.016" />
  <testcase classname="ptolemy.util.test.junit.AutoTests" name="[158] /home/travis/build/icyphy/ptII/ptolemy/actor/lib/test/auto/Expression17.xml (RunModel)" time="0.014" />
  <testcase classname="ptolemy.util.test.junit.AutoTests" name="[159] /home/travis/build/icyphy/ptII/ptolemy/actor/lib/test/auto/Expression18.xml (RunModel)" time="0.017" />
  <testcase classname="ptolemy.util.test.junit.AutoTests" name="[160] /home/travis/build/icyphy/ptII/ptolemy/actor/lib/test/auto/Expression2.xml (RunModel)" time="0.018" />
  <testcase classname="ptolemy.util.test.junit.AutoTests" name="[161] /home/travis/build/icyphy/ptII/ptolemy/actor/lib/test/auto/Expression3.xml (RunModel)" time="0.019" />
  <testcase classname="ptolemy.util.test.junit.AutoTests" name="[162] /home/travis/build/icyphy/ptII/ptolemy/actor/lib/test/auto/Expression4.xml (RunModel)" time="0.026" />
  <testcase classname="ptolemy.util.test.junit.AutoTests" name="[163] /home/travis/build/icyphy/ptII/ptolemy/actor/lib/test/auto/Expression5.xml (RunModel)" time="0.016" />
  <testcase classname="ptolemy.util.test.junit.AutoTests" name="[164] /home/travis/build/icyphy/ptII/ptolemy/actor/lib/test/auto/Expression6.xml (RunModel)" time="0.012" />
  <testcase classname="ptolemy.util.test.junit.AutoTests" name="[165] /home/travis/build/icyphy/ptII/ptolemy/actor/lib/test/auto/Expression7.xml (RunModel)" time="0.016" />
  <testcase classname="ptolemy.util.test.junit.AutoTests" name="[166] /home/travis/build/icyphy/ptII/ptolemy/actor/lib/test/auto/Expression8.xml (RunModel)" time="0.019" />
  <testcase classname="ptolemy.util.test.junit.AutoTests" name="[167] /home/travis/build/icyphy/ptII/ptolemy/actor/lib/test/auto/Expression9.xml (RunModel)" time="0.009" />
  <testcase classname="ptolemy.util.test.junit.AutoTests" name="[168] /home/travis/build/icyphy/ptII/ptolemy/actor/lib/test/auto/ExpressionConcatenateArrayType.xml (RunModel)" time="0.03" />
  <testcase classname="ptolemy.util.test.junit.AutoTests" name="[169] /home/travis/build/icyphy/ptII/ptolemy/actor/lib/test/auto/ExpressionConcatenateArrayType2.xml (RunModel)" time="0.022" />
  <testcase classname="ptolemy.util.test.junit.AutoTests" name="[170] /home/travis/build/icyphy/ptII/ptolemy/actor/lib/test/auto/ExpressionFix.xml (RunModel)" time="0.05" />
  <testcase classname="ptolemy.util.test.junit.AutoTests" name="[171] /home/travis/build/icyphy/ptII/ptolemy/actor/lib/test/auto/ExpressionFix2.xml (RunModel)" time="0.013" />
  <testcase classname="ptolemy.util.test.junit.AutoTests" name="[172] /home/travis/build/icyphy/ptII/ptolemy/actor/lib/test/auto/ExpressionFix3.xml (RunModel)" time="0.012" />
  <testcase classname="ptolemy.util.test.junit.AutoTests" name="[173] /home/travis/build/icyphy/ptII/ptolemy/actor/lib/test/auto/FileWriter1.xml (RunModel)" time="0.009" />
  <testcase classname="ptolemy.util.test.junit.AutoTests" name="[174] /home/travis/build/icyphy/ptII/ptolemy/actor/lib/test/auto/FileWriter2.xml (RunModel)" time="0.016" />
  <testcase classname="ptolemy.util.test.junit.AutoTests" name="[175] /home/travis/build/icyphy/ptII/ptolemy/actor/lib/test/auto/FileWriter3.xml (RunModel)" time="0.013" />
  <testcase classname="ptolemy.util.test.junit.AutoTests" name="[176] /home/travis/build/icyphy/ptII/ptolemy/actor/lib/test/auto/Gaussian.xml (RunModel)" time="0.012" />
  <testcase classname="ptolemy.util.test.junit.AutoTests" name="[177] /home/travis/build/icyphy/ptII/ptolemy/actor/lib/test/auto/Gaussian1.xml (RunModel)" time="0.014" />
  <testcase classname="ptolemy.util.test.junit.AutoTests" name="[178] /home/travis/build/icyphy/ptII/ptolemy/actor/lib/test/auto/Gaussian2.xml (RunModel)" time="0.023" />
  <testcase classname="ptolemy.util.test.junit.AutoTests" name="[179] /home/travis/build/icyphy/ptII/ptolemy/actor/lib/test/auto/GradientAdaptiveLattice.xml (RunModel)" time="0.02" />
  <testcase classname="ptolemy.util.test.junit.AutoTests" name="[180] /home/travis/build/icyphy/ptII/ptolemy/actor/lib/test/auto/IIR.xml (RunModel)" time="0.01" />
  <testcase classname="ptolemy.util.test.junit.AutoTests" name="[181] /home/travis/build/icyphy/ptII/ptolemy/actor/lib/test/auto/InputOutputTransparentPorts.xml (RunModel)" time="0.019" />
  <testcase classname="ptolemy.util.test.junit.AutoTests" name="[182] /home/travis/build/icyphy/ptII/ptolemy/actor/lib/test/auto/Interpolator.xml (RunModel)" time="0.017" />
  <testcase classname="ptolemy.util.test.junit.AutoTests" name="[183] /home/travis/build/icyphy/ptII/ptolemy/actor/lib/test/auto/InterpolatorFiringLimitDE.xml (RunModel)" time="0.02" />
  <testcase classname="ptolemy.util.test.junit.AutoTests" name="[184] /home/travis/build/icyphy/ptII/ptolemy/actor/lib/test/auto/Lattice.xml (RunModel)" time="0.013" />
  <testcase classname="ptolemy.util.test.junit.AutoTests" name="[185] /home/travis/build/icyphy/ptII/ptolemy/actor/lib/test/auto/LazyAOCTestLazy.xml (RunModel)" time="0.034" />
  <testcase classname="ptolemy.util.test.junit.AutoTests" name="[186] /home/travis/build/icyphy/ptII/ptolemy/actor/lib/test/auto/LazyAOCTestNonLazy.xml (RunModel)" time="0.028" />
  <testcase classname="ptolemy.util.test.junit.AutoTests" name="[187] /home/travis/build/icyphy/ptII/ptolemy/actor/lib/test/auto/LazyInnerClass.xml (RunModel)" time="0.043" />
  <testcase classname="ptolemy.util.test.junit.AutoTests" name="[188] /home/travis/build/icyphy/ptII/ptolemy/actor/lib/test/auto/LazyPubSub.xml (RunModel)" time="0.073" />
  <testcase classname="ptolemy.util.test.junit.AutoTests" name="[189] /home/travis/build/icyphy/ptII/ptolemy/actor/lib/test/auto/LazyPubSub2.xml (RunModel)" time="0.051" />
  <testcase classname="ptolemy.util.test.junit.AutoTests" name="[190] /home/travis/build/icyphy/ptII/ptolemy/actor/lib/test/auto/LazyPubSub3.xml (RunModel)" time="0.026" />
  <testcase classname="ptolemy.util.test.junit.AutoTests" name="[191] /home/travis/build/icyphy/ptII/ptolemy/actor/lib/test/auto/LazySubClassModel.xml (RunModel)" time="0.022" />
  <testcase classname="ptolemy.util.test.junit.AutoTests" name="[192] /home/travis/build/icyphy/ptII/ptolemy/actor/lib/test/auto/LevelCrossTest1.xml (RunModel)" time="0.011" />
  <testcase classname="ptolemy.util.test.junit.AutoTests" name="[193] /home/travis/build/icyphy/ptII/ptolemy/actor/lib/test/auto/LevelCrossTest10.xml (RunModel)" time="0.016" />
  <testcase classname="ptolemy.util.test.junit.AutoTests" name="[194] /home/travis/build/icyphy/ptII/ptolemy/actor/lib/test/auto/LevelCrossTest11.xml (RunModel)" time="0.019" />
  <testcase classname="ptolemy.util.test.junit.AutoTests" name="[195] /home/travis/build/icyphy/ptII/ptolemy/actor/lib/test/auto/LevelCrossTest12.xml (RunModel)" time="0.015" />
  <testcase classname="ptolemy.util.test.junit.AutoTests" name="[196] /home/travis/build/icyphy/ptII/ptolemy/actor/lib/test/auto/LevelCrossTest13.xml (RunModel)" time="0.015" />
  <testcase classname="ptolemy.util.test.junit.AutoTests" name="[197] /home/travis/build/icyphy/ptII/ptolemy/actor/lib/test/auto/LevelCrossTest2.xml (RunModel)" time="0.014" />
  <testcase classname="ptolemy.util.test.junit.AutoTests" name="[198] /home/travis/build/icyphy/ptII/ptolemy/actor/lib/test/auto/LevelCrossTest3.xml (RunModel)" time="0.012" />
  <testcase classname="ptolemy.util.test.junit.AutoTests" name="[199] /home/travis/build/icyphy/ptII/ptolemy/actor/lib/test/auto/LevelCrossTest4.xml (RunModel)" time="0.012" />
  <testcase classname="ptolemy.util.test.junit.AutoTests" name="[200] /home/travis/build/icyphy/ptII/ptolemy/actor/lib/test/auto/LevelCrossTest5.xml (RunModel)" time="0.016" />
  <testcase classname="ptolemy.util.test.junit.AutoTests" name="[201] /home/travis/build/icyphy/ptII/ptolemy/actor/lib/test/auto/LevelCrossTest6.xml (RunModel)" time="0.014" />
  <testcase classname="ptolemy.util.test.junit.AutoTests" name="[202] /home/travis/build/icyphy/ptII/ptolemy/actor/lib/test/auto/LevelCrossTest7.xml (RunModel)" time="0.022" />
  <testcase classname="ptolemy.util.test.junit.AutoTests" name="[203] /home/travis/build/icyphy/ptII/ptolemy/actor/lib/test/auto/LevelCrossTest8.xml (RunModel)" time="0.016" />
  <testcase classname="ptolemy.util.test.junit.AutoTests" name="[204] /home/travis/build/icyphy/ptII/ptolemy/actor/lib/test/auto/LevelCrossTest9.xml (RunModel)" time="0.019" />
  <testcase classname="ptolemy.util.test.junit.AutoTests" name="[205] /home/travis/build/icyphy/ptII/ptolemy/actor/lib/test/auto/LevinsonDurbin.xml (RunModel)" time="0.01" />
  <testcase classname="ptolemy.util.test.junit.AutoTests" name="[206] /home/travis/build/icyphy/ptII/ptolemy/actor/lib/test/auto/LevinsonDurbin2.xml (RunModel)" time="0.009" />
  <testcase classname="ptolemy.util.test.junit.AutoTests" name="[207] /home/travis/build/icyphy/ptII/ptolemy/actor/lib/test/auto/LevinsonDurbin3.xml (RunModel)" time="0.014" />
  <testcase classname="ptolemy.util.test.junit.AutoTests" name="[208] /home/travis/build/icyphy/ptII/ptolemy/actor/lib/test/auto/Limiter.xml (RunModel)" time="0.042" />
  <testcase classname="ptolemy.util.test.junit.AutoTests" name="[209] /home/travis/build/icyphy/ptII/ptolemy/actor/lib/test/auto/LinearDifferenceEquationSystem.xml (RunModel)" time="0.026" />
  <testcase classname="ptolemy.util.test.junit.AutoTests" name="[210] /home/travis/build/icyphy/ptII/ptolemy/actor/lib/test/auto/LookupTable.xml (RunModel)" time="0.013" />
  <testcase classname="ptolemy.util.test.junit.AutoTests" name="[211] /home/travis/build/icyphy/ptII/ptolemy/actor/lib/test/auto/MathFunction.xml (RunModel)" time="0.032" />
  <testcase classname="ptolemy.util.test.junit.AutoTests" name="[212] /home/travis/build/icyphy/ptII/ptolemy/actor/lib/test/auto/MathFunction2.xml (RunModel)" time="0.018" />
  <testcase classname="ptolemy.util.test.junit.AutoTests" name="[213] /home/travis/build/icyphy/ptII/ptolemy/actor/lib/test/auto/MathFunction3.xml (RunModel)" time="0.02" />
  <testcase classname="ptolemy.util.test.junit.AutoTests" name="[214] /home/travis/build/icyphy/ptII/ptolemy/actor/lib/test/auto/MatrixCropBoolean.xml (RunModel)" time="0.011" />
  <testcase classname="ptolemy.util.test.junit.AutoTests" name="[215] /home/travis/build/icyphy/ptII/ptolemy/actor/lib/test/auto/MatrixCropComplex.xml (RunModel)" time="0.013" />
  <testcase classname="ptolemy.util.test.junit.AutoTests" name="[216] /home/travis/build/icyphy/ptII/ptolemy/actor/lib/test/auto/MatrixCropDouble.xml (RunModel)" time="0.01" />
  <testcase classname="ptolemy.util.test.junit.AutoTests" name="[217] /home/travis/build/icyphy/ptII/ptolemy/actor/lib/test/auto/MatrixCropFix.xml (RunModel)" time="0.018" />
  <testcase classname="ptolemy.util.test.junit.AutoTests" name="[218] /home/travis/build/icyphy/ptII/ptolemy/actor/lib/test/auto/MatrixCropInt.xml (RunModel)" time="0.012" />
  <testcase classname="ptolemy.util.test.junit.AutoTests" name="[219] /home/travis/build/icyphy/ptII/ptolemy/actor/lib/test/auto/MatrixCropLong.xml (RunModel)" time="0.011" />
  <testcase classname="ptolemy.util.test.junit.AutoTests" name="[220] /home/travis/build/icyphy/ptII/ptolemy/actor/lib/test/auto/MatrixToArray.xml (RunModel)" time="0.054" />
  <testcase classname="ptolemy.util.test.junit.AutoTests" name="[221] /home/travis/build/icyphy/ptII/ptolemy/actor/lib/test/auto/MaxIndex.xml (RunModel)" time="0.012" />
  <testcase classname="ptolemy.util.test.junit.AutoTests" name="[222] /home/travis/build/icyphy/ptII/ptolemy/actor/lib/test/auto/Maximum.xml (RunModel)" time="0.024" />
  <testcase classname="ptolemy.util.test.junit.AutoTests" name="[223] /home/travis/build/icyphy/ptII/ptolemy/actor/lib/test/auto/MaximumComplex.xml (RunModel)" time="0.02" />
  <testcase classname="ptolemy.util.test.junit.AutoTests" name="[224] /home/travis/build/icyphy/ptII/ptolemy/actor/lib/test/auto/MethodCallTest.xml (RunModel)" time="0.022" />
  <testcase classname="ptolemy.util.test.junit.AutoTests" name="[225] /home/travis/build/icyphy/ptII/ptolemy/actor/lib/test/auto/Minimum.xml (RunModel)" time="0.015" />
  <testcase classname="ptolemy.util.test.junit.AutoTests" name="[226] /home/travis/build/icyphy/ptII/ptolemy/actor/lib/test/auto/MinimumComplex.xml (RunModel)" time="0.03" />
  <testcase classname="ptolemy.util.test.junit.AutoTests" name="[227] /home/travis/build/icyphy/ptII/ptolemy/actor/lib/test/auto/MinimumMultiports.xml (RunModel)" time="0.02" />
  <testcase classname="ptolemy.util.test.junit.AutoTests" name="[228] /home/travis/build/icyphy/ptII/ptolemy/actor/lib/test/auto/ModifyDate.xml (RunModel)" time="0.051" />
  <testcase classname="ptolemy.util.test.junit.AutoTests" name="[229] /home/travis/build/icyphy/ptII/ptolemy/actor/lib/test/auto/ModifyDate2.xml (RunModel)" time="0.03" />
  <testcase classname="ptolemy.util.test.junit.AutoTests" name="[230] /home/travis/build/icyphy/ptII/ptolemy/actor/lib/test/auto/MovingAverage.xml (RunModel)" time="0.016" />
  <testcase classname="ptolemy.util.test.junit.AutoTests" name="[231] /home/travis/build/icyphy/ptII/ptolemy/actor/lib/test/auto/MovingMaximum.xml (RunModel)" time="0.013" />
  <testcase classname="ptolemy.util.test.junit.AutoTests" name="[232] /home/travis/build/icyphy/ptII/ptolemy/actor/lib/test/auto/MultipleLinksToSameRelation.xml (RunModel)" time="0.008" />
  <testcase classname="ptolemy.util.test.junit.AutoTests" name="[233] /home/travis/build/icyphy/ptII/ptolemy/actor/lib/test/auto/MultipleLinksToSameRelationDE.xml (RunModel)" time="0.018" />
  <testcase classname="ptolemy.util.test.junit.AutoTests" name="[234] /home/travis/build/icyphy/ptII/ptolemy/actor/lib/test/auto/Multiplexor.xml (RunModel)" time="0.013" />
  <testcase classname="ptolemy.util.test.junit.AutoTests" name="[235] /home/travis/build/icyphy/ptII/ptolemy/actor/lib/test/auto/Multiplexor1.xml (RunModel)" time="0.012" />
  <testcase classname="ptolemy.util.test.junit.AutoTests" name="[236] /home/travis/build/icyphy/ptII/ptolemy/actor/lib/test/auto/Multiplexor2.xml (RunModel)" time="0.018" />
  <testcase classname="ptolemy.util.test.junit.AutoTests" name="[237] /home/travis/build/icyphy/ptII/ptolemy/actor/lib/test/auto/Multiplexor3.xml (RunModel)" time="0.009" />
  <testcase classname="ptolemy.util.test.junit.AutoTests" name="[238] /home/travis/build/icyphy/ptII/ptolemy/actor/lib/test/auto/MultiplexorDE.xml (RunModel)" time="0.02" />
  <testcase classname="ptolemy.util.test.junit.AutoTests" name="[239] /home/travis/build/icyphy/ptII/ptolemy/actor/lib/test/auto/MultiportBroadcastTest.xml (RunModel)" time="0.11" />
  <testcase classname="ptolemy.util.test.junit.AutoTests" name="[240] /home/travis/build/icyphy/ptII/ptolemy/actor/lib/test/auto/MultiportOutHangDuringGetWidth.xml (RunModel)" time="0.037" />
  <testcase classname="ptolemy.util.test.junit.AutoTests" name="[241] /home/travis/build/icyphy/ptII/ptolemy/actor/lib/test/auto/NilToken.xml (RunModel)" time="0.013" />
  <testcase classname="ptolemy.util.test.junit.AutoTests" name="[242] /home/travis/build/icyphy/ptII/ptolemy/actor/lib/test/auto/NilTokenNonStrictTest.xml (RunModel)" time="0.011" />
  <testcase classname="ptolemy.util.test.junit.AutoTests" name="[243] /home/travis/build/icyphy/ptII/ptolemy/actor/lib/test/auto/NilTokenRecord.xml (RunModel)" time="0.027" />
  <testcase classname="ptolemy.util.test.junit.AutoTests" name="[244] /home/travis/build/icyphy/ptII/ptolemy/actor/lib/test/auto/NilTokenTypeTest.xml (RunModel)" time="0.041" />
  <testcase classname="ptolemy.util.test.junit.AutoTests" name="[245] /home/travis/build/icyphy/ptII/ptolemy/actor/lib/test/auto/ObjectToken1.xml (RunModel)" time="0.018" />
  <testcase classname="ptolemy.util.test.junit.AutoTests" name="[246] /home/travis/build/icyphy/ptII/ptolemy/actor/lib/test/auto/OrderedMerge.xml (RunModel)" time="0.02" />
  <testcase classname="ptolemy.util.test.junit.AutoTests" name="[247] /home/travis/build/icyphy/ptII/ptolemy/actor/lib/test/auto/OrderedRecordDisassembler.xml (RunModel)" time="0.025" />
  <testcase classname="ptolemy.util.test.junit.AutoTests" name="[248] /home/travis/build/icyphy/ptII/ptolemy/actor/lib/test/auto/OrderedRecordDisassembler2.xml (RunModel)" time="0.016" />
  <testcase classname="ptolemy.util.test.junit.AutoTests" name="[249] /home/travis/build/icyphy/ptII/ptolemy/actor/lib/test/auto/OrderedRecordUpdater.xml (RunModel)" time="0.015" />
  <testcase classname="ptolemy.util.test.junit.AutoTests" name="[250] /home/travis/build/icyphy/ptII/ptolemy/actor/lib/test/auto/OrderedRecordUpdater2.xml (RunModel)" time="0.022" />
  <testcase classname="ptolemy.util.test.junit.AutoTests" name="[251] /home/travis/build/icyphy/ptII/ptolemy/actor/lib/test/auto/PhaseUnwrap.xml (RunModel)" time="0.023" />
  <testcase classname="ptolemy.util.test.junit.AutoTests" name="[252] /home/travis/build/icyphy/ptII/ptolemy/actor/lib/test/auto/PoissonClock.xml (RunModel)" time="0.011" />
  <testcase classname="ptolemy.util.test.junit.AutoTests" name="[253] /home/travis/build/icyphy/ptII/ptolemy/actor/lib/test/auto/PoissonClock2.xml (RunModel)" time="0.008" />
  <testcase classname="ptolemy.util.test.junit.AutoTests" name="[254] /home/travis/build/icyphy/ptII/ptolemy/actor/lib/test/auto/PoissonClock3.xml (RunModel)" time="0.025" />
  <testcase classname="ptolemy.util.test.junit.AutoTests" name="[255] /home/travis/build/icyphy/ptII/ptolemy/actor/lib/test/auto/PubSubWithInitialTokens.xml (RunModel)" time="0.017" />
  <testcase classname="ptolemy.util.test.junit.AutoTests" name="[256] /home/travis/build/icyphy/ptII/ptolemy/actor/lib/test/auto/PubSubWithInitialTokens2.xml (RunModel)" time="0.016" />
  <testcase classname="ptolemy.util.test.junit.AutoTests" name="[257] /home/travis/build/icyphy/ptII/ptolemy/actor/lib/test/auto/PublisherClassNoParameter.xml (RunModel)" time="0.026" />
  <testcase classname="ptolemy.util.test.junit.AutoTests" name="[258] /home/travis/build/icyphy/ptII/ptolemy/actor/lib/test/auto/PublisherClassParameter.xml (RunModel)" time="0.029" />
  <testcase classname="ptolemy.util.test.junit.AutoTests" name="[259] /home/travis/build/icyphy/ptII/ptolemy/actor/lib/test/auto/PublisherNonStrictTest.xml (RunModel)" time="0.02" />
  <testcase classname="ptolemy.util.test.junit.AutoTests" name="[260] /home/travis/build/icyphy/ptII/ptolemy/actor/lib/test/auto/PublisherPort1.xml (RunModel)" time="0.012" />
  <testcase classname="ptolemy.util.test.junit.AutoTests" name="[261] /home/travis/build/icyphy/ptII/ptolemy/actor/lib/test/auto/PublisherPort2.xml (RunModel)" time="0.009" />
  <testcase classname="ptolemy.util.test.junit.AutoTests" name="[262] /home/travis/build/icyphy/ptII/ptolemy/actor/lib/test/auto/PublisherPort3.xml (RunModel)" time="0.021" />
  <testcase classname="ptolemy.util.test.junit.AutoTests" name="[263] /home/travis/build/icyphy/ptII/ptolemy/actor/lib/test/auto/PublisherPort4.xml (RunModel)" time="0.019" />
  <testcase classname="ptolemy.util.test.junit.AutoTests" name="[264] /home/travis/build/icyphy/ptII/ptolemy/actor/lib/test/auto/PublisherPort5.xml (RunModel)" time="0.02" />
  <testcase classname="ptolemy.util.test.junit.AutoTests" name="[265] /home/travis/build/icyphy/ptII/ptolemy/actor/lib/test/auto/PublisherPort5LookAlike.xml (RunModel)" time="0.02" />
  <testcase classname="ptolemy.util.test.junit.AutoTests" name="[266] /home/travis/build/icyphy/ptII/ptolemy/actor/lib/test/auto/PublisherPort6.xml (RunModel)" time="0.013" />
  <testcase classname="ptolemy.util.test.junit.AutoTests" name="[267] /home/travis/build/icyphy/ptII/ptolemy/actor/lib/test/auto/PublisherPort7.xml (RunModel)" time="0.016" />
  <testcase classname="ptolemy.util.test.junit.AutoTests" name="[268] /home/travis/build/icyphy/ptII/ptolemy/actor/lib/test/auto/PublisherPort8.xml (RunModel)" time="0.018" />
  <testcase classname="ptolemy.util.test.junit.AutoTests" name="[269] /home/travis/build/icyphy/ptII/ptolemy/actor/lib/test/auto/PublisherPortSubscriberChannelVariablesAOC2.xml (RunModel)" time="0.037" />
  <testcase classname="ptolemy.util.test.junit.AutoTests" name="[270] /home/travis/build/icyphy/ptII/ptolemy/actor/lib/test/auto/PublisherPortSubscriberOpaqueWidthInference.xml (RunModel)" time="0.015" />
  <testcase classname="ptolemy.util.test.junit.AutoTests" name="[271] /home/travis/build/icyphy/ptII/ptolemy/actor/lib/test/auto/PublisherPortSubscriberPortAdjacent.xml (RunModel)" time="0.02" />
  <testcase classname="ptolemy.util.test.junit.AutoTests" name="[272] /home/travis/build/icyphy/ptII/ptolemy/actor/lib/test/auto/PublisherPortSubscriberPortExpression.xml (RunModel)" time="0.023" />
  <testcase classname="ptolemy.util.test.junit.AutoTests" name="[273] /home/travis/build/icyphy/ptII/ptolemy/actor/lib/test/auto/PublisherPortSubscriberPortOpaqueD3Reverse.xml (RunModel)" time="0.044" />
  <testcase classname="ptolemy.util.test.junit.AutoTests" name="[274] /home/travis/build/icyphy/ptII/ptolemy/actor/lib/test/auto/PublisherPortSubscriberPortOpaqueWidthInference.xml (RunModel)" time="0.036" />
  <testcase classname="ptolemy.util.test.junit.AutoTests" name="[275] /home/travis/build/icyphy/ptII/ptolemy/actor/lib/test/auto/PublisherPortToplevelSubscriberPortAOC.xml (RunModel)" time="0.012" />
  <testcase classname="ptolemy.util.test.junit.AutoTests" name="[276] /home/travis/build/icyphy/ptII/ptolemy/actor/lib/test/auto/PublisherSubscriber.xml (RunModel)" time="0.014" />
  <testcase classname="ptolemy.util.test.junit.AutoTests" name="[277] /home/travis/build/icyphy/ptII/ptolemy/actor/lib/test/auto/PublisherSubscriber10.xml (RunModel)" time="0.022" />
  <testcase classname="ptolemy.util.test.junit.AutoTests" name="[278] /home/travis/build/icyphy/ptII/ptolemy/actor/lib/test/auto/PublisherSubscriber10InitialOutputs.xml (RunModel)" time="0.024" />
  <testcase classname="ptolemy.util.test.junit.AutoTests" name="[279] /home/travis/build/icyphy/ptII/ptolemy/actor/lib/test/auto/PublisherSubscriber11.xml (RunModel)" time="0.032" />
  <testcase classname="ptolemy.util.test.junit.AutoTests" name="[280] /home/travis/build/icyphy/ptII/ptolemy/actor/lib/test/auto/PublisherSubscriber12.xml (RunModel)" time="0.033" />
  <testcase classname="ptolemy.util.test.junit.AutoTests" name="[281] /home/travis/build/icyphy/ptII/ptolemy/actor/lib/test/auto/PublisherSubscriber13.xml (RunModel)" time="0.015" />
  <testcase classname="ptolemy.util.test.junit.AutoTests" name="[282] /home/travis/build/icyphy/ptII/ptolemy/actor/lib/test/auto/PublisherSubscriber14.xml (RunModel)" time="0.023" />
  <testcase classname="ptolemy.util.test.junit.AutoTests" name="[283] /home/travis/build/icyphy/ptII/ptolemy/actor/lib/test/auto/PublisherSubscriber2.xml (RunModel)" time="0.012" />
  <testcase classname="ptolemy.util.test.junit.AutoTests" name="[284] /home/travis/build/icyphy/ptII/ptolemy/actor/lib/test/auto/PublisherSubscriber3.xml (RunModel)" time="0.01" />
  <testcase classname="ptolemy.util.test.junit.AutoTests" name="[285] /home/travis/build/icyphy/ptII/ptolemy/actor/lib/test/auto/PublisherSubscriber4.xml (RunModel)" time="0.015" />
  <testcase classname="ptolemy.util.test.junit.AutoTests" name="[286] /home/travis/build/icyphy/ptII/ptolemy/actor/lib/test/auto/PublisherSubscriber5.xml (RunModel)" time="0.019" />
  <testcase classname="ptolemy.util.test.junit.AutoTests" name="[287] /home/travis/build/icyphy/ptII/ptolemy/actor/lib/test/auto/PublisherSubscriber6.xml (RunModel)" time="0.015" />
  <testcase classname="ptolemy.util.test.junit.AutoTests" name="[288] /home/travis/build/icyphy/ptII/ptolemy/actor/lib/test/auto/PublisherSubscriber7.xml (RunModel)" time="0.019" />
  <testcase classname="ptolemy.util.test.junit.AutoTests" name="[289] /home/travis/build/icyphy/ptII/ptolemy/actor/lib/test/auto/PublisherSubscriber8.xml (RunModel)" time="0.038" />
  <testcase classname="ptolemy.util.test.junit.AutoTests" name="[290] /home/travis/build/icyphy/ptII/ptolemy/actor/lib/test/auto/PublisherSubscriber9.xml (RunModel)" time="0.016" />
  <testcase classname="ptolemy.util.test.junit.AutoTests" name="[291] /home/travis/build/icyphy/ptII/ptolemy/actor/lib/test/auto/PublisherSubscriberAdjacent.xml (RunModel)" time="0.016" />
  <testcase classname="ptolemy.util.test.junit.AutoTests" name="[292] /home/travis/build/icyphy/ptII/ptolemy/actor/lib/test/auto/PublisherSubscriberChannelVariablesAOC2.xml (RunModel)" time="0.03" />
  <testcase classname="ptolemy.util.test.junit.AutoTests" name="[293] /home/travis/build/icyphy/ptII/ptolemy/actor/lib/test/auto/PublisherSubscriberD3.xml (RunModel)" time="0.012" />
  <testcase classname="ptolemy.util.test.junit.AutoTests" name="[294] /home/travis/build/icyphy/ptII/ptolemy/actor/lib/test/auto/PublisherSubscriberD3Reverse.xml (RunModel)" time="0.011" />
  <testcase classname="ptolemy.util.test.junit.AutoTests" name="[295] /home/travis/build/icyphy/ptII/ptolemy/actor/lib/test/auto/PublisherSubscriberExpression.xml (RunModel)" time="0.017" />
  <testcase classname="ptolemy.util.test.junit.AutoTests" name="[296] /home/travis/build/icyphy/ptII/ptolemy/actor/lib/test/auto/PublisherSubscriberOpaque.xml (RunModel)" time="0.03" />
  <testcase classname="ptolemy.util.test.junit.AutoTests" name="[297] /home/travis/build/icyphy/ptII/ptolemy/actor/lib/test/auto/PublisherSubscriberOpaqueD3.xml (RunModel)" time="0.021" />
  <testcase classname="ptolemy.util.test.junit.AutoTests" name="[298] /home/travis/build/icyphy/ptII/ptolemy/actor/lib/test/auto/PublisherSubscriberOpaqueD3Reverse.xml (RunModel)" time="0.021" />
  <testcase classname="ptolemy.util.test.junit.AutoTests" name="[299] /home/travis/build/icyphy/ptII/ptolemy/actor/lib/test/auto/PublisherSubscriberOpaqueWidthInference.xml (RunModel)" time="0.017" />
  <testcase classname="ptolemy.util.test.junit.AutoTests" name="[300] /home/travis/build/icyphy/ptII/ptolemy/actor/lib/test/auto/PublisherTestSubscriber.xml (RunModel)" time="0.016" />
  <testcase classname="ptolemy.util.test.junit.AutoTests" name="[301] /home/travis/build/icyphy/ptII/ptolemy/actor/lib/test/auto/PublisherToplevelSubscriberPortAOC.xml (RunModel)" time="0.017" />
  <testcase classname="ptolemy.util.test.junit.AutoTests" name="[302] /home/travis/build/icyphy/ptII/ptolemy/actor/lib/test/auto/PulseFiringLimitDE.xml (RunModel)" time="0.012" />
  <testcase classname="ptolemy.util.test.junit.AutoTests" name="[303] /home/travis/build/icyphy/ptII/ptolemy/actor/lib/test/auto/Ramp1.xml (RunModel)" time="0.007" />
  <testcase classname="ptolemy.util.test.junit.AutoTests" name="[304] /home/travis/build/icyphy/ptII/ptolemy/actor/lib/test/auto/RampFiringLimitDE.xml (RunModel)" time="0.011" />
  <testcase classname="ptolemy.util.test.junit.AutoTests" name="[305] /home/travis/build/icyphy/ptII/ptolemy/actor/lib/test/auto/RampFiringLimitSDF.xml (RunModel)" time="0.01" />
  <testcase classname="ptolemy.util.test.junit.AutoTests" name="[306] /home/travis/build/icyphy/ptII/ptolemy/actor/lib/test/auto/RandomInteger.xml (RunModel)" time="0.01" />
  <testcase classname="ptolemy.util.test.junit.AutoTests" name="[307] /home/travis/build/icyphy/ptII/ptolemy/actor/lib/test/auto/ReadFile1.xml (RunModel)" time="0.008" />
  <testcase classname="ptolemy.util.test.junit.AutoTests" name="[308] /home/travis/build/icyphy/ptII/ptolemy/actor/lib/test/auto/ReadFile2.xml (RunModel)" time="0.009" />
  <testcase classname="ptolemy.util.test.junit.AutoTests" name="[309] /home/travis/build/icyphy/ptII/ptolemy/actor/lib/test/auto/Reader.xml (RunModel)" time="0.014" />
  <testcase classname="ptolemy.util.test.junit.AutoTests" name="[310] /home/travis/build/icyphy/ptII/ptolemy/actor/lib/test/auto/RecordAssemblerDisplayNameTest.xml (RunModel)" time="3.589" />
  <testcase classname="ptolemy.util.test.junit.AutoTests" name="[311] /home/travis/build/icyphy/ptII/ptolemy/actor/lib/test/auto/RecordAssemblerTypeError.xml (RunModel)" time="0.047" />
  <testcase classname="ptolemy.util.test.junit.AutoTests" name="[312] /home/travis/build/icyphy/ptII/ptolemy/actor/lib/test/auto/RecordDisassember.xml (RunModel)" time="0.035" />
  <testcase classname="ptolemy.util.test.junit.AutoTests" name="[313] /home/travis/build/icyphy/ptII/ptolemy/actor/lib/test/auto/RecordDisassemberDisplayNameTest.xml (RunModel)" time="0.021" />
  <testcase classname="ptolemy.util.test.junit.AutoTests" name="[314] /home/travis/build/icyphy/ptII/ptolemy/actor/lib/test/auto/RecordDisassembler.xml (RunModel)" time="0.013" />
  <testcase classname="ptolemy.util.test.junit.AutoTests" name="[315] /home/travis/build/icyphy/ptII/ptolemy/actor/lib/test/auto/RecordDisassembler2.xml (RunModel)" time="0.012" />
  <testcase classname="ptolemy.util.test.junit.AutoTests" name="[316] /home/travis/build/icyphy/ptII/ptolemy/actor/lib/test/auto/RecordUpdater.xml (RunModel)" time="0.011" />
  <testcase classname="ptolemy.util.test.junit.AutoTests" name="[317] /home/travis/build/icyphy/ptII/ptolemy/actor/lib/test/auto/RecordUpdater2.xml (RunModel)" time="0.01" />
  <testcase classname="ptolemy.util.test.junit.AutoTests" name="[318] /home/travis/build/icyphy/ptII/ptolemy/actor/lib/test/auto/RecursiveLattice.xml (RunModel)" time="0.011" />
  <testcase classname="ptolemy.util.test.junit.AutoTests" name="[319] /home/travis/build/icyphy/ptII/ptolemy/actor/lib/test/auto/Router.xml (RunModel)" time="3.028" />
  <testcase classname="ptolemy.util.test.junit.AutoTests" name="[320] /home/travis/build/icyphy/ptII/ptolemy/actor/lib/test/auto/Router2.xml (RunModel)" time="3.027" />
  <testcase classname="ptolemy.util.test.junit.AutoTests" name="[321] /home/travis/build/icyphy/ptII/ptolemy/actor/lib/test/auto/RunningMaximum.xml (RunModel)" time="0.022" />
  <testcase classname="ptolemy.util.test.junit.AutoTests" name="[322] /home/travis/build/icyphy/ptII/ptolemy/actor/lib/test/auto/RunningMinimum.xml (RunModel)" time="0.013" />
  <testcase classname="ptolemy.util.test.junit.AutoTests" name="[323] /home/travis/build/icyphy/ptII/ptolemy/actor/lib/test/auto/Scale.xml (RunModel)" time="0.012" />
  <testcase classname="ptolemy.util.test.junit.AutoTests" name="[324] /home/travis/build/icyphy/ptII/ptolemy/actor/lib/test/auto/Scale2.xml (RunModel)" time="0.012" />
  <testcase classname="ptolemy.util.test.junit.AutoTests" name="[325] /home/travis/build/icyphy/ptII/ptolemy/actor/lib/test/auto/Scale3.xml (RunModel)" time="0.022" />
  <testcase classname="ptolemy.util.test.junit.AutoTests" name="[326] /home/travis/build/icyphy/ptII/ptolemy/actor/lib/test/auto/ScaleArray.xml (RunModel)" time="0.02" />
  <testcase classname="ptolemy.util.test.junit.AutoTests" name="[327] /home/travis/build/icyphy/ptII/ptolemy/actor/lib/test/auto/ScaleArray2.xml (RunModel)" time="0.016" />
  <testcase classname="ptolemy.util.test.junit.AutoTests" name="[328] /home/travis/build/icyphy/ptII/ptolemy/actor/lib/test/auto/ScaleMatrix.xml (RunModel)" time="0.189" />
  <testcase classname="ptolemy.util.test.junit.AutoTests" name="[329] /home/travis/build/icyphy/ptII/ptolemy/actor/lib/test/auto/Select.xml (RunModel)" time="0.045" />
  <testcase classname="ptolemy.util.test.junit.AutoTests" name="[330] /home/travis/build/icyphy/ptII/ptolemy/actor/lib/test/auto/Select2.xml (RunModel)" time="0.021" />
  <testcase classname="ptolemy.util.test.junit.AutoTests" name="[331] /home/travis/build/icyphy/ptII/ptolemy/actor/lib/test/auto/SequenceToArray2.xml (RunModel)" time="0.146" />
  <testcase classname="ptolemy.util.test.junit.AutoTests" name="[332] /home/travis/build/icyphy/ptII/ptolemy/actor/lib/test/auto/SequentialClock.xml (RunModel)" time="0.014" />
  <testcase classname="ptolemy.util.test.junit.AutoTests" name="[333] /home/travis/build/icyphy/ptII/ptolemy/actor/lib/test/auto/SetVariable.xml (RunModel)" time="0.013" />
  <testcase classname="ptolemy.util.test.junit.AutoTests" name="[334] /home/travis/build/icyphy/ptII/ptolemy/actor/lib/test/auto/SetVariable2.xml (RunModel)" time="0.012" />
  <testcase classname="ptolemy.util.test.junit.AutoTests" name="[335] /home/travis/build/icyphy/ptII/ptolemy/actor/lib/test/auto/SetVariable3.xml (RunModel)" time="0.023" />
  <testcase classname="ptolemy.util.test.junit.AutoTests" name="[336] /home/travis/build/icyphy/ptII/ptolemy/actor/lib/test/auto/SetVariable4.xml (RunModel)" time="0.033" />
  <testcase classname="ptolemy.util.test.junit.AutoTests" name="[337] /home/travis/build/icyphy/ptII/ptolemy/actor/lib/test/auto/SetVariable5.xml (RunModel)" time="0.037" />
  <testcase classname="ptolemy.util.test.junit.AutoTests" name="[338] /home/travis/build/icyphy/ptII/ptolemy/actor/lib/test/auto/Sinewave.xml (RunModel)" time="0.033" />
  <testcase classname="ptolemy.util.test.junit.AutoTests" name="[339] /home/travis/build/icyphy/ptII/ptolemy/actor/lib/test/auto/Sinewave2.xml (RunModel)" time="0.026" />
  <testcase classname="ptolemy.util.test.junit.AutoTests" name="[340] /home/travis/build/icyphy/ptII/ptolemy/actor/lib/test/auto/Sinewave3.xml (RunModel)" time="0.026" />
  <testcase classname="ptolemy.util.test.junit.AutoTests" name="[341] /home/travis/build/icyphy/ptII/ptolemy/actor/lib/test/auto/SingleEvent.xml (RunModel)" time="0.009" />
  <testcase classname="ptolemy.util.test.junit.AutoTests" name="[342] /home/travis/build/icyphy/ptII/ptolemy/actor/lib/test/auto/Sleep.xml (RunModel)" time="6.017" />
  <testcase classname="ptolemy.util.test.junit.AutoTests" name="[343] /home/travis/build/icyphy/ptII/ptolemy/actor/lib/test/auto/SleepMultipleFire.xml (RunModel)" time="1.017" />
  <testcase classname="ptolemy.util.test.junit.AutoTests" name="[344] /home/travis/build/icyphy/ptII/ptolemy/actor/lib/test/auto/StopDE.xml (RunModel)" time="0.015" />
  <testcase classname="ptolemy.util.test.junit.AutoTests" name="[345] /home/travis/build/icyphy/ptII/ptolemy/actor/lib/test/auto/StopSDF.xml (RunModel)" time="0.012" />
  <testcase classname="ptolemy.util.test.junit.AutoTests" name="[346] /home/travis/build/icyphy/ptII/ptolemy/actor/lib/test/auto/StringConstant.xml (RunModel)" time="0.018" />
  <testcase classname="ptolemy.util.test.junit.AutoTests" name="[347] /home/travis/build/icyphy/ptII/ptolemy/actor/lib/test/auto/SubscriberPortInitialValues1.xml (RunModel)" time="0.023" />
  <testcase classname="ptolemy.util.test.junit.AutoTests" name="[348] /home/travis/build/icyphy/ptII/ptolemy/actor/lib/test/auto/SubscriberPortInitialValues13.xml (RunModel)" time="0.03" />
  <testcase classname="ptolemy.util.test.junit.AutoTests" name="[349] /home/travis/build/icyphy/ptII/ptolemy/actor/lib/test/auto/SubscriberPortInitialValues14.xml (RunModel)" time="0.016" />
  <testcase classname="ptolemy.util.test.junit.AutoTests" name="[350] /home/travis/build/icyphy/ptII/ptolemy/actor/lib/test/auto/SubscriberPortInitialValues2.xml (RunModel)" time="0.027" />
  <testcase classname="ptolemy.util.test.junit.AutoTests" name="[351] /home/travis/build/icyphy/ptII/ptolemy/actor/lib/test/auto/SubscriberPortInitialValues3.xml (RunModel)" time="0.024" />
  <testcase classname="ptolemy.util.test.junit.AutoTests" name="[352] /home/travis/build/icyphy/ptII/ptolemy/actor/lib/test/auto/SubscriptionAggregator.xml (RunModel)" time="0.012" />
  <testcase classname="ptolemy.util.test.junit.AutoTests" name="[353] /home/travis/build/icyphy/ptII/ptolemy/actor/lib/test/auto/SubscriptionAggregator2.xml (RunModel)" time="0.012" />
  <testcase classname="ptolemy.util.test.junit.AutoTests" name="[354] /home/travis/build/icyphy/ptII/ptolemy/actor/lib/test/auto/SubscriptionAggregator3.xml (RunModel)" time="0.016" />
  <testcase classname="ptolemy.util.test.junit.AutoTests" name="[355] /home/travis/build/icyphy/ptII/ptolemy/actor/lib/test/auto/SubscriptionAggregatorMultiply.xml (RunModel)" time="0.032" />
  <testcase classname="ptolemy.util.test.junit.AutoTests" name="[356] /home/travis/build/icyphy/ptII/ptolemy/actor/lib/test/auto/SubscriptionAggregatorPortMultiply1.xml (RunModel)" time="0.015" />
  <testcase classname="ptolemy.util.test.junit.AutoTests" name="[357] /home/travis/build/icyphy/ptII/ptolemy/actor/lib/test/auto/Switch.xml (RunModel)" time="0.022" />
  <testcase classname="ptolemy.util.test.junit.AutoTests" name="[358] /home/travis/build/icyphy/ptII/ptolemy/actor/lib/test/auto/Switch2.xml (RunModel)" time="0.014" />
  <testcase classname="ptolemy.util.test.junit.AutoTests" name="[359] /home/travis/build/icyphy/ptII/ptolemy/actor/lib/test/auto/SwitchDE.xml (RunModel)" time="0.015" />
  <testcase classname="ptolemy.util.test.junit.AutoTests" name="[360] /home/travis/build/icyphy/ptII/ptolemy/actor/lib/test/auto/SynchronizerDE.xml (RunModel)" time="0.024" />
  <testcase classname="ptolemy.util.test.junit.AutoTests" name="[361] /home/travis/build/icyphy/ptII/ptolemy/actor/lib/test/auto/Test.xml (RunModel)" time="0.011" />
  <testcase classname="ptolemy.util.test.junit.AutoTests" name="[362] /home/travis/build/icyphy/ptII/ptolemy/actor/lib/test/auto/TestExceptionAttribute1.xml (RunModel)" time="0.012" />
  <testcase classname="ptolemy.util.test.junit.AutoTests" name="[363] /home/travis/build/icyphy/ptII/ptolemy/actor/lib/test/auto/TestExceptionAttribute2.xml (RunModel)" time="0.009" />
  <testcase classname="ptolemy.util.test.junit.AutoTests" name="[364] /home/travis/build/icyphy/ptII/ptolemy/actor/lib/test/auto/TestExceptionAttribute3.xml (RunModel)" time="0.012" />
  <testcase classname="ptolemy.util.test.junit.AutoTests" name="[365] /home/travis/build/icyphy/ptII/ptolemy/actor/lib/test/auto/TestExceptionAttribute4.xml (RunModel)" time="0.007" />
  <testcase classname="ptolemy.util.test.junit.AutoTests" name="[366] /home/travis/build/icyphy/ptII/ptolemy/actor/lib/test/auto/TestExceptionHandler1.xml (RunModel)" time="0.009" />
  <testcase classname="ptolemy.util.test.junit.AutoTests" name="[367] /home/travis/build/icyphy/ptII/ptolemy/actor/lib/test/auto/TestExceptionHandler2.xml (RunModel)" time="0.014" />
  <testcase classname="ptolemy.util.test.junit.AutoTests" name="[368] /home/travis/build/icyphy/ptII/ptolemy/actor/lib/test/auto/TestExceptionHandler3.xml (RunModel)" time="0.007" />
  <testcase classname="ptolemy.util.test.junit.AutoTests" name="[369] /home/travis/build/icyphy/ptII/ptolemy/actor/lib/test/auto/TestExceptionHandler4.xml (RunModel)" time="0.008" />
  <testcase classname="ptolemy.util.test.junit.AutoTests" name="[370] /home/travis/build/icyphy/ptII/ptolemy/actor/lib/test/auto/TestRequireCorrectOrder.xml (RunModel)" time="0.017" />
  <testcase classname="ptolemy.util.test.junit.AutoTests" name="[371] /home/travis/build/icyphy/ptII/ptolemy/actor/lib/test/auto/TestSimple.xml (RunModel)" time="0.012" />
  <testcase classname="ptolemy.util.test.junit.AutoTests" name="[372] /home/travis/build/icyphy/ptII/ptolemy/actor/lib/test/auto/ThrowModelError.xml (RunModel)" time="0.012" />
  <testcase classname="ptolemy.util.test.junit.AutoTests" name="[373] /home/travis/build/icyphy/ptII/ptolemy/actor/lib/test/auto/TimeDelayMicrosteps.xml (RunModel)" time="0.024" />
  <testcase classname="ptolemy.util.test.junit.AutoTests" name="[374] /home/travis/build/icyphy/ptII/ptolemy/actor/lib/test/auto/TimeDelayMicrosteps2.xml (RunModel)" time="0.015" />
  <testcase classname="ptolemy.util.test.junit.AutoTests" name="[375] /home/travis/build/icyphy/ptII/ptolemy/actor/lib/test/auto/TimeDelayMicrosteps3.xml (RunModel)" time="0.013" />
  <testcase classname="ptolemy.util.test.junit.AutoTests" name="[376] /home/travis/build/icyphy/ptII/ptolemy/actor/lib/test/auto/TimeDelayVariableMicrosteps.xml (RunModel)" time="0.014" />
  <testcase classname="ptolemy.util.test.junit.AutoTests" name="[377] /home/travis/build/icyphy/ptII/ptolemy/actor/lib/test/auto/TimeGap.xml (RunModel)" time="0.017" />
  <testcase classname="ptolemy.util.test.junit.AutoTests" name="[378] /home/travis/build/icyphy/ptII/ptolemy/actor/lib/test/auto/TimeGap2.xml (RunModel)" time="0.012" />
  <testcase classname="ptolemy.util.test.junit.AutoTests" name="[379] /home/travis/build/icyphy/ptII/ptolemy/actor/lib/test/auto/TimedSinewave.xml (RunModel)" time="0.054" />
  <testcase classname="ptolemy.util.test.junit.AutoTests" name="[380] /home/travis/build/icyphy/ptII/ptolemy/actor/lib/test/auto/TimedSinewavePhase.xml (RunModel)" time="0.038" />
  <testcase classname="ptolemy.util.test.junit.AutoTests" name="[381] /home/travis/build/icyphy/ptII/ptolemy/actor/lib/test/auto/Timer.xml (RunModel)" time="0.018" />
  <testcase classname="ptolemy.util.test.junit.AutoTests" name="[382] /home/travis/build/icyphy/ptII/ptolemy/actor/lib/test/auto/TriangularDistTestModel.xml (RunModel)" time="0.02" />
  <testcase classname="ptolemy.util.test.junit.AutoTests" name="[383] /home/travis/build/icyphy/ptII/ptolemy/actor/lib/test/auto/TrigFunction.xml (RunModel)" time="0.01" />
  <testcase classname="ptolemy.util.test.junit.AutoTests" name="[384] /home/travis/build/icyphy/ptII/ptolemy/actor/lib/test/auto/TrigFunctionDE.xml (RunModel)" time="0.011" />
  <testcase classname="ptolemy.util.test.junit.AutoTests" name="[385] /home/travis/build/icyphy/ptII/ptolemy/actor/lib/test/auto/TrigFunctionInverse.xml (RunModel)" time="0.01" />
  <testcase classname="ptolemy.util.test.junit.AutoTests" name="[386] /home/travis/build/icyphy/ptII/ptolemy/actor/lib/test/auto/TrigFunctionTan.xml (RunModel)" time="0.008" />
  <testcase classname="ptolemy.util.test.junit.AutoTests" name="[387] /home/travis/build/icyphy/ptII/ptolemy/actor/lib/test/auto/TriggeredClock.xml (RunModel)" time="0.009" />
  <testcase classname="ptolemy.util.test.junit.AutoTests" name="[388] /home/travis/build/icyphy/ptII/ptolemy/actor/lib/test/auto/URLDirectoryReader.xml (RunModel)" time="0.115" />
  <testcase classname="ptolemy.util.test.junit.AutoTests" name="[389] /home/travis/build/icyphy/ptII/ptolemy/actor/lib/test/auto/URLDirectoryReader3.xml (RunModel)" time="1.313" />
  <testcase classname="ptolemy.util.test.junit.AutoTests" name="[390] /home/travis/build/icyphy/ptII/ptolemy/actor/lib/test/auto/UnaryMathFunction.xml (RunModel)" time="0.048" />
  <testcase classname="ptolemy.util.test.junit.AutoTests" name="[391] /home/travis/build/icyphy/ptII/ptolemy/actor/lib/test/auto/Uniform.xml (RunModel)" time="0.019" />
  <testcase classname="ptolemy.util.test.junit.AutoTests" name="[392] /home/travis/build/icyphy/ptII/ptolemy/actor/lib/test/auto/UnionDisassemblerTest.xml (RunModel)" time="0.014" />
  <testcase classname="ptolemy.util.test.junit.AutoTests" name="[393] /home/travis/build/icyphy/ptII/ptolemy/actor/lib/test/auto/UtilityFunctions.xml (RunModel)" time="0.009" />
  <testcase classname="ptolemy.util.test.junit.AutoTests" name="[394] /home/travis/build/icyphy/ptII/ptolemy/actor/lib/test/auto/VariableSleep.xml (RunModel)" time="0.514" />
  <testcase classname="ptolemy.util.test.junit.AutoTests" name="[395] /home/travis/build/icyphy/ptII/ptolemy/actor/lib/test/auto/VectorAssemblerDisassemblerCT.xml (RunModel)" time="0.144" />
  <testcase classname="ptolemy.util.test.junit.AutoTests" name="[396] /home/travis/build/icyphy/ptII/ptolemy/actor/lib/test/auto/VectorAssemblerDisassemblerDE.xml (RunModel)" time="0.018" />
  <testcase classname="ptolemy.util.test.junit.AutoTests" name="[397] /home/travis/build/icyphy/ptII/ptolemy/actor/lib/test/auto/VectorAssemblerDisassemblerSDF.xml (RunModel)" time="0.021" />
  <testcase classname="ptolemy.util.test.junit.AutoTests" name="[398] /home/travis/build/icyphy/ptII/ptolemy/actor/lib/test/auto/WallClockTime.xml (RunModel)" time="1.017" />
  <testcase classname="ptolemy.util.test.junit.AutoTests" name="[399] /home/travis/build/icyphy/ptII/ptolemy/actor/lib/test/auto/WidthTestWithSubscriberPublisher.xml (RunModel)" time="0.042" />
  <testcase classname="ptolemy.util.test.junit.AutoTests" name="[400] /home/travis/build/icyphy/ptII/ptolemy/actor/lib/test/auto/WidthTestWithSubscriberPublisher2.xml (RunModel)" time="0.016" />
  <testcase classname="ptolemy.util.test.junit.AutoTests" name="[401] /home/travis/build/icyphy/ptII/ptolemy/actor/lib/test/auto/WidthTestWithSubscriberPublisher3.xml (RunModel)" time="0.017" />
  <testcase classname="ptolemy.util.test.junit.AutoTests" name="[402] /home/travis/build/icyphy/ptII/ptolemy/actor/lib/test/auto/Writer.xml (RunModel)" time="0.011" />
  <testcase classname="ptolemy.util.test.junit.AutoTests" name="[403] /home/travis/build/icyphy/ptII/ptolemy/actor/lib/test/auto/array.xml (RunModel)" time="0.009" />
  <testcase classname="ptolemy.util.test.junit.AutoTests" name="[404] /home/travis/build/icyphy/ptII/ptolemy/actor/lib/test/auto/array2.xml (RunModel)" time="0.017" />
  <testcase classname="ptolemy.util.test.junit.AutoTests" name="[405] /home/travis/build/icyphy/ptII/ptolemy/actor/lib/test/auto/arrayType.xml (RunModel)" time="0.017" />
  <testcase classname="ptolemy.util.test.junit.AutoTests" name="[406] /home/travis/build/icyphy/ptII/ptolemy/actor/lib/test/auto/arrayType10.xml (RunModel)" time="0.01" />
  <testcase classname="ptolemy.util.test.junit.AutoTests" name="[407] /home/travis/build/icyphy/ptII/ptolemy/actor/lib/test/auto/arrayType11.xml (RunModel)" time="0.01" />
  <testcase classname="ptolemy.util.test.junit.AutoTests" name="[408] /home/travis/build/icyphy/ptII/ptolemy/actor/lib/test/auto/arrayType12.xml (RunModel)" time="0.01" />
  <testcase classname="ptolemy.util.test.junit.AutoTests" name="[409] /home/travis/build/icyphy/ptII/ptolemy/actor/lib/test/auto/arrayType13.xml (RunModel)" time="0.01" />
  <testcase classname="ptolemy.util.test.junit.AutoTests" name="[410] /home/travis/build/icyphy/ptII/ptolemy/actor/lib/test/auto/arrayType14.xml (RunModel)" time="0.009" />
  <testcase classname="ptolemy.util.test.junit.AutoTests" name="[411] /home/travis/build/icyphy/ptII/ptolemy/actor/lib/test/auto/arrayType15.xml (RunModel)" time="0.011" />
  <testcase classname="ptolemy.util.test.junit.AutoTests" name="[412] /home/travis/build/icyphy/ptII/ptolemy/actor/lib/test/auto/arrayType16.xml (RunModel)" time="0.01" />
  <testcase classname="ptolemy.util.test.junit.AutoTests" name="[413] /home/travis/build/icyphy/ptII/ptolemy/actor/lib/test/auto/arrayType17.xml (RunModel)" time="0.01" />
  <testcase classname="ptolemy.util.test.junit.AutoTests" name="[414] /home/travis/build/icyphy/ptII/ptolemy/actor/lib/test/auto/arrayType18.xml (RunModel)" time="0.009" />
  <testcase classname="ptolemy.util.test.junit.AutoTests" name="[415] /home/travis/build/icyphy/ptII/ptolemy/actor/lib/test/auto/arrayType19.xml (RunModel)" time="0.008" />
  <testcase classname="ptolemy.util.test.junit.AutoTests" name="[416] /home/travis/build/icyphy/ptII/ptolemy/actor/lib/test/auto/arrayType2.xml (RunModel)" time="0.009" />
  <testcase classname="ptolemy.util.test.junit.AutoTests" name="[417] /home/travis/build/icyphy/ptII/ptolemy/actor/lib/test/auto/arrayType20.xml (RunModel)" time="0.01" />
  <testcase classname="ptolemy.util.test.junit.AutoTests" name="[418] /home/travis/build/icyphy/ptII/ptolemy/actor/lib/test/auto/arrayType21.xml (RunModel)" time="0.009" />
  <testcase classname="ptolemy.util.test.junit.AutoTests" name="[419] /home/travis/build/icyphy/ptII/ptolemy/actor/lib/test/auto/arrayType22.xml (RunModel)" time="0.009" />
  <testcase classname="ptolemy.util.test.junit.AutoTests" name="[420] /home/travis/build/icyphy/ptII/ptolemy/actor/lib/test/auto/arrayType23.xml (RunModel)" time="0.012" />
  <testcase classname="ptolemy.util.test.junit.AutoTests" name="[421] /home/travis/build/icyphy/ptII/ptolemy/actor/lib/test/auto/arrayType24.xml (RunModel)" time="0.01" />
  <testcase classname="ptolemy.util.test.junit.AutoTests" name="[422] /home/travis/build/icyphy/ptII/ptolemy/actor/lib/test/auto/arrayType25.xml (RunModel)" time="0.012" />
  <testcase classname="ptolemy.util.test.junit.AutoTests" name="[423] /home/travis/build/icyphy/ptII/ptolemy/actor/lib/test/auto/arrayType26.xml (RunModel)" time="0.01" />
  <testcase classname="ptolemy.util.test.junit.AutoTests" name="[424] /home/travis/build/icyphy/ptII/ptolemy/actor/lib/test/auto/arrayType27.xml (RunModel)" time="0.009" />
  <testcase classname="ptolemy.util.test.junit.AutoTests" name="[425] /home/travis/build/icyphy/ptII/ptolemy/actor/lib/test/auto/arrayType28.xml (RunModel)" time="0.013" />
  <testcase classname="ptolemy.util.test.junit.AutoTests" name="[426] /home/travis/build/icyphy/ptII/ptolemy/actor/lib/test/auto/arrayType3.xml (RunModel)" time="0.009" />
  <testcase classname="ptolemy.util.test.junit.AutoTests" name="[427] /home/travis/build/icyphy/ptII/ptolemy/actor/lib/test/auto/arrayType4.xml (RunModel)" time="0.011" />
  <testcase classname="ptolemy.util.test.junit.AutoTests" name="[428] /home/travis/build/icyphy/ptII/ptolemy/actor/lib/test/auto/arrayType5.xml (RunModel)" time="0.01" />
  <testcase classname="ptolemy.util.test.junit.AutoTests" name="[429] /home/travis/build/icyphy/ptII/ptolemy/actor/lib/test/auto/arrayType6.xml (RunModel)" time="0.01" />
  <testcase classname="ptolemy.util.test.junit.AutoTests" name="[430] /home/travis/build/icyphy/ptII/ptolemy/actor/lib/test/auto/arrayType7.xml (RunModel)" time="0.022" />
  <testcase classname="ptolemy.util.test.junit.AutoTests" name="[431] /home/travis/build/icyphy/ptII/ptolemy/actor/lib/test/auto/arrayType8.xml (RunModel)" time="0.016" />
  <testcase classname="ptolemy.util.test.junit.AutoTests" name="[432] /home/travis/build/icyphy/ptII/ptolemy/actor/lib/test/auto/arrayType9.xml (RunModel)" time="0.009" />
  <testcase classname="ptolemy.util.test.junit.AutoTests" name="[433] /home/travis/build/icyphy/ptII/ptolemy/actor/lib/test/auto/cast.xml (RunModel)" time="0.037" />
  <testcase classname="ptolemy.util.test.junit.AutoTests" name="[434] /home/travis/build/icyphy/ptII/ptolemy/actor/lib/test/auto/compositeMultiPort.xml (RunModel)" time="0.05" />
  <testcase classname="ptolemy.util.test.junit.AutoTests" name="[435] /home/travis/build/icyphy/ptII/ptolemy/actor/lib/test/auto/expressionCastInference.xml (RunModel)" time="0.038" />
  <testcase classname="ptolemy.util.test.junit.AutoTests" name="[436] /home/travis/build/icyphy/ptII/ptolemy/actor/lib/test/auto/expressionCastInference2.xml (RunModel)" time="0.03" />
  <testcase classname="ptolemy.util.test.junit.AutoTests" name="[437] /home/travis/build/icyphy/ptII/ptolemy/actor/lib/test/auto/expressionInference.xml (RunModel)" time="0.035" />
  <testcase classname="ptolemy.util.test.junit.AutoTests" name="[438] /home/travis/build/icyphy/ptII/ptolemy/actor/lib/test/auto/expression_bug.xml (RunModel)" time="0.035" />
  <testcase classname="ptolemy.util.test.junit.AutoTests" name="[439] /home/travis/build/icyphy/ptII/ptolemy/actor/lib/test/auto/factorial.xml (RunModel)" time="0.104" />
  <testcase classname="ptolemy.util.test.junit.AutoTests" name="[440] /home/travis/build/icyphy/ptII/ptolemy/actor/lib/test/auto/filterTest1.xml (RunModel)" time="0.014" />
  <testcase classname="ptolemy.util.test.junit.AutoTests" name="[441] /home/travis/build/icyphy/ptII/ptolemy/actor/lib/test/auto/funcApplyInConst.xml (RunModel)" time="0.007" />
  <testcase classname="ptolemy.util.test.junit.AutoTests" name="[442] /home/travis/build/icyphy/ptII/ptolemy/actor/lib/test/auto/funcApplyInExpr.xml (RunModel)" time="0.007" />
  <testcase classname="ptolemy.util.test.junit.AutoTests" name="[443] /home/travis/build/icyphy/ptII/ptolemy/actor/lib/test/auto/function.xml (RunModel)" time="0.009" />
  <testcase classname="ptolemy.util.test.junit.AutoTests" name="[444] /home/travis/build/icyphy/ptII/ptolemy/actor/lib/test/auto/function2.xml (RunModel)" time="0.01" />
  <testcase classname="ptolemy.util.test.junit.AutoTests" name="[445] /home/travis/build/icyphy/ptII/ptolemy/actor/lib/test/auto/function3.xml (RunModel)" time="0.009" />
  <testcase classname="ptolemy.util.test.junit.AutoTests" name="[446] /home/travis/build/icyphy/ptII/ptolemy/actor/lib/test/auto/functionClosureTest1.xml (RunModel)" time="0.012" />
  <testcase classname="ptolemy.util.test.junit.AutoTests" name="[447] /home/travis/build/icyphy/ptII/ptolemy/actor/lib/test/auto/functionClosureTest2.xml (RunModel)" time="0.011" />
  <testcase classname="ptolemy.util.test.junit.AutoTests" name="[448] /home/travis/build/icyphy/ptII/ptolemy/actor/lib/test/auto/functionClosureTest3.xml (RunModel)" time="0.01" />
  <testcase classname="ptolemy.util.test.junit.AutoTests" name="[449] /home/travis/build/icyphy/ptII/ptolemy/actor/lib/test/auto/functionClosureTest4.xml (RunModel)" time="0.017" />
  <testcase classname="ptolemy.util.test.junit.AutoTests" name="[450] /home/travis/build/icyphy/ptII/ptolemy/actor/lib/test/auto/functionClosureTest5.xml (RunModel)" time="0.013" />
  <testcase classname="ptolemy.util.test.junit.AutoTests" name="[451] /home/travis/build/icyphy/ptII/ptolemy/actor/lib/test/auto/functionClosureTest6.xml (RunModel)" time="0.009" />
  <testcase classname="ptolemy.util.test.junit.AutoTests" name="[452] /home/travis/build/icyphy/ptII/ptolemy/actor/lib/test/auto/functionsOnArcs.xml (RunModel)" time="0.011" />
  <testcase classname="ptolemy.util.test.junit.AutoTests" name="[453] /home/travis/build/icyphy/ptII/ptolemy/actor/lib/test/auto/functionsOnArcsHOF.xml (RunModel)" time="0.016" />
  <testcase classname="ptolemy.util.test.junit.AutoTests" name="[454] /home/travis/build/icyphy/ptII/ptolemy/actor/lib/test/auto/logic.xml (RunModel)" time="0.019" />
  <testcase classname="ptolemy.util.test.junit.AutoTests" name="[455] /home/travis/build/icyphy/ptII/ptolemy/actor/lib/test/auto/matrixType.xml (RunModel)" time="0.011" />
  <testcase classname="ptolemy.util.test.junit.AutoTests" name="[456] /home/travis/build/icyphy/ptII/ptolemy/actor/lib/test/auto/matrixType10.xml (RunModel)" time="0.01" />
  <testcase classname="ptolemy.util.test.junit.AutoTests" name="[457] /home/travis/build/icyphy/ptII/ptolemy/actor/lib/test/auto/matrixType11.xml (RunModel)" time="0.01" />
  <testcase classname="ptolemy.util.test.junit.AutoTests" name="[458] /home/travis/build/icyphy/ptII/ptolemy/actor/lib/test/auto/matrixType12.xml (RunModel)" time="0.013" />
  <testcase classname="ptolemy.util.test.junit.AutoTests" name="[459] /home/travis/build/icyphy/ptII/ptolemy/actor/lib/test/auto/matrixType13.xml (RunModel)" time="0.01" />
  <testcase classname="ptolemy.util.test.junit.AutoTests" name="[460] /home/travis/build/icyphy/ptII/ptolemy/actor/lib/test/auto/matrixType14.xml (RunModel)" time="0.011" />
  <testcase classname="ptolemy.util.test.junit.AutoTests" name="[461] /home/travis/build/icyphy/ptII/ptolemy/actor/lib/test/auto/matrixType2.xml (RunModel)" time="0.01" />
  <testcase classname="ptolemy.util.test.junit.AutoTests" name="[462] /home/travis/build/icyphy/ptII/ptolemy/actor/lib/test/auto/matrixType3.xml (RunModel)" time="0.015" />
  <testcase classname="ptolemy.util.test.junit.AutoTests" name="[463] /home/travis/build/icyphy/ptII/ptolemy/actor/lib/test/auto/matrixType4.xml (RunModel)" time="0.023" />
  <testcase classname="ptolemy.util.test.junit.AutoTests" name="[464] /home/travis/build/icyphy/ptII/ptolemy/actor/lib/test/auto/matrixType5.xml (RunModel)" time="0.021" />
  <testcase classname="ptolemy.util.test.junit.AutoTests" name="[465] /home/travis/build/icyphy/ptII/ptolemy/actor/lib/test/auto/matrixType6.xml (RunModel)" time="0.029" />
  <testcase classname="ptolemy.util.test.junit.AutoTests" name="[466] /home/travis/build/icyphy/ptII/ptolemy/actor/lib/test/auto/matrixType7.xml (RunModel)" time="0.015" />
  <testcase classname="ptolemy.util.test.junit.AutoTests" name="[467] /home/travis/build/icyphy/ptII/ptolemy/actor/lib/test/auto/matrixType8.xml (RunModel)" time="0.033" />
  <testcase classname="ptolemy.util.test.junit.AutoTests" name="[468] /home/travis/build/icyphy/ptII/ptolemy/actor/lib/test/auto/matrixType9.xml (RunModel)" time="0.023" />
  <testcase classname="ptolemy.util.test.junit.AutoTests" name="[469] /home/travis/build/icyphy/ptII/ptolemy/actor/lib/test/auto/paraFunctest.xml (RunModel)" time="0.012" />
  <testcase classname="ptolemy.util.test.junit.AutoTests" name="[470] /home/travis/build/icyphy/ptII/ptolemy/actor/lib/test/auto/paraFunctest2.xml (RunModel)" time="0.009" />
  <testcase classname="ptolemy.util.test.junit.AutoTests" name="[471] /home/travis/build/icyphy/ptII/ptolemy/actor/lib/test/auto/parameterPassing.xml (RunModel)" time="0.01" />
  <testcase classname="ptolemy.util.test.junit.AutoTests" name="[472] /home/travis/build/icyphy/ptII/ptolemy/actor/lib/test/auto/record.xml (RunModel)" time="0.012" />
  <testcase classname="ptolemy.util.test.junit.AutoTests" name="[473] /home/travis/build/icyphy/ptII/ptolemy/actor/lib/test/auto/sizedarray1.xml (RunModel)" time="0.01" />
  <testcase classname="ptolemy.util.test.junit.AutoTests" name="[474] /home/travis/build/icyphy/ptII/ptolemy/actor/lib/test/auto/sizedarray2.xml (RunModel)" time="0.012" />
  <testcase classname="ptolemy.util.test.junit.AutoTests" name="[475] /home/travis/build/icyphy/ptII/ptolemy/actor/lib/test/auto/twoPublishers.xml (RunModel)" time="0.025" />
  <system-out><![CDATA[/home/travis/build/icyphy/ptII/ptolemy/actor/lib/test/AbsoluteValue.tcl
testDefs.tcl: setting time out to 9000 seconds at Thu Jul 18 13:41:44 UTC 2019
103 ms. Memory: 120832K Free: 85956K (71%)
5 ms. Memory: 120832K Free: 84411K (70%)
5 ms. Memory: 120832K Free: 83379K (69%)
6 ms. Memory: 120832K Free: 82884K (69%)
/home/travis/build/icyphy/ptII/ptolemy/actor/lib/test/AddSubtract.tcl
33 ms. Memory: 120832K Free: 80836K (67%)
16 ms. Memory: 120832K Free: 80315K (66%)
15 ms. Memory: 120832K Free: 79298K (66%)
13 ms. Memory: 120832K Free: 78274K (65%)
94 ms. Memory: 120832K Free: 75716K (63%)
15 ms. Memory: 120832K Free: 74692K (62%)
/home/travis/build/icyphy/ptII/ptolemy/actor/lib/test/Average.tcl
8 ms. Memory: 120832K Free: 73154K (61%)
7 ms. Memory: 120832K Free: 72115K (60%)
/home/travis/build/icyphy/ptII/ptolemy/actor/lib/test/Bernoulli.tcl
18 ms. Memory: 120832K Free: 70082K (58%)
2 ms. Memory: 120832K Free: 70082K (58%)
/home/travis/build/icyphy/ptII/ptolemy/actor/lib/test/Clock.tcl
preinitializing
resolving types
initializing
executing number 1
wrapping up
idle
30 ms. Memory: 120832K Free: 67010K (55%)
Completed execution with 5 iterations
preinitializing
resolving types
initializing
executing number 1
wrapping up
idle
12 ms. Memory: 120832K Free: 66500K (55%)
Completed execution with 5 iterations
preinitializing
resolving types
initializing
executing number 1
wrapping up
idle
11 ms. Memory: 120832K Free: 65986K (55%)
Completed execution with 5 iterations
/home/travis/build/icyphy/ptII/ptolemy/actor/lib/test/Commutator.tcl
16 ms. Memory: 120832K Free: 63923K (53%)
21 ms. Memory: 120832K Free: 62914K (52%)
16 ms. Memory: 120832K Free: 57284K (47%)
/home/travis/build/icyphy/ptII/ptolemy/actor/lib/test/Const.tcl
4 ms. Memory: 120832K Free: 55731K (46%)
2 ms. Memory: 120832K Free: 55236K (46%)
4 ms. Memory: 120832K Free: 54720K (45%)
2 ms. Memory: 120832K Free: 54212K (45%)
3 ms. Memory: 120832K Free: 53188K (44%)
15 ms. Memory: 120832K Free: 51635K (43%)
6 ms. Memory: 120832K Free: 50626K (42%)
4 ms. Memory: 120832K Free: 50116K (41%)
/home/travis/build/icyphy/ptII/ptolemy/actor/lib/test/CurrentTime.tcl
preinitializing
resolving types
initializing
executing number 1
wrapping up
idle
18 ms. Memory: 120832K Free: 48068K (40%)
Completed execution with 11 iterations
/home/travis/build/icyphy/ptII/ptolemy/actor/lib/test/DB.tcl
48 ms. Memory: 120832K Free: 107192K (89%)
12 ms. Memory: 120832K Free: 106682K (88%)
10 ms. Memory: 120832K Free: 106680K (88%)
/home/travis/build/icyphy/ptII/ptolemy/actor/lib/test/DiscreteRandomSource.tcl
preinitializing
resolving types
initializing
executing number 1
wrapping up
idle
14 ms. Memory: 120832K Free: 105129K (87%)
Completed execution with 4 iterations
preinitializing
resolving types
initializing
executing number 1
wrapping up
idle
5 ms. Memory: 120832K Free: 104634K (87%)
Completed execution with 4 iterations
preinitializing
resolving types
initializing
executing number 1
wrapping up
idle
2 ms. Memory: 120832K Free: 104120K (86%)
Completed execution with 4 iterations
preinitializing
resolving types
initializing
executing number 1
wrapping up
idle
11 ms. Memory: 120832K Free: 103610K (86%)
Completed execution with 4 iterations
preinitializing
resolving types
initializing
executing number 1
wrapping up
idle
8 ms. Memory: 120832K Free: 103065K (85%)
Completed execution with 4 iterations
/home/travis/build/icyphy/ptII/ptolemy/actor/lib/test/Distributor.tcl
22 ms. Memory: 120832K Free: 105658K (87%)
9 ms. Memory: 120832K Free: 104938K (87%)
StreamChangeRequest.changeExecuted(): <deleteEntity name="rec2"/> succeeded
StreamChangeRequest.changeExecuted(): <deleteRelation name="r2"/> succeeded
StreamChangeRequest.changeExecuted(): Record firings per iteration succeeded
5 ms. Memory: 120832K Free: 102586K (85%)
/home/travis/build/icyphy/ptII/ptolemy/actor/lib/test/Exit.tcl
Exit.tcl: this will print a message about Manager.exitAfterWrapup, which can be ignored.
11 ms. Memory: 120832K Free: 99298K (82%)
/home/travis/build/icyphy/ptII/ptolemy/actor/lib/test/Expression.tcl
14 ms. Memory: 120832K Free: 96088K (80%)
4 ms. Memory: 120832K Free: 95418K (79%)
3 ms. Memory: 120832K Free: 94696K (78%)
preinitializing
resolving types
initializing
executing number 1
wrapping up
idle
6 ms. Memory: 120832K Free: 92994K (77%)
Completed execution with 6 iterations
4 ms. Memory: 120832K Free: 92346K (76%)
3 ms. Memory: 120832K Free: 91624K (76%)
5 ms. Memory: 120832K Free: 90298K (75%)
4 ms. Memory: 120832K Free: 88920K (74%)
10 ms. Memory: 120832K Free: 106157K (88%)
/home/travis/build/icyphy/ptII/ptolemy/actor/lib/test/Gaussian.tcl
3 ms. Memory: 120832K Free: 104637K (87%)
sleeping 1 seconds: .......................................................................................................................................................................................................................................................................................................................................................................................................................................................................................................................................................................................................................................................................................................................................................................................................................................................................................................................................................................................................................................................................................................................................................................................................................................................................................................................................................................................................................................................................................................................................................................................................................................................................................................................................................................................................................................................................................................................................................................................................................................................................................................................................................................................................................................................................................................................................................................................................................................................................................................................................................................................................................................................................................................................................................................................................................................................................................................................................................................................................................................................................................................................................................................................................................................................................................................................................................................................................................................................................................................................................................................................................................................................................................................................................................................................................................................................................................................................................................................................................................................................................................................................................................................................................................................................................................................................................................................................................................................................................................................................................................................................................................................................................................................................................................................................................................................................................................................................................................................................................................................................................................................................................................................................................................................................................................................................................................................................................................................................................................................................................................................................................................................................................................................................................................................................................................................................................................................................................................................................................................................................................................................................................................................................................................................................................................................................................................................................................................................................................................................................................................................................................................................................................................................................................................................................................................................................................................................................................................................................................................................................................................................................................................................................................................................................................................................................................................................................................................................................................................................................................................................................................................................................................................................................................................................................................................................................................................................................................................................................................................................................................................................................................................................................................................................................................................................................................................................................................................................................................................................................................................................................................................................................................................................................................................................................................................................................................................................................................................................................................................................................................................................................................................................................................................................................................................................................................................................................................................................................................................................................................................................................................................................................................................................................................................................................................................................................................................................................................................................................................................................................................................................................................................................................................................................................................................................................................................................................................................................................................................................................................................................................................................................................................................................................................................................................................................................................................................................................................................................................................................................................................................................2 ms. Memory: 120832K Free: 92246K (76%)
2 ms. Memory: 120832K Free: 91726K (76%)
2 ms. Memory: 120832K Free: 91222K (75%)
1 ms. Memory: 120832K Free: 90708K (75%)
2 ms. Memory: 120832K Free: 89652K (74%)
/home/travis/build/icyphy/ptII/ptolemy/actor/lib/test/IIR.tcl
/home/travis/build/icyphy/ptII/ptolemy/actor/lib/test/Interpolator.tcl
4 ms. Memory: 120832K Free: 86102K (71%)
2 ms. Memory: 120832K Free: 85558K (71%)
2 ms. Memory: 120832K Free: 85078K (70%)
2 ms. Memory: 120832K Free: 84558K (70%)
11 ms. Memory: 120832K Free: 83526K (69%)
2 ms. Memory: 120832K Free: 83030K (69%)
3 ms. Memory: 120832K Free: 82006K (68%)
2 ms. Memory: 120832K Free: 80982K (67%)
3 ms. Memory: 120832K Free: 79958K (66%)
2 ms. Memory: 120832K Free: 78934K (65%)
/home/travis/build/icyphy/ptII/ptolemy/actor/lib/test/MathFunction.tcl
4 ms. Memory: 120832K Free: 76886K (64%)
2 ms. Memory: 120832K Free: 75862K (63%)
2 ms. Memory: 120832K Free: 74838K (62%)
2 ms. Memory: 120832K Free: 73814K (61%)
4 ms. Memory: 120832K Free: 72790K (60%)
7 ms. Memory: 120832K Free: 70742K (59%)
/home/travis/build/icyphy/ptII/ptolemy/actor/lib/test/Maximum.tcl
3 ms. Memory: 120832K Free: 68694K (57%)
2 ms. Memory: 120832K Free: 68166K (56%)
2 ms. Memory: 120832K Free: 67670K (56%)
7 ms. Memory: 120832K Free: 67156K (56%)
/home/travis/build/icyphy/ptII/ptolemy/actor/lib/test/Minimum.tcl
8 ms. Memory: 120832K Free: 65102K (54%)
4 ms. Memory: 120832K Free: 64598K (53%)
3 ms. Memory: 120832K Free: 64070K (53%)
4 ms. Memory: 120832K Free: 63046K (52%)
/home/travis/build/icyphy/ptII/ptolemy/actor/lib/test/MultiplyDivide.tcl
9 ms. Memory: 120832K Free: 61526K (51%)
3 ms. Memory: 120832K Free: 105001K (87%)
2 ms. Memory: 120832K Free: 104473K (86%)
3 ms. Memory: 120832K Free: 103463K (86%)
2 ms. Memory: 120832K Free: 102953K (85%)
/home/travis/build/icyphy/ptII/ptolemy/actor/lib/test/OrderedMerge.tcl
Connections changed on port: inputA
Connections changed on port: inputB
Connections changed on port: output
Connections changed on port: output
Connections changed on port: output
Connections changed on port: input
.top. Preinitializing ...
Invoking preinitialize():  .top.OrderedMerge
Called preinitialize()
Invoking preinitialize():  .top.Ramp
Called preinitialize()
Invoking preinitialize():  .top.Ramp2
Called preinitialize()
Invoking preinitialize():  .top.Test
Called preinitialize()
Connections changed on port: inputA
Connections changed on port: output
Connections changed on port: output
Connections changed on port: input
Connections changed on port: inputB
Connections changed on port: output
.top. Finished preinitialize().
Called initialize().
Invoking initialize():  .top.OrderedMerge
Initializing actor: .top.OrderedMerge
Adding a thread: .top.OrderedMerge
Invoking initialize():  .top.Ramp
Initializing actor: .top.Ramp
Adding a thread: .top.Ramp
Invoking initialize():  .top.Ramp2
Initializing actor: .top.Ramp2
Adding a thread: .top.Ramp2
Invoking initialize():  .top.Test
Initializing actor: .top.Test
Adding a thread: .top.Test
Called fire().
Checking for deadlock:
-- Starting thread.
Called initialize()
Called prefire()
Called fire()
-- Starting thread.
Called initialize()
-- Starting thread.
Called initialize()
Called prefire()
Called prefire()
There are 0 Blocked actors, 0 Stopped actors, and 4 active threads.
Waiting for actors to stop.
Called fire()
-- Starting thread.
Called initialize()
Called prefire()
Called fire()
Checking for deadlock:
There are 2 Blocked actors, 0 Stopped actors, and 4 active threads.
Waiting for actors to stop.
Called fire()
Called postfire()
Called prefire()
Called fire()
Called postfire()
Called prefire()
Called fire()
Checking for deadlock:
There are 3 Blocked actors, 0 Stopped actors, and 4 active threads.
Waiting for actors to stop.
Called postfire()
Called prefire()
Called fire()
Checking for deadlock:
There are 3 Blocked actors, 0 Stopped actors, and 4 active threads.
Waiting for actors to stop.
Read input token from inputA with value 0.0
Next port to read input from is inputB
Called postfire()
Called prefire()
Called fire()
Read input token from inputB with value 0.0
Called postfire()
Called prefire()
Called fire()
Checking for deadlock:
There are 2 Blocked actors, 0 Stopped actors, and 4 active threads.
Waiting for actors to stop.
Sent output token with value 0.0
Next port to read input from is inputA
Called postfire()
Called prefire()
Called fire()
Read input token from inputA with value 1.0
Sent output token with value 0.0
Next port to read input from is inputB
Called postfire()
Called prefire()
-- Read input: 0.0, which is expected to match: 0.0
Called fire()
Read input token from inputB with value 1.5
Called prefire()
Called fire()
-- Read input: 0.0, which is expected to match: 0.0
Called prefire()
Called fire()
Called postfire()
Called prefire()
Sent output token with value 1.0
Called fire()
Next port to read input from is inputA
Checking for deadlock:
Called postfire()
Called prefire()
Called fire()
There are 1 Blocked actors, 0 Stopped actors, and 4 active threads.
Waiting for actors to stop.
Called postfire()
Called prefire()
Read input token from inputA with value 2.0
Called fire()
Sent output token with value 1.5
-- Read input: 1.0, which is expected to match: 1.0
Called prefire()
Next port to read input from is inputB
Called postfire()
Called fire()
Called prefire()
Called fire()
Read input token from inputB with value 3.0
-- Read input: 1.5, which is expected to match: 1.5
Called prefire()
Sent output token with value 2.0
Called fire()
Next port to read input from is inputA
Called postfire()
Called prefire()
Called fire()
-- Read input: 2.0, which is expected to match: 2.0
Called prefire()
Called fire()
Checking for deadlock:
There are 2 Blocked actors, 0 Stopped actors, and 4 active threads.
Waiting for actors to stop.
Called postfire()
Called prefire()
Called fire()
Called postfire()
Called prefire()
Called fire()
Checking for deadlock:
Read input token from inputA with value 3.0
There are 2 Blocked actors, 0 Stopped actors, and 4 active threads.
Waiting for actors to stop.
Sent output token with value 3.0
-- Read input: 3.0, which is expected to match: 3.0
Next port to read input from is inputB
Called postfire()
Called prefire()
Called prefire()
Called fire()
Called fire()
Read input token from inputB with value 4.5
Called postfire()
Called prefire()
Called fire()
Sent output token with value 3.0
Checking for deadlock:
There are 1 Blocked actors, 0 Stopped actors, and 4 active threads.
Waiting for actors to stop.
Next port to read input from is inputA
Called postfire()
Called prefire()
Called fire()
Called postfire()
Called prefire()
Called fire()
Read input token from inputA with value 4.0
-- Read input: 3.0, which is expected to match: 3.0
Called prefire()
Called fire()
-- Read input: 4.0, which is expected to match: 4.0
Called prefire()
Called fire()
Past the end of training data. Read and discard all inputs.
Checking for deadlock:
There are 2 Blocked actors, 0 Stopped actors, and 4 active threads.
Waiting for actors to stop.
Called postfire()
Called prefire()
Called fire()
Checking for deadlock:
There are 3 Blocked actors, 0 Stopped actors, and 4 active threads.
Waiting for actors to stop.
Sent output token with value 4.0
Next port to read input from is inputA
Called postfire()
Called prefire()
Called fire()
Read input token from inputA with value 5.0
Called postfire()
Called prefire()
Called fire()
Sent output token with value 4.5
Next port to read input from is inputB
Called prefire()
Called fire()
Called postfire()
Called prefire()
Checking for deadlock:
Past the end of training data. Read and discard all inputs.
Called fire()
There are 2 Blocked actors, 0 Stopped actors, and 4 active threads.
Waiting for actors to stop.
Called postfire()
Called prefire()
Read input token from inputB with value 6.0
Called fire()
Checking for deadlock:
There are 1 Blocked actors, 0 Stopped actors, and 4 active threads.
Sent output token with value 5.0
Waiting for actors to stop.
Next port to read input from is inputA
Called postfire()
Called prefire()
Called fire()
Called prefire()
Called fire()
Past the end of training data. Read and discard all inputs.
Checking for deadlock:
Read input token from inputA with value 6.0
There are 2 Blocked actors, 0 Stopped actors, and 4 active threads.
Waiting for actors to stop.
Sent output token with value 6.0
Called prefire()
Called fire()
Past the end of training data. Read and discard all inputs.
Next port to read input from is inputB
Called postfire()
Checking for deadlock:
Called prefire()
There are 2 Blocked actors, 0 Stopped actors, and 4 active threads.
Waiting for actors to stop.
Called fire()
Called postfire()
Called prefire()
Called fire()
Read input token from inputB with value 7.5
Called postfire()
Sent output token with value 6.0
Checking for deadlock:
Called prefire()
Called fire()
Next port to read input from is inputA
Called postfire()
Called prefire()
Called fire()
There are 1 Blocked actors, 0 Stopped actors, and 4 active threads.
Waiting for actors to stop.
Read input token from inputA with value 7.0
Called prefire()
Called fire()
Past the end of training data. Read and discard all inputs.
Called prefire()
Called fire()
Past the end of training data. Read and discard all inputs.
Called postfire()
Called prefire()
Sent output token with value 7.0
Checking for deadlock:
Called fire()
Next port to read input from is inputA
Called postfire()
Called prefire()
Called fire()
There are 2 Blocked actors, 0 Stopped actors, and 4 active threads.
Waiting for actors to stop.
Read input token from inputA with value 8.0
-- Thread wrapup() called.
Called wrapup()
Sent output token with value 7.5
Next port to read input from is inputB
Called postfire()
Called prefire()
Called fire()
Thread .top.Ramp is exiting.
-- Thread stopped.
Called postfire()
Called prefire()
Called fire()
Read input token from inputB with value 9.0
Checking for deadlock:
There are 1 Blocked actors, 0 Stopped actors, and 3 active threads.
Waiting for actors to stop.
Called prefire()
Called fire()
Sent output token with value 8.0
Past the end of training data. Read and discard all inputs.
Called prefire()
Next port to read input from is inputA
Called postfire()
Called fire()
Called prefire()
Past the end of training data. Read and discard all inputs.
Called fire()
Checking for deadlock:
There are 2 Blocked actors, 0 Stopped actors, and 3 active threads.
Read input token from inputA with value 9.0
Waiting for actors to stop.
Called prefire()
Called fire()
Past the end of training data. Read and discard all inputs.
Sent output token with value 9.0
Checking for deadlock:
There are 2 Blocked actors, 0 Stopped actors, and 3 active threads.
Next port to read input from is inputB
Waiting for actors to stop.
Called postfire()
Called prefire()
Called fire()
Checking for deadlock:
There are 1 Blocked actors, 0 Stopped actors, and 3 active threads.
Waiting for actors to stop.
Read input token from inputB with value 10.5
Called prefire()
Called fire()
Past the end of training data. Read and discard all inputs.
Checking for deadlock:
There are 1 Blocked actors, 0 Stopped actors, and 3 active threads.
Waiting for actors to stop.
Sent output token with value 9.0
Called postfire()
Next port to read input from is inputA
Called prefire()
Called fire()
Called postfire()
Called prefire()
Called fire()
Checking for deadlock:
There are 2 Blocked actors, 0 Stopped actors, and 3 active threads.
Waiting for actors to stop.
Checking for deadlock:
There are 3 Blocked actors, 0 Stopped actors, and 3 active threads.
Actors have stopped.
Checking for deadlock:
There are 3 Blocked actors, 0 Stopped actors, and 3 active threads.
Deadlock detected.
Resolving Deadlock
Checking for deadlock:
There are 3 Blocked actors, 0 Stopped actors, and 3 active threads.
Artificial Deadlock - increasing queue capacity.
increasing the capacity of receiver ptolemy.actor.TypedIOPort {.top.OrderedMerge.inputB} to 2
Director: Called postfire().
Called postfire().
_stopRequested = false
_stopFireRequested = false
Returning from postfire(): true
Called fire().
Checking for deadlock:
There are 2 Blocked actors, 0 Stopped actors, and 3 active threads.
Waiting for actors to stop.
-- Thread wrapup() called.
Called wrapup()
Thread .top.Ramp2 is exiting.
-- Thread stopped.
Checking for deadlock:
There are 2 Blocked actors, 0 Stopped actors, and 2 active threads.
Actors have stopped.
Checking for deadlock:
There are 2 Blocked actors, 0 Stopped actors, and 2 active threads.
Deadlock detected.
Resolving Deadlock
Checking for deadlock:
There are 2 Blocked actors, 0 Stopped actors, and 2 active threads.
Deadlock detected: no processes blocked on write, but some are blocked on read.
Called postfire().
_stopRequested = false
_stopFireRequested = false
Returning from postfire(): false
Finished deactivating branches.
Called wrapup().
-- Thread wrapup() called.
Called wrapup()
Thread .top.Test is exiting.
-- Thread stopped.
-- Blocked Receiver call threw TerminateProcessException.
-- Thread wrapup() called.
Called wrapup()
Thread .top.OrderedMerge is exiting.
-- Thread stopped.
-- Blocked Receiver call threw TerminateProcessException.
71 ms. Memory: 120832K Free: 97833K (81%)
.top. Preinitializing ...
Invoking preinitialize():  .top.OrderedMerge
Called preinitialize()
Invoking preinitialize():  .top.Ramp
Called preinitialize()
Invoking preinitialize():  .top.Ramp2
Called preinitialize()
Invoking preinitialize():  .top.Test
Called preinitialize()
.top. Finished preinitialize().
Called initialize().
Invoking initialize():  .top.OrderedMerge
Initializing actor: .top.OrderedMerge
Adding a thread: .top.OrderedMerge
Invoking initialize():  .top.Ramp
Initializing actor: .top.Ramp
Adding a thread: .top.Ramp
Invoking initialize():  .top.Ramp2
Initializing actor: .top.Ramp2
Adding a thread: .top.Ramp2
Invoking initialize():  .top.Test
Initializing actor: .top.Test
Adding a thread: .top.Test
-- Starting thread.
Called initialize()
Called prefire()
Called fire()
-- Starting thread.
Called initialize()
Called prefire()
Called fire()
Called postfire()
Called prefire()
Called fire()
-- Starting thread.
Called initialize()
Called prefire()
Called fire()
Called postfire()
Called prefire()
Called fire()
Called fire().
Checking for deadlock:
There are 3 Blocked actors, 0 Stopped actors, and 4 active threads.
Waiting for actors to stop.
-- Starting thread.
Called initialize()
Called prefire()
Called fire()
Checking for deadlock:
There are 2 Blocked actors, 0 Stopped actors, and 4 active threads.
Waiting for actors to stop.
Called postfire()
Called prefire()
Called fire()
Checking for deadlock:
There are 3 Blocked actors, 0 Stopped actors, and 4 active threads.
Waiting for actors to stop.
Read input token from inputA with value 0.0
Next port to read input from is inputB
Called postfire()
Called prefire()
Called fire()
Called postfire()
Called prefire()
Called fire()
Checking for deadlock:
There are 3 Blocked actors, 0 Stopped actors, and 4 active threads.
Waiting for actors to stop.
Read input token from inputB with value 0.0
Checking for deadlock:
There are 2 Blocked actors, 0 Stopped actors, and 4 active threads.
Waiting for actors to stop.
-- Read input: 0.0, which is expected to match: 0.0
Called prefire()
Called fire()
Checking for deadlock:
There are 3 Blocked actors, 0 Stopped actors, and 4 active threads.
Waiting for actors to stop.
Sent output token with value 0.0
Next port to read input from is inputA
Called postfire()
Called prefire()
Called fire()
Checking for deadlock:
There are 2 Blocked actors, 0 Stopped actors, and 4 active threads.
Waiting for actors to stop.
Called postfire()
Called prefire()
Called fire()
Checking for deadlock:
There are 3 Blocked actors, 0 Stopped actors, and 4 active threads.
Waiting for actors to stop.
Read input token from inputA with value 1.0
Checking for deadlock:
There are 2 Blocked actors, 0 Stopped actors, and 4 active threads.
Waiting for actors to stop.
-- Read input: 0.0, which is expected to match: 0.0
Called prefire()
Called fire()
Checking for deadlock:
There are 3 Blocked actors, 0 Stopped actors, and 4 active threads.
Waiting for actors to stop.
Sent output token with value 0.0
Next port to read input from is inputB
Called postfire()
Called prefire()
Called fire()
Called postfire()
Called prefire()
Called fire()
Checking for deadlock:
There are 3 Blocked actors, 0 Stopped actors, and 4 active threads.
Waiting for actors to stop.
Read input token from inputB with value 1.5
-- Read input: 1.0, which is expected to match: 1.0
Called prefire()
Called fire()
Checking for deadlock:
There are 3 Blocked actors, 0 Stopped actors, and 4 active threads.
Waiting for actors to stop.
Sent output token with value 1.0
Next port to read input from is inputA
Called postfire()
Called prefire()
Called fire()
Checking for deadlock:
There are 2 Blocked actors, 0 Stopped actors, and 4 active threads.
Waiting for actors to stop.
Called postfire()
Called prefire()
Called fire()
Checking for deadlock:
There are 3 Blocked actors, 0 Stopped actors, and 4 active threads.
Waiting for actors to stop.
Read input token from inputA with value 2.0
Checking for deadlock:
There are 2 Blocked actors, 0 Stopped actors, and 4 active threads.
Waiting for actors to stop.
-- Read input: 1.5, which is expected to match: 1.5
Called prefire()
Called fire()
Checking for deadlock:
There are 3 Blocked actors, 0 Stopped actors, and 4 active threads.
Waiting for actors to stop.
Sent output token with value 1.5
Next port to read input from is inputB
Called postfire()
Called prefire()
Called fire()
Called postfire()
Called prefire()
Called fire()
Checking for deadlock:
There are 3 Blocked actors, 0 Stopped actors, and 4 active threads.
Waiting for actors to stop.
Read input token from inputB with value 3.0
-- Read input: 2.0, which is expected to match: 2.0
Called prefire()
Called fire()
Checking for deadlock:
There are 3 Blocked actors, 0 Stopped actors, and 4 active threads.
Waiting for actors to stop.
Sent output token with value 2.0
Next port to read input from is inputA
Called postfire()
Called prefire()
Called fire()
Checking for deadlock:
There are 2 Blocked actors, 0 Stopped actors, and 4 active threads.
Waiting for actors to stop.
Called postfire()
Called prefire()
Called fire()
Checking for deadlock:
There are 3 Blocked actors, 0 Stopped actors, and 4 active threads.
Waiting for actors to stop.
Read input token from inputA with value 3.0
Checking for deadlock:
There are 2 Blocked actors, 0 Stopped actors, and 4 active threads.
Waiting for actors to stop.
-- Read input: 3.0, which is expected to match: 3.0
Called prefire()
Called fire()
Checking for deadlock:
There are 3 Blocked actors, 0 Stopped actors, and 4 active threads.
Waiting for actors to stop.
Sent output token with value 3.0
Next port to read input from is inputB
Called postfire()
Called prefire()
Called fire()
Called postfire()
Called prefire()
Called fire()
Checking for deadlock:
There are 3 Blocked actors, 0 Stopped actors, and 4 active threads.
Waiting for actors to stop.
Read input token from inputB with value 4.5
-- Read input: 3.0, which is expected to match: 3.0
Called prefire()
Called fire()
Checking for deadlock:
There are 3 Blocked actors, 0 Stopped actors, and 4 active threads.
Waiting for actors to stop.
Sent output token with value 3.0
Next port to read input from is inputA
Called postfire()
Called prefire()
Called fire()
Checking for deadlock:
There are 2 Blocked actors, 0 Stopped actors, and 4 active threads.
Waiting for actors to stop.
Called postfire()
Called prefire()
Called fire()
Checking for deadlock:
There are 3 Blocked actors, 0 Stopped actors, and 4 active threads.
Waiting for actors to stop.
Read input token from inputA with value 4.0
Checking for deadlock:
There are 2 Blocked actors, 0 Stopped actors, and 4 active threads.
Waiting for actors to stop.
-- Read input: 4.0, which is expected to match: 4.0
Called prefire()
Called fire()
Past the end of training data. Read and discard all inputs.
Checking for deadlock:
There are 3 Blocked actors, 0 Stopped actors, and 4 active threads.
Waiting for actors to stop.
Sent output token with value 4.0
Next port to read input from is inputA
Called postfire()
Called prefire()
Called fire()
Checking for deadlock:
There are 2 Blocked actors, 0 Stopped actors, and 4 active threads.
Waiting for actors to stop.
Called postfire()
Called prefire()
Called fire()
Checking for deadlock:
There are 3 Blocked actors, 0 Stopped actors, and 4 active threads.
Waiting for actors to stop.
Read input token from inputA with value 5.0
Checking for deadlock:
There are 2 Blocked actors, 0 Stopped actors, and 4 active threads.
Waiting for actors to stop.
Called prefire()
Called fire()
Past the end of training data. Read and discard all inputs.
Checking for deadlock:
There are 3 Blocked actors, 0 Stopped actors, and 4 active threads.
Waiting for actors to stop.
Sent output token with value 4.5
Next port to read input from is inputB
Called postfire()
Called prefire()
Called fire()
Called postfire()
Called prefire()
Called fire()
Checking for deadlock:
There are 3 Blocked actors, 0 Stopped actors, and 4 active threads.
Waiting for actors to stop.
Read input token from inputB with value 6.0
Called prefire()
Called fire()
Past the end of training data. Read and discard all inputs.
Checking for deadlock:
There are 3 Blocked actors, 0 Stopped actors, and 4 active threads.
Waiting for actors to stop.
Sent output token with value 5.0
Next port to read input from is inputA
Called postfire()
Called prefire()
Called fire()
Checking for deadlock:
There are 2 Blocked actors, 0 Stopped actors, and 4 active threads.
Waiting for actors to stop.
Called postfire()
Called prefire()
Called fire()
Checking for deadlock:
There are 3 Blocked actors, 0 Stopped actors, and 4 active threads.
Waiting for actors to stop.
Read input token from inputA with value 6.0
Checking for deadlock:
There are 2 Blocked actors, 0 Stopped actors, and 4 active threads.
Waiting for actors to stop.
Called prefire()
Called fire()
Past the end of training data. Read and discard all inputs.
Checking for deadlock:
There are 3 Blocked actors, 0 Stopped actors, and 4 active threads.
Waiting for actors to stop.
Sent output token with value 6.0
Next port to read input from is inputB
Called postfire()
Called prefire()
Called fire()
Called postfire()
Called prefire()
Called fire()
Checking for deadlock:
There are 3 Blocked actors, 0 Stopped actors, and 4 active threads.
Waiting for actors to stop.
Read input token from inputB with value 7.5
Called prefire()
Called fire()
Past the end of training data. Read and discard all inputs.
Checking for deadlock:
There are 3 Blocked actors, 0 Stopped actors, and 4 active threads.
Waiting for actors to stop.
Sent output token with value 6.0
Next port to read input from is inputA
Called postfire()
Called prefire()
Called fire()
Checking for deadlock:
There are 2 Blocked actors, 0 Stopped actors, and 4 active threads.
Waiting for actors to stop.
Called postfire()
Called prefire()
Called fire()
Checking for deadlock:
There are 3 Blocked actors, 0 Stopped actors, and 4 active threads.
Waiting for actors to stop.
Read input token from inputA with value 7.0
Checking for deadlock:
There are 2 Blocked actors, 0 Stopped actors, and 4 active threads.
Waiting for actors to stop.
Called prefire()
Called fire()
Past the end of training data. Read and discard all inputs.
Checking for deadlock:
There are 3 Blocked actors, 0 Stopped actors, and 4 active threads.
Waiting for actors to stop.
Sent output token with value 7.0
Next port to read input from is inputA
Called postfire()
Called prefire()
Called fire()
Checking for deadlock:
There are 2 Blocked actors, 0 Stopped actors, and 4 active threads.
Waiting for actors to stop.
-- Thread wrapup() called.
Called wrapup()
Thread .top.Ramp is exiting.
-- Thread stopped.
Checking for deadlock:
There are 2 Blocked actors, 0 Stopped actors, and 3 active threads.
Waiting for actors to stop.
Read input token from inputA with value 8.0
Called prefire()
Called fire()
Past the end of training data. Read and discard all inputs.
Checking for deadlock:
There are 2 Blocked actors, 0 Stopped actors, and 3 active threads.
Waiting for actors to stop.
Sent output token with value 7.5
Next port to read input from is inputB
Called postfire()
Called prefire()
Called fire()
Checking for deadlock:
There are 1 Blocked actors, 0 Stopped actors, and 3 active threads.
Waiting for actors to stop.
Called postfire()
Called prefire()
Called fire()
Checking for deadlock:
There are 2 Blocked actors, 0 Stopped actors, and 3 active threads.
Waiting for actors to stop.
Read input token from inputB with value 9.0
Checking for deadlock:
There are 1 Blocked actors, 0 Stopped actors, and 3 active threads.
Waiting for actors to stop.
Called prefire()
Called fire()
Past the end of training data. Read and discard all inputs.
Checking for deadlock:
There are 2 Blocked actors, 0 Stopped actors, and 3 active threads.
Waiting for actors to stop.
Sent output token with value 8.0
Next port to read input from is inputA
Called postfire()
Called prefire()
Called fire()
Read input token from inputA with value 9.0
Called prefire()
Called fire()
Past the end of training data. Read and discard all inputs.
Checking for deadlock:
There are 2 Blocked actors, 0 Stopped actors, and 3 active threads.
Waiting for actors to stop.
Sent output token with value 9.0
Next port to read input from is inputB
Called postfire()
Called prefire()
Called fire()
Called postfire()
Called prefire()
Called fire()
Checking for deadlock:
There are 2 Blocked actors, 0 Stopped actors, and 3 active threads.
Waiting for actors to stop.
Read input token from inputB with value 10.5
Called prefire()
Called fire()
Past the end of training data. Read and discard all inputs.
Checking for deadlock:
There are 2 Blocked actors, 0 Stopped actors, and 3 active threads.
Waiting for actors to stop.
Sent output token with value 9.0
Next port to read input from is inputA
Called postfire()
Called prefire()
Called fire()
Checking for deadlock:
There are 3 Blocked actors, 0 Stopped actors, and 3 active threads.
Actors have stopped.
Checking for deadlock:
There are 3 Blocked actors, 0 Stopped actors, and 3 active threads.
Deadlock detected.
Resolving Deadlock
Checking for deadlock:
There are 3 Blocked actors, 0 Stopped actors, and 3 active threads.
Artificial Deadlock - increasing queue capacity.
increasing the capacity of receiver ptolemy.actor.TypedIOPort {.top.OrderedMerge.inputB} to 2
Director: Called postfire().
Called postfire().
_stopRequested = false
_stopFireRequested = false
Returning from postfire(): true
Called fire().
Checking for deadlock:
There are 2 Blocked actors, 0 Stopped actors, and 3 active threads.
Waiting for actors to stop.
-- Thread wrapup() called.
Called wrapup()
Thread .top.Ramp2 is exiting.
-- Thread stopped.
Checking for deadlock:
There are 2 Blocked actors, 0 Stopped actors, and 2 active threads.
Actors have stopped.
Checking for deadlock:
There are 2 Blocked actors, 0 Stopped actors, and 2 active threads.
Deadlock detected.
Resolving Deadlock
Checking for deadlock:
There are 2 Blocked actors, 0 Stopped actors, and 2 active threads.
Deadlock detected: no processes blocked on write, but some are blocked on read.
Called postfire().
_stopRequested = false
_stopFireRequested = false
Returning from postfire(): false
Finished deactivating branches.
Called wrapup().
-- Thread wrapup() called.
Called wrapup()
-- Thread wrapup() called.
Called wrapup()
Thread .top.Test is exiting.
-- Thread stopped.
-- Blocked Receiver call threw TerminateProcessException.
Thread .top.OrderedMerge is exiting.
-- Thread stopped.
-- Blocked Receiver call threw TerminateProcessException.
30 ms. Memory: 120832K Free: 95271K (79%)
/home/travis/build/icyphy/ptII/ptolemy/actor/lib/test/Publisher.tcl
30 ms. Memory: 120832K Free: 89127K (74%)
11 ms. Memory: 120832K Free: 84001K (70%)
3 ms. Memory: 120832K Free: 80425K (67%)
4 ms. Memory: 120832K Free: 79401K (66%)
2 ms. Memory: 120832K Free: 78377K (65%)
3 ms. Memory: 120832K Free: 77849K (64%)
3 ms. Memory: 120832K Free: 76839K (64%)
3 ms. Memory: 120832K Free: 75801K (63%)
20 ms. Memory: 120832K Free: 66089K (55%)
8 ms. Memory: 120832K Free: 62473K (52%)
2 ms. Memory: 120832K Free: 61479K (51%)
21 ms. Memory: 120832K Free: 104670K (87%)
7 ms. Memory: 120832K Free: 96476K (80%)
6 ms. Memory: 120832K Free: 87260K (72%)
15 ms. Memory: 120832K Free: 75996K (63%)
/home/travis/build/icyphy/ptII/ptolemy/actor/lib/test/Pulse.tcl
5 ms. Memory: 151552K Free: 122181K (81%)
10 ms. Memory: 151552K Free: 121701K (80%)
2 ms. Memory: 151552K Free: 121173K (80%)
2 ms. Memory: 151552K Free: 120677K (80%)
7 ms. Memory: 151552K Free: 120133K (79%)
9 ms. Memory: 151552K Free: 119133K (79%)
9 ms. Memory: 151552K Free: 118085K (78%)
2 ms. Memory: 151552K Free: 117085K (77%)
5 ms. Memory: 151552K Free: 116579K (77%)
/home/travis/build/icyphy/ptII/ptolemy/actor/lib/test/Ramp.tcl
9 ms. Memory: 151552K Free: 114533K (76%)
4 ms. Memory: 151552K Free: 114005K (75%)
4 ms. Memory: 151552K Free: 112989K (75%)
2 ms. Memory: 151552K Free: 112485K (74%)
8 ms. Memory: 151552K Free: 111461K (74%)
10 ms. Memory: 151552K Free: 110933K (73%)
6 ms. Memory: 151552K Free: 109909K (73%)
5 actors
7000 microseconds per iteration to create
15 ms. Memory: 151552K Free: 106837K (70%)
2 ms. Memory: 151552K Free: 106341K (70%)
6 ms. Memory: 151552K Free: 105821K (70%)
3 ms. Memory: 151552K Free: 105317K (69%)
50 actors
59000 microseconds per iteration to create
26 ms. Memory: 151552K Free: 89443K (59%)
5 ms. Memory: 151552K Free: 88419K (58%)
5 ms. Memory: 151552K Free: 87395K (58%)
5 ms. Memory: 151552K Free: 86371K (57%)
500 actors
1692000 microseconds per iteration to create
293 ms. Memory: 151552K Free: 64953K (43%)
58 ms. Memory: 151552K Free: 59833K (39%)
46 ms. Memory: 151552K Free: 54203K (36%)
62 ms. Memory: 151552K Free: 125652K (83%)
/home/travis/build/icyphy/ptII/ptolemy/actor/lib/test/RampContinuous.tcl
8 ms. Memory: 151552K Free: 124073K (82%)
/home/travis/build/icyphy/ptII/ptolemy/actor/lib/test/RecordAssembler.tcl
4 ms. Memory: 151552K Free: 122580K (81%)
3 ms. Memory: 151552K Free: 121556K (80%)
/home/travis/build/icyphy/ptII/ptolemy/actor/lib/test/RecordDisassembler.tcl
6 ms. Memory: 151552K Free: 120018K (79%)
3 ms. Memory: 151552K Free: 119508K (79%)
4 ms. Memory: 151552K Free: 117970K (78%)
/home/travis/build/icyphy/ptII/ptolemy/actor/lib/test/Scale.tcl
3 ms. Memory: 151552K Free: 116436K (77%)
2 ms. Memory: 151552K Free: 115412K (76%)
1 ms. Memory: 151552K Free: 114883K (76%)
2 ms. Memory: 151552K Free: 113867K (75%)
3 ms. Memory: 151552K Free: 112835K (74%)
/home/travis/build/icyphy/ptII/ptolemy/actor/lib/test/SequentialClock.tcl
preinitializing
resolving types
initializing
executing number 1
wrapping up
idle
2 ms. Memory: 151552K Free: 111811K (74%)
Completed execution with 5 iterations
preinitializing
resolving types
initializing
executing number 1
wrapping up
idle
2 ms. Memory: 151552K Free: 111316K (73%)
Completed execution with 5 iterations
preinitializing
resolving types
initializing
executing number 1
wrapping up
idle
1 ms. Memory: 151552K Free: 110802K (73%)
Completed execution with 5 iterations
/home/travis/build/icyphy/ptII/ptolemy/actor/lib/test/SetVariable.tcl
4 ms. Memory: 151552K Free: 108754K (72%)


==== $PTII/ptolemy/actor/lib/test/SetVariable.tcl: SetVariable-3.1 changeFailed
==== Contents of test case:

    #Uses 2.1 above
    jdkCaptureErr {
        # This test was failing if we ran Exit.tcl and then this test.
        # MessageHandler.error() now actually throws the Exception.
	catch {$setVariable changeFailed [java::null]  [java::new Exception {Test exception for SetVariable.changeFailed()}]} errMsg
    } results
    list [string range $results 0 89] "\n" $errMsg

==== Result was:
{java.lang.Exception: Test exception for SetVariable.changeFailed()
	at java.base/jdk.inter} {
} {java.lang.RuntimeException: java.lang.Exception: Test exception for SetVariable.changeFailed()}
---- Result should have been:
{Failed to set variable.
java.lang.Exception: Test exception for SetVariable.changeFailed()} {
} {java.lang.RuntimeException: java.lang.Exception: Test exception for SetVariable.changeFailed()}
---- SetVariable-3.1 FAILED
/home/travis/build/icyphy/ptII/ptolemy/actor/lib/test/Sinewave.tcl
/home/travis/build/icyphy/ptII/ptolemy/actor/lib/test/SubscriptionAggregator.tcl
11 ms. Memory: 151552K Free: 96980K (64%)
14 ms. Memory: 151552K Free: 95956K (63%)
1 ms. Memory: 151552K Free: 95956K (63%)
1 ms. Memory: 151552K Free: 95442K (63%)
2 ms. Memory: 151552K Free: 91860K (61%)
13 ms. Memory: 151552K Free: 89812K (59%)
...............................................................1117 ms. Memory: 264192K Free: 159847K (61%)
/home/travis/build/icyphy/ptII/ptolemy/actor/lib/test/Test.tcl
 The next command will produce a warning about training mode,
   which may be ignored.
6 ms. Memory: 264192K Free: 157801K (60%)
7 ms. Memory: 264192K Free: 156777K (59%)
2 ms. Memory: 264192K Free: 156249K (59%)
3 ms. Memory: 264192K Free: 155753K (59%)
4 ms. Memory: 264192K Free: 155209K (59%)
13 ms. Memory: 264192K Free: 153705K (58%)
12 ms. Memory: 264192K Free: 152681K (58%)
 The next command will produce a warning about training mode,
   which may be ignored.
4 ms. Memory: 264192K Free: 150105K (57%)
 The next command will produce a warning about training mode,
   which may be ignored.
3 ms. Memory: 264192K Free: 149065K (56%)
1 ms. Memory: 264192K Free: 148585K (56%)
4 ms. Memory: 264192K Free: 148057K (56%)
1 ms. Memory: 264192K Free: 147561K (56%)
7 ms. Memory: 264192K Free: 146537K (55%)
3 ms. Memory: 264192K Free: 142441K (54%)
/home/travis/build/icyphy/ptII/ptolemy/actor/lib/test/TestExceptionHandler.tcl
 The next command will produce a warning about training mode,
   which may be ignored.
2 ms. Memory: 264192K Free: 141417K (54%)
1 ms. Memory: 264192K Free: 140889K (53%)
1 ms. Memory: 264192K Free: 140393K (53%)
/home/travis/build/icyphy/ptII/ptolemy/actor/lib/test/UnionDisassembler.tcl
15 ms. Memory: 264192K Free: 133225K (50%)
/home/travis/build/icyphy/ptII/ptolemy/actor/lib/test/VariableClock.tcl
preinitializing
resolving types
initializing
executing number 1
wrapping up
idle
3 ms. Memory: 264192K Free: 131177K (50%)
Completed execution with 11 iterations
preinitializing
resolving types
initializing
executing number 1
wrapping up
idle
4 ms. Memory: 264192K Free: 129639K (49%)
Completed execution with 10 iterations
07/18/19 01:41:53
Failed: 1  Total Tests: 234  ((Passed: 233, Newly Passed: 0)  Known Failed: 0) /home/travis/build/icyphy/ptII/ptolemy/actor/lib/test
----------------- testing (KnownFailure) /home/travis/build/icyphy/ptII/ptolemy/actor/lib/test/auto/knownFailedTests/PublisherPortToplevelSubscriber.xml
0 ms. Memory: 264192K Free: 126567K (48%)
Known Failure: java.lang.reflect.InvocationTargetException
----------------- testing (KnownFailure) /home/travis/build/icyphy/ptII/ptolemy/actor/lib/test/auto/knownFailedTests/PublisherSubscriberPortToplevel.xml
1 ms. Memory: 264192K Free: 121961K (46%)
Known Failure: java.lang.reflect.InvocationTargetException
----------------- testing (KnownFailure) /home/travis/build/icyphy/ptII/ptolemy/actor/lib/test/auto/knownFailedTests/PublisherSubscriptionAggregatorPort.xml
1 ms. Memory: 264192K Free: 117865K (45%)
Known Failure: java.lang.reflect.InvocationTargetException
----------------- testing (KnownFailure) /home/travis/build/icyphy/ptII/ptolemy/actor/lib/test/auto/knownFailedTests/sizedarray3.xml
4 ms. Memory: 264192K Free: 113769K (43%)
Known Failure: java.lang.reflect.InvocationTargetException
No auto/linux-amd64/*.xml tests in /home/travis/build/icyphy/ptII/ptolemy/actor/lib/test
AutoTests.java: About to close Vertx.
AutoTests.java: Vertx closed.

===========================================================================================
----------------- testing Thu Jul 18 13:41:54 UTC 2019 /home/travis/build/icyphy/ptII/ptolemy/actor/lib/test/auto/AbsoluteValue.xml
----------------- Instantiating /home/travis/build/icyphy/ptII/ptolemy/actor/lib/test/auto/AbsoluteValue.xml
4 ms. Memory: 264192K Free: 90727K (34%)
----------------- Invoking toplevel() on ptolemy.moml.MoMLSimpleApplication@7c6e9ef0
----------------- Done invoking toplevel() on ptolemy.moml.MoMLSimpleApplication@7c6e9ef0
reloadAllAccessors: .AbsoluteValue

===========================================================================================
----------------- testing Thu Jul 18 13:41:54 UTC 2019 /home/travis/build/icyphy/ptII/ptolemy/actor/lib/test/auto/AbsoluteValue2.xml
----------------- Instantiating /home/travis/build/icyphy/ptII/ptolemy/actor/lib/test/auto/AbsoluteValue2.xml
6 ms. Memory: 264192K Free: 84073K (32%)
----------------- Invoking toplevel() on ptolemy.moml.MoMLSimpleApplication@33bd20be
----------------- Done invoking toplevel() on ptolemy.moml.MoMLSimpleApplication@33bd20be
reloadAllAccessors: .AbsoluteValue2

===========================================================================================
----------------- testing Thu Jul 18 13:41:54 UTC 2019 /home/travis/build/icyphy/ptII/ptolemy/actor/lib/test/auto/Accumulator.xml
----------------- Instantiating /home/travis/build/icyphy/ptII/ptolemy/actor/lib/test/auto/Accumulator.xml
6 ms. Memory: 264192K Free: 212433K (80%)
----------------- Invoking toplevel() on ptolemy.moml.MoMLSimpleApplication@1c305d79
----------------- Done invoking toplevel() on ptolemy.moml.MoMLSimpleApplication@1c305d79
reloadAllAccessors: .Accumulator

===========================================================================================
----------------- testing Thu Jul 18 13:41:54 UTC 2019 /home/travis/build/icyphy/ptII/ptolemy/actor/lib/test/auto/Accumulator2.xml
----------------- Instantiating /home/travis/build/icyphy/ptII/ptolemy/actor/lib/test/auto/Accumulator2.xml
4 ms. Memory: 264192K Free: 206799K (78%)
----------------- Invoking toplevel() on ptolemy.moml.MoMLSimpleApplication@1a9083b6
----------------- Done invoking toplevel() on ptolemy.moml.MoMLSimpleApplication@1a9083b6
reloadAllAccessors: .Accumulator2

===========================================================================================
----------------- testing Thu Jul 18 13:41:54 UTC 2019 /home/travis/build/icyphy/ptII/ptolemy/actor/lib/test/auto/Accumulator3.xml
----------------- Instantiating /home/travis/build/icyphy/ptII/ptolemy/actor/lib/test/auto/Accumulator3.xml
3 ms. Memory: 264192K Free: 202703K (77%)
----------------- Invoking toplevel() on ptolemy.moml.MoMLSimpleApplication@1d06be2b
----------------- Done invoking toplevel() on ptolemy.moml.MoMLSimpleApplication@1d06be2b
reloadAllAccessors: .Accumulator3

===========================================================================================
----------------- testing Thu Jul 18 13:41:54 UTC 2019 /home/travis/build/icyphy/ptII/ptolemy/actor/lib/test/auto/ArrayAppend.xml
----------------- Instantiating /home/travis/build/icyphy/ptII/ptolemy/actor/lib/test/auto/ArrayAppend.xml
8 ms. Memory: 264192K Free: 196049K (74%)
----------------- Invoking toplevel() on ptolemy.moml.MoMLSimpleApplication@63528e92
----------------- Done invoking toplevel() on ptolemy.moml.MoMLSimpleApplication@63528e92
reloadAllAccessors: .ArrayAppend

===========================================================================================
----------------- testing Thu Jul 18 13:41:54 UTC 2019 /home/travis/build/icyphy/ptII/ptolemy/actor/lib/test/auto/ArrayAppend2.xml
----------------- Instantiating /home/travis/build/icyphy/ptII/ptolemy/actor/lib/test/auto/ArrayAppend2.xml
367 ms. Memory: 264192K Free: 125903K (48%)
----------------- Invoking toplevel() on ptolemy.moml.MoMLSimpleApplication@6b44803c
----------------- Done invoking toplevel() on ptolemy.moml.MoMLSimpleApplication@6b44803c
reloadAllAccessors: .ArrayAppend2

===========================================================================================
----------------- testing Thu Jul 18 13:41:54 UTC 2019 /home/travis/build/icyphy/ptII/ptolemy/actor/lib/test/auto/ArrayAppend3.xml
----------------- Instantiating /home/travis/build/icyphy/ptII/ptolemy/actor/lib/test/auto/ArrayAppend3.xml
6 ms. Memory: 264192K Free: 120783K (46%)
----------------- Invoking toplevel() on ptolemy.moml.MoMLSimpleApplication@280bba2d
----------------- Done invoking toplevel() on ptolemy.moml.MoMLSimpleApplication@280bba2d
reloadAllAccessors: .ArrayAppend3

===========================================================================================
----------------- testing Thu Jul 18 13:41:54 UTC 2019 /home/travis/build/icyphy/ptII/ptolemy/actor/lib/test/auto/ArrayAppend4.xml
----------------- Instantiating /home/travis/build/icyphy/ptII/ptolemy/actor/lib/test/auto/ArrayAppend4.xml
3 ms. Memory: 264192K Free: 115663K (44%)
----------------- Invoking toplevel() on ptolemy.moml.MoMLSimpleApplication@4b59dc2c
----------------- Done invoking toplevel() on ptolemy.moml.MoMLSimpleApplication@4b59dc2c
reloadAllAccessors: .ArrayAppend4

===========================================================================================
----------------- testing Thu Jul 18 13:41:55 UTC 2019 /home/travis/build/icyphy/ptII/ptolemy/actor/lib/test/auto/ArrayAppend5.xml
----------------- Instantiating /home/travis/build/icyphy/ptII/ptolemy/actor/lib/test/auto/ArrayAppend5.xml
6 ms. Memory: 264192K Free: 110543K (42%)
----------------- Invoking toplevel() on ptolemy.moml.MoMLSimpleApplication@412825ef
----------------- Done invoking toplevel() on ptolemy.moml.MoMLSimpleApplication@412825ef
reloadAllAccessors: .ArrayAppend5

===========================================================================================
----------------- testing Thu Jul 18 13:41:55 UTC 2019 /home/travis/build/icyphy/ptII/ptolemy/actor/lib/test/auto/ArrayAppend6.xml
----------------- Instantiating /home/travis/build/icyphy/ptII/ptolemy/actor/lib/test/auto/ArrayAppend6.xml
3 ms. Memory: 264192K Free: 105423K (40%)
----------------- Invoking toplevel() on ptolemy.moml.MoMLSimpleApplication@1aeb02e8
----------------- Done invoking toplevel() on ptolemy.moml.MoMLSimpleApplication@1aeb02e8
reloadAllAccessors: .ArrayAppend6

===========================================================================================
----------------- testing Thu Jul 18 13:41:55 UTC 2019 /home/travis/build/icyphy/ptII/ptolemy/actor/lib/test/auto/ArrayAppendPerformanceTest.xml
----------------- Instantiating /home/travis/build/icyphy/ptII/ptolemy/actor/lib/test/auto/ArrayAppendPerformanceTest.xml
37 ms. Memory: 264192K Free: 94673K (36%)
----------------- Invoking toplevel() on ptolemy.moml.MoMLSimpleApplication@5a290d23
----------------- Done invoking toplevel() on ptolemy.moml.MoMLSimpleApplication@5a290d23
reloadAllAccessors: .ArrayAppendPerformanceTest

===========================================================================================
----------------- testing Thu Jul 18 13:41:55 UTC 2019 /home/travis/build/icyphy/ptII/ptolemy/actor/lib/test/auto/ArrayAppendWithEmptyInput.xml
----------------- Instantiating /home/travis/build/icyphy/ptII/ptolemy/actor/lib/test/auto/ArrayAppendWithEmptyInput.xml
25 ms. Memory: 264192K Free: 86481K (33%)
----------------- Invoking toplevel() on ptolemy.moml.MoMLSimpleApplication@3c580d28
----------------- Done invoking toplevel() on ptolemy.moml.MoMLSimpleApplication@3c580d28
reloadAllAccessors: .ArrayAppendWithEmptyInput

===========================================================================================
----------------- testing Thu Jul 18 13:41:55 UTC 2019 /home/travis/build/icyphy/ptII/ptolemy/actor/lib/test/auto/ArrayAverage.xml
----------------- Instantiating /home/travis/build/icyphy/ptII/ptolemy/actor/lib/test/auto/ArrayAverage.xml
13 ms. Memory: 264192K Free: 78799K (30%)
----------------- Invoking toplevel() on ptolemy.moml.MoMLSimpleApplication@1fc86748
----------------- Done invoking toplevel() on ptolemy.moml.MoMLSimpleApplication@1fc86748
reloadAllAccessors: .ArrayAverage

===========================================================================================
----------------- testing Thu Jul 18 13:41:55 UTC 2019 /home/travis/build/icyphy/ptII/ptolemy/actor/lib/test/auto/ArrayContains.xml
----------------- Instantiating /home/travis/build/icyphy/ptII/ptolemy/actor/lib/test/auto/ArrayContains.xml
3 ms. Memory: 264192K Free: 211826K (80%)
----------------- Invoking toplevel() on ptolemy.moml.MoMLSimpleApplication@265c15be
----------------- Done invoking toplevel() on ptolemy.moml.MoMLSimpleApplication@265c15be
reloadAllAccessors: .ArrayContains

===========================================================================================
----------------- testing Thu Jul 18 13:41:55 UTC 2019 /home/travis/build/icyphy/ptII/ptolemy/actor/lib/test/auto/ArrayElement.xml
----------------- Instantiating /home/travis/build/icyphy/ptII/ptolemy/actor/lib/test/auto/ArrayElement.xml
6 ms. Memory: 264192K Free: 206196K (78%)
----------------- Invoking toplevel() on ptolemy.moml.MoMLSimpleApplication@2d2d9789
----------------- Done invoking toplevel() on ptolemy.moml.MoMLSimpleApplication@2d2d9789
reloadAllAccessors: .ArrayElement

===========================================================================================
----------------- testing Thu Jul 18 13:41:55 UTC 2019 /home/travis/build/icyphy/ptII/ptolemy/actor/lib/test/auto/ArrayElementAsMatrix.xml
----------------- Instantiating /home/travis/build/icyphy/ptII/ptolemy/actor/lib/test/auto/ArrayElementAsMatrix.xml
24 ms. Memory: 264192K Free: 195956K (74%)
----------------- Invoking toplevel() on ptolemy.moml.MoMLSimpleApplication@71c4a515
----------------- Done invoking toplevel() on ptolemy.moml.MoMLSimpleApplication@71c4a515
reloadAllAccessors: .ArrayElementAsMatrix

===========================================================================================
----------------- testing Thu Jul 18 13:41:55 UTC 2019 /home/travis/build/icyphy/ptII/ptolemy/actor/lib/test/auto/ArrayElementI.xml
----------------- Instantiating /home/travis/build/icyphy/ptII/ptolemy/actor/lib/test/auto/ArrayElementI.xml
4 ms. Memory: 264192K Free: 190836K (72%)
----------------- Invoking toplevel() on ptolemy.moml.MoMLSimpleApplication@7b000439
----------------- Done invoking toplevel() on ptolemy.moml.MoMLSimpleApplication@7b000439
reloadAllAccessors: .ArrayElementI

===========================================================================================
----------------- testing Thu Jul 18 13:41:55 UTC 2019 /home/travis/build/icyphy/ptII/ptolemy/actor/lib/test/auto/ArrayExtract.xml
----------------- Instantiating /home/travis/build/icyphy/ptII/ptolemy/actor/lib/test/auto/ArrayExtract.xml
9 ms. Memory: 264192K Free: 182644K (69%)
----------------- Invoking toplevel() on ptolemy.moml.MoMLSimpleApplication@30aab857
----------------- Done invoking toplevel() on ptolemy.moml.MoMLSimpleApplication@30aab857
reloadAllAccessors: .ArrayExtract

===========================================================================================
----------------- testing Thu Jul 18 13:41:55 UTC 2019 /home/travis/build/icyphy/ptII/ptolemy/actor/lib/test/auto/ArrayExtract2.xml
----------------- Instantiating /home/travis/build/icyphy/ptII/ptolemy/actor/lib/test/auto/ArrayExtract2.xml
3 ms. Memory: 264192K Free: 176996K (67%)
----------------- Invoking toplevel() on ptolemy.moml.MoMLSimpleApplication@74b901a1
----------------- Done invoking toplevel() on ptolemy.moml.MoMLSimpleApplication@74b901a1
reloadAllAccessors: .ArrayExtract2

===========================================================================================
----------------- testing Thu Jul 18 13:41:55 UTC 2019 /home/travis/build/icyphy/ptII/ptolemy/actor/lib/test/auto/ArrayLength.xml
----------------- Instantiating /home/travis/build/icyphy/ptII/ptolemy/actor/lib/test/auto/ArrayLength.xml
4 ms. Memory: 264192K Free: 173428K (66%)
----------------- Invoking toplevel() on ptolemy.moml.MoMLSimpleApplication@469b8d41
----------------- Done invoking toplevel() on ptolemy.moml.MoMLSimpleApplication@469b8d41
reloadAllAccessors: .ArrayLength

===========================================================================================
----------------- testing Thu Jul 18 13:41:55 UTC 2019 /home/travis/build/icyphy/ptII/ptolemy/actor/lib/test/auto/ArrayLevelCrossing.xml
----------------- Instantiating /home/travis/build/icyphy/ptII/ptolemy/actor/lib/test/auto/ArrayLevelCrossing.xml
4 ms. Memory: 264192K Free: 164722K (62%)
----------------- Invoking toplevel() on ptolemy.moml.MoMLSimpleApplication@1d26ea02
----------------- Done invoking toplevel() on ptolemy.moml.MoMLSimpleApplication@1d26ea02
reloadAllAccessors: .ArrayLevelCrossing

===========================================================================================
----------------- testing Thu Jul 18 13:41:55 UTC 2019 /home/travis/build/icyphy/ptII/ptolemy/actor/lib/test/auto/ArrayLevelCrossing2.xml
----------------- Instantiating /home/travis/build/icyphy/ptII/ptolemy/actor/lib/test/auto/ArrayLevelCrossing2.xml
3 ms. Memory: 264192K Free: 158068K (60%)
----------------- Invoking toplevel() on ptolemy.moml.MoMLSimpleApplication@f4d1bfa
----------------- Done invoking toplevel() on ptolemy.moml.MoMLSimpleApplication@f4d1bfa
reloadAllAccessors: .ArrayLevelCrossing2

===========================================================================================
----------------- testing Thu Jul 18 13:41:55 UTC 2019 /home/travis/build/icyphy/ptII/ptolemy/actor/lib/test/auto/ArrayPeakSearch.xml
----------------- Instantiating /home/travis/build/icyphy/ptII/ptolemy/actor/lib/test/auto/ArrayPeakSearch.xml
8 ms. Memory: 264192K Free: 148852K (56%)
----------------- Invoking toplevel() on ptolemy.moml.MoMLSimpleApplication@6c11cdf9
----------------- Done invoking toplevel() on ptolemy.moml.MoMLSimpleApplication@6c11cdf9
reloadAllAccessors: .ArrayPeakSearch

===========================================================================================
----------------- testing Thu Jul 18 13:41:55 UTC 2019 /home/travis/build/icyphy/ptII/ptolemy/actor/lib/test/auto/ArrayPeakSearch2.xml
----------------- Instantiating /home/travis/build/icyphy/ptII/ptolemy/actor/lib/test/auto/ArrayPeakSearch2.xml
8 ms. Memory: 264192K Free: 138612K (52%)
----------------- Invoking toplevel() on ptolemy.moml.MoMLSimpleApplication@721143d2
----------------- Done invoking toplevel() on ptolemy.moml.MoMLSimpleApplication@721143d2
reloadAllAccessors: .ArrayPeakSearch2

===========================================================================================
----------------- testing Thu Jul 18 13:41:55 UTC 2019 /home/travis/build/icyphy/ptII/ptolemy/actor/lib/test/auto/ArrayPeakSearch3.xml
----------------- Instantiating /home/travis/build/icyphy/ptII/ptolemy/actor/lib/test/auto/ArrayPeakSearch3.xml
6 ms. Memory: 264192K Free: 129396K (49%)
----------------- Invoking toplevel() on ptolemy.moml.MoMLSimpleApplication@36576231
----------------- Done invoking toplevel() on ptolemy.moml.MoMLSimpleApplication@36576231
reloadAllAccessors: .ArrayPeakSearch3

===========================================================================================
----------------- testing Thu Jul 18 13:41:55 UTC 2019 /home/travis/build/icyphy/ptII/ptolemy/actor/lib/test/auto/ArrayRemoveElement.xml
----------------- Instantiating /home/travis/build/icyphy/ptII/ptolemy/actor/lib/test/auto/ArrayRemoveElement.xml
3 ms. Memory: 264192K Free: 121714K (46%)
----------------- Invoking toplevel() on ptolemy.moml.MoMLSimpleApplication@4d3db083
----------------- Done invoking toplevel() on ptolemy.moml.MoMLSimpleApplication@4d3db083
reloadAllAccessors: .ArrayRemoveElement

===========================================================================================
----------------- testing Thu Jul 18 13:41:55 UTC 2019 /home/travis/build/icyphy/ptII/ptolemy/actor/lib/test/auto/ArraySort.xml
----------------- Instantiating /home/travis/build/icyphy/ptII/ptolemy/actor/lib/test/auto/ArraySort.xml
4 ms. Memory: 264192K Free: 112498K (43%)
----------------- Invoking toplevel() on ptolemy.moml.MoMLSimpleApplication@1b8a9dd9
----------------- Done invoking toplevel() on ptolemy.moml.MoMLSimpleApplication@1b8a9dd9
reloadAllAccessors: .ArraySort

===========================================================================================
----------------- testing Thu Jul 18 13:41:55 UTC 2019 /home/travis/build/icyphy/ptII/ptolemy/actor/lib/test/auto/ArraySum.xml
----------------- Instantiating /home/travis/build/icyphy/ptII/ptolemy/actor/lib/test/auto/ArraySum.xml
3 ms. Memory: 264192K Free: 107378K (41%)
----------------- Invoking toplevel() on ptolemy.moml.MoMLSimpleApplication@5a4bdf2a
----------------- Done invoking toplevel() on ptolemy.moml.MoMLSimpleApplication@5a4bdf2a
reloadAllAccessors: .ArraySum

===========================================================================================
----------------- testing Thu Jul 18 13:41:55 UTC 2019 /home/travis/build/icyphy/ptII/ptolemy/actor/lib/test/auto/ArrayToElements.xml
----------------- Instantiating /home/travis/build/icyphy/ptII/ptolemy/actor/lib/test/auto/ArrayToElements.xml
8 ms. Memory: 264192K Free: 101748K (39%)
----------------- Invoking toplevel() on ptolemy.moml.MoMLSimpleApplication@772c7f28
----------------- Done invoking toplevel() on ptolemy.moml.MoMLSimpleApplication@772c7f28
reloadAllAccessors: .ArrayToElements

===========================================================================================
----------------- testing Thu Jul 18 13:41:56 UTC 2019 /home/travis/build/icyphy/ptII/ptolemy/actor/lib/test/auto/ArrayToMatrix.xml
----------------- Instantiating /home/travis/build/icyphy/ptII/ptolemy/actor/lib/test/auto/ArrayToMatrix.xml
12 ms. Memory: 264192K Free: 87412K (33%)
----------------- Invoking toplevel() on ptolemy.moml.MoMLSimpleApplication@12707f2f
----------------- Done invoking toplevel() on ptolemy.moml.MoMLSimpleApplication@12707f2f
reloadAllAccessors: .ArrayToMatrix

===========================================================================================
----------------- testing Thu Jul 18 13:41:56 UTC 2019 /home/travis/build/icyphy/ptII/ptolemy/actor/lib/test/auto/ArrayUpdate1.xml
----------------- Instantiating /home/travis/build/icyphy/ptII/ptolemy/actor/lib/test/auto/ArrayUpdate1.xml
5 ms. Memory: 264192K Free: 82292K (31%)
----------------- Invoking toplevel() on ptolemy.moml.MoMLSimpleApplication@6321c54d
----------------- Done invoking toplevel() on ptolemy.moml.MoMLSimpleApplication@6321c54d
reloadAllAccessors: .ArrayUpdate1

===========================================================================================
----------------- testing Thu Jul 18 13:41:56 UTC 2019 /home/travis/build/icyphy/ptII/ptolemy/actor/lib/test/auto/ArrayUpdate2.xml
----------------- Instantiating /home/travis/build/icyphy/ptII/ptolemy/actor/lib/test/auto/ArrayUpdate2.xml
13 ms. Memory: 264192K Free: 76148K (29%)
----------------- Invoking toplevel() on ptolemy.moml.MoMLSimpleApplication@71ce125d
----------------- Done invoking toplevel() on ptolemy.moml.MoMLSimpleApplication@71ce125d
reloadAllAccessors: .ArrayUpdate2

===========================================================================================
----------------- testing Thu Jul 18 13:41:56 UTC 2019 /home/travis/build/icyphy/ptII/ptolemy/actor/lib/test/auto/ArrayUpdate3.xml
----------------- Instantiating /home/travis/build/icyphy/ptII/ptolemy/actor/lib/test/auto/ArrayUpdate3.xml
9 ms. Memory: 264192K Free: 71028K (27%)
----------------- Invoking toplevel() on ptolemy.moml.MoMLSimpleApplication@5d352960
----------------- Done invoking toplevel() on ptolemy.moml.MoMLSimpleApplication@5d352960
reloadAllAccessors: .ArrayUpdate3

===========================================================================================
----------------- testing Thu Jul 18 13:41:56 UTC 2019 /home/travis/build/icyphy/ptII/ptolemy/actor/lib/test/auto/Assert1.xml
----------------- Instantiating /home/travis/build/icyphy/ptII/ptolemy/actor/lib/test/auto/Assert1.xml
6 ms. Memory: 264192K Free: 214546K (81%)
----------------- Invoking toplevel() on ptolemy.moml.MoMLSimpleApplication@56e85a7d
----------------- Done invoking toplevel() on ptolemy.moml.MoMLSimpleApplication@56e85a7d
reloadAllAccessors: .Assert1

===========================================================================================
----------------- testing Thu Jul 18 13:41:56 UTC 2019 /home/travis/build/icyphy/ptII/ptolemy/actor/lib/test/auto/Assert2.xml
----------------- Instantiating /home/travis/build/icyphy/ptII/ptolemy/actor/lib/test/auto/Assert2.xml
2 ms. Memory: 264192K Free: 209426K (79%)
----------------- Invoking toplevel() on ptolemy.moml.MoMLSimpleApplication@3451bc7e
----------------- Done invoking toplevel() on ptolemy.moml.MoMLSimpleApplication@3451bc7e
reloadAllAccessors: .Assert2

===========================================================================================
----------------- testing Thu Jul 18 13:41:56 UTC 2019 /home/travis/build/icyphy/ptII/ptolemy/actor/lib/test/auto/BooleanMultiplexor.xml
----------------- Instantiating /home/travis/build/icyphy/ptII/ptolemy/actor/lib/test/auto/BooleanMultiplexor.xml
2 ms. Memory: 264192K Free: 204306K (77%)
----------------- Invoking toplevel() on ptolemy.moml.MoMLSimpleApplication@62e14e3d
----------------- Done invoking toplevel() on ptolemy.moml.MoMLSimpleApplication@62e14e3d
reloadAllAccessors: .BooleanMultiplexor

===========================================================================================
----------------- testing Thu Jul 18 13:41:56 UTC 2019 /home/travis/build/icyphy/ptII/ptolemy/actor/lib/test/auto/BooleanMultiplexor2.xml
----------------- Instantiating /home/travis/build/icyphy/ptII/ptolemy/actor/lib/test/auto/BooleanMultiplexor2.xml
11 ms. Memory: 264192K Free: 197648K (75%)
----------------- Invoking toplevel() on ptolemy.moml.MoMLSimpleApplication@6cdd7771
----------------- Done invoking toplevel() on ptolemy.moml.MoMLSimpleApplication@6cdd7771
reloadAllAccessors: .BooleanMultiplexor2

===========================================================================================
----------------- testing Thu Jul 18 13:41:56 UTC 2019 /home/travis/build/icyphy/ptII/ptolemy/actor/lib/test/auto/BooleanMultiplexor3.xml
----------------- Instantiating /home/travis/build/icyphy/ptII/ptolemy/actor/lib/test/auto/BooleanMultiplexor3.xml
4 ms. Memory: 264192K Free: 193552K (73%)
----------------- Invoking toplevel() on ptolemy.moml.MoMLSimpleApplication@a79a8a7
----------------- Done invoking toplevel() on ptolemy.moml.MoMLSimpleApplication@a79a8a7
reloadAllAccessors: .BooleanMultiplexor3

===========================================================================================
----------------- testing Thu Jul 18 13:41:56 UTC 2019 /home/travis/build/icyphy/ptII/ptolemy/actor/lib/test/auto/BooleanSelect.xml
----------------- Instantiating /home/travis/build/icyphy/ptII/ptolemy/actor/lib/test/auto/BooleanSelect.xml
8 ms. Memory: 264192K Free: 187922K (71%)
----------------- Invoking toplevel() on ptolemy.moml.MoMLSimpleApplication@3550ada4
----------------- Done invoking toplevel() on ptolemy.moml.MoMLSimpleApplication@3550ada4
reloadAllAccessors: .BooleanSelect

===========================================================================================
----------------- testing Thu Jul 18 13:41:56 UTC 2019 /home/travis/build/icyphy/ptII/ptolemy/actor/lib/test/auto/BooleanSelect2.xml
----------------- Instantiating /home/travis/build/icyphy/ptII/ptolemy/actor/lib/test/auto/BooleanSelect2.xml
1 ms. Memory: 264192K Free: 183312K (69%)
----------------- Invoking toplevel() on ptolemy.moml.MoMLSimpleApplication@75d687d5
----------------- Done invoking toplevel() on ptolemy.moml.MoMLSimpleApplication@75d687d5
reloadAllAccessors: .BooleanSelect2

===========================================================================================
----------------- testing Thu Jul 18 13:41:56 UTC 2019 /home/travis/build/icyphy/ptII/ptolemy/actor/lib/test/auto/BooleanSwitch.xml
----------------- Instantiating /home/travis/build/icyphy/ptII/ptolemy/actor/lib/test/auto/BooleanSwitch.xml
11 ms. Memory: 264192K Free: 177168K (67%)
----------------- Invoking toplevel() on ptolemy.moml.MoMLSimpleApplication@6e4f718b
----------------- Done invoking toplevel() on ptolemy.moml.MoMLSimpleApplication@6e4f718b
reloadAllAccessors: .BooleanSwitch

===========================================================================================
----------------- testing Thu Jul 18 13:41:56 UTC 2019 /home/travis/build/icyphy/ptII/ptolemy/actor/lib/test/auto/BooleanSwitch2.xml
----------------- Instantiating /home/travis/build/icyphy/ptII/ptolemy/actor/lib/test/auto/BooleanSwitch2.xml
1 ms. Memory: 264192K Free: 172562K (65%)
----------------- Invoking toplevel() on ptolemy.moml.MoMLSimpleApplication@4fa1f1f5
----------------- Done invoking toplevel() on ptolemy.moml.MoMLSimpleApplication@4fa1f1f5
reloadAllAccessors: .BooleanSwitch2

===========================================================================================
----------------- testing Thu Jul 18 13:41:56 UTC 2019 /home/travis/build/icyphy/ptII/ptolemy/actor/lib/test/auto/BooleanSwitchCloningBugWithClassRelationGroup.xml
----------------- Instantiating /home/travis/build/icyphy/ptII/ptolemy/actor/lib/test/auto/BooleanSwitchCloningBugWithClassRelationGroup.xml
2 ms. Memory: 264192K Free: 166418K (63%)
----------------- Invoking toplevel() on ptolemy.moml.MoMLSimpleApplication@1c6dac16
----------------- Done invoking toplevel() on ptolemy.moml.MoMLSimpleApplication@1c6dac16
reloadAllAccessors: .BooleanSwitchCloningBugWithClassRelationGroup

===========================================================================================
----------------- testing Thu Jul 18 13:41:56 UTC 2019 /home/travis/build/icyphy/ptII/ptolemy/actor/lib/test/auto/BusActors.xml
----------------- Instantiating /home/travis/build/icyphy/ptII/ptolemy/actor/lib/test/auto/BusActors.xml
8 ms. Memory: 264192K Free: 158226K (60%)
----------------- Invoking toplevel() on ptolemy.moml.MoMLSimpleApplication@47419d0
----------------- Done invoking toplevel() on ptolemy.moml.MoMLSimpleApplication@47419d0
reloadAllAccessors: .BusActors

===========================================================================================
----------------- testing Thu Jul 18 13:41:56 UTC 2019 /home/travis/build/icyphy/ptII/ptolemy/actor/lib/test/auto/ClassWrapper.xml
----------------- Instantiating /home/travis/build/icyphy/ptII/ptolemy/actor/lib/test/auto/ClassWrapper.xml
3 ms. Memory: 264192K Free: 154130K (58%)
----------------- Invoking toplevel() on ptolemy.moml.MoMLSimpleApplication@1f8643f4
----------------- Done invoking toplevel() on ptolemy.moml.MoMLSimpleApplication@1f8643f4
reloadAllAccessors: .ClassWrapper

===========================================================================================
----------------- testing Thu Jul 18 13:41:56 UTC 2019 /home/travis/build/icyphy/ptII/ptolemy/actor/lib/test/auto/Clock.xml
----------------- Instantiating /home/travis/build/icyphy/ptII/ptolemy/actor/lib/test/auto/Clock.xml
1 ms. Memory: 264192K Free: 150034K (57%)
----------------- Invoking toplevel() on ptolemy.moml.MoMLSimpleApplication@130fa4fd
----------------- Done invoking toplevel() on ptolemy.moml.MoMLSimpleApplication@130fa4fd
reloadAllAccessors: .Clock

===========================================================================================
----------------- testing Thu Jul 18 13:41:56 UTC 2019 /home/travis/build/icyphy/ptII/ptolemy/actor/lib/test/auto/Clock10.xml
----------------- Instantiating /home/travis/build/icyphy/ptII/ptolemy/actor/lib/test/auto/Clock10.xml
2 ms. Memory: 264192K Free: 144400K (55%)
----------------- Invoking toplevel() on ptolemy.moml.MoMLSimpleApplication@24ee2ea1
----------------- Done invoking toplevel() on ptolemy.moml.MoMLSimpleApplication@24ee2ea1
reloadAllAccessors: .Clock10

===========================================================================================
----------------- testing Thu Jul 18 13:41:56 UTC 2019 /home/travis/build/icyphy/ptII/ptolemy/actor/lib/test/auto/Clock11.xml
----------------- Instantiating /home/travis/build/icyphy/ptII/ptolemy/actor/lib/test/auto/Clock11.xml
5 ms. Memory: 264192K Free: 138256K (52%)
----------------- Invoking toplevel() on ptolemy.moml.MoMLSimpleApplication@34565297
----------------- Done invoking toplevel() on ptolemy.moml.MoMLSimpleApplication@34565297
reloadAllAccessors: .Clock11

===========================================================================================
----------------- testing Thu Jul 18 13:41:56 UTC 2019 /home/travis/build/icyphy/ptII/ptolemy/actor/lib/test/auto/Clock12.xml
----------------- Instantiating /home/travis/build/icyphy/ptII/ptolemy/actor/lib/test/auto/Clock12.xml
2 ms. Memory: 264192K Free: 132626K (50%)
----------------- Invoking toplevel() on ptolemy.moml.MoMLSimpleApplication@76b92c6c
----------------- Done invoking toplevel() on ptolemy.moml.MoMLSimpleApplication@76b92c6c
reloadAllAccessors: .Clock12

===========================================================================================
----------------- testing Thu Jul 18 13:41:56 UTC 2019 /home/travis/build/icyphy/ptII/ptolemy/actor/lib/test/auto/Clock13.xml
----------------- Instantiating /home/travis/build/icyphy/ptII/ptolemy/actor/lib/test/auto/Clock13.xml
5 ms. Memory: 264192K Free: 126482K (48%)
----------------- Invoking toplevel() on ptolemy.moml.MoMLSimpleApplication@578ff9a3
----------------- Done invoking toplevel() on ptolemy.moml.MoMLSimpleApplication@578ff9a3
reloadAllAccessors: .Clock13

===========================================================================================
----------------- testing Thu Jul 18 13:41:56 UTC 2019 /home/travis/build/icyphy/ptII/ptolemy/actor/lib/test/auto/Clock14.xml
----------------- Instantiating /home/travis/build/icyphy/ptII/ptolemy/actor/lib/test/auto/Clock14.xml
5 ms. Memory: 264192K Free: 120818K (46%)
----------------- Invoking toplevel() on ptolemy.moml.MoMLSimpleApplication@1b706ab7
----------------- Done invoking toplevel() on ptolemy.moml.MoMLSimpleApplication@1b706ab7
reloadAllAccessors: .Clock14

===========================================================================================
----------------- testing Thu Jul 18 13:41:56 UTC 2019 /home/travis/build/icyphy/ptII/ptolemy/actor/lib/test/auto/Clock15.xml
----------------- Instantiating /home/travis/build/icyphy/ptII/ptolemy/actor/lib/test/auto/Clock15.xml
5 ms. Memory: 264192K Free: 114698K (43%)
----------------- Invoking toplevel() on ptolemy.moml.MoMLSimpleApplication@21d490ea
----------------- Done invoking toplevel() on ptolemy.moml.MoMLSimpleApplication@21d490ea
reloadAllAccessors: .Clock15

===========================================================================================
----------------- testing Thu Jul 18 13:41:56 UTC 2019 /home/travis/build/icyphy/ptII/ptolemy/actor/lib/test/auto/Clock16.xml
----------------- Instantiating /home/travis/build/icyphy/ptII/ptolemy/actor/lib/test/auto/Clock16.xml
26 ms. Memory: 264192K Free: 99344K (38%)
----------------- Invoking toplevel() on ptolemy.moml.MoMLSimpleApplication@26b12a0e
----------------- Done invoking toplevel() on ptolemy.moml.MoMLSimpleApplication@26b12a0e
reloadAllAccessors: .Clock16

===========================================================================================
----------------- testing Thu Jul 18 13:41:56 UTC 2019 /home/travis/build/icyphy/ptII/ptolemy/actor/lib/test/auto/Clock17.xml
----------------- Instantiating /home/travis/build/icyphy/ptII/ptolemy/actor/lib/test/auto/Clock17.xml
18 ms. Memory: 264192K Free: 85522K (32%)
----------------- Invoking toplevel() on ptolemy.moml.MoMLSimpleApplication@5654cfaf
----------------- Done invoking toplevel() on ptolemy.moml.MoMLSimpleApplication@5654cfaf
reloadAllAccessors: .Clock17

===========================================================================================
----------------- testing Thu Jul 18 13:41:56 UTC 2019 /home/travis/build/icyphy/ptII/ptolemy/actor/lib/test/auto/Clock18.xml
----------------- Instantiating /home/travis/build/icyphy/ptII/ptolemy/actor/lib/test/auto/Clock18.xml
24 ms. Memory: 264192K Free: 72210K (27%)
----------------- Invoking toplevel() on ptolemy.moml.MoMLSimpleApplication@24bbe1a0
----------------- Done invoking toplevel() on ptolemy.moml.MoMLSimpleApplication@24bbe1a0
reloadAllAccessors: .Clock18

===========================================================================================
----------------- testing Thu Jul 18 13:41:56 UTC 2019 /home/travis/build/icyphy/ptII/ptolemy/actor/lib/test/auto/Clock19.xml
----------------- Instantiating /home/travis/build/icyphy/ptII/ptolemy/actor/lib/test/auto/Clock19.xml
16 ms. Memory: 264192K Free: 213572K (81%)
----------------- Invoking toplevel() on ptolemy.moml.MoMLSimpleApplication@73491340
----------------- Done invoking toplevel() on ptolemy.moml.MoMLSimpleApplication@73491340
reloadAllAccessors: .Clock19

===========================================================================================
----------------- testing Thu Jul 18 13:41:56 UTC 2019 /home/travis/build/icyphy/ptII/ptolemy/actor/lib/test/auto/Clock2.xml
----------------- Instantiating /home/travis/build/icyphy/ptII/ptolemy/actor/lib/test/auto/Clock2.xml
8 ms. Memory: 264192K Free: 208966K (79%)
----------------- Invoking toplevel() on ptolemy.moml.MoMLSimpleApplication@20bf145b
----------------- Done invoking toplevel() on ptolemy.moml.MoMLSimpleApplication@20bf145b
reloadAllAccessors: .Clock2

===========================================================================================
----------------- testing Thu Jul 18 13:41:56 UTC 2019 /home/travis/build/icyphy/ptII/ptolemy/actor/lib/test/auto/Clock20.xml
----------------- Instantiating /home/travis/build/icyphy/ptII/ptolemy/actor/lib/test/auto/Clock20.xml
11 ms. Memory: 264192K Free: 203332K (77%)
----------------- Invoking toplevel() on ptolemy.moml.MoMLSimpleApplication@3b969877
----------------- Done invoking toplevel() on ptolemy.moml.MoMLSimpleApplication@3b969877
reloadAllAccessors: .Clock20

===========================================================================================
----------------- testing Thu Jul 18 13:41:57 UTC 2019 /home/travis/build/icyphy/ptII/ptolemy/actor/lib/test/auto/Clock21.xml
----------------- Instantiating /home/travis/build/icyphy/ptII/ptolemy/actor/lib/test/auto/Clock21.xml
9 ms. Memory: 264192K Free: 198212K (75%)
----------------- Invoking toplevel() on ptolemy.moml.MoMLSimpleApplication@68c56dfd
----------------- Done invoking toplevel() on ptolemy.moml.MoMLSimpleApplication@68c56dfd
reloadAllAccessors: .Clock21

===========================================================================================
----------------- testing Thu Jul 18 13:41:57 UTC 2019 /home/travis/build/icyphy/ptII/ptolemy/actor/lib/test/auto/Clock22.xml
----------------- Instantiating /home/travis/build/icyphy/ptII/ptolemy/actor/lib/test/auto/Clock22.xml
6 ms. Memory: 264192K Free: 192582K (73%)
----------------- Invoking toplevel() on ptolemy.moml.MoMLSimpleApplication@6dd6eb55
----------------- Done invoking toplevel() on ptolemy.moml.MoMLSimpleApplication@6dd6eb55
reloadAllAccessors: .Clock22

===========================================================================================
----------------- testing Thu Jul 18 13:41:57 UTC 2019 /home/travis/build/icyphy/ptII/ptolemy/actor/lib/test/auto/Clock23.xml
----------------- Instantiating /home/travis/build/icyphy/ptII/ptolemy/actor/lib/test/auto/Clock23.xml
7 ms. Memory: 264192K Free: 187462K (71%)
----------------- Invoking toplevel() on ptolemy.moml.MoMLSimpleApplication@707d55b2
----------------- Done invoking toplevel() on ptolemy.moml.MoMLSimpleApplication@707d55b2
reloadAllAccessors: .Clock23

===========================================================================================
----------------- testing Thu Jul 18 13:41:57 UTC 2019 /home/travis/build/icyphy/ptII/ptolemy/actor/lib/test/auto/Clock24.xml
----------------- Instantiating /home/travis/build/icyphy/ptII/ptolemy/actor/lib/test/auto/Clock24.xml
7 ms. Memory: 264192K Free: 181828K (69%)
----------------- Invoking toplevel() on ptolemy.moml.MoMLSimpleApplication@245af7da
----------------- Done invoking toplevel() on ptolemy.moml.MoMLSimpleApplication@245af7da
reloadAllAccessors: .Clock24

===========================================================================================
----------------- testing Thu Jul 18 13:41:57 UTC 2019 /home/travis/build/icyphy/ptII/ptolemy/actor/lib/test/auto/Clock4.xml
----------------- Instantiating /home/travis/build/icyphy/ptII/ptolemy/actor/lib/test/auto/Clock4.xml
1 ms. Memory: 264192K Free: 177222K (67%)
----------------- Invoking toplevel() on ptolemy.moml.MoMLSimpleApplication@309c7226
----------------- Done invoking toplevel() on ptolemy.moml.MoMLSimpleApplication@309c7226
reloadAllAccessors: .Clock4

===========================================================================================
----------------- testing Thu Jul 18 13:41:57 UTC 2019 /home/travis/build/icyphy/ptII/ptolemy/actor/lib/test/auto/Clock5.xml
----------------- Instantiating /home/travis/build/icyphy/ptII/ptolemy/actor/lib/test/auto/Clock5.xml
1 ms. Memory: 264192K Free: 171588K (65%)
----------------- Invoking toplevel() on ptolemy.moml.MoMLSimpleApplication@32349255
----------------- Done invoking toplevel() on ptolemy.moml.MoMLSimpleApplication@32349255
reloadAllAccessors: .Clock5

===========================================================================================
----------------- testing Thu Jul 18 13:41:57 UTC 2019 /home/travis/build/icyphy/ptII/ptolemy/actor/lib/test/auto/Clock6.xml
----------------- Instantiating /home/travis/build/icyphy/ptII/ptolemy/actor/lib/test/auto/Clock6.xml
2 ms. Memory: 264192K Free: 166982K (63%)
----------------- Invoking toplevel() on ptolemy.moml.MoMLSimpleApplication@5f095292
----------------- Done invoking toplevel() on ptolemy.moml.MoMLSimpleApplication@5f095292
reloadAllAccessors: .Clock6

===========================================================================================
----------------- testing Thu Jul 18 13:41:57 UTC 2019 /home/travis/build/icyphy/ptII/ptolemy/actor/lib/test/auto/Clock7.xml
----------------- Instantiating /home/travis/build/icyphy/ptII/ptolemy/actor/lib/test/auto/Clock7.xml
1 ms. Memory: 264192K Free: 162372K (61%)
----------------- Invoking toplevel() on ptolemy.moml.MoMLSimpleApplication@419ea44
----------------- Done invoking toplevel() on ptolemy.moml.MoMLSimpleApplication@419ea44
reloadAllAccessors: .Clock7

===========================================================================================
----------------- testing Thu Jul 18 13:41:57 UTC 2019 /home/travis/build/icyphy/ptII/ptolemy/actor/lib/test/auto/Clock8.xml
----------------- Instantiating /home/travis/build/icyphy/ptII/ptolemy/actor/lib/test/auto/Clock8.xml
8 ms. Memory: 264192K Free: 156742K (59%)
----------------- Invoking toplevel() on ptolemy.moml.MoMLSimpleApplication@250f1c43
----------------- Done invoking toplevel() on ptolemy.moml.MoMLSimpleApplication@250f1c43
reloadAllAccessors: .Clock8

===========================================================================================
----------------- testing Thu Jul 18 13:41:57 UTC 2019 /home/travis/build/icyphy/ptII/ptolemy/actor/lib/test/auto/Clock9.xml
----------------- Instantiating /home/travis/build/icyphy/ptII/ptolemy/actor/lib/test/auto/Clock9.xml
6 ms. Memory: 264192K Free: 151622K (57%)
----------------- Invoking toplevel() on ptolemy.moml.MoMLSimpleApplication@57d89b95
----------------- Done invoking toplevel() on ptolemy.moml.MoMLSimpleApplication@57d89b95
reloadAllAccessors: .Clock9

===========================================================================================
----------------- testing Thu Jul 18 13:41:57 UTC 2019 /home/travis/build/icyphy/ptII/ptolemy/actor/lib/test/auto/CommDistDiscard.xml
----------------- Instantiating /home/travis/build/icyphy/ptII/ptolemy/actor/lib/test/auto/CommDistDiscard.xml
5 ms. Memory: 264192K Free: 145988K (55%)
----------------- Invoking toplevel() on ptolemy.moml.MoMLSimpleApplication@4f51b6ab
----------------- Done invoking toplevel() on ptolemy.moml.MoMLSimpleApplication@4f51b6ab
reloadAllAccessors: .CommDistDiscard

===========================================================================================
----------------- testing Thu Jul 18 13:41:57 UTC 2019 /home/travis/build/icyphy/ptII/ptolemy/actor/lib/test/auto/Commutator.xml
----------------- Instantiating /home/travis/build/icyphy/ptII/ptolemy/actor/lib/test/auto/Commutator.xml
2 ms. Memory: 264192K Free: 141382K (54%)
----------------- Invoking toplevel() on ptolemy.moml.MoMLSimpleApplication@7eb94223
----------------- Done invoking toplevel() on ptolemy.moml.MoMLSimpleApplication@7eb94223
reloadAllAccessors: .Commutator

===========================================================================================
----------------- testing Thu Jul 18 13:41:57 UTC 2019 /home/travis/build/icyphy/ptII/ptolemy/actor/lib/test/auto/Commutator2.xml
----------------- Instantiating /home/travis/build/icyphy/ptII/ptolemy/actor/lib/test/auto/Commutator2.xml
2 ms. Memory: 264192K Free: 137286K (52%)
----------------- Invoking toplevel() on ptolemy.moml.MoMLSimpleApplication@6881652
----------------- Done invoking toplevel() on ptolemy.moml.MoMLSimpleApplication@6881652
reloadAllAccessors: .Commutator2

===========================================================================================
----------------- testing Thu Jul 18 13:41:57 UTC 2019 /home/travis/build/icyphy/ptII/ptolemy/actor/lib/test/auto/Commutator3.xml
----------------- Instantiating /home/travis/build/icyphy/ptII/ptolemy/actor/lib/test/auto/Commutator3.xml
2 ms. Memory: 264192K Free: 132676K (50%)
----------------- Invoking toplevel() on ptolemy.moml.MoMLSimpleApplication@14da3bdf
----------------- Done invoking toplevel() on ptolemy.moml.MoMLSimpleApplication@14da3bdf
reloadAllAccessors: .Commutator3

===========================================================================================
----------------- testing Thu Jul 18 13:41:57 UTC 2019 /home/travis/build/icyphy/ptII/ptolemy/actor/lib/test/auto/Compare.xml
----------------- Instantiating /home/travis/build/icyphy/ptII/ptolemy/actor/lib/test/auto/Compare.xml
2 ms. Memory: 264192K Free: 126532K (48%)
----------------- Invoking toplevel() on ptolemy.moml.MoMLSimpleApplication@137e4078
----------------- Done invoking toplevel() on ptolemy.moml.MoMLSimpleApplication@137e4078
reloadAllAccessors: .Compare

===========================================================================================
----------------- testing Thu Jul 18 13:41:57 UTC 2019 /home/travis/build/icyphy/ptII/ptolemy/actor/lib/test/auto/CompareDE.xml
----------------- Instantiating /home/travis/build/icyphy/ptII/ptolemy/actor/lib/test/auto/CompareDE.xml
4 ms. Memory: 264192K Free: 119350K (45%)
----------------- Invoking toplevel() on ptolemy.moml.MoMLSimpleApplication@a9faa2c
----------------- Done invoking toplevel() on ptolemy.moml.MoMLSimpleApplication@a9faa2c
reloadAllAccessors: .CompareDE

===========================================================================================
----------------- testing Thu Jul 18 13:41:57 UTC 2019 /home/travis/build/icyphy/ptII/ptolemy/actor/lib/test/auto/ComplexDivide.xml
----------------- Instantiating /home/travis/build/icyphy/ptII/ptolemy/actor/lib/test/auto/ComplexDivide.xml
1 ms. Memory: 264192K Free: 115268K (44%)
----------------- Invoking toplevel() on ptolemy.moml.MoMLSimpleApplication@71171240
----------------- Done invoking toplevel() on ptolemy.moml.MoMLSimpleApplication@71171240
reloadAllAccessors: .ComplexDivide

===========================================================================================
----------------- testing Thu Jul 18 13:41:57 UTC 2019 /home/travis/build/icyphy/ptII/ptolemy/actor/lib/test/auto/ComputeHistogram.xml
----------------- Instantiating /home/travis/build/icyphy/ptII/ptolemy/actor/lib/test/auto/ComputeHistogram.xml
36 ms. Memory: 264192K Free: 102980K (39%)
----------------- Invoking toplevel() on ptolemy.moml.MoMLSimpleApplication@793f676a
----------------- Done invoking toplevel() on ptolemy.moml.MoMLSimpleApplication@793f676a
reloadAllAccessors: .ComputeHistogram

===========================================================================================
----------------- testing Thu Jul 18 13:41:57 UTC 2019 /home/travis/build/icyphy/ptII/ptolemy/actor/lib/test/auto/ConfigurationSelect.xml
----------------- Instantiating /home/travis/build/icyphy/ptII/ptolemy/actor/lib/test/auto/ConfigurationSelect.xml
10 ms. Memory: 264192K Free: 97350K (37%)
----------------- Invoking toplevel() on ptolemy.moml.MoMLSimpleApplication@5a8258ba
----------------- Done invoking toplevel() on ptolemy.moml.MoMLSimpleApplication@5a8258ba
reloadAllAccessors: .ConfigurationSelect

===========================================================================================
----------------- testing Thu Jul 18 13:41:57 UTC 2019 /home/travis/build/icyphy/ptII/ptolemy/actor/lib/test/auto/ConfigurationSelect2.xml
----------------- Instantiating /home/travis/build/icyphy/ptII/ptolemy/actor/lib/test/auto/ConfigurationSelect2.xml
2 ms. Memory: 264192K Free: 92740K (35%)
----------------- Invoking toplevel() on ptolemy.moml.MoMLSimpleApplication@4c36fc88
----------------- Done invoking toplevel() on ptolemy.moml.MoMLSimpleApplication@4c36fc88
reloadAllAccessors: .ConfigurationSelect2

===========================================================================================
----------------- testing Thu Jul 18 13:41:57 UTC 2019 /home/travis/build/icyphy/ptII/ptolemy/actor/lib/test/auto/ConfigurationSwitch.xml
----------------- Instantiating /home/travis/build/icyphy/ptII/ptolemy/actor/lib/test/auto/ConfigurationSwitch.xml
1 ms. Memory: 264192K Free: 87620K (33%)
----------------- Invoking toplevel() on ptolemy.moml.MoMLSimpleApplication@593785e9
----------------- Done invoking toplevel() on ptolemy.moml.MoMLSimpleApplication@593785e9
reloadAllAccessors: .ConfigurationSwitch

===========================================================================================
----------------- testing Thu Jul 18 13:41:57 UTC 2019 /home/travis/build/icyphy/ptII/ptolemy/actor/lib/test/auto/ConfigurationSwitch2.xml
----------------- Instantiating /home/travis/build/icyphy/ptII/ptolemy/actor/lib/test/auto/ConfigurationSwitch2.xml
2 ms. Memory: 264192K Free: 81990K (31%)
----------------- Invoking toplevel() on ptolemy.moml.MoMLSimpleApplication@3bf5ac2f
----------------- Done invoking toplevel() on ptolemy.moml.MoMLSimpleApplication@3bf5ac2f
reloadAllAccessors: .ConfigurationSwitch2

===========================================================================================
----------------- testing Thu Jul 18 13:41:57 UTC 2019 /home/travis/build/icyphy/ptII/ptolemy/actor/lib/test/auto/ConfigurationSwitchCloningBugWithClassRelationGroup.xml
----------------- Instantiating /home/travis/build/icyphy/ptII/ptolemy/actor/lib/test/auto/ConfigurationSwitchCloningBugWithClassRelationGroup.xml
2 ms. Memory: 264192K Free: 75846K (29%)
----------------- Invoking toplevel() on ptolemy.moml.MoMLSimpleApplication@6856883b
----------------- Done invoking toplevel() on ptolemy.moml.MoMLSimpleApplication@6856883b
reloadAllAccessors: .ConfigurationSwitchCloningBugWithClassRelationGroup

===========================================================================================
----------------- testing Thu Jul 18 13:41:57 UTC 2019 /home/travis/build/icyphy/ptII/ptolemy/actor/lib/test/auto/ConfigurationSwitchSelectSDF.xml
----------------- Instantiating /home/travis/build/icyphy/ptII/ptolemy/actor/lib/test/auto/ConfigurationSwitchSelectSDF.xml
5 ms. Memory: 264192K Free: 69702K (26%)
----------------- Invoking toplevel() on ptolemy.moml.MoMLSimpleApplication@27001bbe
----------------- Done invoking toplevel() on ptolemy.moml.MoMLSimpleApplication@27001bbe
reloadAllAccessors: .ConfigurationSwitchSelectSDF

===========================================================================================
----------------- testing Thu Jul 18 13:41:57 UTC 2019 /home/travis/build/icyphy/ptII/ptolemy/actor/lib/test/auto/ConfigurationSwitchSelectSDF2.xml
----------------- Instantiating /home/travis/build/icyphy/ptII/ptolemy/actor/lib/test/auto/ConfigurationSwitchSelectSDF2.xml
3 ms. Memory: 264192K Free: 63558K (24%)
----------------- Invoking toplevel() on ptolemy.moml.MoMLSimpleApplication@38b1e351
----------------- Done invoking toplevel() on ptolemy.moml.MoMLSimpleApplication@38b1e351
reloadAllAccessors: .ConfigurationSwitchSelectSDF2

===========================================================================================
----------------- testing Thu Jul 18 13:41:57 UTC 2019 /home/travis/build/icyphy/ptII/ptolemy/actor/lib/test/auto/Const.xml
----------------- Instantiating /home/travis/build/icyphy/ptII/ptolemy/actor/lib/test/auto/Const.xml
1 ms. Memory: 264192K Free: 216156K (82%)
----------------- Invoking toplevel() on ptolemy.moml.MoMLSimpleApplication@20333f9b
----------------- Done invoking toplevel() on ptolemy.moml.MoMLSimpleApplication@20333f9b
reloadAllAccessors: .Const

===========================================================================================
----------------- testing Thu Jul 18 13:41:57 UTC 2019 /home/travis/build/icyphy/ptII/ptolemy/actor/lib/test/auto/Const2.xml
----------------- Instantiating /home/travis/build/icyphy/ptII/ptolemy/actor/lib/test/auto/Const2.xml
2 ms. Memory: 264192K Free: 212060K (80%)
----------------- Invoking toplevel() on ptolemy.moml.MoMLSimpleApplication@666df65c
----------------- Done invoking toplevel() on ptolemy.moml.MoMLSimpleApplication@666df65c
reloadAllAccessors: .Const2

===========================================================================================
----------------- testing Thu Jul 18 13:41:57 UTC 2019 /home/travis/build/icyphy/ptII/ptolemy/actor/lib/test/auto/Const3.xml
----------------- Instantiating /home/travis/build/icyphy/ptII/ptolemy/actor/lib/test/auto/Const3.xml
1 ms. Memory: 264192K Free: 208988K (79%)
----------------- Invoking toplevel() on ptolemy.moml.MoMLSimpleApplication@2e16c988
----------------- Done invoking toplevel() on ptolemy.moml.MoMLSimpleApplication@2e16c988
reloadAllAccessors: .Const3

===========================================================================================
----------------- testing Thu Jul 18 13:41:57 UTC 2019 /home/travis/build/icyphy/ptII/ptolemy/actor/lib/test/auto/ConstantPublisherPort1.xml
----------------- Instantiating /home/travis/build/icyphy/ptII/ptolemy/actor/lib/test/auto/ConstantPublisherPort1.xml
6 ms. Memory: 264192K Free: 200796K (76%)
----------------- Invoking toplevel() on ptolemy.moml.MoMLSimpleApplication@4229e9a8
----------------- Done invoking toplevel() on ptolemy.moml.MoMLSimpleApplication@4229e9a8
reloadAllAccessors: .ConstantPublisherPort1

===========================================================================================
----------------- testing Thu Jul 18 13:41:57 UTC 2019 /home/travis/build/icyphy/ptII/ptolemy/actor/lib/test/auto/ConstantPublisherPort2.xml
----------------- Instantiating /home/travis/build/icyphy/ptII/ptolemy/actor/lib/test/auto/ConstantPublisherPort2.xml
5 ms. Memory: 264192K Free: 193114K (73%)
----------------- Invoking toplevel() on ptolemy.moml.MoMLSimpleApplication@11ff6ea1
----------------- Done invoking toplevel() on ptolemy.moml.MoMLSimpleApplication@11ff6ea1
reloadAllAccessors: .ConstantPublisherPort2

===========================================================================================
----------------- testing Thu Jul 18 13:41:57 UTC 2019 /home/travis/build/icyphy/ptII/ptolemy/actor/lib/test/auto/ConstantPublisherPort3.xml
----------------- Instantiating /home/travis/build/icyphy/ptII/ptolemy/actor/lib/test/auto/ConstantPublisherPort3.xml
4 ms. Memory: 264192K Free: 185436K (70%)
----------------- Invoking toplevel() on ptolemy.moml.MoMLSimpleApplication@7348a8f5
----------------- Done invoking toplevel() on ptolemy.moml.MoMLSimpleApplication@7348a8f5
reloadAllAccessors: .ConstantPublisherPort3

===========================================================================================
----------------- testing Thu Jul 18 13:41:57 UTC 2019 /home/travis/build/icyphy/ptII/ptolemy/actor/lib/test/auto/ConstantPublisherPort4.xml
----------------- Instantiating /home/travis/build/icyphy/ptII/ptolemy/actor/lib/test/auto/ConstantPublisherPort4.xml
3 ms. Memory: 264192K Free: 178778K (68%)
----------------- Invoking toplevel() on ptolemy.moml.MoMLSimpleApplication@394dcd7
----------------- Done invoking toplevel() on ptolemy.moml.MoMLSimpleApplication@394dcd7
reloadAllAccessors: .ConstantPublisherPort4

===========================================================================================
----------------- testing Thu Jul 18 13:41:57 UTC 2019 /home/travis/build/icyphy/ptII/ptolemy/actor/lib/test/auto/ConstantPublisherPort5.xml
----------------- Instantiating /home/travis/build/icyphy/ptII/ptolemy/actor/lib/test/auto/ConstantPublisherPort5.xml
22 ms. Memory: 264192K Free: 169562K (64%)
----------------- Invoking toplevel() on ptolemy.moml.MoMLSimpleApplication@67d5d397
----------------- Done invoking toplevel() on ptolemy.moml.MoMLSimpleApplication@67d5d397
reloadAllAccessors: .ConstantPublisherPort5

===========================================================================================
----------------- testing Thu Jul 18 13:41:57 UTC 2019 /home/travis/build/icyphy/ptII/ptolemy/actor/lib/test/auto/ConstantPublisherPort6.xml
----------------- Instantiating /home/travis/build/icyphy/ptII/ptolemy/actor/lib/test/auto/ConstantPublisherPort6.xml
17 ms. Memory: 264192K Free: 160346K (61%)
----------------- Invoking toplevel() on ptolemy.moml.MoMLSimpleApplication@479b5e64
----------------- Done invoking toplevel() on ptolemy.moml.MoMLSimpleApplication@479b5e64
reloadAllAccessors: .ConstantPublisherPort6

===========================================================================================
----------------- testing Thu Jul 18 13:41:57 UTC 2019 /home/travis/build/icyphy/ptII/ptolemy/actor/lib/test/auto/ConstantPublisherPort7.xml
----------------- Instantiating /home/travis/build/icyphy/ptII/ptolemy/actor/lib/test/auto/ConstantPublisherPort7.xml
21 ms. Memory: 264192K Free: 151644K (57%)
----------------- Invoking toplevel() on ptolemy.moml.MoMLSimpleApplication@21432d12
----------------- Done invoking toplevel() on ptolemy.moml.MoMLSimpleApplication@21432d12
reloadAllAccessors: .ConstantPublisherPort7

===========================================================================================
----------------- testing Thu Jul 18 13:41:58 UTC 2019 /home/travis/build/icyphy/ptII/ptolemy/actor/lib/test/auto/ConstraintMonitor1.xml
----------------- Instantiating /home/travis/build/icyphy/ptII/ptolemy/actor/lib/test/auto/ConstraintMonitor1.xml
2 ms. Memory: 264192K Free: 146010K (55%)
----------------- Invoking toplevel() on ptolemy.moml.MoMLSimpleApplication@14a1b0fb
----------------- Done invoking toplevel() on ptolemy.moml.MoMLSimpleApplication@14a1b0fb
reloadAllAccessors: .ConstraintMonitor1

===========================================================================================
----------------- testing Thu Jul 18 13:41:58 UTC 2019 /home/travis/build/icyphy/ptII/ptolemy/actor/lib/test/auto/ConstraintMonitor2.xml
----------------- Instantiating /home/travis/build/icyphy/ptII/ptolemy/actor/lib/test/auto/ConstraintMonitor2.xml
2 ms. Memory: 264192K Free: 141404K (54%)
----------------- Invoking toplevel() on ptolemy.moml.MoMLSimpleApplication@78cd569a
----------------- Done invoking toplevel() on ptolemy.moml.MoMLSimpleApplication@78cd569a
reloadAllAccessors: .ConstraintMonitor2

===========================================================================================
----------------- testing Thu Jul 18 13:41:58 UTC 2019 /home/travis/build/icyphy/ptII/ptolemy/actor/lib/test/auto/ConstraintMonitor3.xml
----------------- Instantiating /home/travis/build/icyphy/ptII/ptolemy/actor/lib/test/auto/ConstraintMonitor3.xml
1 ms. Memory: 264192K Free: 137308K (52%)
----------------- Invoking toplevel() on ptolemy.moml.MoMLSimpleApplication@25a65c17
----------------- Done invoking toplevel() on ptolemy.moml.MoMLSimpleApplication@25a65c17
reloadAllAccessors: .ConstraintMonitor3

===========================================================================================
----------------- testing Thu Jul 18 13:41:58 UTC 2019 /home/travis/build/icyphy/ptII/ptolemy/actor/lib/test/auto/ConstraintMonitor4.xml
----------------- Instantiating /home/travis/build/icyphy/ptII/ptolemy/actor/lib/test/auto/ConstraintMonitor4.xml
3 ms. Memory: 264192K Free: 132186K (50%)
----------------- Invoking toplevel() on ptolemy.moml.MoMLSimpleApplication@1b4fa622
----------------- Done invoking toplevel() on ptolemy.moml.MoMLSimpleApplication@1b4fa622
reloadAllAccessors: .ConstraintMonitor4

===========================================================================================
----------------- testing Thu Jul 18 13:41:58 UTC 2019 /home/travis/build/icyphy/ptII/ptolemy/actor/lib/test/auto/ConstraintMonitor5.xml
----------------- Instantiating /home/travis/build/icyphy/ptII/ptolemy/actor/lib/test/auto/ConstraintMonitor5.xml
3 ms. Memory: 264192K Free: 127068K (48%)
----------------- Invoking toplevel() on ptolemy.moml.MoMLSimpleApplication@3c5f4df
----------------- Done invoking toplevel() on ptolemy.moml.MoMLSimpleApplication@3c5f4df
reloadAllAccessors: .ConstraintMonitor5

===========================================================================================
----------------- testing Thu Jul 18 13:41:58 UTC 2019 /home/travis/build/icyphy/ptII/ptolemy/actor/lib/test/auto/ConstraintMonitor6.xml
----------------- Instantiating /home/travis/build/icyphy/ptII/ptolemy/actor/lib/test/auto/ConstraintMonitor6.xml
6 ms. Memory: 264192K Free: 121428K (46%)
----------------- Invoking toplevel() on ptolemy.moml.MoMLSimpleApplication@737abf89
----------------- Done invoking toplevel() on ptolemy.moml.MoMLSimpleApplication@737abf89
reloadAllAccessors: .ConstraintMonitor6

===========================================================================================
----------------- testing Thu Jul 18 13:41:58 UTC 2019 /home/travis/build/icyphy/ptII/ptolemy/actor/lib/test/auto/ConstraintMonitor7.xml
----------------- Instantiating /home/travis/build/icyphy/ptII/ptolemy/actor/lib/test/auto/ConstraintMonitor7.xml
4 ms. Memory: 264192K Free: 114780K (43%)
----------------- Invoking toplevel() on ptolemy.moml.MoMLSimpleApplication@55893a68
----------------- Done invoking toplevel() on ptolemy.moml.MoMLSimpleApplication@55893a68
reloadAllAccessors: .ConstraintMonitor7

===========================================================================================
----------------- testing Thu Jul 18 13:41:58 UTC 2019 /home/travis/build/icyphy/ptII/ptolemy/actor/lib/test/auto/ConstraintMonitor8.xml
----------------- Instantiating /home/travis/build/icyphy/ptII/ptolemy/actor/lib/test/auto/ConstraintMonitor8.xml
5 ms. Memory: 264192K Free: 107098K (41%)
----------------- Invoking toplevel() on ptolemy.moml.MoMLSimpleApplication@29311557
----------------- Done invoking toplevel() on ptolemy.moml.MoMLSimpleApplication@29311557
reloadAllAccessors: .ConstraintMonitor8

===========================================================================================
----------------- testing Thu Jul 18 13:41:58 UTC 2019 /home/travis/build/icyphy/ptII/ptolemy/actor/lib/test/auto/Counter.xml
----------------- Instantiating /home/travis/build/icyphy/ptII/ptolemy/actor/lib/test/auto/Counter.xml
3 ms. Memory: 264192K Free: 102490K (39%)
----------------- Invoking toplevel() on ptolemy.moml.MoMLSimpleApplication@9fc5209
----------------- Done invoking toplevel() on ptolemy.moml.MoMLSimpleApplication@9fc5209
reloadAllAccessors: .Counter

===========================================================================================
----------------- testing Thu Jul 18 13:41:58 UTC 2019 /home/travis/build/icyphy/ptII/ptolemy/actor/lib/test/auto/CurrentTimeSDF.xml
----------------- Instantiating /home/travis/build/icyphy/ptII/ptolemy/actor/lib/test/auto/CurrentTimeSDF.xml
2 ms. Memory: 264192K Free: 98396K (37%)
----------------- Invoking toplevel() on ptolemy.moml.MoMLSimpleApplication@1d77e14
----------------- Done invoking toplevel() on ptolemy.moml.MoMLSimpleApplication@1d77e14
reloadAllAccessors: .CurrentTimeSDF

===========================================================================================
----------------- testing Thu Jul 18 13:41:58 UTC 2019 /home/travis/build/icyphy/ptII/ptolemy/actor/lib/test/auto/DB.xml
----------------- Instantiating /home/travis/build/icyphy/ptII/ptolemy/actor/lib/test/auto/DB.xml
3 ms. Memory: 264192K Free: 92762K (35%)
----------------- Invoking toplevel() on ptolemy.moml.MoMLSimpleApplication@1f9bbec6
----------------- Done invoking toplevel() on ptolemy.moml.MoMLSimpleApplication@1f9bbec6
reloadAllAccessors: .DB

===========================================================================================
----------------- testing Thu Jul 18 13:41:58 UTC 2019 /home/travis/build/icyphy/ptII/ptolemy/actor/lib/test/auto/DBDE.xml
----------------- Instantiating /home/travis/build/icyphy/ptII/ptolemy/actor/lib/test/auto/DBDE.xml
2 ms. Memory: 264192K Free: 86612K (33%)
----------------- Invoking toplevel() on ptolemy.moml.MoMLSimpleApplication@70e71358
----------------- Done invoking toplevel() on ptolemy.moml.MoMLSimpleApplication@70e71358
reloadAllAccessors: .DBDE

===========================================================================================
----------------- testing Thu Jul 18 13:41:58 UTC 2019 /home/travis/build/icyphy/ptII/ptolemy/actor/lib/test/auto/DateConstructor.xml
----------------- Instantiating /home/travis/build/icyphy/ptII/ptolemy/actor/lib/test/auto/DateConstructor.xml
38 ms. Memory: 264192K Free: 69210K (26%)
----------------- Invoking toplevel() on ptolemy.moml.MoMLSimpleApplication@2f17b735
----------------- Done invoking toplevel() on ptolemy.moml.MoMLSimpleApplication@2f17b735
reloadAllAccessors: .DateConstructor

===========================================================================================
----------------- testing Thu Jul 18 13:41:58 UTC 2019 /home/travis/build/icyphy/ptII/ptolemy/actor/lib/test/auto/DelayTime.xml
----------------- Instantiating /home/travis/build/icyphy/ptII/ptolemy/actor/lib/test/auto/DelayTime.xml
4 ms. Memory: 264192K Free: 64090K (24%)
----------------- Invoking toplevel() on ptolemy.moml.MoMLSimpleApplication@28ae6dc2
----------------- Done invoking toplevel() on ptolemy.moml.MoMLSimpleApplication@28ae6dc2
reloadAllAccessors: .DelayTime

===========================================================================================
----------------- testing Thu Jul 18 13:41:58 UTC 2019 /home/travis/build/icyphy/ptII/ptolemy/actor/lib/test/auto/Dictionary1.xml
----------------- Instantiating /home/travis/build/icyphy/ptII/ptolemy/actor/lib/test/auto/Dictionary1.xml
1 ms. Memory: 264192K Free: 213836K (81%)
----------------- Invoking toplevel() on ptolemy.moml.MoMLSimpleApplication@25264edc
----------------- Done invoking toplevel() on ptolemy.moml.MoMLSimpleApplication@25264edc
reloadAllAccessors: .Dictionary1

===========================================================================================
----------------- testing Thu Jul 18 13:41:58 UTC 2019 /home/travis/build/icyphy/ptII/ptolemy/actor/lib/test/auto/Dictionary2.xml
----------------- Instantiating /home/travis/build/icyphy/ptII/ptolemy/actor/lib/test/auto/Dictionary2.xml
5 ms. Memory: 264192K Free: 207983K (79%)
----------------- Invoking toplevel() on ptolemy.moml.MoMLSimpleApplication@186265cc
----------------- Done invoking toplevel() on ptolemy.moml.MoMLSimpleApplication@186265cc
reloadAllAccessors: .Dictionary2

===========================================================================================
----------------- testing Thu Jul 18 13:41:58 UTC 2019 /home/travis/build/icyphy/ptII/ptolemy/actor/lib/test/auto/Dictionary3.xml
----------------- Instantiating /home/travis/build/icyphy/ptII/ptolemy/actor/lib/test/auto/Dictionary3.xml
2 ms. Memory: 264192K Free: 202863K (77%)
----------------- Invoking toplevel() on ptolemy.moml.MoMLSimpleApplication@5be4bba5
----------------- Done invoking toplevel() on ptolemy.moml.MoMLSimpleApplication@5be4bba5
reloadAllAccessors: .Dictionary3

===========================================================================================
----------------- testing Thu Jul 18 13:41:58 UTC 2019 /home/travis/build/icyphy/ptII/ptolemy/actor/lib/test/auto/Dictionary4.xml
----------------- Instantiating /home/travis/build/icyphy/ptII/ptolemy/actor/lib/test/auto/Dictionary4.xml
4 ms. Memory: 264192K Free: 195695K (74%)
----------------- Invoking toplevel() on ptolemy.moml.MoMLSimpleApplication@5cc7644a
----------------- Done invoking toplevel() on ptolemy.moml.MoMLSimpleApplication@5cc7644a
reloadAllAccessors: .Dictionary4

===========================================================================================
----------------- testing Thu Jul 18 13:41:58 UTC 2019 /home/travis/build/icyphy/ptII/ptolemy/actor/lib/test/auto/Differential.xml
----------------- Instantiating /home/travis/build/icyphy/ptII/ptolemy/actor/lib/test/auto/Differential.xml
3 ms. Memory: 264192K Free: 191089K (72%)
----------------- Invoking toplevel() on ptolemy.moml.MoMLSimpleApplication@164e1c01
----------------- Done invoking toplevel() on ptolemy.moml.MoMLSimpleApplication@164e1c01
reloadAllAccessors: .Differential

===========================================================================================
----------------- testing Thu Jul 18 13:41:58 UTC 2019 /home/travis/build/icyphy/ptII/ptolemy/actor/lib/test/auto/Director.xml
----------------- Instantiating /home/travis/build/icyphy/ptII/ptolemy/actor/lib/test/auto/Director.xml
2 ms. Memory: 264192K Free: 187503K (71%)
----------------- Invoking toplevel() on ptolemy.moml.MoMLSimpleApplication@ab17ceb
----------------- Done invoking toplevel() on ptolemy.moml.MoMLSimpleApplication@ab17ceb
reloadAllAccessors: .Director

===========================================================================================
----------------- testing Thu Jul 18 13:41:58 UTC 2019 /home/travis/build/icyphy/ptII/ptolemy/actor/lib/test/auto/DiscreteClock.xml
----------------- Instantiating /home/travis/build/icyphy/ptII/ptolemy/actor/lib/test/auto/DiscreteClock.xml
1 ms. Memory: 264192K Free: 183921K (70%)
----------------- Invoking toplevel() on ptolemy.moml.MoMLSimpleApplication@5dee1247
----------------- Done invoking toplevel() on ptolemy.moml.MoMLSimpleApplication@5dee1247
reloadAllAccessors: .DiscreteClock

===========================================================================================
----------------- testing Thu Jul 18 13:41:58 UTC 2019 /home/travis/build/icyphy/ptII/ptolemy/actor/lib/test/auto/DiscreteClock10.xml
----------------- Instantiating /home/travis/build/icyphy/ptII/ptolemy/actor/lib/test/auto/DiscreteClock10.xml
7 ms. Memory: 264192K Free: 177777K (67%)
----------------- Invoking toplevel() on ptolemy.moml.MoMLSimpleApplication@1a6e5e2d
----------------- Done invoking toplevel() on ptolemy.moml.MoMLSimpleApplication@1a6e5e2d
reloadAllAccessors: .DiscreteClock10

===========================================================================================
----------------- testing Thu Jul 18 13:41:58 UTC 2019 /home/travis/build/icyphy/ptII/ptolemy/actor/lib/test/auto/DiscreteClock11.xml
----------------- Instantiating /home/travis/build/icyphy/ptII/ptolemy/actor/lib/test/auto/DiscreteClock11.xml
3 ms. Memory: 264192K Free: 171633K (65%)
----------------- Invoking toplevel() on ptolemy.moml.MoMLSimpleApplication@39a1ba55
----------------- Done invoking toplevel() on ptolemy.moml.MoMLSimpleApplication@39a1ba55
reloadAllAccessors: .DiscreteClock11

===========================================================================================
----------------- testing Thu Jul 18 13:41:58 UTC 2019 /home/travis/build/icyphy/ptII/ptolemy/actor/lib/test/auto/DiscreteClock12.xml
----------------- Instantiating /home/travis/build/icyphy/ptII/ptolemy/actor/lib/test/auto/DiscreteClock12.xml
3 ms. Memory: 264192K Free: 165489K (63%)
----------------- Invoking toplevel() on ptolemy.moml.MoMLSimpleApplication@77ad0f9e
----------------- Done invoking toplevel() on ptolemy.moml.MoMLSimpleApplication@77ad0f9e
reloadAllAccessors: .DiscreteClock12

===========================================================================================
----------------- testing Thu Jul 18 13:41:58 UTC 2019 /home/travis/build/icyphy/ptII/ptolemy/actor/lib/test/auto/DiscreteClock13.xml
----------------- Instantiating /home/travis/build/icyphy/ptII/ptolemy/actor/lib/test/auto/DiscreteClock13.xml
5 ms. Memory: 264192K Free: 159825K (60%)
----------------- Invoking toplevel() on ptolemy.moml.MoMLSimpleApplication@763bb399
----------------- Done invoking toplevel() on ptolemy.moml.MoMLSimpleApplication@763bb399
reloadAllAccessors: .DiscreteClock13

===========================================================================================
----------------- testing Thu Jul 18 13:41:58 UTC 2019 /home/travis/build/icyphy/ptII/ptolemy/actor/lib/test/auto/DiscreteClock14.xml
----------------- Instantiating /home/travis/build/icyphy/ptII/ptolemy/actor/lib/test/auto/DiscreteClock14.xml
7 ms. Memory: 264192K Free: 153681K (58%)
----------------- Invoking toplevel() on ptolemy.moml.MoMLSimpleApplication@666473e9
----------------- Done invoking toplevel() on ptolemy.moml.MoMLSimpleApplication@666473e9
reloadAllAccessors: .DiscreteClock14

===========================================================================================
----------------- testing Thu Jul 18 13:41:58 UTC 2019 /home/travis/build/icyphy/ptII/ptolemy/actor/lib/test/auto/DiscreteClock15.xml
----------------- Instantiating /home/travis/build/icyphy/ptII/ptolemy/actor/lib/test/auto/DiscreteClock15.xml
5 ms. Memory: 264192K Free: 147537K (56%)
----------------- Invoking toplevel() on ptolemy.moml.MoMLSimpleApplication@6ced868c
----------------- Done invoking toplevel() on ptolemy.moml.MoMLSimpleApplication@6ced868c
reloadAllAccessors: .DiscreteClock15

===========================================================================================
----------------- testing Thu Jul 18 13:41:58 UTC 2019 /home/travis/build/icyphy/ptII/ptolemy/actor/lib/test/auto/DiscreteClock16.xml
----------------- Instantiating /home/travis/build/icyphy/ptII/ptolemy/actor/lib/test/auto/DiscreteClock16.xml
18 ms. Memory: 264192K Free: 133745K (51%)
----------------- Invoking toplevel() on ptolemy.moml.MoMLSimpleApplication@421a7d06
----------------- Done invoking toplevel() on ptolemy.moml.MoMLSimpleApplication@421a7d06
reloadAllAccessors: .DiscreteClock16

===========================================================================================
----------------- testing Thu Jul 18 13:41:58 UTC 2019 /home/travis/build/icyphy/ptII/ptolemy/actor/lib/test/auto/DiscreteClock17.xml
----------------- Instantiating /home/travis/build/icyphy/ptII/ptolemy/actor/lib/test/auto/DiscreteClock17.xml
17 ms. Memory: 264192K Free: 119905K (45%)
----------------- Invoking toplevel() on ptolemy.moml.MoMLSimpleApplication@ab5b1d8
----------------- Done invoking toplevel() on ptolemy.moml.MoMLSimpleApplication@ab5b1d8
reloadAllAccessors: .DiscreteClock17

===========================================================================================
----------------- testing Thu Jul 18 13:41:58 UTC 2019 /home/travis/build/icyphy/ptII/ptolemy/actor/lib/test/auto/DiscreteClock18.xml
----------------- Instantiating /home/travis/build/icyphy/ptII/ptolemy/actor/lib/test/auto/DiscreteClock18.xml
22 ms. Memory: 264192K Free: 106607K (40%)
----------------- Invoking toplevel() on ptolemy.moml.MoMLSimpleApplication@4627ee00
----------------- Done invoking toplevel() on ptolemy.moml.MoMLSimpleApplication@4627ee00
reloadAllAccessors: .DiscreteClock18

===========================================================================================
----------------- testing Thu Jul 18 13:41:58 UTC 2019 /home/travis/build/icyphy/ptII/ptolemy/actor/lib/test/auto/DiscreteClock19.xml
----------------- Instantiating /home/travis/build/icyphy/ptII/ptolemy/actor/lib/test/auto/DiscreteClock19.xml
21 ms. Memory: 264192K Free: 92785K (35%)
----------------- Invoking toplevel() on ptolemy.moml.MoMLSimpleApplication@36c29a21
----------------- Done invoking toplevel() on ptolemy.moml.MoMLSimpleApplication@36c29a21
reloadAllAccessors: .DiscreteClock19

===========================================================================================
----------------- testing Thu Jul 18 13:41:58 UTC 2019 /home/travis/build/icyphy/ptII/ptolemy/actor/lib/test/auto/DiscreteClock2.xml
----------------- Instantiating /home/travis/build/icyphy/ptII/ptolemy/actor/lib/test/auto/DiscreteClock2.xml
4 ms. Memory: 264192K Free: 87665K (33%)
----------------- Invoking toplevel() on ptolemy.moml.MoMLSimpleApplication@4e6828e5
----------------- Done invoking toplevel() on ptolemy.moml.MoMLSimpleApplication@4e6828e5
reloadAllAccessors: .DiscreteClock2

===========================================================================================
----------------- testing Thu Jul 18 13:41:58 UTC 2019 /home/travis/build/icyphy/ptII/ptolemy/actor/lib/test/auto/DiscreteClock20.xml
----------------- Instantiating /home/travis/build/icyphy/ptII/ptolemy/actor/lib/test/auto/DiscreteClock20.xml
8 ms. Memory: 264192K Free: 82545K (31%)
----------------- Invoking toplevel() on ptolemy.moml.MoMLSimpleApplication@541671a5
----------------- Done invoking toplevel() on ptolemy.moml.MoMLSimpleApplication@541671a5
reloadAllAccessors: .DiscreteClock20

===========================================================================================
----------------- testing Thu Jul 18 13:41:59 UTC 2019 /home/travis/build/icyphy/ptII/ptolemy/actor/lib/test/auto/DiscreteClock21.xml
----------------- Instantiating /home/travis/build/icyphy/ptII/ptolemy/actor/lib/test/auto/DiscreteClock21.xml
6 ms. Memory: 264192K Free: 76911K (29%)
----------------- Invoking toplevel() on ptolemy.moml.MoMLSimpleApplication@393a50ea
----------------- Done invoking toplevel() on ptolemy.moml.MoMLSimpleApplication@393a50ea
reloadAllAccessors: .DiscreteClock21

===========================================================================================
----------------- testing Thu Jul 18 13:41:59 UTC 2019 /home/travis/build/icyphy/ptII/ptolemy/actor/lib/test/auto/DiscreteClock22.xml
----------------- Instantiating /home/travis/build/icyphy/ptII/ptolemy/actor/lib/test/auto/DiscreteClock22.xml
7 ms. Memory: 264192K Free: 71281K (27%)
----------------- Invoking toplevel() on ptolemy.moml.MoMLSimpleApplication@30754bb
----------------- Done invoking toplevel() on ptolemy.moml.MoMLSimpleApplication@30754bb
reloadAllAccessors: .DiscreteClock22

===========================================================================================
----------------- testing Thu Jul 18 13:41:59 UTC 2019 /home/travis/build/icyphy/ptII/ptolemy/actor/lib/test/auto/DiscreteClock23.xml
----------------- Instantiating /home/travis/build/icyphy/ptII/ptolemy/actor/lib/test/auto/DiscreteClock23.xml
10 ms. Memory: 264192K Free: 65647K (25%)
----------------- Invoking toplevel() on ptolemy.moml.MoMLSimpleApplication@599326b6
----------------- Done invoking toplevel() on ptolemy.moml.MoMLSimpleApplication@599326b6
reloadAllAccessors: .DiscreteClock23

===========================================================================================
----------------- testing Thu Jul 18 13:41:59 UTC 2019 /home/travis/build/icyphy/ptII/ptolemy/actor/lib/test/auto/DiscreteClock24.xml
----------------- Instantiating /home/travis/build/icyphy/ptII/ptolemy/actor/lib/test/auto/DiscreteClock24.xml
14 ms. Memory: 264192K Free: 216528K (82%)
----------------- Invoking toplevel() on ptolemy.moml.MoMLSimpleApplication@33985843
----------------- Done invoking toplevel() on ptolemy.moml.MoMLSimpleApplication@33985843
reloadAllAccessors: .DiscreteClock24

===========================================================================================
----------------- testing Thu Jul 18 13:41:59 UTC 2019 /home/travis/build/icyphy/ptII/ptolemy/actor/lib/test/auto/DiscreteClock4.xml
----------------- Instantiating /home/travis/build/icyphy/ptII/ptolemy/actor/lib/test/auto/DiscreteClock4.xml
4 ms. Memory: 264192K Free: 210647K (80%)
----------------- Invoking toplevel() on ptolemy.moml.MoMLSimpleApplication@223df6ef
----------------- Done invoking toplevel() on ptolemy.moml.MoMLSimpleApplication@223df6ef
reloadAllAccessors: .DiscreteClock4

===========================================================================================
----------------- testing Thu Jul 18 13:41:59 UTC 2019 /home/travis/build/icyphy/ptII/ptolemy/actor/lib/test/auto/DiscreteClock5.xml
----------------- Instantiating /home/travis/build/icyphy/ptII/ptolemy/actor/lib/test/auto/DiscreteClock5.xml
2 ms. Memory: 264192K Free: 205007K (78%)
----------------- Invoking toplevel() on ptolemy.moml.MoMLSimpleApplication@72c30d76
----------------- Done invoking toplevel() on ptolemy.moml.MoMLSimpleApplication@72c30d76
reloadAllAccessors: .DiscreteClock5

===========================================================================================
----------------- testing Thu Jul 18 13:41:59 UTC 2019 /home/travis/build/icyphy/ptII/ptolemy/actor/lib/test/auto/DiscreteClock6.xml
----------------- Instantiating /home/travis/build/icyphy/ptII/ptolemy/actor/lib/test/auto/DiscreteClock6.xml
1 ms. Memory: 264192K Free: 200407K (76%)
----------------- Invoking toplevel() on ptolemy.moml.MoMLSimpleApplication@51f52efc
----------------- Done invoking toplevel() on ptolemy.moml.MoMLSimpleApplication@51f52efc
reloadAllAccessors: .DiscreteClock6

===========================================================================================
----------------- testing Thu Jul 18 13:41:59 UTC 2019 /home/travis/build/icyphy/ptII/ptolemy/actor/lib/test/auto/DiscreteClock7.xml
----------------- Instantiating /home/travis/build/icyphy/ptII/ptolemy/actor/lib/test/auto/DiscreteClock7.xml
1 ms. Memory: 264192K Free: 195797K (74%)
----------------- Invoking toplevel() on ptolemy.moml.MoMLSimpleApplication@32f4d53f
----------------- Done invoking toplevel() on ptolemy.moml.MoMLSimpleApplication@32f4d53f
reloadAllAccessors: .DiscreteClock7

===========================================================================================
----------------- testing Thu Jul 18 13:41:59 UTC 2019 /home/travis/build/icyphy/ptII/ptolemy/actor/lib/test/auto/DiscreteClock8.xml
----------------- Instantiating /home/travis/build/icyphy/ptII/ptolemy/actor/lib/test/auto/DiscreteClock8.xml
5 ms. Memory: 264192K Free: 190647K (72%)
----------------- Invoking toplevel() on ptolemy.moml.MoMLSimpleApplication@1dbb2ba1
----------------- Done invoking toplevel() on ptolemy.moml.MoMLSimpleApplication@1dbb2ba1
reloadAllAccessors: .DiscreteClock8

===========================================================================================
----------------- testing Thu Jul 18 13:41:59 UTC 2019 /home/travis/build/icyphy/ptII/ptolemy/actor/lib/test/auto/DiscreteClock9.xml
----------------- Instantiating /home/travis/build/icyphy/ptII/ptolemy/actor/lib/test/auto/DiscreteClock9.xml
4 ms. Memory: 264192K Free: 184519K (70%)
----------------- Invoking toplevel() on ptolemy.moml.MoMLSimpleApplication@7b588019
----------------- Done invoking toplevel() on ptolemy.moml.MoMLSimpleApplication@7b588019
reloadAllAccessors: .DiscreteClock9

===========================================================================================
----------------- testing Thu Jul 18 13:41:59 UTC 2019 /home/travis/build/icyphy/ptII/ptolemy/actor/lib/test/auto/DisplayArray.xml
----------------- Instantiating /home/travis/build/icyphy/ptII/ptolemy/actor/lib/test/auto/DisplayArray.xml
1 ms. Memory: 264192K Free: 180951K (68%)
----------------- Invoking toplevel() on ptolemy.moml.MoMLSimpleApplication@2b18eabc
----------------- Done invoking toplevel() on ptolemy.moml.MoMLSimpleApplication@2b18eabc
reloadAllAccessors: .DisplayArray

===========================================================================================
----------------- testing Thu Jul 18 13:41:59 UTC 2019 /home/travis/build/icyphy/ptII/ptolemy/actor/lib/test/auto/Distributor.xml
----------------- Instantiating /home/travis/build/icyphy/ptII/ptolemy/actor/lib/test/auto/Distributor.xml
2 ms. Memory: 264192K Free: 175831K (67%)
----------------- Invoking toplevel() on ptolemy.moml.MoMLSimpleApplication@25686605
----------------- Done invoking toplevel() on ptolemy.moml.MoMLSimpleApplication@25686605
reloadAllAccessors: .Distributor

===========================================================================================
----------------- testing Thu Jul 18 13:41:59 UTC 2019 /home/travis/build/icyphy/ptII/ptolemy/actor/lib/test/auto/Distributor2.xml
----------------- Instantiating /home/travis/build/icyphy/ptII/ptolemy/actor/lib/test/auto/Distributor2.xml
1 ms. Memory: 264192K Free: 170711K (65%)
----------------- Invoking toplevel() on ptolemy.moml.MoMLSimpleApplication@1c423b22
----------------- Done invoking toplevel() on ptolemy.moml.MoMLSimpleApplication@1c423b22
reloadAllAccessors: .Distributor2

===========================================================================================
----------------- testing Thu Jul 18 13:41:59 UTC 2019 /home/travis/build/icyphy/ptII/ptolemy/actor/lib/test/auto/DownSample.xml
----------------- Instantiating /home/travis/build/icyphy/ptII/ptolemy/actor/lib/test/auto/DownSample.xml
1 ms. Memory: 264192K Free: 166615K (63%)
----------------- Invoking toplevel() on ptolemy.moml.MoMLSimpleApplication@482d47bf
----------------- Done invoking toplevel() on ptolemy.moml.MoMLSimpleApplication@482d47bf
reloadAllAccessors: .DownSample

===========================================================================================
----------------- testing Thu Jul 18 13:41:59 UTC 2019 /home/travis/build/icyphy/ptII/ptolemy/actor/lib/test/auto/ElectronicUnitBase1.xml
----------------- Instantiating /home/travis/build/icyphy/ptII/ptolemy/actor/lib/test/auto/ElectronicUnitBase1.xml
19 ms. Memory: 264192K Free: 150741K (57%)
----------------- Invoking toplevel() on ptolemy.moml.MoMLSimpleApplication@6d9c87bc
----------------- Done invoking toplevel() on ptolemy.moml.MoMLSimpleApplication@6d9c87bc
reloadAllAccessors: .ElectronicUnitBase1

===========================================================================================
----------------- testing Thu Jul 18 13:41:59 UTC 2019 /home/travis/build/icyphy/ptII/ptolemy/actor/lib/test/auto/ElementsToArray.xml
----------------- Instantiating /home/travis/build/icyphy/ptII/ptolemy/actor/lib/test/auto/ElementsToArray.xml
3 ms. Memory: 264192K Free: 145621K (55%)
----------------- Invoking toplevel() on ptolemy.moml.MoMLSimpleApplication@aacebac
----------------- Done invoking toplevel() on ptolemy.moml.MoMLSimpleApplication@aacebac
reloadAllAccessors: .ElementsToArray

===========================================================================================
----------------- testing Thu Jul 18 13:41:59 UTC 2019 /home/travis/build/icyphy/ptII/ptolemy/actor/lib/test/auto/Equals.xml
----------------- Instantiating /home/travis/build/icyphy/ptII/ptolemy/actor/lib/test/auto/Equals.xml
3 ms. Memory: 264192K Free: 141015K (53%)
----------------- Invoking toplevel() on ptolemy.moml.MoMLSimpleApplication@43492db8
----------------- Done invoking toplevel() on ptolemy.moml.MoMLSimpleApplication@43492db8
reloadAllAccessors: .Equals

===========================================================================================
----------------- testing Thu Jul 18 13:41:59 UTC 2019 /home/travis/build/icyphy/ptII/ptolemy/actor/lib/test/auto/Exec.xml
----------------- Instantiating /home/travis/build/icyphy/ptII/ptolemy/actor/lib/test/auto/Exec.xml
16 ms. Memory: 264192K Free: 135381K (51%)
----------------- Invoking toplevel() on ptolemy.moml.MoMLSimpleApplication@288481ea
----------------- Done invoking toplevel() on ptolemy.moml.MoMLSimpleApplication@288481ea
reloadAllAccessors: .Exec

===========================================================================================
----------------- testing Thu Jul 18 13:41:59 UTC 2019 /home/travis/build/icyphy/ptII/ptolemy/actor/lib/test/auto/ExecEnvironment.xml
----------------- Instantiating /home/travis/build/icyphy/ptII/ptolemy/actor/lib/test/auto/ExecEnvironment.xml
30 ms. Memory: 264192K Free: 130775K (49%)
----------------- Invoking toplevel() on ptolemy.moml.MoMLSimpleApplication@27dbd5cc
----------------- Done invoking toplevel() on ptolemy.moml.MoMLSimpleApplication@27dbd5cc
reloadAllAccessors: .ExecEnvironment

===========================================================================================
----------------- testing Thu Jul 18 13:41:59 UTC 2019 /home/travis/build/icyphy/ptII/ptolemy/actor/lib/test/auto/ExecNonZeroReturnOutput.xml
----------------- Instantiating /home/travis/build/icyphy/ptII/ptolemy/actor/lib/test/auto/ExecNonZeroReturnOutput.xml
196 ms. Memory: 264192K Free: 118997K (45%)
----------------- Invoking toplevel() on ptolemy.moml.MoMLSimpleApplication@6e198ec1
----------------- Done invoking toplevel() on ptolemy.moml.MoMLSimpleApplication@6e198ec1
reloadAllAccessors: .ExecNonZeroReturnOutput

===========================================================================================
----------------- testing Thu Jul 18 13:41:59 UTC 2019 /home/travis/build/icyphy/ptII/ptolemy/actor/lib/test/auto/ExecRunDemos.xml
----------------- Instantiating /home/travis/build/icyphy/ptII/ptolemy/actor/lib/test/auto/ExecRunDemos.xml
Finished: 71 ms. Memory: 120832K Free: 104444K (86%)

Finished: 78 ms. Memory: 120832K Free: 110709K (92%)

Finished: 99 ms. Memory: 120832K Free: 110107K (91%)

Finished: 76 ms. Memory: 120832K Free: 111385K (92%)

Finished: 89 ms. Memory: 120832K Free: 104043K (86%)

11127 ms. Memory: 264192K Free: 98005K (37%)
----------------- Invoking toplevel() on ptolemy.moml.MoMLSimpleApplication@6a293069
----------------- Done invoking toplevel() on ptolemy.moml.MoMLSimpleApplication@6a293069
reloadAllAccessors: .ExecRunDemos

===========================================================================================
----------------- testing Thu Jul 18 13:42:10 UTC 2019 /home/travis/build/icyphy/ptII/ptolemy/actor/lib/test/auto/ExecStop.xml
----------------- Instantiating /home/travis/build/icyphy/ptII/ptolemy/actor/lib/test/auto/ExecStop.xml
5019 ms. Memory: 447488K Free: 314363K (70%)
----------------- Invoking toplevel() on ptolemy.moml.MoMLSimpleApplication@1acd66c7
----------------- Done invoking toplevel() on ptolemy.moml.MoMLSimpleApplication@1acd66c7
reloadAllAccessors: .ExecStop

===========================================================================================
----------------- testing Thu Jul 18 13:42:15 UTC 2019 /home/travis/build/icyphy/ptII/ptolemy/actor/lib/test/auto/ExecutionTimeSDF.xml
----------------- Instantiating /home/travis/build/icyphy/ptII/ptolemy/actor/lib/test/auto/ExecutionTimeSDF.xml
Fired ExecutionTime: 1544400000
Fired ExecutionTime: 1074000000
Fired ExecutionTime: -1042567296
6007 ms. Memory: 447488K Free: 301491K (67%)
----------------- Invoking toplevel() on ptolemy.moml.MoMLSimpleApplication@7c5dd42b
----------------- Done invoking toplevel() on ptolemy.moml.MoMLSimpleApplication@7c5dd42b
reloadAllAccessors: .ExecutionTimeSDF

===========================================================================================
----------------- testing Thu Jul 18 13:42:22 UTC 2019 /home/travis/build/icyphy/ptII/ptolemy/actor/lib/test/auto/Expression1.xml
----------------- Instantiating /home/travis/build/icyphy/ptII/ptolemy/actor/lib/test/auto/Expression1.xml
1 ms. Memory: 447488K Free: 297905K (67%)
----------------- Invoking toplevel() on ptolemy.moml.MoMLSimpleApplication@3444f65
----------------- Done invoking toplevel() on ptolemy.moml.MoMLSimpleApplication@3444f65
reloadAllAccessors: .Expression1

===========================================================================================
----------------- testing Thu Jul 18 13:42:22 UTC 2019 /home/travis/build/icyphy/ptII/ptolemy/actor/lib/test/auto/Expression10.xml
----------------- Instantiating /home/travis/build/icyphy/ptII/ptolemy/actor/lib/test/auto/Expression10.xml
23 ms. Memory: 447488K Free: 292275K (65%)
----------------- Invoking toplevel() on ptolemy.moml.MoMLSimpleApplication@59bd283
----------------- Done invoking toplevel() on ptolemy.moml.MoMLSimpleApplication@59bd283
reloadAllAccessors: .Expression10

===========================================================================================
----------------- testing Thu Jul 18 13:42:22 UTC 2019 /home/travis/build/icyphy/ptII/ptolemy/actor/lib/test/auto/Expression11.xml
----------------- Instantiating /home/travis/build/icyphy/ptII/ptolemy/actor/lib/test/auto/Expression11.xml
3 ms. Memory: 447488K Free: 288179K (64%)
----------------- Invoking toplevel() on ptolemy.moml.MoMLSimpleApplication@2369e815
----------------- Done invoking toplevel() on ptolemy.moml.MoMLSimpleApplication@2369e815
reloadAllAccessors: .Expression11

===========================================================================================
----------------- testing Thu Jul 18 13:42:22 UTC 2019 /home/travis/build/icyphy/ptII/ptolemy/actor/lib/test/auto/Expression12.xml
----------------- Instantiating /home/travis/build/icyphy/ptII/ptolemy/actor/lib/test/auto/Expression12.xml
4 ms. Memory: 447488K Free: 282545K (63%)
----------------- Invoking toplevel() on ptolemy.moml.MoMLSimpleApplication@22c19013
----------------- Done invoking toplevel() on ptolemy.moml.MoMLSimpleApplication@22c19013
reloadAllAccessors: .Expression12

===========================================================================================
----------------- testing Thu Jul 18 13:42:22 UTC 2019 /home/travis/build/icyphy/ptII/ptolemy/actor/lib/test/auto/Expression13.xml
----------------- Instantiating /home/travis/build/icyphy/ptII/ptolemy/actor/lib/test/auto/Expression13.xml
3 ms. Memory: 447488K Free: 277425K (62%)
----------------- Invoking toplevel() on ptolemy.moml.MoMLSimpleApplication@8a3cdef
----------------- Done invoking toplevel() on ptolemy.moml.MoMLSimpleApplication@8a3cdef
reloadAllAccessors: .Expression13

===========================================================================================
----------------- testing Thu Jul 18 13:42:22 UTC 2019 /home/travis/build/icyphy/ptII/ptolemy/actor/lib/test/auto/Expression14.xml
----------------- Instantiating /home/travis/build/icyphy/ptII/ptolemy/actor/lib/test/auto/Expression14.xml
8 ms. Memory: 447488K Free: 271281K (61%)
----------------- Invoking toplevel() on ptolemy.moml.MoMLSimpleApplication@3d311f8c
----------------- Done invoking toplevel() on ptolemy.moml.MoMLSimpleApplication@3d311f8c
reloadAllAccessors: .Expression14

===========================================================================================
----------------- testing Thu Jul 18 13:42:22 UTC 2019 /home/travis/build/icyphy/ptII/ptolemy/actor/lib/test/auto/Expression15.xml
----------------- Instantiating /home/travis/build/icyphy/ptII/ptolemy/actor/lib/test/auto/Expression15.xml
2 ms. Memory: 447488K Free: 267699K (60%)
----------------- Invoking toplevel() on ptolemy.moml.MoMLSimpleApplication@51b3b4bd
----------------- Done invoking toplevel() on ptolemy.moml.MoMLSimpleApplication@51b3b4bd
reloadAllAccessors: .Expression15

===========================================================================================
----------------- testing Thu Jul 18 13:42:22 UTC 2019 /home/travis/build/icyphy/ptII/ptolemy/actor/lib/test/auto/Expression16.xml
----------------- Instantiating /home/travis/build/icyphy/ptII/ptolemy/actor/lib/test/auto/Expression16.xml
4 ms. Memory: 447488K Free: 262579K (59%)
----------------- Invoking toplevel() on ptolemy.moml.MoMLSimpleApplication@61a52711
----------------- Done invoking toplevel() on ptolemy.moml.MoMLSimpleApplication@61a52711
reloadAllAccessors: .Expression16

===========================================================================================
----------------- testing Thu Jul 18 13:42:22 UTC 2019 /home/travis/build/icyphy/ptII/ptolemy/actor/lib/test/auto/Expression17.xml
----------------- Instantiating /home/travis/build/icyphy/ptII/ptolemy/actor/lib/test/auto/Expression17.xml
4 ms. Memory: 447488K Free: 257969K (58%)
----------------- Invoking toplevel() on ptolemy.moml.MoMLSimpleApplication@4df0fe46
----------------- Done invoking toplevel() on ptolemy.moml.MoMLSimpleApplication@4df0fe46
reloadAllAccessors: .Expression17

===========================================================================================
----------------- testing Thu Jul 18 13:42:22 UTC 2019 /home/travis/build/icyphy/ptII/ptolemy/actor/lib/test/auto/Expression18.xml
----------------- Instantiating /home/travis/build/icyphy/ptII/ptolemy/actor/lib/test/auto/Expression18.xml
3 ms. Memory: 447488K Free: 252849K (57%)
----------------- Invoking toplevel() on ptolemy.moml.MoMLSimpleApplication@74aae03b
----------------- Done invoking toplevel() on ptolemy.moml.MoMLSimpleApplication@74aae03b
reloadAllAccessors: .Expression18

===========================================================================================
----------------- testing Thu Jul 18 13:42:22 UTC 2019 /home/travis/build/icyphy/ptII/ptolemy/actor/lib/test/auto/Expression2.xml
----------------- Instantiating /home/travis/build/icyphy/ptII/ptolemy/actor/lib/test/auto/Expression2.xml
4 ms. Memory: 447488K Free: 247729K (55%)
----------------- Invoking toplevel() on ptolemy.moml.MoMLSimpleApplication@110baa97
----------------- Done invoking toplevel() on ptolemy.moml.MoMLSimpleApplication@110baa97
reloadAllAccessors: .Expression2

===========================================================================================
----------------- testing Thu Jul 18 13:42:22 UTC 2019 /home/travis/build/icyphy/ptII/ptolemy/actor/lib/test/auto/Expression3.xml
----------------- Instantiating /home/travis/build/icyphy/ptII/ptolemy/actor/lib/test/auto/Expression3.xml
8 ms. Memory: 447488K Free: 242609K (54%)
----------------- Invoking toplevel() on ptolemy.moml.MoMLSimpleApplication@70d7f17d
----------------- Done invoking toplevel() on ptolemy.moml.MoMLSimpleApplication@70d7f17d
reloadAllAccessors: .Expression3

===========================================================================================
----------------- testing Thu Jul 18 13:42:22 UTC 2019 /home/travis/build/icyphy/ptII/ptolemy/actor/lib/test/auto/Expression4.xml
----------------- Instantiating /home/travis/build/icyphy/ptII/ptolemy/actor/lib/test/auto/Expression4.xml
7 ms. Memory: 447488K Free: 234931K (52%)
----------------- Invoking toplevel() on ptolemy.moml.MoMLSimpleApplication@74e78414
----------------- Done invoking toplevel() on ptolemy.moml.MoMLSimpleApplication@74e78414
reloadAllAccessors: .Expression4

===========================================================================================
----------------- testing Thu Jul 18 13:42:22 UTC 2019 /home/travis/build/icyphy/ptII/ptolemy/actor/lib/test/auto/Expression5.xml
----------------- Instantiating /home/travis/build/icyphy/ptII/ptolemy/actor/lib/test/auto/Expression5.xml
5 ms. Memory: 447488K Free: 230321K (51%)
----------------- Invoking toplevel() on ptolemy.moml.MoMLSimpleApplication@3108ee80
----------------- Done invoking toplevel() on ptolemy.moml.MoMLSimpleApplication@3108ee80
reloadAllAccessors: .Expression5

===========================================================================================
----------------- testing Thu Jul 18 13:42:22 UTC 2019 /home/travis/build/icyphy/ptII/ptolemy/actor/lib/test/auto/Expression6.xml
----------------- Instantiating /home/travis/build/icyphy/ptII/ptolemy/actor/lib/test/auto/Expression6.xml
3 ms. Memory: 447488K Free: 225715K (50%)
----------------- Invoking toplevel() on ptolemy.moml.MoMLSimpleApplication@7d91d85a
----------------- Done invoking toplevel() on ptolemy.moml.MoMLSimpleApplication@7d91d85a
reloadAllAccessors: .Expression6

===========================================================================================
----------------- testing Thu Jul 18 13:42:22 UTC 2019 /home/travis/build/icyphy/ptII/ptolemy/actor/lib/test/auto/Expression7.xml
----------------- Instantiating /home/travis/build/icyphy/ptII/ptolemy/actor/lib/test/auto/Expression7.xml
3 ms. Memory: 447488K Free: 220595K (49%)
----------------- Invoking toplevel() on ptolemy.moml.MoMLSimpleApplication@20e24a3d
----------------- Done invoking toplevel() on ptolemy.moml.MoMLSimpleApplication@20e24a3d
reloadAllAccessors: .Expression7

===========================================================================================
----------------- testing Thu Jul 18 13:42:22 UTC 2019 /home/travis/build/icyphy/ptII/ptolemy/actor/lib/test/auto/Expression8.xml
----------------- Instantiating /home/travis/build/icyphy/ptII/ptolemy/actor/lib/test/auto/Expression8.xml
10 ms. Memory: 447488K Free: 215475K (48%)
----------------- Invoking toplevel() on ptolemy.moml.MoMLSimpleApplication@2cfd8bb0
----------------- Done invoking toplevel() on ptolemy.moml.MoMLSimpleApplication@2cfd8bb0
reloadAllAccessors: .Expression8

===========================================================================================
----------------- testing Thu Jul 18 13:42:22 UTC 2019 /home/travis/build/icyphy/ptII/ptolemy/actor/lib/test/auto/Expression9.xml
----------------- Instantiating /home/travis/build/icyphy/ptII/ptolemy/actor/lib/test/auto/Expression9.xml
1 ms. Memory: 447488K Free: 211379K (47%)
----------------- Invoking toplevel() on ptolemy.moml.MoMLSimpleApplication@5f54eff5
----------------- Done invoking toplevel() on ptolemy.moml.MoMLSimpleApplication@5f54eff5
reloadAllAccessors: .Expression9

===========================================================================================
----------------- testing Thu Jul 18 13:42:22 UTC 2019 /home/travis/build/icyphy/ptII/ptolemy/actor/lib/test/auto/ExpressionConcatenateArrayType.xml
----------------- Instantiating /home/travis/build/icyphy/ptII/ptolemy/actor/lib/test/auto/ExpressionConcatenateArrayType.xml
4 ms. Memory: 447488K Free: 204721K (46%)
----------------- Invoking toplevel() on ptolemy.moml.MoMLSimpleApplication@50d8a5f1
----------------- Done invoking toplevel() on ptolemy.moml.MoMLSimpleApplication@50d8a5f1
reloadAllAccessors: .ExpressionConcatenateArrayType

===========================================================================================
----------------- testing Thu Jul 18 13:42:22 UTC 2019 /home/travis/build/icyphy/ptII/ptolemy/actor/lib/test/auto/ExpressionConcatenateArrayType2.xml
----------------- Instantiating /home/travis/build/icyphy/ptII/ptolemy/actor/lib/test/auto/ExpressionConcatenateArrayType2.xml
3 ms. Memory: 447488K Free: 199601K (45%)
----------------- Invoking toplevel() on ptolemy.moml.MoMLSimpleApplication@3a219491
----------------- Done invoking toplevel() on ptolemy.moml.MoMLSimpleApplication@3a219491
reloadAllAccessors: .ExpressionConcatenateArrayType2

===========================================================================================
----------------- testing Thu Jul 18 13:42:22 UTC 2019 /home/travis/build/icyphy/ptII/ptolemy/actor/lib/test/auto/ExpressionFix.xml
----------------- Instantiating /home/travis/build/icyphy/ptII/ptolemy/actor/lib/test/auto/ExpressionFix.xml
25 ms. Memory: 447488K Free: 192947K (43%)
----------------- Invoking toplevel() on ptolemy.moml.MoMLSimpleApplication@4f2cea97
----------------- Done invoking toplevel() on ptolemy.moml.MoMLSimpleApplication@4f2cea97
reloadAllAccessors: .ExpressionFix

===========================================================================================
----------------- testing Thu Jul 18 13:42:22 UTC 2019 /home/travis/build/icyphy/ptII/ptolemy/actor/lib/test/auto/ExpressionFix2.xml
----------------- Instantiating /home/travis/build/icyphy/ptII/ptolemy/actor/lib/test/auto/ExpressionFix2.xml
5 ms. Memory: 447488K Free: 188851K (42%)
----------------- Invoking toplevel() on ptolemy.moml.MoMLSimpleApplication@2b64cf4e
----------------- Done invoking toplevel() on ptolemy.moml.MoMLSimpleApplication@2b64cf4e
reloadAllAccessors: .ExpressionFix2

===========================================================================================
----------------- testing Thu Jul 18 13:42:22 UTC 2019 /home/travis/build/icyphy/ptII/ptolemy/actor/lib/test/auto/ExpressionFix3.xml
----------------- Instantiating /home/travis/build/icyphy/ptII/ptolemy/actor/lib/test/auto/ExpressionFix3.xml
3 ms. Memory: 447488K Free: 184241K (41%)
----------------- Invoking toplevel() on ptolemy.moml.MoMLSimpleApplication@324b7d1
----------------- Done invoking toplevel() on ptolemy.moml.MoMLSimpleApplication@324b7d1
reloadAllAccessors: .ExpressionFix3

===========================================================================================
----------------- testing Thu Jul 18 13:42:22 UTC 2019 /home/travis/build/icyphy/ptII/ptolemy/actor/lib/test/auto/FileWriter1.xml
----------------- Instantiating /home/travis/build/icyphy/ptII/ptolemy/actor/lib/test/auto/FileWriter1.xml
2 ms. Memory: 447488K Free: 180145K (40%)
----------------- Invoking toplevel() on ptolemy.moml.MoMLSimpleApplication@6849da91
----------------- Done invoking toplevel() on ptolemy.moml.MoMLSimpleApplication@6849da91
reloadAllAccessors: .FileWriter1

===========================================================================================
----------------- testing Thu Jul 18 13:42:22 UTC 2019 /home/travis/build/icyphy/ptII/ptolemy/actor/lib/test/auto/FileWriter2.xml
----------------- Instantiating /home/travis/build/icyphy/ptII/ptolemy/actor/lib/test/auto/FileWriter2.xml
6 ms. Memory: 447488K Free: 175539K (39%)
----------------- Invoking toplevel() on ptolemy.moml.MoMLSimpleApplication@2bab523a
----------------- Done invoking toplevel() on ptolemy.moml.MoMLSimpleApplication@2bab523a
reloadAllAccessors: .FileWriter2

===========================================================================================
----------------- testing Thu Jul 18 13:42:22 UTC 2019 /home/travis/build/icyphy/ptII/ptolemy/actor/lib/test/auto/FileWriter3.xml
----------------- Instantiating /home/travis/build/icyphy/ptII/ptolemy/actor/lib/test/auto/FileWriter3.xml
4 ms. Memory: 447488K Free: 171443K (38%)
----------------- Invoking toplevel() on ptolemy.moml.MoMLSimpleApplication@346527b4
----------------- Done invoking toplevel() on ptolemy.moml.MoMLSimpleApplication@346527b4
reloadAllAccessors: .FileWriter3

===========================================================================================
----------------- testing Thu Jul 18 13:42:22 UTC 2019 /home/travis/build/icyphy/ptII/ptolemy/actor/lib/test/auto/Gaussian.xml
----------------- Instantiating /home/travis/build/icyphy/ptII/ptolemy/actor/lib/test/auto/Gaussian.xml
2 ms. Memory: 447488K Free: 167347K (37%)
----------------- Invoking toplevel() on ptolemy.moml.MoMLSimpleApplication@bba2485
----------------- Done invoking toplevel() on ptolemy.moml.MoMLSimpleApplication@bba2485
reloadAllAccessors: .Gaussian

===========================================================================================
----------------- testing Thu Jul 18 13:42:22 UTC 2019 /home/travis/build/icyphy/ptII/ptolemy/actor/lib/test/auto/Gaussian1.xml
----------------- Instantiating /home/travis/build/icyphy/ptII/ptolemy/actor/lib/test/auto/Gaussian1.xml
2 ms. Memory: 447488K Free: 161707K (36%)
----------------- Invoking toplevel() on ptolemy.moml.MoMLSimpleApplication@21e9ea2f
----------------- Done invoking toplevel() on ptolemy.moml.MoMLSimpleApplication@21e9ea2f
reloadAllAccessors: .Gaussian1

===========================================================================================
----------------- testing Thu Jul 18 13:42:22 UTC 2019 /home/travis/build/icyphy/ptII/ptolemy/actor/lib/test/auto/Gaussian2.xml
----------------- Instantiating /home/travis/build/icyphy/ptII/ptolemy/actor/lib/test/auto/Gaussian2.xml
8 ms. Memory: 447488K Free: 156083K (35%)
----------------- Invoking toplevel() on ptolemy.moml.MoMLSimpleApplication@36e12595
----------------- Done invoking toplevel() on ptolemy.moml.MoMLSimpleApplication@36e12595
reloadAllAccessors: .Gaussian2

===========================================================================================
----------------- testing Thu Jul 18 13:42:22 UTC 2019 /home/travis/build/icyphy/ptII/ptolemy/actor/lib/test/auto/GradientAdaptiveLattice.xml
----------------- Instantiating /home/travis/build/icyphy/ptII/ptolemy/actor/lib/test/auto/GradientAdaptiveLattice.xml
3 ms. Memory: 447488K Free: 150963K (34%)
----------------- Invoking toplevel() on ptolemy.moml.MoMLSimpleApplication@468a3ab
----------------- Done invoking toplevel() on ptolemy.moml.MoMLSimpleApplication@468a3ab
reloadAllAccessors: .GradientAdaptiveLattice

===========================================================================================
----------------- testing Thu Jul 18 13:42:22 UTC 2019 /home/travis/build/icyphy/ptII/ptolemy/actor/lib/test/auto/IIR.xml
----------------- Instantiating /home/travis/build/icyphy/ptII/ptolemy/actor/lib/test/auto/IIR.xml
1 ms. Memory: 447488K Free: 146353K (33%)
----------------- Invoking toplevel() on ptolemy.moml.MoMLSimpleApplication@415c91b2
----------------- Done invoking toplevel() on ptolemy.moml.MoMLSimpleApplication@415c91b2
reloadAllAccessors: .IIR

===========================================================================================
----------------- testing Thu Jul 18 13:42:22 UTC 2019 /home/travis/build/icyphy/ptII/ptolemy/actor/lib/test/auto/InputOutputTransparentPorts.xml
----------------- Instantiating /home/travis/build/icyphy/ptII/ptolemy/actor/lib/test/auto/InputOutputTransparentPorts.xml
2 ms. Memory: 447488K Free: 139185K (31%)
----------------- Invoking toplevel() on ptolemy.moml.MoMLSimpleApplication@a1f5d94
----------------- Done invoking toplevel() on ptolemy.moml.MoMLSimpleApplication@a1f5d94
reloadAllAccessors: .InputOutputTransparentPorts

===========================================================================================
----------------- testing Thu Jul 18 13:42:22 UTC 2019 /home/travis/build/icyphy/ptII/ptolemy/actor/lib/test/auto/Interpolator.xml
----------------- Instantiating /home/travis/build/icyphy/ptII/ptolemy/actor/lib/test/auto/Interpolator.xml
5 ms. Memory: 447488K Free: 135089K (30%)
----------------- Invoking toplevel() on ptolemy.moml.MoMLSimpleApplication@3e968ac9
----------------- Done invoking toplevel() on ptolemy.moml.MoMLSimpleApplication@3e968ac9
reloadAllAccessors: .Interpolator

===========================================================================================
----------------- testing Thu Jul 18 13:42:22 UTC 2019 /home/travis/build/icyphy/ptII/ptolemy/actor/lib/test/auto/InterpolatorFiringLimitDE.xml
----------------- Instantiating /home/travis/build/icyphy/ptII/ptolemy/actor/lib/test/auto/InterpolatorFiringLimitDE.xml
2 ms. Memory: 447488K Free: 395244K (88%)
----------------- Invoking toplevel() on ptolemy.moml.MoMLSimpleApplication@4eee1157
----------------- Done invoking toplevel() on ptolemy.moml.MoMLSimpleApplication@4eee1157
reloadAllAccessors: .InterpolatorFiringLimitDE

===========================================================================================
----------------- testing Thu Jul 18 13:42:22 UTC 2019 /home/travis/build/icyphy/ptII/ptolemy/actor/lib/test/auto/Lattice.xml
----------------- Instantiating /home/travis/build/icyphy/ptII/ptolemy/actor/lib/test/auto/Lattice.xml
1 ms. Memory: 447488K Free: 391148K (87%)
----------------- Invoking toplevel() on ptolemy.moml.MoMLSimpleApplication@349f3b0
----------------- Done invoking toplevel() on ptolemy.moml.MoMLSimpleApplication@349f3b0
reloadAllAccessors: .Lattice

===========================================================================================
----------------- testing Thu Jul 18 13:42:22 UTC 2019 /home/travis/build/icyphy/ptII/ptolemy/actor/lib/test/auto/LazyAOCTestLazy.xml
----------------- Instantiating /home/travis/build/icyphy/ptII/ptolemy/actor/lib/test/auto/LazyAOCTestLazy.xml
18 ms. Memory: 447488K Free: 384990K (86%)
----------------- Invoking toplevel() on ptolemy.moml.MoMLSimpleApplication@33edd693
----------------- Done invoking toplevel() on ptolemy.moml.MoMLSimpleApplication@33edd693
reloadAllAccessors: .LazyAOCTestLazy

===========================================================================================
----------------- testing Thu Jul 18 13:42:22 UTC 2019 /home/travis/build/icyphy/ptII/ptolemy/actor/lib/test/auto/LazyAOCTestNonLazy.xml
----------------- Instantiating /home/travis/build/icyphy/ptII/ptolemy/actor/lib/test/auto/LazyAOCTestNonLazy.xml
2 ms. Memory: 447488K Free: 378350K (85%)
----------------- Invoking toplevel() on ptolemy.moml.MoMLSimpleApplication@3a4bf3f1
----------------- Done invoking toplevel() on ptolemy.moml.MoMLSimpleApplication@3a4bf3f1
reloadAllAccessors: .LazyAOCTestNonLazy

===========================================================================================
----------------- testing Thu Jul 18 13:42:22 UTC 2019 /home/travis/build/icyphy/ptII/ptolemy/actor/lib/test/auto/LazyInnerClass.xml
----------------- Instantiating /home/travis/build/icyphy/ptII/ptolemy/actor/lib/test/auto/LazyInnerClass.xml
11 ms. Memory: 447488K Free: 369134K (82%)
----------------- Invoking toplevel() on ptolemy.moml.MoMLSimpleApplication@bfd7369
----------------- Done invoking toplevel() on ptolemy.moml.MoMLSimpleApplication@bfd7369
reloadAllAccessors: .LazyInnerClass

===========================================================================================
----------------- testing Thu Jul 18 13:42:22 UTC 2019 /home/travis/build/icyphy/ptII/ptolemy/actor/lib/test/auto/LazyPubSub.xml
----------------- Instantiating /home/travis/build/icyphy/ptII/ptolemy/actor/lib/test/auto/LazyPubSub.xml
27 ms. Memory: 447488K Free: 358380K (80%)
----------------- Invoking toplevel() on ptolemy.moml.MoMLSimpleApplication@5d60f74e
----------------- Done invoking toplevel() on ptolemy.moml.MoMLSimpleApplication@5d60f74e
reloadAllAccessors: .LazyPubSub

===========================================================================================
----------------- testing Thu Jul 18 13:42:23 UTC 2019 /home/travis/build/icyphy/ptII/ptolemy/actor/lib/test/auto/LazyPubSub2.xml
----------------- Instantiating /home/travis/build/icyphy/ptII/ptolemy/actor/lib/test/auto/LazyPubSub2.xml
20 ms. Memory: 447488K Free: 348654K (78%)
----------------- Invoking toplevel() on ptolemy.moml.MoMLSimpleApplication@6986428d
----------------- Done invoking toplevel() on ptolemy.moml.MoMLSimpleApplication@6986428d
reloadAllAccessors: .LazyPubSub2

===========================================================================================
----------------- testing Thu Jul 18 13:42:23 UTC 2019 /home/travis/build/icyphy/ptII/ptolemy/actor/lib/test/auto/LazyPubSub3.xml
----------------- Instantiating /home/travis/build/icyphy/ptII/ptolemy/actor/lib/test/auto/LazyPubSub3.xml
14 ms. Memory: 447488K Free: 338414K (76%)
----------------- Invoking toplevel() on ptolemy.moml.MoMLSimpleApplication@1fdb89c1
----------------- Done invoking toplevel() on ptolemy.moml.MoMLSimpleApplication@1fdb89c1
reloadAllAccessors: .LazyPubSub3

===========================================================================================
----------------- testing Thu Jul 18 13:42:23 UTC 2019 /home/travis/build/icyphy/ptII/ptolemy/actor/lib/test/auto/LazySubClassModel.xml
----------------- Instantiating /home/travis/build/icyphy/ptII/ptolemy/actor/lib/test/auto/LazySubClassModel.xml
2 ms. Memory: 447488K Free: 329198K (74%)
----------------- Invoking toplevel() on ptolemy.moml.MoMLSimpleApplication@3cb109c7
----------------- Done invoking toplevel() on ptolemy.moml.MoMLSimpleApplication@3cb109c7
reloadAllAccessors: .LazySubClassModel

===========================================================================================
----------------- testing Thu Jul 18 13:42:23 UTC 2019 /home/travis/build/icyphy/ptII/ptolemy/actor/lib/test/auto/LevelCrossTest1.xml
----------------- Instantiating /home/travis/build/icyphy/ptII/ptolemy/actor/lib/test/auto/LevelCrossTest1.xml
2 ms. Memory: 447488K Free: 324078K (72%)
----------------- Invoking toplevel() on ptolemy.moml.MoMLSimpleApplication@2de0d1ec
----------------- Done invoking toplevel() on ptolemy.moml.MoMLSimpleApplication@2de0d1ec
reloadAllAccessors: .broken

===========================================================================================
----------------- testing Thu Jul 18 13:42:23 UTC 2019 /home/travis/build/icyphy/ptII/ptolemy/actor/lib/test/auto/LevelCrossTest10.xml
----------------- Instantiating /home/travis/build/icyphy/ptII/ptolemy/actor/lib/test/auto/LevelCrossTest10.xml
1 ms. Memory: 447488K Free: 316910K (71%)
----------------- Invoking toplevel() on ptolemy.moml.MoMLSimpleApplication@6359831c
----------------- Done invoking toplevel() on ptolemy.moml.MoMLSimpleApplication@6359831c
reloadAllAccessors: .LevelCrossTest10

===========================================================================================
----------------- testing Thu Jul 18 13:42:23 UTC 2019 /home/travis/build/icyphy/ptII/ptolemy/actor/lib/test/auto/LevelCrossTest11.xml
----------------- Instantiating /home/travis/build/icyphy/ptII/ptolemy/actor/lib/test/auto/LevelCrossTest11.xml
2 ms. Memory: 447488K Free: 310252K (69%)
----------------- Invoking toplevel() on ptolemy.moml.MoMLSimpleApplication@556ac48b
----------------- Done invoking toplevel() on ptolemy.moml.MoMLSimpleApplication@556ac48b
reloadAllAccessors: .LevelCrossTest11

===========================================================================================
----------------- testing Thu Jul 18 13:42:23 UTC 2019 /home/travis/build/icyphy/ptII/ptolemy/actor/lib/test/auto/LevelCrossTest12.xml
----------------- Instantiating /home/travis/build/icyphy/ptII/ptolemy/actor/lib/test/auto/LevelCrossTest12.xml
1 ms. Memory: 447488K Free: 303084K (68%)
----------------- Invoking toplevel() on ptolemy.moml.MoMLSimpleApplication@2e001652
----------------- Done invoking toplevel() on ptolemy.moml.MoMLSimpleApplication@2e001652
reloadAllAccessors: .LevelCrossTest12

===========================================================================================
----------------- testing Thu Jul 18 13:42:23 UTC 2019 /home/travis/build/icyphy/ptII/ptolemy/actor/lib/test/auto/LevelCrossTest13.xml
----------------- Instantiating /home/travis/build/icyphy/ptII/ptolemy/actor/lib/test/auto/LevelCrossTest13.xml
1 ms. Memory: 447488K Free: 295406K (66%)
----------------- Invoking toplevel() on ptolemy.moml.MoMLSimpleApplication@7c08e7c2
----------------- Done invoking toplevel() on ptolemy.moml.MoMLSimpleApplication@7c08e7c2
reloadAllAccessors: .LevelCrossTest13

===========================================================================================
----------------- testing Thu Jul 18 13:42:23 UTC 2019 /home/travis/build/icyphy/ptII/ptolemy/actor/lib/test/auto/LevelCrossTest2.xml
----------------- Instantiating /home/travis/build/icyphy/ptII/ptolemy/actor/lib/test/auto/LevelCrossTest2.xml
1 ms. Memory: 447488K Free: 289772K (65%)
----------------- Invoking toplevel() on ptolemy.moml.MoMLSimpleApplication@76d0a66e
----------------- Done invoking toplevel() on ptolemy.moml.MoMLSimpleApplication@76d0a66e
reloadAllAccessors: .broken

===========================================================================================
----------------- testing Thu Jul 18 13:42:23 UTC 2019 /home/travis/build/icyphy/ptII/ptolemy/actor/lib/test/auto/LevelCrossTest3.xml
----------------- Instantiating /home/travis/build/icyphy/ptII/ptolemy/actor/lib/test/auto/LevelCrossTest3.xml
1 ms. Memory: 447488K Free: 283628K (63%)
----------------- Invoking toplevel() on ptolemy.moml.MoMLSimpleApplication@3310abbb
----------------- Done invoking toplevel() on ptolemy.moml.MoMLSimpleApplication@3310abbb
reloadAllAccessors: .LevelCrossTest3

===========================================================================================
----------------- testing Thu Jul 18 13:42:23 UTC 2019 /home/travis/build/icyphy/ptII/ptolemy/actor/lib/test/auto/LevelCrossTest4.xml
----------------- Instantiating /home/travis/build/icyphy/ptII/ptolemy/actor/lib/test/auto/LevelCrossTest4.xml
2 ms. Memory: 447488K Free: 277998K (62%)
----------------- Invoking toplevel() on ptolemy.moml.MoMLSimpleApplication@655efeee
----------------- Done invoking toplevel() on ptolemy.moml.MoMLSimpleApplication@655efeee
reloadAllAccessors: .broken

===========================================================================================
----------------- testing Thu Jul 18 13:42:23 UTC 2019 /home/travis/build/icyphy/ptII/ptolemy/actor/lib/test/auto/LevelCrossTest5.xml
----------------- Instantiating /home/travis/build/icyphy/ptII/ptolemy/actor/lib/test/auto/LevelCrossTest5.xml
4 ms. Memory: 447488K Free: 271340K (61%)
----------------- Invoking toplevel() on ptolemy.moml.MoMLSimpleApplication@1b005249
----------------- Done invoking toplevel() on ptolemy.moml.MoMLSimpleApplication@1b005249
reloadAllAccessors: .LevelCrossTest5

===========================================================================================
----------------- testing Thu Jul 18 13:42:23 UTC 2019 /home/travis/build/icyphy/ptII/ptolemy/actor/lib/test/auto/LevelCrossTest6.xml
----------------- Instantiating /home/travis/build/icyphy/ptII/ptolemy/actor/lib/test/auto/LevelCrossTest6.xml
1 ms. Memory: 447488K Free: 264172K (59%)
----------------- Invoking toplevel() on ptolemy.moml.MoMLSimpleApplication@502b3cc0
----------------- Done invoking toplevel() on ptolemy.moml.MoMLSimpleApplication@502b3cc0
reloadAllAccessors: .LevelCrossTest6

===========================================================================================
----------------- testing Thu Jul 18 13:42:23 UTC 2019 /home/travis/build/icyphy/ptII/ptolemy/actor/lib/test/auto/LevelCrossTest7.xml
----------------- Instantiating /home/travis/build/icyphy/ptII/ptolemy/actor/lib/test/auto/LevelCrossTest7.xml
1 ms. Memory: 447488K Free: 256494K (57%)
----------------- Invoking toplevel() on ptolemy.moml.MoMLSimpleApplication@5b25ff6d
----------------- Done invoking toplevel() on ptolemy.moml.MoMLSimpleApplication@5b25ff6d
reloadAllAccessors: .LevelCrossTest7

===========================================================================================
----------------- testing Thu Jul 18 13:42:23 UTC 2019 /home/travis/build/icyphy/ptII/ptolemy/actor/lib/test/auto/LevelCrossTest8.xml
----------------- Instantiating /home/travis/build/icyphy/ptII/ptolemy/actor/lib/test/auto/LevelCrossTest8.xml
2 ms. Memory: 447488K Free: 249326K (56%)
----------------- Invoking toplevel() on ptolemy.moml.MoMLSimpleApplication@e026d52
----------------- Done invoking toplevel() on ptolemy.moml.MoMLSimpleApplication@e026d52
reloadAllAccessors: .LevelCrossTest8

===========================================================================================
----------------- testing Thu Jul 18 13:42:23 UTC 2019 /home/travis/build/icyphy/ptII/ptolemy/actor/lib/test/auto/LevelCrossTest9.xml
----------------- Instantiating /home/travis/build/icyphy/ptII/ptolemy/actor/lib/test/auto/LevelCrossTest9.xml
5 ms. Memory: 447488K Free: 242158K (54%)
----------------- Invoking toplevel() on ptolemy.moml.MoMLSimpleApplication@1bdfbe0d
----------------- Done invoking toplevel() on ptolemy.moml.MoMLSimpleApplication@1bdfbe0d
reloadAllAccessors: .LevelCrossTest9

===========================================================================================
----------------- testing Thu Jul 18 13:42:23 UTC 2019 /home/travis/build/icyphy/ptII/ptolemy/actor/lib/test/auto/LevinsonDurbin.xml
----------------- Instantiating /home/travis/build/icyphy/ptII/ptolemy/actor/lib/test/auto/LevinsonDurbin.xml
1 ms. Memory: 447488K Free: 238062K (53%)
----------------- Invoking toplevel() on ptolemy.moml.MoMLSimpleApplication@6e67facc
----------------- Done invoking toplevel() on ptolemy.moml.MoMLSimpleApplication@6e67facc
reloadAllAccessors: .LevinsonDurbin

===========================================================================================
----------------- testing Thu Jul 18 13:42:23 UTC 2019 /home/travis/build/icyphy/ptII/ptolemy/actor/lib/test/auto/LevinsonDurbin2.xml
----------------- Instantiating /home/travis/build/icyphy/ptII/ptolemy/actor/lib/test/auto/LevinsonDurbin2.xml
1 ms. Memory: 447488K Free: 233966K (52%)
----------------- Invoking toplevel() on ptolemy.moml.MoMLSimpleApplication@22e562b
----------------- Done invoking toplevel() on ptolemy.moml.MoMLSimpleApplication@22e562b
reloadAllAccessors: .LevinsonDurbin2

===========================================================================================
----------------- testing Thu Jul 18 13:42:23 UTC 2019 /home/travis/build/icyphy/ptII/ptolemy/actor/lib/test/auto/LevinsonDurbin3.xml
----------------- Instantiating /home/travis/build/icyphy/ptII/ptolemy/actor/lib/test/auto/LevinsonDurbin3.xml
2 ms. Memory: 447488K Free: 229870K (51%)
----------------- Invoking toplevel() on ptolemy.moml.MoMLSimpleApplication@2af7f53f
----------------- Done invoking toplevel() on ptolemy.moml.MoMLSimpleApplication@2af7f53f
reloadAllAccessors: .LevinsonDurbin3

===========================================================================================
----------------- testing Thu Jul 18 13:42:23 UTC 2019 /home/travis/build/icyphy/ptII/ptolemy/actor/lib/test/auto/Limiter.xml
----------------- Instantiating /home/travis/build/icyphy/ptII/ptolemy/actor/lib/test/auto/Limiter.xml
4 ms. Memory: 447488K Free: 221150K (49%)
----------------- Invoking toplevel() on ptolemy.moml.MoMLSimpleApplication@27a72860
----------------- Done invoking toplevel() on ptolemy.moml.MoMLSimpleApplication@27a72860
reloadAllAccessors: .Limiter

===========================================================================================
----------------- testing Thu Jul 18 13:42:23 UTC 2019 /home/travis/build/icyphy/ptII/ptolemy/actor/lib/test/auto/LinearDifferenceEquationSystem.xml
----------------- Instantiating /home/travis/build/icyphy/ptII/ptolemy/actor/lib/test/auto/LinearDifferenceEquationSystem.xml
9 ms. Memory: 447488K Free: 213996K (48%)
----------------- Invoking toplevel() on ptolemy.moml.MoMLSimpleApplication@1117e25c
----------------- Done invoking toplevel() on ptolemy.moml.MoMLSimpleApplication@1117e25c
reloadAllAccessors: .LinearDifferenceEquationSystem

===========================================================================================
----------------- testing Thu Jul 18 13:42:23 UTC 2019 /home/travis/build/icyphy/ptII/ptolemy/actor/lib/test/auto/LookupTable.xml
----------------- Instantiating /home/travis/build/icyphy/ptII/ptolemy/actor/lib/test/auto/LookupTable.xml
2 ms. Memory: 447488K Free: 209390K (47%)
----------------- Invoking toplevel() on ptolemy.moml.MoMLSimpleApplication@35fdc72d
----------------- Done invoking toplevel() on ptolemy.moml.MoMLSimpleApplication@35fdc72d
reloadAllAccessors: .LookupTable

===========================================================================================
----------------- testing Thu Jul 18 13:42:23 UTC 2019 /home/travis/build/icyphy/ptII/ptolemy/actor/lib/test/auto/MathFunction.xml
----------------- Instantiating /home/travis/build/icyphy/ptII/ptolemy/actor/lib/test/auto/MathFunction.xml
13 ms. Memory: 447488K Free: 201198K (45%)
----------------- Invoking toplevel() on ptolemy.moml.MoMLSimpleApplication@52a42aad
----------------- Done invoking toplevel() on ptolemy.moml.MoMLSimpleApplication@52a42aad
reloadAllAccessors: .MathFunction

===========================================================================================
----------------- testing Thu Jul 18 13:42:23 UTC 2019 /home/travis/build/icyphy/ptII/ptolemy/actor/lib/test/auto/MathFunction2.xml
----------------- Instantiating /home/travis/build/icyphy/ptII/ptolemy/actor/lib/test/auto/MathFunction2.xml
4 ms. Memory: 447488K Free: 197102K (44%)
----------------- Invoking toplevel() on ptolemy.moml.MoMLSimpleApplication@70e404d3
----------------- Done invoking toplevel() on ptolemy.moml.MoMLSimpleApplication@70e404d3
reloadAllAccessors: .MathFunction2

===========================================================================================
----------------- testing Thu Jul 18 13:42:23 UTC 2019 /home/travis/build/icyphy/ptII/ptolemy/actor/lib/test/auto/MathFunction3.xml
----------------- Instantiating /home/travis/build/icyphy/ptII/ptolemy/actor/lib/test/auto/MathFunction3.xml
2 ms. Memory: 447488K Free: 189934K (42%)
----------------- Invoking toplevel() on ptolemy.moml.MoMLSimpleApplication@5cdb2b9b
----------------- Done invoking toplevel() on ptolemy.moml.MoMLSimpleApplication@5cdb2b9b
reloadAllAccessors: .MathFunction3

===========================================================================================
----------------- testing Thu Jul 18 13:42:23 UTC 2019 /home/travis/build/icyphy/ptII/ptolemy/actor/lib/test/auto/MatrixCropBoolean.xml
----------------- Instantiating /home/travis/build/icyphy/ptII/ptolemy/actor/lib/test/auto/MatrixCropBoolean.xml
2 ms. Memory: 447488K Free: 184814K (41%)
----------------- Invoking toplevel() on ptolemy.moml.MoMLSimpleApplication@4fdf2cf0
----------------- Done invoking toplevel() on ptolemy.moml.MoMLSimpleApplication@4fdf2cf0
reloadAllAccessors: .MatrixCropBoolean

===========================================================================================
----------------- testing Thu Jul 18 13:42:23 UTC 2019 /home/travis/build/icyphy/ptII/ptolemy/actor/lib/test/auto/MatrixCropComplex.xml
----------------- Instantiating /home/travis/build/icyphy/ptII/ptolemy/actor/lib/test/auto/MatrixCropComplex.xml
2 ms. Memory: 447488K Free: 180198K (40%)
----------------- Invoking toplevel() on ptolemy.moml.MoMLSimpleApplication@88e2c23
----------------- Done invoking toplevel() on ptolemy.moml.MoMLSimpleApplication@88e2c23
reloadAllAccessors: .MatrixCropComplex

===========================================================================================
----------------- testing Thu Jul 18 13:42:23 UTC 2019 /home/travis/build/icyphy/ptII/ptolemy/actor/lib/test/auto/MatrixCropDouble.xml
----------------- Instantiating /home/travis/build/icyphy/ptII/ptolemy/actor/lib/test/auto/MatrixCropDouble.xml
2 ms. Memory: 447488K Free: 174574K (39%)
----------------- Invoking toplevel() on ptolemy.moml.MoMLSimpleApplication@5f5e073d
----------------- Done invoking toplevel() on ptolemy.moml.MoMLSimpleApplication@5f5e073d
reloadAllAccessors: .MatrixCropDouble

===========================================================================================
----------------- testing Thu Jul 18 13:42:23 UTC 2019 /home/travis/build/icyphy/ptII/ptolemy/actor/lib/test/auto/MatrixCropFix.xml
----------------- Instantiating /home/travis/build/icyphy/ptII/ptolemy/actor/lib/test/auto/MatrixCropFix.xml
2 ms. Memory: 447488K Free: 169454K (38%)
----------------- Invoking toplevel() on ptolemy.moml.MoMLSimpleApplication@5464fa72
----------------- Done invoking toplevel() on ptolemy.moml.MoMLSimpleApplication@5464fa72
reloadAllAccessors: .MatrixCropFix

===========================================================================================
----------------- testing Thu Jul 18 13:42:23 UTC 2019 /home/travis/build/icyphy/ptII/ptolemy/actor/lib/test/auto/MatrixCropInt.xml
----------------- Instantiating /home/travis/build/icyphy/ptII/ptolemy/actor/lib/test/auto/MatrixCropInt.xml
2 ms. Memory: 447488K Free: 164334K (37%)
----------------- Invoking toplevel() on ptolemy.moml.MoMLSimpleApplication@35ba40e6
----------------- Done invoking toplevel() on ptolemy.moml.MoMLSimpleApplication@35ba40e6
reloadAllAccessors: .MatrixCropInt

===========================================================================================
----------------- testing Thu Jul 18 13:42:23 UTC 2019 /home/travis/build/icyphy/ptII/ptolemy/actor/lib/test/auto/MatrixCropLong.xml
----------------- Instantiating /home/travis/build/icyphy/ptII/ptolemy/actor/lib/test/auto/MatrixCropLong.xml
2 ms. Memory: 447488K Free: 159214K (36%)
----------------- Invoking toplevel() on ptolemy.moml.MoMLSimpleApplication@7527371e
----------------- Done invoking toplevel() on ptolemy.moml.MoMLSimpleApplication@7527371e
reloadAllAccessors: .MatrixCropLong

===========================================================================================
----------------- testing Thu Jul 18 13:42:23 UTC 2019 /home/travis/build/icyphy/ptII/ptolemy/actor/lib/test/auto/MatrixToArray.xml
----------------- Instantiating /home/travis/build/icyphy/ptII/ptolemy/actor/lib/test/auto/MatrixToArray.xml
7 ms. Memory: 447488K Free: 143854K (32%)
----------------- Invoking toplevel() on ptolemy.moml.MoMLSimpleApplication@74d5e5d9
----------------- Done invoking toplevel() on ptolemy.moml.MoMLSimpleApplication@74d5e5d9
reloadAllAccessors: .MatrixToArray

===========================================================================================
----------------- testing Thu Jul 18 13:42:23 UTC 2019 /home/travis/build/icyphy/ptII/ptolemy/actor/lib/test/auto/MaxIndex.xml
----------------- Instantiating /home/travis/build/icyphy/ptII/ptolemy/actor/lib/test/auto/MaxIndex.xml
2 ms. Memory: 447488K Free: 138734K (31%)
----------------- Invoking toplevel() on ptolemy.moml.MoMLSimpleApplication@5db693b5
----------------- Done invoking toplevel() on ptolemy.moml.MoMLSimpleApplication@5db693b5
reloadAllAccessors: .MaxIndex

===========================================================================================
----------------- testing Thu Jul 18 13:42:23 UTC 2019 /home/travis/build/icyphy/ptII/ptolemy/actor/lib/test/auto/Maximum.xml
----------------- Instantiating /home/travis/build/icyphy/ptII/ptolemy/actor/lib/test/auto/Maximum.xml
10 ms. Memory: 447488K Free: 397847K (89%)
----------------- Invoking toplevel() on ptolemy.moml.MoMLSimpleApplication@76d9e7ff
----------------- Done invoking toplevel() on ptolemy.moml.MoMLSimpleApplication@76d9e7ff
reloadAllAccessors: .Maximum

===========================================================================================
----------------- testing Thu Jul 18 13:42:23 UTC 2019 /home/travis/build/icyphy/ptII/ptolemy/actor/lib/test/auto/MaximumComplex.xml
----------------- Instantiating /home/travis/build/icyphy/ptII/ptolemy/actor/lib/test/auto/MaximumComplex.xml
5 ms. Memory: 447488K Free: 391223K (87%)
----------------- Invoking toplevel() on ptolemy.moml.MoMLSimpleApplication@6edc6b5a
----------------- Done invoking toplevel() on ptolemy.moml.MoMLSimpleApplication@6edc6b5a
reloadAllAccessors: .MaximumComplex

===========================================================================================
----------------- testing Thu Jul 18 13:42:23 UTC 2019 /home/travis/build/icyphy/ptII/ptolemy/actor/lib/test/auto/MethodCallTest.xml
----------------- Instantiating /home/travis/build/icyphy/ptII/ptolemy/actor/lib/test/auto/MethodCallTest.xml
3 ms. Memory: 447488K Free: 384565K (86%)
----------------- Invoking toplevel() on ptolemy.moml.MoMLSimpleApplication@7a82b8e6
----------------- Done invoking toplevel() on ptolemy.moml.MoMLSimpleApplication@7a82b8e6
reloadAllAccessors: .MethodCallTest

===========================================================================================
----------------- testing Thu Jul 18 13:42:23 UTC 2019 /home/travis/build/icyphy/ptII/ptolemy/actor/lib/test/auto/Minimum.xml
----------------- Instantiating /home/travis/build/icyphy/ptII/ptolemy/actor/lib/test/auto/Minimum.xml
2 ms. Memory: 447488K Free: 377911K (84%)
----------------- Invoking toplevel() on ptolemy.moml.MoMLSimpleApplication@3c785895
----------------- Done invoking toplevel() on ptolemy.moml.MoMLSimpleApplication@3c785895
reloadAllAccessors: .Minimum

===========================================================================================
----------------- testing Thu Jul 18 13:42:23 UTC 2019 /home/travis/build/icyphy/ptII/ptolemy/actor/lib/test/auto/MinimumComplex.xml
----------------- Instantiating /home/travis/build/icyphy/ptII/ptolemy/actor/lib/test/auto/MinimumComplex.xml
4 ms. Memory: 447488K Free: 371767K (83%)
----------------- Invoking toplevel() on ptolemy.moml.MoMLSimpleApplication@ccf260c
----------------- Done invoking toplevel() on ptolemy.moml.MoMLSimpleApplication@ccf260c
reloadAllAccessors: .MinimumComplex

===========================================================================================
----------------- testing Thu Jul 18 13:42:23 UTC 2019 /home/travis/build/icyphy/ptII/ptolemy/actor/lib/test/auto/MinimumMultiports.xml
----------------- Instantiating /home/travis/build/icyphy/ptII/ptolemy/actor/lib/test/auto/MinimumMultiports.xml
4 ms. Memory: 447488K Free: 363031K (81%)
----------------- Invoking toplevel() on ptolemy.moml.MoMLSimpleApplication@5db17bb7
----------------- Done invoking toplevel() on ptolemy.moml.MoMLSimpleApplication@5db17bb7
reloadAllAccessors: .MinimumMultiports

===========================================================================================
----------------- testing Thu Jul 18 13:42:23 UTC 2019 /home/travis/build/icyphy/ptII/ptolemy/actor/lib/test/auto/ModifyDate.xml
----------------- Instantiating /home/travis/build/icyphy/ptII/ptolemy/actor/lib/test/auto/ModifyDate.xml
12 ms. Memory: 447488K Free: 350263K (78%)
----------------- Invoking toplevel() on ptolemy.moml.MoMLSimpleApplication@7dbae4da
----------------- Done invoking toplevel() on ptolemy.moml.MoMLSimpleApplication@7dbae4da
reloadAllAccessors: .ModifyDate

===========================================================================================
----------------- testing Thu Jul 18 13:42:23 UTC 2019 /home/travis/build/icyphy/ptII/ptolemy/actor/lib/test/auto/ModifyDate2.xml
----------------- Instantiating /home/travis/build/icyphy/ptII/ptolemy/actor/lib/test/auto/ModifyDate2.xml
4 ms. Memory: 447488K Free: 341557K (76%)
----------------- Invoking toplevel() on ptolemy.moml.MoMLSimpleApplication@7568ee55
----------------- Done invoking toplevel() on ptolemy.moml.MoMLSimpleApplication@7568ee55
reloadAllAccessors: .ModifyDate2

===========================================================================================
----------------- testing Thu Jul 18 13:42:24 UTC 2019 /home/travis/build/icyphy/ptII/ptolemy/actor/lib/test/auto/MovingAverage.xml
----------------- Instantiating /home/travis/build/icyphy/ptII/ptolemy/actor/lib/test/auto/MovingAverage.xml
2 ms. Memory: 447488K Free: 336437K (75%)
----------------- Invoking toplevel() on ptolemy.moml.MoMLSimpleApplication@38bd5f4a
----------------- Done invoking toplevel() on ptolemy.moml.MoMLSimpleApplication@38bd5f4a
reloadAllAccessors: .MovingAverage

===========================================================================================
----------------- testing Thu Jul 18 13:42:24 UTC 2019 /home/travis/build/icyphy/ptII/ptolemy/actor/lib/test/auto/MovingMaximum.xml
----------------- Instantiating /home/travis/build/icyphy/ptII/ptolemy/actor/lib/test/auto/MovingMaximum.xml
2 ms. Memory: 447488K Free: 331831K (74%)
----------------- Invoking toplevel() on ptolemy.moml.MoMLSimpleApplication@177092e7
----------------- Done invoking toplevel() on ptolemy.moml.MoMLSimpleApplication@177092e7
reloadAllAccessors: .MovingMaximum

===========================================================================================
----------------- testing Thu Jul 18 13:42:24 UTC 2019 /home/travis/build/icyphy/ptII/ptolemy/actor/lib/test/auto/MultipleLinksToSameRelation.xml
----------------- Instantiating /home/travis/build/icyphy/ptII/ptolemy/actor/lib/test/auto/MultipleLinksToSameRelation.xml
2 ms. Memory: 447488K Free: 327735K (73%)
----------------- Invoking toplevel() on ptolemy.moml.MoMLSimpleApplication@40881732
----------------- Done invoking toplevel() on ptolemy.moml.MoMLSimpleApplication@40881732
reloadAllAccessors: .MultipleLinksToSameRelation

===========================================================================================
----------------- testing Thu Jul 18 13:42:24 UTC 2019 /home/travis/build/icyphy/ptII/ptolemy/actor/lib/test/auto/MultipleLinksToSameRelationDE.xml
----------------- Instantiating /home/travis/build/icyphy/ptII/ptolemy/actor/lib/test/auto/MultipleLinksToSameRelationDE.xml
11 ms. Memory: 447488K Free: 323111K (72%)
----------------- Invoking toplevel() on ptolemy.moml.MoMLSimpleApplication@1a10efb4
----------------- Done invoking toplevel() on ptolemy.moml.MoMLSimpleApplication@1a10efb4
reloadAllAccessors: .MultipleLinksToSameRelationDE

===========================================================================================
----------------- testing Thu Jul 18 13:42:24 UTC 2019 /home/travis/build/icyphy/ptII/ptolemy/actor/lib/test/auto/Multiplexor.xml
----------------- Instantiating /home/travis/build/icyphy/ptII/ptolemy/actor/lib/test/auto/Multiplexor.xml
2 ms. Memory: 447488K Free: 317495K (71%)
----------------- Invoking toplevel() on ptolemy.moml.MoMLSimpleApplication@54b1cf9
----------------- Done invoking toplevel() on ptolemy.moml.MoMLSimpleApplication@54b1cf9
reloadAllAccessors: .Multiplexor

===========================================================================================
----------------- testing Thu Jul 18 13:42:24 UTC 2019 /home/travis/build/icyphy/ptII/ptolemy/actor/lib/test/auto/Multiplexor1.xml
----------------- Instantiating /home/travis/build/icyphy/ptII/ptolemy/actor/lib/test/auto/Multiplexor1.xml
2 ms. Memory: 447488K Free: 311831K (70%)
----------------- Invoking toplevel() on ptolemy.moml.MoMLSimpleApplication@59f12749
----------------- Done invoking toplevel() on ptolemy.moml.MoMLSimpleApplication@59f12749
reloadAllAccessors: .Multiplexor1

===========================================================================================
----------------- testing Thu Jul 18 13:42:24 UTC 2019 /home/travis/build/icyphy/ptII/ptolemy/actor/lib/test/auto/Multiplexor2.xml
----------------- Instantiating /home/travis/build/icyphy/ptII/ptolemy/actor/lib/test/auto/Multiplexor2.xml
3 ms. Memory: 447488K Free: 305207K (68%)
----------------- Invoking toplevel() on ptolemy.moml.MoMLSimpleApplication@358c5a2d
----------------- Done invoking toplevel() on ptolemy.moml.MoMLSimpleApplication@358c5a2d
reloadAllAccessors: .Multiplexor2

===========================================================================================
----------------- testing Thu Jul 18 13:42:24 UTC 2019 /home/travis/build/icyphy/ptII/ptolemy/actor/lib/test/auto/Multiplexor3.xml
----------------- Instantiating /home/travis/build/icyphy/ptII/ptolemy/actor/lib/test/auto/Multiplexor3.xml
2 ms. Memory: 447488K Free: 301111K (67%)
----------------- Invoking toplevel() on ptolemy.moml.MoMLSimpleApplication@39f2819a
----------------- Done invoking toplevel() on ptolemy.moml.MoMLSimpleApplication@39f2819a
reloadAllAccessors: .Multiplexor3

===========================================================================================
----------------- testing Thu Jul 18 13:42:24 UTC 2019 /home/travis/build/icyphy/ptII/ptolemy/actor/lib/test/auto/MultiplexorDE.xml
----------------- Instantiating /home/travis/build/icyphy/ptII/ptolemy/actor/lib/test/auto/MultiplexorDE.xml
2 ms. Memory: 447488K Free: 293415K (66%)
----------------- Invoking toplevel() on ptolemy.moml.MoMLSimpleApplication@2a482fec
----------------- Done invoking toplevel() on ptolemy.moml.MoMLSimpleApplication@2a482fec
reloadAllAccessors: .MultiplexorDE

===========================================================================================
----------------- testing Thu Jul 18 13:42:24 UTC 2019 /home/travis/build/icyphy/ptII/ptolemy/actor/lib/test/auto/MultiportBroadcastTest.xml
----------------- Instantiating /home/travis/build/icyphy/ptII/ptolemy/actor/lib/test/auto/MultiportBroadcastTest.xml
100 ms. Memory: 447488K Free: 286775K (64%)
----------------- Invoking toplevel() on ptolemy.moml.MoMLSimpleApplication@63b9e9bf
----------------- Done invoking toplevel() on ptolemy.moml.MoMLSimpleApplication@63b9e9bf
reloadAllAccessors: .MultiportBroadcastTest

===========================================================================================
----------------- testing Thu Jul 18 13:42:24 UTC 2019 /home/travis/build/icyphy/ptII/ptolemy/actor/lib/test/auto/MultiportOutHangDuringGetWidth.xml
----------------- Instantiating /home/travis/build/icyphy/ptII/ptolemy/actor/lib/test/auto/MultiportOutHangDuringGetWidth.xml
6 ms. Memory: 447488K Free: 274487K (61%)
----------------- Invoking toplevel() on ptolemy.moml.MoMLSimpleApplication@515c408c
----------------- Done invoking toplevel() on ptolemy.moml.MoMLSimpleApplication@515c408c
reloadAllAccessors: .MultiportOutHangDuringGetWidth

===========================================================================================
----------------- testing Thu Jul 18 13:42:24 UTC 2019 /home/travis/build/icyphy/ptII/ptolemy/actor/lib/test/auto/NilToken.xml
----------------- Instantiating /home/travis/build/icyphy/ptII/ptolemy/actor/lib/test/auto/NilToken.xml
1 ms. Memory: 447488K Free: 270391K (60%)
----------------- Invoking toplevel() on ptolemy.moml.MoMLSimpleApplication@10cb0c78
----------------- Done invoking toplevel() on ptolemy.moml.MoMLSimpleApplication@10cb0c78
reloadAllAccessors: .NilToken

===========================================================================================
----------------- testing Thu Jul 18 13:42:24 UTC 2019 /home/travis/build/icyphy/ptII/ptolemy/actor/lib/test/auto/NilTokenNonStrictTest.xml
----------------- Instantiating /home/travis/build/icyphy/ptII/ptolemy/actor/lib/test/auto/NilTokenNonStrictTest.xml
1 ms. Memory: 447488K Free: 265781K (59%)
----------------- Invoking toplevel() on ptolemy.moml.MoMLSimpleApplication@7d7583d6
----------------- Done invoking toplevel() on ptolemy.moml.MoMLSimpleApplication@7d7583d6
reloadAllAccessors: .NilTokenNonStrictTest

===========================================================================================
----------------- testing Thu Jul 18 13:42:24 UTC 2019 /home/travis/build/icyphy/ptII/ptolemy/actor/lib/test/auto/NilTokenRecord.xml
----------------- Instantiating /home/travis/build/icyphy/ptII/ptolemy/actor/lib/test/auto/NilTokenRecord.xml
7 ms. Memory: 447488K Free: 259127K (58%)
----------------- Invoking toplevel() on ptolemy.moml.MoMLSimpleApplication@5eca3bba
----------------- Done invoking toplevel() on ptolemy.moml.MoMLSimpleApplication@5eca3bba
reloadAllAccessors: .NilTokenRecord

===========================================================================================
----------------- testing Thu Jul 18 13:42:24 UTC 2019 /home/travis/build/icyphy/ptII/ptolemy/actor/lib/test/auto/NilTokenTypeTest.xml
----------------- Instantiating /home/travis/build/icyphy/ptII/ptolemy/actor/lib/test/auto/NilTokenTypeTest.xml
10 ms. Memory: 447488K Free: 249397K (56%)
----------------- Invoking toplevel() on ptolemy.moml.MoMLSimpleApplication@26b6b10c
----------------- Done invoking toplevel() on ptolemy.moml.MoMLSimpleApplication@26b6b10c
reloadAllAccessors: .NilTokenTypeTest

===========================================================================================
----------------- testing Thu Jul 18 13:42:24 UTC 2019 /home/travis/build/icyphy/ptII/ptolemy/actor/lib/test/auto/ObjectToken1.xml
----------------- Instantiating /home/travis/build/icyphy/ptII/ptolemy/actor/lib/test/auto/ObjectToken1.xml
3 ms. Memory: 447488K Free: 245301K (55%)
----------------- Invoking toplevel() on ptolemy.moml.MoMLSimpleApplication@11f12d91
----------------- Done invoking toplevel() on ptolemy.moml.MoMLSimpleApplication@11f12d91
reloadAllAccessors: .ObjectToken1

===========================================================================================
----------------- testing Thu Jul 18 13:42:24 UTC 2019 /home/travis/build/icyphy/ptII/ptolemy/actor/lib/test/auto/OrderedMerge.xml
----------------- Instantiating /home/travis/build/icyphy/ptII/ptolemy/actor/lib/test/auto/OrderedMerge.xml
9 ms. Memory: 447488K Free: 239671K (54%)
----------------- Invoking toplevel() on ptolemy.moml.MoMLSimpleApplication@74a38ecb
----------------- Done invoking toplevel() on ptolemy.moml.MoMLSimpleApplication@74a38ecb
reloadAllAccessors: .OrderedMerge

===========================================================================================
----------------- testing Thu Jul 18 13:42:24 UTC 2019 /home/travis/build/icyphy/ptII/ptolemy/actor/lib/test/auto/OrderedRecordDisassembler.xml
----------------- Instantiating /home/travis/build/icyphy/ptII/ptolemy/actor/lib/test/auto/OrderedRecordDisassembler.xml
3 ms. Memory: 447488K Free: 234551K (52%)
----------------- Invoking toplevel() on ptolemy.moml.MoMLSimpleApplication@2be71141
----------------- Done invoking toplevel() on ptolemy.moml.MoMLSimpleApplication@2be71141
reloadAllAccessors: .OrderedRecordDisassembler

===========================================================================================
----------------- testing Thu Jul 18 13:42:24 UTC 2019 /home/travis/build/icyphy/ptII/ptolemy/actor/lib/test/auto/OrderedRecordDisassembler2.xml
----------------- Instantiating /home/travis/build/icyphy/ptII/ptolemy/actor/lib/test/auto/OrderedRecordDisassembler2.xml
4 ms. Memory: 447488K Free: 226863K (51%)
----------------- Invoking toplevel() on ptolemy.moml.MoMLSimpleApplication@46ee442d
----------------- Done invoking toplevel() on ptolemy.moml.MoMLSimpleApplication@46ee442d
reloadAllAccessors: .OrderedRecordDisassembler2

===========================================================================================
----------------- testing Thu Jul 18 13:42:24 UTC 2019 /home/travis/build/icyphy/ptII/ptolemy/actor/lib/test/auto/OrderedRecordUpdater.xml
----------------- Instantiating /home/travis/build/icyphy/ptII/ptolemy/actor/lib/test/auto/OrderedRecordUpdater.xml
2 ms. Memory: 447488K Free: 221749K (50%)
----------------- Invoking toplevel() on ptolemy.moml.MoMLSimpleApplication@53b6391f
----------------- Done invoking toplevel() on ptolemy.moml.MoMLSimpleApplication@53b6391f
reloadAllAccessors: .RecordUpdater

===========================================================================================
----------------- testing Thu Jul 18 13:42:24 UTC 2019 /home/travis/build/icyphy/ptII/ptolemy/actor/lib/test/auto/OrderedRecordUpdater2.xml
----------------- Instantiating /home/travis/build/icyphy/ptII/ptolemy/actor/lib/test/auto/OrderedRecordUpdater2.xml
3 ms. Memory: 447488K Free: 216629K (48%)
----------------- Invoking toplevel() on ptolemy.moml.MoMLSimpleApplication@4ad651d5
----------------- Done invoking toplevel() on ptolemy.moml.MoMLSimpleApplication@4ad651d5
reloadAllAccessors: .RecordUpdater2

===========================================================================================
----------------- testing Thu Jul 18 13:42:24 UTC 2019 /home/travis/build/icyphy/ptII/ptolemy/actor/lib/test/auto/PhaseUnwrap.xml
----------------- Instantiating /home/travis/build/icyphy/ptII/ptolemy/actor/lib/test/auto/PhaseUnwrap.xml
1 ms. Memory: 447488K Free: 212023K (47%)
----------------- Invoking toplevel() on ptolemy.moml.MoMLSimpleApplication@1e4a313d
----------------- Done invoking toplevel() on ptolemy.moml.MoMLSimpleApplication@1e4a313d
reloadAllAccessors: .PhaseUnwrap

===========================================================================================
----------------- testing Thu Jul 18 13:42:24 UTC 2019 /home/travis/build/icyphy/ptII/ptolemy/actor/lib/test/auto/PoissonClock.xml
----------------- Instantiating /home/travis/build/icyphy/ptII/ptolemy/actor/lib/test/auto/PoissonClock.xml
1 ms. Memory: 447488K Free: 207927K (46%)
----------------- Invoking toplevel() on ptolemy.moml.MoMLSimpleApplication@278ab6b1
----------------- Done invoking toplevel() on ptolemy.moml.MoMLSimpleApplication@278ab6b1
reloadAllAccessors: .PoissonClock

===========================================================================================
----------------- testing Thu Jul 18 13:42:24 UTC 2019 /home/travis/build/icyphy/ptII/ptolemy/actor/lib/test/auto/PoissonClock2.xml
----------------- Instantiating /home/travis/build/icyphy/ptII/ptolemy/actor/lib/test/auto/PoissonClock2.xml
1 ms. Memory: 447488K Free: 203317K (45%)
----------------- Invoking toplevel() on ptolemy.moml.MoMLSimpleApplication@45d2c7b0
----------------- Done invoking toplevel() on ptolemy.moml.MoMLSimpleApplication@45d2c7b0
reloadAllAccessors: .PoissonClock2

===========================================================================================
----------------- testing Thu Jul 18 13:42:24 UTC 2019 /home/travis/build/icyphy/ptII/ptolemy/actor/lib/test/auto/PoissonClock3.xml
----------------- Instantiating /home/travis/build/icyphy/ptII/ptolemy/actor/lib/test/auto/PoissonClock3.xml
2 ms. Memory: 447488K Free: 198197K (44%)
----------------- Invoking toplevel() on ptolemy.moml.MoMLSimpleApplication@4225db1a
----------------- Done invoking toplevel() on ptolemy.moml.MoMLSimpleApplication@4225db1a
reloadAllAccessors: .PoissonClock3

===========================================================================================
----------------- testing Thu Jul 18 13:42:24 UTC 2019 /home/travis/build/icyphy/ptII/ptolemy/actor/lib/test/auto/PubSubWithInitialTokens.xml
----------------- Instantiating /home/travis/build/icyphy/ptII/ptolemy/actor/lib/test/auto/PubSubWithInitialTokens.xml
4 ms. Memory: 447488K Free: 192567K (43%)
----------------- Invoking toplevel() on ptolemy.moml.MoMLSimpleApplication@18c8c6ef
----------------- Done invoking toplevel() on ptolemy.moml.MoMLSimpleApplication@18c8c6ef
reloadAllAccessors: .PubSubWithInitialTokens

===========================================================================================
----------------- testing Thu Jul 18 13:42:24 UTC 2019 /home/travis/build/icyphy/ptII/ptolemy/actor/lib/test/auto/PubSubWithInitialTokens2.xml
----------------- Instantiating /home/travis/build/icyphy/ptII/ptolemy/actor/lib/test/auto/PubSubWithInitialTokens2.xml
3 ms. Memory: 447488K Free: 186423K (42%)
----------------- Invoking toplevel() on ptolemy.moml.MoMLSimpleApplication@430414c5
----------------- Done invoking toplevel() on ptolemy.moml.MoMLSimpleApplication@430414c5
reloadAllAccessors: .PubSubWithInitialTokens2

===========================================================================================
----------------- testing Thu Jul 18 13:42:24 UTC 2019 /home/travis/build/icyphy/ptII/ptolemy/actor/lib/test/auto/PublisherClassNoParameter.xml
----------------- Instantiating /home/travis/build/icyphy/ptII/ptolemy/actor/lib/test/auto/PublisherClassNoParameter.xml
2 ms. Memory: 447488K Free: 176687K (39%)
----------------- Invoking toplevel() on ptolemy.moml.MoMLSimpleApplication@5acbe15e
----------------- Done invoking toplevel() on ptolemy.moml.MoMLSimpleApplication@5acbe15e
reloadAllAccessors: .PublisherClassNoParameter

===========================================================================================
----------------- testing Thu Jul 18 13:42:24 UTC 2019 /home/travis/build/icyphy/ptII/ptolemy/actor/lib/test/auto/PublisherClassParameter.xml
----------------- Instantiating /home/travis/build/icyphy/ptII/ptolemy/actor/lib/test/auto/PublisherClassParameter.xml
2 ms. Memory: 447488K Free: 166447K (37%)
----------------- Invoking toplevel() on ptolemy.moml.MoMLSimpleApplication@1f2abef8
----------------- Done invoking toplevel() on ptolemy.moml.MoMLSimpleApplication@1f2abef8
reloadAllAccessors: .PublisherClassParameter

===========================================================================================
----------------- testing Thu Jul 18 13:42:24 UTC 2019 /home/travis/build/icyphy/ptII/ptolemy/actor/lib/test/auto/PublisherNonStrictTest.xml
----------------- Instantiating /home/travis/build/icyphy/ptII/ptolemy/actor/lib/test/auto/PublisherNonStrictTest.xml
3 ms. Memory: 447488K Free: 158775K (35%)
----------------- Invoking toplevel() on ptolemy.moml.MoMLSimpleApplication@3cf07bf
----------------- Done invoking toplevel() on ptolemy.moml.MoMLSimpleApplication@3cf07bf
reloadAllAccessors: .PublisherNonStrictTest

===========================================================================================
----------------- testing Thu Jul 18 13:42:24 UTC 2019 /home/travis/build/icyphy/ptII/ptolemy/actor/lib/test/auto/PublisherPort1.xml
----------------- Instantiating /home/travis/build/icyphy/ptII/ptolemy/actor/lib/test/auto/PublisherPort1.xml
3 ms. Memory: 447488K Free: 153135K (34%)
----------------- Invoking toplevel() on ptolemy.moml.MoMLSimpleApplication@664c1eb9
----------------- Done invoking toplevel() on ptolemy.moml.MoMLSimpleApplication@664c1eb9
reloadAllAccessors: .PublisherPort1

===========================================================================================
----------------- testing Thu Jul 18 13:42:24 UTC 2019 /home/travis/build/icyphy/ptII/ptolemy/actor/lib/test/auto/PublisherPort2.xml
----------------- Instantiating /home/travis/build/icyphy/ptII/ptolemy/actor/lib/test/auto/PublisherPort2.xml
1 ms. Memory: 447488K Free: 148021K (33%)
----------------- Invoking toplevel() on ptolemy.moml.MoMLSimpleApplication@6f4c1015
----------------- Done invoking toplevel() on ptolemy.moml.MoMLSimpleApplication@6f4c1015
reloadAllAccessors: .PublisherPort2

===========================================================================================
----------------- testing Thu Jul 18 13:42:24 UTC 2019 /home/travis/build/icyphy/ptII/ptolemy/actor/lib/test/auto/PublisherPort3.xml
----------------- Instantiating /home/travis/build/icyphy/ptII/ptolemy/actor/lib/test/auto/PublisherPort3.xml
12 ms. Memory: 447488K Free: 141367K (32%)
----------------- Invoking toplevel() on ptolemy.moml.MoMLSimpleApplication@44006981
----------------- Done invoking toplevel() on ptolemy.moml.MoMLSimpleApplication@44006981
reloadAllAccessors: .PublisherPort3

===========================================================================================
----------------- testing Thu Jul 18 13:42:24 UTC 2019 /home/travis/build/icyphy/ptII/ptolemy/actor/lib/test/auto/PublisherPort4.xml
----------------- Instantiating /home/travis/build/icyphy/ptII/ptolemy/actor/lib/test/auto/PublisherPort4.xml
2 ms. Memory: 447488K Free: 135727K (30%)
----------------- Invoking toplevel() on ptolemy.moml.MoMLSimpleApplication@302e4c45
----------------- Done invoking toplevel() on ptolemy.moml.MoMLSimpleApplication@302e4c45
reloadAllAccessors: .PublisherPort4

===========================================================================================
----------------- testing Thu Jul 18 13:42:24 UTC 2019 /home/travis/build/icyphy/ptII/ptolemy/actor/lib/test/auto/PublisherPort5.xml
----------------- Instantiating /home/travis/build/icyphy/ptII/ptolemy/actor/lib/test/auto/PublisherPort5.xml
4 ms. Memory: 447488K Free: 392437K (88%)
----------------- Invoking toplevel() on ptolemy.moml.MoMLSimpleApplication@17e3cbd3
----------------- Done invoking toplevel() on ptolemy.moml.MoMLSimpleApplication@17e3cbd3
reloadAllAccessors: .PublisherPort5

===========================================================================================
----------------- testing Thu Jul 18 13:42:24 UTC 2019 /home/travis/build/icyphy/ptII/ptolemy/actor/lib/test/auto/PublisherPort5LookAlike.xml
----------------- Instantiating /home/travis/build/icyphy/ptII/ptolemy/actor/lib/test/auto/PublisherPort5LookAlike.xml
8 ms. Memory: 447488K Free: 384759K (86%)
----------------- Invoking toplevel() on ptolemy.moml.MoMLSimpleApplication@50249699
----------------- Done invoking toplevel() on ptolemy.moml.MoMLSimpleApplication@50249699
reloadAllAccessors: .PublisherPort5LookAlike

===========================================================================================
----------------- testing Thu Jul 18 13:42:24 UTC 2019 /home/travis/build/icyphy/ptII/ptolemy/actor/lib/test/auto/PublisherPort6.xml
----------------- Instantiating /home/travis/build/icyphy/ptII/ptolemy/actor/lib/test/auto/PublisherPort6.xml
2 ms. Memory: 447488K Free: 378101K (84%)
----------------- Invoking toplevel() on ptolemy.moml.MoMLSimpleApplication@39be30e0
----------------- Done invoking toplevel() on ptolemy.moml.MoMLSimpleApplication@39be30e0
reloadAllAccessors: .PublisherPort6

===========================================================================================
----------------- testing Thu Jul 18 13:42:24 UTC 2019 /home/travis/build/icyphy/ptII/ptolemy/actor/lib/test/auto/PublisherPort7.xml
----------------- Instantiating /home/travis/build/icyphy/ptII/ptolemy/actor/lib/test/auto/PublisherPort7.xml
3 ms. Memory: 447488K Free: 370423K (83%)
----------------- Invoking toplevel() on ptolemy.moml.MoMLSimpleApplication@4c23c3b0
----------------- Done invoking toplevel() on ptolemy.moml.MoMLSimpleApplication@4c23c3b0
reloadAllAccessors: .PublisherPort7

===========================================================================================
----------------- testing Thu Jul 18 13:42:24 UTC 2019 /home/travis/build/icyphy/ptII/ptolemy/actor/lib/test/auto/PublisherPort8.xml
----------------- Instantiating /home/travis/build/icyphy/ptII/ptolemy/actor/lib/test/auto/PublisherPort8.xml
4 ms. Memory: 447488K Free: 361717K (81%)
----------------- Invoking toplevel() on ptolemy.moml.MoMLSimpleApplication@71ca3b74
----------------- Done invoking toplevel() on ptolemy.moml.MoMLSimpleApplication@71ca3b74
reloadAllAccessors: .PublisherPort8

===========================================================================================
----------------- testing Thu Jul 18 13:42:24 UTC 2019 /home/travis/build/icyphy/ptII/ptolemy/actor/lib/test/auto/PublisherPortSubscriberChannelVariablesAOC2.xml
----------------- Instantiating /home/travis/build/icyphy/ptII/ptolemy/actor/lib/test/auto/PublisherPortSubscriberChannelVariablesAOC2.xml
3 ms. Memory: 447488K Free: 344309K (77%)
----------------- Invoking toplevel() on ptolemy.moml.MoMLSimpleApplication@586bfab5
----------------- Done invoking toplevel() on ptolemy.moml.MoMLSimpleApplication@586bfab5
reloadAllAccessors: .PublisherPortSubscriberChannelVariablesAOC2

===========================================================================================
----------------- testing Thu Jul 18 13:42:25 UTC 2019 /home/travis/build/icyphy/ptII/ptolemy/actor/lib/test/auto/PublisherPortSubscriberOpaqueWidthInference.xml
----------------- Instantiating /home/travis/build/icyphy/ptII/ptolemy/actor/lib/test/auto/PublisherPortSubscriberOpaqueWidthInference.xml
4 ms. Memory: 447488K Free: 336103K (75%)
----------------- Invoking toplevel() on ptolemy.moml.MoMLSimpleApplication@939298b
----------------- Done invoking toplevel() on ptolemy.moml.MoMLSimpleApplication@939298b
reloadAllAccessors: .PublisherPortSubscriberOpaqueWidthInference

===========================================================================================
----------------- testing Thu Jul 18 13:42:25 UTC 2019 /home/travis/build/icyphy/ptII/ptolemy/actor/lib/test/auto/PublisherPortSubscriberPortAdjacent.xml
----------------- Instantiating /home/travis/build/icyphy/ptII/ptolemy/actor/lib/test/auto/PublisherPortSubscriberPortAdjacent.xml
2 ms. Memory: 447488K Free: 327925K (73%)
----------------- Invoking toplevel() on ptolemy.moml.MoMLSimpleApplication@27957190
----------------- Done invoking toplevel() on ptolemy.moml.MoMLSimpleApplication@27957190
reloadAllAccessors: .PublisherPortSubscriberPortAdjacent

===========================================================================================
----------------- testing Thu Jul 18 13:42:25 UTC 2019 /home/travis/build/icyphy/ptII/ptolemy/actor/lib/test/auto/PublisherPortSubscriberPortExpression.xml
----------------- Instantiating /home/travis/build/icyphy/ptII/ptolemy/actor/lib/test/auto/PublisherPortSubscriberPortExpression.xml
4 ms. Memory: 447488K Free: 319719K (71%)
----------------- Invoking toplevel() on ptolemy.moml.MoMLSimpleApplication@1ec4335d
----------------- Done invoking toplevel() on ptolemy.moml.MoMLSimpleApplication@1ec4335d
reloadAllAccessors: .PublisherPortSubscriberPortExpression

===========================================================================================
----------------- testing Thu Jul 18 13:42:25 UTC 2019 /home/travis/build/icyphy/ptII/ptolemy/actor/lib/test/auto/PublisherPortSubscriberPortOpaqueD3Reverse.xml
----------------- Instantiating /home/travis/build/icyphy/ptII/ptolemy/actor/lib/test/auto/PublisherPortSubscriberPortOpaqueD3Reverse.xml
14 ms. Memory: 447488K Free: 309493K (69%)
----------------- Invoking toplevel() on ptolemy.moml.MoMLSimpleApplication@154b120a
----------------- Done invoking toplevel() on ptolemy.moml.MoMLSimpleApplication@154b120a
reloadAllAccessors: .PublisherPortSubscriberPortOpaqueD3Reverse

===========================================================================================
----------------- testing Thu Jul 18 13:42:25 UTC 2019 /home/travis/build/icyphy/ptII/ptolemy/actor/lib/test/auto/PublisherPortSubscriberPortOpaqueWidthInference.xml
----------------- Instantiating /home/travis/build/icyphy/ptII/ptolemy/actor/lib/test/auto/PublisherPortSubscriberPortOpaqueWidthInference.xml
4 ms. Memory: 447488K Free: 301815K (67%)
----------------- Invoking toplevel() on ptolemy.moml.MoMLSimpleApplication@66c822bc
----------------- Done invoking toplevel() on ptolemy.moml.MoMLSimpleApplication@66c822bc
reloadAllAccessors: .PublisherPortSubscriberPortOpaqueWidthInference

===========================================================================================
----------------- testing Thu Jul 18 13:42:25 UTC 2019 /home/travis/build/icyphy/ptII/ptolemy/actor/lib/test/auto/PublisherPortToplevelSubscriberPortAOC.xml
----------------- Instantiating /home/travis/build/icyphy/ptII/ptolemy/actor/lib/test/auto/PublisherPortToplevelSubscriberPortAOC.xml
.PublisherPortToplevelSubscriberPortAOC.TestExceptionAttribute: initialize() was not invoked, but wrapup() was.  This is unusual, but not always a problem.  For example, exporting JNLP will do this.
1 ms. Memory: 447488K Free: 295671K (66%)
----------------- Invoking toplevel() on ptolemy.moml.MoMLSimpleApplication@507c4909
----------------- Done invoking toplevel() on ptolemy.moml.MoMLSimpleApplication@507c4909
reloadAllAccessors: .PublisherPortToplevelSubscriberPortAOC

===========================================================================================
----------------- testing Thu Jul 18 13:42:25 UTC 2019 /home/travis/build/icyphy/ptII/ptolemy/actor/lib/test/auto/PublisherSubscriber.xml
----------------- Instantiating /home/travis/build/icyphy/ptII/ptolemy/actor/lib/test/auto/PublisherSubscriber.xml
3 ms. Memory: 447488K Free: 288503K (64%)
----------------- Invoking toplevel() on ptolemy.moml.MoMLSimpleApplication@2abb2cee
----------------- Done invoking toplevel() on ptolemy.moml.MoMLSimpleApplication@2abb2cee
reloadAllAccessors: .PublisherSubscriber

===========================================================================================
----------------- testing Thu Jul 18 13:42:25 UTC 2019 /home/travis/build/icyphy/ptII/ptolemy/actor/lib/test/auto/PublisherSubscriber10.xml
----------------- Instantiating /home/travis/build/icyphy/ptII/ptolemy/actor/lib/test/auto/PublisherSubscriber10.xml
5 ms. Memory: 447488K Free: 279287K (62%)
----------------- Invoking toplevel() on ptolemy.moml.MoMLSimpleApplication@61d73586
----------------- Done invoking toplevel() on ptolemy.moml.MoMLSimpleApplication@61d73586
reloadAllAccessors: .PublisherSubscriber10

===========================================================================================
----------------- testing Thu Jul 18 13:42:25 UTC 2019 /home/travis/build/icyphy/ptII/ptolemy/actor/lib/test/auto/PublisherSubscriber10InitialOutputs.xml
----------------- Instantiating /home/travis/build/icyphy/ptII/ptolemy/actor/lib/test/auto/PublisherSubscriber10InitialOutputs.xml
10 ms. Memory: 447488K Free: 270071K (60%)
----------------- Invoking toplevel() on ptolemy.moml.MoMLSimpleApplication@357003c3
----------------- Done invoking toplevel() on ptolemy.moml.MoMLSimpleApplication@357003c3
reloadAllAccessors: .PublisherSubscriber10InitialOutputs

===========================================================================================
----------------- testing Thu Jul 18 13:42:25 UTC 2019 /home/travis/build/icyphy/ptII/ptolemy/actor/lib/test/auto/PublisherSubscriber11.xml
----------------- Instantiating /home/travis/build/icyphy/ptII/ptolemy/actor/lib/test/auto/PublisherSubscriber11.xml
3 ms. Memory: 447488K Free: 263399K (59%)
----------------- Invoking toplevel() on ptolemy.moml.MoMLSimpleApplication@fe33523
----------------- Done invoking toplevel() on ptolemy.moml.MoMLSimpleApplication@fe33523
reloadAllAccessors: .PublisherSubscriber11

===========================================================================================
----------------- testing Thu Jul 18 13:42:25 UTC 2019 /home/travis/build/icyphy/ptII/ptolemy/actor/lib/test/auto/PublisherSubscriber12.xml
----------------- Instantiating /home/travis/build/icyphy/ptII/ptolemy/actor/lib/test/auto/PublisherSubscriber12.xml
3 ms. Memory: 447488K Free: 256245K (57%)
----------------- Invoking toplevel() on ptolemy.moml.MoMLSimpleApplication@1a3e5498
----------------- Done invoking toplevel() on ptolemy.moml.MoMLSimpleApplication@1a3e5498
reloadAllAccessors: .PublisherSubscriber12

===========================================================================================
----------------- testing Thu Jul 18 13:42:25 UTC 2019 /home/travis/build/icyphy/ptII/ptolemy/actor/lib/test/auto/PublisherSubscriber13.xml
----------------- Instantiating /home/travis/build/icyphy/ptII/ptolemy/actor/lib/test/auto/PublisherSubscriber13.xml
2 ms. Memory: 447488K Free: 250615K (56%)
----------------- Invoking toplevel() on ptolemy.moml.MoMLSimpleApplication@4049c130
----------------- Done invoking toplevel() on ptolemy.moml.MoMLSimpleApplication@4049c130
reloadAllAccessors: .PublisherSubscriber13

===========================================================================================
----------------- testing Thu Jul 18 13:42:25 UTC 2019 /home/travis/build/icyphy/ptII/ptolemy/actor/lib/test/auto/PublisherSubscriber14.xml
----------------- Instantiating /home/travis/build/icyphy/ptII/ptolemy/actor/lib/test/auto/PublisherSubscriber14.xml
1 ms. Memory: 447488K Free: 241909K (54%)
----------------- Invoking toplevel() on ptolemy.moml.MoMLSimpleApplication@62c964d2
----------------- Done invoking toplevel() on ptolemy.moml.MoMLSimpleApplication@62c964d2
reloadAllAccessors: .PublisherSubscriber14

===========================================================================================
----------------- testing Thu Jul 18 13:42:25 UTC 2019 /home/travis/build/icyphy/ptII/ptolemy/actor/lib/test/auto/PublisherSubscriber2.xml
----------------- Instantiating /home/travis/build/icyphy/ptII/ptolemy/actor/lib/test/auto/PublisherSubscriber2.xml
3 ms. Memory: 447488K Free: 236279K (53%)
----------------- Invoking toplevel() on ptolemy.moml.MoMLSimpleApplication@1a12ca95
----------------- Done invoking toplevel() on ptolemy.moml.MoMLSimpleApplication@1a12ca95
reloadAllAccessors: .PublisherSubscriber2

===========================================================================================
----------------- testing Thu Jul 18 13:42:25 UTC 2019 /home/travis/build/icyphy/ptII/ptolemy/actor/lib/test/auto/PublisherSubscriber3.xml
----------------- Instantiating /home/travis/build/icyphy/ptII/ptolemy/actor/lib/test/auto/PublisherSubscriber3.xml
2 ms. Memory: 447488K Free: 230615K (52%)
----------------- Invoking toplevel() on ptolemy.moml.MoMLSimpleApplication@7af4cad6
----------------- Done invoking toplevel() on ptolemy.moml.MoMLSimpleApplication@7af4cad6
reloadAllAccessors: .PublisherSubscriber3

===========================================================================================
----------------- testing Thu Jul 18 13:42:25 UTC 2019 /home/travis/build/icyphy/ptII/ptolemy/actor/lib/test/auto/PublisherSubscriber4.xml
----------------- Instantiating /home/travis/build/icyphy/ptII/ptolemy/actor/lib/test/auto/PublisherSubscriber4.xml
1 ms. Memory: 447488K Free: 225015K (50%)
----------------- Invoking toplevel() on ptolemy.moml.MoMLSimpleApplication@2cb3e7f6
----------------- Done invoking toplevel() on ptolemy.moml.MoMLSimpleApplication@2cb3e7f6
reloadAllAccessors: .PublisherSubscriber4

===========================================================================================
----------------- testing Thu Jul 18 13:42:25 UTC 2019 /home/travis/build/icyphy/ptII/ptolemy/actor/lib/test/auto/PublisherSubscriber5.xml
----------------- Instantiating /home/travis/build/icyphy/ptII/ptolemy/actor/lib/test/auto/PublisherSubscriber5.xml
2 ms. Memory: 447488K Free: 218357K (49%)
----------------- Invoking toplevel() on ptolemy.moml.MoMLSimpleApplication@295a8eeb
----------------- Done invoking toplevel() on ptolemy.moml.MoMLSimpleApplication@295a8eeb
reloadAllAccessors: .PublisherSubscriber5

===========================================================================================
----------------- testing Thu Jul 18 13:42:25 UTC 2019 /home/travis/build/icyphy/ptII/ptolemy/actor/lib/test/auto/PublisherSubscriber6.xml
----------------- Instantiating /home/travis/build/icyphy/ptII/ptolemy/actor/lib/test/auto/PublisherSubscriber6.xml
4 ms. Memory: 447488K Free: 211703K (47%)
----------------- Invoking toplevel() on ptolemy.moml.MoMLSimpleApplication@111b1fa0
----------------- Done invoking toplevel() on ptolemy.moml.MoMLSimpleApplication@111b1fa0
reloadAllAccessors: .PublisherSubscriber6

===========================================================================================
----------------- testing Thu Jul 18 13:42:25 UTC 2019 /home/travis/build/icyphy/ptII/ptolemy/actor/lib/test/auto/PublisherSubscriber7.xml
----------------- Instantiating /home/travis/build/icyphy/ptII/ptolemy/actor/lib/test/auto/PublisherSubscriber7.xml
8 ms. Memory: 447488K Free: 205045K (46%)
----------------- Invoking toplevel() on ptolemy.moml.MoMLSimpleApplication@cbc8532
----------------- Done invoking toplevel() on ptolemy.moml.MoMLSimpleApplication@cbc8532
reloadAllAccessors: .PublisherSubscriber7

===========================================================================================
----------------- testing Thu Jul 18 13:42:25 UTC 2019 /home/travis/build/icyphy/ptII/ptolemy/actor/lib/test/auto/PublisherSubscriber8.xml
----------------- Instantiating /home/travis/build/icyphy/ptII/ptolemy/actor/lib/test/auto/PublisherSubscriber8.xml
20 ms. Memory: 447488K Free: 193271K (43%)
----------------- Invoking toplevel() on ptolemy.moml.MoMLSimpleApplication@2d2d0047
----------------- Done invoking toplevel() on ptolemy.moml.MoMLSimpleApplication@2d2d0047
reloadAllAccessors: .PublisherSubscriber8

===========================================================================================
----------------- testing Thu Jul 18 13:42:25 UTC 2019 /home/travis/build/icyphy/ptII/ptolemy/actor/lib/test/auto/PublisherSubscriber9.xml
----------------- Instantiating /home/travis/build/icyphy/ptII/ptolemy/actor/lib/test/auto/PublisherSubscriber9.xml
3 ms. Memory: 447488K Free: 185589K (41%)
----------------- Invoking toplevel() on ptolemy.moml.MoMLSimpleApplication@24ef3197
----------------- Done invoking toplevel() on ptolemy.moml.MoMLSimpleApplication@24ef3197
reloadAllAccessors: .PublisherSubscriber9

===========================================================================================
----------------- testing Thu Jul 18 13:42:25 UTC 2019 /home/travis/build/icyphy/ptII/ptolemy/actor/lib/test/auto/PublisherSubscriberAdjacent.xml
----------------- Instantiating /home/travis/build/icyphy/ptII/ptolemy/actor/lib/test/auto/PublisherSubscriberAdjacent.xml
2 ms. Memory: 447488K Free: 176887K (40%)
----------------- Invoking toplevel() on ptolemy.moml.MoMLSimpleApplication@4f24ffa5
----------------- Done invoking toplevel() on ptolemy.moml.MoMLSimpleApplication@4f24ffa5
reloadAllAccessors: .PublisherSubscriberAdjacent

===========================================================================================
----------------- testing Thu Jul 18 13:42:25 UTC 2019 /home/travis/build/icyphy/ptII/ptolemy/actor/lib/test/auto/PublisherSubscriberChannelVariablesAOC2.xml
----------------- Instantiating /home/travis/build/icyphy/ptII/ptolemy/actor/lib/test/auto/PublisherSubscriberChannelVariablesAOC2.xml
2 ms. Memory: 447488K Free: 161527K (36%)
----------------- Invoking toplevel() on ptolemy.moml.MoMLSimpleApplication@592088b2
----------------- Done invoking toplevel() on ptolemy.moml.MoMLSimpleApplication@592088b2
reloadAllAccessors: .PublisherSubscriberChannelVariablesAOC2

===========================================================================================
----------------- testing Thu Jul 18 13:42:25 UTC 2019 /home/travis/build/icyphy/ptII/ptolemy/actor/lib/test/auto/PublisherSubscriberD3.xml
----------------- Instantiating /home/travis/build/icyphy/ptII/ptolemy/actor/lib/test/auto/PublisherSubscriberD3.xml
2 ms. Memory: 447488K Free: 154359K (34%)
----------------- Invoking toplevel() on ptolemy.moml.MoMLSimpleApplication@1c5de808
----------------- Done invoking toplevel() on ptolemy.moml.MoMLSimpleApplication@1c5de808
reloadAllAccessors: .PublisherSubscriberD3

===========================================================================================
----------------- testing Thu Jul 18 13:42:25 UTC 2019 /home/travis/build/icyphy/ptII/ptolemy/actor/lib/test/auto/PublisherSubscriberD3Reverse.xml
----------------- Instantiating /home/travis/build/icyphy/ptII/ptolemy/actor/lib/test/auto/PublisherSubscriberD3Reverse.xml
1 ms. Memory: 447488K Free: 148215K (33%)
----------------- Invoking toplevel() on ptolemy.moml.MoMLSimpleApplication@16cbdf79
----------------- Done invoking toplevel() on ptolemy.moml.MoMLSimpleApplication@16cbdf79
reloadAllAccessors: .PublisherSubscriberD3Reverse

===========================================================================================
----------------- testing Thu Jul 18 13:42:25 UTC 2019 /home/travis/build/icyphy/ptII/ptolemy/actor/lib/test/auto/PublisherSubscriberExpression.xml
----------------- Instantiating /home/travis/build/icyphy/ptII/ptolemy/actor/lib/test/auto/PublisherSubscriberExpression.xml
3 ms. Memory: 447488K Free: 140023K (31%)
----------------- Invoking toplevel() on ptolemy.moml.MoMLSimpleApplication@4b765067
----------------- Done invoking toplevel() on ptolemy.moml.MoMLSimpleApplication@4b765067
reloadAllAccessors: .PublisherSubscriberExpression

===========================================================================================
----------------- testing Thu Jul 18 13:42:25 UTC 2019 /home/travis/build/icyphy/ptII/ptolemy/actor/lib/test/auto/PublisherSubscriberOpaque.xml
----------------- Instantiating /home/travis/build/icyphy/ptII/ptolemy/actor/lib/test/auto/PublisherSubscriberOpaque.xml
4 ms. Memory: 447488K Free: 396431K (89%)
----------------- Invoking toplevel() on ptolemy.moml.MoMLSimpleApplication@5c842971
----------------- Done invoking toplevel() on ptolemy.moml.MoMLSimpleApplication@5c842971
reloadAllAccessors: .PublisherSubscriberOpaque

===========================================================================================
----------------- testing Thu Jul 18 13:42:25 UTC 2019 /home/travis/build/icyphy/ptII/ptolemy/actor/lib/test/auto/PublisherSubscriberOpaqueD3.xml
----------------- Instantiating /home/travis/build/icyphy/ptII/ptolemy/actor/lib/test/auto/PublisherSubscriberOpaqueD3.xml
5 ms. Memory: 447488K Free: 384143K (86%)
----------------- Invoking toplevel() on ptolemy.moml.MoMLSimpleApplication@44b14a56
----------------- Done invoking toplevel() on ptolemy.moml.MoMLSimpleApplication@44b14a56
reloadAllAccessors: .PublisherSubscriberOpaqueD3

===========================================================================================
----------------- testing Thu Jul 18 13:42:25 UTC 2019 /home/travis/build/icyphy/ptII/ptolemy/actor/lib/test/auto/PublisherSubscriberOpaqueD3Reverse.xml
----------------- Instantiating /home/travis/build/icyphy/ptII/ptolemy/actor/lib/test/auto/PublisherSubscriberOpaqueD3Reverse.xml
7 ms. Memory: 447488K Free: 373393K (83%)
----------------- Invoking toplevel() on ptolemy.moml.MoMLSimpleApplication@103af155
----------------- Done invoking toplevel() on ptolemy.moml.MoMLSimpleApplication@103af155
reloadAllAccessors: .PublisherSubscriberOpaqueD3Reverse

===========================================================================================
----------------- testing Thu Jul 18 13:42:25 UTC 2019 /home/travis/build/icyphy/ptII/ptolemy/actor/lib/test/auto/PublisherSubscriberOpaqueWidthInference.xml
----------------- Instantiating /home/travis/build/icyphy/ptII/ptolemy/actor/lib/test/auto/PublisherSubscriberOpaqueWidthInference.xml
4 ms. Memory: 447488K Free: 365201K (82%)
----------------- Invoking toplevel() on ptolemy.moml.MoMLSimpleApplication@785300e8
----------------- Done invoking toplevel() on ptolemy.moml.MoMLSimpleApplication@785300e8
reloadAllAccessors: .PublisherSubscriberOpaqueWidthInference

===========================================================================================
----------------- testing Thu Jul 18 13:42:25 UTC 2019 /home/travis/build/icyphy/ptII/ptolemy/actor/lib/test/auto/PublisherTestSubscriber.xml
----------------- Instantiating /home/travis/build/icyphy/ptII/ptolemy/actor/lib/test/auto/PublisherTestSubscriber.xml
3 ms. Memory: 447488K Free: 357513K (80%)
----------------- Invoking toplevel() on ptolemy.moml.MoMLSimpleApplication@48d0890e
----------------- Done invoking toplevel() on ptolemy.moml.MoMLSimpleApplication@48d0890e
reloadAllAccessors: .PublisherTestSubscriber

===========================================================================================
----------------- testing Thu Jul 18 13:42:25 UTC 2019 /home/travis/build/icyphy/ptII/ptolemy/actor/lib/test/auto/PublisherToplevelSubscriberPortAOC.xml
----------------- Instantiating /home/travis/build/icyphy/ptII/ptolemy/actor/lib/test/auto/PublisherToplevelSubscriberPortAOC.xml
2 ms. Memory: 447488K Free: 350337K (78%)
----------------- Invoking toplevel() on ptolemy.moml.MoMLSimpleApplication@5e670a6b
----------------- Done invoking toplevel() on ptolemy.moml.MoMLSimpleApplication@5e670a6b
reloadAllAccessors: .PublisherToplevelSubscriberPortAOC

===========================================================================================
----------------- testing Thu Jul 18 13:42:25 UTC 2019 /home/travis/build/icyphy/ptII/ptolemy/actor/lib/test/auto/PulseFiringLimitDE.xml
----------------- Instantiating /home/travis/build/icyphy/ptII/ptolemy/actor/lib/test/auto/PulseFiringLimitDE.xml
2 ms. Memory: 447488K Free: 344207K (77%)
----------------- Invoking toplevel() on ptolemy.moml.MoMLSimpleApplication@2df15996
----------------- Done invoking toplevel() on ptolemy.moml.MoMLSimpleApplication@2df15996
reloadAllAccessors: .PulseFiringLimitDE

===========================================================================================
----------------- testing Thu Jul 18 13:42:25 UTC 2019 /home/travis/build/icyphy/ptII/ptolemy/actor/lib/test/auto/Ramp1.xml
----------------- Instantiating /home/travis/build/icyphy/ptII/ptolemy/actor/lib/test/auto/Ramp1.xml
1 ms. Memory: 447488K Free: 340105K (76%)
----------------- Invoking toplevel() on ptolemy.moml.MoMLSimpleApplication@363aa9cd
----------------- Done invoking toplevel() on ptolemy.moml.MoMLSimpleApplication@363aa9cd
reloadAllAccessors: .Ramp1

===========================================================================================
----------------- testing Thu Jul 18 13:42:25 UTC 2019 /home/travis/build/icyphy/ptII/ptolemy/actor/lib/test/auto/RampFiringLimitDE.xml
----------------- Instantiating /home/travis/build/icyphy/ptII/ptolemy/actor/lib/test/auto/RampFiringLimitDE.xml
2 ms. Memory: 447488K Free: 333953K (75%)
----------------- Invoking toplevel() on ptolemy.moml.MoMLSimpleApplication@1b651e8e
----------------- Done invoking toplevel() on ptolemy.moml.MoMLSimpleApplication@1b651e8e
reloadAllAccessors: .RampFiringLimitDE

===========================================================================================
----------------- testing Thu Jul 18 13:42:25 UTC 2019 /home/travis/build/icyphy/ptII/ptolemy/actor/lib/test/auto/RampFiringLimitSDF.xml
----------------- Instantiating /home/travis/build/icyphy/ptII/ptolemy/actor/lib/test/auto/RampFiringLimitSDF.xml
2 ms. Memory: 447488K Free: 328337K (73%)
----------------- Invoking toplevel() on ptolemy.moml.MoMLSimpleApplication@61a9f7ab
----------------- Done invoking toplevel() on ptolemy.moml.MoMLSimpleApplication@61a9f7ab
reloadAllAccessors: .RampFiringLimitSDF

===========================================================================================
----------------- testing Thu Jul 18 13:42:25 UTC 2019 /home/travis/build/icyphy/ptII/ptolemy/actor/lib/test/auto/RandomInteger.xml
----------------- Instantiating /home/travis/build/icyphy/ptII/ptolemy/actor/lib/test/auto/RandomInteger.xml
1 ms. Memory: 447488K Free: 324241K (72%)
----------------- Invoking toplevel() on ptolemy.moml.MoMLSimpleApplication@3a358dc4
----------------- Done invoking toplevel() on ptolemy.moml.MoMLSimpleApplication@3a358dc4
reloadAllAccessors: .RandomInteger

===========================================================================================
----------------- testing Thu Jul 18 13:42:25 UTC 2019 /home/travis/build/icyphy/ptII/ptolemy/actor/lib/test/auto/ReadFile1.xml
----------------- Instantiating /home/travis/build/icyphy/ptII/ptolemy/actor/lib/test/auto/ReadFile1.xml
2 ms. Memory: 447488K Free: 319631K (71%)
----------------- Invoking toplevel() on ptolemy.moml.MoMLSimpleApplication@2c8f1a55
----------------- Done invoking toplevel() on ptolemy.moml.MoMLSimpleApplication@2c8f1a55
reloadAllAccessors: .ReadFile1

===========================================================================================
----------------- testing Thu Jul 18 13:42:25 UTC 2019 /home/travis/build/icyphy/ptII/ptolemy/actor/lib/test/auto/ReadFile2.xml
----------------- Instantiating /home/travis/build/icyphy/ptII/ptolemy/actor/lib/test/auto/ReadFile2.xml
1 ms. Memory: 447488K Free: 315535K (71%)
----------------- Invoking toplevel() on ptolemy.moml.MoMLSimpleApplication@308f4188
----------------- Done invoking toplevel() on ptolemy.moml.MoMLSimpleApplication@308f4188
reloadAllAccessors: .ReadFile2

===========================================================================================
----------------- testing Thu Jul 18 13:42:25 UTC 2019 /home/travis/build/icyphy/ptII/ptolemy/actor/lib/test/auto/Reader.xml
----------------- Instantiating /home/travis/build/icyphy/ptII/ptolemy/actor/lib/test/auto/Reader.xml
actor.lib.Reader is obsolete, use actor.lib.io.ExpressionReader instead
4 ms. Memory: 447488K Free: 311439K (70%)
----------------- Invoking toplevel() on ptolemy.moml.MoMLSimpleApplication@1689418e
----------------- Done invoking toplevel() on ptolemy.moml.MoMLSimpleApplication@1689418e
reloadAllAccessors: .Reader

===========================================================================================
----------------- testing Thu Jul 18 13:42:25 UTC 2019 /home/travis/build/icyphy/ptII/ptolemy/actor/lib/test/auto/RecordAssemblerDisplayNameTest.xml
----------------- Instantiating /home/travis/build/icyphy/ptII/ptolemy/actor/lib/test/auto/RecordAssemblerDisplayNameTest.xml
3579 ms. Memory: 447488K Free: 156920K (35%)
----------------- Invoking toplevel() on ptolemy.moml.MoMLSimpleApplication@4c60d942
----------------- Done invoking toplevel() on ptolemy.moml.MoMLSimpleApplication@4c60d942
reloadAllAccessors: .RecordAssemblerDisplayNameTest

===========================================================================================
----------------- testing Thu Jul 18 13:42:29 UTC 2019 /home/travis/build/icyphy/ptII/ptolemy/actor/lib/test/auto/RecordAssemblerTypeError.xml
----------------- Instantiating /home/travis/build/icyphy/ptII/ptolemy/actor/lib/test/auto/RecordAssemblerTypeError.xml
15 ms. Memory: 447488K Free: 147194K (33%)
----------------- Invoking toplevel() on ptolemy.moml.MoMLSimpleApplication@6198c416
----------------- Done invoking toplevel() on ptolemy.moml.MoMLSimpleApplication@6198c416
reloadAllAccessors: .RecordAssemblerTypeError

===========================================================================================
----------------- testing Thu Jul 18 13:42:29 UTC 2019 /home/travis/build/icyphy/ptII/ptolemy/actor/lib/test/auto/RecordDisassember.xml
----------------- Instantiating /home/travis/build/icyphy/ptII/ptolemy/actor/lib/test/auto/RecordDisassember.xml
4 ms. Memory: 447488K Free: 142074K (32%)
----------------- Invoking toplevel() on ptolemy.moml.MoMLSimpleApplication@e02a26a
----------------- Done invoking toplevel() on ptolemy.moml.MoMLSimpleApplication@e02a26a
reloadAllAccessors: .RecordDisassember

===========================================================================================
----------------- testing Thu Jul 18 13:42:29 UTC 2019 /home/travis/build/icyphy/ptII/ptolemy/actor/lib/test/auto/RecordDisassemberDisplayNameTest.xml
----------------- Instantiating /home/travis/build/icyphy/ptII/ptolemy/actor/lib/test/auto/RecordDisassemberDisplayNameTest.xml
5 ms. Memory: 447488K Free: 134392K (30%)
----------------- Invoking toplevel() on ptolemy.moml.MoMLSimpleApplication@2d3e703c
----------------- Done invoking toplevel() on ptolemy.moml.MoMLSimpleApplication@2d3e703c
reloadAllAccessors: .RecordDisassemberDisplayNameTest

===========================================================================================
----------------- testing Thu Jul 18 13:42:29 UTC 2019 /home/travis/build/icyphy/ptII/ptolemy/actor/lib/test/auto/RecordDisassembler.xml
----------------- Instantiating /home/travis/build/icyphy/ptII/ptolemy/actor/lib/test/auto/RecordDisassembler.xml
3 ms. Memory: 447488K Free: 394470K (88%)
----------------- Invoking toplevel() on ptolemy.moml.MoMLSimpleApplication@27e47f8
----------------- Done invoking toplevel() on ptolemy.moml.MoMLSimpleApplication@27e47f8
reloadAllAccessors: .RecordDisassembler

===========================================================================================
----------------- testing Thu Jul 18 13:42:29 UTC 2019 /home/travis/build/icyphy/ptII/ptolemy/actor/lib/test/auto/RecordDisassembler2.xml
----------------- Instantiating /home/travis/build/icyphy/ptII/ptolemy/actor/lib/test/auto/RecordDisassembler2.xml
4 ms. Memory: 447488K Free: 389350K (87%)
----------------- Invoking toplevel() on ptolemy.moml.MoMLSimpleApplication@5e2b3219
----------------- Done invoking toplevel() on ptolemy.moml.MoMLSimpleApplication@5e2b3219
reloadAllAccessors: .RecordDisassembler2

===========================================================================================
----------------- testing Thu Jul 18 13:42:29 UTC 2019 /home/travis/build/icyphy/ptII/ptolemy/actor/lib/test/auto/RecordUpdater.xml
----------------- Instantiating /home/travis/build/icyphy/ptII/ptolemy/actor/lib/test/auto/RecordUpdater.xml
2 ms. Memory: 447488K Free: 384260K (86%)
----------------- Invoking toplevel() on ptolemy.moml.MoMLSimpleApplication@1c3ce75d
----------------- Done invoking toplevel() on ptolemy.moml.MoMLSimpleApplication@1c3ce75d
reloadAllAccessors: .RecordUpdater

===========================================================================================
----------------- testing Thu Jul 18 13:42:29 UTC 2019 /home/travis/build/icyphy/ptII/ptolemy/actor/lib/test/auto/RecordUpdater2.xml
----------------- Instantiating /home/travis/build/icyphy/ptII/ptolemy/actor/lib/test/auto/RecordUpdater2.xml
2 ms. Memory: 447488K Free: 379140K (85%)
----------------- Invoking toplevel() on ptolemy.moml.MoMLSimpleApplication@2be73f94
----------------- Done invoking toplevel() on ptolemy.moml.MoMLSimpleApplication@2be73f94
reloadAllAccessors: .RecordUpdater2

===========================================================================================
----------------- testing Thu Jul 18 13:42:29 UTC 2019 /home/travis/build/icyphy/ptII/ptolemy/actor/lib/test/auto/RecursiveLattice.xml
----------------- Instantiating /home/travis/build/icyphy/ptII/ptolemy/actor/lib/test/auto/RecursiveLattice.xml
1 ms. Memory: 447488K Free: 375044K (84%)
----------------- Invoking toplevel() on ptolemy.moml.MoMLSimpleApplication@19b3d9b0
----------------- Done invoking toplevel() on ptolemy.moml.MoMLSimpleApplication@19b3d9b0
reloadAllAccessors: .RecursiveLattice

===========================================================================================
----------------- testing Thu Jul 18 13:42:29 UTC 2019 /home/travis/build/icyphy/ptII/ptolemy/actor/lib/test/auto/Router.xml
----------------- Instantiating /home/travis/build/icyphy/ptII/ptolemy/actor/lib/test/auto/Router.xml
3003 ms. Memory: 447488K Free: 364294K (81%)
----------------- Invoking toplevel() on ptolemy.moml.MoMLSimpleApplication@5285e009
----------------- Done invoking toplevel() on ptolemy.moml.MoMLSimpleApplication@5285e009
reloadAllAccessors: .Router

===========================================================================================
----------------- testing Thu Jul 18 13:42:32 UTC 2019 /home/travis/build/icyphy/ptII/ptolemy/actor/lib/test/auto/Router2.xml
----------------- Instantiating /home/travis/build/icyphy/ptII/ptolemy/actor/lib/test/auto/Router2.xml
3004 ms. Memory: 447488K Free: 352516K (79%)
----------------- Invoking toplevel() on ptolemy.moml.MoMLSimpleApplication@2fd9402b
----------------- Done invoking toplevel() on ptolemy.moml.MoMLSimpleApplication@2fd9402b
reloadAllAccessors: .Router2

===========================================================================================
----------------- testing Thu Jul 18 13:42:35 UTC 2019 /home/travis/build/icyphy/ptII/ptolemy/actor/lib/test/auto/RunningMaximum.xml
----------------- Instantiating /home/travis/build/icyphy/ptII/ptolemy/actor/lib/test/auto/RunningMaximum.xml
2 ms. Memory: 447488K Free: 347910K (78%)
----------------- Invoking toplevel() on ptolemy.moml.MoMLSimpleApplication@2e594f35
----------------- Done invoking toplevel() on ptolemy.moml.MoMLSimpleApplication@2e594f35
reloadAllAccessors: .RunningMaximum

===========================================================================================
----------------- testing Thu Jul 18 13:42:35 UTC 2019 /home/travis/build/icyphy/ptII/ptolemy/actor/lib/test/auto/RunningMinimum.xml
----------------- Instantiating /home/travis/build/icyphy/ptII/ptolemy/actor/lib/test/auto/RunningMinimum.xml
1 ms. Memory: 447488K Free: 343300K (77%)
----------------- Invoking toplevel() on ptolemy.moml.MoMLSimpleApplication@126921d1
----------------- Done invoking toplevel() on ptolemy.moml.MoMLSimpleApplication@126921d1
reloadAllAccessors: .RunningMinimum

===========================================================================================
----------------- testing Thu Jul 18 13:42:35 UTC 2019 /home/travis/build/icyphy/ptII/ptolemy/actor/lib/test/auto/Scale.xml
----------------- Instantiating /home/travis/build/icyphy/ptII/ptolemy/actor/lib/test/auto/Scale.xml
1 ms. Memory: 447488K Free: 338180K (76%)
----------------- Invoking toplevel() on ptolemy.moml.MoMLSimpleApplication@5d49990c
----------------- Done invoking toplevel() on ptolemy.moml.MoMLSimpleApplication@5d49990c
reloadAllAccessors: .Scale

===========================================================================================
----------------- testing Thu Jul 18 13:42:35 UTC 2019 /home/travis/build/icyphy/ptII/ptolemy/actor/lib/test/auto/Scale2.xml
----------------- Instantiating /home/travis/build/icyphy/ptII/ptolemy/actor/lib/test/auto/Scale2.xml
2 ms. Memory: 447488K Free: 333574K (75%)
----------------- Invoking toplevel() on ptolemy.moml.MoMLSimpleApplication@5a87840d
----------------- Done invoking toplevel() on ptolemy.moml.MoMLSimpleApplication@5a87840d
reloadAllAccessors: .Scale2

===========================================================================================
----------------- testing Thu Jul 18 13:42:35 UTC 2019 /home/travis/build/icyphy/ptII/ptolemy/actor/lib/test/auto/Scale3.xml
----------------- Instantiating /home/travis/build/icyphy/ptII/ptolemy/actor/lib/test/auto/Scale3.xml
9 ms. Memory: 447488K Free: 327430K (73%)
----------------- Invoking toplevel() on ptolemy.moml.MoMLSimpleApplication@1630e71e
----------------- Done invoking toplevel() on ptolemy.moml.MoMLSimpleApplication@1630e71e
reloadAllAccessors: .Scale3

===========================================================================================
----------------- testing Thu Jul 18 13:42:35 UTC 2019 /home/travis/build/icyphy/ptII/ptolemy/actor/lib/test/auto/ScaleArray.xml
----------------- Instantiating /home/travis/build/icyphy/ptII/ptolemy/actor/lib/test/auto/ScaleArray.xml
3 ms. Memory: 447488K Free: 322820K (72%)
----------------- Invoking toplevel() on ptolemy.moml.MoMLSimpleApplication@122e0323
----------------- Done invoking toplevel() on ptolemy.moml.MoMLSimpleApplication@122e0323
reloadAllAccessors: .ScaleArray

===========================================================================================
----------------- testing Thu Jul 18 13:42:35 UTC 2019 /home/travis/build/icyphy/ptII/ptolemy/actor/lib/test/auto/ScaleArray2.xml
----------------- Instantiating /home/travis/build/icyphy/ptII/ptolemy/actor/lib/test/auto/ScaleArray2.xml
1 ms. Memory: 447488K Free: 317700K (71%)
----------------- Invoking toplevel() on ptolemy.moml.MoMLSimpleApplication@393d63f8
----------------- Done invoking toplevel() on ptolemy.moml.MoMLSimpleApplication@393d63f8
reloadAllAccessors: .ScaleArray2

===========================================================================================
----------------- testing Thu Jul 18 13:42:35 UTC 2019 /home/travis/build/icyphy/ptII/ptolemy/actor/lib/test/auto/ScaleMatrix.xml
----------------- Instantiating /home/travis/build/icyphy/ptII/ptolemy/actor/lib/test/auto/ScaleMatrix.xml
177 ms. Memory: 447488K Free: 303364K (68%)
----------------- Invoking toplevel() on ptolemy.moml.MoMLSimpleApplication@2715378b
----------------- Done invoking toplevel() on ptolemy.moml.MoMLSimpleApplication@2715378b
reloadAllAccessors: .ScaleMatrix

===========================================================================================
----------------- testing Thu Jul 18 13:42:36 UTC 2019 /home/travis/build/icyphy/ptII/ptolemy/actor/lib/test/auto/Select.xml
----------------- Instantiating /home/travis/build/icyphy/ptII/ptolemy/actor/lib/test/auto/Select.xml
4 ms. Memory: 447488K Free: 297190K (66%)
----------------- Invoking toplevel() on ptolemy.moml.MoMLSimpleApplication@2c8d8a4c
----------------- Done invoking toplevel() on ptolemy.moml.MoMLSimpleApplication@2c8d8a4c
reloadAllAccessors: .Select

===========================================================================================
----------------- testing Thu Jul 18 13:42:36 UTC 2019 /home/travis/build/icyphy/ptII/ptolemy/actor/lib/test/auto/Select2.xml
----------------- Instantiating /home/travis/build/icyphy/ptII/ptolemy/actor/lib/test/auto/Select2.xml
1 ms. Memory: 447488K Free: 292100K (65%)
----------------- Invoking toplevel() on ptolemy.moml.MoMLSimpleApplication@675538ad
----------------- Done invoking toplevel() on ptolemy.moml.MoMLSimpleApplication@675538ad
reloadAllAccessors: .Select2

===========================================================================================
----------------- testing Thu Jul 18 13:42:36 UTC 2019 /home/travis/build/icyphy/ptII/ptolemy/actor/lib/test/auto/SequenceToArray2.xml
----------------- Instantiating /home/travis/build/icyphy/ptII/ptolemy/actor/lib/test/auto/SequenceToArray2.xml
108 ms. Memory: 447488K Free: 268038K (60%)
----------------- Invoking toplevel() on ptolemy.moml.MoMLSimpleApplication@3303edd7
----------------- Done invoking toplevel() on ptolemy.moml.MoMLSimpleApplication@3303edd7
reloadAllAccessors: .SequenceToArray2

===========================================================================================
----------------- testing Thu Jul 18 13:42:36 UTC 2019 /home/travis/build/icyphy/ptII/ptolemy/actor/lib/test/auto/SequentialClock.xml
----------------- Instantiating /home/travis/build/icyphy/ptII/ptolemy/actor/lib/test/auto/SequentialClock.xml
2 ms. Memory: 447488K Free: 263942K (59%)
----------------- Invoking toplevel() on ptolemy.moml.MoMLSimpleApplication@464f15f6
----------------- Done invoking toplevel() on ptolemy.moml.MoMLSimpleApplication@464f15f6
reloadAllAccessors: .SequentialClock

===========================================================================================
----------------- testing Thu Jul 18 13:42:36 UTC 2019 /home/travis/build/icyphy/ptII/ptolemy/actor/lib/test/auto/SetVariable.xml
----------------- Instantiating /home/travis/build/icyphy/ptII/ptolemy/actor/lib/test/auto/SetVariable.xml
3 ms. Memory: 447488K Free: 259332K (58%)
----------------- Invoking toplevel() on ptolemy.moml.MoMLSimpleApplication@67a8e371
----------------- Done invoking toplevel() on ptolemy.moml.MoMLSimpleApplication@67a8e371
reloadAllAccessors: .SetVariable

===========================================================================================
----------------- testing Thu Jul 18 13:42:36 UTC 2019 /home/travis/build/icyphy/ptII/ptolemy/actor/lib/test/auto/SetVariable2.xml
----------------- Instantiating /home/travis/build/icyphy/ptII/ptolemy/actor/lib/test/auto/SetVariable2.xml
4 ms. Memory: 447488K Free: 254212K (57%)
----------------- Invoking toplevel() on ptolemy.moml.MoMLSimpleApplication@44767b31
----------------- Done invoking toplevel() on ptolemy.moml.MoMLSimpleApplication@44767b31
reloadAllAccessors: .SetVariable2

===========================================================================================
----------------- testing Thu Jul 18 13:42:36 UTC 2019 /home/travis/build/icyphy/ptII/ptolemy/actor/lib/test/auto/SetVariable3.xml
----------------- Instantiating /home/travis/build/icyphy/ptII/ptolemy/actor/lib/test/auto/SetVariable3.xml
10 ms. Memory: 447488K Free: 248582K (56%)
----------------- Invoking toplevel() on ptolemy.moml.MoMLSimpleApplication@5a65f8f2
----------------- Done invoking toplevel() on ptolemy.moml.MoMLSimpleApplication@5a65f8f2
reloadAllAccessors: .SetVariable3

===========================================================================================
----------------- testing Thu Jul 18 13:42:36 UTC 2019 /home/travis/build/icyphy/ptII/ptolemy/actor/lib/test/auto/SetVariable4.xml
----------------- Instantiating /home/travis/build/icyphy/ptII/ptolemy/actor/lib/test/auto/SetVariable4.xml
18 ms. Memory: 447488K Free: 238852K (53%)
----------------- Invoking toplevel() on ptolemy.moml.MoMLSimpleApplication@73e2077d
----------------- Done invoking toplevel() on ptolemy.moml.MoMLSimpleApplication@73e2077d
reloadAllAccessors: .SetVariable4

===========================================================================================
----------------- testing Thu Jul 18 13:42:36 UTC 2019 /home/travis/build/icyphy/ptII/ptolemy/actor/lib/test/auto/SetVariable5.xml
----------------- Instantiating /home/travis/build/icyphy/ptII/ptolemy/actor/lib/test/auto/SetVariable5.xml
14 ms. Memory: 447488K Free: 229126K (51%)
----------------- Invoking toplevel() on ptolemy.moml.MoMLSimpleApplication@222c82b1
----------------- Done invoking toplevel() on ptolemy.moml.MoMLSimpleApplication@222c82b1
reloadAllAccessors: .SetVariable5

===========================================================================================
----------------- testing Thu Jul 18 13:42:36 UTC 2019 /home/travis/build/icyphy/ptII/ptolemy/actor/lib/test/auto/Sinewave.xml
----------------- Instantiating /home/travis/build/icyphy/ptII/ptolemy/actor/lib/test/auto/Sinewave.xml
8 ms. Memory: 447488K Free: 218372K (49%)
----------------- Invoking toplevel() on ptolemy.moml.MoMLSimpleApplication@151e0b38
----------------- Done invoking toplevel() on ptolemy.moml.MoMLSimpleApplication@151e0b38
reloadAllAccessors: .Sinewave

===========================================================================================
----------------- testing Thu Jul 18 13:42:36 UTC 2019 /home/travis/build/icyphy/ptII/ptolemy/actor/lib/test/auto/Sinewave2.xml
----------------- Instantiating /home/travis/build/icyphy/ptII/ptolemy/actor/lib/test/auto/Sinewave2.xml
13 ms. Memory: 447488K Free: 210166K (47%)
----------------- Invoking toplevel() on ptolemy.moml.MoMLSimpleApplication@71c142d9
----------------- Done invoking toplevel() on ptolemy.moml.MoMLSimpleApplication@71c142d9
reloadAllAccessors: .Sinewave2

===========================================================================================
----------------- testing Thu Jul 18 13:42:36 UTC 2019 /home/travis/build/icyphy/ptII/ptolemy/actor/lib/test/auto/Sinewave3.xml
----------------- Instantiating /home/travis/build/icyphy/ptII/ptolemy/actor/lib/test/auto/Sinewave3.xml
10 ms. Memory: 447488K Free: 201478K (45%)
----------------- Invoking toplevel() on ptolemy.moml.MoMLSimpleApplication@2ad32d84
----------------- Done invoking toplevel() on ptolemy.moml.MoMLSimpleApplication@2ad32d84
reloadAllAccessors: .Sinewave3

===========================================================================================
----------------- testing Thu Jul 18 13:42:36 UTC 2019 /home/travis/build/icyphy/ptII/ptolemy/actor/lib/test/auto/SingleEvent.xml
----------------- Instantiating /home/travis/build/icyphy/ptII/ptolemy/actor/lib/test/auto/SingleEvent.xml
1 ms. Memory: 447488K Free: 197382K (44%)
----------------- Invoking toplevel() on ptolemy.moml.MoMLSimpleApplication@59d9993f
----------------- Done invoking toplevel() on ptolemy.moml.MoMLSimpleApplication@59d9993f
reloadAllAccessors: .SingleEvent

===========================================================================================
----------------- testing Thu Jul 18 13:42:36 UTC 2019 /home/travis/build/icyphy/ptII/ptolemy/actor/lib/test/auto/Sleep.xml
----------------- Instantiating /home/travis/build/icyphy/ptII/ptolemy/actor/lib/test/auto/Sleep.xml
6004 ms. Memory: 447488K Free: 191718K (43%)
----------------- Invoking toplevel() on ptolemy.moml.MoMLSimpleApplication@5c60f9f4
----------------- Done invoking toplevel() on ptolemy.moml.MoMLSimpleApplication@5c60f9f4
reloadAllAccessors: .Sleep

===========================================================================================
----------------- testing Thu Jul 18 13:42:42 UTC 2019 /home/travis/build/icyphy/ptII/ptolemy/actor/lib/test/auto/SleepMultipleFire.xml
----------------- Instantiating /home/travis/build/icyphy/ptII/ptolemy/actor/lib/test/auto/SleepMultipleFire.xml
1005 ms. Memory: 447488K Free: 185604K (41%)
----------------- Invoking toplevel() on ptolemy.moml.MoMLSimpleApplication@1ef5a98b
----------------- Done invoking toplevel() on ptolemy.moml.MoMLSimpleApplication@1ef5a98b
reloadAllAccessors: .SleepMultipleFire

===========================================================================================
----------------- testing Thu Jul 18 13:42:43 UTC 2019 /home/travis/build/icyphy/ptII/ptolemy/actor/lib/test/auto/StopDE.xml
----------------- Instantiating /home/travis/build/icyphy/ptII/ptolemy/actor/lib/test/auto/StopDE.xml
3 ms. Memory: 447488K Free: 179974K (40%)
----------------- Invoking toplevel() on ptolemy.moml.MoMLSimpleApplication@4f0a20b6
----------------- Done invoking toplevel() on ptolemy.moml.MoMLSimpleApplication@4f0a20b6
reloadAllAccessors: .StopDE

===========================================================================================
----------------- testing Thu Jul 18 13:42:43 UTC 2019 /home/travis/build/icyphy/ptII/ptolemy/actor/lib/test/auto/StopSDF.xml
----------------- Instantiating /home/travis/build/icyphy/ptII/ptolemy/actor/lib/test/auto/StopSDF.xml
2 ms. Memory: 447488K Free: 174854K (39%)
----------------- Invoking toplevel() on ptolemy.moml.MoMLSimpleApplication@64aaa48a
----------------- Done invoking toplevel() on ptolemy.moml.MoMLSimpleApplication@64aaa48a
reloadAllAccessors: .StopSDF

===========================================================================================
----------------- testing Thu Jul 18 13:42:43 UTC 2019 /home/travis/build/icyphy/ptII/ptolemy/actor/lib/test/auto/StringConstant.xml
----------------- Instantiating /home/travis/build/icyphy/ptII/ptolemy/actor/lib/test/auto/StringConstant.xml
8 ms. Memory: 447488K Free: 170758K (38%)
----------------- Invoking toplevel() on ptolemy.moml.MoMLSimpleApplication@6dc2d768
----------------- Done invoking toplevel() on ptolemy.moml.MoMLSimpleApplication@6dc2d768
reloadAllAccessors: .StringConstant

===========================================================================================
----------------- testing Thu Jul 18 13:42:43 UTC 2019 /home/travis/build/icyphy/ptII/ptolemy/actor/lib/test/auto/SubscriberPortInitialValues1.xml
----------------- Instantiating /home/travis/build/icyphy/ptII/ptolemy/actor/lib/test/auto/SubscriberPortInitialValues1.xml
9 ms. Memory: 447488K Free: 161542K (36%)
----------------- Invoking toplevel() on ptolemy.moml.MoMLSimpleApplication@2f1eadc7
----------------- Done invoking toplevel() on ptolemy.moml.MoMLSimpleApplication@2f1eadc7
reloadAllAccessors: .SubscriberPortInitialValues1

===========================================================================================
----------------- testing Thu Jul 18 13:42:43 UTC 2019 /home/travis/build/icyphy/ptII/ptolemy/actor/lib/test/auto/SubscriberPortInitialValues13.xml
----------------- Instantiating /home/travis/build/icyphy/ptII/ptolemy/actor/lib/test/auto/SubscriberPortInitialValues13.xml
6 ms. Memory: 447488K Free: 148740K (33%)
----------------- Invoking toplevel() on ptolemy.moml.MoMLSimpleApplication@3a2b32bf
----------------- Done invoking toplevel() on ptolemy.moml.MoMLSimpleApplication@3a2b32bf
reloadAllAccessors: .SubscriberPortInitialValues13

===========================================================================================
----------------- testing Thu Jul 18 13:42:43 UTC 2019 /home/travis/build/icyphy/ptII/ptolemy/actor/lib/test/auto/SubscriberPortInitialValues14.xml
----------------- Instantiating /home/travis/build/icyphy/ptII/ptolemy/actor/lib/test/auto/SubscriberPortInitialValues14.xml
4 ms. Memory: 447488K Free: 141060K (32%)
----------------- Invoking toplevel() on ptolemy.moml.MoMLSimpleApplication@53f5876b
----------------- Done invoking toplevel() on ptolemy.moml.MoMLSimpleApplication@53f5876b
reloadAllAccessors: .SubscriberPortInitialValues14

===========================================================================================
----------------- testing Thu Jul 18 13:42:43 UTC 2019 /home/travis/build/icyphy/ptII/ptolemy/actor/lib/test/auto/SubscriberPortInitialValues2.xml
----------------- Instantiating /home/travis/build/icyphy/ptII/ptolemy/actor/lib/test/auto/SubscriberPortInitialValues2.xml
13 ms. Memory: 447488K Free: 397882K (89%)
----------------- Invoking toplevel() on ptolemy.moml.MoMLSimpleApplication@6d673270
----------------- Done invoking toplevel() on ptolemy.moml.MoMLSimpleApplication@6d673270
reloadAllAccessors: .SubscriberPortInitialValues2

===========================================================================================
----------------- testing Thu Jul 18 13:42:43 UTC 2019 /home/travis/build/icyphy/ptII/ptolemy/actor/lib/test/auto/SubscriberPortInitialValues3.xml
----------------- Instantiating /home/travis/build/icyphy/ptII/ptolemy/actor/lib/test/auto/SubscriberPortInitialValues3.xml
4 ms. Memory: 447488K Free: 386104K (86%)
----------------- Invoking toplevel() on ptolemy.moml.MoMLSimpleApplication@5eef51ff
----------------- Done invoking toplevel() on ptolemy.moml.MoMLSimpleApplication@5eef51ff
reloadAllAccessors: .SubscriberPortInitialValues3

===========================================================================================
----------------- testing Thu Jul 18 13:42:43 UTC 2019 /home/travis/build/icyphy/ptII/ptolemy/actor/lib/test/auto/SubscriptionAggregator.xml
----------------- Instantiating /home/travis/build/icyphy/ptII/ptolemy/actor/lib/test/auto/SubscriptionAggregator.xml
3 ms. Memory: 447488K Free: 379450K (85%)
----------------- Invoking toplevel() on ptolemy.moml.MoMLSimpleApplication@6fd643d8
----------------- Done invoking toplevel() on ptolemy.moml.MoMLSimpleApplication@6fd643d8
reloadAllAccessors: .SubscriptionAggregator

===========================================================================================
----------------- testing Thu Jul 18 13:42:43 UTC 2019 /home/travis/build/icyphy/ptII/ptolemy/actor/lib/test/auto/SubscriptionAggregator2.xml
----------------- Instantiating /home/travis/build/icyphy/ptII/ptolemy/actor/lib/test/auto/SubscriptionAggregator2.xml
2 ms. Memory: 447488K Free: 372282K (83%)
----------------- Invoking toplevel() on ptolemy.moml.MoMLSimpleApplication@45c5da1a
----------------- Done invoking toplevel() on ptolemy.moml.MoMLSimpleApplication@45c5da1a
reloadAllAccessors: .SubscriptionAggregator2

===========================================================================================
----------------- testing Thu Jul 18 13:42:43 UTC 2019 /home/travis/build/icyphy/ptII/ptolemy/actor/lib/test/auto/SubscriptionAggregator3.xml
----------------- Instantiating /home/travis/build/icyphy/ptII/ptolemy/actor/lib/test/auto/SubscriptionAggregator3.xml
4 ms. Memory: 447488K Free: 363570K (81%)
----------------- Invoking toplevel() on ptolemy.moml.MoMLSimpleApplication@1f00d008
----------------- Done invoking toplevel() on ptolemy.moml.MoMLSimpleApplication@1f00d008
reloadAllAccessors: .SubscriptionAggregator3

===========================================================================================
----------------- testing Thu Jul 18 13:42:43 UTC 2019 /home/travis/build/icyphy/ptII/ptolemy/actor/lib/test/auto/SubscriptionAggregatorMultiply.xml
----------------- Instantiating /home/travis/build/icyphy/ptII/ptolemy/actor/lib/test/auto/SubscriptionAggregatorMultiply.xml
16 ms. Memory: 447488K Free: 354874K (79%)
----------------- Invoking toplevel() on ptolemy.moml.MoMLSimpleApplication@433b5717
----------------- Done invoking toplevel() on ptolemy.moml.MoMLSimpleApplication@433b5717
reloadAllAccessors: .SubscriptionAggregatorMultiply

===========================================================================================
----------------- testing Thu Jul 18 13:42:43 UTC 2019 /home/travis/build/icyphy/ptII/ptolemy/actor/lib/test/auto/SubscriptionAggregatorPortMultiply1.xml
----------------- Instantiating /home/travis/build/icyphy/ptII/ptolemy/actor/lib/test/auto/SubscriptionAggregatorPortMultiply1.xml
3 ms. Memory: 447488K Free: 346682K (77%)
----------------- Invoking toplevel() on ptolemy.moml.MoMLSimpleApplication@1a6fcadc
----------------- Done invoking toplevel() on ptolemy.moml.MoMLSimpleApplication@1a6fcadc
reloadAllAccessors: .SubscriptionAggregatorPortMultiply1

===========================================================================================
----------------- testing Thu Jul 18 13:42:43 UTC 2019 /home/travis/build/icyphy/ptII/ptolemy/actor/lib/test/auto/Switch.xml
----------------- Instantiating /home/travis/build/icyphy/ptII/ptolemy/actor/lib/test/auto/Switch.xml
10 ms. Memory: 447488K Free: 337976K (76%)
----------------- Invoking toplevel() on ptolemy.moml.MoMLSimpleApplication@7e29c781
----------------- Done invoking toplevel() on ptolemy.moml.MoMLSimpleApplication@7e29c781
reloadAllAccessors: .Switch

===========================================================================================
----------------- testing Thu Jul 18 13:42:43 UTC 2019 /home/travis/build/icyphy/ptII/ptolemy/actor/lib/test/auto/Switch2.xml
----------------- Instantiating /home/travis/build/icyphy/ptII/ptolemy/actor/lib/test/auto/Switch2.xml
2 ms. Memory: 447488K Free: 333370K (74%)
----------------- Invoking toplevel() on ptolemy.moml.MoMLSimpleApplication@14e5d2fd
----------------- Done invoking toplevel() on ptolemy.moml.MoMLSimpleApplication@14e5d2fd
reloadAllAccessors: .Switch2

===========================================================================================
----------------- testing Thu Jul 18 13:42:44 UTC 2019 /home/travis/build/icyphy/ptII/ptolemy/actor/lib/test/auto/SwitchDE.xml
----------------- Instantiating /home/travis/build/icyphy/ptII/ptolemy/actor/lib/test/auto/SwitchDE.xml
3 ms. Memory: 447488K Free: 327226K (73%)
----------------- Invoking toplevel() on ptolemy.moml.MoMLSimpleApplication@3ab02100
----------------- Done invoking toplevel() on ptolemy.moml.MoMLSimpleApplication@3ab02100
reloadAllAccessors: .SwitchDE

===========================================================================================
----------------- testing Thu Jul 18 13:42:44 UTC 2019 /home/travis/build/icyphy/ptII/ptolemy/actor/lib/test/auto/SynchronizerDE.xml
----------------- Instantiating /home/travis/build/icyphy/ptII/ptolemy/actor/lib/test/auto/SynchronizerDE.xml
8 ms. Memory: 447488K Free: 319034K (71%)
----------------- Invoking toplevel() on ptolemy.moml.MoMLSimpleApplication@71abc3a6
----------------- Done invoking toplevel() on ptolemy.moml.MoMLSimpleApplication@71abc3a6
reloadAllAccessors: .SynchronizerDE

===========================================================================================
----------------- testing Thu Jul 18 13:42:44 UTC 2019 /home/travis/build/icyphy/ptII/ptolemy/actor/lib/test/auto/Test.xml
----------------- Instantiating /home/travis/build/icyphy/ptII/ptolemy/actor/lib/test/auto/Test.xml
2 ms. Memory: 447488K Free: 313914K (70%)
----------------- Invoking toplevel() on ptolemy.moml.MoMLSimpleApplication@6b044efd
----------------- Done invoking toplevel() on ptolemy.moml.MoMLSimpleApplication@6b044efd
reloadAllAccessors: .Test

===========================================================================================
----------------- testing Thu Jul 18 13:42:44 UTC 2019 /home/travis/build/icyphy/ptII/ptolemy/actor/lib/test/auto/TestExceptionAttribute1.xml
----------------- Instantiating /home/travis/build/icyphy/ptII/ptolemy/actor/lib/test/auto/TestExceptionAttribute1.xml
1 ms. Memory: 447488K Free: 309818K (69%)
----------------- Invoking toplevel() on ptolemy.moml.MoMLSimpleApplication@487aea65
----------------- Done invoking toplevel() on ptolemy.moml.MoMLSimpleApplication@487aea65
reloadAllAccessors: .TestExceptionAttribute1

===========================================================================================
----------------- testing Thu Jul 18 13:42:44 UTC 2019 /home/travis/build/icyphy/ptII/ptolemy/actor/lib/test/auto/TestExceptionAttribute2.xml
----------------- Instantiating /home/travis/build/icyphy/ptII/ptolemy/actor/lib/test/auto/TestExceptionAttribute2.xml
1 ms. Memory: 447488K Free: 306232K (68%)
----------------- Invoking toplevel() on ptolemy.moml.MoMLSimpleApplication@de7627
----------------- Done invoking toplevel() on ptolemy.moml.MoMLSimpleApplication@de7627
reloadAllAccessors: .TestExceptionAttribute2

===========================================================================================
----------------- testing Thu Jul 18 13:42:44 UTC 2019 /home/travis/build/icyphy/ptII/ptolemy/actor/lib/test/auto/TestExceptionAttribute3.xml
----------------- Instantiating /home/travis/build/icyphy/ptII/ptolemy/actor/lib/test/auto/TestExceptionAttribute3.xml
.TestExceptionAttribute3.TestExceptionAttribute: initialize() was not invoked, but wrapup() was.  This is unusual, but not always a problem.  For example, exporting JNLP will do this.
1 ms. Memory: 447488K Free: 302650K (68%)
----------------- Invoking toplevel() on ptolemy.moml.MoMLSimpleApplication@5f2a4849
----------------- Done invoking toplevel() on ptolemy.moml.MoMLSimpleApplication@5f2a4849
reloadAllAccessors: .TestExceptionAttribute3

===========================================================================================
----------------- testing Thu Jul 18 13:42:44 UTC 2019 /home/travis/build/icyphy/ptII/ptolemy/actor/lib/test/auto/TestExceptionAttribute4.xml
----------------- Instantiating /home/travis/build/icyphy/ptII/ptolemy/actor/lib/test/auto/TestExceptionAttribute4.xml
.TestExceptionAttribute4.TestExceptionAttribute: initialize() was not invoked, but wrapup() was.  This is unusual, but not always a problem.  For example, exporting JNLP will do this.
.TestExceptionAttribute4.TestExceptionAttribute2: initialize() was not invoked, but wrapup() was.  This is unusual, but not always a problem.  For example, exporting JNLP will do this.
1 ms. Memory: 447488K Free: 298554K (67%)
----------------- Invoking toplevel() on ptolemy.moml.MoMLSimpleApplication@11a6e142
----------------- Done invoking toplevel() on ptolemy.moml.MoMLSimpleApplication@11a6e142
reloadAllAccessors: .TestExceptionAttribute4

===========================================================================================
----------------- testing Thu Jul 18 13:42:44 UTC 2019 /home/travis/build/icyphy/ptII/ptolemy/actor/lib/test/auto/TestExceptionHandler1.xml
----------------- Instantiating /home/travis/build/icyphy/ptII/ptolemy/actor/lib/test/auto/TestExceptionHandler1.xml
1 ms. Memory: 447488K Free: 294458K (66%)
----------------- Invoking toplevel() on ptolemy.moml.MoMLSimpleApplication@5c0de709
----------------- Done invoking toplevel() on ptolemy.moml.MoMLSimpleApplication@5c0de709
reloadAllAccessors: .TestExceptionHandler1

===========================================================================================
----------------- testing Thu Jul 18 13:42:44 UTC 2019 /home/travis/build/icyphy/ptII/ptolemy/actor/lib/test/auto/TestExceptionHandler2.xml
----------------- Instantiating /home/travis/build/icyphy/ptII/ptolemy/actor/lib/test/auto/TestExceptionHandler2.xml
2 ms. Memory: 447488K Free: 290872K (65%)
----------------- Invoking toplevel() on ptolemy.moml.MoMLSimpleApplication@493301c6
----------------- Done invoking toplevel() on ptolemy.moml.MoMLSimpleApplication@493301c6
reloadAllAccessors: .TestExceptionHandler2

===========================================================================================
----------------- testing Thu Jul 18 13:42:44 UTC 2019 /home/travis/build/icyphy/ptII/ptolemy/actor/lib/test/auto/TestExceptionHandler3.xml
----------------- Instantiating /home/travis/build/icyphy/ptII/ptolemy/actor/lib/test/auto/TestExceptionHandler3.xml
1 ms. Memory: 447488K Free: 287290K (64%)
----------------- Invoking toplevel() on ptolemy.moml.MoMLSimpleApplication@4c292bda
----------------- Done invoking toplevel() on ptolemy.moml.MoMLSimpleApplication@4c292bda
reloadAllAccessors: .TestExceptionHandler3

===========================================================================================
----------------- testing Thu Jul 18 13:42:44 UTC 2019 /home/travis/build/icyphy/ptII/ptolemy/actor/lib/test/auto/TestExceptionHandler4.xml
----------------- Instantiating /home/travis/build/icyphy/ptII/ptolemy/actor/lib/test/auto/TestExceptionHandler4.xml
1 ms. Memory: 447488K Free: 283194K (63%)
----------------- Invoking toplevel() on ptolemy.moml.MoMLSimpleApplication@5a0a7160
----------------- Done invoking toplevel() on ptolemy.moml.MoMLSimpleApplication@5a0a7160
reloadAllAccessors: .TestExceptionHandler4

===========================================================================================
----------------- testing Thu Jul 18 13:42:44 UTC 2019 /home/travis/build/icyphy/ptII/ptolemy/actor/lib/test/auto/TestRequireCorrectOrder.xml
----------------- Instantiating /home/travis/build/icyphy/ptII/ptolemy/actor/lib/test/auto/TestRequireCorrectOrder.xml
9 ms. Memory: 447488K Free: 277554K (62%)
----------------- Invoking toplevel() on ptolemy.moml.MoMLSimpleApplication@36f838d6
----------------- Done invoking toplevel() on ptolemy.moml.MoMLSimpleApplication@36f838d6
reloadAllAccessors: .TestRequireCorrectOrder

===========================================================================================
----------------- testing Thu Jul 18 13:42:44 UTC 2019 /home/travis/build/icyphy/ptII/ptolemy/actor/lib/test/auto/TestSimple.xml
----------------- Instantiating /home/travis/build/icyphy/ptII/ptolemy/actor/lib/test/auto/TestSimple.xml
2 ms. Memory: 447488K Free: 273464K (61%)
----------------- Invoking toplevel() on ptolemy.moml.MoMLSimpleApplication@3f511c8f
----------------- Done invoking toplevel() on ptolemy.moml.MoMLSimpleApplication@3f511c8f
reloadAllAccessors: .TestSimple

===========================================================================================
----------------- testing Thu Jul 18 13:42:44 UTC 2019 /home/travis/build/icyphy/ptII/ptolemy/actor/lib/test/auto/ThrowModelError.xml
----------------- Instantiating /home/travis/build/icyphy/ptII/ptolemy/actor/lib/test/auto/ThrowModelError.xml
1 ms. Memory: 447488K Free: 268858K (60%)
----------------- Invoking toplevel() on ptolemy.moml.MoMLSimpleApplication@7609275c
----------------- Done invoking toplevel() on ptolemy.moml.MoMLSimpleApplication@7609275c
reloadAllAccessors: .ThrowModelError

===========================================================================================
----------------- testing Thu Jul 18 13:42:44 UTC 2019 /home/travis/build/icyphy/ptII/ptolemy/actor/lib/test/auto/TimeDelayMicrosteps.xml
----------------- Instantiating /home/travis/build/icyphy/ptII/ptolemy/actor/lib/test/auto/TimeDelayMicrosteps.xml
3 ms. Memory: 447488K Free: 262186K (59%)
----------------- Invoking toplevel() on ptolemy.moml.MoMLSimpleApplication@38e487ee
----------------- Done invoking toplevel() on ptolemy.moml.MoMLSimpleApplication@38e487ee
reloadAllAccessors: .TimeDelayMicrosteps

===========================================================================================
----------------- testing Thu Jul 18 13:42:44 UTC 2019 /home/travis/build/icyphy/ptII/ptolemy/actor/lib/test/auto/TimeDelayMicrosteps2.xml
----------------- Instantiating /home/travis/build/icyphy/ptII/ptolemy/actor/lib/test/auto/TimeDelayMicrosteps2.xml
3 ms. Memory: 447488K Free: 254522K (57%)
----------------- Invoking toplevel() on ptolemy.moml.MoMLSimpleApplication@648d2e7
----------------- Done invoking toplevel() on ptolemy.moml.MoMLSimpleApplication@648d2e7
reloadAllAccessors: .TimeDelayMicrosteps2

===========================================================================================
----------------- testing Thu Jul 18 13:42:44 UTC 2019 /home/travis/build/icyphy/ptII/ptolemy/actor/lib/test/auto/TimeDelayMicrosteps3.xml
----------------- Instantiating /home/travis/build/icyphy/ptII/ptolemy/actor/lib/test/auto/TimeDelayMicrosteps3.xml
2 ms. Memory: 447488K Free: 247834K (55%)
----------------- Invoking toplevel() on ptolemy.moml.MoMLSimpleApplication@45990889
----------------- Done invoking toplevel() on ptolemy.moml.MoMLSimpleApplication@45990889
reloadAllAccessors: .TimeDelayMicrosteps3

===========================================================================================
----------------- testing Thu Jul 18 13:42:44 UTC 2019 /home/travis/build/icyphy/ptII/ptolemy/actor/lib/test/auto/TimeDelayVariableMicrosteps.xml
----------------- Instantiating /home/travis/build/icyphy/ptII/ptolemy/actor/lib/test/auto/TimeDelayVariableMicrosteps.xml
3 ms. Memory: 447488K Free: 241717K (54%)
----------------- Invoking toplevel() on ptolemy.moml.MoMLSimpleApplication@62d23b4c
----------------- Done invoking toplevel() on ptolemy.moml.MoMLSimpleApplication@62d23b4c
reloadAllAccessors: .TimeDelayVariableMicrosteps

===========================================================================================
----------------- testing Thu Jul 18 13:42:44 UTC 2019 /home/travis/build/icyphy/ptII/ptolemy/actor/lib/test/auto/TimeGap.xml
----------------- Instantiating /home/travis/build/icyphy/ptII/ptolemy/actor/lib/test/auto/TimeGap.xml
4 ms. Memory: 447488K Free: 236090K (53%)
----------------- Invoking toplevel() on ptolemy.moml.MoMLSimpleApplication@4ba00a41
----------------- Done invoking toplevel() on ptolemy.moml.MoMLSimpleApplication@4ba00a41
reloadAllAccessors: .TimeGap

===========================================================================================
----------------- testing Thu Jul 18 13:42:44 UTC 2019 /home/travis/build/icyphy/ptII/ptolemy/actor/lib/test/auto/TimeGap2.xml
----------------- Instantiating /home/travis/build/icyphy/ptII/ptolemy/actor/lib/test/auto/TimeGap2.xml
2 ms. Memory: 447488K Free: 230426K (51%)
----------------- Invoking toplevel() on ptolemy.moml.MoMLSimpleApplication@5ddf8e17
----------------- Done invoking toplevel() on ptolemy.moml.MoMLSimpleApplication@5ddf8e17
reloadAllAccessors: .TimeGap2

===========================================================================================
----------------- testing Thu Jul 18 13:42:44 UTC 2019 /home/travis/build/icyphy/ptII/ptolemy/actor/lib/test/auto/TimedSinewave.xml
----------------- Instantiating /home/travis/build/icyphy/ptII/ptolemy/actor/lib/test/auto/TimedSinewave.xml
24 ms. Memory: 447488K Free: 216634K (48%)
----------------- Invoking toplevel() on ptolemy.moml.MoMLSimpleApplication@2356f6ad
----------------- Done invoking toplevel() on ptolemy.moml.MoMLSimpleApplication@2356f6ad
reloadAllAccessors: .TimedSinewave

===========================================================================================
----------------- testing Thu Jul 18 13:42:44 UTC 2019 /home/travis/build/icyphy/ptII/ptolemy/actor/lib/test/auto/TimedSinewavePhase.xml
----------------- Instantiating /home/travis/build/icyphy/ptII/ptolemy/actor/lib/test/auto/TimedSinewavePhase.xml
11 ms. Memory: 447488K Free: 206904K (46%)
----------------- Invoking toplevel() on ptolemy.moml.MoMLSimpleApplication@319373a1
----------------- Done invoking toplevel() on ptolemy.moml.MoMLSimpleApplication@319373a1
reloadAllAccessors: .TimedSinewavePhase

===========================================================================================
----------------- testing Thu Jul 18 13:42:44 UTC 2019 /home/travis/build/icyphy/ptII/ptolemy/actor/lib/test/auto/Timer.xml
----------------- Instantiating /home/travis/build/icyphy/ptII/ptolemy/actor/lib/test/auto/Timer.xml
2 ms. Memory: 447488K Free: 200754K (45%)
----------------- Invoking toplevel() on ptolemy.moml.MoMLSimpleApplication@6d0cc6d4
----------------- Done invoking toplevel() on ptolemy.moml.MoMLSimpleApplication@6d0cc6d4
reloadAllAccessors: .Timer

===========================================================================================
----------------- testing Thu Jul 18 13:42:44 UTC 2019 /home/travis/build/icyphy/ptII/ptolemy/actor/lib/test/auto/TriangularDistTestModel.xml
----------------- Instantiating /home/travis/build/icyphy/ptII/ptolemy/actor/lib/test/auto/TriangularDistTestModel.xml
2 ms. Memory: 447488K Free: 195130K (44%)
----------------- Invoking toplevel() on ptolemy.moml.MoMLSimpleApplication@52077980
----------------- Done invoking toplevel() on ptolemy.moml.MoMLSimpleApplication@52077980
reloadAllAccessors: .TriangularDistTestModel

===========================================================================================
----------------- testing Thu Jul 18 13:42:44 UTC 2019 /home/travis/build/icyphy/ptII/ptolemy/actor/lib/test/auto/TrigFunction.xml
----------------- Instantiating /home/travis/build/icyphy/ptII/ptolemy/actor/lib/test/auto/TrigFunction.xml
2 ms. Memory: 447488K Free: 190520K (43%)
----------------- Invoking toplevel() on ptolemy.moml.MoMLSimpleApplication@155b0180
----------------- Done invoking toplevel() on ptolemy.moml.MoMLSimpleApplication@155b0180
reloadAllAccessors: .TrigFunction

===========================================================================================
----------------- testing Thu Jul 18 13:42:44 UTC 2019 /home/travis/build/icyphy/ptII/ptolemy/actor/lib/test/auto/TrigFunctionDE.xml
----------------- Instantiating /home/travis/build/icyphy/ptII/ptolemy/actor/lib/test/auto/TrigFunctionDE.xml
2 ms. Memory: 447488K Free: 184376K (41%)
----------------- Invoking toplevel() on ptolemy.moml.MoMLSimpleApplication@5eaec19a
----------------- Done invoking toplevel() on ptolemy.moml.MoMLSimpleApplication@5eaec19a
reloadAllAccessors: .TrigFunctionDE

===========================================================================================
----------------- testing Thu Jul 18 13:42:44 UTC 2019 /home/travis/build/icyphy/ptII/ptolemy/actor/lib/test/auto/TrigFunctionInverse.xml
----------------- Instantiating /home/travis/build/icyphy/ptII/ptolemy/actor/lib/test/auto/TrigFunctionInverse.xml
2 ms. Memory: 447488K Free: 179256K (40%)
----------------- Invoking toplevel() on ptolemy.moml.MoMLSimpleApplication@371eb7bd
----------------- Done invoking toplevel() on ptolemy.moml.MoMLSimpleApplication@371eb7bd
reloadAllAccessors: .TrigFunctionInverse

===========================================================================================
----------------- testing Thu Jul 18 13:42:44 UTC 2019 /home/travis/build/icyphy/ptII/ptolemy/actor/lib/test/auto/TrigFunctionTan.xml
----------------- Instantiating /home/travis/build/icyphy/ptII/ptolemy/actor/lib/test/auto/TrigFunctionTan.xml
2 ms. Memory: 447488K Free: 174650K (39%)
----------------- Invoking toplevel() on ptolemy.moml.MoMLSimpleApplication@24d8e041
----------------- Done invoking toplevel() on ptolemy.moml.MoMLSimpleApplication@24d8e041
reloadAllAccessors: .TrigFunctionTan

===========================================================================================
----------------- testing Thu Jul 18 13:42:44 UTC 2019 /home/travis/build/icyphy/ptII/ptolemy/actor/lib/test/auto/TriggeredClock.xml
----------------- Instantiating /home/travis/build/icyphy/ptII/ptolemy/actor/lib/test/auto/TriggeredClock.xml
1 ms. Memory: 447488K Free: 170024K (38%)
----------------- Invoking toplevel() on ptolemy.moml.MoMLSimpleApplication@27628899
----------------- Done invoking toplevel() on ptolemy.moml.MoMLSimpleApplication@27628899
reloadAllAccessors: .TriggeredClock

===========================================================================================
----------------- testing Thu Jul 18 13:42:44 UTC 2019 /home/travis/build/icyphy/ptII/ptolemy/actor/lib/test/auto/URLDirectoryReader.xml
----------------- Instantiating /home/travis/build/icyphy/ptII/ptolemy/actor/lib/test/auto/URLDirectoryReader.xml
27 ms. Memory: 447488K Free: 159800K (36%)
----------------- Invoking toplevel() on ptolemy.moml.MoMLSimpleApplication@1aff4941
----------------- Done invoking toplevel() on ptolemy.moml.MoMLSimpleApplication@1aff4941
reloadAllAccessors: .URLDirectoryReader

===========================================================================================
----------------- testing Thu Jul 18 13:42:44 UTC 2019 /home/travis/build/icyphy/ptII/ptolemy/actor/lib/test/auto/URLDirectoryReader3.xml
----------------- Instantiating /home/travis/build/icyphy/ptII/ptolemy/actor/lib/test/auto/URLDirectoryReader3.xml
1095 ms. Memory: 447488K Free: 389962K (87%)
----------------- Invoking toplevel() on ptolemy.moml.MoMLSimpleApplication@4a6fec27
----------------- Done invoking toplevel() on ptolemy.moml.MoMLSimpleApplication@4a6fec27
reloadAllAccessors: .URLDirectoryReader3

===========================================================================================
----------------- testing Thu Jul 18 13:42:46 UTC 2019 /home/travis/build/icyphy/ptII/ptolemy/actor/lib/test/auto/UnaryMathFunction.xml
----------------- Instantiating /home/travis/build/icyphy/ptII/ptolemy/actor/lib/test/auto/UnaryMathFunction.xml
9 ms. Memory: 447488K Free: 382127K (85%)
----------------- Invoking toplevel() on ptolemy.moml.MoMLSimpleApplication@190655
----------------- Done invoking toplevel() on ptolemy.moml.MoMLSimpleApplication@190655
reloadAllAccessors: .UnaryMathFunction

===========================================================================================
----------------- testing Thu Jul 18 13:42:46 UTC 2019 /home/travis/build/icyphy/ptII/ptolemy/actor/lib/test/auto/Uniform.xml
----------------- Instantiating /home/travis/build/icyphy/ptII/ptolemy/actor/lib/test/auto/Uniform.xml
2 ms. Memory: 447488K Free: 377517K (84%)
----------------- Invoking toplevel() on ptolemy.moml.MoMLSimpleApplication@1836f93a
----------------- Done invoking toplevel() on ptolemy.moml.MoMLSimpleApplication@1836f93a
reloadAllAccessors: .Uniform

===========================================================================================
----------------- testing Thu Jul 18 13:42:46 UTC 2019 /home/travis/build/icyphy/ptII/ptolemy/actor/lib/test/auto/UnionDisassemblerTest.xml
----------------- Instantiating /home/travis/build/icyphy/ptII/ptolemy/actor/lib/test/auto/UnionDisassemblerTest.xml
13 ms. Memory: 447488K Free: 373407K (83%)
----------------- Invoking toplevel() on ptolemy.moml.MoMLSimpleApplication@49cb81a8
----------------- Done invoking toplevel() on ptolemy.moml.MoMLSimpleApplication@49cb81a8
reloadAllAccessors: .UnionDisassemblerTest

===========================================================================================
----------------- testing Thu Jul 18 13:42:46 UTC 2019 /home/travis/build/icyphy/ptII/ptolemy/actor/lib/test/auto/UtilityFunctions.xml
----------------- Instantiating /home/travis/build/icyphy/ptII/ptolemy/actor/lib/test/auto/UtilityFunctions.xml
1 ms. Memory: 447488K Free: 369325K (83%)
----------------- Invoking toplevel() on ptolemy.moml.MoMLSimpleApplication@3ab06850
----------------- Done invoking toplevel() on ptolemy.moml.MoMLSimpleApplication@3ab06850
reloadAllAccessors: .UtilityFunctions

===========================================================================================
----------------- testing Thu Jul 18 13:42:46 UTC 2019 /home/travis/build/icyphy/ptII/ptolemy/actor/lib/test/auto/VariableSleep.xml
----------------- Instantiating /home/travis/build/icyphy/ptII/ptolemy/actor/lib/test/auto/VariableSleep.xml
503 ms. Memory: 447488K Free: 364205K (81%)
----------------- Invoking toplevel() on ptolemy.moml.MoMLSimpleApplication@2fbc876c
----------------- Done invoking toplevel() on ptolemy.moml.MoMLSimpleApplication@2fbc876c
reloadAllAccessors: .VariableSleep

===========================================================================================
----------------- testing Thu Jul 18 13:42:46 UTC 2019 /home/travis/build/icyphy/ptII/ptolemy/actor/lib/test/auto/VectorAssemblerDisassemblerCT.xml
----------------- Instantiating /home/travis/build/icyphy/ptII/ptolemy/actor/lib/test/auto/VectorAssemblerDisassemblerCT.xml
87 ms. Memory: 447488K Free: 343215K (77%)
----------------- Invoking toplevel() on ptolemy.moml.MoMLSimpleApplication@1e5659b1
----------------- Done invoking toplevel() on ptolemy.moml.MoMLSimpleApplication@1e5659b1
reloadAllAccessors: .VectorAssemblerDisassemblerCT

===========================================================================================
----------------- testing Thu Jul 18 13:42:46 UTC 2019 /home/travis/build/icyphy/ptII/ptolemy/actor/lib/test/auto/VectorAssemblerDisassemblerDE.xml
----------------- Instantiating /home/travis/build/icyphy/ptII/ptolemy/actor/lib/test/auto/VectorAssemblerDisassemblerDE.xml
3 ms. Memory: 447488K Free: 336047K (75%)
----------------- Invoking toplevel() on ptolemy.moml.MoMLSimpleApplication@4dc3587b
----------------- Done invoking toplevel() on ptolemy.moml.MoMLSimpleApplication@4dc3587b
reloadAllAccessors: .VectorAssemblerDisassemblerDE

===========================================================================================
----------------- testing Thu Jul 18 13:42:46 UTC 2019 /home/travis/build/icyphy/ptII/ptolemy/actor/lib/test/auto/VectorAssemblerDisassemblerSDF.xml
----------------- Instantiating /home/travis/build/icyphy/ptII/ptolemy/actor/lib/test/auto/VectorAssemblerDisassemblerSDF.xml
9 ms. Memory: 447488K Free: 329375K (74%)
----------------- Invoking toplevel() on ptolemy.moml.MoMLSimpleApplication@559ebac3
----------------- Done invoking toplevel() on ptolemy.moml.MoMLSimpleApplication@559ebac3
reloadAllAccessors: .VectorAssemblerDisassemblerSDF

===========================================================================================
----------------- testing Thu Jul 18 13:42:46 UTC 2019 /home/travis/build/icyphy/ptII/ptolemy/actor/lib/test/auto/WallClockTime.xml
----------------- Instantiating /home/travis/build/icyphy/ptII/ptolemy/actor/lib/test/auto/WallClockTime.xml
1006 ms. Memory: 447488K Free: 323759K (72%)
----------------- Invoking toplevel() on ptolemy.moml.MoMLSimpleApplication@29299e0b
----------------- Done invoking toplevel() on ptolemy.moml.MoMLSimpleApplication@29299e0b
reloadAllAccessors: .WallClockTime

===========================================================================================
----------------- testing Thu Jul 18 13:42:47 UTC 2019 /home/travis/build/icyphy/ptII/ptolemy/actor/lib/test/auto/WidthTestWithSubscriberPublisher.xml
----------------- Instantiating /home/travis/build/icyphy/ptII/ptolemy/actor/lib/test/auto/WidthTestWithSubscriberPublisher.xml
8 ms. Memory: 447488K Free: 305837K (68%)
----------------- Invoking toplevel() on ptolemy.moml.MoMLSimpleApplication@2a7ddd76
----------------- Done invoking toplevel() on ptolemy.moml.MoMLSimpleApplication@2a7ddd76
reloadAllAccessors: .WidthTestWithSubscriberPublisher

===========================================================================================
----------------- testing Thu Jul 18 13:42:47 UTC 2019 /home/travis/build/icyphy/ptII/ptolemy/actor/lib/test/auto/WidthTestWithSubscriberPublisher2.xml
----------------- Instantiating /home/travis/build/icyphy/ptII/ptolemy/actor/lib/test/auto/WidthTestWithSubscriberPublisher2.xml
2 ms. Memory: 447488K Free: 299693K (67%)
----------------- Invoking toplevel() on ptolemy.moml.MoMLSimpleApplication@4a9f4e5d
----------------- Done invoking toplevel() on ptolemy.moml.MoMLSimpleApplication@4a9f4e5d
reloadAllAccessors: .WidthTestWithSubscriberPublisher2

===========================================================================================
----------------- testing Thu Jul 18 13:42:47 UTC 2019 /home/travis/build/icyphy/ptII/ptolemy/actor/lib/test/auto/WidthTestWithSubscriberPublisher3.xml
----------------- Instantiating /home/travis/build/icyphy/ptII/ptolemy/actor/lib/test/auto/WidthTestWithSubscriberPublisher3.xml
2 ms. Memory: 447488K Free: 292525K (65%)
----------------- Invoking toplevel() on ptolemy.moml.MoMLSimpleApplication@4e6c27c8
----------------- Done invoking toplevel() on ptolemy.moml.MoMLSimpleApplication@4e6c27c8
reloadAllAccessors: .WidthTestWithSubscriberPublisher3

===========================================================================================
----------------- testing Thu Jul 18 13:42:47 UTC 2019 /home/travis/build/icyphy/ptII/ptolemy/actor/lib/test/auto/Writer.xml
----------------- Instantiating /home/travis/build/icyphy/ptII/ptolemy/actor/lib/test/auto/Writer.xml
0
1
2
3
4
2 ms. Memory: 447488K Free: 287919K (64%)
----------------- Invoking toplevel() on ptolemy.moml.MoMLSimpleApplication@79493502
----------------- Done invoking toplevel() on ptolemy.moml.MoMLSimpleApplication@79493502
reloadAllAccessors: .Writer

===========================================================================================
----------------- testing Thu Jul 18 13:42:47 UTC 2019 /home/travis/build/icyphy/ptII/ptolemy/actor/lib/test/auto/array.xml
----------------- Instantiating /home/travis/build/icyphy/ptII/ptolemy/actor/lib/test/auto/array.xml
3 ms. Memory: 447488K Free: 283309K (63%)
----------------- Invoking toplevel() on ptolemy.moml.MoMLSimpleApplication@2c382b9d
----------------- Done invoking toplevel() on ptolemy.moml.MoMLSimpleApplication@2c382b9d
reloadAllAccessors: .array

===========================================================================================
----------------- testing Thu Jul 18 13:42:47 UTC 2019 /home/travis/build/icyphy/ptII/ptolemy/actor/lib/test/auto/array2.xml
----------------- Instantiating /home/travis/build/icyphy/ptII/ptolemy/actor/lib/test/auto/array2.xml
5 ms. Memory: 447488K Free: 277679K (62%)
----------------- Invoking toplevel() on ptolemy.moml.MoMLSimpleApplication@6f7f632a
----------------- Done invoking toplevel() on ptolemy.moml.MoMLSimpleApplication@6f7f632a
reloadAllAccessors: .array2

===========================================================================================
----------------- testing Thu Jul 18 13:42:47 UTC 2019 /home/travis/build/icyphy/ptII/ptolemy/actor/lib/test/auto/arrayType.xml
----------------- Instantiating /home/travis/build/icyphy/ptII/ptolemy/actor/lib/test/auto/arrayType.xml
7 ms. Memory: 447488K Free: 272559K (61%)
----------------- Invoking toplevel() on ptolemy.moml.MoMLSimpleApplication@29057000
----------------- Done invoking toplevel() on ptolemy.moml.MoMLSimpleApplication@29057000
reloadAllAccessors: .arrayType

===========================================================================================
----------------- testing Thu Jul 18 13:42:48 UTC 2019 /home/travis/build/icyphy/ptII/ptolemy/actor/lib/test/auto/arrayType10.xml
----------------- Instantiating /home/travis/build/icyphy/ptII/ptolemy/actor/lib/test/auto/arrayType10.xml
1 ms. Memory: 447488K Free: 267949K (60%)
----------------- Invoking toplevel() on ptolemy.moml.MoMLSimpleApplication@25cf49a4
----------------- Done invoking toplevel() on ptolemy.moml.MoMLSimpleApplication@25cf49a4
reloadAllAccessors: .arrayType10

===========================================================================================
----------------- testing Thu Jul 18 13:42:48 UTC 2019 /home/travis/build/icyphy/ptII/ptolemy/actor/lib/test/auto/arrayType11.xml
----------------- Instantiating /home/travis/build/icyphy/ptII/ptolemy/actor/lib/test/auto/arrayType11.xml
1 ms. Memory: 447488K Free: 262829K (59%)
----------------- Invoking toplevel() on ptolemy.moml.MoMLSimpleApplication@13606aa4
----------------- Done invoking toplevel() on ptolemy.moml.MoMLSimpleApplication@13606aa4
reloadAllAccessors: .arrayType11

===========================================================================================
----------------- testing Thu Jul 18 13:42:48 UTC 2019 /home/travis/build/icyphy/ptII/ptolemy/actor/lib/test/auto/arrayType12.xml
----------------- Instantiating /home/travis/build/icyphy/ptII/ptolemy/actor/lib/test/auto/arrayType12.xml
2 ms. Memory: 447488K Free: 258223K (58%)
----------------- Invoking toplevel() on ptolemy.moml.MoMLSimpleApplication@76902cb0
----------------- Done invoking toplevel() on ptolemy.moml.MoMLSimpleApplication@76902cb0
reloadAllAccessors: .arrayType12

===========================================================================================
----------------- testing Thu Jul 18 13:42:48 UTC 2019 /home/travis/build/icyphy/ptII/ptolemy/actor/lib/test/auto/arrayType13.xml
----------------- Instantiating /home/travis/build/icyphy/ptII/ptolemy/actor/lib/test/auto/arrayType13.xml
2 ms. Memory: 447488K Free: 253103K (57%)
----------------- Invoking toplevel() on ptolemy.moml.MoMLSimpleApplication@2d8a7b72
----------------- Done invoking toplevel() on ptolemy.moml.MoMLSimpleApplication@2d8a7b72
reloadAllAccessors: .arrayType13

===========================================================================================
----------------- testing Thu Jul 18 13:42:48 UTC 2019 /home/travis/build/icyphy/ptII/ptolemy/actor/lib/test/auto/arrayType14.xml
----------------- Instantiating /home/travis/build/icyphy/ptII/ptolemy/actor/lib/test/auto/arrayType14.xml
2 ms. Memory: 447488K Free: 247469K (55%)
----------------- Invoking toplevel() on ptolemy.moml.MoMLSimpleApplication@2cb78829
----------------- Done invoking toplevel() on ptolemy.moml.MoMLSimpleApplication@2cb78829
reloadAllAccessors: .arrayType14

===========================================================================================
----------------- testing Thu Jul 18 13:42:48 UTC 2019 /home/travis/build/icyphy/ptII/ptolemy/actor/lib/test/auto/arrayType15.xml
----------------- Instantiating /home/travis/build/icyphy/ptII/ptolemy/actor/lib/test/auto/arrayType15.xml
4 ms. Memory: 447488K Free: 242349K (54%)
----------------- Invoking toplevel() on ptolemy.moml.MoMLSimpleApplication@70cd5370
----------------- Done invoking toplevel() on ptolemy.moml.MoMLSimpleApplication@70cd5370
reloadAllAccessors: .arrayType15

===========================================================================================
----------------- testing Thu Jul 18 13:42:48 UTC 2019 /home/travis/build/icyphy/ptII/ptolemy/actor/lib/test/auto/arrayType16.xml
----------------- Instantiating /home/travis/build/icyphy/ptII/ptolemy/actor/lib/test/auto/arrayType16.xml
2 ms. Memory: 447488K Free: 236719K (53%)
----------------- Invoking toplevel() on ptolemy.moml.MoMLSimpleApplication@34c370f2
----------------- Done invoking toplevel() on ptolemy.moml.MoMLSimpleApplication@34c370f2
reloadAllAccessors: .arrayType16

===========================================================================================
----------------- testing Thu Jul 18 13:42:48 UTC 2019 /home/travis/build/icyphy/ptII/ptolemy/actor/lib/test/auto/arrayType17.xml
----------------- Instantiating /home/travis/build/icyphy/ptII/ptolemy/actor/lib/test/auto/arrayType17.xml
1 ms. Memory: 447488K Free: 231599K (52%)
----------------- Invoking toplevel() on ptolemy.moml.MoMLSimpleApplication@4b6ba3cc
----------------- Done invoking toplevel() on ptolemy.moml.MoMLSimpleApplication@4b6ba3cc
reloadAllAccessors: .arrayType17

===========================================================================================
----------------- testing Thu Jul 18 13:42:48 UTC 2019 /home/travis/build/icyphy/ptII/ptolemy/actor/lib/test/auto/arrayType18.xml
----------------- Instantiating /home/travis/build/icyphy/ptII/ptolemy/actor/lib/test/auto/arrayType18.xml
1 ms. Memory: 447488K Free: 226989K (51%)
----------------- Invoking toplevel() on ptolemy.moml.MoMLSimpleApplication@30acc7f6
----------------- Done invoking toplevel() on ptolemy.moml.MoMLSimpleApplication@30acc7f6
reloadAllAccessors: .arrayType18

===========================================================================================
----------------- testing Thu Jul 18 13:42:48 UTC 2019 /home/travis/build/icyphy/ptII/ptolemy/actor/lib/test/auto/arrayType19.xml
----------------- Instantiating /home/travis/build/icyphy/ptII/ptolemy/actor/lib/test/auto/arrayType19.xml
2 ms. Memory: 447488K Free: 221869K (50%)
----------------- Invoking toplevel() on ptolemy.moml.MoMLSimpleApplication@6eee8196
----------------- Done invoking toplevel() on ptolemy.moml.MoMLSimpleApplication@6eee8196
reloadAllAccessors: .arrayType19

===========================================================================================
----------------- testing Thu Jul 18 13:42:48 UTC 2019 /home/travis/build/icyphy/ptII/ptolemy/actor/lib/test/auto/arrayType2.xml
----------------- Instantiating /home/travis/build/icyphy/ptII/ptolemy/actor/lib/test/auto/arrayType2.xml
2 ms. Memory: 447488K Free: 216735K (48%)
----------------- Invoking toplevel() on ptolemy.moml.MoMLSimpleApplication@112d663e
----------------- Done invoking toplevel() on ptolemy.moml.MoMLSimpleApplication@112d663e
reloadAllAccessors: .arrayType2

===========================================================================================
----------------- testing Thu Jul 18 13:42:48 UTC 2019 /home/travis/build/icyphy/ptII/ptolemy/actor/lib/test/auto/arrayType20.xml
----------------- Instantiating /home/travis/build/icyphy/ptII/ptolemy/actor/lib/test/auto/arrayType20.xml
1 ms. Memory: 447488K Free: 212143K (47%)
----------------- Invoking toplevel() on ptolemy.moml.MoMLSimpleApplication@734c165a
----------------- Done invoking toplevel() on ptolemy.moml.MoMLSimpleApplication@734c165a
reloadAllAccessors: .arrayType20

===========================================================================================
----------------- testing Thu Jul 18 13:42:48 UTC 2019 /home/travis/build/icyphy/ptII/ptolemy/actor/lib/test/auto/arrayType21.xml
----------------- Instantiating /home/travis/build/icyphy/ptII/ptolemy/actor/lib/test/auto/arrayType21.xml
2 ms. Memory: 447488K Free: 207023K (46%)
----------------- Invoking toplevel() on ptolemy.moml.MoMLSimpleApplication@2009d22e
----------------- Done invoking toplevel() on ptolemy.moml.MoMLSimpleApplication@2009d22e
reloadAllAccessors: .arrayType21

===========================================================================================
----------------- testing Thu Jul 18 13:42:48 UTC 2019 /home/travis/build/icyphy/ptII/ptolemy/actor/lib/test/auto/arrayType22.xml
----------------- Instantiating /home/travis/build/icyphy/ptII/ptolemy/actor/lib/test/auto/arrayType22.xml
2 ms. Memory: 447488K Free: 202413K (45%)
----------------- Invoking toplevel() on ptolemy.moml.MoMLSimpleApplication@4044adbb
----------------- Done invoking toplevel() on ptolemy.moml.MoMLSimpleApplication@4044adbb
reloadAllAccessors: .arrayType22

===========================================================================================
----------------- testing Thu Jul 18 13:42:48 UTC 2019 /home/travis/build/icyphy/ptII/ptolemy/actor/lib/test/auto/arrayType23.xml
----------------- Instantiating /home/travis/build/icyphy/ptII/ptolemy/actor/lib/test/auto/arrayType23.xml
1 ms. Memory: 447488K Free: 197293K (44%)
----------------- Invoking toplevel() on ptolemy.moml.MoMLSimpleApplication@3805a59d
----------------- Done invoking toplevel() on ptolemy.moml.MoMLSimpleApplication@3805a59d
reloadAllAccessors: .arrayType23

===========================================================================================
----------------- testing Thu Jul 18 13:42:48 UTC 2019 /home/travis/build/icyphy/ptII/ptolemy/actor/lib/test/auto/arrayType24.xml
----------------- Instantiating /home/travis/build/icyphy/ptII/ptolemy/actor/lib/test/auto/arrayType24.xml
1 ms. Memory: 447488K Free: 192687K (43%)
----------------- Invoking toplevel() on ptolemy.moml.MoMLSimpleApplication@24048d14
----------------- Done invoking toplevel() on ptolemy.moml.MoMLSimpleApplication@24048d14
reloadAllAccessors: .arrayType24

===========================================================================================
----------------- testing Thu Jul 18 13:42:48 UTC 2019 /home/travis/build/icyphy/ptII/ptolemy/actor/lib/test/auto/arrayType25.xml
----------------- Instantiating /home/travis/build/icyphy/ptII/ptolemy/actor/lib/test/auto/arrayType25.xml
1 ms. Memory: 447488K Free: 187567K (42%)
----------------- Invoking toplevel() on ptolemy.moml.MoMLSimpleApplication@76e95c06
----------------- Done invoking toplevel() on ptolemy.moml.MoMLSimpleApplication@76e95c06
reloadAllAccessors: .arrayType25

===========================================================================================
----------------- testing Thu Jul 18 13:42:48 UTC 2019 /home/travis/build/icyphy/ptII/ptolemy/actor/lib/test/auto/arrayType26.xml
----------------- Instantiating /home/travis/build/icyphy/ptII/ptolemy/actor/lib/test/auto/arrayType26.xml
1 ms. Memory: 447488K Free: 181919K (41%)
----------------- Invoking toplevel() on ptolemy.moml.MoMLSimpleApplication@69c22a93
----------------- Done invoking toplevel() on ptolemy.moml.MoMLSimpleApplication@69c22a93
reloadAllAccessors: .arrayType26

===========================================================================================
----------------- testing Thu Jul 18 13:42:48 UTC 2019 /home/travis/build/icyphy/ptII/ptolemy/actor/lib/test/auto/arrayType27.xml
----------------- Instantiating /home/travis/build/icyphy/ptII/ptolemy/actor/lib/test/auto/arrayType27.xml
2 ms. Memory: 447488K Free: 176813K (40%)
----------------- Invoking toplevel() on ptolemy.moml.MoMLSimpleApplication@3ff96297
----------------- Done invoking toplevel() on ptolemy.moml.MoMLSimpleApplication@3ff96297
reloadAllAccessors: .arrayType27

===========================================================================================
----------------- testing Thu Jul 18 13:42:48 UTC 2019 /home/travis/build/icyphy/ptII/ptolemy/actor/lib/test/auto/arrayType28.xml
----------------- Instantiating /home/travis/build/icyphy/ptII/ptolemy/actor/lib/test/auto/arrayType28.xml
3 ms. Memory: 447488K Free: 171183K (38%)
----------------- Invoking toplevel() on ptolemy.moml.MoMLSimpleApplication@62fd0d40
----------------- Done invoking toplevel() on ptolemy.moml.MoMLSimpleApplication@62fd0d40
reloadAllAccessors: .arrayType28

===========================================================================================
----------------- testing Thu Jul 18 13:42:48 UTC 2019 /home/travis/build/icyphy/ptII/ptolemy/actor/lib/test/auto/arrayType3.xml
----------------- Instantiating /home/travis/build/icyphy/ptII/ptolemy/actor/lib/test/auto/arrayType3.xml
2 ms. Memory: 447488K Free: 166063K (37%)
----------------- Invoking toplevel() on ptolemy.moml.MoMLSimpleApplication@5d00adc2
----------------- Done invoking toplevel() on ptolemy.moml.MoMLSimpleApplication@5d00adc2
reloadAllAccessors: .arrayType3

===========================================================================================
----------------- testing Thu Jul 18 13:42:48 UTC 2019 /home/travis/build/icyphy/ptII/ptolemy/actor/lib/test/auto/arrayType4.xml
----------------- Instantiating /home/travis/build/icyphy/ptII/ptolemy/actor/lib/test/auto/arrayType4.xml
1 ms. Memory: 447488K Free: 160943K (36%)
----------------- Invoking toplevel() on ptolemy.moml.MoMLSimpleApplication@6b84f36a
----------------- Done invoking toplevel() on ptolemy.moml.MoMLSimpleApplication@6b84f36a
reloadAllAccessors: .arrayType4

===========================================================================================
----------------- testing Thu Jul 18 13:42:48 UTC 2019 /home/travis/build/icyphy/ptII/ptolemy/actor/lib/test/auto/arrayType5.xml
----------------- Instantiating /home/travis/build/icyphy/ptII/ptolemy/actor/lib/test/auto/arrayType5.xml
1 ms. Memory: 447488K Free: 155309K (35%)
----------------- Invoking toplevel() on ptolemy.moml.MoMLSimpleApplication@1c79fc2
----------------- Done invoking toplevel() on ptolemy.moml.MoMLSimpleApplication@1c79fc2
reloadAllAccessors: .arrayType5

===========================================================================================
----------------- testing Thu Jul 18 13:42:48 UTC 2019 /home/travis/build/icyphy/ptII/ptolemy/actor/lib/test/auto/arrayType6.xml
----------------- Instantiating /home/travis/build/icyphy/ptII/ptolemy/actor/lib/test/auto/arrayType6.xml
1 ms. Memory: 447488K Free: 150703K (34%)
----------------- Invoking toplevel() on ptolemy.moml.MoMLSimpleApplication@2010e8d
----------------- Done invoking toplevel() on ptolemy.moml.MoMLSimpleApplication@2010e8d
reloadAllAccessors: .arrayType6

===========================================================================================
----------------- testing Thu Jul 18 13:42:48 UTC 2019 /home/travis/build/icyphy/ptII/ptolemy/actor/lib/test/auto/arrayType7.xml
----------------- Instantiating /home/travis/build/icyphy/ptII/ptolemy/actor/lib/test/auto/arrayType7.xml
1 ms. Memory: 447488K Free: 145583K (33%)
----------------- Invoking toplevel() on ptolemy.moml.MoMLSimpleApplication@1fa059f9
----------------- Done invoking toplevel() on ptolemy.moml.MoMLSimpleApplication@1fa059f9
reloadAllAccessors: .arrayType7

===========================================================================================
----------------- testing Thu Jul 18 13:42:48 UTC 2019 /home/travis/build/icyphy/ptII/ptolemy/actor/lib/test/auto/arrayType8.xml
----------------- Instantiating /home/travis/build/icyphy/ptII/ptolemy/actor/lib/test/auto/arrayType8.xml
7 ms. Memory: 447488K Free: 140973K (32%)
----------------- Invoking toplevel() on ptolemy.moml.MoMLSimpleApplication@1d6c7043
----------------- Done invoking toplevel() on ptolemy.moml.MoMLSimpleApplication@1d6c7043
reloadAllAccessors: .arrayType8

===========================================================================================
----------------- testing Thu Jul 18 13:42:48 UTC 2019 /home/travis/build/icyphy/ptII/ptolemy/actor/lib/test/auto/arrayType9.xml
----------------- Instantiating /home/travis/build/icyphy/ptII/ptolemy/actor/lib/test/auto/arrayType9.xml
1 ms. Memory: 447488K Free: 135853K (30%)
----------------- Invoking toplevel() on ptolemy.moml.MoMLSimpleApplication@899583a
----------------- Done invoking toplevel() on ptolemy.moml.MoMLSimpleApplication@899583a
reloadAllAccessors: .arrayType9

===========================================================================================
----------------- testing Thu Jul 18 13:42:48 UTC 2019 /home/travis/build/icyphy/ptII/ptolemy/actor/lib/test/auto/cast.xml
----------------- Instantiating /home/travis/build/icyphy/ptII/ptolemy/actor/lib/test/auto/cast.xml
30 ms. Memory: 447488K Free: 394575K (88%)
----------------- Invoking toplevel() on ptolemy.moml.MoMLSimpleApplication@15d858a0
----------------- Done invoking toplevel() on ptolemy.moml.MoMLSimpleApplication@15d858a0
reloadAllAccessors: .cast

===========================================================================================
----------------- testing Thu Jul 18 13:42:48 UTC 2019 /home/travis/build/icyphy/ptII/ptolemy/actor/lib/test/auto/compositeMultiPort.xml
----------------- Instantiating /home/travis/build/icyphy/ptII/ptolemy/actor/lib/test/auto/compositeMultiPort.xml
4 ms. Memory: 447488K Free: 385361K (86%)
----------------- Invoking toplevel() on ptolemy.moml.MoMLSimpleApplication@22e078e
----------------- Done invoking toplevel() on ptolemy.moml.MoMLSimpleApplication@22e078e
reloadAllAccessors: .compositeMultiPort

===========================================================================================
----------------- testing Thu Jul 18 13:42:48 UTC 2019 /home/travis/build/icyphy/ptII/ptolemy/actor/lib/test/auto/expressionCastInference.xml
----------------- Instantiating /home/travis/build/icyphy/ptII/ptolemy/actor/lib/test/auto/expressionCastInference.xml
3 ms. Memory: 447488K Free: 380241K (85%)
----------------- Invoking toplevel() on ptolemy.moml.MoMLSimpleApplication@173ec24a
----------------- Done invoking toplevel() on ptolemy.moml.MoMLSimpleApplication@173ec24a
reloadAllAccessors: .expressionCastInference

===========================================================================================
----------------- testing Thu Jul 18 13:42:48 UTC 2019 /home/travis/build/icyphy/ptII/ptolemy/actor/lib/test/auto/expressionCastInference2.xml
----------------- Instantiating /home/travis/build/icyphy/ptII/ptolemy/actor/lib/test/auto/expressionCastInference2.xml
2 ms. Memory: 447488K Free: 375631K (84%)
----------------- Invoking toplevel() on ptolemy.moml.MoMLSimpleApplication@6fb1335
----------------- Done invoking toplevel() on ptolemy.moml.MoMLSimpleApplication@6fb1335
reloadAllAccessors: .expressionCastInference2

===========================================================================================
----------------- testing Thu Jul 18 13:42:48 UTC 2019 /home/travis/build/icyphy/ptII/ptolemy/actor/lib/test/auto/expressionInference.xml
----------------- Instantiating /home/travis/build/icyphy/ptII/ptolemy/actor/lib/test/auto/expressionInference.xml
2 ms. Memory: 447488K Free: 371025K (83%)
----------------- Invoking toplevel() on ptolemy.moml.MoMLSimpleApplication@7a03c398
----------------- Done invoking toplevel() on ptolemy.moml.MoMLSimpleApplication@7a03c398
reloadAllAccessors: .expressionInference

===========================================================================================
----------------- testing Thu Jul 18 13:42:48 UTC 2019 /home/travis/build/icyphy/ptII/ptolemy/actor/lib/test/auto/expression_bug.xml
----------------- Instantiating /home/travis/build/icyphy/ptII/ptolemy/actor/lib/test/auto/expression_bug.xml
1 ms. Memory: 447488K Free: 366929K (82%)
----------------- Invoking toplevel() on ptolemy.moml.MoMLSimpleApplication@519eccd5
----------------- Done invoking toplevel() on ptolemy.moml.MoMLSimpleApplication@519eccd5
reloadAllAccessors: .expression_bug

===========================================================================================
----------------- testing Thu Jul 18 13:42:48 UTC 2019 /home/travis/build/icyphy/ptII/ptolemy/actor/lib/test/auto/factorial.xml
----------------- Instantiating /home/travis/build/icyphy/ptII/ptolemy/actor/lib/test/auto/factorial.xml
70 ms. Memory: 447488K Free: 358223K (80%)
----------------- Invoking toplevel() on ptolemy.moml.MoMLSimpleApplication@191d8eb8
----------------- Done invoking toplevel() on ptolemy.moml.MoMLSimpleApplication@191d8eb8
reloadAllAccessors: .factorial

===========================================================================================
----------------- testing Thu Jul 18 13:42:48 UTC 2019 /home/travis/build/icyphy/ptII/ptolemy/actor/lib/test/auto/filterTest1.xml
----------------- Instantiating /home/travis/build/icyphy/ptII/ptolemy/actor/lib/test/auto/filterTest1.xml
3 ms. Memory: 447488K Free: 352593K (79%)
----------------- Invoking toplevel() on ptolemy.moml.MoMLSimpleApplication@4ed85b3
----------------- Done invoking toplevel() on ptolemy.moml.MoMLSimpleApplication@4ed85b3
reloadAllAccessors: .filterTest1

===========================================================================================
----------------- testing Thu Jul 18 13:42:48 UTC 2019 /home/travis/build/icyphy/ptII/ptolemy/actor/lib/test/auto/funcApplyInConst.xml
----------------- Instantiating /home/travis/build/icyphy/ptII/ptolemy/actor/lib/test/auto/funcApplyInConst.xml
1 ms. Memory: 447488K Free: 348497K (78%)
----------------- Invoking toplevel() on ptolemy.moml.MoMLSimpleApplication@687ffd6f
----------------- Done invoking toplevel() on ptolemy.moml.MoMLSimpleApplication@687ffd6f
reloadAllAccessors: .funcApplyInConst

===========================================================================================
----------------- testing Thu Jul 18 13:42:48 UTC 2019 /home/travis/build/icyphy/ptII/ptolemy/actor/lib/test/auto/funcApplyInExpr.xml
----------------- Instantiating /home/travis/build/icyphy/ptII/ptolemy/actor/lib/test/auto/funcApplyInExpr.xml
1 ms. Memory: 447488K Free: 344911K (77%)
----------------- Invoking toplevel() on ptolemy.moml.MoMLSimpleApplication@f4878cf
----------------- Done invoking toplevel() on ptolemy.moml.MoMLSimpleApplication@f4878cf
reloadAllAccessors: .funcApplyInExpr

===========================================================================================
----------------- testing Thu Jul 18 13:42:48 UTC 2019 /home/travis/build/icyphy/ptII/ptolemy/actor/lib/test/auto/function.xml
----------------- Instantiating /home/travis/build/icyphy/ptII/ptolemy/actor/lib/test/auto/function.xml
2 ms. Memory: 447488K Free: 340305K (76%)
----------------- Invoking toplevel() on ptolemy.moml.MoMLSimpleApplication@bf55bbc
----------------- Done invoking toplevel() on ptolemy.moml.MoMLSimpleApplication@bf55bbc
reloadAllAccessors: .function

===========================================================================================
----------------- testing Thu Jul 18 13:42:48 UTC 2019 /home/travis/build/icyphy/ptII/ptolemy/actor/lib/test/auto/function2.xml
----------------- Instantiating /home/travis/build/icyphy/ptII/ptolemy/actor/lib/test/auto/function2.xml
2 ms. Memory: 447488K Free: 335185K (75%)
----------------- Invoking toplevel() on ptolemy.moml.MoMLSimpleApplication@6743fb6b
----------------- Done invoking toplevel() on ptolemy.moml.MoMLSimpleApplication@6743fb6b
reloadAllAccessors: .function2

===========================================================================================
----------------- testing Thu Jul 18 13:42:48 UTC 2019 /home/travis/build/icyphy/ptII/ptolemy/actor/lib/test/auto/function3.xml
----------------- Instantiating /home/travis/build/icyphy/ptII/ptolemy/actor/lib/test/auto/function3.xml
3 ms. Memory: 447488K Free: 331599K (74%)
----------------- Invoking toplevel() on ptolemy.moml.MoMLSimpleApplication@61afe5cc
----------------- Done invoking toplevel() on ptolemy.moml.MoMLSimpleApplication@61afe5cc
reloadAllAccessors: .function3

===========================================================================================
----------------- testing Thu Jul 18 13:42:48 UTC 2019 /home/travis/build/icyphy/ptII/ptolemy/actor/lib/test/auto/functionClosureTest1.xml
----------------- Instantiating /home/travis/build/icyphy/ptII/ptolemy/actor/lib/test/auto/functionClosureTest1.xml
3 ms. Memory: 447488K Free: 325449K (73%)
----------------- Invoking toplevel() on ptolemy.moml.MoMLSimpleApplication@5311c96c
----------------- Done invoking toplevel() on ptolemy.moml.MoMLSimpleApplication@5311c96c
reloadAllAccessors: .functionClosureTest1

===========================================================================================
----------------- testing Thu Jul 18 13:42:48 UTC 2019 /home/travis/build/icyphy/ptII/ptolemy/actor/lib/test/auto/functionClosureTest2.xml
----------------- Instantiating /home/travis/build/icyphy/ptII/ptolemy/actor/lib/test/auto/functionClosureTest2.xml
1 ms. Memory: 447488K Free: 321873K (72%)
----------------- Invoking toplevel() on ptolemy.moml.MoMLSimpleApplication@68243ff6
----------------- Done invoking toplevel() on ptolemy.moml.MoMLSimpleApplication@68243ff6
reloadAllAccessors: .functionClosureTest2

===========================================================================================
----------------- testing Thu Jul 18 13:42:48 UTC 2019 /home/travis/build/icyphy/ptII/ptolemy/actor/lib/test/auto/functionClosureTest3.xml
----------------- Instantiating /home/travis/build/icyphy/ptII/ptolemy/actor/lib/test/auto/functionClosureTest3.xml
3 ms. Memory: 447488K Free: 316239K (71%)
----------------- Invoking toplevel() on ptolemy.moml.MoMLSimpleApplication@55e3a48c
----------------- Done invoking toplevel() on ptolemy.moml.MoMLSimpleApplication@55e3a48c
reloadAllAccessors: .functionClosureTest3

===========================================================================================
----------------- testing Thu Jul 18 13:42:48 UTC 2019 /home/travis/build/icyphy/ptII/ptolemy/actor/lib/test/auto/functionClosureTest4.xml
----------------- Instantiating /home/travis/build/icyphy/ptII/ptolemy/actor/lib/test/auto/functionClosureTest4.xml
4 ms. Memory: 447488K Free: 310095K (69%)
----------------- Invoking toplevel() on ptolemy.moml.MoMLSimpleApplication@21410239
----------------- Done invoking toplevel() on ptolemy.moml.MoMLSimpleApplication@21410239
reloadAllAccessors: .functionClosureTest4

===========================================================================================
----------------- testing Thu Jul 18 13:42:48 UTC 2019 /home/travis/build/icyphy/ptII/ptolemy/actor/lib/test/auto/functionClosureTest5.xml
----------------- Instantiating /home/travis/build/icyphy/ptII/ptolemy/actor/lib/test/auto/functionClosureTest5.xml
4 ms. Memory: 447488K Free: 304465K (68%)
----------------- Invoking toplevel() on ptolemy.moml.MoMLSimpleApplication@3fd98f7e
----------------- Done invoking toplevel() on ptolemy.moml.MoMLSimpleApplication@3fd98f7e
reloadAllAccessors: .functionClosureTest5

===========================================================================================
----------------- testing Thu Jul 18 13:42:48 UTC 2019 /home/travis/build/icyphy/ptII/ptolemy/actor/lib/test/auto/functionClosureTest6.xml
----------------- Instantiating /home/travis/build/icyphy/ptII/ptolemy/actor/lib/test/auto/functionClosureTest6.xml
2 ms. Memory: 447488K Free: 299849K (67%)
----------------- Invoking toplevel() on ptolemy.moml.MoMLSimpleApplication@66f2a7ef
----------------- Done invoking toplevel() on ptolemy.moml.MoMLSimpleApplication@66f2a7ef
reloadAllAccessors: .functionClosureTest6

===========================================================================================
----------------- testing Thu Jul 18 13:42:48 UTC 2019 /home/travis/build/icyphy/ptII/ptolemy/actor/lib/test/auto/functionsOnArcs.xml
----------------- Instantiating /home/travis/build/icyphy/ptII/ptolemy/actor/lib/test/auto/functionsOnArcs.xml
3 ms. Memory: 447488K Free: 294225K (66%)
----------------- Invoking toplevel() on ptolemy.moml.MoMLSimpleApplication@760cf189
----------------- Done invoking toplevel() on ptolemy.moml.MoMLSimpleApplication@760cf189
reloadAllAccessors: .functionsOnArcs

===========================================================================================
----------------- testing Thu Jul 18 13:42:48 UTC 2019 /home/travis/build/icyphy/ptII/ptolemy/actor/lib/test/auto/functionsOnArcsHOF.xml
----------------- Instantiating /home/travis/build/icyphy/ptII/ptolemy/actor/lib/test/auto/functionsOnArcsHOF.xml
5 ms. Memory: 447488K Free: 288591K (64%)
----------------- Invoking toplevel() on ptolemy.moml.MoMLSimpleApplication@44e0ac9b
----------------- Done invoking toplevel() on ptolemy.moml.MoMLSimpleApplication@44e0ac9b
reloadAllAccessors: .functionsOnArcsHOF

===========================================================================================
----------------- testing Thu Jul 18 13:42:48 UTC 2019 /home/travis/build/icyphy/ptII/ptolemy/actor/lib/test/auto/logic.xml
----------------- Instantiating /home/travis/build/icyphy/ptII/ptolemy/actor/lib/test/auto/logic.xml
2 ms. Memory: 447488K Free: 280913K (63%)
----------------- Invoking toplevel() on ptolemy.moml.MoMLSimpleApplication@e35848d
----------------- Done invoking toplevel() on ptolemy.moml.MoMLSimpleApplication@e35848d
reloadAllAccessors: .logic

===========================================================================================
----------------- testing Thu Jul 18 13:42:49 UTC 2019 /home/travis/build/icyphy/ptII/ptolemy/actor/lib/test/auto/matrixType.xml
----------------- Instantiating /home/travis/build/icyphy/ptII/ptolemy/actor/lib/test/auto/matrixType.xml
2 ms. Memory: 447488K Free: 276303K (62%)
----------------- Invoking toplevel() on ptolemy.moml.MoMLSimpleApplication@1098f04f
----------------- Done invoking toplevel() on ptolemy.moml.MoMLSimpleApplication@1098f04f
reloadAllAccessors: .matrixType

===========================================================================================
----------------- testing Thu Jul 18 13:42:49 UTC 2019 /home/travis/build/icyphy/ptII/ptolemy/actor/lib/test/auto/matrixType10.xml
----------------- Instantiating /home/travis/build/icyphy/ptII/ptolemy/actor/lib/test/auto/matrixType10.xml
3 ms. Memory: 447488K Free: 271183K (61%)
----------------- Invoking toplevel() on ptolemy.moml.MoMLSimpleApplication@2f5c4e0d
----------------- Done invoking toplevel() on ptolemy.moml.MoMLSimpleApplication@2f5c4e0d
reloadAllAccessors: .matrixType10

===========================================================================================
----------------- testing Thu Jul 18 13:42:49 UTC 2019 /home/travis/build/icyphy/ptII/ptolemy/actor/lib/test/auto/matrixType11.xml
----------------- Instantiating /home/travis/build/icyphy/ptII/ptolemy/actor/lib/test/auto/matrixType11.xml
1 ms. Memory: 447488K Free: 266577K (60%)
----------------- Invoking toplevel() on ptolemy.moml.MoMLSimpleApplication@5820c3c1
----------------- Done invoking toplevel() on ptolemy.moml.MoMLSimpleApplication@5820c3c1
reloadAllAccessors: .matrixType11

===========================================================================================
----------------- testing Thu Jul 18 13:42:49 UTC 2019 /home/travis/build/icyphy/ptII/ptolemy/actor/lib/test/auto/matrixType12.xml
----------------- Instantiating /home/travis/build/icyphy/ptII/ptolemy/actor/lib/test/auto/matrixType12.xml
1 ms. Memory: 447488K Free: 261457K (58%)
----------------- Invoking toplevel() on ptolemy.moml.MoMLSimpleApplication@58677283
----------------- Done invoking toplevel() on ptolemy.moml.MoMLSimpleApplication@58677283
reloadAllAccessors: .matrixType12

===========================================================================================
----------------- testing Thu Jul 18 13:42:49 UTC 2019 /home/travis/build/icyphy/ptII/ptolemy/actor/lib/test/auto/matrixType13.xml
----------------- Instantiating /home/travis/build/icyphy/ptII/ptolemy/actor/lib/test/auto/matrixType13.xml
1 ms. Memory: 447488K Free: 256847K (57%)
----------------- Invoking toplevel() on ptolemy.moml.MoMLSimpleApplication@57c2d794
----------------- Done invoking toplevel() on ptolemy.moml.MoMLSimpleApplication@57c2d794
reloadAllAccessors: .matrixType13

===========================================================================================
----------------- testing Thu Jul 18 13:42:49 UTC 2019 /home/travis/build/icyphy/ptII/ptolemy/actor/lib/test/auto/matrixType14.xml
----------------- Instantiating /home/travis/build/icyphy/ptII/ptolemy/actor/lib/test/auto/matrixType14.xml
1 ms. Memory: 447488K Free: 251727K (56%)
----------------- Invoking toplevel() on ptolemy.moml.MoMLSimpleApplication@31eeb28d
----------------- Done invoking toplevel() on ptolemy.moml.MoMLSimpleApplication@31eeb28d
reloadAllAccessors: .matrixType14

===========================================================================================
----------------- testing Thu Jul 18 13:42:49 UTC 2019 /home/travis/build/icyphy/ptII/ptolemy/actor/lib/test/auto/matrixType2.xml
----------------- Instantiating /home/travis/build/icyphy/ptII/ptolemy/actor/lib/test/auto/matrixType2.xml
2 ms. Memory: 447488K Free: 246593K (55%)
----------------- Invoking toplevel() on ptolemy.moml.MoMLSimpleApplication@5ef9c1af
----------------- Done invoking toplevel() on ptolemy.moml.MoMLSimpleApplication@5ef9c1af
reloadAllAccessors: .matrixType2

===========================================================================================
----------------- testing Thu Jul 18 13:42:49 UTC 2019 /home/travis/build/icyphy/ptII/ptolemy/actor/lib/test/auto/matrixType3.xml
----------------- Instantiating /home/travis/build/icyphy/ptII/ptolemy/actor/lib/test/auto/matrixType3.xml
2 ms. Memory: 447488K Free: 241487K (54%)
----------------- Invoking toplevel() on ptolemy.moml.MoMLSimpleApplication@7debdfc9
----------------- Done invoking toplevel() on ptolemy.moml.MoMLSimpleApplication@7debdfc9
reloadAllAccessors: .matrixType3

===========================================================================================
----------------- testing Thu Jul 18 13:42:49 UTC 2019 /home/travis/build/icyphy/ptII/ptolemy/actor/lib/test/auto/matrixType4.xml
----------------- Instantiating /home/travis/build/icyphy/ptII/ptolemy/actor/lib/test/auto/matrixType4.xml
2 ms. Memory: 447488K Free: 236881K (53%)
----------------- Invoking toplevel() on ptolemy.moml.MoMLSimpleApplication@3af79758
----------------- Done invoking toplevel() on ptolemy.moml.MoMLSimpleApplication@3af79758
reloadAllAccessors: .matrixType4

===========================================================================================
----------------- testing Thu Jul 18 13:42:49 UTC 2019 /home/travis/build/icyphy/ptII/ptolemy/actor/lib/test/auto/matrixType5.xml
----------------- Instantiating /home/travis/build/icyphy/ptII/ptolemy/actor/lib/test/auto/matrixType5.xml
1 ms. Memory: 447488K Free: 231761K (52%)
----------------- Invoking toplevel() on ptolemy.moml.MoMLSimpleApplication@7e071860
----------------- Done invoking toplevel() on ptolemy.moml.MoMLSimpleApplication@7e071860
reloadAllAccessors: .matrixType5

===========================================================================================
----------------- testing Thu Jul 18 13:42:49 UTC 2019 /home/travis/build/icyphy/ptII/ptolemy/actor/lib/test/auto/matrixType6.xml
----------------- Instantiating /home/travis/build/icyphy/ptII/ptolemy/actor/lib/test/auto/matrixType6.xml
2 ms. Memory: 447488K Free: 227151K (51%)
----------------- Invoking toplevel() on ptolemy.moml.MoMLSimpleApplication@6a3f2105
----------------- Done invoking toplevel() on ptolemy.moml.MoMLSimpleApplication@6a3f2105
reloadAllAccessors: .matrixType6

===========================================================================================
----------------- testing Thu Jul 18 13:42:49 UTC 2019 /home/travis/build/icyphy/ptII/ptolemy/actor/lib/test/auto/matrixType7.xml
----------------- Instantiating /home/travis/build/icyphy/ptII/ptolemy/actor/lib/test/auto/matrixType7.xml
3 ms. Memory: 447488K Free: 222031K (50%)
----------------- Invoking toplevel() on ptolemy.moml.MoMLSimpleApplication@34bb3208
----------------- Done invoking toplevel() on ptolemy.moml.MoMLSimpleApplication@34bb3208
reloadAllAccessors: .matrixType7

===========================================================================================
----------------- testing Thu Jul 18 13:42:49 UTC 2019 /home/travis/build/icyphy/ptII/ptolemy/actor/lib/test/auto/matrixType8.xml
----------------- Instantiating /home/travis/build/icyphy/ptII/ptolemy/actor/lib/test/auto/matrixType8.xml
2 ms. Memory: 447488K Free: 217425K (49%)
----------------- Invoking toplevel() on ptolemy.moml.MoMLSimpleApplication@61b379a8
----------------- Done invoking toplevel() on ptolemy.moml.MoMLSimpleApplication@61b379a8
reloadAllAccessors: .matrixType8

===========================================================================================
----------------- testing Thu Jul 18 13:42:49 UTC 2019 /home/travis/build/icyphy/ptII/ptolemy/actor/lib/test/auto/matrixType9.xml
----------------- Instantiating /home/travis/build/icyphy/ptII/ptolemy/actor/lib/test/auto/matrixType9.xml
2 ms. Memory: 447488K Free: 212305K (47%)
----------------- Invoking toplevel() on ptolemy.moml.MoMLSimpleApplication@22eb3775
----------------- Done invoking toplevel() on ptolemy.moml.MoMLSimpleApplication@22eb3775
reloadAllAccessors: .matrixType9

===========================================================================================
----------------- testing Thu Jul 18 13:42:49 UTC 2019 /home/travis/build/icyphy/ptII/ptolemy/actor/lib/test/auto/paraFunctest.xml
----------------- Instantiating /home/travis/build/icyphy/ptII/ptolemy/actor/lib/test/auto/paraFunctest.xml
1 ms. Memory: 447488K Free: 208689K (47%)
----------------- Invoking toplevel() on ptolemy.moml.MoMLSimpleApplication@6d526937
----------------- Done invoking toplevel() on ptolemy.moml.MoMLSimpleApplication@6d526937
reloadAllAccessors: .paraFunctest

===========================================================================================
----------------- testing Thu Jul 18 13:42:49 UTC 2019 /home/travis/build/icyphy/ptII/ptolemy/actor/lib/test/auto/paraFunctest2.xml
----------------- Instantiating /home/travis/build/icyphy/ptII/ptolemy/actor/lib/test/auto/paraFunctest2.xml
2 ms. Memory: 447488K Free: 204113K (46%)
----------------- Invoking toplevel() on ptolemy.moml.MoMLSimpleApplication@3c2a9b67
----------------- Done invoking toplevel() on ptolemy.moml.MoMLSimpleApplication@3c2a9b67
reloadAllAccessors: .paraFunctest2

===========================================================================================
----------------- testing Thu Jul 18 13:42:49 UTC 2019 /home/travis/build/icyphy/ptII/ptolemy/actor/lib/test/auto/parameterPassing.xml
----------------- Instantiating /home/travis/build/icyphy/ptII/ptolemy/actor/lib/test/auto/parameterPassing.xml
1 ms. Memory: 447488K Free: 200017K (45%)
----------------- Invoking toplevel() on ptolemy.moml.MoMLSimpleApplication@46dffb14
----------------- Done invoking toplevel() on ptolemy.moml.MoMLSimpleApplication@46dffb14
reloadAllAccessors: .parameterPassing

===========================================================================================
----------------- testing Thu Jul 18 13:42:49 UTC 2019 /home/travis/build/icyphy/ptII/ptolemy/actor/lib/test/auto/record.xml
----------------- Instantiating /home/travis/build/icyphy/ptII/ptolemy/actor/lib/test/auto/record.xml
2 ms. Memory: 447488K Free: 194897K (44%)
----------------- Invoking toplevel() on ptolemy.moml.MoMLSimpleApplication@4d4d4e8a
----------------- Done invoking toplevel() on ptolemy.moml.MoMLSimpleApplication@4d4d4e8a
reloadAllAccessors: .record

===========================================================================================
----------------- testing Thu Jul 18 13:42:49 UTC 2019 /home/travis/build/icyphy/ptII/ptolemy/actor/lib/test/auto/sizedarray1.xml
----------------- Instantiating /home/travis/build/icyphy/ptII/ptolemy/actor/lib/test/auto/sizedarray1.xml
2 ms. Memory: 447488K Free: 189777K (42%)
----------------- Invoking toplevel() on ptolemy.moml.MoMLSimpleApplication@11fa0619
----------------- Done invoking toplevel() on ptolemy.moml.MoMLSimpleApplication@11fa0619
reloadAllAccessors: .sizedarray1

===========================================================================================
----------------- testing Thu Jul 18 13:42:49 UTC 2019 /home/travis/build/icyphy/ptII/ptolemy/actor/lib/test/auto/sizedarray2.xml
----------------- Instantiating /home/travis/build/icyphy/ptII/ptolemy/actor/lib/test/auto/sizedarray2.xml
3 ms. Memory: 447488K Free: 184143K (41%)
----------------- Invoking toplevel() on ptolemy.moml.MoMLSimpleApplication@dc3d960
----------------- Done invoking toplevel() on ptolemy.moml.MoMLSimpleApplication@dc3d960
reloadAllAccessors: .sizedarray2

===========================================================================================
----------------- testing Thu Jul 18 13:42:49 UTC 2019 /home/travis/build/icyphy/ptII/ptolemy/actor/lib/test/auto/twoPublishers.xml
----------------- Instantiating /home/travis/build/icyphy/ptII/ptolemy/actor/lib/test/auto/twoPublishers.xml
6 ms. Memory: 447488K Free: 173393K (39%)
----------------- Invoking toplevel() on ptolemy.moml.MoMLSimpleApplication@366f2479
----------------- Done invoking toplevel() on ptolemy.moml.MoMLSimpleApplication@366f2479
reloadAllAccessors: .twoPublishers
AutoTests.java: About to close Vertx.
AutoTests.java: Vertx closed.
]]></system-out>
  <system-err><![CDATA[java.lang.RuntimeException: Execution failed
	at ptolemy.moml.MoMLSimpleApplication$UnloadThread.run(MoMLSimpleApplication.java:402)
Caused by: java.lang.RuntimeException: StringUtilities.exit() was called. Normally, we would exit here because Manager.exitAfterWrapup() was called.  However, because the ptolemy.ptII.exitAfterWrapup property is set, we throw this exception instead.
	at ptolemy.util.StringUtilities.exit(StringUtilities.java:363)
	at ptolemy.actor.Manager.wrapup(Manager.java:1549)
	at ptolemy.actor.Manager.execute(Manager.java:407)
	at ptolemy.actor.Manager.run(Manager.java:1263)
	at ptolemy.actor.Manager$PtolemyRunThread.run(Manager.java:1933)
Warning: '.top.test' is in training mode, set the trainingMode parameter to false before checking in
Warning: '.top.test' is in training mode, set the trainingMode parameter to false before checking in
Warning: '.top.test' is in training mode, set the trainingMode parameter to false before checking in
Warning: '.BooleanSwitch_RegressionTest_WrongTrainingValues.Test' is in training mode, set the trainingMode parameter to false before checking in
Warning: '.BooleanSwitch_RegressionTest_WrongTrainingValues.Test2' is in training mode, set the trainingMode parameter to false before checking in
Warning: '.BooleanSwitch_RegressionTest_WrongTrainingValues.Test2' The test produced 0 tokens.
Warning: '.top.testExceptionHandler' is in training mode, set the trainingMode parameter to false before checking in
java.lang.RuntimeException: Execution failed
	at ptolemy.moml.MoMLSimpleApplication$UnloadThread.run(MoMLSimpleApplication.java:402)
Caused by: ptolemy.kernel.util.IllegalActionException: PublisherPorts cannot be used at the top level, use a Publisher actor instead.
  in .PublisherPortToplevelSubscriber.PublisherPort
	at ptolemy.actor.PublisherPort.preinitialize(PublisherPort.java:403)
	at ptolemy.actor.CompositeActor.preinitialize(CompositeActor.java:1769)
	at ptolemy.actor.Manager.preinitializeAndResolveTypes(Manager.java:1040)
	at ptolemy.actor.Manager.initialize(Manager.java:710)
	at ptolemy.actor.Manager.execute(Manager.java:356)
	at ptolemy.actor.Manager.run(Manager.java:1263)
	at ptolemy.actor.Manager$PtolemyRunThread.run(Manager.java:1933)
java.lang.reflect.InvocationTargetException
	at java.base/jdk.internal.reflect.NativeConstructorAccessorImpl.newInstance0(Native Method)
	at java.base/jdk.internal.reflect.NativeConstructorAccessorImpl.newInstance(NativeConstructorAccessorImpl.java:62)
	at java.base/jdk.internal.reflect.DelegatingConstructorAccessorImpl.newInstance(DelegatingConstructorAccessorImpl.java:45)
	at java.base/java.lang.reflect.Constructor.newInstance(Constructor.java:490)
	at ptolemy.util.test.junit.AutoKnownFailedTests.RunModel(AutoKnownFailedTests.java:105)
	at java.base/jdk.internal.reflect.NativeMethodAccessorImpl.invoke0(Native Method)
	at java.base/jdk.internal.reflect.NativeMethodAccessorImpl.invoke(NativeMethodAccessorImpl.java:62)
	at java.base/jdk.internal.reflect.DelegatingMethodAccessorImpl.invoke(DelegatingMethodAccessorImpl.java:43)
	at java.base/java.lang.reflect.Method.invoke(Method.java:566)
	at org.junit.runners.model.FrameworkMethod$1.runReflectiveCall(FrameworkMethod.java:44)
	at org.junit.internal.runners.model.ReflectiveCallable.run(ReflectiveCallable.java:15)
	at org.junit.runners.model.FrameworkMethod.invokeExplosively(FrameworkMethod.java:41)
	at junitparams.internal.InvokeParameterisedMethod.evaluate(InvokeParameterisedMethod.java:102)
	at org.junit.internal.runners.statements.FailOnTimeout$1.run(FailOnTimeout.java:28)
Caused by: ptolemy.kernel.util.IllegalActionException: PublisherPorts cannot be used at the top level, use a Publisher actor instead.
  in .PublisherPortToplevelSubscriber.PublisherPort
	at ptolemy.actor.PublisherPort.preinitialize(PublisherPort.java:403)
	at ptolemy.actor.CompositeActor.preinitialize(CompositeActor.java:1769)
	at ptolemy.actor.Manager.preinitializeAndResolveTypes(Manager.java:1040)
	at ptolemy.actor.Manager.initialize(Manager.java:710)
	at ptolemy.actor.Manager.execute(Manager.java:356)
	at ptolemy.actor.Manager.run(Manager.java:1263)
	at ptolemy.actor.Manager$PtolemyRunThread.run(Manager.java:1933)
java.lang.RuntimeException: Execution failed
	at ptolemy.moml.MoMLSimpleApplication$UnloadThread.run(MoMLSimpleApplication.java:402)
Caused by: ptolemy.kernel.util.IllegalActionException: SubscriberPorts cannot be used at the top level, use a Subscriber actor instead.
  in .PublisherSubscriberPortToplevel.SubscriberPort
	at ptolemy.actor.SubscriberPort.preinitialize(SubscriberPort.java:328)
	at ptolemy.actor.CompositeActor.preinitialize(CompositeActor.java:1769)
	at ptolemy.actor.Manager.preinitializeAndResolveTypes(Manager.java:1040)
	at ptolemy.actor.Manager.initialize(Manager.java:710)
	at ptolemy.actor.Manager.execute(Manager.java:356)
	at ptolemy.actor.Manager.run(Manager.java:1263)
	at ptolemy.actor.Manager$PtolemyRunThread.run(Manager.java:1933)
java.lang.reflect.InvocationTargetException
	at java.base/jdk.internal.reflect.NativeConstructorAccessorImpl.newInstance0(Native Method)
	at java.base/jdk.internal.reflect.NativeConstructorAccessorImpl.newInstance(NativeConstructorAccessorImpl.java:62)
	at java.base/jdk.internal.reflect.DelegatingConstructorAccessorImpl.newInstance(DelegatingConstructorAccessorImpl.java:45)
	at java.base/java.lang.reflect.Constructor.newInstance(Constructor.java:490)
	at ptolemy.util.test.junit.AutoKnownFailedTests.RunModel(AutoKnownFailedTests.java:105)
	at java.base/jdk.internal.reflect.NativeMethodAccessorImpl.invoke0(Native Method)
	at java.base/jdk.internal.reflect.NativeMethodAccessorImpl.invoke(NativeMethodAccessorImpl.java:62)
	at java.base/jdk.internal.reflect.DelegatingMethodAccessorImpl.invoke(DelegatingMethodAccessorImpl.java:43)
	at java.base/java.lang.reflect.Method.invoke(Method.java:566)
	at org.junit.runners.model.FrameworkMethod$1.runReflectiveCall(FrameworkMethod.java:44)
	at org.junit.internal.runners.model.ReflectiveCallable.run(ReflectiveCallable.java:15)
	at org.junit.runners.model.FrameworkMethod.invokeExplosively(FrameworkMethod.java:41)
	at junitparams.internal.InvokeParameterisedMethod.evaluate(InvokeParameterisedMethod.java:102)
	at org.junit.internal.runners.statements.FailOnTimeout$1.run(FailOnTimeout.java:28)
Caused by: ptolemy.kernel.util.IllegalActionException: SubscriberPorts cannot be used at the top level, use a Subscriber actor instead.
  in .PublisherSubscriberPortToplevel.SubscriberPort
	at ptolemy.actor.SubscriberPort.preinitialize(SubscriberPort.java:328)
	at ptolemy.actor.CompositeActor.preinitialize(CompositeActor.java:1769)
	at ptolemy.actor.Manager.preinitializeAndResolveTypes(Manager.java:1040)
	at ptolemy.actor.Manager.initialize(Manager.java:710)
	at ptolemy.actor.Manager.execute(Manager.java:356)
	at ptolemy.actor.Manager.run(Manager.java:1263)
	at ptolemy.actor.Manager$PtolemyRunThread.run(Manager.java:1933)
java.lang.RuntimeException: Execution failed
	at ptolemy.moml.MoMLSimpleApplication$UnloadThread.run(MoMLSimpleApplication.java:402)
Caused by: ptolemy.kernel.util.IllegalActionException: SubscriptionAggregatorPorts cannot be used at the top level, use a SubscriptionAggregator actor instead.
  in .PublisherSubscriptionAggregatorPort.SubscriptionAggregatorPort
	at ptolemy.actor.SubscriptionAggregatorPort.preinitialize(SubscriptionAggregatorPort.java:353)
	at ptolemy.actor.CompositeActor.preinitialize(CompositeActor.java:1769)
	at ptolemy.actor.Manager.preinitializeAndResolveTypes(Manager.java:1040)
	at ptolemy.actor.Manager.initialize(Manager.java:710)
	at ptolemy.actor.Manager.execute(Manager.java:356)
	at ptolemy.actor.Manager.run(Manager.java:1263)
	at ptolemy.actor.Manager$PtolemyRunThread.run(Manager.java:1933)
java.lang.reflect.InvocationTargetException
	at java.base/jdk.internal.reflect.NativeConstructorAccessorImpl.newInstance0(Native Method)
	at java.base/jdk.internal.reflect.NativeConstructorAccessorImpl.newInstance(NativeConstructorAccessorImpl.java:62)
	at java.base/jdk.internal.reflect.DelegatingConstructorAccessorImpl.newInstance(DelegatingConstructorAccessorImpl.java:45)
	at java.base/java.lang.reflect.Constructor.newInstance(Constructor.java:490)
	at ptolemy.util.test.junit.AutoKnownFailedTests.RunModel(AutoKnownFailedTests.java:105)
	at java.base/jdk.internal.reflect.NativeMethodAccessorImpl.invoke0(Native Method)
	at java.base/jdk.internal.reflect.NativeMethodAccessorImpl.invoke(NativeMethodAccessorImpl.java:62)
	at java.base/jdk.internal.reflect.DelegatingMethodAccessorImpl.invoke(DelegatingMethodAccessorImpl.java:43)
	at java.base/java.lang.reflect.Method.invoke(Method.java:566)
	at org.junit.runners.model.FrameworkMethod$1.runReflectiveCall(FrameworkMethod.java:44)
	at org.junit.internal.runners.model.ReflectiveCallable.run(ReflectiveCallable.java:15)
	at org.junit.runners.model.FrameworkMethod.invokeExplosively(FrameworkMethod.java:41)
	at junitparams.internal.InvokeParameterisedMethod.evaluate(InvokeParameterisedMethod.java:102)
	at org.junit.internal.runners.statements.FailOnTimeout$1.run(FailOnTimeout.java:28)
Caused by: ptolemy.kernel.util.IllegalActionException: SubscriptionAggregatorPorts cannot be used at the top level, use a SubscriptionAggregator actor instead.
  in .PublisherSubscriptionAggregatorPort.SubscriptionAggregatorPort
	at ptolemy.actor.SubscriptionAggregatorPort.preinitialize(SubscriptionAggregatorPort.java:353)
	at ptolemy.actor.CompositeActor.preinitialize(CompositeActor.java:1769)
	at ptolemy.actor.Manager.preinitializeAndResolveTypes(Manager.java:1040)
	at ptolemy.actor.Manager.initialize(Manager.java:710)
	at ptolemy.actor.Manager.execute(Manager.java:356)
	at ptolemy.actor.Manager.run(Manager.java:1263)
	at ptolemy.actor.Manager$PtolemyRunThread.run(Manager.java:1933)
java.lang.RuntimeException: Execution failed
	at ptolemy.moml.MoMLSimpleApplication$UnloadThread.run(MoMLSimpleApplication.java:402)
Caused by: ptolemy.kernel.util.IllegalActionException: TypeTest actor has no training data.
  in .sizedarray3.TypeTest
	at ptolemy.actor.lib.TypeTest.initialize(TypeTest.java:250)
	at ptolemy.actor.Director.initialize(Director.java:938)
	at ptolemy.actor.Director.initialize(Director.java:907)
	at ptolemy.actor.sched.StaticSchedulingDirector.initialize(StaticSchedulingDirector.java:159)
	at ptolemy.domains.sdf.kernel.SDFDirector.initialize(SDFDirector.java:544)
	at ptolemy.actor.CompositeActor.initialize(CompositeActor.java:935)
	at ptolemy.actor.Manager.initialize(Manager.java:724)
	at ptolemy.actor.Manager.execute(Manager.java:356)
	at ptolemy.actor.Manager.run(Manager.java:1263)
	at ptolemy.actor.Manager$PtolemyRunThread.run(Manager.java:1933)
java.lang.reflect.InvocationTargetException
	at java.base/jdk.internal.reflect.NativeConstructorAccessorImpl.newInstance0(Native Method)
	at java.base/jdk.internal.reflect.NativeConstructorAccessorImpl.newInstance(NativeConstructorAccessorImpl.java:62)
	at java.base/jdk.internal.reflect.DelegatingConstructorAccessorImpl.newInstance(DelegatingConstructorAccessorImpl.java:45)
	at java.base/java.lang.reflect.Constructor.newInstance(Constructor.java:490)
	at ptolemy.util.test.junit.AutoKnownFailedTests.RunModel(AutoKnownFailedTests.java:105)
	at java.base/jdk.internal.reflect.NativeMethodAccessorImpl.invoke0(Native Method)
	at java.base/jdk.internal.reflect.NativeMethodAccessorImpl.invoke(NativeMethodAccessorImpl.java:62)
	at java.base/jdk.internal.reflect.DelegatingMethodAccessorImpl.invoke(DelegatingMethodAccessorImpl.java:43)
	at java.base/java.lang.reflect.Method.invoke(Method.java:566)
	at org.junit.runners.model.FrameworkMethod$1.runReflectiveCall(FrameworkMethod.java:44)
	at org.junit.internal.runners.model.ReflectiveCallable.run(ReflectiveCallable.java:15)
	at org.junit.runners.model.FrameworkMethod.invokeExplosively(FrameworkMethod.java:41)
	at junitparams.internal.InvokeParameterisedMethod.evaluate(InvokeParameterisedMethod.java:102)
	at org.junit.internal.runners.statements.FailOnTimeout$1.run(FailOnTimeout.java:28)
Caused by: ptolemy.kernel.util.IllegalActionException: TypeTest actor has no training data.
  in .sizedarray3.TypeTest
	at ptolemy.actor.lib.TypeTest.initialize(TypeTest.java:250)
	at ptolemy.actor.Director.initialize(Director.java:938)
	at ptolemy.actor.Director.initialize(Director.java:907)
	at ptolemy.actor.sched.StaticSchedulingDirector.initialize(StaticSchedulingDirector.java:159)
	at ptolemy.domains.sdf.kernel.SDFDirector.initialize(SDFDirector.java:544)
	at ptolemy.actor.CompositeActor.initialize(CompositeActor.java:935)
	at ptolemy.actor.Manager.initialize(Manager.java:724)
	at ptolemy.actor.Manager.execute(Manager.java:356)
	at ptolemy.actor.Manager.run(Manager.java:1263)
	at ptolemy.actor.Manager$PtolemyRunThread.run(Manager.java:1933)
]]></system-err>
</testsuite>
