<?xml version="1.0" encoding="UTF-8" ?>
<testsuite errors="0" failures="0" hostname="travis-job-bef8905e-f21f-4f13-888b-bf947be7ac02" name="ptolemy.actor.lib.test.junit.JUnitTclTest" skipped="0" tests="517" time="59.69" timestamp="2018-11-10T02:40:21">
  <properties>
    <property name="npm.executable" value="npm" />
    <property name="file.encoding.pkg" value="sun.io" />
    <property name="env.TRAVIS_ROOT" value="/" />
    <property name="ptII.mk.exists" value="true" />
    <property name="env.TRAVIS_APP_HOST" value="build.travis-ci.org" />
    <property name="env.rvm_bin_path" value="/home/travis/.rvm/bin" />
    <property name="java.home" value="/usr/lib/jvm/java-8-oracle/jre" />
    <property name="env.TRAVIS_JOB_NUMBER" value="813.8" />
    <property name="env.TRAVIS_HOME" value="/home/travis" />
    <property name="env.DISPLAY" value=":99.0" />
    <property name="java.net.preferIPv4Stack" value="true" />
    <property name="env.TRAVIS_INIT" value="upstart" />
    <property name="env.SSH_TTY" value="/dev/pts/0" />
    <property name="env.RUN_TESTS" value="false" />
    <property name="timeout.short" value="1000000" />
    <property name="env.TRAVIS_STACK_NODE_ATTRIBUTES" value="/.node-attributes.yml" />
    <property name="junit.formatter" value="xml" />
    <property name="java.endorsed.dirs" value="/usr/lib/jvm/java-8-oracle/jre/lib/endorsed" />
    <property name="env.TRAVIS_SUDO" value="true" />
    <property name="env.LOGNAME" value="travis" />
    <property name="env.PT_TRAVIS_TEST_CORE1_XML" value="true" />
    <property name="jsdoc.home" value="node_modules/@terraswarm/jsdoc" />
    <property name="debuglevel" value="source,lines,vars" />
    <property name="checkstyle.formatter" value="xml" />
    <property name="bin.vergil.makeable" value="true" />
    <property name="env._system_version" value="14.04" />
    <property name="sun.os.patch.level" value="unknown" />
    <property name="java.vendor.url" value="http://java.oracle.com/" />
    <property name="env.TRAVIS_BUILD_WEB_URL" value="https://travis-ci.org/icyphy/ptII/builds/453155511" />
    <property name="java.version" value="1.8.0_151" />
    <property name="env.TZ" value="UTC" />
    <property name="env.PT_NO_NET" value="true" />
    <property name="env.TRAVIS_PULL_REQUEST_SHA" value="" />
    <property name="env.TRAVIS_SECURE_ENV_VARS" value="true" />
    <property name="env._system_type" value="Linux" />
    <property name="java.vendor.url.bug" value="http://bugreport.sun.com/bugreport/" />
    <property name="env.SSH_CLIENT" value="10.10.4.25 37510 22" />
    <property name="npmjs-org-is-up" value="true" />
    <property name="env.GEM_HOME" value="/home/travis/.rvm/gems/ruby-2.4.1" />
    <property name="env.HAS_ANTARES_THREE_LITTLE_FRONZIES_BADGE" value="true" />
    <property name="env.PS4" value="+" />
    <property name="ant.project.invoked-targets" value="build,test.core1.xml" />
    <property name="env.TRAVIS_PULL_REQUEST_BRANCH" value="" />
    <property name="env.TRAVIS_REPO_SLUG" value="icyphy/ptII" />
    <property name="node.in.path" value="true" />
    <property name="java.maxmemory" value="1400m" />
    <property name="env.RUBY_VERSION" value="ruby-2.4.1" />
    <property name="user.name" value="travis" />
    <property name="env.LANG" value="en_US.UTF-8" />
    <property name="sun.io.unicode.encoding" value="UnicodeLittle" />
    <property name="sun.jnu.encoding" value="UTF-8" />
    <property name="java.runtime.name" value="Java(TM) SE Runtime Environment" />
    <property name="usefile" value="false" />
    <property name="return.code" value="0" />
    <property name="junit.single.formatter" value="plain" />
    <property name="env.DYLD_LIBRARY_PATH" value="/home/travis/pthla/certi-tools/lib:" />
    <property name="env.DEBIAN_FRONTEND" value="noninteractive" />
    <property name="env.SSH_CONNECTION" value="10.10.4.25 37510 10.20.1.33 22" />
    <property name="env.MYSQL_UNIX_PORT" value="/var/run/mysqld/mysqld.sock" />
    <property name="env.TRAVIS_ALLOW_FAILURE" value="false" />
    <property name="env.LC_ALL" value="en_US.UTF-8" />
    <property name="env.TRAVIS_JOB_WEB_URL" value="https://travis-ci.org/icyphy/ptII/jobs/453155519" />
    <property name="java.specification.name" value="Java Platform API Specification" />
    <property name="node.works" value="true" />
    <property name="user.timezone" value="" />
    <property name="path.separator" value=":" />
    <property name="env.TRAVIS_ENABLE_INFRA_DETECTION" value="true" />
    <property name="env.PYTHON_CFLAGS" value="-g -fstack-protector --param=ssp-buffer-size=4 -Wformat -Werror=format-security" />
    <property name="timeout.long" value="4000000" />
    <property name="env.CERTI_HOME" value="/home/travis/pthla/certi-tools" />
    <property name="file.encoding" value="UTF-8" />
    <property name="ant.file.ptII" value="/home/travis/build/icyphy/ptII/build.xml" />
    <property name="javadoc.packagenames" value="com.*,diva.*,lbnl.*,org.hlacerti.*,org.json.*,org.ptolemy.*,org.terraswarm.*,ptolemy.*,ptserver.*" />
    <property name="env.TRAVIS_PULL_REQUEST_SLUG" value="" />
    <property name="ant.project.default-target" value="build" />
    <property name="env.GIT_ASKPASS" value="echo" />
    <property name="env.HOME" value="/home/travis" />
    <property name="sun.java.command" value="org.apache.tools.ant.taskdefs.optional.junit.JUnitTestRunner ptolemy.actor.lib.test.junit.JUnitTclTest skipNonTests=false filtertrace=true haltOnError=false haltOnFailure=false formatter=org.apache.tools.ant.taskdefs.optional.junit.OutErrSummaryJUnitResultFormatter showoutput=true outputtoformatters=true logfailedtests=true threadid=0 logtestlistenerevents=false formatter=org.apache.tools.ant.taskdefs.optional.junit.XMLJUnitResultFormatter,/home/travis/build/icyphy/ptII/reports/junit/TEST-ptolemy.actor.lib.test.junit.JUnitTclTest.xml crashfile=/home/travis/build/icyphy/ptII/junitvmwatcher2179987229691323930.properties propsfile=/home/travis/build/icyphy/ptII/junit1803704143631148692.properties" />
    <property name="env.MANPATH" value="/home/travis/.nvm/versions/node/v7.10.1/share/man:/home/travis/.kiex/elixirs/elixir-1.4.5/man:/home/travis/.rvm/rubies/ruby-2.4.1/share/man:/usr/local/man:/usr/local/cmake-3.9.2/man:/usr/local/clang-5.0.0/share/man:/usr/local/share/man:/usr/share/man:/home/travis/.rvm/man" />
    <property name="env.COMPOSER_NO_INTERACTION" value="1" />
    <property name="env.JDK_SWITCHER_DEFAULT" value="oraclejdk8" />
    <property name="env.TRAVIS_TIMER_ID" value="1337d5fa" />
    <property name="ant.file" value="/home/travis/build/icyphy/ptII/build.xml" />
    <property name="env.TRAVIS_COMMIT_RANGE" value="266362fdd7fec1c11f86a883b758bf967cd42763...88906283d1ef8600739cec7f6a1290cf61dda42a" />
    <property name="env._system_name" value="Ubuntu" />
    <property name="timeout" value="2400000" />
    <property name="ptII.classpath.optional.property" value="/home/travis/build/icyphy/ptII/lib/bsh-2.0b4.jar:/home/travis/build/icyphy/ptII/lib/ptCal.jar:/home/travis/build/icyphy/ptII/lib/java_cup.jar:/home/travis/build/icyphy/ptII/lib/saxon8.jar:/home/travis/build/icyphy/ptII/lib/saxon8-dom.jar:/home/travis/build/icyphy/ptII/lib/chic.jar:/home/travis/build/icyphy/ptII/lib/ptcolt.jar:/usr/lib/jvm/java-8-oracle/lib/tools.jar:/usr/lib/eclipse/plugins/org.eclipse.jdt.core_3.8.2.dist.jar:/usr/lib/eclipse/plugins/org.eclipse.core.runtime_3.8.0.dist.jar:/usr/lib/eclipse/plugins/org.eclipse.osgi_3.8.1.dist.jar:/usr/lib/eclipse/plugins/org.eclipse.core.resources_3.8.1.dist.jar:/usr/lib/eclipse/plugins/org.eclipse.equinox.common_3.6.100.dist.jar:/usr/lib/eclipse/plugins/org.eclipse.core.jobs_3.5.200.dist.jar:/usr/lib/eclipse/plugins/org.eclipse.core.contenttype_3.4.200.dist.jar:/usr/lib/eclipse/plugins/org.eclipse.equinox.preferences_3.5.0.dist.jar:/usr/lib/eclipse/plugins/org.eclipse.text_3.5.200.dist.jar:/usr/lib/eclipse/plugins/org.eclipse.ui.workbench_3.8.1.dist.jar:/usr/lib/eclipse/plugins/org.eclipse.jface_3.8.0.dist.jar:/usr/lib/eclipse/plugins/org.eclipse.swt_3.8.2.jar:/usr/lib/eclipse/plugins/org.eclipse.jface.text_3.8.1.dist.jar:/usr/lib/eclipse/plugins/org.eclipse.ui.workbench.texteditor_3.8.0.dist.jar:/usr/lib/eclipse/plugins/org.eclipse.ui.editors_3.8.0.dist.jar:/usr/lib/eclipse/plugins/org.eclipse.core.commands_3.6.1.dist.jar:/usr/lib/eclipse/plugins/org.eclipse.equinox.registry_3.5.200.dist.jar:/usr/lib/eclipse/plugins/org.eclipse.ui.console_3.5.100.dist.jar:/usr/lib/eclipse/plugins/org.eclipse.ui.forms_3.5.200.dist.jar:/usr/lib/eclipse/plugins/org.eclipse.ui.ide_3.8.1.dist.jar:/home/travis/build/icyphy/ptII/vendors/oracle/dbxml.jar:/home/travis/build/icyphy/ptII/vendors/oracle/db.jar:/home/travis/build/icyphy/ptII/vendors/misc/itext/iText.jar:/home/travis/build/icyphy/ptII/lib/g4ltl.jar:/home/travis/build/icyphy/ptII/lib/StructuralCoder.jar:/home/travis/build/icyphy/ptII/lib/org-openide-util.jar:/home/travis/build/icyphy/ptII/lib/org-openide-util-lookup.jar:/home/travis/build/icyphy/ptII/lib/org-netbeans-api-visual.jar:/home/travis/build/icyphy/ptII/vendors/jai-1_1_2_01/lib/jai_core.jar:/home/travis/build/icyphy/ptII/vendors/jai-1_1_2_01/lib/jai_codec.jar:/home/travis/build/icyphy/ptII/lib/jcerti.jar:/home/travis/build/icyphy/ptII/lib/smack.jar:/home/travis/build/icyphy/ptII/lib/smackx.jar:/home/travis/build/icyphy/ptII/lib/jetty-all-8.1.5-v20120716.jar:/home/travis/build/icyphy/ptII/lib/javax.servlet-api-3.0.1.jar:/home/travis/build/icyphy/ptII/lib/javax.mail.jar:/home/travis/build/icyphy/ptII/vendors/JMF-2.1.1e/lib/jmf.jar:/home/travis/build/icyphy/ptII/lib/jna-4.0.0-variadic.jar:/home/travis/build/icyphy/ptII/vendors/misc/joystick/Joystick.jar:/home/travis/build/icyphy/ptII/lib/ptjacl.jar:/home/travis/build/icyphy/ptII/lib/jsoup-1.8.2.jar:/home/travis/build/icyphy/ptII/lib/junit-4.8.2.jar:/home/travis/build/icyphy/ptII/lib/JUnitParams-0.4.0.jar:/home/travis/build/icyphy/ptII/ptolemy/actor/lib/excel/jxl.jar:/home/travis/build/icyphy/ptII/lib/jython.jar:/home/travis/build/icyphy/ptII/lib/kieler.jar:/home/travis/build/icyphy/ptII/vendors/opencv/share/OpenCV/java/opencv-341.jar:/home/travis/build/icyphy/ptII/lib/oscP5.jar:/home/travis/build/icyphy/ptII/lib/nrjavaserial-3.11.0.devel.jar:/home/travis/build/icyphy/ptII/vendors/j3d/lib/j3dcore.jar:/home/travis/build/icyphy/ptII/vendors/j3d/lib/j3dutils.jar:/home/travis/build/icyphy/ptII/vendors/j3d/lib/vecmath.jar:/home/travis/build/icyphy/ptII/ptolemy/distributed/jini/jar/jini-core.jar:/home/travis/build/icyphy/ptII/ptolemy/distributed/jini/jar/jini-ext.jar:/home/travis/build/icyphy/ptII/ptolemy/distributed/jini/jar/sun-util.jar:/home/travis/build/icyphy/ptII/lib/protobuf-java-2.4.1.jar:/home/travis/build/icyphy/ptII/lib/org.eclipse.paho.client.mqttv3.jar:/home/travis/build/icyphy/ptII/ptserver/lib/hessian-4.0.7.jar:/home/travis/build/icyphy/ptII/ptserver/lib/wmqtt.jar:/home/travis/build/icyphy/ptII/lib/mapss.jar:/home/travis/build/icyphy/ptII/ptolemy/actor/ptalon/antlr/antlr.jar:/home/travis/build/icyphy/ptII/lib/JRI.jar:/home/travis/build/icyphy/ptII/lib/commons-lang-2.6.jar:/home/travis/build/icyphy/ptII/lib/commons-logging-1.1.1.jar:/home/travis/build/icyphy/ptII/lib/sootclasses.jar:/home/travis/build/icyphy/ptII/ptolemy/actor/lib/database/mysql-connector-java-5.1.6-bin.jar:/home/travis/build/icyphy/ptII/vendors/misc/sphinx4/sphinx4-data-5prealpha.jar:/home/travis/build/icyphy/ptII/vendors/misc/sphinx4/sphinx4-core-5prealpha.jar:/home/travis/build/icyphy/ptII/lib/PDFRenderer.jar:/home/travis/build/icyphy/ptII/lib/svgSalamander.jar:/home/travis/build/icyphy/ptII/lib/rsyntaxtextarea-2.6.0-SNAPSHOT.jar:/home/travis/build/icyphy/ptII/lib/hazelcast-3.8.2.jar:/home/travis/build/icyphy/ptII/lib/jackson-annotations-2.9.0.jar:/home/travis/build/icyphy/ptII/lib/jackson-core-2.9.3.jar:/home/travis/build/icyphy/ptII/lib/jackson-databind-2.9.3.jar:/home/travis/build/icyphy/ptII/lib/netty-buffer-4.1.19.Final.jar:/home/travis/build/icyphy/ptII/lib/netty-codec-4.1.19.Final.jar:/home/travis/build/icyphy/ptII/lib/netty-codec-dns-4.1.19.Final.jar:/home/travis/build/icyphy/ptII/lib/netty-codec-http-4.1.19.Final.jar:/home/travis/build/icyphy/ptII/lib/netty-codec-http2-4.1.19.Final.jar:/home/travis/build/icyphy/ptII/lib/netty-common-4.1.19.Final.jar:/home/travis/build/icyphy/ptII/lib/netty-handler-4.1.19.Final.jar:/home/travis/build/icyphy/ptII/lib/netty-resolver-4.1.19.Final.jar:/home/travis/build/icyphy/ptII/lib/netty-resolver-dns-4.1.19.Final.jar:/home/travis/build/icyphy/ptII/lib/netty-transport-4.1.19.Final.jar:/home/travis/build/icyphy/ptII/lib/vertx-codegen-3.5.1.jar:/home/travis/build/icyphy/ptII/lib/vertx-core-3.5.2-SNAPSHOT.jar:/home/travis/build/icyphy/ptII/lib/vertx-hazelcast-3.5.1.jar:/home/travis/build/icyphy/ptII/lib/vertx-lang-js-3.5.1.jar:/home/travis/build/icyphy/ptII/lib/vertx-service-proxy-3.5.1.jar:/home/travis/build/icyphy/ptII/lib/vertx-web-3.5.1.jar:/home/travis/build/icyphy/ptII/lib/slf4j-api-1.7.13.jar:/home/travis/build/icyphy/ptII/lib/slf4j-simple-1.7.13.jar:/home/travis/build/icyphy/ptII/lib/webcam-capture-0.3.12.jar:/home/travis/build/icyphy/ptII/lib/bridj-0.7.0.jar:/home/travis/build/icyphy/ptII/lib/xbjlib-1.1.0.nrjavaserial.jar" />
    <property name="test.batch" value="**/junit/*.java" />
    <property name="env._" value="/usr/bin/timeout" />
    <property name="java.io.tmpdir" value="/tmp" />
    <property name="env.TRAVIS_INTERNAL_RUBY_REGEX" value="^ruby-(2\.[0-4]\.[0-9]|1\.9\.3)" />
    <property name="user.language" value="en" />
    <property name="env.HISTCONTROL" value="ignoredups:ignorespace" />
    <property name="env.GOROOT" value="/home/travis/.gimme/versions/go1.7.4.linux.amd64" />
    <property name="line.separator" value="&#xa;" />
    <property name="target" value="1.8" />
    <property name="env.TRAVIS_BUILD_DIR" value="/home/travis/build/icyphy/ptII" />
    <property name="env.ANT_OPTS" value="-Xmx2048m" />
    <property name="ant.file.type" value="file" />
    <property name="ptolemy.ptII.batchMode" value="true" />
    <property name="env.HISTSIZE" value="1000" />
    <property name="env.MERB_ENV" value="test" />
    <property name="java.vm.info" value="mixed mode" />
    <property name="source" value="1.8" />
    <property name="java.vm.specification.name" value="Java Virtual Machine Specification" />
    <property name="env.TRAVIS_TEST_RESULT" value="0" />
    <property name="jsdoc.command" value="node_modules/@terraswarm/jsdoc/jsdoc.js" />
    <property name="npm.works" value="true" />
    <property name="cobertura.dir" value="/home/travis/build/icyphy/ptII/vendors/cobertura-2.0.3" />
    <property name="env.rvm_path" value="/home/travis/.rvm" />
    <property name="env.GEM_PATH" value="/home/travis/.rvm/gems/ruby-2.4.1:/home/travis/.rvm/gems/ruby-2.4.1@global" />
    <property name="env.LC_CTYPE" value="en_US.UTF-8" />
    <property name="java.awt.printerjob" value="sun.print.PSPrinterJob" />
    <property name="env.TRAVIS_CMD" value="$PTII/bin/ptIITravisBuild.sh $SECONDS" />
    <property name="env.TRAVIS_STACK_NAME" value="garnet" />
    <property name="env.TRAVIS_TIMER_START_TIME" value="1541817262495722313" />
    <property name="ant.version" value="Apache Ant(TM) version 1.10.1 compiled on February 2 2017" />
    <property name="ptII.reports" value="/home/travis/build/icyphy/ptII/reports" />
    <property name="env.TRAVIS_STACK_TIMESTAMP" value="2017-12-05 19:33:09 UTC" />
    <property name="ant.file.type.ptII" value="file" />
    <property name="env.RBENV_SHELL" value="bash" />
    <property name="os.name" value="Linux" />
    <property name="java.specification.vendor" value="Oracle Corporation" />
    <property name="env.rvm_version" value="1.29.3 (latest)" />
    <property name="env.TRAVIS_INFRA" value="gce" />
    <property name="env.TERM" value="xterm" />
    <property name="java.vm.name" value="Java HotSpot(TM) 64-Bit Server VM" />
    <property name="env.TRAVIS_BUILD_NUMBER" value="813" />
    <property name="env.CI" value="true" />
    <property name="java.library.path" value="/home/travis/pthla/certi-tools/lib:/usr/lib/jni:/usr/local/share/OpenCV/java/:/usr/share/OpenCV/java::/usr/java/packages/lib/amd64:/usr/lib64:/lib64:/lib:/usr/lib" />
    <property name="env.rvm_prefix" value="/home/travis" />
    <property name="env.PATH" value="/home/travis/pthla/certi-tools/share/scripts:/home/travis/.rvm/gems/ruby-2.4.1/bin:/home/travis/.rvm/gems/ruby-2.4.1@global/bin:/home/travis/.rvm/rubies/ruby-2.4.1/bin:/home/travis/.rvm/bin:/home/travis/.nvm/versions/node/v7.10.1/bin:./node_modules/.bin:/home/travis/build/icyphy/ptII/bin:/home/travis/pthla/certi-tools/bin:/home/travis/bin:/home/travis/.local/bin:/opt/pyenv/shims:/home/travis/.phpenv/shims:/home/travis/perl5/perlbrew/bin:/home/travis/.kiex/elixirs/elixir-1.4.5/bin:/home/travis/.kiex/bin:/home/travis/gopath/bin:/home/travis/.gimme/versions/go1.7.4.linux.amd64/bin:/usr/local/phantomjs/bin:/usr/local/phantomjs:/usr/local/neo4j-3.2.7/bin:/usr/local/maven-3.5.2/bin:/usr/local/cmake-3.9.2/bin:/usr/local/clang-5.0.0/bin:/usr/local/sbin:/usr/local/bin:/usr/sbin:/usr/bin:/sbin:/bin:/home/travis/.phpenv/bin:/opt/pyenv/bin:/home/travis/.yarn/bin" />
    <property name="env.TRAVIS_OS_NAME" value="linux" />
    <property name="ant.java.version" value="1.8" />
    <property name="basedir" value="/home/travis/build/icyphy/ptII" />
    <property name="java.class.version" value="52.0" />
    <property name="env.SHLVL" value="3" />
    <property name="env.LD_LIBRARY_PATH" value="/home/travis/pthla/certi-tools/lib:/usr/lib/jni:/usr/local/share/OpenCV/java/:/usr/share/OpenCV/java:" />
    <property name="env.RACK_ENV" value="test" />
    <property name="ant.home" value="/home/travis/build/icyphy/ptII/ant" />
    <property name="env.NVM_DIR" value="/home/travis/.nvm" />
    <property name="env.PERLBREW_BASHRC_VERSION" value="0.80" />
    <property name="env.CERTI_FOM_PATH" value="/home/travis/pthla/certi-tools/share/federations" />
    <property name="env.TRAVIS_BUILD_ID" value="453155511" />
    <property name="env.PYENV_ROOT" value="/opt/pyenv" />
    <property name="env.TRAVIS_UID" value="2000" />
    <property name="env.rvm_pretty_print_flag" value="auto" />
    <property name="env.NVM_BIN" value="/home/travis/.nvm/versions/node/v7.10.1/bin" />
    <property name="env.TRAVIS_COMMIT" value="88906283d1ef8600739cec7f6a1290cf61dda42a" />
    <property name="env._system_arch" value="x86_64" />
    <property name="node.executable" value="node" />
    <property name="sun.boot.library.path" value="/usr/lib/jvm/java-8-oracle/jre/lib/amd64" />
    <property name="sun.management.compiler" value="HotSpot 64-Bit Tiered Compilers" />
    <property name="env.GOPATH" value="/home/travis/gopath" />
    <property name="java.awt.graphicsenv" value="sun.awt.X11GraphicsEnvironment" />
    <property name="ptolemy.ptII.dir" value="/home/travis/build/icyphy/ptII" />
    <property name="env.USER" value="travis" />
    <property name="env.HISTFILESIZE" value="2000" />
    <property name="timeout.longest" value="19000000" />
    <property name="env.TRAVIS_STACK_FEATURES" value="basic cassandra chromium couchdb disabled-ipv6 docker docker-compose elasticsearch firefox go-toolchain google-chrome jdk memcached mongodb mysql neo4j nodejs_interpreter perl_interpreter perlbrew phantomjs postgresql python_interpreter rabbitmq redis riak ruby_interpreter sqlite xserver" />
    <property name="env.TRAVIS_PULL_REQUEST" value="false" />
    <property name="env.PYENV_SHELL" value="bash" />
    <property name="ant.project.name" value="ptII" />
    <property name="java.vm.specification.version" value="1.8" />
    <property name="env.ANSI_RESET" value="\033[0m" />
    <property name="env.TRAVIS_DIST" value="trusty" />
    <property name="env.CERTI_VERSION" value="4.0.0" />
    <property name="env.NLSPATH" value="/usr/dt/lib/nls/msg/%L/%N.cat" />
    <property name="env.CERTI_HOST" value="localhost" />
    <property name="awt.toolkit" value="sun.awt.X11.XToolkit" />
    <property name="env.MY_RUBY_HOME" value="/home/travis/.rvm/rubies/ruby-2.4.1" />
    <property name="sun.cpu.isalist" value="" />
    <property name="env.TRAVIS_TMPDIR" value="/tmp/tmp.Np4r4Arh72" />
    <property name="java.ext.dirs" value="/usr/lib/jvm/java-8-oracle/jre/lib/ext:/usr/java/packages/lib/ext" />
    <property name="os.version" value="4.4.0-101-generic" />
    <property name="user.home" value="/home/travis" />
    <property name="env.MIX_ARCHIVES" value="/home/travis/.kiex/mix/elixir-1.4.5" />
    <property name="java.vm.vendor" value="Oracle Corporation" />
    <property name="env.TRAVIS_TAG" value="nightly" />
    <property name="env.ANSI_YELLOW" value="\033[33;1m" />
    <property name="env.TRAVIS_FILTERED" value="redirect_io" />
    <property name="env.ANSI_GREEN" value="\033[32;1m" />
    <property name="javadoc.excludepackagenames" value="adm.cvs2svn.*,build.*,config.*,doc.coding.templates.*,jni.test.jni.meaningOfLife.*,jni.test.jni.testDeux.*,jni.test.jni.testTrois.*,org.terraswarm.accessor.accessors.web.node_modules.*,org.terraswarm.accessor.accessors.web.hosts.cordova.demo.*,org.terraswarm.accessor.accessors.web.hosts.cordova.plugins.*,org.terraswarm.accessor.accessors-svn.*,pt-modules.*,ptolemy.apps.agilent.*,ptolemy.apps.anytimecontrol.*,ptolemy.apps.apes.*,ptolemy.apps.charon.*,ptolemy.apps.crazyboard.*,ptolemy.apps.eclipse.*,ptolemy.apps.etherealSting.*,ptolemy.apps.fullscreen.*,ptolemy.apps.giotto.*,ptolemy.apps.ia.*,ptolemy.apps.interfaces.*,ptolemy.apps.jmf.*,ptolemy.apps.kurt.*,ptolemy.apps.kvm.*,ptolemy.apps.lego.*,ptolemy.apps.lejos.*,ptolemy.apps.midp.*,ptolemy.apps.mobileCoding.*,ptolemy.apps.pendulum.*,ptolemy.apps.rijndael.*,ptolemy.apps.robot.*,ptolemy.apps.security.*,ptolemy.apps.sobel.*,ptolemy.apps.soot.*,ptolemy.apps.throttle.*,ptolemy.apps.tini.*,ptolemy.apps.transmission.*,ptolemy.apps.vergil.*,ptolemy.apps.waba.*,ptolemy.apps.websensor.*,ptolemy.apps.webstart.*,ptolemy.apps.xsl.*,ptolemy.apps.zaurus.*,ptolemy.backtrack.eclipse.plugin.*,ptolemy.backtrack.test.*,ptolemy.codegen.c.actor.lib.oldJavaFiles.*,ptolemy.codegen.dsp.lib.*,ptolemy.codegen.kernel.newInterfaces.*,ptolemy.codegen.lib.*,ptolemy.copernicus.kernel.fragment.*,ptolemy.copernicus.shallow.cg.*,ptolemy.domains.giotto.demo.Hierarchy.Hierarchy.*,ptolemy.domains.giotto.demo.Multimode.Multimode.*,ptolemy.domains.giotto.demo.Simple.Simple.*,ptolemy.domains.gr.lib.experimental.*,ptolemy.domains.gro.*,ptolemy.domains.pdf.*,ptolemy.domains.ptinyos.demo.Surge.output.*,ptolemy.moml.test.NoPackageActor.java*,ptolemy.plot.adm.*,ptolemy.plot.servlet.*,reports.*,signed.*,src.*,target.*,vendors.*,ptolemy.cg.adapter.generic.program.procedural.c.mbed*,ptolemy.actor.lib.fmi.fmus.omc*,ptolemy.domains.openmodelica*,ptdb.kernel.bl.save.test.*,ptdb.kernel.bl.load.test.*,ptdb.kernel.bl.search.test.*,ptdb.kernel.bl.migration.test.*,ptdb.kernel.database.test.*,ptdb.test.*,ptdb.gui.test.*,org.ptolemy.scala.*,diva.util.java2d.svg.*,ptolemy.domains.ptinyos.*,ptolemy.actor.lib.fmi.fmipp.*,,org.terraswarm.accessor.accessors.web.node_modules.*,org.terraswarm.accessor.accessors-svn,ptolemy.apps.*,ptolemy.actor.ptalon.demo.ptinyos.SendAndReceiveCnt.output,ptolemy.actor.ptalon.demo.ptinyos.SenseToLeds.output,ptolemy.domains.ptinyos.demo.CntToLedsAndRfm.output,ptolemy.domains.ptinyos.demo.RfmToLeds.output,ptolemy.domains.ptinyos.demo.SendAndReceiveCnt.output,ptolemy.domains.ptinyos.demo.SenseToLeds.output,ptolemy.actor.lib.jjs.modules.udpSocket.*" />
    <property name="env.JAVA_HOME" value="/usr/lib/jvm/java-8-oracle" />
    <property name="env.PTII" value="/home/travis/build/icyphy/ptII" />
    <property name="env.XDG_SESSION_ID" value="2" />
    <property name="keystore" value="ptKeystore" />
    <property name="env.TRAVIS_COMMIT_MESSAGE" value="First pass on cleaning up documentation and parameter names" />
    <property name="junit.output.dir" value="/home/travis/build/icyphy/ptII/reports/junit" />
    <property name="npm.return.code" value="0" />
    <property name="user.dir" value="/home/travis/build/icyphy/ptII/ptolemy/actor/lib/test" />
    <property name="env.TRAVIS_NODE_VERSION" value="7" />
    <property name="env.XFILESEARCHPATH" value="/usr/dt/app-defaults/%L/Dt" />
    <property name="env.MAIL" value="/var/mail/travis" />
    <property name="env.TRAVIS_EVENT_TYPE" value="cron" />
    <property name="env.PERLBREW_ROOT" value="/home/travis/perl5/perlbrew" />
    <property name="env.PWD" value="/home/travis/build/icyphy/ptII" />
    <property name="timeout.npm" value="45000" />
    <property name="env.TRAVIS_ARCH" value="amd64" />
    <property name="env.PAGER" value="cat" />
    <property name="sun.cpu.endian" value="little" />
    <property name="env.TRAVIS_BUILD_STAGE_NAME" value="Test" />
    <property name="env.PERLBREW_HOME" value="/home/travis/.perlbrew" />
    <property name="env.RAILS_ENV" value="test" />
    <property name="java.vm.version" value="25.151-b12" />
    <property name="java.class.path" value="/home/travis/.ptolemyII:/home/travis/.ptolemyII/*:/home/travis/build/icyphy/ptII:/home/travis/build/icyphy/ptII/lib/bsh-2.0b4.jar:/home/travis/build/icyphy/ptII/lib/ptCal.jar:/home/travis/build/icyphy/ptII/lib/java_cup.jar:/home/travis/build/icyphy/ptII/lib/saxon8.jar:/home/travis/build/icyphy/ptII/lib/saxon8-dom.jar:/home/travis/build/icyphy/ptII/lib/chic.jar:/home/travis/build/icyphy/ptII/lib/ptcolt.jar:/usr/lib/jvm/java-8-oracle/lib/tools.jar:/usr/lib/eclipse/plugins/org.eclipse.jdt.core_3.8.2.dist.jar:/usr/lib/eclipse/plugins/org.eclipse.core.runtime_3.8.0.dist.jar:/usr/lib/eclipse/plugins/org.eclipse.osgi_3.8.1.dist.jar:/usr/lib/eclipse/plugins/org.eclipse.core.resources_3.8.1.dist.jar:/usr/lib/eclipse/plugins/org.eclipse.equinox.common_3.6.100.dist.jar:/usr/lib/eclipse/plugins/org.eclipse.core.jobs_3.5.200.dist.jar:/usr/lib/eclipse/plugins/org.eclipse.core.contenttype_3.4.200.dist.jar:/usr/lib/eclipse/plugins/org.eclipse.equinox.preferences_3.5.0.dist.jar:/usr/lib/eclipse/plugins/org.eclipse.text_3.5.200.dist.jar:/usr/lib/eclipse/plugins/org.eclipse.ui.workbench_3.8.1.dist.jar:/usr/lib/eclipse/plugins/org.eclipse.jface_3.8.0.dist.jar:/usr/lib/eclipse/plugins/org.eclipse.swt_3.8.2.jar:/usr/lib/eclipse/plugins/org.eclipse.jface.text_3.8.1.dist.jar:/usr/lib/eclipse/plugins/org.eclipse.ui.workbench.texteditor_3.8.0.dist.jar:/usr/lib/eclipse/plugins/org.eclipse.ui.editors_3.8.0.dist.jar:/usr/lib/eclipse/plugins/org.eclipse.core.commands_3.6.1.dist.jar:/usr/lib/eclipse/plugins/org.eclipse.equinox.registry_3.5.200.dist.jar:/usr/lib/eclipse/plugins/org.eclipse.ui.console_3.5.100.dist.jar:/usr/lib/eclipse/plugins/org.eclipse.ui.forms_3.5.200.dist.jar:/usr/lib/eclipse/plugins/org.eclipse.ui.ide_3.8.1.dist.jar:/home/travis/build/icyphy/ptII/vendors/oracle/dbxml.jar:/home/travis/build/icyphy/ptII/vendors/oracle/db.jar:/home/travis/build/icyphy/ptII/vendors/misc/itext/iText.jar:/home/travis/build/icyphy/ptII/lib/g4ltl.jar:/home/travis/build/icyphy/ptII/lib/StructuralCoder.jar:/home/travis/build/icyphy/ptII/lib/org-openide-util.jar:/home/travis/build/icyphy/ptII/lib/org-openide-util-lookup.jar:/home/travis/build/icyphy/ptII/lib/org-netbeans-api-visual.jar:/home/travis/build/icyphy/ptII/vendors/jai-1_1_2_01/lib/jai_core.jar:/home/travis/build/icyphy/ptII/vendors/jai-1_1_2_01/lib/jai_codec.jar:/home/travis/build/icyphy/ptII/lib/jcerti.jar:/home/travis/build/icyphy/ptII/lib/smack.jar:/home/travis/build/icyphy/ptII/lib/smackx.jar:/home/travis/build/icyphy/ptII/lib/jetty-all-8.1.5-v20120716.jar:/home/travis/build/icyphy/ptII/lib/javax.servlet-api-3.0.1.jar:/home/travis/build/icyphy/ptII/lib/javax.mail.jar:/home/travis/build/icyphy/ptII/vendors/JMF-2.1.1e/lib/jmf.jar:/home/travis/build/icyphy/ptII/lib/jna-4.0.0-variadic.jar:/home/travis/build/icyphy/ptII/vendors/misc/joystick/Joystick.jar:/home/travis/build/icyphy/ptII/lib/ptjacl.jar:/home/travis/build/icyphy/ptII/lib/jsoup-1.8.2.jar:/home/travis/build/icyphy/ptII/lib/junit-4.8.2.jar:/home/travis/build/icyphy/ptII/lib/JUnitParams-0.4.0.jar:/home/travis/build/icyphy/ptII/ptolemy/actor/lib/excel/jxl.jar:/home/travis/build/icyphy/ptII/lib/jython.jar:/home/travis/build/icyphy/ptII/lib/kieler.jar:/home/travis/build/icyphy/ptII/vendors/opencv/share/OpenCV/java/opencv-341.jar:/home/travis/build/icyphy/ptII/lib/oscP5.jar:/home/travis/build/icyphy/ptII/lib/nrjavaserial-3.11.0.devel.jar:/home/travis/build/icyphy/ptII/vendors/j3d/lib/j3dcore.jar:/home/travis/build/icyphy/ptII/vendors/j3d/lib/j3dutils.jar:/home/travis/build/icyphy/ptII/vendors/j3d/lib/vecmath.jar:/home/travis/build/icyphy/ptII/ptolemy/distributed/jini/jar/jini-core.jar:/home/travis/build/icyphy/ptII/ptolemy/distributed/jini/jar/jini-ext.jar:/home/travis/build/icyphy/ptII/ptolemy/distributed/jini/jar/sun-util.jar:/home/travis/build/icyphy/ptII/lib/protobuf-java-2.4.1.jar:/home/travis/build/icyphy/ptII/lib/org.eclipse.paho.client.mqttv3.jar:/home/travis/build/icyphy/ptII/ptserver/lib/hessian-4.0.7.jar:/home/travis/build/icyphy/ptII/ptserver/lib/wmqtt.jar:/home/travis/build/icyphy/ptII/lib/mapss.jar:/home/travis/build/icyphy/ptII/ptolemy/actor/ptalon/antlr/antlr.jar:/home/travis/build/icyphy/ptII/lib/JRI.jar:/home/travis/build/icyphy/ptII/lib/commons-lang-2.6.jar:/home/travis/build/icyphy/ptII/lib/commons-logging-1.1.1.jar:/home/travis/build/icyphy/ptII/lib/sootclasses.jar:/home/travis/build/icyphy/ptII/ptolemy/actor/lib/database/mysql-connector-java-5.1.6-bin.jar:/home/travis/build/icyphy/ptII/vendors/misc/sphinx4/sphinx4-data-5prealpha.jar:/home/travis/build/icyphy/ptII/vendors/misc/sphinx4/sphinx4-core-5prealpha.jar:/home/travis/build/icyphy/ptII/lib/PDFRenderer.jar:/home/travis/build/icyphy/ptII/lib/svgSalamander.jar:/home/travis/build/icyphy/ptII/lib/rsyntaxtextarea-2.6.0-SNAPSHOT.jar:/home/travis/build/icyphy/ptII/lib/hazelcast-3.8.2.jar:/home/travis/build/icyphy/ptII/lib/jackson-annotations-2.9.0.jar:/home/travis/build/icyphy/ptII/lib/jackson-core-2.9.3.jar:/home/travis/build/icyphy/ptII/lib/jackson-databind-2.9.3.jar:/home/travis/build/icyphy/ptII/lib/netty-buffer-4.1.19.Final.jar:/home/travis/build/icyphy/ptII/lib/netty-codec-4.1.19.Final.jar:/home/travis/build/icyphy/ptII/lib/netty-codec-dns-4.1.19.Final.jar:/home/travis/build/icyphy/ptII/lib/netty-codec-http-4.1.19.Final.jar:/home/travis/build/icyphy/ptII/lib/netty-codec-http2-4.1.19.Final.jar:/home/travis/build/icyphy/ptII/lib/netty-common-4.1.19.Final.jar:/home/travis/build/icyphy/ptII/lib/netty-handler-4.1.19.Final.jar:/home/travis/build/icyphy/ptII/lib/netty-resolver-4.1.19.Final.jar:/home/travis/build/icyphy/ptII/lib/netty-resolver-dns-4.1.19.Final.jar:/home/travis/build/icyphy/ptII/lib/netty-transport-4.1.19.Final.jar:/home/travis/build/icyphy/ptII/lib/vertx-codegen-3.5.1.jar:/home/travis/build/icyphy/ptII/lib/vertx-core-3.5.2-SNAPSHOT.jar:/home/travis/build/icyphy/ptII/lib/vertx-hazelcast-3.5.1.jar:/home/travis/build/icyphy/ptII/lib/vertx-lang-js-3.5.1.jar:/home/travis/build/icyphy/ptII/lib/vertx-service-proxy-3.5.1.jar:/home/travis/build/icyphy/ptII/lib/vertx-web-3.5.1.jar:/home/travis/build/icyphy/ptII/lib/slf4j-api-1.7.13.jar:/home/travis/build/icyphy/ptII/lib/slf4j-simple-1.7.13.jar:/home/travis/build/icyphy/ptII/lib/webcam-capture-0.3.12.jar:/home/travis/build/icyphy/ptII/lib/bridj-0.7.0.jar:/home/travis/build/icyphy/ptII/lib/xbjlib-1.1.0.nrjavaserial.jar:/home/travis/build/icyphy/ptII/ptolemy/moml/test:/home/travis/build/icyphy/ptII/ant/lib/ant-launcher.jar:/home/travis/build/icyphy/ptII/ant/lib/ant.jar:/home/travis/build/icyphy/ptII/ant/lib/ant-junit.jar:/home/travis/build/icyphy/ptII/ant/lib/ant-junit4.jar" />
    <property name="ant.library.dir" value="/home/travis/build/icyphy/ptII/ant/lib" />
    <property name="os.arch" value="amd64" />
    <property name="env.TRAVIS_LANGUAGE" value="node_js" />
    <property name="env.CONTINUOUS_INTEGRATION" value="true" />
    <property name="env.TRAVIS_STACK_LANGUAGES" value="__garnet__ c c++ clojure cplusplus cpp default go groovy java node_js php pure_java python ruby scala" />
    <property name="test.name" value="ptolemy.actor.lib.test.junit.JUnitTclTest" />
    <property name="sun.java.launcher" value="SUN_STANDARD" />
    <property name="env.PYTHON_CONFIGURE_OPTS" value="--enable-unicode=ucs4 --with-wide-unicode --enable-shared --enable-ipv6 --enable-loadable-sqlite-extensions --with-computed-gotos" />
    <property name="ant.core.lib" value="/home/travis/build/icyphy/ptII/ant/lib/ant.jar" />
    <property name="java.vm.specification.vendor" value="Oracle Corporation" />
    <property name="env.BCVTB_HOME" value="/home/travis/build/icyphy/ptII/lbnl" />
    <property name="file.separator" value="/" />
    <property name="spotbugs.home" value="/home/travis/build/icyphy/ptII/vendors/spotbugs-3.1.1" />
    <property name="java.runtime.version" value="1.8.0_151-b12" />
    <property name="sun.boot.class.path" value="/usr/lib/jvm/java-8-oracle/jre/lib/resources.jar:/usr/lib/jvm/java-8-oracle/jre/lib/rt.jar:/usr/lib/jvm/java-8-oracle/jre/lib/sunrsasign.jar:/usr/lib/jvm/java-8-oracle/jre/lib/jsse.jar:/usr/lib/jvm/java-8-oracle/jre/lib/jce.jar:/usr/lib/jvm/java-8-oracle/jre/lib/charsets.jar:/usr/lib/jvm/java-8-oracle/jre/lib/jfr.jar:/usr/lib/jvm/java-8-oracle/jre/classes" />
    <property name="env.ANSI_CLEAR" value="\033[0K" />
    <property name="env.HAS_JOSH_K_SEAL_OF_APPROVAL" value="true" />
    <property name="env.TRAVIS_OSX_IMAGE" value="" />
    <property name="env.XDG_RUNTIME_DIR" value="/run/user/2000" />
    <property name="env.TRAVIS_BRANCH" value="master" />
    <property name="env.TRAVIS_JOB_ID" value="453155519" />
    <property name="env.CERTI_HOME_TRAVIS" value="/home/travis/pthla/certi-tools" />
    <property name="user.country" value="US" />
    <property name="env.SHELL" value="/bin/bash" />
    <property name="model" value="" />
    <property name="java.maxmemory.large" value="5000m" />
    <property name="env.CASHER_DIR" value="/home/travis/.casher" />
    <property name="env.NVM_CD_FLAGS" value="" />
    <property name="jshint.executable" value="/home/travis/node_modules/jshint/bin/jshint" />
    <property name="env.JRUBY_OPTS" value=" --client -J-XX:+TieredCompilation -J-XX:TieredStopAtLevel=1 -J-Xss2m -Xcompile.invokedynamic=false" />
    <property name="java.vendor" value="Oracle Corporation" />
    <property name="env.TRAVIS_PRE_CHEF_BOOTSTRAP_TIME" value="2017-12-05T19:32:55" />
    <property name="env.ELIXIR_VERSION" value="1.4.5" />
    <property name="env.TRAVIS_STACK_JOB_BOARD_REGISTER" value="/.job-board-register.yml" />
    <property name="env.ANSI_RED" value="\033[31;1m" />
    <property name="java.specification.version" value="1.8" />
    <property name="env.TRAVIS" value="true" />
    <property name="env.IRBRC" value="/home/travis/.rvm/rubies/ruby-2.4.1/.irbrc" />
    <property name="sun.arch.data.model" value="64" />
  </properties>
  <testcase classname="ptolemy.util.test.junit.TclTests" name="[0] /home/travis/build/icyphy/ptII/ptolemy/actor/lib/test/AbsoluteValue.tcl (RunTclFile)" time="0.515" />
  <testcase classname="ptolemy.util.test.junit.TclTests" name="[1] /home/travis/build/icyphy/ptII/ptolemy/actor/lib/test/AddSubtract.tcl (RunTclFile)" time="0.108" />
  <testcase classname="ptolemy.util.test.junit.TclTests" name="[2] /home/travis/build/icyphy/ptII/ptolemy/actor/lib/test/Average.tcl (RunTclFile)" time="0.051" />
  <testcase classname="ptolemy.util.test.junit.TclTests" name="[3] /home/travis/build/icyphy/ptII/ptolemy/actor/lib/test/Bernoulli.tcl (RunTclFile)" time="0.017" />
  <testcase classname="ptolemy.util.test.junit.TclTests" name="[4] /home/travis/build/icyphy/ptII/ptolemy/actor/lib/test/Clock.tcl (RunTclFile)" time="0.065" />
  <testcase classname="ptolemy.util.test.junit.TclTests" name="[5] /home/travis/build/icyphy/ptII/ptolemy/actor/lib/test/Commutator.tcl (RunTclFile)" time="0.132" />
  <testcase classname="ptolemy.util.test.junit.TclTests" name="[6] /home/travis/build/icyphy/ptII/ptolemy/actor/lib/test/Const.tcl (RunTclFile)" time="0.103" />
  <testcase classname="ptolemy.util.test.junit.TclTests" name="[7] /home/travis/build/icyphy/ptII/ptolemy/actor/lib/test/CurrentTime.tcl (RunTclFile)" time="0.041" />
  <testcase classname="ptolemy.util.test.junit.TclTests" name="[8] /home/travis/build/icyphy/ptII/ptolemy/actor/lib/test/DB.tcl (RunTclFile)" time="0.036" />
  <testcase classname="ptolemy.util.test.junit.TclTests" name="[9] /home/travis/build/icyphy/ptII/ptolemy/actor/lib/test/DiscreteRandomSource.tcl (RunTclFile)" time="0.055" />
  <testcase classname="ptolemy.util.test.junit.TclTests" name="[10] /home/travis/build/icyphy/ptII/ptolemy/actor/lib/test/Distributor.tcl (RunTclFile)" time="0.074" />
  <testcase classname="ptolemy.util.test.junit.TclTests" name="[11] /home/travis/build/icyphy/ptII/ptolemy/actor/lib/test/Exit.tcl (RunTclFile)" time="0.062" />
  <testcase classname="ptolemy.util.test.junit.TclTests" name="[12] /home/travis/build/icyphy/ptII/ptolemy/actor/lib/test/Expression.tcl (RunTclFile)" time="0.09" />
  <testcase classname="ptolemy.util.test.junit.TclTests" name="[13] /home/travis/build/icyphy/ptII/ptolemy/actor/lib/test/Gaussian.tcl (RunTclFile)" time="0.472" />
  <testcase classname="ptolemy.util.test.junit.TclTests" name="[14] /home/travis/build/icyphy/ptII/ptolemy/actor/lib/test/IIR.tcl (RunTclFile)" time="0.043" />
  <testcase classname="ptolemy.util.test.junit.TclTests" name="[15] /home/travis/build/icyphy/ptII/ptolemy/actor/lib/test/Interpolator.tcl (RunTclFile)" time="0.098" />
  <testcase classname="ptolemy.util.test.junit.TclTests" name="[16] /home/travis/build/icyphy/ptII/ptolemy/actor/lib/test/MathFunction.tcl (RunTclFile)" time="0.07" />
  <testcase classname="ptolemy.util.test.junit.TclTests" name="[17] /home/travis/build/icyphy/ptII/ptolemy/actor/lib/test/Maximum.tcl (RunTclFile)" time="0.024" />
  <testcase classname="ptolemy.util.test.junit.TclTests" name="[18] /home/travis/build/icyphy/ptII/ptolemy/actor/lib/test/Minimum.tcl (RunTclFile)" time="0.019" />
  <testcase classname="ptolemy.util.test.junit.TclTests" name="[19] /home/travis/build/icyphy/ptII/ptolemy/actor/lib/test/MultiplyDivide.tcl (RunTclFile)" time="0.051" />
  <testcase classname="ptolemy.util.test.junit.TclTests" name="[20] /home/travis/build/icyphy/ptII/ptolemy/actor/lib/test/OrderedMerge.tcl (RunTclFile)" time="0.083" />
  <testcase classname="ptolemy.util.test.junit.TclTests" name="[21] /home/travis/build/icyphy/ptII/ptolemy/actor/lib/test/Publisher.tcl (RunTclFile)" time="0.748" />
  <testcase classname="ptolemy.util.test.junit.TclTests" name="[22] /home/travis/build/icyphy/ptII/ptolemy/actor/lib/test/Pulse.tcl (RunTclFile)" time="0.064" />
  <testcase classname="ptolemy.util.test.junit.TclTests" name="[23] /home/travis/build/icyphy/ptII/ptolemy/actor/lib/test/Ramp.tcl (RunTclFile)" time="1.93" />
  <testcase classname="ptolemy.util.test.junit.TclTests" name="[24] /home/travis/build/icyphy/ptII/ptolemy/actor/lib/test/RampContinuous.tcl (RunTclFile)" time="0.018" />
  <testcase classname="ptolemy.util.test.junit.TclTests" name="[25] /home/travis/build/icyphy/ptII/ptolemy/actor/lib/test/RecordAssembler.tcl (RunTclFile)" time="0.018" />
  <testcase classname="ptolemy.util.test.junit.TclTests" name="[26] /home/travis/build/icyphy/ptII/ptolemy/actor/lib/test/RecordDisassembler.tcl (RunTclFile)" time="0.031" />
  <testcase classname="ptolemy.util.test.junit.TclTests" name="[27] /home/travis/build/icyphy/ptII/ptolemy/actor/lib/test/Scale.tcl (RunTclFile)" time="0.023" />
  <testcase classname="ptolemy.util.test.junit.TclTests" name="[28] /home/travis/build/icyphy/ptII/ptolemy/actor/lib/test/SequentialClock.tcl (RunTclFile)" time="0.017" />
  <testcase classname="ptolemy.util.test.junit.TclTests" name="[29] /home/travis/build/icyphy/ptII/ptolemy/actor/lib/test/SetVariable.tcl (RunTclFile)" time="0.013" />
  <testcase classname="ptolemy.util.test.junit.TclTests" name="[30] /home/travis/build/icyphy/ptII/ptolemy/actor/lib/test/Sinewave.tcl (RunTclFile)" time="0.031" />
  <testcase classname="ptolemy.util.test.junit.TclTests" name="[31] /home/travis/build/icyphy/ptII/ptolemy/actor/lib/test/SubscriptionAggregator.tcl (RunTclFile)" time="2.099" />
  <testcase classname="ptolemy.util.test.junit.TclTests" name="[32] /home/travis/build/icyphy/ptII/ptolemy/actor/lib/test/Test.tcl (RunTclFile)" time="0.094" />
  <testcase classname="ptolemy.util.test.junit.TclTests" name="[33] /home/travis/build/icyphy/ptII/ptolemy/actor/lib/test/TestExceptionHandler.tcl (RunTclFile)" time="0.01" />
  <testcase classname="ptolemy.util.test.junit.TclTests" name="[34] /home/travis/build/icyphy/ptII/ptolemy/actor/lib/test/UnionDisassembler.tcl (RunTclFile)" time="0.065" />
  <testcase classname="ptolemy.util.test.junit.TclTests" name="[35] /home/travis/build/icyphy/ptII/ptolemy/actor/lib/test/VariableClock.tcl (RunTclFile)" time="0.033" />
  <testcase classname="ptolemy.util.test.junit.AutoKnownFailedTests" name="[0] /home/travis/build/icyphy/ptII/ptolemy/actor/lib/test/auto/knownFailedTests/PublisherPortToplevelSubscriber.xml (RunModel)" time="0.023" />
  <testcase classname="ptolemy.util.test.junit.AutoKnownFailedTests" name="[1] /home/travis/build/icyphy/ptII/ptolemy/actor/lib/test/auto/knownFailedTests/PublisherSubscriberPortToplevel.xml (RunModel)" time="0.026" />
  <testcase classname="ptolemy.util.test.junit.AutoKnownFailedTests" name="[2] /home/travis/build/icyphy/ptII/ptolemy/actor/lib/test/auto/knownFailedTests/PublisherSubscriptionAggregatorPort.xml (RunModel)" time="0.019" />
  <testcase classname="ptolemy.util.test.junit.AutoKnownFailedTests" name="[3] /home/travis/build/icyphy/ptII/ptolemy/actor/lib/test/auto/knownFailedTests/sizedarray3.xml (RunModel)" time="0.03" />
  <testcase classname="ptolemy.util.test.junit.AutoNameArchTests" name="[0] ThereAreNoAutoArchTests (RunModel)" time="0.003" />
  <testcase classname="ptolemy.util.test.junit.AutoTests" name="[0] /home/travis/build/icyphy/ptII/ptolemy/actor/lib/test/auto/AbsoluteValue.xml (RunModel)" time="0.172" />
  <testcase classname="ptolemy.util.test.junit.AutoTests" name="[1] /home/travis/build/icyphy/ptII/ptolemy/actor/lib/test/auto/AbsoluteValue2.xml (RunModel)" time="0.073" />
  <testcase classname="ptolemy.util.test.junit.AutoTests" name="[2] /home/travis/build/icyphy/ptII/ptolemy/actor/lib/test/auto/Accumulator.xml (RunModel)" time="0.028" />
  <testcase classname="ptolemy.util.test.junit.AutoTests" name="[3] /home/travis/build/icyphy/ptII/ptolemy/actor/lib/test/auto/Accumulator2.xml (RunModel)" time="0.02" />
  <testcase classname="ptolemy.util.test.junit.AutoTests" name="[4] /home/travis/build/icyphy/ptII/ptolemy/actor/lib/test/auto/Accumulator3.xml (RunModel)" time="0.046" />
  <testcase classname="ptolemy.util.test.junit.AutoTests" name="[5] /home/travis/build/icyphy/ptII/ptolemy/actor/lib/test/auto/ArrayAppend.xml (RunModel)" time="0.073" />
  <testcase classname="ptolemy.util.test.junit.AutoTests" name="[6] /home/travis/build/icyphy/ptII/ptolemy/actor/lib/test/auto/ArrayAppend2.xml (RunModel)" time="0.321" />
  <testcase classname="ptolemy.util.test.junit.AutoTests" name="[7] /home/travis/build/icyphy/ptII/ptolemy/actor/lib/test/auto/ArrayAppend3.xml (RunModel)" time="0.028" />
  <testcase classname="ptolemy.util.test.junit.AutoTests" name="[8] /home/travis/build/icyphy/ptII/ptolemy/actor/lib/test/auto/ArrayAppend4.xml (RunModel)" time="0.024" />
  <testcase classname="ptolemy.util.test.junit.AutoTests" name="[9] /home/travis/build/icyphy/ptII/ptolemy/actor/lib/test/auto/ArrayAppend5.xml (RunModel)" time="0.022" />
  <testcase classname="ptolemy.util.test.junit.AutoTests" name="[10] /home/travis/build/icyphy/ptII/ptolemy/actor/lib/test/auto/ArrayAppend6.xml (RunModel)" time="0.021" />
  <testcase classname="ptolemy.util.test.junit.AutoTests" name="[11] /home/travis/build/icyphy/ptII/ptolemy/actor/lib/test/auto/ArrayAppendPerformanceTest.xml (RunModel)" time="0.043" />
  <testcase classname="ptolemy.util.test.junit.AutoTests" name="[12] /home/travis/build/icyphy/ptII/ptolemy/actor/lib/test/auto/ArrayAppendWithEmptyInput.xml (RunModel)" time="0.038" />
  <testcase classname="ptolemy.util.test.junit.AutoTests" name="[13] /home/travis/build/icyphy/ptII/ptolemy/actor/lib/test/auto/ArrayAverage.xml (RunModel)" time="0.04" />
  <testcase classname="ptolemy.util.test.junit.AutoTests" name="[14] /home/travis/build/icyphy/ptII/ptolemy/actor/lib/test/auto/ArrayContains.xml (RunModel)" time="0.05" />
  <testcase classname="ptolemy.util.test.junit.AutoTests" name="[15] /home/travis/build/icyphy/ptII/ptolemy/actor/lib/test/auto/ArrayElement.xml (RunModel)" time="0.023" />
  <testcase classname="ptolemy.util.test.junit.AutoTests" name="[16] /home/travis/build/icyphy/ptII/ptolemy/actor/lib/test/auto/ArrayElementAsMatrix.xml (RunModel)" time="0.055" />
  <testcase classname="ptolemy.util.test.junit.AutoTests" name="[17] /home/travis/build/icyphy/ptII/ptolemy/actor/lib/test/auto/ArrayElementI.xml (RunModel)" time="0.014" />
  <testcase classname="ptolemy.util.test.junit.AutoTests" name="[18] /home/travis/build/icyphy/ptII/ptolemy/actor/lib/test/auto/ArrayExtract.xml (RunModel)" time="0.053" />
  <testcase classname="ptolemy.util.test.junit.AutoTests" name="[19] /home/travis/build/icyphy/ptII/ptolemy/actor/lib/test/auto/ArrayExtract2.xml (RunModel)" time="0.018" />
  <testcase classname="ptolemy.util.test.junit.AutoTests" name="[20] /home/travis/build/icyphy/ptII/ptolemy/actor/lib/test/auto/ArrayLength.xml (RunModel)" time="0.015" />
  <testcase classname="ptolemy.util.test.junit.AutoTests" name="[21] /home/travis/build/icyphy/ptII/ptolemy/actor/lib/test/auto/ArrayLevelCrossing.xml (RunModel)" time="0.033" />
  <testcase classname="ptolemy.util.test.junit.AutoTests" name="[22] /home/travis/build/icyphy/ptII/ptolemy/actor/lib/test/auto/ArrayLevelCrossing2.xml (RunModel)" time="0.02" />
  <testcase classname="ptolemy.util.test.junit.AutoTests" name="[23] /home/travis/build/icyphy/ptII/ptolemy/actor/lib/test/auto/ArrayPeakSearch.xml (RunModel)" time="0.057" />
  <testcase classname="ptolemy.util.test.junit.AutoTests" name="[24] /home/travis/build/icyphy/ptII/ptolemy/actor/lib/test/auto/ArrayPeakSearch2.xml (RunModel)" time="0.035" />
  <testcase classname="ptolemy.util.test.junit.AutoTests" name="[25] /home/travis/build/icyphy/ptII/ptolemy/actor/lib/test/auto/ArrayPeakSearch3.xml (RunModel)" time="0.029" />
  <testcase classname="ptolemy.util.test.junit.AutoTests" name="[26] /home/travis/build/icyphy/ptII/ptolemy/actor/lib/test/auto/ArrayRemoveElement.xml (RunModel)" time="0.027" />
  <testcase classname="ptolemy.util.test.junit.AutoTests" name="[27] /home/travis/build/icyphy/ptII/ptolemy/actor/lib/test/auto/ArraySort.xml (RunModel)" time="0.03" />
  <testcase classname="ptolemy.util.test.junit.AutoTests" name="[28] /home/travis/build/icyphy/ptII/ptolemy/actor/lib/test/auto/ArraySum.xml (RunModel)" time="0.019" />
  <testcase classname="ptolemy.util.test.junit.AutoTests" name="[29] /home/travis/build/icyphy/ptII/ptolemy/actor/lib/test/auto/ArrayToElements.xml (RunModel)" time="0.068" />
  <testcase classname="ptolemy.util.test.junit.AutoTests" name="[30] /home/travis/build/icyphy/ptII/ptolemy/actor/lib/test/auto/ArrayToMatrix.xml (RunModel)" time="0.046" />
  <testcase classname="ptolemy.util.test.junit.AutoTests" name="[31] /home/travis/build/icyphy/ptII/ptolemy/actor/lib/test/auto/ArrayUpdate1.xml (RunModel)" time="0.016" />
  <testcase classname="ptolemy.util.test.junit.AutoTests" name="[32] /home/travis/build/icyphy/ptII/ptolemy/actor/lib/test/auto/ArrayUpdate2.xml (RunModel)" time="0.018" />
  <testcase classname="ptolemy.util.test.junit.AutoTests" name="[33] /home/travis/build/icyphy/ptII/ptolemy/actor/lib/test/auto/ArrayUpdate3.xml (RunModel)" time="0.015" />
  <testcase classname="ptolemy.util.test.junit.AutoTests" name="[34] /home/travis/build/icyphy/ptII/ptolemy/actor/lib/test/auto/Assert1.xml (RunModel)" time="0.019" />
  <testcase classname="ptolemy.util.test.junit.AutoTests" name="[35] /home/travis/build/icyphy/ptII/ptolemy/actor/lib/test/auto/Assert2.xml (RunModel)" time="0.015" />
  <testcase classname="ptolemy.util.test.junit.AutoTests" name="[36] /home/travis/build/icyphy/ptII/ptolemy/actor/lib/test/auto/BooleanMultiplexor.xml (RunModel)" time="0.013" />
  <testcase classname="ptolemy.util.test.junit.AutoTests" name="[37] /home/travis/build/icyphy/ptII/ptolemy/actor/lib/test/auto/BooleanMultiplexor2.xml (RunModel)" time="0.014" />
  <testcase classname="ptolemy.util.test.junit.AutoTests" name="[38] /home/travis/build/icyphy/ptII/ptolemy/actor/lib/test/auto/BooleanMultiplexor3.xml (RunModel)" time="0.011" />
  <testcase classname="ptolemy.util.test.junit.AutoTests" name="[39] /home/travis/build/icyphy/ptII/ptolemy/actor/lib/test/auto/BooleanSelect.xml (RunModel)" time="0.035" />
  <testcase classname="ptolemy.util.test.junit.AutoTests" name="[40] /home/travis/build/icyphy/ptII/ptolemy/actor/lib/test/auto/BooleanSelect2.xml (RunModel)" time="0.018" />
  <testcase classname="ptolemy.util.test.junit.AutoTests" name="[41] /home/travis/build/icyphy/ptII/ptolemy/actor/lib/test/auto/BooleanSwitch.xml (RunModel)" time="0.018" />
  <testcase classname="ptolemy.util.test.junit.AutoTests" name="[42] /home/travis/build/icyphy/ptII/ptolemy/actor/lib/test/auto/BooleanSwitch2.xml (RunModel)" time="0.014" />
  <testcase classname="ptolemy.util.test.junit.AutoTests" name="[43] /home/travis/build/icyphy/ptII/ptolemy/actor/lib/test/auto/BooleanSwitchCloningBugWithClassRelationGroup.xml (RunModel)" time="0.036" />
  <testcase classname="ptolemy.util.test.junit.AutoTests" name="[44] /home/travis/build/icyphy/ptII/ptolemy/actor/lib/test/auto/BusActors.xml (RunModel)" time="0.043" />
  <testcase classname="ptolemy.util.test.junit.AutoTests" name="[45] /home/travis/build/icyphy/ptII/ptolemy/actor/lib/test/auto/ClassWrapper.xml (RunModel)" time="0.009" />
  <testcase classname="ptolemy.util.test.junit.AutoTests" name="[46] /home/travis/build/icyphy/ptII/ptolemy/actor/lib/test/auto/Clock.xml (RunModel)" time="0.008" />
  <testcase classname="ptolemy.util.test.junit.AutoTests" name="[47] /home/travis/build/icyphy/ptII/ptolemy/actor/lib/test/auto/Clock10.xml (RunModel)" time="0.013" />
  <testcase classname="ptolemy.util.test.junit.AutoTests" name="[48] /home/travis/build/icyphy/ptII/ptolemy/actor/lib/test/auto/Clock11.xml (RunModel)" time="0.012" />
  <testcase classname="ptolemy.util.test.junit.AutoTests" name="[49] /home/travis/build/icyphy/ptII/ptolemy/actor/lib/test/auto/Clock12.xml (RunModel)" time="0.014" />
  <testcase classname="ptolemy.util.test.junit.AutoTests" name="[50] /home/travis/build/icyphy/ptII/ptolemy/actor/lib/test/auto/Clock13.xml (RunModel)" time="0.018" />
  <testcase classname="ptolemy.util.test.junit.AutoTests" name="[51] /home/travis/build/icyphy/ptII/ptolemy/actor/lib/test/auto/Clock14.xml (RunModel)" time="0.015" />
  <testcase classname="ptolemy.util.test.junit.AutoTests" name="[52] /home/travis/build/icyphy/ptII/ptolemy/actor/lib/test/auto/Clock15.xml (RunModel)" time="0.016" />
  <testcase classname="ptolemy.util.test.junit.AutoTests" name="[53] /home/travis/build/icyphy/ptII/ptolemy/actor/lib/test/auto/Clock16.xml (RunModel)" time="0.094" />
  <testcase classname="ptolemy.util.test.junit.AutoTests" name="[54] /home/travis/build/icyphy/ptII/ptolemy/actor/lib/test/auto/Clock17.xml (RunModel)" time="0.07" />
  <testcase classname="ptolemy.util.test.junit.AutoTests" name="[55] /home/travis/build/icyphy/ptII/ptolemy/actor/lib/test/auto/Clock18.xml (RunModel)" time="0.046" />
  <testcase classname="ptolemy.util.test.junit.AutoTests" name="[56] /home/travis/build/icyphy/ptII/ptolemy/actor/lib/test/auto/Clock19.xml (RunModel)" time="0.04" />
  <testcase classname="ptolemy.util.test.junit.AutoTests" name="[57] /home/travis/build/icyphy/ptII/ptolemy/actor/lib/test/auto/Clock2.xml (RunModel)" time="0.013" />
  <testcase classname="ptolemy.util.test.junit.AutoTests" name="[58] /home/travis/build/icyphy/ptII/ptolemy/actor/lib/test/auto/Clock20.xml (RunModel)" time="0.019" />
  <testcase classname="ptolemy.util.test.junit.AutoTests" name="[59] /home/travis/build/icyphy/ptII/ptolemy/actor/lib/test/auto/Clock21.xml (RunModel)" time="0.017" />
  <testcase classname="ptolemy.util.test.junit.AutoTests" name="[60] /home/travis/build/icyphy/ptII/ptolemy/actor/lib/test/auto/Clock22.xml (RunModel)" time="0.017" />
  <testcase classname="ptolemy.util.test.junit.AutoTests" name="[61] /home/travis/build/icyphy/ptII/ptolemy/actor/lib/test/auto/Clock23.xml (RunModel)" time="0.016" />
  <testcase classname="ptolemy.util.test.junit.AutoTests" name="[62] /home/travis/build/icyphy/ptII/ptolemy/actor/lib/test/auto/Clock24.xml (RunModel)" time="0.016" />
  <testcase classname="ptolemy.util.test.junit.AutoTests" name="[63] /home/travis/build/icyphy/ptII/ptolemy/actor/lib/test/auto/Clock4.xml (RunModel)" time="0.013" />
  <testcase classname="ptolemy.util.test.junit.AutoTests" name="[64] /home/travis/build/icyphy/ptII/ptolemy/actor/lib/test/auto/Clock5.xml (RunModel)" time="0.016" />
  <testcase classname="ptolemy.util.test.junit.AutoTests" name="[65] /home/travis/build/icyphy/ptII/ptolemy/actor/lib/test/auto/Clock6.xml (RunModel)" time="0.013" />
  <testcase classname="ptolemy.util.test.junit.AutoTests" name="[66] /home/travis/build/icyphy/ptII/ptolemy/actor/lib/test/auto/Clock7.xml (RunModel)" time="0.012" />
  <testcase classname="ptolemy.util.test.junit.AutoTests" name="[67] /home/travis/build/icyphy/ptII/ptolemy/actor/lib/test/auto/Clock8.xml (RunModel)" time="0.014" />
  <testcase classname="ptolemy.util.test.junit.AutoTests" name="[68] /home/travis/build/icyphy/ptII/ptolemy/actor/lib/test/auto/Clock9.xml (RunModel)" time="0.017" />
  <testcase classname="ptolemy.util.test.junit.AutoTests" name="[69] /home/travis/build/icyphy/ptII/ptolemy/actor/lib/test/auto/CommDistDiscard.xml (RunModel)" time="0.018" />
  <testcase classname="ptolemy.util.test.junit.AutoTests" name="[70] /home/travis/build/icyphy/ptII/ptolemy/actor/lib/test/auto/Commutator.xml (RunModel)" time="0.013" />
  <testcase classname="ptolemy.util.test.junit.AutoTests" name="[71] /home/travis/build/icyphy/ptII/ptolemy/actor/lib/test/auto/Commutator2.xml (RunModel)" time="0.011" />
  <testcase classname="ptolemy.util.test.junit.AutoTests" name="[72] /home/travis/build/icyphy/ptII/ptolemy/actor/lib/test/auto/Commutator3.xml (RunModel)" time="0.011" />
  <testcase classname="ptolemy.util.test.junit.AutoTests" name="[73] /home/travis/build/icyphy/ptII/ptolemy/actor/lib/test/auto/Compare.xml (RunModel)" time="0.018" />
  <testcase classname="ptolemy.util.test.junit.AutoTests" name="[74] /home/travis/build/icyphy/ptII/ptolemy/actor/lib/test/auto/CompareDE.xml (RunModel)" time="0.019" />
  <testcase classname="ptolemy.util.test.junit.AutoTests" name="[75] /home/travis/build/icyphy/ptII/ptolemy/actor/lib/test/auto/ComplexDivide.xml (RunModel)" time="0.01" />
  <testcase classname="ptolemy.util.test.junit.AutoTests" name="[76] /home/travis/build/icyphy/ptII/ptolemy/actor/lib/test/auto/ComputeHistogram.xml (RunModel)" time="0.063" />
  <testcase classname="ptolemy.util.test.junit.AutoTests" name="[77] /home/travis/build/icyphy/ptII/ptolemy/actor/lib/test/auto/ConfigurationSelect.xml (RunModel)" time="0.022" />
  <testcase classname="ptolemy.util.test.junit.AutoTests" name="[78] /home/travis/build/icyphy/ptII/ptolemy/actor/lib/test/auto/ConfigurationSelect2.xml (RunModel)" time="0.015" />
  <testcase classname="ptolemy.util.test.junit.AutoTests" name="[79] /home/travis/build/icyphy/ptII/ptolemy/actor/lib/test/auto/ConfigurationSwitch.xml (RunModel)" time="0.025" />
  <testcase classname="ptolemy.util.test.junit.AutoTests" name="[80] /home/travis/build/icyphy/ptII/ptolemy/actor/lib/test/auto/ConfigurationSwitch2.xml (RunModel)" time="0.029" />
  <testcase classname="ptolemy.util.test.junit.AutoTests" name="[81] /home/travis/build/icyphy/ptII/ptolemy/actor/lib/test/auto/ConfigurationSwitchCloningBugWithClassRelationGroup.xml (RunModel)" time="0.02" />
  <testcase classname="ptolemy.util.test.junit.AutoTests" name="[82] /home/travis/build/icyphy/ptII/ptolemy/actor/lib/test/auto/ConfigurationSwitchSelectSDF.xml (RunModel)" time="0.014" />
  <testcase classname="ptolemy.util.test.junit.AutoTests" name="[83] /home/travis/build/icyphy/ptII/ptolemy/actor/lib/test/auto/ConfigurationSwitchSelectSDF2.xml (RunModel)" time="0.011" />
  <testcase classname="ptolemy.util.test.junit.AutoTests" name="[84] /home/travis/build/icyphy/ptII/ptolemy/actor/lib/test/auto/Const.xml (RunModel)" time="0.006" />
  <testcase classname="ptolemy.util.test.junit.AutoTests" name="[85] /home/travis/build/icyphy/ptII/ptolemy/actor/lib/test/auto/Const2.xml (RunModel)" time="0.011" />
  <testcase classname="ptolemy.util.test.junit.AutoTests" name="[86] /home/travis/build/icyphy/ptII/ptolemy/actor/lib/test/auto/Const3.xml (RunModel)" time="0.007" />
  <testcase classname="ptolemy.util.test.junit.AutoTests" name="[87] /home/travis/build/icyphy/ptII/ptolemy/actor/lib/test/auto/ConstantPublisherPort1.xml (RunModel)" time="0.025" />
  <testcase classname="ptolemy.util.test.junit.AutoTests" name="[88] /home/travis/build/icyphy/ptII/ptolemy/actor/lib/test/auto/ConstantPublisherPort2.xml (RunModel)" time="0.03" />
  <testcase classname="ptolemy.util.test.junit.AutoTests" name="[89] /home/travis/build/icyphy/ptII/ptolemy/actor/lib/test/auto/ConstantPublisherPort3.xml (RunModel)" time="0.024" />
  <testcase classname="ptolemy.util.test.junit.AutoTests" name="[90] /home/travis/build/icyphy/ptII/ptolemy/actor/lib/test/auto/ConstantPublisherPort4.xml (RunModel)" time="0.017" />
  <testcase classname="ptolemy.util.test.junit.AutoTests" name="[91] /home/travis/build/icyphy/ptII/ptolemy/actor/lib/test/auto/ConstantPublisherPort5.xml (RunModel)" time="0.033" />
  <testcase classname="ptolemy.util.test.junit.AutoTests" name="[92] /home/travis/build/icyphy/ptII/ptolemy/actor/lib/test/auto/ConstantPublisherPort6.xml (RunModel)" time="0.032" />
  <testcase classname="ptolemy.util.test.junit.AutoTests" name="[93] /home/travis/build/icyphy/ptII/ptolemy/actor/lib/test/auto/ConstantPublisherPort7.xml (RunModel)" time="0.038" />
  <testcase classname="ptolemy.util.test.junit.AutoTests" name="[94] /home/travis/build/icyphy/ptII/ptolemy/actor/lib/test/auto/ConstraintMonitor1.xml (RunModel)" time="0.029" />
  <testcase classname="ptolemy.util.test.junit.AutoTests" name="[95] /home/travis/build/icyphy/ptII/ptolemy/actor/lib/test/auto/ConstraintMonitor2.xml (RunModel)" time="0.014" />
  <testcase classname="ptolemy.util.test.junit.AutoTests" name="[96] /home/travis/build/icyphy/ptII/ptolemy/actor/lib/test/auto/ConstraintMonitor3.xml (RunModel)" time="0.014" />
  <testcase classname="ptolemy.util.test.junit.AutoTests" name="[97] /home/travis/build/icyphy/ptII/ptolemy/actor/lib/test/auto/ConstraintMonitor4.xml (RunModel)" time="0.011" />
  <testcase classname="ptolemy.util.test.junit.AutoTests" name="[98] /home/travis/build/icyphy/ptII/ptolemy/actor/lib/test/auto/ConstraintMonitor5.xml (RunModel)" time="0.015" />
  <testcase classname="ptolemy.util.test.junit.AutoTests" name="[99] /home/travis/build/icyphy/ptII/ptolemy/actor/lib/test/auto/ConstraintMonitor6.xml (RunModel)" time="0.016" />
  <testcase classname="ptolemy.util.test.junit.AutoTests" name="[100] /home/travis/build/icyphy/ptII/ptolemy/actor/lib/test/auto/ConstraintMonitor7.xml (RunModel)" time="0.016" />
  <testcase classname="ptolemy.util.test.junit.AutoTests" name="[101] /home/travis/build/icyphy/ptII/ptolemy/actor/lib/test/auto/ConstraintMonitor8.xml (RunModel)" time="0.022" />
  <testcase classname="ptolemy.util.test.junit.AutoTests" name="[102] /home/travis/build/icyphy/ptII/ptolemy/actor/lib/test/auto/Counter.xml (RunModel)" time="0.014" />
  <testcase classname="ptolemy.util.test.junit.AutoTests" name="[103] /home/travis/build/icyphy/ptII/ptolemy/actor/lib/test/auto/CurrentTimeSDF.xml (RunModel)" time="0.009" />
  <testcase classname="ptolemy.util.test.junit.AutoTests" name="[104] /home/travis/build/icyphy/ptII/ptolemy/actor/lib/test/auto/DB.xml (RunModel)" time="0.014" />
  <testcase classname="ptolemy.util.test.junit.AutoTests" name="[105] /home/travis/build/icyphy/ptII/ptolemy/actor/lib/test/auto/DBDE.xml (RunModel)" time="0.016" />
  <testcase classname="ptolemy.util.test.junit.AutoTests" name="[106] /home/travis/build/icyphy/ptII/ptolemy/actor/lib/test/auto/DateConstructor.xml (RunModel)" time="0.065" />
  <testcase classname="ptolemy.util.test.junit.AutoTests" name="[107] /home/travis/build/icyphy/ptII/ptolemy/actor/lib/test/auto/DelayTime.xml (RunModel)" time="0.018" />
  <testcase classname="ptolemy.util.test.junit.AutoTests" name="[108] /home/travis/build/icyphy/ptII/ptolemy/actor/lib/test/auto/Dictionary1.xml (RunModel)" time="0.018" />
  <testcase classname="ptolemy.util.test.junit.AutoTests" name="[109] /home/travis/build/icyphy/ptII/ptolemy/actor/lib/test/auto/Dictionary2.xml (RunModel)" time="0.018" />
  <testcase classname="ptolemy.util.test.junit.AutoTests" name="[110] /home/travis/build/icyphy/ptII/ptolemy/actor/lib/test/auto/Dictionary3.xml (RunModel)" time="0.017" />
  <testcase classname="ptolemy.util.test.junit.AutoTests" name="[111] /home/travis/build/icyphy/ptII/ptolemy/actor/lib/test/auto/Dictionary4.xml (RunModel)" time="0.027" />
  <testcase classname="ptolemy.util.test.junit.AutoTests" name="[112] /home/travis/build/icyphy/ptII/ptolemy/actor/lib/test/auto/Differential.xml (RunModel)" time="0.015" />
  <testcase classname="ptolemy.util.test.junit.AutoTests" name="[113] /home/travis/build/icyphy/ptII/ptolemy/actor/lib/test/auto/Director.xml (RunModel)" time="0.011" />
  <testcase classname="ptolemy.util.test.junit.AutoTests" name="[114] /home/travis/build/icyphy/ptII/ptolemy/actor/lib/test/auto/DiscreteClock.xml (RunModel)" time="0.01" />
  <testcase classname="ptolemy.util.test.junit.AutoTests" name="[115] /home/travis/build/icyphy/ptII/ptolemy/actor/lib/test/auto/DiscreteClock10.xml (RunModel)" time="0.024" />
  <testcase classname="ptolemy.util.test.junit.AutoTests" name="[116] /home/travis/build/icyphy/ptII/ptolemy/actor/lib/test/auto/DiscreteClock11.xml (RunModel)" time="0.013" />
  <testcase classname="ptolemy.util.test.junit.AutoTests" name="[117] /home/travis/build/icyphy/ptII/ptolemy/actor/lib/test/auto/DiscreteClock12.xml (RunModel)" time="0.014" />
  <testcase classname="ptolemy.util.test.junit.AutoTests" name="[118] /home/travis/build/icyphy/ptII/ptolemy/actor/lib/test/auto/DiscreteClock13.xml (RunModel)" time="0.018" />
  <testcase classname="ptolemy.util.test.junit.AutoTests" name="[119] /home/travis/build/icyphy/ptII/ptolemy/actor/lib/test/auto/DiscreteClock14.xml (RunModel)" time="0.017" />
  <testcase classname="ptolemy.util.test.junit.AutoTests" name="[120] /home/travis/build/icyphy/ptII/ptolemy/actor/lib/test/auto/DiscreteClock15.xml (RunModel)" time="0.017" />
  <testcase classname="ptolemy.util.test.junit.AutoTests" name="[121] /home/travis/build/icyphy/ptII/ptolemy/actor/lib/test/auto/DiscreteClock16.xml (RunModel)" time="0.55" />
  <testcase classname="ptolemy.util.test.junit.AutoTests" name="[122] /home/travis/build/icyphy/ptII/ptolemy/actor/lib/test/auto/DiscreteClock17.xml (RunModel)" time="0.039" />
  <testcase classname="ptolemy.util.test.junit.AutoTests" name="[123] /home/travis/build/icyphy/ptII/ptolemy/actor/lib/test/auto/DiscreteClock18.xml (RunModel)" time="0.032" />
  <testcase classname="ptolemy.util.test.junit.AutoTests" name="[124] /home/travis/build/icyphy/ptII/ptolemy/actor/lib/test/auto/DiscreteClock19.xml (RunModel)" time="0.051" />
  <testcase classname="ptolemy.util.test.junit.AutoTests" name="[125] /home/travis/build/icyphy/ptII/ptolemy/actor/lib/test/auto/DiscreteClock2.xml (RunModel)" time="0.015" />
  <testcase classname="ptolemy.util.test.junit.AutoTests" name="[126] /home/travis/build/icyphy/ptII/ptolemy/actor/lib/test/auto/DiscreteClock20.xml (RunModel)" time="0.013" />
  <testcase classname="ptolemy.util.test.junit.AutoTests" name="[127] /home/travis/build/icyphy/ptII/ptolemy/actor/lib/test/auto/DiscreteClock21.xml (RunModel)" time="0.016" />
  <testcase classname="ptolemy.util.test.junit.AutoTests" name="[128] /home/travis/build/icyphy/ptII/ptolemy/actor/lib/test/auto/DiscreteClock22.xml (RunModel)" time="0.016" />
  <testcase classname="ptolemy.util.test.junit.AutoTests" name="[129] /home/travis/build/icyphy/ptII/ptolemy/actor/lib/test/auto/DiscreteClock23.xml (RunModel)" time="0.016" />
  <testcase classname="ptolemy.util.test.junit.AutoTests" name="[130] /home/travis/build/icyphy/ptII/ptolemy/actor/lib/test/auto/DiscreteClock24.xml (RunModel)" time="0.013" />
  <testcase classname="ptolemy.util.test.junit.AutoTests" name="[131] /home/travis/build/icyphy/ptII/ptolemy/actor/lib/test/auto/DiscreteClock4.xml (RunModel)" time="0.011" />
  <testcase classname="ptolemy.util.test.junit.AutoTests" name="[132] /home/travis/build/icyphy/ptII/ptolemy/actor/lib/test/auto/DiscreteClock5.xml (RunModel)" time="0.011" />
  <testcase classname="ptolemy.util.test.junit.AutoTests" name="[133] /home/travis/build/icyphy/ptII/ptolemy/actor/lib/test/auto/DiscreteClock6.xml (RunModel)" time="0.009" />
  <testcase classname="ptolemy.util.test.junit.AutoTests" name="[134] /home/travis/build/icyphy/ptII/ptolemy/actor/lib/test/auto/DiscreteClock7.xml (RunModel)" time="0.009" />
  <testcase classname="ptolemy.util.test.junit.AutoTests" name="[135] /home/travis/build/icyphy/ptII/ptolemy/actor/lib/test/auto/DiscreteClock8.xml (RunModel)" time="0.014" />
  <testcase classname="ptolemy.util.test.junit.AutoTests" name="[136] /home/travis/build/icyphy/ptII/ptolemy/actor/lib/test/auto/DiscreteClock9.xml (RunModel)" time="0.016" />
  <testcase classname="ptolemy.util.test.junit.AutoTests" name="[137] /home/travis/build/icyphy/ptII/ptolemy/actor/lib/test/auto/DisplayArray.xml (RunModel)" time="0.008" />
  <testcase classname="ptolemy.util.test.junit.AutoTests" name="[138] /home/travis/build/icyphy/ptII/ptolemy/actor/lib/test/auto/Distributor.xml (RunModel)" time="0.01" />
  <testcase classname="ptolemy.util.test.junit.AutoTests" name="[139] /home/travis/build/icyphy/ptII/ptolemy/actor/lib/test/auto/Distributor2.xml (RunModel)" time="0.01" />
  <testcase classname="ptolemy.util.test.junit.AutoTests" name="[140] /home/travis/build/icyphy/ptII/ptolemy/actor/lib/test/auto/DownSample.xml (RunModel)" time="0.01" />
  <testcase classname="ptolemy.util.test.junit.AutoTests" name="[141] /home/travis/build/icyphy/ptII/ptolemy/actor/lib/test/auto/ElectronicUnitBase1.xml (RunModel)" time="0.057" />
  <testcase classname="ptolemy.util.test.junit.AutoTests" name="[142] /home/travis/build/icyphy/ptII/ptolemy/actor/lib/test/auto/ElementsToArray.xml (RunModel)" time="0.01" />
  <testcase classname="ptolemy.util.test.junit.AutoTests" name="[143] /home/travis/build/icyphy/ptII/ptolemy/actor/lib/test/auto/Equals.xml (RunModel)" time="0.015" />
  <testcase classname="ptolemy.util.test.junit.AutoTests" name="[144] /home/travis/build/icyphy/ptII/ptolemy/actor/lib/test/auto/Exec.xml (RunModel)" time="0.034" />
  <testcase classname="ptolemy.util.test.junit.AutoTests" name="[145] /home/travis/build/icyphy/ptII/ptolemy/actor/lib/test/auto/ExecEnvironment.xml (RunModel)" time="0.039" />
  <testcase classname="ptolemy.util.test.junit.AutoTests" name="[146] /home/travis/build/icyphy/ptII/ptolemy/actor/lib/test/auto/ExecNonZeroReturnOutput.xml (RunModel)" time="0.142" />
  <testcase classname="ptolemy.util.test.junit.AutoTests" name="[147] /home/travis/build/icyphy/ptII/ptolemy/actor/lib/test/auto/ExecRunDemos.xml (RunModel)" time="9.546" />
  <testcase classname="ptolemy.util.test.junit.AutoTests" name="[148] /home/travis/build/icyphy/ptII/ptolemy/actor/lib/test/auto/ExecStop.xml (RunModel)" time="5.039" />
  <testcase classname="ptolemy.util.test.junit.AutoTests" name="[149] /home/travis/build/icyphy/ptII/ptolemy/actor/lib/test/auto/ExecutionTimeSDF.xml (RunModel)" time="6.038" />
  <testcase classname="ptolemy.util.test.junit.AutoTests" name="[150] /home/travis/build/icyphy/ptII/ptolemy/actor/lib/test/auto/Expression1.xml (RunModel)" time="0.019" />
  <testcase classname="ptolemy.util.test.junit.AutoTests" name="[151] /home/travis/build/icyphy/ptII/ptolemy/actor/lib/test/auto/Expression10.xml (RunModel)" time="0.02" />
  <testcase classname="ptolemy.util.test.junit.AutoTests" name="[152] /home/travis/build/icyphy/ptII/ptolemy/actor/lib/test/auto/Expression11.xml (RunModel)" time="0.013" />
  <testcase classname="ptolemy.util.test.junit.AutoTests" name="[153] /home/travis/build/icyphy/ptII/ptolemy/actor/lib/test/auto/Expression12.xml (RunModel)" time="0.015" />
  <testcase classname="ptolemy.util.test.junit.AutoTests" name="[154] /home/travis/build/icyphy/ptII/ptolemy/actor/lib/test/auto/Expression13.xml (RunModel)" time="0.017" />
  <testcase classname="ptolemy.util.test.junit.AutoTests" name="[155] /home/travis/build/icyphy/ptII/ptolemy/actor/lib/test/auto/Expression14.xml (RunModel)" time="0.024" />
  <testcase classname="ptolemy.util.test.junit.AutoTests" name="[156] /home/travis/build/icyphy/ptII/ptolemy/actor/lib/test/auto/Expression15.xml (RunModel)" time="0.011" />
  <testcase classname="ptolemy.util.test.junit.AutoTests" name="[157] /home/travis/build/icyphy/ptII/ptolemy/actor/lib/test/auto/Expression16.xml (RunModel)" time="0.014" />
  <testcase classname="ptolemy.util.test.junit.AutoTests" name="[158] /home/travis/build/icyphy/ptII/ptolemy/actor/lib/test/auto/Expression17.xml (RunModel)" time="0.012" />
  <testcase classname="ptolemy.util.test.junit.AutoTests" name="[159] /home/travis/build/icyphy/ptII/ptolemy/actor/lib/test/auto/Expression18.xml (RunModel)" time="0.015" />
  <testcase classname="ptolemy.util.test.junit.AutoTests" name="[160] /home/travis/build/icyphy/ptII/ptolemy/actor/lib/test/auto/Expression2.xml (RunModel)" time="0.015" />
  <testcase classname="ptolemy.util.test.junit.AutoTests" name="[161] /home/travis/build/icyphy/ptII/ptolemy/actor/lib/test/auto/Expression3.xml (RunModel)" time="0.014" />
  <testcase classname="ptolemy.util.test.junit.AutoTests" name="[162] /home/travis/build/icyphy/ptII/ptolemy/actor/lib/test/auto/Expression4.xml (RunModel)" time="0.018" />
  <testcase classname="ptolemy.util.test.junit.AutoTests" name="[163] /home/travis/build/icyphy/ptII/ptolemy/actor/lib/test/auto/Expression5.xml (RunModel)" time="0.014" />
  <testcase classname="ptolemy.util.test.junit.AutoTests" name="[164] /home/travis/build/icyphy/ptII/ptolemy/actor/lib/test/auto/Expression6.xml (RunModel)" time="0.009" />
  <testcase classname="ptolemy.util.test.junit.AutoTests" name="[165] /home/travis/build/icyphy/ptII/ptolemy/actor/lib/test/auto/Expression7.xml (RunModel)" time="0.013" />
  <testcase classname="ptolemy.util.test.junit.AutoTests" name="[166] /home/travis/build/icyphy/ptII/ptolemy/actor/lib/test/auto/Expression8.xml (RunModel)" time="0.015" />
  <testcase classname="ptolemy.util.test.junit.AutoTests" name="[167] /home/travis/build/icyphy/ptII/ptolemy/actor/lib/test/auto/Expression9.xml (RunModel)" time="0.014" />
  <testcase classname="ptolemy.util.test.junit.AutoTests" name="[168] /home/travis/build/icyphy/ptII/ptolemy/actor/lib/test/auto/ExpressionConcatenateArrayType.xml (RunModel)" time="0.033" />
  <testcase classname="ptolemy.util.test.junit.AutoTests" name="[169] /home/travis/build/icyphy/ptII/ptolemy/actor/lib/test/auto/ExpressionConcatenateArrayType2.xml (RunModel)" time="0.022" />
  <testcase classname="ptolemy.util.test.junit.AutoTests" name="[170] /home/travis/build/icyphy/ptII/ptolemy/actor/lib/test/auto/ExpressionFix.xml (RunModel)" time="0.042" />
  <testcase classname="ptolemy.util.test.junit.AutoTests" name="[171] /home/travis/build/icyphy/ptII/ptolemy/actor/lib/test/auto/ExpressionFix2.xml (RunModel)" time="0.013" />
  <testcase classname="ptolemy.util.test.junit.AutoTests" name="[172] /home/travis/build/icyphy/ptII/ptolemy/actor/lib/test/auto/ExpressionFix3.xml (RunModel)" time="0.013" />
  <testcase classname="ptolemy.util.test.junit.AutoTests" name="[173] /home/travis/build/icyphy/ptII/ptolemy/actor/lib/test/auto/FileWriter1.xml (RunModel)" time="0.009" />
  <testcase classname="ptolemy.util.test.junit.AutoTests" name="[174] /home/travis/build/icyphy/ptII/ptolemy/actor/lib/test/auto/FileWriter2.xml (RunModel)" time="0.01" />
  <testcase classname="ptolemy.util.test.junit.AutoTests" name="[175] /home/travis/build/icyphy/ptII/ptolemy/actor/lib/test/auto/FileWriter3.xml (RunModel)" time="0.01" />
  <testcase classname="ptolemy.util.test.junit.AutoTests" name="[176] /home/travis/build/icyphy/ptII/ptolemy/actor/lib/test/auto/Gaussian.xml (RunModel)" time="0.011" />
  <testcase classname="ptolemy.util.test.junit.AutoTests" name="[177] /home/travis/build/icyphy/ptII/ptolemy/actor/lib/test/auto/Gaussian1.xml (RunModel)" time="0.016" />
  <testcase classname="ptolemy.util.test.junit.AutoTests" name="[178] /home/travis/build/icyphy/ptII/ptolemy/actor/lib/test/auto/Gaussian2.xml (RunModel)" time="0.016" />
  <testcase classname="ptolemy.util.test.junit.AutoTests" name="[179] /home/travis/build/icyphy/ptII/ptolemy/actor/lib/test/auto/GradientAdaptiveLattice.xml (RunModel)" time="0.026" />
  <testcase classname="ptolemy.util.test.junit.AutoTests" name="[180] /home/travis/build/icyphy/ptII/ptolemy/actor/lib/test/auto/IIR.xml (RunModel)" time="0.014" />
  <testcase classname="ptolemy.util.test.junit.AutoTests" name="[181] /home/travis/build/icyphy/ptII/ptolemy/actor/lib/test/auto/InputOutputTransparentPorts.xml (RunModel)" time="0.019" />
  <testcase classname="ptolemy.util.test.junit.AutoTests" name="[182] /home/travis/build/icyphy/ptII/ptolemy/actor/lib/test/auto/Interpolator.xml (RunModel)" time="0.011" />
  <testcase classname="ptolemy.util.test.junit.AutoTests" name="[183] /home/travis/build/icyphy/ptII/ptolemy/actor/lib/test/auto/InterpolatorFiringLimitDE.xml (RunModel)" time="0.014" />
  <testcase classname="ptolemy.util.test.junit.AutoTests" name="[184] /home/travis/build/icyphy/ptII/ptolemy/actor/lib/test/auto/Lattice.xml (RunModel)" time="0.009" />
  <testcase classname="ptolemy.util.test.junit.AutoTests" name="[185] /home/travis/build/icyphy/ptII/ptolemy/actor/lib/test/auto/LazyAOCTestLazy.xml (RunModel)" time="0.047" />
  <testcase classname="ptolemy.util.test.junit.AutoTests" name="[186] /home/travis/build/icyphy/ptII/ptolemy/actor/lib/test/auto/LazyAOCTestNonLazy.xml (RunModel)" time="0.039" />
  <testcase classname="ptolemy.util.test.junit.AutoTests" name="[187] /home/travis/build/icyphy/ptII/ptolemy/actor/lib/test/auto/LazyInnerClass.xml (RunModel)" time="0.045" />
  <testcase classname="ptolemy.util.test.junit.AutoTests" name="[188] /home/travis/build/icyphy/ptII/ptolemy/actor/lib/test/auto/LazyPubSub.xml (RunModel)" time="0.065" />
  <testcase classname="ptolemy.util.test.junit.AutoTests" name="[189] /home/travis/build/icyphy/ptII/ptolemy/actor/lib/test/auto/LazyPubSub2.xml (RunModel)" time="0.045" />
  <testcase classname="ptolemy.util.test.junit.AutoTests" name="[190] /home/travis/build/icyphy/ptII/ptolemy/actor/lib/test/auto/LazyPubSub3.xml (RunModel)" time="0.025" />
  <testcase classname="ptolemy.util.test.junit.AutoTests" name="[191] /home/travis/build/icyphy/ptII/ptolemy/actor/lib/test/auto/LazySubClassModel.xml (RunModel)" time="0.02" />
  <testcase classname="ptolemy.util.test.junit.AutoTests" name="[192] /home/travis/build/icyphy/ptII/ptolemy/actor/lib/test/auto/LevelCrossTest1.xml (RunModel)" time="0.011" />
  <testcase classname="ptolemy.util.test.junit.AutoTests" name="[193] /home/travis/build/icyphy/ptII/ptolemy/actor/lib/test/auto/LevelCrossTest10.xml (RunModel)" time="0.015" />
  <testcase classname="ptolemy.util.test.junit.AutoTests" name="[194] /home/travis/build/icyphy/ptII/ptolemy/actor/lib/test/auto/LevelCrossTest11.xml (RunModel)" time="0.012" />
  <testcase classname="ptolemy.util.test.junit.AutoTests" name="[195] /home/travis/build/icyphy/ptII/ptolemy/actor/lib/test/auto/LevelCrossTest12.xml (RunModel)" time="0.013" />
  <testcase classname="ptolemy.util.test.junit.AutoTests" name="[196] /home/travis/build/icyphy/ptII/ptolemy/actor/lib/test/auto/LevelCrossTest13.xml (RunModel)" time="0.013" />
  <testcase classname="ptolemy.util.test.junit.AutoTests" name="[197] /home/travis/build/icyphy/ptII/ptolemy/actor/lib/test/auto/LevelCrossTest2.xml (RunModel)" time="0.011" />
  <testcase classname="ptolemy.util.test.junit.AutoTests" name="[198] /home/travis/build/icyphy/ptII/ptolemy/actor/lib/test/auto/LevelCrossTest3.xml (RunModel)" time="0.012" />
  <testcase classname="ptolemy.util.test.junit.AutoTests" name="[199] /home/travis/build/icyphy/ptII/ptolemy/actor/lib/test/auto/LevelCrossTest4.xml (RunModel)" time="0.011" />
  <testcase classname="ptolemy.util.test.junit.AutoTests" name="[200] /home/travis/build/icyphy/ptII/ptolemy/actor/lib/test/auto/LevelCrossTest5.xml (RunModel)" time="0.014" />
  <testcase classname="ptolemy.util.test.junit.AutoTests" name="[201] /home/travis/build/icyphy/ptII/ptolemy/actor/lib/test/auto/LevelCrossTest6.xml (RunModel)" time="0.013" />
  <testcase classname="ptolemy.util.test.junit.AutoTests" name="[202] /home/travis/build/icyphy/ptII/ptolemy/actor/lib/test/auto/LevelCrossTest7.xml (RunModel)" time="0.017" />
  <testcase classname="ptolemy.util.test.junit.AutoTests" name="[203] /home/travis/build/icyphy/ptII/ptolemy/actor/lib/test/auto/LevelCrossTest8.xml (RunModel)" time="0.02" />
  <testcase classname="ptolemy.util.test.junit.AutoTests" name="[204] /home/travis/build/icyphy/ptII/ptolemy/actor/lib/test/auto/LevelCrossTest9.xml (RunModel)" time="0.016" />
  <testcase classname="ptolemy.util.test.junit.AutoTests" name="[205] /home/travis/build/icyphy/ptII/ptolemy/actor/lib/test/auto/LevinsonDurbin.xml (RunModel)" time="0.01" />
  <testcase classname="ptolemy.util.test.junit.AutoTests" name="[206] /home/travis/build/icyphy/ptII/ptolemy/actor/lib/test/auto/LevinsonDurbin2.xml (RunModel)" time="0.009" />
  <testcase classname="ptolemy.util.test.junit.AutoTests" name="[207] /home/travis/build/icyphy/ptII/ptolemy/actor/lib/test/auto/LevinsonDurbin3.xml (RunModel)" time="0.009" />
  <testcase classname="ptolemy.util.test.junit.AutoTests" name="[208] /home/travis/build/icyphy/ptII/ptolemy/actor/lib/test/auto/Limiter.xml (RunModel)" time="0.022" />
  <testcase classname="ptolemy.util.test.junit.AutoTests" name="[209] /home/travis/build/icyphy/ptII/ptolemy/actor/lib/test/auto/LinearDifferenceEquationSystem.xml (RunModel)" time="0.021" />
  <testcase classname="ptolemy.util.test.junit.AutoTests" name="[210] /home/travis/build/icyphy/ptII/ptolemy/actor/lib/test/auto/LookupTable.xml (RunModel)" time="0.011" />
  <testcase classname="ptolemy.util.test.junit.AutoTests" name="[211] /home/travis/build/icyphy/ptII/ptolemy/actor/lib/test/auto/MathFunction.xml (RunModel)" time="0.02" />
  <testcase classname="ptolemy.util.test.junit.AutoTests" name="[212] /home/travis/build/icyphy/ptII/ptolemy/actor/lib/test/auto/MathFunction2.xml (RunModel)" time="0.01" />
  <testcase classname="ptolemy.util.test.junit.AutoTests" name="[213] /home/travis/build/icyphy/ptII/ptolemy/actor/lib/test/auto/MathFunction3.xml (RunModel)" time="0.016" />
  <testcase classname="ptolemy.util.test.junit.AutoTests" name="[214] /home/travis/build/icyphy/ptII/ptolemy/actor/lib/test/auto/MatrixCropBoolean.xml (RunModel)" time="0.016" />
  <testcase classname="ptolemy.util.test.junit.AutoTests" name="[215] /home/travis/build/icyphy/ptII/ptolemy/actor/lib/test/auto/MatrixCropComplex.xml (RunModel)" time="0.008" />
  <testcase classname="ptolemy.util.test.junit.AutoTests" name="[216] /home/travis/build/icyphy/ptII/ptolemy/actor/lib/test/auto/MatrixCropDouble.xml (RunModel)" time="0.011" />
  <testcase classname="ptolemy.util.test.junit.AutoTests" name="[217] /home/travis/build/icyphy/ptII/ptolemy/actor/lib/test/auto/MatrixCropFix.xml (RunModel)" time="0.01" />
  <testcase classname="ptolemy.util.test.junit.AutoTests" name="[218] /home/travis/build/icyphy/ptII/ptolemy/actor/lib/test/auto/MatrixCropInt.xml (RunModel)" time="0.009" />
  <testcase classname="ptolemy.util.test.junit.AutoTests" name="[219] /home/travis/build/icyphy/ptII/ptolemy/actor/lib/test/auto/MatrixCropLong.xml (RunModel)" time="0.009" />
  <testcase classname="ptolemy.util.test.junit.AutoTests" name="[220] /home/travis/build/icyphy/ptII/ptolemy/actor/lib/test/auto/MatrixToArray.xml (RunModel)" time="0.039" />
  <testcase classname="ptolemy.util.test.junit.AutoTests" name="[221] /home/travis/build/icyphy/ptII/ptolemy/actor/lib/test/auto/MaxIndex.xml (RunModel)" time="0.011" />
  <testcase classname="ptolemy.util.test.junit.AutoTests" name="[222] /home/travis/build/icyphy/ptII/ptolemy/actor/lib/test/auto/Maximum.xml (RunModel)" time="0.015" />
  <testcase classname="ptolemy.util.test.junit.AutoTests" name="[223] /home/travis/build/icyphy/ptII/ptolemy/actor/lib/test/auto/MaximumComplex.xml (RunModel)" time="0.016" />
  <testcase classname="ptolemy.util.test.junit.AutoTests" name="[224] /home/travis/build/icyphy/ptII/ptolemy/actor/lib/test/auto/MethodCallTest.xml (RunModel)" time="0.017" />
  <testcase classname="ptolemy.util.test.junit.AutoTests" name="[225] /home/travis/build/icyphy/ptII/ptolemy/actor/lib/test/auto/Minimum.xml (RunModel)" time="0.011" />
  <testcase classname="ptolemy.util.test.junit.AutoTests" name="[226] /home/travis/build/icyphy/ptII/ptolemy/actor/lib/test/auto/MinimumComplex.xml (RunModel)" time="0.016" />
  <testcase classname="ptolemy.util.test.junit.AutoTests" name="[227] /home/travis/build/icyphy/ptII/ptolemy/actor/lib/test/auto/MinimumMultiports.xml (RunModel)" time="0.024" />
  <testcase classname="ptolemy.util.test.junit.AutoTests" name="[228] /home/travis/build/icyphy/ptII/ptolemy/actor/lib/test/auto/ModifyDate.xml (RunModel)" time="0.034" />
  <testcase classname="ptolemy.util.test.junit.AutoTests" name="[229] /home/travis/build/icyphy/ptII/ptolemy/actor/lib/test/auto/ModifyDate2.xml (RunModel)" time="0.029" />
  <testcase classname="ptolemy.util.test.junit.AutoTests" name="[230] /home/travis/build/icyphy/ptII/ptolemy/actor/lib/test/auto/MovingAverage.xml (RunModel)" time="0.011" />
  <testcase classname="ptolemy.util.test.junit.AutoTests" name="[231] /home/travis/build/icyphy/ptII/ptolemy/actor/lib/test/auto/MovingMaximum.xml (RunModel)" time="0.014" />
  <testcase classname="ptolemy.util.test.junit.AutoTests" name="[232] /home/travis/build/icyphy/ptII/ptolemy/actor/lib/test/auto/MultipleLinksToSameRelation.xml (RunModel)" time="0.011" />
  <testcase classname="ptolemy.util.test.junit.AutoTests" name="[233] /home/travis/build/icyphy/ptII/ptolemy/actor/lib/test/auto/MultipleLinksToSameRelationDE.xml (RunModel)" time="0.008" />
  <testcase classname="ptolemy.util.test.junit.AutoTests" name="[234] /home/travis/build/icyphy/ptII/ptolemy/actor/lib/test/auto/Multiplexor.xml (RunModel)" time="0.012" />
  <testcase classname="ptolemy.util.test.junit.AutoTests" name="[235] /home/travis/build/icyphy/ptII/ptolemy/actor/lib/test/auto/Multiplexor1.xml (RunModel)" time="0.015" />
  <testcase classname="ptolemy.util.test.junit.AutoTests" name="[236] /home/travis/build/icyphy/ptII/ptolemy/actor/lib/test/auto/Multiplexor2.xml (RunModel)" time="0.012" />
  <testcase classname="ptolemy.util.test.junit.AutoTests" name="[237] /home/travis/build/icyphy/ptII/ptolemy/actor/lib/test/auto/Multiplexor3.xml (RunModel)" time="0.007" />
  <testcase classname="ptolemy.util.test.junit.AutoTests" name="[238] /home/travis/build/icyphy/ptII/ptolemy/actor/lib/test/auto/MultiplexorDE.xml (RunModel)" time="0.022" />
  <testcase classname="ptolemy.util.test.junit.AutoTests" name="[239] /home/travis/build/icyphy/ptII/ptolemy/actor/lib/test/auto/MultiportBroadcastTest.xml (RunModel)" time="0.101" />
  <testcase classname="ptolemy.util.test.junit.AutoTests" name="[240] /home/travis/build/icyphy/ptII/ptolemy/actor/lib/test/auto/MultiportOutHangDuringGetWidth.xml (RunModel)" time="0.029" />
  <testcase classname="ptolemy.util.test.junit.AutoTests" name="[241] /home/travis/build/icyphy/ptII/ptolemy/actor/lib/test/auto/NilToken.xml (RunModel)" time="0.009" />
  <testcase classname="ptolemy.util.test.junit.AutoTests" name="[242] /home/travis/build/icyphy/ptII/ptolemy/actor/lib/test/auto/NilTokenNonStrictTest.xml (RunModel)" time="0.01" />
  <testcase classname="ptolemy.util.test.junit.AutoTests" name="[243] /home/travis/build/icyphy/ptII/ptolemy/actor/lib/test/auto/NilTokenRecord.xml (RunModel)" time="0.017" />
  <testcase classname="ptolemy.util.test.junit.AutoTests" name="[244] /home/travis/build/icyphy/ptII/ptolemy/actor/lib/test/auto/NilTokenTypeTest.xml (RunModel)" time="0.045" />
  <testcase classname="ptolemy.util.test.junit.AutoTests" name="[245] /home/travis/build/icyphy/ptII/ptolemy/actor/lib/test/auto/ObjectToken1.xml (RunModel)" time="0.007" />
  <testcase classname="ptolemy.util.test.junit.AutoTests" name="[246] /home/travis/build/icyphy/ptII/ptolemy/actor/lib/test/auto/OrderedMerge.xml (RunModel)" time="0.016" />
  <testcase classname="ptolemy.util.test.junit.AutoTests" name="[247] /home/travis/build/icyphy/ptII/ptolemy/actor/lib/test/auto/OrderedRecordDisassembler.xml (RunModel)" time="0.021" />
  <testcase classname="ptolemy.util.test.junit.AutoTests" name="[248] /home/travis/build/icyphy/ptII/ptolemy/actor/lib/test/auto/OrderedRecordDisassembler2.xml (RunModel)" time="0.02" />
  <testcase classname="ptolemy.util.test.junit.AutoTests" name="[249] /home/travis/build/icyphy/ptII/ptolemy/actor/lib/test/auto/OrderedRecordUpdater.xml (RunModel)" time="0.011" />
  <testcase classname="ptolemy.util.test.junit.AutoTests" name="[250] /home/travis/build/icyphy/ptII/ptolemy/actor/lib/test/auto/OrderedRecordUpdater2.xml (RunModel)" time="0.018" />
  <testcase classname="ptolemy.util.test.junit.AutoTests" name="[251] /home/travis/build/icyphy/ptII/ptolemy/actor/lib/test/auto/PhaseUnwrap.xml (RunModel)" time="0.011" />
  <testcase classname="ptolemy.util.test.junit.AutoTests" name="[252] /home/travis/build/icyphy/ptII/ptolemy/actor/lib/test/auto/PoissonClock.xml (RunModel)" time="0.014" />
  <testcase classname="ptolemy.util.test.junit.AutoTests" name="[253] /home/travis/build/icyphy/ptII/ptolemy/actor/lib/test/auto/PoissonClock2.xml (RunModel)" time="0.008" />
  <testcase classname="ptolemy.util.test.junit.AutoTests" name="[254] /home/travis/build/icyphy/ptII/ptolemy/actor/lib/test/auto/PoissonClock3.xml (RunModel)" time="0.014" />
  <testcase classname="ptolemy.util.test.junit.AutoTests" name="[255] /home/travis/build/icyphy/ptII/ptolemy/actor/lib/test/auto/PubSubWithInitialTokens.xml (RunModel)" time="0.013" />
  <testcase classname="ptolemy.util.test.junit.AutoTests" name="[256] /home/travis/build/icyphy/ptII/ptolemy/actor/lib/test/auto/PubSubWithInitialTokens2.xml (RunModel)" time="0.015" />
  <testcase classname="ptolemy.util.test.junit.AutoTests" name="[257] /home/travis/build/icyphy/ptII/ptolemy/actor/lib/test/auto/PublisherClassNoParameter.xml (RunModel)" time="0.026" />
  <testcase classname="ptolemy.util.test.junit.AutoTests" name="[258] /home/travis/build/icyphy/ptII/ptolemy/actor/lib/test/auto/PublisherClassParameter.xml (RunModel)" time="0.02" />
  <testcase classname="ptolemy.util.test.junit.AutoTests" name="[259] /home/travis/build/icyphy/ptII/ptolemy/actor/lib/test/auto/PublisherNonStrictTest.xml (RunModel)" time="0.014" />
  <testcase classname="ptolemy.util.test.junit.AutoTests" name="[260] /home/travis/build/icyphy/ptII/ptolemy/actor/lib/test/auto/PublisherPort1.xml (RunModel)" time="0.012" />
  <testcase classname="ptolemy.util.test.junit.AutoTests" name="[261] /home/travis/build/icyphy/ptII/ptolemy/actor/lib/test/auto/PublisherPort2.xml (RunModel)" time="0.011" />
  <testcase classname="ptolemy.util.test.junit.AutoTests" name="[262] /home/travis/build/icyphy/ptII/ptolemy/actor/lib/test/auto/PublisherPort3.xml (RunModel)" time="0.021" />
  <testcase classname="ptolemy.util.test.junit.AutoTests" name="[263] /home/travis/build/icyphy/ptII/ptolemy/actor/lib/test/auto/PublisherPort4.xml (RunModel)" time="0.017" />
  <testcase classname="ptolemy.util.test.junit.AutoTests" name="[264] /home/travis/build/icyphy/ptII/ptolemy/actor/lib/test/auto/PublisherPort5.xml (RunModel)" time="0.014" />
  <testcase classname="ptolemy.util.test.junit.AutoTests" name="[265] /home/travis/build/icyphy/ptII/ptolemy/actor/lib/test/auto/PublisherPort5LookAlike.xml (RunModel)" time="0.018" />
  <testcase classname="ptolemy.util.test.junit.AutoTests" name="[266] /home/travis/build/icyphy/ptII/ptolemy/actor/lib/test/auto/PublisherPort6.xml (RunModel)" time="0.013" />
  <testcase classname="ptolemy.util.test.junit.AutoTests" name="[267] /home/travis/build/icyphy/ptII/ptolemy/actor/lib/test/auto/PublisherPort7.xml (RunModel)" time="0.015" />
  <testcase classname="ptolemy.util.test.junit.AutoTests" name="[268] /home/travis/build/icyphy/ptII/ptolemy/actor/lib/test/auto/PublisherPort8.xml (RunModel)" time="0.016" />
  <testcase classname="ptolemy.util.test.junit.AutoTests" name="[269] /home/travis/build/icyphy/ptII/ptolemy/actor/lib/test/auto/PublisherPortSubscriberChannelVariablesAOC2.xml (RunModel)" time="0.034" />
  <testcase classname="ptolemy.util.test.junit.AutoTests" name="[270] /home/travis/build/icyphy/ptII/ptolemy/actor/lib/test/auto/PublisherPortSubscriberOpaqueWidthInference.xml (RunModel)" time="0.017" />
  <testcase classname="ptolemy.util.test.junit.AutoTests" name="[271] /home/travis/build/icyphy/ptII/ptolemy/actor/lib/test/auto/PublisherPortSubscriberPortAdjacent.xml (RunModel)" time="0.021" />
  <testcase classname="ptolemy.util.test.junit.AutoTests" name="[272] /home/travis/build/icyphy/ptII/ptolemy/actor/lib/test/auto/PublisherPortSubscriberPortExpression.xml (RunModel)" time="0.019" />
  <testcase classname="ptolemy.util.test.junit.AutoTests" name="[273] /home/travis/build/icyphy/ptII/ptolemy/actor/lib/test/auto/PublisherPortSubscriberPortOpaqueD3Reverse.xml (RunModel)" time="0.04" />
  <testcase classname="ptolemy.util.test.junit.AutoTests" name="[274] /home/travis/build/icyphy/ptII/ptolemy/actor/lib/test/auto/PublisherPortSubscriberPortOpaqueWidthInference.xml (RunModel)" time="0.018" />
  <testcase classname="ptolemy.util.test.junit.AutoTests" name="[275] /home/travis/build/icyphy/ptII/ptolemy/actor/lib/test/auto/PublisherPortToplevelSubscriberPortAOC.xml (RunModel)" time="0.01" />
  <testcase classname="ptolemy.util.test.junit.AutoTests" name="[276] /home/travis/build/icyphy/ptII/ptolemy/actor/lib/test/auto/PublisherSubscriber.xml (RunModel)" time="0.014" />
  <testcase classname="ptolemy.util.test.junit.AutoTests" name="[277] /home/travis/build/icyphy/ptII/ptolemy/actor/lib/test/auto/PublisherSubscriber10.xml (RunModel)" time="0.018" />
  <testcase classname="ptolemy.util.test.junit.AutoTests" name="[278] /home/travis/build/icyphy/ptII/ptolemy/actor/lib/test/auto/PublisherSubscriber10InitialOutputs.xml (RunModel)" time="0.019" />
  <testcase classname="ptolemy.util.test.junit.AutoTests" name="[279] /home/travis/build/icyphy/ptII/ptolemy/actor/lib/test/auto/PublisherSubscriber11.xml (RunModel)" time="0.016" />
  <testcase classname="ptolemy.util.test.junit.AutoTests" name="[280] /home/travis/build/icyphy/ptII/ptolemy/actor/lib/test/auto/PublisherSubscriber12.xml (RunModel)" time="0.012" />
  <testcase classname="ptolemy.util.test.junit.AutoTests" name="[281] /home/travis/build/icyphy/ptII/ptolemy/actor/lib/test/auto/PublisherSubscriber13.xml (RunModel)" time="0.016" />
  <testcase classname="ptolemy.util.test.junit.AutoTests" name="[282] /home/travis/build/icyphy/ptII/ptolemy/actor/lib/test/auto/PublisherSubscriber14.xml (RunModel)" time="0.027" />
  <testcase classname="ptolemy.util.test.junit.AutoTests" name="[283] /home/travis/build/icyphy/ptII/ptolemy/actor/lib/test/auto/PublisherSubscriber2.xml (RunModel)" time="0.009" />
  <testcase classname="ptolemy.util.test.junit.AutoTests" name="[284] /home/travis/build/icyphy/ptII/ptolemy/actor/lib/test/auto/PublisherSubscriber3.xml (RunModel)" time="0.01" />
  <testcase classname="ptolemy.util.test.junit.AutoTests" name="[285] /home/travis/build/icyphy/ptII/ptolemy/actor/lib/test/auto/PublisherSubscriber4.xml (RunModel)" time="0.009" />
  <testcase classname="ptolemy.util.test.junit.AutoTests" name="[286] /home/travis/build/icyphy/ptII/ptolemy/actor/lib/test/auto/PublisherSubscriber5.xml (RunModel)" time="0.013" />
  <testcase classname="ptolemy.util.test.junit.AutoTests" name="[287] /home/travis/build/icyphy/ptII/ptolemy/actor/lib/test/auto/PublisherSubscriber6.xml (RunModel)" time="0.013" />
  <testcase classname="ptolemy.util.test.junit.AutoTests" name="[288] /home/travis/build/icyphy/ptII/ptolemy/actor/lib/test/auto/PublisherSubscriber7.xml (RunModel)" time="0.013" />
  <testcase classname="ptolemy.util.test.junit.AutoTests" name="[289] /home/travis/build/icyphy/ptII/ptolemy/actor/lib/test/auto/PublisherSubscriber8.xml (RunModel)" time="0.028" />
  <testcase classname="ptolemy.util.test.junit.AutoTests" name="[290] /home/travis/build/icyphy/ptII/ptolemy/actor/lib/test/auto/PublisherSubscriber9.xml (RunModel)" time="0.023" />
  <testcase classname="ptolemy.util.test.junit.AutoTests" name="[291] /home/travis/build/icyphy/ptII/ptolemy/actor/lib/test/auto/PublisherSubscriberAdjacent.xml (RunModel)" time="0.018" />
  <testcase classname="ptolemy.util.test.junit.AutoTests" name="[292] /home/travis/build/icyphy/ptII/ptolemy/actor/lib/test/auto/PublisherSubscriberChannelVariablesAOC2.xml (RunModel)" time="0.035" />
  <testcase classname="ptolemy.util.test.junit.AutoTests" name="[293] /home/travis/build/icyphy/ptII/ptolemy/actor/lib/test/auto/PublisherSubscriberD3.xml (RunModel)" time="0.014" />
  <testcase classname="ptolemy.util.test.junit.AutoTests" name="[294] /home/travis/build/icyphy/ptII/ptolemy/actor/lib/test/auto/PublisherSubscriberD3Reverse.xml (RunModel)" time="0.012" />
  <testcase classname="ptolemy.util.test.junit.AutoTests" name="[295] /home/travis/build/icyphy/ptII/ptolemy/actor/lib/test/auto/PublisherSubscriberExpression.xml (RunModel)" time="0.02" />
  <testcase classname="ptolemy.util.test.junit.AutoTests" name="[296] /home/travis/build/icyphy/ptII/ptolemy/actor/lib/test/auto/PublisherSubscriberOpaque.xml (RunModel)" time="0.02" />
  <testcase classname="ptolemy.util.test.junit.AutoTests" name="[297] /home/travis/build/icyphy/ptII/ptolemy/actor/lib/test/auto/PublisherSubscriberOpaqueD3.xml (RunModel)" time="0.019" />
  <testcase classname="ptolemy.util.test.junit.AutoTests" name="[298] /home/travis/build/icyphy/ptII/ptolemy/actor/lib/test/auto/PublisherSubscriberOpaqueD3Reverse.xml (RunModel)" time="0.018" />
  <testcase classname="ptolemy.util.test.junit.AutoTests" name="[299] /home/travis/build/icyphy/ptII/ptolemy/actor/lib/test/auto/PublisherSubscriberOpaqueWidthInference.xml (RunModel)" time="0.017" />
  <testcase classname="ptolemy.util.test.junit.AutoTests" name="[300] /home/travis/build/icyphy/ptII/ptolemy/actor/lib/test/auto/PublisherTestSubscriber.xml (RunModel)" time="0.014" />
  <testcase classname="ptolemy.util.test.junit.AutoTests" name="[301] /home/travis/build/icyphy/ptII/ptolemy/actor/lib/test/auto/PublisherToplevelSubscriberPortAOC.xml (RunModel)" time="0.011" />
  <testcase classname="ptolemy.util.test.junit.AutoTests" name="[302] /home/travis/build/icyphy/ptII/ptolemy/actor/lib/test/auto/PulseFiringLimitDE.xml (RunModel)" time="0.012" />
  <testcase classname="ptolemy.util.test.junit.AutoTests" name="[303] /home/travis/build/icyphy/ptII/ptolemy/actor/lib/test/auto/Ramp1.xml (RunModel)" time="0.007" />
  <testcase classname="ptolemy.util.test.junit.AutoTests" name="[304] /home/travis/build/icyphy/ptII/ptolemy/actor/lib/test/auto/RampFiringLimitDE.xml (RunModel)" time="0.011" />
  <testcase classname="ptolemy.util.test.junit.AutoTests" name="[305] /home/travis/build/icyphy/ptII/ptolemy/actor/lib/test/auto/RampFiringLimitSDF.xml (RunModel)" time="0.011" />
  <testcase classname="ptolemy.util.test.junit.AutoTests" name="[306] /home/travis/build/icyphy/ptII/ptolemy/actor/lib/test/auto/RandomInteger.xml (RunModel)" time="0.008" />
  <testcase classname="ptolemy.util.test.junit.AutoTests" name="[307] /home/travis/build/icyphy/ptII/ptolemy/actor/lib/test/auto/ReadFile1.xml (RunModel)" time="0.01" />
  <testcase classname="ptolemy.util.test.junit.AutoTests" name="[308] /home/travis/build/icyphy/ptII/ptolemy/actor/lib/test/auto/ReadFile2.xml (RunModel)" time="0.009" />
  <testcase classname="ptolemy.util.test.junit.AutoTests" name="[309] /home/travis/build/icyphy/ptII/ptolemy/actor/lib/test/auto/Reader.xml (RunModel)" time="0.01" />
  <testcase classname="ptolemy.util.test.junit.AutoTests" name="[310] /home/travis/build/icyphy/ptII/ptolemy/actor/lib/test/auto/RecordAssemblerDisplayNameTest.xml (RunModel)" time="2.804" />
  <testcase classname="ptolemy.util.test.junit.AutoTests" name="[311] /home/travis/build/icyphy/ptII/ptolemy/actor/lib/test/auto/RecordAssemblerTypeError.xml (RunModel)" time="0.032" />
  <testcase classname="ptolemy.util.test.junit.AutoTests" name="[312] /home/travis/build/icyphy/ptII/ptolemy/actor/lib/test/auto/RecordDisassember.xml (RunModel)" time="0.016" />
  <testcase classname="ptolemy.util.test.junit.AutoTests" name="[313] /home/travis/build/icyphy/ptII/ptolemy/actor/lib/test/auto/RecordDisassemberDisplayNameTest.xml (RunModel)" time="0.022" />
  <testcase classname="ptolemy.util.test.junit.AutoTests" name="[314] /home/travis/build/icyphy/ptII/ptolemy/actor/lib/test/auto/RecordDisassembler.xml (RunModel)" time="0.009" />
  <testcase classname="ptolemy.util.test.junit.AutoTests" name="[315] /home/travis/build/icyphy/ptII/ptolemy/actor/lib/test/auto/RecordDisassembler2.xml (RunModel)" time="0.01" />
  <testcase classname="ptolemy.util.test.junit.AutoTests" name="[316] /home/travis/build/icyphy/ptII/ptolemy/actor/lib/test/auto/RecordUpdater.xml (RunModel)" time="0.01" />
  <testcase classname="ptolemy.util.test.junit.AutoTests" name="[317] /home/travis/build/icyphy/ptII/ptolemy/actor/lib/test/auto/RecordUpdater2.xml (RunModel)" time="0.01" />
  <testcase classname="ptolemy.util.test.junit.AutoTests" name="[318] /home/travis/build/icyphy/ptII/ptolemy/actor/lib/test/auto/RecursiveLattice.xml (RunModel)" time="0.01" />
  <testcase classname="ptolemy.util.test.junit.AutoTests" name="[319] /home/travis/build/icyphy/ptII/ptolemy/actor/lib/test/auto/Router.xml (RunModel)" time="3.024" />
  <testcase classname="ptolemy.util.test.junit.AutoTests" name="[320] /home/travis/build/icyphy/ptII/ptolemy/actor/lib/test/auto/Router2.xml (RunModel)" time="3.032" />
  <testcase classname="ptolemy.util.test.junit.AutoTests" name="[321] /home/travis/build/icyphy/ptII/ptolemy/actor/lib/test/auto/RunningMaximum.xml (RunModel)" time="0.017" />
  <testcase classname="ptolemy.util.test.junit.AutoTests" name="[322] /home/travis/build/icyphy/ptII/ptolemy/actor/lib/test/auto/RunningMinimum.xml (RunModel)" time="0.011" />
  <testcase classname="ptolemy.util.test.junit.AutoTests" name="[323] /home/travis/build/icyphy/ptII/ptolemy/actor/lib/test/auto/Scale.xml (RunModel)" time="0.008" />
  <testcase classname="ptolemy.util.test.junit.AutoTests" name="[324] /home/travis/build/icyphy/ptII/ptolemy/actor/lib/test/auto/Scale2.xml (RunModel)" time="0.011" />
  <testcase classname="ptolemy.util.test.junit.AutoTests" name="[325] /home/travis/build/icyphy/ptII/ptolemy/actor/lib/test/auto/Scale3.xml (RunModel)" time="0.014" />
  <testcase classname="ptolemy.util.test.junit.AutoTests" name="[326] /home/travis/build/icyphy/ptII/ptolemy/actor/lib/test/auto/ScaleArray.xml (RunModel)" time="0.008" />
  <testcase classname="ptolemy.util.test.junit.AutoTests" name="[327] /home/travis/build/icyphy/ptII/ptolemy/actor/lib/test/auto/ScaleArray2.xml (RunModel)" time="0.008" />
  <testcase classname="ptolemy.util.test.junit.AutoTests" name="[328] /home/travis/build/icyphy/ptII/ptolemy/actor/lib/test/auto/ScaleMatrix.xml (RunModel)" time="0.112" />
  <testcase classname="ptolemy.util.test.junit.AutoTests" name="[329] /home/travis/build/icyphy/ptII/ptolemy/actor/lib/test/auto/Select.xml (RunModel)" time="0.014" />
  <testcase classname="ptolemy.util.test.junit.AutoTests" name="[330] /home/travis/build/icyphy/ptII/ptolemy/actor/lib/test/auto/Select2.xml (RunModel)" time="0.009" />
  <testcase classname="ptolemy.util.test.junit.AutoTests" name="[331] /home/travis/build/icyphy/ptII/ptolemy/actor/lib/test/auto/SequenceToArray2.xml (RunModel)" time="0.101" />
  <testcase classname="ptolemy.util.test.junit.AutoTests" name="[332] /home/travis/build/icyphy/ptII/ptolemy/actor/lib/test/auto/SequentialClock.xml (RunModel)" time="0.013" />
  <testcase classname="ptolemy.util.test.junit.AutoTests" name="[333] /home/travis/build/icyphy/ptII/ptolemy/actor/lib/test/auto/SetVariable.xml (RunModel)" time="0.011" />
  <testcase classname="ptolemy.util.test.junit.AutoTests" name="[334] /home/travis/build/icyphy/ptII/ptolemy/actor/lib/test/auto/SetVariable2.xml (RunModel)" time="0.01" />
  <testcase classname="ptolemy.util.test.junit.AutoTests" name="[335] /home/travis/build/icyphy/ptII/ptolemy/actor/lib/test/auto/SetVariable3.xml (RunModel)" time="0.012" />
  <testcase classname="ptolemy.util.test.junit.AutoTests" name="[336] /home/travis/build/icyphy/ptII/ptolemy/actor/lib/test/auto/SetVariable4.xml (RunModel)" time="0.024" />
  <testcase classname="ptolemy.util.test.junit.AutoTests" name="[337] /home/travis/build/icyphy/ptII/ptolemy/actor/lib/test/auto/SetVariable5.xml (RunModel)" time="0.026" />
  <testcase classname="ptolemy.util.test.junit.AutoTests" name="[338] /home/travis/build/icyphy/ptII/ptolemy/actor/lib/test/auto/Sinewave.xml (RunModel)" time="0.027" />
  <testcase classname="ptolemy.util.test.junit.AutoTests" name="[339] /home/travis/build/icyphy/ptII/ptolemy/actor/lib/test/auto/Sinewave2.xml (RunModel)" time="0.015" />
  <testcase classname="ptolemy.util.test.junit.AutoTests" name="[340] /home/travis/build/icyphy/ptII/ptolemy/actor/lib/test/auto/Sinewave3.xml (RunModel)" time="0.016" />
  <testcase classname="ptolemy.util.test.junit.AutoTests" name="[341] /home/travis/build/icyphy/ptII/ptolemy/actor/lib/test/auto/SingleEvent.xml (RunModel)" time="0.009" />
  <testcase classname="ptolemy.util.test.junit.AutoTests" name="[342] /home/travis/build/icyphy/ptII/ptolemy/actor/lib/test/auto/Sleep.xml (RunModel)" time="6.012" />
  <testcase classname="ptolemy.util.test.junit.AutoTests" name="[343] /home/travis/build/icyphy/ptII/ptolemy/actor/lib/test/auto/SleepMultipleFire.xml (RunModel)" time="1.024" />
  <testcase classname="ptolemy.util.test.junit.AutoTests" name="[344] /home/travis/build/icyphy/ptII/ptolemy/actor/lib/test/auto/StopDE.xml (RunModel)" time="0.017" />
  <testcase classname="ptolemy.util.test.junit.AutoTests" name="[345] /home/travis/build/icyphy/ptII/ptolemy/actor/lib/test/auto/StopSDF.xml (RunModel)" time="0.013" />
  <testcase classname="ptolemy.util.test.junit.AutoTests" name="[346] /home/travis/build/icyphy/ptII/ptolemy/actor/lib/test/auto/StringConstant.xml (RunModel)" time="0.009" />
  <testcase classname="ptolemy.util.test.junit.AutoTests" name="[347] /home/travis/build/icyphy/ptII/ptolemy/actor/lib/test/auto/SubscriberPortInitialValues1.xml (RunModel)" time="0.017" />
  <testcase classname="ptolemy.util.test.junit.AutoTests" name="[348] /home/travis/build/icyphy/ptII/ptolemy/actor/lib/test/auto/SubscriberPortInitialValues13.xml (RunModel)" time="0.023" />
  <testcase classname="ptolemy.util.test.junit.AutoTests" name="[349] /home/travis/build/icyphy/ptII/ptolemy/actor/lib/test/auto/SubscriberPortInitialValues14.xml (RunModel)" time="0.016" />
  <testcase classname="ptolemy.util.test.junit.AutoTests" name="[350] /home/travis/build/icyphy/ptII/ptolemy/actor/lib/test/auto/SubscriberPortInitialValues2.xml (RunModel)" time="0.015" />
  <testcase classname="ptolemy.util.test.junit.AutoTests" name="[351] /home/travis/build/icyphy/ptII/ptolemy/actor/lib/test/auto/SubscriberPortInitialValues3.xml (RunModel)" time="0.019" />
  <testcase classname="ptolemy.util.test.junit.AutoTests" name="[352] /home/travis/build/icyphy/ptII/ptolemy/actor/lib/test/auto/SubscriptionAggregator.xml (RunModel)" time="0.012" />
  <testcase classname="ptolemy.util.test.junit.AutoTests" name="[353] /home/travis/build/icyphy/ptII/ptolemy/actor/lib/test/auto/SubscriptionAggregator2.xml (RunModel)" time="0.012" />
  <testcase classname="ptolemy.util.test.junit.AutoTests" name="[354] /home/travis/build/icyphy/ptII/ptolemy/actor/lib/test/auto/SubscriptionAggregator3.xml (RunModel)" time="0.015" />
  <testcase classname="ptolemy.util.test.junit.AutoTests" name="[355] /home/travis/build/icyphy/ptII/ptolemy/actor/lib/test/auto/SubscriptionAggregatorMultiply.xml (RunModel)" time="0.015" />
  <testcase classname="ptolemy.util.test.junit.AutoTests" name="[356] /home/travis/build/icyphy/ptII/ptolemy/actor/lib/test/auto/SubscriptionAggregatorPortMultiply1.xml (RunModel)" time="0.014" />
  <testcase classname="ptolemy.util.test.junit.AutoTests" name="[357] /home/travis/build/icyphy/ptII/ptolemy/actor/lib/test/auto/Switch.xml (RunModel)" time="0.016" />
  <testcase classname="ptolemy.util.test.junit.AutoTests" name="[358] /home/travis/build/icyphy/ptII/ptolemy/actor/lib/test/auto/Switch2.xml (RunModel)" time="0.017" />
  <testcase classname="ptolemy.util.test.junit.AutoTests" name="[359] /home/travis/build/icyphy/ptII/ptolemy/actor/lib/test/auto/SwitchDE.xml (RunModel)" time="0.014" />
  <testcase classname="ptolemy.util.test.junit.AutoTests" name="[360] /home/travis/build/icyphy/ptII/ptolemy/actor/lib/test/auto/SynchronizerDE.xml (RunModel)" time="0.036" />
  <testcase classname="ptolemy.util.test.junit.AutoTests" name="[361] /home/travis/build/icyphy/ptII/ptolemy/actor/lib/test/auto/Test.xml (RunModel)" time="0.022" />
  <testcase classname="ptolemy.util.test.junit.AutoTests" name="[362] /home/travis/build/icyphy/ptII/ptolemy/actor/lib/test/auto/TestExceptionAttribute1.xml (RunModel)" time="0.013" />
  <testcase classname="ptolemy.util.test.junit.AutoTests" name="[363] /home/travis/build/icyphy/ptII/ptolemy/actor/lib/test/auto/TestExceptionAttribute2.xml (RunModel)" time="0.008" />
  <testcase classname="ptolemy.util.test.junit.AutoTests" name="[364] /home/travis/build/icyphy/ptII/ptolemy/actor/lib/test/auto/TestExceptionAttribute3.xml (RunModel)" time="0.006" />
  <testcase classname="ptolemy.util.test.junit.AutoTests" name="[365] /home/travis/build/icyphy/ptII/ptolemy/actor/lib/test/auto/TestExceptionAttribute4.xml (RunModel)" time="0.007" />
  <testcase classname="ptolemy.util.test.junit.AutoTests" name="[366] /home/travis/build/icyphy/ptII/ptolemy/actor/lib/test/auto/TestExceptionHandler1.xml (RunModel)" time="0.008" />
  <testcase classname="ptolemy.util.test.junit.AutoTests" name="[367] /home/travis/build/icyphy/ptII/ptolemy/actor/lib/test/auto/TestExceptionHandler2.xml (RunModel)" time="0.014" />
  <testcase classname="ptolemy.util.test.junit.AutoTests" name="[368] /home/travis/build/icyphy/ptII/ptolemy/actor/lib/test/auto/TestExceptionHandler3.xml (RunModel)" time="0.011" />
  <testcase classname="ptolemy.util.test.junit.AutoTests" name="[369] /home/travis/build/icyphy/ptII/ptolemy/actor/lib/test/auto/TestExceptionHandler4.xml (RunModel)" time="0.007" />
  <testcase classname="ptolemy.util.test.junit.AutoTests" name="[370] /home/travis/build/icyphy/ptII/ptolemy/actor/lib/test/auto/TestRequireCorrectOrder.xml (RunModel)" time="0.013" />
  <testcase classname="ptolemy.util.test.junit.AutoTests" name="[371] /home/travis/build/icyphy/ptII/ptolemy/actor/lib/test/auto/TestSimple.xml (RunModel)" time="0.008" />
  <testcase classname="ptolemy.util.test.junit.AutoTests" name="[372] /home/travis/build/icyphy/ptII/ptolemy/actor/lib/test/auto/ThrowModelError.xml (RunModel)" time="0.011" />
  <testcase classname="ptolemy.util.test.junit.AutoTests" name="[373] /home/travis/build/icyphy/ptII/ptolemy/actor/lib/test/auto/TimeDelayMicrosteps.xml (RunModel)" time="0.013" />
  <testcase classname="ptolemy.util.test.junit.AutoTests" name="[374] /home/travis/build/icyphy/ptII/ptolemy/actor/lib/test/auto/TimeDelayMicrosteps2.xml (RunModel)" time="0.015" />
  <testcase classname="ptolemy.util.test.junit.AutoTests" name="[375] /home/travis/build/icyphy/ptII/ptolemy/actor/lib/test/auto/TimeDelayMicrosteps3.xml (RunModel)" time="0.013" />
  <testcase classname="ptolemy.util.test.junit.AutoTests" name="[376] /home/travis/build/icyphy/ptII/ptolemy/actor/lib/test/auto/TimeDelayVariableMicrosteps.xml (RunModel)" time="0.018" />
  <testcase classname="ptolemy.util.test.junit.AutoTests" name="[377] /home/travis/build/icyphy/ptII/ptolemy/actor/lib/test/auto/TimeGap.xml (RunModel)" time="0.015" />
  <testcase classname="ptolemy.util.test.junit.AutoTests" name="[378] /home/travis/build/icyphy/ptII/ptolemy/actor/lib/test/auto/TimeGap2.xml (RunModel)" time="0.012" />
  <testcase classname="ptolemy.util.test.junit.AutoTests" name="[379] /home/travis/build/icyphy/ptII/ptolemy/actor/lib/test/auto/TimedSinewave.xml (RunModel)" time="0.07" />
  <testcase classname="ptolemy.util.test.junit.AutoTests" name="[380] /home/travis/build/icyphy/ptII/ptolemy/actor/lib/test/auto/TimedSinewavePhase.xml (RunModel)" time="0.029" />
  <testcase classname="ptolemy.util.test.junit.AutoTests" name="[381] /home/travis/build/icyphy/ptII/ptolemy/actor/lib/test/auto/Timer.xml (RunModel)" time="0.017" />
  <testcase classname="ptolemy.util.test.junit.AutoTests" name="[382] /home/travis/build/icyphy/ptII/ptolemy/actor/lib/test/auto/TriangularDistTestModel.xml (RunModel)" time="0.016" />
  <testcase classname="ptolemy.util.test.junit.AutoTests" name="[383] /home/travis/build/icyphy/ptII/ptolemy/actor/lib/test/auto/TrigFunction.xml (RunModel)" time="0.008" />
  <testcase classname="ptolemy.util.test.junit.AutoTests" name="[384] /home/travis/build/icyphy/ptII/ptolemy/actor/lib/test/auto/TrigFunctionDE.xml (RunModel)" time="0.011" />
  <testcase classname="ptolemy.util.test.junit.AutoTests" name="[385] /home/travis/build/icyphy/ptII/ptolemy/actor/lib/test/auto/TrigFunctionInverse.xml (RunModel)" time="0.009" />
  <testcase classname="ptolemy.util.test.junit.AutoTests" name="[386] /home/travis/build/icyphy/ptII/ptolemy/actor/lib/test/auto/TrigFunctionTan.xml (RunModel)" time="0.007" />
  <testcase classname="ptolemy.util.test.junit.AutoTests" name="[387] /home/travis/build/icyphy/ptII/ptolemy/actor/lib/test/auto/TriggeredClock.xml (RunModel)" time="0.008" />
  <testcase classname="ptolemy.util.test.junit.AutoTests" name="[388] /home/travis/build/icyphy/ptII/ptolemy/actor/lib/test/auto/URLDirectoryReader.xml (RunModel)" time="0.097" />
  <testcase classname="ptolemy.util.test.junit.AutoTests" name="[389] /home/travis/build/icyphy/ptII/ptolemy/actor/lib/test/auto/URLDirectoryReader3.xml (RunModel)" time="1.325" />
  <testcase classname="ptolemy.util.test.junit.AutoTests" name="[390] /home/travis/build/icyphy/ptII/ptolemy/actor/lib/test/auto/UnaryMathFunction.xml (RunModel)" time="0.025" />
  <testcase classname="ptolemy.util.test.junit.AutoTests" name="[391] /home/travis/build/icyphy/ptII/ptolemy/actor/lib/test/auto/Uniform.xml (RunModel)" time="0.036" />
  <testcase classname="ptolemy.util.test.junit.AutoTests" name="[392] /home/travis/build/icyphy/ptII/ptolemy/actor/lib/test/auto/UnionDisassemblerTest.xml (RunModel)" time="0.032" />
  <testcase classname="ptolemy.util.test.junit.AutoTests" name="[393] /home/travis/build/icyphy/ptII/ptolemy/actor/lib/test/auto/UtilityFunctions.xml (RunModel)" time="0.029" />
  <testcase classname="ptolemy.util.test.junit.AutoTests" name="[394] /home/travis/build/icyphy/ptII/ptolemy/actor/lib/test/auto/VariableSleep.xml (RunModel)" time="0.536" />
  <testcase classname="ptolemy.util.test.junit.AutoTests" name="[395] /home/travis/build/icyphy/ptII/ptolemy/actor/lib/test/auto/VectorAssemblerDisassemblerCT.xml (RunModel)" time="0.092" />
  <testcase classname="ptolemy.util.test.junit.AutoTests" name="[396] /home/travis/build/icyphy/ptII/ptolemy/actor/lib/test/auto/VectorAssemblerDisassemblerDE.xml (RunModel)" time="0.015" />
  <testcase classname="ptolemy.util.test.junit.AutoTests" name="[397] /home/travis/build/icyphy/ptII/ptolemy/actor/lib/test/auto/VectorAssemblerDisassemblerSDF.xml (RunModel)" time="0.014" />
  <testcase classname="ptolemy.util.test.junit.AutoTests" name="[398] /home/travis/build/icyphy/ptII/ptolemy/actor/lib/test/auto/WallClockTime.xml (RunModel)" time="1.014" />
  <testcase classname="ptolemy.util.test.junit.AutoTests" name="[399] /home/travis/build/icyphy/ptII/ptolemy/actor/lib/test/auto/WidthTestWithSubscriberPublisher.xml (RunModel)" time="0.042" />
  <testcase classname="ptolemy.util.test.junit.AutoTests" name="[400] /home/travis/build/icyphy/ptII/ptolemy/actor/lib/test/auto/WidthTestWithSubscriberPublisher2.xml (RunModel)" time="0.021" />
  <testcase classname="ptolemy.util.test.junit.AutoTests" name="[401] /home/travis/build/icyphy/ptII/ptolemy/actor/lib/test/auto/WidthTestWithSubscriberPublisher3.xml (RunModel)" time="0.021" />
  <testcase classname="ptolemy.util.test.junit.AutoTests" name="[402] /home/travis/build/icyphy/ptII/ptolemy/actor/lib/test/auto/Writer.xml (RunModel)" time="0.009" />
  <testcase classname="ptolemy.util.test.junit.AutoTests" name="[403] /home/travis/build/icyphy/ptII/ptolemy/actor/lib/test/auto/array.xml (RunModel)" time="0.009" />
  <testcase classname="ptolemy.util.test.junit.AutoTests" name="[404] /home/travis/build/icyphy/ptII/ptolemy/actor/lib/test/auto/array2.xml (RunModel)" time="0.016" />
  <testcase classname="ptolemy.util.test.junit.AutoTests" name="[405] /home/travis/build/icyphy/ptII/ptolemy/actor/lib/test/auto/arrayType.xml (RunModel)" time="0.01" />
  <testcase classname="ptolemy.util.test.junit.AutoTests" name="[406] /home/travis/build/icyphy/ptII/ptolemy/actor/lib/test/auto/arrayType10.xml (RunModel)" time="0.009" />
  <testcase classname="ptolemy.util.test.junit.AutoTests" name="[407] /home/travis/build/icyphy/ptII/ptolemy/actor/lib/test/auto/arrayType11.xml (RunModel)" time="0.009" />
  <testcase classname="ptolemy.util.test.junit.AutoTests" name="[408] /home/travis/build/icyphy/ptII/ptolemy/actor/lib/test/auto/arrayType12.xml (RunModel)" time="0.01" />
  <testcase classname="ptolemy.util.test.junit.AutoTests" name="[409] /home/travis/build/icyphy/ptII/ptolemy/actor/lib/test/auto/arrayType13.xml (RunModel)" time="0.01" />
  <testcase classname="ptolemy.util.test.junit.AutoTests" name="[410] /home/travis/build/icyphy/ptII/ptolemy/actor/lib/test/auto/arrayType14.xml (RunModel)" time="0.01" />
  <testcase classname="ptolemy.util.test.junit.AutoTests" name="[411] /home/travis/build/icyphy/ptII/ptolemy/actor/lib/test/auto/arrayType15.xml (RunModel)" time="0.009" />
  <testcase classname="ptolemy.util.test.junit.AutoTests" name="[412] /home/travis/build/icyphy/ptII/ptolemy/actor/lib/test/auto/arrayType16.xml (RunModel)" time="0.01" />
  <testcase classname="ptolemy.util.test.junit.AutoTests" name="[413] /home/travis/build/icyphy/ptII/ptolemy/actor/lib/test/auto/arrayType17.xml (RunModel)" time="0.01" />
  <testcase classname="ptolemy.util.test.junit.AutoTests" name="[414] /home/travis/build/icyphy/ptII/ptolemy/actor/lib/test/auto/arrayType18.xml (RunModel)" time="0.011" />
  <testcase classname="ptolemy.util.test.junit.AutoTests" name="[415] /home/travis/build/icyphy/ptII/ptolemy/actor/lib/test/auto/arrayType19.xml (RunModel)" time="0.008" />
  <testcase classname="ptolemy.util.test.junit.AutoTests" name="[416] /home/travis/build/icyphy/ptII/ptolemy/actor/lib/test/auto/arrayType2.xml (RunModel)" time="0.014" />
  <testcase classname="ptolemy.util.test.junit.AutoTests" name="[417] /home/travis/build/icyphy/ptII/ptolemy/actor/lib/test/auto/arrayType20.xml (RunModel)" time="0.01" />
  <testcase classname="ptolemy.util.test.junit.AutoTests" name="[418] /home/travis/build/icyphy/ptII/ptolemy/actor/lib/test/auto/arrayType21.xml (RunModel)" time="0.009" />
  <testcase classname="ptolemy.util.test.junit.AutoTests" name="[419] /home/travis/build/icyphy/ptII/ptolemy/actor/lib/test/auto/arrayType22.xml (RunModel)" time="0.01" />
  <testcase classname="ptolemy.util.test.junit.AutoTests" name="[420] /home/travis/build/icyphy/ptII/ptolemy/actor/lib/test/auto/arrayType23.xml (RunModel)" time="0.01" />
  <testcase classname="ptolemy.util.test.junit.AutoTests" name="[421] /home/travis/build/icyphy/ptII/ptolemy/actor/lib/test/auto/arrayType24.xml (RunModel)" time="0.01" />
  <testcase classname="ptolemy.util.test.junit.AutoTests" name="[422] /home/travis/build/icyphy/ptII/ptolemy/actor/lib/test/auto/arrayType25.xml (RunModel)" time="0.01" />
  <testcase classname="ptolemy.util.test.junit.AutoTests" name="[423] /home/travis/build/icyphy/ptII/ptolemy/actor/lib/test/auto/arrayType26.xml (RunModel)" time="0.01" />
  <testcase classname="ptolemy.util.test.junit.AutoTests" name="[424] /home/travis/build/icyphy/ptII/ptolemy/actor/lib/test/auto/arrayType27.xml (RunModel)" time="0.01" />
  <testcase classname="ptolemy.util.test.junit.AutoTests" name="[425] /home/travis/build/icyphy/ptII/ptolemy/actor/lib/test/auto/arrayType28.xml (RunModel)" time="0.01" />
  <testcase classname="ptolemy.util.test.junit.AutoTests" name="[426] /home/travis/build/icyphy/ptII/ptolemy/actor/lib/test/auto/arrayType3.xml (RunModel)" time="0.014" />
  <testcase classname="ptolemy.util.test.junit.AutoTests" name="[427] /home/travis/build/icyphy/ptII/ptolemy/actor/lib/test/auto/arrayType4.xml (RunModel)" time="0.01" />
  <testcase classname="ptolemy.util.test.junit.AutoTests" name="[428] /home/travis/build/icyphy/ptII/ptolemy/actor/lib/test/auto/arrayType5.xml (RunModel)" time="0.011" />
  <testcase classname="ptolemy.util.test.junit.AutoTests" name="[429] /home/travis/build/icyphy/ptII/ptolemy/actor/lib/test/auto/arrayType6.xml (RunModel)" time="0.01" />
  <testcase classname="ptolemy.util.test.junit.AutoTests" name="[430] /home/travis/build/icyphy/ptII/ptolemy/actor/lib/test/auto/arrayType7.xml (RunModel)" time="0.01" />
  <testcase classname="ptolemy.util.test.junit.AutoTests" name="[431] /home/travis/build/icyphy/ptII/ptolemy/actor/lib/test/auto/arrayType8.xml (RunModel)" time="0.01" />
  <testcase classname="ptolemy.util.test.junit.AutoTests" name="[432] /home/travis/build/icyphy/ptII/ptolemy/actor/lib/test/auto/arrayType9.xml (RunModel)" time="0.011" />
  <testcase classname="ptolemy.util.test.junit.AutoTests" name="[433] /home/travis/build/icyphy/ptII/ptolemy/actor/lib/test/auto/cast.xml (RunModel)" time="0.02" />
  <testcase classname="ptolemy.util.test.junit.AutoTests" name="[434] /home/travis/build/icyphy/ptII/ptolemy/actor/lib/test/auto/compositeMultiPort.xml (RunModel)" time="0.026" />
  <testcase classname="ptolemy.util.test.junit.AutoTests" name="[435] /home/travis/build/icyphy/ptII/ptolemy/actor/lib/test/auto/expressionCastInference.xml (RunModel)" time="0.011" />
  <testcase classname="ptolemy.util.test.junit.AutoTests" name="[436] /home/travis/build/icyphy/ptII/ptolemy/actor/lib/test/auto/expressionCastInference2.xml (RunModel)" time="0.009" />
  <testcase classname="ptolemy.util.test.junit.AutoTests" name="[437] /home/travis/build/icyphy/ptII/ptolemy/actor/lib/test/auto/expressionInference.xml (RunModel)" time="0.009" />
  <testcase classname="ptolemy.util.test.junit.AutoTests" name="[438] /home/travis/build/icyphy/ptII/ptolemy/actor/lib/test/auto/expression_bug.xml (RunModel)" time="0.025" />
  <testcase classname="ptolemy.util.test.junit.AutoTests" name="[439] /home/travis/build/icyphy/ptII/ptolemy/actor/lib/test/auto/factorial.xml (RunModel)" time="0.055" />
  <testcase classname="ptolemy.util.test.junit.AutoTests" name="[440] /home/travis/build/icyphy/ptII/ptolemy/actor/lib/test/auto/filterTest1.xml (RunModel)" time="0.017" />
  <testcase classname="ptolemy.util.test.junit.AutoTests" name="[441] /home/travis/build/icyphy/ptII/ptolemy/actor/lib/test/auto/funcApplyInConst.xml (RunModel)" time="0.007" />
  <testcase classname="ptolemy.util.test.junit.AutoTests" name="[442] /home/travis/build/icyphy/ptII/ptolemy/actor/lib/test/auto/funcApplyInExpr.xml (RunModel)" time="0.008" />
  <testcase classname="ptolemy.util.test.junit.AutoTests" name="[443] /home/travis/build/icyphy/ptII/ptolemy/actor/lib/test/auto/function.xml (RunModel)" time="0.011" />
  <testcase classname="ptolemy.util.test.junit.AutoTests" name="[444] /home/travis/build/icyphy/ptII/ptolemy/actor/lib/test/auto/function2.xml (RunModel)" time="0.012" />
  <testcase classname="ptolemy.util.test.junit.AutoTests" name="[445] /home/travis/build/icyphy/ptII/ptolemy/actor/lib/test/auto/function3.xml (RunModel)" time="0.008" />
  <testcase classname="ptolemy.util.test.junit.AutoTests" name="[446] /home/travis/build/icyphy/ptII/ptolemy/actor/lib/test/auto/functionClosureTest1.xml (RunModel)" time="0.011" />
  <testcase classname="ptolemy.util.test.junit.AutoTests" name="[447] /home/travis/build/icyphy/ptII/ptolemy/actor/lib/test/auto/functionClosureTest2.xml (RunModel)" time="0.008" />
  <testcase classname="ptolemy.util.test.junit.AutoTests" name="[448] /home/travis/build/icyphy/ptII/ptolemy/actor/lib/test/auto/functionClosureTest3.xml (RunModel)" time="0.012" />
  <testcase classname="ptolemy.util.test.junit.AutoTests" name="[449] /home/travis/build/icyphy/ptII/ptolemy/actor/lib/test/auto/functionClosureTest4.xml (RunModel)" time="0.016" />
  <testcase classname="ptolemy.util.test.junit.AutoTests" name="[450] /home/travis/build/icyphy/ptII/ptolemy/actor/lib/test/auto/functionClosureTest5.xml (RunModel)" time="0.012" />
  <testcase classname="ptolemy.util.test.junit.AutoTests" name="[451] /home/travis/build/icyphy/ptII/ptolemy/actor/lib/test/auto/functionClosureTest6.xml (RunModel)" time="0.012" />
  <testcase classname="ptolemy.util.test.junit.AutoTests" name="[452] /home/travis/build/icyphy/ptII/ptolemy/actor/lib/test/auto/functionsOnArcs.xml (RunModel)" time="0.011" />
  <testcase classname="ptolemy.util.test.junit.AutoTests" name="[453] /home/travis/build/icyphy/ptII/ptolemy/actor/lib/test/auto/functionsOnArcsHOF.xml (RunModel)" time="0.014" />
  <testcase classname="ptolemy.util.test.junit.AutoTests" name="[454] /home/travis/build/icyphy/ptII/ptolemy/actor/lib/test/auto/logic.xml (RunModel)" time="0.017" />
  <testcase classname="ptolemy.util.test.junit.AutoTests" name="[455] /home/travis/build/icyphy/ptII/ptolemy/actor/lib/test/auto/matrixType.xml (RunModel)" time="0.01" />
  <testcase classname="ptolemy.util.test.junit.AutoTests" name="[456] /home/travis/build/icyphy/ptII/ptolemy/actor/lib/test/auto/matrixType10.xml (RunModel)" time="0.009" />
  <testcase classname="ptolemy.util.test.junit.AutoTests" name="[457] /home/travis/build/icyphy/ptII/ptolemy/actor/lib/test/auto/matrixType11.xml (RunModel)" time="0.009" />
  <testcase classname="ptolemy.util.test.junit.AutoTests" name="[458] /home/travis/build/icyphy/ptII/ptolemy/actor/lib/test/auto/matrixType12.xml (RunModel)" time="0.011" />
  <testcase classname="ptolemy.util.test.junit.AutoTests" name="[459] /home/travis/build/icyphy/ptII/ptolemy/actor/lib/test/auto/matrixType13.xml (RunModel)" time="0.01" />
  <testcase classname="ptolemy.util.test.junit.AutoTests" name="[460] /home/travis/build/icyphy/ptII/ptolemy/actor/lib/test/auto/matrixType14.xml (RunModel)" time="0.01" />
  <testcase classname="ptolemy.util.test.junit.AutoTests" name="[461] /home/travis/build/icyphy/ptII/ptolemy/actor/lib/test/auto/matrixType2.xml (RunModel)" time="0.009" />
  <testcase classname="ptolemy.util.test.junit.AutoTests" name="[462] /home/travis/build/icyphy/ptII/ptolemy/actor/lib/test/auto/matrixType3.xml (RunModel)" time="0.011" />
  <testcase classname="ptolemy.util.test.junit.AutoTests" name="[463] /home/travis/build/icyphy/ptII/ptolemy/actor/lib/test/auto/matrixType4.xml (RunModel)" time="0.009" />
  <testcase classname="ptolemy.util.test.junit.AutoTests" name="[464] /home/travis/build/icyphy/ptII/ptolemy/actor/lib/test/auto/matrixType5.xml (RunModel)" time="0.009" />
  <testcase classname="ptolemy.util.test.junit.AutoTests" name="[465] /home/travis/build/icyphy/ptII/ptolemy/actor/lib/test/auto/matrixType6.xml (RunModel)" time="0.01" />
  <testcase classname="ptolemy.util.test.junit.AutoTests" name="[466] /home/travis/build/icyphy/ptII/ptolemy/actor/lib/test/auto/matrixType7.xml (RunModel)" time="0.011" />
  <testcase classname="ptolemy.util.test.junit.AutoTests" name="[467] /home/travis/build/icyphy/ptII/ptolemy/actor/lib/test/auto/matrixType8.xml (RunModel)" time="0.009" />
  <testcase classname="ptolemy.util.test.junit.AutoTests" name="[468] /home/travis/build/icyphy/ptII/ptolemy/actor/lib/test/auto/matrixType9.xml (RunModel)" time="0.008" />
  <testcase classname="ptolemy.util.test.junit.AutoTests" name="[469] /home/travis/build/icyphy/ptII/ptolemy/actor/lib/test/auto/paraFunctest.xml (RunModel)" time="0.009" />
  <testcase classname="ptolemy.util.test.junit.AutoTests" name="[470] /home/travis/build/icyphy/ptII/ptolemy/actor/lib/test/auto/paraFunctest2.xml (RunModel)" time="0.009" />
  <testcase classname="ptolemy.util.test.junit.AutoTests" name="[471] /home/travis/build/icyphy/ptII/ptolemy/actor/lib/test/auto/parameterPassing.xml (RunModel)" time="0.009" />
  <testcase classname="ptolemy.util.test.junit.AutoTests" name="[472] /home/travis/build/icyphy/ptII/ptolemy/actor/lib/test/auto/record.xml (RunModel)" time="0.01" />
  <testcase classname="ptolemy.util.test.junit.AutoTests" name="[473] /home/travis/build/icyphy/ptII/ptolemy/actor/lib/test/auto/sizedarray1.xml (RunModel)" time="0.011" />
  <testcase classname="ptolemy.util.test.junit.AutoTests" name="[474] /home/travis/build/icyphy/ptII/ptolemy/actor/lib/test/auto/sizedarray2.xml (RunModel)" time="0.011" />
  <testcase classname="ptolemy.util.test.junit.AutoTests" name="[475] /home/travis/build/icyphy/ptII/ptolemy/actor/lib/test/auto/twoPublishers.xml (RunModel)" time="0.026" />
  <system-out><![CDATA[/home/travis/build/icyphy/ptII/ptolemy/actor/lib/test/AbsoluteValue.tcl
testDefs.tcl: setting time out to 9000 seconds at Sat Nov 10 02:40:21 UTC 2018
70 ms. Memory: 116224K Free: 106675K (92%)
4 ms. Memory: 116224K Free: 105434K (91%)
4 ms. Memory: 116224K Free: 104817K (90%)
4 ms. Memory: 116224K Free: 103607K (89%)
/home/travis/build/icyphy/ptII/ptolemy/actor/lib/test/AddSubtract.tcl
15 ms. Memory: 116224K Free: 101771K (88%)
6 ms. Memory: 116224K Free: 101147K (87%)
12 ms. Memory: 116224K Free: 100530K (86%)
9 ms. Memory: 116224K Free: 99328K (85%)
5 ms. Memory: 116224K Free: 98727K (85%)
5 ms. Memory: 116224K Free: 98111K (84%)
/home/travis/build/icyphy/ptII/ptolemy/actor/lib/test/Average.tcl
6 ms. Memory: 116224K Free: 96300K (83%)
6 ms. Memory: 116224K Free: 95098K (82%)
/home/travis/build/icyphy/ptII/ptolemy/actor/lib/test/Bernoulli.tcl
4 ms. Memory: 116224K Free: 93280K (80%)
2 ms. Memory: 116224K Free: 92679K (80%)
/home/travis/build/icyphy/ptII/ptolemy/actor/lib/test/Clock.tcl
preinitializing
resolving types
initializing
executing number 1
wrapping up
idle
16 ms. Memory: 116224K Free: 90836K (78%)
Completed execution with 5 iterations
preinitializing
resolving types
initializing
executing number 1
wrapping up
idle
6 ms. Memory: 116224K Free: 89619K (77%)
Completed execution with 5 iterations
preinitializing
resolving types
initializing
executing number 1
wrapping up
idle
3 ms. Memory: 116224K Free: 88986K (77%)
Completed execution with 5 iterations
/home/travis/build/icyphy/ptII/ptolemy/actor/lib/test/Commutator.tcl
5 ms. Memory: 116224K Free: 87152K (75%)
6 ms. Memory: 116224K Free: 85886K (74%)
22 ms. Memory: 116224K Free: 81608K (70%)
/home/travis/build/icyphy/ptII/ptolemy/actor/lib/test/Const.tcl
4 ms. Memory: 116224K Free: 110076K (95%)
3 ms. Memory: 116224K Free: 109454K (94%)
6 ms. Memory: 116224K Free: 108809K (94%)
5 ms. Memory: 116224K Free: 108163K (93%)
2 ms. Memory: 116224K Free: 107541K (93%)
13 ms. Memory: 116224K Free: 105078K (90%)
4 ms. Memory: 116224K Free: 104457K (90%)
3 ms. Memory: 116224K Free: 103246K (89%)
/home/travis/build/icyphy/ptII/ptolemy/actor/lib/test/CurrentTime.tcl
preinitializing
resolving types
initializing
executing number 1
wrapping up
idle
16 ms. Memory: 116224K Free: 101389K (87%)
Completed execution with 11 iterations
/home/travis/build/icyphy/ptII/ptolemy/actor/lib/test/DB.tcl
3 ms. Memory: 116224K Free: 99548K (86%)
2 ms. Memory: 116224K Free: 98927K (85%)
2 ms. Memory: 116224K Free: 98927K (85%)
/home/travis/build/icyphy/ptII/ptolemy/actor/lib/test/DiscreteRandomSource.tcl
preinitializing
resolving types
initializing
executing number 1
wrapping up
idle
3 ms. Memory: 116224K Free: 97102K (84%)
Completed execution with 4 iterations
preinitializing
resolving types
initializing
executing number 1
wrapping up
idle
9 ms. Memory: 116224K Free: 96496K (83%)
Completed execution with 4 iterations
preinitializing
resolving types
initializing
executing number 1
wrapping up
idle
2 ms. Memory: 116224K Free: 96496K (83%)
Completed execution with 4 iterations
preinitializing
resolving types
initializing
executing number 1
wrapping up
idle
3 ms. Memory: 116224K Free: 95891K (83%)
Completed execution with 4 iterations
preinitializing
resolving types
initializing
executing number 1
wrapping up
idle
12 ms. Memory: 116224K Free: 95285K (82%)
Completed execution with 4 iterations
/home/travis/build/icyphy/ptII/ptolemy/actor/lib/test/Distributor.tcl
14 ms. Memory: 116224K Free: 93437K (80%)
3 ms. Memory: 116224K Free: 92831K (80%)
StreamChangeRequest.changeExecuted(): <deleteEntity name="rec2"/> succeeded
StreamChangeRequest.changeExecuted(): <deleteRelation name="r2"/> succeeded
StreamChangeRequest.changeExecuted(): Record firings per iteration succeeded
6 ms. Memory: 116224K Free: 90377K (78%)
/home/travis/build/icyphy/ptII/ptolemy/actor/lib/test/Exit.tcl
Exit.tcl: this will print a message about Manager.exitAfterWrapup, which can be ignored.
5 ms. Memory: 116224K Free: 87308K (75%)
/home/travis/build/icyphy/ptII/ptolemy/actor/lib/test/Expression.tcl
8 ms. Memory: 116224K Free: 84861K (73%)
7 ms. Memory: 116224K Free: 83650K (72%)
2 ms. Memory: 116224K Free: 83044K (71%)
preinitializing
resolving types
initializing
executing number 1
wrapping up
idle
4 ms. Memory: 116224K Free: 81833K (70%)
Completed execution with 6 iterations
13 ms. Memory: 116224K Free: 110764K (95%)
4 ms. Memory: 116224K Free: 110045K (95%)
5 ms. Memory: 116224K Free: 108851K (94%)
3 ms. Memory: 116224K Free: 107672K (93%)
3 ms. Memory: 116224K Free: 106478K (92%)
/home/travis/build/icyphy/ptII/ptolemy/actor/lib/test/Gaussian.tcl
7 ms. Memory: 116224K Free: 104711K (90%)
sleeping 1 seconds: ........................................................................................................................................................................................................................................................................................................................................................................................................................................................................................................................................................................................................................................................................................................................................................................................................................................................................................................................................................................................................................................................................................................................................................................................................................................................................................................................................................................................................................................................................................................................................................................................................................................................................................................................................................................................................................................................................................................................................................................................................................................................................................................................................................................................................................................................................................................................................................................................................................................................................................................................................................................................................................................................................................................................................................................................................................................................................................................................................................................................................................................................................................................................................................................................................................................................................................................................................................................................................................................................................................................................................................................................................................................................................................................................................................................................................................................................................................................................................................................................................................................................................................................................................................................................................................................................................................................................................................................................................................................................................................................................................................................................................................................................................................................................................................................................................................................................................................................................................................................................................................................................................................................................................................................................................................................................................................................................................................................................................................................................................................................................................................................................................................................................................................................................................................................................................................................................................................................................................................................................................................................................................................................................................................................................................................................................................................................................................................................................................................................................................................................................................................................................................................................................................................................................................................................................................................................................................................................................................................................................................................................................................................................................................................................................................................................................................................................................................................................................................................................................................................................................................................................................................................................................................................................................................................................................................................................................................................................................................................................................................................................................................................................................................................................................................................................................................................................................................................................................................................................................................................................................................................................................................................................................................................................................................................................................................................................................................................................................................................................................................................................................................................................................................................................................................................................................................................................................................................................................................................................................................................................................................................................................................................................................................................................................................................................................................................................................................................................................................................................................................................................................................................................................................................................................................................................................................................................................................................................................................................................................................................................................................................................................................................................................................................................................................................................................................................................................................................................................................................................................................................................................................................................................................................................................................................................................................................................................................................................................................................................................................................................................................................................................................................................................................................................................................................................................................................................................................................................................................................................................................................................................................................................................................................................................................................................................................................................................................................................................................................................................................................................................................................................................................................................................................................................................................................................................................................................................................................................................................................................................................................................................................................................................................................................................................................................................................................................................................................................................................................................................................................................................................................................................................................................................................................................................................................................................................................................................................................................................................................................................................................................................................................................................................................................................................................................................................................................................................................................................................................................................................................................................................................................................................................................................................................................................................................................................................................................................................................................................................................................................................................................................................................................................................................................................................................................................................................................................................................................................................................................................................................................................................................................................................................................................................................................................................................................................................................................................................................................................................................................................................................................................................................................................................................................................................................................................................................................................................................................................................................................................................................................................................................................................................................................................................................................................................................................................................................................................................................................................................................................................................................................................................................................................................................................................................................................................................................................................................................................................................................................................................................................................................................................................................................................................................................................................................................................................................................................................................................................................................................................................................................................................................................................................................................................................................................................................................................................................................................................................................................................................................................................................................................................................................................................................................................................................................................................................................................................................................................................................................................................................................................................................................................................................................................................................................................................................................................................................................................................................................................................................................................................................................................................................................................................................................................................................................................................................................................................................................................................................................................................................................................................................................................................................................................................................................................................................................................................................................................................................................................................................................................................................................................................................................................................................................................................................................................................................................................................................................................................................................................................................................................................................................................................................................................................................................................................................................................................................................................................................................................................................................................................................................................................................................................................................................................................................................................................................................................................................................................................................................................................................................................................................................................................................................................................................................................................................................................................................................................................................................................................................................................................................................................................................................................................................................................................................................................................................................................................................................................................................................................................................................................................................................................................................................................................................................................................................................................................................................................................................................................................................................................................................................................................................................................................................................................................................................................................................................................................................................................................................................................................................................................................................................................................................................................................................................................................................................................................................................................................................................................................................................................................................................................................................................................................................................................................................................................................5 ms. Memory: 146944K Free: 124917K (85%)
2 ms. Memory: 146944K Free: 124917K (85%)
6 ms. Memory: 146944K Free: 123710K (84%)
7 ms. Memory: 146944K Free: 123541K (84%)
3 ms. Memory: 146944K Free: 122333K (83%)
/home/travis/build/icyphy/ptII/ptolemy/actor/lib/test/IIR.tcl
/home/travis/build/icyphy/ptII/ptolemy/actor/lib/test/Interpolator.tcl
6 ms. Memory: 146944K Free: 118679K (81%)
1 ms. Memory: 146944K Free: 117472K (80%)
2 ms. Memory: 146944K Free: 117472K (80%)
1 ms. Memory: 146944K Free: 117472K (80%)
6 ms. Memory: 146944K Free: 116264K (79%)
5 ms. Memory: 146944K Free: 115056K (78%)
8 ms. Memory: 146944K Free: 113849K (77%)
9 ms. Memory: 146944K Free: 113849K (77%)
2 ms. Memory: 146944K Free: 112641K (77%)
6 ms. Memory: 146944K Free: 111434K (76%)
/home/travis/build/icyphy/ptII/ptolemy/actor/lib/test/MathFunction.tcl
5 ms. Memory: 146944K Free: 109019K (74%)
2 ms. Memory: 146944K Free: 107811K (73%)
8 ms. Memory: 146944K Free: 107811K (73%)
2 ms. Memory: 146944K Free: 106604K (73%)
6 ms. Memory: 146944K Free: 105397K (72%)
8 ms. Memory: 146944K Free: 102982K (70%)
/home/travis/build/icyphy/ptII/ptolemy/actor/lib/test/Maximum.tcl
3 ms. Memory: 146944K Free: 101774K (69%)
2 ms. Memory: 146944K Free: 100564K (68%)
2 ms. Memory: 146944K Free: 100564K (68%)
2 ms. Memory: 146944K Free: 99357K (68%)
/home/travis/build/icyphy/ptII/ptolemy/actor/lib/test/Minimum.tcl
4 ms. Memory: 146944K Free: 96942K (66%)
2 ms. Memory: 146944K Free: 96942K (66%)
1 ms. Memory: 146944K Free: 95734K (65%)
2 ms. Memory: 146944K Free: 95734K (65%)
/home/travis/build/icyphy/ptII/ptolemy/actor/lib/test/MultiplyDivide.tcl
15 ms. Memory: 146944K Free: 93319K (64%)
7 ms. Memory: 146944K Free: 93319K (64%)
3 ms. Memory: 146944K Free: 92112K (63%)
5 ms. Memory: 146944K Free: 90904K (62%)
4 ms. Memory: 146944K Free: 90904K (62%)
/home/travis/build/icyphy/ptII/ptolemy/actor/lib/test/OrderedMerge.tcl
Connections changed on port: inputA
Connections changed on port: inputB
Connections changed on port: output
Connections changed on port: output
Connections changed on port: output
Connections changed on port: input
.top. Preinitializing ...
Invoking preinitialize():  .top.OrderedMerge
Called preinitialize()
Invoking preinitialize():  .top.Ramp
Called preinitialize()
Invoking preinitialize():  .top.Ramp2
Called preinitialize()
Invoking preinitialize():  .top.Test
Called preinitialize()
Connections changed on port: inputA
Connections changed on port: output
Connections changed on port: inputB
Connections changed on port: output
Connections changed on port: output
Connections changed on port: input
.top. Finished preinitialize().
Called initialize().
Invoking initialize():  .top.OrderedMerge
Initializing actor: .top.OrderedMerge
Adding a thread: .top.OrderedMerge
Invoking initialize():  .top.Ramp
Initializing actor: .top.Ramp
Adding a thread: .top.Ramp
Invoking initialize():  .top.Ramp2
Initializing actor: .top.Ramp2
Adding a thread: .top.Ramp2
Invoking initialize():  .top.Test
Initializing actor: .top.Test
Adding a thread: .top.Test
-- Starting thread.
Called initialize()
Called prefire()
Called fire()
-- Starting thread.
Called initialize()
Called prefire()
Called fire()
Called postfire()
Called prefire()
Called fire()
-- Starting thread.
Called initialize()
Called prefire()
Called fire()
Called postfire()
Called prefire()
Called fire()
Called fire().
Checking for deadlock:
There are 3 Blocked actors, 0 Stopped actors, and 4 active threads.
Waiting for actors to stop.
-- Starting thread.
Called initialize()
Called prefire()
Called fire()
Checking for deadlock:
There are 2 Blocked actors, 0 Stopped actors, and 4 active threads.
Waiting for actors to stop.
Called postfire()
Called prefire()
Called fire()
Checking for deadlock:
There are 3 Blocked actors, 0 Stopped actors, and 4 active threads.
Waiting for actors to stop.
Read input token from inputA with value 0.0
Next port to read input from is inputB
Called postfire()
Called prefire()
Called fire()
Checking for deadlock:
There are 2 Blocked actors, 0 Stopped actors, and 4 active threads.
Waiting for actors to stop.
Called postfire()
Called prefire()
Called fire()
Checking for deadlock:
There are 3 Blocked actors, 0 Stopped actors, and 4 active threads.
Waiting for actors to stop.
Read input token from inputB with value 0.0
Checking for deadlock:
There are 2 Blocked actors, 0 Stopped actors, and 4 active threads.
Waiting for actors to stop.
-- Read input: 0.0, which is expected to match: 0.0
Called prefire()
Called fire()
Checking for deadlock:
There are 3 Blocked actors, 0 Stopped actors, and 4 active threads.
Waiting for actors to stop.
Sent output token with value 0.0
Next port to read input from is inputA
Called postfire()
Called prefire()
Called fire()
Called postfire()
Called prefire()
Called fire()
Checking for deadlock:
There are 3 Blocked actors, 0 Stopped actors, and 4 active threads.
Waiting for actors to stop.
Read input token from inputA with value 1.0
-- Read input: 0.0, which is expected to match: 0.0
Called prefire()
Called fire()
Checking for deadlock:
There are 3 Blocked actors, 0 Stopped actors, and 4 active threads.
Waiting for actors to stop.
Sent output token with value 0.0
Next port to read input from is inputB
Called postfire()
Called prefire()
Called fire()
Checking for deadlock:
There are 2 Blocked actors, 0 Stopped actors, and 4 active threads.
Waiting for actors to stop.
Called postfire()
Called prefire()
Called fire()
Checking for deadlock:
There are 3 Blocked actors, 0 Stopped actors, and 4 active threads.
Waiting for actors to stop.
Read input token from inputB with value 1.5
Checking for deadlock:
There are 2 Blocked actors, 0 Stopped actors, and 4 active threads.
Waiting for actors to stop.
-- Read input: 1.0, which is expected to match: 1.0
Called prefire()
Called fire()
Checking for deadlock:
There are 3 Blocked actors, 0 Stopped actors, and 4 active threads.
Waiting for actors to stop.
Sent output token with value 1.0
Next port to read input from is inputA
Called postfire()
Called prefire()
Called fire()
Called postfire()
Called prefire()
Called fire()
Checking for deadlock:
There are 3 Blocked actors, 0 Stopped actors, and 4 active threads.
Waiting for actors to stop.
Read input token from inputA with value 2.0
-- Read input: 1.5, which is expected to match: 1.5
Called prefire()
Called fire()
Checking for deadlock:
There are 3 Blocked actors, 0 Stopped actors, and 4 active threads.
Waiting for actors to stop.
Sent output token with value 1.5
Next port to read input from is inputB
Called postfire()
Called prefire()
Called fire()
Checking for deadlock:
There are 2 Blocked actors, 0 Stopped actors, and 4 active threads.
Waiting for actors to stop.
Called postfire()
Called prefire()
Called fire()
Checking for deadlock:
There are 3 Blocked actors, 0 Stopped actors, and 4 active threads.
Waiting for actors to stop.
Read input token from inputB with value 3.0
Checking for deadlock:
There are 2 Blocked actors, 0 Stopped actors, and 4 active threads.
Waiting for actors to stop.
-- Read input: 2.0, which is expected to match: 2.0
Called prefire()
Called fire()
Checking for deadlock:
There are 3 Blocked actors, 0 Stopped actors, and 4 active threads.
Waiting for actors to stop.
Sent output token with value 2.0
Next port to read input from is inputA
Called postfire()
Called prefire()
Called fire()
Called postfire()
Called prefire()
Called fire()
Checking for deadlock:
There are 3 Blocked actors, 0 Stopped actors, and 4 active threads.
Waiting for actors to stop.
Read input token from inputA with value 3.0
-- Read input: 3.0, which is expected to match: 3.0
Called prefire()
Called fire()
Checking for deadlock:
There are 3 Blocked actors, 0 Stopped actors, and 4 active threads.
Waiting for actors to stop.
Sent output token with value 3.0
Next port to read input from is inputB
Called postfire()
Called prefire()
Called fire()
Checking for deadlock:
There are 2 Blocked actors, 0 Stopped actors, and 4 active threads.
Waiting for actors to stop.
Called postfire()
Called prefire()
Called fire()
Checking for deadlock:
There are 3 Blocked actors, 0 Stopped actors, and 4 active threads.
Waiting for actors to stop.
Read input token from inputB with value 4.5
Checking for deadlock:
There are 2 Blocked actors, 0 Stopped actors, and 4 active threads.
Waiting for actors to stop.
-- Read input: 3.0, which is expected to match: 3.0
Called prefire()
Called fire()
Checking for deadlock:
There are 3 Blocked actors, 0 Stopped actors, and 4 active threads.
Waiting for actors to stop.
Sent output token with value 3.0
Next port to read input from is inputA
Called postfire()
Called prefire()
Called fire()
Called postfire()
Called prefire()
Called fire()
Checking for deadlock:
There are 3 Blocked actors, 0 Stopped actors, and 4 active threads.
Waiting for actors to stop.
Read input token from inputA with value 4.0
-- Read input: 4.0, which is expected to match: 4.0
Called prefire()
Called fire()
Past the end of training data. Read and discard all inputs.
Checking for deadlock:
There are 3 Blocked actors, 0 Stopped actors, and 4 active threads.
Waiting for actors to stop.
Sent output token with value 4.0
Next port to read input from is inputA
Called postfire()
Called prefire()
Called fire()
Called postfire()
Called prefire()
Called fire()
Checking for deadlock:
There are 3 Blocked actors, 0 Stopped actors, and 4 active threads.
Waiting for actors to stop.
Read input token from inputA with value 5.0
Called prefire()
Called fire()
Past the end of training data. Read and discard all inputs.
Checking for deadlock:
There are 3 Blocked actors, 0 Stopped actors, and 4 active threads.
Waiting for actors to stop.
Sent output token with value 4.5
Next port to read input from is inputB
Called postfire()
Called prefire()
Called fire()
Checking for deadlock:
There are 2 Blocked actors, 0 Stopped actors, and 4 active threads.
Waiting for actors to stop.
Called postfire()
Called prefire()
Called fire()
Checking for deadlock:
There are 3 Blocked actors, 0 Stopped actors, and 4 active threads.
Waiting for actors to stop.
Read input token from inputB with value 6.0
Checking for deadlock:
There are 2 Blocked actors, 0 Stopped actors, and 4 active threads.
Waiting for actors to stop.
Called prefire()
Called fire()
Past the end of training data. Read and discard all inputs.
Checking for deadlock:
There are 3 Blocked actors, 0 Stopped actors, and 4 active threads.
Waiting for actors to stop.
Sent output token with value 5.0
Next port to read input from is inputA
Called postfire()
Called prefire()
Called fire()
Called postfire()
Called prefire()
Called fire()
Checking for deadlock:
There are 3 Blocked actors, 0 Stopped actors, and 4 active threads.
Waiting for actors to stop.
Read input token from inputA with value 6.0
Called prefire()
Called fire()
Past the end of training data. Read and discard all inputs.
Checking for deadlock:
There are 3 Blocked actors, 0 Stopped actors, and 4 active threads.
Waiting for actors to stop.
Sent output token with value 6.0
Next port to read input from is inputB
Called postfire()
Called prefire()
Called fire()
Checking for deadlock:
There are 2 Blocked actors, 0 Stopped actors, and 4 active threads.
Waiting for actors to stop.
Called postfire()
Called prefire()
Called fire()
Checking for deadlock:
There are 3 Blocked actors, 0 Stopped actors, and 4 active threads.
Waiting for actors to stop.
Read input token from inputB with value 7.5
Checking for deadlock:
There are 2 Blocked actors, 0 Stopped actors, and 4 active threads.
Waiting for actors to stop.
Called prefire()
Called fire()
Past the end of training data. Read and discard all inputs.
Checking for deadlock:
There are 3 Blocked actors, 0 Stopped actors, and 4 active threads.
Waiting for actors to stop.
Sent output token with value 6.0
Next port to read input from is inputA
Called postfire()
Called prefire()
Called fire()
Called postfire()
Called prefire()
Called fire()
Checking for deadlock:
There are 3 Blocked actors, 0 Stopped actors, and 4 active threads.
Waiting for actors to stop.
Read input token from inputA with value 7.0
Called prefire()
Called fire()
Past the end of training data. Read and discard all inputs.
Checking for deadlock:
There are 3 Blocked actors, 0 Stopped actors, and 4 active threads.
Waiting for actors to stop.
Sent output token with value 7.0
Next port to read input from is inputA
Called postfire()
Called prefire()
Called fire()
-- Thread wrapup() called.
Called wrapup()
Thread .top.Ramp is exiting.
-- Thread stopped.
Checking for deadlock:
There are 2 Blocked actors, 0 Stopped actors, and 3 active threads.
Waiting for actors to stop.
Read input token from inputA with value 8.0
Called prefire()
Called fire()
Past the end of training data. Read and discard all inputs.
Checking for deadlock:
There are 2 Blocked actors, 0 Stopped actors, and 3 active threads.
Waiting for actors to stop.
Sent output token with value 7.5
Next port to read input from is inputB
Called postfire()
Called prefire()
Called fire()
Checking for deadlock:
There are 1 Blocked actors, 0 Stopped actors, and 3 active threads.
Waiting for actors to stop.
Called postfire()
Called prefire()
Called fire()
Checking for deadlock:
There are 2 Blocked actors, 0 Stopped actors, and 3 active threads.
Waiting for actors to stop.
Read input token from inputB with value 9.0
Checking for deadlock:
There are 1 Blocked actors, 0 Stopped actors, and 3 active threads.
Waiting for actors to stop.
Called prefire()
Called fire()
Past the end of training data. Read and discard all inputs.
Checking for deadlock:
There are 2 Blocked actors, 0 Stopped actors, and 3 active threads.
Waiting for actors to stop.
Sent output token with value 8.0
Next port to read input from is inputA
Called postfire()
Called prefire()
Called fire()
Read input token from inputA with value 9.0
Checking for deadlock:
There are 1 Blocked actors, 0 Stopped actors, and 3 active threads.
Waiting for actors to stop.
Called prefire()
Called fire()
Past the end of training data. Read and discard all inputs.
Checking for deadlock:
There are 2 Blocked actors, 0 Stopped actors, and 3 active threads.
Waiting for actors to stop.
Sent output token with value 9.0
Next port to read input from is inputB
Called postfire()
Called prefire()
Called fire()
Checking for deadlock:
There are 1 Blocked actors, 0 Stopped actors, and 3 active threads.
Waiting for actors to stop.
Called postfire()
Called prefire()
Called fire()
Checking for deadlock:
There are 2 Blocked actors, 0 Stopped actors, and 3 active threads.
Waiting for actors to stop.
Read input token from inputB with value 10.5
Checking for deadlock:
There are 1 Blocked actors, 0 Stopped actors, and 3 active threads.
Waiting for actors to stop.
Called prefire()
Called fire()
Past the end of training data. Read and discard all inputs.
Checking for deadlock:
There are 2 Blocked actors, 0 Stopped actors, and 3 active threads.
Waiting for actors to stop.
Sent output token with value 9.0
Next port to read input from is inputA
Called postfire()
Called prefire()
Called fire()
Checking for deadlock:
There are 3 Blocked actors, 0 Stopped actors, and 3 active threads.
Actors have stopped.
Checking for deadlock:
There are 3 Blocked actors, 0 Stopped actors, and 3 active threads.
Deadlock detected.
Resolving Deadlock
Checking for deadlock:
There are 3 Blocked actors, 0 Stopped actors, and 3 active threads.
Artificial Deadlock - increasing queue capacity.
increasing the capacity of receiver ptolemy.actor.TypedIOPort {.top.OrderedMerge.inputB} to 2
Director: Called postfire().
Called postfire().
_stopRequested = false
_stopFireRequested = false
Returning from postfire(): true
Called fire().
Checking for deadlock:
There are 2 Blocked actors, 0 Stopped actors, and 3 active threads.
Waiting for actors to stop.
-- Thread wrapup() called.
Called wrapup()
Thread .top.Ramp2 is exiting.
-- Thread stopped.
Checking for deadlock:
There are 2 Blocked actors, 0 Stopped actors, and 2 active threads.
Actors have stopped.
Checking for deadlock:
There are 2 Blocked actors, 0 Stopped actors, and 2 active threads.
Deadlock detected.
Resolving Deadlock
Checking for deadlock:
There are 2 Blocked actors, 0 Stopped actors, and 2 active threads.
Deadlock detected: no processes blocked on write, but some are blocked on read.
Called postfire().
_stopRequested = false
_stopFireRequested = false
Returning from postfire(): false
Finished deactivating branches.
Called wrapup().
-- Thread wrapup() called.
Called wrapup()
Thread .top.Test is exiting.
-- Thread stopped.
-- Blocked Receiver call threw TerminateProcessException.
-- Thread wrapup() called.
Called wrapup()
Thread .top.OrderedMerge is exiting.
30 ms. Memory: 146944K Free: 86032K (59%)
.top. Preinitializing ...
Invoking preinitialize():  .top.OrderedMerge
Called preinitialize()
Invoking preinitialize():  .top.Ramp
Called preinitialize()
Invoking preinitialize():  .top.Ramp2
Called preinitialize()
Invoking preinitialize():  .top.Test
Called preinitialize()
.top. Finished preinitialize().
Called initialize().
Invoking initialize():  .top.OrderedMerge
Initializing actor: .top.OrderedMerge
Adding a thread: .top.OrderedMerge
Invoking initialize():  .top.Ramp
Initializing actor: .top.Ramp
Adding a thread: .top.Ramp
Invoking initialize():  .top.Ramp2
Initializing actor: .top.Ramp2
Adding a thread: .top.Ramp2
Invoking initialize():  .top.Test
Initializing actor: .top.Test
Adding a thread: .top.Test
-- Thread stopped.
-- Blocked Receiver call threw TerminateProcessException.
-- Starting thread.
Called initialize()
Called prefire()
Called fire()
-- Starting thread.
Called initialize()
Called prefire()
Called fire()
Called postfire()
Called prefire()
Called fire()
-- Starting thread.
Called initialize()
Called prefire()
Called fire()
Called postfire()
Called prefire()
Called fire()
Called fire().
Checking for deadlock:
There are 3 Blocked actors, 0 Stopped actors, and 4 active threads.
Waiting for actors to stop.
-- Starting thread.
Called initialize()
Called prefire()
Called fire()
Checking for deadlock:
There are 2 Blocked actors, 0 Stopped actors, and 4 active threads.
Waiting for actors to stop.
Called postfire()
Called prefire()
Called fire()
Checking for deadlock:
There are 3 Blocked actors, 0 Stopped actors, and 4 active threads.
Waiting for actors to stop.
Read input token from inputA with value 0.0
Next port to read input from is inputB
Called postfire()
Called prefire()
Called fire()
Checking for deadlock:
There are 2 Blocked actors, 0 Stopped actors, and 4 active threads.
Waiting for actors to stop.
Called postfire()
Called prefire()
Called fire()
Checking for deadlock:
There are 3 Blocked actors, 0 Stopped actors, and 4 active threads.
Waiting for actors to stop.
Read input token from inputB with value 0.0
Checking for deadlock:
There are 2 Blocked actors, 0 Stopped actors, and 4 active threads.
Waiting for actors to stop.
-- Read input: 0.0, which is expected to match: 0.0
Called prefire()
Called fire()
Checking for deadlock:
There are 3 Blocked actors, 0 Stopped actors, and 4 active threads.
Waiting for actors to stop.
Sent output token with value 0.0
Next port to read input from is inputA
Called postfire()
Called prefire()
Called fire()
Checking for deadlock:
There are 2 Blocked actors, 0 Stopped actors, and 4 active threads.
Waiting for actors to stop.
Called postfire()
Called prefire()
Called fire()
Checking for deadlock:
There are 3 Blocked actors, 0 Stopped actors, and 4 active threads.
Waiting for actors to stop.
Read input token from inputA with value 1.0
Checking for deadlock:
There are 2 Blocked actors, 0 Stopped actors, and 4 active threads.
Waiting for actors to stop.
-- Read input: 0.0, which is expected to match: 0.0
Called prefire()
Called fire()
Checking for deadlock:
There are 3 Blocked actors, 0 Stopped actors, and 4 active threads.
Waiting for actors to stop.
Sent output token with value 0.0
Next port to read input from is inputB
Called postfire()
Called prefire()
Called fire()
Checking for deadlock:
There are 2 Blocked actors, 0 Stopped actors, and 4 active threads.
Waiting for actors to stop.
Called postfire()
Called prefire()
Called fire()
Checking for deadlock:
There are 3 Blocked actors, 0 Stopped actors, and 4 active threads.
Waiting for actors to stop.
Read input token from inputB with value 1.5
Checking for deadlock:
There are 2 Blocked actors, 0 Stopped actors, and 4 active threads.
Waiting for actors to stop.
-- Read input: 1.0, which is expected to match: 1.0
Called prefire()
Called fire()
Checking for deadlock:
There are 3 Blocked actors, 0 Stopped actors, and 4 active threads.
Waiting for actors to stop.
Sent output token with value 1.0
Next port to read input from is inputA
Called postfire()
Called prefire()
Called fire()
Checking for deadlock:
There are 2 Blocked actors, 0 Stopped actors, and 4 active threads.
Waiting for actors to stop.
Called postfire()
Called prefire()
Called fire()
Checking for deadlock:
There are 3 Blocked actors, 0 Stopped actors, and 4 active threads.
Waiting for actors to stop.
Read input token from inputA with value 2.0
Checking for deadlock:
There are 2 Blocked actors, 0 Stopped actors, and 4 active threads.
Waiting for actors to stop.
-- Read input: 1.5, which is expected to match: 1.5
Called prefire()
Called fire()
Checking for deadlock:
There are 3 Blocked actors, 0 Stopped actors, and 4 active threads.
Waiting for actors to stop.
Sent output token with value 1.5
Next port to read input from is inputB
Called postfire()
Called prefire()
Called fire()
Checking for deadlock:
There are 2 Blocked actors, 0 Stopped actors, and 4 active threads.
Waiting for actors to stop.
Called postfire()
Called prefire()
Called fire()
Checking for deadlock:
There are 3 Blocked actors, 0 Stopped actors, and 4 active threads.
Waiting for actors to stop.
Read input token from inputB with value 3.0
Checking for deadlock:
There are 2 Blocked actors, 0 Stopped actors, and 4 active threads.
Waiting for actors to stop.
-- Read input: 2.0, which is expected to match: 2.0
Called prefire()
Called fire()
Checking for deadlock:
There are 3 Blocked actors, 0 Stopped actors, and 4 active threads.
Waiting for actors to stop.
Sent output token with value 2.0
Next port to read input from is inputA
Called postfire()
Called prefire()
Called fire()
Checking for deadlock:
There are 2 Blocked actors, 0 Stopped actors, and 4 active threads.
Waiting for actors to stop.
Called postfire()
Called prefire()
Called fire()
Checking for deadlock:
There are 3 Blocked actors, 0 Stopped actors, and 4 active threads.
Waiting for actors to stop.
Read input token from inputA with value 3.0
Checking for deadlock:
There are 2 Blocked actors, 0 Stopped actors, and 4 active threads.
Waiting for actors to stop.
-- Read input: 3.0, which is expected to match: 3.0
Called prefire()
Called fire()
Checking for deadlock:
There are 3 Blocked actors, 0 Stopped actors, and 4 active threads.
Waiting for actors to stop.
Sent output token with value 3.0
Next port to read input from is inputB
Called postfire()
Called prefire()
Called fire()
Checking for deadlock:
There are 2 Blocked actors, 0 Stopped actors, and 4 active threads.
Waiting for actors to stop.
Called postfire()
Called prefire()
Called fire()
Checking for deadlock:
There are 3 Blocked actors, 0 Stopped actors, and 4 active threads.
Waiting for actors to stop.
Read input token from inputB with value 4.5
Checking for deadlock:
There are 2 Blocked actors, 0 Stopped actors, and 4 active threads.
Waiting for actors to stop.
-- Read input: 3.0, which is expected to match: 3.0
Called prefire()
Called fire()
Checking for deadlock:
There are 3 Blocked actors, 0 Stopped actors, and 4 active threads.
Waiting for actors to stop.
Sent output token with value 3.0
Next port to read input from is inputA
Called postfire()
Called prefire()
Called fire()
Checking for deadlock:
There are 2 Blocked actors, 0 Stopped actors, and 4 active threads.
Waiting for actors to stop.
Called postfire()
Called prefire()
Called fire()
Checking for deadlock:
There are 3 Blocked actors, 0 Stopped actors, and 4 active threads.
Waiting for actors to stop.
Read input token from inputA with value 4.0
Checking for deadlock:
There are 2 Blocked actors, 0 Stopped actors, and 4 active threads.
Waiting for actors to stop.
-- Read input: 4.0, which is expected to match: 4.0
Called prefire()
Called fire()
Past the end of training data. Read and discard all inputs.
Checking for deadlock:
There are 3 Blocked actors, 0 Stopped actors, and 4 active threads.
Waiting for actors to stop.
Sent output token with value 4.0
Next port to read input from is inputA
Called postfire()
Called prefire()
Called fire()
Checking for deadlock:
There are 2 Blocked actors, 0 Stopped actors, and 4 active threads.
Waiting for actors to stop.
Called postfire()
Called prefire()
Called fire()
Checking for deadlock:
There are 3 Blocked actors, 0 Stopped actors, and 4 active threads.
Waiting for actors to stop.
Read input token from inputA with value 5.0
Checking for deadlock:
There are 2 Blocked actors, 0 Stopped actors, and 4 active threads.
Waiting for actors to stop.
Called prefire()
Called fire()
Past the end of training data. Read and discard all inputs.
Checking for deadlock:
There are 3 Blocked actors, 0 Stopped actors, and 4 active threads.
Waiting for actors to stop.
Sent output token with value 4.5
Next port to read input from is inputB
Called postfire()
Called prefire()
Called fire()
Checking for deadlock:
There are 2 Blocked actors, 0 Stopped actors, and 4 active threads.
Waiting for actors to stop.
Called postfire()
Called prefire()
Called fire()
Checking for deadlock:
There are 3 Blocked actors, 0 Stopped actors, and 4 active threads.
Waiting for actors to stop.
Read input token from inputB with value 6.0
Checking for deadlock:
There are 2 Blocked actors, 0 Stopped actors, and 4 active threads.
Waiting for actors to stop.
Called prefire()
Called fire()
Past the end of training data. Read and discard all inputs.
Checking for deadlock:
There are 3 Blocked actors, 0 Stopped actors, and 4 active threads.
Waiting for actors to stop.
Sent output token with value 5.0
Next port to read input from is inputA
Called postfire()
Called prefire()
Called fire()
Checking for deadlock:
There are 2 Blocked actors, 0 Stopped actors, and 4 active threads.
Waiting for actors to stop.
Called postfire()
Called prefire()
Called fire()
Checking for deadlock:
There are 3 Blocked actors, 0 Stopped actors, and 4 active threads.
Waiting for actors to stop.
Read input token from inputA with value 6.0
Checking for deadlock:
There are 2 Blocked actors, 0 Stopped actors, and 4 active threads.
Waiting for actors to stop.
Called prefire()
Called fire()
Past the end of training data. Read and discard all inputs.
Checking for deadlock:
There are 3 Blocked actors, 0 Stopped actors, and 4 active threads.
Waiting for actors to stop.
Sent output token with value 6.0
Next port to read input from is inputB
Called postfire()
Called prefire()
Called fire()
Checking for deadlock:
There are 2 Blocked actors, 0 Stopped actors, and 4 active threads.
Waiting for actors to stop.
Called postfire()
Called prefire()
Called fire()
Checking for deadlock:
There are 3 Blocked actors, 0 Stopped actors, and 4 active threads.
Waiting for actors to stop.
Read input token from inputB with value 7.5
Checking for deadlock:
There are 2 Blocked actors, 0 Stopped actors, and 4 active threads.
Waiting for actors to stop.
Called prefire()
Called fire()
Past the end of training data. Read and discard all inputs.
Checking for deadlock:
There are 3 Blocked actors, 0 Stopped actors, and 4 active threads.
Waiting for actors to stop.
Sent output token with value 6.0
Next port to read input from is inputA
Called postfire()
Called prefire()
Called fire()
Checking for deadlock:
There are 2 Blocked actors, 0 Stopped actors, and 4 active threads.
Waiting for actors to stop.
Called postfire()
Called prefire()
Called fire()
Checking for deadlock:
There are 3 Blocked actors, 0 Stopped actors, and 4 active threads.
Waiting for actors to stop.
Read input token from inputA with value 7.0
Checking for deadlock:
There are 2 Blocked actors, 0 Stopped actors, and 4 active threads.
Waiting for actors to stop.
Called prefire()
Called fire()
Past the end of training data. Read and discard all inputs.
Checking for deadlock:
There are 3 Blocked actors, 0 Stopped actors, and 4 active threads.
Waiting for actors to stop.
Sent output token with value 7.0
Next port to read input from is inputA
Called postfire()
Called prefire()
Called fire()
Checking for deadlock:
There are 2 Blocked actors, 0 Stopped actors, and 4 active threads.
Waiting for actors to stop.
-- Thread wrapup() called.
Called wrapup()
Thread .top.Ramp is exiting.
Checking for deadlock:
There are 2 Blocked actors, 0 Stopped actors, and 3 active threads.
Waiting for actors to stop.
-- Thread stopped.
Read input token from inputA with value 8.0
Checking for deadlock:
There are 1 Blocked actors, 0 Stopped actors, and 3 active threads.
Waiting for actors to stop.
Called prefire()
Called fire()
Past the end of training data. Read and discard all inputs.
Checking for deadlock:
There are 2 Blocked actors, 0 Stopped actors, and 3 active threads.
Waiting for actors to stop.
Sent output token with value 7.5
Next port to read input from is inputB
Called postfire()
Called prefire()
Called fire()
Checking for deadlock:
There are 1 Blocked actors, 0 Stopped actors, and 3 active threads.
Waiting for actors to stop.
Called postfire()
Called prefire()
Called fire()
Checking for deadlock:
There are 2 Blocked actors, 0 Stopped actors, and 3 active threads.
Waiting for actors to stop.
Read input token from inputB with value 9.0
Checking for deadlock:
There are 1 Blocked actors, 0 Stopped actors, and 3 active threads.
Waiting for actors to stop.
Called prefire()
Called fire()
Past the end of training data. Read and discard all inputs.
Checking for deadlock:
There are 2 Blocked actors, 0 Stopped actors, and 3 active threads.
Waiting for actors to stop.
Sent output token with value 8.0
Next port to read input from is inputA
Called postfire()
Called prefire()
Called fire()
Read input token from inputA with value 9.0
Checking for deadlock:
There are 1 Blocked actors, 0 Stopped actors, and 3 active threads.
Waiting for actors to stop.
Called prefire()
Called fire()
Past the end of training data. Read and discard all inputs.
Checking for deadlock:
There are 2 Blocked actors, 0 Stopped actors, and 3 active threads.
Waiting for actors to stop.
Sent output token with value 9.0
Next port to read input from is inputB
Called postfire()
Called prefire()
Called fire()
Checking for deadlock:
There are 1 Blocked actors, 0 Stopped actors, and 3 active threads.
Waiting for actors to stop.
Called postfire()
Called prefire()
Called fire()
Checking for deadlock:
There are 2 Blocked actors, 0 Stopped actors, and 3 active threads.
Waiting for actors to stop.
Read input token from inputB with value 10.5
Checking for deadlock:
There are 1 Blocked actors, 0 Stopped actors, and 3 active threads.
Waiting for actors to stop.
Called prefire()
Called fire()
Past the end of training data. Read and discard all inputs.
Checking for deadlock:
There are 2 Blocked actors, 0 Stopped actors, and 3 active threads.
Waiting for actors to stop.
Sent output token with value 9.0
Next port to read input from is inputA
Called postfire()
Called prefire()
Called fire()
Checking for deadlock:
There are 3 Blocked actors, 0 Stopped actors, and 3 active threads.
Actors have stopped.
Checking for deadlock:
There are 3 Blocked actors, 0 Stopped actors, and 3 active threads.
Deadlock detected.
Resolving Deadlock
Checking for deadlock:
There are 3 Blocked actors, 0 Stopped actors, and 3 active threads.
Artificial Deadlock - increasing queue capacity.
increasing the capacity of receiver ptolemy.actor.TypedIOPort {.top.OrderedMerge.inputB} to 2
Director: Called postfire().
Called postfire().
_stopRequested = false
_stopFireRequested = false
Returning from postfire(): true
Called fire().
Checking for deadlock:
There are 2 Blocked actors, 0 Stopped actors, and 3 active threads.
Waiting for actors to stop.
-- Thread wrapup() called.
Called wrapup()
Thread .top.Ramp2 is exiting.
-- Thread stopped.
Checking for deadlock:
There are 2 Blocked actors, 0 Stopped actors, and 2 active threads.
Actors have stopped.
Checking for deadlock:
There are 2 Blocked actors, 0 Stopped actors, and 2 active threads.
Deadlock detected.
Resolving Deadlock
Checking for deadlock:
There are 2 Blocked actors, 0 Stopped actors, and 2 active threads.
Deadlock detected: no processes blocked on write, but some are blocked on read.
Called postfire().
_stopRequested = false
_stopFireRequested = false
Returning from postfire(): false
Finished deactivating branches.
Called wrapup().
-- Thread wrapup() called.
Called wrapup()
Thread .top.Test is exiting.
-- Thread stopped.
-- Blocked Receiver call threw TerminateProcessException.
-- Thread wrapup() called.
Called wrapup()
Thread .top.OrderedMerge is exiting.
-- Thread stopped.
-- Blocked Receiver call threw TerminateProcessException.
26 ms. Memory: 146944K Free: 83574K (57%)
/home/travis/build/icyphy/ptII/ptolemy/actor/lib/test/Publisher.tcl
12 ms. Memory: 207872K Free: 196645K (95%)
4 ms. Memory: 207872K Free: 191915K (92%)
10 ms. Memory: 207872K Free: 187185K (90%)
3 ms. Memory: 207872K Free: 187185K (90%)
8 ms. Memory: 207872K Free: 184820K (89%)
3 ms. Memory: 207872K Free: 184820K (89%)
10 ms. Memory: 207872K Free: 184820K (89%)
3 ms. Memory: 207872K Free: 182454K (88%)
1 ms. Memory: 207872K Free: 172994K (83%)
3 ms. Memory: 207872K Free: 170629K (82%)
2 ms. Memory: 207872K Free: 168264K (81%)
1 ms. Memory: 207872K Free: 165899K (80%)
6 ms. Memory: 207872K Free: 158803K (76%)
5 ms. Memory: 207872K Free: 149343K (72%)
15 ms. Memory: 207872K Free: 137517K (66%)
/home/travis/build/icyphy/ptII/ptolemy/actor/lib/test/Pulse.tcl
5 ms. Memory: 207872K Free: 94945K (46%)
7 ms. Memory: 207872K Free: 92579K (45%)
2 ms. Memory: 207872K Free: 92579K (45%)
4 ms. Memory: 207872K Free: 92579K (45%)
1 ms. Memory: 207872K Free: 92579K (45%)
3 ms. Memory: 207872K Free: 90214K (43%)
8 ms. Memory: 207872K Free: 90214K (43%)
2 ms. Memory: 207872K Free: 90214K (43%)
1 ms. Memory: 207872K Free: 87849K (42%)
/home/travis/build/icyphy/ptII/ptolemy/actor/lib/test/Ramp.tcl
4 ms. Memory: 207872K Free: 85484K (41%)
1 ms. Memory: 207872K Free: 85484K (41%)
2 ms. Memory: 207872K Free: 85484K (41%)
1 ms. Memory: 207872K Free: 83103K (40%)
3 ms. Memory: 207872K Free: 83103K (40%)
4 ms. Memory: 207872K Free: 83103K (40%)
4 ms. Memory: 207872K Free: 80738K (39%)
5 actors
6000 microseconds per iteration to create
5 ms. Memory: 207872K Free: 79753K (38%)
20 ms. Memory: 208896K Free: 198822K (95%)
2 ms. Memory: 208896K Free: 198822K (95%)
2 ms. Memory: 208896K Free: 198822K (95%)
50 actors
24000 microseconds per iteration to create
23 ms. Memory: 208896K Free: 182072K (87%)
5 ms. Memory: 208896K Free: 182072K (87%)
5 ms. Memory: 208896K Free: 182072K (87%)
5 ms. Memory: 208896K Free: 179684K (86%)
500 actors
1372000 microseconds per iteration to create
266 ms. Memory: 330240K Free: 246931K (75%)
58 ms. Memory: 330240K Free: 242134K (73%)
47 ms. Memory: 330240K Free: 237337K (72%)
50 ms. Memory: 330240K Free: 232540K (70%)
/home/travis/build/icyphy/ptII/ptolemy/actor/lib/test/RampContinuous.tcl
7 ms. Memory: 330240K Free: 232540K (70%)
/home/travis/build/icyphy/ptII/ptolemy/actor/lib/test/RecordAssembler.tcl
5 ms. Memory: 330240K Free: 227727K (69%)
6 ms. Memory: 330240K Free: 227727K (69%)
/home/travis/build/icyphy/ptII/ptolemy/actor/lib/test/RecordDisassembler.tcl
5 ms. Memory: 330240K Free: 227727K (69%)
6 ms. Memory: 330240K Free: 227727K (69%)
8 ms. Memory: 330240K Free: 222914K (68%)
/home/travis/build/icyphy/ptII/ptolemy/actor/lib/test/Scale.tcl
2 ms. Memory: 330240K Free: 222914K (68%)
2 ms. Memory: 330240K Free: 222914K (68%)
1 ms. Memory: 330240K Free: 222914K (68%)
1 ms. Memory: 330240K Free: 218117K (66%)
3 ms. Memory: 330240K Free: 218117K (66%)
/home/travis/build/icyphy/ptII/ptolemy/actor/lib/test/SequentialClock.tcl
preinitializing
resolving types
initializing
executing number 1
wrapping up
idle
5 ms. Memory: 330240K Free: 218117K (66%)
Completed execution with 5 iterations
preinitializing
resolving types
initializing
executing number 1
wrapping up
idle
3 ms. Memory: 330240K Free: 218117K (66%)
Completed execution with 5 iterations
preinitializing
resolving types
initializing
executing number 1
wrapping up
idle
1 ms. Memory: 330240K Free: 218117K (66%)
Completed execution with 5 iterations
/home/travis/build/icyphy/ptII/ptolemy/actor/lib/test/SetVariable.tcl
4 ms. Memory: 330240K Free: 213312K (65%)
/home/travis/build/icyphy/ptII/ptolemy/actor/lib/test/Sinewave.tcl
/home/travis/build/icyphy/ptII/ptolemy/actor/lib/test/SubscriptionAggregator.tcl
10 ms. Memory: 330240K Free: 203701K (62%)
2 ms. Memory: 330240K Free: 198888K (60%)
1 ms. Memory: 330240K Free: 198888K (60%)
1 ms. Memory: 330240K Free: 198888K (60%)
1 ms. Memory: 330240K Free: 194091K (59%)
4 ms. Memory: 330240K Free: 194091K (59%)
...............................................................1058 ms. Memory: 478720K Free: 225080K (47%)
/home/travis/build/icyphy/ptII/ptolemy/actor/lib/test/Test.tcl
 The next command will produce a warning about training mode,
   which may be ignored.
3 ms. Memory: 478720K Free: 217360K (45%)
2 ms. Memory: 478720K Free: 217360K (45%)
1 ms. Memory: 478720K Free: 217360K (45%)
1 ms. Memory: 478720K Free: 217360K (45%)
1 ms. Memory: 478720K Free: 217360K (45%)
2 ms. Memory: 478720K Free: 217360K (45%)
2 ms. Memory: 478720K Free: 217360K (45%)
 The next command will produce a warning about training mode,
   which may be ignored.
3 ms. Memory: 478720K Free: 209632K (44%)
 The next command will produce a warning about training mode,
   which may be ignored.
2 ms. Memory: 478720K Free: 209632K (44%)
2 ms. Memory: 478720K Free: 209632K (44%)
1 ms. Memory: 478720K Free: 209632K (44%)
3 ms. Memory: 478720K Free: 209632K (44%)
3 ms. Memory: 478720K Free: 209632K (44%)
5 ms. Memory: 478720K Free: 209632K (44%)
/home/travis/build/icyphy/ptII/ptolemy/actor/lib/test/TestExceptionHandler.tcl
 The next command will produce a warning about training mode,
   which may be ignored.
1 ms. Memory: 478720K Free: 201919K (42%)
1 ms. Memory: 478720K Free: 201919K (42%)
1 ms. Memory: 478720K Free: 201919K (42%)
/home/travis/build/icyphy/ptII/ptolemy/actor/lib/test/UnionDisassembler.tcl
24 ms. Memory: 478720K Free: 194207K (41%)
/home/travis/build/icyphy/ptII/ptolemy/actor/lib/test/VariableClock.tcl
preinitializing
resolving types
initializing
executing number 1
wrapping up
idle
11 ms. Memory: 478720K Free: 194207K (41%)
Completed execution with 11 iterations
preinitializing
resolving types
initializing
executing number 1
wrapping up
idle
6 ms. Memory: 478720K Free: 194207K (41%)
Completed execution with 10 iterations
11/10/18 02:40:28
Failed: 0  Total Tests: 234  ((Passed: 234, Newly Passed: 0)  Known Failed: 0) /home/travis/build/icyphy/ptII/ptolemy/actor/lib/test
----------------- testing (KnownFailure) /home/travis/build/icyphy/ptII/ptolemy/actor/lib/test/auto/knownFailedTests/PublisherPortToplevelSubscriber.xml
1 ms. Memory: 478720K Free: 186445K (39%)
Known Failure: java.lang.reflect.InvocationTargetException
----------------- testing (KnownFailure) /home/travis/build/icyphy/ptII/ptolemy/actor/lib/test/auto/knownFailedTests/PublisherSubscriberPortToplevel.xml
1 ms. Memory: 478720K Free: 170921K (36%)
Known Failure: java.lang.reflect.InvocationTargetException
----------------- testing (KnownFailure) /home/travis/build/icyphy/ptII/ptolemy/actor/lib/test/auto/knownFailedTests/PublisherSubscriptionAggregatorPort.xml
1 ms. Memory: 478720K Free: 155397K (32%)
Known Failure: java.lang.reflect.InvocationTargetException
----------------- testing (KnownFailure) /home/travis/build/icyphy/ptII/ptolemy/actor/lib/test/auto/knownFailedTests/sizedarray3.xml
4 ms. Memory: 478720K Free: 139873K (29%)
Known Failure: java.lang.reflect.InvocationTargetException
No auto/linux-amd64/*.xml tests in /home/travis/build/icyphy/ptII/ptolemy/actor/lib/test
AutoTests.java: About to close Vertx.
AutoTests.java: Vertx closed.

===========================================================================================
----------------- testing Sat Nov 10 02:40:29 UTC 2018 /home/travis/build/icyphy/ptII/ptolemy/actor/lib/test/auto/AbsoluteValue.xml
----------------- Instantiating /home/travis/build/icyphy/ptII/ptolemy/actor/lib/test/auto/AbsoluteValue.xml
64 ms. Memory: 479744K Free: 439125K (92%)
----------------- Invoking toplevel() on ptolemy.moml.MoMLSimpleApplication@22193828
----------------- Done invoking toplevel() on ptolemy.moml.MoMLSimpleApplication@22193828
reloadAllAccessors: .AbsoluteValue

===========================================================================================
----------------- testing Sat Nov 10 02:40:29 UTC 2018 /home/travis/build/icyphy/ptII/ptolemy/actor/lib/test/auto/AbsoluteValue2.xml
----------------- Instantiating /home/travis/build/icyphy/ptII/ptolemy/actor/lib/test/auto/AbsoluteValue2.xml
9 ms. Memory: 479744K Free: 422272K (88%)
----------------- Invoking toplevel() on ptolemy.moml.MoMLSimpleApplication@6d9622ec
----------------- Done invoking toplevel() on ptolemy.moml.MoMLSimpleApplication@6d9622ec
reloadAllAccessors: .AbsoluteValue2

===========================================================================================
----------------- testing Sat Nov 10 02:40:29 UTC 2018 /home/travis/build/icyphy/ptII/ptolemy/actor/lib/test/auto/Accumulator.xml
----------------- Instantiating /home/travis/build/icyphy/ptII/ptolemy/actor/lib/test/auto/Accumulator.xml
7 ms. Memory: 479744K Free: 414494K (86%)
----------------- Invoking toplevel() on ptolemy.moml.MoMLSimpleApplication@25a4193e
----------------- Done invoking toplevel() on ptolemy.moml.MoMLSimpleApplication@25a4193e
reloadAllAccessors: .Accumulator

===========================================================================================
----------------- testing Sat Nov 10 02:40:29 UTC 2018 /home/travis/build/icyphy/ptII/ptolemy/actor/lib/test/auto/Accumulator2.xml
----------------- Instantiating /home/travis/build/icyphy/ptII/ptolemy/actor/lib/test/auto/Accumulator2.xml
4 ms. Memory: 479744K Free: 406716K (85%)
----------------- Invoking toplevel() on ptolemy.moml.MoMLSimpleApplication@79af2017
----------------- Done invoking toplevel() on ptolemy.moml.MoMLSimpleApplication@79af2017
reloadAllAccessors: .Accumulator2

===========================================================================================
----------------- testing Sat Nov 10 02:40:29 UTC 2018 /home/travis/build/icyphy/ptII/ptolemy/actor/lib/test/auto/Accumulator3.xml
----------------- Instantiating /home/travis/build/icyphy/ptII/ptolemy/actor/lib/test/auto/Accumulator3.xml
4 ms. Memory: 479744K Free: 394531K (82%)
----------------- Invoking toplevel() on ptolemy.moml.MoMLSimpleApplication@47365a9a
----------------- Done invoking toplevel() on ptolemy.moml.MoMLSimpleApplication@47365a9a
reloadAllAccessors: .Accumulator3

===========================================================================================
----------------- testing Sat Nov 10 02:40:29 UTC 2018 /home/travis/build/icyphy/ptII/ptolemy/actor/lib/test/auto/ArrayAppend.xml
----------------- Instantiating /home/travis/build/icyphy/ptII/ptolemy/actor/lib/test/auto/ArrayAppend.xml
3 ms. Memory: 479744K Free: 386769K (81%)
----------------- Invoking toplevel() on ptolemy.moml.MoMLSimpleApplication@3dc3d72e
----------------- Done invoking toplevel() on ptolemy.moml.MoMLSimpleApplication@3dc3d72e
reloadAllAccessors: .ArrayAppend

===========================================================================================
----------------- testing Sat Nov 10 02:40:29 UTC 2018 /home/travis/build/icyphy/ptII/ptolemy/actor/lib/test/auto/ArrayAppend2.xml
----------------- Instantiating /home/travis/build/icyphy/ptII/ptolemy/actor/lib/test/auto/ArrayAppend2.xml
297 ms. Memory: 479744K Free: 301371K (63%)
----------------- Invoking toplevel() on ptolemy.moml.MoMLSimpleApplication@3767b5d0
----------------- Done invoking toplevel() on ptolemy.moml.MoMLSimpleApplication@3767b5d0
reloadAllAccessors: .ArrayAppend2

===========================================================================================
----------------- testing Sat Nov 10 02:40:29 UTC 2018 /home/travis/build/icyphy/ptII/ptolemy/actor/lib/test/auto/ArrayAppend3.xml
----------------- Instantiating /home/travis/build/icyphy/ptII/ptolemy/actor/lib/test/auto/ArrayAppend3.xml
3 ms. Memory: 479744K Free: 286598K (60%)
----------------- Invoking toplevel() on ptolemy.moml.MoMLSimpleApplication@9998691
----------------- Done invoking toplevel() on ptolemy.moml.MoMLSimpleApplication@9998691
reloadAllAccessors: .ArrayAppend3

===========================================================================================
----------------- testing Sat Nov 10 02:40:29 UTC 2018 /home/travis/build/icyphy/ptII/ptolemy/actor/lib/test/auto/ArrayAppend4.xml
----------------- Instantiating /home/travis/build/icyphy/ptII/ptolemy/actor/lib/test/auto/ArrayAppend4.xml
3 ms. Memory: 479744K Free: 278836K (58%)
----------------- Invoking toplevel() on ptolemy.moml.MoMLSimpleApplication@49cb6ff4
----------------- Done invoking toplevel() on ptolemy.moml.MoMLSimpleApplication@49cb6ff4
reloadAllAccessors: .ArrayAppend4

===========================================================================================
----------------- testing Sat Nov 10 02:40:29 UTC 2018 /home/travis/build/icyphy/ptII/ptolemy/actor/lib/test/auto/ArrayAppend5.xml
----------------- Instantiating /home/travis/build/icyphy/ptII/ptolemy/actor/lib/test/auto/ArrayAppend5.xml
2 ms. Memory: 479744K Free: 271074K (57%)
----------------- Invoking toplevel() on ptolemy.moml.MoMLSimpleApplication@39285f76
----------------- Done invoking toplevel() on ptolemy.moml.MoMLSimpleApplication@39285f76
reloadAllAccessors: .ArrayAppend5

===========================================================================================
----------------- testing Sat Nov 10 02:40:29 UTC 2018 /home/travis/build/icyphy/ptII/ptolemy/actor/lib/test/auto/ArrayAppend6.xml
----------------- Instantiating /home/travis/build/icyphy/ptII/ptolemy/actor/lib/test/auto/ArrayAppend6.xml
3 ms. Memory: 479744K Free: 256285K (53%)
----------------- Invoking toplevel() on ptolemy.moml.MoMLSimpleApplication@7df2e84f
----------------- Done invoking toplevel() on ptolemy.moml.MoMLSimpleApplication@7df2e84f
reloadAllAccessors: .ArrayAppend6

===========================================================================================
----------------- testing Sat Nov 10 02:40:29 UTC 2018 /home/travis/build/icyphy/ptII/ptolemy/actor/lib/test/auto/ArrayAppendPerformanceTest.xml
----------------- Instantiating /home/travis/build/icyphy/ptII/ptolemy/actor/lib/test/auto/ArrayAppendPerformanceTest.xml
18 ms. Memory: 479744K Free: 245920K (51%)
----------------- Invoking toplevel() on ptolemy.moml.MoMLSimpleApplication@48d47c83
----------------- Done invoking toplevel() on ptolemy.moml.MoMLSimpleApplication@48d47c83
reloadAllAccessors: .ArrayAppendPerformanceTest

===========================================================================================
----------------- testing Sat Nov 10 02:40:30 UTC 2018 /home/travis/build/icyphy/ptII/ptolemy/actor/lib/test/auto/ArrayAppendWithEmptyInput.xml
----------------- Instantiating /home/travis/build/icyphy/ptII/ptolemy/actor/lib/test/auto/ArrayAppendWithEmptyInput.xml
13 ms. Memory: 479744K Free: 235563K (49%)
----------------- Invoking toplevel() on ptolemy.moml.MoMLSimpleApplication@763fd3b0
----------------- Done invoking toplevel() on ptolemy.moml.MoMLSimpleApplication@763fd3b0
reloadAllAccessors: .ArrayAppendWithEmptyInput

===========================================================================================
----------------- testing Sat Nov 10 02:40:30 UTC 2018 /home/travis/build/icyphy/ptII/ptolemy/actor/lib/test/auto/ArrayAverage.xml
----------------- Instantiating /home/travis/build/icyphy/ptII/ptolemy/actor/lib/test/auto/ArrayAverage.xml
6 ms. Memory: 479744K Free: 218186K (45%)
----------------- Invoking toplevel() on ptolemy.moml.MoMLSimpleApplication@767a6b9d
----------------- Done invoking toplevel() on ptolemy.moml.MoMLSimpleApplication@767a6b9d
reloadAllAccessors: .ArrayAverage

===========================================================================================
----------------- testing Sat Nov 10 02:40:30 UTC 2018 /home/travis/build/icyphy/ptII/ptolemy/actor/lib/test/auto/ArrayContains.xml
----------------- Instantiating /home/travis/build/icyphy/ptII/ptolemy/actor/lib/test/auto/ArrayContains.xml
3 ms. Memory: 479744K Free: 210417K (44%)
----------------- Invoking toplevel() on ptolemy.moml.MoMLSimpleApplication@8b888f7
----------------- Done invoking toplevel() on ptolemy.moml.MoMLSimpleApplication@8b888f7
reloadAllAccessors: .ArrayContains

===========================================================================================
----------------- testing Sat Nov 10 02:40:30 UTC 2018 /home/travis/build/icyphy/ptII/ptolemy/actor/lib/test/auto/ArrayElement.xml
----------------- Instantiating /home/travis/build/icyphy/ptII/ptolemy/actor/lib/test/auto/ArrayElement.xml
4 ms. Memory: 479744K Free: 202639K (42%)
----------------- Invoking toplevel() on ptolemy.moml.MoMLSimpleApplication@36a7ce58
----------------- Done invoking toplevel() on ptolemy.moml.MoMLSimpleApplication@36a7ce58
reloadAllAccessors: .ArrayElement

===========================================================================================
----------------- testing Sat Nov 10 02:40:30 UTC 2018 /home/travis/build/icyphy/ptII/ptolemy/actor/lib/test/auto/ArrayElementAsMatrix.xml
----------------- Instantiating /home/travis/build/icyphy/ptII/ptolemy/actor/lib/test/auto/ArrayElementAsMatrix.xml
26 ms. Memory: 479744K Free: 192273K (40%)
----------------- Invoking toplevel() on ptolemy.moml.MoMLSimpleApplication@52d767c
----------------- Done invoking toplevel() on ptolemy.moml.MoMLSimpleApplication@52d767c
reloadAllAccessors: .ArrayElementAsMatrix

===========================================================================================
----------------- testing Sat Nov 10 02:40:30 UTC 2018 /home/travis/build/icyphy/ptII/ptolemy/actor/lib/test/auto/ArrayElementI.xml
----------------- Instantiating /home/travis/build/icyphy/ptII/ptolemy/actor/lib/test/auto/ArrayElementI.xml
3 ms. Memory: 479744K Free: 177485K (37%)
----------------- Invoking toplevel() on ptolemy.moml.MoMLSimpleApplication@4feebbfe
----------------- Done invoking toplevel() on ptolemy.moml.MoMLSimpleApplication@4feebbfe
reloadAllAccessors: .ArrayElementI

===========================================================================================
----------------- testing Sat Nov 10 02:40:30 UTC 2018 /home/travis/build/icyphy/ptII/ptolemy/actor/lib/test/auto/ArrayExtract.xml
----------------- Instantiating /home/travis/build/icyphy/ptII/ptolemy/actor/lib/test/auto/ArrayExtract.xml
12 ms. Memory: 479744K Free: 169707K (35%)
----------------- Invoking toplevel() on ptolemy.moml.MoMLSimpleApplication@c025e2d
----------------- Done invoking toplevel() on ptolemy.moml.MoMLSimpleApplication@c025e2d
reloadAllAccessors: .ArrayExtract

===========================================================================================
----------------- testing Sat Nov 10 02:40:30 UTC 2018 /home/travis/build/icyphy/ptII/ptolemy/actor/lib/test/auto/ArrayExtract2.xml
----------------- Instantiating /home/travis/build/icyphy/ptII/ptolemy/actor/lib/test/auto/ArrayExtract2.xml
2 ms. Memory: 479744K Free: 161929K (34%)
----------------- Invoking toplevel() on ptolemy.moml.MoMLSimpleApplication@787f3346
----------------- Done invoking toplevel() on ptolemy.moml.MoMLSimpleApplication@787f3346
reloadAllAccessors: .ArrayExtract2

===========================================================================================
----------------- testing Sat Nov 10 02:40:30 UTC 2018 /home/travis/build/icyphy/ptII/ptolemy/actor/lib/test/auto/ArrayLength.xml
----------------- Instantiating /home/travis/build/icyphy/ptII/ptolemy/actor/lib/test/auto/ArrayLength.xml
1 ms. Memory: 479744K Free: 149743K (31%)
----------------- Invoking toplevel() on ptolemy.moml.MoMLSimpleApplication@1bd4f9b5
----------------- Done invoking toplevel() on ptolemy.moml.MoMLSimpleApplication@1bd4f9b5
reloadAllAccessors: .ArrayLength

===========================================================================================
----------------- testing Sat Nov 10 02:40:30 UTC 2018 /home/travis/build/icyphy/ptII/ptolemy/actor/lib/test/auto/ArrayLevelCrossing.xml
----------------- Instantiating /home/travis/build/icyphy/ptII/ptolemy/actor/lib/test/auto/ArrayLevelCrossing.xml
4 ms. Memory: 479744K Free: 139362K (29%)
----------------- Invoking toplevel() on ptolemy.moml.MoMLSimpleApplication@3e4e85a3
----------------- Done invoking toplevel() on ptolemy.moml.MoMLSimpleApplication@3e4e85a3
reloadAllAccessors: .ArrayLevelCrossing

===========================================================================================
----------------- testing Sat Nov 10 02:40:30 UTC 2018 /home/travis/build/icyphy/ptII/ptolemy/actor/lib/test/auto/ArrayLevelCrossing2.xml
----------------- Instantiating /home/travis/build/icyphy/ptII/ptolemy/actor/lib/test/auto/ArrayLevelCrossing2.xml
2 ms. Memory: 479744K Free: 131600K (27%)
----------------- Invoking toplevel() on ptolemy.moml.MoMLSimpleApplication@cee8f23
----------------- Done invoking toplevel() on ptolemy.moml.MoMLSimpleApplication@cee8f23
reloadAllAccessors: .ArrayLevelCrossing2

===========================================================================================
----------------- testing Sat Nov 10 02:40:30 UTC 2018 /home/travis/build/icyphy/ptII/ptolemy/actor/lib/test/auto/ArrayPeakSearch.xml
----------------- Instantiating /home/travis/build/icyphy/ptII/ptolemy/actor/lib/test/auto/ArrayPeakSearch.xml
13 ms. Memory: 479744K Free: 114224K (24%)
----------------- Invoking toplevel() on ptolemy.moml.MoMLSimpleApplication@1931922d
----------------- Done invoking toplevel() on ptolemy.moml.MoMLSimpleApplication@1931922d
reloadAllAccessors: .ArrayPeakSearch

===========================================================================================
----------------- testing Sat Nov 10 02:40:30 UTC 2018 /home/travis/build/icyphy/ptII/ptolemy/actor/lib/test/auto/ArrayPeakSearch2.xml
----------------- Instantiating /home/travis/build/icyphy/ptII/ptolemy/actor/lib/test/auto/ArrayPeakSearch2.xml
7 ms. Memory: 479744K Free: 101239K (21%)
----------------- Invoking toplevel() on ptolemy.moml.MoMLSimpleApplication@b764052
----------------- Done invoking toplevel() on ptolemy.moml.MoMLSimpleApplication@b764052
reloadAllAccessors: .ArrayPeakSearch2

===========================================================================================
----------------- testing Sat Nov 10 02:40:30 UTC 2018 /home/travis/build/icyphy/ptII/ptolemy/actor/lib/test/auto/ArrayPeakSearch3.xml
----------------- Instantiating /home/travis/build/icyphy/ptII/ptolemy/actor/lib/test/auto/ArrayPeakSearch3.xml
4 ms. Memory: 479744K Free: 90874K (19%)
----------------- Invoking toplevel() on ptolemy.moml.MoMLSimpleApplication@50646884
----------------- Done invoking toplevel() on ptolemy.moml.MoMLSimpleApplication@50646884
reloadAllAccessors: .ArrayPeakSearch3

===========================================================================================
----------------- testing Sat Nov 10 02:40:30 UTC 2018 /home/travis/build/icyphy/ptII/ptolemy/actor/lib/test/auto/ArrayRemoveElement.xml
----------------- Instantiating /home/travis/build/icyphy/ptII/ptolemy/actor/lib/test/auto/ArrayRemoveElement.xml
3 ms. Memory: 479744K Free: 73498K (15%)
----------------- Invoking toplevel() on ptolemy.moml.MoMLSimpleApplication@7068e728
----------------- Done invoking toplevel() on ptolemy.moml.MoMLSimpleApplication@7068e728
reloadAllAccessors: .ArrayRemoveElement

===========================================================================================
----------------- testing Sat Nov 10 02:40:30 UTC 2018 /home/travis/build/icyphy/ptII/ptolemy/actor/lib/test/auto/ArraySort.xml
----------------- Instantiating /home/travis/build/icyphy/ptII/ptolemy/actor/lib/test/auto/ArraySort.xml
3 ms. Memory: 479744K Free: 63132K (13%)
----------------- Invoking toplevel() on ptolemy.moml.MoMLSimpleApplication@6a7f7b2
----------------- Done invoking toplevel() on ptolemy.moml.MoMLSimpleApplication@6a7f7b2
reloadAllAccessors: .ArraySort

===========================================================================================
----------------- testing Sat Nov 10 02:40:30 UTC 2018 /home/travis/build/icyphy/ptII/ptolemy/actor/lib/test/auto/ArraySum.xml
----------------- Instantiating /home/travis/build/icyphy/ptII/ptolemy/actor/lib/test/auto/ArraySum.xml
6 ms. Memory: 479744K Free: 55354K (12%)
----------------- Invoking toplevel() on ptolemy.moml.MoMLSimpleApplication@5885c0a1
----------------- Done invoking toplevel() on ptolemy.moml.MoMLSimpleApplication@5885c0a1
reloadAllAccessors: .ArraySum

===========================================================================================
----------------- testing Sat Nov 10 02:40:30 UTC 2018 /home/travis/build/icyphy/ptII/ptolemy/actor/lib/test/auto/ArrayToElements.xml
----------------- Instantiating /home/travis/build/icyphy/ptII/ptolemy/actor/lib/test/auto/ArrayToElements.xml
3 ms. Memory: 718848K Free: 671042K (93%)
----------------- Invoking toplevel() on ptolemy.moml.MoMLSimpleApplication@747ebb21
----------------- Done invoking toplevel() on ptolemy.moml.MoMLSimpleApplication@747ebb21
reloadAllAccessors: .ArrayToElements

===========================================================================================
----------------- testing Sat Nov 10 02:40:30 UTC 2018 /home/travis/build/icyphy/ptII/ptolemy/actor/lib/test/auto/ArrayToMatrix.xml
----------------- Instantiating /home/travis/build/icyphy/ptII/ptolemy/actor/lib/test/auto/ArrayToMatrix.xml
6 ms. Memory: 718848K Free: 642311K (89%)
----------------- Invoking toplevel() on ptolemy.moml.MoMLSimpleApplication@621a9397
----------------- Done invoking toplevel() on ptolemy.moml.MoMLSimpleApplication@621a9397
reloadAllAccessors: .ArrayToMatrix

===========================================================================================
----------------- testing Sat Nov 10 02:40:30 UTC 2018 /home/travis/build/icyphy/ptII/ptolemy/actor/lib/test/auto/ArrayUpdate1.xml
----------------- Instantiating /home/travis/build/icyphy/ptII/ptolemy/actor/lib/test/auto/ArrayUpdate1.xml
2 ms. Memory: 718848K Free: 634037K (88%)
----------------- Invoking toplevel() on ptolemy.moml.MoMLSimpleApplication@75ea4e28
----------------- Done invoking toplevel() on ptolemy.moml.MoMLSimpleApplication@75ea4e28
reloadAllAccessors: .ArrayUpdate1

===========================================================================================
----------------- testing Sat Nov 10 02:40:30 UTC 2018 /home/travis/build/icyphy/ptII/ptolemy/actor/lib/test/auto/ArrayUpdate2.xml
----------------- Instantiating /home/travis/build/icyphy/ptII/ptolemy/actor/lib/test/auto/ArrayUpdate2.xml
3 ms. Memory: 718848K Free: 625634K (87%)
----------------- Invoking toplevel() on ptolemy.moml.MoMLSimpleApplication@6a08b20e
----------------- Done invoking toplevel() on ptolemy.moml.MoMLSimpleApplication@6a08b20e
reloadAllAccessors: .ArrayUpdate2

===========================================================================================
----------------- testing Sat Nov 10 02:40:30 UTC 2018 /home/travis/build/icyphy/ptII/ptolemy/actor/lib/test/auto/ArrayUpdate3.xml
----------------- Instantiating /home/travis/build/icyphy/ptII/ptolemy/actor/lib/test/auto/ArrayUpdate3.xml
2 ms. Memory: 718848K Free: 609346K (85%)
----------------- Invoking toplevel() on ptolemy.moml.MoMLSimpleApplication@7ac8f5a4
----------------- Done invoking toplevel() on ptolemy.moml.MoMLSimpleApplication@7ac8f5a4
reloadAllAccessors: .ArrayUpdate3

===========================================================================================
----------------- testing Sat Nov 10 02:40:30 UTC 2018 /home/travis/build/icyphy/ptII/ptolemy/actor/lib/test/auto/Assert1.xml
----------------- Instantiating /home/travis/build/icyphy/ptII/ptolemy/actor/lib/test/auto/Assert1.xml
2 ms. Memory: 718848K Free: 601072K (84%)
----------------- Invoking toplevel() on ptolemy.moml.MoMLSimpleApplication@1d7327b8
----------------- Done invoking toplevel() on ptolemy.moml.MoMLSimpleApplication@1d7327b8
reloadAllAccessors: .Assert1

===========================================================================================
----------------- testing Sat Nov 10 02:40:30 UTC 2018 /home/travis/build/icyphy/ptII/ptolemy/actor/lib/test/auto/Assert2.xml
----------------- Instantiating /home/travis/build/icyphy/ptII/ptolemy/actor/lib/test/auto/Assert2.xml
6 ms. Memory: 718848K Free: 592798K (82%)
----------------- Invoking toplevel() on ptolemy.moml.MoMLSimpleApplication@61745743
----------------- Done invoking toplevel() on ptolemy.moml.MoMLSimpleApplication@61745743
reloadAllAccessors: .Assert2

===========================================================================================
----------------- testing Sat Nov 10 02:40:30 UTC 2018 /home/travis/build/icyphy/ptII/ptolemy/actor/lib/test/auto/BooleanMultiplexor.xml
----------------- Instantiating /home/travis/build/icyphy/ptII/ptolemy/actor/lib/test/auto/BooleanMultiplexor.xml
2 ms. Memory: 718848K Free: 584524K (81%)
----------------- Invoking toplevel() on ptolemy.moml.MoMLSimpleApplication@9ab4c17
----------------- Done invoking toplevel() on ptolemy.moml.MoMLSimpleApplication@9ab4c17
reloadAllAccessors: .BooleanMultiplexor

===========================================================================================
----------------- testing Sat Nov 10 02:40:30 UTC 2018 /home/travis/build/icyphy/ptII/ptolemy/actor/lib/test/auto/BooleanMultiplexor2.xml
----------------- Instantiating /home/travis/build/icyphy/ptII/ptolemy/actor/lib/test/auto/BooleanMultiplexor2.xml
3 ms. Memory: 718848K Free: 564083K (78%)
----------------- Invoking toplevel() on ptolemy.moml.MoMLSimpleApplication@45812bae
----------------- Done invoking toplevel() on ptolemy.moml.MoMLSimpleApplication@45812bae
reloadAllAccessors: .BooleanMultiplexor2

===========================================================================================
----------------- testing Sat Nov 10 02:40:30 UTC 2018 /home/travis/build/icyphy/ptII/ptolemy/actor/lib/test/auto/BooleanMultiplexor3.xml
----------------- Instantiating /home/travis/build/icyphy/ptII/ptolemy/actor/lib/test/auto/BooleanMultiplexor3.xml
2 ms. Memory: 718848K Free: 555810K (77%)
----------------- Invoking toplevel() on ptolemy.moml.MoMLSimpleApplication@26ab34a6
----------------- Done invoking toplevel() on ptolemy.moml.MoMLSimpleApplication@26ab34a6
reloadAllAccessors: .BooleanMultiplexor3

===========================================================================================
----------------- testing Sat Nov 10 02:40:30 UTC 2018 /home/travis/build/icyphy/ptII/ptolemy/actor/lib/test/auto/BooleanSelect.xml
----------------- Instantiating /home/travis/build/icyphy/ptII/ptolemy/actor/lib/test/auto/BooleanSelect.xml
11 ms. Memory: 718848K Free: 547536K (76%)
----------------- Invoking toplevel() on ptolemy.moml.MoMLSimpleApplication@633ccb3a
----------------- Done invoking toplevel() on ptolemy.moml.MoMLSimpleApplication@633ccb3a
reloadAllAccessors: .BooleanSelect

===========================================================================================
----------------- testing Sat Nov 10 02:40:31 UTC 2018 /home/travis/build/icyphy/ptII/ptolemy/actor/lib/test/auto/BooleanSelect2.xml
----------------- Instantiating /home/travis/build/icyphy/ptII/ptolemy/actor/lib/test/auto/BooleanSelect2.xml
1 ms. Memory: 718848K Free: 531248K (74%)
----------------- Invoking toplevel() on ptolemy.moml.MoMLSimpleApplication@15049c12
----------------- Done invoking toplevel() on ptolemy.moml.MoMLSimpleApplication@15049c12
reloadAllAccessors: .BooleanSelect2

===========================================================================================
----------------- testing Sat Nov 10 02:40:31 UTC 2018 /home/travis/build/icyphy/ptII/ptolemy/actor/lib/test/auto/BooleanSwitch.xml
----------------- Instantiating /home/travis/build/icyphy/ptII/ptolemy/actor/lib/test/auto/BooleanSwitch.xml
4 ms. Memory: 718848K Free: 522974K (73%)
----------------- Invoking toplevel() on ptolemy.moml.MoMLSimpleApplication@3798beee
----------------- Done invoking toplevel() on ptolemy.moml.MoMLSimpleApplication@3798beee
reloadAllAccessors: .BooleanSwitch

===========================================================================================
----------------- testing Sat Nov 10 02:40:31 UTC 2018 /home/travis/build/icyphy/ptII/ptolemy/actor/lib/test/auto/BooleanSwitch2.xml
----------------- Instantiating /home/travis/build/icyphy/ptII/ptolemy/actor/lib/test/auto/BooleanSwitch2.xml
2 ms. Memory: 718848K Free: 514700K (72%)
----------------- Invoking toplevel() on ptolemy.moml.MoMLSimpleApplication@6a09b6f5
----------------- Done invoking toplevel() on ptolemy.moml.MoMLSimpleApplication@6a09b6f5
reloadAllAccessors: .BooleanSwitch2

===========================================================================================
----------------- testing Sat Nov 10 02:40:31 UTC 2018 /home/travis/build/icyphy/ptII/ptolemy/actor/lib/test/auto/BooleanSwitchCloningBugWithClassRelationGroup.xml
----------------- Instantiating /home/travis/build/icyphy/ptII/ptolemy/actor/lib/test/auto/BooleanSwitchCloningBugWithClassRelationGroup.xml
3 ms. Memory: 718848K Free: 502273K (70%)
----------------- Invoking toplevel() on ptolemy.moml.MoMLSimpleApplication@441038c5
----------------- Done invoking toplevel() on ptolemy.moml.MoMLSimpleApplication@441038c5
reloadAllAccessors: .BooleanSwitchCloningBugWithClassRelationGroup

===========================================================================================
----------------- testing Sat Nov 10 02:40:31 UTC 2018 /home/travis/build/icyphy/ptII/ptolemy/actor/lib/test/auto/BusActors.xml
----------------- Instantiating /home/travis/build/icyphy/ptII/ptolemy/actor/lib/test/auto/BusActors.xml
3 ms. Memory: 718848K Free: 481832K (67%)
----------------- Invoking toplevel() on ptolemy.moml.MoMLSimpleApplication@8e30147
----------------- Done invoking toplevel() on ptolemy.moml.MoMLSimpleApplication@8e30147
reloadAllAccessors: .BusActors

===========================================================================================
----------------- testing Sat Nov 10 02:40:31 UTC 2018 /home/travis/build/icyphy/ptII/ptolemy/actor/lib/test/auto/ClassWrapper.xml
----------------- Instantiating /home/travis/build/icyphy/ptII/ptolemy/actor/lib/test/auto/ClassWrapper.xml
2 ms. Memory: 718848K Free: 473558K (66%)
----------------- Invoking toplevel() on ptolemy.moml.MoMLSimpleApplication@be68c0e
----------------- Done invoking toplevel() on ptolemy.moml.MoMLSimpleApplication@be68c0e
reloadAllAccessors: .ClassWrapper

===========================================================================================
----------------- testing Sat Nov 10 02:40:31 UTC 2018 /home/travis/build/icyphy/ptII/ptolemy/actor/lib/test/auto/Clock.xml
----------------- Instantiating /home/travis/build/icyphy/ptII/ptolemy/actor/lib/test/auto/Clock.xml
2 ms. Memory: 718848K Free: 465284K (65%)
----------------- Invoking toplevel() on ptolemy.moml.MoMLSimpleApplication@126d34a6
----------------- Done invoking toplevel() on ptolemy.moml.MoMLSimpleApplication@126d34a6
reloadAllAccessors: .Clock

===========================================================================================
----------------- testing Sat Nov 10 02:40:31 UTC 2018 /home/travis/build/icyphy/ptII/ptolemy/actor/lib/test/auto/Clock10.xml
----------------- Instantiating /home/travis/build/icyphy/ptII/ptolemy/actor/lib/test/auto/Clock10.xml
2 ms. Memory: 718848K Free: 457010K (64%)
----------------- Invoking toplevel() on ptolemy.moml.MoMLSimpleApplication@86f953c
----------------- Done invoking toplevel() on ptolemy.moml.MoMLSimpleApplication@86f953c
reloadAllAccessors: .Clock10

===========================================================================================
----------------- testing Sat Nov 10 02:40:31 UTC 2018 /home/travis/build/icyphy/ptII/ptolemy/actor/lib/test/auto/Clock11.xml
----------------- Instantiating /home/travis/build/icyphy/ptII/ptolemy/actor/lib/test/auto/Clock11.xml
2 ms. Memory: 718848K Free: 440722K (61%)
----------------- Invoking toplevel() on ptolemy.moml.MoMLSimpleApplication@358a40c1
----------------- Done invoking toplevel() on ptolemy.moml.MoMLSimpleApplication@358a40c1
reloadAllAccessors: .Clock11

===========================================================================================
----------------- testing Sat Nov 10 02:40:31 UTC 2018 /home/travis/build/icyphy/ptII/ptolemy/actor/lib/test/auto/Clock12.xml
----------------- Instantiating /home/travis/build/icyphy/ptII/ptolemy/actor/lib/test/auto/Clock12.xml
3 ms. Memory: 718848K Free: 432448K (60%)
----------------- Invoking toplevel() on ptolemy.moml.MoMLSimpleApplication@5fe7dddb
----------------- Done invoking toplevel() on ptolemy.moml.MoMLSimpleApplication@5fe7dddb
reloadAllAccessors: .Clock12

===========================================================================================
----------------- testing Sat Nov 10 02:40:31 UTC 2018 /home/travis/build/icyphy/ptII/ptolemy/actor/lib/test/auto/Clock13.xml
----------------- Instantiating /home/travis/build/icyphy/ptII/ptolemy/actor/lib/test/auto/Clock13.xml
2 ms. Memory: 718848K Free: 424175K (59%)
----------------- Invoking toplevel() on ptolemy.moml.MoMLSimpleApplication@7cdf449a
----------------- Done invoking toplevel() on ptolemy.moml.MoMLSimpleApplication@7cdf449a
reloadAllAccessors: .Clock13

===========================================================================================
----------------- testing Sat Nov 10 02:40:31 UTC 2018 /home/travis/build/icyphy/ptII/ptolemy/actor/lib/test/auto/Clock14.xml
----------------- Instantiating /home/travis/build/icyphy/ptII/ptolemy/actor/lib/test/auto/Clock14.xml
2 ms. Memory: 718848K Free: 407886K (57%)
----------------- Invoking toplevel() on ptolemy.moml.MoMLSimpleApplication@3cbf856f
----------------- Done invoking toplevel() on ptolemy.moml.MoMLSimpleApplication@3cbf856f
reloadAllAccessors: .Clock14

===========================================================================================
----------------- testing Sat Nov 10 02:40:31 UTC 2018 /home/travis/build/icyphy/ptII/ptolemy/actor/lib/test/auto/Clock15.xml
----------------- Instantiating /home/travis/build/icyphy/ptII/ptolemy/actor/lib/test/auto/Clock15.xml
2 ms. Memory: 718848K Free: 399612K (56%)
----------------- Invoking toplevel() on ptolemy.moml.MoMLSimpleApplication@7629036b
----------------- Done invoking toplevel() on ptolemy.moml.MoMLSimpleApplication@7629036b
reloadAllAccessors: .Clock15

===========================================================================================
----------------- testing Sat Nov 10 02:40:31 UTC 2018 /home/travis/build/icyphy/ptII/ptolemy/actor/lib/test/auto/Clock16.xml
----------------- Instantiating /home/travis/build/icyphy/ptII/ptolemy/actor/lib/test/auto/Clock16.xml
23 ms. Memory: 718848K Free: 383048K (53%)
----------------- Invoking toplevel() on ptolemy.moml.MoMLSimpleApplication@28f8d9bc
----------------- Done invoking toplevel() on ptolemy.moml.MoMLSimpleApplication@28f8d9bc
reloadAllAccessors: .Clock16

===========================================================================================
----------------- testing Sat Nov 10 02:40:31 UTC 2018 /home/travis/build/icyphy/ptII/ptolemy/actor/lib/test/auto/Clock17.xml
----------------- Instantiating /home/travis/build/icyphy/ptII/ptolemy/actor/lib/test/auto/Clock17.xml
24 ms. Memory: 718848K Free: 360279K (50%)
----------------- Invoking toplevel() on ptolemy.moml.MoMLSimpleApplication@7a91d278
----------------- Done invoking toplevel() on ptolemy.moml.MoMLSimpleApplication@7a91d278
reloadAllAccessors: .Clock17

===========================================================================================
----------------- testing Sat Nov 10 02:40:31 UTC 2018 /home/travis/build/icyphy/ptII/ptolemy/actor/lib/test/auto/Clock18.xml
----------------- Instantiating /home/travis/build/icyphy/ptII/ptolemy/actor/lib/test/auto/Clock18.xml
13 ms. Memory: 718848K Free: 335693K (47%)
----------------- Invoking toplevel() on ptolemy.moml.MoMLSimpleApplication@2acf68c9
----------------- Done invoking toplevel() on ptolemy.moml.MoMLSimpleApplication@2acf68c9
reloadAllAccessors: .Clock18

===========================================================================================
----------------- testing Sat Nov 10 02:40:31 UTC 2018 /home/travis/build/icyphy/ptII/ptolemy/actor/lib/test/auto/Clock19.xml
----------------- Instantiating /home/travis/build/icyphy/ptII/ptolemy/actor/lib/test/auto/Clock19.xml
7 ms. Memory: 718848K Free: 319129K (44%)
----------------- Invoking toplevel() on ptolemy.moml.MoMLSimpleApplication@44e01d45
----------------- Done invoking toplevel() on ptolemy.moml.MoMLSimpleApplication@44e01d45
reloadAllAccessors: .Clock19

===========================================================================================
----------------- testing Sat Nov 10 02:40:31 UTC 2018 /home/travis/build/icyphy/ptII/ptolemy/actor/lib/test/auto/Clock2.xml
----------------- Instantiating /home/travis/build/icyphy/ptII/ptolemy/actor/lib/test/auto/Clock2.xml
6 ms. Memory: 718848K Free: 310855K (43%)
----------------- Invoking toplevel() on ptolemy.moml.MoMLSimpleApplication@210720b7
----------------- Done invoking toplevel() on ptolemy.moml.MoMLSimpleApplication@210720b7
reloadAllAccessors: .Clock2

===========================================================================================
----------------- testing Sat Nov 10 02:40:31 UTC 2018 /home/travis/build/icyphy/ptII/ptolemy/actor/lib/test/auto/Clock20.xml
----------------- Instantiating /home/travis/build/icyphy/ptII/ptolemy/actor/lib/test/auto/Clock20.xml
8 ms. Memory: 718848K Free: 294567K (41%)
----------------- Invoking toplevel() on ptolemy.moml.MoMLSimpleApplication@1a368804
----------------- Done invoking toplevel() on ptolemy.moml.MoMLSimpleApplication@1a368804
reloadAllAccessors: .Clock20

===========================================================================================
----------------- testing Sat Nov 10 02:40:31 UTC 2018 /home/travis/build/icyphy/ptII/ptolemy/actor/lib/test/auto/Clock21.xml
----------------- Instantiating /home/travis/build/icyphy/ptII/ptolemy/actor/lib/test/auto/Clock21.xml
6 ms. Memory: 718848K Free: 286294K (40%)
----------------- Invoking toplevel() on ptolemy.moml.MoMLSimpleApplication@5b8b1531
----------------- Done invoking toplevel() on ptolemy.moml.MoMLSimpleApplication@5b8b1531
reloadAllAccessors: .Clock21

===========================================================================================
----------------- testing Sat Nov 10 02:40:31 UTC 2018 /home/travis/build/icyphy/ptII/ptolemy/actor/lib/test/auto/Clock22.xml
----------------- Instantiating /home/travis/build/icyphy/ptII/ptolemy/actor/lib/test/auto/Clock22.xml
7 ms. Memory: 718848K Free: 278020K (39%)
----------------- Invoking toplevel() on ptolemy.moml.MoMLSimpleApplication@178ee6b4
----------------- Done invoking toplevel() on ptolemy.moml.MoMLSimpleApplication@178ee6b4
reloadAllAccessors: .Clock22

===========================================================================================
----------------- testing Sat Nov 10 02:40:31 UTC 2018 /home/travis/build/icyphy/ptII/ptolemy/actor/lib/test/auto/Clock23.xml
----------------- Instantiating /home/travis/build/icyphy/ptII/ptolemy/actor/lib/test/auto/Clock23.xml
6 ms. Memory: 718848K Free: 269746K (38%)
----------------- Invoking toplevel() on ptolemy.moml.MoMLSimpleApplication@6ba575d1
----------------- Done invoking toplevel() on ptolemy.moml.MoMLSimpleApplication@6ba575d1
reloadAllAccessors: .Clock23

===========================================================================================
----------------- testing Sat Nov 10 02:40:31 UTC 2018 /home/travis/build/icyphy/ptII/ptolemy/actor/lib/test/auto/Clock24.xml
----------------- Instantiating /home/travis/build/icyphy/ptII/ptolemy/actor/lib/test/auto/Clock24.xml
5 ms. Memory: 718848K Free: 253458K (35%)
----------------- Invoking toplevel() on ptolemy.moml.MoMLSimpleApplication@488e1740
----------------- Done invoking toplevel() on ptolemy.moml.MoMLSimpleApplication@488e1740
reloadAllAccessors: .Clock24

===========================================================================================
----------------- testing Sat Nov 10 02:40:31 UTC 2018 /home/travis/build/icyphy/ptII/ptolemy/actor/lib/test/auto/Clock4.xml
----------------- Instantiating /home/travis/build/icyphy/ptII/ptolemy/actor/lib/test/auto/Clock4.xml
2 ms. Memory: 718848K Free: 245184K (34%)
----------------- Invoking toplevel() on ptolemy.moml.MoMLSimpleApplication@609303b6
----------------- Done invoking toplevel() on ptolemy.moml.MoMLSimpleApplication@609303b6
reloadAllAccessors: .Clock4

===========================================================================================
----------------- testing Sat Nov 10 02:40:31 UTC 2018 /home/travis/build/icyphy/ptII/ptolemy/actor/lib/test/auto/Clock5.xml
----------------- Instantiating /home/travis/build/icyphy/ptII/ptolemy/actor/lib/test/auto/Clock5.xml
2 ms. Memory: 718848K Free: 236910K (33%)
----------------- Invoking toplevel() on ptolemy.moml.MoMLSimpleApplication@c4a18db
----------------- Done invoking toplevel() on ptolemy.moml.MoMLSimpleApplication@c4a18db
reloadAllAccessors: .Clock5

===========================================================================================
----------------- testing Sat Nov 10 02:40:31 UTC 2018 /home/travis/build/icyphy/ptII/ptolemy/actor/lib/test/auto/Clock6.xml
----------------- Instantiating /home/travis/build/icyphy/ptII/ptolemy/actor/lib/test/auto/Clock6.xml
2 ms. Memory: 718848K Free: 220622K (31%)
----------------- Invoking toplevel() on ptolemy.moml.MoMLSimpleApplication@1c7195aa
----------------- Done invoking toplevel() on ptolemy.moml.MoMLSimpleApplication@1c7195aa
reloadAllAccessors: .Clock6

===========================================================================================
----------------- testing Sat Nov 10 02:40:31 UTC 2018 /home/travis/build/icyphy/ptII/ptolemy/actor/lib/test/auto/Clock7.xml
----------------- Instantiating /home/travis/build/icyphy/ptII/ptolemy/actor/lib/test/auto/Clock7.xml
3 ms. Memory: 718848K Free: 212348K (30%)
----------------- Invoking toplevel() on ptolemy.moml.MoMLSimpleApplication@2a6ad164
----------------- Done invoking toplevel() on ptolemy.moml.MoMLSimpleApplication@2a6ad164
reloadAllAccessors: .Clock7

===========================================================================================
----------------- testing Sat Nov 10 02:40:31 UTC 2018 /home/travis/build/icyphy/ptII/ptolemy/actor/lib/test/auto/Clock8.xml
----------------- Instantiating /home/travis/build/icyphy/ptII/ptolemy/actor/lib/test/auto/Clock8.xml
2 ms. Memory: 718848K Free: 204074K (28%)
----------------- Invoking toplevel() on ptolemy.moml.MoMLSimpleApplication@185f250c
----------------- Done invoking toplevel() on ptolemy.moml.MoMLSimpleApplication@185f250c
reloadAllAccessors: .Clock8

===========================================================================================
----------------- testing Sat Nov 10 02:40:31 UTC 2018 /home/travis/build/icyphy/ptII/ptolemy/actor/lib/test/auto/Clock9.xml
----------------- Instantiating /home/travis/build/icyphy/ptII/ptolemy/actor/lib/test/auto/Clock9.xml
3 ms. Memory: 718848K Free: 195800K (27%)
----------------- Invoking toplevel() on ptolemy.moml.MoMLSimpleApplication@131ac9ec
----------------- Done invoking toplevel() on ptolemy.moml.MoMLSimpleApplication@131ac9ec
reloadAllAccessors: .Clock9

===========================================================================================
----------------- testing Sat Nov 10 02:40:31 UTC 2018 /home/travis/build/icyphy/ptII/ptolemy/actor/lib/test/auto/CommDistDiscard.xml
----------------- Instantiating /home/travis/build/icyphy/ptII/ptolemy/actor/lib/test/auto/CommDistDiscard.xml
2 ms. Memory: 718848K Free: 179512K (25%)
----------------- Invoking toplevel() on ptolemy.moml.MoMLSimpleApplication@49e97dde
----------------- Done invoking toplevel() on ptolemy.moml.MoMLSimpleApplication@49e97dde
reloadAllAccessors: .CommDistDiscard

===========================================================================================
----------------- testing Sat Nov 10 02:40:31 UTC 2018 /home/travis/build/icyphy/ptII/ptolemy/actor/lib/test/auto/Commutator.xml
----------------- Instantiating /home/travis/build/icyphy/ptII/ptolemy/actor/lib/test/auto/Commutator.xml
2 ms. Memory: 718848K Free: 171238K (24%)
----------------- Invoking toplevel() on ptolemy.moml.MoMLSimpleApplication@59cbb51f
----------------- Done invoking toplevel() on ptolemy.moml.MoMLSimpleApplication@59cbb51f
reloadAllAccessors: .Commutator

===========================================================================================
----------------- testing Sat Nov 10 02:40:31 UTC 2018 /home/travis/build/icyphy/ptII/ptolemy/actor/lib/test/auto/Commutator2.xml
----------------- Instantiating /home/travis/build/icyphy/ptII/ptolemy/actor/lib/test/auto/Commutator2.xml
2 ms. Memory: 718848K Free: 162964K (23%)
----------------- Invoking toplevel() on ptolemy.moml.MoMLSimpleApplication@6c9c8660
----------------- Done invoking toplevel() on ptolemy.moml.MoMLSimpleApplication@6c9c8660
reloadAllAccessors: .Commutator2

===========================================================================================
----------------- testing Sat Nov 10 02:40:31 UTC 2018 /home/travis/build/icyphy/ptII/ptolemy/actor/lib/test/auto/Commutator3.xml
----------------- Instantiating /home/travis/build/icyphy/ptII/ptolemy/actor/lib/test/auto/Commutator3.xml
2 ms. Memory: 718848K Free: 146677K (20%)
----------------- Invoking toplevel() on ptolemy.moml.MoMLSimpleApplication@22c9c26f
----------------- Done invoking toplevel() on ptolemy.moml.MoMLSimpleApplication@22c9c26f
reloadAllAccessors: .Commutator3

===========================================================================================
----------------- testing Sat Nov 10 02:40:31 UTC 2018 /home/travis/build/icyphy/ptII/ptolemy/actor/lib/test/auto/Compare.xml
----------------- Instantiating /home/travis/build/icyphy/ptII/ptolemy/actor/lib/test/auto/Compare.xml
3 ms. Memory: 718848K Free: 134250K (19%)
----------------- Invoking toplevel() on ptolemy.moml.MoMLSimpleApplication@22219504
----------------- Done invoking toplevel() on ptolemy.moml.MoMLSimpleApplication@22219504
reloadAllAccessors: .Compare

===========================================================================================
----------------- testing Sat Nov 10 02:40:31 UTC 2018 /home/travis/build/icyphy/ptII/ptolemy/actor/lib/test/auto/CompareDE.xml
----------------- Instantiating /home/travis/build/icyphy/ptII/ptolemy/actor/lib/test/auto/CompareDE.xml
4 ms. Memory: 718848K Free: 121823K (17%)
----------------- Invoking toplevel() on ptolemy.moml.MoMLSimpleApplication@6ef3da12
----------------- Done invoking toplevel() on ptolemy.moml.MoMLSimpleApplication@6ef3da12
reloadAllAccessors: .CompareDE

===========================================================================================
----------------- testing Sat Nov 10 02:40:31 UTC 2018 /home/travis/build/icyphy/ptII/ptolemy/actor/lib/test/auto/ComplexDivide.xml
----------------- Instantiating /home/travis/build/icyphy/ptII/ptolemy/actor/lib/test/auto/ComplexDivide.xml
2 ms. Memory: 718848K Free: 113549K (16%)
----------------- Invoking toplevel() on ptolemy.moml.MoMLSimpleApplication@1419a181
----------------- Done invoking toplevel() on ptolemy.moml.MoMLSimpleApplication@1419a181
reloadAllAccessors: .ComplexDivide

===========================================================================================
----------------- testing Sat Nov 10 02:40:31 UTC 2018 /home/travis/build/icyphy/ptII/ptolemy/actor/lib/test/auto/ComputeHistogram.xml
----------------- Instantiating /home/travis/build/icyphy/ptII/ptolemy/actor/lib/test/auto/ComputeHistogram.xml
32 ms. Memory: 718848K Free: 88963K (12%)
----------------- Invoking toplevel() on ptolemy.moml.MoMLSimpleApplication@620e1447
----------------- Done invoking toplevel() on ptolemy.moml.MoMLSimpleApplication@620e1447
reloadAllAccessors: .ComputeHistogram

===========================================================================================
----------------- testing Sat Nov 10 02:40:32 UTC 2018 /home/travis/build/icyphy/ptII/ptolemy/actor/lib/test/auto/ConfigurationSelect.xml
----------------- Instantiating /home/travis/build/icyphy/ptII/ptolemy/actor/lib/test/auto/ConfigurationSelect.xml
5 ms. Memory: 718848K Free: 80689K (11%)
----------------- Invoking toplevel() on ptolemy.moml.MoMLSimpleApplication@1cf172fc
----------------- Done invoking toplevel() on ptolemy.moml.MoMLSimpleApplication@1cf172fc
reloadAllAccessors: .ConfigurationSelect

===========================================================================================
----------------- testing Sat Nov 10 02:40:32 UTC 2018 /home/travis/build/icyphy/ptII/ptolemy/actor/lib/test/auto/ConfigurationSelect2.xml
----------------- Instantiating /home/travis/build/icyphy/ptII/ptolemy/actor/lib/test/auto/ConfigurationSelect2.xml
3 ms. Memory: 718848K Free: 72415K (10%)
----------------- Invoking toplevel() on ptolemy.moml.MoMLSimpleApplication@5ed8a634
----------------- Done invoking toplevel() on ptolemy.moml.MoMLSimpleApplication@5ed8a634
reloadAllAccessors: .ConfigurationSelect2

===========================================================================================
----------------- testing Sat Nov 10 02:40:32 UTC 2018 /home/travis/build/icyphy/ptII/ptolemy/actor/lib/test/auto/ConfigurationSwitch.xml
----------------- Instantiating /home/travis/build/icyphy/ptII/ptolemy/actor/lib/test/auto/ConfigurationSwitch.xml
2 ms. Memory: 718848K Free: 58772K (8%)
----------------- Invoking toplevel() on ptolemy.moml.MoMLSimpleApplication@5bf78b09
----------------- Done invoking toplevel() on ptolemy.moml.MoMLSimpleApplication@5bf78b09
reloadAllAccessors: .ConfigurationSwitch

===========================================================================================
----------------- testing Sat Nov 10 02:40:32 UTC 2018 /home/travis/build/icyphy/ptII/ptolemy/actor/lib/test/auto/ConfigurationSwitch2.xml
----------------- Instantiating /home/travis/build/icyphy/ptII/ptolemy/actor/lib/test/auto/ConfigurationSwitch2.xml
4 ms. Memory: 719360K Free: 671208K (93%)
----------------- Invoking toplevel() on ptolemy.moml.MoMLSimpleApplication@3ecb57d1
----------------- Done invoking toplevel() on ptolemy.moml.MoMLSimpleApplication@3ecb57d1
reloadAllAccessors: .ConfigurationSwitch2

===========================================================================================
----------------- testing Sat Nov 10 02:40:32 UTC 2018 /home/travis/build/icyphy/ptII/ptolemy/actor/lib/test/auto/ConfigurationSwitchCloningBugWithClassRelationGroup.xml
----------------- Instantiating /home/travis/build/icyphy/ptII/ptolemy/actor/lib/test/auto/ConfigurationSwitchCloningBugWithClassRelationGroup.xml
1 ms. Memory: 719360K Free: 652791K (91%)
----------------- Invoking toplevel() on ptolemy.moml.MoMLSimpleApplication@783c0331
----------------- Done invoking toplevel() on ptolemy.moml.MoMLSimpleApplication@783c0331
reloadAllAccessors: .ConfigurationSwitchCloningBugWithClassRelationGroup

===========================================================================================
----------------- testing Sat Nov 10 02:40:32 UTC 2018 /home/travis/build/icyphy/ptII/ptolemy/actor/lib/test/auto/ConfigurationSwitchSelectSDF.xml
----------------- Instantiating /home/travis/build/icyphy/ptII/ptolemy/actor/lib/test/auto/ConfigurationSwitchSelectSDF.xml
2 ms. Memory: 719360K Free: 644517K (90%)
----------------- Invoking toplevel() on ptolemy.moml.MoMLSimpleApplication@4b52beb9
----------------- Done invoking toplevel() on ptolemy.moml.MoMLSimpleApplication@4b52beb9
reloadAllAccessors: .ConfigurationSwitchSelectSDF

===========================================================================================
----------------- testing Sat Nov 10 02:40:32 UTC 2018 /home/travis/build/icyphy/ptII/ptolemy/actor/lib/test/auto/ConfigurationSwitchSelectSDF2.xml
----------------- Instantiating /home/travis/build/icyphy/ptII/ptolemy/actor/lib/test/auto/ConfigurationSwitchSelectSDF2.xml
2 ms. Memory: 719360K Free: 630246K (88%)
----------------- Invoking toplevel() on ptolemy.moml.MoMLSimpleApplication@2ece56fb
----------------- Done invoking toplevel() on ptolemy.moml.MoMLSimpleApplication@2ece56fb
reloadAllAccessors: .ConfigurationSwitchSelectSDF2

===========================================================================================
----------------- testing Sat Nov 10 02:40:32 UTC 2018 /home/travis/build/icyphy/ptII/ptolemy/actor/lib/test/auto/Const.xml
----------------- Instantiating /home/travis/build/icyphy/ptII/ptolemy/actor/lib/test/auto/Const.xml
1 ms. Memory: 719360K Free: 621972K (86%)
----------------- Invoking toplevel() on ptolemy.moml.MoMLSimpleApplication@63a2e389
----------------- Done invoking toplevel() on ptolemy.moml.MoMLSimpleApplication@63a2e389
reloadAllAccessors: .Const

===========================================================================================
----------------- testing Sat Nov 10 02:40:32 UTC 2018 /home/travis/build/icyphy/ptII/ptolemy/actor/lib/test/auto/Const2.xml
----------------- Instantiating /home/travis/build/icyphy/ptII/ptolemy/actor/lib/test/auto/Const2.xml
1 ms. Memory: 719360K Free: 613698K (85%)
----------------- Invoking toplevel() on ptolemy.moml.MoMLSimpleApplication@57615c28
----------------- Done invoking toplevel() on ptolemy.moml.MoMLSimpleApplication@57615c28
reloadAllAccessors: .Const2

===========================================================================================
----------------- testing Sat Nov 10 02:40:32 UTC 2018 /home/travis/build/icyphy/ptII/ptolemy/actor/lib/test/auto/Const3.xml
----------------- Instantiating /home/travis/build/icyphy/ptII/ptolemy/actor/lib/test/auto/Const3.xml
0 ms. Memory: 719360K Free: 599426K (83%)
----------------- Invoking toplevel() on ptolemy.moml.MoMLSimpleApplication@71c8748d
----------------- Done invoking toplevel() on ptolemy.moml.MoMLSimpleApplication@71c8748d
reloadAllAccessors: .Const3

===========================================================================================
----------------- testing Sat Nov 10 02:40:32 UTC 2018 /home/travis/build/icyphy/ptII/ptolemy/actor/lib/test/auto/ConstantPublisherPort1.xml
----------------- Instantiating /home/travis/build/icyphy/ptII/ptolemy/actor/lib/test/auto/ConstantPublisherPort1.xml
9 ms. Memory: 719360K Free: 586999K (82%)
----------------- Invoking toplevel() on ptolemy.moml.MoMLSimpleApplication@1664e07e
----------------- Done invoking toplevel() on ptolemy.moml.MoMLSimpleApplication@1664e07e
reloadAllAccessors: .ConstantPublisherPort1

===========================================================================================
----------------- testing Sat Nov 10 02:40:32 UTC 2018 /home/travis/build/icyphy/ptII/ptolemy/actor/lib/test/auto/ConstantPublisherPort2.xml
----------------- Instantiating /home/travis/build/icyphy/ptII/ptolemy/actor/lib/test/auto/ConstantPublisherPort2.xml
9 ms. Memory: 719360K Free: 568491K (79%)
----------------- Invoking toplevel() on ptolemy.moml.MoMLSimpleApplication@51453395
----------------- Done invoking toplevel() on ptolemy.moml.MoMLSimpleApplication@51453395
reloadAllAccessors: .ConstantPublisherPort2

===========================================================================================
----------------- testing Sat Nov 10 02:40:32 UTC 2018 /home/travis/build/icyphy/ptII/ptolemy/actor/lib/test/auto/ConstantPublisherPort3.xml
----------------- Instantiating /home/travis/build/icyphy/ptII/ptolemy/actor/lib/test/auto/ConstantPublisherPort3.xml
5 ms. Memory: 719360K Free: 556064K (77%)
----------------- Invoking toplevel() on ptolemy.moml.MoMLSimpleApplication@47b86ccd
----------------- Done invoking toplevel() on ptolemy.moml.MoMLSimpleApplication@47b86ccd
reloadAllAccessors: .ConstantPublisherPort3

===========================================================================================
----------------- testing Sat Nov 10 02:40:32 UTC 2018 /home/travis/build/icyphy/ptII/ptolemy/actor/lib/test/auto/ConstantPublisherPort4.xml
----------------- Instantiating /home/travis/build/icyphy/ptII/ptolemy/actor/lib/test/auto/ConstantPublisherPort4.xml
3 ms. Memory: 719360K Free: 543645K (76%)
----------------- Invoking toplevel() on ptolemy.moml.MoMLSimpleApplication@378ae80
----------------- Done invoking toplevel() on ptolemy.moml.MoMLSimpleApplication@378ae80
reloadAllAccessors: .ConstantPublisherPort4

===========================================================================================
----------------- testing Sat Nov 10 02:40:32 UTC 2018 /home/travis/build/icyphy/ptII/ptolemy/actor/lib/test/auto/ConstantPublisherPort5.xml
----------------- Instantiating /home/travis/build/icyphy/ptII/ptolemy/actor/lib/test/auto/ConstantPublisherPort5.xml
19 ms. Memory: 719360K Free: 516946K (72%)
----------------- Invoking toplevel() on ptolemy.moml.MoMLSimpleApplication@6bfbe5af
----------------- Done invoking toplevel() on ptolemy.moml.MoMLSimpleApplication@6bfbe5af
reloadAllAccessors: .ConstantPublisherPort5

===========================================================================================
----------------- testing Sat Nov 10 02:40:32 UTC 2018 /home/travis/build/icyphy/ptII/ptolemy/actor/lib/test/auto/ConstantPublisherPort6.xml
----------------- Instantiating /home/travis/build/icyphy/ptII/ptolemy/actor/lib/test/auto/ConstantPublisherPort6.xml
12 ms. Memory: 719360K Free: 492124K (68%)
----------------- Invoking toplevel() on ptolemy.moml.MoMLSimpleApplication@1ccd61f6
----------------- Done invoking toplevel() on ptolemy.moml.MoMLSimpleApplication@1ccd61f6
reloadAllAccessors: .ConstantPublisherPort6

===========================================================================================
----------------- testing Sat Nov 10 02:40:32 UTC 2018 /home/travis/build/icyphy/ptII/ptolemy/actor/lib/test/auto/ConstantPublisherPort7.xml
----------------- Instantiating /home/travis/build/icyphy/ptII/ptolemy/actor/lib/test/auto/ConstantPublisherPort7.xml
18 ms. Memory: 719360K Free: 467302K (65%)
----------------- Invoking toplevel() on ptolemy.moml.MoMLSimpleApplication@7cf6eefc
----------------- Done invoking toplevel() on ptolemy.moml.MoMLSimpleApplication@7cf6eefc
reloadAllAccessors: .ConstantPublisherPort7

===========================================================================================
----------------- testing Sat Nov 10 02:40:32 UTC 2018 /home/travis/build/icyphy/ptII/ptolemy/actor/lib/test/auto/ConstraintMonitor1.xml
----------------- Instantiating /home/travis/build/icyphy/ptII/ptolemy/actor/lib/test/auto/ConstraintMonitor1.xml
2 ms. Memory: 719360K Free: 453030K (63%)
----------------- Invoking toplevel() on ptolemy.moml.MoMLSimpleApplication@5a8acf19
----------------- Done invoking toplevel() on ptolemy.moml.MoMLSimpleApplication@5a8acf19
reloadAllAccessors: .ConstraintMonitor1

===========================================================================================
----------------- testing Sat Nov 10 02:40:32 UTC 2018 /home/travis/build/icyphy/ptII/ptolemy/actor/lib/test/auto/ConstraintMonitor2.xml
----------------- Instantiating /home/travis/build/icyphy/ptII/ptolemy/actor/lib/test/auto/ConstraintMonitor2.xml
6 ms. Memory: 719360K Free: 444756K (62%)
----------------- Invoking toplevel() on ptolemy.moml.MoMLSimpleApplication@1284d637
----------------- Done invoking toplevel() on ptolemy.moml.MoMLSimpleApplication@1284d637
reloadAllAccessors: .ConstraintMonitor2

===========================================================================================
----------------- testing Sat Nov 10 02:40:32 UTC 2018 /home/travis/build/icyphy/ptII/ptolemy/actor/lib/test/auto/ConstraintMonitor3.xml
----------------- Instantiating /home/travis/build/icyphy/ptII/ptolemy/actor/lib/test/auto/ConstraintMonitor3.xml
1 ms. Memory: 719360K Free: 430485K (60%)
----------------- Invoking toplevel() on ptolemy.moml.MoMLSimpleApplication@26dbed92
----------------- Done invoking toplevel() on ptolemy.moml.MoMLSimpleApplication@26dbed92
reloadAllAccessors: .ConstraintMonitor3

===========================================================================================
----------------- testing Sat Nov 10 02:40:32 UTC 2018 /home/travis/build/icyphy/ptII/ptolemy/actor/lib/test/auto/ConstraintMonitor4.xml
----------------- Instantiating /home/travis/build/icyphy/ptII/ptolemy/actor/lib/test/auto/ConstraintMonitor4.xml
2 ms. Memory: 719360K Free: 422211K (59%)
----------------- Invoking toplevel() on ptolemy.moml.MoMLSimpleApplication@7d713579
----------------- Done invoking toplevel() on ptolemy.moml.MoMLSimpleApplication@7d713579
reloadAllAccessors: .ConstraintMonitor4

===========================================================================================
----------------- testing Sat Nov 10 02:40:32 UTC 2018 /home/travis/build/icyphy/ptII/ptolemy/actor/lib/test/auto/ConstraintMonitor5.xml
----------------- Instantiating /home/travis/build/icyphy/ptII/ptolemy/actor/lib/test/auto/ConstraintMonitor5.xml
6 ms. Memory: 719360K Free: 413937K (58%)
----------------- Invoking toplevel() on ptolemy.moml.MoMLSimpleApplication@21d0207b
----------------- Done invoking toplevel() on ptolemy.moml.MoMLSimpleApplication@21d0207b
reloadAllAccessors: .ConstraintMonitor5

===========================================================================================
----------------- testing Sat Nov 10 02:40:32 UTC 2018 /home/travis/build/icyphy/ptII/ptolemy/actor/lib/test/auto/ConstraintMonitor6.xml
----------------- Instantiating /home/travis/build/icyphy/ptII/ptolemy/actor/lib/test/auto/ConstraintMonitor6.xml
3 ms. Memory: 719360K Free: 399665K (56%)
----------------- Invoking toplevel() on ptolemy.moml.MoMLSimpleApplication@308c12c4
----------------- Done invoking toplevel() on ptolemy.moml.MoMLSimpleApplication@308c12c4
reloadAllAccessors: .ConstraintMonitor6

===========================================================================================
----------------- testing Sat Nov 10 02:40:32 UTC 2018 /home/travis/build/icyphy/ptII/ptolemy/actor/lib/test/auto/ConstraintMonitor7.xml
----------------- Instantiating /home/travis/build/icyphy/ptII/ptolemy/actor/lib/test/auto/ConstraintMonitor7.xml
2 ms. Memory: 719360K Free: 383101K (53%)
----------------- Invoking toplevel() on ptolemy.moml.MoMLSimpleApplication@42b2ce98
----------------- Done invoking toplevel() on ptolemy.moml.MoMLSimpleApplication@42b2ce98
reloadAllAccessors: .ConstraintMonitor7

===========================================================================================
----------------- testing Sat Nov 10 02:40:32 UTC 2018 /home/travis/build/icyphy/ptII/ptolemy/actor/lib/test/auto/ConstraintMonitor8.xml
----------------- Instantiating /home/travis/build/icyphy/ptII/ptolemy/actor/lib/test/auto/ConstraintMonitor8.xml
8 ms. Memory: 719360K Free: 364677K (51%)
----------------- Invoking toplevel() on ptolemy.moml.MoMLSimpleApplication@342eefe
----------------- Done invoking toplevel() on ptolemy.moml.MoMLSimpleApplication@342eefe
reloadAllAccessors: .ConstraintMonitor8

===========================================================================================
----------------- testing Sat Nov 10 02:40:32 UTC 2018 /home/travis/build/icyphy/ptII/ptolemy/actor/lib/test/auto/Counter.xml
----------------- Instantiating /home/travis/build/icyphy/ptII/ptolemy/actor/lib/test/auto/Counter.xml
4 ms. Memory: 719360K Free: 356403K (50%)
----------------- Invoking toplevel() on ptolemy.moml.MoMLSimpleApplication@44c7581a
----------------- Done invoking toplevel() on ptolemy.moml.MoMLSimpleApplication@44c7581a
reloadAllAccessors: .Counter

===========================================================================================
----------------- testing Sat Nov 10 02:40:32 UTC 2018 /home/travis/build/icyphy/ptII/ptolemy/actor/lib/test/auto/CurrentTimeSDF.xml
----------------- Instantiating /home/travis/build/icyphy/ptII/ptolemy/actor/lib/test/auto/CurrentTimeSDF.xml
1 ms. Memory: 719360K Free: 348129K (48%)
----------------- Invoking toplevel() on ptolemy.moml.MoMLSimpleApplication@203cd95e
----------------- Done invoking toplevel() on ptolemy.moml.MoMLSimpleApplication@203cd95e
reloadAllAccessors: .CurrentTimeSDF

===========================================================================================
----------------- testing Sat Nov 10 02:40:32 UTC 2018 /home/travis/build/icyphy/ptII/ptolemy/actor/lib/test/auto/DB.xml
----------------- Instantiating /home/travis/build/icyphy/ptII/ptolemy/actor/lib/test/auto/DB.xml
2 ms. Memory: 719360K Free: 333857K (46%)
----------------- Invoking toplevel() on ptolemy.moml.MoMLSimpleApplication@3861c4e0
----------------- Done invoking toplevel() on ptolemy.moml.MoMLSimpleApplication@3861c4e0
reloadAllAccessors: .DB

===========================================================================================
----------------- testing Sat Nov 10 02:40:32 UTC 2018 /home/travis/build/icyphy/ptII/ptolemy/actor/lib/test/auto/DBDE.xml
----------------- Instantiating /home/travis/build/icyphy/ptII/ptolemy/actor/lib/test/auto/DBDE.xml
3 ms. Memory: 719360K Free: 325583K (45%)
----------------- Invoking toplevel() on ptolemy.moml.MoMLSimpleApplication@60344e9d
----------------- Done invoking toplevel() on ptolemy.moml.MoMLSimpleApplication@60344e9d
reloadAllAccessors: .DBDE

===========================================================================================
----------------- testing Sat Nov 10 02:40:32 UTC 2018 /home/travis/build/icyphy/ptII/ptolemy/actor/lib/test/auto/DateConstructor.xml
----------------- Instantiating /home/travis/build/icyphy/ptII/ptolemy/actor/lib/test/auto/DateConstructor.xml
16 ms. Memory: 719360K Free: 304858K (42%)
----------------- Invoking toplevel() on ptolemy.moml.MoMLSimpleApplication@597d4706
----------------- Done invoking toplevel() on ptolemy.moml.MoMLSimpleApplication@597d4706
reloadAllAccessors: .DateConstructor

===========================================================================================
----------------- testing Sat Nov 10 02:40:32 UTC 2018 /home/travis/build/icyphy/ptII/ptolemy/actor/lib/test/auto/DelayTime.xml
----------------- Instantiating /home/travis/build/icyphy/ptII/ptolemy/actor/lib/test/auto/DelayTime.xml
3 ms. Memory: 719360K Free: 290587K (40%)
----------------- Invoking toplevel() on ptolemy.moml.MoMLSimpleApplication@79020a43
----------------- Done invoking toplevel() on ptolemy.moml.MoMLSimpleApplication@79020a43
reloadAllAccessors: .DelayTime

===========================================================================================
----------------- testing Sat Nov 10 02:40:32 UTC 2018 /home/travis/build/icyphy/ptII/ptolemy/actor/lib/test/auto/Dictionary1.xml
----------------- Instantiating /home/travis/build/icyphy/ptII/ptolemy/actor/lib/test/auto/Dictionary1.xml
1 ms. Memory: 719360K Free: 282313K (39%)
----------------- Invoking toplevel() on ptolemy.moml.MoMLSimpleApplication@1492274d
----------------- Done invoking toplevel() on ptolemy.moml.MoMLSimpleApplication@1492274d
reloadAllAccessors: .Dictionary1

===========================================================================================
----------------- testing Sat Nov 10 02:40:32 UTC 2018 /home/travis/build/icyphy/ptII/ptolemy/actor/lib/test/auto/Dictionary2.xml
----------------- Instantiating /home/travis/build/icyphy/ptII/ptolemy/actor/lib/test/auto/Dictionary2.xml
3 ms. Memory: 719360K Free: 268041K (37%)
----------------- Invoking toplevel() on ptolemy.moml.MoMLSimpleApplication@c5d3818
----------------- Done invoking toplevel() on ptolemy.moml.MoMLSimpleApplication@c5d3818
reloadAllAccessors: .Dictionary2

===========================================================================================
----------------- testing Sat Nov 10 02:40:32 UTC 2018 /home/travis/build/icyphy/ptII/ptolemy/actor/lib/test/auto/Dictionary3.xml
----------------- Instantiating /home/travis/build/icyphy/ptII/ptolemy/actor/lib/test/auto/Dictionary3.xml
2 ms. Memory: 719360K Free: 259767K (36%)
----------------- Invoking toplevel() on ptolemy.moml.MoMLSimpleApplication@7dd0b640
----------------- Done invoking toplevel() on ptolemy.moml.MoMLSimpleApplication@7dd0b640
reloadAllAccessors: .Dictionary3

===========================================================================================
----------------- testing Sat Nov 10 02:40:32 UTC 2018 /home/travis/build/icyphy/ptII/ptolemy/actor/lib/test/auto/Dictionary4.xml
----------------- Instantiating /home/travis/build/icyphy/ptII/ptolemy/actor/lib/test/auto/Dictionary4.xml
6 ms. Memory: 719360K Free: 247340K (34%)
----------------- Invoking toplevel() on ptolemy.moml.MoMLSimpleApplication@6a8c0c01
----------------- Done invoking toplevel() on ptolemy.moml.MoMLSimpleApplication@6a8c0c01
reloadAllAccessors: .Dictionary4

===========================================================================================
----------------- testing Sat Nov 10 02:40:32 UTC 2018 /home/travis/build/icyphy/ptII/ptolemy/actor/lib/test/auto/Differential.xml
----------------- Instantiating /home/travis/build/icyphy/ptII/ptolemy/actor/lib/test/auto/Differential.xml
4 ms. Memory: 719360K Free: 233069K (32%)
----------------- Invoking toplevel() on ptolemy.moml.MoMLSimpleApplication@526e0e2b
----------------- Done invoking toplevel() on ptolemy.moml.MoMLSimpleApplication@526e0e2b
reloadAllAccessors: .Differential

===========================================================================================
----------------- testing Sat Nov 10 02:40:32 UTC 2018 /home/travis/build/icyphy/ptII/ptolemy/actor/lib/test/auto/Director.xml
----------------- Instantiating /home/travis/build/icyphy/ptII/ptolemy/actor/lib/test/auto/Director.xml
1 ms. Memory: 719360K Free: 224795K (31%)
----------------- Invoking toplevel() on ptolemy.moml.MoMLSimpleApplication@4afeb8b6
----------------- Done invoking toplevel() on ptolemy.moml.MoMLSimpleApplication@4afeb8b6
reloadAllAccessors: .Director

===========================================================================================
----------------- testing Sat Nov 10 02:40:32 UTC 2018 /home/travis/build/icyphy/ptII/ptolemy/actor/lib/test/auto/DiscreteClock.xml
----------------- Instantiating /home/travis/build/icyphy/ptII/ptolemy/actor/lib/test/auto/DiscreteClock.xml
2 ms. Memory: 719360K Free: 210523K (29%)
----------------- Invoking toplevel() on ptolemy.moml.MoMLSimpleApplication@1f722739
----------------- Done invoking toplevel() on ptolemy.moml.MoMLSimpleApplication@1f722739
reloadAllAccessors: .DiscreteClock

===========================================================================================
----------------- testing Sat Nov 10 02:40:33 UTC 2018 /home/travis/build/icyphy/ptII/ptolemy/actor/lib/test/auto/DiscreteClock10.xml
----------------- Instantiating /home/travis/build/icyphy/ptII/ptolemy/actor/lib/test/auto/DiscreteClock10.xml
2 ms. Memory: 719360K Free: 202249K (28%)
----------------- Invoking toplevel() on ptolemy.moml.MoMLSimpleApplication@56de4446
----------------- Done invoking toplevel() on ptolemy.moml.MoMLSimpleApplication@56de4446
reloadAllAccessors: .DiscreteClock10

===========================================================================================
----------------- testing Sat Nov 10 02:40:33 UTC 2018 /home/travis/build/icyphy/ptII/ptolemy/actor/lib/test/auto/DiscreteClock11.xml
----------------- Instantiating /home/travis/build/icyphy/ptII/ptolemy/actor/lib/test/auto/DiscreteClock11.xml
2 ms. Memory: 719360K Free: 193975K (27%)
----------------- Invoking toplevel() on ptolemy.moml.MoMLSimpleApplication@5698ac7a
----------------- Done invoking toplevel() on ptolemy.moml.MoMLSimpleApplication@5698ac7a
reloadAllAccessors: .DiscreteClock11

===========================================================================================
----------------- testing Sat Nov 10 02:40:33 UTC 2018 /home/travis/build/icyphy/ptII/ptolemy/actor/lib/test/auto/DiscreteClock12.xml
----------------- Instantiating /home/travis/build/icyphy/ptII/ptolemy/actor/lib/test/auto/DiscreteClock12.xml
3 ms. Memory: 719360K Free: 179704K (25%)
----------------- Invoking toplevel() on ptolemy.moml.MoMLSimpleApplication@2c313b72
----------------- Done invoking toplevel() on ptolemy.moml.MoMLSimpleApplication@2c313b72
reloadAllAccessors: .DiscreteClock12

===========================================================================================
----------------- testing Sat Nov 10 02:40:33 UTC 2018 /home/travis/build/icyphy/ptII/ptolemy/actor/lib/test/auto/DiscreteClock13.xml
----------------- Instantiating /home/travis/build/icyphy/ptII/ptolemy/actor/lib/test/auto/DiscreteClock13.xml
9 ms. Memory: 719360K Free: 171430K (24%)
----------------- Invoking toplevel() on ptolemy.moml.MoMLSimpleApplication@c590e
----------------- Done invoking toplevel() on ptolemy.moml.MoMLSimpleApplication@c590e
reloadAllAccessors: .DiscreteClock13

===========================================================================================
----------------- testing Sat Nov 10 02:40:33 UTC 2018 /home/travis/build/icyphy/ptII/ptolemy/actor/lib/test/auto/DiscreteClock14.xml
----------------- Instantiating /home/travis/build/icyphy/ptII/ptolemy/actor/lib/test/auto/DiscreteClock14.xml
7 ms. Memory: 719360K Free: 163156K (23%)
----------------- Invoking toplevel() on ptolemy.moml.MoMLSimpleApplication@88683e5
----------------- Done invoking toplevel() on ptolemy.moml.MoMLSimpleApplication@88683e5
reloadAllAccessors: .DiscreteClock14

===========================================================================================
----------------- testing Sat Nov 10 02:40:33 UTC 2018 /home/travis/build/icyphy/ptII/ptolemy/actor/lib/test/auto/DiscreteClock15.xml
----------------- Instantiating /home/travis/build/icyphy/ptII/ptolemy/actor/lib/test/auto/DiscreteClock15.xml
7 ms. Memory: 719360K Free: 148884K (21%)
----------------- Invoking toplevel() on ptolemy.moml.MoMLSimpleApplication@73405e73
----------------- Done invoking toplevel() on ptolemy.moml.MoMLSimpleApplication@73405e73
reloadAllAccessors: .DiscreteClock15

===========================================================================================
----------------- testing Sat Nov 10 02:40:33 UTC 2018 /home/travis/build/icyphy/ptII/ptolemy/actor/lib/test/auto/DiscreteClock16.xml
----------------- Instantiating /home/travis/build/icyphy/ptII/ptolemy/actor/lib/test/auto/DiscreteClock16.xml
18 ms. Memory: 1111552K Free: 1049249K (94%)
----------------- Invoking toplevel() on ptolemy.moml.MoMLSimpleApplication@29e9d80d
----------------- Done invoking toplevel() on ptolemy.moml.MoMLSimpleApplication@29e9d80d
reloadAllAccessors: .DiscreteClock16

===========================================================================================
----------------- testing Sat Nov 10 02:40:33 UTC 2018 /home/travis/build/icyphy/ptII/ptolemy/actor/lib/test/auto/DiscreteClock17.xml
----------------- Instantiating /home/travis/build/icyphy/ptII/ptolemy/actor/lib/test/auto/DiscreteClock17.xml
11 ms. Memory: 1111552K Free: 1021936K (92%)
----------------- Invoking toplevel() on ptolemy.moml.MoMLSimpleApplication@20bbf825
----------------- Done invoking toplevel() on ptolemy.moml.MoMLSimpleApplication@20bbf825
reloadAllAccessors: .DiscreteClock17

===========================================================================================
----------------- testing Sat Nov 10 02:40:33 UTC 2018 /home/travis/build/icyphy/ptII/ptolemy/actor/lib/test/auto/DiscreteClock18.xml
----------------- Instantiating /home/travis/build/icyphy/ptII/ptolemy/actor/lib/test/auto/DiscreteClock18.xml
8 ms. Memory: 1111552K Free: 1002055K (90%)
----------------- Invoking toplevel() on ptolemy.moml.MoMLSimpleApplication@3d8b3f7a
----------------- Done invoking toplevel() on ptolemy.moml.MoMLSimpleApplication@3d8b3f7a
reloadAllAccessors: .DiscreteClock18

===========================================================================================
----------------- testing Sat Nov 10 02:40:33 UTC 2018 /home/travis/build/icyphy/ptII/ptolemy/actor/lib/test/auto/DiscreteClock19.xml
----------------- Instantiating /home/travis/build/icyphy/ptII/ptolemy/actor/lib/test/auto/DiscreteClock19.xml
16 ms. Memory: 1111552K Free: 982173K (88%)
----------------- Invoking toplevel() on ptolemy.moml.MoMLSimpleApplication@2f0375d0
----------------- Done invoking toplevel() on ptolemy.moml.MoMLSimpleApplication@2f0375d0
reloadAllAccessors: .DiscreteClock19

===========================================================================================
----------------- testing Sat Nov 10 02:40:33 UTC 2018 /home/travis/build/icyphy/ptII/ptolemy/actor/lib/test/auto/DiscreteClock2.xml
----------------- Instantiating /home/travis/build/icyphy/ptII/ptolemy/actor/lib/test/auto/DiscreteClock2.xml
2 ms. Memory: 1111552K Free: 961499K (87%)
----------------- Invoking toplevel() on ptolemy.moml.MoMLSimpleApplication@243c210
----------------- Done invoking toplevel() on ptolemy.moml.MoMLSimpleApplication@243c210
reloadAllAccessors: .DiscreteClock2

===========================================================================================
----------------- testing Sat Nov 10 02:40:33 UTC 2018 /home/travis/build/icyphy/ptII/ptolemy/actor/lib/test/auto/DiscreteClock20.xml
----------------- Instantiating /home/travis/build/icyphy/ptII/ptolemy/actor/lib/test/auto/DiscreteClock20.xml
3 ms. Memory: 1111552K Free: 948255K (85%)
----------------- Invoking toplevel() on ptolemy.moml.MoMLSimpleApplication@4a28973e
----------------- Done invoking toplevel() on ptolemy.moml.MoMLSimpleApplication@4a28973e
reloadAllAccessors: .DiscreteClock20

===========================================================================================
----------------- testing Sat Nov 10 02:40:33 UTC 2018 /home/travis/build/icyphy/ptII/ptolemy/actor/lib/test/auto/DiscreteClock21.xml
----------------- Instantiating /home/travis/build/icyphy/ptII/ptolemy/actor/lib/test/auto/DiscreteClock21.xml
7 ms. Memory: 1111552K Free: 935012K (84%)
----------------- Invoking toplevel() on ptolemy.moml.MoMLSimpleApplication@12bd37dd
----------------- Done invoking toplevel() on ptolemy.moml.MoMLSimpleApplication@12bd37dd
reloadAllAccessors: .DiscreteClock21

===========================================================================================
----------------- testing Sat Nov 10 02:40:33 UTC 2018 /home/travis/build/icyphy/ptII/ptolemy/actor/lib/test/auto/DiscreteClock22.xml
----------------- Instantiating /home/travis/build/icyphy/ptII/ptolemy/actor/lib/test/auto/DiscreteClock22.xml
7 ms. Memory: 1111552K Free: 914337K (82%)
----------------- Invoking toplevel() on ptolemy.moml.MoMLSimpleApplication@15b46f22
----------------- Done invoking toplevel() on ptolemy.moml.MoMLSimpleApplication@15b46f22
reloadAllAccessors: .DiscreteClock22

===========================================================================================
----------------- testing Sat Nov 10 02:40:33 UTC 2018 /home/travis/build/icyphy/ptII/ptolemy/actor/lib/test/auto/DiscreteClock23.xml
----------------- Instantiating /home/travis/build/icyphy/ptII/ptolemy/actor/lib/test/auto/DiscreteClock23.xml
7 ms. Memory: 1111552K Free: 901093K (81%)
----------------- Invoking toplevel() on ptolemy.moml.MoMLSimpleApplication@1a32acbd
----------------- Done invoking toplevel() on ptolemy.moml.MoMLSimpleApplication@1a32acbd
reloadAllAccessors: .DiscreteClock23

===========================================================================================
----------------- testing Sat Nov 10 02:40:33 UTC 2018 /home/travis/build/icyphy/ptII/ptolemy/actor/lib/test/auto/DiscreteClock24.xml
----------------- Instantiating /home/travis/build/icyphy/ptII/ptolemy/actor/lib/test/auto/DiscreteClock24.xml
2 ms. Memory: 1111552K Free: 887850K (80%)
----------------- Invoking toplevel() on ptolemy.moml.MoMLSimpleApplication@1348ca7d
----------------- Done invoking toplevel() on ptolemy.moml.MoMLSimpleApplication@1348ca7d
reloadAllAccessors: .DiscreteClock24

===========================================================================================
----------------- testing Sat Nov 10 02:40:33 UTC 2018 /home/travis/build/icyphy/ptII/ptolemy/actor/lib/test/auto/DiscreteClock4.xml
----------------- Instantiating /home/travis/build/icyphy/ptII/ptolemy/actor/lib/test/auto/DiscreteClock4.xml
1 ms. Memory: 1111552K Free: 867175K (78%)
----------------- Invoking toplevel() on ptolemy.moml.MoMLSimpleApplication@762002e8
----------------- Done invoking toplevel() on ptolemy.moml.MoMLSimpleApplication@762002e8
reloadAllAccessors: .DiscreteClock4

===========================================================================================
----------------- testing Sat Nov 10 02:40:33 UTC 2018 /home/travis/build/icyphy/ptII/ptolemy/actor/lib/test/auto/DiscreteClock5.xml
----------------- Instantiating /home/travis/build/icyphy/ptII/ptolemy/actor/lib/test/auto/DiscreteClock5.xml
2 ms. Memory: 1111552K Free: 853932K (77%)
----------------- Invoking toplevel() on ptolemy.moml.MoMLSimpleApplication@24ee4e83
----------------- Done invoking toplevel() on ptolemy.moml.MoMLSimpleApplication@24ee4e83
reloadAllAccessors: .DiscreteClock5

===========================================================================================
----------------- testing Sat Nov 10 02:40:33 UTC 2018 /home/travis/build/icyphy/ptII/ptolemy/actor/lib/test/auto/DiscreteClock6.xml
----------------- Instantiating /home/travis/build/icyphy/ptII/ptolemy/actor/lib/test/auto/DiscreteClock6.xml
1 ms. Memory: 1111552K Free: 840688K (76%)
----------------- Invoking toplevel() on ptolemy.moml.MoMLSimpleApplication@767e70bf
----------------- Done invoking toplevel() on ptolemy.moml.MoMLSimpleApplication@767e70bf
reloadAllAccessors: .DiscreteClock6

===========================================================================================
----------------- testing Sat Nov 10 02:40:33 UTC 2018 /home/travis/build/icyphy/ptII/ptolemy/actor/lib/test/auto/DiscreteClock7.xml
----------------- Instantiating /home/travis/build/icyphy/ptII/ptolemy/actor/lib/test/auto/DiscreteClock7.xml
1 ms. Memory: 1111552K Free: 820013K (74%)
----------------- Invoking toplevel() on ptolemy.moml.MoMLSimpleApplication@5b25885b
----------------- Done invoking toplevel() on ptolemy.moml.MoMLSimpleApplication@5b25885b
reloadAllAccessors: .DiscreteClock7

===========================================================================================
----------------- testing Sat Nov 10 02:40:34 UTC 2018 /home/travis/build/icyphy/ptII/ptolemy/actor/lib/test/auto/DiscreteClock8.xml
----------------- Instantiating /home/travis/build/icyphy/ptII/ptolemy/actor/lib/test/auto/DiscreteClock8.xml
6 ms. Memory: 1111552K Free: 806770K (73%)
----------------- Invoking toplevel() on ptolemy.moml.MoMLSimpleApplication@43564760
----------------- Done invoking toplevel() on ptolemy.moml.MoMLSimpleApplication@43564760
reloadAllAccessors: .DiscreteClock8

===========================================================================================
----------------- testing Sat Nov 10 02:40:34 UTC 2018 /home/travis/build/icyphy/ptII/ptolemy/actor/lib/test/auto/DiscreteClock9.xml
----------------- Instantiating /home/travis/build/icyphy/ptII/ptolemy/actor/lib/test/auto/DiscreteClock9.xml
6 ms. Memory: 1111552K Free: 793526K (71%)
----------------- Invoking toplevel() on ptolemy.moml.MoMLSimpleApplication@6459216c
----------------- Done invoking toplevel() on ptolemy.moml.MoMLSimpleApplication@6459216c
reloadAllAccessors: .DiscreteClock9

===========================================================================================
----------------- testing Sat Nov 10 02:40:34 UTC 2018 /home/travis/build/icyphy/ptII/ptolemy/actor/lib/test/auto/DisplayArray.xml
----------------- Instantiating /home/travis/build/icyphy/ptII/ptolemy/actor/lib/test/auto/DisplayArray.xml
1 ms. Memory: 1111552K Free: 772852K (70%)
----------------- Invoking toplevel() on ptolemy.moml.MoMLSimpleApplication@35dfbc74
----------------- Done invoking toplevel() on ptolemy.moml.MoMLSimpleApplication@35dfbc74
reloadAllAccessors: .DisplayArray

===========================================================================================
----------------- testing Sat Nov 10 02:40:34 UTC 2018 /home/travis/build/icyphy/ptII/ptolemy/actor/lib/test/auto/Distributor.xml
----------------- Instantiating /home/travis/build/icyphy/ptII/ptolemy/actor/lib/test/auto/Distributor.xml
1 ms. Memory: 1111552K Free: 759608K (68%)
----------------- Invoking toplevel() on ptolemy.moml.MoMLSimpleApplication@1d2a462
----------------- Done invoking toplevel() on ptolemy.moml.MoMLSimpleApplication@1d2a462
reloadAllAccessors: .Distributor

===========================================================================================
----------------- testing Sat Nov 10 02:40:34 UTC 2018 /home/travis/build/icyphy/ptII/ptolemy/actor/lib/test/auto/Distributor2.xml
----------------- Instantiating /home/travis/build/icyphy/ptII/ptolemy/actor/lib/test/auto/Distributor2.xml
2 ms. Memory: 1111552K Free: 746364K (67%)
----------------- Invoking toplevel() on ptolemy.moml.MoMLSimpleApplication@14bd122b
----------------- Done invoking toplevel() on ptolemy.moml.MoMLSimpleApplication@14bd122b
reloadAllAccessors: .Distributor2

===========================================================================================
----------------- testing Sat Nov 10 02:40:34 UTC 2018 /home/travis/build/icyphy/ptII/ptolemy/actor/lib/test/auto/DownSample.xml
----------------- Instantiating /home/travis/build/icyphy/ptII/ptolemy/actor/lib/test/auto/DownSample.xml
1 ms. Memory: 1111552K Free: 733120K (66%)
----------------- Invoking toplevel() on ptolemy.moml.MoMLSimpleApplication@612ed457
----------------- Done invoking toplevel() on ptolemy.moml.MoMLSimpleApplication@612ed457
reloadAllAccessors: .DownSample

===========================================================================================
----------------- testing Sat Nov 10 02:40:34 UTC 2018 /home/travis/build/icyphy/ptII/ptolemy/actor/lib/test/auto/ElectronicUnitBase1.xml
----------------- Instantiating /home/travis/build/icyphy/ptII/ptolemy/actor/lib/test/auto/ElectronicUnitBase1.xml
19 ms. Memory: 1111552K Free: 699186K (63%)
----------------- Invoking toplevel() on ptolemy.moml.MoMLSimpleApplication@24d7a91f
----------------- Done invoking toplevel() on ptolemy.moml.MoMLSimpleApplication@24d7a91f
reloadAllAccessors: .ElectronicUnitBase1

===========================================================================================
----------------- testing Sat Nov 10 02:40:34 UTC 2018 /home/travis/build/icyphy/ptII/ptolemy/actor/lib/test/auto/ElementsToArray.xml
----------------- Instantiating /home/travis/build/icyphy/ptII/ptolemy/actor/lib/test/auto/ElementsToArray.xml
2 ms. Memory: 1111552K Free: 685942K (62%)
----------------- Invoking toplevel() on ptolemy.moml.MoMLSimpleApplication@3d07fc68
----------------- Done invoking toplevel() on ptolemy.moml.MoMLSimpleApplication@3d07fc68
reloadAllAccessors: .ElementsToArray

===========================================================================================
----------------- testing Sat Nov 10 02:40:34 UTC 2018 /home/travis/build/icyphy/ptII/ptolemy/actor/lib/test/auto/Equals.xml
----------------- Instantiating /home/travis/build/icyphy/ptII/ptolemy/actor/lib/test/auto/Equals.xml
2 ms. Memory: 1111552K Free: 672698K (61%)
----------------- Invoking toplevel() on ptolemy.moml.MoMLSimpleApplication@9b517cf
----------------- Done invoking toplevel() on ptolemy.moml.MoMLSimpleApplication@9b517cf
reloadAllAccessors: .Equals

===========================================================================================
----------------- testing Sat Nov 10 02:40:34 UTC 2018 /home/travis/build/icyphy/ptII/ptolemy/actor/lib/test/auto/Exec.xml
----------------- Instantiating /home/travis/build/icyphy/ptII/ptolemy/actor/lib/test/auto/Exec.xml
12 ms. Memory: 1111552K Free: 628847K (57%)
----------------- Invoking toplevel() on ptolemy.moml.MoMLSimpleApplication@5f62e7cf
----------------- Done invoking toplevel() on ptolemy.moml.MoMLSimpleApplication@5f62e7cf
reloadAllAccessors: .Exec

===========================================================================================
----------------- testing Sat Nov 10 02:40:34 UTC 2018 /home/travis/build/icyphy/ptII/ptolemy/actor/lib/test/auto/ExecEnvironment.xml
----------------- Instantiating /home/travis/build/icyphy/ptII/ptolemy/actor/lib/test/auto/ExecEnvironment.xml
26 ms. Memory: 1111552K Free: 595737K (54%)
----------------- Invoking toplevel() on ptolemy.moml.MoMLSimpleApplication@19d4e4ff
----------------- Done invoking toplevel() on ptolemy.moml.MoMLSimpleApplication@19d4e4ff
reloadAllAccessors: .ExecEnvironment

===========================================================================================
----------------- testing Sat Nov 10 02:40:34 UTC 2018 /home/travis/build/icyphy/ptII/ptolemy/actor/lib/test/auto/ExecNonZeroReturnOutput.xml
----------------- Instantiating /home/travis/build/icyphy/ptII/ptolemy/actor/lib/test/auto/ExecNonZeroReturnOutput.xml
124 ms. Memory: 1111552K Free: 496409K (45%)
----------------- Invoking toplevel() on ptolemy.moml.MoMLSimpleApplication@1f40a27
----------------- Done invoking toplevel() on ptolemy.moml.MoMLSimpleApplication@1f40a27
reloadAllAccessors: .ExecNonZeroReturnOutput

===========================================================================================
----------------- testing Sat Nov 10 02:40:34 UTC 2018 /home/travis/build/icyphy/ptII/ptolemy/actor/lib/test/auto/ExecRunDemos.xml
----------------- Instantiating /home/travis/build/icyphy/ptII/ptolemy/actor/lib/test/auto/ExecRunDemos.xml
Finished: 53 ms. Memory: 116224K Free: 100103K (86%)

Finished: 35 ms. Memory: 116224K Free: 96348K (83%)

Finished: 42 ms. Memory: 116224K Free: 96933K (83%)

Finished: 44 ms. Memory: 116224K Free: 98219K (85%)

Finished: 53 ms. Memory: 116224K Free: 100059K (86%)

9501 ms. Memory: 1111552K Free: 396249K (36%)
----------------- Invoking toplevel() on ptolemy.moml.MoMLSimpleApplication@4686b823
----------------- Done invoking toplevel() on ptolemy.moml.MoMLSimpleApplication@4686b823
reloadAllAccessors: .ExecRunDemos

===========================================================================================
----------------- testing Sat Nov 10 02:40:43 UTC 2018 /home/travis/build/icyphy/ptII/ptolemy/actor/lib/test/auto/ExecStop.xml
----------------- Instantiating /home/travis/build/icyphy/ptII/ptolemy/actor/lib/test/auto/ExecStop.xml
5019 ms. Memory: 1111552K Free: 184349K (17%)
----------------- Invoking toplevel() on ptolemy.moml.MoMLSimpleApplication@7c534a35
----------------- Done invoking toplevel() on ptolemy.moml.MoMLSimpleApplication@7c534a35
reloadAllAccessors: .ExecStop

===========================================================================================
----------------- testing Sat Nov 10 02:40:49 UTC 2018 /home/travis/build/icyphy/ptII/ptolemy/actor/lib/test/auto/ExecutionTimeSDF.xml
----------------- Instantiating /home/travis/build/icyphy/ptII/ptolemy/actor/lib/test/auto/ExecutionTimeSDF.xml
Fired ExecutionTime: 1997200000
Fired ExecutionTime: 967600000
Fired ExecutionTime: -827767296
6007 ms. Memory: 1111552K Free: 164467K (15%)
----------------- Invoking toplevel() on ptolemy.moml.MoMLSimpleApplication@4bb261d8
----------------- Done invoking toplevel() on ptolemy.moml.MoMLSimpleApplication@4bb261d8
reloadAllAccessors: .ExecutionTimeSDF

===========================================================================================
----------------- testing Sat Nov 10 02:40:55 UTC 2018 /home/travis/build/icyphy/ptII/ptolemy/actor/lib/test/auto/Expression1.xml
----------------- Instantiating /home/travis/build/icyphy/ptII/ptolemy/actor/lib/test/auto/Expression1.xml
2 ms. Memory: 1111552K Free: 143793K (13%)
----------------- Invoking toplevel() on ptolemy.moml.MoMLSimpleApplication@6243c4fe
----------------- Done invoking toplevel() on ptolemy.moml.MoMLSimpleApplication@6243c4fe
reloadAllAccessors: .Expression1

===========================================================================================
----------------- testing Sat Nov 10 02:40:55 UTC 2018 /home/travis/build/icyphy/ptII/ptolemy/actor/lib/test/auto/Expression10.xml
----------------- Instantiating /home/travis/build/icyphy/ptII/ptolemy/actor/lib/test/auto/Expression10.xml
6 ms. Memory: 1111552K Free: 130549K (12%)
----------------- Invoking toplevel() on ptolemy.moml.MoMLSimpleApplication@4dbe6900
----------------- Done invoking toplevel() on ptolemy.moml.MoMLSimpleApplication@4dbe6900
reloadAllAccessors: .Expression10

===========================================================================================
----------------- testing Sat Nov 10 02:40:55 UTC 2018 /home/travis/build/icyphy/ptII/ptolemy/actor/lib/test/auto/Expression11.xml
----------------- Instantiating /home/travis/build/icyphy/ptII/ptolemy/actor/lib/test/auto/Expression11.xml
2 ms. Memory: 1111552K Free: 117306K (11%)
----------------- Invoking toplevel() on ptolemy.moml.MoMLSimpleApplication@569491e
----------------- Done invoking toplevel() on ptolemy.moml.MoMLSimpleApplication@569491e
reloadAllAccessors: .Expression11

===========================================================================================
----------------- testing Sat Nov 10 02:40:55 UTC 2018 /home/travis/build/icyphy/ptII/ptolemy/actor/lib/test/auto/Expression12.xml
----------------- Instantiating /home/travis/build/icyphy/ptII/ptolemy/actor/lib/test/auto/Expression12.xml
4 ms. Memory: 1111552K Free: 96631K (9%)
----------------- Invoking toplevel() on ptolemy.moml.MoMLSimpleApplication@6a0afd4
----------------- Done invoking toplevel() on ptolemy.moml.MoMLSimpleApplication@6a0afd4
reloadAllAccessors: .Expression12

===========================================================================================
----------------- testing Sat Nov 10 02:40:55 UTC 2018 /home/travis/build/icyphy/ptII/ptolemy/actor/lib/test/auto/Expression13.xml
----------------- Instantiating /home/travis/build/icyphy/ptII/ptolemy/actor/lib/test/auto/Expression13.xml
5 ms. Memory: 1111552K Free: 83388K (8%)
----------------- Invoking toplevel() on ptolemy.moml.MoMLSimpleApplication@415bbee7
----------------- Done invoking toplevel() on ptolemy.moml.MoMLSimpleApplication@415bbee7
reloadAllAccessors: .Expression13

===========================================================================================
----------------- testing Sat Nov 10 02:40:55 UTC 2018 /home/travis/build/icyphy/ptII/ptolemy/actor/lib/test/auto/Expression14.xml
----------------- Instantiating /home/travis/build/icyphy/ptII/ptolemy/actor/lib/test/auto/Expression14.xml
12 ms. Memory: 1111552K Free: 1068286K (96%)
----------------- Invoking toplevel() on ptolemy.moml.MoMLSimpleApplication@26ec4ab
----------------- Done invoking toplevel() on ptolemy.moml.MoMLSimpleApplication@26ec4ab
reloadAllAccessors: .Expression14

===========================================================================================
----------------- testing Sat Nov 10 02:40:55 UTC 2018 /home/travis/build/icyphy/ptII/ptolemy/actor/lib/test/auto/Expression15.xml
----------------- Instantiating /home/travis/build/icyphy/ptII/ptolemy/actor/lib/test/auto/Expression15.xml
2 ms. Memory: 1111552K Free: 1049692K (94%)
----------------- Invoking toplevel() on ptolemy.moml.MoMLSimpleApplication@10af1c71
----------------- Done invoking toplevel() on ptolemy.moml.MoMLSimpleApplication@10af1c71
reloadAllAccessors: .Expression15

===========================================================================================
----------------- testing Sat Nov 10 02:40:55 UTC 2018 /home/travis/build/icyphy/ptII/ptolemy/actor/lib/test/auto/Expression16.xml
----------------- Instantiating /home/travis/build/icyphy/ptII/ptolemy/actor/lib/test/auto/Expression16.xml
3 ms. Memory: 1111552K Free: 1039760K (94%)
----------------- Invoking toplevel() on ptolemy.moml.MoMLSimpleApplication@6784aa22
----------------- Done invoking toplevel() on ptolemy.moml.MoMLSimpleApplication@6784aa22
reloadAllAccessors: .Expression16

===========================================================================================
----------------- testing Sat Nov 10 02:40:55 UTC 2018 /home/travis/build/icyphy/ptII/ptolemy/actor/lib/test/auto/Expression17.xml
----------------- Instantiating /home/travis/build/icyphy/ptII/ptolemy/actor/lib/test/auto/Expression17.xml
3 ms. Memory: 1111552K Free: 1024477K (92%)
----------------- Invoking toplevel() on ptolemy.moml.MoMLSimpleApplication@7c7ead7e
----------------- Done invoking toplevel() on ptolemy.moml.MoMLSimpleApplication@7c7ead7e
reloadAllAccessors: .Expression17

===========================================================================================
----------------- testing Sat Nov 10 02:40:55 UTC 2018 /home/travis/build/icyphy/ptII/ptolemy/actor/lib/test/auto/Expression18.xml
----------------- Instantiating /home/travis/build/icyphy/ptII/ptolemy/actor/lib/test/auto/Expression18.xml
3 ms. Memory: 1111552K Free: 1014544K (91%)
----------------- Invoking toplevel() on ptolemy.moml.MoMLSimpleApplication@6884a25c
----------------- Done invoking toplevel() on ptolemy.moml.MoMLSimpleApplication@6884a25c
reloadAllAccessors: .Expression18

===========================================================================================
----------------- testing Sat Nov 10 02:40:55 UTC 2018 /home/travis/build/icyphy/ptII/ptolemy/actor/lib/test/auto/Expression2.xml
----------------- Instantiating /home/travis/build/icyphy/ptII/ptolemy/actor/lib/test/auto/Expression2.xml
3 ms. Memory: 1111552K Free: 999261K (90%)
----------------- Invoking toplevel() on ptolemy.moml.MoMLSimpleApplication@4f8d7f22
----------------- Done invoking toplevel() on ptolemy.moml.MoMLSimpleApplication@4f8d7f22
reloadAllAccessors: .Expression2

===========================================================================================
----------------- testing Sat Nov 10 02:40:55 UTC 2018 /home/travis/build/icyphy/ptII/ptolemy/actor/lib/test/auto/Expression3.xml
----------------- Instantiating /home/travis/build/icyphy/ptII/ptolemy/actor/lib/test/auto/Expression3.xml
4 ms. Memory: 1111552K Free: 989328K (89%)
----------------- Invoking toplevel() on ptolemy.moml.MoMLSimpleApplication@7458dd51
----------------- Done invoking toplevel() on ptolemy.moml.MoMLSimpleApplication@7458dd51
reloadAllAccessors: .Expression3

===========================================================================================
----------------- testing Sat Nov 10 02:40:55 UTC 2018 /home/travis/build/icyphy/ptII/ptolemy/actor/lib/test/auto/Expression4.xml
----------------- Instantiating /home/travis/build/icyphy/ptII/ptolemy/actor/lib/test/auto/Expression4.xml
3 ms. Memory: 1111552K Free: 974429K (88%)
----------------- Invoking toplevel() on ptolemy.moml.MoMLSimpleApplication@691d73a1
----------------- Done invoking toplevel() on ptolemy.moml.MoMLSimpleApplication@691d73a1
reloadAllAccessors: .Expression4

===========================================================================================
----------------- testing Sat Nov 10 02:40:55 UTC 2018 /home/travis/build/icyphy/ptII/ptolemy/actor/lib/test/auto/Expression5.xml
----------------- Instantiating /home/travis/build/icyphy/ptII/ptolemy/actor/lib/test/auto/Expression5.xml
5 ms. Memory: 1111552K Free: 959146K (86%)
----------------- Invoking toplevel() on ptolemy.moml.MoMLSimpleApplication@7a876305
----------------- Done invoking toplevel() on ptolemy.moml.MoMLSimpleApplication@7a876305
reloadAllAccessors: .Expression5

===========================================================================================
----------------- testing Sat Nov 10 02:40:55 UTC 2018 /home/travis/build/icyphy/ptII/ptolemy/actor/lib/test/auto/Expression6.xml
----------------- Instantiating /home/travis/build/icyphy/ptII/ptolemy/actor/lib/test/auto/Expression6.xml
2 ms. Memory: 1111552K Free: 949213K (85%)
----------------- Invoking toplevel() on ptolemy.moml.MoMLSimpleApplication@5b31cce7
----------------- Done invoking toplevel() on ptolemy.moml.MoMLSimpleApplication@5b31cce7
reloadAllAccessors: .Expression6

===========================================================================================
----------------- testing Sat Nov 10 02:40:55 UTC 2018 /home/travis/build/icyphy/ptII/ptolemy/actor/lib/test/auto/Expression7.xml
----------------- Instantiating /home/travis/build/icyphy/ptII/ptolemy/actor/lib/test/auto/Expression7.xml
2 ms. Memory: 1111552K Free: 933930K (84%)
----------------- Invoking toplevel() on ptolemy.moml.MoMLSimpleApplication@27609c97
----------------- Done invoking toplevel() on ptolemy.moml.MoMLSimpleApplication@27609c97
reloadAllAccessors: .Expression7

===========================================================================================
----------------- testing Sat Nov 10 02:40:55 UTC 2018 /home/travis/build/icyphy/ptII/ptolemy/actor/lib/test/auto/Expression8.xml
----------------- Instantiating /home/travis/build/icyphy/ptII/ptolemy/actor/lib/test/auto/Expression8.xml
8 ms. Memory: 1111552K Free: 923998K (83%)
----------------- Invoking toplevel() on ptolemy.moml.MoMLSimpleApplication@761c7a2c
----------------- Done invoking toplevel() on ptolemy.moml.MoMLSimpleApplication@761c7a2c
reloadAllAccessors: .Expression8

===========================================================================================
----------------- testing Sat Nov 10 02:40:55 UTC 2018 /home/travis/build/icyphy/ptII/ptolemy/actor/lib/test/auto/Expression9.xml
----------------- Instantiating /home/travis/build/icyphy/ptII/ptolemy/actor/lib/test/auto/Expression9.xml
2 ms. Memory: 1111552K Free: 908715K (82%)
----------------- Invoking toplevel() on ptolemy.moml.MoMLSimpleApplication@f0438db
----------------- Done invoking toplevel() on ptolemy.moml.MoMLSimpleApplication@f0438db
reloadAllAccessors: .Expression9

===========================================================================================
----------------- testing Sat Nov 10 02:40:55 UTC 2018 /home/travis/build/icyphy/ptII/ptolemy/actor/lib/test/auto/ExpressionConcatenateArrayType.xml
----------------- Instantiating /home/travis/build/icyphy/ptII/ptolemy/actor/lib/test/auto/ExpressionConcatenateArrayType.xml
2 ms. Memory: 1111552K Free: 893807K (80%)
----------------- Invoking toplevel() on ptolemy.moml.MoMLSimpleApplication@518b3f44
----------------- Done invoking toplevel() on ptolemy.moml.MoMLSimpleApplication@518b3f44
reloadAllAccessors: .ExpressionConcatenateArrayType

===========================================================================================
----------------- testing Sat Nov 10 02:40:55 UTC 2018 /home/travis/build/icyphy/ptII/ptolemy/actor/lib/test/auto/ExpressionConcatenateArrayType2.xml
----------------- Instantiating /home/travis/build/icyphy/ptII/ptolemy/actor/lib/test/auto/ExpressionConcatenateArrayType2.xml
2 ms. Memory: 1111552K Free: 883875K (80%)
----------------- Invoking toplevel() on ptolemy.moml.MoMLSimpleApplication@7e7217e
----------------- Done invoking toplevel() on ptolemy.moml.MoMLSimpleApplication@7e7217e
reloadAllAccessors: .ExpressionConcatenateArrayType2

===========================================================================================
----------------- testing Sat Nov 10 02:40:55 UTC 2018 /home/travis/build/icyphy/ptII/ptolemy/actor/lib/test/auto/ExpressionFix.xml
----------------- Instantiating /home/travis/build/icyphy/ptII/ptolemy/actor/lib/test/auto/ExpressionFix.xml
19 ms. Memory: 1111552K Free: 868535K (78%)
----------------- Invoking toplevel() on ptolemy.moml.MoMLSimpleApplication@3db86299
----------------- Done invoking toplevel() on ptolemy.moml.MoMLSimpleApplication@3db86299
reloadAllAccessors: .ExpressionFix

===========================================================================================
----------------- testing Sat Nov 10 02:40:55 UTC 2018 /home/travis/build/icyphy/ptII/ptolemy/actor/lib/test/auto/ExpressionFix2.xml
----------------- Instantiating /home/travis/build/icyphy/ptII/ptolemy/actor/lib/test/auto/ExpressionFix2.xml
5 ms. Memory: 1111552K Free: 858602K (77%)
----------------- Invoking toplevel() on ptolemy.moml.MoMLSimpleApplication@6187b3b3
----------------- Done invoking toplevel() on ptolemy.moml.MoMLSimpleApplication@6187b3b3
reloadAllAccessors: .ExpressionFix2

===========================================================================================
----------------- testing Sat Nov 10 02:40:55 UTC 2018 /home/travis/build/icyphy/ptII/ptolemy/actor/lib/test/auto/ExpressionFix3.xml
----------------- Instantiating /home/travis/build/icyphy/ptII/ptolemy/actor/lib/test/auto/ExpressionFix3.xml
3 ms. Memory: 1111552K Free: 843319K (76%)
----------------- Invoking toplevel() on ptolemy.moml.MoMLSimpleApplication@9a7eea0
----------------- Done invoking toplevel() on ptolemy.moml.MoMLSimpleApplication@9a7eea0
reloadAllAccessors: .ExpressionFix3

===========================================================================================
----------------- testing Sat Nov 10 02:40:55 UTC 2018 /home/travis/build/icyphy/ptII/ptolemy/actor/lib/test/auto/FileWriter1.xml
----------------- Instantiating /home/travis/build/icyphy/ptII/ptolemy/actor/lib/test/auto/FileWriter1.xml
2 ms. Memory: 1111552K Free: 833386K (75%)
----------------- Invoking toplevel() on ptolemy.moml.MoMLSimpleApplication@176d7309
----------------- Done invoking toplevel() on ptolemy.moml.MoMLSimpleApplication@176d7309
reloadAllAccessors: .FileWriter1

===========================================================================================
----------------- testing Sat Nov 10 02:40:55 UTC 2018 /home/travis/build/icyphy/ptII/ptolemy/actor/lib/test/auto/FileWriter2.xml
----------------- Instantiating /home/travis/build/icyphy/ptII/ptolemy/actor/lib/test/auto/FileWriter2.xml
2 ms. Memory: 1111552K Free: 818104K (74%)
----------------- Invoking toplevel() on ptolemy.moml.MoMLSimpleApplication@4f60c61b
----------------- Done invoking toplevel() on ptolemy.moml.MoMLSimpleApplication@4f60c61b
reloadAllAccessors: .FileWriter2

===========================================================================================
----------------- testing Sat Nov 10 02:40:55 UTC 2018 /home/travis/build/icyphy/ptII/ptolemy/actor/lib/test/auto/FileWriter3.xml
----------------- Instantiating /home/travis/build/icyphy/ptII/ptolemy/actor/lib/test/auto/FileWriter3.xml
1 ms. Memory: 1111552K Free: 808171K (73%)
----------------- Invoking toplevel() on ptolemy.moml.MoMLSimpleApplication@d44b959
----------------- Done invoking toplevel() on ptolemy.moml.MoMLSimpleApplication@d44b959
reloadAllAccessors: .FileWriter3

===========================================================================================
----------------- testing Sat Nov 10 02:40:55 UTC 2018 /home/travis/build/icyphy/ptII/ptolemy/actor/lib/test/auto/Gaussian.xml
----------------- Instantiating /home/travis/build/icyphy/ptII/ptolemy/actor/lib/test/auto/Gaussian.xml
2 ms. Memory: 1111552K Free: 798238K (72%)
----------------- Invoking toplevel() on ptolemy.moml.MoMLSimpleApplication@4f9bd530
----------------- Done invoking toplevel() on ptolemy.moml.MoMLSimpleApplication@4f9bd530
reloadAllAccessors: .Gaussian

===========================================================================================
----------------- testing Sat Nov 10 02:40:55 UTC 2018 /home/travis/build/icyphy/ptII/ptolemy/actor/lib/test/auto/Gaussian1.xml
----------------- Instantiating /home/travis/build/icyphy/ptII/ptolemy/actor/lib/test/auto/Gaussian1.xml
2 ms. Memory: 1111552K Free: 782955K (70%)
----------------- Invoking toplevel() on ptolemy.moml.MoMLSimpleApplication@6265371c
----------------- Done invoking toplevel() on ptolemy.moml.MoMLSimpleApplication@6265371c
reloadAllAccessors: .Gaussian1

===========================================================================================
----------------- testing Sat Nov 10 02:40:55 UTC 2018 /home/travis/build/icyphy/ptII/ptolemy/actor/lib/test/auto/Gaussian2.xml
----------------- Instantiating /home/travis/build/icyphy/ptII/ptolemy/actor/lib/test/auto/Gaussian2.xml
1 ms. Memory: 1111552K Free: 773022K (70%)
----------------- Invoking toplevel() on ptolemy.moml.MoMLSimpleApplication@625580d8
----------------- Done invoking toplevel() on ptolemy.moml.MoMLSimpleApplication@625580d8
reloadAllAccessors: .Gaussian2

===========================================================================================
----------------- testing Sat Nov 10 02:40:55 UTC 2018 /home/travis/build/icyphy/ptII/ptolemy/actor/lib/test/auto/GradientAdaptiveLattice.xml
----------------- Instantiating /home/travis/build/icyphy/ptII/ptolemy/actor/lib/test/auto/GradientAdaptiveLattice.xml
8 ms. Memory: 1111552K Free: 757740K (68%)
----------------- Invoking toplevel() on ptolemy.moml.MoMLSimpleApplication@19a5571e
----------------- Done invoking toplevel() on ptolemy.moml.MoMLSimpleApplication@19a5571e
reloadAllAccessors: .GradientAdaptiveLattice

===========================================================================================
----------------- testing Sat Nov 10 02:40:55 UTC 2018 /home/travis/build/icyphy/ptII/ptolemy/actor/lib/test/auto/IIR.xml
----------------- Instantiating /home/travis/build/icyphy/ptII/ptolemy/actor/lib/test/auto/IIR.xml
2 ms. Memory: 1111552K Free: 747807K (67%)
----------------- Invoking toplevel() on ptolemy.moml.MoMLSimpleApplication@1e10c9b4
----------------- Done invoking toplevel() on ptolemy.moml.MoMLSimpleApplication@1e10c9b4
reloadAllAccessors: .IIR

===========================================================================================
----------------- testing Sat Nov 10 02:40:55 UTC 2018 /home/travis/build/icyphy/ptII/ptolemy/actor/lib/test/auto/InputOutputTransparentPorts.xml
----------------- Instantiating /home/travis/build/icyphy/ptII/ptolemy/actor/lib/test/auto/InputOutputTransparentPorts.xml
1 ms. Memory: 1111552K Free: 727541K (65%)
----------------- Invoking toplevel() on ptolemy.moml.MoMLSimpleApplication@13f5e71
----------------- Done invoking toplevel() on ptolemy.moml.MoMLSimpleApplication@13f5e71
reloadAllAccessors: .InputOutputTransparentPorts

===========================================================================================
----------------- testing Sat Nov 10 02:40:55 UTC 2018 /home/travis/build/icyphy/ptII/ptolemy/actor/lib/test/auto/Interpolator.xml
----------------- Instantiating /home/travis/build/icyphy/ptII/ptolemy/actor/lib/test/auto/Interpolator.xml
3 ms. Memory: 1111552K Free: 717609K (65%)
----------------- Invoking toplevel() on ptolemy.moml.MoMLSimpleApplication@62d24a7
----------------- Done invoking toplevel() on ptolemy.moml.MoMLSimpleApplication@62d24a7
reloadAllAccessors: .Interpolator

===========================================================================================
----------------- testing Sat Nov 10 02:40:55 UTC 2018 /home/travis/build/icyphy/ptII/ptolemy/actor/lib/test/auto/InterpolatorFiringLimitDE.xml
----------------- Instantiating /home/travis/build/icyphy/ptII/ptolemy/actor/lib/test/auto/InterpolatorFiringLimitDE.xml
1 ms. Memory: 1111552K Free: 707676K (64%)
----------------- Invoking toplevel() on ptolemy.moml.MoMLSimpleApplication@783ff2b0
----------------- Done invoking toplevel() on ptolemy.moml.MoMLSimpleApplication@783ff2b0
reloadAllAccessors: .InterpolatorFiringLimitDE

===========================================================================================
----------------- testing Sat Nov 10 02:40:55 UTC 2018 /home/travis/build/icyphy/ptII/ptolemy/actor/lib/test/auto/Lattice.xml
----------------- Instantiating /home/travis/build/icyphy/ptII/ptolemy/actor/lib/test/auto/Lattice.xml
1 ms. Memory: 1111552K Free: 692393K (62%)
----------------- Invoking toplevel() on ptolemy.moml.MoMLSimpleApplication@37154efa
----------------- Done invoking toplevel() on ptolemy.moml.MoMLSimpleApplication@37154efa
reloadAllAccessors: .Lattice

===========================================================================================
----------------- testing Sat Nov 10 02:40:55 UTC 2018 /home/travis/build/icyphy/ptII/ptolemy/actor/lib/test/auto/LazyAOCTestLazy.xml
----------------- Instantiating /home/travis/build/icyphy/ptII/ptolemy/actor/lib/test/auto/LazyAOCTestLazy.xml
15 ms. Memory: 1111552K Free: 682460K (61%)
----------------- Invoking toplevel() on ptolemy.moml.MoMLSimpleApplication@552a9ea
----------------- Done invoking toplevel() on ptolemy.moml.MoMLSimpleApplication@552a9ea
reloadAllAccessors: .LazyAOCTestLazy

===========================================================================================
----------------- testing Sat Nov 10 02:40:55 UTC 2018 /home/travis/build/icyphy/ptII/ptolemy/actor/lib/test/auto/LazyAOCTestNonLazy.xml
----------------- Instantiating /home/travis/build/icyphy/ptII/ptolemy/actor/lib/test/auto/LazyAOCTestNonLazy.xml
9 ms. Memory: 1111552K Free: 660721K (59%)
----------------- Invoking toplevel() on ptolemy.moml.MoMLSimpleApplication@59224fab
----------------- Done invoking toplevel() on ptolemy.moml.MoMLSimpleApplication@59224fab
reloadAllAccessors: .LazyAOCTestNonLazy

===========================================================================================
----------------- testing Sat Nov 10 02:40:55 UTC 2018 /home/travis/build/icyphy/ptII/ptolemy/actor/lib/test/auto/LazyInnerClass.xml
----------------- Instantiating /home/travis/build/icyphy/ptII/ptolemy/actor/lib/test/auto/LazyInnerClass.xml
18 ms. Memory: 1111552K Free: 650788K (59%)
----------------- Invoking toplevel() on ptolemy.moml.MoMLSimpleApplication@4bcd68d0
----------------- Done invoking toplevel() on ptolemy.moml.MoMLSimpleApplication@4bcd68d0
reloadAllAccessors: .LazyInnerClass

===========================================================================================
----------------- testing Sat Nov 10 02:40:55 UTC 2018 /home/travis/build/icyphy/ptII/ptolemy/actor/lib/test/auto/LazyPubSub.xml
----------------- Instantiating /home/travis/build/icyphy/ptII/ptolemy/actor/lib/test/auto/LazyPubSub.xml
28 ms. Memory: 1111552K Free: 630523K (57%)
----------------- Invoking toplevel() on ptolemy.moml.MoMLSimpleApplication@39f0ea2
----------------- Done invoking toplevel() on ptolemy.moml.MoMLSimpleApplication@39f0ea2
reloadAllAccessors: .LazyPubSub

===========================================================================================
----------------- testing Sat Nov 10 02:40:56 UTC 2018 /home/travis/build/icyphy/ptII/ptolemy/actor/lib/test/auto/LazyPubSub2.xml
----------------- Instantiating /home/travis/build/icyphy/ptII/ptolemy/actor/lib/test/auto/LazyPubSub2.xml
21 ms. Memory: 1111552K Free: 615615K (55%)
----------------- Invoking toplevel() on ptolemy.moml.MoMLSimpleApplication@34aef952
----------------- Done invoking toplevel() on ptolemy.moml.MoMLSimpleApplication@34aef952
reloadAllAccessors: .LazyPubSub2

===========================================================================================
----------------- testing Sat Nov 10 02:40:56 UTC 2018 /home/travis/build/icyphy/ptII/ptolemy/actor/lib/test/auto/LazyPubSub3.xml
----------------- Instantiating /home/travis/build/icyphy/ptII/ptolemy/actor/lib/test/auto/LazyPubSub3.xml
13 ms. Memory: 1111552K Free: 600700K (54%)
----------------- Invoking toplevel() on ptolemy.moml.MoMLSimpleApplication@707929d8
----------------- Done invoking toplevel() on ptolemy.moml.MoMLSimpleApplication@707929d8
reloadAllAccessors: .LazyPubSub3

===========================================================================================
----------------- testing Sat Nov 10 02:40:56 UTC 2018 /home/travis/build/icyphy/ptII/ptolemy/actor/lib/test/auto/LazySubClassModel.xml
----------------- Instantiating /home/travis/build/icyphy/ptII/ptolemy/actor/lib/test/auto/LazySubClassModel.xml
2 ms. Memory: 1111552K Free: 580435K (52%)
----------------- Invoking toplevel() on ptolemy.moml.MoMLSimpleApplication@6d820dce
----------------- Done invoking toplevel() on ptolemy.moml.MoMLSimpleApplication@6d820dce
reloadAllAccessors: .LazySubClassModel

===========================================================================================
----------------- testing Sat Nov 10 02:40:56 UTC 2018 /home/travis/build/icyphy/ptII/ptolemy/actor/lib/test/auto/LevelCrossTest1.xml
----------------- Instantiating /home/travis/build/icyphy/ptII/ptolemy/actor/lib/test/auto/LevelCrossTest1.xml
2 ms. Memory: 1111552K Free: 570502K (51%)
----------------- Invoking toplevel() on ptolemy.moml.MoMLSimpleApplication@26b364b6
----------------- Done invoking toplevel() on ptolemy.moml.MoMLSimpleApplication@26b364b6
reloadAllAccessors: .broken

===========================================================================================
----------------- testing Sat Nov 10 02:40:56 UTC 2018 /home/travis/build/icyphy/ptII/ptolemy/actor/lib/test/auto/LevelCrossTest10.xml
----------------- Instantiating /home/travis/build/icyphy/ptII/ptolemy/actor/lib/test/auto/LevelCrossTest10.xml
1 ms. Memory: 1111552K Free: 550237K (50%)
----------------- Invoking toplevel() on ptolemy.moml.MoMLSimpleApplication@5f387642
----------------- Done invoking toplevel() on ptolemy.moml.MoMLSimpleApplication@5f387642
reloadAllAccessors: .LevelCrossTest10

===========================================================================================
----------------- testing Sat Nov 10 02:40:56 UTC 2018 /home/travis/build/icyphy/ptII/ptolemy/actor/lib/test/auto/LevelCrossTest11.xml
----------------- Instantiating /home/travis/build/icyphy/ptII/ptolemy/actor/lib/test/auto/LevelCrossTest11.xml
1 ms. Memory: 1111552K Free: 535330K (48%)
----------------- Invoking toplevel() on ptolemy.moml.MoMLSimpleApplication@8543578
----------------- Done invoking toplevel() on ptolemy.moml.MoMLSimpleApplication@8543578
reloadAllAccessors: .LevelCrossTest11

===========================================================================================
----------------- testing Sat Nov 10 02:40:56 UTC 2018 /home/travis/build/icyphy/ptII/ptolemy/actor/lib/test/auto/LevelCrossTest12.xml
----------------- Instantiating /home/travis/build/icyphy/ptII/ptolemy/actor/lib/test/auto/LevelCrossTest12.xml
1 ms. Memory: 1111552K Free: 515064K (46%)
----------------- Invoking toplevel() on ptolemy.moml.MoMLSimpleApplication@4bdfa537
----------------- Done invoking toplevel() on ptolemy.moml.MoMLSimpleApplication@4bdfa537
reloadAllAccessors: .LevelCrossTest12

===========================================================================================
----------------- testing Sat Nov 10 02:40:56 UTC 2018 /home/travis/build/icyphy/ptII/ptolemy/actor/lib/test/auto/LevelCrossTest13.xml
----------------- Instantiating /home/travis/build/icyphy/ptII/ptolemy/actor/lib/test/auto/LevelCrossTest13.xml
1 ms. Memory: 1111552K Free: 500165K (45%)
----------------- Invoking toplevel() on ptolemy.moml.MoMLSimpleApplication@232b8611
----------------- Done invoking toplevel() on ptolemy.moml.MoMLSimpleApplication@232b8611
reloadAllAccessors: .LevelCrossTest13

===========================================================================================
----------------- testing Sat Nov 10 02:40:56 UTC 2018 /home/travis/build/icyphy/ptII/ptolemy/actor/lib/test/auto/LevelCrossTest2.xml
----------------- Instantiating /home/travis/build/icyphy/ptII/ptolemy/actor/lib/test/auto/LevelCrossTest2.xml
1 ms. Memory: 1111552K Free: 490232K (44%)
----------------- Invoking toplevel() on ptolemy.moml.MoMLSimpleApplication@29124192
----------------- Done invoking toplevel() on ptolemy.moml.MoMLSimpleApplication@29124192
reloadAllAccessors: .broken

===========================================================================================
----------------- testing Sat Nov 10 02:40:56 UTC 2018 /home/travis/build/icyphy/ptII/ptolemy/actor/lib/test/auto/LevelCrossTest3.xml
----------------- Instantiating /home/travis/build/icyphy/ptII/ptolemy/actor/lib/test/auto/LevelCrossTest3.xml
2 ms. Memory: 1111552K Free: 474949K (43%)
----------------- Invoking toplevel() on ptolemy.moml.MoMLSimpleApplication@157fe11a
----------------- Done invoking toplevel() on ptolemy.moml.MoMLSimpleApplication@157fe11a
reloadAllAccessors: .LevelCrossTest3

===========================================================================================
----------------- testing Sat Nov 10 02:40:56 UTC 2018 /home/travis/build/icyphy/ptII/ptolemy/actor/lib/test/auto/LevelCrossTest4.xml
----------------- Instantiating /home/travis/build/icyphy/ptII/ptolemy/actor/lib/test/auto/LevelCrossTest4.xml
1 ms. Memory: 1111552K Free: 465017K (42%)
----------------- Invoking toplevel() on ptolemy.moml.MoMLSimpleApplication@8b35335
----------------- Done invoking toplevel() on ptolemy.moml.MoMLSimpleApplication@8b35335
reloadAllAccessors: .broken

===========================================================================================
----------------- testing Sat Nov 10 02:40:56 UTC 2018 /home/travis/build/icyphy/ptII/ptolemy/actor/lib/test/auto/LevelCrossTest5.xml
----------------- Instantiating /home/travis/build/icyphy/ptII/ptolemy/actor/lib/test/auto/LevelCrossTest5.xml
1 ms. Memory: 1111552K Free: 449734K (40%)
----------------- Invoking toplevel() on ptolemy.moml.MoMLSimpleApplication@15eadf3f
----------------- Done invoking toplevel() on ptolemy.moml.MoMLSimpleApplication@15eadf3f
reloadAllAccessors: .LevelCrossTest5

===========================================================================================
----------------- testing Sat Nov 10 02:40:56 UTC 2018 /home/travis/build/icyphy/ptII/ptolemy/actor/lib/test/auto/LevelCrossTest6.xml
----------------- Instantiating /home/travis/build/icyphy/ptII/ptolemy/actor/lib/test/auto/LevelCrossTest6.xml
2 ms. Memory: 1111552K Free: 439801K (40%)
----------------- Invoking toplevel() on ptolemy.moml.MoMLSimpleApplication@5703fcb5
----------------- Done invoking toplevel() on ptolemy.moml.MoMLSimpleApplication@5703fcb5
reloadAllAccessors: .LevelCrossTest6

===========================================================================================
----------------- testing Sat Nov 10 02:40:56 UTC 2018 /home/travis/build/icyphy/ptII/ptolemy/actor/lib/test/auto/LevelCrossTest7.xml
----------------- Instantiating /home/travis/build/icyphy/ptII/ptolemy/actor/lib/test/auto/LevelCrossTest7.xml
2 ms. Memory: 1111552K Free: 419536K (38%)
----------------- Invoking toplevel() on ptolemy.moml.MoMLSimpleApplication@4357b91e
----------------- Done invoking toplevel() on ptolemy.moml.MoMLSimpleApplication@4357b91e
reloadAllAccessors: .LevelCrossTest7

===========================================================================================
----------------- testing Sat Nov 10 02:40:56 UTC 2018 /home/travis/build/icyphy/ptII/ptolemy/actor/lib/test/auto/LevelCrossTest8.xml
----------------- Instantiating /home/travis/build/icyphy/ptII/ptolemy/actor/lib/test/auto/LevelCrossTest8.xml
1 ms. Memory: 1111552K Free: 409603K (37%)
----------------- Invoking toplevel() on ptolemy.moml.MoMLSimpleApplication@370abd0b
----------------- Done invoking toplevel() on ptolemy.moml.MoMLSimpleApplication@370abd0b
reloadAllAccessors: .LevelCrossTest8

===========================================================================================
----------------- testing Sat Nov 10 02:40:56 UTC 2018 /home/travis/build/icyphy/ptII/ptolemy/actor/lib/test/auto/LevelCrossTest9.xml
----------------- Instantiating /home/travis/build/icyphy/ptII/ptolemy/actor/lib/test/auto/LevelCrossTest9.xml
1 ms. Memory: 1111552K Free: 394696K (36%)
----------------- Invoking toplevel() on ptolemy.moml.MoMLSimpleApplication@42c22ea
----------------- Done invoking toplevel() on ptolemy.moml.MoMLSimpleApplication@42c22ea
reloadAllAccessors: .LevelCrossTest9

===========================================================================================
----------------- testing Sat Nov 10 02:40:56 UTC 2018 /home/travis/build/icyphy/ptII/ptolemy/actor/lib/test/auto/LevinsonDurbin.xml
----------------- Instantiating /home/travis/build/icyphy/ptII/ptolemy/actor/lib/test/auto/LevinsonDurbin.xml
2 ms. Memory: 1111552K Free: 379413K (34%)
----------------- Invoking toplevel() on ptolemy.moml.MoMLSimpleApplication@1ce755f4
----------------- Done invoking toplevel() on ptolemy.moml.MoMLSimpleApplication@1ce755f4
reloadAllAccessors: .LevinsonDurbin

===========================================================================================
----------------- testing Sat Nov 10 02:40:56 UTC 2018 /home/travis/build/icyphy/ptII/ptolemy/actor/lib/test/auto/LevinsonDurbin2.xml
----------------- Instantiating /home/travis/build/icyphy/ptII/ptolemy/actor/lib/test/auto/LevinsonDurbin2.xml
3 ms. Memory: 1111552K Free: 369480K (33%)
----------------- Invoking toplevel() on ptolemy.moml.MoMLSimpleApplication@698906ab
----------------- Done invoking toplevel() on ptolemy.moml.MoMLSimpleApplication@698906ab
reloadAllAccessors: .LevinsonDurbin2

===========================================================================================
----------------- testing Sat Nov 10 02:40:56 UTC 2018 /home/travis/build/icyphy/ptII/ptolemy/actor/lib/test/auto/LevinsonDurbin3.xml
----------------- Instantiating /home/travis/build/icyphy/ptII/ptolemy/actor/lib/test/auto/LevinsonDurbin3.xml
2 ms. Memory: 1111552K Free: 354197K (32%)
----------------- Invoking toplevel() on ptolemy.moml.MoMLSimpleApplication@261b0602
----------------- Done invoking toplevel() on ptolemy.moml.MoMLSimpleApplication@261b0602
reloadAllAccessors: .LevinsonDurbin3

===========================================================================================
----------------- testing Sat Nov 10 02:40:56 UTC 2018 /home/travis/build/icyphy/ptII/ptolemy/actor/lib/test/auto/Limiter.xml
----------------- Instantiating /home/travis/build/icyphy/ptII/ptolemy/actor/lib/test/auto/Limiter.xml
3 ms. Memory: 1111552K Free: 339290K (31%)
----------------- Invoking toplevel() on ptolemy.moml.MoMLSimpleApplication@62c12521
----------------- Done invoking toplevel() on ptolemy.moml.MoMLSimpleApplication@62c12521
reloadAllAccessors: .Limiter

===========================================================================================
----------------- testing Sat Nov 10 02:40:56 UTC 2018 /home/travis/build/icyphy/ptII/ptolemy/actor/lib/test/auto/LinearDifferenceEquationSystem.xml
----------------- Instantiating /home/travis/build/icyphy/ptII/ptolemy/actor/lib/test/auto/LinearDifferenceEquationSystem.xml
3 ms. Memory: 1111552K Free: 319024K (29%)
----------------- Invoking toplevel() on ptolemy.moml.MoMLSimpleApplication@202c642c
----------------- Done invoking toplevel() on ptolemy.moml.MoMLSimpleApplication@202c642c
reloadAllAccessors: .LinearDifferenceEquationSystem

===========================================================================================
----------------- testing Sat Nov 10 02:40:56 UTC 2018 /home/travis/build/icyphy/ptII/ptolemy/actor/lib/test/auto/LookupTable.xml
----------------- Instantiating /home/travis/build/icyphy/ptII/ptolemy/actor/lib/test/auto/LookupTable.xml
2 ms. Memory: 1111552K Free: 309092K (28%)
----------------- Invoking toplevel() on ptolemy.moml.MoMLSimpleApplication@13d7072d
----------------- Done invoking toplevel() on ptolemy.moml.MoMLSimpleApplication@13d7072d
reloadAllAccessors: .LookupTable

===========================================================================================
----------------- testing Sat Nov 10 02:40:56 UTC 2018 /home/travis/build/icyphy/ptII/ptolemy/actor/lib/test/auto/MathFunction.xml
----------------- Instantiating /home/travis/build/icyphy/ptII/ptolemy/actor/lib/test/auto/MathFunction.xml
2 ms. Memory: 1111552K Free: 294176K (26%)
----------------- Invoking toplevel() on ptolemy.moml.MoMLSimpleApplication@7ae9e049
----------------- Done invoking toplevel() on ptolemy.moml.MoMLSimpleApplication@7ae9e049
reloadAllAccessors: .MathFunction

===========================================================================================
----------------- testing Sat Nov 10 02:40:56 UTC 2018 /home/travis/build/icyphy/ptII/ptolemy/actor/lib/test/auto/MathFunction2.xml
----------------- Instantiating /home/travis/build/icyphy/ptII/ptolemy/actor/lib/test/auto/MathFunction2.xml
1 ms. Memory: 1111552K Free: 278893K (25%)
----------------- Invoking toplevel() on ptolemy.moml.MoMLSimpleApplication@2ad44dd5
----------------- Done invoking toplevel() on ptolemy.moml.MoMLSimpleApplication@2ad44dd5
reloadAllAccessors: .MathFunction2

===========================================================================================
----------------- testing Sat Nov 10 02:40:56 UTC 2018 /home/travis/build/icyphy/ptII/ptolemy/actor/lib/test/auto/MathFunction3.xml
----------------- Instantiating /home/travis/build/icyphy/ptII/ptolemy/actor/lib/test/auto/MathFunction3.xml
2 ms. Memory: 1111552K Free: 263978K (24%)
----------------- Invoking toplevel() on ptolemy.moml.MoMLSimpleApplication@374eb33b
----------------- Done invoking toplevel() on ptolemy.moml.MoMLSimpleApplication@374eb33b
reloadAllAccessors: .MathFunction3

===========================================================================================
----------------- testing Sat Nov 10 02:40:56 UTC 2018 /home/travis/build/icyphy/ptII/ptolemy/actor/lib/test/auto/MatrixCropBoolean.xml
----------------- Instantiating /home/travis/build/icyphy/ptII/ptolemy/actor/lib/test/auto/MatrixCropBoolean.xml
1 ms. Memory: 1111552K Free: 248695K (22%)
----------------- Invoking toplevel() on ptolemy.moml.MoMLSimpleApplication@4df3fd5
----------------- Done invoking toplevel() on ptolemy.moml.MoMLSimpleApplication@4df3fd5
reloadAllAccessors: .MatrixCropBoolean

===========================================================================================
----------------- testing Sat Nov 10 02:40:56 UTC 2018 /home/travis/build/icyphy/ptII/ptolemy/actor/lib/test/auto/MatrixCropComplex.xml
----------------- Instantiating /home/travis/build/icyphy/ptII/ptolemy/actor/lib/test/auto/MatrixCropComplex.xml
1 ms. Memory: 1111552K Free: 238762K (21%)
----------------- Invoking toplevel() on ptolemy.moml.MoMLSimpleApplication@56f64dc5
----------------- Done invoking toplevel() on ptolemy.moml.MoMLSimpleApplication@56f64dc5
reloadAllAccessors: .MatrixCropComplex

===========================================================================================
----------------- testing Sat Nov 10 02:40:56 UTC 2018 /home/travis/build/icyphy/ptII/ptolemy/actor/lib/test/auto/MatrixCropDouble.xml
----------------- Instantiating /home/travis/build/icyphy/ptII/ptolemy/actor/lib/test/auto/MatrixCropDouble.xml
1 ms. Memory: 1111552K Free: 223480K (20%)
----------------- Invoking toplevel() on ptolemy.moml.MoMLSimpleApplication@636e2da9
----------------- Done invoking toplevel() on ptolemy.moml.MoMLSimpleApplication@636e2da9
reloadAllAccessors: .MatrixCropDouble

===========================================================================================
----------------- testing Sat Nov 10 02:40:56 UTC 2018 /home/travis/build/icyphy/ptII/ptolemy/actor/lib/test/auto/MatrixCropFix.xml
----------------- Instantiating /home/travis/build/icyphy/ptII/ptolemy/actor/lib/test/auto/MatrixCropFix.xml
1 ms. Memory: 1111552K Free: 213547K (19%)
----------------- Invoking toplevel() on ptolemy.moml.MoMLSimpleApplication@6abac6a9
----------------- Done invoking toplevel() on ptolemy.moml.MoMLSimpleApplication@6abac6a9
reloadAllAccessors: .MatrixCropFix

===========================================================================================
----------------- testing Sat Nov 10 02:40:56 UTC 2018 /home/travis/build/icyphy/ptII/ptolemy/actor/lib/test/auto/MatrixCropInt.xml
----------------- Instantiating /home/travis/build/icyphy/ptII/ptolemy/actor/lib/test/auto/MatrixCropInt.xml
2 ms. Memory: 1111552K Free: 198264K (18%)
----------------- Invoking toplevel() on ptolemy.moml.MoMLSimpleApplication@33659983
----------------- Done invoking toplevel() on ptolemy.moml.MoMLSimpleApplication@33659983
reloadAllAccessors: .MatrixCropInt

===========================================================================================
----------------- testing Sat Nov 10 02:40:56 UTC 2018 /home/travis/build/icyphy/ptII/ptolemy/actor/lib/test/auto/MatrixCropLong.xml
----------------- Instantiating /home/travis/build/icyphy/ptII/ptolemy/actor/lib/test/auto/MatrixCropLong.xml
2 ms. Memory: 1111552K Free: 188331K (17%)
----------------- Invoking toplevel() on ptolemy.moml.MoMLSimpleApplication@6f67b473
----------------- Done invoking toplevel() on ptolemy.moml.MoMLSimpleApplication@6f67b473
reloadAllAccessors: .MatrixCropLong

===========================================================================================
----------------- testing Sat Nov 10 02:40:56 UTC 2018 /home/travis/build/icyphy/ptII/ptolemy/actor/lib/test/auto/MatrixToArray.xml
----------------- Instantiating /home/travis/build/icyphy/ptII/ptolemy/actor/lib/test/auto/MatrixToArray.xml
5 ms. Memory: 1111552K Free: 168457K (15%)
----------------- Invoking toplevel() on ptolemy.moml.MoMLSimpleApplication@4fdda573
----------------- Done invoking toplevel() on ptolemy.moml.MoMLSimpleApplication@4fdda573
reloadAllAccessors: .MatrixToArray

===========================================================================================
----------------- testing Sat Nov 10 02:40:56 UTC 2018 /home/travis/build/icyphy/ptII/ptolemy/actor/lib/test/auto/MaxIndex.xml
----------------- Instantiating /home/travis/build/icyphy/ptII/ptolemy/actor/lib/test/auto/MaxIndex.xml
1 ms. Memory: 1111552K Free: 153175K (14%)
----------------- Invoking toplevel() on ptolemy.moml.MoMLSimpleApplication@50cf59f1
----------------- Done invoking toplevel() on ptolemy.moml.MoMLSimpleApplication@50cf59f1
reloadAllAccessors: .MaxIndex

===========================================================================================
----------------- testing Sat Nov 10 02:40:56 UTC 2018 /home/travis/build/icyphy/ptII/ptolemy/actor/lib/test/auto/Maximum.xml
----------------- Instantiating /home/travis/build/icyphy/ptII/ptolemy/actor/lib/test/auto/Maximum.xml
3 ms. Memory: 1111552K Free: 143242K (13%)
----------------- Invoking toplevel() on ptolemy.moml.MoMLSimpleApplication@70812464
----------------- Done invoking toplevel() on ptolemy.moml.MoMLSimpleApplication@70812464
reloadAllAccessors: .Maximum

===========================================================================================
----------------- testing Sat Nov 10 02:40:56 UTC 2018 /home/travis/build/icyphy/ptII/ptolemy/actor/lib/test/auto/MaximumComplex.xml
----------------- Instantiating /home/travis/build/icyphy/ptII/ptolemy/actor/lib/test/auto/MaximumComplex.xml
3 ms. Memory: 1111552K Free: 127959K (12%)
----------------- Invoking toplevel() on ptolemy.moml.MoMLSimpleApplication@7c6bd2ea
----------------- Done invoking toplevel() on ptolemy.moml.MoMLSimpleApplication@7c6bd2ea
reloadAllAccessors: .MaximumComplex

===========================================================================================
----------------- testing Sat Nov 10 02:40:56 UTC 2018 /home/travis/build/icyphy/ptII/ptolemy/actor/lib/test/auto/MethodCallTest.xml
----------------- Instantiating /home/travis/build/icyphy/ptII/ptolemy/actor/lib/test/auto/MethodCallTest.xml
2 ms. Memory: 1111552K Free: 113044K (10%)
----------------- Invoking toplevel() on ptolemy.moml.MoMLSimpleApplication@4c0a4543
----------------- Done invoking toplevel() on ptolemy.moml.MoMLSimpleApplication@4c0a4543
reloadAllAccessors: .MethodCallTest

===========================================================================================
----------------- testing Sat Nov 10 02:40:56 UTC 2018 /home/travis/build/icyphy/ptII/ptolemy/actor/lib/test/auto/Minimum.xml
----------------- Instantiating /home/travis/build/icyphy/ptII/ptolemy/actor/lib/test/auto/Minimum.xml
2 ms. Memory: 1111552K Free: 103111K (9%)
----------------- Invoking toplevel() on ptolemy.moml.MoMLSimpleApplication@6a460540
----------------- Done invoking toplevel() on ptolemy.moml.MoMLSimpleApplication@6a460540
reloadAllAccessors: .Minimum

===========================================================================================
----------------- testing Sat Nov 10 02:40:56 UTC 2018 /home/travis/build/icyphy/ptII/ptolemy/actor/lib/test/auto/MinimumComplex.xml
----------------- Instantiating /home/travis/build/icyphy/ptII/ptolemy/actor/lib/test/auto/MinimumComplex.xml
5 ms. Memory: 1111552K Free: 87828K (8%)
----------------- Invoking toplevel() on ptolemy.moml.MoMLSimpleApplication@169b9a7b
----------------- Done invoking toplevel() on ptolemy.moml.MoMLSimpleApplication@169b9a7b
reloadAllAccessors: .MinimumComplex

===========================================================================================
----------------- testing Sat Nov 10 02:40:56 UTC 2018 /home/travis/build/icyphy/ptII/ptolemy/actor/lib/test/auto/MinimumMultiports.xml
----------------- Instantiating /home/travis/build/icyphy/ptII/ptolemy/actor/lib/test/auto/MinimumMultiports.xml
8 ms. Memory: 1243648K Free: 1200336K (97%)
----------------- Invoking toplevel() on ptolemy.moml.MoMLSimpleApplication@2acb0338
----------------- Done invoking toplevel() on ptolemy.moml.MoMLSimpleApplication@2acb0338
reloadAllAccessors: .MinimumMultiports

===========================================================================================
----------------- testing Sat Nov 10 02:40:56 UTC 2018 /home/travis/build/icyphy/ptII/ptolemy/actor/lib/test/auto/ModifyDate.xml
----------------- Instantiating /home/travis/build/icyphy/ptII/ptolemy/actor/lib/test/auto/ModifyDate.xml
5 ms. Memory: 1243648K Free: 1169242K (94%)
----------------- Invoking toplevel() on ptolemy.moml.MoMLSimpleApplication@7312b5f1
----------------- Done invoking toplevel() on ptolemy.moml.MoMLSimpleApplication@7312b5f1
reloadAllAccessors: .ModifyDate

===========================================================================================
----------------- testing Sat Nov 10 02:40:56 UTC 2018 /home/travis/build/icyphy/ptII/ptolemy/actor/lib/test/auto/ModifyDate2.xml
----------------- Instantiating /home/travis/build/icyphy/ptII/ptolemy/actor/lib/test/auto/ModifyDate2.xml
3 ms. Memory: 1243648K Free: 1152123K (93%)
----------------- Invoking toplevel() on ptolemy.moml.MoMLSimpleApplication@1b316dfb
----------------- Done invoking toplevel() on ptolemy.moml.MoMLSimpleApplication@1b316dfb
reloadAllAccessors: .ModifyDate2

===========================================================================================
----------------- testing Sat Nov 10 02:40:56 UTC 2018 /home/travis/build/icyphy/ptII/ptolemy/actor/lib/test/auto/MovingAverage.xml
----------------- Instantiating /home/travis/build/icyphy/ptII/ptolemy/actor/lib/test/auto/MovingAverage.xml
1 ms. Memory: 1243648K Free: 1135384K (91%)
----------------- Invoking toplevel() on ptolemy.moml.MoMLSimpleApplication@144af9ce
----------------- Done invoking toplevel() on ptolemy.moml.MoMLSimpleApplication@144af9ce
reloadAllAccessors: .MovingAverage

===========================================================================================
----------------- testing Sat Nov 10 02:40:56 UTC 2018 /home/travis/build/icyphy/ptII/ptolemy/actor/lib/test/auto/MovingMaximum.xml
----------------- Instantiating /home/travis/build/icyphy/ptII/ptolemy/actor/lib/test/auto/MovingMaximum.xml
2 ms. Memory: 1243648K Free: 1123971K (90%)
----------------- Invoking toplevel() on ptolemy.moml.MoMLSimpleApplication@ef85b0a
----------------- Done invoking toplevel() on ptolemy.moml.MoMLSimpleApplication@ef85b0a
reloadAllAccessors: .MovingMaximum

===========================================================================================
----------------- testing Sat Nov 10 02:40:56 UTC 2018 /home/travis/build/icyphy/ptII/ptolemy/actor/lib/test/auto/MultipleLinksToSameRelation.xml
----------------- Instantiating /home/travis/build/icyphy/ptII/ptolemy/actor/lib/test/auto/MultipleLinksToSameRelation.xml
1 ms. Memory: 1243648K Free: 1107232K (89%)
----------------- Invoking toplevel() on ptolemy.moml.MoMLSimpleApplication@d67d4d1
----------------- Done invoking toplevel() on ptolemy.moml.MoMLSimpleApplication@d67d4d1
reloadAllAccessors: .MultipleLinksToSameRelation

===========================================================================================
----------------- testing Sat Nov 10 02:40:56 UTC 2018 /home/travis/build/icyphy/ptII/ptolemy/actor/lib/test/auto/MultipleLinksToSameRelationDE.xml
----------------- Instantiating /home/travis/build/icyphy/ptII/ptolemy/actor/lib/test/auto/MultipleLinksToSameRelationDE.xml
2 ms. Memory: 1243648K Free: 1095819K (88%)
----------------- Invoking toplevel() on ptolemy.moml.MoMLSimpleApplication@13eeea2
----------------- Done invoking toplevel() on ptolemy.moml.MoMLSimpleApplication@13eeea2
reloadAllAccessors: .MultipleLinksToSameRelationDE

===========================================================================================
----------------- testing Sat Nov 10 02:40:56 UTC 2018 /home/travis/build/icyphy/ptII/ptolemy/actor/lib/test/auto/Multiplexor.xml
----------------- Instantiating /home/travis/build/icyphy/ptII/ptolemy/actor/lib/test/auto/Multiplexor.xml
2 ms. Memory: 1243648K Free: 1079080K (87%)
----------------- Invoking toplevel() on ptolemy.moml.MoMLSimpleApplication@58d963ce
----------------- Done invoking toplevel() on ptolemy.moml.MoMLSimpleApplication@58d963ce
reloadAllAccessors: .Multiplexor

===========================================================================================
----------------- testing Sat Nov 10 02:40:56 UTC 2018 /home/travis/build/icyphy/ptII/ptolemy/actor/lib/test/auto/Multiplexor1.xml
----------------- Instantiating /home/travis/build/icyphy/ptII/ptolemy/actor/lib/test/auto/Multiplexor1.xml
2 ms. Memory: 1243648K Free: 1067667K (86%)
----------------- Invoking toplevel() on ptolemy.moml.MoMLSimpleApplication@1e8fa0ea
----------------- Done invoking toplevel() on ptolemy.moml.MoMLSimpleApplication@1e8fa0ea
reloadAllAccessors: .Multiplexor1

===========================================================================================
----------------- testing Sat Nov 10 02:40:56 UTC 2018 /home/travis/build/icyphy/ptII/ptolemy/actor/lib/test/auto/Multiplexor2.xml
----------------- Instantiating /home/travis/build/icyphy/ptII/ptolemy/actor/lib/test/auto/Multiplexor2.xml
2 ms. Memory: 1243648K Free: 1056255K (85%)
----------------- Invoking toplevel() on ptolemy.moml.MoMLSimpleApplication@27fff68e
----------------- Done invoking toplevel() on ptolemy.moml.MoMLSimpleApplication@27fff68e
reloadAllAccessors: .Multiplexor2

===========================================================================================
----------------- testing Sat Nov 10 02:40:56 UTC 2018 /home/travis/build/icyphy/ptII/ptolemy/actor/lib/test/auto/Multiplexor3.xml
----------------- Instantiating /home/travis/build/icyphy/ptII/ptolemy/actor/lib/test/auto/Multiplexor3.xml
1 ms. Memory: 1243648K Free: 1039473K (84%)
----------------- Invoking toplevel() on ptolemy.moml.MoMLSimpleApplication@1673ee33
----------------- Done invoking toplevel() on ptolemy.moml.MoMLSimpleApplication@1673ee33
reloadAllAccessors: .Multiplexor3

===========================================================================================
----------------- testing Sat Nov 10 02:40:56 UTC 2018 /home/travis/build/icyphy/ptII/ptolemy/actor/lib/test/auto/MultiplexorDE.xml
----------------- Instantiating /home/travis/build/icyphy/ptII/ptolemy/actor/lib/test/auto/MultiplexorDE.xml
2 ms. Memory: 1243648K Free: 1022338K (82%)
----------------- Invoking toplevel() on ptolemy.moml.MoMLSimpleApplication@4f6acd65
----------------- Done invoking toplevel() on ptolemy.moml.MoMLSimpleApplication@4f6acd65
reloadAllAccessors: .MultiplexorDE

===========================================================================================
----------------- testing Sat Nov 10 02:40:57 UTC 2018 /home/travis/build/icyphy/ptII/ptolemy/actor/lib/test/auto/MultiportBroadcastTest.xml
----------------- Instantiating /home/travis/build/icyphy/ptII/ptolemy/actor/lib/test/auto/MultiportBroadcastTest.xml
91 ms. Memory: 1243648K Free: 1005598K (81%)
----------------- Invoking toplevel() on ptolemy.moml.MoMLSimpleApplication@6b33ab79
----------------- Done invoking toplevel() on ptolemy.moml.MoMLSimpleApplication@6b33ab79
reloadAllAccessors: .MultiportBroadcastTest

===========================================================================================
----------------- testing Sat Nov 10 02:40:57 UTC 2018 /home/travis/build/icyphy/ptII/ptolemy/actor/lib/test/auto/MultiportOutHangDuringGetWidth.xml
----------------- Instantiating /home/travis/build/icyphy/ptII/ptolemy/actor/lib/test/auto/MultiportOutHangDuringGetWidth.xml
4 ms. Memory: 1243648K Free: 988464K (79%)
----------------- Invoking toplevel() on ptolemy.moml.MoMLSimpleApplication@15d630ff
----------------- Done invoking toplevel() on ptolemy.moml.MoMLSimpleApplication@15d630ff
reloadAllAccessors: .MultiportOutHangDuringGetWidth

===========================================================================================
----------------- testing Sat Nov 10 02:40:57 UTC 2018 /home/travis/build/icyphy/ptII/ptolemy/actor/lib/test/auto/NilToken.xml
----------------- Instantiating /home/travis/build/icyphy/ptII/ptolemy/actor/lib/test/auto/NilToken.xml
1 ms. Memory: 1243648K Free: 971724K (78%)
----------------- Invoking toplevel() on ptolemy.moml.MoMLSimpleApplication@68e0a57
----------------- Done invoking toplevel() on ptolemy.moml.MoMLSimpleApplication@68e0a57
reloadAllAccessors: .NilToken

===========================================================================================
----------------- testing Sat Nov 10 02:40:57 UTC 2018 /home/travis/build/icyphy/ptII/ptolemy/actor/lib/test/auto/NilTokenNonStrictTest.xml
----------------- Instantiating /home/travis/build/icyphy/ptII/ptolemy/actor/lib/test/auto/NilTokenNonStrictTest.xml
1 ms. Memory: 1243648K Free: 960312K (77%)
----------------- Invoking toplevel() on ptolemy.moml.MoMLSimpleApplication@6b4410df
----------------- Done invoking toplevel() on ptolemy.moml.MoMLSimpleApplication@6b4410df
reloadAllAccessors: .NilTokenNonStrictTest

===========================================================================================
----------------- testing Sat Nov 10 02:40:57 UTC 2018 /home/travis/build/icyphy/ptII/ptolemy/actor/lib/test/auto/NilTokenRecord.xml
----------------- Instantiating /home/travis/build/icyphy/ptII/ptolemy/actor/lib/test/auto/NilTokenRecord.xml
4 ms. Memory: 1243648K Free: 948899K (76%)
----------------- Invoking toplevel() on ptolemy.moml.MoMLSimpleApplication@409258fb
----------------- Done invoking toplevel() on ptolemy.moml.MoMLSimpleApplication@409258fb
reloadAllAccessors: .NilTokenRecord

===========================================================================================
----------------- testing Sat Nov 10 02:40:57 UTC 2018 /home/travis/build/icyphy/ptII/ptolemy/actor/lib/test/auto/NilTokenTypeTest.xml
----------------- Instantiating /home/travis/build/icyphy/ptII/ptolemy/actor/lib/test/auto/NilTokenTypeTest.xml
10 ms. Memory: 1243648K Free: 926438K (74%)
----------------- Invoking toplevel() on ptolemy.moml.MoMLSimpleApplication@57f8657c
----------------- Done invoking toplevel() on ptolemy.moml.MoMLSimpleApplication@57f8657c
reloadAllAccessors: .NilTokenTypeTest

===========================================================================================
----------------- testing Sat Nov 10 02:40:57 UTC 2018 /home/travis/build/icyphy/ptII/ptolemy/actor/lib/test/auto/ObjectToken1.xml
----------------- Instantiating /home/travis/build/icyphy/ptII/ptolemy/actor/lib/test/auto/ObjectToken1.xml
1 ms. Memory: 1243648K Free: 915025K (74%)
----------------- Invoking toplevel() on ptolemy.moml.MoMLSimpleApplication@4e19ff64
----------------- Done invoking toplevel() on ptolemy.moml.MoMLSimpleApplication@4e19ff64
reloadAllAccessors: .ObjectToken1

===========================================================================================
----------------- testing Sat Nov 10 02:40:57 UTC 2018 /home/travis/build/icyphy/ptII/ptolemy/actor/lib/test/auto/OrderedMerge.xml
----------------- Instantiating /home/travis/build/icyphy/ptII/ptolemy/actor/lib/test/auto/OrderedMerge.xml
6 ms. Memory: 1243648K Free: 875461K (70%)
----------------- Invoking toplevel() on ptolemy.moml.MoMLSimpleApplication@20390bb9
----------------- Done invoking toplevel() on ptolemy.moml.MoMLSimpleApplication@20390bb9
reloadAllAccessors: .OrderedMerge

===========================================================================================
----------------- testing Sat Nov 10 02:40:57 UTC 2018 /home/travis/build/icyphy/ptII/ptolemy/actor/lib/test/auto/OrderedRecordDisassembler.xml
----------------- Instantiating /home/travis/build/icyphy/ptII/ptolemy/actor/lib/test/auto/OrderedRecordDisassembler.xml
6 ms. Memory: 1243648K Free: 864048K (69%)
----------------- Invoking toplevel() on ptolemy.moml.MoMLSimpleApplication@3f2d9ed5
----------------- Done invoking toplevel() on ptolemy.moml.MoMLSimpleApplication@3f2d9ed5
reloadAllAccessors: .OrderedRecordDisassembler

===========================================================================================
----------------- testing Sat Nov 10 02:40:57 UTC 2018 /home/travis/build/icyphy/ptII/ptolemy/actor/lib/test/auto/OrderedRecordDisassembler2.xml
----------------- Instantiating /home/travis/build/icyphy/ptII/ptolemy/actor/lib/test/auto/OrderedRecordDisassembler2.xml
3 ms. Memory: 1243648K Free: 847308K (68%)
----------------- Invoking toplevel() on ptolemy.moml.MoMLSimpleApplication@357dcc74
----------------- Done invoking toplevel() on ptolemy.moml.MoMLSimpleApplication@357dcc74
reloadAllAccessors: .OrderedRecordDisassembler2

===========================================================================================
----------------- testing Sat Nov 10 02:40:57 UTC 2018 /home/travis/build/icyphy/ptII/ptolemy/actor/lib/test/auto/OrderedRecordUpdater.xml
----------------- Instantiating /home/travis/build/icyphy/ptII/ptolemy/actor/lib/test/auto/OrderedRecordUpdater.xml
1 ms. Memory: 1243648K Free: 835896K (67%)
----------------- Invoking toplevel() on ptolemy.moml.MoMLSimpleApplication@4e890ae4
----------------- Done invoking toplevel() on ptolemy.moml.MoMLSimpleApplication@4e890ae4
reloadAllAccessors: .RecordUpdater

===========================================================================================
----------------- testing Sat Nov 10 02:40:57 UTC 2018 /home/travis/build/icyphy/ptII/ptolemy/actor/lib/test/auto/OrderedRecordUpdater2.xml
----------------- Instantiating /home/travis/build/icyphy/ptII/ptolemy/actor/lib/test/auto/OrderedRecordUpdater2.xml
2 ms. Memory: 1243648K Free: 824484K (66%)
----------------- Invoking toplevel() on ptolemy.moml.MoMLSimpleApplication@760a6c7f
----------------- Done invoking toplevel() on ptolemy.moml.MoMLSimpleApplication@760a6c7f
reloadAllAccessors: .RecordUpdater2

===========================================================================================
----------------- testing Sat Nov 10 02:40:57 UTC 2018 /home/travis/build/icyphy/ptII/ptolemy/actor/lib/test/auto/PhaseUnwrap.xml
----------------- Instantiating /home/travis/build/icyphy/ptII/ptolemy/actor/lib/test/auto/PhaseUnwrap.xml
1 ms. Memory: 1243648K Free: 807744K (65%)
----------------- Invoking toplevel() on ptolemy.moml.MoMLSimpleApplication@4e5d6350
----------------- Done invoking toplevel() on ptolemy.moml.MoMLSimpleApplication@4e5d6350
reloadAllAccessors: .PhaseUnwrap

===========================================================================================
----------------- testing Sat Nov 10 02:40:57 UTC 2018 /home/travis/build/icyphy/ptII/ptolemy/actor/lib/test/auto/PoissonClock.xml
----------------- Instantiating /home/travis/build/icyphy/ptII/ptolemy/actor/lib/test/auto/PoissonClock.xml
1 ms. Memory: 1243648K Free: 796332K (64%)
----------------- Invoking toplevel() on ptolemy.moml.MoMLSimpleApplication@14e46f5c
----------------- Done invoking toplevel() on ptolemy.moml.MoMLSimpleApplication@14e46f5c
reloadAllAccessors: .PoissonClock

===========================================================================================
----------------- testing Sat Nov 10 02:40:57 UTC 2018 /home/travis/build/icyphy/ptII/ptolemy/actor/lib/test/auto/PoissonClock2.xml
----------------- Instantiating /home/travis/build/icyphy/ptII/ptolemy/actor/lib/test/auto/PoissonClock2.xml
1 ms. Memory: 1243648K Free: 779592K (63%)
----------------- Invoking toplevel() on ptolemy.moml.MoMLSimpleApplication@5eab7a2e
----------------- Done invoking toplevel() on ptolemy.moml.MoMLSimpleApplication@5eab7a2e
reloadAllAccessors: .PoissonClock2

===========================================================================================
----------------- testing Sat Nov 10 02:40:57 UTC 2018 /home/travis/build/icyphy/ptII/ptolemy/actor/lib/test/auto/PoissonClock3.xml
----------------- Instantiating /home/travis/build/icyphy/ptII/ptolemy/actor/lib/test/auto/PoissonClock3.xml
1 ms. Memory: 1243648K Free: 768180K (62%)
----------------- Invoking toplevel() on ptolemy.moml.MoMLSimpleApplication@3f2af2eb
----------------- Done invoking toplevel() on ptolemy.moml.MoMLSimpleApplication@3f2af2eb
reloadAllAccessors: .PoissonClock3

===========================================================================================
----------------- testing Sat Nov 10 02:40:57 UTC 2018 /home/travis/build/icyphy/ptII/ptolemy/actor/lib/test/auto/PubSubWithInitialTokens.xml
----------------- Instantiating /home/travis/build/icyphy/ptII/ptolemy/actor/lib/test/auto/PubSubWithInitialTokens.xml
2 ms. Memory: 1243648K Free: 751440K (60%)
----------------- Invoking toplevel() on ptolemy.moml.MoMLSimpleApplication@5c6ee22e
----------------- Done invoking toplevel() on ptolemy.moml.MoMLSimpleApplication@5c6ee22e
reloadAllAccessors: .PubSubWithInitialTokens

===========================================================================================
----------------- testing Sat Nov 10 02:40:57 UTC 2018 /home/travis/build/icyphy/ptII/ptolemy/actor/lib/test/auto/PubSubWithInitialTokens2.xml
----------------- Instantiating /home/travis/build/icyphy/ptII/ptolemy/actor/lib/test/auto/PubSubWithInitialTokens2.xml
4 ms. Memory: 1243648K Free: 740028K (60%)
----------------- Invoking toplevel() on ptolemy.moml.MoMLSimpleApplication@1b67a9fa
----------------- Done invoking toplevel() on ptolemy.moml.MoMLSimpleApplication@1b67a9fa
reloadAllAccessors: .PubSubWithInitialTokens2

===========================================================================================
----------------- testing Sat Nov 10 02:40:57 UTC 2018 /home/travis/build/icyphy/ptII/ptolemy/actor/lib/test/auto/PublisherClassNoParameter.xml
----------------- Instantiating /home/travis/build/icyphy/ptII/ptolemy/actor/lib/test/auto/PublisherClassNoParameter.xml
2 ms. Memory: 1243648K Free: 717566K (58%)
----------------- Invoking toplevel() on ptolemy.moml.MoMLSimpleApplication@794bab3
----------------- Done invoking toplevel() on ptolemy.moml.MoMLSimpleApplication@794bab3
reloadAllAccessors: .PublisherClassNoParameter

===========================================================================================
----------------- testing Sat Nov 10 02:40:57 UTC 2018 /home/travis/build/icyphy/ptII/ptolemy/actor/lib/test/auto/PublisherClassParameter.xml
----------------- Instantiating /home/travis/build/icyphy/ptII/ptolemy/actor/lib/test/auto/PublisherClassParameter.xml
2 ms. Memory: 1243648K Free: 700447K (56%)
----------------- Invoking toplevel() on ptolemy.moml.MoMLSimpleApplication@28a22d5c
----------------- Done invoking toplevel() on ptolemy.moml.MoMLSimpleApplication@28a22d5c
reloadAllAccessors: .PublisherClassParameter

===========================================================================================
----------------- testing Sat Nov 10 02:40:57 UTC 2018 /home/travis/build/icyphy/ptII/ptolemy/actor/lib/test/auto/PublisherNonStrictTest.xml
----------------- Instantiating /home/travis/build/icyphy/ptII/ptolemy/actor/lib/test/auto/PublisherNonStrictTest.xml
2 ms. Memory: 1243648K Free: 689035K (55%)
----------------- Invoking toplevel() on ptolemy.moml.MoMLSimpleApplication@1e8790c3
----------------- Done invoking toplevel() on ptolemy.moml.MoMLSimpleApplication@1e8790c3
reloadAllAccessors: .PublisherNonStrictTest

===========================================================================================
----------------- testing Sat Nov 10 02:40:57 UTC 2018 /home/travis/build/icyphy/ptII/ptolemy/actor/lib/test/auto/PublisherPort1.xml
----------------- Instantiating /home/travis/build/icyphy/ptII/ptolemy/actor/lib/test/auto/PublisherPort1.xml
4 ms. Memory: 1243648K Free: 672295K (54%)
----------------- Invoking toplevel() on ptolemy.moml.MoMLSimpleApplication@4b7cab7e
----------------- Done invoking toplevel() on ptolemy.moml.MoMLSimpleApplication@4b7cab7e
reloadAllAccessors: .PublisherPort1

===========================================================================================
----------------- testing Sat Nov 10 02:40:57 UTC 2018 /home/travis/build/icyphy/ptII/ptolemy/actor/lib/test/auto/PublisherPort2.xml
----------------- Instantiating /home/travis/build/icyphy/ptII/ptolemy/actor/lib/test/auto/PublisherPort2.xml
3 ms. Memory: 1243648K Free: 660882K (53%)
----------------- Invoking toplevel() on ptolemy.moml.MoMLSimpleApplication@154ba78a
----------------- Done invoking toplevel() on ptolemy.moml.MoMLSimpleApplication@154ba78a
reloadAllAccessors: .PublisherPort2

===========================================================================================
----------------- testing Sat Nov 10 02:40:57 UTC 2018 /home/travis/build/icyphy/ptII/ptolemy/actor/lib/test/auto/PublisherPort3.xml
----------------- Instantiating /home/travis/build/icyphy/ptII/ptolemy/actor/lib/test/auto/PublisherPort3.xml
7 ms. Memory: 1243648K Free: 644143K (52%)
----------------- Invoking toplevel() on ptolemy.moml.MoMLSimpleApplication@2a714bf8
----------------- Done invoking toplevel() on ptolemy.moml.MoMLSimpleApplication@2a714bf8
reloadAllAccessors: .PublisherPort3

===========================================================================================
----------------- testing Sat Nov 10 02:40:57 UTC 2018 /home/travis/build/icyphy/ptII/ptolemy/actor/lib/test/auto/PublisherPort4.xml
----------------- Instantiating /home/travis/build/icyphy/ptII/ptolemy/actor/lib/test/auto/PublisherPort4.xml
2 ms. Memory: 1243648K Free: 632730K (51%)
----------------- Invoking toplevel() on ptolemy.moml.MoMLSimpleApplication@55d06d70
----------------- Done invoking toplevel() on ptolemy.moml.MoMLSimpleApplication@55d06d70
reloadAllAccessors: .PublisherPort4

===========================================================================================
----------------- testing Sat Nov 10 02:40:57 UTC 2018 /home/travis/build/icyphy/ptII/ptolemy/actor/lib/test/auto/PublisherPort5.xml
----------------- Instantiating /home/travis/build/icyphy/ptII/ptolemy/actor/lib/test/auto/PublisherPort5.xml
3 ms. Memory: 1243648K Free: 615990K (50%)
----------------- Invoking toplevel() on ptolemy.moml.MoMLSimpleApplication@42c62a5
----------------- Done invoking toplevel() on ptolemy.moml.MoMLSimpleApplication@42c62a5
reloadAllAccessors: .PublisherPort5

===========================================================================================
----------------- testing Sat Nov 10 02:40:57 UTC 2018 /home/travis/build/icyphy/ptII/ptolemy/actor/lib/test/auto/PublisherPort5LookAlike.xml
----------------- Instantiating /home/travis/build/icyphy/ptII/ptolemy/actor/lib/test/auto/PublisherPort5LookAlike.xml
7 ms. Memory: 1243648K Free: 604578K (49%)
----------------- Invoking toplevel() on ptolemy.moml.MoMLSimpleApplication@2aea5497
----------------- Done invoking toplevel() on ptolemy.moml.MoMLSimpleApplication@2aea5497
reloadAllAccessors: .PublisherPort5LookAlike

===========================================================================================
----------------- testing Sat Nov 10 02:40:57 UTC 2018 /home/travis/build/icyphy/ptII/ptolemy/actor/lib/test/auto/PublisherPort6.xml
----------------- Instantiating /home/travis/build/icyphy/ptII/ptolemy/actor/lib/test/auto/PublisherPort6.xml
2 ms. Memory: 1243648K Free: 593166K (48%)
----------------- Invoking toplevel() on ptolemy.moml.MoMLSimpleApplication@7ab2d0dd
----------------- Done invoking toplevel() on ptolemy.moml.MoMLSimpleApplication@7ab2d0dd
reloadAllAccessors: .PublisherPort6

===========================================================================================
----------------- testing Sat Nov 10 02:40:57 UTC 2018 /home/travis/build/icyphy/ptII/ptolemy/actor/lib/test/auto/PublisherPort7.xml
----------------- Instantiating /home/travis/build/icyphy/ptII/ptolemy/actor/lib/test/auto/PublisherPort7.xml
3 ms. Memory: 1243648K Free: 576426K (46%)
----------------- Invoking toplevel() on ptolemy.moml.MoMLSimpleApplication@3d6f3631
----------------- Done invoking toplevel() on ptolemy.moml.MoMLSimpleApplication@3d6f3631
reloadAllAccessors: .PublisherPort7

===========================================================================================
----------------- testing Sat Nov 10 02:40:57 UTC 2018 /home/travis/build/icyphy/ptII/ptolemy/actor/lib/test/auto/PublisherPort8.xml
----------------- Instantiating /home/travis/build/icyphy/ptII/ptolemy/actor/lib/test/auto/PublisherPort8.xml
4 ms. Memory: 1243648K Free: 565014K (45%)
----------------- Invoking toplevel() on ptolemy.moml.MoMLSimpleApplication@52681fe4
----------------- Done invoking toplevel() on ptolemy.moml.MoMLSimpleApplication@52681fe4
reloadAllAccessors: .PublisherPort8

===========================================================================================
----------------- testing Sat Nov 10 02:40:57 UTC 2018 /home/travis/build/icyphy/ptII/ptolemy/actor/lib/test/auto/PublisherPortSubscriberChannelVariablesAOC2.xml
----------------- Instantiating /home/travis/build/icyphy/ptII/ptolemy/actor/lib/test/auto/PublisherPortSubscriberChannelVariablesAOC2.xml
3 ms. Memory: 1243648K Free: 536861K (43%)
----------------- Invoking toplevel() on ptolemy.moml.MoMLSimpleApplication@3c5f4721
----------------- Done invoking toplevel() on ptolemy.moml.MoMLSimpleApplication@3c5f4721
reloadAllAccessors: .PublisherPortSubscriberChannelVariablesAOC2

===========================================================================================
----------------- testing Sat Nov 10 02:40:57 UTC 2018 /home/travis/build/icyphy/ptII/ptolemy/actor/lib/test/auto/PublisherPortSubscriberOpaqueWidthInference.xml
----------------- Instantiating /home/travis/build/icyphy/ptII/ptolemy/actor/lib/test/auto/PublisherPortSubscriberOpaqueWidthInference.xml
4 ms. Memory: 1243648K Free: 525449K (42%)
----------------- Invoking toplevel() on ptolemy.moml.MoMLSimpleApplication@3c7d9d75
----------------- Done invoking toplevel() on ptolemy.moml.MoMLSimpleApplication@3c7d9d75
reloadAllAccessors: .PublisherPortSubscriberOpaqueWidthInference

===========================================================================================
----------------- testing Sat Nov 10 02:40:57 UTC 2018 /home/travis/build/icyphy/ptII/ptolemy/actor/lib/test/auto/PublisherPortSubscriberPortAdjacent.xml
----------------- Instantiating /home/travis/build/icyphy/ptII/ptolemy/actor/lib/test/auto/PublisherPortSubscriberPortAdjacent.xml
1 ms. Memory: 1243648K Free: 502995K (40%)
----------------- Invoking toplevel() on ptolemy.moml.MoMLSimpleApplication@2fdb6421
----------------- Done invoking toplevel() on ptolemy.moml.MoMLSimpleApplication@2fdb6421
reloadAllAccessors: .PublisherPortSubscriberPortAdjacent

===========================================================================================
----------------- testing Sat Nov 10 02:40:57 UTC 2018 /home/travis/build/icyphy/ptII/ptolemy/actor/lib/test/auto/PublisherPortSubscriberPortExpression.xml
----------------- Instantiating /home/travis/build/icyphy/ptII/ptolemy/actor/lib/test/auto/PublisherPortSubscriberPortExpression.xml
4 ms. Memory: 1243648K Free: 491582K (40%)
----------------- Invoking toplevel() on ptolemy.moml.MoMLSimpleApplication@1f5daf86
----------------- Done invoking toplevel() on ptolemy.moml.MoMLSimpleApplication@1f5daf86
reloadAllAccessors: .PublisherPortSubscriberPortExpression

===========================================================================================
----------------- testing Sat Nov 10 02:40:57 UTC 2018 /home/travis/build/icyphy/ptII/ptolemy/actor/lib/test/auto/PublisherPortSubscriberPortOpaqueD3Reverse.xml
----------------- Instantiating /home/travis/build/icyphy/ptII/ptolemy/actor/lib/test/auto/PublisherPortSubscriberPortOpaqueD3Reverse.xml
8 ms. Memory: 1243648K Free: 469121K (38%)
----------------- Invoking toplevel() on ptolemy.moml.MoMLSimpleApplication@d4fea90
----------------- Done invoking toplevel() on ptolemy.moml.MoMLSimpleApplication@d4fea90
reloadAllAccessors: .PublisherPortSubscriberPortOpaqueD3Reverse

===========================================================================================
----------------- testing Sat Nov 10 02:40:57 UTC 2018 /home/travis/build/icyphy/ptII/ptolemy/actor/lib/test/auto/PublisherPortSubscriberPortOpaqueWidthInference.xml
----------------- Instantiating /home/travis/build/icyphy/ptII/ptolemy/actor/lib/test/auto/PublisherPortSubscriberPortOpaqueWidthInference.xml
4 ms. Memory: 1243648K Free: 457708K (37%)
----------------- Invoking toplevel() on ptolemy.moml.MoMLSimpleApplication@586b6ca2
----------------- Done invoking toplevel() on ptolemy.moml.MoMLSimpleApplication@586b6ca2
reloadAllAccessors: .PublisherPortSubscriberPortOpaqueWidthInference

===========================================================================================
----------------- testing Sat Nov 10 02:40:57 UTC 2018 /home/travis/build/icyphy/ptII/ptolemy/actor/lib/test/auto/PublisherPortToplevelSubscriberPortAOC.xml
----------------- Instantiating /home/travis/build/icyphy/ptII/ptolemy/actor/lib/test/auto/PublisherPortToplevelSubscriberPortAOC.xml
.PublisherPortToplevelSubscriberPortAOC.TestExceptionAttribute: initialize() was not invoked, but wrapup() was.  This is unusual, but not always a problem.  For example, exporting JNLP will do this.
1 ms. Memory: 1243648K Free: 446296K (36%)
----------------- Invoking toplevel() on ptolemy.moml.MoMLSimpleApplication@4187c794
----------------- Done invoking toplevel() on ptolemy.moml.MoMLSimpleApplication@4187c794
reloadAllAccessors: .PublisherPortToplevelSubscriberPortAOC

===========================================================================================
----------------- testing Sat Nov 10 02:40:57 UTC 2018 /home/travis/build/icyphy/ptII/ptolemy/actor/lib/test/auto/PublisherSubscriber.xml
----------------- Instantiating /home/travis/build/icyphy/ptII/ptolemy/actor/lib/test/auto/PublisherSubscriber.xml
3 ms. Memory: 1243648K Free: 429556K (35%)
----------------- Invoking toplevel() on ptolemy.moml.MoMLSimpleApplication@6351ac03
----------------- Done invoking toplevel() on ptolemy.moml.MoMLSimpleApplication@6351ac03
reloadAllAccessors: .PublisherSubscriber

===========================================================================================
----------------- testing Sat Nov 10 02:40:57 UTC 2018 /home/travis/build/icyphy/ptII/ptolemy/actor/lib/test/auto/PublisherSubscriber10.xml
----------------- Instantiating /home/travis/build/icyphy/ptII/ptolemy/actor/lib/test/auto/PublisherSubscriber10.xml
4 ms. Memory: 1243648K Free: 412437K (33%)
----------------- Invoking toplevel() on ptolemy.moml.MoMLSimpleApplication@53503dbc
----------------- Done invoking toplevel() on ptolemy.moml.MoMLSimpleApplication@53503dbc
reloadAllAccessors: .PublisherSubscriber10

===========================================================================================
----------------- testing Sat Nov 10 02:40:57 UTC 2018 /home/travis/build/icyphy/ptII/ptolemy/actor/lib/test/auto/PublisherSubscriber10InitialOutputs.xml
----------------- Instantiating /home/travis/build/icyphy/ptII/ptolemy/actor/lib/test/auto/PublisherSubscriber10InitialOutputs.xml
4 ms. Memory: 1243648K Free: 389983K (31%)
----------------- Invoking toplevel() on ptolemy.moml.MoMLSimpleApplication@60ec1742
----------------- Done invoking toplevel() on ptolemy.moml.MoMLSimpleApplication@60ec1742
reloadAllAccessors: .PublisherSubscriber10InitialOutputs

===========================================================================================
----------------- testing Sat Nov 10 02:40:57 UTC 2018 /home/travis/build/icyphy/ptII/ptolemy/actor/lib/test/auto/PublisherSubscriber11.xml
----------------- Instantiating /home/travis/build/icyphy/ptII/ptolemy/actor/lib/test/auto/PublisherSubscriber11.xml
2 ms. Memory: 1243648K Free: 378571K (30%)
----------------- Invoking toplevel() on ptolemy.moml.MoMLSimpleApplication@64b8f5f0
----------------- Done invoking toplevel() on ptolemy.moml.MoMLSimpleApplication@64b8f5f0
reloadAllAccessors: .PublisherSubscriber11

===========================================================================================
----------------- testing Sat Nov 10 02:40:57 UTC 2018 /home/travis/build/icyphy/ptII/ptolemy/actor/lib/test/auto/PublisherSubscriber12.xml
----------------- Instantiating /home/travis/build/icyphy/ptII/ptolemy/actor/lib/test/auto/PublisherSubscriber12.xml
2 ms. Memory: 1243648K Free: 361831K (29%)
----------------- Invoking toplevel() on ptolemy.moml.MoMLSimpleApplication@b7d7ef9
----------------- Done invoking toplevel() on ptolemy.moml.MoMLSimpleApplication@b7d7ef9
reloadAllAccessors: .PublisherSubscriber12

===========================================================================================
----------------- testing Sat Nov 10 02:40:58 UTC 2018 /home/travis/build/icyphy/ptII/ptolemy/actor/lib/test/auto/PublisherSubscriber13.xml
----------------- Instantiating /home/travis/build/icyphy/ptII/ptolemy/actor/lib/test/auto/PublisherSubscriber13.xml
2 ms. Memory: 1243648K Free: 350419K (28%)
----------------- Invoking toplevel() on ptolemy.moml.MoMLSimpleApplication@4b81e5c3
----------------- Done invoking toplevel() on ptolemy.moml.MoMLSimpleApplication@4b81e5c3
reloadAllAccessors: .PublisherSubscriber13

===========================================================================================
----------------- testing Sat Nov 10 02:40:58 UTC 2018 /home/travis/build/icyphy/ptII/ptolemy/actor/lib/test/auto/PublisherSubscriber14.xml
----------------- Instantiating /home/travis/build/icyphy/ptII/ptolemy/actor/lib/test/auto/PublisherSubscriber14.xml
1 ms. Memory: 1243648K Free: 327957K (26%)
----------------- Invoking toplevel() on ptolemy.moml.MoMLSimpleApplication@1bae901d
----------------- Done invoking toplevel() on ptolemy.moml.MoMLSimpleApplication@1bae901d
reloadAllAccessors: .PublisherSubscriber14

===========================================================================================
----------------- testing Sat Nov 10 02:40:58 UTC 2018 /home/travis/build/icyphy/ptII/ptolemy/actor/lib/test/auto/PublisherSubscriber2.xml
----------------- Instantiating /home/travis/build/icyphy/ptII/ptolemy/actor/lib/test/auto/PublisherSubscriber2.xml
1 ms. Memory: 1243648K Free: 316545K (25%)
----------------- Invoking toplevel() on ptolemy.moml.MoMLSimpleApplication@54cc14bb
----------------- Done invoking toplevel() on ptolemy.moml.MoMLSimpleApplication@54cc14bb
reloadAllAccessors: .PublisherSubscriber2

===========================================================================================
----------------- testing Sat Nov 10 02:40:58 UTC 2018 /home/travis/build/icyphy/ptII/ptolemy/actor/lib/test/auto/PublisherSubscriber3.xml
----------------- Instantiating /home/travis/build/icyphy/ptII/ptolemy/actor/lib/test/auto/PublisherSubscriber3.xml
1 ms. Memory: 1243648K Free: 305132K (25%)
----------------- Invoking toplevel() on ptolemy.moml.MoMLSimpleApplication@30fb118c
----------------- Done invoking toplevel() on ptolemy.moml.MoMLSimpleApplication@30fb118c
reloadAllAccessors: .PublisherSubscriber3

===========================================================================================
----------------- testing Sat Nov 10 02:40:58 UTC 2018 /home/travis/build/icyphy/ptII/ptolemy/actor/lib/test/auto/PublisherSubscriber4.xml
----------------- Instantiating /home/travis/build/icyphy/ptII/ptolemy/actor/lib/test/auto/PublisherSubscriber4.xml
2 ms. Memory: 1243648K Free: 288392K (23%)
----------------- Invoking toplevel() on ptolemy.moml.MoMLSimpleApplication@4cc5689d
----------------- Done invoking toplevel() on ptolemy.moml.MoMLSimpleApplication@4cc5689d
reloadAllAccessors: .PublisherSubscriber4

===========================================================================================
----------------- testing Sat Nov 10 02:40:58 UTC 2018 /home/travis/build/icyphy/ptII/ptolemy/actor/lib/test/auto/PublisherSubscriber5.xml
----------------- Instantiating /home/travis/build/icyphy/ptII/ptolemy/actor/lib/test/auto/PublisherSubscriber5.xml
2 ms. Memory: 1243648K Free: 276980K (22%)
----------------- Invoking toplevel() on ptolemy.moml.MoMLSimpleApplication@409f027b
----------------- Done invoking toplevel() on ptolemy.moml.MoMLSimpleApplication@409f027b
reloadAllAccessors: .PublisherSubscriber5

===========================================================================================
----------------- testing Sat Nov 10 02:40:58 UTC 2018 /home/travis/build/icyphy/ptII/ptolemy/actor/lib/test/auto/PublisherSubscriber6.xml
----------------- Instantiating /home/travis/build/icyphy/ptII/ptolemy/actor/lib/test/auto/PublisherSubscriber6.xml
2 ms. Memory: 1243648K Free: 260240K (21%)
----------------- Invoking toplevel() on ptolemy.moml.MoMLSimpleApplication@ec2a369
----------------- Done invoking toplevel() on ptolemy.moml.MoMLSimpleApplication@ec2a369
reloadAllAccessors: .PublisherSubscriber6

===========================================================================================
----------------- testing Sat Nov 10 02:40:58 UTC 2018 /home/travis/build/icyphy/ptII/ptolemy/actor/lib/test/auto/PublisherSubscriber7.xml
----------------- Instantiating /home/travis/build/icyphy/ptII/ptolemy/actor/lib/test/auto/PublisherSubscriber7.xml
2 ms. Memory: 1243648K Free: 248828K (20%)
----------------- Invoking toplevel() on ptolemy.moml.MoMLSimpleApplication@43e04bfe
----------------- Done invoking toplevel() on ptolemy.moml.MoMLSimpleApplication@43e04bfe
reloadAllAccessors: .PublisherSubscriber7

===========================================================================================
----------------- testing Sat Nov 10 02:40:58 UTC 2018 /home/travis/build/icyphy/ptII/ptolemy/actor/lib/test/auto/PublisherSubscriber8.xml
----------------- Instantiating /home/travis/build/icyphy/ptII/ptolemy/actor/lib/test/auto/PublisherSubscriber8.xml
14 ms. Memory: 1243648K Free: 175026K (14%)
----------------- Invoking toplevel() on ptolemy.moml.MoMLSimpleApplication@ce8498f
----------------- Done invoking toplevel() on ptolemy.moml.MoMLSimpleApplication@ce8498f
reloadAllAccessors: .PublisherSubscriber8

===========================================================================================
----------------- testing Sat Nov 10 02:40:58 UTC 2018 /home/travis/build/icyphy/ptII/ptolemy/actor/lib/test/auto/PublisherSubscriber9.xml
----------------- Instantiating /home/travis/build/icyphy/ptII/ptolemy/actor/lib/test/auto/PublisherSubscriber9.xml
3 ms. Memory: 1243648K Free: 163613K (13%)
----------------- Invoking toplevel() on ptolemy.moml.MoMLSimpleApplication@2b176ffb
----------------- Done invoking toplevel() on ptolemy.moml.MoMLSimpleApplication@2b176ffb
reloadAllAccessors: .PublisherSubscriber9

===========================================================================================
----------------- testing Sat Nov 10 02:40:58 UTC 2018 /home/travis/build/icyphy/ptII/ptolemy/actor/lib/test/auto/PublisherSubscriberAdjacent.xml
----------------- Instantiating /home/travis/build/icyphy/ptII/ptolemy/actor/lib/test/auto/PublisherSubscriberAdjacent.xml
2 ms. Memory: 1243648K Free: 141151K (11%)
----------------- Invoking toplevel() on ptolemy.moml.MoMLSimpleApplication@3129aeac
----------------- Done invoking toplevel() on ptolemy.moml.MoMLSimpleApplication@3129aeac
reloadAllAccessors: .PublisherSubscriberAdjacent

===========================================================================================
----------------- testing Sat Nov 10 02:40:58 UTC 2018 /home/travis/build/icyphy/ptII/ptolemy/actor/lib/test/auto/PublisherSubscriberChannelVariablesAOC2.xml
----------------- Instantiating /home/travis/build/icyphy/ptII/ptolemy/actor/lib/test/auto/PublisherSubscriberChannelVariablesAOC2.xml
3 ms. Memory: 1243648K Free: 118294K (10%)
----------------- Invoking toplevel() on ptolemy.moml.MoMLSimpleApplication@dd8796d
----------------- Done invoking toplevel() on ptolemy.moml.MoMLSimpleApplication@dd8796d
reloadAllAccessors: .PublisherSubscriberChannelVariablesAOC2

===========================================================================================
----------------- testing Sat Nov 10 02:40:58 UTC 2018 /home/travis/build/icyphy/ptII/ptolemy/actor/lib/test/auto/PublisherSubscriberD3.xml
----------------- Instantiating /home/travis/build/icyphy/ptII/ptolemy/actor/lib/test/auto/PublisherSubscriberD3.xml
1 ms. Memory: 1243648K Free: 106882K (9%)
----------------- Invoking toplevel() on ptolemy.moml.MoMLSimpleApplication@595236a0
----------------- Done invoking toplevel() on ptolemy.moml.MoMLSimpleApplication@595236a0
reloadAllAccessors: .PublisherSubscriberD3

===========================================================================================
----------------- testing Sat Nov 10 02:40:58 UTC 2018 /home/travis/build/icyphy/ptII/ptolemy/actor/lib/test/auto/PublisherSubscriberD3Reverse.xml
----------------- Instantiating /home/travis/build/icyphy/ptII/ptolemy/actor/lib/test/auto/PublisherSubscriberD3Reverse.xml
2 ms. Memory: 1243648K Free: 90142K (7%)
----------------- Invoking toplevel() on ptolemy.moml.MoMLSimpleApplication@77987c80
----------------- Done invoking toplevel() on ptolemy.moml.MoMLSimpleApplication@77987c80
reloadAllAccessors: .PublisherSubscriberD3Reverse

===========================================================================================
----------------- testing Sat Nov 10 02:40:58 UTC 2018 /home/travis/build/icyphy/ptII/ptolemy/actor/lib/test/auto/PublisherSubscriberExpression.xml
----------------- Instantiating /home/travis/build/icyphy/ptII/ptolemy/actor/lib/test/auto/PublisherSubscriberExpression.xml
4 ms. Memory: 1243648K Free: 73008K (6%)
----------------- Invoking toplevel() on ptolemy.moml.MoMLSimpleApplication@a01e1dd
----------------- Done invoking toplevel() on ptolemy.moml.MoMLSimpleApplication@a01e1dd
reloadAllAccessors: .PublisherSubscriberExpression

===========================================================================================
----------------- testing Sat Nov 10 02:40:58 UTC 2018 /home/travis/build/icyphy/ptII/ptolemy/actor/lib/test/auto/PublisherSubscriberOpaque.xml
----------------- Instantiating /home/travis/build/icyphy/ptII/ptolemy/actor/lib/test/auto/PublisherSubscriberOpaque.xml
8 ms. Memory: 1270784K Free: 1227161K (97%)
----------------- Invoking toplevel() on ptolemy.moml.MoMLSimpleApplication@3aa4a179
----------------- Done invoking toplevel() on ptolemy.moml.MoMLSimpleApplication@3aa4a179
reloadAllAccessors: .PublisherSubscriberOpaque

===========================================================================================
----------------- testing Sat Nov 10 02:40:58 UTC 2018 /home/travis/build/icyphy/ptII/ptolemy/actor/lib/test/auto/PublisherSubscriberOpaqueD3.xml
----------------- Instantiating /home/travis/build/icyphy/ptII/ptolemy/actor/lib/test/auto/PublisherSubscriberOpaqueD3.xml
4 ms. Memory: 1270784K Free: 1202295K (95%)
----------------- Invoking toplevel() on ptolemy.moml.MoMLSimpleApplication@50f94785
----------------- Done invoking toplevel() on ptolemy.moml.MoMLSimpleApplication@50f94785
reloadAllAccessors: .PublisherSubscriberOpaqueD3

===========================================================================================
----------------- testing Sat Nov 10 02:40:58 UTC 2018 /home/travis/build/icyphy/ptII/ptolemy/actor/lib/test/auto/PublisherSubscriberOpaqueD3Reverse.xml
----------------- Instantiating /home/travis/build/icyphy/ptII/ptolemy/actor/lib/test/auto/PublisherSubscriberOpaqueD3Reverse.xml
4 ms. Memory: 1270784K Free: 1180301K (93%)
----------------- Invoking toplevel() on ptolemy.moml.MoMLSimpleApplication@22b5253d
----------------- Done invoking toplevel() on ptolemy.moml.MoMLSimpleApplication@22b5253d
reloadAllAccessors: .PublisherSubscriberOpaqueD3Reverse

===========================================================================================
----------------- testing Sat Nov 10 02:40:58 UTC 2018 /home/travis/build/icyphy/ptII/ptolemy/actor/lib/test/auto/PublisherSubscriberOpaqueWidthInference.xml
----------------- Instantiating /home/travis/build/icyphy/ptII/ptolemy/actor/lib/test/auto/PublisherSubscriberOpaqueWidthInference.xml
3 ms. Memory: 1270784K Free: 1168766K (92%)
----------------- Invoking toplevel() on ptolemy.moml.MoMLSimpleApplication@5a27f363
----------------- Done invoking toplevel() on ptolemy.moml.MoMLSimpleApplication@5a27f363
reloadAllAccessors: .PublisherSubscriberOpaqueWidthInference

===========================================================================================
----------------- testing Sat Nov 10 02:40:58 UTC 2018 /home/travis/build/icyphy/ptII/ptolemy/actor/lib/test/auto/PublisherTestSubscriber.xml
----------------- Instantiating /home/travis/build/icyphy/ptII/ptolemy/actor/lib/test/auto/PublisherTestSubscriber.xml
3 ms. Memory: 1270784K Free: 1152567K (91%)
----------------- Invoking toplevel() on ptolemy.moml.MoMLSimpleApplication@2bc6cd4f
----------------- Done invoking toplevel() on ptolemy.moml.MoMLSimpleApplication@2bc6cd4f
reloadAllAccessors: .PublisherTestSubscriber

===========================================================================================
----------------- testing Sat Nov 10 02:40:58 UTC 2018 /home/travis/build/icyphy/ptII/ptolemy/actor/lib/test/auto/PublisherToplevelSubscriberPortAOC.xml
----------------- Instantiating /home/travis/build/icyphy/ptII/ptolemy/actor/lib/test/auto/PublisherToplevelSubscriberPortAOC.xml
2 ms. Memory: 1270784K Free: 1141032K (90%)
----------------- Invoking toplevel() on ptolemy.moml.MoMLSimpleApplication@144fa14c
----------------- Done invoking toplevel() on ptolemy.moml.MoMLSimpleApplication@144fa14c
reloadAllAccessors: .PublisherToplevelSubscriberPortAOC

===========================================================================================
----------------- testing Sat Nov 10 02:40:58 UTC 2018 /home/travis/build/icyphy/ptII/ptolemy/actor/lib/test/auto/PulseFiringLimitDE.xml
----------------- Instantiating /home/travis/build/icyphy/ptII/ptolemy/actor/lib/test/auto/PulseFiringLimitDE.xml
2 ms. Memory: 1270784K Free: 1124834K (89%)
----------------- Invoking toplevel() on ptolemy.moml.MoMLSimpleApplication@4b1a8bd6
----------------- Done invoking toplevel() on ptolemy.moml.MoMLSimpleApplication@4b1a8bd6
reloadAllAccessors: .PulseFiringLimitDE

===========================================================================================
----------------- testing Sat Nov 10 02:40:58 UTC 2018 /home/travis/build/icyphy/ptII/ptolemy/actor/lib/test/auto/Ramp1.xml
----------------- Instantiating /home/travis/build/icyphy/ptII/ptolemy/actor/lib/test/auto/Ramp1.xml
1 ms. Memory: 1270784K Free: 1113298K (88%)
----------------- Invoking toplevel() on ptolemy.moml.MoMLSimpleApplication@4e636ea9
----------------- Done invoking toplevel() on ptolemy.moml.MoMLSimpleApplication@4e636ea9
reloadAllAccessors: .Ramp1

===========================================================================================
----------------- testing Sat Nov 10 02:40:58 UTC 2018 /home/travis/build/icyphy/ptII/ptolemy/actor/lib/test/auto/RampFiringLimitDE.xml
----------------- Instantiating /home/travis/build/icyphy/ptII/ptolemy/actor/lib/test/auto/RampFiringLimitDE.xml
2 ms. Memory: 1270784K Free: 1097100K (86%)
----------------- Invoking toplevel() on ptolemy.moml.MoMLSimpleApplication@348024fa
----------------- Done invoking toplevel() on ptolemy.moml.MoMLSimpleApplication@348024fa
reloadAllAccessors: .RampFiringLimitDE

===========================================================================================
----------------- testing Sat Nov 10 02:40:58 UTC 2018 /home/travis/build/icyphy/ptII/ptolemy/actor/lib/test/auto/RampFiringLimitSDF.xml
----------------- Instantiating /home/travis/build/icyphy/ptII/ptolemy/actor/lib/test/auto/RampFiringLimitSDF.xml
1 ms. Memory: 1270784K Free: 1085565K (85%)
----------------- Invoking toplevel() on ptolemy.moml.MoMLSimpleApplication@18733565
----------------- Done invoking toplevel() on ptolemy.moml.MoMLSimpleApplication@18733565
reloadAllAccessors: .RampFiringLimitSDF

===========================================================================================
----------------- testing Sat Nov 10 02:40:58 UTC 2018 /home/travis/build/icyphy/ptII/ptolemy/actor/lib/test/auto/RandomInteger.xml
----------------- Instantiating /home/travis/build/icyphy/ptII/ptolemy/actor/lib/test/auto/RandomInteger.xml
1 ms. Memory: 1270784K Free: 1069366K (84%)
----------------- Invoking toplevel() on ptolemy.moml.MoMLSimpleApplication@272f6a20
----------------- Done invoking toplevel() on ptolemy.moml.MoMLSimpleApplication@272f6a20
reloadAllAccessors: .RandomInteger

===========================================================================================
----------------- testing Sat Nov 10 02:40:58 UTC 2018 /home/travis/build/icyphy/ptII/ptolemy/actor/lib/test/auto/ReadFile1.xml
----------------- Instantiating /home/travis/build/icyphy/ptII/ptolemy/actor/lib/test/auto/ReadFile1.xml
1 ms. Memory: 1270784K Free: 1057831K (83%)
----------------- Invoking toplevel() on ptolemy.moml.MoMLSimpleApplication@a14bb81
----------------- Done invoking toplevel() on ptolemy.moml.MoMLSimpleApplication@a14bb81
reloadAllAccessors: .ReadFile1

===========================================================================================
----------------- testing Sat Nov 10 02:40:58 UTC 2018 /home/travis/build/icyphy/ptII/ptolemy/actor/lib/test/auto/ReadFile2.xml
----------------- Instantiating /home/travis/build/icyphy/ptII/ptolemy/actor/lib/test/auto/ReadFile2.xml
1 ms. Memory: 1270784K Free: 1041632K (82%)
----------------- Invoking toplevel() on ptolemy.moml.MoMLSimpleApplication@689bdca5
----------------- Done invoking toplevel() on ptolemy.moml.MoMLSimpleApplication@689bdca5
reloadAllAccessors: .ReadFile2

===========================================================================================
----------------- testing Sat Nov 10 02:40:58 UTC 2018 /home/travis/build/icyphy/ptII/ptolemy/actor/lib/test/auto/Reader.xml
----------------- Instantiating /home/travis/build/icyphy/ptII/ptolemy/actor/lib/test/auto/Reader.xml
actor.lib.Reader is obsolete, use actor.lib.io.ExpressionReader instead
1 ms. Memory: 1270784K Free: 1030097K (81%)
----------------- Invoking toplevel() on ptolemy.moml.MoMLSimpleApplication@5a6bd50f
----------------- Done invoking toplevel() on ptolemy.moml.MoMLSimpleApplication@5a6bd50f
reloadAllAccessors: .Reader

===========================================================================================
----------------- testing Sat Nov 10 02:40:58 UTC 2018 /home/travis/build/icyphy/ptII/ptolemy/actor/lib/test/auto/RecordAssemblerDisplayNameTest.xml
----------------- Instantiating /home/travis/build/icyphy/ptII/ptolemy/actor/lib/test/auto/RecordAssemblerDisplayNameTest.xml
2791 ms. Memory: 1354752K Free: 1010026K (75%)
----------------- Invoking toplevel() on ptolemy.moml.MoMLSimpleApplication@3faa6ff7
----------------- Done invoking toplevel() on ptolemy.moml.MoMLSimpleApplication@3faa6ff7
reloadAllAccessors: .RecordAssemblerDisplayNameTest

===========================================================================================
----------------- testing Sat Nov 10 02:41:01 UTC 2018 /home/travis/build/icyphy/ptII/ptolemy/actor/lib/test/auto/RecordAssemblerTypeError.xml
----------------- Instantiating /home/travis/build/icyphy/ptII/ptolemy/actor/lib/test/auto/RecordAssemblerTypeError.xml
5 ms. Memory: 1354752K Free: 984831K (73%)
----------------- Invoking toplevel() on ptolemy.moml.MoMLSimpleApplication@71c89fb5
----------------- Done invoking toplevel() on ptolemy.moml.MoMLSimpleApplication@71c89fb5
reloadAllAccessors: .RecordAssemblerTypeError

===========================================================================================
----------------- testing Sat Nov 10 02:41:01 UTC 2018 /home/travis/build/icyphy/ptII/ptolemy/actor/lib/test/auto/RecordDisassember.xml
----------------- Instantiating /home/travis/build/icyphy/ptII/ptolemy/actor/lib/test/auto/RecordDisassember.xml
7 ms. Memory: 1354752K Free: 968940K (72%)
----------------- Invoking toplevel() on ptolemy.moml.MoMLSimpleApplication@1fcc4d01
----------------- Done invoking toplevel() on ptolemy.moml.MoMLSimpleApplication@1fcc4d01
reloadAllAccessors: .RecordDisassember

===========================================================================================
----------------- testing Sat Nov 10 02:41:01 UTC 2018 /home/travis/build/icyphy/ptII/ptolemy/actor/lib/test/auto/RecordDisassemberDisplayNameTest.xml
----------------- Instantiating /home/travis/build/icyphy/ptII/ptolemy/actor/lib/test/auto/RecordDisassemberDisplayNameTest.xml
7 ms. Memory: 1354752K Free: 953050K (70%)
----------------- Invoking toplevel() on ptolemy.moml.MoMLSimpleApplication@2b418ec8
----------------- Done invoking toplevel() on ptolemy.moml.MoMLSimpleApplication@2b418ec8
reloadAllAccessors: .RecordDisassemberDisplayNameTest

===========================================================================================
----------------- testing Sat Nov 10 02:41:01 UTC 2018 /home/travis/build/icyphy/ptII/ptolemy/actor/lib/test/auto/RecordDisassembler.xml
----------------- Instantiating /home/travis/build/icyphy/ptII/ptolemy/actor/lib/test/auto/RecordDisassembler.xml
2 ms. Memory: 1354752K Free: 940669K (69%)
----------------- Invoking toplevel() on ptolemy.moml.MoMLSimpleApplication@1ad41bcc
----------------- Done invoking toplevel() on ptolemy.moml.MoMLSimpleApplication@1ad41bcc
reloadAllAccessors: .RecordDisassembler

===========================================================================================
----------------- testing Sat Nov 10 02:41:01 UTC 2018 /home/travis/build/icyphy/ptII/ptolemy/actor/lib/test/auto/RecordDisassembler2.xml
----------------- Instantiating /home/travis/build/icyphy/ptII/ptolemy/actor/lib/test/auto/RecordDisassembler2.xml
2 ms. Memory: 1354752K Free: 924779K (68%)
----------------- Invoking toplevel() on ptolemy.moml.MoMLSimpleApplication@204a36fb
----------------- Done invoking toplevel() on ptolemy.moml.MoMLSimpleApplication@204a36fb
reloadAllAccessors: .RecordDisassembler2

===========================================================================================
----------------- testing Sat Nov 10 02:41:01 UTC 2018 /home/travis/build/icyphy/ptII/ptolemy/actor/lib/test/auto/RecordUpdater.xml
----------------- Instantiating /home/travis/build/icyphy/ptII/ptolemy/actor/lib/test/auto/RecordUpdater.xml
2 ms. Memory: 1354752K Free: 908889K (67%)
----------------- Invoking toplevel() on ptolemy.moml.MoMLSimpleApplication@18563ae8
----------------- Done invoking toplevel() on ptolemy.moml.MoMLSimpleApplication@18563ae8
reloadAllAccessors: .RecordUpdater

===========================================================================================
----------------- testing Sat Nov 10 02:41:01 UTC 2018 /home/travis/build/icyphy/ptII/ptolemy/actor/lib/test/auto/RecordUpdater2.xml
----------------- Instantiating /home/travis/build/icyphy/ptII/ptolemy/actor/lib/test/auto/RecordUpdater2.xml
2 ms. Memory: 1354752K Free: 896508K (66%)
----------------- Invoking toplevel() on ptolemy.moml.MoMLSimpleApplication@2a57f157
----------------- Done invoking toplevel() on ptolemy.moml.MoMLSimpleApplication@2a57f157
reloadAllAccessors: .RecordUpdater2

===========================================================================================
----------------- testing Sat Nov 10 02:41:01 UTC 2018 /home/travis/build/icyphy/ptII/ptolemy/actor/lib/test/auto/RecursiveLattice.xml
----------------- Instantiating /home/travis/build/icyphy/ptII/ptolemy/actor/lib/test/auto/RecursiveLattice.xml
1 ms. Memory: 1354752K Free: 880618K (65%)
----------------- Invoking toplevel() on ptolemy.moml.MoMLSimpleApplication@759f4d5
----------------- Done invoking toplevel() on ptolemy.moml.MoMLSimpleApplication@759f4d5
reloadAllAccessors: .RecursiveLattice

===========================================================================================
----------------- testing Sat Nov 10 02:41:01 UTC 2018 /home/travis/build/icyphy/ptII/ptolemy/actor/lib/test/auto/Router.xml
----------------- Instantiating /home/travis/build/icyphy/ptII/ptolemy/actor/lib/test/auto/Router.xml
3004 ms. Memory: 1354752K Free: 864727K (64%)
----------------- Invoking toplevel() on ptolemy.moml.MoMLSimpleApplication@30164706
----------------- Done invoking toplevel() on ptolemy.moml.MoMLSimpleApplication@30164706
reloadAllAccessors: .Router

===========================================================================================
----------------- testing Sat Nov 10 02:41:04 UTC 2018 /home/travis/build/icyphy/ptII/ptolemy/actor/lib/test/auto/Router2.xml
----------------- Instantiating /home/travis/build/icyphy/ptII/ptolemy/actor/lib/test/auto/Router2.xml
3003 ms. Memory: 1354752K Free: 852347K (63%)
----------------- Invoking toplevel() on ptolemy.moml.MoMLSimpleApplication@46f039f6
----------------- Done invoking toplevel() on ptolemy.moml.MoMLSimpleApplication@46f039f6
reloadAllAccessors: .Router2

===========================================================================================
----------------- testing Sat Nov 10 02:41:07 UTC 2018 /home/travis/build/icyphy/ptII/ptolemy/actor/lib/test/auto/RunningMaximum.xml
----------------- Instantiating /home/travis/build/icyphy/ptII/ptolemy/actor/lib/test/auto/RunningMaximum.xml
2 ms. Memory: 1354752K Free: 836456K (62%)
----------------- Invoking toplevel() on ptolemy.moml.MoMLSimpleApplication@6d0a9a01
----------------- Done invoking toplevel() on ptolemy.moml.MoMLSimpleApplication@6d0a9a01
reloadAllAccessors: .RunningMaximum

===========================================================================================
----------------- testing Sat Nov 10 02:41:07 UTC 2018 /home/travis/build/icyphy/ptII/ptolemy/actor/lib/test/auto/RunningMinimum.xml
----------------- Instantiating /home/travis/build/icyphy/ptII/ptolemy/actor/lib/test/auto/RunningMinimum.xml
2 ms. Memory: 1354752K Free: 820565K (61%)
----------------- Invoking toplevel() on ptolemy.moml.MoMLSimpleApplication@56a1d796
----------------- Done invoking toplevel() on ptolemy.moml.MoMLSimpleApplication@56a1d796
reloadAllAccessors: .RunningMinimum

===========================================================================================
----------------- testing Sat Nov 10 02:41:07 UTC 2018 /home/travis/build/icyphy/ptII/ptolemy/actor/lib/test/auto/Scale.xml
----------------- Instantiating /home/travis/build/icyphy/ptII/ptolemy/actor/lib/test/auto/Scale.xml
1 ms. Memory: 1354752K Free: 808185K (60%)
----------------- Invoking toplevel() on ptolemy.moml.MoMLSimpleApplication@71053e8e
----------------- Done invoking toplevel() on ptolemy.moml.MoMLSimpleApplication@71053e8e
reloadAllAccessors: .Scale

===========================================================================================
----------------- testing Sat Nov 10 02:41:07 UTC 2018 /home/travis/build/icyphy/ptII/ptolemy/actor/lib/test/auto/Scale2.xml
----------------- Instantiating /home/travis/build/icyphy/ptII/ptolemy/actor/lib/test/auto/Scale2.xml
1 ms. Memory: 1354752K Free: 792295K (58%)
----------------- Invoking toplevel() on ptolemy.moml.MoMLSimpleApplication@2fd3a1d0
----------------- Done invoking toplevel() on ptolemy.moml.MoMLSimpleApplication@2fd3a1d0
reloadAllAccessors: .Scale2

===========================================================================================
----------------- testing Sat Nov 10 02:41:07 UTC 2018 /home/travis/build/icyphy/ptII/ptolemy/actor/lib/test/auto/Scale3.xml
----------------- Instantiating /home/travis/build/icyphy/ptII/ptolemy/actor/lib/test/auto/Scale3.xml
2 ms. Memory: 1354752K Free: 776404K (57%)
----------------- Invoking toplevel() on ptolemy.moml.MoMLSimpleApplication@42e649b9
----------------- Done invoking toplevel() on ptolemy.moml.MoMLSimpleApplication@42e649b9
reloadAllAccessors: .Scale3

===========================================================================================
----------------- testing Sat Nov 10 02:41:07 UTC 2018 /home/travis/build/icyphy/ptII/ptolemy/actor/lib/test/auto/ScaleArray.xml
----------------- Instantiating /home/travis/build/icyphy/ptII/ptolemy/actor/lib/test/auto/ScaleArray.xml
2 ms. Memory: 1354752K Free: 760513K (56%)
----------------- Invoking toplevel() on ptolemy.moml.MoMLSimpleApplication@23fa30e0
----------------- Done invoking toplevel() on ptolemy.moml.MoMLSimpleApplication@23fa30e0
reloadAllAccessors: .ScaleArray

===========================================================================================
----------------- testing Sat Nov 10 02:41:07 UTC 2018 /home/travis/build/icyphy/ptII/ptolemy/actor/lib/test/auto/ScaleArray2.xml
----------------- Instantiating /home/travis/build/icyphy/ptII/ptolemy/actor/lib/test/auto/ScaleArray2.xml
1 ms. Memory: 1354752K Free: 748133K (55%)
----------------- Invoking toplevel() on ptolemy.moml.MoMLSimpleApplication@45ec123
----------------- Done invoking toplevel() on ptolemy.moml.MoMLSimpleApplication@45ec123
reloadAllAccessors: .ScaleArray2

===========================================================================================
----------------- testing Sat Nov 10 02:41:07 UTC 2018 /home/travis/build/icyphy/ptII/ptolemy/actor/lib/test/auto/ScaleMatrix.xml
----------------- Instantiating /home/travis/build/icyphy/ptII/ptolemy/actor/lib/test/auto/ScaleMatrix.xml
105 ms. Memory: 1354752K Free: 726053K (54%)
----------------- Invoking toplevel() on ptolemy.moml.MoMLSimpleApplication@6f45482e
----------------- Done invoking toplevel() on ptolemy.moml.MoMLSimpleApplication@6f45482e
reloadAllAccessors: .ScaleMatrix

===========================================================================================
----------------- testing Sat Nov 10 02:41:07 UTC 2018 /home/travis/build/icyphy/ptII/ptolemy/actor/lib/test/auto/Select.xml
----------------- Instantiating /home/travis/build/icyphy/ptII/ptolemy/actor/lib/test/auto/Select.xml
2 ms. Memory: 1354752K Free: 710162K (52%)
----------------- Invoking toplevel() on ptolemy.moml.MoMLSimpleApplication@6aba7710
----------------- Done invoking toplevel() on ptolemy.moml.MoMLSimpleApplication@6aba7710
reloadAllAccessors: .Select

===========================================================================================
----------------- testing Sat Nov 10 02:41:07 UTC 2018 /home/travis/build/icyphy/ptII/ptolemy/actor/lib/test/auto/Select2.xml
----------------- Instantiating /home/travis/build/icyphy/ptII/ptolemy/actor/lib/test/auto/Select2.xml
1 ms. Memory: 1354752K Free: 697782K (52%)
----------------- Invoking toplevel() on ptolemy.moml.MoMLSimpleApplication@69b17576
----------------- Done invoking toplevel() on ptolemy.moml.MoMLSimpleApplication@69b17576
reloadAllAccessors: .Select2

===========================================================================================
----------------- testing Sat Nov 10 02:41:07 UTC 2018 /home/travis/build/icyphy/ptII/ptolemy/actor/lib/test/auto/SequenceToArray2.xml
----------------- Instantiating /home/travis/build/icyphy/ptII/ptolemy/actor/lib/test/auto/SequenceToArray2.xml
64 ms. Memory: 1354752K Free: 613800K (45%)
----------------- Invoking toplevel() on ptolemy.moml.MoMLSimpleApplication@7b4c573a
----------------- Done invoking toplevel() on ptolemy.moml.MoMLSimpleApplication@7b4c573a
reloadAllAccessors: .SequenceToArray2

===========================================================================================
----------------- testing Sat Nov 10 02:41:07 UTC 2018 /home/travis/build/icyphy/ptII/ptolemy/actor/lib/test/auto/SequentialClock.xml
----------------- Instantiating /home/travis/build/icyphy/ptII/ptolemy/actor/lib/test/auto/SequentialClock.xml
1 ms. Memory: 1354752K Free: 597910K (44%)
----------------- Invoking toplevel() on ptolemy.moml.MoMLSimpleApplication@3e594558
----------------- Done invoking toplevel() on ptolemy.moml.MoMLSimpleApplication@3e594558
reloadAllAccessors: .SequentialClock

===========================================================================================
----------------- testing Sat Nov 10 02:41:07 UTC 2018 /home/travis/build/icyphy/ptII/ptolemy/actor/lib/test/auto/SetVariable.xml
----------------- Instantiating /home/travis/build/icyphy/ptII/ptolemy/actor/lib/test/auto/SetVariable.xml
3 ms. Memory: 1354752K Free: 585530K (43%)
----------------- Invoking toplevel() on ptolemy.moml.MoMLSimpleApplication@3fb52dcc
----------------- Done invoking toplevel() on ptolemy.moml.MoMLSimpleApplication@3fb52dcc
reloadAllAccessors: .SetVariable

===========================================================================================
----------------- testing Sat Nov 10 02:41:08 UTC 2018 /home/travis/build/icyphy/ptII/ptolemy/actor/lib/test/auto/SetVariable2.xml
----------------- Instantiating /home/travis/build/icyphy/ptII/ptolemy/actor/lib/test/auto/SetVariable2.xml
1 ms. Memory: 1354752K Free: 569639K (42%)
----------------- Invoking toplevel() on ptolemy.moml.MoMLSimpleApplication@10bb054e
----------------- Done invoking toplevel() on ptolemy.moml.MoMLSimpleApplication@10bb054e
reloadAllAccessors: .SetVariable2

===========================================================================================
----------------- testing Sat Nov 10 02:41:08 UTC 2018 /home/travis/build/icyphy/ptII/ptolemy/actor/lib/test/auto/SetVariable3.xml
----------------- Instantiating /home/travis/build/icyphy/ptII/ptolemy/actor/lib/test/auto/SetVariable3.xml
3 ms. Memory: 1354752K Free: 553749K (41%)
----------------- Invoking toplevel() on ptolemy.moml.MoMLSimpleApplication@3bcada82
----------------- Done invoking toplevel() on ptolemy.moml.MoMLSimpleApplication@3bcada82
reloadAllAccessors: .SetVariable3

===========================================================================================
----------------- testing Sat Nov 10 02:41:08 UTC 2018 /home/travis/build/icyphy/ptII/ptolemy/actor/lib/test/auto/SetVariable4.xml
----------------- Instantiating /home/travis/build/icyphy/ptII/ptolemy/actor/lib/test/auto/SetVariable4.xml
11 ms. Memory: 1354752K Free: 498038K (37%)
----------------- Invoking toplevel() on ptolemy.moml.MoMLSimpleApplication@413aa126
----------------- Done invoking toplevel() on ptolemy.moml.MoMLSimpleApplication@413aa126
reloadAllAccessors: .SetVariable4

===========================================================================================
----------------- testing Sat Nov 10 02:41:08 UTC 2018 /home/travis/build/icyphy/ptII/ptolemy/actor/lib/test/auto/SetVariable5.xml
----------------- Instantiating /home/travis/build/icyphy/ptII/ptolemy/actor/lib/test/auto/SetVariable5.xml
8 ms. Memory: 1354752K Free: 475941K (35%)
----------------- Invoking toplevel() on ptolemy.moml.MoMLSimpleApplication@4bee210a
----------------- Done invoking toplevel() on ptolemy.moml.MoMLSimpleApplication@4bee210a
reloadAllAccessors: .SetVariable5

===========================================================================================
----------------- testing Sat Nov 10 02:41:08 UTC 2018 /home/travis/build/icyphy/ptII/ptolemy/actor/lib/test/auto/Sinewave.xml
----------------- Instantiating /home/travis/build/icyphy/ptII/ptolemy/actor/lib/test/auto/Sinewave.xml
4 ms. Memory: 1354752K Free: 453861K (34%)
----------------- Invoking toplevel() on ptolemy.moml.MoMLSimpleApplication@10f5d1f6
----------------- Done invoking toplevel() on ptolemy.moml.MoMLSimpleApplication@10f5d1f6
reloadAllAccessors: .Sinewave

===========================================================================================
----------------- testing Sat Nov 10 02:41:08 UTC 2018 /home/travis/build/icyphy/ptII/ptolemy/actor/lib/test/auto/Sinewave2.xml
----------------- Instantiating /home/travis/build/icyphy/ptII/ptolemy/actor/lib/test/auto/Sinewave2.xml
5 ms. Memory: 1354752K Free: 437970K (32%)
----------------- Invoking toplevel() on ptolemy.moml.MoMLSimpleApplication@75f1ea17
----------------- Done invoking toplevel() on ptolemy.moml.MoMLSimpleApplication@75f1ea17
reloadAllAccessors: .Sinewave2

===========================================================================================
----------------- testing Sat Nov 10 02:41:08 UTC 2018 /home/travis/build/icyphy/ptII/ptolemy/actor/lib/test/auto/Sinewave3.xml
----------------- Instantiating /home/travis/build/icyphy/ptII/ptolemy/actor/lib/test/auto/Sinewave3.xml
5 ms. Memory: 1354752K Free: 425590K (31%)
----------------- Invoking toplevel() on ptolemy.moml.MoMLSimpleApplication@4ff1a869
----------------- Done invoking toplevel() on ptolemy.moml.MoMLSimpleApplication@4ff1a869
reloadAllAccessors: .Sinewave3

===========================================================================================
----------------- testing Sat Nov 10 02:41:08 UTC 2018 /home/travis/build/icyphy/ptII/ptolemy/actor/lib/test/auto/SingleEvent.xml
----------------- Instantiating /home/travis/build/icyphy/ptII/ptolemy/actor/lib/test/auto/SingleEvent.xml
1 ms. Memory: 1354752K Free: 409700K (30%)
----------------- Invoking toplevel() on ptolemy.moml.MoMLSimpleApplication@253449a9
----------------- Done invoking toplevel() on ptolemy.moml.MoMLSimpleApplication@253449a9
reloadAllAccessors: .SingleEvent

===========================================================================================
----------------- testing Sat Nov 10 02:41:08 UTC 2018 /home/travis/build/icyphy/ptII/ptolemy/actor/lib/test/auto/Sleep.xml
----------------- Instantiating /home/travis/build/icyphy/ptII/ptolemy/actor/lib/test/auto/Sleep.xml
6003 ms. Memory: 1354752K Free: 393809K (29%)
----------------- Invoking toplevel() on ptolemy.moml.MoMLSimpleApplication@78edc650
----------------- Done invoking toplevel() on ptolemy.moml.MoMLSimpleApplication@78edc650
reloadAllAccessors: .Sleep

===========================================================================================
----------------- testing Sat Nov 10 02:41:14 UTC 2018 /home/travis/build/icyphy/ptII/ptolemy/actor/lib/test/auto/SleepMultipleFire.xml
----------------- Instantiating /home/travis/build/icyphy/ptII/ptolemy/actor/lib/test/auto/SleepMultipleFire.xml
1005 ms. Memory: 1354752K Free: 381429K (28%)
----------------- Invoking toplevel() on ptolemy.moml.MoMLSimpleApplication@690ec3bd
----------------- Done invoking toplevel() on ptolemy.moml.MoMLSimpleApplication@690ec3bd
reloadAllAccessors: .SleepMultipleFire

===========================================================================================
----------------- testing Sat Nov 10 02:41:15 UTC 2018 /home/travis/build/icyphy/ptII/ptolemy/actor/lib/test/auto/StopDE.xml
----------------- Instantiating /home/travis/build/icyphy/ptII/ptolemy/actor/lib/test/auto/StopDE.xml
2 ms. Memory: 1354752K Free: 365538K (27%)
----------------- Invoking toplevel() on ptolemy.moml.MoMLSimpleApplication@3a3ab5f3
----------------- Done invoking toplevel() on ptolemy.moml.MoMLSimpleApplication@3a3ab5f3
reloadAllAccessors: .StopDE

===========================================================================================
----------------- testing Sat Nov 10 02:41:15 UTC 2018 /home/travis/build/icyphy/ptII/ptolemy/actor/lib/test/auto/StopSDF.xml
----------------- Instantiating /home/travis/build/icyphy/ptII/ptolemy/actor/lib/test/auto/StopSDF.xml
3 ms. Memory: 1354752K Free: 349648K (26%)
----------------- Invoking toplevel() on ptolemy.moml.MoMLSimpleApplication@22c30a6f
----------------- Done invoking toplevel() on ptolemy.moml.MoMLSimpleApplication@22c30a6f
reloadAllAccessors: .StopSDF

===========================================================================================
----------------- testing Sat Nov 10 02:41:15 UTC 2018 /home/travis/build/icyphy/ptII/ptolemy/actor/lib/test/auto/StringConstant.xml
----------------- Instantiating /home/travis/build/icyphy/ptII/ptolemy/actor/lib/test/auto/StringConstant.xml
1 ms. Memory: 1354752K Free: 337267K (25%)
----------------- Invoking toplevel() on ptolemy.moml.MoMLSimpleApplication@58d98c21
----------------- Done invoking toplevel() on ptolemy.moml.MoMLSimpleApplication@58d98c21
reloadAllAccessors: .StringConstant

===========================================================================================
----------------- testing Sat Nov 10 02:41:15 UTC 2018 /home/travis/build/icyphy/ptII/ptolemy/actor/lib/test/auto/SubscriberPortInitialValues1.xml
----------------- Instantiating /home/travis/build/icyphy/ptII/ptolemy/actor/lib/test/auto/SubscriberPortInitialValues1.xml
4 ms. Memory: 1354752K Free: 321377K (24%)
----------------- Invoking toplevel() on ptolemy.moml.MoMLSimpleApplication@2f5fd84e
----------------- Done invoking toplevel() on ptolemy.moml.MoMLSimpleApplication@2f5fd84e
reloadAllAccessors: .SubscriberPortInitialValues1

===========================================================================================
----------------- testing Sat Nov 10 02:41:15 UTC 2018 /home/travis/build/icyphy/ptII/ptolemy/actor/lib/test/auto/SubscriberPortInitialValues13.xml
----------------- Instantiating /home/travis/build/icyphy/ptII/ptolemy/actor/lib/test/auto/SubscriberPortInitialValues13.xml
4 ms. Memory: 1354752K Free: 299296K (22%)
----------------- Invoking toplevel() on ptolemy.moml.MoMLSimpleApplication@522968ba
----------------- Done invoking toplevel() on ptolemy.moml.MoMLSimpleApplication@522968ba
reloadAllAccessors: .SubscriberPortInitialValues13

===========================================================================================
----------------- testing Sat Nov 10 02:41:15 UTC 2018 /home/travis/build/icyphy/ptII/ptolemy/actor/lib/test/auto/SubscriberPortInitialValues14.xml
----------------- Instantiating /home/travis/build/icyphy/ptII/ptolemy/actor/lib/test/auto/SubscriberPortInitialValues14.xml
3 ms. Memory: 1354752K Free: 283406K (21%)
----------------- Invoking toplevel() on ptolemy.moml.MoMLSimpleApplication@1e9ba72
----------------- Done invoking toplevel() on ptolemy.moml.MoMLSimpleApplication@1e9ba72
reloadAllAccessors: .SubscriberPortInitialValues14

===========================================================================================
----------------- testing Sat Nov 10 02:41:15 UTC 2018 /home/travis/build/icyphy/ptII/ptolemy/actor/lib/test/auto/SubscriberPortInitialValues2.xml
----------------- Instantiating /home/travis/build/icyphy/ptII/ptolemy/actor/lib/test/auto/SubscriberPortInitialValues2.xml
4 ms. Memory: 1354752K Free: 271026K (20%)
----------------- Invoking toplevel() on ptolemy.moml.MoMLSimpleApplication@223a8fe5
----------------- Done invoking toplevel() on ptolemy.moml.MoMLSimpleApplication@223a8fe5
reloadAllAccessors: .SubscriberPortInitialValues2

===========================================================================================
----------------- testing Sat Nov 10 02:41:15 UTC 2018 /home/travis/build/icyphy/ptII/ptolemy/actor/lib/test/auto/SubscriberPortInitialValues3.xml
----------------- Instantiating /home/travis/build/icyphy/ptII/ptolemy/actor/lib/test/auto/SubscriberPortInitialValues3.xml
4 ms. Memory: 1354752K Free: 248945K (18%)
----------------- Invoking toplevel() on ptolemy.moml.MoMLSimpleApplication@5a8bacbd
----------------- Done invoking toplevel() on ptolemy.moml.MoMLSimpleApplication@5a8bacbd
reloadAllAccessors: .SubscriberPortInitialValues3

===========================================================================================
----------------- testing Sat Nov 10 02:41:15 UTC 2018 /home/travis/build/icyphy/ptII/ptolemy/actor/lib/test/auto/SubscriptionAggregator.xml
----------------- Instantiating /home/travis/build/icyphy/ptII/ptolemy/actor/lib/test/auto/SubscriptionAggregator.xml
3 ms. Memory: 1354752K Free: 233055K (17%)
----------------- Invoking toplevel() on ptolemy.moml.MoMLSimpleApplication@12a4c7c3
----------------- Done invoking toplevel() on ptolemy.moml.MoMLSimpleApplication@12a4c7c3
reloadAllAccessors: .SubscriptionAggregator

===========================================================================================
----------------- testing Sat Nov 10 02:41:15 UTC 2018 /home/travis/build/icyphy/ptII/ptolemy/actor/lib/test/auto/SubscriptionAggregator2.xml
----------------- Instantiating /home/travis/build/icyphy/ptII/ptolemy/actor/lib/test/auto/SubscriptionAggregator2.xml
2 ms. Memory: 1354752K Free: 220674K (16%)
----------------- Invoking toplevel() on ptolemy.moml.MoMLSimpleApplication@59036af2
----------------- Done invoking toplevel() on ptolemy.moml.MoMLSimpleApplication@59036af2
reloadAllAccessors: .SubscriptionAggregator2

===========================================================================================
----------------- testing Sat Nov 10 02:41:15 UTC 2018 /home/travis/build/icyphy/ptII/ptolemy/actor/lib/test/auto/SubscriptionAggregator3.xml
----------------- Instantiating /home/travis/build/icyphy/ptII/ptolemy/actor/lib/test/auto/SubscriptionAggregator3.xml
2 ms. Memory: 1354752K Free: 198578K (15%)
----------------- Invoking toplevel() on ptolemy.moml.MoMLSimpleApplication@6ca84f40
----------------- Done invoking toplevel() on ptolemy.moml.MoMLSimpleApplication@6ca84f40
reloadAllAccessors: .SubscriptionAggregator3

===========================================================================================
----------------- testing Sat Nov 10 02:41:15 UTC 2018 /home/travis/build/icyphy/ptII/ptolemy/actor/lib/test/auto/SubscriptionAggregatorMultiply.xml
----------------- Instantiating /home/travis/build/icyphy/ptII/ptolemy/actor/lib/test/auto/SubscriptionAggregatorMultiply.xml
2 ms. Memory: 1354752K Free: 182687K (13%)
----------------- Invoking toplevel() on ptolemy.moml.MoMLSimpleApplication@37b32c69
----------------- Done invoking toplevel() on ptolemy.moml.MoMLSimpleApplication@37b32c69
reloadAllAccessors: .SubscriptionAggregatorMultiply

===========================================================================================
----------------- testing Sat Nov 10 02:41:15 UTC 2018 /home/travis/build/icyphy/ptII/ptolemy/actor/lib/test/auto/SubscriptionAggregatorPortMultiply1.xml
----------------- Instantiating /home/travis/build/icyphy/ptII/ptolemy/actor/lib/test/auto/SubscriptionAggregatorPortMultiply1.xml
3 ms. Memory: 1354752K Free: 170307K (13%)
----------------- Invoking toplevel() on ptolemy.moml.MoMLSimpleApplication@648b7c42
----------------- Done invoking toplevel() on ptolemy.moml.MoMLSimpleApplication@648b7c42
reloadAllAccessors: .SubscriptionAggregatorPortMultiply1

===========================================================================================
----------------- testing Sat Nov 10 02:41:15 UTC 2018 /home/travis/build/icyphy/ptII/ptolemy/actor/lib/test/auto/Switch.xml
----------------- Instantiating /home/travis/build/icyphy/ptII/ptolemy/actor/lib/test/auto/Switch.xml
6 ms. Memory: 1354752K Free: 117276K (9%)
----------------- Invoking toplevel() on ptolemy.moml.MoMLSimpleApplication@1c2f26d7
----------------- Done invoking toplevel() on ptolemy.moml.MoMLSimpleApplication@1c2f26d7
reloadAllAccessors: .Switch

===========================================================================================
----------------- testing Sat Nov 10 02:41:15 UTC 2018 /home/travis/build/icyphy/ptII/ptolemy/actor/lib/test/auto/Switch2.xml
----------------- Instantiating /home/travis/build/icyphy/ptII/ptolemy/actor/lib/test/auto/Switch2.xml
1 ms. Memory: 1354752K Free: 101386K (7%)
----------------- Invoking toplevel() on ptolemy.moml.MoMLSimpleApplication@381ec4c4
----------------- Done invoking toplevel() on ptolemy.moml.MoMLSimpleApplication@381ec4c4
reloadAllAccessors: .Switch2

===========================================================================================
----------------- testing Sat Nov 10 02:41:15 UTC 2018 /home/travis/build/icyphy/ptII/ptolemy/actor/lib/test/auto/SwitchDE.xml
----------------- Instantiating /home/travis/build/icyphy/ptII/ptolemy/actor/lib/test/auto/SwitchDE.xml
2 ms. Memory: 1354752K Free: 85495K (6%)
----------------- Invoking toplevel() on ptolemy.moml.MoMLSimpleApplication@6ad00344
----------------- Done invoking toplevel() on ptolemy.moml.MoMLSimpleApplication@6ad00344
reloadAllAccessors: .SwitchDE

===========================================================================================
----------------- testing Sat Nov 10 02:41:15 UTC 2018 /home/travis/build/icyphy/ptII/ptolemy/actor/lib/test/auto/SynchronizerDE.xml
----------------- Instantiating /home/travis/build/icyphy/ptII/ptolemy/actor/lib/test/auto/SynchronizerDE.xml
18 ms. Memory: 1354240K Free: 1309824K (97%)
----------------- Invoking toplevel() on ptolemy.moml.MoMLSimpleApplication@6f2a3536
----------------- Done invoking toplevel() on ptolemy.moml.MoMLSimpleApplication@6f2a3536
reloadAllAccessors: .SynchronizerDE

===========================================================================================
----------------- testing Sat Nov 10 02:41:15 UTC 2018 /home/travis/build/icyphy/ptII/ptolemy/actor/lib/test/auto/Test.xml
----------------- Instantiating /home/travis/build/icyphy/ptII/ptolemy/actor/lib/test/auto/Test.xml
8 ms. Memory: 1354240K Free: 1291164K (95%)
----------------- Invoking toplevel() on ptolemy.moml.MoMLSimpleApplication@506cc167
----------------- Done invoking toplevel() on ptolemy.moml.MoMLSimpleApplication@506cc167
reloadAllAccessors: .Test

===========================================================================================
----------------- testing Sat Nov 10 02:41:15 UTC 2018 /home/travis/build/icyphy/ptII/ptolemy/actor/lib/test/auto/TestExceptionAttribute1.xml
----------------- Instantiating /home/travis/build/icyphy/ptII/ptolemy/actor/lib/test/auto/TestExceptionAttribute1.xml
0 ms. Memory: 1354240K Free: 1275660K (94%)
----------------- Invoking toplevel() on ptolemy.moml.MoMLSimpleApplication@719a2811
----------------- Done invoking toplevel() on ptolemy.moml.MoMLSimpleApplication@719a2811
reloadAllAccessors: .TestExceptionAttribute1

===========================================================================================
----------------- testing Sat Nov 10 02:41:15 UTC 2018 /home/travis/build/icyphy/ptII/ptolemy/actor/lib/test/auto/TestExceptionAttribute2.xml
----------------- Instantiating /home/travis/build/icyphy/ptII/ptolemy/actor/lib/test/auto/TestExceptionAttribute2.xml
2 ms. Memory: 1354240K Free: 1260156K (93%)
----------------- Invoking toplevel() on ptolemy.moml.MoMLSimpleApplication@2ad7997c
----------------- Done invoking toplevel() on ptolemy.moml.MoMLSimpleApplication@2ad7997c
reloadAllAccessors: .TestExceptionAttribute2

===========================================================================================
----------------- testing Sat Nov 10 02:41:15 UTC 2018 /home/travis/build/icyphy/ptII/ptolemy/actor/lib/test/auto/TestExceptionAttribute3.xml
----------------- Instantiating /home/travis/build/icyphy/ptII/ptolemy/actor/lib/test/auto/TestExceptionAttribute3.xml
.TestExceptionAttribute3.TestExceptionAttribute: initialize() was not invoked, but wrapup() was.  This is unusual, but not always a problem.  For example, exporting JNLP will do this.
1 ms. Memory: 1354240K Free: 1244652K (92%)
----------------- Invoking toplevel() on ptolemy.moml.MoMLSimpleApplication@5c7236ea
----------------- Done invoking toplevel() on ptolemy.moml.MoMLSimpleApplication@5c7236ea
reloadAllAccessors: .TestExceptionAttribute3

===========================================================================================
----------------- testing Sat Nov 10 02:41:15 UTC 2018 /home/travis/build/icyphy/ptII/ptolemy/actor/lib/test/auto/TestExceptionAttribute4.xml
----------------- Instantiating /home/travis/build/icyphy/ptII/ptolemy/actor/lib/test/auto/TestExceptionAttribute4.xml
.TestExceptionAttribute4.TestExceptionAttribute: initialize() was not invoked, but wrapup() was.  This is unusual, but not always a problem.  For example, exporting JNLP will do this.
.TestExceptionAttribute4.TestExceptionAttribute2: initialize() was not invoked, but wrapup() was.  This is unusual, but not always a problem.  For example, exporting JNLP will do this.
1 ms. Memory: 1354240K Free: 1232272K (91%)
----------------- Invoking toplevel() on ptolemy.moml.MoMLSimpleApplication@7165c29e
----------------- Done invoking toplevel() on ptolemy.moml.MoMLSimpleApplication@7165c29e
reloadAllAccessors: .TestExceptionAttribute4

===========================================================================================
----------------- testing Sat Nov 10 02:41:15 UTC 2018 /home/travis/build/icyphy/ptII/ptolemy/actor/lib/test/auto/TestExceptionHandler1.xml
----------------- Instantiating /home/travis/build/icyphy/ptII/ptolemy/actor/lib/test/auto/TestExceptionHandler1.xml
1 ms. Memory: 1354240K Free: 1216769K (90%)
----------------- Invoking toplevel() on ptolemy.moml.MoMLSimpleApplication@7d6fe813
----------------- Done invoking toplevel() on ptolemy.moml.MoMLSimpleApplication@7d6fe813
reloadAllAccessors: .TestExceptionHandler1

===========================================================================================
----------------- testing Sat Nov 10 02:41:15 UTC 2018 /home/travis/build/icyphy/ptII/ptolemy/actor/lib/test/auto/TestExceptionHandler2.xml
----------------- Instantiating /home/travis/build/icyphy/ptII/ptolemy/actor/lib/test/auto/TestExceptionHandler2.xml
1 ms. Memory: 1354240K Free: 1201265K (89%)
----------------- Invoking toplevel() on ptolemy.moml.MoMLSimpleApplication@43f78364
----------------- Done invoking toplevel() on ptolemy.moml.MoMLSimpleApplication@43f78364
reloadAllAccessors: .TestExceptionHandler2

===========================================================================================
----------------- testing Sat Nov 10 02:41:15 UTC 2018 /home/travis/build/icyphy/ptII/ptolemy/actor/lib/test/auto/TestExceptionHandler3.xml
----------------- Instantiating /home/travis/build/icyphy/ptII/ptolemy/actor/lib/test/auto/TestExceptionHandler3.xml
0 ms. Memory: 1354240K Free: 1185761K (88%)
----------------- Invoking toplevel() on ptolemy.moml.MoMLSimpleApplication@39cded5e
----------------- Done invoking toplevel() on ptolemy.moml.MoMLSimpleApplication@39cded5e
reloadAllAccessors: .TestExceptionHandler3

===========================================================================================
----------------- testing Sat Nov 10 02:41:15 UTC 2018 /home/travis/build/icyphy/ptII/ptolemy/actor/lib/test/auto/TestExceptionHandler4.xml
----------------- Instantiating /home/travis/build/icyphy/ptII/ptolemy/actor/lib/test/auto/TestExceptionHandler4.xml
1 ms. Memory: 1354240K Free: 1170258K (86%)
----------------- Invoking toplevel() on ptolemy.moml.MoMLSimpleApplication@339d95ff
----------------- Done invoking toplevel() on ptolemy.moml.MoMLSimpleApplication@339d95ff
reloadAllAccessors: .TestExceptionHandler4

===========================================================================================
----------------- testing Sat Nov 10 02:41:15 UTC 2018 /home/travis/build/icyphy/ptII/ptolemy/actor/lib/test/auto/TestRequireCorrectOrder.xml
----------------- Instantiating /home/travis/build/icyphy/ptII/ptolemy/actor/lib/test/auto/TestRequireCorrectOrder.xml
5 ms. Memory: 1354240K Free: 1157877K (86%)
----------------- Invoking toplevel() on ptolemy.moml.MoMLSimpleApplication@581bdb16
----------------- Done invoking toplevel() on ptolemy.moml.MoMLSimpleApplication@581bdb16
reloadAllAccessors: .TestRequireCorrectOrder

===========================================================================================
----------------- testing Sat Nov 10 02:41:15 UTC 2018 /home/travis/build/icyphy/ptII/ptolemy/actor/lib/test/auto/TestSimple.xml
----------------- Instantiating /home/travis/build/icyphy/ptII/ptolemy/actor/lib/test/auto/TestSimple.xml
1 ms. Memory: 1354240K Free: 1142374K (84%)
----------------- Invoking toplevel() on ptolemy.moml.MoMLSimpleApplication@9d0d59b
----------------- Done invoking toplevel() on ptolemy.moml.MoMLSimpleApplication@9d0d59b
reloadAllAccessors: .TestSimple

===========================================================================================
----------------- testing Sat Nov 10 02:41:15 UTC 2018 /home/travis/build/icyphy/ptII/ptolemy/actor/lib/test/auto/ThrowModelError.xml
----------------- Instantiating /home/travis/build/icyphy/ptII/ptolemy/actor/lib/test/auto/ThrowModelError.xml
1 ms. Memory: 1354240K Free: 1126870K (83%)
----------------- Invoking toplevel() on ptolemy.moml.MoMLSimpleApplication@1a5995b9
----------------- Done invoking toplevel() on ptolemy.moml.MoMLSimpleApplication@1a5995b9
reloadAllAccessors: .ThrowModelError

===========================================================================================
----------------- testing Sat Nov 10 02:41:15 UTC 2018 /home/travis/build/icyphy/ptII/ptolemy/actor/lib/test/auto/TimeDelayMicrosteps.xml
----------------- Instantiating /home/travis/build/icyphy/ptII/ptolemy/actor/lib/test/auto/TimeDelayMicrosteps.xml
2 ms. Memory: 1354240K Free: 1111367K (82%)
----------------- Invoking toplevel() on ptolemy.moml.MoMLSimpleApplication@31641c25
----------------- Done invoking toplevel() on ptolemy.moml.MoMLSimpleApplication@31641c25
reloadAllAccessors: .TimeDelayMicrosteps

===========================================================================================
----------------- testing Sat Nov 10 02:41:15 UTC 2018 /home/travis/build/icyphy/ptII/ptolemy/actor/lib/test/auto/TimeDelayMicrosteps2.xml
----------------- Instantiating /home/travis/build/icyphy/ptII/ptolemy/actor/lib/test/auto/TimeDelayMicrosteps2.xml
3 ms. Memory: 1354240K Free: 1095863K (81%)
----------------- Invoking toplevel() on ptolemy.moml.MoMLSimpleApplication@54e93684
----------------- Done invoking toplevel() on ptolemy.moml.MoMLSimpleApplication@54e93684
reloadAllAccessors: .TimeDelayMicrosteps2

===========================================================================================
----------------- testing Sat Nov 10 02:41:15 UTC 2018 /home/travis/build/icyphy/ptII/ptolemy/actor/lib/test/auto/TimeDelayMicrosteps3.xml
----------------- Instantiating /home/travis/build/icyphy/ptII/ptolemy/actor/lib/test/auto/TimeDelayMicrosteps3.xml
3 ms. Memory: 1354240K Free: 1083483K (80%)
----------------- Invoking toplevel() on ptolemy.moml.MoMLSimpleApplication@2f0ba7af
----------------- Done invoking toplevel() on ptolemy.moml.MoMLSimpleApplication@2f0ba7af
reloadAllAccessors: .TimeDelayMicrosteps3

===========================================================================================
----------------- testing Sat Nov 10 02:41:15 UTC 2018 /home/travis/build/icyphy/ptII/ptolemy/actor/lib/test/auto/TimeDelayVariableMicrosteps.xml
----------------- Instantiating /home/travis/build/icyphy/ptII/ptolemy/actor/lib/test/auto/TimeDelayVariableMicrosteps.xml
3 ms. Memory: 1354240K Free: 1067979K (79%)
----------------- Invoking toplevel() on ptolemy.moml.MoMLSimpleApplication@77cf3a89
----------------- Done invoking toplevel() on ptolemy.moml.MoMLSimpleApplication@77cf3a89
reloadAllAccessors: .TimeDelayVariableMicrosteps

===========================================================================================
----------------- testing Sat Nov 10 02:41:15 UTC 2018 /home/travis/build/icyphy/ptII/ptolemy/actor/lib/test/auto/TimeGap.xml
----------------- Instantiating /home/travis/build/icyphy/ptII/ptolemy/actor/lib/test/auto/TimeGap.xml
3 ms. Memory: 1354240K Free: 1052463K (78%)
----------------- Invoking toplevel() on ptolemy.moml.MoMLSimpleApplication@9f4c24e
----------------- Done invoking toplevel() on ptolemy.moml.MoMLSimpleApplication@9f4c24e
reloadAllAccessors: .TimeGap

===========================================================================================
----------------- testing Sat Nov 10 02:41:15 UTC 2018 /home/travis/build/icyphy/ptII/ptolemy/actor/lib/test/auto/TimeGap2.xml
----------------- Instantiating /home/travis/build/icyphy/ptII/ptolemy/actor/lib/test/auto/TimeGap2.xml
2 ms. Memory: 1354240K Free: 1036959K (77%)
----------------- Invoking toplevel() on ptolemy.moml.MoMLSimpleApplication@e57775e
----------------- Done invoking toplevel() on ptolemy.moml.MoMLSimpleApplication@e57775e
reloadAllAccessors: .TimeGap2

===========================================================================================
----------------- testing Sat Nov 10 02:41:15 UTC 2018 /home/travis/build/icyphy/ptII/ptolemy/actor/lib/test/auto/TimedSinewave.xml
----------------- Instantiating /home/travis/build/icyphy/ptII/ptolemy/actor/lib/test/auto/TimedSinewave.xml
22 ms. Memory: 1354240K Free: 1015265K (75%)
----------------- Invoking toplevel() on ptolemy.moml.MoMLSimpleApplication@443f2134
----------------- Done invoking toplevel() on ptolemy.moml.MoMLSimpleApplication@443f2134
reloadAllAccessors: .TimedSinewave

===========================================================================================
----------------- testing Sat Nov 10 02:41:15 UTC 2018 /home/travis/build/icyphy/ptII/ptolemy/actor/lib/test/auto/TimedSinewavePhase.xml
----------------- Instantiating /home/travis/build/icyphy/ptII/ptolemy/actor/lib/test/auto/TimedSinewavePhase.xml
8 ms. Memory: 1354240K Free: 996679K (74%)
----------------- Invoking toplevel() on ptolemy.moml.MoMLSimpleApplication@1c01cdc1
----------------- Done invoking toplevel() on ptolemy.moml.MoMLSimpleApplication@1c01cdc1
reloadAllAccessors: .TimedSinewavePhase

===========================================================================================
----------------- testing Sat Nov 10 02:41:16 UTC 2018 /home/travis/build/icyphy/ptII/ptolemy/actor/lib/test/auto/Timer.xml
----------------- Instantiating /home/travis/build/icyphy/ptII/ptolemy/actor/lib/test/auto/Timer.xml
2 ms. Memory: 1354240K Free: 981175K (72%)
----------------- Invoking toplevel() on ptolemy.moml.MoMLSimpleApplication@2d9d4bf
----------------- Done invoking toplevel() on ptolemy.moml.MoMLSimpleApplication@2d9d4bf
reloadAllAccessors: .Timer

===========================================================================================
----------------- testing Sat Nov 10 02:41:16 UTC 2018 /home/travis/build/icyphy/ptII/ptolemy/actor/lib/test/auto/TriangularDistTestModel.xml
----------------- Instantiating /home/travis/build/icyphy/ptII/ptolemy/actor/lib/test/auto/TriangularDistTestModel.xml
2 ms. Memory: 1354240K Free: 965672K (71%)
----------------- Invoking toplevel() on ptolemy.moml.MoMLSimpleApplication@2c723508
----------------- Done invoking toplevel() on ptolemy.moml.MoMLSimpleApplication@2c723508
reloadAllAccessors: .TriangularDistTestModel

===========================================================================================
----------------- testing Sat Nov 10 02:41:16 UTC 2018 /home/travis/build/icyphy/ptII/ptolemy/actor/lib/test/auto/TrigFunction.xml
----------------- Instantiating /home/travis/build/icyphy/ptII/ptolemy/actor/lib/test/auto/TrigFunction.xml
1 ms. Memory: 1354240K Free: 950168K (70%)
----------------- Invoking toplevel() on ptolemy.moml.MoMLSimpleApplication@7a4e22d2
----------------- Done invoking toplevel() on ptolemy.moml.MoMLSimpleApplication@7a4e22d2
reloadAllAccessors: .TrigFunction

===========================================================================================
----------------- testing Sat Nov 10 02:41:16 UTC 2018 /home/travis/build/icyphy/ptII/ptolemy/actor/lib/test/auto/TrigFunctionDE.xml
----------------- Instantiating /home/travis/build/icyphy/ptII/ptolemy/actor/lib/test/auto/TrigFunctionDE.xml
2 ms. Memory: 1354240K Free: 934665K (69%)
----------------- Invoking toplevel() on ptolemy.moml.MoMLSimpleApplication@5c49de3a
----------------- Done invoking toplevel() on ptolemy.moml.MoMLSimpleApplication@5c49de3a
reloadAllAccessors: .TrigFunctionDE

===========================================================================================
----------------- testing Sat Nov 10 02:41:16 UTC 2018 /home/travis/build/icyphy/ptII/ptolemy/actor/lib/test/auto/TrigFunctionInverse.xml
----------------- Instantiating /home/travis/build/icyphy/ptII/ptolemy/actor/lib/test/auto/TrigFunctionInverse.xml
2 ms. Memory: 1354240K Free: 922284K (68%)
----------------- Invoking toplevel() on ptolemy.moml.MoMLSimpleApplication@f5aa49
----------------- Done invoking toplevel() on ptolemy.moml.MoMLSimpleApplication@f5aa49
reloadAllAccessors: .TrigFunctionInverse

===========================================================================================
----------------- testing Sat Nov 10 02:41:16 UTC 2018 /home/travis/build/icyphy/ptII/ptolemy/actor/lib/test/auto/TrigFunctionTan.xml
----------------- Instantiating /home/travis/build/icyphy/ptII/ptolemy/actor/lib/test/auto/TrigFunctionTan.xml
2 ms. Memory: 1354240K Free: 906781K (67%)
----------------- Invoking toplevel() on ptolemy.moml.MoMLSimpleApplication@400a7088
----------------- Done invoking toplevel() on ptolemy.moml.MoMLSimpleApplication@400a7088
reloadAllAccessors: .TrigFunctionTan

===========================================================================================
----------------- testing Sat Nov 10 02:41:16 UTC 2018 /home/travis/build/icyphy/ptII/ptolemy/actor/lib/test/auto/TriggeredClock.xml
----------------- Instantiating /home/travis/build/icyphy/ptII/ptolemy/actor/lib/test/auto/TriggeredClock.xml
1 ms. Memory: 1354240K Free: 891277K (66%)
----------------- Invoking toplevel() on ptolemy.moml.MoMLSimpleApplication@49b02c9
----------------- Done invoking toplevel() on ptolemy.moml.MoMLSimpleApplication@49b02c9
reloadAllAccessors: .TriggeredClock

===========================================================================================
----------------- testing Sat Nov 10 02:41:16 UTC 2018 /home/travis/build/icyphy/ptII/ptolemy/actor/lib/test/auto/URLDirectoryReader.xml
----------------- Instantiating /home/travis/build/icyphy/ptII/ptolemy/actor/lib/test/auto/URLDirectoryReader.xml
26 ms. Memory: 1354240K Free: 875773K (65%)
----------------- Invoking toplevel() on ptolemy.moml.MoMLSimpleApplication@304bf526
----------------- Done invoking toplevel() on ptolemy.moml.MoMLSimpleApplication@304bf526
reloadAllAccessors: .URLDirectoryReader

===========================================================================================
----------------- testing Sat Nov 10 02:41:16 UTC 2018 /home/travis/build/icyphy/ptII/ptolemy/actor/lib/test/auto/URLDirectoryReader3.xml
----------------- Instantiating /home/travis/build/icyphy/ptII/ptolemy/actor/lib/test/auto/URLDirectoryReader3.xml
1096 ms. Memory: 1354240K Free: 823127K (61%)
----------------- Invoking toplevel() on ptolemy.moml.MoMLSimpleApplication@1ee5d883
----------------- Done invoking toplevel() on ptolemy.moml.MoMLSimpleApplication@1ee5d883
reloadAllAccessors: .URLDirectoryReader3

===========================================================================================
----------------- testing Sat Nov 10 02:41:17 UTC 2018 /home/travis/build/icyphy/ptII/ptolemy/actor/lib/test/auto/UnaryMathFunction.xml
----------------- Instantiating /home/travis/build/icyphy/ptII/ptolemy/actor/lib/test/auto/UnaryMathFunction.xml
7 ms. Memory: 1354240K Free: 810747K (60%)
----------------- Invoking toplevel() on ptolemy.moml.MoMLSimpleApplication@701b7fcd
----------------- Done invoking toplevel() on ptolemy.moml.MoMLSimpleApplication@701b7fcd
reloadAllAccessors: .UnaryMathFunction

===========================================================================================
----------------- testing Sat Nov 10 02:41:17 UTC 2018 /home/travis/build/icyphy/ptII/ptolemy/actor/lib/test/auto/Uniform.xml
----------------- Instantiating /home/travis/build/icyphy/ptII/ptolemy/actor/lib/test/auto/Uniform.xml
9 ms. Memory: 1354240K Free: 795243K (59%)
----------------- Invoking toplevel() on ptolemy.moml.MoMLSimpleApplication@33f73ba5
----------------- Done invoking toplevel() on ptolemy.moml.MoMLSimpleApplication@33f73ba5
reloadAllAccessors: .Uniform

===========================================================================================
----------------- testing Sat Nov 10 02:41:17 UTC 2018 /home/travis/build/icyphy/ptII/ptolemy/actor/lib/test/auto/UnionDisassemblerTest.xml
----------------- Instantiating /home/travis/build/icyphy/ptII/ptolemy/actor/lib/test/auto/UnionDisassemblerTest.xml
18 ms. Memory: 1354240K Free: 779739K (58%)
----------------- Invoking toplevel() on ptolemy.moml.MoMLSimpleApplication@16ad8735
----------------- Done invoking toplevel() on ptolemy.moml.MoMLSimpleApplication@16ad8735
reloadAllAccessors: .UnionDisassemblerTest

===========================================================================================
----------------- testing Sat Nov 10 02:41:17 UTC 2018 /home/travis/build/icyphy/ptII/ptolemy/actor/lib/test/auto/UtilityFunctions.xml
----------------- Instantiating /home/travis/build/icyphy/ptII/ptolemy/actor/lib/test/auto/UtilityFunctions.xml
6 ms. Memory: 1354240K Free: 764236K (56%)
----------------- Invoking toplevel() on ptolemy.moml.MoMLSimpleApplication@2450985
----------------- Done invoking toplevel() on ptolemy.moml.MoMLSimpleApplication@2450985
reloadAllAccessors: .UtilityFunctions

===========================================================================================
----------------- testing Sat Nov 10 02:41:17 UTC 2018 /home/travis/build/icyphy/ptII/ptolemy/actor/lib/test/auto/VariableSleep.xml
----------------- Instantiating /home/travis/build/icyphy/ptII/ptolemy/actor/lib/test/auto/VariableSleep.xml
503 ms. Memory: 1354240K Free: 748732K (55%)
----------------- Invoking toplevel() on ptolemy.moml.MoMLSimpleApplication@60db28d
----------------- Done invoking toplevel() on ptolemy.moml.MoMLSimpleApplication@60db28d
reloadAllAccessors: .VariableSleep

===========================================================================================
----------------- testing Sat Nov 10 02:41:18 UTC 2018 /home/travis/build/icyphy/ptII/ptolemy/actor/lib/test/auto/VectorAssemblerDisassemblerCT.xml
----------------- Instantiating /home/travis/build/icyphy/ptII/ptolemy/actor/lib/test/auto/VectorAssemblerDisassemblerCT.xml
43 ms. Memory: 1354240K Free: 723927K (53%)
----------------- Invoking toplevel() on ptolemy.moml.MoMLSimpleApplication@894b910
----------------- Done invoking toplevel() on ptolemy.moml.MoMLSimpleApplication@894b910
reloadAllAccessors: .VectorAssemblerDisassemblerCT

===========================================================================================
----------------- testing Sat Nov 10 02:41:18 UTC 2018 /home/travis/build/icyphy/ptII/ptolemy/actor/lib/test/auto/VectorAssemblerDisassemblerDE.xml
----------------- Instantiating /home/travis/build/icyphy/ptII/ptolemy/actor/lib/test/auto/VectorAssemblerDisassemblerDE.xml
2 ms. Memory: 1354240K Free: 708423K (52%)
----------------- Invoking toplevel() on ptolemy.moml.MoMLSimpleApplication@728a0dc9
----------------- Done invoking toplevel() on ptolemy.moml.MoMLSimpleApplication@728a0dc9
reloadAllAccessors: .VectorAssemblerDisassemblerDE

===========================================================================================
----------------- testing Sat Nov 10 02:41:18 UTC 2018 /home/travis/build/icyphy/ptII/ptolemy/actor/lib/test/auto/VectorAssemblerDisassemblerSDF.xml
----------------- Instantiating /home/travis/build/icyphy/ptII/ptolemy/actor/lib/test/auto/VectorAssemblerDisassemblerSDF.xml
2 ms. Memory: 1354240K Free: 692920K (51%)
----------------- Invoking toplevel() on ptolemy.moml.MoMLSimpleApplication@7298711f
----------------- Done invoking toplevel() on ptolemy.moml.MoMLSimpleApplication@7298711f
reloadAllAccessors: .VectorAssemblerDisassemblerSDF

===========================================================================================
----------------- testing Sat Nov 10 02:41:18 UTC 2018 /home/travis/build/icyphy/ptII/ptolemy/actor/lib/test/auto/WallClockTime.xml
----------------- Instantiating /home/travis/build/icyphy/ptII/ptolemy/actor/lib/test/auto/WallClockTime.xml
1003 ms. Memory: 1354240K Free: 677416K (50%)
----------------- Invoking toplevel() on ptolemy.moml.MoMLSimpleApplication@45c88396
----------------- Done invoking toplevel() on ptolemy.moml.MoMLSimpleApplication@45c88396
reloadAllAccessors: .WallClockTime

===========================================================================================
----------------- testing Sat Nov 10 02:41:19 UTC 2018 /home/travis/build/icyphy/ptII/ptolemy/actor/lib/test/auto/WidthTestWithSubscriberPublisher.xml
----------------- Instantiating /home/travis/build/icyphy/ptII/ptolemy/actor/lib/test/auto/WidthTestWithSubscriberPublisher.xml
6 ms. Memory: 1354240K Free: 649516K (48%)
----------------- Invoking toplevel() on ptolemy.moml.MoMLSimpleApplication@4a84408
----------------- Done invoking toplevel() on ptolemy.moml.MoMLSimpleApplication@4a84408
reloadAllAccessors: .WidthTestWithSubscriberPublisher

===========================================================================================
----------------- testing Sat Nov 10 02:41:19 UTC 2018 /home/travis/build/icyphy/ptII/ptolemy/actor/lib/test/auto/WidthTestWithSubscriberPublisher2.xml
----------------- Instantiating /home/travis/build/icyphy/ptII/ptolemy/actor/lib/test/auto/WidthTestWithSubscriberPublisher2.xml
2 ms. Memory: 1354240K Free: 634012K (47%)
----------------- Invoking toplevel() on ptolemy.moml.MoMLSimpleApplication@67ede6a8
----------------- Done invoking toplevel() on ptolemy.moml.MoMLSimpleApplication@67ede6a8
reloadAllAccessors: .WidthTestWithSubscriberPublisher2

===========================================================================================
----------------- testing Sat Nov 10 02:41:19 UTC 2018 /home/travis/build/icyphy/ptII/ptolemy/actor/lib/test/auto/WidthTestWithSubscriberPublisher3.xml
----------------- Instantiating /home/travis/build/icyphy/ptII/ptolemy/actor/lib/test/auto/WidthTestWithSubscriberPublisher3.xml
1 ms. Memory: 1354240K Free: 621632K (46%)
----------------- Invoking toplevel() on ptolemy.moml.MoMLSimpleApplication@772cf190
----------------- Done invoking toplevel() on ptolemy.moml.MoMLSimpleApplication@772cf190
reloadAllAccessors: .WidthTestWithSubscriberPublisher3

===========================================================================================
----------------- testing Sat Nov 10 02:41:19 UTC 2018 /home/travis/build/icyphy/ptII/ptolemy/actor/lib/test/auto/Writer.xml
----------------- Instantiating /home/travis/build/icyphy/ptII/ptolemy/actor/lib/test/auto/Writer.xml
0
1
2
3
4
2 ms. Memory: 1354240K Free: 606128K (45%)
----------------- Invoking toplevel() on ptolemy.moml.MoMLSimpleApplication@6ef0d5af
----------------- Done invoking toplevel() on ptolemy.moml.MoMLSimpleApplication@6ef0d5af
reloadAllAccessors: .Writer

===========================================================================================
----------------- testing Sat Nov 10 02:41:19 UTC 2018 /home/travis/build/icyphy/ptII/ptolemy/actor/lib/test/auto/array.xml
----------------- Instantiating /home/travis/build/icyphy/ptII/ptolemy/actor/lib/test/auto/array.xml
2 ms. Memory: 1354240K Free: 590624K (44%)
----------------- Invoking toplevel() on ptolemy.moml.MoMLSimpleApplication@41193a9f
----------------- Done invoking toplevel() on ptolemy.moml.MoMLSimpleApplication@41193a9f
reloadAllAccessors: .array

===========================================================================================
----------------- testing Sat Nov 10 02:41:19 UTC 2018 /home/travis/build/icyphy/ptII/ptolemy/actor/lib/test/auto/array2.xml
----------------- Instantiating /home/travis/build/icyphy/ptII/ptolemy/actor/lib/test/auto/array2.xml
5 ms. Memory: 1354240K Free: 575121K (42%)
----------------- Invoking toplevel() on ptolemy.moml.MoMLSimpleApplication@273ed910
----------------- Done invoking toplevel() on ptolemy.moml.MoMLSimpleApplication@273ed910
reloadAllAccessors: .array2

===========================================================================================
----------------- testing Sat Nov 10 02:41:19 UTC 2018 /home/travis/build/icyphy/ptII/ptolemy/actor/lib/test/auto/arrayType.xml
----------------- Instantiating /home/travis/build/icyphy/ptII/ptolemy/actor/lib/test/auto/arrayType.xml
2 ms. Memory: 1354240K Free: 559617K (41%)
----------------- Invoking toplevel() on ptolemy.moml.MoMLSimpleApplication@4730ba10
----------------- Done invoking toplevel() on ptolemy.moml.MoMLSimpleApplication@4730ba10
reloadAllAccessors: .arrayType

===========================================================================================
----------------- testing Sat Nov 10 02:41:19 UTC 2018 /home/travis/build/icyphy/ptII/ptolemy/actor/lib/test/auto/arrayType10.xml
----------------- Instantiating /home/travis/build/icyphy/ptII/ptolemy/actor/lib/test/auto/arrayType10.xml
1 ms. Memory: 1354240K Free: 547237K (40%)
----------------- Invoking toplevel() on ptolemy.moml.MoMLSimpleApplication@4f2e636
----------------- Done invoking toplevel() on ptolemy.moml.MoMLSimpleApplication@4f2e636
reloadAllAccessors: .arrayType10

===========================================================================================
----------------- testing Sat Nov 10 02:41:19 UTC 2018 /home/travis/build/icyphy/ptII/ptolemy/actor/lib/test/auto/arrayType11.xml
----------------- Instantiating /home/travis/build/icyphy/ptII/ptolemy/actor/lib/test/auto/arrayType11.xml
1 ms. Memory: 1354240K Free: 531733K (39%)
----------------- Invoking toplevel() on ptolemy.moml.MoMLSimpleApplication@6af4ddea
----------------- Done invoking toplevel() on ptolemy.moml.MoMLSimpleApplication@6af4ddea
reloadAllAccessors: .arrayType11

===========================================================================================
----------------- testing Sat Nov 10 02:41:19 UTC 2018 /home/travis/build/icyphy/ptII/ptolemy/actor/lib/test/auto/arrayType12.xml
----------------- Instantiating /home/travis/build/icyphy/ptII/ptolemy/actor/lib/test/auto/arrayType12.xml
1 ms. Memory: 1354240K Free: 516230K (38%)
----------------- Invoking toplevel() on ptolemy.moml.MoMLSimpleApplication@449e433e
----------------- Done invoking toplevel() on ptolemy.moml.MoMLSimpleApplication@449e433e
reloadAllAccessors: .arrayType12

===========================================================================================
----------------- testing Sat Nov 10 02:41:19 UTC 2018 /home/travis/build/icyphy/ptII/ptolemy/actor/lib/test/auto/arrayType13.xml
----------------- Instantiating /home/travis/build/icyphy/ptII/ptolemy/actor/lib/test/auto/arrayType13.xml
2 ms. Memory: 1354240K Free: 500726K (37%)
----------------- Invoking toplevel() on ptolemy.moml.MoMLSimpleApplication@435d6c95
----------------- Done invoking toplevel() on ptolemy.moml.MoMLSimpleApplication@435d6c95
reloadAllAccessors: .arrayType13

===========================================================================================
----------------- testing Sat Nov 10 02:41:19 UTC 2018 /home/travis/build/icyphy/ptII/ptolemy/actor/lib/test/auto/arrayType14.xml
----------------- Instantiating /home/travis/build/icyphy/ptII/ptolemy/actor/lib/test/auto/arrayType14.xml
2 ms. Memory: 1354240K Free: 485223K (36%)
----------------- Invoking toplevel() on ptolemy.moml.MoMLSimpleApplication@4cf8e13
----------------- Done invoking toplevel() on ptolemy.moml.MoMLSimpleApplication@4cf8e13
reloadAllAccessors: .arrayType14

===========================================================================================
----------------- testing Sat Nov 10 02:41:19 UTC 2018 /home/travis/build/icyphy/ptII/ptolemy/actor/lib/test/auto/arrayType15.xml
----------------- Instantiating /home/travis/build/icyphy/ptII/ptolemy/actor/lib/test/auto/arrayType15.xml
1 ms. Memory: 1354240K Free: 472842K (35%)
----------------- Invoking toplevel() on ptolemy.moml.MoMLSimpleApplication@1bc92bc6
----------------- Done invoking toplevel() on ptolemy.moml.MoMLSimpleApplication@1bc92bc6
reloadAllAccessors: .arrayType15

===========================================================================================
----------------- testing Sat Nov 10 02:41:19 UTC 2018 /home/travis/build/icyphy/ptII/ptolemy/actor/lib/test/auto/arrayType16.xml
----------------- Instantiating /home/travis/build/icyphy/ptII/ptolemy/actor/lib/test/auto/arrayType16.xml
1 ms. Memory: 1354240K Free: 457339K (34%)
----------------- Invoking toplevel() on ptolemy.moml.MoMLSimpleApplication@1d7f1f0c
----------------- Done invoking toplevel() on ptolemy.moml.MoMLSimpleApplication@1d7f1f0c
reloadAllAccessors: .arrayType16

===========================================================================================
----------------- testing Sat Nov 10 02:41:19 UTC 2018 /home/travis/build/icyphy/ptII/ptolemy/actor/lib/test/auto/arrayType17.xml
----------------- Instantiating /home/travis/build/icyphy/ptII/ptolemy/actor/lib/test/auto/arrayType17.xml
1 ms. Memory: 1354240K Free: 441835K (33%)
----------------- Invoking toplevel() on ptolemy.moml.MoMLSimpleApplication@3b9733b0
----------------- Done invoking toplevel() on ptolemy.moml.MoMLSimpleApplication@3b9733b0
reloadAllAccessors: .arrayType17

===========================================================================================
----------------- testing Sat Nov 10 02:41:19 UTC 2018 /home/travis/build/icyphy/ptII/ptolemy/actor/lib/test/auto/arrayType18.xml
----------------- Instantiating /home/travis/build/icyphy/ptII/ptolemy/actor/lib/test/auto/arrayType18.xml
2 ms. Memory: 1354240K Free: 426331K (31%)
----------------- Invoking toplevel() on ptolemy.moml.MoMLSimpleApplication@e211346
----------------- Done invoking toplevel() on ptolemy.moml.MoMLSimpleApplication@e211346
reloadAllAccessors: .arrayType18

===========================================================================================
----------------- testing Sat Nov 10 02:41:19 UTC 2018 /home/travis/build/icyphy/ptII/ptolemy/actor/lib/test/auto/arrayType19.xml
----------------- Instantiating /home/travis/build/icyphy/ptII/ptolemy/actor/lib/test/auto/arrayType19.xml
1 ms. Memory: 1354240K Free: 410827K (30%)
----------------- Invoking toplevel() on ptolemy.moml.MoMLSimpleApplication@59ba6150
----------------- Done invoking toplevel() on ptolemy.moml.MoMLSimpleApplication@59ba6150
reloadAllAccessors: .arrayType19

===========================================================================================
----------------- testing Sat Nov 10 02:41:19 UTC 2018 /home/travis/build/icyphy/ptII/ptolemy/actor/lib/test/auto/arrayType2.xml
----------------- Instantiating /home/travis/build/icyphy/ptII/ptolemy/actor/lib/test/auto/arrayType2.xml
1 ms. Memory: 1354240K Free: 395324K (29%)
----------------- Invoking toplevel() on ptolemy.moml.MoMLSimpleApplication@16aa3692
----------------- Done invoking toplevel() on ptolemy.moml.MoMLSimpleApplication@16aa3692
reloadAllAccessors: .arrayType2

===========================================================================================
----------------- testing Sat Nov 10 02:41:19 UTC 2018 /home/travis/build/icyphy/ptII/ptolemy/actor/lib/test/auto/arrayType20.xml
----------------- Instantiating /home/travis/build/icyphy/ptII/ptolemy/actor/lib/test/auto/arrayType20.xml
2 ms. Memory: 1354240K Free: 382943K (28%)
----------------- Invoking toplevel() on ptolemy.moml.MoMLSimpleApplication@2801fa4a
----------------- Done invoking toplevel() on ptolemy.moml.MoMLSimpleApplication@2801fa4a
reloadAllAccessors: .arrayType20

===========================================================================================
----------------- testing Sat Nov 10 02:41:19 UTC 2018 /home/travis/build/icyphy/ptII/ptolemy/actor/lib/test/auto/arrayType21.xml
----------------- Instantiating /home/travis/build/icyphy/ptII/ptolemy/actor/lib/test/auto/arrayType21.xml
1 ms. Memory: 1354240K Free: 367440K (27%)
----------------- Invoking toplevel() on ptolemy.moml.MoMLSimpleApplication@51c167d3
----------------- Done invoking toplevel() on ptolemy.moml.MoMLSimpleApplication@51c167d3
reloadAllAccessors: .arrayType21

===========================================================================================
----------------- testing Sat Nov 10 02:41:19 UTC 2018 /home/travis/build/icyphy/ptII/ptolemy/actor/lib/test/auto/arrayType22.xml
----------------- Instantiating /home/travis/build/icyphy/ptII/ptolemy/actor/lib/test/auto/arrayType22.xml
1 ms. Memory: 1354240K Free: 351936K (26%)
----------------- Invoking toplevel() on ptolemy.moml.MoMLSimpleApplication@515ef8c
----------------- Done invoking toplevel() on ptolemy.moml.MoMLSimpleApplication@515ef8c
reloadAllAccessors: .arrayType22

===========================================================================================
----------------- testing Sat Nov 10 02:41:19 UTC 2018 /home/travis/build/icyphy/ptII/ptolemy/actor/lib/test/auto/arrayType23.xml
----------------- Instantiating /home/travis/build/icyphy/ptII/ptolemy/actor/lib/test/auto/arrayType23.xml
1 ms. Memory: 1354240K Free: 336432K (25%)
----------------- Invoking toplevel() on ptolemy.moml.MoMLSimpleApplication@260b765e
----------------- Done invoking toplevel() on ptolemy.moml.MoMLSimpleApplication@260b765e
reloadAllAccessors: .arrayType23

===========================================================================================
----------------- testing Sat Nov 10 02:41:19 UTC 2018 /home/travis/build/icyphy/ptII/ptolemy/actor/lib/test/auto/arrayType24.xml
----------------- Instantiating /home/travis/build/icyphy/ptII/ptolemy/actor/lib/test/auto/arrayType24.xml
2 ms. Memory: 1354240K Free: 320929K (24%)
----------------- Invoking toplevel() on ptolemy.moml.MoMLSimpleApplication@a82d6df
----------------- Done invoking toplevel() on ptolemy.moml.MoMLSimpleApplication@a82d6df
reloadAllAccessors: .arrayType24

===========================================================================================
----------------- testing Sat Nov 10 02:41:19 UTC 2018 /home/travis/build/icyphy/ptII/ptolemy/actor/lib/test/auto/arrayType25.xml
----------------- Instantiating /home/travis/build/icyphy/ptII/ptolemy/actor/lib/test/auto/arrayType25.xml
1 ms. Memory: 1354240K Free: 308548K (23%)
----------------- Invoking toplevel() on ptolemy.moml.MoMLSimpleApplication@3c007d3b
----------------- Done invoking toplevel() on ptolemy.moml.MoMLSimpleApplication@3c007d3b
reloadAllAccessors: .arrayType25

===========================================================================================
----------------- testing Sat Nov 10 02:41:19 UTC 2018 /home/travis/build/icyphy/ptII/ptolemy/actor/lib/test/auto/arrayType26.xml
----------------- Instantiating /home/travis/build/icyphy/ptII/ptolemy/actor/lib/test/auto/arrayType26.xml
1 ms. Memory: 1354240K Free: 293045K (22%)
----------------- Invoking toplevel() on ptolemy.moml.MoMLSimpleApplication@36e4748e
----------------- Done invoking toplevel() on ptolemy.moml.MoMLSimpleApplication@36e4748e
reloadAllAccessors: .arrayType26

===========================================================================================
----------------- testing Sat Nov 10 02:41:19 UTC 2018 /home/travis/build/icyphy/ptII/ptolemy/actor/lib/test/auto/arrayType27.xml
----------------- Instantiating /home/travis/build/icyphy/ptII/ptolemy/actor/lib/test/auto/arrayType27.xml
1 ms. Memory: 1354240K Free: 277541K (20%)
----------------- Invoking toplevel() on ptolemy.moml.MoMLSimpleApplication@17818955
----------------- Done invoking toplevel() on ptolemy.moml.MoMLSimpleApplication@17818955
reloadAllAccessors: .arrayType27

===========================================================================================
----------------- testing Sat Nov 10 02:41:19 UTC 2018 /home/travis/build/icyphy/ptII/ptolemy/actor/lib/test/auto/arrayType28.xml
----------------- Instantiating /home/travis/build/icyphy/ptII/ptolemy/actor/lib/test/auto/arrayType28.xml
2 ms. Memory: 1354240K Free: 262037K (19%)
----------------- Invoking toplevel() on ptolemy.moml.MoMLSimpleApplication@71f4d78e
----------------- Done invoking toplevel() on ptolemy.moml.MoMLSimpleApplication@71f4d78e
reloadAllAccessors: .arrayType28

===========================================================================================
----------------- testing Sat Nov 10 02:41:19 UTC 2018 /home/travis/build/icyphy/ptII/ptolemy/actor/lib/test/auto/arrayType3.xml
----------------- Instantiating /home/travis/build/icyphy/ptII/ptolemy/actor/lib/test/auto/arrayType3.xml
5 ms. Memory: 1354240K Free: 246534K (18%)
----------------- Invoking toplevel() on ptolemy.moml.MoMLSimpleApplication@50c26f7c
----------------- Done invoking toplevel() on ptolemy.moml.MoMLSimpleApplication@50c26f7c
reloadAllAccessors: .arrayType3

===========================================================================================
----------------- testing Sat Nov 10 02:41:19 UTC 2018 /home/travis/build/icyphy/ptII/ptolemy/actor/lib/test/auto/arrayType4.xml
----------------- Instantiating /home/travis/build/icyphy/ptII/ptolemy/actor/lib/test/auto/arrayType4.xml
2 ms. Memory: 1354240K Free: 234153K (17%)
----------------- Invoking toplevel() on ptolemy.moml.MoMLSimpleApplication@2f0374b1
----------------- Done invoking toplevel() on ptolemy.moml.MoMLSimpleApplication@2f0374b1
reloadAllAccessors: .arrayType4

===========================================================================================
----------------- testing Sat Nov 10 02:41:19 UTC 2018 /home/travis/build/icyphy/ptII/ptolemy/actor/lib/test/auto/arrayType5.xml
----------------- Instantiating /home/travis/build/icyphy/ptII/ptolemy/actor/lib/test/auto/arrayType5.xml
2 ms. Memory: 1354240K Free: 218650K (16%)
----------------- Invoking toplevel() on ptolemy.moml.MoMLSimpleApplication@4051e286
----------------- Done invoking toplevel() on ptolemy.moml.MoMLSimpleApplication@4051e286
reloadAllAccessors: .arrayType5

===========================================================================================
----------------- testing Sat Nov 10 02:41:19 UTC 2018 /home/travis/build/icyphy/ptII/ptolemy/actor/lib/test/auto/arrayType6.xml
----------------- Instantiating /home/travis/build/icyphy/ptII/ptolemy/actor/lib/test/auto/arrayType6.xml
1 ms. Memory: 1354240K Free: 203146K (15%)
----------------- Invoking toplevel() on ptolemy.moml.MoMLSimpleApplication@7a8ce1d3
----------------- Done invoking toplevel() on ptolemy.moml.MoMLSimpleApplication@7a8ce1d3
reloadAllAccessors: .arrayType6

===========================================================================================
----------------- testing Sat Nov 10 02:41:19 UTC 2018 /home/travis/build/icyphy/ptII/ptolemy/actor/lib/test/auto/arrayType7.xml
----------------- Instantiating /home/travis/build/icyphy/ptII/ptolemy/actor/lib/test/auto/arrayType7.xml
1 ms. Memory: 1354240K Free: 187642K (14%)
----------------- Invoking toplevel() on ptolemy.moml.MoMLSimpleApplication@13f7de97
----------------- Done invoking toplevel() on ptolemy.moml.MoMLSimpleApplication@13f7de97
reloadAllAccessors: .arrayType7

===========================================================================================
----------------- testing Sat Nov 10 02:41:19 UTC 2018 /home/travis/build/icyphy/ptII/ptolemy/actor/lib/test/auto/arrayType8.xml
----------------- Instantiating /home/travis/build/icyphy/ptII/ptolemy/actor/lib/test/auto/arrayType8.xml
2 ms. Memory: 1354240K Free: 172139K (13%)
----------------- Invoking toplevel() on ptolemy.moml.MoMLSimpleApplication@24f7a79d
----------------- Done invoking toplevel() on ptolemy.moml.MoMLSimpleApplication@24f7a79d
reloadAllAccessors: .arrayType8

===========================================================================================
----------------- testing Sat Nov 10 02:41:19 UTC 2018 /home/travis/build/icyphy/ptII/ptolemy/actor/lib/test/auto/arrayType9.xml
----------------- Instantiating /home/travis/build/icyphy/ptII/ptolemy/actor/lib/test/auto/arrayType9.xml
2 ms. Memory: 1354240K Free: 156635K (12%)
----------------- Invoking toplevel() on ptolemy.moml.MoMLSimpleApplication@22e0f72b
----------------- Done invoking toplevel() on ptolemy.moml.MoMLSimpleApplication@22e0f72b
reloadAllAccessors: .arrayType9

===========================================================================================
----------------- testing Sat Nov 10 02:41:19 UTC 2018 /home/travis/build/icyphy/ptII/ptolemy/actor/lib/test/auto/cast.xml
----------------- Instantiating /home/travis/build/icyphy/ptII/ptolemy/actor/lib/test/auto/cast.xml
10 ms. Memory: 1354240K Free: 144255K (11%)
----------------- Invoking toplevel() on ptolemy.moml.MoMLSimpleApplication@547cdc39
----------------- Done invoking toplevel() on ptolemy.moml.MoMLSimpleApplication@547cdc39
reloadAllAccessors: .cast

===========================================================================================
----------------- testing Sat Nov 10 02:41:19 UTC 2018 /home/travis/build/icyphy/ptII/ptolemy/actor/lib/test/auto/compositeMultiPort.xml
----------------- Instantiating /home/travis/build/icyphy/ptII/ptolemy/actor/lib/test/auto/compositeMultiPort.xml
3 ms. Memory: 1354240K Free: 128751K (10%)
----------------- Invoking toplevel() on ptolemy.moml.MoMLSimpleApplication@1f10790e
----------------- Done invoking toplevel() on ptolemy.moml.MoMLSimpleApplication@1f10790e
reloadAllAccessors: .compositeMultiPort

===========================================================================================
----------------- testing Sat Nov 10 02:41:20 UTC 2018 /home/travis/build/icyphy/ptII/ptolemy/actor/lib/test/auto/expressionCastInference.xml
----------------- Instantiating /home/travis/build/icyphy/ptII/ptolemy/actor/lib/test/auto/expressionCastInference.xml
3 ms. Memory: 1354240K Free: 113247K (8%)
----------------- Invoking toplevel() on ptolemy.moml.MoMLSimpleApplication@6fc4e0b5
----------------- Done invoking toplevel() on ptolemy.moml.MoMLSimpleApplication@6fc4e0b5
reloadAllAccessors: .expressionCastInference

===========================================================================================
----------------- testing Sat Nov 10 02:41:20 UTC 2018 /home/travis/build/icyphy/ptII/ptolemy/actor/lib/test/auto/expressionCastInference2.xml
----------------- Instantiating /home/travis/build/icyphy/ptII/ptolemy/actor/lib/test/auto/expressionCastInference2.xml
2 ms. Memory: 1354240K Free: 97744K (7%)
----------------- Invoking toplevel() on ptolemy.moml.MoMLSimpleApplication@54939845
----------------- Done invoking toplevel() on ptolemy.moml.MoMLSimpleApplication@54939845
reloadAllAccessors: .expressionCastInference2

===========================================================================================
----------------- testing Sat Nov 10 02:41:20 UTC 2018 /home/travis/build/icyphy/ptII/ptolemy/actor/lib/test/auto/expressionInference.xml
----------------- Instantiating /home/travis/build/icyphy/ptII/ptolemy/actor/lib/test/auto/expressionInference.xml
1 ms. Memory: 1354240K Free: 82240K (6%)
----------------- Invoking toplevel() on ptolemy.moml.MoMLSimpleApplication@32a7eef7
----------------- Done invoking toplevel() on ptolemy.moml.MoMLSimpleApplication@32a7eef7
reloadAllAccessors: .expressionInference

===========================================================================================
----------------- testing Sat Nov 10 02:41:20 UTC 2018 /home/travis/build/icyphy/ptII/ptolemy/actor/lib/test/auto/expression_bug.xml
----------------- Instantiating /home/travis/build/icyphy/ptII/ptolemy/actor/lib/test/auto/expression_bug.xml
15 ms. Memory: 1410560K Free: 1361663K (97%)
----------------- Invoking toplevel() on ptolemy.moml.MoMLSimpleApplication@195a0818
----------------- Done invoking toplevel() on ptolemy.moml.MoMLSimpleApplication@195a0818
reloadAllAccessors: .expression_bug

===========================================================================================
----------------- testing Sat Nov 10 02:41:20 UTC 2018 /home/travis/build/icyphy/ptII/ptolemy/actor/lib/test/auto/factorial.xml
----------------- Instantiating /home/travis/build/icyphy/ptII/ptolemy/actor/lib/test/auto/factorial.xml
40 ms. Memory: 1410560K Free: 1333291K (95%)
----------------- Invoking toplevel() on ptolemy.moml.MoMLSimpleApplication@1f7baa4
----------------- Done invoking toplevel() on ptolemy.moml.MoMLSimpleApplication@1f7baa4
reloadAllAccessors: .factorial

===========================================================================================
----------------- testing Sat Nov 10 02:41:20 UTC 2018 /home/travis/build/icyphy/ptII/ptolemy/actor/lib/test/auto/filterTest1.xml
----------------- Instantiating /home/travis/build/icyphy/ptII/ptolemy/actor/lib/test/auto/filterTest1.xml
3 ms. Memory: 1410560K Free: 1316655K (93%)
----------------- Invoking toplevel() on ptolemy.moml.MoMLSimpleApplication@4cc0472
----------------- Done invoking toplevel() on ptolemy.moml.MoMLSimpleApplication@4cc0472
reloadAllAccessors: .filterTest1

===========================================================================================
----------------- testing Sat Nov 10 02:41:20 UTC 2018 /home/travis/build/icyphy/ptII/ptolemy/actor/lib/test/auto/funcApplyInConst.xml
----------------- Instantiating /home/travis/build/icyphy/ptII/ptolemy/actor/lib/test/auto/funcApplyInConst.xml
1 ms. Memory: 1410560K Free: 1300019K (92%)
----------------- Invoking toplevel() on ptolemy.moml.MoMLSimpleApplication@1e03285d
----------------- Done invoking toplevel() on ptolemy.moml.MoMLSimpleApplication@1e03285d
reloadAllAccessors: .funcApplyInConst

===========================================================================================
----------------- testing Sat Nov 10 02:41:20 UTC 2018 /home/travis/build/icyphy/ptII/ptolemy/actor/lib/test/auto/funcApplyInExpr.xml
----------------- Instantiating /home/travis/build/icyphy/ptII/ptolemy/actor/lib/test/auto/funcApplyInExpr.xml
1 ms. Memory: 1410560K Free: 1286989K (91%)
----------------- Invoking toplevel() on ptolemy.moml.MoMLSimpleApplication@2244edf
----------------- Done invoking toplevel() on ptolemy.moml.MoMLSimpleApplication@2244edf
reloadAllAccessors: .funcApplyInExpr

===========================================================================================
----------------- testing Sat Nov 10 02:41:20 UTC 2018 /home/travis/build/icyphy/ptII/ptolemy/actor/lib/test/auto/function.xml
----------------- Instantiating /home/travis/build/icyphy/ptII/ptolemy/actor/lib/test/auto/function.xml
1 ms. Memory: 1410560K Free: 1270353K (90%)
----------------- Invoking toplevel() on ptolemy.moml.MoMLSimpleApplication@7e94c563
----------------- Done invoking toplevel() on ptolemy.moml.MoMLSimpleApplication@7e94c563
reloadAllAccessors: .function

===========================================================================================
----------------- testing Sat Nov 10 02:41:20 UTC 2018 /home/travis/build/icyphy/ptII/ptolemy/actor/lib/test/auto/function2.xml
----------------- Instantiating /home/travis/build/icyphy/ptII/ptolemy/actor/lib/test/auto/function2.xml
1 ms. Memory: 1410560K Free: 1253717K (89%)
----------------- Invoking toplevel() on ptolemy.moml.MoMLSimpleApplication@4e1a00e1
----------------- Done invoking toplevel() on ptolemy.moml.MoMLSimpleApplication@4e1a00e1
reloadAllAccessors: .function2

===========================================================================================
----------------- testing Sat Nov 10 02:41:20 UTC 2018 /home/travis/build/icyphy/ptII/ptolemy/actor/lib/test/auto/function3.xml
----------------- Instantiating /home/travis/build/icyphy/ptII/ptolemy/actor/lib/test/auto/function3.xml
1 ms. Memory: 1410560K Free: 1237081K (88%)
----------------- Invoking toplevel() on ptolemy.moml.MoMLSimpleApplication@3377ddbd
----------------- Done invoking toplevel() on ptolemy.moml.MoMLSimpleApplication@3377ddbd
reloadAllAccessors: .function3

===========================================================================================
----------------- testing Sat Nov 10 02:41:20 UTC 2018 /home/travis/build/icyphy/ptII/ptolemy/actor/lib/test/auto/functionClosureTest1.xml
----------------- Instantiating /home/travis/build/icyphy/ptII/ptolemy/actor/lib/test/auto/functionClosureTest1.xml
1 ms. Memory: 1410560K Free: 1224051K (87%)
----------------- Invoking toplevel() on ptolemy.moml.MoMLSimpleApplication@6dfc4fea
----------------- Done invoking toplevel() on ptolemy.moml.MoMLSimpleApplication@6dfc4fea
reloadAllAccessors: .functionClosureTest1

===========================================================================================
----------------- testing Sat Nov 10 02:41:20 UTC 2018 /home/travis/build/icyphy/ptII/ptolemy/actor/lib/test/auto/functionClosureTest2.xml
----------------- Instantiating /home/travis/build/icyphy/ptII/ptolemy/actor/lib/test/auto/functionClosureTest2.xml
1 ms. Memory: 1410560K Free: 1207415K (86%)
----------------- Invoking toplevel() on ptolemy.moml.MoMLSimpleApplication@692d4159
----------------- Done invoking toplevel() on ptolemy.moml.MoMLSimpleApplication@692d4159
reloadAllAccessors: .functionClosureTest2

===========================================================================================
----------------- testing Sat Nov 10 02:41:20 UTC 2018 /home/travis/build/icyphy/ptII/ptolemy/actor/lib/test/auto/functionClosureTest3.xml
----------------- Instantiating /home/travis/build/icyphy/ptII/ptolemy/actor/lib/test/auto/functionClosureTest3.xml
2 ms. Memory: 1410560K Free: 1190779K (84%)
----------------- Invoking toplevel() on ptolemy.moml.MoMLSimpleApplication@5fc4d9d
----------------- Done invoking toplevel() on ptolemy.moml.MoMLSimpleApplication@5fc4d9d
reloadAllAccessors: .functionClosureTest3

===========================================================================================
----------------- testing Sat Nov 10 02:41:20 UTC 2018 /home/travis/build/icyphy/ptII/ptolemy/actor/lib/test/auto/functionClosureTest4.xml
----------------- Instantiating /home/travis/build/icyphy/ptII/ptolemy/actor/lib/test/auto/functionClosureTest4.xml
3 ms. Memory: 1410560K Free: 1177748K (83%)
----------------- Invoking toplevel() on ptolemy.moml.MoMLSimpleApplication@7edade58
----------------- Done invoking toplevel() on ptolemy.moml.MoMLSimpleApplication@7edade58
reloadAllAccessors: .functionClosureTest4

===========================================================================================
----------------- testing Sat Nov 10 02:41:20 UTC 2018 /home/travis/build/icyphy/ptII/ptolemy/actor/lib/test/auto/functionClosureTest5.xml
----------------- Instantiating /home/travis/build/icyphy/ptII/ptolemy/actor/lib/test/auto/functionClosureTest5.xml
4 ms. Memory: 1410560K Free: 1161112K (82%)
----------------- Invoking toplevel() on ptolemy.moml.MoMLSimpleApplication@7497c6e9
----------------- Done invoking toplevel() on ptolemy.moml.MoMLSimpleApplication@7497c6e9
reloadAllAccessors: .functionClosureTest5

===========================================================================================
----------------- testing Sat Nov 10 02:41:20 UTC 2018 /home/travis/build/icyphy/ptII/ptolemy/actor/lib/test/auto/functionClosureTest6.xml
----------------- Instantiating /home/travis/build/icyphy/ptII/ptolemy/actor/lib/test/auto/functionClosureTest6.xml
1 ms. Memory: 1410560K Free: 1144476K (81%)
----------------- Invoking toplevel() on ptolemy.moml.MoMLSimpleApplication@7c430f18
----------------- Done invoking toplevel() on ptolemy.moml.MoMLSimpleApplication@7c430f18
reloadAllAccessors: .functionClosureTest6

===========================================================================================
----------------- testing Sat Nov 10 02:41:20 UTC 2018 /home/travis/build/icyphy/ptII/ptolemy/actor/lib/test/auto/functionsOnArcs.xml
----------------- Instantiating /home/travis/build/icyphy/ptII/ptolemy/actor/lib/test/auto/functionsOnArcs.xml
2 ms. Memory: 1410560K Free: 1127840K (80%)
----------------- Invoking toplevel() on ptolemy.moml.MoMLSimpleApplication@44c56904
----------------- Done invoking toplevel() on ptolemy.moml.MoMLSimpleApplication@44c56904
reloadAllAccessors: .functionsOnArcs

===========================================================================================
----------------- testing Sat Nov 10 02:41:20 UTC 2018 /home/travis/build/icyphy/ptII/ptolemy/actor/lib/test/auto/functionsOnArcsHOF.xml
----------------- Instantiating /home/travis/build/icyphy/ptII/ptolemy/actor/lib/test/auto/functionsOnArcsHOF.xml
3 ms. Memory: 1410560K Free: 1114810K (79%)
----------------- Invoking toplevel() on ptolemy.moml.MoMLSimpleApplication@10089af7
----------------- Done invoking toplevel() on ptolemy.moml.MoMLSimpleApplication@10089af7
reloadAllAccessors: .functionsOnArcsHOF

===========================================================================================
----------------- testing Sat Nov 10 02:41:20 UTC 2018 /home/travis/build/icyphy/ptII/ptolemy/actor/lib/test/auto/logic.xml
----------------- Instantiating /home/travis/build/icyphy/ptII/ptolemy/actor/lib/test/auto/logic.xml
2 ms. Memory: 1410560K Free: 1098174K (78%)
----------------- Invoking toplevel() on ptolemy.moml.MoMLSimpleApplication@706c241d
----------------- Done invoking toplevel() on ptolemy.moml.MoMLSimpleApplication@706c241d
reloadAllAccessors: .logic

===========================================================================================
----------------- testing Sat Nov 10 02:41:20 UTC 2018 /home/travis/build/icyphy/ptII/ptolemy/actor/lib/test/auto/matrixType.xml
----------------- Instantiating /home/travis/build/icyphy/ptII/ptolemy/actor/lib/test/auto/matrixType.xml
1 ms. Memory: 1410560K Free: 1081538K (77%)
----------------- Invoking toplevel() on ptolemy.moml.MoMLSimpleApplication@3a7ee656
----------------- Done invoking toplevel() on ptolemy.moml.MoMLSimpleApplication@3a7ee656
reloadAllAccessors: .matrixType

===========================================================================================
----------------- testing Sat Nov 10 02:41:20 UTC 2018 /home/travis/build/icyphy/ptII/ptolemy/actor/lib/test/auto/matrixType10.xml
----------------- Instantiating /home/travis/build/icyphy/ptII/ptolemy/actor/lib/test/auto/matrixType10.xml
2 ms. Memory: 1410560K Free: 1068508K (76%)
----------------- Invoking toplevel() on ptolemy.moml.MoMLSimpleApplication@3dbb7642
----------------- Done invoking toplevel() on ptolemy.moml.MoMLSimpleApplication@3dbb7642
reloadAllAccessors: .matrixType10

===========================================================================================
----------------- testing Sat Nov 10 02:41:20 UTC 2018 /home/travis/build/icyphy/ptII/ptolemy/actor/lib/test/auto/matrixType11.xml
----------------- Instantiating /home/travis/build/icyphy/ptII/ptolemy/actor/lib/test/auto/matrixType11.xml
1 ms. Memory: 1410560K Free: 1051871K (75%)
----------------- Invoking toplevel() on ptolemy.moml.MoMLSimpleApplication@6d169555
----------------- Done invoking toplevel() on ptolemy.moml.MoMLSimpleApplication@6d169555
reloadAllAccessors: .matrixType11

===========================================================================================
----------------- testing Sat Nov 10 02:41:20 UTC 2018 /home/travis/build/icyphy/ptII/ptolemy/actor/lib/test/auto/matrixType12.xml
----------------- Instantiating /home/travis/build/icyphy/ptII/ptolemy/actor/lib/test/auto/matrixType12.xml
1 ms. Memory: 1410560K Free: 1035236K (73%)
----------------- Invoking toplevel() on ptolemy.moml.MoMLSimpleApplication@16594596
----------------- Done invoking toplevel() on ptolemy.moml.MoMLSimpleApplication@16594596
reloadAllAccessors: .matrixType12

===========================================================================================
----------------- testing Sat Nov 10 02:41:20 UTC 2018 /home/travis/build/icyphy/ptII/ptolemy/actor/lib/test/auto/matrixType13.xml
----------------- Instantiating /home/travis/build/icyphy/ptII/ptolemy/actor/lib/test/auto/matrixType13.xml
2 ms. Memory: 1410560K Free: 1018600K (72%)
----------------- Invoking toplevel() on ptolemy.moml.MoMLSimpleApplication@5ab6c27f
----------------- Done invoking toplevel() on ptolemy.moml.MoMLSimpleApplication@5ab6c27f
reloadAllAccessors: .matrixType13

===========================================================================================
----------------- testing Sat Nov 10 02:41:20 UTC 2018 /home/travis/build/icyphy/ptII/ptolemy/actor/lib/test/auto/matrixType14.xml
----------------- Instantiating /home/travis/build/icyphy/ptII/ptolemy/actor/lib/test/auto/matrixType14.xml
1 ms. Memory: 1410560K Free: 1005569K (71%)
----------------- Invoking toplevel() on ptolemy.moml.MoMLSimpleApplication@386b395c
----------------- Done invoking toplevel() on ptolemy.moml.MoMLSimpleApplication@386b395c
reloadAllAccessors: .matrixType14

===========================================================================================
----------------- testing Sat Nov 10 02:41:20 UTC 2018 /home/travis/build/icyphy/ptII/ptolemy/actor/lib/test/auto/matrixType2.xml
----------------- Instantiating /home/travis/build/icyphy/ptII/ptolemy/actor/lib/test/auto/matrixType2.xml
1 ms. Memory: 1410560K Free: 988933K (70%)
----------------- Invoking toplevel() on ptolemy.moml.MoMLSimpleApplication@5037c9c8
----------------- Done invoking toplevel() on ptolemy.moml.MoMLSimpleApplication@5037c9c8
reloadAllAccessors: .matrixType2

===========================================================================================
----------------- testing Sat Nov 10 02:41:20 UTC 2018 /home/travis/build/icyphy/ptII/ptolemy/actor/lib/test/auto/matrixType3.xml
----------------- Instantiating /home/travis/build/icyphy/ptII/ptolemy/actor/lib/test/auto/matrixType3.xml
3 ms. Memory: 1410560K Free: 972297K (69%)
----------------- Invoking toplevel() on ptolemy.moml.MoMLSimpleApplication@49653c3d
----------------- Done invoking toplevel() on ptolemy.moml.MoMLSimpleApplication@49653c3d
reloadAllAccessors: .matrixType3

===========================================================================================
----------------- testing Sat Nov 10 02:41:20 UTC 2018 /home/travis/build/icyphy/ptII/ptolemy/actor/lib/test/auto/matrixType4.xml
----------------- Instantiating /home/travis/build/icyphy/ptII/ptolemy/actor/lib/test/auto/matrixType4.xml
2 ms. Memory: 1410560K Free: 959267K (68%)
----------------- Invoking toplevel() on ptolemy.moml.MoMLSimpleApplication@6a955500
----------------- Done invoking toplevel() on ptolemy.moml.MoMLSimpleApplication@6a955500
reloadAllAccessors: .matrixType4

===========================================================================================
----------------- testing Sat Nov 10 02:41:20 UTC 2018 /home/travis/build/icyphy/ptII/ptolemy/actor/lib/test/auto/matrixType5.xml
----------------- Instantiating /home/travis/build/icyphy/ptII/ptolemy/actor/lib/test/auto/matrixType5.xml
1 ms. Memory: 1410560K Free: 942631K (67%)
----------------- Invoking toplevel() on ptolemy.moml.MoMLSimpleApplication@7ae0780d
----------------- Done invoking toplevel() on ptolemy.moml.MoMLSimpleApplication@7ae0780d
reloadAllAccessors: .matrixType5

===========================================================================================
----------------- testing Sat Nov 10 02:41:20 UTC 2018 /home/travis/build/icyphy/ptII/ptolemy/actor/lib/test/auto/matrixType6.xml
----------------- Instantiating /home/travis/build/icyphy/ptII/ptolemy/actor/lib/test/auto/matrixType6.xml
1 ms. Memory: 1410560K Free: 925995K (66%)
----------------- Invoking toplevel() on ptolemy.moml.MoMLSimpleApplication@6ed1fc30
----------------- Done invoking toplevel() on ptolemy.moml.MoMLSimpleApplication@6ed1fc30
reloadAllAccessors: .matrixType6

===========================================================================================
----------------- testing Sat Nov 10 02:41:20 UTC 2018 /home/travis/build/icyphy/ptII/ptolemy/actor/lib/test/auto/matrixType7.xml
----------------- Instantiating /home/travis/build/icyphy/ptII/ptolemy/actor/lib/test/auto/matrixType7.xml
1 ms. Memory: 1410560K Free: 909359K (64%)
----------------- Invoking toplevel() on ptolemy.moml.MoMLSimpleApplication@658f2507
----------------- Done invoking toplevel() on ptolemy.moml.MoMLSimpleApplication@658f2507
reloadAllAccessors: .matrixType7

===========================================================================================
----------------- testing Sat Nov 10 02:41:20 UTC 2018 /home/travis/build/icyphy/ptII/ptolemy/actor/lib/test/auto/matrixType8.xml
----------------- Instantiating /home/travis/build/icyphy/ptII/ptolemy/actor/lib/test/auto/matrixType8.xml
1 ms. Memory: 1410560K Free: 896329K (64%)
----------------- Invoking toplevel() on ptolemy.moml.MoMLSimpleApplication@1e3e2abf
----------------- Done invoking toplevel() on ptolemy.moml.MoMLSimpleApplication@1e3e2abf
reloadAllAccessors: .matrixType8

===========================================================================================
----------------- testing Sat Nov 10 02:41:20 UTC 2018 /home/travis/build/icyphy/ptII/ptolemy/actor/lib/test/auto/matrixType9.xml
----------------- Instantiating /home/travis/build/icyphy/ptII/ptolemy/actor/lib/test/auto/matrixType9.xml
1 ms. Memory: 1410560K Free: 879693K (62%)
----------------- Invoking toplevel() on ptolemy.moml.MoMLSimpleApplication@12be3ebf
----------------- Done invoking toplevel() on ptolemy.moml.MoMLSimpleApplication@12be3ebf
reloadAllAccessors: .matrixType9

===========================================================================================
----------------- testing Sat Nov 10 02:41:20 UTC 2018 /home/travis/build/icyphy/ptII/ptolemy/actor/lib/test/auto/paraFunctest.xml
----------------- Instantiating /home/travis/build/icyphy/ptII/ptolemy/actor/lib/test/auto/paraFunctest.xml
1 ms. Memory: 1410560K Free: 863057K (61%)
----------------- Invoking toplevel() on ptolemy.moml.MoMLSimpleApplication@60180e2
----------------- Done invoking toplevel() on ptolemy.moml.MoMLSimpleApplication@60180e2
reloadAllAccessors: .paraFunctest

===========================================================================================
----------------- testing Sat Nov 10 02:41:20 UTC 2018 /home/travis/build/icyphy/ptII/ptolemy/actor/lib/test/auto/paraFunctest2.xml
----------------- Instantiating /home/travis/build/icyphy/ptII/ptolemy/actor/lib/test/auto/paraFunctest2.xml
2 ms. Memory: 1410560K Free: 846421K (60%)
----------------- Invoking toplevel() on ptolemy.moml.MoMLSimpleApplication@1e3bee8f
----------------- Done invoking toplevel() on ptolemy.moml.MoMLSimpleApplication@1e3bee8f
reloadAllAccessors: .paraFunctest2

===========================================================================================
----------------- testing Sat Nov 10 02:41:20 UTC 2018 /home/travis/build/icyphy/ptII/ptolemy/actor/lib/test/auto/parameterPassing.xml
----------------- Instantiating /home/travis/build/icyphy/ptII/ptolemy/actor/lib/test/auto/parameterPassing.xml
1 ms. Memory: 1410560K Free: 833391K (59%)
----------------- Invoking toplevel() on ptolemy.moml.MoMLSimpleApplication@5c8cdf20
----------------- Done invoking toplevel() on ptolemy.moml.MoMLSimpleApplication@5c8cdf20
reloadAllAccessors: .parameterPassing

===========================================================================================
----------------- testing Sat Nov 10 02:41:20 UTC 2018 /home/travis/build/icyphy/ptII/ptolemy/actor/lib/test/auto/record.xml
----------------- Instantiating /home/travis/build/icyphy/ptII/ptolemy/actor/lib/test/auto/record.xml
2 ms. Memory: 1410560K Free: 816755K (58%)
----------------- Invoking toplevel() on ptolemy.moml.MoMLSimpleApplication@6c6cd2ef
----------------- Done invoking toplevel() on ptolemy.moml.MoMLSimpleApplication@6c6cd2ef
reloadAllAccessors: .record

===========================================================================================
----------------- testing Sat Nov 10 02:41:20 UTC 2018 /home/travis/build/icyphy/ptII/ptolemy/actor/lib/test/auto/sizedarray1.xml
----------------- Instantiating /home/travis/build/icyphy/ptII/ptolemy/actor/lib/test/auto/sizedarray1.xml
1 ms. Memory: 1410560K Free: 800119K (57%)
----------------- Invoking toplevel() on ptolemy.moml.MoMLSimpleApplication@483c1b6b
----------------- Done invoking toplevel() on ptolemy.moml.MoMLSimpleApplication@483c1b6b
reloadAllAccessors: .sizedarray1

===========================================================================================
----------------- testing Sat Nov 10 02:41:20 UTC 2018 /home/travis/build/icyphy/ptII/ptolemy/actor/lib/test/auto/sizedarray2.xml
----------------- Instantiating /home/travis/build/icyphy/ptII/ptolemy/actor/lib/test/auto/sizedarray2.xml
2 ms. Memory: 1410560K Free: 787089K (56%)
----------------- Invoking toplevel() on ptolemy.moml.MoMLSimpleApplication@3a6ee29c
----------------- Done invoking toplevel() on ptolemy.moml.MoMLSimpleApplication@3a6ee29c
reloadAllAccessors: .sizedarray2

===========================================================================================
----------------- testing Sat Nov 10 02:41:20 UTC 2018 /home/travis/build/icyphy/ptII/ptolemy/actor/lib/test/auto/twoPublishers.xml
----------------- Instantiating /home/travis/build/icyphy/ptII/ptolemy/actor/lib/test/auto/twoPublishers.xml
4 ms. Memory: 1410560K Free: 763922K (54%)
----------------- Invoking toplevel() on ptolemy.moml.MoMLSimpleApplication@71395918
----------------- Done invoking toplevel() on ptolemy.moml.MoMLSimpleApplication@71395918
reloadAllAccessors: .twoPublishers
AutoTests.java: About to close Vertx.
AutoTests.java: Vertx closed.
]]></system-out>
  <system-err><![CDATA[java.lang.RuntimeException: Execution failed
	at ptolemy.moml.MoMLSimpleApplication$UnloadThread.run(MoMLSimpleApplication.java:402)
Caused by: java.lang.RuntimeException: Normally, we would exit here because Manager.exitAfterWrapup() was called.  However, because the ptolemy.ptII.exitAfterWrapup property is set, we throw this exception instead.
	at ptolemy.util.StringUtilities.exit(StringUtilities.java:363)
	at ptolemy.actor.Manager.wrapup(Manager.java:1531)
	at ptolemy.actor.Manager.execute(Manager.java:407)
	at ptolemy.actor.Manager.run(Manager.java:1263)
	at ptolemy.actor.Manager$PtolemyRunThread.run(Manager.java:1915)
Warning: '.top.test' is in training mode, set the trainingMode parameter to false before checking in
Warning: '.top.test' is in training mode, set the trainingMode parameter to false before checking in
Warning: '.top.test' is in training mode, set the trainingMode parameter to false before checking in
Warning: '.BooleanSwitch_RegressionTest_WrongTrainingValues.Test' is in training mode, set the trainingMode parameter to false before checking in
Warning: '.BooleanSwitch_RegressionTest_WrongTrainingValues.Test2' is in training mode, set the trainingMode parameter to false before checking in
Warning: '.BooleanSwitch_RegressionTest_WrongTrainingValues.Test2' The test produced 0 tokens.
Warning: '.top.testExceptionHandler' is in training mode, set the trainingMode parameter to false before checking in
java.lang.RuntimeException: Execution failed
	at ptolemy.moml.MoMLSimpleApplication$UnloadThread.run(MoMLSimpleApplication.java:402)
Caused by: ptolemy.kernel.util.IllegalActionException: PublisherPorts cannot be used at the top level, use a Publisher actor instead.
  in .PublisherPortToplevelSubscriber.PublisherPort
	at ptolemy.actor.PublisherPort.preinitialize(PublisherPort.java:403)
	at ptolemy.actor.CompositeActor.preinitialize(CompositeActor.java:1769)
	at ptolemy.actor.Manager.preinitializeAndResolveTypes(Manager.java:1040)
	at ptolemy.actor.Manager.initialize(Manager.java:710)
	at ptolemy.actor.Manager.execute(Manager.java:356)
	at ptolemy.actor.Manager.run(Manager.java:1263)
	at ptolemy.actor.Manager$PtolemyRunThread.run(Manager.java:1915)
java.lang.reflect.InvocationTargetException
	at sun.reflect.NativeConstructorAccessorImpl.newInstance0(Native Method)
	at sun.reflect.NativeConstructorAccessorImpl.newInstance(NativeConstructorAccessorImpl.java:62)
	at sun.reflect.DelegatingConstructorAccessorImpl.newInstance(DelegatingConstructorAccessorImpl.java:45)
	at java.lang.reflect.Constructor.newInstance(Constructor.java:423)
	at ptolemy.util.test.junit.AutoKnownFailedTests.RunModel(AutoKnownFailedTests.java:105)
	at sun.reflect.NativeMethodAccessorImpl.invoke0(Native Method)
	at sun.reflect.NativeMethodAccessorImpl.invoke(NativeMethodAccessorImpl.java:62)
	at sun.reflect.DelegatingMethodAccessorImpl.invoke(DelegatingMethodAccessorImpl.java:43)
	at java.lang.reflect.Method.invoke(Method.java:498)
	at org.junit.runners.model.FrameworkMethod$1.runReflectiveCall(FrameworkMethod.java:44)
	at org.junit.internal.runners.model.ReflectiveCallable.run(ReflectiveCallable.java:15)
	at org.junit.runners.model.FrameworkMethod.invokeExplosively(FrameworkMethod.java:41)
	at junitparams.internal.InvokeParameterisedMethod.evaluate(InvokeParameterisedMethod.java:102)
	at org.junit.internal.runners.statements.FailOnTimeout$1.run(FailOnTimeout.java:28)
Caused by: ptolemy.kernel.util.IllegalActionException: PublisherPorts cannot be used at the top level, use a Publisher actor instead.
  in .PublisherPortToplevelSubscriber.PublisherPort
	at ptolemy.actor.PublisherPort.preinitialize(PublisherPort.java:403)
	at ptolemy.actor.CompositeActor.preinitialize(CompositeActor.java:1769)
	at ptolemy.actor.Manager.preinitializeAndResolveTypes(Manager.java:1040)
	at ptolemy.actor.Manager.initialize(Manager.java:710)
	at ptolemy.actor.Manager.execute(Manager.java:356)
	at ptolemy.actor.Manager.run(Manager.java:1263)
	at ptolemy.actor.Manager$PtolemyRunThread.run(Manager.java:1915)
java.lang.RuntimeException: Execution failed
	at ptolemy.moml.MoMLSimpleApplication$UnloadThread.run(MoMLSimpleApplication.java:402)
Caused by: ptolemy.kernel.util.IllegalActionException: SubscriberPorts cannot be used at the top level, use a Subscriber actor instead.
  in .PublisherSubscriberPortToplevel.SubscriberPort
	at ptolemy.actor.SubscriberPort.preinitialize(SubscriberPort.java:328)
	at ptolemy.actor.CompositeActor.preinitialize(CompositeActor.java:1769)
	at ptolemy.actor.Manager.preinitializeAndResolveTypes(Manager.java:1040)
	at ptolemy.actor.Manager.initialize(Manager.java:710)
	at ptolemy.actor.Manager.execute(Manager.java:356)
	at ptolemy.actor.Manager.run(Manager.java:1263)
	at ptolemy.actor.Manager$PtolemyRunThread.run(Manager.java:1915)
java.lang.reflect.InvocationTargetException
	at sun.reflect.NativeConstructorAccessorImpl.newInstance0(Native Method)
	at sun.reflect.NativeConstructorAccessorImpl.newInstance(NativeConstructorAccessorImpl.java:62)
	at sun.reflect.DelegatingConstructorAccessorImpl.newInstance(DelegatingConstructorAccessorImpl.java:45)
	at java.lang.reflect.Constructor.newInstance(Constructor.java:423)
	at ptolemy.util.test.junit.AutoKnownFailedTests.RunModel(AutoKnownFailedTests.java:105)
	at sun.reflect.NativeMethodAccessorImpl.invoke0(Native Method)
	at sun.reflect.NativeMethodAccessorImpl.invoke(NativeMethodAccessorImpl.java:62)
	at sun.reflect.DelegatingMethodAccessorImpl.invoke(DelegatingMethodAccessorImpl.java:43)
	at java.lang.reflect.Method.invoke(Method.java:498)
	at org.junit.runners.model.FrameworkMethod$1.runReflectiveCall(FrameworkMethod.java:44)
	at org.junit.internal.runners.model.ReflectiveCallable.run(ReflectiveCallable.java:15)
	at org.junit.runners.model.FrameworkMethod.invokeExplosively(FrameworkMethod.java:41)
	at junitparams.internal.InvokeParameterisedMethod.evaluate(InvokeParameterisedMethod.java:102)
	at org.junit.internal.runners.statements.FailOnTimeout$1.run(FailOnTimeout.java:28)
Caused by: ptolemy.kernel.util.IllegalActionException: SubscriberPorts cannot be used at the top level, use a Subscriber actor instead.
  in .PublisherSubscriberPortToplevel.SubscriberPort
	at ptolemy.actor.SubscriberPort.preinitialize(SubscriberPort.java:328)
	at ptolemy.actor.CompositeActor.preinitialize(CompositeActor.java:1769)
	at ptolemy.actor.Manager.preinitializeAndResolveTypes(Manager.java:1040)
	at ptolemy.actor.Manager.initialize(Manager.java:710)
	at ptolemy.actor.Manager.execute(Manager.java:356)
	at ptolemy.actor.Manager.run(Manager.java:1263)
	at ptolemy.actor.Manager$PtolemyRunThread.run(Manager.java:1915)
java.lang.RuntimeException: Execution failed
	at ptolemy.moml.MoMLSimpleApplication$UnloadThread.run(MoMLSimpleApplication.java:402)
Caused by: ptolemy.kernel.util.IllegalActionException: SubscriptionAggregatorPorts cannot be used at the top level, use a SubscriptionAggregator actor instead.
  in .PublisherSubscriptionAggregatorPort.SubscriptionAggregatorPort
	at ptolemy.actor.SubscriptionAggregatorPort.preinitialize(SubscriptionAggregatorPort.java:353)
	at ptolemy.actor.CompositeActor.preinitialize(CompositeActor.java:1769)
	at ptolemy.actor.Manager.preinitializeAndResolveTypes(Manager.java:1040)
	at ptolemy.actor.Manager.initialize(Manager.java:710)
	at ptolemy.actor.Manager.execute(Manager.java:356)
	at ptolemy.actor.Manager.run(Manager.java:1263)
	at ptolemy.actor.Manager$PtolemyRunThread.run(Manager.java:1915)
java.lang.reflect.InvocationTargetException
	at sun.reflect.NativeConstructorAccessorImpl.newInstance0(Native Method)
	at sun.reflect.NativeConstructorAccessorImpl.newInstance(NativeConstructorAccessorImpl.java:62)
	at sun.reflect.DelegatingConstructorAccessorImpl.newInstance(DelegatingConstructorAccessorImpl.java:45)
	at java.lang.reflect.Constructor.newInstance(Constructor.java:423)
	at ptolemy.util.test.junit.AutoKnownFailedTests.RunModel(AutoKnownFailedTests.java:105)
	at sun.reflect.NativeMethodAccessorImpl.invoke0(Native Method)
	at sun.reflect.NativeMethodAccessorImpl.invoke(NativeMethodAccessorImpl.java:62)
	at sun.reflect.DelegatingMethodAccessorImpl.invoke(DelegatingMethodAccessorImpl.java:43)
	at java.lang.reflect.Method.invoke(Method.java:498)
	at org.junit.runners.model.FrameworkMethod$1.runReflectiveCall(FrameworkMethod.java:44)
	at org.junit.internal.runners.model.ReflectiveCallable.run(ReflectiveCallable.java:15)
	at org.junit.runners.model.FrameworkMethod.invokeExplosively(FrameworkMethod.java:41)
	at junitparams.internal.InvokeParameterisedMethod.evaluate(InvokeParameterisedMethod.java:102)
	at org.junit.internal.runners.statements.FailOnTimeout$1.run(FailOnTimeout.java:28)
Caused by: ptolemy.kernel.util.IllegalActionException: SubscriptionAggregatorPorts cannot be used at the top level, use a SubscriptionAggregator actor instead.
  in .PublisherSubscriptionAggregatorPort.SubscriptionAggregatorPort
	at ptolemy.actor.SubscriptionAggregatorPort.preinitialize(SubscriptionAggregatorPort.java:353)
	at ptolemy.actor.CompositeActor.preinitialize(CompositeActor.java:1769)
	at ptolemy.actor.Manager.preinitializeAndResolveTypes(Manager.java:1040)
	at ptolemy.actor.Manager.initialize(Manager.java:710)
	at ptolemy.actor.Manager.execute(Manager.java:356)
	at ptolemy.actor.Manager.run(Manager.java:1263)
	at ptolemy.actor.Manager$PtolemyRunThread.run(Manager.java:1915)
java.lang.RuntimeException: Execution failed
	at ptolemy.moml.MoMLSimpleApplication$UnloadThread.run(MoMLSimpleApplication.java:402)
Caused by: ptolemy.kernel.util.IllegalActionException: TypeTest actor has no training data.
  in .sizedarray3.TypeTest
	at ptolemy.actor.lib.TypeTest.initialize(TypeTest.java:250)
	at ptolemy.actor.Director.initialize(Director.java:938)
	at ptolemy.actor.Director.initialize(Director.java:907)
	at ptolemy.actor.sched.StaticSchedulingDirector.initialize(StaticSchedulingDirector.java:159)
	at ptolemy.domains.sdf.kernel.SDFDirector.initialize(SDFDirector.java:544)
	at ptolemy.actor.CompositeActor.initialize(CompositeActor.java:935)
	at ptolemy.actor.Manager.initialize(Manager.java:724)
	at ptolemy.actor.Manager.execute(Manager.java:356)
	at ptolemy.actor.Manager.run(Manager.java:1263)
	at ptolemy.actor.Manager$PtolemyRunThread.run(Manager.java:1915)
java.lang.reflect.InvocationTargetException
	at sun.reflect.NativeConstructorAccessorImpl.newInstance0(Native Method)
	at sun.reflect.NativeConstructorAccessorImpl.newInstance(NativeConstructorAccessorImpl.java:62)
	at sun.reflect.DelegatingConstructorAccessorImpl.newInstance(DelegatingConstructorAccessorImpl.java:45)
	at java.lang.reflect.Constructor.newInstance(Constructor.java:423)
	at ptolemy.util.test.junit.AutoKnownFailedTests.RunModel(AutoKnownFailedTests.java:105)
	at sun.reflect.NativeMethodAccessorImpl.invoke0(Native Method)
	at sun.reflect.NativeMethodAccessorImpl.invoke(NativeMethodAccessorImpl.java:62)
	at sun.reflect.DelegatingMethodAccessorImpl.invoke(DelegatingMethodAccessorImpl.java:43)
	at java.lang.reflect.Method.invoke(Method.java:498)
	at org.junit.runners.model.FrameworkMethod$1.runReflectiveCall(FrameworkMethod.java:44)
	at org.junit.internal.runners.model.ReflectiveCallable.run(ReflectiveCallable.java:15)
	at org.junit.runners.model.FrameworkMethod.invokeExplosively(FrameworkMethod.java:41)
	at junitparams.internal.InvokeParameterisedMethod.evaluate(InvokeParameterisedMethod.java:102)
	at org.junit.internal.runners.statements.FailOnTimeout$1.run(FailOnTimeout.java:28)
Caused by: ptolemy.kernel.util.IllegalActionException: TypeTest actor has no training data.
  in .sizedarray3.TypeTest
	at ptolemy.actor.lib.TypeTest.initialize(TypeTest.java:250)
	at ptolemy.actor.Director.initialize(Director.java:938)
	at ptolemy.actor.Director.initialize(Director.java:907)
	at ptolemy.actor.sched.StaticSchedulingDirector.initialize(StaticSchedulingDirector.java:159)
	at ptolemy.domains.sdf.kernel.SDFDirector.initialize(SDFDirector.java:544)
	at ptolemy.actor.CompositeActor.initialize(CompositeActor.java:935)
	at ptolemy.actor.Manager.initialize(Manager.java:724)
	at ptolemy.actor.Manager.execute(Manager.java:356)
	at ptolemy.actor.Manager.run(Manager.java:1263)
	at ptolemy.actor.Manager$PtolemyRunThread.run(Manager.java:1915)
ptolemy.kernel.util.InternalErrorException: Exec Stdout Gobbler-0: Failed while reading from java.lang.UNIXProcess$ProcessPipeInputStream@1ec3fffa. To avoid this, try setting the ignoreIOExceptionReadErrors parameter to true.null
  in .Exec.Exec
Because:
Stream closed
	at ptolemy.actor.lib.Exec$_StreamReaderThread._read(Exec.java:762)
	at ptolemy.actor.lib.Exec$_StreamReaderThread.run(Exec.java:706)
Caused by: java.io.IOException: Stream closed
	at sun.nio.cs.StreamDecoder.ensureOpen(StreamDecoder.java:46)
	at sun.nio.cs.StreamDecoder.read(StreamDecoder.java:148)
	at java.io.InputStreamReader.read(InputStreamReader.java:184)
	at ptolemy.actor.lib.Exec$_StreamReaderThread._read(Exec.java:724)
	... 1 more
Caused by: java.io.IOException: Stream closed
	at sun.nio.cs.StreamDecoder.ensureOpen(StreamDecoder.java:46)
	at sun.nio.cs.StreamDecoder.read(StreamDecoder.java:148)
	at java.io.InputStreamReader.read(InputStreamReader.java:184)
	at ptolemy.actor.lib.Exec$_StreamReaderThread._read(Exec.java:724)
	at ptolemy.actor.lib.Exec$_StreamReaderThread.run(Exec.java:706)
]]></system-err>
</testsuite>
